<?xml version="1.0" encoding="UTF-8"?>
<testsuite xmlns:xsi="http://www.w3.org/2001/XMLSchema-instance" xsi:noNamespaceSchemaLocation="https://maven.apache.org/surefire/maven-surefire-plugin/xsd/surefire-test-report.xsd" name="org.apache.hadoop.ozone.client.rpc.TestBlockOutputStreamWithFailures" time="674.729" tests="8" errors="0" skipped="0" failures="2">
  <properties>
    <property name="awt.toolkit" value="sun.awt.X11.XToolkit"/>
    <property name="file.encoding.pkg" value="sun.io"/>
    <property name="java.specification.version" value="1.8"/>
    <property name="sun.cpu.isalist" value=""/>
    <property name="sun.jnu.encoding" value="UTF-8"/>
    <property name="java.class.path" value="/workdir/hadoop-ozone/integration-test/target/test-classes:/workdir/hadoop-ozone/integration-test/target/classes:/home/user/.m2/repository/org/apache/hadoop/hadoop-ozone-common/0.5.0-SNAPSHOT/hadoop-ozone-common-0.5.0-SNAPSHOT.jar:/home/user/.m2/repository/org/apache/commons/commons-compress/1.4.1/commons-compress-1.4.1.jar:/home/user/.m2/repository/org/tukaani/xz/1.0/xz-1.0.jar:/home/user/.m2/repository/org/apache/hadoop/hadoop-common/3.2.0/hadoop-common-3.2.0.jar:/home/user/.m2/repository/org/apache/hadoop/hadoop-hdfs/3.2.0/hadoop-hdfs-3.2.0.jar:/home/user/.m2/repository/org/apache/hadoop/hadoop-hdfs-client/3.2.0/hadoop-hdfs-client-3.2.0.jar:/home/user/.m2/repository/com/fasterxml/jackson/core/jackson-annotations/2.9.5/jackson-annotations-2.9.5.jar:/home/user/.m2/repository/org/apache/hadoop/hadoop-hdds-common/0.5.0-SNAPSHOT/hadoop-hdds-common-0.5.0-SNAPSHOT.jar:/home/user/.m2/repository/javax/annotation/javax.annotation-api/1.2/javax.annotation-api-1.2.jar:/home/user/.m2/repository/org/apache/ratis/ratis-server/0.4.0-2337318-SNAPSHOT/ratis-server-0.4.0-2337318-SNAPSHOT.jar:/home/user/.m2/repository/org/apache/ratis/ratis-thirdparty-misc/0.2.0/ratis-thirdparty-misc-0.2.0.jar:/home/user/.m2/repository/org/apache/ratis/ratis-proto/0.4.0-2337318-SNAPSHOT/ratis-proto-0.4.0-2337318-SNAPSHOT.jar:/home/user/.m2/repository/org/apache/ratis/ratis-common/0.4.0-2337318-SNAPSHOT/ratis-common-0.4.0-2337318-SNAPSHOT.jar:/home/user/.m2/repository/org/apache/ratis/ratis-client/0.4.0-2337318-SNAPSHOT/ratis-client-0.4.0-2337318-SNAPSHOT.jar:/home/user/.m2/repository/org/apache/ratis/ratis-metrics/0.4.0-2337318-SNAPSHOT/ratis-metrics-0.4.0-2337318-SNAPSHOT.jar:/home/user/.m2/repository/org/apache/ratis/ratis-netty/0.4.0-2337318-SNAPSHOT/ratis-netty-0.4.0-2337318-SNAPSHOT.jar:/home/user/.m2/repository/org/apache/ratis/ratis-grpc/0.4.0-2337318-SNAPSHOT/ratis-grpc-0.4.0-2337318-SNAPSHOT.jar:/home/user/.m2/repository/org/rocksdb/rocksdbjni/6.0.1/rocksdbjni-6.0.1.jar:/home/user/.m2/repository/org/apache/logging/log4j/log4j-api/2.11.0/log4j-api-2.11.0.jar:/home/user/.m2/repository/org/apache/logging/log4j/log4j-core/2.11.0/log4j-core-2.11.0.jar:/home/user/.m2/repository/com/lmax/disruptor/3.4.2/disruptor-3.4.2.jar:/home/user/.m2/repository/org/apache/commons/commons-pool2/2.6.0/commons-pool2-2.6.0.jar:/home/user/.m2/repository/org/bouncycastle/bcpkix-jdk15on/1.60/bcpkix-jdk15on-1.60.jar:/home/user/.m2/repository/commons-validator/commons-validator/1.6/commons-validator-1.6.jar:/home/user/.m2/repository/commons-digester/commons-digester/1.8.1/commons-digester-1.8.1.jar:/home/user/.m2/repository/io/jaegertracing/jaeger-client/0.33.1/jaeger-client-0.33.1.jar:/home/user/.m2/repository/io/jaegertracing/jaeger-thrift/0.33.1/jaeger-thrift-0.33.1.jar:/home/user/.m2/repository/org/apache/thrift/libthrift/0.11.0/libthrift-0.11.0.jar:/home/user/.m2/repository/com/squareup/okhttp3/okhttp/3.9.0/okhttp-3.9.0.jar:/home/user/.m2/repository/com/squareup/okio/okio/1.13.0/okio-1.13.0.jar:/home/user/.m2/repository/io/jaegertracing/jaeger-core/0.33.1/jaeger-core-0.33.1.jar:/home/user/.m2/repository/io/jaegertracing/jaeger-tracerresolver/0.33.1/jaeger-tracerresolver-0.33.1.jar:/home/user/.m2/repository/io/opentracing/contrib/opentracing-tracerresolver/0.1.5/opentracing-tracerresolver-0.1.5.jar:/home/user/.m2/repository/io/opentracing/opentracing-util/0.31.0/opentracing-util-0.31.0.jar:/home/user/.m2/repository/io/opentracing/opentracing-api/0.31.0/opentracing-api-0.31.0.jar:/home/user/.m2/repository/io/opentracing/opentracing-noop/0.31.0/opentracing-noop-0.31.0.jar:/home/user/.m2/repository/org/apache/hadoop/hadoop-hdds-server-framework/0.5.0-SNAPSHOT/hadoop-hdds-server-framework-0.5.0-SNAPSHOT.jar:/home/user/.m2/repository/org/apache/hadoop/hadoop-hdds-container-service/0.5.0-SNAPSHOT/hadoop-hdds-container-service-0.5.0-SNAPSHOT.jar:/home/user/.m2/repository/org/apache/hadoop/hadoop-hdds-client/0.5.0-SNAPSHOT/hadoop-hdds-client-0.5.0-SNAPSHOT.jar:/home/user/.m2/repository/org/apache/hadoop/hadoop-hdds-tools/0.5.0-SNAPSHOT/hadoop-hdds-tools-0.5.0-SNAPSHOT.jar:/home/user/.m2/repository/org/apache/hadoop/hadoop-hdds-server-scm/0.5.0-SNAPSHOT/hadoop-hdds-server-scm-0.5.0-SNAPSHOT.jar:/home/user/.m2/repository/org/apache/hadoop/hadoop-hdds-docs/0.5.0-SNAPSHOT/hadoop-hdds-docs-0.5.0-SNAPSHOT.jar:/home/user/.m2/repository/io/dropwizard/metrics/metrics-core/3.2.4/metrics-core-3.2.4.jar:/home/user/.m2/repository/org/hamcrest/hamcrest-all/1.3/hamcrest-all-1.3.jar:/home/user/.m2/repository/org/bouncycastle/bcprov-jdk15on/1.60/bcprov-jdk15on-1.60.jar:/home/user/.m2/repository/info/picocli/picocli/3.9.6/picocli-3.9.6.jar:/home/user/.m2/repository/com/google/protobuf/protobuf-java/2.5.0/protobuf-java-2.5.0.jar:/home/user/.m2/repository/com/google/guava/guava/11.0.2/guava-11.0.2.jar:/home/user/.m2/repository/org/apache/hadoop/hadoop-ozone-ozone-manager/0.5.0-SNAPSHOT/hadoop-ozone-ozone-manager-0.5.0-SNAPSHOT.jar:/home/user/.m2/repository/org/apache/hadoop/hadoop-minikdc/3.2.0/hadoop-minikdc-3.2.0.jar:/home/user/.m2/repository/commons-io/commons-io/2.5/commons-io-2.5.jar:/home/user/.m2/repository/org/apache/kerby/kerb-simplekdc/1.0.1/kerb-simplekdc-1.0.1.jar:/home/user/.m2/repository/org/apache/kerby/kerb-client/1.0.1/kerb-client-1.0.1.jar:/home/user/.m2/repository/org/apache/kerby/kerby-config/1.0.1/kerby-config-1.0.1.jar:/home/user/.m2/repository/org/apache/kerby/kerb-core/1.0.1/kerb-core-1.0.1.jar:/home/user/.m2/repository/org/apache/kerby/kerby-pkix/1.0.1/kerby-pkix-1.0.1.jar:/home/user/.m2/repository/org/apache/kerby/kerby-asn1/1.0.1/kerby-asn1-1.0.1.jar:/home/user/.m2/repository/org/apache/kerby/kerby-util/1.0.1/kerby-util-1.0.1.jar:/home/user/.m2/repository/org/apache/kerby/kerb-common/1.0.1/kerb-common-1.0.1.jar:/home/user/.m2/repository/org/apache/kerby/kerb-crypto/1.0.1/kerb-crypto-1.0.1.jar:/home/user/.m2/repository/org/apache/kerby/kerb-util/1.0.1/kerb-util-1.0.1.jar:/home/user/.m2/repository/org/apache/kerby/token-provider/1.0.1/token-provider-1.0.1.jar:/home/user/.m2/repository/org/apache/kerby/kerb-admin/1.0.1/kerb-admin-1.0.1.jar:/home/user/.m2/repository/org/apache/kerby/kerb-server/1.0.1/kerb-server-1.0.1.jar:/home/user/.m2/repository/org/apache/kerby/kerb-identity/1.0.1/kerb-identity-1.0.1.jar:/home/user/.m2/repository/org/apache/kerby/kerby-xdr/1.0.1/kerby-xdr-1.0.1.jar:/home/user/.m2/repository/org/slf4j/slf4j-log4j12/1.7.25/slf4j-log4j12-1.7.25.jar:/home/user/.m2/repository/org/apache/hadoop/hadoop-ozone-s3gateway/0.5.0-SNAPSHOT/hadoop-ozone-s3gateway-0.5.0-SNAPSHOT.jar:/home/user/.m2/repository/org/jboss/weld/servlet/weld-servlet/2.4.7.Final/weld-servlet-2.4.7.Final.jar:/home/user/.m2/repository/org/glassfish/jersey/containers/jersey-container-servlet-core/2.27/jersey-container-servlet-core-2.27.jar:/home/user/.m2/repository/org/glassfish/hk2/external/javax.inject/2.5.0-b42/javax.inject-2.5.0-b42.jar:/home/user/.m2/repository/org/glassfish/jersey/core/jersey-common/2.27/jersey-common-2.27.jar:/home/user/.m2/repository/org/glassfish/hk2/osgi-resource-locator/1.0.1/osgi-resource-locator-1.0.1.jar:/home/user/.m2/repository/javax/ws/rs/javax.ws.rs-api/2.1/javax.ws.rs-api-2.1.jar:/home/user/.m2/repository/org/glassfish/jersey/ext/cdi/jersey-cdi1x/2.27/jersey-cdi1x-2.27.jar:/home/user/.m2/repository/org/glassfish/jersey/inject/jersey-hk2/2.27/jersey-hk2-2.27.jar:/home/user/.m2/repository/org/glassfish/hk2/hk2-locator/2.5.0-b42/hk2-locator-2.5.0-b42.jar:/home/user/.m2/repository/org/javassist/javassist/3.22.0-CR2/javassist-3.22.0-CR2.jar:/home/user/.m2/repository/org/glassfish/hk2/hk2-api/2.5.0/hk2-api-2.5.0.jar:/home/user/.m2/repository/org/glassfish/hk2/external/jakarta.inject/2.5.0/jakarta.inject-2.5.0.jar:/home/user/.m2/repository/org/glassfish/hk2/hk2-utils/2.5.0/hk2-utils-2.5.0.jar:/home/user/.m2/repository/jakarta/annotation/jakarta.annotation-api/1.3.4/jakarta.annotation-api-1.3.4.jar:/home/user/.m2/repository/org/glassfish/hk2/external/aopalliance-repackaged/2.5.0/aopalliance-repackaged-2.5.0.jar:/home/user/.m2/repository/com/fasterxml/jackson/dataformat/jackson-dataformat-xml/2.9.0/jackson-dataformat-xml-2.9.0.jar:/home/user/.m2/repository/com/fasterxml/jackson/core/jackson-core/2.9.5/jackson-core-2.9.5.jar:/home/user/.m2/repository/com/fasterxml/jackson/module/jackson-module-jaxb-annotations/2.9.5/jackson-module-jaxb-annotations-2.9.5.jar:/home/user/.m2/repository/javax/enterprise/cdi-api/1.2/cdi-api-1.2.jar:/home/user/.m2/repository/javax/el/javax.el-api/3.0.0/javax.el-api-3.0.0.jar:/home/user/.m2/repository/javax/interceptor/javax.interceptor-api/1.2/javax.interceptor-api-1.2.jar:/home/user/.m2/repository/javax/inject/javax.inject/1/javax.inject-1.jar:/home/user/.m2/repository/com/sun/xml/bind/jaxb-impl/2.3.0.1/jaxb-impl-2.3.0.1.jar:/home/user/.m2/repository/com/sun/xml/bind/jaxb-core/2.3.0.1/jaxb-core-2.3.0.1.jar:/home/user/.m2/repository/javax/xml/bind/jaxb-api/2.3.0/jaxb-api-2.3.0.jar:/home/user/.m2/repository/javax/activation/activation/1.1.1/activation-1.1.1.jar:/home/user/.m2/repository/org/apache/hadoop/hadoop-ozone-csi/0.5.0-SNAPSHOT/hadoop-ozone-csi-0.5.0-SNAPSHOT.jar:/home/user/.m2/repository/com/google/protobuf/protobuf-java-util/3.5.1/protobuf-java-util-3.5.1.jar:/home/user/.m2/repository/org/apache/hadoop/hadoop-hdds-config/0.5.0-SNAPSHOT/hadoop-hdds-config-0.5.0-SNAPSHOT.jar:/home/user/.m2/repository/io/grpc/grpc-netty/1.17.1/grpc-netty-1.17.1.jar:/home/user/.m2/repository/io/grpc/grpc-core/1.17.1/grpc-core-1.17.1.jar:/home/user/.m2/repository/io/grpc/grpc-context/1.17.1/grpc-context-1.17.1.jar:/home/user/.m2/repository/com/google/errorprone/error_prone_annotations/2.2.0/error_prone_annotations-2.2.0.jar:/home/user/.m2/repository/org/codehaus/mojo/animal-sniffer-annotations/1.17/animal-sniffer-annotations-1.17.jar:/home/user/.m2/repository/io/opencensus/opencensus-api/0.17.0/opencensus-api-0.17.0.jar:/home/user/.m2/repository/io/opencensus/opencensus-contrib-grpc-metrics/0.17.0/opencensus-contrib-grpc-metrics-0.17.0.jar:/home/user/.m2/repository/io/netty/netty-codec-http2/4.1.30.Final/netty-codec-http2-4.1.30.Final.jar:/home/user/.m2/repository/io/netty/netty-codec-http/4.1.30.Final/netty-codec-http-4.1.30.Final.jar:/home/user/.m2/repository/io/netty/netty-codec/4.1.30.Final/netty-codec-4.1.30.Final.jar:/home/user/.m2/repository/io/netty/netty-handler/4.1.30.Final/netty-handler-4.1.30.Final.jar:/home/user/.m2/repository/io/netty/netty-handler-proxy/4.1.30.Final/netty-handler-proxy-4.1.30.Final.jar:/home/user/.m2/repository/io/netty/netty-codec-socks/4.1.30.Final/netty-codec-socks-4.1.30.Final.jar:/home/user/.m2/repository/io/netty/netty-transport-native-epoll/4.1.30.Final/netty-transport-native-epoll-4.1.30.Final.jar:/home/user/.m2/repository/io/netty/netty-common/4.1.30.Final/netty-common-4.1.30.Final.jar:/home/user/.m2/repository/io/netty/netty-buffer/4.1.30.Final/netty-buffer-4.1.30.Final.jar:/home/user/.m2/repository/io/netty/netty-transport/4.1.30.Final/netty-transport-4.1.30.Final.jar:/home/user/.m2/repository/io/netty/netty-resolver/4.1.30.Final/netty-resolver-4.1.30.Final.jar:/home/user/.m2/repository/io/netty/netty-transport-native-unix-common/4.1.30.Final/netty-transport-native-unix-common-4.1.30.Final.jar:/home/user/.m2/repository/io/grpc/grpc-protobuf/1.17.1/grpc-protobuf-1.17.1.jar:/home/user/.m2/repository/com/google/api/grpc/proto-google-common-protos/1.0.0/proto-google-common-protos-1.0.0.jar:/home/user/.m2/repository/io/grpc/grpc-protobuf-lite/1.17.1/grpc-protobuf-lite-1.17.1.jar:/home/user/.m2/repository/io/grpc/grpc-stub/1.17.1/grpc-stub-1.17.1.jar:/home/user/.m2/repository/org/apache/hadoop/hadoop-ozone-recon/0.5.0-SNAPSHOT/hadoop-ozone-recon-0.5.0-SNAPSHOT.jar:/home/user/.m2/repository/org/apache/hadoop/hadoop-ozone-reconcodegen/0.5.0-SNAPSHOT/hadoop-ozone-reconcodegen-0.5.0-SNAPSHOT.jar:/home/user/.m2/repository/com/google/inject/extensions/guice-multibindings/4.0/guice-multibindings-4.0.jar:/home/user/.m2/repository/com/google/inject/guice/4.0/guice-4.0.jar:/home/user/.m2/repository/aopalliance/aopalliance/1.0/aopalliance-1.0.jar:/home/user/.m2/repository/com/google/inject/extensions/guice-servlet/4.0/guice-servlet-4.0.jar:/home/user/.m2/repository/org/glassfish/jersey/containers/jersey-container-servlet/2.27/jersey-container-servlet-2.27.jar:/home/user/.m2/repository/org/glassfish/hk2/guice-bridge/2.5.0/guice-bridge-2.5.0.jar:/home/user/.m2/repository/org/glassfish/jersey/core/jersey-server/2.27/jersey-server-2.27.jar:/home/user/.m2/repository/org/glassfish/jersey/core/jersey-client/2.27/jersey-client-2.27.jar:/home/user/.m2/repository/org/glassfish/jersey/media/jersey-media-jaxb/2.27/jersey-media-jaxb-2.27.jar:/home/user/.m2/repository/javax/validation/validation-api/1.1.0.Final/validation-api-1.1.0.Final.jar:/home/user/.m2/repository/org/glassfish/jersey/media/jersey-media-json-jackson/2.27/jersey-media-json-jackson-2.27.jar:/home/user/.m2/repository/org/glassfish/jersey/ext/jersey-entity-filtering/2.27/jersey-entity-filtering-2.27.jar:/home/user/.m2/repository/com/google/inject/extensions/guice-assistedinject/4.0/guice-assistedinject-4.0.jar:/home/user/.m2/repository/org/jooq/jooq/3.11.10/jooq-3.11.10.jar:/home/user/.m2/repository/org/jooq/jooq-meta/3.11.10/jooq-meta-3.11.10.jar:/home/user/.m2/repository/org/jooq/jooq-codegen/3.11.10/jooq-codegen-3.11.10.jar:/home/user/.m2/repository/com/jolbox/bonecp/0.8.0.RELEASE/bonecp-0.8.0.RELEASE.jar:/home/user/.m2/repository/org/xerial/sqlite-jdbc/3.25.2/sqlite-jdbc-3.25.2.jar:/home/user/.m2/repository/org/springframework/spring-jdbc/5.1.3.RELEASE/spring-jdbc-5.1.3.RELEASE.jar:/home/user/.m2/repository/org/springframework/spring-beans/5.1.3.RELEASE/spring-beans-5.1.3.RELEASE.jar:/home/user/.m2/repository/org/springframework/spring-core/5.1.3.RELEASE/spring-core-5.1.3.RELEASE.jar:/home/user/.m2/repository/org/springframework/spring-jcl/5.1.3.RELEASE/spring-jcl-5.1.3.RELEASE.jar:/home/user/.m2/repository/org/springframework/spring-tx/5.1.3.RELEASE/spring-tx-5.1.3.RELEASE.jar:/home/user/.m2/repository/org/apache/hadoop/hadoop-ozone-client/0.5.0-SNAPSHOT/hadoop-ozone-client-0.5.0-SNAPSHOT.jar:/home/user/.m2/repository/commons-lang/commons-lang/2.6/commons-lang-2.6.jar:/home/user/.m2/repository/org/apache/hadoop/hadoop-ozone-ozone-manager/0.5.0-SNAPSHOT/hadoop-ozone-ozone-manager-0.5.0-SNAPSHOT-tests.jar:/home/user/.m2/repository/junit/junit/4.11/junit-4.11.jar:/home/user/.m2/repository/org/hamcrest/hamcrest-core/1.3/hamcrest-core-1.3.jar:/home/user/.m2/repository/org/openjdk/jmh/jmh-core/1.19/jmh-core-1.19.jar:/home/user/.m2/repository/net/sf/jopt-simple/jopt-simple/4.6/jopt-simple-4.6.jar:/home/user/.m2/repository/org/apache/commons/commons-math3/3.1.1/commons-math3-3.1.1.jar:/home/user/.m2/repository/org/openjdk/jmh/jmh-generator-annprocess/1.19/jmh-generator-annprocess-1.19.jar:/home/user/.m2/repository/org/mockito/mockito-all/1.8.5/mockito-all-1.8.5.jar:/home/user/.m2/repository/org/apache/hadoop/hadoop-kms/3.2.0/hadoop-kms-3.2.0.jar:/home/user/.m2/repository/org/apache/hadoop/hadoop-auth/3.2.0/hadoop-auth-3.2.0.jar:/home/user/.m2/repository/com/nimbusds/nimbus-jose-jwt/4.41.1/nimbus-jose-jwt-4.41.1.jar:/home/user/.m2/repository/com/github/stephenc/jcip/jcip-annotations/1.0-1/jcip-annotations-1.0-1.jar:/home/user/.m2/repository/net/minidev/json-smart/2.3/json-smart-2.3.jar:/home/user/.m2/repository/net/minidev/accessors-smart/1.2/accessors-smart-1.2.jar:/home/user/.m2/repository/org/ow2/asm/asm/5.0.4/asm-5.0.4.jar:/home/user/.m2/repository/org/apache/curator/curator-framework/2.12.0/curator-framework-2.12.0.jar:/home/user/.m2/repository/com/sun/jersey/jersey-core/1.19/jersey-core-1.19.jar:/home/user/.m2/repository/javax/ws/rs/jsr311-api/1.1.1/jsr311-api-1.1.1.jar:/home/user/.m2/repository/com/sun/jersey/jersey-server/1.19/jersey-server-1.19.jar:/home/user/.m2/repository/javax/servlet/javax.servlet-api/3.1.0/javax.servlet-api-3.1.0.jar:/home/user/.m2/repository/org/eclipse/jetty/jetty-server/9.3.24.v20180605/jetty-server-9.3.24.v20180605.jar:/home/user/.m2/repository/org/eclipse/jetty/jetty-http/9.3.24.v20180605/jetty-http-9.3.24.v20180605.jar:/home/user/.m2/repository/org/eclipse/jetty/jetty-io/9.3.24.v20180605/jetty-io-9.3.24.v20180605.jar:/home/user/.m2/repository/org/eclipse/jetty/jetty-webapp/9.3.24.v20180605/jetty-webapp-9.3.24.v20180605.jar:/home/user/.m2/repository/org/eclipse/jetty/jetty-xml/9.3.24.v20180605/jetty-xml-9.3.24.v20180605.jar:/home/user/.m2/repository/log4j/log4j/1.2.17/log4j-1.2.17.jar:/home/user/.m2/repository/org/slf4j/slf4j-api/1.7.25/slf4j-api-1.7.25.jar:/home/user/.m2/repository/org/slf4j/jul-to-slf4j/1.7.25/jul-to-slf4j-1.7.25.jar:/home/user/.m2/repository/org/eclipse/jetty/jetty-util/9.3.24.v20180605/jetty-util-9.3.24.v20180605.jar:/home/user/.m2/repository/com/fasterxml/jackson/core/jackson-databind/2.9.5/jackson-databind-2.9.5.jar:/home/user/.m2/repository/org/apache/hadoop/hadoop-kms/3.2.0/hadoop-kms-3.2.0-tests.jar:/home/user/.m2/repository/org/apache/hadoop/hadoop-hdds-server-scm/0.5.0-SNAPSHOT/hadoop-hdds-server-scm-0.5.0-SNAPSHOT-tests.jar:/home/user/.m2/repository/org/apache/hadoop/hadoop-hdds-container-service/0.5.0-SNAPSHOT/hadoop-hdds-container-service-0.5.0-SNAPSHOT-tests.jar:/home/user/.m2/repository/org/yaml/snakeyaml/1.16/snakeyaml-1.16.jar:/home/user/.m2/repository/org/apache/hadoop/hadoop-common/3.2.0/hadoop-common-3.2.0-tests.jar:/home/user/.m2/repository/org/apache/hadoop/hadoop-annotations/3.2.0/hadoop-annotations-3.2.0.jar:/usr/lib/jvm/java-1.8-openjdk/jre/../lib/tools.jar:/home/user/.m2/repository/commons-cli/commons-cli/1.2/commons-cli-1.2.jar:/home/user/.m2/repository/org/apache/httpcomponents/httpclient/4.5.2/httpclient-4.5.2.jar:/home/user/.m2/repository/org/apache/httpcomponents/httpcore/4.4.4/httpcore-4.4.4.jar:/home/user/.m2/repository/commons-codec/commons-codec/1.11/commons-codec-1.11.jar:/home/user/.m2/repository/commons-net/commons-net/3.6/commons-net-3.6.jar:/home/user/.m2/repository/commons-collections/commons-collections/3.2.2/commons-collections-3.2.2.jar:/home/user/.m2/repository/org/eclipse/jetty/jetty-servlet/9.3.24.v20180605/jetty-servlet-9.3.24.v20180605.jar:/home/user/.m2/repository/org/eclipse/jetty/jetty-security/9.3.24.v20180605/jetty-security-9.3.24.v20180605.jar:/home/user/.m2/repository/javax/servlet/jsp/jsp-api/2.1/jsp-api-2.1.jar:/home/user/.m2/repository/com/sun/jersey/jersey-servlet/1.19/jersey-servlet-1.19.jar:/home/user/.m2/repository/com/sun/jersey/jersey-json/1.19/jersey-json-1.19.jar:/home/user/.m2/repository/org/codehaus/jettison/jettison/1.1/jettison-1.1.jar:/home/user/.m2/repository/org/codehaus/jackson/jackson-core-asl/1.9.13/jackson-core-asl-1.9.13.jar:/home/user/.m2/repository/org/codehaus/jackson/jackson-mapper-asl/1.9.13/jackson-mapper-asl-1.9.13.jar:/home/user/.m2/repository/org/codehaus/jackson/jackson-jaxrs/1.9.13/jackson-jaxrs-1.9.13.jar:/home/user/.m2/repository/org/codehaus/jackson/jackson-xc/1.9.13/jackson-xc-1.9.13.jar:/home/user/.m2/repository/commons-logging/commons-logging/1.1.3/commons-logging-1.1.3.jar:/home/user/.m2/repository/commons-beanutils/commons-beanutils/1.9.3/commons-beanutils-1.9.3.jar:/home/user/.m2/repository/org/apache/commons/commons-configuration2/2.1.1/commons-configuration2-2.1.1.jar:/home/user/.m2/repository/org/apache/commons/commons-lang3/3.7/commons-lang3-3.7.jar:/home/user/.m2/repository/org/apache/commons/commons-text/1.4/commons-text-1.4.jar:/home/user/.m2/repository/org/apache/avro/avro/1.7.7/avro-1.7.7.jar:/home/user/.m2/repository/com/thoughtworks/paranamer/paranamer/2.3/paranamer-2.3.jar:/home/user/.m2/repository/org/xerial/snappy/snappy-java/1.0.5/snappy-java-1.0.5.jar:/home/user/.m2/repository/com/google/re2j/re2j/1.1/re2j-1.1.jar:/home/user/.m2/repository/com/google/code/gson/gson/2.2.4/gson-2.2.4.jar:/home/user/.m2/repository/com/jcraft/jsch/0.1.54/jsch-0.1.54.jar:/home/user/.m2/repository/org/apache/curator/curator-client/2.12.0/curator-client-2.12.0.jar:/home/user/.m2/repository/org/apache/curator/curator-recipes/2.12.0/curator-recipes-2.12.0.jar:/home/user/.m2/repository/com/google/code/findbugs/jsr305/3.0.0/jsr305-3.0.0.jar:/home/user/.m2/repository/org/apache/htrace/htrace-core4/4.1.0-incubating/htrace-core4-4.1.0-incubating.jar:/home/user/.m2/repository/org/apache/zookeeper/zookeeper/3.4.13/zookeeper-3.4.13.jar:/home/user/.m2/repository/org/apache/yetus/audience-annotations/0.5.0/audience-annotations-0.5.0.jar:/home/user/.m2/repository/org/codehaus/woodstox/stax2-api/3.1.4/stax2-api-3.1.4.jar:/home/user/.m2/repository/com/fasterxml/woodstox/woodstox-core/5.0.3/woodstox-core-5.0.3.jar:/home/user/.m2/repository/dnsjava/dnsjava/2.1.7/dnsjava-2.1.7.jar:/home/user/.m2/repository/org/apache/hadoop/hadoop-hdfs/3.2.0/hadoop-hdfs-3.2.0-tests.jar:/home/user/.m2/repository/org/eclipse/jetty/jetty-util-ajax/9.3.24.v20180605/jetty-util-ajax-9.3.24.v20180605.jar:/home/user/.m2/repository/commons-daemon/commons-daemon/1.0.13/commons-daemon-1.0.13.jar:/home/user/.m2/repository/io/netty/netty/3.10.5.Final/netty-3.10.5.Final.jar:/home/user/.m2/repository/io/netty/netty-all/4.0.52.Final/netty-all-4.0.52.Final.jar:/home/user/.m2/repository/org/fusesource/leveldbjni/leveldbjni-all/1.8/leveldbjni-all-1.8.jar:"/>
    <property name="java.vm.vendor" value="IcedTea"/>
    <property name="sun.arch.data.model" value="64"/>
    <property name="test.build.dir" value="/workdir/hadoop-ozone/integration-test/target/test-dir"/>
    <property name="test.cache.data" value=""/>
    <property name="java.vendor.url" value="https://icedtea.classpath.org"/>
    <property name="user.timezone" value=""/>
    <property name="java.vm.specification.version" value="1.8"/>
    <property name="os.name" value="Linux"/>
    <property name="test.build.data" value="/workdir/hadoop-ozone/integration-test/target/test-dir"/>
    <property name="user.country" value="US"/>
    <property name="sun.java.launcher" value="SUN_STANDARD"/>
    <property name="sun.boot.library.path" value="/usr/lib/jvm/java-1.8-openjdk/jre/lib/amd64"/>
    <property name="sun.java.command" value="/workdir/hadoop-ozone/integration-test/target/surefire/surefirebooter3896700177273881917.jar /workdir/hadoop-ozone/integration-test/target/surefire 2019-08-30T03-21-58_428-jvmRun1 surefire326406248498561550tmp surefire_306883908684541458246tmp"/>
    <property name="test" value="!TestMiniChaosOzoneCluster"/>
    <property name="surefire.test.class.path" value="/workdir/hadoop-ozone/integration-test/target/test-classes:/workdir/hadoop-ozone/integration-test/target/classes:/home/user/.m2/repository/org/apache/hadoop/hadoop-ozone-common/0.5.0-SNAPSHOT/hadoop-ozone-common-0.5.0-SNAPSHOT.jar:/home/user/.m2/repository/org/apache/commons/commons-compress/1.4.1/commons-compress-1.4.1.jar:/home/user/.m2/repository/org/tukaani/xz/1.0/xz-1.0.jar:/home/user/.m2/repository/org/apache/hadoop/hadoop-common/3.2.0/hadoop-common-3.2.0.jar:/home/user/.m2/repository/org/apache/hadoop/hadoop-hdfs/3.2.0/hadoop-hdfs-3.2.0.jar:/home/user/.m2/repository/org/apache/hadoop/hadoop-hdfs-client/3.2.0/hadoop-hdfs-client-3.2.0.jar:/home/user/.m2/repository/com/fasterxml/jackson/core/jackson-annotations/2.9.5/jackson-annotations-2.9.5.jar:/home/user/.m2/repository/org/apache/hadoop/hadoop-hdds-common/0.5.0-SNAPSHOT/hadoop-hdds-common-0.5.0-SNAPSHOT.jar:/home/user/.m2/repository/javax/annotation/javax.annotation-api/1.2/javax.annotation-api-1.2.jar:/home/user/.m2/repository/org/apache/ratis/ratis-server/0.4.0-2337318-SNAPSHOT/ratis-server-0.4.0-2337318-SNAPSHOT.jar:/home/user/.m2/repository/org/apache/ratis/ratis-thirdparty-misc/0.2.0/ratis-thirdparty-misc-0.2.0.jar:/home/user/.m2/repository/org/apache/ratis/ratis-proto/0.4.0-2337318-SNAPSHOT/ratis-proto-0.4.0-2337318-SNAPSHOT.jar:/home/user/.m2/repository/org/apache/ratis/ratis-common/0.4.0-2337318-SNAPSHOT/ratis-common-0.4.0-2337318-SNAPSHOT.jar:/home/user/.m2/repository/org/apache/ratis/ratis-client/0.4.0-2337318-SNAPSHOT/ratis-client-0.4.0-2337318-SNAPSHOT.jar:/home/user/.m2/repository/org/apache/ratis/ratis-metrics/0.4.0-2337318-SNAPSHOT/ratis-metrics-0.4.0-2337318-SNAPSHOT.jar:/home/user/.m2/repository/org/apache/ratis/ratis-netty/0.4.0-2337318-SNAPSHOT/ratis-netty-0.4.0-2337318-SNAPSHOT.jar:/home/user/.m2/repository/org/apache/ratis/ratis-grpc/0.4.0-2337318-SNAPSHOT/ratis-grpc-0.4.0-2337318-SNAPSHOT.jar:/home/user/.m2/repository/org/rocksdb/rocksdbjni/6.0.1/rocksdbjni-6.0.1.jar:/home/user/.m2/repository/org/apache/logging/log4j/log4j-api/2.11.0/log4j-api-2.11.0.jar:/home/user/.m2/repository/org/apache/logging/log4j/log4j-core/2.11.0/log4j-core-2.11.0.jar:/home/user/.m2/repository/com/lmax/disruptor/3.4.2/disruptor-3.4.2.jar:/home/user/.m2/repository/org/apache/commons/commons-pool2/2.6.0/commons-pool2-2.6.0.jar:/home/user/.m2/repository/org/bouncycastle/bcpkix-jdk15on/1.60/bcpkix-jdk15on-1.60.jar:/home/user/.m2/repository/commons-validator/commons-validator/1.6/commons-validator-1.6.jar:/home/user/.m2/repository/commons-digester/commons-digester/1.8.1/commons-digester-1.8.1.jar:/home/user/.m2/repository/io/jaegertracing/jaeger-client/0.33.1/jaeger-client-0.33.1.jar:/home/user/.m2/repository/io/jaegertracing/jaeger-thrift/0.33.1/jaeger-thrift-0.33.1.jar:/home/user/.m2/repository/org/apache/thrift/libthrift/0.11.0/libthrift-0.11.0.jar:/home/user/.m2/repository/com/squareup/okhttp3/okhttp/3.9.0/okhttp-3.9.0.jar:/home/user/.m2/repository/com/squareup/okio/okio/1.13.0/okio-1.13.0.jar:/home/user/.m2/repository/io/jaegertracing/jaeger-core/0.33.1/jaeger-core-0.33.1.jar:/home/user/.m2/repository/io/jaegertracing/jaeger-tracerresolver/0.33.1/jaeger-tracerresolver-0.33.1.jar:/home/user/.m2/repository/io/opentracing/contrib/opentracing-tracerresolver/0.1.5/opentracing-tracerresolver-0.1.5.jar:/home/user/.m2/repository/io/opentracing/opentracing-util/0.31.0/opentracing-util-0.31.0.jar:/home/user/.m2/repository/io/opentracing/opentracing-api/0.31.0/opentracing-api-0.31.0.jar:/home/user/.m2/repository/io/opentracing/opentracing-noop/0.31.0/opentracing-noop-0.31.0.jar:/home/user/.m2/repository/org/apache/hadoop/hadoop-hdds-server-framework/0.5.0-SNAPSHOT/hadoop-hdds-server-framework-0.5.0-SNAPSHOT.jar:/home/user/.m2/repository/org/apache/hadoop/hadoop-hdds-container-service/0.5.0-SNAPSHOT/hadoop-hdds-container-service-0.5.0-SNAPSHOT.jar:/home/user/.m2/repository/org/apache/hadoop/hadoop-hdds-client/0.5.0-SNAPSHOT/hadoop-hdds-client-0.5.0-SNAPSHOT.jar:/home/user/.m2/repository/org/apache/hadoop/hadoop-hdds-tools/0.5.0-SNAPSHOT/hadoop-hdds-tools-0.5.0-SNAPSHOT.jar:/home/user/.m2/repository/org/apache/hadoop/hadoop-hdds-server-scm/0.5.0-SNAPSHOT/hadoop-hdds-server-scm-0.5.0-SNAPSHOT.jar:/home/user/.m2/repository/org/apache/hadoop/hadoop-hdds-docs/0.5.0-SNAPSHOT/hadoop-hdds-docs-0.5.0-SNAPSHOT.jar:/home/user/.m2/repository/io/dropwizard/metrics/metrics-core/3.2.4/metrics-core-3.2.4.jar:/home/user/.m2/repository/org/hamcrest/hamcrest-all/1.3/hamcrest-all-1.3.jar:/home/user/.m2/repository/org/bouncycastle/bcprov-jdk15on/1.60/bcprov-jdk15on-1.60.jar:/home/user/.m2/repository/info/picocli/picocli/3.9.6/picocli-3.9.6.jar:/home/user/.m2/repository/com/google/protobuf/protobuf-java/2.5.0/protobuf-java-2.5.0.jar:/home/user/.m2/repository/com/google/guava/guava/11.0.2/guava-11.0.2.jar:/home/user/.m2/repository/org/apache/hadoop/hadoop-ozone-ozone-manager/0.5.0-SNAPSHOT/hadoop-ozone-ozone-manager-0.5.0-SNAPSHOT.jar:/home/user/.m2/repository/org/apache/hadoop/hadoop-minikdc/3.2.0/hadoop-minikdc-3.2.0.jar:/home/user/.m2/repository/commons-io/commons-io/2.5/commons-io-2.5.jar:/home/user/.m2/repository/org/apache/kerby/kerb-simplekdc/1.0.1/kerb-simplekdc-1.0.1.jar:/home/user/.m2/repository/org/apache/kerby/kerb-client/1.0.1/kerb-client-1.0.1.jar:/home/user/.m2/repository/org/apache/kerby/kerby-config/1.0.1/kerby-config-1.0.1.jar:/home/user/.m2/repository/org/apache/kerby/kerb-core/1.0.1/kerb-core-1.0.1.jar:/home/user/.m2/repository/org/apache/kerby/kerby-pkix/1.0.1/kerby-pkix-1.0.1.jar:/home/user/.m2/repository/org/apache/kerby/kerby-asn1/1.0.1/kerby-asn1-1.0.1.jar:/home/user/.m2/repository/org/apache/kerby/kerby-util/1.0.1/kerby-util-1.0.1.jar:/home/user/.m2/repository/org/apache/kerby/kerb-common/1.0.1/kerb-common-1.0.1.jar:/home/user/.m2/repository/org/apache/kerby/kerb-crypto/1.0.1/kerb-crypto-1.0.1.jar:/home/user/.m2/repository/org/apache/kerby/kerb-util/1.0.1/kerb-util-1.0.1.jar:/home/user/.m2/repository/org/apache/kerby/token-provider/1.0.1/token-provider-1.0.1.jar:/home/user/.m2/repository/org/apache/kerby/kerb-admin/1.0.1/kerb-admin-1.0.1.jar:/home/user/.m2/repository/org/apache/kerby/kerb-server/1.0.1/kerb-server-1.0.1.jar:/home/user/.m2/repository/org/apache/kerby/kerb-identity/1.0.1/kerb-identity-1.0.1.jar:/home/user/.m2/repository/org/apache/kerby/kerby-xdr/1.0.1/kerby-xdr-1.0.1.jar:/home/user/.m2/repository/org/slf4j/slf4j-log4j12/1.7.25/slf4j-log4j12-1.7.25.jar:/home/user/.m2/repository/org/apache/hadoop/hadoop-ozone-s3gateway/0.5.0-SNAPSHOT/hadoop-ozone-s3gateway-0.5.0-SNAPSHOT.jar:/home/user/.m2/repository/org/jboss/weld/servlet/weld-servlet/2.4.7.Final/weld-servlet-2.4.7.Final.jar:/home/user/.m2/repository/org/glassfish/jersey/containers/jersey-container-servlet-core/2.27/jersey-container-servlet-core-2.27.jar:/home/user/.m2/repository/org/glassfish/hk2/external/javax.inject/2.5.0-b42/javax.inject-2.5.0-b42.jar:/home/user/.m2/repository/org/glassfish/jersey/core/jersey-common/2.27/jersey-common-2.27.jar:/home/user/.m2/repository/org/glassfish/hk2/osgi-resource-locator/1.0.1/osgi-resource-locator-1.0.1.jar:/home/user/.m2/repository/javax/ws/rs/javax.ws.rs-api/2.1/javax.ws.rs-api-2.1.jar:/home/user/.m2/repository/org/glassfish/jersey/ext/cdi/jersey-cdi1x/2.27/jersey-cdi1x-2.27.jar:/home/user/.m2/repository/org/glassfish/jersey/inject/jersey-hk2/2.27/jersey-hk2-2.27.jar:/home/user/.m2/repository/org/glassfish/hk2/hk2-locator/2.5.0-b42/hk2-locator-2.5.0-b42.jar:/home/user/.m2/repository/org/javassist/javassist/3.22.0-CR2/javassist-3.22.0-CR2.jar:/home/user/.m2/repository/org/glassfish/hk2/hk2-api/2.5.0/hk2-api-2.5.0.jar:/home/user/.m2/repository/org/glassfish/hk2/external/jakarta.inject/2.5.0/jakarta.inject-2.5.0.jar:/home/user/.m2/repository/org/glassfish/hk2/hk2-utils/2.5.0/hk2-utils-2.5.0.jar:/home/user/.m2/repository/jakarta/annotation/jakarta.annotation-api/1.3.4/jakarta.annotation-api-1.3.4.jar:/home/user/.m2/repository/org/glassfish/hk2/external/aopalliance-repackaged/2.5.0/aopalliance-repackaged-2.5.0.jar:/home/user/.m2/repository/com/fasterxml/jackson/dataformat/jackson-dataformat-xml/2.9.0/jackson-dataformat-xml-2.9.0.jar:/home/user/.m2/repository/com/fasterxml/jackson/core/jackson-core/2.9.5/jackson-core-2.9.5.jar:/home/user/.m2/repository/com/fasterxml/jackson/module/jackson-module-jaxb-annotations/2.9.5/jackson-module-jaxb-annotations-2.9.5.jar:/home/user/.m2/repository/javax/enterprise/cdi-api/1.2/cdi-api-1.2.jar:/home/user/.m2/repository/javax/el/javax.el-api/3.0.0/javax.el-api-3.0.0.jar:/home/user/.m2/repository/javax/interceptor/javax.interceptor-api/1.2/javax.interceptor-api-1.2.jar:/home/user/.m2/repository/javax/inject/javax.inject/1/javax.inject-1.jar:/home/user/.m2/repository/com/sun/xml/bind/jaxb-impl/2.3.0.1/jaxb-impl-2.3.0.1.jar:/home/user/.m2/repository/com/sun/xml/bind/jaxb-core/2.3.0.1/jaxb-core-2.3.0.1.jar:/home/user/.m2/repository/javax/xml/bind/jaxb-api/2.3.0/jaxb-api-2.3.0.jar:/home/user/.m2/repository/javax/activation/activation/1.1.1/activation-1.1.1.jar:/home/user/.m2/repository/org/apache/hadoop/hadoop-ozone-csi/0.5.0-SNAPSHOT/hadoop-ozone-csi-0.5.0-SNAPSHOT.jar:/home/user/.m2/repository/com/google/protobuf/protobuf-java-util/3.5.1/protobuf-java-util-3.5.1.jar:/home/user/.m2/repository/org/apache/hadoop/hadoop-hdds-config/0.5.0-SNAPSHOT/hadoop-hdds-config-0.5.0-SNAPSHOT.jar:/home/user/.m2/repository/io/grpc/grpc-netty/1.17.1/grpc-netty-1.17.1.jar:/home/user/.m2/repository/io/grpc/grpc-core/1.17.1/grpc-core-1.17.1.jar:/home/user/.m2/repository/io/grpc/grpc-context/1.17.1/grpc-context-1.17.1.jar:/home/user/.m2/repository/com/google/errorprone/error_prone_annotations/2.2.0/error_prone_annotations-2.2.0.jar:/home/user/.m2/repository/org/codehaus/mojo/animal-sniffer-annotations/1.17/animal-sniffer-annotations-1.17.jar:/home/user/.m2/repository/io/opencensus/opencensus-api/0.17.0/opencensus-api-0.17.0.jar:/home/user/.m2/repository/io/opencensus/opencensus-contrib-grpc-metrics/0.17.0/opencensus-contrib-grpc-metrics-0.17.0.jar:/home/user/.m2/repository/io/netty/netty-codec-http2/4.1.30.Final/netty-codec-http2-4.1.30.Final.jar:/home/user/.m2/repository/io/netty/netty-codec-http/4.1.30.Final/netty-codec-http-4.1.30.Final.jar:/home/user/.m2/repository/io/netty/netty-codec/4.1.30.Final/netty-codec-4.1.30.Final.jar:/home/user/.m2/repository/io/netty/netty-handler/4.1.30.Final/netty-handler-4.1.30.Final.jar:/home/user/.m2/repository/io/netty/netty-handler-proxy/4.1.30.Final/netty-handler-proxy-4.1.30.Final.jar:/home/user/.m2/repository/io/netty/netty-codec-socks/4.1.30.Final/netty-codec-socks-4.1.30.Final.jar:/home/user/.m2/repository/io/netty/netty-transport-native-epoll/4.1.30.Final/netty-transport-native-epoll-4.1.30.Final.jar:/home/user/.m2/repository/io/netty/netty-common/4.1.30.Final/netty-common-4.1.30.Final.jar:/home/user/.m2/repository/io/netty/netty-buffer/4.1.30.Final/netty-buffer-4.1.30.Final.jar:/home/user/.m2/repository/io/netty/netty-transport/4.1.30.Final/netty-transport-4.1.30.Final.jar:/home/user/.m2/repository/io/netty/netty-resolver/4.1.30.Final/netty-resolver-4.1.30.Final.jar:/home/user/.m2/repository/io/netty/netty-transport-native-unix-common/4.1.30.Final/netty-transport-native-unix-common-4.1.30.Final.jar:/home/user/.m2/repository/io/grpc/grpc-protobuf/1.17.1/grpc-protobuf-1.17.1.jar:/home/user/.m2/repository/com/google/api/grpc/proto-google-common-protos/1.0.0/proto-google-common-protos-1.0.0.jar:/home/user/.m2/repository/io/grpc/grpc-protobuf-lite/1.17.1/grpc-protobuf-lite-1.17.1.jar:/home/user/.m2/repository/io/grpc/grpc-stub/1.17.1/grpc-stub-1.17.1.jar:/home/user/.m2/repository/org/apache/hadoop/hadoop-ozone-recon/0.5.0-SNAPSHOT/hadoop-ozone-recon-0.5.0-SNAPSHOT.jar:/home/user/.m2/repository/org/apache/hadoop/hadoop-ozone-reconcodegen/0.5.0-SNAPSHOT/hadoop-ozone-reconcodegen-0.5.0-SNAPSHOT.jar:/home/user/.m2/repository/com/google/inject/extensions/guice-multibindings/4.0/guice-multibindings-4.0.jar:/home/user/.m2/repository/com/google/inject/guice/4.0/guice-4.0.jar:/home/user/.m2/repository/aopalliance/aopalliance/1.0/aopalliance-1.0.jar:/home/user/.m2/repository/com/google/inject/extensions/guice-servlet/4.0/guice-servlet-4.0.jar:/home/user/.m2/repository/org/glassfish/jersey/containers/jersey-container-servlet/2.27/jersey-container-servlet-2.27.jar:/home/user/.m2/repository/org/glassfish/hk2/guice-bridge/2.5.0/guice-bridge-2.5.0.jar:/home/user/.m2/repository/org/glassfish/jersey/core/jersey-server/2.27/jersey-server-2.27.jar:/home/user/.m2/repository/org/glassfish/jersey/core/jersey-client/2.27/jersey-client-2.27.jar:/home/user/.m2/repository/org/glassfish/jersey/media/jersey-media-jaxb/2.27/jersey-media-jaxb-2.27.jar:/home/user/.m2/repository/javax/validation/validation-api/1.1.0.Final/validation-api-1.1.0.Final.jar:/home/user/.m2/repository/org/glassfish/jersey/media/jersey-media-json-jackson/2.27/jersey-media-json-jackson-2.27.jar:/home/user/.m2/repository/org/glassfish/jersey/ext/jersey-entity-filtering/2.27/jersey-entity-filtering-2.27.jar:/home/user/.m2/repository/com/google/inject/extensions/guice-assistedinject/4.0/guice-assistedinject-4.0.jar:/home/user/.m2/repository/org/jooq/jooq/3.11.10/jooq-3.11.10.jar:/home/user/.m2/repository/org/jooq/jooq-meta/3.11.10/jooq-meta-3.11.10.jar:/home/user/.m2/repository/org/jooq/jooq-codegen/3.11.10/jooq-codegen-3.11.10.jar:/home/user/.m2/repository/com/jolbox/bonecp/0.8.0.RELEASE/bonecp-0.8.0.RELEASE.jar:/home/user/.m2/repository/org/xerial/sqlite-jdbc/3.25.2/sqlite-jdbc-3.25.2.jar:/home/user/.m2/repository/org/springframework/spring-jdbc/5.1.3.RELEASE/spring-jdbc-5.1.3.RELEASE.jar:/home/user/.m2/repository/org/springframework/spring-beans/5.1.3.RELEASE/spring-beans-5.1.3.RELEASE.jar:/home/user/.m2/repository/org/springframework/spring-core/5.1.3.RELEASE/spring-core-5.1.3.RELEASE.jar:/home/user/.m2/repository/org/springframework/spring-jcl/5.1.3.RELEASE/spring-jcl-5.1.3.RELEASE.jar:/home/user/.m2/repository/org/springframework/spring-tx/5.1.3.RELEASE/spring-tx-5.1.3.RELEASE.jar:/home/user/.m2/repository/org/apache/hadoop/hadoop-ozone-client/0.5.0-SNAPSHOT/hadoop-ozone-client-0.5.0-SNAPSHOT.jar:/home/user/.m2/repository/commons-lang/commons-lang/2.6/commons-lang-2.6.jar:/home/user/.m2/repository/org/apache/hadoop/hadoop-ozone-ozone-manager/0.5.0-SNAPSHOT/hadoop-ozone-ozone-manager-0.5.0-SNAPSHOT-tests.jar:/home/user/.m2/repository/junit/junit/4.11/junit-4.11.jar:/home/user/.m2/repository/org/hamcrest/hamcrest-core/1.3/hamcrest-core-1.3.jar:/home/user/.m2/repository/org/openjdk/jmh/jmh-core/1.19/jmh-core-1.19.jar:/home/user/.m2/repository/net/sf/jopt-simple/jopt-simple/4.6/jopt-simple-4.6.jar:/home/user/.m2/repository/org/apache/commons/commons-math3/3.1.1/commons-math3-3.1.1.jar:/home/user/.m2/repository/org/openjdk/jmh/jmh-generator-annprocess/1.19/jmh-generator-annprocess-1.19.jar:/home/user/.m2/repository/org/mockito/mockito-all/1.8.5/mockito-all-1.8.5.jar:/home/user/.m2/repository/org/apache/hadoop/hadoop-kms/3.2.0/hadoop-kms-3.2.0.jar:/home/user/.m2/repository/org/apache/hadoop/hadoop-auth/3.2.0/hadoop-auth-3.2.0.jar:/home/user/.m2/repository/com/nimbusds/nimbus-jose-jwt/4.41.1/nimbus-jose-jwt-4.41.1.jar:/home/user/.m2/repository/com/github/stephenc/jcip/jcip-annotations/1.0-1/jcip-annotations-1.0-1.jar:/home/user/.m2/repository/net/minidev/json-smart/2.3/json-smart-2.3.jar:/home/user/.m2/repository/net/minidev/accessors-smart/1.2/accessors-smart-1.2.jar:/home/user/.m2/repository/org/ow2/asm/asm/5.0.4/asm-5.0.4.jar:/home/user/.m2/repository/org/apache/curator/curator-framework/2.12.0/curator-framework-2.12.0.jar:/home/user/.m2/repository/com/sun/jersey/jersey-core/1.19/jersey-core-1.19.jar:/home/user/.m2/repository/javax/ws/rs/jsr311-api/1.1.1/jsr311-api-1.1.1.jar:/home/user/.m2/repository/com/sun/jersey/jersey-server/1.19/jersey-server-1.19.jar:/home/user/.m2/repository/javax/servlet/javax.servlet-api/3.1.0/javax.servlet-api-3.1.0.jar:/home/user/.m2/repository/org/eclipse/jetty/jetty-server/9.3.24.v20180605/jetty-server-9.3.24.v20180605.jar:/home/user/.m2/repository/org/eclipse/jetty/jetty-http/9.3.24.v20180605/jetty-http-9.3.24.v20180605.jar:/home/user/.m2/repository/org/eclipse/jetty/jetty-io/9.3.24.v20180605/jetty-io-9.3.24.v20180605.jar:/home/user/.m2/repository/org/eclipse/jetty/jetty-webapp/9.3.24.v20180605/jetty-webapp-9.3.24.v20180605.jar:/home/user/.m2/repository/org/eclipse/jetty/jetty-xml/9.3.24.v20180605/jetty-xml-9.3.24.v20180605.jar:/home/user/.m2/repository/log4j/log4j/1.2.17/log4j-1.2.17.jar:/home/user/.m2/repository/org/slf4j/slf4j-api/1.7.25/slf4j-api-1.7.25.jar:/home/user/.m2/repository/org/slf4j/jul-to-slf4j/1.7.25/jul-to-slf4j-1.7.25.jar:/home/user/.m2/repository/org/eclipse/jetty/jetty-util/9.3.24.v20180605/jetty-util-9.3.24.v20180605.jar:/home/user/.m2/repository/com/fasterxml/jackson/core/jackson-databind/2.9.5/jackson-databind-2.9.5.jar:/home/user/.m2/repository/org/apache/hadoop/hadoop-kms/3.2.0/hadoop-kms-3.2.0-tests.jar:/home/user/.m2/repository/org/apache/hadoop/hadoop-hdds-server-scm/0.5.0-SNAPSHOT/hadoop-hdds-server-scm-0.5.0-SNAPSHOT-tests.jar:/home/user/.m2/repository/org/apache/hadoop/hadoop-hdds-container-service/0.5.0-SNAPSHOT/hadoop-hdds-container-service-0.5.0-SNAPSHOT-tests.jar:/home/user/.m2/repository/org/yaml/snakeyaml/1.16/snakeyaml-1.16.jar:/home/user/.m2/repository/org/apache/hadoop/hadoop-common/3.2.0/hadoop-common-3.2.0-tests.jar:/home/user/.m2/repository/org/apache/hadoop/hadoop-annotations/3.2.0/hadoop-annotations-3.2.0.jar:/usr/lib/jvm/java-1.8-openjdk/jre/../lib/tools.jar:/home/user/.m2/repository/commons-cli/commons-cli/1.2/commons-cli-1.2.jar:/home/user/.m2/repository/org/apache/httpcomponents/httpclient/4.5.2/httpclient-4.5.2.jar:/home/user/.m2/repository/org/apache/httpcomponents/httpcore/4.4.4/httpcore-4.4.4.jar:/home/user/.m2/repository/commons-codec/commons-codec/1.11/commons-codec-1.11.jar:/home/user/.m2/repository/commons-net/commons-net/3.6/commons-net-3.6.jar:/home/user/.m2/repository/commons-collections/commons-collections/3.2.2/commons-collections-3.2.2.jar:/home/user/.m2/repository/org/eclipse/jetty/jetty-servlet/9.3.24.v20180605/jetty-servlet-9.3.24.v20180605.jar:/home/user/.m2/repository/org/eclipse/jetty/jetty-security/9.3.24.v20180605/jetty-security-9.3.24.v20180605.jar:/home/user/.m2/repository/javax/servlet/jsp/jsp-api/2.1/jsp-api-2.1.jar:/home/user/.m2/repository/com/sun/jersey/jersey-servlet/1.19/jersey-servlet-1.19.jar:/home/user/.m2/repository/com/sun/jersey/jersey-json/1.19/jersey-json-1.19.jar:/home/user/.m2/repository/org/codehaus/jettison/jettison/1.1/jettison-1.1.jar:/home/user/.m2/repository/org/codehaus/jackson/jackson-core-asl/1.9.13/jackson-core-asl-1.9.13.jar:/home/user/.m2/repository/org/codehaus/jackson/jackson-mapper-asl/1.9.13/jackson-mapper-asl-1.9.13.jar:/home/user/.m2/repository/org/codehaus/jackson/jackson-jaxrs/1.9.13/jackson-jaxrs-1.9.13.jar:/home/user/.m2/repository/org/codehaus/jackson/jackson-xc/1.9.13/jackson-xc-1.9.13.jar:/home/user/.m2/repository/commons-logging/commons-logging/1.1.3/commons-logging-1.1.3.jar:/home/user/.m2/repository/commons-beanutils/commons-beanutils/1.9.3/commons-beanutils-1.9.3.jar:/home/user/.m2/repository/org/apache/commons/commons-configuration2/2.1.1/commons-configuration2-2.1.1.jar:/home/user/.m2/repository/org/apache/commons/commons-lang3/3.7/commons-lang3-3.7.jar:/home/user/.m2/repository/org/apache/commons/commons-text/1.4/commons-text-1.4.jar:/home/user/.m2/repository/org/apache/avro/avro/1.7.7/avro-1.7.7.jar:/home/user/.m2/repository/com/thoughtworks/paranamer/paranamer/2.3/paranamer-2.3.jar:/home/user/.m2/repository/org/xerial/snappy/snappy-java/1.0.5/snappy-java-1.0.5.jar:/home/user/.m2/repository/com/google/re2j/re2j/1.1/re2j-1.1.jar:/home/user/.m2/repository/com/google/code/gson/gson/2.2.4/gson-2.2.4.jar:/home/user/.m2/repository/com/jcraft/jsch/0.1.54/jsch-0.1.54.jar:/home/user/.m2/repository/org/apache/curator/curator-client/2.12.0/curator-client-2.12.0.jar:/home/user/.m2/repository/org/apache/curator/curator-recipes/2.12.0/curator-recipes-2.12.0.jar:/home/user/.m2/repository/com/google/code/findbugs/jsr305/3.0.0/jsr305-3.0.0.jar:/home/user/.m2/repository/org/apache/htrace/htrace-core4/4.1.0-incubating/htrace-core4-4.1.0-incubating.jar:/home/user/.m2/repository/org/apache/zookeeper/zookeeper/3.4.13/zookeeper-3.4.13.jar:/home/user/.m2/repository/org/apache/yetus/audience-annotations/0.5.0/audience-annotations-0.5.0.jar:/home/user/.m2/repository/org/codehaus/woodstox/stax2-api/3.1.4/stax2-api-3.1.4.jar:/home/user/.m2/repository/com/fasterxml/woodstox/woodstox-core/5.0.3/woodstox-core-5.0.3.jar:/home/user/.m2/repository/dnsjava/dnsjava/2.1.7/dnsjava-2.1.7.jar:/home/user/.m2/repository/org/apache/hadoop/hadoop-hdfs/3.2.0/hadoop-hdfs-3.2.0-tests.jar:/home/user/.m2/repository/org/eclipse/jetty/jetty-util-ajax/9.3.24.v20180605/jetty-util-ajax-9.3.24.v20180605.jar:/home/user/.m2/repository/commons-daemon/commons-daemon/1.0.13/commons-daemon-1.0.13.jar:/home/user/.m2/repository/io/netty/netty/3.10.5.Final/netty-3.10.5.Final.jar:/home/user/.m2/repository/io/netty/netty-all/4.0.52.Final/netty-all-4.0.52.Final.jar:/home/user/.m2/repository/org/fusesource/leveldbjni/leveldbjni-all/1.8/leveldbjni-all-1.8.jar:"/>
    <property name="sun.cpu.endian" value="little"/>
    <property name="user.home" value="/home/user"/>
    <property name="user.language" value="en"/>
    <property name="java.specification.vendor" value="Oracle Corporation"/>
    <property name="java.home" value="/usr/lib/jvm/java-1.8-openjdk/jre"/>
    <property name="java.security.krb5.conf" value="/workdir/hadoop-ozone/integration-test/target/test-classes/krb5.conf"/>
    <property name="basedir" value="/workdir/hadoop-ozone/integration-test"/>
    <property name="file.separator" value="/"/>
    <property name="line.separator" value="&#10;"/>
    <property name="java.vm.specification.vendor" value="Oracle Corporation"/>
    <property name="java.specification.name" value="Java Platform API Specification"/>
    <property name="java.awt.graphicsenv" value="sun.awt.X11GraphicsEnvironment"/>
    <property name="surefire.real.class.path" value="/workdir/hadoop-ozone/integration-test/target/surefire/surefirebooter3896700177273881917.jar"/>
    <property name="hadoop.log.dir" value="/workdir/hadoop-ozone/integration-test/target/log"/>
    <property name="sun.boot.class.path" value="/usr/lib/jvm/java-1.8-openjdk/jre/lib/resources.jar:/usr/lib/jvm/java-1.8-openjdk/jre/lib/rt.jar:/usr/lib/jvm/java-1.8-openjdk/jre/lib/sunrsasign.jar:/usr/lib/jvm/java-1.8-openjdk/jre/lib/jsse.jar:/usr/lib/jvm/java-1.8-openjdk/jre/lib/jce.jar:/usr/lib/jvm/java-1.8-openjdk/jre/lib/charsets.jar:/usr/lib/jvm/java-1.8-openjdk/jre/lib/jfr.jar:/usr/lib/jvm/java-1.8-openjdk/jre/classes"/>
    <property name="sun.management.compiler" value="HotSpot 64-Bit Tiered Compilers"/>
    <property name="java.runtime.version" value="1.8.0_212-b04"/>
    <property name="java.net.preferIPv4Stack" value="true"/>
    <property name="user.name" value="jenkins1000"/>
    <property name="path.separator" value=":"/>
    <property name="java.security.egd" value="file:///dev/urandom"/>
    <property name="os.version" value="3.10.0-957.12.2.el7.x86_64"/>
    <property name="java.endorsed.dirs" value="/usr/lib/jvm/java-1.8-openjdk/jre/lib/endorsed"/>
    <property name="java.runtime.name" value="OpenJDK Runtime Environment"/>
    <property name="file.encoding" value="UTF-8"/>
    <property name="java.vm.name" value="OpenJDK 64-Bit Server VM"/>
    <property name="test.build.webapps" value=""/>
    <property name="localRepository" value="/home/user/.m2/repository"/>
    <property name="java.vendor.url.bug" value="https://icedtea.classpath.org/bugzilla"/>
    <property name="java.io.tmpdir" value="/tmp"/>
    <property name="require.test.libhadoop" value=""/>
    <property name="java.version" value="1.8.0_212"/>
    <property name="user.dir" value="/workdir/hadoop-ozone/integration-test"/>
    <property name="os.arch" value="amd64"/>
    <property name="java.vm.specification.name" value="Java Virtual Machine Specification"/>
    <property name="test.build.classes" value="/workdir/hadoop-ozone/integration-test/target/test-classes"/>
    <property name="java.awt.printerjob" value="sun.print.PSPrinterJob"/>
    <property name="sun.os.patch.level" value="unknown"/>
    <property name="hadoop.tmp.dir" value="/workdir/hadoop-ozone/integration-test/target/tmp"/>
    <property name="java.library.path" value="/usr/lib/jvm/java-1.8-openjdk/jre/lib/amd64/server:/usr/lib/jvm/java-1.8-openjdk/jre/lib/amd64:/usr/lib/jvm/java-1.8-openjdk/jre/../lib/amd64:/workdir/hadoop-ozone/integration-test/target/native/target/usr/local/lib:/workdir/hadoop-ozone/integration-test/../../hadoop-common-project/hadoop-common/target/native/target/usr/local/lib:/usr/java/packages/lib/amd64:/usr/lib64:/lib64:/lib:/usr/lib"/>
    <property name="java.vm.info" value="mixed mode"/>
    <property name="java.vendor" value="IcedTea"/>
    <property name="java.vm.version" value="25.212-b04"/>
    <property name="java.ext.dirs" value="/usr/lib/jvm/java-1.8-openjdk/jre/lib/ext:/usr/java/packages/lib/ext"/>
    <property name="sun.io.unicode.encoding" value="UnicodeLittle"/>
    <property name="java.class.version" value="52.0"/>
  </properties>
  <testcase name="test2DatanodesFailure" classname="org.apache.hadoop.ozone.client.rpc.TestBlockOutputStreamWithFailures" time="42.097"/>
  <testcase name="testDatanodeFailureWithPreAllocation" classname="org.apache.hadoop.ozone.client.rpc.TestBlockOutputStreamWithFailures" time="224.445"/>
  <testcase name="testDatanodeFailureWithSingleNodeRatis" classname="org.apache.hadoop.ozone.client.rpc.TestBlockOutputStreamWithFailures" time="223.632"/>
  <testcase name="testWatchForCommitWithSingleNodeRatis" classname="org.apache.hadoop.ozone.client.rpc.TestBlockOutputStreamWithFailures" time="33.886"/>
  <testcase name="testWatchForCommitDatanodeFailure" classname="org.apache.hadoop.ozone.client.rpc.TestBlockOutputStreamWithFailures" time="47.421">
    <failure message="expected:&lt;2&gt; but was:&lt;3&gt;" type="java.lang.AssertionError"><![CDATA[java.lang.AssertionError: expected:<2> but was:<3>
	at org.junit.Assert.fail(Assert.java:88)
	at org.junit.Assert.failNotEquals(Assert.java:743)
	at org.junit.Assert.assertEquals(Assert.java:118)
	at org.junit.Assert.assertEquals(Assert.java:555)
	at org.junit.Assert.assertEquals(Assert.java:542)
	at org.apache.hadoop.ozone.client.rpc.TestBlockOutputStreamWithFailures.testWatchForCommitDatanodeFailure(TestBlockOutputStreamWithFailures.java:366)
	at sun.reflect.NativeMethodAccessorImpl.invoke0(Native Method)
	at sun.reflect.NativeMethodAccessorImpl.invoke(NativeMethodAccessorImpl.java:62)
	at sun.reflect.DelegatingMethodAccessorImpl.invoke(DelegatingMethodAccessorImpl.java:43)
	at java.lang.reflect.Method.invoke(Method.java:498)
	at org.junit.runners.model.FrameworkMethod$1.runReflectiveCall(FrameworkMethod.java:47)
	at org.junit.internal.runners.model.ReflectiveCallable.run(ReflectiveCallable.java:12)
	at org.junit.runners.model.FrameworkMethod.invokeExplosively(FrameworkMethod.java:44)
	at org.junit.internal.runners.statements.InvokeMethod.evaluate(InvokeMethod.java:17)
	at org.junit.internal.runners.statements.RunBefores.evaluate(RunBefores.java:26)
	at org.junit.internal.runners.statements.RunAfters.evaluate(RunAfters.java:27)
	at org.junit.runners.ParentRunner.runLeaf(ParentRunner.java:271)
	at org.junit.runners.BlockJUnit4ClassRunner.runChild(BlockJUnit4ClassRunner.java:70)
	at org.junit.runners.BlockJUnit4ClassRunner.runChild(BlockJUnit4ClassRunner.java:50)
	at org.junit.runners.ParentRunner$3.run(ParentRunner.java:238)
	at org.junit.runners.ParentRunner$1.schedule(ParentRunner.java:63)
	at org.junit.runners.ParentRunner.runChildren(ParentRunner.java:236)
	at org.junit.runners.ParentRunner.access$000(ParentRunner.java:53)
	at org.junit.runners.ParentRunner$2.evaluate(ParentRunner.java:229)
	at org.junit.runners.ParentRunner.run(ParentRunner.java:309)
	at org.apache.maven.surefire.junit4.JUnit4Provider.execute(JUnit4Provider.java:365)
	at org.apache.maven.surefire.junit4.JUnit4Provider.executeWithRerun(JUnit4Provider.java:273)
	at org.apache.maven.surefire.junit4.JUnit4Provider.executeTestSet(JUnit4Provider.java:238)
	at org.apache.maven.surefire.junit4.JUnit4Provider.invoke(JUnit4Provider.java:159)
	at org.apache.maven.surefire.booter.ForkedBooter.invokeProviderInSameClassLoader(ForkedBooter.java:384)
	at org.apache.maven.surefire.booter.ForkedBooter.runSuitesInProcess(ForkedBooter.java:345)
	at org.apache.maven.surefire.booter.ForkedBooter.execute(ForkedBooter.java:126)
	at org.apache.maven.surefire.booter.ForkedBooter.main(ForkedBooter.java:418)
]]></failure>
    <system-out><![CDATA[2019-08-30 03:51:09,960 [main] WARN  server.ServerUtils (ServerUtils.java:getScmDbDir(145)) - ozone.scm.db.dirs is not configured. We recommend adding this setting. Falling back to ozone.metadata.dirs instead.
2019-08-30 03:51:09,976 [main] WARN  server.ServerUtils (ServerUtils.java:getScmDbDir(145)) - ozone.scm.db.dirs is not configured. We recommend adding this setting. Falling back to ozone.metadata.dirs instead.
2019-08-30 03:51:09,976 [main] WARN  server.ServerUtils (ServerUtils.java:getScmDbDir(145)) - ozone.scm.db.dirs is not configured. We recommend adding this setting. Falling back to ozone.metadata.dirs instead.
2019-08-30 03:51:09,977 [main] INFO  db.DBStoreBuilder (DBStoreBuilder.java:addTable(110)) - using custom profile for table: deletedBlocks
2019-08-30 03:51:09,977 [main] INFO  db.DBStoreBuilder (DBStoreBuilder.java:processTables(161)) - Using default column profile:DBProfile.DISK for Table:deletedBlocks
2019-08-30 03:51:09,979 [main] INFO  db.DBStoreBuilder (DBStoreBuilder.java:addTable(110)) - using custom profile for table: validCerts
2019-08-30 03:51:09,979 [main] INFO  db.DBStoreBuilder (DBStoreBuilder.java:processTables(161)) - Using default column profile:DBProfile.DISK for Table:validCerts
2019-08-30 03:51:09,979 [main] INFO  db.DBStoreBuilder (DBStoreBuilder.java:addTable(110)) - using custom profile for table: revokedCerts
2019-08-30 03:51:09,980 [main] INFO  db.DBStoreBuilder (DBStoreBuilder.java:processTables(161)) - Using default column profile:DBProfile.DISK for Table:revokedCerts
2019-08-30 03:51:09,980 [main] INFO  db.DBStoreBuilder (DBStoreBuilder.java:addTable(110)) - using custom profile for table: default
2019-08-30 03:51:09,980 [main] INFO  db.DBStoreBuilder (DBStoreBuilder.java:processTables(167)) - Using default column profile:DBProfile.DISK for Table:default
2019-08-30 03:51:09,980 [main] INFO  db.DBStoreBuilder (DBStoreBuilder.java:getDbProfile(198)) - Using default options. DBProfile.DISK
2019-08-30 03:51:10,138 [main] INFO  net.NodeSchemaLoader (NodeSchemaLoader.java:loadSchemaFromFile(125)) - Loading file from sun.misc.CompoundEnumeration@61359e87
2019-08-30 03:51:10,139 [main] INFO  net.NodeSchemaLoader (NodeSchemaLoader.java:loadSchema(171)) - Loading network topology layer schema file
2019-08-30 03:51:10,143 [main] INFO  node.SCMNodeManager (SCMNodeManager.java:<init>(121)) - Entering startup safe mode.
2019-08-30 03:51:10,144 [main] INFO  algorithms.ContainerPlacementPolicyFactory (ContainerPlacementPolicyFactory.java:getPolicy(55)) - Create container placement policy of type org.apache.hadoop.hdds.scm.container.placement.algorithms.SCMContainerPlacementRandom
2019-08-30 03:51:10,144 [main] WARN  server.ServerUtils (ServerUtils.java:getScmDbDir(145)) - ozone.scm.db.dirs is not configured. We recommend adding this setting. Falling back to ozone.metadata.dirs instead.
2019-08-30 03:51:10,165 [main] INFO  pipeline.SCMPipelineManager (SCMPipelineManager.java:initializePipelineState(126)) - No pipeline exists in current db
2019-08-30 03:51:10,165 [main] WARN  server.ServerUtils (ServerUtils.java:getScmDbDir(145)) - ozone.scm.db.dirs is not configured. We recommend adding this setting. Falling back to ozone.metadata.dirs instead.
2019-08-30 03:51:10,196 [main] WARN  events.EventQueue (EventQueue.java:fireEvent(175)) - No event handler registered for event TypedEvent{payloadType=SafeModeStatus, name='SafeModeStatus'}
2019-08-30 03:51:10,197 [main] INFO  ipc.CallQueueManager (CallQueueManager.java:<init>(84)) - Using callQueue: class java.util.concurrent.LinkedBlockingQueue, queueCapacity: 2000, scheduler: class org.apache.hadoop.ipc.DefaultRpcScheduler, ipcBackoff: false.
2019-08-30 03:51:10,198 [Socket Reader #1 for port 45214] INFO  ipc.Server (Server.java:run(1074)) - Starting Socket Reader #1 for port 45214
2019-08-30 03:51:10,200 [main] INFO  ipc.CallQueueManager (CallQueueManager.java:<init>(84)) - Using callQueue: class java.util.concurrent.LinkedBlockingQueue, queueCapacity: 2000, scheduler: class org.apache.hadoop.ipc.DefaultRpcScheduler, ipcBackoff: false.
2019-08-30 03:51:10,201 [Socket Reader #1 for port 44709] INFO  ipc.Server (Server.java:run(1074)) - Starting Socket Reader #1 for port 44709
2019-08-30 03:51:10,202 [main] INFO  ipc.CallQueueManager (CallQueueManager.java:<init>(84)) - Using callQueue: class java.util.concurrent.LinkedBlockingQueue, queueCapacity: 2000, scheduler: class org.apache.hadoop.ipc.DefaultRpcScheduler, ipcBackoff: false.
2019-08-30 03:51:10,203 [Socket Reader #1 for port 42548] INFO  ipc.Server (Server.java:run(1074)) - Starting Socket Reader #1 for port 42548
2019-08-30 03:51:10,204 [main] INFO  hdfs.DFSUtil (DFSUtil.java:httpServerTemplateForNNAndJN(1641)) - Starting Web-server for scm at: http://0.0.0.0:0
2019-08-30 03:51:10,207 [main] INFO  server.AuthenticationFilter (AuthenticationFilter.java:constructSecretProvider(240)) - Unable to initialize FileSignerSecretProvider, falling back to use random secrets.
2019-08-30 03:51:10,208 [main] WARN  http.HttpRequestLog (HttpRequestLog.java:getRequestLog(97)) - Jetty request log can only be enabled using Log4j
2019-08-30 03:51:10,211 [main] INFO  http.HttpServer2 (HttpServer2.java:addGlobalFilter(975)) - Added global filter 'safety' (class=org.apache.hadoop.http.HttpServer2$QuotingInputFilter)
2019-08-30 03:51:10,212 [main] INFO  http.HttpServer2 (HttpServer2.java:addFilter(948)) - Added filter static_user_filter (class=org.apache.hadoop.http.lib.StaticUserWebFilter$StaticUserFilter) to context scm
2019-08-30 03:51:10,212 [main] INFO  http.HttpServer2 (HttpServer2.java:addFilter(958)) - Added filter static_user_filter (class=org.apache.hadoop.http.lib.StaticUserWebFilter$StaticUserFilter) to context logs
2019-08-30 03:51:10,212 [main] INFO  http.HttpServer2 (HttpServer2.java:addFilter(958)) - Added filter static_user_filter (class=org.apache.hadoop.http.lib.StaticUserWebFilter$StaticUserFilter) to context static
2019-08-30 03:51:10,214 [main] INFO  server.StorageContainerManager (StorageContainerManager.java:start(759)) - StorageContainerLocationProtocol RPC server is listening at /0.0.0.0:42548
2019-08-30 03:51:10,217 [main] WARN  impl.MetricsConfig (MetricsConfig.java:loadFirst(134)) - Cannot locate configuration: tried hadoop-metrics2-storagecontainermanager.properties,hadoop-metrics2.properties
2019-08-30 03:51:10,219 [main] INFO  impl.MetricsSystemImpl (MetricsSystemImpl.java:startTimer(374)) - Scheduled Metric snapshot period at 10 second(s).
2019-08-30 03:51:10,219 [main] INFO  impl.MetricsSystemImpl (MetricsSystemImpl.java:start(191)) - StorageContainerManager metrics system started
2019-08-30 03:51:10,285 [main] INFO  server.SCMClientProtocolServer (SCMClientProtocolServer.java:start(151)) - RPC server for Client  is listening at /0.0.0.0:42548
2019-08-30 03:51:10,285 [IPC Server Responder] INFO  ipc.Server (Server.java:run(1314)) - IPC Server Responder: starting
2019-08-30 03:51:10,285 [IPC Server listener on 42548] INFO  ipc.Server (Server.java:run(1153)) - IPC Server listener on 42548: starting
2019-08-30 03:51:10,289 [main] INFO  server.StorageContainerManager (StorageContainerManager.java:start(769)) - ScmBlockLocationProtocol RPC server is listening at /0.0.0.0:44709
2019-08-30 03:51:10,289 [main] INFO  server.SCMBlockProtocolServer (SCMBlockProtocolServer.java:start(140)) - RPC server for Block Protocol is listening at /0.0.0.0:44709
2019-08-30 03:51:10,289 [IPC Server Responder] INFO  ipc.Server (Server.java:run(1314)) - IPC Server Responder: starting
2019-08-30 03:51:10,289 [IPC Server listener on 44709] INFO  ipc.Server (Server.java:run(1153)) - IPC Server listener on 44709: starting
2019-08-30 03:51:10,292 [main] INFO  server.StorageContainerManager (StorageContainerManager.java:start(773)) - ScmDatanodeProtocl RPC server is listening at /0.0.0.0:45214
2019-08-30 03:51:10,292 [main] INFO  server.SCMDatanodeProtocolServer (SCMDatanodeProtocolServer.java:start(191)) - RPC server for DataNodes is listening at /0.0.0.0:45214
2019-08-30 03:51:10,293 [IPC Server Responder] INFO  ipc.Server (Server.java:run(1314)) - IPC Server Responder: starting
2019-08-30 03:51:10,293 [IPC Server listener on 45214] INFO  ipc.Server (Server.java:run(1153)) - IPC Server listener on 45214: starting
2019-08-30 03:51:10,296 [main] INFO  http.HttpServer2 (HttpServer2.java:bindListener(1191)) - Jetty bound to port 44768
2019-08-30 03:51:10,296 [main] INFO  server.Server (Server.java:doStart(351)) - jetty-9.3.24.v20180605, build timestamp: 2018-06-05T17:11:56Z, git hash: 84205aa28f11a4f31f2a3b86d1bba2cc8ab69827
2019-08-30 03:51:10,298 [main] INFO  handler.ContextHandler (ContextHandler.java:doStart(781)) - Started o.e.j.s.ServletContextHandler@51e7589f{/logs,file:///workdir/hadoop-ozone/integration-test/target/log,AVAILABLE}
2019-08-30 03:51:10,298 [main] INFO  handler.ContextHandler (ContextHandler.java:doStart(781)) - Started o.e.j.s.ServletContextHandler@42c12b3e{/static,file:///workdir/hadoop-ozone/integration-test/target/test-classes/webapps/static,AVAILABLE}
2019-08-30 03:51:10,302 [main] INFO  handler.ContextHandler (ContextHandler.java:doStart(781)) - Started o.e.j.w.WebAppContext@2506b881{/,file:///workdir/hadoop-ozone/integration-test/target/test-classes/webapps/scm/,AVAILABLE}{/scm}
2019-08-30 03:51:10,302 [main] INFO  server.AbstractConnector (AbstractConnector.java:doStart(278)) - Started ServerConnector@5d7dd549{HTTP/1.1,[http/1.1]}{0.0.0.0:44768}
2019-08-30 03:51:10,303 [main] INFO  server.Server (Server.java:doStart(419)) - Started @524985ms
2019-08-30 03:51:10,304 [main] INFO  server.BaseHttpServer (BaseHttpServer.java:updateConnectorAddress(213)) - HTTP server of SCM is listening at http://0.0.0.0:44768
2019-08-30 03:51:10,304 [main] WARN  server.ServerUtils (ServerUtils.java:getDBPath(222)) - ozone.om.db.dirs is not configured. We recommend adding this setting. Falling back to ozone.metadata.dirs instead.
2019-08-30 03:51:10,305 [org.apache.hadoop.util.JvmPauseMonitor$Monitor@6459f4ea] INFO  util.JvmPauseMonitor (JvmPauseMonitor.java:run(188)) - Starting JVM pause monitor
2019-08-30 03:51:10,319 [main] WARN  server.ServerUtils (ServerUtils.java:getDBPath(222)) - ozone.om.db.dirs is not configured. We recommend adding this setting. Falling back to ozone.metadata.dirs instead.
2019-08-30 03:51:10,319 [main] WARN  server.ServerUtils (ServerUtils.java:getDBPath(222)) - ozone.om.db.dirs is not configured. We recommend adding this setting. Falling back to ozone.metadata.dirs instead.
2019-08-30 03:51:10,319 [main] INFO  om.OzoneManager (OzoneManager.java:setOMNodeDetails(645)) - OM Service ID is not set. Setting it to the default ID: omServiceIdDefault
2019-08-30 03:51:10,319 [main] INFO  om.OzoneManager (OzoneManager.java:setOMNodeDetails(651)) - OM Node ID is not set. Setting it to the OmStorage's OmID: da5e4bca-0bda-42a6-9093-3757562b09af
2019-08-30 03:51:10,320 [main] INFO  om.OzoneManager (OzoneManager.java:loadOMHAConfigs(602)) - Found matching OM address with OMServiceId: null, OMNodeId: null, RPC Address: localhost:0 and Ratis port: 9872
2019-08-30 03:51:10,324 | INFO  | SCMAudit | user=jenkins1000 | ip=192.168.157.199 | op=GET_SCM_INFO null | ret=SUCCESS |  
2019-08-30 03:51:10,325 [main] WARN  server.ServerUtils (ServerUtils.java:getDBPath(222)) - ozone.om.db.dirs is not configured. We recommend adding this setting. Falling back to ozone.metadata.dirs instead.
2019-08-30 03:51:10,326 [main] INFO  db.DBStoreBuilder (DBStoreBuilder.java:addTable(110)) - using custom profile for table: userTable
2019-08-30 03:51:10,326 [main] INFO  db.DBStoreBuilder (DBStoreBuilder.java:processTables(161)) - Using default column profile:DBProfile.DISK for Table:userTable
2019-08-30 03:51:10,326 [main] INFO  db.DBStoreBuilder (DBStoreBuilder.java:addTable(110)) - using custom profile for table: volumeTable
2019-08-30 03:51:10,326 [main] INFO  db.DBStoreBuilder (DBStoreBuilder.java:processTables(161)) - Using default column profile:DBProfile.DISK for Table:volumeTable
2019-08-30 03:51:10,326 [main] INFO  db.DBStoreBuilder (DBStoreBuilder.java:addTable(110)) - using custom profile for table: bucketTable
2019-08-30 03:51:10,327 [main] INFO  db.DBStoreBuilder (DBStoreBuilder.java:processTables(161)) - Using default column profile:DBProfile.DISK for Table:bucketTable
2019-08-30 03:51:10,327 [main] INFO  db.DBStoreBuilder (DBStoreBuilder.java:addTable(110)) - using custom profile for table: keyTable
2019-08-30 03:51:10,327 [main] INFO  db.DBStoreBuilder (DBStoreBuilder.java:processTables(161)) - Using default column profile:DBProfile.DISK for Table:keyTable
2019-08-30 03:51:10,327 [main] INFO  db.DBStoreBuilder (DBStoreBuilder.java:addTable(110)) - using custom profile for table: deletedTable
2019-08-30 03:51:10,327 [main] INFO  db.DBStoreBuilder (DBStoreBuilder.java:processTables(161)) - Using default column profile:DBProfile.DISK for Table:deletedTable
2019-08-30 03:51:10,327 [main] INFO  db.DBStoreBuilder (DBStoreBuilder.java:addTable(110)) - using custom profile for table: openKeyTable
2019-08-30 03:51:10,328 [main] INFO  db.DBStoreBuilder (DBStoreBuilder.java:processTables(161)) - Using default column profile:DBProfile.DISK for Table:openKeyTable
2019-08-30 03:51:10,328 [main] INFO  db.DBStoreBuilder (DBStoreBuilder.java:addTable(110)) - using custom profile for table: s3Table
2019-08-30 03:51:10,328 [main] INFO  db.DBStoreBuilder (DBStoreBuilder.java:processTables(161)) - Using default column profile:DBProfile.DISK for Table:s3Table
2019-08-30 03:51:10,328 [main] INFO  db.DBStoreBuilder (DBStoreBuilder.java:addTable(110)) - using custom profile for table: multipartInfoTable
2019-08-30 03:51:10,328 [main] INFO  db.DBStoreBuilder (DBStoreBuilder.java:processTables(161)) - Using default column profile:DBProfile.DISK for Table:multipartInfoTable
2019-08-30 03:51:10,328 [main] INFO  db.DBStoreBuilder (DBStoreBuilder.java:addTable(110)) - using custom profile for table: dTokenTable
2019-08-30 03:51:10,329 [main] INFO  db.DBStoreBuilder (DBStoreBuilder.java:processTables(161)) - Using default column profile:DBProfile.DISK for Table:dTokenTable
2019-08-30 03:51:10,329 [main] INFO  db.DBStoreBuilder (DBStoreBuilder.java:addTable(110)) - using custom profile for table: s3SecretTable
2019-08-30 03:51:10,329 [main] INFO  db.DBStoreBuilder (DBStoreBuilder.java:processTables(161)) - Using default column profile:DBProfile.DISK for Table:s3SecretTable
2019-08-30 03:51:10,329 [main] INFO  db.DBStoreBuilder (DBStoreBuilder.java:addTable(110)) - using custom profile for table: prefixTable
2019-08-30 03:51:10,329 [main] INFO  db.DBStoreBuilder (DBStoreBuilder.java:processTables(161)) - Using default column profile:DBProfile.DISK for Table:prefixTable
2019-08-30 03:51:10,329 [main] INFO  db.DBStoreBuilder (DBStoreBuilder.java:addTable(110)) - using custom profile for table: default
2019-08-30 03:51:10,329 [main] INFO  db.DBStoreBuilder (DBStoreBuilder.java:processTables(167)) - Using default column profile:DBProfile.DISK for Table:default
2019-08-30 03:51:10,330 [main] INFO  db.DBStoreBuilder (DBStoreBuilder.java:getDbProfile(198)) - Using default options. DBProfile.DISK
2019-08-30 03:51:10,806 [main] INFO  ipc.CallQueueManager (CallQueueManager.java:<init>(84)) - Using callQueue: class java.util.concurrent.LinkedBlockingQueue, queueCapacity: 2000, scheduler: class org.apache.hadoop.ipc.DefaultRpcScheduler, ipcBackoff: false.
2019-08-30 03:51:10,807 [Socket Reader #1 for port 40582] INFO  ipc.Server (Server.java:run(1074)) - Starting Socket Reader #1 for port 40582
2019-08-30 03:51:10,825 [main] INFO  om.OzoneManager (OzoneManager.java:start(1256)) - OzoneManager RPC server is listening at localhost/127.0.0.1:40582
2019-08-30 03:51:10,825 [main] INFO  impl.MetricsSystemImpl (MetricsSystemImpl.java:init(158)) - OzoneManager metrics system started (again)
2019-08-30 03:51:10,826 [IPC Server listener on 40582] INFO  ipc.Server (Server.java:run(1153)) - IPC Server listener on 40582: starting
2019-08-30 03:51:10,826 [IPC Server Responder] INFO  ipc.Server (Server.java:run(1314)) - IPC Server Responder: starting
2019-08-30 03:51:10,831 [main] INFO  hdfs.DFSUtil (DFSUtil.java:httpServerTemplateForNNAndJN(1641)) - Starting Web-server for ozoneManager at: http://0.0.0.0:0
2019-08-30 03:51:10,833 [main] INFO  server.AuthenticationFilter (AuthenticationFilter.java:constructSecretProvider(240)) - Unable to initialize FileSignerSecretProvider, falling back to use random secrets.
2019-08-30 03:51:10,834 [main] WARN  http.HttpRequestLog (HttpRequestLog.java:getRequestLog(97)) - Jetty request log can only be enabled using Log4j
2019-08-30 03:51:10,837 [main] INFO  http.HttpServer2 (HttpServer2.java:addGlobalFilter(975)) - Added global filter 'safety' (class=org.apache.hadoop.http.HttpServer2$QuotingInputFilter)
2019-08-30 03:51:10,837 [main] INFO  http.HttpServer2 (HttpServer2.java:addFilter(948)) - Added filter static_user_filter (class=org.apache.hadoop.http.lib.StaticUserWebFilter$StaticUserFilter) to context ozoneManager
2019-08-30 03:51:10,838 [main] INFO  http.HttpServer2 (HttpServer2.java:addFilter(958)) - Added filter static_user_filter (class=org.apache.hadoop.http.lib.StaticUserWebFilter$StaticUserFilter) to context logs
2019-08-30 03:51:10,838 [main] INFO  http.HttpServer2 (HttpServer2.java:addFilter(958)) - Added filter static_user_filter (class=org.apache.hadoop.http.lib.StaticUserWebFilter$StaticUserFilter) to context static
2019-08-30 03:51:10,839 [main] INFO  http.HttpServer2 (HttpServer2.java:bindListener(1191)) - Jetty bound to port 36608
2019-08-30 03:51:10,839 [main] INFO  server.Server (Server.java:doStart(351)) - jetty-9.3.24.v20180605, build timestamp: 2018-06-05T17:11:56Z, git hash: 84205aa28f11a4f31f2a3b86d1bba2cc8ab69827
2019-08-30 03:51:10,841 [main] INFO  handler.ContextHandler (ContextHandler.java:doStart(781)) - Started o.e.j.s.ServletContextHandler@33e4b9c4{/logs,file:///workdir/hadoop-ozone/integration-test/target/log,AVAILABLE}
2019-08-30 03:51:10,842 [main] INFO  handler.ContextHandler (ContextHandler.java:doStart(781)) - Started o.e.j.s.ServletContextHandler@10d18696{/static,file:///workdir/hadoop-ozone/integration-test/target/test-classes/webapps/static,AVAILABLE}
2019-08-30 03:51:10,848 [main] INFO  handler.ContextHandler (ContextHandler.java:doStart(781)) - Started o.e.j.w.WebAppContext@32ae8f27{/,file:///workdir/hadoop-ozone/integration-test/target/test-classes/webapps/ozoneManager/,AVAILABLE}{/ozoneManager}
2019-08-30 03:51:10,848 [main] INFO  server.AbstractConnector (AbstractConnector.java:doStart(278)) - Started ServerConnector@75e80a97{HTTP/1.1,[http/1.1]}{0.0.0.0:36608}
2019-08-30 03:51:10,849 [main] INFO  server.Server (Server.java:doStart(419)) - Started @525532ms
2019-08-30 03:51:10,850 [main] INFO  server.BaseHttpServer (BaseHttpServer.java:updateConnectorAddress(213)) - HTTP server of OZONEMANAGER is listening at http://0.0.0.0:36608
2019-08-30 03:51:10,869 [main] INFO  impl.MetricsSystemImpl (MetricsSystemImpl.java:init(158)) - HddsDatanode metrics system started (again)
2019-08-30 03:51:10,871 [main] INFO  ozone.HddsDatanodeService (HddsDatanodeService.java:start(184)) - HddsDatanodeService host:pr-hdds-2057-gndl4-2748649462 ip:192.168.157.199
2019-08-30 03:51:10,879 [main] INFO  volume.HddsVolume (HddsVolume.java:<init>(176)) - Creating Volume: /workdir/hadoop-ozone/integration-test/target/test-dir/MiniOzoneClusterImpl-42edc0d0-c7e9-4cf8-aacf-72b5a22a0227/datanode-0/data/containers/hdds of  storage type : DISK and capacity : 1482555576320
2019-08-30 03:51:10,879 [main] INFO  volume.VolumeSet (VolumeSet.java:initializeVolumeSet(170)) - Added Volume : /workdir/hadoop-ozone/integration-test/target/test-dir/MiniOzoneClusterImpl-42edc0d0-c7e9-4cf8-aacf-72b5a22a0227/datanode-0/data/containers/hdds to VolumeSet
2019-08-30 03:51:10,879 [main] INFO  volume.ThrottledAsyncChecker (ThrottledAsyncChecker.java:schedule(140)) - Scheduling a check for org.apache.hadoop.ozone.container.common.volume.HddsVolume@7a606260
2019-08-30 03:51:10,880 [main] INFO  volume.HddsVolumeChecker (HddsVolumeChecker.java:checkAllVolumes(203)) - Scheduled health check for volume org.apache.hadoop.ozone.container.common.volume.HddsVolume@7a606260
2019-08-30 03:51:10,897 [main] INFO  impl.RaftServerProxy (ConfUtils.java:logGet(43)) - raft.rpc.type = GRPC (default)
2019-08-30 03:51:10,898 [main] INFO  grpc.GrpcFactory (GrpcFactory.java:checkPooledByteBufAllocatorUseCacheForAllThreads(45)) - PERFORMANCE WARNING: useCacheForAllThreads is true that may cause Netty to create a lot garbage objects and, as a result, trigger GC.
	It is recommended to disable useCacheForAllThreads by setting -Dorg.apache.ratis.thirdparty.io.netty.allocator.useCacheForAllThreads=false in command line.
2019-08-30 03:51:10,898 [main] INFO  grpc.GrpcConfigKeys$Server (ConfUtils.java:logGet(43)) - raft.grpc.server.port = 0 (default)
2019-08-30 03:51:10,899 [main] INFO  server.GrpcService (ConfUtils.java:logGet(43)) - raft.grpc.message.size.max = 33570816 (custom)
2019-08-30 03:51:10,899 [main] INFO  server.RaftServerConfigKeys (ConfUtils.java:logGet(43)) - raft.server.log.appender.buffer.byte-limit = 33554432 (custom)
2019-08-30 03:51:10,899 [main] INFO  server.GrpcService (ConfUtils.java:logGet(43)) - raft.grpc.flow.control.window = 1MB (=1048576) (default)
2019-08-30 03:51:10,899 [main] INFO  server.RaftServerConfigKeys (ConfUtils.java:logGet(43)) - raft.server.rpc.request.timeout = 3000ms (default)
2019-08-30 03:51:10,900 [main] INFO  server.RaftServerConfigKeys (ConfUtils.java:logGet(43)) - raft.server.storage.dir = [/workdir/hadoop-ozone/integration-test/target/test-dir/MiniOzoneClusterImpl-42edc0d0-c7e9-4cf8-aacf-72b5a22a0227/datanode-0/data/ratis] (custom)
2019-08-30 03:51:10,902 [main] INFO  hdfs.DFSUtil (DFSUtil.java:httpServerTemplateForNNAndJN(1641)) - Starting Web-server for hddsDatanode at: http://0.0.0.0:0
2019-08-30 03:51:10,904 [main] INFO  server.AuthenticationFilter (AuthenticationFilter.java:constructSecretProvider(240)) - Unable to initialize FileSignerSecretProvider, falling back to use random secrets.
2019-08-30 03:51:10,904 [main] WARN  http.HttpRequestLog (HttpRequestLog.java:getRequestLog(97)) - Jetty request log can only be enabled using Log4j
2019-08-30 03:51:10,906 [main] INFO  http.HttpServer2 (HttpServer2.java:addGlobalFilter(975)) - Added global filter 'safety' (class=org.apache.hadoop.http.HttpServer2$QuotingInputFilter)
2019-08-30 03:51:10,906 [main] INFO  http.HttpServer2 (HttpServer2.java:addFilter(948)) - Added filter static_user_filter (class=org.apache.hadoop.http.lib.StaticUserWebFilter$StaticUserFilter) to context hddsDatanode
2019-08-30 03:51:10,907 [main] INFO  http.HttpServer2 (HttpServer2.java:addFilter(958)) - Added filter static_user_filter (class=org.apache.hadoop.http.lib.StaticUserWebFilter$StaticUserFilter) to context static
2019-08-30 03:51:10,907 [main] INFO  http.HttpServer2 (HttpServer2.java:addFilter(958)) - Added filter static_user_filter (class=org.apache.hadoop.http.lib.StaticUserWebFilter$StaticUserFilter) to context logs
2019-08-30 03:51:10,907 [main] INFO  http.HttpServer2 (HttpServer2.java:bindListener(1191)) - Jetty bound to port 37884
2019-08-30 03:51:10,908 [main] INFO  server.Server (Server.java:doStart(351)) - jetty-9.3.24.v20180605, build timestamp: 2018-06-05T17:11:56Z, git hash: 84205aa28f11a4f31f2a3b86d1bba2cc8ab69827
2019-08-30 03:51:10,909 [main] INFO  handler.ContextHandler (ContextHandler.java:doStart(781)) - Started o.e.j.s.ServletContextHandler@539c4830{/logs,file:///workdir/hadoop-ozone/integration-test/target/log,AVAILABLE}
2019-08-30 03:51:10,910 [main] INFO  handler.ContextHandler (ContextHandler.java:doStart(781)) - Started o.e.j.s.ServletContextHandler@28b523a{/static,jar:file:/home/user/.m2/repository/org/apache/hadoop/hadoop-hdds-container-service/0.5.0-SNAPSHOT/hadoop-hdds-container-service-0.5.0-SNAPSHOT.jar!/webapps/static,AVAILABLE}
2019-08-30 03:51:10,952 [main] INFO  handler.ContextHandler (ContextHandler.java:doStart(781)) - Started o.e.j.w.WebAppContext@29bbc63c{/,file:///tmp/jetty-0.0.0.0-37884-hddsDatanode-_-any-5987215635029638221.dir/webapp/,AVAILABLE}{/hddsDatanode}
2019-08-30 03:51:10,953 [main] INFO  server.AbstractConnector (AbstractConnector.java:doStart(278)) - Started ServerConnector@272778ae{HTTP/1.1,[http/1.1]}{0.0.0.0:37884}
2019-08-30 03:51:10,954 [main] INFO  server.Server (Server.java:doStart(419)) - Started @525636ms
2019-08-30 03:51:10,955 [main] INFO  server.BaseHttpServer (BaseHttpServer.java:updateConnectorAddress(213)) - HTTP server of HDDSDATANODE is listening at http://0.0.0.0:37884
2019-08-30 03:51:10,955 [main] INFO  impl.MetricsSystemImpl (MetricsSystemImpl.java:init(158)) - HddsDatanode metrics system started (again)
2019-08-30 03:51:10,958 [org.apache.hadoop.util.JvmPauseMonitor$Monitor@134f2ebd] INFO  util.JvmPauseMonitor (JvmPauseMonitor.java:run(188)) - Starting JVM pause monitor
2019-08-30 03:51:10,958 [main] INFO  ozone.HddsDatanodeService (HddsDatanodeService.java:start(184)) - HddsDatanodeService host:pr-hdds-2057-gndl4-2748649462 ip:192.168.157.199
2019-08-30 03:51:10,959 [Datanode State Machine Thread - 0] INFO  datanode.InitDatanodeState (InitDatanodeState.java:persistContainerDatanodeDetails(140)) - DatanodeDetails is persisted to /workdir/hadoop-ozone/integration-test/target/test-dir/MiniOzoneClusterImpl-42edc0d0-c7e9-4cf8-aacf-72b5a22a0227/datanode-0/meta/datanode.id
2019-08-30 03:51:10,963 [main] INFO  volume.HddsVolume (HddsVolume.java:<init>(176)) - Creating Volume: /workdir/hadoop-ozone/integration-test/target/test-dir/MiniOzoneClusterImpl-42edc0d0-c7e9-4cf8-aacf-72b5a22a0227/datanode-1/data/containers/hdds of  storage type : DISK and capacity : 1482555576320
2019-08-30 03:51:10,964 [main] INFO  volume.VolumeSet (VolumeSet.java:initializeVolumeSet(170)) - Added Volume : /workdir/hadoop-ozone/integration-test/target/test-dir/MiniOzoneClusterImpl-42edc0d0-c7e9-4cf8-aacf-72b5a22a0227/datanode-1/data/containers/hdds to VolumeSet
2019-08-30 03:51:10,964 [main] INFO  volume.ThrottledAsyncChecker (ThrottledAsyncChecker.java:schedule(140)) - Scheduling a check for org.apache.hadoop.ozone.container.common.volume.HddsVolume@3f5dfe69
2019-08-30 03:51:10,964 [main] INFO  volume.HddsVolumeChecker (HddsVolumeChecker.java:checkAllVolumes(203)) - Scheduled health check for volume org.apache.hadoop.ozone.container.common.volume.HddsVolume@3f5dfe69
2019-08-30 03:51:10,977 [main] INFO  impl.RaftServerProxy (ConfUtils.java:logGet(43)) - raft.rpc.type = GRPC (default)
2019-08-30 03:51:10,977 [main] INFO  grpc.GrpcFactory (GrpcFactory.java:checkPooledByteBufAllocatorUseCacheForAllThreads(45)) - PERFORMANCE WARNING: useCacheForAllThreads is true that may cause Netty to create a lot garbage objects and, as a result, trigger GC.
	It is recommended to disable useCacheForAllThreads by setting -Dorg.apache.ratis.thirdparty.io.netty.allocator.useCacheForAllThreads=false in command line.
2019-08-30 03:51:10,978 [main] INFO  grpc.GrpcConfigKeys$Server (ConfUtils.java:logGet(43)) - raft.grpc.server.port = 0 (default)
2019-08-30 03:51:10,978 [main] INFO  server.GrpcService (ConfUtils.java:logGet(43)) - raft.grpc.message.size.max = 33570816 (custom)
2019-08-30 03:51:10,978 [main] INFO  server.RaftServerConfigKeys (ConfUtils.java:logGet(43)) - raft.server.log.appender.buffer.byte-limit = 33554432 (custom)
2019-08-30 03:51:10,978 [main] INFO  server.GrpcService (ConfUtils.java:logGet(43)) - raft.grpc.flow.control.window = 1MB (=1048576) (default)
2019-08-30 03:51:10,978 [main] INFO  server.RaftServerConfigKeys (ConfUtils.java:logGet(43)) - raft.server.rpc.request.timeout = 3000ms (default)
2019-08-30 03:51:10,979 [main] INFO  server.RaftServerConfigKeys (ConfUtils.java:logGet(43)) - raft.server.storage.dir = [/workdir/hadoop-ozone/integration-test/target/test-dir/MiniOzoneClusterImpl-42edc0d0-c7e9-4cf8-aacf-72b5a22a0227/datanode-1/data/ratis] (custom)
2019-08-30 03:51:10,980 [main] INFO  hdfs.DFSUtil (DFSUtil.java:httpServerTemplateForNNAndJN(1641)) - Starting Web-server for hddsDatanode at: http://0.0.0.0:0
2019-08-30 03:51:10,981 [main] INFO  server.AuthenticationFilter (AuthenticationFilter.java:constructSecretProvider(240)) - Unable to initialize FileSignerSecretProvider, falling back to use random secrets.
2019-08-30 03:51:10,982 [main] WARN  http.HttpRequestLog (HttpRequestLog.java:getRequestLog(97)) - Jetty request log can only be enabled using Log4j
2019-08-30 03:51:10,983 [main] INFO  http.HttpServer2 (HttpServer2.java:addGlobalFilter(975)) - Added global filter 'safety' (class=org.apache.hadoop.http.HttpServer2$QuotingInputFilter)
2019-08-30 03:51:10,983 [main] INFO  http.HttpServer2 (HttpServer2.java:addFilter(948)) - Added filter static_user_filter (class=org.apache.hadoop.http.lib.StaticUserWebFilter$StaticUserFilter) to context hddsDatanode
2019-08-30 03:51:10,984 [main] INFO  http.HttpServer2 (HttpServer2.java:addFilter(958)) - Added filter static_user_filter (class=org.apache.hadoop.http.lib.StaticUserWebFilter$StaticUserFilter) to context logs
2019-08-30 03:51:10,984 [main] INFO  http.HttpServer2 (HttpServer2.java:addFilter(958)) - Added filter static_user_filter (class=org.apache.hadoop.http.lib.StaticUserWebFilter$StaticUserFilter) to context static
2019-08-30 03:51:10,984 [main] INFO  http.HttpServer2 (HttpServer2.java:bindListener(1191)) - Jetty bound to port 44959
2019-08-30 03:51:10,985 [main] INFO  server.Server (Server.java:doStart(351)) - jetty-9.3.24.v20180605, build timestamp: 2018-06-05T17:11:56Z, git hash: 84205aa28f11a4f31f2a3b86d1bba2cc8ab69827
2019-08-30 03:51:10,986 [main] INFO  handler.ContextHandler (ContextHandler.java:doStart(781)) - Started o.e.j.s.ServletContextHandler@55296b50{/logs,file:///workdir/hadoop-ozone/integration-test/target/log,AVAILABLE}
2019-08-30 03:51:10,986 [main] INFO  handler.ContextHandler (ContextHandler.java:doStart(781)) - Started o.e.j.s.ServletContextHandler@29c53c4f{/static,jar:file:/home/user/.m2/repository/org/apache/hadoop/hadoop-hdds-container-service/0.5.0-SNAPSHOT/hadoop-hdds-container-service-0.5.0-SNAPSHOT.jar!/webapps/static,AVAILABLE}
2019-08-30 03:51:11,013 [main] INFO  handler.ContextHandler (ContextHandler.java:doStart(781)) - Started o.e.j.w.WebAppContext@509a6095{/,file:///tmp/jetty-0.0.0.0-44959-hddsDatanode-_-any-4318445155044149588.dir/webapp/,AVAILABLE}{/hddsDatanode}
2019-08-30 03:51:11,014 [main] INFO  server.AbstractConnector (AbstractConnector.java:doStart(278)) - Started ServerConnector@57cabdc3{HTTP/1.1,[http/1.1]}{0.0.0.0:44959}
2019-08-30 03:51:11,015 [main] INFO  server.Server (Server.java:doStart(419)) - Started @525697ms
2019-08-30 03:51:11,015 [main] INFO  server.BaseHttpServer (BaseHttpServer.java:updateConnectorAddress(213)) - HTTP server of HDDSDATANODE is listening at http://0.0.0.0:44959
2019-08-30 03:51:11,016 [main] INFO  impl.MetricsSystemImpl (MetricsSystemImpl.java:init(158)) - HddsDatanode metrics system started (again)
2019-08-30 03:51:11,018 [main] INFO  ozone.HddsDatanodeService (HddsDatanodeService.java:start(184)) - HddsDatanodeService host:pr-hdds-2057-gndl4-2748649462 ip:192.168.157.199
2019-08-30 03:51:11,018 [org.apache.hadoop.util.JvmPauseMonitor$Monitor@7734852a] INFO  util.JvmPauseMonitor (JvmPauseMonitor.java:run(188)) - Starting JVM pause monitor
2019-08-30 03:51:11,019 [Datanode State Machine Thread - 0] INFO  datanode.InitDatanodeState (InitDatanodeState.java:persistContainerDatanodeDetails(140)) - DatanodeDetails is persisted to /workdir/hadoop-ozone/integration-test/target/test-dir/MiniOzoneClusterImpl-42edc0d0-c7e9-4cf8-aacf-72b5a22a0227/datanode-1/meta/datanode.id
2019-08-30 03:51:11,023 [main] INFO  volume.HddsVolume (HddsVolume.java:<init>(176)) - Creating Volume: /workdir/hadoop-ozone/integration-test/target/test-dir/MiniOzoneClusterImpl-42edc0d0-c7e9-4cf8-aacf-72b5a22a0227/datanode-2/data/containers/hdds of  storage type : DISK and capacity : 1482555576320
2019-08-30 03:51:11,024 [main] INFO  volume.VolumeSet (VolumeSet.java:initializeVolumeSet(170)) - Added Volume : /workdir/hadoop-ozone/integration-test/target/test-dir/MiniOzoneClusterImpl-42edc0d0-c7e9-4cf8-aacf-72b5a22a0227/datanode-2/data/containers/hdds to VolumeSet
2019-08-30 03:51:11,024 [main] INFO  volume.ThrottledAsyncChecker (ThrottledAsyncChecker.java:schedule(140)) - Scheduling a check for org.apache.hadoop.ozone.container.common.volume.HddsVolume@15d236fd
2019-08-30 03:51:11,024 [main] INFO  volume.HddsVolumeChecker (HddsVolumeChecker.java:checkAllVolumes(203)) - Scheduled health check for volume org.apache.hadoop.ozone.container.common.volume.HddsVolume@15d236fd
2019-08-30 03:51:11,039 [main] INFO  impl.RaftServerProxy (ConfUtils.java:logGet(43)) - raft.rpc.type = GRPC (default)
2019-08-30 03:51:11,039 [main] INFO  grpc.GrpcFactory (GrpcFactory.java:checkPooledByteBufAllocatorUseCacheForAllThreads(45)) - PERFORMANCE WARNING: useCacheForAllThreads is true that may cause Netty to create a lot garbage objects and, as a result, trigger GC.
	It is recommended to disable useCacheForAllThreads by setting -Dorg.apache.ratis.thirdparty.io.netty.allocator.useCacheForAllThreads=false in command line.
2019-08-30 03:51:11,039 [main] INFO  grpc.GrpcConfigKeys$Server (ConfUtils.java:logGet(43)) - raft.grpc.server.port = 0 (default)
2019-08-30 03:51:11,039 [main] INFO  server.GrpcService (ConfUtils.java:logGet(43)) - raft.grpc.message.size.max = 33570816 (custom)
2019-08-30 03:51:11,039 [main] INFO  server.RaftServerConfigKeys (ConfUtils.java:logGet(43)) - raft.server.log.appender.buffer.byte-limit = 33554432 (custom)
2019-08-30 03:51:11,039 [main] INFO  server.GrpcService (ConfUtils.java:logGet(43)) - raft.grpc.flow.control.window = 1MB (=1048576) (default)
2019-08-30 03:51:11,040 [main] INFO  server.RaftServerConfigKeys (ConfUtils.java:logGet(43)) - raft.server.rpc.request.timeout = 3000ms (default)
2019-08-30 03:51:11,040 [main] INFO  server.RaftServerConfigKeys (ConfUtils.java:logGet(43)) - raft.server.storage.dir = [/workdir/hadoop-ozone/integration-test/target/test-dir/MiniOzoneClusterImpl-42edc0d0-c7e9-4cf8-aacf-72b5a22a0227/datanode-2/data/ratis] (custom)
2019-08-30 03:51:11,041 [main] INFO  hdfs.DFSUtil (DFSUtil.java:httpServerTemplateForNNAndJN(1641)) - Starting Web-server for hddsDatanode at: http://0.0.0.0:0
2019-08-30 03:51:11,042 [main] INFO  server.AuthenticationFilter (AuthenticationFilter.java:constructSecretProvider(240)) - Unable to initialize FileSignerSecretProvider, falling back to use random secrets.
2019-08-30 03:51:11,043 [main] WARN  http.HttpRequestLog (HttpRequestLog.java:getRequestLog(97)) - Jetty request log can only be enabled using Log4j
2019-08-30 03:51:11,044 [main] INFO  http.HttpServer2 (HttpServer2.java:addGlobalFilter(975)) - Added global filter 'safety' (class=org.apache.hadoop.http.HttpServer2$QuotingInputFilter)
2019-08-30 03:51:11,044 [main] INFO  http.HttpServer2 (HttpServer2.java:addFilter(948)) - Added filter static_user_filter (class=org.apache.hadoop.http.lib.StaticUserWebFilter$StaticUserFilter) to context hddsDatanode
2019-08-30 03:51:11,045 [main] INFO  http.HttpServer2 (HttpServer2.java:addFilter(958)) - Added filter static_user_filter (class=org.apache.hadoop.http.lib.StaticUserWebFilter$StaticUserFilter) to context static
2019-08-30 03:51:11,045 [main] INFO  http.HttpServer2 (HttpServer2.java:addFilter(958)) - Added filter static_user_filter (class=org.apache.hadoop.http.lib.StaticUserWebFilter$StaticUserFilter) to context logs
2019-08-30 03:51:11,045 [main] INFO  http.HttpServer2 (HttpServer2.java:bindListener(1191)) - Jetty bound to port 41896
2019-08-30 03:51:11,045 [main] INFO  server.Server (Server.java:doStart(351)) - jetty-9.3.24.v20180605, build timestamp: 2018-06-05T17:11:56Z, git hash: 84205aa28f11a4f31f2a3b86d1bba2cc8ab69827
2019-08-30 03:51:11,047 [main] INFO  handler.ContextHandler (ContextHandler.java:doStart(781)) - Started o.e.j.s.ServletContextHandler@5c448ef{/logs,file:///workdir/hadoop-ozone/integration-test/target/log,AVAILABLE}
2019-08-30 03:51:11,047 [main] INFO  handler.ContextHandler (ContextHandler.java:doStart(781)) - Started o.e.j.s.ServletContextHandler@49c1e294{/static,jar:file:/home/user/.m2/repository/org/apache/hadoop/hadoop-hdds-container-service/0.5.0-SNAPSHOT/hadoop-hdds-container-service-0.5.0-SNAPSHOT.jar!/webapps/static,AVAILABLE}
2019-08-30 03:51:11,074 [main] INFO  handler.ContextHandler (ContextHandler.java:doStart(781)) - Started o.e.j.w.WebAppContext@42a0786f{/,file:///tmp/jetty-0.0.0.0-41896-hddsDatanode-_-any-5520882687674080252.dir/webapp/,AVAILABLE}{/hddsDatanode}
2019-08-30 03:51:11,074 [main] INFO  server.AbstractConnector (AbstractConnector.java:doStart(278)) - Started ServerConnector@477523ba{HTTP/1.1,[http/1.1]}{0.0.0.0:41896}
2019-08-30 03:51:11,075 [main] INFO  server.Server (Server.java:doStart(419)) - Started @525757ms
2019-08-30 03:51:11,076 [main] INFO  server.BaseHttpServer (BaseHttpServer.java:updateConnectorAddress(213)) - HTTP server of HDDSDATANODE is listening at http://0.0.0.0:41896
2019-08-30 03:51:11,076 [main] INFO  impl.MetricsSystemImpl (MetricsSystemImpl.java:init(158)) - HddsDatanode metrics system started (again)
2019-08-30 03:51:11,078 [main] INFO  ozone.HddsDatanodeService (HddsDatanodeService.java:start(184)) - HddsDatanodeService host:pr-hdds-2057-gndl4-2748649462 ip:192.168.157.199
2019-08-30 03:51:11,078 [org.apache.hadoop.util.JvmPauseMonitor$Monitor@447fa20] INFO  util.JvmPauseMonitor (JvmPauseMonitor.java:run(188)) - Starting JVM pause monitor
2019-08-30 03:51:11,080 [Datanode State Machine Thread - 0] INFO  datanode.InitDatanodeState (InitDatanodeState.java:persistContainerDatanodeDetails(140)) - DatanodeDetails is persisted to /workdir/hadoop-ozone/integration-test/target/test-dir/MiniOzoneClusterImpl-42edc0d0-c7e9-4cf8-aacf-72b5a22a0227/datanode-2/meta/datanode.id
2019-08-30 03:51:11,083 [main] INFO  volume.HddsVolume (HddsVolume.java:<init>(176)) - Creating Volume: /workdir/hadoop-ozone/integration-test/target/test-dir/MiniOzoneClusterImpl-42edc0d0-c7e9-4cf8-aacf-72b5a22a0227/datanode-3/data/containers/hdds of  storage type : DISK and capacity : 1482555576320
2019-08-30 03:51:11,084 [main] INFO  volume.VolumeSet (VolumeSet.java:initializeVolumeSet(170)) - Added Volume : /workdir/hadoop-ozone/integration-test/target/test-dir/MiniOzoneClusterImpl-42edc0d0-c7e9-4cf8-aacf-72b5a22a0227/datanode-3/data/containers/hdds to VolumeSet
2019-08-30 03:51:11,084 [main] INFO  volume.ThrottledAsyncChecker (ThrottledAsyncChecker.java:schedule(140)) - Scheduling a check for org.apache.hadoop.ozone.container.common.volume.HddsVolume@78d92eef
2019-08-30 03:51:11,084 [main] INFO  volume.HddsVolumeChecker (HddsVolumeChecker.java:checkAllVolumes(203)) - Scheduled health check for volume org.apache.hadoop.ozone.container.common.volume.HddsVolume@78d92eef
2019-08-30 03:51:11,096 [main] INFO  impl.RaftServerProxy (ConfUtils.java:logGet(43)) - raft.rpc.type = GRPC (default)
2019-08-30 03:51:11,097 [main] INFO  grpc.GrpcFactory (GrpcFactory.java:checkPooledByteBufAllocatorUseCacheForAllThreads(45)) - PERFORMANCE WARNING: useCacheForAllThreads is true that may cause Netty to create a lot garbage objects and, as a result, trigger GC.
	It is recommended to disable useCacheForAllThreads by setting -Dorg.apache.ratis.thirdparty.io.netty.allocator.useCacheForAllThreads=false in command line.
2019-08-30 03:51:11,097 [main] INFO  grpc.GrpcConfigKeys$Server (ConfUtils.java:logGet(43)) - raft.grpc.server.port = 0 (default)
2019-08-30 03:51:11,097 [main] INFO  server.GrpcService (ConfUtils.java:logGet(43)) - raft.grpc.message.size.max = 33570816 (custom)
2019-08-30 03:51:11,097 [main] INFO  server.RaftServerConfigKeys (ConfUtils.java:logGet(43)) - raft.server.log.appender.buffer.byte-limit = 33554432 (custom)
2019-08-30 03:51:11,097 [main] INFO  server.GrpcService (ConfUtils.java:logGet(43)) - raft.grpc.flow.control.window = 1MB (=1048576) (default)
2019-08-30 03:51:11,097 [main] INFO  server.RaftServerConfigKeys (ConfUtils.java:logGet(43)) - raft.server.rpc.request.timeout = 3000ms (default)
2019-08-30 03:51:11,098 [main] INFO  server.RaftServerConfigKeys (ConfUtils.java:logGet(43)) - raft.server.storage.dir = [/workdir/hadoop-ozone/integration-test/target/test-dir/MiniOzoneClusterImpl-42edc0d0-c7e9-4cf8-aacf-72b5a22a0227/datanode-3/data/ratis] (custom)
2019-08-30 03:51:11,099 [main] INFO  hdfs.DFSUtil (DFSUtil.java:httpServerTemplateForNNAndJN(1641)) - Starting Web-server for hddsDatanode at: http://0.0.0.0:0
2019-08-30 03:51:11,100 [main] INFO  server.AuthenticationFilter (AuthenticationFilter.java:constructSecretProvider(240)) - Unable to initialize FileSignerSecretProvider, falling back to use random secrets.
2019-08-30 03:51:11,100 [main] WARN  http.HttpRequestLog (HttpRequestLog.java:getRequestLog(97)) - Jetty request log can only be enabled using Log4j
2019-08-30 03:51:11,102 [main] INFO  http.HttpServer2 (HttpServer2.java:addGlobalFilter(975)) - Added global filter 'safety' (class=org.apache.hadoop.http.HttpServer2$QuotingInputFilter)
2019-08-30 03:51:11,102 [main] INFO  http.HttpServer2 (HttpServer2.java:addFilter(948)) - Added filter static_user_filter (class=org.apache.hadoop.http.lib.StaticUserWebFilter$StaticUserFilter) to context hddsDatanode
2019-08-30 03:51:11,102 [main] INFO  http.HttpServer2 (HttpServer2.java:addFilter(958)) - Added filter static_user_filter (class=org.apache.hadoop.http.lib.StaticUserWebFilter$StaticUserFilter) to context static
2019-08-30 03:51:11,102 [main] INFO  http.HttpServer2 (HttpServer2.java:addFilter(958)) - Added filter static_user_filter (class=org.apache.hadoop.http.lib.StaticUserWebFilter$StaticUserFilter) to context logs
2019-08-30 03:51:11,103 [main] INFO  http.HttpServer2 (HttpServer2.java:bindListener(1191)) - Jetty bound to port 46495
2019-08-30 03:51:11,103 [main] INFO  server.Server (Server.java:doStart(351)) - jetty-9.3.24.v20180605, build timestamp: 2018-06-05T17:11:56Z, git hash: 84205aa28f11a4f31f2a3b86d1bba2cc8ab69827
2019-08-30 03:51:11,104 [main] INFO  handler.ContextHandler (ContextHandler.java:doStart(781)) - Started o.e.j.s.ServletContextHandler@61da0413{/logs,file:///workdir/hadoop-ozone/integration-test/target/log,AVAILABLE}
2019-08-30 03:51:11,105 [main] INFO  handler.ContextHandler (ContextHandler.java:doStart(781)) - Started o.e.j.s.ServletContextHandler@4d4c1ba9{/static,jar:file:/home/user/.m2/repository/org/apache/hadoop/hadoop-hdds-container-service/0.5.0-SNAPSHOT/hadoop-hdds-container-service-0.5.0-SNAPSHOT.jar!/webapps/static,AVAILABLE}
2019-08-30 03:51:11,131 [main] INFO  handler.ContextHandler (ContextHandler.java:doStart(781)) - Started o.e.j.w.WebAppContext@1de13f34{/,file:///tmp/jetty-0.0.0.0-46495-hddsDatanode-_-any-7301236571270275659.dir/webapp/,AVAILABLE}{/hddsDatanode}
2019-08-30 03:51:11,132 [main] INFO  server.AbstractConnector (AbstractConnector.java:doStart(278)) - Started ServerConnector@7e191fda{HTTP/1.1,[http/1.1]}{0.0.0.0:46495}
2019-08-30 03:51:11,132 [main] INFO  server.Server (Server.java:doStart(419)) - Started @525814ms
2019-08-30 03:51:11,134 [main] INFO  server.BaseHttpServer (BaseHttpServer.java:updateConnectorAddress(213)) - HTTP server of HDDSDATANODE is listening at http://0.0.0.0:46495
2019-08-30 03:51:11,134 [main] INFO  impl.MetricsSystemImpl (MetricsSystemImpl.java:init(158)) - HddsDatanode metrics system started (again)
2019-08-30 03:51:11,136 [main] INFO  ozone.HddsDatanodeService (HddsDatanodeService.java:start(184)) - HddsDatanodeService host:pr-hdds-2057-gndl4-2748649462 ip:192.168.157.199
2019-08-30 03:51:11,137 [org.apache.hadoop.util.JvmPauseMonitor$Monitor@45609927] INFO  util.JvmPauseMonitor (JvmPauseMonitor.java:run(188)) - Starting JVM pause monitor
2019-08-30 03:51:11,138 [Datanode State Machine Thread - 0] INFO  datanode.InitDatanodeState (InitDatanodeState.java:persistContainerDatanodeDetails(140)) - DatanodeDetails is persisted to /workdir/hadoop-ozone/integration-test/target/test-dir/MiniOzoneClusterImpl-42edc0d0-c7e9-4cf8-aacf-72b5a22a0227/datanode-3/meta/datanode.id
2019-08-30 03:51:11,142 [main] INFO  volume.HddsVolume (HddsVolume.java:<init>(176)) - Creating Volume: /workdir/hadoop-ozone/integration-test/target/test-dir/MiniOzoneClusterImpl-42edc0d0-c7e9-4cf8-aacf-72b5a22a0227/datanode-4/data/containers/hdds of  storage type : DISK and capacity : 1482555576320
2019-08-30 03:51:11,143 [main] INFO  volume.VolumeSet (VolumeSet.java:initializeVolumeSet(170)) - Added Volume : /workdir/hadoop-ozone/integration-test/target/test-dir/MiniOzoneClusterImpl-42edc0d0-c7e9-4cf8-aacf-72b5a22a0227/datanode-4/data/containers/hdds to VolumeSet
2019-08-30 03:51:11,143 [main] INFO  volume.ThrottledAsyncChecker (ThrottledAsyncChecker.java:schedule(140)) - Scheduling a check for org.apache.hadoop.ozone.container.common.volume.HddsVolume@125f16b2
2019-08-30 03:51:11,143 [main] INFO  volume.HddsVolumeChecker (HddsVolumeChecker.java:checkAllVolumes(203)) - Scheduled health check for volume org.apache.hadoop.ozone.container.common.volume.HddsVolume@125f16b2
2019-08-30 03:51:11,156 [main] INFO  impl.RaftServerProxy (ConfUtils.java:logGet(43)) - raft.rpc.type = GRPC (default)
2019-08-30 03:51:11,156 [main] INFO  grpc.GrpcFactory (GrpcFactory.java:checkPooledByteBufAllocatorUseCacheForAllThreads(45)) - PERFORMANCE WARNING: useCacheForAllThreads is true that may cause Netty to create a lot garbage objects and, as a result, trigger GC.
	It is recommended to disable useCacheForAllThreads by setting -Dorg.apache.ratis.thirdparty.io.netty.allocator.useCacheForAllThreads=false in command line.
2019-08-30 03:51:11,157 [main] INFO  grpc.GrpcConfigKeys$Server (ConfUtils.java:logGet(43)) - raft.grpc.server.port = 0 (default)
2019-08-30 03:51:11,157 [main] INFO  server.GrpcService (ConfUtils.java:logGet(43)) - raft.grpc.message.size.max = 33570816 (custom)
2019-08-30 03:51:11,157 [main] INFO  server.RaftServerConfigKeys (ConfUtils.java:logGet(43)) - raft.server.log.appender.buffer.byte-limit = 33554432 (custom)
2019-08-30 03:51:11,157 [main] INFO  server.GrpcService (ConfUtils.java:logGet(43)) - raft.grpc.flow.control.window = 1MB (=1048576) (default)
2019-08-30 03:51:11,157 [main] INFO  server.RaftServerConfigKeys (ConfUtils.java:logGet(43)) - raft.server.rpc.request.timeout = 3000ms (default)
2019-08-30 03:51:11,158 [main] INFO  server.RaftServerConfigKeys (ConfUtils.java:logGet(43)) - raft.server.storage.dir = [/workdir/hadoop-ozone/integration-test/target/test-dir/MiniOzoneClusterImpl-42edc0d0-c7e9-4cf8-aacf-72b5a22a0227/datanode-4/data/ratis] (custom)
2019-08-30 03:51:11,159 [main] INFO  hdfs.DFSUtil (DFSUtil.java:httpServerTemplateForNNAndJN(1641)) - Starting Web-server for hddsDatanode at: http://0.0.0.0:0
2019-08-30 03:51:11,160 [main] INFO  server.AuthenticationFilter (AuthenticationFilter.java:constructSecretProvider(240)) - Unable to initialize FileSignerSecretProvider, falling back to use random secrets.
2019-08-30 03:51:11,160 [main] WARN  http.HttpRequestLog (HttpRequestLog.java:getRequestLog(97)) - Jetty request log can only be enabled using Log4j
2019-08-30 03:51:11,161 [main] INFO  http.HttpServer2 (HttpServer2.java:addGlobalFilter(975)) - Added global filter 'safety' (class=org.apache.hadoop.http.HttpServer2$QuotingInputFilter)
2019-08-30 03:51:11,162 [main] INFO  http.HttpServer2 (HttpServer2.java:addFilter(948)) - Added filter static_user_filter (class=org.apache.hadoop.http.lib.StaticUserWebFilter$StaticUserFilter) to context hddsDatanode
2019-08-30 03:51:11,162 [main] INFO  http.HttpServer2 (HttpServer2.java:addFilter(958)) - Added filter static_user_filter (class=org.apache.hadoop.http.lib.StaticUserWebFilter$StaticUserFilter) to context logs
2019-08-30 03:51:11,162 [main] INFO  http.HttpServer2 (HttpServer2.java:addFilter(958)) - Added filter static_user_filter (class=org.apache.hadoop.http.lib.StaticUserWebFilter$StaticUserFilter) to context static
2019-08-30 03:51:11,163 [main] INFO  http.HttpServer2 (HttpServer2.java:bindListener(1191)) - Jetty bound to port 42077
2019-08-30 03:51:11,163 [main] INFO  server.Server (Server.java:doStart(351)) - jetty-9.3.24.v20180605, build timestamp: 2018-06-05T17:11:56Z, git hash: 84205aa28f11a4f31f2a3b86d1bba2cc8ab69827
2019-08-30 03:51:11,164 [main] INFO  handler.ContextHandler (ContextHandler.java:doStart(781)) - Started o.e.j.s.ServletContextHandler@87f501f{/logs,file:///workdir/hadoop-ozone/integration-test/target/log,AVAILABLE}
2019-08-30 03:51:11,165 [main] INFO  handler.ContextHandler (ContextHandler.java:doStart(781)) - Started o.e.j.s.ServletContextHandler@67c6f4d8{/static,jar:file:/home/user/.m2/repository/org/apache/hadoop/hadoop-hdds-container-service/0.5.0-SNAPSHOT/hadoop-hdds-container-service-0.5.0-SNAPSHOT.jar!/webapps/static,AVAILABLE}
2019-08-30 03:51:11,191 [main] INFO  handler.ContextHandler (ContextHandler.java:doStart(781)) - Started o.e.j.w.WebAppContext@1e495414{/,file:///tmp/jetty-0.0.0.0-42077-hddsDatanode-_-any-1148756374381496050.dir/webapp/,AVAILABLE}{/hddsDatanode}
2019-08-30 03:51:11,192 [main] INFO  server.AbstractConnector (AbstractConnector.java:doStart(278)) - Started ServerConnector@3711c71c{HTTP/1.1,[http/1.1]}{0.0.0.0:42077}
2019-08-30 03:51:11,192 [main] INFO  server.Server (Server.java:doStart(419)) - Started @525874ms
2019-08-30 03:51:11,193 [main] INFO  server.BaseHttpServer (BaseHttpServer.java:updateConnectorAddress(213)) - HTTP server of HDDSDATANODE is listening at http://0.0.0.0:42077
2019-08-30 03:51:11,194 [main] INFO  impl.MetricsSystemImpl (MetricsSystemImpl.java:init(158)) - HddsDatanode metrics system started (again)
2019-08-30 03:51:11,196 [main] INFO  ozone.HddsDatanodeService (HddsDatanodeService.java:start(184)) - HddsDatanodeService host:pr-hdds-2057-gndl4-2748649462 ip:192.168.157.199
2019-08-30 03:51:11,197 [org.apache.hadoop.util.JvmPauseMonitor$Monitor@18b8ba18] INFO  util.JvmPauseMonitor (JvmPauseMonitor.java:run(188)) - Starting JVM pause monitor
2019-08-30 03:51:11,198 [Datanode State Machine Thread - 0] INFO  datanode.InitDatanodeState (InitDatanodeState.java:persistContainerDatanodeDetails(140)) - DatanodeDetails is persisted to /workdir/hadoop-ozone/integration-test/target/test-dir/MiniOzoneClusterImpl-42edc0d0-c7e9-4cf8-aacf-72b5a22a0227/datanode-4/meta/datanode.id
2019-08-30 03:51:11,203 [main] INFO  volume.HddsVolume (HddsVolume.java:<init>(176)) - Creating Volume: /workdir/hadoop-ozone/integration-test/target/test-dir/MiniOzoneClusterImpl-42edc0d0-c7e9-4cf8-aacf-72b5a22a0227/datanode-5/data/containers/hdds of  storage type : DISK and capacity : 1482555576320
2019-08-30 03:51:11,203 [main] INFO  volume.VolumeSet (VolumeSet.java:initializeVolumeSet(170)) - Added Volume : /workdir/hadoop-ozone/integration-test/target/test-dir/MiniOzoneClusterImpl-42edc0d0-c7e9-4cf8-aacf-72b5a22a0227/datanode-5/data/containers/hdds to VolumeSet
2019-08-30 03:51:11,203 [main] INFO  volume.ThrottledAsyncChecker (ThrottledAsyncChecker.java:schedule(140)) - Scheduling a check for org.apache.hadoop.ozone.container.common.volume.HddsVolume@b06d46d
2019-08-30 03:51:11,204 [main] INFO  volume.HddsVolumeChecker (HddsVolumeChecker.java:checkAllVolumes(203)) - Scheduled health check for volume org.apache.hadoop.ozone.container.common.volume.HddsVolume@b06d46d
2019-08-30 03:51:11,217 [main] INFO  impl.RaftServerProxy (ConfUtils.java:logGet(43)) - raft.rpc.type = GRPC (default)
2019-08-30 03:51:11,217 [main] INFO  grpc.GrpcFactory (GrpcFactory.java:checkPooledByteBufAllocatorUseCacheForAllThreads(45)) - PERFORMANCE WARNING: useCacheForAllThreads is true that may cause Netty to create a lot garbage objects and, as a result, trigger GC.
	It is recommended to disable useCacheForAllThreads by setting -Dorg.apache.ratis.thirdparty.io.netty.allocator.useCacheForAllThreads=false in command line.
2019-08-30 03:51:11,218 [main] INFO  grpc.GrpcConfigKeys$Server (ConfUtils.java:logGet(43)) - raft.grpc.server.port = 0 (default)
2019-08-30 03:51:11,218 [main] INFO  server.GrpcService (ConfUtils.java:logGet(43)) - raft.grpc.message.size.max = 33570816 (custom)
2019-08-30 03:51:11,218 [main] INFO  server.RaftServerConfigKeys (ConfUtils.java:logGet(43)) - raft.server.log.appender.buffer.byte-limit = 33554432 (custom)
2019-08-30 03:51:11,218 [main] INFO  server.GrpcService (ConfUtils.java:logGet(43)) - raft.grpc.flow.control.window = 1MB (=1048576) (default)
2019-08-30 03:51:11,218 [main] INFO  server.RaftServerConfigKeys (ConfUtils.java:logGet(43)) - raft.server.rpc.request.timeout = 3000ms (default)
2019-08-30 03:51:11,219 [main] INFO  server.RaftServerConfigKeys (ConfUtils.java:logGet(43)) - raft.server.storage.dir = [/workdir/hadoop-ozone/integration-test/target/test-dir/MiniOzoneClusterImpl-42edc0d0-c7e9-4cf8-aacf-72b5a22a0227/datanode-5/data/ratis] (custom)
2019-08-30 03:51:11,220 [main] INFO  hdfs.DFSUtil (DFSUtil.java:httpServerTemplateForNNAndJN(1641)) - Starting Web-server for hddsDatanode at: http://0.0.0.0:0
2019-08-30 03:51:11,221 [main] INFO  server.AuthenticationFilter (AuthenticationFilter.java:constructSecretProvider(240)) - Unable to initialize FileSignerSecretProvider, falling back to use random secrets.
2019-08-30 03:51:11,221 [main] WARN  http.HttpRequestLog (HttpRequestLog.java:getRequestLog(97)) - Jetty request log can only be enabled using Log4j
2019-08-30 03:51:11,223 [main] INFO  http.HttpServer2 (HttpServer2.java:addGlobalFilter(975)) - Added global filter 'safety' (class=org.apache.hadoop.http.HttpServer2$QuotingInputFilter)
2019-08-30 03:51:11,223 [main] INFO  http.HttpServer2 (HttpServer2.java:addFilter(948)) - Added filter static_user_filter (class=org.apache.hadoop.http.lib.StaticUserWebFilter$StaticUserFilter) to context hddsDatanode
2019-08-30 03:51:11,223 [main] INFO  http.HttpServer2 (HttpServer2.java:addFilter(958)) - Added filter static_user_filter (class=org.apache.hadoop.http.lib.StaticUserWebFilter$StaticUserFilter) to context static
2019-08-30 03:51:11,223 [main] INFO  http.HttpServer2 (HttpServer2.java:addFilter(958)) - Added filter static_user_filter (class=org.apache.hadoop.http.lib.StaticUserWebFilter$StaticUserFilter) to context logs
2019-08-30 03:51:11,224 [main] INFO  http.HttpServer2 (HttpServer2.java:bindListener(1191)) - Jetty bound to port 46227
2019-08-30 03:51:11,224 [main] INFO  server.Server (Server.java:doStart(351)) - jetty-9.3.24.v20180605, build timestamp: 2018-06-05T17:11:56Z, git hash: 84205aa28f11a4f31f2a3b86d1bba2cc8ab69827
2019-08-30 03:51:11,225 [main] INFO  handler.ContextHandler (ContextHandler.java:doStart(781)) - Started o.e.j.s.ServletContextHandler@1c7f9861{/logs,file:///workdir/hadoop-ozone/integration-test/target/log,AVAILABLE}
2019-08-30 03:51:11,226 [main] INFO  handler.ContextHandler (ContextHandler.java:doStart(781)) - Started o.e.j.s.ServletContextHandler@154b8cb6{/static,jar:file:/home/user/.m2/repository/org/apache/hadoop/hadoop-hdds-container-service/0.5.0-SNAPSHOT/hadoop-hdds-container-service-0.5.0-SNAPSHOT.jar!/webapps/static,AVAILABLE}
2019-08-30 03:51:11,252 [main] INFO  handler.ContextHandler (ContextHandler.java:doStart(781)) - Started o.e.j.w.WebAppContext@5520f675{/,file:///tmp/jetty-0.0.0.0-46227-hddsDatanode-_-any-6443409944599335784.dir/webapp/,AVAILABLE}{/hddsDatanode}
2019-08-30 03:51:11,253 [main] INFO  server.AbstractConnector (AbstractConnector.java:doStart(278)) - Started ServerConnector@2d237460{HTTP/1.1,[http/1.1]}{0.0.0.0:46227}
2019-08-30 03:51:11,254 [main] INFO  server.Server (Server.java:doStart(419)) - Started @525936ms
2019-08-30 03:51:11,255 [main] INFO  server.BaseHttpServer (BaseHttpServer.java:updateConnectorAddress(213)) - HTTP server of HDDSDATANODE is listening at http://0.0.0.0:46227
2019-08-30 03:51:11,255 [main] INFO  impl.MetricsSystemImpl (MetricsSystemImpl.java:init(158)) - HddsDatanode metrics system started (again)
2019-08-30 03:51:11,258 [org.apache.hadoop.util.JvmPauseMonitor$Monitor@2410ba82] INFO  util.JvmPauseMonitor (JvmPauseMonitor.java:run(188)) - Starting JVM pause monitor
2019-08-30 03:51:11,258 [main] INFO  ozone.HddsDatanodeService (HddsDatanodeService.java:start(184)) - HddsDatanodeService host:pr-hdds-2057-gndl4-2748649462 ip:192.168.157.199
2019-08-30 03:51:11,259 [Datanode State Machine Thread - 0] INFO  datanode.InitDatanodeState (InitDatanodeState.java:persistContainerDatanodeDetails(140)) - DatanodeDetails is persisted to /workdir/hadoop-ozone/integration-test/target/test-dir/MiniOzoneClusterImpl-42edc0d0-c7e9-4cf8-aacf-72b5a22a0227/datanode-5/meta/datanode.id
2019-08-30 03:51:11,265 [main] INFO  volume.HddsVolume (HddsVolume.java:<init>(176)) - Creating Volume: /workdir/hadoop-ozone/integration-test/target/test-dir/MiniOzoneClusterImpl-42edc0d0-c7e9-4cf8-aacf-72b5a22a0227/datanode-6/data/containers/hdds of  storage type : DISK and capacity : 1482555576320
2019-08-30 03:51:11,265 [main] INFO  volume.VolumeSet (VolumeSet.java:initializeVolumeSet(170)) - Added Volume : /workdir/hadoop-ozone/integration-test/target/test-dir/MiniOzoneClusterImpl-42edc0d0-c7e9-4cf8-aacf-72b5a22a0227/datanode-6/data/containers/hdds to VolumeSet
2019-08-30 03:51:11,265 [main] INFO  volume.ThrottledAsyncChecker (ThrottledAsyncChecker.java:schedule(140)) - Scheduling a check for org.apache.hadoop.ozone.container.common.volume.HddsVolume@5866731
2019-08-30 03:51:11,265 [main] INFO  volume.HddsVolumeChecker (HddsVolumeChecker.java:checkAllVolumes(203)) - Scheduled health check for volume org.apache.hadoop.ozone.container.common.volume.HddsVolume@5866731
2019-08-30 03:51:11,278 [main] INFO  impl.RaftServerProxy (ConfUtils.java:logGet(43)) - raft.rpc.type = GRPC (default)
2019-08-30 03:51:11,278 [main] INFO  grpc.GrpcFactory (GrpcFactory.java:checkPooledByteBufAllocatorUseCacheForAllThreads(45)) - PERFORMANCE WARNING: useCacheForAllThreads is true that may cause Netty to create a lot garbage objects and, as a result, trigger GC.
	It is recommended to disable useCacheForAllThreads by setting -Dorg.apache.ratis.thirdparty.io.netty.allocator.useCacheForAllThreads=false in command line.
2019-08-30 03:51:11,279 [main] INFO  grpc.GrpcConfigKeys$Server (ConfUtils.java:logGet(43)) - raft.grpc.server.port = 0 (default)
2019-08-30 03:51:11,279 [main] INFO  server.GrpcService (ConfUtils.java:logGet(43)) - raft.grpc.message.size.max = 33570816 (custom)
2019-08-30 03:51:11,279 [main] INFO  server.RaftServerConfigKeys (ConfUtils.java:logGet(43)) - raft.server.log.appender.buffer.byte-limit = 33554432 (custom)
2019-08-30 03:51:11,279 [main] INFO  server.GrpcService (ConfUtils.java:logGet(43)) - raft.grpc.flow.control.window = 1MB (=1048576) (default)
2019-08-30 03:51:11,279 [main] INFO  server.RaftServerConfigKeys (ConfUtils.java:logGet(43)) - raft.server.rpc.request.timeout = 3000ms (default)
2019-08-30 03:51:11,280 [main] INFO  server.RaftServerConfigKeys (ConfUtils.java:logGet(43)) - raft.server.storage.dir = [/workdir/hadoop-ozone/integration-test/target/test-dir/MiniOzoneClusterImpl-42edc0d0-c7e9-4cf8-aacf-72b5a22a0227/datanode-6/data/ratis] (custom)
2019-08-30 03:51:11,281 [main] INFO  hdfs.DFSUtil (DFSUtil.java:httpServerTemplateForNNAndJN(1641)) - Starting Web-server for hddsDatanode at: http://0.0.0.0:0
2019-08-30 03:51:11,282 [main] INFO  server.AuthenticationFilter (AuthenticationFilter.java:constructSecretProvider(240)) - Unable to initialize FileSignerSecretProvider, falling back to use random secrets.
2019-08-30 03:51:11,282 [main] WARN  http.HttpRequestLog (HttpRequestLog.java:getRequestLog(97)) - Jetty request log can only be enabled using Log4j
2019-08-30 03:51:11,283 [main] INFO  http.HttpServer2 (HttpServer2.java:addGlobalFilter(975)) - Added global filter 'safety' (class=org.apache.hadoop.http.HttpServer2$QuotingInputFilter)
2019-08-30 03:51:11,284 [main] INFO  http.HttpServer2 (HttpServer2.java:addFilter(948)) - Added filter static_user_filter (class=org.apache.hadoop.http.lib.StaticUserWebFilter$StaticUserFilter) to context hddsDatanode
2019-08-30 03:51:11,284 [main] INFO  http.HttpServer2 (HttpServer2.java:addFilter(958)) - Added filter static_user_filter (class=org.apache.hadoop.http.lib.StaticUserWebFilter$StaticUserFilter) to context static
2019-08-30 03:51:11,284 [main] INFO  http.HttpServer2 (HttpServer2.java:addFilter(958)) - Added filter static_user_filter (class=org.apache.hadoop.http.lib.StaticUserWebFilter$StaticUserFilter) to context logs
2019-08-30 03:51:11,285 [main] INFO  http.HttpServer2 (HttpServer2.java:bindListener(1191)) - Jetty bound to port 34042
2019-08-30 03:51:11,285 [main] INFO  server.Server (Server.java:doStart(351)) - jetty-9.3.24.v20180605, build timestamp: 2018-06-05T17:11:56Z, git hash: 84205aa28f11a4f31f2a3b86d1bba2cc8ab69827
2019-08-30 03:51:11,286 [main] INFO  handler.ContextHandler (ContextHandler.java:doStart(781)) - Started o.e.j.s.ServletContextHandler@7ea71fc2{/logs,file:///workdir/hadoop-ozone/integration-test/target/log,AVAILABLE}
2019-08-30 03:51:11,287 [main] INFO  handler.ContextHandler (ContextHandler.java:doStart(781)) - Started o.e.j.s.ServletContextHandler@7cd5fcf4{/static,jar:file:/home/user/.m2/repository/org/apache/hadoop/hadoop-hdds-container-service/0.5.0-SNAPSHOT/hadoop-hdds-container-service-0.5.0-SNAPSHOT.jar!/webapps/static,AVAILABLE}
2019-08-30 03:51:11,314 [main] INFO  handler.ContextHandler (ContextHandler.java:doStart(781)) - Started o.e.j.w.WebAppContext@45bbc52f{/,file:///tmp/jetty-0.0.0.0-34042-hddsDatanode-_-any-5123977322309981265.dir/webapp/,AVAILABLE}{/hddsDatanode}
2019-08-30 03:51:11,314 [main] INFO  server.AbstractConnector (AbstractConnector.java:doStart(278)) - Started ServerConnector@6a8a551e{HTTP/1.1,[http/1.1]}{0.0.0.0:34042}
2019-08-30 03:51:11,318 [main] INFO  server.Server (Server.java:doStart(419)) - Started @526000ms
2019-08-30 03:51:11,319 [main] INFO  server.BaseHttpServer (BaseHttpServer.java:updateConnectorAddress(213)) - HTTP server of HDDSDATANODE is listening at http://0.0.0.0:34042
2019-08-30 03:51:11,319 [main] INFO  ozone.MiniOzoneClusterImpl (MiniOzoneClusterImpl.java:lambda$waitForClusterToBeReady$0(140)) - Waiting for cluster to be ready. Got 0 of 7 DN Heartbeats.
2019-08-30 03:51:11,320 [org.apache.hadoop.util.JvmPauseMonitor$Monitor@2c58751c] INFO  util.JvmPauseMonitor (JvmPauseMonitor.java:run(188)) - Starting JVM pause monitor
2019-08-30 03:51:11,321 [Datanode State Machine Thread - 0] INFO  datanode.InitDatanodeState (InitDatanodeState.java:persistContainerDatanodeDetails(140)) - DatanodeDetails is persisted to /workdir/hadoop-ozone/integration-test/target/test-dir/MiniOzoneClusterImpl-42edc0d0-c7e9-4cf8-aacf-72b5a22a0227/datanode-6/meta/datanode.id
2019-08-30 03:51:12,319 [main] INFO  ozone.MiniOzoneClusterImpl (MiniOzoneClusterImpl.java:lambda$waitForClusterToBeReady$0(140)) - Waiting for cluster to be ready. Got 0 of 7 DN Heartbeats.
2019-08-30 03:51:12,963 | INFO  | SCMAudit | user=jenkins1000 | ip=192.168.157.199 | op=GET_VERSION null | ret=SUCCESS |  
2019-08-30 03:51:12,979 [Datanode State Machine Thread - 0] INFO  ozoneimpl.OzoneContainer (OzoneContainer.java:start(201)) - Attempting to start container services.
2019-08-30 03:51:12,979 [Datanode State Machine Thread - 0] INFO  ozoneimpl.OzoneContainer (OzoneContainer.java:startContainerScrub(175)) - Background container scrubber has been disabled by hdds.containerscrub.enabled
2019-08-30 03:51:12,979 [Datanode State Machine Thread - 0] INFO  ratis.XceiverServerRatis (XceiverServerRatis.java:start(393)) - Starting XceiverServerRatis 014d650f-ccff-4dcb-ad60-4ffc816b3ea1 at port 0
2019-08-30 03:51:12,986 [Datanode State Machine Thread - 0] INFO  impl.RaftServerProxy (RaftServerProxy.java:lambda$start$3(299)) - 014d650f-ccff-4dcb-ad60-4ffc816b3ea1: start RPC server
2019-08-30 03:51:12,989 [Datanode State Machine Thread - 0] INFO  server.GrpcService (GrpcService.java:startImpl(149)) - 014d650f-ccff-4dcb-ad60-4ffc816b3ea1: GrpcService started, listening on 0.0.0.0/0.0.0.0:34854
2019-08-30 03:51:12,989 [Datanode State Machine Thread - 0] INFO  ratis.XceiverServerRatis (XceiverServerRatis.java:start(403)) - XceiverServerRatis 014d650f-ccff-4dcb-ad60-4ffc816b3ea1 is started using port 34854
2019-08-30 03:51:12,990 [Datanode State Machine Thread - 0] INFO  server.XceiverServerGrpc (XceiverServerGrpc.java:start(163)) - XceiverServerGrpc 014d650f-ccff-4dcb-ad60-4ffc816b3ea1 is started using port 43328
2019-08-30 03:51:13,020 | INFO  | SCMAudit | user=jenkins1000 | ip=192.168.157.199 | op=GET_VERSION null | ret=SUCCESS |  
2019-08-30 03:51:13,036 [Datanode State Machine Thread - 0] INFO  ozoneimpl.OzoneContainer (OzoneContainer.java:start(201)) - Attempting to start container services.
2019-08-30 03:51:13,036 [Datanode State Machine Thread - 0] INFO  ozoneimpl.OzoneContainer (OzoneContainer.java:startContainerScrub(175)) - Background container scrubber has been disabled by hdds.containerscrub.enabled
2019-08-30 03:51:13,037 [Datanode State Machine Thread - 0] INFO  ratis.XceiverServerRatis (XceiverServerRatis.java:start(393)) - Starting XceiverServerRatis 34a22de4-3e24-4541-99bd-6e7cf7aa3a5e at port 0
2019-08-30 03:51:13,046 [Datanode State Machine Thread - 0] INFO  impl.RaftServerProxy (RaftServerProxy.java:lambda$start$3(299)) - 34a22de4-3e24-4541-99bd-6e7cf7aa3a5e: start RPC server
2019-08-30 03:51:13,049 [Datanode State Machine Thread - 0] INFO  server.GrpcService (GrpcService.java:startImpl(149)) - 34a22de4-3e24-4541-99bd-6e7cf7aa3a5e: GrpcService started, listening on 0.0.0.0/0.0.0.0:43669
2019-08-30 03:51:13,049 [Datanode State Machine Thread - 0] INFO  ratis.XceiverServerRatis (XceiverServerRatis.java:start(403)) - XceiverServerRatis 34a22de4-3e24-4541-99bd-6e7cf7aa3a5e is started using port 43669
2019-08-30 03:51:13,051 [Datanode State Machine Thread - 0] INFO  server.XceiverServerGrpc (XceiverServerGrpc.java:start(163)) - XceiverServerGrpc 34a22de4-3e24-4541-99bd-6e7cf7aa3a5e is started using port 44792
2019-08-30 03:51:13,079 | INFO  | SCMAudit | user=jenkins1000 | ip=192.168.157.199 | op=GET_VERSION null | ret=SUCCESS |  
2019-08-30 03:51:13,105 [Datanode State Machine Thread - 0] INFO  ozoneimpl.OzoneContainer (OzoneContainer.java:start(201)) - Attempting to start container services.
2019-08-30 03:51:13,105 [Datanode State Machine Thread - 0] INFO  ozoneimpl.OzoneContainer (OzoneContainer.java:startContainerScrub(175)) - Background container scrubber has been disabled by hdds.containerscrub.enabled
2019-08-30 03:51:13,106 [Datanode State Machine Thread - 0] INFO  ratis.XceiverServerRatis (XceiverServerRatis.java:start(393)) - Starting XceiverServerRatis 503c132b-b575-4388-b650-2d70ff914a35 at port 0
2019-08-30 03:51:13,113 [Datanode State Machine Thread - 0] INFO  impl.RaftServerProxy (RaftServerProxy.java:lambda$start$3(299)) - 503c132b-b575-4388-b650-2d70ff914a35: start RPC server
2019-08-30 03:51:13,114 [Datanode State Machine Thread - 0] INFO  server.GrpcService (GrpcService.java:startImpl(149)) - 503c132b-b575-4388-b650-2d70ff914a35: GrpcService started, listening on 0.0.0.0/0.0.0.0:39683
2019-08-30 03:51:13,114 [Datanode State Machine Thread - 0] INFO  ratis.XceiverServerRatis (XceiverServerRatis.java:start(403)) - XceiverServerRatis 503c132b-b575-4388-b650-2d70ff914a35 is started using port 39683
2019-08-30 03:51:13,115 [Datanode State Machine Thread - 0] INFO  server.XceiverServerGrpc (XceiverServerGrpc.java:start(163)) - XceiverServerGrpc 503c132b-b575-4388-b650-2d70ff914a35 is started using port 33402
2019-08-30 03:51:13,137 | INFO  | SCMAudit | user=jenkins1000 | ip=192.168.157.199 | op=GET_VERSION null | ret=SUCCESS |  
2019-08-30 03:51:13,150 [Datanode State Machine Thread - 0] INFO  ozoneimpl.OzoneContainer (OzoneContainer.java:start(201)) - Attempting to start container services.
2019-08-30 03:51:13,151 [Datanode State Machine Thread - 0] INFO  ozoneimpl.OzoneContainer (OzoneContainer.java:startContainerScrub(175)) - Background container scrubber has been disabled by hdds.containerscrub.enabled
2019-08-30 03:51:13,151 [Datanode State Machine Thread - 0] INFO  ratis.XceiverServerRatis (XceiverServerRatis.java:start(393)) - Starting XceiverServerRatis 6b6e8f83-1581-4c4d-859e-6a09185f7f8f at port 0
2019-08-30 03:51:13,157 [Datanode State Machine Thread - 0] INFO  impl.RaftServerProxy (RaftServerProxy.java:lambda$start$3(299)) - 6b6e8f83-1581-4c4d-859e-6a09185f7f8f: start RPC server
2019-08-30 03:51:13,158 [Datanode State Machine Thread - 0] INFO  server.GrpcService (GrpcService.java:startImpl(149)) - 6b6e8f83-1581-4c4d-859e-6a09185f7f8f: GrpcService started, listening on 0.0.0.0/0.0.0.0:33199
2019-08-30 03:51:13,158 [Datanode State Machine Thread - 0] INFO  ratis.XceiverServerRatis (XceiverServerRatis.java:start(403)) - XceiverServerRatis 6b6e8f83-1581-4c4d-859e-6a09185f7f8f is started using port 33199
2019-08-30 03:51:13,159 [Datanode State Machine Thread - 0] INFO  server.XceiverServerGrpc (XceiverServerGrpc.java:start(163)) - XceiverServerGrpc 6b6e8f83-1581-4c4d-859e-6a09185f7f8f is started using port 37484
2019-08-30 03:51:13,197 | INFO  | SCMAudit | user=jenkins1000 | ip=192.168.157.199 | op=GET_VERSION null | ret=SUCCESS |  
2019-08-30 03:51:13,210 [Datanode State Machine Thread - 0] INFO  ozoneimpl.OzoneContainer (OzoneContainer.java:start(201)) - Attempting to start container services.
2019-08-30 03:51:13,211 [Datanode State Machine Thread - 0] INFO  ozoneimpl.OzoneContainer (OzoneContainer.java:startContainerScrub(175)) - Background container scrubber has been disabled by hdds.containerscrub.enabled
2019-08-30 03:51:13,211 [Datanode State Machine Thread - 0] INFO  ratis.XceiverServerRatis (XceiverServerRatis.java:start(393)) - Starting XceiverServerRatis d899c6ae-90ec-446d-94b3-997285126f36 at port 0
2019-08-30 03:51:13,218 [Datanode State Machine Thread - 0] INFO  impl.RaftServerProxy (RaftServerProxy.java:lambda$start$3(299)) - d899c6ae-90ec-446d-94b3-997285126f36: start RPC server
2019-08-30 03:51:13,219 [Datanode State Machine Thread - 0] INFO  server.GrpcService (GrpcService.java:startImpl(149)) - d899c6ae-90ec-446d-94b3-997285126f36: GrpcService started, listening on 0.0.0.0/0.0.0.0:40289
2019-08-30 03:51:13,219 [Datanode State Machine Thread - 0] INFO  ratis.XceiverServerRatis (XceiverServerRatis.java:start(403)) - XceiverServerRatis d899c6ae-90ec-446d-94b3-997285126f36 is started using port 40289
2019-08-30 03:51:13,219 [Datanode State Machine Thread - 0] INFO  server.XceiverServerGrpc (XceiverServerGrpc.java:start(163)) - XceiverServerGrpc d899c6ae-90ec-446d-94b3-997285126f36 is started using port 43344
2019-08-30 03:51:13,259 | INFO  | SCMAudit | user=jenkins1000 | ip=192.168.157.199 | op=GET_VERSION null | ret=SUCCESS |  
2019-08-30 03:51:13,281 [Datanode State Machine Thread - 0] INFO  ozoneimpl.OzoneContainer (OzoneContainer.java:start(201)) - Attempting to start container services.
2019-08-30 03:51:13,281 [Datanode State Machine Thread - 0] INFO  ozoneimpl.OzoneContainer (OzoneContainer.java:startContainerScrub(175)) - Background container scrubber has been disabled by hdds.containerscrub.enabled
2019-08-30 03:51:13,281 [Datanode State Machine Thread - 0] INFO  ratis.XceiverServerRatis (XceiverServerRatis.java:start(393)) - Starting XceiverServerRatis e6d3f6ef-09a3-4172-8a2c-3346e8e7f34e at port 0
2019-08-30 03:51:13,288 [Datanode State Machine Thread - 0] INFO  impl.RaftServerProxy (RaftServerProxy.java:lambda$start$3(299)) - e6d3f6ef-09a3-4172-8a2c-3346e8e7f34e: start RPC server
2019-08-30 03:51:13,301 [Datanode State Machine Thread - 0] INFO  server.GrpcService (GrpcService.java:startImpl(149)) - e6d3f6ef-09a3-4172-8a2c-3346e8e7f34e: GrpcService started, listening on 0.0.0.0/0.0.0.0:45128
2019-08-30 03:51:13,301 [Datanode State Machine Thread - 0] INFO  ratis.XceiverServerRatis (XceiverServerRatis.java:start(403)) - XceiverServerRatis e6d3f6ef-09a3-4172-8a2c-3346e8e7f34e is started using port 45128
2019-08-30 03:51:13,302 [Datanode State Machine Thread - 0] INFO  server.XceiverServerGrpc (XceiverServerGrpc.java:start(163)) - XceiverServerGrpc e6d3f6ef-09a3-4172-8a2c-3346e8e7f34e is started using port 43906
2019-08-30 03:51:13,320 [main] INFO  ozone.MiniOzoneClusterImpl (MiniOzoneClusterImpl.java:lambda$waitForClusterToBeReady$0(140)) - Waiting for cluster to be ready. Got 0 of 7 DN Heartbeats.
2019-08-30 03:51:13,321 | INFO  | SCMAudit | user=jenkins1000 | ip=192.168.157.199 | op=GET_VERSION null | ret=SUCCESS |  
2019-08-30 03:51:13,334 [Datanode State Machine Thread - 0] INFO  ozoneimpl.OzoneContainer (OzoneContainer.java:start(201)) - Attempting to start container services.
2019-08-30 03:51:13,334 [Datanode State Machine Thread - 0] INFO  ozoneimpl.OzoneContainer (OzoneContainer.java:startContainerScrub(175)) - Background container scrubber has been disabled by hdds.containerscrub.enabled
2019-08-30 03:51:13,334 [Datanode State Machine Thread - 0] INFO  ratis.XceiverServerRatis (XceiverServerRatis.java:start(393)) - Starting XceiverServerRatis fffb68e7-bc7b-4433-8df5-958ad16b5811 at port 0
2019-08-30 03:51:13,341 [Datanode State Machine Thread - 0] INFO  impl.RaftServerProxy (RaftServerProxy.java:lambda$start$3(299)) - fffb68e7-bc7b-4433-8df5-958ad16b5811: start RPC server
2019-08-30 03:51:13,342 [Datanode State Machine Thread - 0] INFO  server.GrpcService (GrpcService.java:startImpl(149)) - fffb68e7-bc7b-4433-8df5-958ad16b5811: GrpcService started, listening on 0.0.0.0/0.0.0.0:46347
2019-08-30 03:51:13,342 [Datanode State Machine Thread - 0] INFO  ratis.XceiverServerRatis (XceiverServerRatis.java:start(403)) - XceiverServerRatis fffb68e7-bc7b-4433-8df5-958ad16b5811 is started using port 46347
2019-08-30 03:51:13,343 [Datanode State Machine Thread - 0] INFO  server.XceiverServerGrpc (XceiverServerGrpc.java:start(163)) - XceiverServerGrpc fffb68e7-bc7b-4433-8df5-958ad16b5811 is started using port 42054
2019-08-30 03:51:14,320 [main] INFO  ozone.MiniOzoneClusterImpl (MiniOzoneClusterImpl.java:lambda$waitForClusterToBeReady$0(140)) - Waiting for cluster to be ready. Got 0 of 7 DN Heartbeats.
2019-08-30 03:51:14,963 [IPC Server handler 2 on 45214] INFO  net.NetworkTopology (NetworkTopologyImpl.java:add(110)) - Added a new node: /default-rack/014d650f-ccff-4dcb-ad60-4ffc816b3ea1
2019-08-30 03:51:14,965 [IPC Server handler 2 on 45214] INFO  node.SCMNodeManager (SCMNodeManager.java:register(273)) - Registered Data node : 014d650f-ccff-4dcb-ad60-4ffc816b3ea1{ip: 192.168.157.199, host: pr-hdds-2057-gndl4-2748649462, networkLocation: /default-rack, certSerialId: null}
2019-08-30 03:51:14,966 [EventQueue-NodeRegistrationContainerReportForDataNodeSafeModeRule] INFO  safemode.SCMSafeModeManager (DataNodeSafeModeRule.java:process(71)) - SCM in safe mode. 1 DataNodes registered, 1 required.
2019-08-30 03:51:14,966 | INFO  | SCMAudit | user=jenkins1000 | ip=192.168.157.199 | op=REGISTER {datanodeDetails=014d650f-ccff-4dcb-ad60-4ffc816b3ea1{ip: 192.168.157.199, host: pr-hdds-2057-gndl4-2748649462, networkLocation: /default-rack, certSerialId: null}} | ret=SUCCESS |  
2019-08-30 03:51:14,968 [EventQueue-NodeRegistrationContainerReportForContainerSafeModeRule] INFO  safemode.SCMSafeModeManager (SCMSafeModeManager.java:validateSafeModeExitRules(177)) - ScmSafeModeManager, all rules are successfully validated
2019-08-30 03:51:14,968 [EventQueue-NodeRegistrationContainerReportForContainerSafeModeRule] INFO  safemode.SCMSafeModeManager (SCMSafeModeManager.java:exitSafeMode(193)) - SCM exiting safe mode.
2019-08-30 03:51:14,998 [grpc-default-executor-5] INFO  impl.RaftServerProxy (RaftServerProxy.java:addNew(89)) - 014d650f-ccff-4dcb-ad60-4ffc816b3ea1: addNew group-032B08030D93:[014d650f-ccff-4dcb-ad60-4ffc816b3ea1:192.168.157.199:34854] returns group-032B08030D93:java.util.concurrent.CompletableFuture@6dd47a6d[Not completed]
2019-08-30 03:51:15,002 [pool-409-thread-1] INFO  impl.RaftServerImpl (RaftServerImpl.java:<init>(93)) - 014d650f-ccff-4dcb-ad60-4ffc816b3ea1: new RaftServerImpl for group-032B08030D93:[014d650f-ccff-4dcb-ad60-4ffc816b3ea1:192.168.157.199:34854] with ContainerStateMachine:uninitialized
2019-08-30 03:51:15,002 [pool-409-thread-1] INFO  server.RaftServerConfigKeys (ConfUtils.java:logGet(43)) - raft.server.rpc.timeout.min = 5s (custom)
2019-08-30 03:51:15,003 [pool-409-thread-1] INFO  server.RaftServerConfigKeys (ConfUtils.java:logGet(43)) - raft.server.rpc.timeout.max = 5200ms (custom)
2019-08-30 03:51:15,003 [pool-409-thread-1] INFO  server.RaftServerConfigKeys (ConfUtils.java:logGet(43)) - raft.server.rpcslowness.timeout = 120s (custom)
2019-08-30 03:51:15,003 [pool-409-thread-1] INFO  server.RaftServerConfigKeys (ConfUtils.java:logGet(43)) - raft.server.sleep.deviation.threshold = 300 (default)
2019-08-30 03:51:15,003 [pool-409-thread-1] INFO  server.RaftServerConfigKeys (ConfUtils.java:logGet(43)) - raft.server.log.appender.install.snapshot.enabled = false (custom)
2019-08-30 03:51:15,003 [pool-409-thread-1] INFO  impl.RaftServerImpl (ServerState.java:<init>(105)) - 014d650f-ccff-4dcb-ad60-4ffc816b3ea1:group-032B08030D93 ConfigurationManager, init=-1: [014d650f-ccff-4dcb-ad60-4ffc816b3ea1:192.168.157.199:34854], old=null, confs=<EMPTY_MAP>
2019-08-30 03:51:15,004 [pool-409-thread-1] INFO  server.RaftServerConfigKeys (ConfUtils.java:logGet(43)) - raft.server.storage.dir = [/workdir/hadoop-ozone/integration-test/target/test-dir/MiniOzoneClusterImpl-42edc0d0-c7e9-4cf8-aacf-72b5a22a0227/datanode-0/data/ratis] (custom)
2019-08-30 03:51:15,004 [pool-409-thread-1] INFO  storage.RaftStorageDirectory (RaftStorageDirectory.java:analyzeStorage(246)) - The storage directory /workdir/hadoop-ozone/integration-test/target/test-dir/MiniOzoneClusterImpl-42edc0d0-c7e9-4cf8-aacf-72b5a22a0227/datanode-0/data/ratis/d7b0cf02-b6dd-42bf-9dc6-032b08030d93 does not exist. Creating ...
2019-08-30 03:51:15,020 [IPC Server handler 1 on 45214] INFO  net.NetworkTopology (NetworkTopologyImpl.java:add(110)) - Added a new node: /default-rack/34a22de4-3e24-4541-99bd-6e7cf7aa3a5e
2019-08-30 03:51:15,021 [IPC Server handler 1 on 45214] INFO  node.SCMNodeManager (SCMNodeManager.java:register(273)) - Registered Data node : 34a22de4-3e24-4541-99bd-6e7cf7aa3a5e{ip: 192.168.157.199, host: pr-hdds-2057-gndl4-2748649462, networkLocation: /default-rack, certSerialId: null}
2019-08-30 03:51:15,021 | INFO  | SCMAudit | user=jenkins1000 | ip=192.168.157.199 | op=REGISTER {datanodeDetails=34a22de4-3e24-4541-99bd-6e7cf7aa3a5e{ip: 192.168.157.199, host: pr-hdds-2057-gndl4-2748649462, networkLocation: /default-rack, certSerialId: null}} | ret=SUCCESS |  
2019-08-30 03:51:15,030 [pool-409-thread-1] INFO  storage.RaftStorageDirectory (RaftStorageDirectory.java:tryLock(328)) - Lock on /workdir/hadoop-ozone/integration-test/target/test-dir/MiniOzoneClusterImpl-42edc0d0-c7e9-4cf8-aacf-72b5a22a0227/datanode-0/data/ratis/d7b0cf02-b6dd-42bf-9dc6-032b08030d93/in_use.lock acquired by nodename 4854@pr-hdds-2057-gndl4-2748649462
2019-08-30 03:51:15,043 [pool-409-thread-1] INFO  storage.RaftStorage (RaftStorage.java:format(72)) - Storage directory /workdir/hadoop-ozone/integration-test/target/test-dir/MiniOzoneClusterImpl-42edc0d0-c7e9-4cf8-aacf-72b5a22a0227/datanode-0/data/ratis/d7b0cf02-b6dd-42bf-9dc6-032b08030d93 has been successfully formatted.
2019-08-30 03:51:15,044 [pool-409-thread-1] INFO  ratis.ContainerStateMachine (ContainerStateMachine.java:loadSnapshot(227)) - group-032B08030D93: The snapshot info is null. Setting the last applied indexto:(t:0, i:~)
2019-08-30 03:51:15,044 [pool-409-thread-1] INFO  server.RaftServerConfigKeys (ConfUtils.java:logGet(43)) - raft.server.leader.election.timeout = 120s (custom)
2019-08-30 03:51:15,044 [pool-409-thread-1] INFO  server.RaftServerConfigKeys (ConfUtils.java:logGet(43)) - raft.server.log.use.memory = false (default)
2019-08-30 03:51:15,044 [pool-409-thread-1] INFO  server.RaftServerConfigKeys (ConfUtils.java:logGet(43)) - raft.server.log.purge.gap = 1000000 (custom)
2019-08-30 03:51:15,044 [pool-409-thread-1] INFO  server.RaftServerConfigKeys (ConfUtils.java:logGet(43)) - raft.server.log.appender.buffer.byte-limit = 33554432 (custom)
2019-08-30 03:51:15,044 [pool-409-thread-1] INFO  server.RaftServerConfigKeys (ConfUtils.java:logGet(43)) - raft.server.log.segment.size.max = 1048576 (custom)
2019-08-30 03:51:15,045 [pool-409-thread-1] INFO  server.RaftServerConfigKeys (ConfUtils.java:logGet(43)) - raft.server.log.segment.cache.num.max = 2 (custom)
2019-08-30 03:51:15,045 [pool-409-thread-1] INFO  segmented.SegmentedRaftLogWorker (SegmentedRaftLogWorker.java:<init>(172)) - new 014d650f-ccff-4dcb-ad60-4ffc816b3ea1-SegmentedRaftLogWorker:Storage Directory /workdir/hadoop-ozone/integration-test/target/test-dir/MiniOzoneClusterImpl-42edc0d0-c7e9-4cf8-aacf-72b5a22a0227/datanode-0/data/ratis/d7b0cf02-b6dd-42bf-9dc6-032b08030d93 for RaftStorage:Storage Directory /workdir/hadoop-ozone/integration-test/target/test-dir/MiniOzoneClusterImpl-42edc0d0-c7e9-4cf8-aacf-72b5a22a0227/datanode-0/data/ratis/d7b0cf02-b6dd-42bf-9dc6-032b08030d93
2019-08-30 03:51:15,045 [pool-409-thread-1] INFO  server.RaftServerConfigKeys (ConfUtils.java:logGet(43)) - raft.server.log.queue.byte-limit = 2147483647 (custom)
2019-08-30 03:51:15,045 [pool-409-thread-1] INFO  server.RaftServerConfigKeys (ConfUtils.java:logGet(43)) - raft.server.log.queue.element-limit = 1024 (custom)
2019-08-30 03:51:15,046 [pool-409-thread-1] INFO  server.RaftServerConfigKeys (ConfUtils.java:logGet(43)) - raft.server.log.segment.size.max = 1048576 (custom)
2019-08-30 03:51:15,046 [pool-409-thread-1] INFO  server.RaftServerConfigKeys (ConfUtils.java:logGet(43)) - raft.server.log.preallocated.size = 16384 (custom)
2019-08-30 03:51:15,046 [pool-409-thread-1] INFO  server.RaftServerConfigKeys (ConfUtils.java:logGet(43)) - raft.server.log.write.buffer.size = 33554432 (custom)
2019-08-30 03:51:15,046 [pool-409-thread-1] INFO  server.RaftServerConfigKeys (ConfUtils.java:logGet(43)) - raft.server.log.force.sync.num = 128 (default)
2019-08-30 03:51:15,046 [pool-409-thread-1] INFO  server.RaftServerConfigKeys (ConfUtils.java:logGet(43)) - raft.server.log.statemachine.data.sync = true (default)
2019-08-30 03:51:15,046 [pool-409-thread-1] INFO  server.RaftServerConfigKeys (ConfUtils.java:logGet(43)) - raft.server.log.statemachine.data.sync.timeout = 10s (default)
2019-08-30 03:51:15,047 [pool-409-thread-1] INFO  server.RaftServerConfigKeys (ConfUtils.java:logGet(43)) - raft.server.log.statemachine.data.sync.timeout.retry = -1 (default)
2019-08-30 03:51:15,047 [pool-409-thread-1] INFO  server.RaftServerConfigKeys (ConfUtils.java:logGet(43)) - raft.server.log.statemachine.data.caching.enabled = true (custom)
2019-08-30 03:51:15,047 [pool-409-thread-1] INFO  segmented.SegmentedRaftLogWorker (SegmentedRaftLogWorker.java:lambda$new$0(132)) - 014d650f-ccff-4dcb-ad60-4ffc816b3ea1-SegmentedRaftLogWorker:Storage Directory /workdir/hadoop-ozone/integration-test/target/test-dir/MiniOzoneClusterImpl-42edc0d0-c7e9-4cf8-aacf-72b5a22a0227/datanode-0/data/ratis/d7b0cf02-b6dd-42bf-9dc6-032b08030d93: flushIndex: setUnconditionally 0 -> -1
2019-08-30 03:51:15,048 [pool-409-thread-1] INFO  server.RaftServerConfigKeys (ConfUtils.java:logGet(43)) - raft.server.snapshot.auto.trigger.enabled = true (custom)
2019-08-30 03:51:15,048 [pool-409-thread-1] INFO  server.RaftServerConfigKeys (ConfUtils.java:logGet(43)) - raft.server.snapshot.auto.trigger.threshold = 10000 (custom)
2019-08-30 03:51:15,048 [pool-409-thread-1] INFO  server.RaftServerConfigKeys (ConfUtils.java:logGet(43)) - raft.server.retrycache.expirytime = 600000ms (custom)
2019-08-30 03:51:15,049 [pool-409-thread-1] INFO  impl.RaftServerImpl (RaftServerImpl.java:start(180)) - 014d650f-ccff-4dcb-ad60-4ffc816b3ea1: start group-032B08030D93
2019-08-30 03:51:15,049 [pool-409-thread-1] INFO  impl.RaftServerImpl (RaftServerImpl.java:setRole(171)) - 014d650f-ccff-4dcb-ad60-4ffc816b3ea1:group-032B08030D93 changes role from null to FOLLOWER at term 0 for startAsFollower
2019-08-30 03:51:15,049 [pool-409-thread-1] INFO  impl.RoleInfo (RoleInfo.java:updateAndGet(143)) - 014d650f-ccff-4dcb-ad60-4ffc816b3ea1: start FollowerState
2019-08-30 03:51:15,049 [pool-409-thread-1] INFO  util.JmxRegister (JmxRegister.java:tryRegister(44)) - Successfully registered JMX Bean with object name Ratis:service=RaftServer,group=group-032B08030D93,id=014d650f-ccff-4dcb-ad60-4ffc816b3ea1
2019-08-30 03:51:15,056 [RatisPipelineUtilsThread] INFO  pipeline.PipelineStateManager (PipelineStateManager.java:addPipeline(56)) - Created pipeline Pipeline[ Id: d7b0cf02-b6dd-42bf-9dc6-032b08030d93, Nodes: 014d650f-ccff-4dcb-ad60-4ffc816b3ea1{ip: 192.168.157.199, host: pr-hdds-2057-gndl4-2748649462, networkLocation: /default-rack, certSerialId: null}, Type:RATIS, Factor:ONE, State:OPEN]
2019-08-30 03:51:15,063 [grpc-default-executor-5] INFO  impl.RaftServerProxy (RaftServerProxy.java:addNew(89)) - 34a22de4-3e24-4541-99bd-6e7cf7aa3a5e: addNew group-AB54FB974FEC:[34a22de4-3e24-4541-99bd-6e7cf7aa3a5e:192.168.157.199:43669] returns group-AB54FB974FEC:java.util.concurrent.CompletableFuture@11a85e68[Not completed]
2019-08-30 03:51:15,065 [pool-419-thread-1] INFO  impl.RaftServerImpl (RaftServerImpl.java:<init>(93)) - 34a22de4-3e24-4541-99bd-6e7cf7aa3a5e: new RaftServerImpl for group-AB54FB974FEC:[34a22de4-3e24-4541-99bd-6e7cf7aa3a5e:192.168.157.199:43669] with ContainerStateMachine:uninitialized
2019-08-30 03:51:15,065 [pool-419-thread-1] INFO  server.RaftServerConfigKeys (ConfUtils.java:logGet(43)) - raft.server.rpc.timeout.min = 5s (custom)
2019-08-30 03:51:15,065 [pool-419-thread-1] INFO  server.RaftServerConfigKeys (ConfUtils.java:logGet(43)) - raft.server.rpc.timeout.max = 5200ms (custom)
2019-08-30 03:51:15,065 [pool-419-thread-1] INFO  server.RaftServerConfigKeys (ConfUtils.java:logGet(43)) - raft.server.rpcslowness.timeout = 120s (custom)
2019-08-30 03:51:15,065 [pool-419-thread-1] INFO  server.RaftServerConfigKeys (ConfUtils.java:logGet(43)) - raft.server.sleep.deviation.threshold = 300 (default)
2019-08-30 03:51:15,065 [pool-419-thread-1] INFO  server.RaftServerConfigKeys (ConfUtils.java:logGet(43)) - raft.server.log.appender.install.snapshot.enabled = false (custom)
2019-08-30 03:51:15,065 [pool-419-thread-1] INFO  impl.RaftServerImpl (ServerState.java:<init>(105)) - 34a22de4-3e24-4541-99bd-6e7cf7aa3a5e:group-AB54FB974FEC ConfigurationManager, init=-1: [34a22de4-3e24-4541-99bd-6e7cf7aa3a5e:192.168.157.199:43669], old=null, confs=<EMPTY_MAP>
2019-08-30 03:51:15,065 [pool-419-thread-1] INFO  server.RaftServerConfigKeys (ConfUtils.java:logGet(43)) - raft.server.storage.dir = [/workdir/hadoop-ozone/integration-test/target/test-dir/MiniOzoneClusterImpl-42edc0d0-c7e9-4cf8-aacf-72b5a22a0227/datanode-1/data/ratis] (custom)
2019-08-30 03:51:15,066 [pool-419-thread-1] INFO  storage.RaftStorageDirectory (RaftStorageDirectory.java:analyzeStorage(246)) - The storage directory /workdir/hadoop-ozone/integration-test/target/test-dir/MiniOzoneClusterImpl-42edc0d0-c7e9-4cf8-aacf-72b5a22a0227/datanode-1/data/ratis/420bfb23-c3fd-49ca-a447-ab54fb974fec does not exist. Creating ...
2019-08-30 03:51:15,078 [pool-419-thread-1] INFO  storage.RaftStorageDirectory (RaftStorageDirectory.java:tryLock(328)) - Lock on /workdir/hadoop-ozone/integration-test/target/test-dir/MiniOzoneClusterImpl-42edc0d0-c7e9-4cf8-aacf-72b5a22a0227/datanode-1/data/ratis/420bfb23-c3fd-49ca-a447-ab54fb974fec/in_use.lock acquired by nodename 4854@pr-hdds-2057-gndl4-2748649462
2019-08-30 03:51:15,079 [IPC Server handler 3 on 45214] INFO  net.NetworkTopology (NetworkTopologyImpl.java:add(110)) - Added a new node: /default-rack/503c132b-b575-4388-b650-2d70ff914a35
2019-08-30 03:51:15,080 [IPC Server handler 3 on 45214] INFO  node.SCMNodeManager (SCMNodeManager.java:register(273)) - Registered Data node : 503c132b-b575-4388-b650-2d70ff914a35{ip: 192.168.157.199, host: pr-hdds-2057-gndl4-2748649462, networkLocation: /default-rack, certSerialId: null}
2019-08-30 03:51:15,080 | INFO  | SCMAudit | user=jenkins1000 | ip=192.168.157.199 | op=REGISTER {datanodeDetails=503c132b-b575-4388-b650-2d70ff914a35{ip: 192.168.157.199, host: pr-hdds-2057-gndl4-2748649462, networkLocation: /default-rack, certSerialId: null}} | ret=SUCCESS |  
2019-08-30 03:51:15,090 [pool-419-thread-1] INFO  storage.RaftStorage (RaftStorage.java:format(72)) - Storage directory /workdir/hadoop-ozone/integration-test/target/test-dir/MiniOzoneClusterImpl-42edc0d0-c7e9-4cf8-aacf-72b5a22a0227/datanode-1/data/ratis/420bfb23-c3fd-49ca-a447-ab54fb974fec has been successfully formatted.
2019-08-30 03:51:15,091 [pool-419-thread-1] INFO  ratis.ContainerStateMachine (ContainerStateMachine.java:loadSnapshot(227)) - group-AB54FB974FEC: The snapshot info is null. Setting the last applied indexto:(t:0, i:~)
2019-08-30 03:51:15,091 [pool-419-thread-1] INFO  server.RaftServerConfigKeys (ConfUtils.java:logGet(43)) - raft.server.leader.election.timeout = 120s (custom)
2019-08-30 03:51:15,091 [pool-419-thread-1] INFO  server.RaftServerConfigKeys (ConfUtils.java:logGet(43)) - raft.server.log.use.memory = false (default)
2019-08-30 03:51:15,091 [pool-419-thread-1] INFO  server.RaftServerConfigKeys (ConfUtils.java:logGet(43)) - raft.server.log.purge.gap = 1000000 (custom)
2019-08-30 03:51:15,091 [pool-419-thread-1] INFO  server.RaftServerConfigKeys (ConfUtils.java:logGet(43)) - raft.server.log.appender.buffer.byte-limit = 33554432 (custom)
2019-08-30 03:51:15,091 [pool-419-thread-1] INFO  server.RaftServerConfigKeys (ConfUtils.java:logGet(43)) - raft.server.log.segment.size.max = 1048576 (custom)
2019-08-30 03:51:15,092 [pool-419-thread-1] INFO  server.RaftServerConfigKeys (ConfUtils.java:logGet(43)) - raft.server.log.segment.cache.num.max = 2 (custom)
2019-08-30 03:51:15,092 [pool-419-thread-1] INFO  segmented.SegmentedRaftLogWorker (SegmentedRaftLogWorker.java:<init>(172)) - new 34a22de4-3e24-4541-99bd-6e7cf7aa3a5e-SegmentedRaftLogWorker:Storage Directory /workdir/hadoop-ozone/integration-test/target/test-dir/MiniOzoneClusterImpl-42edc0d0-c7e9-4cf8-aacf-72b5a22a0227/datanode-1/data/ratis/420bfb23-c3fd-49ca-a447-ab54fb974fec for RaftStorage:Storage Directory /workdir/hadoop-ozone/integration-test/target/test-dir/MiniOzoneClusterImpl-42edc0d0-c7e9-4cf8-aacf-72b5a22a0227/datanode-1/data/ratis/420bfb23-c3fd-49ca-a447-ab54fb974fec
2019-08-30 03:51:15,092 [pool-419-thread-1] INFO  server.RaftServerConfigKeys (ConfUtils.java:logGet(43)) - raft.server.log.queue.byte-limit = 2147483647 (custom)
2019-08-30 03:51:15,092 [pool-419-thread-1] INFO  server.RaftServerConfigKeys (ConfUtils.java:logGet(43)) - raft.server.log.queue.element-limit = 1024 (custom)
2019-08-30 03:51:15,092 [pool-419-thread-1] INFO  server.RaftServerConfigKeys (ConfUtils.java:logGet(43)) - raft.server.log.segment.size.max = 1048576 (custom)
2019-08-30 03:51:15,092 [pool-419-thread-1] INFO  server.RaftServerConfigKeys (ConfUtils.java:logGet(43)) - raft.server.log.preallocated.size = 16384 (custom)
2019-08-30 03:51:15,092 [pool-419-thread-1] INFO  server.RaftServerConfigKeys (ConfUtils.java:logGet(43)) - raft.server.log.write.buffer.size = 33554432 (custom)
2019-08-30 03:51:15,092 [pool-419-thread-1] INFO  server.RaftServerConfigKeys (ConfUtils.java:logGet(43)) - raft.server.log.force.sync.num = 128 (default)
2019-08-30 03:51:15,092 [pool-419-thread-1] INFO  server.RaftServerConfigKeys (ConfUtils.java:logGet(43)) - raft.server.log.statemachine.data.sync = true (default)
2019-08-30 03:51:15,093 [pool-419-thread-1] INFO  server.RaftServerConfigKeys (ConfUtils.java:logGet(43)) - raft.server.log.statemachine.data.sync.timeout = 10s (default)
2019-08-30 03:51:15,093 [pool-419-thread-1] INFO  server.RaftServerConfigKeys (ConfUtils.java:logGet(43)) - raft.server.log.statemachine.data.sync.timeout.retry = -1 (default)
2019-08-30 03:51:15,093 [pool-419-thread-1] INFO  server.RaftServerConfigKeys (ConfUtils.java:logGet(43)) - raft.server.log.statemachine.data.caching.enabled = true (custom)
2019-08-30 03:51:15,093 [pool-419-thread-1] INFO  segmented.SegmentedRaftLogWorker (SegmentedRaftLogWorker.java:lambda$new$0(132)) - 34a22de4-3e24-4541-99bd-6e7cf7aa3a5e-SegmentedRaftLogWorker:Storage Directory /workdir/hadoop-ozone/integration-test/target/test-dir/MiniOzoneClusterImpl-42edc0d0-c7e9-4cf8-aacf-72b5a22a0227/datanode-1/data/ratis/420bfb23-c3fd-49ca-a447-ab54fb974fec: flushIndex: setUnconditionally 0 -> -1
2019-08-30 03:51:15,093 [pool-419-thread-1] INFO  server.RaftServerConfigKeys (ConfUtils.java:logGet(43)) - raft.server.snapshot.auto.trigger.enabled = true (custom)
2019-08-30 03:51:15,094 [pool-419-thread-1] INFO  server.RaftServerConfigKeys (ConfUtils.java:logGet(43)) - raft.server.snapshot.auto.trigger.threshold = 10000 (custom)
2019-08-30 03:51:15,094 [pool-419-thread-1] INFO  server.RaftServerConfigKeys (ConfUtils.java:logGet(43)) - raft.server.retrycache.expirytime = 600000ms (custom)
2019-08-30 03:51:15,094 [pool-419-thread-1] INFO  impl.RaftServerImpl (RaftServerImpl.java:start(180)) - 34a22de4-3e24-4541-99bd-6e7cf7aa3a5e: start group-AB54FB974FEC
2019-08-30 03:51:15,094 [pool-419-thread-1] INFO  impl.RaftServerImpl (RaftServerImpl.java:setRole(171)) - 34a22de4-3e24-4541-99bd-6e7cf7aa3a5e:group-AB54FB974FEC changes role from null to FOLLOWER at term 0 for startAsFollower
2019-08-30 03:51:15,094 [pool-419-thread-1] INFO  impl.RoleInfo (RoleInfo.java:updateAndGet(143)) - 34a22de4-3e24-4541-99bd-6e7cf7aa3a5e: start FollowerState
2019-08-30 03:51:15,094 [pool-419-thread-1] INFO  util.JmxRegister (JmxRegister.java:tryRegister(44)) - Successfully registered JMX Bean with object name Ratis:service=RaftServer,group=group-AB54FB974FEC,id=34a22de4-3e24-4541-99bd-6e7cf7aa3a5e
2019-08-30 03:51:15,103 [RatisPipelineUtilsThread] INFO  pipeline.PipelineStateManager (PipelineStateManager.java:addPipeline(56)) - Created pipeline Pipeline[ Id: 420bfb23-c3fd-49ca-a447-ab54fb974fec, Nodes: 34a22de4-3e24-4541-99bd-6e7cf7aa3a5e{ip: 192.168.157.199, host: pr-hdds-2057-gndl4-2748649462, networkLocation: /default-rack, certSerialId: null}, Type:RATIS, Factor:ONE, State:OPEN]
2019-08-30 03:51:15,111 [grpc-default-executor-5] INFO  impl.RaftServerProxy (RaftServerProxy.java:addNew(89)) - 503c132b-b575-4388-b650-2d70ff914a35: addNew group-F62F2527E864:[503c132b-b575-4388-b650-2d70ff914a35:192.168.157.199:39683] returns group-F62F2527E864:java.util.concurrent.CompletableFuture@6b22cf8[Not completed]
2019-08-30 03:51:15,112 [pool-429-thread-1] INFO  impl.RaftServerImpl (RaftServerImpl.java:<init>(93)) - 503c132b-b575-4388-b650-2d70ff914a35: new RaftServerImpl for group-F62F2527E864:[503c132b-b575-4388-b650-2d70ff914a35:192.168.157.199:39683] with ContainerStateMachine:uninitialized
2019-08-30 03:51:15,112 [pool-429-thread-1] INFO  server.RaftServerConfigKeys (ConfUtils.java:logGet(43)) - raft.server.rpc.timeout.min = 5s (custom)
2019-08-30 03:51:15,113 [pool-429-thread-1] INFO  server.RaftServerConfigKeys (ConfUtils.java:logGet(43)) - raft.server.rpc.timeout.max = 5200ms (custom)
2019-08-30 03:51:15,113 [pool-429-thread-1] INFO  server.RaftServerConfigKeys (ConfUtils.java:logGet(43)) - raft.server.rpcslowness.timeout = 120s (custom)
2019-08-30 03:51:15,113 [pool-429-thread-1] INFO  server.RaftServerConfigKeys (ConfUtils.java:logGet(43)) - raft.server.sleep.deviation.threshold = 300 (default)
2019-08-30 03:51:15,113 [pool-429-thread-1] INFO  server.RaftServerConfigKeys (ConfUtils.java:logGet(43)) - raft.server.log.appender.install.snapshot.enabled = false (custom)
2019-08-30 03:51:15,113 [pool-429-thread-1] INFO  impl.RaftServerImpl (ServerState.java:<init>(105)) - 503c132b-b575-4388-b650-2d70ff914a35:group-F62F2527E864 ConfigurationManager, init=-1: [503c132b-b575-4388-b650-2d70ff914a35:192.168.157.199:39683], old=null, confs=<EMPTY_MAP>
2019-08-30 03:51:15,113 [pool-429-thread-1] INFO  server.RaftServerConfigKeys (ConfUtils.java:logGet(43)) - raft.server.storage.dir = [/workdir/hadoop-ozone/integration-test/target/test-dir/MiniOzoneClusterImpl-42edc0d0-c7e9-4cf8-aacf-72b5a22a0227/datanode-2/data/ratis] (custom)
2019-08-30 03:51:15,113 [pool-429-thread-1] INFO  storage.RaftStorageDirectory (RaftStorageDirectory.java:analyzeStorage(246)) - The storage directory /workdir/hadoop-ozone/integration-test/target/test-dir/MiniOzoneClusterImpl-42edc0d0-c7e9-4cf8-aacf-72b5a22a0227/datanode-2/data/ratis/e622c0b1-71ae-4f97-81de-f62f2527e864 does not exist. Creating ...
2019-08-30 03:51:15,126 [pool-429-thread-1] INFO  storage.RaftStorageDirectory (RaftStorageDirectory.java:tryLock(328)) - Lock on /workdir/hadoop-ozone/integration-test/target/test-dir/MiniOzoneClusterImpl-42edc0d0-c7e9-4cf8-aacf-72b5a22a0227/datanode-2/data/ratis/e622c0b1-71ae-4f97-81de-f62f2527e864/in_use.lock acquired by nodename 4854@pr-hdds-2057-gndl4-2748649462
2019-08-30 03:51:15,137 [IPC Server handler 4 on 45214] INFO  net.NetworkTopology (NetworkTopologyImpl.java:add(110)) - Added a new node: /default-rack/6b6e8f83-1581-4c4d-859e-6a09185f7f8f
2019-08-30 03:51:15,138 [IPC Server handler 4 on 45214] INFO  node.SCMNodeManager (SCMNodeManager.java:register(273)) - Registered Data node : 6b6e8f83-1581-4c4d-859e-6a09185f7f8f{ip: 192.168.157.199, host: pr-hdds-2057-gndl4-2748649462, networkLocation: /default-rack, certSerialId: null}
2019-08-30 03:51:15,138 | INFO  | SCMAudit | user=jenkins1000 | ip=192.168.157.199 | op=REGISTER {datanodeDetails=6b6e8f83-1581-4c4d-859e-6a09185f7f8f{ip: 192.168.157.199, host: pr-hdds-2057-gndl4-2748649462, networkLocation: /default-rack, certSerialId: null}} | ret=SUCCESS |  
2019-08-30 03:51:15,138 [pool-429-thread-1] INFO  storage.RaftStorage (RaftStorage.java:format(72)) - Storage directory /workdir/hadoop-ozone/integration-test/target/test-dir/MiniOzoneClusterImpl-42edc0d0-c7e9-4cf8-aacf-72b5a22a0227/datanode-2/data/ratis/e622c0b1-71ae-4f97-81de-f62f2527e864 has been successfully formatted.
2019-08-30 03:51:15,138 [pool-429-thread-1] INFO  ratis.ContainerStateMachine (ContainerStateMachine.java:loadSnapshot(227)) - group-F62F2527E864: The snapshot info is null. Setting the last applied indexto:(t:0, i:~)
2019-08-30 03:51:15,138 [pool-429-thread-1] INFO  server.RaftServerConfigKeys (ConfUtils.java:logGet(43)) - raft.server.leader.election.timeout = 120s (custom)
2019-08-30 03:51:15,139 [pool-429-thread-1] INFO  server.RaftServerConfigKeys (ConfUtils.java:logGet(43)) - raft.server.log.use.memory = false (default)
2019-08-30 03:51:15,139 [pool-429-thread-1] INFO  server.RaftServerConfigKeys (ConfUtils.java:logGet(43)) - raft.server.log.purge.gap = 1000000 (custom)
2019-08-30 03:51:15,139 [pool-429-thread-1] INFO  server.RaftServerConfigKeys (ConfUtils.java:logGet(43)) - raft.server.log.appender.buffer.byte-limit = 33554432 (custom)
2019-08-30 03:51:15,139 [pool-429-thread-1] INFO  server.RaftServerConfigKeys (ConfUtils.java:logGet(43)) - raft.server.log.segment.size.max = 1048576 (custom)
2019-08-30 03:51:15,139 [pool-429-thread-1] INFO  server.RaftServerConfigKeys (ConfUtils.java:logGet(43)) - raft.server.log.segment.cache.num.max = 2 (custom)
2019-08-30 03:51:15,139 [pool-429-thread-1] INFO  segmented.SegmentedRaftLogWorker (SegmentedRaftLogWorker.java:<init>(172)) - new 503c132b-b575-4388-b650-2d70ff914a35-SegmentedRaftLogWorker:Storage Directory /workdir/hadoop-ozone/integration-test/target/test-dir/MiniOzoneClusterImpl-42edc0d0-c7e9-4cf8-aacf-72b5a22a0227/datanode-2/data/ratis/e622c0b1-71ae-4f97-81de-f62f2527e864 for RaftStorage:Storage Directory /workdir/hadoop-ozone/integration-test/target/test-dir/MiniOzoneClusterImpl-42edc0d0-c7e9-4cf8-aacf-72b5a22a0227/datanode-2/data/ratis/e622c0b1-71ae-4f97-81de-f62f2527e864
2019-08-30 03:51:15,139 [pool-429-thread-1] INFO  server.RaftServerConfigKeys (ConfUtils.java:logGet(43)) - raft.server.log.queue.byte-limit = 2147483647 (custom)
2019-08-30 03:51:15,139 [pool-429-thread-1] INFO  server.RaftServerConfigKeys (ConfUtils.java:logGet(43)) - raft.server.log.queue.element-limit = 1024 (custom)
2019-08-30 03:51:15,139 [pool-429-thread-1] INFO  server.RaftServerConfigKeys (ConfUtils.java:logGet(43)) - raft.server.log.segment.size.max = 1048576 (custom)
2019-08-30 03:51:15,140 [pool-429-thread-1] INFO  server.RaftServerConfigKeys (ConfUtils.java:logGet(43)) - raft.server.log.preallocated.size = 16384 (custom)
2019-08-30 03:51:15,140 [pool-429-thread-1] INFO  server.RaftServerConfigKeys (ConfUtils.java:logGet(43)) - raft.server.log.write.buffer.size = 33554432 (custom)
2019-08-30 03:51:15,140 [pool-429-thread-1] INFO  server.RaftServerConfigKeys (ConfUtils.java:logGet(43)) - raft.server.log.force.sync.num = 128 (default)
2019-08-30 03:51:15,140 [pool-429-thread-1] INFO  server.RaftServerConfigKeys (ConfUtils.java:logGet(43)) - raft.server.log.statemachine.data.sync = true (default)
2019-08-30 03:51:15,140 [pool-429-thread-1] INFO  server.RaftServerConfigKeys (ConfUtils.java:logGet(43)) - raft.server.log.statemachine.data.sync.timeout = 10s (default)
2019-08-30 03:51:15,140 [pool-429-thread-1] INFO  server.RaftServerConfigKeys (ConfUtils.java:logGet(43)) - raft.server.log.statemachine.data.sync.timeout.retry = -1 (default)
2019-08-30 03:51:15,140 [pool-429-thread-1] INFO  server.RaftServerConfigKeys (ConfUtils.java:logGet(43)) - raft.server.log.statemachine.data.caching.enabled = true (custom)
2019-08-30 03:51:15,140 [pool-429-thread-1] INFO  segmented.SegmentedRaftLogWorker (SegmentedRaftLogWorker.java:lambda$new$0(132)) - 503c132b-b575-4388-b650-2d70ff914a35-SegmentedRaftLogWorker:Storage Directory /workdir/hadoop-ozone/integration-test/target/test-dir/MiniOzoneClusterImpl-42edc0d0-c7e9-4cf8-aacf-72b5a22a0227/datanode-2/data/ratis/e622c0b1-71ae-4f97-81de-f62f2527e864: flushIndex: setUnconditionally 0 -> -1
2019-08-30 03:51:15,141 [pool-429-thread-1] INFO  server.RaftServerConfigKeys (ConfUtils.java:logGet(43)) - raft.server.snapshot.auto.trigger.enabled = true (custom)
2019-08-30 03:51:15,141 [pool-429-thread-1] INFO  server.RaftServerConfigKeys (ConfUtils.java:logGet(43)) - raft.server.snapshot.auto.trigger.threshold = 10000 (custom)
2019-08-30 03:51:15,141 [pool-429-thread-1] INFO  server.RaftServerConfigKeys (ConfUtils.java:logGet(43)) - raft.server.retrycache.expirytime = 600000ms (custom)
2019-08-30 03:51:15,141 [pool-429-thread-1] INFO  impl.RaftServerImpl (RaftServerImpl.java:start(180)) - 503c132b-b575-4388-b650-2d70ff914a35: start group-F62F2527E864
2019-08-30 03:51:15,141 [pool-429-thread-1] INFO  impl.RaftServerImpl (RaftServerImpl.java:setRole(171)) - 503c132b-b575-4388-b650-2d70ff914a35:group-F62F2527E864 changes role from null to FOLLOWER at term 0 for startAsFollower
2019-08-30 03:51:15,141 [pool-429-thread-1] INFO  impl.RoleInfo (RoleInfo.java:updateAndGet(143)) - 503c132b-b575-4388-b650-2d70ff914a35: start FollowerState
2019-08-30 03:51:15,142 [pool-429-thread-1] INFO  util.JmxRegister (JmxRegister.java:tryRegister(44)) - Successfully registered JMX Bean with object name Ratis:service=RaftServer,group=group-F62F2527E864,id=503c132b-b575-4388-b650-2d70ff914a35
2019-08-30 03:51:15,146 [RatisPipelineUtilsThread] INFO  pipeline.PipelineStateManager (PipelineStateManager.java:addPipeline(56)) - Created pipeline Pipeline[ Id: e622c0b1-71ae-4f97-81de-f62f2527e864, Nodes: 503c132b-b575-4388-b650-2d70ff914a35{ip: 192.168.157.199, host: pr-hdds-2057-gndl4-2748649462, networkLocation: /default-rack, certSerialId: null}, Type:RATIS, Factor:ONE, State:OPEN]
2019-08-30 03:51:15,152 [grpc-default-executor-5] INFO  impl.RaftServerProxy (RaftServerProxy.java:addNew(89)) - 6b6e8f83-1581-4c4d-859e-6a09185f7f8f: addNew group-03B3489E28BF:[6b6e8f83-1581-4c4d-859e-6a09185f7f8f:192.168.157.199:33199] returns group-03B3489E28BF:java.util.concurrent.CompletableFuture@180a91e4[Not completed]
2019-08-30 03:51:15,154 [pool-439-thread-1] INFO  impl.RaftServerImpl (RaftServerImpl.java:<init>(93)) - 6b6e8f83-1581-4c4d-859e-6a09185f7f8f: new RaftServerImpl for group-03B3489E28BF:[6b6e8f83-1581-4c4d-859e-6a09185f7f8f:192.168.157.199:33199] with ContainerStateMachine:uninitialized
2019-08-30 03:51:15,154 [pool-439-thread-1] INFO  server.RaftServerConfigKeys (ConfUtils.java:logGet(43)) - raft.server.rpc.timeout.min = 5s (custom)
2019-08-30 03:51:15,154 [pool-439-thread-1] INFO  server.RaftServerConfigKeys (ConfUtils.java:logGet(43)) - raft.server.rpc.timeout.max = 5200ms (custom)
2019-08-30 03:51:15,154 [pool-439-thread-1] INFO  server.RaftServerConfigKeys (ConfUtils.java:logGet(43)) - raft.server.rpcslowness.timeout = 120s (custom)
2019-08-30 03:51:15,154 [pool-439-thread-1] INFO  server.RaftServerConfigKeys (ConfUtils.java:logGet(43)) - raft.server.sleep.deviation.threshold = 300 (default)
2019-08-30 03:51:15,154 [pool-439-thread-1] INFO  server.RaftServerConfigKeys (ConfUtils.java:logGet(43)) - raft.server.log.appender.install.snapshot.enabled = false (custom)
2019-08-30 03:51:15,154 [pool-439-thread-1] INFO  impl.RaftServerImpl (ServerState.java:<init>(105)) - 6b6e8f83-1581-4c4d-859e-6a09185f7f8f:group-03B3489E28BF ConfigurationManager, init=-1: [6b6e8f83-1581-4c4d-859e-6a09185f7f8f:192.168.157.199:33199], old=null, confs=<EMPTY_MAP>
2019-08-30 03:51:15,155 [pool-439-thread-1] INFO  server.RaftServerConfigKeys (ConfUtils.java:logGet(43)) - raft.server.storage.dir = [/workdir/hadoop-ozone/integration-test/target/test-dir/MiniOzoneClusterImpl-42edc0d0-c7e9-4cf8-aacf-72b5a22a0227/datanode-3/data/ratis] (custom)
2019-08-30 03:51:15,155 [pool-439-thread-1] INFO  storage.RaftStorageDirectory (RaftStorageDirectory.java:analyzeStorage(246)) - The storage directory /workdir/hadoop-ozone/integration-test/target/test-dir/MiniOzoneClusterImpl-42edc0d0-c7e9-4cf8-aacf-72b5a22a0227/datanode-3/data/ratis/e086ffd0-8b7e-4d6e-a8c3-03b3489e28bf does not exist. Creating ...
2019-08-30 03:51:15,167 [pool-439-thread-1] INFO  storage.RaftStorageDirectory (RaftStorageDirectory.java:tryLock(328)) - Lock on /workdir/hadoop-ozone/integration-test/target/test-dir/MiniOzoneClusterImpl-42edc0d0-c7e9-4cf8-aacf-72b5a22a0227/datanode-3/data/ratis/e086ffd0-8b7e-4d6e-a8c3-03b3489e28bf/in_use.lock acquired by nodename 4854@pr-hdds-2057-gndl4-2748649462
2019-08-30 03:51:15,182 [pool-439-thread-1] INFO  storage.RaftStorage (RaftStorage.java:format(72)) - Storage directory /workdir/hadoop-ozone/integration-test/target/test-dir/MiniOzoneClusterImpl-42edc0d0-c7e9-4cf8-aacf-72b5a22a0227/datanode-3/data/ratis/e086ffd0-8b7e-4d6e-a8c3-03b3489e28bf has been successfully formatted.
2019-08-30 03:51:15,182 [pool-439-thread-1] INFO  ratis.ContainerStateMachine (ContainerStateMachine.java:loadSnapshot(227)) - group-03B3489E28BF: The snapshot info is null. Setting the last applied indexto:(t:0, i:~)
2019-08-30 03:51:15,183 [pool-439-thread-1] INFO  server.RaftServerConfigKeys (ConfUtils.java:logGet(43)) - raft.server.leader.election.timeout = 120s (custom)
2019-08-30 03:51:15,183 [pool-439-thread-1] INFO  server.RaftServerConfigKeys (ConfUtils.java:logGet(43)) - raft.server.log.use.memory = false (default)
2019-08-30 03:51:15,183 [pool-439-thread-1] INFO  server.RaftServerConfigKeys (ConfUtils.java:logGet(43)) - raft.server.log.purge.gap = 1000000 (custom)
2019-08-30 03:51:15,183 [pool-439-thread-1] INFO  server.RaftServerConfigKeys (ConfUtils.java:logGet(43)) - raft.server.log.appender.buffer.byte-limit = 33554432 (custom)
2019-08-30 03:51:15,183 [pool-439-thread-1] INFO  server.RaftServerConfigKeys (ConfUtils.java:logGet(43)) - raft.server.log.segment.size.max = 1048576 (custom)
2019-08-30 03:51:15,183 [pool-439-thread-1] INFO  server.RaftServerConfigKeys (ConfUtils.java:logGet(43)) - raft.server.log.segment.cache.num.max = 2 (custom)
2019-08-30 03:51:15,183 [pool-439-thread-1] INFO  segmented.SegmentedRaftLogWorker (SegmentedRaftLogWorker.java:<init>(172)) - new 6b6e8f83-1581-4c4d-859e-6a09185f7f8f-SegmentedRaftLogWorker:Storage Directory /workdir/hadoop-ozone/integration-test/target/test-dir/MiniOzoneClusterImpl-42edc0d0-c7e9-4cf8-aacf-72b5a22a0227/datanode-3/data/ratis/e086ffd0-8b7e-4d6e-a8c3-03b3489e28bf for RaftStorage:Storage Directory /workdir/hadoop-ozone/integration-test/target/test-dir/MiniOzoneClusterImpl-42edc0d0-c7e9-4cf8-aacf-72b5a22a0227/datanode-3/data/ratis/e086ffd0-8b7e-4d6e-a8c3-03b3489e28bf
2019-08-30 03:51:15,183 [pool-439-thread-1] INFO  server.RaftServerConfigKeys (ConfUtils.java:logGet(43)) - raft.server.log.queue.byte-limit = 2147483647 (custom)
2019-08-30 03:51:15,183 [pool-439-thread-1] INFO  server.RaftServerConfigKeys (ConfUtils.java:logGet(43)) - raft.server.log.queue.element-limit = 1024 (custom)
2019-08-30 03:51:15,184 [pool-439-thread-1] INFO  server.RaftServerConfigKeys (ConfUtils.java:logGet(43)) - raft.server.log.segment.size.max = 1048576 (custom)
2019-08-30 03:51:15,184 [pool-439-thread-1] INFO  server.RaftServerConfigKeys (ConfUtils.java:logGet(43)) - raft.server.log.preallocated.size = 16384 (custom)
2019-08-30 03:51:15,184 [pool-439-thread-1] INFO  server.RaftServerConfigKeys (ConfUtils.java:logGet(43)) - raft.server.log.write.buffer.size = 33554432 (custom)
2019-08-30 03:51:15,184 [pool-439-thread-1] INFO  server.RaftServerConfigKeys (ConfUtils.java:logGet(43)) - raft.server.log.force.sync.num = 128 (default)
2019-08-30 03:51:15,184 [pool-439-thread-1] INFO  server.RaftServerConfigKeys (ConfUtils.java:logGet(43)) - raft.server.log.statemachine.data.sync = true (default)
2019-08-30 03:51:15,184 [pool-439-thread-1] INFO  server.RaftServerConfigKeys (ConfUtils.java:logGet(43)) - raft.server.log.statemachine.data.sync.timeout = 10s (default)
2019-08-30 03:51:15,184 [pool-439-thread-1] INFO  server.RaftServerConfigKeys (ConfUtils.java:logGet(43)) - raft.server.log.statemachine.data.sync.timeout.retry = -1 (default)
2019-08-30 03:51:15,184 [pool-439-thread-1] INFO  server.RaftServerConfigKeys (ConfUtils.java:logGet(43)) - raft.server.log.statemachine.data.caching.enabled = true (custom)
2019-08-30 03:51:15,185 [pool-439-thread-1] INFO  segmented.SegmentedRaftLogWorker (SegmentedRaftLogWorker.java:lambda$new$0(132)) - 6b6e8f83-1581-4c4d-859e-6a09185f7f8f-SegmentedRaftLogWorker:Storage Directory /workdir/hadoop-ozone/integration-test/target/test-dir/MiniOzoneClusterImpl-42edc0d0-c7e9-4cf8-aacf-72b5a22a0227/datanode-3/data/ratis/e086ffd0-8b7e-4d6e-a8c3-03b3489e28bf: flushIndex: setUnconditionally 0 -> -1
2019-08-30 03:51:15,185 [pool-439-thread-1] INFO  server.RaftServerConfigKeys (ConfUtils.java:logGet(43)) - raft.server.snapshot.auto.trigger.enabled = true (custom)
2019-08-30 03:51:15,185 [pool-439-thread-1] INFO  server.RaftServerConfigKeys (ConfUtils.java:logGet(43)) - raft.server.snapshot.auto.trigger.threshold = 10000 (custom)
2019-08-30 03:51:15,185 [pool-439-thread-1] INFO  server.RaftServerConfigKeys (ConfUtils.java:logGet(43)) - raft.server.retrycache.expirytime = 600000ms (custom)
2019-08-30 03:51:15,185 [pool-439-thread-1] INFO  impl.RaftServerImpl (RaftServerImpl.java:start(180)) - 6b6e8f83-1581-4c4d-859e-6a09185f7f8f: start group-03B3489E28BF
2019-08-30 03:51:15,185 [pool-439-thread-1] INFO  impl.RaftServerImpl (RaftServerImpl.java:setRole(171)) - 6b6e8f83-1581-4c4d-859e-6a09185f7f8f:group-03B3489E28BF changes role from null to FOLLOWER at term 0 for startAsFollower
2019-08-30 03:51:15,185 [pool-439-thread-1] INFO  impl.RoleInfo (RoleInfo.java:updateAndGet(143)) - 6b6e8f83-1581-4c4d-859e-6a09185f7f8f: start FollowerState
2019-08-30 03:51:15,186 [pool-439-thread-1] INFO  util.JmxRegister (JmxRegister.java:tryRegister(44)) - Successfully registered JMX Bean with object name Ratis:service=RaftServer,group=group-03B3489E28BF,id=6b6e8f83-1581-4c4d-859e-6a09185f7f8f
2019-08-30 03:51:15,191 [RatisPipelineUtilsThread] INFO  pipeline.PipelineStateManager (PipelineStateManager.java:addPipeline(56)) - Created pipeline Pipeline[ Id: e086ffd0-8b7e-4d6e-a8c3-03b3489e28bf, Nodes: 6b6e8f83-1581-4c4d-859e-6a09185f7f8f{ip: 192.168.157.199, host: pr-hdds-2057-gndl4-2748649462, networkLocation: /default-rack, certSerialId: null}, Type:RATIS, Factor:ONE, State:OPEN]
2019-08-30 03:51:15,198 [IPC Server handler 5 on 45214] INFO  net.NetworkTopology (NetworkTopologyImpl.java:add(110)) - Added a new node: /default-rack/d899c6ae-90ec-446d-94b3-997285126f36
2019-08-30 03:51:15,199 [IPC Server handler 5 on 45214] INFO  node.SCMNodeManager (SCMNodeManager.java:register(273)) - Registered Data node : d899c6ae-90ec-446d-94b3-997285126f36{ip: 192.168.157.199, host: pr-hdds-2057-gndl4-2748649462, networkLocation: /default-rack, certSerialId: null}
2019-08-30 03:51:15,199 | INFO  | SCMAudit | user=jenkins1000 | ip=192.168.157.199 | op=REGISTER {datanodeDetails=d899c6ae-90ec-446d-94b3-997285126f36{ip: 192.168.157.199, host: pr-hdds-2057-gndl4-2748649462, networkLocation: /default-rack, certSerialId: null}} | ret=SUCCESS |  
2019-08-30 03:51:15,199 [grpc-default-executor-3] INFO  impl.RaftServerProxy (RaftServerProxy.java:addNew(89)) - 34a22de4-3e24-4541-99bd-6e7cf7aa3a5e: addNew group-D2EACB325F67:[014d650f-ccff-4dcb-ad60-4ffc816b3ea1:192.168.157.199:34854, 6b6e8f83-1581-4c4d-859e-6a09185f7f8f:192.168.157.199:33199, 34a22de4-3e24-4541-99bd-6e7cf7aa3a5e:192.168.157.199:43669] returns group-D2EACB325F67:java.util.concurrent.CompletableFuture@470c29c7[Not completed]
2019-08-30 03:51:15,200 [grpc-default-executor-7] INFO  impl.RaftServerProxy (RaftServerProxy.java:addNew(89)) - 6b6e8f83-1581-4c4d-859e-6a09185f7f8f: addNew group-D2EACB325F67:[014d650f-ccff-4dcb-ad60-4ffc816b3ea1:192.168.157.199:34854, 6b6e8f83-1581-4c4d-859e-6a09185f7f8f:192.168.157.199:33199, 34a22de4-3e24-4541-99bd-6e7cf7aa3a5e:192.168.157.199:43669] returns group-D2EACB325F67:java.util.concurrent.CompletableFuture@5aa86ffa[Not completed]
2019-08-30 03:51:15,200 [grpc-default-executor-3] INFO  impl.RaftServerProxy (RaftServerProxy.java:addNew(89)) - 014d650f-ccff-4dcb-ad60-4ffc816b3ea1: addNew group-D2EACB325F67:[014d650f-ccff-4dcb-ad60-4ffc816b3ea1:192.168.157.199:34854, 6b6e8f83-1581-4c4d-859e-6a09185f7f8f:192.168.157.199:33199, 34a22de4-3e24-4541-99bd-6e7cf7aa3a5e:192.168.157.199:43669] returns group-D2EACB325F67:java.util.concurrent.CompletableFuture@1fd28d0[Not completed]
2019-08-30 03:51:15,201 [pool-419-thread-1] INFO  impl.RaftServerImpl (RaftServerImpl.java:<init>(93)) - 34a22de4-3e24-4541-99bd-6e7cf7aa3a5e: new RaftServerImpl for group-D2EACB325F67:[014d650f-ccff-4dcb-ad60-4ffc816b3ea1:192.168.157.199:34854, 6b6e8f83-1581-4c4d-859e-6a09185f7f8f:192.168.157.199:33199, 34a22de4-3e24-4541-99bd-6e7cf7aa3a5e:192.168.157.199:43669] with ContainerStateMachine:uninitialized
2019-08-30 03:51:15,201 [pool-419-thread-1] INFO  server.RaftServerConfigKeys (ConfUtils.java:logGet(43)) - raft.server.rpc.timeout.min = 5s (custom)
2019-08-30 03:51:15,201 [pool-419-thread-1] INFO  server.RaftServerConfigKeys (ConfUtils.java:logGet(43)) - raft.server.rpc.timeout.max = 5200ms (custom)
2019-08-30 03:51:15,201 [pool-419-thread-1] INFO  server.RaftServerConfigKeys (ConfUtils.java:logGet(43)) - raft.server.rpcslowness.timeout = 120s (custom)
2019-08-30 03:51:15,201 [pool-419-thread-1] INFO  server.RaftServerConfigKeys (ConfUtils.java:logGet(43)) - raft.server.sleep.deviation.threshold = 300 (default)
2019-08-30 03:51:15,201 [pool-409-thread-1] INFO  impl.RaftServerImpl (RaftServerImpl.java:<init>(93)) - 014d650f-ccff-4dcb-ad60-4ffc816b3ea1: new RaftServerImpl for group-D2EACB325F67:[014d650f-ccff-4dcb-ad60-4ffc816b3ea1:192.168.157.199:34854, 6b6e8f83-1581-4c4d-859e-6a09185f7f8f:192.168.157.199:33199, 34a22de4-3e24-4541-99bd-6e7cf7aa3a5e:192.168.157.199:43669] with ContainerStateMachine:uninitialized
2019-08-30 03:51:15,201 [pool-419-thread-1] INFO  server.RaftServerConfigKeys (ConfUtils.java:logGet(43)) - raft.server.log.appender.install.snapshot.enabled = false (custom)
2019-08-30 03:51:15,202 [pool-409-thread-1] INFO  server.RaftServerConfigKeys (ConfUtils.java:logGet(43)) - raft.server.rpc.timeout.min = 5s (custom)
2019-08-30 03:51:15,202 [pool-439-thread-1] INFO  impl.RaftServerImpl (RaftServerImpl.java:<init>(93)) - 6b6e8f83-1581-4c4d-859e-6a09185f7f8f: new RaftServerImpl for group-D2EACB325F67:[014d650f-ccff-4dcb-ad60-4ffc816b3ea1:192.168.157.199:34854, 6b6e8f83-1581-4c4d-859e-6a09185f7f8f:192.168.157.199:33199, 34a22de4-3e24-4541-99bd-6e7cf7aa3a5e:192.168.157.199:43669] with ContainerStateMachine:uninitialized
2019-08-30 03:51:15,202 [pool-419-thread-1] INFO  impl.RaftServerImpl (ServerState.java:<init>(105)) - 34a22de4-3e24-4541-99bd-6e7cf7aa3a5e:group-D2EACB325F67 ConfigurationManager, init=-1: [014d650f-ccff-4dcb-ad60-4ffc816b3ea1:192.168.157.199:34854, 6b6e8f83-1581-4c4d-859e-6a09185f7f8f:192.168.157.199:33199, 34a22de4-3e24-4541-99bd-6e7cf7aa3a5e:192.168.157.199:43669], old=null, confs=<EMPTY_MAP>
2019-08-30 03:51:15,202 [pool-439-thread-1] INFO  server.RaftServerConfigKeys (ConfUtils.java:logGet(43)) - raft.server.rpc.timeout.min = 5s (custom)
2019-08-30 03:51:15,202 [pool-409-thread-1] INFO  server.RaftServerConfigKeys (ConfUtils.java:logGet(43)) - raft.server.rpc.timeout.max = 5200ms (custom)
2019-08-30 03:51:15,202 [pool-439-thread-1] INFO  server.RaftServerConfigKeys (ConfUtils.java:logGet(43)) - raft.server.rpc.timeout.max = 5200ms (custom)
2019-08-30 03:51:15,202 [pool-419-thread-1] INFO  server.RaftServerConfigKeys (ConfUtils.java:logGet(43)) - raft.server.storage.dir = [/workdir/hadoop-ozone/integration-test/target/test-dir/MiniOzoneClusterImpl-42edc0d0-c7e9-4cf8-aacf-72b5a22a0227/datanode-1/data/ratis] (custom)
2019-08-30 03:51:15,202 [pool-439-thread-1] INFO  server.RaftServerConfigKeys (ConfUtils.java:logGet(43)) - raft.server.rpcslowness.timeout = 120s (custom)
2019-08-30 03:51:15,203 [pool-439-thread-1] INFO  server.RaftServerConfigKeys (ConfUtils.java:logGet(43)) - raft.server.sleep.deviation.threshold = 300 (default)
2019-08-30 03:51:15,202 [pool-409-thread-1] INFO  server.RaftServerConfigKeys (ConfUtils.java:logGet(43)) - raft.server.rpcslowness.timeout = 120s (custom)
2019-08-30 03:51:15,203 [pool-419-thread-1] INFO  storage.RaftStorageDirectory (RaftStorageDirectory.java:analyzeStorage(246)) - The storage directory /workdir/hadoop-ozone/integration-test/target/test-dir/MiniOzoneClusterImpl-42edc0d0-c7e9-4cf8-aacf-72b5a22a0227/datanode-1/data/ratis/ddbfc6ee-af5e-459a-90a9-d2eacb325f67 does not exist. Creating ...
2019-08-30 03:51:15,203 [pool-439-thread-1] INFO  server.RaftServerConfigKeys (ConfUtils.java:logGet(43)) - raft.server.log.appender.install.snapshot.enabled = false (custom)
2019-08-30 03:51:15,203 [pool-409-thread-1] INFO  server.RaftServerConfigKeys (ConfUtils.java:logGet(43)) - raft.server.sleep.deviation.threshold = 300 (default)
2019-08-30 03:51:15,203 [pool-439-thread-1] INFO  impl.RaftServerImpl (ServerState.java:<init>(105)) - 6b6e8f83-1581-4c4d-859e-6a09185f7f8f:group-D2EACB325F67 ConfigurationManager, init=-1: [014d650f-ccff-4dcb-ad60-4ffc816b3ea1:192.168.157.199:34854, 6b6e8f83-1581-4c4d-859e-6a09185f7f8f:192.168.157.199:33199, 34a22de4-3e24-4541-99bd-6e7cf7aa3a5e:192.168.157.199:43669], old=null, confs=<EMPTY_MAP>
2019-08-30 03:51:15,203 [pool-409-thread-1] INFO  server.RaftServerConfigKeys (ConfUtils.java:logGet(43)) - raft.server.log.appender.install.snapshot.enabled = false (custom)
2019-08-30 03:51:15,203 [pool-439-thread-1] INFO  server.RaftServerConfigKeys (ConfUtils.java:logGet(43)) - raft.server.storage.dir = [/workdir/hadoop-ozone/integration-test/target/test-dir/MiniOzoneClusterImpl-42edc0d0-c7e9-4cf8-aacf-72b5a22a0227/datanode-3/data/ratis] (custom)
2019-08-30 03:51:15,204 [pool-409-thread-1] INFO  impl.RaftServerImpl (ServerState.java:<init>(105)) - 014d650f-ccff-4dcb-ad60-4ffc816b3ea1:group-D2EACB325F67 ConfigurationManager, init=-1: [014d650f-ccff-4dcb-ad60-4ffc816b3ea1:192.168.157.199:34854, 6b6e8f83-1581-4c4d-859e-6a09185f7f8f:192.168.157.199:33199, 34a22de4-3e24-4541-99bd-6e7cf7aa3a5e:192.168.157.199:43669], old=null, confs=<EMPTY_MAP>
2019-08-30 03:51:15,204 [pool-439-thread-1] INFO  storage.RaftStorageDirectory (RaftStorageDirectory.java:analyzeStorage(246)) - The storage directory /workdir/hadoop-ozone/integration-test/target/test-dir/MiniOzoneClusterImpl-42edc0d0-c7e9-4cf8-aacf-72b5a22a0227/datanode-3/data/ratis/ddbfc6ee-af5e-459a-90a9-d2eacb325f67 does not exist. Creating ...
2019-08-30 03:51:15,204 [pool-409-thread-1] INFO  server.RaftServerConfigKeys (ConfUtils.java:logGet(43)) - raft.server.storage.dir = [/workdir/hadoop-ozone/integration-test/target/test-dir/MiniOzoneClusterImpl-42edc0d0-c7e9-4cf8-aacf-72b5a22a0227/datanode-0/data/ratis] (custom)
2019-08-30 03:51:15,204 [pool-409-thread-1] INFO  storage.RaftStorageDirectory (RaftStorageDirectory.java:analyzeStorage(246)) - The storage directory /workdir/hadoop-ozone/integration-test/target/test-dir/MiniOzoneClusterImpl-42edc0d0-c7e9-4cf8-aacf-72b5a22a0227/datanode-0/data/ratis/ddbfc6ee-af5e-459a-90a9-d2eacb325f67 does not exist. Creating ...
2019-08-30 03:51:15,209 [pool-439-thread-1] INFO  storage.RaftStorageDirectory (RaftStorageDirectory.java:tryLock(328)) - Lock on /workdir/hadoop-ozone/integration-test/target/test-dir/MiniOzoneClusterImpl-42edc0d0-c7e9-4cf8-aacf-72b5a22a0227/datanode-3/data/ratis/ddbfc6ee-af5e-459a-90a9-d2eacb325f67/in_use.lock acquired by nodename 4854@pr-hdds-2057-gndl4-2748649462
2019-08-30 03:51:15,209 [pool-419-thread-1] INFO  storage.RaftStorageDirectory (RaftStorageDirectory.java:tryLock(328)) - Lock on /workdir/hadoop-ozone/integration-test/target/test-dir/MiniOzoneClusterImpl-42edc0d0-c7e9-4cf8-aacf-72b5a22a0227/datanode-1/data/ratis/ddbfc6ee-af5e-459a-90a9-d2eacb325f67/in_use.lock acquired by nodename 4854@pr-hdds-2057-gndl4-2748649462
2019-08-30 03:51:15,211 [pool-409-thread-1] INFO  storage.RaftStorageDirectory (RaftStorageDirectory.java:tryLock(328)) - Lock on /workdir/hadoop-ozone/integration-test/target/test-dir/MiniOzoneClusterImpl-42edc0d0-c7e9-4cf8-aacf-72b5a22a0227/datanode-0/data/ratis/ddbfc6ee-af5e-459a-90a9-d2eacb325f67/in_use.lock acquired by nodename 4854@pr-hdds-2057-gndl4-2748649462
2019-08-30 03:51:15,214 [pool-409-thread-1] INFO  storage.RaftStorage (RaftStorage.java:format(72)) - Storage directory /workdir/hadoop-ozone/integration-test/target/test-dir/MiniOzoneClusterImpl-42edc0d0-c7e9-4cf8-aacf-72b5a22a0227/datanode-0/data/ratis/ddbfc6ee-af5e-459a-90a9-d2eacb325f67 has been successfully formatted.
2019-08-30 03:51:15,214 [pool-439-thread-1] INFO  storage.RaftStorage (RaftStorage.java:format(72)) - Storage directory /workdir/hadoop-ozone/integration-test/target/test-dir/MiniOzoneClusterImpl-42edc0d0-c7e9-4cf8-aacf-72b5a22a0227/datanode-3/data/ratis/ddbfc6ee-af5e-459a-90a9-d2eacb325f67 has been successfully formatted.
2019-08-30 03:51:15,215 [pool-409-thread-1] INFO  ratis.ContainerStateMachine (ContainerStateMachine.java:loadSnapshot(227)) - group-D2EACB325F67: The snapshot info is null. Setting the last applied indexto:(t:0, i:~)
2019-08-30 03:51:15,215 [pool-439-thread-1] INFO  ratis.ContainerStateMachine (ContainerStateMachine.java:loadSnapshot(227)) - group-D2EACB325F67: The snapshot info is null. Setting the last applied indexto:(t:0, i:~)
2019-08-30 03:51:15,214 [pool-419-thread-1] INFO  storage.RaftStorage (RaftStorage.java:format(72)) - Storage directory /workdir/hadoop-ozone/integration-test/target/test-dir/MiniOzoneClusterImpl-42edc0d0-c7e9-4cf8-aacf-72b5a22a0227/datanode-1/data/ratis/ddbfc6ee-af5e-459a-90a9-d2eacb325f67 has been successfully formatted.
2019-08-30 03:51:15,215 [pool-439-thread-1] INFO  server.RaftServerConfigKeys (ConfUtils.java:logGet(43)) - raft.server.leader.election.timeout = 120s (custom)
2019-08-30 03:51:15,215 [pool-419-thread-1] INFO  ratis.ContainerStateMachine (ContainerStateMachine.java:loadSnapshot(227)) - group-D2EACB325F67: The snapshot info is null. Setting the last applied indexto:(t:0, i:~)
2019-08-30 03:51:15,215 [pool-409-thread-1] INFO  server.RaftServerConfigKeys (ConfUtils.java:logGet(43)) - raft.server.leader.election.timeout = 120s (custom)
2019-08-30 03:51:15,215 [pool-419-thread-1] INFO  server.RaftServerConfigKeys (ConfUtils.java:logGet(43)) - raft.server.leader.election.timeout = 120s (custom)
2019-08-30 03:51:15,215 [pool-439-thread-1] INFO  server.RaftServerConfigKeys (ConfUtils.java:logGet(43)) - raft.server.log.use.memory = false (default)
2019-08-30 03:51:15,216 [pool-419-thread-1] INFO  server.RaftServerConfigKeys (ConfUtils.java:logGet(43)) - raft.server.log.use.memory = false (default)
2019-08-30 03:51:15,215 [pool-409-thread-1] INFO  server.RaftServerConfigKeys (ConfUtils.java:logGet(43)) - raft.server.log.use.memory = false (default)
2019-08-30 03:51:15,216 [pool-419-thread-1] INFO  server.RaftServerConfigKeys (ConfUtils.java:logGet(43)) - raft.server.log.purge.gap = 1000000 (custom)
2019-08-30 03:51:15,216 [pool-419-thread-1] INFO  server.RaftServerConfigKeys (ConfUtils.java:logGet(43)) - raft.server.log.appender.buffer.byte-limit = 33554432 (custom)
2019-08-30 03:51:15,216 [pool-439-thread-1] INFO  server.RaftServerConfigKeys (ConfUtils.java:logGet(43)) - raft.server.log.purge.gap = 1000000 (custom)
2019-08-30 03:51:15,216 [pool-419-thread-1] INFO  server.RaftServerConfigKeys (ConfUtils.java:logGet(43)) - raft.server.log.segment.size.max = 1048576 (custom)
2019-08-30 03:51:15,216 [pool-409-thread-1] INFO  server.RaftServerConfigKeys (ConfUtils.java:logGet(43)) - raft.server.log.purge.gap = 1000000 (custom)
2019-08-30 03:51:15,216 [pool-419-thread-1] INFO  server.RaftServerConfigKeys (ConfUtils.java:logGet(43)) - raft.server.log.segment.cache.num.max = 2 (custom)
2019-08-30 03:51:15,216 [pool-439-thread-1] INFO  server.RaftServerConfigKeys (ConfUtils.java:logGet(43)) - raft.server.log.appender.buffer.byte-limit = 33554432 (custom)
2019-08-30 03:51:15,217 [pool-419-thread-1] INFO  segmented.SegmentedRaftLogWorker (SegmentedRaftLogWorker.java:<init>(172)) - new 34a22de4-3e24-4541-99bd-6e7cf7aa3a5e-SegmentedRaftLogWorker:Storage Directory /workdir/hadoop-ozone/integration-test/target/test-dir/MiniOzoneClusterImpl-42edc0d0-c7e9-4cf8-aacf-72b5a22a0227/datanode-1/data/ratis/ddbfc6ee-af5e-459a-90a9-d2eacb325f67 for RaftStorage:Storage Directory /workdir/hadoop-ozone/integration-test/target/test-dir/MiniOzoneClusterImpl-42edc0d0-c7e9-4cf8-aacf-72b5a22a0227/datanode-1/data/ratis/ddbfc6ee-af5e-459a-90a9-d2eacb325f67
2019-08-30 03:51:15,217 [pool-409-thread-1] INFO  server.RaftServerConfigKeys (ConfUtils.java:logGet(43)) - raft.server.log.appender.buffer.byte-limit = 33554432 (custom)
2019-08-30 03:51:15,217 [pool-419-thread-1] INFO  server.RaftServerConfigKeys (ConfUtils.java:logGet(43)) - raft.server.log.queue.byte-limit = 2147483647 (custom)
2019-08-30 03:51:15,217 [pool-439-thread-1] INFO  server.RaftServerConfigKeys (ConfUtils.java:logGet(43)) - raft.server.log.segment.size.max = 1048576 (custom)
2019-08-30 03:51:15,217 [pool-419-thread-1] INFO  server.RaftServerConfigKeys (ConfUtils.java:logGet(43)) - raft.server.log.queue.element-limit = 1024 (custom)
2019-08-30 03:51:15,217 [pool-409-thread-1] INFO  server.RaftServerConfigKeys (ConfUtils.java:logGet(43)) - raft.server.log.segment.size.max = 1048576 (custom)
2019-08-30 03:51:15,218 [pool-419-thread-1] INFO  server.RaftServerConfigKeys (ConfUtils.java:logGet(43)) - raft.server.log.segment.size.max = 1048576 (custom)
2019-08-30 03:51:15,218 [pool-439-thread-1] INFO  server.RaftServerConfigKeys (ConfUtils.java:logGet(43)) - raft.server.log.segment.cache.num.max = 2 (custom)
2019-08-30 03:51:15,218 [pool-419-thread-1] INFO  server.RaftServerConfigKeys (ConfUtils.java:logGet(43)) - raft.server.log.preallocated.size = 16384 (custom)
2019-08-30 03:51:15,218 [pool-419-thread-1] INFO  server.RaftServerConfigKeys (ConfUtils.java:logGet(43)) - raft.server.log.write.buffer.size = 33554432 (custom)
2019-08-30 03:51:15,218 [pool-409-thread-1] INFO  server.RaftServerConfigKeys (ConfUtils.java:logGet(43)) - raft.server.log.segment.cache.num.max = 2 (custom)
2019-08-30 03:51:15,218 [pool-419-thread-1] INFO  server.RaftServerConfigKeys (ConfUtils.java:logGet(43)) - raft.server.log.force.sync.num = 128 (default)
2019-08-30 03:51:15,219 [pool-419-thread-1] INFO  server.RaftServerConfigKeys (ConfUtils.java:logGet(43)) - raft.server.log.statemachine.data.sync = true (default)
2019-08-30 03:51:15,218 [pool-439-thread-1] INFO  segmented.SegmentedRaftLogWorker (SegmentedRaftLogWorker.java:<init>(172)) - new 6b6e8f83-1581-4c4d-859e-6a09185f7f8f-SegmentedRaftLogWorker:Storage Directory /workdir/hadoop-ozone/integration-test/target/test-dir/MiniOzoneClusterImpl-42edc0d0-c7e9-4cf8-aacf-72b5a22a0227/datanode-3/data/ratis/ddbfc6ee-af5e-459a-90a9-d2eacb325f67 for RaftStorage:Storage Directory /workdir/hadoop-ozone/integration-test/target/test-dir/MiniOzoneClusterImpl-42edc0d0-c7e9-4cf8-aacf-72b5a22a0227/datanode-3/data/ratis/ddbfc6ee-af5e-459a-90a9-d2eacb325f67
2019-08-30 03:51:15,219 [pool-419-thread-1] INFO  server.RaftServerConfigKeys (ConfUtils.java:logGet(43)) - raft.server.log.statemachine.data.sync.timeout = 10s (default)
2019-08-30 03:51:15,218 [pool-409-thread-1] INFO  segmented.SegmentedRaftLogWorker (SegmentedRaftLogWorker.java:<init>(172)) - new 014d650f-ccff-4dcb-ad60-4ffc816b3ea1-SegmentedRaftLogWorker:Storage Directory /workdir/hadoop-ozone/integration-test/target/test-dir/MiniOzoneClusterImpl-42edc0d0-c7e9-4cf8-aacf-72b5a22a0227/datanode-0/data/ratis/ddbfc6ee-af5e-459a-90a9-d2eacb325f67 for RaftStorage:Storage Directory /workdir/hadoop-ozone/integration-test/target/test-dir/MiniOzoneClusterImpl-42edc0d0-c7e9-4cf8-aacf-72b5a22a0227/datanode-0/data/ratis/ddbfc6ee-af5e-459a-90a9-d2eacb325f67
2019-08-30 03:51:15,219 [pool-419-thread-1] INFO  server.RaftServerConfigKeys (ConfUtils.java:logGet(43)) - raft.server.log.statemachine.data.sync.timeout.retry = -1 (default)
2019-08-30 03:51:15,219 [pool-439-thread-1] INFO  server.RaftServerConfigKeys (ConfUtils.java:logGet(43)) - raft.server.log.queue.byte-limit = 2147483647 (custom)
2019-08-30 03:51:15,219 [pool-419-thread-1] INFO  server.RaftServerConfigKeys (ConfUtils.java:logGet(43)) - raft.server.log.statemachine.data.caching.enabled = true (custom)
2019-08-30 03:51:15,219 [pool-409-thread-1] INFO  server.RaftServerConfigKeys (ConfUtils.java:logGet(43)) - raft.server.log.queue.byte-limit = 2147483647 (custom)
2019-08-30 03:51:15,219 [pool-439-thread-1] INFO  server.RaftServerConfigKeys (ConfUtils.java:logGet(43)) - raft.server.log.queue.element-limit = 1024 (custom)
2019-08-30 03:51:15,220 [pool-409-thread-1] INFO  server.RaftServerConfigKeys (ConfUtils.java:logGet(43)) - raft.server.log.queue.element-limit = 1024 (custom)
2019-08-30 03:51:15,220 [pool-419-thread-1] INFO  segmented.SegmentedRaftLogWorker (SegmentedRaftLogWorker.java:lambda$new$0(132)) - 34a22de4-3e24-4541-99bd-6e7cf7aa3a5e-SegmentedRaftLogWorker:Storage Directory /workdir/hadoop-ozone/integration-test/target/test-dir/MiniOzoneClusterImpl-42edc0d0-c7e9-4cf8-aacf-72b5a22a0227/datanode-1/data/ratis/ddbfc6ee-af5e-459a-90a9-d2eacb325f67: flushIndex: setUnconditionally 0 -> -1
2019-08-30 03:51:15,220 [pool-409-thread-1] INFO  server.RaftServerConfigKeys (ConfUtils.java:logGet(43)) - raft.server.log.segment.size.max = 1048576 (custom)
2019-08-30 03:51:15,220 [pool-439-thread-1] INFO  server.RaftServerConfigKeys (ConfUtils.java:logGet(43)) - raft.server.log.segment.size.max = 1048576 (custom)
2019-08-30 03:51:15,220 [pool-419-thread-1] INFO  server.RaftServerConfigKeys (ConfUtils.java:logGet(43)) - raft.server.snapshot.auto.trigger.enabled = true (custom)
2019-08-30 03:51:15,220 [pool-409-thread-1] INFO  server.RaftServerConfigKeys (ConfUtils.java:logGet(43)) - raft.server.log.preallocated.size = 16384 (custom)
2019-08-30 03:51:15,220 [pool-419-thread-1] INFO  server.RaftServerConfigKeys (ConfUtils.java:logGet(43)) - raft.server.snapshot.auto.trigger.threshold = 10000 (custom)
2019-08-30 03:51:15,220 [pool-439-thread-1] INFO  server.RaftServerConfigKeys (ConfUtils.java:logGet(43)) - raft.server.log.preallocated.size = 16384 (custom)
2019-08-30 03:51:15,221 [pool-419-thread-1] INFO  server.RaftServerConfigKeys (ConfUtils.java:logGet(43)) - raft.server.retrycache.expirytime = 600000ms (custom)
2019-08-30 03:51:15,221 [pool-409-thread-1] INFO  server.RaftServerConfigKeys (ConfUtils.java:logGet(43)) - raft.server.log.write.buffer.size = 33554432 (custom)
2019-08-30 03:51:15,221 [pool-419-thread-1] INFO  impl.RaftServerImpl (RaftServerImpl.java:start(180)) - 34a22de4-3e24-4541-99bd-6e7cf7aa3a5e: start group-D2EACB325F67
2019-08-30 03:51:15,221 [pool-439-thread-1] INFO  server.RaftServerConfigKeys (ConfUtils.java:logGet(43)) - raft.server.log.write.buffer.size = 33554432 (custom)
2019-08-30 03:51:15,221 [pool-419-thread-1] INFO  impl.RaftServerImpl (RaftServerImpl.java:setRole(171)) - 34a22de4-3e24-4541-99bd-6e7cf7aa3a5e:group-D2EACB325F67 changes role from null to FOLLOWER at term 0 for startAsFollower
2019-08-30 03:51:15,221 [pool-409-thread-1] INFO  server.RaftServerConfigKeys (ConfUtils.java:logGet(43)) - raft.server.log.force.sync.num = 128 (default)
2019-08-30 03:51:15,222 [pool-419-thread-1] INFO  impl.RoleInfo (RoleInfo.java:updateAndGet(143)) - 34a22de4-3e24-4541-99bd-6e7cf7aa3a5e: start FollowerState
2019-08-30 03:51:15,221 [pool-439-thread-1] INFO  server.RaftServerConfigKeys (ConfUtils.java:logGet(43)) - raft.server.log.force.sync.num = 128 (default)
2019-08-30 03:51:15,222 [pool-439-thread-1] INFO  server.RaftServerConfigKeys (ConfUtils.java:logGet(43)) - raft.server.log.statemachine.data.sync = true (default)
2019-08-30 03:51:15,222 [pool-409-thread-1] INFO  server.RaftServerConfigKeys (ConfUtils.java:logGet(43)) - raft.server.log.statemachine.data.sync = true (default)
2019-08-30 03:51:15,222 [pool-439-thread-1] INFO  server.RaftServerConfigKeys (ConfUtils.java:logGet(43)) - raft.server.log.statemachine.data.sync.timeout = 10s (default)
2019-08-30 03:51:15,222 [pool-419-thread-1] INFO  util.JmxRegister (JmxRegister.java:tryRegister(44)) - Successfully registered JMX Bean with object name Ratis:service=RaftServer,group=group-D2EACB325F67,id=34a22de4-3e24-4541-99bd-6e7cf7aa3a5e
2019-08-30 03:51:15,223 [pool-439-thread-1] INFO  server.RaftServerConfigKeys (ConfUtils.java:logGet(43)) - raft.server.log.statemachine.data.sync.timeout.retry = -1 (default)
2019-08-30 03:51:15,223 [pool-409-thread-1] INFO  server.RaftServerConfigKeys (ConfUtils.java:logGet(43)) - raft.server.log.statemachine.data.sync.timeout = 10s (default)
2019-08-30 03:51:15,223 [pool-439-thread-1] INFO  server.RaftServerConfigKeys (ConfUtils.java:logGet(43)) - raft.server.log.statemachine.data.caching.enabled = true (custom)
2019-08-30 03:51:15,223 [pool-409-thread-1] INFO  server.RaftServerConfigKeys (ConfUtils.java:logGet(43)) - raft.server.log.statemachine.data.sync.timeout.retry = -1 (default)
2019-08-30 03:51:15,223 [pool-439-thread-1] INFO  segmented.SegmentedRaftLogWorker (SegmentedRaftLogWorker.java:lambda$new$0(132)) - 6b6e8f83-1581-4c4d-859e-6a09185f7f8f-SegmentedRaftLogWorker:Storage Directory /workdir/hadoop-ozone/integration-test/target/test-dir/MiniOzoneClusterImpl-42edc0d0-c7e9-4cf8-aacf-72b5a22a0227/datanode-3/data/ratis/ddbfc6ee-af5e-459a-90a9-d2eacb325f67: flushIndex: setUnconditionally 0 -> -1
2019-08-30 03:51:15,223 [pool-409-thread-1] INFO  server.RaftServerConfigKeys (ConfUtils.java:logGet(43)) - raft.server.log.statemachine.data.caching.enabled = true (custom)
2019-08-30 03:51:15,224 [pool-439-thread-1] INFO  server.RaftServerConfigKeys (ConfUtils.java:logGet(43)) - raft.server.snapshot.auto.trigger.enabled = true (custom)
2019-08-30 03:51:15,227 [pool-439-thread-1] INFO  server.RaftServerConfigKeys (ConfUtils.java:logGet(43)) - raft.server.snapshot.auto.trigger.threshold = 10000 (custom)
2019-08-30 03:51:15,227 [pool-409-thread-1] INFO  segmented.SegmentedRaftLogWorker (SegmentedRaftLogWorker.java:lambda$new$0(132)) - 014d650f-ccff-4dcb-ad60-4ffc816b3ea1-SegmentedRaftLogWorker:Storage Directory /workdir/hadoop-ozone/integration-test/target/test-dir/MiniOzoneClusterImpl-42edc0d0-c7e9-4cf8-aacf-72b5a22a0227/datanode-0/data/ratis/ddbfc6ee-af5e-459a-90a9-d2eacb325f67: flushIndex: setUnconditionally 0 -> -1
2019-08-30 03:51:15,227 [pool-439-thread-1] INFO  server.RaftServerConfigKeys (ConfUtils.java:logGet(43)) - raft.server.retrycache.expirytime = 600000ms (custom)
2019-08-30 03:51:15,228 [pool-409-thread-1] INFO  server.RaftServerConfigKeys (ConfUtils.java:logGet(43)) - raft.server.snapshot.auto.trigger.enabled = true (custom)
2019-08-30 03:51:15,228 [pool-439-thread-1] INFO  impl.RaftServerImpl (RaftServerImpl.java:start(180)) - 6b6e8f83-1581-4c4d-859e-6a09185f7f8f: start group-D2EACB325F67
2019-08-30 03:51:15,228 [pool-409-thread-1] INFO  server.RaftServerConfigKeys (ConfUtils.java:logGet(43)) - raft.server.snapshot.auto.trigger.threshold = 10000 (custom)
2019-08-30 03:51:15,228 [pool-439-thread-1] INFO  impl.RaftServerImpl (RaftServerImpl.java:setRole(171)) - 6b6e8f83-1581-4c4d-859e-6a09185f7f8f:group-D2EACB325F67 changes role from null to FOLLOWER at term 0 for startAsFollower
2019-08-30 03:51:15,228 [pool-409-thread-1] INFO  server.RaftServerConfigKeys (ConfUtils.java:logGet(43)) - raft.server.retrycache.expirytime = 600000ms (custom)
2019-08-30 03:51:15,228 [pool-439-thread-1] INFO  impl.RoleInfo (RoleInfo.java:updateAndGet(143)) - 6b6e8f83-1581-4c4d-859e-6a09185f7f8f: start FollowerState
2019-08-30 03:51:15,228 [pool-409-thread-1] INFO  impl.RaftServerImpl (RaftServerImpl.java:start(180)) - 014d650f-ccff-4dcb-ad60-4ffc816b3ea1: start group-D2EACB325F67
2019-08-30 03:51:15,229 [pool-409-thread-1] INFO  impl.RaftServerImpl (RaftServerImpl.java:setRole(171)) - 014d650f-ccff-4dcb-ad60-4ffc816b3ea1:group-D2EACB325F67 changes role from null to FOLLOWER at term 0 for startAsFollower
2019-08-30 03:51:15,229 [pool-409-thread-1] INFO  impl.RoleInfo (RoleInfo.java:updateAndGet(143)) - 014d650f-ccff-4dcb-ad60-4ffc816b3ea1: start FollowerState
2019-08-30 03:51:15,229 [pool-439-thread-1] INFO  util.JmxRegister (JmxRegister.java:tryRegister(44)) - Successfully registered JMX Bean with object name Ratis:service=RaftServer,group=group-D2EACB325F67,id=6b6e8f83-1581-4c4d-859e-6a09185f7f8f
2019-08-30 03:51:15,239 [pool-409-thread-1] INFO  util.JmxRegister (JmxRegister.java:tryRegister(44)) - Successfully registered JMX Bean with object name Ratis:service=RaftServer,group=group-D2EACB325F67,id=014d650f-ccff-4dcb-ad60-4ffc816b3ea1
2019-08-30 03:51:15,253 [RatisPipelineUtilsThread] INFO  pipeline.PipelineStateManager (PipelineStateManager.java:addPipeline(56)) - Created pipeline Pipeline[ Id: ddbfc6ee-af5e-459a-90a9-d2eacb325f67, Nodes: 014d650f-ccff-4dcb-ad60-4ffc816b3ea1{ip: 192.168.157.199, host: pr-hdds-2057-gndl4-2748649462, networkLocation: /default-rack, certSerialId: null}34a22de4-3e24-4541-99bd-6e7cf7aa3a5e{ip: 192.168.157.199, host: pr-hdds-2057-gndl4-2748649462, networkLocation: /default-rack, certSerialId: null}6b6e8f83-1581-4c4d-859e-6a09185f7f8f{ip: 192.168.157.199, host: pr-hdds-2057-gndl4-2748649462, networkLocation: /default-rack, certSerialId: null}, Type:RATIS, Factor:THREE, State:OPEN]
2019-08-30 03:51:15,259 [grpc-default-executor-3] INFO  impl.RaftServerProxy (RaftServerProxy.java:addNew(89)) - d899c6ae-90ec-446d-94b3-997285126f36: addNew group-87BBF8570D65:[d899c6ae-90ec-446d-94b3-997285126f36:192.168.157.199:40289] returns group-87BBF8570D65:java.util.concurrent.CompletableFuture@59897536[Not completed]
2019-08-30 03:51:15,260 [pool-449-thread-1] INFO  impl.RaftServerImpl (RaftServerImpl.java:<init>(93)) - d899c6ae-90ec-446d-94b3-997285126f36: new RaftServerImpl for group-87BBF8570D65:[d899c6ae-90ec-446d-94b3-997285126f36:192.168.157.199:40289] with ContainerStateMachine:uninitialized
2019-08-30 03:51:15,261 [IPC Server handler 19 on 45214] INFO  net.NetworkTopology (NetworkTopologyImpl.java:add(110)) - Added a new node: /default-rack/e6d3f6ef-09a3-4172-8a2c-3346e8e7f34e
2019-08-30 03:51:15,261 [pool-449-thread-1] INFO  server.RaftServerConfigKeys (ConfUtils.java:logGet(43)) - raft.server.rpc.timeout.min = 5s (custom)
2019-08-30 03:51:15,261 [pool-449-thread-1] INFO  server.RaftServerConfigKeys (ConfUtils.java:logGet(43)) - raft.server.rpc.timeout.max = 5200ms (custom)
2019-08-30 03:51:15,261 [IPC Server handler 19 on 45214] INFO  node.SCMNodeManager (SCMNodeManager.java:register(273)) - Registered Data node : e6d3f6ef-09a3-4172-8a2c-3346e8e7f34e{ip: 192.168.157.199, host: pr-hdds-2057-gndl4-2748649462, networkLocation: /default-rack, certSerialId: null}
2019-08-30 03:51:15,261 [pool-449-thread-1] INFO  server.RaftServerConfigKeys (ConfUtils.java:logGet(43)) - raft.server.rpcslowness.timeout = 120s (custom)
2019-08-30 03:51:15,261 | INFO  | SCMAudit | user=jenkins1000 | ip=192.168.157.199 | op=REGISTER {datanodeDetails=e6d3f6ef-09a3-4172-8a2c-3346e8e7f34e{ip: 192.168.157.199, host: pr-hdds-2057-gndl4-2748649462, networkLocation: /default-rack, certSerialId: null}} | ret=SUCCESS |  
2019-08-30 03:51:15,261 [pool-449-thread-1] INFO  server.RaftServerConfigKeys (ConfUtils.java:logGet(43)) - raft.server.sleep.deviation.threshold = 300 (default)
2019-08-30 03:51:15,261 [pool-449-thread-1] INFO  server.RaftServerConfigKeys (ConfUtils.java:logGet(43)) - raft.server.log.appender.install.snapshot.enabled = false (custom)
2019-08-30 03:51:15,261 [pool-449-thread-1] INFO  impl.RaftServerImpl (ServerState.java:<init>(105)) - d899c6ae-90ec-446d-94b3-997285126f36:group-87BBF8570D65 ConfigurationManager, init=-1: [d899c6ae-90ec-446d-94b3-997285126f36:192.168.157.199:40289], old=null, confs=<EMPTY_MAP>
2019-08-30 03:51:15,262 [pool-449-thread-1] INFO  server.RaftServerConfigKeys (ConfUtils.java:logGet(43)) - raft.server.storage.dir = [/workdir/hadoop-ozone/integration-test/target/test-dir/MiniOzoneClusterImpl-42edc0d0-c7e9-4cf8-aacf-72b5a22a0227/datanode-4/data/ratis] (custom)
2019-08-30 03:51:15,262 [pool-449-thread-1] INFO  storage.RaftStorageDirectory (RaftStorageDirectory.java:analyzeStorage(246)) - The storage directory /workdir/hadoop-ozone/integration-test/target/test-dir/MiniOzoneClusterImpl-42edc0d0-c7e9-4cf8-aacf-72b5a22a0227/datanode-4/data/ratis/3fab0e7f-5b62-4fbc-9792-87bbf8570d65 does not exist. Creating ...
2019-08-30 03:51:15,275 [pool-449-thread-1] INFO  storage.RaftStorageDirectory (RaftStorageDirectory.java:tryLock(328)) - Lock on /workdir/hadoop-ozone/integration-test/target/test-dir/MiniOzoneClusterImpl-42edc0d0-c7e9-4cf8-aacf-72b5a22a0227/datanode-4/data/ratis/3fab0e7f-5b62-4fbc-9792-87bbf8570d65/in_use.lock acquired by nodename 4854@pr-hdds-2057-gndl4-2748649462
2019-08-30 03:51:15,288 [pool-449-thread-1] INFO  storage.RaftStorage (RaftStorage.java:format(72)) - Storage directory /workdir/hadoop-ozone/integration-test/target/test-dir/MiniOzoneClusterImpl-42edc0d0-c7e9-4cf8-aacf-72b5a22a0227/datanode-4/data/ratis/3fab0e7f-5b62-4fbc-9792-87bbf8570d65 has been successfully formatted.
2019-08-30 03:51:15,288 [pool-449-thread-1] INFO  ratis.ContainerStateMachine (ContainerStateMachine.java:loadSnapshot(227)) - group-87BBF8570D65: The snapshot info is null. Setting the last applied indexto:(t:0, i:~)
2019-08-30 03:51:15,288 [pool-449-thread-1] INFO  server.RaftServerConfigKeys (ConfUtils.java:logGet(43)) - raft.server.leader.election.timeout = 120s (custom)
2019-08-30 03:51:15,289 [pool-449-thread-1] INFO  server.RaftServerConfigKeys (ConfUtils.java:logGet(43)) - raft.server.log.use.memory = false (default)
2019-08-30 03:51:15,289 [pool-449-thread-1] INFO  server.RaftServerConfigKeys (ConfUtils.java:logGet(43)) - raft.server.log.purge.gap = 1000000 (custom)
2019-08-30 03:51:15,289 [pool-449-thread-1] INFO  server.RaftServerConfigKeys (ConfUtils.java:logGet(43)) - raft.server.log.appender.buffer.byte-limit = 33554432 (custom)
2019-08-30 03:51:15,289 [pool-449-thread-1] INFO  server.RaftServerConfigKeys (ConfUtils.java:logGet(43)) - raft.server.log.segment.size.max = 1048576 (custom)
2019-08-30 03:51:15,289 [pool-449-thread-1] INFO  server.RaftServerConfigKeys (ConfUtils.java:logGet(43)) - raft.server.log.segment.cache.num.max = 2 (custom)
2019-08-30 03:51:15,289 [pool-449-thread-1] INFO  segmented.SegmentedRaftLogWorker (SegmentedRaftLogWorker.java:<init>(172)) - new d899c6ae-90ec-446d-94b3-997285126f36-SegmentedRaftLogWorker:Storage Directory /workdir/hadoop-ozone/integration-test/target/test-dir/MiniOzoneClusterImpl-42edc0d0-c7e9-4cf8-aacf-72b5a22a0227/datanode-4/data/ratis/3fab0e7f-5b62-4fbc-9792-87bbf8570d65 for RaftStorage:Storage Directory /workdir/hadoop-ozone/integration-test/target/test-dir/MiniOzoneClusterImpl-42edc0d0-c7e9-4cf8-aacf-72b5a22a0227/datanode-4/data/ratis/3fab0e7f-5b62-4fbc-9792-87bbf8570d65
2019-08-30 03:51:15,290 [pool-449-thread-1] INFO  server.RaftServerConfigKeys (ConfUtils.java:logGet(43)) - raft.server.log.queue.byte-limit = 2147483647 (custom)
2019-08-30 03:51:15,290 [pool-449-thread-1] INFO  server.RaftServerConfigKeys (ConfUtils.java:logGet(43)) - raft.server.log.queue.element-limit = 1024 (custom)
2019-08-30 03:51:15,290 [pool-449-thread-1] INFO  server.RaftServerConfigKeys (ConfUtils.java:logGet(43)) - raft.server.log.segment.size.max = 1048576 (custom)
2019-08-30 03:51:15,290 [pool-449-thread-1] INFO  server.RaftServerConfigKeys (ConfUtils.java:logGet(43)) - raft.server.log.preallocated.size = 16384 (custom)
2019-08-30 03:51:15,290 [pool-449-thread-1] INFO  server.RaftServerConfigKeys (ConfUtils.java:logGet(43)) - raft.server.log.write.buffer.size = 33554432 (custom)
2019-08-30 03:51:15,290 [pool-449-thread-1] INFO  server.RaftServerConfigKeys (ConfUtils.java:logGet(43)) - raft.server.log.force.sync.num = 128 (default)
2019-08-30 03:51:15,291 [pool-449-thread-1] INFO  server.RaftServerConfigKeys (ConfUtils.java:logGet(43)) - raft.server.log.statemachine.data.sync = true (default)
2019-08-30 03:51:15,291 [pool-449-thread-1] INFO  server.RaftServerConfigKeys (ConfUtils.java:logGet(43)) - raft.server.log.statemachine.data.sync.timeout = 10s (default)
2019-08-30 03:51:15,291 [pool-449-thread-1] INFO  server.RaftServerConfigKeys (ConfUtils.java:logGet(43)) - raft.server.log.statemachine.data.sync.timeout.retry = -1 (default)
2019-08-30 03:51:15,291 [pool-449-thread-1] INFO  server.RaftServerConfigKeys (ConfUtils.java:logGet(43)) - raft.server.log.statemachine.data.caching.enabled = true (custom)
2019-08-30 03:51:15,291 [pool-449-thread-1] INFO  segmented.SegmentedRaftLogWorker (SegmentedRaftLogWorker.java:lambda$new$0(132)) - d899c6ae-90ec-446d-94b3-997285126f36-SegmentedRaftLogWorker:Storage Directory /workdir/hadoop-ozone/integration-test/target/test-dir/MiniOzoneClusterImpl-42edc0d0-c7e9-4cf8-aacf-72b5a22a0227/datanode-4/data/ratis/3fab0e7f-5b62-4fbc-9792-87bbf8570d65: flushIndex: setUnconditionally 0 -> -1
2019-08-30 03:51:15,292 [pool-449-thread-1] INFO  server.RaftServerConfigKeys (ConfUtils.java:logGet(43)) - raft.server.snapshot.auto.trigger.enabled = true (custom)
2019-08-30 03:51:15,292 [pool-449-thread-1] INFO  server.RaftServerConfigKeys (ConfUtils.java:logGet(43)) - raft.server.snapshot.auto.trigger.threshold = 10000 (custom)
2019-08-30 03:51:15,292 [pool-449-thread-1] INFO  server.RaftServerConfigKeys (ConfUtils.java:logGet(43)) - raft.server.retrycache.expirytime = 600000ms (custom)
2019-08-30 03:51:15,292 [pool-449-thread-1] INFO  impl.RaftServerImpl (RaftServerImpl.java:start(180)) - d899c6ae-90ec-446d-94b3-997285126f36: start group-87BBF8570D65
2019-08-30 03:51:15,293 [pool-449-thread-1] INFO  impl.RaftServerImpl (RaftServerImpl.java:setRole(171)) - d899c6ae-90ec-446d-94b3-997285126f36:group-87BBF8570D65 changes role from null to FOLLOWER at term 0 for startAsFollower
2019-08-30 03:51:15,293 [pool-449-thread-1] INFO  impl.RoleInfo (RoleInfo.java:updateAndGet(143)) - d899c6ae-90ec-446d-94b3-997285126f36: start FollowerState
2019-08-30 03:51:15,297 [pool-449-thread-1] INFO  util.JmxRegister (JmxRegister.java:tryRegister(44)) - Successfully registered JMX Bean with object name Ratis:service=RaftServer,group=group-87BBF8570D65,id=d899c6ae-90ec-446d-94b3-997285126f36
2019-08-30 03:51:15,302 [RatisPipelineUtilsThread] INFO  pipeline.PipelineStateManager (PipelineStateManager.java:addPipeline(56)) - Created pipeline Pipeline[ Id: 3fab0e7f-5b62-4fbc-9792-87bbf8570d65, Nodes: d899c6ae-90ec-446d-94b3-997285126f36{ip: 192.168.157.199, host: pr-hdds-2057-gndl4-2748649462, networkLocation: /default-rack, certSerialId: null}, Type:RATIS, Factor:ONE, State:OPEN]
2019-08-30 03:51:15,310 [grpc-default-executor-3] INFO  impl.RaftServerProxy (RaftServerProxy.java:addNew(89)) - e6d3f6ef-09a3-4172-8a2c-3346e8e7f34e: addNew group-9BDBC21A939D:[e6d3f6ef-09a3-4172-8a2c-3346e8e7f34e:192.168.157.199:45128] returns group-9BDBC21A939D:java.util.concurrent.CompletableFuture@31141661[Not completed]
2019-08-30 03:51:15,312 [pool-459-thread-1] INFO  impl.RaftServerImpl (RaftServerImpl.java:<init>(93)) - e6d3f6ef-09a3-4172-8a2c-3346e8e7f34e: new RaftServerImpl for group-9BDBC21A939D:[e6d3f6ef-09a3-4172-8a2c-3346e8e7f34e:192.168.157.199:45128] with ContainerStateMachine:uninitialized
2019-08-30 03:51:15,312 [pool-459-thread-1] INFO  server.RaftServerConfigKeys (ConfUtils.java:logGet(43)) - raft.server.rpc.timeout.min = 5s (custom)
2019-08-30 03:51:15,312 [pool-459-thread-1] INFO  server.RaftServerConfigKeys (ConfUtils.java:logGet(43)) - raft.server.rpc.timeout.max = 5200ms (custom)
2019-08-30 03:51:15,312 [pool-459-thread-1] INFO  server.RaftServerConfigKeys (ConfUtils.java:logGet(43)) - raft.server.rpcslowness.timeout = 120s (custom)
2019-08-30 03:51:15,312 [pool-459-thread-1] INFO  server.RaftServerConfigKeys (ConfUtils.java:logGet(43)) - raft.server.sleep.deviation.threshold = 300 (default)
2019-08-30 03:51:15,312 [pool-459-thread-1] INFO  server.RaftServerConfigKeys (ConfUtils.java:logGet(43)) - raft.server.log.appender.install.snapshot.enabled = false (custom)
2019-08-30 03:51:15,312 [pool-459-thread-1] INFO  impl.RaftServerImpl (ServerState.java:<init>(105)) - e6d3f6ef-09a3-4172-8a2c-3346e8e7f34e:group-9BDBC21A939D ConfigurationManager, init=-1: [e6d3f6ef-09a3-4172-8a2c-3346e8e7f34e:192.168.157.199:45128], old=null, confs=<EMPTY_MAP>
2019-08-30 03:51:15,313 [pool-459-thread-1] INFO  server.RaftServerConfigKeys (ConfUtils.java:logGet(43)) - raft.server.storage.dir = [/workdir/hadoop-ozone/integration-test/target/test-dir/MiniOzoneClusterImpl-42edc0d0-c7e9-4cf8-aacf-72b5a22a0227/datanode-5/data/ratis] (custom)
2019-08-30 03:51:15,313 [pool-459-thread-1] INFO  storage.RaftStorageDirectory (RaftStorageDirectory.java:analyzeStorage(246)) - The storage directory /workdir/hadoop-ozone/integration-test/target/test-dir/MiniOzoneClusterImpl-42edc0d0-c7e9-4cf8-aacf-72b5a22a0227/datanode-5/data/ratis/f16b0b29-17d8-43f3-81c0-9bdbc21a939d does not exist. Creating ...
2019-08-30 03:51:15,321 [main] INFO  ozone.MiniOzoneClusterImpl (MiniOzoneClusterImpl.java:lambda$waitForClusterToBeReady$0(140)) - Waiting for cluster to be ready. Got 6 of 7 DN Heartbeats.
2019-08-30 03:51:15,321 [IPC Server handler 0 on 45214] INFO  net.NetworkTopology (NetworkTopologyImpl.java:add(110)) - Added a new node: /default-rack/fffb68e7-bc7b-4433-8df5-958ad16b5811
2019-08-30 03:51:15,321 [IPC Server handler 0 on 45214] INFO  node.SCMNodeManager (SCMNodeManager.java:register(273)) - Registered Data node : fffb68e7-bc7b-4433-8df5-958ad16b5811{ip: 192.168.157.199, host: pr-hdds-2057-gndl4-2748649462, networkLocation: /default-rack, certSerialId: null}
2019-08-30 03:51:15,322 | INFO  | SCMAudit | user=jenkins1000 | ip=192.168.157.199 | op=REGISTER {datanodeDetails=fffb68e7-bc7b-4433-8df5-958ad16b5811{ip: 192.168.157.199, host: pr-hdds-2057-gndl4-2748649462, networkLocation: /default-rack, certSerialId: null}} | ret=SUCCESS |  
2019-08-30 03:51:15,326 [pool-459-thread-1] INFO  storage.RaftStorageDirectory (RaftStorageDirectory.java:tryLock(328)) - Lock on /workdir/hadoop-ozone/integration-test/target/test-dir/MiniOzoneClusterImpl-42edc0d0-c7e9-4cf8-aacf-72b5a22a0227/datanode-5/data/ratis/f16b0b29-17d8-43f3-81c0-9bdbc21a939d/in_use.lock acquired by nodename 4854@pr-hdds-2057-gndl4-2748649462
2019-08-30 03:51:15,339 [pool-459-thread-1] INFO  storage.RaftStorage (RaftStorage.java:format(72)) - Storage directory /workdir/hadoop-ozone/integration-test/target/test-dir/MiniOzoneClusterImpl-42edc0d0-c7e9-4cf8-aacf-72b5a22a0227/datanode-5/data/ratis/f16b0b29-17d8-43f3-81c0-9bdbc21a939d has been successfully formatted.
2019-08-30 03:51:15,339 [pool-459-thread-1] INFO  ratis.ContainerStateMachine (ContainerStateMachine.java:loadSnapshot(227)) - group-9BDBC21A939D: The snapshot info is null. Setting the last applied indexto:(t:0, i:~)
2019-08-30 03:51:15,339 [pool-459-thread-1] INFO  server.RaftServerConfigKeys (ConfUtils.java:logGet(43)) - raft.server.leader.election.timeout = 120s (custom)
2019-08-30 03:51:15,340 [pool-459-thread-1] INFO  server.RaftServerConfigKeys (ConfUtils.java:logGet(43)) - raft.server.log.use.memory = false (default)
2019-08-30 03:51:15,340 [pool-459-thread-1] INFO  server.RaftServerConfigKeys (ConfUtils.java:logGet(43)) - raft.server.log.purge.gap = 1000000 (custom)
2019-08-30 03:51:15,340 [pool-459-thread-1] INFO  server.RaftServerConfigKeys (ConfUtils.java:logGet(43)) - raft.server.log.appender.buffer.byte-limit = 33554432 (custom)
2019-08-30 03:51:15,340 [pool-459-thread-1] INFO  server.RaftServerConfigKeys (ConfUtils.java:logGet(43)) - raft.server.log.segment.size.max = 1048576 (custom)
2019-08-30 03:51:15,340 [pool-459-thread-1] INFO  server.RaftServerConfigKeys (ConfUtils.java:logGet(43)) - raft.server.log.segment.cache.num.max = 2 (custom)
2019-08-30 03:51:15,340 [pool-459-thread-1] INFO  segmented.SegmentedRaftLogWorker (SegmentedRaftLogWorker.java:<init>(172)) - new e6d3f6ef-09a3-4172-8a2c-3346e8e7f34e-SegmentedRaftLogWorker:Storage Directory /workdir/hadoop-ozone/integration-test/target/test-dir/MiniOzoneClusterImpl-42edc0d0-c7e9-4cf8-aacf-72b5a22a0227/datanode-5/data/ratis/f16b0b29-17d8-43f3-81c0-9bdbc21a939d for RaftStorage:Storage Directory /workdir/hadoop-ozone/integration-test/target/test-dir/MiniOzoneClusterImpl-42edc0d0-c7e9-4cf8-aacf-72b5a22a0227/datanode-5/data/ratis/f16b0b29-17d8-43f3-81c0-9bdbc21a939d
2019-08-30 03:51:15,341 [pool-459-thread-1] INFO  server.RaftServerConfigKeys (ConfUtils.java:logGet(43)) - raft.server.log.queue.byte-limit = 2147483647 (custom)
2019-08-30 03:51:15,341 [pool-459-thread-1] INFO  server.RaftServerConfigKeys (ConfUtils.java:logGet(43)) - raft.server.log.queue.element-limit = 1024 (custom)
2019-08-30 03:51:15,341 [pool-459-thread-1] INFO  server.RaftServerConfigKeys (ConfUtils.java:logGet(43)) - raft.server.log.segment.size.max = 1048576 (custom)
2019-08-30 03:51:15,341 [pool-459-thread-1] INFO  server.RaftServerConfigKeys (ConfUtils.java:logGet(43)) - raft.server.log.preallocated.size = 16384 (custom)
2019-08-30 03:51:15,341 [pool-459-thread-1] INFO  server.RaftServerConfigKeys (ConfUtils.java:logGet(43)) - raft.server.log.write.buffer.size = 33554432 (custom)
2019-08-30 03:51:15,342 [pool-459-thread-1] INFO  server.RaftServerConfigKeys (ConfUtils.java:logGet(43)) - raft.server.log.force.sync.num = 128 (default)
2019-08-30 03:51:15,342 [pool-459-thread-1] INFO  server.RaftServerConfigKeys (ConfUtils.java:logGet(43)) - raft.server.log.statemachine.data.sync = true (default)
2019-08-30 03:51:15,342 [pool-459-thread-1] INFO  server.RaftServerConfigKeys (ConfUtils.java:logGet(43)) - raft.server.log.statemachine.data.sync.timeout = 10s (default)
2019-08-30 03:51:15,342 [pool-459-thread-1] INFO  server.RaftServerConfigKeys (ConfUtils.java:logGet(43)) - raft.server.log.statemachine.data.sync.timeout.retry = -1 (default)
2019-08-30 03:51:15,342 [pool-459-thread-1] INFO  server.RaftServerConfigKeys (ConfUtils.java:logGet(43)) - raft.server.log.statemachine.data.caching.enabled = true (custom)
2019-08-30 03:51:15,343 [pool-459-thread-1] INFO  segmented.SegmentedRaftLogWorker (SegmentedRaftLogWorker.java:lambda$new$0(132)) - e6d3f6ef-09a3-4172-8a2c-3346e8e7f34e-SegmentedRaftLogWorker:Storage Directory /workdir/hadoop-ozone/integration-test/target/test-dir/MiniOzoneClusterImpl-42edc0d0-c7e9-4cf8-aacf-72b5a22a0227/datanode-5/data/ratis/f16b0b29-17d8-43f3-81c0-9bdbc21a939d: flushIndex: setUnconditionally 0 -> -1
2019-08-30 03:51:15,343 [pool-459-thread-1] INFO  server.RaftServerConfigKeys (ConfUtils.java:logGet(43)) - raft.server.snapshot.auto.trigger.enabled = true (custom)
2019-08-30 03:51:15,343 [pool-459-thread-1] INFO  server.RaftServerConfigKeys (ConfUtils.java:logGet(43)) - raft.server.snapshot.auto.trigger.threshold = 10000 (custom)
2019-08-30 03:51:15,343 [pool-459-thread-1] INFO  server.RaftServerConfigKeys (ConfUtils.java:logGet(43)) - raft.server.retrycache.expirytime = 600000ms (custom)
2019-08-30 03:51:15,344 [pool-459-thread-1] INFO  impl.RaftServerImpl (RaftServerImpl.java:start(180)) - e6d3f6ef-09a3-4172-8a2c-3346e8e7f34e: start group-9BDBC21A939D
2019-08-30 03:51:15,344 [pool-459-thread-1] INFO  impl.RaftServerImpl (RaftServerImpl.java:setRole(171)) - e6d3f6ef-09a3-4172-8a2c-3346e8e7f34e:group-9BDBC21A939D changes role from null to FOLLOWER at term 0 for startAsFollower
2019-08-30 03:51:15,344 [pool-459-thread-1] INFO  impl.RoleInfo (RoleInfo.java:updateAndGet(143)) - e6d3f6ef-09a3-4172-8a2c-3346e8e7f34e: start FollowerState
2019-08-30 03:51:15,344 [pool-459-thread-1] INFO  util.JmxRegister (JmxRegister.java:tryRegister(44)) - Successfully registered JMX Bean with object name Ratis:service=RaftServer,group=group-9BDBC21A939D,id=e6d3f6ef-09a3-4172-8a2c-3346e8e7f34e
2019-08-30 03:51:15,349 [RatisPipelineUtilsThread] INFO  pipeline.PipelineStateManager (PipelineStateManager.java:addPipeline(56)) - Created pipeline Pipeline[ Id: f16b0b29-17d8-43f3-81c0-9bdbc21a939d, Nodes: e6d3f6ef-09a3-4172-8a2c-3346e8e7f34e{ip: 192.168.157.199, host: pr-hdds-2057-gndl4-2748649462, networkLocation: /default-rack, certSerialId: null}, Type:RATIS, Factor:ONE, State:OPEN]
2019-08-30 03:51:15,365 [grpc-default-executor-3] INFO  impl.RaftServerProxy (RaftServerProxy.java:addNew(89)) - fffb68e7-bc7b-4433-8df5-958ad16b5811: addNew group-929150577D94:[fffb68e7-bc7b-4433-8df5-958ad16b5811:192.168.157.199:46347] returns group-929150577D94:java.util.concurrent.CompletableFuture@59f8e677[Not completed]
2019-08-30 03:51:15,366 [pool-469-thread-1] INFO  impl.RaftServerImpl (RaftServerImpl.java:<init>(93)) - fffb68e7-bc7b-4433-8df5-958ad16b5811: new RaftServerImpl for group-929150577D94:[fffb68e7-bc7b-4433-8df5-958ad16b5811:192.168.157.199:46347] with ContainerStateMachine:uninitialized
2019-08-30 03:51:15,366 [pool-469-thread-1] INFO  server.RaftServerConfigKeys (ConfUtils.java:logGet(43)) - raft.server.rpc.timeout.min = 5s (custom)
2019-08-30 03:51:15,367 [pool-469-thread-1] INFO  server.RaftServerConfigKeys (ConfUtils.java:logGet(43)) - raft.server.rpc.timeout.max = 5200ms (custom)
2019-08-30 03:51:15,367 [pool-469-thread-1] INFO  server.RaftServerConfigKeys (ConfUtils.java:logGet(43)) - raft.server.rpcslowness.timeout = 120s (custom)
2019-08-30 03:51:15,367 [pool-469-thread-1] INFO  server.RaftServerConfigKeys (ConfUtils.java:logGet(43)) - raft.server.sleep.deviation.threshold = 300 (default)
2019-08-30 03:51:15,367 [pool-469-thread-1] INFO  server.RaftServerConfigKeys (ConfUtils.java:logGet(43)) - raft.server.log.appender.install.snapshot.enabled = false (custom)
2019-08-30 03:51:15,367 [pool-469-thread-1] INFO  impl.RaftServerImpl (ServerState.java:<init>(105)) - fffb68e7-bc7b-4433-8df5-958ad16b5811:group-929150577D94 ConfigurationManager, init=-1: [fffb68e7-bc7b-4433-8df5-958ad16b5811:192.168.157.199:46347], old=null, confs=<EMPTY_MAP>
2019-08-30 03:51:15,368 [pool-469-thread-1] INFO  server.RaftServerConfigKeys (ConfUtils.java:logGet(43)) - raft.server.storage.dir = [/workdir/hadoop-ozone/integration-test/target/test-dir/MiniOzoneClusterImpl-42edc0d0-c7e9-4cf8-aacf-72b5a22a0227/datanode-6/data/ratis] (custom)
2019-08-30 03:51:15,368 [pool-469-thread-1] INFO  storage.RaftStorageDirectory (RaftStorageDirectory.java:analyzeStorage(246)) - The storage directory /workdir/hadoop-ozone/integration-test/target/test-dir/MiniOzoneClusterImpl-42edc0d0-c7e9-4cf8-aacf-72b5a22a0227/datanode-6/data/ratis/41ad54ce-10e7-4e83-ad0a-929150577d94 does not exist. Creating ...
2019-08-30 03:51:15,381 [pool-469-thread-1] INFO  storage.RaftStorageDirectory (RaftStorageDirectory.java:tryLock(328)) - Lock on /workdir/hadoop-ozone/integration-test/target/test-dir/MiniOzoneClusterImpl-42edc0d0-c7e9-4cf8-aacf-72b5a22a0227/datanode-6/data/ratis/41ad54ce-10e7-4e83-ad0a-929150577d94/in_use.lock acquired by nodename 4854@pr-hdds-2057-gndl4-2748649462
2019-08-30 03:51:15,403 [pool-469-thread-1] INFO  storage.RaftStorage (RaftStorage.java:format(72)) - Storage directory /workdir/hadoop-ozone/integration-test/target/test-dir/MiniOzoneClusterImpl-42edc0d0-c7e9-4cf8-aacf-72b5a22a0227/datanode-6/data/ratis/41ad54ce-10e7-4e83-ad0a-929150577d94 has been successfully formatted.
2019-08-30 03:51:15,403 [pool-469-thread-1] INFO  ratis.ContainerStateMachine (ContainerStateMachine.java:loadSnapshot(227)) - group-929150577D94: The snapshot info is null. Setting the last applied indexto:(t:0, i:~)
2019-08-30 03:51:15,403 [pool-469-thread-1] INFO  server.RaftServerConfigKeys (ConfUtils.java:logGet(43)) - raft.server.leader.election.timeout = 120s (custom)
2019-08-30 03:51:15,404 [pool-469-thread-1] INFO  server.RaftServerConfigKeys (ConfUtils.java:logGet(43)) - raft.server.log.use.memory = false (default)
2019-08-30 03:51:15,404 [pool-469-thread-1] INFO  server.RaftServerConfigKeys (ConfUtils.java:logGet(43)) - raft.server.log.purge.gap = 1000000 (custom)
2019-08-30 03:51:15,404 [pool-469-thread-1] INFO  server.RaftServerConfigKeys (ConfUtils.java:logGet(43)) - raft.server.log.appender.buffer.byte-limit = 33554432 (custom)
2019-08-30 03:51:15,404 [pool-469-thread-1] INFO  server.RaftServerConfigKeys (ConfUtils.java:logGet(43)) - raft.server.log.segment.size.max = 1048576 (custom)
2019-08-30 03:51:15,404 [pool-469-thread-1] INFO  server.RaftServerConfigKeys (ConfUtils.java:logGet(43)) - raft.server.log.segment.cache.num.max = 2 (custom)
2019-08-30 03:51:15,404 [pool-469-thread-1] INFO  segmented.SegmentedRaftLogWorker (SegmentedRaftLogWorker.java:<init>(172)) - new fffb68e7-bc7b-4433-8df5-958ad16b5811-SegmentedRaftLogWorker:Storage Directory /workdir/hadoop-ozone/integration-test/target/test-dir/MiniOzoneClusterImpl-42edc0d0-c7e9-4cf8-aacf-72b5a22a0227/datanode-6/data/ratis/41ad54ce-10e7-4e83-ad0a-929150577d94 for RaftStorage:Storage Directory /workdir/hadoop-ozone/integration-test/target/test-dir/MiniOzoneClusterImpl-42edc0d0-c7e9-4cf8-aacf-72b5a22a0227/datanode-6/data/ratis/41ad54ce-10e7-4e83-ad0a-929150577d94
2019-08-30 03:51:15,405 [pool-469-thread-1] INFO  server.RaftServerConfigKeys (ConfUtils.java:logGet(43)) - raft.server.log.queue.byte-limit = 2147483647 (custom)
2019-08-30 03:51:15,405 [pool-469-thread-1] INFO  server.RaftServerConfigKeys (ConfUtils.java:logGet(43)) - raft.server.log.queue.element-limit = 1024 (custom)
2019-08-30 03:51:15,405 [pool-469-thread-1] INFO  server.RaftServerConfigKeys (ConfUtils.java:logGet(43)) - raft.server.log.segment.size.max = 1048576 (custom)
2019-08-30 03:51:15,405 [pool-469-thread-1] INFO  server.RaftServerConfigKeys (ConfUtils.java:logGet(43)) - raft.server.log.preallocated.size = 16384 (custom)
2019-08-30 03:51:15,405 [pool-469-thread-1] INFO  server.RaftServerConfigKeys (ConfUtils.java:logGet(43)) - raft.server.log.write.buffer.size = 33554432 (custom)
2019-08-30 03:51:15,406 [pool-469-thread-1] INFO  server.RaftServerConfigKeys (ConfUtils.java:logGet(43)) - raft.server.log.force.sync.num = 128 (default)
2019-08-30 03:51:15,406 [pool-469-thread-1] INFO  server.RaftServerConfigKeys (ConfUtils.java:logGet(43)) - raft.server.log.statemachine.data.sync = true (default)
2019-08-30 03:51:15,406 [pool-469-thread-1] INFO  server.RaftServerConfigKeys (ConfUtils.java:logGet(43)) - raft.server.log.statemachine.data.sync.timeout = 10s (default)
2019-08-30 03:51:15,406 [pool-469-thread-1] INFO  server.RaftServerConfigKeys (ConfUtils.java:logGet(43)) - raft.server.log.statemachine.data.sync.timeout.retry = -1 (default)
2019-08-30 03:51:15,407 [pool-469-thread-1] INFO  server.RaftServerConfigKeys (ConfUtils.java:logGet(43)) - raft.server.log.statemachine.data.caching.enabled = true (custom)
2019-08-30 03:51:15,407 [pool-469-thread-1] INFO  segmented.SegmentedRaftLogWorker (SegmentedRaftLogWorker.java:lambda$new$0(132)) - fffb68e7-bc7b-4433-8df5-958ad16b5811-SegmentedRaftLogWorker:Storage Directory /workdir/hadoop-ozone/integration-test/target/test-dir/MiniOzoneClusterImpl-42edc0d0-c7e9-4cf8-aacf-72b5a22a0227/datanode-6/data/ratis/41ad54ce-10e7-4e83-ad0a-929150577d94: flushIndex: setUnconditionally 0 -> -1
2019-08-30 03:51:15,407 [pool-469-thread-1] INFO  server.RaftServerConfigKeys (ConfUtils.java:logGet(43)) - raft.server.snapshot.auto.trigger.enabled = true (custom)
2019-08-30 03:51:15,407 [pool-469-thread-1] INFO  server.RaftServerConfigKeys (ConfUtils.java:logGet(43)) - raft.server.snapshot.auto.trigger.threshold = 10000 (custom)
2019-08-30 03:51:15,408 [pool-469-thread-1] INFO  server.RaftServerConfigKeys (ConfUtils.java:logGet(43)) - raft.server.retrycache.expirytime = 600000ms (custom)
2019-08-30 03:51:15,408 [pool-469-thread-1] INFO  impl.RaftServerImpl (RaftServerImpl.java:start(180)) - fffb68e7-bc7b-4433-8df5-958ad16b5811: start group-929150577D94
2019-08-30 03:51:15,408 [pool-469-thread-1] INFO  impl.RaftServerImpl (RaftServerImpl.java:setRole(171)) - fffb68e7-bc7b-4433-8df5-958ad16b5811:group-929150577D94 changes role from null to FOLLOWER at term 0 for startAsFollower
2019-08-30 03:51:15,408 [pool-469-thread-1] INFO  impl.RoleInfo (RoleInfo.java:updateAndGet(143)) - fffb68e7-bc7b-4433-8df5-958ad16b5811: start FollowerState
2019-08-30 03:51:15,409 [pool-469-thread-1] INFO  util.JmxRegister (JmxRegister.java:tryRegister(44)) - Successfully registered JMX Bean with object name Ratis:service=RaftServer,group=group-929150577D94,id=fffb68e7-bc7b-4433-8df5-958ad16b5811
2019-08-30 03:51:15,413 [RatisPipelineUtilsThread] INFO  pipeline.PipelineStateManager (PipelineStateManager.java:addPipeline(56)) - Created pipeline Pipeline[ Id: 41ad54ce-10e7-4e83-ad0a-929150577d94, Nodes: fffb68e7-bc7b-4433-8df5-958ad16b5811{ip: 192.168.157.199, host: pr-hdds-2057-gndl4-2748649462, networkLocation: /default-rack, certSerialId: null}, Type:RATIS, Factor:ONE, State:OPEN]
2019-08-30 03:51:15,424 [grpc-default-executor-7] INFO  impl.RaftServerProxy (RaftServerProxy.java:addNew(89)) - d899c6ae-90ec-446d-94b3-997285126f36: addNew group-6078FF790FC8:[d899c6ae-90ec-446d-94b3-997285126f36:192.168.157.199:40289, 503c132b-b575-4388-b650-2d70ff914a35:192.168.157.199:39683, fffb68e7-bc7b-4433-8df5-958ad16b5811:192.168.157.199:46347] returns group-6078FF790FC8:java.util.concurrent.CompletableFuture@dd1f86e[Not completed]
2019-08-30 03:51:15,424 [grpc-default-executor-5] INFO  impl.RaftServerProxy (RaftServerProxy.java:addNew(89)) - fffb68e7-bc7b-4433-8df5-958ad16b5811: addNew group-6078FF790FC8:[d899c6ae-90ec-446d-94b3-997285126f36:192.168.157.199:40289, 503c132b-b575-4388-b650-2d70ff914a35:192.168.157.199:39683, fffb68e7-bc7b-4433-8df5-958ad16b5811:192.168.157.199:46347] returns group-6078FF790FC8:java.util.concurrent.CompletableFuture@93e63e9[Not completed]
2019-08-30 03:51:15,424 [grpc-default-executor-3] INFO  impl.RaftServerProxy (RaftServerProxy.java:addNew(89)) - 503c132b-b575-4388-b650-2d70ff914a35: addNew group-6078FF790FC8:[d899c6ae-90ec-446d-94b3-997285126f36:192.168.157.199:40289, 503c132b-b575-4388-b650-2d70ff914a35:192.168.157.199:39683, fffb68e7-bc7b-4433-8df5-958ad16b5811:192.168.157.199:46347] returns group-6078FF790FC8:java.util.concurrent.CompletableFuture@33e2c17a[Not completed]
2019-08-30 03:51:15,426 [pool-449-thread-1] INFO  impl.RaftServerImpl (RaftServerImpl.java:<init>(93)) - d899c6ae-90ec-446d-94b3-997285126f36: new RaftServerImpl for group-6078FF790FC8:[d899c6ae-90ec-446d-94b3-997285126f36:192.168.157.199:40289, 503c132b-b575-4388-b650-2d70ff914a35:192.168.157.199:39683, fffb68e7-bc7b-4433-8df5-958ad16b5811:192.168.157.199:46347] with ContainerStateMachine:uninitialized
2019-08-30 03:51:15,426 [pool-449-thread-1] INFO  server.RaftServerConfigKeys (ConfUtils.java:logGet(43)) - raft.server.rpc.timeout.min = 5s (custom)
2019-08-30 03:51:15,426 [pool-449-thread-1] INFO  server.RaftServerConfigKeys (ConfUtils.java:logGet(43)) - raft.server.rpc.timeout.max = 5200ms (custom)
2019-08-30 03:51:15,426 [pool-449-thread-1] INFO  server.RaftServerConfigKeys (ConfUtils.java:logGet(43)) - raft.server.rpcslowness.timeout = 120s (custom)
2019-08-30 03:51:15,426 [pool-449-thread-1] INFO  server.RaftServerConfigKeys (ConfUtils.java:logGet(43)) - raft.server.sleep.deviation.threshold = 300 (default)
2019-08-30 03:51:15,426 [pool-449-thread-1] INFO  server.RaftServerConfigKeys (ConfUtils.java:logGet(43)) - raft.server.log.appender.install.snapshot.enabled = false (custom)
2019-08-30 03:51:15,426 [pool-469-thread-1] INFO  impl.RaftServerImpl (RaftServerImpl.java:<init>(93)) - fffb68e7-bc7b-4433-8df5-958ad16b5811: new RaftServerImpl for group-6078FF790FC8:[d899c6ae-90ec-446d-94b3-997285126f36:192.168.157.199:40289, 503c132b-b575-4388-b650-2d70ff914a35:192.168.157.199:39683, fffb68e7-bc7b-4433-8df5-958ad16b5811:192.168.157.199:46347] with ContainerStateMachine:uninitialized
2019-08-30 03:51:15,427 [pool-449-thread-1] INFO  impl.RaftServerImpl (ServerState.java:<init>(105)) - d899c6ae-90ec-446d-94b3-997285126f36:group-6078FF790FC8 ConfigurationManager, init=-1: [d899c6ae-90ec-446d-94b3-997285126f36:192.168.157.199:40289, 503c132b-b575-4388-b650-2d70ff914a35:192.168.157.199:39683, fffb68e7-bc7b-4433-8df5-958ad16b5811:192.168.157.199:46347], old=null, confs=<EMPTY_MAP>
2019-08-30 03:51:15,427 [pool-469-thread-1] INFO  server.RaftServerConfigKeys (ConfUtils.java:logGet(43)) - raft.server.rpc.timeout.min = 5s (custom)
2019-08-30 03:51:15,427 [pool-449-thread-1] INFO  server.RaftServerConfigKeys (ConfUtils.java:logGet(43)) - raft.server.storage.dir = [/workdir/hadoop-ozone/integration-test/target/test-dir/MiniOzoneClusterImpl-42edc0d0-c7e9-4cf8-aacf-72b5a22a0227/datanode-4/data/ratis] (custom)
2019-08-30 03:51:15,427 [pool-469-thread-1] INFO  server.RaftServerConfigKeys (ConfUtils.java:logGet(43)) - raft.server.rpc.timeout.max = 5200ms (custom)
2019-08-30 03:51:15,427 [pool-469-thread-1] INFO  server.RaftServerConfigKeys (ConfUtils.java:logGet(43)) - raft.server.rpcslowness.timeout = 120s (custom)
2019-08-30 03:51:15,428 [pool-469-thread-1] INFO  server.RaftServerConfigKeys (ConfUtils.java:logGet(43)) - raft.server.sleep.deviation.threshold = 300 (default)
2019-08-30 03:51:15,428 [pool-449-thread-1] INFO  storage.RaftStorageDirectory (RaftStorageDirectory.java:analyzeStorage(246)) - The storage directory /workdir/hadoop-ozone/integration-test/target/test-dir/MiniOzoneClusterImpl-42edc0d0-c7e9-4cf8-aacf-72b5a22a0227/datanode-4/data/ratis/127300a6-cb81-4a3d-8c88-6078ff790fc8 does not exist. Creating ...
2019-08-30 03:51:15,428 [pool-429-thread-1] INFO  impl.RaftServerImpl (RaftServerImpl.java:<init>(93)) - 503c132b-b575-4388-b650-2d70ff914a35: new RaftServerImpl for group-6078FF790FC8:[d899c6ae-90ec-446d-94b3-997285126f36:192.168.157.199:40289, 503c132b-b575-4388-b650-2d70ff914a35:192.168.157.199:39683, fffb68e7-bc7b-4433-8df5-958ad16b5811:192.168.157.199:46347] with ContainerStateMachine:uninitialized
2019-08-30 03:51:15,428 [pool-429-thread-1] INFO  server.RaftServerConfigKeys (ConfUtils.java:logGet(43)) - raft.server.rpc.timeout.min = 5s (custom)
2019-08-30 03:51:15,428 [pool-469-thread-1] INFO  server.RaftServerConfigKeys (ConfUtils.java:logGet(43)) - raft.server.log.appender.install.snapshot.enabled = false (custom)
2019-08-30 03:51:15,428 [pool-429-thread-1] INFO  server.RaftServerConfigKeys (ConfUtils.java:logGet(43)) - raft.server.rpc.timeout.max = 5200ms (custom)
2019-08-30 03:51:15,428 [pool-469-thread-1] INFO  impl.RaftServerImpl (ServerState.java:<init>(105)) - fffb68e7-bc7b-4433-8df5-958ad16b5811:group-6078FF790FC8 ConfigurationManager, init=-1: [d899c6ae-90ec-446d-94b3-997285126f36:192.168.157.199:40289, 503c132b-b575-4388-b650-2d70ff914a35:192.168.157.199:39683, fffb68e7-bc7b-4433-8df5-958ad16b5811:192.168.157.199:46347], old=null, confs=<EMPTY_MAP>
2019-08-30 03:51:15,429 [pool-429-thread-1] INFO  server.RaftServerConfigKeys (ConfUtils.java:logGet(43)) - raft.server.rpcslowness.timeout = 120s (custom)
2019-08-30 03:51:15,429 [pool-469-thread-1] INFO  server.RaftServerConfigKeys (ConfUtils.java:logGet(43)) - raft.server.storage.dir = [/workdir/hadoop-ozone/integration-test/target/test-dir/MiniOzoneClusterImpl-42edc0d0-c7e9-4cf8-aacf-72b5a22a0227/datanode-6/data/ratis] (custom)
2019-08-30 03:51:15,429 [pool-429-thread-1] INFO  server.RaftServerConfigKeys (ConfUtils.java:logGet(43)) - raft.server.sleep.deviation.threshold = 300 (default)
2019-08-30 03:51:15,429 [pool-429-thread-1] INFO  server.RaftServerConfigKeys (ConfUtils.java:logGet(43)) - raft.server.log.appender.install.snapshot.enabled = false (custom)
2019-08-30 03:51:15,429 [pool-469-thread-1] INFO  storage.RaftStorageDirectory (RaftStorageDirectory.java:analyzeStorage(246)) - The storage directory /workdir/hadoop-ozone/integration-test/target/test-dir/MiniOzoneClusterImpl-42edc0d0-c7e9-4cf8-aacf-72b5a22a0227/datanode-6/data/ratis/127300a6-cb81-4a3d-8c88-6078ff790fc8 does not exist. Creating ...
2019-08-30 03:51:15,429 [pool-429-thread-1] INFO  impl.RaftServerImpl (ServerState.java:<init>(105)) - 503c132b-b575-4388-b650-2d70ff914a35:group-6078FF790FC8 ConfigurationManager, init=-1: [d899c6ae-90ec-446d-94b3-997285126f36:192.168.157.199:40289, 503c132b-b575-4388-b650-2d70ff914a35:192.168.157.199:39683, fffb68e7-bc7b-4433-8df5-958ad16b5811:192.168.157.199:46347], old=null, confs=<EMPTY_MAP>
2019-08-30 03:51:15,430 [pool-429-thread-1] INFO  server.RaftServerConfigKeys (ConfUtils.java:logGet(43)) - raft.server.storage.dir = [/workdir/hadoop-ozone/integration-test/target/test-dir/MiniOzoneClusterImpl-42edc0d0-c7e9-4cf8-aacf-72b5a22a0227/datanode-2/data/ratis] (custom)
2019-08-30 03:51:15,430 [pool-429-thread-1] INFO  storage.RaftStorageDirectory (RaftStorageDirectory.java:analyzeStorage(246)) - The storage directory /workdir/hadoop-ozone/integration-test/target/test-dir/MiniOzoneClusterImpl-42edc0d0-c7e9-4cf8-aacf-72b5a22a0227/datanode-2/data/ratis/127300a6-cb81-4a3d-8c88-6078ff790fc8 does not exist. Creating ...
2019-08-30 03:51:15,453 [pool-449-thread-1] INFO  storage.RaftStorageDirectory (RaftStorageDirectory.java:tryLock(328)) - Lock on /workdir/hadoop-ozone/integration-test/target/test-dir/MiniOzoneClusterImpl-42edc0d0-c7e9-4cf8-aacf-72b5a22a0227/datanode-4/data/ratis/127300a6-cb81-4a3d-8c88-6078ff790fc8/in_use.lock acquired by nodename 4854@pr-hdds-2057-gndl4-2748649462
2019-08-30 03:51:15,453 [pool-429-thread-1] INFO  storage.RaftStorageDirectory (RaftStorageDirectory.java:tryLock(328)) - Lock on /workdir/hadoop-ozone/integration-test/target/test-dir/MiniOzoneClusterImpl-42edc0d0-c7e9-4cf8-aacf-72b5a22a0227/datanode-2/data/ratis/127300a6-cb81-4a3d-8c88-6078ff790fc8/in_use.lock acquired by nodename 4854@pr-hdds-2057-gndl4-2748649462
2019-08-30 03:51:15,453 [pool-469-thread-1] INFO  storage.RaftStorageDirectory (RaftStorageDirectory.java:tryLock(328)) - Lock on /workdir/hadoop-ozone/integration-test/target/test-dir/MiniOzoneClusterImpl-42edc0d0-c7e9-4cf8-aacf-72b5a22a0227/datanode-6/data/ratis/127300a6-cb81-4a3d-8c88-6078ff790fc8/in_use.lock acquired by nodename 4854@pr-hdds-2057-gndl4-2748649462
2019-08-30 03:51:15,479 [pool-449-thread-1] INFO  storage.RaftStorage (RaftStorage.java:format(72)) - Storage directory /workdir/hadoop-ozone/integration-test/target/test-dir/MiniOzoneClusterImpl-42edc0d0-c7e9-4cf8-aacf-72b5a22a0227/datanode-4/data/ratis/127300a6-cb81-4a3d-8c88-6078ff790fc8 has been successfully formatted.
2019-08-30 03:51:15,479 [pool-469-thread-1] INFO  storage.RaftStorage (RaftStorage.java:format(72)) - Storage directory /workdir/hadoop-ozone/integration-test/target/test-dir/MiniOzoneClusterImpl-42edc0d0-c7e9-4cf8-aacf-72b5a22a0227/datanode-6/data/ratis/127300a6-cb81-4a3d-8c88-6078ff790fc8 has been successfully formatted.
2019-08-30 03:51:15,479 [pool-429-thread-1] INFO  storage.RaftStorage (RaftStorage.java:format(72)) - Storage directory /workdir/hadoop-ozone/integration-test/target/test-dir/MiniOzoneClusterImpl-42edc0d0-c7e9-4cf8-aacf-72b5a22a0227/datanode-2/data/ratis/127300a6-cb81-4a3d-8c88-6078ff790fc8 has been successfully formatted.
2019-08-30 03:51:15,479 [pool-469-thread-1] INFO  ratis.ContainerStateMachine (ContainerStateMachine.java:loadSnapshot(227)) - group-6078FF790FC8: The snapshot info is null. Setting the last applied indexto:(t:0, i:~)
2019-08-30 03:51:15,479 [pool-449-thread-1] INFO  ratis.ContainerStateMachine (ContainerStateMachine.java:loadSnapshot(227)) - group-6078FF790FC8: The snapshot info is null. Setting the last applied indexto:(t:0, i:~)
2019-08-30 03:51:15,480 [pool-469-thread-1] INFO  server.RaftServerConfigKeys (ConfUtils.java:logGet(43)) - raft.server.leader.election.timeout = 120s (custom)
2019-08-30 03:51:15,479 [pool-429-thread-1] INFO  ratis.ContainerStateMachine (ContainerStateMachine.java:loadSnapshot(227)) - group-6078FF790FC8: The snapshot info is null. Setting the last applied indexto:(t:0, i:~)
2019-08-30 03:51:15,480 [pool-469-thread-1] INFO  server.RaftServerConfigKeys (ConfUtils.java:logGet(43)) - raft.server.log.use.memory = false (default)
2019-08-30 03:51:15,480 [pool-449-thread-1] INFO  server.RaftServerConfigKeys (ConfUtils.java:logGet(43)) - raft.server.leader.election.timeout = 120s (custom)
2019-08-30 03:51:15,480 [pool-469-thread-1] INFO  server.RaftServerConfigKeys (ConfUtils.java:logGet(43)) - raft.server.log.purge.gap = 1000000 (custom)
2019-08-30 03:51:15,480 [pool-429-thread-1] INFO  server.RaftServerConfigKeys (ConfUtils.java:logGet(43)) - raft.server.leader.election.timeout = 120s (custom)
2019-08-30 03:51:15,481 [pool-469-thread-1] INFO  server.RaftServerConfigKeys (ConfUtils.java:logGet(43)) - raft.server.log.appender.buffer.byte-limit = 33554432 (custom)
2019-08-30 03:51:15,480 [pool-449-thread-1] INFO  server.RaftServerConfigKeys (ConfUtils.java:logGet(43)) - raft.server.log.use.memory = false (default)
2019-08-30 03:51:15,481 [pool-469-thread-1] INFO  server.RaftServerConfigKeys (ConfUtils.java:logGet(43)) - raft.server.log.segment.size.max = 1048576 (custom)
2019-08-30 03:51:15,481 [pool-469-thread-1] INFO  server.RaftServerConfigKeys (ConfUtils.java:logGet(43)) - raft.server.log.segment.cache.num.max = 2 (custom)
2019-08-30 03:51:15,481 [pool-429-thread-1] INFO  server.RaftServerConfigKeys (ConfUtils.java:logGet(43)) - raft.server.log.use.memory = false (default)
2019-08-30 03:51:15,481 [pool-469-thread-1] INFO  segmented.SegmentedRaftLogWorker (SegmentedRaftLogWorker.java:<init>(172)) - new fffb68e7-bc7b-4433-8df5-958ad16b5811-SegmentedRaftLogWorker:Storage Directory /workdir/hadoop-ozone/integration-test/target/test-dir/MiniOzoneClusterImpl-42edc0d0-c7e9-4cf8-aacf-72b5a22a0227/datanode-6/data/ratis/127300a6-cb81-4a3d-8c88-6078ff790fc8 for RaftStorage:Storage Directory /workdir/hadoop-ozone/integration-test/target/test-dir/MiniOzoneClusterImpl-42edc0d0-c7e9-4cf8-aacf-72b5a22a0227/datanode-6/data/ratis/127300a6-cb81-4a3d-8c88-6078ff790fc8
2019-08-30 03:51:15,481 [pool-449-thread-1] INFO  server.RaftServerConfigKeys (ConfUtils.java:logGet(43)) - raft.server.log.purge.gap = 1000000 (custom)
2019-08-30 03:51:15,482 [pool-469-thread-1] INFO  server.RaftServerConfigKeys (ConfUtils.java:logGet(43)) - raft.server.log.queue.byte-limit = 2147483647 (custom)
2019-08-30 03:51:15,482 [pool-429-thread-1] INFO  server.RaftServerConfigKeys (ConfUtils.java:logGet(43)) - raft.server.log.purge.gap = 1000000 (custom)
2019-08-30 03:51:15,482 [pool-469-thread-1] INFO  server.RaftServerConfigKeys (ConfUtils.java:logGet(43)) - raft.server.log.queue.element-limit = 1024 (custom)
2019-08-30 03:51:15,482 [pool-449-thread-1] INFO  server.RaftServerConfigKeys (ConfUtils.java:logGet(43)) - raft.server.log.appender.buffer.byte-limit = 33554432 (custom)
2019-08-30 03:51:15,482 [pool-469-thread-1] INFO  server.RaftServerConfigKeys (ConfUtils.java:logGet(43)) - raft.server.log.segment.size.max = 1048576 (custom)
2019-08-30 03:51:15,482 [pool-429-thread-1] INFO  server.RaftServerConfigKeys (ConfUtils.java:logGet(43)) - raft.server.log.appender.buffer.byte-limit = 33554432 (custom)
2019-08-30 03:51:15,483 [pool-469-thread-1] INFO  server.RaftServerConfigKeys (ConfUtils.java:logGet(43)) - raft.server.log.preallocated.size = 16384 (custom)
2019-08-30 03:51:15,483 [pool-449-thread-1] INFO  server.RaftServerConfigKeys (ConfUtils.java:logGet(43)) - raft.server.log.segment.size.max = 1048576 (custom)
2019-08-30 03:51:15,483 [pool-469-thread-1] INFO  server.RaftServerConfigKeys (ConfUtils.java:logGet(43)) - raft.server.log.write.buffer.size = 33554432 (custom)
2019-08-30 03:51:15,483 [pool-429-thread-1] INFO  server.RaftServerConfigKeys (ConfUtils.java:logGet(43)) - raft.server.log.segment.size.max = 1048576 (custom)
2019-08-30 03:51:15,483 [pool-469-thread-1] INFO  server.RaftServerConfigKeys (ConfUtils.java:logGet(43)) - raft.server.log.force.sync.num = 128 (default)
2019-08-30 03:51:15,484 [pool-469-thread-1] INFO  server.RaftServerConfigKeys (ConfUtils.java:logGet(43)) - raft.server.log.statemachine.data.sync = true (default)
2019-08-30 03:51:15,483 [pool-449-thread-1] INFO  server.RaftServerConfigKeys (ConfUtils.java:logGet(43)) - raft.server.log.segment.cache.num.max = 2 (custom)
2019-08-30 03:51:15,484 [pool-469-thread-1] INFO  server.RaftServerConfigKeys (ConfUtils.java:logGet(43)) - raft.server.log.statemachine.data.sync.timeout = 10s (default)
2019-08-30 03:51:15,484 [pool-469-thread-1] INFO  server.RaftServerConfigKeys (ConfUtils.java:logGet(43)) - raft.server.log.statemachine.data.sync.timeout.retry = -1 (default)
2019-08-30 03:51:15,484 [pool-429-thread-1] INFO  server.RaftServerConfigKeys (ConfUtils.java:logGet(43)) - raft.server.log.segment.cache.num.max = 2 (custom)
2019-08-30 03:51:15,484 [pool-469-thread-1] INFO  server.RaftServerConfigKeys (ConfUtils.java:logGet(43)) - raft.server.log.statemachine.data.caching.enabled = true (custom)
2019-08-30 03:51:15,484 [pool-449-thread-1] INFO  segmented.SegmentedRaftLogWorker (SegmentedRaftLogWorker.java:<init>(172)) - new d899c6ae-90ec-446d-94b3-997285126f36-SegmentedRaftLogWorker:Storage Directory /workdir/hadoop-ozone/integration-test/target/test-dir/MiniOzoneClusterImpl-42edc0d0-c7e9-4cf8-aacf-72b5a22a0227/datanode-4/data/ratis/127300a6-cb81-4a3d-8c88-6078ff790fc8 for RaftStorage:Storage Directory /workdir/hadoop-ozone/integration-test/target/test-dir/MiniOzoneClusterImpl-42edc0d0-c7e9-4cf8-aacf-72b5a22a0227/datanode-4/data/ratis/127300a6-cb81-4a3d-8c88-6078ff790fc8
2019-08-30 03:51:15,485 [pool-429-thread-1] INFO  segmented.SegmentedRaftLogWorker (SegmentedRaftLogWorker.java:<init>(172)) - new 503c132b-b575-4388-b650-2d70ff914a35-SegmentedRaftLogWorker:Storage Directory /workdir/hadoop-ozone/integration-test/target/test-dir/MiniOzoneClusterImpl-42edc0d0-c7e9-4cf8-aacf-72b5a22a0227/datanode-2/data/ratis/127300a6-cb81-4a3d-8c88-6078ff790fc8 for RaftStorage:Storage Directory /workdir/hadoop-ozone/integration-test/target/test-dir/MiniOzoneClusterImpl-42edc0d0-c7e9-4cf8-aacf-72b5a22a0227/datanode-2/data/ratis/127300a6-cb81-4a3d-8c88-6078ff790fc8
2019-08-30 03:51:15,485 [pool-449-thread-1] INFO  server.RaftServerConfigKeys (ConfUtils.java:logGet(43)) - raft.server.log.queue.byte-limit = 2147483647 (custom)
2019-08-30 03:51:15,485 [pool-429-thread-1] INFO  server.RaftServerConfigKeys (ConfUtils.java:logGet(43)) - raft.server.log.queue.byte-limit = 2147483647 (custom)
2019-08-30 03:51:15,485 [pool-449-thread-1] INFO  server.RaftServerConfigKeys (ConfUtils.java:logGet(43)) - raft.server.log.queue.element-limit = 1024 (custom)
2019-08-30 03:51:15,486 [pool-469-thread-1] INFO  segmented.SegmentedRaftLogWorker (SegmentedRaftLogWorker.java:lambda$new$0(132)) - fffb68e7-bc7b-4433-8df5-958ad16b5811-SegmentedRaftLogWorker:Storage Directory /workdir/hadoop-ozone/integration-test/target/test-dir/MiniOzoneClusterImpl-42edc0d0-c7e9-4cf8-aacf-72b5a22a0227/datanode-6/data/ratis/127300a6-cb81-4a3d-8c88-6078ff790fc8: flushIndex: setUnconditionally 0 -> -1
2019-08-30 03:51:15,486 [pool-429-thread-1] INFO  server.RaftServerConfigKeys (ConfUtils.java:logGet(43)) - raft.server.log.queue.element-limit = 1024 (custom)
2019-08-30 03:51:15,486 [pool-449-thread-1] INFO  server.RaftServerConfigKeys (ConfUtils.java:logGet(43)) - raft.server.log.segment.size.max = 1048576 (custom)
2019-08-30 03:51:15,486 [pool-429-thread-1] INFO  server.RaftServerConfigKeys (ConfUtils.java:logGet(43)) - raft.server.log.segment.size.max = 1048576 (custom)
2019-08-30 03:51:15,486 [pool-469-thread-1] INFO  server.RaftServerConfigKeys (ConfUtils.java:logGet(43)) - raft.server.snapshot.auto.trigger.enabled = true (custom)
2019-08-30 03:51:15,486 [pool-429-thread-1] INFO  server.RaftServerConfigKeys (ConfUtils.java:logGet(43)) - raft.server.log.preallocated.size = 16384 (custom)
2019-08-30 03:51:15,486 [pool-449-thread-1] INFO  server.RaftServerConfigKeys (ConfUtils.java:logGet(43)) - raft.server.log.preallocated.size = 16384 (custom)
2019-08-30 03:51:15,487 [pool-429-thread-1] INFO  server.RaftServerConfigKeys (ConfUtils.java:logGet(43)) - raft.server.log.write.buffer.size = 33554432 (custom)
2019-08-30 03:51:15,487 [pool-469-thread-1] INFO  server.RaftServerConfigKeys (ConfUtils.java:logGet(43)) - raft.server.snapshot.auto.trigger.threshold = 10000 (custom)
2019-08-30 03:51:15,487 [pool-429-thread-1] INFO  server.RaftServerConfigKeys (ConfUtils.java:logGet(43)) - raft.server.log.force.sync.num = 128 (default)
2019-08-30 03:51:15,487 [pool-449-thread-1] INFO  server.RaftServerConfigKeys (ConfUtils.java:logGet(43)) - raft.server.log.write.buffer.size = 33554432 (custom)
2019-08-30 03:51:15,488 [pool-429-thread-1] INFO  server.RaftServerConfigKeys (ConfUtils.java:logGet(43)) - raft.server.log.statemachine.data.sync = true (default)
2019-08-30 03:51:15,487 [pool-469-thread-1] INFO  server.RaftServerConfigKeys (ConfUtils.java:logGet(43)) - raft.server.retrycache.expirytime = 600000ms (custom)
2019-08-30 03:51:15,488 [pool-429-thread-1] INFO  server.RaftServerConfigKeys (ConfUtils.java:logGet(43)) - raft.server.log.statemachine.data.sync.timeout = 10s (default)
2019-08-30 03:51:15,488 [pool-449-thread-1] INFO  server.RaftServerConfigKeys (ConfUtils.java:logGet(43)) - raft.server.log.force.sync.num = 128 (default)
2019-08-30 03:51:15,488 [pool-429-thread-1] INFO  server.RaftServerConfigKeys (ConfUtils.java:logGet(43)) - raft.server.log.statemachine.data.sync.timeout.retry = -1 (default)
2019-08-30 03:51:15,488 [pool-469-thread-1] INFO  impl.RaftServerImpl (RaftServerImpl.java:start(180)) - fffb68e7-bc7b-4433-8df5-958ad16b5811: start group-6078FF790FC8
2019-08-30 03:51:15,489 [pool-429-thread-1] INFO  server.RaftServerConfigKeys (ConfUtils.java:logGet(43)) - raft.server.log.statemachine.data.caching.enabled = true (custom)
2019-08-30 03:51:15,488 [pool-449-thread-1] INFO  server.RaftServerConfigKeys (ConfUtils.java:logGet(43)) - raft.server.log.statemachine.data.sync = true (default)
2019-08-30 03:51:15,489 [pool-469-thread-1] INFO  impl.RaftServerImpl (RaftServerImpl.java:setRole(171)) - fffb68e7-bc7b-4433-8df5-958ad16b5811:group-6078FF790FC8 changes role from null to FOLLOWER at term 0 for startAsFollower
2019-08-30 03:51:15,489 [pool-429-thread-1] INFO  segmented.SegmentedRaftLogWorker (SegmentedRaftLogWorker.java:lambda$new$0(132)) - 503c132b-b575-4388-b650-2d70ff914a35-SegmentedRaftLogWorker:Storage Directory /workdir/hadoop-ozone/integration-test/target/test-dir/MiniOzoneClusterImpl-42edc0d0-c7e9-4cf8-aacf-72b5a22a0227/datanode-2/data/ratis/127300a6-cb81-4a3d-8c88-6078ff790fc8: flushIndex: setUnconditionally 0 -> -1
2019-08-30 03:51:15,489 [pool-449-thread-1] INFO  server.RaftServerConfigKeys (ConfUtils.java:logGet(43)) - raft.server.log.statemachine.data.sync.timeout = 10s (default)
2019-08-30 03:51:15,489 [pool-469-thread-1] INFO  impl.RoleInfo (RoleInfo.java:updateAndGet(143)) - fffb68e7-bc7b-4433-8df5-958ad16b5811: start FollowerState
2019-08-30 03:51:15,490 [pool-429-thread-1] INFO  server.RaftServerConfigKeys (ConfUtils.java:logGet(43)) - raft.server.snapshot.auto.trigger.enabled = true (custom)
2019-08-30 03:51:15,490 [pool-449-thread-1] INFO  server.RaftServerConfigKeys (ConfUtils.java:logGet(43)) - raft.server.log.statemachine.data.sync.timeout.retry = -1 (default)
2019-08-30 03:51:15,490 [pool-429-thread-1] INFO  server.RaftServerConfigKeys (ConfUtils.java:logGet(43)) - raft.server.snapshot.auto.trigger.threshold = 10000 (custom)
2019-08-30 03:51:15,490 [pool-449-thread-1] INFO  server.RaftServerConfigKeys (ConfUtils.java:logGet(43)) - raft.server.log.statemachine.data.caching.enabled = true (custom)
2019-08-30 03:51:15,490 [pool-469-thread-1] INFO  util.JmxRegister (JmxRegister.java:tryRegister(44)) - Successfully registered JMX Bean with object name Ratis:service=RaftServer,group=group-6078FF790FC8,id=fffb68e7-bc7b-4433-8df5-958ad16b5811
2019-08-30 03:51:15,490 [pool-429-thread-1] INFO  server.RaftServerConfigKeys (ConfUtils.java:logGet(43)) - raft.server.retrycache.expirytime = 600000ms (custom)
2019-08-30 03:51:15,491 [pool-449-thread-1] INFO  segmented.SegmentedRaftLogWorker (SegmentedRaftLogWorker.java:lambda$new$0(132)) - d899c6ae-90ec-446d-94b3-997285126f36-SegmentedRaftLogWorker:Storage Directory /workdir/hadoop-ozone/integration-test/target/test-dir/MiniOzoneClusterImpl-42edc0d0-c7e9-4cf8-aacf-72b5a22a0227/datanode-4/data/ratis/127300a6-cb81-4a3d-8c88-6078ff790fc8: flushIndex: setUnconditionally 0 -> -1
2019-08-30 03:51:15,491 [pool-429-thread-1] INFO  impl.RaftServerImpl (RaftServerImpl.java:start(180)) - 503c132b-b575-4388-b650-2d70ff914a35: start group-6078FF790FC8
2019-08-30 03:51:15,491 [pool-429-thread-1] INFO  impl.RaftServerImpl (RaftServerImpl.java:setRole(171)) - 503c132b-b575-4388-b650-2d70ff914a35:group-6078FF790FC8 changes role from null to FOLLOWER at term 0 for startAsFollower
2019-08-30 03:51:15,491 [pool-449-thread-1] INFO  server.RaftServerConfigKeys (ConfUtils.java:logGet(43)) - raft.server.snapshot.auto.trigger.enabled = true (custom)
2019-08-30 03:51:15,491 [pool-429-thread-1] INFO  impl.RoleInfo (RoleInfo.java:updateAndGet(143)) - 503c132b-b575-4388-b650-2d70ff914a35: start FollowerState
2019-08-30 03:51:15,491 [pool-449-thread-1] INFO  server.RaftServerConfigKeys (ConfUtils.java:logGet(43)) - raft.server.snapshot.auto.trigger.threshold = 10000 (custom)
2019-08-30 03:51:15,494 [pool-449-thread-1] INFO  server.RaftServerConfigKeys (ConfUtils.java:logGet(43)) - raft.server.retrycache.expirytime = 600000ms (custom)
2019-08-30 03:51:15,494 [pool-429-thread-1] INFO  util.JmxRegister (JmxRegister.java:tryRegister(44)) - Successfully registered JMX Bean with object name Ratis:service=RaftServer,group=group-6078FF790FC8,id=503c132b-b575-4388-b650-2d70ff914a35
2019-08-30 03:51:15,494 [pool-449-thread-1] INFO  impl.RaftServerImpl (RaftServerImpl.java:start(180)) - d899c6ae-90ec-446d-94b3-997285126f36: start group-6078FF790FC8
2019-08-30 03:51:15,495 [pool-449-thread-1] INFO  impl.RaftServerImpl (RaftServerImpl.java:setRole(171)) - d899c6ae-90ec-446d-94b3-997285126f36:group-6078FF790FC8 changes role from null to FOLLOWER at term 0 for startAsFollower
2019-08-30 03:51:15,495 [pool-449-thread-1] INFO  impl.RoleInfo (RoleInfo.java:updateAndGet(143)) - d899c6ae-90ec-446d-94b3-997285126f36: start FollowerState
2019-08-30 03:51:15,495 [pool-449-thread-1] INFO  util.JmxRegister (JmxRegister.java:tryRegister(44)) - Successfully registered JMX Bean with object name Ratis:service=RaftServer,group=group-6078FF790FC8,id=d899c6ae-90ec-446d-94b3-997285126f36
2019-08-30 03:51:15,502 [RatisPipelineUtilsThread] INFO  pipeline.PipelineStateManager (PipelineStateManager.java:addPipeline(56)) - Created pipeline Pipeline[ Id: 127300a6-cb81-4a3d-8c88-6078ff790fc8, Nodes: fffb68e7-bc7b-4433-8df5-958ad16b5811{ip: 192.168.157.199, host: pr-hdds-2057-gndl4-2748649462, networkLocation: /default-rack, certSerialId: null}d899c6ae-90ec-446d-94b3-997285126f36{ip: 192.168.157.199, host: pr-hdds-2057-gndl4-2748649462, networkLocation: /default-rack, certSerialId: null}503c132b-b575-4388-b650-2d70ff914a35{ip: 192.168.157.199, host: pr-hdds-2057-gndl4-2748649462, networkLocation: /default-rack, certSerialId: null}, Type:RATIS, Factor:THREE, State:OPEN]
2019-08-30 03:51:16,321 [main] INFO  ozone.MiniOzoneClusterImpl (MiniOzoneClusterImpl.java:lambda$waitForClusterToBeReady$0(140)) - Cluster is ready. Got 7 of 7 DN Heartbeats.
2019-08-30 03:51:16,357 [main] INFO  rpc.RpcClient (RpcClient.java:createVolume(293)) - Creating Volume: testblockoutputstream, with jenkins1000 as owner.
2019-08-30 03:51:16,359 | INFO  | OMAudit | user=jenkins1000 | ip=127.0.0.1 | op=CREATE_VOLUME {admin=jenkins1000, owner=jenkins1000, volume=testblockoutputstream, creationTime=1567137076359, quotaInBytes=1152921504606846976} | ret=SUCCESS |  
2019-08-30 03:51:16,373 | INFO  | OMAudit | user=jenkins1000 | ip=127.0.0.1 | op=READ_VOLUME {volume=testblockoutputstream} | ret=SUCCESS |  
2019-08-30 03:51:16,374 [main] INFO  rpc.RpcClient (RpcClient.java:createBucket(432)) - Creating Bucket: testblockoutputstream/testblockoutputstream, with Versioning false and Storage Type set to DISK and Encryption set to false 
2019-08-30 03:51:16,378 | INFO  | OMAudit | user=jenkins1000 | ip=127.0.0.1 | op=CREATE_BUCKET {volume=testblockoutputstream, bucket=testblockoutputstream, acls=[user:jenkins1000:a[ACCESS], group:default:a[ACCESS]], isVersionEnabled=false, storageType=DISK, creationTime=0} | ret=SUCCESS |  
2019-08-30 03:51:16,380 | INFO  | OMAudit | user=jenkins1000 | ip=127.0.0.1 | op=READ_VOLUME {volume=testblockoutputstream} | ret=SUCCESS |  
2019-08-30 03:51:16,382 | INFO  | OMAudit | user=jenkins1000 | ip=127.0.0.1 | op=READ_BUCKET {volume=testblockoutputstream, bucket=testblockoutputstream} | ret=SUCCESS |  
2019-08-30 03:51:16,386 | INFO  | SCMAudit | user=jenkins1000 | ip=192.168.157.199 | op=ALLOCATE_BLOCK {owner=da5e4bca-0bda-42a6-9093-3757562b09af, size=800, type=RATIS, factor=THREE} | ret=SUCCESS |  
2019-08-30 03:51:16,390 | INFO  | OMAudit | user=jenkins1000 | ip=127.0.0.1 | op=ALLOCATE_KEY {volume=testblockoutputstream, bucket=testblockoutputstream, key=1438b953-10ab-4b91-a71d-e128e1fbcff4, dataSize=0, replicationType=RATIS, replicationFactor=THREE, keyLocationInfo=null} | ret=SUCCESS |  
2019-08-30 03:51:16,406 [grpc-default-executor-3] INFO  client.GrpcClientProtocolClient (GrpcClientProtocolClient.java:onNext(255)) - client-7C6796E02BFB->fffb68e7-bc7b-4433-8df5-958ad16b5811: receive RaftClientReply:client-7C6796E02BFB->fffb68e7-bc7b-4433-8df5-958ad16b5811@group-6078FF790FC8, cid=168, FAILED org.apache.ratis.protocol.NotLeaderException: Server fffb68e7-bc7b-4433-8df5-958ad16b5811 is not the leader (null). Request must be sent to leader., logIndex=0, commits[fffb68e7-bc7b-4433-8df5-958ad16b5811:c-1]
2019-08-30 03:51:16,959 | INFO  | SCMAudit | user=jenkins1000 | ip=192.168.157.199 | op=SEND_HEARTBEAT {datanodeUUID=014d650f-ccff-4dcb-ad60-4ffc816b3ea1, command=[]} | ret=SUCCESS |  
2019-08-30 03:51:17,020 | INFO  | SCMAudit | user=jenkins1000 | ip=192.168.157.199 | op=SEND_HEARTBEAT {datanodeUUID=34a22de4-3e24-4541-99bd-6e7cf7aa3a5e, command=[]} | ret=SUCCESS |  
2019-08-30 03:51:17,079 | INFO  | SCMAudit | user=jenkins1000 | ip=192.168.157.199 | op=SEND_HEARTBEAT {datanodeUUID=503c132b-b575-4388-b650-2d70ff914a35, command=[]} | ret=SUCCESS |  
2019-08-30 03:51:17,137 | INFO  | SCMAudit | user=jenkins1000 | ip=192.168.157.199 | op=SEND_HEARTBEAT {datanodeUUID=6b6e8f83-1581-4c4d-859e-6a09185f7f8f, command=[]} | ret=SUCCESS |  
2019-08-30 03:51:17,197 | INFO  | SCMAudit | user=jenkins1000 | ip=192.168.157.199 | op=SEND_HEARTBEAT {datanodeUUID=d899c6ae-90ec-446d-94b3-997285126f36, command=[]} | ret=SUCCESS |  
2019-08-30 03:51:17,261 | INFO  | SCMAudit | user=jenkins1000 | ip=192.168.157.199 | op=SEND_HEARTBEAT {datanodeUUID=e6d3f6ef-09a3-4172-8a2c-3346e8e7f34e, command=[]} | ret=SUCCESS |  
2019-08-30 03:51:17,321 | INFO  | SCMAudit | user=jenkins1000 | ip=192.168.157.199 | op=SEND_HEARTBEAT {datanodeUUID=fffb68e7-bc7b-4433-8df5-958ad16b5811, command=[]} | ret=SUCCESS |  
2019-08-30 03:51:17,424 [grpc-default-executor-3] INFO  client.GrpcClientProtocolClient (GrpcClientProtocolClient.java:onNext(255)) - client-7C6796E02BFB->d899c6ae-90ec-446d-94b3-997285126f36: receive RaftClientReply:client-7C6796E02BFB->d899c6ae-90ec-446d-94b3-997285126f36@group-6078FF790FC8, cid=168, FAILED org.apache.ratis.protocol.NotLeaderException: Server d899c6ae-90ec-446d-94b3-997285126f36 is not the leader (null). Request must be sent to leader., logIndex=0, commits[d899c6ae-90ec-446d-94b3-997285126f36:c-1]
2019-08-30 03:51:17,958 | INFO  | SCMAudit | user=jenkins1000 | ip=192.168.157.199 | op=SEND_HEARTBEAT {datanodeUUID=014d650f-ccff-4dcb-ad60-4ffc816b3ea1, command=[]} | ret=SUCCESS |  
2019-08-30 03:51:17,979 [Thread-3295] INFO  container.ReplicationManager (ReplicationManager.java:start(152)) - Starting Replication Monitor Thread.
2019-08-30 03:51:17,983 [ReplicationMonitor] INFO  container.ReplicationManager (ReplicationManager.java:run(215)) - Replication Monitor Thread took 0 milliseconds for processing 1 containers.
2019-08-30 03:51:18,019 | INFO  | SCMAudit | user=jenkins1000 | ip=192.168.157.199 | op=SEND_HEARTBEAT {datanodeUUID=34a22de4-3e24-4541-99bd-6e7cf7aa3a5e, command=[]} | ret=SUCCESS |  
2019-08-30 03:51:18,079 | INFO  | SCMAudit | user=jenkins1000 | ip=192.168.157.199 | op=SEND_HEARTBEAT {datanodeUUID=503c132b-b575-4388-b650-2d70ff914a35, command=[]} | ret=SUCCESS |  
2019-08-30 03:51:18,138 | INFO  | SCMAudit | user=jenkins1000 | ip=192.168.157.199 | op=SEND_HEARTBEAT {datanodeUUID=6b6e8f83-1581-4c4d-859e-6a09185f7f8f, command=[]} | ret=SUCCESS |  
2019-08-30 03:51:18,198 | INFO  | SCMAudit | user=jenkins1000 | ip=192.168.157.199 | op=SEND_HEARTBEAT {datanodeUUID=d899c6ae-90ec-446d-94b3-997285126f36, command=[]} | ret=SUCCESS |  
2019-08-30 03:51:18,260 | INFO  | SCMAudit | user=jenkins1000 | ip=192.168.157.199 | op=SEND_HEARTBEAT {datanodeUUID=e6d3f6ef-09a3-4172-8a2c-3346e8e7f34e, command=[]} | ret=SUCCESS |  
2019-08-30 03:51:18,321 | INFO  | SCMAudit | user=jenkins1000 | ip=192.168.157.199 | op=SEND_HEARTBEAT {datanodeUUID=fffb68e7-bc7b-4433-8df5-958ad16b5811, command=[]} | ret=SUCCESS |  
2019-08-30 03:51:18,436 [grpc-default-executor-3] INFO  client.GrpcClientProtocolClient (GrpcClientProtocolClient.java:onNext(255)) - client-7C6796E02BFB->fffb68e7-bc7b-4433-8df5-958ad16b5811: receive RaftClientReply:client-7C6796E02BFB->fffb68e7-bc7b-4433-8df5-958ad16b5811@group-6078FF790FC8, cid=168, FAILED org.apache.ratis.protocol.NotLeaderException: Server fffb68e7-bc7b-4433-8df5-958ad16b5811 is not the leader (null). Request must be sent to leader., logIndex=0, commits[fffb68e7-bc7b-4433-8df5-958ad16b5811:c-1]
2019-08-30 03:51:18,959 | INFO  | SCMAudit | user=jenkins1000 | ip=192.168.157.199 | op=SEND_HEARTBEAT {datanodeUUID=014d650f-ccff-4dcb-ad60-4ffc816b3ea1, command=[]} | ret=SUCCESS |  
2019-08-30 03:51:19,019 | INFO  | SCMAudit | user=jenkins1000 | ip=192.168.157.199 | op=SEND_HEARTBEAT {datanodeUUID=34a22de4-3e24-4541-99bd-6e7cf7aa3a5e, command=[]} | ret=SUCCESS |  
2019-08-30 03:51:19,079 | INFO  | SCMAudit | user=jenkins1000 | ip=192.168.157.199 | op=SEND_HEARTBEAT {datanodeUUID=503c132b-b575-4388-b650-2d70ff914a35, command=[]} | ret=SUCCESS |  
2019-08-30 03:51:19,137 | INFO  | SCMAudit | user=jenkins1000 | ip=192.168.157.199 | op=SEND_HEARTBEAT {datanodeUUID=6b6e8f83-1581-4c4d-859e-6a09185f7f8f, command=[]} | ret=SUCCESS |  
2019-08-30 03:51:19,197 | INFO  | SCMAudit | user=jenkins1000 | ip=192.168.157.199 | op=SEND_HEARTBEAT {datanodeUUID=d899c6ae-90ec-446d-94b3-997285126f36, command=[]} | ret=SUCCESS |  
2019-08-30 03:51:19,260 | INFO  | SCMAudit | user=jenkins1000 | ip=192.168.157.199 | op=SEND_HEARTBEAT {datanodeUUID=e6d3f6ef-09a3-4172-8a2c-3346e8e7f34e, command=[]} | ret=SUCCESS |  
2019-08-30 03:51:19,321 | INFO  | SCMAudit | user=jenkins1000 | ip=192.168.157.199 | op=SEND_HEARTBEAT {datanodeUUID=fffb68e7-bc7b-4433-8df5-958ad16b5811, command=[]} | ret=SUCCESS |  
2019-08-30 03:51:19,452 [grpc-default-executor-5] INFO  client.GrpcClientProtocolClient (GrpcClientProtocolClient.java:onNext(255)) - client-7C6796E02BFB->503c132b-b575-4388-b650-2d70ff914a35: receive RaftClientReply:client-7C6796E02BFB->503c132b-b575-4388-b650-2d70ff914a35@group-6078FF790FC8, cid=168, FAILED org.apache.ratis.protocol.NotLeaderException: Server 503c132b-b575-4388-b650-2d70ff914a35 is not the leader (null). Request must be sent to leader., logIndex=0, commits[503c132b-b575-4388-b650-2d70ff914a35:c-1]
2019-08-30 03:51:19,958 | INFO  | SCMAudit | user=jenkins1000 | ip=192.168.157.199 | op=SEND_HEARTBEAT {datanodeUUID=014d650f-ccff-4dcb-ad60-4ffc816b3ea1, command=[]} | ret=SUCCESS |  
2019-08-30 03:51:20,020 | INFO  | SCMAudit | user=jenkins1000 | ip=192.168.157.199 | op=SEND_HEARTBEAT {datanodeUUID=34a22de4-3e24-4541-99bd-6e7cf7aa3a5e, command=[]} | ret=SUCCESS |  
2019-08-30 03:51:20,079 | INFO  | SCMAudit | user=jenkins1000 | ip=192.168.157.199 | op=SEND_HEARTBEAT {datanodeUUID=503c132b-b575-4388-b650-2d70ff914a35, command=[]} | ret=SUCCESS |  
2019-08-30 03:51:20,138 | INFO  | SCMAudit | user=jenkins1000 | ip=192.168.157.199 | op=SEND_HEARTBEAT {datanodeUUID=6b6e8f83-1581-4c4d-859e-6a09185f7f8f, command=[]} | ret=SUCCESS |  
2019-08-30 03:51:20,161 [Thread-3300] INFO  impl.FollowerState (FollowerState.java:run(106)) - 34a22de4-3e24-4541-99bd-6e7cf7aa3a5e:group-AB54FB974FEC changes to CANDIDATE, lastRpcTime:5066, electionTimeout:5066ms
2019-08-30 03:51:20,161 [Thread-3300] INFO  impl.RoleInfo (RoleInfo.java:shutdownFollowerState(121)) - 34a22de4-3e24-4541-99bd-6e7cf7aa3a5e: shutdown FollowerState
2019-08-30 03:51:20,161 [Thread-3300] INFO  impl.RaftServerImpl (RaftServerImpl.java:setRole(171)) - 34a22de4-3e24-4541-99bd-6e7cf7aa3a5e:group-AB54FB974FEC changes role from FOLLOWER to CANDIDATE at term 0 for changeToCandidate
2019-08-30 03:51:20,161 [Thread-3300] INFO  impl.RoleInfo (RoleInfo.java:updateAndGet(143)) - 34a22de4-3e24-4541-99bd-6e7cf7aa3a5e: start LeaderElection
2019-08-30 03:51:20,193 [34a22de4-3e24-4541-99bd-6e7cf7aa3a5e:group-AB54FB974FEC:LeaderElection61] INFO  impl.LeaderElection (LeaderElection.java:askForVotes(181)) - 34a22de4-3e24-4541-99bd-6e7cf7aa3a5e:group-AB54FB974FEC:LeaderElection61: begin an election at term 1 for -1: [34a22de4-3e24-4541-99bd-6e7cf7aa3a5e:192.168.157.199:43669], old=null
2019-08-30 03:51:20,194 [34a22de4-3e24-4541-99bd-6e7cf7aa3a5e:group-AB54FB974FEC:LeaderElection61] INFO  impl.RoleInfo (RoleInfo.java:shutdownLeaderElection(134)) - 34a22de4-3e24-4541-99bd-6e7cf7aa3a5e: shutdown LeaderElection
2019-08-30 03:51:20,194 [34a22de4-3e24-4541-99bd-6e7cf7aa3a5e:group-AB54FB974FEC:LeaderElection61] INFO  impl.RaftServerImpl (RaftServerImpl.java:setRole(171)) - 34a22de4-3e24-4541-99bd-6e7cf7aa3a5e:group-AB54FB974FEC changes role from CANDIDATE to LEADER at term 1 for changeToLeader
2019-08-30 03:51:20,194 [34a22de4-3e24-4541-99bd-6e7cf7aa3a5e:group-AB54FB974FEC:LeaderElection61] INFO  impl.RaftServerImpl (ServerState.java:setLeader(263)) - 34a22de4-3e24-4541-99bd-6e7cf7aa3a5e:group-AB54FB974FEC change Leader from null to 34a22de4-3e24-4541-99bd-6e7cf7aa3a5e at term 1 for becomeLeader, leader elected after 5103ms
2019-08-30 03:51:20,194 [34a22de4-3e24-4541-99bd-6e7cf7aa3a5e:group-AB54FB974FEC:LeaderElection61] INFO  server.RaftServerConfigKeys (ConfUtils.java:logGet(43)) - raft.server.staging.catchup.gap = 1000 (default)
2019-08-30 03:51:20,194 [34a22de4-3e24-4541-99bd-6e7cf7aa3a5e:group-AB54FB974FEC:LeaderElection61] INFO  server.RaftServerConfigKeys (ConfUtils.java:logGet(43)) - raft.server.rpc.sleep.time = 25ms (default)
2019-08-30 03:51:20,195 [34a22de4-3e24-4541-99bd-6e7cf7aa3a5e:group-AB54FB974FEC:LeaderElection61] INFO  server.RaftServerConfigKeys (ConfUtils.java:logGet(43)) - raft.server.write.element-limit = 4096 (default)
2019-08-30 03:51:20,195 [34a22de4-3e24-4541-99bd-6e7cf7aa3a5e:group-AB54FB974FEC:LeaderElection61] INFO  server.RaftServerConfigKeys (ConfUtils.java:logGet(43)) - raft.server.watch.timeout = 10s (default)
2019-08-30 03:51:20,195 [34a22de4-3e24-4541-99bd-6e7cf7aa3a5e:group-AB54FB974FEC:LeaderElection61] INFO  server.RaftServerConfigKeys (ConfUtils.java:logGet(43)) - raft.server.watch.timeout.denomination = 1s (default)
2019-08-30 03:51:20,195 [34a22de4-3e24-4541-99bd-6e7cf7aa3a5e:group-AB54FB974FEC:LeaderElection61] INFO  server.RaftServerConfigKeys (ConfUtils.java:logGet(43)) - raft.server.watch.element-limit = 65536 (default)
2019-08-30 03:51:20,196 [34a22de4-3e24-4541-99bd-6e7cf7aa3a5e:group-AB54FB974FEC:LeaderElection61] INFO  impl.RoleInfo (RoleInfo.java:updateAndGet(143)) - 34a22de4-3e24-4541-99bd-6e7cf7aa3a5e: start LeaderState
2019-08-30 03:51:20,196 [34a22de4-3e24-4541-99bd-6e7cf7aa3a5e:group-AB54FB974FEC:LeaderElection61] INFO  segmented.SegmentedRaftLogWorker (SegmentedRaftLogWorker.java:startLogSegment(380)) - 34a22de4-3e24-4541-99bd-6e7cf7aa3a5e-SegmentedRaftLogWorker:Storage Directory /workdir/hadoop-ozone/integration-test/target/test-dir/MiniOzoneClusterImpl-42edc0d0-c7e9-4cf8-aacf-72b5a22a0227/datanode-1/data/ratis/420bfb23-c3fd-49ca-a447-ab54fb974fec: Starting segment from index:0
2019-08-30 03:51:20,197 [34a22de4-3e24-4541-99bd-6e7cf7aa3a5e:group-AB54FB974FEC:LeaderElection61] INFO  impl.RaftServerImpl (ServerState.java:setRaftConf(361)) - 34a22de4-3e24-4541-99bd-6e7cf7aa3a5e:group-AB54FB974FEC set configuration 0: [34a22de4-3e24-4541-99bd-6e7cf7aa3a5e:192.168.157.199:43669], old=null at 0
2019-08-30 03:51:20,197 | INFO  | SCMAudit | user=jenkins1000 | ip=192.168.157.199 | op=SEND_HEARTBEAT {datanodeUUID=d899c6ae-90ec-446d-94b3-997285126f36, command=[]} | ret=SUCCESS |  
2019-08-30 03:51:20,239 [34a22de4-3e24-4541-99bd-6e7cf7aa3a5e-SegmentedRaftLogWorker:Storage Directory /workdir/hadoop-ozone/integration-test/target/test-dir/MiniOzoneClusterImpl-42edc0d0-c7e9-4cf8-aacf-72b5a22a0227/datanode-1/data/ratis/420bfb23-c3fd-49ca-a447-ab54fb974fec] INFO  segmented.SegmentedRaftLogWorker (SegmentedRaftLogWorker.java:execute(569)) - 34a22de4-3e24-4541-99bd-6e7cf7aa3a5e-SegmentedRaftLogWorker:Storage Directory /workdir/hadoop-ozone/integration-test/target/test-dir/MiniOzoneClusterImpl-42edc0d0-c7e9-4cf8-aacf-72b5a22a0227/datanode-1/data/ratis/420bfb23-c3fd-49ca-a447-ab54fb974fec: created new log segment /workdir/hadoop-ozone/integration-test/target/test-dir/MiniOzoneClusterImpl-42edc0d0-c7e9-4cf8-aacf-72b5a22a0227/datanode-1/data/ratis/420bfb23-c3fd-49ca-a447-ab54fb974fec/current/log_inprogress_0
2019-08-30 03:51:20,241 [Thread-3297] INFO  impl.FollowerState (FollowerState.java:run(106)) - 014d650f-ccff-4dcb-ad60-4ffc816b3ea1:group-032B08030D93 changes to CANDIDATE, lastRpcTime:5192, electionTimeout:5192ms
2019-08-30 03:51:20,242 [Thread-3297] INFO  impl.RoleInfo (RoleInfo.java:shutdownFollowerState(121)) - 014d650f-ccff-4dcb-ad60-4ffc816b3ea1: shutdown FollowerState
2019-08-30 03:51:20,242 [Thread-3297] INFO  impl.RaftServerImpl (RaftServerImpl.java:setRole(171)) - 014d650f-ccff-4dcb-ad60-4ffc816b3ea1:group-032B08030D93 changes role from FOLLOWER to CANDIDATE at term 0 for changeToCandidate
2019-08-30 03:51:20,242 [Thread-3297] INFO  impl.RoleInfo (RoleInfo.java:updateAndGet(143)) - 014d650f-ccff-4dcb-ad60-4ffc816b3ea1: start LeaderElection
2019-08-30 03:51:20,252 [014d650f-ccff-4dcb-ad60-4ffc816b3ea1:group-032B08030D93:LeaderElection62] INFO  impl.LeaderElection (LeaderElection.java:askForVotes(181)) - 014d650f-ccff-4dcb-ad60-4ffc816b3ea1:group-032B08030D93:LeaderElection62: begin an election at term 1 for -1: [014d650f-ccff-4dcb-ad60-4ffc816b3ea1:192.168.157.199:34854], old=null
2019-08-30 03:51:20,252 [014d650f-ccff-4dcb-ad60-4ffc816b3ea1:group-032B08030D93:LeaderElection62] INFO  impl.RoleInfo (RoleInfo.java:shutdownLeaderElection(134)) - 014d650f-ccff-4dcb-ad60-4ffc816b3ea1: shutdown LeaderElection
2019-08-30 03:51:20,252 [014d650f-ccff-4dcb-ad60-4ffc816b3ea1:group-032B08030D93:LeaderElection62] INFO  impl.RaftServerImpl (RaftServerImpl.java:setRole(171)) - 014d650f-ccff-4dcb-ad60-4ffc816b3ea1:group-032B08030D93 changes role from CANDIDATE to LEADER at term 1 for changeToLeader
2019-08-30 03:51:20,252 [014d650f-ccff-4dcb-ad60-4ffc816b3ea1:group-032B08030D93:LeaderElection62] INFO  impl.RaftServerImpl (ServerState.java:setLeader(263)) - 014d650f-ccff-4dcb-ad60-4ffc816b3ea1:group-032B08030D93 change Leader from null to 014d650f-ccff-4dcb-ad60-4ffc816b3ea1 at term 1 for becomeLeader, leader elected after 5208ms
2019-08-30 03:51:20,253 [014d650f-ccff-4dcb-ad60-4ffc816b3ea1:group-032B08030D93:LeaderElection62] INFO  server.RaftServerConfigKeys (ConfUtils.java:logGet(43)) - raft.server.staging.catchup.gap = 1000 (default)
2019-08-30 03:51:20,253 [014d650f-ccff-4dcb-ad60-4ffc816b3ea1:group-032B08030D93:LeaderElection62] INFO  server.RaftServerConfigKeys (ConfUtils.java:logGet(43)) - raft.server.rpc.sleep.time = 25ms (default)
2019-08-30 03:51:20,253 [014d650f-ccff-4dcb-ad60-4ffc816b3ea1:group-032B08030D93:LeaderElection62] INFO  server.RaftServerConfigKeys (ConfUtils.java:logGet(43)) - raft.server.write.element-limit = 4096 (default)
2019-08-30 03:51:20,253 [014d650f-ccff-4dcb-ad60-4ffc816b3ea1:group-032B08030D93:LeaderElection62] INFO  server.RaftServerConfigKeys (ConfUtils.java:logGet(43)) - raft.server.watch.timeout = 10s (default)
2019-08-30 03:51:20,253 [014d650f-ccff-4dcb-ad60-4ffc816b3ea1:group-032B08030D93:LeaderElection62] INFO  server.RaftServerConfigKeys (ConfUtils.java:logGet(43)) - raft.server.watch.timeout.denomination = 1s (default)
2019-08-30 03:51:20,254 [014d650f-ccff-4dcb-ad60-4ffc816b3ea1:group-032B08030D93:LeaderElection62] INFO  server.RaftServerConfigKeys (ConfUtils.java:logGet(43)) - raft.server.watch.element-limit = 65536 (default)
2019-08-30 03:51:20,254 [014d650f-ccff-4dcb-ad60-4ffc816b3ea1:group-032B08030D93:LeaderElection62] INFO  impl.RoleInfo (RoleInfo.java:updateAndGet(143)) - 014d650f-ccff-4dcb-ad60-4ffc816b3ea1: start LeaderState
2019-08-30 03:51:20,254 [014d650f-ccff-4dcb-ad60-4ffc816b3ea1:group-032B08030D93:LeaderElection62] INFO  segmented.SegmentedRaftLogWorker (SegmentedRaftLogWorker.java:startLogSegment(380)) - 014d650f-ccff-4dcb-ad60-4ffc816b3ea1-SegmentedRaftLogWorker:Storage Directory /workdir/hadoop-ozone/integration-test/target/test-dir/MiniOzoneClusterImpl-42edc0d0-c7e9-4cf8-aacf-72b5a22a0227/datanode-0/data/ratis/d7b0cf02-b6dd-42bf-9dc6-032b08030d93: Starting segment from index:0
2019-08-30 03:51:20,254 [014d650f-ccff-4dcb-ad60-4ffc816b3ea1:group-032B08030D93:LeaderElection62] INFO  impl.RaftServerImpl (ServerState.java:setRaftConf(361)) - 014d650f-ccff-4dcb-ad60-4ffc816b3ea1:group-032B08030D93 set configuration 0: [014d650f-ccff-4dcb-ad60-4ffc816b3ea1:192.168.157.199:34854], old=null at 0
2019-08-30 03:51:20,260 | INFO  | SCMAudit | user=jenkins1000 | ip=192.168.157.199 | op=SEND_HEARTBEAT {datanodeUUID=e6d3f6ef-09a3-4172-8a2c-3346e8e7f34e, command=[]} | ret=SUCCESS |  
2019-08-30 03:51:20,283 [Thread-3313] INFO  impl.FollowerState (FollowerState.java:run(106)) - 6b6e8f83-1581-4c4d-859e-6a09185f7f8f:group-D2EACB325F67 changes to CANDIDATE, lastRpcTime:5054, electionTimeout:5054ms
2019-08-30 03:51:20,283 [Thread-3313] INFO  impl.RoleInfo (RoleInfo.java:shutdownFollowerState(121)) - 6b6e8f83-1581-4c4d-859e-6a09185f7f8f: shutdown FollowerState
2019-08-30 03:51:20,283 [Thread-3313] INFO  impl.RaftServerImpl (RaftServerImpl.java:setRole(171)) - 6b6e8f83-1581-4c4d-859e-6a09185f7f8f:group-D2EACB325F67 changes role from FOLLOWER to CANDIDATE at term 0 for changeToCandidate
2019-08-30 03:51:20,283 [Thread-3313] INFO  impl.RoleInfo (RoleInfo.java:updateAndGet(143)) - 6b6e8f83-1581-4c4d-859e-6a09185f7f8f: start LeaderElection
2019-08-30 03:51:20,303 [Thread-3303] INFO  impl.FollowerState (FollowerState.java:run(106)) - 503c132b-b575-4388-b650-2d70ff914a35:group-F62F2527E864 changes to CANDIDATE, lastRpcTime:5161, electionTimeout:5161ms
2019-08-30 03:51:20,303 [Thread-3303] INFO  impl.RoleInfo (RoleInfo.java:shutdownFollowerState(121)) - 503c132b-b575-4388-b650-2d70ff914a35: shutdown FollowerState
2019-08-30 03:51:20,303 [Thread-3303] INFO  impl.RaftServerImpl (RaftServerImpl.java:setRole(171)) - 503c132b-b575-4388-b650-2d70ff914a35:group-F62F2527E864 changes role from FOLLOWER to CANDIDATE at term 0 for changeToCandidate
2019-08-30 03:51:20,303 [Thread-3303] INFO  impl.RoleInfo (RoleInfo.java:updateAndGet(143)) - 503c132b-b575-4388-b650-2d70ff914a35: start LeaderElection
2019-08-30 03:51:20,321 [014d650f-ccff-4dcb-ad60-4ffc816b3ea1-SegmentedRaftLogWorker:Storage Directory /workdir/hadoop-ozone/integration-test/target/test-dir/MiniOzoneClusterImpl-42edc0d0-c7e9-4cf8-aacf-72b5a22a0227/datanode-0/data/ratis/d7b0cf02-b6dd-42bf-9dc6-032b08030d93] INFO  segmented.SegmentedRaftLogWorker (SegmentedRaftLogWorker.java:execute(569)) - 014d650f-ccff-4dcb-ad60-4ffc816b3ea1-SegmentedRaftLogWorker:Storage Directory /workdir/hadoop-ozone/integration-test/target/test-dir/MiniOzoneClusterImpl-42edc0d0-c7e9-4cf8-aacf-72b5a22a0227/datanode-0/data/ratis/d7b0cf02-b6dd-42bf-9dc6-032b08030d93: created new log segment /workdir/hadoop-ozone/integration-test/target/test-dir/MiniOzoneClusterImpl-42edc0d0-c7e9-4cf8-aacf-72b5a22a0227/datanode-0/data/ratis/d7b0cf02-b6dd-42bf-9dc6-032b08030d93/current/log_inprogress_0
2019-08-30 03:51:20,321 [6b6e8f83-1581-4c4d-859e-6a09185f7f8f:group-D2EACB325F67:LeaderElection63] INFO  impl.LeaderElection (LeaderElection.java:askForVotes(181)) - 6b6e8f83-1581-4c4d-859e-6a09185f7f8f:group-D2EACB325F67:LeaderElection63: begin an election at term 1 for -1: [014d650f-ccff-4dcb-ad60-4ffc816b3ea1:192.168.157.199:34854, 6b6e8f83-1581-4c4d-859e-6a09185f7f8f:192.168.157.199:33199, 34a22de4-3e24-4541-99bd-6e7cf7aa3a5e:192.168.157.199:43669], old=null
2019-08-30 03:51:20,321 | INFO  | SCMAudit | user=jenkins1000 | ip=192.168.157.199 | op=SEND_HEARTBEAT {datanodeUUID=fffb68e7-bc7b-4433-8df5-958ad16b5811, command=[]} | ret=SUCCESS |  
2019-08-30 03:51:20,325 [grpc-default-executor-3] INFO  impl.RaftServerImpl (RaftServerImpl.java:setRole(171)) - 014d650f-ccff-4dcb-ad60-4ffc816b3ea1:group-D2EACB325F67 changes role from FOLLOWER to FOLLOWER at term 1 for recognizeCandidate:6b6e8f83-1581-4c4d-859e-6a09185f7f8f
2019-08-30 03:51:20,325 [grpc-default-executor-5] INFO  impl.RaftServerImpl (RaftServerImpl.java:setRole(171)) - 34a22de4-3e24-4541-99bd-6e7cf7aa3a5e:group-D2EACB325F67 changes role from FOLLOWER to FOLLOWER at term 1 for recognizeCandidate:6b6e8f83-1581-4c4d-859e-6a09185f7f8f
2019-08-30 03:51:20,325 [grpc-default-executor-3] INFO  impl.RoleInfo (RoleInfo.java:shutdownFollowerState(121)) - 014d650f-ccff-4dcb-ad60-4ffc816b3ea1: shutdown FollowerState
2019-08-30 03:51:20,325 [grpc-default-executor-5] INFO  impl.RoleInfo (RoleInfo.java:shutdownFollowerState(121)) - 34a22de4-3e24-4541-99bd-6e7cf7aa3a5e: shutdown FollowerState
2019-08-30 03:51:20,326 [grpc-default-executor-3] INFO  impl.RoleInfo (RoleInfo.java:updateAndGet(143)) - 014d650f-ccff-4dcb-ad60-4ffc816b3ea1: start FollowerState
2019-08-30 03:51:20,326 [Thread-3309] INFO  impl.FollowerState (FollowerState.java:run(114)) - 34a22de4-3e24-4541-99bd-6e7cf7aa3a5e: FollowerState was interrupted: java.lang.InterruptedException: sleep interrupted
2019-08-30 03:51:20,326 [Thread-3314] INFO  impl.FollowerState (FollowerState.java:run(114)) - 014d650f-ccff-4dcb-ad60-4ffc816b3ea1: FollowerState was interrupted: java.lang.InterruptedException: sleep interrupted
2019-08-30 03:51:20,326 [grpc-default-executor-5] INFO  impl.RoleInfo (RoleInfo.java:updateAndGet(143)) - 34a22de4-3e24-4541-99bd-6e7cf7aa3a5e: start FollowerState
2019-08-30 03:51:20,329 [Thread-3306] INFO  impl.FollowerState (FollowerState.java:run(106)) - 6b6e8f83-1581-4c4d-859e-6a09185f7f8f:group-03B3489E28BF changes to CANDIDATE, lastRpcTime:5143, electionTimeout:5142ms
2019-08-30 03:51:20,331 [Thread-3306] INFO  impl.RoleInfo (RoleInfo.java:shutdownFollowerState(121)) - 6b6e8f83-1581-4c4d-859e-6a09185f7f8f: shutdown FollowerState
2019-08-30 03:51:20,331 [Thread-3306] INFO  impl.RaftServerImpl (RaftServerImpl.java:setRole(171)) - 6b6e8f83-1581-4c4d-859e-6a09185f7f8f:group-03B3489E28BF changes role from FOLLOWER to CANDIDATE at term 0 for changeToCandidate
2019-08-30 03:51:20,331 [Thread-3306] INFO  impl.RoleInfo (RoleInfo.java:updateAndGet(143)) - 6b6e8f83-1581-4c4d-859e-6a09185f7f8f: start LeaderElection
2019-08-30 03:51:20,346 [503c132b-b575-4388-b650-2d70ff914a35:group-F62F2527E864:LeaderElection64] INFO  impl.LeaderElection (LeaderElection.java:askForVotes(181)) - 503c132b-b575-4388-b650-2d70ff914a35:group-F62F2527E864:LeaderElection64: begin an election at term 1 for -1: [503c132b-b575-4388-b650-2d70ff914a35:192.168.157.199:39683], old=null
2019-08-30 03:51:20,346 [503c132b-b575-4388-b650-2d70ff914a35:group-F62F2527E864:LeaderElection64] INFO  impl.RoleInfo (RoleInfo.java:shutdownLeaderElection(134)) - 503c132b-b575-4388-b650-2d70ff914a35: shutdown LeaderElection
2019-08-30 03:51:20,346 [503c132b-b575-4388-b650-2d70ff914a35:group-F62F2527E864:LeaderElection64] INFO  impl.RaftServerImpl (RaftServerImpl.java:setRole(171)) - 503c132b-b575-4388-b650-2d70ff914a35:group-F62F2527E864 changes role from CANDIDATE to LEADER at term 1 for changeToLeader
2019-08-30 03:51:20,346 [503c132b-b575-4388-b650-2d70ff914a35:group-F62F2527E864:LeaderElection64] INFO  impl.RaftServerImpl (ServerState.java:setLeader(263)) - 503c132b-b575-4388-b650-2d70ff914a35:group-F62F2527E864 change Leader from null to 503c132b-b575-4388-b650-2d70ff914a35 at term 1 for becomeLeader, leader elected after 5207ms
2019-08-30 03:51:20,346 [503c132b-b575-4388-b650-2d70ff914a35:group-F62F2527E864:LeaderElection64] INFO  server.RaftServerConfigKeys (ConfUtils.java:logGet(43)) - raft.server.staging.catchup.gap = 1000 (default)
2019-08-30 03:51:20,350 [6b6e8f83-1581-4c4d-859e-6a09185f7f8f:group-03B3489E28BF:LeaderElection65] INFO  impl.LeaderElection (LeaderElection.java:askForVotes(181)) - 6b6e8f83-1581-4c4d-859e-6a09185f7f8f:group-03B3489E28BF:LeaderElection65: begin an election at term 1 for -1: [6b6e8f83-1581-4c4d-859e-6a09185f7f8f:192.168.157.199:33199], old=null
2019-08-30 03:51:20,350 [503c132b-b575-4388-b650-2d70ff914a35:group-F62F2527E864:LeaderElection64] INFO  server.RaftServerConfigKeys (ConfUtils.java:logGet(43)) - raft.server.rpc.sleep.time = 25ms (default)
2019-08-30 03:51:20,350 [6b6e8f83-1581-4c4d-859e-6a09185f7f8f:group-03B3489E28BF:LeaderElection65] INFO  impl.RoleInfo (RoleInfo.java:shutdownLeaderElection(134)) - 6b6e8f83-1581-4c4d-859e-6a09185f7f8f: shutdown LeaderElection
2019-08-30 03:51:20,350 [503c132b-b575-4388-b650-2d70ff914a35:group-F62F2527E864:LeaderElection64] INFO  server.RaftServerConfigKeys (ConfUtils.java:logGet(43)) - raft.server.write.element-limit = 4096 (default)
2019-08-30 03:51:20,350 [6b6e8f83-1581-4c4d-859e-6a09185f7f8f:group-D2EACB325F67:LeaderElection63] INFO  impl.LeaderElection (LeaderElection.java:logAndReturn(56)) - 6b6e8f83-1581-4c4d-859e-6a09185f7f8f:group-D2EACB325F67:LeaderElection63: Election PASSED; received 1 response(s) [6b6e8f83-1581-4c4d-859e-6a09185f7f8f<-34a22de4-3e24-4541-99bd-6e7cf7aa3a5e#0:OK-t1] and 0 exception(s); 6b6e8f83-1581-4c4d-859e-6a09185f7f8f:t1, leader=null, voted=6b6e8f83-1581-4c4d-859e-6a09185f7f8f, raftlog=6b6e8f83-1581-4c4d-859e-6a09185f7f8f-SegmentedRaftLog:OPENED:c-1,f-1,i0, conf=-1: [014d650f-ccff-4dcb-ad60-4ffc816b3ea1:192.168.157.199:34854, 6b6e8f83-1581-4c4d-859e-6a09185f7f8f:192.168.157.199:33199, 34a22de4-3e24-4541-99bd-6e7cf7aa3a5e:192.168.157.199:43669], old=null
2019-08-30 03:51:20,351 [503c132b-b575-4388-b650-2d70ff914a35:group-F62F2527E864:LeaderElection64] INFO  server.RaftServerConfigKeys (ConfUtils.java:logGet(43)) - raft.server.watch.timeout = 10s (default)
2019-08-30 03:51:20,350 [6b6e8f83-1581-4c4d-859e-6a09185f7f8f:group-03B3489E28BF:LeaderElection65] INFO  impl.RaftServerImpl (RaftServerImpl.java:setRole(171)) - 6b6e8f83-1581-4c4d-859e-6a09185f7f8f:group-03B3489E28BF changes role from CANDIDATE to LEADER at term 1 for changeToLeader
2019-08-30 03:51:20,351 [503c132b-b575-4388-b650-2d70ff914a35:group-F62F2527E864:LeaderElection64] INFO  server.RaftServerConfigKeys (ConfUtils.java:logGet(43)) - raft.server.watch.timeout.denomination = 1s (default)
2019-08-30 03:51:20,351 [503c132b-b575-4388-b650-2d70ff914a35:group-F62F2527E864:LeaderElection64] INFO  server.RaftServerConfigKeys (ConfUtils.java:logGet(43)) - raft.server.watch.element-limit = 65536 (default)
2019-08-30 03:51:20,351 [6b6e8f83-1581-4c4d-859e-6a09185f7f8f:group-D2EACB325F67:LeaderElection63] INFO  impl.RoleInfo (RoleInfo.java:shutdownLeaderElection(134)) - 6b6e8f83-1581-4c4d-859e-6a09185f7f8f: shutdown LeaderElection
2019-08-30 03:51:20,351 [503c132b-b575-4388-b650-2d70ff914a35:group-F62F2527E864:LeaderElection64] INFO  impl.RoleInfo (RoleInfo.java:updateAndGet(143)) - 503c132b-b575-4388-b650-2d70ff914a35: start LeaderState
2019-08-30 03:51:20,351 [6b6e8f83-1581-4c4d-859e-6a09185f7f8f:group-03B3489E28BF:LeaderElection65] INFO  impl.RaftServerImpl (ServerState.java:setLeader(263)) - 6b6e8f83-1581-4c4d-859e-6a09185f7f8f:group-03B3489E28BF change Leader from null to 6b6e8f83-1581-4c4d-859e-6a09185f7f8f at term 1 for becomeLeader, leader elected after 5168ms
2019-08-30 03:51:20,351 [6b6e8f83-1581-4c4d-859e-6a09185f7f8f:group-D2EACB325F67:LeaderElection63] INFO  impl.RaftServerImpl (RaftServerImpl.java:setRole(171)) - 6b6e8f83-1581-4c4d-859e-6a09185f7f8f:group-D2EACB325F67 changes role from CANDIDATE to LEADER at term 1 for changeToLeader
2019-08-30 03:51:20,352 [503c132b-b575-4388-b650-2d70ff914a35:group-F62F2527E864:LeaderElection64] INFO  segmented.SegmentedRaftLogWorker (SegmentedRaftLogWorker.java:startLogSegment(380)) - 503c132b-b575-4388-b650-2d70ff914a35-SegmentedRaftLogWorker:Storage Directory /workdir/hadoop-ozone/integration-test/target/test-dir/MiniOzoneClusterImpl-42edc0d0-c7e9-4cf8-aacf-72b5a22a0227/datanode-2/data/ratis/e622c0b1-71ae-4f97-81de-f62f2527e864: Starting segment from index:0
2019-08-30 03:51:20,352 [6b6e8f83-1581-4c4d-859e-6a09185f7f8f:group-03B3489E28BF:LeaderElection65] INFO  server.RaftServerConfigKeys (ConfUtils.java:logGet(43)) - raft.server.staging.catchup.gap = 1000 (default)
2019-08-30 03:51:20,352 [6b6e8f83-1581-4c4d-859e-6a09185f7f8f:group-D2EACB325F67:LeaderElection63] INFO  impl.RaftServerImpl (ServerState.java:setLeader(263)) - 6b6e8f83-1581-4c4d-859e-6a09185f7f8f:group-D2EACB325F67 change Leader from null to 6b6e8f83-1581-4c4d-859e-6a09185f7f8f at term 1 for becomeLeader, leader elected after 5136ms
2019-08-30 03:51:20,352 [503c132b-b575-4388-b650-2d70ff914a35:group-F62F2527E864:LeaderElection64] INFO  impl.RaftServerImpl (ServerState.java:setRaftConf(361)) - 503c132b-b575-4388-b650-2d70ff914a35:group-F62F2527E864 set configuration 0: [503c132b-b575-4388-b650-2d70ff914a35:192.168.157.199:39683], old=null at 0
2019-08-30 03:51:20,352 [6b6e8f83-1581-4c4d-859e-6a09185f7f8f:group-03B3489E28BF:LeaderElection65] INFO  server.RaftServerConfigKeys (ConfUtils.java:logGet(43)) - raft.server.rpc.sleep.time = 25ms (default)
2019-08-30 03:51:20,352 [6b6e8f83-1581-4c4d-859e-6a09185f7f8f:group-D2EACB325F67:LeaderElection63] INFO  server.RaftServerConfigKeys (ConfUtils.java:logGet(43)) - raft.server.staging.catchup.gap = 1000 (default)
2019-08-30 03:51:20,393 [6b6e8f83-1581-4c4d-859e-6a09185f7f8f:group-03B3489E28BF:LeaderElection65] INFO  server.RaftServerConfigKeys (ConfUtils.java:logGet(43)) - raft.server.write.element-limit = 4096 (default)
2019-08-30 03:51:20,393 [6b6e8f83-1581-4c4d-859e-6a09185f7f8f:group-D2EACB325F67:LeaderElection63] INFO  server.RaftServerConfigKeys (ConfUtils.java:logGet(43)) - raft.server.rpc.sleep.time = 25ms (default)
2019-08-30 03:51:20,394 [6b6e8f83-1581-4c4d-859e-6a09185f7f8f:group-03B3489E28BF:LeaderElection65] INFO  server.RaftServerConfigKeys (ConfUtils.java:logGet(43)) - raft.server.watch.timeout = 10s (default)
2019-08-30 03:51:20,394 [6b6e8f83-1581-4c4d-859e-6a09185f7f8f:group-D2EACB325F67:LeaderElection63] INFO  server.RaftServerConfigKeys (ConfUtils.java:logGet(43)) - raft.server.write.element-limit = 4096 (default)
2019-08-30 03:51:20,394 [6b6e8f83-1581-4c4d-859e-6a09185f7f8f:group-03B3489E28BF:LeaderElection65] INFO  server.RaftServerConfigKeys (ConfUtils.java:logGet(43)) - raft.server.watch.timeout.denomination = 1s (default)
2019-08-30 03:51:20,394 [6b6e8f83-1581-4c4d-859e-6a09185f7f8f:group-D2EACB325F67:LeaderElection63] INFO  server.RaftServerConfigKeys (ConfUtils.java:logGet(43)) - raft.server.watch.timeout = 10s (default)
2019-08-30 03:51:20,394 [6b6e8f83-1581-4c4d-859e-6a09185f7f8f:group-03B3489E28BF:LeaderElection65] INFO  server.RaftServerConfigKeys (ConfUtils.java:logGet(43)) - raft.server.watch.element-limit = 65536 (default)
2019-08-30 03:51:20,394 [6b6e8f83-1581-4c4d-859e-6a09185f7f8f:group-D2EACB325F67:LeaderElection63] INFO  server.RaftServerConfigKeys (ConfUtils.java:logGet(43)) - raft.server.watch.timeout.denomination = 1s (default)
2019-08-30 03:51:20,394 [6b6e8f83-1581-4c4d-859e-6a09185f7f8f:group-D2EACB325F67:LeaderElection63] INFO  server.RaftServerConfigKeys (ConfUtils.java:logGet(43)) - raft.server.watch.element-limit = 65536 (default)
2019-08-30 03:51:20,394 [6b6e8f83-1581-4c4d-859e-6a09185f7f8f:group-03B3489E28BF:LeaderElection65] INFO  impl.RoleInfo (RoleInfo.java:updateAndGet(143)) - 6b6e8f83-1581-4c4d-859e-6a09185f7f8f: start LeaderState
2019-08-30 03:51:20,395 [6b6e8f83-1581-4c4d-859e-6a09185f7f8f:group-D2EACB325F67:LeaderElection63] INFO  server.RaftServerConfigKeys (ConfUtils.java:logGet(43)) - raft.server.log.appender.snapshot.chunk.size.max = 16MB (=16777216) (default)
2019-08-30 03:51:20,395 [6b6e8f83-1581-4c4d-859e-6a09185f7f8f:group-03B3489E28BF:LeaderElection65] INFO  segmented.SegmentedRaftLogWorker (SegmentedRaftLogWorker.java:startLogSegment(380)) - 6b6e8f83-1581-4c4d-859e-6a09185f7f8f-SegmentedRaftLogWorker:Storage Directory /workdir/hadoop-ozone/integration-test/target/test-dir/MiniOzoneClusterImpl-42edc0d0-c7e9-4cf8-aacf-72b5a22a0227/datanode-3/data/ratis/e086ffd0-8b7e-4d6e-a8c3-03b3489e28bf: Starting segment from index:0
2019-08-30 03:51:20,395 [6b6e8f83-1581-4c4d-859e-6a09185f7f8f:group-D2EACB325F67:LeaderElection63] INFO  server.RaftServerConfigKeys (ConfUtils.java:logGet(43)) - raft.server.log.appender.buffer.byte-limit = 33554432 (custom)
2019-08-30 03:51:20,395 [6b6e8f83-1581-4c4d-859e-6a09185f7f8f:group-D2EACB325F67:LeaderElection63] INFO  server.RaftServerConfigKeys (ConfUtils.java:logGet(43)) - raft.server.log.appender.buffer.element-limit = 1 (custom)
2019-08-30 03:51:20,395 [6b6e8f83-1581-4c4d-859e-6a09185f7f8f:group-03B3489E28BF:LeaderElection65] INFO  impl.RaftServerImpl (ServerState.java:setRaftConf(361)) - 6b6e8f83-1581-4c4d-859e-6a09185f7f8f:group-03B3489E28BF set configuration 0: [6b6e8f83-1581-4c4d-859e-6a09185f7f8f:192.168.157.199:33199], old=null at 0
2019-08-30 03:51:20,395 [6b6e8f83-1581-4c4d-859e-6a09185f7f8f:group-D2EACB325F67:LeaderElection63] INFO  grpc.GrpcConfigKeys$Server (ConfUtils.java:logGet(43)) - raft.grpc.server.leader.outstanding.appends.max = 128 (default)
2019-08-30 03:51:20,426 [503c132b-b575-4388-b650-2d70ff914a35-SegmentedRaftLogWorker:Storage Directory /workdir/hadoop-ozone/integration-test/target/test-dir/MiniOzoneClusterImpl-42edc0d0-c7e9-4cf8-aacf-72b5a22a0227/datanode-2/data/ratis/e622c0b1-71ae-4f97-81de-f62f2527e864] INFO  segmented.SegmentedRaftLogWorker (SegmentedRaftLogWorker.java:execute(569)) - 503c132b-b575-4388-b650-2d70ff914a35-SegmentedRaftLogWorker:Storage Directory /workdir/hadoop-ozone/integration-test/target/test-dir/MiniOzoneClusterImpl-42edc0d0-c7e9-4cf8-aacf-72b5a22a0227/datanode-2/data/ratis/e622c0b1-71ae-4f97-81de-f62f2527e864: created new log segment /workdir/hadoop-ozone/integration-test/target/test-dir/MiniOzoneClusterImpl-42edc0d0-c7e9-4cf8-aacf-72b5a22a0227/datanode-2/data/ratis/e622c0b1-71ae-4f97-81de-f62f2527e864/current/log_inprogress_0
2019-08-30 03:51:20,426 [Thread-3318] INFO  impl.FollowerState (FollowerState.java:run(106)) - d899c6ae-90ec-446d-94b3-997285126f36:group-87BBF8570D65 changes to CANDIDATE, lastRpcTime:5133, electionTimeout:5117ms
2019-08-30 03:51:20,426 [6b6e8f83-1581-4c4d-859e-6a09185f7f8f:group-D2EACB325F67:LeaderElection63] INFO  server.RaftServerConfigKeys (ConfUtils.java:logGet(43)) - raft.server.rpc.request.timeout = 3000ms (default)
2019-08-30 03:51:20,427 [Thread-3318] INFO  impl.RoleInfo (RoleInfo.java:shutdownFollowerState(121)) - d899c6ae-90ec-446d-94b3-997285126f36: shutdown FollowerState
2019-08-30 03:51:20,427 [Thread-3318] INFO  impl.RaftServerImpl (RaftServerImpl.java:setRole(171)) - d899c6ae-90ec-446d-94b3-997285126f36:group-87BBF8570D65 changes role from FOLLOWER to CANDIDATE at term 0 for changeToCandidate
2019-08-30 03:51:20,427 [6b6e8f83-1581-4c4d-859e-6a09185f7f8f:group-D2EACB325F67:LeaderElection63] INFO  server.RaftServerConfigKeys (ConfUtils.java:logGet(43)) - raft.server.log.appender.install.snapshot.enabled = false (custom)
2019-08-30 03:51:20,427 [Thread-3318] INFO  impl.RoleInfo (RoleInfo.java:updateAndGet(143)) - d899c6ae-90ec-446d-94b3-997285126f36: start LeaderElection
2019-08-30 03:51:20,427 [6b6e8f83-1581-4c4d-859e-6a09185f7f8f:group-D2EACB325F67:LeaderElection63] INFO  server.RaftServerConfigKeys (ConfUtils.java:logGet(43)) - raft.server.log.appender.snapshot.chunk.size.max = 16MB (=16777216) (default)
2019-08-30 03:51:20,429 [6b6e8f83-1581-4c4d-859e-6a09185f7f8f:group-D2EACB325F67:LeaderElection63] INFO  server.RaftServerConfigKeys (ConfUtils.java:logGet(43)) - raft.server.log.appender.buffer.byte-limit = 33554432 (custom)
2019-08-30 03:51:20,430 [6b6e8f83-1581-4c4d-859e-6a09185f7f8f-SegmentedRaftLogWorker:Storage Directory /workdir/hadoop-ozone/integration-test/target/test-dir/MiniOzoneClusterImpl-42edc0d0-c7e9-4cf8-aacf-72b5a22a0227/datanode-3/data/ratis/e086ffd0-8b7e-4d6e-a8c3-03b3489e28bf] INFO  segmented.SegmentedRaftLogWorker (SegmentedRaftLogWorker.java:execute(569)) - 6b6e8f83-1581-4c4d-859e-6a09185f7f8f-SegmentedRaftLogWorker:Storage Directory /workdir/hadoop-ozone/integration-test/target/test-dir/MiniOzoneClusterImpl-42edc0d0-c7e9-4cf8-aacf-72b5a22a0227/datanode-3/data/ratis/e086ffd0-8b7e-4d6e-a8c3-03b3489e28bf: created new log segment /workdir/hadoop-ozone/integration-test/target/test-dir/MiniOzoneClusterImpl-42edc0d0-c7e9-4cf8-aacf-72b5a22a0227/datanode-3/data/ratis/e086ffd0-8b7e-4d6e-a8c3-03b3489e28bf/current/log_inprogress_0
2019-08-30 03:51:20,431 [6b6e8f83-1581-4c4d-859e-6a09185f7f8f:group-D2EACB325F67:LeaderElection63] INFO  server.RaftServerConfigKeys (ConfUtils.java:logGet(43)) - raft.server.log.appender.buffer.element-limit = 1 (custom)
2019-08-30 03:51:20,431 [6b6e8f83-1581-4c4d-859e-6a09185f7f8f:group-D2EACB325F67:LeaderElection63] INFO  grpc.GrpcConfigKeys$Server (ConfUtils.java:logGet(43)) - raft.grpc.server.leader.outstanding.appends.max = 128 (default)
2019-08-30 03:51:20,431 [6b6e8f83-1581-4c4d-859e-6a09185f7f8f:group-D2EACB325F67:LeaderElection63] INFO  server.RaftServerConfigKeys (ConfUtils.java:logGet(43)) - raft.server.rpc.request.timeout = 3000ms (default)
2019-08-30 03:51:20,431 [6b6e8f83-1581-4c4d-859e-6a09185f7f8f:group-D2EACB325F67:LeaderElection63] INFO  server.RaftServerConfigKeys (ConfUtils.java:logGet(43)) - raft.server.log.appender.install.snapshot.enabled = false (custom)
2019-08-30 03:51:20,432 [6b6e8f83-1581-4c4d-859e-6a09185f7f8f:group-D2EACB325F67:LeaderElection63] INFO  impl.RoleInfo (RoleInfo.java:updateAndGet(143)) - 6b6e8f83-1581-4c4d-859e-6a09185f7f8f: start LeaderState
2019-08-30 03:51:20,432 [6b6e8f83-1581-4c4d-859e-6a09185f7f8f:group-D2EACB325F67:LeaderElection63] INFO  segmented.SegmentedRaftLogWorker (SegmentedRaftLogWorker.java:startLogSegment(380)) - 6b6e8f83-1581-4c4d-859e-6a09185f7f8f-SegmentedRaftLogWorker:Storage Directory /workdir/hadoop-ozone/integration-test/target/test-dir/MiniOzoneClusterImpl-42edc0d0-c7e9-4cf8-aacf-72b5a22a0227/datanode-3/data/ratis/ddbfc6ee-af5e-459a-90a9-d2eacb325f67: Starting segment from index:0
2019-08-30 03:51:20,433 [6b6e8f83-1581-4c4d-859e-6a09185f7f8f:group-D2EACB325F67:LeaderElection63] INFO  impl.RaftServerImpl (ServerState.java:setRaftConf(361)) - 6b6e8f83-1581-4c4d-859e-6a09185f7f8f:group-D2EACB325F67 set configuration 0: [014d650f-ccff-4dcb-ad60-4ffc816b3ea1:192.168.157.199:34854, 6b6e8f83-1581-4c4d-859e-6a09185f7f8f:192.168.157.199:33199, 34a22de4-3e24-4541-99bd-6e7cf7aa3a5e:192.168.157.199:43669], old=null at 0
2019-08-30 03:51:20,468 [d899c6ae-90ec-446d-94b3-997285126f36:group-87BBF8570D65:LeaderElection66] INFO  impl.LeaderElection (LeaderElection.java:askForVotes(181)) - d899c6ae-90ec-446d-94b3-997285126f36:group-87BBF8570D65:LeaderElection66: begin an election at term 1 for -1: [d899c6ae-90ec-446d-94b3-997285126f36:192.168.157.199:40289], old=null
2019-08-30 03:51:20,468 [d899c6ae-90ec-446d-94b3-997285126f36:group-87BBF8570D65:LeaderElection66] INFO  impl.RoleInfo (RoleInfo.java:shutdownLeaderElection(134)) - d899c6ae-90ec-446d-94b3-997285126f36: shutdown LeaderElection
2019-08-30 03:51:20,469 [d899c6ae-90ec-446d-94b3-997285126f36:group-87BBF8570D65:LeaderElection66] INFO  impl.RaftServerImpl (RaftServerImpl.java:setRole(171)) - d899c6ae-90ec-446d-94b3-997285126f36:group-87BBF8570D65 changes role from CANDIDATE to LEADER at term 1 for changeToLeader
2019-08-30 03:51:20,469 [d899c6ae-90ec-446d-94b3-997285126f36:group-87BBF8570D65:LeaderElection66] INFO  impl.RaftServerImpl (ServerState.java:setLeader(263)) - d899c6ae-90ec-446d-94b3-997285126f36:group-87BBF8570D65 change Leader from null to d899c6ae-90ec-446d-94b3-997285126f36 at term 1 for becomeLeader, leader elected after 5180ms
2019-08-30 03:51:20,469 [d899c6ae-90ec-446d-94b3-997285126f36:group-87BBF8570D65:LeaderElection66] INFO  server.RaftServerConfigKeys (ConfUtils.java:logGet(43)) - raft.server.staging.catchup.gap = 1000 (default)
2019-08-30 03:51:20,469 [d899c6ae-90ec-446d-94b3-997285126f36:group-87BBF8570D65:LeaderElection66] INFO  server.RaftServerConfigKeys (ConfUtils.java:logGet(43)) - raft.server.rpc.sleep.time = 25ms (default)
2019-08-30 03:51:20,469 [grpc-default-executor-3] INFO  impl.RaftServerImpl (ServerState.java:setLeader(263)) - 014d650f-ccff-4dcb-ad60-4ffc816b3ea1:group-D2EACB325F67 change Leader from null to 6b6e8f83-1581-4c4d-859e-6a09185f7f8f at term 1 for appendEntries, leader elected after 5254ms
2019-08-30 03:51:20,470 [grpc-default-executor-5] INFO  impl.RaftServerImpl (ServerState.java:setLeader(263)) - 34a22de4-3e24-4541-99bd-6e7cf7aa3a5e:group-D2EACB325F67 change Leader from null to 6b6e8f83-1581-4c4d-859e-6a09185f7f8f at term 1 for appendEntries, leader elected after 5254ms
2019-08-30 03:51:20,470 [d899c6ae-90ec-446d-94b3-997285126f36:group-87BBF8570D65:LeaderElection66] INFO  server.RaftServerConfigKeys (ConfUtils.java:logGet(43)) - raft.server.write.element-limit = 4096 (default)
2019-08-30 03:51:20,472 [d899c6ae-90ec-446d-94b3-997285126f36:group-87BBF8570D65:LeaderElection66] INFO  server.RaftServerConfigKeys (ConfUtils.java:logGet(43)) - raft.server.watch.timeout = 10s (default)
2019-08-30 03:51:20,474 [d899c6ae-90ec-446d-94b3-997285126f36:group-87BBF8570D65:LeaderElection66] INFO  server.RaftServerConfigKeys (ConfUtils.java:logGet(43)) - raft.server.watch.timeout.denomination = 1s (default)
2019-08-30 03:51:20,474 [d899c6ae-90ec-446d-94b3-997285126f36:group-87BBF8570D65:LeaderElection66] INFO  server.RaftServerConfigKeys (ConfUtils.java:logGet(43)) - raft.server.watch.element-limit = 65536 (default)
2019-08-30 03:51:20,475 [d899c6ae-90ec-446d-94b3-997285126f36:group-87BBF8570D65:LeaderElection66] INFO  impl.RoleInfo (RoleInfo.java:updateAndGet(143)) - d899c6ae-90ec-446d-94b3-997285126f36: start LeaderState
2019-08-30 03:51:20,475 [d899c6ae-90ec-446d-94b3-997285126f36:group-87BBF8570D65:LeaderElection66] INFO  segmented.SegmentedRaftLogWorker (SegmentedRaftLogWorker.java:startLogSegment(380)) - d899c6ae-90ec-446d-94b3-997285126f36-SegmentedRaftLogWorker:Storage Directory /workdir/hadoop-ozone/integration-test/target/test-dir/MiniOzoneClusterImpl-42edc0d0-c7e9-4cf8-aacf-72b5a22a0227/datanode-4/data/ratis/3fab0e7f-5b62-4fbc-9792-87bbf8570d65: Starting segment from index:0
2019-08-30 03:51:20,478 [Thread-3324] INFO  impl.FollowerState (FollowerState.java:run(106)) - fffb68e7-bc7b-4433-8df5-958ad16b5811:group-929150577D94 changes to CANDIDATE, lastRpcTime:5069, electionTimeout:5068ms
2019-08-30 03:51:20,478 [Thread-3324] INFO  impl.RoleInfo (RoleInfo.java:shutdownFollowerState(121)) - fffb68e7-bc7b-4433-8df5-958ad16b5811: shutdown FollowerState
2019-08-30 03:51:20,478 [d899c6ae-90ec-446d-94b3-997285126f36:group-87BBF8570D65:LeaderElection66] INFO  impl.RaftServerImpl (ServerState.java:setRaftConf(361)) - d899c6ae-90ec-446d-94b3-997285126f36:group-87BBF8570D65 set configuration 0: [d899c6ae-90ec-446d-94b3-997285126f36:192.168.157.199:40289], old=null at 0
2019-08-30 03:51:20,478 [grpc-default-executor-7] INFO  impl.RaftServerImpl (ServerState.java:setRaftConf(361)) - 014d650f-ccff-4dcb-ad60-4ffc816b3ea1:group-D2EACB325F67 set configuration 0: [014d650f-ccff-4dcb-ad60-4ffc816b3ea1:192.168.157.199:34854, 6b6e8f83-1581-4c4d-859e-6a09185f7f8f:192.168.157.199:33199, 34a22de4-3e24-4541-99bd-6e7cf7aa3a5e:192.168.157.199:43669], old=null at 0
2019-08-30 03:51:20,478 [grpc-default-executor-5] INFO  impl.RaftServerImpl (ServerState.java:setRaftConf(361)) - 34a22de4-3e24-4541-99bd-6e7cf7aa3a5e:group-D2EACB325F67 set configuration 0: [014d650f-ccff-4dcb-ad60-4ffc816b3ea1:192.168.157.199:34854, 6b6e8f83-1581-4c4d-859e-6a09185f7f8f:192.168.157.199:33199, 34a22de4-3e24-4541-99bd-6e7cf7aa3a5e:192.168.157.199:43669], old=null at 0
2019-08-30 03:51:20,478 [Thread-3324] INFO  impl.RaftServerImpl (RaftServerImpl.java:setRole(171)) - fffb68e7-bc7b-4433-8df5-958ad16b5811:group-929150577D94 changes role from FOLLOWER to CANDIDATE at term 0 for changeToCandidate
2019-08-30 03:51:20,529 [grpc-default-executor-5] INFO  segmented.SegmentedRaftLogWorker (SegmentedRaftLogWorker.java:startLogSegment(380)) - 34a22de4-3e24-4541-99bd-6e7cf7aa3a5e-SegmentedRaftLogWorker:Storage Directory /workdir/hadoop-ozone/integration-test/target/test-dir/MiniOzoneClusterImpl-42edc0d0-c7e9-4cf8-aacf-72b5a22a0227/datanode-1/data/ratis/ddbfc6ee-af5e-459a-90a9-d2eacb325f67: Starting segment from index:0
2019-08-30 03:51:20,528 [grpc-default-executor-7] INFO  segmented.SegmentedRaftLogWorker (SegmentedRaftLogWorker.java:startLogSegment(380)) - 014d650f-ccff-4dcb-ad60-4ffc816b3ea1-SegmentedRaftLogWorker:Storage Directory /workdir/hadoop-ozone/integration-test/target/test-dir/MiniOzoneClusterImpl-42edc0d0-c7e9-4cf8-aacf-72b5a22a0227/datanode-0/data/ratis/ddbfc6ee-af5e-459a-90a9-d2eacb325f67: Starting segment from index:0
2019-08-30 03:51:20,518 [6b6e8f83-1581-4c4d-859e-6a09185f7f8f-SegmentedRaftLogWorker:Storage Directory /workdir/hadoop-ozone/integration-test/target/test-dir/MiniOzoneClusterImpl-42edc0d0-c7e9-4cf8-aacf-72b5a22a0227/datanode-3/data/ratis/ddbfc6ee-af5e-459a-90a9-d2eacb325f67] INFO  segmented.SegmentedRaftLogWorker (SegmentedRaftLogWorker.java:execute(569)) - 6b6e8f83-1581-4c4d-859e-6a09185f7f8f-SegmentedRaftLogWorker:Storage Directory /workdir/hadoop-ozone/integration-test/target/test-dir/MiniOzoneClusterImpl-42edc0d0-c7e9-4cf8-aacf-72b5a22a0227/datanode-3/data/ratis/ddbfc6ee-af5e-459a-90a9-d2eacb325f67: created new log segment /workdir/hadoop-ozone/integration-test/target/test-dir/MiniOzoneClusterImpl-42edc0d0-c7e9-4cf8-aacf-72b5a22a0227/datanode-3/data/ratis/ddbfc6ee-af5e-459a-90a9-d2eacb325f67/current/log_inprogress_0
2019-08-30 03:51:20,518 [Thread-3321] INFO  impl.FollowerState (FollowerState.java:run(106)) - e6d3f6ef-09a3-4172-8a2c-3346e8e7f34e:group-9BDBC21A939D changes to CANDIDATE, lastRpcTime:5174, electionTimeout:5138ms
2019-08-30 03:51:20,530 [Thread-3321] INFO  impl.RoleInfo (RoleInfo.java:shutdownFollowerState(121)) - e6d3f6ef-09a3-4172-8a2c-3346e8e7f34e: shutdown FollowerState
2019-08-30 03:51:20,530 [Thread-3321] INFO  impl.RaftServerImpl (RaftServerImpl.java:setRole(171)) - e6d3f6ef-09a3-4172-8a2c-3346e8e7f34e:group-9BDBC21A939D changes role from FOLLOWER to CANDIDATE at term 0 for changeToCandidate
2019-08-30 03:51:20,518 [Thread-3333] INFO  impl.FollowerState (FollowerState.java:run(106)) - d899c6ae-90ec-446d-94b3-997285126f36:group-6078FF790FC8 changes to CANDIDATE, lastRpcTime:5023, electionTimeout:5006ms
2019-08-30 03:51:20,530 [Thread-3333] INFO  impl.RoleInfo (RoleInfo.java:shutdownFollowerState(121)) - d899c6ae-90ec-446d-94b3-997285126f36: shutdown FollowerState
2019-08-30 03:51:20,518 [Thread-3327] INFO  impl.FollowerState (FollowerState.java:run(106)) - fffb68e7-bc7b-4433-8df5-958ad16b5811:group-6078FF790FC8 changes to CANDIDATE, lastRpcTime:5028, electionTimeout:5020ms
2019-08-30 03:51:20,531 [Thread-3327] INFO  impl.RoleInfo (RoleInfo.java:shutdownFollowerState(121)) - fffb68e7-bc7b-4433-8df5-958ad16b5811: shutdown FollowerState
2019-08-30 03:51:20,530 [Thread-3333] INFO  impl.RaftServerImpl (RaftServerImpl.java:setRole(171)) - d899c6ae-90ec-446d-94b3-997285126f36:group-6078FF790FC8 changes role from FOLLOWER to CANDIDATE at term 0 for changeToCandidate
2019-08-30 03:51:20,530 [d899c6ae-90ec-446d-94b3-997285126f36-SegmentedRaftLogWorker:Storage Directory /workdir/hadoop-ozone/integration-test/target/test-dir/MiniOzoneClusterImpl-42edc0d0-c7e9-4cf8-aacf-72b5a22a0227/datanode-4/data/ratis/3fab0e7f-5b62-4fbc-9792-87bbf8570d65] INFO  segmented.SegmentedRaftLogWorker (SegmentedRaftLogWorker.java:execute(569)) - d899c6ae-90ec-446d-94b3-997285126f36-SegmentedRaftLogWorker:Storage Directory /workdir/hadoop-ozone/integration-test/target/test-dir/MiniOzoneClusterImpl-42edc0d0-c7e9-4cf8-aacf-72b5a22a0227/datanode-4/data/ratis/3fab0e7f-5b62-4fbc-9792-87bbf8570d65: created new log segment /workdir/hadoop-ozone/integration-test/target/test-dir/MiniOzoneClusterImpl-42edc0d0-c7e9-4cf8-aacf-72b5a22a0227/datanode-4/data/ratis/3fab0e7f-5b62-4fbc-9792-87bbf8570d65/current/log_inprogress_0
2019-08-30 03:51:20,530 [Thread-3321] INFO  impl.RoleInfo (RoleInfo.java:updateAndGet(143)) - e6d3f6ef-09a3-4172-8a2c-3346e8e7f34e: start LeaderElection
2019-08-30 03:51:20,529 [Thread-3324] INFO  impl.RoleInfo (RoleInfo.java:updateAndGet(143)) - fffb68e7-bc7b-4433-8df5-958ad16b5811: start LeaderElection
2019-08-30 03:51:20,529 [grpc-default-executor-3] INFO  client.GrpcClientProtocolClient (GrpcClientProtocolClient.java:onNext(255)) - client-7C6796E02BFB->d899c6ae-90ec-446d-94b3-997285126f36: receive RaftClientReply:client-7C6796E02BFB->d899c6ae-90ec-446d-94b3-997285126f36@group-6078FF790FC8, cid=168, FAILED org.apache.ratis.protocol.NotLeaderException: Server d899c6ae-90ec-446d-94b3-997285126f36 is not the leader (null). Request must be sent to leader., logIndex=0, commits[d899c6ae-90ec-446d-94b3-997285126f36:c-1]
2019-08-30 03:51:20,531 [Thread-3333] INFO  impl.RoleInfo (RoleInfo.java:updateAndGet(143)) - d899c6ae-90ec-446d-94b3-997285126f36: start LeaderElection
2019-08-30 03:51:20,531 [Thread-3327] INFO  impl.RaftServerImpl (RaftServerImpl.java:setRole(171)) - fffb68e7-bc7b-4433-8df5-958ad16b5811:group-6078FF790FC8 changes role from FOLLOWER to CANDIDATE at term 0 for changeToCandidate
2019-08-30 03:51:20,574 [Thread-3330] INFO  impl.FollowerState (FollowerState.java:run(106)) - 503c132b-b575-4388-b650-2d70ff914a35:group-6078FF790FC8 changes to CANDIDATE, lastRpcTime:5082, electionTimeout:5049ms
2019-08-30 03:51:20,579 [Thread-3327] INFO  impl.RoleInfo (RoleInfo.java:updateAndGet(143)) - fffb68e7-bc7b-4433-8df5-958ad16b5811: start LeaderElection
2019-08-30 03:51:20,580 [Thread-3330] INFO  impl.RoleInfo (RoleInfo.java:shutdownFollowerState(121)) - 503c132b-b575-4388-b650-2d70ff914a35: shutdown FollowerState
2019-08-30 03:51:20,583 [Thread-3330] INFO  impl.RaftServerImpl (RaftServerImpl.java:setRole(171)) - 503c132b-b575-4388-b650-2d70ff914a35:group-6078FF790FC8 changes role from FOLLOWER to CANDIDATE at term 0 for changeToCandidate
2019-08-30 03:51:20,585 [Thread-3330] INFO  impl.RoleInfo (RoleInfo.java:updateAndGet(143)) - 503c132b-b575-4388-b650-2d70ff914a35: start LeaderElection
2019-08-30 03:51:20,588 [34a22de4-3e24-4541-99bd-6e7cf7aa3a5e-SegmentedRaftLogWorker:Storage Directory /workdir/hadoop-ozone/integration-test/target/test-dir/MiniOzoneClusterImpl-42edc0d0-c7e9-4cf8-aacf-72b5a22a0227/datanode-1/data/ratis/ddbfc6ee-af5e-459a-90a9-d2eacb325f67] INFO  segmented.SegmentedRaftLogWorker (SegmentedRaftLogWorker.java:execute(569)) - 34a22de4-3e24-4541-99bd-6e7cf7aa3a5e-SegmentedRaftLogWorker:Storage Directory /workdir/hadoop-ozone/integration-test/target/test-dir/MiniOzoneClusterImpl-42edc0d0-c7e9-4cf8-aacf-72b5a22a0227/datanode-1/data/ratis/ddbfc6ee-af5e-459a-90a9-d2eacb325f67: created new log segment /workdir/hadoop-ozone/integration-test/target/test-dir/MiniOzoneClusterImpl-42edc0d0-c7e9-4cf8-aacf-72b5a22a0227/datanode-1/data/ratis/ddbfc6ee-af5e-459a-90a9-d2eacb325f67/current/log_inprogress_0
2019-08-30 03:51:20,588 [014d650f-ccff-4dcb-ad60-4ffc816b3ea1-SegmentedRaftLogWorker:Storage Directory /workdir/hadoop-ozone/integration-test/target/test-dir/MiniOzoneClusterImpl-42edc0d0-c7e9-4cf8-aacf-72b5a22a0227/datanode-0/data/ratis/ddbfc6ee-af5e-459a-90a9-d2eacb325f67] INFO  segmented.SegmentedRaftLogWorker (SegmentedRaftLogWorker.java:execute(569)) - 014d650f-ccff-4dcb-ad60-4ffc816b3ea1-SegmentedRaftLogWorker:Storage Directory /workdir/hadoop-ozone/integration-test/target/test-dir/MiniOzoneClusterImpl-42edc0d0-c7e9-4cf8-aacf-72b5a22a0227/datanode-0/data/ratis/ddbfc6ee-af5e-459a-90a9-d2eacb325f67: created new log segment /workdir/hadoop-ozone/integration-test/target/test-dir/MiniOzoneClusterImpl-42edc0d0-c7e9-4cf8-aacf-72b5a22a0227/datanode-0/data/ratis/ddbfc6ee-af5e-459a-90a9-d2eacb325f67/current/log_inprogress_0
2019-08-30 03:51:20,613 [503c132b-b575-4388-b650-2d70ff914a35:group-6078FF790FC8:LeaderElection71] INFO  impl.LeaderElection (LeaderElection.java:askForVotes(181)) - 503c132b-b575-4388-b650-2d70ff914a35:group-6078FF790FC8:LeaderElection71: begin an election at term 1 for -1: [d899c6ae-90ec-446d-94b3-997285126f36:192.168.157.199:40289, 503c132b-b575-4388-b650-2d70ff914a35:192.168.157.199:39683, fffb68e7-bc7b-4433-8df5-958ad16b5811:192.168.157.199:46347], old=null
2019-08-30 03:51:20,613 [e6d3f6ef-09a3-4172-8a2c-3346e8e7f34e:group-9BDBC21A939D:LeaderElection68] INFO  impl.LeaderElection (LeaderElection.java:askForVotes(181)) - e6d3f6ef-09a3-4172-8a2c-3346e8e7f34e:group-9BDBC21A939D:LeaderElection68: begin an election at term 1 for -1: [e6d3f6ef-09a3-4172-8a2c-3346e8e7f34e:192.168.157.199:45128], old=null
2019-08-30 03:51:20,613 [fffb68e7-bc7b-4433-8df5-958ad16b5811:group-6078FF790FC8:LeaderElection70] INFO  impl.LeaderElection (LeaderElection.java:askForVotes(181)) - fffb68e7-bc7b-4433-8df5-958ad16b5811:group-6078FF790FC8:LeaderElection70: begin an election at term 1 for -1: [d899c6ae-90ec-446d-94b3-997285126f36:192.168.157.199:40289, 503c132b-b575-4388-b650-2d70ff914a35:192.168.157.199:39683, fffb68e7-bc7b-4433-8df5-958ad16b5811:192.168.157.199:46347], old=null
2019-08-30 03:51:20,613 [d899c6ae-90ec-446d-94b3-997285126f36:group-6078FF790FC8:LeaderElection69] INFO  impl.LeaderElection (LeaderElection.java:askForVotes(181)) - d899c6ae-90ec-446d-94b3-997285126f36:group-6078FF790FC8:LeaderElection69: begin an election at term 1 for -1: [d899c6ae-90ec-446d-94b3-997285126f36:192.168.157.199:40289, 503c132b-b575-4388-b650-2d70ff914a35:192.168.157.199:39683, fffb68e7-bc7b-4433-8df5-958ad16b5811:192.168.157.199:46347], old=null
2019-08-30 03:51:20,613 [fffb68e7-bc7b-4433-8df5-958ad16b5811:group-929150577D94:LeaderElection67] INFO  impl.LeaderElection (LeaderElection.java:askForVotes(181)) - fffb68e7-bc7b-4433-8df5-958ad16b5811:group-929150577D94:LeaderElection67: begin an election at term 1 for -1: [fffb68e7-bc7b-4433-8df5-958ad16b5811:192.168.157.199:46347], old=null
2019-08-30 03:51:20,613 [e6d3f6ef-09a3-4172-8a2c-3346e8e7f34e:group-9BDBC21A939D:LeaderElection68] INFO  impl.RoleInfo (RoleInfo.java:shutdownLeaderElection(134)) - e6d3f6ef-09a3-4172-8a2c-3346e8e7f34e: shutdown LeaderElection
2019-08-30 03:51:20,614 [fffb68e7-bc7b-4433-8df5-958ad16b5811:group-929150577D94:LeaderElection67] INFO  impl.RoleInfo (RoleInfo.java:shutdownLeaderElection(134)) - fffb68e7-bc7b-4433-8df5-958ad16b5811: shutdown LeaderElection
2019-08-30 03:51:20,614 [e6d3f6ef-09a3-4172-8a2c-3346e8e7f34e:group-9BDBC21A939D:LeaderElection68] INFO  impl.RaftServerImpl (RaftServerImpl.java:setRole(171)) - e6d3f6ef-09a3-4172-8a2c-3346e8e7f34e:group-9BDBC21A939D changes role from CANDIDATE to LEADER at term 1 for changeToLeader
2019-08-30 03:51:20,614 [fffb68e7-bc7b-4433-8df5-958ad16b5811:group-929150577D94:LeaderElection67] INFO  impl.RaftServerImpl (RaftServerImpl.java:setRole(171)) - fffb68e7-bc7b-4433-8df5-958ad16b5811:group-929150577D94 changes role from CANDIDATE to LEADER at term 1 for changeToLeader
2019-08-30 03:51:20,614 [e6d3f6ef-09a3-4172-8a2c-3346e8e7f34e:group-9BDBC21A939D:LeaderElection68] INFO  impl.RaftServerImpl (ServerState.java:setLeader(263)) - e6d3f6ef-09a3-4172-8a2c-3346e8e7f34e:group-9BDBC21A939D change Leader from null to e6d3f6ef-09a3-4172-8a2c-3346e8e7f34e at term 1 for becomeLeader, leader elected after 5274ms
2019-08-30 03:51:20,614 [fffb68e7-bc7b-4433-8df5-958ad16b5811:group-929150577D94:LeaderElection67] INFO  impl.RaftServerImpl (ServerState.java:setLeader(263)) - fffb68e7-bc7b-4433-8df5-958ad16b5811:group-929150577D94 change Leader from null to fffb68e7-bc7b-4433-8df5-958ad16b5811 at term 1 for becomeLeader, leader elected after 5211ms
2019-08-30 03:51:20,615 [e6d3f6ef-09a3-4172-8a2c-3346e8e7f34e:group-9BDBC21A939D:LeaderElection68] INFO  server.RaftServerConfigKeys (ConfUtils.java:logGet(43)) - raft.server.staging.catchup.gap = 1000 (default)
2019-08-30 03:51:20,615 [fffb68e7-bc7b-4433-8df5-958ad16b5811:group-929150577D94:LeaderElection67] INFO  server.RaftServerConfigKeys (ConfUtils.java:logGet(43)) - raft.server.staging.catchup.gap = 1000 (default)
2019-08-30 03:51:20,615 [e6d3f6ef-09a3-4172-8a2c-3346e8e7f34e:group-9BDBC21A939D:LeaderElection68] INFO  server.RaftServerConfigKeys (ConfUtils.java:logGet(43)) - raft.server.rpc.sleep.time = 25ms (default)
2019-08-30 03:51:20,615 [fffb68e7-bc7b-4433-8df5-958ad16b5811:group-929150577D94:LeaderElection67] INFO  server.RaftServerConfigKeys (ConfUtils.java:logGet(43)) - raft.server.rpc.sleep.time = 25ms (default)
2019-08-30 03:51:20,615 [e6d3f6ef-09a3-4172-8a2c-3346e8e7f34e:group-9BDBC21A939D:LeaderElection68] INFO  server.RaftServerConfigKeys (ConfUtils.java:logGet(43)) - raft.server.write.element-limit = 4096 (default)
2019-08-30 03:51:20,615 [fffb68e7-bc7b-4433-8df5-958ad16b5811:group-929150577D94:LeaderElection67] INFO  server.RaftServerConfigKeys (ConfUtils.java:logGet(43)) - raft.server.write.element-limit = 4096 (default)
2019-08-30 03:51:20,616 [e6d3f6ef-09a3-4172-8a2c-3346e8e7f34e:group-9BDBC21A939D:LeaderElection68] INFO  server.RaftServerConfigKeys (ConfUtils.java:logGet(43)) - raft.server.watch.timeout = 10s (default)
2019-08-30 03:51:20,616 [fffb68e7-bc7b-4433-8df5-958ad16b5811:group-929150577D94:LeaderElection67] INFO  server.RaftServerConfigKeys (ConfUtils.java:logGet(43)) - raft.server.watch.timeout = 10s (default)
2019-08-30 03:51:20,616 [e6d3f6ef-09a3-4172-8a2c-3346e8e7f34e:group-9BDBC21A939D:LeaderElection68] INFO  server.RaftServerConfigKeys (ConfUtils.java:logGet(43)) - raft.server.watch.timeout.denomination = 1s (default)
2019-08-30 03:51:20,616 [fffb68e7-bc7b-4433-8df5-958ad16b5811:group-929150577D94:LeaderElection67] INFO  server.RaftServerConfigKeys (ConfUtils.java:logGet(43)) - raft.server.watch.timeout.denomination = 1s (default)
2019-08-30 03:51:20,619 [e6d3f6ef-09a3-4172-8a2c-3346e8e7f34e:group-9BDBC21A939D:LeaderElection68] INFO  server.RaftServerConfigKeys (ConfUtils.java:logGet(43)) - raft.server.watch.element-limit = 65536 (default)
2019-08-30 03:51:20,619 [fffb68e7-bc7b-4433-8df5-958ad16b5811:group-929150577D94:LeaderElection67] INFO  server.RaftServerConfigKeys (ConfUtils.java:logGet(43)) - raft.server.watch.element-limit = 65536 (default)
2019-08-30 03:51:20,619 [e6d3f6ef-09a3-4172-8a2c-3346e8e7f34e:group-9BDBC21A939D:LeaderElection68] INFO  impl.RoleInfo (RoleInfo.java:updateAndGet(143)) - e6d3f6ef-09a3-4172-8a2c-3346e8e7f34e: start LeaderState
2019-08-30 03:51:20,619 [fffb68e7-bc7b-4433-8df5-958ad16b5811:group-929150577D94:LeaderElection67] INFO  impl.RoleInfo (RoleInfo.java:updateAndGet(143)) - fffb68e7-bc7b-4433-8df5-958ad16b5811: start LeaderState
2019-08-30 03:51:20,620 [e6d3f6ef-09a3-4172-8a2c-3346e8e7f34e:group-9BDBC21A939D:LeaderElection68] INFO  segmented.SegmentedRaftLogWorker (SegmentedRaftLogWorker.java:startLogSegment(380)) - e6d3f6ef-09a3-4172-8a2c-3346e8e7f34e-SegmentedRaftLogWorker:Storage Directory /workdir/hadoop-ozone/integration-test/target/test-dir/MiniOzoneClusterImpl-42edc0d0-c7e9-4cf8-aacf-72b5a22a0227/datanode-5/data/ratis/f16b0b29-17d8-43f3-81c0-9bdbc21a939d: Starting segment from index:0
2019-08-30 03:51:20,620 [fffb68e7-bc7b-4433-8df5-958ad16b5811:group-929150577D94:LeaderElection67] INFO  segmented.SegmentedRaftLogWorker (SegmentedRaftLogWorker.java:startLogSegment(380)) - fffb68e7-bc7b-4433-8df5-958ad16b5811-SegmentedRaftLogWorker:Storage Directory /workdir/hadoop-ozone/integration-test/target/test-dir/MiniOzoneClusterImpl-42edc0d0-c7e9-4cf8-aacf-72b5a22a0227/datanode-6/data/ratis/41ad54ce-10e7-4e83-ad0a-929150577d94: Starting segment from index:0
2019-08-30 03:51:20,620 [e6d3f6ef-09a3-4172-8a2c-3346e8e7f34e:group-9BDBC21A939D:LeaderElection68] INFO  impl.RaftServerImpl (ServerState.java:setRaftConf(361)) - e6d3f6ef-09a3-4172-8a2c-3346e8e7f34e:group-9BDBC21A939D set configuration 0: [e6d3f6ef-09a3-4172-8a2c-3346e8e7f34e:192.168.157.199:45128], old=null at 0
2019-08-30 03:51:20,621 [fffb68e7-bc7b-4433-8df5-958ad16b5811:group-929150577D94:LeaderElection67] INFO  impl.RaftServerImpl (ServerState.java:setRaftConf(361)) - fffb68e7-bc7b-4433-8df5-958ad16b5811:group-929150577D94 set configuration 0: [fffb68e7-bc7b-4433-8df5-958ad16b5811:192.168.157.199:46347], old=null at 0
2019-08-30 03:51:20,710 [e6d3f6ef-09a3-4172-8a2c-3346e8e7f34e-SegmentedRaftLogWorker:Storage Directory /workdir/hadoop-ozone/integration-test/target/test-dir/MiniOzoneClusterImpl-42edc0d0-c7e9-4cf8-aacf-72b5a22a0227/datanode-5/data/ratis/f16b0b29-17d8-43f3-81c0-9bdbc21a939d] INFO  segmented.SegmentedRaftLogWorker (SegmentedRaftLogWorker.java:execute(569)) - e6d3f6ef-09a3-4172-8a2c-3346e8e7f34e-SegmentedRaftLogWorker:Storage Directory /workdir/hadoop-ozone/integration-test/target/test-dir/MiniOzoneClusterImpl-42edc0d0-c7e9-4cf8-aacf-72b5a22a0227/datanode-5/data/ratis/f16b0b29-17d8-43f3-81c0-9bdbc21a939d: created new log segment /workdir/hadoop-ozone/integration-test/target/test-dir/MiniOzoneClusterImpl-42edc0d0-c7e9-4cf8-aacf-72b5a22a0227/datanode-5/data/ratis/f16b0b29-17d8-43f3-81c0-9bdbc21a939d/current/log_inprogress_0
2019-08-30 03:51:20,720 [503c132b-b575-4388-b650-2d70ff914a35:group-6078FF790FC8:LeaderElection71] INFO  impl.LeaderElection (LeaderElection.java:logAndReturn(56)) - 503c132b-b575-4388-b650-2d70ff914a35:group-6078FF790FC8:LeaderElection71: Election REJECTED; received 2 response(s) [503c132b-b575-4388-b650-2d70ff914a35<-d899c6ae-90ec-446d-94b3-997285126f36#0:FAIL-t1, 503c132b-b575-4388-b650-2d70ff914a35<-fffb68e7-bc7b-4433-8df5-958ad16b5811#0:FAIL-t1] and 0 exception(s); 503c132b-b575-4388-b650-2d70ff914a35:t1, leader=null, voted=503c132b-b575-4388-b650-2d70ff914a35, raftlog=503c132b-b575-4388-b650-2d70ff914a35-SegmentedRaftLog:OPENED:c-1,f-1,i0, conf=-1: [d899c6ae-90ec-446d-94b3-997285126f36:192.168.157.199:40289, 503c132b-b575-4388-b650-2d70ff914a35:192.168.157.199:39683, fffb68e7-bc7b-4433-8df5-958ad16b5811:192.168.157.199:46347], old=null
2019-08-30 03:51:20,720 [503c132b-b575-4388-b650-2d70ff914a35:group-6078FF790FC8:LeaderElection71] INFO  impl.RaftServerImpl (RaftServerImpl.java:setRole(171)) - 503c132b-b575-4388-b650-2d70ff914a35:group-6078FF790FC8 changes role from CANDIDATE to FOLLOWER at term 1 for DISCOVERED_A_NEW_TERM
2019-08-30 03:51:20,723 [fffb68e7-bc7b-4433-8df5-958ad16b5811-SegmentedRaftLogWorker:Storage Directory /workdir/hadoop-ozone/integration-test/target/test-dir/MiniOzoneClusterImpl-42edc0d0-c7e9-4cf8-aacf-72b5a22a0227/datanode-6/data/ratis/41ad54ce-10e7-4e83-ad0a-929150577d94] INFO  segmented.SegmentedRaftLogWorker (SegmentedRaftLogWorker.java:execute(569)) - fffb68e7-bc7b-4433-8df5-958ad16b5811-SegmentedRaftLogWorker:Storage Directory /workdir/hadoop-ozone/integration-test/target/test-dir/MiniOzoneClusterImpl-42edc0d0-c7e9-4cf8-aacf-72b5a22a0227/datanode-6/data/ratis/41ad54ce-10e7-4e83-ad0a-929150577d94: created new log segment /workdir/hadoop-ozone/integration-test/target/test-dir/MiniOzoneClusterImpl-42edc0d0-c7e9-4cf8-aacf-72b5a22a0227/datanode-6/data/ratis/41ad54ce-10e7-4e83-ad0a-929150577d94/current/log_inprogress_0
2019-08-30 03:51:20,723 [503c132b-b575-4388-b650-2d70ff914a35:group-6078FF790FC8:LeaderElection71] INFO  impl.RoleInfo (RoleInfo.java:shutdownLeaderElection(134)) - 503c132b-b575-4388-b650-2d70ff914a35: shutdown LeaderElection
2019-08-30 03:51:20,723 [503c132b-b575-4388-b650-2d70ff914a35:group-6078FF790FC8:LeaderElection71] INFO  impl.RoleInfo (RoleInfo.java:updateAndGet(143)) - 503c132b-b575-4388-b650-2d70ff914a35: start FollowerState
2019-08-30 03:51:20,728 [d899c6ae-90ec-446d-94b3-997285126f36:group-6078FF790FC8:LeaderElection69] INFO  impl.LeaderElection (LeaderElection.java:logAndReturn(56)) - d899c6ae-90ec-446d-94b3-997285126f36:group-6078FF790FC8:LeaderElection69: Election REJECTED; received 2 response(s) [d899c6ae-90ec-446d-94b3-997285126f36<-503c132b-b575-4388-b650-2d70ff914a35#0:FAIL-t1, d899c6ae-90ec-446d-94b3-997285126f36<-fffb68e7-bc7b-4433-8df5-958ad16b5811#0:FAIL-t1] and 0 exception(s); d899c6ae-90ec-446d-94b3-997285126f36:t1, leader=null, voted=d899c6ae-90ec-446d-94b3-997285126f36, raftlog=d899c6ae-90ec-446d-94b3-997285126f36-SegmentedRaftLog:OPENED:c-1,f-1,i0, conf=-1: [d899c6ae-90ec-446d-94b3-997285126f36:192.168.157.199:40289, 503c132b-b575-4388-b650-2d70ff914a35:192.168.157.199:39683, fffb68e7-bc7b-4433-8df5-958ad16b5811:192.168.157.199:46347], old=null
2019-08-30 03:51:20,728 [fffb68e7-bc7b-4433-8df5-958ad16b5811:group-6078FF790FC8:LeaderElection70] INFO  impl.LeaderElection (LeaderElection.java:logAndReturn(56)) - fffb68e7-bc7b-4433-8df5-958ad16b5811:group-6078FF790FC8:LeaderElection70: Election REJECTED; received 2 response(s) [fffb68e7-bc7b-4433-8df5-958ad16b5811<-d899c6ae-90ec-446d-94b3-997285126f36#0:FAIL-t1, fffb68e7-bc7b-4433-8df5-958ad16b5811<-503c132b-b575-4388-b650-2d70ff914a35#0:FAIL-t1] and 0 exception(s); fffb68e7-bc7b-4433-8df5-958ad16b5811:t1, leader=null, voted=fffb68e7-bc7b-4433-8df5-958ad16b5811, raftlog=fffb68e7-bc7b-4433-8df5-958ad16b5811-SegmentedRaftLog:OPENED:c-1,f-1,i0, conf=-1: [d899c6ae-90ec-446d-94b3-997285126f36:192.168.157.199:40289, 503c132b-b575-4388-b650-2d70ff914a35:192.168.157.199:39683, fffb68e7-bc7b-4433-8df5-958ad16b5811:192.168.157.199:46347], old=null
2019-08-30 03:51:20,728 [d899c6ae-90ec-446d-94b3-997285126f36:group-6078FF790FC8:LeaderElection69] INFO  impl.RaftServerImpl (RaftServerImpl.java:setRole(171)) - d899c6ae-90ec-446d-94b3-997285126f36:group-6078FF790FC8 changes role from CANDIDATE to FOLLOWER at term 1 for DISCOVERED_A_NEW_TERM
2019-08-30 03:51:20,728 [fffb68e7-bc7b-4433-8df5-958ad16b5811:group-6078FF790FC8:LeaderElection70] INFO  impl.RaftServerImpl (RaftServerImpl.java:setRole(171)) - fffb68e7-bc7b-4433-8df5-958ad16b5811:group-6078FF790FC8 changes role from CANDIDATE to FOLLOWER at term 1 for DISCOVERED_A_NEW_TERM
2019-08-30 03:51:20,728 [d899c6ae-90ec-446d-94b3-997285126f36:group-6078FF790FC8:LeaderElection69] INFO  impl.RoleInfo (RoleInfo.java:shutdownLeaderElection(134)) - d899c6ae-90ec-446d-94b3-997285126f36: shutdown LeaderElection
2019-08-30 03:51:20,729 [fffb68e7-bc7b-4433-8df5-958ad16b5811:group-6078FF790FC8:LeaderElection70] INFO  impl.RoleInfo (RoleInfo.java:shutdownLeaderElection(134)) - fffb68e7-bc7b-4433-8df5-958ad16b5811: shutdown LeaderElection
2019-08-30 03:51:20,729 [d899c6ae-90ec-446d-94b3-997285126f36:group-6078FF790FC8:LeaderElection69] INFO  impl.RoleInfo (RoleInfo.java:updateAndGet(143)) - d899c6ae-90ec-446d-94b3-997285126f36: start FollowerState
2019-08-30 03:51:20,729 [fffb68e7-bc7b-4433-8df5-958ad16b5811:group-6078FF790FC8:LeaderElection70] INFO  impl.RoleInfo (RoleInfo.java:updateAndGet(143)) - fffb68e7-bc7b-4433-8df5-958ad16b5811: start FollowerState
2019-08-30 03:51:20,958 | INFO  | SCMAudit | user=jenkins1000 | ip=192.168.157.199 | op=SEND_HEARTBEAT {datanodeUUID=014d650f-ccff-4dcb-ad60-4ffc816b3ea1, command=[]} | ret=SUCCESS |  
2019-08-30 03:51:21,020 | INFO  | SCMAudit | user=jenkins1000 | ip=192.168.157.199 | op=SEND_HEARTBEAT {datanodeUUID=34a22de4-3e24-4541-99bd-6e7cf7aa3a5e, command=[]} | ret=SUCCESS |  
2019-08-30 03:51:21,080 | INFO  | SCMAudit | user=jenkins1000 | ip=192.168.157.199 | op=SEND_HEARTBEAT {datanodeUUID=503c132b-b575-4388-b650-2d70ff914a35, command=[]} | ret=SUCCESS |  
2019-08-30 03:51:21,137 | INFO  | SCMAudit | user=jenkins1000 | ip=192.168.157.199 | op=SEND_HEARTBEAT {datanodeUUID=6b6e8f83-1581-4c4d-859e-6a09185f7f8f, command=[]} | ret=SUCCESS |  
2019-08-30 03:51:21,197 | INFO  | SCMAudit | user=jenkins1000 | ip=192.168.157.199 | op=SEND_HEARTBEAT {datanodeUUID=d899c6ae-90ec-446d-94b3-997285126f36, command=[]} | ret=SUCCESS |  
2019-08-30 03:51:21,260 | INFO  | SCMAudit | user=jenkins1000 | ip=192.168.157.199 | op=SEND_HEARTBEAT {datanodeUUID=e6d3f6ef-09a3-4172-8a2c-3346e8e7f34e, command=[]} | ret=SUCCESS |  
2019-08-30 03:51:21,321 | INFO  | SCMAudit | user=jenkins1000 | ip=192.168.157.199 | op=SEND_HEARTBEAT {datanodeUUID=fffb68e7-bc7b-4433-8df5-958ad16b5811, command=[]} | ret=SUCCESS |  
2019-08-30 03:51:21,590 [grpc-default-executor-8] INFO  client.GrpcClientProtocolClient (GrpcClientProtocolClient.java:onNext(255)) - client-7C6796E02BFB->fffb68e7-bc7b-4433-8df5-958ad16b5811: receive RaftClientReply:client-7C6796E02BFB->fffb68e7-bc7b-4433-8df5-958ad16b5811@group-6078FF790FC8, cid=168, FAILED org.apache.ratis.protocol.NotLeaderException: Server fffb68e7-bc7b-4433-8df5-958ad16b5811 is not the leader (null). Request must be sent to leader., logIndex=0, commits[fffb68e7-bc7b-4433-8df5-958ad16b5811:c-1]
2019-08-30 03:51:21,959 | INFO  | SCMAudit | user=jenkins1000 | ip=192.168.157.199 | op=SEND_HEARTBEAT {datanodeUUID=014d650f-ccff-4dcb-ad60-4ffc816b3ea1, command=[]} | ret=SUCCESS |  
2019-08-30 03:51:22,021 | INFO  | SCMAudit | user=jenkins1000 | ip=192.168.157.199 | op=SEND_HEARTBEAT {datanodeUUID=34a22de4-3e24-4541-99bd-6e7cf7aa3a5e, command=[]} | ret=SUCCESS |  
2019-08-30 03:51:22,079 | INFO  | SCMAudit | user=jenkins1000 | ip=192.168.157.199 | op=SEND_HEARTBEAT {datanodeUUID=503c132b-b575-4388-b650-2d70ff914a35, command=[]} | ret=SUCCESS |  
2019-08-30 03:51:22,137 | INFO  | SCMAudit | user=jenkins1000 | ip=192.168.157.199 | op=SEND_HEARTBEAT {datanodeUUID=6b6e8f83-1581-4c4d-859e-6a09185f7f8f, command=[]} | ret=SUCCESS |  
2019-08-30 03:51:22,198 | INFO  | SCMAudit | user=jenkins1000 | ip=192.168.157.199 | op=SEND_HEARTBEAT {datanodeUUID=d899c6ae-90ec-446d-94b3-997285126f36, command=[]} | ret=SUCCESS |  
2019-08-30 03:51:22,260 | INFO  | SCMAudit | user=jenkins1000 | ip=192.168.157.199 | op=SEND_HEARTBEAT {datanodeUUID=e6d3f6ef-09a3-4172-8a2c-3346e8e7f34e, command=[]} | ret=SUCCESS |  
2019-08-30 03:51:22,322 | INFO  | SCMAudit | user=jenkins1000 | ip=192.168.157.199 | op=SEND_HEARTBEAT {datanodeUUID=fffb68e7-bc7b-4433-8df5-958ad16b5811, command=[]} | ret=SUCCESS |  
2019-08-30 03:51:22,605 [grpc-default-executor-8] INFO  client.GrpcClientProtocolClient (GrpcClientProtocolClient.java:onNext(255)) - client-7C6796E02BFB->503c132b-b575-4388-b650-2d70ff914a35: receive RaftClientReply:client-7C6796E02BFB->503c132b-b575-4388-b650-2d70ff914a35@group-6078FF790FC8, cid=168, FAILED org.apache.ratis.protocol.NotLeaderException: Server 503c132b-b575-4388-b650-2d70ff914a35 is not the leader (null). Request must be sent to leader., logIndex=0, commits[503c132b-b575-4388-b650-2d70ff914a35:c-1]
2019-08-30 03:51:22,959 | INFO  | SCMAudit | user=jenkins1000 | ip=192.168.157.199 | op=SEND_HEARTBEAT {datanodeUUID=014d650f-ccff-4dcb-ad60-4ffc816b3ea1, command=[]} | ret=SUCCESS |  
2019-08-30 03:51:23,020 | INFO  | SCMAudit | user=jenkins1000 | ip=192.168.157.199 | op=SEND_HEARTBEAT {datanodeUUID=34a22de4-3e24-4541-99bd-6e7cf7aa3a5e, command=[]} | ret=SUCCESS |  
2019-08-30 03:51:23,079 | INFO  | SCMAudit | user=jenkins1000 | ip=192.168.157.199 | op=SEND_HEARTBEAT {datanodeUUID=503c132b-b575-4388-b650-2d70ff914a35, command=[]} | ret=SUCCESS |  
2019-08-30 03:51:23,137 | INFO  | SCMAudit | user=jenkins1000 | ip=192.168.157.199 | op=SEND_HEARTBEAT {datanodeUUID=6b6e8f83-1581-4c4d-859e-6a09185f7f8f, command=[]} | ret=SUCCESS |  
2019-08-30 03:51:23,197 | INFO  | SCMAudit | user=jenkins1000 | ip=192.168.157.199 | op=SEND_HEARTBEAT {datanodeUUID=d899c6ae-90ec-446d-94b3-997285126f36, command=[]} | ret=SUCCESS |  
2019-08-30 03:51:23,261 | INFO  | SCMAudit | user=jenkins1000 | ip=192.168.157.199 | op=SEND_HEARTBEAT {datanodeUUID=e6d3f6ef-09a3-4172-8a2c-3346e8e7f34e, command=[]} | ret=SUCCESS |  
2019-08-30 03:51:23,323 | INFO  | SCMAudit | user=jenkins1000 | ip=192.168.157.199 | op=SEND_HEARTBEAT {datanodeUUID=fffb68e7-bc7b-4433-8df5-958ad16b5811, command=[]} | ret=SUCCESS |  
2019-08-30 03:51:23,632 [grpc-default-executor-8] INFO  client.GrpcClientProtocolClient (GrpcClientProtocolClient.java:onNext(255)) - client-7C6796E02BFB->fffb68e7-bc7b-4433-8df5-958ad16b5811: receive RaftClientReply:client-7C6796E02BFB->fffb68e7-bc7b-4433-8df5-958ad16b5811@group-6078FF790FC8, cid=168, FAILED org.apache.ratis.protocol.NotLeaderException: Server fffb68e7-bc7b-4433-8df5-958ad16b5811 is not the leader (null). Request must be sent to leader., logIndex=0, commits[fffb68e7-bc7b-4433-8df5-958ad16b5811:c-1]
2019-08-30 03:51:23,960 | INFO  | SCMAudit | user=jenkins1000 | ip=192.168.157.199 | op=SEND_HEARTBEAT {datanodeUUID=014d650f-ccff-4dcb-ad60-4ffc816b3ea1, command=[]} | ret=SUCCESS |  
2019-08-30 03:51:24,021 | INFO  | SCMAudit | user=jenkins1000 | ip=192.168.157.199 | op=SEND_HEARTBEAT {datanodeUUID=34a22de4-3e24-4541-99bd-6e7cf7aa3a5e, command=[]} | ret=SUCCESS |  
2019-08-30 03:51:24,080 | INFO  | SCMAudit | user=jenkins1000 | ip=192.168.157.199 | op=SEND_HEARTBEAT {datanodeUUID=503c132b-b575-4388-b650-2d70ff914a35, command=[]} | ret=SUCCESS |  
2019-08-30 03:51:24,137 | INFO  | SCMAudit | user=jenkins1000 | ip=192.168.157.199 | op=SEND_HEARTBEAT {datanodeUUID=6b6e8f83-1581-4c4d-859e-6a09185f7f8f, command=[]} | ret=SUCCESS |  
2019-08-30 03:51:24,198 | INFO  | SCMAudit | user=jenkins1000 | ip=192.168.157.199 | op=SEND_HEARTBEAT {datanodeUUID=d899c6ae-90ec-446d-94b3-997285126f36, command=[]} | ret=SUCCESS |  
2019-08-30 03:51:24,261 | INFO  | SCMAudit | user=jenkins1000 | ip=192.168.157.199 | op=SEND_HEARTBEAT {datanodeUUID=e6d3f6ef-09a3-4172-8a2c-3346e8e7f34e, command=[]} | ret=SUCCESS |  
2019-08-30 03:51:24,322 | INFO  | SCMAudit | user=jenkins1000 | ip=192.168.157.199 | op=SEND_HEARTBEAT {datanodeUUID=fffb68e7-bc7b-4433-8df5-958ad16b5811, command=[]} | ret=SUCCESS |  
2019-08-30 03:51:24,648 [grpc-default-executor-8] INFO  client.GrpcClientProtocolClient (GrpcClientProtocolClient.java:onNext(255)) - client-7C6796E02BFB->d899c6ae-90ec-446d-94b3-997285126f36: receive RaftClientReply:client-7C6796E02BFB->d899c6ae-90ec-446d-94b3-997285126f36@group-6078FF790FC8, cid=168, FAILED org.apache.ratis.protocol.NotLeaderException: Server d899c6ae-90ec-446d-94b3-997285126f36 is not the leader (null). Request must be sent to leader., logIndex=0, commits[d899c6ae-90ec-446d-94b3-997285126f36:c-1]
2019-08-30 03:51:24,959 | INFO  | SCMAudit | user=jenkins1000 | ip=192.168.157.199 | op=SEND_HEARTBEAT {datanodeUUID=014d650f-ccff-4dcb-ad60-4ffc816b3ea1, command=[]} | ret=SUCCESS |  
2019-08-30 03:51:25,020 | INFO  | SCMAudit | user=jenkins1000 | ip=192.168.157.199 | op=SEND_HEARTBEAT {datanodeUUID=34a22de4-3e24-4541-99bd-6e7cf7aa3a5e, command=[]} | ret=SUCCESS |  
2019-08-30 03:51:25,079 | INFO  | SCMAudit | user=jenkins1000 | ip=192.168.157.199 | op=SEND_HEARTBEAT {datanodeUUID=503c132b-b575-4388-b650-2d70ff914a35, command=[]} | ret=SUCCESS |  
2019-08-30 03:51:25,137 | INFO  | SCMAudit | user=jenkins1000 | ip=192.168.157.199 | op=SEND_HEARTBEAT {datanodeUUID=6b6e8f83-1581-4c4d-859e-6a09185f7f8f, command=[]} | ret=SUCCESS |  
2019-08-30 03:51:25,197 | INFO  | SCMAudit | user=jenkins1000 | ip=192.168.157.199 | op=SEND_HEARTBEAT {datanodeUUID=d899c6ae-90ec-446d-94b3-997285126f36, command=[]} | ret=SUCCESS |  
2019-08-30 03:51:25,262 | INFO  | SCMAudit | user=jenkins1000 | ip=192.168.157.199 | op=SEND_HEARTBEAT {datanodeUUID=e6d3f6ef-09a3-4172-8a2c-3346e8e7f34e, command=[]} | ret=SUCCESS |  
2019-08-30 03:51:25,322 | INFO  | SCMAudit | user=jenkins1000 | ip=192.168.157.199 | op=SEND_HEARTBEAT {datanodeUUID=fffb68e7-bc7b-4433-8df5-958ad16b5811, command=[]} | ret=SUCCESS |  
2019-08-30 03:51:25,662 [grpc-default-executor-8] INFO  client.GrpcClientProtocolClient (GrpcClientProtocolClient.java:onNext(255)) - client-7C6796E02BFB->503c132b-b575-4388-b650-2d70ff914a35: receive RaftClientReply:client-7C6796E02BFB->503c132b-b575-4388-b650-2d70ff914a35@group-6078FF790FC8, cid=168, FAILED org.apache.ratis.protocol.NotLeaderException: Server 503c132b-b575-4388-b650-2d70ff914a35 is not the leader (null). Request must be sent to leader., logIndex=0, commits[503c132b-b575-4388-b650-2d70ff914a35:c-1]
2019-08-30 03:51:25,854 [Thread-3392] INFO  impl.FollowerState (FollowerState.java:run(106)) - fffb68e7-bc7b-4433-8df5-958ad16b5811:group-6078FF790FC8 changes to CANDIDATE, lastRpcTime:5124, electionTimeout:5124ms
2019-08-30 03:51:25,854 [Thread-3392] INFO  impl.RoleInfo (RoleInfo.java:shutdownFollowerState(121)) - fffb68e7-bc7b-4433-8df5-958ad16b5811: shutdown FollowerState
2019-08-30 03:51:25,854 [Thread-3392] INFO  impl.RaftServerImpl (RaftServerImpl.java:setRole(171)) - fffb68e7-bc7b-4433-8df5-958ad16b5811:group-6078FF790FC8 changes role from FOLLOWER to CANDIDATE at term 1 for changeToCandidate
2019-08-30 03:51:25,854 [Thread-3392] INFO  impl.RoleInfo (RoleInfo.java:updateAndGet(143)) - fffb68e7-bc7b-4433-8df5-958ad16b5811: start LeaderElection
2019-08-30 03:51:25,867 [Thread-3390] INFO  impl.FollowerState (FollowerState.java:run(106)) - 503c132b-b575-4388-b650-2d70ff914a35:group-6078FF790FC8 changes to CANDIDATE, lastRpcTime:5143, electionTimeout:5139ms
2019-08-30 03:51:25,867 [Thread-3390] INFO  impl.RoleInfo (RoleInfo.java:shutdownFollowerState(121)) - 503c132b-b575-4388-b650-2d70ff914a35: shutdown FollowerState
2019-08-30 03:51:25,867 [Thread-3390] INFO  impl.RaftServerImpl (RaftServerImpl.java:setRole(171)) - 503c132b-b575-4388-b650-2d70ff914a35:group-6078FF790FC8 changes role from FOLLOWER to CANDIDATE at term 1 for changeToCandidate
2019-08-30 03:51:25,867 [Thread-3390] INFO  impl.RoleInfo (RoleInfo.java:updateAndGet(143)) - 503c132b-b575-4388-b650-2d70ff914a35: start LeaderElection
2019-08-30 03:51:25,895 [fffb68e7-bc7b-4433-8df5-958ad16b5811:group-6078FF790FC8:LeaderElection72] INFO  impl.LeaderElection (LeaderElection.java:askForVotes(181)) - fffb68e7-bc7b-4433-8df5-958ad16b5811:group-6078FF790FC8:LeaderElection72: begin an election at term 2 for -1: [d899c6ae-90ec-446d-94b3-997285126f36:192.168.157.199:40289, 503c132b-b575-4388-b650-2d70ff914a35:192.168.157.199:39683, fffb68e7-bc7b-4433-8df5-958ad16b5811:192.168.157.199:46347], old=null
2019-08-30 03:51:25,895 [503c132b-b575-4388-b650-2d70ff914a35:group-6078FF790FC8:LeaderElection73] INFO  impl.LeaderElection (LeaderElection.java:askForVotes(181)) - 503c132b-b575-4388-b650-2d70ff914a35:group-6078FF790FC8:LeaderElection73: begin an election at term 2 for -1: [d899c6ae-90ec-446d-94b3-997285126f36:192.168.157.199:40289, 503c132b-b575-4388-b650-2d70ff914a35:192.168.157.199:39683, fffb68e7-bc7b-4433-8df5-958ad16b5811:192.168.157.199:46347], old=null
2019-08-30 03:51:25,899 [grpc-default-executor-8] INFO  impl.RaftServerImpl (RaftServerImpl.java:setRole(171)) - d899c6ae-90ec-446d-94b3-997285126f36:group-6078FF790FC8 changes role from FOLLOWER to FOLLOWER at term 2 for recognizeCandidate:fffb68e7-bc7b-4433-8df5-958ad16b5811
2019-08-30 03:51:25,899 [grpc-default-executor-8] INFO  impl.RoleInfo (RoleInfo.java:shutdownFollowerState(121)) - d899c6ae-90ec-446d-94b3-997285126f36: shutdown FollowerState
2019-08-30 03:51:25,899 [grpc-default-executor-8] INFO  impl.RoleInfo (RoleInfo.java:updateAndGet(143)) - d899c6ae-90ec-446d-94b3-997285126f36: start FollowerState
2019-08-30 03:51:25,899 [Thread-3391] INFO  impl.FollowerState (FollowerState.java:run(114)) - d899c6ae-90ec-446d-94b3-997285126f36: FollowerState was interrupted: java.lang.InterruptedException: sleep interrupted
2019-08-30 03:51:25,929 [503c132b-b575-4388-b650-2d70ff914a35:group-6078FF790FC8:LeaderElection73] INFO  impl.LeaderElection (LeaderElection.java:logAndReturn(56)) - 503c132b-b575-4388-b650-2d70ff914a35:group-6078FF790FC8:LeaderElection73: Election REJECTED; received 2 response(s) [503c132b-b575-4388-b650-2d70ff914a35<-d899c6ae-90ec-446d-94b3-997285126f36#0:FAIL-t2, 503c132b-b575-4388-b650-2d70ff914a35<-fffb68e7-bc7b-4433-8df5-958ad16b5811#0:FAIL-t2] and 0 exception(s); 503c132b-b575-4388-b650-2d70ff914a35:t2, leader=null, voted=503c132b-b575-4388-b650-2d70ff914a35, raftlog=503c132b-b575-4388-b650-2d70ff914a35-SegmentedRaftLog:OPENED:c-1,f-1,i0, conf=-1: [d899c6ae-90ec-446d-94b3-997285126f36:192.168.157.199:40289, 503c132b-b575-4388-b650-2d70ff914a35:192.168.157.199:39683, fffb68e7-bc7b-4433-8df5-958ad16b5811:192.168.157.199:46347], old=null
2019-08-30 03:51:25,929 [fffb68e7-bc7b-4433-8df5-958ad16b5811:group-6078FF790FC8:LeaderElection72] INFO  impl.LeaderElection (LeaderElection.java:logAndReturn(56)) - fffb68e7-bc7b-4433-8df5-958ad16b5811:group-6078FF790FC8:LeaderElection72: Election PASSED; received 2 response(s) [fffb68e7-bc7b-4433-8df5-958ad16b5811<-d899c6ae-90ec-446d-94b3-997285126f36#0:OK-t2, fffb68e7-bc7b-4433-8df5-958ad16b5811<-503c132b-b575-4388-b650-2d70ff914a35#0:FAIL-t2] and 0 exception(s); fffb68e7-bc7b-4433-8df5-958ad16b5811:t2, leader=null, voted=fffb68e7-bc7b-4433-8df5-958ad16b5811, raftlog=fffb68e7-bc7b-4433-8df5-958ad16b5811-SegmentedRaftLog:OPENED:c-1,f-1,i0, conf=-1: [d899c6ae-90ec-446d-94b3-997285126f36:192.168.157.199:40289, 503c132b-b575-4388-b650-2d70ff914a35:192.168.157.199:39683, fffb68e7-bc7b-4433-8df5-958ad16b5811:192.168.157.199:46347], old=null
2019-08-30 03:51:25,929 [503c132b-b575-4388-b650-2d70ff914a35:group-6078FF790FC8:LeaderElection73] INFO  impl.RaftServerImpl (RaftServerImpl.java:setRole(171)) - 503c132b-b575-4388-b650-2d70ff914a35:group-6078FF790FC8 changes role from CANDIDATE to FOLLOWER at term 2 for DISCOVERED_A_NEW_TERM
2019-08-30 03:51:25,929 [fffb68e7-bc7b-4433-8df5-958ad16b5811:group-6078FF790FC8:LeaderElection72] INFO  impl.RoleInfo (RoleInfo.java:shutdownLeaderElection(134)) - fffb68e7-bc7b-4433-8df5-958ad16b5811: shutdown LeaderElection
2019-08-30 03:51:25,930 [503c132b-b575-4388-b650-2d70ff914a35:group-6078FF790FC8:LeaderElection73] INFO  impl.RoleInfo (RoleInfo.java:shutdownLeaderElection(134)) - 503c132b-b575-4388-b650-2d70ff914a35: shutdown LeaderElection
2019-08-30 03:51:25,930 [fffb68e7-bc7b-4433-8df5-958ad16b5811:group-6078FF790FC8:LeaderElection72] INFO  impl.RaftServerImpl (RaftServerImpl.java:setRole(171)) - fffb68e7-bc7b-4433-8df5-958ad16b5811:group-6078FF790FC8 changes role from CANDIDATE to LEADER at term 2 for changeToLeader
2019-08-30 03:51:25,930 [503c132b-b575-4388-b650-2d70ff914a35:group-6078FF790FC8:LeaderElection73] INFO  impl.RoleInfo (RoleInfo.java:updateAndGet(143)) - 503c132b-b575-4388-b650-2d70ff914a35: start FollowerState
2019-08-30 03:51:25,930 [fffb68e7-bc7b-4433-8df5-958ad16b5811:group-6078FF790FC8:LeaderElection72] INFO  impl.RaftServerImpl (ServerState.java:setLeader(263)) - fffb68e7-bc7b-4433-8df5-958ad16b5811:group-6078FF790FC8 change Leader from null to fffb68e7-bc7b-4433-8df5-958ad16b5811 at term 2 for becomeLeader, leader elected after 10450ms
2019-08-30 03:51:25,930 [fffb68e7-bc7b-4433-8df5-958ad16b5811:group-6078FF790FC8:LeaderElection72] INFO  server.RaftServerConfigKeys (ConfUtils.java:logGet(43)) - raft.server.staging.catchup.gap = 1000 (default)
2019-08-30 03:51:25,931 [fffb68e7-bc7b-4433-8df5-958ad16b5811:group-6078FF790FC8:LeaderElection72] INFO  server.RaftServerConfigKeys (ConfUtils.java:logGet(43)) - raft.server.rpc.sleep.time = 25ms (default)
2019-08-30 03:51:25,931 [fffb68e7-bc7b-4433-8df5-958ad16b5811:group-6078FF790FC8:LeaderElection72] INFO  server.RaftServerConfigKeys (ConfUtils.java:logGet(43)) - raft.server.write.element-limit = 4096 (default)
2019-08-30 03:51:25,931 [fffb68e7-bc7b-4433-8df5-958ad16b5811:group-6078FF790FC8:LeaderElection72] INFO  server.RaftServerConfigKeys (ConfUtils.java:logGet(43)) - raft.server.watch.timeout = 10s (default)
2019-08-30 03:51:25,931 [fffb68e7-bc7b-4433-8df5-958ad16b5811:group-6078FF790FC8:LeaderElection72] INFO  server.RaftServerConfigKeys (ConfUtils.java:logGet(43)) - raft.server.watch.timeout.denomination = 1s (default)
2019-08-30 03:51:25,931 [fffb68e7-bc7b-4433-8df5-958ad16b5811:group-6078FF790FC8:LeaderElection72] INFO  server.RaftServerConfigKeys (ConfUtils.java:logGet(43)) - raft.server.watch.element-limit = 65536 (default)
2019-08-30 03:51:25,931 [fffb68e7-bc7b-4433-8df5-958ad16b5811:group-6078FF790FC8:LeaderElection72] INFO  server.RaftServerConfigKeys (ConfUtils.java:logGet(43)) - raft.server.log.appender.snapshot.chunk.size.max = 16MB (=16777216) (default)
2019-08-30 03:51:25,932 [fffb68e7-bc7b-4433-8df5-958ad16b5811:group-6078FF790FC8:LeaderElection72] INFO  server.RaftServerConfigKeys (ConfUtils.java:logGet(43)) - raft.server.log.appender.buffer.byte-limit = 33554432 (custom)
2019-08-30 03:51:25,932 [fffb68e7-bc7b-4433-8df5-958ad16b5811:group-6078FF790FC8:LeaderElection72] INFO  server.RaftServerConfigKeys (ConfUtils.java:logGet(43)) - raft.server.log.appender.buffer.element-limit = 1 (custom)
2019-08-30 03:51:25,932 [fffb68e7-bc7b-4433-8df5-958ad16b5811:group-6078FF790FC8:LeaderElection72] INFO  grpc.GrpcConfigKeys$Server (ConfUtils.java:logGet(43)) - raft.grpc.server.leader.outstanding.appends.max = 128 (default)
2019-08-30 03:51:25,933 [fffb68e7-bc7b-4433-8df5-958ad16b5811:group-6078FF790FC8:LeaderElection72] INFO  server.RaftServerConfigKeys (ConfUtils.java:logGet(43)) - raft.server.rpc.request.timeout = 3000ms (default)
2019-08-30 03:51:25,933 [fffb68e7-bc7b-4433-8df5-958ad16b5811:group-6078FF790FC8:LeaderElection72] INFO  server.RaftServerConfigKeys (ConfUtils.java:logGet(43)) - raft.server.log.appender.install.snapshot.enabled = false (custom)
2019-08-30 03:51:25,933 [fffb68e7-bc7b-4433-8df5-958ad16b5811:group-6078FF790FC8:LeaderElection72] INFO  server.RaftServerConfigKeys (ConfUtils.java:logGet(43)) - raft.server.log.appender.snapshot.chunk.size.max = 16MB (=16777216) (default)
2019-08-30 03:51:25,933 [fffb68e7-bc7b-4433-8df5-958ad16b5811:group-6078FF790FC8:LeaderElection72] INFO  server.RaftServerConfigKeys (ConfUtils.java:logGet(43)) - raft.server.log.appender.buffer.byte-limit = 33554432 (custom)
2019-08-30 03:51:25,933 [fffb68e7-bc7b-4433-8df5-958ad16b5811:group-6078FF790FC8:LeaderElection72] INFO  server.RaftServerConfigKeys (ConfUtils.java:logGet(43)) - raft.server.log.appender.buffer.element-limit = 1 (custom)
2019-08-30 03:51:25,933 [fffb68e7-bc7b-4433-8df5-958ad16b5811:group-6078FF790FC8:LeaderElection72] INFO  grpc.GrpcConfigKeys$Server (ConfUtils.java:logGet(43)) - raft.grpc.server.leader.outstanding.appends.max = 128 (default)
2019-08-30 03:51:25,934 [fffb68e7-bc7b-4433-8df5-958ad16b5811:group-6078FF790FC8:LeaderElection72] INFO  server.RaftServerConfigKeys (ConfUtils.java:logGet(43)) - raft.server.rpc.request.timeout = 3000ms (default)
2019-08-30 03:51:25,934 [fffb68e7-bc7b-4433-8df5-958ad16b5811:group-6078FF790FC8:LeaderElection72] INFO  server.RaftServerConfigKeys (ConfUtils.java:logGet(43)) - raft.server.log.appender.install.snapshot.enabled = false (custom)
2019-08-30 03:51:25,934 [fffb68e7-bc7b-4433-8df5-958ad16b5811:group-6078FF790FC8:LeaderElection72] INFO  impl.RoleInfo (RoleInfo.java:updateAndGet(143)) - fffb68e7-bc7b-4433-8df5-958ad16b5811: start LeaderState
2019-08-30 03:51:25,934 [fffb68e7-bc7b-4433-8df5-958ad16b5811:group-6078FF790FC8:LeaderElection72] INFO  segmented.SegmentedRaftLogWorker (SegmentedRaftLogWorker.java:startLogSegment(380)) - fffb68e7-bc7b-4433-8df5-958ad16b5811-SegmentedRaftLogWorker:Storage Directory /workdir/hadoop-ozone/integration-test/target/test-dir/MiniOzoneClusterImpl-42edc0d0-c7e9-4cf8-aacf-72b5a22a0227/datanode-6/data/ratis/127300a6-cb81-4a3d-8c88-6078ff790fc8: Starting segment from index:0
2019-08-30 03:51:25,936 [fffb68e7-bc7b-4433-8df5-958ad16b5811:group-6078FF790FC8:LeaderElection72] INFO  impl.RaftServerImpl (ServerState.java:setRaftConf(361)) - fffb68e7-bc7b-4433-8df5-958ad16b5811:group-6078FF790FC8 set configuration 0: [d899c6ae-90ec-446d-94b3-997285126f36:192.168.157.199:40289, 503c132b-b575-4388-b650-2d70ff914a35:192.168.157.199:39683, fffb68e7-bc7b-4433-8df5-958ad16b5811:192.168.157.199:46347], old=null at 0
2019-08-30 03:51:25,937 [grpc-default-executor-3] INFO  impl.RaftServerImpl (ServerState.java:setLeader(263)) - d899c6ae-90ec-446d-94b3-997285126f36:group-6078FF790FC8 change Leader from null to fffb68e7-bc7b-4433-8df5-958ad16b5811 at term 2 for appendEntries, leader elected after 10456ms
2019-08-30 03:51:25,937 [grpc-default-executor-8] INFO  impl.RaftServerImpl (ServerState.java:setLeader(263)) - 503c132b-b575-4388-b650-2d70ff914a35:group-6078FF790FC8 change Leader from null to fffb68e7-bc7b-4433-8df5-958ad16b5811 at term 2 for appendEntries, leader elected after 10456ms
2019-08-30 03:51:25,940 [grpc-default-executor-8] INFO  impl.RaftServerImpl (ServerState.java:setRaftConf(361)) - d899c6ae-90ec-446d-94b3-997285126f36:group-6078FF790FC8 set configuration 0: [d899c6ae-90ec-446d-94b3-997285126f36:192.168.157.199:40289, 503c132b-b575-4388-b650-2d70ff914a35:192.168.157.199:39683, fffb68e7-bc7b-4433-8df5-958ad16b5811:192.168.157.199:46347], old=null at 0
2019-08-30 03:51:25,940 [grpc-default-executor-8] INFO  segmented.SegmentedRaftLogWorker (SegmentedRaftLogWorker.java:startLogSegment(380)) - d899c6ae-90ec-446d-94b3-997285126f36-SegmentedRaftLogWorker:Storage Directory /workdir/hadoop-ozone/integration-test/target/test-dir/MiniOzoneClusterImpl-42edc0d0-c7e9-4cf8-aacf-72b5a22a0227/datanode-4/data/ratis/127300a6-cb81-4a3d-8c88-6078ff790fc8: Starting segment from index:0
2019-08-30 03:51:25,941 [grpc-default-executor-3] INFO  impl.RaftServerImpl (ServerState.java:setRaftConf(361)) - 503c132b-b575-4388-b650-2d70ff914a35:group-6078FF790FC8 set configuration 0: [d899c6ae-90ec-446d-94b3-997285126f36:192.168.157.199:40289, 503c132b-b575-4388-b650-2d70ff914a35:192.168.157.199:39683, fffb68e7-bc7b-4433-8df5-958ad16b5811:192.168.157.199:46347], old=null at 0
2019-08-30 03:51:25,941 [grpc-default-executor-3] INFO  segmented.SegmentedRaftLogWorker (SegmentedRaftLogWorker.java:startLogSegment(380)) - 503c132b-b575-4388-b650-2d70ff914a35-SegmentedRaftLogWorker:Storage Directory /workdir/hadoop-ozone/integration-test/target/test-dir/MiniOzoneClusterImpl-42edc0d0-c7e9-4cf8-aacf-72b5a22a0227/datanode-2/data/ratis/127300a6-cb81-4a3d-8c88-6078ff790fc8: Starting segment from index:0
2019-08-30 03:51:25,960 | INFO  | SCMAudit | user=jenkins1000 | ip=192.168.157.199 | op=SEND_HEARTBEAT {datanodeUUID=014d650f-ccff-4dcb-ad60-4ffc816b3ea1, command=[]} | ret=SUCCESS |  
2019-08-30 03:51:25,992 [503c132b-b575-4388-b650-2d70ff914a35-SegmentedRaftLogWorker:Storage Directory /workdir/hadoop-ozone/integration-test/target/test-dir/MiniOzoneClusterImpl-42edc0d0-c7e9-4cf8-aacf-72b5a22a0227/datanode-2/data/ratis/127300a6-cb81-4a3d-8c88-6078ff790fc8] INFO  segmented.SegmentedRaftLogWorker (SegmentedRaftLogWorker.java:execute(569)) - 503c132b-b575-4388-b650-2d70ff914a35-SegmentedRaftLogWorker:Storage Directory /workdir/hadoop-ozone/integration-test/target/test-dir/MiniOzoneClusterImpl-42edc0d0-c7e9-4cf8-aacf-72b5a22a0227/datanode-2/data/ratis/127300a6-cb81-4a3d-8c88-6078ff790fc8: created new log segment /workdir/hadoop-ozone/integration-test/target/test-dir/MiniOzoneClusterImpl-42edc0d0-c7e9-4cf8-aacf-72b5a22a0227/datanode-2/data/ratis/127300a6-cb81-4a3d-8c88-6078ff790fc8/current/log_inprogress_0
2019-08-30 03:51:25,992 [fffb68e7-bc7b-4433-8df5-958ad16b5811-SegmentedRaftLogWorker:Storage Directory /workdir/hadoop-ozone/integration-test/target/test-dir/MiniOzoneClusterImpl-42edc0d0-c7e9-4cf8-aacf-72b5a22a0227/datanode-6/data/ratis/127300a6-cb81-4a3d-8c88-6078ff790fc8] INFO  segmented.SegmentedRaftLogWorker (SegmentedRaftLogWorker.java:execute(569)) - fffb68e7-bc7b-4433-8df5-958ad16b5811-SegmentedRaftLogWorker:Storage Directory /workdir/hadoop-ozone/integration-test/target/test-dir/MiniOzoneClusterImpl-42edc0d0-c7e9-4cf8-aacf-72b5a22a0227/datanode-6/data/ratis/127300a6-cb81-4a3d-8c88-6078ff790fc8: created new log segment /workdir/hadoop-ozone/integration-test/target/test-dir/MiniOzoneClusterImpl-42edc0d0-c7e9-4cf8-aacf-72b5a22a0227/datanode-6/data/ratis/127300a6-cb81-4a3d-8c88-6078ff790fc8/current/log_inprogress_0
2019-08-30 03:51:25,992 [d899c6ae-90ec-446d-94b3-997285126f36-SegmentedRaftLogWorker:Storage Directory /workdir/hadoop-ozone/integration-test/target/test-dir/MiniOzoneClusterImpl-42edc0d0-c7e9-4cf8-aacf-72b5a22a0227/datanode-4/data/ratis/127300a6-cb81-4a3d-8c88-6078ff790fc8] INFO  segmented.SegmentedRaftLogWorker (SegmentedRaftLogWorker.java:execute(569)) - d899c6ae-90ec-446d-94b3-997285126f36-SegmentedRaftLogWorker:Storage Directory /workdir/hadoop-ozone/integration-test/target/test-dir/MiniOzoneClusterImpl-42edc0d0-c7e9-4cf8-aacf-72b5a22a0227/datanode-4/data/ratis/127300a6-cb81-4a3d-8c88-6078ff790fc8: created new log segment /workdir/hadoop-ozone/integration-test/target/test-dir/MiniOzoneClusterImpl-42edc0d0-c7e9-4cf8-aacf-72b5a22a0227/datanode-4/data/ratis/127300a6-cb81-4a3d-8c88-6078ff790fc8/current/log_inprogress_0
2019-08-30 03:51:26,020 | INFO  | SCMAudit | user=jenkins1000 | ip=192.168.157.199 | op=SEND_HEARTBEAT {datanodeUUID=34a22de4-3e24-4541-99bd-6e7cf7aa3a5e, command=[]} | ret=SUCCESS |  
2019-08-30 03:51:26,079 | INFO  | SCMAudit | user=jenkins1000 | ip=192.168.157.199 | op=SEND_HEARTBEAT {datanodeUUID=503c132b-b575-4388-b650-2d70ff914a35, command=[]} | ret=SUCCESS |  
2019-08-30 03:51:26,137 | INFO  | SCMAudit | user=jenkins1000 | ip=192.168.157.199 | op=SEND_HEARTBEAT {datanodeUUID=6b6e8f83-1581-4c4d-859e-6a09185f7f8f, command=[]} | ret=SUCCESS |  
2019-08-30 03:51:26,197 | INFO  | SCMAudit | user=jenkins1000 | ip=192.168.157.199 | op=SEND_HEARTBEAT {datanodeUUID=d899c6ae-90ec-446d-94b3-997285126f36, command=[]} | ret=SUCCESS |  
2019-08-30 03:51:26,261 | INFO  | SCMAudit | user=jenkins1000 | ip=192.168.157.199 | op=SEND_HEARTBEAT {datanodeUUID=e6d3f6ef-09a3-4172-8a2c-3346e8e7f34e, command=[]} | ret=SUCCESS |  
2019-08-30 03:51:26,322 | INFO  | SCMAudit | user=jenkins1000 | ip=192.168.157.199 | op=SEND_HEARTBEAT {datanodeUUID=fffb68e7-bc7b-4433-8df5-958ad16b5811, command=[]} | ret=SUCCESS |  
2019-08-30 03:51:26,675 [grpc-default-executor-3] INFO  client.GrpcClientProtocolClient (GrpcClientProtocolClient.java:onNext(255)) - client-7C6796E02BFB->d899c6ae-90ec-446d-94b3-997285126f36: receive RaftClientReply:client-7C6796E02BFB->d899c6ae-90ec-446d-94b3-997285126f36@group-6078FF790FC8, cid=168, FAILED org.apache.ratis.protocol.NotLeaderException: Server d899c6ae-90ec-446d-94b3-997285126f36 is not the leader (fffb68e7-bc7b-4433-8df5-958ad16b5811:192.168.157.199:46347). Request must be sent to leader., logIndex=0, commits[d899c6ae-90ec-446d-94b3-997285126f36:c-1, 503c132b-b575-4388-b650-2d70ff914a35:c-1, fffb68e7-bc7b-4433-8df5-958ad16b5811:c-1]
2019-08-30 03:51:26,859 | INFO  | DNAudit | user=null | ip=null | op=WRITE_CHUNK {blockData=conID: 1 locID: 102703895438032910 bcsId: 0} | ret=SUCCESS |  
2019-08-30 03:51:26,859 | INFO  | DNAudit | user=null | ip=null | op=WRITE_CHUNK {blockData=conID: 1 locID: 102703895438032910 bcsId: 0} | ret=SUCCESS |  
2019-08-30 03:51:26,859 | INFO  | DNAudit | user=null | ip=null | op=WRITE_CHUNK {blockData=conID: 1 locID: 102703895438032910 bcsId: 0} | ret=SUCCESS |  
2019-08-30 03:51:26,859 | INFO  | SCMAudit | user=jenkins1000 | ip=192.168.157.199 | op=SEND_HEARTBEAT {datanodeUUID=d899c6ae-90ec-446d-94b3-997285126f36, command=[]} | ret=SUCCESS |  
2019-08-30 03:51:26,859 | INFO  | SCMAudit | user=jenkins1000 | ip=192.168.157.199 | op=SEND_HEARTBEAT {datanodeUUID=fffb68e7-bc7b-4433-8df5-958ad16b5811, command=[]} | ret=SUCCESS |  
2019-08-30 03:51:26,860 | INFO  | SCMAudit | user=jenkins1000 | ip=192.168.157.199 | op=SEND_HEARTBEAT {datanodeUUID=503c132b-b575-4388-b650-2d70ff914a35, command=[]} | ret=SUCCESS |  
2019-08-30 03:51:26,874 | INFO  | DNAudit | user=null | ip=null | op=WRITE_CHUNK {blockData=conID: 1 locID: 102703895438032910 bcsId: 0} | ret=SUCCESS |  
2019-08-30 03:51:26,880 [grpc-default-executor-5] INFO  client.GrpcClientProtocolClient (GrpcClientProtocolClient.java:onNext(255)) - client-7C6796E02BFB->fffb68e7-bc7b-4433-8df5-958ad16b5811: receive RaftClientReply:client-7C6796E02BFB->fffb68e7-bc7b-4433-8df5-958ad16b5811@group-6078FF790FC8, cid=168, SUCCESS, logIndex=1, commits[fffb68e7-bc7b-4433-8df5-958ad16b5811:c1, d899c6ae-90ec-446d-94b3-997285126f36:c0, 503c132b-b575-4388-b650-2d70ff914a35:c0]
2019-08-30 03:51:26,886 | INFO  | DNAudit | user=null | ip=null | op=WRITE_CHUNK {blockData=conID: 1 locID: 102703895438032910 bcsId: 0} | ret=SUCCESS |  
2019-08-30 03:51:26,889 | INFO  | DNAudit | user=null | ip=null | op=WRITE_CHUNK {blockData=conID: 1 locID: 102703895438032910 bcsId: 0} | ret=SUCCESS |  
2019-08-30 03:51:26,889 | INFO  | DNAudit | user=null | ip=null | op=WRITE_CHUNK {blockData=conID: 1 locID: 102703895438032910 bcsId: 0} | ret=SUCCESS |  
2019-08-30 03:51:26,890 | INFO  | DNAudit | user=null | ip=null | op=WRITE_CHUNK {blockData=conID: 1 locID: 102703895438032910 bcsId: 0} | ret=SUCCESS |  
2019-08-30 03:51:26,890 | INFO  | DNAudit | user=null | ip=null | op=WRITE_CHUNK {blockData=conID: 1 locID: 102703895438032910 bcsId: 0} | ret=SUCCESS |  
2019-08-30 03:51:26,890 | INFO  | DNAudit | user=null | ip=null | op=WRITE_CHUNK {blockData=conID: 1 locID: 102703895438032910 bcsId: 0} | ret=SUCCESS |  
2019-08-30 03:51:26,891 | INFO  | DNAudit | user=null | ip=null | op=WRITE_CHUNK {blockData=conID: 1 locID: 102703895438032910 bcsId: 0} | ret=SUCCESS |  
2019-08-30 03:51:26,892 | INFO  | DNAudit | user=null | ip=null | op=WRITE_CHUNK {blockData=conID: 1 locID: 102703895438032910 bcsId: 0} | ret=SUCCESS |  
2019-08-30 03:51:26,893 | INFO  | DNAudit | user=null | ip=null | op=WRITE_CHUNK {blockData=conID: 1 locID: 102703895438032910 bcsId: 0} | ret=SUCCESS |  
2019-08-30 03:51:26,894 | INFO  | DNAudit | user=null | ip=null | op=WRITE_CHUNK {blockData=conID: 1 locID: 102703895438032910 bcsId: 0} | ret=SUCCESS |  
2019-08-30 03:51:26,894 | INFO  | DNAudit | user=null | ip=null | op=WRITE_CHUNK {blockData=conID: 1 locID: 102703895438032910 bcsId: 0} | ret=SUCCESS |  
2019-08-30 03:51:26,905 | INFO  | DNAudit | user=null | ip=null | op=WRITE_CHUNK {blockData=conID: 1 locID: 102703895438032910 bcsId: 0} | ret=SUCCESS |  
2019-08-30 03:51:26,909 [grpc-default-executor-5] INFO  client.GrpcClientProtocolClient (GrpcClientProtocolClient.java:onNext(255)) - client-7C6796E02BFB->fffb68e7-bc7b-4433-8df5-958ad16b5811: receive RaftClientReply:client-7C6796E02BFB->fffb68e7-bc7b-4433-8df5-958ad16b5811@group-6078FF790FC8, cid=169, SUCCESS, logIndex=3, commits[fffb68e7-bc7b-4433-8df5-958ad16b5811:c3, d899c6ae-90ec-446d-94b3-997285126f36:c1, 503c132b-b575-4388-b650-2d70ff914a35:c1]
2019-08-30 03:51:26,929 | INFO  | DNAudit | user=null | ip=null | op=WRITE_CHUNK {blockData=conID: 1 locID: 102703895438032910 bcsId: 0} | ret=SUCCESS |  
2019-08-30 03:51:26,930 | INFO  | DNAudit | user=null | ip=null | op=WRITE_CHUNK {blockData=conID: 1 locID: 102703895438032910 bcsId: 0} | ret=SUCCESS |  
2019-08-30 03:51:26,952 | INFO  | DNAudit | user=null | ip=null | op=PUT_BLOCK {blockData=[blockId=conID: 1 locID: 102703895438032910 bcsId: 0,size=200]} | ret=SUCCESS |  
2019-08-30 03:51:26,953 | INFO  | DNAudit | user=null | ip=null | op=WRITE_CHUNK {blockData=conID: 1 locID: 102703895438032910 bcsId: 0} | ret=SUCCESS |  
2019-08-30 03:51:26,953 | INFO  | DNAudit | user=null | ip=null | op=WRITE_CHUNK {blockData=conID: 1 locID: 102703895438032910 bcsId: 0} | ret=SUCCESS |  
2019-08-30 03:51:26,954 [grpc-default-executor-7] INFO  client.GrpcClientProtocolClient (GrpcClientProtocolClient.java:onNext(255)) - client-7C6796E02BFB->fffb68e7-bc7b-4433-8df5-958ad16b5811: receive RaftClientReply:client-7C6796E02BFB->fffb68e7-bc7b-4433-8df5-958ad16b5811@group-6078FF790FC8, cid=170, SUCCESS, logIndex=4, commits[fffb68e7-bc7b-4433-8df5-958ad16b5811:c12, d899c6ae-90ec-446d-94b3-997285126f36:c7, 503c132b-b575-4388-b650-2d70ff914a35:c7]
2019-08-30 03:51:26,955 [grpc-default-executor-7] INFO  client.GrpcClientProtocolClient (GrpcClientProtocolClient.java:onNext(255)) - client-7C6796E02BFB->fffb68e7-bc7b-4433-8df5-958ad16b5811: receive RaftClientReply:client-7C6796E02BFB->fffb68e7-bc7b-4433-8df5-958ad16b5811@group-6078FF790FC8, cid=171, SUCCESS, logIndex=5, commits[fffb68e7-bc7b-4433-8df5-958ad16b5811:c12, d899c6ae-90ec-446d-94b3-997285126f36:c7, 503c132b-b575-4388-b650-2d70ff914a35:c7]
2019-08-30 03:51:26,956 [grpc-default-executor-7] INFO  client.GrpcClientProtocolClient (GrpcClientProtocolClient.java:onNext(255)) - client-7C6796E02BFB->fffb68e7-bc7b-4433-8df5-958ad16b5811: receive RaftClientReply:client-7C6796E02BFB->fffb68e7-bc7b-4433-8df5-958ad16b5811@group-6078FF790FC8, cid=172, SUCCESS, logIndex=6, commits[fffb68e7-bc7b-4433-8df5-958ad16b5811:c12, d899c6ae-90ec-446d-94b3-997285126f36:c7, 503c132b-b575-4388-b650-2d70ff914a35:c7]
2019-08-30 03:51:26,959 | INFO  | SCMAudit | user=jenkins1000 | ip=192.168.157.199 | op=SEND_HEARTBEAT {datanodeUUID=014d650f-ccff-4dcb-ad60-4ffc816b3ea1, command=[]} | ret=SUCCESS |  
2019-08-30 03:51:26,997 | INFO  | DNAudit | user=null | ip=null | op=PUT_BLOCK {blockData=[blockId=conID: 1 locID: 102703895438032910 bcsId: 0,size=200]} | ret=SUCCESS |  
2019-08-30 03:51:26,998 | INFO  | DNAudit | user=null | ip=null | op=WRITE_CHUNK {blockData=conID: 1 locID: 102703895438032910 bcsId: 0} | ret=SUCCESS |  
2019-08-30 03:51:26,998 | INFO  | DNAudit | user=null | ip=null | op=WRITE_CHUNK {blockData=conID: 1 locID: 102703895438032910 bcsId: 0} | ret=SUCCESS |  
2019-08-30 03:51:27,020 | INFO  | SCMAudit | user=jenkins1000 | ip=192.168.157.199 | op=SEND_HEARTBEAT {datanodeUUID=34a22de4-3e24-4541-99bd-6e7cf7aa3a5e, command=[]} | ret=SUCCESS |  
2019-08-30 03:51:27,066 | INFO  | DNAudit | user=null | ip=null | op=PUT_BLOCK {blockData=[blockId=conID: 1 locID: 102703895438032910 bcsId: 0,size=400]} | ret=SUCCESS |  
2019-08-30 03:51:27,066 | INFO  | DNAudit | user=null | ip=null | op=PUT_BLOCK {blockData=[blockId=conID: 1 locID: 102703895438032910 bcsId: 0,size=200]} | ret=SUCCESS |  
2019-08-30 03:51:27,066 | INFO  | DNAudit | user=null | ip=null | op=PUT_BLOCK {blockData=[blockId=conID: 1 locID: 102703895438032910 bcsId: 0,size=400]} | ret=SUCCESS |  
2019-08-30 03:51:27,067 | INFO  | DNAudit | user=null | ip=null | op=WRITE_CHUNK {blockData=conID: 1 locID: 102703895438032910 bcsId: 0} | ret=SUCCESS |  
2019-08-30 03:51:27,067 | INFO  | DNAudit | user=null | ip=null | op=WRITE_CHUNK {blockData=conID: 1 locID: 102703895438032910 bcsId: 0} | ret=SUCCESS |  
2019-08-30 03:51:27,068 | INFO  | DNAudit | user=null | ip=null | op=PUT_BLOCK {blockData=[blockId=conID: 1 locID: 102703895438032910 bcsId: 0,size=400]} | ret=SUCCESS |  
2019-08-30 03:51:27,068 [grpc-default-executor-7] INFO  client.GrpcClientProtocolClient (GrpcClientProtocolClient.java:onNext(255)) - client-7C6796E02BFB->fffb68e7-bc7b-4433-8df5-958ad16b5811: receive RaftClientReply:client-7C6796E02BFB->fffb68e7-bc7b-4433-8df5-958ad16b5811@group-6078FF790FC8, cid=173, SUCCESS, logIndex=7, commits[fffb68e7-bc7b-4433-8df5-958ad16b5811:c12, d899c6ae-90ec-446d-94b3-997285126f36:c7, 503c132b-b575-4388-b650-2d70ff914a35:c7]
2019-08-30 03:51:27,071 | INFO  | DNAudit | user=null | ip=null | op=WRITE_CHUNK {blockData=conID: 1 locID: 102703895438032910 bcsId: 7} | ret=SUCCESS |  
2019-08-30 03:51:27,073 | INFO  | DNAudit | user=null | ip=null | op=WRITE_CHUNK {blockData=conID: 1 locID: 102703895438032910 bcsId: 7} | ret=SUCCESS |  
2019-08-30 03:51:27,073 | INFO  | DNAudit | user=null | ip=null | op=WRITE_CHUNK {blockData=conID: 1 locID: 102703895438032910 bcsId: 7} | ret=SUCCESS |  
2019-08-30 03:51:27,087 | INFO  | DNAudit | user=null | ip=null | op=WRITE_CHUNK {blockData=conID: 1 locID: 102703895438032910 bcsId: 7} | ret=SUCCESS |  
2019-08-30 03:51:27,087 | INFO  | DNAudit | user=null | ip=null | op=PUT_BLOCK {blockData=[blockId=conID: 1 locID: 102703895438032910 bcsId: 0,size=450]} | ret=SUCCESS |  
2019-08-30 03:51:27,088 [grpc-default-executor-5] INFO  client.GrpcClientProtocolClient (GrpcClientProtocolClient.java:onNext(255)) - client-7C6796E02BFB->fffb68e7-bc7b-4433-8df5-958ad16b5811: receive RaftClientReply:client-7C6796E02BFB->fffb68e7-bc7b-4433-8df5-958ad16b5811@group-6078FF790FC8, cid=174, SUCCESS, logIndex=13, commits[fffb68e7-bc7b-4433-8df5-958ad16b5811:c14, d899c6ae-90ec-446d-94b3-997285126f36:c12, 503c132b-b575-4388-b650-2d70ff914a35:c12]
2019-08-30 03:51:27,088 [grpc-default-executor-5] INFO  client.GrpcClientProtocolClient (GrpcClientProtocolClient.java:onNext(255)) - client-7C6796E02BFB->fffb68e7-bc7b-4433-8df5-958ad16b5811: receive RaftClientReply:client-7C6796E02BFB->fffb68e7-bc7b-4433-8df5-958ad16b5811@group-6078FF790FC8, cid=175, SUCCESS, logIndex=14, commits[fffb68e7-bc7b-4433-8df5-958ad16b5811:c14, d899c6ae-90ec-446d-94b3-997285126f36:c12, 503c132b-b575-4388-b650-2d70ff914a35:c12]
2019-08-30 03:51:27,100 | INFO  | DNAudit | user=null | ip=null | op=WRITE_CHUNK {blockData=conID: 1 locID: 102703895438032910 bcsId: 7} | ret=SUCCESS |  
2019-08-30 03:51:27,100 | INFO  | DNAudit | user=null | ip=null | op=WRITE_CHUNK {blockData=conID: 1 locID: 102703895438032910 bcsId: 7} | ret=SUCCESS |  
2019-08-30 03:51:27,113 | INFO  | DNAudit | user=null | ip=null | op=PUT_BLOCK {blockData=[blockId=conID: 1 locID: 102703895438032910 bcsId: 0,size=450]} | ret=SUCCESS |  
2019-08-30 03:51:27,113 | INFO  | DNAudit | user=null | ip=null | op=PUT_BLOCK {blockData=[blockId=conID: 1 locID: 102703895438032910 bcsId: 0,size=450]} | ret=SUCCESS |  
2019-08-30 03:51:27,118 [grpc-default-executor-5] INFO  client.GrpcClientProtocolClient (GrpcClientProtocolClient.java:onNext(255)) - client-7C6796E02BFB->fffb68e7-bc7b-4433-8df5-958ad16b5811: receive RaftClientReply:client-7C6796E02BFB->fffb68e7-bc7b-4433-8df5-958ad16b5811@group-6078FF790FC8, cid=176, SUCCESS, logIndex=0, commits[fffb68e7-bc7b-4433-8df5-958ad16b5811:c16, d899c6ae-90ec-446d-94b3-997285126f36:c14, 503c132b-b575-4388-b650-2d70ff914a35:c14]
2019-08-30 03:51:27,137 | INFO  | SCMAudit | user=jenkins1000 | ip=192.168.157.199 | op=SEND_HEARTBEAT {datanodeUUID=6b6e8f83-1581-4c4d-859e-6a09185f7f8f, command=[]} | ret=SUCCESS |  
2019-08-30 03:51:27,261 | INFO  | SCMAudit | user=jenkins1000 | ip=192.168.157.199 | op=SEND_HEARTBEAT {datanodeUUID=e6d3f6ef-09a3-4172-8a2c-3346e8e7f34e, command=[]} | ret=SUCCESS |  
2019-08-30 03:51:27,859 [Datanode State Machine Thread - 0] INFO  statemachine.DatanodeStateMachine (DatanodeStateMachine.java:lambda$startDaemon$0(350)) - Ozone container server started.
2019-08-30 03:51:27,860 | INFO  | SCMAudit | user=jenkins1000 | ip=192.168.157.199 | op=SEND_HEARTBEAT {datanodeUUID=d899c6ae-90ec-446d-94b3-997285126f36, command=[]} | ret=SUCCESS |  
2019-08-30 03:51:27,860 | INFO  | SCMAudit | user=jenkins1000 | ip=192.168.157.199 | op=SEND_HEARTBEAT {datanodeUUID=503c132b-b575-4388-b650-2d70ff914a35, command=[]} | ret=SUCCESS |  
2019-08-30 03:51:27,959 | INFO  | SCMAudit | user=jenkins1000 | ip=192.168.157.199 | op=SEND_HEARTBEAT {datanodeUUID=014d650f-ccff-4dcb-ad60-4ffc816b3ea1, command=[]} | ret=SUCCESS |  
2019-08-30 03:51:28,020 | INFO  | SCMAudit | user=jenkins1000 | ip=192.168.157.199 | op=SEND_HEARTBEAT {datanodeUUID=34a22de4-3e24-4541-99bd-6e7cf7aa3a5e, command=[]} | ret=SUCCESS |  
2019-08-30 03:51:28,137 | INFO  | SCMAudit | user=jenkins1000 | ip=192.168.157.199 | op=SEND_HEARTBEAT {datanodeUUID=6b6e8f83-1581-4c4d-859e-6a09185f7f8f, command=[]} | ret=SUCCESS |  
2019-08-30 03:51:28,262 | INFO  | SCMAudit | user=jenkins1000 | ip=192.168.157.199 | op=SEND_HEARTBEAT {datanodeUUID=e6d3f6ef-09a3-4172-8a2c-3346e8e7f34e, command=[]} | ret=SUCCESS |  
2019-08-30 03:51:28,859 | INFO  | SCMAudit | user=jenkins1000 | ip=192.168.157.199 | op=SEND_HEARTBEAT {datanodeUUID=d899c6ae-90ec-446d-94b3-997285126f36, command=[]} | ret=SUCCESS |  
2019-08-30 03:51:28,860 | INFO  | SCMAudit | user=jenkins1000 | ip=192.168.157.199 | op=SEND_HEARTBEAT {datanodeUUID=503c132b-b575-4388-b650-2d70ff914a35, command=[]} | ret=SUCCESS |  
2019-08-30 03:51:28,959 | INFO  | SCMAudit | user=jenkins1000 | ip=192.168.157.199 | op=SEND_HEARTBEAT {datanodeUUID=014d650f-ccff-4dcb-ad60-4ffc816b3ea1, command=[]} | ret=SUCCESS |  
2019-08-30 03:51:29,020 | INFO  | SCMAudit | user=jenkins1000 | ip=192.168.157.199 | op=SEND_HEARTBEAT {datanodeUUID=34a22de4-3e24-4541-99bd-6e7cf7aa3a5e, command=[]} | ret=SUCCESS |  
2019-08-30 03:51:29,138 | INFO  | SCMAudit | user=jenkins1000 | ip=192.168.157.199 | op=SEND_HEARTBEAT {datanodeUUID=6b6e8f83-1581-4c4d-859e-6a09185f7f8f, command=[]} | ret=SUCCESS |  
2019-08-30 03:51:29,262 | INFO  | SCMAudit | user=jenkins1000 | ip=192.168.157.199 | op=SEND_HEARTBEAT {datanodeUUID=e6d3f6ef-09a3-4172-8a2c-3346e8e7f34e, command=[]} | ret=SUCCESS |  
2019-08-30 03:51:29,859 | INFO  | SCMAudit | user=jenkins1000 | ip=192.168.157.199 | op=SEND_HEARTBEAT {datanodeUUID=d899c6ae-90ec-446d-94b3-997285126f36, command=[]} | ret=SUCCESS |  
2019-08-30 03:51:29,860 | INFO  | SCMAudit | user=jenkins1000 | ip=192.168.157.199 | op=SEND_HEARTBEAT {datanodeUUID=503c132b-b575-4388-b650-2d70ff914a35, command=[]} | ret=SUCCESS |  
2019-08-30 03:51:29,959 | INFO  | SCMAudit | user=jenkins1000 | ip=192.168.157.199 | op=SEND_HEARTBEAT {datanodeUUID=014d650f-ccff-4dcb-ad60-4ffc816b3ea1, command=[]} | ret=SUCCESS |  
2019-08-30 03:51:30,020 | INFO  | SCMAudit | user=jenkins1000 | ip=192.168.157.199 | op=SEND_HEARTBEAT {datanodeUUID=34a22de4-3e24-4541-99bd-6e7cf7aa3a5e, command=[]} | ret=SUCCESS |  
2019-08-30 03:51:30,137 | INFO  | SCMAudit | user=jenkins1000 | ip=192.168.157.199 | op=SEND_HEARTBEAT {datanodeUUID=6b6e8f83-1581-4c4d-859e-6a09185f7f8f, command=[]} | ret=SUCCESS |  
2019-08-30 03:51:30,262 | INFO  | SCMAudit | user=jenkins1000 | ip=192.168.157.199 | op=SEND_HEARTBEAT {datanodeUUID=e6d3f6ef-09a3-4172-8a2c-3346e8e7f34e, command=[]} | ret=SUCCESS |  
2019-08-30 03:51:30,859 | INFO  | SCMAudit | user=jenkins1000 | ip=192.168.157.199 | op=SEND_HEARTBEAT {datanodeUUID=d899c6ae-90ec-446d-94b3-997285126f36, command=[]} | ret=SUCCESS |  
2019-08-30 03:51:30,860 | INFO  | SCMAudit | user=jenkins1000 | ip=192.168.157.199 | op=SEND_HEARTBEAT {datanodeUUID=503c132b-b575-4388-b650-2d70ff914a35, command=[]} | ret=SUCCESS |  
2019-08-30 03:51:30,959 | INFO  | SCMAudit | user=jenkins1000 | ip=192.168.157.199 | op=SEND_HEARTBEAT {datanodeUUID=014d650f-ccff-4dcb-ad60-4ffc816b3ea1, command=[]} | ret=SUCCESS |  
2019-08-30 03:51:31,021 | INFO  | SCMAudit | user=jenkins1000 | ip=192.168.157.199 | op=SEND_HEARTBEAT {datanodeUUID=34a22de4-3e24-4541-99bd-6e7cf7aa3a5e, command=[]} | ret=SUCCESS |  
2019-08-30 03:51:31,137 | INFO  | SCMAudit | user=jenkins1000 | ip=192.168.157.199 | op=SEND_HEARTBEAT {datanodeUUID=6b6e8f83-1581-4c4d-859e-6a09185f7f8f, command=[]} | ret=SUCCESS |  
2019-08-30 03:51:31,263 | INFO  | SCMAudit | user=jenkins1000 | ip=192.168.157.199 | op=SEND_HEARTBEAT {datanodeUUID=e6d3f6ef-09a3-4172-8a2c-3346e8e7f34e, command=[]} | ret=SUCCESS |  
2019-08-30 03:51:31,859 | INFO  | SCMAudit | user=jenkins1000 | ip=192.168.157.199 | op=SEND_HEARTBEAT {datanodeUUID=d899c6ae-90ec-446d-94b3-997285126f36, command=[]} | ret=SUCCESS |  
2019-08-30 03:51:31,860 | INFO  | SCMAudit | user=jenkins1000 | ip=192.168.157.199 | op=SEND_HEARTBEAT {datanodeUUID=503c132b-b575-4388-b650-2d70ff914a35, command=[]} | ret=SUCCESS |  
2019-08-30 03:51:31,940 [EventQueue-StaleNodeForStaleNodeHandler] INFO  node.StaleNodeHandler (StaleNodeHandler.java:onMessage(58)) - Datanode fffb68e7-bc7b-4433-8df5-958ad16b5811{ip: 192.168.157.199, host: pr-hdds-2057-gndl4-2748649462, networkLocation: /default-rack, certSerialId: null} moved to stale state. Finalizing its pipelines [PipelineID=127300a6-cb81-4a3d-8c88-6078ff790fc8, PipelineID=41ad54ce-10e7-4e83-ad0a-929150577d94]
2019-08-30 03:51:31,940 [EventQueue-StaleNodeForStaleNodeHandler] INFO  pipeline.SCMPipelineManager (SCMPipelineManager.java:finalizeAndDestroyPipeline(309)) - destroying pipeline:Pipeline[ Id: 127300a6-cb81-4a3d-8c88-6078ff790fc8, Nodes: fffb68e7-bc7b-4433-8df5-958ad16b5811{ip: 192.168.157.199, host: pr-hdds-2057-gndl4-2748649462, networkLocation: /default-rack, certSerialId: null}d899c6ae-90ec-446d-94b3-997285126f36{ip: 192.168.157.199, host: pr-hdds-2057-gndl4-2748649462, networkLocation: /default-rack, certSerialId: null}503c132b-b575-4388-b650-2d70ff914a35{ip: 192.168.157.199, host: pr-hdds-2057-gndl4-2748649462, networkLocation: /default-rack, certSerialId: null}, Type:RATIS, Factor:THREE, State:OPEN]
2019-08-30 03:51:31,940 [EventQueue-StaleNodeForStaleNodeHandler] INFO  pipeline.PipelineStateManager (PipelineStateManager.java:finalizePipeline(123)) - Pipeline Pipeline[ Id: 127300a6-cb81-4a3d-8c88-6078ff790fc8, Nodes: fffb68e7-bc7b-4433-8df5-958ad16b5811{ip: 192.168.157.199, host: pr-hdds-2057-gndl4-2748649462, networkLocation: /default-rack, certSerialId: null}d899c6ae-90ec-446d-94b3-997285126f36{ip: 192.168.157.199, host: pr-hdds-2057-gndl4-2748649462, networkLocation: /default-rack, certSerialId: null}503c132b-b575-4388-b650-2d70ff914a35{ip: 192.168.157.199, host: pr-hdds-2057-gndl4-2748649462, networkLocation: /default-rack, certSerialId: null}, Type:RATIS, Factor:THREE, State:CLOSED] moved to CLOSED state
2019-08-30 03:51:31,941 [EventQueue-CloseContainerForCloseContainerEventHandler] INFO  container.CloseContainerEventHandler (CloseContainerEventHandler.java:onMessage(61)) - Close container Event triggered for container : #1
2019-08-30 03:51:31,941 [EventQueue-StaleNodeForStaleNodeHandler] INFO  pipeline.SCMPipelineManager (SCMPipelineManager.java:finalizeAndDestroyPipeline(309)) - destroying pipeline:Pipeline[ Id: 41ad54ce-10e7-4e83-ad0a-929150577d94, Nodes: fffb68e7-bc7b-4433-8df5-958ad16b5811{ip: 192.168.157.199, host: pr-hdds-2057-gndl4-2748649462, networkLocation: /default-rack, certSerialId: null}, Type:RATIS, Factor:ONE, State:OPEN]
2019-08-30 03:51:31,942 [EventQueue-StaleNodeForStaleNodeHandler] INFO  pipeline.PipelineStateManager (PipelineStateManager.java:finalizePipeline(123)) - Pipeline Pipeline[ Id: 41ad54ce-10e7-4e83-ad0a-929150577d94, Nodes: fffb68e7-bc7b-4433-8df5-958ad16b5811{ip: 192.168.157.199, host: pr-hdds-2057-gndl4-2748649462, networkLocation: /default-rack, certSerialId: null}, Type:RATIS, Factor:ONE, State:CLOSED] moved to CLOSED state
2019-08-30 03:51:31,959 | INFO  | SCMAudit | user=jenkins1000 | ip=192.168.157.199 | op=SEND_HEARTBEAT {datanodeUUID=014d650f-ccff-4dcb-ad60-4ffc816b3ea1, command=[]} | ret=SUCCESS |  
2019-08-30 03:51:32,021 | INFO  | SCMAudit | user=jenkins1000 | ip=192.168.157.199 | op=SEND_HEARTBEAT {datanodeUUID=34a22de4-3e24-4541-99bd-6e7cf7aa3a5e, command=[]} | ret=SUCCESS |  
2019-08-30 03:51:32,120 [main] INFO  ozoneimpl.OzoneContainer (OzoneContainer.java:stop(215)) - Attempting to stop container services.
2019-08-30 03:51:32,120 [main] INFO  impl.RaftServerProxy (RaftServerProxy.java:lambda$close$4(314)) - fffb68e7-bc7b-4433-8df5-958ad16b5811: close
2019-08-30 03:51:32,121 [main] INFO  impl.RaftServerImpl (RaftServerImpl.java:lambda$shutdown$3(245)) - fffb68e7-bc7b-4433-8df5-958ad16b5811: shutdown group-6078FF790FC8
2019-08-30 03:51:32,122 [main] INFO  util.JmxRegister (JmxRegister.java:unregister(73)) - Successfully un-registered JMX Bean with object name Ratis:service=RaftServer,group=group-6078FF790FC8,id=fffb68e7-bc7b-4433-8df5-958ad16b5811
2019-08-30 03:51:32,122 [main] INFO  impl.RoleInfo (RoleInfo.java:shutdownLeaderState(104)) - fffb68e7-bc7b-4433-8df5-958ad16b5811: shutdown LeaderState
2019-08-30 03:51:32,128 [org.apache.ratis.server.impl.LogAppender$AppenderDaemon$$Lambda$476/685984204@54896e05] WARN  server.GrpcLogAppender (GrpcLogAppender.java:mayWait(143)) - GrpcLogAppender(fffb68e7-bc7b-4433-8df5-958ad16b5811->d899c6ae-90ec-446d-94b3-997285126f36): Wait interrupted by java.lang.InterruptedException
2019-08-30 03:51:32,128 [main] INFO  impl.PendingRequests (PendingRequests.java:sendNotLeaderResponses(202)) - fffb68e7-bc7b-4433-8df5-958ad16b5811-PendingRequests: sendNotLeaderResponses
2019-08-30 03:51:32,129 [grpc-default-executor-5] INFO  server.GrpcServerProtocolService (GrpcServerProtocolService.java:onCompleted(104)) - d899c6ae-90ec-446d-94b3-997285126f36: appendEntries completed
2019-08-30 03:51:32,128 [org.apache.ratis.server.impl.LogAppender$AppenderDaemon$$Lambda$476/685984204@118bfaf0] WARN  server.GrpcLogAppender (GrpcLogAppender.java:mayWait(143)) - GrpcLogAppender(fffb68e7-bc7b-4433-8df5-958ad16b5811->503c132b-b575-4388-b650-2d70ff914a35): Wait interrupted by java.lang.InterruptedException
2019-08-30 03:51:32,133 [StateMachineUpdater:fffb68e7-bc7b-4433-8df5-958ad16b5811:group-6078FF790FC8] INFO  ratis.ContainerStateMachine (ContainerStateMachine.java:takeSnapshot(284)) - group-6078FF790FC8: Taking a snapshot at:(t:2, i:14) file /workdir/hadoop-ozone/integration-test/target/test-dir/MiniOzoneClusterImpl-42edc0d0-c7e9-4cf8-aacf-72b5a22a0227/datanode-6/data/ratis/127300a6-cb81-4a3d-8c88-6078ff790fc8/sm/snapshot.2_14
2019-08-30 03:51:32,133 [main] INFO  impl.StateMachineUpdater (StateMachineUpdater.java:stopAndJoin(115)) - StateMachineUpdater:fffb68e7-bc7b-4433-8df5-958ad16b5811:group-6078FF790FC8: set stopIndex = 16
2019-08-30 03:51:32,134 [grpc-default-executor-5] INFO  server.GrpcServerProtocolService (GrpcServerProtocolService.java:onCompleted(104)) - 503c132b-b575-4388-b650-2d70ff914a35: appendEntries completed
2019-08-30 03:51:32,133 [grpc-default-executor-7] INFO  server.GrpcLogAppender (GrpcLogAppender.java:onCompleted(292)) - fffb68e7-bc7b-4433-8df5-958ad16b5811->d899c6ae-90ec-446d-94b3-997285126f36: follower responses appendEntries COMPLETED
2019-08-30 03:51:32,134 [grpc-default-executor-5] INFO  server.GrpcLogAppender (GrpcLogAppender.java:onCompleted(292)) - fffb68e7-bc7b-4433-8df5-958ad16b5811->503c132b-b575-4388-b650-2d70ff914a35: follower responses appendEntries COMPLETED
2019-08-30 03:51:32,135 [grpc-default-executor-7] INFO  impl.FollowerInfo (FollowerInfo.java:lambda$new$0(50)) - fffb68e7-bc7b-4433-8df5-958ad16b5811->d899c6ae-90ec-446d-94b3-997285126f36: nextIndex: updateUnconditionally 17 -> 16
2019-08-30 03:51:32,135 [grpc-default-executor-5] INFO  impl.FollowerInfo (FollowerInfo.java:lambda$new$0(50)) - fffb68e7-bc7b-4433-8df5-958ad16b5811->503c132b-b575-4388-b650-2d70ff914a35: nextIndex: updateUnconditionally 17 -> 16
2019-08-30 03:51:32,137 | INFO  | SCMAudit | user=jenkins1000 | ip=192.168.157.199 | op=SEND_HEARTBEAT {datanodeUUID=6b6e8f83-1581-4c4d-859e-6a09185f7f8f, command=[]} | ret=SUCCESS |  
2019-08-30 03:51:32,148 [StateMachineUpdater:fffb68e7-bc7b-4433-8df5-958ad16b5811:group-6078FF790FC8] INFO  ratis.ContainerStateMachine (ContainerStateMachine.java:takeSnapshot(295)) - group-6078FF790FC8: Finished taking a snapshot at:(t:2, i:14) file:/workdir/hadoop-ozone/integration-test/target/test-dir/MiniOzoneClusterImpl-42edc0d0-c7e9-4cf8-aacf-72b5a22a0227/datanode-6/data/ratis/127300a6-cb81-4a3d-8c88-6078ff790fc8/sm/snapshot.2_14 time:15
2019-08-30 03:51:32,148 [StateMachineUpdater:fffb68e7-bc7b-4433-8df5-958ad16b5811:group-6078FF790FC8] INFO  impl.StateMachineUpdater (StateMachineUpdater.java:takeSnapshot(242)) - StateMachineUpdater:fffb68e7-bc7b-4433-8df5-958ad16b5811:group-6078FF790FC8: Took a snapshot at index 14
2019-08-30 03:51:32,148 [StateMachineUpdater:fffb68e7-bc7b-4433-8df5-958ad16b5811:group-6078FF790FC8] INFO  impl.StateMachineUpdater (StateMachineUpdater.java:lambda$new$0(80)) - StateMachineUpdater:fffb68e7-bc7b-4433-8df5-958ad16b5811:group-6078FF790FC8: snapshotIndex: updateIncreasingly -1 -> 14
2019-08-30 03:51:32,149 [main] INFO  impl.RaftServerImpl (ServerState.java:close(394)) - fffb68e7-bc7b-4433-8df5-958ad16b5811:group-6078FF790FC8 closes. The last applied log index is 16
2019-08-30 03:51:32,149 [fffb68e7-bc7b-4433-8df5-958ad16b5811-SegmentedRaftLogWorker:Storage Directory /workdir/hadoop-ozone/integration-test/target/test-dir/MiniOzoneClusterImpl-42edc0d0-c7e9-4cf8-aacf-72b5a22a0227/datanode-6/data/ratis/127300a6-cb81-4a3d-8c88-6078ff790fc8] INFO  segmented.SegmentedRaftLogWorker (SegmentedRaftLogWorker.java:run(313)) - fffb68e7-bc7b-4433-8df5-958ad16b5811-SegmentedRaftLogWorker:Storage Directory /workdir/hadoop-ozone/integration-test/target/test-dir/MiniOzoneClusterImpl-42edc0d0-c7e9-4cf8-aacf-72b5a22a0227/datanode-6/data/ratis/127300a6-cb81-4a3d-8c88-6078ff790fc8 was interrupted, exiting. There are 0 tasks remaining in the queue.
2019-08-30 03:51:32,152 [main] INFO  segmented.SegmentedRaftLogWorker (SegmentedRaftLogWorker.java:close(228)) - fffb68e7-bc7b-4433-8df5-958ad16b5811-SegmentedRaftLogWorker:Storage Directory /workdir/hadoop-ozone/integration-test/target/test-dir/MiniOzoneClusterImpl-42edc0d0-c7e9-4cf8-aacf-72b5a22a0227/datanode-6/data/ratis/127300a6-cb81-4a3d-8c88-6078ff790fc8 close()
2019-08-30 03:51:32,157 [main] INFO  impl.RaftServerImpl (RaftServerImpl.java:lambda$shutdown$3(245)) - fffb68e7-bc7b-4433-8df5-958ad16b5811: shutdown group-929150577D94
2019-08-30 03:51:32,157 [main] INFO  util.JmxRegister (JmxRegister.java:unregister(73)) - Successfully un-registered JMX Bean with object name Ratis:service=RaftServer,group=group-929150577D94,id=fffb68e7-bc7b-4433-8df5-958ad16b5811
2019-08-30 03:51:32,158 [main] INFO  impl.RoleInfo (RoleInfo.java:shutdownLeaderState(104)) - fffb68e7-bc7b-4433-8df5-958ad16b5811: shutdown LeaderState
2019-08-30 03:51:32,158 [main] INFO  impl.PendingRequests (PendingRequests.java:sendNotLeaderResponses(202)) - fffb68e7-bc7b-4433-8df5-958ad16b5811-PendingRequests: sendNotLeaderResponses
2019-08-30 03:51:32,158 [main] INFO  impl.StateMachineUpdater (StateMachineUpdater.java:stopAndJoin(115)) - StateMachineUpdater:fffb68e7-bc7b-4433-8df5-958ad16b5811:group-929150577D94: set stopIndex = 0
2019-08-30 03:51:32,159 [main] INFO  impl.RaftServerImpl (ServerState.java:close(394)) - fffb68e7-bc7b-4433-8df5-958ad16b5811:group-929150577D94 closes. The last applied log index is 0
2019-08-30 03:51:32,159 [fffb68e7-bc7b-4433-8df5-958ad16b5811-SegmentedRaftLogWorker:Storage Directory /workdir/hadoop-ozone/integration-test/target/test-dir/MiniOzoneClusterImpl-42edc0d0-c7e9-4cf8-aacf-72b5a22a0227/datanode-6/data/ratis/41ad54ce-10e7-4e83-ad0a-929150577d94] INFO  segmented.SegmentedRaftLogWorker (SegmentedRaftLogWorker.java:run(313)) - fffb68e7-bc7b-4433-8df5-958ad16b5811-SegmentedRaftLogWorker:Storage Directory /workdir/hadoop-ozone/integration-test/target/test-dir/MiniOzoneClusterImpl-42edc0d0-c7e9-4cf8-aacf-72b5a22a0227/datanode-6/data/ratis/41ad54ce-10e7-4e83-ad0a-929150577d94 was interrupted, exiting. There are 0 tasks remaining in the queue.
2019-08-30 03:51:32,175 [main] INFO  segmented.SegmentedRaftLogWorker (SegmentedRaftLogWorker.java:close(228)) - fffb68e7-bc7b-4433-8df5-958ad16b5811-SegmentedRaftLogWorker:Storage Directory /workdir/hadoop-ozone/integration-test/target/test-dir/MiniOzoneClusterImpl-42edc0d0-c7e9-4cf8-aacf-72b5a22a0227/datanode-6/data/ratis/41ad54ce-10e7-4e83-ad0a-929150577d94 close()
2019-08-30 03:51:32,178 [main] INFO  server.GrpcService (GrpcService.java:closeImpl(155)) - fffb68e7-bc7b-4433-8df5-958ad16b5811: shutdown server with port 46347 now
2019-08-30 03:51:32,179 [grpc-default-executor-7] WARN  client.GrpcClientProtocolService (LogUtils.java:warn(134)) - 5-UnorderedRequestStreamObserver5: onError: org.apache.ratis.thirdparty.io.grpc.StatusRuntimeException: CANCELLED: cancelled before receiving half close
2019-08-30 03:51:32,179 [main] INFO  server.GrpcService (GrpcService.java:closeImpl(163)) - fffb68e7-bc7b-4433-8df5-958ad16b5811: shutdown server with port 46347 successfully
2019-08-30 03:51:32,181 [refreshUsed-/workdir/hadoop-ozone/integration-test/target/test-dir/MiniOzoneClusterImpl-42edc0d0-c7e9-4cf8-aacf-72b5a22a0227/datanode-6/data/containers] WARN  fs.CachingGetSpaceUsed (CachingGetSpaceUsed.java:run(183)) - Thread Interrupted waiting to refresh disk information: sleep interrupted
2019-08-30 03:51:32,201 [main] INFO  utils.BackgroundService (BackgroundService.java:shutdown(148)) - Shutting down service BlockDeletingService
2019-08-30 03:51:32,210 [main] INFO  statemachine.DatanodeStateMachine (DatanodeStateMachine.java:stopDaemon(395)) - Ozone container server stopped.
2019-08-30 03:51:32,212 [main] INFO  handler.ContextHandler (ContextHandler.java:doStop(910)) - Stopped o.e.j.w.WebAppContext@45bbc52f{/,null,UNAVAILABLE}{/hddsDatanode}
2019-08-30 03:51:32,214 [main] INFO  server.AbstractConnector (AbstractConnector.java:doStop(318)) - Stopped ServerConnector@6a8a551e{HTTP/1.1,[http/1.1]}{0.0.0.0:0}
2019-08-30 03:51:32,215 [main] INFO  handler.ContextHandler (ContextHandler.java:doStop(910)) - Stopped o.e.j.s.ServletContextHandler@7cd5fcf4{/static,jar:file:/home/user/.m2/repository/org/apache/hadoop/hadoop-hdds-container-service/0.5.0-SNAPSHOT/hadoop-hdds-container-service-0.5.0-SNAPSHOT.jar!/webapps/static,UNAVAILABLE}
2019-08-30 03:51:32,215 [main] INFO  handler.ContextHandler (ContextHandler.java:doStop(910)) - Stopped o.e.j.s.ServletContextHandler@7ea71fc2{/logs,file:///workdir/hadoop-ozone/integration-test/target/log,UNAVAILABLE}
2019-08-30 03:51:32,263 | INFO  | SCMAudit | user=jenkins1000 | ip=192.168.157.199 | op=SEND_HEARTBEAT {datanodeUUID=e6d3f6ef-09a3-4172-8a2c-3346e8e7f34e, command=[]} | ret=SUCCESS |  
2019-08-30 03:51:32,860 | INFO  | SCMAudit | user=jenkins1000 | ip=192.168.157.199 | op=SEND_HEARTBEAT {datanodeUUID=503c132b-b575-4388-b650-2d70ff914a35, command=[commandType: closeContainerCommand closeContainerCommandProto { containerID: 1 pipelineID { id: "127300a6-cb81-4a3d-8c88-6078ff790fc8" } cmdId: 1 force: false } ]} | ret=SUCCESS |  
2019-08-30 03:51:32,860 | INFO  | SCMAudit | user=jenkins1000 | ip=192.168.157.199 | op=SEND_HEARTBEAT {datanodeUUID=d899c6ae-90ec-446d-94b3-997285126f36, command=[commandType: closeContainerCommand closeContainerCommandProto { containerID: 1 pipelineID { id: "127300a6-cb81-4a3d-8c88-6078ff790fc8" } cmdId: 1 force: false } ]} | ret=SUCCESS |  
2019-08-30 03:51:32,961 | INFO  | SCMAudit | user=jenkins1000 | ip=192.168.157.199 | op=SEND_HEARTBEAT {datanodeUUID=014d650f-ccff-4dcb-ad60-4ffc816b3ea1, command=[]} | ret=SUCCESS |  
2019-08-30 03:51:33,021 | INFO  | SCMAudit | user=jenkins1000 | ip=192.168.157.199 | op=SEND_HEARTBEAT {datanodeUUID=34a22de4-3e24-4541-99bd-6e7cf7aa3a5e, command=[]} | ret=SUCCESS |  
2019-08-30 03:51:33,138 | INFO  | SCMAudit | user=jenkins1000 | ip=192.168.157.199 | op=SEND_HEARTBEAT {datanodeUUID=6b6e8f83-1581-4c4d-859e-6a09185f7f8f, command=[]} | ret=SUCCESS |  
2019-08-30 03:51:33,263 | INFO  | SCMAudit | user=jenkins1000 | ip=192.168.157.199 | op=SEND_HEARTBEAT {datanodeUUID=e6d3f6ef-09a3-4172-8a2c-3346e8e7f34e, command=[]} | ret=SUCCESS |  
2019-08-30 03:51:33,859 | INFO  | SCMAudit | user=jenkins1000 | ip=192.168.157.199 | op=SEND_HEARTBEAT {datanodeUUID=d899c6ae-90ec-446d-94b3-997285126f36, command=[]} | ret=SUCCESS |  
2019-08-30 03:51:33,860 | INFO  | SCMAudit | user=jenkins1000 | ip=192.168.157.199 | op=SEND_HEARTBEAT {datanodeUUID=503c132b-b575-4388-b650-2d70ff914a35, command=[]} | ret=SUCCESS |  
2019-08-30 03:51:33,888 | INFO  | SCMAudit | user=jenkins1000 | ip=192.168.157.199 | op=SEND_HEARTBEAT {datanodeUUID=d899c6ae-90ec-446d-94b3-997285126f36, command=[]} | ret=SUCCESS |  
2019-08-30 03:51:33,888 | INFO  | SCMAudit | user=jenkins1000 | ip=192.168.157.199 | op=SEND_HEARTBEAT {datanodeUUID=503c132b-b575-4388-b650-2d70ff914a35, command=[]} | ret=SUCCESS |  
2019-08-30 03:51:33,961 | INFO  | SCMAudit | user=jenkins1000 | ip=192.168.157.199 | op=SEND_HEARTBEAT {datanodeUUID=014d650f-ccff-4dcb-ad60-4ffc816b3ea1, command=[]} | ret=SUCCESS |  
2019-08-30 03:51:34,021 | INFO  | SCMAudit | user=jenkins1000 | ip=192.168.157.199 | op=SEND_HEARTBEAT {datanodeUUID=34a22de4-3e24-4541-99bd-6e7cf7aa3a5e, command=[]} | ret=SUCCESS |  
2019-08-30 03:51:34,137 | INFO  | SCMAudit | user=jenkins1000 | ip=192.168.157.199 | op=SEND_HEARTBEAT {datanodeUUID=6b6e8f83-1581-4c4d-859e-6a09185f7f8f, command=[]} | ret=SUCCESS |  
2019-08-30 03:51:34,232 [grpc-default-executor-5] INFO  client.GrpcClientProtocolClient (GrpcClientProtocolClient.java:onNext(255)) - client-7C6796E02BFB->503c132b-b575-4388-b650-2d70ff914a35: receive RaftClientReply:client-7C6796E02BFB->503c132b-b575-4388-b650-2d70ff914a35@group-6078FF790FC8, cid=177, FAILED org.apache.ratis.protocol.NotLeaderException: Server 503c132b-b575-4388-b650-2d70ff914a35 is not the leader (fffb68e7-bc7b-4433-8df5-958ad16b5811:192.168.157.199:46347). Request must be sent to leader., logIndex=0, commits[503c132b-b575-4388-b650-2d70ff914a35:c16, d899c6ae-90ec-446d-94b3-997285126f36:c16, fffb68e7-bc7b-4433-8df5-958ad16b5811:c16]
2019-08-30 03:51:34,263 | INFO  | SCMAudit | user=jenkins1000 | ip=192.168.157.199 | op=SEND_HEARTBEAT {datanodeUUID=e6d3f6ef-09a3-4172-8a2c-3346e8e7f34e, command=[]} | ret=SUCCESS |  
2019-08-30 03:51:34,888 | INFO  | SCMAudit | user=jenkins1000 | ip=192.168.157.199 | op=SEND_HEARTBEAT {datanodeUUID=503c132b-b575-4388-b650-2d70ff914a35, command=[]} | ret=SUCCESS |  
2019-08-30 03:51:34,888 | INFO  | SCMAudit | user=jenkins1000 | ip=192.168.157.199 | op=SEND_HEARTBEAT {datanodeUUID=d899c6ae-90ec-446d-94b3-997285126f36, command=[]} | ret=SUCCESS |  
2019-08-30 03:51:34,962 | INFO  | SCMAudit | user=jenkins1000 | ip=192.168.157.199 | op=SEND_HEARTBEAT {datanodeUUID=014d650f-ccff-4dcb-ad60-4ffc816b3ea1, command=[]} | ret=SUCCESS |  
2019-08-30 03:51:35,021 | INFO  | SCMAudit | user=jenkins1000 | ip=192.168.157.199 | op=SEND_HEARTBEAT {datanodeUUID=34a22de4-3e24-4541-99bd-6e7cf7aa3a5e, command=[]} | ret=SUCCESS |  
2019-08-30 03:51:35,137 | INFO  | SCMAudit | user=jenkins1000 | ip=192.168.157.199 | op=SEND_HEARTBEAT {datanodeUUID=6b6e8f83-1581-4c4d-859e-6a09185f7f8f, command=[]} | ret=SUCCESS |  
2019-08-30 03:51:35,250 [grpc-default-executor-7] INFO  client.GrpcClientProtocolClient (GrpcClientProtocolClient.java:onNext(255)) - client-7C6796E02BFB->d899c6ae-90ec-446d-94b3-997285126f36: receive RaftClientReply:client-7C6796E02BFB->d899c6ae-90ec-446d-94b3-997285126f36@group-6078FF790FC8, cid=177, FAILED org.apache.ratis.protocol.NotLeaderException: Server d899c6ae-90ec-446d-94b3-997285126f36 is not the leader (fffb68e7-bc7b-4433-8df5-958ad16b5811:192.168.157.199:46347). Request must be sent to leader., logIndex=0, commits[d899c6ae-90ec-446d-94b3-997285126f36:c16, 503c132b-b575-4388-b650-2d70ff914a35:c16, fffb68e7-bc7b-4433-8df5-958ad16b5811:c16]
2019-08-30 03:51:35,264 | INFO  | SCMAudit | user=jenkins1000 | ip=192.168.157.199 | op=SEND_HEARTBEAT {datanodeUUID=e6d3f6ef-09a3-4172-8a2c-3346e8e7f34e, command=[]} | ret=SUCCESS |  
2019-08-30 03:51:35,888 | INFO  | SCMAudit | user=jenkins1000 | ip=192.168.157.199 | op=SEND_HEARTBEAT {datanodeUUID=503c132b-b575-4388-b650-2d70ff914a35, command=[]} | ret=SUCCESS |  
2019-08-30 03:51:35,888 | INFO  | SCMAudit | user=jenkins1000 | ip=192.168.157.199 | op=SEND_HEARTBEAT {datanodeUUID=d899c6ae-90ec-446d-94b3-997285126f36, command=[]} | ret=SUCCESS |  
2019-08-30 03:51:35,961 | INFO  | SCMAudit | user=jenkins1000 | ip=192.168.157.199 | op=SEND_HEARTBEAT {datanodeUUID=014d650f-ccff-4dcb-ad60-4ffc816b3ea1, command=[]} | ret=SUCCESS |  
2019-08-30 03:51:36,022 | INFO  | SCMAudit | user=jenkins1000 | ip=192.168.157.199 | op=SEND_HEARTBEAT {datanodeUUID=34a22de4-3e24-4541-99bd-6e7cf7aa3a5e, command=[]} | ret=SUCCESS |  
2019-08-30 03:51:36,138 | INFO  | SCMAudit | user=jenkins1000 | ip=192.168.157.199 | op=SEND_HEARTBEAT {datanodeUUID=6b6e8f83-1581-4c4d-859e-6a09185f7f8f, command=[]} | ret=SUCCESS |  
2019-08-30 03:51:36,266 | INFO  | SCMAudit | user=jenkins1000 | ip=192.168.157.199 | op=SEND_HEARTBEAT {datanodeUUID=e6d3f6ef-09a3-4172-8a2c-3346e8e7f34e, command=[]} | ret=SUCCESS |  
2019-08-30 03:51:36,266 [grpc-default-executor-7] INFO  client.GrpcClientProtocolClient (GrpcClientProtocolClient.java:onNext(255)) - client-7C6796E02BFB->d899c6ae-90ec-446d-94b3-997285126f36: receive RaftClientReply:client-7C6796E02BFB->d899c6ae-90ec-446d-94b3-997285126f36@group-6078FF790FC8, cid=177, FAILED org.apache.ratis.protocol.NotLeaderException: Server d899c6ae-90ec-446d-94b3-997285126f36 is not the leader (fffb68e7-bc7b-4433-8df5-958ad16b5811:192.168.157.199:46347). Request must be sent to leader., logIndex=0, commits[d899c6ae-90ec-446d-94b3-997285126f36:c16, 503c132b-b575-4388-b650-2d70ff914a35:c16, fffb68e7-bc7b-4433-8df5-958ad16b5811:c16]
2019-08-30 03:51:36,889 | INFO  | SCMAudit | user=jenkins1000 | ip=192.168.157.199 | op=SEND_HEARTBEAT {datanodeUUID=503c132b-b575-4388-b650-2d70ff914a35, command=[]} | ret=SUCCESS |  
2019-08-30 03:51:36,889 | INFO  | SCMAudit | user=jenkins1000 | ip=192.168.157.199 | op=SEND_HEARTBEAT {datanodeUUID=d899c6ae-90ec-446d-94b3-997285126f36, command=[]} | ret=SUCCESS |  
2019-08-30 03:51:36,961 | INFO  | SCMAudit | user=jenkins1000 | ip=192.168.157.199 | op=SEND_HEARTBEAT {datanodeUUID=014d650f-ccff-4dcb-ad60-4ffc816b3ea1, command=[]} | ret=SUCCESS |  
2019-08-30 03:51:37,022 | INFO  | SCMAudit | user=jenkins1000 | ip=192.168.157.199 | op=SEND_HEARTBEAT {datanodeUUID=34a22de4-3e24-4541-99bd-6e7cf7aa3a5e, command=[]} | ret=SUCCESS |  
2019-08-30 03:51:37,137 | INFO  | SCMAudit | user=jenkins1000 | ip=192.168.157.199 | op=SEND_HEARTBEAT {datanodeUUID=6b6e8f83-1581-4c4d-859e-6a09185f7f8f, command=[]} | ret=SUCCESS |  
2019-08-30 03:51:37,265 | INFO  | SCMAudit | user=jenkins1000 | ip=192.168.157.199 | op=SEND_HEARTBEAT {datanodeUUID=e6d3f6ef-09a3-4172-8a2c-3346e8e7f34e, command=[]} | ret=SUCCESS |  
2019-08-30 03:51:37,282 [grpc-default-executor-7] INFO  client.GrpcClientProtocolClient (GrpcClientProtocolClient.java:onNext(255)) - client-7C6796E02BFB->503c132b-b575-4388-b650-2d70ff914a35: receive RaftClientReply:client-7C6796E02BFB->503c132b-b575-4388-b650-2d70ff914a35@group-6078FF790FC8, cid=177, FAILED org.apache.ratis.protocol.NotLeaderException: Server 503c132b-b575-4388-b650-2d70ff914a35 is not the leader (fffb68e7-bc7b-4433-8df5-958ad16b5811:192.168.157.199:46347). Request must be sent to leader., logIndex=0, commits[503c132b-b575-4388-b650-2d70ff914a35:c16, d899c6ae-90ec-446d-94b3-997285126f36:c16, fffb68e7-bc7b-4433-8df5-958ad16b5811:c16]
2019-08-30 03:51:37,888 | INFO  | SCMAudit | user=jenkins1000 | ip=192.168.157.199 | op=SEND_HEARTBEAT {datanodeUUID=503c132b-b575-4388-b650-2d70ff914a35, command=[]} | ret=SUCCESS |  
2019-08-30 03:51:37,888 | INFO  | SCMAudit | user=jenkins1000 | ip=192.168.157.199 | op=SEND_HEARTBEAT {datanodeUUID=d899c6ae-90ec-446d-94b3-997285126f36, command=[]} | ret=SUCCESS |  
2019-08-30 03:51:37,962 | INFO  | SCMAudit | user=jenkins1000 | ip=192.168.157.199 | op=SEND_HEARTBEAT {datanodeUUID=014d650f-ccff-4dcb-ad60-4ffc816b3ea1, command=[]} | ret=SUCCESS |  
2019-08-30 03:51:38,023 | INFO  | SCMAudit | user=jenkins1000 | ip=192.168.157.199 | op=SEND_HEARTBEAT {datanodeUUID=34a22de4-3e24-4541-99bd-6e7cf7aa3a5e, command=[]} | ret=SUCCESS |  
2019-08-30 03:51:38,137 | INFO  | SCMAudit | user=jenkins1000 | ip=192.168.157.199 | op=SEND_HEARTBEAT {datanodeUUID=6b6e8f83-1581-4c4d-859e-6a09185f7f8f, command=[]} | ret=SUCCESS |  
2019-08-30 03:51:38,264 | INFO  | SCMAudit | user=jenkins1000 | ip=192.168.157.199 | op=SEND_HEARTBEAT {datanodeUUID=e6d3f6ef-09a3-4172-8a2c-3346e8e7f34e, command=[]} | ret=SUCCESS |  
2019-08-30 03:51:38,304 [grpc-default-executor-5] INFO  client.GrpcClientProtocolClient (GrpcClientProtocolClient.java:onNext(255)) - client-7C6796E02BFB->d899c6ae-90ec-446d-94b3-997285126f36: receive RaftClientReply:client-7C6796E02BFB->d899c6ae-90ec-446d-94b3-997285126f36@group-6078FF790FC8, cid=177, FAILED org.apache.ratis.protocol.NotLeaderException: Server d899c6ae-90ec-446d-94b3-997285126f36 is not the leader (fffb68e7-bc7b-4433-8df5-958ad16b5811:192.168.157.199:46347). Request must be sent to leader., logIndex=0, commits[d899c6ae-90ec-446d-94b3-997285126f36:c16, 503c132b-b575-4388-b650-2d70ff914a35:c16, fffb68e7-bc7b-4433-8df5-958ad16b5811:c16]
2019-08-30 03:51:38,888 | INFO  | SCMAudit | user=jenkins1000 | ip=192.168.157.199 | op=SEND_HEARTBEAT {datanodeUUID=503c132b-b575-4388-b650-2d70ff914a35, command=[]} | ret=SUCCESS |  
2019-08-30 03:51:38,888 | INFO  | SCMAudit | user=jenkins1000 | ip=192.168.157.199 | op=SEND_HEARTBEAT {datanodeUUID=d899c6ae-90ec-446d-94b3-997285126f36, command=[]} | ret=SUCCESS |  
2019-08-30 03:51:38,962 | INFO  | SCMAudit | user=jenkins1000 | ip=192.168.157.199 | op=SEND_HEARTBEAT {datanodeUUID=014d650f-ccff-4dcb-ad60-4ffc816b3ea1, command=[]} | ret=SUCCESS |  
2019-08-30 03:51:39,022 | INFO  | SCMAudit | user=jenkins1000 | ip=192.168.157.199 | op=SEND_HEARTBEAT {datanodeUUID=34a22de4-3e24-4541-99bd-6e7cf7aa3a5e, command=[]} | ret=SUCCESS |  
2019-08-30 03:51:39,137 | INFO  | SCMAudit | user=jenkins1000 | ip=192.168.157.199 | op=SEND_HEARTBEAT {datanodeUUID=6b6e8f83-1581-4c4d-859e-6a09185f7f8f, command=[]} | ret=SUCCESS |  
2019-08-30 03:51:39,264 | INFO  | SCMAudit | user=jenkins1000 | ip=192.168.157.199 | op=SEND_HEARTBEAT {datanodeUUID=e6d3f6ef-09a3-4172-8a2c-3346e8e7f34e, command=[]} | ret=SUCCESS |  
2019-08-30 03:51:39,322 [grpc-default-executor-7] INFO  client.GrpcClientProtocolClient (GrpcClientProtocolClient.java:onNext(255)) - client-7C6796E02BFB->503c132b-b575-4388-b650-2d70ff914a35: receive RaftClientReply:client-7C6796E02BFB->503c132b-b575-4388-b650-2d70ff914a35@group-6078FF790FC8, cid=177, FAILED org.apache.ratis.protocol.NotLeaderException: Server 503c132b-b575-4388-b650-2d70ff914a35 is not the leader (fffb68e7-bc7b-4433-8df5-958ad16b5811:192.168.157.199:46347). Request must be sent to leader., logIndex=0, commits[503c132b-b575-4388-b650-2d70ff914a35:c16, d899c6ae-90ec-446d-94b3-997285126f36:c16, fffb68e7-bc7b-4433-8df5-958ad16b5811:c16]
2019-08-30 03:51:39,888 | INFO  | SCMAudit | user=jenkins1000 | ip=192.168.157.199 | op=SEND_HEARTBEAT {datanodeUUID=503c132b-b575-4388-b650-2d70ff914a35, command=[]} | ret=SUCCESS |  
2019-08-30 03:51:39,888 | INFO  | SCMAudit | user=jenkins1000 | ip=192.168.157.199 | op=SEND_HEARTBEAT {datanodeUUID=d899c6ae-90ec-446d-94b3-997285126f36, command=[]} | ret=SUCCESS |  
2019-08-30 03:51:39,962 | INFO  | SCMAudit | user=jenkins1000 | ip=192.168.157.199 | op=SEND_HEARTBEAT {datanodeUUID=014d650f-ccff-4dcb-ad60-4ffc816b3ea1, command=[]} | ret=SUCCESS |  
2019-08-30 03:51:40,022 | INFO  | SCMAudit | user=jenkins1000 | ip=192.168.157.199 | op=SEND_HEARTBEAT {datanodeUUID=34a22de4-3e24-4541-99bd-6e7cf7aa3a5e, command=[]} | ret=SUCCESS |  
2019-08-30 03:51:40,138 | INFO  | SCMAudit | user=jenkins1000 | ip=192.168.157.199 | op=SEND_HEARTBEAT {datanodeUUID=6b6e8f83-1581-4c4d-859e-6a09185f7f8f, command=[]} | ret=SUCCESS |  
2019-08-30 03:51:40,265 | INFO  | SCMAudit | user=jenkins1000 | ip=192.168.157.199 | op=SEND_HEARTBEAT {datanodeUUID=e6d3f6ef-09a3-4172-8a2c-3346e8e7f34e, command=[]} | ret=SUCCESS |  
2019-08-30 03:51:40,349 [grpc-default-executor-8] INFO  client.GrpcClientProtocolClient (GrpcClientProtocolClient.java:onNext(255)) - client-7C6796E02BFB->503c132b-b575-4388-b650-2d70ff914a35: receive RaftClientReply:client-7C6796E02BFB->503c132b-b575-4388-b650-2d70ff914a35@group-6078FF790FC8, cid=177, FAILED org.apache.ratis.protocol.NotLeaderException: Server 503c132b-b575-4388-b650-2d70ff914a35 is not the leader (fffb68e7-bc7b-4433-8df5-958ad16b5811:192.168.157.199:46347). Request must be sent to leader., logIndex=0, commits[503c132b-b575-4388-b650-2d70ff914a35:c16, d899c6ae-90ec-446d-94b3-997285126f36:c16, fffb68e7-bc7b-4433-8df5-958ad16b5811:c16]
2019-08-30 03:51:40,889 | INFO  | SCMAudit | user=jenkins1000 | ip=192.168.157.199 | op=SEND_HEARTBEAT {datanodeUUID=503c132b-b575-4388-b650-2d70ff914a35, command=[]} | ret=SUCCESS |  
2019-08-30 03:51:40,889 | INFO  | SCMAudit | user=jenkins1000 | ip=192.168.157.199 | op=SEND_HEARTBEAT {datanodeUUID=d899c6ae-90ec-446d-94b3-997285126f36, command=[]} | ret=SUCCESS |  
2019-08-30 03:51:40,962 | INFO  | SCMAudit | user=jenkins1000 | ip=192.168.157.199 | op=SEND_HEARTBEAT {datanodeUUID=014d650f-ccff-4dcb-ad60-4ffc816b3ea1, command=[]} | ret=SUCCESS |  
2019-08-30 03:51:41,004 [Thread-3419] INFO  impl.FollowerState (FollowerState.java:run(106)) - 503c132b-b575-4388-b650-2d70ff914a35:group-6078FF790FC8 changes to CANDIDATE, lastRpcTime:8886, electionTimeout:5034ms
2019-08-30 03:51:41,004 [Thread-3419] INFO  impl.RoleInfo (RoleInfo.java:shutdownFollowerState(121)) - 503c132b-b575-4388-b650-2d70ff914a35: shutdown FollowerState
2019-08-30 03:51:41,004 [Thread-3419] INFO  impl.RaftServerImpl (RaftServerImpl.java:setRole(171)) - 503c132b-b575-4388-b650-2d70ff914a35:group-6078FF790FC8 changes role from FOLLOWER to CANDIDATE at term 2 for changeToCandidate
2019-08-30 03:51:41,004 [Thread-3419] INFO  impl.RoleInfo (RoleInfo.java:updateAndGet(143)) - 503c132b-b575-4388-b650-2d70ff914a35: start LeaderElection
2019-08-30 03:51:41,011 [503c132b-b575-4388-b650-2d70ff914a35:group-6078FF790FC8:LeaderElection74] INFO  impl.RaftServerImpl (ServerState.java:setLeader(263)) - 503c132b-b575-4388-b650-2d70ff914a35:group-6078FF790FC8 change Leader from fffb68e7-bc7b-4433-8df5-958ad16b5811 to null at term 2 for initElection
2019-08-30 03:51:41,022 | INFO  | SCMAudit | user=jenkins1000 | ip=192.168.157.199 | op=SEND_HEARTBEAT {datanodeUUID=34a22de4-3e24-4541-99bd-6e7cf7aa3a5e, command=[]} | ret=SUCCESS |  
2019-08-30 03:51:41,037 [503c132b-b575-4388-b650-2d70ff914a35:group-6078FF790FC8:LeaderElection74] INFO  impl.LeaderElection (LeaderElection.java:askForVotes(181)) - 503c132b-b575-4388-b650-2d70ff914a35:group-6078FF790FC8:LeaderElection74: begin an election at term 3 for 0: [d899c6ae-90ec-446d-94b3-997285126f36:192.168.157.199:40289, 503c132b-b575-4388-b650-2d70ff914a35:192.168.157.199:39683, fffb68e7-bc7b-4433-8df5-958ad16b5811:192.168.157.199:46347], old=null
2019-08-30 03:51:41,040 [503c132b-b575-4388-b650-2d70ff914a35:group-6078FF790FC8:LeaderElection74] INFO  impl.LeaderElection (LogUtils.java:infoOrTrace(149)) - 503c132b-b575-4388-b650-2d70ff914a35:group-6078FF790FC8:LeaderElection74 got exception when requesting votes: {}
java.util.concurrent.ExecutionException: org.apache.ratis.thirdparty.io.grpc.StatusRuntimeException: UNAVAILABLE: io exception
	at java.util.concurrent.FutureTask.report(FutureTask.java:122)
	at java.util.concurrent.FutureTask.get(FutureTask.java:192)
	at org.apache.ratis.server.impl.LeaderElection.waitForResults(LeaderElection.java:262)
	at org.apache.ratis.server.impl.LeaderElection.askForVotes(LeaderElection.java:200)
	at org.apache.ratis.server.impl.LeaderElection.run(LeaderElection.java:130)
	at java.lang.Thread.run(Thread.java:748)
Caused by: org.apache.ratis.thirdparty.io.grpc.StatusRuntimeException: UNAVAILABLE: io exception
	at org.apache.ratis.thirdparty.io.grpc.stub.ClientCalls.toStatusRuntimeException(ClientCalls.java:233)
	at org.apache.ratis.thirdparty.io.grpc.stub.ClientCalls.getUnchecked(ClientCalls.java:214)
	at org.apache.ratis.thirdparty.io.grpc.stub.ClientCalls.blockingUnaryCall(ClientCalls.java:139)
	at org.apache.ratis.proto.grpc.RaftServerProtocolServiceGrpc$RaftServerProtocolServiceBlockingStub.requestVote(RaftServerProtocolServiceGrpc.java:265)
	at org.apache.ratis.grpc.server.GrpcServerProtocolClient.requestVote(GrpcServerProtocolClient.java:83)
	at org.apache.ratis.grpc.server.GrpcService.requestVote(GrpcService.java:195)
	at org.apache.ratis.server.impl.LeaderElection.lambda$submitRequests$1(LeaderElection.java:237)
	at java.util.concurrent.FutureTask.run(FutureTask.java:266)
	at java.util.concurrent.Executors$RunnableAdapter.call(Executors.java:511)
	at java.util.concurrent.FutureTask.run(FutureTask.java:266)
	at java.util.concurrent.ThreadPoolExecutor.runWorker(ThreadPoolExecutor.java:1149)
	at java.util.concurrent.ThreadPoolExecutor$Worker.run(ThreadPoolExecutor.java:624)
	... 1 more
Caused by: org.apache.ratis.thirdparty.io.netty.channel.AbstractChannel$AnnotatedConnectException: Connection refused: /192.168.157.199:46347
	at sun.nio.ch.SocketChannelImpl.checkConnect(Native Method)
	at sun.nio.ch.SocketChannelImpl.finishConnect(SocketChannelImpl.java:717)
	at org.apache.ratis.thirdparty.io.netty.channel.socket.nio.NioSocketChannel.doFinishConnect(NioSocketChannel.java:327)
	at org.apache.ratis.thirdparty.io.netty.channel.nio.AbstractNioChannel$AbstractNioUnsafe.finishConnect(AbstractNioChannel.java:340)
	at org.apache.ratis.thirdparty.io.netty.channel.nio.NioEventLoop.processSelectedKey(NioEventLoop.java:632)
	at org.apache.ratis.thirdparty.io.netty.channel.nio.NioEventLoop.processSelectedKeysOptimized(NioEventLoop.java:579)
	at org.apache.ratis.thirdparty.io.netty.channel.nio.NioEventLoop.processSelectedKeys(NioEventLoop.java:496)
	at org.apache.ratis.thirdparty.io.netty.channel.nio.NioEventLoop.run(NioEventLoop.java:458)
	at org.apache.ratis.thirdparty.io.netty.util.concurrent.SingleThreadEventExecutor$5.run(SingleThreadEventExecutor.java:897)
	at org.apache.ratis.thirdparty.io.netty.util.concurrent.FastThreadLocalRunnable.run(FastThreadLocalRunnable.java:30)
	... 1 more
Caused by: java.net.ConnectException: Connection refused
	... 11 more
2019-08-30 03:51:41,041 [grpc-default-executor-8] INFO  impl.RaftServerImpl (ServerState.java:setLeader(263)) - d899c6ae-90ec-446d-94b3-997285126f36:group-6078FF790FC8 change Leader from fffb68e7-bc7b-4433-8df5-958ad16b5811 to null at term 3 for updateCurrentTerm
2019-08-30 03:51:41,045 [grpc-default-executor-8] INFO  impl.RaftServerImpl (RaftServerImpl.java:setRole(171)) - d899c6ae-90ec-446d-94b3-997285126f36:group-6078FF790FC8 changes role from FOLLOWER to FOLLOWER at term 3 for recognizeCandidate:503c132b-b575-4388-b650-2d70ff914a35
2019-08-30 03:51:41,045 [grpc-default-executor-8] INFO  impl.RoleInfo (RoleInfo.java:shutdownFollowerState(121)) - d899c6ae-90ec-446d-94b3-997285126f36: shutdown FollowerState
2019-08-30 03:51:41,045 [grpc-default-executor-8] INFO  impl.RoleInfo (RoleInfo.java:updateAndGet(143)) - d899c6ae-90ec-446d-94b3-997285126f36: start FollowerState
2019-08-30 03:51:41,045 [Thread-3418] INFO  impl.FollowerState (FollowerState.java:run(114)) - d899c6ae-90ec-446d-94b3-997285126f36: FollowerState was interrupted: java.lang.InterruptedException: sleep interrupted
2019-08-30 03:51:41,062 [503c132b-b575-4388-b650-2d70ff914a35:group-6078FF790FC8:LeaderElection74] INFO  impl.LeaderElection (LeaderElection.java:logAndReturn(56)) - 503c132b-b575-4388-b650-2d70ff914a35:group-6078FF790FC8:LeaderElection74: Election PASSED; received 1 response(s) [503c132b-b575-4388-b650-2d70ff914a35<-d899c6ae-90ec-446d-94b3-997285126f36#0:OK-t3] and 1 exception(s); 503c132b-b575-4388-b650-2d70ff914a35:t3, leader=null, voted=503c132b-b575-4388-b650-2d70ff914a35, raftlog=503c132b-b575-4388-b650-2d70ff914a35-SegmentedRaftLog:OPENED:c16,f16,i16, conf=0: [d899c6ae-90ec-446d-94b3-997285126f36:192.168.157.199:40289, 503c132b-b575-4388-b650-2d70ff914a35:192.168.157.199:39683, fffb68e7-bc7b-4433-8df5-958ad16b5811:192.168.157.199:46347], old=null
2019-08-30 03:51:41,062 [503c132b-b575-4388-b650-2d70ff914a35:group-6078FF790FC8:LeaderElection74] INFO  impl.LeaderElection (LogUtils.java:infoOrTrace(149)) -   Exception 0: {}
java.util.concurrent.ExecutionException: org.apache.ratis.thirdparty.io.grpc.StatusRuntimeException: UNAVAILABLE: io exception
	at java.util.concurrent.FutureTask.report(FutureTask.java:122)
	at java.util.concurrent.FutureTask.get(FutureTask.java:192)
	at org.apache.ratis.server.impl.LeaderElection.waitForResults(LeaderElection.java:262)
	at org.apache.ratis.server.impl.LeaderElection.askForVotes(LeaderElection.java:200)
	at org.apache.ratis.server.impl.LeaderElection.run(LeaderElection.java:130)
	at java.lang.Thread.run(Thread.java:748)
Caused by: org.apache.ratis.thirdparty.io.grpc.StatusRuntimeException: UNAVAILABLE: io exception
	at org.apache.ratis.thirdparty.io.grpc.stub.ClientCalls.toStatusRuntimeException(ClientCalls.java:233)
	at org.apache.ratis.thirdparty.io.grpc.stub.ClientCalls.getUnchecked(ClientCalls.java:214)
	at org.apache.ratis.thirdparty.io.grpc.stub.ClientCalls.blockingUnaryCall(ClientCalls.java:139)
	at org.apache.ratis.proto.grpc.RaftServerProtocolServiceGrpc$RaftServerProtocolServiceBlockingStub.requestVote(RaftServerProtocolServiceGrpc.java:265)
	at org.apache.ratis.grpc.server.GrpcServerProtocolClient.requestVote(GrpcServerProtocolClient.java:83)
	at org.apache.ratis.grpc.server.GrpcService.requestVote(GrpcService.java:195)
	at org.apache.ratis.server.impl.LeaderElection.lambda$submitRequests$1(LeaderElection.java:237)
	at java.util.concurrent.FutureTask.run(FutureTask.java:266)
	at java.util.concurrent.Executors$RunnableAdapter.call(Executors.java:511)
	at java.util.concurrent.FutureTask.run(FutureTask.java:266)
	at java.util.concurrent.ThreadPoolExecutor.runWorker(ThreadPoolExecutor.java:1149)
	at java.util.concurrent.ThreadPoolExecutor$Worker.run(ThreadPoolExecutor.java:624)
	... 1 more
Caused by: org.apache.ratis.thirdparty.io.netty.channel.AbstractChannel$AnnotatedConnectException: Connection refused: /192.168.157.199:46347
	at sun.nio.ch.SocketChannelImpl.checkConnect(Native Method)
	at sun.nio.ch.SocketChannelImpl.finishConnect(SocketChannelImpl.java:717)
	at org.apache.ratis.thirdparty.io.netty.channel.socket.nio.NioSocketChannel.doFinishConnect(NioSocketChannel.java:327)
	at org.apache.ratis.thirdparty.io.netty.channel.nio.AbstractNioChannel$AbstractNioUnsafe.finishConnect(AbstractNioChannel.java:340)
	at org.apache.ratis.thirdparty.io.netty.channel.nio.NioEventLoop.processSelectedKey(NioEventLoop.java:632)
	at org.apache.ratis.thirdparty.io.netty.channel.nio.NioEventLoop.processSelectedKeysOptimized(NioEventLoop.java:579)
	at org.apache.ratis.thirdparty.io.netty.channel.nio.NioEventLoop.processSelectedKeys(NioEventLoop.java:496)
	at org.apache.ratis.thirdparty.io.netty.channel.nio.NioEventLoop.run(NioEventLoop.java:458)
	at org.apache.ratis.thirdparty.io.netty.util.concurrent.SingleThreadEventExecutor$5.run(SingleThreadEventExecutor.java:897)
	at org.apache.ratis.thirdparty.io.netty.util.concurrent.FastThreadLocalRunnable.run(FastThreadLocalRunnable.java:30)
	... 1 more
Caused by: java.net.ConnectException: Connection refused
	... 11 more
2019-08-30 03:51:41,063 [503c132b-b575-4388-b650-2d70ff914a35:group-6078FF790FC8:LeaderElection74] INFO  impl.RoleInfo (RoleInfo.java:shutdownLeaderElection(134)) - 503c132b-b575-4388-b650-2d70ff914a35: shutdown LeaderElection
2019-08-30 03:51:41,063 [503c132b-b575-4388-b650-2d70ff914a35:group-6078FF790FC8:LeaderElection74] INFO  impl.RaftServerImpl (RaftServerImpl.java:setRole(171)) - 503c132b-b575-4388-b650-2d70ff914a35:group-6078FF790FC8 changes role from CANDIDATE to LEADER at term 3 for changeToLeader
2019-08-30 03:51:41,063 [503c132b-b575-4388-b650-2d70ff914a35:group-6078FF790FC8:LeaderElection74] INFO  impl.RaftServerImpl (ServerState.java:setLeader(263)) - 503c132b-b575-4388-b650-2d70ff914a35:group-6078FF790FC8 change Leader from null to 503c132b-b575-4388-b650-2d70ff914a35 at term 3 for becomeLeader, leader elected after 51ms
2019-08-30 03:51:41,063 [503c132b-b575-4388-b650-2d70ff914a35:group-6078FF790FC8:LeaderElection74] INFO  server.RaftServerConfigKeys (ConfUtils.java:logGet(43)) - raft.server.staging.catchup.gap = 1000 (default)
2019-08-30 03:51:41,064 [503c132b-b575-4388-b650-2d70ff914a35:group-6078FF790FC8:LeaderElection74] INFO  server.RaftServerConfigKeys (ConfUtils.java:logGet(43)) - raft.server.rpc.sleep.time = 25ms (default)
2019-08-30 03:51:41,064 [503c132b-b575-4388-b650-2d70ff914a35:group-6078FF790FC8:LeaderElection74] INFO  server.RaftServerConfigKeys (ConfUtils.java:logGet(43)) - raft.server.write.element-limit = 4096 (default)
2019-08-30 03:51:41,064 [503c132b-b575-4388-b650-2d70ff914a35:group-6078FF790FC8:LeaderElection74] INFO  server.RaftServerConfigKeys (ConfUtils.java:logGet(43)) - raft.server.watch.timeout = 10s (default)
2019-08-30 03:51:41,064 [503c132b-b575-4388-b650-2d70ff914a35:group-6078FF790FC8:LeaderElection74] INFO  server.RaftServerConfigKeys (ConfUtils.java:logGet(43)) - raft.server.watch.timeout.denomination = 1s (default)
2019-08-30 03:51:41,064 [503c132b-b575-4388-b650-2d70ff914a35:group-6078FF790FC8:LeaderElection74] INFO  server.RaftServerConfigKeys (ConfUtils.java:logGet(43)) - raft.server.watch.element-limit = 65536 (default)
2019-08-30 03:51:41,065 [503c132b-b575-4388-b650-2d70ff914a35:group-6078FF790FC8:LeaderElection74] INFO  server.RaftServerConfigKeys (ConfUtils.java:logGet(43)) - raft.server.log.appender.snapshot.chunk.size.max = 16MB (=16777216) (default)
2019-08-30 03:51:41,065 [503c132b-b575-4388-b650-2d70ff914a35:group-6078FF790FC8:LeaderElection74] INFO  server.RaftServerConfigKeys (ConfUtils.java:logGet(43)) - raft.server.log.appender.buffer.byte-limit = 33554432 (custom)
2019-08-30 03:51:41,065 [503c132b-b575-4388-b650-2d70ff914a35:group-6078FF790FC8:LeaderElection74] INFO  server.RaftServerConfigKeys (ConfUtils.java:logGet(43)) - raft.server.log.appender.buffer.element-limit = 1 (custom)
2019-08-30 03:51:41,066 [503c132b-b575-4388-b650-2d70ff914a35:group-6078FF790FC8:LeaderElection74] INFO  grpc.GrpcConfigKeys$Server (ConfUtils.java:logGet(43)) - raft.grpc.server.leader.outstanding.appends.max = 128 (default)
2019-08-30 03:51:41,066 [503c132b-b575-4388-b650-2d70ff914a35:group-6078FF790FC8:LeaderElection74] INFO  server.RaftServerConfigKeys (ConfUtils.java:logGet(43)) - raft.server.rpc.request.timeout = 3000ms (default)
2019-08-30 03:51:41,066 [503c132b-b575-4388-b650-2d70ff914a35:group-6078FF790FC8:LeaderElection74] INFO  server.RaftServerConfigKeys (ConfUtils.java:logGet(43)) - raft.server.log.appender.install.snapshot.enabled = false (custom)
2019-08-30 03:51:41,066 [503c132b-b575-4388-b650-2d70ff914a35:group-6078FF790FC8:LeaderElection74] INFO  server.RaftServerConfigKeys (ConfUtils.java:logGet(43)) - raft.server.log.appender.snapshot.chunk.size.max = 16MB (=16777216) (default)
2019-08-30 03:51:41,067 [503c132b-b575-4388-b650-2d70ff914a35:group-6078FF790FC8:LeaderElection74] INFO  server.RaftServerConfigKeys (ConfUtils.java:logGet(43)) - raft.server.log.appender.buffer.byte-limit = 33554432 (custom)
2019-08-30 03:51:41,067 [503c132b-b575-4388-b650-2d70ff914a35:group-6078FF790FC8:LeaderElection74] INFO  server.RaftServerConfigKeys (ConfUtils.java:logGet(43)) - raft.server.log.appender.buffer.element-limit = 1 (custom)
2019-08-30 03:51:41,067 [503c132b-b575-4388-b650-2d70ff914a35:group-6078FF790FC8:LeaderElection74] INFO  grpc.GrpcConfigKeys$Server (ConfUtils.java:logGet(43)) - raft.grpc.server.leader.outstanding.appends.max = 128 (default)
2019-08-30 03:51:41,067 [503c132b-b575-4388-b650-2d70ff914a35:group-6078FF790FC8:LeaderElection74] INFO  server.RaftServerConfigKeys (ConfUtils.java:logGet(43)) - raft.server.rpc.request.timeout = 3000ms (default)
2019-08-30 03:51:41,067 [503c132b-b575-4388-b650-2d70ff914a35:group-6078FF790FC8:LeaderElection74] INFO  server.RaftServerConfigKeys (ConfUtils.java:logGet(43)) - raft.server.log.appender.install.snapshot.enabled = false (custom)
2019-08-30 03:51:41,068 [503c132b-b575-4388-b650-2d70ff914a35:group-6078FF790FC8:LeaderElection74] INFO  impl.RoleInfo (RoleInfo.java:updateAndGet(143)) - 503c132b-b575-4388-b650-2d70ff914a35: start LeaderState
2019-08-30 03:51:41,068 [503c132b-b575-4388-b650-2d70ff914a35:group-6078FF790FC8:LeaderElection74] INFO  segmented.SegmentedRaftLogWorker (SegmentedRaftLogWorker.java:rollLogSegment(385)) - 503c132b-b575-4388-b650-2d70ff914a35-SegmentedRaftLogWorker:Storage Directory /workdir/hadoop-ozone/integration-test/target/test-dir/MiniOzoneClusterImpl-42edc0d0-c7e9-4cf8-aacf-72b5a22a0227/datanode-2/data/ratis/127300a6-cb81-4a3d-8c88-6078ff790fc8: Rolling segment log-0_16 to index:16
2019-08-30 03:51:41,069 [503c132b-b575-4388-b650-2d70ff914a35-SegmentedRaftLogWorker:Storage Directory /workdir/hadoop-ozone/integration-test/target/test-dir/MiniOzoneClusterImpl-42edc0d0-c7e9-4cf8-aacf-72b5a22a0227/datanode-2/data/ratis/127300a6-cb81-4a3d-8c88-6078ff790fc8] INFO  segmented.SegmentedRaftLogWorker (SegmentedRaftLogWorker.java:execute(526)) - 503c132b-b575-4388-b650-2d70ff914a35-SegmentedRaftLogWorker:Storage Directory /workdir/hadoop-ozone/integration-test/target/test-dir/MiniOzoneClusterImpl-42edc0d0-c7e9-4cf8-aacf-72b5a22a0227/datanode-2/data/ratis/127300a6-cb81-4a3d-8c88-6078ff790fc8: Rolled log segment from /workdir/hadoop-ozone/integration-test/target/test-dir/MiniOzoneClusterImpl-42edc0d0-c7e9-4cf8-aacf-72b5a22a0227/datanode-2/data/ratis/127300a6-cb81-4a3d-8c88-6078ff790fc8/current/log_inprogress_0 to /workdir/hadoop-ozone/integration-test/target/test-dir/MiniOzoneClusterImpl-42edc0d0-c7e9-4cf8-aacf-72b5a22a0227/datanode-2/data/ratis/127300a6-cb81-4a3d-8c88-6078ff790fc8/current/log_0-16
2019-08-30 03:51:41,069 [503c132b-b575-4388-b650-2d70ff914a35:group-6078FF790FC8:LeaderElection74] INFO  impl.RaftServerImpl (ServerState.java:setRaftConf(361)) - 503c132b-b575-4388-b650-2d70ff914a35:group-6078FF790FC8 set configuration 17: [d899c6ae-90ec-446d-94b3-997285126f36:192.168.157.199:40289, 503c132b-b575-4388-b650-2d70ff914a35:192.168.157.199:39683, fffb68e7-bc7b-4433-8df5-958ad16b5811:192.168.157.199:46347], old=null at 17
2019-08-30 03:51:41,070 [grpc-default-executor-8] WARN  server.GrpcLogAppender (LogUtils.java:warn(134)) - 503c132b-b575-4388-b650-2d70ff914a35->fffb68e7-bc7b-4433-8df5-958ad16b5811: Failed appendEntries: org.apache.ratis.thirdparty.io.grpc.StatusRuntimeException: UNAVAILABLE: io exception
2019-08-30 03:51:41,070 [grpc-default-executor-8] INFO  impl.FollowerInfo (FollowerInfo.java:lambda$new$0(50)) - 503c132b-b575-4388-b650-2d70ff914a35->fffb68e7-bc7b-4433-8df5-958ad16b5811: nextIndex: updateUnconditionally 17 -> 1
2019-08-30 03:51:41,071 [grpc-default-executor-7] INFO  impl.RaftServerImpl (ServerState.java:setLeader(263)) - d899c6ae-90ec-446d-94b3-997285126f36:group-6078FF790FC8 change Leader from null to 503c132b-b575-4388-b650-2d70ff914a35 at term 3 for appendEntries, leader elected after 30ms
2019-08-30 03:51:41,073 [grpc-default-executor-7] INFO  impl.RaftServerImpl (ServerState.java:setRaftConf(361)) - d899c6ae-90ec-446d-94b3-997285126f36:group-6078FF790FC8 set configuration 17: [d899c6ae-90ec-446d-94b3-997285126f36:192.168.157.199:40289, 503c132b-b575-4388-b650-2d70ff914a35:192.168.157.199:39683, fffb68e7-bc7b-4433-8df5-958ad16b5811:192.168.157.199:46347], old=null at 17
2019-08-30 03:51:41,074 [grpc-default-executor-7] INFO  segmented.SegmentedRaftLogWorker (SegmentedRaftLogWorker.java:rollLogSegment(385)) - d899c6ae-90ec-446d-94b3-997285126f36-SegmentedRaftLogWorker:Storage Directory /workdir/hadoop-ozone/integration-test/target/test-dir/MiniOzoneClusterImpl-42edc0d0-c7e9-4cf8-aacf-72b5a22a0227/datanode-4/data/ratis/127300a6-cb81-4a3d-8c88-6078ff790fc8: Rolling segment log-0_16 to index:16
2019-08-30 03:51:41,074 [d899c6ae-90ec-446d-94b3-997285126f36-SegmentedRaftLogWorker:Storage Directory /workdir/hadoop-ozone/integration-test/target/test-dir/MiniOzoneClusterImpl-42edc0d0-c7e9-4cf8-aacf-72b5a22a0227/datanode-4/data/ratis/127300a6-cb81-4a3d-8c88-6078ff790fc8] INFO  segmented.SegmentedRaftLogWorker (SegmentedRaftLogWorker.java:execute(526)) - d899c6ae-90ec-446d-94b3-997285126f36-SegmentedRaftLogWorker:Storage Directory /workdir/hadoop-ozone/integration-test/target/test-dir/MiniOzoneClusterImpl-42edc0d0-c7e9-4cf8-aacf-72b5a22a0227/datanode-4/data/ratis/127300a6-cb81-4a3d-8c88-6078ff790fc8: Rolled log segment from /workdir/hadoop-ozone/integration-test/target/test-dir/MiniOzoneClusterImpl-42edc0d0-c7e9-4cf8-aacf-72b5a22a0227/datanode-4/data/ratis/127300a6-cb81-4a3d-8c88-6078ff790fc8/current/log_inprogress_0 to /workdir/hadoop-ozone/integration-test/target/test-dir/MiniOzoneClusterImpl-42edc0d0-c7e9-4cf8-aacf-72b5a22a0227/datanode-4/data/ratis/127300a6-cb81-4a3d-8c88-6078ff790fc8/current/log_0-16
2019-08-30 03:51:41,119 [d899c6ae-90ec-446d-94b3-997285126f36-SegmentedRaftLogWorker:Storage Directory /workdir/hadoop-ozone/integration-test/target/test-dir/MiniOzoneClusterImpl-42edc0d0-c7e9-4cf8-aacf-72b5a22a0227/datanode-4/data/ratis/127300a6-cb81-4a3d-8c88-6078ff790fc8] INFO  segmented.SegmentedRaftLogWorker (SegmentedRaftLogWorker.java:execute(569)) - d899c6ae-90ec-446d-94b3-997285126f36-SegmentedRaftLogWorker:Storage Directory /workdir/hadoop-ozone/integration-test/target/test-dir/MiniOzoneClusterImpl-42edc0d0-c7e9-4cf8-aacf-72b5a22a0227/datanode-4/data/ratis/127300a6-cb81-4a3d-8c88-6078ff790fc8: created new log segment /workdir/hadoop-ozone/integration-test/target/test-dir/MiniOzoneClusterImpl-42edc0d0-c7e9-4cf8-aacf-72b5a22a0227/datanode-4/data/ratis/127300a6-cb81-4a3d-8c88-6078ff790fc8/current/log_inprogress_17
2019-08-30 03:51:41,119 [503c132b-b575-4388-b650-2d70ff914a35-SegmentedRaftLogWorker:Storage Directory /workdir/hadoop-ozone/integration-test/target/test-dir/MiniOzoneClusterImpl-42edc0d0-c7e9-4cf8-aacf-72b5a22a0227/datanode-2/data/ratis/127300a6-cb81-4a3d-8c88-6078ff790fc8] INFO  segmented.SegmentedRaftLogWorker (SegmentedRaftLogWorker.java:execute(569)) - 503c132b-b575-4388-b650-2d70ff914a35-SegmentedRaftLogWorker:Storage Directory /workdir/hadoop-ozone/integration-test/target/test-dir/MiniOzoneClusterImpl-42edc0d0-c7e9-4cf8-aacf-72b5a22a0227/datanode-2/data/ratis/127300a6-cb81-4a3d-8c88-6078ff790fc8: created new log segment /workdir/hadoop-ozone/integration-test/target/test-dir/MiniOzoneClusterImpl-42edc0d0-c7e9-4cf8-aacf-72b5a22a0227/datanode-2/data/ratis/127300a6-cb81-4a3d-8c88-6078ff790fc8/current/log_inprogress_17
2019-08-30 03:51:41,141 | INFO  | SCMAudit | user=jenkins1000 | ip=192.168.157.199 | op=SEND_HEARTBEAT {datanodeUUID=6b6e8f83-1581-4c4d-859e-6a09185f7f8f, command=[]} | ret=SUCCESS |  
2019-08-30 03:51:41,143 | INFO  | DNAudit | user=null | ip=null | op=READ_CHUNK {blockData=conID: 1 locID: 102703895438032910 bcsId: 0} | ret=SUCCESS |  
2019-08-30 03:51:41,146 [grpc-default-executor-7] WARN  server.GrpcLogAppender (LogUtils.java:warn(134)) - 503c132b-b575-4388-b650-2d70ff914a35->fffb68e7-bc7b-4433-8df5-958ad16b5811: Failed appendEntries: org.apache.ratis.thirdparty.io.grpc.StatusRuntimeException: UNAVAILABLE: io exception
2019-08-30 03:51:41,146 [grpc-default-executor-7] INFO  impl.FollowerInfo (FollowerInfo.java:lambda$new$0(50)) - 503c132b-b575-4388-b650-2d70ff914a35->fffb68e7-bc7b-4433-8df5-958ad16b5811: nextIndex: updateUnconditionally 2 -> 1
2019-08-30 03:51:41,156 [grpc-default-executor-5] WARN  server.GrpcLogAppender (LogUtils.java:warn(134)) - 503c132b-b575-4388-b650-2d70ff914a35->fffb68e7-bc7b-4433-8df5-958ad16b5811: Failed appendEntries: org.apache.ratis.thirdparty.io.grpc.StatusRuntimeException: UNAVAILABLE: io exception
2019-08-30 03:51:41,156 [grpc-default-executor-5] INFO  impl.FollowerInfo (FollowerInfo.java:lambda$new$0(50)) - 503c132b-b575-4388-b650-2d70ff914a35->fffb68e7-bc7b-4433-8df5-958ad16b5811: nextIndex: updateUnconditionally 2 -> 1
2019-08-30 03:51:41,264 | INFO  | SCMAudit | user=jenkins1000 | ip=192.168.157.199 | op=SEND_HEARTBEAT {datanodeUUID=e6d3f6ef-09a3-4172-8a2c-3346e8e7f34e, command=[]} | ret=SUCCESS |  
2019-08-30 03:51:41,374 [grpc-default-executor-5] INFO  client.GrpcClientProtocolClient (GrpcClientProtocolClient.java:onNext(255)) - client-7C6796E02BFB->d899c6ae-90ec-446d-94b3-997285126f36: receive RaftClientReply:client-7C6796E02BFB->d899c6ae-90ec-446d-94b3-997285126f36@group-6078FF790FC8, cid=177, FAILED org.apache.ratis.protocol.NotLeaderException: Server d899c6ae-90ec-446d-94b3-997285126f36 is not the leader (503c132b-b575-4388-b650-2d70ff914a35:192.168.157.199:39683). Request must be sent to leader., logIndex=0, commits[d899c6ae-90ec-446d-94b3-997285126f36:c17, 503c132b-b575-4388-b650-2d70ff914a35:c17, fffb68e7-bc7b-4433-8df5-958ad16b5811:c16]
2019-08-30 03:51:41,392 | ERROR | DNAudit | user=null | ip=null | op=WRITE_CHUNK {blockData=conID: 1 locID: 102703895438032910 bcsId: 14} | ret=FAILURE | org.apache.hadoop.hdds.scm.container.common.helpers.ContainerNotOpenException: Container 1 in CLOSING state
	at org.apache.hadoop.ozone.container.common.impl.HddsDispatcher.validateContainerCommand(HddsDispatcher.java:408)
	at org.apache.hadoop.ozone.container.common.transport.server.ratis.ContainerStateMachine.startTransaction(ContainerStateMachine.java:310) 
2019-08-30 03:51:41,402 [grpc-default-executor-5] INFO  client.GrpcClientProtocolClient (GrpcClientProtocolClient.java:onNext(255)) - client-7C6796E02BFB->503c132b-b575-4388-b650-2d70ff914a35: receive RaftClientReply:client-7C6796E02BFB->503c132b-b575-4388-b650-2d70ff914a35@group-6078FF790FC8, cid=177, FAILED org.apache.ratis.protocol.StateMachineException: org.apache.hadoop.hdds.scm.container.common.helpers.ContainerNotOpenException from Server 503c132b-b575-4388-b650-2d70ff914a35: Container 1 in CLOSING state, logIndex=0, commits[503c132b-b575-4388-b650-2d70ff914a35:c18, d899c6ae-90ec-446d-94b3-997285126f36:c17, fffb68e7-bc7b-4433-8df5-958ad16b5811:c16]
2019-08-30 03:51:41,404 | ERROR | DNAudit | user=null | ip=null | op=WRITE_CHUNK {blockData=conID: 1 locID: 102703895438032910 bcsId: 14} | ret=FAILURE | org.apache.hadoop.hdds.scm.container.common.helpers.ContainerNotOpenException: Container 1 in CLOSING state
	at org.apache.hadoop.ozone.container.common.impl.HddsDispatcher.validateContainerCommand(HddsDispatcher.java:408)
	at org.apache.hadoop.ozone.container.common.transport.server.ratis.ContainerStateMachine.startTransaction(ContainerStateMachine.java:310) 
2019-08-30 03:51:41,406 | ERROR | DNAudit | user=null | ip=null | op=PUT_BLOCK {blockData=[blockId=conID: 1 locID: 102703895438032910 bcsId: 0,size=650]} | ret=FAILURE | org.apache.hadoop.hdds.scm.container.common.helpers.ContainerNotOpenException: Container 1 in CLOSING state
	at org.apache.hadoop.ozone.container.common.impl.HddsDispatcher.validateContainerCommand(HddsDispatcher.java:408)
	at org.apache.hadoop.ozone.container.common.transport.server.ratis.ContainerStateMachine.startTransaction(ContainerStateMachine.java:310) 
2019-08-30 03:51:41,416 [grpc-default-executor-5] INFO  client.GrpcClientProtocolClient (GrpcClientProtocolClient.java:onNext(255)) - client-7C6796E02BFB->503c132b-b575-4388-b650-2d70ff914a35: receive RaftClientReply:client-7C6796E02BFB->503c132b-b575-4388-b650-2d70ff914a35@group-6078FF790FC8, cid=178, FAILED org.apache.ratis.protocol.StateMachineException: org.apache.hadoop.hdds.scm.container.common.helpers.ContainerNotOpenException from Server 503c132b-b575-4388-b650-2d70ff914a35: Container 1 in CLOSING state, logIndex=0, commits[503c132b-b575-4388-b650-2d70ff914a35:c18, d899c6ae-90ec-446d-94b3-997285126f36:c17, fffb68e7-bc7b-4433-8df5-958ad16b5811:c16]
2019-08-30 03:51:41,417 | ERROR | DNAudit | user=null | ip=null | op=WRITE_CHUNK {blockData=conID: 1 locID: 102703895438032910 bcsId: 14} | ret=FAILURE | org.apache.hadoop.hdds.scm.container.common.helpers.ContainerNotOpenException: Container 1 in CLOSING state
	at org.apache.hadoop.ozone.container.common.impl.HddsDispatcher.validateContainerCommand(HddsDispatcher.java:408)
	at org.apache.hadoop.ozone.container.common.transport.server.ratis.ContainerStateMachine.startTransaction(ContainerStateMachine.java:310) 
2019-08-30 03:51:41,418 [grpc-default-executor-5] INFO  client.GrpcClientProtocolClient (GrpcClientProtocolClient.java:onNext(255)) - client-7C6796E02BFB->503c132b-b575-4388-b650-2d70ff914a35: receive RaftClientReply:client-7C6796E02BFB->503c132b-b575-4388-b650-2d70ff914a35@group-6078FF790FC8, cid=179, FAILED org.apache.ratis.protocol.StateMachineException: org.apache.hadoop.hdds.scm.container.common.helpers.ContainerNotOpenException from Server 503c132b-b575-4388-b650-2d70ff914a35: Container 1 in CLOSING state, logIndex=0, commits[503c132b-b575-4388-b650-2d70ff914a35:c18, d899c6ae-90ec-446d-94b3-997285126f36:c17, fffb68e7-bc7b-4433-8df5-958ad16b5811:c16]
2019-08-30 03:51:41,421 | ERROR | DNAudit | user=null | ip=null | op=WRITE_CHUNK {blockData=conID: 1 locID: 102703895438032910 bcsId: 14} | ret=FAILURE | org.apache.hadoop.hdds.scm.container.common.helpers.ContainerNotOpenException: Container 1 in CLOSING state
	at org.apache.hadoop.ozone.container.common.impl.HddsDispatcher.validateContainerCommand(HddsDispatcher.java:408)
	at org.apache.hadoop.ozone.container.common.transport.server.ratis.ContainerStateMachine.startTransaction(ContainerStateMachine.java:310) 
2019-08-30 03:51:41,425 [grpc-default-executor-5] INFO  client.GrpcClientProtocolClient (GrpcClientProtocolClient.java:onNext(255)) - client-7C6796E02BFB->503c132b-b575-4388-b650-2d70ff914a35: receive RaftClientReply:client-7C6796E02BFB->503c132b-b575-4388-b650-2d70ff914a35@group-6078FF790FC8, cid=180, FAILED org.apache.ratis.protocol.StateMachineException: org.apache.hadoop.hdds.scm.container.common.helpers.ContainerNotOpenException from Server 503c132b-b575-4388-b650-2d70ff914a35: Container 1 in CLOSING state, logIndex=0, commits[503c132b-b575-4388-b650-2d70ff914a35:c18, d899c6ae-90ec-446d-94b3-997285126f36:c17, fffb68e7-bc7b-4433-8df5-958ad16b5811:c16]
2019-08-30 03:51:41,426 | ERROR | DNAudit | user=null | ip=null | op=PUT_BLOCK {blockData=[blockId=conID: 1 locID: 102703895438032910 bcsId: 0,size=800]} | ret=FAILURE | org.apache.hadoop.hdds.scm.container.common.helpers.ContainerNotOpenException: Container 1 in CLOSING state
	at org.apache.hadoop.ozone.container.common.impl.HddsDispatcher.validateContainerCommand(HddsDispatcher.java:408)
	at org.apache.hadoop.ozone.container.common.transport.server.ratis.ContainerStateMachine.startTransaction(ContainerStateMachine.java:310) 
2019-08-30 03:51:41,426 [grpc-default-executor-5] INFO  client.GrpcClientProtocolClient (GrpcClientProtocolClient.java:onNext(255)) - client-7C6796E02BFB->503c132b-b575-4388-b650-2d70ff914a35: receive RaftClientReply:client-7C6796E02BFB->503c132b-b575-4388-b650-2d70ff914a35@group-6078FF790FC8, cid=181, FAILED org.apache.ratis.protocol.StateMachineException: org.apache.hadoop.hdds.scm.container.common.helpers.ContainerNotOpenException from Server 503c132b-b575-4388-b650-2d70ff914a35: Container 1 in CLOSING state, logIndex=0, commits[503c132b-b575-4388-b650-2d70ff914a35:c18, d899c6ae-90ec-446d-94b3-997285126f36:c17, fffb68e7-bc7b-4433-8df5-958ad16b5811:c16]
2019-08-30 03:51:41,436 [grpc-default-executor-5] INFO  client.GrpcClientProtocolClient (GrpcClientProtocolClient.java:onNext(255)) - client-7C6796E02BFB->503c132b-b575-4388-b650-2d70ff914a35: receive RaftClientReply:client-7C6796E02BFB->503c132b-b575-4388-b650-2d70ff914a35@group-6078FF790FC8, cid=182, FAILED org.apache.ratis.protocol.StateMachineException: org.apache.hadoop.hdds.scm.container.common.helpers.ContainerNotOpenException from Server 503c132b-b575-4388-b650-2d70ff914a35: Container 1 in CLOSING state, logIndex=0, commits[503c132b-b575-4388-b650-2d70ff914a35:c18, d899c6ae-90ec-446d-94b3-997285126f36:c17, fffb68e7-bc7b-4433-8df5-958ad16b5811:c16]
2019-08-30 03:51:41,471 | INFO  | SCMAudit | user=jenkins1000 | ip=192.168.157.199 | op=ALLOCATE_BLOCK {owner=da5e4bca-0bda-42a6-9093-3757562b09af, size=800, type=RATIS, factor=THREE} | ret=SUCCESS |  
2019-08-30 03:51:41,473 | INFO  | OMAudit | user=jenkins1000 | ip=127.0.0.1 | op=ALLOCATE_BLOCK {volume=testblockoutputstream, bucket=testblockoutputstream, key=1438b953-10ab-4b91-a71d-e128e1fbcff4, dataSize=0, replicationType=null, replicationFactor=null, keyLocationInfo=null, clientID=102703895437901837} | ret=SUCCESS |  
2019-08-30 03:51:41,483 [grpc-default-executor-5] INFO  client.GrpcClientProtocolClient (GrpcClientProtocolClient.java:onNext(255)) - client-61009ED71B08->014d650f-ccff-4dcb-ad60-4ffc816b3ea1: receive RaftClientReply:client-61009ED71B08->014d650f-ccff-4dcb-ad60-4ffc816b3ea1@group-D2EACB325F67, cid=183, FAILED org.apache.ratis.protocol.NotLeaderException: Server 014d650f-ccff-4dcb-ad60-4ffc816b3ea1 is not the leader (6b6e8f83-1581-4c4d-859e-6a09185f7f8f:192.168.157.199:33199). Request must be sent to leader., logIndex=0, commits[014d650f-ccff-4dcb-ad60-4ffc816b3ea1:c0, 6b6e8f83-1581-4c4d-859e-6a09185f7f8f:c0, 34a22de4-3e24-4541-99bd-6e7cf7aa3a5e:c0]
2019-08-30 03:51:41,693 | INFO  | DNAudit | user=null | ip=null | op=WRITE_CHUNK {blockData=conID: 2 locID: 102703897081937935 bcsId: 0} | ret=SUCCESS |  
2019-08-30 03:51:41,693 | INFO  | DNAudit | user=null | ip=null | op=WRITE_CHUNK {blockData=conID: 2 locID: 102703897081937935 bcsId: 0} | ret=SUCCESS |  
2019-08-30 03:51:41,693 | INFO  | DNAudit | user=null | ip=null | op=WRITE_CHUNK {blockData=conID: 2 locID: 102703897081937935 bcsId: 0} | ret=SUCCESS |  
2019-08-30 03:51:41,694 | INFO  | SCMAudit | user=jenkins1000 | ip=192.168.157.199 | op=SEND_HEARTBEAT {datanodeUUID=6b6e8f83-1581-4c4d-859e-6a09185f7f8f, command=[]} | ret=SUCCESS |  
2019-08-30 03:51:41,693 | INFO  | SCMAudit | user=jenkins1000 | ip=192.168.157.199 | op=SEND_HEARTBEAT {datanodeUUID=34a22de4-3e24-4541-99bd-6e7cf7aa3a5e, command=[]} | ret=SUCCESS |  
2019-08-30 03:51:41,693 | INFO  | SCMAudit | user=jenkins1000 | ip=192.168.157.199 | op=SEND_HEARTBEAT {datanodeUUID=014d650f-ccff-4dcb-ad60-4ffc816b3ea1, command=[]} | ret=SUCCESS |  
2019-08-30 03:51:41,708 | INFO  | DNAudit | user=null | ip=null | op=WRITE_CHUNK {blockData=conID: 2 locID: 102703897081937935 bcsId: 0} | ret=SUCCESS |  
2019-08-30 03:51:41,712 [grpc-default-executor-7] INFO  client.GrpcClientProtocolClient (GrpcClientProtocolClient.java:onNext(255)) - client-61009ED71B08->6b6e8f83-1581-4c4d-859e-6a09185f7f8f: receive RaftClientReply:client-61009ED71B08->6b6e8f83-1581-4c4d-859e-6a09185f7f8f@group-D2EACB325F67, cid=183, SUCCESS, logIndex=1, commits[6b6e8f83-1581-4c4d-859e-6a09185f7f8f:c1, 014d650f-ccff-4dcb-ad60-4ffc816b3ea1:c0, 34a22de4-3e24-4541-99bd-6e7cf7aa3a5e:c0]
2019-08-30 03:51:41,716 | INFO  | DNAudit | user=null | ip=null | op=WRITE_CHUNK {blockData=conID: 2 locID: 102703897081937935 bcsId: 0} | ret=SUCCESS |  
2019-08-30 03:51:41,718 | INFO  | DNAudit | user=null | ip=null | op=WRITE_CHUNK {blockData=conID: 2 locID: 102703897081937935 bcsId: 0} | ret=SUCCESS |  
2019-08-30 03:51:41,718 | INFO  | DNAudit | user=null | ip=null | op=WRITE_CHUNK {blockData=conID: 2 locID: 102703897081937935 bcsId: 0} | ret=SUCCESS |  
2019-08-30 03:51:41,718 | INFO  | DNAudit | user=null | ip=null | op=WRITE_CHUNK {blockData=conID: 2 locID: 102703897081937935 bcsId: 0} | ret=SUCCESS |  
2019-08-30 03:51:41,719 | INFO  | DNAudit | user=null | ip=null | op=WRITE_CHUNK {blockData=conID: 2 locID: 102703897081937935 bcsId: 0} | ret=SUCCESS |  
2019-08-30 03:51:41,720 | INFO  | DNAudit | user=null | ip=null | op=WRITE_CHUNK {blockData=conID: 2 locID: 102703897081937935 bcsId: 0} | ret=SUCCESS |  
2019-08-30 03:51:41,720 | INFO  | DNAudit | user=null | ip=null | op=WRITE_CHUNK {blockData=conID: 2 locID: 102703897081937935 bcsId: 0} | ret=SUCCESS |  
2019-08-30 03:51:41,720 | INFO  | DNAudit | user=null | ip=null | op=WRITE_CHUNK {blockData=conID: 2 locID: 102703897081937935 bcsId: 0} | ret=SUCCESS |  
2019-08-30 03:51:41,720 | INFO  | DNAudit | user=null | ip=null | op=WRITE_CHUNK {blockData=conID: 2 locID: 102703897081937935 bcsId: 0} | ret=SUCCESS |  
2019-08-30 03:51:41,722 | INFO  | DNAudit | user=null | ip=null | op=WRITE_CHUNK {blockData=conID: 2 locID: 102703897081937935 bcsId: 0} | ret=SUCCESS |  
2019-08-30 03:51:41,722 | INFO  | DNAudit | user=null | ip=null | op=WRITE_CHUNK {blockData=conID: 2 locID: 102703897081937935 bcsId: 0} | ret=SUCCESS |  
2019-08-30 03:51:41,735 | INFO  | DNAudit | user=null | ip=null | op=WRITE_CHUNK {blockData=conID: 2 locID: 102703897081937935 bcsId: 0} | ret=SUCCESS |  
2019-08-30 03:51:41,739 [grpc-default-executor-8] INFO  client.GrpcClientProtocolClient (GrpcClientProtocolClient.java:onNext(255)) - client-61009ED71B08->6b6e8f83-1581-4c4d-859e-6a09185f7f8f: receive RaftClientReply:client-61009ED71B08->6b6e8f83-1581-4c4d-859e-6a09185f7f8f@group-D2EACB325F67, cid=184, SUCCESS, logIndex=3, commits[6b6e8f83-1581-4c4d-859e-6a09185f7f8f:c4, 014d650f-ccff-4dcb-ad60-4ffc816b3ea1:c1, 34a22de4-3e24-4541-99bd-6e7cf7aa3a5e:c1]
2019-08-30 03:51:41,747 | INFO  | DNAudit | user=null | ip=null | op=WRITE_CHUNK {blockData=conID: 2 locID: 102703897081937935 bcsId: 0} | ret=SUCCESS |  
2019-08-30 03:51:41,748 | INFO  | DNAudit | user=null | ip=null | op=WRITE_CHUNK {blockData=conID: 2 locID: 102703897081937935 bcsId: 0} | ret=SUCCESS |  
2019-08-30 03:51:41,795 | INFO  | DNAudit | user=null | ip=null | op=PUT_BLOCK {blockData=[blockId=conID: 2 locID: 102703897081937935 bcsId: 0,size=200]} | ret=SUCCESS |  
2019-08-30 03:51:41,799 | INFO  | DNAudit | user=null | ip=null | op=WRITE_CHUNK {blockData=conID: 2 locID: 102703897081937935 bcsId: 0} | ret=SUCCESS |  
2019-08-30 03:51:41,801 | INFO  | DNAudit | user=null | ip=null | op=WRITE_CHUNK {blockData=conID: 2 locID: 102703897081937935 bcsId: 0} | ret=SUCCESS |  
2019-08-30 03:51:41,801 [grpc-default-executor-8] INFO  client.GrpcClientProtocolClient (GrpcClientProtocolClient.java:onNext(255)) - client-61009ED71B08->6b6e8f83-1581-4c4d-859e-6a09185f7f8f: receive RaftClientReply:client-61009ED71B08->6b6e8f83-1581-4c4d-859e-6a09185f7f8f@group-D2EACB325F67, cid=185, SUCCESS, logIndex=4, commits[6b6e8f83-1581-4c4d-859e-6a09185f7f8f:c12, 014d650f-ccff-4dcb-ad60-4ffc816b3ea1:c5, 34a22de4-3e24-4541-99bd-6e7cf7aa3a5e:c5]
2019-08-30 03:51:41,802 [grpc-default-executor-8] INFO  client.GrpcClientProtocolClient (GrpcClientProtocolClient.java:onNext(255)) - client-61009ED71B08->6b6e8f83-1581-4c4d-859e-6a09185f7f8f: receive RaftClientReply:client-61009ED71B08->6b6e8f83-1581-4c4d-859e-6a09185f7f8f@group-D2EACB325F67, cid=186, SUCCESS, logIndex=5, commits[6b6e8f83-1581-4c4d-859e-6a09185f7f8f:c12, 014d650f-ccff-4dcb-ad60-4ffc816b3ea1:c5, 34a22de4-3e24-4541-99bd-6e7cf7aa3a5e:c5]
2019-08-30 03:51:41,803 [grpc-default-executor-8] INFO  client.GrpcClientProtocolClient (GrpcClientProtocolClient.java:onNext(255)) - client-61009ED71B08->6b6e8f83-1581-4c4d-859e-6a09185f7f8f: receive RaftClientReply:client-61009ED71B08->6b6e8f83-1581-4c4d-859e-6a09185f7f8f@group-D2EACB325F67, cid=187, SUCCESS, logIndex=6, commits[6b6e8f83-1581-4c4d-859e-6a09185f7f8f:c12, 014d650f-ccff-4dcb-ad60-4ffc816b3ea1:c5, 34a22de4-3e24-4541-99bd-6e7cf7aa3a5e:c5]
2019-08-30 03:51:41,839 | INFO  | DNAudit | user=null | ip=null | op=PUT_BLOCK {blockData=[blockId=conID: 2 locID: 102703897081937935 bcsId: 0,size=200]} | ret=SUCCESS |  
2019-08-30 03:51:41,839 | INFO  | DNAudit | user=null | ip=null | op=WRITE_CHUNK {blockData=conID: 2 locID: 102703897081937935 bcsId: 0} | ret=SUCCESS |  
2019-08-30 03:51:41,883 | INFO  | DNAudit | user=null | ip=null | op=PUT_BLOCK {blockData=[blockId=conID: 2 locID: 102703897081937935 bcsId: 0,size=400]} | ret=SUCCESS |  
2019-08-30 03:51:41,884 | INFO  | DNAudit | user=null | ip=null | op=PUT_BLOCK {blockData=[blockId=conID: 2 locID: 102703897081937935 bcsId: 0,size=200]} | ret=SUCCESS |  
2019-08-30 03:51:41,884 | INFO  | DNAudit | user=null | ip=null | op=WRITE_CHUNK {blockData=conID: 2 locID: 102703897081937935 bcsId: 0} | ret=SUCCESS |  
2019-08-30 03:51:41,885 [grpc-default-executor-8] INFO  client.GrpcClientProtocolClient (GrpcClientProtocolClient.java:onNext(255)) - client-61009ED71B08->6b6e8f83-1581-4c4d-859e-6a09185f7f8f: receive RaftClientReply:client-61009ED71B08->6b6e8f83-1581-4c4d-859e-6a09185f7f8f@group-D2EACB325F67, cid=188, SUCCESS, logIndex=7, commits[6b6e8f83-1581-4c4d-859e-6a09185f7f8f:c12, 014d650f-ccff-4dcb-ad60-4ffc816b3ea1:c5, 34a22de4-3e24-4541-99bd-6e7cf7aa3a5e:c5]
2019-08-30 03:51:41,890 | INFO  | SCMAudit | user=jenkins1000 | ip=192.168.157.199 | op=SEND_HEARTBEAT {datanodeUUID=d899c6ae-90ec-446d-94b3-997285126f36, command=[]} | ret=SUCCESS |  
2019-08-30 03:51:41,890 | INFO  | SCMAudit | user=jenkins1000 | ip=192.168.157.199 | op=SEND_HEARTBEAT {datanodeUUID=503c132b-b575-4388-b650-2d70ff914a35, command=[]} | ret=SUCCESS |  
2019-08-30 03:51:41,891 | INFO  | DNAudit | user=null | ip=null | op=WRITE_CHUNK {blockData=conID: 2 locID: 102703897081937935 bcsId: 7} | ret=SUCCESS |  
2019-08-30 03:51:41,893 | INFO  | DNAudit | user=null | ip=null | op=WRITE_CHUNK {blockData=conID: 2 locID: 102703897081937935 bcsId: 7} | ret=SUCCESS |  
2019-08-30 03:51:41,893 | INFO  | DNAudit | user=null | ip=null | op=WRITE_CHUNK {blockData=conID: 2 locID: 102703897081937935 bcsId: 7} | ret=SUCCESS |  
2019-08-30 03:51:41,906 | INFO  | DNAudit | user=null | ip=null | op=WRITE_CHUNK {blockData=conID: 2 locID: 102703897081937935 bcsId: 0} | ret=SUCCESS |  
2019-08-30 03:51:41,906 | INFO  | DNAudit | user=null | ip=null | op=WRITE_CHUNK {blockData=conID: 2 locID: 102703897081937935 bcsId: 0} | ret=SUCCESS |  
2019-08-30 03:51:41,907 | INFO  | DNAudit | user=null | ip=null | op=PUT_BLOCK {blockData=[blockId=conID: 2 locID: 102703897081937935 bcsId: 0,size=400]} | ret=SUCCESS |  
2019-08-30 03:51:41,907 | INFO  | DNAudit | user=null | ip=null | op=PUT_BLOCK {blockData=[blockId=conID: 2 locID: 102703897081937935 bcsId: 0,size=400]} | ret=SUCCESS |  
2019-08-30 03:51:41,907 | INFO  | DNAudit | user=null | ip=null | op=WRITE_CHUNK {blockData=conID: 2 locID: 102703897081937935 bcsId: 7} | ret=SUCCESS |  
2019-08-30 03:51:41,908 | INFO  | DNAudit | user=null | ip=null | op=PUT_BLOCK {blockData=[blockId=conID: 2 locID: 102703897081937935 bcsId: 0,size=450]} | ret=SUCCESS |  
2019-08-30 03:51:41,908 [grpc-default-executor-7] INFO  client.GrpcClientProtocolClient (GrpcClientProtocolClient.java:onNext(255)) - client-61009ED71B08->6b6e8f83-1581-4c4d-859e-6a09185f7f8f: receive RaftClientReply:client-61009ED71B08->6b6e8f83-1581-4c4d-859e-6a09185f7f8f@group-D2EACB325F67, cid=189, SUCCESS, logIndex=13, commits[6b6e8f83-1581-4c4d-859e-6a09185f7f8f:c14, 014d650f-ccff-4dcb-ad60-4ffc816b3ea1:c12, 34a22de4-3e24-4541-99bd-6e7cf7aa3a5e:c12]
2019-08-30 03:51:41,909 [grpc-default-executor-7] INFO  client.GrpcClientProtocolClient (GrpcClientProtocolClient.java:onNext(255)) - client-61009ED71B08->6b6e8f83-1581-4c4d-859e-6a09185f7f8f: receive RaftClientReply:client-61009ED71B08->6b6e8f83-1581-4c4d-859e-6a09185f7f8f@group-D2EACB325F67, cid=190, SUCCESS, logIndex=14, commits[6b6e8f83-1581-4c4d-859e-6a09185f7f8f:c14, 014d650f-ccff-4dcb-ad60-4ffc816b3ea1:c12, 34a22de4-3e24-4541-99bd-6e7cf7aa3a5e:c12]
2019-08-30 03:51:41,921 | INFO  | DNAudit | user=null | ip=null | op=WRITE_CHUNK {blockData=conID: 2 locID: 102703897081937935 bcsId: 7} | ret=SUCCESS |  
2019-08-30 03:51:41,921 | INFO  | DNAudit | user=null | ip=null | op=WRITE_CHUNK {blockData=conID: 2 locID: 102703897081937935 bcsId: 7} | ret=SUCCESS |  
2019-08-30 03:51:41,921 | INFO  | DNAudit | user=null | ip=null | op=PUT_BLOCK {blockData=[blockId=conID: 2 locID: 102703897081937935 bcsId: 0,size=450]} | ret=SUCCESS |  
2019-08-30 03:51:41,922 | INFO  | DNAudit | user=null | ip=null | op=PUT_BLOCK {blockData=[blockId=conID: 2 locID: 102703897081937935 bcsId: 0,size=450]} | ret=SUCCESS |  
2019-08-30 03:51:41,926 [grpc-default-executor-7] INFO  client.GrpcClientProtocolClient (GrpcClientProtocolClient.java:onNext(255)) - client-61009ED71B08->6b6e8f83-1581-4c4d-859e-6a09185f7f8f: receive RaftClientReply:client-61009ED71B08->6b6e8f83-1581-4c4d-859e-6a09185f7f8f@group-D2EACB325F67, cid=191, SUCCESS, logIndex=0, commits[6b6e8f83-1581-4c4d-859e-6a09185f7f8f:c15, 014d650f-ccff-4dcb-ad60-4ffc816b3ea1:c14, 34a22de4-3e24-4541-99bd-6e7cf7aa3a5e:c14]
2019-08-30 03:51:41,927 [main] INFO  ozone.MiniOzoneClusterImpl (MiniOzoneClusterImpl.java:shutdown(307)) - Shutting down the Mini Ozone Cluster
2019-08-30 03:51:41,928 | INFO  | SCMAudit | user=null | ip=null | op=GET_SCM_INFO null | ret=SUCCESS |  
2019-08-30 03:51:41,928 [main] INFO  ozone.MiniOzoneClusterImpl (MiniOzoneClusterImpl.java:stop(322)) - Stopping the Mini Ozone Cluster
2019-08-30 03:51:41,928 [main] INFO  ozone.MiniOzoneClusterImpl (MiniOzoneClusterImpl.java:stop(324)) - Stopping the OzoneManager
2019-08-30 03:51:41,928 [main] INFO  ipc.Server (Server.java:stop(3082)) - Stopping server on 40582
2019-08-30 03:51:41,948 [IPC Server listener on 40582] INFO  ipc.Server (Server.java:run(1185)) - Stopping IPC Server listener on 40582
2019-08-30 03:51:41,948 [main] INFO  ratis.OzoneManagerDoubleBuffer (OzoneManagerDoubleBuffer.java:stop(248)) - Stopping OMDoubleBuffer flush thread
2019-08-30 03:51:41,948 [IPC Server Responder] INFO  ipc.Server (Server.java:run(1319)) - Stopping IPC Server Responder
2019-08-30 03:51:41,955 [OMDoubleBufferFlushThread] INFO  ratis.OzoneManagerDoubleBuffer (OzoneManagerDoubleBuffer.java:flushTransactions(191)) - OMDoubleBuffer flush thread OMDoubleBufferFlushThread is interrupted and will exit. OMDoubleBufferFlushThread
2019-08-30 03:51:41,956 [main] INFO  utils.BackgroundService (BackgroundService.java:shutdown(148)) - Shutting down service KeyDeletingService
2019-08-30 03:51:41,958 [main] INFO  handler.ContextHandler (ContextHandler.java:doStop(910)) - Stopped o.e.j.w.WebAppContext@32ae8f27{/,null,UNAVAILABLE}{/ozoneManager}
2019-08-30 03:51:41,959 [main] INFO  server.AbstractConnector (AbstractConnector.java:doStop(318)) - Stopped ServerConnector@75e80a97{HTTP/1.1,[http/1.1]}{0.0.0.0:0}
2019-08-30 03:51:41,959 [main] INFO  handler.ContextHandler (ContextHandler.java:doStop(910)) - Stopped o.e.j.s.ServletContextHandler@10d18696{/static,file:///workdir/hadoop-ozone/integration-test/target/test-classes/webapps/static,UNAVAILABLE}
2019-08-30 03:51:41,960 [main] INFO  handler.ContextHandler (ContextHandler.java:doStop(910)) - Stopped o.e.j.s.ServletContextHandler@33e4b9c4{/logs,file:///workdir/hadoop-ozone/integration-test/target/log,UNAVAILABLE}
2019-08-30 03:51:41,962 [main] INFO  ozone.MiniOzoneClusterImpl (MiniOzoneClusterImpl.java:stop(330)) - Shutting the HddsDatanodes
2019-08-30 03:51:42,265 | INFO  | SCMAudit | user=jenkins1000 | ip=192.168.157.199 | op=SEND_HEARTBEAT {datanodeUUID=e6d3f6ef-09a3-4172-8a2c-3346e8e7f34e, command=[]} | ret=SUCCESS |  
2019-08-30 03:51:42,690 [Datanode State Machine Thread - 0] INFO  statemachine.DatanodeStateMachine (DatanodeStateMachine.java:lambda$startDaemon$0(350)) - Ozone container server started.
2019-08-30 03:51:42,691 | INFO  | SCMAudit | user=jenkins1000 | ip=192.168.157.199 | op=SEND_HEARTBEAT {datanodeUUID=014d650f-ccff-4dcb-ad60-4ffc816b3ea1, command=[]} | ret=SUCCESS |  
2019-08-30 03:51:42,691 | INFO  | SCMAudit | user=jenkins1000 | ip=192.168.157.199 | op=SEND_HEARTBEAT {datanodeUUID=6b6e8f83-1581-4c4d-859e-6a09185f7f8f, command=[]} | ret=SUCCESS |  
2019-08-30 03:51:42,889 [Datanode State Machine Thread - 0] INFO  statemachine.DatanodeStateMachine (DatanodeStateMachine.java:lambda$startDaemon$0(350)) - Ozone container server started.
2019-08-30 03:51:42,889 | INFO  | SCMAudit | user=jenkins1000 | ip=192.168.157.199 | op=SEND_HEARTBEAT {datanodeUUID=503c132b-b575-4388-b650-2d70ff914a35, command=[]} | ret=SUCCESS |  
2019-08-30 03:51:43,264 | INFO  | SCMAudit | user=jenkins1000 | ip=192.168.157.199 | op=SEND_HEARTBEAT {datanodeUUID=e6d3f6ef-09a3-4172-8a2c-3346e8e7f34e, command=[]} | ret=SUCCESS |  
2019-08-30 03:51:43,663 [grpc-default-executor-5] WARN  server.GrpcLogAppender (LogUtils.java:warn(134)) - 503c132b-b575-4388-b650-2d70ff914a35->fffb68e7-bc7b-4433-8df5-958ad16b5811: Failed appendEntries: org.apache.ratis.thirdparty.io.grpc.StatusRuntimeException: UNAVAILABLE: io exception
2019-08-30 03:51:43,664 [grpc-default-executor-5] INFO  impl.FollowerInfo (FollowerInfo.java:lambda$new$0(50)) - 503c132b-b575-4388-b650-2d70ff914a35->fffb68e7-bc7b-4433-8df5-958ad16b5811: nextIndex: updateUnconditionally 1 -> 0
2019-08-30 03:51:43,692 | INFO  | SCMAudit | user=jenkins1000 | ip=192.168.157.199 | op=SEND_HEARTBEAT {datanodeUUID=014d650f-ccff-4dcb-ad60-4ffc816b3ea1, command=[]} | ret=SUCCESS |  
2019-08-30 03:51:43,692 | INFO  | SCMAudit | user=jenkins1000 | ip=192.168.157.199 | op=SEND_HEARTBEAT {datanodeUUID=6b6e8f83-1581-4c4d-859e-6a09185f7f8f, command=[]} | ret=SUCCESS |  
2019-08-30 03:51:43,890 | INFO  | SCMAudit | user=jenkins1000 | ip=192.168.157.199 | op=SEND_HEARTBEAT {datanodeUUID=503c132b-b575-4388-b650-2d70ff914a35, command=[]} | ret=SUCCESS |  
2019-08-30 03:51:44,265 | INFO  | SCMAudit | user=jenkins1000 | ip=192.168.157.199 | op=SEND_HEARTBEAT {datanodeUUID=e6d3f6ef-09a3-4172-8a2c-3346e8e7f34e, command=[]} | ret=SUCCESS |  
2019-08-30 03:51:44,691 | INFO  | SCMAudit | user=jenkins1000 | ip=192.168.157.199 | op=SEND_HEARTBEAT {datanodeUUID=6b6e8f83-1581-4c4d-859e-6a09185f7f8f, command=[]} | ret=SUCCESS |  
2019-08-30 03:51:44,691 | INFO  | SCMAudit | user=jenkins1000 | ip=192.168.157.199 | op=SEND_HEARTBEAT {datanodeUUID=014d650f-ccff-4dcb-ad60-4ffc816b3ea1, command=[]} | ret=SUCCESS |  
2019-08-30 03:51:44,889 | INFO  | SCMAudit | user=jenkins1000 | ip=192.168.157.199 | op=SEND_HEARTBEAT {datanodeUUID=503c132b-b575-4388-b650-2d70ff914a35, command=[]} | ret=SUCCESS |  
2019-08-30 03:51:45,264 | INFO  | SCMAudit | user=jenkins1000 | ip=192.168.157.199 | op=SEND_HEARTBEAT {datanodeUUID=e6d3f6ef-09a3-4172-8a2c-3346e8e7f34e, command=[]} | ret=SUCCESS |  
2019-08-30 03:51:45,691 | INFO  | SCMAudit | user=jenkins1000 | ip=192.168.157.199 | op=SEND_HEARTBEAT {datanodeUUID=014d650f-ccff-4dcb-ad60-4ffc816b3ea1, command=[]} | ret=SUCCESS |  
2019-08-30 03:51:45,691 | INFO  | SCMAudit | user=jenkins1000 | ip=192.168.157.199 | op=SEND_HEARTBEAT {datanodeUUID=6b6e8f83-1581-4c4d-859e-6a09185f7f8f, command=[]} | ret=SUCCESS |  
2019-08-30 03:51:45,890 | INFO  | SCMAudit | user=jenkins1000 | ip=192.168.157.199 | op=SEND_HEARTBEAT {datanodeUUID=503c132b-b575-4388-b650-2d70ff914a35, command=[]} | ret=SUCCESS |  
2019-08-30 03:51:46,160 [grpc-default-executor-3] WARN  server.GrpcLogAppender (LogUtils.java:warn(134)) - 503c132b-b575-4388-b650-2d70ff914a35->fffb68e7-bc7b-4433-8df5-958ad16b5811: Failed appendEntries: org.apache.ratis.thirdparty.io.grpc.StatusRuntimeException: UNAVAILABLE: io exception
2019-08-30 03:51:46,161 [grpc-default-executor-3] INFO  impl.FollowerInfo (FollowerInfo.java:lambda$new$0(50)) - 503c132b-b575-4388-b650-2d70ff914a35->fffb68e7-bc7b-4433-8df5-958ad16b5811: nextIndex: updateUnconditionally 0 -> 0
2019-08-30 03:51:46,265 | INFO  | SCMAudit | user=jenkins1000 | ip=192.168.157.199 | op=SEND_HEARTBEAT {datanodeUUID=e6d3f6ef-09a3-4172-8a2c-3346e8e7f34e, command=[]} | ret=SUCCESS |  
2019-08-30 03:51:46,691 | INFO  | SCMAudit | user=jenkins1000 | ip=192.168.157.199 | op=SEND_HEARTBEAT {datanodeUUID=6b6e8f83-1581-4c4d-859e-6a09185f7f8f, command=[]} | ret=SUCCESS |  
2019-08-30 03:51:46,691 | INFO  | SCMAudit | user=jenkins1000 | ip=192.168.157.199 | op=SEND_HEARTBEAT {datanodeUUID=014d650f-ccff-4dcb-ad60-4ffc816b3ea1, command=[]} | ret=SUCCESS |  
2019-08-30 03:51:46,770 [EventQueue-StaleNodeForStaleNodeHandler] INFO  node.StaleNodeHandler (StaleNodeHandler.java:onMessage(58)) - Datanode 34a22de4-3e24-4541-99bd-6e7cf7aa3a5e{ip: 192.168.157.199, host: pr-hdds-2057-gndl4-2748649462, networkLocation: /default-rack, certSerialId: null} moved to stale state. Finalizing its pipelines [PipelineID=ddbfc6ee-af5e-459a-90a9-d2eacb325f67, PipelineID=420bfb23-c3fd-49ca-a447-ab54fb974fec]
2019-08-30 03:51:46,771 [EventQueue-StaleNodeForStaleNodeHandler] INFO  pipeline.SCMPipelineManager (SCMPipelineManager.java:finalizeAndDestroyPipeline(309)) - destroying pipeline:Pipeline[ Id: ddbfc6ee-af5e-459a-90a9-d2eacb325f67, Nodes: 014d650f-ccff-4dcb-ad60-4ffc816b3ea1{ip: 192.168.157.199, host: pr-hdds-2057-gndl4-2748649462, networkLocation: /default-rack, certSerialId: null}34a22de4-3e24-4541-99bd-6e7cf7aa3a5e{ip: 192.168.157.199, host: pr-hdds-2057-gndl4-2748649462, networkLocation: /default-rack, certSerialId: null}6b6e8f83-1581-4c4d-859e-6a09185f7f8f{ip: 192.168.157.199, host: pr-hdds-2057-gndl4-2748649462, networkLocation: /default-rack, certSerialId: null}, Type:RATIS, Factor:THREE, State:OPEN]
2019-08-30 03:51:46,771 [EventQueue-StaleNodeForStaleNodeHandler] INFO  pipeline.PipelineStateManager (PipelineStateManager.java:finalizePipeline(123)) - Pipeline Pipeline[ Id: ddbfc6ee-af5e-459a-90a9-d2eacb325f67, Nodes: 014d650f-ccff-4dcb-ad60-4ffc816b3ea1{ip: 192.168.157.199, host: pr-hdds-2057-gndl4-2748649462, networkLocation: /default-rack, certSerialId: null}34a22de4-3e24-4541-99bd-6e7cf7aa3a5e{ip: 192.168.157.199, host: pr-hdds-2057-gndl4-2748649462, networkLocation: /default-rack, certSerialId: null}6b6e8f83-1581-4c4d-859e-6a09185f7f8f{ip: 192.168.157.199, host: pr-hdds-2057-gndl4-2748649462, networkLocation: /default-rack, certSerialId: null}, Type:RATIS, Factor:THREE, State:CLOSED] moved to CLOSED state
2019-08-30 03:51:46,771 [EventQueue-CloseContainerForCloseContainerEventHandler] INFO  container.CloseContainerEventHandler (CloseContainerEventHandler.java:onMessage(61)) - Close container Event triggered for container : #2
2019-08-30 03:51:46,771 [EventQueue-StaleNodeForStaleNodeHandler] INFO  pipeline.SCMPipelineManager (SCMPipelineManager.java:finalizeAndDestroyPipeline(309)) - destroying pipeline:Pipeline[ Id: 420bfb23-c3fd-49ca-a447-ab54fb974fec, Nodes: 34a22de4-3e24-4541-99bd-6e7cf7aa3a5e{ip: 192.168.157.199, host: pr-hdds-2057-gndl4-2748649462, networkLocation: /default-rack, certSerialId: null}, Type:RATIS, Factor:ONE, State:OPEN]
2019-08-30 03:51:46,772 [EventQueue-StaleNodeForStaleNodeHandler] INFO  pipeline.PipelineStateManager (PipelineStateManager.java:finalizePipeline(123)) - Pipeline Pipeline[ Id: 420bfb23-c3fd-49ca-a447-ab54fb974fec, Nodes: 34a22de4-3e24-4541-99bd-6e7cf7aa3a5e{ip: 192.168.157.199, host: pr-hdds-2057-gndl4-2748649462, networkLocation: /default-rack, certSerialId: null}, Type:RATIS, Factor:ONE, State:CLOSED] moved to CLOSED state
2019-08-30 03:51:46,889 | INFO  | SCMAudit | user=jenkins1000 | ip=192.168.157.199 | op=SEND_HEARTBEAT {datanodeUUID=503c132b-b575-4388-b650-2d70ff914a35, command=[]} | ret=SUCCESS |  
2019-08-30 03:51:46,963 [ForkJoinPool.commonPool-worker-1] INFO  ozoneimpl.OzoneContainer (OzoneContainer.java:stop(215)) - Attempting to stop container services.
2019-08-30 03:51:46,963 [main] INFO  ozoneimpl.OzoneContainer (OzoneContainer.java:stop(215)) - Attempting to stop container services.
2019-08-30 03:51:46,964 [ForkJoinPool.commonPool-worker-1] INFO  impl.RaftServerProxy (RaftServerProxy.java:lambda$close$4(314)) - 34a22de4-3e24-4541-99bd-6e7cf7aa3a5e: close
2019-08-30 03:51:46,964 [main] INFO  impl.RaftServerProxy (RaftServerProxy.java:lambda$close$4(314)) - d899c6ae-90ec-446d-94b3-997285126f36: close
2019-08-30 03:51:46,964 [ForkJoinPool.commonPool-worker-1] INFO  impl.RaftServerImpl (RaftServerImpl.java:lambda$shutdown$3(245)) - 34a22de4-3e24-4541-99bd-6e7cf7aa3a5e: shutdown group-D2EACB325F67
2019-08-30 03:51:46,965 [main] INFO  impl.RaftServerImpl (RaftServerImpl.java:lambda$shutdown$3(245)) - d899c6ae-90ec-446d-94b3-997285126f36: shutdown group-87BBF8570D65
2019-08-30 03:51:46,965 [ForkJoinPool.commonPool-worker-1] INFO  util.JmxRegister (JmxRegister.java:unregister(73)) - Successfully un-registered JMX Bean with object name Ratis:service=RaftServer,group=group-D2EACB325F67,id=34a22de4-3e24-4541-99bd-6e7cf7aa3a5e
2019-08-30 03:51:46,966 [main] INFO  util.JmxRegister (JmxRegister.java:unregister(73)) - Successfully un-registered JMX Bean with object name Ratis:service=RaftServer,group=group-87BBF8570D65,id=d899c6ae-90ec-446d-94b3-997285126f36
2019-08-30 03:51:46,966 [ForkJoinPool.commonPool-worker-1] INFO  impl.RoleInfo (RoleInfo.java:shutdownFollowerState(121)) - 34a22de4-3e24-4541-99bd-6e7cf7aa3a5e: shutdown FollowerState
2019-08-30 03:51:46,966 [main] INFO  impl.RoleInfo (RoleInfo.java:shutdownLeaderState(104)) - d899c6ae-90ec-446d-94b3-997285126f36: shutdown LeaderState
2019-08-30 03:51:46,967 [Thread-3359] INFO  impl.FollowerState (FollowerState.java:run(114)) - 34a22de4-3e24-4541-99bd-6e7cf7aa3a5e: FollowerState was interrupted: java.lang.InterruptedException: sleep interrupted
2019-08-30 03:51:46,967 [StateMachineUpdater:34a22de4-3e24-4541-99bd-6e7cf7aa3a5e:group-D2EACB325F67] INFO  ratis.ContainerStateMachine (ContainerStateMachine.java:takeSnapshot(284)) - group-D2EACB325F67: Taking a snapshot at:(t:1, i:14) file /workdir/hadoop-ozone/integration-test/target/test-dir/MiniOzoneClusterImpl-42edc0d0-c7e9-4cf8-aacf-72b5a22a0227/datanode-1/data/ratis/ddbfc6ee-af5e-459a-90a9-d2eacb325f67/sm/snapshot.1_14
2019-08-30 03:51:46,967 [ForkJoinPool.commonPool-worker-1] INFO  impl.StateMachineUpdater (StateMachineUpdater.java:stopAndJoin(115)) - StateMachineUpdater:34a22de4-3e24-4541-99bd-6e7cf7aa3a5e:group-D2EACB325F67: set stopIndex = 16
2019-08-30 03:51:46,971 [EventQueue-StaleNodeForStaleNodeHandler] INFO  node.StaleNodeHandler (StaleNodeHandler.java:onMessage(58)) - Datanode d899c6ae-90ec-446d-94b3-997285126f36{ip: 192.168.157.199, host: pr-hdds-2057-gndl4-2748649462, networkLocation: /default-rack, certSerialId: null} moved to stale state. Finalizing its pipelines [PipelineID=3fab0e7f-5b62-4fbc-9792-87bbf8570d65, PipelineID=127300a6-cb81-4a3d-8c88-6078ff790fc8]
2019-08-30 03:51:46,967 [main] INFO  impl.PendingRequests (PendingRequests.java:sendNotLeaderResponses(202)) - d899c6ae-90ec-446d-94b3-997285126f36-PendingRequests: sendNotLeaderResponses
2019-08-30 03:51:46,971 [EventQueue-StaleNodeForStaleNodeHandler] INFO  pipeline.SCMPipelineManager (SCMPipelineManager.java:finalizeAndDestroyPipeline(309)) - destroying pipeline:Pipeline[ Id: 3fab0e7f-5b62-4fbc-9792-87bbf8570d65, Nodes: d899c6ae-90ec-446d-94b3-997285126f36{ip: 192.168.157.199, host: pr-hdds-2057-gndl4-2748649462, networkLocation: /default-rack, certSerialId: null}, Type:RATIS, Factor:ONE, State:OPEN]
2019-08-30 03:51:46,972 [main] INFO  impl.StateMachineUpdater (StateMachineUpdater.java:stopAndJoin(115)) - StateMachineUpdater:d899c6ae-90ec-446d-94b3-997285126f36:group-87BBF8570D65: set stopIndex = 0
2019-08-30 03:51:46,972 [EventQueue-StaleNodeForStaleNodeHandler] INFO  pipeline.PipelineStateManager (PipelineStateManager.java:finalizePipeline(123)) - Pipeline Pipeline[ Id: 3fab0e7f-5b62-4fbc-9792-87bbf8570d65, Nodes: d899c6ae-90ec-446d-94b3-997285126f36{ip: 192.168.157.199, host: pr-hdds-2057-gndl4-2748649462, networkLocation: /default-rack, certSerialId: null}, Type:RATIS, Factor:ONE, State:CLOSED] moved to CLOSED state
2019-08-30 03:51:46,972 [main] INFO  impl.RaftServerImpl (ServerState.java:close(394)) - d899c6ae-90ec-446d-94b3-997285126f36:group-87BBF8570D65 closes. The last applied log index is 0
2019-08-30 03:51:46,973 [EventQueue-StaleNodeForStaleNodeHandler] INFO  pipeline.SCMPipelineManager (SCMPipelineManager.java:finalizeAndDestroyPipeline(309)) - destroying pipeline:Pipeline[ Id: 127300a6-cb81-4a3d-8c88-6078ff790fc8, Nodes: fffb68e7-bc7b-4433-8df5-958ad16b5811{ip: 192.168.157.199, host: pr-hdds-2057-gndl4-2748649462, networkLocation: /default-rack, certSerialId: null}d899c6ae-90ec-446d-94b3-997285126f36{ip: 192.168.157.199, host: pr-hdds-2057-gndl4-2748649462, networkLocation: /default-rack, certSerialId: null}503c132b-b575-4388-b650-2d70ff914a35{ip: 192.168.157.199, host: pr-hdds-2057-gndl4-2748649462, networkLocation: /default-rack, certSerialId: null}, Type:RATIS, Factor:THREE, State:CLOSED]
2019-08-30 03:51:46,973 [d899c6ae-90ec-446d-94b3-997285126f36-SegmentedRaftLogWorker:Storage Directory /workdir/hadoop-ozone/integration-test/target/test-dir/MiniOzoneClusterImpl-42edc0d0-c7e9-4cf8-aacf-72b5a22a0227/datanode-4/data/ratis/3fab0e7f-5b62-4fbc-9792-87bbf8570d65] INFO  segmented.SegmentedRaftLogWorker (SegmentedRaftLogWorker.java:run(313)) - d899c6ae-90ec-446d-94b3-997285126f36-SegmentedRaftLogWorker:Storage Directory /workdir/hadoop-ozone/integration-test/target/test-dir/MiniOzoneClusterImpl-42edc0d0-c7e9-4cf8-aacf-72b5a22a0227/datanode-4/data/ratis/3fab0e7f-5b62-4fbc-9792-87bbf8570d65 was interrupted, exiting. There are 0 tasks remaining in the queue.
2019-08-30 03:51:46,983 [main] INFO  segmented.SegmentedRaftLogWorker (SegmentedRaftLogWorker.java:close(228)) - d899c6ae-90ec-446d-94b3-997285126f36-SegmentedRaftLogWorker:Storage Directory /workdir/hadoop-ozone/integration-test/target/test-dir/MiniOzoneClusterImpl-42edc0d0-c7e9-4cf8-aacf-72b5a22a0227/datanode-4/data/ratis/3fab0e7f-5b62-4fbc-9792-87bbf8570d65 close()
2019-08-30 03:51:46,985 [main] INFO  impl.RaftServerImpl (RaftServerImpl.java:lambda$shutdown$3(245)) - d899c6ae-90ec-446d-94b3-997285126f36: shutdown group-6078FF790FC8
2019-08-30 03:51:46,986 [main] INFO  util.JmxRegister (JmxRegister.java:unregister(73)) - Successfully un-registered JMX Bean with object name Ratis:service=RaftServer,group=group-6078FF790FC8,id=d899c6ae-90ec-446d-94b3-997285126f36
2019-08-30 03:51:46,986 [main] INFO  impl.RoleInfo (RoleInfo.java:shutdownFollowerState(121)) - d899c6ae-90ec-446d-94b3-997285126f36: shutdown FollowerState
2019-08-30 03:51:46,986 [main] INFO  impl.StateMachineUpdater (StateMachineUpdater.java:stopAndJoin(115)) - StateMachineUpdater:d899c6ae-90ec-446d-94b3-997285126f36:group-6078FF790FC8: set stopIndex = 18
2019-08-30 03:51:46,987 [Thread-3539] INFO  impl.FollowerState (FollowerState.java:run(114)) - d899c6ae-90ec-446d-94b3-997285126f36: FollowerState was interrupted: java.lang.InterruptedException: sleep interrupted
2019-08-30 03:51:46,987 [StateMachineUpdater:d899c6ae-90ec-446d-94b3-997285126f36:group-6078FF790FC8] INFO  ratis.ContainerStateMachine (ContainerStateMachine.java:takeSnapshot(284)) - group-6078FF790FC8: Taking a snapshot at:(t:2, i:14) file /workdir/hadoop-ozone/integration-test/target/test-dir/MiniOzoneClusterImpl-42edc0d0-c7e9-4cf8-aacf-72b5a22a0227/datanode-4/data/ratis/127300a6-cb81-4a3d-8c88-6078ff790fc8/sm/snapshot.2_14
2019-08-30 03:51:47,000 [StateMachineUpdater:34a22de4-3e24-4541-99bd-6e7cf7aa3a5e:group-D2EACB325F67] INFO  ratis.ContainerStateMachine (ContainerStateMachine.java:takeSnapshot(295)) - group-D2EACB325F67: Finished taking a snapshot at:(t:1, i:14) file:/workdir/hadoop-ozone/integration-test/target/test-dir/MiniOzoneClusterImpl-42edc0d0-c7e9-4cf8-aacf-72b5a22a0227/datanode-1/data/ratis/ddbfc6ee-af5e-459a-90a9-d2eacb325f67/sm/snapshot.1_14 time:34
2019-08-30 03:51:47,001 [StateMachineUpdater:34a22de4-3e24-4541-99bd-6e7cf7aa3a5e:group-D2EACB325F67] INFO  impl.StateMachineUpdater (StateMachineUpdater.java:takeSnapshot(242)) - StateMachineUpdater:34a22de4-3e24-4541-99bd-6e7cf7aa3a5e:group-D2EACB325F67: Took a snapshot at index 14
2019-08-30 03:51:47,001 [StateMachineUpdater:34a22de4-3e24-4541-99bd-6e7cf7aa3a5e:group-D2EACB325F67] INFO  impl.StateMachineUpdater (StateMachineUpdater.java:lambda$new$0(80)) - StateMachineUpdater:34a22de4-3e24-4541-99bd-6e7cf7aa3a5e:group-D2EACB325F67: snapshotIndex: updateIncreasingly -1 -> 14
2019-08-30 03:51:47,001 [ForkJoinPool.commonPool-worker-1] INFO  impl.RaftServerImpl (ServerState.java:close(394)) - 34a22de4-3e24-4541-99bd-6e7cf7aa3a5e:group-D2EACB325F67 closes. The last applied log index is 16
2019-08-30 03:51:47,002 [34a22de4-3e24-4541-99bd-6e7cf7aa3a5e-SegmentedRaftLogWorker:Storage Directory /workdir/hadoop-ozone/integration-test/target/test-dir/MiniOzoneClusterImpl-42edc0d0-c7e9-4cf8-aacf-72b5a22a0227/datanode-1/data/ratis/ddbfc6ee-af5e-459a-90a9-d2eacb325f67] INFO  segmented.SegmentedRaftLogWorker (SegmentedRaftLogWorker.java:run(313)) - 34a22de4-3e24-4541-99bd-6e7cf7aa3a5e-SegmentedRaftLogWorker:Storage Directory /workdir/hadoop-ozone/integration-test/target/test-dir/MiniOzoneClusterImpl-42edc0d0-c7e9-4cf8-aacf-72b5a22a0227/datanode-1/data/ratis/ddbfc6ee-af5e-459a-90a9-d2eacb325f67 was interrupted, exiting. There are 0 tasks remaining in the queue.
2019-08-30 03:51:47,005 [ForkJoinPool.commonPool-worker-1] INFO  segmented.SegmentedRaftLogWorker (SegmentedRaftLogWorker.java:close(228)) - 34a22de4-3e24-4541-99bd-6e7cf7aa3a5e-SegmentedRaftLogWorker:Storage Directory /workdir/hadoop-ozone/integration-test/target/test-dir/MiniOzoneClusterImpl-42edc0d0-c7e9-4cf8-aacf-72b5a22a0227/datanode-1/data/ratis/ddbfc6ee-af5e-459a-90a9-d2eacb325f67 close()
2019-08-30 03:51:47,008 [ForkJoinPool.commonPool-worker-1] INFO  impl.RaftServerImpl (RaftServerImpl.java:lambda$shutdown$3(245)) - 34a22de4-3e24-4541-99bd-6e7cf7aa3a5e: shutdown group-AB54FB974FEC
2019-08-30 03:51:47,008 [ForkJoinPool.commonPool-worker-1] INFO  util.JmxRegister (JmxRegister.java:unregister(73)) - Successfully un-registered JMX Bean with object name Ratis:service=RaftServer,group=group-AB54FB974FEC,id=34a22de4-3e24-4541-99bd-6e7cf7aa3a5e
2019-08-30 03:51:47,008 [ForkJoinPool.commonPool-worker-1] INFO  impl.RoleInfo (RoleInfo.java:shutdownLeaderState(104)) - 34a22de4-3e24-4541-99bd-6e7cf7aa3a5e: shutdown LeaderState
2019-08-30 03:51:47,009 [ForkJoinPool.commonPool-worker-1] INFO  impl.PendingRequests (PendingRequests.java:sendNotLeaderResponses(202)) - 34a22de4-3e24-4541-99bd-6e7cf7aa3a5e-PendingRequests: sendNotLeaderResponses
2019-08-30 03:51:47,009 [ForkJoinPool.commonPool-worker-1] INFO  impl.StateMachineUpdater (StateMachineUpdater.java:stopAndJoin(115)) - StateMachineUpdater:34a22de4-3e24-4541-99bd-6e7cf7aa3a5e:group-AB54FB974FEC: set stopIndex = 0
2019-08-30 03:51:47,009 [ForkJoinPool.commonPool-worker-1] INFO  impl.RaftServerImpl (ServerState.java:close(394)) - 34a22de4-3e24-4541-99bd-6e7cf7aa3a5e:group-AB54FB974FEC closes. The last applied log index is 0
2019-08-30 03:51:47,010 [34a22de4-3e24-4541-99bd-6e7cf7aa3a5e-SegmentedRaftLogWorker:Storage Directory /workdir/hadoop-ozone/integration-test/target/test-dir/MiniOzoneClusterImpl-42edc0d0-c7e9-4cf8-aacf-72b5a22a0227/datanode-1/data/ratis/420bfb23-c3fd-49ca-a447-ab54fb974fec] INFO  segmented.SegmentedRaftLogWorker (SegmentedRaftLogWorker.java:run(313)) - 34a22de4-3e24-4541-99bd-6e7cf7aa3a5e-SegmentedRaftLogWorker:Storage Directory /workdir/hadoop-ozone/integration-test/target/test-dir/MiniOzoneClusterImpl-42edc0d0-c7e9-4cf8-aacf-72b5a22a0227/datanode-1/data/ratis/420bfb23-c3fd-49ca-a447-ab54fb974fec was interrupted, exiting. There are 0 tasks remaining in the queue.
2019-08-30 03:51:47,010 [ForkJoinPool.commonPool-worker-1] INFO  segmented.SegmentedRaftLogWorker (SegmentedRaftLogWorker.java:close(228)) - 34a22de4-3e24-4541-99bd-6e7cf7aa3a5e-SegmentedRaftLogWorker:Storage Directory /workdir/hadoop-ozone/integration-test/target/test-dir/MiniOzoneClusterImpl-42edc0d0-c7e9-4cf8-aacf-72b5a22a0227/datanode-1/data/ratis/420bfb23-c3fd-49ca-a447-ab54fb974fec close()
2019-08-30 03:51:47,012 [ForkJoinPool.commonPool-worker-1] INFO  server.GrpcService (GrpcService.java:closeImpl(155)) - 34a22de4-3e24-4541-99bd-6e7cf7aa3a5e: shutdown server with port 43669 now
2019-08-30 03:51:47,020 [grpc-default-executor-3] WARN  server.GrpcServerProtocolService (LogUtils.java:warn(134)) - 34a22de4-3e24-4541-99bd-6e7cf7aa3a5e: appendEntries onError: org.apache.ratis.thirdparty.io.grpc.StatusRuntimeException: CANCELLED: cancelled before receiving half close
2019-08-30 03:51:47,020 [grpc-default-executor-5] WARN  server.GrpcLogAppender (LogUtils.java:warn(134)) - 6b6e8f83-1581-4c4d-859e-6a09185f7f8f->34a22de4-3e24-4541-99bd-6e7cf7aa3a5e: Failed appendEntries: org.apache.ratis.thirdparty.io.grpc.StatusRuntimeException: CANCELLED: HTTP/2 error code: CANCEL
Received Rst Stream
2019-08-30 03:51:47,020 [ForkJoinPool.commonPool-worker-1] INFO  server.GrpcService (GrpcService.java:closeImpl(163)) - 34a22de4-3e24-4541-99bd-6e7cf7aa3a5e: shutdown server with port 43669 successfully
2019-08-30 03:51:47,021 [grpc-default-executor-5] INFO  impl.FollowerInfo (FollowerInfo.java:lambda$new$0(50)) - 6b6e8f83-1581-4c4d-859e-6a09185f7f8f->34a22de4-3e24-4541-99bd-6e7cf7aa3a5e: nextIndex: updateUnconditionally 17 -> 16
2019-08-30 03:51:47,025 [StateMachineUpdater:d899c6ae-90ec-446d-94b3-997285126f36:group-6078FF790FC8] INFO  ratis.ContainerStateMachine (ContainerStateMachine.java:takeSnapshot(295)) - group-6078FF790FC8: Finished taking a snapshot at:(t:2, i:14) file:/workdir/hadoop-ozone/integration-test/target/test-dir/MiniOzoneClusterImpl-42edc0d0-c7e9-4cf8-aacf-72b5a22a0227/datanode-4/data/ratis/127300a6-cb81-4a3d-8c88-6078ff790fc8/sm/snapshot.2_14 time:38
2019-08-30 03:51:47,025 [refreshUsed-/workdir/hadoop-ozone/integration-test/target/test-dir/MiniOzoneClusterImpl-42edc0d0-c7e9-4cf8-aacf-72b5a22a0227/datanode-1/data/containers] WARN  fs.CachingGetSpaceUsed (CachingGetSpaceUsed.java:run(183)) - Thread Interrupted waiting to refresh disk information: sleep interrupted
2019-08-30 03:51:47,025 [StateMachineUpdater:d899c6ae-90ec-446d-94b3-997285126f36:group-6078FF790FC8] INFO  impl.StateMachineUpdater (StateMachineUpdater.java:takeSnapshot(242)) - StateMachineUpdater:d899c6ae-90ec-446d-94b3-997285126f36:group-6078FF790FC8: Took a snapshot at index 14
2019-08-30 03:51:47,026 [StateMachineUpdater:d899c6ae-90ec-446d-94b3-997285126f36:group-6078FF790FC8] INFO  impl.StateMachineUpdater (StateMachineUpdater.java:lambda$new$0(80)) - StateMachineUpdater:d899c6ae-90ec-446d-94b3-997285126f36:group-6078FF790FC8: snapshotIndex: updateIncreasingly -1 -> 14
2019-08-30 03:51:47,027 [main] INFO  impl.RaftServerImpl (ServerState.java:close(394)) - d899c6ae-90ec-446d-94b3-997285126f36:group-6078FF790FC8 closes. The last applied log index is 18
2019-08-30 03:51:47,028 [d899c6ae-90ec-446d-94b3-997285126f36-SegmentedRaftLogWorker:Storage Directory /workdir/hadoop-ozone/integration-test/target/test-dir/MiniOzoneClusterImpl-42edc0d0-c7e9-4cf8-aacf-72b5a22a0227/datanode-4/data/ratis/127300a6-cb81-4a3d-8c88-6078ff790fc8] INFO  segmented.SegmentedRaftLogWorker (SegmentedRaftLogWorker.java:run(313)) - d899c6ae-90ec-446d-94b3-997285126f36-SegmentedRaftLogWorker:Storage Directory /workdir/hadoop-ozone/integration-test/target/test-dir/MiniOzoneClusterImpl-42edc0d0-c7e9-4cf8-aacf-72b5a22a0227/datanode-4/data/ratis/127300a6-cb81-4a3d-8c88-6078ff790fc8 was interrupted, exiting. There are 0 tasks remaining in the queue.
2019-08-30 03:51:47,030 [main] INFO  segmented.SegmentedRaftLogWorker (SegmentedRaftLogWorker.java:close(228)) - d899c6ae-90ec-446d-94b3-997285126f36-SegmentedRaftLogWorker:Storage Directory /workdir/hadoop-ozone/integration-test/target/test-dir/MiniOzoneClusterImpl-42edc0d0-c7e9-4cf8-aacf-72b5a22a0227/datanode-4/data/ratis/127300a6-cb81-4a3d-8c88-6078ff790fc8 close()
2019-08-30 03:51:47,032 [main] INFO  server.GrpcService (GrpcService.java:closeImpl(155)) - d899c6ae-90ec-446d-94b3-997285126f36: shutdown server with port 40289 now
2019-08-30 03:51:47,032 [grpc-default-executor-3] WARN  server.GrpcServerProtocolService (LogUtils.java:warn(134)) - d899c6ae-90ec-446d-94b3-997285126f36: appendEntries onError: org.apache.ratis.thirdparty.io.grpc.StatusRuntimeException: CANCELLED: cancelled before receiving half close
2019-08-30 03:51:47,033 [main] INFO  server.GrpcService (GrpcService.java:closeImpl(163)) - d899c6ae-90ec-446d-94b3-997285126f36: shutdown server with port 40289 successfully
2019-08-30 03:51:47,033 [grpc-default-executor-3] WARN  server.GrpcLogAppender (LogUtils.java:warn(134)) - 503c132b-b575-4388-b650-2d70ff914a35->d899c6ae-90ec-446d-94b3-997285126f36: Failed appendEntries: org.apache.ratis.thirdparty.io.grpc.StatusRuntimeException: CANCELLED: HTTP/2 error code: CANCEL
Received Rst Stream
2019-08-30 03:51:47,033 [grpc-default-executor-3] INFO  impl.FollowerInfo (FollowerInfo.java:lambda$new$0(50)) - 503c132b-b575-4388-b650-2d70ff914a35->d899c6ae-90ec-446d-94b3-997285126f36: nextIndex: updateUnconditionally 19 -> 18
2019-08-30 03:51:47,039 [refreshUsed-/workdir/hadoop-ozone/integration-test/target/test-dir/MiniOzoneClusterImpl-42edc0d0-c7e9-4cf8-aacf-72b5a22a0227/datanode-4/data/containers] WARN  fs.CachingGetSpaceUsed (CachingGetSpaceUsed.java:run(183)) - Thread Interrupted waiting to refresh disk information: sleep interrupted
2019-08-30 03:51:47,048 [ForkJoinPool.commonPool-worker-1] INFO  utils.BackgroundService (BackgroundService.java:shutdown(148)) - Shutting down service BlockDeletingService
2019-08-30 03:51:47,055 [ForkJoinPool.commonPool-worker-1] INFO  statemachine.DatanodeStateMachine (DatanodeStateMachine.java:stopDaemon(395)) - Ozone container server stopped.
2019-08-30 03:51:47,061 [ForkJoinPool.commonPool-worker-1] INFO  handler.ContextHandler (ContextHandler.java:doStop(910)) - Stopped o.e.j.w.WebAppContext@509a6095{/,null,UNAVAILABLE}{/hddsDatanode}
2019-08-30 03:51:47,062 [ForkJoinPool.commonPool-worker-1] INFO  server.AbstractConnector (AbstractConnector.java:doStop(318)) - Stopped ServerConnector@57cabdc3{HTTP/1.1,[http/1.1]}{0.0.0.0:0}
2019-08-30 03:51:47,064 [ForkJoinPool.commonPool-worker-1] INFO  handler.ContextHandler (ContextHandler.java:doStop(910)) - Stopped o.e.j.s.ServletContextHandler@29c53c4f{/static,jar:file:/home/user/.m2/repository/org/apache/hadoop/hadoop-hdds-container-service/0.5.0-SNAPSHOT/hadoop-hdds-container-service-0.5.0-SNAPSHOT.jar!/webapps/static,UNAVAILABLE}
2019-08-30 03:51:47,065 [ForkJoinPool.commonPool-worker-1] INFO  handler.ContextHandler (ContextHandler.java:doStop(910)) - Stopped o.e.j.s.ServletContextHandler@55296b50{/logs,file:///workdir/hadoop-ozone/integration-test/target/log,UNAVAILABLE}
2019-08-30 03:51:47,068 [main] INFO  utils.BackgroundService (BackgroundService.java:shutdown(148)) - Shutting down service BlockDeletingService
2019-08-30 03:51:47,073 [main] INFO  statemachine.DatanodeStateMachine (DatanodeStateMachine.java:stopDaemon(395)) - Ozone container server stopped.
2019-08-30 03:51:47,074 [main] INFO  handler.ContextHandler (ContextHandler.java:doStop(910)) - Stopped o.e.j.w.WebAppContext@1e495414{/,null,UNAVAILABLE}{/hddsDatanode}
2019-08-30 03:51:47,075 [main] INFO  server.AbstractConnector (AbstractConnector.java:doStop(318)) - Stopped ServerConnector@3711c71c{HTTP/1.1,[http/1.1]}{0.0.0.0:0}
2019-08-30 03:51:47,075 [main] INFO  handler.ContextHandler (ContextHandler.java:doStop(910)) - Stopped o.e.j.s.ServletContextHandler@67c6f4d8{/static,jar:file:/home/user/.m2/repository/org/apache/hadoop/hadoop-hdds-container-service/0.5.0-SNAPSHOT/hadoop-hdds-container-service-0.5.0-SNAPSHOT.jar!/webapps/static,UNAVAILABLE}
2019-08-30 03:51:47,076 [main] INFO  handler.ContextHandler (ContextHandler.java:doStop(910)) - Stopped o.e.j.s.ServletContextHandler@87f501f{/logs,file:///workdir/hadoop-ozone/integration-test/target/log,UNAVAILABLE}
2019-08-30 03:51:47,266 | INFO  | SCMAudit | user=jenkins1000 | ip=192.168.157.199 | op=SEND_HEARTBEAT {datanodeUUID=e6d3f6ef-09a3-4172-8a2c-3346e8e7f34e, command=[]} | ret=SUCCESS |  
2019-08-30 03:51:47,690 [Datanode State Machine Thread - 0] INFO  statemachine.DatanodeStateMachine (DatanodeStateMachine.java:lambda$startDaemon$0(350)) - Ozone container server started.
2019-08-30 03:51:47,692 | INFO  | SCMAudit | user=jenkins1000 | ip=192.168.157.199 | op=SEND_HEARTBEAT {datanodeUUID=014d650f-ccff-4dcb-ad60-4ffc816b3ea1, command=[commandType: closeContainerCommand closeContainerCommandProto { containerID: 2 pipelineID { id: "ddbfc6ee-af5e-459a-90a9-d2eacb325f67" } cmdId: 2 force: false } ]} | ret=SUCCESS |  
2019-08-30 03:51:47,888 [Datanode State Machine Thread - 0] INFO  statemachine.DatanodeStateMachine (DatanodeStateMachine.java:lambda$startDaemon$0(350)) - Ozone container server started.
2019-08-30 03:51:48,265 | INFO  | SCMAudit | user=jenkins1000 | ip=192.168.157.199 | op=SEND_HEARTBEAT {datanodeUUID=e6d3f6ef-09a3-4172-8a2c-3346e8e7f34e, command=[]} | ret=SUCCESS |  
2019-08-30 03:51:48,660 [grpc-default-executor-7] WARN  server.GrpcLogAppender (LogUtils.java:warn(134)) - 503c132b-b575-4388-b650-2d70ff914a35->fffb68e7-bc7b-4433-8df5-958ad16b5811: Failed appendEntries: org.apache.ratis.thirdparty.io.grpc.StatusRuntimeException: UNAVAILABLE: io exception
2019-08-30 03:51:48,661 [grpc-default-executor-7] INFO  impl.FollowerInfo (FollowerInfo.java:lambda$new$0(50)) - 503c132b-b575-4388-b650-2d70ff914a35->fffb68e7-bc7b-4433-8df5-958ad16b5811: nextIndex: updateUnconditionally 0 -> 0
2019-08-30 03:51:48,663 [grpc-default-executor-3] WARN  server.GrpcLogAppender (LogUtils.java:warn(134)) - 503c132b-b575-4388-b650-2d70ff914a35->d899c6ae-90ec-446d-94b3-997285126f36: Failed appendEntries: org.apache.ratis.thirdparty.io.grpc.StatusRuntimeException: UNAVAILABLE: io exception
2019-08-30 03:51:48,663 [grpc-default-executor-3] INFO  impl.FollowerInfo (FollowerInfo.java:lambda$new$0(50)) - 503c132b-b575-4388-b650-2d70ff914a35->d899c6ae-90ec-446d-94b3-997285126f36: nextIndex: updateUnconditionally 18 -> 17
2019-08-30 03:51:48,692 | INFO  | SCMAudit | user=jenkins1000 | ip=192.168.157.199 | op=SEND_HEARTBEAT {datanodeUUID=014d650f-ccff-4dcb-ad60-4ffc816b3ea1, command=[]} | ret=SUCCESS |  
2019-08-30 03:51:48,709 | INFO  | SCMAudit | user=jenkins1000 | ip=192.168.157.199 | op=SEND_HEARTBEAT {datanodeUUID=014d650f-ccff-4dcb-ad60-4ffc816b3ea1, command=[]} | ret=SUCCESS |  
2019-08-30 03:51:49,266 | INFO  | SCMAudit | user=jenkins1000 | ip=192.168.157.199 | op=SEND_HEARTBEAT {datanodeUUID=e6d3f6ef-09a3-4172-8a2c-3346e8e7f34e, command=[]} | ret=SUCCESS |  
2019-08-30 03:51:49,464 [grpc-default-executor-7] WARN  server.GrpcLogAppender (LogUtils.java:warn(134)) - 6b6e8f83-1581-4c4d-859e-6a09185f7f8f->34a22de4-3e24-4541-99bd-6e7cf7aa3a5e: Failed appendEntries: org.apache.ratis.thirdparty.io.grpc.StatusRuntimeException: UNAVAILABLE: io exception
2019-08-30 03:51:49,465 [grpc-default-executor-7] INFO  impl.FollowerInfo (FollowerInfo.java:lambda$new$0(50)) - 6b6e8f83-1581-4c4d-859e-6a09185f7f8f->34a22de4-3e24-4541-99bd-6e7cf7aa3a5e: nextIndex: updateUnconditionally 16 -> 15
2019-08-30 03:51:49,709 | INFO  | SCMAudit | user=jenkins1000 | ip=192.168.157.199 | op=SEND_HEARTBEAT {datanodeUUID=014d650f-ccff-4dcb-ad60-4ffc816b3ea1, command=[]} | ret=SUCCESS |  
2019-08-30 03:51:50,267 | INFO  | SCMAudit | user=jenkins1000 | ip=192.168.157.199 | op=SEND_HEARTBEAT {datanodeUUID=e6d3f6ef-09a3-4172-8a2c-3346e8e7f34e, command=[]} | ret=SUCCESS |  
2019-08-30 03:51:50,708 | INFO  | SCMAudit | user=jenkins1000 | ip=192.168.157.199 | op=SEND_HEARTBEAT {datanodeUUID=014d650f-ccff-4dcb-ad60-4ffc816b3ea1, command=[]} | ret=SUCCESS |  
2019-08-30 03:51:51,161 [grpc-default-executor-5] WARN  server.GrpcLogAppender (LogUtils.java:warn(134)) - 503c132b-b575-4388-b650-2d70ff914a35->fffb68e7-bc7b-4433-8df5-958ad16b5811: Failed appendEntries: org.apache.ratis.thirdparty.io.grpc.StatusRuntimeException: UNAVAILABLE: io exception
2019-08-30 03:51:51,162 [grpc-default-executor-5] INFO  impl.FollowerInfo (FollowerInfo.java:lambda$new$0(50)) - 503c132b-b575-4388-b650-2d70ff914a35->fffb68e7-bc7b-4433-8df5-958ad16b5811: nextIndex: updateUnconditionally 0 -> 0
2019-08-30 03:51:51,164 [grpc-default-executor-7] WARN  server.GrpcLogAppender (LogUtils.java:warn(134)) - 503c132b-b575-4388-b650-2d70ff914a35->d899c6ae-90ec-446d-94b3-997285126f36: Failed appendEntries: org.apache.ratis.thirdparty.io.grpc.StatusRuntimeException: UNAVAILABLE: io exception
2019-08-30 03:51:51,164 [grpc-default-executor-7] INFO  impl.FollowerInfo (FollowerInfo.java:lambda$new$0(50)) - 503c132b-b575-4388-b650-2d70ff914a35->d899c6ae-90ec-446d-94b3-997285126f36: nextIndex: updateUnconditionally 17 -> 16
2019-08-30 03:51:51,266 | INFO  | SCMAudit | user=jenkins1000 | ip=192.168.157.199 | op=SEND_HEARTBEAT {datanodeUUID=e6d3f6ef-09a3-4172-8a2c-3346e8e7f34e, command=[]} | ret=SUCCESS |  
2019-08-30 03:51:51,709 | INFO  | SCMAudit | user=jenkins1000 | ip=192.168.157.199 | op=SEND_HEARTBEAT {datanodeUUID=014d650f-ccff-4dcb-ad60-4ffc816b3ea1, command=[]} | ret=SUCCESS |  
2019-08-30 03:51:51,778 [EventQueue-StaleNodeForStaleNodeHandler] INFO  node.StaleNodeHandler (StaleNodeHandler.java:onMessage(58)) - Datanode 6b6e8f83-1581-4c4d-859e-6a09185f7f8f{ip: 192.168.157.199, host: pr-hdds-2057-gndl4-2748649462, networkLocation: /default-rack, certSerialId: null} moved to stale state. Finalizing its pipelines [PipelineID=ddbfc6ee-af5e-459a-90a9-d2eacb325f67, PipelineID=e086ffd0-8b7e-4d6e-a8c3-03b3489e28bf]
2019-08-30 03:51:51,778 [EventQueue-StaleNodeForStaleNodeHandler] INFO  pipeline.SCMPipelineManager (SCMPipelineManager.java:finalizeAndDestroyPipeline(309)) - destroying pipeline:Pipeline[ Id: ddbfc6ee-af5e-459a-90a9-d2eacb325f67, Nodes: 014d650f-ccff-4dcb-ad60-4ffc816b3ea1{ip: 192.168.157.199, host: pr-hdds-2057-gndl4-2748649462, networkLocation: /default-rack, certSerialId: null}34a22de4-3e24-4541-99bd-6e7cf7aa3a5e{ip: 192.168.157.199, host: pr-hdds-2057-gndl4-2748649462, networkLocation: /default-rack, certSerialId: null}6b6e8f83-1581-4c4d-859e-6a09185f7f8f{ip: 192.168.157.199, host: pr-hdds-2057-gndl4-2748649462, networkLocation: /default-rack, certSerialId: null}, Type:RATIS, Factor:THREE, State:CLOSED]
2019-08-30 03:51:51,779 [EventQueue-StaleNodeForStaleNodeHandler] INFO  pipeline.SCMPipelineManager (SCMPipelineManager.java:finalizeAndDestroyPipeline(309)) - destroying pipeline:Pipeline[ Id: e086ffd0-8b7e-4d6e-a8c3-03b3489e28bf, Nodes: 6b6e8f83-1581-4c4d-859e-6a09185f7f8f{ip: 192.168.157.199, host: pr-hdds-2057-gndl4-2748649462, networkLocation: /default-rack, certSerialId: null}, Type:RATIS, Factor:ONE, State:OPEN]
2019-08-30 03:51:51,779 [EventQueue-StaleNodeForStaleNodeHandler] INFO  pipeline.PipelineStateManager (PipelineStateManager.java:finalizePipeline(123)) - Pipeline Pipeline[ Id: e086ffd0-8b7e-4d6e-a8c3-03b3489e28bf, Nodes: 6b6e8f83-1581-4c4d-859e-6a09185f7f8f{ip: 192.168.157.199, host: pr-hdds-2057-gndl4-2748649462, networkLocation: /default-rack, certSerialId: null}, Type:RATIS, Factor:ONE, State:CLOSED] moved to CLOSED state
2019-08-30 03:51:51,964 [grpc-default-executor-7] WARN  server.GrpcLogAppender (LogUtils.java:warn(134)) - 6b6e8f83-1581-4c4d-859e-6a09185f7f8f->34a22de4-3e24-4541-99bd-6e7cf7aa3a5e: Failed appendEntries: org.apache.ratis.thirdparty.io.grpc.StatusRuntimeException: UNAVAILABLE: io exception
2019-08-30 03:51:51,965 [grpc-default-executor-7] INFO  impl.FollowerInfo (FollowerInfo.java:lambda$new$0(50)) - 6b6e8f83-1581-4c4d-859e-6a09185f7f8f->34a22de4-3e24-4541-99bd-6e7cf7aa3a5e: nextIndex: updateUnconditionally 15 -> 14
2019-08-30 03:51:51,978 [EventQueue-StaleNodeForStaleNodeHandler] INFO  node.StaleNodeHandler (StaleNodeHandler.java:onMessage(58)) - Datanode 503c132b-b575-4388-b650-2d70ff914a35{ip: 192.168.157.199, host: pr-hdds-2057-gndl4-2748649462, networkLocation: /default-rack, certSerialId: null} moved to stale state. Finalizing its pipelines [PipelineID=e622c0b1-71ae-4f97-81de-f62f2527e864, PipelineID=127300a6-cb81-4a3d-8c88-6078ff790fc8]
2019-08-30 03:51:51,978 [EventQueue-StaleNodeForStaleNodeHandler] INFO  pipeline.SCMPipelineManager (SCMPipelineManager.java:finalizeAndDestroyPipeline(309)) - destroying pipeline:Pipeline[ Id: e622c0b1-71ae-4f97-81de-f62f2527e864, Nodes: 503c132b-b575-4388-b650-2d70ff914a35{ip: 192.168.157.199, host: pr-hdds-2057-gndl4-2748649462, networkLocation: /default-rack, certSerialId: null}, Type:RATIS, Factor:ONE, State:OPEN]
2019-08-30 03:51:51,978 [EventQueue-StaleNodeForStaleNodeHandler] INFO  pipeline.PipelineStateManager (PipelineStateManager.java:finalizePipeline(123)) - Pipeline Pipeline[ Id: e622c0b1-71ae-4f97-81de-f62f2527e864, Nodes: 503c132b-b575-4388-b650-2d70ff914a35{ip: 192.168.157.199, host: pr-hdds-2057-gndl4-2748649462, networkLocation: /default-rack, certSerialId: null}, Type:RATIS, Factor:ONE, State:CLOSED] moved to CLOSED state
2019-08-30 03:51:51,979 [EventQueue-StaleNodeForStaleNodeHandler] INFO  pipeline.SCMPipelineManager (SCMPipelineManager.java:finalizeAndDestroyPipeline(309)) - destroying pipeline:Pipeline[ Id: 127300a6-cb81-4a3d-8c88-6078ff790fc8, Nodes: fffb68e7-bc7b-4433-8df5-958ad16b5811{ip: 192.168.157.199, host: pr-hdds-2057-gndl4-2748649462, networkLocation: /default-rack, certSerialId: null}d899c6ae-90ec-446d-94b3-997285126f36{ip: 192.168.157.199, host: pr-hdds-2057-gndl4-2748649462, networkLocation: /default-rack, certSerialId: null}503c132b-b575-4388-b650-2d70ff914a35{ip: 192.168.157.199, host: pr-hdds-2057-gndl4-2748649462, networkLocation: /default-rack, certSerialId: null}, Type:RATIS, Factor:THREE, State:CLOSED]
2019-08-30 03:51:52,068 [ForkJoinPool.commonPool-worker-1] INFO  ozoneimpl.OzoneContainer (OzoneContainer.java:stop(215)) - Attempting to stop container services.
2019-08-30 03:51:52,068 [ForkJoinPool.commonPool-worker-1] INFO  impl.RaftServerProxy (RaftServerProxy.java:lambda$close$4(314)) - 503c132b-b575-4388-b650-2d70ff914a35: close
2019-08-30 03:51:52,069 [ForkJoinPool.commonPool-worker-1] INFO  impl.RaftServerImpl (RaftServerImpl.java:lambda$shutdown$3(245)) - 503c132b-b575-4388-b650-2d70ff914a35: shutdown group-F62F2527E864
2019-08-30 03:51:52,069 [ForkJoinPool.commonPool-worker-1] INFO  util.JmxRegister (JmxRegister.java:unregister(73)) - Successfully un-registered JMX Bean with object name Ratis:service=RaftServer,group=group-F62F2527E864,id=503c132b-b575-4388-b650-2d70ff914a35
2019-08-30 03:51:52,069 [ForkJoinPool.commonPool-worker-1] INFO  impl.RoleInfo (RoleInfo.java:shutdownLeaderState(104)) - 503c132b-b575-4388-b650-2d70ff914a35: shutdown LeaderState
2019-08-30 03:51:52,070 [ForkJoinPool.commonPool-worker-1] INFO  impl.PendingRequests (PendingRequests.java:sendNotLeaderResponses(202)) - 503c132b-b575-4388-b650-2d70ff914a35-PendingRequests: sendNotLeaderResponses
2019-08-30 03:51:52,070 [ForkJoinPool.commonPool-worker-1] INFO  impl.StateMachineUpdater (StateMachineUpdater.java:stopAndJoin(115)) - StateMachineUpdater:503c132b-b575-4388-b650-2d70ff914a35:group-F62F2527E864: set stopIndex = 0
2019-08-30 03:51:52,070 [ForkJoinPool.commonPool-worker-1] INFO  impl.RaftServerImpl (ServerState.java:close(394)) - 503c132b-b575-4388-b650-2d70ff914a35:group-F62F2527E864 closes. The last applied log index is 0
2019-08-30 03:51:52,071 [503c132b-b575-4388-b650-2d70ff914a35-SegmentedRaftLogWorker:Storage Directory /workdir/hadoop-ozone/integration-test/target/test-dir/MiniOzoneClusterImpl-42edc0d0-c7e9-4cf8-aacf-72b5a22a0227/datanode-2/data/ratis/e622c0b1-71ae-4f97-81de-f62f2527e864] INFO  segmented.SegmentedRaftLogWorker (SegmentedRaftLogWorker.java:run(313)) - 503c132b-b575-4388-b650-2d70ff914a35-SegmentedRaftLogWorker:Storage Directory /workdir/hadoop-ozone/integration-test/target/test-dir/MiniOzoneClusterImpl-42edc0d0-c7e9-4cf8-aacf-72b5a22a0227/datanode-2/data/ratis/e622c0b1-71ae-4f97-81de-f62f2527e864 was interrupted, exiting. There are 0 tasks remaining in the queue.
2019-08-30 03:51:52,071 [ForkJoinPool.commonPool-worker-1] INFO  segmented.SegmentedRaftLogWorker (SegmentedRaftLogWorker.java:close(228)) - 503c132b-b575-4388-b650-2d70ff914a35-SegmentedRaftLogWorker:Storage Directory /workdir/hadoop-ozone/integration-test/target/test-dir/MiniOzoneClusterImpl-42edc0d0-c7e9-4cf8-aacf-72b5a22a0227/datanode-2/data/ratis/e622c0b1-71ae-4f97-81de-f62f2527e864 close()
2019-08-30 03:51:52,074 [ForkJoinPool.commonPool-worker-1] INFO  impl.RaftServerImpl (RaftServerImpl.java:lambda$shutdown$3(245)) - 503c132b-b575-4388-b650-2d70ff914a35: shutdown group-6078FF790FC8
2019-08-30 03:51:52,074 [ForkJoinPool.commonPool-worker-1] INFO  util.JmxRegister (JmxRegister.java:unregister(73)) - Successfully un-registered JMX Bean with object name Ratis:service=RaftServer,group=group-6078FF790FC8,id=503c132b-b575-4388-b650-2d70ff914a35
2019-08-30 03:51:52,074 [ForkJoinPool.commonPool-worker-1] INFO  impl.RoleInfo (RoleInfo.java:shutdownLeaderState(104)) - 503c132b-b575-4388-b650-2d70ff914a35: shutdown LeaderState
2019-08-30 03:51:52,077 [ForkJoinPool.commonPool-worker-1] INFO  impl.PendingRequests (PendingRequests.java:sendNotLeaderResponses(202)) - 503c132b-b575-4388-b650-2d70ff914a35-PendingRequests: sendNotLeaderResponses
2019-08-30 03:51:52,078 [org.apache.ratis.server.impl.LogAppender$AppenderDaemon$$Lambda$476/685984204@51588250] WARN  server.GrpcLogAppender (GrpcLogAppender.java:mayWait(143)) - GrpcLogAppender(503c132b-b575-4388-b650-2d70ff914a35->d899c6ae-90ec-446d-94b3-997285126f36): Wait interrupted by java.lang.InterruptedException
2019-08-30 03:51:52,077 [org.apache.ratis.server.impl.LogAppender$AppenderDaemon$$Lambda$476/685984204@2684922b] WARN  server.GrpcLogAppender (GrpcLogAppender.java:mayWait(143)) - GrpcLogAppender(503c132b-b575-4388-b650-2d70ff914a35->fffb68e7-bc7b-4433-8df5-958ad16b5811): Wait interrupted by java.lang.InterruptedException
2019-08-30 03:51:52,080 [StateMachineUpdater:503c132b-b575-4388-b650-2d70ff914a35:group-6078FF790FC8] INFO  ratis.ContainerStateMachine (ContainerStateMachine.java:takeSnapshot(284)) - group-6078FF790FC8: Taking a snapshot at:(t:2, i:14) file /workdir/hadoop-ozone/integration-test/target/test-dir/MiniOzoneClusterImpl-42edc0d0-c7e9-4cf8-aacf-72b5a22a0227/datanode-2/data/ratis/127300a6-cb81-4a3d-8c88-6078ff790fc8/sm/snapshot.2_14
2019-08-30 03:51:52,080 [ForkJoinPool.commonPool-worker-1] INFO  impl.StateMachineUpdater (StateMachineUpdater.java:stopAndJoin(115)) - StateMachineUpdater:503c132b-b575-4388-b650-2d70ff914a35:group-6078FF790FC8: set stopIndex = 18
2019-08-30 03:51:52,078 [main] INFO  ozoneimpl.OzoneContainer (OzoneContainer.java:stop(215)) - Attempting to stop container services.
2019-08-30 03:51:52,081 [main] INFO  impl.RaftServerProxy (RaftServerProxy.java:lambda$close$4(314)) - 6b6e8f83-1581-4c4d-859e-6a09185f7f8f: close
2019-08-30 03:51:52,082 [main] INFO  impl.RaftServerImpl (RaftServerImpl.java:lambda$shutdown$3(245)) - 6b6e8f83-1581-4c4d-859e-6a09185f7f8f: shutdown group-D2EACB325F67
2019-08-30 03:51:52,082 [main] INFO  util.JmxRegister (JmxRegister.java:unregister(73)) - Successfully un-registered JMX Bean with object name Ratis:service=RaftServer,group=group-D2EACB325F67,id=6b6e8f83-1581-4c4d-859e-6a09185f7f8f
2019-08-30 03:51:52,082 [main] INFO  impl.RoleInfo (RoleInfo.java:shutdownLeaderState(104)) - 6b6e8f83-1581-4c4d-859e-6a09185f7f8f: shutdown LeaderState
2019-08-30 03:51:52,086 [main] INFO  impl.PendingRequests (PendingRequests.java:sendNotLeaderResponses(202)) - 6b6e8f83-1581-4c4d-859e-6a09185f7f8f-PendingRequests: sendNotLeaderResponses
2019-08-30 03:51:52,086 [org.apache.ratis.server.impl.LogAppender$AppenderDaemon$$Lambda$476/685984204@41f2eea2] WARN  server.GrpcLogAppender (GrpcLogAppender.java:mayWait(143)) - GrpcLogAppender(6b6e8f83-1581-4c4d-859e-6a09185f7f8f->014d650f-ccff-4dcb-ad60-4ffc816b3ea1): Wait interrupted by java.lang.InterruptedException
2019-08-30 03:51:52,086 [org.apache.ratis.server.impl.LogAppender$AppenderDaemon$$Lambda$476/685984204@4f068f8] WARN  server.GrpcLogAppender (GrpcLogAppender.java:mayWait(143)) - GrpcLogAppender(6b6e8f83-1581-4c4d-859e-6a09185f7f8f->34a22de4-3e24-4541-99bd-6e7cf7aa3a5e): Wait interrupted by java.lang.InterruptedException
2019-08-30 03:51:52,090 [main] INFO  impl.StateMachineUpdater (StateMachineUpdater.java:stopAndJoin(115)) - StateMachineUpdater:6b6e8f83-1581-4c4d-859e-6a09185f7f8f:group-D2EACB325F67: set stopIndex = 16
2019-08-30 03:51:52,090 [grpc-default-executor-7] INFO  server.GrpcServerProtocolService (GrpcServerProtocolService.java:onCompleted(104)) - 014d650f-ccff-4dcb-ad60-4ffc816b3ea1: appendEntries completed
2019-08-30 03:51:52,090 [StateMachineUpdater:6b6e8f83-1581-4c4d-859e-6a09185f7f8f:group-D2EACB325F67] INFO  ratis.ContainerStateMachine (ContainerStateMachine.java:takeSnapshot(284)) - group-D2EACB325F67: Taking a snapshot at:(t:1, i:14) file /workdir/hadoop-ozone/integration-test/target/test-dir/MiniOzoneClusterImpl-42edc0d0-c7e9-4cf8-aacf-72b5a22a0227/datanode-3/data/ratis/ddbfc6ee-af5e-459a-90a9-d2eacb325f67/sm/snapshot.1_14
2019-08-30 03:51:52,091 [grpc-default-executor-7] INFO  server.GrpcLogAppender (GrpcLogAppender.java:onCompleted(292)) - 6b6e8f83-1581-4c4d-859e-6a09185f7f8f->014d650f-ccff-4dcb-ad60-4ffc816b3ea1: follower responses appendEntries COMPLETED
2019-08-30 03:51:52,091 [grpc-default-executor-7] INFO  impl.FollowerInfo (FollowerInfo.java:lambda$new$0(50)) - 6b6e8f83-1581-4c4d-859e-6a09185f7f8f->014d650f-ccff-4dcb-ad60-4ffc816b3ea1: nextIndex: updateUnconditionally 17 -> 16
2019-08-30 03:51:52,106 [StateMachineUpdater:503c132b-b575-4388-b650-2d70ff914a35:group-6078FF790FC8] INFO  ratis.ContainerStateMachine (ContainerStateMachine.java:takeSnapshot(295)) - group-6078FF790FC8: Finished taking a snapshot at:(t:2, i:14) file:/workdir/hadoop-ozone/integration-test/target/test-dir/MiniOzoneClusterImpl-42edc0d0-c7e9-4cf8-aacf-72b5a22a0227/datanode-2/data/ratis/127300a6-cb81-4a3d-8c88-6078ff790fc8/sm/snapshot.2_14 time:26
2019-08-30 03:51:52,106 [StateMachineUpdater:503c132b-b575-4388-b650-2d70ff914a35:group-6078FF790FC8] INFO  impl.StateMachineUpdater (StateMachineUpdater.java:takeSnapshot(242)) - StateMachineUpdater:503c132b-b575-4388-b650-2d70ff914a35:group-6078FF790FC8: Took a snapshot at index 14
2019-08-30 03:51:52,106 [StateMachineUpdater:6b6e8f83-1581-4c4d-859e-6a09185f7f8f:group-D2EACB325F67] INFO  ratis.ContainerStateMachine (ContainerStateMachine.java:takeSnapshot(295)) - group-D2EACB325F67: Finished taking a snapshot at:(t:1, i:14) file:/workdir/hadoop-ozone/integration-test/target/test-dir/MiniOzoneClusterImpl-42edc0d0-c7e9-4cf8-aacf-72b5a22a0227/datanode-3/data/ratis/ddbfc6ee-af5e-459a-90a9-d2eacb325f67/sm/snapshot.1_14 time:15
2019-08-30 03:51:52,106 [StateMachineUpdater:503c132b-b575-4388-b650-2d70ff914a35:group-6078FF790FC8] INFO  impl.StateMachineUpdater (StateMachineUpdater.java:lambda$new$0(80)) - StateMachineUpdater:503c132b-b575-4388-b650-2d70ff914a35:group-6078FF790FC8: snapshotIndex: updateIncreasingly -1 -> 14
2019-08-30 03:51:52,106 [StateMachineUpdater:6b6e8f83-1581-4c4d-859e-6a09185f7f8f:group-D2EACB325F67] INFO  impl.StateMachineUpdater (StateMachineUpdater.java:takeSnapshot(242)) - StateMachineUpdater:6b6e8f83-1581-4c4d-859e-6a09185f7f8f:group-D2EACB325F67: Took a snapshot at index 14
2019-08-30 03:51:52,107 [StateMachineUpdater:6b6e8f83-1581-4c4d-859e-6a09185f7f8f:group-D2EACB325F67] INFO  impl.StateMachineUpdater (StateMachineUpdater.java:lambda$new$0(80)) - StateMachineUpdater:6b6e8f83-1581-4c4d-859e-6a09185f7f8f:group-D2EACB325F67: snapshotIndex: updateIncreasingly -1 -> 14
2019-08-30 03:51:52,107 [ForkJoinPool.commonPool-worker-1] INFO  impl.RaftServerImpl (ServerState.java:close(394)) - 503c132b-b575-4388-b650-2d70ff914a35:group-6078FF790FC8 closes. The last applied log index is 18
2019-08-30 03:51:52,107 [main] INFO  impl.RaftServerImpl (ServerState.java:close(394)) - 6b6e8f83-1581-4c4d-859e-6a09185f7f8f:group-D2EACB325F67 closes. The last applied log index is 16
2019-08-30 03:51:52,107 [503c132b-b575-4388-b650-2d70ff914a35-SegmentedRaftLogWorker:Storage Directory /workdir/hadoop-ozone/integration-test/target/test-dir/MiniOzoneClusterImpl-42edc0d0-c7e9-4cf8-aacf-72b5a22a0227/datanode-2/data/ratis/127300a6-cb81-4a3d-8c88-6078ff790fc8] INFO  segmented.SegmentedRaftLogWorker (SegmentedRaftLogWorker.java:run(313)) - 503c132b-b575-4388-b650-2d70ff914a35-SegmentedRaftLogWorker:Storage Directory /workdir/hadoop-ozone/integration-test/target/test-dir/MiniOzoneClusterImpl-42edc0d0-c7e9-4cf8-aacf-72b5a22a0227/datanode-2/data/ratis/127300a6-cb81-4a3d-8c88-6078ff790fc8 was interrupted, exiting. There are 0 tasks remaining in the queue.
2019-08-30 03:51:52,108 [6b6e8f83-1581-4c4d-859e-6a09185f7f8f-SegmentedRaftLogWorker:Storage Directory /workdir/hadoop-ozone/integration-test/target/test-dir/MiniOzoneClusterImpl-42edc0d0-c7e9-4cf8-aacf-72b5a22a0227/datanode-3/data/ratis/ddbfc6ee-af5e-459a-90a9-d2eacb325f67] INFO  segmented.SegmentedRaftLogWorker (SegmentedRaftLogWorker.java:run(313)) - 6b6e8f83-1581-4c4d-859e-6a09185f7f8f-SegmentedRaftLogWorker:Storage Directory /workdir/hadoop-ozone/integration-test/target/test-dir/MiniOzoneClusterImpl-42edc0d0-c7e9-4cf8-aacf-72b5a22a0227/datanode-3/data/ratis/ddbfc6ee-af5e-459a-90a9-d2eacb325f67 was interrupted, exiting. There are 0 tasks remaining in the queue.
2019-08-30 03:51:52,109 [ForkJoinPool.commonPool-worker-1] INFO  segmented.SegmentedRaftLogWorker (SegmentedRaftLogWorker.java:close(228)) - 503c132b-b575-4388-b650-2d70ff914a35-SegmentedRaftLogWorker:Storage Directory /workdir/hadoop-ozone/integration-test/target/test-dir/MiniOzoneClusterImpl-42edc0d0-c7e9-4cf8-aacf-72b5a22a0227/datanode-2/data/ratis/127300a6-cb81-4a3d-8c88-6078ff790fc8 close()
2019-08-30 03:51:52,111 [main] INFO  segmented.SegmentedRaftLogWorker (SegmentedRaftLogWorker.java:close(228)) - 6b6e8f83-1581-4c4d-859e-6a09185f7f8f-SegmentedRaftLogWorker:Storage Directory /workdir/hadoop-ozone/integration-test/target/test-dir/MiniOzoneClusterImpl-42edc0d0-c7e9-4cf8-aacf-72b5a22a0227/datanode-3/data/ratis/ddbfc6ee-af5e-459a-90a9-d2eacb325f67 close()
2019-08-30 03:51:52,112 [ForkJoinPool.commonPool-worker-1] INFO  server.GrpcService (GrpcService.java:closeImpl(155)) - 503c132b-b575-4388-b650-2d70ff914a35: shutdown server with port 39683 now
2019-08-30 03:51:52,114 [main] INFO  impl.RaftServerImpl (RaftServerImpl.java:lambda$shutdown$3(245)) - 6b6e8f83-1581-4c4d-859e-6a09185f7f8f: shutdown group-03B3489E28BF
2019-08-30 03:51:52,115 [main] INFO  util.JmxRegister (JmxRegister.java:unregister(73)) - Successfully un-registered JMX Bean with object name Ratis:service=RaftServer,group=group-03B3489E28BF,id=6b6e8f83-1581-4c4d-859e-6a09185f7f8f
2019-08-30 03:51:52,115 [ForkJoinPool.commonPool-worker-1] INFO  server.GrpcService (GrpcService.java:closeImpl(163)) - 503c132b-b575-4388-b650-2d70ff914a35: shutdown server with port 39683 successfully
2019-08-30 03:51:52,115 [main] INFO  impl.RoleInfo (RoleInfo.java:shutdownLeaderState(104)) - 6b6e8f83-1581-4c4d-859e-6a09185f7f8f: shutdown LeaderState
2019-08-30 03:51:52,116 [main] INFO  impl.PendingRequests (PendingRequests.java:sendNotLeaderResponses(202)) - 6b6e8f83-1581-4c4d-859e-6a09185f7f8f-PendingRequests: sendNotLeaderResponses
2019-08-30 03:51:52,117 [main] INFO  impl.StateMachineUpdater (StateMachineUpdater.java:stopAndJoin(115)) - StateMachineUpdater:6b6e8f83-1581-4c4d-859e-6a09185f7f8f:group-03B3489E28BF: set stopIndex = 0
2019-08-30 03:51:52,118 [main] INFO  impl.RaftServerImpl (ServerState.java:close(394)) - 6b6e8f83-1581-4c4d-859e-6a09185f7f8f:group-03B3489E28BF closes. The last applied log index is 0
2019-08-30 03:51:52,118 [6b6e8f83-1581-4c4d-859e-6a09185f7f8f-SegmentedRaftLogWorker:Storage Directory /workdir/hadoop-ozone/integration-test/target/test-dir/MiniOzoneClusterImpl-42edc0d0-c7e9-4cf8-aacf-72b5a22a0227/datanode-3/data/ratis/e086ffd0-8b7e-4d6e-a8c3-03b3489e28bf] INFO  segmented.SegmentedRaftLogWorker (SegmentedRaftLogWorker.java:run(313)) - 6b6e8f83-1581-4c4d-859e-6a09185f7f8f-SegmentedRaftLogWorker:Storage Directory /workdir/hadoop-ozone/integration-test/target/test-dir/MiniOzoneClusterImpl-42edc0d0-c7e9-4cf8-aacf-72b5a22a0227/datanode-3/data/ratis/e086ffd0-8b7e-4d6e-a8c3-03b3489e28bf was interrupted, exiting. There are 0 tasks remaining in the queue.
2019-08-30 03:51:52,119 [refreshUsed-/workdir/hadoop-ozone/integration-test/target/test-dir/MiniOzoneClusterImpl-42edc0d0-c7e9-4cf8-aacf-72b5a22a0227/datanode-2/data/containers] WARN  fs.CachingGetSpaceUsed (CachingGetSpaceUsed.java:run(183)) - Thread Interrupted waiting to refresh disk information: sleep interrupted
2019-08-30 03:51:52,119 [main] INFO  segmented.SegmentedRaftLogWorker (SegmentedRaftLogWorker.java:close(228)) - 6b6e8f83-1581-4c4d-859e-6a09185f7f8f-SegmentedRaftLogWorker:Storage Directory /workdir/hadoop-ozone/integration-test/target/test-dir/MiniOzoneClusterImpl-42edc0d0-c7e9-4cf8-aacf-72b5a22a0227/datanode-3/data/ratis/e086ffd0-8b7e-4d6e-a8c3-03b3489e28bf close()
2019-08-30 03:51:52,121 [main] INFO  server.GrpcService (GrpcService.java:closeImpl(155)) - 6b6e8f83-1581-4c4d-859e-6a09185f7f8f: shutdown server with port 33199 now
2019-08-30 03:51:52,124 [grpc-default-executor-5] WARN  client.GrpcClientProtocolService (LogUtils.java:warn(134)) - 1-UnorderedRequestStreamObserver1: onError: org.apache.ratis.thirdparty.io.grpc.StatusRuntimeException: CANCELLED: cancelled before receiving half close
2019-08-30 03:51:52,124 [main] INFO  server.GrpcService (GrpcService.java:closeImpl(163)) - 6b6e8f83-1581-4c4d-859e-6a09185f7f8f: shutdown server with port 33199 successfully
2019-08-30 03:51:52,127 [refreshUsed-/workdir/hadoop-ozone/integration-test/target/test-dir/MiniOzoneClusterImpl-42edc0d0-c7e9-4cf8-aacf-72b5a22a0227/datanode-3/data/containers] WARN  fs.CachingGetSpaceUsed (CachingGetSpaceUsed.java:run(183)) - Thread Interrupted waiting to refresh disk information: sleep interrupted
2019-08-30 03:51:52,141 [ForkJoinPool.commonPool-worker-1] INFO  utils.BackgroundService (BackgroundService.java:shutdown(148)) - Shutting down service BlockDeletingService
2019-08-30 03:51:52,146 [ForkJoinPool.commonPool-worker-1] INFO  statemachine.DatanodeStateMachine (DatanodeStateMachine.java:stopDaemon(395)) - Ozone container server stopped.
2019-08-30 03:51:52,150 [ForkJoinPool.commonPool-worker-1] INFO  handler.ContextHandler (ContextHandler.java:doStop(910)) - Stopped o.e.j.w.WebAppContext@42a0786f{/,null,UNAVAILABLE}{/hddsDatanode}
2019-08-30 03:51:52,151 [ForkJoinPool.commonPool-worker-1] INFO  server.AbstractConnector (AbstractConnector.java:doStop(318)) - Stopped ServerConnector@477523ba{HTTP/1.1,[http/1.1]}{0.0.0.0:0}
2019-08-30 03:51:52,152 [main] INFO  utils.BackgroundService (BackgroundService.java:shutdown(148)) - Shutting down service BlockDeletingService
2019-08-30 03:51:52,152 [ForkJoinPool.commonPool-worker-1] INFO  handler.ContextHandler (ContextHandler.java:doStop(910)) - Stopped o.e.j.s.ServletContextHandler@49c1e294{/static,jar:file:/home/user/.m2/repository/org/apache/hadoop/hadoop-hdds-container-service/0.5.0-SNAPSHOT/hadoop-hdds-container-service-0.5.0-SNAPSHOT.jar!/webapps/static,UNAVAILABLE}
2019-08-30 03:51:52,156 [ForkJoinPool.commonPool-worker-1] INFO  handler.ContextHandler (ContextHandler.java:doStop(910)) - Stopped o.e.j.s.ServletContextHandler@5c448ef{/logs,file:///workdir/hadoop-ozone/integration-test/target/log,UNAVAILABLE}
2019-08-30 03:51:52,157 [main] INFO  statemachine.DatanodeStateMachine (DatanodeStateMachine.java:stopDaemon(395)) - Ozone container server stopped.
2019-08-30 03:51:52,159 [main] INFO  handler.ContextHandler (ContextHandler.java:doStop(910)) - Stopped o.e.j.w.WebAppContext@1de13f34{/,null,UNAVAILABLE}{/hddsDatanode}
2019-08-30 03:51:52,160 [main] INFO  server.AbstractConnector (AbstractConnector.java:doStop(318)) - Stopped ServerConnector@7e191fda{HTTP/1.1,[http/1.1]}{0.0.0.0:0}
2019-08-30 03:51:52,160 [main] INFO  handler.ContextHandler (ContextHandler.java:doStop(910)) - Stopped o.e.j.s.ServletContextHandler@4d4c1ba9{/static,jar:file:/home/user/.m2/repository/org/apache/hadoop/hadoop-hdds-container-service/0.5.0-SNAPSHOT/hadoop-hdds-container-service-0.5.0-SNAPSHOT.jar!/webapps/static,UNAVAILABLE}
2019-08-30 03:51:52,160 [main] INFO  handler.ContextHandler (ContextHandler.java:doStop(910)) - Stopped o.e.j.s.ServletContextHandler@61da0413{/logs,file:///workdir/hadoop-ozone/integration-test/target/log,UNAVAILABLE}
2019-08-30 03:51:52,265 [Datanode State Machine Thread - 0] INFO  statemachine.DatanodeStateMachine (DatanodeStateMachine.java:lambda$startDaemon$0(350)) - Ozone container server started.
2019-08-30 03:51:52,708 [Datanode State Machine Thread - 0] INFO  statemachine.DatanodeStateMachine (DatanodeStateMachine.java:lambda$startDaemon$0(350)) - Ozone container server started.
2019-08-30 03:51:56,285 [EventQueue-StaleNodeForStaleNodeHandler] INFO  node.StaleNodeHandler (StaleNodeHandler.java:onMessage(58)) - Datanode e6d3f6ef-09a3-4172-8a2c-3346e8e7f34e{ip: 192.168.157.199, host: pr-hdds-2057-gndl4-2748649462, networkLocation: /default-rack, certSerialId: null} moved to stale state. Finalizing its pipelines [PipelineID=f16b0b29-17d8-43f3-81c0-9bdbc21a939d]
2019-08-30 03:51:56,286 [EventQueue-StaleNodeForStaleNodeHandler] INFO  pipeline.SCMPipelineManager (SCMPipelineManager.java:finalizeAndDestroyPipeline(309)) - destroying pipeline:Pipeline[ Id: f16b0b29-17d8-43f3-81c0-9bdbc21a939d, Nodes: e6d3f6ef-09a3-4172-8a2c-3346e8e7f34e{ip: 192.168.157.199, host: pr-hdds-2057-gndl4-2748649462, networkLocation: /default-rack, certSerialId: null}, Type:RATIS, Factor:ONE, State:OPEN]
2019-08-30 03:51:56,286 [EventQueue-StaleNodeForStaleNodeHandler] INFO  pipeline.PipelineStateManager (PipelineStateManager.java:finalizePipeline(123)) - Pipeline Pipeline[ Id: f16b0b29-17d8-43f3-81c0-9bdbc21a939d, Nodes: e6d3f6ef-09a3-4172-8a2c-3346e8e7f34e{ip: 192.168.157.199, host: pr-hdds-2057-gndl4-2748649462, networkLocation: /default-rack, certSerialId: null}, Type:RATIS, Factor:ONE, State:CLOSED] moved to CLOSED state
2019-08-30 03:51:56,786 [EventQueue-StaleNodeForStaleNodeHandler] INFO  node.StaleNodeHandler (StaleNodeHandler.java:onMessage(58)) - Datanode 014d650f-ccff-4dcb-ad60-4ffc816b3ea1{ip: 192.168.157.199, host: pr-hdds-2057-gndl4-2748649462, networkLocation: /default-rack, certSerialId: null} moved to stale state. Finalizing its pipelines [PipelineID=ddbfc6ee-af5e-459a-90a9-d2eacb325f67, PipelineID=d7b0cf02-b6dd-42bf-9dc6-032b08030d93]
2019-08-30 03:51:56,786 [EventQueue-StaleNodeForStaleNodeHandler] INFO  pipeline.SCMPipelineManager (SCMPipelineManager.java:finalizeAndDestroyPipeline(309)) - destroying pipeline:Pipeline[ Id: ddbfc6ee-af5e-459a-90a9-d2eacb325f67, Nodes: 014d650f-ccff-4dcb-ad60-4ffc816b3ea1{ip: 192.168.157.199, host: pr-hdds-2057-gndl4-2748649462, networkLocation: /default-rack, certSerialId: null}34a22de4-3e24-4541-99bd-6e7cf7aa3a5e{ip: 192.168.157.199, host: pr-hdds-2057-gndl4-2748649462, networkLocation: /default-rack, certSerialId: null}6b6e8f83-1581-4c4d-859e-6a09185f7f8f{ip: 192.168.157.199, host: pr-hdds-2057-gndl4-2748649462, networkLocation: /default-rack, certSerialId: null}, Type:RATIS, Factor:THREE, State:CLOSED]
2019-08-30 03:51:56,787 [EventQueue-StaleNodeForStaleNodeHandler] INFO  pipeline.SCMPipelineManager (SCMPipelineManager.java:finalizeAndDestroyPipeline(309)) - destroying pipeline:Pipeline[ Id: d7b0cf02-b6dd-42bf-9dc6-032b08030d93, Nodes: 014d650f-ccff-4dcb-ad60-4ffc816b3ea1{ip: 192.168.157.199, host: pr-hdds-2057-gndl4-2748649462, networkLocation: /default-rack, certSerialId: null}, Type:RATIS, Factor:ONE, State:OPEN]
2019-08-30 03:51:56,787 [EventQueue-StaleNodeForStaleNodeHandler] INFO  pipeline.PipelineStateManager (PipelineStateManager.java:finalizePipeline(123)) - Pipeline Pipeline[ Id: d7b0cf02-b6dd-42bf-9dc6-032b08030d93, Nodes: 014d650f-ccff-4dcb-ad60-4ffc816b3ea1{ip: 192.168.157.199, host: pr-hdds-2057-gndl4-2748649462, networkLocation: /default-rack, certSerialId: null}, Type:RATIS, Factor:ONE, State:CLOSED] moved to CLOSED state
2019-08-30 03:51:57,159 [ForkJoinPool.commonPool-worker-1] INFO  ozoneimpl.OzoneContainer (OzoneContainer.java:stop(215)) - Attempting to stop container services.
2019-08-30 03:51:57,159 [ForkJoinPool.commonPool-worker-1] INFO  impl.RaftServerProxy (RaftServerProxy.java:lambda$close$4(314)) - 014d650f-ccff-4dcb-ad60-4ffc816b3ea1: close
2019-08-30 03:51:57,160 [ForkJoinPool.commonPool-worker-1] INFO  impl.RaftServerImpl (RaftServerImpl.java:lambda$shutdown$3(245)) - 014d650f-ccff-4dcb-ad60-4ffc816b3ea1: shutdown group-D2EACB325F67
2019-08-30 03:51:57,160 [ForkJoinPool.commonPool-worker-1] INFO  util.JmxRegister (JmxRegister.java:unregister(73)) - Successfully un-registered JMX Bean with object name Ratis:service=RaftServer,group=group-D2EACB325F67,id=014d650f-ccff-4dcb-ad60-4ffc816b3ea1
2019-08-30 03:51:57,160 [ForkJoinPool.commonPool-worker-1] INFO  impl.RoleInfo (RoleInfo.java:shutdownFollowerState(121)) - 014d650f-ccff-4dcb-ad60-4ffc816b3ea1: shutdown FollowerState
2019-08-30 03:51:57,161 [ForkJoinPool.commonPool-worker-1] INFO  impl.StateMachineUpdater (StateMachineUpdater.java:stopAndJoin(115)) - StateMachineUpdater:014d650f-ccff-4dcb-ad60-4ffc816b3ea1:group-D2EACB325F67: set stopIndex = 16
2019-08-30 03:51:57,161 [StateMachineUpdater:014d650f-ccff-4dcb-ad60-4ffc816b3ea1:group-D2EACB325F67] INFO  ratis.ContainerStateMachine (ContainerStateMachine.java:takeSnapshot(284)) - group-D2EACB325F67: Taking a snapshot at:(t:1, i:14) file /workdir/hadoop-ozone/integration-test/target/test-dir/MiniOzoneClusterImpl-42edc0d0-c7e9-4cf8-aacf-72b5a22a0227/datanode-0/data/ratis/ddbfc6ee-af5e-459a-90a9-d2eacb325f67/sm/snapshot.1_14
2019-08-30 03:51:57,161 [Thread-3358] INFO  impl.FollowerState (FollowerState.java:run(114)) - 014d650f-ccff-4dcb-ad60-4ffc816b3ea1: FollowerState was interrupted: java.lang.InterruptedException: sleep interrupted
2019-08-30 03:51:57,162 [main] INFO  ozoneimpl.OzoneContainer (OzoneContainer.java:stop(215)) - Attempting to stop container services.
2019-08-30 03:51:57,163 [main] INFO  impl.RaftServerProxy (RaftServerProxy.java:lambda$close$4(314)) - e6d3f6ef-09a3-4172-8a2c-3346e8e7f34e: close
2019-08-30 03:51:57,166 [main] INFO  impl.RaftServerImpl (RaftServerImpl.java:lambda$shutdown$3(245)) - e6d3f6ef-09a3-4172-8a2c-3346e8e7f34e: shutdown group-9BDBC21A939D
2019-08-30 03:51:57,167 [main] INFO  util.JmxRegister (JmxRegister.java:unregister(73)) - Successfully un-registered JMX Bean with object name Ratis:service=RaftServer,group=group-9BDBC21A939D,id=e6d3f6ef-09a3-4172-8a2c-3346e8e7f34e
2019-08-30 03:51:57,167 [main] INFO  impl.RoleInfo (RoleInfo.java:shutdownLeaderState(104)) - e6d3f6ef-09a3-4172-8a2c-3346e8e7f34e: shutdown LeaderState
2019-08-30 03:51:57,168 [main] INFO  impl.PendingRequests (PendingRequests.java:sendNotLeaderResponses(202)) - e6d3f6ef-09a3-4172-8a2c-3346e8e7f34e-PendingRequests: sendNotLeaderResponses
2019-08-30 03:51:57,168 [main] INFO  impl.StateMachineUpdater (StateMachineUpdater.java:stopAndJoin(115)) - StateMachineUpdater:e6d3f6ef-09a3-4172-8a2c-3346e8e7f34e:group-9BDBC21A939D: set stopIndex = 0
2019-08-30 03:51:57,169 [main] INFO  impl.RaftServerImpl (ServerState.java:close(394)) - e6d3f6ef-09a3-4172-8a2c-3346e8e7f34e:group-9BDBC21A939D closes. The last applied log index is 0
2019-08-30 03:51:57,169 [e6d3f6ef-09a3-4172-8a2c-3346e8e7f34e-SegmentedRaftLogWorker:Storage Directory /workdir/hadoop-ozone/integration-test/target/test-dir/MiniOzoneClusterImpl-42edc0d0-c7e9-4cf8-aacf-72b5a22a0227/datanode-5/data/ratis/f16b0b29-17d8-43f3-81c0-9bdbc21a939d] INFO  segmented.SegmentedRaftLogWorker (SegmentedRaftLogWorker.java:run(313)) - e6d3f6ef-09a3-4172-8a2c-3346e8e7f34e-SegmentedRaftLogWorker:Storage Directory /workdir/hadoop-ozone/integration-test/target/test-dir/MiniOzoneClusterImpl-42edc0d0-c7e9-4cf8-aacf-72b5a22a0227/datanode-5/data/ratis/f16b0b29-17d8-43f3-81c0-9bdbc21a939d was interrupted, exiting. There are 0 tasks remaining in the queue.
2019-08-30 03:51:57,173 [main] INFO  segmented.SegmentedRaftLogWorker (SegmentedRaftLogWorker.java:close(228)) - e6d3f6ef-09a3-4172-8a2c-3346e8e7f34e-SegmentedRaftLogWorker:Storage Directory /workdir/hadoop-ozone/integration-test/target/test-dir/MiniOzoneClusterImpl-42edc0d0-c7e9-4cf8-aacf-72b5a22a0227/datanode-5/data/ratis/f16b0b29-17d8-43f3-81c0-9bdbc21a939d close()
2019-08-30 03:51:57,176 [StateMachineUpdater:014d650f-ccff-4dcb-ad60-4ffc816b3ea1:group-D2EACB325F67] INFO  ratis.ContainerStateMachine (ContainerStateMachine.java:takeSnapshot(295)) - group-D2EACB325F67: Finished taking a snapshot at:(t:1, i:14) file:/workdir/hadoop-ozone/integration-test/target/test-dir/MiniOzoneClusterImpl-42edc0d0-c7e9-4cf8-aacf-72b5a22a0227/datanode-0/data/ratis/ddbfc6ee-af5e-459a-90a9-d2eacb325f67/sm/snapshot.1_14 time:16
2019-08-30 03:51:57,176 [main] INFO  server.GrpcService (GrpcService.java:closeImpl(155)) - e6d3f6ef-09a3-4172-8a2c-3346e8e7f34e: shutdown server with port 45128 now
2019-08-30 03:51:57,176 [StateMachineUpdater:014d650f-ccff-4dcb-ad60-4ffc816b3ea1:group-D2EACB325F67] INFO  impl.StateMachineUpdater (StateMachineUpdater.java:takeSnapshot(242)) - StateMachineUpdater:014d650f-ccff-4dcb-ad60-4ffc816b3ea1:group-D2EACB325F67: Took a snapshot at index 14
2019-08-30 03:51:57,177 [StateMachineUpdater:014d650f-ccff-4dcb-ad60-4ffc816b3ea1:group-D2EACB325F67] INFO  impl.StateMachineUpdater (StateMachineUpdater.java:lambda$new$0(80)) - StateMachineUpdater:014d650f-ccff-4dcb-ad60-4ffc816b3ea1:group-D2EACB325F67: snapshotIndex: updateIncreasingly -1 -> 14
2019-08-30 03:51:57,177 [main] INFO  server.GrpcService (GrpcService.java:closeImpl(163)) - e6d3f6ef-09a3-4172-8a2c-3346e8e7f34e: shutdown server with port 45128 successfully
2019-08-30 03:51:57,177 [ForkJoinPool.commonPool-worker-1] INFO  impl.RaftServerImpl (ServerState.java:close(394)) - 014d650f-ccff-4dcb-ad60-4ffc816b3ea1:group-D2EACB325F67 closes. The last applied log index is 16
2019-08-30 03:51:57,178 [014d650f-ccff-4dcb-ad60-4ffc816b3ea1-SegmentedRaftLogWorker:Storage Directory /workdir/hadoop-ozone/integration-test/target/test-dir/MiniOzoneClusterImpl-42edc0d0-c7e9-4cf8-aacf-72b5a22a0227/datanode-0/data/ratis/ddbfc6ee-af5e-459a-90a9-d2eacb325f67] INFO  segmented.SegmentedRaftLogWorker (SegmentedRaftLogWorker.java:run(313)) - 014d650f-ccff-4dcb-ad60-4ffc816b3ea1-SegmentedRaftLogWorker:Storage Directory /workdir/hadoop-ozone/integration-test/target/test-dir/MiniOzoneClusterImpl-42edc0d0-c7e9-4cf8-aacf-72b5a22a0227/datanode-0/data/ratis/ddbfc6ee-af5e-459a-90a9-d2eacb325f67 was interrupted, exiting. There are 0 tasks remaining in the queue.
2019-08-30 03:51:57,182 [ForkJoinPool.commonPool-worker-1] INFO  segmented.SegmentedRaftLogWorker (SegmentedRaftLogWorker.java:close(228)) - 014d650f-ccff-4dcb-ad60-4ffc816b3ea1-SegmentedRaftLogWorker:Storage Directory /workdir/hadoop-ozone/integration-test/target/test-dir/MiniOzoneClusterImpl-42edc0d0-c7e9-4cf8-aacf-72b5a22a0227/datanode-0/data/ratis/ddbfc6ee-af5e-459a-90a9-d2eacb325f67 close()
2019-08-30 03:51:57,184 [ForkJoinPool.commonPool-worker-1] INFO  impl.RaftServerImpl (RaftServerImpl.java:lambda$shutdown$3(245)) - 014d650f-ccff-4dcb-ad60-4ffc816b3ea1: shutdown group-032B08030D93
2019-08-30 03:51:57,184 [ForkJoinPool.commonPool-worker-1] INFO  util.JmxRegister (JmxRegister.java:unregister(73)) - Successfully un-registered JMX Bean with object name Ratis:service=RaftServer,group=group-032B08030D93,id=014d650f-ccff-4dcb-ad60-4ffc816b3ea1
2019-08-30 03:51:57,185 [refreshUsed-/workdir/hadoop-ozone/integration-test/target/test-dir/MiniOzoneClusterImpl-42edc0d0-c7e9-4cf8-aacf-72b5a22a0227/datanode-5/data/containers] WARN  fs.CachingGetSpaceUsed (CachingGetSpaceUsed.java:run(183)) - Thread Interrupted waiting to refresh disk information: sleep interrupted
2019-08-30 03:51:57,185 [ForkJoinPool.commonPool-worker-1] INFO  impl.RoleInfo (RoleInfo.java:shutdownLeaderState(104)) - 014d650f-ccff-4dcb-ad60-4ffc816b3ea1: shutdown LeaderState
2019-08-30 03:51:57,186 [ForkJoinPool.commonPool-worker-1] INFO  impl.PendingRequests (PendingRequests.java:sendNotLeaderResponses(202)) - 014d650f-ccff-4dcb-ad60-4ffc816b3ea1-PendingRequests: sendNotLeaderResponses
2019-08-30 03:51:57,187 [ForkJoinPool.commonPool-worker-1] INFO  impl.StateMachineUpdater (StateMachineUpdater.java:stopAndJoin(115)) - StateMachineUpdater:014d650f-ccff-4dcb-ad60-4ffc816b3ea1:group-032B08030D93: set stopIndex = 0
2019-08-30 03:51:57,187 [ForkJoinPool.commonPool-worker-1] INFO  impl.RaftServerImpl (ServerState.java:close(394)) - 014d650f-ccff-4dcb-ad60-4ffc816b3ea1:group-032B08030D93 closes. The last applied log index is 0
2019-08-30 03:51:57,187 [014d650f-ccff-4dcb-ad60-4ffc816b3ea1-SegmentedRaftLogWorker:Storage Directory /workdir/hadoop-ozone/integration-test/target/test-dir/MiniOzoneClusterImpl-42edc0d0-c7e9-4cf8-aacf-72b5a22a0227/datanode-0/data/ratis/d7b0cf02-b6dd-42bf-9dc6-032b08030d93] INFO  segmented.SegmentedRaftLogWorker (SegmentedRaftLogWorker.java:run(313)) - 014d650f-ccff-4dcb-ad60-4ffc816b3ea1-SegmentedRaftLogWorker:Storage Directory /workdir/hadoop-ozone/integration-test/target/test-dir/MiniOzoneClusterImpl-42edc0d0-c7e9-4cf8-aacf-72b5a22a0227/datanode-0/data/ratis/d7b0cf02-b6dd-42bf-9dc6-032b08030d93 was interrupted, exiting. There are 0 tasks remaining in the queue.
2019-08-30 03:51:57,187 [ForkJoinPool.commonPool-worker-1] INFO  segmented.SegmentedRaftLogWorker (SegmentedRaftLogWorker.java:close(228)) - 014d650f-ccff-4dcb-ad60-4ffc816b3ea1-SegmentedRaftLogWorker:Storage Directory /workdir/hadoop-ozone/integration-test/target/test-dir/MiniOzoneClusterImpl-42edc0d0-c7e9-4cf8-aacf-72b5a22a0227/datanode-0/data/ratis/d7b0cf02-b6dd-42bf-9dc6-032b08030d93 close()
2019-08-30 03:51:57,189 [ForkJoinPool.commonPool-worker-1] INFO  server.GrpcService (GrpcService.java:closeImpl(155)) - 014d650f-ccff-4dcb-ad60-4ffc816b3ea1: shutdown server with port 34854 now
2019-08-30 03:51:57,189 [ForkJoinPool.commonPool-worker-1] INFO  server.GrpcService (GrpcService.java:closeImpl(163)) - 014d650f-ccff-4dcb-ad60-4ffc816b3ea1: shutdown server with port 34854 successfully
2019-08-30 03:51:57,192 [refreshUsed-/workdir/hadoop-ozone/integration-test/target/test-dir/MiniOzoneClusterImpl-42edc0d0-c7e9-4cf8-aacf-72b5a22a0227/datanode-0/data/containers] WARN  fs.CachingGetSpaceUsed (CachingGetSpaceUsed.java:run(183)) - Thread Interrupted waiting to refresh disk information: sleep interrupted
2019-08-30 03:51:57,205 [main] INFO  utils.BackgroundService (BackgroundService.java:shutdown(148)) - Shutting down service BlockDeletingService
2019-08-30 03:51:57,207 [main] INFO  statemachine.DatanodeStateMachine (DatanodeStateMachine.java:stopDaemon(395)) - Ozone container server stopped.
2019-08-30 03:51:57,208 [ForkJoinPool.commonPool-worker-1] INFO  utils.BackgroundService (BackgroundService.java:shutdown(148)) - Shutting down service BlockDeletingService
2019-08-30 03:51:57,209 [main] INFO  handler.ContextHandler (ContextHandler.java:doStop(910)) - Stopped o.e.j.w.WebAppContext@5520f675{/,null,UNAVAILABLE}{/hddsDatanode}
2019-08-30 03:51:57,211 [ForkJoinPool.commonPool-worker-1] INFO  statemachine.DatanodeStateMachine (DatanodeStateMachine.java:stopDaemon(395)) - Ozone container server stopped.
2019-08-30 03:51:57,214 [main] INFO  server.AbstractConnector (AbstractConnector.java:doStop(318)) - Stopped ServerConnector@2d237460{HTTP/1.1,[http/1.1]}{0.0.0.0:0}
2019-08-30 03:51:57,215 [main] INFO  handler.ContextHandler (ContextHandler.java:doStop(910)) - Stopped o.e.j.s.ServletContextHandler@154b8cb6{/static,jar:file:/home/user/.m2/repository/org/apache/hadoop/hadoop-hdds-container-service/0.5.0-SNAPSHOT/hadoop-hdds-container-service-0.5.0-SNAPSHOT.jar!/webapps/static,UNAVAILABLE}
2019-08-30 03:51:57,215 [ForkJoinPool.commonPool-worker-1] INFO  handler.ContextHandler (ContextHandler.java:doStop(910)) - Stopped o.e.j.w.WebAppContext@29bbc63c{/,null,UNAVAILABLE}{/hddsDatanode}
2019-08-30 03:51:57,215 [main] INFO  handler.ContextHandler (ContextHandler.java:doStop(910)) - Stopped o.e.j.s.ServletContextHandler@1c7f9861{/logs,file:///workdir/hadoop-ozone/integration-test/target/log,UNAVAILABLE}
2019-08-30 03:51:57,216 [ForkJoinPool.commonPool-worker-1] INFO  server.AbstractConnector (AbstractConnector.java:doStop(318)) - Stopped ServerConnector@272778ae{HTTP/1.1,[http/1.1]}{0.0.0.0:0}
2019-08-30 03:51:57,219 [ForkJoinPool.commonPool-worker-1] INFO  handler.ContextHandler (ContextHandler.java:doStop(910)) - Stopped o.e.j.s.ServletContextHandler@28b523a{/static,jar:file:/home/user/.m2/repository/org/apache/hadoop/hadoop-hdds-container-service/0.5.0-SNAPSHOT/hadoop-hdds-container-service-0.5.0-SNAPSHOT.jar!/webapps/static,UNAVAILABLE}
2019-08-30 03:51:57,219 [ForkJoinPool.commonPool-worker-1] INFO  handler.ContextHandler (ContextHandler.java:doStop(910)) - Stopped o.e.j.s.ServletContextHandler@539c4830{/logs,file:///workdir/hadoop-ozone/integration-test/target/log,UNAVAILABLE}
2019-08-30 03:51:57,220 [main] INFO  ozone.MiniOzoneClusterImpl (MiniOzoneClusterImpl.java:stop(339)) - Stopping the StorageContainerManager
2019-08-30 03:51:57,221 [main] INFO  server.StorageContainerManager (StorageContainerManager.java:stop(797)) - Stopping Replication Manager Service.
2019-08-30 03:51:57,221 [main] INFO  container.ReplicationManager (ReplicationManager.java:stop(193)) - Stopping Replication Monitor Thread.
2019-08-30 03:51:57,221 [main] INFO  server.StorageContainerManager (StorageContainerManager.java:stop(804)) - Stopping Lease Manager of the command watchers
2019-08-30 03:51:57,221 [main] INFO  server.StorageContainerManager (StorageContainerManager.java:stop(811)) - Stopping datanode service RPC server
2019-08-30 03:51:57,221 [main] INFO  server.SCMDatanodeProtocolServer (SCMDatanodeProtocolServer.java:stop(367)) - Stopping the RPC server for DataNodes
2019-08-30 03:51:57,221 [main] INFO  ipc.Server (Server.java:stop(3082)) - Stopping server on 45214
2019-08-30 03:51:57,224 [IPC Server listener on 45214] INFO  ipc.Server (Server.java:run(1185)) - Stopping IPC Server listener on 45214
2019-08-30 03:51:57,224 [IPC Server Responder] INFO  ipc.Server (Server.java:run(1319)) - Stopping IPC Server Responder
2019-08-30 03:51:57,287 [SCM Heartbeat Processing Thread - 0] WARN  node.NodeStateManager (NodeStateManager.java:scheduleNextHealthCheck(646)) - Current Thread is interrupted, shutting down HB processing thread for Node Manager.
2019-08-30 03:51:57,287 [main] INFO  server.StorageContainerManager (StorageContainerManager.java:stop(819)) - Stopping block service RPC server
2019-08-30 03:51:57,287 [main] INFO  server.SCMBlockProtocolServer (SCMBlockProtocolServer.java:stop(148)) - Stopping the RPC server for Block Protocol
2019-08-30 03:51:57,288 [main] INFO  ipc.Server (Server.java:stop(3082)) - Stopping server on 44709
2019-08-30 03:51:57,290 [IPC Server listener on 44709] INFO  ipc.Server (Server.java:run(1185)) - Stopping IPC Server listener on 44709
2019-08-30 03:51:57,290 [main] INFO  server.StorageContainerManager (StorageContainerManager.java:stop(826)) - Stopping the StorageContainerLocationProtocol RPC server
2019-08-30 03:51:57,291 [main] INFO  server.SCMClientProtocolServer (SCMClientProtocolServer.java:stop(159)) - Stopping the RPC server for Client Protocol
2019-08-30 03:51:57,291 [main] INFO  ipc.Server (Server.java:stop(3082)) - Stopping server on 42548
2019-08-30 03:51:57,291 [IPC Server Responder] INFO  ipc.Server (Server.java:run(1319)) - Stopping IPC Server Responder
2019-08-30 03:51:57,294 [IPC Server listener on 42548] INFO  ipc.Server (Server.java:run(1185)) - Stopping IPC Server listener on 42548
2019-08-30 03:51:57,294 [IPC Server Responder] INFO  ipc.Server (Server.java:run(1319)) - Stopping IPC Server Responder
2019-08-30 03:51:57,294 [main] INFO  server.StorageContainerManager (StorageContainerManager.java:stop(833)) - Stopping Storage Container Manager HTTP server.
2019-08-30 03:51:57,295 [main] INFO  handler.ContextHandler (ContextHandler.java:doStop(910)) - Stopped o.e.j.w.WebAppContext@2506b881{/,null,UNAVAILABLE}{/scm}
2019-08-30 03:51:57,296 [main] INFO  server.AbstractConnector (AbstractConnector.java:doStop(318)) - Stopped ServerConnector@5d7dd549{HTTP/1.1,[http/1.1]}{0.0.0.0:0}
2019-08-30 03:51:57,296 [main] INFO  handler.ContextHandler (ContextHandler.java:doStop(910)) - Stopped o.e.j.s.ServletContextHandler@42c12b3e{/static,file:///workdir/hadoop-ozone/integration-test/target/test-classes/webapps/static,UNAVAILABLE}
2019-08-30 03:51:57,297 [main] INFO  handler.ContextHandler (ContextHandler.java:doStop(910)) - Stopped o.e.j.s.ServletContextHandler@51e7589f{/logs,file:///workdir/hadoop-ozone/integration-test/target/log,UNAVAILABLE}
2019-08-30 03:51:57,298 [main] INFO  server.StorageContainerManager (StorageContainerManager.java:stop(844)) - Stopping Block Manager Service.
2019-08-30 03:51:57,298 [main] INFO  utils.BackgroundService (BackgroundService.java:shutdown(148)) - Shutting down service SCMBlockDeletingService
2019-08-30 03:51:57,298 [main] INFO  utils.BackgroundService (BackgroundService.java:shutdown(148)) - Shutting down service SCMBlockDeletingService
2019-08-30 03:51:57,299 [main] INFO  server.StorageContainerManager (StorageContainerManager.java:stop(866)) - Stopping SCM Event Queue.
2019-08-30 03:51:57,304 [main] INFO  impl.MetricsSystemImpl (MetricsSystemImpl.java:stop(210)) - Stopping HddsDatanode metrics system...
2019-08-30 03:51:57,318 [main] INFO  impl.MetricsSystemImpl (MetricsSystemImpl.java:stop(216)) - HddsDatanode metrics system stopped.
]]></system-out>
  </testcase>
  <testcase name="testFailureWithPrimeSizedData" classname="org.apache.hadoop.ozone.client.rpc.TestBlockOutputStreamWithFailures" time="34.855">
    <failure message="expected:&lt;72&gt; but was:&lt;74&gt;" type="java.lang.AssertionError"><![CDATA[java.lang.AssertionError: expected:<72> but was:<74>
	at org.junit.Assert.fail(Assert.java:88)
	at org.junit.Assert.failNotEquals(Assert.java:743)
	at org.junit.Assert.assertEquals(Assert.java:118)
	at org.junit.Assert.assertEquals(Assert.java:555)
	at org.junit.Assert.assertEquals(Assert.java:542)
	at org.apache.hadoop.ozone.client.rpc.TestBlockOutputStreamWithFailures.testFailureWithPrimeSizedData(TestBlockOutputStreamWithFailures.java:605)
	at sun.reflect.NativeMethodAccessorImpl.invoke0(Native Method)
	at sun.reflect.NativeMethodAccessorImpl.invoke(NativeMethodAccessorImpl.java:62)
	at sun.reflect.DelegatingMethodAccessorImpl.invoke(DelegatingMethodAccessorImpl.java:43)
	at java.lang.reflect.Method.invoke(Method.java:498)
	at org.junit.runners.model.FrameworkMethod$1.runReflectiveCall(FrameworkMethod.java:47)
	at org.junit.internal.runners.model.ReflectiveCallable.run(ReflectiveCallable.java:12)
	at org.junit.runners.model.FrameworkMethod.invokeExplosively(FrameworkMethod.java:44)
	at org.junit.internal.runners.statements.InvokeMethod.evaluate(InvokeMethod.java:17)
	at org.junit.internal.runners.statements.RunBefores.evaluate(RunBefores.java:26)
	at org.junit.internal.runners.statements.RunAfters.evaluate(RunAfters.java:27)
	at org.junit.runners.ParentRunner.runLeaf(ParentRunner.java:271)
	at org.junit.runners.BlockJUnit4ClassRunner.runChild(BlockJUnit4ClassRunner.java:70)
	at org.junit.runners.BlockJUnit4ClassRunner.runChild(BlockJUnit4ClassRunner.java:50)
	at org.junit.runners.ParentRunner$3.run(ParentRunner.java:238)
	at org.junit.runners.ParentRunner$1.schedule(ParentRunner.java:63)
	at org.junit.runners.ParentRunner.runChildren(ParentRunner.java:236)
	at org.junit.runners.ParentRunner.access$000(ParentRunner.java:53)
	at org.junit.runners.ParentRunner$2.evaluate(ParentRunner.java:229)
	at org.junit.runners.ParentRunner.run(ParentRunner.java:309)
	at org.apache.maven.surefire.junit4.JUnit4Provider.execute(JUnit4Provider.java:365)
	at org.apache.maven.surefire.junit4.JUnit4Provider.executeWithRerun(JUnit4Provider.java:273)
	at org.apache.maven.surefire.junit4.JUnit4Provider.executeTestSet(JUnit4Provider.java:238)
	at org.apache.maven.surefire.junit4.JUnit4Provider.invoke(JUnit4Provider.java:159)
	at org.apache.maven.surefire.booter.ForkedBooter.invokeProviderInSameClassLoader(ForkedBooter.java:384)
	at org.apache.maven.surefire.booter.ForkedBooter.runSuitesInProcess(ForkedBooter.java:345)
	at org.apache.maven.surefire.booter.ForkedBooter.execute(ForkedBooter.java:126)
	at org.apache.maven.surefire.booter.ForkedBooter.main(ForkedBooter.java:418)
]]></failure>
    <system-out><![CDATA[2019-08-30 03:51:57,382 [main] WARN  server.ServerUtils (ServerUtils.java:getScmDbDir(145)) - ozone.scm.db.dirs is not configured. We recommend adding this setting. Falling back to ozone.metadata.dirs instead.
2019-08-30 03:51:57,407 [main] WARN  server.ServerUtils (ServerUtils.java:getScmDbDir(145)) - ozone.scm.db.dirs is not configured. We recommend adding this setting. Falling back to ozone.metadata.dirs instead.
2019-08-30 03:51:57,408 [main] WARN  server.ServerUtils (ServerUtils.java:getScmDbDir(145)) - ozone.scm.db.dirs is not configured. We recommend adding this setting. Falling back to ozone.metadata.dirs instead.
2019-08-30 03:51:57,409 [main] INFO  db.DBStoreBuilder (DBStoreBuilder.java:addTable(110)) - using custom profile for table: deletedBlocks
2019-08-30 03:51:57,409 [main] INFO  db.DBStoreBuilder (DBStoreBuilder.java:processTables(161)) - Using default column profile:DBProfile.DISK for Table:deletedBlocks
2019-08-30 03:51:57,409 [main] INFO  db.DBStoreBuilder (DBStoreBuilder.java:addTable(110)) - using custom profile for table: validCerts
2019-08-30 03:51:57,409 [main] INFO  db.DBStoreBuilder (DBStoreBuilder.java:processTables(161)) - Using default column profile:DBProfile.DISK for Table:validCerts
2019-08-30 03:51:57,410 [main] INFO  db.DBStoreBuilder (DBStoreBuilder.java:addTable(110)) - using custom profile for table: revokedCerts
2019-08-30 03:51:57,410 [main] INFO  db.DBStoreBuilder (DBStoreBuilder.java:processTables(161)) - Using default column profile:DBProfile.DISK for Table:revokedCerts
2019-08-30 03:51:57,410 [main] INFO  db.DBStoreBuilder (DBStoreBuilder.java:addTable(110)) - using custom profile for table: default
2019-08-30 03:51:57,410 [main] INFO  db.DBStoreBuilder (DBStoreBuilder.java:processTables(167)) - Using default column profile:DBProfile.DISK for Table:default
2019-08-30 03:51:57,411 [main] INFO  db.DBStoreBuilder (DBStoreBuilder.java:getDbProfile(198)) - Using default options. DBProfile.DISK
2019-08-30 03:51:57,658 [main] INFO  net.NodeSchemaLoader (NodeSchemaLoader.java:loadSchemaFromFile(125)) - Loading file from sun.misc.CompoundEnumeration@74123110
2019-08-30 03:51:57,659 [main] INFO  net.NodeSchemaLoader (NodeSchemaLoader.java:loadSchema(171)) - Loading network topology layer schema file
2019-08-30 03:51:57,666 [main] INFO  node.SCMNodeManager (SCMNodeManager.java:<init>(121)) - Entering startup safe mode.
2019-08-30 03:51:57,666 [main] INFO  algorithms.ContainerPlacementPolicyFactory (ContainerPlacementPolicyFactory.java:getPolicy(55)) - Create container placement policy of type org.apache.hadoop.hdds.scm.container.placement.algorithms.SCMContainerPlacementRandom
2019-08-30 03:51:57,667 [main] WARN  server.ServerUtils (ServerUtils.java:getScmDbDir(145)) - ozone.scm.db.dirs is not configured. We recommend adding this setting. Falling back to ozone.metadata.dirs instead.
2019-08-30 03:51:57,724 [main] INFO  pipeline.SCMPipelineManager (SCMPipelineManager.java:initializePipelineState(126)) - No pipeline exists in current db
2019-08-30 03:51:57,724 [main] WARN  server.ServerUtils (ServerUtils.java:getScmDbDir(145)) - ozone.scm.db.dirs is not configured. We recommend adding this setting. Falling back to ozone.metadata.dirs instead.
2019-08-30 03:51:57,800 [main] WARN  events.EventQueue (EventQueue.java:fireEvent(175)) - No event handler registered for event TypedEvent{payloadType=SafeModeStatus, name='SafeModeStatus'}
2019-08-30 03:51:57,801 [main] INFO  ipc.CallQueueManager (CallQueueManager.java:<init>(84)) - Using callQueue: class java.util.concurrent.LinkedBlockingQueue, queueCapacity: 2000, scheduler: class org.apache.hadoop.ipc.DefaultRpcScheduler, ipcBackoff: false.
2019-08-30 03:51:57,802 [Socket Reader #1 for port 36292] INFO  ipc.Server (Server.java:run(1074)) - Starting Socket Reader #1 for port 36292
2019-08-30 03:51:57,805 [main] INFO  ipc.CallQueueManager (CallQueueManager.java:<init>(84)) - Using callQueue: class java.util.concurrent.LinkedBlockingQueue, queueCapacity: 2000, scheduler: class org.apache.hadoop.ipc.DefaultRpcScheduler, ipcBackoff: false.
2019-08-30 03:51:57,805 [Socket Reader #1 for port 38472] INFO  ipc.Server (Server.java:run(1074)) - Starting Socket Reader #1 for port 38472
2019-08-30 03:51:57,807 [main] INFO  ipc.CallQueueManager (CallQueueManager.java:<init>(84)) - Using callQueue: class java.util.concurrent.LinkedBlockingQueue, queueCapacity: 2000, scheduler: class org.apache.hadoop.ipc.DefaultRpcScheduler, ipcBackoff: false.
2019-08-30 03:51:57,808 [Socket Reader #1 for port 35096] INFO  ipc.Server (Server.java:run(1074)) - Starting Socket Reader #1 for port 35096
2019-08-30 03:51:57,810 [main] INFO  hdfs.DFSUtil (DFSUtil.java:httpServerTemplateForNNAndJN(1641)) - Starting Web-server for scm at: http://0.0.0.0:0
2019-08-30 03:51:57,815 [main] INFO  server.AuthenticationFilter (AuthenticationFilter.java:constructSecretProvider(240)) - Unable to initialize FileSignerSecretProvider, falling back to use random secrets.
2019-08-30 03:51:57,816 [main] WARN  http.HttpRequestLog (HttpRequestLog.java:getRequestLog(97)) - Jetty request log can only be enabled using Log4j
2019-08-30 03:51:57,818 [main] INFO  http.HttpServer2 (HttpServer2.java:addGlobalFilter(975)) - Added global filter 'safety' (class=org.apache.hadoop.http.HttpServer2$QuotingInputFilter)
2019-08-30 03:51:57,819 [main] INFO  http.HttpServer2 (HttpServer2.java:addFilter(948)) - Added filter static_user_filter (class=org.apache.hadoop.http.lib.StaticUserWebFilter$StaticUserFilter) to context scm
2019-08-30 03:51:57,819 [main] INFO  http.HttpServer2 (HttpServer2.java:addFilter(958)) - Added filter static_user_filter (class=org.apache.hadoop.http.lib.StaticUserWebFilter$StaticUserFilter) to context logs
2019-08-30 03:51:57,820 [main] INFO  http.HttpServer2 (HttpServer2.java:addFilter(958)) - Added filter static_user_filter (class=org.apache.hadoop.http.lib.StaticUserWebFilter$StaticUserFilter) to context static
2019-08-30 03:51:57,822 [main] INFO  server.StorageContainerManager (StorageContainerManager.java:start(759)) - StorageContainerLocationProtocol RPC server is listening at /0.0.0.0:35096
2019-08-30 03:51:57,825 [main] WARN  impl.MetricsConfig (MetricsConfig.java:loadFirst(134)) - Cannot locate configuration: tried hadoop-metrics2-storagecontainermanager.properties,hadoop-metrics2.properties
2019-08-30 03:51:57,826 [main] INFO  impl.MetricsSystemImpl (MetricsSystemImpl.java:startTimer(374)) - Scheduled Metric snapshot period at 10 second(s).
2019-08-30 03:51:57,826 [main] INFO  impl.MetricsSystemImpl (MetricsSystemImpl.java:start(191)) - StorageContainerManager metrics system started
2019-08-30 03:51:57,955 [main] INFO  server.SCMClientProtocolServer (SCMClientProtocolServer.java:start(151)) - RPC server for Client  is listening at /0.0.0.0:35096
2019-08-30 03:51:57,955 [IPC Server Responder] INFO  ipc.Server (Server.java:run(1314)) - IPC Server Responder: starting
2019-08-30 03:51:57,955 [IPC Server listener on 35096] INFO  ipc.Server (Server.java:run(1153)) - IPC Server listener on 35096: starting
2019-08-30 03:51:57,959 [main] INFO  server.StorageContainerManager (StorageContainerManager.java:start(769)) - ScmBlockLocationProtocol RPC server is listening at /0.0.0.0:38472
2019-08-30 03:51:57,959 [main] INFO  server.SCMBlockProtocolServer (SCMBlockProtocolServer.java:start(140)) - RPC server for Block Protocol is listening at /0.0.0.0:38472
2019-08-30 03:51:57,960 [IPC Server Responder] INFO  ipc.Server (Server.java:run(1314)) - IPC Server Responder: starting
2019-08-30 03:51:57,960 [IPC Server listener on 38472] INFO  ipc.Server (Server.java:run(1153)) - IPC Server listener on 38472: starting
2019-08-30 03:51:57,963 [main] INFO  server.StorageContainerManager (StorageContainerManager.java:start(773)) - ScmDatanodeProtocl RPC server is listening at /0.0.0.0:36292
2019-08-30 03:51:57,964 [main] INFO  server.SCMDatanodeProtocolServer (SCMDatanodeProtocolServer.java:start(191)) - RPC server for DataNodes is listening at /0.0.0.0:36292
2019-08-30 03:51:57,964 [IPC Server Responder] INFO  ipc.Server (Server.java:run(1314)) - IPC Server Responder: starting
2019-08-30 03:51:57,964 [IPC Server listener on 36292] INFO  ipc.Server (Server.java:run(1153)) - IPC Server listener on 36292: starting
2019-08-30 03:51:57,968 [main] INFO  http.HttpServer2 (HttpServer2.java:bindListener(1191)) - Jetty bound to port 46106
2019-08-30 03:51:57,968 [main] INFO  server.Server (Server.java:doStart(351)) - jetty-9.3.24.v20180605, build timestamp: 2018-06-05T17:11:56Z, git hash: 84205aa28f11a4f31f2a3b86d1bba2cc8ab69827
2019-08-30 03:51:57,973 [main] INFO  handler.ContextHandler (ContextHandler.java:doStart(781)) - Started o.e.j.s.ServletContextHandler@6ed18d80{/logs,file:///workdir/hadoop-ozone/integration-test/target/log,AVAILABLE}
2019-08-30 03:51:57,974 [main] INFO  handler.ContextHandler (ContextHandler.java:doStart(781)) - Started o.e.j.s.ServletContextHandler@783b3aa0{/static,file:///workdir/hadoop-ozone/integration-test/target/test-classes/webapps/static,AVAILABLE}
2019-08-30 03:51:57,980 [main] INFO  handler.ContextHandler (ContextHandler.java:doStart(781)) - Started o.e.j.w.WebAppContext@6f315b08{/,file:///workdir/hadoop-ozone/integration-test/target/test-classes/webapps/scm/,AVAILABLE}{/scm}
2019-08-30 03:51:57,981 [main] INFO  server.AbstractConnector (AbstractConnector.java:doStart(278)) - Started ServerConnector@6c8efde4{HTTP/1.1,[http/1.1]}{0.0.0.0:46106}
2019-08-30 03:51:57,982 [main] INFO  server.Server (Server.java:doStart(419)) - Started @572664ms
2019-08-30 03:51:57,983 [main] INFO  server.BaseHttpServer (BaseHttpServer.java:updateConnectorAddress(213)) - HTTP server of SCM is listening at http://0.0.0.0:46106
2019-08-30 03:51:57,984 [main] WARN  server.ServerUtils (ServerUtils.java:getDBPath(222)) - ozone.om.db.dirs is not configured. We recommend adding this setting. Falling back to ozone.metadata.dirs instead.
2019-08-30 03:51:57,984 [org.apache.hadoop.util.JvmPauseMonitor$Monitor@3b170235] INFO  util.JvmPauseMonitor (JvmPauseMonitor.java:run(188)) - Starting JVM pause monitor
2019-08-30 03:51:58,006 [main] WARN  server.ServerUtils (ServerUtils.java:getDBPath(222)) - ozone.om.db.dirs is not configured. We recommend adding this setting. Falling back to ozone.metadata.dirs instead.
2019-08-30 03:51:58,007 [main] WARN  server.ServerUtils (ServerUtils.java:getDBPath(222)) - ozone.om.db.dirs is not configured. We recommend adding this setting. Falling back to ozone.metadata.dirs instead.
2019-08-30 03:51:58,007 [main] INFO  om.OzoneManager (OzoneManager.java:setOMNodeDetails(645)) - OM Service ID is not set. Setting it to the default ID: omServiceIdDefault
2019-08-30 03:51:58,007 [main] INFO  om.OzoneManager (OzoneManager.java:setOMNodeDetails(651)) - OM Node ID is not set. Setting it to the OmStorage's OmID: 68905562-e298-4cdd-915f-b57c329b415f
2019-08-30 03:51:58,008 [main] INFO  om.OzoneManager (OzoneManager.java:loadOMHAConfigs(602)) - Found matching OM address with OMServiceId: null, OMNodeId: null, RPC Address: localhost:0 and Ratis port: 9872
2019-08-30 03:51:58,012 | INFO  | SCMAudit | user=jenkins1000 | ip=192.168.157.199 | op=GET_SCM_INFO null | ret=SUCCESS |  
2019-08-30 03:51:58,014 [main] WARN  server.ServerUtils (ServerUtils.java:getDBPath(222)) - ozone.om.db.dirs is not configured. We recommend adding this setting. Falling back to ozone.metadata.dirs instead.
2019-08-30 03:51:58,015 [main] INFO  db.DBStoreBuilder (DBStoreBuilder.java:addTable(110)) - using custom profile for table: userTable
2019-08-30 03:51:58,015 [main] INFO  db.DBStoreBuilder (DBStoreBuilder.java:processTables(161)) - Using default column profile:DBProfile.DISK for Table:userTable
2019-08-30 03:51:58,015 [main] INFO  db.DBStoreBuilder (DBStoreBuilder.java:addTable(110)) - using custom profile for table: volumeTable
2019-08-30 03:51:58,015 [main] INFO  db.DBStoreBuilder (DBStoreBuilder.java:processTables(161)) - Using default column profile:DBProfile.DISK for Table:volumeTable
2019-08-30 03:51:58,016 [main] INFO  db.DBStoreBuilder (DBStoreBuilder.java:addTable(110)) - using custom profile for table: bucketTable
2019-08-30 03:51:58,016 [main] INFO  db.DBStoreBuilder (DBStoreBuilder.java:processTables(161)) - Using default column profile:DBProfile.DISK for Table:bucketTable
2019-08-30 03:51:58,016 [main] INFO  db.DBStoreBuilder (DBStoreBuilder.java:addTable(110)) - using custom profile for table: keyTable
2019-08-30 03:51:58,016 [main] INFO  db.DBStoreBuilder (DBStoreBuilder.java:processTables(161)) - Using default column profile:DBProfile.DISK for Table:keyTable
2019-08-30 03:51:58,017 [main] INFO  db.DBStoreBuilder (DBStoreBuilder.java:addTable(110)) - using custom profile for table: deletedTable
2019-08-30 03:51:58,017 [main] INFO  db.DBStoreBuilder (DBStoreBuilder.java:processTables(161)) - Using default column profile:DBProfile.DISK for Table:deletedTable
2019-08-30 03:51:58,017 [main] INFO  db.DBStoreBuilder (DBStoreBuilder.java:addTable(110)) - using custom profile for table: openKeyTable
2019-08-30 03:51:58,017 [main] INFO  db.DBStoreBuilder (DBStoreBuilder.java:processTables(161)) - Using default column profile:DBProfile.DISK for Table:openKeyTable
2019-08-30 03:51:58,018 [main] INFO  db.DBStoreBuilder (DBStoreBuilder.java:addTable(110)) - using custom profile for table: s3Table
2019-08-30 03:51:58,018 [main] INFO  db.DBStoreBuilder (DBStoreBuilder.java:processTables(161)) - Using default column profile:DBProfile.DISK for Table:s3Table
2019-08-30 03:51:58,018 [main] INFO  db.DBStoreBuilder (DBStoreBuilder.java:addTable(110)) - using custom profile for table: multipartInfoTable
2019-08-30 03:51:58,018 [main] INFO  db.DBStoreBuilder (DBStoreBuilder.java:processTables(161)) - Using default column profile:DBProfile.DISK for Table:multipartInfoTable
2019-08-30 03:51:58,019 [main] INFO  db.DBStoreBuilder (DBStoreBuilder.java:addTable(110)) - using custom profile for table: dTokenTable
2019-08-30 03:51:58,019 [main] INFO  db.DBStoreBuilder (DBStoreBuilder.java:processTables(161)) - Using default column profile:DBProfile.DISK for Table:dTokenTable
2019-08-30 03:51:58,019 [main] INFO  db.DBStoreBuilder (DBStoreBuilder.java:addTable(110)) - using custom profile for table: s3SecretTable
2019-08-30 03:51:58,019 [main] INFO  db.DBStoreBuilder (DBStoreBuilder.java:processTables(161)) - Using default column profile:DBProfile.DISK for Table:s3SecretTable
2019-08-30 03:51:58,019 [main] INFO  db.DBStoreBuilder (DBStoreBuilder.java:addTable(110)) - using custom profile for table: prefixTable
2019-08-30 03:51:58,020 [main] INFO  db.DBStoreBuilder (DBStoreBuilder.java:processTables(161)) - Using default column profile:DBProfile.DISK for Table:prefixTable
2019-08-30 03:51:58,020 [main] INFO  db.DBStoreBuilder (DBStoreBuilder.java:addTable(110)) - using custom profile for table: default
2019-08-30 03:51:58,020 [main] INFO  db.DBStoreBuilder (DBStoreBuilder.java:processTables(167)) - Using default column profile:DBProfile.DISK for Table:default
2019-08-30 03:51:58,020 [main] INFO  db.DBStoreBuilder (DBStoreBuilder.java:getDbProfile(198)) - Using default options. DBProfile.DISK
2019-08-30 03:51:58,459 [main] INFO  ipc.CallQueueManager (CallQueueManager.java:<init>(84)) - Using callQueue: class java.util.concurrent.LinkedBlockingQueue, queueCapacity: 2000, scheduler: class org.apache.hadoop.ipc.DefaultRpcScheduler, ipcBackoff: false.
2019-08-30 03:51:58,461 [Socket Reader #1 for port 35735] INFO  ipc.Server (Server.java:run(1074)) - Starting Socket Reader #1 for port 35735
2019-08-30 03:51:58,482 [main] INFO  om.OzoneManager (OzoneManager.java:start(1256)) - OzoneManager RPC server is listening at localhost/127.0.0.1:35735
2019-08-30 03:51:58,482 [main] INFO  impl.MetricsSystemImpl (MetricsSystemImpl.java:init(158)) - OzoneManager metrics system started (again)
2019-08-30 03:51:58,483 [IPC Server Responder] INFO  ipc.Server (Server.java:run(1314)) - IPC Server Responder: starting
2019-08-30 03:51:58,483 [IPC Server listener on 35735] INFO  ipc.Server (Server.java:run(1153)) - IPC Server listener on 35735: starting
2019-08-30 03:51:58,492 [main] INFO  hdfs.DFSUtil (DFSUtil.java:httpServerTemplateForNNAndJN(1641)) - Starting Web-server for ozoneManager at: http://0.0.0.0:0
2019-08-30 03:51:58,495 [main] INFO  server.AuthenticationFilter (AuthenticationFilter.java:constructSecretProvider(240)) - Unable to initialize FileSignerSecretProvider, falling back to use random secrets.
2019-08-30 03:51:58,496 [main] WARN  http.HttpRequestLog (HttpRequestLog.java:getRequestLog(97)) - Jetty request log can only be enabled using Log4j
2019-08-30 03:51:58,498 [main] INFO  http.HttpServer2 (HttpServer2.java:addGlobalFilter(975)) - Added global filter 'safety' (class=org.apache.hadoop.http.HttpServer2$QuotingInputFilter)
2019-08-30 03:51:58,499 [main] INFO  http.HttpServer2 (HttpServer2.java:addFilter(948)) - Added filter static_user_filter (class=org.apache.hadoop.http.lib.StaticUserWebFilter$StaticUserFilter) to context ozoneManager
2019-08-30 03:51:58,499 [main] INFO  http.HttpServer2 (HttpServer2.java:addFilter(958)) - Added filter static_user_filter (class=org.apache.hadoop.http.lib.StaticUserWebFilter$StaticUserFilter) to context logs
2019-08-30 03:51:58,499 [main] INFO  http.HttpServer2 (HttpServer2.java:addFilter(958)) - Added filter static_user_filter (class=org.apache.hadoop.http.lib.StaticUserWebFilter$StaticUserFilter) to context static
2019-08-30 03:51:58,500 [main] INFO  http.HttpServer2 (HttpServer2.java:bindListener(1191)) - Jetty bound to port 46601
2019-08-30 03:51:58,500 [main] INFO  server.Server (Server.java:doStart(351)) - jetty-9.3.24.v20180605, build timestamp: 2018-06-05T17:11:56Z, git hash: 84205aa28f11a4f31f2a3b86d1bba2cc8ab69827
2019-08-30 03:51:58,503 [main] INFO  handler.ContextHandler (ContextHandler.java:doStart(781)) - Started o.e.j.s.ServletContextHandler@5d7f8467{/logs,file:///workdir/hadoop-ozone/integration-test/target/log,AVAILABLE}
2019-08-30 03:51:58,504 [main] INFO  handler.ContextHandler (ContextHandler.java:doStart(781)) - Started o.e.j.s.ServletContextHandler@7caf1e5{/static,file:///workdir/hadoop-ozone/integration-test/target/test-classes/webapps/static,AVAILABLE}
2019-08-30 03:51:58,509 [main] INFO  handler.ContextHandler (ContextHandler.java:doStart(781)) - Started o.e.j.w.WebAppContext@424f02b8{/,file:///workdir/hadoop-ozone/integration-test/target/test-classes/webapps/ozoneManager/,AVAILABLE}{/ozoneManager}
2019-08-30 03:51:58,510 [main] INFO  server.AbstractConnector (AbstractConnector.java:doStart(278)) - Started ServerConnector@2ad7bd26{HTTP/1.1,[http/1.1]}{0.0.0.0:46601}
2019-08-30 03:51:58,511 [main] INFO  server.Server (Server.java:doStart(419)) - Started @573193ms
2019-08-30 03:51:58,512 [main] INFO  server.BaseHttpServer (BaseHttpServer.java:updateConnectorAddress(213)) - HTTP server of OZONEMANAGER is listening at http://0.0.0.0:46601
2019-08-30 03:51:58,532 [main] INFO  impl.MetricsSystemImpl (MetricsSystemImpl.java:init(158)) - HddsDatanode metrics system started (again)
2019-08-30 03:51:58,536 [main] INFO  ozone.HddsDatanodeService (HddsDatanodeService.java:start(184)) - HddsDatanodeService host:pr-hdds-2057-gndl4-2748649462 ip:192.168.157.199
2019-08-30 03:51:58,543 [main] INFO  volume.HddsVolume (HddsVolume.java:<init>(176)) - Creating Volume: /workdir/hadoop-ozone/integration-test/target/test-dir/MiniOzoneClusterImpl-55f3577b-d091-4ab9-9685-f42e74419794/datanode-0/data/containers/hdds of  storage type : DISK and capacity : 1482555576320
2019-08-30 03:51:58,543 [main] INFO  volume.VolumeSet (VolumeSet.java:initializeVolumeSet(170)) - Added Volume : /workdir/hadoop-ozone/integration-test/target/test-dir/MiniOzoneClusterImpl-55f3577b-d091-4ab9-9685-f42e74419794/datanode-0/data/containers/hdds to VolumeSet
2019-08-30 03:51:58,544 [main] INFO  volume.ThrottledAsyncChecker (ThrottledAsyncChecker.java:schedule(140)) - Scheduling a check for org.apache.hadoop.ozone.container.common.volume.HddsVolume@8eb6f9a
2019-08-30 03:51:58,544 [main] INFO  volume.HddsVolumeChecker (HddsVolumeChecker.java:checkAllVolumes(203)) - Scheduled health check for volume org.apache.hadoop.ozone.container.common.volume.HddsVolume@8eb6f9a
2019-08-30 03:51:58,561 [main] INFO  impl.RaftServerProxy (ConfUtils.java:logGet(43)) - raft.rpc.type = GRPC (default)
2019-08-30 03:51:58,561 [main] INFO  grpc.GrpcFactory (GrpcFactory.java:checkPooledByteBufAllocatorUseCacheForAllThreads(45)) - PERFORMANCE WARNING: useCacheForAllThreads is true that may cause Netty to create a lot garbage objects and, as a result, trigger GC.
	It is recommended to disable useCacheForAllThreads by setting -Dorg.apache.ratis.thirdparty.io.netty.allocator.useCacheForAllThreads=false in command line.
2019-08-30 03:51:58,561 [main] INFO  grpc.GrpcConfigKeys$Server (ConfUtils.java:logGet(43)) - raft.grpc.server.port = 0 (default)
2019-08-30 03:51:58,561 [main] INFO  server.GrpcService (ConfUtils.java:logGet(43)) - raft.grpc.message.size.max = 33570816 (custom)
2019-08-30 03:51:58,562 [main] INFO  server.RaftServerConfigKeys (ConfUtils.java:logGet(43)) - raft.server.log.appender.buffer.byte-limit = 33554432 (custom)
2019-08-30 03:51:58,562 [main] INFO  server.GrpcService (ConfUtils.java:logGet(43)) - raft.grpc.flow.control.window = 1MB (=1048576) (default)
2019-08-30 03:51:58,562 [main] INFO  server.RaftServerConfigKeys (ConfUtils.java:logGet(43)) - raft.server.rpc.request.timeout = 3000ms (default)
2019-08-30 03:51:58,563 [main] INFO  server.RaftServerConfigKeys (ConfUtils.java:logGet(43)) - raft.server.storage.dir = [/workdir/hadoop-ozone/integration-test/target/test-dir/MiniOzoneClusterImpl-55f3577b-d091-4ab9-9685-f42e74419794/datanode-0/data/ratis] (custom)
2019-08-30 03:51:58,564 [main] INFO  hdfs.DFSUtil (DFSUtil.java:httpServerTemplateForNNAndJN(1641)) - Starting Web-server for hddsDatanode at: http://0.0.0.0:0
2019-08-30 03:51:58,566 [main] INFO  server.AuthenticationFilter (AuthenticationFilter.java:constructSecretProvider(240)) - Unable to initialize FileSignerSecretProvider, falling back to use random secrets.
2019-08-30 03:51:58,566 [main] WARN  http.HttpRequestLog (HttpRequestLog.java:getRequestLog(97)) - Jetty request log can only be enabled using Log4j
2019-08-30 03:51:58,568 [main] INFO  http.HttpServer2 (HttpServer2.java:addGlobalFilter(975)) - Added global filter 'safety' (class=org.apache.hadoop.http.HttpServer2$QuotingInputFilter)
2019-08-30 03:51:58,568 [main] INFO  http.HttpServer2 (HttpServer2.java:addFilter(948)) - Added filter static_user_filter (class=org.apache.hadoop.http.lib.StaticUserWebFilter$StaticUserFilter) to context hddsDatanode
2019-08-30 03:51:58,568 [main] INFO  http.HttpServer2 (HttpServer2.java:addFilter(958)) - Added filter static_user_filter (class=org.apache.hadoop.http.lib.StaticUserWebFilter$StaticUserFilter) to context logs
2019-08-30 03:51:58,569 [main] INFO  http.HttpServer2 (HttpServer2.java:addFilter(958)) - Added filter static_user_filter (class=org.apache.hadoop.http.lib.StaticUserWebFilter$StaticUserFilter) to context static
2019-08-30 03:51:58,569 [main] INFO  http.HttpServer2 (HttpServer2.java:bindListener(1191)) - Jetty bound to port 33488
2019-08-30 03:51:58,569 [main] INFO  server.Server (Server.java:doStart(351)) - jetty-9.3.24.v20180605, build timestamp: 2018-06-05T17:11:56Z, git hash: 84205aa28f11a4f31f2a3b86d1bba2cc8ab69827
2019-08-30 03:51:58,571 [main] INFO  handler.ContextHandler (ContextHandler.java:doStart(781)) - Started o.e.j.s.ServletContextHandler@6c8f4bc7{/logs,file:///workdir/hadoop-ozone/integration-test/target/log,AVAILABLE}
2019-08-30 03:51:58,572 [main] INFO  handler.ContextHandler (ContextHandler.java:doStart(781)) - Started o.e.j.s.ServletContextHandler@28989415{/static,jar:file:/home/user/.m2/repository/org/apache/hadoop/hadoop-hdds-container-service/0.5.0-SNAPSHOT/hadoop-hdds-container-service-0.5.0-SNAPSHOT.jar!/webapps/static,AVAILABLE}
2019-08-30 03:51:58,602 [main] INFO  handler.ContextHandler (ContextHandler.java:doStart(781)) - Started o.e.j.w.WebAppContext@6b832551{/,file:///tmp/jetty-0.0.0.0-33488-hddsDatanode-_-any-6115882316803790374.dir/webapp/,AVAILABLE}{/hddsDatanode}
2019-08-30 03:51:58,602 [main] INFO  server.AbstractConnector (AbstractConnector.java:doStart(278)) - Started ServerConnector@150d6eaf{HTTP/1.1,[http/1.1]}{0.0.0.0:33488}
2019-08-30 03:51:58,602 [main] INFO  server.Server (Server.java:doStart(419)) - Started @573285ms
2019-08-30 03:51:58,604 [main] INFO  server.BaseHttpServer (BaseHttpServer.java:updateConnectorAddress(213)) - HTTP server of HDDSDATANODE is listening at http://0.0.0.0:33488
2019-08-30 03:51:58,604 [main] INFO  impl.MetricsSystemImpl (MetricsSystemImpl.java:init(158)) - HddsDatanode metrics system started (again)
2019-08-30 03:51:58,607 [main] INFO  ozone.HddsDatanodeService (HddsDatanodeService.java:start(184)) - HddsDatanodeService host:pr-hdds-2057-gndl4-2748649462 ip:192.168.157.199
2019-08-30 03:51:58,607 [org.apache.hadoop.util.JvmPauseMonitor$Monitor@3b59d31a] INFO  util.JvmPauseMonitor (JvmPauseMonitor.java:run(188)) - Starting JVM pause monitor
2019-08-30 03:51:58,609 [Datanode State Machine Thread - 0] INFO  datanode.InitDatanodeState (InitDatanodeState.java:persistContainerDatanodeDetails(140)) - DatanodeDetails is persisted to /workdir/hadoop-ozone/integration-test/target/test-dir/MiniOzoneClusterImpl-55f3577b-d091-4ab9-9685-f42e74419794/datanode-0/meta/datanode.id
2019-08-30 03:51:58,613 [main] INFO  volume.HddsVolume (HddsVolume.java:<init>(176)) - Creating Volume: /workdir/hadoop-ozone/integration-test/target/test-dir/MiniOzoneClusterImpl-55f3577b-d091-4ab9-9685-f42e74419794/datanode-1/data/containers/hdds of  storage type : DISK and capacity : 1482555576320
2019-08-30 03:51:58,613 [main] INFO  volume.VolumeSet (VolumeSet.java:initializeVolumeSet(170)) - Added Volume : /workdir/hadoop-ozone/integration-test/target/test-dir/MiniOzoneClusterImpl-55f3577b-d091-4ab9-9685-f42e74419794/datanode-1/data/containers/hdds to VolumeSet
2019-08-30 03:51:58,613 [main] INFO  volume.ThrottledAsyncChecker (ThrottledAsyncChecker.java:schedule(140)) - Scheduling a check for org.apache.hadoop.ozone.container.common.volume.HddsVolume@17176b18
2019-08-30 03:51:58,614 [main] INFO  volume.HddsVolumeChecker (HddsVolumeChecker.java:checkAllVolumes(203)) - Scheduled health check for volume org.apache.hadoop.ozone.container.common.volume.HddsVolume@17176b18
2019-08-30 03:51:58,627 [main] INFO  impl.RaftServerProxy (ConfUtils.java:logGet(43)) - raft.rpc.type = GRPC (default)
2019-08-30 03:51:58,627 [main] INFO  grpc.GrpcFactory (GrpcFactory.java:checkPooledByteBufAllocatorUseCacheForAllThreads(45)) - PERFORMANCE WARNING: useCacheForAllThreads is true that may cause Netty to create a lot garbage objects and, as a result, trigger GC.
	It is recommended to disable useCacheForAllThreads by setting -Dorg.apache.ratis.thirdparty.io.netty.allocator.useCacheForAllThreads=false in command line.
2019-08-30 03:51:58,627 [main] INFO  grpc.GrpcConfigKeys$Server (ConfUtils.java:logGet(43)) - raft.grpc.server.port = 0 (default)
2019-08-30 03:51:58,628 [main] INFO  server.GrpcService (ConfUtils.java:logGet(43)) - raft.grpc.message.size.max = 33570816 (custom)
2019-08-30 03:51:58,628 [main] INFO  server.RaftServerConfigKeys (ConfUtils.java:logGet(43)) - raft.server.log.appender.buffer.byte-limit = 33554432 (custom)
2019-08-30 03:51:58,628 [main] INFO  server.GrpcService (ConfUtils.java:logGet(43)) - raft.grpc.flow.control.window = 1MB (=1048576) (default)
2019-08-30 03:51:58,628 [main] INFO  server.RaftServerConfigKeys (ConfUtils.java:logGet(43)) - raft.server.rpc.request.timeout = 3000ms (default)
2019-08-30 03:51:58,628 [main] INFO  server.RaftServerConfigKeys (ConfUtils.java:logGet(43)) - raft.server.storage.dir = [/workdir/hadoop-ozone/integration-test/target/test-dir/MiniOzoneClusterImpl-55f3577b-d091-4ab9-9685-f42e74419794/datanode-1/data/ratis] (custom)
2019-08-30 03:51:58,630 [main] INFO  hdfs.DFSUtil (DFSUtil.java:httpServerTemplateForNNAndJN(1641)) - Starting Web-server for hddsDatanode at: http://0.0.0.0:0
2019-08-30 03:51:58,630 [main] INFO  server.AuthenticationFilter (AuthenticationFilter.java:constructSecretProvider(240)) - Unable to initialize FileSignerSecretProvider, falling back to use random secrets.
2019-08-30 03:51:58,631 [main] WARN  http.HttpRequestLog (HttpRequestLog.java:getRequestLog(97)) - Jetty request log can only be enabled using Log4j
2019-08-30 03:51:58,632 [main] INFO  http.HttpServer2 (HttpServer2.java:addGlobalFilter(975)) - Added global filter 'safety' (class=org.apache.hadoop.http.HttpServer2$QuotingInputFilter)
2019-08-30 03:51:58,633 [main] INFO  http.HttpServer2 (HttpServer2.java:addFilter(948)) - Added filter static_user_filter (class=org.apache.hadoop.http.lib.StaticUserWebFilter$StaticUserFilter) to context hddsDatanode
2019-08-30 03:51:58,633 [main] INFO  http.HttpServer2 (HttpServer2.java:addFilter(958)) - Added filter static_user_filter (class=org.apache.hadoop.http.lib.StaticUserWebFilter$StaticUserFilter) to context logs
2019-08-30 03:51:58,633 [main] INFO  http.HttpServer2 (HttpServer2.java:addFilter(958)) - Added filter static_user_filter (class=org.apache.hadoop.http.lib.StaticUserWebFilter$StaticUserFilter) to context static
2019-08-30 03:51:58,634 [main] INFO  http.HttpServer2 (HttpServer2.java:bindListener(1191)) - Jetty bound to port 44665
2019-08-30 03:51:58,634 [main] INFO  server.Server (Server.java:doStart(351)) - jetty-9.3.24.v20180605, build timestamp: 2018-06-05T17:11:56Z, git hash: 84205aa28f11a4f31f2a3b86d1bba2cc8ab69827
2019-08-30 03:51:58,635 [main] INFO  handler.ContextHandler (ContextHandler.java:doStart(781)) - Started o.e.j.s.ServletContextHandler@b5d9f1e{/logs,file:///workdir/hadoop-ozone/integration-test/target/log,AVAILABLE}
2019-08-30 03:51:58,636 [main] INFO  handler.ContextHandler (ContextHandler.java:doStart(781)) - Started o.e.j.s.ServletContextHandler@401317a0{/static,jar:file:/home/user/.m2/repository/org/apache/hadoop/hadoop-hdds-container-service/0.5.0-SNAPSHOT/hadoop-hdds-container-service-0.5.0-SNAPSHOT.jar!/webapps/static,AVAILABLE}
2019-08-30 03:51:58,663 [main] INFO  handler.ContextHandler (ContextHandler.java:doStart(781)) - Started o.e.j.w.WebAppContext@ddffa6c{/,file:///tmp/jetty-0.0.0.0-44665-hddsDatanode-_-any-6359278027098502664.dir/webapp/,AVAILABLE}{/hddsDatanode}
2019-08-30 03:51:58,663 [main] INFO  server.AbstractConnector (AbstractConnector.java:doStart(278)) - Started ServerConnector@42c54bad{HTTP/1.1,[http/1.1]}{0.0.0.0:44665}
2019-08-30 03:51:58,663 [main] INFO  server.Server (Server.java:doStart(419)) - Started @573345ms
2019-08-30 03:51:58,665 [main] INFO  server.BaseHttpServer (BaseHttpServer.java:updateConnectorAddress(213)) - HTTP server of HDDSDATANODE is listening at http://0.0.0.0:44665
2019-08-30 03:51:58,665 [main] INFO  impl.MetricsSystemImpl (MetricsSystemImpl.java:init(158)) - HddsDatanode metrics system started (again)
2019-08-30 03:51:58,668 [org.apache.hadoop.util.JvmPauseMonitor$Monitor@c097d0d] INFO  util.JvmPauseMonitor (JvmPauseMonitor.java:run(188)) - Starting JVM pause monitor
2019-08-30 03:51:58,668 [main] INFO  ozone.HddsDatanodeService (HddsDatanodeService.java:start(184)) - HddsDatanodeService host:pr-hdds-2057-gndl4-2748649462 ip:192.168.157.199
2019-08-30 03:51:58,670 [Datanode State Machine Thread - 0] INFO  datanode.InitDatanodeState (InitDatanodeState.java:persistContainerDatanodeDetails(140)) - DatanodeDetails is persisted to /workdir/hadoop-ozone/integration-test/target/test-dir/MiniOzoneClusterImpl-55f3577b-d091-4ab9-9685-f42e74419794/datanode-1/meta/datanode.id
2019-08-30 03:51:58,674 [main] INFO  volume.HddsVolume (HddsVolume.java:<init>(176)) - Creating Volume: /workdir/hadoop-ozone/integration-test/target/test-dir/MiniOzoneClusterImpl-55f3577b-d091-4ab9-9685-f42e74419794/datanode-2/data/containers/hdds of  storage type : DISK and capacity : 1482555576320
2019-08-30 03:51:58,674 [main] INFO  volume.VolumeSet (VolumeSet.java:initializeVolumeSet(170)) - Added Volume : /workdir/hadoop-ozone/integration-test/target/test-dir/MiniOzoneClusterImpl-55f3577b-d091-4ab9-9685-f42e74419794/datanode-2/data/containers/hdds to VolumeSet
2019-08-30 03:51:58,674 [main] INFO  volume.ThrottledAsyncChecker (ThrottledAsyncChecker.java:schedule(140)) - Scheduling a check for org.apache.hadoop.ozone.container.common.volume.HddsVolume@25567581
2019-08-30 03:51:58,675 [main] INFO  volume.HddsVolumeChecker (HddsVolumeChecker.java:checkAllVolumes(203)) - Scheduled health check for volume org.apache.hadoop.ozone.container.common.volume.HddsVolume@25567581
2019-08-30 03:51:58,689 [main] INFO  impl.RaftServerProxy (ConfUtils.java:logGet(43)) - raft.rpc.type = GRPC (default)
2019-08-30 03:51:58,689 [main] INFO  grpc.GrpcFactory (GrpcFactory.java:checkPooledByteBufAllocatorUseCacheForAllThreads(45)) - PERFORMANCE WARNING: useCacheForAllThreads is true that may cause Netty to create a lot garbage objects and, as a result, trigger GC.
	It is recommended to disable useCacheForAllThreads by setting -Dorg.apache.ratis.thirdparty.io.netty.allocator.useCacheForAllThreads=false in command line.
2019-08-30 03:51:58,689 [main] INFO  grpc.GrpcConfigKeys$Server (ConfUtils.java:logGet(43)) - raft.grpc.server.port = 0 (default)
2019-08-30 03:51:58,689 [main] INFO  server.GrpcService (ConfUtils.java:logGet(43)) - raft.grpc.message.size.max = 33570816 (custom)
2019-08-30 03:51:58,690 [main] INFO  server.RaftServerConfigKeys (ConfUtils.java:logGet(43)) - raft.server.log.appender.buffer.byte-limit = 33554432 (custom)
2019-08-30 03:51:58,690 [main] INFO  server.GrpcService (ConfUtils.java:logGet(43)) - raft.grpc.flow.control.window = 1MB (=1048576) (default)
2019-08-30 03:51:58,690 [main] INFO  server.RaftServerConfigKeys (ConfUtils.java:logGet(43)) - raft.server.rpc.request.timeout = 3000ms (default)
2019-08-30 03:51:58,690 [main] INFO  server.RaftServerConfigKeys (ConfUtils.java:logGet(43)) - raft.server.storage.dir = [/workdir/hadoop-ozone/integration-test/target/test-dir/MiniOzoneClusterImpl-55f3577b-d091-4ab9-9685-f42e74419794/datanode-2/data/ratis] (custom)
2019-08-30 03:51:58,692 [main] INFO  hdfs.DFSUtil (DFSUtil.java:httpServerTemplateForNNAndJN(1641)) - Starting Web-server for hddsDatanode at: http://0.0.0.0:0
2019-08-30 03:51:58,693 [main] INFO  server.AuthenticationFilter (AuthenticationFilter.java:constructSecretProvider(240)) - Unable to initialize FileSignerSecretProvider, falling back to use random secrets.
2019-08-30 03:51:58,693 [main] WARN  http.HttpRequestLog (HttpRequestLog.java:getRequestLog(97)) - Jetty request log can only be enabled using Log4j
2019-08-30 03:51:58,694 [main] INFO  http.HttpServer2 (HttpServer2.java:addGlobalFilter(975)) - Added global filter 'safety' (class=org.apache.hadoop.http.HttpServer2$QuotingInputFilter)
2019-08-30 03:51:58,695 [main] INFO  http.HttpServer2 (HttpServer2.java:addFilter(948)) - Added filter static_user_filter (class=org.apache.hadoop.http.lib.StaticUserWebFilter$StaticUserFilter) to context hddsDatanode
2019-08-30 03:51:58,695 [main] INFO  http.HttpServer2 (HttpServer2.java:addFilter(958)) - Added filter static_user_filter (class=org.apache.hadoop.http.lib.StaticUserWebFilter$StaticUserFilter) to context static
2019-08-30 03:51:58,695 [main] INFO  http.HttpServer2 (HttpServer2.java:addFilter(958)) - Added filter static_user_filter (class=org.apache.hadoop.http.lib.StaticUserWebFilter$StaticUserFilter) to context logs
2019-08-30 03:51:58,696 [main] INFO  http.HttpServer2 (HttpServer2.java:bindListener(1191)) - Jetty bound to port 45637
2019-08-30 03:51:58,696 [main] INFO  server.Server (Server.java:doStart(351)) - jetty-9.3.24.v20180605, build timestamp: 2018-06-05T17:11:56Z, git hash: 84205aa28f11a4f31f2a3b86d1bba2cc8ab69827
2019-08-30 03:51:58,698 [main] INFO  handler.ContextHandler (ContextHandler.java:doStart(781)) - Started o.e.j.s.ServletContextHandler@76d0ecd7{/logs,file:///workdir/hadoop-ozone/integration-test/target/log,AVAILABLE}
2019-08-30 03:51:58,698 [main] INFO  handler.ContextHandler (ContextHandler.java:doStart(781)) - Started o.e.j.s.ServletContextHandler@1ad1c363{/static,jar:file:/home/user/.m2/repository/org/apache/hadoop/hadoop-hdds-container-service/0.5.0-SNAPSHOT/hadoop-hdds-container-service-0.5.0-SNAPSHOT.jar!/webapps/static,AVAILABLE}
2019-08-30 03:51:58,725 [main] INFO  handler.ContextHandler (ContextHandler.java:doStart(781)) - Started o.e.j.w.WebAppContext@10fb4575{/,file:///tmp/jetty-0.0.0.0-45637-hddsDatanode-_-any-4600397732836589416.dir/webapp/,AVAILABLE}{/hddsDatanode}
2019-08-30 03:51:58,726 [main] INFO  server.AbstractConnector (AbstractConnector.java:doStart(278)) - Started ServerConnector@7cc2c551{HTTP/1.1,[http/1.1]}{0.0.0.0:45637}
2019-08-30 03:51:58,726 [main] INFO  server.Server (Server.java:doStart(419)) - Started @573408ms
2019-08-30 03:51:58,728 [main] INFO  server.BaseHttpServer (BaseHttpServer.java:updateConnectorAddress(213)) - HTTP server of HDDSDATANODE is listening at http://0.0.0.0:45637
2019-08-30 03:51:58,728 [main] INFO  impl.MetricsSystemImpl (MetricsSystemImpl.java:init(158)) - HddsDatanode metrics system started (again)
2019-08-30 03:51:58,732 [org.apache.hadoop.util.JvmPauseMonitor$Monitor@3ee6e622] INFO  util.JvmPauseMonitor (JvmPauseMonitor.java:run(188)) - Starting JVM pause monitor
2019-08-30 03:51:58,732 [main] INFO  ozone.HddsDatanodeService (HddsDatanodeService.java:start(184)) - HddsDatanodeService host:pr-hdds-2057-gndl4-2748649462 ip:192.168.157.199
2019-08-30 03:51:58,733 [Datanode State Machine Thread - 0] INFO  datanode.InitDatanodeState (InitDatanodeState.java:persistContainerDatanodeDetails(140)) - DatanodeDetails is persisted to /workdir/hadoop-ozone/integration-test/target/test-dir/MiniOzoneClusterImpl-55f3577b-d091-4ab9-9685-f42e74419794/datanode-2/meta/datanode.id
2019-08-30 03:51:58,739 [main] INFO  volume.HddsVolume (HddsVolume.java:<init>(176)) - Creating Volume: /workdir/hadoop-ozone/integration-test/target/test-dir/MiniOzoneClusterImpl-55f3577b-d091-4ab9-9685-f42e74419794/datanode-3/data/containers/hdds of  storage type : DISK and capacity : 1482555576320
2019-08-30 03:51:58,739 [main] INFO  volume.VolumeSet (VolumeSet.java:initializeVolumeSet(170)) - Added Volume : /workdir/hadoop-ozone/integration-test/target/test-dir/MiniOzoneClusterImpl-55f3577b-d091-4ab9-9685-f42e74419794/datanode-3/data/containers/hdds to VolumeSet
2019-08-30 03:51:58,739 [main] INFO  volume.ThrottledAsyncChecker (ThrottledAsyncChecker.java:schedule(140)) - Scheduling a check for org.apache.hadoop.ozone.container.common.volume.HddsVolume@3a38e4dc
2019-08-30 03:51:58,739 [main] INFO  volume.HddsVolumeChecker (HddsVolumeChecker.java:checkAllVolumes(203)) - Scheduled health check for volume org.apache.hadoop.ozone.container.common.volume.HddsVolume@3a38e4dc
2019-08-30 03:51:58,753 [main] INFO  impl.RaftServerProxy (ConfUtils.java:logGet(43)) - raft.rpc.type = GRPC (default)
2019-08-30 03:51:58,753 [main] INFO  grpc.GrpcFactory (GrpcFactory.java:checkPooledByteBufAllocatorUseCacheForAllThreads(45)) - PERFORMANCE WARNING: useCacheForAllThreads is true that may cause Netty to create a lot garbage objects and, as a result, trigger GC.
	It is recommended to disable useCacheForAllThreads by setting -Dorg.apache.ratis.thirdparty.io.netty.allocator.useCacheForAllThreads=false in command line.
2019-08-30 03:51:58,754 [main] INFO  grpc.GrpcConfigKeys$Server (ConfUtils.java:logGet(43)) - raft.grpc.server.port = 0 (default)
2019-08-30 03:51:58,754 [main] INFO  server.GrpcService (ConfUtils.java:logGet(43)) - raft.grpc.message.size.max = 33570816 (custom)
2019-08-30 03:51:58,754 [main] INFO  server.RaftServerConfigKeys (ConfUtils.java:logGet(43)) - raft.server.log.appender.buffer.byte-limit = 33554432 (custom)
2019-08-30 03:51:58,754 [main] INFO  server.GrpcService (ConfUtils.java:logGet(43)) - raft.grpc.flow.control.window = 1MB (=1048576) (default)
2019-08-30 03:51:58,754 [main] INFO  server.RaftServerConfigKeys (ConfUtils.java:logGet(43)) - raft.server.rpc.request.timeout = 3000ms (default)
2019-08-30 03:51:58,755 [main] INFO  server.RaftServerConfigKeys (ConfUtils.java:logGet(43)) - raft.server.storage.dir = [/workdir/hadoop-ozone/integration-test/target/test-dir/MiniOzoneClusterImpl-55f3577b-d091-4ab9-9685-f42e74419794/datanode-3/data/ratis] (custom)
2019-08-30 03:51:58,756 [main] INFO  hdfs.DFSUtil (DFSUtil.java:httpServerTemplateForNNAndJN(1641)) - Starting Web-server for hddsDatanode at: http://0.0.0.0:0
2019-08-30 03:51:58,757 [main] INFO  server.AuthenticationFilter (AuthenticationFilter.java:constructSecretProvider(240)) - Unable to initialize FileSignerSecretProvider, falling back to use random secrets.
2019-08-30 03:51:58,757 [main] WARN  http.HttpRequestLog (HttpRequestLog.java:getRequestLog(97)) - Jetty request log can only be enabled using Log4j
2019-08-30 03:51:58,759 [main] INFO  http.HttpServer2 (HttpServer2.java:addGlobalFilter(975)) - Added global filter 'safety' (class=org.apache.hadoop.http.HttpServer2$QuotingInputFilter)
2019-08-30 03:51:58,759 [main] INFO  http.HttpServer2 (HttpServer2.java:addFilter(948)) - Added filter static_user_filter (class=org.apache.hadoop.http.lib.StaticUserWebFilter$StaticUserFilter) to context hddsDatanode
2019-08-30 03:51:58,759 [main] INFO  http.HttpServer2 (HttpServer2.java:addFilter(958)) - Added filter static_user_filter (class=org.apache.hadoop.http.lib.StaticUserWebFilter$StaticUserFilter) to context logs
2019-08-30 03:51:58,759 [main] INFO  http.HttpServer2 (HttpServer2.java:addFilter(958)) - Added filter static_user_filter (class=org.apache.hadoop.http.lib.StaticUserWebFilter$StaticUserFilter) to context static
2019-08-30 03:51:58,760 [main] INFO  http.HttpServer2 (HttpServer2.java:bindListener(1191)) - Jetty bound to port 42494
2019-08-30 03:51:58,760 [main] INFO  server.Server (Server.java:doStart(351)) - jetty-9.3.24.v20180605, build timestamp: 2018-06-05T17:11:56Z, git hash: 84205aa28f11a4f31f2a3b86d1bba2cc8ab69827
2019-08-30 03:51:58,761 [main] INFO  handler.ContextHandler (ContextHandler.java:doStart(781)) - Started o.e.j.s.ServletContextHandler@7e94e331{/logs,file:///workdir/hadoop-ozone/integration-test/target/log,AVAILABLE}
2019-08-30 03:51:58,762 [main] INFO  handler.ContextHandler (ContextHandler.java:doStart(781)) - Started o.e.j.s.ServletContextHandler@4cae66a8{/static,jar:file:/home/user/.m2/repository/org/apache/hadoop/hadoop-hdds-container-service/0.5.0-SNAPSHOT/hadoop-hdds-container-service-0.5.0-SNAPSHOT.jar!/webapps/static,AVAILABLE}
2019-08-30 03:51:58,789 [main] INFO  handler.ContextHandler (ContextHandler.java:doStart(781)) - Started o.e.j.w.WebAppContext@6d7b001b{/,file:///tmp/jetty-0.0.0.0-42494-hddsDatanode-_-any-8505644945839190459.dir/webapp/,AVAILABLE}{/hddsDatanode}
2019-08-30 03:51:58,789 [main] INFO  server.AbstractConnector (AbstractConnector.java:doStart(278)) - Started ServerConnector@532dacf5{HTTP/1.1,[http/1.1]}{0.0.0.0:42494}
2019-08-30 03:51:58,791 [main] INFO  server.Server (Server.java:doStart(419)) - Started @573473ms
2019-08-30 03:51:58,792 [main] INFO  server.BaseHttpServer (BaseHttpServer.java:updateConnectorAddress(213)) - HTTP server of HDDSDATANODE is listening at http://0.0.0.0:42494
2019-08-30 03:51:58,792 [main] INFO  impl.MetricsSystemImpl (MetricsSystemImpl.java:init(158)) - HddsDatanode metrics system started (again)
2019-08-30 03:51:58,795 [main] INFO  ozone.HddsDatanodeService (HddsDatanodeService.java:start(184)) - HddsDatanodeService host:pr-hdds-2057-gndl4-2748649462 ip:192.168.157.199
2019-08-30 03:51:58,795 [org.apache.hadoop.util.JvmPauseMonitor$Monitor@3e347500] INFO  util.JvmPauseMonitor (JvmPauseMonitor.java:run(188)) - Starting JVM pause monitor
2019-08-30 03:51:58,797 [Datanode State Machine Thread - 0] INFO  datanode.InitDatanodeState (InitDatanodeState.java:persistContainerDatanodeDetails(140)) - DatanodeDetails is persisted to /workdir/hadoop-ozone/integration-test/target/test-dir/MiniOzoneClusterImpl-55f3577b-d091-4ab9-9685-f42e74419794/datanode-3/meta/datanode.id
2019-08-30 03:51:58,806 [main] INFO  volume.HddsVolume (HddsVolume.java:<init>(176)) - Creating Volume: /workdir/hadoop-ozone/integration-test/target/test-dir/MiniOzoneClusterImpl-55f3577b-d091-4ab9-9685-f42e74419794/datanode-4/data/containers/hdds of  storage type : DISK and capacity : 1482555576320
2019-08-30 03:51:58,806 [main] INFO  volume.VolumeSet (VolumeSet.java:initializeVolumeSet(170)) - Added Volume : /workdir/hadoop-ozone/integration-test/target/test-dir/MiniOzoneClusterImpl-55f3577b-d091-4ab9-9685-f42e74419794/datanode-4/data/containers/hdds to VolumeSet
2019-08-30 03:51:58,806 [main] INFO  volume.ThrottledAsyncChecker (ThrottledAsyncChecker.java:schedule(140)) - Scheduling a check for org.apache.hadoop.ozone.container.common.volume.HddsVolume@38de5daf
2019-08-30 03:51:58,807 [main] INFO  volume.HddsVolumeChecker (HddsVolumeChecker.java:checkAllVolumes(203)) - Scheduled health check for volume org.apache.hadoop.ozone.container.common.volume.HddsVolume@38de5daf
2019-08-30 03:51:58,821 [main] INFO  impl.RaftServerProxy (ConfUtils.java:logGet(43)) - raft.rpc.type = GRPC (default)
2019-08-30 03:51:58,821 [main] INFO  grpc.GrpcFactory (GrpcFactory.java:checkPooledByteBufAllocatorUseCacheForAllThreads(45)) - PERFORMANCE WARNING: useCacheForAllThreads is true that may cause Netty to create a lot garbage objects and, as a result, trigger GC.
	It is recommended to disable useCacheForAllThreads by setting -Dorg.apache.ratis.thirdparty.io.netty.allocator.useCacheForAllThreads=false in command line.
2019-08-30 03:51:58,822 [main] INFO  grpc.GrpcConfigKeys$Server (ConfUtils.java:logGet(43)) - raft.grpc.server.port = 0 (default)
2019-08-30 03:51:58,822 [main] INFO  server.GrpcService (ConfUtils.java:logGet(43)) - raft.grpc.message.size.max = 33570816 (custom)
2019-08-30 03:51:58,822 [main] INFO  server.RaftServerConfigKeys (ConfUtils.java:logGet(43)) - raft.server.log.appender.buffer.byte-limit = 33554432 (custom)
2019-08-30 03:51:58,822 [main] INFO  server.GrpcService (ConfUtils.java:logGet(43)) - raft.grpc.flow.control.window = 1MB (=1048576) (default)
2019-08-30 03:51:58,822 [main] INFO  server.RaftServerConfigKeys (ConfUtils.java:logGet(43)) - raft.server.rpc.request.timeout = 3000ms (default)
2019-08-30 03:51:58,823 [main] INFO  server.RaftServerConfigKeys (ConfUtils.java:logGet(43)) - raft.server.storage.dir = [/workdir/hadoop-ozone/integration-test/target/test-dir/MiniOzoneClusterImpl-55f3577b-d091-4ab9-9685-f42e74419794/datanode-4/data/ratis] (custom)
2019-08-30 03:51:58,824 [main] INFO  hdfs.DFSUtil (DFSUtil.java:httpServerTemplateForNNAndJN(1641)) - Starting Web-server for hddsDatanode at: http://0.0.0.0:0
2019-08-30 03:51:58,825 [main] INFO  server.AuthenticationFilter (AuthenticationFilter.java:constructSecretProvider(240)) - Unable to initialize FileSignerSecretProvider, falling back to use random secrets.
2019-08-30 03:51:58,826 [main] WARN  http.HttpRequestLog (HttpRequestLog.java:getRequestLog(97)) - Jetty request log can only be enabled using Log4j
2019-08-30 03:51:58,828 [main] INFO  http.HttpServer2 (HttpServer2.java:addGlobalFilter(975)) - Added global filter 'safety' (class=org.apache.hadoop.http.HttpServer2$QuotingInputFilter)
2019-08-30 03:51:58,829 [main] INFO  http.HttpServer2 (HttpServer2.java:addFilter(948)) - Added filter static_user_filter (class=org.apache.hadoop.http.lib.StaticUserWebFilter$StaticUserFilter) to context hddsDatanode
2019-08-30 03:51:58,829 [main] INFO  http.HttpServer2 (HttpServer2.java:addFilter(958)) - Added filter static_user_filter (class=org.apache.hadoop.http.lib.StaticUserWebFilter$StaticUserFilter) to context static
2019-08-30 03:51:58,829 [main] INFO  http.HttpServer2 (HttpServer2.java:addFilter(958)) - Added filter static_user_filter (class=org.apache.hadoop.http.lib.StaticUserWebFilter$StaticUserFilter) to context logs
2019-08-30 03:51:58,830 [main] INFO  http.HttpServer2 (HttpServer2.java:bindListener(1191)) - Jetty bound to port 41057
2019-08-30 03:51:58,830 [main] INFO  server.Server (Server.java:doStart(351)) - jetty-9.3.24.v20180605, build timestamp: 2018-06-05T17:11:56Z, git hash: 84205aa28f11a4f31f2a3b86d1bba2cc8ab69827
2019-08-30 03:51:58,832 [main] INFO  handler.ContextHandler (ContextHandler.java:doStart(781)) - Started o.e.j.s.ServletContextHandler@2fbd390{/logs,file:///workdir/hadoop-ozone/integration-test/target/log,AVAILABLE}
2019-08-30 03:51:58,832 [main] INFO  handler.ContextHandler (ContextHandler.java:doStart(781)) - Started o.e.j.s.ServletContextHandler@5e68be2{/static,jar:file:/home/user/.m2/repository/org/apache/hadoop/hadoop-hdds-container-service/0.5.0-SNAPSHOT/hadoop-hdds-container-service-0.5.0-SNAPSHOT.jar!/webapps/static,AVAILABLE}
2019-08-30 03:51:58,867 [main] INFO  handler.ContextHandler (ContextHandler.java:doStart(781)) - Started o.e.j.w.WebAppContext@7c901203{/,file:///tmp/jetty-0.0.0.0-41057-hddsDatanode-_-any-7601928281963376999.dir/webapp/,AVAILABLE}{/hddsDatanode}
2019-08-30 03:51:58,868 [main] INFO  server.AbstractConnector (AbstractConnector.java:doStart(278)) - Started ServerConnector@1e721583{HTTP/1.1,[http/1.1]}{0.0.0.0:41057}
2019-08-30 03:51:58,870 [main] INFO  server.Server (Server.java:doStart(419)) - Started @573552ms
2019-08-30 03:51:58,870 [main] INFO  server.BaseHttpServer (BaseHttpServer.java:updateConnectorAddress(213)) - HTTP server of HDDSDATANODE is listening at http://0.0.0.0:41057
2019-08-30 03:51:58,871 [main] INFO  impl.MetricsSystemImpl (MetricsSystemImpl.java:init(158)) - HddsDatanode metrics system started (again)
2019-08-30 03:51:58,876 [org.apache.hadoop.util.JvmPauseMonitor$Monitor@31e93053] INFO  util.JvmPauseMonitor (JvmPauseMonitor.java:run(188)) - Starting JVM pause monitor
2019-08-30 03:51:58,877 [Datanode State Machine Thread - 0] INFO  datanode.InitDatanodeState (InitDatanodeState.java:persistContainerDatanodeDetails(140)) - DatanodeDetails is persisted to /workdir/hadoop-ozone/integration-test/target/test-dir/MiniOzoneClusterImpl-55f3577b-d091-4ab9-9685-f42e74419794/datanode-4/meta/datanode.id
2019-08-30 03:51:58,877 [main] INFO  ozone.HddsDatanodeService (HddsDatanodeService.java:start(184)) - HddsDatanodeService host:pr-hdds-2057-gndl4-2748649462 ip:192.168.157.199
2019-08-30 03:51:58,885 [main] INFO  volume.HddsVolume (HddsVolume.java:<init>(176)) - Creating Volume: /workdir/hadoop-ozone/integration-test/target/test-dir/MiniOzoneClusterImpl-55f3577b-d091-4ab9-9685-f42e74419794/datanode-5/data/containers/hdds of  storage type : DISK and capacity : 1482555576320
2019-08-30 03:51:58,886 [main] INFO  volume.VolumeSet (VolumeSet.java:initializeVolumeSet(170)) - Added Volume : /workdir/hadoop-ozone/integration-test/target/test-dir/MiniOzoneClusterImpl-55f3577b-d091-4ab9-9685-f42e74419794/datanode-5/data/containers/hdds to VolumeSet
2019-08-30 03:51:58,886 [main] INFO  volume.ThrottledAsyncChecker (ThrottledAsyncChecker.java:schedule(140)) - Scheduling a check for org.apache.hadoop.ozone.container.common.volume.HddsVolume@1b31af02
2019-08-30 03:51:58,887 [main] INFO  volume.HddsVolumeChecker (HddsVolumeChecker.java:checkAllVolumes(203)) - Scheduled health check for volume org.apache.hadoop.ozone.container.common.volume.HddsVolume@1b31af02
2019-08-30 03:51:58,901 [main] INFO  impl.RaftServerProxy (ConfUtils.java:logGet(43)) - raft.rpc.type = GRPC (default)
2019-08-30 03:51:58,902 [main] INFO  grpc.GrpcFactory (GrpcFactory.java:checkPooledByteBufAllocatorUseCacheForAllThreads(45)) - PERFORMANCE WARNING: useCacheForAllThreads is true that may cause Netty to create a lot garbage objects and, as a result, trigger GC.
	It is recommended to disable useCacheForAllThreads by setting -Dorg.apache.ratis.thirdparty.io.netty.allocator.useCacheForAllThreads=false in command line.
2019-08-30 03:51:58,902 [main] INFO  grpc.GrpcConfigKeys$Server (ConfUtils.java:logGet(43)) - raft.grpc.server.port = 0 (default)
2019-08-30 03:51:58,902 [main] INFO  server.GrpcService (ConfUtils.java:logGet(43)) - raft.grpc.message.size.max = 33570816 (custom)
2019-08-30 03:51:58,902 [main] INFO  server.RaftServerConfigKeys (ConfUtils.java:logGet(43)) - raft.server.log.appender.buffer.byte-limit = 33554432 (custom)
2019-08-30 03:51:58,902 [main] INFO  server.GrpcService (ConfUtils.java:logGet(43)) - raft.grpc.flow.control.window = 1MB (=1048576) (default)
2019-08-30 03:51:58,903 [main] INFO  server.RaftServerConfigKeys (ConfUtils.java:logGet(43)) - raft.server.rpc.request.timeout = 3000ms (default)
2019-08-30 03:51:58,903 [main] INFO  server.RaftServerConfigKeys (ConfUtils.java:logGet(43)) - raft.server.storage.dir = [/workdir/hadoop-ozone/integration-test/target/test-dir/MiniOzoneClusterImpl-55f3577b-d091-4ab9-9685-f42e74419794/datanode-5/data/ratis] (custom)
2019-08-30 03:51:58,904 [main] INFO  hdfs.DFSUtil (DFSUtil.java:httpServerTemplateForNNAndJN(1641)) - Starting Web-server for hddsDatanode at: http://0.0.0.0:0
2019-08-30 03:51:58,905 [main] INFO  server.AuthenticationFilter (AuthenticationFilter.java:constructSecretProvider(240)) - Unable to initialize FileSignerSecretProvider, falling back to use random secrets.
2019-08-30 03:51:58,906 [main] WARN  http.HttpRequestLog (HttpRequestLog.java:getRequestLog(97)) - Jetty request log can only be enabled using Log4j
2019-08-30 03:51:58,907 [main] INFO  http.HttpServer2 (HttpServer2.java:addGlobalFilter(975)) - Added global filter 'safety' (class=org.apache.hadoop.http.HttpServer2$QuotingInputFilter)
2019-08-30 03:51:58,908 [main] INFO  http.HttpServer2 (HttpServer2.java:addFilter(948)) - Added filter static_user_filter (class=org.apache.hadoop.http.lib.StaticUserWebFilter$StaticUserFilter) to context hddsDatanode
2019-08-30 03:51:58,908 [main] INFO  http.HttpServer2 (HttpServer2.java:addFilter(958)) - Added filter static_user_filter (class=org.apache.hadoop.http.lib.StaticUserWebFilter$StaticUserFilter) to context logs
2019-08-30 03:51:58,908 [main] INFO  http.HttpServer2 (HttpServer2.java:addFilter(958)) - Added filter static_user_filter (class=org.apache.hadoop.http.lib.StaticUserWebFilter$StaticUserFilter) to context static
2019-08-30 03:51:58,909 [main] INFO  http.HttpServer2 (HttpServer2.java:bindListener(1191)) - Jetty bound to port 33857
2019-08-30 03:51:58,909 [main] INFO  server.Server (Server.java:doStart(351)) - jetty-9.3.24.v20180605, build timestamp: 2018-06-05T17:11:56Z, git hash: 84205aa28f11a4f31f2a3b86d1bba2cc8ab69827
2019-08-30 03:51:58,910 [main] INFO  handler.ContextHandler (ContextHandler.java:doStart(781)) - Started o.e.j.s.ServletContextHandler@41f964f9{/logs,file:///workdir/hadoop-ozone/integration-test/target/log,AVAILABLE}
2019-08-30 03:51:58,911 [main] INFO  handler.ContextHandler (ContextHandler.java:doStart(781)) - Started o.e.j.s.ServletContextHandler@7574d4ad{/static,jar:file:/home/user/.m2/repository/org/apache/hadoop/hadoop-hdds-container-service/0.5.0-SNAPSHOT/hadoop-hdds-container-service-0.5.0-SNAPSHOT.jar!/webapps/static,AVAILABLE}
2019-08-30 03:51:58,938 [main] INFO  handler.ContextHandler (ContextHandler.java:doStart(781)) - Started o.e.j.w.WebAppContext@240a2619{/,file:///tmp/jetty-0.0.0.0-33857-hddsDatanode-_-any-5648058488472950821.dir/webapp/,AVAILABLE}{/hddsDatanode}
2019-08-30 03:51:58,939 [main] INFO  server.AbstractConnector (AbstractConnector.java:doStart(278)) - Started ServerConnector@4e3283f6{HTTP/1.1,[http/1.1]}{0.0.0.0:33857}
2019-08-30 03:51:58,941 [main] INFO  server.Server (Server.java:doStart(419)) - Started @573623ms
2019-08-30 03:51:58,941 [main] INFO  server.BaseHttpServer (BaseHttpServer.java:updateConnectorAddress(213)) - HTTP server of HDDSDATANODE is listening at http://0.0.0.0:33857
2019-08-30 03:51:58,942 [main] INFO  impl.MetricsSystemImpl (MetricsSystemImpl.java:init(158)) - HddsDatanode metrics system started (again)
2019-08-30 03:51:58,946 [org.apache.hadoop.util.JvmPauseMonitor$Monitor@8f98230] INFO  util.JvmPauseMonitor (JvmPauseMonitor.java:run(188)) - Starting JVM pause monitor
2019-08-30 03:51:58,946 [main] INFO  ozone.HddsDatanodeService (HddsDatanodeService.java:start(184)) - HddsDatanodeService host:pr-hdds-2057-gndl4-2748649462 ip:192.168.157.199
2019-08-30 03:51:58,948 [Datanode State Machine Thread - 0] INFO  datanode.InitDatanodeState (InitDatanodeState.java:persistContainerDatanodeDetails(140)) - DatanodeDetails is persisted to /workdir/hadoop-ozone/integration-test/target/test-dir/MiniOzoneClusterImpl-55f3577b-d091-4ab9-9685-f42e74419794/datanode-5/meta/datanode.id
2019-08-30 03:51:58,953 [main] INFO  volume.HddsVolume (HddsVolume.java:<init>(176)) - Creating Volume: /workdir/hadoop-ozone/integration-test/target/test-dir/MiniOzoneClusterImpl-55f3577b-d091-4ab9-9685-f42e74419794/datanode-6/data/containers/hdds of  storage type : DISK and capacity : 1482555576320
2019-08-30 03:51:58,953 [main] INFO  volume.VolumeSet (VolumeSet.java:initializeVolumeSet(170)) - Added Volume : /workdir/hadoop-ozone/integration-test/target/test-dir/MiniOzoneClusterImpl-55f3577b-d091-4ab9-9685-f42e74419794/datanode-6/data/containers/hdds to VolumeSet
2019-08-30 03:51:58,954 [main] INFO  volume.ThrottledAsyncChecker (ThrottledAsyncChecker.java:schedule(140)) - Scheduling a check for org.apache.hadoop.ozone.container.common.volume.HddsVolume@e01a26b
2019-08-30 03:51:58,954 [main] INFO  volume.HddsVolumeChecker (HddsVolumeChecker.java:checkAllVolumes(203)) - Scheduled health check for volume org.apache.hadoop.ozone.container.common.volume.HddsVolume@e01a26b
2019-08-30 03:51:58,967 [main] INFO  impl.RaftServerProxy (ConfUtils.java:logGet(43)) - raft.rpc.type = GRPC (default)
2019-08-30 03:51:58,967 [main] INFO  grpc.GrpcFactory (GrpcFactory.java:checkPooledByteBufAllocatorUseCacheForAllThreads(45)) - PERFORMANCE WARNING: useCacheForAllThreads is true that may cause Netty to create a lot garbage objects and, as a result, trigger GC.
	It is recommended to disable useCacheForAllThreads by setting -Dorg.apache.ratis.thirdparty.io.netty.allocator.useCacheForAllThreads=false in command line.
2019-08-30 03:51:58,968 [main] INFO  grpc.GrpcConfigKeys$Server (ConfUtils.java:logGet(43)) - raft.grpc.server.port = 0 (default)
2019-08-30 03:51:58,968 [main] INFO  server.GrpcService (ConfUtils.java:logGet(43)) - raft.grpc.message.size.max = 33570816 (custom)
2019-08-30 03:51:58,968 [main] INFO  server.RaftServerConfigKeys (ConfUtils.java:logGet(43)) - raft.server.log.appender.buffer.byte-limit = 33554432 (custom)
2019-08-30 03:51:58,968 [main] INFO  server.GrpcService (ConfUtils.java:logGet(43)) - raft.grpc.flow.control.window = 1MB (=1048576) (default)
2019-08-30 03:51:58,968 [main] INFO  server.RaftServerConfigKeys (ConfUtils.java:logGet(43)) - raft.server.rpc.request.timeout = 3000ms (default)
2019-08-30 03:51:58,969 [main] INFO  server.RaftServerConfigKeys (ConfUtils.java:logGet(43)) - raft.server.storage.dir = [/workdir/hadoop-ozone/integration-test/target/test-dir/MiniOzoneClusterImpl-55f3577b-d091-4ab9-9685-f42e74419794/datanode-6/data/ratis] (custom)
2019-08-30 03:51:58,970 [main] INFO  hdfs.DFSUtil (DFSUtil.java:httpServerTemplateForNNAndJN(1641)) - Starting Web-server for hddsDatanode at: http://0.0.0.0:0
2019-08-30 03:51:58,971 [main] INFO  server.AuthenticationFilter (AuthenticationFilter.java:constructSecretProvider(240)) - Unable to initialize FileSignerSecretProvider, falling back to use random secrets.
2019-08-30 03:51:58,972 [main] WARN  http.HttpRequestLog (HttpRequestLog.java:getRequestLog(97)) - Jetty request log can only be enabled using Log4j
2019-08-30 03:51:58,973 [main] INFO  http.HttpServer2 (HttpServer2.java:addGlobalFilter(975)) - Added global filter 'safety' (class=org.apache.hadoop.http.HttpServer2$QuotingInputFilter)
2019-08-30 03:51:58,974 [main] INFO  http.HttpServer2 (HttpServer2.java:addFilter(948)) - Added filter static_user_filter (class=org.apache.hadoop.http.lib.StaticUserWebFilter$StaticUserFilter) to context hddsDatanode
2019-08-30 03:51:58,974 [main] INFO  http.HttpServer2 (HttpServer2.java:addFilter(958)) - Added filter static_user_filter (class=org.apache.hadoop.http.lib.StaticUserWebFilter$StaticUserFilter) to context static
2019-08-30 03:51:58,974 [main] INFO  http.HttpServer2 (HttpServer2.java:addFilter(958)) - Added filter static_user_filter (class=org.apache.hadoop.http.lib.StaticUserWebFilter$StaticUserFilter) to context logs
2019-08-30 03:51:58,975 [main] INFO  http.HttpServer2 (HttpServer2.java:bindListener(1191)) - Jetty bound to port 42333
2019-08-30 03:51:58,975 [main] INFO  server.Server (Server.java:doStart(351)) - jetty-9.3.24.v20180605, build timestamp: 2018-06-05T17:11:56Z, git hash: 84205aa28f11a4f31f2a3b86d1bba2cc8ab69827
2019-08-30 03:51:58,976 [main] INFO  handler.ContextHandler (ContextHandler.java:doStart(781)) - Started o.e.j.s.ServletContextHandler@45984654{/logs,file:///workdir/hadoop-ozone/integration-test/target/log,AVAILABLE}
2019-08-30 03:51:58,977 [main] INFO  handler.ContextHandler (ContextHandler.java:doStart(781)) - Started o.e.j.s.ServletContextHandler@66b0e207{/static,jar:file:/home/user/.m2/repository/org/apache/hadoop/hadoop-hdds-container-service/0.5.0-SNAPSHOT/hadoop-hdds-container-service-0.5.0-SNAPSHOT.jar!/webapps/static,AVAILABLE}
2019-08-30 03:51:59,004 [main] INFO  handler.ContextHandler (ContextHandler.java:doStart(781)) - Started o.e.j.w.WebAppContext@2755617b{/,file:///tmp/jetty-0.0.0.0-42333-hddsDatanode-_-any-4481403637898739309.dir/webapp/,AVAILABLE}{/hddsDatanode}
2019-08-30 03:51:59,004 [main] INFO  server.AbstractConnector (AbstractConnector.java:doStart(278)) - Started ServerConnector@65859b44{HTTP/1.1,[http/1.1]}{0.0.0.0:42333}
2019-08-30 03:51:59,004 [main] INFO  server.Server (Server.java:doStart(419)) - Started @573687ms
2019-08-30 03:51:59,007 [main] INFO  server.BaseHttpServer (BaseHttpServer.java:updateConnectorAddress(213)) - HTTP server of HDDSDATANODE is listening at http://0.0.0.0:42333
2019-08-30 03:51:59,007 [main] INFO  ozone.MiniOzoneClusterImpl (MiniOzoneClusterImpl.java:lambda$waitForClusterToBeReady$0(140)) - Waiting for cluster to be ready. Got 0 of 7 DN Heartbeats.
2019-08-30 03:51:59,008 [org.apache.hadoop.util.JvmPauseMonitor$Monitor@4cf8efad] INFO  util.JvmPauseMonitor (JvmPauseMonitor.java:run(188)) - Starting JVM pause monitor
2019-08-30 03:51:59,010 [Datanode State Machine Thread - 0] INFO  datanode.InitDatanodeState (InitDatanodeState.java:persistContainerDatanodeDetails(140)) - DatanodeDetails is persisted to /workdir/hadoop-ozone/integration-test/target/test-dir/MiniOzoneClusterImpl-55f3577b-d091-4ab9-9685-f42e74419794/datanode-6/meta/datanode.id
2019-08-30 03:52:00,008 [main] INFO  ozone.MiniOzoneClusterImpl (MiniOzoneClusterImpl.java:lambda$waitForClusterToBeReady$0(140)) - Waiting for cluster to be ready. Got 0 of 7 DN Heartbeats.
2019-08-30 03:52:00,614 | INFO  | SCMAudit | user=jenkins1000 | ip=192.168.157.199 | op=GET_VERSION null | ret=SUCCESS |  
2019-08-30 03:52:00,641 [Datanode State Machine Thread - 0] INFO  ozoneimpl.OzoneContainer (OzoneContainer.java:start(201)) - Attempting to start container services.
2019-08-30 03:52:00,641 [Datanode State Machine Thread - 0] INFO  ozoneimpl.OzoneContainer (OzoneContainer.java:startContainerScrub(175)) - Background container scrubber has been disabled by hdds.containerscrub.enabled
2019-08-30 03:52:00,641 [Datanode State Machine Thread - 0] INFO  ratis.XceiverServerRatis (XceiverServerRatis.java:start(393)) - Starting XceiverServerRatis 05e7d200-5199-4ca5-931c-a5057568ec42 at port 0
2019-08-30 03:52:00,648 [Datanode State Machine Thread - 0] INFO  impl.RaftServerProxy (RaftServerProxy.java:lambda$start$3(299)) - 05e7d200-5199-4ca5-931c-a5057568ec42: start RPC server
2019-08-30 03:52:00,650 [Datanode State Machine Thread - 0] INFO  server.GrpcService (GrpcService.java:startImpl(149)) - 05e7d200-5199-4ca5-931c-a5057568ec42: GrpcService started, listening on 0.0.0.0/0.0.0.0:39559
2019-08-30 03:52:00,650 [Datanode State Machine Thread - 0] INFO  ratis.XceiverServerRatis (XceiverServerRatis.java:start(403)) - XceiverServerRatis 05e7d200-5199-4ca5-931c-a5057568ec42 is started using port 39559
2019-08-30 03:52:00,651 [Datanode State Machine Thread - 0] INFO  server.XceiverServerGrpc (XceiverServerGrpc.java:start(163)) - XceiverServerGrpc 05e7d200-5199-4ca5-931c-a5057568ec42 is started using port 37630
2019-08-30 03:52:00,668 | INFO  | SCMAudit | user=jenkins1000 | ip=192.168.157.199 | op=GET_VERSION null | ret=SUCCESS |  
2019-08-30 03:52:00,682 [Datanode State Machine Thread - 0] INFO  ozoneimpl.OzoneContainer (OzoneContainer.java:start(201)) - Attempting to start container services.
2019-08-30 03:52:00,683 [Datanode State Machine Thread - 0] INFO  ozoneimpl.OzoneContainer (OzoneContainer.java:startContainerScrub(175)) - Background container scrubber has been disabled by hdds.containerscrub.enabled
2019-08-30 03:52:00,683 [Datanode State Machine Thread - 0] INFO  ratis.XceiverServerRatis (XceiverServerRatis.java:start(393)) - Starting XceiverServerRatis ee201a4f-0c90-4d0b-960f-697ba0938c35 at port 0
2019-08-30 03:52:00,690 [Datanode State Machine Thread - 0] INFO  impl.RaftServerProxy (RaftServerProxy.java:lambda$start$3(299)) - ee201a4f-0c90-4d0b-960f-697ba0938c35: start RPC server
2019-08-30 03:52:00,690 [Datanode State Machine Thread - 0] INFO  server.GrpcService (GrpcService.java:startImpl(149)) - ee201a4f-0c90-4d0b-960f-697ba0938c35: GrpcService started, listening on 0.0.0.0/0.0.0.0:37056
2019-08-30 03:52:00,691 [Datanode State Machine Thread - 0] INFO  ratis.XceiverServerRatis (XceiverServerRatis.java:start(403)) - XceiverServerRatis ee201a4f-0c90-4d0b-960f-697ba0938c35 is started using port 37056
2019-08-30 03:52:00,691 [Datanode State Machine Thread - 0] INFO  server.XceiverServerGrpc (XceiverServerGrpc.java:start(163)) - XceiverServerGrpc ee201a4f-0c90-4d0b-960f-697ba0938c35 is started using port 45756
2019-08-30 03:52:00,732 | INFO  | SCMAudit | user=jenkins1000 | ip=192.168.157.199 | op=GET_VERSION null | ret=SUCCESS |  
2019-08-30 03:52:00,746 [Datanode State Machine Thread - 0] INFO  ozoneimpl.OzoneContainer (OzoneContainer.java:start(201)) - Attempting to start container services.
2019-08-30 03:52:00,746 [Datanode State Machine Thread - 0] INFO  ozoneimpl.OzoneContainer (OzoneContainer.java:startContainerScrub(175)) - Background container scrubber has been disabled by hdds.containerscrub.enabled
2019-08-30 03:52:00,746 [Datanode State Machine Thread - 0] INFO  ratis.XceiverServerRatis (XceiverServerRatis.java:start(393)) - Starting XceiverServerRatis 27d43df4-a2f1-4425-a17f-ad30e0ce4398 at port 0
2019-08-30 03:52:00,754 [Datanode State Machine Thread - 0] INFO  impl.RaftServerProxy (RaftServerProxy.java:lambda$start$3(299)) - 27d43df4-a2f1-4425-a17f-ad30e0ce4398: start RPC server
2019-08-30 03:52:00,754 [Datanode State Machine Thread - 0] INFO  server.GrpcService (GrpcService.java:startImpl(149)) - 27d43df4-a2f1-4425-a17f-ad30e0ce4398: GrpcService started, listening on 0.0.0.0/0.0.0.0:43070
2019-08-30 03:52:00,755 [Datanode State Machine Thread - 0] INFO  ratis.XceiverServerRatis (XceiverServerRatis.java:start(403)) - XceiverServerRatis 27d43df4-a2f1-4425-a17f-ad30e0ce4398 is started using port 43070
2019-08-30 03:52:00,766 [Datanode State Machine Thread - 0] INFO  server.XceiverServerGrpc (XceiverServerGrpc.java:start(163)) - XceiverServerGrpc 27d43df4-a2f1-4425-a17f-ad30e0ce4398 is started using port 37650
2019-08-30 03:52:00,796 | INFO  | SCMAudit | user=jenkins1000 | ip=192.168.157.199 | op=GET_VERSION null | ret=SUCCESS |  
2019-08-30 03:52:00,810 [Datanode State Machine Thread - 0] INFO  ozoneimpl.OzoneContainer (OzoneContainer.java:start(201)) - Attempting to start container services.
2019-08-30 03:52:00,810 [Datanode State Machine Thread - 0] INFO  ozoneimpl.OzoneContainer (OzoneContainer.java:startContainerScrub(175)) - Background container scrubber has been disabled by hdds.containerscrub.enabled
2019-08-30 03:52:00,810 [Datanode State Machine Thread - 0] INFO  ratis.XceiverServerRatis (XceiverServerRatis.java:start(393)) - Starting XceiverServerRatis d0043b8f-59eb-4c5c-80f3-5a4bc9982bd5 at port 0
2019-08-30 03:52:00,816 [Datanode State Machine Thread - 0] INFO  impl.RaftServerProxy (RaftServerProxy.java:lambda$start$3(299)) - d0043b8f-59eb-4c5c-80f3-5a4bc9982bd5: start RPC server
2019-08-30 03:52:00,817 [Datanode State Machine Thread - 0] INFO  server.GrpcService (GrpcService.java:startImpl(149)) - d0043b8f-59eb-4c5c-80f3-5a4bc9982bd5: GrpcService started, listening on 0.0.0.0/0.0.0.0:45902
2019-08-30 03:52:00,817 [Datanode State Machine Thread - 0] INFO  ratis.XceiverServerRatis (XceiverServerRatis.java:start(403)) - XceiverServerRatis d0043b8f-59eb-4c5c-80f3-5a4bc9982bd5 is started using port 45902
2019-08-30 03:52:00,818 [Datanode State Machine Thread - 0] INFO  server.XceiverServerGrpc (XceiverServerGrpc.java:start(163)) - XceiverServerGrpc d0043b8f-59eb-4c5c-80f3-5a4bc9982bd5 is started using port 46602
2019-08-30 03:52:00,876 | INFO  | SCMAudit | user=jenkins1000 | ip=192.168.157.199 | op=GET_VERSION null | ret=SUCCESS |  
2019-08-30 03:52:00,889 [Datanode State Machine Thread - 0] INFO  ozoneimpl.OzoneContainer (OzoneContainer.java:start(201)) - Attempting to start container services.
2019-08-30 03:52:00,889 [Datanode State Machine Thread - 0] INFO  ozoneimpl.OzoneContainer (OzoneContainer.java:startContainerScrub(175)) - Background container scrubber has been disabled by hdds.containerscrub.enabled
2019-08-30 03:52:00,889 [Datanode State Machine Thread - 0] INFO  ratis.XceiverServerRatis (XceiverServerRatis.java:start(393)) - Starting XceiverServerRatis 621705e7-357c-4de4-a93e-65622c5fc502 at port 0
2019-08-30 03:52:00,897 [Datanode State Machine Thread - 0] INFO  impl.RaftServerProxy (RaftServerProxy.java:lambda$start$3(299)) - 621705e7-357c-4de4-a93e-65622c5fc502: start RPC server
2019-08-30 03:52:00,901 [Datanode State Machine Thread - 0] INFO  server.GrpcService (GrpcService.java:startImpl(149)) - 621705e7-357c-4de4-a93e-65622c5fc502: GrpcService started, listening on 0.0.0.0/0.0.0.0:42300
2019-08-30 03:52:00,901 [Datanode State Machine Thread - 0] INFO  ratis.XceiverServerRatis (XceiverServerRatis.java:start(403)) - XceiverServerRatis 621705e7-357c-4de4-a93e-65622c5fc502 is started using port 42300
2019-08-30 03:52:00,901 [Datanode State Machine Thread - 0] INFO  server.XceiverServerGrpc (XceiverServerGrpc.java:start(163)) - XceiverServerGrpc 621705e7-357c-4de4-a93e-65622c5fc502 is started using port 40849
2019-08-30 03:52:00,946 | INFO  | SCMAudit | user=jenkins1000 | ip=192.168.157.199 | op=GET_VERSION null | ret=SUCCESS |  
2019-08-30 03:52:00,960 [Datanode State Machine Thread - 0] INFO  ozoneimpl.OzoneContainer (OzoneContainer.java:start(201)) - Attempting to start container services.
2019-08-30 03:52:00,960 [Datanode State Machine Thread - 0] INFO  ozoneimpl.OzoneContainer (OzoneContainer.java:startContainerScrub(175)) - Background container scrubber has been disabled by hdds.containerscrub.enabled
2019-08-30 03:52:00,960 [Datanode State Machine Thread - 0] INFO  ratis.XceiverServerRatis (XceiverServerRatis.java:start(393)) - Starting XceiverServerRatis 0013325a-9f0e-48ed-94a6-e4513394336e at port 0
2019-08-30 03:52:00,967 [Datanode State Machine Thread - 0] INFO  impl.RaftServerProxy (RaftServerProxy.java:lambda$start$3(299)) - 0013325a-9f0e-48ed-94a6-e4513394336e: start RPC server
2019-08-30 03:52:00,970 [Datanode State Machine Thread - 0] INFO  server.GrpcService (GrpcService.java:startImpl(149)) - 0013325a-9f0e-48ed-94a6-e4513394336e: GrpcService started, listening on 0.0.0.0/0.0.0.0:39939
2019-08-30 03:52:00,970 [Datanode State Machine Thread - 0] INFO  ratis.XceiverServerRatis (XceiverServerRatis.java:start(403)) - XceiverServerRatis 0013325a-9f0e-48ed-94a6-e4513394336e is started using port 39939
2019-08-30 03:52:00,980 [Datanode State Machine Thread - 0] INFO  server.XceiverServerGrpc (XceiverServerGrpc.java:start(163)) - XceiverServerGrpc 0013325a-9f0e-48ed-94a6-e4513394336e is started using port 37806
2019-08-30 03:52:01,008 [main] INFO  ozone.MiniOzoneClusterImpl (MiniOzoneClusterImpl.java:lambda$waitForClusterToBeReady$0(140)) - Waiting for cluster to be ready. Got 0 of 7 DN Heartbeats.
2019-08-30 03:52:01,010 | INFO  | SCMAudit | user=jenkins1000 | ip=192.168.157.199 | op=GET_VERSION null | ret=SUCCESS |  
2019-08-30 03:52:01,025 [Datanode State Machine Thread - 0] INFO  ozoneimpl.OzoneContainer (OzoneContainer.java:start(201)) - Attempting to start container services.
2019-08-30 03:52:01,025 [Datanode State Machine Thread - 0] INFO  ozoneimpl.OzoneContainer (OzoneContainer.java:startContainerScrub(175)) - Background container scrubber has been disabled by hdds.containerscrub.enabled
2019-08-30 03:52:01,026 [Datanode State Machine Thread - 0] INFO  ratis.XceiverServerRatis (XceiverServerRatis.java:start(393)) - Starting XceiverServerRatis 8751c1ff-b790-41e3-80e1-6949a3f5d06f at port 0
2019-08-30 03:52:01,033 [Datanode State Machine Thread - 0] INFO  impl.RaftServerProxy (RaftServerProxy.java:lambda$start$3(299)) - 8751c1ff-b790-41e3-80e1-6949a3f5d06f: start RPC server
2019-08-30 03:52:01,036 [Datanode State Machine Thread - 0] INFO  server.GrpcService (GrpcService.java:startImpl(149)) - 8751c1ff-b790-41e3-80e1-6949a3f5d06f: GrpcService started, listening on 0.0.0.0/0.0.0.0:46783
2019-08-30 03:52:01,037 [Datanode State Machine Thread - 0] INFO  ratis.XceiverServerRatis (XceiverServerRatis.java:start(403)) - XceiverServerRatis 8751c1ff-b790-41e3-80e1-6949a3f5d06f is started using port 46783
2019-08-30 03:52:01,037 [Datanode State Machine Thread - 0] INFO  server.XceiverServerGrpc (XceiverServerGrpc.java:start(163)) - XceiverServerGrpc 8751c1ff-b790-41e3-80e1-6949a3f5d06f is started using port 42331
2019-08-30 03:52:02,009 [main] INFO  ozone.MiniOzoneClusterImpl (MiniOzoneClusterImpl.java:lambda$waitForClusterToBeReady$0(140)) - Waiting for cluster to be ready. Got 0 of 7 DN Heartbeats.
2019-08-30 03:52:02,613 [IPC Server handler 1 on 36292] INFO  net.NetworkTopology (NetworkTopologyImpl.java:add(110)) - Added a new node: /default-rack/05e7d200-5199-4ca5-931c-a5057568ec42
2019-08-30 03:52:02,616 [IPC Server handler 1 on 36292] INFO  node.SCMNodeManager (SCMNodeManager.java:register(273)) - Registered Data node : 05e7d200-5199-4ca5-931c-a5057568ec42{ip: 192.168.157.199, host: pr-hdds-2057-gndl4-2748649462, networkLocation: /default-rack, certSerialId: null}
2019-08-30 03:52:02,618 | INFO  | SCMAudit | user=jenkins1000 | ip=192.168.157.199 | op=REGISTER {datanodeDetails=05e7d200-5199-4ca5-931c-a5057568ec42{ip: 192.168.157.199, host: pr-hdds-2057-gndl4-2748649462, networkLocation: /default-rack, certSerialId: null}} | ret=SUCCESS |  
2019-08-30 03:52:02,617 [EventQueue-NodeRegistrationContainerReportForDataNodeSafeModeRule] INFO  safemode.SCMSafeModeManager (DataNodeSafeModeRule.java:process(71)) - SCM in safe mode. 1 DataNodes registered, 1 required.
2019-08-30 03:52:02,620 [EventQueue-NodeRegistrationContainerReportForDataNodeSafeModeRule] INFO  safemode.SCMSafeModeManager (SCMSafeModeManager.java:validateSafeModeExitRules(177)) - ScmSafeModeManager, all rules are successfully validated
2019-08-30 03:52:02,621 [EventQueue-NodeRegistrationContainerReportForDataNodeSafeModeRule] INFO  safemode.SCMSafeModeManager (SCMSafeModeManager.java:exitSafeMode(193)) - SCM exiting safe mode.
2019-08-30 03:52:02,629 [grpc-default-executor-7] INFO  impl.RaftServerProxy (RaftServerProxy.java:addNew(89)) - 05e7d200-5199-4ca5-931c-a5057568ec42: addNew group-2E4EFA1C4802:[05e7d200-5199-4ca5-931c-a5057568ec42:192.168.157.199:39559] returns group-2E4EFA1C4802:java.util.concurrent.CompletableFuture@52ce1bf4[Not completed]
2019-08-30 03:52:02,631 [pool-499-thread-1] INFO  impl.RaftServerImpl (RaftServerImpl.java:<init>(93)) - 05e7d200-5199-4ca5-931c-a5057568ec42: new RaftServerImpl for group-2E4EFA1C4802:[05e7d200-5199-4ca5-931c-a5057568ec42:192.168.157.199:39559] with ContainerStateMachine:uninitialized
2019-08-30 03:52:02,631 [pool-499-thread-1] INFO  server.RaftServerConfigKeys (ConfUtils.java:logGet(43)) - raft.server.rpc.timeout.min = 5s (custom)
2019-08-30 03:52:02,631 [pool-499-thread-1] INFO  server.RaftServerConfigKeys (ConfUtils.java:logGet(43)) - raft.server.rpc.timeout.max = 5200ms (custom)
2019-08-30 03:52:02,631 [pool-499-thread-1] INFO  server.RaftServerConfigKeys (ConfUtils.java:logGet(43)) - raft.server.rpcslowness.timeout = 120s (custom)
2019-08-30 03:52:02,631 [pool-499-thread-1] INFO  server.RaftServerConfigKeys (ConfUtils.java:logGet(43)) - raft.server.sleep.deviation.threshold = 300 (default)
2019-08-30 03:52:02,631 [pool-499-thread-1] INFO  server.RaftServerConfigKeys (ConfUtils.java:logGet(43)) - raft.server.log.appender.install.snapshot.enabled = false (custom)
2019-08-30 03:52:02,632 [pool-499-thread-1] INFO  impl.RaftServerImpl (ServerState.java:<init>(105)) - 05e7d200-5199-4ca5-931c-a5057568ec42:group-2E4EFA1C4802 ConfigurationManager, init=-1: [05e7d200-5199-4ca5-931c-a5057568ec42:192.168.157.199:39559], old=null, confs=<EMPTY_MAP>
2019-08-30 03:52:02,632 [pool-499-thread-1] INFO  server.RaftServerConfigKeys (ConfUtils.java:logGet(43)) - raft.server.storage.dir = [/workdir/hadoop-ozone/integration-test/target/test-dir/MiniOzoneClusterImpl-55f3577b-d091-4ab9-9685-f42e74419794/datanode-0/data/ratis] (custom)
2019-08-30 03:52:02,632 [pool-499-thread-1] INFO  storage.RaftStorageDirectory (RaftStorageDirectory.java:analyzeStorage(246)) - The storage directory /workdir/hadoop-ozone/integration-test/target/test-dir/MiniOzoneClusterImpl-55f3577b-d091-4ab9-9685-f42e74419794/datanode-0/data/ratis/de087564-31a5-4f91-9bc3-2e4efa1c4802 does not exist. Creating ...
2019-08-30 03:52:02,646 [pool-499-thread-1] INFO  storage.RaftStorageDirectory (RaftStorageDirectory.java:tryLock(328)) - Lock on /workdir/hadoop-ozone/integration-test/target/test-dir/MiniOzoneClusterImpl-55f3577b-d091-4ab9-9685-f42e74419794/datanode-0/data/ratis/de087564-31a5-4f91-9bc3-2e4efa1c4802/in_use.lock acquired by nodename 4854@pr-hdds-2057-gndl4-2748649462
2019-08-30 03:52:02,659 [pool-499-thread-1] INFO  storage.RaftStorage (RaftStorage.java:format(72)) - Storage directory /workdir/hadoop-ozone/integration-test/target/test-dir/MiniOzoneClusterImpl-55f3577b-d091-4ab9-9685-f42e74419794/datanode-0/data/ratis/de087564-31a5-4f91-9bc3-2e4efa1c4802 has been successfully formatted.
2019-08-30 03:52:02,659 [pool-499-thread-1] INFO  ratis.ContainerStateMachine (ContainerStateMachine.java:loadSnapshot(227)) - group-2E4EFA1C4802: The snapshot info is null. Setting the last applied indexto:(t:0, i:~)
2019-08-30 03:52:02,659 [pool-499-thread-1] INFO  server.RaftServerConfigKeys (ConfUtils.java:logGet(43)) - raft.server.leader.election.timeout = 120s (custom)
2019-08-30 03:52:02,660 [pool-499-thread-1] INFO  server.RaftServerConfigKeys (ConfUtils.java:logGet(43)) - raft.server.log.use.memory = false (default)
2019-08-30 03:52:02,660 [pool-499-thread-1] INFO  server.RaftServerConfigKeys (ConfUtils.java:logGet(43)) - raft.server.log.purge.gap = 1000000 (custom)
2019-08-30 03:52:02,660 [pool-499-thread-1] INFO  server.RaftServerConfigKeys (ConfUtils.java:logGet(43)) - raft.server.log.appender.buffer.byte-limit = 33554432 (custom)
2019-08-30 03:52:02,660 [pool-499-thread-1] INFO  server.RaftServerConfigKeys (ConfUtils.java:logGet(43)) - raft.server.log.segment.size.max = 1048576 (custom)
2019-08-30 03:52:02,660 [pool-499-thread-1] INFO  server.RaftServerConfigKeys (ConfUtils.java:logGet(43)) - raft.server.log.segment.cache.num.max = 2 (custom)
2019-08-30 03:52:02,660 [pool-499-thread-1] INFO  segmented.SegmentedRaftLogWorker (SegmentedRaftLogWorker.java:<init>(172)) - new 05e7d200-5199-4ca5-931c-a5057568ec42-SegmentedRaftLogWorker:Storage Directory /workdir/hadoop-ozone/integration-test/target/test-dir/MiniOzoneClusterImpl-55f3577b-d091-4ab9-9685-f42e74419794/datanode-0/data/ratis/de087564-31a5-4f91-9bc3-2e4efa1c4802 for RaftStorage:Storage Directory /workdir/hadoop-ozone/integration-test/target/test-dir/MiniOzoneClusterImpl-55f3577b-d091-4ab9-9685-f42e74419794/datanode-0/data/ratis/de087564-31a5-4f91-9bc3-2e4efa1c4802
2019-08-30 03:52:02,661 [pool-499-thread-1] INFO  server.RaftServerConfigKeys (ConfUtils.java:logGet(43)) - raft.server.log.queue.byte-limit = 2147483647 (custom)
2019-08-30 03:52:02,661 [pool-499-thread-1] INFO  server.RaftServerConfigKeys (ConfUtils.java:logGet(43)) - raft.server.log.queue.element-limit = 1024 (custom)
2019-08-30 03:52:02,661 [pool-499-thread-1] INFO  server.RaftServerConfigKeys (ConfUtils.java:logGet(43)) - raft.server.log.segment.size.max = 1048576 (custom)
2019-08-30 03:52:02,662 [pool-499-thread-1] INFO  server.RaftServerConfigKeys (ConfUtils.java:logGet(43)) - raft.server.log.preallocated.size = 16384 (custom)
2019-08-30 03:52:02,662 [pool-499-thread-1] INFO  server.RaftServerConfigKeys (ConfUtils.java:logGet(43)) - raft.server.log.write.buffer.size = 33554432 (custom)
2019-08-30 03:52:02,662 [pool-499-thread-1] INFO  server.RaftServerConfigKeys (ConfUtils.java:logGet(43)) - raft.server.log.force.sync.num = 128 (default)
2019-08-30 03:52:02,662 [pool-499-thread-1] INFO  server.RaftServerConfigKeys (ConfUtils.java:logGet(43)) - raft.server.log.statemachine.data.sync = true (default)
2019-08-30 03:52:02,662 [pool-499-thread-1] INFO  server.RaftServerConfigKeys (ConfUtils.java:logGet(43)) - raft.server.log.statemachine.data.sync.timeout = 10s (default)
2019-08-30 03:52:02,662 [pool-499-thread-1] INFO  server.RaftServerConfigKeys (ConfUtils.java:logGet(43)) - raft.server.log.statemachine.data.sync.timeout.retry = -1 (default)
2019-08-30 03:52:02,663 [pool-499-thread-1] INFO  server.RaftServerConfigKeys (ConfUtils.java:logGet(43)) - raft.server.log.statemachine.data.caching.enabled = true (custom)
2019-08-30 03:52:02,663 [pool-499-thread-1] INFO  segmented.SegmentedRaftLogWorker (SegmentedRaftLogWorker.java:lambda$new$0(132)) - 05e7d200-5199-4ca5-931c-a5057568ec42-SegmentedRaftLogWorker:Storage Directory /workdir/hadoop-ozone/integration-test/target/test-dir/MiniOzoneClusterImpl-55f3577b-d091-4ab9-9685-f42e74419794/datanode-0/data/ratis/de087564-31a5-4f91-9bc3-2e4efa1c4802: flushIndex: setUnconditionally 0 -> -1
2019-08-30 03:52:02,663 [pool-499-thread-1] INFO  server.RaftServerConfigKeys (ConfUtils.java:logGet(43)) - raft.server.snapshot.auto.trigger.enabled = true (custom)
2019-08-30 03:52:02,664 [pool-499-thread-1] INFO  server.RaftServerConfigKeys (ConfUtils.java:logGet(43)) - raft.server.snapshot.auto.trigger.threshold = 10000 (custom)
2019-08-30 03:52:02,664 [pool-499-thread-1] INFO  server.RaftServerConfigKeys (ConfUtils.java:logGet(43)) - raft.server.retrycache.expirytime = 600000ms (custom)
2019-08-30 03:52:02,664 [pool-499-thread-1] INFO  impl.RaftServerImpl (RaftServerImpl.java:start(180)) - 05e7d200-5199-4ca5-931c-a5057568ec42: start group-2E4EFA1C4802
2019-08-30 03:52:02,664 [pool-499-thread-1] INFO  impl.RaftServerImpl (RaftServerImpl.java:setRole(171)) - 05e7d200-5199-4ca5-931c-a5057568ec42:group-2E4EFA1C4802 changes role from null to FOLLOWER at term 0 for startAsFollower
2019-08-30 03:52:02,665 [pool-499-thread-1] INFO  impl.RoleInfo (RoleInfo.java:updateAndGet(143)) - 05e7d200-5199-4ca5-931c-a5057568ec42: start FollowerState
2019-08-30 03:52:02,665 [pool-499-thread-1] INFO  util.JmxRegister (JmxRegister.java:tryRegister(44)) - Successfully registered JMX Bean with object name Ratis:service=RaftServer,group=group-2E4EFA1C4802,id=05e7d200-5199-4ca5-931c-a5057568ec42
2019-08-30 03:52:02,668 [RatisPipelineUtilsThread] INFO  pipeline.PipelineStateManager (PipelineStateManager.java:addPipeline(56)) - Created pipeline Pipeline[ Id: de087564-31a5-4f91-9bc3-2e4efa1c4802, Nodes: 05e7d200-5199-4ca5-931c-a5057568ec42{ip: 192.168.157.199, host: pr-hdds-2057-gndl4-2748649462, networkLocation: /default-rack, certSerialId: null}, Type:RATIS, Factor:ONE, State:OPEN]
2019-08-30 03:52:02,669 [IPC Server handler 2 on 36292] INFO  net.NetworkTopology (NetworkTopologyImpl.java:add(110)) - Added a new node: /default-rack/ee201a4f-0c90-4d0b-960f-697ba0938c35
2019-08-30 03:52:02,669 [IPC Server handler 2 on 36292] INFO  node.SCMNodeManager (SCMNodeManager.java:register(273)) - Registered Data node : ee201a4f-0c90-4d0b-960f-697ba0938c35{ip: 192.168.157.199, host: pr-hdds-2057-gndl4-2748649462, networkLocation: /default-rack, certSerialId: null}
2019-08-30 03:52:02,669 | INFO  | SCMAudit | user=jenkins1000 | ip=192.168.157.199 | op=REGISTER {datanodeDetails=ee201a4f-0c90-4d0b-960f-697ba0938c35{ip: 192.168.157.199, host: pr-hdds-2057-gndl4-2748649462, networkLocation: /default-rack, certSerialId: null}} | ret=SUCCESS |  
2019-08-30 03:52:02,676 [grpc-default-executor-7] INFO  impl.RaftServerProxy (RaftServerProxy.java:addNew(89)) - ee201a4f-0c90-4d0b-960f-697ba0938c35: addNew group-A1F8C0F85BAA:[ee201a4f-0c90-4d0b-960f-697ba0938c35:192.168.157.199:37056] returns group-A1F8C0F85BAA:java.util.concurrent.CompletableFuture@54d68971[Not completed]
2019-08-30 03:52:02,677 [pool-509-thread-1] INFO  impl.RaftServerImpl (RaftServerImpl.java:<init>(93)) - ee201a4f-0c90-4d0b-960f-697ba0938c35: new RaftServerImpl for group-A1F8C0F85BAA:[ee201a4f-0c90-4d0b-960f-697ba0938c35:192.168.157.199:37056] with ContainerStateMachine:uninitialized
2019-08-30 03:52:02,677 [pool-509-thread-1] INFO  server.RaftServerConfigKeys (ConfUtils.java:logGet(43)) - raft.server.rpc.timeout.min = 5s (custom)
2019-08-30 03:52:02,677 [pool-509-thread-1] INFO  server.RaftServerConfigKeys (ConfUtils.java:logGet(43)) - raft.server.rpc.timeout.max = 5200ms (custom)
2019-08-30 03:52:02,678 [pool-509-thread-1] INFO  server.RaftServerConfigKeys (ConfUtils.java:logGet(43)) - raft.server.rpcslowness.timeout = 120s (custom)
2019-08-30 03:52:02,678 [pool-509-thread-1] INFO  server.RaftServerConfigKeys (ConfUtils.java:logGet(43)) - raft.server.sleep.deviation.threshold = 300 (default)
2019-08-30 03:52:02,678 [pool-509-thread-1] INFO  server.RaftServerConfigKeys (ConfUtils.java:logGet(43)) - raft.server.log.appender.install.snapshot.enabled = false (custom)
2019-08-30 03:52:02,678 [pool-509-thread-1] INFO  impl.RaftServerImpl (ServerState.java:<init>(105)) - ee201a4f-0c90-4d0b-960f-697ba0938c35:group-A1F8C0F85BAA ConfigurationManager, init=-1: [ee201a4f-0c90-4d0b-960f-697ba0938c35:192.168.157.199:37056], old=null, confs=<EMPTY_MAP>
2019-08-30 03:52:02,678 [pool-509-thread-1] INFO  server.RaftServerConfigKeys (ConfUtils.java:logGet(43)) - raft.server.storage.dir = [/workdir/hadoop-ozone/integration-test/target/test-dir/MiniOzoneClusterImpl-55f3577b-d091-4ab9-9685-f42e74419794/datanode-1/data/ratis] (custom)
2019-08-30 03:52:02,679 [pool-509-thread-1] INFO  storage.RaftStorageDirectory (RaftStorageDirectory.java:analyzeStorage(246)) - The storage directory /workdir/hadoop-ozone/integration-test/target/test-dir/MiniOzoneClusterImpl-55f3577b-d091-4ab9-9685-f42e74419794/datanode-1/data/ratis/d5b3eecd-9852-49b9-80d3-a1f8c0f85baa does not exist. Creating ...
2019-08-30 03:52:02,691 [pool-509-thread-1] INFO  storage.RaftStorageDirectory (RaftStorageDirectory.java:tryLock(328)) - Lock on /workdir/hadoop-ozone/integration-test/target/test-dir/MiniOzoneClusterImpl-55f3577b-d091-4ab9-9685-f42e74419794/datanode-1/data/ratis/d5b3eecd-9852-49b9-80d3-a1f8c0f85baa/in_use.lock acquired by nodename 4854@pr-hdds-2057-gndl4-2748649462
2019-08-30 03:52:02,704 [pool-509-thread-1] INFO  storage.RaftStorage (RaftStorage.java:format(72)) - Storage directory /workdir/hadoop-ozone/integration-test/target/test-dir/MiniOzoneClusterImpl-55f3577b-d091-4ab9-9685-f42e74419794/datanode-1/data/ratis/d5b3eecd-9852-49b9-80d3-a1f8c0f85baa has been successfully formatted.
2019-08-30 03:52:02,705 [pool-509-thread-1] INFO  ratis.ContainerStateMachine (ContainerStateMachine.java:loadSnapshot(227)) - group-A1F8C0F85BAA: The snapshot info is null. Setting the last applied indexto:(t:0, i:~)
2019-08-30 03:52:02,705 [pool-509-thread-1] INFO  server.RaftServerConfigKeys (ConfUtils.java:logGet(43)) - raft.server.leader.election.timeout = 120s (custom)
2019-08-30 03:52:02,705 [pool-509-thread-1] INFO  server.RaftServerConfigKeys (ConfUtils.java:logGet(43)) - raft.server.log.use.memory = false (default)
2019-08-30 03:52:02,705 [pool-509-thread-1] INFO  server.RaftServerConfigKeys (ConfUtils.java:logGet(43)) - raft.server.log.purge.gap = 1000000 (custom)
2019-08-30 03:52:02,705 [pool-509-thread-1] INFO  server.RaftServerConfigKeys (ConfUtils.java:logGet(43)) - raft.server.log.appender.buffer.byte-limit = 33554432 (custom)
2019-08-30 03:52:02,706 [pool-509-thread-1] INFO  server.RaftServerConfigKeys (ConfUtils.java:logGet(43)) - raft.server.log.segment.size.max = 1048576 (custom)
2019-08-30 03:52:02,706 [pool-509-thread-1] INFO  server.RaftServerConfigKeys (ConfUtils.java:logGet(43)) - raft.server.log.segment.cache.num.max = 2 (custom)
2019-08-30 03:52:02,706 [pool-509-thread-1] INFO  segmented.SegmentedRaftLogWorker (SegmentedRaftLogWorker.java:<init>(172)) - new ee201a4f-0c90-4d0b-960f-697ba0938c35-SegmentedRaftLogWorker:Storage Directory /workdir/hadoop-ozone/integration-test/target/test-dir/MiniOzoneClusterImpl-55f3577b-d091-4ab9-9685-f42e74419794/datanode-1/data/ratis/d5b3eecd-9852-49b9-80d3-a1f8c0f85baa for RaftStorage:Storage Directory /workdir/hadoop-ozone/integration-test/target/test-dir/MiniOzoneClusterImpl-55f3577b-d091-4ab9-9685-f42e74419794/datanode-1/data/ratis/d5b3eecd-9852-49b9-80d3-a1f8c0f85baa
2019-08-30 03:52:02,706 [pool-509-thread-1] INFO  server.RaftServerConfigKeys (ConfUtils.java:logGet(43)) - raft.server.log.queue.byte-limit = 2147483647 (custom)
2019-08-30 03:52:02,706 [pool-509-thread-1] INFO  server.RaftServerConfigKeys (ConfUtils.java:logGet(43)) - raft.server.log.queue.element-limit = 1024 (custom)
2019-08-30 03:52:02,706 [pool-509-thread-1] INFO  server.RaftServerConfigKeys (ConfUtils.java:logGet(43)) - raft.server.log.segment.size.max = 1048576 (custom)
2019-08-30 03:52:02,707 [pool-509-thread-1] INFO  server.RaftServerConfigKeys (ConfUtils.java:logGet(43)) - raft.server.log.preallocated.size = 16384 (custom)
2019-08-30 03:52:02,707 [pool-509-thread-1] INFO  server.RaftServerConfigKeys (ConfUtils.java:logGet(43)) - raft.server.log.write.buffer.size = 33554432 (custom)
2019-08-30 03:52:02,707 [pool-509-thread-1] INFO  server.RaftServerConfigKeys (ConfUtils.java:logGet(43)) - raft.server.log.force.sync.num = 128 (default)
2019-08-30 03:52:02,707 [pool-509-thread-1] INFO  server.RaftServerConfigKeys (ConfUtils.java:logGet(43)) - raft.server.log.statemachine.data.sync = true (default)
2019-08-30 03:52:02,707 [pool-509-thread-1] INFO  server.RaftServerConfigKeys (ConfUtils.java:logGet(43)) - raft.server.log.statemachine.data.sync.timeout = 10s (default)
2019-08-30 03:52:02,707 [pool-509-thread-1] INFO  server.RaftServerConfigKeys (ConfUtils.java:logGet(43)) - raft.server.log.statemachine.data.sync.timeout.retry = -1 (default)
2019-08-30 03:52:02,708 [pool-509-thread-1] INFO  server.RaftServerConfigKeys (ConfUtils.java:logGet(43)) - raft.server.log.statemachine.data.caching.enabled = true (custom)
2019-08-30 03:52:02,708 [pool-509-thread-1] INFO  segmented.SegmentedRaftLogWorker (SegmentedRaftLogWorker.java:lambda$new$0(132)) - ee201a4f-0c90-4d0b-960f-697ba0938c35-SegmentedRaftLogWorker:Storage Directory /workdir/hadoop-ozone/integration-test/target/test-dir/MiniOzoneClusterImpl-55f3577b-d091-4ab9-9685-f42e74419794/datanode-1/data/ratis/d5b3eecd-9852-49b9-80d3-a1f8c0f85baa: flushIndex: setUnconditionally 0 -> -1
2019-08-30 03:52:02,708 [pool-509-thread-1] INFO  server.RaftServerConfigKeys (ConfUtils.java:logGet(43)) - raft.server.snapshot.auto.trigger.enabled = true (custom)
2019-08-30 03:52:02,708 [pool-509-thread-1] INFO  server.RaftServerConfigKeys (ConfUtils.java:logGet(43)) - raft.server.snapshot.auto.trigger.threshold = 10000 (custom)
2019-08-30 03:52:02,709 [pool-509-thread-1] INFO  server.RaftServerConfigKeys (ConfUtils.java:logGet(43)) - raft.server.retrycache.expirytime = 600000ms (custom)
2019-08-30 03:52:02,709 [pool-509-thread-1] INFO  impl.RaftServerImpl (RaftServerImpl.java:start(180)) - ee201a4f-0c90-4d0b-960f-697ba0938c35: start group-A1F8C0F85BAA
2019-08-30 03:52:02,709 [pool-509-thread-1] INFO  impl.RaftServerImpl (RaftServerImpl.java:setRole(171)) - ee201a4f-0c90-4d0b-960f-697ba0938c35:group-A1F8C0F85BAA changes role from null to FOLLOWER at term 0 for startAsFollower
2019-08-30 03:52:02,709 [pool-509-thread-1] INFO  impl.RoleInfo (RoleInfo.java:updateAndGet(143)) - ee201a4f-0c90-4d0b-960f-697ba0938c35: start FollowerState
2019-08-30 03:52:02,710 [pool-509-thread-1] INFO  util.JmxRegister (JmxRegister.java:tryRegister(44)) - Successfully registered JMX Bean with object name Ratis:service=RaftServer,group=group-A1F8C0F85BAA,id=ee201a4f-0c90-4d0b-960f-697ba0938c35
2019-08-30 03:52:02,712 [RatisPipelineUtilsThread] INFO  pipeline.PipelineStateManager (PipelineStateManager.java:addPipeline(56)) - Created pipeline Pipeline[ Id: d5b3eecd-9852-49b9-80d3-a1f8c0f85baa, Nodes: ee201a4f-0c90-4d0b-960f-697ba0938c35{ip: 192.168.157.199, host: pr-hdds-2057-gndl4-2748649462, networkLocation: /default-rack, certSerialId: null}, Type:RATIS, Factor:ONE, State:OPEN]
2019-08-30 03:52:02,732 [IPC Server handler 3 on 36292] INFO  net.NetworkTopology (NetworkTopologyImpl.java:add(110)) - Added a new node: /default-rack/27d43df4-a2f1-4425-a17f-ad30e0ce4398
2019-08-30 03:52:02,732 [IPC Server handler 3 on 36292] INFO  node.SCMNodeManager (SCMNodeManager.java:register(273)) - Registered Data node : 27d43df4-a2f1-4425-a17f-ad30e0ce4398{ip: 192.168.157.199, host: pr-hdds-2057-gndl4-2748649462, networkLocation: /default-rack, certSerialId: null}
2019-08-30 03:52:02,733 | INFO  | SCMAudit | user=jenkins1000 | ip=192.168.157.199 | op=REGISTER {datanodeDetails=27d43df4-a2f1-4425-a17f-ad30e0ce4398{ip: 192.168.157.199, host: pr-hdds-2057-gndl4-2748649462, networkLocation: /default-rack, certSerialId: null}} | ret=SUCCESS |  
2019-08-30 03:52:02,739 [grpc-default-executor-7] INFO  impl.RaftServerProxy (RaftServerProxy.java:addNew(89)) - 27d43df4-a2f1-4425-a17f-ad30e0ce4398: addNew group-74227C7AE7B6:[27d43df4-a2f1-4425-a17f-ad30e0ce4398:192.168.157.199:43070] returns group-74227C7AE7B6:java.util.concurrent.CompletableFuture@da239a1[Not completed]
2019-08-30 03:52:02,741 [pool-519-thread-1] INFO  impl.RaftServerImpl (RaftServerImpl.java:<init>(93)) - 27d43df4-a2f1-4425-a17f-ad30e0ce4398: new RaftServerImpl for group-74227C7AE7B6:[27d43df4-a2f1-4425-a17f-ad30e0ce4398:192.168.157.199:43070] with ContainerStateMachine:uninitialized
2019-08-30 03:52:02,741 [pool-519-thread-1] INFO  server.RaftServerConfigKeys (ConfUtils.java:logGet(43)) - raft.server.rpc.timeout.min = 5s (custom)
2019-08-30 03:52:02,741 [pool-519-thread-1] INFO  server.RaftServerConfigKeys (ConfUtils.java:logGet(43)) - raft.server.rpc.timeout.max = 5200ms (custom)
2019-08-30 03:52:02,741 [pool-519-thread-1] INFO  server.RaftServerConfigKeys (ConfUtils.java:logGet(43)) - raft.server.rpcslowness.timeout = 120s (custom)
2019-08-30 03:52:02,741 [pool-519-thread-1] INFO  server.RaftServerConfigKeys (ConfUtils.java:logGet(43)) - raft.server.sleep.deviation.threshold = 300 (default)
2019-08-30 03:52:02,741 [pool-519-thread-1] INFO  server.RaftServerConfigKeys (ConfUtils.java:logGet(43)) - raft.server.log.appender.install.snapshot.enabled = false (custom)
2019-08-30 03:52:02,741 [pool-519-thread-1] INFO  impl.RaftServerImpl (ServerState.java:<init>(105)) - 27d43df4-a2f1-4425-a17f-ad30e0ce4398:group-74227C7AE7B6 ConfigurationManager, init=-1: [27d43df4-a2f1-4425-a17f-ad30e0ce4398:192.168.157.199:43070], old=null, confs=<EMPTY_MAP>
2019-08-30 03:52:02,742 [pool-519-thread-1] INFO  server.RaftServerConfigKeys (ConfUtils.java:logGet(43)) - raft.server.storage.dir = [/workdir/hadoop-ozone/integration-test/target/test-dir/MiniOzoneClusterImpl-55f3577b-d091-4ab9-9685-f42e74419794/datanode-2/data/ratis] (custom)
2019-08-30 03:52:02,742 [pool-519-thread-1] INFO  storage.RaftStorageDirectory (RaftStorageDirectory.java:analyzeStorage(246)) - The storage directory /workdir/hadoop-ozone/integration-test/target/test-dir/MiniOzoneClusterImpl-55f3577b-d091-4ab9-9685-f42e74419794/datanode-2/data/ratis/5ef709b4-4bf2-4bae-8312-74227c7ae7b6 does not exist. Creating ...
2019-08-30 03:52:02,755 [pool-519-thread-1] INFO  storage.RaftStorageDirectory (RaftStorageDirectory.java:tryLock(328)) - Lock on /workdir/hadoop-ozone/integration-test/target/test-dir/MiniOzoneClusterImpl-55f3577b-d091-4ab9-9685-f42e74419794/datanode-2/data/ratis/5ef709b4-4bf2-4bae-8312-74227c7ae7b6/in_use.lock acquired by nodename 4854@pr-hdds-2057-gndl4-2748649462
2019-08-30 03:52:02,768 [pool-519-thread-1] INFO  storage.RaftStorage (RaftStorage.java:format(72)) - Storage directory /workdir/hadoop-ozone/integration-test/target/test-dir/MiniOzoneClusterImpl-55f3577b-d091-4ab9-9685-f42e74419794/datanode-2/data/ratis/5ef709b4-4bf2-4bae-8312-74227c7ae7b6 has been successfully formatted.
2019-08-30 03:52:02,768 [pool-519-thread-1] INFO  ratis.ContainerStateMachine (ContainerStateMachine.java:loadSnapshot(227)) - group-74227C7AE7B6: The snapshot info is null. Setting the last applied indexto:(t:0, i:~)
2019-08-30 03:52:02,769 [pool-519-thread-1] INFO  server.RaftServerConfigKeys (ConfUtils.java:logGet(43)) - raft.server.leader.election.timeout = 120s (custom)
2019-08-30 03:52:02,769 [pool-519-thread-1] INFO  server.RaftServerConfigKeys (ConfUtils.java:logGet(43)) - raft.server.log.use.memory = false (default)
2019-08-30 03:52:02,769 [pool-519-thread-1] INFO  server.RaftServerConfigKeys (ConfUtils.java:logGet(43)) - raft.server.log.purge.gap = 1000000 (custom)
2019-08-30 03:52:02,769 [pool-519-thread-1] INFO  server.RaftServerConfigKeys (ConfUtils.java:logGet(43)) - raft.server.log.appender.buffer.byte-limit = 33554432 (custom)
2019-08-30 03:52:02,769 [pool-519-thread-1] INFO  server.RaftServerConfigKeys (ConfUtils.java:logGet(43)) - raft.server.log.segment.size.max = 1048576 (custom)
2019-08-30 03:52:02,769 [pool-519-thread-1] INFO  server.RaftServerConfigKeys (ConfUtils.java:logGet(43)) - raft.server.log.segment.cache.num.max = 2 (custom)
2019-08-30 03:52:02,770 [pool-519-thread-1] INFO  segmented.SegmentedRaftLogWorker (SegmentedRaftLogWorker.java:<init>(172)) - new 27d43df4-a2f1-4425-a17f-ad30e0ce4398-SegmentedRaftLogWorker:Storage Directory /workdir/hadoop-ozone/integration-test/target/test-dir/MiniOzoneClusterImpl-55f3577b-d091-4ab9-9685-f42e74419794/datanode-2/data/ratis/5ef709b4-4bf2-4bae-8312-74227c7ae7b6 for RaftStorage:Storage Directory /workdir/hadoop-ozone/integration-test/target/test-dir/MiniOzoneClusterImpl-55f3577b-d091-4ab9-9685-f42e74419794/datanode-2/data/ratis/5ef709b4-4bf2-4bae-8312-74227c7ae7b6
2019-08-30 03:52:02,770 [pool-519-thread-1] INFO  server.RaftServerConfigKeys (ConfUtils.java:logGet(43)) - raft.server.log.queue.byte-limit = 2147483647 (custom)
2019-08-30 03:52:02,770 [pool-519-thread-1] INFO  server.RaftServerConfigKeys (ConfUtils.java:logGet(43)) - raft.server.log.queue.element-limit = 1024 (custom)
2019-08-30 03:52:02,770 [pool-519-thread-1] INFO  server.RaftServerConfigKeys (ConfUtils.java:logGet(43)) - raft.server.log.segment.size.max = 1048576 (custom)
2019-08-30 03:52:02,770 [pool-519-thread-1] INFO  server.RaftServerConfigKeys (ConfUtils.java:logGet(43)) - raft.server.log.preallocated.size = 16384 (custom)
2019-08-30 03:52:02,771 [pool-519-thread-1] INFO  server.RaftServerConfigKeys (ConfUtils.java:logGet(43)) - raft.server.log.write.buffer.size = 33554432 (custom)
2019-08-30 03:52:02,771 [pool-519-thread-1] INFO  server.RaftServerConfigKeys (ConfUtils.java:logGet(43)) - raft.server.log.force.sync.num = 128 (default)
2019-08-30 03:52:02,771 [pool-519-thread-1] INFO  server.RaftServerConfigKeys (ConfUtils.java:logGet(43)) - raft.server.log.statemachine.data.sync = true (default)
2019-08-30 03:52:02,771 [pool-519-thread-1] INFO  server.RaftServerConfigKeys (ConfUtils.java:logGet(43)) - raft.server.log.statemachine.data.sync.timeout = 10s (default)
2019-08-30 03:52:02,771 [pool-519-thread-1] INFO  server.RaftServerConfigKeys (ConfUtils.java:logGet(43)) - raft.server.log.statemachine.data.sync.timeout.retry = -1 (default)
2019-08-30 03:52:02,772 [pool-519-thread-1] INFO  server.RaftServerConfigKeys (ConfUtils.java:logGet(43)) - raft.server.log.statemachine.data.caching.enabled = true (custom)
2019-08-30 03:52:02,772 [pool-519-thread-1] INFO  segmented.SegmentedRaftLogWorker (SegmentedRaftLogWorker.java:lambda$new$0(132)) - 27d43df4-a2f1-4425-a17f-ad30e0ce4398-SegmentedRaftLogWorker:Storage Directory /workdir/hadoop-ozone/integration-test/target/test-dir/MiniOzoneClusterImpl-55f3577b-d091-4ab9-9685-f42e74419794/datanode-2/data/ratis/5ef709b4-4bf2-4bae-8312-74227c7ae7b6: flushIndex: setUnconditionally 0 -> -1
2019-08-30 03:52:02,772 [pool-519-thread-1] INFO  server.RaftServerConfigKeys (ConfUtils.java:logGet(43)) - raft.server.snapshot.auto.trigger.enabled = true (custom)
2019-08-30 03:52:02,772 [pool-519-thread-1] INFO  server.RaftServerConfigKeys (ConfUtils.java:logGet(43)) - raft.server.snapshot.auto.trigger.threshold = 10000 (custom)
2019-08-30 03:52:02,773 [pool-519-thread-1] INFO  server.RaftServerConfigKeys (ConfUtils.java:logGet(43)) - raft.server.retrycache.expirytime = 600000ms (custom)
2019-08-30 03:52:02,773 [pool-519-thread-1] INFO  impl.RaftServerImpl (RaftServerImpl.java:start(180)) - 27d43df4-a2f1-4425-a17f-ad30e0ce4398: start group-74227C7AE7B6
2019-08-30 03:52:02,773 [pool-519-thread-1] INFO  impl.RaftServerImpl (RaftServerImpl.java:setRole(171)) - 27d43df4-a2f1-4425-a17f-ad30e0ce4398:group-74227C7AE7B6 changes role from null to FOLLOWER at term 0 for startAsFollower
2019-08-30 03:52:02,773 [pool-519-thread-1] INFO  impl.RoleInfo (RoleInfo.java:updateAndGet(143)) - 27d43df4-a2f1-4425-a17f-ad30e0ce4398: start FollowerState
2019-08-30 03:52:02,774 [pool-519-thread-1] INFO  util.JmxRegister (JmxRegister.java:tryRegister(44)) - Successfully registered JMX Bean with object name Ratis:service=RaftServer,group=group-74227C7AE7B6,id=27d43df4-a2f1-4425-a17f-ad30e0ce4398
2019-08-30 03:52:02,776 [RatisPipelineUtilsThread] INFO  pipeline.PipelineStateManager (PipelineStateManager.java:addPipeline(56)) - Created pipeline Pipeline[ Id: 5ef709b4-4bf2-4bae-8312-74227c7ae7b6, Nodes: 27d43df4-a2f1-4425-a17f-ad30e0ce4398{ip: 192.168.157.199, host: pr-hdds-2057-gndl4-2748649462, networkLocation: /default-rack, certSerialId: null}, Type:RATIS, Factor:ONE, State:OPEN]
2019-08-30 03:52:02,786 [grpc-default-executor-5] INFO  impl.RaftServerProxy (RaftServerProxy.java:addNew(89)) - 05e7d200-5199-4ca5-931c-a5057568ec42: addNew group-AAC21FB918B8:[05e7d200-5199-4ca5-931c-a5057568ec42:192.168.157.199:39559, ee201a4f-0c90-4d0b-960f-697ba0938c35:192.168.157.199:37056, 27d43df4-a2f1-4425-a17f-ad30e0ce4398:192.168.157.199:43070] returns group-AAC21FB918B8:java.util.concurrent.CompletableFuture@bab9c7a[Not completed]
2019-08-30 03:52:02,787 [grpc-default-executor-5] INFO  impl.RaftServerProxy (RaftServerProxy.java:addNew(89)) - 27d43df4-a2f1-4425-a17f-ad30e0ce4398: addNew group-AAC21FB918B8:[05e7d200-5199-4ca5-931c-a5057568ec42:192.168.157.199:39559, ee201a4f-0c90-4d0b-960f-697ba0938c35:192.168.157.199:37056, 27d43df4-a2f1-4425-a17f-ad30e0ce4398:192.168.157.199:43070] returns group-AAC21FB918B8:java.util.concurrent.CompletableFuture@df9e0[Not completed]
2019-08-30 03:52:02,788 [pool-499-thread-1] INFO  impl.RaftServerImpl (RaftServerImpl.java:<init>(93)) - 05e7d200-5199-4ca5-931c-a5057568ec42: new RaftServerImpl for group-AAC21FB918B8:[05e7d200-5199-4ca5-931c-a5057568ec42:192.168.157.199:39559, ee201a4f-0c90-4d0b-960f-697ba0938c35:192.168.157.199:37056, 27d43df4-a2f1-4425-a17f-ad30e0ce4398:192.168.157.199:43070] with ContainerStateMachine:uninitialized
2019-08-30 03:52:02,788 [pool-499-thread-1] INFO  server.RaftServerConfigKeys (ConfUtils.java:logGet(43)) - raft.server.rpc.timeout.min = 5s (custom)
2019-08-30 03:52:02,788 [grpc-default-executor-3] INFO  impl.RaftServerProxy (RaftServerProxy.java:addNew(89)) - ee201a4f-0c90-4d0b-960f-697ba0938c35: addNew group-AAC21FB918B8:[05e7d200-5199-4ca5-931c-a5057568ec42:192.168.157.199:39559, ee201a4f-0c90-4d0b-960f-697ba0938c35:192.168.157.199:37056, 27d43df4-a2f1-4425-a17f-ad30e0ce4398:192.168.157.199:43070] returns group-AAC21FB918B8:java.util.concurrent.CompletableFuture@619821f8[Not completed]
2019-08-30 03:52:02,788 [pool-499-thread-1] INFO  server.RaftServerConfigKeys (ConfUtils.java:logGet(43)) - raft.server.rpc.timeout.max = 5200ms (custom)
2019-08-30 03:52:02,789 [pool-499-thread-1] INFO  server.RaftServerConfigKeys (ConfUtils.java:logGet(43)) - raft.server.rpcslowness.timeout = 120s (custom)
2019-08-30 03:52:02,789 [pool-499-thread-1] INFO  server.RaftServerConfigKeys (ConfUtils.java:logGet(43)) - raft.server.sleep.deviation.threshold = 300 (default)
2019-08-30 03:52:02,789 [pool-499-thread-1] INFO  server.RaftServerConfigKeys (ConfUtils.java:logGet(43)) - raft.server.log.appender.install.snapshot.enabled = false (custom)
2019-08-30 03:52:02,789 [pool-519-thread-1] INFO  impl.RaftServerImpl (RaftServerImpl.java:<init>(93)) - 27d43df4-a2f1-4425-a17f-ad30e0ce4398: new RaftServerImpl for group-AAC21FB918B8:[05e7d200-5199-4ca5-931c-a5057568ec42:192.168.157.199:39559, ee201a4f-0c90-4d0b-960f-697ba0938c35:192.168.157.199:37056, 27d43df4-a2f1-4425-a17f-ad30e0ce4398:192.168.157.199:43070] with ContainerStateMachine:uninitialized
2019-08-30 03:52:02,789 [pool-499-thread-1] INFO  impl.RaftServerImpl (ServerState.java:<init>(105)) - 05e7d200-5199-4ca5-931c-a5057568ec42:group-AAC21FB918B8 ConfigurationManager, init=-1: [05e7d200-5199-4ca5-931c-a5057568ec42:192.168.157.199:39559, ee201a4f-0c90-4d0b-960f-697ba0938c35:192.168.157.199:37056, 27d43df4-a2f1-4425-a17f-ad30e0ce4398:192.168.157.199:43070], old=null, confs=<EMPTY_MAP>
2019-08-30 03:52:02,789 [pool-519-thread-1] INFO  server.RaftServerConfigKeys (ConfUtils.java:logGet(43)) - raft.server.rpc.timeout.min = 5s (custom)
2019-08-30 03:52:02,789 [pool-499-thread-1] INFO  server.RaftServerConfigKeys (ConfUtils.java:logGet(43)) - raft.server.storage.dir = [/workdir/hadoop-ozone/integration-test/target/test-dir/MiniOzoneClusterImpl-55f3577b-d091-4ab9-9685-f42e74419794/datanode-0/data/ratis] (custom)
2019-08-30 03:52:02,789 [pool-509-thread-1] INFO  impl.RaftServerImpl (RaftServerImpl.java:<init>(93)) - ee201a4f-0c90-4d0b-960f-697ba0938c35: new RaftServerImpl for group-AAC21FB918B8:[05e7d200-5199-4ca5-931c-a5057568ec42:192.168.157.199:39559, ee201a4f-0c90-4d0b-960f-697ba0938c35:192.168.157.199:37056, 27d43df4-a2f1-4425-a17f-ad30e0ce4398:192.168.157.199:43070] with ContainerStateMachine:uninitialized
2019-08-30 03:52:02,789 [pool-519-thread-1] INFO  server.RaftServerConfigKeys (ConfUtils.java:logGet(43)) - raft.server.rpc.timeout.max = 5200ms (custom)
2019-08-30 03:52:02,790 [pool-509-thread-1] INFO  server.RaftServerConfigKeys (ConfUtils.java:logGet(43)) - raft.server.rpc.timeout.min = 5s (custom)
2019-08-30 03:52:02,790 [pool-499-thread-1] INFO  storage.RaftStorageDirectory (RaftStorageDirectory.java:analyzeStorage(246)) - The storage directory /workdir/hadoop-ozone/integration-test/target/test-dir/MiniOzoneClusterImpl-55f3577b-d091-4ab9-9685-f42e74419794/datanode-0/data/ratis/5c40857d-e661-4224-8faf-aac21fb918b8 does not exist. Creating ...
2019-08-30 03:52:02,790 [pool-519-thread-1] INFO  server.RaftServerConfigKeys (ConfUtils.java:logGet(43)) - raft.server.rpcslowness.timeout = 120s (custom)
2019-08-30 03:52:02,790 [pool-509-thread-1] INFO  server.RaftServerConfigKeys (ConfUtils.java:logGet(43)) - raft.server.rpc.timeout.max = 5200ms (custom)
2019-08-30 03:52:02,790 [pool-519-thread-1] INFO  server.RaftServerConfigKeys (ConfUtils.java:logGet(43)) - raft.server.sleep.deviation.threshold = 300 (default)
2019-08-30 03:52:02,791 [pool-509-thread-1] INFO  server.RaftServerConfigKeys (ConfUtils.java:logGet(43)) - raft.server.rpcslowness.timeout = 120s (custom)
2019-08-30 03:52:02,791 [pool-519-thread-1] INFO  server.RaftServerConfigKeys (ConfUtils.java:logGet(43)) - raft.server.log.appender.install.snapshot.enabled = false (custom)
2019-08-30 03:52:02,791 [pool-509-thread-1] INFO  server.RaftServerConfigKeys (ConfUtils.java:logGet(43)) - raft.server.sleep.deviation.threshold = 300 (default)
2019-08-30 03:52:02,791 [pool-519-thread-1] INFO  impl.RaftServerImpl (ServerState.java:<init>(105)) - 27d43df4-a2f1-4425-a17f-ad30e0ce4398:group-AAC21FB918B8 ConfigurationManager, init=-1: [05e7d200-5199-4ca5-931c-a5057568ec42:192.168.157.199:39559, ee201a4f-0c90-4d0b-960f-697ba0938c35:192.168.157.199:37056, 27d43df4-a2f1-4425-a17f-ad30e0ce4398:192.168.157.199:43070], old=null, confs=<EMPTY_MAP>
2019-08-30 03:52:02,791 [pool-509-thread-1] INFO  server.RaftServerConfigKeys (ConfUtils.java:logGet(43)) - raft.server.log.appender.install.snapshot.enabled = false (custom)
2019-08-30 03:52:02,791 [pool-519-thread-1] INFO  server.RaftServerConfigKeys (ConfUtils.java:logGet(43)) - raft.server.storage.dir = [/workdir/hadoop-ozone/integration-test/target/test-dir/MiniOzoneClusterImpl-55f3577b-d091-4ab9-9685-f42e74419794/datanode-2/data/ratis] (custom)
2019-08-30 03:52:02,791 [pool-509-thread-1] INFO  impl.RaftServerImpl (ServerState.java:<init>(105)) - ee201a4f-0c90-4d0b-960f-697ba0938c35:group-AAC21FB918B8 ConfigurationManager, init=-1: [05e7d200-5199-4ca5-931c-a5057568ec42:192.168.157.199:39559, ee201a4f-0c90-4d0b-960f-697ba0938c35:192.168.157.199:37056, 27d43df4-a2f1-4425-a17f-ad30e0ce4398:192.168.157.199:43070], old=null, confs=<EMPTY_MAP>
2019-08-30 03:52:02,792 [pool-509-thread-1] INFO  server.RaftServerConfigKeys (ConfUtils.java:logGet(43)) - raft.server.storage.dir = [/workdir/hadoop-ozone/integration-test/target/test-dir/MiniOzoneClusterImpl-55f3577b-d091-4ab9-9685-f42e74419794/datanode-1/data/ratis] (custom)
2019-08-30 03:52:02,792 [pool-519-thread-1] INFO  storage.RaftStorageDirectory (RaftStorageDirectory.java:analyzeStorage(246)) - The storage directory /workdir/hadoop-ozone/integration-test/target/test-dir/MiniOzoneClusterImpl-55f3577b-d091-4ab9-9685-f42e74419794/datanode-2/data/ratis/5c40857d-e661-4224-8faf-aac21fb918b8 does not exist. Creating ...
2019-08-30 03:52:02,792 [pool-509-thread-1] INFO  storage.RaftStorageDirectory (RaftStorageDirectory.java:analyzeStorage(246)) - The storage directory /workdir/hadoop-ozone/integration-test/target/test-dir/MiniOzoneClusterImpl-55f3577b-d091-4ab9-9685-f42e74419794/datanode-1/data/ratis/5c40857d-e661-4224-8faf-aac21fb918b8 does not exist. Creating ...
2019-08-30 03:52:02,796 [IPC Server handler 4 on 36292] INFO  net.NetworkTopology (NetworkTopologyImpl.java:add(110)) - Added a new node: /default-rack/d0043b8f-59eb-4c5c-80f3-5a4bc9982bd5
2019-08-30 03:52:02,797 [IPC Server handler 4 on 36292] INFO  node.SCMNodeManager (SCMNodeManager.java:register(273)) - Registered Data node : d0043b8f-59eb-4c5c-80f3-5a4bc9982bd5{ip: 192.168.157.199, host: pr-hdds-2057-gndl4-2748649462, networkLocation: /default-rack, certSerialId: null}
2019-08-30 03:52:02,797 | INFO  | SCMAudit | user=jenkins1000 | ip=192.168.157.199 | op=REGISTER {datanodeDetails=d0043b8f-59eb-4c5c-80f3-5a4bc9982bd5{ip: 192.168.157.199, host: pr-hdds-2057-gndl4-2748649462, networkLocation: /default-rack, certSerialId: null}} | ret=SUCCESS |  
2019-08-30 03:52:02,816 [pool-509-thread-1] INFO  storage.RaftStorageDirectory (RaftStorageDirectory.java:tryLock(328)) - Lock on /workdir/hadoop-ozone/integration-test/target/test-dir/MiniOzoneClusterImpl-55f3577b-d091-4ab9-9685-f42e74419794/datanode-1/data/ratis/5c40857d-e661-4224-8faf-aac21fb918b8/in_use.lock acquired by nodename 4854@pr-hdds-2057-gndl4-2748649462
2019-08-30 03:52:02,816 [pool-499-thread-1] INFO  storage.RaftStorageDirectory (RaftStorageDirectory.java:tryLock(328)) - Lock on /workdir/hadoop-ozone/integration-test/target/test-dir/MiniOzoneClusterImpl-55f3577b-d091-4ab9-9685-f42e74419794/datanode-0/data/ratis/5c40857d-e661-4224-8faf-aac21fb918b8/in_use.lock acquired by nodename 4854@pr-hdds-2057-gndl4-2748649462
2019-08-30 03:52:02,816 [pool-519-thread-1] INFO  storage.RaftStorageDirectory (RaftStorageDirectory.java:tryLock(328)) - Lock on /workdir/hadoop-ozone/integration-test/target/test-dir/MiniOzoneClusterImpl-55f3577b-d091-4ab9-9685-f42e74419794/datanode-2/data/ratis/5c40857d-e661-4224-8faf-aac21fb918b8/in_use.lock acquired by nodename 4854@pr-hdds-2057-gndl4-2748649462
2019-08-30 03:52:02,832 [pool-519-thread-1] INFO  storage.RaftStorage (RaftStorage.java:format(72)) - Storage directory /workdir/hadoop-ozone/integration-test/target/test-dir/MiniOzoneClusterImpl-55f3577b-d091-4ab9-9685-f42e74419794/datanode-2/data/ratis/5c40857d-e661-4224-8faf-aac21fb918b8 has been successfully formatted.
2019-08-30 03:52:02,832 [pool-509-thread-1] INFO  storage.RaftStorage (RaftStorage.java:format(72)) - Storage directory /workdir/hadoop-ozone/integration-test/target/test-dir/MiniOzoneClusterImpl-55f3577b-d091-4ab9-9685-f42e74419794/datanode-1/data/ratis/5c40857d-e661-4224-8faf-aac21fb918b8 has been successfully formatted.
2019-08-30 03:52:02,832 [pool-499-thread-1] INFO  storage.RaftStorage (RaftStorage.java:format(72)) - Storage directory /workdir/hadoop-ozone/integration-test/target/test-dir/MiniOzoneClusterImpl-55f3577b-d091-4ab9-9685-f42e74419794/datanode-0/data/ratis/5c40857d-e661-4224-8faf-aac21fb918b8 has been successfully formatted.
2019-08-30 03:52:02,833 [pool-509-thread-1] INFO  ratis.ContainerStateMachine (ContainerStateMachine.java:loadSnapshot(227)) - group-AAC21FB918B8: The snapshot info is null. Setting the last applied indexto:(t:0, i:~)
2019-08-30 03:52:02,833 [pool-519-thread-1] INFO  ratis.ContainerStateMachine (ContainerStateMachine.java:loadSnapshot(227)) - group-AAC21FB918B8: The snapshot info is null. Setting the last applied indexto:(t:0, i:~)
2019-08-30 03:52:02,833 [pool-509-thread-1] INFO  server.RaftServerConfigKeys (ConfUtils.java:logGet(43)) - raft.server.leader.election.timeout = 120s (custom)
2019-08-30 03:52:02,833 [pool-499-thread-1] INFO  ratis.ContainerStateMachine (ContainerStateMachine.java:loadSnapshot(227)) - group-AAC21FB918B8: The snapshot info is null. Setting the last applied indexto:(t:0, i:~)
2019-08-30 03:52:02,833 [pool-509-thread-1] INFO  server.RaftServerConfigKeys (ConfUtils.java:logGet(43)) - raft.server.log.use.memory = false (default)
2019-08-30 03:52:02,833 [pool-519-thread-1] INFO  server.RaftServerConfigKeys (ConfUtils.java:logGet(43)) - raft.server.leader.election.timeout = 120s (custom)
2019-08-30 03:52:02,834 [pool-509-thread-1] INFO  server.RaftServerConfigKeys (ConfUtils.java:logGet(43)) - raft.server.log.purge.gap = 1000000 (custom)
2019-08-30 03:52:02,834 [pool-499-thread-1] INFO  server.RaftServerConfigKeys (ConfUtils.java:logGet(43)) - raft.server.leader.election.timeout = 120s (custom)
2019-08-30 03:52:02,834 [pool-509-thread-1] INFO  server.RaftServerConfigKeys (ConfUtils.java:logGet(43)) - raft.server.log.appender.buffer.byte-limit = 33554432 (custom)
2019-08-30 03:52:02,834 [pool-519-thread-1] INFO  server.RaftServerConfigKeys (ConfUtils.java:logGet(43)) - raft.server.log.use.memory = false (default)
2019-08-30 03:52:02,834 [pool-509-thread-1] INFO  server.RaftServerConfigKeys (ConfUtils.java:logGet(43)) - raft.server.log.segment.size.max = 1048576 (custom)
2019-08-30 03:52:02,834 [pool-499-thread-1] INFO  server.RaftServerConfigKeys (ConfUtils.java:logGet(43)) - raft.server.log.use.memory = false (default)
2019-08-30 03:52:02,835 [pool-509-thread-1] INFO  server.RaftServerConfigKeys (ConfUtils.java:logGet(43)) - raft.server.log.segment.cache.num.max = 2 (custom)
2019-08-30 03:52:02,835 [pool-519-thread-1] INFO  server.RaftServerConfigKeys (ConfUtils.java:logGet(43)) - raft.server.log.purge.gap = 1000000 (custom)
2019-08-30 03:52:02,835 [pool-509-thread-1] INFO  segmented.SegmentedRaftLogWorker (SegmentedRaftLogWorker.java:<init>(172)) - new ee201a4f-0c90-4d0b-960f-697ba0938c35-SegmentedRaftLogWorker:Storage Directory /workdir/hadoop-ozone/integration-test/target/test-dir/MiniOzoneClusterImpl-55f3577b-d091-4ab9-9685-f42e74419794/datanode-1/data/ratis/5c40857d-e661-4224-8faf-aac21fb918b8 for RaftStorage:Storage Directory /workdir/hadoop-ozone/integration-test/target/test-dir/MiniOzoneClusterImpl-55f3577b-d091-4ab9-9685-f42e74419794/datanode-1/data/ratis/5c40857d-e661-4224-8faf-aac21fb918b8
2019-08-30 03:52:02,835 [pool-499-thread-1] INFO  server.RaftServerConfigKeys (ConfUtils.java:logGet(43)) - raft.server.log.purge.gap = 1000000 (custom)
2019-08-30 03:52:02,835 [pool-509-thread-1] INFO  server.RaftServerConfigKeys (ConfUtils.java:logGet(43)) - raft.server.log.queue.byte-limit = 2147483647 (custom)
2019-08-30 03:52:02,835 [pool-519-thread-1] INFO  server.RaftServerConfigKeys (ConfUtils.java:logGet(43)) - raft.server.log.appender.buffer.byte-limit = 33554432 (custom)
2019-08-30 03:52:02,836 [pool-509-thread-1] INFO  server.RaftServerConfigKeys (ConfUtils.java:logGet(43)) - raft.server.log.queue.element-limit = 1024 (custom)
2019-08-30 03:52:02,836 [pool-499-thread-1] INFO  server.RaftServerConfigKeys (ConfUtils.java:logGet(43)) - raft.server.log.appender.buffer.byte-limit = 33554432 (custom)
2019-08-30 03:52:02,836 [pool-509-thread-1] INFO  server.RaftServerConfigKeys (ConfUtils.java:logGet(43)) - raft.server.log.segment.size.max = 1048576 (custom)
2019-08-30 03:52:02,836 [pool-519-thread-1] INFO  server.RaftServerConfigKeys (ConfUtils.java:logGet(43)) - raft.server.log.segment.size.max = 1048576 (custom)
2019-08-30 03:52:02,836 [pool-509-thread-1] INFO  server.RaftServerConfigKeys (ConfUtils.java:logGet(43)) - raft.server.log.preallocated.size = 16384 (custom)
2019-08-30 03:52:02,837 [pool-509-thread-1] INFO  server.RaftServerConfigKeys (ConfUtils.java:logGet(43)) - raft.server.log.write.buffer.size = 33554432 (custom)
2019-08-30 03:52:02,836 [pool-499-thread-1] INFO  server.RaftServerConfigKeys (ConfUtils.java:logGet(43)) - raft.server.log.segment.size.max = 1048576 (custom)
2019-08-30 03:52:02,837 [pool-509-thread-1] INFO  server.RaftServerConfigKeys (ConfUtils.java:logGet(43)) - raft.server.log.force.sync.num = 128 (default)
2019-08-30 03:52:02,837 [pool-509-thread-1] INFO  server.RaftServerConfigKeys (ConfUtils.java:logGet(43)) - raft.server.log.statemachine.data.sync = true (default)
2019-08-30 03:52:02,837 [pool-519-thread-1] INFO  server.RaftServerConfigKeys (ConfUtils.java:logGet(43)) - raft.server.log.segment.cache.num.max = 2 (custom)
2019-08-30 03:52:02,837 [pool-509-thread-1] INFO  server.RaftServerConfigKeys (ConfUtils.java:logGet(43)) - raft.server.log.statemachine.data.sync.timeout = 10s (default)
2019-08-30 03:52:02,838 [pool-509-thread-1] INFO  server.RaftServerConfigKeys (ConfUtils.java:logGet(43)) - raft.server.log.statemachine.data.sync.timeout.retry = -1 (default)
2019-08-30 03:52:02,837 [pool-499-thread-1] INFO  server.RaftServerConfigKeys (ConfUtils.java:logGet(43)) - raft.server.log.segment.cache.num.max = 2 (custom)
2019-08-30 03:52:02,838 [pool-509-thread-1] INFO  server.RaftServerConfigKeys (ConfUtils.java:logGet(43)) - raft.server.log.statemachine.data.caching.enabled = true (custom)
2019-08-30 03:52:02,838 [pool-519-thread-1] INFO  segmented.SegmentedRaftLogWorker (SegmentedRaftLogWorker.java:<init>(172)) - new 27d43df4-a2f1-4425-a17f-ad30e0ce4398-SegmentedRaftLogWorker:Storage Directory /workdir/hadoop-ozone/integration-test/target/test-dir/MiniOzoneClusterImpl-55f3577b-d091-4ab9-9685-f42e74419794/datanode-2/data/ratis/5c40857d-e661-4224-8faf-aac21fb918b8 for RaftStorage:Storage Directory /workdir/hadoop-ozone/integration-test/target/test-dir/MiniOzoneClusterImpl-55f3577b-d091-4ab9-9685-f42e74419794/datanode-2/data/ratis/5c40857d-e661-4224-8faf-aac21fb918b8
2019-08-30 03:52:02,839 [pool-509-thread-1] INFO  segmented.SegmentedRaftLogWorker (SegmentedRaftLogWorker.java:lambda$new$0(132)) - ee201a4f-0c90-4d0b-960f-697ba0938c35-SegmentedRaftLogWorker:Storage Directory /workdir/hadoop-ozone/integration-test/target/test-dir/MiniOzoneClusterImpl-55f3577b-d091-4ab9-9685-f42e74419794/datanode-1/data/ratis/5c40857d-e661-4224-8faf-aac21fb918b8: flushIndex: setUnconditionally 0 -> -1
2019-08-30 03:52:02,838 [pool-499-thread-1] INFO  segmented.SegmentedRaftLogWorker (SegmentedRaftLogWorker.java:<init>(172)) - new 05e7d200-5199-4ca5-931c-a5057568ec42-SegmentedRaftLogWorker:Storage Directory /workdir/hadoop-ozone/integration-test/target/test-dir/MiniOzoneClusterImpl-55f3577b-d091-4ab9-9685-f42e74419794/datanode-0/data/ratis/5c40857d-e661-4224-8faf-aac21fb918b8 for RaftStorage:Storage Directory /workdir/hadoop-ozone/integration-test/target/test-dir/MiniOzoneClusterImpl-55f3577b-d091-4ab9-9685-f42e74419794/datanode-0/data/ratis/5c40857d-e661-4224-8faf-aac21fb918b8
2019-08-30 03:52:02,839 [pool-519-thread-1] INFO  server.RaftServerConfigKeys (ConfUtils.java:logGet(43)) - raft.server.log.queue.byte-limit = 2147483647 (custom)
2019-08-30 03:52:02,839 [pool-509-thread-1] INFO  server.RaftServerConfigKeys (ConfUtils.java:logGet(43)) - raft.server.snapshot.auto.trigger.enabled = true (custom)
2019-08-30 03:52:02,839 [pool-499-thread-1] INFO  server.RaftServerConfigKeys (ConfUtils.java:logGet(43)) - raft.server.log.queue.byte-limit = 2147483647 (custom)
2019-08-30 03:52:02,839 [pool-509-thread-1] INFO  server.RaftServerConfigKeys (ConfUtils.java:logGet(43)) - raft.server.snapshot.auto.trigger.threshold = 10000 (custom)
2019-08-30 03:52:02,839 [pool-519-thread-1] INFO  server.RaftServerConfigKeys (ConfUtils.java:logGet(43)) - raft.server.log.queue.element-limit = 1024 (custom)
2019-08-30 03:52:02,840 [pool-509-thread-1] INFO  server.RaftServerConfigKeys (ConfUtils.java:logGet(43)) - raft.server.retrycache.expirytime = 600000ms (custom)
2019-08-30 03:52:02,840 [pool-499-thread-1] INFO  server.RaftServerConfigKeys (ConfUtils.java:logGet(43)) - raft.server.log.queue.element-limit = 1024 (custom)
2019-08-30 03:52:02,840 [pool-509-thread-1] INFO  impl.RaftServerImpl (RaftServerImpl.java:start(180)) - ee201a4f-0c90-4d0b-960f-697ba0938c35: start group-AAC21FB918B8
2019-08-30 03:52:02,840 [pool-519-thread-1] INFO  server.RaftServerConfigKeys (ConfUtils.java:logGet(43)) - raft.server.log.segment.size.max = 1048576 (custom)
2019-08-30 03:52:02,840 [pool-509-thread-1] INFO  impl.RaftServerImpl (RaftServerImpl.java:setRole(171)) - ee201a4f-0c90-4d0b-960f-697ba0938c35:group-AAC21FB918B8 changes role from null to FOLLOWER at term 0 for startAsFollower
2019-08-30 03:52:02,840 [pool-499-thread-1] INFO  server.RaftServerConfigKeys (ConfUtils.java:logGet(43)) - raft.server.log.segment.size.max = 1048576 (custom)
2019-08-30 03:52:02,841 [pool-509-thread-1] INFO  impl.RoleInfo (RoleInfo.java:updateAndGet(143)) - ee201a4f-0c90-4d0b-960f-697ba0938c35: start FollowerState
2019-08-30 03:52:02,841 [pool-519-thread-1] INFO  server.RaftServerConfigKeys (ConfUtils.java:logGet(43)) - raft.server.log.preallocated.size = 16384 (custom)
2019-08-30 03:52:02,841 [pool-499-thread-1] INFO  server.RaftServerConfigKeys (ConfUtils.java:logGet(43)) - raft.server.log.preallocated.size = 16384 (custom)
2019-08-30 03:52:02,841 [pool-509-thread-1] INFO  util.JmxRegister (JmxRegister.java:tryRegister(44)) - Successfully registered JMX Bean with object name Ratis:service=RaftServer,group=group-AAC21FB918B8,id=ee201a4f-0c90-4d0b-960f-697ba0938c35
2019-08-30 03:52:02,841 [pool-519-thread-1] INFO  server.RaftServerConfigKeys (ConfUtils.java:logGet(43)) - raft.server.log.write.buffer.size = 33554432 (custom)
2019-08-30 03:52:02,841 [pool-499-thread-1] INFO  server.RaftServerConfigKeys (ConfUtils.java:logGet(43)) - raft.server.log.write.buffer.size = 33554432 (custom)
2019-08-30 03:52:02,842 [pool-519-thread-1] INFO  server.RaftServerConfigKeys (ConfUtils.java:logGet(43)) - raft.server.log.force.sync.num = 128 (default)
2019-08-30 03:52:02,842 [pool-499-thread-1] INFO  server.RaftServerConfigKeys (ConfUtils.java:logGet(43)) - raft.server.log.force.sync.num = 128 (default)
2019-08-30 03:52:02,842 [pool-519-thread-1] INFO  server.RaftServerConfigKeys (ConfUtils.java:logGet(43)) - raft.server.log.statemachine.data.sync = true (default)
2019-08-30 03:52:02,842 [pool-499-thread-1] INFO  server.RaftServerConfigKeys (ConfUtils.java:logGet(43)) - raft.server.log.statemachine.data.sync = true (default)
2019-08-30 03:52:02,842 [pool-519-thread-1] INFO  server.RaftServerConfigKeys (ConfUtils.java:logGet(43)) - raft.server.log.statemachine.data.sync.timeout = 10s (default)
2019-08-30 03:52:02,843 [pool-499-thread-1] INFO  server.RaftServerConfigKeys (ConfUtils.java:logGet(43)) - raft.server.log.statemachine.data.sync.timeout = 10s (default)
2019-08-30 03:52:02,843 [pool-519-thread-1] INFO  server.RaftServerConfigKeys (ConfUtils.java:logGet(43)) - raft.server.log.statemachine.data.sync.timeout.retry = -1 (default)
2019-08-30 03:52:02,843 [pool-499-thread-1] INFO  server.RaftServerConfigKeys (ConfUtils.java:logGet(43)) - raft.server.log.statemachine.data.sync.timeout.retry = -1 (default)
2019-08-30 03:52:02,843 [pool-519-thread-1] INFO  server.RaftServerConfigKeys (ConfUtils.java:logGet(43)) - raft.server.log.statemachine.data.caching.enabled = true (custom)
2019-08-30 03:52:02,843 [pool-499-thread-1] INFO  server.RaftServerConfigKeys (ConfUtils.java:logGet(43)) - raft.server.log.statemachine.data.caching.enabled = true (custom)
2019-08-30 03:52:02,844 [pool-519-thread-1] INFO  segmented.SegmentedRaftLogWorker (SegmentedRaftLogWorker.java:lambda$new$0(132)) - 27d43df4-a2f1-4425-a17f-ad30e0ce4398-SegmentedRaftLogWorker:Storage Directory /workdir/hadoop-ozone/integration-test/target/test-dir/MiniOzoneClusterImpl-55f3577b-d091-4ab9-9685-f42e74419794/datanode-2/data/ratis/5c40857d-e661-4224-8faf-aac21fb918b8: flushIndex: setUnconditionally 0 -> -1
2019-08-30 03:52:02,844 [pool-499-thread-1] INFO  segmented.SegmentedRaftLogWorker (SegmentedRaftLogWorker.java:lambda$new$0(132)) - 05e7d200-5199-4ca5-931c-a5057568ec42-SegmentedRaftLogWorker:Storage Directory /workdir/hadoop-ozone/integration-test/target/test-dir/MiniOzoneClusterImpl-55f3577b-d091-4ab9-9685-f42e74419794/datanode-0/data/ratis/5c40857d-e661-4224-8faf-aac21fb918b8: flushIndex: setUnconditionally 0 -> -1
2019-08-30 03:52:02,844 [pool-519-thread-1] INFO  server.RaftServerConfigKeys (ConfUtils.java:logGet(43)) - raft.server.snapshot.auto.trigger.enabled = true (custom)
2019-08-30 03:52:02,844 [pool-499-thread-1] INFO  server.RaftServerConfigKeys (ConfUtils.java:logGet(43)) - raft.server.snapshot.auto.trigger.enabled = true (custom)
2019-08-30 03:52:02,844 [pool-519-thread-1] INFO  server.RaftServerConfigKeys (ConfUtils.java:logGet(43)) - raft.server.snapshot.auto.trigger.threshold = 10000 (custom)
2019-08-30 03:52:02,844 [pool-499-thread-1] INFO  server.RaftServerConfigKeys (ConfUtils.java:logGet(43)) - raft.server.snapshot.auto.trigger.threshold = 10000 (custom)
2019-08-30 03:52:02,845 [pool-519-thread-1] INFO  server.RaftServerConfigKeys (ConfUtils.java:logGet(43)) - raft.server.retrycache.expirytime = 600000ms (custom)
2019-08-30 03:52:02,845 [pool-499-thread-1] INFO  server.RaftServerConfigKeys (ConfUtils.java:logGet(43)) - raft.server.retrycache.expirytime = 600000ms (custom)
2019-08-30 03:52:02,845 [pool-519-thread-1] INFO  impl.RaftServerImpl (RaftServerImpl.java:start(180)) - 27d43df4-a2f1-4425-a17f-ad30e0ce4398: start group-AAC21FB918B8
2019-08-30 03:52:02,845 [pool-499-thread-1] INFO  impl.RaftServerImpl (RaftServerImpl.java:start(180)) - 05e7d200-5199-4ca5-931c-a5057568ec42: start group-AAC21FB918B8
2019-08-30 03:52:02,845 [pool-519-thread-1] INFO  impl.RaftServerImpl (RaftServerImpl.java:setRole(171)) - 27d43df4-a2f1-4425-a17f-ad30e0ce4398:group-AAC21FB918B8 changes role from null to FOLLOWER at term 0 for startAsFollower
2019-08-30 03:52:02,845 [pool-499-thread-1] INFO  impl.RaftServerImpl (RaftServerImpl.java:setRole(171)) - 05e7d200-5199-4ca5-931c-a5057568ec42:group-AAC21FB918B8 changes role from null to FOLLOWER at term 0 for startAsFollower
2019-08-30 03:52:02,845 [pool-519-thread-1] INFO  impl.RoleInfo (RoleInfo.java:updateAndGet(143)) - 27d43df4-a2f1-4425-a17f-ad30e0ce4398: start FollowerState
2019-08-30 03:52:02,846 [pool-499-thread-1] INFO  impl.RoleInfo (RoleInfo.java:updateAndGet(143)) - 05e7d200-5199-4ca5-931c-a5057568ec42: start FollowerState
2019-08-30 03:52:02,846 [pool-519-thread-1] INFO  util.JmxRegister (JmxRegister.java:tryRegister(44)) - Successfully registered JMX Bean with object name Ratis:service=RaftServer,group=group-AAC21FB918B8,id=27d43df4-a2f1-4425-a17f-ad30e0ce4398
2019-08-30 03:52:02,846 [pool-499-thread-1] INFO  util.JmxRegister (JmxRegister.java:tryRegister(44)) - Successfully registered JMX Bean with object name Ratis:service=RaftServer,group=group-AAC21FB918B8,id=05e7d200-5199-4ca5-931c-a5057568ec42
2019-08-30 03:52:02,849 [RatisPipelineUtilsThread] INFO  pipeline.PipelineStateManager (PipelineStateManager.java:addPipeline(56)) - Created pipeline Pipeline[ Id: 5c40857d-e661-4224-8faf-aac21fb918b8, Nodes: ee201a4f-0c90-4d0b-960f-697ba0938c35{ip: 192.168.157.199, host: pr-hdds-2057-gndl4-2748649462, networkLocation: /default-rack, certSerialId: null}05e7d200-5199-4ca5-931c-a5057568ec42{ip: 192.168.157.199, host: pr-hdds-2057-gndl4-2748649462, networkLocation: /default-rack, certSerialId: null}27d43df4-a2f1-4425-a17f-ad30e0ce4398{ip: 192.168.157.199, host: pr-hdds-2057-gndl4-2748649462, networkLocation: /default-rack, certSerialId: null}, Type:RATIS, Factor:THREE, State:OPEN]
2019-08-30 03:52:02,876 [IPC Server handler 5 on 36292] INFO  net.NetworkTopology (NetworkTopologyImpl.java:add(110)) - Added a new node: /default-rack/621705e7-357c-4de4-a93e-65622c5fc502
2019-08-30 03:52:02,876 [IPC Server handler 5 on 36292] INFO  node.SCMNodeManager (SCMNodeManager.java:register(273)) - Registered Data node : 621705e7-357c-4de4-a93e-65622c5fc502{ip: 192.168.157.199, host: pr-hdds-2057-gndl4-2748649462, networkLocation: /default-rack, certSerialId: null}
2019-08-30 03:52:02,877 | INFO  | SCMAudit | user=jenkins1000 | ip=192.168.157.199 | op=REGISTER {datanodeDetails=621705e7-357c-4de4-a93e-65622c5fc502{ip: 192.168.157.199, host: pr-hdds-2057-gndl4-2748649462, networkLocation: /default-rack, certSerialId: null}} | ret=SUCCESS |  
2019-08-30 03:52:02,885 [grpc-default-executor-3] INFO  impl.RaftServerProxy (RaftServerProxy.java:addNew(89)) - d0043b8f-59eb-4c5c-80f3-5a4bc9982bd5: addNew group-9D050176A67B:[d0043b8f-59eb-4c5c-80f3-5a4bc9982bd5:192.168.157.199:45902] returns group-9D050176A67B:java.util.concurrent.CompletableFuture@6c3b1e5b[Not completed]
2019-08-30 03:52:02,886 [pool-529-thread-1] INFO  impl.RaftServerImpl (RaftServerImpl.java:<init>(93)) - d0043b8f-59eb-4c5c-80f3-5a4bc9982bd5: new RaftServerImpl for group-9D050176A67B:[d0043b8f-59eb-4c5c-80f3-5a4bc9982bd5:192.168.157.199:45902] with ContainerStateMachine:uninitialized
2019-08-30 03:52:02,886 [pool-529-thread-1] INFO  server.RaftServerConfigKeys (ConfUtils.java:logGet(43)) - raft.server.rpc.timeout.min = 5s (custom)
2019-08-30 03:52:02,886 [pool-529-thread-1] INFO  server.RaftServerConfigKeys (ConfUtils.java:logGet(43)) - raft.server.rpc.timeout.max = 5200ms (custom)
2019-08-30 03:52:02,886 [pool-529-thread-1] INFO  server.RaftServerConfigKeys (ConfUtils.java:logGet(43)) - raft.server.rpcslowness.timeout = 120s (custom)
2019-08-30 03:52:02,886 [pool-529-thread-1] INFO  server.RaftServerConfigKeys (ConfUtils.java:logGet(43)) - raft.server.sleep.deviation.threshold = 300 (default)
2019-08-30 03:52:02,887 [pool-529-thread-1] INFO  server.RaftServerConfigKeys (ConfUtils.java:logGet(43)) - raft.server.log.appender.install.snapshot.enabled = false (custom)
2019-08-30 03:52:02,887 [pool-529-thread-1] INFO  impl.RaftServerImpl (ServerState.java:<init>(105)) - d0043b8f-59eb-4c5c-80f3-5a4bc9982bd5:group-9D050176A67B ConfigurationManager, init=-1: [d0043b8f-59eb-4c5c-80f3-5a4bc9982bd5:192.168.157.199:45902], old=null, confs=<EMPTY_MAP>
2019-08-30 03:52:02,887 [pool-529-thread-1] INFO  server.RaftServerConfigKeys (ConfUtils.java:logGet(43)) - raft.server.storage.dir = [/workdir/hadoop-ozone/integration-test/target/test-dir/MiniOzoneClusterImpl-55f3577b-d091-4ab9-9685-f42e74419794/datanode-3/data/ratis] (custom)
2019-08-30 03:52:02,887 [pool-529-thread-1] INFO  storage.RaftStorageDirectory (RaftStorageDirectory.java:analyzeStorage(246)) - The storage directory /workdir/hadoop-ozone/integration-test/target/test-dir/MiniOzoneClusterImpl-55f3577b-d091-4ab9-9685-f42e74419794/datanode-3/data/ratis/12292018-1256-4fca-9e9a-9d050176a67b does not exist. Creating ...
2019-08-30 03:52:02,899 [pool-529-thread-1] INFO  storage.RaftStorageDirectory (RaftStorageDirectory.java:tryLock(328)) - Lock on /workdir/hadoop-ozone/integration-test/target/test-dir/MiniOzoneClusterImpl-55f3577b-d091-4ab9-9685-f42e74419794/datanode-3/data/ratis/12292018-1256-4fca-9e9a-9d050176a67b/in_use.lock acquired by nodename 4854@pr-hdds-2057-gndl4-2748649462
2019-08-30 03:52:02,926 [pool-529-thread-1] INFO  storage.RaftStorage (RaftStorage.java:format(72)) - Storage directory /workdir/hadoop-ozone/integration-test/target/test-dir/MiniOzoneClusterImpl-55f3577b-d091-4ab9-9685-f42e74419794/datanode-3/data/ratis/12292018-1256-4fca-9e9a-9d050176a67b has been successfully formatted.
2019-08-30 03:52:02,926 [pool-529-thread-1] INFO  ratis.ContainerStateMachine (ContainerStateMachine.java:loadSnapshot(227)) - group-9D050176A67B: The snapshot info is null. Setting the last applied indexto:(t:0, i:~)
2019-08-30 03:52:02,926 [pool-529-thread-1] INFO  server.RaftServerConfigKeys (ConfUtils.java:logGet(43)) - raft.server.leader.election.timeout = 120s (custom)
2019-08-30 03:52:02,927 [pool-529-thread-1] INFO  server.RaftServerConfigKeys (ConfUtils.java:logGet(43)) - raft.server.log.use.memory = false (default)
2019-08-30 03:52:02,927 [pool-529-thread-1] INFO  server.RaftServerConfigKeys (ConfUtils.java:logGet(43)) - raft.server.log.purge.gap = 1000000 (custom)
2019-08-30 03:52:02,927 [pool-529-thread-1] INFO  server.RaftServerConfigKeys (ConfUtils.java:logGet(43)) - raft.server.log.appender.buffer.byte-limit = 33554432 (custom)
2019-08-30 03:52:02,927 [pool-529-thread-1] INFO  server.RaftServerConfigKeys (ConfUtils.java:logGet(43)) - raft.server.log.segment.size.max = 1048576 (custom)
2019-08-30 03:52:02,927 [pool-529-thread-1] INFO  server.RaftServerConfigKeys (ConfUtils.java:logGet(43)) - raft.server.log.segment.cache.num.max = 2 (custom)
2019-08-30 03:52:02,927 [pool-529-thread-1] INFO  segmented.SegmentedRaftLogWorker (SegmentedRaftLogWorker.java:<init>(172)) - new d0043b8f-59eb-4c5c-80f3-5a4bc9982bd5-SegmentedRaftLogWorker:Storage Directory /workdir/hadoop-ozone/integration-test/target/test-dir/MiniOzoneClusterImpl-55f3577b-d091-4ab9-9685-f42e74419794/datanode-3/data/ratis/12292018-1256-4fca-9e9a-9d050176a67b for RaftStorage:Storage Directory /workdir/hadoop-ozone/integration-test/target/test-dir/MiniOzoneClusterImpl-55f3577b-d091-4ab9-9685-f42e74419794/datanode-3/data/ratis/12292018-1256-4fca-9e9a-9d050176a67b
2019-08-30 03:52:02,928 [pool-529-thread-1] INFO  server.RaftServerConfigKeys (ConfUtils.java:logGet(43)) - raft.server.log.queue.byte-limit = 2147483647 (custom)
2019-08-30 03:52:02,928 [pool-529-thread-1] INFO  server.RaftServerConfigKeys (ConfUtils.java:logGet(43)) - raft.server.log.queue.element-limit = 1024 (custom)
2019-08-30 03:52:02,928 [pool-529-thread-1] INFO  server.RaftServerConfigKeys (ConfUtils.java:logGet(43)) - raft.server.log.segment.size.max = 1048576 (custom)
2019-08-30 03:52:02,928 [pool-529-thread-1] INFO  server.RaftServerConfigKeys (ConfUtils.java:logGet(43)) - raft.server.log.preallocated.size = 16384 (custom)
2019-08-30 03:52:02,928 [pool-529-thread-1] INFO  server.RaftServerConfigKeys (ConfUtils.java:logGet(43)) - raft.server.log.write.buffer.size = 33554432 (custom)
2019-08-30 03:52:02,928 [pool-529-thread-1] INFO  server.RaftServerConfigKeys (ConfUtils.java:logGet(43)) - raft.server.log.force.sync.num = 128 (default)
2019-08-30 03:52:02,929 [pool-529-thread-1] INFO  server.RaftServerConfigKeys (ConfUtils.java:logGet(43)) - raft.server.log.statemachine.data.sync = true (default)
2019-08-30 03:52:02,929 [pool-529-thread-1] INFO  server.RaftServerConfigKeys (ConfUtils.java:logGet(43)) - raft.server.log.statemachine.data.sync.timeout = 10s (default)
2019-08-30 03:52:02,929 [pool-529-thread-1] INFO  server.RaftServerConfigKeys (ConfUtils.java:logGet(43)) - raft.server.log.statemachine.data.sync.timeout.retry = -1 (default)
2019-08-30 03:52:02,929 [pool-529-thread-1] INFO  server.RaftServerConfigKeys (ConfUtils.java:logGet(43)) - raft.server.log.statemachine.data.caching.enabled = true (custom)
2019-08-30 03:52:02,930 [pool-529-thread-1] INFO  segmented.SegmentedRaftLogWorker (SegmentedRaftLogWorker.java:lambda$new$0(132)) - d0043b8f-59eb-4c5c-80f3-5a4bc9982bd5-SegmentedRaftLogWorker:Storage Directory /workdir/hadoop-ozone/integration-test/target/test-dir/MiniOzoneClusterImpl-55f3577b-d091-4ab9-9685-f42e74419794/datanode-3/data/ratis/12292018-1256-4fca-9e9a-9d050176a67b: flushIndex: setUnconditionally 0 -> -1
2019-08-30 03:52:02,930 [pool-529-thread-1] INFO  server.RaftServerConfigKeys (ConfUtils.java:logGet(43)) - raft.server.snapshot.auto.trigger.enabled = true (custom)
2019-08-30 03:52:02,930 [pool-529-thread-1] INFO  server.RaftServerConfigKeys (ConfUtils.java:logGet(43)) - raft.server.snapshot.auto.trigger.threshold = 10000 (custom)
2019-08-30 03:52:02,930 [pool-529-thread-1] INFO  server.RaftServerConfigKeys (ConfUtils.java:logGet(43)) - raft.server.retrycache.expirytime = 600000ms (custom)
2019-08-30 03:52:02,930 [pool-529-thread-1] INFO  impl.RaftServerImpl (RaftServerImpl.java:start(180)) - d0043b8f-59eb-4c5c-80f3-5a4bc9982bd5: start group-9D050176A67B
2019-08-30 03:52:02,931 [pool-529-thread-1] INFO  impl.RaftServerImpl (RaftServerImpl.java:setRole(171)) - d0043b8f-59eb-4c5c-80f3-5a4bc9982bd5:group-9D050176A67B changes role from null to FOLLOWER at term 0 for startAsFollower
2019-08-30 03:52:02,931 [pool-529-thread-1] INFO  impl.RoleInfo (RoleInfo.java:updateAndGet(143)) - d0043b8f-59eb-4c5c-80f3-5a4bc9982bd5: start FollowerState
2019-08-30 03:52:02,931 [pool-529-thread-1] INFO  util.JmxRegister (JmxRegister.java:tryRegister(44)) - Successfully registered JMX Bean with object name Ratis:service=RaftServer,group=group-9D050176A67B,id=d0043b8f-59eb-4c5c-80f3-5a4bc9982bd5
2019-08-30 03:52:02,933 [RatisPipelineUtilsThread] INFO  pipeline.PipelineStateManager (PipelineStateManager.java:addPipeline(56)) - Created pipeline Pipeline[ Id: 12292018-1256-4fca-9e9a-9d050176a67b, Nodes: d0043b8f-59eb-4c5c-80f3-5a4bc9982bd5{ip: 192.168.157.199, host: pr-hdds-2057-gndl4-2748649462, networkLocation: /default-rack, certSerialId: null}, Type:RATIS, Factor:ONE, State:OPEN]
2019-08-30 03:52:02,955 [grpc-default-executor-3] INFO  impl.RaftServerProxy (RaftServerProxy.java:addNew(89)) - 621705e7-357c-4de4-a93e-65622c5fc502: addNew group-B2231C0E0359:[621705e7-357c-4de4-a93e-65622c5fc502:192.168.157.199:42300] returns group-B2231C0E0359:java.util.concurrent.CompletableFuture@56c5a11b[Not completed]
2019-08-30 03:52:02,956 [pool-539-thread-1] INFO  impl.RaftServerImpl (RaftServerImpl.java:<init>(93)) - 621705e7-357c-4de4-a93e-65622c5fc502: new RaftServerImpl for group-B2231C0E0359:[621705e7-357c-4de4-a93e-65622c5fc502:192.168.157.199:42300] with ContainerStateMachine:uninitialized
2019-08-30 03:52:02,956 [pool-539-thread-1] INFO  server.RaftServerConfigKeys (ConfUtils.java:logGet(43)) - raft.server.rpc.timeout.min = 5s (custom)
2019-08-30 03:52:02,956 [IPC Server handler 6 on 36292] INFO  net.NetworkTopology (NetworkTopologyImpl.java:add(110)) - Added a new node: /default-rack/0013325a-9f0e-48ed-94a6-e4513394336e
2019-08-30 03:52:02,956 [pool-539-thread-1] INFO  server.RaftServerConfigKeys (ConfUtils.java:logGet(43)) - raft.server.rpc.timeout.max = 5200ms (custom)
2019-08-30 03:52:02,957 [IPC Server handler 6 on 36292] INFO  node.SCMNodeManager (SCMNodeManager.java:register(273)) - Registered Data node : 0013325a-9f0e-48ed-94a6-e4513394336e{ip: 192.168.157.199, host: pr-hdds-2057-gndl4-2748649462, networkLocation: /default-rack, certSerialId: null}
2019-08-30 03:52:02,957 [pool-539-thread-1] INFO  server.RaftServerConfigKeys (ConfUtils.java:logGet(43)) - raft.server.rpcslowness.timeout = 120s (custom)
2019-08-30 03:52:02,957 | INFO  | SCMAudit | user=jenkins1000 | ip=192.168.157.199 | op=REGISTER {datanodeDetails=0013325a-9f0e-48ed-94a6-e4513394336e{ip: 192.168.157.199, host: pr-hdds-2057-gndl4-2748649462, networkLocation: /default-rack, certSerialId: null}} | ret=SUCCESS |  
2019-08-30 03:52:02,957 [pool-539-thread-1] INFO  server.RaftServerConfigKeys (ConfUtils.java:logGet(43)) - raft.server.sleep.deviation.threshold = 300 (default)
2019-08-30 03:52:02,957 [pool-539-thread-1] INFO  server.RaftServerConfigKeys (ConfUtils.java:logGet(43)) - raft.server.log.appender.install.snapshot.enabled = false (custom)
2019-08-30 03:52:02,957 [pool-539-thread-1] INFO  impl.RaftServerImpl (ServerState.java:<init>(105)) - 621705e7-357c-4de4-a93e-65622c5fc502:group-B2231C0E0359 ConfigurationManager, init=-1: [621705e7-357c-4de4-a93e-65622c5fc502:192.168.157.199:42300], old=null, confs=<EMPTY_MAP>
2019-08-30 03:52:02,958 [pool-539-thread-1] INFO  server.RaftServerConfigKeys (ConfUtils.java:logGet(43)) - raft.server.storage.dir = [/workdir/hadoop-ozone/integration-test/target/test-dir/MiniOzoneClusterImpl-55f3577b-d091-4ab9-9685-f42e74419794/datanode-4/data/ratis] (custom)
2019-08-30 03:52:02,958 [pool-539-thread-1] INFO  storage.RaftStorageDirectory (RaftStorageDirectory.java:analyzeStorage(246)) - The storage directory /workdir/hadoop-ozone/integration-test/target/test-dir/MiniOzoneClusterImpl-55f3577b-d091-4ab9-9685-f42e74419794/datanode-4/data/ratis/382401df-856d-4165-9525-b2231c0e0359 does not exist. Creating ...
2019-08-30 03:52:02,983 [pool-539-thread-1] INFO  storage.RaftStorageDirectory (RaftStorageDirectory.java:tryLock(328)) - Lock on /workdir/hadoop-ozone/integration-test/target/test-dir/MiniOzoneClusterImpl-55f3577b-d091-4ab9-9685-f42e74419794/datanode-4/data/ratis/382401df-856d-4165-9525-b2231c0e0359/in_use.lock acquired by nodename 4854@pr-hdds-2057-gndl4-2748649462
2019-08-30 03:52:03,004 [pool-539-thread-1] INFO  storage.RaftStorage (RaftStorage.java:format(72)) - Storage directory /workdir/hadoop-ozone/integration-test/target/test-dir/MiniOzoneClusterImpl-55f3577b-d091-4ab9-9685-f42e74419794/datanode-4/data/ratis/382401df-856d-4165-9525-b2231c0e0359 has been successfully formatted.
2019-08-30 03:52:03,004 [pool-539-thread-1] INFO  ratis.ContainerStateMachine (ContainerStateMachine.java:loadSnapshot(227)) - group-B2231C0E0359: The snapshot info is null. Setting the last applied indexto:(t:0, i:~)
2019-08-30 03:52:03,005 [pool-539-thread-1] INFO  server.RaftServerConfigKeys (ConfUtils.java:logGet(43)) - raft.server.leader.election.timeout = 120s (custom)
2019-08-30 03:52:03,005 [pool-539-thread-1] INFO  server.RaftServerConfigKeys (ConfUtils.java:logGet(43)) - raft.server.log.use.memory = false (default)
2019-08-30 03:52:03,005 [pool-539-thread-1] INFO  server.RaftServerConfigKeys (ConfUtils.java:logGet(43)) - raft.server.log.purge.gap = 1000000 (custom)
2019-08-30 03:52:03,005 [pool-539-thread-1] INFO  server.RaftServerConfigKeys (ConfUtils.java:logGet(43)) - raft.server.log.appender.buffer.byte-limit = 33554432 (custom)
2019-08-30 03:52:03,005 [pool-539-thread-1] INFO  server.RaftServerConfigKeys (ConfUtils.java:logGet(43)) - raft.server.log.segment.size.max = 1048576 (custom)
2019-08-30 03:52:03,005 [pool-539-thread-1] INFO  server.RaftServerConfigKeys (ConfUtils.java:logGet(43)) - raft.server.log.segment.cache.num.max = 2 (custom)
2019-08-30 03:52:03,006 [pool-539-thread-1] INFO  segmented.SegmentedRaftLogWorker (SegmentedRaftLogWorker.java:<init>(172)) - new 621705e7-357c-4de4-a93e-65622c5fc502-SegmentedRaftLogWorker:Storage Directory /workdir/hadoop-ozone/integration-test/target/test-dir/MiniOzoneClusterImpl-55f3577b-d091-4ab9-9685-f42e74419794/datanode-4/data/ratis/382401df-856d-4165-9525-b2231c0e0359 for RaftStorage:Storage Directory /workdir/hadoop-ozone/integration-test/target/test-dir/MiniOzoneClusterImpl-55f3577b-d091-4ab9-9685-f42e74419794/datanode-4/data/ratis/382401df-856d-4165-9525-b2231c0e0359
2019-08-30 03:52:03,006 [pool-539-thread-1] INFO  server.RaftServerConfigKeys (ConfUtils.java:logGet(43)) - raft.server.log.queue.byte-limit = 2147483647 (custom)
2019-08-30 03:52:03,006 [pool-539-thread-1] INFO  server.RaftServerConfigKeys (ConfUtils.java:logGet(43)) - raft.server.log.queue.element-limit = 1024 (custom)
2019-08-30 03:52:03,006 [pool-539-thread-1] INFO  server.RaftServerConfigKeys (ConfUtils.java:logGet(43)) - raft.server.log.segment.size.max = 1048576 (custom)
2019-08-30 03:52:03,006 [pool-539-thread-1] INFO  server.RaftServerConfigKeys (ConfUtils.java:logGet(43)) - raft.server.log.preallocated.size = 16384 (custom)
2019-08-30 03:52:03,007 [pool-539-thread-1] INFO  server.RaftServerConfigKeys (ConfUtils.java:logGet(43)) - raft.server.log.write.buffer.size = 33554432 (custom)
2019-08-30 03:52:03,007 [pool-539-thread-1] INFO  server.RaftServerConfigKeys (ConfUtils.java:logGet(43)) - raft.server.log.force.sync.num = 128 (default)
2019-08-30 03:52:03,007 [pool-539-thread-1] INFO  server.RaftServerConfigKeys (ConfUtils.java:logGet(43)) - raft.server.log.statemachine.data.sync = true (default)
2019-08-30 03:52:03,007 [pool-539-thread-1] INFO  server.RaftServerConfigKeys (ConfUtils.java:logGet(43)) - raft.server.log.statemachine.data.sync.timeout = 10s (default)
2019-08-30 03:52:03,007 [pool-539-thread-1] INFO  server.RaftServerConfigKeys (ConfUtils.java:logGet(43)) - raft.server.log.statemachine.data.sync.timeout.retry = -1 (default)
2019-08-30 03:52:03,007 [pool-539-thread-1] INFO  server.RaftServerConfigKeys (ConfUtils.java:logGet(43)) - raft.server.log.statemachine.data.caching.enabled = true (custom)
2019-08-30 03:52:03,008 [pool-539-thread-1] INFO  segmented.SegmentedRaftLogWorker (SegmentedRaftLogWorker.java:lambda$new$0(132)) - 621705e7-357c-4de4-a93e-65622c5fc502-SegmentedRaftLogWorker:Storage Directory /workdir/hadoop-ozone/integration-test/target/test-dir/MiniOzoneClusterImpl-55f3577b-d091-4ab9-9685-f42e74419794/datanode-4/data/ratis/382401df-856d-4165-9525-b2231c0e0359: flushIndex: setUnconditionally 0 -> -1
2019-08-30 03:52:03,008 [pool-539-thread-1] INFO  server.RaftServerConfigKeys (ConfUtils.java:logGet(43)) - raft.server.snapshot.auto.trigger.enabled = true (custom)
2019-08-30 03:52:03,008 [pool-539-thread-1] INFO  server.RaftServerConfigKeys (ConfUtils.java:logGet(43)) - raft.server.snapshot.auto.trigger.threshold = 10000 (custom)
2019-08-30 03:52:03,009 [pool-539-thread-1] INFO  server.RaftServerConfigKeys (ConfUtils.java:logGet(43)) - raft.server.retrycache.expirytime = 600000ms (custom)
2019-08-30 03:52:03,009 [pool-539-thread-1] INFO  impl.RaftServerImpl (RaftServerImpl.java:start(180)) - 621705e7-357c-4de4-a93e-65622c5fc502: start group-B2231C0E0359
2019-08-30 03:52:03,009 [pool-539-thread-1] INFO  impl.RaftServerImpl (RaftServerImpl.java:setRole(171)) - 621705e7-357c-4de4-a93e-65622c5fc502:group-B2231C0E0359 changes role from null to FOLLOWER at term 0 for startAsFollower
2019-08-30 03:52:03,009 [pool-539-thread-1] INFO  impl.RoleInfo (RoleInfo.java:updateAndGet(143)) - 621705e7-357c-4de4-a93e-65622c5fc502: start FollowerState
2019-08-30 03:52:03,009 [main] INFO  ozone.MiniOzoneClusterImpl (MiniOzoneClusterImpl.java:lambda$waitForClusterToBeReady$0(140)) - Waiting for cluster to be ready. Got 6 of 7 DN Heartbeats.
2019-08-30 03:52:03,010 [pool-539-thread-1] INFO  util.JmxRegister (JmxRegister.java:tryRegister(44)) - Successfully registered JMX Bean with object name Ratis:service=RaftServer,group=group-B2231C0E0359,id=621705e7-357c-4de4-a93e-65622c5fc502
2019-08-30 03:52:03,011 [IPC Server handler 1 on 36292] INFO  net.NetworkTopology (NetworkTopologyImpl.java:add(110)) - Added a new node: /default-rack/8751c1ff-b790-41e3-80e1-6949a3f5d06f
2019-08-30 03:52:03,011 [IPC Server handler 1 on 36292] INFO  node.SCMNodeManager (SCMNodeManager.java:register(273)) - Registered Data node : 8751c1ff-b790-41e3-80e1-6949a3f5d06f{ip: 192.168.157.199, host: pr-hdds-2057-gndl4-2748649462, networkLocation: /default-rack, certSerialId: null}
2019-08-30 03:52:03,012 | INFO  | SCMAudit | user=jenkins1000 | ip=192.168.157.199 | op=REGISTER {datanodeDetails=8751c1ff-b790-41e3-80e1-6949a3f5d06f{ip: 192.168.157.199, host: pr-hdds-2057-gndl4-2748649462, networkLocation: /default-rack, certSerialId: null}} | ret=SUCCESS |  
2019-08-30 03:52:03,012 [RatisPipelineUtilsThread] INFO  pipeline.PipelineStateManager (PipelineStateManager.java:addPipeline(56)) - Created pipeline Pipeline[ Id: 382401df-856d-4165-9525-b2231c0e0359, Nodes: 621705e7-357c-4de4-a93e-65622c5fc502{ip: 192.168.157.199, host: pr-hdds-2057-gndl4-2748649462, networkLocation: /default-rack, certSerialId: null}, Type:RATIS, Factor:ONE, State:OPEN]
2019-08-30 03:52:03,024 [grpc-default-executor-3] INFO  impl.RaftServerProxy (RaftServerProxy.java:addNew(89)) - 0013325a-9f0e-48ed-94a6-e4513394336e: addNew group-E6606F9873C3:[0013325a-9f0e-48ed-94a6-e4513394336e:192.168.157.199:39939] returns group-E6606F9873C3:java.util.concurrent.CompletableFuture@30f0f8e5[Not completed]
2019-08-30 03:52:03,025 [pool-549-thread-1] INFO  impl.RaftServerImpl (RaftServerImpl.java:<init>(93)) - 0013325a-9f0e-48ed-94a6-e4513394336e: new RaftServerImpl for group-E6606F9873C3:[0013325a-9f0e-48ed-94a6-e4513394336e:192.168.157.199:39939] with ContainerStateMachine:uninitialized
2019-08-30 03:52:03,025 [pool-549-thread-1] INFO  server.RaftServerConfigKeys (ConfUtils.java:logGet(43)) - raft.server.rpc.timeout.min = 5s (custom)
2019-08-30 03:52:03,025 [pool-549-thread-1] INFO  server.RaftServerConfigKeys (ConfUtils.java:logGet(43)) - raft.server.rpc.timeout.max = 5200ms (custom)
2019-08-30 03:52:03,026 [pool-549-thread-1] INFO  server.RaftServerConfigKeys (ConfUtils.java:logGet(43)) - raft.server.rpcslowness.timeout = 120s (custom)
2019-08-30 03:52:03,026 [pool-549-thread-1] INFO  server.RaftServerConfigKeys (ConfUtils.java:logGet(43)) - raft.server.sleep.deviation.threshold = 300 (default)
2019-08-30 03:52:03,026 [pool-549-thread-1] INFO  server.RaftServerConfigKeys (ConfUtils.java:logGet(43)) - raft.server.log.appender.install.snapshot.enabled = false (custom)
2019-08-30 03:52:03,026 [pool-549-thread-1] INFO  impl.RaftServerImpl (ServerState.java:<init>(105)) - 0013325a-9f0e-48ed-94a6-e4513394336e:group-E6606F9873C3 ConfigurationManager, init=-1: [0013325a-9f0e-48ed-94a6-e4513394336e:192.168.157.199:39939], old=null, confs=<EMPTY_MAP>
2019-08-30 03:52:03,026 [pool-549-thread-1] INFO  server.RaftServerConfigKeys (ConfUtils.java:logGet(43)) - raft.server.storage.dir = [/workdir/hadoop-ozone/integration-test/target/test-dir/MiniOzoneClusterImpl-55f3577b-d091-4ab9-9685-f42e74419794/datanode-5/data/ratis] (custom)
2019-08-30 03:52:03,027 [pool-549-thread-1] INFO  storage.RaftStorageDirectory (RaftStorageDirectory.java:analyzeStorage(246)) - The storage directory /workdir/hadoop-ozone/integration-test/target/test-dir/MiniOzoneClusterImpl-55f3577b-d091-4ab9-9685-f42e74419794/datanode-5/data/ratis/741e0b8d-a0a6-4b78-b47b-e6606f9873c3 does not exist. Creating ...
2019-08-30 03:52:03,053 [pool-549-thread-1] INFO  storage.RaftStorageDirectory (RaftStorageDirectory.java:tryLock(328)) - Lock on /workdir/hadoop-ozone/integration-test/target/test-dir/MiniOzoneClusterImpl-55f3577b-d091-4ab9-9685-f42e74419794/datanode-5/data/ratis/741e0b8d-a0a6-4b78-b47b-e6606f9873c3/in_use.lock acquired by nodename 4854@pr-hdds-2057-gndl4-2748649462
2019-08-30 03:52:03,066 [pool-549-thread-1] INFO  storage.RaftStorage (RaftStorage.java:format(72)) - Storage directory /workdir/hadoop-ozone/integration-test/target/test-dir/MiniOzoneClusterImpl-55f3577b-d091-4ab9-9685-f42e74419794/datanode-5/data/ratis/741e0b8d-a0a6-4b78-b47b-e6606f9873c3 has been successfully formatted.
2019-08-30 03:52:03,066 [pool-549-thread-1] INFO  ratis.ContainerStateMachine (ContainerStateMachine.java:loadSnapshot(227)) - group-E6606F9873C3: The snapshot info is null. Setting the last applied indexto:(t:0, i:~)
2019-08-30 03:52:03,067 [pool-549-thread-1] INFO  server.RaftServerConfigKeys (ConfUtils.java:logGet(43)) - raft.server.leader.election.timeout = 120s (custom)
2019-08-30 03:52:03,067 [pool-549-thread-1] INFO  server.RaftServerConfigKeys (ConfUtils.java:logGet(43)) - raft.server.log.use.memory = false (default)
2019-08-30 03:52:03,067 [pool-549-thread-1] INFO  server.RaftServerConfigKeys (ConfUtils.java:logGet(43)) - raft.server.log.purge.gap = 1000000 (custom)
2019-08-30 03:52:03,067 [pool-549-thread-1] INFO  server.RaftServerConfigKeys (ConfUtils.java:logGet(43)) - raft.server.log.appender.buffer.byte-limit = 33554432 (custom)
2019-08-30 03:52:03,067 [pool-549-thread-1] INFO  server.RaftServerConfigKeys (ConfUtils.java:logGet(43)) - raft.server.log.segment.size.max = 1048576 (custom)
2019-08-30 03:52:03,067 [pool-549-thread-1] INFO  server.RaftServerConfigKeys (ConfUtils.java:logGet(43)) - raft.server.log.segment.cache.num.max = 2 (custom)
2019-08-30 03:52:03,067 [pool-549-thread-1] INFO  segmented.SegmentedRaftLogWorker (SegmentedRaftLogWorker.java:<init>(172)) - new 0013325a-9f0e-48ed-94a6-e4513394336e-SegmentedRaftLogWorker:Storage Directory /workdir/hadoop-ozone/integration-test/target/test-dir/MiniOzoneClusterImpl-55f3577b-d091-4ab9-9685-f42e74419794/datanode-5/data/ratis/741e0b8d-a0a6-4b78-b47b-e6606f9873c3 for RaftStorage:Storage Directory /workdir/hadoop-ozone/integration-test/target/test-dir/MiniOzoneClusterImpl-55f3577b-d091-4ab9-9685-f42e74419794/datanode-5/data/ratis/741e0b8d-a0a6-4b78-b47b-e6606f9873c3
2019-08-30 03:52:03,068 [pool-549-thread-1] INFO  server.RaftServerConfigKeys (ConfUtils.java:logGet(43)) - raft.server.log.queue.byte-limit = 2147483647 (custom)
2019-08-30 03:52:03,068 [pool-549-thread-1] INFO  server.RaftServerConfigKeys (ConfUtils.java:logGet(43)) - raft.server.log.queue.element-limit = 1024 (custom)
2019-08-30 03:52:03,068 [pool-549-thread-1] INFO  server.RaftServerConfigKeys (ConfUtils.java:logGet(43)) - raft.server.log.segment.size.max = 1048576 (custom)
2019-08-30 03:52:03,068 [pool-549-thread-1] INFO  server.RaftServerConfigKeys (ConfUtils.java:logGet(43)) - raft.server.log.preallocated.size = 16384 (custom)
2019-08-30 03:52:03,068 [pool-549-thread-1] INFO  server.RaftServerConfigKeys (ConfUtils.java:logGet(43)) - raft.server.log.write.buffer.size = 33554432 (custom)
2019-08-30 03:52:03,069 [pool-549-thread-1] INFO  server.RaftServerConfigKeys (ConfUtils.java:logGet(43)) - raft.server.log.force.sync.num = 128 (default)
2019-08-30 03:52:03,069 [pool-549-thread-1] INFO  server.RaftServerConfigKeys (ConfUtils.java:logGet(43)) - raft.server.log.statemachine.data.sync = true (default)
2019-08-30 03:52:03,069 [pool-549-thread-1] INFO  server.RaftServerConfigKeys (ConfUtils.java:logGet(43)) - raft.server.log.statemachine.data.sync.timeout = 10s (default)
2019-08-30 03:52:03,069 [pool-549-thread-1] INFO  server.RaftServerConfigKeys (ConfUtils.java:logGet(43)) - raft.server.log.statemachine.data.sync.timeout.retry = -1 (default)
2019-08-30 03:52:03,069 [pool-549-thread-1] INFO  server.RaftServerConfigKeys (ConfUtils.java:logGet(43)) - raft.server.log.statemachine.data.caching.enabled = true (custom)
2019-08-30 03:52:03,070 [pool-549-thread-1] INFO  segmented.SegmentedRaftLogWorker (SegmentedRaftLogWorker.java:lambda$new$0(132)) - 0013325a-9f0e-48ed-94a6-e4513394336e-SegmentedRaftLogWorker:Storage Directory /workdir/hadoop-ozone/integration-test/target/test-dir/MiniOzoneClusterImpl-55f3577b-d091-4ab9-9685-f42e74419794/datanode-5/data/ratis/741e0b8d-a0a6-4b78-b47b-e6606f9873c3: flushIndex: setUnconditionally 0 -> -1
2019-08-30 03:52:03,070 [pool-549-thread-1] INFO  server.RaftServerConfigKeys (ConfUtils.java:logGet(43)) - raft.server.snapshot.auto.trigger.enabled = true (custom)
2019-08-30 03:52:03,070 [pool-549-thread-1] INFO  server.RaftServerConfigKeys (ConfUtils.java:logGet(43)) - raft.server.snapshot.auto.trigger.threshold = 10000 (custom)
2019-08-30 03:52:03,070 [pool-549-thread-1] INFO  server.RaftServerConfigKeys (ConfUtils.java:logGet(43)) - raft.server.retrycache.expirytime = 600000ms (custom)
2019-08-30 03:52:03,071 [pool-549-thread-1] INFO  impl.RaftServerImpl (RaftServerImpl.java:start(180)) - 0013325a-9f0e-48ed-94a6-e4513394336e: start group-E6606F9873C3
2019-08-30 03:52:03,071 [pool-549-thread-1] INFO  impl.RaftServerImpl (RaftServerImpl.java:setRole(171)) - 0013325a-9f0e-48ed-94a6-e4513394336e:group-E6606F9873C3 changes role from null to FOLLOWER at term 0 for startAsFollower
2019-08-30 03:52:03,071 [pool-549-thread-1] INFO  impl.RoleInfo (RoleInfo.java:updateAndGet(143)) - 0013325a-9f0e-48ed-94a6-e4513394336e: start FollowerState
2019-08-30 03:52:03,071 [pool-549-thread-1] INFO  util.JmxRegister (JmxRegister.java:tryRegister(44)) - Successfully registered JMX Bean with object name Ratis:service=RaftServer,group=group-E6606F9873C3,id=0013325a-9f0e-48ed-94a6-e4513394336e
2019-08-30 03:52:03,074 [RatisPipelineUtilsThread] INFO  pipeline.PipelineStateManager (PipelineStateManager.java:addPipeline(56)) - Created pipeline Pipeline[ Id: 741e0b8d-a0a6-4b78-b47b-e6606f9873c3, Nodes: 0013325a-9f0e-48ed-94a6-e4513394336e{ip: 192.168.157.199, host: pr-hdds-2057-gndl4-2748649462, networkLocation: /default-rack, certSerialId: null}, Type:RATIS, Factor:ONE, State:OPEN]
2019-08-30 03:52:03,083 [grpc-default-executor-3] INFO  impl.RaftServerProxy (RaftServerProxy.java:addNew(89)) - 8751c1ff-b790-41e3-80e1-6949a3f5d06f: addNew group-182D53A8ED33:[8751c1ff-b790-41e3-80e1-6949a3f5d06f:192.168.157.199:46783] returns group-182D53A8ED33:java.util.concurrent.CompletableFuture@b15c6aa[Not completed]
2019-08-30 03:52:03,084 [pool-559-thread-1] INFO  impl.RaftServerImpl (RaftServerImpl.java:<init>(93)) - 8751c1ff-b790-41e3-80e1-6949a3f5d06f: new RaftServerImpl for group-182D53A8ED33:[8751c1ff-b790-41e3-80e1-6949a3f5d06f:192.168.157.199:46783] with ContainerStateMachine:uninitialized
2019-08-30 03:52:03,085 [pool-559-thread-1] INFO  server.RaftServerConfigKeys (ConfUtils.java:logGet(43)) - raft.server.rpc.timeout.min = 5s (custom)
2019-08-30 03:52:03,085 [pool-559-thread-1] INFO  server.RaftServerConfigKeys (ConfUtils.java:logGet(43)) - raft.server.rpc.timeout.max = 5200ms (custom)
2019-08-30 03:52:03,085 [pool-559-thread-1] INFO  server.RaftServerConfigKeys (ConfUtils.java:logGet(43)) - raft.server.rpcslowness.timeout = 120s (custom)
2019-08-30 03:52:03,085 [pool-559-thread-1] INFO  server.RaftServerConfigKeys (ConfUtils.java:logGet(43)) - raft.server.sleep.deviation.threshold = 300 (default)
2019-08-30 03:52:03,085 [pool-559-thread-1] INFO  server.RaftServerConfigKeys (ConfUtils.java:logGet(43)) - raft.server.log.appender.install.snapshot.enabled = false (custom)
2019-08-30 03:52:03,085 [pool-559-thread-1] INFO  impl.RaftServerImpl (ServerState.java:<init>(105)) - 8751c1ff-b790-41e3-80e1-6949a3f5d06f:group-182D53A8ED33 ConfigurationManager, init=-1: [8751c1ff-b790-41e3-80e1-6949a3f5d06f:192.168.157.199:46783], old=null, confs=<EMPTY_MAP>
2019-08-30 03:52:03,086 [pool-559-thread-1] INFO  server.RaftServerConfigKeys (ConfUtils.java:logGet(43)) - raft.server.storage.dir = [/workdir/hadoop-ozone/integration-test/target/test-dir/MiniOzoneClusterImpl-55f3577b-d091-4ab9-9685-f42e74419794/datanode-6/data/ratis] (custom)
2019-08-30 03:52:03,086 [pool-559-thread-1] INFO  storage.RaftStorageDirectory (RaftStorageDirectory.java:analyzeStorage(246)) - The storage directory /workdir/hadoop-ozone/integration-test/target/test-dir/MiniOzoneClusterImpl-55f3577b-d091-4ab9-9685-f42e74419794/datanode-6/data/ratis/b844aa0d-8e07-4cea-b72a-182d53a8ed33 does not exist. Creating ...
2019-08-30 03:52:03,100 [pool-559-thread-1] INFO  storage.RaftStorageDirectory (RaftStorageDirectory.java:tryLock(328)) - Lock on /workdir/hadoop-ozone/integration-test/target/test-dir/MiniOzoneClusterImpl-55f3577b-d091-4ab9-9685-f42e74419794/datanode-6/data/ratis/b844aa0d-8e07-4cea-b72a-182d53a8ed33/in_use.lock acquired by nodename 4854@pr-hdds-2057-gndl4-2748649462
2019-08-30 03:52:03,114 [pool-559-thread-1] INFO  storage.RaftStorage (RaftStorage.java:format(72)) - Storage directory /workdir/hadoop-ozone/integration-test/target/test-dir/MiniOzoneClusterImpl-55f3577b-d091-4ab9-9685-f42e74419794/datanode-6/data/ratis/b844aa0d-8e07-4cea-b72a-182d53a8ed33 has been successfully formatted.
2019-08-30 03:52:03,114 [pool-559-thread-1] INFO  ratis.ContainerStateMachine (ContainerStateMachine.java:loadSnapshot(227)) - group-182D53A8ED33: The snapshot info is null. Setting the last applied indexto:(t:0, i:~)
2019-08-30 03:52:03,114 [pool-559-thread-1] INFO  server.RaftServerConfigKeys (ConfUtils.java:logGet(43)) - raft.server.leader.election.timeout = 120s (custom)
2019-08-30 03:52:03,114 [pool-559-thread-1] INFO  server.RaftServerConfigKeys (ConfUtils.java:logGet(43)) - raft.server.log.use.memory = false (default)
2019-08-30 03:52:03,114 [pool-559-thread-1] INFO  server.RaftServerConfigKeys (ConfUtils.java:logGet(43)) - raft.server.log.purge.gap = 1000000 (custom)
2019-08-30 03:52:03,115 [pool-559-thread-1] INFO  server.RaftServerConfigKeys (ConfUtils.java:logGet(43)) - raft.server.log.appender.buffer.byte-limit = 33554432 (custom)
2019-08-30 03:52:03,115 [pool-559-thread-1] INFO  server.RaftServerConfigKeys (ConfUtils.java:logGet(43)) - raft.server.log.segment.size.max = 1048576 (custom)
2019-08-30 03:52:03,115 [pool-559-thread-1] INFO  server.RaftServerConfigKeys (ConfUtils.java:logGet(43)) - raft.server.log.segment.cache.num.max = 2 (custom)
2019-08-30 03:52:03,115 [pool-559-thread-1] INFO  segmented.SegmentedRaftLogWorker (SegmentedRaftLogWorker.java:<init>(172)) - new 8751c1ff-b790-41e3-80e1-6949a3f5d06f-SegmentedRaftLogWorker:Storage Directory /workdir/hadoop-ozone/integration-test/target/test-dir/MiniOzoneClusterImpl-55f3577b-d091-4ab9-9685-f42e74419794/datanode-6/data/ratis/b844aa0d-8e07-4cea-b72a-182d53a8ed33 for RaftStorage:Storage Directory /workdir/hadoop-ozone/integration-test/target/test-dir/MiniOzoneClusterImpl-55f3577b-d091-4ab9-9685-f42e74419794/datanode-6/data/ratis/b844aa0d-8e07-4cea-b72a-182d53a8ed33
2019-08-30 03:52:03,115 [pool-559-thread-1] INFO  server.RaftServerConfigKeys (ConfUtils.java:logGet(43)) - raft.server.log.queue.byte-limit = 2147483647 (custom)
2019-08-30 03:52:03,115 [pool-559-thread-1] INFO  server.RaftServerConfigKeys (ConfUtils.java:logGet(43)) - raft.server.log.queue.element-limit = 1024 (custom)
2019-08-30 03:52:03,116 [pool-559-thread-1] INFO  server.RaftServerConfigKeys (ConfUtils.java:logGet(43)) - raft.server.log.segment.size.max = 1048576 (custom)
2019-08-30 03:52:03,116 [pool-559-thread-1] INFO  server.RaftServerConfigKeys (ConfUtils.java:logGet(43)) - raft.server.log.preallocated.size = 16384 (custom)
2019-08-30 03:52:03,116 [pool-559-thread-1] INFO  server.RaftServerConfigKeys (ConfUtils.java:logGet(43)) - raft.server.log.write.buffer.size = 33554432 (custom)
2019-08-30 03:52:03,116 [pool-559-thread-1] INFO  server.RaftServerConfigKeys (ConfUtils.java:logGet(43)) - raft.server.log.force.sync.num = 128 (default)
2019-08-30 03:52:03,116 [pool-559-thread-1] INFO  server.RaftServerConfigKeys (ConfUtils.java:logGet(43)) - raft.server.log.statemachine.data.sync = true (default)
2019-08-30 03:52:03,116 [pool-559-thread-1] INFO  server.RaftServerConfigKeys (ConfUtils.java:logGet(43)) - raft.server.log.statemachine.data.sync.timeout = 10s (default)
2019-08-30 03:52:03,117 [pool-559-thread-1] INFO  server.RaftServerConfigKeys (ConfUtils.java:logGet(43)) - raft.server.log.statemachine.data.sync.timeout.retry = -1 (default)
2019-08-30 03:52:03,117 [pool-559-thread-1] INFO  server.RaftServerConfigKeys (ConfUtils.java:logGet(43)) - raft.server.log.statemachine.data.caching.enabled = true (custom)
2019-08-30 03:52:03,117 [pool-559-thread-1] INFO  segmented.SegmentedRaftLogWorker (SegmentedRaftLogWorker.java:lambda$new$0(132)) - 8751c1ff-b790-41e3-80e1-6949a3f5d06f-SegmentedRaftLogWorker:Storage Directory /workdir/hadoop-ozone/integration-test/target/test-dir/MiniOzoneClusterImpl-55f3577b-d091-4ab9-9685-f42e74419794/datanode-6/data/ratis/b844aa0d-8e07-4cea-b72a-182d53a8ed33: flushIndex: setUnconditionally 0 -> -1
2019-08-30 03:52:03,118 [pool-559-thread-1] INFO  server.RaftServerConfigKeys (ConfUtils.java:logGet(43)) - raft.server.snapshot.auto.trigger.enabled = true (custom)
2019-08-30 03:52:03,118 [pool-559-thread-1] INFO  server.RaftServerConfigKeys (ConfUtils.java:logGet(43)) - raft.server.snapshot.auto.trigger.threshold = 10000 (custom)
2019-08-30 03:52:03,118 [pool-559-thread-1] INFO  server.RaftServerConfigKeys (ConfUtils.java:logGet(43)) - raft.server.retrycache.expirytime = 600000ms (custom)
2019-08-30 03:52:03,118 [pool-559-thread-1] INFO  impl.RaftServerImpl (RaftServerImpl.java:start(180)) - 8751c1ff-b790-41e3-80e1-6949a3f5d06f: start group-182D53A8ED33
2019-08-30 03:52:03,118 [pool-559-thread-1] INFO  impl.RaftServerImpl (RaftServerImpl.java:setRole(171)) - 8751c1ff-b790-41e3-80e1-6949a3f5d06f:group-182D53A8ED33 changes role from null to FOLLOWER at term 0 for startAsFollower
2019-08-30 03:52:03,118 [pool-559-thread-1] INFO  impl.RoleInfo (RoleInfo.java:updateAndGet(143)) - 8751c1ff-b790-41e3-80e1-6949a3f5d06f: start FollowerState
2019-08-30 03:52:03,119 [pool-559-thread-1] INFO  util.JmxRegister (JmxRegister.java:tryRegister(44)) - Successfully registered JMX Bean with object name Ratis:service=RaftServer,group=group-182D53A8ED33,id=8751c1ff-b790-41e3-80e1-6949a3f5d06f
2019-08-30 03:52:03,122 [RatisPipelineUtilsThread] INFO  pipeline.PipelineStateManager (PipelineStateManager.java:addPipeline(56)) - Created pipeline Pipeline[ Id: b844aa0d-8e07-4cea-b72a-182d53a8ed33, Nodes: 8751c1ff-b790-41e3-80e1-6949a3f5d06f{ip: 192.168.157.199, host: pr-hdds-2057-gndl4-2748649462, networkLocation: /default-rack, certSerialId: null}, Type:RATIS, Factor:ONE, State:OPEN]
2019-08-30 03:52:03,135 [grpc-default-executor-7] INFO  impl.RaftServerProxy (RaftServerProxy.java:addNew(89)) - d0043b8f-59eb-4c5c-80f3-5a4bc9982bd5: addNew group-E1B1A06D4C63:[d0043b8f-59eb-4c5c-80f3-5a4bc9982bd5:192.168.157.199:45902, 0013325a-9f0e-48ed-94a6-e4513394336e:192.168.157.199:39939, 621705e7-357c-4de4-a93e-65622c5fc502:192.168.157.199:42300] returns group-E1B1A06D4C63:java.util.concurrent.CompletableFuture@18eb887[Not completed]
2019-08-30 03:52:03,138 [grpc-default-executor-5] INFO  impl.RaftServerProxy (RaftServerProxy.java:addNew(89)) - 621705e7-357c-4de4-a93e-65622c5fc502: addNew group-E1B1A06D4C63:[d0043b8f-59eb-4c5c-80f3-5a4bc9982bd5:192.168.157.199:45902, 0013325a-9f0e-48ed-94a6-e4513394336e:192.168.157.199:39939, 621705e7-357c-4de4-a93e-65622c5fc502:192.168.157.199:42300] returns group-E1B1A06D4C63:java.util.concurrent.CompletableFuture@1db3c0f9[Not completed]
2019-08-30 03:52:03,138 [grpc-default-executor-3] INFO  impl.RaftServerProxy (RaftServerProxy.java:addNew(89)) - 0013325a-9f0e-48ed-94a6-e4513394336e: addNew group-E1B1A06D4C63:[d0043b8f-59eb-4c5c-80f3-5a4bc9982bd5:192.168.157.199:45902, 0013325a-9f0e-48ed-94a6-e4513394336e:192.168.157.199:39939, 621705e7-357c-4de4-a93e-65622c5fc502:192.168.157.199:42300] returns group-E1B1A06D4C63:java.util.concurrent.CompletableFuture@45fe2774[Not completed]
2019-08-30 03:52:03,139 [pool-529-thread-1] INFO  impl.RaftServerImpl (RaftServerImpl.java:<init>(93)) - d0043b8f-59eb-4c5c-80f3-5a4bc9982bd5: new RaftServerImpl for group-E1B1A06D4C63:[d0043b8f-59eb-4c5c-80f3-5a4bc9982bd5:192.168.157.199:45902, 0013325a-9f0e-48ed-94a6-e4513394336e:192.168.157.199:39939, 621705e7-357c-4de4-a93e-65622c5fc502:192.168.157.199:42300] with ContainerStateMachine:uninitialized
2019-08-30 03:52:03,139 [pool-529-thread-1] INFO  server.RaftServerConfigKeys (ConfUtils.java:logGet(43)) - raft.server.rpc.timeout.min = 5s (custom)
2019-08-30 03:52:03,139 [pool-529-thread-1] INFO  server.RaftServerConfigKeys (ConfUtils.java:logGet(43)) - raft.server.rpc.timeout.max = 5200ms (custom)
2019-08-30 03:52:03,140 [pool-529-thread-1] INFO  server.RaftServerConfigKeys (ConfUtils.java:logGet(43)) - raft.server.rpcslowness.timeout = 120s (custom)
2019-08-30 03:52:03,140 [pool-529-thread-1] INFO  server.RaftServerConfigKeys (ConfUtils.java:logGet(43)) - raft.server.sleep.deviation.threshold = 300 (default)
2019-08-30 03:52:03,140 [pool-549-thread-1] INFO  impl.RaftServerImpl (RaftServerImpl.java:<init>(93)) - 0013325a-9f0e-48ed-94a6-e4513394336e: new RaftServerImpl for group-E1B1A06D4C63:[d0043b8f-59eb-4c5c-80f3-5a4bc9982bd5:192.168.157.199:45902, 0013325a-9f0e-48ed-94a6-e4513394336e:192.168.157.199:39939, 621705e7-357c-4de4-a93e-65622c5fc502:192.168.157.199:42300] with ContainerStateMachine:uninitialized
2019-08-30 03:52:03,140 [pool-529-thread-1] INFO  server.RaftServerConfigKeys (ConfUtils.java:logGet(43)) - raft.server.log.appender.install.snapshot.enabled = false (custom)
2019-08-30 03:52:03,140 [pool-549-thread-1] INFO  server.RaftServerConfigKeys (ConfUtils.java:logGet(43)) - raft.server.rpc.timeout.min = 5s (custom)
2019-08-30 03:52:03,140 [pool-529-thread-1] INFO  impl.RaftServerImpl (ServerState.java:<init>(105)) - d0043b8f-59eb-4c5c-80f3-5a4bc9982bd5:group-E1B1A06D4C63 ConfigurationManager, init=-1: [d0043b8f-59eb-4c5c-80f3-5a4bc9982bd5:192.168.157.199:45902, 0013325a-9f0e-48ed-94a6-e4513394336e:192.168.157.199:39939, 621705e7-357c-4de4-a93e-65622c5fc502:192.168.157.199:42300], old=null, confs=<EMPTY_MAP>
2019-08-30 03:52:03,140 [pool-549-thread-1] INFO  server.RaftServerConfigKeys (ConfUtils.java:logGet(43)) - raft.server.rpc.timeout.max = 5200ms (custom)
2019-08-30 03:52:03,141 [pool-529-thread-1] INFO  server.RaftServerConfigKeys (ConfUtils.java:logGet(43)) - raft.server.storage.dir = [/workdir/hadoop-ozone/integration-test/target/test-dir/MiniOzoneClusterImpl-55f3577b-d091-4ab9-9685-f42e74419794/datanode-3/data/ratis] (custom)
2019-08-30 03:52:03,141 [pool-539-thread-1] INFO  impl.RaftServerImpl (RaftServerImpl.java:<init>(93)) - 621705e7-357c-4de4-a93e-65622c5fc502: new RaftServerImpl for group-E1B1A06D4C63:[d0043b8f-59eb-4c5c-80f3-5a4bc9982bd5:192.168.157.199:45902, 0013325a-9f0e-48ed-94a6-e4513394336e:192.168.157.199:39939, 621705e7-357c-4de4-a93e-65622c5fc502:192.168.157.199:42300] with ContainerStateMachine:uninitialized
2019-08-30 03:52:03,141 [pool-549-thread-1] INFO  server.RaftServerConfigKeys (ConfUtils.java:logGet(43)) - raft.server.rpcslowness.timeout = 120s (custom)
2019-08-30 03:52:03,141 [pool-529-thread-1] INFO  storage.RaftStorageDirectory (RaftStorageDirectory.java:analyzeStorage(246)) - The storage directory /workdir/hadoop-ozone/integration-test/target/test-dir/MiniOzoneClusterImpl-55f3577b-d091-4ab9-9685-f42e74419794/datanode-3/data/ratis/096e1659-dc63-4d9b-829e-e1b1a06d4c63 does not exist. Creating ...
2019-08-30 03:52:03,141 [pool-539-thread-1] INFO  server.RaftServerConfigKeys (ConfUtils.java:logGet(43)) - raft.server.rpc.timeout.min = 5s (custom)
2019-08-30 03:52:03,142 [pool-539-thread-1] INFO  server.RaftServerConfigKeys (ConfUtils.java:logGet(43)) - raft.server.rpc.timeout.max = 5200ms (custom)
2019-08-30 03:52:03,141 [pool-549-thread-1] INFO  server.RaftServerConfigKeys (ConfUtils.java:logGet(43)) - raft.server.sleep.deviation.threshold = 300 (default)
2019-08-30 03:52:03,142 [pool-539-thread-1] INFO  server.RaftServerConfigKeys (ConfUtils.java:logGet(43)) - raft.server.rpcslowness.timeout = 120s (custom)
2019-08-30 03:52:03,142 [pool-549-thread-1] INFO  server.RaftServerConfigKeys (ConfUtils.java:logGet(43)) - raft.server.log.appender.install.snapshot.enabled = false (custom)
2019-08-30 03:52:03,142 [pool-539-thread-1] INFO  server.RaftServerConfigKeys (ConfUtils.java:logGet(43)) - raft.server.sleep.deviation.threshold = 300 (default)
2019-08-30 03:52:03,142 [pool-549-thread-1] INFO  impl.RaftServerImpl (ServerState.java:<init>(105)) - 0013325a-9f0e-48ed-94a6-e4513394336e:group-E1B1A06D4C63 ConfigurationManager, init=-1: [d0043b8f-59eb-4c5c-80f3-5a4bc9982bd5:192.168.157.199:45902, 0013325a-9f0e-48ed-94a6-e4513394336e:192.168.157.199:39939, 621705e7-357c-4de4-a93e-65622c5fc502:192.168.157.199:42300], old=null, confs=<EMPTY_MAP>
2019-08-30 03:52:03,142 [pool-539-thread-1] INFO  server.RaftServerConfigKeys (ConfUtils.java:logGet(43)) - raft.server.log.appender.install.snapshot.enabled = false (custom)
2019-08-30 03:52:03,143 [pool-549-thread-1] INFO  server.RaftServerConfigKeys (ConfUtils.java:logGet(43)) - raft.server.storage.dir = [/workdir/hadoop-ozone/integration-test/target/test-dir/MiniOzoneClusterImpl-55f3577b-d091-4ab9-9685-f42e74419794/datanode-5/data/ratis] (custom)
2019-08-30 03:52:03,143 [pool-539-thread-1] INFO  impl.RaftServerImpl (ServerState.java:<init>(105)) - 621705e7-357c-4de4-a93e-65622c5fc502:group-E1B1A06D4C63 ConfigurationManager, init=-1: [d0043b8f-59eb-4c5c-80f3-5a4bc9982bd5:192.168.157.199:45902, 0013325a-9f0e-48ed-94a6-e4513394336e:192.168.157.199:39939, 621705e7-357c-4de4-a93e-65622c5fc502:192.168.157.199:42300], old=null, confs=<EMPTY_MAP>
2019-08-30 03:52:03,143 [pool-539-thread-1] INFO  server.RaftServerConfigKeys (ConfUtils.java:logGet(43)) - raft.server.storage.dir = [/workdir/hadoop-ozone/integration-test/target/test-dir/MiniOzoneClusterImpl-55f3577b-d091-4ab9-9685-f42e74419794/datanode-4/data/ratis] (custom)
2019-08-30 03:52:03,143 [pool-549-thread-1] INFO  storage.RaftStorageDirectory (RaftStorageDirectory.java:analyzeStorage(246)) - The storage directory /workdir/hadoop-ozone/integration-test/target/test-dir/MiniOzoneClusterImpl-55f3577b-d091-4ab9-9685-f42e74419794/datanode-5/data/ratis/096e1659-dc63-4d9b-829e-e1b1a06d4c63 does not exist. Creating ...
2019-08-30 03:52:03,144 [pool-539-thread-1] INFO  storage.RaftStorageDirectory (RaftStorageDirectory.java:analyzeStorage(246)) - The storage directory /workdir/hadoop-ozone/integration-test/target/test-dir/MiniOzoneClusterImpl-55f3577b-d091-4ab9-9685-f42e74419794/datanode-4/data/ratis/096e1659-dc63-4d9b-829e-e1b1a06d4c63 does not exist. Creating ...
2019-08-30 03:52:03,155 [pool-549-thread-1] INFO  storage.RaftStorageDirectory (RaftStorageDirectory.java:tryLock(328)) - Lock on /workdir/hadoop-ozone/integration-test/target/test-dir/MiniOzoneClusterImpl-55f3577b-d091-4ab9-9685-f42e74419794/datanode-5/data/ratis/096e1659-dc63-4d9b-829e-e1b1a06d4c63/in_use.lock acquired by nodename 4854@pr-hdds-2057-gndl4-2748649462
2019-08-30 03:52:03,155 [pool-539-thread-1] INFO  storage.RaftStorageDirectory (RaftStorageDirectory.java:tryLock(328)) - Lock on /workdir/hadoop-ozone/integration-test/target/test-dir/MiniOzoneClusterImpl-55f3577b-d091-4ab9-9685-f42e74419794/datanode-4/data/ratis/096e1659-dc63-4d9b-829e-e1b1a06d4c63/in_use.lock acquired by nodename 4854@pr-hdds-2057-gndl4-2748649462
2019-08-30 03:52:03,155 [pool-529-thread-1] INFO  storage.RaftStorageDirectory (RaftStorageDirectory.java:tryLock(328)) - Lock on /workdir/hadoop-ozone/integration-test/target/test-dir/MiniOzoneClusterImpl-55f3577b-d091-4ab9-9685-f42e74419794/datanode-3/data/ratis/096e1659-dc63-4d9b-829e-e1b1a06d4c63/in_use.lock acquired by nodename 4854@pr-hdds-2057-gndl4-2748649462
2019-08-30 03:52:03,175 [pool-549-thread-1] INFO  storage.RaftStorage (RaftStorage.java:format(72)) - Storage directory /workdir/hadoop-ozone/integration-test/target/test-dir/MiniOzoneClusterImpl-55f3577b-d091-4ab9-9685-f42e74419794/datanode-5/data/ratis/096e1659-dc63-4d9b-829e-e1b1a06d4c63 has been successfully formatted.
2019-08-30 03:52:03,175 [pool-539-thread-1] INFO  storage.RaftStorage (RaftStorage.java:format(72)) - Storage directory /workdir/hadoop-ozone/integration-test/target/test-dir/MiniOzoneClusterImpl-55f3577b-d091-4ab9-9685-f42e74419794/datanode-4/data/ratis/096e1659-dc63-4d9b-829e-e1b1a06d4c63 has been successfully formatted.
2019-08-30 03:52:03,175 [pool-529-thread-1] INFO  storage.RaftStorage (RaftStorage.java:format(72)) - Storage directory /workdir/hadoop-ozone/integration-test/target/test-dir/MiniOzoneClusterImpl-55f3577b-d091-4ab9-9685-f42e74419794/datanode-3/data/ratis/096e1659-dc63-4d9b-829e-e1b1a06d4c63 has been successfully formatted.
2019-08-30 03:52:03,175 [pool-549-thread-1] INFO  ratis.ContainerStateMachine (ContainerStateMachine.java:loadSnapshot(227)) - group-E1B1A06D4C63: The snapshot info is null. Setting the last applied indexto:(t:0, i:~)
2019-08-30 03:52:03,175 [pool-529-thread-1] INFO  ratis.ContainerStateMachine (ContainerStateMachine.java:loadSnapshot(227)) - group-E1B1A06D4C63: The snapshot info is null. Setting the last applied indexto:(t:0, i:~)
2019-08-30 03:52:03,175 [pool-539-thread-1] INFO  ratis.ContainerStateMachine (ContainerStateMachine.java:loadSnapshot(227)) - group-E1B1A06D4C63: The snapshot info is null. Setting the last applied indexto:(t:0, i:~)
2019-08-30 03:52:03,176 [pool-529-thread-1] INFO  server.RaftServerConfigKeys (ConfUtils.java:logGet(43)) - raft.server.leader.election.timeout = 120s (custom)
2019-08-30 03:52:03,175 [pool-549-thread-1] INFO  server.RaftServerConfigKeys (ConfUtils.java:logGet(43)) - raft.server.leader.election.timeout = 120s (custom)
2019-08-30 03:52:03,176 [pool-529-thread-1] INFO  server.RaftServerConfigKeys (ConfUtils.java:logGet(43)) - raft.server.log.use.memory = false (default)
2019-08-30 03:52:03,176 [pool-539-thread-1] INFO  server.RaftServerConfigKeys (ConfUtils.java:logGet(43)) - raft.server.leader.election.timeout = 120s (custom)
2019-08-30 03:52:03,176 [pool-529-thread-1] INFO  server.RaftServerConfigKeys (ConfUtils.java:logGet(43)) - raft.server.log.purge.gap = 1000000 (custom)
2019-08-30 03:52:03,176 [pool-549-thread-1] INFO  server.RaftServerConfigKeys (ConfUtils.java:logGet(43)) - raft.server.log.use.memory = false (default)
2019-08-30 03:52:03,177 [pool-529-thread-1] INFO  server.RaftServerConfigKeys (ConfUtils.java:logGet(43)) - raft.server.log.appender.buffer.byte-limit = 33554432 (custom)
2019-08-30 03:52:03,176 [pool-539-thread-1] INFO  server.RaftServerConfigKeys (ConfUtils.java:logGet(43)) - raft.server.log.use.memory = false (default)
2019-08-30 03:52:03,177 [pool-529-thread-1] INFO  server.RaftServerConfigKeys (ConfUtils.java:logGet(43)) - raft.server.log.segment.size.max = 1048576 (custom)
2019-08-30 03:52:03,177 [pool-549-thread-1] INFO  server.RaftServerConfigKeys (ConfUtils.java:logGet(43)) - raft.server.log.purge.gap = 1000000 (custom)
2019-08-30 03:52:03,177 [pool-529-thread-1] INFO  server.RaftServerConfigKeys (ConfUtils.java:logGet(43)) - raft.server.log.segment.cache.num.max = 2 (custom)
2019-08-30 03:52:03,177 [pool-539-thread-1] INFO  server.RaftServerConfigKeys (ConfUtils.java:logGet(43)) - raft.server.log.purge.gap = 1000000 (custom)
2019-08-30 03:52:03,178 [pool-529-thread-1] INFO  segmented.SegmentedRaftLogWorker (SegmentedRaftLogWorker.java:<init>(172)) - new d0043b8f-59eb-4c5c-80f3-5a4bc9982bd5-SegmentedRaftLogWorker:Storage Directory /workdir/hadoop-ozone/integration-test/target/test-dir/MiniOzoneClusterImpl-55f3577b-d091-4ab9-9685-f42e74419794/datanode-3/data/ratis/096e1659-dc63-4d9b-829e-e1b1a06d4c63 for RaftStorage:Storage Directory /workdir/hadoop-ozone/integration-test/target/test-dir/MiniOzoneClusterImpl-55f3577b-d091-4ab9-9685-f42e74419794/datanode-3/data/ratis/096e1659-dc63-4d9b-829e-e1b1a06d4c63
2019-08-30 03:52:03,177 [pool-549-thread-1] INFO  server.RaftServerConfigKeys (ConfUtils.java:logGet(43)) - raft.server.log.appender.buffer.byte-limit = 33554432 (custom)
2019-08-30 03:52:03,178 [pool-529-thread-1] INFO  server.RaftServerConfigKeys (ConfUtils.java:logGet(43)) - raft.server.log.queue.byte-limit = 2147483647 (custom)
2019-08-30 03:52:03,178 [pool-529-thread-1] INFO  server.RaftServerConfigKeys (ConfUtils.java:logGet(43)) - raft.server.log.queue.element-limit = 1024 (custom)
2019-08-30 03:52:03,178 [pool-539-thread-1] INFO  server.RaftServerConfigKeys (ConfUtils.java:logGet(43)) - raft.server.log.appender.buffer.byte-limit = 33554432 (custom)
2019-08-30 03:52:03,178 [pool-529-thread-1] INFO  server.RaftServerConfigKeys (ConfUtils.java:logGet(43)) - raft.server.log.segment.size.max = 1048576 (custom)
2019-08-30 03:52:03,178 [pool-549-thread-1] INFO  server.RaftServerConfigKeys (ConfUtils.java:logGet(43)) - raft.server.log.segment.size.max = 1048576 (custom)
2019-08-30 03:52:03,179 [pool-529-thread-1] INFO  server.RaftServerConfigKeys (ConfUtils.java:logGet(43)) - raft.server.log.preallocated.size = 16384 (custom)
2019-08-30 03:52:03,179 [pool-539-thread-1] INFO  server.RaftServerConfigKeys (ConfUtils.java:logGet(43)) - raft.server.log.segment.size.max = 1048576 (custom)
2019-08-30 03:52:03,179 [pool-529-thread-1] INFO  server.RaftServerConfigKeys (ConfUtils.java:logGet(43)) - raft.server.log.write.buffer.size = 33554432 (custom)
2019-08-30 03:52:03,179 [pool-529-thread-1] INFO  server.RaftServerConfigKeys (ConfUtils.java:logGet(43)) - raft.server.log.force.sync.num = 128 (default)
2019-08-30 03:52:03,179 [pool-549-thread-1] INFO  server.RaftServerConfigKeys (ConfUtils.java:logGet(43)) - raft.server.log.segment.cache.num.max = 2 (custom)
2019-08-30 03:52:03,179 [pool-529-thread-1] INFO  server.RaftServerConfigKeys (ConfUtils.java:logGet(43)) - raft.server.log.statemachine.data.sync = true (default)
2019-08-30 03:52:03,180 [pool-529-thread-1] INFO  server.RaftServerConfigKeys (ConfUtils.java:logGet(43)) - raft.server.log.statemachine.data.sync.timeout = 10s (default)
2019-08-30 03:52:03,179 [pool-539-thread-1] INFO  server.RaftServerConfigKeys (ConfUtils.java:logGet(43)) - raft.server.log.segment.cache.num.max = 2 (custom)
2019-08-30 03:52:03,180 [pool-529-thread-1] INFO  server.RaftServerConfigKeys (ConfUtils.java:logGet(43)) - raft.server.log.statemachine.data.sync.timeout.retry = -1 (default)
2019-08-30 03:52:03,180 [pool-549-thread-1] INFO  segmented.SegmentedRaftLogWorker (SegmentedRaftLogWorker.java:<init>(172)) - new 0013325a-9f0e-48ed-94a6-e4513394336e-SegmentedRaftLogWorker:Storage Directory /workdir/hadoop-ozone/integration-test/target/test-dir/MiniOzoneClusterImpl-55f3577b-d091-4ab9-9685-f42e74419794/datanode-5/data/ratis/096e1659-dc63-4d9b-829e-e1b1a06d4c63 for RaftStorage:Storage Directory /workdir/hadoop-ozone/integration-test/target/test-dir/MiniOzoneClusterImpl-55f3577b-d091-4ab9-9685-f42e74419794/datanode-5/data/ratis/096e1659-dc63-4d9b-829e-e1b1a06d4c63
2019-08-30 03:52:03,180 [pool-529-thread-1] INFO  server.RaftServerConfigKeys (ConfUtils.java:logGet(43)) - raft.server.log.statemachine.data.caching.enabled = true (custom)
2019-08-30 03:52:03,180 [pool-539-thread-1] INFO  segmented.SegmentedRaftLogWorker (SegmentedRaftLogWorker.java:<init>(172)) - new 621705e7-357c-4de4-a93e-65622c5fc502-SegmentedRaftLogWorker:Storage Directory /workdir/hadoop-ozone/integration-test/target/test-dir/MiniOzoneClusterImpl-55f3577b-d091-4ab9-9685-f42e74419794/datanode-4/data/ratis/096e1659-dc63-4d9b-829e-e1b1a06d4c63 for RaftStorage:Storage Directory /workdir/hadoop-ozone/integration-test/target/test-dir/MiniOzoneClusterImpl-55f3577b-d091-4ab9-9685-f42e74419794/datanode-4/data/ratis/096e1659-dc63-4d9b-829e-e1b1a06d4c63
2019-08-30 03:52:03,180 [pool-549-thread-1] INFO  server.RaftServerConfigKeys (ConfUtils.java:logGet(43)) - raft.server.log.queue.byte-limit = 2147483647 (custom)
2019-08-30 03:52:03,181 [pool-529-thread-1] INFO  segmented.SegmentedRaftLogWorker (SegmentedRaftLogWorker.java:lambda$new$0(132)) - d0043b8f-59eb-4c5c-80f3-5a4bc9982bd5-SegmentedRaftLogWorker:Storage Directory /workdir/hadoop-ozone/integration-test/target/test-dir/MiniOzoneClusterImpl-55f3577b-d091-4ab9-9685-f42e74419794/datanode-3/data/ratis/096e1659-dc63-4d9b-829e-e1b1a06d4c63: flushIndex: setUnconditionally 0 -> -1
2019-08-30 03:52:03,181 [pool-539-thread-1] INFO  server.RaftServerConfigKeys (ConfUtils.java:logGet(43)) - raft.server.log.queue.byte-limit = 2147483647 (custom)
2019-08-30 03:52:03,181 [pool-529-thread-1] INFO  server.RaftServerConfigKeys (ConfUtils.java:logGet(43)) - raft.server.snapshot.auto.trigger.enabled = true (custom)
2019-08-30 03:52:03,181 [pool-549-thread-1] INFO  server.RaftServerConfigKeys (ConfUtils.java:logGet(43)) - raft.server.log.queue.element-limit = 1024 (custom)
2019-08-30 03:52:03,181 [pool-529-thread-1] INFO  server.RaftServerConfigKeys (ConfUtils.java:logGet(43)) - raft.server.snapshot.auto.trigger.threshold = 10000 (custom)
2019-08-30 03:52:03,181 [pool-539-thread-1] INFO  server.RaftServerConfigKeys (ConfUtils.java:logGet(43)) - raft.server.log.queue.element-limit = 1024 (custom)
2019-08-30 03:52:03,182 [pool-529-thread-1] INFO  server.RaftServerConfigKeys (ConfUtils.java:logGet(43)) - raft.server.retrycache.expirytime = 600000ms (custom)
2019-08-30 03:52:03,182 [pool-549-thread-1] INFO  server.RaftServerConfigKeys (ConfUtils.java:logGet(43)) - raft.server.log.segment.size.max = 1048576 (custom)
2019-08-30 03:52:03,182 [pool-529-thread-1] INFO  impl.RaftServerImpl (RaftServerImpl.java:start(180)) - d0043b8f-59eb-4c5c-80f3-5a4bc9982bd5: start group-E1B1A06D4C63
2019-08-30 03:52:03,182 [pool-539-thread-1] INFO  server.RaftServerConfigKeys (ConfUtils.java:logGet(43)) - raft.server.log.segment.size.max = 1048576 (custom)
2019-08-30 03:52:03,182 [pool-529-thread-1] INFO  impl.RaftServerImpl (RaftServerImpl.java:setRole(171)) - d0043b8f-59eb-4c5c-80f3-5a4bc9982bd5:group-E1B1A06D4C63 changes role from null to FOLLOWER at term 0 for startAsFollower
2019-08-30 03:52:03,182 [pool-549-thread-1] INFO  server.RaftServerConfigKeys (ConfUtils.java:logGet(43)) - raft.server.log.preallocated.size = 16384 (custom)
2019-08-30 03:52:03,183 [pool-529-thread-1] INFO  impl.RoleInfo (RoleInfo.java:updateAndGet(143)) - d0043b8f-59eb-4c5c-80f3-5a4bc9982bd5: start FollowerState
2019-08-30 03:52:03,183 [pool-539-thread-1] INFO  server.RaftServerConfigKeys (ConfUtils.java:logGet(43)) - raft.server.log.preallocated.size = 16384 (custom)
2019-08-30 03:52:03,183 [pool-549-thread-1] INFO  server.RaftServerConfigKeys (ConfUtils.java:logGet(43)) - raft.server.log.write.buffer.size = 33554432 (custom)
2019-08-30 03:52:03,183 [pool-529-thread-1] INFO  util.JmxRegister (JmxRegister.java:tryRegister(44)) - Successfully registered JMX Bean with object name Ratis:service=RaftServer,group=group-E1B1A06D4C63,id=d0043b8f-59eb-4c5c-80f3-5a4bc9982bd5
2019-08-30 03:52:03,183 [pool-539-thread-1] INFO  server.RaftServerConfigKeys (ConfUtils.java:logGet(43)) - raft.server.log.write.buffer.size = 33554432 (custom)
2019-08-30 03:52:03,183 [pool-549-thread-1] INFO  server.RaftServerConfigKeys (ConfUtils.java:logGet(43)) - raft.server.log.force.sync.num = 128 (default)
2019-08-30 03:52:03,184 [pool-539-thread-1] INFO  server.RaftServerConfigKeys (ConfUtils.java:logGet(43)) - raft.server.log.force.sync.num = 128 (default)
2019-08-30 03:52:03,184 [pool-549-thread-1] INFO  server.RaftServerConfigKeys (ConfUtils.java:logGet(43)) - raft.server.log.statemachine.data.sync = true (default)
2019-08-30 03:52:03,184 [pool-539-thread-1] INFO  server.RaftServerConfigKeys (ConfUtils.java:logGet(43)) - raft.server.log.statemachine.data.sync = true (default)
2019-08-30 03:52:03,184 [pool-549-thread-1] INFO  server.RaftServerConfigKeys (ConfUtils.java:logGet(43)) - raft.server.log.statemachine.data.sync.timeout = 10s (default)
2019-08-30 03:52:03,184 [pool-539-thread-1] INFO  server.RaftServerConfigKeys (ConfUtils.java:logGet(43)) - raft.server.log.statemachine.data.sync.timeout = 10s (default)
2019-08-30 03:52:03,185 [pool-549-thread-1] INFO  server.RaftServerConfigKeys (ConfUtils.java:logGet(43)) - raft.server.log.statemachine.data.sync.timeout.retry = -1 (default)
2019-08-30 03:52:03,185 [pool-539-thread-1] INFO  server.RaftServerConfigKeys (ConfUtils.java:logGet(43)) - raft.server.log.statemachine.data.sync.timeout.retry = -1 (default)
2019-08-30 03:52:03,185 [pool-549-thread-1] INFO  server.RaftServerConfigKeys (ConfUtils.java:logGet(43)) - raft.server.log.statemachine.data.caching.enabled = true (custom)
2019-08-30 03:52:03,185 [pool-539-thread-1] INFO  server.RaftServerConfigKeys (ConfUtils.java:logGet(43)) - raft.server.log.statemachine.data.caching.enabled = true (custom)
2019-08-30 03:52:03,186 [pool-549-thread-1] INFO  segmented.SegmentedRaftLogWorker (SegmentedRaftLogWorker.java:lambda$new$0(132)) - 0013325a-9f0e-48ed-94a6-e4513394336e-SegmentedRaftLogWorker:Storage Directory /workdir/hadoop-ozone/integration-test/target/test-dir/MiniOzoneClusterImpl-55f3577b-d091-4ab9-9685-f42e74419794/datanode-5/data/ratis/096e1659-dc63-4d9b-829e-e1b1a06d4c63: flushIndex: setUnconditionally 0 -> -1
2019-08-30 03:52:03,186 [pool-539-thread-1] INFO  segmented.SegmentedRaftLogWorker (SegmentedRaftLogWorker.java:lambda$new$0(132)) - 621705e7-357c-4de4-a93e-65622c5fc502-SegmentedRaftLogWorker:Storage Directory /workdir/hadoop-ozone/integration-test/target/test-dir/MiniOzoneClusterImpl-55f3577b-d091-4ab9-9685-f42e74419794/datanode-4/data/ratis/096e1659-dc63-4d9b-829e-e1b1a06d4c63: flushIndex: setUnconditionally 0 -> -1
2019-08-30 03:52:03,186 [pool-549-thread-1] INFO  server.RaftServerConfigKeys (ConfUtils.java:logGet(43)) - raft.server.snapshot.auto.trigger.enabled = true (custom)
2019-08-30 03:52:03,186 [pool-549-thread-1] INFO  server.RaftServerConfigKeys (ConfUtils.java:logGet(43)) - raft.server.snapshot.auto.trigger.threshold = 10000 (custom)
2019-08-30 03:52:03,186 [pool-539-thread-1] INFO  server.RaftServerConfigKeys (ConfUtils.java:logGet(43)) - raft.server.snapshot.auto.trigger.enabled = true (custom)
2019-08-30 03:52:03,186 [pool-549-thread-1] INFO  server.RaftServerConfigKeys (ConfUtils.java:logGet(43)) - raft.server.retrycache.expirytime = 600000ms (custom)
2019-08-30 03:52:03,187 [pool-539-thread-1] INFO  server.RaftServerConfigKeys (ConfUtils.java:logGet(43)) - raft.server.snapshot.auto.trigger.threshold = 10000 (custom)
2019-08-30 03:52:03,187 [pool-549-thread-1] INFO  impl.RaftServerImpl (RaftServerImpl.java:start(180)) - 0013325a-9f0e-48ed-94a6-e4513394336e: start group-E1B1A06D4C63
2019-08-30 03:52:03,187 [pool-539-thread-1] INFO  server.RaftServerConfigKeys (ConfUtils.java:logGet(43)) - raft.server.retrycache.expirytime = 600000ms (custom)
2019-08-30 03:52:03,187 [pool-549-thread-1] INFO  impl.RaftServerImpl (RaftServerImpl.java:setRole(171)) - 0013325a-9f0e-48ed-94a6-e4513394336e:group-E1B1A06D4C63 changes role from null to FOLLOWER at term 0 for startAsFollower
2019-08-30 03:52:03,187 [pool-539-thread-1] INFO  impl.RaftServerImpl (RaftServerImpl.java:start(180)) - 621705e7-357c-4de4-a93e-65622c5fc502: start group-E1B1A06D4C63
2019-08-30 03:52:03,187 [pool-549-thread-1] INFO  impl.RoleInfo (RoleInfo.java:updateAndGet(143)) - 0013325a-9f0e-48ed-94a6-e4513394336e: start FollowerState
2019-08-30 03:52:03,187 [pool-539-thread-1] INFO  impl.RaftServerImpl (RaftServerImpl.java:setRole(171)) - 621705e7-357c-4de4-a93e-65622c5fc502:group-E1B1A06D4C63 changes role from null to FOLLOWER at term 0 for startAsFollower
2019-08-30 03:52:03,188 [pool-539-thread-1] INFO  impl.RoleInfo (RoleInfo.java:updateAndGet(143)) - 621705e7-357c-4de4-a93e-65622c5fc502: start FollowerState
2019-08-30 03:52:03,188 [pool-549-thread-1] INFO  util.JmxRegister (JmxRegister.java:tryRegister(44)) - Successfully registered JMX Bean with object name Ratis:service=RaftServer,group=group-E1B1A06D4C63,id=0013325a-9f0e-48ed-94a6-e4513394336e
2019-08-30 03:52:03,188 [pool-539-thread-1] INFO  util.JmxRegister (JmxRegister.java:tryRegister(44)) - Successfully registered JMX Bean with object name Ratis:service=RaftServer,group=group-E1B1A06D4C63,id=621705e7-357c-4de4-a93e-65622c5fc502
2019-08-30 03:52:03,191 [RatisPipelineUtilsThread] INFO  pipeline.PipelineStateManager (PipelineStateManager.java:addPipeline(56)) - Created pipeline Pipeline[ Id: 096e1659-dc63-4d9b-829e-e1b1a06d4c63, Nodes: 0013325a-9f0e-48ed-94a6-e4513394336e{ip: 192.168.157.199, host: pr-hdds-2057-gndl4-2748649462, networkLocation: /default-rack, certSerialId: null}d0043b8f-59eb-4c5c-80f3-5a4bc9982bd5{ip: 192.168.157.199, host: pr-hdds-2057-gndl4-2748649462, networkLocation: /default-rack, certSerialId: null}621705e7-357c-4de4-a93e-65622c5fc502{ip: 192.168.157.199, host: pr-hdds-2057-gndl4-2748649462, networkLocation: /default-rack, certSerialId: null}, Type:RATIS, Factor:THREE, State:OPEN]
2019-08-30 03:52:04,010 [main] INFO  ozone.MiniOzoneClusterImpl (MiniOzoneClusterImpl.java:lambda$waitForClusterToBeReady$0(140)) - Cluster is ready. Got 7 of 7 DN Heartbeats.
2019-08-30 03:52:04,045 [main] INFO  rpc.RpcClient (RpcClient.java:createVolume(293)) - Creating Volume: testblockoutputstream, with jenkins1000 as owner.
2019-08-30 03:52:04,048 | INFO  | OMAudit | user=jenkins1000 | ip=127.0.0.1 | op=CREATE_VOLUME {admin=jenkins1000, owner=jenkins1000, volume=testblockoutputstream, creationTime=1567137124047, quotaInBytes=1152921504606846976} | ret=SUCCESS |  
2019-08-30 03:52:04,061 | INFO  | OMAudit | user=jenkins1000 | ip=127.0.0.1 | op=READ_VOLUME {volume=testblockoutputstream} | ret=SUCCESS |  
2019-08-30 03:52:04,062 [main] INFO  rpc.RpcClient (RpcClient.java:createBucket(432)) - Creating Bucket: testblockoutputstream/testblockoutputstream, with Versioning false and Storage Type set to DISK and Encryption set to false 
2019-08-30 03:52:04,067 | INFO  | OMAudit | user=jenkins1000 | ip=127.0.0.1 | op=CREATE_BUCKET {volume=testblockoutputstream, bucket=testblockoutputstream, acls=[user:jenkins1000:a[ACCESS], group:default:a[ACCESS]], isVersionEnabled=false, storageType=DISK, creationTime=0} | ret=SUCCESS |  
2019-08-30 03:52:04,069 | INFO  | OMAudit | user=jenkins1000 | ip=127.0.0.1 | op=READ_VOLUME {volume=testblockoutputstream} | ret=SUCCESS |  
2019-08-30 03:52:04,071 | INFO  | OMAudit | user=jenkins1000 | ip=127.0.0.1 | op=READ_BUCKET {volume=testblockoutputstream, bucket=testblockoutputstream} | ret=SUCCESS |  
2019-08-30 03:52:04,075 | INFO  | SCMAudit | user=jenkins1000 | ip=192.168.157.199 | op=ALLOCATE_BLOCK {owner=68905562-e298-4cdd-915f-b57c329b415f, size=800, type=RATIS, factor=THREE} | ret=SUCCESS |  
2019-08-30 03:52:04,079 | INFO  | OMAudit | user=jenkins1000 | ip=127.0.0.1 | op=ALLOCATE_KEY {volume=testblockoutputstream, bucket=testblockoutputstream, key=e200ad93-b34f-43d9-a2b1-438335fa158a, dataSize=0, replicationType=RATIS, replicationFactor=THREE, keyLocationInfo=null} | ret=SUCCESS |  
2019-08-30 03:52:04,093 [grpc-default-executor-3] INFO  client.GrpcClientProtocolClient (GrpcClientProtocolClient.java:onNext(255)) - client-1F931287C9EA->0013325a-9f0e-48ed-94a6-e4513394336e: receive RaftClientReply:client-1F931287C9EA->0013325a-9f0e-48ed-94a6-e4513394336e@group-E1B1A06D4C63, cid=205, FAILED org.apache.ratis.protocol.NotLeaderException: Server 0013325a-9f0e-48ed-94a6-e4513394336e is not the leader (null). Request must be sent to leader., logIndex=0, commits[0013325a-9f0e-48ed-94a6-e4513394336e:c-1]
2019-08-30 03:52:04,609 | INFO  | SCMAudit | user=jenkins1000 | ip=192.168.157.199 | op=SEND_HEARTBEAT {datanodeUUID=05e7d200-5199-4ca5-931c-a5057568ec42, command=[]} | ret=SUCCESS |  
2019-08-30 03:52:04,669 | INFO  | SCMAudit | user=jenkins1000 | ip=192.168.157.199 | op=SEND_HEARTBEAT {datanodeUUID=ee201a4f-0c90-4d0b-960f-697ba0938c35, command=[]} | ret=SUCCESS |  
2019-08-30 03:52:04,732 | INFO  | SCMAudit | user=jenkins1000 | ip=192.168.157.199 | op=SEND_HEARTBEAT {datanodeUUID=27d43df4-a2f1-4425-a17f-ad30e0ce4398, command=[]} | ret=SUCCESS |  
2019-08-30 03:52:04,796 | INFO  | SCMAudit | user=jenkins1000 | ip=192.168.157.199 | op=SEND_HEARTBEAT {datanodeUUID=d0043b8f-59eb-4c5c-80f3-5a4bc9982bd5, command=[]} | ret=SUCCESS |  
2019-08-30 03:52:04,876 | INFO  | SCMAudit | user=jenkins1000 | ip=192.168.157.199 | op=SEND_HEARTBEAT {datanodeUUID=621705e7-357c-4de4-a93e-65622c5fc502, command=[]} | ret=SUCCESS |  
2019-08-30 03:52:04,956 | INFO  | SCMAudit | user=jenkins1000 | ip=192.168.157.199 | op=SEND_HEARTBEAT {datanodeUUID=0013325a-9f0e-48ed-94a6-e4513394336e, command=[]} | ret=SUCCESS |  
2019-08-30 03:52:05,010 | INFO  | SCMAudit | user=jenkins1000 | ip=192.168.157.199 | op=SEND_HEARTBEAT {datanodeUUID=8751c1ff-b790-41e3-80e1-6949a3f5d06f, command=[]} | ret=SUCCESS |  
2019-08-30 03:52:05,107 [grpc-default-executor-3] INFO  client.GrpcClientProtocolClient (GrpcClientProtocolClient.java:onNext(255)) - client-1F931287C9EA->d0043b8f-59eb-4c5c-80f3-5a4bc9982bd5: receive RaftClientReply:client-1F931287C9EA->d0043b8f-59eb-4c5c-80f3-5a4bc9982bd5@group-E1B1A06D4C63, cid=205, FAILED org.apache.ratis.protocol.NotLeaderException: Server d0043b8f-59eb-4c5c-80f3-5a4bc9982bd5 is not the leader (null). Request must be sent to leader., logIndex=0, commits[d0043b8f-59eb-4c5c-80f3-5a4bc9982bd5:c-1]
2019-08-30 03:52:05,609 | INFO  | SCMAudit | user=jenkins1000 | ip=192.168.157.199 | op=SEND_HEARTBEAT {datanodeUUID=05e7d200-5199-4ca5-931c-a5057568ec42, command=[]} | ret=SUCCESS |  
2019-08-30 03:52:05,622 [Thread-3862] INFO  container.ReplicationManager (ReplicationManager.java:start(152)) - Starting Replication Monitor Thread.
2019-08-30 03:52:05,626 [ReplicationMonitor] INFO  container.ReplicationManager (ReplicationManager.java:run(215)) - Replication Monitor Thread took 0 milliseconds for processing 1 containers.
2019-08-30 03:52:05,669 | INFO  | SCMAudit | user=jenkins1000 | ip=192.168.157.199 | op=SEND_HEARTBEAT {datanodeUUID=ee201a4f-0c90-4d0b-960f-697ba0938c35, command=[]} | ret=SUCCESS |  
2019-08-30 03:52:05,732 | INFO  | SCMAudit | user=jenkins1000 | ip=192.168.157.199 | op=SEND_HEARTBEAT {datanodeUUID=27d43df4-a2f1-4425-a17f-ad30e0ce4398, command=[]} | ret=SUCCESS |  
2019-08-30 03:52:05,796 | INFO  | SCMAudit | user=jenkins1000 | ip=192.168.157.199 | op=SEND_HEARTBEAT {datanodeUUID=d0043b8f-59eb-4c5c-80f3-5a4bc9982bd5, command=[]} | ret=SUCCESS |  
2019-08-30 03:52:05,876 | INFO  | SCMAudit | user=jenkins1000 | ip=192.168.157.199 | op=SEND_HEARTBEAT {datanodeUUID=621705e7-357c-4de4-a93e-65622c5fc502, command=[]} | ret=SUCCESS |  
2019-08-30 03:52:05,956 | INFO  | SCMAudit | user=jenkins1000 | ip=192.168.157.199 | op=SEND_HEARTBEAT {datanodeUUID=0013325a-9f0e-48ed-94a6-e4513394336e, command=[]} | ret=SUCCESS |  
2019-08-30 03:52:06,010 | INFO  | SCMAudit | user=jenkins1000 | ip=192.168.157.199 | op=SEND_HEARTBEAT {datanodeUUID=8751c1ff-b790-41e3-80e1-6949a3f5d06f, command=[]} | ret=SUCCESS |  
2019-08-30 03:52:06,117 [grpc-default-executor-3] INFO  client.GrpcClientProtocolClient (GrpcClientProtocolClient.java:onNext(255)) - client-1F931287C9EA->0013325a-9f0e-48ed-94a6-e4513394336e: receive RaftClientReply:client-1F931287C9EA->0013325a-9f0e-48ed-94a6-e4513394336e@group-E1B1A06D4C63, cid=205, FAILED org.apache.ratis.protocol.NotLeaderException: Server 0013325a-9f0e-48ed-94a6-e4513394336e is not the leader (null). Request must be sent to leader., logIndex=0, commits[0013325a-9f0e-48ed-94a6-e4513394336e:c-1]
2019-08-30 03:52:06,608 | INFO  | SCMAudit | user=jenkins1000 | ip=192.168.157.199 | op=SEND_HEARTBEAT {datanodeUUID=05e7d200-5199-4ca5-931c-a5057568ec42, command=[]} | ret=SUCCESS |  
2019-08-30 03:52:06,670 | INFO  | SCMAudit | user=jenkins1000 | ip=192.168.157.199 | op=SEND_HEARTBEAT {datanodeUUID=ee201a4f-0c90-4d0b-960f-697ba0938c35, command=[]} | ret=SUCCESS |  
2019-08-30 03:52:06,732 | INFO  | SCMAudit | user=jenkins1000 | ip=192.168.157.199 | op=SEND_HEARTBEAT {datanodeUUID=27d43df4-a2f1-4425-a17f-ad30e0ce4398, command=[]} | ret=SUCCESS |  
2019-08-30 03:52:06,797 | INFO  | SCMAudit | user=jenkins1000 | ip=192.168.157.199 | op=SEND_HEARTBEAT {datanodeUUID=d0043b8f-59eb-4c5c-80f3-5a4bc9982bd5, command=[]} | ret=SUCCESS |  
2019-08-30 03:52:06,876 | INFO  | SCMAudit | user=jenkins1000 | ip=192.168.157.199 | op=SEND_HEARTBEAT {datanodeUUID=621705e7-357c-4de4-a93e-65622c5fc502, command=[]} | ret=SUCCESS |  
2019-08-30 03:52:06,956 | INFO  | SCMAudit | user=jenkins1000 | ip=192.168.157.199 | op=SEND_HEARTBEAT {datanodeUUID=0013325a-9f0e-48ed-94a6-e4513394336e, command=[]} | ret=SUCCESS |  
2019-08-30 03:52:07,010 | INFO  | SCMAudit | user=jenkins1000 | ip=192.168.157.199 | op=SEND_HEARTBEAT {datanodeUUID=8751c1ff-b790-41e3-80e1-6949a3f5d06f, command=[]} | ret=SUCCESS |  
2019-08-30 03:52:07,148 [grpc-default-executor-5] INFO  client.GrpcClientProtocolClient (GrpcClientProtocolClient.java:onNext(255)) - client-1F931287C9EA->621705e7-357c-4de4-a93e-65622c5fc502: receive RaftClientReply:client-1F931287C9EA->621705e7-357c-4de4-a93e-65622c5fc502@group-E1B1A06D4C63, cid=205, FAILED org.apache.ratis.protocol.NotLeaderException: Server 621705e7-357c-4de4-a93e-65622c5fc502 is not the leader (null). Request must be sent to leader., logIndex=0, commits[621705e7-357c-4de4-a93e-65622c5fc502:c-1]
2019-08-30 03:52:07,608 | INFO  | SCMAudit | user=jenkins1000 | ip=192.168.157.199 | op=SEND_HEARTBEAT {datanodeUUID=05e7d200-5199-4ca5-931c-a5057568ec42, command=[]} | ret=SUCCESS |  
2019-08-30 03:52:07,669 | INFO  | SCMAudit | user=jenkins1000 | ip=192.168.157.199 | op=SEND_HEARTBEAT {datanodeUUID=ee201a4f-0c90-4d0b-960f-697ba0938c35, command=[]} | ret=SUCCESS |  
2019-08-30 03:52:07,733 | INFO  | SCMAudit | user=jenkins1000 | ip=192.168.157.199 | op=SEND_HEARTBEAT {datanodeUUID=27d43df4-a2f1-4425-a17f-ad30e0ce4398, command=[]} | ret=SUCCESS |  
2019-08-30 03:52:07,758 [Thread-3864] INFO  impl.FollowerState (FollowerState.java:run(106)) - 05e7d200-5199-4ca5-931c-a5057568ec42:group-2E4EFA1C4802 changes to CANDIDATE, lastRpcTime:5093, electionTimeout:5093ms
2019-08-30 03:52:07,759 [Thread-3864] INFO  impl.RoleInfo (RoleInfo.java:shutdownFollowerState(121)) - 05e7d200-5199-4ca5-931c-a5057568ec42: shutdown FollowerState
2019-08-30 03:52:07,759 [Thread-3864] INFO  impl.RaftServerImpl (RaftServerImpl.java:setRole(171)) - 05e7d200-5199-4ca5-931c-a5057568ec42:group-2E4EFA1C4802 changes role from FOLLOWER to CANDIDATE at term 0 for changeToCandidate
2019-08-30 03:52:07,759 [Thread-3864] INFO  impl.RoleInfo (RoleInfo.java:updateAndGet(143)) - 05e7d200-5199-4ca5-931c-a5057568ec42: start LeaderElection
2019-08-30 03:52:07,778 [Thread-3867] INFO  impl.FollowerState (FollowerState.java:run(106)) - ee201a4f-0c90-4d0b-960f-697ba0938c35:group-A1F8C0F85BAA changes to CANDIDATE, lastRpcTime:5068, electionTimeout:5068ms
2019-08-30 03:52:07,778 [Thread-3867] INFO  impl.RoleInfo (RoleInfo.java:shutdownFollowerState(121)) - ee201a4f-0c90-4d0b-960f-697ba0938c35: shutdown FollowerState
2019-08-30 03:52:07,778 [Thread-3867] INFO  impl.RaftServerImpl (RaftServerImpl.java:setRole(171)) - ee201a4f-0c90-4d0b-960f-697ba0938c35:group-A1F8C0F85BAA changes role from FOLLOWER to CANDIDATE at term 0 for changeToCandidate
2019-08-30 03:52:07,778 [Thread-3867] INFO  impl.RoleInfo (RoleInfo.java:updateAndGet(143)) - ee201a4f-0c90-4d0b-960f-697ba0938c35: start LeaderElection
2019-08-30 03:52:07,790 [05e7d200-5199-4ca5-931c-a5057568ec42:group-2E4EFA1C4802:LeaderElection75] INFO  impl.LeaderElection (LeaderElection.java:askForVotes(181)) - 05e7d200-5199-4ca5-931c-a5057568ec42:group-2E4EFA1C4802:LeaderElection75: begin an election at term 1 for -1: [05e7d200-5199-4ca5-931c-a5057568ec42:192.168.157.199:39559], old=null
2019-08-30 03:52:07,791 [05e7d200-5199-4ca5-931c-a5057568ec42:group-2E4EFA1C4802:LeaderElection75] INFO  impl.RoleInfo (RoleInfo.java:shutdownLeaderElection(134)) - 05e7d200-5199-4ca5-931c-a5057568ec42: shutdown LeaderElection
2019-08-30 03:52:07,791 [05e7d200-5199-4ca5-931c-a5057568ec42:group-2E4EFA1C4802:LeaderElection75] INFO  impl.RaftServerImpl (RaftServerImpl.java:setRole(171)) - 05e7d200-5199-4ca5-931c-a5057568ec42:group-2E4EFA1C4802 changes role from CANDIDATE to LEADER at term 1 for changeToLeader
2019-08-30 03:52:07,791 [05e7d200-5199-4ca5-931c-a5057568ec42:group-2E4EFA1C4802:LeaderElection75] INFO  impl.RaftServerImpl (ServerState.java:setLeader(263)) - 05e7d200-5199-4ca5-931c-a5057568ec42:group-2E4EFA1C4802 change Leader from null to 05e7d200-5199-4ca5-931c-a5057568ec42 at term 1 for becomeLeader, leader elected after 5131ms
2019-08-30 03:52:07,791 [05e7d200-5199-4ca5-931c-a5057568ec42:group-2E4EFA1C4802:LeaderElection75] INFO  server.RaftServerConfigKeys (ConfUtils.java:logGet(43)) - raft.server.staging.catchup.gap = 1000 (default)
2019-08-30 03:52:07,791 [05e7d200-5199-4ca5-931c-a5057568ec42:group-2E4EFA1C4802:LeaderElection75] INFO  server.RaftServerConfigKeys (ConfUtils.java:logGet(43)) - raft.server.rpc.sleep.time = 25ms (default)
2019-08-30 03:52:07,791 [05e7d200-5199-4ca5-931c-a5057568ec42:group-2E4EFA1C4802:LeaderElection75] INFO  server.RaftServerConfigKeys (ConfUtils.java:logGet(43)) - raft.server.write.element-limit = 4096 (default)
2019-08-30 03:52:07,792 [05e7d200-5199-4ca5-931c-a5057568ec42:group-2E4EFA1C4802:LeaderElection75] INFO  server.RaftServerConfigKeys (ConfUtils.java:logGet(43)) - raft.server.watch.timeout = 10s (default)
2019-08-30 03:52:07,792 [05e7d200-5199-4ca5-931c-a5057568ec42:group-2E4EFA1C4802:LeaderElection75] INFO  server.RaftServerConfigKeys (ConfUtils.java:logGet(43)) - raft.server.watch.timeout.denomination = 1s (default)
2019-08-30 03:52:07,792 [05e7d200-5199-4ca5-931c-a5057568ec42:group-2E4EFA1C4802:LeaderElection75] INFO  server.RaftServerConfigKeys (ConfUtils.java:logGet(43)) - raft.server.watch.element-limit = 65536 (default)
2019-08-30 03:52:07,792 [05e7d200-5199-4ca5-931c-a5057568ec42:group-2E4EFA1C4802:LeaderElection75] INFO  impl.RoleInfo (RoleInfo.java:updateAndGet(143)) - 05e7d200-5199-4ca5-931c-a5057568ec42: start LeaderState
2019-08-30 03:52:07,793 [05e7d200-5199-4ca5-931c-a5057568ec42:group-2E4EFA1C4802:LeaderElection75] INFO  segmented.SegmentedRaftLogWorker (SegmentedRaftLogWorker.java:startLogSegment(380)) - 05e7d200-5199-4ca5-931c-a5057568ec42-SegmentedRaftLogWorker:Storage Directory /workdir/hadoop-ozone/integration-test/target/test-dir/MiniOzoneClusterImpl-55f3577b-d091-4ab9-9685-f42e74419794/datanode-0/data/ratis/de087564-31a5-4f91-9bc3-2e4efa1c4802: Starting segment from index:0
2019-08-30 03:52:07,793 [05e7d200-5199-4ca5-931c-a5057568ec42:group-2E4EFA1C4802:LeaderElection75] INFO  impl.RaftServerImpl (ServerState.java:setRaftConf(361)) - 05e7d200-5199-4ca5-931c-a5057568ec42:group-2E4EFA1C4802 set configuration 0: [05e7d200-5199-4ca5-931c-a5057568ec42:192.168.157.199:39559], old=null at 0
2019-08-30 03:52:07,794 [ee201a4f-0c90-4d0b-960f-697ba0938c35:group-A1F8C0F85BAA:LeaderElection76] INFO  impl.LeaderElection (LeaderElection.java:askForVotes(181)) - ee201a4f-0c90-4d0b-960f-697ba0938c35:group-A1F8C0F85BAA:LeaderElection76: begin an election at term 1 for -1: [ee201a4f-0c90-4d0b-960f-697ba0938c35:192.168.157.199:37056], old=null
2019-08-30 03:52:07,794 [ee201a4f-0c90-4d0b-960f-697ba0938c35:group-A1F8C0F85BAA:LeaderElection76] INFO  impl.RoleInfo (RoleInfo.java:shutdownLeaderElection(134)) - ee201a4f-0c90-4d0b-960f-697ba0938c35: shutdown LeaderElection
2019-08-30 03:52:07,794 [ee201a4f-0c90-4d0b-960f-697ba0938c35:group-A1F8C0F85BAA:LeaderElection76] INFO  impl.RaftServerImpl (RaftServerImpl.java:setRole(171)) - ee201a4f-0c90-4d0b-960f-697ba0938c35:group-A1F8C0F85BAA changes role from CANDIDATE to LEADER at term 1 for changeToLeader
2019-08-30 03:52:07,795 [ee201a4f-0c90-4d0b-960f-697ba0938c35:group-A1F8C0F85BAA:LeaderElection76] INFO  impl.RaftServerImpl (ServerState.java:setLeader(263)) - ee201a4f-0c90-4d0b-960f-697ba0938c35:group-A1F8C0F85BAA change Leader from null to ee201a4f-0c90-4d0b-960f-697ba0938c35 at term 1 for becomeLeader, leader elected after 5089ms
2019-08-30 03:52:07,795 [ee201a4f-0c90-4d0b-960f-697ba0938c35:group-A1F8C0F85BAA:LeaderElection76] INFO  server.RaftServerConfigKeys (ConfUtils.java:logGet(43)) - raft.server.staging.catchup.gap = 1000 (default)
2019-08-30 03:52:07,795 [ee201a4f-0c90-4d0b-960f-697ba0938c35:group-A1F8C0F85BAA:LeaderElection76] INFO  server.RaftServerConfigKeys (ConfUtils.java:logGet(43)) - raft.server.rpc.sleep.time = 25ms (default)
2019-08-30 03:52:07,795 [ee201a4f-0c90-4d0b-960f-697ba0938c35:group-A1F8C0F85BAA:LeaderElection76] INFO  server.RaftServerConfigKeys (ConfUtils.java:logGet(43)) - raft.server.write.element-limit = 4096 (default)
2019-08-30 03:52:07,795 [ee201a4f-0c90-4d0b-960f-697ba0938c35:group-A1F8C0F85BAA:LeaderElection76] INFO  server.RaftServerConfigKeys (ConfUtils.java:logGet(43)) - raft.server.watch.timeout = 10s (default)
2019-08-30 03:52:07,795 [ee201a4f-0c90-4d0b-960f-697ba0938c35:group-A1F8C0F85BAA:LeaderElection76] INFO  server.RaftServerConfigKeys (ConfUtils.java:logGet(43)) - raft.server.watch.timeout.denomination = 1s (default)
2019-08-30 03:52:07,796 [ee201a4f-0c90-4d0b-960f-697ba0938c35:group-A1F8C0F85BAA:LeaderElection76] INFO  server.RaftServerConfigKeys (ConfUtils.java:logGet(43)) - raft.server.watch.element-limit = 65536 (default)
2019-08-30 03:52:07,796 [ee201a4f-0c90-4d0b-960f-697ba0938c35:group-A1F8C0F85BAA:LeaderElection76] INFO  impl.RoleInfo (RoleInfo.java:updateAndGet(143)) - ee201a4f-0c90-4d0b-960f-697ba0938c35: start LeaderState
2019-08-30 03:52:07,796 [ee201a4f-0c90-4d0b-960f-697ba0938c35:group-A1F8C0F85BAA:LeaderElection76] INFO  segmented.SegmentedRaftLogWorker (SegmentedRaftLogWorker.java:startLogSegment(380)) - ee201a4f-0c90-4d0b-960f-697ba0938c35-SegmentedRaftLogWorker:Storage Directory /workdir/hadoop-ozone/integration-test/target/test-dir/MiniOzoneClusterImpl-55f3577b-d091-4ab9-9685-f42e74419794/datanode-1/data/ratis/d5b3eecd-9852-49b9-80d3-a1f8c0f85baa: Starting segment from index:0
2019-08-30 03:52:07,797 | INFO  | SCMAudit | user=jenkins1000 | ip=192.168.157.199 | op=SEND_HEARTBEAT {datanodeUUID=d0043b8f-59eb-4c5c-80f3-5a4bc9982bd5, command=[]} | ret=SUCCESS |  
2019-08-30 03:52:07,797 [ee201a4f-0c90-4d0b-960f-697ba0938c35:group-A1F8C0F85BAA:LeaderElection76] INFO  impl.RaftServerImpl (ServerState.java:setRaftConf(361)) - ee201a4f-0c90-4d0b-960f-697ba0938c35:group-A1F8C0F85BAA set configuration 0: [ee201a4f-0c90-4d0b-960f-697ba0938c35:192.168.157.199:37056], old=null at 0
2019-08-30 03:52:07,806 [Thread-3870] INFO  impl.FollowerState (FollowerState.java:run(106)) - 27d43df4-a2f1-4425-a17f-ad30e0ce4398:group-74227C7AE7B6 changes to CANDIDATE, lastRpcTime:5032, electionTimeout:5032ms
2019-08-30 03:52:07,806 [Thread-3870] INFO  impl.RoleInfo (RoleInfo.java:shutdownFollowerState(121)) - 27d43df4-a2f1-4425-a17f-ad30e0ce4398: shutdown FollowerState
2019-08-30 03:52:07,806 [Thread-3870] INFO  impl.RaftServerImpl (RaftServerImpl.java:setRole(171)) - 27d43df4-a2f1-4425-a17f-ad30e0ce4398:group-74227C7AE7B6 changes role from FOLLOWER to CANDIDATE at term 0 for changeToCandidate
2019-08-30 03:52:07,806 [Thread-3870] INFO  impl.RoleInfo (RoleInfo.java:updateAndGet(143)) - 27d43df4-a2f1-4425-a17f-ad30e0ce4398: start LeaderElection
2019-08-30 03:52:07,853 [ee201a4f-0c90-4d0b-960f-697ba0938c35-SegmentedRaftLogWorker:Storage Directory /workdir/hadoop-ozone/integration-test/target/test-dir/MiniOzoneClusterImpl-55f3577b-d091-4ab9-9685-f42e74419794/datanode-1/data/ratis/d5b3eecd-9852-49b9-80d3-a1f8c0f85baa] INFO  segmented.SegmentedRaftLogWorker (SegmentedRaftLogWorker.java:execute(569)) - ee201a4f-0c90-4d0b-960f-697ba0938c35-SegmentedRaftLogWorker:Storage Directory /workdir/hadoop-ozone/integration-test/target/test-dir/MiniOzoneClusterImpl-55f3577b-d091-4ab9-9685-f42e74419794/datanode-1/data/ratis/d5b3eecd-9852-49b9-80d3-a1f8c0f85baa: created new log segment /workdir/hadoop-ozone/integration-test/target/test-dir/MiniOzoneClusterImpl-55f3577b-d091-4ab9-9685-f42e74419794/datanode-1/data/ratis/d5b3eecd-9852-49b9-80d3-a1f8c0f85baa/current/log_inprogress_0
2019-08-30 03:52:07,854 [27d43df4-a2f1-4425-a17f-ad30e0ce4398:group-74227C7AE7B6:LeaderElection77] INFO  impl.LeaderElection (LeaderElection.java:askForVotes(181)) - 27d43df4-a2f1-4425-a17f-ad30e0ce4398:group-74227C7AE7B6:LeaderElection77: begin an election at term 1 for -1: [27d43df4-a2f1-4425-a17f-ad30e0ce4398:192.168.157.199:43070], old=null
2019-08-30 03:52:07,853 [05e7d200-5199-4ca5-931c-a5057568ec42-SegmentedRaftLogWorker:Storage Directory /workdir/hadoop-ozone/integration-test/target/test-dir/MiniOzoneClusterImpl-55f3577b-d091-4ab9-9685-f42e74419794/datanode-0/data/ratis/de087564-31a5-4f91-9bc3-2e4efa1c4802] INFO  segmented.SegmentedRaftLogWorker (SegmentedRaftLogWorker.java:execute(569)) - 05e7d200-5199-4ca5-931c-a5057568ec42-SegmentedRaftLogWorker:Storage Directory /workdir/hadoop-ozone/integration-test/target/test-dir/MiniOzoneClusterImpl-55f3577b-d091-4ab9-9685-f42e74419794/datanode-0/data/ratis/de087564-31a5-4f91-9bc3-2e4efa1c4802: created new log segment /workdir/hadoop-ozone/integration-test/target/test-dir/MiniOzoneClusterImpl-55f3577b-d091-4ab9-9685-f42e74419794/datanode-0/data/ratis/de087564-31a5-4f91-9bc3-2e4efa1c4802/current/log_inprogress_0
2019-08-30 03:52:07,854 [27d43df4-a2f1-4425-a17f-ad30e0ce4398:group-74227C7AE7B6:LeaderElection77] INFO  impl.RoleInfo (RoleInfo.java:shutdownLeaderElection(134)) - 27d43df4-a2f1-4425-a17f-ad30e0ce4398: shutdown LeaderElection
2019-08-30 03:52:07,854 [27d43df4-a2f1-4425-a17f-ad30e0ce4398:group-74227C7AE7B6:LeaderElection77] INFO  impl.RaftServerImpl (RaftServerImpl.java:setRole(171)) - 27d43df4-a2f1-4425-a17f-ad30e0ce4398:group-74227C7AE7B6 changes role from CANDIDATE to LEADER at term 1 for changeToLeader
2019-08-30 03:52:07,854 [27d43df4-a2f1-4425-a17f-ad30e0ce4398:group-74227C7AE7B6:LeaderElection77] INFO  impl.RaftServerImpl (ServerState.java:setLeader(263)) - 27d43df4-a2f1-4425-a17f-ad30e0ce4398:group-74227C7AE7B6 change Leader from null to 27d43df4-a2f1-4425-a17f-ad30e0ce4398 at term 1 for becomeLeader, leader elected after 5085ms
2019-08-30 03:52:07,855 [27d43df4-a2f1-4425-a17f-ad30e0ce4398:group-74227C7AE7B6:LeaderElection77] INFO  server.RaftServerConfigKeys (ConfUtils.java:logGet(43)) - raft.server.staging.catchup.gap = 1000 (default)
2019-08-30 03:52:07,855 [27d43df4-a2f1-4425-a17f-ad30e0ce4398:group-74227C7AE7B6:LeaderElection77] INFO  server.RaftServerConfigKeys (ConfUtils.java:logGet(43)) - raft.server.rpc.sleep.time = 25ms (default)
2019-08-30 03:52:07,855 [27d43df4-a2f1-4425-a17f-ad30e0ce4398:group-74227C7AE7B6:LeaderElection77] INFO  server.RaftServerConfigKeys (ConfUtils.java:logGet(43)) - raft.server.write.element-limit = 4096 (default)
2019-08-30 03:52:07,855 [27d43df4-a2f1-4425-a17f-ad30e0ce4398:group-74227C7AE7B6:LeaderElection77] INFO  server.RaftServerConfigKeys (ConfUtils.java:logGet(43)) - raft.server.watch.timeout = 10s (default)
2019-08-30 03:52:07,855 [27d43df4-a2f1-4425-a17f-ad30e0ce4398:group-74227C7AE7B6:LeaderElection77] INFO  server.RaftServerConfigKeys (ConfUtils.java:logGet(43)) - raft.server.watch.timeout.denomination = 1s (default)
2019-08-30 03:52:07,856 [27d43df4-a2f1-4425-a17f-ad30e0ce4398:group-74227C7AE7B6:LeaderElection77] INFO  server.RaftServerConfigKeys (ConfUtils.java:logGet(43)) - raft.server.watch.element-limit = 65536 (default)
2019-08-30 03:52:07,856 [27d43df4-a2f1-4425-a17f-ad30e0ce4398:group-74227C7AE7B6:LeaderElection77] INFO  impl.RoleInfo (RoleInfo.java:updateAndGet(143)) - 27d43df4-a2f1-4425-a17f-ad30e0ce4398: start LeaderState
2019-08-30 03:52:07,856 [27d43df4-a2f1-4425-a17f-ad30e0ce4398:group-74227C7AE7B6:LeaderElection77] INFO  segmented.SegmentedRaftLogWorker (SegmentedRaftLogWorker.java:startLogSegment(380)) - 27d43df4-a2f1-4425-a17f-ad30e0ce4398-SegmentedRaftLogWorker:Storage Directory /workdir/hadoop-ozone/integration-test/target/test-dir/MiniOzoneClusterImpl-55f3577b-d091-4ab9-9685-f42e74419794/datanode-2/data/ratis/5ef709b4-4bf2-4bae-8312-74227c7ae7b6: Starting segment from index:0
2019-08-30 03:52:07,857 [27d43df4-a2f1-4425-a17f-ad30e0ce4398:group-74227C7AE7B6:LeaderElection77] INFO  impl.RaftServerImpl (ServerState.java:setRaftConf(361)) - 27d43df4-a2f1-4425-a17f-ad30e0ce4398:group-74227C7AE7B6 set configuration 0: [27d43df4-a2f1-4425-a17f-ad30e0ce4398:192.168.157.199:43070], old=null at 0
2019-08-30 03:52:07,876 [Thread-3878] INFO  impl.FollowerState (FollowerState.java:run(106)) - 05e7d200-5199-4ca5-931c-a5057568ec42:group-AAC21FB918B8 changes to CANDIDATE, lastRpcTime:5030, electionTimeout:5030ms
2019-08-30 03:52:07,876 | INFO  | SCMAudit | user=jenkins1000 | ip=192.168.157.199 | op=SEND_HEARTBEAT {datanodeUUID=621705e7-357c-4de4-a93e-65622c5fc502, command=[]} | ret=SUCCESS |  
2019-08-30 03:52:07,877 [Thread-3878] INFO  impl.RoleInfo (RoleInfo.java:shutdownFollowerState(121)) - 05e7d200-5199-4ca5-931c-a5057568ec42: shutdown FollowerState
2019-08-30 03:52:07,877 [Thread-3878] INFO  impl.RaftServerImpl (RaftServerImpl.java:setRole(171)) - 05e7d200-5199-4ca5-931c-a5057568ec42:group-AAC21FB918B8 changes role from FOLLOWER to CANDIDATE at term 0 for changeToCandidate
2019-08-30 03:52:07,877 [Thread-3878] INFO  impl.RoleInfo (RoleInfo.java:updateAndGet(143)) - 05e7d200-5199-4ca5-931c-a5057568ec42: start LeaderElection
2019-08-30 03:52:07,914 [27d43df4-a2f1-4425-a17f-ad30e0ce4398-SegmentedRaftLogWorker:Storage Directory /workdir/hadoop-ozone/integration-test/target/test-dir/MiniOzoneClusterImpl-55f3577b-d091-4ab9-9685-f42e74419794/datanode-2/data/ratis/5ef709b4-4bf2-4bae-8312-74227c7ae7b6] INFO  segmented.SegmentedRaftLogWorker (SegmentedRaftLogWorker.java:execute(569)) - 27d43df4-a2f1-4425-a17f-ad30e0ce4398-SegmentedRaftLogWorker:Storage Directory /workdir/hadoop-ozone/integration-test/target/test-dir/MiniOzoneClusterImpl-55f3577b-d091-4ab9-9685-f42e74419794/datanode-2/data/ratis/5ef709b4-4bf2-4bae-8312-74227c7ae7b6: created new log segment /workdir/hadoop-ozone/integration-test/target/test-dir/MiniOzoneClusterImpl-55f3577b-d091-4ab9-9685-f42e74419794/datanode-2/data/ratis/5ef709b4-4bf2-4bae-8312-74227c7ae7b6/current/log_inprogress_0
2019-08-30 03:52:07,914 [05e7d200-5199-4ca5-931c-a5057568ec42:group-AAC21FB918B8:LeaderElection78] INFO  impl.LeaderElection (LeaderElection.java:askForVotes(181)) - 05e7d200-5199-4ca5-931c-a5057568ec42:group-AAC21FB918B8:LeaderElection78: begin an election at term 1 for -1: [05e7d200-5199-4ca5-931c-a5057568ec42:192.168.157.199:39559, ee201a4f-0c90-4d0b-960f-697ba0938c35:192.168.157.199:37056, 27d43df4-a2f1-4425-a17f-ad30e0ce4398:192.168.157.199:43070], old=null
2019-08-30 03:52:07,922 [grpc-default-executor-3] INFO  impl.RaftServerImpl (RaftServerImpl.java:setRole(171)) - ee201a4f-0c90-4d0b-960f-697ba0938c35:group-AAC21FB918B8 changes role from FOLLOWER to FOLLOWER at term 1 for recognizeCandidate:05e7d200-5199-4ca5-931c-a5057568ec42
2019-08-30 03:52:07,924 [grpc-default-executor-5] INFO  impl.RaftServerImpl (RaftServerImpl.java:setRole(171)) - 27d43df4-a2f1-4425-a17f-ad30e0ce4398:group-AAC21FB918B8 changes role from FOLLOWER to FOLLOWER at term 1 for recognizeCandidate:05e7d200-5199-4ca5-931c-a5057568ec42
2019-08-30 03:52:07,924 [grpc-default-executor-3] INFO  impl.RoleInfo (RoleInfo.java:shutdownFollowerState(121)) - ee201a4f-0c90-4d0b-960f-697ba0938c35: shutdown FollowerState
2019-08-30 03:52:07,924 [grpc-default-executor-5] INFO  impl.RoleInfo (RoleInfo.java:shutdownFollowerState(121)) - 27d43df4-a2f1-4425-a17f-ad30e0ce4398: shutdown FollowerState
2019-08-30 03:52:07,925 [grpc-default-executor-3] INFO  impl.RoleInfo (RoleInfo.java:updateAndGet(143)) - ee201a4f-0c90-4d0b-960f-697ba0938c35: start FollowerState
2019-08-30 03:52:07,925 [Thread-3877] INFO  impl.FollowerState (FollowerState.java:run(114)) - 27d43df4-a2f1-4425-a17f-ad30e0ce4398: FollowerState was interrupted: java.lang.InterruptedException: sleep interrupted
2019-08-30 03:52:07,925 [Thread-3873] INFO  impl.FollowerState (FollowerState.java:run(114)) - ee201a4f-0c90-4d0b-960f-697ba0938c35: FollowerState was interrupted: java.lang.InterruptedException: sleep interrupted
2019-08-30 03:52:07,925 [grpc-default-executor-5] INFO  impl.RoleInfo (RoleInfo.java:updateAndGet(143)) - 27d43df4-a2f1-4425-a17f-ad30e0ce4398: start FollowerState
2019-08-30 03:52:07,955 [05e7d200-5199-4ca5-931c-a5057568ec42:group-AAC21FB918B8:LeaderElection78] INFO  impl.LeaderElection (LeaderElection.java:logAndReturn(56)) - 05e7d200-5199-4ca5-931c-a5057568ec42:group-AAC21FB918B8:LeaderElection78: Election PASSED; received 1 response(s) [05e7d200-5199-4ca5-931c-a5057568ec42<-ee201a4f-0c90-4d0b-960f-697ba0938c35#0:OK-t1] and 0 exception(s); 05e7d200-5199-4ca5-931c-a5057568ec42:t1, leader=null, voted=05e7d200-5199-4ca5-931c-a5057568ec42, raftlog=05e7d200-5199-4ca5-931c-a5057568ec42-SegmentedRaftLog:OPENED:c-1,f-1,i0, conf=-1: [05e7d200-5199-4ca5-931c-a5057568ec42:192.168.157.199:39559, ee201a4f-0c90-4d0b-960f-697ba0938c35:192.168.157.199:37056, 27d43df4-a2f1-4425-a17f-ad30e0ce4398:192.168.157.199:43070], old=null
2019-08-30 03:52:07,956 [05e7d200-5199-4ca5-931c-a5057568ec42:group-AAC21FB918B8:LeaderElection78] INFO  impl.RoleInfo (RoleInfo.java:shutdownLeaderElection(134)) - 05e7d200-5199-4ca5-931c-a5057568ec42: shutdown LeaderElection
2019-08-30 03:52:07,956 [05e7d200-5199-4ca5-931c-a5057568ec42:group-AAC21FB918B8:LeaderElection78] INFO  impl.RaftServerImpl (RaftServerImpl.java:setRole(171)) - 05e7d200-5199-4ca5-931c-a5057568ec42:group-AAC21FB918B8 changes role from CANDIDATE to LEADER at term 1 for changeToLeader
2019-08-30 03:52:07,956 [05e7d200-5199-4ca5-931c-a5057568ec42:group-AAC21FB918B8:LeaderElection78] INFO  impl.RaftServerImpl (ServerState.java:setLeader(263)) - 05e7d200-5199-4ca5-931c-a5057568ec42:group-AAC21FB918B8 change Leader from null to 05e7d200-5199-4ca5-931c-a5057568ec42 at term 1 for becomeLeader, leader elected after 5122ms
2019-08-30 03:52:07,956 [05e7d200-5199-4ca5-931c-a5057568ec42:group-AAC21FB918B8:LeaderElection78] INFO  server.RaftServerConfigKeys (ConfUtils.java:logGet(43)) - raft.server.staging.catchup.gap = 1000 (default)
2019-08-30 03:52:07,956 [05e7d200-5199-4ca5-931c-a5057568ec42:group-AAC21FB918B8:LeaderElection78] INFO  server.RaftServerConfigKeys (ConfUtils.java:logGet(43)) - raft.server.rpc.sleep.time = 25ms (default)
2019-08-30 03:52:07,957 [05e7d200-5199-4ca5-931c-a5057568ec42:group-AAC21FB918B8:LeaderElection78] INFO  server.RaftServerConfigKeys (ConfUtils.java:logGet(43)) - raft.server.write.element-limit = 4096 (default)
2019-08-30 03:52:07,957 | INFO  | SCMAudit | user=jenkins1000 | ip=192.168.157.199 | op=SEND_HEARTBEAT {datanodeUUID=0013325a-9f0e-48ed-94a6-e4513394336e, command=[]} | ret=SUCCESS |  
2019-08-30 03:52:07,957 [05e7d200-5199-4ca5-931c-a5057568ec42:group-AAC21FB918B8:LeaderElection78] INFO  server.RaftServerConfigKeys (ConfUtils.java:logGet(43)) - raft.server.watch.timeout = 10s (default)
2019-08-30 03:52:07,957 [05e7d200-5199-4ca5-931c-a5057568ec42:group-AAC21FB918B8:LeaderElection78] INFO  server.RaftServerConfigKeys (ConfUtils.java:logGet(43)) - raft.server.watch.timeout.denomination = 1s (default)
2019-08-30 03:52:07,957 [05e7d200-5199-4ca5-931c-a5057568ec42:group-AAC21FB918B8:LeaderElection78] INFO  server.RaftServerConfigKeys (ConfUtils.java:logGet(43)) - raft.server.watch.element-limit = 65536 (default)
2019-08-30 03:52:07,957 [05e7d200-5199-4ca5-931c-a5057568ec42:group-AAC21FB918B8:LeaderElection78] INFO  server.RaftServerConfigKeys (ConfUtils.java:logGet(43)) - raft.server.log.appender.snapshot.chunk.size.max = 16MB (=16777216) (default)
2019-08-30 03:52:07,958 [05e7d200-5199-4ca5-931c-a5057568ec42:group-AAC21FB918B8:LeaderElection78] INFO  server.RaftServerConfigKeys (ConfUtils.java:logGet(43)) - raft.server.log.appender.buffer.byte-limit = 33554432 (custom)
2019-08-30 03:52:07,958 [05e7d200-5199-4ca5-931c-a5057568ec42:group-AAC21FB918B8:LeaderElection78] INFO  server.RaftServerConfigKeys (ConfUtils.java:logGet(43)) - raft.server.log.appender.buffer.element-limit = 1 (custom)
2019-08-30 03:52:07,958 [05e7d200-5199-4ca5-931c-a5057568ec42:group-AAC21FB918B8:LeaderElection78] INFO  grpc.GrpcConfigKeys$Server (ConfUtils.java:logGet(43)) - raft.grpc.server.leader.outstanding.appends.max = 128 (default)
2019-08-30 03:52:07,959 [05e7d200-5199-4ca5-931c-a5057568ec42:group-AAC21FB918B8:LeaderElection78] INFO  server.RaftServerConfigKeys (ConfUtils.java:logGet(43)) - raft.server.rpc.request.timeout = 3000ms (default)
2019-08-30 03:52:07,959 [05e7d200-5199-4ca5-931c-a5057568ec42:group-AAC21FB918B8:LeaderElection78] INFO  server.RaftServerConfigKeys (ConfUtils.java:logGet(43)) - raft.server.log.appender.install.snapshot.enabled = false (custom)
2019-08-30 03:52:07,959 [05e7d200-5199-4ca5-931c-a5057568ec42:group-AAC21FB918B8:LeaderElection78] INFO  server.RaftServerConfigKeys (ConfUtils.java:logGet(43)) - raft.server.log.appender.snapshot.chunk.size.max = 16MB (=16777216) (default)
2019-08-30 03:52:07,959 [05e7d200-5199-4ca5-931c-a5057568ec42:group-AAC21FB918B8:LeaderElection78] INFO  server.RaftServerConfigKeys (ConfUtils.java:logGet(43)) - raft.server.log.appender.buffer.byte-limit = 33554432 (custom)
2019-08-30 03:52:07,959 [05e7d200-5199-4ca5-931c-a5057568ec42:group-AAC21FB918B8:LeaderElection78] INFO  server.RaftServerConfigKeys (ConfUtils.java:logGet(43)) - raft.server.log.appender.buffer.element-limit = 1 (custom)
2019-08-30 03:52:07,960 [05e7d200-5199-4ca5-931c-a5057568ec42:group-AAC21FB918B8:LeaderElection78] INFO  grpc.GrpcConfigKeys$Server (ConfUtils.java:logGet(43)) - raft.grpc.server.leader.outstanding.appends.max = 128 (default)
2019-08-30 03:52:07,960 [05e7d200-5199-4ca5-931c-a5057568ec42:group-AAC21FB918B8:LeaderElection78] INFO  server.RaftServerConfigKeys (ConfUtils.java:logGet(43)) - raft.server.rpc.request.timeout = 3000ms (default)
2019-08-30 03:52:07,960 [05e7d200-5199-4ca5-931c-a5057568ec42:group-AAC21FB918B8:LeaderElection78] INFO  server.RaftServerConfigKeys (ConfUtils.java:logGet(43)) - raft.server.log.appender.install.snapshot.enabled = false (custom)
2019-08-30 03:52:07,960 [05e7d200-5199-4ca5-931c-a5057568ec42:group-AAC21FB918B8:LeaderElection78] INFO  impl.RoleInfo (RoleInfo.java:updateAndGet(143)) - 05e7d200-5199-4ca5-931c-a5057568ec42: start LeaderState
2019-08-30 03:52:07,961 [05e7d200-5199-4ca5-931c-a5057568ec42:group-AAC21FB918B8:LeaderElection78] INFO  segmented.SegmentedRaftLogWorker (SegmentedRaftLogWorker.java:startLogSegment(380)) - 05e7d200-5199-4ca5-931c-a5057568ec42-SegmentedRaftLogWorker:Storage Directory /workdir/hadoop-ozone/integration-test/target/test-dir/MiniOzoneClusterImpl-55f3577b-d091-4ab9-9685-f42e74419794/datanode-0/data/ratis/5c40857d-e661-4224-8faf-aac21fb918b8: Starting segment from index:0
2019-08-30 03:52:07,962 [05e7d200-5199-4ca5-931c-a5057568ec42:group-AAC21FB918B8:LeaderElection78] INFO  impl.RaftServerImpl (ServerState.java:setRaftConf(361)) - 05e7d200-5199-4ca5-931c-a5057568ec42:group-AAC21FB918B8 set configuration 0: [05e7d200-5199-4ca5-931c-a5057568ec42:192.168.157.199:39559, ee201a4f-0c90-4d0b-960f-697ba0938c35:192.168.157.199:37056, 27d43df4-a2f1-4425-a17f-ad30e0ce4398:192.168.157.199:43070], old=null at 0
2019-08-30 03:52:08,002 [grpc-default-executor-5] INFO  impl.RaftServerImpl (ServerState.java:setLeader(263)) - ee201a4f-0c90-4d0b-960f-697ba0938c35:group-AAC21FB918B8 change Leader from null to 05e7d200-5199-4ca5-931c-a5057568ec42 at term 1 for appendEntries, leader elected after 5169ms
2019-08-30 03:52:08,003 [Thread-3882] INFO  impl.FollowerState (FollowerState.java:run(106)) - d0043b8f-59eb-4c5c-80f3-5a4bc9982bd5:group-9D050176A67B changes to CANDIDATE, lastRpcTime:5071, electionTimeout:5038ms
2019-08-30 03:52:08,003 [Thread-3882] INFO  impl.RoleInfo (RoleInfo.java:shutdownFollowerState(121)) - d0043b8f-59eb-4c5c-80f3-5a4bc9982bd5: shutdown FollowerState
2019-08-30 03:52:08,003 [Thread-3882] INFO  impl.RaftServerImpl (RaftServerImpl.java:setRole(171)) - d0043b8f-59eb-4c5c-80f3-5a4bc9982bd5:group-9D050176A67B changes role from FOLLOWER to CANDIDATE at term 0 for changeToCandidate
2019-08-30 03:52:08,003 [Thread-3882] INFO  impl.RoleInfo (RoleInfo.java:updateAndGet(143)) - d0043b8f-59eb-4c5c-80f3-5a4bc9982bd5: start LeaderElection
2019-08-30 03:52:08,012 [grpc-default-executor-5] INFO  impl.RaftServerImpl (ServerState.java:setLeader(263)) - 27d43df4-a2f1-4425-a17f-ad30e0ce4398:group-AAC21FB918B8 change Leader from null to 05e7d200-5199-4ca5-931c-a5057568ec42 at term 1 for appendEntries, leader elected after 5178ms
2019-08-30 03:52:08,012 [Thread-3885] INFO  impl.FollowerState (FollowerState.java:run(106)) - 621705e7-357c-4de4-a93e-65622c5fc502:group-B2231C0E0359 changes to CANDIDATE, lastRpcTime:5002, electionTimeout:5000ms
2019-08-30 03:52:08,012 [Thread-3885] INFO  impl.RoleInfo (RoleInfo.java:shutdownFollowerState(121)) - 621705e7-357c-4de4-a93e-65622c5fc502: shutdown FollowerState
2019-08-30 03:52:08,012 | INFO  | SCMAudit | user=jenkins1000 | ip=192.168.157.199 | op=SEND_HEARTBEAT {datanodeUUID=8751c1ff-b790-41e3-80e1-6949a3f5d06f, command=[]} | ret=SUCCESS |  
2019-08-30 03:52:08,012 [Thread-3885] INFO  impl.RaftServerImpl (RaftServerImpl.java:setRole(171)) - 621705e7-357c-4de4-a93e-65622c5fc502:group-B2231C0E0359 changes role from FOLLOWER to CANDIDATE at term 0 for changeToCandidate
2019-08-30 03:52:08,033 [d0043b8f-59eb-4c5c-80f3-5a4bc9982bd5:group-9D050176A67B:LeaderElection79] INFO  impl.LeaderElection (LeaderElection.java:askForVotes(181)) - d0043b8f-59eb-4c5c-80f3-5a4bc9982bd5:group-9D050176A67B:LeaderElection79: begin an election at term 1 for -1: [d0043b8f-59eb-4c5c-80f3-5a4bc9982bd5:192.168.157.199:45902], old=null
2019-08-30 03:52:08,032 [05e7d200-5199-4ca5-931c-a5057568ec42-SegmentedRaftLogWorker:Storage Directory /workdir/hadoop-ozone/integration-test/target/test-dir/MiniOzoneClusterImpl-55f3577b-d091-4ab9-9685-f42e74419794/datanode-0/data/ratis/5c40857d-e661-4224-8faf-aac21fb918b8] INFO  segmented.SegmentedRaftLogWorker (SegmentedRaftLogWorker.java:execute(569)) - 05e7d200-5199-4ca5-931c-a5057568ec42-SegmentedRaftLogWorker:Storage Directory /workdir/hadoop-ozone/integration-test/target/test-dir/MiniOzoneClusterImpl-55f3577b-d091-4ab9-9685-f42e74419794/datanode-0/data/ratis/5c40857d-e661-4224-8faf-aac21fb918b8: created new log segment /workdir/hadoop-ozone/integration-test/target/test-dir/MiniOzoneClusterImpl-55f3577b-d091-4ab9-9685-f42e74419794/datanode-0/data/ratis/5c40857d-e661-4224-8faf-aac21fb918b8/current/log_inprogress_0
2019-08-30 03:52:08,033 [d0043b8f-59eb-4c5c-80f3-5a4bc9982bd5:group-9D050176A67B:LeaderElection79] INFO  impl.RoleInfo (RoleInfo.java:shutdownLeaderElection(134)) - d0043b8f-59eb-4c5c-80f3-5a4bc9982bd5: shutdown LeaderElection
2019-08-30 03:52:08,033 [Thread-3885] INFO  impl.RoleInfo (RoleInfo.java:updateAndGet(143)) - 621705e7-357c-4de4-a93e-65622c5fc502: start LeaderElection
2019-08-30 03:52:08,033 [d0043b8f-59eb-4c5c-80f3-5a4bc9982bd5:group-9D050176A67B:LeaderElection79] INFO  impl.RaftServerImpl (RaftServerImpl.java:setRole(171)) - d0043b8f-59eb-4c5c-80f3-5a4bc9982bd5:group-9D050176A67B changes role from CANDIDATE to LEADER at term 1 for changeToLeader
2019-08-30 03:52:08,033 [d0043b8f-59eb-4c5c-80f3-5a4bc9982bd5:group-9D050176A67B:LeaderElection79] INFO  impl.RaftServerImpl (ServerState.java:setLeader(263)) - d0043b8f-59eb-4c5c-80f3-5a4bc9982bd5:group-9D050176A67B change Leader from null to d0043b8f-59eb-4c5c-80f3-5a4bc9982bd5 at term 1 for becomeLeader, leader elected after 5107ms
2019-08-30 03:52:08,036 [grpc-default-executor-3] INFO  impl.RaftServerImpl (ServerState.java:setRaftConf(361)) - ee201a4f-0c90-4d0b-960f-697ba0938c35:group-AAC21FB918B8 set configuration 0: [05e7d200-5199-4ca5-931c-a5057568ec42:192.168.157.199:39559, ee201a4f-0c90-4d0b-960f-697ba0938c35:192.168.157.199:37056, 27d43df4-a2f1-4425-a17f-ad30e0ce4398:192.168.157.199:43070], old=null at 0
2019-08-30 03:52:08,036 [d0043b8f-59eb-4c5c-80f3-5a4bc9982bd5:group-9D050176A67B:LeaderElection79] INFO  server.RaftServerConfigKeys (ConfUtils.java:logGet(43)) - raft.server.staging.catchup.gap = 1000 (default)
2019-08-30 03:52:08,041 [grpc-default-executor-3] INFO  segmented.SegmentedRaftLogWorker (SegmentedRaftLogWorker.java:startLogSegment(380)) - ee201a4f-0c90-4d0b-960f-697ba0938c35-SegmentedRaftLogWorker:Storage Directory /workdir/hadoop-ozone/integration-test/target/test-dir/MiniOzoneClusterImpl-55f3577b-d091-4ab9-9685-f42e74419794/datanode-1/data/ratis/5c40857d-e661-4224-8faf-aac21fb918b8: Starting segment from index:0
2019-08-30 03:52:08,043 [grpc-default-executor-5] INFO  impl.RaftServerImpl (ServerState.java:setRaftConf(361)) - 27d43df4-a2f1-4425-a17f-ad30e0ce4398:group-AAC21FB918B8 set configuration 0: [05e7d200-5199-4ca5-931c-a5057568ec42:192.168.157.199:39559, ee201a4f-0c90-4d0b-960f-697ba0938c35:192.168.157.199:37056, 27d43df4-a2f1-4425-a17f-ad30e0ce4398:192.168.157.199:43070], old=null at 0
2019-08-30 03:52:08,041 [d0043b8f-59eb-4c5c-80f3-5a4bc9982bd5:group-9D050176A67B:LeaderElection79] INFO  server.RaftServerConfigKeys (ConfUtils.java:logGet(43)) - raft.server.rpc.sleep.time = 25ms (default)
2019-08-30 03:52:08,044 [grpc-default-executor-5] INFO  segmented.SegmentedRaftLogWorker (SegmentedRaftLogWorker.java:startLogSegment(380)) - 27d43df4-a2f1-4425-a17f-ad30e0ce4398-SegmentedRaftLogWorker:Storage Directory /workdir/hadoop-ozone/integration-test/target/test-dir/MiniOzoneClusterImpl-55f3577b-d091-4ab9-9685-f42e74419794/datanode-2/data/ratis/5c40857d-e661-4224-8faf-aac21fb918b8: Starting segment from index:0
2019-08-30 03:52:08,044 [d0043b8f-59eb-4c5c-80f3-5a4bc9982bd5:group-9D050176A67B:LeaderElection79] INFO  server.RaftServerConfigKeys (ConfUtils.java:logGet(43)) - raft.server.write.element-limit = 4096 (default)
2019-08-30 03:52:08,044 [d0043b8f-59eb-4c5c-80f3-5a4bc9982bd5:group-9D050176A67B:LeaderElection79] INFO  server.RaftServerConfigKeys (ConfUtils.java:logGet(43)) - raft.server.watch.timeout = 10s (default)
2019-08-30 03:52:08,044 [d0043b8f-59eb-4c5c-80f3-5a4bc9982bd5:group-9D050176A67B:LeaderElection79] INFO  server.RaftServerConfigKeys (ConfUtils.java:logGet(43)) - raft.server.watch.timeout.denomination = 1s (default)
2019-08-30 03:52:08,044 [d0043b8f-59eb-4c5c-80f3-5a4bc9982bd5:group-9D050176A67B:LeaderElection79] INFO  server.RaftServerConfigKeys (ConfUtils.java:logGet(43)) - raft.server.watch.element-limit = 65536 (default)
2019-08-30 03:52:08,045 [d0043b8f-59eb-4c5c-80f3-5a4bc9982bd5:group-9D050176A67B:LeaderElection79] INFO  impl.RoleInfo (RoleInfo.java:updateAndGet(143)) - d0043b8f-59eb-4c5c-80f3-5a4bc9982bd5: start LeaderState
2019-08-30 03:52:08,045 [d0043b8f-59eb-4c5c-80f3-5a4bc9982bd5:group-9D050176A67B:LeaderElection79] INFO  segmented.SegmentedRaftLogWorker (SegmentedRaftLogWorker.java:startLogSegment(380)) - d0043b8f-59eb-4c5c-80f3-5a4bc9982bd5-SegmentedRaftLogWorker:Storage Directory /workdir/hadoop-ozone/integration-test/target/test-dir/MiniOzoneClusterImpl-55f3577b-d091-4ab9-9685-f42e74419794/datanode-3/data/ratis/12292018-1256-4fca-9e9a-9d050176a67b: Starting segment from index:0
2019-08-30 03:52:08,045 [d0043b8f-59eb-4c5c-80f3-5a4bc9982bd5:group-9D050176A67B:LeaderElection79] INFO  impl.RaftServerImpl (ServerState.java:setRaftConf(361)) - d0043b8f-59eb-4c5c-80f3-5a4bc9982bd5:group-9D050176A67B set configuration 0: [d0043b8f-59eb-4c5c-80f3-5a4bc9982bd5:192.168.157.199:45902], old=null at 0
2019-08-30 03:52:08,046 [621705e7-357c-4de4-a93e-65622c5fc502:group-B2231C0E0359:LeaderElection80] INFO  impl.LeaderElection (LeaderElection.java:askForVotes(181)) - 621705e7-357c-4de4-a93e-65622c5fc502:group-B2231C0E0359:LeaderElection80: begin an election at term 1 for -1: [621705e7-357c-4de4-a93e-65622c5fc502:192.168.157.199:42300], old=null
2019-08-30 03:52:08,046 [621705e7-357c-4de4-a93e-65622c5fc502:group-B2231C0E0359:LeaderElection80] INFO  impl.RoleInfo (RoleInfo.java:shutdownLeaderElection(134)) - 621705e7-357c-4de4-a93e-65622c5fc502: shutdown LeaderElection
2019-08-30 03:52:08,046 [621705e7-357c-4de4-a93e-65622c5fc502:group-B2231C0E0359:LeaderElection80] INFO  impl.RaftServerImpl (RaftServerImpl.java:setRole(171)) - 621705e7-357c-4de4-a93e-65622c5fc502:group-B2231C0E0359 changes role from CANDIDATE to LEADER at term 1 for changeToLeader
2019-08-30 03:52:08,046 [621705e7-357c-4de4-a93e-65622c5fc502:group-B2231C0E0359:LeaderElection80] INFO  impl.RaftServerImpl (ServerState.java:setLeader(263)) - 621705e7-357c-4de4-a93e-65622c5fc502:group-B2231C0E0359 change Leader from null to 621705e7-357c-4de4-a93e-65622c5fc502 at term 1 for becomeLeader, leader elected after 5041ms
2019-08-30 03:52:08,046 [621705e7-357c-4de4-a93e-65622c5fc502:group-B2231C0E0359:LeaderElection80] INFO  server.RaftServerConfigKeys (ConfUtils.java:logGet(43)) - raft.server.staging.catchup.gap = 1000 (default)
2019-08-30 03:52:08,047 [621705e7-357c-4de4-a93e-65622c5fc502:group-B2231C0E0359:LeaderElection80] INFO  server.RaftServerConfigKeys (ConfUtils.java:logGet(43)) - raft.server.rpc.sleep.time = 25ms (default)
2019-08-30 03:52:08,047 [621705e7-357c-4de4-a93e-65622c5fc502:group-B2231C0E0359:LeaderElection80] INFO  server.RaftServerConfigKeys (ConfUtils.java:logGet(43)) - raft.server.write.element-limit = 4096 (default)
2019-08-30 03:52:08,047 [621705e7-357c-4de4-a93e-65622c5fc502:group-B2231C0E0359:LeaderElection80] INFO  server.RaftServerConfigKeys (ConfUtils.java:logGet(43)) - raft.server.watch.timeout = 10s (default)
2019-08-30 03:52:08,047 [621705e7-357c-4de4-a93e-65622c5fc502:group-B2231C0E0359:LeaderElection80] INFO  server.RaftServerConfigKeys (ConfUtils.java:logGet(43)) - raft.server.watch.timeout.denomination = 1s (default)
2019-08-30 03:52:08,047 [621705e7-357c-4de4-a93e-65622c5fc502:group-B2231C0E0359:LeaderElection80] INFO  server.RaftServerConfigKeys (ConfUtils.java:logGet(43)) - raft.server.watch.element-limit = 65536 (default)
2019-08-30 03:52:08,047 [621705e7-357c-4de4-a93e-65622c5fc502:group-B2231C0E0359:LeaderElection80] INFO  impl.RoleInfo (RoleInfo.java:updateAndGet(143)) - 621705e7-357c-4de4-a93e-65622c5fc502: start LeaderState
2019-08-30 03:52:08,048 [621705e7-357c-4de4-a93e-65622c5fc502:group-B2231C0E0359:LeaderElection80] INFO  segmented.SegmentedRaftLogWorker (SegmentedRaftLogWorker.java:startLogSegment(380)) - 621705e7-357c-4de4-a93e-65622c5fc502-SegmentedRaftLogWorker:Storage Directory /workdir/hadoop-ozone/integration-test/target/test-dir/MiniOzoneClusterImpl-55f3577b-d091-4ab9-9685-f42e74419794/datanode-4/data/ratis/382401df-856d-4165-9525-b2231c0e0359: Starting segment from index:0
2019-08-30 03:52:08,048 [621705e7-357c-4de4-a93e-65622c5fc502:group-B2231C0E0359:LeaderElection80] INFO  impl.RaftServerImpl (ServerState.java:setRaftConf(361)) - 621705e7-357c-4de4-a93e-65622c5fc502:group-B2231C0E0359 set configuration 0: [621705e7-357c-4de4-a93e-65622c5fc502:192.168.157.199:42300], old=null at 0
2019-08-30 03:52:08,095 [ee201a4f-0c90-4d0b-960f-697ba0938c35-SegmentedRaftLogWorker:Storage Directory /workdir/hadoop-ozone/integration-test/target/test-dir/MiniOzoneClusterImpl-55f3577b-d091-4ab9-9685-f42e74419794/datanode-1/data/ratis/5c40857d-e661-4224-8faf-aac21fb918b8] INFO  segmented.SegmentedRaftLogWorker (SegmentedRaftLogWorker.java:execute(569)) - ee201a4f-0c90-4d0b-960f-697ba0938c35-SegmentedRaftLogWorker:Storage Directory /workdir/hadoop-ozone/integration-test/target/test-dir/MiniOzoneClusterImpl-55f3577b-d091-4ab9-9685-f42e74419794/datanode-1/data/ratis/5c40857d-e661-4224-8faf-aac21fb918b8: created new log segment /workdir/hadoop-ozone/integration-test/target/test-dir/MiniOzoneClusterImpl-55f3577b-d091-4ab9-9685-f42e74419794/datanode-1/data/ratis/5c40857d-e661-4224-8faf-aac21fb918b8/current/log_inprogress_0
2019-08-30 03:52:08,095 [621705e7-357c-4de4-a93e-65622c5fc502-SegmentedRaftLogWorker:Storage Directory /workdir/hadoop-ozone/integration-test/target/test-dir/MiniOzoneClusterImpl-55f3577b-d091-4ab9-9685-f42e74419794/datanode-4/data/ratis/382401df-856d-4165-9525-b2231c0e0359] INFO  segmented.SegmentedRaftLogWorker (SegmentedRaftLogWorker.java:execute(569)) - 621705e7-357c-4de4-a93e-65622c5fc502-SegmentedRaftLogWorker:Storage Directory /workdir/hadoop-ozone/integration-test/target/test-dir/MiniOzoneClusterImpl-55f3577b-d091-4ab9-9685-f42e74419794/datanode-4/data/ratis/382401df-856d-4165-9525-b2231c0e0359: created new log segment /workdir/hadoop-ozone/integration-test/target/test-dir/MiniOzoneClusterImpl-55f3577b-d091-4ab9-9685-f42e74419794/datanode-4/data/ratis/382401df-856d-4165-9525-b2231c0e0359/current/log_inprogress_0
2019-08-30 03:52:08,095 [d0043b8f-59eb-4c5c-80f3-5a4bc9982bd5-SegmentedRaftLogWorker:Storage Directory /workdir/hadoop-ozone/integration-test/target/test-dir/MiniOzoneClusterImpl-55f3577b-d091-4ab9-9685-f42e74419794/datanode-3/data/ratis/12292018-1256-4fca-9e9a-9d050176a67b] INFO  segmented.SegmentedRaftLogWorker (SegmentedRaftLogWorker.java:execute(569)) - d0043b8f-59eb-4c5c-80f3-5a4bc9982bd5-SegmentedRaftLogWorker:Storage Directory /workdir/hadoop-ozone/integration-test/target/test-dir/MiniOzoneClusterImpl-55f3577b-d091-4ab9-9685-f42e74419794/datanode-3/data/ratis/12292018-1256-4fca-9e9a-9d050176a67b: created new log segment /workdir/hadoop-ozone/integration-test/target/test-dir/MiniOzoneClusterImpl-55f3577b-d091-4ab9-9685-f42e74419794/datanode-3/data/ratis/12292018-1256-4fca-9e9a-9d050176a67b/current/log_inprogress_0
2019-08-30 03:52:08,095 [27d43df4-a2f1-4425-a17f-ad30e0ce4398-SegmentedRaftLogWorker:Storage Directory /workdir/hadoop-ozone/integration-test/target/test-dir/MiniOzoneClusterImpl-55f3577b-d091-4ab9-9685-f42e74419794/datanode-2/data/ratis/5c40857d-e661-4224-8faf-aac21fb918b8] INFO  segmented.SegmentedRaftLogWorker (SegmentedRaftLogWorker.java:execute(569)) - 27d43df4-a2f1-4425-a17f-ad30e0ce4398-SegmentedRaftLogWorker:Storage Directory /workdir/hadoop-ozone/integration-test/target/test-dir/MiniOzoneClusterImpl-55f3577b-d091-4ab9-9685-f42e74419794/datanode-2/data/ratis/5c40857d-e661-4224-8faf-aac21fb918b8: created new log segment /workdir/hadoop-ozone/integration-test/target/test-dir/MiniOzoneClusterImpl-55f3577b-d091-4ab9-9685-f42e74419794/datanode-2/data/ratis/5c40857d-e661-4224-8faf-aac21fb918b8/current/log_inprogress_0
2019-08-30 03:52:08,158 [grpc-default-executor-5] INFO  client.GrpcClientProtocolClient (GrpcClientProtocolClient.java:onNext(255)) - client-1F931287C9EA->d0043b8f-59eb-4c5c-80f3-5a4bc9982bd5: receive RaftClientReply:client-1F931287C9EA->d0043b8f-59eb-4c5c-80f3-5a4bc9982bd5@group-E1B1A06D4C63, cid=205, FAILED org.apache.ratis.protocol.NotLeaderException: Server d0043b8f-59eb-4c5c-80f3-5a4bc9982bd5 is not the leader (null). Request must be sent to leader., logIndex=0, commits[d0043b8f-59eb-4c5c-80f3-5a4bc9982bd5:c-1]
2019-08-30 03:52:08,162 [Thread-3888] INFO  impl.FollowerState (FollowerState.java:run(106)) - 0013325a-9f0e-48ed-94a6-e4513394336e:group-E6606F9873C3 changes to CANDIDATE, lastRpcTime:5091, electionTimeout:5091ms
2019-08-30 03:52:08,163 [Thread-3888] INFO  impl.RoleInfo (RoleInfo.java:shutdownFollowerState(121)) - 0013325a-9f0e-48ed-94a6-e4513394336e: shutdown FollowerState
2019-08-30 03:52:08,163 [Thread-3888] INFO  impl.RaftServerImpl (RaftServerImpl.java:setRole(171)) - 0013325a-9f0e-48ed-94a6-e4513394336e:group-E6606F9873C3 changes role from FOLLOWER to CANDIDATE at term 0 for changeToCandidate
2019-08-30 03:52:08,163 [Thread-3888] INFO  impl.RoleInfo (RoleInfo.java:updateAndGet(143)) - 0013325a-9f0e-48ed-94a6-e4513394336e: start LeaderElection
2019-08-30 03:52:08,184 [0013325a-9f0e-48ed-94a6-e4513394336e:group-E6606F9873C3:LeaderElection81] INFO  impl.LeaderElection (LeaderElection.java:askForVotes(181)) - 0013325a-9f0e-48ed-94a6-e4513394336e:group-E6606F9873C3:LeaderElection81: begin an election at term 1 for -1: [0013325a-9f0e-48ed-94a6-e4513394336e:192.168.157.199:39939], old=null
2019-08-30 03:52:08,184 [0013325a-9f0e-48ed-94a6-e4513394336e:group-E6606F9873C3:LeaderElection81] INFO  impl.RoleInfo (RoleInfo.java:shutdownLeaderElection(134)) - 0013325a-9f0e-48ed-94a6-e4513394336e: shutdown LeaderElection
2019-08-30 03:52:08,184 [0013325a-9f0e-48ed-94a6-e4513394336e:group-E6606F9873C3:LeaderElection81] INFO  impl.RaftServerImpl (RaftServerImpl.java:setRole(171)) - 0013325a-9f0e-48ed-94a6-e4513394336e:group-E6606F9873C3 changes role from CANDIDATE to LEADER at term 1 for changeToLeader
2019-08-30 03:52:08,184 [0013325a-9f0e-48ed-94a6-e4513394336e:group-E6606F9873C3:LeaderElection81] INFO  impl.RaftServerImpl (ServerState.java:setLeader(263)) - 0013325a-9f0e-48ed-94a6-e4513394336e:group-E6606F9873C3 change Leader from null to 0013325a-9f0e-48ed-94a6-e4513394336e at term 1 for becomeLeader, leader elected after 5117ms
2019-08-30 03:52:08,184 [0013325a-9f0e-48ed-94a6-e4513394336e:group-E6606F9873C3:LeaderElection81] INFO  server.RaftServerConfigKeys (ConfUtils.java:logGet(43)) - raft.server.staging.catchup.gap = 1000 (default)
2019-08-30 03:52:08,184 [0013325a-9f0e-48ed-94a6-e4513394336e:group-E6606F9873C3:LeaderElection81] INFO  server.RaftServerConfigKeys (ConfUtils.java:logGet(43)) - raft.server.rpc.sleep.time = 25ms (default)
2019-08-30 03:52:08,185 [0013325a-9f0e-48ed-94a6-e4513394336e:group-E6606F9873C3:LeaderElection81] INFO  server.RaftServerConfigKeys (ConfUtils.java:logGet(43)) - raft.server.write.element-limit = 4096 (default)
2019-08-30 03:52:08,185 [0013325a-9f0e-48ed-94a6-e4513394336e:group-E6606F9873C3:LeaderElection81] INFO  server.RaftServerConfigKeys (ConfUtils.java:logGet(43)) - raft.server.watch.timeout = 10s (default)
2019-08-30 03:52:08,185 [0013325a-9f0e-48ed-94a6-e4513394336e:group-E6606F9873C3:LeaderElection81] INFO  server.RaftServerConfigKeys (ConfUtils.java:logGet(43)) - raft.server.watch.timeout.denomination = 1s (default)
2019-08-30 03:52:08,185 [0013325a-9f0e-48ed-94a6-e4513394336e:group-E6606F9873C3:LeaderElection81] INFO  server.RaftServerConfigKeys (ConfUtils.java:logGet(43)) - raft.server.watch.element-limit = 65536 (default)
2019-08-30 03:52:08,185 [0013325a-9f0e-48ed-94a6-e4513394336e:group-E6606F9873C3:LeaderElection81] INFO  impl.RoleInfo (RoleInfo.java:updateAndGet(143)) - 0013325a-9f0e-48ed-94a6-e4513394336e: start LeaderState
2019-08-30 03:52:08,186 [0013325a-9f0e-48ed-94a6-e4513394336e:group-E6606F9873C3:LeaderElection81] INFO  segmented.SegmentedRaftLogWorker (SegmentedRaftLogWorker.java:startLogSegment(380)) - 0013325a-9f0e-48ed-94a6-e4513394336e-SegmentedRaftLogWorker:Storage Directory /workdir/hadoop-ozone/integration-test/target/test-dir/MiniOzoneClusterImpl-55f3577b-d091-4ab9-9685-f42e74419794/datanode-5/data/ratis/741e0b8d-a0a6-4b78-b47b-e6606f9873c3: Starting segment from index:0
2019-08-30 03:52:08,186 [0013325a-9f0e-48ed-94a6-e4513394336e:group-E6606F9873C3:LeaderElection81] INFO  impl.RaftServerImpl (ServerState.java:setRaftConf(361)) - 0013325a-9f0e-48ed-94a6-e4513394336e:group-E6606F9873C3 set configuration 0: [0013325a-9f0e-48ed-94a6-e4513394336e:192.168.157.199:39939], old=null at 0
2019-08-30 03:52:08,197 [Thread-3891] INFO  impl.FollowerState (FollowerState.java:run(106)) - 8751c1ff-b790-41e3-80e1-6949a3f5d06f:group-182D53A8ED33 changes to CANDIDATE, lastRpcTime:5078, electionTimeout:5078ms
2019-08-30 03:52:08,197 [Thread-3891] INFO  impl.RoleInfo (RoleInfo.java:shutdownFollowerState(121)) - 8751c1ff-b790-41e3-80e1-6949a3f5d06f: shutdown FollowerState
2019-08-30 03:52:08,198 [Thread-3891] INFO  impl.RaftServerImpl (RaftServerImpl.java:setRole(171)) - 8751c1ff-b790-41e3-80e1-6949a3f5d06f:group-182D53A8ED33 changes role from FOLLOWER to CANDIDATE at term 0 for changeToCandidate
2019-08-30 03:52:08,198 [Thread-3891] INFO  impl.RoleInfo (RoleInfo.java:updateAndGet(143)) - 8751c1ff-b790-41e3-80e1-6949a3f5d06f: start LeaderElection
2019-08-30 03:52:08,238 [0013325a-9f0e-48ed-94a6-e4513394336e-SegmentedRaftLogWorker:Storage Directory /workdir/hadoop-ozone/integration-test/target/test-dir/MiniOzoneClusterImpl-55f3577b-d091-4ab9-9685-f42e74419794/datanode-5/data/ratis/741e0b8d-a0a6-4b78-b47b-e6606f9873c3] INFO  segmented.SegmentedRaftLogWorker (SegmentedRaftLogWorker.java:execute(569)) - 0013325a-9f0e-48ed-94a6-e4513394336e-SegmentedRaftLogWorker:Storage Directory /workdir/hadoop-ozone/integration-test/target/test-dir/MiniOzoneClusterImpl-55f3577b-d091-4ab9-9685-f42e74419794/datanode-5/data/ratis/741e0b8d-a0a6-4b78-b47b-e6606f9873c3: created new log segment /workdir/hadoop-ozone/integration-test/target/test-dir/MiniOzoneClusterImpl-55f3577b-d091-4ab9-9685-f42e74419794/datanode-5/data/ratis/741e0b8d-a0a6-4b78-b47b-e6606f9873c3/current/log_inprogress_0
2019-08-30 03:52:08,238 [8751c1ff-b790-41e3-80e1-6949a3f5d06f:group-182D53A8ED33:LeaderElection82] INFO  impl.LeaderElection (LeaderElection.java:askForVotes(181)) - 8751c1ff-b790-41e3-80e1-6949a3f5d06f:group-182D53A8ED33:LeaderElection82: begin an election at term 1 for -1: [8751c1ff-b790-41e3-80e1-6949a3f5d06f:192.168.157.199:46783], old=null
2019-08-30 03:52:08,238 [8751c1ff-b790-41e3-80e1-6949a3f5d06f:group-182D53A8ED33:LeaderElection82] INFO  impl.RoleInfo (RoleInfo.java:shutdownLeaderElection(134)) - 8751c1ff-b790-41e3-80e1-6949a3f5d06f: shutdown LeaderElection
2019-08-30 03:52:08,238 [8751c1ff-b790-41e3-80e1-6949a3f5d06f:group-182D53A8ED33:LeaderElection82] INFO  impl.RaftServerImpl (RaftServerImpl.java:setRole(171)) - 8751c1ff-b790-41e3-80e1-6949a3f5d06f:group-182D53A8ED33 changes role from CANDIDATE to LEADER at term 1 for changeToLeader
2019-08-30 03:52:08,238 [8751c1ff-b790-41e3-80e1-6949a3f5d06f:group-182D53A8ED33:LeaderElection82] INFO  impl.RaftServerImpl (ServerState.java:setLeader(263)) - 8751c1ff-b790-41e3-80e1-6949a3f5d06f:group-182D53A8ED33 change Leader from null to 8751c1ff-b790-41e3-80e1-6949a3f5d06f at term 1 for becomeLeader, leader elected after 5124ms
2019-08-30 03:52:08,238 [8751c1ff-b790-41e3-80e1-6949a3f5d06f:group-182D53A8ED33:LeaderElection82] INFO  server.RaftServerConfigKeys (ConfUtils.java:logGet(43)) - raft.server.staging.catchup.gap = 1000 (default)
2019-08-30 03:52:08,239 [8751c1ff-b790-41e3-80e1-6949a3f5d06f:group-182D53A8ED33:LeaderElection82] INFO  server.RaftServerConfigKeys (ConfUtils.java:logGet(43)) - raft.server.rpc.sleep.time = 25ms (default)
2019-08-30 03:52:08,239 [8751c1ff-b790-41e3-80e1-6949a3f5d06f:group-182D53A8ED33:LeaderElection82] INFO  server.RaftServerConfigKeys (ConfUtils.java:logGet(43)) - raft.server.write.element-limit = 4096 (default)
2019-08-30 03:52:08,239 [8751c1ff-b790-41e3-80e1-6949a3f5d06f:group-182D53A8ED33:LeaderElection82] INFO  server.RaftServerConfigKeys (ConfUtils.java:logGet(43)) - raft.server.watch.timeout = 10s (default)
2019-08-30 03:52:08,239 [8751c1ff-b790-41e3-80e1-6949a3f5d06f:group-182D53A8ED33:LeaderElection82] INFO  server.RaftServerConfigKeys (ConfUtils.java:logGet(43)) - raft.server.watch.timeout.denomination = 1s (default)
2019-08-30 03:52:08,239 [8751c1ff-b790-41e3-80e1-6949a3f5d06f:group-182D53A8ED33:LeaderElection82] INFO  server.RaftServerConfigKeys (ConfUtils.java:logGet(43)) - raft.server.watch.element-limit = 65536 (default)
2019-08-30 03:52:08,240 [8751c1ff-b790-41e3-80e1-6949a3f5d06f:group-182D53A8ED33:LeaderElection82] INFO  impl.RoleInfo (RoleInfo.java:updateAndGet(143)) - 8751c1ff-b790-41e3-80e1-6949a3f5d06f: start LeaderState
2019-08-30 03:52:08,240 [8751c1ff-b790-41e3-80e1-6949a3f5d06f:group-182D53A8ED33:LeaderElection82] INFO  segmented.SegmentedRaftLogWorker (SegmentedRaftLogWorker.java:startLogSegment(380)) - 8751c1ff-b790-41e3-80e1-6949a3f5d06f-SegmentedRaftLogWorker:Storage Directory /workdir/hadoop-ozone/integration-test/target/test-dir/MiniOzoneClusterImpl-55f3577b-d091-4ab9-9685-f42e74419794/datanode-6/data/ratis/b844aa0d-8e07-4cea-b72a-182d53a8ed33: Starting segment from index:0
2019-08-30 03:52:08,240 [8751c1ff-b790-41e3-80e1-6949a3f5d06f:group-182D53A8ED33:LeaderElection82] INFO  impl.RaftServerImpl (ServerState.java:setRaftConf(361)) - 8751c1ff-b790-41e3-80e1-6949a3f5d06f:group-182D53A8ED33 set configuration 0: [8751c1ff-b790-41e3-80e1-6949a3f5d06f:192.168.157.199:46783], old=null at 0
2019-08-30 03:52:08,249 [Thread-3894] INFO  impl.FollowerState (FollowerState.java:run(106)) - d0043b8f-59eb-4c5c-80f3-5a4bc9982bd5:group-E1B1A06D4C63 changes to CANDIDATE, lastRpcTime:5066, electionTimeout:5066ms
2019-08-30 03:52:08,250 [Thread-3894] INFO  impl.RoleInfo (RoleInfo.java:shutdownFollowerState(121)) - d0043b8f-59eb-4c5c-80f3-5a4bc9982bd5: shutdown FollowerState
2019-08-30 03:52:08,250 [Thread-3894] INFO  impl.RaftServerImpl (RaftServerImpl.java:setRole(171)) - d0043b8f-59eb-4c5c-80f3-5a4bc9982bd5:group-E1B1A06D4C63 changes role from FOLLOWER to CANDIDATE at term 0 for changeToCandidate
2019-08-30 03:52:08,250 [Thread-3894] INFO  impl.RoleInfo (RoleInfo.java:updateAndGet(143)) - d0043b8f-59eb-4c5c-80f3-5a4bc9982bd5: start LeaderElection
2019-08-30 03:52:08,308 [Thread-3899] INFO  impl.FollowerState (FollowerState.java:run(106)) - 621705e7-357c-4de4-a93e-65622c5fc502:group-E1B1A06D4C63 changes to CANDIDATE, lastRpcTime:5120, electionTimeout:5120ms
2019-08-30 03:52:08,309 [Thread-3899] INFO  impl.RoleInfo (RoleInfo.java:shutdownFollowerState(121)) - 621705e7-357c-4de4-a93e-65622c5fc502: shutdown FollowerState
2019-08-30 03:52:08,309 [Thread-3899] INFO  impl.RaftServerImpl (RaftServerImpl.java:setRole(171)) - 621705e7-357c-4de4-a93e-65622c5fc502:group-E1B1A06D4C63 changes role from FOLLOWER to CANDIDATE at term 0 for changeToCandidate
2019-08-30 03:52:08,309 [Thread-3899] INFO  impl.RoleInfo (RoleInfo.java:updateAndGet(143)) - 621705e7-357c-4de4-a93e-65622c5fc502: start LeaderElection
2019-08-30 03:52:08,309 [d0043b8f-59eb-4c5c-80f3-5a4bc9982bd5:group-E1B1A06D4C63:LeaderElection83] INFO  impl.LeaderElection (LeaderElection.java:askForVotes(181)) - d0043b8f-59eb-4c5c-80f3-5a4bc9982bd5:group-E1B1A06D4C63:LeaderElection83: begin an election at term 1 for -1: [d0043b8f-59eb-4c5c-80f3-5a4bc9982bd5:192.168.157.199:45902, 0013325a-9f0e-48ed-94a6-e4513394336e:192.168.157.199:39939, 621705e7-357c-4de4-a93e-65622c5fc502:192.168.157.199:42300], old=null
2019-08-30 03:52:08,309 [8751c1ff-b790-41e3-80e1-6949a3f5d06f-SegmentedRaftLogWorker:Storage Directory /workdir/hadoop-ozone/integration-test/target/test-dir/MiniOzoneClusterImpl-55f3577b-d091-4ab9-9685-f42e74419794/datanode-6/data/ratis/b844aa0d-8e07-4cea-b72a-182d53a8ed33] INFO  segmented.SegmentedRaftLogWorker (SegmentedRaftLogWorker.java:execute(569)) - 8751c1ff-b790-41e3-80e1-6949a3f5d06f-SegmentedRaftLogWorker:Storage Directory /workdir/hadoop-ozone/integration-test/target/test-dir/MiniOzoneClusterImpl-55f3577b-d091-4ab9-9685-f42e74419794/datanode-6/data/ratis/b844aa0d-8e07-4cea-b72a-182d53a8ed33: created new log segment /workdir/hadoop-ozone/integration-test/target/test-dir/MiniOzoneClusterImpl-55f3577b-d091-4ab9-9685-f42e74419794/datanode-6/data/ratis/b844aa0d-8e07-4cea-b72a-182d53a8ed33/current/log_inprogress_0
2019-08-30 03:52:08,319 [grpc-default-executor-5] INFO  impl.RaftServerImpl (RaftServerImpl.java:setRole(171)) - 0013325a-9f0e-48ed-94a6-e4513394336e:group-E1B1A06D4C63 changes role from FOLLOWER to FOLLOWER at term 1 for recognizeCandidate:d0043b8f-59eb-4c5c-80f3-5a4bc9982bd5
2019-08-30 03:52:08,319 [grpc-default-executor-5] INFO  impl.RoleInfo (RoleInfo.java:shutdownFollowerState(121)) - 0013325a-9f0e-48ed-94a6-e4513394336e: shutdown FollowerState
2019-08-30 03:52:08,319 [grpc-default-executor-5] INFO  impl.RoleInfo (RoleInfo.java:updateAndGet(143)) - 0013325a-9f0e-48ed-94a6-e4513394336e: start FollowerState
2019-08-30 03:52:08,320 [Thread-3898] INFO  impl.FollowerState (FollowerState.java:run(114)) - 0013325a-9f0e-48ed-94a6-e4513394336e: FollowerState was interrupted: java.lang.InterruptedException: sleep interrupted
2019-08-30 03:52:08,343 [621705e7-357c-4de4-a93e-65622c5fc502:group-E1B1A06D4C63:LeaderElection84] INFO  impl.LeaderElection (LeaderElection.java:askForVotes(181)) - 621705e7-357c-4de4-a93e-65622c5fc502:group-E1B1A06D4C63:LeaderElection84: begin an election at term 1 for -1: [d0043b8f-59eb-4c5c-80f3-5a4bc9982bd5:192.168.157.199:45902, 0013325a-9f0e-48ed-94a6-e4513394336e:192.168.157.199:39939, 621705e7-357c-4de4-a93e-65622c5fc502:192.168.157.199:42300], old=null
2019-08-30 03:52:08,344 [d0043b8f-59eb-4c5c-80f3-5a4bc9982bd5:group-E1B1A06D4C63:LeaderElection83] INFO  impl.LeaderElection (LeaderElection.java:logAndReturn(56)) - d0043b8f-59eb-4c5c-80f3-5a4bc9982bd5:group-E1B1A06D4C63:LeaderElection83: Election PASSED; received 1 response(s) [d0043b8f-59eb-4c5c-80f3-5a4bc9982bd5<-0013325a-9f0e-48ed-94a6-e4513394336e#0:OK-t1] and 0 exception(s); d0043b8f-59eb-4c5c-80f3-5a4bc9982bd5:t1, leader=null, voted=d0043b8f-59eb-4c5c-80f3-5a4bc9982bd5, raftlog=d0043b8f-59eb-4c5c-80f3-5a4bc9982bd5-SegmentedRaftLog:OPENED:c-1,f-1,i0, conf=-1: [d0043b8f-59eb-4c5c-80f3-5a4bc9982bd5:192.168.157.199:45902, 0013325a-9f0e-48ed-94a6-e4513394336e:192.168.157.199:39939, 621705e7-357c-4de4-a93e-65622c5fc502:192.168.157.199:42300], old=null
2019-08-30 03:52:08,344 [d0043b8f-59eb-4c5c-80f3-5a4bc9982bd5:group-E1B1A06D4C63:LeaderElection83] INFO  impl.RoleInfo (RoleInfo.java:shutdownLeaderElection(134)) - d0043b8f-59eb-4c5c-80f3-5a4bc9982bd5: shutdown LeaderElection
2019-08-30 03:52:08,344 [d0043b8f-59eb-4c5c-80f3-5a4bc9982bd5:group-E1B1A06D4C63:LeaderElection83] INFO  impl.RaftServerImpl (RaftServerImpl.java:setRole(171)) - d0043b8f-59eb-4c5c-80f3-5a4bc9982bd5:group-E1B1A06D4C63 changes role from CANDIDATE to LEADER at term 1 for changeToLeader
2019-08-30 03:52:08,344 [d0043b8f-59eb-4c5c-80f3-5a4bc9982bd5:group-E1B1A06D4C63:LeaderElection83] INFO  impl.RaftServerImpl (ServerState.java:setLeader(263)) - d0043b8f-59eb-4c5c-80f3-5a4bc9982bd5:group-E1B1A06D4C63 change Leader from null to d0043b8f-59eb-4c5c-80f3-5a4bc9982bd5 at term 1 for becomeLeader, leader elected after 5168ms
2019-08-30 03:52:08,345 [d0043b8f-59eb-4c5c-80f3-5a4bc9982bd5:group-E1B1A06D4C63:LeaderElection83] INFO  server.RaftServerConfigKeys (ConfUtils.java:logGet(43)) - raft.server.staging.catchup.gap = 1000 (default)
2019-08-30 03:52:08,345 [d0043b8f-59eb-4c5c-80f3-5a4bc9982bd5:group-E1B1A06D4C63:LeaderElection83] INFO  server.RaftServerConfigKeys (ConfUtils.java:logGet(43)) - raft.server.rpc.sleep.time = 25ms (default)
2019-08-30 03:52:08,345 [d0043b8f-59eb-4c5c-80f3-5a4bc9982bd5:group-E1B1A06D4C63:LeaderElection83] INFO  server.RaftServerConfigKeys (ConfUtils.java:logGet(43)) - raft.server.write.element-limit = 4096 (default)
2019-08-30 03:52:08,345 [d0043b8f-59eb-4c5c-80f3-5a4bc9982bd5:group-E1B1A06D4C63:LeaderElection83] INFO  server.RaftServerConfigKeys (ConfUtils.java:logGet(43)) - raft.server.watch.timeout = 10s (default)
2019-08-30 03:52:08,345 [d0043b8f-59eb-4c5c-80f3-5a4bc9982bd5:group-E1B1A06D4C63:LeaderElection83] INFO  server.RaftServerConfigKeys (ConfUtils.java:logGet(43)) - raft.server.watch.timeout.denomination = 1s (default)
2019-08-30 03:52:08,345 [d0043b8f-59eb-4c5c-80f3-5a4bc9982bd5:group-E1B1A06D4C63:LeaderElection83] INFO  server.RaftServerConfigKeys (ConfUtils.java:logGet(43)) - raft.server.watch.element-limit = 65536 (default)
2019-08-30 03:52:08,346 [d0043b8f-59eb-4c5c-80f3-5a4bc9982bd5:group-E1B1A06D4C63:LeaderElection83] INFO  server.RaftServerConfigKeys (ConfUtils.java:logGet(43)) - raft.server.log.appender.snapshot.chunk.size.max = 16MB (=16777216) (default)
2019-08-30 03:52:08,346 [d0043b8f-59eb-4c5c-80f3-5a4bc9982bd5:group-E1B1A06D4C63:LeaderElection83] INFO  server.RaftServerConfigKeys (ConfUtils.java:logGet(43)) - raft.server.log.appender.buffer.byte-limit = 33554432 (custom)
2019-08-30 03:52:08,346 [d0043b8f-59eb-4c5c-80f3-5a4bc9982bd5:group-E1B1A06D4C63:LeaderElection83] INFO  server.RaftServerConfigKeys (ConfUtils.java:logGet(43)) - raft.server.log.appender.buffer.element-limit = 1 (custom)
2019-08-30 03:52:08,346 [d0043b8f-59eb-4c5c-80f3-5a4bc9982bd5:group-E1B1A06D4C63:LeaderElection83] INFO  grpc.GrpcConfigKeys$Server (ConfUtils.java:logGet(43)) - raft.grpc.server.leader.outstanding.appends.max = 128 (default)
2019-08-30 03:52:08,347 [d0043b8f-59eb-4c5c-80f3-5a4bc9982bd5:group-E1B1A06D4C63:LeaderElection83] INFO  server.RaftServerConfigKeys (ConfUtils.java:logGet(43)) - raft.server.rpc.request.timeout = 3000ms (default)
2019-08-30 03:52:08,347 [d0043b8f-59eb-4c5c-80f3-5a4bc9982bd5:group-E1B1A06D4C63:LeaderElection83] INFO  server.RaftServerConfigKeys (ConfUtils.java:logGet(43)) - raft.server.log.appender.install.snapshot.enabled = false (custom)
2019-08-30 03:52:08,347 [d0043b8f-59eb-4c5c-80f3-5a4bc9982bd5:group-E1B1A06D4C63:LeaderElection83] INFO  server.RaftServerConfigKeys (ConfUtils.java:logGet(43)) - raft.server.log.appender.snapshot.chunk.size.max = 16MB (=16777216) (default)
2019-08-30 03:52:08,347 [d0043b8f-59eb-4c5c-80f3-5a4bc9982bd5:group-E1B1A06D4C63:LeaderElection83] INFO  server.RaftServerConfigKeys (ConfUtils.java:logGet(43)) - raft.server.log.appender.buffer.byte-limit = 33554432 (custom)
2019-08-30 03:52:08,347 [d0043b8f-59eb-4c5c-80f3-5a4bc9982bd5:group-E1B1A06D4C63:LeaderElection83] INFO  server.RaftServerConfigKeys (ConfUtils.java:logGet(43)) - raft.server.log.appender.buffer.element-limit = 1 (custom)
2019-08-30 03:52:08,348 [d0043b8f-59eb-4c5c-80f3-5a4bc9982bd5:group-E1B1A06D4C63:LeaderElection83] INFO  grpc.GrpcConfigKeys$Server (ConfUtils.java:logGet(43)) - raft.grpc.server.leader.outstanding.appends.max = 128 (default)
2019-08-30 03:52:08,348 [d0043b8f-59eb-4c5c-80f3-5a4bc9982bd5:group-E1B1A06D4C63:LeaderElection83] INFO  server.RaftServerConfigKeys (ConfUtils.java:logGet(43)) - raft.server.rpc.request.timeout = 3000ms (default)
2019-08-30 03:52:08,348 [d0043b8f-59eb-4c5c-80f3-5a4bc9982bd5:group-E1B1A06D4C63:LeaderElection83] INFO  server.RaftServerConfigKeys (ConfUtils.java:logGet(43)) - raft.server.log.appender.install.snapshot.enabled = false (custom)
2019-08-30 03:52:08,348 [d0043b8f-59eb-4c5c-80f3-5a4bc9982bd5:group-E1B1A06D4C63:LeaderElection83] INFO  impl.RoleInfo (RoleInfo.java:updateAndGet(143)) - d0043b8f-59eb-4c5c-80f3-5a4bc9982bd5: start LeaderState
2019-08-30 03:52:08,349 [d0043b8f-59eb-4c5c-80f3-5a4bc9982bd5:group-E1B1A06D4C63:LeaderElection83] INFO  segmented.SegmentedRaftLogWorker (SegmentedRaftLogWorker.java:startLogSegment(380)) - d0043b8f-59eb-4c5c-80f3-5a4bc9982bd5-SegmentedRaftLogWorker:Storage Directory /workdir/hadoop-ozone/integration-test/target/test-dir/MiniOzoneClusterImpl-55f3577b-d091-4ab9-9685-f42e74419794/datanode-3/data/ratis/096e1659-dc63-4d9b-829e-e1b1a06d4c63: Starting segment from index:0
2019-08-30 03:52:08,350 [d0043b8f-59eb-4c5c-80f3-5a4bc9982bd5:group-E1B1A06D4C63:LeaderElection83] INFO  impl.RaftServerImpl (ServerState.java:setRaftConf(361)) - d0043b8f-59eb-4c5c-80f3-5a4bc9982bd5:group-E1B1A06D4C63 set configuration 0: [d0043b8f-59eb-4c5c-80f3-5a4bc9982bd5:192.168.157.199:45902, 0013325a-9f0e-48ed-94a6-e4513394336e:192.168.157.199:39939, 621705e7-357c-4de4-a93e-65622c5fc502:192.168.157.199:42300], old=null at 0
2019-08-30 03:52:08,350 [grpc-default-executor-5] INFO  impl.RaftServerImpl (RaftServerImpl.java:requestVote(754)) - d0043b8f-59eb-4c5c-80f3-5a4bc9982bd5-LEADER: Withhold vote from candidate 621705e7-357c-4de4-a93e-65622c5fc502 with term 1. State: leader=d0043b8f-59eb-4c5c-80f3-5a4bc9982bd5, term=1, lastRpcElapsed=null
2019-08-30 03:52:08,390 [grpc-default-executor-7] INFO  impl.RaftServerImpl (ServerState.java:setLeader(263)) - 0013325a-9f0e-48ed-94a6-e4513394336e:group-E1B1A06D4C63 change Leader from null to d0043b8f-59eb-4c5c-80f3-5a4bc9982bd5 at term 1 for appendEntries, leader elected after 5214ms
2019-08-30 03:52:08,391 [621705e7-357c-4de4-a93e-65622c5fc502:group-E1B1A06D4C63:LeaderElection84] INFO  impl.LeaderElection (LeaderElection.java:logAndReturn(56)) - 621705e7-357c-4de4-a93e-65622c5fc502:group-E1B1A06D4C63:LeaderElection84: Election REJECTED; received 2 response(s) [621705e7-357c-4de4-a93e-65622c5fc502<-d0043b8f-59eb-4c5c-80f3-5a4bc9982bd5#0:FAIL-t1, 621705e7-357c-4de4-a93e-65622c5fc502<-0013325a-9f0e-48ed-94a6-e4513394336e#0:FAIL-t1] and 0 exception(s); 621705e7-357c-4de4-a93e-65622c5fc502:t1, leader=null, voted=621705e7-357c-4de4-a93e-65622c5fc502, raftlog=621705e7-357c-4de4-a93e-65622c5fc502-SegmentedRaftLog:OPENED:c-1,f-1,i0, conf=-1: [d0043b8f-59eb-4c5c-80f3-5a4bc9982bd5:192.168.157.199:45902, 0013325a-9f0e-48ed-94a6-e4513394336e:192.168.157.199:39939, 621705e7-357c-4de4-a93e-65622c5fc502:192.168.157.199:42300], old=null
2019-08-30 03:52:08,391 [grpc-default-executor-5] INFO  impl.RaftServerImpl (RaftServerImpl.java:setRole(171)) - 621705e7-357c-4de4-a93e-65622c5fc502:group-E1B1A06D4C63 changes role from CANDIDATE to FOLLOWER at term 1 for appendEntries
2019-08-30 03:52:08,391 [grpc-default-executor-5] INFO  impl.RoleInfo (RoleInfo.java:shutdownLeaderElection(134)) - 621705e7-357c-4de4-a93e-65622c5fc502: shutdown LeaderElection
2019-08-30 03:52:08,392 [grpc-default-executor-5] INFO  impl.RoleInfo (RoleInfo.java:updateAndGet(143)) - 621705e7-357c-4de4-a93e-65622c5fc502: start FollowerState
2019-08-30 03:52:08,392 [grpc-default-executor-5] INFO  impl.RaftServerImpl (ServerState.java:setLeader(263)) - 621705e7-357c-4de4-a93e-65622c5fc502:group-E1B1A06D4C63 change Leader from null to d0043b8f-59eb-4c5c-80f3-5a4bc9982bd5 at term 1 for appendEntries, leader elected after 5216ms
2019-08-30 03:52:08,393 [grpc-default-executor-5] INFO  impl.RaftServerImpl (ServerState.java:setRaftConf(361)) - 0013325a-9f0e-48ed-94a6-e4513394336e:group-E1B1A06D4C63 set configuration 0: [d0043b8f-59eb-4c5c-80f3-5a4bc9982bd5:192.168.157.199:45902, 0013325a-9f0e-48ed-94a6-e4513394336e:192.168.157.199:39939, 621705e7-357c-4de4-a93e-65622c5fc502:192.168.157.199:42300], old=null at 0
2019-08-30 03:52:08,393 [grpc-default-executor-5] INFO  segmented.SegmentedRaftLogWorker (SegmentedRaftLogWorker.java:startLogSegment(380)) - 0013325a-9f0e-48ed-94a6-e4513394336e-SegmentedRaftLogWorker:Storage Directory /workdir/hadoop-ozone/integration-test/target/test-dir/MiniOzoneClusterImpl-55f3577b-d091-4ab9-9685-f42e74419794/datanode-5/data/ratis/096e1659-dc63-4d9b-829e-e1b1a06d4c63: Starting segment from index:0
2019-08-30 03:52:08,394 [grpc-default-executor-5] INFO  impl.RaftServerImpl (ServerState.java:setRaftConf(361)) - 621705e7-357c-4de4-a93e-65622c5fc502:group-E1B1A06D4C63 set configuration 0: [d0043b8f-59eb-4c5c-80f3-5a4bc9982bd5:192.168.157.199:45902, 0013325a-9f0e-48ed-94a6-e4513394336e:192.168.157.199:39939, 621705e7-357c-4de4-a93e-65622c5fc502:192.168.157.199:42300], old=null at 0
2019-08-30 03:52:08,394 [grpc-default-executor-5] INFO  segmented.SegmentedRaftLogWorker (SegmentedRaftLogWorker.java:startLogSegment(380)) - 621705e7-357c-4de4-a93e-65622c5fc502-SegmentedRaftLogWorker:Storage Directory /workdir/hadoop-ozone/integration-test/target/test-dir/MiniOzoneClusterImpl-55f3577b-d091-4ab9-9685-f42e74419794/datanode-4/data/ratis/096e1659-dc63-4d9b-829e-e1b1a06d4c63: Starting segment from index:0
2019-08-30 03:52:08,403 [d0043b8f-59eb-4c5c-80f3-5a4bc9982bd5-SegmentedRaftLogWorker:Storage Directory /workdir/hadoop-ozone/integration-test/target/test-dir/MiniOzoneClusterImpl-55f3577b-d091-4ab9-9685-f42e74419794/datanode-3/data/ratis/096e1659-dc63-4d9b-829e-e1b1a06d4c63] INFO  segmented.SegmentedRaftLogWorker (SegmentedRaftLogWorker.java:execute(569)) - d0043b8f-59eb-4c5c-80f3-5a4bc9982bd5-SegmentedRaftLogWorker:Storage Directory /workdir/hadoop-ozone/integration-test/target/test-dir/MiniOzoneClusterImpl-55f3577b-d091-4ab9-9685-f42e74419794/datanode-3/data/ratis/096e1659-dc63-4d9b-829e-e1b1a06d4c63: created new log segment /workdir/hadoop-ozone/integration-test/target/test-dir/MiniOzoneClusterImpl-55f3577b-d091-4ab9-9685-f42e74419794/datanode-3/data/ratis/096e1659-dc63-4d9b-829e-e1b1a06d4c63/current/log_inprogress_0
2019-08-30 03:52:08,456 [621705e7-357c-4de4-a93e-65622c5fc502-SegmentedRaftLogWorker:Storage Directory /workdir/hadoop-ozone/integration-test/target/test-dir/MiniOzoneClusterImpl-55f3577b-d091-4ab9-9685-f42e74419794/datanode-4/data/ratis/096e1659-dc63-4d9b-829e-e1b1a06d4c63] INFO  segmented.SegmentedRaftLogWorker (SegmentedRaftLogWorker.java:execute(569)) - 621705e7-357c-4de4-a93e-65622c5fc502-SegmentedRaftLogWorker:Storage Directory /workdir/hadoop-ozone/integration-test/target/test-dir/MiniOzoneClusterImpl-55f3577b-d091-4ab9-9685-f42e74419794/datanode-4/data/ratis/096e1659-dc63-4d9b-829e-e1b1a06d4c63: created new log segment /workdir/hadoop-ozone/integration-test/target/test-dir/MiniOzoneClusterImpl-55f3577b-d091-4ab9-9685-f42e74419794/datanode-4/data/ratis/096e1659-dc63-4d9b-829e-e1b1a06d4c63/current/log_inprogress_0
2019-08-30 03:52:08,456 [0013325a-9f0e-48ed-94a6-e4513394336e-SegmentedRaftLogWorker:Storage Directory /workdir/hadoop-ozone/integration-test/target/test-dir/MiniOzoneClusterImpl-55f3577b-d091-4ab9-9685-f42e74419794/datanode-5/data/ratis/096e1659-dc63-4d9b-829e-e1b1a06d4c63] INFO  segmented.SegmentedRaftLogWorker (SegmentedRaftLogWorker.java:execute(569)) - 0013325a-9f0e-48ed-94a6-e4513394336e-SegmentedRaftLogWorker:Storage Directory /workdir/hadoop-ozone/integration-test/target/test-dir/MiniOzoneClusterImpl-55f3577b-d091-4ab9-9685-f42e74419794/datanode-5/data/ratis/096e1659-dc63-4d9b-829e-e1b1a06d4c63: created new log segment /workdir/hadoop-ozone/integration-test/target/test-dir/MiniOzoneClusterImpl-55f3577b-d091-4ab9-9685-f42e74419794/datanode-5/data/ratis/096e1659-dc63-4d9b-829e-e1b1a06d4c63/current/log_inprogress_0
2019-08-30 03:52:08,609 | INFO  | SCMAudit | user=jenkins1000 | ip=192.168.157.199 | op=SEND_HEARTBEAT {datanodeUUID=05e7d200-5199-4ca5-931c-a5057568ec42, command=[]} | ret=SUCCESS |  
2019-08-30 03:52:08,669 | INFO  | SCMAudit | user=jenkins1000 | ip=192.168.157.199 | op=SEND_HEARTBEAT {datanodeUUID=ee201a4f-0c90-4d0b-960f-697ba0938c35, command=[]} | ret=SUCCESS |  
2019-08-30 03:52:08,733 | INFO  | SCMAudit | user=jenkins1000 | ip=192.168.157.199 | op=SEND_HEARTBEAT {datanodeUUID=27d43df4-a2f1-4425-a17f-ad30e0ce4398, command=[]} | ret=SUCCESS |  
2019-08-30 03:52:08,797 | INFO  | SCMAudit | user=jenkins1000 | ip=192.168.157.199 | op=SEND_HEARTBEAT {datanodeUUID=d0043b8f-59eb-4c5c-80f3-5a4bc9982bd5, command=[]} | ret=SUCCESS |  
2019-08-30 03:52:08,876 | INFO  | SCMAudit | user=jenkins1000 | ip=192.168.157.199 | op=SEND_HEARTBEAT {datanodeUUID=621705e7-357c-4de4-a93e-65622c5fc502, command=[]} | ret=SUCCESS |  
2019-08-30 03:52:08,957 | INFO  | SCMAudit | user=jenkins1000 | ip=192.168.157.199 | op=SEND_HEARTBEAT {datanodeUUID=0013325a-9f0e-48ed-94a6-e4513394336e, command=[]} | ret=SUCCESS |  
2019-08-30 03:52:09,012 | INFO  | SCMAudit | user=jenkins1000 | ip=192.168.157.199 | op=SEND_HEARTBEAT {datanodeUUID=8751c1ff-b790-41e3-80e1-6949a3f5d06f, command=[]} | ret=SUCCESS |  
2019-08-30 03:52:09,167 [grpc-default-executor-5] INFO  client.GrpcClientProtocolClient (GrpcClientProtocolClient.java:onNext(255)) - client-1F931287C9EA->0013325a-9f0e-48ed-94a6-e4513394336e: receive RaftClientReply:client-1F931287C9EA->0013325a-9f0e-48ed-94a6-e4513394336e@group-E1B1A06D4C63, cid=205, FAILED org.apache.ratis.protocol.NotLeaderException: Server 0013325a-9f0e-48ed-94a6-e4513394336e is not the leader (d0043b8f-59eb-4c5c-80f3-5a4bc9982bd5:192.168.157.199:45902). Request must be sent to leader., logIndex=0, commits[0013325a-9f0e-48ed-94a6-e4513394336e:c-1, d0043b8f-59eb-4c5c-80f3-5a4bc9982bd5:c-1, 621705e7-357c-4de4-a93e-65622c5fc502:c-1]
2019-08-30 03:52:09,305 | INFO  | DNAudit | user=null | ip=null | op=WRITE_CHUNK {blockData=conID: 1 locID: 102703898563379217 bcsId: 0} | ret=SUCCESS |  
2019-08-30 03:52:09,305 | INFO  | DNAudit | user=null | ip=null | op=WRITE_CHUNK {blockData=conID: 1 locID: 102703898563379217 bcsId: 0} | ret=SUCCESS |  
2019-08-30 03:52:09,306 | INFO  | SCMAudit | user=jenkins1000 | ip=192.168.157.199 | op=SEND_HEARTBEAT {datanodeUUID=d0043b8f-59eb-4c5c-80f3-5a4bc9982bd5, command=[]} | ret=SUCCESS |  
2019-08-30 03:52:09,306 | INFO  | SCMAudit | user=jenkins1000 | ip=192.168.157.199 | op=SEND_HEARTBEAT {datanodeUUID=0013325a-9f0e-48ed-94a6-e4513394336e, command=[]} | ret=SUCCESS |  
2019-08-30 03:52:09,306 | INFO  | DNAudit | user=null | ip=null | op=WRITE_CHUNK {blockData=conID: 1 locID: 102703898563379217 bcsId: 0} | ret=SUCCESS |  
2019-08-30 03:52:09,306 | INFO  | SCMAudit | user=jenkins1000 | ip=192.168.157.199 | op=SEND_HEARTBEAT {datanodeUUID=621705e7-357c-4de4-a93e-65622c5fc502, command=[]} | ret=SUCCESS |  
2019-08-30 03:52:09,320 | INFO  | DNAudit | user=null | ip=null | op=WRITE_CHUNK {blockData=conID: 1 locID: 102703898563379217 bcsId: 0} | ret=SUCCESS |  
2019-08-30 03:52:09,324 [grpc-default-executor-7] INFO  client.GrpcClientProtocolClient (GrpcClientProtocolClient.java:onNext(255)) - client-1F931287C9EA->d0043b8f-59eb-4c5c-80f3-5a4bc9982bd5: receive RaftClientReply:client-1F931287C9EA->d0043b8f-59eb-4c5c-80f3-5a4bc9982bd5@group-E1B1A06D4C63, cid=205, SUCCESS, logIndex=1, commits[d0043b8f-59eb-4c5c-80f3-5a4bc9982bd5:c1, 0013325a-9f0e-48ed-94a6-e4513394336e:c0, 621705e7-357c-4de4-a93e-65622c5fc502:c0]
2019-08-30 03:52:09,330 | INFO  | DNAudit | user=null | ip=null | op=WRITE_CHUNK {blockData=conID: 1 locID: 102703898563379217 bcsId: 0} | ret=SUCCESS |  
2019-08-30 03:52:09,332 | INFO  | DNAudit | user=null | ip=null | op=WRITE_CHUNK {blockData=conID: 1 locID: 102703898563379217 bcsId: 0} | ret=SUCCESS |  
2019-08-30 03:52:09,332 | INFO  | DNAudit | user=null | ip=null | op=WRITE_CHUNK {blockData=conID: 1 locID: 102703898563379217 bcsId: 0} | ret=SUCCESS |  
2019-08-30 03:52:09,333 | INFO  | DNAudit | user=null | ip=null | op=WRITE_CHUNK {blockData=conID: 1 locID: 102703898563379217 bcsId: 0} | ret=SUCCESS |  
2019-08-30 03:52:09,333 | INFO  | DNAudit | user=null | ip=null | op=WRITE_CHUNK {blockData=conID: 1 locID: 102703898563379217 bcsId: 0} | ret=SUCCESS |  
2019-08-30 03:52:09,347 | INFO  | DNAudit | user=null | ip=null | op=WRITE_CHUNK {blockData=conID: 1 locID: 102703898563379217 bcsId: 0} | ret=SUCCESS |  
2019-08-30 03:52:09,352 [grpc-default-executor-7] INFO  client.GrpcClientProtocolClient (GrpcClientProtocolClient.java:onNext(255)) - client-1F931287C9EA->d0043b8f-59eb-4c5c-80f3-5a4bc9982bd5: receive RaftClientReply:client-1F931287C9EA->d0043b8f-59eb-4c5c-80f3-5a4bc9982bd5@group-E1B1A06D4C63, cid=206, SUCCESS, logIndex=3, commits[d0043b8f-59eb-4c5c-80f3-5a4bc9982bd5:c3, 0013325a-9f0e-48ed-94a6-e4513394336e:c1, 621705e7-357c-4de4-a93e-65622c5fc502:c1]
2019-08-30 03:52:09,357 | INFO  | DNAudit | user=null | ip=null | op=WRITE_CHUNK {blockData=conID: 1 locID: 102703898563379217 bcsId: 0} | ret=SUCCESS |  
2019-08-30 03:52:09,357 | INFO  | DNAudit | user=null | ip=null | op=WRITE_CHUNK {blockData=conID: 1 locID: 102703898563379217 bcsId: 0} | ret=SUCCESS |  
2019-08-30 03:52:09,417 | INFO  | DNAudit | user=null | ip=null | op=PUT_BLOCK {blockData=[blockId=conID: 1 locID: 102703898563379217 bcsId: 0,size=167]} | ret=SUCCESS |  
2019-08-30 03:52:09,419 [grpc-default-executor-7] INFO  client.GrpcClientProtocolClient (GrpcClientProtocolClient.java:onNext(255)) - client-1F931287C9EA->d0043b8f-59eb-4c5c-80f3-5a4bc9982bd5: receive RaftClientReply:client-1F931287C9EA->d0043b8f-59eb-4c5c-80f3-5a4bc9982bd5@group-E1B1A06D4C63, cid=207, SUCCESS, logIndex=4, commits[d0043b8f-59eb-4c5c-80f3-5a4bc9982bd5:c6, 0013325a-9f0e-48ed-94a6-e4513394336e:c3, 621705e7-357c-4de4-a93e-65622c5fc502:c3]
2019-08-30 03:52:09,608 | INFO  | SCMAudit | user=jenkins1000 | ip=192.168.157.199 | op=SEND_HEARTBEAT {datanodeUUID=05e7d200-5199-4ca5-931c-a5057568ec42, command=[]} | ret=SUCCESS |  
2019-08-30 03:52:09,670 | INFO  | SCMAudit | user=jenkins1000 | ip=192.168.157.199 | op=SEND_HEARTBEAT {datanodeUUID=ee201a4f-0c90-4d0b-960f-697ba0938c35, command=[]} | ret=SUCCESS |  
2019-08-30 03:52:09,733 | INFO  | SCMAudit | user=jenkins1000 | ip=192.168.157.199 | op=SEND_HEARTBEAT {datanodeUUID=27d43df4-a2f1-4425-a17f-ad30e0ce4398, command=[]} | ret=SUCCESS |  
2019-08-30 03:52:10,012 | INFO  | SCMAudit | user=jenkins1000 | ip=192.168.157.199 | op=SEND_HEARTBEAT {datanodeUUID=8751c1ff-b790-41e3-80e1-6949a3f5d06f, command=[]} | ret=SUCCESS |  
2019-08-30 03:52:10,305 | INFO  | SCMAudit | user=jenkins1000 | ip=192.168.157.199 | op=SEND_HEARTBEAT {datanodeUUID=0013325a-9f0e-48ed-94a6-e4513394336e, command=[]} | ret=SUCCESS |  
2019-08-30 03:52:10,305 | INFO  | SCMAudit | user=jenkins1000 | ip=192.168.157.199 | op=SEND_HEARTBEAT {datanodeUUID=d0043b8f-59eb-4c5c-80f3-5a4bc9982bd5, command=[]} | ret=SUCCESS |  
2019-08-30 03:52:10,305 | INFO  | SCMAudit | user=jenkins1000 | ip=192.168.157.199 | op=SEND_HEARTBEAT {datanodeUUID=621705e7-357c-4de4-a93e-65622c5fc502, command=[]} | ret=SUCCESS |  
2019-08-30 03:52:10,421 [main] WARN  scm.XceiverClientRatis (XceiverClientRatis.java:watchForCommit(262)) - 3 way commit failed on pipeline Pipeline[ Id: 096e1659-dc63-4d9b-829e-e1b1a06d4c63, Nodes: 0013325a-9f0e-48ed-94a6-e4513394336e{ip: 192.168.157.199, host: pr-hdds-2057-gndl4-2748649462, networkLocation: /default-rack, certSerialId: null}d0043b8f-59eb-4c5c-80f3-5a4bc9982bd5{ip: 192.168.157.199, host: pr-hdds-2057-gndl4-2748649462, networkLocation: /default-rack, certSerialId: null}621705e7-357c-4de4-a93e-65622c5fc502{ip: 192.168.157.199, host: pr-hdds-2057-gndl4-2748649462, networkLocation: /default-rack, certSerialId: null}, Type:RATIS, Factor:THREE, State:OPEN]
java.util.concurrent.TimeoutException
	at java.util.concurrent.CompletableFuture.timedGet(CompletableFuture.java:1771)
	at java.util.concurrent.CompletableFuture.get(CompletableFuture.java:1915)
	at org.apache.hadoop.hdds.scm.XceiverClientRatis.watchForCommit(XceiverClientRatis.java:259)
	at org.apache.hadoop.hdds.scm.storage.CommitWatcher.watchForCommit(CommitWatcher.java:194)
	at org.apache.hadoop.hdds.scm.storage.CommitWatcher.watchOnLastIndex(CommitWatcher.java:157)
	at org.apache.hadoop.hdds.scm.storage.BlockOutputStream.watchForCommit(BlockOutputStream.java:347)
	at org.apache.hadoop.hdds.scm.storage.BlockOutputStream.handleFlush(BlockOutputStream.java:479)
	at org.apache.hadoop.hdds.scm.storage.BlockOutputStream.flush(BlockOutputStream.java:428)
	at org.apache.hadoop.ozone.client.io.BlockOutputStreamEntry.flush(BlockOutputStreamEntry.java:136)
	at org.apache.hadoop.ozone.client.io.KeyOutputStream.handleFlushOrClose(KeyOutputStream.java:442)
	at org.apache.hadoop.ozone.client.io.KeyOutputStream.flush(KeyOutputStream.java:396)
	at org.apache.hadoop.ozone.client.io.OzoneOutputStream.flush(OzoneOutputStream.java:54)
	at org.apache.hadoop.ozone.client.rpc.TestBlockOutputStreamWithFailures.testFailureWithPrimeSizedData(TestBlockOutputStreamWithFailures.java:599)
	at sun.reflect.NativeMethodAccessorImpl.invoke0(Native Method)
	at sun.reflect.NativeMethodAccessorImpl.invoke(NativeMethodAccessorImpl.java:62)
	at sun.reflect.DelegatingMethodAccessorImpl.invoke(DelegatingMethodAccessorImpl.java:43)
	at java.lang.reflect.Method.invoke(Method.java:498)
	at org.junit.runners.model.FrameworkMethod$1.runReflectiveCall(FrameworkMethod.java:47)
	at org.junit.internal.runners.model.ReflectiveCallable.run(ReflectiveCallable.java:12)
	at org.junit.runners.model.FrameworkMethod.invokeExplosively(FrameworkMethod.java:44)
	at org.junit.internal.runners.statements.InvokeMethod.evaluate(InvokeMethod.java:17)
	at org.junit.internal.runners.statements.RunBefores.evaluate(RunBefores.java:26)
	at org.junit.internal.runners.statements.RunAfters.evaluate(RunAfters.java:27)
	at org.junit.runners.ParentRunner.runLeaf(ParentRunner.java:271)
	at org.junit.runners.BlockJUnit4ClassRunner.runChild(BlockJUnit4ClassRunner.java:70)
	at org.junit.runners.BlockJUnit4ClassRunner.runChild(BlockJUnit4ClassRunner.java:50)
	at org.junit.runners.ParentRunner$3.run(ParentRunner.java:238)
	at org.junit.runners.ParentRunner$1.schedule(ParentRunner.java:63)
	at org.junit.runners.ParentRunner.runChildren(ParentRunner.java:236)
	at org.junit.runners.ParentRunner.access$000(ParentRunner.java:53)
	at org.junit.runners.ParentRunner$2.evaluate(ParentRunner.java:229)
	at org.junit.runners.ParentRunner.run(ParentRunner.java:309)
	at org.apache.maven.surefire.junit4.JUnit4Provider.execute(JUnit4Provider.java:365)
	at org.apache.maven.surefire.junit4.JUnit4Provider.executeWithRerun(JUnit4Provider.java:273)
	at org.apache.maven.surefire.junit4.JUnit4Provider.executeTestSet(JUnit4Provider.java:238)
	at org.apache.maven.surefire.junit4.JUnit4Provider.invoke(JUnit4Provider.java:159)
	at org.apache.maven.surefire.booter.ForkedBooter.invokeProviderInSameClassLoader(ForkedBooter.java:384)
	at org.apache.maven.surefire.booter.ForkedBooter.runSuitesInProcess(ForkedBooter.java:345)
	at org.apache.maven.surefire.booter.ForkedBooter.execute(ForkedBooter.java:126)
	at org.apache.maven.surefire.booter.ForkedBooter.main(ForkedBooter.java:418)
2019-08-30 03:52:10,609 | INFO  | SCMAudit | user=jenkins1000 | ip=192.168.157.199 | op=SEND_HEARTBEAT {datanodeUUID=05e7d200-5199-4ca5-931c-a5057568ec42, command=[]} | ret=SUCCESS |  
2019-08-30 03:52:10,669 | INFO  | SCMAudit | user=jenkins1000 | ip=192.168.157.199 | op=SEND_HEARTBEAT {datanodeUUID=ee201a4f-0c90-4d0b-960f-697ba0938c35, command=[]} | ret=SUCCESS |  
2019-08-30 03:52:10,733 | INFO  | SCMAudit | user=jenkins1000 | ip=192.168.157.199 | op=SEND_HEARTBEAT {datanodeUUID=27d43df4-a2f1-4425-a17f-ad30e0ce4398, command=[]} | ret=SUCCESS |  
2019-08-30 03:52:11,012 | INFO  | SCMAudit | user=jenkins1000 | ip=192.168.157.199 | op=SEND_HEARTBEAT {datanodeUUID=8751c1ff-b790-41e3-80e1-6949a3f5d06f, command=[]} | ret=SUCCESS |  
2019-08-30 03:52:11,305 | INFO  | SCMAudit | user=jenkins1000 | ip=192.168.157.199 | op=SEND_HEARTBEAT {datanodeUUID=0013325a-9f0e-48ed-94a6-e4513394336e, command=[]} | ret=SUCCESS |  
2019-08-30 03:52:11,305 | INFO  | SCMAudit | user=jenkins1000 | ip=192.168.157.199 | op=SEND_HEARTBEAT {datanodeUUID=621705e7-357c-4de4-a93e-65622c5fc502, command=[]} | ret=SUCCESS |  
2019-08-30 03:52:11,305 | INFO  | SCMAudit | user=jenkins1000 | ip=192.168.157.199 | op=SEND_HEARTBEAT {datanodeUUID=d0043b8f-59eb-4c5c-80f3-5a4bc9982bd5, command=[]} | ret=SUCCESS |  
2019-08-30 03:52:11,424 [main] WARN  storage.CommitWatcher (CommitWatcher.java:watchForCommit(203)) - watchForCommit failed for index 4
java.util.concurrent.TimeoutException
	at java.util.concurrent.CompletableFuture.timedGet(CompletableFuture.java:1771)
	at java.util.concurrent.CompletableFuture.get(CompletableFuture.java:1915)
	at org.apache.hadoop.hdds.scm.XceiverClientRatis.watchForCommit(XceiverClientRatis.java:268)
	at org.apache.hadoop.hdds.scm.storage.CommitWatcher.watchForCommit(CommitWatcher.java:194)
	at org.apache.hadoop.hdds.scm.storage.CommitWatcher.watchOnLastIndex(CommitWatcher.java:157)
	at org.apache.hadoop.hdds.scm.storage.BlockOutputStream.watchForCommit(BlockOutputStream.java:347)
	at org.apache.hadoop.hdds.scm.storage.BlockOutputStream.handleFlush(BlockOutputStream.java:479)
	at org.apache.hadoop.hdds.scm.storage.BlockOutputStream.flush(BlockOutputStream.java:428)
	at org.apache.hadoop.ozone.client.io.BlockOutputStreamEntry.flush(BlockOutputStreamEntry.java:136)
	at org.apache.hadoop.ozone.client.io.KeyOutputStream.handleFlushOrClose(KeyOutputStream.java:442)
	at org.apache.hadoop.ozone.client.io.KeyOutputStream.flush(KeyOutputStream.java:396)
	at org.apache.hadoop.ozone.client.io.OzoneOutputStream.flush(OzoneOutputStream.java:54)
	at org.apache.hadoop.ozone.client.rpc.TestBlockOutputStreamWithFailures.testFailureWithPrimeSizedData(TestBlockOutputStreamWithFailures.java:599)
	at sun.reflect.NativeMethodAccessorImpl.invoke0(Native Method)
	at sun.reflect.NativeMethodAccessorImpl.invoke(NativeMethodAccessorImpl.java:62)
	at sun.reflect.DelegatingMethodAccessorImpl.invoke(DelegatingMethodAccessorImpl.java:43)
	at java.lang.reflect.Method.invoke(Method.java:498)
	at org.junit.runners.model.FrameworkMethod$1.runReflectiveCall(FrameworkMethod.java:47)
	at org.junit.internal.runners.model.ReflectiveCallable.run(ReflectiveCallable.java:12)
	at org.junit.runners.model.FrameworkMethod.invokeExplosively(FrameworkMethod.java:44)
	at org.junit.internal.runners.statements.InvokeMethod.evaluate(InvokeMethod.java:17)
	at org.junit.internal.runners.statements.RunBefores.evaluate(RunBefores.java:26)
	at org.junit.internal.runners.statements.RunAfters.evaluate(RunAfters.java:27)
	at org.junit.runners.ParentRunner.runLeaf(ParentRunner.java:271)
	at org.junit.runners.BlockJUnit4ClassRunner.runChild(BlockJUnit4ClassRunner.java:70)
	at org.junit.runners.BlockJUnit4ClassRunner.runChild(BlockJUnit4ClassRunner.java:50)
	at org.junit.runners.ParentRunner$3.run(ParentRunner.java:238)
	at org.junit.runners.ParentRunner$1.schedule(ParentRunner.java:63)
	at org.junit.runners.ParentRunner.runChildren(ParentRunner.java:236)
	at org.junit.runners.ParentRunner.access$000(ParentRunner.java:53)
	at org.junit.runners.ParentRunner$2.evaluate(ParentRunner.java:229)
	at org.junit.runners.ParentRunner.run(ParentRunner.java:309)
	at org.apache.maven.surefire.junit4.JUnit4Provider.execute(JUnit4Provider.java:365)
	at org.apache.maven.surefire.junit4.JUnit4Provider.executeWithRerun(JUnit4Provider.java:273)
	at org.apache.maven.surefire.junit4.JUnit4Provider.executeTestSet(JUnit4Provider.java:238)
	at org.apache.maven.surefire.junit4.JUnit4Provider.invoke(JUnit4Provider.java:159)
	at org.apache.maven.surefire.booter.ForkedBooter.invokeProviderInSameClassLoader(ForkedBooter.java:384)
	at org.apache.maven.surefire.booter.ForkedBooter.runSuitesInProcess(ForkedBooter.java:345)
	at org.apache.maven.surefire.booter.ForkedBooter.execute(ForkedBooter.java:126)
	at org.apache.maven.surefire.booter.ForkedBooter.main(ForkedBooter.java:418)
2019-08-30 03:52:11,425 [main] WARN  io.KeyOutputStream (KeyOutputStream.java:handleException(276)) - Encountered exception java.io.IOException: Unexpected Storage Container Exception: java.io.IOException: Unexpected Storage Container Exception: java.util.concurrent.TimeoutException on the pipeline Pipeline[ Id: 096e1659-dc63-4d9b-829e-e1b1a06d4c63, Nodes: 0013325a-9f0e-48ed-94a6-e4513394336e{ip: 192.168.157.199, host: pr-hdds-2057-gndl4-2748649462, networkLocation: /default-rack, certSerialId: null}d0043b8f-59eb-4c5c-80f3-5a4bc9982bd5{ip: 192.168.157.199, host: pr-hdds-2057-gndl4-2748649462, networkLocation: /default-rack, certSerialId: null}621705e7-357c-4de4-a93e-65622c5fc502{ip: 192.168.157.199, host: pr-hdds-2057-gndl4-2748649462, networkLocation: /default-rack, certSerialId: null}, Type:RATIS, Factor:THREE, State:OPEN]. The last committed block length is 0, uncommitted data length is 167 retry count 0
2019-08-30 03:52:11,433 | INFO  | SCMAudit | user=jenkins1000 | ip=192.168.157.199 | op=ALLOCATE_BLOCK {owner=68905562-e298-4cdd-915f-b57c329b415f, size=800, type=RATIS, factor=THREE} | ret=SUCCESS |  
2019-08-30 03:52:11,434 | INFO  | OMAudit | user=jenkins1000 | ip=127.0.0.1 | op=ALLOCATE_BLOCK {volume=testblockoutputstream, bucket=testblockoutputstream, key=e200ad93-b34f-43d9-a2b1-438335fa158a, dataSize=0, replicationType=null, replicationFactor=null, keyLocationInfo=null, clientID=102703898563248144} | ret=SUCCESS |  
2019-08-30 03:52:11,446 [grpc-default-executor-3] INFO  client.GrpcClientProtocolClient (GrpcClientProtocolClient.java:onNext(255)) - client-2A70FD22AF96->ee201a4f-0c90-4d0b-960f-697ba0938c35: receive RaftClientReply:client-2A70FD22AF96->ee201a4f-0c90-4d0b-960f-697ba0938c35@group-AAC21FB918B8, cid=210, FAILED org.apache.ratis.protocol.NotLeaderException: Server ee201a4f-0c90-4d0b-960f-697ba0938c35 is not the leader (05e7d200-5199-4ca5-931c-a5057568ec42:192.168.157.199:39559). Request must be sent to leader., logIndex=0, commits[ee201a4f-0c90-4d0b-960f-697ba0938c35:c0, 05e7d200-5199-4ca5-931c-a5057568ec42:c0, 27d43df4-a2f1-4425-a17f-ad30e0ce4398:c-1]
2019-08-30 03:52:11,593 | INFO  | DNAudit | user=null | ip=null | op=WRITE_CHUNK {blockData=conID: 2 locID: 102703899045593106 bcsId: 0} | ret=SUCCESS |  
2019-08-30 03:52:11,593 | INFO  | DNAudit | user=null | ip=null | op=WRITE_CHUNK {blockData=conID: 2 locID: 102703899045593106 bcsId: 0} | ret=SUCCESS |  
2019-08-30 03:52:11,593 | INFO  | DNAudit | user=null | ip=null | op=WRITE_CHUNK {blockData=conID: 2 locID: 102703899045593106 bcsId: 0} | ret=SUCCESS |  
2019-08-30 03:52:11,593 | INFO  | SCMAudit | user=jenkins1000 | ip=192.168.157.199 | op=SEND_HEARTBEAT {datanodeUUID=27d43df4-a2f1-4425-a17f-ad30e0ce4398, command=[]} | ret=SUCCESS |  
2019-08-30 03:52:11,593 | INFO  | SCMAudit | user=jenkins1000 | ip=192.168.157.199 | op=SEND_HEARTBEAT {datanodeUUID=ee201a4f-0c90-4d0b-960f-697ba0938c35, command=[]} | ret=SUCCESS |  
2019-08-30 03:52:11,593 | INFO  | SCMAudit | user=jenkins1000 | ip=192.168.157.199 | op=SEND_HEARTBEAT {datanodeUUID=05e7d200-5199-4ca5-931c-a5057568ec42, command=[]} | ret=SUCCESS |  
2019-08-30 03:52:11,607 | INFO  | DNAudit | user=null | ip=null | op=WRITE_CHUNK {blockData=conID: 2 locID: 102703899045593106 bcsId: 0} | ret=SUCCESS |  
2019-08-30 03:52:11,611 [grpc-default-executor-7] INFO  client.GrpcClientProtocolClient (GrpcClientProtocolClient.java:onNext(255)) - client-2A70FD22AF96->05e7d200-5199-4ca5-931c-a5057568ec42: receive RaftClientReply:client-2A70FD22AF96->05e7d200-5199-4ca5-931c-a5057568ec42@group-AAC21FB918B8, cid=210, SUCCESS, logIndex=1, commits[05e7d200-5199-4ca5-931c-a5057568ec42:c1, ee201a4f-0c90-4d0b-960f-697ba0938c35:c0, 27d43df4-a2f1-4425-a17f-ad30e0ce4398:c0]
2019-08-30 03:52:11,614 | INFO  | DNAudit | user=null | ip=null | op=WRITE_CHUNK {blockData=conID: 2 locID: 102703899045593106 bcsId: 0} | ret=SUCCESS |  
2019-08-30 03:52:11,615 | INFO  | DNAudit | user=null | ip=null | op=WRITE_CHUNK {blockData=conID: 2 locID: 102703899045593106 bcsId: 0} | ret=SUCCESS |  
2019-08-30 03:52:11,615 | INFO  | DNAudit | user=null | ip=null | op=WRITE_CHUNK {blockData=conID: 2 locID: 102703899045593106 bcsId: 0} | ret=SUCCESS |  
2019-08-30 03:52:11,617 | INFO  | DNAudit | user=null | ip=null | op=WRITE_CHUNK {blockData=conID: 2 locID: 102703899045593106 bcsId: 0} | ret=SUCCESS |  
2019-08-30 03:52:11,619 | INFO  | DNAudit | user=null | ip=null | op=WRITE_CHUNK {blockData=conID: 2 locID: 102703899045593106 bcsId: 0} | ret=SUCCESS |  
2019-08-30 03:52:11,623 | INFO  | DNAudit | user=null | ip=null | op=WRITE_CHUNK {blockData=conID: 2 locID: 102703899045593106 bcsId: 0} | ret=SUCCESS |  
2019-08-30 03:52:11,627 [grpc-default-executor-5] INFO  client.GrpcClientProtocolClient (GrpcClientProtocolClient.java:onNext(255)) - client-2A70FD22AF96->05e7d200-5199-4ca5-931c-a5057568ec42: receive RaftClientReply:client-2A70FD22AF96->05e7d200-5199-4ca5-931c-a5057568ec42@group-AAC21FB918B8, cid=211, SUCCESS, logIndex=3, commits[05e7d200-5199-4ca5-931c-a5057568ec42:c4, ee201a4f-0c90-4d0b-960f-697ba0938c35:c1, 27d43df4-a2f1-4425-a17f-ad30e0ce4398:c1]
2019-08-30 03:52:11,647 | INFO  | DNAudit | user=null | ip=null | op=WRITE_CHUNK {blockData=conID: 2 locID: 102703899045593106 bcsId: 0} | ret=SUCCESS |  
2019-08-30 03:52:11,647 | INFO  | DNAudit | user=null | ip=null | op=WRITE_CHUNK {blockData=conID: 2 locID: 102703899045593106 bcsId: 0} | ret=SUCCESS |  
2019-08-30 03:52:11,679 | INFO  | DNAudit | user=null | ip=null | op=PUT_BLOCK {blockData=[blockId=conID: 2 locID: 102703899045593106 bcsId: 0,size=167]} | ret=SUCCESS |  
2019-08-30 03:52:11,681 [grpc-default-executor-5] INFO  client.GrpcClientProtocolClient (GrpcClientProtocolClient.java:onNext(255)) - client-2A70FD22AF96->05e7d200-5199-4ca5-931c-a5057568ec42: receive RaftClientReply:client-2A70FD22AF96->05e7d200-5199-4ca5-931c-a5057568ec42@group-AAC21FB918B8, cid=212, SUCCESS, logIndex=4, commits[05e7d200-5199-4ca5-931c-a5057568ec42:c6, ee201a4f-0c90-4d0b-960f-697ba0938c35:c4, 27d43df4-a2f1-4425-a17f-ad30e0ce4398:c4]
2019-08-30 03:52:11,682 [main] INFO  ozone.MiniOzoneClusterImpl (MiniOzoneClusterImpl.java:shutdown(307)) - Shutting down the Mini Ozone Cluster
2019-08-30 03:52:11,682 | INFO  | SCMAudit | user=null | ip=null | op=GET_SCM_INFO null | ret=SUCCESS |  
2019-08-30 03:52:11,682 [main] INFO  ozone.MiniOzoneClusterImpl (MiniOzoneClusterImpl.java:stop(322)) - Stopping the Mini Ozone Cluster
2019-08-30 03:52:11,682 [main] INFO  ozone.MiniOzoneClusterImpl (MiniOzoneClusterImpl.java:stop(324)) - Stopping the OzoneManager
2019-08-30 03:52:11,683 [main] INFO  ipc.Server (Server.java:stop(3082)) - Stopping server on 35735
2019-08-30 03:52:11,695 [IPC Server listener on 35735] INFO  ipc.Server (Server.java:run(1185)) - Stopping IPC Server listener on 35735
2019-08-30 03:52:11,699 [main] INFO  ratis.OzoneManagerDoubleBuffer (OzoneManagerDoubleBuffer.java:stop(248)) - Stopping OMDoubleBuffer flush thread
2019-08-30 03:52:11,701 [IPC Server Responder] INFO  ipc.Server (Server.java:run(1319)) - Stopping IPC Server Responder
2019-08-30 03:52:11,725 [OMDoubleBufferFlushThread] INFO  ratis.OzoneManagerDoubleBuffer (OzoneManagerDoubleBuffer.java:flushTransactions(191)) - OMDoubleBuffer flush thread OMDoubleBufferFlushThread is interrupted and will exit. OMDoubleBufferFlushThread
2019-08-30 03:52:11,730 | INFO  | DNAudit | user=null | ip=null | op=PUT_BLOCK {blockData=[blockId=conID: 2 locID: 102703899045593106 bcsId: 0,size=167]} | ret=SUCCESS |  
2019-08-30 03:52:11,733 [main] INFO  utils.BackgroundService (BackgroundService.java:shutdown(148)) - Shutting down service KeyDeletingService
2019-08-30 03:52:11,744 [main] INFO  handler.ContextHandler (ContextHandler.java:doStop(910)) - Stopped o.e.j.w.WebAppContext@424f02b8{/,null,UNAVAILABLE}{/ozoneManager}
2019-08-30 03:52:11,746 [main] INFO  server.AbstractConnector (AbstractConnector.java:doStop(318)) - Stopped ServerConnector@2ad7bd26{HTTP/1.1,[http/1.1]}{0.0.0.0:0}
2019-08-30 03:52:11,746 [main] INFO  handler.ContextHandler (ContextHandler.java:doStop(910)) - Stopped o.e.j.s.ServletContextHandler@7caf1e5{/static,file:///workdir/hadoop-ozone/integration-test/target/test-classes/webapps/static,UNAVAILABLE}
2019-08-30 03:52:11,747 [main] INFO  handler.ContextHandler (ContextHandler.java:doStop(910)) - Stopped o.e.j.s.ServletContextHandler@5d7f8467{/logs,file:///workdir/hadoop-ozone/integration-test/target/log,UNAVAILABLE}
2019-08-30 03:52:11,747 | INFO  | DNAudit | user=null | ip=null | op=PUT_BLOCK {blockData=[blockId=conID: 2 locID: 102703899045593106 bcsId: 0,size=167]} | ret=SUCCESS |  
2019-08-30 03:52:11,749 [main] INFO  ozone.MiniOzoneClusterImpl (MiniOzoneClusterImpl.java:stop(330)) - Shutting the HddsDatanodes
2019-08-30 03:52:11,870 [grpc-default-executor-7] INFO  client.GrpcClientProtocolClient (GrpcClientProtocolClient.java:onNext(255)) - client-1F931287C9EA->d0043b8f-59eb-4c5c-80f3-5a4bc9982bd5: receive RaftClientReply:client-1F931287C9EA->d0043b8f-59eb-4c5c-80f3-5a4bc9982bd5@group-E1B1A06D4C63, cid=209, SUCCESS, logIndex=0, commits[d0043b8f-59eb-4c5c-80f3-5a4bc9982bd5:c6, 0013325a-9f0e-48ed-94a6-e4513394336e:c6, 621705e7-357c-4de4-a93e-65622c5fc502:c3]
2019-08-30 03:52:11,871 [grpc-default-executor-7] INFO  client.GrpcClientProtocolClient (GrpcClientProtocolClient.java:onNext(255)) - client-1F931287C9EA->d0043b8f-59eb-4c5c-80f3-5a4bc9982bd5: receive RaftClientReply:client-1F931287C9EA->d0043b8f-59eb-4c5c-80f3-5a4bc9982bd5@group-E1B1A06D4C63, cid=208, SUCCESS, logIndex=0, commits[d0043b8f-59eb-4c5c-80f3-5a4bc9982bd5:c6, 0013325a-9f0e-48ed-94a6-e4513394336e:c6, 621705e7-357c-4de4-a93e-65622c5fc502:c6]
2019-08-30 03:52:11,938 | INFO  | DNAudit | user=null | ip=null | op=PUT_BLOCK {blockData=[blockId=conID: 1 locID: 102703898563379217 bcsId: 0,size=167]} | ret=SUCCESS |  
2019-08-30 03:52:11,998 | INFO  | DNAudit | user=null | ip=null | op=PUT_BLOCK {blockData=[blockId=conID: 1 locID: 102703898563379217 bcsId: 0,size=167]} | ret=SUCCESS |  
2019-08-30 03:52:12,013 | INFO  | SCMAudit | user=jenkins1000 | ip=192.168.157.199 | op=SEND_HEARTBEAT {datanodeUUID=8751c1ff-b790-41e3-80e1-6949a3f5d06f, command=[]} | ret=SUCCESS |  
2019-08-30 03:52:12,305 [Datanode State Machine Thread - 0] INFO  statemachine.DatanodeStateMachine (DatanodeStateMachine.java:lambda$startDaemon$0(350)) - Ozone container server started.
2019-08-30 03:52:12,306 | INFO  | SCMAudit | user=jenkins1000 | ip=192.168.157.199 | op=SEND_HEARTBEAT {datanodeUUID=0013325a-9f0e-48ed-94a6-e4513394336e, command=[]} | ret=SUCCESS |  
2019-08-30 03:52:12,306 | INFO  | SCMAudit | user=jenkins1000 | ip=192.168.157.199 | op=SEND_HEARTBEAT {datanodeUUID=d0043b8f-59eb-4c5c-80f3-5a4bc9982bd5, command=[]} | ret=SUCCESS |  
2019-08-30 03:52:12,593 [Datanode State Machine Thread - 0] INFO  statemachine.DatanodeStateMachine (DatanodeStateMachine.java:lambda$startDaemon$0(350)) - Ozone container server started.
2019-08-30 03:52:12,593 | INFO  | SCMAudit | user=jenkins1000 | ip=192.168.157.199 | op=SEND_HEARTBEAT {datanodeUUID=27d43df4-a2f1-4425-a17f-ad30e0ce4398, command=[]} | ret=SUCCESS |  
2019-08-30 03:52:12,593 | INFO  | SCMAudit | user=jenkins1000 | ip=192.168.157.199 | op=SEND_HEARTBEAT {datanodeUUID=05e7d200-5199-4ca5-931c-a5057568ec42, command=[]} | ret=SUCCESS |  
2019-08-30 03:52:13,013 | INFO  | SCMAudit | user=jenkins1000 | ip=192.168.157.199 | op=SEND_HEARTBEAT {datanodeUUID=8751c1ff-b790-41e3-80e1-6949a3f5d06f, command=[]} | ret=SUCCESS |  
2019-08-30 03:52:13,305 | INFO  | SCMAudit | user=jenkins1000 | ip=192.168.157.199 | op=SEND_HEARTBEAT {datanodeUUID=d0043b8f-59eb-4c5c-80f3-5a4bc9982bd5, command=[]} | ret=SUCCESS |  
2019-08-30 03:52:13,305 | INFO  | SCMAudit | user=jenkins1000 | ip=192.168.157.199 | op=SEND_HEARTBEAT {datanodeUUID=0013325a-9f0e-48ed-94a6-e4513394336e, command=[]} | ret=SUCCESS |  
2019-08-30 03:52:13,593 | INFO  | SCMAudit | user=jenkins1000 | ip=192.168.157.199 | op=SEND_HEARTBEAT {datanodeUUID=05e7d200-5199-4ca5-931c-a5057568ec42, command=[]} | ret=SUCCESS |  
2019-08-30 03:52:13,594 | INFO  | SCMAudit | user=jenkins1000 | ip=192.168.157.199 | op=SEND_HEARTBEAT {datanodeUUID=27d43df4-a2f1-4425-a17f-ad30e0ce4398, command=[]} | ret=SUCCESS |  
2019-08-30 03:52:14,013 | INFO  | SCMAudit | user=jenkins1000 | ip=192.168.157.199 | op=SEND_HEARTBEAT {datanodeUUID=8751c1ff-b790-41e3-80e1-6949a3f5d06f, command=[]} | ret=SUCCESS |  
2019-08-30 03:52:14,305 | INFO  | SCMAudit | user=jenkins1000 | ip=192.168.157.199 | op=SEND_HEARTBEAT {datanodeUUID=0013325a-9f0e-48ed-94a6-e4513394336e, command=[]} | ret=SUCCESS |  
2019-08-30 03:52:14,305 | INFO  | SCMAudit | user=jenkins1000 | ip=192.168.157.199 | op=SEND_HEARTBEAT {datanodeUUID=d0043b8f-59eb-4c5c-80f3-5a4bc9982bd5, command=[]} | ret=SUCCESS |  
2019-08-30 03:52:14,593 | INFO  | SCMAudit | user=jenkins1000 | ip=192.168.157.199 | op=SEND_HEARTBEAT {datanodeUUID=27d43df4-a2f1-4425-a17f-ad30e0ce4398, command=[]} | ret=SUCCESS |  
2019-08-30 03:52:14,593 | INFO  | SCMAudit | user=jenkins1000 | ip=192.168.157.199 | op=SEND_HEARTBEAT {datanodeUUID=05e7d200-5199-4ca5-931c-a5057568ec42, command=[]} | ret=SUCCESS |  
2019-08-30 03:52:15,013 | INFO  | SCMAudit | user=jenkins1000 | ip=192.168.157.199 | op=SEND_HEARTBEAT {datanodeUUID=8751c1ff-b790-41e3-80e1-6949a3f5d06f, command=[]} | ret=SUCCESS |  
2019-08-30 03:52:15,306 | INFO  | SCMAudit | user=jenkins1000 | ip=192.168.157.199 | op=SEND_HEARTBEAT {datanodeUUID=0013325a-9f0e-48ed-94a6-e4513394336e, command=[]} | ret=SUCCESS |  
2019-08-30 03:52:15,306 | INFO  | SCMAudit | user=jenkins1000 | ip=192.168.157.199 | op=SEND_HEARTBEAT {datanodeUUID=d0043b8f-59eb-4c5c-80f3-5a4bc9982bd5, command=[]} | ret=SUCCESS |  
2019-08-30 03:52:15,593 | INFO  | SCMAudit | user=jenkins1000 | ip=192.168.157.199 | op=SEND_HEARTBEAT {datanodeUUID=27d43df4-a2f1-4425-a17f-ad30e0ce4398, command=[]} | ret=SUCCESS |  
2019-08-30 03:52:15,593 | INFO  | SCMAudit | user=jenkins1000 | ip=192.168.157.199 | op=SEND_HEARTBEAT {datanodeUUID=05e7d200-5199-4ca5-931c-a5057568ec42, command=[]} | ret=SUCCESS |  
2019-08-30 03:52:16,014 | INFO  | SCMAudit | user=jenkins1000 | ip=192.168.157.199 | op=SEND_HEARTBEAT {datanodeUUID=8751c1ff-b790-41e3-80e1-6949a3f5d06f, command=[]} | ret=SUCCESS |  
2019-08-30 03:52:16,305 | INFO  | SCMAudit | user=jenkins1000 | ip=192.168.157.199 | op=SEND_HEARTBEAT {datanodeUUID=d0043b8f-59eb-4c5c-80f3-5a4bc9982bd5, command=[]} | ret=SUCCESS |  
2019-08-30 03:52:16,305 | INFO  | SCMAudit | user=jenkins1000 | ip=192.168.157.199 | op=SEND_HEARTBEAT {datanodeUUID=0013325a-9f0e-48ed-94a6-e4513394336e, command=[]} | ret=SUCCESS |  
2019-08-30 03:52:16,340 [EventQueue-StaleNodeForStaleNodeHandler] INFO  node.StaleNodeHandler (StaleNodeHandler.java:onMessage(58)) - Datanode 621705e7-357c-4de4-a93e-65622c5fc502{ip: 192.168.157.199, host: pr-hdds-2057-gndl4-2748649462, networkLocation: /default-rack, certSerialId: null} moved to stale state. Finalizing its pipelines [PipelineID=382401df-856d-4165-9525-b2231c0e0359, PipelineID=096e1659-dc63-4d9b-829e-e1b1a06d4c63]
2019-08-30 03:52:16,340 [EventQueue-StaleNodeForStaleNodeHandler] INFO  pipeline.SCMPipelineManager (SCMPipelineManager.java:finalizeAndDestroyPipeline(309)) - destroying pipeline:Pipeline[ Id: 382401df-856d-4165-9525-b2231c0e0359, Nodes: 621705e7-357c-4de4-a93e-65622c5fc502{ip: 192.168.157.199, host: pr-hdds-2057-gndl4-2748649462, networkLocation: /default-rack, certSerialId: null}, Type:RATIS, Factor:ONE, State:OPEN]
2019-08-30 03:52:16,341 [EventQueue-StaleNodeForStaleNodeHandler] INFO  pipeline.PipelineStateManager (PipelineStateManager.java:finalizePipeline(123)) - Pipeline Pipeline[ Id: 382401df-856d-4165-9525-b2231c0e0359, Nodes: 621705e7-357c-4de4-a93e-65622c5fc502{ip: 192.168.157.199, host: pr-hdds-2057-gndl4-2748649462, networkLocation: /default-rack, certSerialId: null}, Type:RATIS, Factor:ONE, State:CLOSED] moved to CLOSED state
2019-08-30 03:52:16,341 [EventQueue-StaleNodeForStaleNodeHandler] INFO  pipeline.SCMPipelineManager (SCMPipelineManager.java:finalizeAndDestroyPipeline(309)) - destroying pipeline:Pipeline[ Id: 096e1659-dc63-4d9b-829e-e1b1a06d4c63, Nodes: 0013325a-9f0e-48ed-94a6-e4513394336e{ip: 192.168.157.199, host: pr-hdds-2057-gndl4-2748649462, networkLocation: /default-rack, certSerialId: null}d0043b8f-59eb-4c5c-80f3-5a4bc9982bd5{ip: 192.168.157.199, host: pr-hdds-2057-gndl4-2748649462, networkLocation: /default-rack, certSerialId: null}621705e7-357c-4de4-a93e-65622c5fc502{ip: 192.168.157.199, host: pr-hdds-2057-gndl4-2748649462, networkLocation: /default-rack, certSerialId: null}, Type:RATIS, Factor:THREE, State:OPEN]
2019-08-30 03:52:16,341 [EventQueue-StaleNodeForStaleNodeHandler] INFO  pipeline.PipelineStateManager (PipelineStateManager.java:finalizePipeline(123)) - Pipeline Pipeline[ Id: 096e1659-dc63-4d9b-829e-e1b1a06d4c63, Nodes: 0013325a-9f0e-48ed-94a6-e4513394336e{ip: 192.168.157.199, host: pr-hdds-2057-gndl4-2748649462, networkLocation: /default-rack, certSerialId: null}d0043b8f-59eb-4c5c-80f3-5a4bc9982bd5{ip: 192.168.157.199, host: pr-hdds-2057-gndl4-2748649462, networkLocation: /default-rack, certSerialId: null}621705e7-357c-4de4-a93e-65622c5fc502{ip: 192.168.157.199, host: pr-hdds-2057-gndl4-2748649462, networkLocation: /default-rack, certSerialId: null}, Type:RATIS, Factor:THREE, State:CLOSED] moved to CLOSED state
2019-08-30 03:52:16,342 [EventQueue-CloseContainerForCloseContainerEventHandler] INFO  container.CloseContainerEventHandler (CloseContainerEventHandler.java:onMessage(61)) - Close container Event triggered for container : #1
2019-08-30 03:52:16,593 | INFO  | SCMAudit | user=jenkins1000 | ip=192.168.157.199 | op=SEND_HEARTBEAT {datanodeUUID=27d43df4-a2f1-4425-a17f-ad30e0ce4398, command=[]} | ret=SUCCESS |  
2019-08-30 03:52:16,594 | INFO  | SCMAudit | user=jenkins1000 | ip=192.168.157.199 | op=SEND_HEARTBEAT {datanodeUUID=05e7d200-5199-4ca5-931c-a5057568ec42, command=[]} | ret=SUCCESS |  
2019-08-30 03:52:16,640 [EventQueue-StaleNodeForStaleNodeHandler] INFO  node.StaleNodeHandler (StaleNodeHandler.java:onMessage(58)) - Datanode ee201a4f-0c90-4d0b-960f-697ba0938c35{ip: 192.168.157.199, host: pr-hdds-2057-gndl4-2748649462, networkLocation: /default-rack, certSerialId: null} moved to stale state. Finalizing its pipelines [PipelineID=5c40857d-e661-4224-8faf-aac21fb918b8, PipelineID=d5b3eecd-9852-49b9-80d3-a1f8c0f85baa]
2019-08-30 03:52:16,640 [EventQueue-StaleNodeForStaleNodeHandler] INFO  pipeline.SCMPipelineManager (SCMPipelineManager.java:finalizeAndDestroyPipeline(309)) - destroying pipeline:Pipeline[ Id: 5c40857d-e661-4224-8faf-aac21fb918b8, Nodes: ee201a4f-0c90-4d0b-960f-697ba0938c35{ip: 192.168.157.199, host: pr-hdds-2057-gndl4-2748649462, networkLocation: /default-rack, certSerialId: null}05e7d200-5199-4ca5-931c-a5057568ec42{ip: 192.168.157.199, host: pr-hdds-2057-gndl4-2748649462, networkLocation: /default-rack, certSerialId: null}27d43df4-a2f1-4425-a17f-ad30e0ce4398{ip: 192.168.157.199, host: pr-hdds-2057-gndl4-2748649462, networkLocation: /default-rack, certSerialId: null}, Type:RATIS, Factor:THREE, State:OPEN]
2019-08-30 03:52:16,640 [EventQueue-StaleNodeForStaleNodeHandler] INFO  pipeline.PipelineStateManager (PipelineStateManager.java:finalizePipeline(123)) - Pipeline Pipeline[ Id: 5c40857d-e661-4224-8faf-aac21fb918b8, Nodes: ee201a4f-0c90-4d0b-960f-697ba0938c35{ip: 192.168.157.199, host: pr-hdds-2057-gndl4-2748649462, networkLocation: /default-rack, certSerialId: null}05e7d200-5199-4ca5-931c-a5057568ec42{ip: 192.168.157.199, host: pr-hdds-2057-gndl4-2748649462, networkLocation: /default-rack, certSerialId: null}27d43df4-a2f1-4425-a17f-ad30e0ce4398{ip: 192.168.157.199, host: pr-hdds-2057-gndl4-2748649462, networkLocation: /default-rack, certSerialId: null}, Type:RATIS, Factor:THREE, State:CLOSED] moved to CLOSED state
2019-08-30 03:52:16,641 [EventQueue-CloseContainerForCloseContainerEventHandler] INFO  container.CloseContainerEventHandler (CloseContainerEventHandler.java:onMessage(61)) - Close container Event triggered for container : #2
2019-08-30 03:52:16,641 [EventQueue-StaleNodeForStaleNodeHandler] INFO  pipeline.SCMPipelineManager (SCMPipelineManager.java:finalizeAndDestroyPipeline(309)) - destroying pipeline:Pipeline[ Id: d5b3eecd-9852-49b9-80d3-a1f8c0f85baa, Nodes: ee201a4f-0c90-4d0b-960f-697ba0938c35{ip: 192.168.157.199, host: pr-hdds-2057-gndl4-2748649462, networkLocation: /default-rack, certSerialId: null}, Type:RATIS, Factor:ONE, State:OPEN]
2019-08-30 03:52:16,641 [EventQueue-StaleNodeForStaleNodeHandler] INFO  pipeline.PipelineStateManager (PipelineStateManager.java:finalizePipeline(123)) - Pipeline Pipeline[ Id: d5b3eecd-9852-49b9-80d3-a1f8c0f85baa, Nodes: ee201a4f-0c90-4d0b-960f-697ba0938c35{ip: 192.168.157.199, host: pr-hdds-2057-gndl4-2748649462, networkLocation: /default-rack, certSerialId: null}, Type:RATIS, Factor:ONE, State:CLOSED] moved to CLOSED state
2019-08-30 03:52:16,750 [main] INFO  ozoneimpl.OzoneContainer (OzoneContainer.java:stop(215)) - Attempting to stop container services.
2019-08-30 03:52:16,750 [ForkJoinPool.commonPool-worker-0] INFO  ozoneimpl.OzoneContainer (OzoneContainer.java:stop(215)) - Attempting to stop container services.
2019-08-30 03:52:16,751 [main] INFO  impl.RaftServerProxy (RaftServerProxy.java:lambda$close$4(314)) - 621705e7-357c-4de4-a93e-65622c5fc502: close
2019-08-30 03:52:16,751 [ForkJoinPool.commonPool-worker-0] INFO  impl.RaftServerProxy (RaftServerProxy.java:lambda$close$4(314)) - ee201a4f-0c90-4d0b-960f-697ba0938c35: close
2019-08-30 03:52:16,751 [main] INFO  impl.RaftServerImpl (RaftServerImpl.java:lambda$shutdown$3(245)) - 621705e7-357c-4de4-a93e-65622c5fc502: shutdown group-B2231C0E0359
2019-08-30 03:52:16,752 [ForkJoinPool.commonPool-worker-0] INFO  impl.RaftServerImpl (RaftServerImpl.java:lambda$shutdown$3(245)) - ee201a4f-0c90-4d0b-960f-697ba0938c35: shutdown group-AAC21FB918B8
2019-08-30 03:52:16,752 [main] INFO  util.JmxRegister (JmxRegister.java:unregister(73)) - Successfully un-registered JMX Bean with object name Ratis:service=RaftServer,group=group-B2231C0E0359,id=621705e7-357c-4de4-a93e-65622c5fc502
2019-08-30 03:52:16,753 [main] INFO  impl.RoleInfo (RoleInfo.java:shutdownLeaderState(104)) - 621705e7-357c-4de4-a93e-65622c5fc502: shutdown LeaderState
2019-08-30 03:52:16,752 [ForkJoinPool.commonPool-worker-0] INFO  util.JmxRegister (JmxRegister.java:unregister(73)) - Successfully un-registered JMX Bean with object name Ratis:service=RaftServer,group=group-AAC21FB918B8,id=ee201a4f-0c90-4d0b-960f-697ba0938c35
2019-08-30 03:52:16,753 [main] INFO  impl.PendingRequests (PendingRequests.java:sendNotLeaderResponses(202)) - 621705e7-357c-4de4-a93e-65622c5fc502-PendingRequests: sendNotLeaderResponses
2019-08-30 03:52:16,754 [ForkJoinPool.commonPool-worker-0] INFO  impl.RoleInfo (RoleInfo.java:shutdownFollowerState(121)) - ee201a4f-0c90-4d0b-960f-697ba0938c35: shutdown FollowerState
2019-08-30 03:52:16,754 [main] INFO  impl.StateMachineUpdater (StateMachineUpdater.java:stopAndJoin(115)) - StateMachineUpdater:621705e7-357c-4de4-a93e-65622c5fc502:group-B2231C0E0359: set stopIndex = 0
2019-08-30 03:52:16,754 [StateMachineUpdater:ee201a4f-0c90-4d0b-960f-697ba0938c35:group-AAC21FB918B8] INFO  ratis.ContainerStateMachine (ContainerStateMachine.java:takeSnapshot(284)) - group-AAC21FB918B8: Taking a snapshot at:(t:1, i:4) file /workdir/hadoop-ozone/integration-test/target/test-dir/MiniOzoneClusterImpl-55f3577b-d091-4ab9-9685-f42e74419794/datanode-1/data/ratis/5c40857d-e661-4224-8faf-aac21fb918b8/sm/snapshot.1_4
2019-08-30 03:52:16,754 [Thread-3926] INFO  impl.FollowerState (FollowerState.java:run(114)) - ee201a4f-0c90-4d0b-960f-697ba0938c35: FollowerState was interrupted: java.lang.InterruptedException: sleep interrupted
2019-08-30 03:52:16,754 [ForkJoinPool.commonPool-worker-0] INFO  impl.StateMachineUpdater (StateMachineUpdater.java:stopAndJoin(115)) - StateMachineUpdater:ee201a4f-0c90-4d0b-960f-697ba0938c35:group-AAC21FB918B8: set stopIndex = 6
2019-08-30 03:52:16,755 [main] INFO  impl.RaftServerImpl (ServerState.java:close(394)) - 621705e7-357c-4de4-a93e-65622c5fc502:group-B2231C0E0359 closes. The last applied log index is 0
2019-08-30 03:52:16,762 [621705e7-357c-4de4-a93e-65622c5fc502-SegmentedRaftLogWorker:Storage Directory /workdir/hadoop-ozone/integration-test/target/test-dir/MiniOzoneClusterImpl-55f3577b-d091-4ab9-9685-f42e74419794/datanode-4/data/ratis/382401df-856d-4165-9525-b2231c0e0359] INFO  segmented.SegmentedRaftLogWorker (SegmentedRaftLogWorker.java:run(313)) - 621705e7-357c-4de4-a93e-65622c5fc502-SegmentedRaftLogWorker:Storage Directory /workdir/hadoop-ozone/integration-test/target/test-dir/MiniOzoneClusterImpl-55f3577b-d091-4ab9-9685-f42e74419794/datanode-4/data/ratis/382401df-856d-4165-9525-b2231c0e0359 was interrupted, exiting. There are 0 tasks remaining in the queue.
2019-08-30 03:52:16,765 [main] INFO  segmented.SegmentedRaftLogWorker (SegmentedRaftLogWorker.java:close(228)) - 621705e7-357c-4de4-a93e-65622c5fc502-SegmentedRaftLogWorker:Storage Directory /workdir/hadoop-ozone/integration-test/target/test-dir/MiniOzoneClusterImpl-55f3577b-d091-4ab9-9685-f42e74419794/datanode-4/data/ratis/382401df-856d-4165-9525-b2231c0e0359 close()
2019-08-30 03:52:16,770 [main] INFO  impl.RaftServerImpl (RaftServerImpl.java:lambda$shutdown$3(245)) - 621705e7-357c-4de4-a93e-65622c5fc502: shutdown group-E1B1A06D4C63
2019-08-30 03:52:16,770 [main] INFO  util.JmxRegister (JmxRegister.java:unregister(73)) - Successfully un-registered JMX Bean with object name Ratis:service=RaftServer,group=group-E1B1A06D4C63,id=621705e7-357c-4de4-a93e-65622c5fc502
2019-08-30 03:52:16,770 [main] INFO  impl.RoleInfo (RoleInfo.java:shutdownFollowerState(121)) - 621705e7-357c-4de4-a93e-65622c5fc502: shutdown FollowerState
2019-08-30 03:52:16,771 [main] INFO  impl.StateMachineUpdater (StateMachineUpdater.java:stopAndJoin(115)) - StateMachineUpdater:621705e7-357c-4de4-a93e-65622c5fc502:group-E1B1A06D4C63: set stopIndex = 6
2019-08-30 03:52:16,771 [StateMachineUpdater:621705e7-357c-4de4-a93e-65622c5fc502:group-E1B1A06D4C63] INFO  ratis.ContainerStateMachine (ContainerStateMachine.java:takeSnapshot(284)) - group-E1B1A06D4C63: Taking a snapshot at:(t:1, i:6) file /workdir/hadoop-ozone/integration-test/target/test-dir/MiniOzoneClusterImpl-55f3577b-d091-4ab9-9685-f42e74419794/datanode-4/data/ratis/096e1659-dc63-4d9b-829e-e1b1a06d4c63/sm/snapshot.1_6
2019-08-30 03:52:16,771 [Thread-3961] INFO  impl.FollowerState (FollowerState.java:run(114)) - 621705e7-357c-4de4-a93e-65622c5fc502: FollowerState was interrupted: java.lang.InterruptedException: sleep interrupted
2019-08-30 03:52:16,785 [StateMachineUpdater:ee201a4f-0c90-4d0b-960f-697ba0938c35:group-AAC21FB918B8] INFO  ratis.ContainerStateMachine (ContainerStateMachine.java:takeSnapshot(295)) - group-AAC21FB918B8: Finished taking a snapshot at:(t:1, i:4) file:/workdir/hadoop-ozone/integration-test/target/test-dir/MiniOzoneClusterImpl-55f3577b-d091-4ab9-9685-f42e74419794/datanode-1/data/ratis/5c40857d-e661-4224-8faf-aac21fb918b8/sm/snapshot.1_4 time:31
2019-08-30 03:52:16,785 [StateMachineUpdater:ee201a4f-0c90-4d0b-960f-697ba0938c35:group-AAC21FB918B8] INFO  impl.StateMachineUpdater (StateMachineUpdater.java:takeSnapshot(242)) - StateMachineUpdater:ee201a4f-0c90-4d0b-960f-697ba0938c35:group-AAC21FB918B8: Took a snapshot at index 4
2019-08-30 03:52:16,786 [StateMachineUpdater:ee201a4f-0c90-4d0b-960f-697ba0938c35:group-AAC21FB918B8] INFO  impl.StateMachineUpdater (StateMachineUpdater.java:lambda$new$0(80)) - StateMachineUpdater:ee201a4f-0c90-4d0b-960f-697ba0938c35:group-AAC21FB918B8: snapshotIndex: updateIncreasingly -1 -> 4
2019-08-30 03:52:16,786 [ForkJoinPool.commonPool-worker-0] INFO  impl.RaftServerImpl (ServerState.java:close(394)) - ee201a4f-0c90-4d0b-960f-697ba0938c35:group-AAC21FB918B8 closes. The last applied log index is 6
2019-08-30 03:52:16,787 [ee201a4f-0c90-4d0b-960f-697ba0938c35-SegmentedRaftLogWorker:Storage Directory /workdir/hadoop-ozone/integration-test/target/test-dir/MiniOzoneClusterImpl-55f3577b-d091-4ab9-9685-f42e74419794/datanode-1/data/ratis/5c40857d-e661-4224-8faf-aac21fb918b8] INFO  segmented.SegmentedRaftLogWorker (SegmentedRaftLogWorker.java:run(313)) - ee201a4f-0c90-4d0b-960f-697ba0938c35-SegmentedRaftLogWorker:Storage Directory /workdir/hadoop-ozone/integration-test/target/test-dir/MiniOzoneClusterImpl-55f3577b-d091-4ab9-9685-f42e74419794/datanode-1/data/ratis/5c40857d-e661-4224-8faf-aac21fb918b8 was interrupted, exiting. There are 0 tasks remaining in the queue.
2019-08-30 03:52:16,789 [StateMachineUpdater:621705e7-357c-4de4-a93e-65622c5fc502:group-E1B1A06D4C63] INFO  ratis.ContainerStateMachine (ContainerStateMachine.java:takeSnapshot(295)) - group-E1B1A06D4C63: Finished taking a snapshot at:(t:1, i:6) file:/workdir/hadoop-ozone/integration-test/target/test-dir/MiniOzoneClusterImpl-55f3577b-d091-4ab9-9685-f42e74419794/datanode-4/data/ratis/096e1659-dc63-4d9b-829e-e1b1a06d4c63/sm/snapshot.1_6 time:18
2019-08-30 03:52:16,789 [ForkJoinPool.commonPool-worker-0] INFO  segmented.SegmentedRaftLogWorker (SegmentedRaftLogWorker.java:close(228)) - ee201a4f-0c90-4d0b-960f-697ba0938c35-SegmentedRaftLogWorker:Storage Directory /workdir/hadoop-ozone/integration-test/target/test-dir/MiniOzoneClusterImpl-55f3577b-d091-4ab9-9685-f42e74419794/datanode-1/data/ratis/5c40857d-e661-4224-8faf-aac21fb918b8 close()
2019-08-30 03:52:16,789 [StateMachineUpdater:621705e7-357c-4de4-a93e-65622c5fc502:group-E1B1A06D4C63] INFO  impl.StateMachineUpdater (StateMachineUpdater.java:takeSnapshot(242)) - StateMachineUpdater:621705e7-357c-4de4-a93e-65622c5fc502:group-E1B1A06D4C63: Took a snapshot at index 6
2019-08-30 03:52:16,794 [StateMachineUpdater:621705e7-357c-4de4-a93e-65622c5fc502:group-E1B1A06D4C63] INFO  impl.StateMachineUpdater (StateMachineUpdater.java:lambda$new$0(80)) - StateMachineUpdater:621705e7-357c-4de4-a93e-65622c5fc502:group-E1B1A06D4C63: snapshotIndex: updateIncreasingly -1 -> 6
2019-08-30 03:52:16,794 [ForkJoinPool.commonPool-worker-0] INFO  impl.RaftServerImpl (RaftServerImpl.java:lambda$shutdown$3(245)) - ee201a4f-0c90-4d0b-960f-697ba0938c35: shutdown group-A1F8C0F85BAA
2019-08-30 03:52:16,795 [main] INFO  impl.RaftServerImpl (ServerState.java:close(394)) - 621705e7-357c-4de4-a93e-65622c5fc502:group-E1B1A06D4C63 closes. The last applied log index is 6
2019-08-30 03:52:16,795 [ForkJoinPool.commonPool-worker-0] INFO  util.JmxRegister (JmxRegister.java:unregister(73)) - Successfully un-registered JMX Bean with object name Ratis:service=RaftServer,group=group-A1F8C0F85BAA,id=ee201a4f-0c90-4d0b-960f-697ba0938c35
2019-08-30 03:52:16,796 [621705e7-357c-4de4-a93e-65622c5fc502-SegmentedRaftLogWorker:Storage Directory /workdir/hadoop-ozone/integration-test/target/test-dir/MiniOzoneClusterImpl-55f3577b-d091-4ab9-9685-f42e74419794/datanode-4/data/ratis/096e1659-dc63-4d9b-829e-e1b1a06d4c63] INFO  segmented.SegmentedRaftLogWorker (SegmentedRaftLogWorker.java:run(313)) - 621705e7-357c-4de4-a93e-65622c5fc502-SegmentedRaftLogWorker:Storage Directory /workdir/hadoop-ozone/integration-test/target/test-dir/MiniOzoneClusterImpl-55f3577b-d091-4ab9-9685-f42e74419794/datanode-4/data/ratis/096e1659-dc63-4d9b-829e-e1b1a06d4c63 was interrupted, exiting. There are 0 tasks remaining in the queue.
2019-08-30 03:52:16,796 [ForkJoinPool.commonPool-worker-0] INFO  impl.RoleInfo (RoleInfo.java:shutdownLeaderState(104)) - ee201a4f-0c90-4d0b-960f-697ba0938c35: shutdown LeaderState
2019-08-30 03:52:16,799 [main] INFO  segmented.SegmentedRaftLogWorker (SegmentedRaftLogWorker.java:close(228)) - 621705e7-357c-4de4-a93e-65622c5fc502-SegmentedRaftLogWorker:Storage Directory /workdir/hadoop-ozone/integration-test/target/test-dir/MiniOzoneClusterImpl-55f3577b-d091-4ab9-9685-f42e74419794/datanode-4/data/ratis/096e1659-dc63-4d9b-829e-e1b1a06d4c63 close()
2019-08-30 03:52:16,799 [ForkJoinPool.commonPool-worker-0] INFO  impl.PendingRequests (PendingRequests.java:sendNotLeaderResponses(202)) - ee201a4f-0c90-4d0b-960f-697ba0938c35-PendingRequests: sendNotLeaderResponses
2019-08-30 03:52:16,804 [main] INFO  server.GrpcService (GrpcService.java:closeImpl(155)) - 621705e7-357c-4de4-a93e-65622c5fc502: shutdown server with port 42300 now
2019-08-30 03:52:16,805 [ForkJoinPool.commonPool-worker-0] INFO  impl.StateMachineUpdater (StateMachineUpdater.java:stopAndJoin(115)) - StateMachineUpdater:ee201a4f-0c90-4d0b-960f-697ba0938c35:group-A1F8C0F85BAA: set stopIndex = 0
2019-08-30 03:52:16,805 [ForkJoinPool.commonPool-worker-0] INFO  impl.RaftServerImpl (ServerState.java:close(394)) - ee201a4f-0c90-4d0b-960f-697ba0938c35:group-A1F8C0F85BAA closes. The last applied log index is 0
2019-08-30 03:52:16,806 [ee201a4f-0c90-4d0b-960f-697ba0938c35-SegmentedRaftLogWorker:Storage Directory /workdir/hadoop-ozone/integration-test/target/test-dir/MiniOzoneClusterImpl-55f3577b-d091-4ab9-9685-f42e74419794/datanode-1/data/ratis/d5b3eecd-9852-49b9-80d3-a1f8c0f85baa] INFO  segmented.SegmentedRaftLogWorker (SegmentedRaftLogWorker.java:run(313)) - ee201a4f-0c90-4d0b-960f-697ba0938c35-SegmentedRaftLogWorker:Storage Directory /workdir/hadoop-ozone/integration-test/target/test-dir/MiniOzoneClusterImpl-55f3577b-d091-4ab9-9685-f42e74419794/datanode-1/data/ratis/d5b3eecd-9852-49b9-80d3-a1f8c0f85baa was interrupted, exiting. There are 0 tasks remaining in the queue.
2019-08-30 03:52:16,809 [ForkJoinPool.commonPool-worker-0] INFO  segmented.SegmentedRaftLogWorker (SegmentedRaftLogWorker.java:close(228)) - ee201a4f-0c90-4d0b-960f-697ba0938c35-SegmentedRaftLogWorker:Storage Directory /workdir/hadoop-ozone/integration-test/target/test-dir/MiniOzoneClusterImpl-55f3577b-d091-4ab9-9685-f42e74419794/datanode-1/data/ratis/d5b3eecd-9852-49b9-80d3-a1f8c0f85baa close()
2019-08-30 03:52:16,809 [grpc-default-executor-7] WARN  server.GrpcServerProtocolService (LogUtils.java:warn(134)) - 621705e7-357c-4de4-a93e-65622c5fc502: appendEntries onError: org.apache.ratis.thirdparty.io.grpc.StatusRuntimeException: CANCELLED: cancelled before receiving half close
2019-08-30 03:52:16,814 [main] INFO  server.GrpcService (GrpcService.java:closeImpl(163)) - 621705e7-357c-4de4-a93e-65622c5fc502: shutdown server with port 42300 successfully
2019-08-30 03:52:16,814 [ForkJoinPool.commonPool-worker-0] INFO  server.GrpcService (GrpcService.java:closeImpl(155)) - ee201a4f-0c90-4d0b-960f-697ba0938c35: shutdown server with port 37056 now
2019-08-30 03:52:16,815 [grpc-default-executor-3] WARN  server.GrpcLogAppender (LogUtils.java:warn(134)) - d0043b8f-59eb-4c5c-80f3-5a4bc9982bd5->621705e7-357c-4de4-a93e-65622c5fc502: Failed appendEntries: org.apache.ratis.thirdparty.io.grpc.StatusRuntimeException: CANCELLED: HTTP/2 error code: CANCEL
Received Rst Stream
2019-08-30 03:52:16,815 [grpc-default-executor-5] WARN  server.GrpcServerProtocolService (LogUtils.java:warn(134)) - ee201a4f-0c90-4d0b-960f-697ba0938c35: appendEntries onError: org.apache.ratis.thirdparty.io.grpc.StatusRuntimeException: CANCELLED: cancelled before receiving half close
2019-08-30 03:52:16,815 [ForkJoinPool.commonPool-worker-0] INFO  server.GrpcService (GrpcService.java:closeImpl(163)) - ee201a4f-0c90-4d0b-960f-697ba0938c35: shutdown server with port 37056 successfully
2019-08-30 03:52:16,815 [grpc-default-executor-3] INFO  impl.FollowerInfo (FollowerInfo.java:lambda$new$0(50)) - d0043b8f-59eb-4c5c-80f3-5a4bc9982bd5->621705e7-357c-4de4-a93e-65622c5fc502: nextIndex: updateUnconditionally 7 -> 6
2019-08-30 03:52:16,816 [grpc-default-executor-8] WARN  server.GrpcLogAppender (LogUtils.java:warn(134)) - 05e7d200-5199-4ca5-931c-a5057568ec42->ee201a4f-0c90-4d0b-960f-697ba0938c35: Failed appendEntries: org.apache.ratis.thirdparty.io.grpc.StatusRuntimeException: CANCELLED: HTTP/2 error code: CANCEL
Received Rst Stream
2019-08-30 03:52:16,817 [grpc-default-executor-8] INFO  impl.FollowerInfo (FollowerInfo.java:lambda$new$0(50)) - 05e7d200-5199-4ca5-931c-a5057568ec42->ee201a4f-0c90-4d0b-960f-697ba0938c35: nextIndex: updateUnconditionally 7 -> 6
2019-08-30 03:52:16,818 [refreshUsed-/workdir/hadoop-ozone/integration-test/target/test-dir/MiniOzoneClusterImpl-55f3577b-d091-4ab9-9685-f42e74419794/datanode-4/data/containers] WARN  fs.CachingGetSpaceUsed (CachingGetSpaceUsed.java:run(183)) - Thread Interrupted waiting to refresh disk information: sleep interrupted
2019-08-30 03:52:16,821 [refreshUsed-/workdir/hadoop-ozone/integration-test/target/test-dir/MiniOzoneClusterImpl-55f3577b-d091-4ab9-9685-f42e74419794/datanode-1/data/containers] WARN  fs.CachingGetSpaceUsed (CachingGetSpaceUsed.java:run(183)) - Thread Interrupted waiting to refresh disk information: sleep interrupted
2019-08-30 03:52:16,841 [main] INFO  utils.BackgroundService (BackgroundService.java:shutdown(148)) - Shutting down service BlockDeletingService
2019-08-30 03:52:16,846 [main] INFO  statemachine.DatanodeStateMachine (DatanodeStateMachine.java:stopDaemon(395)) - Ozone container server stopped.
2019-08-30 03:52:16,847 [main] INFO  handler.ContextHandler (ContextHandler.java:doStop(910)) - Stopped o.e.j.w.WebAppContext@7c901203{/,null,UNAVAILABLE}{/hddsDatanode}
2019-08-30 03:52:16,848 [main] INFO  server.AbstractConnector (AbstractConnector.java:doStop(318)) - Stopped ServerConnector@1e721583{HTTP/1.1,[http/1.1]}{0.0.0.0:0}
2019-08-30 03:52:16,848 [ForkJoinPool.commonPool-worker-0] INFO  utils.BackgroundService (BackgroundService.java:shutdown(148)) - Shutting down service BlockDeletingService
2019-08-30 03:52:16,848 [main] INFO  handler.ContextHandler (ContextHandler.java:doStop(910)) - Stopped o.e.j.s.ServletContextHandler@5e68be2{/static,jar:file:/home/user/.m2/repository/org/apache/hadoop/hadoop-hdds-container-service/0.5.0-SNAPSHOT/hadoop-hdds-container-service-0.5.0-SNAPSHOT.jar!/webapps/static,UNAVAILABLE}
2019-08-30 03:52:16,851 [main] INFO  handler.ContextHandler (ContextHandler.java:doStop(910)) - Stopped o.e.j.s.ServletContextHandler@2fbd390{/logs,file:///workdir/hadoop-ozone/integration-test/target/log,UNAVAILABLE}
2019-08-30 03:52:16,852 [ForkJoinPool.commonPool-worker-0] INFO  statemachine.DatanodeStateMachine (DatanodeStateMachine.java:stopDaemon(395)) - Ozone container server stopped.
2019-08-30 03:52:16,860 [ForkJoinPool.commonPool-worker-0] INFO  handler.ContextHandler (ContextHandler.java:doStop(910)) - Stopped o.e.j.w.WebAppContext@ddffa6c{/,null,UNAVAILABLE}{/hddsDatanode}
2019-08-30 03:52:16,860 [ForkJoinPool.commonPool-worker-0] INFO  server.AbstractConnector (AbstractConnector.java:doStop(318)) - Stopped ServerConnector@42c54bad{HTTP/1.1,[http/1.1]}{0.0.0.0:0}
2019-08-30 03:52:16,862 [ForkJoinPool.commonPool-worker-0] INFO  handler.ContextHandler (ContextHandler.java:doStop(910)) - Stopped o.e.j.s.ServletContextHandler@401317a0{/static,jar:file:/home/user/.m2/repository/org/apache/hadoop/hadoop-hdds-container-service/0.5.0-SNAPSHOT/hadoop-hdds-container-service-0.5.0-SNAPSHOT.jar!/webapps/static,UNAVAILABLE}
2019-08-30 03:52:16,864 [ForkJoinPool.commonPool-worker-0] INFO  handler.ContextHandler (ContextHandler.java:doStop(910)) - Stopped o.e.j.s.ServletContextHandler@b5d9f1e{/logs,file:///workdir/hadoop-ozone/integration-test/target/log,UNAVAILABLE}
2019-08-30 03:52:16,871 [grpc-default-executor-8] WARN  server.GrpcLogAppender (LogUtils.java:warn(134)) - d0043b8f-59eb-4c5c-80f3-5a4bc9982bd5->621705e7-357c-4de4-a93e-65622c5fc502: Failed appendEntries: org.apache.ratis.thirdparty.io.grpc.StatusRuntimeException: UNAVAILABLE: io exception
2019-08-30 03:52:16,871 [grpc-default-executor-8] INFO  impl.FollowerInfo (FollowerInfo.java:lambda$new$0(50)) - d0043b8f-59eb-4c5c-80f3-5a4bc9982bd5->621705e7-357c-4de4-a93e-65622c5fc502: nextIndex: updateUnconditionally 6 -> 5
2019-08-30 03:52:17,013 | INFO  | SCMAudit | user=jenkins1000 | ip=192.168.157.199 | op=SEND_HEARTBEAT {datanodeUUID=8751c1ff-b790-41e3-80e1-6949a3f5d06f, command=[]} | ret=SUCCESS |  
2019-08-30 03:52:17,305 [Datanode State Machine Thread - 0] INFO  statemachine.DatanodeStateMachine (DatanodeStateMachine.java:lambda$startDaemon$0(350)) - Ozone container server started.
2019-08-30 03:52:17,306 | INFO  | SCMAudit | user=jenkins1000 | ip=192.168.157.199 | op=SEND_HEARTBEAT {datanodeUUID=0013325a-9f0e-48ed-94a6-e4513394336e, command=[commandType: closeContainerCommand closeContainerCommandProto { containerID: 1 pipelineID { id: "096e1659-dc63-4d9b-829e-e1b1a06d4c63" } cmdId: 1 force: false } ]} | ret=SUCCESS |  
2019-08-30 03:52:17,593 [Datanode State Machine Thread - 0] INFO  statemachine.DatanodeStateMachine (DatanodeStateMachine.java:lambda$startDaemon$0(350)) - Ozone container server started.
2019-08-30 03:52:17,595 | INFO  | SCMAudit | user=jenkins1000 | ip=192.168.157.199 | op=SEND_HEARTBEAT {datanodeUUID=05e7d200-5199-4ca5-931c-a5057568ec42, command=[commandType: closeContainerCommand closeContainerCommandProto { containerID: 2 pipelineID { id: "5c40857d-e661-4224-8faf-aac21fb918b8" } cmdId: 2 force: false } ]} | ret=SUCCESS |  
2019-08-30 03:52:18,013 | INFO  | SCMAudit | user=jenkins1000 | ip=192.168.157.199 | op=SEND_HEARTBEAT {datanodeUUID=8751c1ff-b790-41e3-80e1-6949a3f5d06f, command=[]} | ret=SUCCESS |  
2019-08-30 03:52:18,305 | INFO  | SCMAudit | user=jenkins1000 | ip=192.168.157.199 | op=SEND_HEARTBEAT {datanodeUUID=0013325a-9f0e-48ed-94a6-e4513394336e, command=[]} | ret=SUCCESS |  
2019-08-30 03:52:18,595 | INFO  | SCMAudit | user=jenkins1000 | ip=192.168.157.199 | op=SEND_HEARTBEAT {datanodeUUID=05e7d200-5199-4ca5-931c-a5057568ec42, command=[]} | ret=SUCCESS |  
2019-08-30 03:52:18,636 | INFO  | SCMAudit | user=jenkins1000 | ip=192.168.157.199 | op=SEND_HEARTBEAT {datanodeUUID=05e7d200-5199-4ca5-931c-a5057568ec42, command=[]} | ret=SUCCESS |  
2019-08-30 03:52:18,642 [grpc-default-executor-5] WARN  server.GrpcLogAppender (LogUtils.java:warn(134)) - 05e7d200-5199-4ca5-931c-a5057568ec42->ee201a4f-0c90-4d0b-960f-697ba0938c35: Failed appendEntries: org.apache.ratis.thirdparty.io.grpc.StatusRuntimeException: UNAVAILABLE: io exception
2019-08-30 03:52:18,643 [grpc-default-executor-5] INFO  impl.FollowerInfo (FollowerInfo.java:lambda$new$0(50)) - 05e7d200-5199-4ca5-931c-a5057568ec42->ee201a4f-0c90-4d0b-960f-697ba0938c35: nextIndex: updateUnconditionally 7 -> 6
2019-08-30 03:52:18,656 [grpc-default-executor-8] WARN  server.GrpcLogAppender (LogUtils.java:warn(134)) - 05e7d200-5199-4ca5-931c-a5057568ec42->ee201a4f-0c90-4d0b-960f-697ba0938c35: Failed appendEntries: org.apache.ratis.thirdparty.io.grpc.StatusRuntimeException: UNAVAILABLE: io exception
2019-08-30 03:52:18,656 [grpc-default-executor-8] INFO  impl.FollowerInfo (FollowerInfo.java:lambda$new$0(50)) - 05e7d200-5199-4ca5-931c-a5057568ec42->ee201a4f-0c90-4d0b-960f-697ba0938c35: nextIndex: updateUnconditionally 7 -> 6
2019-08-30 03:52:18,670 [grpc-default-executor-8] WARN  server.GrpcLogAppender (LogUtils.java:warn(134)) - 05e7d200-5199-4ca5-931c-a5057568ec42->ee201a4f-0c90-4d0b-960f-697ba0938c35: Failed appendEntries: org.apache.ratis.thirdparty.io.grpc.StatusRuntimeException: UNAVAILABLE: io exception
2019-08-30 03:52:18,670 [grpc-default-executor-8] INFO  impl.FollowerInfo (FollowerInfo.java:lambda$new$0(50)) - 05e7d200-5199-4ca5-931c-a5057568ec42->ee201a4f-0c90-4d0b-960f-697ba0938c35: nextIndex: updateUnconditionally 7 -> 6
2019-08-30 03:52:18,680 [RatisApplyTransactionExecutor 2] INFO  interfaces.Container (KeyValueContainer.java:flushAndSyncDB(382)) - Container 2 is synced with bcsId 4.
2019-08-30 03:52:18,680 [RatisApplyTransactionExecutor 2] INFO  interfaces.Container (KeyValueContainer.java:flushAndSyncDB(382)) - Container 2 is synced with bcsId 4.
2019-08-30 03:52:18,695 [RatisApplyTransactionExecutor 2] INFO  interfaces.Container (KeyValueContainer.java:flushAndSyncDB(382)) - Container 2 is synced with bcsId 4.
2019-08-30 03:52:18,695 | INFO  | DNAudit | user=null | ip=null | op=CLOSE_CONTAINER {containerID=2} | ret=SUCCESS |  
2019-08-30 03:52:18,695 [RatisApplyTransactionExecutor 2] INFO  interfaces.Container (KeyValueContainer.java:flushAndSyncDB(382)) - Container 2 is synced with bcsId 4.
2019-08-30 03:52:18,696 | INFO  | SCMAudit | user=jenkins1000 | ip=192.168.157.199 | op=SEND_HEARTBEAT {datanodeUUID=05e7d200-5199-4ca5-931c-a5057568ec42, command=[]} | ret=SUCCESS |  
2019-08-30 03:52:18,696 [EventQueue-IncrementalContainerReportForIncrementalContainerReportHandler] INFO  container.IncrementalContainerReportHandler (AbstractContainerReportHandler.java:updateContainerState(176)) - Moving container #2 to CLOSED state, datanode 05e7d200-5199-4ca5-931c-a5057568ec42{ip: 192.168.157.199, host: pr-hdds-2057-gndl4-2748649462, networkLocation: /default-rack, certSerialId: null} reported CLOSED replica.
2019-08-30 03:52:18,709 | INFO  | DNAudit | user=null | ip=null | op=CLOSE_CONTAINER {containerID=2} | ret=SUCCESS |  
2019-08-30 03:52:19,013 | INFO  | SCMAudit | user=jenkins1000 | ip=192.168.157.199 | op=SEND_HEARTBEAT {datanodeUUID=8751c1ff-b790-41e3-80e1-6949a3f5d06f, command=[]} | ret=SUCCESS |  
2019-08-30 03:52:19,305 | INFO  | SCMAudit | user=jenkins1000 | ip=192.168.157.199 | op=SEND_HEARTBEAT {datanodeUUID=0013325a-9f0e-48ed-94a6-e4513394336e, command=[]} | ret=SUCCESS |  
2019-08-30 03:52:19,329 | INFO  | SCMAudit | user=jenkins1000 | ip=192.168.157.199 | op=SEND_HEARTBEAT {datanodeUUID=0013325a-9f0e-48ed-94a6-e4513394336e, command=[]} | ret=SUCCESS |  
2019-08-30 03:52:19,371 [grpc-default-executor-8] WARN  server.GrpcLogAppender (LogUtils.java:warn(134)) - d0043b8f-59eb-4c5c-80f3-5a4bc9982bd5->621705e7-357c-4de4-a93e-65622c5fc502: Failed appendEntries: org.apache.ratis.thirdparty.io.grpc.StatusRuntimeException: UNAVAILABLE: io exception
2019-08-30 03:52:19,372 [grpc-default-executor-8] INFO  impl.FollowerInfo (FollowerInfo.java:lambda$new$0(50)) - d0043b8f-59eb-4c5c-80f3-5a4bc9982bd5->621705e7-357c-4de4-a93e-65622c5fc502: nextIndex: updateUnconditionally 5 -> 4
2019-08-30 03:52:19,696 | INFO  | SCMAudit | user=jenkins1000 | ip=192.168.157.199 | op=SEND_HEARTBEAT {datanodeUUID=05e7d200-5199-4ca5-931c-a5057568ec42, command=[]} | ret=SUCCESS |  
2019-08-30 03:52:20,014 | INFO  | SCMAudit | user=jenkins1000 | ip=192.168.157.199 | op=SEND_HEARTBEAT {datanodeUUID=8751c1ff-b790-41e3-80e1-6949a3f5d06f, command=[]} | ret=SUCCESS |  
2019-08-30 03:52:20,329 | INFO  | SCMAudit | user=jenkins1000 | ip=192.168.157.199 | op=SEND_HEARTBEAT {datanodeUUID=0013325a-9f0e-48ed-94a6-e4513394336e, command=[]} | ret=SUCCESS |  
2019-08-30 03:52:20,696 | INFO  | SCMAudit | user=jenkins1000 | ip=192.168.157.199 | op=SEND_HEARTBEAT {datanodeUUID=05e7d200-5199-4ca5-931c-a5057568ec42, command=[]} | ret=SUCCESS |  
2019-08-30 03:52:21,015 | INFO  | SCMAudit | user=jenkins1000 | ip=192.168.157.199 | op=SEND_HEARTBEAT {datanodeUUID=8751c1ff-b790-41e3-80e1-6949a3f5d06f, command=[]} | ret=SUCCESS |  
2019-08-30 03:52:21,171 [grpc-default-executor-5] WARN  server.GrpcLogAppender (LogUtils.java:warn(134)) - 05e7d200-5199-4ca5-931c-a5057568ec42->ee201a4f-0c90-4d0b-960f-697ba0938c35: Failed appendEntries: org.apache.ratis.thirdparty.io.grpc.StatusRuntimeException: UNAVAILABLE: io exception
2019-08-30 03:52:21,171 [grpc-default-executor-5] INFO  impl.FollowerInfo (FollowerInfo.java:lambda$new$0(50)) - 05e7d200-5199-4ca5-931c-a5057568ec42->ee201a4f-0c90-4d0b-960f-697ba0938c35: nextIndex: updateUnconditionally 6 -> 5
2019-08-30 03:52:21,329 | INFO  | SCMAudit | user=jenkins1000 | ip=192.168.157.199 | op=SEND_HEARTBEAT {datanodeUUID=0013325a-9f0e-48ed-94a6-e4513394336e, command=[]} | ret=SUCCESS |  
2019-08-30 03:52:21,346 [EventQueue-StaleNodeForStaleNodeHandler] INFO  node.StaleNodeHandler (StaleNodeHandler.java:onMessage(58)) - Datanode d0043b8f-59eb-4c5c-80f3-5a4bc9982bd5{ip: 192.168.157.199, host: pr-hdds-2057-gndl4-2748649462, networkLocation: /default-rack, certSerialId: null} moved to stale state. Finalizing its pipelines [PipelineID=096e1659-dc63-4d9b-829e-e1b1a06d4c63, PipelineID=12292018-1256-4fca-9e9a-9d050176a67b]
2019-08-30 03:52:21,347 [EventQueue-StaleNodeForStaleNodeHandler] INFO  pipeline.SCMPipelineManager (SCMPipelineManager.java:finalizeAndDestroyPipeline(309)) - destroying pipeline:Pipeline[ Id: 096e1659-dc63-4d9b-829e-e1b1a06d4c63, Nodes: 0013325a-9f0e-48ed-94a6-e4513394336e{ip: 192.168.157.199, host: pr-hdds-2057-gndl4-2748649462, networkLocation: /default-rack, certSerialId: null}d0043b8f-59eb-4c5c-80f3-5a4bc9982bd5{ip: 192.168.157.199, host: pr-hdds-2057-gndl4-2748649462, networkLocation: /default-rack, certSerialId: null}621705e7-357c-4de4-a93e-65622c5fc502{ip: 192.168.157.199, host: pr-hdds-2057-gndl4-2748649462, networkLocation: /default-rack, certSerialId: null}, Type:RATIS, Factor:THREE, State:CLOSED]
2019-08-30 03:52:21,347 [EventQueue-StaleNodeForStaleNodeHandler] INFO  pipeline.SCMPipelineManager (SCMPipelineManager.java:finalizeAndDestroyPipeline(309)) - destroying pipeline:Pipeline[ Id: 12292018-1256-4fca-9e9a-9d050176a67b, Nodes: d0043b8f-59eb-4c5c-80f3-5a4bc9982bd5{ip: 192.168.157.199, host: pr-hdds-2057-gndl4-2748649462, networkLocation: /default-rack, certSerialId: null}, Type:RATIS, Factor:ONE, State:OPEN]
2019-08-30 03:52:21,347 [EventQueue-StaleNodeForStaleNodeHandler] INFO  pipeline.PipelineStateManager (PipelineStateManager.java:finalizePipeline(123)) - Pipeline Pipeline[ Id: 12292018-1256-4fca-9e9a-9d050176a67b, Nodes: d0043b8f-59eb-4c5c-80f3-5a4bc9982bd5{ip: 192.168.157.199, host: pr-hdds-2057-gndl4-2748649462, networkLocation: /default-rack, certSerialId: null}, Type:RATIS, Factor:ONE, State:CLOSED] moved to CLOSED state
2019-08-30 03:52:21,647 [EventQueue-StaleNodeForStaleNodeHandler] INFO  node.StaleNodeHandler (StaleNodeHandler.java:onMessage(58)) - Datanode 27d43df4-a2f1-4425-a17f-ad30e0ce4398{ip: 192.168.157.199, host: pr-hdds-2057-gndl4-2748649462, networkLocation: /default-rack, certSerialId: null} moved to stale state. Finalizing its pipelines [PipelineID=5ef709b4-4bf2-4bae-8312-74227c7ae7b6, PipelineID=5c40857d-e661-4224-8faf-aac21fb918b8]
2019-08-30 03:52:21,647 [EventQueue-StaleNodeForStaleNodeHandler] INFO  pipeline.SCMPipelineManager (SCMPipelineManager.java:finalizeAndDestroyPipeline(309)) - destroying pipeline:Pipeline[ Id: 5ef709b4-4bf2-4bae-8312-74227c7ae7b6, Nodes: 27d43df4-a2f1-4425-a17f-ad30e0ce4398{ip: 192.168.157.199, host: pr-hdds-2057-gndl4-2748649462, networkLocation: /default-rack, certSerialId: null}, Type:RATIS, Factor:ONE, State:OPEN]
2019-08-30 03:52:21,647 [EventQueue-StaleNodeForStaleNodeHandler] INFO  pipeline.PipelineStateManager (PipelineStateManager.java:finalizePipeline(123)) - Pipeline Pipeline[ Id: 5ef709b4-4bf2-4bae-8312-74227c7ae7b6, Nodes: 27d43df4-a2f1-4425-a17f-ad30e0ce4398{ip: 192.168.157.199, host: pr-hdds-2057-gndl4-2748649462, networkLocation: /default-rack, certSerialId: null}, Type:RATIS, Factor:ONE, State:CLOSED] moved to CLOSED state
2019-08-30 03:52:21,648 [EventQueue-StaleNodeForStaleNodeHandler] INFO  pipeline.SCMPipelineManager (SCMPipelineManager.java:finalizeAndDestroyPipeline(309)) - destroying pipeline:Pipeline[ Id: 5c40857d-e661-4224-8faf-aac21fb918b8, Nodes: ee201a4f-0c90-4d0b-960f-697ba0938c35{ip: 192.168.157.199, host: pr-hdds-2057-gndl4-2748649462, networkLocation: /default-rack, certSerialId: null}05e7d200-5199-4ca5-931c-a5057568ec42{ip: 192.168.157.199, host: pr-hdds-2057-gndl4-2748649462, networkLocation: /default-rack, certSerialId: null}27d43df4-a2f1-4425-a17f-ad30e0ce4398{ip: 192.168.157.199, host: pr-hdds-2057-gndl4-2748649462, networkLocation: /default-rack, certSerialId: null}, Type:RATIS, Factor:THREE, State:CLOSED]
2019-08-30 03:52:21,696 | INFO  | SCMAudit | user=jenkins1000 | ip=192.168.157.199 | op=SEND_HEARTBEAT {datanodeUUID=05e7d200-5199-4ca5-931c-a5057568ec42, command=[]} | ret=SUCCESS |  
2019-08-30 03:52:21,858 [main] INFO  ozoneimpl.OzoneContainer (OzoneContainer.java:stop(215)) - Attempting to stop container services.
2019-08-30 03:52:21,859 [main] INFO  impl.RaftServerProxy (RaftServerProxy.java:lambda$close$4(314)) - d0043b8f-59eb-4c5c-80f3-5a4bc9982bd5: close
2019-08-30 03:52:21,859 [main] INFO  impl.RaftServerImpl (RaftServerImpl.java:lambda$shutdown$3(245)) - d0043b8f-59eb-4c5c-80f3-5a4bc9982bd5: shutdown group-E1B1A06D4C63
2019-08-30 03:52:21,859 [main] INFO  util.JmxRegister (JmxRegister.java:unregister(73)) - Successfully un-registered JMX Bean with object name Ratis:service=RaftServer,group=group-E1B1A06D4C63,id=d0043b8f-59eb-4c5c-80f3-5a4bc9982bd5
2019-08-30 03:52:21,860 [main] INFO  impl.RoleInfo (RoleInfo.java:shutdownLeaderState(104)) - d0043b8f-59eb-4c5c-80f3-5a4bc9982bd5: shutdown LeaderState
2019-08-30 03:52:21,865 [org.apache.ratis.server.impl.LogAppender$AppenderDaemon$$Lambda$476/685984204@fe536dc] WARN  server.GrpcLogAppender (GrpcLogAppender.java:mayWait(143)) - GrpcLogAppender(d0043b8f-59eb-4c5c-80f3-5a4bc9982bd5->0013325a-9f0e-48ed-94a6-e4513394336e): Wait interrupted by java.lang.InterruptedException
2019-08-30 03:52:21,865 [main] INFO  impl.PendingRequests (PendingRequests.java:sendNotLeaderResponses(202)) - d0043b8f-59eb-4c5c-80f3-5a4bc9982bd5-PendingRequests: sendNotLeaderResponses
2019-08-30 03:52:21,865 [org.apache.ratis.server.impl.LogAppender$AppenderDaemon$$Lambda$476/685984204@4ae7a944] WARN  server.GrpcLogAppender (GrpcLogAppender.java:mayWait(143)) - GrpcLogAppender(d0043b8f-59eb-4c5c-80f3-5a4bc9982bd5->621705e7-357c-4de4-a93e-65622c5fc502): Wait interrupted by java.lang.InterruptedException
2019-08-30 03:52:21,865 [grpc-default-executor-5] INFO  server.GrpcServerProtocolService (GrpcServerProtocolService.java:onCompleted(104)) - 0013325a-9f0e-48ed-94a6-e4513394336e: appendEntries completed
2019-08-30 03:52:21,870 [main] INFO  impl.StateMachineUpdater (StateMachineUpdater.java:stopAndJoin(115)) - StateMachineUpdater:d0043b8f-59eb-4c5c-80f3-5a4bc9982bd5:group-E1B1A06D4C63: set stopIndex = 6
2019-08-30 03:52:21,870 [StateMachineUpdater:d0043b8f-59eb-4c5c-80f3-5a4bc9982bd5:group-E1B1A06D4C63] INFO  ratis.ContainerStateMachine (ContainerStateMachine.java:takeSnapshot(284)) - group-E1B1A06D4C63: Taking a snapshot at:(t:1, i:6) file /workdir/hadoop-ozone/integration-test/target/test-dir/MiniOzoneClusterImpl-55f3577b-d091-4ab9-9685-f42e74419794/datanode-3/data/ratis/096e1659-dc63-4d9b-829e-e1b1a06d4c63/sm/snapshot.1_6
2019-08-30 03:52:21,870 [ForkJoinPool.commonPool-worker-0] INFO  ozoneimpl.OzoneContainer (OzoneContainer.java:stop(215)) - Attempting to stop container services.
2019-08-30 03:52:21,870 [grpc-default-executor-5] INFO  server.GrpcLogAppender (GrpcLogAppender.java:onCompleted(292)) - d0043b8f-59eb-4c5c-80f3-5a4bc9982bd5->0013325a-9f0e-48ed-94a6-e4513394336e: follower responses appendEntries COMPLETED
2019-08-30 03:52:21,871 [ForkJoinPool.commonPool-worker-0] INFO  impl.RaftServerProxy (RaftServerProxy.java:lambda$close$4(314)) - 27d43df4-a2f1-4425-a17f-ad30e0ce4398: close
2019-08-30 03:52:21,871 [grpc-default-executor-5] INFO  impl.FollowerInfo (FollowerInfo.java:lambda$new$0(50)) - d0043b8f-59eb-4c5c-80f3-5a4bc9982bd5->0013325a-9f0e-48ed-94a6-e4513394336e: nextIndex: updateUnconditionally 7 -> 6
2019-08-30 03:52:21,871 [ForkJoinPool.commonPool-worker-0] INFO  impl.RaftServerImpl (RaftServerImpl.java:lambda$shutdown$3(245)) - 27d43df4-a2f1-4425-a17f-ad30e0ce4398: shutdown group-74227C7AE7B6
2019-08-30 03:52:21,872 [ForkJoinPool.commonPool-worker-0] INFO  util.JmxRegister (JmxRegister.java:unregister(73)) - Successfully un-registered JMX Bean with object name Ratis:service=RaftServer,group=group-74227C7AE7B6,id=27d43df4-a2f1-4425-a17f-ad30e0ce4398
2019-08-30 03:52:21,872 [ForkJoinPool.commonPool-worker-0] INFO  impl.RoleInfo (RoleInfo.java:shutdownLeaderState(104)) - 27d43df4-a2f1-4425-a17f-ad30e0ce4398: shutdown LeaderState
2019-08-30 03:52:21,872 [ForkJoinPool.commonPool-worker-0] INFO  impl.PendingRequests (PendingRequests.java:sendNotLeaderResponses(202)) - 27d43df4-a2f1-4425-a17f-ad30e0ce4398-PendingRequests: sendNotLeaderResponses
2019-08-30 03:52:21,873 [ForkJoinPool.commonPool-worker-0] INFO  impl.StateMachineUpdater (StateMachineUpdater.java:stopAndJoin(115)) - StateMachineUpdater:27d43df4-a2f1-4425-a17f-ad30e0ce4398:group-74227C7AE7B6: set stopIndex = 0
2019-08-30 03:52:21,873 [ForkJoinPool.commonPool-worker-0] INFO  impl.RaftServerImpl (ServerState.java:close(394)) - 27d43df4-a2f1-4425-a17f-ad30e0ce4398:group-74227C7AE7B6 closes. The last applied log index is 0
2019-08-30 03:52:21,873 [27d43df4-a2f1-4425-a17f-ad30e0ce4398-SegmentedRaftLogWorker:Storage Directory /workdir/hadoop-ozone/integration-test/target/test-dir/MiniOzoneClusterImpl-55f3577b-d091-4ab9-9685-f42e74419794/datanode-2/data/ratis/5ef709b4-4bf2-4bae-8312-74227c7ae7b6] INFO  segmented.SegmentedRaftLogWorker (SegmentedRaftLogWorker.java:run(313)) - 27d43df4-a2f1-4425-a17f-ad30e0ce4398-SegmentedRaftLogWorker:Storage Directory /workdir/hadoop-ozone/integration-test/target/test-dir/MiniOzoneClusterImpl-55f3577b-d091-4ab9-9685-f42e74419794/datanode-2/data/ratis/5ef709b4-4bf2-4bae-8312-74227c7ae7b6 was interrupted, exiting. There are 0 tasks remaining in the queue.
2019-08-30 03:52:21,876 [ForkJoinPool.commonPool-worker-0] INFO  segmented.SegmentedRaftLogWorker (SegmentedRaftLogWorker.java:close(228)) - 27d43df4-a2f1-4425-a17f-ad30e0ce4398-SegmentedRaftLogWorker:Storage Directory /workdir/hadoop-ozone/integration-test/target/test-dir/MiniOzoneClusterImpl-55f3577b-d091-4ab9-9685-f42e74419794/datanode-2/data/ratis/5ef709b4-4bf2-4bae-8312-74227c7ae7b6 close()
2019-08-30 03:52:21,879 [ForkJoinPool.commonPool-worker-0] INFO  impl.RaftServerImpl (RaftServerImpl.java:lambda$shutdown$3(245)) - 27d43df4-a2f1-4425-a17f-ad30e0ce4398: shutdown group-AAC21FB918B8
2019-08-30 03:52:21,880 [ForkJoinPool.commonPool-worker-0] INFO  util.JmxRegister (JmxRegister.java:unregister(73)) - Successfully un-registered JMX Bean with object name Ratis:service=RaftServer,group=group-AAC21FB918B8,id=27d43df4-a2f1-4425-a17f-ad30e0ce4398
2019-08-30 03:52:21,880 [ForkJoinPool.commonPool-worker-0] INFO  impl.RoleInfo (RoleInfo.java:shutdownFollowerState(121)) - 27d43df4-a2f1-4425-a17f-ad30e0ce4398: shutdown FollowerState
2019-08-30 03:52:21,880 [ForkJoinPool.commonPool-worker-0] INFO  impl.StateMachineUpdater (StateMachineUpdater.java:stopAndJoin(115)) - StateMachineUpdater:27d43df4-a2f1-4425-a17f-ad30e0ce4398:group-AAC21FB918B8: set stopIndex = 8
2019-08-30 03:52:21,880 [Thread-3927] INFO  impl.FollowerState (FollowerState.java:run(114)) - 27d43df4-a2f1-4425-a17f-ad30e0ce4398: FollowerState was interrupted: java.lang.InterruptedException: sleep interrupted
2019-08-30 03:52:21,880 [StateMachineUpdater:27d43df4-a2f1-4425-a17f-ad30e0ce4398:group-AAC21FB918B8] INFO  ratis.ContainerStateMachine (ContainerStateMachine.java:takeSnapshot(284)) - group-AAC21FB918B8: Taking a snapshot at:(t:1, i:7) file /workdir/hadoop-ozone/integration-test/target/test-dir/MiniOzoneClusterImpl-55f3577b-d091-4ab9-9685-f42e74419794/datanode-2/data/ratis/5c40857d-e661-4224-8faf-aac21fb918b8/sm/snapshot.1_7
2019-08-30 03:52:21,895 [StateMachineUpdater:d0043b8f-59eb-4c5c-80f3-5a4bc9982bd5:group-E1B1A06D4C63] INFO  ratis.ContainerStateMachine (ContainerStateMachine.java:takeSnapshot(295)) - group-E1B1A06D4C63: Finished taking a snapshot at:(t:1, i:6) file:/workdir/hadoop-ozone/integration-test/target/test-dir/MiniOzoneClusterImpl-55f3577b-d091-4ab9-9685-f42e74419794/datanode-3/data/ratis/096e1659-dc63-4d9b-829e-e1b1a06d4c63/sm/snapshot.1_6 time:26
2019-08-30 03:52:21,896 [StateMachineUpdater:d0043b8f-59eb-4c5c-80f3-5a4bc9982bd5:group-E1B1A06D4C63] INFO  impl.StateMachineUpdater (StateMachineUpdater.java:takeSnapshot(242)) - StateMachineUpdater:d0043b8f-59eb-4c5c-80f3-5a4bc9982bd5:group-E1B1A06D4C63: Took a snapshot at index 6
2019-08-30 03:52:21,896 [StateMachineUpdater:d0043b8f-59eb-4c5c-80f3-5a4bc9982bd5:group-E1B1A06D4C63] INFO  impl.StateMachineUpdater (StateMachineUpdater.java:lambda$new$0(80)) - StateMachineUpdater:d0043b8f-59eb-4c5c-80f3-5a4bc9982bd5:group-E1B1A06D4C63: snapshotIndex: updateIncreasingly -1 -> 6
2019-08-30 03:52:21,896 [main] INFO  impl.RaftServerImpl (ServerState.java:close(394)) - d0043b8f-59eb-4c5c-80f3-5a4bc9982bd5:group-E1B1A06D4C63 closes. The last applied log index is 6
2019-08-30 03:52:21,897 [d0043b8f-59eb-4c5c-80f3-5a4bc9982bd5-SegmentedRaftLogWorker:Storage Directory /workdir/hadoop-ozone/integration-test/target/test-dir/MiniOzoneClusterImpl-55f3577b-d091-4ab9-9685-f42e74419794/datanode-3/data/ratis/096e1659-dc63-4d9b-829e-e1b1a06d4c63] INFO  segmented.SegmentedRaftLogWorker (SegmentedRaftLogWorker.java:run(313)) - d0043b8f-59eb-4c5c-80f3-5a4bc9982bd5-SegmentedRaftLogWorker:Storage Directory /workdir/hadoop-ozone/integration-test/target/test-dir/MiniOzoneClusterImpl-55f3577b-d091-4ab9-9685-f42e74419794/datanode-3/data/ratis/096e1659-dc63-4d9b-829e-e1b1a06d4c63 was interrupted, exiting. There are 0 tasks remaining in the queue.
2019-08-30 03:52:21,899 [StateMachineUpdater:27d43df4-a2f1-4425-a17f-ad30e0ce4398:group-AAC21FB918B8] INFO  ratis.ContainerStateMachine (ContainerStateMachine.java:takeSnapshot(295)) - group-AAC21FB918B8: Finished taking a snapshot at:(t:1, i:7) file:/workdir/hadoop-ozone/integration-test/target/test-dir/MiniOzoneClusterImpl-55f3577b-d091-4ab9-9685-f42e74419794/datanode-2/data/ratis/5c40857d-e661-4224-8faf-aac21fb918b8/sm/snapshot.1_7 time:19
2019-08-30 03:52:21,899 [main] INFO  segmented.SegmentedRaftLogWorker (SegmentedRaftLogWorker.java:close(228)) - d0043b8f-59eb-4c5c-80f3-5a4bc9982bd5-SegmentedRaftLogWorker:Storage Directory /workdir/hadoop-ozone/integration-test/target/test-dir/MiniOzoneClusterImpl-55f3577b-d091-4ab9-9685-f42e74419794/datanode-3/data/ratis/096e1659-dc63-4d9b-829e-e1b1a06d4c63 close()
2019-08-30 03:52:21,899 [StateMachineUpdater:27d43df4-a2f1-4425-a17f-ad30e0ce4398:group-AAC21FB918B8] INFO  impl.StateMachineUpdater (StateMachineUpdater.java:takeSnapshot(242)) - StateMachineUpdater:27d43df4-a2f1-4425-a17f-ad30e0ce4398:group-AAC21FB918B8: Took a snapshot at index 7
2019-08-30 03:52:21,903 [main] INFO  impl.RaftServerImpl (RaftServerImpl.java:lambda$shutdown$3(245)) - d0043b8f-59eb-4c5c-80f3-5a4bc9982bd5: shutdown group-9D050176A67B
2019-08-30 03:52:21,903 [StateMachineUpdater:27d43df4-a2f1-4425-a17f-ad30e0ce4398:group-AAC21FB918B8] INFO  impl.StateMachineUpdater (StateMachineUpdater.java:lambda$new$0(80)) - StateMachineUpdater:27d43df4-a2f1-4425-a17f-ad30e0ce4398:group-AAC21FB918B8: snapshotIndex: updateIncreasingly -1 -> 7
2019-08-30 03:52:21,904 [main] INFO  util.JmxRegister (JmxRegister.java:unregister(73)) - Successfully un-registered JMX Bean with object name Ratis:service=RaftServer,group=group-9D050176A67B,id=d0043b8f-59eb-4c5c-80f3-5a4bc9982bd5
2019-08-30 03:52:21,904 [ForkJoinPool.commonPool-worker-0] INFO  impl.RaftServerImpl (ServerState.java:close(394)) - 27d43df4-a2f1-4425-a17f-ad30e0ce4398:group-AAC21FB918B8 closes. The last applied log index is 8
2019-08-30 03:52:21,904 [main] INFO  impl.RoleInfo (RoleInfo.java:shutdownLeaderState(104)) - d0043b8f-59eb-4c5c-80f3-5a4bc9982bd5: shutdown LeaderState
2019-08-30 03:52:21,904 [27d43df4-a2f1-4425-a17f-ad30e0ce4398-SegmentedRaftLogWorker:Storage Directory /workdir/hadoop-ozone/integration-test/target/test-dir/MiniOzoneClusterImpl-55f3577b-d091-4ab9-9685-f42e74419794/datanode-2/data/ratis/5c40857d-e661-4224-8faf-aac21fb918b8] INFO  segmented.SegmentedRaftLogWorker (SegmentedRaftLogWorker.java:run(313)) - 27d43df4-a2f1-4425-a17f-ad30e0ce4398-SegmentedRaftLogWorker:Storage Directory /workdir/hadoop-ozone/integration-test/target/test-dir/MiniOzoneClusterImpl-55f3577b-d091-4ab9-9685-f42e74419794/datanode-2/data/ratis/5c40857d-e661-4224-8faf-aac21fb918b8 was interrupted, exiting. There are 0 tasks remaining in the queue.
2019-08-30 03:52:21,905 [main] INFO  impl.PendingRequests (PendingRequests.java:sendNotLeaderResponses(202)) - d0043b8f-59eb-4c5c-80f3-5a4bc9982bd5-PendingRequests: sendNotLeaderResponses
2019-08-30 03:52:21,907 [ForkJoinPool.commonPool-worker-0] INFO  segmented.SegmentedRaftLogWorker (SegmentedRaftLogWorker.java:close(228)) - 27d43df4-a2f1-4425-a17f-ad30e0ce4398-SegmentedRaftLogWorker:Storage Directory /workdir/hadoop-ozone/integration-test/target/test-dir/MiniOzoneClusterImpl-55f3577b-d091-4ab9-9685-f42e74419794/datanode-2/data/ratis/5c40857d-e661-4224-8faf-aac21fb918b8 close()
2019-08-30 03:52:21,907 [main] INFO  impl.StateMachineUpdater (StateMachineUpdater.java:stopAndJoin(115)) - StateMachineUpdater:d0043b8f-59eb-4c5c-80f3-5a4bc9982bd5:group-9D050176A67B: set stopIndex = 0
2019-08-30 03:52:21,921 [main] INFO  impl.RaftServerImpl (ServerState.java:close(394)) - d0043b8f-59eb-4c5c-80f3-5a4bc9982bd5:group-9D050176A67B closes. The last applied log index is 0
2019-08-30 03:52:21,921 [ForkJoinPool.commonPool-worker-0] INFO  server.GrpcService (GrpcService.java:closeImpl(155)) - 27d43df4-a2f1-4425-a17f-ad30e0ce4398: shutdown server with port 43070 now
2019-08-30 03:52:21,922 [d0043b8f-59eb-4c5c-80f3-5a4bc9982bd5-SegmentedRaftLogWorker:Storage Directory /workdir/hadoop-ozone/integration-test/target/test-dir/MiniOzoneClusterImpl-55f3577b-d091-4ab9-9685-f42e74419794/datanode-3/data/ratis/12292018-1256-4fca-9e9a-9d050176a67b] INFO  segmented.SegmentedRaftLogWorker (SegmentedRaftLogWorker.java:run(313)) - d0043b8f-59eb-4c5c-80f3-5a4bc9982bd5-SegmentedRaftLogWorker:Storage Directory /workdir/hadoop-ozone/integration-test/target/test-dir/MiniOzoneClusterImpl-55f3577b-d091-4ab9-9685-f42e74419794/datanode-3/data/ratis/12292018-1256-4fca-9e9a-9d050176a67b was interrupted, exiting. There are 0 tasks remaining in the queue.
2019-08-30 03:52:21,925 [main] INFO  segmented.SegmentedRaftLogWorker (SegmentedRaftLogWorker.java:close(228)) - d0043b8f-59eb-4c5c-80f3-5a4bc9982bd5-SegmentedRaftLogWorker:Storage Directory /workdir/hadoop-ozone/integration-test/target/test-dir/MiniOzoneClusterImpl-55f3577b-d091-4ab9-9685-f42e74419794/datanode-3/data/ratis/12292018-1256-4fca-9e9a-9d050176a67b close()
2019-08-30 03:52:21,925 [grpc-default-executor-8] WARN  server.GrpcServerProtocolService (LogUtils.java:warn(134)) - 27d43df4-a2f1-4425-a17f-ad30e0ce4398: appendEntries onError: org.apache.ratis.thirdparty.io.grpc.StatusRuntimeException: CANCELLED: cancelled before receiving half close
2019-08-30 03:52:21,927 [ForkJoinPool.commonPool-worker-0] INFO  server.GrpcService (GrpcService.java:closeImpl(163)) - 27d43df4-a2f1-4425-a17f-ad30e0ce4398: shutdown server with port 43070 successfully
2019-08-30 03:52:21,927 [main] INFO  server.GrpcService (GrpcService.java:closeImpl(155)) - d0043b8f-59eb-4c5c-80f3-5a4bc9982bd5: shutdown server with port 45902 now
2019-08-30 03:52:21,927 [grpc-default-executor-3] WARN  server.GrpcLogAppender (LogUtils.java:warn(134)) - 05e7d200-5199-4ca5-931c-a5057568ec42->27d43df4-a2f1-4425-a17f-ad30e0ce4398: Failed appendEntries: org.apache.ratis.thirdparty.io.grpc.StatusRuntimeException: CANCELLED: HTTP/2 error code: CANCEL
Received Rst Stream
2019-08-30 03:52:21,928 [grpc-default-executor-3] INFO  impl.FollowerInfo (FollowerInfo.java:lambda$new$0(50)) - 05e7d200-5199-4ca5-931c-a5057568ec42->27d43df4-a2f1-4425-a17f-ad30e0ce4398: nextIndex: updateUnconditionally 9 -> 8
2019-08-30 03:52:21,928 [main] INFO  server.GrpcService (GrpcService.java:closeImpl(163)) - d0043b8f-59eb-4c5c-80f3-5a4bc9982bd5: shutdown server with port 45902 successfully
2019-08-30 03:52:21,928 [grpc-default-executor-5] WARN  client.GrpcClientProtocolService (LogUtils.java:warn(134)) - 3-UnorderedRequestStreamObserver3: onError: org.apache.ratis.thirdparty.io.grpc.StatusRuntimeException: CANCELLED: cancelled before receiving half close
2019-08-30 03:52:21,932 [refreshUsed-/workdir/hadoop-ozone/integration-test/target/test-dir/MiniOzoneClusterImpl-55f3577b-d091-4ab9-9685-f42e74419794/datanode-3/data/containers] WARN  fs.CachingGetSpaceUsed (CachingGetSpaceUsed.java:run(183)) - Thread Interrupted waiting to refresh disk information: sleep interrupted
2019-08-30 03:52:21,932 [refreshUsed-/workdir/hadoop-ozone/integration-test/target/test-dir/MiniOzoneClusterImpl-55f3577b-d091-4ab9-9685-f42e74419794/datanode-2/data/containers] WARN  fs.CachingGetSpaceUsed (CachingGetSpaceUsed.java:run(183)) - Thread Interrupted waiting to refresh disk information: sleep interrupted
2019-08-30 03:52:21,951 [ForkJoinPool.commonPool-worker-0] INFO  utils.BackgroundService (BackgroundService.java:shutdown(148)) - Shutting down service BlockDeletingService
2019-08-30 03:52:21,955 [ForkJoinPool.commonPool-worker-0] INFO  statemachine.DatanodeStateMachine (DatanodeStateMachine.java:stopDaemon(395)) - Ozone container server stopped.
2019-08-30 03:52:21,960 [ForkJoinPool.commonPool-worker-0] INFO  handler.ContextHandler (ContextHandler.java:doStop(910)) - Stopped o.e.j.w.WebAppContext@10fb4575{/,null,UNAVAILABLE}{/hddsDatanode}
2019-08-30 03:52:21,961 [ForkJoinPool.commonPool-worker-0] INFO  server.AbstractConnector (AbstractConnector.java:doStop(318)) - Stopped ServerConnector@7cc2c551{HTTP/1.1,[http/1.1]}{0.0.0.0:0}
2019-08-30 03:52:21,962 [ForkJoinPool.commonPool-worker-0] INFO  handler.ContextHandler (ContextHandler.java:doStop(910)) - Stopped o.e.j.s.ServletContextHandler@1ad1c363{/static,jar:file:/home/user/.m2/repository/org/apache/hadoop/hadoop-hdds-container-service/0.5.0-SNAPSHOT/hadoop-hdds-container-service-0.5.0-SNAPSHOT.jar!/webapps/static,UNAVAILABLE}
2019-08-30 03:52:21,964 [ForkJoinPool.commonPool-worker-0] INFO  handler.ContextHandler (ContextHandler.java:doStop(910)) - Stopped o.e.j.s.ServletContextHandler@76d0ecd7{/logs,file:///workdir/hadoop-ozone/integration-test/target/log,UNAVAILABLE}
2019-08-30 03:52:21,964 [main] INFO  utils.BackgroundService (BackgroundService.java:shutdown(148)) - Shutting down service BlockDeletingService
2019-08-30 03:52:21,974 [main] INFO  statemachine.DatanodeStateMachine (DatanodeStateMachine.java:stopDaemon(395)) - Ozone container server stopped.
2019-08-30 03:52:21,975 [main] INFO  handler.ContextHandler (ContextHandler.java:doStop(910)) - Stopped o.e.j.w.WebAppContext@6d7b001b{/,null,UNAVAILABLE}{/hddsDatanode}
2019-08-30 03:52:21,976 [main] INFO  server.AbstractConnector (AbstractConnector.java:doStop(318)) - Stopped ServerConnector@532dacf5{HTTP/1.1,[http/1.1]}{0.0.0.0:0}
2019-08-30 03:52:21,976 [main] INFO  handler.ContextHandler (ContextHandler.java:doStop(910)) - Stopped o.e.j.s.ServletContextHandler@4cae66a8{/static,jar:file:/home/user/.m2/repository/org/apache/hadoop/hadoop-hdds-container-service/0.5.0-SNAPSHOT/hadoop-hdds-container-service-0.5.0-SNAPSHOT.jar!/webapps/static,UNAVAILABLE}
2019-08-30 03:52:21,976 [main] INFO  handler.ContextHandler (ContextHandler.java:doStop(910)) - Stopped o.e.j.s.ServletContextHandler@7e94e331{/logs,file:///workdir/hadoop-ozone/integration-test/target/log,UNAVAILABLE}
2019-08-30 03:52:22,015 [Datanode State Machine Thread - 0] INFO  statemachine.DatanodeStateMachine (DatanodeStateMachine.java:lambda$startDaemon$0(350)) - Ozone container server started.
2019-08-30 03:52:22,330 | INFO  | SCMAudit | user=jenkins1000 | ip=192.168.157.199 | op=SEND_HEARTBEAT {datanodeUUID=0013325a-9f0e-48ed-94a6-e4513394336e, command=[]} | ret=SUCCESS |  
2019-08-30 03:52:22,696 [Datanode State Machine Thread - 0] INFO  statemachine.DatanodeStateMachine (DatanodeStateMachine.java:lambda$startDaemon$0(350)) - Ozone container server started.
2019-08-30 03:52:23,329 | INFO  | SCMAudit | user=jenkins1000 | ip=192.168.157.199 | op=SEND_HEARTBEAT {datanodeUUID=0013325a-9f0e-48ed-94a6-e4513394336e, command=[]} | ret=SUCCESS |  
2019-08-30 03:52:23,672 [grpc-default-executor-8] WARN  server.GrpcLogAppender (LogUtils.java:warn(134)) - 05e7d200-5199-4ca5-931c-a5057568ec42->ee201a4f-0c90-4d0b-960f-697ba0938c35: Failed appendEntries: org.apache.ratis.thirdparty.io.grpc.StatusRuntimeException: UNAVAILABLE: io exception
2019-08-30 03:52:23,672 [grpc-default-executor-3] WARN  server.GrpcLogAppender (LogUtils.java:warn(134)) - 05e7d200-5199-4ca5-931c-a5057568ec42->27d43df4-a2f1-4425-a17f-ad30e0ce4398: Failed appendEntries: org.apache.ratis.thirdparty.io.grpc.StatusRuntimeException: UNAVAILABLE: io exception
2019-08-30 03:52:23,672 [grpc-default-executor-8] INFO  impl.FollowerInfo (FollowerInfo.java:lambda$new$0(50)) - 05e7d200-5199-4ca5-931c-a5057568ec42->ee201a4f-0c90-4d0b-960f-697ba0938c35: nextIndex: updateUnconditionally 5 -> 4
2019-08-30 03:52:23,672 [grpc-default-executor-3] INFO  impl.FollowerInfo (FollowerInfo.java:lambda$new$0(50)) - 05e7d200-5199-4ca5-931c-a5057568ec42->27d43df4-a2f1-4425-a17f-ad30e0ce4398: nextIndex: updateUnconditionally 8 -> 7
2019-08-30 03:52:24,329 | INFO  | SCMAudit | user=jenkins1000 | ip=192.168.157.199 | op=SEND_HEARTBEAT {datanodeUUID=0013325a-9f0e-48ed-94a6-e4513394336e, command=[]} | ret=SUCCESS |  
2019-08-30 03:52:25,329 | INFO  | SCMAudit | user=jenkins1000 | ip=192.168.157.199 | op=SEND_HEARTBEAT {datanodeUUID=0013325a-9f0e-48ed-94a6-e4513394336e, command=[]} | ret=SUCCESS |  
2019-08-30 03:52:26,053 [EventQueue-StaleNodeForStaleNodeHandler] INFO  node.StaleNodeHandler (StaleNodeHandler.java:onMessage(58)) - Datanode 8751c1ff-b790-41e3-80e1-6949a3f5d06f{ip: 192.168.157.199, host: pr-hdds-2057-gndl4-2748649462, networkLocation: /default-rack, certSerialId: null} moved to stale state. Finalizing its pipelines [PipelineID=b844aa0d-8e07-4cea-b72a-182d53a8ed33]
2019-08-30 03:52:26,053 [EventQueue-StaleNodeForStaleNodeHandler] INFO  pipeline.SCMPipelineManager (SCMPipelineManager.java:finalizeAndDestroyPipeline(309)) - destroying pipeline:Pipeline[ Id: b844aa0d-8e07-4cea-b72a-182d53a8ed33, Nodes: 8751c1ff-b790-41e3-80e1-6949a3f5d06f{ip: 192.168.157.199, host: pr-hdds-2057-gndl4-2748649462, networkLocation: /default-rack, certSerialId: null}, Type:RATIS, Factor:ONE, State:OPEN]
2019-08-30 03:52:26,053 [EventQueue-StaleNodeForStaleNodeHandler] INFO  pipeline.PipelineStateManager (PipelineStateManager.java:finalizePipeline(123)) - Pipeline Pipeline[ Id: b844aa0d-8e07-4cea-b72a-182d53a8ed33, Nodes: 8751c1ff-b790-41e3-80e1-6949a3f5d06f{ip: 192.168.157.199, host: pr-hdds-2057-gndl4-2748649462, networkLocation: /default-rack, certSerialId: null}, Type:RATIS, Factor:ONE, State:CLOSED] moved to CLOSED state
2019-08-30 03:52:26,172 [grpc-default-executor-5] WARN  server.GrpcLogAppender (LogUtils.java:warn(134)) - 05e7d200-5199-4ca5-931c-a5057568ec42->27d43df4-a2f1-4425-a17f-ad30e0ce4398: Failed appendEntries: org.apache.ratis.thirdparty.io.grpc.StatusRuntimeException: UNAVAILABLE: io exception
2019-08-30 03:52:26,173 [grpc-default-executor-10] WARN  server.GrpcLogAppender (LogUtils.java:warn(134)) - 05e7d200-5199-4ca5-931c-a5057568ec42->ee201a4f-0c90-4d0b-960f-697ba0938c35: Failed appendEntries: org.apache.ratis.thirdparty.io.grpc.StatusRuntimeException: UNAVAILABLE: io exception
2019-08-30 03:52:26,173 [grpc-default-executor-5] INFO  impl.FollowerInfo (FollowerInfo.java:lambda$new$0(50)) - 05e7d200-5199-4ca5-931c-a5057568ec42->27d43df4-a2f1-4425-a17f-ad30e0ce4398: nextIndex: updateUnconditionally 7 -> 6
2019-08-30 03:52:26,173 [grpc-default-executor-10] INFO  impl.FollowerInfo (FollowerInfo.java:lambda$new$0(50)) - 05e7d200-5199-4ca5-931c-a5057568ec42->ee201a4f-0c90-4d0b-960f-697ba0938c35: nextIndex: updateUnconditionally 4 -> 3
2019-08-30 03:52:26,329 | INFO  | SCMAudit | user=jenkins1000 | ip=192.168.157.199 | op=SEND_HEARTBEAT {datanodeUUID=0013325a-9f0e-48ed-94a6-e4513394336e, command=[]} | ret=SUCCESS |  
2019-08-30 03:52:26,754 [EventQueue-StaleNodeForStaleNodeHandler] INFO  node.StaleNodeHandler (StaleNodeHandler.java:onMessage(58)) - Datanode 05e7d200-5199-4ca5-931c-a5057568ec42{ip: 192.168.157.199, host: pr-hdds-2057-gndl4-2748649462, networkLocation: /default-rack, certSerialId: null} moved to stale state. Finalizing its pipelines [PipelineID=5c40857d-e661-4224-8faf-aac21fb918b8, PipelineID=de087564-31a5-4f91-9bc3-2e4efa1c4802]
2019-08-30 03:52:26,754 [EventQueue-StaleNodeForStaleNodeHandler] INFO  pipeline.SCMPipelineManager (SCMPipelineManager.java:finalizeAndDestroyPipeline(309)) - destroying pipeline:Pipeline[ Id: 5c40857d-e661-4224-8faf-aac21fb918b8, Nodes: ee201a4f-0c90-4d0b-960f-697ba0938c35{ip: 192.168.157.199, host: pr-hdds-2057-gndl4-2748649462, networkLocation: /default-rack, certSerialId: null}05e7d200-5199-4ca5-931c-a5057568ec42{ip: 192.168.157.199, host: pr-hdds-2057-gndl4-2748649462, networkLocation: /default-rack, certSerialId: null}27d43df4-a2f1-4425-a17f-ad30e0ce4398{ip: 192.168.157.199, host: pr-hdds-2057-gndl4-2748649462, networkLocation: /default-rack, certSerialId: null}, Type:RATIS, Factor:THREE, State:CLOSED]
2019-08-30 03:52:26,754 [EventQueue-StaleNodeForStaleNodeHandler] INFO  pipeline.SCMPipelineManager (SCMPipelineManager.java:finalizeAndDestroyPipeline(309)) - destroying pipeline:Pipeline[ Id: de087564-31a5-4f91-9bc3-2e4efa1c4802, Nodes: 05e7d200-5199-4ca5-931c-a5057568ec42{ip: 192.168.157.199, host: pr-hdds-2057-gndl4-2748649462, networkLocation: /default-rack, certSerialId: null}, Type:RATIS, Factor:ONE, State:OPEN]
2019-08-30 03:52:26,754 [EventQueue-StaleNodeForStaleNodeHandler] INFO  pipeline.PipelineStateManager (PipelineStateManager.java:finalizePipeline(123)) - Pipeline Pipeline[ Id: de087564-31a5-4f91-9bc3-2e4efa1c4802, Nodes: 05e7d200-5199-4ca5-931c-a5057568ec42{ip: 192.168.157.199, host: pr-hdds-2057-gndl4-2748649462, networkLocation: /default-rack, certSerialId: null}, Type:RATIS, Factor:ONE, State:CLOSED] moved to CLOSED state
2019-08-30 03:52:26,965 [ForkJoinPool.commonPool-worker-0] INFO  ozoneimpl.OzoneContainer (OzoneContainer.java:stop(215)) - Attempting to stop container services.
2019-08-30 03:52:26,965 [ForkJoinPool.commonPool-worker-0] INFO  impl.RaftServerProxy (RaftServerProxy.java:lambda$close$4(314)) - 05e7d200-5199-4ca5-931c-a5057568ec42: close
2019-08-30 03:52:26,966 [ForkJoinPool.commonPool-worker-0] INFO  impl.RaftServerImpl (RaftServerImpl.java:lambda$shutdown$3(245)) - 05e7d200-5199-4ca5-931c-a5057568ec42: shutdown group-AAC21FB918B8
2019-08-30 03:52:26,966 [ForkJoinPool.commonPool-worker-0] INFO  util.JmxRegister (JmxRegister.java:unregister(73)) - Successfully un-registered JMX Bean with object name Ratis:service=RaftServer,group=group-AAC21FB918B8,id=05e7d200-5199-4ca5-931c-a5057568ec42
2019-08-30 03:52:26,966 [ForkJoinPool.commonPool-worker-0] INFO  impl.RoleInfo (RoleInfo.java:shutdownLeaderState(104)) - 05e7d200-5199-4ca5-931c-a5057568ec42: shutdown LeaderState
2019-08-30 03:52:26,970 [ForkJoinPool.commonPool-worker-0] INFO  impl.PendingRequests (PendingRequests.java:sendNotLeaderResponses(202)) - 05e7d200-5199-4ca5-931c-a5057568ec42-PendingRequests: sendNotLeaderResponses
2019-08-30 03:52:26,970 [org.apache.ratis.server.impl.LogAppender$AppenderDaemon$$Lambda$476/685984204@52a48d9] WARN  server.GrpcLogAppender (GrpcLogAppender.java:mayWait(143)) - GrpcLogAppender(05e7d200-5199-4ca5-931c-a5057568ec42->27d43df4-a2f1-4425-a17f-ad30e0ce4398): Wait interrupted by java.lang.InterruptedException
2019-08-30 03:52:26,970 [org.apache.ratis.server.impl.LogAppender$AppenderDaemon$$Lambda$476/685984204@4028ceb8] WARN  server.GrpcLogAppender (GrpcLogAppender.java:mayWait(143)) - GrpcLogAppender(05e7d200-5199-4ca5-931c-a5057568ec42->ee201a4f-0c90-4d0b-960f-697ba0938c35): Wait interrupted by java.lang.InterruptedException
2019-08-30 03:52:26,974 [ForkJoinPool.commonPool-worker-0] INFO  impl.StateMachineUpdater (StateMachineUpdater.java:stopAndJoin(115)) - StateMachineUpdater:05e7d200-5199-4ca5-931c-a5057568ec42:group-AAC21FB918B8: set stopIndex = 8
2019-08-30 03:52:26,974 [StateMachineUpdater:05e7d200-5199-4ca5-931c-a5057568ec42:group-AAC21FB918B8] INFO  ratis.ContainerStateMachine (ContainerStateMachine.java:takeSnapshot(284)) - group-AAC21FB918B8: Taking a snapshot at:(t:1, i:8) file /workdir/hadoop-ozone/integration-test/target/test-dir/MiniOzoneClusterImpl-55f3577b-d091-4ab9-9685-f42e74419794/datanode-0/data/ratis/5c40857d-e661-4224-8faf-aac21fb918b8/sm/snapshot.1_8
2019-08-30 03:52:26,978 [main] INFO  ozoneimpl.OzoneContainer (OzoneContainer.java:stop(215)) - Attempting to stop container services.
2019-08-30 03:52:26,978 [main] INFO  impl.RaftServerProxy (RaftServerProxy.java:lambda$close$4(314)) - 8751c1ff-b790-41e3-80e1-6949a3f5d06f: close
2019-08-30 03:52:26,979 [main] INFO  impl.RaftServerImpl (RaftServerImpl.java:lambda$shutdown$3(245)) - 8751c1ff-b790-41e3-80e1-6949a3f5d06f: shutdown group-182D53A8ED33
2019-08-30 03:52:26,979 [main] INFO  util.JmxRegister (JmxRegister.java:unregister(73)) - Successfully un-registered JMX Bean with object name Ratis:service=RaftServer,group=group-182D53A8ED33,id=8751c1ff-b790-41e3-80e1-6949a3f5d06f
2019-08-30 03:52:26,980 [main] INFO  impl.RoleInfo (RoleInfo.java:shutdownLeaderState(104)) - 8751c1ff-b790-41e3-80e1-6949a3f5d06f: shutdown LeaderState
2019-08-30 03:52:26,980 [main] INFO  impl.PendingRequests (PendingRequests.java:sendNotLeaderResponses(202)) - 8751c1ff-b790-41e3-80e1-6949a3f5d06f-PendingRequests: sendNotLeaderResponses
2019-08-30 03:52:26,980 [main] INFO  impl.StateMachineUpdater (StateMachineUpdater.java:stopAndJoin(115)) - StateMachineUpdater:8751c1ff-b790-41e3-80e1-6949a3f5d06f:group-182D53A8ED33: set stopIndex = 0
2019-08-30 03:52:26,981 [main] INFO  impl.RaftServerImpl (ServerState.java:close(394)) - 8751c1ff-b790-41e3-80e1-6949a3f5d06f:group-182D53A8ED33 closes. The last applied log index is 0
2019-08-30 03:52:26,981 [8751c1ff-b790-41e3-80e1-6949a3f5d06f-SegmentedRaftLogWorker:Storage Directory /workdir/hadoop-ozone/integration-test/target/test-dir/MiniOzoneClusterImpl-55f3577b-d091-4ab9-9685-f42e74419794/datanode-6/data/ratis/b844aa0d-8e07-4cea-b72a-182d53a8ed33] INFO  segmented.SegmentedRaftLogWorker (SegmentedRaftLogWorker.java:run(313)) - 8751c1ff-b790-41e3-80e1-6949a3f5d06f-SegmentedRaftLogWorker:Storage Directory /workdir/hadoop-ozone/integration-test/target/test-dir/MiniOzoneClusterImpl-55f3577b-d091-4ab9-9685-f42e74419794/datanode-6/data/ratis/b844aa0d-8e07-4cea-b72a-182d53a8ed33 was interrupted, exiting. There are 0 tasks remaining in the queue.
2019-08-30 03:52:26,986 [main] INFO  segmented.SegmentedRaftLogWorker (SegmentedRaftLogWorker.java:close(228)) - 8751c1ff-b790-41e3-80e1-6949a3f5d06f-SegmentedRaftLogWorker:Storage Directory /workdir/hadoop-ozone/integration-test/target/test-dir/MiniOzoneClusterImpl-55f3577b-d091-4ab9-9685-f42e74419794/datanode-6/data/ratis/b844aa0d-8e07-4cea-b72a-182d53a8ed33 close()
2019-08-30 03:52:26,988 [main] INFO  server.GrpcService (GrpcService.java:closeImpl(155)) - 8751c1ff-b790-41e3-80e1-6949a3f5d06f: shutdown server with port 46783 now
2019-08-30 03:52:26,988 [StateMachineUpdater:05e7d200-5199-4ca5-931c-a5057568ec42:group-AAC21FB918B8] INFO  ratis.ContainerStateMachine (ContainerStateMachine.java:takeSnapshot(295)) - group-AAC21FB918B8: Finished taking a snapshot at:(t:1, i:8) file:/workdir/hadoop-ozone/integration-test/target/test-dir/MiniOzoneClusterImpl-55f3577b-d091-4ab9-9685-f42e74419794/datanode-0/data/ratis/5c40857d-e661-4224-8faf-aac21fb918b8/sm/snapshot.1_8 time:15
2019-08-30 03:52:26,989 [StateMachineUpdater:05e7d200-5199-4ca5-931c-a5057568ec42:group-AAC21FB918B8] INFO  impl.StateMachineUpdater (StateMachineUpdater.java:takeSnapshot(242)) - StateMachineUpdater:05e7d200-5199-4ca5-931c-a5057568ec42:group-AAC21FB918B8: Took a snapshot at index 8
2019-08-30 03:52:26,989 [StateMachineUpdater:05e7d200-5199-4ca5-931c-a5057568ec42:group-AAC21FB918B8] INFO  impl.StateMachineUpdater (StateMachineUpdater.java:lambda$new$0(80)) - StateMachineUpdater:05e7d200-5199-4ca5-931c-a5057568ec42:group-AAC21FB918B8: snapshotIndex: updateIncreasingly -1 -> 8
2019-08-30 03:52:26,991 [main] INFO  server.GrpcService (GrpcService.java:closeImpl(163)) - 8751c1ff-b790-41e3-80e1-6949a3f5d06f: shutdown server with port 46783 successfully
2019-08-30 03:52:26,991 [ForkJoinPool.commonPool-worker-0] INFO  impl.RaftServerImpl (ServerState.java:close(394)) - 05e7d200-5199-4ca5-931c-a5057568ec42:group-AAC21FB918B8 closes. The last applied log index is 8
2019-08-30 03:52:26,991 [05e7d200-5199-4ca5-931c-a5057568ec42-SegmentedRaftLogWorker:Storage Directory /workdir/hadoop-ozone/integration-test/target/test-dir/MiniOzoneClusterImpl-55f3577b-d091-4ab9-9685-f42e74419794/datanode-0/data/ratis/5c40857d-e661-4224-8faf-aac21fb918b8] INFO  segmented.SegmentedRaftLogWorker (SegmentedRaftLogWorker.java:run(313)) - 05e7d200-5199-4ca5-931c-a5057568ec42-SegmentedRaftLogWorker:Storage Directory /workdir/hadoop-ozone/integration-test/target/test-dir/MiniOzoneClusterImpl-55f3577b-d091-4ab9-9685-f42e74419794/datanode-0/data/ratis/5c40857d-e661-4224-8faf-aac21fb918b8 was interrupted, exiting. There are 0 tasks remaining in the queue.
2019-08-30 03:52:26,998 [ForkJoinPool.commonPool-worker-0] INFO  segmented.SegmentedRaftLogWorker (SegmentedRaftLogWorker.java:close(228)) - 05e7d200-5199-4ca5-931c-a5057568ec42-SegmentedRaftLogWorker:Storage Directory /workdir/hadoop-ozone/integration-test/target/test-dir/MiniOzoneClusterImpl-55f3577b-d091-4ab9-9685-f42e74419794/datanode-0/data/ratis/5c40857d-e661-4224-8faf-aac21fb918b8 close()
2019-08-30 03:52:26,999 [ForkJoinPool.commonPool-worker-0] INFO  impl.RaftServerImpl (RaftServerImpl.java:lambda$shutdown$3(245)) - 05e7d200-5199-4ca5-931c-a5057568ec42: shutdown group-2E4EFA1C4802
2019-08-30 03:52:26,999 [ForkJoinPool.commonPool-worker-0] INFO  util.JmxRegister (JmxRegister.java:unregister(73)) - Successfully un-registered JMX Bean with object name Ratis:service=RaftServer,group=group-2E4EFA1C4802,id=05e7d200-5199-4ca5-931c-a5057568ec42
2019-08-30 03:52:27,000 [ForkJoinPool.commonPool-worker-0] INFO  impl.RoleInfo (RoleInfo.java:shutdownLeaderState(104)) - 05e7d200-5199-4ca5-931c-a5057568ec42: shutdown LeaderState
2019-08-30 03:52:27,000 [ForkJoinPool.commonPool-worker-0] INFO  impl.PendingRequests (PendingRequests.java:sendNotLeaderResponses(202)) - 05e7d200-5199-4ca5-931c-a5057568ec42-PendingRequests: sendNotLeaderResponses
2019-08-30 03:52:27,001 [ForkJoinPool.commonPool-worker-0] INFO  impl.StateMachineUpdater (StateMachineUpdater.java:stopAndJoin(115)) - StateMachineUpdater:05e7d200-5199-4ca5-931c-a5057568ec42:group-2E4EFA1C4802: set stopIndex = 0
2019-08-30 03:52:27,001 [refreshUsed-/workdir/hadoop-ozone/integration-test/target/test-dir/MiniOzoneClusterImpl-55f3577b-d091-4ab9-9685-f42e74419794/datanode-6/data/containers] WARN  fs.CachingGetSpaceUsed (CachingGetSpaceUsed.java:run(183)) - Thread Interrupted waiting to refresh disk information: sleep interrupted
2019-08-30 03:52:27,003 [ForkJoinPool.commonPool-worker-0] INFO  impl.RaftServerImpl (ServerState.java:close(394)) - 05e7d200-5199-4ca5-931c-a5057568ec42:group-2E4EFA1C4802 closes. The last applied log index is 0
2019-08-30 03:52:27,003 [05e7d200-5199-4ca5-931c-a5057568ec42-SegmentedRaftLogWorker:Storage Directory /workdir/hadoop-ozone/integration-test/target/test-dir/MiniOzoneClusterImpl-55f3577b-d091-4ab9-9685-f42e74419794/datanode-0/data/ratis/de087564-31a5-4f91-9bc3-2e4efa1c4802] INFO  segmented.SegmentedRaftLogWorker (SegmentedRaftLogWorker.java:run(313)) - 05e7d200-5199-4ca5-931c-a5057568ec42-SegmentedRaftLogWorker:Storage Directory /workdir/hadoop-ozone/integration-test/target/test-dir/MiniOzoneClusterImpl-55f3577b-d091-4ab9-9685-f42e74419794/datanode-0/data/ratis/de087564-31a5-4f91-9bc3-2e4efa1c4802 was interrupted, exiting. There are 0 tasks remaining in the queue.
2019-08-30 03:52:27,003 [ForkJoinPool.commonPool-worker-0] INFO  segmented.SegmentedRaftLogWorker (SegmentedRaftLogWorker.java:close(228)) - 05e7d200-5199-4ca5-931c-a5057568ec42-SegmentedRaftLogWorker:Storage Directory /workdir/hadoop-ozone/integration-test/target/test-dir/MiniOzoneClusterImpl-55f3577b-d091-4ab9-9685-f42e74419794/datanode-0/data/ratis/de087564-31a5-4f91-9bc3-2e4efa1c4802 close()
2019-08-30 03:52:27,004 [ForkJoinPool.commonPool-worker-0] INFO  server.GrpcService (GrpcService.java:closeImpl(155)) - 05e7d200-5199-4ca5-931c-a5057568ec42: shutdown server with port 39559 now
2019-08-30 03:52:27,004 [ForkJoinPool.commonPool-worker-0] INFO  server.GrpcService (GrpcService.java:closeImpl(163)) - 05e7d200-5199-4ca5-931c-a5057568ec42: shutdown server with port 39559 successfully
2019-08-30 03:52:27,007 [refreshUsed-/workdir/hadoop-ozone/integration-test/target/test-dir/MiniOzoneClusterImpl-55f3577b-d091-4ab9-9685-f42e74419794/datanode-0/data/containers] WARN  fs.CachingGetSpaceUsed (CachingGetSpaceUsed.java:run(183)) - Thread Interrupted waiting to refresh disk information: sleep interrupted
2019-08-30 03:52:27,016 [main] INFO  utils.BackgroundService (BackgroundService.java:shutdown(148)) - Shutting down service BlockDeletingService
2019-08-30 03:52:27,019 [main] INFO  statemachine.DatanodeStateMachine (DatanodeStateMachine.java:stopDaemon(395)) - Ozone container server stopped.
2019-08-30 03:52:27,020 [main] INFO  handler.ContextHandler (ContextHandler.java:doStop(910)) - Stopped o.e.j.w.WebAppContext@2755617b{/,null,UNAVAILABLE}{/hddsDatanode}
2019-08-30 03:52:27,021 [main] INFO  server.AbstractConnector (AbstractConnector.java:doStop(318)) - Stopped ServerConnector@65859b44{HTTP/1.1,[http/1.1]}{0.0.0.0:0}
2019-08-30 03:52:27,021 [main] INFO  handler.ContextHandler (ContextHandler.java:doStop(910)) - Stopped o.e.j.s.ServletContextHandler@66b0e207{/static,jar:file:/home/user/.m2/repository/org/apache/hadoop/hadoop-hdds-container-service/0.5.0-SNAPSHOT/hadoop-hdds-container-service-0.5.0-SNAPSHOT.jar!/webapps/static,UNAVAILABLE}
2019-08-30 03:52:27,021 [main] INFO  handler.ContextHandler (ContextHandler.java:doStop(910)) - Stopped o.e.j.s.ServletContextHandler@45984654{/logs,file:///workdir/hadoop-ozone/integration-test/target/log,UNAVAILABLE}
2019-08-30 03:52:27,027 [ForkJoinPool.commonPool-worker-0] INFO  utils.BackgroundService (BackgroundService.java:shutdown(148)) - Shutting down service BlockDeletingService
2019-08-30 03:52:27,035 [ForkJoinPool.commonPool-worker-0] INFO  statemachine.DatanodeStateMachine (DatanodeStateMachine.java:stopDaemon(395)) - Ozone container server stopped.
2019-08-30 03:52:27,045 [ForkJoinPool.commonPool-worker-0] INFO  handler.ContextHandler (ContextHandler.java:doStop(910)) - Stopped o.e.j.w.WebAppContext@6b832551{/,null,UNAVAILABLE}{/hddsDatanode}
2019-08-30 03:52:27,046 [ForkJoinPool.commonPool-worker-0] INFO  server.AbstractConnector (AbstractConnector.java:doStop(318)) - Stopped ServerConnector@150d6eaf{HTTP/1.1,[http/1.1]}{0.0.0.0:0}
2019-08-30 03:52:27,047 [ForkJoinPool.commonPool-worker-0] INFO  handler.ContextHandler (ContextHandler.java:doStop(910)) - Stopped o.e.j.s.ServletContextHandler@28989415{/static,jar:file:/home/user/.m2/repository/org/apache/hadoop/hadoop-hdds-container-service/0.5.0-SNAPSHOT/hadoop-hdds-container-service-0.5.0-SNAPSHOT.jar!/webapps/static,UNAVAILABLE}
2019-08-30 03:52:27,048 [ForkJoinPool.commonPool-worker-0] INFO  handler.ContextHandler (ContextHandler.java:doStop(910)) - Stopped o.e.j.s.ServletContextHandler@6c8f4bc7{/logs,file:///workdir/hadoop-ozone/integration-test/target/log,UNAVAILABLE}
2019-08-30 03:52:27,329 [Datanode State Machine Thread - 0] INFO  statemachine.DatanodeStateMachine (DatanodeStateMachine.java:lambda$startDaemon$0(350)) - Ozone container server started.
2019-08-30 03:52:28,752 [Thread-3952] INFO  impl.FollowerState (FollowerState.java:run(106)) - 0013325a-9f0e-48ed-94a6-e4513394336e:group-E1B1A06D4C63 changes to CANDIDATE, lastRpcTime:9381, electionTimeout:5112ms
2019-08-30 03:52:28,753 [Thread-3952] INFO  impl.RoleInfo (RoleInfo.java:shutdownFollowerState(121)) - 0013325a-9f0e-48ed-94a6-e4513394336e: shutdown FollowerState
2019-08-30 03:52:28,753 [Thread-3952] INFO  impl.RaftServerImpl (RaftServerImpl.java:setRole(171)) - 0013325a-9f0e-48ed-94a6-e4513394336e:group-E1B1A06D4C63 changes role from FOLLOWER to CANDIDATE at term 1 for changeToCandidate
2019-08-30 03:52:28,753 [Thread-3952] INFO  impl.RoleInfo (RoleInfo.java:updateAndGet(143)) - 0013325a-9f0e-48ed-94a6-e4513394336e: start LeaderElection
2019-08-30 03:52:28,755 [0013325a-9f0e-48ed-94a6-e4513394336e:group-E1B1A06D4C63:LeaderElection85] INFO  impl.RaftServerImpl (ServerState.java:setLeader(263)) - 0013325a-9f0e-48ed-94a6-e4513394336e:group-E1B1A06D4C63 change Leader from d0043b8f-59eb-4c5c-80f3-5a4bc9982bd5 to null at term 1 for initElection
2019-08-30 03:52:28,771 [0013325a-9f0e-48ed-94a6-e4513394336e:group-E1B1A06D4C63:LeaderElection85] INFO  impl.LeaderElection (LeaderElection.java:askForVotes(181)) - 0013325a-9f0e-48ed-94a6-e4513394336e:group-E1B1A06D4C63:LeaderElection85: begin an election at term 2 for 0: [d0043b8f-59eb-4c5c-80f3-5a4bc9982bd5:192.168.157.199:45902, 0013325a-9f0e-48ed-94a6-e4513394336e:192.168.157.199:39939, 621705e7-357c-4de4-a93e-65622c5fc502:192.168.157.199:42300], old=null
2019-08-30 03:52:28,776 [0013325a-9f0e-48ed-94a6-e4513394336e:group-E1B1A06D4C63:LeaderElection85] INFO  impl.LeaderElection (LogUtils.java:infoOrTrace(149)) - 0013325a-9f0e-48ed-94a6-e4513394336e:group-E1B1A06D4C63:LeaderElection85 got exception when requesting votes: {}
java.util.concurrent.ExecutionException: org.apache.ratis.thirdparty.io.grpc.StatusRuntimeException: UNAVAILABLE: io exception
	at java.util.concurrent.FutureTask.report(FutureTask.java:122)
	at java.util.concurrent.FutureTask.get(FutureTask.java:192)
	at org.apache.ratis.server.impl.LeaderElection.waitForResults(LeaderElection.java:262)
	at org.apache.ratis.server.impl.LeaderElection.askForVotes(LeaderElection.java:200)
	at org.apache.ratis.server.impl.LeaderElection.run(LeaderElection.java:130)
	at java.lang.Thread.run(Thread.java:748)
Caused by: org.apache.ratis.thirdparty.io.grpc.StatusRuntimeException: UNAVAILABLE: io exception
	at org.apache.ratis.thirdparty.io.grpc.stub.ClientCalls.toStatusRuntimeException(ClientCalls.java:233)
	at org.apache.ratis.thirdparty.io.grpc.stub.ClientCalls.getUnchecked(ClientCalls.java:214)
	at org.apache.ratis.thirdparty.io.grpc.stub.ClientCalls.blockingUnaryCall(ClientCalls.java:139)
	at org.apache.ratis.proto.grpc.RaftServerProtocolServiceGrpc$RaftServerProtocolServiceBlockingStub.requestVote(RaftServerProtocolServiceGrpc.java:265)
	at org.apache.ratis.grpc.server.GrpcServerProtocolClient.requestVote(GrpcServerProtocolClient.java:83)
	at org.apache.ratis.grpc.server.GrpcService.requestVote(GrpcService.java:195)
	at org.apache.ratis.server.impl.LeaderElection.lambda$submitRequests$1(LeaderElection.java:237)
	at java.util.concurrent.FutureTask.run(FutureTask.java:266)
	at java.util.concurrent.Executors$RunnableAdapter.call(Executors.java:511)
	at java.util.concurrent.FutureTask.run(FutureTask.java:266)
	at java.util.concurrent.ThreadPoolExecutor.runWorker(ThreadPoolExecutor.java:1149)
	at java.util.concurrent.ThreadPoolExecutor$Worker.run(ThreadPoolExecutor.java:624)
	... 1 more
Caused by: org.apache.ratis.thirdparty.io.netty.channel.AbstractChannel$AnnotatedConnectException: Connection refused: /192.168.157.199:45902
	at sun.nio.ch.SocketChannelImpl.checkConnect(Native Method)
	at sun.nio.ch.SocketChannelImpl.finishConnect(SocketChannelImpl.java:717)
	at org.apache.ratis.thirdparty.io.netty.channel.socket.nio.NioSocketChannel.doFinishConnect(NioSocketChannel.java:327)
	at org.apache.ratis.thirdparty.io.netty.channel.nio.AbstractNioChannel$AbstractNioUnsafe.finishConnect(AbstractNioChannel.java:340)
	at org.apache.ratis.thirdparty.io.netty.channel.nio.NioEventLoop.processSelectedKey(NioEventLoop.java:632)
	at org.apache.ratis.thirdparty.io.netty.channel.nio.NioEventLoop.processSelectedKeysOptimized(NioEventLoop.java:579)
	at org.apache.ratis.thirdparty.io.netty.channel.nio.NioEventLoop.processSelectedKeys(NioEventLoop.java:496)
	at org.apache.ratis.thirdparty.io.netty.channel.nio.NioEventLoop.run(NioEventLoop.java:458)
	at org.apache.ratis.thirdparty.io.netty.util.concurrent.SingleThreadEventExecutor$5.run(SingleThreadEventExecutor.java:897)
	at org.apache.ratis.thirdparty.io.netty.util.concurrent.FastThreadLocalRunnable.run(FastThreadLocalRunnable.java:30)
	... 1 more
Caused by: java.net.ConnectException: Connection refused
	... 11 more
2019-08-30 03:52:28,778 [0013325a-9f0e-48ed-94a6-e4513394336e:group-E1B1A06D4C63:LeaderElection85] INFO  impl.LeaderElection (LogUtils.java:infoOrTrace(149)) - 0013325a-9f0e-48ed-94a6-e4513394336e:group-E1B1A06D4C63:LeaderElection85 got exception when requesting votes: {}
java.util.concurrent.ExecutionException: org.apache.ratis.thirdparty.io.grpc.StatusRuntimeException: UNAVAILABLE: io exception
	at java.util.concurrent.FutureTask.report(FutureTask.java:122)
	at java.util.concurrent.FutureTask.get(FutureTask.java:192)
	at org.apache.ratis.server.impl.LeaderElection.waitForResults(LeaderElection.java:262)
	at org.apache.ratis.server.impl.LeaderElection.askForVotes(LeaderElection.java:200)
	at org.apache.ratis.server.impl.LeaderElection.run(LeaderElection.java:130)
	at java.lang.Thread.run(Thread.java:748)
Caused by: org.apache.ratis.thirdparty.io.grpc.StatusRuntimeException: UNAVAILABLE: io exception
	at org.apache.ratis.thirdparty.io.grpc.stub.ClientCalls.toStatusRuntimeException(ClientCalls.java:233)
	at org.apache.ratis.thirdparty.io.grpc.stub.ClientCalls.getUnchecked(ClientCalls.java:214)
	at org.apache.ratis.thirdparty.io.grpc.stub.ClientCalls.blockingUnaryCall(ClientCalls.java:139)
	at org.apache.ratis.proto.grpc.RaftServerProtocolServiceGrpc$RaftServerProtocolServiceBlockingStub.requestVote(RaftServerProtocolServiceGrpc.java:265)
	at org.apache.ratis.grpc.server.GrpcServerProtocolClient.requestVote(GrpcServerProtocolClient.java:83)
	at org.apache.ratis.grpc.server.GrpcService.requestVote(GrpcService.java:195)
	at org.apache.ratis.server.impl.LeaderElection.lambda$submitRequests$1(LeaderElection.java:237)
	at java.util.concurrent.FutureTask.run(FutureTask.java:266)
	at java.util.concurrent.Executors$RunnableAdapter.call(Executors.java:511)
	at java.util.concurrent.FutureTask.run(FutureTask.java:266)
	at java.util.concurrent.ThreadPoolExecutor.runWorker(ThreadPoolExecutor.java:1149)
	at java.util.concurrent.ThreadPoolExecutor$Worker.run(ThreadPoolExecutor.java:624)
	... 1 more
Caused by: org.apache.ratis.thirdparty.io.netty.channel.AbstractChannel$AnnotatedConnectException: Connection refused: /192.168.157.199:42300
	at sun.nio.ch.SocketChannelImpl.checkConnect(Native Method)
	at sun.nio.ch.SocketChannelImpl.finishConnect(SocketChannelImpl.java:717)
	at org.apache.ratis.thirdparty.io.netty.channel.socket.nio.NioSocketChannel.doFinishConnect(NioSocketChannel.java:327)
	at org.apache.ratis.thirdparty.io.netty.channel.nio.AbstractNioChannel$AbstractNioUnsafe.finishConnect(AbstractNioChannel.java:340)
	at org.apache.ratis.thirdparty.io.netty.channel.nio.NioEventLoop.processSelectedKey(NioEventLoop.java:632)
	at org.apache.ratis.thirdparty.io.netty.channel.nio.NioEventLoop.processSelectedKeysOptimized(NioEventLoop.java:579)
	at org.apache.ratis.thirdparty.io.netty.channel.nio.NioEventLoop.processSelectedKeys(NioEventLoop.java:496)
	at org.apache.ratis.thirdparty.io.netty.channel.nio.NioEventLoop.run(NioEventLoop.java:458)
	at org.apache.ratis.thirdparty.io.netty.util.concurrent.SingleThreadEventExecutor$5.run(SingleThreadEventExecutor.java:897)
	at org.apache.ratis.thirdparty.io.netty.util.concurrent.FastThreadLocalRunnable.run(FastThreadLocalRunnable.java:30)
	... 1 more
Caused by: java.net.ConnectException: Connection refused
	... 11 more
2019-08-30 03:52:28,779 [0013325a-9f0e-48ed-94a6-e4513394336e:group-E1B1A06D4C63:LeaderElection85] INFO  impl.LeaderElection (LeaderElection.java:logAndReturn(56)) - 0013325a-9f0e-48ed-94a6-e4513394336e:group-E1B1A06D4C63:LeaderElection85: Election REJECTED; received 0 response(s) [] and 2 exception(s); 0013325a-9f0e-48ed-94a6-e4513394336e:t2, leader=null, voted=0013325a-9f0e-48ed-94a6-e4513394336e, raftlog=0013325a-9f0e-48ed-94a6-e4513394336e-SegmentedRaftLog:OPENED:c6,f6,i6, conf=0: [d0043b8f-59eb-4c5c-80f3-5a4bc9982bd5:192.168.157.199:45902, 0013325a-9f0e-48ed-94a6-e4513394336e:192.168.157.199:39939, 621705e7-357c-4de4-a93e-65622c5fc502:192.168.157.199:42300], old=null
2019-08-30 03:52:28,779 [0013325a-9f0e-48ed-94a6-e4513394336e:group-E1B1A06D4C63:LeaderElection85] INFO  impl.LeaderElection (LogUtils.java:infoOrTrace(149)) -   Exception 0: {}
java.util.concurrent.ExecutionException: org.apache.ratis.thirdparty.io.grpc.StatusRuntimeException: UNAVAILABLE: io exception
	at java.util.concurrent.FutureTask.report(FutureTask.java:122)
	at java.util.concurrent.FutureTask.get(FutureTask.java:192)
	at org.apache.ratis.server.impl.LeaderElection.waitForResults(LeaderElection.java:262)
	at org.apache.ratis.server.impl.LeaderElection.askForVotes(LeaderElection.java:200)
	at org.apache.ratis.server.impl.LeaderElection.run(LeaderElection.java:130)
	at java.lang.Thread.run(Thread.java:748)
Caused by: org.apache.ratis.thirdparty.io.grpc.StatusRuntimeException: UNAVAILABLE: io exception
	at org.apache.ratis.thirdparty.io.grpc.stub.ClientCalls.toStatusRuntimeException(ClientCalls.java:233)
	at org.apache.ratis.thirdparty.io.grpc.stub.ClientCalls.getUnchecked(ClientCalls.java:214)
	at org.apache.ratis.thirdparty.io.grpc.stub.ClientCalls.blockingUnaryCall(ClientCalls.java:139)
	at org.apache.ratis.proto.grpc.RaftServerProtocolServiceGrpc$RaftServerProtocolServiceBlockingStub.requestVote(RaftServerProtocolServiceGrpc.java:265)
	at org.apache.ratis.grpc.server.GrpcServerProtocolClient.requestVote(GrpcServerProtocolClient.java:83)
	at org.apache.ratis.grpc.server.GrpcService.requestVote(GrpcService.java:195)
	at org.apache.ratis.server.impl.LeaderElection.lambda$submitRequests$1(LeaderElection.java:237)
	at java.util.concurrent.FutureTask.run(FutureTask.java:266)
	at java.util.concurrent.Executors$RunnableAdapter.call(Executors.java:511)
	at java.util.concurrent.FutureTask.run(FutureTask.java:266)
	at java.util.concurrent.ThreadPoolExecutor.runWorker(ThreadPoolExecutor.java:1149)
	at java.util.concurrent.ThreadPoolExecutor$Worker.run(ThreadPoolExecutor.java:624)
	... 1 more
Caused by: org.apache.ratis.thirdparty.io.netty.channel.AbstractChannel$AnnotatedConnectException: Connection refused: /192.168.157.199:45902
	at sun.nio.ch.SocketChannelImpl.checkConnect(Native Method)
	at sun.nio.ch.SocketChannelImpl.finishConnect(SocketChannelImpl.java:717)
	at org.apache.ratis.thirdparty.io.netty.channel.socket.nio.NioSocketChannel.doFinishConnect(NioSocketChannel.java:327)
	at org.apache.ratis.thirdparty.io.netty.channel.nio.AbstractNioChannel$AbstractNioUnsafe.finishConnect(AbstractNioChannel.java:340)
	at org.apache.ratis.thirdparty.io.netty.channel.nio.NioEventLoop.processSelectedKey(NioEventLoop.java:632)
	at org.apache.ratis.thirdparty.io.netty.channel.nio.NioEventLoop.processSelectedKeysOptimized(NioEventLoop.java:579)
	at org.apache.ratis.thirdparty.io.netty.channel.nio.NioEventLoop.processSelectedKeys(NioEventLoop.java:496)
	at org.apache.ratis.thirdparty.io.netty.channel.nio.NioEventLoop.run(NioEventLoop.java:458)
	at org.apache.ratis.thirdparty.io.netty.util.concurrent.SingleThreadEventExecutor$5.run(SingleThreadEventExecutor.java:897)
	at org.apache.ratis.thirdparty.io.netty.util.concurrent.FastThreadLocalRunnable.run(FastThreadLocalRunnable.java:30)
	... 1 more
Caused by: java.net.ConnectException: Connection refused
	... 11 more
2019-08-30 03:52:28,780 [0013325a-9f0e-48ed-94a6-e4513394336e:group-E1B1A06D4C63:LeaderElection85] INFO  impl.LeaderElection (LogUtils.java:infoOrTrace(149)) -   Exception 1: {}
java.util.concurrent.ExecutionException: org.apache.ratis.thirdparty.io.grpc.StatusRuntimeException: UNAVAILABLE: io exception
	at java.util.concurrent.FutureTask.report(FutureTask.java:122)
	at java.util.concurrent.FutureTask.get(FutureTask.java:192)
	at org.apache.ratis.server.impl.LeaderElection.waitForResults(LeaderElection.java:262)
	at org.apache.ratis.server.impl.LeaderElection.askForVotes(LeaderElection.java:200)
	at org.apache.ratis.server.impl.LeaderElection.run(LeaderElection.java:130)
	at java.lang.Thread.run(Thread.java:748)
Caused by: org.apache.ratis.thirdparty.io.grpc.StatusRuntimeException: UNAVAILABLE: io exception
	at org.apache.ratis.thirdparty.io.grpc.stub.ClientCalls.toStatusRuntimeException(ClientCalls.java:233)
	at org.apache.ratis.thirdparty.io.grpc.stub.ClientCalls.getUnchecked(ClientCalls.java:214)
	at org.apache.ratis.thirdparty.io.grpc.stub.ClientCalls.blockingUnaryCall(ClientCalls.java:139)
	at org.apache.ratis.proto.grpc.RaftServerProtocolServiceGrpc$RaftServerProtocolServiceBlockingStub.requestVote(RaftServerProtocolServiceGrpc.java:265)
	at org.apache.ratis.grpc.server.GrpcServerProtocolClient.requestVote(GrpcServerProtocolClient.java:83)
	at org.apache.ratis.grpc.server.GrpcService.requestVote(GrpcService.java:195)
	at org.apache.ratis.server.impl.LeaderElection.lambda$submitRequests$1(LeaderElection.java:237)
	at java.util.concurrent.FutureTask.run(FutureTask.java:266)
	at java.util.concurrent.Executors$RunnableAdapter.call(Executors.java:511)
	at java.util.concurrent.FutureTask.run(FutureTask.java:266)
	at java.util.concurrent.ThreadPoolExecutor.runWorker(ThreadPoolExecutor.java:1149)
	at java.util.concurrent.ThreadPoolExecutor$Worker.run(ThreadPoolExecutor.java:624)
	... 1 more
Caused by: org.apache.ratis.thirdparty.io.netty.channel.AbstractChannel$AnnotatedConnectException: Connection refused: /192.168.157.199:42300
	at sun.nio.ch.SocketChannelImpl.checkConnect(Native Method)
	at sun.nio.ch.SocketChannelImpl.finishConnect(SocketChannelImpl.java:717)
	at org.apache.ratis.thirdparty.io.netty.channel.socket.nio.NioSocketChannel.doFinishConnect(NioSocketChannel.java:327)
	at org.apache.ratis.thirdparty.io.netty.channel.nio.AbstractNioChannel$AbstractNioUnsafe.finishConnect(AbstractNioChannel.java:340)
	at org.apache.ratis.thirdparty.io.netty.channel.nio.NioEventLoop.processSelectedKey(NioEventLoop.java:632)
	at org.apache.ratis.thirdparty.io.netty.channel.nio.NioEventLoop.processSelectedKeysOptimized(NioEventLoop.java:579)
	at org.apache.ratis.thirdparty.io.netty.channel.nio.NioEventLoop.processSelectedKeys(NioEventLoop.java:496)
	at org.apache.ratis.thirdparty.io.netty.channel.nio.NioEventLoop.run(NioEventLoop.java:458)
	at org.apache.ratis.thirdparty.io.netty.util.concurrent.SingleThreadEventExecutor$5.run(SingleThreadEventExecutor.java:897)
	at org.apache.ratis.thirdparty.io.netty.util.concurrent.FastThreadLocalRunnable.run(FastThreadLocalRunnable.java:30)
	... 1 more
Caused by: java.net.ConnectException: Connection refused
	... 11 more
2019-08-30 03:52:28,780 [0013325a-9f0e-48ed-94a6-e4513394336e:group-E1B1A06D4C63:LeaderElection85] INFO  impl.RaftServerImpl (RaftServerImpl.java:setRole(171)) - 0013325a-9f0e-48ed-94a6-e4513394336e:group-E1B1A06D4C63 changes role from CANDIDATE to FOLLOWER at term 2 for DISCOVERED_A_NEW_TERM
2019-08-30 03:52:28,781 [0013325a-9f0e-48ed-94a6-e4513394336e:group-E1B1A06D4C63:LeaderElection85] INFO  impl.RoleInfo (RoleInfo.java:shutdownLeaderElection(134)) - 0013325a-9f0e-48ed-94a6-e4513394336e: shutdown LeaderElection
2019-08-30 03:52:28,781 [0013325a-9f0e-48ed-94a6-e4513394336e:group-E1B1A06D4C63:LeaderElection85] INFO  impl.RoleInfo (RoleInfo.java:updateAndGet(143)) - 0013325a-9f0e-48ed-94a6-e4513394336e: start FollowerState
2019-08-30 03:52:31,360 [EventQueue-StaleNodeForStaleNodeHandler] INFO  node.StaleNodeHandler (StaleNodeHandler.java:onMessage(58)) - Datanode 0013325a-9f0e-48ed-94a6-e4513394336e{ip: 192.168.157.199, host: pr-hdds-2057-gndl4-2748649462, networkLocation: /default-rack, certSerialId: null} moved to stale state. Finalizing its pipelines [PipelineID=741e0b8d-a0a6-4b78-b47b-e6606f9873c3, PipelineID=096e1659-dc63-4d9b-829e-e1b1a06d4c63]
2019-08-30 03:52:31,360 [EventQueue-StaleNodeForStaleNodeHandler] INFO  pipeline.SCMPipelineManager (SCMPipelineManager.java:finalizeAndDestroyPipeline(309)) - destroying pipeline:Pipeline[ Id: 741e0b8d-a0a6-4b78-b47b-e6606f9873c3, Nodes: 0013325a-9f0e-48ed-94a6-e4513394336e{ip: 192.168.157.199, host: pr-hdds-2057-gndl4-2748649462, networkLocation: /default-rack, certSerialId: null}, Type:RATIS, Factor:ONE, State:OPEN]
2019-08-30 03:52:31,361 [EventQueue-StaleNodeForStaleNodeHandler] INFO  pipeline.PipelineStateManager (PipelineStateManager.java:finalizePipeline(123)) - Pipeline Pipeline[ Id: 741e0b8d-a0a6-4b78-b47b-e6606f9873c3, Nodes: 0013325a-9f0e-48ed-94a6-e4513394336e{ip: 192.168.157.199, host: pr-hdds-2057-gndl4-2748649462, networkLocation: /default-rack, certSerialId: null}, Type:RATIS, Factor:ONE, State:CLOSED] moved to CLOSED state
2019-08-30 03:52:31,361 [EventQueue-StaleNodeForStaleNodeHandler] INFO  pipeline.SCMPipelineManager (SCMPipelineManager.java:finalizeAndDestroyPipeline(309)) - destroying pipeline:Pipeline[ Id: 096e1659-dc63-4d9b-829e-e1b1a06d4c63, Nodes: 0013325a-9f0e-48ed-94a6-e4513394336e{ip: 192.168.157.199, host: pr-hdds-2057-gndl4-2748649462, networkLocation: /default-rack, certSerialId: null}d0043b8f-59eb-4c5c-80f3-5a4bc9982bd5{ip: 192.168.157.199, host: pr-hdds-2057-gndl4-2748649462, networkLocation: /default-rack, certSerialId: null}621705e7-357c-4de4-a93e-65622c5fc502{ip: 192.168.157.199, host: pr-hdds-2057-gndl4-2748649462, networkLocation: /default-rack, certSerialId: null}, Type:RATIS, Factor:THREE, State:CLOSED]
2019-08-30 03:52:32,023 [main] INFO  ozoneimpl.OzoneContainer (OzoneContainer.java:stop(215)) - Attempting to stop container services.
2019-08-30 03:52:32,024 [main] INFO  impl.RaftServerProxy (RaftServerProxy.java:lambda$close$4(314)) - 0013325a-9f0e-48ed-94a6-e4513394336e: close
2019-08-30 03:52:32,025 [main] INFO  impl.RaftServerImpl (RaftServerImpl.java:lambda$shutdown$3(245)) - 0013325a-9f0e-48ed-94a6-e4513394336e: shutdown group-E6606F9873C3
2019-08-30 03:52:32,025 [main] INFO  util.JmxRegister (JmxRegister.java:unregister(73)) - Successfully un-registered JMX Bean with object name Ratis:service=RaftServer,group=group-E6606F9873C3,id=0013325a-9f0e-48ed-94a6-e4513394336e
2019-08-30 03:52:32,025 [main] INFO  impl.RoleInfo (RoleInfo.java:shutdownLeaderState(104)) - 0013325a-9f0e-48ed-94a6-e4513394336e: shutdown LeaderState
2019-08-30 03:52:32,026 [main] INFO  impl.PendingRequests (PendingRequests.java:sendNotLeaderResponses(202)) - 0013325a-9f0e-48ed-94a6-e4513394336e-PendingRequests: sendNotLeaderResponses
2019-08-30 03:52:32,027 [main] INFO  impl.StateMachineUpdater (StateMachineUpdater.java:stopAndJoin(115)) - StateMachineUpdater:0013325a-9f0e-48ed-94a6-e4513394336e:group-E6606F9873C3: set stopIndex = 0
2019-08-30 03:52:32,027 [main] INFO  impl.RaftServerImpl (ServerState.java:close(394)) - 0013325a-9f0e-48ed-94a6-e4513394336e:group-E6606F9873C3 closes. The last applied log index is 0
2019-08-30 03:52:32,028 [0013325a-9f0e-48ed-94a6-e4513394336e-SegmentedRaftLogWorker:Storage Directory /workdir/hadoop-ozone/integration-test/target/test-dir/MiniOzoneClusterImpl-55f3577b-d091-4ab9-9685-f42e74419794/datanode-5/data/ratis/741e0b8d-a0a6-4b78-b47b-e6606f9873c3] INFO  segmented.SegmentedRaftLogWorker (SegmentedRaftLogWorker.java:run(313)) - 0013325a-9f0e-48ed-94a6-e4513394336e-SegmentedRaftLogWorker:Storage Directory /workdir/hadoop-ozone/integration-test/target/test-dir/MiniOzoneClusterImpl-55f3577b-d091-4ab9-9685-f42e74419794/datanode-5/data/ratis/741e0b8d-a0a6-4b78-b47b-e6606f9873c3 was interrupted, exiting. There are 0 tasks remaining in the queue.
2019-08-30 03:52:32,028 [main] INFO  segmented.SegmentedRaftLogWorker (SegmentedRaftLogWorker.java:close(228)) - 0013325a-9f0e-48ed-94a6-e4513394336e-SegmentedRaftLogWorker:Storage Directory /workdir/hadoop-ozone/integration-test/target/test-dir/MiniOzoneClusterImpl-55f3577b-d091-4ab9-9685-f42e74419794/datanode-5/data/ratis/741e0b8d-a0a6-4b78-b47b-e6606f9873c3 close()
2019-08-30 03:52:32,028 [main] INFO  impl.RaftServerImpl (RaftServerImpl.java:lambda$shutdown$3(245)) - 0013325a-9f0e-48ed-94a6-e4513394336e: shutdown group-E1B1A06D4C63
2019-08-30 03:52:32,029 [main] INFO  util.JmxRegister (JmxRegister.java:unregister(73)) - Successfully un-registered JMX Bean with object name Ratis:service=RaftServer,group=group-E1B1A06D4C63,id=0013325a-9f0e-48ed-94a6-e4513394336e
2019-08-30 03:52:32,029 [main] INFO  impl.RoleInfo (RoleInfo.java:shutdownFollowerState(121)) - 0013325a-9f0e-48ed-94a6-e4513394336e: shutdown FollowerState
2019-08-30 03:52:32,030 [main] INFO  impl.StateMachineUpdater (StateMachineUpdater.java:stopAndJoin(115)) - StateMachineUpdater:0013325a-9f0e-48ed-94a6-e4513394336e:group-E1B1A06D4C63: set stopIndex = 6
2019-08-30 03:52:32,030 [Thread-4046] INFO  impl.FollowerState (FollowerState.java:run(114)) - 0013325a-9f0e-48ed-94a6-e4513394336e: FollowerState was interrupted: java.lang.InterruptedException: sleep interrupted
2019-08-30 03:52:32,030 [StateMachineUpdater:0013325a-9f0e-48ed-94a6-e4513394336e:group-E1B1A06D4C63] INFO  ratis.ContainerStateMachine (ContainerStateMachine.java:takeSnapshot(284)) - group-E1B1A06D4C63: Taking a snapshot at:(t:1, i:6) file /workdir/hadoop-ozone/integration-test/target/test-dir/MiniOzoneClusterImpl-55f3577b-d091-4ab9-9685-f42e74419794/datanode-5/data/ratis/096e1659-dc63-4d9b-829e-e1b1a06d4c63/sm/snapshot.1_6
2019-08-30 03:52:32,046 [StateMachineUpdater:0013325a-9f0e-48ed-94a6-e4513394336e:group-E1B1A06D4C63] INFO  ratis.ContainerStateMachine (ContainerStateMachine.java:takeSnapshot(295)) - group-E1B1A06D4C63: Finished taking a snapshot at:(t:1, i:6) file:/workdir/hadoop-ozone/integration-test/target/test-dir/MiniOzoneClusterImpl-55f3577b-d091-4ab9-9685-f42e74419794/datanode-5/data/ratis/096e1659-dc63-4d9b-829e-e1b1a06d4c63/sm/snapshot.1_6 time:16
2019-08-30 03:52:32,046 [StateMachineUpdater:0013325a-9f0e-48ed-94a6-e4513394336e:group-E1B1A06D4C63] INFO  impl.StateMachineUpdater (StateMachineUpdater.java:takeSnapshot(242)) - StateMachineUpdater:0013325a-9f0e-48ed-94a6-e4513394336e:group-E1B1A06D4C63: Took a snapshot at index 6
2019-08-30 03:52:32,046 [StateMachineUpdater:0013325a-9f0e-48ed-94a6-e4513394336e:group-E1B1A06D4C63] INFO  impl.StateMachineUpdater (StateMachineUpdater.java:lambda$new$0(80)) - StateMachineUpdater:0013325a-9f0e-48ed-94a6-e4513394336e:group-E1B1A06D4C63: snapshotIndex: updateIncreasingly -1 -> 6
2019-08-30 03:52:32,046 [main] INFO  impl.RaftServerImpl (ServerState.java:close(394)) - 0013325a-9f0e-48ed-94a6-e4513394336e:group-E1B1A06D4C63 closes. The last applied log index is 6
2019-08-30 03:52:32,047 [0013325a-9f0e-48ed-94a6-e4513394336e-SegmentedRaftLogWorker:Storage Directory /workdir/hadoop-ozone/integration-test/target/test-dir/MiniOzoneClusterImpl-55f3577b-d091-4ab9-9685-f42e74419794/datanode-5/data/ratis/096e1659-dc63-4d9b-829e-e1b1a06d4c63] INFO  segmented.SegmentedRaftLogWorker (SegmentedRaftLogWorker.java:run(313)) - 0013325a-9f0e-48ed-94a6-e4513394336e-SegmentedRaftLogWorker:Storage Directory /workdir/hadoop-ozone/integration-test/target/test-dir/MiniOzoneClusterImpl-55f3577b-d091-4ab9-9685-f42e74419794/datanode-5/data/ratis/096e1659-dc63-4d9b-829e-e1b1a06d4c63 was interrupted, exiting. There are 0 tasks remaining in the queue.
2019-08-30 03:52:32,047 [main] INFO  segmented.SegmentedRaftLogWorker (SegmentedRaftLogWorker.java:close(228)) - 0013325a-9f0e-48ed-94a6-e4513394336e-SegmentedRaftLogWorker:Storage Directory /workdir/hadoop-ozone/integration-test/target/test-dir/MiniOzoneClusterImpl-55f3577b-d091-4ab9-9685-f42e74419794/datanode-5/data/ratis/096e1659-dc63-4d9b-829e-e1b1a06d4c63 close()
2019-08-30 03:52:32,048 [main] INFO  server.GrpcService (GrpcService.java:closeImpl(155)) - 0013325a-9f0e-48ed-94a6-e4513394336e: shutdown server with port 39939 now
2019-08-30 03:52:32,048 [main] INFO  server.GrpcService (GrpcService.java:closeImpl(163)) - 0013325a-9f0e-48ed-94a6-e4513394336e: shutdown server with port 39939 successfully
2019-08-30 03:52:32,051 [refreshUsed-/workdir/hadoop-ozone/integration-test/target/test-dir/MiniOzoneClusterImpl-55f3577b-d091-4ab9-9685-f42e74419794/datanode-5/data/containers] WARN  fs.CachingGetSpaceUsed (CachingGetSpaceUsed.java:run(183)) - Thread Interrupted waiting to refresh disk information: sleep interrupted
2019-08-30 03:52:32,068 [main] INFO  utils.BackgroundService (BackgroundService.java:shutdown(148)) - Shutting down service BlockDeletingService
2019-08-30 03:52:32,068 [main] INFO  statemachine.DatanodeStateMachine (DatanodeStateMachine.java:stopDaemon(395)) - Ozone container server stopped.
2019-08-30 03:52:32,070 [main] INFO  handler.ContextHandler (ContextHandler.java:doStop(910)) - Stopped o.e.j.w.WebAppContext@240a2619{/,null,UNAVAILABLE}{/hddsDatanode}
2019-08-30 03:52:32,070 [main] INFO  server.AbstractConnector (AbstractConnector.java:doStop(318)) - Stopped ServerConnector@4e3283f6{HTTP/1.1,[http/1.1]}{0.0.0.0:0}
2019-08-30 03:52:32,071 [main] INFO  handler.ContextHandler (ContextHandler.java:doStop(910)) - Stopped o.e.j.s.ServletContextHandler@7574d4ad{/static,jar:file:/home/user/.m2/repository/org/apache/hadoop/hadoop-hdds-container-service/0.5.0-SNAPSHOT/hadoop-hdds-container-service-0.5.0-SNAPSHOT.jar!/webapps/static,UNAVAILABLE}
2019-08-30 03:52:32,071 [main] INFO  handler.ContextHandler (ContextHandler.java:doStop(910)) - Stopped o.e.j.s.ServletContextHandler@41f964f9{/logs,file:///workdir/hadoop-ozone/integration-test/target/log,UNAVAILABLE}
2019-08-30 03:52:32,072 [main] INFO  ozone.MiniOzoneClusterImpl (MiniOzoneClusterImpl.java:stop(339)) - Stopping the StorageContainerManager
2019-08-30 03:52:32,072 [main] INFO  server.StorageContainerManager (StorageContainerManager.java:stop(797)) - Stopping Replication Manager Service.
2019-08-30 03:52:32,073 [main] INFO  container.ReplicationManager (ReplicationManager.java:stop(193)) - Stopping Replication Monitor Thread.
2019-08-30 03:52:32,073 [main] INFO  server.StorageContainerManager (StorageContainerManager.java:stop(804)) - Stopping Lease Manager of the command watchers
2019-08-30 03:52:32,073 [main] INFO  server.StorageContainerManager (StorageContainerManager.java:stop(811)) - Stopping datanode service RPC server
2019-08-30 03:52:32,073 [main] INFO  server.SCMDatanodeProtocolServer (SCMDatanodeProtocolServer.java:stop(367)) - Stopping the RPC server for DataNodes
2019-08-30 03:52:32,073 [main] INFO  ipc.Server (Server.java:stop(3082)) - Stopping server on 36292
2019-08-30 03:52:32,076 [IPC Server listener on 36292] INFO  ipc.Server (Server.java:run(1185)) - Stopping IPC Server listener on 36292
2019-08-30 03:52:32,076 [IPC Server Responder] INFO  ipc.Server (Server.java:run(1319)) - Stopping IPC Server Responder
2019-08-30 03:52:32,161 [SCM Heartbeat Processing Thread - 0] WARN  node.NodeStateManager (NodeStateManager.java:scheduleNextHealthCheck(646)) - Current Thread is interrupted, shutting down HB processing thread for Node Manager.
2019-08-30 03:52:32,161 [main] INFO  server.StorageContainerManager (StorageContainerManager.java:stop(819)) - Stopping block service RPC server
2019-08-30 03:52:32,162 [main] INFO  server.SCMBlockProtocolServer (SCMBlockProtocolServer.java:stop(148)) - Stopping the RPC server for Block Protocol
2019-08-30 03:52:32,162 [main] INFO  ipc.Server (Server.java:stop(3082)) - Stopping server on 38472
2019-08-30 03:52:32,165 [main] INFO  server.StorageContainerManager (StorageContainerManager.java:stop(826)) - Stopping the StorageContainerLocationProtocol RPC server
2019-08-30 03:52:32,165 [main] INFO  server.SCMClientProtocolServer (SCMClientProtocolServer.java:stop(159)) - Stopping the RPC server for Client Protocol
2019-08-30 03:52:32,165 [IPC Server Responder] INFO  ipc.Server (Server.java:run(1319)) - Stopping IPC Server Responder
2019-08-30 03:52:32,166 [main] INFO  ipc.Server (Server.java:stop(3082)) - Stopping server on 35096
2019-08-30 03:52:32,165 [IPC Server listener on 38472] INFO  ipc.Server (Server.java:run(1185)) - Stopping IPC Server listener on 38472
2019-08-30 03:52:32,169 [IPC Server listener on 35096] INFO  ipc.Server (Server.java:run(1185)) - Stopping IPC Server listener on 35096
2019-08-30 03:52:32,172 [main] INFO  server.StorageContainerManager (StorageContainerManager.java:stop(833)) - Stopping Storage Container Manager HTTP server.
2019-08-30 03:52:32,172 [IPC Server Responder] INFO  ipc.Server (Server.java:run(1319)) - Stopping IPC Server Responder
2019-08-30 03:52:32,174 [main] INFO  handler.ContextHandler (ContextHandler.java:doStop(910)) - Stopped o.e.j.w.WebAppContext@6f315b08{/,null,UNAVAILABLE}{/scm}
2019-08-30 03:52:32,174 [main] INFO  server.AbstractConnector (AbstractConnector.java:doStop(318)) - Stopped ServerConnector@6c8efde4{HTTP/1.1,[http/1.1]}{0.0.0.0:0}
2019-08-30 03:52:32,174 [main] INFO  handler.ContextHandler (ContextHandler.java:doStop(910)) - Stopped o.e.j.s.ServletContextHandler@783b3aa0{/static,file:///workdir/hadoop-ozone/integration-test/target/test-classes/webapps/static,UNAVAILABLE}
2019-08-30 03:52:32,175 [main] INFO  handler.ContextHandler (ContextHandler.java:doStop(910)) - Stopped o.e.j.s.ServletContextHandler@6ed18d80{/logs,file:///workdir/hadoop-ozone/integration-test/target/log,UNAVAILABLE}
2019-08-30 03:52:32,176 [main] INFO  server.StorageContainerManager (StorageContainerManager.java:stop(844)) - Stopping Block Manager Service.
2019-08-30 03:52:32,176 [main] INFO  utils.BackgroundService (BackgroundService.java:shutdown(148)) - Shutting down service SCMBlockDeletingService
2019-08-30 03:52:32,176 [main] INFO  utils.BackgroundService (BackgroundService.java:shutdown(148)) - Shutting down service SCMBlockDeletingService
2019-08-30 03:52:32,177 [main] INFO  server.StorageContainerManager (StorageContainerManager.java:stop(866)) - Stopping SCM Event Queue.
2019-08-30 03:52:32,181 [main] INFO  impl.MetricsSystemImpl (MetricsSystemImpl.java:stop(210)) - Stopping HddsDatanode metrics system...
2019-08-30 03:52:32,192 [main] INFO  impl.MetricsSystemImpl (MetricsSystemImpl.java:stop(216)) - HddsDatanode metrics system stopped.
]]></system-out>
  </testcase>
  <testcase name="testWatchForCommitWithCloseContainerException" classname="org.apache.hadoop.ozone.client.rpc.TestBlockOutputStreamWithFailures" time="34.384"/>
  <testcase name="testExceptionDuringClose" classname="org.apache.hadoop.ozone.client.rpc.TestBlockOutputStreamWithFailures" time="33.77"/>
</testsuite>