<?xml version="1.0" encoding="UTF-8"?>
<testsuite xmlns:xsi="http://www.w3.org/2001/XMLSchema-instance" xsi:noNamespaceSchemaLocation="https://maven.apache.org/surefire/maven-surefire-plugin/xsd/surefire-test-report.xsd" name="org.apache.hadoop.ozone.freon.TestRandomKeyGenerator" time="141.152" tests="5" errors="1" skipped="0" failures="0">
  <properties>
    <property name="awt.toolkit" value="sun.awt.X11.XToolkit"/>
    <property name="file.encoding.pkg" value="sun.io"/>
    <property name="java.specification.version" value="1.8"/>
    <property name="sun.cpu.isalist" value=""/>
    <property name="sun.jnu.encoding" value="UTF-8"/>
    <property name="java.class.path" value="/tmp/workdir/hadoop-ozone/tools/target/test-classes:/tmp/workdir/hadoop-ozone/tools/target/classes:/tmp/workdir/hadoop-ozone/ozone-manager/target/classes:/tmp/workdir/hadoop-hdds/docs/target/classes:/home/user/.m2/repository/org/bouncycastle/bcprov-jdk15on/1.60/bcprov-jdk15on-1.60.jar:/tmp/workdir/hadoop-ozone/common/target/classes:/home/user/.m2/repository/org/apache/commons/commons-compress/1.4.1/commons-compress-1.4.1.jar:/home/user/.m2/repository/org/tukaani/xz/1.0/xz-1.0.jar:/home/user/.m2/repository/org/apache/hadoop/hadoop-hdfs-client/3.2.0/hadoop-hdfs-client-3.2.0.jar:/home/user/.m2/repository/com/fasterxml/jackson/core/jackson-annotations/2.9.5/jackson-annotations-2.9.5.jar:/tmp/workdir/hadoop-hdds/common/target/classes:/tmp/workdir/hadoop-hdds/config/target/classes:/home/user/.m2/repository/javax/annotation/javax.annotation-api/1.2/javax.annotation-api-1.2.jar:/home/user/.m2/repository/org/apache/ratis/ratis-server/0.4.0-2337318-SNAPSHOT/ratis-server-0.4.0-2337318-SNAPSHOT.jar:/home/user/.m2/repository/org/apache/ratis/ratis-thirdparty-misc/0.2.0/ratis-thirdparty-misc-0.2.0.jar:/home/user/.m2/repository/org/apache/ratis/ratis-proto/0.4.0-2337318-SNAPSHOT/ratis-proto-0.4.0-2337318-SNAPSHOT.jar:/home/user/.m2/repository/org/apache/ratis/ratis-common/0.4.0-2337318-SNAPSHOT/ratis-common-0.4.0-2337318-SNAPSHOT.jar:/home/user/.m2/repository/org/apache/ratis/ratis-client/0.4.0-2337318-SNAPSHOT/ratis-client-0.4.0-2337318-SNAPSHOT.jar:/home/user/.m2/repository/org/apache/ratis/ratis-metrics/0.4.0-2337318-SNAPSHOT/ratis-metrics-0.4.0-2337318-SNAPSHOT.jar:/home/user/.m2/repository/org/apache/ratis/ratis-netty/0.4.0-2337318-SNAPSHOT/ratis-netty-0.4.0-2337318-SNAPSHOT.jar:/home/user/.m2/repository/org/apache/ratis/ratis-grpc/0.4.0-2337318-SNAPSHOT/ratis-grpc-0.4.0-2337318-SNAPSHOT.jar:/home/user/.m2/repository/org/rocksdb/rocksdbjni/6.0.1/rocksdbjni-6.0.1.jar:/home/user/.m2/repository/org/apache/logging/log4j/log4j-api/2.11.0/log4j-api-2.11.0.jar:/home/user/.m2/repository/org/apache/logging/log4j/log4j-core/2.11.0/log4j-core-2.11.0.jar:/home/user/.m2/repository/com/lmax/disruptor/3.4.2/disruptor-3.4.2.jar:/home/user/.m2/repository/org/apache/commons/commons-pool2/2.6.0/commons-pool2-2.6.0.jar:/home/user/.m2/repository/org/bouncycastle/bcpkix-jdk15on/1.60/bcpkix-jdk15on-1.60.jar:/home/user/.m2/repository/commons-validator/commons-validator/1.6/commons-validator-1.6.jar:/home/user/.m2/repository/commons-digester/commons-digester/1.8.1/commons-digester-1.8.1.jar:/home/user/.m2/repository/io/jaegertracing/jaeger-client/0.33.1/jaeger-client-0.33.1.jar:/home/user/.m2/repository/io/jaegertracing/jaeger-thrift/0.33.1/jaeger-thrift-0.33.1.jar:/home/user/.m2/repository/org/apache/thrift/libthrift/0.11.0/libthrift-0.11.0.jar:/home/user/.m2/repository/com/squareup/okhttp3/okhttp/3.9.0/okhttp-3.9.0.jar:/home/user/.m2/repository/com/squareup/okio/okio/1.13.0/okio-1.13.0.jar:/home/user/.m2/repository/io/jaegertracing/jaeger-core/0.33.1/jaeger-core-0.33.1.jar:/home/user/.m2/repository/io/jaegertracing/jaeger-tracerresolver/0.33.1/jaeger-tracerresolver-0.33.1.jar:/home/user/.m2/repository/io/opentracing/contrib/opentracing-tracerresolver/0.1.5/opentracing-tracerresolver-0.1.5.jar:/home/user/.m2/repository/io/opentracing/opentracing-util/0.31.0/opentracing-util-0.31.0.jar:/home/user/.m2/repository/io/opentracing/opentracing-api/0.31.0/opentracing-api-0.31.0.jar:/home/user/.m2/repository/io/opentracing/opentracing-noop/0.31.0/opentracing-noop-0.31.0.jar:/home/user/.m2/repository/org/yaml/snakeyaml/1.16/snakeyaml-1.16.jar:/tmp/workdir/hadoop-hdds/container-service/target/classes:/tmp/workdir/hadoop-hdds/client/target/classes:/tmp/workdir/hadoop-hdds/tools/target/classes:/home/user/.m2/repository/org/xerial/sqlite-jdbc/3.25.2/sqlite-jdbc-3.25.2.jar:/tmp/workdir/hadoop-hdds/server-scm/target/classes:/home/user/.m2/repository/org/hamcrest/hamcrest-all/1.3/hamcrest-all-1.3.jar:/home/user/.m2/repository/info/picocli/picocli/3.9.6/picocli-3.9.6.jar:/home/user/.m2/repository/com/google/protobuf/protobuf-java/2.5.0/protobuf-java-2.5.0.jar:/home/user/.m2/repository/com/google/guava/guava/11.0.2/guava-11.0.2.jar:/tmp/workdir/hadoop-ozone/client/target/classes:/home/user/.m2/repository/org/apache/hadoop/hadoop-ozone-filesystem/0.5.0-SNAPSHOT/hadoop-ozone-filesystem-0.5.0-SNAPSHOT.jar:/tmp/workdir/hadoop-hdds/framework/target/classes:/home/user/.m2/repository/org/apache/hadoop/hadoop-common/3.2.0/hadoop-common-3.2.0.jar:/home/user/.m2/repository/org/apache/hadoop/hadoop-annotations/3.2.0/hadoop-annotations-3.2.0.jar:/usr/lib/jvm/java-1.8-openjdk/jre/../lib/tools.jar:/home/user/.m2/repository/commons-cli/commons-cli/1.2/commons-cli-1.2.jar:/home/user/.m2/repository/org/apache/commons/commons-math3/3.1.1/commons-math3-3.1.1.jar:/home/user/.m2/repository/org/apache/httpcomponents/httpclient/4.5.2/httpclient-4.5.2.jar:/home/user/.m2/repository/org/apache/httpcomponents/httpcore/4.4.4/httpcore-4.4.4.jar:/home/user/.m2/repository/commons-codec/commons-codec/1.11/commons-codec-1.11.jar:/home/user/.m2/repository/commons-io/commons-io/2.5/commons-io-2.5.jar:/home/user/.m2/repository/commons-net/commons-net/3.6/commons-net-3.6.jar:/home/user/.m2/repository/commons-collections/commons-collections/3.2.2/commons-collections-3.2.2.jar:/home/user/.m2/repository/javax/servlet/javax.servlet-api/3.1.0/javax.servlet-api-3.1.0.jar:/home/user/.m2/repository/org/eclipse/jetty/jetty-server/9.3.24.v20180605/jetty-server-9.3.24.v20180605.jar:/home/user/.m2/repository/org/eclipse/jetty/jetty-http/9.3.24.v20180605/jetty-http-9.3.24.v20180605.jar:/home/user/.m2/repository/org/eclipse/jetty/jetty-io/9.3.24.v20180605/jetty-io-9.3.24.v20180605.jar:/home/user/.m2/repository/org/eclipse/jetty/jetty-util/9.3.24.v20180605/jetty-util-9.3.24.v20180605.jar:/home/user/.m2/repository/org/eclipse/jetty/jetty-servlet/9.3.24.v20180605/jetty-servlet-9.3.24.v20180605.jar:/home/user/.m2/repository/org/eclipse/jetty/jetty-security/9.3.24.v20180605/jetty-security-9.3.24.v20180605.jar:/home/user/.m2/repository/org/eclipse/jetty/jetty-webapp/9.3.24.v20180605/jetty-webapp-9.3.24.v20180605.jar:/home/user/.m2/repository/org/eclipse/jetty/jetty-xml/9.3.24.v20180605/jetty-xml-9.3.24.v20180605.jar:/home/user/.m2/repository/javax/servlet/jsp/jsp-api/2.1/jsp-api-2.1.jar:/home/user/.m2/repository/com/sun/jersey/jersey-core/1.19/jersey-core-1.19.jar:/home/user/.m2/repository/javax/ws/rs/jsr311-api/1.1.1/jsr311-api-1.1.1.jar:/home/user/.m2/repository/com/sun/jersey/jersey-servlet/1.19/jersey-servlet-1.19.jar:/home/user/.m2/repository/com/sun/jersey/jersey-json/1.19/jersey-json-1.19.jar:/home/user/.m2/repository/org/codehaus/jettison/jettison/1.1/jettison-1.1.jar:/home/user/.m2/repository/com/sun/xml/bind/jaxb-impl/2.3.0.1/jaxb-impl-2.3.0.1.jar:/home/user/.m2/repository/org/codehaus/jackson/jackson-core-asl/1.9.13/jackson-core-asl-1.9.13.jar:/home/user/.m2/repository/org/codehaus/jackson/jackson-mapper-asl/1.9.13/jackson-mapper-asl-1.9.13.jar:/home/user/.m2/repository/org/codehaus/jackson/jackson-jaxrs/1.9.13/jackson-jaxrs-1.9.13.jar:/home/user/.m2/repository/org/codehaus/jackson/jackson-xc/1.9.13/jackson-xc-1.9.13.jar:/home/user/.m2/repository/com/sun/jersey/jersey-server/1.19/jersey-server-1.19.jar:/home/user/.m2/repository/commons-logging/commons-logging/1.1.3/commons-logging-1.1.3.jar:/home/user/.m2/repository/log4j/log4j/1.2.17/log4j-1.2.17.jar:/home/user/.m2/repository/commons-beanutils/commons-beanutils/1.9.3/commons-beanutils-1.9.3.jar:/home/user/.m2/repository/org/apache/commons/commons-configuration2/2.1.1/commons-configuration2-2.1.1.jar:/home/user/.m2/repository/org/apache/commons/commons-lang3/3.7/commons-lang3-3.7.jar:/home/user/.m2/repository/org/apache/commons/commons-text/1.4/commons-text-1.4.jar:/home/user/.m2/repository/org/slf4j/slf4j-api/1.7.25/slf4j-api-1.7.25.jar:/home/user/.m2/repository/org/slf4j/slf4j-log4j12/1.7.25/slf4j-log4j12-1.7.25.jar:/home/user/.m2/repository/org/apache/avro/avro/1.7.7/avro-1.7.7.jar:/home/user/.m2/repository/com/thoughtworks/paranamer/paranamer/2.3/paranamer-2.3.jar:/home/user/.m2/repository/org/xerial/snappy/snappy-java/1.0.5/snappy-java-1.0.5.jar:/home/user/.m2/repository/com/google/re2j/re2j/1.1/re2j-1.1.jar:/home/user/.m2/repository/com/google/code/gson/gson/2.2.4/gson-2.2.4.jar:/home/user/.m2/repository/org/apache/hadoop/hadoop-auth/3.2.0/hadoop-auth-3.2.0.jar:/home/user/.m2/repository/com/nimbusds/nimbus-jose-jwt/4.41.1/nimbus-jose-jwt-4.41.1.jar:/home/user/.m2/repository/com/github/stephenc/jcip/jcip-annotations/1.0-1/jcip-annotations-1.0-1.jar:/home/user/.m2/repository/net/minidev/json-smart/2.3/json-smart-2.3.jar:/home/user/.m2/repository/net/minidev/accessors-smart/1.2/accessors-smart-1.2.jar:/home/user/.m2/repository/org/apache/curator/curator-framework/2.12.0/curator-framework-2.12.0.jar:/home/user/.m2/repository/com/jcraft/jsch/0.1.54/jsch-0.1.54.jar:/home/user/.m2/repository/org/apache/curator/curator-client/2.12.0/curator-client-2.12.0.jar:/home/user/.m2/repository/org/apache/curator/curator-recipes/2.12.0/curator-recipes-2.12.0.jar:/home/user/.m2/repository/com/google/code/findbugs/jsr305/3.0.0/jsr305-3.0.0.jar:/home/user/.m2/repository/org/apache/htrace/htrace-core4/4.1.0-incubating/htrace-core4-4.1.0-incubating.jar:/home/user/.m2/repository/org/apache/zookeeper/zookeeper/3.4.13/zookeeper-3.4.13.jar:/home/user/.m2/repository/org/apache/yetus/audience-annotations/0.5.0/audience-annotations-0.5.0.jar:/home/user/.m2/repository/org/apache/kerby/kerb-simplekdc/1.0.1/kerb-simplekdc-1.0.1.jar:/home/user/.m2/repository/org/apache/kerby/kerb-client/1.0.1/kerb-client-1.0.1.jar:/home/user/.m2/repository/org/apache/kerby/kerby-config/1.0.1/kerby-config-1.0.1.jar:/home/user/.m2/repository/org/apache/kerby/kerb-core/1.0.1/kerb-core-1.0.1.jar:/home/user/.m2/repository/org/apache/kerby/kerby-pkix/1.0.1/kerby-pkix-1.0.1.jar:/home/user/.m2/repository/org/apache/kerby/kerby-asn1/1.0.1/kerby-asn1-1.0.1.jar:/home/user/.m2/repository/org/apache/kerby/kerby-util/1.0.1/kerby-util-1.0.1.jar:/home/user/.m2/repository/org/apache/kerby/kerb-common/1.0.1/kerb-common-1.0.1.jar:/home/user/.m2/repository/org/apache/kerby/kerb-crypto/1.0.1/kerb-crypto-1.0.1.jar:/home/user/.m2/repository/org/apache/kerby/kerb-util/1.0.1/kerb-util-1.0.1.jar:/home/user/.m2/repository/org/apache/kerby/token-provider/1.0.1/token-provider-1.0.1.jar:/home/user/.m2/repository/org/apache/kerby/kerb-admin/1.0.1/kerb-admin-1.0.1.jar:/home/user/.m2/repository/org/apache/kerby/kerb-server/1.0.1/kerb-server-1.0.1.jar:/home/user/.m2/repository/org/apache/kerby/kerb-identity/1.0.1/kerb-identity-1.0.1.jar:/home/user/.m2/repository/org/apache/kerby/kerby-xdr/1.0.1/kerby-xdr-1.0.1.jar:/home/user/.m2/repository/com/fasterxml/jackson/core/jackson-databind/2.9.5/jackson-databind-2.9.5.jar:/home/user/.m2/repository/com/fasterxml/jackson/core/jackson-core/2.9.5/jackson-core-2.9.5.jar:/home/user/.m2/repository/org/codehaus/woodstox/stax2-api/3.1.4/stax2-api-3.1.4.jar:/home/user/.m2/repository/com/fasterxml/woodstox/woodstox-core/5.0.3/woodstox-core-5.0.3.jar:/home/user/.m2/repository/dnsjava/dnsjava/2.1.7/dnsjava-2.1.7.jar:/home/user/.m2/repository/org/apache/hadoop/hadoop-hdfs/3.2.0/hadoop-hdfs-3.2.0.jar:/home/user/.m2/repository/org/eclipse/jetty/jetty-util-ajax/9.3.24.v20180605/jetty-util-ajax-9.3.24.v20180605.jar:/home/user/.m2/repository/commons-daemon/commons-daemon/1.0.13/commons-daemon-1.0.13.jar:/home/user/.m2/repository/io/netty/netty/3.10.5.Final/netty-3.10.5.Final.jar:/home/user/.m2/repository/io/netty/netty-all/4.0.52.Final/netty-all-4.0.52.Final.jar:/home/user/.m2/repository/org/fusesource/leveldbjni/leveldbjni-all/1.8/leveldbjni-all-1.8.jar:/home/user/.m2/repository/com/sun/xml/bind/jaxb-core/2.3.0.1/jaxb-core-2.3.0.1.jar:/home/user/.m2/repository/javax/xml/bind/jaxb-api/2.3.0/jaxb-api-2.3.0.jar:/home/user/.m2/repository/javax/activation/activation/1.1.1/activation-1.1.1.jar:/home/user/.m2/repository/io/dropwizard/metrics/metrics-core/3.2.4/metrics-core-3.2.4.jar:/home/user/.m2/repository/org/openjdk/jmh/jmh-core/1.19/jmh-core-1.19.jar:/home/user/.m2/repository/net/sf/jopt-simple/jopt-simple/4.6/jopt-simple-4.6.jar:/home/user/.m2/repository/org/openjdk/jmh/jmh-generator-annprocess/1.19/jmh-generator-annprocess-1.19.jar:/home/user/.m2/repository/com/google/code/findbugs/findbugs/3.0.1/findbugs-3.0.1.jar:/home/user/.m2/repository/net/jcip/jcip-annotations/1.0/jcip-annotations-1.0.jar:/home/user/.m2/repository/com/google/code/findbugs/bcel-findbugs/6.0/bcel-findbugs-6.0.jar:/home/user/.m2/repository/com/google/code/findbugs/jFormatString/2.0.1/jFormatString-2.0.1.jar:/home/user/.m2/repository/dom4j/dom4j/1.6.1/dom4j-1.6.1.jar:/home/user/.m2/repository/xml-apis/xml-apis/1.0.b2/xml-apis-1.0.b2.jar:/home/user/.m2/repository/org/ow2/asm/asm-debug-all/5.0.2/asm-debug-all-5.0.2.jar:/home/user/.m2/repository/org/ow2/asm/asm-commons/5.0.2/asm-commons-5.0.2.jar:/home/user/.m2/repository/org/ow2/asm/asm-tree/5.0.2/asm-tree-5.0.2.jar:/home/user/.m2/repository/org/ow2/asm/asm/5.0.4/asm-5.0.4.jar:/home/user/.m2/repository/commons-lang/commons-lang/2.6/commons-lang-2.6.jar:/home/user/.m2/repository/com/apple/AppleJavaExtensions/1.4/AppleJavaExtensions-1.4.jar:/home/user/.m2/repository/jaxen/jaxen/1.1.6/jaxen-1.1.6.jar:/home/user/.m2/repository/junit/junit/4.11/junit-4.11.jar:/home/user/.m2/repository/org/hamcrest/hamcrest-core/1.3/hamcrest-core-1.3.jar:/home/user/.m2/repository/org/apache/hadoop/hadoop-common/3.2.0/hadoop-common-3.2.0-tests.jar:/home/user/.m2/repository/org/apache/hadoop/hadoop-ozone-integration-test/0.5.0-SNAPSHOT/hadoop-ozone-integration-test-0.5.0-SNAPSHOT-tests.jar:/tmp/workdir/hadoop-ozone/objectstore-service/target/classes:/tmp/workdir/hadoop-ozone/s3gateway/target/classes:/home/user/.m2/repository/org/jboss/weld/servlet/weld-servlet/2.4.7.Final/weld-servlet-2.4.7.Final.jar:/home/user/.m2/repository/org/glassfish/jersey/containers/jersey-container-servlet-core/2.27/jersey-container-servlet-core-2.27.jar:/home/user/.m2/repository/org/glassfish/hk2/external/javax.inject/2.5.0-b42/javax.inject-2.5.0-b42.jar:/home/user/.m2/repository/org/glassfish/jersey/core/jersey-common/2.27/jersey-common-2.27.jar:/home/user/.m2/repository/org/glassfish/hk2/osgi-resource-locator/1.0.1/osgi-resource-locator-1.0.1.jar:/home/user/.m2/repository/javax/ws/rs/javax.ws.rs-api/2.1/javax.ws.rs-api-2.1.jar:/home/user/.m2/repository/org/glassfish/jersey/ext/cdi/jersey-cdi1x/2.27/jersey-cdi1x-2.27.jar:/home/user/.m2/repository/org/glassfish/jersey/inject/jersey-hk2/2.27/jersey-hk2-2.27.jar:/home/user/.m2/repository/org/glassfish/hk2/hk2-locator/2.5.0-b42/hk2-locator-2.5.0-b42.jar:/home/user/.m2/repository/org/javassist/javassist/3.22.0-CR2/javassist-3.22.0-CR2.jar:/home/user/.m2/repository/org/glassfish/hk2/hk2-api/2.5.0/hk2-api-2.5.0.jar:/home/user/.m2/repository/org/glassfish/hk2/external/jakarta.inject/2.5.0/jakarta.inject-2.5.0.jar:/home/user/.m2/repository/org/glassfish/hk2/hk2-utils/2.5.0/hk2-utils-2.5.0.jar:/home/user/.m2/repository/jakarta/annotation/jakarta.annotation-api/1.3.4/jakarta.annotation-api-1.3.4.jar:/home/user/.m2/repository/org/glassfish/hk2/external/aopalliance-repackaged/2.5.0/aopalliance-repackaged-2.5.0.jar:/home/user/.m2/repository/com/fasterxml/jackson/dataformat/jackson-dataformat-xml/2.9.0/jackson-dataformat-xml-2.9.0.jar:/home/user/.m2/repository/com/fasterxml/jackson/module/jackson-module-jaxb-annotations/2.9.5/jackson-module-jaxb-annotations-2.9.5.jar:/home/user/.m2/repository/javax/enterprise/cdi-api/1.2/cdi-api-1.2.jar:/home/user/.m2/repository/javax/el/javax.el-api/3.0.0/javax.el-api-3.0.0.jar:/home/user/.m2/repository/javax/interceptor/javax.interceptor-api/1.2/javax.interceptor-api-1.2.jar:/home/user/.m2/repository/javax/inject/javax.inject/1/javax.inject-1.jar:/tmp/workdir/hadoop-ozone/csi/target/classes:/home/user/.m2/repository/com/google/protobuf/protobuf-java-util/3.5.1/protobuf-java-util-3.5.1.jar:/home/user/.m2/repository/io/grpc/grpc-netty/1.17.1/grpc-netty-1.17.1.jar:/home/user/.m2/repository/io/grpc/grpc-core/1.17.1/grpc-core-1.17.1.jar:/home/user/.m2/repository/io/grpc/grpc-context/1.17.1/grpc-context-1.17.1.jar:/home/user/.m2/repository/com/google/errorprone/error_prone_annotations/2.2.0/error_prone_annotations-2.2.0.jar:/home/user/.m2/repository/org/codehaus/mojo/animal-sniffer-annotations/1.17/animal-sniffer-annotations-1.17.jar:/home/user/.m2/repository/io/opencensus/opencensus-api/0.17.0/opencensus-api-0.17.0.jar:/home/user/.m2/repository/io/opencensus/opencensus-contrib-grpc-metrics/0.17.0/opencensus-contrib-grpc-metrics-0.17.0.jar:/home/user/.m2/repository/io/netty/netty-codec-http2/4.1.30.Final/netty-codec-http2-4.1.30.Final.jar:/home/user/.m2/repository/io/netty/netty-codec-http/4.1.30.Final/netty-codec-http-4.1.30.Final.jar:/home/user/.m2/repository/io/netty/netty-codec/4.1.30.Final/netty-codec-4.1.30.Final.jar:/home/user/.m2/repository/io/netty/netty-handler/4.1.30.Final/netty-handler-4.1.30.Final.jar:/home/user/.m2/repository/io/netty/netty-handler-proxy/4.1.30.Final/netty-handler-proxy-4.1.30.Final.jar:/home/user/.m2/repository/io/netty/netty-codec-socks/4.1.30.Final/netty-codec-socks-4.1.30.Final.jar:/home/user/.m2/repository/io/netty/netty-transport-native-epoll/4.1.30.Final/netty-transport-native-epoll-4.1.30.Final.jar:/home/user/.m2/repository/io/netty/netty-common/4.1.30.Final/netty-common-4.1.30.Final.jar:/home/user/.m2/repository/io/netty/netty-buffer/4.1.30.Final/netty-buffer-4.1.30.Final.jar:/home/user/.m2/repository/io/netty/netty-transport/4.1.30.Final/netty-transport-4.1.30.Final.jar:/home/user/.m2/repository/io/netty/netty-resolver/4.1.30.Final/netty-resolver-4.1.30.Final.jar:/home/user/.m2/repository/io/netty/netty-transport-native-unix-common/4.1.30.Final/netty-transport-native-unix-common-4.1.30.Final.jar:/home/user/.m2/repository/io/grpc/grpc-protobuf/1.17.1/grpc-protobuf-1.17.1.jar:/home/user/.m2/repository/com/google/api/grpc/proto-google-common-protos/1.0.0/proto-google-common-protos-1.0.0.jar:/home/user/.m2/repository/io/grpc/grpc-protobuf-lite/1.17.1/grpc-protobuf-lite-1.17.1.jar:/home/user/.m2/repository/io/grpc/grpc-stub/1.17.1/grpc-stub-1.17.1.jar:/tmp/workdir/hadoop-ozone/ozone-recon/target/classes:/tmp/workdir/hadoop-ozone/ozone-recon-codegen/target/classes:/home/user/.m2/repository/com/google/inject/extensions/guice-multibindings/4.0/guice-multibindings-4.0.jar:/home/user/.m2/repository/com/google/inject/guice/4.0/guice-4.0.jar:/home/user/.m2/repository/aopalliance/aopalliance/1.0/aopalliance-1.0.jar:/home/user/.m2/repository/com/google/inject/extensions/guice-servlet/4.0/guice-servlet-4.0.jar:/home/user/.m2/repository/org/glassfish/jersey/containers/jersey-container-servlet/2.27/jersey-container-servlet-2.27.jar:/home/user/.m2/repository/org/glassfish/hk2/guice-bridge/2.5.0/guice-bridge-2.5.0.jar:/home/user/.m2/repository/org/glassfish/jersey/core/jersey-server/2.27/jersey-server-2.27.jar:/home/user/.m2/repository/org/glassfish/jersey/core/jersey-client/2.27/jersey-client-2.27.jar:/home/user/.m2/repository/org/glassfish/jersey/media/jersey-media-jaxb/2.27/jersey-media-jaxb-2.27.jar:/home/user/.m2/repository/javax/validation/validation-api/1.1.0.Final/validation-api-1.1.0.Final.jar:/home/user/.m2/repository/org/glassfish/jersey/media/jersey-media-json-jackson/2.27/jersey-media-json-jackson-2.27.jar:/home/user/.m2/repository/org/glassfish/jersey/ext/jersey-entity-filtering/2.27/jersey-entity-filtering-2.27.jar:/home/user/.m2/repository/com/google/inject/extensions/guice-assistedinject/4.0/guice-assistedinject-4.0.jar:/home/user/.m2/repository/org/jooq/jooq/3.11.10/jooq-3.11.10.jar:/home/user/.m2/repository/org/jooq/jooq-meta/3.11.10/jooq-meta-3.11.10.jar:/home/user/.m2/repository/org/jooq/jooq-codegen/3.11.10/jooq-codegen-3.11.10.jar:/home/user/.m2/repository/com/jolbox/bonecp/0.8.0.RELEASE/bonecp-0.8.0.RELEASE.jar:/home/user/.m2/repository/org/springframework/spring-jdbc/5.1.3.RELEASE/spring-jdbc-5.1.3.RELEASE.jar:/home/user/.m2/repository/org/springframework/spring-beans/5.1.3.RELEASE/spring-beans-5.1.3.RELEASE.jar:/home/user/.m2/repository/org/springframework/spring-core/5.1.3.RELEASE/spring-core-5.1.3.RELEASE.jar:/home/user/.m2/repository/org/springframework/spring-jcl/5.1.3.RELEASE/spring-jcl-5.1.3.RELEASE.jar:/home/user/.m2/repository/org/springframework/spring-tx/5.1.3.RELEASE/spring-tx-5.1.3.RELEASE.jar:/home/user/.m2/repository/org/mockito/mockito-core/2.15.0/mockito-core-2.15.0.jar:/home/user/.m2/repository/net/bytebuddy/byte-buddy/1.7.9/byte-buddy-1.7.9.jar:/home/user/.m2/repository/net/bytebuddy/byte-buddy-agent/1.7.9/byte-buddy-agent-1.7.9.jar:/home/user/.m2/repository/org/objenesis/objenesis/1.0/objenesis-1.0.jar:"/>
    <property name="java.vm.vendor" value="IcedTea"/>
    <property name="sun.arch.data.model" value="64"/>
    <property name="test.build.dir" value="/tmp/workdir/hadoop-ozone/tools/target/test-dir"/>
    <property name="test.cache.data" value=""/>
    <property name="java.vendor.url" value="https://icedtea.classpath.org"/>
    <property name="user.timezone" value=""/>
    <property name="java.vm.specification.version" value="1.8"/>
    <property name="os.name" value="Linux"/>
    <property name="test.build.data" value="/tmp/workdir/hadoop-ozone/tools/target/test-dir"/>
    <property name="user.country" value="US"/>
    <property name="sun.java.launcher" value="SUN_STANDARD"/>
    <property name="sun.boot.library.path" value="/usr/lib/jvm/java-1.8-openjdk/jre/lib/amd64"/>
    <property name="sun.java.command" value="/tmp/workdir/hadoop-ozone/tools/target/surefire/surefirebooter2972057183371282437.jar /tmp/workdir/hadoop-ozone/tools/target/surefire 2019-07-12T12-17-16_835-jvmRun1 surefire4217786234716173605tmp surefire_1033886665105944517298tmp"/>
    <property name="surefire.test.class.path" value="/tmp/workdir/hadoop-ozone/tools/target/test-classes:/tmp/workdir/hadoop-ozone/tools/target/classes:/tmp/workdir/hadoop-ozone/ozone-manager/target/classes:/tmp/workdir/hadoop-hdds/docs/target/classes:/home/user/.m2/repository/org/bouncycastle/bcprov-jdk15on/1.60/bcprov-jdk15on-1.60.jar:/tmp/workdir/hadoop-ozone/common/target/classes:/home/user/.m2/repository/org/apache/commons/commons-compress/1.4.1/commons-compress-1.4.1.jar:/home/user/.m2/repository/org/tukaani/xz/1.0/xz-1.0.jar:/home/user/.m2/repository/org/apache/hadoop/hadoop-hdfs-client/3.2.0/hadoop-hdfs-client-3.2.0.jar:/home/user/.m2/repository/com/fasterxml/jackson/core/jackson-annotations/2.9.5/jackson-annotations-2.9.5.jar:/tmp/workdir/hadoop-hdds/common/target/classes:/tmp/workdir/hadoop-hdds/config/target/classes:/home/user/.m2/repository/javax/annotation/javax.annotation-api/1.2/javax.annotation-api-1.2.jar:/home/user/.m2/repository/org/apache/ratis/ratis-server/0.4.0-2337318-SNAPSHOT/ratis-server-0.4.0-2337318-SNAPSHOT.jar:/home/user/.m2/repository/org/apache/ratis/ratis-thirdparty-misc/0.2.0/ratis-thirdparty-misc-0.2.0.jar:/home/user/.m2/repository/org/apache/ratis/ratis-proto/0.4.0-2337318-SNAPSHOT/ratis-proto-0.4.0-2337318-SNAPSHOT.jar:/home/user/.m2/repository/org/apache/ratis/ratis-common/0.4.0-2337318-SNAPSHOT/ratis-common-0.4.0-2337318-SNAPSHOT.jar:/home/user/.m2/repository/org/apache/ratis/ratis-client/0.4.0-2337318-SNAPSHOT/ratis-client-0.4.0-2337318-SNAPSHOT.jar:/home/user/.m2/repository/org/apache/ratis/ratis-metrics/0.4.0-2337318-SNAPSHOT/ratis-metrics-0.4.0-2337318-SNAPSHOT.jar:/home/user/.m2/repository/org/apache/ratis/ratis-netty/0.4.0-2337318-SNAPSHOT/ratis-netty-0.4.0-2337318-SNAPSHOT.jar:/home/user/.m2/repository/org/apache/ratis/ratis-grpc/0.4.0-2337318-SNAPSHOT/ratis-grpc-0.4.0-2337318-SNAPSHOT.jar:/home/user/.m2/repository/org/rocksdb/rocksdbjni/6.0.1/rocksdbjni-6.0.1.jar:/home/user/.m2/repository/org/apache/logging/log4j/log4j-api/2.11.0/log4j-api-2.11.0.jar:/home/user/.m2/repository/org/apache/logging/log4j/log4j-core/2.11.0/log4j-core-2.11.0.jar:/home/user/.m2/repository/com/lmax/disruptor/3.4.2/disruptor-3.4.2.jar:/home/user/.m2/repository/org/apache/commons/commons-pool2/2.6.0/commons-pool2-2.6.0.jar:/home/user/.m2/repository/org/bouncycastle/bcpkix-jdk15on/1.60/bcpkix-jdk15on-1.60.jar:/home/user/.m2/repository/commons-validator/commons-validator/1.6/commons-validator-1.6.jar:/home/user/.m2/repository/commons-digester/commons-digester/1.8.1/commons-digester-1.8.1.jar:/home/user/.m2/repository/io/jaegertracing/jaeger-client/0.33.1/jaeger-client-0.33.1.jar:/home/user/.m2/repository/io/jaegertracing/jaeger-thrift/0.33.1/jaeger-thrift-0.33.1.jar:/home/user/.m2/repository/org/apache/thrift/libthrift/0.11.0/libthrift-0.11.0.jar:/home/user/.m2/repository/com/squareup/okhttp3/okhttp/3.9.0/okhttp-3.9.0.jar:/home/user/.m2/repository/com/squareup/okio/okio/1.13.0/okio-1.13.0.jar:/home/user/.m2/repository/io/jaegertracing/jaeger-core/0.33.1/jaeger-core-0.33.1.jar:/home/user/.m2/repository/io/jaegertracing/jaeger-tracerresolver/0.33.1/jaeger-tracerresolver-0.33.1.jar:/home/user/.m2/repository/io/opentracing/contrib/opentracing-tracerresolver/0.1.5/opentracing-tracerresolver-0.1.5.jar:/home/user/.m2/repository/io/opentracing/opentracing-util/0.31.0/opentracing-util-0.31.0.jar:/home/user/.m2/repository/io/opentracing/opentracing-api/0.31.0/opentracing-api-0.31.0.jar:/home/user/.m2/repository/io/opentracing/opentracing-noop/0.31.0/opentracing-noop-0.31.0.jar:/home/user/.m2/repository/org/yaml/snakeyaml/1.16/snakeyaml-1.16.jar:/tmp/workdir/hadoop-hdds/container-service/target/classes:/tmp/workdir/hadoop-hdds/client/target/classes:/tmp/workdir/hadoop-hdds/tools/target/classes:/home/user/.m2/repository/org/xerial/sqlite-jdbc/3.25.2/sqlite-jdbc-3.25.2.jar:/tmp/workdir/hadoop-hdds/server-scm/target/classes:/home/user/.m2/repository/org/hamcrest/hamcrest-all/1.3/hamcrest-all-1.3.jar:/home/user/.m2/repository/info/picocli/picocli/3.9.6/picocli-3.9.6.jar:/home/user/.m2/repository/com/google/protobuf/protobuf-java/2.5.0/protobuf-java-2.5.0.jar:/home/user/.m2/repository/com/google/guava/guava/11.0.2/guava-11.0.2.jar:/tmp/workdir/hadoop-ozone/client/target/classes:/home/user/.m2/repository/org/apache/hadoop/hadoop-ozone-filesystem/0.5.0-SNAPSHOT/hadoop-ozone-filesystem-0.5.0-SNAPSHOT.jar:/tmp/workdir/hadoop-hdds/framework/target/classes:/home/user/.m2/repository/org/apache/hadoop/hadoop-common/3.2.0/hadoop-common-3.2.0.jar:/home/user/.m2/repository/org/apache/hadoop/hadoop-annotations/3.2.0/hadoop-annotations-3.2.0.jar:/usr/lib/jvm/java-1.8-openjdk/jre/../lib/tools.jar:/home/user/.m2/repository/commons-cli/commons-cli/1.2/commons-cli-1.2.jar:/home/user/.m2/repository/org/apache/commons/commons-math3/3.1.1/commons-math3-3.1.1.jar:/home/user/.m2/repository/org/apache/httpcomponents/httpclient/4.5.2/httpclient-4.5.2.jar:/home/user/.m2/repository/org/apache/httpcomponents/httpcore/4.4.4/httpcore-4.4.4.jar:/home/user/.m2/repository/commons-codec/commons-codec/1.11/commons-codec-1.11.jar:/home/user/.m2/repository/commons-io/commons-io/2.5/commons-io-2.5.jar:/home/user/.m2/repository/commons-net/commons-net/3.6/commons-net-3.6.jar:/home/user/.m2/repository/commons-collections/commons-collections/3.2.2/commons-collections-3.2.2.jar:/home/user/.m2/repository/javax/servlet/javax.servlet-api/3.1.0/javax.servlet-api-3.1.0.jar:/home/user/.m2/repository/org/eclipse/jetty/jetty-server/9.3.24.v20180605/jetty-server-9.3.24.v20180605.jar:/home/user/.m2/repository/org/eclipse/jetty/jetty-http/9.3.24.v20180605/jetty-http-9.3.24.v20180605.jar:/home/user/.m2/repository/org/eclipse/jetty/jetty-io/9.3.24.v20180605/jetty-io-9.3.24.v20180605.jar:/home/user/.m2/repository/org/eclipse/jetty/jetty-util/9.3.24.v20180605/jetty-util-9.3.24.v20180605.jar:/home/user/.m2/repository/org/eclipse/jetty/jetty-servlet/9.3.24.v20180605/jetty-servlet-9.3.24.v20180605.jar:/home/user/.m2/repository/org/eclipse/jetty/jetty-security/9.3.24.v20180605/jetty-security-9.3.24.v20180605.jar:/home/user/.m2/repository/org/eclipse/jetty/jetty-webapp/9.3.24.v20180605/jetty-webapp-9.3.24.v20180605.jar:/home/user/.m2/repository/org/eclipse/jetty/jetty-xml/9.3.24.v20180605/jetty-xml-9.3.24.v20180605.jar:/home/user/.m2/repository/javax/servlet/jsp/jsp-api/2.1/jsp-api-2.1.jar:/home/user/.m2/repository/com/sun/jersey/jersey-core/1.19/jersey-core-1.19.jar:/home/user/.m2/repository/javax/ws/rs/jsr311-api/1.1.1/jsr311-api-1.1.1.jar:/home/user/.m2/repository/com/sun/jersey/jersey-servlet/1.19/jersey-servlet-1.19.jar:/home/user/.m2/repository/com/sun/jersey/jersey-json/1.19/jersey-json-1.19.jar:/home/user/.m2/repository/org/codehaus/jettison/jettison/1.1/jettison-1.1.jar:/home/user/.m2/repository/com/sun/xml/bind/jaxb-impl/2.3.0.1/jaxb-impl-2.3.0.1.jar:/home/user/.m2/repository/org/codehaus/jackson/jackson-core-asl/1.9.13/jackson-core-asl-1.9.13.jar:/home/user/.m2/repository/org/codehaus/jackson/jackson-mapper-asl/1.9.13/jackson-mapper-asl-1.9.13.jar:/home/user/.m2/repository/org/codehaus/jackson/jackson-jaxrs/1.9.13/jackson-jaxrs-1.9.13.jar:/home/user/.m2/repository/org/codehaus/jackson/jackson-xc/1.9.13/jackson-xc-1.9.13.jar:/home/user/.m2/repository/com/sun/jersey/jersey-server/1.19/jersey-server-1.19.jar:/home/user/.m2/repository/commons-logging/commons-logging/1.1.3/commons-logging-1.1.3.jar:/home/user/.m2/repository/log4j/log4j/1.2.17/log4j-1.2.17.jar:/home/user/.m2/repository/commons-beanutils/commons-beanutils/1.9.3/commons-beanutils-1.9.3.jar:/home/user/.m2/repository/org/apache/commons/commons-configuration2/2.1.1/commons-configuration2-2.1.1.jar:/home/user/.m2/repository/org/apache/commons/commons-lang3/3.7/commons-lang3-3.7.jar:/home/user/.m2/repository/org/apache/commons/commons-text/1.4/commons-text-1.4.jar:/home/user/.m2/repository/org/slf4j/slf4j-api/1.7.25/slf4j-api-1.7.25.jar:/home/user/.m2/repository/org/slf4j/slf4j-log4j12/1.7.25/slf4j-log4j12-1.7.25.jar:/home/user/.m2/repository/org/apache/avro/avro/1.7.7/avro-1.7.7.jar:/home/user/.m2/repository/com/thoughtworks/paranamer/paranamer/2.3/paranamer-2.3.jar:/home/user/.m2/repository/org/xerial/snappy/snappy-java/1.0.5/snappy-java-1.0.5.jar:/home/user/.m2/repository/com/google/re2j/re2j/1.1/re2j-1.1.jar:/home/user/.m2/repository/com/google/code/gson/gson/2.2.4/gson-2.2.4.jar:/home/user/.m2/repository/org/apache/hadoop/hadoop-auth/3.2.0/hadoop-auth-3.2.0.jar:/home/user/.m2/repository/com/nimbusds/nimbus-jose-jwt/4.41.1/nimbus-jose-jwt-4.41.1.jar:/home/user/.m2/repository/com/github/stephenc/jcip/jcip-annotations/1.0-1/jcip-annotations-1.0-1.jar:/home/user/.m2/repository/net/minidev/json-smart/2.3/json-smart-2.3.jar:/home/user/.m2/repository/net/minidev/accessors-smart/1.2/accessors-smart-1.2.jar:/home/user/.m2/repository/org/apache/curator/curator-framework/2.12.0/curator-framework-2.12.0.jar:/home/user/.m2/repository/com/jcraft/jsch/0.1.54/jsch-0.1.54.jar:/home/user/.m2/repository/org/apache/curator/curator-client/2.12.0/curator-client-2.12.0.jar:/home/user/.m2/repository/org/apache/curator/curator-recipes/2.12.0/curator-recipes-2.12.0.jar:/home/user/.m2/repository/com/google/code/findbugs/jsr305/3.0.0/jsr305-3.0.0.jar:/home/user/.m2/repository/org/apache/htrace/htrace-core4/4.1.0-incubating/htrace-core4-4.1.0-incubating.jar:/home/user/.m2/repository/org/apache/zookeeper/zookeeper/3.4.13/zookeeper-3.4.13.jar:/home/user/.m2/repository/org/apache/yetus/audience-annotations/0.5.0/audience-annotations-0.5.0.jar:/home/user/.m2/repository/org/apache/kerby/kerb-simplekdc/1.0.1/kerb-simplekdc-1.0.1.jar:/home/user/.m2/repository/org/apache/kerby/kerb-client/1.0.1/kerb-client-1.0.1.jar:/home/user/.m2/repository/org/apache/kerby/kerby-config/1.0.1/kerby-config-1.0.1.jar:/home/user/.m2/repository/org/apache/kerby/kerb-core/1.0.1/kerb-core-1.0.1.jar:/home/user/.m2/repository/org/apache/kerby/kerby-pkix/1.0.1/kerby-pkix-1.0.1.jar:/home/user/.m2/repository/org/apache/kerby/kerby-asn1/1.0.1/kerby-asn1-1.0.1.jar:/home/user/.m2/repository/org/apache/kerby/kerby-util/1.0.1/kerby-util-1.0.1.jar:/home/user/.m2/repository/org/apache/kerby/kerb-common/1.0.1/kerb-common-1.0.1.jar:/home/user/.m2/repository/org/apache/kerby/kerb-crypto/1.0.1/kerb-crypto-1.0.1.jar:/home/user/.m2/repository/org/apache/kerby/kerb-util/1.0.1/kerb-util-1.0.1.jar:/home/user/.m2/repository/org/apache/kerby/token-provider/1.0.1/token-provider-1.0.1.jar:/home/user/.m2/repository/org/apache/kerby/kerb-admin/1.0.1/kerb-admin-1.0.1.jar:/home/user/.m2/repository/org/apache/kerby/kerb-server/1.0.1/kerb-server-1.0.1.jar:/home/user/.m2/repository/org/apache/kerby/kerb-identity/1.0.1/kerb-identity-1.0.1.jar:/home/user/.m2/repository/org/apache/kerby/kerby-xdr/1.0.1/kerby-xdr-1.0.1.jar:/home/user/.m2/repository/com/fasterxml/jackson/core/jackson-databind/2.9.5/jackson-databind-2.9.5.jar:/home/user/.m2/repository/com/fasterxml/jackson/core/jackson-core/2.9.5/jackson-core-2.9.5.jar:/home/user/.m2/repository/org/codehaus/woodstox/stax2-api/3.1.4/stax2-api-3.1.4.jar:/home/user/.m2/repository/com/fasterxml/woodstox/woodstox-core/5.0.3/woodstox-core-5.0.3.jar:/home/user/.m2/repository/dnsjava/dnsjava/2.1.7/dnsjava-2.1.7.jar:/home/user/.m2/repository/org/apache/hadoop/hadoop-hdfs/3.2.0/hadoop-hdfs-3.2.0.jar:/home/user/.m2/repository/org/eclipse/jetty/jetty-util-ajax/9.3.24.v20180605/jetty-util-ajax-9.3.24.v20180605.jar:/home/user/.m2/repository/commons-daemon/commons-daemon/1.0.13/commons-daemon-1.0.13.jar:/home/user/.m2/repository/io/netty/netty/3.10.5.Final/netty-3.10.5.Final.jar:/home/user/.m2/repository/io/netty/netty-all/4.0.52.Final/netty-all-4.0.52.Final.jar:/home/user/.m2/repository/org/fusesource/leveldbjni/leveldbjni-all/1.8/leveldbjni-all-1.8.jar:/home/user/.m2/repository/com/sun/xml/bind/jaxb-core/2.3.0.1/jaxb-core-2.3.0.1.jar:/home/user/.m2/repository/javax/xml/bind/jaxb-api/2.3.0/jaxb-api-2.3.0.jar:/home/user/.m2/repository/javax/activation/activation/1.1.1/activation-1.1.1.jar:/home/user/.m2/repository/io/dropwizard/metrics/metrics-core/3.2.4/metrics-core-3.2.4.jar:/home/user/.m2/repository/org/openjdk/jmh/jmh-core/1.19/jmh-core-1.19.jar:/home/user/.m2/repository/net/sf/jopt-simple/jopt-simple/4.6/jopt-simple-4.6.jar:/home/user/.m2/repository/org/openjdk/jmh/jmh-generator-annprocess/1.19/jmh-generator-annprocess-1.19.jar:/home/user/.m2/repository/com/google/code/findbugs/findbugs/3.0.1/findbugs-3.0.1.jar:/home/user/.m2/repository/net/jcip/jcip-annotations/1.0/jcip-annotations-1.0.jar:/home/user/.m2/repository/com/google/code/findbugs/bcel-findbugs/6.0/bcel-findbugs-6.0.jar:/home/user/.m2/repository/com/google/code/findbugs/jFormatString/2.0.1/jFormatString-2.0.1.jar:/home/user/.m2/repository/dom4j/dom4j/1.6.1/dom4j-1.6.1.jar:/home/user/.m2/repository/xml-apis/xml-apis/1.0.b2/xml-apis-1.0.b2.jar:/home/user/.m2/repository/org/ow2/asm/asm-debug-all/5.0.2/asm-debug-all-5.0.2.jar:/home/user/.m2/repository/org/ow2/asm/asm-commons/5.0.2/asm-commons-5.0.2.jar:/home/user/.m2/repository/org/ow2/asm/asm-tree/5.0.2/asm-tree-5.0.2.jar:/home/user/.m2/repository/org/ow2/asm/asm/5.0.4/asm-5.0.4.jar:/home/user/.m2/repository/commons-lang/commons-lang/2.6/commons-lang-2.6.jar:/home/user/.m2/repository/com/apple/AppleJavaExtensions/1.4/AppleJavaExtensions-1.4.jar:/home/user/.m2/repository/jaxen/jaxen/1.1.6/jaxen-1.1.6.jar:/home/user/.m2/repository/junit/junit/4.11/junit-4.11.jar:/home/user/.m2/repository/org/hamcrest/hamcrest-core/1.3/hamcrest-core-1.3.jar:/home/user/.m2/repository/org/apache/hadoop/hadoop-common/3.2.0/hadoop-common-3.2.0-tests.jar:/home/user/.m2/repository/org/apache/hadoop/hadoop-ozone-integration-test/0.5.0-SNAPSHOT/hadoop-ozone-integration-test-0.5.0-SNAPSHOT-tests.jar:/tmp/workdir/hadoop-ozone/objectstore-service/target/classes:/tmp/workdir/hadoop-ozone/s3gateway/target/classes:/home/user/.m2/repository/org/jboss/weld/servlet/weld-servlet/2.4.7.Final/weld-servlet-2.4.7.Final.jar:/home/user/.m2/repository/org/glassfish/jersey/containers/jersey-container-servlet-core/2.27/jersey-container-servlet-core-2.27.jar:/home/user/.m2/repository/org/glassfish/hk2/external/javax.inject/2.5.0-b42/javax.inject-2.5.0-b42.jar:/home/user/.m2/repository/org/glassfish/jersey/core/jersey-common/2.27/jersey-common-2.27.jar:/home/user/.m2/repository/org/glassfish/hk2/osgi-resource-locator/1.0.1/osgi-resource-locator-1.0.1.jar:/home/user/.m2/repository/javax/ws/rs/javax.ws.rs-api/2.1/javax.ws.rs-api-2.1.jar:/home/user/.m2/repository/org/glassfish/jersey/ext/cdi/jersey-cdi1x/2.27/jersey-cdi1x-2.27.jar:/home/user/.m2/repository/org/glassfish/jersey/inject/jersey-hk2/2.27/jersey-hk2-2.27.jar:/home/user/.m2/repository/org/glassfish/hk2/hk2-locator/2.5.0-b42/hk2-locator-2.5.0-b42.jar:/home/user/.m2/repository/org/javassist/javassist/3.22.0-CR2/javassist-3.22.0-CR2.jar:/home/user/.m2/repository/org/glassfish/hk2/hk2-api/2.5.0/hk2-api-2.5.0.jar:/home/user/.m2/repository/org/glassfish/hk2/external/jakarta.inject/2.5.0/jakarta.inject-2.5.0.jar:/home/user/.m2/repository/org/glassfish/hk2/hk2-utils/2.5.0/hk2-utils-2.5.0.jar:/home/user/.m2/repository/jakarta/annotation/jakarta.annotation-api/1.3.4/jakarta.annotation-api-1.3.4.jar:/home/user/.m2/repository/org/glassfish/hk2/external/aopalliance-repackaged/2.5.0/aopalliance-repackaged-2.5.0.jar:/home/user/.m2/repository/com/fasterxml/jackson/dataformat/jackson-dataformat-xml/2.9.0/jackson-dataformat-xml-2.9.0.jar:/home/user/.m2/repository/com/fasterxml/jackson/module/jackson-module-jaxb-annotations/2.9.5/jackson-module-jaxb-annotations-2.9.5.jar:/home/user/.m2/repository/javax/enterprise/cdi-api/1.2/cdi-api-1.2.jar:/home/user/.m2/repository/javax/el/javax.el-api/3.0.0/javax.el-api-3.0.0.jar:/home/user/.m2/repository/javax/interceptor/javax.interceptor-api/1.2/javax.interceptor-api-1.2.jar:/home/user/.m2/repository/javax/inject/javax.inject/1/javax.inject-1.jar:/tmp/workdir/hadoop-ozone/csi/target/classes:/home/user/.m2/repository/com/google/protobuf/protobuf-java-util/3.5.1/protobuf-java-util-3.5.1.jar:/home/user/.m2/repository/io/grpc/grpc-netty/1.17.1/grpc-netty-1.17.1.jar:/home/user/.m2/repository/io/grpc/grpc-core/1.17.1/grpc-core-1.17.1.jar:/home/user/.m2/repository/io/grpc/grpc-context/1.17.1/grpc-context-1.17.1.jar:/home/user/.m2/repository/com/google/errorprone/error_prone_annotations/2.2.0/error_prone_annotations-2.2.0.jar:/home/user/.m2/repository/org/codehaus/mojo/animal-sniffer-annotations/1.17/animal-sniffer-annotations-1.17.jar:/home/user/.m2/repository/io/opencensus/opencensus-api/0.17.0/opencensus-api-0.17.0.jar:/home/user/.m2/repository/io/opencensus/opencensus-contrib-grpc-metrics/0.17.0/opencensus-contrib-grpc-metrics-0.17.0.jar:/home/user/.m2/repository/io/netty/netty-codec-http2/4.1.30.Final/netty-codec-http2-4.1.30.Final.jar:/home/user/.m2/repository/io/netty/netty-codec-http/4.1.30.Final/netty-codec-http-4.1.30.Final.jar:/home/user/.m2/repository/io/netty/netty-codec/4.1.30.Final/netty-codec-4.1.30.Final.jar:/home/user/.m2/repository/io/netty/netty-handler/4.1.30.Final/netty-handler-4.1.30.Final.jar:/home/user/.m2/repository/io/netty/netty-handler-proxy/4.1.30.Final/netty-handler-proxy-4.1.30.Final.jar:/home/user/.m2/repository/io/netty/netty-codec-socks/4.1.30.Final/netty-codec-socks-4.1.30.Final.jar:/home/user/.m2/repository/io/netty/netty-transport-native-epoll/4.1.30.Final/netty-transport-native-epoll-4.1.30.Final.jar:/home/user/.m2/repository/io/netty/netty-common/4.1.30.Final/netty-common-4.1.30.Final.jar:/home/user/.m2/repository/io/netty/netty-buffer/4.1.30.Final/netty-buffer-4.1.30.Final.jar:/home/user/.m2/repository/io/netty/netty-transport/4.1.30.Final/netty-transport-4.1.30.Final.jar:/home/user/.m2/repository/io/netty/netty-resolver/4.1.30.Final/netty-resolver-4.1.30.Final.jar:/home/user/.m2/repository/io/netty/netty-transport-native-unix-common/4.1.30.Final/netty-transport-native-unix-common-4.1.30.Final.jar:/home/user/.m2/repository/io/grpc/grpc-protobuf/1.17.1/grpc-protobuf-1.17.1.jar:/home/user/.m2/repository/com/google/api/grpc/proto-google-common-protos/1.0.0/proto-google-common-protos-1.0.0.jar:/home/user/.m2/repository/io/grpc/grpc-protobuf-lite/1.17.1/grpc-protobuf-lite-1.17.1.jar:/home/user/.m2/repository/io/grpc/grpc-stub/1.17.1/grpc-stub-1.17.1.jar:/tmp/workdir/hadoop-ozone/ozone-recon/target/classes:/tmp/workdir/hadoop-ozone/ozone-recon-codegen/target/classes:/home/user/.m2/repository/com/google/inject/extensions/guice-multibindings/4.0/guice-multibindings-4.0.jar:/home/user/.m2/repository/com/google/inject/guice/4.0/guice-4.0.jar:/home/user/.m2/repository/aopalliance/aopalliance/1.0/aopalliance-1.0.jar:/home/user/.m2/repository/com/google/inject/extensions/guice-servlet/4.0/guice-servlet-4.0.jar:/home/user/.m2/repository/org/glassfish/jersey/containers/jersey-container-servlet/2.27/jersey-container-servlet-2.27.jar:/home/user/.m2/repository/org/glassfish/hk2/guice-bridge/2.5.0/guice-bridge-2.5.0.jar:/home/user/.m2/repository/org/glassfish/jersey/core/jersey-server/2.27/jersey-server-2.27.jar:/home/user/.m2/repository/org/glassfish/jersey/core/jersey-client/2.27/jersey-client-2.27.jar:/home/user/.m2/repository/org/glassfish/jersey/media/jersey-media-jaxb/2.27/jersey-media-jaxb-2.27.jar:/home/user/.m2/repository/javax/validation/validation-api/1.1.0.Final/validation-api-1.1.0.Final.jar:/home/user/.m2/repository/org/glassfish/jersey/media/jersey-media-json-jackson/2.27/jersey-media-json-jackson-2.27.jar:/home/user/.m2/repository/org/glassfish/jersey/ext/jersey-entity-filtering/2.27/jersey-entity-filtering-2.27.jar:/home/user/.m2/repository/com/google/inject/extensions/guice-assistedinject/4.0/guice-assistedinject-4.0.jar:/home/user/.m2/repository/org/jooq/jooq/3.11.10/jooq-3.11.10.jar:/home/user/.m2/repository/org/jooq/jooq-meta/3.11.10/jooq-meta-3.11.10.jar:/home/user/.m2/repository/org/jooq/jooq-codegen/3.11.10/jooq-codegen-3.11.10.jar:/home/user/.m2/repository/com/jolbox/bonecp/0.8.0.RELEASE/bonecp-0.8.0.RELEASE.jar:/home/user/.m2/repository/org/springframework/spring-jdbc/5.1.3.RELEASE/spring-jdbc-5.1.3.RELEASE.jar:/home/user/.m2/repository/org/springframework/spring-beans/5.1.3.RELEASE/spring-beans-5.1.3.RELEASE.jar:/home/user/.m2/repository/org/springframework/spring-core/5.1.3.RELEASE/spring-core-5.1.3.RELEASE.jar:/home/user/.m2/repository/org/springframework/spring-jcl/5.1.3.RELEASE/spring-jcl-5.1.3.RELEASE.jar:/home/user/.m2/repository/org/springframework/spring-tx/5.1.3.RELEASE/spring-tx-5.1.3.RELEASE.jar:/home/user/.m2/repository/org/mockito/mockito-core/2.15.0/mockito-core-2.15.0.jar:/home/user/.m2/repository/net/bytebuddy/byte-buddy/1.7.9/byte-buddy-1.7.9.jar:/home/user/.m2/repository/net/bytebuddy/byte-buddy-agent/1.7.9/byte-buddy-agent-1.7.9.jar:/home/user/.m2/repository/org/objenesis/objenesis/1.0/objenesis-1.0.jar:"/>
    <property name="sun.cpu.endian" value="little"/>
    <property name="user.home" value="/home/user"/>
    <property name="user.language" value="en"/>
    <property name="java.specification.vendor" value="Oracle Corporation"/>
    <property name="java.home" value="/usr/lib/jvm/java-1.8-openjdk/jre"/>
    <property name="java.security.krb5.conf" value="/tmp/workdir/hadoop-ozone/tools/target/test-classes/krb5.conf"/>
    <property name="basedir" value="/tmp/workdir/hadoop-ozone/tools"/>
    <property name="file.separator" value="/"/>
    <property name="line.separator" value="&#10;"/>
    <property name="java.vm.specification.vendor" value="Oracle Corporation"/>
    <property name="java.specification.name" value="Java Platform API Specification"/>
    <property name="java.awt.graphicsenv" value="sun.awt.X11GraphicsEnvironment"/>
    <property name="surefire.real.class.path" value="/tmp/workdir/hadoop-ozone/tools/target/surefire/surefirebooter2972057183371282437.jar"/>
    <property name="hadoop.log.dir" value="/tmp/workdir/hadoop-ozone/tools/target/log"/>
    <property name="sun.boot.class.path" value="/usr/lib/jvm/java-1.8-openjdk/jre/lib/resources.jar:/usr/lib/jvm/java-1.8-openjdk/jre/lib/rt.jar:/usr/lib/jvm/java-1.8-openjdk/jre/lib/sunrsasign.jar:/usr/lib/jvm/java-1.8-openjdk/jre/lib/jsse.jar:/usr/lib/jvm/java-1.8-openjdk/jre/lib/jce.jar:/usr/lib/jvm/java-1.8-openjdk/jre/lib/charsets.jar:/usr/lib/jvm/java-1.8-openjdk/jre/lib/jfr.jar:/usr/lib/jvm/java-1.8-openjdk/jre/classes"/>
    <property name="sun.management.compiler" value="HotSpot 64-Bit Tiered Compilers"/>
    <property name="java.runtime.version" value="1.8.0_212-b04"/>
    <property name="java.net.preferIPv4Stack" value="true"/>
    <property name="user.name" value="jenkins1000"/>
    <property name="path.separator" value=":"/>
    <property name="java.security.egd" value="file:///dev/urandom"/>
    <property name="os.version" value="3.10.0-957.12.2.el7.x86_64"/>
    <property name="java.endorsed.dirs" value="/usr/lib/jvm/java-1.8-openjdk/jre/lib/endorsed"/>
    <property name="java.runtime.name" value="OpenJDK Runtime Environment"/>
    <property name="file.encoding" value="UTF-8"/>
    <property name="java.vm.name" value="OpenJDK 64-Bit Server VM"/>
    <property name="test.build.webapps" value=""/>
    <property name="localRepository" value="/home/user/.m2/repository"/>
    <property name="java.vendor.url.bug" value="https://icedtea.classpath.org/bugzilla"/>
    <property name="java.io.tmpdir" value="/tmp"/>
    <property name="require.test.libhadoop" value=""/>
    <property name="java.version" value="1.8.0_212"/>
    <property name="user.dir" value="/tmp/workdir/hadoop-ozone/tools"/>
    <property name="os.arch" value="amd64"/>
    <property name="java.vm.specification.name" value="Java Virtual Machine Specification"/>
    <property name="test.build.classes" value="/tmp/workdir/hadoop-ozone/tools/target/test-classes"/>
    <property name="java.awt.printerjob" value="sun.print.PSPrinterJob"/>
    <property name="sun.os.patch.level" value="unknown"/>
    <property name="hadoop.tmp.dir" value="/tmp/workdir/hadoop-ozone/tools/target/tmp"/>
    <property name="java.library.path" value="/usr/lib/jvm/java-1.8-openjdk/jre/lib/amd64/server:/usr/lib/jvm/java-1.8-openjdk/jre/lib/amd64:/usr/lib/jvm/java-1.8-openjdk/jre/../lib/amd64:/tmp/workdir/hadoop-ozone/tools/target/native/target/usr/local/lib:/tmp/workdir/hadoop-ozone/tools/../../hadoop-common-project/hadoop-common/target/native/target/usr/local/lib:/usr/java/packages/lib/amd64:/usr/lib64:/lib64:/lib:/usr/lib"/>
    <property name="java.vm.info" value="mixed mode"/>
    <property name="java.vendor" value="IcedTea"/>
    <property name="java.vm.version" value="25.212-b04"/>
    <property name="java.ext.dirs" value="/usr/lib/jvm/java-1.8-openjdk/jre/lib/ext:/usr/java/packages/lib/ext"/>
    <property name="sun.io.unicode.encoding" value="UnicodeLittle"/>
    <property name="java.class.version" value="52.0"/>
  </properties>
  <testcase name="ratisTest3" classname="org.apache.hadoop.ozone.freon.TestRandomKeyGenerator" time="10.315"/>
  <testcase name="testThreadPoolSize" classname="org.apache.hadoop.ozone.freon.TestRandomKeyGenerator" time="5.032"/>
  <testcase name="defaultTest" classname="org.apache.hadoop.ozone.freon.TestRandomKeyGenerator" time="5.022"/>
  <testcase name="bigFileThan2GB" classname="org.apache.hadoop.ozone.freon.TestRandomKeyGenerator" time="87.916">
    <error type="java.lang.UnsupportedOperationException">java.lang.UnsupportedOperationException
	at java.util.AbstractList.add(AbstractList.java:148)
	at java.util.AbstractList.add(AbstractList.java:108)
	at java.util.AbstractCollection.addAll(AbstractCollection.java:344)
	at org.apache.hadoop.hdds.scm.storage.BlockOutputStream.watchForCommit(BlockOutputStream.java:363)
	at org.apache.hadoop.hdds.scm.storage.BlockOutputStream.handleFlush(BlockOutputStream.java:487)
	at org.apache.hadoop.hdds.scm.storage.BlockOutputStream.close(BlockOutputStream.java:501)
	at org.apache.hadoop.ozone.client.io.BlockOutputStreamEntry.close(BlockOutputStreamEntry.java:143)
	at org.apache.hadoop.ozone.client.io.KeyOutputStream.handleFlushOrClose(KeyOutputStream.java:438)
	at org.apache.hadoop.ozone.client.io.KeyOutputStream.handleWrite(KeyOutputStream.java:235)
	at org.apache.hadoop.ozone.client.io.KeyOutputStream.write(KeyOutputStream.java:193)
	at org.apache.hadoop.ozone.client.io.OzoneOutputStream.write(OzoneOutputStream.java:49)
	at org.apache.hadoop.ozone.freon.RandomKeyGenerator$KeyProcessor.run(RandomKeyGenerator.java:693)
	at java.util.concurrent.Executors$RunnableAdapter.call(Executors.java:511)
	at java.util.concurrent.FutureTask.run(FutureTask.java:266)
	at java.util.concurrent.ThreadPoolExecutor.runWorker(ThreadPoolExecutor.java:1149)
	at java.util.concurrent.ThreadPoolExecutor$Worker.run(ThreadPoolExecutor.java:624)
	at java.lang.Thread.run(Thread.java:748)
</error>
    <system-out><![CDATA[2019-07-12 12:28:08,180 INFO  freon.RandomKeyGenerator (RandomKeyGenerator.java:call(262)) - Number of Threads: 1
2019-07-12 12:28:08,180 INFO  freon.RandomKeyGenerator (RandomKeyGenerator.java:call(267)) - Number of Volumes: 1.
2019-07-12 12:28:08,181 INFO  freon.RandomKeyGenerator (RandomKeyGenerator.java:call(268)) - Number of Buckets per Volume: 1.
2019-07-12 12:28:08,181 INFO  freon.RandomKeyGenerator (RandomKeyGenerator.java:call(269)) - Number of Keys per Bucket: 1.
2019-07-12 12:28:08,181 INFO  freon.RandomKeyGenerator (RandomKeyGenerator.java:call(270)) - Key size: 2147483657 bytes
2019-07-12 12:28:08,181 INFO  freon.RandomKeyGenerator (RandomKeyGenerator.java:call(271)) - Buffer size: 4096 bytes
2019-07-12 12:28:08,183 INFO  rpc.RpcClient (RpcClient.java:createVolume(287)) - Creating Volume: vol-0-34404, with jenkins1000 as owner.
2019-07-12 12:28:08,193 INFO  freon.RandomKeyGenerator (RandomKeyGenerator.java:call(286)) - Data validation is enabled.
2019-07-12 12:28:08,193 INFO  freon.RandomKeyGenerator (RandomKeyGenerator.java:call(299)) - Starting progress bar Thread.

 0.00% |█                                                                                                    |  0/1 Time: 0:00:002019-07-12 12:28:08,198 INFO  rpc.RpcClient (RpcClient.java:createBucket(424)) - Creating Bucket: vol-0-34404/bucket-0-48110, with Versioning false and Storage Type set to DISK and Encryption set to false 
2019-07-12 12:28:08,293 INFO  client.GrpcClientProtocolClient (GrpcClientProtocolClient.java:onNext(255)) - client-D83FC23EEBD8->4c571e18-69a3-4a6d-81de-e3e48052df18: receive RaftClientReply:client-D83FC23EEBD8->4c571e18-69a3-4a6d-81de-e3e48052df18@group-644576B5741B, cid=600, SUCCESS, logIndex=675, commits[4c571e18-69a3-4a6d-81de-e3e48052df18:c675, 15893972-388e-43c0-9d6c-ca4c76ac06da:c674, c86beb1c-9105-4588-b1e8-133030361c51:c674]
2019-07-12 12:28:08,306 INFO  client.GrpcClientProtocolClient (GrpcClientProtocolClient.java:onNext(255)) - client-D83FC23EEBD8->4c571e18-69a3-4a6d-81de-e3e48052df18: receive RaftClientReply:client-D83FC23EEBD8->4c571e18-69a3-4a6d-81de-e3e48052df18@group-644576B5741B, cid=601, SUCCESS, logIndex=677, commits[4c571e18-69a3-4a6d-81de-e3e48052df18:c677, 15893972-388e-43c0-9d6c-ca4c76ac06da:c675, c86beb1c-9105-4588-b1e8-133030361c51:c675]
2019-07-12 12:28:08,317 INFO  client.GrpcClientProtocolClient (GrpcClientProtocolClient.java:onNext(255)) - client-D83FC23EEBD8->4c571e18-69a3-4a6d-81de-e3e48052df18: receive RaftClientReply:client-D83FC23EEBD8->4c571e18-69a3-4a6d-81de-e3e48052df18@group-644576B5741B, cid=602, SUCCESS, logIndex=679, commits[4c571e18-69a3-4a6d-81de-e3e48052df18:c680, 15893972-388e-43c0-9d6c-ca4c76ac06da:c677, c86beb1c-9105-4588-b1e8-133030361c51:c677]
2019-07-12 12:28:08,318 INFO  client.GrpcClientProtocolClient (GrpcClientProtocolClient.java:onNext(255)) - client-D83FC23EEBD8->4c571e18-69a3-4a6d-81de-e3e48052df18: receive RaftClientReply:client-D83FC23EEBD8->4c571e18-69a3-4a6d-81de-e3e48052df18@group-644576B5741B, cid=603, SUCCESS, logIndex=680, commits[4c571e18-69a3-4a6d-81de-e3e48052df18:c680, 15893972-388e-43c0-9d6c-ca4c76ac06da:c677, c86beb1c-9105-4588-b1e8-133030361c51:c677]
2019-07-12 12:28:08,343 INFO  client.GrpcClientProtocolClient (GrpcClientProtocolClient.java:onNext(255)) - client-D83FC23EEBD8->4c571e18-69a3-4a6d-81de-e3e48052df18: receive RaftClientReply:client-D83FC23EEBD8->4c571e18-69a3-4a6d-81de-e3e48052df18@group-644576B5741B, cid=604, SUCCESS, logIndex=683, commits[4c571e18-69a3-4a6d-81de-e3e48052df18:c684, 15893972-388e-43c0-9d6c-ca4c76ac06da:c680, c86beb1c-9105-4588-b1e8-133030361c51:c680]
2019-07-12 12:28:08,344 INFO  client.GrpcClientProtocolClient (GrpcClientProtocolClient.java:onNext(255)) - client-D83FC23EEBD8->4c571e18-69a3-4a6d-81de-e3e48052df18: receive RaftClientReply:client-D83FC23EEBD8->4c571e18-69a3-4a6d-81de-e3e48052df18@group-644576B5741B, cid=605, SUCCESS, logIndex=684, commits[4c571e18-69a3-4a6d-81de-e3e48052df18:c684, 15893972-388e-43c0-9d6c-ca4c76ac06da:c680, c86beb1c-9105-4588-b1e8-133030361c51:c680]
2019-07-12 12:28:08,360 INFO  client.GrpcClientProtocolClient (GrpcClientProtocolClient.java:onNext(255)) - client-D83FC23EEBD8->4c571e18-69a3-4a6d-81de-e3e48052df18: receive RaftClientReply:client-D83FC23EEBD8->4c571e18-69a3-4a6d-81de-e3e48052df18@group-644576B5741B, cid=606, SUCCESS, logIndex=687, commits[4c571e18-69a3-4a6d-81de-e3e48052df18:c688, 15893972-388e-43c0-9d6c-ca4c76ac06da:c683, c86beb1c-9105-4588-b1e8-133030361c51:c684]
2019-07-12 12:28:08,361 INFO  client.GrpcClientProtocolClient (GrpcClientProtocolClient.java:onNext(255)) - client-D83FC23EEBD8->4c571e18-69a3-4a6d-81de-e3e48052df18: receive RaftClientReply:client-D83FC23EEBD8->4c571e18-69a3-4a6d-81de-e3e48052df18@group-644576B5741B, cid=607, SUCCESS, logIndex=688, commits[4c571e18-69a3-4a6d-81de-e3e48052df18:c688, 15893972-388e-43c0-9d6c-ca4c76ac06da:c684, c86beb1c-9105-4588-b1e8-133030361c51:c684]
2019-07-12 12:28:08,367 INFO  client.GrpcClientProtocolClient (GrpcClientProtocolClient.java:onNext(255)) - client-D83FC23EEBD8->4c571e18-69a3-4a6d-81de-e3e48052df18: receive RaftClientReply:client-D83FC23EEBD8->4c571e18-69a3-4a6d-81de-e3e48052df18@group-644576B5741B, cid=608, SUCCESS, logIndex=0, commits[4c571e18-69a3-4a6d-81de-e3e48052df18:c690, 15893972-388e-43c0-9d6c-ca4c76ac06da:c688, c86beb1c-9105-4588-b1e8-133030361c51:c688]
2019-07-12 12:28:08,391 INFO  client.GrpcClientProtocolClient (GrpcClientProtocolClient.java:onNext(255)) - client-D83FC23EEBD8->4c571e18-69a3-4a6d-81de-e3e48052df18: receive RaftClientReply:client-D83FC23EEBD8->4c571e18-69a3-4a6d-81de-e3e48052df18@group-644576B5741B, cid=609, SUCCESS, logIndex=691, commits[4c571e18-69a3-4a6d-81de-e3e48052df18:c692, 15893972-388e-43c0-9d6c-ca4c76ac06da:c690, c86beb1c-9105-4588-b1e8-133030361c51:c690]
2019-07-12 12:28:08,391 INFO  client.GrpcClientProtocolClient (GrpcClientProtocolClient.java:onNext(255)) - client-D83FC23EEBD8->4c571e18-69a3-4a6d-81de-e3e48052df18: receive RaftClientReply:client-D83FC23EEBD8->4c571e18-69a3-4a6d-81de-e3e48052df18@group-644576B5741B, cid=610, SUCCESS, logIndex=692, commits[4c571e18-69a3-4a6d-81de-e3e48052df18:c692, 15893972-388e-43c0-9d6c-ca4c76ac06da:c690, c86beb1c-9105-4588-b1e8-133030361c51:c690]
2019-07-12 12:28:08,401 INFO  client.GrpcClientProtocolClient (GrpcClientProtocolClient.java:onNext(255)) - client-D83FC23EEBD8->4c571e18-69a3-4a6d-81de-e3e48052df18: receive RaftClientReply:client-D83FC23EEBD8->4c571e18-69a3-4a6d-81de-e3e48052df18@group-644576B5741B, cid=611, SUCCESS, logIndex=693, commits[4c571e18-69a3-4a6d-81de-e3e48052df18:c694, 15893972-388e-43c0-9d6c-ca4c76ac06da:c690, c86beb1c-9105-4588-b1e8-133030361c51:c690]
2019-07-12 12:28:08,402 INFO  client.GrpcClientProtocolClient (GrpcClientProtocolClient.java:onNext(255)) - client-D83FC23EEBD8->4c571e18-69a3-4a6d-81de-e3e48052df18: receive RaftClientReply:client-D83FC23EEBD8->4c571e18-69a3-4a6d-81de-e3e48052df18@group-644576B5741B, cid=612, SUCCESS, logIndex=694, commits[4c571e18-69a3-4a6d-81de-e3e48052df18:c694, 15893972-388e-43c0-9d6c-ca4c76ac06da:c690, c86beb1c-9105-4588-b1e8-133030361c51:c690]
2019-07-12 12:28:08,404 INFO  client.GrpcClientProtocolClient (GrpcClientProtocolClient.java:onNext(255)) - client-D83FC23EEBD8->4c571e18-69a3-4a6d-81de-e3e48052df18: receive RaftClientReply:client-D83FC23EEBD8->4c571e18-69a3-4a6d-81de-e3e48052df18@group-644576B5741B, cid=613, SUCCESS, logIndex=0, commits[4c571e18-69a3-4a6d-81de-e3e48052df18:c697, 15893972-388e-43c0-9d6c-ca4c76ac06da:c692, c86beb1c-9105-4588-b1e8-133030361c51:c693]
2019-07-12 12:28:08,425 INFO  client.GrpcClientProtocolClient (GrpcClientProtocolClient.java:onNext(255)) - client-D83FC23EEBD8->4c571e18-69a3-4a6d-81de-e3e48052df18: receive RaftClientReply:client-D83FC23EEBD8->4c571e18-69a3-4a6d-81de-e3e48052df18@group-644576B5741B, cid=614, SUCCESS, logIndex=699, commits[4c571e18-69a3-4a6d-81de-e3e48052df18:c700, 15893972-388e-43c0-9d6c-ca4c76ac06da:c698, c86beb1c-9105-4588-b1e8-133030361c51:c698]
2019-07-12 12:28:08,425 INFO  client.GrpcClientProtocolClient (GrpcClientProtocolClient.java:onNext(255)) - client-D83FC23EEBD8->4c571e18-69a3-4a6d-81de-e3e48052df18: receive RaftClientReply:client-D83FC23EEBD8->4c571e18-69a3-4a6d-81de-e3e48052df18@group-644576B5741B, cid=615, SUCCESS, logIndex=700, commits[4c571e18-69a3-4a6d-81de-e3e48052df18:c700, 15893972-388e-43c0-9d6c-ca4c76ac06da:c698, c86beb1c-9105-4588-b1e8-133030361c51:c698]
2019-07-12 12:28:08,439 INFO  client.GrpcClientProtocolClient (GrpcClientProtocolClient.java:onNext(255)) - client-D83FC23EEBD8->4c571e18-69a3-4a6d-81de-e3e48052df18: receive RaftClientReply:client-D83FC23EEBD8->4c571e18-69a3-4a6d-81de-e3e48052df18@group-644576B5741B, cid=616, SUCCESS, logIndex=703, commits[4c571e18-69a3-4a6d-81de-e3e48052df18:c704, 15893972-388e-43c0-9d6c-ca4c76ac06da:c700, c86beb1c-9105-4588-b1e8-133030361c51:c700]
2019-07-12 12:28:08,440 INFO  client.GrpcClientProtocolClient (GrpcClientProtocolClient.java:onNext(255)) - client-D83FC23EEBD8->4c571e18-69a3-4a6d-81de-e3e48052df18: receive RaftClientReply:client-D83FC23EEBD8->4c571e18-69a3-4a6d-81de-e3e48052df18@group-644576B5741B, cid=617, SUCCESS, logIndex=704, commits[4c571e18-69a3-4a6d-81de-e3e48052df18:c704, 15893972-388e-43c0-9d6c-ca4c76ac06da:c700, c86beb1c-9105-4588-b1e8-133030361c51:c700]
2019-07-12 12:28:08,441 INFO  client.GrpcClientProtocolClient (GrpcClientProtocolClient.java:onNext(255)) - client-D83FC23EEBD8->4c571e18-69a3-4a6d-81de-e3e48052df18: receive RaftClientReply:client-D83FC23EEBD8->4c571e18-69a3-4a6d-81de-e3e48052df18@group-644576B5741B, cid=618, SUCCESS, logIndex=0, commits[4c571e18-69a3-4a6d-81de-e3e48052df18:c705, 15893972-388e-43c0-9d6c-ca4c76ac06da:c704, c86beb1c-9105-4588-b1e8-133030361c51:c704]
2019-07-12 12:28:08,464 INFO  client.GrpcClientProtocolClient (GrpcClientProtocolClient.java:onNext(255)) - client-D83FC23EEBD8->4c571e18-69a3-4a6d-81de-e3e48052df18: receive RaftClientReply:client-D83FC23EEBD8->4c571e18-69a3-4a6d-81de-e3e48052df18@group-644576B5741B, cid=619, SUCCESS, logIndex=707, commits[4c571e18-69a3-4a6d-81de-e3e48052df18:c710, 15893972-388e-43c0-9d6c-ca4c76ac06da:c706, c86beb1c-9105-4588-b1e8-133030361c51:c706]
2019-07-12 12:28:08,465 INFO  client.GrpcClientProtocolClient (GrpcClientProtocolClient.java:onNext(255)) - client-D83FC23EEBD8->4c571e18-69a3-4a6d-81de-e3e48052df18: receive RaftClientReply:client-D83FC23EEBD8->4c571e18-69a3-4a6d-81de-e3e48052df18@group-644576B5741B, cid=620, SUCCESS, logIndex=708, commits[4c571e18-69a3-4a6d-81de-e3e48052df18:c710, 15893972-388e-43c0-9d6c-ca4c76ac06da:c706, c86beb1c-9105-4588-b1e8-133030361c51:c706]
2019-07-12 12:28:08,465 INFO  client.GrpcClientProtocolClient (GrpcClientProtocolClient.java:onNext(255)) - client-D83FC23EEBD8->4c571e18-69a3-4a6d-81de-e3e48052df18: receive RaftClientReply:client-D83FC23EEBD8->4c571e18-69a3-4a6d-81de-e3e48052df18@group-644576B5741B, cid=621, SUCCESS, logIndex=709, commits[4c571e18-69a3-4a6d-81de-e3e48052df18:c710, 15893972-388e-43c0-9d6c-ca4c76ac06da:c706, c86beb1c-9105-4588-b1e8-133030361c51:c706]
2019-07-12 12:28:08,465 INFO  client.GrpcClientProtocolClient (GrpcClientProtocolClient.java:onNext(255)) - client-D83FC23EEBD8->4c571e18-69a3-4a6d-81de-e3e48052df18: receive RaftClientReply:client-D83FC23EEBD8->4c571e18-69a3-4a6d-81de-e3e48052df18@group-644576B5741B, cid=622, SUCCESS, logIndex=710, commits[4c571e18-69a3-4a6d-81de-e3e48052df18:c710, 15893972-388e-43c0-9d6c-ca4c76ac06da:c706, c86beb1c-9105-4588-b1e8-133030361c51:c706]
2019-07-12 12:28:08,476 INFO  client.GrpcClientProtocolClient (GrpcClientProtocolClient.java:onNext(255)) - client-D83FC23EEBD8->4c571e18-69a3-4a6d-81de-e3e48052df18: receive RaftClientReply:client-D83FC23EEBD8->4c571e18-69a3-4a6d-81de-e3e48052df18@group-644576B5741B, cid=623, SUCCESS, logIndex=0, commits[4c571e18-69a3-4a6d-81de-e3e48052df18:c711, 15893972-388e-43c0-9d6c-ca4c76ac06da:c709, c86beb1c-9105-4588-b1e8-133030361c51:c709]
2019-07-12 12:28:08,673 INFO  client.GrpcClientProtocolClient (GrpcClientProtocolClient.java:onNext(255)) - client-D83FC23EEBD8->4c571e18-69a3-4a6d-81de-e3e48052df18: receive RaftClientReply:client-D83FC23EEBD8->4c571e18-69a3-4a6d-81de-e3e48052df18@group-644576B5741B, cid=624, SUCCESS, logIndex=714, commits[4c571e18-69a3-4a6d-81de-e3e48052df18:c715, 15893972-388e-43c0-9d6c-ca4c76ac06da:c713, c86beb1c-9105-4588-b1e8-133030361c51:c713]
2019-07-12 12:28:08,674 INFO  client.GrpcClientProtocolClient (GrpcClientProtocolClient.java:onNext(255)) - client-D83FC23EEBD8->4c571e18-69a3-4a6d-81de-e3e48052df18: receive RaftClientReply:client-D83FC23EEBD8->4c571e18-69a3-4a6d-81de-e3e48052df18@group-644576B5741B, cid=625, SUCCESS, logIndex=715, commits[4c571e18-69a3-4a6d-81de-e3e48052df18:c715, 15893972-388e-43c0-9d6c-ca4c76ac06da:c713, c86beb1c-9105-4588-b1e8-133030361c51:c713]
2019-07-12 12:28:08,705 INFO  client.GrpcClientProtocolClient (GrpcClientProtocolClient.java:onNext(255)) - client-D83FC23EEBD8->4c571e18-69a3-4a6d-81de-e3e48052df18: receive RaftClientReply:client-D83FC23EEBD8->4c571e18-69a3-4a6d-81de-e3e48052df18@group-644576B5741B, cid=626, SUCCESS, logIndex=718, commits[4c571e18-69a3-4a6d-81de-e3e48052df18:c719, 15893972-388e-43c0-9d6c-ca4c76ac06da:c715, c86beb1c-9105-4588-b1e8-133030361c51:c715]
2019-07-12 12:28:08,705 INFO  client.GrpcClientProtocolClient (GrpcClientProtocolClient.java:onNext(255)) - client-D83FC23EEBD8->4c571e18-69a3-4a6d-81de-e3e48052df18: receive RaftClientReply:client-D83FC23EEBD8->4c571e18-69a3-4a6d-81de-e3e48052df18@group-644576B5741B, cid=627, SUCCESS, logIndex=719, commits[4c571e18-69a3-4a6d-81de-e3e48052df18:c719, 15893972-388e-43c0-9d6c-ca4c76ac06da:c715, c86beb1c-9105-4588-b1e8-133030361c51:c715]
2019-07-12 12:28:08,709 INFO  client.GrpcClientProtocolClient (GrpcClientProtocolClient.java:onNext(255)) - client-D83FC23EEBD8->4c571e18-69a3-4a6d-81de-e3e48052df18: receive RaftClientReply:client-D83FC23EEBD8->4c571e18-69a3-4a6d-81de-e3e48052df18@group-644576B5741B, cid=628, SUCCESS, logIndex=0, commits[4c571e18-69a3-4a6d-81de-e3e48052df18:c721, 15893972-388e-43c0-9d6c-ca4c76ac06da:c719, c86beb1c-9105-4588-b1e8-133030361c51:c719]
2019-07-12 12:28:08,727 INFO  client.GrpcClientProtocolClient (GrpcClientProtocolClient.java:onNext(255)) - client-D83FC23EEBD8->4c571e18-69a3-4a6d-81de-e3e48052df18: receive RaftClientReply:client-D83FC23EEBD8->4c571e18-69a3-4a6d-81de-e3e48052df18@group-644576B5741B, cid=629, SUCCESS, logIndex=722, commits[4c571e18-69a3-4a6d-81de-e3e48052df18:c725, 15893972-388e-43c0-9d6c-ca4c76ac06da:c721, c86beb1c-9105-4588-b1e8-133030361c51:c721]
2019-07-12 12:28:08,728 INFO  client.GrpcClientProtocolClient (GrpcClientProtocolClient.java:onNext(255)) - client-D83FC23EEBD8->4c571e18-69a3-4a6d-81de-e3e48052df18: receive RaftClientReply:client-D83FC23EEBD8->4c571e18-69a3-4a6d-81de-e3e48052df18@group-644576B5741B, cid=630, SUCCESS, logIndex=723, commits[4c571e18-69a3-4a6d-81de-e3e48052df18:c725, 15893972-388e-43c0-9d6c-ca4c76ac06da:c721, c86beb1c-9105-4588-b1e8-133030361c51:c721]
2019-07-12 12:28:08,728 INFO  client.GrpcClientProtocolClient (GrpcClientProtocolClient.java:onNext(255)) - client-D83FC23EEBD8->4c571e18-69a3-4a6d-81de-e3e48052df18: receive RaftClientReply:client-D83FC23EEBD8->4c571e18-69a3-4a6d-81de-e3e48052df18@group-644576B5741B, cid=631, SUCCESS, logIndex=724, commits[4c571e18-69a3-4a6d-81de-e3e48052df18:c725, 15893972-388e-43c0-9d6c-ca4c76ac06da:c721, c86beb1c-9105-4588-b1e8-133030361c51:c721]
2019-07-12 12:28:08,729 INFO  client.GrpcClientProtocolClient (GrpcClientProtocolClient.java:onNext(255)) - client-D83FC23EEBD8->4c571e18-69a3-4a6d-81de-e3e48052df18: receive RaftClientReply:client-D83FC23EEBD8->4c571e18-69a3-4a6d-81de-e3e48052df18@group-644576B5741B, cid=632, SUCCESS, logIndex=725, commits[4c571e18-69a3-4a6d-81de-e3e48052df18:c725, 15893972-388e-43c0-9d6c-ca4c76ac06da:c721, c86beb1c-9105-4588-b1e8-133030361c51:c721]
2019-07-12 12:28:08,730 INFO  client.GrpcClientProtocolClient (GrpcClientProtocolClient.java:onNext(255)) - client-D83FC23EEBD8->4c571e18-69a3-4a6d-81de-e3e48052df18: receive RaftClientReply:client-D83FC23EEBD8->4c571e18-69a3-4a6d-81de-e3e48052df18@group-644576B5741B, cid=633, SUCCESS, logIndex=0, commits[4c571e18-69a3-4a6d-81de-e3e48052df18:c726, 15893972-388e-43c0-9d6c-ca4c76ac06da:c723, c86beb1c-9105-4588-b1e8-133030361c51:c723]
2019-07-12 12:28:08,745 INFO  client.GrpcClientProtocolClient (GrpcClientProtocolClient.java:onNext(255)) - client-D83FC23EEBD8->4c571e18-69a3-4a6d-81de-e3e48052df18: receive RaftClientReply:client-D83FC23EEBD8->4c571e18-69a3-4a6d-81de-e3e48052df18@group-644576B5741B, cid=634, SUCCESS, logIndex=730, commits[4c571e18-69a3-4a6d-81de-e3e48052df18:c731, 15893972-388e-43c0-9d6c-ca4c76ac06da:c729, c86beb1c-9105-4588-b1e8-133030361c51:c729]
2019-07-12 12:28:08,746 INFO  client.GrpcClientProtocolClient (GrpcClientProtocolClient.java:onNext(255)) - client-D83FC23EEBD8->4c571e18-69a3-4a6d-81de-e3e48052df18: receive RaftClientReply:client-D83FC23EEBD8->4c571e18-69a3-4a6d-81de-e3e48052df18@group-644576B5741B, cid=635, SUCCESS, logIndex=731, commits[4c571e18-69a3-4a6d-81de-e3e48052df18:c731, 15893972-388e-43c0-9d6c-ca4c76ac06da:c729, c86beb1c-9105-4588-b1e8-133030361c51:c729]
2019-07-12 12:28:08,760 INFO  client.GrpcClientProtocolClient (GrpcClientProtocolClient.java:onNext(255)) - client-D83FC23EEBD8->4c571e18-69a3-4a6d-81de-e3e48052df18: receive RaftClientReply:client-D83FC23EEBD8->4c571e18-69a3-4a6d-81de-e3e48052df18@group-644576B5741B, cid=636, SUCCESS, logIndex=734, commits[4c571e18-69a3-4a6d-81de-e3e48052df18:c735, 15893972-388e-43c0-9d6c-ca4c76ac06da:c733, c86beb1c-9105-4588-b1e8-133030361c51:c733]
2019-07-12 12:28:08,760 INFO  client.GrpcClientProtocolClient (GrpcClientProtocolClient.java:onNext(255)) - client-D83FC23EEBD8->4c571e18-69a3-4a6d-81de-e3e48052df18: receive RaftClientReply:client-D83FC23EEBD8->4c571e18-69a3-4a6d-81de-e3e48052df18@group-644576B5741B, cid=637, SUCCESS, logIndex=735, commits[4c571e18-69a3-4a6d-81de-e3e48052df18:c735, 15893972-388e-43c0-9d6c-ca4c76ac06da:c733, c86beb1c-9105-4588-b1e8-133030361c51:c733]
2019-07-12 12:28:08,761 INFO  client.GrpcClientProtocolClient (GrpcClientProtocolClient.java:onNext(255)) - client-D83FC23EEBD8->4c571e18-69a3-4a6d-81de-e3e48052df18: receive RaftClientReply:client-D83FC23EEBD8->4c571e18-69a3-4a6d-81de-e3e48052df18@group-644576B5741B, cid=638, SUCCESS, logIndex=0, commits[4c571e18-69a3-4a6d-81de-e3e48052df18:c736, 15893972-388e-43c0-9d6c-ca4c76ac06da:c735, c86beb1c-9105-4588-b1e8-133030361c51:c735]
2019-07-12 12:28:08,775 INFO  client.GrpcClientProtocolClient (GrpcClientProtocolClient.java:onNext(255)) - client-D83FC23EEBD8->4c571e18-69a3-4a6d-81de-e3e48052df18: receive RaftClientReply:client-D83FC23EEBD8->4c571e18-69a3-4a6d-81de-e3e48052df18@group-644576B5741B, cid=639, SUCCESS, logIndex=738, commits[4c571e18-69a3-4a6d-81de-e3e48052df18:c739, 15893972-388e-43c0-9d6c-ca4c76ac06da:c737, c86beb1c-9105-4588-b1e8-133030361c51:c735]
2019-07-12 12:28:08,776 INFO  client.GrpcClientProtocolClient (GrpcClientProtocolClient.java:onNext(255)) - client-D83FC23EEBD8->4c571e18-69a3-4a6d-81de-e3e48052df18: receive RaftClientReply:client-D83FC23EEBD8->4c571e18-69a3-4a6d-81de-e3e48052df18@group-644576B5741B, cid=640, SUCCESS, logIndex=739, commits[4c571e18-69a3-4a6d-81de-e3e48052df18:c739, 15893972-388e-43c0-9d6c-ca4c76ac06da:c737, c86beb1c-9105-4588-b1e8-133030361c51:c735]
2019-07-12 12:28:08,779 INFO  client.GrpcClientProtocolClient (GrpcClientProtocolClient.java:onNext(255)) - client-D83FC23EEBD8->4c571e18-69a3-4a6d-81de-e3e48052df18: receive RaftClientReply:client-D83FC23EEBD8->4c571e18-69a3-4a6d-81de-e3e48052df18@group-644576B5741B, cid=641, SUCCESS, logIndex=740, commits[4c571e18-69a3-4a6d-81de-e3e48052df18:c741, 15893972-388e-43c0-9d6c-ca4c76ac06da:c737, c86beb1c-9105-4588-b1e8-133030361c51:c735]
2019-07-12 12:28:08,779 INFO  client.GrpcClientProtocolClient (GrpcClientProtocolClient.java:onNext(255)) - client-D83FC23EEBD8->4c571e18-69a3-4a6d-81de-e3e48052df18: receive RaftClientReply:client-D83FC23EEBD8->4c571e18-69a3-4a6d-81de-e3e48052df18@group-644576B5741B, cid=642, SUCCESS, logIndex=741, commits[4c571e18-69a3-4a6d-81de-e3e48052df18:c743, 15893972-388e-43c0-9d6c-ca4c76ac06da:c739, c86beb1c-9105-4588-b1e8-133030361c51:c737]
2019-07-12 12:28:08,780 INFO  client.GrpcClientProtocolClient (GrpcClientProtocolClient.java:onNext(255)) - client-D83FC23EEBD8->4c571e18-69a3-4a6d-81de-e3e48052df18: receive RaftClientReply:client-D83FC23EEBD8->4c571e18-69a3-4a6d-81de-e3e48052df18@group-644576B5741B, cid=643, SUCCESS, logIndex=0, commits[4c571e18-69a3-4a6d-81de-e3e48052df18:c744, 15893972-388e-43c0-9d6c-ca4c76ac06da:c741, c86beb1c-9105-4588-b1e8-133030361c51:c739]
2019-07-12 12:28:08,794 INFO  client.GrpcClientProtocolClient (GrpcClientProtocolClient.java:onNext(255)) - client-D83FC23EEBD8->4c571e18-69a3-4a6d-81de-e3e48052df18: receive RaftClientReply:client-D83FC23EEBD8->4c571e18-69a3-4a6d-81de-e3e48052df18@group-644576B5741B, cid=644, SUCCESS, logIndex=746, commits[4c571e18-69a3-4a6d-81de-e3e48052df18:c747, 15893972-388e-43c0-9d6c-ca4c76ac06da:c741, c86beb1c-9105-4588-b1e8-133030361c51:c745]
2019-07-12 12:28:08,794 INFO  client.GrpcClientProtocolClient (GrpcClientProtocolClient.java:onNext(255)) - client-D83FC23EEBD8->4c571e18-69a3-4a6d-81de-e3e48052df18: receive RaftClientReply:client-D83FC23EEBD8->4c571e18-69a3-4a6d-81de-e3e48052df18@group-644576B5741B, cid=645, SUCCESS, logIndex=747, commits[4c571e18-69a3-4a6d-81de-e3e48052df18:c747, 15893972-388e-43c0-9d6c-ca4c76ac06da:c741, c86beb1c-9105-4588-b1e8-133030361c51:c745]
2019-07-12 12:28:08,813 INFO  client.GrpcClientProtocolClient (GrpcClientProtocolClient.java:onNext(255)) - client-D83FC23EEBD8->4c571e18-69a3-4a6d-81de-e3e48052df18: receive RaftClientReply:client-D83FC23EEBD8->4c571e18-69a3-4a6d-81de-e3e48052df18@group-644576B5741B, cid=646, SUCCESS, logIndex=750, commits[4c571e18-69a3-4a6d-81de-e3e48052df18:c751, 15893972-388e-43c0-9d6c-ca4c76ac06da:c749, c86beb1c-9105-4588-b1e8-133030361c51:c749]
2019-07-12 12:28:08,814 INFO  client.GrpcClientProtocolClient (GrpcClientProtocolClient.java:onNext(255)) - client-D83FC23EEBD8->4c571e18-69a3-4a6d-81de-e3e48052df18: receive RaftClientReply:client-D83FC23EEBD8->4c571e18-69a3-4a6d-81de-e3e48052df18@group-644576B5741B, cid=647, SUCCESS, logIndex=751, commits[4c571e18-69a3-4a6d-81de-e3e48052df18:c751, 15893972-388e-43c0-9d6c-ca4c76ac06da:c749, c86beb1c-9105-4588-b1e8-133030361c51:c749]
2019-07-12 12:28:08,824 INFO  client.GrpcClientProtocolClient (GrpcClientProtocolClient.java:onNext(255)) - client-D83FC23EEBD8->4c571e18-69a3-4a6d-81de-e3e48052df18: receive RaftClientReply:client-D83FC23EEBD8->4c571e18-69a3-4a6d-81de-e3e48052df18@group-644576B5741B, cid=648, SUCCESS, logIndex=0, commits[4c571e18-69a3-4a6d-81de-e3e48052df18:c752, 15893972-388e-43c0-9d6c-ca4c76ac06da:c751, c86beb1c-9105-4588-b1e8-133030361c51:c751]
2019-07-12 12:28:08,840 INFO  client.GrpcClientProtocolClient (GrpcClientProtocolClient.java:onNext(255)) - client-D83FC23EEBD8->4c571e18-69a3-4a6d-81de-e3e48052df18: receive RaftClientReply:client-D83FC23EEBD8->4c571e18-69a3-4a6d-81de-e3e48052df18@group-644576B5741B, cid=649, SUCCESS, logIndex=754, commits[4c571e18-69a3-4a6d-81de-e3e48052df18:c755, 15893972-388e-43c0-9d6c-ca4c76ac06da:c753, c86beb1c-9105-4588-b1e8-133030361c51:c751]
2019-07-12 12:28:08,841 INFO  client.GrpcClientProtocolClient (GrpcClientProtocolClient.java:onNext(255)) - client-D83FC23EEBD8->4c571e18-69a3-4a6d-81de-e3e48052df18: receive RaftClientReply:client-D83FC23EEBD8->4c571e18-69a3-4a6d-81de-e3e48052df18@group-644576B5741B, cid=650, SUCCESS, logIndex=755, commits[4c571e18-69a3-4a6d-81de-e3e48052df18:c757, 15893972-388e-43c0-9d6c-ca4c76ac06da:c753, c86beb1c-9105-4588-b1e8-133030361c51:c753]
2019-07-12 12:28:08,841 INFO  client.GrpcClientProtocolClient (GrpcClientProtocolClient.java:onNext(255)) - client-D83FC23EEBD8->4c571e18-69a3-4a6d-81de-e3e48052df18: receive RaftClientReply:client-D83FC23EEBD8->4c571e18-69a3-4a6d-81de-e3e48052df18@group-644576B5741B, cid=651, SUCCESS, logIndex=756, commits[4c571e18-69a3-4a6d-81de-e3e48052df18:c757, 15893972-388e-43c0-9d6c-ca4c76ac06da:c753, c86beb1c-9105-4588-b1e8-133030361c51:c753]
2019-07-12 12:28:08,842 INFO  client.GrpcClientProtocolClient (GrpcClientProtocolClient.java:onNext(255)) - client-D83FC23EEBD8->4c571e18-69a3-4a6d-81de-e3e48052df18: receive RaftClientReply:client-D83FC23EEBD8->4c571e18-69a3-4a6d-81de-e3e48052df18@group-644576B5741B, cid=652, SUCCESS, logIndex=757, commits[4c571e18-69a3-4a6d-81de-e3e48052df18:c757, 15893972-388e-43c0-9d6c-ca4c76ac06da:c753, c86beb1c-9105-4588-b1e8-133030361c51:c753]
2019-07-12 12:28:08,843 INFO  client.GrpcClientProtocolClient (GrpcClientProtocolClient.java:onNext(255)) - client-D83FC23EEBD8->4c571e18-69a3-4a6d-81de-e3e48052df18: receive RaftClientReply:client-D83FC23EEBD8->4c571e18-69a3-4a6d-81de-e3e48052df18@group-644576B5741B, cid=653, SUCCESS, logIndex=0, commits[4c571e18-69a3-4a6d-81de-e3e48052df18:c758, 15893972-388e-43c0-9d6c-ca4c76ac06da:c755, c86beb1c-9105-4588-b1e8-133030361c51:c755]
2019-07-12 12:28:08,856 INFO  client.GrpcClientProtocolClient (GrpcClientProtocolClient.java:onNext(255)) - client-D83FC23EEBD8->4c571e18-69a3-4a6d-81de-e3e48052df18: receive RaftClientReply:client-D83FC23EEBD8->4c571e18-69a3-4a6d-81de-e3e48052df18@group-644576B5741B, cid=654, SUCCESS, logIndex=762, commits[4c571e18-69a3-4a6d-81de-e3e48052df18:c763, 15893972-388e-43c0-9d6c-ca4c76ac06da:c761, c86beb1c-9105-4588-b1e8-133030361c51:c761]
2019-07-12 12:28:08,856 INFO  client.GrpcClientProtocolClient (GrpcClientProtocolClient.java:onNext(255)) - client-D83FC23EEBD8->4c571e18-69a3-4a6d-81de-e3e48052df18: receive RaftClientReply:client-D83FC23EEBD8->4c571e18-69a3-4a6d-81de-e3e48052df18@group-644576B5741B, cid=655, SUCCESS, logIndex=763, commits[4c571e18-69a3-4a6d-81de-e3e48052df18:c763, 15893972-388e-43c0-9d6c-ca4c76ac06da:c761, c86beb1c-9105-4588-b1e8-133030361c51:c761]
2019-07-12 12:28:08,870 INFO  client.GrpcClientProtocolClient (GrpcClientProtocolClient.java:onNext(255)) - client-D83FC23EEBD8->4c571e18-69a3-4a6d-81de-e3e48052df18: receive RaftClientReply:client-D83FC23EEBD8->4c571e18-69a3-4a6d-81de-e3e48052df18@group-644576B5741B, cid=656, SUCCESS, logIndex=766, commits[4c571e18-69a3-4a6d-81de-e3e48052df18:c767, 15893972-388e-43c0-9d6c-ca4c76ac06da:c765, c86beb1c-9105-4588-b1e8-133030361c51:c763]
2019-07-12 12:28:08,870 INFO  client.GrpcClientProtocolClient (GrpcClientProtocolClient.java:onNext(255)) - client-D83FC23EEBD8->4c571e18-69a3-4a6d-81de-e3e48052df18: receive RaftClientReply:client-D83FC23EEBD8->4c571e18-69a3-4a6d-81de-e3e48052df18@group-644576B5741B, cid=657, SUCCESS, logIndex=767, commits[4c571e18-69a3-4a6d-81de-e3e48052df18:c767, 15893972-388e-43c0-9d6c-ca4c76ac06da:c765, c86beb1c-9105-4588-b1e8-133030361c51:c765]
2019-07-12 12:28:08,872 INFO  client.GrpcClientProtocolClient (GrpcClientProtocolClient.java:onNext(255)) - client-D83FC23EEBD8->4c571e18-69a3-4a6d-81de-e3e48052df18: receive RaftClientReply:client-D83FC23EEBD8->4c571e18-69a3-4a6d-81de-e3e48052df18@group-644576B5741B, cid=658, SUCCESS, logIndex=0, commits[4c571e18-69a3-4a6d-81de-e3e48052df18:c768, 15893972-388e-43c0-9d6c-ca4c76ac06da:c767, c86beb1c-9105-4588-b1e8-133030361c51:c767]
2019-07-12 12:28:08,887 INFO  client.GrpcClientProtocolClient (GrpcClientProtocolClient.java:onNext(255)) - client-D83FC23EEBD8->4c571e18-69a3-4a6d-81de-e3e48052df18: receive RaftClientReply:client-D83FC23EEBD8->4c571e18-69a3-4a6d-81de-e3e48052df18@group-644576B5741B, cid=659, SUCCESS, logIndex=770, commits[4c571e18-69a3-4a6d-81de-e3e48052df18:c772, 15893972-388e-43c0-9d6c-ca4c76ac06da:c767, c86beb1c-9105-4588-b1e8-133030361c51:c769]
2019-07-12 12:28:08,888 INFO  client.GrpcClientProtocolClient (GrpcClientProtocolClient.java:onNext(255)) - client-D83FC23EEBD8->4c571e18-69a3-4a6d-81de-e3e48052df18: receive RaftClientReply:client-D83FC23EEBD8->4c571e18-69a3-4a6d-81de-e3e48052df18@group-644576B5741B, cid=660, SUCCESS, logIndex=771, commits[4c571e18-69a3-4a6d-81de-e3e48052df18:c773, 15893972-388e-43c0-9d6c-ca4c76ac06da:c767, c86beb1c-9105-4588-b1e8-133030361c51:c769]
2019-07-12 12:28:08,888 INFO  client.GrpcClientProtocolClient (GrpcClientProtocolClient.java:onNext(255)) - client-D83FC23EEBD8->4c571e18-69a3-4a6d-81de-e3e48052df18: receive RaftClientReply:client-D83FC23EEBD8->4c571e18-69a3-4a6d-81de-e3e48052df18@group-644576B5741B, cid=661, SUCCESS, logIndex=772, commits[4c571e18-69a3-4a6d-81de-e3e48052df18:c773, 15893972-388e-43c0-9d6c-ca4c76ac06da:c769, c86beb1c-9105-4588-b1e8-133030361c51:c769]
2019-07-12 12:28:08,889 INFO  client.GrpcClientProtocolClient (GrpcClientProtocolClient.java:onNext(255)) - client-D83FC23EEBD8->4c571e18-69a3-4a6d-81de-e3e48052df18: receive RaftClientReply:client-D83FC23EEBD8->4c571e18-69a3-4a6d-81de-e3e48052df18@group-644576B5741B, cid=662, SUCCESS, logIndex=773, commits[4c571e18-69a3-4a6d-81de-e3e48052df18:c773, 15893972-388e-43c0-9d6c-ca4c76ac06da:c769, c86beb1c-9105-4588-b1e8-133030361c51:c769]
2019-07-12 12:28:08,890 INFO  client.GrpcClientProtocolClient (GrpcClientProtocolClient.java:onNext(255)) - client-D83FC23EEBD8->4c571e18-69a3-4a6d-81de-e3e48052df18: receive RaftClientReply:client-D83FC23EEBD8->4c571e18-69a3-4a6d-81de-e3e48052df18@group-644576B5741B, cid=663, SUCCESS, logIndex=0, commits[4c571e18-69a3-4a6d-81de-e3e48052df18:c777, 15893972-388e-43c0-9d6c-ca4c76ac06da:c773, c86beb1c-9105-4588-b1e8-133030361c51:c771]
2019-07-12 12:28:08,904 INFO  client.GrpcClientProtocolClient (GrpcClientProtocolClient.java:onNext(255)) - client-D83FC23EEBD8->4c571e18-69a3-4a6d-81de-e3e48052df18: receive RaftClientReply:client-D83FC23EEBD8->4c571e18-69a3-4a6d-81de-e3e48052df18@group-644576B5741B, cid=664, SUCCESS, logIndex=778, commits[4c571e18-69a3-4a6d-81de-e3e48052df18:c779, 15893972-388e-43c0-9d6c-ca4c76ac06da:c777, c86beb1c-9105-4588-b1e8-133030361c51:c773]
2019-07-12 12:28:08,913 INFO  client.GrpcClientProtocolClient (GrpcClientProtocolClient.java:onNext(255)) - client-D83FC23EEBD8->4c571e18-69a3-4a6d-81de-e3e48052df18: receive RaftClientReply:client-D83FC23EEBD8->4c571e18-69a3-4a6d-81de-e3e48052df18@group-644576B5741B, cid=665, SUCCESS, logIndex=779, commits[4c571e18-69a3-4a6d-81de-e3e48052df18:c781, 15893972-388e-43c0-9d6c-ca4c76ac06da:c779, c86beb1c-9105-4588-b1e8-133030361c51:c779]
2019-07-12 12:28:08,927 INFO  client.GrpcClientProtocolClient (GrpcClientProtocolClient.java:onNext(255)) - client-D83FC23EEBD8->4c571e18-69a3-4a6d-81de-e3e48052df18: receive RaftClientReply:client-D83FC23EEBD8->4c571e18-69a3-4a6d-81de-e3e48052df18@group-644576B5741B, cid=666, SUCCESS, logIndex=782, commits[4c571e18-69a3-4a6d-81de-e3e48052df18:c783, 15893972-388e-43c0-9d6c-ca4c76ac06da:c781, c86beb1c-9105-4588-b1e8-133030361c51:c781]
2019-07-12 12:28:08,927 INFO  client.GrpcClientProtocolClient (GrpcClientProtocolClient.java:onNext(255)) - client-D83FC23EEBD8->4c571e18-69a3-4a6d-81de-e3e48052df18: receive RaftClientReply:client-D83FC23EEBD8->4c571e18-69a3-4a6d-81de-e3e48052df18@group-644576B5741B, cid=667, SUCCESS, logIndex=783, commits[4c571e18-69a3-4a6d-81de-e3e48052df18:c783, 15893972-388e-43c0-9d6c-ca4c76ac06da:c781, c86beb1c-9105-4588-b1e8-133030361c51:c781]
2019-07-12 12:28:08,929 INFO  client.GrpcClientProtocolClient (GrpcClientProtocolClient.java:onNext(255)) - client-D83FC23EEBD8->4c571e18-69a3-4a6d-81de-e3e48052df18: receive RaftClientReply:client-D83FC23EEBD8->4c571e18-69a3-4a6d-81de-e3e48052df18@group-644576B5741B, cid=668, SUCCESS, logIndex=0, commits[4c571e18-69a3-4a6d-81de-e3e48052df18:c785, 15893972-388e-43c0-9d6c-ca4c76ac06da:c783, c86beb1c-9105-4588-b1e8-133030361c51:c783]
2019-07-12 12:28:08,964 INFO  client.GrpcClientProtocolClient (GrpcClientProtocolClient.java:onNext(255)) - client-D83FC23EEBD8->4c571e18-69a3-4a6d-81de-e3e48052df18: receive RaftClientReply:client-D83FC23EEBD8->4c571e18-69a3-4a6d-81de-e3e48052df18@group-644576B5741B, cid=669, SUCCESS, logIndex=786, commits[4c571e18-69a3-4a6d-81de-e3e48052df18:c789, 15893972-388e-43c0-9d6c-ca4c76ac06da:c785, c86beb1c-9105-4588-b1e8-133030361c51:c785]
2019-07-12 12:28:08,966 INFO  client.GrpcClientProtocolClient (GrpcClientProtocolClient.java:onNext(255)) - client-D83FC23EEBD8->4c571e18-69a3-4a6d-81de-e3e48052df18: receive RaftClientReply:client-D83FC23EEBD8->4c571e18-69a3-4a6d-81de-e3e48052df18@group-644576B5741B, cid=670, SUCCESS, logIndex=787, commits[4c571e18-69a3-4a6d-81de-e3e48052df18:c789, 15893972-388e-43c0-9d6c-ca4c76ac06da:c785, c86beb1c-9105-4588-b1e8-133030361c51:c785]
2019-07-12 12:28:08,966 INFO  client.GrpcClientProtocolClient (GrpcClientProtocolClient.java:onNext(255)) - client-D83FC23EEBD8->4c571e18-69a3-4a6d-81de-e3e48052df18: receive RaftClientReply:client-D83FC23EEBD8->4c571e18-69a3-4a6d-81de-e3e48052df18@group-644576B5741B, cid=671, SUCCESS, logIndex=788, commits[4c571e18-69a3-4a6d-81de-e3e48052df18:c790, 15893972-388e-43c0-9d6c-ca4c76ac06da:c786, c86beb1c-9105-4588-b1e8-133030361c51:c786]
2019-07-12 12:28:08,966 INFO  client.GrpcClientProtocolClient (GrpcClientProtocolClient.java:onNext(255)) - client-D83FC23EEBD8->4c571e18-69a3-4a6d-81de-e3e48052df18: receive RaftClientReply:client-D83FC23EEBD8->4c571e18-69a3-4a6d-81de-e3e48052df18@group-644576B5741B, cid=672, SUCCESS, logIndex=789, commits[4c571e18-69a3-4a6d-81de-e3e48052df18:c790, 15893972-388e-43c0-9d6c-ca4c76ac06da:c786, c86beb1c-9105-4588-b1e8-133030361c51:c786]
2019-07-12 12:28:08,967 INFO  client.GrpcClientProtocolClient (GrpcClientProtocolClient.java:onNext(255)) - client-D83FC23EEBD8->4c571e18-69a3-4a6d-81de-e3e48052df18: receive RaftClientReply:client-D83FC23EEBD8->4c571e18-69a3-4a6d-81de-e3e48052df18@group-644576B5741B, cid=673, SUCCESS, logIndex=0, commits[4c571e18-69a3-4a6d-81de-e3e48052df18:c793, 15893972-388e-43c0-9d6c-ca4c76ac06da:c789, c86beb1c-9105-4588-b1e8-133030361c51:c789]
2019-07-12 12:28:08,985 INFO  client.GrpcClientProtocolClient (GrpcClientProtocolClient.java:onNext(255)) - client-D83FC23EEBD8->4c571e18-69a3-4a6d-81de-e3e48052df18: receive RaftClientReply:client-D83FC23EEBD8->4c571e18-69a3-4a6d-81de-e3e48052df18@group-644576B5741B, cid=674, SUCCESS, logIndex=794, commits[4c571e18-69a3-4a6d-81de-e3e48052df18:c795, 15893972-388e-43c0-9d6c-ca4c76ac06da:c793, c86beb1c-9105-4588-b1e8-133030361c51:c793]
2019-07-12 12:28:08,986 INFO  client.GrpcClientProtocolClient (GrpcClientProtocolClient.java:onNext(255)) - client-D83FC23EEBD8->4c571e18-69a3-4a6d-81de-e3e48052df18: receive RaftClientReply:client-D83FC23EEBD8->4c571e18-69a3-4a6d-81de-e3e48052df18@group-644576B5741B, cid=675, SUCCESS, logIndex=795, commits[4c571e18-69a3-4a6d-81de-e3e48052df18:c795, 15893972-388e-43c0-9d6c-ca4c76ac06da:c793, c86beb1c-9105-4588-b1e8-133030361c51:c793]
2019-07-12 12:28:09,009 INFO  client.GrpcClientProtocolClient (GrpcClientProtocolClient.java:onNext(255)) - client-D83FC23EEBD8->4c571e18-69a3-4a6d-81de-e3e48052df18: receive RaftClientReply:client-D83FC23EEBD8->4c571e18-69a3-4a6d-81de-e3e48052df18@group-644576B5741B, cid=676, SUCCESS, logIndex=798, commits[4c571e18-69a3-4a6d-81de-e3e48052df18:c799, 15893972-388e-43c0-9d6c-ca4c76ac06da:c795, c86beb1c-9105-4588-b1e8-133030361c51:c795]
2019-07-12 12:28:09,009 INFO  client.GrpcClientProtocolClient (GrpcClientProtocolClient.java:onNext(255)) - client-D83FC23EEBD8->4c571e18-69a3-4a6d-81de-e3e48052df18: receive RaftClientReply:client-D83FC23EEBD8->4c571e18-69a3-4a6d-81de-e3e48052df18@group-644576B5741B, cid=677, SUCCESS, logIndex=799, commits[4c571e18-69a3-4a6d-81de-e3e48052df18:c799, 15893972-388e-43c0-9d6c-ca4c76ac06da:c795, c86beb1c-9105-4588-b1e8-133030361c51:c795]
2019-07-12 12:28:09,022 INFO  client.GrpcClientProtocolClient (GrpcClientProtocolClient.java:onNext(255)) - client-D83FC23EEBD8->4c571e18-69a3-4a6d-81de-e3e48052df18: receive RaftClientReply:client-D83FC23EEBD8->4c571e18-69a3-4a6d-81de-e3e48052df18@group-644576B5741B, cid=678, SUCCESS, logIndex=0, commits[4c571e18-69a3-4a6d-81de-e3e48052df18:c801, 15893972-388e-43c0-9d6c-ca4c76ac06da:c799, c86beb1c-9105-4588-b1e8-133030361c51:c799]
2019-07-12 12:28:09,046 INFO  client.GrpcClientProtocolClient (GrpcClientProtocolClient.java:onNext(255)) - client-D83FC23EEBD8->4c571e18-69a3-4a6d-81de-e3e48052df18: receive RaftClientReply:client-D83FC23EEBD8->4c571e18-69a3-4a6d-81de-e3e48052df18@group-644576B5741B, cid=679, SUCCESS, logIndex=802, commits[4c571e18-69a3-4a6d-81de-e3e48052df18:c803, 15893972-388e-43c0-9d6c-ca4c76ac06da:c801, c86beb1c-9105-4588-b1e8-133030361c51:c801]
2019-07-12 12:28:09,047 INFO  client.GrpcClientProtocolClient (GrpcClientProtocolClient.java:onNext(255)) - client-D83FC23EEBD8->4c571e18-69a3-4a6d-81de-e3e48052df18: receive RaftClientReply:client-D83FC23EEBD8->4c571e18-69a3-4a6d-81de-e3e48052df18@group-644576B5741B, cid=680, SUCCESS, logIndex=803, commits[4c571e18-69a3-4a6d-81de-e3e48052df18:c805, 15893972-388e-43c0-9d6c-ca4c76ac06da:c801, c86beb1c-9105-4588-b1e8-133030361c51:c801]
2019-07-12 12:28:09,047 INFO  client.GrpcClientProtocolClient (GrpcClientProtocolClient.java:onNext(255)) - client-D83FC23EEBD8->4c571e18-69a3-4a6d-81de-e3e48052df18: receive RaftClientReply:client-D83FC23EEBD8->4c571e18-69a3-4a6d-81de-e3e48052df18@group-644576B5741B, cid=681, SUCCESS, logIndex=804, commits[4c571e18-69a3-4a6d-81de-e3e48052df18:c805, 15893972-388e-43c0-9d6c-ca4c76ac06da:c801, c86beb1c-9105-4588-b1e8-133030361c51:c801]
2019-07-12 12:28:09,047 INFO  client.GrpcClientProtocolClient (GrpcClientProtocolClient.java:onNext(255)) - client-D83FC23EEBD8->4c571e18-69a3-4a6d-81de-e3e48052df18: receive RaftClientReply:client-D83FC23EEBD8->4c571e18-69a3-4a6d-81de-e3e48052df18@group-644576B5741B, cid=682, SUCCESS, logIndex=805, commits[4c571e18-69a3-4a6d-81de-e3e48052df18:c805, 15893972-388e-43c0-9d6c-ca4c76ac06da:c801, c86beb1c-9105-4588-b1e8-133030361c51:c801]
2019-07-12 12:28:09,049 INFO  client.GrpcClientProtocolClient (GrpcClientProtocolClient.java:onNext(255)) - client-D83FC23EEBD8->4c571e18-69a3-4a6d-81de-e3e48052df18: receive RaftClientReply:client-D83FC23EEBD8->4c571e18-69a3-4a6d-81de-e3e48052df18@group-644576B5741B, cid=683, SUCCESS, logIndex=0, commits[4c571e18-69a3-4a6d-81de-e3e48052df18:c807, 15893972-388e-43c0-9d6c-ca4c76ac06da:c803, c86beb1c-9105-4588-b1e8-133030361c51:c803]
2019-07-12 12:28:09,071 INFO  client.GrpcClientProtocolClient (GrpcClientProtocolClient.java:onNext(255)) - client-D83FC23EEBD8->4c571e18-69a3-4a6d-81de-e3e48052df18: receive RaftClientReply:client-D83FC23EEBD8->4c571e18-69a3-4a6d-81de-e3e48052df18@group-644576B5741B, cid=684, SUCCESS, logIndex=810, commits[4c571e18-69a3-4a6d-81de-e3e48052df18:c811, 15893972-388e-43c0-9d6c-ca4c76ac06da:c809, c86beb1c-9105-4588-b1e8-133030361c51:c809]
2019-07-12 12:28:09,071 INFO  client.GrpcClientProtocolClient (GrpcClientProtocolClient.java:onNext(255)) - client-D83FC23EEBD8->4c571e18-69a3-4a6d-81de-e3e48052df18: receive RaftClientReply:client-D83FC23EEBD8->4c571e18-69a3-4a6d-81de-e3e48052df18@group-644576B5741B, cid=685, SUCCESS, logIndex=811, commits[4c571e18-69a3-4a6d-81de-e3e48052df18:c811, 15893972-388e-43c0-9d6c-ca4c76ac06da:c809, c86beb1c-9105-4588-b1e8-133030361c51:c809]
2019-07-12 12:28:09,085 INFO  client.GrpcClientProtocolClient (GrpcClientProtocolClient.java:onNext(255)) - client-D83FC23EEBD8->4c571e18-69a3-4a6d-81de-e3e48052df18: receive RaftClientReply:client-D83FC23EEBD8->4c571e18-69a3-4a6d-81de-e3e48052df18@group-644576B5741B, cid=686, SUCCESS, logIndex=814, commits[4c571e18-69a3-4a6d-81de-e3e48052df18:c814, 15893972-388e-43c0-9d6c-ca4c76ac06da:c811, c86beb1c-9105-4588-b1e8-133030361c51:c810]
2019-07-12 12:28:09,085 INFO  client.GrpcClientProtocolClient (GrpcClientProtocolClient.java:onNext(255)) - client-D83FC23EEBD8->4c571e18-69a3-4a6d-81de-e3e48052df18: receive RaftClientReply:client-D83FC23EEBD8->4c571e18-69a3-4a6d-81de-e3e48052df18@group-644576B5741B, cid=687, SUCCESS, logIndex=815, commits[4c571e18-69a3-4a6d-81de-e3e48052df18:c815, 15893972-388e-43c0-9d6c-ca4c76ac06da:c811, c86beb1c-9105-4588-b1e8-133030361c51:c811]
2019-07-12 12:28:09,089 INFO  client.GrpcClientProtocolClient (GrpcClientProtocolClient.java:onNext(255)) - client-D83FC23EEBD8->4c571e18-69a3-4a6d-81de-e3e48052df18: receive RaftClientReply:client-D83FC23EEBD8->4c571e18-69a3-4a6d-81de-e3e48052df18@group-644576B5741B, cid=688, SUCCESS, logIndex=0, commits[4c571e18-69a3-4a6d-81de-e3e48052df18:c817, 15893972-388e-43c0-9d6c-ca4c76ac06da:c815, c86beb1c-9105-4588-b1e8-133030361c51:c815]
2019-07-12 12:28:09,111 INFO  client.GrpcClientProtocolClient (GrpcClientProtocolClient.java:onNext(255)) - client-D83FC23EEBD8->4c571e18-69a3-4a6d-81de-e3e48052df18: receive RaftClientReply:client-D83FC23EEBD8->4c571e18-69a3-4a6d-81de-e3e48052df18@group-644576B5741B, cid=689, SUCCESS, logIndex=818, commits[4c571e18-69a3-4a6d-81de-e3e48052df18:c819, 15893972-388e-43c0-9d6c-ca4c76ac06da:c817, c86beb1c-9105-4588-b1e8-133030361c51:c817]
2019-07-12 12:28:09,112 INFO  client.GrpcClientProtocolClient (GrpcClientProtocolClient.java:onNext(255)) - client-D83FC23EEBD8->4c571e18-69a3-4a6d-81de-e3e48052df18: receive RaftClientReply:client-D83FC23EEBD8->4c571e18-69a3-4a6d-81de-e3e48052df18@group-644576B5741B, cid=690, SUCCESS, logIndex=819, commits[4c571e18-69a3-4a6d-81de-e3e48052df18:c821, 15893972-388e-43c0-9d6c-ca4c76ac06da:c817, c86beb1c-9105-4588-b1e8-133030361c51:c817]
2019-07-12 12:28:09,112 INFO  client.GrpcClientProtocolClient (GrpcClientProtocolClient.java:onNext(255)) - client-D83FC23EEBD8->4c571e18-69a3-4a6d-81de-e3e48052df18: receive RaftClientReply:client-D83FC23EEBD8->4c571e18-69a3-4a6d-81de-e3e48052df18@group-644576B5741B, cid=691, SUCCESS, logIndex=820, commits[4c571e18-69a3-4a6d-81de-e3e48052df18:c821, 15893972-388e-43c0-9d6c-ca4c76ac06da:c817, c86beb1c-9105-4588-b1e8-133030361c51:c817]
2019-07-12 12:28:09,112 INFO  client.GrpcClientProtocolClient (GrpcClientProtocolClient.java:onNext(255)) - client-D83FC23EEBD8->4c571e18-69a3-4a6d-81de-e3e48052df18: receive RaftClientReply:client-D83FC23EEBD8->4c571e18-69a3-4a6d-81de-e3e48052df18@group-644576B5741B, cid=692, SUCCESS, logIndex=821, commits[4c571e18-69a3-4a6d-81de-e3e48052df18:c821, 15893972-388e-43c0-9d6c-ca4c76ac06da:c817, c86beb1c-9105-4588-b1e8-133030361c51:c817]
2019-07-12 12:28:09,114 INFO  client.GrpcClientProtocolClient (GrpcClientProtocolClient.java:onNext(255)) - client-D83FC23EEBD8->4c571e18-69a3-4a6d-81de-e3e48052df18: receive RaftClientReply:client-D83FC23EEBD8->4c571e18-69a3-4a6d-81de-e3e48052df18@group-644576B5741B, cid=693, SUCCESS, logIndex=0, commits[4c571e18-69a3-4a6d-81de-e3e48052df18:c823, 15893972-388e-43c0-9d6c-ca4c76ac06da:c819, c86beb1c-9105-4588-b1e8-133030361c51:c819]
2019-07-12 12:28:09,135 INFO  client.GrpcClientProtocolClient (GrpcClientProtocolClient.java:onNext(255)) - client-D83FC23EEBD8->4c571e18-69a3-4a6d-81de-e3e48052df18: receive RaftClientReply:client-D83FC23EEBD8->4c571e18-69a3-4a6d-81de-e3e48052df18@group-644576B5741B, cid=694, SUCCESS, logIndex=825, commits[4c571e18-69a3-4a6d-81de-e3e48052df18:c826, 15893972-388e-43c0-9d6c-ca4c76ac06da:c824, c86beb1c-9105-4588-b1e8-133030361c51:c824]
2019-07-12 12:28:09,136 INFO  client.GrpcClientProtocolClient (GrpcClientProtocolClient.java:onNext(255)) - client-D83FC23EEBD8->4c571e18-69a3-4a6d-81de-e3e48052df18: receive RaftClientReply:client-D83FC23EEBD8->4c571e18-69a3-4a6d-81de-e3e48052df18@group-644576B5741B, cid=695, SUCCESS, logIndex=826, commits[4c571e18-69a3-4a6d-81de-e3e48052df18:c826, 15893972-388e-43c0-9d6c-ca4c76ac06da:c824, c86beb1c-9105-4588-b1e8-133030361c51:c824]
2019-07-12 12:28:09,149 INFO  client.GrpcClientProtocolClient (GrpcClientProtocolClient.java:onNext(255)) - client-D83FC23EEBD8->4c571e18-69a3-4a6d-81de-e3e48052df18: receive RaftClientReply:client-D83FC23EEBD8->4c571e18-69a3-4a6d-81de-e3e48052df18@group-644576B5741B, cid=696, SUCCESS, logIndex=829, commits[4c571e18-69a3-4a6d-81de-e3e48052df18:c829, 15893972-388e-43c0-9d6c-ca4c76ac06da:c826, c86beb1c-9105-4588-b1e8-133030361c51:c826]
2019-07-12 12:28:09,149 INFO  client.GrpcClientProtocolClient (GrpcClientProtocolClient.java:onNext(255)) - client-D83FC23EEBD8->4c571e18-69a3-4a6d-81de-e3e48052df18: receive RaftClientReply:client-D83FC23EEBD8->4c571e18-69a3-4a6d-81de-e3e48052df18@group-644576B5741B, cid=697, SUCCESS, logIndex=830, commits[4c571e18-69a3-4a6d-81de-e3e48052df18:c830, 15893972-388e-43c0-9d6c-ca4c76ac06da:c826, c86beb1c-9105-4588-b1e8-133030361c51:c826]
2019-07-12 12:28:09,151 INFO  client.GrpcClientProtocolClient (GrpcClientProtocolClient.java:onNext(255)) - client-D83FC23EEBD8->4c571e18-69a3-4a6d-81de-e3e48052df18: receive RaftClientReply:client-D83FC23EEBD8->4c571e18-69a3-4a6d-81de-e3e48052df18@group-644576B5741B, cid=698, SUCCESS, logIndex=0, commits[4c571e18-69a3-4a6d-81de-e3e48052df18:c832, 15893972-388e-43c0-9d6c-ca4c76ac06da:c830, c86beb1c-9105-4588-b1e8-133030361c51:c830]
2019-07-12 12:28:09,174 INFO  client.GrpcClientProtocolClient (GrpcClientProtocolClient.java:onNext(255)) - client-D83FC23EEBD8->4c571e18-69a3-4a6d-81de-e3e48052df18: receive RaftClientReply:client-D83FC23EEBD8->4c571e18-69a3-4a6d-81de-e3e48052df18@group-644576B5741B, cid=699, SUCCESS, logIndex=833, commits[4c571e18-69a3-4a6d-81de-e3e48052df18:c833, 15893972-388e-43c0-9d6c-ca4c76ac06da:c832, c86beb1c-9105-4588-b1e8-133030361c51:c832]
2019-07-12 12:28:09,175 INFO  client.GrpcClientProtocolClient (GrpcClientProtocolClient.java:onNext(255)) - client-D83FC23EEBD8->4c571e18-69a3-4a6d-81de-e3e48052df18: receive RaftClientReply:client-D83FC23EEBD8->4c571e18-69a3-4a6d-81de-e3e48052df18@group-644576B5741B, cid=700, SUCCESS, logIndex=834, commits[4c571e18-69a3-4a6d-81de-e3e48052df18:c836, 15893972-388e-43c0-9d6c-ca4c76ac06da:c832, c86beb1c-9105-4588-b1e8-133030361c51:c832]
2019-07-12 12:28:09,175 INFO  client.GrpcClientProtocolClient (GrpcClientProtocolClient.java:onNext(255)) - client-D83FC23EEBD8->4c571e18-69a3-4a6d-81de-e3e48052df18: receive RaftClientReply:client-D83FC23EEBD8->4c571e18-69a3-4a6d-81de-e3e48052df18@group-644576B5741B, cid=701, SUCCESS, logIndex=835, commits[4c571e18-69a3-4a6d-81de-e3e48052df18:c836, 15893972-388e-43c0-9d6c-ca4c76ac06da:c832, c86beb1c-9105-4588-b1e8-133030361c51:c832]
2019-07-12 12:28:09,175 INFO  client.GrpcClientProtocolClient (GrpcClientProtocolClient.java:onNext(255)) - client-D83FC23EEBD8->4c571e18-69a3-4a6d-81de-e3e48052df18: receive RaftClientReply:client-D83FC23EEBD8->4c571e18-69a3-4a6d-81de-e3e48052df18@group-644576B5741B, cid=702, SUCCESS, logIndex=836, commits[4c571e18-69a3-4a6d-81de-e3e48052df18:c836, 15893972-388e-43c0-9d6c-ca4c76ac06da:c832, c86beb1c-9105-4588-b1e8-133030361c51:c832]
2019-07-12 12:28:09,187 INFO  client.GrpcClientProtocolClient (GrpcClientProtocolClient.java:onNext(255)) - client-D83FC23EEBD8->4c571e18-69a3-4a6d-81de-e3e48052df18: receive RaftClientReply:client-D83FC23EEBD8->4c571e18-69a3-4a6d-81de-e3e48052df18@group-644576B5741B, cid=703, SUCCESS, logIndex=0, commits[4c571e18-69a3-4a6d-81de-e3e48052df18:c838, 15893972-388e-43c0-9d6c-ca4c76ac06da:c834, c86beb1c-9105-4588-b1e8-133030361c51:c834]
 0.00% |█                                                                                                    |  0/1 Time: 0:00:012019-07-12 12:28:09,208 INFO  client.GrpcClientProtocolClient (GrpcClientProtocolClient.java:onNext(255)) - client-D83FC23EEBD8->4c571e18-69a3-4a6d-81de-e3e48052df18: receive RaftClientReply:client-D83FC23EEBD8->4c571e18-69a3-4a6d-81de-e3e48052df18@group-644576B5741B, cid=704, SUCCESS, logIndex=841, commits[4c571e18-69a3-4a6d-81de-e3e48052df18:c842, 15893972-388e-43c0-9d6c-ca4c76ac06da:c840, c86beb1c-9105-4588-b1e8-133030361c51:c840]
2019-07-12 12:28:09,209 INFO  client.GrpcClientProtocolClient (GrpcClientProtocolClient.java:onNext(255)) - client-D83FC23EEBD8->4c571e18-69a3-4a6d-81de-e3e48052df18: receive RaftClientReply:client-D83FC23EEBD8->4c571e18-69a3-4a6d-81de-e3e48052df18@group-644576B5741B, cid=705, SUCCESS, logIndex=842, commits[4c571e18-69a3-4a6d-81de-e3e48052df18:c842, 15893972-388e-43c0-9d6c-ca4c76ac06da:c840, c86beb1c-9105-4588-b1e8-133030361c51:c840]
2019-07-12 12:28:09,238 INFO  client.GrpcClientProtocolClient (GrpcClientProtocolClient.java:onNext(255)) - client-D83FC23EEBD8->4c571e18-69a3-4a6d-81de-e3e48052df18: receive RaftClientReply:client-D83FC23EEBD8->4c571e18-69a3-4a6d-81de-e3e48052df18@group-644576B5741B, cid=706, SUCCESS, logIndex=845, commits[4c571e18-69a3-4a6d-81de-e3e48052df18:c846, 15893972-388e-43c0-9d6c-ca4c76ac06da:c842, c86beb1c-9105-4588-b1e8-133030361c51:c842]
2019-07-12 12:28:09,238 INFO  client.GrpcClientProtocolClient (GrpcClientProtocolClient.java:onNext(255)) - client-D83FC23EEBD8->4c571e18-69a3-4a6d-81de-e3e48052df18: receive RaftClientReply:client-D83FC23EEBD8->4c571e18-69a3-4a6d-81de-e3e48052df18@group-644576B5741B, cid=707, SUCCESS, logIndex=846, commits[4c571e18-69a3-4a6d-81de-e3e48052df18:c846, 15893972-388e-43c0-9d6c-ca4c76ac06da:c842, c86beb1c-9105-4588-b1e8-133030361c51:c842]
2019-07-12 12:28:09,251 INFO  client.GrpcClientProtocolClient (GrpcClientProtocolClient.java:onNext(255)) - client-D83FC23EEBD8->4c571e18-69a3-4a6d-81de-e3e48052df18: receive RaftClientReply:client-D83FC23EEBD8->4c571e18-69a3-4a6d-81de-e3e48052df18@group-644576B5741B, cid=708, SUCCESS, logIndex=0, commits[4c571e18-69a3-4a6d-81de-e3e48052df18:c848, 15893972-388e-43c0-9d6c-ca4c76ac06da:c846, c86beb1c-9105-4588-b1e8-133030361c51:c846]
2019-07-12 12:28:09,269 INFO  client.GrpcClientProtocolClient (GrpcClientProtocolClient.java:onNext(255)) - client-D83FC23EEBD8->4c571e18-69a3-4a6d-81de-e3e48052df18: receive RaftClientReply:client-D83FC23EEBD8->4c571e18-69a3-4a6d-81de-e3e48052df18@group-644576B5741B, cid=709, SUCCESS, logIndex=849, commits[4c571e18-69a3-4a6d-81de-e3e48052df18:c851, 15893972-388e-43c0-9d6c-ca4c76ac06da:c848, c86beb1c-9105-4588-b1e8-133030361c51:c848]
2019-07-12 12:28:09,270 INFO  client.GrpcClientProtocolClient (GrpcClientProtocolClient.java:onNext(255)) - client-D83FC23EEBD8->4c571e18-69a3-4a6d-81de-e3e48052df18: receive RaftClientReply:client-D83FC23EEBD8->4c571e18-69a3-4a6d-81de-e3e48052df18@group-644576B5741B, cid=710, SUCCESS, logIndex=850, commits[4c571e18-69a3-4a6d-81de-e3e48052df18:c852, 15893972-388e-43c0-9d6c-ca4c76ac06da:c848, c86beb1c-9105-4588-b1e8-133030361c51:c848]
2019-07-12 12:28:09,270 INFO  client.GrpcClientProtocolClient (GrpcClientProtocolClient.java:onNext(255)) - client-D83FC23EEBD8->4c571e18-69a3-4a6d-81de-e3e48052df18: receive RaftClientReply:client-D83FC23EEBD8->4c571e18-69a3-4a6d-81de-e3e48052df18@group-644576B5741B, cid=711, SUCCESS, logIndex=851, commits[4c571e18-69a3-4a6d-81de-e3e48052df18:c852, 15893972-388e-43c0-9d6c-ca4c76ac06da:c848, c86beb1c-9105-4588-b1e8-133030361c51:c848]
2019-07-12 12:28:09,271 INFO  client.GrpcClientProtocolClient (GrpcClientProtocolClient.java:onNext(255)) - client-D83FC23EEBD8->4c571e18-69a3-4a6d-81de-e3e48052df18: receive RaftClientReply:client-D83FC23EEBD8->4c571e18-69a3-4a6d-81de-e3e48052df18@group-644576B5741B, cid=712, SUCCESS, logIndex=852, commits[4c571e18-69a3-4a6d-81de-e3e48052df18:c852, 15893972-388e-43c0-9d6c-ca4c76ac06da:c848, c86beb1c-9105-4588-b1e8-133030361c51:c848]
2019-07-12 12:28:09,272 INFO  client.GrpcClientProtocolClient (GrpcClientProtocolClient.java:onNext(255)) - client-D83FC23EEBD8->4c571e18-69a3-4a6d-81de-e3e48052df18: receive RaftClientReply:client-D83FC23EEBD8->4c571e18-69a3-4a6d-81de-e3e48052df18@group-644576B5741B, cid=713, SUCCESS, logIndex=0, commits[4c571e18-69a3-4a6d-81de-e3e48052df18:c854, 15893972-388e-43c0-9d6c-ca4c76ac06da:c850, c86beb1c-9105-4588-b1e8-133030361c51:c852]
2019-07-12 12:28:09,293 INFO  client.GrpcClientProtocolClient (GrpcClientProtocolClient.java:onNext(255)) - client-D83FC23EEBD8->4c571e18-69a3-4a6d-81de-e3e48052df18: receive RaftClientReply:client-D83FC23EEBD8->4c571e18-69a3-4a6d-81de-e3e48052df18@group-644576B5741B, cid=714, SUCCESS, logIndex=857, commits[4c571e18-69a3-4a6d-81de-e3e48052df18:c858, 15893972-388e-43c0-9d6c-ca4c76ac06da:c856, c86beb1c-9105-4588-b1e8-133030361c51:c856]
2019-07-12 12:28:09,293 INFO  client.GrpcClientProtocolClient (GrpcClientProtocolClient.java:onNext(255)) - client-D83FC23EEBD8->4c571e18-69a3-4a6d-81de-e3e48052df18: receive RaftClientReply:client-D83FC23EEBD8->4c571e18-69a3-4a6d-81de-e3e48052df18@group-644576B5741B, cid=715, SUCCESS, logIndex=858, commits[4c571e18-69a3-4a6d-81de-e3e48052df18:c858, 15893972-388e-43c0-9d6c-ca4c76ac06da:c856, c86beb1c-9105-4588-b1e8-133030361c51:c856]
2019-07-12 12:28:09,388 INFO  client.GrpcClientProtocolClient (GrpcClientProtocolClient.java:onNext(255)) - client-D83FC23EEBD8->4c571e18-69a3-4a6d-81de-e3e48052df18: receive RaftClientReply:client-D83FC23EEBD8->4c571e18-69a3-4a6d-81de-e3e48052df18@group-644576B5741B, cid=716, SUCCESS, logIndex=861, commits[4c571e18-69a3-4a6d-81de-e3e48052df18:c862, 15893972-388e-43c0-9d6c-ca4c76ac06da:c858, c86beb1c-9105-4588-b1e8-133030361c51:c858]
2019-07-12 12:28:09,389 INFO  client.GrpcClientProtocolClient (GrpcClientProtocolClient.java:onNext(255)) - client-D83FC23EEBD8->4c571e18-69a3-4a6d-81de-e3e48052df18: receive RaftClientReply:client-D83FC23EEBD8->4c571e18-69a3-4a6d-81de-e3e48052df18@group-644576B5741B, cid=717, SUCCESS, logIndex=862, commits[4c571e18-69a3-4a6d-81de-e3e48052df18:c862, 15893972-388e-43c0-9d6c-ca4c76ac06da:c858, c86beb1c-9105-4588-b1e8-133030361c51:c858]
2019-07-12 12:28:09,400 INFO  client.GrpcClientProtocolClient (GrpcClientProtocolClient.java:onNext(255)) - client-D83FC23EEBD8->4c571e18-69a3-4a6d-81de-e3e48052df18: receive RaftClientReply:client-D83FC23EEBD8->4c571e18-69a3-4a6d-81de-e3e48052df18@group-644576B5741B, cid=718, SUCCESS, logIndex=0, commits[4c571e18-69a3-4a6d-81de-e3e48052df18:c863, 15893972-388e-43c0-9d6c-ca4c76ac06da:c862, c86beb1c-9105-4588-b1e8-133030361c51:c862]
2019-07-12 12:28:09,421 INFO  client.GrpcClientProtocolClient (GrpcClientProtocolClient.java:onNext(255)) - client-D83FC23EEBD8->4c571e18-69a3-4a6d-81de-e3e48052df18: receive RaftClientReply:client-D83FC23EEBD8->4c571e18-69a3-4a6d-81de-e3e48052df18@group-644576B5741B, cid=719, SUCCESS, logIndex=865, commits[4c571e18-69a3-4a6d-81de-e3e48052df18:c867, 15893972-388e-43c0-9d6c-ca4c76ac06da:c864, c86beb1c-9105-4588-b1e8-133030361c51:c864]
2019-07-12 12:28:09,422 INFO  client.GrpcClientProtocolClient (GrpcClientProtocolClient.java:onNext(255)) - client-D83FC23EEBD8->4c571e18-69a3-4a6d-81de-e3e48052df18: receive RaftClientReply:client-D83FC23EEBD8->4c571e18-69a3-4a6d-81de-e3e48052df18@group-644576B5741B, cid=720, SUCCESS, logIndex=866, commits[4c571e18-69a3-4a6d-81de-e3e48052df18:c868, 15893972-388e-43c0-9d6c-ca4c76ac06da:c864, c86beb1c-9105-4588-b1e8-133030361c51:c864]
2019-07-12 12:28:09,423 INFO  client.GrpcClientProtocolClient (GrpcClientProtocolClient.java:onNext(255)) - client-D83FC23EEBD8->4c571e18-69a3-4a6d-81de-e3e48052df18: receive RaftClientReply:client-D83FC23EEBD8->4c571e18-69a3-4a6d-81de-e3e48052df18@group-644576B5741B, cid=721, SUCCESS, logIndex=867, commits[4c571e18-69a3-4a6d-81de-e3e48052df18:c868, 15893972-388e-43c0-9d6c-ca4c76ac06da:c864, c86beb1c-9105-4588-b1e8-133030361c51:c864]
2019-07-12 12:28:09,423 INFO  client.GrpcClientProtocolClient (GrpcClientProtocolClient.java:onNext(255)) - client-D83FC23EEBD8->4c571e18-69a3-4a6d-81de-e3e48052df18: receive RaftClientReply:client-D83FC23EEBD8->4c571e18-69a3-4a6d-81de-e3e48052df18@group-644576B5741B, cid=722, SUCCESS, logIndex=868, commits[4c571e18-69a3-4a6d-81de-e3e48052df18:c868, 15893972-388e-43c0-9d6c-ca4c76ac06da:c864, c86beb1c-9105-4588-b1e8-133030361c51:c864]
2019-07-12 12:28:09,425 INFO  client.GrpcClientProtocolClient (GrpcClientProtocolClient.java:onNext(255)) - client-D83FC23EEBD8->4c571e18-69a3-4a6d-81de-e3e48052df18: receive RaftClientReply:client-D83FC23EEBD8->4c571e18-69a3-4a6d-81de-e3e48052df18@group-644576B5741B, cid=723, SUCCESS, logIndex=0, commits[4c571e18-69a3-4a6d-81de-e3e48052df18:c871, 15893972-388e-43c0-9d6c-ca4c76ac06da:c866, c86beb1c-9105-4588-b1e8-133030361c51:c867]
2019-07-12 12:28:09,446 INFO  client.GrpcClientProtocolClient (GrpcClientProtocolClient.java:onNext(255)) - client-D83FC23EEBD8->4c571e18-69a3-4a6d-81de-e3e48052df18: receive RaftClientReply:client-D83FC23EEBD8->4c571e18-69a3-4a6d-81de-e3e48052df18@group-644576B5741B, cid=724, SUCCESS, logIndex=873, commits[4c571e18-69a3-4a6d-81de-e3e48052df18:c874, 15893972-388e-43c0-9d6c-ca4c76ac06da:c872, c86beb1c-9105-4588-b1e8-133030361c51:c872]
2019-07-12 12:28:09,447 INFO  client.GrpcClientProtocolClient (GrpcClientProtocolClient.java:onNext(255)) - client-D83FC23EEBD8->4c571e18-69a3-4a6d-81de-e3e48052df18: receive RaftClientReply:client-D83FC23EEBD8->4c571e18-69a3-4a6d-81de-e3e48052df18@group-644576B5741B, cid=725, SUCCESS, logIndex=874, commits[4c571e18-69a3-4a6d-81de-e3e48052df18:c874, 15893972-388e-43c0-9d6c-ca4c76ac06da:c872, c86beb1c-9105-4588-b1e8-133030361c51:c872]
2019-07-12 12:28:09,460 INFO  client.GrpcClientProtocolClient (GrpcClientProtocolClient.java:onNext(255)) - client-D83FC23EEBD8->4c571e18-69a3-4a6d-81de-e3e48052df18: receive RaftClientReply:client-D83FC23EEBD8->4c571e18-69a3-4a6d-81de-e3e48052df18@group-644576B5741B, cid=726, SUCCESS, logIndex=877, commits[4c571e18-69a3-4a6d-81de-e3e48052df18:c878, 15893972-388e-43c0-9d6c-ca4c76ac06da:c874, c86beb1c-9105-4588-b1e8-133030361c51:c874]
2019-07-12 12:28:09,461 INFO  client.GrpcClientProtocolClient (GrpcClientProtocolClient.java:onNext(255)) - client-D83FC23EEBD8->4c571e18-69a3-4a6d-81de-e3e48052df18: receive RaftClientReply:client-D83FC23EEBD8->4c571e18-69a3-4a6d-81de-e3e48052df18@group-644576B5741B, cid=727, SUCCESS, logIndex=878, commits[4c571e18-69a3-4a6d-81de-e3e48052df18:c878, 15893972-388e-43c0-9d6c-ca4c76ac06da:c874, c86beb1c-9105-4588-b1e8-133030361c51:c874]
2019-07-12 12:28:09,462 INFO  client.GrpcClientProtocolClient (GrpcClientProtocolClient.java:onNext(255)) - client-D83FC23EEBD8->4c571e18-69a3-4a6d-81de-e3e48052df18: receive RaftClientReply:client-D83FC23EEBD8->4c571e18-69a3-4a6d-81de-e3e48052df18@group-644576B5741B, cid=728, SUCCESS, logIndex=0, commits[4c571e18-69a3-4a6d-81de-e3e48052df18:c879, 15893972-388e-43c0-9d6c-ca4c76ac06da:c878, c86beb1c-9105-4588-b1e8-133030361c51:c878]
2019-07-12 12:28:09,498 INFO  client.GrpcClientProtocolClient (GrpcClientProtocolClient.java:onNext(255)) - client-D83FC23EEBD8->4c571e18-69a3-4a6d-81de-e3e48052df18: receive RaftClientReply:client-D83FC23EEBD8->4c571e18-69a3-4a6d-81de-e3e48052df18@group-644576B5741B, cid=729, SUCCESS, logIndex=881, commits[4c571e18-69a3-4a6d-81de-e3e48052df18:c882, 15893972-388e-43c0-9d6c-ca4c76ac06da:c878, c86beb1c-9105-4588-b1e8-133030361c51:c880]
2019-07-12 12:28:09,499 INFO  client.GrpcClientProtocolClient (GrpcClientProtocolClient.java:onNext(255)) - client-D83FC23EEBD8->4c571e18-69a3-4a6d-81de-e3e48052df18: receive RaftClientReply:client-D83FC23EEBD8->4c571e18-69a3-4a6d-81de-e3e48052df18@group-644576B5741B, cid=730, SUCCESS, logIndex=882, commits[4c571e18-69a3-4a6d-81de-e3e48052df18:c882, 15893972-388e-43c0-9d6c-ca4c76ac06da:c878, c86beb1c-9105-4588-b1e8-133030361c51:c880]
2019-07-12 12:28:09,502 INFO  client.GrpcClientProtocolClient (GrpcClientProtocolClient.java:onNext(255)) - client-D83FC23EEBD8->4c571e18-69a3-4a6d-81de-e3e48052df18: receive RaftClientReply:client-D83FC23EEBD8->4c571e18-69a3-4a6d-81de-e3e48052df18@group-644576B5741B, cid=731, SUCCESS, logIndex=883, commits[4c571e18-69a3-4a6d-81de-e3e48052df18:c884, 15893972-388e-43c0-9d6c-ca4c76ac06da:c882, c86beb1c-9105-4588-b1e8-133030361c51:c882]
2019-07-12 12:28:09,503 INFO  client.GrpcClientProtocolClient (GrpcClientProtocolClient.java:onNext(255)) - client-D83FC23EEBD8->4c571e18-69a3-4a6d-81de-e3e48052df18: receive RaftClientReply:client-D83FC23EEBD8->4c571e18-69a3-4a6d-81de-e3e48052df18@group-644576B5741B, cid=732, SUCCESS, logIndex=884, commits[4c571e18-69a3-4a6d-81de-e3e48052df18:c884, 15893972-388e-43c0-9d6c-ca4c76ac06da:c882, c86beb1c-9105-4588-b1e8-133030361c51:c882]
2019-07-12 12:28:09,522 INFO  client.GrpcClientProtocolClient (GrpcClientProtocolClient.java:onNext(255)) - client-D83FC23EEBD8->4c571e18-69a3-4a6d-81de-e3e48052df18: receive RaftClientReply:client-D83FC23EEBD8->4c571e18-69a3-4a6d-81de-e3e48052df18@group-644576B5741B, cid=733, SUCCESS, logIndex=889, commits[4c571e18-69a3-4a6d-81de-e3e48052df18:c890, 15893972-388e-43c0-9d6c-ca4c76ac06da:c888, c86beb1c-9105-4588-b1e8-133030361c51:c888]
2019-07-12 12:28:09,523 INFO  client.GrpcClientProtocolClient (GrpcClientProtocolClient.java:onNext(255)) - client-D83FC23EEBD8->4c571e18-69a3-4a6d-81de-e3e48052df18: receive RaftClientReply:client-D83FC23EEBD8->4c571e18-69a3-4a6d-81de-e3e48052df18@group-644576B5741B, cid=734, SUCCESS, logIndex=890, commits[4c571e18-69a3-4a6d-81de-e3e48052df18:c890, 15893972-388e-43c0-9d6c-ca4c76ac06da:c888, c86beb1c-9105-4588-b1e8-133030361c51:c888]
2019-07-12 12:28:09,536 INFO  client.GrpcClientProtocolClient (GrpcClientProtocolClient.java:onNext(255)) - client-D83FC23EEBD8->4c571e18-69a3-4a6d-81de-e3e48052df18: receive RaftClientReply:client-D83FC23EEBD8->4c571e18-69a3-4a6d-81de-e3e48052df18@group-644576B5741B, cid=735, SUCCESS, logIndex=893, commits[4c571e18-69a3-4a6d-81de-e3e48052df18:c894, 15893972-388e-43c0-9d6c-ca4c76ac06da:c890, c86beb1c-9105-4588-b1e8-133030361c51:c890]
2019-07-12 12:28:09,536 INFO  client.GrpcClientProtocolClient (GrpcClientProtocolClient.java:onNext(255)) - client-D83FC23EEBD8->4c571e18-69a3-4a6d-81de-e3e48052df18: receive RaftClientReply:client-D83FC23EEBD8->4c571e18-69a3-4a6d-81de-e3e48052df18@group-644576B5741B, cid=736, SUCCESS, logIndex=894, commits[4c571e18-69a3-4a6d-81de-e3e48052df18:c894, 15893972-388e-43c0-9d6c-ca4c76ac06da:c890, c86beb1c-9105-4588-b1e8-133030361c51:c890]
2019-07-12 12:28:09,549 INFO  client.GrpcClientProtocolClient (GrpcClientProtocolClient.java:onNext(255)) - client-D83FC23EEBD8->4c571e18-69a3-4a6d-81de-e3e48052df18: receive RaftClientReply:client-D83FC23EEBD8->4c571e18-69a3-4a6d-81de-e3e48052df18@group-644576B5741B, cid=737, SUCCESS, logIndex=0, commits[4c571e18-69a3-4a6d-81de-e3e48052df18:c896, 15893972-388e-43c0-9d6c-ca4c76ac06da:c894, c86beb1c-9105-4588-b1e8-133030361c51:c894]
2019-07-12 12:28:09,569 INFO  client.GrpcClientProtocolClient (GrpcClientProtocolClient.java:onNext(255)) - client-D83FC23EEBD8->4c571e18-69a3-4a6d-81de-e3e48052df18: receive RaftClientReply:client-D83FC23EEBD8->4c571e18-69a3-4a6d-81de-e3e48052df18@group-644576B5741B, cid=738, SUCCESS, logIndex=897, commits[4c571e18-69a3-4a6d-81de-e3e48052df18:c898, 15893972-388e-43c0-9d6c-ca4c76ac06da:c896, c86beb1c-9105-4588-b1e8-133030361c51:c896]
2019-07-12 12:28:09,570 INFO  client.GrpcClientProtocolClient (GrpcClientProtocolClient.java:onNext(255)) - client-D83FC23EEBD8->4c571e18-69a3-4a6d-81de-e3e48052df18: receive RaftClientReply:client-D83FC23EEBD8->4c571e18-69a3-4a6d-81de-e3e48052df18@group-644576B5741B, cid=739, SUCCESS, logIndex=898, commits[4c571e18-69a3-4a6d-81de-e3e48052df18:c900, 15893972-388e-43c0-9d6c-ca4c76ac06da:c896, c86beb1c-9105-4588-b1e8-133030361c51:c896]
2019-07-12 12:28:09,571 INFO  client.GrpcClientProtocolClient (GrpcClientProtocolClient.java:onNext(255)) - client-D83FC23EEBD8->4c571e18-69a3-4a6d-81de-e3e48052df18: receive RaftClientReply:client-D83FC23EEBD8->4c571e18-69a3-4a6d-81de-e3e48052df18@group-644576B5741B, cid=740, SUCCESS, logIndex=899, commits[4c571e18-69a3-4a6d-81de-e3e48052df18:c900, 15893972-388e-43c0-9d6c-ca4c76ac06da:c896, c86beb1c-9105-4588-b1e8-133030361c51:c896]
2019-07-12 12:28:09,571 INFO  client.GrpcClientProtocolClient (GrpcClientProtocolClient.java:onNext(255)) - client-D83FC23EEBD8->4c571e18-69a3-4a6d-81de-e3e48052df18: receive RaftClientReply:client-D83FC23EEBD8->4c571e18-69a3-4a6d-81de-e3e48052df18@group-644576B5741B, cid=741, SUCCESS, logIndex=900, commits[4c571e18-69a3-4a6d-81de-e3e48052df18:c900, 15893972-388e-43c0-9d6c-ca4c76ac06da:c896, c86beb1c-9105-4588-b1e8-133030361c51:c896]
2019-07-12 12:28:09,572 INFO  client.GrpcClientProtocolClient (GrpcClientProtocolClient.java:onNext(255)) - client-D83FC23EEBD8->4c571e18-69a3-4a6d-81de-e3e48052df18: receive RaftClientReply:client-D83FC23EEBD8->4c571e18-69a3-4a6d-81de-e3e48052df18@group-644576B5741B, cid=742, SUCCESS, logIndex=0, commits[4c571e18-69a3-4a6d-81de-e3e48052df18:c903, 15893972-388e-43c0-9d6c-ca4c76ac06da:c898, c86beb1c-9105-4588-b1e8-133030361c51:c900]
2019-07-12 12:28:09,592 INFO  client.GrpcClientProtocolClient (GrpcClientProtocolClient.java:onNext(255)) - client-D83FC23EEBD8->4c571e18-69a3-4a6d-81de-e3e48052df18: receive RaftClientReply:client-D83FC23EEBD8->4c571e18-69a3-4a6d-81de-e3e48052df18@group-644576B5741B, cid=743, SUCCESS, logIndex=905, commits[4c571e18-69a3-4a6d-81de-e3e48052df18:c906, 15893972-388e-43c0-9d6c-ca4c76ac06da:c904, c86beb1c-9105-4588-b1e8-133030361c51:c904]
2019-07-12 12:28:09,592 INFO  client.GrpcClientProtocolClient (GrpcClientProtocolClient.java:onNext(255)) - client-D83FC23EEBD8->4c571e18-69a3-4a6d-81de-e3e48052df18: receive RaftClientReply:client-D83FC23EEBD8->4c571e18-69a3-4a6d-81de-e3e48052df18@group-644576B5741B, cid=744, SUCCESS, logIndex=906, commits[4c571e18-69a3-4a6d-81de-e3e48052df18:c906, 15893972-388e-43c0-9d6c-ca4c76ac06da:c904, c86beb1c-9105-4588-b1e8-133030361c51:c904]
2019-07-12 12:28:09,605 INFO  client.GrpcClientProtocolClient (GrpcClientProtocolClient.java:onNext(255)) - client-D83FC23EEBD8->4c571e18-69a3-4a6d-81de-e3e48052df18: receive RaftClientReply:client-D83FC23EEBD8->4c571e18-69a3-4a6d-81de-e3e48052df18@group-644576B5741B, cid=745, SUCCESS, logIndex=909, commits[4c571e18-69a3-4a6d-81de-e3e48052df18:c910, 15893972-388e-43c0-9d6c-ca4c76ac06da:c906, c86beb1c-9105-4588-b1e8-133030361c51:c906]
2019-07-12 12:28:09,606 INFO  client.GrpcClientProtocolClient (GrpcClientProtocolClient.java:onNext(255)) - client-D83FC23EEBD8->4c571e18-69a3-4a6d-81de-e3e48052df18: receive RaftClientReply:client-D83FC23EEBD8->4c571e18-69a3-4a6d-81de-e3e48052df18@group-644576B5741B, cid=746, SUCCESS, logIndex=910, commits[4c571e18-69a3-4a6d-81de-e3e48052df18:c910, 15893972-388e-43c0-9d6c-ca4c76ac06da:c906, c86beb1c-9105-4588-b1e8-133030361c51:c906]
2019-07-12 12:28:09,608 INFO  client.GrpcClientProtocolClient (GrpcClientProtocolClient.java:onNext(255)) - client-D83FC23EEBD8->4c571e18-69a3-4a6d-81de-e3e48052df18: receive RaftClientReply:client-D83FC23EEBD8->4c571e18-69a3-4a6d-81de-e3e48052df18@group-644576B5741B, cid=747, SUCCESS, logIndex=0, commits[4c571e18-69a3-4a6d-81de-e3e48052df18:c912, 15893972-388e-43c0-9d6c-ca4c76ac06da:c910, c86beb1c-9105-4588-b1e8-133030361c51:c910]
2019-07-12 12:28:09,629 INFO  client.GrpcClientProtocolClient (GrpcClientProtocolClient.java:onNext(255)) - client-D83FC23EEBD8->4c571e18-69a3-4a6d-81de-e3e48052df18: receive RaftClientReply:client-D83FC23EEBD8->4c571e18-69a3-4a6d-81de-e3e48052df18@group-644576B5741B, cid=748, SUCCESS, logIndex=913, commits[4c571e18-69a3-4a6d-81de-e3e48052df18:c915, 15893972-388e-43c0-9d6c-ca4c76ac06da:c912, c86beb1c-9105-4588-b1e8-133030361c51:c912]
2019-07-12 12:28:09,630 INFO  client.GrpcClientProtocolClient (GrpcClientProtocolClient.java:onNext(255)) - client-D83FC23EEBD8->4c571e18-69a3-4a6d-81de-e3e48052df18: receive RaftClientReply:client-D83FC23EEBD8->4c571e18-69a3-4a6d-81de-e3e48052df18@group-644576B5741B, cid=749, SUCCESS, logIndex=914, commits[4c571e18-69a3-4a6d-81de-e3e48052df18:c916, 15893972-388e-43c0-9d6c-ca4c76ac06da:c912, c86beb1c-9105-4588-b1e8-133030361c51:c912]
2019-07-12 12:28:09,630 INFO  client.GrpcClientProtocolClient (GrpcClientProtocolClient.java:onNext(255)) - client-D83FC23EEBD8->4c571e18-69a3-4a6d-81de-e3e48052df18: receive RaftClientReply:client-D83FC23EEBD8->4c571e18-69a3-4a6d-81de-e3e48052df18@group-644576B5741B, cid=750, SUCCESS, logIndex=915, commits[4c571e18-69a3-4a6d-81de-e3e48052df18:c916, 15893972-388e-43c0-9d6c-ca4c76ac06da:c912, c86beb1c-9105-4588-b1e8-133030361c51:c912]
2019-07-12 12:28:09,631 INFO  client.GrpcClientProtocolClient (GrpcClientProtocolClient.java:onNext(255)) - client-D83FC23EEBD8->4c571e18-69a3-4a6d-81de-e3e48052df18: receive RaftClientReply:client-D83FC23EEBD8->4c571e18-69a3-4a6d-81de-e3e48052df18@group-644576B5741B, cid=751, SUCCESS, logIndex=916, commits[4c571e18-69a3-4a6d-81de-e3e48052df18:c916, 15893972-388e-43c0-9d6c-ca4c76ac06da:c912, c86beb1c-9105-4588-b1e8-133030361c51:c912]
2019-07-12 12:28:09,632 INFO  client.GrpcClientProtocolClient (GrpcClientProtocolClient.java:onNext(255)) - client-D83FC23EEBD8->4c571e18-69a3-4a6d-81de-e3e48052df18: receive RaftClientReply:client-D83FC23EEBD8->4c571e18-69a3-4a6d-81de-e3e48052df18@group-644576B5741B, cid=752, SUCCESS, logIndex=0, commits[4c571e18-69a3-4a6d-81de-e3e48052df18:c920, 15893972-388e-43c0-9d6c-ca4c76ac06da:c914, c86beb1c-9105-4588-b1e8-133030361c51:c916]
2019-07-12 12:28:09,651 INFO  client.GrpcClientProtocolClient (GrpcClientProtocolClient.java:onNext(255)) - client-D83FC23EEBD8->4c571e18-69a3-4a6d-81de-e3e48052df18: receive RaftClientReply:client-D83FC23EEBD8->4c571e18-69a3-4a6d-81de-e3e48052df18@group-644576B5741B, cid=753, SUCCESS, logIndex=921, commits[4c571e18-69a3-4a6d-81de-e3e48052df18:c922, 15893972-388e-43c0-9d6c-ca4c76ac06da:c920, c86beb1c-9105-4588-b1e8-133030361c51:c920]
2019-07-12 12:28:09,652 INFO  client.GrpcClientProtocolClient (GrpcClientProtocolClient.java:onNext(255)) - client-D83FC23EEBD8->4c571e18-69a3-4a6d-81de-e3e48052df18: receive RaftClientReply:client-D83FC23EEBD8->4c571e18-69a3-4a6d-81de-e3e48052df18@group-644576B5741B, cid=754, SUCCESS, logIndex=922, commits[4c571e18-69a3-4a6d-81de-e3e48052df18:c922, 15893972-388e-43c0-9d6c-ca4c76ac06da:c920, c86beb1c-9105-4588-b1e8-133030361c51:c920]
2019-07-12 12:28:09,665 INFO  client.GrpcClientProtocolClient (GrpcClientProtocolClient.java:onNext(255)) - client-D83FC23EEBD8->4c571e18-69a3-4a6d-81de-e3e48052df18: receive RaftClientReply:client-D83FC23EEBD8->4c571e18-69a3-4a6d-81de-e3e48052df18@group-644576B5741B, cid=755, SUCCESS, logIndex=925, commits[4c571e18-69a3-4a6d-81de-e3e48052df18:c926, 15893972-388e-43c0-9d6c-ca4c76ac06da:c922, c86beb1c-9105-4588-b1e8-133030361c51:c922]
2019-07-12 12:28:09,665 INFO  client.GrpcClientProtocolClient (GrpcClientProtocolClient.java:onNext(255)) - client-D83FC23EEBD8->4c571e18-69a3-4a6d-81de-e3e48052df18: receive RaftClientReply:client-D83FC23EEBD8->4c571e18-69a3-4a6d-81de-e3e48052df18@group-644576B5741B, cid=756, SUCCESS, logIndex=926, commits[4c571e18-69a3-4a6d-81de-e3e48052df18:c926, 15893972-388e-43c0-9d6c-ca4c76ac06da:c922, c86beb1c-9105-4588-b1e8-133030361c51:c922]
2019-07-12 12:28:09,678 INFO  client.GrpcClientProtocolClient (GrpcClientProtocolClient.java:onNext(255)) - client-D83FC23EEBD8->4c571e18-69a3-4a6d-81de-e3e48052df18: receive RaftClientReply:client-D83FC23EEBD8->4c571e18-69a3-4a6d-81de-e3e48052df18@group-644576B5741B, cid=757, SUCCESS, logIndex=0, commits[4c571e18-69a3-4a6d-81de-e3e48052df18:c928, 15893972-388e-43c0-9d6c-ca4c76ac06da:c926, c86beb1c-9105-4588-b1e8-133030361c51:c926]
2019-07-12 12:28:09,698 INFO  client.GrpcClientProtocolClient (GrpcClientProtocolClient.java:onNext(255)) - client-D83FC23EEBD8->4c571e18-69a3-4a6d-81de-e3e48052df18: receive RaftClientReply:client-D83FC23EEBD8->4c571e18-69a3-4a6d-81de-e3e48052df18@group-644576B5741B, cid=758, SUCCESS, logIndex=929, commits[4c571e18-69a3-4a6d-81de-e3e48052df18:c930, 15893972-388e-43c0-9d6c-ca4c76ac06da:c928, c86beb1c-9105-4588-b1e8-133030361c51:c928]
2019-07-12 12:28:09,699 INFO  client.GrpcClientProtocolClient (GrpcClientProtocolClient.java:onNext(255)) - client-D83FC23EEBD8->4c571e18-69a3-4a6d-81de-e3e48052df18: receive RaftClientReply:client-D83FC23EEBD8->4c571e18-69a3-4a6d-81de-e3e48052df18@group-644576B5741B, cid=759, SUCCESS, logIndex=930, commits[4c571e18-69a3-4a6d-81de-e3e48052df18:c932, 15893972-388e-43c0-9d6c-ca4c76ac06da:c928, c86beb1c-9105-4588-b1e8-133030361c51:c928]
2019-07-12 12:28:09,699 INFO  client.GrpcClientProtocolClient (GrpcClientProtocolClient.java:onNext(255)) - client-D83FC23EEBD8->4c571e18-69a3-4a6d-81de-e3e48052df18: receive RaftClientReply:client-D83FC23EEBD8->4c571e18-69a3-4a6d-81de-e3e48052df18@group-644576B5741B, cid=760, SUCCESS, logIndex=931, commits[4c571e18-69a3-4a6d-81de-e3e48052df18:c932, 15893972-388e-43c0-9d6c-ca4c76ac06da:c928, c86beb1c-9105-4588-b1e8-133030361c51:c928]
2019-07-12 12:28:09,699 INFO  client.GrpcClientProtocolClient (GrpcClientProtocolClient.java:onNext(255)) - client-D83FC23EEBD8->4c571e18-69a3-4a6d-81de-e3e48052df18: receive RaftClientReply:client-D83FC23EEBD8->4c571e18-69a3-4a6d-81de-e3e48052df18@group-644576B5741B, cid=761, SUCCESS, logIndex=932, commits[4c571e18-69a3-4a6d-81de-e3e48052df18:c932, 15893972-388e-43c0-9d6c-ca4c76ac06da:c928, c86beb1c-9105-4588-b1e8-133030361c51:c928]
2019-07-12 12:28:09,700 INFO  client.GrpcClientProtocolClient (GrpcClientProtocolClient.java:onNext(255)) - client-D83FC23EEBD8->4c571e18-69a3-4a6d-81de-e3e48052df18: receive RaftClientReply:client-D83FC23EEBD8->4c571e18-69a3-4a6d-81de-e3e48052df18@group-644576B5741B, cid=762, SUCCESS, logIndex=0, commits[4c571e18-69a3-4a6d-81de-e3e48052df18:c935, 15893972-388e-43c0-9d6c-ca4c76ac06da:c932, c86beb1c-9105-4588-b1e8-133030361c51:c930]
2019-07-12 12:28:09,730 INFO  client.GrpcClientProtocolClient (GrpcClientProtocolClient.java:onNext(255)) - client-D83FC23EEBD8->4c571e18-69a3-4a6d-81de-e3e48052df18: receive RaftClientReply:client-D83FC23EEBD8->4c571e18-69a3-4a6d-81de-e3e48052df18@group-644576B5741B, cid=763, SUCCESS, logIndex=937, commits[4c571e18-69a3-4a6d-81de-e3e48052df18:c938, 15893972-388e-43c0-9d6c-ca4c76ac06da:c936, c86beb1c-9105-4588-b1e8-133030361c51:c936]
2019-07-12 12:28:09,731 INFO  client.GrpcClientProtocolClient (GrpcClientProtocolClient.java:onNext(255)) - client-D83FC23EEBD8->4c571e18-69a3-4a6d-81de-e3e48052df18: receive RaftClientReply:client-D83FC23EEBD8->4c571e18-69a3-4a6d-81de-e3e48052df18@group-644576B5741B, cid=764, SUCCESS, logIndex=938, commits[4c571e18-69a3-4a6d-81de-e3e48052df18:c938, 15893972-388e-43c0-9d6c-ca4c76ac06da:c936, c86beb1c-9105-4588-b1e8-133030361c51:c936]
2019-07-12 12:28:09,745 INFO  client.GrpcClientProtocolClient (GrpcClientProtocolClient.java:onNext(255)) - client-D83FC23EEBD8->4c571e18-69a3-4a6d-81de-e3e48052df18: receive RaftClientReply:client-D83FC23EEBD8->4c571e18-69a3-4a6d-81de-e3e48052df18@group-644576B5741B, cid=765, SUCCESS, logIndex=941, commits[4c571e18-69a3-4a6d-81de-e3e48052df18:c942, 15893972-388e-43c0-9d6c-ca4c76ac06da:c938, c86beb1c-9105-4588-b1e8-133030361c51:c937]
2019-07-12 12:28:09,745 INFO  client.GrpcClientProtocolClient (GrpcClientProtocolClient.java:onNext(255)) - client-D83FC23EEBD8->4c571e18-69a3-4a6d-81de-e3e48052df18: receive RaftClientReply:client-D83FC23EEBD8->4c571e18-69a3-4a6d-81de-e3e48052df18@group-644576B5741B, cid=766, SUCCESS, logIndex=942, commits[4c571e18-69a3-4a6d-81de-e3e48052df18:c942, 15893972-388e-43c0-9d6c-ca4c76ac06da:c938, c86beb1c-9105-4588-b1e8-133030361c51:c938]
2019-07-12 12:28:09,747 INFO  client.GrpcClientProtocolClient (GrpcClientProtocolClient.java:onNext(255)) - client-D83FC23EEBD8->4c571e18-69a3-4a6d-81de-e3e48052df18: receive RaftClientReply:client-D83FC23EEBD8->4c571e18-69a3-4a6d-81de-e3e48052df18@group-644576B5741B, cid=767, SUCCESS, logIndex=0, commits[4c571e18-69a3-4a6d-81de-e3e48052df18:c943, 15893972-388e-43c0-9d6c-ca4c76ac06da:c942, c86beb1c-9105-4588-b1e8-133030361c51:c942]
2019-07-12 12:28:09,768 INFO  client.GrpcClientProtocolClient (GrpcClientProtocolClient.java:onNext(255)) - client-D83FC23EEBD8->4c571e18-69a3-4a6d-81de-e3e48052df18: receive RaftClientReply:client-D83FC23EEBD8->4c571e18-69a3-4a6d-81de-e3e48052df18@group-644576B5741B, cid=768, SUCCESS, logIndex=945, commits[4c571e18-69a3-4a6d-81de-e3e48052df18:c946, 15893972-388e-43c0-9d6c-ca4c76ac06da:c944, c86beb1c-9105-4588-b1e8-133030361c51:c944]
2019-07-12 12:28:09,769 INFO  client.GrpcClientProtocolClient (GrpcClientProtocolClient.java:onNext(255)) - client-D83FC23EEBD8->4c571e18-69a3-4a6d-81de-e3e48052df18: receive RaftClientReply:client-D83FC23EEBD8->4c571e18-69a3-4a6d-81de-e3e48052df18@group-644576B5741B, cid=769, SUCCESS, logIndex=946, commits[4c571e18-69a3-4a6d-81de-e3e48052df18:c946, 15893972-388e-43c0-9d6c-ca4c76ac06da:c944, c86beb1c-9105-4588-b1e8-133030361c51:c944]
2019-07-12 12:28:09,769 INFO  client.GrpcClientProtocolClient (GrpcClientProtocolClient.java:onNext(255)) - client-D83FC23EEBD8->4c571e18-69a3-4a6d-81de-e3e48052df18: receive RaftClientReply:client-D83FC23EEBD8->4c571e18-69a3-4a6d-81de-e3e48052df18@group-644576B5741B, cid=770, SUCCESS, logIndex=947, commits[4c571e18-69a3-4a6d-81de-e3e48052df18:c947, 15893972-388e-43c0-9d6c-ca4c76ac06da:c944, c86beb1c-9105-4588-b1e8-133030361c51:c944]
2019-07-12 12:28:09,770 INFO  client.GrpcClientProtocolClient (GrpcClientProtocolClient.java:onNext(255)) - client-D83FC23EEBD8->4c571e18-69a3-4a6d-81de-e3e48052df18: receive RaftClientReply:client-D83FC23EEBD8->4c571e18-69a3-4a6d-81de-e3e48052df18@group-644576B5741B, cid=771, SUCCESS, logIndex=948, commits[4c571e18-69a3-4a6d-81de-e3e48052df18:c948, 15893972-388e-43c0-9d6c-ca4c76ac06da:c944, c86beb1c-9105-4588-b1e8-133030361c51:c944]
2019-07-12 12:28:09,771 INFO  client.GrpcClientProtocolClient (GrpcClientProtocolClient.java:onNext(255)) - client-D83FC23EEBD8->4c571e18-69a3-4a6d-81de-e3e48052df18: receive RaftClientReply:client-D83FC23EEBD8->4c571e18-69a3-4a6d-81de-e3e48052df18@group-644576B5741B, cid=772, SUCCESS, logIndex=0, commits[4c571e18-69a3-4a6d-81de-e3e48052df18:c950, 15893972-388e-43c0-9d6c-ca4c76ac06da:c946, c86beb1c-9105-4588-b1e8-133030361c51:c946]
2019-07-12 12:28:09,791 INFO  client.GrpcClientProtocolClient (GrpcClientProtocolClient.java:onNext(255)) - client-D83FC23EEBD8->4c571e18-69a3-4a6d-81de-e3e48052df18: receive RaftClientReply:client-D83FC23EEBD8->4c571e18-69a3-4a6d-81de-e3e48052df18@group-644576B5741B, cid=773, SUCCESS, logIndex=953, commits[4c571e18-69a3-4a6d-81de-e3e48052df18:c954, 15893972-388e-43c0-9d6c-ca4c76ac06da:c952, c86beb1c-9105-4588-b1e8-133030361c51:c952]
2019-07-12 12:28:09,791 INFO  client.GrpcClientProtocolClient (GrpcClientProtocolClient.java:onNext(255)) - client-D83FC23EEBD8->4c571e18-69a3-4a6d-81de-e3e48052df18: receive RaftClientReply:client-D83FC23EEBD8->4c571e18-69a3-4a6d-81de-e3e48052df18@group-644576B5741B, cid=774, SUCCESS, logIndex=954, commits[4c571e18-69a3-4a6d-81de-e3e48052df18:c954, 15893972-388e-43c0-9d6c-ca4c76ac06da:c952, c86beb1c-9105-4588-b1e8-133030361c51:c952]
2019-07-12 12:28:09,803 INFO  client.GrpcClientProtocolClient (GrpcClientProtocolClient.java:onNext(255)) - client-D83FC23EEBD8->4c571e18-69a3-4a6d-81de-e3e48052df18: receive RaftClientReply:client-D83FC23EEBD8->4c571e18-69a3-4a6d-81de-e3e48052df18@group-644576B5741B, cid=775, SUCCESS, logIndex=957, commits[4c571e18-69a3-4a6d-81de-e3e48052df18:c957, 15893972-388e-43c0-9d6c-ca4c76ac06da:c954, c86beb1c-9105-4588-b1e8-133030361c51:c954]
2019-07-12 12:28:09,804 INFO  client.GrpcClientProtocolClient (GrpcClientProtocolClient.java:onNext(255)) - client-D83FC23EEBD8->4c571e18-69a3-4a6d-81de-e3e48052df18: receive RaftClientReply:client-D83FC23EEBD8->4c571e18-69a3-4a6d-81de-e3e48052df18@group-644576B5741B, cid=776, SUCCESS, logIndex=958, commits[4c571e18-69a3-4a6d-81de-e3e48052df18:c958, 15893972-388e-43c0-9d6c-ca4c76ac06da:c954, c86beb1c-9105-4588-b1e8-133030361c51:c954]
2019-07-12 12:28:09,816 INFO  client.GrpcClientProtocolClient (GrpcClientProtocolClient.java:onNext(255)) - client-D83FC23EEBD8->4c571e18-69a3-4a6d-81de-e3e48052df18: receive RaftClientReply:client-D83FC23EEBD8->4c571e18-69a3-4a6d-81de-e3e48052df18@group-644576B5741B, cid=777, SUCCESS, logIndex=0, commits[4c571e18-69a3-4a6d-81de-e3e48052df18:c960, 15893972-388e-43c0-9d6c-ca4c76ac06da:c958, c86beb1c-9105-4588-b1e8-133030361c51:c958]
2019-07-12 12:28:09,837 INFO  client.GrpcClientProtocolClient (GrpcClientProtocolClient.java:onNext(255)) - client-D83FC23EEBD8->4c571e18-69a3-4a6d-81de-e3e48052df18: receive RaftClientReply:client-D83FC23EEBD8->4c571e18-69a3-4a6d-81de-e3e48052df18@group-644576B5741B, cid=778, SUCCESS, logIndex=961, commits[4c571e18-69a3-4a6d-81de-e3e48052df18:c962, 15893972-388e-43c0-9d6c-ca4c76ac06da:c960, c86beb1c-9105-4588-b1e8-133030361c51:c960]
2019-07-12 12:28:09,837 INFO  client.GrpcClientProtocolClient (GrpcClientProtocolClient.java:onNext(255)) - client-D83FC23EEBD8->4c571e18-69a3-4a6d-81de-e3e48052df18: receive RaftClientReply:client-D83FC23EEBD8->4c571e18-69a3-4a6d-81de-e3e48052df18@group-644576B5741B, cid=779, SUCCESS, logIndex=962, commits[4c571e18-69a3-4a6d-81de-e3e48052df18:c962, 15893972-388e-43c0-9d6c-ca4c76ac06da:c960, c86beb1c-9105-4588-b1e8-133030361c51:c960]
2019-07-12 12:28:09,838 INFO  client.GrpcClientProtocolClient (GrpcClientProtocolClient.java:onNext(255)) - client-D83FC23EEBD8->4c571e18-69a3-4a6d-81de-e3e48052df18: receive RaftClientReply:client-D83FC23EEBD8->4c571e18-69a3-4a6d-81de-e3e48052df18@group-644576B5741B, cid=780, SUCCESS, logIndex=963, commits[4c571e18-69a3-4a6d-81de-e3e48052df18:c964, 15893972-388e-43c0-9d6c-ca4c76ac06da:c960, c86beb1c-9105-4588-b1e8-133030361c51:c960]
2019-07-12 12:28:09,838 INFO  client.GrpcClientProtocolClient (GrpcClientProtocolClient.java:onNext(255)) - client-D83FC23EEBD8->4c571e18-69a3-4a6d-81de-e3e48052df18: receive RaftClientReply:client-D83FC23EEBD8->4c571e18-69a3-4a6d-81de-e3e48052df18@group-644576B5741B, cid=781, SUCCESS, logIndex=964, commits[4c571e18-69a3-4a6d-81de-e3e48052df18:c964, 15893972-388e-43c0-9d6c-ca4c76ac06da:c960, c86beb1c-9105-4588-b1e8-133030361c51:c960]
2019-07-12 12:28:09,839 INFO  client.GrpcClientProtocolClient (GrpcClientProtocolClient.java:onNext(255)) - client-D83FC23EEBD8->4c571e18-69a3-4a6d-81de-e3e48052df18: receive RaftClientReply:client-D83FC23EEBD8->4c571e18-69a3-4a6d-81de-e3e48052df18@group-644576B5741B, cid=782, SUCCESS, logIndex=0, commits[4c571e18-69a3-4a6d-81de-e3e48052df18:c966, 15893972-388e-43c0-9d6c-ca4c76ac06da:c962, c86beb1c-9105-4588-b1e8-133030361c51:c962]
2019-07-12 12:28:09,861 INFO  client.GrpcClientProtocolClient (GrpcClientProtocolClient.java:onNext(255)) - client-D83FC23EEBD8->4c571e18-69a3-4a6d-81de-e3e48052df18: receive RaftClientReply:client-D83FC23EEBD8->4c571e18-69a3-4a6d-81de-e3e48052df18@group-644576B5741B, cid=783, SUCCESS, logIndex=969, commits[4c571e18-69a3-4a6d-81de-e3e48052df18:c970, 15893972-388e-43c0-9d6c-ca4c76ac06da:c968, c86beb1c-9105-4588-b1e8-133030361c51:c968]
2019-07-12 12:28:09,862 INFO  client.GrpcClientProtocolClient (GrpcClientProtocolClient.java:onNext(255)) - client-D83FC23EEBD8->4c571e18-69a3-4a6d-81de-e3e48052df18: receive RaftClientReply:client-D83FC23EEBD8->4c571e18-69a3-4a6d-81de-e3e48052df18@group-644576B5741B, cid=784, SUCCESS, logIndex=970, commits[4c571e18-69a3-4a6d-81de-e3e48052df18:c970, 15893972-388e-43c0-9d6c-ca4c76ac06da:c968, c86beb1c-9105-4588-b1e8-133030361c51:c968]
2019-07-12 12:28:09,875 INFO  client.GrpcClientProtocolClient (GrpcClientProtocolClient.java:onNext(255)) - client-D83FC23EEBD8->4c571e18-69a3-4a6d-81de-e3e48052df18: receive RaftClientReply:client-D83FC23EEBD8->4c571e18-69a3-4a6d-81de-e3e48052df18@group-644576B5741B, cid=785, SUCCESS, logIndex=973, commits[4c571e18-69a3-4a6d-81de-e3e48052df18:c974, 15893972-388e-43c0-9d6c-ca4c76ac06da:c970, c86beb1c-9105-4588-b1e8-133030361c51:c970]
2019-07-12 12:28:09,875 INFO  client.GrpcClientProtocolClient (GrpcClientProtocolClient.java:onNext(255)) - client-D83FC23EEBD8->4c571e18-69a3-4a6d-81de-e3e48052df18: receive RaftClientReply:client-D83FC23EEBD8->4c571e18-69a3-4a6d-81de-e3e48052df18@group-644576B5741B, cid=786, SUCCESS, logIndex=974, commits[4c571e18-69a3-4a6d-81de-e3e48052df18:c974, 15893972-388e-43c0-9d6c-ca4c76ac06da:c970, c86beb1c-9105-4588-b1e8-133030361c51:c970]
2019-07-12 12:28:09,887 INFO  client.GrpcClientProtocolClient (GrpcClientProtocolClient.java:onNext(255)) - client-D83FC23EEBD8->4c571e18-69a3-4a6d-81de-e3e48052df18: receive RaftClientReply:client-D83FC23EEBD8->4c571e18-69a3-4a6d-81de-e3e48052df18@group-644576B5741B, cid=787, SUCCESS, logIndex=0, commits[4c571e18-69a3-4a6d-81de-e3e48052df18:c976, 15893972-388e-43c0-9d6c-ca4c76ac06da:c974, c86beb1c-9105-4588-b1e8-133030361c51:c974]
2019-07-12 12:28:09,907 INFO  client.GrpcClientProtocolClient (GrpcClientProtocolClient.java:onNext(255)) - client-D83FC23EEBD8->4c571e18-69a3-4a6d-81de-e3e48052df18: receive RaftClientReply:client-D83FC23EEBD8->4c571e18-69a3-4a6d-81de-e3e48052df18@group-644576B5741B, cid=788, SUCCESS, logIndex=977, commits[4c571e18-69a3-4a6d-81de-e3e48052df18:c978, 15893972-388e-43c0-9d6c-ca4c76ac06da:c976, c86beb1c-9105-4588-b1e8-133030361c51:c976]
2019-07-12 12:28:09,908 INFO  client.GrpcClientProtocolClient (GrpcClientProtocolClient.java:onNext(255)) - client-D83FC23EEBD8->4c571e18-69a3-4a6d-81de-e3e48052df18: receive RaftClientReply:client-D83FC23EEBD8->4c571e18-69a3-4a6d-81de-e3e48052df18@group-644576B5741B, cid=789, SUCCESS, logIndex=978, commits[4c571e18-69a3-4a6d-81de-e3e48052df18:c978, 15893972-388e-43c0-9d6c-ca4c76ac06da:c976, c86beb1c-9105-4588-b1e8-133030361c51:c976]
2019-07-12 12:28:09,908 INFO  client.GrpcClientProtocolClient (GrpcClientProtocolClient.java:onNext(255)) - client-D83FC23EEBD8->4c571e18-69a3-4a6d-81de-e3e48052df18: receive RaftClientReply:client-D83FC23EEBD8->4c571e18-69a3-4a6d-81de-e3e48052df18@group-644576B5741B, cid=790, SUCCESS, logIndex=979, commits[4c571e18-69a3-4a6d-81de-e3e48052df18:c980, 15893972-388e-43c0-9d6c-ca4c76ac06da:c976, c86beb1c-9105-4588-b1e8-133030361c51:c976]
2019-07-12 12:28:09,909 INFO  client.GrpcClientProtocolClient (GrpcClientProtocolClient.java:onNext(255)) - client-D83FC23EEBD8->4c571e18-69a3-4a6d-81de-e3e48052df18: receive RaftClientReply:client-D83FC23EEBD8->4c571e18-69a3-4a6d-81de-e3e48052df18@group-644576B5741B, cid=791, SUCCESS, logIndex=980, commits[4c571e18-69a3-4a6d-81de-e3e48052df18:c980, 15893972-388e-43c0-9d6c-ca4c76ac06da:c976, c86beb1c-9105-4588-b1e8-133030361c51:c976]
2019-07-12 12:28:09,910 INFO  client.GrpcClientProtocolClient (GrpcClientProtocolClient.java:onNext(255)) - client-D83FC23EEBD8->4c571e18-69a3-4a6d-81de-e3e48052df18: receive RaftClientReply:client-D83FC23EEBD8->4c571e18-69a3-4a6d-81de-e3e48052df18@group-644576B5741B, cid=792, SUCCESS, logIndex=0, commits[4c571e18-69a3-4a6d-81de-e3e48052df18:c982, 15893972-388e-43c0-9d6c-ca4c76ac06da:c978, c86beb1c-9105-4588-b1e8-133030361c51:c978]
2019-07-12 12:28:09,929 INFO  client.GrpcClientProtocolClient (GrpcClientProtocolClient.java:onNext(255)) - client-D83FC23EEBD8->4c571e18-69a3-4a6d-81de-e3e48052df18: receive RaftClientReply:client-D83FC23EEBD8->4c571e18-69a3-4a6d-81de-e3e48052df18@group-644576B5741B, cid=793, SUCCESS, logIndex=984, commits[4c571e18-69a3-4a6d-81de-e3e48052df18:c985, 15893972-388e-43c0-9d6c-ca4c76ac06da:c983, c86beb1c-9105-4588-b1e8-133030361c51:c983]
2019-07-12 12:28:09,929 INFO  client.GrpcClientProtocolClient (GrpcClientProtocolClient.java:onNext(255)) - client-D83FC23EEBD8->4c571e18-69a3-4a6d-81de-e3e48052df18: receive RaftClientReply:client-D83FC23EEBD8->4c571e18-69a3-4a6d-81de-e3e48052df18@group-644576B5741B, cid=794, SUCCESS, logIndex=985, commits[4c571e18-69a3-4a6d-81de-e3e48052df18:c985, 15893972-388e-43c0-9d6c-ca4c76ac06da:c983, c86beb1c-9105-4588-b1e8-133030361c51:c983]
2019-07-12 12:28:09,943 INFO  client.GrpcClientProtocolClient (GrpcClientProtocolClient.java:onNext(255)) - client-D83FC23EEBD8->4c571e18-69a3-4a6d-81de-e3e48052df18: receive RaftClientReply:client-D83FC23EEBD8->4c571e18-69a3-4a6d-81de-e3e48052df18@group-644576B5741B, cid=795, SUCCESS, logIndex=988, commits[4c571e18-69a3-4a6d-81de-e3e48052df18:c989, 15893972-388e-43c0-9d6c-ca4c76ac06da:c985, c86beb1c-9105-4588-b1e8-133030361c51:c985]
2019-07-12 12:28:09,943 INFO  client.GrpcClientProtocolClient (GrpcClientProtocolClient.java:onNext(255)) - client-D83FC23EEBD8->4c571e18-69a3-4a6d-81de-e3e48052df18: receive RaftClientReply:client-D83FC23EEBD8->4c571e18-69a3-4a6d-81de-e3e48052df18@group-644576B5741B, cid=796, SUCCESS, logIndex=989, commits[4c571e18-69a3-4a6d-81de-e3e48052df18:c989, 15893972-388e-43c0-9d6c-ca4c76ac06da:c985, c86beb1c-9105-4588-b1e8-133030361c51:c985]
2019-07-12 12:28:09,955 INFO  client.GrpcClientProtocolClient (GrpcClientProtocolClient.java:onNext(255)) - client-D83FC23EEBD8->4c571e18-69a3-4a6d-81de-e3e48052df18: receive RaftClientReply:client-D83FC23EEBD8->4c571e18-69a3-4a6d-81de-e3e48052df18@group-644576B5741B, cid=797, SUCCESS, logIndex=0, commits[4c571e18-69a3-4a6d-81de-e3e48052df18:c991, 15893972-388e-43c0-9d6c-ca4c76ac06da:c989, c86beb1c-9105-4588-b1e8-133030361c51:c989]
2019-07-12 12:28:09,982 INFO  client.GrpcClientProtocolClient (GrpcClientProtocolClient.java:onNext(255)) - client-D83FC23EEBD8->4c571e18-69a3-4a6d-81de-e3e48052df18: receive RaftClientReply:client-D83FC23EEBD8->4c571e18-69a3-4a6d-81de-e3e48052df18@group-644576B5741B, cid=798, SUCCESS, logIndex=992, commits[4c571e18-69a3-4a6d-81de-e3e48052df18:c994, 15893972-388e-43c0-9d6c-ca4c76ac06da:c991, c86beb1c-9105-4588-b1e8-133030361c51:c991]
2019-07-12 12:28:09,982 INFO  client.GrpcClientProtocolClient (GrpcClientProtocolClient.java:onNext(255)) - client-D83FC23EEBD8->4c571e18-69a3-4a6d-81de-e3e48052df18: receive RaftClientReply:client-D83FC23EEBD8->4c571e18-69a3-4a6d-81de-e3e48052df18@group-644576B5741B, cid=799, SUCCESS, logIndex=993, commits[4c571e18-69a3-4a6d-81de-e3e48052df18:c995, 15893972-388e-43c0-9d6c-ca4c76ac06da:c991, c86beb1c-9105-4588-b1e8-133030361c51:c991]
2019-07-12 12:28:09,983 INFO  client.GrpcClientProtocolClient (GrpcClientProtocolClient.java:onNext(255)) - client-D83FC23EEBD8->4c571e18-69a3-4a6d-81de-e3e48052df18: receive RaftClientReply:client-D83FC23EEBD8->4c571e18-69a3-4a6d-81de-e3e48052df18@group-644576B5741B, cid=800, SUCCESS, logIndex=994, commits[4c571e18-69a3-4a6d-81de-e3e48052df18:c995, 15893972-388e-43c0-9d6c-ca4c76ac06da:c991, c86beb1c-9105-4588-b1e8-133030361c51:c991]
2019-07-12 12:28:09,983 INFO  client.GrpcClientProtocolClient (GrpcClientProtocolClient.java:onNext(255)) - client-D83FC23EEBD8->4c571e18-69a3-4a6d-81de-e3e48052df18: receive RaftClientReply:client-D83FC23EEBD8->4c571e18-69a3-4a6d-81de-e3e48052df18@group-644576B5741B, cid=801, SUCCESS, logIndex=995, commits[4c571e18-69a3-4a6d-81de-e3e48052df18:c995, 15893972-388e-43c0-9d6c-ca4c76ac06da:c991, c86beb1c-9105-4588-b1e8-133030361c51:c991]
2019-07-12 12:28:09,985 INFO  client.GrpcClientProtocolClient (GrpcClientProtocolClient.java:onNext(255)) - client-D83FC23EEBD8->4c571e18-69a3-4a6d-81de-e3e48052df18: receive RaftClientReply:client-D83FC23EEBD8->4c571e18-69a3-4a6d-81de-e3e48052df18@group-644576B5741B, cid=802, SUCCESS, logIndex=0, commits[4c571e18-69a3-4a6d-81de-e3e48052df18:c996, 15893972-388e-43c0-9d6c-ca4c76ac06da:c994, c86beb1c-9105-4588-b1e8-133030361c51:c994]
2019-07-12 12:28:10,004 INFO  client.GrpcClientProtocolClient (GrpcClientProtocolClient.java:onNext(255)) - client-D83FC23EEBD8->4c571e18-69a3-4a6d-81de-e3e48052df18: receive RaftClientReply:client-D83FC23EEBD8->4c571e18-69a3-4a6d-81de-e3e48052df18@group-644576B5741B, cid=803, SUCCESS, logIndex=1000, commits[4c571e18-69a3-4a6d-81de-e3e48052df18:c1001, 15893972-388e-43c0-9d6c-ca4c76ac06da:c999, c86beb1c-9105-4588-b1e8-133030361c51:c999]
2019-07-12 12:28:10,004 INFO  client.GrpcClientProtocolClient (GrpcClientProtocolClient.java:onNext(255)) - client-D83FC23EEBD8->4c571e18-69a3-4a6d-81de-e3e48052df18: receive RaftClientReply:client-D83FC23EEBD8->4c571e18-69a3-4a6d-81de-e3e48052df18@group-644576B5741B, cid=804, SUCCESS, logIndex=1001, commits[4c571e18-69a3-4a6d-81de-e3e48052df18:c1001, 15893972-388e-43c0-9d6c-ca4c76ac06da:c999, c86beb1c-9105-4588-b1e8-133030361c51:c999]
2019-07-12 12:28:10,113 INFO  client.GrpcClientProtocolClient (GrpcClientProtocolClient.java:onNext(255)) - client-D83FC23EEBD8->4c571e18-69a3-4a6d-81de-e3e48052df18: receive RaftClientReply:client-D83FC23EEBD8->4c571e18-69a3-4a6d-81de-e3e48052df18@group-644576B5741B, cid=805, SUCCESS, logIndex=1004, commits[4c571e18-69a3-4a6d-81de-e3e48052df18:c1005, 15893972-388e-43c0-9d6c-ca4c76ac06da:c1002, c86beb1c-9105-4588-b1e8-133030361c51:c1002]
2019-07-12 12:28:10,113 INFO  client.GrpcClientProtocolClient (GrpcClientProtocolClient.java:onNext(255)) - client-D83FC23EEBD8->4c571e18-69a3-4a6d-81de-e3e48052df18: receive RaftClientReply:client-D83FC23EEBD8->4c571e18-69a3-4a6d-81de-e3e48052df18@group-644576B5741B, cid=806, SUCCESS, logIndex=1005, commits[4c571e18-69a3-4a6d-81de-e3e48052df18:c1005, 15893972-388e-43c0-9d6c-ca4c76ac06da:c1002, c86beb1c-9105-4588-b1e8-133030361c51:c1002]
2019-07-12 12:28:10,125 INFO  client.GrpcClientProtocolClient (GrpcClientProtocolClient.java:onNext(255)) - client-D83FC23EEBD8->4c571e18-69a3-4a6d-81de-e3e48052df18: receive RaftClientReply:client-D83FC23EEBD8->4c571e18-69a3-4a6d-81de-e3e48052df18@group-644576B5741B, cid=807, SUCCESS, logIndex=0, commits[4c571e18-69a3-4a6d-81de-e3e48052df18:c1006, 15893972-388e-43c0-9d6c-ca4c76ac06da:c1005, c86beb1c-9105-4588-b1e8-133030361c51:c1005]
2019-07-12 12:28:10,147 INFO  client.GrpcClientProtocolClient (GrpcClientProtocolClient.java:onNext(255)) - client-D83FC23EEBD8->4c571e18-69a3-4a6d-81de-e3e48052df18: receive RaftClientReply:client-D83FC23EEBD8->4c571e18-69a3-4a6d-81de-e3e48052df18@group-644576B5741B, cid=808, SUCCESS, logIndex=1008, commits[4c571e18-69a3-4a6d-81de-e3e48052df18:c1009, 15893972-388e-43c0-9d6c-ca4c76ac06da:c1007, c86beb1c-9105-4588-b1e8-133030361c51:c1007]
2019-07-12 12:28:10,148 INFO  client.GrpcClientProtocolClient (GrpcClientProtocolClient.java:onNext(255)) - client-D83FC23EEBD8->4c571e18-69a3-4a6d-81de-e3e48052df18: receive RaftClientReply:client-D83FC23EEBD8->4c571e18-69a3-4a6d-81de-e3e48052df18@group-644576B5741B, cid=809, SUCCESS, logIndex=1009, commits[4c571e18-69a3-4a6d-81de-e3e48052df18:c1011, 15893972-388e-43c0-9d6c-ca4c76ac06da:c1007, c86beb1c-9105-4588-b1e8-133030361c51:c1007]
2019-07-12 12:28:10,148 INFO  client.GrpcClientProtocolClient (GrpcClientProtocolClient.java:onNext(255)) - client-D83FC23EEBD8->4c571e18-69a3-4a6d-81de-e3e48052df18: receive RaftClientReply:client-D83FC23EEBD8->4c571e18-69a3-4a6d-81de-e3e48052df18@group-644576B5741B, cid=810, SUCCESS, logIndex=1010, commits[4c571e18-69a3-4a6d-81de-e3e48052df18:c1011, 15893972-388e-43c0-9d6c-ca4c76ac06da:c1007, c86beb1c-9105-4588-b1e8-133030361c51:c1007]
2019-07-12 12:28:10,149 INFO  client.GrpcClientProtocolClient (GrpcClientProtocolClient.java:onNext(255)) - client-D83FC23EEBD8->4c571e18-69a3-4a6d-81de-e3e48052df18: receive RaftClientReply:client-D83FC23EEBD8->4c571e18-69a3-4a6d-81de-e3e48052df18@group-644576B5741B, cid=811, SUCCESS, logIndex=1011, commits[4c571e18-69a3-4a6d-81de-e3e48052df18:c1011, 15893972-388e-43c0-9d6c-ca4c76ac06da:c1007, c86beb1c-9105-4588-b1e8-133030361c51:c1007]
2019-07-12 12:28:10,150 INFO  client.GrpcClientProtocolClient (GrpcClientProtocolClient.java:onNext(255)) - client-D83FC23EEBD8->4c571e18-69a3-4a6d-81de-e3e48052df18: receive RaftClientReply:client-D83FC23EEBD8->4c571e18-69a3-4a6d-81de-e3e48052df18@group-644576B5741B, cid=812, SUCCESS, logIndex=0, commits[4c571e18-69a3-4a6d-81de-e3e48052df18:c1015, 15893972-388e-43c0-9d6c-ca4c76ac06da:c1010, c86beb1c-9105-4588-b1e8-133030361c51:c1011]
2019-07-12 12:28:10,170 INFO  client.GrpcClientProtocolClient (GrpcClientProtocolClient.java:onNext(255)) - client-D83FC23EEBD8->4c571e18-69a3-4a6d-81de-e3e48052df18: receive RaftClientReply:client-D83FC23EEBD8->4c571e18-69a3-4a6d-81de-e3e48052df18@group-644576B5741B, cid=813, SUCCESS, logIndex=1016, commits[4c571e18-69a3-4a6d-81de-e3e48052df18:c1017, 15893972-388e-43c0-9d6c-ca4c76ac06da:c1015, c86beb1c-9105-4588-b1e8-133030361c51:c1015]
2019-07-12 12:28:10,171 INFO  client.GrpcClientProtocolClient (GrpcClientProtocolClient.java:onNext(255)) - client-D83FC23EEBD8->4c571e18-69a3-4a6d-81de-e3e48052df18: receive RaftClientReply:client-D83FC23EEBD8->4c571e18-69a3-4a6d-81de-e3e48052df18@group-644576B5741B, cid=814, SUCCESS, logIndex=1017, commits[4c571e18-69a3-4a6d-81de-e3e48052df18:c1017, 15893972-388e-43c0-9d6c-ca4c76ac06da:c1015, c86beb1c-9105-4588-b1e8-133030361c51:c1015]
2019-07-12 12:28:10,183 INFO  client.GrpcClientProtocolClient (GrpcClientProtocolClient.java:onNext(255)) - client-D83FC23EEBD8->4c571e18-69a3-4a6d-81de-e3e48052df18: receive RaftClientReply:client-D83FC23EEBD8->4c571e18-69a3-4a6d-81de-e3e48052df18@group-644576B5741B, cid=815, SUCCESS, logIndex=1020, commits[4c571e18-69a3-4a6d-81de-e3e48052df18:c1021, 15893972-388e-43c0-9d6c-ca4c76ac06da:c1017, c86beb1c-9105-4588-b1e8-133030361c51:c1017]
2019-07-12 12:28:10,183 INFO  client.GrpcClientProtocolClient (GrpcClientProtocolClient.java:onNext(255)) - client-D83FC23EEBD8->4c571e18-69a3-4a6d-81de-e3e48052df18: receive RaftClientReply:client-D83FC23EEBD8->4c571e18-69a3-4a6d-81de-e3e48052df18@group-644576B5741B, cid=816, SUCCESS, logIndex=1021, commits[4c571e18-69a3-4a6d-81de-e3e48052df18:c1021, 15893972-388e-43c0-9d6c-ca4c76ac06da:c1017, c86beb1c-9105-4588-b1e8-133030361c51:c1017]
2019-07-12 12:28:10,185 INFO  client.GrpcClientProtocolClient (GrpcClientProtocolClient.java:onNext(255)) - client-D83FC23EEBD8->4c571e18-69a3-4a6d-81de-e3e48052df18: receive RaftClientReply:client-D83FC23EEBD8->4c571e18-69a3-4a6d-81de-e3e48052df18@group-644576B5741B, cid=817, SUCCESS, logIndex=0, commits[4c571e18-69a3-4a6d-81de-e3e48052df18:c1022, 15893972-388e-43c0-9d6c-ca4c76ac06da:c1021, c86beb1c-9105-4588-b1e8-133030361c51:c1021]
 0.00% |█                                                                                                    |  0/1 Time: 0:00:022019-07-12 12:28:10,207 INFO  client.GrpcClientProtocolClient (GrpcClientProtocolClient.java:onNext(255)) - client-D83FC23EEBD8->4c571e18-69a3-4a6d-81de-e3e48052df18: receive RaftClientReply:client-D83FC23EEBD8->4c571e18-69a3-4a6d-81de-e3e48052df18@group-644576B5741B, cid=818, SUCCESS, logIndex=1024, commits[4c571e18-69a3-4a6d-81de-e3e48052df18:c1025, 15893972-388e-43c0-9d6c-ca4c76ac06da:c1023, c86beb1c-9105-4588-b1e8-133030361c51:c1023]
2019-07-12 12:28:10,207 INFO  client.GrpcClientProtocolClient (GrpcClientProtocolClient.java:onNext(255)) - client-D83FC23EEBD8->4c571e18-69a3-4a6d-81de-e3e48052df18: receive RaftClientReply:client-D83FC23EEBD8->4c571e18-69a3-4a6d-81de-e3e48052df18@group-644576B5741B, cid=819, SUCCESS, logIndex=1025, commits[4c571e18-69a3-4a6d-81de-e3e48052df18:c1025, 15893972-388e-43c0-9d6c-ca4c76ac06da:c1023, c86beb1c-9105-4588-b1e8-133030361c51:c1023]
2019-07-12 12:28:10,208 INFO  client.GrpcClientProtocolClient (GrpcClientProtocolClient.java:onNext(255)) - client-D83FC23EEBD8->4c571e18-69a3-4a6d-81de-e3e48052df18: receive RaftClientReply:client-D83FC23EEBD8->4c571e18-69a3-4a6d-81de-e3e48052df18@group-644576B5741B, cid=820, SUCCESS, logIndex=1026, commits[4c571e18-69a3-4a6d-81de-e3e48052df18:c1027, 15893972-388e-43c0-9d6c-ca4c76ac06da:c1023, c86beb1c-9105-4588-b1e8-133030361c51:c1023]
2019-07-12 12:28:10,208 INFO  client.GrpcClientProtocolClient (GrpcClientProtocolClient.java:onNext(255)) - client-D83FC23EEBD8->4c571e18-69a3-4a6d-81de-e3e48052df18: receive RaftClientReply:client-D83FC23EEBD8->4c571e18-69a3-4a6d-81de-e3e48052df18@group-644576B5741B, cid=821, SUCCESS, logIndex=1027, commits[4c571e18-69a3-4a6d-81de-e3e48052df18:c1028, 15893972-388e-43c0-9d6c-ca4c76ac06da:c1023, c86beb1c-9105-4588-b1e8-133030361c51:c1024]
2019-07-12 12:28:10,209 INFO  client.GrpcClientProtocolClient (GrpcClientProtocolClient.java:onNext(255)) - client-D83FC23EEBD8->4c571e18-69a3-4a6d-81de-e3e48052df18: receive RaftClientReply:client-D83FC23EEBD8->4c571e18-69a3-4a6d-81de-e3e48052df18@group-644576B5741B, cid=822, SUCCESS, logIndex=0, commits[4c571e18-69a3-4a6d-81de-e3e48052df18:c1029, 15893972-388e-43c0-9d6c-ca4c76ac06da:c1025, c86beb1c-9105-4588-b1e8-133030361c51:c1025]
2019-07-12 12:28:10,261 INFO  client.GrpcClientProtocolClient (GrpcClientProtocolClient.java:onNext(255)) - client-D83FC23EEBD8->4c571e18-69a3-4a6d-81de-e3e48052df18: receive RaftClientReply:client-D83FC23EEBD8->4c571e18-69a3-4a6d-81de-e3e48052df18@group-644576B5741B, cid=823, SUCCESS, logIndex=1031, commits[4c571e18-69a3-4a6d-81de-e3e48052df18:c1032, 15893972-388e-43c0-9d6c-ca4c76ac06da:c1030, c86beb1c-9105-4588-b1e8-133030361c51:c1030]
2019-07-12 12:28:10,261 INFO  client.GrpcClientProtocolClient (GrpcClientProtocolClient.java:onNext(255)) - client-D83FC23EEBD8->4c571e18-69a3-4a6d-81de-e3e48052df18: receive RaftClientReply:client-D83FC23EEBD8->4c571e18-69a3-4a6d-81de-e3e48052df18@group-644576B5741B, cid=824, SUCCESS, logIndex=1032, commits[4c571e18-69a3-4a6d-81de-e3e48052df18:c1032, 15893972-388e-43c0-9d6c-ca4c76ac06da:c1030, c86beb1c-9105-4588-b1e8-133030361c51:c1030]
2019-07-12 12:28:10,285 INFO  client.GrpcClientProtocolClient (GrpcClientProtocolClient.java:onNext(255)) - client-D83FC23EEBD8->4c571e18-69a3-4a6d-81de-e3e48052df18: receive RaftClientReply:client-D83FC23EEBD8->4c571e18-69a3-4a6d-81de-e3e48052df18@group-644576B5741B, cid=825, SUCCESS, logIndex=1035, commits[4c571e18-69a3-4a6d-81de-e3e48052df18:c1036, 15893972-388e-43c0-9d6c-ca4c76ac06da:c1032, c86beb1c-9105-4588-b1e8-133030361c51:c1032]
2019-07-12 12:28:10,286 INFO  client.GrpcClientProtocolClient (GrpcClientProtocolClient.java:onNext(255)) - client-D83FC23EEBD8->4c571e18-69a3-4a6d-81de-e3e48052df18: receive RaftClientReply:client-D83FC23EEBD8->4c571e18-69a3-4a6d-81de-e3e48052df18@group-644576B5741B, cid=826, SUCCESS, logIndex=1036, commits[4c571e18-69a3-4a6d-81de-e3e48052df18:c1036, 15893972-388e-43c0-9d6c-ca4c76ac06da:c1032, c86beb1c-9105-4588-b1e8-133030361c51:c1032]
2019-07-12 12:28:10,288 INFO  client.GrpcClientProtocolClient (GrpcClientProtocolClient.java:onNext(255)) - client-D83FC23EEBD8->4c571e18-69a3-4a6d-81de-e3e48052df18: receive RaftClientReply:client-D83FC23EEBD8->4c571e18-69a3-4a6d-81de-e3e48052df18@group-644576B5741B, cid=827, SUCCESS, logIndex=0, commits[4c571e18-69a3-4a6d-81de-e3e48052df18:c1037, 15893972-388e-43c0-9d6c-ca4c76ac06da:c1036, c86beb1c-9105-4588-b1e8-133030361c51:c1036]
2019-07-12 12:28:10,309 INFO  client.GrpcClientProtocolClient (GrpcClientProtocolClient.java:onNext(255)) - client-D83FC23EEBD8->4c571e18-69a3-4a6d-81de-e3e48052df18: receive RaftClientReply:client-D83FC23EEBD8->4c571e18-69a3-4a6d-81de-e3e48052df18@group-644576B5741B, cid=828, SUCCESS, logIndex=1039, commits[4c571e18-69a3-4a6d-81de-e3e48052df18:c1040, 15893972-388e-43c0-9d6c-ca4c76ac06da:c1038, c86beb1c-9105-4588-b1e8-133030361c51:c1038]
2019-07-12 12:28:10,310 INFO  client.GrpcClientProtocolClient (GrpcClientProtocolClient.java:onNext(255)) - client-D83FC23EEBD8->4c571e18-69a3-4a6d-81de-e3e48052df18: receive RaftClientReply:client-D83FC23EEBD8->4c571e18-69a3-4a6d-81de-e3e48052df18@group-644576B5741B, cid=829, SUCCESS, logIndex=1040, commits[4c571e18-69a3-4a6d-81de-e3e48052df18:c1041, 15893972-388e-43c0-9d6c-ca4c76ac06da:c1038, c86beb1c-9105-4588-b1e8-133030361c51:c1038]
2019-07-12 12:28:10,311 INFO  client.GrpcClientProtocolClient (GrpcClientProtocolClient.java:onNext(255)) - client-D83FC23EEBD8->4c571e18-69a3-4a6d-81de-e3e48052df18: receive RaftClientReply:client-D83FC23EEBD8->4c571e18-69a3-4a6d-81de-e3e48052df18@group-644576B5741B, cid=830, SUCCESS, logIndex=1041, commits[4c571e18-69a3-4a6d-81de-e3e48052df18:c1042, 15893972-388e-43c0-9d6c-ca4c76ac06da:c1038, c86beb1c-9105-4588-b1e8-133030361c51:c1038]
2019-07-12 12:28:10,311 INFO  client.GrpcClientProtocolClient (GrpcClientProtocolClient.java:onNext(255)) - client-D83FC23EEBD8->4c571e18-69a3-4a6d-81de-e3e48052df18: receive RaftClientReply:client-D83FC23EEBD8->4c571e18-69a3-4a6d-81de-e3e48052df18@group-644576B5741B, cid=831, SUCCESS, logIndex=1042, commits[4c571e18-69a3-4a6d-81de-e3e48052df18:c1043, 15893972-388e-43c0-9d6c-ca4c76ac06da:c1038, c86beb1c-9105-4588-b1e8-133030361c51:c1040]
2019-07-12 12:28:10,312 INFO  client.GrpcClientProtocolClient (GrpcClientProtocolClient.java:onNext(255)) - client-D83FC23EEBD8->4c571e18-69a3-4a6d-81de-e3e48052df18: receive RaftClientReply:client-D83FC23EEBD8->4c571e18-69a3-4a6d-81de-e3e48052df18@group-644576B5741B, cid=832, SUCCESS, logIndex=0, commits[4c571e18-69a3-4a6d-81de-e3e48052df18:c1046, 15893972-388e-43c0-9d6c-ca4c76ac06da:c1042, c86beb1c-9105-4588-b1e8-133030361c51:c1042]
2019-07-12 12:28:10,335 INFO  client.GrpcClientProtocolClient (GrpcClientProtocolClient.java:onNext(255)) - client-D83FC23EEBD8->4c571e18-69a3-4a6d-81de-e3e48052df18: receive RaftClientReply:client-D83FC23EEBD8->4c571e18-69a3-4a6d-81de-e3e48052df18@group-644576B5741B, cid=833, SUCCESS, logIndex=1047, commits[4c571e18-69a3-4a6d-81de-e3e48052df18:c1048, 15893972-388e-43c0-9d6c-ca4c76ac06da:c1046, c86beb1c-9105-4588-b1e8-133030361c51:c1046]
2019-07-12 12:28:10,336 INFO  client.GrpcClientProtocolClient (GrpcClientProtocolClient.java:onNext(255)) - client-D83FC23EEBD8->4c571e18-69a3-4a6d-81de-e3e48052df18: receive RaftClientReply:client-D83FC23EEBD8->4c571e18-69a3-4a6d-81de-e3e48052df18@group-644576B5741B, cid=834, SUCCESS, logIndex=1048, commits[4c571e18-69a3-4a6d-81de-e3e48052df18:c1048, 15893972-388e-43c0-9d6c-ca4c76ac06da:c1046, c86beb1c-9105-4588-b1e8-133030361c51:c1046]
2019-07-12 12:28:10,349 INFO  client.GrpcClientProtocolClient (GrpcClientProtocolClient.java:onNext(255)) - client-D83FC23EEBD8->4c571e18-69a3-4a6d-81de-e3e48052df18: receive RaftClientReply:client-D83FC23EEBD8->4c571e18-69a3-4a6d-81de-e3e48052df18@group-644576B5741B, cid=835, SUCCESS, logIndex=1051, commits[4c571e18-69a3-4a6d-81de-e3e48052df18:c1052, 15893972-388e-43c0-9d6c-ca4c76ac06da:c1048, c86beb1c-9105-4588-b1e8-133030361c51:c1047]
2019-07-12 12:28:10,350 INFO  client.GrpcClientProtocolClient (GrpcClientProtocolClient.java:onNext(255)) - client-D83FC23EEBD8->4c571e18-69a3-4a6d-81de-e3e48052df18: receive RaftClientReply:client-D83FC23EEBD8->4c571e18-69a3-4a6d-81de-e3e48052df18@group-644576B5741B, cid=836, SUCCESS, logIndex=1052, commits[4c571e18-69a3-4a6d-81de-e3e48052df18:c1052, 15893972-388e-43c0-9d6c-ca4c76ac06da:c1048, c86beb1c-9105-4588-b1e8-133030361c51:c1048]
2019-07-12 12:28:10,351 INFO  client.GrpcClientProtocolClient (GrpcClientProtocolClient.java:onNext(255)) - client-D83FC23EEBD8->4c571e18-69a3-4a6d-81de-e3e48052df18: receive RaftClientReply:client-D83FC23EEBD8->4c571e18-69a3-4a6d-81de-e3e48052df18@group-644576B5741B, cid=837, SUCCESS, logIndex=0, commits[4c571e18-69a3-4a6d-81de-e3e48052df18:c1054, 15893972-388e-43c0-9d6c-ca4c76ac06da:c1052, c86beb1c-9105-4588-b1e8-133030361c51:c1052]
2019-07-12 12:28:10,374 INFO  client.GrpcClientProtocolClient (GrpcClientProtocolClient.java:onNext(255)) - client-D83FC23EEBD8->4c571e18-69a3-4a6d-81de-e3e48052df18: receive RaftClientReply:client-D83FC23EEBD8->4c571e18-69a3-4a6d-81de-e3e48052df18@group-644576B5741B, cid=838, SUCCESS, logIndex=1055, commits[4c571e18-69a3-4a6d-81de-e3e48052df18:c1058, 15893972-388e-43c0-9d6c-ca4c76ac06da:c1054, c86beb1c-9105-4588-b1e8-133030361c51:c1054]
2019-07-12 12:28:10,375 INFO  client.GrpcClientProtocolClient (GrpcClientProtocolClient.java:onNext(255)) - client-D83FC23EEBD8->4c571e18-69a3-4a6d-81de-e3e48052df18: receive RaftClientReply:client-D83FC23EEBD8->4c571e18-69a3-4a6d-81de-e3e48052df18@group-644576B5741B, cid=839, SUCCESS, logIndex=1056, commits[4c571e18-69a3-4a6d-81de-e3e48052df18:c1059, 15893972-388e-43c0-9d6c-ca4c76ac06da:c1056, c86beb1c-9105-4588-b1e8-133030361c51:c1054]
2019-07-12 12:28:10,376 INFO  client.GrpcClientProtocolClient (GrpcClientProtocolClient.java:onNext(255)) - client-D83FC23EEBD8->4c571e18-69a3-4a6d-81de-e3e48052df18: receive RaftClientReply:client-D83FC23EEBD8->4c571e18-69a3-4a6d-81de-e3e48052df18@group-644576B5741B, cid=840, SUCCESS, logIndex=1057, commits[4c571e18-69a3-4a6d-81de-e3e48052df18:c1059, 15893972-388e-43c0-9d6c-ca4c76ac06da:c1056, c86beb1c-9105-4588-b1e8-133030361c51:c1056]
2019-07-12 12:28:10,376 INFO  client.GrpcClientProtocolClient (GrpcClientProtocolClient.java:onNext(255)) - client-D83FC23EEBD8->4c571e18-69a3-4a6d-81de-e3e48052df18: receive RaftClientReply:client-D83FC23EEBD8->4c571e18-69a3-4a6d-81de-e3e48052df18@group-644576B5741B, cid=841, SUCCESS, logIndex=1058, commits[4c571e18-69a3-4a6d-81de-e3e48052df18:c1062, 15893972-388e-43c0-9d6c-ca4c76ac06da:c1057, c86beb1c-9105-4588-b1e8-133030361c51:c1058]
2019-07-12 12:28:10,397 INFO  client.GrpcClientProtocolClient (GrpcClientProtocolClient.java:onNext(255)) - client-D83FC23EEBD8->4c571e18-69a3-4a6d-81de-e3e48052df18: receive RaftClientReply:client-D83FC23EEBD8->4c571e18-69a3-4a6d-81de-e3e48052df18@group-644576B5741B, cid=842, SUCCESS, logIndex=1063, commits[4c571e18-69a3-4a6d-81de-e3e48052df18:c1064, 15893972-388e-43c0-9d6c-ca4c76ac06da:c1062, c86beb1c-9105-4588-b1e8-133030361c51:c1062]
2019-07-12 12:28:10,399 INFO  client.GrpcClientProtocolClient (GrpcClientProtocolClient.java:onNext(255)) - client-D83FC23EEBD8->4c571e18-69a3-4a6d-81de-e3e48052df18: receive RaftClientReply:client-D83FC23EEBD8->4c571e18-69a3-4a6d-81de-e3e48052df18@group-644576B5741B, cid=843, SUCCESS, logIndex=1064, commits[4c571e18-69a3-4a6d-81de-e3e48052df18:c1064, 15893972-388e-43c0-9d6c-ca4c76ac06da:c1062, c86beb1c-9105-4588-b1e8-133030361c51:c1062]
2019-07-12 12:28:10,411 INFO  client.GrpcClientProtocolClient (GrpcClientProtocolClient.java:onNext(255)) - client-D83FC23EEBD8->4c571e18-69a3-4a6d-81de-e3e48052df18: receive RaftClientReply:client-D83FC23EEBD8->4c571e18-69a3-4a6d-81de-e3e48052df18@group-644576B5741B, cid=844, SUCCESS, logIndex=1067, commits[4c571e18-69a3-4a6d-81de-e3e48052df18:c1068, 15893972-388e-43c0-9d6c-ca4c76ac06da:c1064, c86beb1c-9105-4588-b1e8-133030361c51:c1064]
2019-07-12 12:28:10,411 INFO  client.GrpcClientProtocolClient (GrpcClientProtocolClient.java:onNext(255)) - client-D83FC23EEBD8->4c571e18-69a3-4a6d-81de-e3e48052df18: receive RaftClientReply:client-D83FC23EEBD8->4c571e18-69a3-4a6d-81de-e3e48052df18@group-644576B5741B, cid=845, SUCCESS, logIndex=1068, commits[4c571e18-69a3-4a6d-81de-e3e48052df18:c1068, 15893972-388e-43c0-9d6c-ca4c76ac06da:c1064, c86beb1c-9105-4588-b1e8-133030361c51:c1064]
2019-07-12 12:28:10,413 INFO  client.GrpcClientProtocolClient (GrpcClientProtocolClient.java:onNext(255)) - client-D83FC23EEBD8->4c571e18-69a3-4a6d-81de-e3e48052df18: receive RaftClientReply:client-D83FC23EEBD8->4c571e18-69a3-4a6d-81de-e3e48052df18@group-644576B5741B, cid=846, SUCCESS, logIndex=0, commits[4c571e18-69a3-4a6d-81de-e3e48052df18:c1069, 15893972-388e-43c0-9d6c-ca4c76ac06da:c1068, c86beb1c-9105-4588-b1e8-133030361c51:c1068]
2019-07-12 12:28:10,434 INFO  client.GrpcClientProtocolClient (GrpcClientProtocolClient.java:onNext(255)) - client-D83FC23EEBD8->4c571e18-69a3-4a6d-81de-e3e48052df18: receive RaftClientReply:client-D83FC23EEBD8->4c571e18-69a3-4a6d-81de-e3e48052df18@group-644576B5741B, cid=847, SUCCESS, logIndex=1071, commits[4c571e18-69a3-4a6d-81de-e3e48052df18:c1072, 15893972-388e-43c0-9d6c-ca4c76ac06da:c1070, c86beb1c-9105-4588-b1e8-133030361c51:c1070]
2019-07-12 12:28:10,435 INFO  client.GrpcClientProtocolClient (GrpcClientProtocolClient.java:onNext(255)) - client-D83FC23EEBD8->4c571e18-69a3-4a6d-81de-e3e48052df18: receive RaftClientReply:client-D83FC23EEBD8->4c571e18-69a3-4a6d-81de-e3e48052df18@group-644576B5741B, cid=848, SUCCESS, logIndex=1072, commits[4c571e18-69a3-4a6d-81de-e3e48052df18:c1072, 15893972-388e-43c0-9d6c-ca4c76ac06da:c1070, c86beb1c-9105-4588-b1e8-133030361c51:c1070]
2019-07-12 12:28:10,446 INFO  client.GrpcClientProtocolClient (GrpcClientProtocolClient.java:onNext(255)) - client-D83FC23EEBD8->4c571e18-69a3-4a6d-81de-e3e48052df18: receive RaftClientReply:client-D83FC23EEBD8->4c571e18-69a3-4a6d-81de-e3e48052df18@group-644576B5741B, cid=849, SUCCESS, logIndex=1073, commits[4c571e18-69a3-4a6d-81de-e3e48052df18:c1074, 15893972-388e-43c0-9d6c-ca4c76ac06da:c1070, c86beb1c-9105-4588-b1e8-133030361c51:c1070]
2019-07-12 12:28:10,446 INFO  client.GrpcClientProtocolClient (GrpcClientProtocolClient.java:onNext(255)) - client-D83FC23EEBD8->4c571e18-69a3-4a6d-81de-e3e48052df18: receive RaftClientReply:client-D83FC23EEBD8->4c571e18-69a3-4a6d-81de-e3e48052df18@group-644576B5741B, cid=850, SUCCESS, logIndex=1074, commits[4c571e18-69a3-4a6d-81de-e3e48052df18:c1075, 15893972-388e-43c0-9d6c-ca4c76ac06da:c1070, c86beb1c-9105-4588-b1e8-133030361c51:c1071]
2019-07-12 12:28:10,447 INFO  client.GrpcClientProtocolClient (GrpcClientProtocolClient.java:onNext(255)) - client-D83FC23EEBD8->4c571e18-69a3-4a6d-81de-e3e48052df18: receive RaftClientReply:client-D83FC23EEBD8->4c571e18-69a3-4a6d-81de-e3e48052df18@group-644576B5741B, cid=851, SUCCESS, logIndex=0, commits[4c571e18-69a3-4a6d-81de-e3e48052df18:c1076, 15893972-388e-43c0-9d6c-ca4c76ac06da:c1072, c86beb1c-9105-4588-b1e8-133030361c51:c1073]
2019-07-12 12:28:10,465 INFO  client.GrpcClientProtocolClient (GrpcClientProtocolClient.java:onNext(255)) - client-D83FC23EEBD8->4c571e18-69a3-4a6d-81de-e3e48052df18: receive RaftClientReply:client-D83FC23EEBD8->4c571e18-69a3-4a6d-81de-e3e48052df18@group-644576B5741B, cid=852, SUCCESS, logIndex=1079, commits[4c571e18-69a3-4a6d-81de-e3e48052df18:c1080, 15893972-388e-43c0-9d6c-ca4c76ac06da:c1078, c86beb1c-9105-4588-b1e8-133030361c51:c1078]
2019-07-12 12:28:10,466 INFO  client.GrpcClientProtocolClient (GrpcClientProtocolClient.java:onNext(255)) - client-D83FC23EEBD8->4c571e18-69a3-4a6d-81de-e3e48052df18: receive RaftClientReply:client-D83FC23EEBD8->4c571e18-69a3-4a6d-81de-e3e48052df18@group-644576B5741B, cid=853, SUCCESS, logIndex=1080, commits[4c571e18-69a3-4a6d-81de-e3e48052df18:c1080, 15893972-388e-43c0-9d6c-ca4c76ac06da:c1078, c86beb1c-9105-4588-b1e8-133030361c51:c1078]
2019-07-12 12:28:10,495 INFO  client.GrpcClientProtocolClient (GrpcClientProtocolClient.java:onNext(255)) - client-D83FC23EEBD8->4c571e18-69a3-4a6d-81de-e3e48052df18: receive RaftClientReply:client-D83FC23EEBD8->4c571e18-69a3-4a6d-81de-e3e48052df18@group-644576B5741B, cid=854, SUCCESS, logIndex=1083, commits[4c571e18-69a3-4a6d-81de-e3e48052df18:c1084, 15893972-388e-43c0-9d6c-ca4c76ac06da:c1080, c86beb1c-9105-4588-b1e8-133030361c51:c1080]
2019-07-12 12:28:10,495 INFO  client.GrpcClientProtocolClient (GrpcClientProtocolClient.java:onNext(255)) - client-D83FC23EEBD8->4c571e18-69a3-4a6d-81de-e3e48052df18: receive RaftClientReply:client-D83FC23EEBD8->4c571e18-69a3-4a6d-81de-e3e48052df18@group-644576B5741B, cid=855, SUCCESS, logIndex=1084, commits[4c571e18-69a3-4a6d-81de-e3e48052df18:c1084, 15893972-388e-43c0-9d6c-ca4c76ac06da:c1080, c86beb1c-9105-4588-b1e8-133030361c51:c1080]
2019-07-12 12:28:10,503 INFO  client.GrpcClientProtocolClient (GrpcClientProtocolClient.java:onNext(255)) - client-D83FC23EEBD8->4c571e18-69a3-4a6d-81de-e3e48052df18: receive RaftClientReply:client-D83FC23EEBD8->4c571e18-69a3-4a6d-81de-e3e48052df18@group-644576B5741B, cid=856, SUCCESS, logIndex=0, commits[4c571e18-69a3-4a6d-81de-e3e48052df18:c1086, 15893972-388e-43c0-9d6c-ca4c76ac06da:c1084, c86beb1c-9105-4588-b1e8-133030361c51:c1084]
2019-07-12 12:28:10,527 INFO  client.GrpcClientProtocolClient (GrpcClientProtocolClient.java:onNext(255)) - client-D83FC23EEBD8->4c571e18-69a3-4a6d-81de-e3e48052df18: receive RaftClientReply:client-D83FC23EEBD8->4c571e18-69a3-4a6d-81de-e3e48052df18@group-644576B5741B, cid=857, SUCCESS, logIndex=1087, commits[4c571e18-69a3-4a6d-81de-e3e48052df18:c1088, 15893972-388e-43c0-9d6c-ca4c76ac06da:c1086, c86beb1c-9105-4588-b1e8-133030361c51:c1086]
2019-07-12 12:28:10,528 INFO  client.GrpcClientProtocolClient (GrpcClientProtocolClient.java:onNext(255)) - client-D83FC23EEBD8->4c571e18-69a3-4a6d-81de-e3e48052df18: receive RaftClientReply:client-D83FC23EEBD8->4c571e18-69a3-4a6d-81de-e3e48052df18@group-644576B5741B, cid=858, SUCCESS, logIndex=1088, commits[4c571e18-69a3-4a6d-81de-e3e48052df18:c1088, 15893972-388e-43c0-9d6c-ca4c76ac06da:c1086, c86beb1c-9105-4588-b1e8-133030361c51:c1086]
2019-07-12 12:28:10,528 INFO  client.GrpcClientProtocolClient (GrpcClientProtocolClient.java:onNext(255)) - client-D83FC23EEBD8->4c571e18-69a3-4a6d-81de-e3e48052df18: receive RaftClientReply:client-D83FC23EEBD8->4c571e18-69a3-4a6d-81de-e3e48052df18@group-644576B5741B, cid=859, SUCCESS, logIndex=1089, commits[4c571e18-69a3-4a6d-81de-e3e48052df18:c1089, 15893972-388e-43c0-9d6c-ca4c76ac06da:c1086, c86beb1c-9105-4588-b1e8-133030361c51:c1086]
2019-07-12 12:28:10,529 INFO  client.GrpcClientProtocolClient (GrpcClientProtocolClient.java:onNext(255)) - client-D83FC23EEBD8->4c571e18-69a3-4a6d-81de-e3e48052df18: receive RaftClientReply:client-D83FC23EEBD8->4c571e18-69a3-4a6d-81de-e3e48052df18@group-644576B5741B, cid=860, SUCCESS, logIndex=1090, commits[4c571e18-69a3-4a6d-81de-e3e48052df18:c1090, 15893972-388e-43c0-9d6c-ca4c76ac06da:c1086, c86beb1c-9105-4588-b1e8-133030361c51:c1086]
2019-07-12 12:28:10,530 INFO  client.GrpcClientProtocolClient (GrpcClientProtocolClient.java:onNext(255)) - client-D83FC23EEBD8->4c571e18-69a3-4a6d-81de-e3e48052df18: receive RaftClientReply:client-D83FC23EEBD8->4c571e18-69a3-4a6d-81de-e3e48052df18@group-644576B5741B, cid=861, SUCCESS, logIndex=0, commits[4c571e18-69a3-4a6d-81de-e3e48052df18:c1092, 15893972-388e-43c0-9d6c-ca4c76ac06da:c1088, c86beb1c-9105-4588-b1e8-133030361c51:c1088]
2019-07-12 12:28:10,550 INFO  client.GrpcClientProtocolClient (GrpcClientProtocolClient.java:onNext(255)) - client-D83FC23EEBD8->4c571e18-69a3-4a6d-81de-e3e48052df18: receive RaftClientReply:client-D83FC23EEBD8->4c571e18-69a3-4a6d-81de-e3e48052df18@group-644576B5741B, cid=862, SUCCESS, logIndex=1095, commits[4c571e18-69a3-4a6d-81de-e3e48052df18:c1096, 15893972-388e-43c0-9d6c-ca4c76ac06da:c1094, c86beb1c-9105-4588-b1e8-133030361c51:c1094]
2019-07-12 12:28:10,551 INFO  client.GrpcClientProtocolClient (GrpcClientProtocolClient.java:onNext(255)) - client-D83FC23EEBD8->4c571e18-69a3-4a6d-81de-e3e48052df18: receive RaftClientReply:client-D83FC23EEBD8->4c571e18-69a3-4a6d-81de-e3e48052df18@group-644576B5741B, cid=863, SUCCESS, logIndex=1096, commits[4c571e18-69a3-4a6d-81de-e3e48052df18:c1096, 15893972-388e-43c0-9d6c-ca4c76ac06da:c1094, c86beb1c-9105-4588-b1e8-133030361c51:c1094]
2019-07-12 12:28:10,563 INFO  client.GrpcClientProtocolClient (GrpcClientProtocolClient.java:onNext(255)) - client-D83FC23EEBD8->4c571e18-69a3-4a6d-81de-e3e48052df18: receive RaftClientReply:client-D83FC23EEBD8->4c571e18-69a3-4a6d-81de-e3e48052df18@group-644576B5741B, cid=864, SUCCESS, logIndex=1099, commits[4c571e18-69a3-4a6d-81de-e3e48052df18:c1100, 15893972-388e-43c0-9d6c-ca4c76ac06da:c1096, c86beb1c-9105-4588-b1e8-133030361c51:c1096]
2019-07-12 12:28:10,564 INFO  client.GrpcClientProtocolClient (GrpcClientProtocolClient.java:onNext(255)) - client-D83FC23EEBD8->4c571e18-69a3-4a6d-81de-e3e48052df18: receive RaftClientReply:client-D83FC23EEBD8->4c571e18-69a3-4a6d-81de-e3e48052df18@group-644576B5741B, cid=865, SUCCESS, logIndex=1100, commits[4c571e18-69a3-4a6d-81de-e3e48052df18:c1100, 15893972-388e-43c0-9d6c-ca4c76ac06da:c1096, c86beb1c-9105-4588-b1e8-133030361c51:c1096]
2019-07-12 12:28:10,576 INFO  client.GrpcClientProtocolClient (GrpcClientProtocolClient.java:onNext(255)) - client-D83FC23EEBD8->4c571e18-69a3-4a6d-81de-e3e48052df18: receive RaftClientReply:client-D83FC23EEBD8->4c571e18-69a3-4a6d-81de-e3e48052df18@group-644576B5741B, cid=866, SUCCESS, logIndex=0, commits[4c571e18-69a3-4a6d-81de-e3e48052df18:c1102, 15893972-388e-43c0-9d6c-ca4c76ac06da:c1100, c86beb1c-9105-4588-b1e8-133030361c51:c1100]
2019-07-12 12:28:10,598 INFO  client.GrpcClientProtocolClient (GrpcClientProtocolClient.java:onNext(255)) - client-D83FC23EEBD8->4c571e18-69a3-4a6d-81de-e3e48052df18: receive RaftClientReply:client-D83FC23EEBD8->4c571e18-69a3-4a6d-81de-e3e48052df18@group-644576B5741B, cid=867, SUCCESS, logIndex=1103, commits[4c571e18-69a3-4a6d-81de-e3e48052df18:c1104, 15893972-388e-43c0-9d6c-ca4c76ac06da:c1102, c86beb1c-9105-4588-b1e8-133030361c51:c1102]
2019-07-12 12:28:10,599 INFO  client.GrpcClientProtocolClient (GrpcClientProtocolClient.java:onNext(255)) - client-D83FC23EEBD8->4c571e18-69a3-4a6d-81de-e3e48052df18: receive RaftClientReply:client-D83FC23EEBD8->4c571e18-69a3-4a6d-81de-e3e48052df18@group-644576B5741B, cid=868, SUCCESS, logIndex=1104, commits[4c571e18-69a3-4a6d-81de-e3e48052df18:c1106, 15893972-388e-43c0-9d6c-ca4c76ac06da:c1102, c86beb1c-9105-4588-b1e8-133030361c51:c1102]
2019-07-12 12:28:10,599 INFO  client.GrpcClientProtocolClient (GrpcClientProtocolClient.java:onNext(255)) - client-D83FC23EEBD8->4c571e18-69a3-4a6d-81de-e3e48052df18: receive RaftClientReply:client-D83FC23EEBD8->4c571e18-69a3-4a6d-81de-e3e48052df18@group-644576B5741B, cid=869, SUCCESS, logIndex=1105, commits[4c571e18-69a3-4a6d-81de-e3e48052df18:c1106, 15893972-388e-43c0-9d6c-ca4c76ac06da:c1102, c86beb1c-9105-4588-b1e8-133030361c51:c1102]
2019-07-12 12:28:10,599 INFO  client.GrpcClientProtocolClient (GrpcClientProtocolClient.java:onNext(255)) - client-D83FC23EEBD8->4c571e18-69a3-4a6d-81de-e3e48052df18: receive RaftClientReply:client-D83FC23EEBD8->4c571e18-69a3-4a6d-81de-e3e48052df18@group-644576B5741B, cid=870, SUCCESS, logIndex=1106, commits[4c571e18-69a3-4a6d-81de-e3e48052df18:c1106, 15893972-388e-43c0-9d6c-ca4c76ac06da:c1102, c86beb1c-9105-4588-b1e8-133030361c51:c1102]
2019-07-12 12:28:10,600 INFO  client.GrpcClientProtocolClient (GrpcClientProtocolClient.java:onNext(255)) - client-D83FC23EEBD8->4c571e18-69a3-4a6d-81de-e3e48052df18: receive RaftClientReply:client-D83FC23EEBD8->4c571e18-69a3-4a6d-81de-e3e48052df18@group-644576B5741B, cid=871, SUCCESS, logIndex=0, commits[4c571e18-69a3-4a6d-81de-e3e48052df18:c1108, 15893972-388e-43c0-9d6c-ca4c76ac06da:c1104, c86beb1c-9105-4588-b1e8-133030361c51:c1104]
2019-07-12 12:28:10,620 INFO  client.GrpcClientProtocolClient (GrpcClientProtocolClient.java:onNext(255)) - client-D83FC23EEBD8->4c571e18-69a3-4a6d-81de-e3e48052df18: receive RaftClientReply:client-D83FC23EEBD8->4c571e18-69a3-4a6d-81de-e3e48052df18@group-644576B5741B, cid=872, SUCCESS, logIndex=1110, commits[4c571e18-69a3-4a6d-81de-e3e48052df18:c1111, 15893972-388e-43c0-9d6c-ca4c76ac06da:c1109, c86beb1c-9105-4588-b1e8-133030361c51:c1109]
2019-07-12 12:28:10,620 INFO  client.GrpcClientProtocolClient (GrpcClientProtocolClient.java:onNext(255)) - client-D83FC23EEBD8->4c571e18-69a3-4a6d-81de-e3e48052df18: receive RaftClientReply:client-D83FC23EEBD8->4c571e18-69a3-4a6d-81de-e3e48052df18@group-644576B5741B, cid=873, SUCCESS, logIndex=1111, commits[4c571e18-69a3-4a6d-81de-e3e48052df18:c1111, 15893972-388e-43c0-9d6c-ca4c76ac06da:c1109, c86beb1c-9105-4588-b1e8-133030361c51:c1109]
2019-07-12 12:28:10,742 INFO  client.GrpcClientProtocolClient (GrpcClientProtocolClient.java:onNext(255)) - client-D83FC23EEBD8->4c571e18-69a3-4a6d-81de-e3e48052df18: receive RaftClientReply:client-D83FC23EEBD8->4c571e18-69a3-4a6d-81de-e3e48052df18@group-644576B5741B, cid=874, SUCCESS, logIndex=1114, commits[4c571e18-69a3-4a6d-81de-e3e48052df18:c1115, 15893972-388e-43c0-9d6c-ca4c76ac06da:c1111, c86beb1c-9105-4588-b1e8-133030361c51:c1111]
2019-07-12 12:28:10,743 INFO  client.GrpcClientProtocolClient (GrpcClientProtocolClient.java:onNext(255)) - client-D83FC23EEBD8->4c571e18-69a3-4a6d-81de-e3e48052df18: receive RaftClientReply:client-D83FC23EEBD8->4c571e18-69a3-4a6d-81de-e3e48052df18@group-644576B5741B, cid=875, SUCCESS, logIndex=1115, commits[4c571e18-69a3-4a6d-81de-e3e48052df18:c1115, 15893972-388e-43c0-9d6c-ca4c76ac06da:c1111, c86beb1c-9105-4588-b1e8-133030361c51:c1111]
2019-07-12 12:28:10,776 INFO  client.GrpcClientProtocolClient (GrpcClientProtocolClient.java:onNext(255)) - client-D83FC23EEBD8->4c571e18-69a3-4a6d-81de-e3e48052df18: receive RaftClientReply:client-D83FC23EEBD8->4c571e18-69a3-4a6d-81de-e3e48052df18@group-644576B5741B, cid=876, SUCCESS, logIndex=0, commits[4c571e18-69a3-4a6d-81de-e3e48052df18:c1116, 15893972-388e-43c0-9d6c-ca4c76ac06da:c1115, c86beb1c-9105-4588-b1e8-133030361c51:c1115]
2019-07-12 12:28:10,806 INFO  client.GrpcClientProtocolClient (GrpcClientProtocolClient.java:onNext(255)) - client-D83FC23EEBD8->4c571e18-69a3-4a6d-81de-e3e48052df18: receive RaftClientReply:client-D83FC23EEBD8->4c571e18-69a3-4a6d-81de-e3e48052df18@group-644576B5741B, cid=877, SUCCESS, logIndex=1118, commits[4c571e18-69a3-4a6d-81de-e3e48052df18:c1121, 15893972-388e-43c0-9d6c-ca4c76ac06da:c1117, c86beb1c-9105-4588-b1e8-133030361c51:c1117]
2019-07-12 12:28:10,807 INFO  client.GrpcClientProtocolClient (GrpcClientProtocolClient.java:onNext(255)) - client-D83FC23EEBD8->4c571e18-69a3-4a6d-81de-e3e48052df18: receive RaftClientReply:client-D83FC23EEBD8->4c571e18-69a3-4a6d-81de-e3e48052df18@group-644576B5741B, cid=878, SUCCESS, logIndex=1119, commits[4c571e18-69a3-4a6d-81de-e3e48052df18:c1121, 15893972-388e-43c0-9d6c-ca4c76ac06da:c1117, c86beb1c-9105-4588-b1e8-133030361c51:c1117]
2019-07-12 12:28:10,807 INFO  client.GrpcClientProtocolClient (GrpcClientProtocolClient.java:onNext(255)) - client-D83FC23EEBD8->4c571e18-69a3-4a6d-81de-e3e48052df18: receive RaftClientReply:client-D83FC23EEBD8->4c571e18-69a3-4a6d-81de-e3e48052df18@group-644576B5741B, cid=879, SUCCESS, logIndex=1120, commits[4c571e18-69a3-4a6d-81de-e3e48052df18:c1121, 15893972-388e-43c0-9d6c-ca4c76ac06da:c1117, c86beb1c-9105-4588-b1e8-133030361c51:c1117]
2019-07-12 12:28:10,808 INFO  client.GrpcClientProtocolClient (GrpcClientProtocolClient.java:onNext(255)) - client-D83FC23EEBD8->4c571e18-69a3-4a6d-81de-e3e48052df18: receive RaftClientReply:client-D83FC23EEBD8->4c571e18-69a3-4a6d-81de-e3e48052df18@group-644576B5741B, cid=880, SUCCESS, logIndex=1121, commits[4c571e18-69a3-4a6d-81de-e3e48052df18:c1121, 15893972-388e-43c0-9d6c-ca4c76ac06da:c1117, c86beb1c-9105-4588-b1e8-133030361c51:c1117]
2019-07-12 12:28:10,816 INFO  client.GrpcClientProtocolClient (GrpcClientProtocolClient.java:onNext(255)) - client-D83FC23EEBD8->4c571e18-69a3-4a6d-81de-e3e48052df18: receive RaftClientReply:client-D83FC23EEBD8->4c571e18-69a3-4a6d-81de-e3e48052df18@group-644576B5741B, cid=881, SUCCESS, logIndex=0, commits[4c571e18-69a3-4a6d-81de-e3e48052df18:c1122, 15893972-388e-43c0-9d6c-ca4c76ac06da:c1119, c86beb1c-9105-4588-b1e8-133030361c51:c1119]
2019-07-12 12:28:10,840 INFO  client.GrpcClientProtocolClient (GrpcClientProtocolClient.java:onNext(255)) - client-D83FC23EEBD8->4c571e18-69a3-4a6d-81de-e3e48052df18: receive RaftClientReply:client-D83FC23EEBD8->4c571e18-69a3-4a6d-81de-e3e48052df18@group-644576B5741B, cid=882, SUCCESS, logIndex=1126, commits[4c571e18-69a3-4a6d-81de-e3e48052df18:c1127, 15893972-388e-43c0-9d6c-ca4c76ac06da:c1125, c86beb1c-9105-4588-b1e8-133030361c51:c1125]
2019-07-12 12:28:10,840 INFO  client.GrpcClientProtocolClient (GrpcClientProtocolClient.java:onNext(255)) - client-D83FC23EEBD8->4c571e18-69a3-4a6d-81de-e3e48052df18: receive RaftClientReply:client-D83FC23EEBD8->4c571e18-69a3-4a6d-81de-e3e48052df18@group-644576B5741B, cid=883, SUCCESS, logIndex=1127, commits[4c571e18-69a3-4a6d-81de-e3e48052df18:c1127, 15893972-388e-43c0-9d6c-ca4c76ac06da:c1125, c86beb1c-9105-4588-b1e8-133030361c51:c1125]
2019-07-12 12:28:10,869 INFO  client.GrpcClientProtocolClient (GrpcClientProtocolClient.java:onNext(255)) - client-D83FC23EEBD8->4c571e18-69a3-4a6d-81de-e3e48052df18: receive RaftClientReply:client-D83FC23EEBD8->4c571e18-69a3-4a6d-81de-e3e48052df18@group-644576B5741B, cid=884, SUCCESS, logIndex=1130, commits[4c571e18-69a3-4a6d-81de-e3e48052df18:c1131, 15893972-388e-43c0-9d6c-ca4c76ac06da:c1127, c86beb1c-9105-4588-b1e8-133030361c51:c1127]
2019-07-12 12:28:10,870 INFO  client.GrpcClientProtocolClient (GrpcClientProtocolClient.java:onNext(255)) - client-D83FC23EEBD8->4c571e18-69a3-4a6d-81de-e3e48052df18: receive RaftClientReply:client-D83FC23EEBD8->4c571e18-69a3-4a6d-81de-e3e48052df18@group-644576B5741B, cid=885, SUCCESS, logIndex=1131, commits[4c571e18-69a3-4a6d-81de-e3e48052df18:c1131, 15893972-388e-43c0-9d6c-ca4c76ac06da:c1127, c86beb1c-9105-4588-b1e8-133030361c51:c1127]
2019-07-12 12:28:10,882 INFO  client.GrpcClientProtocolClient (GrpcClientProtocolClient.java:onNext(255)) - client-D83FC23EEBD8->4c571e18-69a3-4a6d-81de-e3e48052df18: receive RaftClientReply:client-D83FC23EEBD8->4c571e18-69a3-4a6d-81de-e3e48052df18@group-644576B5741B, cid=886, SUCCESS, logIndex=0, commits[4c571e18-69a3-4a6d-81de-e3e48052df18:c1133, 15893972-388e-43c0-9d6c-ca4c76ac06da:c1131, c86beb1c-9105-4588-b1e8-133030361c51:c1131]
2019-07-12 12:28:10,905 INFO  client.GrpcClientProtocolClient (GrpcClientProtocolClient.java:onNext(255)) - client-D83FC23EEBD8->4c571e18-69a3-4a6d-81de-e3e48052df18: receive RaftClientReply:client-D83FC23EEBD8->4c571e18-69a3-4a6d-81de-e3e48052df18@group-644576B5741B, cid=887, SUCCESS, logIndex=1134, commits[4c571e18-69a3-4a6d-81de-e3e48052df18:c1135, 15893972-388e-43c0-9d6c-ca4c76ac06da:c1133, c86beb1c-9105-4588-b1e8-133030361c51:c1133]
2019-07-12 12:28:10,906 INFO  client.GrpcClientProtocolClient (GrpcClientProtocolClient.java:onNext(255)) - client-D83FC23EEBD8->4c571e18-69a3-4a6d-81de-e3e48052df18: receive RaftClientReply:client-D83FC23EEBD8->4c571e18-69a3-4a6d-81de-e3e48052df18@group-644576B5741B, cid=888, SUCCESS, logIndex=1135, commits[4c571e18-69a3-4a6d-81de-e3e48052df18:c1137, 15893972-388e-43c0-9d6c-ca4c76ac06da:c1133, c86beb1c-9105-4588-b1e8-133030361c51:c1133]
2019-07-12 12:28:10,906 INFO  client.GrpcClientProtocolClient (GrpcClientProtocolClient.java:onNext(255)) - client-D83FC23EEBD8->4c571e18-69a3-4a6d-81de-e3e48052df18: receive RaftClientReply:client-D83FC23EEBD8->4c571e18-69a3-4a6d-81de-e3e48052df18@group-644576B5741B, cid=889, SUCCESS, logIndex=1136, commits[4c571e18-69a3-4a6d-81de-e3e48052df18:c1137, 15893972-388e-43c0-9d6c-ca4c76ac06da:c1133, c86beb1c-9105-4588-b1e8-133030361c51:c1133]
2019-07-12 12:28:10,907 INFO  client.GrpcClientProtocolClient (GrpcClientProtocolClient.java:onNext(255)) - client-D83FC23EEBD8->4c571e18-69a3-4a6d-81de-e3e48052df18: receive RaftClientReply:client-D83FC23EEBD8->4c571e18-69a3-4a6d-81de-e3e48052df18@group-644576B5741B, cid=890, SUCCESS, logIndex=1137, commits[4c571e18-69a3-4a6d-81de-e3e48052df18:c1137, 15893972-388e-43c0-9d6c-ca4c76ac06da:c1133, c86beb1c-9105-4588-b1e8-133030361c51:c1134]
2019-07-12 12:28:10,908 INFO  client.GrpcClientProtocolClient (GrpcClientProtocolClient.java:onNext(255)) - client-D83FC23EEBD8->4c571e18-69a3-4a6d-81de-e3e48052df18: receive RaftClientReply:client-D83FC23EEBD8->4c571e18-69a3-4a6d-81de-e3e48052df18@group-644576B5741B, cid=891, SUCCESS, logIndex=0, commits[4c571e18-69a3-4a6d-81de-e3e48052df18:c1140, 15893972-388e-43c0-9d6c-ca4c76ac06da:c1135, c86beb1c-9105-4588-b1e8-133030361c51:c1137]
2019-07-12 12:28:10,929 INFO  client.GrpcClientProtocolClient (GrpcClientProtocolClient.java:onNext(255)) - client-D83FC23EEBD8->4c571e18-69a3-4a6d-81de-e3e48052df18: receive RaftClientReply:client-D83FC23EEBD8->4c571e18-69a3-4a6d-81de-e3e48052df18@group-644576B5741B, cid=892, SUCCESS, logIndex=1141, commits[4c571e18-69a3-4a6d-81de-e3e48052df18:c1142, 15893972-388e-43c0-9d6c-ca4c76ac06da:c1140, c86beb1c-9105-4588-b1e8-133030361c51:c1140]
2019-07-12 12:28:10,929 INFO  client.GrpcClientProtocolClient (GrpcClientProtocolClient.java:onNext(255)) - client-D83FC23EEBD8->4c571e18-69a3-4a6d-81de-e3e48052df18: receive RaftClientReply:client-D83FC23EEBD8->4c571e18-69a3-4a6d-81de-e3e48052df18@group-644576B5741B, cid=893, SUCCESS, logIndex=1142, commits[4c571e18-69a3-4a6d-81de-e3e48052df18:c1142, 15893972-388e-43c0-9d6c-ca4c76ac06da:c1140, c86beb1c-9105-4588-b1e8-133030361c51:c1140]
2019-07-12 12:28:10,942 INFO  client.GrpcClientProtocolClient (GrpcClientProtocolClient.java:onNext(255)) - client-D83FC23EEBD8->4c571e18-69a3-4a6d-81de-e3e48052df18: receive RaftClientReply:client-D83FC23EEBD8->4c571e18-69a3-4a6d-81de-e3e48052df18@group-644576B5741B, cid=894, SUCCESS, logIndex=1145, commits[4c571e18-69a3-4a6d-81de-e3e48052df18:c1146, 15893972-388e-43c0-9d6c-ca4c76ac06da:c1142, c86beb1c-9105-4588-b1e8-133030361c51:c1141]
2019-07-12 12:28:10,943 INFO  client.GrpcClientProtocolClient (GrpcClientProtocolClient.java:onNext(255)) - client-D83FC23EEBD8->4c571e18-69a3-4a6d-81de-e3e48052df18: receive RaftClientReply:client-D83FC23EEBD8->4c571e18-69a3-4a6d-81de-e3e48052df18@group-644576B5741B, cid=895, SUCCESS, logIndex=1146, commits[4c571e18-69a3-4a6d-81de-e3e48052df18:c1146, 15893972-388e-43c0-9d6c-ca4c76ac06da:c1142, c86beb1c-9105-4588-b1e8-133030361c51:c1141]
2019-07-12 12:28:10,953 INFO  client.GrpcClientProtocolClient (GrpcClientProtocolClient.java:onNext(255)) - client-D83FC23EEBD8->4c571e18-69a3-4a6d-81de-e3e48052df18: receive RaftClientReply:client-D83FC23EEBD8->4c571e18-69a3-4a6d-81de-e3e48052df18@group-644576B5741B, cid=896, SUCCESS, logIndex=0, commits[4c571e18-69a3-4a6d-81de-e3e48052df18:c1146, 15893972-388e-43c0-9d6c-ca4c76ac06da:c1142, c86beb1c-9105-4588-b1e8-133030361c51:c1142]
2019-07-12 12:28:10,954 INFO  client.GrpcClientProtocolClient (GrpcClientProtocolClient.java:onNext(255)) - client-D83FC23EEBD8->4c571e18-69a3-4a6d-81de-e3e48052df18: receive RaftClientReply:client-D83FC23EEBD8->4c571e18-69a3-4a6d-81de-e3e48052df18@group-644576B5741B, cid=897, SUCCESS, logIndex=0, commits[4c571e18-69a3-4a6d-81de-e3e48052df18:c1148, 15893972-388e-43c0-9d6c-ca4c76ac06da:c1146, c86beb1c-9105-4588-b1e8-133030361c51:c1146]
2019-07-12 12:28:10,975 INFO  client.GrpcClientProtocolClient (GrpcClientProtocolClient.java:onNext(255)) - client-D83FC23EEBD8->4c571e18-69a3-4a6d-81de-e3e48052df18: receive RaftClientReply:client-D83FC23EEBD8->4c571e18-69a3-4a6d-81de-e3e48052df18@group-644576B5741B, cid=898, SUCCESS, logIndex=1149, commits[4c571e18-69a3-4a6d-81de-e3e48052df18:c1152, 15893972-388e-43c0-9d6c-ca4c76ac06da:c1148, c86beb1c-9105-4588-b1e8-133030361c51:c1148]
2019-07-12 12:28:10,976 INFO  client.GrpcClientProtocolClient (GrpcClientProtocolClient.java:onNext(255)) - client-D83FC23EEBD8->4c571e18-69a3-4a6d-81de-e3e48052df18: receive RaftClientReply:client-D83FC23EEBD8->4c571e18-69a3-4a6d-81de-e3e48052df18@group-644576B5741B, cid=899, SUCCESS, logIndex=1150, commits[4c571e18-69a3-4a6d-81de-e3e48052df18:c1152, 15893972-388e-43c0-9d6c-ca4c76ac06da:c1148, c86beb1c-9105-4588-b1e8-133030361c51:c1148]
2019-07-12 12:28:10,977 INFO  client.GrpcClientProtocolClient (GrpcClientProtocolClient.java:onNext(255)) - client-D83FC23EEBD8->4c571e18-69a3-4a6d-81de-e3e48052df18: receive RaftClientReply:client-D83FC23EEBD8->4c571e18-69a3-4a6d-81de-e3e48052df18@group-644576B5741B, cid=900, SUCCESS, logIndex=1151, commits[4c571e18-69a3-4a6d-81de-e3e48052df18:c1152, 15893972-388e-43c0-9d6c-ca4c76ac06da:c1148, c86beb1c-9105-4588-b1e8-133030361c51:c1148]
2019-07-12 12:28:10,977 INFO  client.GrpcClientProtocolClient (GrpcClientProtocolClient.java:onNext(255)) - client-D83FC23EEBD8->4c571e18-69a3-4a6d-81de-e3e48052df18: receive RaftClientReply:client-D83FC23EEBD8->4c571e18-69a3-4a6d-81de-e3e48052df18@group-644576B5741B, cid=901, SUCCESS, logIndex=1152, commits[4c571e18-69a3-4a6d-81de-e3e48052df18:c1153, 15893972-388e-43c0-9d6c-ca4c76ac06da:c1148, c86beb1c-9105-4588-b1e8-133030361c51:c1149]
2019-07-12 12:28:10,978 INFO  client.GrpcClientProtocolClient (GrpcClientProtocolClient.java:onNext(255)) - client-D83FC23EEBD8->4c571e18-69a3-4a6d-81de-e3e48052df18: receive RaftClientReply:client-D83FC23EEBD8->4c571e18-69a3-4a6d-81de-e3e48052df18@group-644576B5741B, cid=902, SUCCESS, logIndex=0, commits[4c571e18-69a3-4a6d-81de-e3e48052df18:c1156, 15893972-388e-43c0-9d6c-ca4c76ac06da:c1152, c86beb1c-9105-4588-b1e8-133030361c51:c1152]
2019-07-12 12:28:10,998 INFO  client.GrpcClientProtocolClient (GrpcClientProtocolClient.java:onNext(255)) - client-D83FC23EEBD8->4c571e18-69a3-4a6d-81de-e3e48052df18: receive RaftClientReply:client-D83FC23EEBD8->4c571e18-69a3-4a6d-81de-e3e48052df18@group-644576B5741B, cid=903, SUCCESS, logIndex=1157, commits[4c571e18-69a3-4a6d-81de-e3e48052df18:c1158, 15893972-388e-43c0-9d6c-ca4c76ac06da:c1156, c86beb1c-9105-4588-b1e8-133030361c51:c1156]
2019-07-12 12:28:10,998 INFO  client.GrpcClientProtocolClient (GrpcClientProtocolClient.java:onNext(255)) - client-D83FC23EEBD8->4c571e18-69a3-4a6d-81de-e3e48052df18: receive RaftClientReply:client-D83FC23EEBD8->4c571e18-69a3-4a6d-81de-e3e48052df18@group-644576B5741B, cid=904, SUCCESS, logIndex=1158, commits[4c571e18-69a3-4a6d-81de-e3e48052df18:c1158, 15893972-388e-43c0-9d6c-ca4c76ac06da:c1156, c86beb1c-9105-4588-b1e8-133030361c51:c1156]
2019-07-12 12:28:11,022 INFO  client.GrpcClientProtocolClient (GrpcClientProtocolClient.java:onNext(255)) - client-D83FC23EEBD8->4c571e18-69a3-4a6d-81de-e3e48052df18: receive RaftClientReply:client-D83FC23EEBD8->4c571e18-69a3-4a6d-81de-e3e48052df18@group-644576B5741B, cid=905, SUCCESS, logIndex=1161, commits[4c571e18-69a3-4a6d-81de-e3e48052df18:c1162, 15893972-388e-43c0-9d6c-ca4c76ac06da:c1158, c86beb1c-9105-4588-b1e8-133030361c51:c1158]
2019-07-12 12:28:11,022 INFO  client.GrpcClientProtocolClient (GrpcClientProtocolClient.java:onNext(255)) - client-D83FC23EEBD8->4c571e18-69a3-4a6d-81de-e3e48052df18: receive RaftClientReply:client-D83FC23EEBD8->4c571e18-69a3-4a6d-81de-e3e48052df18@group-644576B5741B, cid=906, SUCCESS, logIndex=1162, commits[4c571e18-69a3-4a6d-81de-e3e48052df18:c1162, 15893972-388e-43c0-9d6c-ca4c76ac06da:c1158, c86beb1c-9105-4588-b1e8-133030361c51:c1158]
2019-07-12 12:28:11,035 INFO  client.GrpcClientProtocolClient (GrpcClientProtocolClient.java:onNext(255)) - client-D83FC23EEBD8->4c571e18-69a3-4a6d-81de-e3e48052df18: receive RaftClientReply:client-D83FC23EEBD8->4c571e18-69a3-4a6d-81de-e3e48052df18@group-644576B5741B, cid=907, SUCCESS, logIndex=0, commits[4c571e18-69a3-4a6d-81de-e3e48052df18:c1164, 15893972-388e-43c0-9d6c-ca4c76ac06da:c1162, c86beb1c-9105-4588-b1e8-133030361c51:c1162]
2019-07-12 12:28:11,053 INFO  client.GrpcClientProtocolClient (GrpcClientProtocolClient.java:onNext(255)) - client-D83FC23EEBD8->4c571e18-69a3-4a6d-81de-e3e48052df18: receive RaftClientReply:client-D83FC23EEBD8->4c571e18-69a3-4a6d-81de-e3e48052df18@group-644576B5741B, cid=908, SUCCESS, logIndex=1165, commits[4c571e18-69a3-4a6d-81de-e3e48052df18:c1166, 15893972-388e-43c0-9d6c-ca4c76ac06da:c1164, c86beb1c-9105-4588-b1e8-133030361c51:c1162]
2019-07-12 12:28:11,053 INFO  client.GrpcClientProtocolClient (GrpcClientProtocolClient.java:onNext(255)) - client-D83FC23EEBD8->4c571e18-69a3-4a6d-81de-e3e48052df18: receive RaftClientReply:client-D83FC23EEBD8->4c571e18-69a3-4a6d-81de-e3e48052df18@group-644576B5741B, cid=909, SUCCESS, logIndex=1166, commits[4c571e18-69a3-4a6d-81de-e3e48052df18:c1166, 15893972-388e-43c0-9d6c-ca4c76ac06da:c1164, c86beb1c-9105-4588-b1e8-133030361c51:c1164]
2019-07-12 12:28:11,054 INFO  client.GrpcClientProtocolClient (GrpcClientProtocolClient.java:onNext(255)) - client-D83FC23EEBD8->4c571e18-69a3-4a6d-81de-e3e48052df18: receive RaftClientReply:client-D83FC23EEBD8->4c571e18-69a3-4a6d-81de-e3e48052df18@group-644576B5741B, cid=910, SUCCESS, logIndex=1167, commits[4c571e18-69a3-4a6d-81de-e3e48052df18:c1168, 15893972-388e-43c0-9d6c-ca4c76ac06da:c1164, c86beb1c-9105-4588-b1e8-133030361c51:c1164]
2019-07-12 12:28:11,054 INFO  client.GrpcClientProtocolClient (GrpcClientProtocolClient.java:onNext(255)) - client-D83FC23EEBD8->4c571e18-69a3-4a6d-81de-e3e48052df18: receive RaftClientReply:client-D83FC23EEBD8->4c571e18-69a3-4a6d-81de-e3e48052df18@group-644576B5741B, cid=911, SUCCESS, logIndex=1168, commits[4c571e18-69a3-4a6d-81de-e3e48052df18:c1168, 15893972-388e-43c0-9d6c-ca4c76ac06da:c1164, c86beb1c-9105-4588-b1e8-133030361c51:c1164]
2019-07-12 12:28:11,056 INFO  client.GrpcClientProtocolClient (GrpcClientProtocolClient.java:onNext(255)) - client-D83FC23EEBD8->4c571e18-69a3-4a6d-81de-e3e48052df18: receive RaftClientReply:client-D83FC23EEBD8->4c571e18-69a3-4a6d-81de-e3e48052df18@group-644576B5741B, cid=912, SUCCESS, logIndex=0, commits[4c571e18-69a3-4a6d-81de-e3e48052df18:c1170, 15893972-388e-43c0-9d6c-ca4c76ac06da:c1166, c86beb1c-9105-4588-b1e8-133030361c51:c1166]
2019-07-12 12:28:11,076 INFO  client.GrpcClientProtocolClient (GrpcClientProtocolClient.java:onNext(255)) - client-D83FC23EEBD8->4c571e18-69a3-4a6d-81de-e3e48052df18: receive RaftClientReply:client-D83FC23EEBD8->4c571e18-69a3-4a6d-81de-e3e48052df18@group-644576B5741B, cid=913, SUCCESS, logIndex=1173, commits[4c571e18-69a3-4a6d-81de-e3e48052df18:c1174, 15893972-388e-43c0-9d6c-ca4c76ac06da:c1172, c86beb1c-9105-4588-b1e8-133030361c51:c1172]
2019-07-12 12:28:11,076 INFO  client.GrpcClientProtocolClient (GrpcClientProtocolClient.java:onNext(255)) - client-D83FC23EEBD8->4c571e18-69a3-4a6d-81de-e3e48052df18: receive RaftClientReply:client-D83FC23EEBD8->4c571e18-69a3-4a6d-81de-e3e48052df18@group-644576B5741B, cid=914, SUCCESS, logIndex=1174, commits[4c571e18-69a3-4a6d-81de-e3e48052df18:c1174, 15893972-388e-43c0-9d6c-ca4c76ac06da:c1172, c86beb1c-9105-4588-b1e8-133030361c51:c1172]
2019-07-12 12:28:11,089 INFO  client.GrpcClientProtocolClient (GrpcClientProtocolClient.java:onNext(255)) - client-D83FC23EEBD8->4c571e18-69a3-4a6d-81de-e3e48052df18: receive RaftClientReply:client-D83FC23EEBD8->4c571e18-69a3-4a6d-81de-e3e48052df18@group-644576B5741B, cid=915, SUCCESS, logIndex=1177, commits[4c571e18-69a3-4a6d-81de-e3e48052df18:c1177, 15893972-388e-43c0-9d6c-ca4c76ac06da:c1174, c86beb1c-9105-4588-b1e8-133030361c51:c1174]
2019-07-12 12:28:11,090 INFO  client.GrpcClientProtocolClient (GrpcClientProtocolClient.java:onNext(255)) - client-D83FC23EEBD8->4c571e18-69a3-4a6d-81de-e3e48052df18: receive RaftClientReply:client-D83FC23EEBD8->4c571e18-69a3-4a6d-81de-e3e48052df18@group-644576B5741B, cid=916, SUCCESS, logIndex=1178, commits[4c571e18-69a3-4a6d-81de-e3e48052df18:c1178, 15893972-388e-43c0-9d6c-ca4c76ac06da:c1174, c86beb1c-9105-4588-b1e8-133030361c51:c1174]
2019-07-12 12:28:11,102 INFO  client.GrpcClientProtocolClient (GrpcClientProtocolClient.java:onNext(255)) - client-D83FC23EEBD8->4c571e18-69a3-4a6d-81de-e3e48052df18: receive RaftClientReply:client-D83FC23EEBD8->4c571e18-69a3-4a6d-81de-e3e48052df18@group-644576B5741B, cid=917, SUCCESS, logIndex=0, commits[4c571e18-69a3-4a6d-81de-e3e48052df18:c1180, 15893972-388e-43c0-9d6c-ca4c76ac06da:c1178, c86beb1c-9105-4588-b1e8-133030361c51:c1178]
2019-07-12 12:28:11,122 INFO  client.GrpcClientProtocolClient (GrpcClientProtocolClient.java:onNext(255)) - client-D83FC23EEBD8->4c571e18-69a3-4a6d-81de-e3e48052df18: receive RaftClientReply:client-D83FC23EEBD8->4c571e18-69a3-4a6d-81de-e3e48052df18@group-644576B5741B, cid=918, SUCCESS, logIndex=1181, commits[4c571e18-69a3-4a6d-81de-e3e48052df18:c1182, 15893972-388e-43c0-9d6c-ca4c76ac06da:c1180, c86beb1c-9105-4588-b1e8-133030361c51:c1180]
2019-07-12 12:28:11,123 INFO  client.GrpcClientProtocolClient (GrpcClientProtocolClient.java:onNext(255)) - client-D83FC23EEBD8->4c571e18-69a3-4a6d-81de-e3e48052df18: receive RaftClientReply:client-D83FC23EEBD8->4c571e18-69a3-4a6d-81de-e3e48052df18@group-644576B5741B, cid=919, SUCCESS, logIndex=1182, commits[4c571e18-69a3-4a6d-81de-e3e48052df18:c1183, 15893972-388e-43c0-9d6c-ca4c76ac06da:c1180, c86beb1c-9105-4588-b1e8-133030361c51:c1180]
2019-07-12 12:28:11,123 INFO  client.GrpcClientProtocolClient (GrpcClientProtocolClient.java:onNext(255)) - client-D83FC23EEBD8->4c571e18-69a3-4a6d-81de-e3e48052df18: receive RaftClientReply:client-D83FC23EEBD8->4c571e18-69a3-4a6d-81de-e3e48052df18@group-644576B5741B, cid=920, SUCCESS, logIndex=1183, commits[4c571e18-69a3-4a6d-81de-e3e48052df18:c1184, 15893972-388e-43c0-9d6c-ca4c76ac06da:c1180, c86beb1c-9105-4588-b1e8-133030361c51:c1180]
2019-07-12 12:28:11,124 INFO  client.GrpcClientProtocolClient (GrpcClientProtocolClient.java:onNext(255)) - client-D83FC23EEBD8->4c571e18-69a3-4a6d-81de-e3e48052df18: receive RaftClientReply:client-D83FC23EEBD8->4c571e18-69a3-4a6d-81de-e3e48052df18@group-644576B5741B, cid=921, SUCCESS, logIndex=1184, commits[4c571e18-69a3-4a6d-81de-e3e48052df18:c1184, 15893972-388e-43c0-9d6c-ca4c76ac06da:c1180, c86beb1c-9105-4588-b1e8-133030361c51:c1180]
2019-07-12 12:28:11,125 INFO  client.GrpcClientProtocolClient (GrpcClientProtocolClient.java:onNext(255)) - client-D83FC23EEBD8->4c571e18-69a3-4a6d-81de-e3e48052df18: receive RaftClientReply:client-D83FC23EEBD8->4c571e18-69a3-4a6d-81de-e3e48052df18@group-644576B5741B, cid=922, SUCCESS, logIndex=0, commits[4c571e18-69a3-4a6d-81de-e3e48052df18:c1188, 15893972-388e-43c0-9d6c-ca4c76ac06da:c1183, c86beb1c-9105-4588-b1e8-133030361c51:c1184]
2019-07-12 12:28:11,145 INFO  client.GrpcClientProtocolClient (GrpcClientProtocolClient.java:onNext(255)) - client-D83FC23EEBD8->4c571e18-69a3-4a6d-81de-e3e48052df18: receive RaftClientReply:client-D83FC23EEBD8->4c571e18-69a3-4a6d-81de-e3e48052df18@group-644576B5741B, cid=923, SUCCESS, logIndex=1189, commits[4c571e18-69a3-4a6d-81de-e3e48052df18:c1190, 15893972-388e-43c0-9d6c-ca4c76ac06da:c1188, c86beb1c-9105-4588-b1e8-133030361c51:c1188]
2019-07-12 12:28:11,145 INFO  client.GrpcClientProtocolClient (GrpcClientProtocolClient.java:onNext(255)) - client-D83FC23EEBD8->4c571e18-69a3-4a6d-81de-e3e48052df18: receive RaftClientReply:client-D83FC23EEBD8->4c571e18-69a3-4a6d-81de-e3e48052df18@group-644576B5741B, cid=924, SUCCESS, logIndex=1190, commits[4c571e18-69a3-4a6d-81de-e3e48052df18:c1190, 15893972-388e-43c0-9d6c-ca4c76ac06da:c1188, c86beb1c-9105-4588-b1e8-133030361c51:c1188]
2019-07-12 12:28:11,158 INFO  client.GrpcClientProtocolClient (GrpcClientProtocolClient.java:onNext(255)) - client-D83FC23EEBD8->4c571e18-69a3-4a6d-81de-e3e48052df18: receive RaftClientReply:client-D83FC23EEBD8->4c571e18-69a3-4a6d-81de-e3e48052df18@group-644576B5741B, cid=925, SUCCESS, logIndex=1193, commits[4c571e18-69a3-4a6d-81de-e3e48052df18:c1194, 15893972-388e-43c0-9d6c-ca4c76ac06da:c1190, c86beb1c-9105-4588-b1e8-133030361c51:c1190]
2019-07-12 12:28:11,158 INFO  client.GrpcClientProtocolClient (GrpcClientProtocolClient.java:onNext(255)) - client-D83FC23EEBD8->4c571e18-69a3-4a6d-81de-e3e48052df18: receive RaftClientReply:client-D83FC23EEBD8->4c571e18-69a3-4a6d-81de-e3e48052df18@group-644576B5741B, cid=926, SUCCESS, logIndex=1194, commits[4c571e18-69a3-4a6d-81de-e3e48052df18:c1194, 15893972-388e-43c0-9d6c-ca4c76ac06da:c1190, c86beb1c-9105-4588-b1e8-133030361c51:c1190]
2019-07-12 12:28:11,171 INFO  client.GrpcClientProtocolClient (GrpcClientProtocolClient.java:onNext(255)) - client-D83FC23EEBD8->4c571e18-69a3-4a6d-81de-e3e48052df18: receive RaftClientReply:client-D83FC23EEBD8->4c571e18-69a3-4a6d-81de-e3e48052df18@group-644576B5741B, cid=927, SUCCESS, logIndex=0, commits[4c571e18-69a3-4a6d-81de-e3e48052df18:c1196, 15893972-388e-43c0-9d6c-ca4c76ac06da:c1194, c86beb1c-9105-4588-b1e8-133030361c51:c1194]
2019-07-12 12:28:11,191 INFO  client.GrpcClientProtocolClient (GrpcClientProtocolClient.java:onNext(255)) - client-D83FC23EEBD8->4c571e18-69a3-4a6d-81de-e3e48052df18: receive RaftClientReply:client-D83FC23EEBD8->4c571e18-69a3-4a6d-81de-e3e48052df18@group-644576B5741B, cid=928, SUCCESS, logIndex=1197, commits[4c571e18-69a3-4a6d-81de-e3e48052df18:c1198, 15893972-388e-43c0-9d6c-ca4c76ac06da:c1196, c86beb1c-9105-4588-b1e8-133030361c51:c1196]
2019-07-12 12:28:11,192 INFO  client.GrpcClientProtocolClient (GrpcClientProtocolClient.java:onNext(255)) - client-D83FC23EEBD8->4c571e18-69a3-4a6d-81de-e3e48052df18: receive RaftClientReply:client-D83FC23EEBD8->4c571e18-69a3-4a6d-81de-e3e48052df18@group-644576B5741B, cid=929, SUCCESS, logIndex=1198, commits[4c571e18-69a3-4a6d-81de-e3e48052df18:c1199, 15893972-388e-43c0-9d6c-ca4c76ac06da:c1196, c86beb1c-9105-4588-b1e8-133030361c51:c1196]
2019-07-12 12:28:11,192 INFO  client.GrpcClientProtocolClient (GrpcClientProtocolClient.java:onNext(255)) - client-D83FC23EEBD8->4c571e18-69a3-4a6d-81de-e3e48052df18: receive RaftClientReply:client-D83FC23EEBD8->4c571e18-69a3-4a6d-81de-e3e48052df18@group-644576B5741B, cid=930, SUCCESS, logIndex=1199, commits[4c571e18-69a3-4a6d-81de-e3e48052df18:c1200, 15893972-388e-43c0-9d6c-ca4c76ac06da:c1196, c86beb1c-9105-4588-b1e8-133030361c51:c1196]
2019-07-12 12:28:11,192 INFO  client.GrpcClientProtocolClient (GrpcClientProtocolClient.java:onNext(255)) - client-D83FC23EEBD8->4c571e18-69a3-4a6d-81de-e3e48052df18: receive RaftClientReply:client-D83FC23EEBD8->4c571e18-69a3-4a6d-81de-e3e48052df18@group-644576B5741B, cid=931, SUCCESS, logIndex=1200, commits[4c571e18-69a3-4a6d-81de-e3e48052df18:c1200, 15893972-388e-43c0-9d6c-ca4c76ac06da:c1196, c86beb1c-9105-4588-b1e8-133030361c51:c1196]
2019-07-12 12:28:11,194 INFO  client.GrpcClientProtocolClient (GrpcClientProtocolClient.java:onNext(255)) - client-D83FC23EEBD8->4c571e18-69a3-4a6d-81de-e3e48052df18: receive RaftClientReply:client-D83FC23EEBD8->4c571e18-69a3-4a6d-81de-e3e48052df18@group-644576B5741B, cid=932, SUCCESS, logIndex=0, commits[4c571e18-69a3-4a6d-81de-e3e48052df18:c1203, 15893972-388e-43c0-9d6c-ca4c76ac06da:c1199, c86beb1c-9105-4588-b1e8-133030361c51:c1198]
 0.00% |█                                                                                                    |  0/1 Time: 0:00:032019-07-12 12:28:11,214 INFO  client.GrpcClientProtocolClient (GrpcClientProtocolClient.java:onNext(255)) - client-D83FC23EEBD8->4c571e18-69a3-4a6d-81de-e3e48052df18: receive RaftClientReply:client-D83FC23EEBD8->4c571e18-69a3-4a6d-81de-e3e48052df18@group-644576B5741B, cid=933, SUCCESS, logIndex=1205, commits[4c571e18-69a3-4a6d-81de-e3e48052df18:c1206, 15893972-388e-43c0-9d6c-ca4c76ac06da:c1204, c86beb1c-9105-4588-b1e8-133030361c51:c1204]
2019-07-12 12:28:11,214 INFO  client.GrpcClientProtocolClient (GrpcClientProtocolClient.java:onNext(255)) - client-D83FC23EEBD8->4c571e18-69a3-4a6d-81de-e3e48052df18: receive RaftClientReply:client-D83FC23EEBD8->4c571e18-69a3-4a6d-81de-e3e48052df18@group-644576B5741B, cid=934, SUCCESS, logIndex=1206, commits[4c571e18-69a3-4a6d-81de-e3e48052df18:c1206, 15893972-388e-43c0-9d6c-ca4c76ac06da:c1204, c86beb1c-9105-4588-b1e8-133030361c51:c1204]
2019-07-12 12:28:11,227 INFO  client.GrpcClientProtocolClient (GrpcClientProtocolClient.java:onNext(255)) - client-D83FC23EEBD8->4c571e18-69a3-4a6d-81de-e3e48052df18: receive RaftClientReply:client-D83FC23EEBD8->4c571e18-69a3-4a6d-81de-e3e48052df18@group-644576B5741B, cid=935, SUCCESS, logIndex=1209, commits[4c571e18-69a3-4a6d-81de-e3e48052df18:c1209, 15893972-388e-43c0-9d6c-ca4c76ac06da:c1206, c86beb1c-9105-4588-b1e8-133030361c51:c1206]
2019-07-12 12:28:11,227 INFO  client.GrpcClientProtocolClient (GrpcClientProtocolClient.java:onNext(255)) - client-D83FC23EEBD8->4c571e18-69a3-4a6d-81de-e3e48052df18: receive RaftClientReply:client-D83FC23EEBD8->4c571e18-69a3-4a6d-81de-e3e48052df18@group-644576B5741B, cid=936, SUCCESS, logIndex=1210, commits[4c571e18-69a3-4a6d-81de-e3e48052df18:c1210, 15893972-388e-43c0-9d6c-ca4c76ac06da:c1206, c86beb1c-9105-4588-b1e8-133030361c51:c1206]
2019-07-12 12:28:11,240 INFO  client.GrpcClientProtocolClient (GrpcClientProtocolClient.java:onNext(255)) - client-D83FC23EEBD8->4c571e18-69a3-4a6d-81de-e3e48052df18: receive RaftClientReply:client-D83FC23EEBD8->4c571e18-69a3-4a6d-81de-e3e48052df18@group-644576B5741B, cid=937, SUCCESS, logIndex=0, commits[4c571e18-69a3-4a6d-81de-e3e48052df18:c1212, 15893972-388e-43c0-9d6c-ca4c76ac06da:c1210, c86beb1c-9105-4588-b1e8-133030361c51:c1210]
2019-07-12 12:28:11,321 INFO  client.GrpcClientProtocolClient (GrpcClientProtocolClient.java:onNext(255)) - client-D83FC23EEBD8->4c571e18-69a3-4a6d-81de-e3e48052df18: receive RaftClientReply:client-D83FC23EEBD8->4c571e18-69a3-4a6d-81de-e3e48052df18@group-644576B5741B, cid=938, SUCCESS, logIndex=1213, commits[4c571e18-69a3-4a6d-81de-e3e48052df18:c1214, 15893972-388e-43c0-9d6c-ca4c76ac06da:c1212, c86beb1c-9105-4588-b1e8-133030361c51:c1212]
2019-07-12 12:28:11,321 INFO  client.GrpcClientProtocolClient (GrpcClientProtocolClient.java:onNext(255)) - client-D83FC23EEBD8->4c571e18-69a3-4a6d-81de-e3e48052df18: receive RaftClientReply:client-D83FC23EEBD8->4c571e18-69a3-4a6d-81de-e3e48052df18@group-644576B5741B, cid=939, SUCCESS, logIndex=1214, commits[4c571e18-69a3-4a6d-81de-e3e48052df18:c1215, 15893972-388e-43c0-9d6c-ca4c76ac06da:c1212, c86beb1c-9105-4588-b1e8-133030361c51:c1212]
2019-07-12 12:28:11,322 INFO  client.GrpcClientProtocolClient (GrpcClientProtocolClient.java:onNext(255)) - client-D83FC23EEBD8->4c571e18-69a3-4a6d-81de-e3e48052df18: receive RaftClientReply:client-D83FC23EEBD8->4c571e18-69a3-4a6d-81de-e3e48052df18@group-644576B5741B, cid=940, SUCCESS, logIndex=1215, commits[4c571e18-69a3-4a6d-81de-e3e48052df18:c1216, 15893972-388e-43c0-9d6c-ca4c76ac06da:c1212, c86beb1c-9105-4588-b1e8-133030361c51:c1212]
2019-07-12 12:28:11,322 INFO  client.GrpcClientProtocolClient (GrpcClientProtocolClient.java:onNext(255)) - client-D83FC23EEBD8->4c571e18-69a3-4a6d-81de-e3e48052df18: receive RaftClientReply:client-D83FC23EEBD8->4c571e18-69a3-4a6d-81de-e3e48052df18@group-644576B5741B, cid=941, SUCCESS, logIndex=1216, commits[4c571e18-69a3-4a6d-81de-e3e48052df18:c1216, 15893972-388e-43c0-9d6c-ca4c76ac06da:c1212, c86beb1c-9105-4588-b1e8-133030361c51:c1212]
2019-07-12 12:28:11,324 INFO  client.GrpcClientProtocolClient (GrpcClientProtocolClient.java:onNext(255)) - client-D83FC23EEBD8->4c571e18-69a3-4a6d-81de-e3e48052df18: receive RaftClientReply:client-D83FC23EEBD8->4c571e18-69a3-4a6d-81de-e3e48052df18@group-644576B5741B, cid=942, SUCCESS, logIndex=0, commits[4c571e18-69a3-4a6d-81de-e3e48052df18:c1218, 15893972-388e-43c0-9d6c-ca4c76ac06da:c1214, c86beb1c-9105-4588-b1e8-133030361c51:c1214]
2019-07-12 12:28:11,343 INFO  client.GrpcClientProtocolClient (GrpcClientProtocolClient.java:onNext(255)) - client-D83FC23EEBD8->4c571e18-69a3-4a6d-81de-e3e48052df18: receive RaftClientReply:client-D83FC23EEBD8->4c571e18-69a3-4a6d-81de-e3e48052df18@group-644576B5741B, cid=943, SUCCESS, logIndex=1221, commits[4c571e18-69a3-4a6d-81de-e3e48052df18:c1222, 15893972-388e-43c0-9d6c-ca4c76ac06da:c1220, c86beb1c-9105-4588-b1e8-133030361c51:c1220]
2019-07-12 12:28:11,345 INFO  client.GrpcClientProtocolClient (GrpcClientProtocolClient.java:onNext(255)) - client-D83FC23EEBD8->4c571e18-69a3-4a6d-81de-e3e48052df18: receive RaftClientReply:client-D83FC23EEBD8->4c571e18-69a3-4a6d-81de-e3e48052df18@group-644576B5741B, cid=944, SUCCESS, logIndex=1222, commits[4c571e18-69a3-4a6d-81de-e3e48052df18:c1222, 15893972-388e-43c0-9d6c-ca4c76ac06da:c1220, c86beb1c-9105-4588-b1e8-133030361c51:c1220]
2019-07-12 12:28:11,506 INFO  client.GrpcClientProtocolClient (GrpcClientProtocolClient.java:onNext(255)) - client-D83FC23EEBD8->4c571e18-69a3-4a6d-81de-e3e48052df18: receive RaftClientReply:client-D83FC23EEBD8->4c571e18-69a3-4a6d-81de-e3e48052df18@group-644576B5741B, cid=945, SUCCESS, logIndex=1225, commits[4c571e18-69a3-4a6d-81de-e3e48052df18:c1226, 15893972-388e-43c0-9d6c-ca4c76ac06da:c1222, c86beb1c-9105-4588-b1e8-133030361c51:c1222]
2019-07-12 12:28:11,506 INFO  client.GrpcClientProtocolClient (GrpcClientProtocolClient.java:onNext(255)) - client-D83FC23EEBD8->4c571e18-69a3-4a6d-81de-e3e48052df18: receive RaftClientReply:client-D83FC23EEBD8->4c571e18-69a3-4a6d-81de-e3e48052df18@group-644576B5741B, cid=946, SUCCESS, logIndex=1226, commits[4c571e18-69a3-4a6d-81de-e3e48052df18:c1226, 15893972-388e-43c0-9d6c-ca4c76ac06da:c1222, c86beb1c-9105-4588-b1e8-133030361c51:c1222]
2019-07-12 12:28:11,507 INFO  client.GrpcClientProtocolClient (GrpcClientProtocolClient.java:onNext(255)) - client-D83FC23EEBD8->4c571e18-69a3-4a6d-81de-e3e48052df18: receive RaftClientReply:client-D83FC23EEBD8->4c571e18-69a3-4a6d-81de-e3e48052df18@group-644576B5741B, cid=947, SUCCESS, logIndex=0, commits[4c571e18-69a3-4a6d-81de-e3e48052df18:c1227, 15893972-388e-43c0-9d6c-ca4c76ac06da:c1226, c86beb1c-9105-4588-b1e8-133030361c51:c1226]
2019-07-12 12:28:11,524 INFO  client.GrpcClientProtocolClient (GrpcClientProtocolClient.java:onNext(255)) - client-D83FC23EEBD8->4c571e18-69a3-4a6d-81de-e3e48052df18: receive RaftClientReply:client-D83FC23EEBD8->4c571e18-69a3-4a6d-81de-e3e48052df18@group-644576B5741B, cid=948, SUCCESS, logIndex=1229, commits[4c571e18-69a3-4a6d-81de-e3e48052df18:c1230, 15893972-388e-43c0-9d6c-ca4c76ac06da:c1228, c86beb1c-9105-4588-b1e8-133030361c51:c1228]
2019-07-12 12:28:11,524 INFO  client.GrpcClientProtocolClient (GrpcClientProtocolClient.java:onNext(255)) - client-D83FC23EEBD8->4c571e18-69a3-4a6d-81de-e3e48052df18: receive RaftClientReply:client-D83FC23EEBD8->4c571e18-69a3-4a6d-81de-e3e48052df18@group-644576B5741B, cid=949, SUCCESS, logIndex=1230, commits[4c571e18-69a3-4a6d-81de-e3e48052df18:c1232, 15893972-388e-43c0-9d6c-ca4c76ac06da:c1228, c86beb1c-9105-4588-b1e8-133030361c51:c1228]
2019-07-12 12:28:11,525 INFO  client.GrpcClientProtocolClient (GrpcClientProtocolClient.java:onNext(255)) - client-D83FC23EEBD8->4c571e18-69a3-4a6d-81de-e3e48052df18: receive RaftClientReply:client-D83FC23EEBD8->4c571e18-69a3-4a6d-81de-e3e48052df18@group-644576B5741B, cid=950, SUCCESS, logIndex=1231, commits[4c571e18-69a3-4a6d-81de-e3e48052df18:c1232, 15893972-388e-43c0-9d6c-ca4c76ac06da:c1228, c86beb1c-9105-4588-b1e8-133030361c51:c1228]
2019-07-12 12:28:11,525 INFO  client.GrpcClientProtocolClient (GrpcClientProtocolClient.java:onNext(255)) - client-D83FC23EEBD8->4c571e18-69a3-4a6d-81de-e3e48052df18: receive RaftClientReply:client-D83FC23EEBD8->4c571e18-69a3-4a6d-81de-e3e48052df18@group-644576B5741B, cid=951, SUCCESS, logIndex=1232, commits[4c571e18-69a3-4a6d-81de-e3e48052df18:c1232, 15893972-388e-43c0-9d6c-ca4c76ac06da:c1228, c86beb1c-9105-4588-b1e8-133030361c51:c1228]
2019-07-12 12:28:11,527 INFO  client.GrpcClientProtocolClient (GrpcClientProtocolClient.java:onNext(255)) - client-D83FC23EEBD8->4c571e18-69a3-4a6d-81de-e3e48052df18: receive RaftClientReply:client-D83FC23EEBD8->4c571e18-69a3-4a6d-81de-e3e48052df18@group-644576B5741B, cid=952, SUCCESS, logIndex=0, commits[4c571e18-69a3-4a6d-81de-e3e48052df18:c1235, 15893972-388e-43c0-9d6c-ca4c76ac06da:c1230, c86beb1c-9105-4588-b1e8-133030361c51:c1232]
2019-07-12 12:28:11,540 INFO  client.GrpcClientProtocolClient (GrpcClientProtocolClient.java:onNext(255)) - client-D83FC23EEBD8->4c571e18-69a3-4a6d-81de-e3e48052df18: receive RaftClientReply:client-D83FC23EEBD8->4c571e18-69a3-4a6d-81de-e3e48052df18@group-644576B5741B, cid=953, SUCCESS, logIndex=1236, commits[4c571e18-69a3-4a6d-81de-e3e48052df18:c1237, 15893972-388e-43c0-9d6c-ca4c76ac06da:c1235, c86beb1c-9105-4588-b1e8-133030361c51:c1235]
2019-07-12 12:28:11,540 INFO  client.GrpcClientProtocolClient (GrpcClientProtocolClient.java:onNext(255)) - client-D83FC23EEBD8->4c571e18-69a3-4a6d-81de-e3e48052df18: receive RaftClientReply:client-D83FC23EEBD8->4c571e18-69a3-4a6d-81de-e3e48052df18@group-644576B5741B, cid=954, SUCCESS, logIndex=1237, commits[4c571e18-69a3-4a6d-81de-e3e48052df18:c1237, 15893972-388e-43c0-9d6c-ca4c76ac06da:c1235, c86beb1c-9105-4588-b1e8-133030361c51:c1235]
2019-07-12 12:28:11,553 INFO  client.GrpcClientProtocolClient (GrpcClientProtocolClient.java:onNext(255)) - client-D83FC23EEBD8->4c571e18-69a3-4a6d-81de-e3e48052df18: receive RaftClientReply:client-D83FC23EEBD8->4c571e18-69a3-4a6d-81de-e3e48052df18@group-644576B5741B, cid=955, SUCCESS, logIndex=1240, commits[4c571e18-69a3-4a6d-81de-e3e48052df18:c1241, 15893972-388e-43c0-9d6c-ca4c76ac06da:c1237, c86beb1c-9105-4588-b1e8-133030361c51:c1237]
2019-07-12 12:28:11,553 INFO  client.GrpcClientProtocolClient (GrpcClientProtocolClient.java:onNext(255)) - client-D83FC23EEBD8->4c571e18-69a3-4a6d-81de-e3e48052df18: receive RaftClientReply:client-D83FC23EEBD8->4c571e18-69a3-4a6d-81de-e3e48052df18@group-644576B5741B, cid=956, SUCCESS, logIndex=1241, commits[4c571e18-69a3-4a6d-81de-e3e48052df18:c1241, 15893972-388e-43c0-9d6c-ca4c76ac06da:c1237, c86beb1c-9105-4588-b1e8-133030361c51:c1237]
2019-07-12 12:28:11,566 INFO  client.GrpcClientProtocolClient (GrpcClientProtocolClient.java:onNext(255)) - client-D83FC23EEBD8->4c571e18-69a3-4a6d-81de-e3e48052df18: receive RaftClientReply:client-D83FC23EEBD8->4c571e18-69a3-4a6d-81de-e3e48052df18@group-644576B5741B, cid=957, SUCCESS, logIndex=0, commits[4c571e18-69a3-4a6d-81de-e3e48052df18:c1243, 15893972-388e-43c0-9d6c-ca4c76ac06da:c1241, c86beb1c-9105-4588-b1e8-133030361c51:c1241]
2019-07-12 12:28:11,586 INFO  client.GrpcClientProtocolClient (GrpcClientProtocolClient.java:onNext(255)) - client-D83FC23EEBD8->4c571e18-69a3-4a6d-81de-e3e48052df18: receive RaftClientReply:client-D83FC23EEBD8->4c571e18-69a3-4a6d-81de-e3e48052df18@group-644576B5741B, cid=958, SUCCESS, logIndex=1244, commits[4c571e18-69a3-4a6d-81de-e3e48052df18:c1246, 15893972-388e-43c0-9d6c-ca4c76ac06da:c1243, c86beb1c-9105-4588-b1e8-133030361c51:c1243]
2019-07-12 12:28:11,586 INFO  client.GrpcClientProtocolClient (GrpcClientProtocolClient.java:onNext(255)) - client-D83FC23EEBD8->4c571e18-69a3-4a6d-81de-e3e48052df18: receive RaftClientReply:client-D83FC23EEBD8->4c571e18-69a3-4a6d-81de-e3e48052df18@group-644576B5741B, cid=959, SUCCESS, logIndex=1245, commits[4c571e18-69a3-4a6d-81de-e3e48052df18:c1247, 15893972-388e-43c0-9d6c-ca4c76ac06da:c1243, c86beb1c-9105-4588-b1e8-133030361c51:c1243]
2019-07-12 12:28:11,586 INFO  client.GrpcClientProtocolClient (GrpcClientProtocolClient.java:onNext(255)) - client-D83FC23EEBD8->4c571e18-69a3-4a6d-81de-e3e48052df18: receive RaftClientReply:client-D83FC23EEBD8->4c571e18-69a3-4a6d-81de-e3e48052df18@group-644576B5741B, cid=960, SUCCESS, logIndex=1246, commits[4c571e18-69a3-4a6d-81de-e3e48052df18:c1247, 15893972-388e-43c0-9d6c-ca4c76ac06da:c1243, c86beb1c-9105-4588-b1e8-133030361c51:c1243]
2019-07-12 12:28:11,587 INFO  client.GrpcClientProtocolClient (GrpcClientProtocolClient.java:onNext(255)) - client-D83FC23EEBD8->4c571e18-69a3-4a6d-81de-e3e48052df18: receive RaftClientReply:client-D83FC23EEBD8->4c571e18-69a3-4a6d-81de-e3e48052df18@group-644576B5741B, cid=961, SUCCESS, logIndex=1247, commits[4c571e18-69a3-4a6d-81de-e3e48052df18:c1247, 15893972-388e-43c0-9d6c-ca4c76ac06da:c1243, c86beb1c-9105-4588-b1e8-133030361c51:c1243]
2019-07-12 12:28:11,587 INFO  client.GrpcClientProtocolClient (GrpcClientProtocolClient.java:onNext(255)) - client-D83FC23EEBD8->4c571e18-69a3-4a6d-81de-e3e48052df18: receive RaftClientReply:client-D83FC23EEBD8->4c571e18-69a3-4a6d-81de-e3e48052df18@group-644576B5741B, cid=962, SUCCESS, logIndex=0, commits[4c571e18-69a3-4a6d-81de-e3e48052df18:c1250, 15893972-388e-43c0-9d6c-ca4c76ac06da:c1246, c86beb1c-9105-4588-b1e8-133030361c51:c1245]
2019-07-12 12:28:11,607 INFO  client.GrpcClientProtocolClient (GrpcClientProtocolClient.java:onNext(255)) - client-D83FC23EEBD8->4c571e18-69a3-4a6d-81de-e3e48052df18: receive RaftClientReply:client-D83FC23EEBD8->4c571e18-69a3-4a6d-81de-e3e48052df18@group-644576B5741B, cid=963, SUCCESS, logIndex=1252, commits[4c571e18-69a3-4a6d-81de-e3e48052df18:c1253, 15893972-388e-43c0-9d6c-ca4c76ac06da:c1251, c86beb1c-9105-4588-b1e8-133030361c51:c1251]
2019-07-12 12:28:11,607 INFO  client.GrpcClientProtocolClient (GrpcClientProtocolClient.java:onNext(255)) - client-D83FC23EEBD8->4c571e18-69a3-4a6d-81de-e3e48052df18: receive RaftClientReply:client-D83FC23EEBD8->4c571e18-69a3-4a6d-81de-e3e48052df18@group-644576B5741B, cid=964, SUCCESS, logIndex=1253, commits[4c571e18-69a3-4a6d-81de-e3e48052df18:c1253, 15893972-388e-43c0-9d6c-ca4c76ac06da:c1251, c86beb1c-9105-4588-b1e8-133030361c51:c1251]
2019-07-12 12:28:11,620 INFO  client.GrpcClientProtocolClient (GrpcClientProtocolClient.java:onNext(255)) - client-D83FC23EEBD8->4c571e18-69a3-4a6d-81de-e3e48052df18: receive RaftClientReply:client-D83FC23EEBD8->4c571e18-69a3-4a6d-81de-e3e48052df18@group-644576B5741B, cid=965, SUCCESS, logIndex=1256, commits[4c571e18-69a3-4a6d-81de-e3e48052df18:c1257, 15893972-388e-43c0-9d6c-ca4c76ac06da:c1253, c86beb1c-9105-4588-b1e8-133030361c51:c1253]
2019-07-12 12:28:11,621 INFO  client.GrpcClientProtocolClient (GrpcClientProtocolClient.java:onNext(255)) - client-D83FC23EEBD8->4c571e18-69a3-4a6d-81de-e3e48052df18: receive RaftClientReply:client-D83FC23EEBD8->4c571e18-69a3-4a6d-81de-e3e48052df18@group-644576B5741B, cid=966, SUCCESS, logIndex=1257, commits[4c571e18-69a3-4a6d-81de-e3e48052df18:c1257, 15893972-388e-43c0-9d6c-ca4c76ac06da:c1253, c86beb1c-9105-4588-b1e8-133030361c51:c1253]
2019-07-12 12:28:11,633 INFO  client.GrpcClientProtocolClient (GrpcClientProtocolClient.java:onNext(255)) - client-D83FC23EEBD8->4c571e18-69a3-4a6d-81de-e3e48052df18: receive RaftClientReply:client-D83FC23EEBD8->4c571e18-69a3-4a6d-81de-e3e48052df18@group-644576B5741B, cid=967, SUCCESS, logIndex=0, commits[4c571e18-69a3-4a6d-81de-e3e48052df18:c1259, 15893972-388e-43c0-9d6c-ca4c76ac06da:c1257, c86beb1c-9105-4588-b1e8-133030361c51:c1257]
2019-07-12 12:28:11,652 INFO  client.GrpcClientProtocolClient (GrpcClientProtocolClient.java:onNext(255)) - client-D83FC23EEBD8->4c571e18-69a3-4a6d-81de-e3e48052df18: receive RaftClientReply:client-D83FC23EEBD8->4c571e18-69a3-4a6d-81de-e3e48052df18@group-644576B5741B, cid=968, SUCCESS, logIndex=1260, commits[4c571e18-69a3-4a6d-81de-e3e48052df18:c1261, 15893972-388e-43c0-9d6c-ca4c76ac06da:c1259, c86beb1c-9105-4588-b1e8-133030361c51:c1259]
2019-07-12 12:28:11,653 INFO  client.GrpcClientProtocolClient (GrpcClientProtocolClient.java:onNext(255)) - client-D83FC23EEBD8->4c571e18-69a3-4a6d-81de-e3e48052df18: receive RaftClientReply:client-D83FC23EEBD8->4c571e18-69a3-4a6d-81de-e3e48052df18@group-644576B5741B, cid=969, SUCCESS, logIndex=1261, commits[4c571e18-69a3-4a6d-81de-e3e48052df18:c1261, 15893972-388e-43c0-9d6c-ca4c76ac06da:c1259, c86beb1c-9105-4588-b1e8-133030361c51:c1259]
2019-07-12 12:28:11,653 INFO  client.GrpcClientProtocolClient (GrpcClientProtocolClient.java:onNext(255)) - client-D83FC23EEBD8->4c571e18-69a3-4a6d-81de-e3e48052df18: receive RaftClientReply:client-D83FC23EEBD8->4c571e18-69a3-4a6d-81de-e3e48052df18@group-644576B5741B, cid=970, SUCCESS, logIndex=1262, commits[4c571e18-69a3-4a6d-81de-e3e48052df18:c1263, 15893972-388e-43c0-9d6c-ca4c76ac06da:c1259, c86beb1c-9105-4588-b1e8-133030361c51:c1259]
2019-07-12 12:28:11,654 INFO  client.GrpcClientProtocolClient (GrpcClientProtocolClient.java:onNext(255)) - client-D83FC23EEBD8->4c571e18-69a3-4a6d-81de-e3e48052df18: receive RaftClientReply:client-D83FC23EEBD8->4c571e18-69a3-4a6d-81de-e3e48052df18@group-644576B5741B, cid=971, SUCCESS, logIndex=1263, commits[4c571e18-69a3-4a6d-81de-e3e48052df18:c1263, 15893972-388e-43c0-9d6c-ca4c76ac06da:c1259, c86beb1c-9105-4588-b1e8-133030361c51:c1259]
2019-07-12 12:28:11,655 INFO  client.GrpcClientProtocolClient (GrpcClientProtocolClient.java:onNext(255)) - client-D83FC23EEBD8->4c571e18-69a3-4a6d-81de-e3e48052df18: receive RaftClientReply:client-D83FC23EEBD8->4c571e18-69a3-4a6d-81de-e3e48052df18@group-644576B5741B, cid=972, SUCCESS, logIndex=0, commits[4c571e18-69a3-4a6d-81de-e3e48052df18:c1265, 15893972-388e-43c0-9d6c-ca4c76ac06da:c1261, c86beb1c-9105-4588-b1e8-133030361c51:c1261]
2019-07-12 12:28:11,673 INFO  client.GrpcClientProtocolClient (GrpcClientProtocolClient.java:onNext(255)) - client-D83FC23EEBD8->4c571e18-69a3-4a6d-81de-e3e48052df18: receive RaftClientReply:client-D83FC23EEBD8->4c571e18-69a3-4a6d-81de-e3e48052df18@group-644576B5741B, cid=973, SUCCESS, logIndex=1268, commits[4c571e18-69a3-4a6d-81de-e3e48052df18:c1269, 15893972-388e-43c0-9d6c-ca4c76ac06da:c1267, c86beb1c-9105-4588-b1e8-133030361c51:c1267]
2019-07-12 12:28:11,674 INFO  client.GrpcClientProtocolClient (GrpcClientProtocolClient.java:onNext(255)) - client-D83FC23EEBD8->4c571e18-69a3-4a6d-81de-e3e48052df18: receive RaftClientReply:client-D83FC23EEBD8->4c571e18-69a3-4a6d-81de-e3e48052df18@group-644576B5741B, cid=974, SUCCESS, logIndex=1269, commits[4c571e18-69a3-4a6d-81de-e3e48052df18:c1269, 15893972-388e-43c0-9d6c-ca4c76ac06da:c1267, c86beb1c-9105-4588-b1e8-133030361c51:c1267]
2019-07-12 12:28:11,687 INFO  client.GrpcClientProtocolClient (GrpcClientProtocolClient.java:onNext(255)) - client-D83FC23EEBD8->4c571e18-69a3-4a6d-81de-e3e48052df18: receive RaftClientReply:client-D83FC23EEBD8->4c571e18-69a3-4a6d-81de-e3e48052df18@group-644576B5741B, cid=975, SUCCESS, logIndex=1272, commits[4c571e18-69a3-4a6d-81de-e3e48052df18:c1273, 15893972-388e-43c0-9d6c-ca4c76ac06da:c1269, c86beb1c-9105-4588-b1e8-133030361c51:c1269]
2019-07-12 12:28:11,687 INFO  client.GrpcClientProtocolClient (GrpcClientProtocolClient.java:onNext(255)) - client-D83FC23EEBD8->4c571e18-69a3-4a6d-81de-e3e48052df18: receive RaftClientReply:client-D83FC23EEBD8->4c571e18-69a3-4a6d-81de-e3e48052df18@group-644576B5741B, cid=976, SUCCESS, logIndex=1273, commits[4c571e18-69a3-4a6d-81de-e3e48052df18:c1273, 15893972-388e-43c0-9d6c-ca4c76ac06da:c1269, c86beb1c-9105-4588-b1e8-133030361c51:c1269]
2019-07-12 12:28:11,700 INFO  client.GrpcClientProtocolClient (GrpcClientProtocolClient.java:onNext(255)) - client-D83FC23EEBD8->4c571e18-69a3-4a6d-81de-e3e48052df18: receive RaftClientReply:client-D83FC23EEBD8->4c571e18-69a3-4a6d-81de-e3e48052df18@group-644576B5741B, cid=977, SUCCESS, logIndex=0, commits[4c571e18-69a3-4a6d-81de-e3e48052df18:c1275, 15893972-388e-43c0-9d6c-ca4c76ac06da:c1273, c86beb1c-9105-4588-b1e8-133030361c51:c1273]
2019-07-12 12:28:11,719 INFO  client.GrpcClientProtocolClient (GrpcClientProtocolClient.java:onNext(255)) - client-D83FC23EEBD8->4c571e18-69a3-4a6d-81de-e3e48052df18: receive RaftClientReply:client-D83FC23EEBD8->4c571e18-69a3-4a6d-81de-e3e48052df18@group-644576B5741B, cid=978, SUCCESS, logIndex=1276, commits[4c571e18-69a3-4a6d-81de-e3e48052df18:c1278, 15893972-388e-43c0-9d6c-ca4c76ac06da:c1275, c86beb1c-9105-4588-b1e8-133030361c51:c1275]
2019-07-12 12:28:11,720 INFO  client.GrpcClientProtocolClient (GrpcClientProtocolClient.java:onNext(255)) - client-D83FC23EEBD8->4c571e18-69a3-4a6d-81de-e3e48052df18: receive RaftClientReply:client-D83FC23EEBD8->4c571e18-69a3-4a6d-81de-e3e48052df18@group-644576B5741B, cid=979, SUCCESS, logIndex=1277, commits[4c571e18-69a3-4a6d-81de-e3e48052df18:c1279, 15893972-388e-43c0-9d6c-ca4c76ac06da:c1275, c86beb1c-9105-4588-b1e8-133030361c51:c1275]
2019-07-12 12:28:11,720 INFO  client.GrpcClientProtocolClient (GrpcClientProtocolClient.java:onNext(255)) - client-D83FC23EEBD8->4c571e18-69a3-4a6d-81de-e3e48052df18: receive RaftClientReply:client-D83FC23EEBD8->4c571e18-69a3-4a6d-81de-e3e48052df18@group-644576B5741B, cid=980, SUCCESS, logIndex=1278, commits[4c571e18-69a3-4a6d-81de-e3e48052df18:c1279, 15893972-388e-43c0-9d6c-ca4c76ac06da:c1275, c86beb1c-9105-4588-b1e8-133030361c51:c1275]
2019-07-12 12:28:11,720 INFO  client.GrpcClientProtocolClient (GrpcClientProtocolClient.java:onNext(255)) - client-D83FC23EEBD8->4c571e18-69a3-4a6d-81de-e3e48052df18: receive RaftClientReply:client-D83FC23EEBD8->4c571e18-69a3-4a6d-81de-e3e48052df18@group-644576B5741B, cid=981, SUCCESS, logIndex=1279, commits[4c571e18-69a3-4a6d-81de-e3e48052df18:c1279, 15893972-388e-43c0-9d6c-ca4c76ac06da:c1275, c86beb1c-9105-4588-b1e8-133030361c51:c1275]
2019-07-12 12:28:11,721 INFO  client.GrpcClientProtocolClient (GrpcClientProtocolClient.java:onNext(255)) - client-D83FC23EEBD8->4c571e18-69a3-4a6d-81de-e3e48052df18: receive RaftClientReply:client-D83FC23EEBD8->4c571e18-69a3-4a6d-81de-e3e48052df18@group-644576B5741B, cid=982, SUCCESS, logIndex=0, commits[4c571e18-69a3-4a6d-81de-e3e48052df18:c1283, 15893972-388e-43c0-9d6c-ca4c76ac06da:c1277, c86beb1c-9105-4588-b1e8-133030361c51:c1279]
2019-07-12 12:28:11,740 INFO  client.GrpcClientProtocolClient (GrpcClientProtocolClient.java:onNext(255)) - client-D83FC23EEBD8->4c571e18-69a3-4a6d-81de-e3e48052df18: receive RaftClientReply:client-D83FC23EEBD8->4c571e18-69a3-4a6d-81de-e3e48052df18@group-644576B5741B, cid=983, SUCCESS, logIndex=1284, commits[4c571e18-69a3-4a6d-81de-e3e48052df18:c1285, 15893972-388e-43c0-9d6c-ca4c76ac06da:c1283, c86beb1c-9105-4588-b1e8-133030361c51:c1283]
2019-07-12 12:28:11,741 INFO  client.GrpcClientProtocolClient (GrpcClientProtocolClient.java:onNext(255)) - client-D83FC23EEBD8->4c571e18-69a3-4a6d-81de-e3e48052df18: receive RaftClientReply:client-D83FC23EEBD8->4c571e18-69a3-4a6d-81de-e3e48052df18@group-644576B5741B, cid=984, SUCCESS, logIndex=1285, commits[4c571e18-69a3-4a6d-81de-e3e48052df18:c1285, 15893972-388e-43c0-9d6c-ca4c76ac06da:c1283, c86beb1c-9105-4588-b1e8-133030361c51:c1283]
2019-07-12 12:28:11,753 INFO  client.GrpcClientProtocolClient (GrpcClientProtocolClient.java:onNext(255)) - client-D83FC23EEBD8->4c571e18-69a3-4a6d-81de-e3e48052df18: receive RaftClientReply:client-D83FC23EEBD8->4c571e18-69a3-4a6d-81de-e3e48052df18@group-644576B5741B, cid=985, SUCCESS, logIndex=1288, commits[4c571e18-69a3-4a6d-81de-e3e48052df18:c1289, 15893972-388e-43c0-9d6c-ca4c76ac06da:c1285, c86beb1c-9105-4588-b1e8-133030361c51:c1285]
2019-07-12 12:28:11,754 INFO  client.GrpcClientProtocolClient (GrpcClientProtocolClient.java:onNext(255)) - client-D83FC23EEBD8->4c571e18-69a3-4a6d-81de-e3e48052df18: receive RaftClientReply:client-D83FC23EEBD8->4c571e18-69a3-4a6d-81de-e3e48052df18@group-644576B5741B, cid=986, SUCCESS, logIndex=1289, commits[4c571e18-69a3-4a6d-81de-e3e48052df18:c1289, 15893972-388e-43c0-9d6c-ca4c76ac06da:c1285, c86beb1c-9105-4588-b1e8-133030361c51:c1285]
2019-07-12 12:28:11,755 INFO  client.GrpcClientProtocolClient (GrpcClientProtocolClient.java:onNext(255)) - client-D83FC23EEBD8->4c571e18-69a3-4a6d-81de-e3e48052df18: receive RaftClientReply:client-D83FC23EEBD8->4c571e18-69a3-4a6d-81de-e3e48052df18@group-644576B5741B, cid=987, SUCCESS, logIndex=0, commits[4c571e18-69a3-4a6d-81de-e3e48052df18:c1290, 15893972-388e-43c0-9d6c-ca4c76ac06da:c1289, c86beb1c-9105-4588-b1e8-133030361c51:c1289]
2019-07-12 12:28:11,788 INFO  client.GrpcClientProtocolClient (GrpcClientProtocolClient.java:onNext(255)) - client-D83FC23EEBD8->4c571e18-69a3-4a6d-81de-e3e48052df18: receive RaftClientReply:client-D83FC23EEBD8->4c571e18-69a3-4a6d-81de-e3e48052df18@group-644576B5741B, cid=988, SUCCESS, logIndex=1292, commits[4c571e18-69a3-4a6d-81de-e3e48052df18:c1293, 15893972-388e-43c0-9d6c-ca4c76ac06da:c1291, c86beb1c-9105-4588-b1e8-133030361c51:c1291]
2019-07-12 12:28:11,789 INFO  client.GrpcClientProtocolClient (GrpcClientProtocolClient.java:onNext(255)) - client-D83FC23EEBD8->4c571e18-69a3-4a6d-81de-e3e48052df18: receive RaftClientReply:client-D83FC23EEBD8->4c571e18-69a3-4a6d-81de-e3e48052df18@group-644576B5741B, cid=989, SUCCESS, logIndex=1293, commits[4c571e18-69a3-4a6d-81de-e3e48052df18:c1293, 15893972-388e-43c0-9d6c-ca4c76ac06da:c1291, c86beb1c-9105-4588-b1e8-133030361c51:c1291]
2019-07-12 12:28:11,790 INFO  client.GrpcClientProtocolClient (GrpcClientProtocolClient.java:onNext(255)) - client-D83FC23EEBD8->4c571e18-69a3-4a6d-81de-e3e48052df18: receive RaftClientReply:client-D83FC23EEBD8->4c571e18-69a3-4a6d-81de-e3e48052df18@group-644576B5741B, cid=990, SUCCESS, logIndex=1294, commits[4c571e18-69a3-4a6d-81de-e3e48052df18:c1295, 15893972-388e-43c0-9d6c-ca4c76ac06da:c1291, c86beb1c-9105-4588-b1e8-133030361c51:c1291]
2019-07-12 12:28:11,793 INFO  client.GrpcClientProtocolClient (GrpcClientProtocolClient.java:onNext(255)) - client-D83FC23EEBD8->4c571e18-69a3-4a6d-81de-e3e48052df18: receive RaftClientReply:client-D83FC23EEBD8->4c571e18-69a3-4a6d-81de-e3e48052df18@group-644576B5741B, cid=991, SUCCESS, logIndex=1295, commits[4c571e18-69a3-4a6d-81de-e3e48052df18:c1297, 15893972-388e-43c0-9d6c-ca4c76ac06da:c1293, c86beb1c-9105-4588-b1e8-133030361c51:c1291]
2019-07-12 12:28:11,794 INFO  client.GrpcClientProtocolClient (GrpcClientProtocolClient.java:onNext(255)) - client-D83FC23EEBD8->4c571e18-69a3-4a6d-81de-e3e48052df18: receive RaftClientReply:client-D83FC23EEBD8->4c571e18-69a3-4a6d-81de-e3e48052df18@group-644576B5741B, cid=992, SUCCESS, logIndex=0, commits[4c571e18-69a3-4a6d-81de-e3e48052df18:c1299, 15893972-388e-43c0-9d6c-ca4c76ac06da:c1295, c86beb1c-9105-4588-b1e8-133030361c51:c1293]
2019-07-12 12:28:11,806 INFO  client.GrpcClientProtocolClient (GrpcClientProtocolClient.java:onNext(255)) - client-D83FC23EEBD8->4c571e18-69a3-4a6d-81de-e3e48052df18: receive RaftClientReply:client-D83FC23EEBD8->4c571e18-69a3-4a6d-81de-e3e48052df18@group-644576B5741B, cid=993, SUCCESS, logIndex=1300, commits[4c571e18-69a3-4a6d-81de-e3e48052df18:c1301, 15893972-388e-43c0-9d6c-ca4c76ac06da:c1299, c86beb1c-9105-4588-b1e8-133030361c51:c1295]
2019-07-12 12:28:11,807 INFO  client.GrpcClientProtocolClient (GrpcClientProtocolClient.java:onNext(255)) - client-D83FC23EEBD8->4c571e18-69a3-4a6d-81de-e3e48052df18: receive RaftClientReply:client-D83FC23EEBD8->4c571e18-69a3-4a6d-81de-e3e48052df18@group-644576B5741B, cid=994, SUCCESS, logIndex=1301, commits[4c571e18-69a3-4a6d-81de-e3e48052df18:c1301, 15893972-388e-43c0-9d6c-ca4c76ac06da:c1299, c86beb1c-9105-4588-b1e8-133030361c51:c1299]
2019-07-12 12:28:11,828 INFO  client.GrpcClientProtocolClient (GrpcClientProtocolClient.java:onNext(255)) - client-D83FC23EEBD8->4c571e18-69a3-4a6d-81de-e3e48052df18: receive RaftClientReply:client-D83FC23EEBD8->4c571e18-69a3-4a6d-81de-e3e48052df18@group-644576B5741B, cid=995, SUCCESS, logIndex=1304, commits[4c571e18-69a3-4a6d-81de-e3e48052df18:c1305, 15893972-388e-43c0-9d6c-ca4c76ac06da:c1303, c86beb1c-9105-4588-b1e8-133030361c51:c1303]
2019-07-12 12:28:11,828 INFO  client.GrpcClientProtocolClient (GrpcClientProtocolClient.java:onNext(255)) - client-D83FC23EEBD8->4c571e18-69a3-4a6d-81de-e3e48052df18: receive RaftClientReply:client-D83FC23EEBD8->4c571e18-69a3-4a6d-81de-e3e48052df18@group-644576B5741B, cid=996, SUCCESS, logIndex=1305, commits[4c571e18-69a3-4a6d-81de-e3e48052df18:c1305, 15893972-388e-43c0-9d6c-ca4c76ac06da:c1303, c86beb1c-9105-4588-b1e8-133030361c51:c1303]
2019-07-12 12:28:11,830 INFO  client.GrpcClientProtocolClient (GrpcClientProtocolClient.java:onNext(255)) - client-D83FC23EEBD8->4c571e18-69a3-4a6d-81de-e3e48052df18: receive RaftClientReply:client-D83FC23EEBD8->4c571e18-69a3-4a6d-81de-e3e48052df18@group-644576B5741B, cid=997, SUCCESS, logIndex=0, commits[4c571e18-69a3-4a6d-81de-e3e48052df18:c1306, 15893972-388e-43c0-9d6c-ca4c76ac06da:c1305, c86beb1c-9105-4588-b1e8-133030361c51:c1305]
2019-07-12 12:28:11,850 INFO  client.GrpcClientProtocolClient (GrpcClientProtocolClient.java:onNext(255)) - client-D83FC23EEBD8->4c571e18-69a3-4a6d-81de-e3e48052df18: receive RaftClientReply:client-D83FC23EEBD8->4c571e18-69a3-4a6d-81de-e3e48052df18@group-644576B5741B, cid=998, SUCCESS, logIndex=1308, commits[4c571e18-69a3-4a6d-81de-e3e48052df18:c1309, 15893972-388e-43c0-9d6c-ca4c76ac06da:c1307, c86beb1c-9105-4588-b1e8-133030361c51:c1307]
2019-07-12 12:28:11,850 INFO  client.GrpcClientProtocolClient (GrpcClientProtocolClient.java:onNext(255)) - client-D83FC23EEBD8->4c571e18-69a3-4a6d-81de-e3e48052df18: receive RaftClientReply:client-D83FC23EEBD8->4c571e18-69a3-4a6d-81de-e3e48052df18@group-644576B5741B, cid=999, SUCCESS, logIndex=1309, commits[4c571e18-69a3-4a6d-81de-e3e48052df18:c1309, 15893972-388e-43c0-9d6c-ca4c76ac06da:c1307, c86beb1c-9105-4588-b1e8-133030361c51:c1307]
2019-07-12 12:28:11,851 INFO  client.GrpcClientProtocolClient (GrpcClientProtocolClient.java:onNext(255)) - client-D83FC23EEBD8->4c571e18-69a3-4a6d-81de-e3e48052df18: receive RaftClientReply:client-D83FC23EEBD8->4c571e18-69a3-4a6d-81de-e3e48052df18@group-644576B5741B, cid=1000, SUCCESS, logIndex=1310, commits[4c571e18-69a3-4a6d-81de-e3e48052df18:c1311, 15893972-388e-43c0-9d6c-ca4c76ac06da:c1307, c86beb1c-9105-4588-b1e8-133030361c51:c1307]
2019-07-12 12:28:11,851 INFO  client.GrpcClientProtocolClient (GrpcClientProtocolClient.java:onNext(255)) - client-D83FC23EEBD8->4c571e18-69a3-4a6d-81de-e3e48052df18: receive RaftClientReply:client-D83FC23EEBD8->4c571e18-69a3-4a6d-81de-e3e48052df18@group-644576B5741B, cid=1001, SUCCESS, logIndex=1311, commits[4c571e18-69a3-4a6d-81de-e3e48052df18:c1311, 15893972-388e-43c0-9d6c-ca4c76ac06da:c1307, c86beb1c-9105-4588-b1e8-133030361c51:c1307]
2019-07-12 12:28:11,853 INFO  client.GrpcClientProtocolClient (GrpcClientProtocolClient.java:onNext(255)) - client-D83FC23EEBD8->4c571e18-69a3-4a6d-81de-e3e48052df18: receive RaftClientReply:client-D83FC23EEBD8->4c571e18-69a3-4a6d-81de-e3e48052df18@group-644576B5741B, cid=1002, SUCCESS, logIndex=0, commits[4c571e18-69a3-4a6d-81de-e3e48052df18:c1313, 15893972-388e-43c0-9d6c-ca4c76ac06da:c1309, c86beb1c-9105-4588-b1e8-133030361c51:c1309]
2019-07-12 12:28:11,872 INFO  client.GrpcClientProtocolClient (GrpcClientProtocolClient.java:onNext(255)) - client-D83FC23EEBD8->4c571e18-69a3-4a6d-81de-e3e48052df18: receive RaftClientReply:client-D83FC23EEBD8->4c571e18-69a3-4a6d-81de-e3e48052df18@group-644576B5741B, cid=1003, SUCCESS, logIndex=1316, commits[4c571e18-69a3-4a6d-81de-e3e48052df18:c1317, 15893972-388e-43c0-9d6c-ca4c76ac06da:c1315, c86beb1c-9105-4588-b1e8-133030361c51:c1315]
2019-07-12 12:28:11,873 INFO  client.GrpcClientProtocolClient (GrpcClientProtocolClient.java:onNext(255)) - client-D83FC23EEBD8->4c571e18-69a3-4a6d-81de-e3e48052df18: receive RaftClientReply:client-D83FC23EEBD8->4c571e18-69a3-4a6d-81de-e3e48052df18@group-644576B5741B, cid=1004, SUCCESS, logIndex=1317, commits[4c571e18-69a3-4a6d-81de-e3e48052df18:c1317, 15893972-388e-43c0-9d6c-ca4c76ac06da:c1315, c86beb1c-9105-4588-b1e8-133030361c51:c1315]
2019-07-12 12:28:11,885 INFO  client.GrpcClientProtocolClient (GrpcClientProtocolClient.java:onNext(255)) - client-D83FC23EEBD8->4c571e18-69a3-4a6d-81de-e3e48052df18: receive RaftClientReply:client-D83FC23EEBD8->4c571e18-69a3-4a6d-81de-e3e48052df18@group-644576B5741B, cid=1005, SUCCESS, logIndex=1320, commits[4c571e18-69a3-4a6d-81de-e3e48052df18:c1321, 15893972-388e-43c0-9d6c-ca4c76ac06da:c1317, c86beb1c-9105-4588-b1e8-133030361c51:c1317]
2019-07-12 12:28:11,886 INFO  client.GrpcClientProtocolClient (GrpcClientProtocolClient.java:onNext(255)) - client-D83FC23EEBD8->4c571e18-69a3-4a6d-81de-e3e48052df18: receive RaftClientReply:client-D83FC23EEBD8->4c571e18-69a3-4a6d-81de-e3e48052df18@group-644576B5741B, cid=1006, SUCCESS, logIndex=1321, commits[4c571e18-69a3-4a6d-81de-e3e48052df18:c1321, 15893972-388e-43c0-9d6c-ca4c76ac06da:c1317, c86beb1c-9105-4588-b1e8-133030361c51:c1317]
2019-07-12 12:28:11,898 INFO  client.GrpcClientProtocolClient (GrpcClientProtocolClient.java:onNext(255)) - client-D83FC23EEBD8->4c571e18-69a3-4a6d-81de-e3e48052df18: receive RaftClientReply:client-D83FC23EEBD8->4c571e18-69a3-4a6d-81de-e3e48052df18@group-644576B5741B, cid=1007, SUCCESS, logIndex=0, commits[4c571e18-69a3-4a6d-81de-e3e48052df18:c1323, 15893972-388e-43c0-9d6c-ca4c76ac06da:c1321, c86beb1c-9105-4588-b1e8-133030361c51:c1321]
2019-07-12 12:28:11,918 INFO  client.GrpcClientProtocolClient (GrpcClientProtocolClient.java:onNext(255)) - client-D83FC23EEBD8->4c571e18-69a3-4a6d-81de-e3e48052df18: receive RaftClientReply:client-D83FC23EEBD8->4c571e18-69a3-4a6d-81de-e3e48052df18@group-644576B5741B, cid=1008, SUCCESS, logIndex=1324, commits[4c571e18-69a3-4a6d-81de-e3e48052df18:c1325, 15893972-388e-43c0-9d6c-ca4c76ac06da:c1323, c86beb1c-9105-4588-b1e8-133030361c51:c1323]
2019-07-12 12:28:11,918 INFO  client.GrpcClientProtocolClient (GrpcClientProtocolClient.java:onNext(255)) - client-D83FC23EEBD8->4c571e18-69a3-4a6d-81de-e3e48052df18: receive RaftClientReply:client-D83FC23EEBD8->4c571e18-69a3-4a6d-81de-e3e48052df18@group-644576B5741B, cid=1009, SUCCESS, logIndex=1325, commits[4c571e18-69a3-4a6d-81de-e3e48052df18:c1326, 15893972-388e-43c0-9d6c-ca4c76ac06da:c1323, c86beb1c-9105-4588-b1e8-133030361c51:c1323]
2019-07-12 12:28:11,919 INFO  client.GrpcClientProtocolClient (GrpcClientProtocolClient.java:onNext(255)) - client-D83FC23EEBD8->4c571e18-69a3-4a6d-81de-e3e48052df18: receive RaftClientReply:client-D83FC23EEBD8->4c571e18-69a3-4a6d-81de-e3e48052df18@group-644576B5741B, cid=1010, SUCCESS, logIndex=1326, commits[4c571e18-69a3-4a6d-81de-e3e48052df18:c1327, 15893972-388e-43c0-9d6c-ca4c76ac06da:c1323, c86beb1c-9105-4588-b1e8-133030361c51:c1323]
2019-07-12 12:28:11,919 INFO  client.GrpcClientProtocolClient (GrpcClientProtocolClient.java:onNext(255)) - client-D83FC23EEBD8->4c571e18-69a3-4a6d-81de-e3e48052df18: receive RaftClientReply:client-D83FC23EEBD8->4c571e18-69a3-4a6d-81de-e3e48052df18@group-644576B5741B, cid=1011, SUCCESS, logIndex=1327, commits[4c571e18-69a3-4a6d-81de-e3e48052df18:c1327, 15893972-388e-43c0-9d6c-ca4c76ac06da:c1323, c86beb1c-9105-4588-b1e8-133030361c51:c1323]
2019-07-12 12:28:11,920 INFO  client.GrpcClientProtocolClient (GrpcClientProtocolClient.java:onNext(255)) - client-D83FC23EEBD8->4c571e18-69a3-4a6d-81de-e3e48052df18: receive RaftClientReply:client-D83FC23EEBD8->4c571e18-69a3-4a6d-81de-e3e48052df18@group-644576B5741B, cid=1012, SUCCESS, logIndex=0, commits[4c571e18-69a3-4a6d-81de-e3e48052df18:c1329, 15893972-388e-43c0-9d6c-ca4c76ac06da:c1325, c86beb1c-9105-4588-b1e8-133030361c51:c1325]
2019-07-12 12:28:11,940 INFO  client.GrpcClientProtocolClient (GrpcClientProtocolClient.java:onNext(255)) - client-D83FC23EEBD8->4c571e18-69a3-4a6d-81de-e3e48052df18: receive RaftClientReply:client-D83FC23EEBD8->4c571e18-69a3-4a6d-81de-e3e48052df18@group-644576B5741B, cid=1013, SUCCESS, logIndex=1332, commits[4c571e18-69a3-4a6d-81de-e3e48052df18:c1333, 15893972-388e-43c0-9d6c-ca4c76ac06da:c1331, c86beb1c-9105-4588-b1e8-133030361c51:c1331]
2019-07-12 12:28:11,940 INFO  client.GrpcClientProtocolClient (GrpcClientProtocolClient.java:onNext(255)) - client-D83FC23EEBD8->4c571e18-69a3-4a6d-81de-e3e48052df18: receive RaftClientReply:client-D83FC23EEBD8->4c571e18-69a3-4a6d-81de-e3e48052df18@group-644576B5741B, cid=1014, SUCCESS, logIndex=1333, commits[4c571e18-69a3-4a6d-81de-e3e48052df18:c1333, 15893972-388e-43c0-9d6c-ca4c76ac06da:c1331, c86beb1c-9105-4588-b1e8-133030361c51:c1331]
2019-07-12 12:28:12,071 INFO  client.GrpcClientProtocolClient (GrpcClientProtocolClient.java:onNext(255)) - client-D83FC23EEBD8->4c571e18-69a3-4a6d-81de-e3e48052df18: receive RaftClientReply:client-D83FC23EEBD8->4c571e18-69a3-4a6d-81de-e3e48052df18@group-644576B5741B, cid=1015, SUCCESS, logIndex=1336, commits[4c571e18-69a3-4a6d-81de-e3e48052df18:c1337, 15893972-388e-43c0-9d6c-ca4c76ac06da:c1333, c86beb1c-9105-4588-b1e8-133030361c51:c1333]
2019-07-12 12:28:12,071 INFO  client.GrpcClientProtocolClient (GrpcClientProtocolClient.java:onNext(255)) - client-D83FC23EEBD8->4c571e18-69a3-4a6d-81de-e3e48052df18: receive RaftClientReply:client-D83FC23EEBD8->4c571e18-69a3-4a6d-81de-e3e48052df18@group-644576B5741B, cid=1016, SUCCESS, logIndex=1337, commits[4c571e18-69a3-4a6d-81de-e3e48052df18:c1337, 15893972-388e-43c0-9d6c-ca4c76ac06da:c1333, c86beb1c-9105-4588-b1e8-133030361c51:c1333]
2019-07-12 12:28:12,073 INFO  client.GrpcClientProtocolClient (GrpcClientProtocolClient.java:onNext(255)) - client-D83FC23EEBD8->4c571e18-69a3-4a6d-81de-e3e48052df18: receive RaftClientReply:client-D83FC23EEBD8->4c571e18-69a3-4a6d-81de-e3e48052df18@group-644576B5741B, cid=1017, SUCCESS, logIndex=0, commits[4c571e18-69a3-4a6d-81de-e3e48052df18:c1338, 15893972-388e-43c0-9d6c-ca4c76ac06da:c1337, c86beb1c-9105-4588-b1e8-133030361c51:c1337]
2019-07-12 12:28:12,095 INFO  client.GrpcClientProtocolClient (GrpcClientProtocolClient.java:onNext(255)) - client-D83FC23EEBD8->4c571e18-69a3-4a6d-81de-e3e48052df18: receive RaftClientReply:client-D83FC23EEBD8->4c571e18-69a3-4a6d-81de-e3e48052df18@group-644576B5741B, cid=1018, SUCCESS, logIndex=1340, commits[4c571e18-69a3-4a6d-81de-e3e48052df18:c1341, 15893972-388e-43c0-9d6c-ca4c76ac06da:c1339, c86beb1c-9105-4588-b1e8-133030361c51:c1339]
2019-07-12 12:28:12,096 INFO  client.GrpcClientProtocolClient (GrpcClientProtocolClient.java:onNext(255)) - client-D83FC23EEBD8->4c571e18-69a3-4a6d-81de-e3e48052df18: receive RaftClientReply:client-D83FC23EEBD8->4c571e18-69a3-4a6d-81de-e3e48052df18@group-644576B5741B, cid=1019, SUCCESS, logIndex=1341, commits[4c571e18-69a3-4a6d-81de-e3e48052df18:c1341, 15893972-388e-43c0-9d6c-ca4c76ac06da:c1339, c86beb1c-9105-4588-b1e8-133030361c51:c1339]
2019-07-12 12:28:12,096 INFO  client.GrpcClientProtocolClient (GrpcClientProtocolClient.java:onNext(255)) - client-D83FC23EEBD8->4c571e18-69a3-4a6d-81de-e3e48052df18: receive RaftClientReply:client-D83FC23EEBD8->4c571e18-69a3-4a6d-81de-e3e48052df18@group-644576B5741B, cid=1020, SUCCESS, logIndex=1342, commits[4c571e18-69a3-4a6d-81de-e3e48052df18:c1343, 15893972-388e-43c0-9d6c-ca4c76ac06da:c1339, c86beb1c-9105-4588-b1e8-133030361c51:c1339]
2019-07-12 12:28:12,096 INFO  client.GrpcClientProtocolClient (GrpcClientProtocolClient.java:onNext(255)) - client-D83FC23EEBD8->4c571e18-69a3-4a6d-81de-e3e48052df18: receive RaftClientReply:client-D83FC23EEBD8->4c571e18-69a3-4a6d-81de-e3e48052df18@group-644576B5741B, cid=1021, SUCCESS, logIndex=1343, commits[4c571e18-69a3-4a6d-81de-e3e48052df18:c1343, 15893972-388e-43c0-9d6c-ca4c76ac06da:c1339, c86beb1c-9105-4588-b1e8-133030361c51:c1339]
2019-07-12 12:28:12,098 INFO  client.GrpcClientProtocolClient (GrpcClientProtocolClient.java:onNext(255)) - client-D83FC23EEBD8->4c571e18-69a3-4a6d-81de-e3e48052df18: receive RaftClientReply:client-D83FC23EEBD8->4c571e18-69a3-4a6d-81de-e3e48052df18@group-644576B5741B, cid=1022, SUCCESS, logIndex=0, commits[4c571e18-69a3-4a6d-81de-e3e48052df18:c1345, 15893972-388e-43c0-9d6c-ca4c76ac06da:c1341, c86beb1c-9105-4588-b1e8-133030361c51:c1341]
2019-07-12 12:28:12,118 INFO  client.GrpcClientProtocolClient (GrpcClientProtocolClient.java:onNext(255)) - client-D83FC23EEBD8->4c571e18-69a3-4a6d-81de-e3e48052df18: receive RaftClientReply:client-D83FC23EEBD8->4c571e18-69a3-4a6d-81de-e3e48052df18@group-644576B5741B, cid=1023, SUCCESS, logIndex=1348, commits[4c571e18-69a3-4a6d-81de-e3e48052df18:c1349, 15893972-388e-43c0-9d6c-ca4c76ac06da:c1347, c86beb1c-9105-4588-b1e8-133030361c51:c1347]
2019-07-12 12:28:12,118 INFO  client.GrpcClientProtocolClient (GrpcClientProtocolClient.java:onNext(255)) - client-D83FC23EEBD8->4c571e18-69a3-4a6d-81de-e3e48052df18: receive RaftClientReply:client-D83FC23EEBD8->4c571e18-69a3-4a6d-81de-e3e48052df18@group-644576B5741B, cid=1024, SUCCESS, logIndex=1349, commits[4c571e18-69a3-4a6d-81de-e3e48052df18:c1349, 15893972-388e-43c0-9d6c-ca4c76ac06da:c1347, c86beb1c-9105-4588-b1e8-133030361c51:c1347]
2019-07-12 12:28:12,131 INFO  client.GrpcClientProtocolClient (GrpcClientProtocolClient.java:onNext(255)) - client-D83FC23EEBD8->4c571e18-69a3-4a6d-81de-e3e48052df18: receive RaftClientReply:client-D83FC23EEBD8->4c571e18-69a3-4a6d-81de-e3e48052df18@group-644576B5741B, cid=1025, SUCCESS, logIndex=1352, commits[4c571e18-69a3-4a6d-81de-e3e48052df18:c1353, 15893972-388e-43c0-9d6c-ca4c76ac06da:c1349, c86beb1c-9105-4588-b1e8-133030361c51:c1348]
2019-07-12 12:28:12,131 INFO  client.GrpcClientProtocolClient (GrpcClientProtocolClient.java:onNext(255)) - client-D83FC23EEBD8->4c571e18-69a3-4a6d-81de-e3e48052df18: receive RaftClientReply:client-D83FC23EEBD8->4c571e18-69a3-4a6d-81de-e3e48052df18@group-644576B5741B, cid=1026, SUCCESS, logIndex=1353, commits[4c571e18-69a3-4a6d-81de-e3e48052df18:c1353, 15893972-388e-43c0-9d6c-ca4c76ac06da:c1349, c86beb1c-9105-4588-b1e8-133030361c51:c1349]
2019-07-12 12:28:12,133 INFO  client.GrpcClientProtocolClient (GrpcClientProtocolClient.java:onNext(255)) - client-D83FC23EEBD8->4c571e18-69a3-4a6d-81de-e3e48052df18: receive RaftClientReply:client-D83FC23EEBD8->4c571e18-69a3-4a6d-81de-e3e48052df18@group-644576B5741B, cid=1027, SUCCESS, logIndex=0, commits[4c571e18-69a3-4a6d-81de-e3e48052df18:c1354, 15893972-388e-43c0-9d6c-ca4c76ac06da:c1353, c86beb1c-9105-4588-b1e8-133030361c51:c1353]
2019-07-12 12:28:12,154 INFO  client.GrpcClientProtocolClient (GrpcClientProtocolClient.java:onNext(255)) - client-D83FC23EEBD8->4c571e18-69a3-4a6d-81de-e3e48052df18: receive RaftClientReply:client-D83FC23EEBD8->4c571e18-69a3-4a6d-81de-e3e48052df18@group-644576B5741B, cid=1028, SUCCESS, logIndex=1356, commits[4c571e18-69a3-4a6d-81de-e3e48052df18:c1357, 15893972-388e-43c0-9d6c-ca4c76ac06da:c1355, c86beb1c-9105-4588-b1e8-133030361c51:c1355]
2019-07-12 12:28:12,155 INFO  client.GrpcClientProtocolClient (GrpcClientProtocolClient.java:onNext(255)) - client-D83FC23EEBD8->4c571e18-69a3-4a6d-81de-e3e48052df18: receive RaftClientReply:client-D83FC23EEBD8->4c571e18-69a3-4a6d-81de-e3e48052df18@group-644576B5741B, cid=1029, SUCCESS, logIndex=1357, commits[4c571e18-69a3-4a6d-81de-e3e48052df18:c1357, 15893972-388e-43c0-9d6c-ca4c76ac06da:c1355, c86beb1c-9105-4588-b1e8-133030361c51:c1355]
2019-07-12 12:28:12,155 INFO  client.GrpcClientProtocolClient (GrpcClientProtocolClient.java:onNext(255)) - client-D83FC23EEBD8->4c571e18-69a3-4a6d-81de-e3e48052df18: receive RaftClientReply:client-D83FC23EEBD8->4c571e18-69a3-4a6d-81de-e3e48052df18@group-644576B5741B, cid=1030, SUCCESS, logIndex=1358, commits[4c571e18-69a3-4a6d-81de-e3e48052df18:c1359, 15893972-388e-43c0-9d6c-ca4c76ac06da:c1355, c86beb1c-9105-4588-b1e8-133030361c51:c1355]
2019-07-12 12:28:12,155 INFO  client.GrpcClientProtocolClient (GrpcClientProtocolClient.java:onNext(255)) - client-D83FC23EEBD8->4c571e18-69a3-4a6d-81de-e3e48052df18: receive RaftClientReply:client-D83FC23EEBD8->4c571e18-69a3-4a6d-81de-e3e48052df18@group-644576B5741B, cid=1031, SUCCESS, logIndex=1359, commits[4c571e18-69a3-4a6d-81de-e3e48052df18:c1359, 15893972-388e-43c0-9d6c-ca4c76ac06da:c1355, c86beb1c-9105-4588-b1e8-133030361c51:c1355]
2019-07-12 12:28:12,156 INFO  client.GrpcClientProtocolClient (GrpcClientProtocolClient.java:onNext(255)) - client-D83FC23EEBD8->4c571e18-69a3-4a6d-81de-e3e48052df18: receive RaftClientReply:client-D83FC23EEBD8->4c571e18-69a3-4a6d-81de-e3e48052df18@group-644576B5741B, cid=1032, SUCCESS, logIndex=0, commits[4c571e18-69a3-4a6d-81de-e3e48052df18:c1361, 15893972-388e-43c0-9d6c-ca4c76ac06da:c1357, c86beb1c-9105-4588-b1e8-133030361c51:c1357]
2019-07-12 12:28:12,176 INFO  client.GrpcClientProtocolClient (GrpcClientProtocolClient.java:onNext(255)) - client-D83FC23EEBD8->4c571e18-69a3-4a6d-81de-e3e48052df18: receive RaftClientReply:client-D83FC23EEBD8->4c571e18-69a3-4a6d-81de-e3e48052df18@group-644576B5741B, cid=1033, SUCCESS, logIndex=1364, commits[4c571e18-69a3-4a6d-81de-e3e48052df18:c1365, 15893972-388e-43c0-9d6c-ca4c76ac06da:c1363, c86beb1c-9105-4588-b1e8-133030361c51:c1363]
2019-07-12 12:28:12,176 INFO  client.GrpcClientProtocolClient (GrpcClientProtocolClient.java:onNext(255)) - client-D83FC23EEBD8->4c571e18-69a3-4a6d-81de-e3e48052df18: receive RaftClientReply:client-D83FC23EEBD8->4c571e18-69a3-4a6d-81de-e3e48052df18@group-644576B5741B, cid=1034, SUCCESS, logIndex=1365, commits[4c571e18-69a3-4a6d-81de-e3e48052df18:c1365, 15893972-388e-43c0-9d6c-ca4c76ac06da:c1363, c86beb1c-9105-4588-b1e8-133030361c51:c1363]
2019-07-12 12:28:12,189 INFO  client.GrpcClientProtocolClient (GrpcClientProtocolClient.java:onNext(255)) - client-D83FC23EEBD8->4c571e18-69a3-4a6d-81de-e3e48052df18: receive RaftClientReply:client-D83FC23EEBD8->4c571e18-69a3-4a6d-81de-e3e48052df18@group-644576B5741B, cid=1035, SUCCESS, logIndex=1368, commits[4c571e18-69a3-4a6d-81de-e3e48052df18:c1368, 15893972-388e-43c0-9d6c-ca4c76ac06da:c1365, c86beb1c-9105-4588-b1e8-133030361c51:c1365]
2019-07-12 12:28:12,189 INFO  client.GrpcClientProtocolClient (GrpcClientProtocolClient.java:onNext(255)) - client-D83FC23EEBD8->4c571e18-69a3-4a6d-81de-e3e48052df18: receive RaftClientReply:client-D83FC23EEBD8->4c571e18-69a3-4a6d-81de-e3e48052df18@group-644576B5741B, cid=1036, SUCCESS, logIndex=1369, commits[4c571e18-69a3-4a6d-81de-e3e48052df18:c1369, 15893972-388e-43c0-9d6c-ca4c76ac06da:c1365, c86beb1c-9105-4588-b1e8-133030361c51:c1365]
 0.00% |█                                                                                                    |  0/1 Time: 0:00:042019-07-12 12:28:12,202 INFO  client.GrpcClientProtocolClient (GrpcClientProtocolClient.java:onNext(255)) - client-D83FC23EEBD8->4c571e18-69a3-4a6d-81de-e3e48052df18: receive RaftClientReply:client-D83FC23EEBD8->4c571e18-69a3-4a6d-81de-e3e48052df18@group-644576B5741B, cid=1037, SUCCESS, logIndex=0, commits[4c571e18-69a3-4a6d-81de-e3e48052df18:c1371, 15893972-388e-43c0-9d6c-ca4c76ac06da:c1369, c86beb1c-9105-4588-b1e8-133030361c51:c1369]
2019-07-12 12:28:12,222 INFO  client.GrpcClientProtocolClient (GrpcClientProtocolClient.java:onNext(255)) - client-D83FC23EEBD8->4c571e18-69a3-4a6d-81de-e3e48052df18: receive RaftClientReply:client-D83FC23EEBD8->4c571e18-69a3-4a6d-81de-e3e48052df18@group-644576B5741B, cid=1038, SUCCESS, logIndex=1372, commits[4c571e18-69a3-4a6d-81de-e3e48052df18:c1373, 15893972-388e-43c0-9d6c-ca4c76ac06da:c1371, c86beb1c-9105-4588-b1e8-133030361c51:c1371]
2019-07-12 12:28:12,222 INFO  client.GrpcClientProtocolClient (GrpcClientProtocolClient.java:onNext(255)) - client-D83FC23EEBD8->4c571e18-69a3-4a6d-81de-e3e48052df18: receive RaftClientReply:client-D83FC23EEBD8->4c571e18-69a3-4a6d-81de-e3e48052df18@group-644576B5741B, cid=1039, SUCCESS, logIndex=1373, commits[4c571e18-69a3-4a6d-81de-e3e48052df18:c1373, 15893972-388e-43c0-9d6c-ca4c76ac06da:c1371, c86beb1c-9105-4588-b1e8-133030361c51:c1371]
2019-07-12 12:28:12,223 INFO  client.GrpcClientProtocolClient (GrpcClientProtocolClient.java:onNext(255)) - client-D83FC23EEBD8->4c571e18-69a3-4a6d-81de-e3e48052df18: receive RaftClientReply:client-D83FC23EEBD8->4c571e18-69a3-4a6d-81de-e3e48052df18@group-644576B5741B, cid=1040, SUCCESS, logIndex=1374, commits[4c571e18-69a3-4a6d-81de-e3e48052df18:c1375, 15893972-388e-43c0-9d6c-ca4c76ac06da:c1371, c86beb1c-9105-4588-b1e8-133030361c51:c1371]
2019-07-12 12:28:12,223 INFO  client.GrpcClientProtocolClient (GrpcClientProtocolClient.java:onNext(255)) - client-D83FC23EEBD8->4c571e18-69a3-4a6d-81de-e3e48052df18: receive RaftClientReply:client-D83FC23EEBD8->4c571e18-69a3-4a6d-81de-e3e48052df18@group-644576B5741B, cid=1041, SUCCESS, logIndex=1375, commits[4c571e18-69a3-4a6d-81de-e3e48052df18:c1375, 15893972-388e-43c0-9d6c-ca4c76ac06da:c1371, c86beb1c-9105-4588-b1e8-133030361c51:c1371]
2019-07-12 12:28:12,224 INFO  client.GrpcClientProtocolClient (GrpcClientProtocolClient.java:onNext(255)) - client-D83FC23EEBD8->4c571e18-69a3-4a6d-81de-e3e48052df18: receive RaftClientReply:client-D83FC23EEBD8->4c571e18-69a3-4a6d-81de-e3e48052df18@group-644576B5741B, cid=1042, SUCCESS, logIndex=0, commits[4c571e18-69a3-4a6d-81de-e3e48052df18:c1377, 15893972-388e-43c0-9d6c-ca4c76ac06da:c1373, c86beb1c-9105-4588-b1e8-133030361c51:c1373]
2019-07-12 12:28:12,246 INFO  client.GrpcClientProtocolClient (GrpcClientProtocolClient.java:onNext(255)) - client-D83FC23EEBD8->4c571e18-69a3-4a6d-81de-e3e48052df18: receive RaftClientReply:client-D83FC23EEBD8->4c571e18-69a3-4a6d-81de-e3e48052df18@group-644576B5741B, cid=1043, SUCCESS, logIndex=1380, commits[4c571e18-69a3-4a6d-81de-e3e48052df18:c1381, 15893972-388e-43c0-9d6c-ca4c76ac06da:c1379, c86beb1c-9105-4588-b1e8-133030361c51:c1379]
2019-07-12 12:28:12,247 INFO  client.GrpcClientProtocolClient (GrpcClientProtocolClient.java:onNext(255)) - client-D83FC23EEBD8->4c571e18-69a3-4a6d-81de-e3e48052df18: receive RaftClientReply:client-D83FC23EEBD8->4c571e18-69a3-4a6d-81de-e3e48052df18@group-644576B5741B, cid=1044, SUCCESS, logIndex=1381, commits[4c571e18-69a3-4a6d-81de-e3e48052df18:c1381, 15893972-388e-43c0-9d6c-ca4c76ac06da:c1379, c86beb1c-9105-4588-b1e8-133030361c51:c1379]
2019-07-12 12:28:12,259 INFO  client.GrpcClientProtocolClient (GrpcClientProtocolClient.java:onNext(255)) - client-D83FC23EEBD8->4c571e18-69a3-4a6d-81de-e3e48052df18: receive RaftClientReply:client-D83FC23EEBD8->4c571e18-69a3-4a6d-81de-e3e48052df18@group-644576B5741B, cid=1045, SUCCESS, logIndex=1384, commits[4c571e18-69a3-4a6d-81de-e3e48052df18:c1385, 15893972-388e-43c0-9d6c-ca4c76ac06da:c1381, c86beb1c-9105-4588-b1e8-133030361c51:c1381]
2019-07-12 12:28:12,260 INFO  client.GrpcClientProtocolClient (GrpcClientProtocolClient.java:onNext(255)) - client-D83FC23EEBD8->4c571e18-69a3-4a6d-81de-e3e48052df18: receive RaftClientReply:client-D83FC23EEBD8->4c571e18-69a3-4a6d-81de-e3e48052df18@group-644576B5741B, cid=1046, SUCCESS, logIndex=1385, commits[4c571e18-69a3-4a6d-81de-e3e48052df18:c1385, 15893972-388e-43c0-9d6c-ca4c76ac06da:c1381, c86beb1c-9105-4588-b1e8-133030361c51:c1381]
2019-07-12 12:28:12,272 INFO  client.GrpcClientProtocolClient (GrpcClientProtocolClient.java:onNext(255)) - client-D83FC23EEBD8->4c571e18-69a3-4a6d-81de-e3e48052df18: receive RaftClientReply:client-D83FC23EEBD8->4c571e18-69a3-4a6d-81de-e3e48052df18@group-644576B5741B, cid=1047, SUCCESS, logIndex=0, commits[4c571e18-69a3-4a6d-81de-e3e48052df18:c1387, 15893972-388e-43c0-9d6c-ca4c76ac06da:c1385, c86beb1c-9105-4588-b1e8-133030361c51:c1385]
2019-07-12 12:28:12,293 INFO  client.GrpcClientProtocolClient (GrpcClientProtocolClient.java:onNext(255)) - client-D83FC23EEBD8->4c571e18-69a3-4a6d-81de-e3e48052df18: receive RaftClientReply:client-D83FC23EEBD8->4c571e18-69a3-4a6d-81de-e3e48052df18@group-644576B5741B, cid=1048, SUCCESS, logIndex=1388, commits[4c571e18-69a3-4a6d-81de-e3e48052df18:c1389, 15893972-388e-43c0-9d6c-ca4c76ac06da:c1387, c86beb1c-9105-4588-b1e8-133030361c51:c1387]
2019-07-12 12:28:12,294 INFO  client.GrpcClientProtocolClient (GrpcClientProtocolClient.java:onNext(255)) - client-D83FC23EEBD8->4c571e18-69a3-4a6d-81de-e3e48052df18: receive RaftClientReply:client-D83FC23EEBD8->4c571e18-69a3-4a6d-81de-e3e48052df18@group-644576B5741B, cid=1049, SUCCESS, logIndex=1389, commits[4c571e18-69a3-4a6d-81de-e3e48052df18:c1390, 15893972-388e-43c0-9d6c-ca4c76ac06da:c1387, c86beb1c-9105-4588-b1e8-133030361c51:c1387]
2019-07-12 12:28:12,294 INFO  client.GrpcClientProtocolClient (GrpcClientProtocolClient.java:onNext(255)) - client-D83FC23EEBD8->4c571e18-69a3-4a6d-81de-e3e48052df18: receive RaftClientReply:client-D83FC23EEBD8->4c571e18-69a3-4a6d-81de-e3e48052df18@group-644576B5741B, cid=1050, SUCCESS, logIndex=1390, commits[4c571e18-69a3-4a6d-81de-e3e48052df18:c1391, 15893972-388e-43c0-9d6c-ca4c76ac06da:c1387, c86beb1c-9105-4588-b1e8-133030361c51:c1387]
2019-07-12 12:28:12,294 INFO  client.GrpcClientProtocolClient (GrpcClientProtocolClient.java:onNext(255)) - client-D83FC23EEBD8->4c571e18-69a3-4a6d-81de-e3e48052df18: receive RaftClientReply:client-D83FC23EEBD8->4c571e18-69a3-4a6d-81de-e3e48052df18@group-644576B5741B, cid=1051, SUCCESS, logIndex=1391, commits[4c571e18-69a3-4a6d-81de-e3e48052df18:c1391, 15893972-388e-43c0-9d6c-ca4c76ac06da:c1387, c86beb1c-9105-4588-b1e8-133030361c51:c1387]
2019-07-12 12:28:12,296 INFO  client.GrpcClientProtocolClient (GrpcClientProtocolClient.java:onNext(255)) - client-D83FC23EEBD8->4c571e18-69a3-4a6d-81de-e3e48052df18: receive RaftClientReply:client-D83FC23EEBD8->4c571e18-69a3-4a6d-81de-e3e48052df18@group-644576B5741B, cid=1052, SUCCESS, logIndex=0, commits[4c571e18-69a3-4a6d-81de-e3e48052df18:c1393, 15893972-388e-43c0-9d6c-ca4c76ac06da:c1389, c86beb1c-9105-4588-b1e8-133030361c51:c1389]
2019-07-12 12:28:12,320 INFO  client.GrpcClientProtocolClient (GrpcClientProtocolClient.java:onNext(255)) - client-D83FC23EEBD8->4c571e18-69a3-4a6d-81de-e3e48052df18: receive RaftClientReply:client-D83FC23EEBD8->4c571e18-69a3-4a6d-81de-e3e48052df18@group-644576B5741B, cid=1053, SUCCESS, logIndex=1396, commits[4c571e18-69a3-4a6d-81de-e3e48052df18:c1397, 15893972-388e-43c0-9d6c-ca4c76ac06da:c1395, c86beb1c-9105-4588-b1e8-133030361c51:c1395]
2019-07-12 12:28:12,321 INFO  client.GrpcClientProtocolClient (GrpcClientProtocolClient.java:onNext(255)) - client-D83FC23EEBD8->4c571e18-69a3-4a6d-81de-e3e48052df18: receive RaftClientReply:client-D83FC23EEBD8->4c571e18-69a3-4a6d-81de-e3e48052df18@group-644576B5741B, cid=1054, SUCCESS, logIndex=1397, commits[4c571e18-69a3-4a6d-81de-e3e48052df18:c1397, 15893972-388e-43c0-9d6c-ca4c76ac06da:c1395, c86beb1c-9105-4588-b1e8-133030361c51:c1395]
2019-07-12 12:28:12,334 INFO  client.GrpcClientProtocolClient (GrpcClientProtocolClient.java:onNext(255)) - client-D83FC23EEBD8->4c571e18-69a3-4a6d-81de-e3e48052df18: receive RaftClientReply:client-D83FC23EEBD8->4c571e18-69a3-4a6d-81de-e3e48052df18@group-644576B5741B, cid=1055, SUCCESS, logIndex=1400, commits[4c571e18-69a3-4a6d-81de-e3e48052df18:c1401, 15893972-388e-43c0-9d6c-ca4c76ac06da:c1397, c86beb1c-9105-4588-b1e8-133030361c51:c1397]
2019-07-12 12:28:12,334 INFO  client.GrpcClientProtocolClient (GrpcClientProtocolClient.java:onNext(255)) - client-D83FC23EEBD8->4c571e18-69a3-4a6d-81de-e3e48052df18: receive RaftClientReply:client-D83FC23EEBD8->4c571e18-69a3-4a6d-81de-e3e48052df18@group-644576B5741B, cid=1056, SUCCESS, logIndex=1401, commits[4c571e18-69a3-4a6d-81de-e3e48052df18:c1401, 15893972-388e-43c0-9d6c-ca4c76ac06da:c1397, c86beb1c-9105-4588-b1e8-133030361c51:c1397]
2019-07-12 12:28:12,347 INFO  client.GrpcClientProtocolClient (GrpcClientProtocolClient.java:onNext(255)) - client-D83FC23EEBD8->4c571e18-69a3-4a6d-81de-e3e48052df18: receive RaftClientReply:client-D83FC23EEBD8->4c571e18-69a3-4a6d-81de-e3e48052df18@group-644576B5741B, cid=1057, SUCCESS, logIndex=0, commits[4c571e18-69a3-4a6d-81de-e3e48052df18:c1403, 15893972-388e-43c0-9d6c-ca4c76ac06da:c1401, c86beb1c-9105-4588-b1e8-133030361c51:c1401]
2019-07-12 12:28:12,371 INFO  client.GrpcClientProtocolClient (GrpcClientProtocolClient.java:onNext(255)) - client-D83FC23EEBD8->4c571e18-69a3-4a6d-81de-e3e48052df18: receive RaftClientReply:client-D83FC23EEBD8->4c571e18-69a3-4a6d-81de-e3e48052df18@group-644576B5741B, cid=1058, SUCCESS, logIndex=1404, commits[4c571e18-69a3-4a6d-81de-e3e48052df18:c1407, 15893972-388e-43c0-9d6c-ca4c76ac06da:c1403, c86beb1c-9105-4588-b1e8-133030361c51:c1401]
2019-07-12 12:28:12,372 INFO  client.GrpcClientProtocolClient (GrpcClientProtocolClient.java:onNext(255)) - client-D83FC23EEBD8->4c571e18-69a3-4a6d-81de-e3e48052df18: receive RaftClientReply:client-D83FC23EEBD8->4c571e18-69a3-4a6d-81de-e3e48052df18@group-644576B5741B, cid=1059, SUCCESS, logIndex=1405, commits[4c571e18-69a3-4a6d-81de-e3e48052df18:c1407, 15893972-388e-43c0-9d6c-ca4c76ac06da:c1403, c86beb1c-9105-4588-b1e8-133030361c51:c1403]
2019-07-12 12:28:12,372 INFO  client.GrpcClientProtocolClient (GrpcClientProtocolClient.java:onNext(255)) - client-D83FC23EEBD8->4c571e18-69a3-4a6d-81de-e3e48052df18: receive RaftClientReply:client-D83FC23EEBD8->4c571e18-69a3-4a6d-81de-e3e48052df18@group-644576B5741B, cid=1060, SUCCESS, logIndex=1406, commits[4c571e18-69a3-4a6d-81de-e3e48052df18:c1407, 15893972-388e-43c0-9d6c-ca4c76ac06da:c1403, c86beb1c-9105-4588-b1e8-133030361c51:c1403]
2019-07-12 12:28:12,372 INFO  client.GrpcClientProtocolClient (GrpcClientProtocolClient.java:onNext(255)) - client-D83FC23EEBD8->4c571e18-69a3-4a6d-81de-e3e48052df18: receive RaftClientReply:client-D83FC23EEBD8->4c571e18-69a3-4a6d-81de-e3e48052df18@group-644576B5741B, cid=1061, SUCCESS, logIndex=1407, commits[4c571e18-69a3-4a6d-81de-e3e48052df18:c1407, 15893972-388e-43c0-9d6c-ca4c76ac06da:c1403, c86beb1c-9105-4588-b1e8-133030361c51:c1403]
2019-07-12 12:28:12,383 INFO  client.GrpcClientProtocolClient (GrpcClientProtocolClient.java:onNext(255)) - client-D83FC23EEBD8->4c571e18-69a3-4a6d-81de-e3e48052df18: receive RaftClientReply:client-D83FC23EEBD8->4c571e18-69a3-4a6d-81de-e3e48052df18@group-644576B5741B, cid=1062, SUCCESS, logIndex=0, commits[4c571e18-69a3-4a6d-81de-e3e48052df18:c1408, 15893972-388e-43c0-9d6c-ca4c76ac06da:c1406, c86beb1c-9105-4588-b1e8-133030361c51:c1406]
2019-07-12 12:28:12,403 INFO  client.GrpcClientProtocolClient (GrpcClientProtocolClient.java:onNext(255)) - client-D83FC23EEBD8->4c571e18-69a3-4a6d-81de-e3e48052df18: receive RaftClientReply:client-D83FC23EEBD8->4c571e18-69a3-4a6d-81de-e3e48052df18@group-644576B5741B, cid=1063, SUCCESS, logIndex=1411, commits[4c571e18-69a3-4a6d-81de-e3e48052df18:c1412, 15893972-388e-43c0-9d6c-ca4c76ac06da:c1410, c86beb1c-9105-4588-b1e8-133030361c51:c1410]
2019-07-12 12:28:12,404 INFO  client.GrpcClientProtocolClient (GrpcClientProtocolClient.java:onNext(255)) - client-D83FC23EEBD8->4c571e18-69a3-4a6d-81de-e3e48052df18: receive RaftClientReply:client-D83FC23EEBD8->4c571e18-69a3-4a6d-81de-e3e48052df18@group-644576B5741B, cid=1064, SUCCESS, logIndex=1412, commits[4c571e18-69a3-4a6d-81de-e3e48052df18:c1412, 15893972-388e-43c0-9d6c-ca4c76ac06da:c1410, c86beb1c-9105-4588-b1e8-133030361c51:c1410]
2019-07-12 12:28:12,416 INFO  client.GrpcClientProtocolClient (GrpcClientProtocolClient.java:onNext(255)) - client-D83FC23EEBD8->4c571e18-69a3-4a6d-81de-e3e48052df18: receive RaftClientReply:client-D83FC23EEBD8->4c571e18-69a3-4a6d-81de-e3e48052df18@group-644576B5741B, cid=1065, SUCCESS, logIndex=1415, commits[4c571e18-69a3-4a6d-81de-e3e48052df18:c1416, 15893972-388e-43c0-9d6c-ca4c76ac06da:c1412, c86beb1c-9105-4588-b1e8-133030361c51:c1412]
2019-07-12 12:28:12,417 INFO  client.GrpcClientProtocolClient (GrpcClientProtocolClient.java:onNext(255)) - client-D83FC23EEBD8->4c571e18-69a3-4a6d-81de-e3e48052df18: receive RaftClientReply:client-D83FC23EEBD8->4c571e18-69a3-4a6d-81de-e3e48052df18@group-644576B5741B, cid=1066, SUCCESS, logIndex=1416, commits[4c571e18-69a3-4a6d-81de-e3e48052df18:c1416, 15893972-388e-43c0-9d6c-ca4c76ac06da:c1412, c86beb1c-9105-4588-b1e8-133030361c51:c1412]
2019-07-12 12:28:12,429 INFO  client.GrpcClientProtocolClient (GrpcClientProtocolClient.java:onNext(255)) - client-D83FC23EEBD8->4c571e18-69a3-4a6d-81de-e3e48052df18: receive RaftClientReply:client-D83FC23EEBD8->4c571e18-69a3-4a6d-81de-e3e48052df18@group-644576B5741B, cid=1067, SUCCESS, logIndex=0, commits[4c571e18-69a3-4a6d-81de-e3e48052df18:c1418, 15893972-388e-43c0-9d6c-ca4c76ac06da:c1416, c86beb1c-9105-4588-b1e8-133030361c51:c1416]
2019-07-12 12:28:12,449 INFO  client.GrpcClientProtocolClient (GrpcClientProtocolClient.java:onNext(255)) - client-D83FC23EEBD8->4c571e18-69a3-4a6d-81de-e3e48052df18: receive RaftClientReply:client-D83FC23EEBD8->4c571e18-69a3-4a6d-81de-e3e48052df18@group-644576B5741B, cid=1068, SUCCESS, logIndex=1419, commits[4c571e18-69a3-4a6d-81de-e3e48052df18:c1420, 15893972-388e-43c0-9d6c-ca4c76ac06da:c1418, c86beb1c-9105-4588-b1e8-133030361c51:c1418]
2019-07-12 12:28:12,450 INFO  client.GrpcClientProtocolClient (GrpcClientProtocolClient.java:onNext(255)) - client-D83FC23EEBD8->4c571e18-69a3-4a6d-81de-e3e48052df18: receive RaftClientReply:client-D83FC23EEBD8->4c571e18-69a3-4a6d-81de-e3e48052df18@group-644576B5741B, cid=1069, SUCCESS, logIndex=1420, commits[4c571e18-69a3-4a6d-81de-e3e48052df18:c1420, 15893972-388e-43c0-9d6c-ca4c76ac06da:c1418, c86beb1c-9105-4588-b1e8-133030361c51:c1418]
2019-07-12 12:28:12,450 INFO  client.GrpcClientProtocolClient (GrpcClientProtocolClient.java:onNext(255)) - client-D83FC23EEBD8->4c571e18-69a3-4a6d-81de-e3e48052df18: receive RaftClientReply:client-D83FC23EEBD8->4c571e18-69a3-4a6d-81de-e3e48052df18@group-644576B5741B, cid=1070, SUCCESS, logIndex=1421, commits[4c571e18-69a3-4a6d-81de-e3e48052df18:c1421, 15893972-388e-43c0-9d6c-ca4c76ac06da:c1418, c86beb1c-9105-4588-b1e8-133030361c51:c1418]
2019-07-12 12:28:12,451 INFO  client.GrpcClientProtocolClient (GrpcClientProtocolClient.java:onNext(255)) - client-D83FC23EEBD8->4c571e18-69a3-4a6d-81de-e3e48052df18: receive RaftClientReply:client-D83FC23EEBD8->4c571e18-69a3-4a6d-81de-e3e48052df18@group-644576B5741B, cid=1071, SUCCESS, logIndex=1422, commits[4c571e18-69a3-4a6d-81de-e3e48052df18:c1422, 15893972-388e-43c0-9d6c-ca4c76ac06da:c1418, c86beb1c-9105-4588-b1e8-133030361c51:c1418]
2019-07-12 12:28:12,452 INFO  client.GrpcClientProtocolClient (GrpcClientProtocolClient.java:onNext(255)) - client-D83FC23EEBD8->4c571e18-69a3-4a6d-81de-e3e48052df18: receive RaftClientReply:client-D83FC23EEBD8->4c571e18-69a3-4a6d-81de-e3e48052df18@group-644576B5741B, cid=1072, SUCCESS, logIndex=0, commits[4c571e18-69a3-4a6d-81de-e3e48052df18:c1424, 15893972-388e-43c0-9d6c-ca4c76ac06da:c1420, c86beb1c-9105-4588-b1e8-133030361c51:c1420]
2019-07-12 12:28:12,472 INFO  client.GrpcClientProtocolClient (GrpcClientProtocolClient.java:onNext(255)) - client-D83FC23EEBD8->4c571e18-69a3-4a6d-81de-e3e48052df18: receive RaftClientReply:client-D83FC23EEBD8->4c571e18-69a3-4a6d-81de-e3e48052df18@group-644576B5741B, cid=1073, SUCCESS, logIndex=1427, commits[4c571e18-69a3-4a6d-81de-e3e48052df18:c1428, 15893972-388e-43c0-9d6c-ca4c76ac06da:c1426, c86beb1c-9105-4588-b1e8-133030361c51:c1426]
2019-07-12 12:28:12,473 INFO  client.GrpcClientProtocolClient (GrpcClientProtocolClient.java:onNext(255)) - client-D83FC23EEBD8->4c571e18-69a3-4a6d-81de-e3e48052df18: receive RaftClientReply:client-D83FC23EEBD8->4c571e18-69a3-4a6d-81de-e3e48052df18@group-644576B5741B, cid=1074, SUCCESS, logIndex=1428, commits[4c571e18-69a3-4a6d-81de-e3e48052df18:c1428, 15893972-388e-43c0-9d6c-ca4c76ac06da:c1426, c86beb1c-9105-4588-b1e8-133030361c51:c1426]
2019-07-12 12:28:12,486 INFO  client.GrpcClientProtocolClient (GrpcClientProtocolClient.java:onNext(255)) - client-D83FC23EEBD8->4c571e18-69a3-4a6d-81de-e3e48052df18: receive RaftClientReply:client-D83FC23EEBD8->4c571e18-69a3-4a6d-81de-e3e48052df18@group-644576B5741B, cid=1075, SUCCESS, logIndex=1431, commits[4c571e18-69a3-4a6d-81de-e3e48052df18:c1432, 15893972-388e-43c0-9d6c-ca4c76ac06da:c1428, c86beb1c-9105-4588-b1e8-133030361c51:c1428]
2019-07-12 12:28:12,486 INFO  client.GrpcClientProtocolClient (GrpcClientProtocolClient.java:onNext(255)) - client-D83FC23EEBD8->4c571e18-69a3-4a6d-81de-e3e48052df18: receive RaftClientReply:client-D83FC23EEBD8->4c571e18-69a3-4a6d-81de-e3e48052df18@group-644576B5741B, cid=1076, SUCCESS, logIndex=1432, commits[4c571e18-69a3-4a6d-81de-e3e48052df18:c1432, 15893972-388e-43c0-9d6c-ca4c76ac06da:c1428, c86beb1c-9105-4588-b1e8-133030361c51:c1428]
2019-07-12 12:28:12,498 INFO  client.GrpcClientProtocolClient (GrpcClientProtocolClient.java:onNext(255)) - client-D83FC23EEBD8->4c571e18-69a3-4a6d-81de-e3e48052df18: receive RaftClientReply:client-D83FC23EEBD8->4c571e18-69a3-4a6d-81de-e3e48052df18@group-644576B5741B, cid=1077, SUCCESS, logIndex=0, commits[4c571e18-69a3-4a6d-81de-e3e48052df18:c1432, 15893972-388e-43c0-9d6c-ca4c76ac06da:c1432, c86beb1c-9105-4588-b1e8-133030361c51:c1432]
2019-07-12 12:28:12,513 INFO  client.GrpcClientProtocolClient (GrpcClientProtocolClient.java:onNext(255)) - client-D83FC23EEBD8->4c571e18-69a3-4a6d-81de-e3e48052df18: receive RaftClientReply:client-D83FC23EEBD8->4c571e18-69a3-4a6d-81de-e3e48052df18@group-644576B5741B, cid=1078, SUCCESS, logIndex=1435, commits[4c571e18-69a3-4a6d-81de-e3e48052df18:c1436, 15893972-388e-43c0-9d6c-ca4c76ac06da:c1434, c86beb1c-9105-4588-b1e8-133030361c51:c1434]
2019-07-12 12:28:12,514 INFO  client.GrpcClientProtocolClient (GrpcClientProtocolClient.java:onNext(255)) - client-D83FC23EEBD8->4c571e18-69a3-4a6d-81de-e3e48052df18: receive RaftClientReply:client-D83FC23EEBD8->4c571e18-69a3-4a6d-81de-e3e48052df18@group-644576B5741B, cid=1079, SUCCESS, logIndex=1436, commits[4c571e18-69a3-4a6d-81de-e3e48052df18:c1436, 15893972-388e-43c0-9d6c-ca4c76ac06da:c1434, c86beb1c-9105-4588-b1e8-133030361c51:c1434]
2019-07-12 12:28:12,514 INFO  client.GrpcClientProtocolClient (GrpcClientProtocolClient.java:onNext(255)) - client-D83FC23EEBD8->4c571e18-69a3-4a6d-81de-e3e48052df18: receive RaftClientReply:client-D83FC23EEBD8->4c571e18-69a3-4a6d-81de-e3e48052df18@group-644576B5741B, cid=1080, SUCCESS, logIndex=1437, commits[4c571e18-69a3-4a6d-81de-e3e48052df18:c1438, 15893972-388e-43c0-9d6c-ca4c76ac06da:c1434, c86beb1c-9105-4588-b1e8-133030361c51:c1434]
2019-07-12 12:28:12,515 INFO  client.GrpcClientProtocolClient (GrpcClientProtocolClient.java:onNext(255)) - client-D83FC23EEBD8->4c571e18-69a3-4a6d-81de-e3e48052df18: receive RaftClientReply:client-D83FC23EEBD8->4c571e18-69a3-4a6d-81de-e3e48052df18@group-644576B5741B, cid=1081, SUCCESS, logIndex=1438, commits[4c571e18-69a3-4a6d-81de-e3e48052df18:c1438, 15893972-388e-43c0-9d6c-ca4c76ac06da:c1434, c86beb1c-9105-4588-b1e8-133030361c51:c1434]
2019-07-12 12:28:12,516 INFO  client.GrpcClientProtocolClient (GrpcClientProtocolClient.java:onNext(255)) - client-D83FC23EEBD8->4c571e18-69a3-4a6d-81de-e3e48052df18: receive RaftClientReply:client-D83FC23EEBD8->4c571e18-69a3-4a6d-81de-e3e48052df18@group-644576B5741B, cid=1082, SUCCESS, logIndex=0, commits[4c571e18-69a3-4a6d-81de-e3e48052df18:c1440, 15893972-388e-43c0-9d6c-ca4c76ac06da:c1436, c86beb1c-9105-4588-b1e8-133030361c51:c1438]
2019-07-12 12:28:12,536 INFO  client.GrpcClientProtocolClient (GrpcClientProtocolClient.java:onNext(255)) - client-D83FC23EEBD8->4c571e18-69a3-4a6d-81de-e3e48052df18: receive RaftClientReply:client-D83FC23EEBD8->4c571e18-69a3-4a6d-81de-e3e48052df18@group-644576B5741B, cid=1083, SUCCESS, logIndex=1442, commits[4c571e18-69a3-4a6d-81de-e3e48052df18:c1443, 15893972-388e-43c0-9d6c-ca4c76ac06da:c1441, c86beb1c-9105-4588-b1e8-133030361c51:c1441]
2019-07-12 12:28:12,536 INFO  client.GrpcClientProtocolClient (GrpcClientProtocolClient.java:onNext(255)) - client-D83FC23EEBD8->4c571e18-69a3-4a6d-81de-e3e48052df18: receive RaftClientReply:client-D83FC23EEBD8->4c571e18-69a3-4a6d-81de-e3e48052df18@group-644576B5741B, cid=1084, SUCCESS, logIndex=1443, commits[4c571e18-69a3-4a6d-81de-e3e48052df18:c1443, 15893972-388e-43c0-9d6c-ca4c76ac06da:c1441, c86beb1c-9105-4588-b1e8-133030361c51:c1441]
2019-07-12 12:28:12,548 INFO  client.GrpcClientProtocolClient (GrpcClientProtocolClient.java:onNext(255)) - client-D83FC23EEBD8->4c571e18-69a3-4a6d-81de-e3e48052df18: receive RaftClientReply:client-D83FC23EEBD8->4c571e18-69a3-4a6d-81de-e3e48052df18@group-644576B5741B, cid=1085, SUCCESS, logIndex=1446, commits[4c571e18-69a3-4a6d-81de-e3e48052df18:c1447, 15893972-388e-43c0-9d6c-ca4c76ac06da:c1443, c86beb1c-9105-4588-b1e8-133030361c51:c1443]
2019-07-12 12:28:12,548 INFO  client.GrpcClientProtocolClient (GrpcClientProtocolClient.java:onNext(255)) - client-D83FC23EEBD8->4c571e18-69a3-4a6d-81de-e3e48052df18: receive RaftClientReply:client-D83FC23EEBD8->4c571e18-69a3-4a6d-81de-e3e48052df18@group-644576B5741B, cid=1086, SUCCESS, logIndex=1447, commits[4c571e18-69a3-4a6d-81de-e3e48052df18:c1447, 15893972-388e-43c0-9d6c-ca4c76ac06da:c1443, c86beb1c-9105-4588-b1e8-133030361c51:c1443]
2019-07-12 12:28:12,641 INFO  client.GrpcClientProtocolClient (GrpcClientProtocolClient.java:onNext(255)) - client-D83FC23EEBD8->4c571e18-69a3-4a6d-81de-e3e48052df18: receive RaftClientReply:client-D83FC23EEBD8->4c571e18-69a3-4a6d-81de-e3e48052df18@group-644576B5741B, cid=1087, SUCCESS, logIndex=0, commits[4c571e18-69a3-4a6d-81de-e3e48052df18:c1449, 15893972-388e-43c0-9d6c-ca4c76ac06da:c1447, c86beb1c-9105-4588-b1e8-133030361c51:c1447]
2019-07-12 12:28:12,661 INFO  client.GrpcClientProtocolClient (GrpcClientProtocolClient.java:onNext(255)) - client-D83FC23EEBD8->4c571e18-69a3-4a6d-81de-e3e48052df18: receive RaftClientReply:client-D83FC23EEBD8->4c571e18-69a3-4a6d-81de-e3e48052df18@group-644576B5741B, cid=1088, SUCCESS, logIndex=1450, commits[4c571e18-69a3-4a6d-81de-e3e48052df18:c1451, 15893972-388e-43c0-9d6c-ca4c76ac06da:c1449, c86beb1c-9105-4588-b1e8-133030361c51:c1449]
2019-07-12 12:28:12,661 INFO  client.GrpcClientProtocolClient (GrpcClientProtocolClient.java:onNext(255)) - client-D83FC23EEBD8->4c571e18-69a3-4a6d-81de-e3e48052df18: receive RaftClientReply:client-D83FC23EEBD8->4c571e18-69a3-4a6d-81de-e3e48052df18@group-644576B5741B, cid=1089, SUCCESS, logIndex=1451, commits[4c571e18-69a3-4a6d-81de-e3e48052df18:c1451, 15893972-388e-43c0-9d6c-ca4c76ac06da:c1449, c86beb1c-9105-4588-b1e8-133030361c51:c1449]
2019-07-12 12:28:12,661 INFO  client.GrpcClientProtocolClient (GrpcClientProtocolClient.java:onNext(255)) - client-D83FC23EEBD8->4c571e18-69a3-4a6d-81de-e3e48052df18: receive RaftClientReply:client-D83FC23EEBD8->4c571e18-69a3-4a6d-81de-e3e48052df18@group-644576B5741B, cid=1090, SUCCESS, logIndex=1452, commits[4c571e18-69a3-4a6d-81de-e3e48052df18:c1453, 15893972-388e-43c0-9d6c-ca4c76ac06da:c1449, c86beb1c-9105-4588-b1e8-133030361c51:c1449]
2019-07-12 12:28:12,662 INFO  client.GrpcClientProtocolClient (GrpcClientProtocolClient.java:onNext(255)) - client-D83FC23EEBD8->4c571e18-69a3-4a6d-81de-e3e48052df18: receive RaftClientReply:client-D83FC23EEBD8->4c571e18-69a3-4a6d-81de-e3e48052df18@group-644576B5741B, cid=1091, SUCCESS, logIndex=1453, commits[4c571e18-69a3-4a6d-81de-e3e48052df18:c1453, 15893972-388e-43c0-9d6c-ca4c76ac06da:c1449, c86beb1c-9105-4588-b1e8-133030361c51:c1449]
2019-07-12 12:28:12,663 INFO  client.GrpcClientProtocolClient (GrpcClientProtocolClient.java:onNext(255)) - client-D83FC23EEBD8->4c571e18-69a3-4a6d-81de-e3e48052df18: receive RaftClientReply:client-D83FC23EEBD8->4c571e18-69a3-4a6d-81de-e3e48052df18@group-644576B5741B, cid=1092, SUCCESS, logIndex=0, commits[4c571e18-69a3-4a6d-81de-e3e48052df18:c1455, 15893972-388e-43c0-9d6c-ca4c76ac06da:c1451, c86beb1c-9105-4588-b1e8-133030361c51:c1451]
2019-07-12 12:28:12,685 INFO  client.GrpcClientProtocolClient (GrpcClientProtocolClient.java:onNext(255)) - client-D83FC23EEBD8->4c571e18-69a3-4a6d-81de-e3e48052df18: receive RaftClientReply:client-D83FC23EEBD8->4c571e18-69a3-4a6d-81de-e3e48052df18@group-644576B5741B, cid=1093, SUCCESS, logIndex=1458, commits[4c571e18-69a3-4a6d-81de-e3e48052df18:c1459, 15893972-388e-43c0-9d6c-ca4c76ac06da:c1457, c86beb1c-9105-4588-b1e8-133030361c51:c1457]
2019-07-12 12:28:12,686 INFO  client.GrpcClientProtocolClient (GrpcClientProtocolClient.java:onNext(255)) - client-D83FC23EEBD8->4c571e18-69a3-4a6d-81de-e3e48052df18: receive RaftClientReply:client-D83FC23EEBD8->4c571e18-69a3-4a6d-81de-e3e48052df18@group-644576B5741B, cid=1094, SUCCESS, logIndex=1459, commits[4c571e18-69a3-4a6d-81de-e3e48052df18:c1459, 15893972-388e-43c0-9d6c-ca4c76ac06da:c1457, c86beb1c-9105-4588-b1e8-133030361c51:c1457]
2019-07-12 12:28:12,701 INFO  client.GrpcClientProtocolClient (GrpcClientProtocolClient.java:onNext(255)) - client-D83FC23EEBD8->4c571e18-69a3-4a6d-81de-e3e48052df18: receive RaftClientReply:client-D83FC23EEBD8->4c571e18-69a3-4a6d-81de-e3e48052df18@group-644576B5741B, cid=1095, SUCCESS, logIndex=1462, commits[4c571e18-69a3-4a6d-81de-e3e48052df18:c1463, 15893972-388e-43c0-9d6c-ca4c76ac06da:c1459, c86beb1c-9105-4588-b1e8-133030361c51:c1459]
2019-07-12 12:28:12,702 INFO  client.GrpcClientProtocolClient (GrpcClientProtocolClient.java:onNext(255)) - client-D83FC23EEBD8->4c571e18-69a3-4a6d-81de-e3e48052df18: receive RaftClientReply:client-D83FC23EEBD8->4c571e18-69a3-4a6d-81de-e3e48052df18@group-644576B5741B, cid=1096, SUCCESS, logIndex=1463, commits[4c571e18-69a3-4a6d-81de-e3e48052df18:c1463, 15893972-388e-43c0-9d6c-ca4c76ac06da:c1459, c86beb1c-9105-4588-b1e8-133030361c51:c1459]
2019-07-12 12:28:12,712 INFO  client.GrpcClientProtocolClient (GrpcClientProtocolClient.java:onNext(255)) - client-D83FC23EEBD8->4c571e18-69a3-4a6d-81de-e3e48052df18: receive RaftClientReply:client-D83FC23EEBD8->4c571e18-69a3-4a6d-81de-e3e48052df18@group-644576B5741B, cid=1097, SUCCESS, logIndex=0, commits[4c571e18-69a3-4a6d-81de-e3e48052df18:c1465, 15893972-388e-43c0-9d6c-ca4c76ac06da:c1463, c86beb1c-9105-4588-b1e8-133030361c51:c1463]
2019-07-12 12:28:12,731 INFO  client.GrpcClientProtocolClient (GrpcClientProtocolClient.java:onNext(255)) - client-D83FC23EEBD8->4c571e18-69a3-4a6d-81de-e3e48052df18: receive RaftClientReply:client-D83FC23EEBD8->4c571e18-69a3-4a6d-81de-e3e48052df18@group-644576B5741B, cid=1098, SUCCESS, logIndex=1466, commits[4c571e18-69a3-4a6d-81de-e3e48052df18:c1467, 15893972-388e-43c0-9d6c-ca4c76ac06da:c1465, c86beb1c-9105-4588-b1e8-133030361c51:c1465]
2019-07-12 12:28:12,732 INFO  client.GrpcClientProtocolClient (GrpcClientProtocolClient.java:onNext(255)) - client-D83FC23EEBD8->4c571e18-69a3-4a6d-81de-e3e48052df18: receive RaftClientReply:client-D83FC23EEBD8->4c571e18-69a3-4a6d-81de-e3e48052df18@group-644576B5741B, cid=1099, SUCCESS, logIndex=1467, commits[4c571e18-69a3-4a6d-81de-e3e48052df18:c1467, 15893972-388e-43c0-9d6c-ca4c76ac06da:c1465, c86beb1c-9105-4588-b1e8-133030361c51:c1465]
2019-07-12 12:28:12,732 INFO  client.GrpcClientProtocolClient (GrpcClientProtocolClient.java:onNext(255)) - client-D83FC23EEBD8->4c571e18-69a3-4a6d-81de-e3e48052df18: receive RaftClientReply:client-D83FC23EEBD8->4c571e18-69a3-4a6d-81de-e3e48052df18@group-644576B5741B, cid=1100, SUCCESS, logIndex=1468, commits[4c571e18-69a3-4a6d-81de-e3e48052df18:c1469, 15893972-388e-43c0-9d6c-ca4c76ac06da:c1465, c86beb1c-9105-4588-b1e8-133030361c51:c1465]
2019-07-12 12:28:12,733 INFO  client.GrpcClientProtocolClient (GrpcClientProtocolClient.java:onNext(255)) - client-D83FC23EEBD8->4c571e18-69a3-4a6d-81de-e3e48052df18: receive RaftClientReply:client-D83FC23EEBD8->4c571e18-69a3-4a6d-81de-e3e48052df18@group-644576B5741B, cid=1101, SUCCESS, logIndex=1469, commits[4c571e18-69a3-4a6d-81de-e3e48052df18:c1469, 15893972-388e-43c0-9d6c-ca4c76ac06da:c1465, c86beb1c-9105-4588-b1e8-133030361c51:c1465]
2019-07-12 12:28:12,734 INFO  client.GrpcClientProtocolClient (GrpcClientProtocolClient.java:onNext(255)) - client-D83FC23EEBD8->4c571e18-69a3-4a6d-81de-e3e48052df18: receive RaftClientReply:client-D83FC23EEBD8->4c571e18-69a3-4a6d-81de-e3e48052df18@group-644576B5741B, cid=1102, SUCCESS, logIndex=0, commits[4c571e18-69a3-4a6d-81de-e3e48052df18:c1469, 15893972-388e-43c0-9d6c-ca4c76ac06da:c1467, c86beb1c-9105-4588-b1e8-133030361c51:c1467]
2019-07-12 12:28:12,753 INFO  client.GrpcClientProtocolClient (GrpcClientProtocolClient.java:onNext(255)) - client-D83FC23EEBD8->4c571e18-69a3-4a6d-81de-e3e48052df18: receive RaftClientReply:client-D83FC23EEBD8->4c571e18-69a3-4a6d-81de-e3e48052df18@group-644576B5741B, cid=1103, SUCCESS, logIndex=1474, commits[4c571e18-69a3-4a6d-81de-e3e48052df18:c1475, 15893972-388e-43c0-9d6c-ca4c76ac06da:c1473, c86beb1c-9105-4588-b1e8-133030361c51:c1473]
2019-07-12 12:28:12,753 INFO  client.GrpcClientProtocolClient (GrpcClientProtocolClient.java:onNext(255)) - client-D83FC23EEBD8->4c571e18-69a3-4a6d-81de-e3e48052df18: receive RaftClientReply:client-D83FC23EEBD8->4c571e18-69a3-4a6d-81de-e3e48052df18@group-644576B5741B, cid=1104, SUCCESS, logIndex=1475, commits[4c571e18-69a3-4a6d-81de-e3e48052df18:c1475, 15893972-388e-43c0-9d6c-ca4c76ac06da:c1473, c86beb1c-9105-4588-b1e8-133030361c51:c1473]
2019-07-12 12:28:12,766 INFO  client.GrpcClientProtocolClient (GrpcClientProtocolClient.java:onNext(255)) - client-D83FC23EEBD8->4c571e18-69a3-4a6d-81de-e3e48052df18: receive RaftClientReply:client-D83FC23EEBD8->4c571e18-69a3-4a6d-81de-e3e48052df18@group-644576B5741B, cid=1105, SUCCESS, logIndex=1478, commits[4c571e18-69a3-4a6d-81de-e3e48052df18:c1478, 15893972-388e-43c0-9d6c-ca4c76ac06da:c1475, c86beb1c-9105-4588-b1e8-133030361c51:c1475]
2019-07-12 12:28:12,767 INFO  client.GrpcClientProtocolClient (GrpcClientProtocolClient.java:onNext(255)) - client-D83FC23EEBD8->4c571e18-69a3-4a6d-81de-e3e48052df18: receive RaftClientReply:client-D83FC23EEBD8->4c571e18-69a3-4a6d-81de-e3e48052df18@group-644576B5741B, cid=1106, SUCCESS, logIndex=1479, commits[4c571e18-69a3-4a6d-81de-e3e48052df18:c1479, 15893972-388e-43c0-9d6c-ca4c76ac06da:c1475, c86beb1c-9105-4588-b1e8-133030361c51:c1475]
2019-07-12 12:28:12,778 INFO  client.GrpcClientProtocolClient (GrpcClientProtocolClient.java:onNext(255)) - client-D83FC23EEBD8->4c571e18-69a3-4a6d-81de-e3e48052df18: receive RaftClientReply:client-D83FC23EEBD8->4c571e18-69a3-4a6d-81de-e3e48052df18@group-644576B5741B, cid=1107, SUCCESS, logIndex=0, commits[4c571e18-69a3-4a6d-81de-e3e48052df18:c1481, 15893972-388e-43c0-9d6c-ca4c76ac06da:c1479, c86beb1c-9105-4588-b1e8-133030361c51:c1479]
2019-07-12 12:28:12,798 INFO  client.GrpcClientProtocolClient (GrpcClientProtocolClient.java:onNext(255)) - client-D83FC23EEBD8->4c571e18-69a3-4a6d-81de-e3e48052df18: receive RaftClientReply:client-D83FC23EEBD8->4c571e18-69a3-4a6d-81de-e3e48052df18@group-644576B5741B, cid=1108, SUCCESS, logIndex=1482, commits[4c571e18-69a3-4a6d-81de-e3e48052df18:c1483, 15893972-388e-43c0-9d6c-ca4c76ac06da:c1481, c86beb1c-9105-4588-b1e8-133030361c51:c1481]
2019-07-12 12:28:12,798 INFO  client.GrpcClientProtocolClient (GrpcClientProtocolClient.java:onNext(255)) - client-D83FC23EEBD8->4c571e18-69a3-4a6d-81de-e3e48052df18: receive RaftClientReply:client-D83FC23EEBD8->4c571e18-69a3-4a6d-81de-e3e48052df18@group-644576B5741B, cid=1109, SUCCESS, logIndex=1483, commits[4c571e18-69a3-4a6d-81de-e3e48052df18:c1484, 15893972-388e-43c0-9d6c-ca4c76ac06da:c1481, c86beb1c-9105-4588-b1e8-133030361c51:c1481]
2019-07-12 12:28:12,799 INFO  client.GrpcClientProtocolClient (GrpcClientProtocolClient.java:onNext(255)) - client-D83FC23EEBD8->4c571e18-69a3-4a6d-81de-e3e48052df18: receive RaftClientReply:client-D83FC23EEBD8->4c571e18-69a3-4a6d-81de-e3e48052df18@group-644576B5741B, cid=1110, SUCCESS, logIndex=1484, commits[4c571e18-69a3-4a6d-81de-e3e48052df18:c1485, 15893972-388e-43c0-9d6c-ca4c76ac06da:c1481, c86beb1c-9105-4588-b1e8-133030361c51:c1481]
2019-07-12 12:28:12,799 INFO  client.GrpcClientProtocolClient (GrpcClientProtocolClient.java:onNext(255)) - client-D83FC23EEBD8->4c571e18-69a3-4a6d-81de-e3e48052df18: receive RaftClientReply:client-D83FC23EEBD8->4c571e18-69a3-4a6d-81de-e3e48052df18@group-644576B5741B, cid=1111, SUCCESS, logIndex=1485, commits[4c571e18-69a3-4a6d-81de-e3e48052df18:c1486, 15893972-388e-43c0-9d6c-ca4c76ac06da:c1483, c86beb1c-9105-4588-b1e8-133030361c51:c1483]
2019-07-12 12:28:12,824 INFO  client.GrpcClientProtocolClient (GrpcClientProtocolClient.java:onNext(255)) - client-D83FC23EEBD8->4c571e18-69a3-4a6d-81de-e3e48052df18: receive RaftClientReply:client-D83FC23EEBD8->4c571e18-69a3-4a6d-81de-e3e48052df18@group-644576B5741B, cid=1112, SUCCESS, logIndex=1490, commits[4c571e18-69a3-4a6d-81de-e3e48052df18:c1491, 15893972-388e-43c0-9d6c-ca4c76ac06da:c1489, c86beb1c-9105-4588-b1e8-133030361c51:c1489]
2019-07-12 12:28:12,825 INFO  client.GrpcClientProtocolClient (GrpcClientProtocolClient.java:onNext(255)) - client-D83FC23EEBD8->4c571e18-69a3-4a6d-81de-e3e48052df18: receive RaftClientReply:client-D83FC23EEBD8->4c571e18-69a3-4a6d-81de-e3e48052df18@group-644576B5741B, cid=1113, SUCCESS, logIndex=1491, commits[4c571e18-69a3-4a6d-81de-e3e48052df18:c1491, 15893972-388e-43c0-9d6c-ca4c76ac06da:c1489, c86beb1c-9105-4588-b1e8-133030361c51:c1489]
2019-07-12 12:28:12,841 INFO  client.GrpcClientProtocolClient (GrpcClientProtocolClient.java:onNext(255)) - client-D83FC23EEBD8->4c571e18-69a3-4a6d-81de-e3e48052df18: receive RaftClientReply:client-D83FC23EEBD8->4c571e18-69a3-4a6d-81de-e3e48052df18@group-644576B5741B, cid=1114, SUCCESS, logIndex=1494, commits[4c571e18-69a3-4a6d-81de-e3e48052df18:c1495, 15893972-388e-43c0-9d6c-ca4c76ac06da:c1491, c86beb1c-9105-4588-b1e8-133030361c51:c1491]
2019-07-12 12:28:12,842 INFO  client.GrpcClientProtocolClient (GrpcClientProtocolClient.java:onNext(255)) - client-D83FC23EEBD8->4c571e18-69a3-4a6d-81de-e3e48052df18: receive RaftClientReply:client-D83FC23EEBD8->4c571e18-69a3-4a6d-81de-e3e48052df18@group-644576B5741B, cid=1115, SUCCESS, logIndex=1495, commits[4c571e18-69a3-4a6d-81de-e3e48052df18:c1495, 15893972-388e-43c0-9d6c-ca4c76ac06da:c1491, c86beb1c-9105-4588-b1e8-133030361c51:c1491]
2019-07-12 12:28:12,854 INFO  client.GrpcClientProtocolClient (GrpcClientProtocolClient.java:onNext(255)) - client-D83FC23EEBD8->4c571e18-69a3-4a6d-81de-e3e48052df18: receive RaftClientReply:client-D83FC23EEBD8->4c571e18-69a3-4a6d-81de-e3e48052df18@group-644576B5741B, cid=1116, SUCCESS, logIndex=0, commits[4c571e18-69a3-4a6d-81de-e3e48052df18:c1497, 15893972-388e-43c0-9d6c-ca4c76ac06da:c1495, c86beb1c-9105-4588-b1e8-133030361c51:c1495]
2019-07-12 12:28:12,873 INFO  client.GrpcClientProtocolClient (GrpcClientProtocolClient.java:onNext(255)) - client-D83FC23EEBD8->4c571e18-69a3-4a6d-81de-e3e48052df18: receive RaftClientReply:client-D83FC23EEBD8->4c571e18-69a3-4a6d-81de-e3e48052df18@group-644576B5741B, cid=1117, SUCCESS, logIndex=1498, commits[4c571e18-69a3-4a6d-81de-e3e48052df18:c1499, 15893972-388e-43c0-9d6c-ca4c76ac06da:c1497, c86beb1c-9105-4588-b1e8-133030361c51:c1497]
2019-07-12 12:28:12,874 INFO  client.GrpcClientProtocolClient (GrpcClientProtocolClient.java:onNext(255)) - client-D83FC23EEBD8->4c571e18-69a3-4a6d-81de-e3e48052df18: receive RaftClientReply:client-D83FC23EEBD8->4c571e18-69a3-4a6d-81de-e3e48052df18@group-644576B5741B, cid=1118, SUCCESS, logIndex=1499, commits[4c571e18-69a3-4a6d-81de-e3e48052df18:c1499, 15893972-388e-43c0-9d6c-ca4c76ac06da:c1497, c86beb1c-9105-4588-b1e8-133030361c51:c1497]
2019-07-12 12:28:12,874 INFO  client.GrpcClientProtocolClient (GrpcClientProtocolClient.java:onNext(255)) - client-D83FC23EEBD8->4c571e18-69a3-4a6d-81de-e3e48052df18: receive RaftClientReply:client-D83FC23EEBD8->4c571e18-69a3-4a6d-81de-e3e48052df18@group-644576B5741B, cid=1119, SUCCESS, logIndex=1500, commits[4c571e18-69a3-4a6d-81de-e3e48052df18:c1500, 15893972-388e-43c0-9d6c-ca4c76ac06da:c1497, c86beb1c-9105-4588-b1e8-133030361c51:c1497]
2019-07-12 12:28:12,875 INFO  client.GrpcClientProtocolClient (GrpcClientProtocolClient.java:onNext(255)) - client-D83FC23EEBD8->4c571e18-69a3-4a6d-81de-e3e48052df18: receive RaftClientReply:client-D83FC23EEBD8->4c571e18-69a3-4a6d-81de-e3e48052df18@group-644576B5741B, cid=1120, SUCCESS, logIndex=1501, commits[4c571e18-69a3-4a6d-81de-e3e48052df18:c1501, 15893972-388e-43c0-9d6c-ca4c76ac06da:c1497, c86beb1c-9105-4588-b1e8-133030361c51:c1497]
2019-07-12 12:28:12,876 INFO  client.GrpcClientProtocolClient (GrpcClientProtocolClient.java:onNext(255)) - client-D83FC23EEBD8->4c571e18-69a3-4a6d-81de-e3e48052df18: receive RaftClientReply:client-D83FC23EEBD8->4c571e18-69a3-4a6d-81de-e3e48052df18@group-644576B5741B, cid=1121, SUCCESS, logIndex=0, commits[4c571e18-69a3-4a6d-81de-e3e48052df18:c1503, 15893972-388e-43c0-9d6c-ca4c76ac06da:c1499, c86beb1c-9105-4588-b1e8-133030361c51:c1499]
2019-07-12 12:28:12,895 INFO  client.GrpcClientProtocolClient (GrpcClientProtocolClient.java:onNext(255)) - client-D83FC23EEBD8->4c571e18-69a3-4a6d-81de-e3e48052df18: receive RaftClientReply:client-D83FC23EEBD8->4c571e18-69a3-4a6d-81de-e3e48052df18@group-644576B5741B, cid=1122, SUCCESS, logIndex=1506, commits[4c571e18-69a3-4a6d-81de-e3e48052df18:c1507, 15893972-388e-43c0-9d6c-ca4c76ac06da:c1505, c86beb1c-9105-4588-b1e8-133030361c51:c1505]
2019-07-12 12:28:12,896 INFO  client.GrpcClientProtocolClient (GrpcClientProtocolClient.java:onNext(255)) - client-D83FC23EEBD8->4c571e18-69a3-4a6d-81de-e3e48052df18: receive RaftClientReply:client-D83FC23EEBD8->4c571e18-69a3-4a6d-81de-e3e48052df18@group-644576B5741B, cid=1123, SUCCESS, logIndex=1507, commits[4c571e18-69a3-4a6d-81de-e3e48052df18:c1507, 15893972-388e-43c0-9d6c-ca4c76ac06da:c1505, c86beb1c-9105-4588-b1e8-133030361c51:c1505]
2019-07-12 12:28:12,908 INFO  client.GrpcClientProtocolClient (GrpcClientProtocolClient.java:onNext(255)) - client-D83FC23EEBD8->4c571e18-69a3-4a6d-81de-e3e48052df18: receive RaftClientReply:client-D83FC23EEBD8->4c571e18-69a3-4a6d-81de-e3e48052df18@group-644576B5741B, cid=1124, SUCCESS, logIndex=1509, commits[4c571e18-69a3-4a6d-81de-e3e48052df18:c1510, 15893972-388e-43c0-9d6c-ca4c76ac06da:c1507, c86beb1c-9105-4588-b1e8-133030361c51:c1507]
2019-07-12 12:28:12,909 INFO  client.GrpcClientProtocolClient (GrpcClientProtocolClient.java:onNext(255)) - client-D83FC23EEBD8->4c571e18-69a3-4a6d-81de-e3e48052df18: receive RaftClientReply:client-D83FC23EEBD8->4c571e18-69a3-4a6d-81de-e3e48052df18@group-644576B5741B, cid=1125, SUCCESS, logIndex=1510, commits[4c571e18-69a3-4a6d-81de-e3e48052df18:c1510, 15893972-388e-43c0-9d6c-ca4c76ac06da:c1507, c86beb1c-9105-4588-b1e8-133030361c51:c1507]
2019-07-12 12:28:12,920 INFO  client.GrpcClientProtocolClient (GrpcClientProtocolClient.java:onNext(255)) - client-D83FC23EEBD8->4c571e18-69a3-4a6d-81de-e3e48052df18: receive RaftClientReply:client-D83FC23EEBD8->4c571e18-69a3-4a6d-81de-e3e48052df18@group-644576B5741B, cid=1126, SUCCESS, logIndex=0, commits[4c571e18-69a3-4a6d-81de-e3e48052df18:c1511, 15893972-388e-43c0-9d6c-ca4c76ac06da:c1510, c86beb1c-9105-4588-b1e8-133030361c51:c1510]
2019-07-12 12:28:12,940 INFO  client.GrpcClientProtocolClient (GrpcClientProtocolClient.java:onNext(255)) - client-D83FC23EEBD8->4c571e18-69a3-4a6d-81de-e3e48052df18: receive RaftClientReply:client-D83FC23EEBD8->4c571e18-69a3-4a6d-81de-e3e48052df18@group-644576B5741B, cid=1127, SUCCESS, logIndex=1512, commits[4c571e18-69a3-4a6d-81de-e3e48052df18:c1514, 15893972-388e-43c0-9d6c-ca4c76ac06da:c1511, c86beb1c-9105-4588-b1e8-133030361c51:c1511]
2019-07-12 12:28:12,941 INFO  client.GrpcClientProtocolClient (GrpcClientProtocolClient.java:onNext(255)) - client-D83FC23EEBD8->4c571e18-69a3-4a6d-81de-e3e48052df18: receive RaftClientReply:client-D83FC23EEBD8->4c571e18-69a3-4a6d-81de-e3e48052df18@group-644576B5741B, cid=1128, SUCCESS, logIndex=1513, commits[4c571e18-69a3-4a6d-81de-e3e48052df18:c1515, 15893972-388e-43c0-9d6c-ca4c76ac06da:c1511, c86beb1c-9105-4588-b1e8-133030361c51:c1511]
2019-07-12 12:28:12,941 INFO  client.GrpcClientProtocolClient (GrpcClientProtocolClient.java:onNext(255)) - client-D83FC23EEBD8->4c571e18-69a3-4a6d-81de-e3e48052df18: receive RaftClientReply:client-D83FC23EEBD8->4c571e18-69a3-4a6d-81de-e3e48052df18@group-644576B5741B, cid=1129, SUCCESS, logIndex=1514, commits[4c571e18-69a3-4a6d-81de-e3e48052df18:c1515, 15893972-388e-43c0-9d6c-ca4c76ac06da:c1511, c86beb1c-9105-4588-b1e8-133030361c51:c1511]
2019-07-12 12:28:12,942 INFO  client.GrpcClientProtocolClient (GrpcClientProtocolClient.java:onNext(255)) - client-D83FC23EEBD8->4c571e18-69a3-4a6d-81de-e3e48052df18: receive RaftClientReply:client-D83FC23EEBD8->4c571e18-69a3-4a6d-81de-e3e48052df18@group-644576B5741B, cid=1130, SUCCESS, logIndex=1515, commits[4c571e18-69a3-4a6d-81de-e3e48052df18:c1515, 15893972-388e-43c0-9d6c-ca4c76ac06da:c1511, c86beb1c-9105-4588-b1e8-133030361c51:c1511]
2019-07-12 12:28:12,953 INFO  client.GrpcClientProtocolClient (GrpcClientProtocolClient.java:onNext(255)) - client-D83FC23EEBD8->4c571e18-69a3-4a6d-81de-e3e48052df18: receive RaftClientReply:client-D83FC23EEBD8->4c571e18-69a3-4a6d-81de-e3e48052df18@group-644576B5741B, cid=1131, SUCCESS, logIndex=0, commits[4c571e18-69a3-4a6d-81de-e3e48052df18:c1519, 15893972-388e-43c0-9d6c-ca4c76ac06da:c1513, c86beb1c-9105-4588-b1e8-133030361c51:c1515]
2019-07-12 12:28:12,972 INFO  client.GrpcClientProtocolClient (GrpcClientProtocolClient.java:onNext(255)) - client-D83FC23EEBD8->4c571e18-69a3-4a6d-81de-e3e48052df18: receive RaftClientReply:client-D83FC23EEBD8->4c571e18-69a3-4a6d-81de-e3e48052df18@group-644576B5741B, cid=1132, SUCCESS, logIndex=1520, commits[4c571e18-69a3-4a6d-81de-e3e48052df18:c1521, 15893972-388e-43c0-9d6c-ca4c76ac06da:c1519, c86beb1c-9105-4588-b1e8-133030361c51:c1519]
2019-07-12 12:28:12,972 INFO  client.GrpcClientProtocolClient (GrpcClientProtocolClient.java:onNext(255)) - client-D83FC23EEBD8->4c571e18-69a3-4a6d-81de-e3e48052df18: receive RaftClientReply:client-D83FC23EEBD8->4c571e18-69a3-4a6d-81de-e3e48052df18@group-644576B5741B, cid=1133, SUCCESS, logIndex=1521, commits[4c571e18-69a3-4a6d-81de-e3e48052df18:c1521, 15893972-388e-43c0-9d6c-ca4c76ac06da:c1519, c86beb1c-9105-4588-b1e8-133030361c51:c1519]
2019-07-12 12:28:12,985 INFO  client.GrpcClientProtocolClient (GrpcClientProtocolClient.java:onNext(255)) - client-D83FC23EEBD8->4c571e18-69a3-4a6d-81de-e3e48052df18: receive RaftClientReply:client-D83FC23EEBD8->4c571e18-69a3-4a6d-81de-e3e48052df18@group-644576B5741B, cid=1134, SUCCESS, logIndex=1524, commits[4c571e18-69a3-4a6d-81de-e3e48052df18:c1525, 15893972-388e-43c0-9d6c-ca4c76ac06da:c1521, c86beb1c-9105-4588-b1e8-133030361c51:c1521]
2019-07-12 12:28:12,986 INFO  client.GrpcClientProtocolClient (GrpcClientProtocolClient.java:onNext(255)) - client-D83FC23EEBD8->4c571e18-69a3-4a6d-81de-e3e48052df18: receive RaftClientReply:client-D83FC23EEBD8->4c571e18-69a3-4a6d-81de-e3e48052df18@group-644576B5741B, cid=1135, SUCCESS, logIndex=1525, commits[4c571e18-69a3-4a6d-81de-e3e48052df18:c1525, 15893972-388e-43c0-9d6c-ca4c76ac06da:c1521, c86beb1c-9105-4588-b1e8-133030361c51:c1521]
2019-07-12 12:28:12,998 INFO  client.GrpcClientProtocolClient (GrpcClientProtocolClient.java:onNext(255)) - client-D83FC23EEBD8->4c571e18-69a3-4a6d-81de-e3e48052df18: receive RaftClientReply:client-D83FC23EEBD8->4c571e18-69a3-4a6d-81de-e3e48052df18@group-644576B5741B, cid=1136, SUCCESS, logIndex=0, commits[4c571e18-69a3-4a6d-81de-e3e48052df18:c1526, 15893972-388e-43c0-9d6c-ca4c76ac06da:c1525, c86beb1c-9105-4588-b1e8-133030361c51:c1525]
2019-07-12 12:28:13,020 INFO  client.GrpcClientProtocolClient (GrpcClientProtocolClient.java:onNext(255)) - client-D83FC23EEBD8->4c571e18-69a3-4a6d-81de-e3e48052df18: receive RaftClientReply:client-D83FC23EEBD8->4c571e18-69a3-4a6d-81de-e3e48052df18@group-644576B5741B, cid=1137, SUCCESS, logIndex=1528, commits[4c571e18-69a3-4a6d-81de-e3e48052df18:c1529, 15893972-388e-43c0-9d6c-ca4c76ac06da:c1527, c86beb1c-9105-4588-b1e8-133030361c51:c1527]
2019-07-12 12:28:13,021 INFO  client.GrpcClientProtocolClient (GrpcClientProtocolClient.java:onNext(255)) - client-D83FC23EEBD8->4c571e18-69a3-4a6d-81de-e3e48052df18: receive RaftClientReply:client-D83FC23EEBD8->4c571e18-69a3-4a6d-81de-e3e48052df18@group-644576B5741B, cid=1138, SUCCESS, logIndex=1529, commits[4c571e18-69a3-4a6d-81de-e3e48052df18:c1531, 15893972-388e-43c0-9d6c-ca4c76ac06da:c1527, c86beb1c-9105-4588-b1e8-133030361c51:c1527]
2019-07-12 12:28:13,021 INFO  client.GrpcClientProtocolClient (GrpcClientProtocolClient.java:onNext(255)) - client-D83FC23EEBD8->4c571e18-69a3-4a6d-81de-e3e48052df18: receive RaftClientReply:client-D83FC23EEBD8->4c571e18-69a3-4a6d-81de-e3e48052df18@group-644576B5741B, cid=1139, SUCCESS, logIndex=1530, commits[4c571e18-69a3-4a6d-81de-e3e48052df18:c1531, 15893972-388e-43c0-9d6c-ca4c76ac06da:c1529, c86beb1c-9105-4588-b1e8-133030361c51:c1527]
2019-07-12 12:28:13,022 INFO  client.GrpcClientProtocolClient (GrpcClientProtocolClient.java:onNext(255)) - client-D83FC23EEBD8->4c571e18-69a3-4a6d-81de-e3e48052df18: receive RaftClientReply:client-D83FC23EEBD8->4c571e18-69a3-4a6d-81de-e3e48052df18@group-644576B5741B, cid=1140, SUCCESS, logIndex=1531, commits[4c571e18-69a3-4a6d-81de-e3e48052df18:c1533, 15893972-388e-43c0-9d6c-ca4c76ac06da:c1529, c86beb1c-9105-4588-b1e8-133030361c51:c1527]
2019-07-12 12:28:13,031 INFO  client.GrpcClientProtocolClient (GrpcClientProtocolClient.java:onNext(255)) - client-D83FC23EEBD8->4c571e18-69a3-4a6d-81de-e3e48052df18: receive RaftClientReply:client-D83FC23EEBD8->4c571e18-69a3-4a6d-81de-e3e48052df18@group-644576B5741B, cid=1141, SUCCESS, logIndex=0, commits[4c571e18-69a3-4a6d-81de-e3e48052df18:c1533, 15893972-388e-43c0-9d6c-ca4c76ac06da:c1529, c86beb1c-9105-4588-b1e8-133030361c51:c1529]
2019-07-12 12:28:13,052 INFO  client.GrpcClientProtocolClient (GrpcClientProtocolClient.java:onNext(255)) - client-D83FC23EEBD8->4c571e18-69a3-4a6d-81de-e3e48052df18: receive RaftClientReply:client-D83FC23EEBD8->4c571e18-69a3-4a6d-81de-e3e48052df18@group-644576B5741B, cid=1142, SUCCESS, logIndex=1535, commits[4c571e18-69a3-4a6d-81de-e3e48052df18:c1536, 15893972-388e-43c0-9d6c-ca4c76ac06da:c1534, c86beb1c-9105-4588-b1e8-133030361c51:c1534]
2019-07-12 12:28:13,053 INFO  client.GrpcClientProtocolClient (GrpcClientProtocolClient.java:onNext(255)) - client-D83FC23EEBD8->4c571e18-69a3-4a6d-81de-e3e48052df18: receive RaftClientReply:client-D83FC23EEBD8->4c571e18-69a3-4a6d-81de-e3e48052df18@group-644576B5741B, cid=1143, SUCCESS, logIndex=1536, commits[4c571e18-69a3-4a6d-81de-e3e48052df18:c1536, 15893972-388e-43c0-9d6c-ca4c76ac06da:c1534, c86beb1c-9105-4588-b1e8-133030361c51:c1536]
2019-07-12 12:28:13,089 INFO  client.GrpcClientProtocolClient (GrpcClientProtocolClient.java:onNext(255)) - client-D83FC23EEBD8->4c571e18-69a3-4a6d-81de-e3e48052df18: receive RaftClientReply:client-D83FC23EEBD8->4c571e18-69a3-4a6d-81de-e3e48052df18@group-644576B5741B, cid=1144, SUCCESS, logIndex=1539, commits[4c571e18-69a3-4a6d-81de-e3e48052df18:c1540, 15893972-388e-43c0-9d6c-ca4c76ac06da:c1538, c86beb1c-9105-4588-b1e8-133030361c51:c1538]
2019-07-12 12:28:13,089 INFO  client.GrpcClientProtocolClient (GrpcClientProtocolClient.java:onNext(255)) - client-D83FC23EEBD8->4c571e18-69a3-4a6d-81de-e3e48052df18: receive RaftClientReply:client-D83FC23EEBD8->4c571e18-69a3-4a6d-81de-e3e48052df18@group-644576B5741B, cid=1145, SUCCESS, logIndex=1540, commits[4c571e18-69a3-4a6d-81de-e3e48052df18:c1540, 15893972-388e-43c0-9d6c-ca4c76ac06da:c1538, c86beb1c-9105-4588-b1e8-133030361c51:c1538]
2019-07-12 12:28:13,101 INFO  client.GrpcClientProtocolClient (GrpcClientProtocolClient.java:onNext(255)) - client-D83FC23EEBD8->4c571e18-69a3-4a6d-81de-e3e48052df18: receive RaftClientReply:client-D83FC23EEBD8->4c571e18-69a3-4a6d-81de-e3e48052df18@group-644576B5741B, cid=1146, SUCCESS, logIndex=0, commits[4c571e18-69a3-4a6d-81de-e3e48052df18:c1541, 15893972-388e-43c0-9d6c-ca4c76ac06da:c1540, c86beb1c-9105-4588-b1e8-133030361c51:c1540]
2019-07-12 12:28:13,124 INFO  client.GrpcClientProtocolClient (GrpcClientProtocolClient.java:onNext(255)) - client-D83FC23EEBD8->4c571e18-69a3-4a6d-81de-e3e48052df18: receive RaftClientReply:client-D83FC23EEBD8->4c571e18-69a3-4a6d-81de-e3e48052df18@group-644576B5741B, cid=1147, SUCCESS, logIndex=1543, commits[4c571e18-69a3-4a6d-81de-e3e48052df18:c1544, 15893972-388e-43c0-9d6c-ca4c76ac06da:c1542, c86beb1c-9105-4588-b1e8-133030361c51:c1542]
2019-07-12 12:28:13,125 INFO  client.GrpcClientProtocolClient (GrpcClientProtocolClient.java:onNext(255)) - client-D83FC23EEBD8->4c571e18-69a3-4a6d-81de-e3e48052df18: receive RaftClientReply:client-D83FC23EEBD8->4c571e18-69a3-4a6d-81de-e3e48052df18@group-644576B5741B, cid=1148, SUCCESS, logIndex=1544, commits[4c571e18-69a3-4a6d-81de-e3e48052df18:c1544, 15893972-388e-43c0-9d6c-ca4c76ac06da:c1542, c86beb1c-9105-4588-b1e8-133030361c51:c1542]
2019-07-12 12:28:13,125 INFO  client.GrpcClientProtocolClient (GrpcClientProtocolClient.java:onNext(255)) - client-D83FC23EEBD8->4c571e18-69a3-4a6d-81de-e3e48052df18: receive RaftClientReply:client-D83FC23EEBD8->4c571e18-69a3-4a6d-81de-e3e48052df18@group-644576B5741B, cid=1149, SUCCESS, logIndex=1545, commits[4c571e18-69a3-4a6d-81de-e3e48052df18:c1545, 15893972-388e-43c0-9d6c-ca4c76ac06da:c1542, c86beb1c-9105-4588-b1e8-133030361c51:c1542]
2019-07-12 12:28:13,126 INFO  client.GrpcClientProtocolClient (GrpcClientProtocolClient.java:onNext(255)) - client-D83FC23EEBD8->4c571e18-69a3-4a6d-81de-e3e48052df18: receive RaftClientReply:client-D83FC23EEBD8->4c571e18-69a3-4a6d-81de-e3e48052df18@group-644576B5741B, cid=1150, SUCCESS, logIndex=1546, commits[4c571e18-69a3-4a6d-81de-e3e48052df18:c1546, 15893972-388e-43c0-9d6c-ca4c76ac06da:c1542, c86beb1c-9105-4588-b1e8-133030361c51:c1542]
2019-07-12 12:28:13,127 INFO  client.GrpcClientProtocolClient (GrpcClientProtocolClient.java:onNext(255)) - client-D83FC23EEBD8->4c571e18-69a3-4a6d-81de-e3e48052df18: receive RaftClientReply:client-D83FC23EEBD8->4c571e18-69a3-4a6d-81de-e3e48052df18@group-644576B5741B, cid=1151, SUCCESS, logIndex=0, commits[4c571e18-69a3-4a6d-81de-e3e48052df18:c1548, 15893972-388e-43c0-9d6c-ca4c76ac06da:c1544, c86beb1c-9105-4588-b1e8-133030361c51:c1544]
2019-07-12 12:28:13,147 INFO  client.GrpcClientProtocolClient (GrpcClientProtocolClient.java:onNext(255)) - client-D83FC23EEBD8->4c571e18-69a3-4a6d-81de-e3e48052df18: receive RaftClientReply:client-D83FC23EEBD8->4c571e18-69a3-4a6d-81de-e3e48052df18@group-644576B5741B, cid=1152, SUCCESS, logIndex=1551, commits[4c571e18-69a3-4a6d-81de-e3e48052df18:c1552, 15893972-388e-43c0-9d6c-ca4c76ac06da:c1550, c86beb1c-9105-4588-b1e8-133030361c51:c1550]
2019-07-12 12:28:13,147 INFO  client.GrpcClientProtocolClient (GrpcClientProtocolClient.java:onNext(255)) - client-D83FC23EEBD8->4c571e18-69a3-4a6d-81de-e3e48052df18: receive RaftClientReply:client-D83FC23EEBD8->4c571e18-69a3-4a6d-81de-e3e48052df18@group-644576B5741B, cid=1153, SUCCESS, logIndex=1552, commits[4c571e18-69a3-4a6d-81de-e3e48052df18:c1552, 15893972-388e-43c0-9d6c-ca4c76ac06da:c1550, c86beb1c-9105-4588-b1e8-133030361c51:c1550]
2019-07-12 12:28:13,159 INFO  client.GrpcClientProtocolClient (GrpcClientProtocolClient.java:onNext(255)) - client-D83FC23EEBD8->4c571e18-69a3-4a6d-81de-e3e48052df18: receive RaftClientReply:client-D83FC23EEBD8->4c571e18-69a3-4a6d-81de-e3e48052df18@group-644576B5741B, cid=1154, SUCCESS, logIndex=1555, commits[4c571e18-69a3-4a6d-81de-e3e48052df18:c1556, 15893972-388e-43c0-9d6c-ca4c76ac06da:c1552, c86beb1c-9105-4588-b1e8-133030361c51:c1552]
2019-07-12 12:28:13,160 INFO  client.GrpcClientProtocolClient (GrpcClientProtocolClient.java:onNext(255)) - client-D83FC23EEBD8->4c571e18-69a3-4a6d-81de-e3e48052df18: receive RaftClientReply:client-D83FC23EEBD8->4c571e18-69a3-4a6d-81de-e3e48052df18@group-644576B5741B, cid=1155, SUCCESS, logIndex=1556, commits[4c571e18-69a3-4a6d-81de-e3e48052df18:c1556, 15893972-388e-43c0-9d6c-ca4c76ac06da:c1552, c86beb1c-9105-4588-b1e8-133030361c51:c1552]
2019-07-12 12:28:13,173 INFO  client.GrpcClientProtocolClient (GrpcClientProtocolClient.java:onNext(255)) - client-D83FC23EEBD8->4c571e18-69a3-4a6d-81de-e3e48052df18: receive RaftClientReply:client-D83FC23EEBD8->4c571e18-69a3-4a6d-81de-e3e48052df18@group-644576B5741B, cid=1156, SUCCESS, logIndex=0, commits[4c571e18-69a3-4a6d-81de-e3e48052df18:c1557, 15893972-388e-43c0-9d6c-ca4c76ac06da:c1556, c86beb1c-9105-4588-b1e8-133030361c51:c1556]
 0.00% |█                                                                                                    |  0/1 Time: 0:00:052019-07-12 12:28:13,266 INFO  client.GrpcClientProtocolClient (GrpcClientProtocolClient.java:onNext(255)) - client-D83FC23EEBD8->4c571e18-69a3-4a6d-81de-e3e48052df18: receive RaftClientReply:client-D83FC23EEBD8->4c571e18-69a3-4a6d-81de-e3e48052df18@group-644576B5741B, cid=1157, SUCCESS, logIndex=1559, commits[4c571e18-69a3-4a6d-81de-e3e48052df18:c1560, 15893972-388e-43c0-9d6c-ca4c76ac06da:c1558, c86beb1c-9105-4588-b1e8-133030361c51:c1556]
2019-07-12 12:28:13,266 INFO  client.GrpcClientProtocolClient (GrpcClientProtocolClient.java:onNext(255)) - client-D83FC23EEBD8->4c571e18-69a3-4a6d-81de-e3e48052df18: receive RaftClientReply:client-D83FC23EEBD8->4c571e18-69a3-4a6d-81de-e3e48052df18@group-644576B5741B, cid=1158, SUCCESS, logIndex=1560, commits[4c571e18-69a3-4a6d-81de-e3e48052df18:c1560, 15893972-388e-43c0-9d6c-ca4c76ac06da:c1558, c86beb1c-9105-4588-b1e8-133030361c51:c1558]
2019-07-12 12:28:13,267 INFO  client.GrpcClientProtocolClient (GrpcClientProtocolClient.java:onNext(255)) - client-D83FC23EEBD8->4c571e18-69a3-4a6d-81de-e3e48052df18: receive RaftClientReply:client-D83FC23EEBD8->4c571e18-69a3-4a6d-81de-e3e48052df18@group-644576B5741B, cid=1159, SUCCESS, logIndex=1561, commits[4c571e18-69a3-4a6d-81de-e3e48052df18:c1562, 15893972-388e-43c0-9d6c-ca4c76ac06da:c1558, c86beb1c-9105-4588-b1e8-133030361c51:c1558]
2019-07-12 12:28:13,267 INFO  client.GrpcClientProtocolClient (GrpcClientProtocolClient.java:onNext(255)) - client-D83FC23EEBD8->4c571e18-69a3-4a6d-81de-e3e48052df18: receive RaftClientReply:client-D83FC23EEBD8->4c571e18-69a3-4a6d-81de-e3e48052df18@group-644576B5741B, cid=1160, SUCCESS, logIndex=1562, commits[4c571e18-69a3-4a6d-81de-e3e48052df18:c1564, 15893972-388e-43c0-9d6c-ca4c76ac06da:c1560, c86beb1c-9105-4588-b1e8-133030361c51:c1558]
2019-07-12 12:28:13,268 INFO  client.GrpcClientProtocolClient (GrpcClientProtocolClient.java:onNext(255)) - client-D83FC23EEBD8->4c571e18-69a3-4a6d-81de-e3e48052df18: receive RaftClientReply:client-D83FC23EEBD8->4c571e18-69a3-4a6d-81de-e3e48052df18@group-644576B5741B, cid=1161, SUCCESS, logIndex=0, commits[4c571e18-69a3-4a6d-81de-e3e48052df18:c1565, 15893972-388e-43c0-9d6c-ca4c76ac06da:c1562, c86beb1c-9105-4588-b1e8-133030361c51:c1560]
2019-07-12 12:28:13,289 INFO  client.GrpcClientProtocolClient (GrpcClientProtocolClient.java:onNext(255)) - client-D83FC23EEBD8->4c571e18-69a3-4a6d-81de-e3e48052df18: receive RaftClientReply:client-D83FC23EEBD8->4c571e18-69a3-4a6d-81de-e3e48052df18@group-644576B5741B, cid=1162, SUCCESS, logIndex=1567, commits[4c571e18-69a3-4a6d-81de-e3e48052df18:c1568, 15893972-388e-43c0-9d6c-ca4c76ac06da:c1566, c86beb1c-9105-4588-b1e8-133030361c51:c1566]
2019-07-12 12:28:13,289 INFO  client.GrpcClientProtocolClient (GrpcClientProtocolClient.java:onNext(255)) - client-D83FC23EEBD8->4c571e18-69a3-4a6d-81de-e3e48052df18: receive RaftClientReply:client-D83FC23EEBD8->4c571e18-69a3-4a6d-81de-e3e48052df18@group-644576B5741B, cid=1163, SUCCESS, logIndex=1568, commits[4c571e18-69a3-4a6d-81de-e3e48052df18:c1568, 15893972-388e-43c0-9d6c-ca4c76ac06da:c1566, c86beb1c-9105-4588-b1e8-133030361c51:c1566]
2019-07-12 12:28:13,301 INFO  client.GrpcClientProtocolClient (GrpcClientProtocolClient.java:onNext(255)) - client-D83FC23EEBD8->4c571e18-69a3-4a6d-81de-e3e48052df18: receive RaftClientReply:client-D83FC23EEBD8->4c571e18-69a3-4a6d-81de-e3e48052df18@group-644576B5741B, cid=1164, SUCCESS, logIndex=1571, commits[4c571e18-69a3-4a6d-81de-e3e48052df18:c1572, 15893972-388e-43c0-9d6c-ca4c76ac06da:c1568, c86beb1c-9105-4588-b1e8-133030361c51:c1568]
2019-07-12 12:28:13,302 INFO  client.GrpcClientProtocolClient (GrpcClientProtocolClient.java:onNext(255)) - client-D83FC23EEBD8->4c571e18-69a3-4a6d-81de-e3e48052df18: receive RaftClientReply:client-D83FC23EEBD8->4c571e18-69a3-4a6d-81de-e3e48052df18@group-644576B5741B, cid=1165, SUCCESS, logIndex=1572, commits[4c571e18-69a3-4a6d-81de-e3e48052df18:c1572, 15893972-388e-43c0-9d6c-ca4c76ac06da:c1568, c86beb1c-9105-4588-b1e8-133030361c51:c1568]
2019-07-12 12:28:13,315 INFO  client.GrpcClientProtocolClient (GrpcClientProtocolClient.java:onNext(255)) - client-D83FC23EEBD8->4c571e18-69a3-4a6d-81de-e3e48052df18: receive RaftClientReply:client-D83FC23EEBD8->4c571e18-69a3-4a6d-81de-e3e48052df18@group-644576B5741B, cid=1166, SUCCESS, logIndex=0, commits[4c571e18-69a3-4a6d-81de-e3e48052df18:c1574, 15893972-388e-43c0-9d6c-ca4c76ac06da:c1572, c86beb1c-9105-4588-b1e8-133030361c51:c1572]
2019-07-12 12:28:13,343 INFO  client.GrpcClientProtocolClient (GrpcClientProtocolClient.java:onNext(255)) - client-D83FC23EEBD8->4c571e18-69a3-4a6d-81de-e3e48052df18: receive RaftClientReply:client-D83FC23EEBD8->4c571e18-69a3-4a6d-81de-e3e48052df18@group-644576B5741B, cid=1167, SUCCESS, logIndex=1575, commits[4c571e18-69a3-4a6d-81de-e3e48052df18:c1576, 15893972-388e-43c0-9d6c-ca4c76ac06da:c1572, c86beb1c-9105-4588-b1e8-133030361c51:c1574]
2019-07-12 12:28:13,343 INFO  client.GrpcClientProtocolClient (GrpcClientProtocolClient.java:onNext(255)) - client-D83FC23EEBD8->4c571e18-69a3-4a6d-81de-e3e48052df18: receive RaftClientReply:client-D83FC23EEBD8->4c571e18-69a3-4a6d-81de-e3e48052df18@group-644576B5741B, cid=1168, SUCCESS, logIndex=1576, commits[4c571e18-69a3-4a6d-81de-e3e48052df18:c1576, 15893972-388e-43c0-9d6c-ca4c76ac06da:c1574, c86beb1c-9105-4588-b1e8-133030361c51:c1574]
2019-07-12 12:28:13,344 INFO  client.GrpcClientProtocolClient (GrpcClientProtocolClient.java:onNext(255)) - client-D83FC23EEBD8->4c571e18-69a3-4a6d-81de-e3e48052df18: receive RaftClientReply:client-D83FC23EEBD8->4c571e18-69a3-4a6d-81de-e3e48052df18@group-644576B5741B, cid=1169, SUCCESS, logIndex=1577, commits[4c571e18-69a3-4a6d-81de-e3e48052df18:c1578, 15893972-388e-43c0-9d6c-ca4c76ac06da:c1574, c86beb1c-9105-4588-b1e8-133030361c51:c1574]
2019-07-12 12:28:13,344 INFO  client.GrpcClientProtocolClient (GrpcClientProtocolClient.java:onNext(255)) - client-D83FC23EEBD8->4c571e18-69a3-4a6d-81de-e3e48052df18: receive RaftClientReply:client-D83FC23EEBD8->4c571e18-69a3-4a6d-81de-e3e48052df18@group-644576B5741B, cid=1170, SUCCESS, logIndex=1578, commits[4c571e18-69a3-4a6d-81de-e3e48052df18:c1578, 15893972-388e-43c0-9d6c-ca4c76ac06da:c1574, c86beb1c-9105-4588-b1e8-133030361c51:c1574]
2019-07-12 12:28:13,346 INFO  client.GrpcClientProtocolClient (GrpcClientProtocolClient.java:onNext(255)) - client-D83FC23EEBD8->4c571e18-69a3-4a6d-81de-e3e48052df18: receive RaftClientReply:client-D83FC23EEBD8->4c571e18-69a3-4a6d-81de-e3e48052df18@group-644576B5741B, cid=1171, SUCCESS, logIndex=0, commits[4c571e18-69a3-4a6d-81de-e3e48052df18:c1579, 15893972-388e-43c0-9d6c-ca4c76ac06da:c1576, c86beb1c-9105-4588-b1e8-133030361c51:c1578]
2019-07-12 12:28:13,366 INFO  client.GrpcClientProtocolClient (GrpcClientProtocolClient.java:onNext(255)) - client-D83FC23EEBD8->4c571e18-69a3-4a6d-81de-e3e48052df18: receive RaftClientReply:client-D83FC23EEBD8->4c571e18-69a3-4a6d-81de-e3e48052df18@group-644576B5741B, cid=1172, SUCCESS, logIndex=1581, commits[4c571e18-69a3-4a6d-81de-e3e48052df18:c1582, 15893972-388e-43c0-9d6c-ca4c76ac06da:c1580, c86beb1c-9105-4588-b1e8-133030361c51:c1580]
2019-07-12 12:28:13,366 INFO  client.GrpcClientProtocolClient (GrpcClientProtocolClient.java:onNext(255)) - client-D83FC23EEBD8->4c571e18-69a3-4a6d-81de-e3e48052df18: receive RaftClientReply:client-D83FC23EEBD8->4c571e18-69a3-4a6d-81de-e3e48052df18@group-644576B5741B, cid=1173, SUCCESS, logIndex=1582, commits[4c571e18-69a3-4a6d-81de-e3e48052df18:c1582, 15893972-388e-43c0-9d6c-ca4c76ac06da:c1580, c86beb1c-9105-4588-b1e8-133030361c51:c1580]
2019-07-12 12:28:13,379 INFO  client.GrpcClientProtocolClient (GrpcClientProtocolClient.java:onNext(255)) - client-D83FC23EEBD8->4c571e18-69a3-4a6d-81de-e3e48052df18: receive RaftClientReply:client-D83FC23EEBD8->4c571e18-69a3-4a6d-81de-e3e48052df18@group-644576B5741B, cid=1174, SUCCESS, logIndex=1585, commits[4c571e18-69a3-4a6d-81de-e3e48052df18:c1585, 15893972-388e-43c0-9d6c-ca4c76ac06da:c1582, c86beb1c-9105-4588-b1e8-133030361c51:c1582]
2019-07-12 12:28:13,380 INFO  client.GrpcClientProtocolClient (GrpcClientProtocolClient.java:onNext(255)) - client-D83FC23EEBD8->4c571e18-69a3-4a6d-81de-e3e48052df18: receive RaftClientReply:client-D83FC23EEBD8->4c571e18-69a3-4a6d-81de-e3e48052df18@group-644576B5741B, cid=1175, SUCCESS, logIndex=1586, commits[4c571e18-69a3-4a6d-81de-e3e48052df18:c1586, 15893972-388e-43c0-9d6c-ca4c76ac06da:c1582, c86beb1c-9105-4588-b1e8-133030361c51:c1582]
2019-07-12 12:28:13,392 INFO  client.GrpcClientProtocolClient (GrpcClientProtocolClient.java:onNext(255)) - client-D83FC23EEBD8->4c571e18-69a3-4a6d-81de-e3e48052df18: receive RaftClientReply:client-D83FC23EEBD8->4c571e18-69a3-4a6d-81de-e3e48052df18@group-644576B5741B, cid=1176, SUCCESS, logIndex=0, commits[4c571e18-69a3-4a6d-81de-e3e48052df18:c1588, 15893972-388e-43c0-9d6c-ca4c76ac06da:c1586, c86beb1c-9105-4588-b1e8-133030361c51:c1586]
2019-07-12 12:28:13,410 INFO  client.GrpcClientProtocolClient (GrpcClientProtocolClient.java:onNext(255)) - client-D83FC23EEBD8->4c571e18-69a3-4a6d-81de-e3e48052df18: receive RaftClientReply:client-D83FC23EEBD8->4c571e18-69a3-4a6d-81de-e3e48052df18@group-644576B5741B, cid=1177, SUCCESS, logIndex=1589, commits[4c571e18-69a3-4a6d-81de-e3e48052df18:c1590, 15893972-388e-43c0-9d6c-ca4c76ac06da:c1588, c86beb1c-9105-4588-b1e8-133030361c51:c1588]
2019-07-12 12:28:13,411 INFO  client.GrpcClientProtocolClient (GrpcClientProtocolClient.java:onNext(255)) - client-D83FC23EEBD8->4c571e18-69a3-4a6d-81de-e3e48052df18: receive RaftClientReply:client-D83FC23EEBD8->4c571e18-69a3-4a6d-81de-e3e48052df18@group-644576B5741B, cid=1178, SUCCESS, logIndex=1590, commits[4c571e18-69a3-4a6d-81de-e3e48052df18:c1590, 15893972-388e-43c0-9d6c-ca4c76ac06da:c1588, c86beb1c-9105-4588-b1e8-133030361c51:c1588]
2019-07-12 12:28:13,411 INFO  client.GrpcClientProtocolClient (GrpcClientProtocolClient.java:onNext(255)) - client-D83FC23EEBD8->4c571e18-69a3-4a6d-81de-e3e48052df18: receive RaftClientReply:client-D83FC23EEBD8->4c571e18-69a3-4a6d-81de-e3e48052df18@group-644576B5741B, cid=1179, SUCCESS, logIndex=1591, commits[4c571e18-69a3-4a6d-81de-e3e48052df18:c1592, 15893972-388e-43c0-9d6c-ca4c76ac06da:c1588, c86beb1c-9105-4588-b1e8-133030361c51:c1588]
2019-07-12 12:28:13,412 INFO  client.GrpcClientProtocolClient (GrpcClientProtocolClient.java:onNext(255)) - client-D83FC23EEBD8->4c571e18-69a3-4a6d-81de-e3e48052df18: receive RaftClientReply:client-D83FC23EEBD8->4c571e18-69a3-4a6d-81de-e3e48052df18@group-644576B5741B, cid=1180, SUCCESS, logIndex=1592, commits[4c571e18-69a3-4a6d-81de-e3e48052df18:c1592, 15893972-388e-43c0-9d6c-ca4c76ac06da:c1588, c86beb1c-9105-4588-b1e8-133030361c51:c1588]
2019-07-12 12:28:13,413 INFO  client.GrpcClientProtocolClient (GrpcClientProtocolClient.java:onNext(255)) - client-D83FC23EEBD8->4c571e18-69a3-4a6d-81de-e3e48052df18: receive RaftClientReply:client-D83FC23EEBD8->4c571e18-69a3-4a6d-81de-e3e48052df18@group-644576B5741B, cid=1181, SUCCESS, logIndex=0, commits[4c571e18-69a3-4a6d-81de-e3e48052df18:c1594, 15893972-388e-43c0-9d6c-ca4c76ac06da:c1590, c86beb1c-9105-4588-b1e8-133030361c51:c1590]
2019-07-12 12:28:13,433 INFO  client.GrpcClientProtocolClient (GrpcClientProtocolClient.java:onNext(255)) - client-D83FC23EEBD8->4c571e18-69a3-4a6d-81de-e3e48052df18: receive RaftClientReply:client-D83FC23EEBD8->4c571e18-69a3-4a6d-81de-e3e48052df18@group-644576B5741B, cid=1182, SUCCESS, logIndex=1597, commits[4c571e18-69a3-4a6d-81de-e3e48052df18:c1598, 15893972-388e-43c0-9d6c-ca4c76ac06da:c1596, c86beb1c-9105-4588-b1e8-133030361c51:c1596]
2019-07-12 12:28:13,434 INFO  client.GrpcClientProtocolClient (GrpcClientProtocolClient.java:onNext(255)) - client-D83FC23EEBD8->4c571e18-69a3-4a6d-81de-e3e48052df18: receive RaftClientReply:client-D83FC23EEBD8->4c571e18-69a3-4a6d-81de-e3e48052df18@group-644576B5741B, cid=1183, SUCCESS, logIndex=1598, commits[4c571e18-69a3-4a6d-81de-e3e48052df18:c1598, 15893972-388e-43c0-9d6c-ca4c76ac06da:c1596, c86beb1c-9105-4588-b1e8-133030361c51:c1596]
2019-07-12 12:28:13,447 INFO  client.GrpcClientProtocolClient (GrpcClientProtocolClient.java:onNext(255)) - client-D83FC23EEBD8->4c571e18-69a3-4a6d-81de-e3e48052df18: receive RaftClientReply:client-D83FC23EEBD8->4c571e18-69a3-4a6d-81de-e3e48052df18@group-644576B5741B, cid=1184, SUCCESS, logIndex=1601, commits[4c571e18-69a3-4a6d-81de-e3e48052df18:c1602, 15893972-388e-43c0-9d6c-ca4c76ac06da:c1598, c86beb1c-9105-4588-b1e8-133030361c51:c1598]
2019-07-12 12:28:13,447 INFO  client.GrpcClientProtocolClient (GrpcClientProtocolClient.java:onNext(255)) - client-D83FC23EEBD8->4c571e18-69a3-4a6d-81de-e3e48052df18: receive RaftClientReply:client-D83FC23EEBD8->4c571e18-69a3-4a6d-81de-e3e48052df18@group-644576B5741B, cid=1185, SUCCESS, logIndex=1602, commits[4c571e18-69a3-4a6d-81de-e3e48052df18:c1602, 15893972-388e-43c0-9d6c-ca4c76ac06da:c1598, c86beb1c-9105-4588-b1e8-133030361c51:c1598]
2019-07-12 12:28:13,460 INFO  client.GrpcClientProtocolClient (GrpcClientProtocolClient.java:onNext(255)) - client-D83FC23EEBD8->4c571e18-69a3-4a6d-81de-e3e48052df18: receive RaftClientReply:client-D83FC23EEBD8->4c571e18-69a3-4a6d-81de-e3e48052df18@group-644576B5741B, cid=1186, SUCCESS, logIndex=0, commits[4c571e18-69a3-4a6d-81de-e3e48052df18:c1604, 15893972-388e-43c0-9d6c-ca4c76ac06da:c1602, c86beb1c-9105-4588-b1e8-133030361c51:c1602]
2019-07-12 12:28:13,480 INFO  client.GrpcClientProtocolClient (GrpcClientProtocolClient.java:onNext(255)) - client-D83FC23EEBD8->4c571e18-69a3-4a6d-81de-e3e48052df18: receive RaftClientReply:client-D83FC23EEBD8->4c571e18-69a3-4a6d-81de-e3e48052df18@group-644576B5741B, cid=1187, SUCCESS, logIndex=1605, commits[4c571e18-69a3-4a6d-81de-e3e48052df18:c1606, 15893972-388e-43c0-9d6c-ca4c76ac06da:c1604, c86beb1c-9105-4588-b1e8-133030361c51:c1604]
2019-07-12 12:28:13,481 INFO  client.GrpcClientProtocolClient (GrpcClientProtocolClient.java:onNext(255)) - client-D83FC23EEBD8->4c571e18-69a3-4a6d-81de-e3e48052df18: receive RaftClientReply:client-D83FC23EEBD8->4c571e18-69a3-4a6d-81de-e3e48052df18@group-644576B5741B, cid=1188, SUCCESS, logIndex=1606, commits[4c571e18-69a3-4a6d-81de-e3e48052df18:c1608, 15893972-388e-43c0-9d6c-ca4c76ac06da:c1604, c86beb1c-9105-4588-b1e8-133030361c51:c1604]
2019-07-12 12:28:13,481 INFO  client.GrpcClientProtocolClient (GrpcClientProtocolClient.java:onNext(255)) - client-D83FC23EEBD8->4c571e18-69a3-4a6d-81de-e3e48052df18: receive RaftClientReply:client-D83FC23EEBD8->4c571e18-69a3-4a6d-81de-e3e48052df18@group-644576B5741B, cid=1189, SUCCESS, logIndex=1607, commits[4c571e18-69a3-4a6d-81de-e3e48052df18:c1608, 15893972-388e-43c0-9d6c-ca4c76ac06da:c1604, c86beb1c-9105-4588-b1e8-133030361c51:c1604]
2019-07-12 12:28:13,483 INFO  client.GrpcClientProtocolClient (GrpcClientProtocolClient.java:onNext(255)) - client-D83FC23EEBD8->4c571e18-69a3-4a6d-81de-e3e48052df18: receive RaftClientReply:client-D83FC23EEBD8->4c571e18-69a3-4a6d-81de-e3e48052df18@group-644576B5741B, cid=1190, SUCCESS, logIndex=1608, commits[4c571e18-69a3-4a6d-81de-e3e48052df18:c1608, 15893972-388e-43c0-9d6c-ca4c76ac06da:c1604, c86beb1c-9105-4588-b1e8-133030361c51:c1604]
2019-07-12 12:28:13,484 INFO  client.GrpcClientProtocolClient (GrpcClientProtocolClient.java:onNext(255)) - client-D83FC23EEBD8->4c571e18-69a3-4a6d-81de-e3e48052df18: receive RaftClientReply:client-D83FC23EEBD8->4c571e18-69a3-4a6d-81de-e3e48052df18@group-644576B5741B, cid=1191, SUCCESS, logIndex=0, commits[4c571e18-69a3-4a6d-81de-e3e48052df18:c1612, 15893972-388e-43c0-9d6c-ca4c76ac06da:c1608, c86beb1c-9105-4588-b1e8-133030361c51:c1606]
2019-07-12 12:28:13,503 INFO  client.GrpcClientProtocolClient (GrpcClientProtocolClient.java:onNext(255)) - client-D83FC23EEBD8->4c571e18-69a3-4a6d-81de-e3e48052df18: receive RaftClientReply:client-D83FC23EEBD8->4c571e18-69a3-4a6d-81de-e3e48052df18@group-644576B5741B, cid=1192, SUCCESS, logIndex=1613, commits[4c571e18-69a3-4a6d-81de-e3e48052df18:c1614, 15893972-388e-43c0-9d6c-ca4c76ac06da:c1612, c86beb1c-9105-4588-b1e8-133030361c51:c1612]
2019-07-12 12:28:13,504 INFO  client.GrpcClientProtocolClient (GrpcClientProtocolClient.java:onNext(255)) - client-D83FC23EEBD8->4c571e18-69a3-4a6d-81de-e3e48052df18: receive RaftClientReply:client-D83FC23EEBD8->4c571e18-69a3-4a6d-81de-e3e48052df18@group-644576B5741B, cid=1193, SUCCESS, logIndex=1614, commits[4c571e18-69a3-4a6d-81de-e3e48052df18:c1614, 15893972-388e-43c0-9d6c-ca4c76ac06da:c1612, c86beb1c-9105-4588-b1e8-133030361c51:c1612]
2019-07-12 12:28:13,516 INFO  client.GrpcClientProtocolClient (GrpcClientProtocolClient.java:onNext(255)) - client-D83FC23EEBD8->4c571e18-69a3-4a6d-81de-e3e48052df18: receive RaftClientReply:client-D83FC23EEBD8->4c571e18-69a3-4a6d-81de-e3e48052df18@group-644576B5741B, cid=1194, SUCCESS, logIndex=1617, commits[4c571e18-69a3-4a6d-81de-e3e48052df18:c1618, 15893972-388e-43c0-9d6c-ca4c76ac06da:c1614, c86beb1c-9105-4588-b1e8-133030361c51:c1614]
2019-07-12 12:28:13,516 INFO  client.GrpcClientProtocolClient (GrpcClientProtocolClient.java:onNext(255)) - client-D83FC23EEBD8->4c571e18-69a3-4a6d-81de-e3e48052df18: receive RaftClientReply:client-D83FC23EEBD8->4c571e18-69a3-4a6d-81de-e3e48052df18@group-644576B5741B, cid=1195, SUCCESS, logIndex=1618, commits[4c571e18-69a3-4a6d-81de-e3e48052df18:c1618, 15893972-388e-43c0-9d6c-ca4c76ac06da:c1614, c86beb1c-9105-4588-b1e8-133030361c51:c1614]
2019-07-12 12:28:13,517 INFO  client.GrpcClientProtocolClient (GrpcClientProtocolClient.java:onNext(255)) - client-D83FC23EEBD8->4c571e18-69a3-4a6d-81de-e3e48052df18: receive RaftClientReply:client-D83FC23EEBD8->4c571e18-69a3-4a6d-81de-e3e48052df18@group-644576B5741B, cid=1196, SUCCESS, logIndex=0, commits[4c571e18-69a3-4a6d-81de-e3e48052df18:c1620, 15893972-388e-43c0-9d6c-ca4c76ac06da:c1618, c86beb1c-9105-4588-b1e8-133030361c51:c1618]
2019-07-12 12:28:13,541 INFO  client.GrpcClientProtocolClient (GrpcClientProtocolClient.java:onNext(255)) - client-D83FC23EEBD8->4c571e18-69a3-4a6d-81de-e3e48052df18: receive RaftClientReply:client-D83FC23EEBD8->4c571e18-69a3-4a6d-81de-e3e48052df18@group-644576B5741B, cid=1197, SUCCESS, logIndex=1621, commits[4c571e18-69a3-4a6d-81de-e3e48052df18:c1622, 15893972-388e-43c0-9d6c-ca4c76ac06da:c1620, c86beb1c-9105-4588-b1e8-133030361c51:c1620]
2019-07-12 12:28:13,541 INFO  client.GrpcClientProtocolClient (GrpcClientProtocolClient.java:onNext(255)) - client-D83FC23EEBD8->4c571e18-69a3-4a6d-81de-e3e48052df18: receive RaftClientReply:client-D83FC23EEBD8->4c571e18-69a3-4a6d-81de-e3e48052df18@group-644576B5741B, cid=1198, SUCCESS, logIndex=1622, commits[4c571e18-69a3-4a6d-81de-e3e48052df18:c1624, 15893972-388e-43c0-9d6c-ca4c76ac06da:c1620, c86beb1c-9105-4588-b1e8-133030361c51:c1620]
2019-07-12 12:28:13,542 INFO  client.GrpcClientProtocolClient (GrpcClientProtocolClient.java:onNext(255)) - client-D83FC23EEBD8->4c571e18-69a3-4a6d-81de-e3e48052df18: receive RaftClientReply:client-D83FC23EEBD8->4c571e18-69a3-4a6d-81de-e3e48052df18@group-644576B5741B, cid=1199, SUCCESS, logIndex=1623, commits[4c571e18-69a3-4a6d-81de-e3e48052df18:c1626, 15893972-388e-43c0-9d6c-ca4c76ac06da:c1620, c86beb1c-9105-4588-b1e8-133030361c51:c1622]
2019-07-12 12:28:13,542 INFO  client.GrpcClientProtocolClient (GrpcClientProtocolClient.java:onNext(255)) - client-D83FC23EEBD8->4c571e18-69a3-4a6d-81de-e3e48052df18: receive RaftClientReply:client-D83FC23EEBD8->4c571e18-69a3-4a6d-81de-e3e48052df18@group-644576B5741B, cid=1200, SUCCESS, logIndex=1624, commits[4c571e18-69a3-4a6d-81de-e3e48052df18:c1626, 15893972-388e-43c0-9d6c-ca4c76ac06da:c1620, c86beb1c-9105-4588-b1e8-133030361c51:c1622]
2019-07-12 12:28:13,543 INFO  client.GrpcClientProtocolClient (GrpcClientProtocolClient.java:onNext(255)) - client-D83FC23EEBD8->4c571e18-69a3-4a6d-81de-e3e48052df18: receive RaftClientReply:client-D83FC23EEBD8->4c571e18-69a3-4a6d-81de-e3e48052df18@group-644576B5741B, cid=1201, SUCCESS, logIndex=0, commits[4c571e18-69a3-4a6d-81de-e3e48052df18:c1627, 15893972-388e-43c0-9d6c-ca4c76ac06da:c1622, c86beb1c-9105-4588-b1e8-133030361c51:c1624]
2019-07-12 12:28:13,556 INFO  client.GrpcClientProtocolClient (GrpcClientProtocolClient.java:onNext(255)) - client-D83FC23EEBD8->4c571e18-69a3-4a6d-81de-e3e48052df18: receive RaftClientReply:client-D83FC23EEBD8->4c571e18-69a3-4a6d-81de-e3e48052df18@group-644576B5741B, cid=1202, SUCCESS, logIndex=1628, commits[4c571e18-69a3-4a6d-81de-e3e48052df18:c1629, 15893972-388e-43c0-9d6c-ca4c76ac06da:c1627, c86beb1c-9105-4588-b1e8-133030361c51:c1627]
2019-07-12 12:28:13,556 INFO  client.GrpcClientProtocolClient (GrpcClientProtocolClient.java:onNext(255)) - client-D83FC23EEBD8->4c571e18-69a3-4a6d-81de-e3e48052df18: receive RaftClientReply:client-D83FC23EEBD8->4c571e18-69a3-4a6d-81de-e3e48052df18@group-644576B5741B, cid=1203, SUCCESS, logIndex=1629, commits[4c571e18-69a3-4a6d-81de-e3e48052df18:c1629, 15893972-388e-43c0-9d6c-ca4c76ac06da:c1627, c86beb1c-9105-4588-b1e8-133030361c51:c1627]
2019-07-12 12:28:13,587 INFO  client.GrpcClientProtocolClient (GrpcClientProtocolClient.java:onNext(255)) - client-D83FC23EEBD8->4c571e18-69a3-4a6d-81de-e3e48052df18: receive RaftClientReply:client-D83FC23EEBD8->4c571e18-69a3-4a6d-81de-e3e48052df18@group-644576B5741B, cid=1204, SUCCESS, logIndex=1632, commits[4c571e18-69a3-4a6d-81de-e3e48052df18:c1633, 15893972-388e-43c0-9d6c-ca4c76ac06da:c1631, c86beb1c-9105-4588-b1e8-133030361c51:c1631]
2019-07-12 12:28:13,588 INFO  client.GrpcClientProtocolClient (GrpcClientProtocolClient.java:onNext(255)) - client-D83FC23EEBD8->4c571e18-69a3-4a6d-81de-e3e48052df18: receive RaftClientReply:client-D83FC23EEBD8->4c571e18-69a3-4a6d-81de-e3e48052df18@group-644576B5741B, cid=1205, SUCCESS, logIndex=1633, commits[4c571e18-69a3-4a6d-81de-e3e48052df18:c1633, 15893972-388e-43c0-9d6c-ca4c76ac06da:c1631, c86beb1c-9105-4588-b1e8-133030361c51:c1631]
2019-07-12 12:28:13,600 INFO  client.GrpcClientProtocolClient (GrpcClientProtocolClient.java:onNext(255)) - client-D83FC23EEBD8->4c571e18-69a3-4a6d-81de-e3e48052df18: receive RaftClientReply:client-D83FC23EEBD8->4c571e18-69a3-4a6d-81de-e3e48052df18@group-644576B5741B, cid=1206, SUCCESS, logIndex=0, commits[4c571e18-69a3-4a6d-81de-e3e48052df18:c1634, 15893972-388e-43c0-9d6c-ca4c76ac06da:c1633, c86beb1c-9105-4588-b1e8-133030361c51:c1633]
2019-07-12 12:28:13,619 INFO  client.GrpcClientProtocolClient (GrpcClientProtocolClient.java:onNext(255)) - client-D83FC23EEBD8->4c571e18-69a3-4a6d-81de-e3e48052df18: receive RaftClientReply:client-D83FC23EEBD8->4c571e18-69a3-4a6d-81de-e3e48052df18@group-644576B5741B, cid=1207, SUCCESS, logIndex=1636, commits[4c571e18-69a3-4a6d-81de-e3e48052df18:c1639, 15893972-388e-43c0-9d6c-ca4c76ac06da:c1635, c86beb1c-9105-4588-b1e8-133030361c51:c1635]
2019-07-12 12:28:13,621 INFO  client.GrpcClientProtocolClient (GrpcClientProtocolClient.java:onNext(255)) - client-D83FC23EEBD8->4c571e18-69a3-4a6d-81de-e3e48052df18: receive RaftClientReply:client-D83FC23EEBD8->4c571e18-69a3-4a6d-81de-e3e48052df18@group-644576B5741B, cid=1208, SUCCESS, logIndex=1637, commits[4c571e18-69a3-4a6d-81de-e3e48052df18:c1639, 15893972-388e-43c0-9d6c-ca4c76ac06da:c1635, c86beb1c-9105-4588-b1e8-133030361c51:c1635]
2019-07-12 12:28:13,621 INFO  client.GrpcClientProtocolClient (GrpcClientProtocolClient.java:onNext(255)) - client-D83FC23EEBD8->4c571e18-69a3-4a6d-81de-e3e48052df18: receive RaftClientReply:client-D83FC23EEBD8->4c571e18-69a3-4a6d-81de-e3e48052df18@group-644576B5741B, cid=1209, SUCCESS, logIndex=1638, commits[4c571e18-69a3-4a6d-81de-e3e48052df18:c1643, 15893972-388e-43c0-9d6c-ca4c76ac06da:c1639, c86beb1c-9105-4588-b1e8-133030361c51:c1636]
2019-07-12 12:28:13,621 INFO  client.GrpcClientProtocolClient (GrpcClientProtocolClient.java:onNext(255)) - client-D83FC23EEBD8->4c571e18-69a3-4a6d-81de-e3e48052df18: receive RaftClientReply:client-D83FC23EEBD8->4c571e18-69a3-4a6d-81de-e3e48052df18@group-644576B5741B, cid=1210, SUCCESS, logIndex=1639, commits[4c571e18-69a3-4a6d-81de-e3e48052df18:c1643, 15893972-388e-43c0-9d6c-ca4c76ac06da:c1639, c86beb1c-9105-4588-b1e8-133030361c51:c1639]
2019-07-12 12:28:13,639 INFO  client.GrpcClientProtocolClient (GrpcClientProtocolClient.java:onNext(255)) - client-D83FC23EEBD8->4c571e18-69a3-4a6d-81de-e3e48052df18: receive RaftClientReply:client-D83FC23EEBD8->4c571e18-69a3-4a6d-81de-e3e48052df18@group-644576B5741B, cid=1211, SUCCESS, logIndex=1644, commits[4c571e18-69a3-4a6d-81de-e3e48052df18:c1645, 15893972-388e-43c0-9d6c-ca4c76ac06da:c1643, c86beb1c-9105-4588-b1e8-133030361c51:c1643]
2019-07-12 12:28:13,640 INFO  client.GrpcClientProtocolClient (GrpcClientProtocolClient.java:onNext(255)) - client-D83FC23EEBD8->4c571e18-69a3-4a6d-81de-e3e48052df18: receive RaftClientReply:client-D83FC23EEBD8->4c571e18-69a3-4a6d-81de-e3e48052df18@group-644576B5741B, cid=1212, SUCCESS, logIndex=1645, commits[4c571e18-69a3-4a6d-81de-e3e48052df18:c1645, 15893972-388e-43c0-9d6c-ca4c76ac06da:c1643, c86beb1c-9105-4588-b1e8-133030361c51:c1643]
2019-07-12 12:28:13,640 INFO  client.GrpcClientProtocolClient (GrpcClientProtocolClient.java:onNext(255)) - client-D83FC23EEBD8->4c571e18-69a3-4a6d-81de-e3e48052df18: receive RaftClientReply:client-D83FC23EEBD8->4c571e18-69a3-4a6d-81de-e3e48052df18@group-644576B5741B, cid=1213, SUCCESS, logIndex=1646, commits[4c571e18-69a3-4a6d-81de-e3e48052df18:c1647, 15893972-388e-43c0-9d6c-ca4c76ac06da:c1643, c86beb1c-9105-4588-b1e8-133030361c51:c1643]
2019-07-12 12:28:13,640 INFO  client.GrpcClientProtocolClient (GrpcClientProtocolClient.java:onNext(255)) - client-D83FC23EEBD8->4c571e18-69a3-4a6d-81de-e3e48052df18: receive RaftClientReply:client-D83FC23EEBD8->4c571e18-69a3-4a6d-81de-e3e48052df18@group-644576B5741B, cid=1214, SUCCESS, logIndex=1647, commits[4c571e18-69a3-4a6d-81de-e3e48052df18:c1647, 15893972-388e-43c0-9d6c-ca4c76ac06da:c1643, c86beb1c-9105-4588-b1e8-133030361c51:c1643]
2019-07-12 12:28:13,641 INFO  client.GrpcClientProtocolClient (GrpcClientProtocolClient.java:onNext(255)) - client-D83FC23EEBD8->4c571e18-69a3-4a6d-81de-e3e48052df18: receive RaftClientReply:client-D83FC23EEBD8->4c571e18-69a3-4a6d-81de-e3e48052df18@group-644576B5741B, cid=1215, SUCCESS, logIndex=0, commits[4c571e18-69a3-4a6d-81de-e3e48052df18:c1648, 15893972-388e-43c0-9d6c-ca4c76ac06da:c1645, c86beb1c-9105-4588-b1e8-133030361c51:c1645]
2019-07-12 12:28:13,643 INFO  client.GrpcClientProtocolClient (GrpcClientProtocolClient.java:onNext(255)) - client-D83FC23EEBD8->4c571e18-69a3-4a6d-81de-e3e48052df18: receive RaftClientReply:client-D83FC23EEBD8->4c571e18-69a3-4a6d-81de-e3e48052df18@group-644576B5741B, cid=1216, SUCCESS, logIndex=0, commits[4c571e18-69a3-4a6d-81de-e3e48052df18:c1650, 15893972-388e-43c0-9d6c-ca4c76ac06da:c1647, c86beb1c-9105-4588-b1e8-133030361c51:c1647]
2019-07-12 12:28:13,661 INFO  client.GrpcClientProtocolClient (GrpcClientProtocolClient.java:onNext(255)) - client-D83FC23EEBD8->4c571e18-69a3-4a6d-81de-e3e48052df18: receive RaftClientReply:client-D83FC23EEBD8->4c571e18-69a3-4a6d-81de-e3e48052df18@group-644576B5741B, cid=1217, SUCCESS, logIndex=1652, commits[4c571e18-69a3-4a6d-81de-e3e48052df18:c1655, 15893972-388e-43c0-9d6c-ca4c76ac06da:c1651, c86beb1c-9105-4588-b1e8-133030361c51:c1651]
2019-07-12 12:28:13,662 INFO  client.GrpcClientProtocolClient (GrpcClientProtocolClient.java:onNext(255)) - client-D83FC23EEBD8->4c571e18-69a3-4a6d-81de-e3e48052df18: receive RaftClientReply:client-D83FC23EEBD8->4c571e18-69a3-4a6d-81de-e3e48052df18@group-644576B5741B, cid=1218, SUCCESS, logIndex=1653, commits[4c571e18-69a3-4a6d-81de-e3e48052df18:c1655, 15893972-388e-43c0-9d6c-ca4c76ac06da:c1651, c86beb1c-9105-4588-b1e8-133030361c51:c1651]
2019-07-12 12:28:13,662 INFO  client.GrpcClientProtocolClient (GrpcClientProtocolClient.java:onNext(255)) - client-D83FC23EEBD8->4c571e18-69a3-4a6d-81de-e3e48052df18: receive RaftClientReply:client-D83FC23EEBD8->4c571e18-69a3-4a6d-81de-e3e48052df18@group-644576B5741B, cid=1219, SUCCESS, logIndex=1654, commits[4c571e18-69a3-4a6d-81de-e3e48052df18:c1655, 15893972-388e-43c0-9d6c-ca4c76ac06da:c1651, c86beb1c-9105-4588-b1e8-133030361c51:c1651]
2019-07-12 12:28:13,662 INFO  client.GrpcClientProtocolClient (GrpcClientProtocolClient.java:onNext(255)) - client-D83FC23EEBD8->4c571e18-69a3-4a6d-81de-e3e48052df18: receive RaftClientReply:client-D83FC23EEBD8->4c571e18-69a3-4a6d-81de-e3e48052df18@group-644576B5741B, cid=1220, SUCCESS, logIndex=1655, commits[4c571e18-69a3-4a6d-81de-e3e48052df18:c1655, 15893972-388e-43c0-9d6c-ca4c76ac06da:c1651, c86beb1c-9105-4588-b1e8-133030361c51:c1651]
2019-07-12 12:28:13,664 INFO  client.GrpcClientProtocolClient (GrpcClientProtocolClient.java:onNext(255)) - client-D83FC23EEBD8->4c571e18-69a3-4a6d-81de-e3e48052df18: receive RaftClientReply:client-D83FC23EEBD8->4c571e18-69a3-4a6d-81de-e3e48052df18@group-644576B5741B, cid=1221, SUCCESS, logIndex=0, commits[4c571e18-69a3-4a6d-81de-e3e48052df18:c1659, 15893972-388e-43c0-9d6c-ca4c76ac06da:c1653, c86beb1c-9105-4588-b1e8-133030361c51:c1655]
2019-07-12 12:28:13,683 INFO  client.GrpcClientProtocolClient (GrpcClientProtocolClient.java:onNext(255)) - client-D83FC23EEBD8->4c571e18-69a3-4a6d-81de-e3e48052df18: receive RaftClientReply:client-D83FC23EEBD8->4c571e18-69a3-4a6d-81de-e3e48052df18@group-644576B5741B, cid=1222, SUCCESS, logIndex=1660, commits[4c571e18-69a3-4a6d-81de-e3e48052df18:c1661, 15893972-388e-43c0-9d6c-ca4c76ac06da:c1659, c86beb1c-9105-4588-b1e8-133030361c51:c1659]
2019-07-12 12:28:13,683 INFO  client.GrpcClientProtocolClient (GrpcClientProtocolClient.java:onNext(255)) - client-D83FC23EEBD8->4c571e18-69a3-4a6d-81de-e3e48052df18: receive RaftClientReply:client-D83FC23EEBD8->4c571e18-69a3-4a6d-81de-e3e48052df18@group-644576B5741B, cid=1223, SUCCESS, logIndex=1661, commits[4c571e18-69a3-4a6d-81de-e3e48052df18:c1661, 15893972-388e-43c0-9d6c-ca4c76ac06da:c1659, c86beb1c-9105-4588-b1e8-133030361c51:c1659]
2019-07-12 12:28:13,696 INFO  client.GrpcClientProtocolClient (GrpcClientProtocolClient.java:onNext(255)) - client-D83FC23EEBD8->4c571e18-69a3-4a6d-81de-e3e48052df18: receive RaftClientReply:client-D83FC23EEBD8->4c571e18-69a3-4a6d-81de-e3e48052df18@group-644576B5741B, cid=1224, SUCCESS, logIndex=1664, commits[4c571e18-69a3-4a6d-81de-e3e48052df18:c1665, 15893972-388e-43c0-9d6c-ca4c76ac06da:c1661, c86beb1c-9105-4588-b1e8-133030361c51:c1661]
2019-07-12 12:28:13,696 INFO  client.GrpcClientProtocolClient (GrpcClientProtocolClient.java:onNext(255)) - client-D83FC23EEBD8->4c571e18-69a3-4a6d-81de-e3e48052df18: receive RaftClientReply:client-D83FC23EEBD8->4c571e18-69a3-4a6d-81de-e3e48052df18@group-644576B5741B, cid=1225, SUCCESS, logIndex=1665, commits[4c571e18-69a3-4a6d-81de-e3e48052df18:c1665, 15893972-388e-43c0-9d6c-ca4c76ac06da:c1661, c86beb1c-9105-4588-b1e8-133030361c51:c1661]
2019-07-12 12:28:13,709 INFO  client.GrpcClientProtocolClient (GrpcClientProtocolClient.java:onNext(255)) - client-D83FC23EEBD8->4c571e18-69a3-4a6d-81de-e3e48052df18: receive RaftClientReply:client-D83FC23EEBD8->4c571e18-69a3-4a6d-81de-e3e48052df18@group-644576B5741B, cid=1226, SUCCESS, logIndex=0, commits[4c571e18-69a3-4a6d-81de-e3e48052df18:c1667, 15893972-388e-43c0-9d6c-ca4c76ac06da:c1665, c86beb1c-9105-4588-b1e8-133030361c51:c1665]
2019-07-12 12:28:13,729 INFO  client.GrpcClientProtocolClient (GrpcClientProtocolClient.java:onNext(255)) - client-D83FC23EEBD8->4c571e18-69a3-4a6d-81de-e3e48052df18: receive RaftClientReply:client-D83FC23EEBD8->4c571e18-69a3-4a6d-81de-e3e48052df18@group-644576B5741B, cid=1227, SUCCESS, logIndex=1668, commits[4c571e18-69a3-4a6d-81de-e3e48052df18:c1669, 15893972-388e-43c0-9d6c-ca4c76ac06da:c1667, c86beb1c-9105-4588-b1e8-133030361c51:c1667]
2019-07-12 12:28:13,729 INFO  client.GrpcClientProtocolClient (GrpcClientProtocolClient.java:onNext(255)) - client-D83FC23EEBD8->4c571e18-69a3-4a6d-81de-e3e48052df18: receive RaftClientReply:client-D83FC23EEBD8->4c571e18-69a3-4a6d-81de-e3e48052df18@group-644576B5741B, cid=1228, SUCCESS, logIndex=1669, commits[4c571e18-69a3-4a6d-81de-e3e48052df18:c1670, 15893972-388e-43c0-9d6c-ca4c76ac06da:c1667, c86beb1c-9105-4588-b1e8-133030361c51:c1667]
2019-07-12 12:28:13,730 INFO  client.GrpcClientProtocolClient (GrpcClientProtocolClient.java:onNext(255)) - client-D83FC23EEBD8->4c571e18-69a3-4a6d-81de-e3e48052df18: receive RaftClientReply:client-D83FC23EEBD8->4c571e18-69a3-4a6d-81de-e3e48052df18@group-644576B5741B, cid=1229, SUCCESS, logIndex=1670, commits[4c571e18-69a3-4a6d-81de-e3e48052df18:c1671, 15893972-388e-43c0-9d6c-ca4c76ac06da:c1667, c86beb1c-9105-4588-b1e8-133030361c51:c1667]
2019-07-12 12:28:13,730 INFO  client.GrpcClientProtocolClient (GrpcClientProtocolClient.java:onNext(255)) - client-D83FC23EEBD8->4c571e18-69a3-4a6d-81de-e3e48052df18: receive RaftClientReply:client-D83FC23EEBD8->4c571e18-69a3-4a6d-81de-e3e48052df18@group-644576B5741B, cid=1230, SUCCESS, logIndex=1671, commits[4c571e18-69a3-4a6d-81de-e3e48052df18:c1671, 15893972-388e-43c0-9d6c-ca4c76ac06da:c1667, c86beb1c-9105-4588-b1e8-133030361c51:c1667]
2019-07-12 12:28:13,731 INFO  client.GrpcClientProtocolClient (GrpcClientProtocolClient.java:onNext(255)) - client-D83FC23EEBD8->4c571e18-69a3-4a6d-81de-e3e48052df18: receive RaftClientReply:client-D83FC23EEBD8->4c571e18-69a3-4a6d-81de-e3e48052df18@group-644576B5741B, cid=1231, SUCCESS, logIndex=0, commits[4c571e18-69a3-4a6d-81de-e3e48052df18:c1672, 15893972-388e-43c0-9d6c-ca4c76ac06da:c1669, c86beb1c-9105-4588-b1e8-133030361c51:c1669]
2019-07-12 12:28:13,829 INFO  client.GrpcClientProtocolClient (GrpcClientProtocolClient.java:onNext(255)) - client-D83FC23EEBD8->4c571e18-69a3-4a6d-81de-e3e48052df18: receive RaftClientReply:client-D83FC23EEBD8->4c571e18-69a3-4a6d-81de-e3e48052df18@group-644576B5741B, cid=1232, SUCCESS, logIndex=1676, commits[4c571e18-69a3-4a6d-81de-e3e48052df18:c1677, 15893972-388e-43c0-9d6c-ca4c76ac06da:c1675, c86beb1c-9105-4588-b1e8-133030361c51:c1675]
2019-07-12 12:28:13,829 INFO  client.GrpcClientProtocolClient (GrpcClientProtocolClient.java:onNext(255)) - client-D83FC23EEBD8->4c571e18-69a3-4a6d-81de-e3e48052df18: receive RaftClientReply:client-D83FC23EEBD8->4c571e18-69a3-4a6d-81de-e3e48052df18@group-644576B5741B, cid=1233, SUCCESS, logIndex=1677, commits[4c571e18-69a3-4a6d-81de-e3e48052df18:c1677, 15893972-388e-43c0-9d6c-ca4c76ac06da:c1675, c86beb1c-9105-4588-b1e8-133030361c51:c1675]
2019-07-12 12:28:13,862 INFO  client.GrpcClientProtocolClient (GrpcClientProtocolClient.java:onNext(255)) - client-D83FC23EEBD8->4c571e18-69a3-4a6d-81de-e3e48052df18: receive RaftClientReply:client-D83FC23EEBD8->4c571e18-69a3-4a6d-81de-e3e48052df18@group-644576B5741B, cid=1234, SUCCESS, logIndex=1680, commits[4c571e18-69a3-4a6d-81de-e3e48052df18:c1681, 15893972-388e-43c0-9d6c-ca4c76ac06da:c1677, c86beb1c-9105-4588-b1e8-133030361c51:c1677]
2019-07-12 12:28:13,863 INFO  client.GrpcClientProtocolClient (GrpcClientProtocolClient.java:onNext(255)) - client-D83FC23EEBD8->4c571e18-69a3-4a6d-81de-e3e48052df18: receive RaftClientReply:client-D83FC23EEBD8->4c571e18-69a3-4a6d-81de-e3e48052df18@group-644576B5741B, cid=1235, SUCCESS, logIndex=1681, commits[4c571e18-69a3-4a6d-81de-e3e48052df18:c1681, 15893972-388e-43c0-9d6c-ca4c76ac06da:c1677, c86beb1c-9105-4588-b1e8-133030361c51:c1677]
2019-07-12 12:28:13,873 INFO  client.GrpcClientProtocolClient (GrpcClientProtocolClient.java:onNext(255)) - client-D83FC23EEBD8->4c571e18-69a3-4a6d-81de-e3e48052df18: receive RaftClientReply:client-D83FC23EEBD8->4c571e18-69a3-4a6d-81de-e3e48052df18@group-644576B5741B, cid=1236, SUCCESS, logIndex=0, commits[4c571e18-69a3-4a6d-81de-e3e48052df18:c1683, 15893972-388e-43c0-9d6c-ca4c76ac06da:c1681, c86beb1c-9105-4588-b1e8-133030361c51:c1681]
2019-07-12 12:28:13,908 INFO  client.GrpcClientProtocolClient (GrpcClientProtocolClient.java:onNext(255)) - client-D83FC23EEBD8->4c571e18-69a3-4a6d-81de-e3e48052df18: receive RaftClientReply:client-D83FC23EEBD8->4c571e18-69a3-4a6d-81de-e3e48052df18@group-644576B5741B, cid=1237, SUCCESS, logIndex=1684, commits[4c571e18-69a3-4a6d-81de-e3e48052df18:c1687, 15893972-388e-43c0-9d6c-ca4c76ac06da:c1683, c86beb1c-9105-4588-b1e8-133030361c51:c1683]
2019-07-12 12:28:13,910 INFO  client.GrpcClientProtocolClient (GrpcClientProtocolClient.java:onNext(255)) - client-D83FC23EEBD8->4c571e18-69a3-4a6d-81de-e3e48052df18: receive RaftClientReply:client-D83FC23EEBD8->4c571e18-69a3-4a6d-81de-e3e48052df18@group-644576B5741B, cid=1238, SUCCESS, logIndex=1685, commits[4c571e18-69a3-4a6d-81de-e3e48052df18:c1689, 15893972-388e-43c0-9d6c-ca4c76ac06da:c1685, c86beb1c-9105-4588-b1e8-133030361c51:c1685]
2019-07-12 12:28:13,910 INFO  client.GrpcClientProtocolClient (GrpcClientProtocolClient.java:onNext(255)) - client-D83FC23EEBD8->4c571e18-69a3-4a6d-81de-e3e48052df18: receive RaftClientReply:client-D83FC23EEBD8->4c571e18-69a3-4a6d-81de-e3e48052df18@group-644576B5741B, cid=1239, SUCCESS, logIndex=1686, commits[4c571e18-69a3-4a6d-81de-e3e48052df18:c1690, 15893972-388e-43c0-9d6c-ca4c76ac06da:c1686, c86beb1c-9105-4588-b1e8-133030361c51:c1685]
2019-07-12 12:28:13,911 INFO  client.GrpcClientProtocolClient (GrpcClientProtocolClient.java:onNext(255)) - client-D83FC23EEBD8->4c571e18-69a3-4a6d-81de-e3e48052df18: receive RaftClientReply:client-D83FC23EEBD8->4c571e18-69a3-4a6d-81de-e3e48052df18@group-644576B5741B, cid=1240, SUCCESS, logIndex=1687, commits[4c571e18-69a3-4a6d-81de-e3e48052df18:c1691, 15893972-388e-43c0-9d6c-ca4c76ac06da:c1687, c86beb1c-9105-4588-b1e8-133030361c51:c1687]
2019-07-12 12:28:13,930 INFO  client.GrpcClientProtocolClient (GrpcClientProtocolClient.java:onNext(255)) - client-D83FC23EEBD8->4c571e18-69a3-4a6d-81de-e3e48052df18: receive RaftClientReply:client-D83FC23EEBD8->4c571e18-69a3-4a6d-81de-e3e48052df18@group-644576B5741B, cid=1241, SUCCESS, logIndex=1692, commits[4c571e18-69a3-4a6d-81de-e3e48052df18:c1694, 15893972-388e-43c0-9d6c-ca4c76ac06da:c1691, c86beb1c-9105-4588-b1e8-133030361c51:c1691]
2019-07-12 12:28:13,930 INFO  client.GrpcClientProtocolClient (GrpcClientProtocolClient.java:onNext(255)) - client-D83FC23EEBD8->4c571e18-69a3-4a6d-81de-e3e48052df18: receive RaftClientReply:client-D83FC23EEBD8->4c571e18-69a3-4a6d-81de-e3e48052df18@group-644576B5741B, cid=1242, SUCCESS, logIndex=1693, commits[4c571e18-69a3-4a6d-81de-e3e48052df18:c1695, 15893972-388e-43c0-9d6c-ca4c76ac06da:c1691, c86beb1c-9105-4588-b1e8-133030361c51:c1691]
2019-07-12 12:28:13,931 INFO  client.GrpcClientProtocolClient (GrpcClientProtocolClient.java:onNext(255)) - client-D83FC23EEBD8->4c571e18-69a3-4a6d-81de-e3e48052df18: receive RaftClientReply:client-D83FC23EEBD8->4c571e18-69a3-4a6d-81de-e3e48052df18@group-644576B5741B, cid=1243, SUCCESS, logIndex=1694, commits[4c571e18-69a3-4a6d-81de-e3e48052df18:c1695, 15893972-388e-43c0-9d6c-ca4c76ac06da:c1691, c86beb1c-9105-4588-b1e8-133030361c51:c1691]
2019-07-12 12:28:13,932 INFO  client.GrpcClientProtocolClient (GrpcClientProtocolClient.java:onNext(255)) - client-D83FC23EEBD8->4c571e18-69a3-4a6d-81de-e3e48052df18: receive RaftClientReply:client-D83FC23EEBD8->4c571e18-69a3-4a6d-81de-e3e48052df18@group-644576B5741B, cid=1244, SUCCESS, logIndex=1695, commits[4c571e18-69a3-4a6d-81de-e3e48052df18:c1697, 15893972-388e-43c0-9d6c-ca4c76ac06da:c1693, c86beb1c-9105-4588-b1e8-133030361c51:c1693]
2019-07-12 12:28:13,933 INFO  client.GrpcClientProtocolClient (GrpcClientProtocolClient.java:onNext(255)) - client-D83FC23EEBD8->4c571e18-69a3-4a6d-81de-e3e48052df18: receive RaftClientReply:client-D83FC23EEBD8->4c571e18-69a3-4a6d-81de-e3e48052df18@group-644576B5741B, cid=1245, SUCCESS, logIndex=0, commits[4c571e18-69a3-4a6d-81de-e3e48052df18:c1699, 15893972-388e-43c0-9d6c-ca4c76ac06da:c1695, c86beb1c-9105-4588-b1e8-133030361c51:c1695]
2019-07-12 12:28:13,965 INFO  client.GrpcClientProtocolClient (GrpcClientProtocolClient.java:onNext(255)) - client-D83FC23EEBD8->4c571e18-69a3-4a6d-81de-e3e48052df18: receive RaftClientReply:client-D83FC23EEBD8->4c571e18-69a3-4a6d-81de-e3e48052df18@group-644576B5741B, cid=1246, SUCCESS, logIndex=1700, commits[4c571e18-69a3-4a6d-81de-e3e48052df18:c1701, 15893972-388e-43c0-9d6c-ca4c76ac06da:c1699, c86beb1c-9105-4588-b1e8-133030361c51:c1699]
2019-07-12 12:28:13,966 INFO  client.GrpcClientProtocolClient (GrpcClientProtocolClient.java:onNext(255)) - client-D83FC23EEBD8->4c571e18-69a3-4a6d-81de-e3e48052df18: receive RaftClientReply:client-D83FC23EEBD8->4c571e18-69a3-4a6d-81de-e3e48052df18@group-644576B5741B, cid=1247, SUCCESS, logIndex=1701, commits[4c571e18-69a3-4a6d-81de-e3e48052df18:c1701, 15893972-388e-43c0-9d6c-ca4c76ac06da:c1699, c86beb1c-9105-4588-b1e8-133030361c51:c1699]
2019-07-12 12:28:13,977 INFO  client.GrpcClientProtocolClient (GrpcClientProtocolClient.java:onNext(255)) - client-D83FC23EEBD8->4c571e18-69a3-4a6d-81de-e3e48052df18: receive RaftClientReply:client-D83FC23EEBD8->4c571e18-69a3-4a6d-81de-e3e48052df18@group-644576B5741B, cid=1248, SUCCESS, logIndex=1702, commits[4c571e18-69a3-4a6d-81de-e3e48052df18:c1703, 15893972-388e-43c0-9d6c-ca4c76ac06da:c1699, c86beb1c-9105-4588-b1e8-133030361c51:c1699]
2019-07-12 12:28:13,978 INFO  client.GrpcClientProtocolClient (GrpcClientProtocolClient.java:onNext(255)) - client-D83FC23EEBD8->4c571e18-69a3-4a6d-81de-e3e48052df18: receive RaftClientReply:client-D83FC23EEBD8->4c571e18-69a3-4a6d-81de-e3e48052df18@group-644576B5741B, cid=1249, SUCCESS, logIndex=1703, commits[4c571e18-69a3-4a6d-81de-e3e48052df18:c1703, 15893972-388e-43c0-9d6c-ca4c76ac06da:c1699, c86beb1c-9105-4588-b1e8-133030361c51:c1699]
2019-07-12 12:28:13,978 INFO  client.GrpcClientProtocolClient (GrpcClientProtocolClient.java:onNext(255)) - client-D83FC23EEBD8->4c571e18-69a3-4a6d-81de-e3e48052df18: receive RaftClientReply:client-D83FC23EEBD8->4c571e18-69a3-4a6d-81de-e3e48052df18@group-644576B5741B, cid=1250, SUCCESS, logIndex=0, commits[4c571e18-69a3-4a6d-81de-e3e48052df18:c1704, 15893972-388e-43c0-9d6c-ca4c76ac06da:c1701, c86beb1c-9105-4588-b1e8-133030361c51:c1701]
2019-07-12 12:28:13,997 INFO  client.GrpcClientProtocolClient (GrpcClientProtocolClient.java:onNext(255)) - client-D83FC23EEBD8->4c571e18-69a3-4a6d-81de-e3e48052df18: receive RaftClientReply:client-D83FC23EEBD8->4c571e18-69a3-4a6d-81de-e3e48052df18@group-644576B5741B, cid=1251, SUCCESS, logIndex=1708, commits[4c571e18-69a3-4a6d-81de-e3e48052df18:c1709, 15893972-388e-43c0-9d6c-ca4c76ac06da:c1707, c86beb1c-9105-4588-b1e8-133030361c51:c1707]
2019-07-12 12:28:13,998 INFO  client.GrpcClientProtocolClient (GrpcClientProtocolClient.java:onNext(255)) - client-D83FC23EEBD8->4c571e18-69a3-4a6d-81de-e3e48052df18: receive RaftClientReply:client-D83FC23EEBD8->4c571e18-69a3-4a6d-81de-e3e48052df18@group-644576B5741B, cid=1252, SUCCESS, logIndex=1709, commits[4c571e18-69a3-4a6d-81de-e3e48052df18:c1709, 15893972-388e-43c0-9d6c-ca4c76ac06da:c1707, c86beb1c-9105-4588-b1e8-133030361c51:c1707]
2019-07-12 12:28:14,011 INFO  client.GrpcClientProtocolClient (GrpcClientProtocolClient.java:onNext(255)) - client-D83FC23EEBD8->4c571e18-69a3-4a6d-81de-e3e48052df18: receive RaftClientReply:client-D83FC23EEBD8->4c571e18-69a3-4a6d-81de-e3e48052df18@group-644576B5741B, cid=1253, SUCCESS, logIndex=1712, commits[4c571e18-69a3-4a6d-81de-e3e48052df18:c1713, 15893972-388e-43c0-9d6c-ca4c76ac06da:c1709, c86beb1c-9105-4588-b1e8-133030361c51:c1709]
2019-07-12 12:28:14,011 INFO  client.GrpcClientProtocolClient (GrpcClientProtocolClient.java:onNext(255)) - client-D83FC23EEBD8->4c571e18-69a3-4a6d-81de-e3e48052df18: receive RaftClientReply:client-D83FC23EEBD8->4c571e18-69a3-4a6d-81de-e3e48052df18@group-644576B5741B, cid=1254, SUCCESS, logIndex=1713, commits[4c571e18-69a3-4a6d-81de-e3e48052df18:c1713, 15893972-388e-43c0-9d6c-ca4c76ac06da:c1709, c86beb1c-9105-4588-b1e8-133030361c51:c1709]
2019-07-12 12:28:14,023 INFO  client.GrpcClientProtocolClient (GrpcClientProtocolClient.java:onNext(255)) - client-D83FC23EEBD8->4c571e18-69a3-4a6d-81de-e3e48052df18: receive RaftClientReply:client-D83FC23EEBD8->4c571e18-69a3-4a6d-81de-e3e48052df18@group-644576B5741B, cid=1255, SUCCESS, logIndex=0, commits[4c571e18-69a3-4a6d-81de-e3e48052df18:c1715, 15893972-388e-43c0-9d6c-ca4c76ac06da:c1713, c86beb1c-9105-4588-b1e8-133030361c51:c1713]
2019-07-12 12:28:14,053 INFO  client.GrpcClientProtocolClient (GrpcClientProtocolClient.java:onNext(255)) - client-D83FC23EEBD8->4c571e18-69a3-4a6d-81de-e3e48052df18: receive RaftClientReply:client-D83FC23EEBD8->4c571e18-69a3-4a6d-81de-e3e48052df18@group-644576B5741B, cid=1256, SUCCESS, logIndex=1716, commits[4c571e18-69a3-4a6d-81de-e3e48052df18:c1717, 15893972-388e-43c0-9d6c-ca4c76ac06da:c1715, c86beb1c-9105-4588-b1e8-133030361c51:c1715]
2019-07-12 12:28:14,053 INFO  client.GrpcClientProtocolClient (GrpcClientProtocolClient.java:onNext(255)) - client-D83FC23EEBD8->4c571e18-69a3-4a6d-81de-e3e48052df18: receive RaftClientReply:client-D83FC23EEBD8->4c571e18-69a3-4a6d-81de-e3e48052df18@group-644576B5741B, cid=1257, SUCCESS, logIndex=1717, commits[4c571e18-69a3-4a6d-81de-e3e48052df18:c1717, 15893972-388e-43c0-9d6c-ca4c76ac06da:c1715, c86beb1c-9105-4588-b1e8-133030361c51:c1715]
2019-07-12 12:28:14,054 INFO  client.GrpcClientProtocolClient (GrpcClientProtocolClient.java:onNext(255)) - client-D83FC23EEBD8->4c571e18-69a3-4a6d-81de-e3e48052df18: receive RaftClientReply:client-D83FC23EEBD8->4c571e18-69a3-4a6d-81de-e3e48052df18@group-644576B5741B, cid=1258, SUCCESS, logIndex=1718, commits[4c571e18-69a3-4a6d-81de-e3e48052df18:c1719, 15893972-388e-43c0-9d6c-ca4c76ac06da:c1715, c86beb1c-9105-4588-b1e8-133030361c51:c1715]
2019-07-12 12:28:14,054 INFO  client.GrpcClientProtocolClient (GrpcClientProtocolClient.java:onNext(255)) - client-D83FC23EEBD8->4c571e18-69a3-4a6d-81de-e3e48052df18: receive RaftClientReply:client-D83FC23EEBD8->4c571e18-69a3-4a6d-81de-e3e48052df18@group-644576B5741B, cid=1259, SUCCESS, logIndex=1719, commits[4c571e18-69a3-4a6d-81de-e3e48052df18:c1719, 15893972-388e-43c0-9d6c-ca4c76ac06da:c1715, c86beb1c-9105-4588-b1e8-133030361c51:c1715]
2019-07-12 12:28:14,055 INFO  client.GrpcClientProtocolClient (GrpcClientProtocolClient.java:onNext(255)) - client-D83FC23EEBD8->4c571e18-69a3-4a6d-81de-e3e48052df18: receive RaftClientReply:client-D83FC23EEBD8->4c571e18-69a3-4a6d-81de-e3e48052df18@group-644576B5741B, cid=1260, SUCCESS, logIndex=0, commits[4c571e18-69a3-4a6d-81de-e3e48052df18:c1721, 15893972-388e-43c0-9d6c-ca4c76ac06da:c1717, c86beb1c-9105-4588-b1e8-133030361c51:c1717]
2019-07-12 12:28:14,076 INFO  client.GrpcClientProtocolClient (GrpcClientProtocolClient.java:onNext(255)) - client-D83FC23EEBD8->4c571e18-69a3-4a6d-81de-e3e48052df18: receive RaftClientReply:client-D83FC23EEBD8->4c571e18-69a3-4a6d-81de-e3e48052df18@group-644576B5741B, cid=1261, SUCCESS, logIndex=1724, commits[4c571e18-69a3-4a6d-81de-e3e48052df18:c1725, 15893972-388e-43c0-9d6c-ca4c76ac06da:c1723, c86beb1c-9105-4588-b1e8-133030361c51:c1723]
2019-07-12 12:28:14,077 INFO  client.GrpcClientProtocolClient (GrpcClientProtocolClient.java:onNext(255)) - client-D83FC23EEBD8->4c571e18-69a3-4a6d-81de-e3e48052df18: receive RaftClientReply:client-D83FC23EEBD8->4c571e18-69a3-4a6d-81de-e3e48052df18@group-644576B5741B, cid=1262, SUCCESS, logIndex=1725, commits[4c571e18-69a3-4a6d-81de-e3e48052df18:c1725, 15893972-388e-43c0-9d6c-ca4c76ac06da:c1723, c86beb1c-9105-4588-b1e8-133030361c51:c1723]
2019-07-12 12:28:14,100 INFO  client.GrpcClientProtocolClient (GrpcClientProtocolClient.java:onNext(255)) - client-D83FC23EEBD8->4c571e18-69a3-4a6d-81de-e3e48052df18: receive RaftClientReply:client-D83FC23EEBD8->4c571e18-69a3-4a6d-81de-e3e48052df18@group-644576B5741B, cid=1263, SUCCESS, logIndex=1728, commits[4c571e18-69a3-4a6d-81de-e3e48052df18:c1729, 15893972-388e-43c0-9d6c-ca4c76ac06da:c1725, c86beb1c-9105-4588-b1e8-133030361c51:c1725]
2019-07-12 12:28:14,100 INFO  client.GrpcClientProtocolClient (GrpcClientProtocolClient.java:onNext(255)) - client-D83FC23EEBD8->4c571e18-69a3-4a6d-81de-e3e48052df18: receive RaftClientReply:client-D83FC23EEBD8->4c571e18-69a3-4a6d-81de-e3e48052df18@group-644576B5741B, cid=1264, SUCCESS, logIndex=1729, commits[4c571e18-69a3-4a6d-81de-e3e48052df18:c1729, 15893972-388e-43c0-9d6c-ca4c76ac06da:c1725, c86beb1c-9105-4588-b1e8-133030361c51:c1725]
2019-07-12 12:28:14,113 INFO  client.GrpcClientProtocolClient (GrpcClientProtocolClient.java:onNext(255)) - client-D83FC23EEBD8->4c571e18-69a3-4a6d-81de-e3e48052df18: receive RaftClientReply:client-D83FC23EEBD8->4c571e18-69a3-4a6d-81de-e3e48052df18@group-644576B5741B, cid=1265, SUCCESS, logIndex=0, commits[4c571e18-69a3-4a6d-81de-e3e48052df18:c1731, 15893972-388e-43c0-9d6c-ca4c76ac06da:c1729, c86beb1c-9105-4588-b1e8-133030361c51:c1729]
2019-07-12 12:28:14,143 INFO  client.GrpcClientProtocolClient (GrpcClientProtocolClient.java:onNext(255)) - client-D83FC23EEBD8->4c571e18-69a3-4a6d-81de-e3e48052df18: receive RaftClientReply:client-D83FC23EEBD8->4c571e18-69a3-4a6d-81de-e3e48052df18@group-644576B5741B, cid=1266, SUCCESS, logIndex=1732, commits[4c571e18-69a3-4a6d-81de-e3e48052df18:c1734, 15893972-388e-43c0-9d6c-ca4c76ac06da:c1731, c86beb1c-9105-4588-b1e8-133030361c51:c1731]
2019-07-12 12:28:14,143 INFO  client.GrpcClientProtocolClient (GrpcClientProtocolClient.java:onNext(255)) - client-D83FC23EEBD8->4c571e18-69a3-4a6d-81de-e3e48052df18: receive RaftClientReply:client-D83FC23EEBD8->4c571e18-69a3-4a6d-81de-e3e48052df18@group-644576B5741B, cid=1267, SUCCESS, logIndex=1733, commits[4c571e18-69a3-4a6d-81de-e3e48052df18:c1735, 15893972-388e-43c0-9d6c-ca4c76ac06da:c1731, c86beb1c-9105-4588-b1e8-133030361c51:c1731]
2019-07-12 12:28:14,143 INFO  client.GrpcClientProtocolClient (GrpcClientProtocolClient.java:onNext(255)) - client-D83FC23EEBD8->4c571e18-69a3-4a6d-81de-e3e48052df18: receive RaftClientReply:client-D83FC23EEBD8->4c571e18-69a3-4a6d-81de-e3e48052df18@group-644576B5741B, cid=1268, SUCCESS, logIndex=1734, commits[4c571e18-69a3-4a6d-81de-e3e48052df18:c1735, 15893972-388e-43c0-9d6c-ca4c76ac06da:c1731, c86beb1c-9105-4588-b1e8-133030361c51:c1731]
2019-07-12 12:28:14,143 INFO  client.GrpcClientProtocolClient (GrpcClientProtocolClient.java:onNext(255)) - client-D83FC23EEBD8->4c571e18-69a3-4a6d-81de-e3e48052df18: receive RaftClientReply:client-D83FC23EEBD8->4c571e18-69a3-4a6d-81de-e3e48052df18@group-644576B5741B, cid=1269, SUCCESS, logIndex=1735, commits[4c571e18-69a3-4a6d-81de-e3e48052df18:c1735, 15893972-388e-43c0-9d6c-ca4c76ac06da:c1731, c86beb1c-9105-4588-b1e8-133030361c51:c1731]
2019-07-12 12:28:14,144 INFO  client.GrpcClientProtocolClient (GrpcClientProtocolClient.java:onNext(255)) - client-D83FC23EEBD8->4c571e18-69a3-4a6d-81de-e3e48052df18: receive RaftClientReply:client-D83FC23EEBD8->4c571e18-69a3-4a6d-81de-e3e48052df18@group-644576B5741B, cid=1270, SUCCESS, logIndex=0, commits[4c571e18-69a3-4a6d-81de-e3e48052df18:c1736, 15893972-388e-43c0-9d6c-ca4c76ac06da:c1733, c86beb1c-9105-4588-b1e8-133030361c51:c1733]
2019-07-12 12:28:14,163 INFO  client.GrpcClientProtocolClient (GrpcClientProtocolClient.java:onNext(255)) - client-D83FC23EEBD8->4c571e18-69a3-4a6d-81de-e3e48052df18: receive RaftClientReply:client-D83FC23EEBD8->4c571e18-69a3-4a6d-81de-e3e48052df18@group-644576B5741B, cid=1271, SUCCESS, logIndex=1740, commits[4c571e18-69a3-4a6d-81de-e3e48052df18:c1741, 15893972-388e-43c0-9d6c-ca4c76ac06da:c1739, c86beb1c-9105-4588-b1e8-133030361c51:c1739]
2019-07-12 12:28:14,164 INFO  client.GrpcClientProtocolClient (GrpcClientProtocolClient.java:onNext(255)) - client-D83FC23EEBD8->4c571e18-69a3-4a6d-81de-e3e48052df18: receive RaftClientReply:client-D83FC23EEBD8->4c571e18-69a3-4a6d-81de-e3e48052df18@group-644576B5741B, cid=1272, SUCCESS, logIndex=1741, commits[4c571e18-69a3-4a6d-81de-e3e48052df18:c1741, 15893972-388e-43c0-9d6c-ca4c76ac06da:c1739, c86beb1c-9105-4588-b1e8-133030361c51:c1739]
2019-07-12 12:28:14,177 INFO  client.GrpcClientProtocolClient (GrpcClientProtocolClient.java:onNext(255)) - client-D83FC23EEBD8->4c571e18-69a3-4a6d-81de-e3e48052df18: receive RaftClientReply:client-D83FC23EEBD8->4c571e18-69a3-4a6d-81de-e3e48052df18@group-644576B5741B, cid=1273, SUCCESS, logIndex=1744, commits[4c571e18-69a3-4a6d-81de-e3e48052df18:c1745, 15893972-388e-43c0-9d6c-ca4c76ac06da:c1741, c86beb1c-9105-4588-b1e8-133030361c51:c1741]
2019-07-12 12:28:14,178 INFO  client.GrpcClientProtocolClient (GrpcClientProtocolClient.java:onNext(255)) - client-D83FC23EEBD8->4c571e18-69a3-4a6d-81de-e3e48052df18: receive RaftClientReply:client-D83FC23EEBD8->4c571e18-69a3-4a6d-81de-e3e48052df18@group-644576B5741B, cid=1274, SUCCESS, logIndex=1745, commits[4c571e18-69a3-4a6d-81de-e3e48052df18:c1745, 15893972-388e-43c0-9d6c-ca4c76ac06da:c1741, c86beb1c-9105-4588-b1e8-133030361c51:c1741]
2019-07-12 12:28:14,190 INFO  client.GrpcClientProtocolClient (GrpcClientProtocolClient.java:onNext(255)) - client-D83FC23EEBD8->4c571e18-69a3-4a6d-81de-e3e48052df18: receive RaftClientReply:client-D83FC23EEBD8->4c571e18-69a3-4a6d-81de-e3e48052df18@group-644576B5741B, cid=1275, SUCCESS, logIndex=0, commits[4c571e18-69a3-4a6d-81de-e3e48052df18:c1747, 15893972-388e-43c0-9d6c-ca4c76ac06da:c1745, c86beb1c-9105-4588-b1e8-133030361c51:c1745]
2019-07-12 12:28:14,219 INFO  client.GrpcClientProtocolClient (GrpcClientProtocolClient.java:onNext(255)) - client-D83FC23EEBD8->4c571e18-69a3-4a6d-81de-e3e48052df18: receive RaftClientReply:client-D83FC23EEBD8->4c571e18-69a3-4a6d-81de-e3e48052df18@group-644576B5741B, cid=1276, SUCCESS, logIndex=1748, commits[4c571e18-69a3-4a6d-81de-e3e48052df18:c1749, 15893972-388e-43c0-9d6c-ca4c76ac06da:c1747, c86beb1c-9105-4588-b1e8-133030361c51:c1747]
2019-07-12 12:28:14,221 INFO  client.GrpcClientProtocolClient (GrpcClientProtocolClient.java:onNext(255)) - client-D83FC23EEBD8->4c571e18-69a3-4a6d-81de-e3e48052df18: receive RaftClientReply:client-D83FC23EEBD8->4c571e18-69a3-4a6d-81de-e3e48052df18@group-644576B5741B, cid=1277, SUCCESS, logIndex=1749, commits[4c571e18-69a3-4a6d-81de-e3e48052df18:c1751, 15893972-388e-43c0-9d6c-ca4c76ac06da:c1747, c86beb1c-9105-4588-b1e8-133030361c51:c1747]
2019-07-12 12:28:14,221 INFO  client.GrpcClientProtocolClient (GrpcClientProtocolClient.java:onNext(255)) - client-D83FC23EEBD8->4c571e18-69a3-4a6d-81de-e3e48052df18: receive RaftClientReply:client-D83FC23EEBD8->4c571e18-69a3-4a6d-81de-e3e48052df18@group-644576B5741B, cid=1278, SUCCESS, logIndex=1750, commits[4c571e18-69a3-4a6d-81de-e3e48052df18:c1751, 15893972-388e-43c0-9d6c-ca4c76ac06da:c1747, c86beb1c-9105-4588-b1e8-133030361c51:c1747]
2019-07-12 12:28:14,221 INFO  client.GrpcClientProtocolClient (GrpcClientProtocolClient.java:onNext(255)) - client-D83FC23EEBD8->4c571e18-69a3-4a6d-81de-e3e48052df18: receive RaftClientReply:client-D83FC23EEBD8->4c571e18-69a3-4a6d-81de-e3e48052df18@group-644576B5741B, cid=1279, SUCCESS, logIndex=1751, commits[4c571e18-69a3-4a6d-81de-e3e48052df18:c1753, 15893972-388e-43c0-9d6c-ca4c76ac06da:c1747, c86beb1c-9105-4588-b1e8-133030361c51:c1749]
2019-07-12 12:28:14,222 INFO  client.GrpcClientProtocolClient (GrpcClientProtocolClient.java:onNext(255)) - client-D83FC23EEBD8->4c571e18-69a3-4a6d-81de-e3e48052df18: receive RaftClientReply:client-D83FC23EEBD8->4c571e18-69a3-4a6d-81de-e3e48052df18@group-644576B5741B, cid=1280, SUCCESS, logIndex=0, commits[4c571e18-69a3-4a6d-81de-e3e48052df18:c1755, 15893972-388e-43c0-9d6c-ca4c76ac06da:c1751, c86beb1c-9105-4588-b1e8-133030361c51:c1751]
2019-07-12 12:28:14,241 INFO  client.GrpcClientProtocolClient (GrpcClientProtocolClient.java:onNext(255)) - client-D83FC23EEBD8->4c571e18-69a3-4a6d-81de-e3e48052df18: receive RaftClientReply:client-D83FC23EEBD8->4c571e18-69a3-4a6d-81de-e3e48052df18@group-644576B5741B, cid=1281, SUCCESS, logIndex=1756, commits[4c571e18-69a3-4a6d-81de-e3e48052df18:c1757, 15893972-388e-43c0-9d6c-ca4c76ac06da:c1755, c86beb1c-9105-4588-b1e8-133030361c51:c1755]
2019-07-12 12:28:14,241 INFO  client.GrpcClientProtocolClient (GrpcClientProtocolClient.java:onNext(255)) - client-D83FC23EEBD8->4c571e18-69a3-4a6d-81de-e3e48052df18: receive RaftClientReply:client-D83FC23EEBD8->4c571e18-69a3-4a6d-81de-e3e48052df18@group-644576B5741B, cid=1282, SUCCESS, logIndex=1757, commits[4c571e18-69a3-4a6d-81de-e3e48052df18:c1757, 15893972-388e-43c0-9d6c-ca4c76ac06da:c1755, c86beb1c-9105-4588-b1e8-133030361c51:c1755]
 0.00% |█                                                                                                    |  0/1 Time: 0:00:062019-07-12 12:28:14,253 INFO  client.GrpcClientProtocolClient (GrpcClientProtocolClient.java:onNext(255)) - client-D83FC23EEBD8->4c571e18-69a3-4a6d-81de-e3e48052df18: receive RaftClientReply:client-D83FC23EEBD8->4c571e18-69a3-4a6d-81de-e3e48052df18@group-644576B5741B, cid=1283, SUCCESS, logIndex=1760, commits[4c571e18-69a3-4a6d-81de-e3e48052df18:c1761, 15893972-388e-43c0-9d6c-ca4c76ac06da:c1757, c86beb1c-9105-4588-b1e8-133030361c51:c1757]
2019-07-12 12:28:14,254 INFO  client.GrpcClientProtocolClient (GrpcClientProtocolClient.java:onNext(255)) - client-D83FC23EEBD8->4c571e18-69a3-4a6d-81de-e3e48052df18: receive RaftClientReply:client-D83FC23EEBD8->4c571e18-69a3-4a6d-81de-e3e48052df18@group-644576B5741B, cid=1284, SUCCESS, logIndex=1761, commits[4c571e18-69a3-4a6d-81de-e3e48052df18:c1761, 15893972-388e-43c0-9d6c-ca4c76ac06da:c1757, c86beb1c-9105-4588-b1e8-133030361c51:c1757]
2019-07-12 12:28:14,265 INFO  client.GrpcClientProtocolClient (GrpcClientProtocolClient.java:onNext(255)) - client-D83FC23EEBD8->4c571e18-69a3-4a6d-81de-e3e48052df18: receive RaftClientReply:client-D83FC23EEBD8->4c571e18-69a3-4a6d-81de-e3e48052df18@group-644576B5741B, cid=1285, SUCCESS, logIndex=0, commits[4c571e18-69a3-4a6d-81de-e3e48052df18:c1763, 15893972-388e-43c0-9d6c-ca4c76ac06da:c1761, c86beb1c-9105-4588-b1e8-133030361c51:c1761]
2019-07-12 12:28:14,292 INFO  client.GrpcClientProtocolClient (GrpcClientProtocolClient.java:onNext(255)) - client-D83FC23EEBD8->4c571e18-69a3-4a6d-81de-e3e48052df18: receive RaftClientReply:client-D83FC23EEBD8->4c571e18-69a3-4a6d-81de-e3e48052df18@group-644576B5741B, cid=1286, SUCCESS, logIndex=1764, commits[4c571e18-69a3-4a6d-81de-e3e48052df18:c1767, 15893972-388e-43c0-9d6c-ca4c76ac06da:c1763, c86beb1c-9105-4588-b1e8-133030361c51:c1763]
2019-07-12 12:28:14,293 INFO  client.GrpcClientProtocolClient (GrpcClientProtocolClient.java:onNext(255)) - client-D83FC23EEBD8->4c571e18-69a3-4a6d-81de-e3e48052df18: receive RaftClientReply:client-D83FC23EEBD8->4c571e18-69a3-4a6d-81de-e3e48052df18@group-644576B5741B, cid=1287, SUCCESS, logIndex=1765, commits[4c571e18-69a3-4a6d-81de-e3e48052df18:c1767, 15893972-388e-43c0-9d6c-ca4c76ac06da:c1763, c86beb1c-9105-4588-b1e8-133030361c51:c1763]
2019-07-12 12:28:14,293 INFO  client.GrpcClientProtocolClient (GrpcClientProtocolClient.java:onNext(255)) - client-D83FC23EEBD8->4c571e18-69a3-4a6d-81de-e3e48052df18: receive RaftClientReply:client-D83FC23EEBD8->4c571e18-69a3-4a6d-81de-e3e48052df18@group-644576B5741B, cid=1288, SUCCESS, logIndex=1766, commits[4c571e18-69a3-4a6d-81de-e3e48052df18:c1767, 15893972-388e-43c0-9d6c-ca4c76ac06da:c1763, c86beb1c-9105-4588-b1e8-133030361c51:c1763]
2019-07-12 12:28:14,293 INFO  client.GrpcClientProtocolClient (GrpcClientProtocolClient.java:onNext(255)) - client-D83FC23EEBD8->4c571e18-69a3-4a6d-81de-e3e48052df18: receive RaftClientReply:client-D83FC23EEBD8->4c571e18-69a3-4a6d-81de-e3e48052df18@group-644576B5741B, cid=1289, SUCCESS, logIndex=1767, commits[4c571e18-69a3-4a6d-81de-e3e48052df18:c1767, 15893972-388e-43c0-9d6c-ca4c76ac06da:c1763, c86beb1c-9105-4588-b1e8-133030361c51:c1763]
2019-07-12 12:28:14,295 INFO  client.GrpcClientProtocolClient (GrpcClientProtocolClient.java:onNext(255)) - client-D83FC23EEBD8->4c571e18-69a3-4a6d-81de-e3e48052df18: receive RaftClientReply:client-D83FC23EEBD8->4c571e18-69a3-4a6d-81de-e3e48052df18@group-644576B5741B, cid=1290, SUCCESS, logIndex=0, commits[4c571e18-69a3-4a6d-81de-e3e48052df18:c1769, 15893972-388e-43c0-9d6c-ca4c76ac06da:c1766, c86beb1c-9105-4588-b1e8-133030361c51:c1766]
2019-07-12 12:28:14,314 INFO  client.GrpcClientProtocolClient (GrpcClientProtocolClient.java:onNext(255)) - client-D83FC23EEBD8->4c571e18-69a3-4a6d-81de-e3e48052df18: receive RaftClientReply:client-D83FC23EEBD8->4c571e18-69a3-4a6d-81de-e3e48052df18@group-644576B5741B, cid=1291, SUCCESS, logIndex=1772, commits[4c571e18-69a3-4a6d-81de-e3e48052df18:c1773, 15893972-388e-43c0-9d6c-ca4c76ac06da:c1771, c86beb1c-9105-4588-b1e8-133030361c51:c1771]
2019-07-12 12:28:14,314 INFO  client.GrpcClientProtocolClient (GrpcClientProtocolClient.java:onNext(255)) - client-D83FC23EEBD8->4c571e18-69a3-4a6d-81de-e3e48052df18: receive RaftClientReply:client-D83FC23EEBD8->4c571e18-69a3-4a6d-81de-e3e48052df18@group-644576B5741B, cid=1292, SUCCESS, logIndex=1773, commits[4c571e18-69a3-4a6d-81de-e3e48052df18:c1773, 15893972-388e-43c0-9d6c-ca4c76ac06da:c1771, c86beb1c-9105-4588-b1e8-133030361c51:c1771]
2019-07-12 12:28:14,329 INFO  client.GrpcClientProtocolClient (GrpcClientProtocolClient.java:onNext(255)) - client-D83FC23EEBD8->4c571e18-69a3-4a6d-81de-e3e48052df18: receive RaftClientReply:client-D83FC23EEBD8->4c571e18-69a3-4a6d-81de-e3e48052df18@group-644576B5741B, cid=1293, SUCCESS, logIndex=1776, commits[4c571e18-69a3-4a6d-81de-e3e48052df18:c1777, 15893972-388e-43c0-9d6c-ca4c76ac06da:c1773, c86beb1c-9105-4588-b1e8-133030361c51:c1773]
2019-07-12 12:28:14,330 INFO  client.GrpcClientProtocolClient (GrpcClientProtocolClient.java:onNext(255)) - client-D83FC23EEBD8->4c571e18-69a3-4a6d-81de-e3e48052df18: receive RaftClientReply:client-D83FC23EEBD8->4c571e18-69a3-4a6d-81de-e3e48052df18@group-644576B5741B, cid=1294, SUCCESS, logIndex=1777, commits[4c571e18-69a3-4a6d-81de-e3e48052df18:c1777, 15893972-388e-43c0-9d6c-ca4c76ac06da:c1773, c86beb1c-9105-4588-b1e8-133030361c51:c1773]
2019-07-12 12:28:14,340 INFO  client.GrpcClientProtocolClient (GrpcClientProtocolClient.java:onNext(255)) - client-D83FC23EEBD8->4c571e18-69a3-4a6d-81de-e3e48052df18: receive RaftClientReply:client-D83FC23EEBD8->4c571e18-69a3-4a6d-81de-e3e48052df18@group-644576B5741B, cid=1295, SUCCESS, logIndex=0, commits[4c571e18-69a3-4a6d-81de-e3e48052df18:c1779, 15893972-388e-43c0-9d6c-ca4c76ac06da:c1777, c86beb1c-9105-4588-b1e8-133030361c51:c1777]
2019-07-12 12:28:14,365 INFO  client.GrpcClientProtocolClient (GrpcClientProtocolClient.java:onNext(255)) - client-D83FC23EEBD8->4c571e18-69a3-4a6d-81de-e3e48052df18: receive RaftClientReply:client-D83FC23EEBD8->4c571e18-69a3-4a6d-81de-e3e48052df18@group-644576B5741B, cid=1296, SUCCESS, logIndex=1780, commits[4c571e18-69a3-4a6d-81de-e3e48052df18:c1782, 15893972-388e-43c0-9d6c-ca4c76ac06da:c1779, c86beb1c-9105-4588-b1e8-133030361c51:c1779]
2019-07-12 12:28:14,366 INFO  client.GrpcClientProtocolClient (GrpcClientProtocolClient.java:onNext(255)) - client-D83FC23EEBD8->4c571e18-69a3-4a6d-81de-e3e48052df18: receive RaftClientReply:client-D83FC23EEBD8->4c571e18-69a3-4a6d-81de-e3e48052df18@group-644576B5741B, cid=1297, SUCCESS, logIndex=1781, commits[4c571e18-69a3-4a6d-81de-e3e48052df18:c1783, 15893972-388e-43c0-9d6c-ca4c76ac06da:c1779, c86beb1c-9105-4588-b1e8-133030361c51:c1779]
2019-07-12 12:28:14,366 INFO  client.GrpcClientProtocolClient (GrpcClientProtocolClient.java:onNext(255)) - client-D83FC23EEBD8->4c571e18-69a3-4a6d-81de-e3e48052df18: receive RaftClientReply:client-D83FC23EEBD8->4c571e18-69a3-4a6d-81de-e3e48052df18@group-644576B5741B, cid=1298, SUCCESS, logIndex=1782, commits[4c571e18-69a3-4a6d-81de-e3e48052df18:c1783, 15893972-388e-43c0-9d6c-ca4c76ac06da:c1779, c86beb1c-9105-4588-b1e8-133030361c51:c1779]
2019-07-12 12:28:14,442 INFO  client.GrpcClientProtocolClient (GrpcClientProtocolClient.java:onNext(255)) - client-D83FC23EEBD8->4c571e18-69a3-4a6d-81de-e3e48052df18: receive RaftClientReply:client-D83FC23EEBD8->4c571e18-69a3-4a6d-81de-e3e48052df18@group-644576B5741B, cid=1299, SUCCESS, logIndex=1783, commits[4c571e18-69a3-4a6d-81de-e3e48052df18:c1783, 15893972-388e-43c0-9d6c-ca4c76ac06da:c1779, c86beb1c-9105-4588-b1e8-133030361c51:c1779]
2019-07-12 12:28:14,443 INFO  client.GrpcClientProtocolClient (GrpcClientProtocolClient.java:onNext(255)) - client-D83FC23EEBD8->4c571e18-69a3-4a6d-81de-e3e48052df18: receive RaftClientReply:client-D83FC23EEBD8->4c571e18-69a3-4a6d-81de-e3e48052df18@group-644576B5741B, cid=1300, SUCCESS, logIndex=0, commits[4c571e18-69a3-4a6d-81de-e3e48052df18:c1787, 15893972-388e-43c0-9d6c-ca4c76ac06da:c1781, c86beb1c-9105-4588-b1e8-133030361c51:c1783]
2019-07-12 12:28:14,463 INFO  client.GrpcClientProtocolClient (GrpcClientProtocolClient.java:onNext(255)) - client-D83FC23EEBD8->4c571e18-69a3-4a6d-81de-e3e48052df18: receive RaftClientReply:client-D83FC23EEBD8->4c571e18-69a3-4a6d-81de-e3e48052df18@group-644576B5741B, cid=1301, SUCCESS, logIndex=1788, commits[4c571e18-69a3-4a6d-81de-e3e48052df18:c1789, 15893972-388e-43c0-9d6c-ca4c76ac06da:c1787, c86beb1c-9105-4588-b1e8-133030361c51:c1787]
2019-07-12 12:28:14,464 INFO  client.GrpcClientProtocolClient (GrpcClientProtocolClient.java:onNext(255)) - client-D83FC23EEBD8->4c571e18-69a3-4a6d-81de-e3e48052df18: receive RaftClientReply:client-D83FC23EEBD8->4c571e18-69a3-4a6d-81de-e3e48052df18@group-644576B5741B, cid=1302, SUCCESS, logIndex=1789, commits[4c571e18-69a3-4a6d-81de-e3e48052df18:c1789, 15893972-388e-43c0-9d6c-ca4c76ac06da:c1787, c86beb1c-9105-4588-b1e8-133030361c51:c1787]
2019-07-12 12:28:14,476 INFO  client.GrpcClientProtocolClient (GrpcClientProtocolClient.java:onNext(255)) - client-D83FC23EEBD8->4c571e18-69a3-4a6d-81de-e3e48052df18: receive RaftClientReply:client-D83FC23EEBD8->4c571e18-69a3-4a6d-81de-e3e48052df18@group-644576B5741B, cid=1303, SUCCESS, logIndex=1792, commits[4c571e18-69a3-4a6d-81de-e3e48052df18:c1792, 15893972-388e-43c0-9d6c-ca4c76ac06da:c1789, c86beb1c-9105-4588-b1e8-133030361c51:c1789]
2019-07-12 12:28:14,476 INFO  client.GrpcClientProtocolClient (GrpcClientProtocolClient.java:onNext(255)) - client-D83FC23EEBD8->4c571e18-69a3-4a6d-81de-e3e48052df18: receive RaftClientReply:client-D83FC23EEBD8->4c571e18-69a3-4a6d-81de-e3e48052df18@group-644576B5741B, cid=1304, SUCCESS, logIndex=1793, commits[4c571e18-69a3-4a6d-81de-e3e48052df18:c1793, 15893972-388e-43c0-9d6c-ca4c76ac06da:c1789, c86beb1c-9105-4588-b1e8-133030361c51:c1789]
2019-07-12 12:28:14,479 INFO  client.GrpcClientProtocolClient (GrpcClientProtocolClient.java:onNext(255)) - client-D83FC23EEBD8->4c571e18-69a3-4a6d-81de-e3e48052df18: receive RaftClientReply:client-D83FC23EEBD8->4c571e18-69a3-4a6d-81de-e3e48052df18@group-644576B5741B, cid=1305, SUCCESS, logIndex=0, commits[4c571e18-69a3-4a6d-81de-e3e48052df18:c1795, 15893972-388e-43c0-9d6c-ca4c76ac06da:c1793, c86beb1c-9105-4588-b1e8-133030361c51:c1793]
2019-07-12 12:28:14,505 INFO  client.GrpcClientProtocolClient (GrpcClientProtocolClient.java:onNext(255)) - client-D83FC23EEBD8->4c571e18-69a3-4a6d-81de-e3e48052df18: receive RaftClientReply:client-D83FC23EEBD8->4c571e18-69a3-4a6d-81de-e3e48052df18@group-644576B5741B, cid=1306, SUCCESS, logIndex=1796, commits[4c571e18-69a3-4a6d-81de-e3e48052df18:c1796, 15893972-388e-43c0-9d6c-ca4c76ac06da:c1795, c86beb1c-9105-4588-b1e8-133030361c51:c1795]
2019-07-12 12:28:14,508 INFO  client.GrpcClientProtocolClient (GrpcClientProtocolClient.java:onNext(255)) - client-D83FC23EEBD8->4c571e18-69a3-4a6d-81de-e3e48052df18: receive RaftClientReply:client-D83FC23EEBD8->4c571e18-69a3-4a6d-81de-e3e48052df18@group-644576B5741B, cid=1307, SUCCESS, logIndex=1797, commits[4c571e18-69a3-4a6d-81de-e3e48052df18:c1797, 15893972-388e-43c0-9d6c-ca4c76ac06da:c1795, c86beb1c-9105-4588-b1e8-133030361c51:c1795]
2019-07-12 12:28:14,509 INFO  client.GrpcClientProtocolClient (GrpcClientProtocolClient.java:onNext(255)) - client-D83FC23EEBD8->4c571e18-69a3-4a6d-81de-e3e48052df18: receive RaftClientReply:client-D83FC23EEBD8->4c571e18-69a3-4a6d-81de-e3e48052df18@group-644576B5741B, cid=1308, SUCCESS, logIndex=1798, commits[4c571e18-69a3-4a6d-81de-e3e48052df18:c1799, 15893972-388e-43c0-9d6c-ca4c76ac06da:c1795, c86beb1c-9105-4588-b1e8-133030361c51:c1795]
2019-07-12 12:28:14,509 INFO  client.GrpcClientProtocolClient (GrpcClientProtocolClient.java:onNext(255)) - client-D83FC23EEBD8->4c571e18-69a3-4a6d-81de-e3e48052df18: receive RaftClientReply:client-D83FC23EEBD8->4c571e18-69a3-4a6d-81de-e3e48052df18@group-644576B5741B, cid=1309, SUCCESS, logIndex=1799, commits[4c571e18-69a3-4a6d-81de-e3e48052df18:c1800, 15893972-388e-43c0-9d6c-ca4c76ac06da:c1796, c86beb1c-9105-4588-b1e8-133030361c51:c1795]
2019-07-12 12:28:14,520 INFO  client.GrpcClientProtocolClient (GrpcClientProtocolClient.java:onNext(255)) - client-D83FC23EEBD8->4c571e18-69a3-4a6d-81de-e3e48052df18: receive RaftClientReply:client-D83FC23EEBD8->4c571e18-69a3-4a6d-81de-e3e48052df18@group-644576B5741B, cid=1310, SUCCESS, logIndex=0, commits[4c571e18-69a3-4a6d-81de-e3e48052df18:c1801, 15893972-388e-43c0-9d6c-ca4c76ac06da:c1797, c86beb1c-9105-4588-b1e8-133030361c51:c1797]
2019-07-12 12:28:14,541 INFO  client.GrpcClientProtocolClient (GrpcClientProtocolClient.java:onNext(255)) - client-D83FC23EEBD8->4c571e18-69a3-4a6d-81de-e3e48052df18: receive RaftClientReply:client-D83FC23EEBD8->4c571e18-69a3-4a6d-81de-e3e48052df18@group-644576B5741B, cid=1311, SUCCESS, logIndex=1803, commits[4c571e18-69a3-4a6d-81de-e3e48052df18:c1804, 15893972-388e-43c0-9d6c-ca4c76ac06da:c1802, c86beb1c-9105-4588-b1e8-133030361c51:c1799]
2019-07-12 12:28:14,542 INFO  client.GrpcClientProtocolClient (GrpcClientProtocolClient.java:onNext(255)) - client-D83FC23EEBD8->4c571e18-69a3-4a6d-81de-e3e48052df18: receive RaftClientReply:client-D83FC23EEBD8->4c571e18-69a3-4a6d-81de-e3e48052df18@group-644576B5741B, cid=1312, SUCCESS, logIndex=1804, commits[4c571e18-69a3-4a6d-81de-e3e48052df18:c1804, 15893972-388e-43c0-9d6c-ca4c76ac06da:c1802, c86beb1c-9105-4588-b1e8-133030361c51:c1802]
2019-07-12 12:28:14,553 INFO  client.GrpcClientProtocolClient (GrpcClientProtocolClient.java:onNext(255)) - client-D83FC23EEBD8->4c571e18-69a3-4a6d-81de-e3e48052df18: receive RaftClientReply:client-D83FC23EEBD8->4c571e18-69a3-4a6d-81de-e3e48052df18@group-644576B5741B, cid=1313, SUCCESS, logIndex=1806, commits[4c571e18-69a3-4a6d-81de-e3e48052df18:c1807, 15893972-388e-43c0-9d6c-ca4c76ac06da:c1804, c86beb1c-9105-4588-b1e8-133030361c51:c1804]
2019-07-12 12:28:14,554 INFO  client.GrpcClientProtocolClient (GrpcClientProtocolClient.java:onNext(255)) - client-D83FC23EEBD8->4c571e18-69a3-4a6d-81de-e3e48052df18: receive RaftClientReply:client-D83FC23EEBD8->4c571e18-69a3-4a6d-81de-e3e48052df18@group-644576B5741B, cid=1314, SUCCESS, logIndex=1807, commits[4c571e18-69a3-4a6d-81de-e3e48052df18:c1807, 15893972-388e-43c0-9d6c-ca4c76ac06da:c1804, c86beb1c-9105-4588-b1e8-133030361c51:c1804]
2019-07-12 12:28:14,567 INFO  client.GrpcClientProtocolClient (GrpcClientProtocolClient.java:onNext(255)) - client-D83FC23EEBD8->4c571e18-69a3-4a6d-81de-e3e48052df18: receive RaftClientReply:client-D83FC23EEBD8->4c571e18-69a3-4a6d-81de-e3e48052df18@group-644576B5741B, cid=1315, SUCCESS, logIndex=0, commits[4c571e18-69a3-4a6d-81de-e3e48052df18:c1809, 15893972-388e-43c0-9d6c-ca4c76ac06da:c1807, c86beb1c-9105-4588-b1e8-133030361c51:c1807]
2019-07-12 12:28:14,596 INFO  client.GrpcClientProtocolClient (GrpcClientProtocolClient.java:onNext(255)) - client-D83FC23EEBD8->4c571e18-69a3-4a6d-81de-e3e48052df18: receive RaftClientReply:client-D83FC23EEBD8->4c571e18-69a3-4a6d-81de-e3e48052df18@group-644576B5741B, cid=1316, SUCCESS, logIndex=1810, commits[4c571e18-69a3-4a6d-81de-e3e48052df18:c1813, 15893972-388e-43c0-9d6c-ca4c76ac06da:c1809, c86beb1c-9105-4588-b1e8-133030361c51:c1809]
2019-07-12 12:28:14,598 INFO  client.GrpcClientProtocolClient (GrpcClientProtocolClient.java:onNext(255)) - client-D83FC23EEBD8->4c571e18-69a3-4a6d-81de-e3e48052df18: receive RaftClientReply:client-D83FC23EEBD8->4c571e18-69a3-4a6d-81de-e3e48052df18@group-644576B5741B, cid=1317, SUCCESS, logIndex=1811, commits[4c571e18-69a3-4a6d-81de-e3e48052df18:c1813, 15893972-388e-43c0-9d6c-ca4c76ac06da:c1809, c86beb1c-9105-4588-b1e8-133030361c51:c1809]
2019-07-12 12:28:14,598 INFO  client.GrpcClientProtocolClient (GrpcClientProtocolClient.java:onNext(255)) - client-D83FC23EEBD8->4c571e18-69a3-4a6d-81de-e3e48052df18: receive RaftClientReply:client-D83FC23EEBD8->4c571e18-69a3-4a6d-81de-e3e48052df18@group-644576B5741B, cid=1318, SUCCESS, logIndex=1812, commits[4c571e18-69a3-4a6d-81de-e3e48052df18:c1815, 15893972-388e-43c0-9d6c-ca4c76ac06da:c1811, c86beb1c-9105-4588-b1e8-133030361c51:c1809]
2019-07-12 12:28:14,599 INFO  client.GrpcClientProtocolClient (GrpcClientProtocolClient.java:onNext(255)) - client-D83FC23EEBD8->4c571e18-69a3-4a6d-81de-e3e48052df18: receive RaftClientReply:client-D83FC23EEBD8->4c571e18-69a3-4a6d-81de-e3e48052df18@group-644576B5741B, cid=1319, SUCCESS, logIndex=1813, commits[4c571e18-69a3-4a6d-81de-e3e48052df18:c1816, 15893972-388e-43c0-9d6c-ca4c76ac06da:c1812, c86beb1c-9105-4588-b1e8-133030361c51:c1813]
2019-07-12 12:28:14,619 INFO  client.GrpcClientProtocolClient (GrpcClientProtocolClient.java:onNext(255)) - client-D83FC23EEBD8->4c571e18-69a3-4a6d-81de-e3e48052df18: receive RaftClientReply:client-D83FC23EEBD8->4c571e18-69a3-4a6d-81de-e3e48052df18@group-644576B5741B, cid=1320, SUCCESS, logIndex=1818, commits[4c571e18-69a3-4a6d-81de-e3e48052df18:c1819, 15893972-388e-43c0-9d6c-ca4c76ac06da:c1817, c86beb1c-9105-4588-b1e8-133030361c51:c1817]
2019-07-12 12:28:14,620 INFO  client.GrpcClientProtocolClient (GrpcClientProtocolClient.java:onNext(255)) - client-D83FC23EEBD8->4c571e18-69a3-4a6d-81de-e3e48052df18: receive RaftClientReply:client-D83FC23EEBD8->4c571e18-69a3-4a6d-81de-e3e48052df18@group-644576B5741B, cid=1321, SUCCESS, logIndex=1819, commits[4c571e18-69a3-4a6d-81de-e3e48052df18:c1819, 15893972-388e-43c0-9d6c-ca4c76ac06da:c1817, c86beb1c-9105-4588-b1e8-133030361c51:c1817]
2019-07-12 12:28:14,635 INFO  client.GrpcClientProtocolClient (GrpcClientProtocolClient.java:onNext(255)) - client-D83FC23EEBD8->4c571e18-69a3-4a6d-81de-e3e48052df18: receive RaftClientReply:client-D83FC23EEBD8->4c571e18-69a3-4a6d-81de-e3e48052df18@group-644576B5741B, cid=1322, SUCCESS, logIndex=1822, commits[4c571e18-69a3-4a6d-81de-e3e48052df18:c1823, 15893972-388e-43c0-9d6c-ca4c76ac06da:c1819, c86beb1c-9105-4588-b1e8-133030361c51:c1819]
2019-07-12 12:28:14,636 INFO  client.GrpcClientProtocolClient (GrpcClientProtocolClient.java:onNext(255)) - client-D83FC23EEBD8->4c571e18-69a3-4a6d-81de-e3e48052df18: receive RaftClientReply:client-D83FC23EEBD8->4c571e18-69a3-4a6d-81de-e3e48052df18@group-644576B5741B, cid=1323, SUCCESS, logIndex=1823, commits[4c571e18-69a3-4a6d-81de-e3e48052df18:c1823, 15893972-388e-43c0-9d6c-ca4c76ac06da:c1819, c86beb1c-9105-4588-b1e8-133030361c51:c1819]
2019-07-12 12:28:14,637 INFO  client.GrpcClientProtocolClient (GrpcClientProtocolClient.java:onNext(255)) - client-D83FC23EEBD8->4c571e18-69a3-4a6d-81de-e3e48052df18: receive RaftClientReply:client-D83FC23EEBD8->4c571e18-69a3-4a6d-81de-e3e48052df18@group-644576B5741B, cid=1324, SUCCESS, logIndex=0, commits[4c571e18-69a3-4a6d-81de-e3e48052df18:c1825, 15893972-388e-43c0-9d6c-ca4c76ac06da:c1823, c86beb1c-9105-4588-b1e8-133030361c51:c1823]
2019-07-12 12:28:14,665 INFO  client.GrpcClientProtocolClient (GrpcClientProtocolClient.java:onNext(255)) - client-D83FC23EEBD8->4c571e18-69a3-4a6d-81de-e3e48052df18: receive RaftClientReply:client-D83FC23EEBD8->4c571e18-69a3-4a6d-81de-e3e48052df18@group-644576B5741B, cid=1325, SUCCESS, logIndex=1826, commits[4c571e18-69a3-4a6d-81de-e3e48052df18:c1827, 15893972-388e-43c0-9d6c-ca4c76ac06da:c1825, c86beb1c-9105-4588-b1e8-133030361c51:c1825]
2019-07-12 12:28:14,666 INFO  client.GrpcClientProtocolClient (GrpcClientProtocolClient.java:onNext(255)) - client-D83FC23EEBD8->4c571e18-69a3-4a6d-81de-e3e48052df18: receive RaftClientReply:client-D83FC23EEBD8->4c571e18-69a3-4a6d-81de-e3e48052df18@group-644576B5741B, cid=1326, SUCCESS, logIndex=1827, commits[4c571e18-69a3-4a6d-81de-e3e48052df18:c1829, 15893972-388e-43c0-9d6c-ca4c76ac06da:c1825, c86beb1c-9105-4588-b1e8-133030361c51:c1825]
2019-07-12 12:28:14,666 INFO  client.GrpcClientProtocolClient (GrpcClientProtocolClient.java:onNext(255)) - client-D83FC23EEBD8->4c571e18-69a3-4a6d-81de-e3e48052df18: receive RaftClientReply:client-D83FC23EEBD8->4c571e18-69a3-4a6d-81de-e3e48052df18@group-644576B5741B, cid=1327, SUCCESS, logIndex=1828, commits[4c571e18-69a3-4a6d-81de-e3e48052df18:c1829, 15893972-388e-43c0-9d6c-ca4c76ac06da:c1825, c86beb1c-9105-4588-b1e8-133030361c51:c1825]
2019-07-12 12:28:14,666 INFO  client.GrpcClientProtocolClient (GrpcClientProtocolClient.java:onNext(255)) - client-D83FC23EEBD8->4c571e18-69a3-4a6d-81de-e3e48052df18: receive RaftClientReply:client-D83FC23EEBD8->4c571e18-69a3-4a6d-81de-e3e48052df18@group-644576B5741B, cid=1328, SUCCESS, logIndex=1829, commits[4c571e18-69a3-4a6d-81de-e3e48052df18:c1829, 15893972-388e-43c0-9d6c-ca4c76ac06da:c1825, c86beb1c-9105-4588-b1e8-133030361c51:c1825]
2019-07-12 12:28:14,668 INFO  client.GrpcClientProtocolClient (GrpcClientProtocolClient.java:onNext(255)) - client-D83FC23EEBD8->4c571e18-69a3-4a6d-81de-e3e48052df18: receive RaftClientReply:client-D83FC23EEBD8->4c571e18-69a3-4a6d-81de-e3e48052df18@group-644576B5741B, cid=1329, SUCCESS, logIndex=0, commits[4c571e18-69a3-4a6d-81de-e3e48052df18:c1831, 15893972-388e-43c0-9d6c-ca4c76ac06da:c1827, c86beb1c-9105-4588-b1e8-133030361c51:c1827]
2019-07-12 12:28:14,691 INFO  client.GrpcClientProtocolClient (GrpcClientProtocolClient.java:onNext(255)) - client-D83FC23EEBD8->4c571e18-69a3-4a6d-81de-e3e48052df18: receive RaftClientReply:client-D83FC23EEBD8->4c571e18-69a3-4a6d-81de-e3e48052df18@group-644576B5741B, cid=1330, SUCCESS, logIndex=1834, commits[4c571e18-69a3-4a6d-81de-e3e48052df18:c1835, 15893972-388e-43c0-9d6c-ca4c76ac06da:c1833, c86beb1c-9105-4588-b1e8-133030361c51:c1833]
2019-07-12 12:28:14,692 INFO  client.GrpcClientProtocolClient (GrpcClientProtocolClient.java:onNext(255)) - client-D83FC23EEBD8->4c571e18-69a3-4a6d-81de-e3e48052df18: receive RaftClientReply:client-D83FC23EEBD8->4c571e18-69a3-4a6d-81de-e3e48052df18@group-644576B5741B, cid=1331, SUCCESS, logIndex=1835, commits[4c571e18-69a3-4a6d-81de-e3e48052df18:c1835, 15893972-388e-43c0-9d6c-ca4c76ac06da:c1833, c86beb1c-9105-4588-b1e8-133030361c51:c1833]
2019-07-12 12:28:14,703 INFO  client.GrpcClientProtocolClient (GrpcClientProtocolClient.java:onNext(255)) - client-D83FC23EEBD8->4c571e18-69a3-4a6d-81de-e3e48052df18: receive RaftClientReply:client-D83FC23EEBD8->4c571e18-69a3-4a6d-81de-e3e48052df18@group-644576B5741B, cid=1332, SUCCESS, logIndex=1838, commits[4c571e18-69a3-4a6d-81de-e3e48052df18:c1839, 15893972-388e-43c0-9d6c-ca4c76ac06da:c1835, c86beb1c-9105-4588-b1e8-133030361c51:c1835]
2019-07-12 12:28:14,703 INFO  client.GrpcClientProtocolClient (GrpcClientProtocolClient.java:onNext(255)) - client-D83FC23EEBD8->4c571e18-69a3-4a6d-81de-e3e48052df18: receive RaftClientReply:client-D83FC23EEBD8->4c571e18-69a3-4a6d-81de-e3e48052df18@group-644576B5741B, cid=1333, SUCCESS, logIndex=1839, commits[4c571e18-69a3-4a6d-81de-e3e48052df18:c1839, 15893972-388e-43c0-9d6c-ca4c76ac06da:c1835, c86beb1c-9105-4588-b1e8-133030361c51:c1835]
2019-07-12 12:28:14,706 INFO  client.GrpcClientProtocolClient (GrpcClientProtocolClient.java:onNext(255)) - client-D83FC23EEBD8->4c571e18-69a3-4a6d-81de-e3e48052df18: receive RaftClientReply:client-D83FC23EEBD8->4c571e18-69a3-4a6d-81de-e3e48052df18@group-644576B5741B, cid=1334, SUCCESS, logIndex=0, commits[4c571e18-69a3-4a6d-81de-e3e48052df18:c1841, 15893972-388e-43c0-9d6c-ca4c76ac06da:c1839, c86beb1c-9105-4588-b1e8-133030361c51:c1839]
2019-07-12 12:28:14,732 INFO  client.GrpcClientProtocolClient (GrpcClientProtocolClient.java:onNext(255)) - client-D83FC23EEBD8->4c571e18-69a3-4a6d-81de-e3e48052df18: receive RaftClientReply:client-D83FC23EEBD8->4c571e18-69a3-4a6d-81de-e3e48052df18@group-644576B5741B, cid=1335, SUCCESS, logIndex=1842, commits[4c571e18-69a3-4a6d-81de-e3e48052df18:c1843, 15893972-388e-43c0-9d6c-ca4c76ac06da:c1841, c86beb1c-9105-4588-b1e8-133030361c51:c1841]
2019-07-12 12:28:14,733 INFO  client.GrpcClientProtocolClient (GrpcClientProtocolClient.java:onNext(255)) - client-D83FC23EEBD8->4c571e18-69a3-4a6d-81de-e3e48052df18: receive RaftClientReply:client-D83FC23EEBD8->4c571e18-69a3-4a6d-81de-e3e48052df18@group-644576B5741B, cid=1336, SUCCESS, logIndex=1843, commits[4c571e18-69a3-4a6d-81de-e3e48052df18:c1843, 15893972-388e-43c0-9d6c-ca4c76ac06da:c1841, c86beb1c-9105-4588-b1e8-133030361c51:c1841]
2019-07-12 12:28:14,733 INFO  client.GrpcClientProtocolClient (GrpcClientProtocolClient.java:onNext(255)) - client-D83FC23EEBD8->4c571e18-69a3-4a6d-81de-e3e48052df18: receive RaftClientReply:client-D83FC23EEBD8->4c571e18-69a3-4a6d-81de-e3e48052df18@group-644576B5741B, cid=1337, SUCCESS, logIndex=1844, commits[4c571e18-69a3-4a6d-81de-e3e48052df18:c1844, 15893972-388e-43c0-9d6c-ca4c76ac06da:c1841, c86beb1c-9105-4588-b1e8-133030361c51:c1841]
2019-07-12 12:28:14,733 INFO  client.GrpcClientProtocolClient (GrpcClientProtocolClient.java:onNext(255)) - client-D83FC23EEBD8->4c571e18-69a3-4a6d-81de-e3e48052df18: receive RaftClientReply:client-D83FC23EEBD8->4c571e18-69a3-4a6d-81de-e3e48052df18@group-644576B5741B, cid=1338, SUCCESS, logIndex=1845, commits[4c571e18-69a3-4a6d-81de-e3e48052df18:c1845, 15893972-388e-43c0-9d6c-ca4c76ac06da:c1841, c86beb1c-9105-4588-b1e8-133030361c51:c1841]
2019-07-12 12:28:14,734 INFO  client.GrpcClientProtocolClient (GrpcClientProtocolClient.java:onNext(255)) - client-D83FC23EEBD8->4c571e18-69a3-4a6d-81de-e3e48052df18: receive RaftClientReply:client-D83FC23EEBD8->4c571e18-69a3-4a6d-81de-e3e48052df18@group-644576B5741B, cid=1339, SUCCESS, logIndex=0, commits[4c571e18-69a3-4a6d-81de-e3e48052df18:c1846, 15893972-388e-43c0-9d6c-ca4c76ac06da:c1843, c86beb1c-9105-4588-b1e8-133030361c51:c1843]
2019-07-12 12:28:14,752 INFO  client.GrpcClientProtocolClient (GrpcClientProtocolClient.java:onNext(255)) - client-D83FC23EEBD8->4c571e18-69a3-4a6d-81de-e3e48052df18: receive RaftClientReply:client-D83FC23EEBD8->4c571e18-69a3-4a6d-81de-e3e48052df18@group-644576B5741B, cid=1340, SUCCESS, logIndex=1850, commits[4c571e18-69a3-4a6d-81de-e3e48052df18:c1851, 15893972-388e-43c0-9d6c-ca4c76ac06da:c1849, c86beb1c-9105-4588-b1e8-133030361c51:c1849]
2019-07-12 12:28:14,752 INFO  client.GrpcClientProtocolClient (GrpcClientProtocolClient.java:onNext(255)) - client-D83FC23EEBD8->4c571e18-69a3-4a6d-81de-e3e48052df18: receive RaftClientReply:client-D83FC23EEBD8->4c571e18-69a3-4a6d-81de-e3e48052df18@group-644576B5741B, cid=1341, SUCCESS, logIndex=1851, commits[4c571e18-69a3-4a6d-81de-e3e48052df18:c1851, 15893972-388e-43c0-9d6c-ca4c76ac06da:c1849, c86beb1c-9105-4588-b1e8-133030361c51:c1849]
2019-07-12 12:28:14,765 INFO  client.GrpcClientProtocolClient (GrpcClientProtocolClient.java:onNext(255)) - client-D83FC23EEBD8->4c571e18-69a3-4a6d-81de-e3e48052df18: receive RaftClientReply:client-D83FC23EEBD8->4c571e18-69a3-4a6d-81de-e3e48052df18@group-644576B5741B, cid=1342, SUCCESS, logIndex=1854, commits[4c571e18-69a3-4a6d-81de-e3e48052df18:c1855, 15893972-388e-43c0-9d6c-ca4c76ac06da:c1851, c86beb1c-9105-4588-b1e8-133030361c51:c1851]
2019-07-12 12:28:14,765 INFO  client.GrpcClientProtocolClient (GrpcClientProtocolClient.java:onNext(255)) - client-D83FC23EEBD8->4c571e18-69a3-4a6d-81de-e3e48052df18: receive RaftClientReply:client-D83FC23EEBD8->4c571e18-69a3-4a6d-81de-e3e48052df18@group-644576B5741B, cid=1343, SUCCESS, logIndex=1855, commits[4c571e18-69a3-4a6d-81de-e3e48052df18:c1855, 15893972-388e-43c0-9d6c-ca4c76ac06da:c1851, c86beb1c-9105-4588-b1e8-133030361c51:c1851]
2019-07-12 12:28:14,777 INFO  client.GrpcClientProtocolClient (GrpcClientProtocolClient.java:onNext(255)) - client-D83FC23EEBD8->4c571e18-69a3-4a6d-81de-e3e48052df18: receive RaftClientReply:client-D83FC23EEBD8->4c571e18-69a3-4a6d-81de-e3e48052df18@group-644576B5741B, cid=1344, SUCCESS, logIndex=0, commits[4c571e18-69a3-4a6d-81de-e3e48052df18:c1856, 15893972-388e-43c0-9d6c-ca4c76ac06da:c1855, c86beb1c-9105-4588-b1e8-133030361c51:c1855]
2019-07-12 12:28:14,803 INFO  client.GrpcClientProtocolClient (GrpcClientProtocolClient.java:onNext(255)) - client-D83FC23EEBD8->4c571e18-69a3-4a6d-81de-e3e48052df18: receive RaftClientReply:client-D83FC23EEBD8->4c571e18-69a3-4a6d-81de-e3e48052df18@group-644576B5741B, cid=1345, SUCCESS, logIndex=1858, commits[4c571e18-69a3-4a6d-81de-e3e48052df18:c1859, 15893972-388e-43c0-9d6c-ca4c76ac06da:c1857, c86beb1c-9105-4588-b1e8-133030361c51:c1857]
2019-07-12 12:28:14,804 INFO  client.GrpcClientProtocolClient (GrpcClientProtocolClient.java:onNext(255)) - client-D83FC23EEBD8->4c571e18-69a3-4a6d-81de-e3e48052df18: receive RaftClientReply:client-D83FC23EEBD8->4c571e18-69a3-4a6d-81de-e3e48052df18@group-644576B5741B, cid=1346, SUCCESS, logIndex=1859, commits[4c571e18-69a3-4a6d-81de-e3e48052df18:c1861, 15893972-388e-43c0-9d6c-ca4c76ac06da:c1857, c86beb1c-9105-4588-b1e8-133030361c51:c1857]
2019-07-12 12:28:14,804 INFO  client.GrpcClientProtocolClient (GrpcClientProtocolClient.java:onNext(255)) - client-D83FC23EEBD8->4c571e18-69a3-4a6d-81de-e3e48052df18: receive RaftClientReply:client-D83FC23EEBD8->4c571e18-69a3-4a6d-81de-e3e48052df18@group-644576B5741B, cid=1347, SUCCESS, logIndex=1860, commits[4c571e18-69a3-4a6d-81de-e3e48052df18:c1861, 15893972-388e-43c0-9d6c-ca4c76ac06da:c1857, c86beb1c-9105-4588-b1e8-133030361c51:c1857]
2019-07-12 12:28:14,805 INFO  client.GrpcClientProtocolClient (GrpcClientProtocolClient.java:onNext(255)) - client-D83FC23EEBD8->4c571e18-69a3-4a6d-81de-e3e48052df18: receive RaftClientReply:client-D83FC23EEBD8->4c571e18-69a3-4a6d-81de-e3e48052df18@group-644576B5741B, cid=1348, SUCCESS, logIndex=1861, commits[4c571e18-69a3-4a6d-81de-e3e48052df18:c1861, 15893972-388e-43c0-9d6c-ca4c76ac06da:c1857, c86beb1c-9105-4588-b1e8-133030361c51:c1858]
2019-07-12 12:28:14,806 INFO  client.GrpcClientProtocolClient (GrpcClientProtocolClient.java:onNext(255)) - client-D83FC23EEBD8->4c571e18-69a3-4a6d-81de-e3e48052df18: receive RaftClientReply:client-D83FC23EEBD8->4c571e18-69a3-4a6d-81de-e3e48052df18@group-644576B5741B, cid=1349, SUCCESS, logIndex=0, commits[4c571e18-69a3-4a6d-81de-e3e48052df18:c1863, 15893972-388e-43c0-9d6c-ca4c76ac06da:c1859, c86beb1c-9105-4588-b1e8-133030361c51:c1859]
2019-07-12 12:28:14,828 INFO  client.GrpcClientProtocolClient (GrpcClientProtocolClient.java:onNext(255)) - client-D83FC23EEBD8->4c571e18-69a3-4a6d-81de-e3e48052df18: receive RaftClientReply:client-D83FC23EEBD8->4c571e18-69a3-4a6d-81de-e3e48052df18@group-644576B5741B, cid=1350, SUCCESS, logIndex=1866, commits[4c571e18-69a3-4a6d-81de-e3e48052df18:c1867, 15893972-388e-43c0-9d6c-ca4c76ac06da:c1865, c86beb1c-9105-4588-b1e8-133030361c51:c1865]
2019-07-12 12:28:14,828 INFO  client.GrpcClientProtocolClient (GrpcClientProtocolClient.java:onNext(255)) - client-D83FC23EEBD8->4c571e18-69a3-4a6d-81de-e3e48052df18: receive RaftClientReply:client-D83FC23EEBD8->4c571e18-69a3-4a6d-81de-e3e48052df18@group-644576B5741B, cid=1351, SUCCESS, logIndex=1867, commits[4c571e18-69a3-4a6d-81de-e3e48052df18:c1867, 15893972-388e-43c0-9d6c-ca4c76ac06da:c1865, c86beb1c-9105-4588-b1e8-133030361c51:c1865]
2019-07-12 12:28:14,842 INFO  client.GrpcClientProtocolClient (GrpcClientProtocolClient.java:onNext(255)) - client-D83FC23EEBD8->4c571e18-69a3-4a6d-81de-e3e48052df18: receive RaftClientReply:client-D83FC23EEBD8->4c571e18-69a3-4a6d-81de-e3e48052df18@group-644576B5741B, cid=1352, SUCCESS, logIndex=1870, commits[4c571e18-69a3-4a6d-81de-e3e48052df18:c1871, 15893972-388e-43c0-9d6c-ca4c76ac06da:c1867, c86beb1c-9105-4588-b1e8-133030361c51:c1867]
2019-07-12 12:28:14,842 INFO  client.GrpcClientProtocolClient (GrpcClientProtocolClient.java:onNext(255)) - client-D83FC23EEBD8->4c571e18-69a3-4a6d-81de-e3e48052df18: receive RaftClientReply:client-D83FC23EEBD8->4c571e18-69a3-4a6d-81de-e3e48052df18@group-644576B5741B, cid=1353, SUCCESS, logIndex=1871, commits[4c571e18-69a3-4a6d-81de-e3e48052df18:c1871, 15893972-388e-43c0-9d6c-ca4c76ac06da:c1867, c86beb1c-9105-4588-b1e8-133030361c51:c1867]
2019-07-12 12:28:14,854 INFO  client.GrpcClientProtocolClient (GrpcClientProtocolClient.java:onNext(255)) - client-D83FC23EEBD8->4c571e18-69a3-4a6d-81de-e3e48052df18: receive RaftClientReply:client-D83FC23EEBD8->4c571e18-69a3-4a6d-81de-e3e48052df18@group-644576B5741B, cid=1354, SUCCESS, logIndex=0, commits[4c571e18-69a3-4a6d-81de-e3e48052df18:c1873, 15893972-388e-43c0-9d6c-ca4c76ac06da:c1871, c86beb1c-9105-4588-b1e8-133030361c51:c1871]
2019-07-12 12:28:14,885 INFO  client.GrpcClientProtocolClient (GrpcClientProtocolClient.java:onNext(255)) - client-D83FC23EEBD8->4c571e18-69a3-4a6d-81de-e3e48052df18: receive RaftClientReply:client-D83FC23EEBD8->4c571e18-69a3-4a6d-81de-e3e48052df18@group-644576B5741B, cid=1355, SUCCESS, logIndex=1874, commits[4c571e18-69a3-4a6d-81de-e3e48052df18:c1875, 15893972-388e-43c0-9d6c-ca4c76ac06da:c1873, c86beb1c-9105-4588-b1e8-133030361c51:c1873]
2019-07-12 12:28:14,886 INFO  client.GrpcClientProtocolClient (GrpcClientProtocolClient.java:onNext(255)) - client-D83FC23EEBD8->4c571e18-69a3-4a6d-81de-e3e48052df18: receive RaftClientReply:client-D83FC23EEBD8->4c571e18-69a3-4a6d-81de-e3e48052df18@group-644576B5741B, cid=1356, SUCCESS, logIndex=1875, commits[4c571e18-69a3-4a6d-81de-e3e48052df18:c1875, 15893972-388e-43c0-9d6c-ca4c76ac06da:c1873, c86beb1c-9105-4588-b1e8-133030361c51:c1873]
2019-07-12 12:28:14,895 INFO  client.GrpcClientProtocolClient (GrpcClientProtocolClient.java:onNext(255)) - client-D83FC23EEBD8->4c571e18-69a3-4a6d-81de-e3e48052df18: receive RaftClientReply:client-D83FC23EEBD8->4c571e18-69a3-4a6d-81de-e3e48052df18@group-644576B5741B, cid=1357, SUCCESS, logIndex=1876, commits[4c571e18-69a3-4a6d-81de-e3e48052df18:c1877, 15893972-388e-43c0-9d6c-ca4c76ac06da:c1873, c86beb1c-9105-4588-b1e8-133030361c51:c1873]
2019-07-12 12:28:14,895 INFO  client.GrpcClientProtocolClient (GrpcClientProtocolClient.java:onNext(255)) - client-D83FC23EEBD8->4c571e18-69a3-4a6d-81de-e3e48052df18: receive RaftClientReply:client-D83FC23EEBD8->4c571e18-69a3-4a6d-81de-e3e48052df18@group-644576B5741B, cid=1358, SUCCESS, logIndex=1877, commits[4c571e18-69a3-4a6d-81de-e3e48052df18:c1877, 15893972-388e-43c0-9d6c-ca4c76ac06da:c1873, c86beb1c-9105-4588-b1e8-133030361c51:c1875]
2019-07-12 12:28:14,896 INFO  client.GrpcClientProtocolClient (GrpcClientProtocolClient.java:onNext(255)) - client-D83FC23EEBD8->4c571e18-69a3-4a6d-81de-e3e48052df18: receive RaftClientReply:client-D83FC23EEBD8->4c571e18-69a3-4a6d-81de-e3e48052df18@group-644576B5741B, cid=1359, SUCCESS, logIndex=0, commits[4c571e18-69a3-4a6d-81de-e3e48052df18:c1879, 15893972-388e-43c0-9d6c-ca4c76ac06da:c1875, c86beb1c-9105-4588-b1e8-133030361c51:c1875]
2019-07-12 12:28:14,909 INFO  client.GrpcClientProtocolClient (GrpcClientProtocolClient.java:onNext(255)) - client-D83FC23EEBD8->4c571e18-69a3-4a6d-81de-e3e48052df18: receive RaftClientReply:client-D83FC23EEBD8->4c571e18-69a3-4a6d-81de-e3e48052df18@group-644576B5741B, cid=1360, SUCCESS, logIndex=1881, commits[4c571e18-69a3-4a6d-81de-e3e48052df18:c1882, 15893972-388e-43c0-9d6c-ca4c76ac06da:c1880, c86beb1c-9105-4588-b1e8-133030361c51:c1880]
2019-07-12 12:28:14,909 INFO  client.GrpcClientProtocolClient (GrpcClientProtocolClient.java:onNext(255)) - client-D83FC23EEBD8->4c571e18-69a3-4a6d-81de-e3e48052df18: receive RaftClientReply:client-D83FC23EEBD8->4c571e18-69a3-4a6d-81de-e3e48052df18@group-644576B5741B, cid=1361, SUCCESS, logIndex=1882, commits[4c571e18-69a3-4a6d-81de-e3e48052df18:c1882, 15893972-388e-43c0-9d6c-ca4c76ac06da:c1880, c86beb1c-9105-4588-b1e8-133030361c51:c1880]
2019-07-12 12:28:14,928 INFO  client.GrpcClientProtocolClient (GrpcClientProtocolClient.java:onNext(255)) - client-D83FC23EEBD8->4c571e18-69a3-4a6d-81de-e3e48052df18: receive RaftClientReply:client-D83FC23EEBD8->4c571e18-69a3-4a6d-81de-e3e48052df18@group-644576B5741B, cid=1362, SUCCESS, logIndex=1885, commits[4c571e18-69a3-4a6d-81de-e3e48052df18:c1886, 15893972-388e-43c0-9d6c-ca4c76ac06da:c1884, c86beb1c-9105-4588-b1e8-133030361c51:c1884]
2019-07-12 12:28:14,928 INFO  client.GrpcClientProtocolClient (GrpcClientProtocolClient.java:onNext(255)) - client-D83FC23EEBD8->4c571e18-69a3-4a6d-81de-e3e48052df18: receive RaftClientReply:client-D83FC23EEBD8->4c571e18-69a3-4a6d-81de-e3e48052df18@group-644576B5741B, cid=1363, SUCCESS, logIndex=1886, commits[4c571e18-69a3-4a6d-81de-e3e48052df18:c1886, 15893972-388e-43c0-9d6c-ca4c76ac06da:c1884, c86beb1c-9105-4588-b1e8-133030361c51:c1884]
2019-07-12 12:28:14,939 INFO  client.GrpcClientProtocolClient (GrpcClientProtocolClient.java:onNext(255)) - client-D83FC23EEBD8->4c571e18-69a3-4a6d-81de-e3e48052df18: receive RaftClientReply:client-D83FC23EEBD8->4c571e18-69a3-4a6d-81de-e3e48052df18@group-644576B5741B, cid=1364, SUCCESS, logIndex=0, commits[4c571e18-69a3-4a6d-81de-e3e48052df18:c1887, 15893972-388e-43c0-9d6c-ca4c76ac06da:c1886, c86beb1c-9105-4588-b1e8-133030361c51:c1886]
2019-07-12 12:28:15,036 INFO  client.GrpcClientProtocolClient (GrpcClientProtocolClient.java:onNext(255)) - client-D83FC23EEBD8->4c571e18-69a3-4a6d-81de-e3e48052df18: receive RaftClientReply:client-D83FC23EEBD8->4c571e18-69a3-4a6d-81de-e3e48052df18@group-644576B5741B, cid=1365, SUCCESS, logIndex=1889, commits[4c571e18-69a3-4a6d-81de-e3e48052df18:c1892, 15893972-388e-43c0-9d6c-ca4c76ac06da:c1888, c86beb1c-9105-4588-b1e8-133030361c51:c1888]
2019-07-12 12:28:15,036 INFO  client.GrpcClientProtocolClient (GrpcClientProtocolClient.java:onNext(255)) - client-D83FC23EEBD8->4c571e18-69a3-4a6d-81de-e3e48052df18: receive RaftClientReply:client-D83FC23EEBD8->4c571e18-69a3-4a6d-81de-e3e48052df18@group-644576B5741B, cid=1366, SUCCESS, logIndex=1890, commits[4c571e18-69a3-4a6d-81de-e3e48052df18:c1892, 15893972-388e-43c0-9d6c-ca4c76ac06da:c1888, c86beb1c-9105-4588-b1e8-133030361c51:c1888]
2019-07-12 12:28:15,036 INFO  client.GrpcClientProtocolClient (GrpcClientProtocolClient.java:onNext(255)) - client-D83FC23EEBD8->4c571e18-69a3-4a6d-81de-e3e48052df18: receive RaftClientReply:client-D83FC23EEBD8->4c571e18-69a3-4a6d-81de-e3e48052df18@group-644576B5741B, cid=1367, SUCCESS, logIndex=1891, commits[4c571e18-69a3-4a6d-81de-e3e48052df18:c1892, 15893972-388e-43c0-9d6c-ca4c76ac06da:c1888, c86beb1c-9105-4588-b1e8-133030361c51:c1888]
2019-07-12 12:28:15,037 INFO  client.GrpcClientProtocolClient (GrpcClientProtocolClient.java:onNext(255)) - client-D83FC23EEBD8->4c571e18-69a3-4a6d-81de-e3e48052df18: receive RaftClientReply:client-D83FC23EEBD8->4c571e18-69a3-4a6d-81de-e3e48052df18@group-644576B5741B, cid=1368, SUCCESS, logIndex=1892, commits[4c571e18-69a3-4a6d-81de-e3e48052df18:c1892, 15893972-388e-43c0-9d6c-ca4c76ac06da:c1888, c86beb1c-9105-4588-b1e8-133030361c51:c1888]
2019-07-12 12:28:15,047 INFO  client.GrpcClientProtocolClient (GrpcClientProtocolClient.java:onNext(255)) - client-D83FC23EEBD8->4c571e18-69a3-4a6d-81de-e3e48052df18: receive RaftClientReply:client-D83FC23EEBD8->4c571e18-69a3-4a6d-81de-e3e48052df18@group-644576B5741B, cid=1369, SUCCESS, logIndex=0, commits[4c571e18-69a3-4a6d-81de-e3e48052df18:c1892, 15893972-388e-43c0-9d6c-ca4c76ac06da:c1890, c86beb1c-9105-4588-b1e8-133030361c51:c1890]
2019-07-12 12:28:15,066 INFO  client.GrpcClientProtocolClient (GrpcClientProtocolClient.java:onNext(255)) - client-D83FC23EEBD8->4c571e18-69a3-4a6d-81de-e3e48052df18: receive RaftClientReply:client-D83FC23EEBD8->4c571e18-69a3-4a6d-81de-e3e48052df18@group-644576B5741B, cid=1370, SUCCESS, logIndex=1896, commits[4c571e18-69a3-4a6d-81de-e3e48052df18:c1897, 15893972-388e-43c0-9d6c-ca4c76ac06da:c1895, c86beb1c-9105-4588-b1e8-133030361c51:c1895]
2019-07-12 12:28:15,066 INFO  client.GrpcClientProtocolClient (GrpcClientProtocolClient.java:onNext(255)) - client-D83FC23EEBD8->4c571e18-69a3-4a6d-81de-e3e48052df18: receive RaftClientReply:client-D83FC23EEBD8->4c571e18-69a3-4a6d-81de-e3e48052df18@group-644576B5741B, cid=1371, SUCCESS, logIndex=1897, commits[4c571e18-69a3-4a6d-81de-e3e48052df18:c1897, 15893972-388e-43c0-9d6c-ca4c76ac06da:c1895, c86beb1c-9105-4588-b1e8-133030361c51:c1895]
2019-07-12 12:28:15,079 INFO  client.GrpcClientProtocolClient (GrpcClientProtocolClient.java:onNext(255)) - client-D83FC23EEBD8->4c571e18-69a3-4a6d-81de-e3e48052df18: receive RaftClientReply:client-D83FC23EEBD8->4c571e18-69a3-4a6d-81de-e3e48052df18@group-644576B5741B, cid=1372, SUCCESS, logIndex=1900, commits[4c571e18-69a3-4a6d-81de-e3e48052df18:c1901, 15893972-388e-43c0-9d6c-ca4c76ac06da:c1897, c86beb1c-9105-4588-b1e8-133030361c51:c1897]
2019-07-12 12:28:15,079 INFO  client.GrpcClientProtocolClient (GrpcClientProtocolClient.java:onNext(255)) - client-D83FC23EEBD8->4c571e18-69a3-4a6d-81de-e3e48052df18: receive RaftClientReply:client-D83FC23EEBD8->4c571e18-69a3-4a6d-81de-e3e48052df18@group-644576B5741B, cid=1373, SUCCESS, logIndex=1901, commits[4c571e18-69a3-4a6d-81de-e3e48052df18:c1901, 15893972-388e-43c0-9d6c-ca4c76ac06da:c1897, c86beb1c-9105-4588-b1e8-133030361c51:c1897]
2019-07-12 12:28:15,092 INFO  client.GrpcClientProtocolClient (GrpcClientProtocolClient.java:onNext(255)) - client-D83FC23EEBD8->4c571e18-69a3-4a6d-81de-e3e48052df18: receive RaftClientReply:client-D83FC23EEBD8->4c571e18-69a3-4a6d-81de-e3e48052df18@group-644576B5741B, cid=1374, SUCCESS, logIndex=0, commits[4c571e18-69a3-4a6d-81de-e3e48052df18:c1903, 15893972-388e-43c0-9d6c-ca4c76ac06da:c1901, c86beb1c-9105-4588-b1e8-133030361c51:c1901]
2019-07-12 12:28:15,113 INFO  client.GrpcClientProtocolClient (GrpcClientProtocolClient.java:onNext(255)) - client-D83FC23EEBD8->4c571e18-69a3-4a6d-81de-e3e48052df18: receive RaftClientReply:client-D83FC23EEBD8->4c571e18-69a3-4a6d-81de-e3e48052df18@group-644576B5741B, cid=1375, SUCCESS, logIndex=1904, commits[4c571e18-69a3-4a6d-81de-e3e48052df18:c1905, 15893972-388e-43c0-9d6c-ca4c76ac06da:c1903, c86beb1c-9105-4588-b1e8-133030361c51:c1903]
2019-07-12 12:28:15,114 INFO  client.GrpcClientProtocolClient (GrpcClientProtocolClient.java:onNext(255)) - client-D83FC23EEBD8->4c571e18-69a3-4a6d-81de-e3e48052df18: receive RaftClientReply:client-D83FC23EEBD8->4c571e18-69a3-4a6d-81de-e3e48052df18@group-644576B5741B, cid=1376, SUCCESS, logIndex=1905, commits[4c571e18-69a3-4a6d-81de-e3e48052df18:c1905, 15893972-388e-43c0-9d6c-ca4c76ac06da:c1903, c86beb1c-9105-4588-b1e8-133030361c51:c1903]
2019-07-12 12:28:15,114 INFO  client.GrpcClientProtocolClient (GrpcClientProtocolClient.java:onNext(255)) - client-D83FC23EEBD8->4c571e18-69a3-4a6d-81de-e3e48052df18: receive RaftClientReply:client-D83FC23EEBD8->4c571e18-69a3-4a6d-81de-e3e48052df18@group-644576B5741B, cid=1377, SUCCESS, logIndex=1906, commits[4c571e18-69a3-4a6d-81de-e3e48052df18:c1907, 15893972-388e-43c0-9d6c-ca4c76ac06da:c1903, c86beb1c-9105-4588-b1e8-133030361c51:c1903]
2019-07-12 12:28:15,115 INFO  client.GrpcClientProtocolClient (GrpcClientProtocolClient.java:onNext(255)) - client-D83FC23EEBD8->4c571e18-69a3-4a6d-81de-e3e48052df18: receive RaftClientReply:client-D83FC23EEBD8->4c571e18-69a3-4a6d-81de-e3e48052df18@group-644576B5741B, cid=1378, SUCCESS, logIndex=1907, commits[4c571e18-69a3-4a6d-81de-e3e48052df18:c1907, 15893972-388e-43c0-9d6c-ca4c76ac06da:c1903, c86beb1c-9105-4588-b1e8-133030361c51:c1903]
2019-07-12 12:28:15,116 INFO  client.GrpcClientProtocolClient (GrpcClientProtocolClient.java:onNext(255)) - client-D83FC23EEBD8->4c571e18-69a3-4a6d-81de-e3e48052df18: receive RaftClientReply:client-D83FC23EEBD8->4c571e18-69a3-4a6d-81de-e3e48052df18@group-644576B5741B, cid=1379, SUCCESS, logIndex=0, commits[4c571e18-69a3-4a6d-81de-e3e48052df18:c1909, 15893972-388e-43c0-9d6c-ca4c76ac06da:c1905, c86beb1c-9105-4588-b1e8-133030361c51:c1905]
2019-07-12 12:28:15,135 INFO  client.GrpcClientProtocolClient (GrpcClientProtocolClient.java:onNext(255)) - client-D83FC23EEBD8->4c571e18-69a3-4a6d-81de-e3e48052df18: receive RaftClientReply:client-D83FC23EEBD8->4c571e18-69a3-4a6d-81de-e3e48052df18@group-644576B5741B, cid=1380, SUCCESS, logIndex=1912, commits[4c571e18-69a3-4a6d-81de-e3e48052df18:c1913, 15893972-388e-43c0-9d6c-ca4c76ac06da:c1911, c86beb1c-9105-4588-b1e8-133030361c51:c1911]
2019-07-12 12:28:15,135 INFO  client.GrpcClientProtocolClient (GrpcClientProtocolClient.java:onNext(255)) - client-D83FC23EEBD8->4c571e18-69a3-4a6d-81de-e3e48052df18: receive RaftClientReply:client-D83FC23EEBD8->4c571e18-69a3-4a6d-81de-e3e48052df18@group-644576B5741B, cid=1381, SUCCESS, logIndex=1913, commits[4c571e18-69a3-4a6d-81de-e3e48052df18:c1913, 15893972-388e-43c0-9d6c-ca4c76ac06da:c1911, c86beb1c-9105-4588-b1e8-133030361c51:c1911]
2019-07-12 12:28:15,147 INFO  client.GrpcClientProtocolClient (GrpcClientProtocolClient.java:onNext(255)) - client-D83FC23EEBD8->4c571e18-69a3-4a6d-81de-e3e48052df18: receive RaftClientReply:client-D83FC23EEBD8->4c571e18-69a3-4a6d-81de-e3e48052df18@group-644576B5741B, cid=1382, SUCCESS, logIndex=1916, commits[4c571e18-69a3-4a6d-81de-e3e48052df18:c1917, 15893972-388e-43c0-9d6c-ca4c76ac06da:c1913, c86beb1c-9105-4588-b1e8-133030361c51:c1913]
2019-07-12 12:28:15,148 INFO  client.GrpcClientProtocolClient (GrpcClientProtocolClient.java:onNext(255)) - client-D83FC23EEBD8->4c571e18-69a3-4a6d-81de-e3e48052df18: receive RaftClientReply:client-D83FC23EEBD8->4c571e18-69a3-4a6d-81de-e3e48052df18@group-644576B5741B, cid=1383, SUCCESS, logIndex=1917, commits[4c571e18-69a3-4a6d-81de-e3e48052df18:c1917, 15893972-388e-43c0-9d6c-ca4c76ac06da:c1913, c86beb1c-9105-4588-b1e8-133030361c51:c1913]
2019-07-12 12:28:15,160 INFO  client.GrpcClientProtocolClient (GrpcClientProtocolClient.java:onNext(255)) - client-D83FC23EEBD8->4c571e18-69a3-4a6d-81de-e3e48052df18: receive RaftClientReply:client-D83FC23EEBD8->4c571e18-69a3-4a6d-81de-e3e48052df18@group-644576B5741B, cid=1384, SUCCESS, logIndex=0, commits[4c571e18-69a3-4a6d-81de-e3e48052df18:c1919, 15893972-388e-43c0-9d6c-ca4c76ac06da:c1917, c86beb1c-9105-4588-b1e8-133030361c51:c1917]
2019-07-12 12:28:15,187 INFO  client.GrpcClientProtocolClient (GrpcClientProtocolClient.java:onNext(255)) - client-D83FC23EEBD8->4c571e18-69a3-4a6d-81de-e3e48052df18: receive RaftClientReply:client-D83FC23EEBD8->4c571e18-69a3-4a6d-81de-e3e48052df18@group-644576B5741B, cid=1385, SUCCESS, logIndex=1920, commits[4c571e18-69a3-4a6d-81de-e3e48052df18:c1921, 15893972-388e-43c0-9d6c-ca4c76ac06da:c1919, c86beb1c-9105-4588-b1e8-133030361c51:c1919]
2019-07-12 12:28:15,188 INFO  client.GrpcClientProtocolClient (GrpcClientProtocolClient.java:onNext(255)) - client-D83FC23EEBD8->4c571e18-69a3-4a6d-81de-e3e48052df18: receive RaftClientReply:client-D83FC23EEBD8->4c571e18-69a3-4a6d-81de-e3e48052df18@group-644576B5741B, cid=1386, SUCCESS, logIndex=1921, commits[4c571e18-69a3-4a6d-81de-e3e48052df18:c1921, 15893972-388e-43c0-9d6c-ca4c76ac06da:c1919, c86beb1c-9105-4588-b1e8-133030361c51:c1919]
2019-07-12 12:28:15,188 INFO  client.GrpcClientProtocolClient (GrpcClientProtocolClient.java:onNext(255)) - client-D83FC23EEBD8->4c571e18-69a3-4a6d-81de-e3e48052df18: receive RaftClientReply:client-D83FC23EEBD8->4c571e18-69a3-4a6d-81de-e3e48052df18@group-644576B5741B, cid=1387, SUCCESS, logIndex=1922, commits[4c571e18-69a3-4a6d-81de-e3e48052df18:c1923, 15893972-388e-43c0-9d6c-ca4c76ac06da:c1919, c86beb1c-9105-4588-b1e8-133030361c51:c1919]
2019-07-12 12:28:15,188 INFO  client.GrpcClientProtocolClient (GrpcClientProtocolClient.java:onNext(255)) - client-D83FC23EEBD8->4c571e18-69a3-4a6d-81de-e3e48052df18: receive RaftClientReply:client-D83FC23EEBD8->4c571e18-69a3-4a6d-81de-e3e48052df18@group-644576B5741B, cid=1388, SUCCESS, logIndex=1923, commits[4c571e18-69a3-4a6d-81de-e3e48052df18:c1923, 15893972-388e-43c0-9d6c-ca4c76ac06da:c1919, c86beb1c-9105-4588-b1e8-133030361c51:c1919]
2019-07-12 12:28:15,190 INFO  client.GrpcClientProtocolClient (GrpcClientProtocolClient.java:onNext(255)) - client-D83FC23EEBD8->4c571e18-69a3-4a6d-81de-e3e48052df18: receive RaftClientReply:client-D83FC23EEBD8->4c571e18-69a3-4a6d-81de-e3e48052df18@group-644576B5741B, cid=1389, SUCCESS, logIndex=0, commits[4c571e18-69a3-4a6d-81de-e3e48052df18:c1925, 15893972-388e-43c0-9d6c-ca4c76ac06da:c1921, c86beb1c-9105-4588-b1e8-133030361c51:c1921]
2019-07-12 12:28:15,208 INFO  client.GrpcClientProtocolClient (GrpcClientProtocolClient.java:onNext(255)) - client-D83FC23EEBD8->4c571e18-69a3-4a6d-81de-e3e48052df18: receive RaftClientReply:client-D83FC23EEBD8->4c571e18-69a3-4a6d-81de-e3e48052df18@group-644576B5741B, cid=1390, SUCCESS, logIndex=1928, commits[4c571e18-69a3-4a6d-81de-e3e48052df18:c1929, 15893972-388e-43c0-9d6c-ca4c76ac06da:c1927, c86beb1c-9105-4588-b1e8-133030361c51:c1927]
2019-07-12 12:28:15,209 INFO  client.GrpcClientProtocolClient (GrpcClientProtocolClient.java:onNext(255)) - client-D83FC23EEBD8->4c571e18-69a3-4a6d-81de-e3e48052df18: receive RaftClientReply:client-D83FC23EEBD8->4c571e18-69a3-4a6d-81de-e3e48052df18@group-644576B5741B, cid=1391, SUCCESS, logIndex=1929, commits[4c571e18-69a3-4a6d-81de-e3e48052df18:c1929, 15893972-388e-43c0-9d6c-ca4c76ac06da:c1927, c86beb1c-9105-4588-b1e8-133030361c51:c1927]
2019-07-12 12:28:15,222 INFO  client.GrpcClientProtocolClient (GrpcClientProtocolClient.java:onNext(255)) - client-D83FC23EEBD8->4c571e18-69a3-4a6d-81de-e3e48052df18: receive RaftClientReply:client-D83FC23EEBD8->4c571e18-69a3-4a6d-81de-e3e48052df18@group-644576B5741B, cid=1392, SUCCESS, logIndex=1932, commits[4c571e18-69a3-4a6d-81de-e3e48052df18:c1933, 15893972-388e-43c0-9d6c-ca4c76ac06da:c1929, c86beb1c-9105-4588-b1e8-133030361c51:c1929]
2019-07-12 12:28:15,222 INFO  client.GrpcClientProtocolClient (GrpcClientProtocolClient.java:onNext(255)) - client-D83FC23EEBD8->4c571e18-69a3-4a6d-81de-e3e48052df18: receive RaftClientReply:client-D83FC23EEBD8->4c571e18-69a3-4a6d-81de-e3e48052df18@group-644576B5741B, cid=1393, SUCCESS, logIndex=1933, commits[4c571e18-69a3-4a6d-81de-e3e48052df18:c1933, 15893972-388e-43c0-9d6c-ca4c76ac06da:c1929, c86beb1c-9105-4588-b1e8-133030361c51:c1929]
2019-07-12 12:28:15,234 INFO  client.GrpcClientProtocolClient (GrpcClientProtocolClient.java:onNext(255)) - client-D83FC23EEBD8->4c571e18-69a3-4a6d-81de-e3e48052df18: receive RaftClientReply:client-D83FC23EEBD8->4c571e18-69a3-4a6d-81de-e3e48052df18@group-644576B5741B, cid=1394, SUCCESS, logIndex=0, commits[4c571e18-69a3-4a6d-81de-e3e48052df18:c1935, 15893972-388e-43c0-9d6c-ca4c76ac06da:c1933, c86beb1c-9105-4588-b1e8-133030361c51:c1933]
 0.00% |█                                                                                                    |  0/1 Time: 0:00:072019-07-12 12:28:15,259 INFO  client.GrpcClientProtocolClient (GrpcClientProtocolClient.java:onNext(255)) - client-D83FC23EEBD8->4c571e18-69a3-4a6d-81de-e3e48052df18: receive RaftClientReply:client-D83FC23EEBD8->4c571e18-69a3-4a6d-81de-e3e48052df18@group-644576B5741B, cid=1395, SUCCESS, logIndex=1936, commits[4c571e18-69a3-4a6d-81de-e3e48052df18:c1938, 15893972-388e-43c0-9d6c-ca4c76ac06da:c1935, c86beb1c-9105-4588-b1e8-133030361c51:c1935]
2019-07-12 12:28:15,260 INFO  client.GrpcClientProtocolClient (GrpcClientProtocolClient.java:onNext(255)) - client-D83FC23EEBD8->4c571e18-69a3-4a6d-81de-e3e48052df18: receive RaftClientReply:client-D83FC23EEBD8->4c571e18-69a3-4a6d-81de-e3e48052df18@group-644576B5741B, cid=1396, SUCCESS, logIndex=1937, commits[4c571e18-69a3-4a6d-81de-e3e48052df18:c1939, 15893972-388e-43c0-9d6c-ca4c76ac06da:c1935, c86beb1c-9105-4588-b1e8-133030361c51:c1935]
2019-07-12 12:28:15,260 INFO  client.GrpcClientProtocolClient (GrpcClientProtocolClient.java:onNext(255)) - client-D83FC23EEBD8->4c571e18-69a3-4a6d-81de-e3e48052df18: receive RaftClientReply:client-D83FC23EEBD8->4c571e18-69a3-4a6d-81de-e3e48052df18@group-644576B5741B, cid=1397, SUCCESS, logIndex=1938, commits[4c571e18-69a3-4a6d-81de-e3e48052df18:c1939, 15893972-388e-43c0-9d6c-ca4c76ac06da:c1935, c86beb1c-9105-4588-b1e8-133030361c51:c1935]
2019-07-12 12:28:15,260 INFO  client.GrpcClientProtocolClient (GrpcClientProtocolClient.java:onNext(255)) - client-D83FC23EEBD8->4c571e18-69a3-4a6d-81de-e3e48052df18: receive RaftClientReply:client-D83FC23EEBD8->4c571e18-69a3-4a6d-81de-e3e48052df18@group-644576B5741B, cid=1398, SUCCESS, logIndex=1939, commits[4c571e18-69a3-4a6d-81de-e3e48052df18:c1939, 15893972-388e-43c0-9d6c-ca4c76ac06da:c1935, c86beb1c-9105-4588-b1e8-133030361c51:c1935]
2019-07-12 12:28:15,262 INFO  client.GrpcClientProtocolClient (GrpcClientProtocolClient.java:onNext(255)) - client-D83FC23EEBD8->4c571e18-69a3-4a6d-81de-e3e48052df18: receive RaftClientReply:client-D83FC23EEBD8->4c571e18-69a3-4a6d-81de-e3e48052df18@group-644576B5741B, cid=1399, SUCCESS, logIndex=0, commits[4c571e18-69a3-4a6d-81de-e3e48052df18:c1942, 15893972-388e-43c0-9d6c-ca4c76ac06da:c1938, c86beb1c-9105-4588-b1e8-133030361c51:c1937]
2019-07-12 12:28:15,282 INFO  client.GrpcClientProtocolClient (GrpcClientProtocolClient.java:onNext(255)) - client-D83FC23EEBD8->4c571e18-69a3-4a6d-81de-e3e48052df18: receive RaftClientReply:client-D83FC23EEBD8->4c571e18-69a3-4a6d-81de-e3e48052df18@group-644576B5741B, cid=1400, SUCCESS, logIndex=1944, commits[4c571e18-69a3-4a6d-81de-e3e48052df18:c1945, 15893972-388e-43c0-9d6c-ca4c76ac06da:c1943, c86beb1c-9105-4588-b1e8-133030361c51:c1943]
2019-07-12 12:28:15,282 INFO  client.GrpcClientProtocolClient (GrpcClientProtocolClient.java:onNext(255)) - client-D83FC23EEBD8->4c571e18-69a3-4a6d-81de-e3e48052df18: receive RaftClientReply:client-D83FC23EEBD8->4c571e18-69a3-4a6d-81de-e3e48052df18@group-644576B5741B, cid=1401, SUCCESS, logIndex=1945, commits[4c571e18-69a3-4a6d-81de-e3e48052df18:c1945, 15893972-388e-43c0-9d6c-ca4c76ac06da:c1943, c86beb1c-9105-4588-b1e8-133030361c51:c1943]
2019-07-12 12:28:15,295 INFO  client.GrpcClientProtocolClient (GrpcClientProtocolClient.java:onNext(255)) - client-D83FC23EEBD8->4c571e18-69a3-4a6d-81de-e3e48052df18: receive RaftClientReply:client-D83FC23EEBD8->4c571e18-69a3-4a6d-81de-e3e48052df18@group-644576B5741B, cid=1402, SUCCESS, logIndex=1948, commits[4c571e18-69a3-4a6d-81de-e3e48052df18:c1949, 15893972-388e-43c0-9d6c-ca4c76ac06da:c1947, c86beb1c-9105-4588-b1e8-133030361c51:c1947]
2019-07-12 12:28:15,296 INFO  client.GrpcClientProtocolClient (GrpcClientProtocolClient.java:onNext(255)) - client-D83FC23EEBD8->4c571e18-69a3-4a6d-81de-e3e48052df18: receive RaftClientReply:client-D83FC23EEBD8->4c571e18-69a3-4a6d-81de-e3e48052df18@group-644576B5741B, cid=1403, SUCCESS, logIndex=1949, commits[4c571e18-69a3-4a6d-81de-e3e48052df18:c1949, 15893972-388e-43c0-9d6c-ca4c76ac06da:c1947, c86beb1c-9105-4588-b1e8-133030361c51:c1947]
2019-07-12 12:28:15,297 INFO  client.GrpcClientProtocolClient (GrpcClientProtocolClient.java:onNext(255)) - client-D83FC23EEBD8->4c571e18-69a3-4a6d-81de-e3e48052df18: receive RaftClientReply:client-D83FC23EEBD8->4c571e18-69a3-4a6d-81de-e3e48052df18@group-644576B5741B, cid=1404, SUCCESS, logIndex=0, commits[4c571e18-69a3-4a6d-81de-e3e48052df18:c1950, 15893972-388e-43c0-9d6c-ca4c76ac06da:c1949, c86beb1c-9105-4588-b1e8-133030361c51:c1949]
2019-07-12 12:28:15,327 INFO  client.GrpcClientProtocolClient (GrpcClientProtocolClient.java:onNext(255)) - client-D83FC23EEBD8->4c571e18-69a3-4a6d-81de-e3e48052df18: receive RaftClientReply:client-D83FC23EEBD8->4c571e18-69a3-4a6d-81de-e3e48052df18@group-644576B5741B, cid=1405, SUCCESS, logIndex=1952, commits[4c571e18-69a3-4a6d-81de-e3e48052df18:c1955, 15893972-388e-43c0-9d6c-ca4c76ac06da:c1951, c86beb1c-9105-4588-b1e8-133030361c51:c1951]
2019-07-12 12:28:15,328 INFO  client.GrpcClientProtocolClient (GrpcClientProtocolClient.java:onNext(255)) - client-D83FC23EEBD8->4c571e18-69a3-4a6d-81de-e3e48052df18: receive RaftClientReply:client-D83FC23EEBD8->4c571e18-69a3-4a6d-81de-e3e48052df18@group-644576B5741B, cid=1406, SUCCESS, logIndex=1953, commits[4c571e18-69a3-4a6d-81de-e3e48052df18:c1955, 15893972-388e-43c0-9d6c-ca4c76ac06da:c1951, c86beb1c-9105-4588-b1e8-133030361c51:c1951]
2019-07-12 12:28:15,328 INFO  client.GrpcClientProtocolClient (GrpcClientProtocolClient.java:onNext(255)) - client-D83FC23EEBD8->4c571e18-69a3-4a6d-81de-e3e48052df18: receive RaftClientReply:client-D83FC23EEBD8->4c571e18-69a3-4a6d-81de-e3e48052df18@group-644576B5741B, cid=1407, SUCCESS, logIndex=1954, commits[4c571e18-69a3-4a6d-81de-e3e48052df18:c1955, 15893972-388e-43c0-9d6c-ca4c76ac06da:c1951, c86beb1c-9105-4588-b1e8-133030361c51:c1951]
2019-07-12 12:28:15,328 INFO  client.GrpcClientProtocolClient (GrpcClientProtocolClient.java:onNext(255)) - client-D83FC23EEBD8->4c571e18-69a3-4a6d-81de-e3e48052df18: receive RaftClientReply:client-D83FC23EEBD8->4c571e18-69a3-4a6d-81de-e3e48052df18@group-644576B5741B, cid=1408, SUCCESS, logIndex=1955, commits[4c571e18-69a3-4a6d-81de-e3e48052df18:c1955, 15893972-388e-43c0-9d6c-ca4c76ac06da:c1951, c86beb1c-9105-4588-b1e8-133030361c51:c1951]
2019-07-12 12:28:15,338 INFO  client.GrpcClientProtocolClient (GrpcClientProtocolClient.java:onNext(255)) - client-D83FC23EEBD8->4c571e18-69a3-4a6d-81de-e3e48052df18: receive RaftClientReply:client-D83FC23EEBD8->4c571e18-69a3-4a6d-81de-e3e48052df18@group-644576B5741B, cid=1409, SUCCESS, logIndex=0, commits[4c571e18-69a3-4a6d-81de-e3e48052df18:c1956, 15893972-388e-43c0-9d6c-ca4c76ac06da:c1953, c86beb1c-9105-4588-b1e8-133030361c51:c1953]
2019-07-12 12:28:15,367 INFO  client.GrpcClientProtocolClient (GrpcClientProtocolClient.java:onNext(255)) - client-D83FC23EEBD8->4c571e18-69a3-4a6d-81de-e3e48052df18: receive RaftClientReply:client-D83FC23EEBD8->4c571e18-69a3-4a6d-81de-e3e48052df18@group-644576B5741B, cid=1410, SUCCESS, logIndex=1960, commits[4c571e18-69a3-4a6d-81de-e3e48052df18:c1961, 15893972-388e-43c0-9d6c-ca4c76ac06da:c1959, c86beb1c-9105-4588-b1e8-133030361c51:c1959]
2019-07-12 12:28:15,367 INFO  client.GrpcClientProtocolClient (GrpcClientProtocolClient.java:onNext(255)) - client-D83FC23EEBD8->4c571e18-69a3-4a6d-81de-e3e48052df18: receive RaftClientReply:client-D83FC23EEBD8->4c571e18-69a3-4a6d-81de-e3e48052df18@group-644576B5741B, cid=1411, SUCCESS, logIndex=1961, commits[4c571e18-69a3-4a6d-81de-e3e48052df18:c1961, 15893972-388e-43c0-9d6c-ca4c76ac06da:c1959, c86beb1c-9105-4588-b1e8-133030361c51:c1959]
2019-07-12 12:28:15,384 INFO  client.GrpcClientProtocolClient (GrpcClientProtocolClient.java:onNext(255)) - client-D83FC23EEBD8->4c571e18-69a3-4a6d-81de-e3e48052df18: receive RaftClientReply:client-D83FC23EEBD8->4c571e18-69a3-4a6d-81de-e3e48052df18@group-644576B5741B, cid=1412, SUCCESS, logIndex=1964, commits[4c571e18-69a3-4a6d-81de-e3e48052df18:c1965, 15893972-388e-43c0-9d6c-ca4c76ac06da:c1963, c86beb1c-9105-4588-b1e8-133030361c51:c1963]
2019-07-12 12:28:15,385 INFO  client.GrpcClientProtocolClient (GrpcClientProtocolClient.java:onNext(255)) - client-D83FC23EEBD8->4c571e18-69a3-4a6d-81de-e3e48052df18: receive RaftClientReply:client-D83FC23EEBD8->4c571e18-69a3-4a6d-81de-e3e48052df18@group-644576B5741B, cid=1413, SUCCESS, logIndex=1965, commits[4c571e18-69a3-4a6d-81de-e3e48052df18:c1965, 15893972-388e-43c0-9d6c-ca4c76ac06da:c1963, c86beb1c-9105-4588-b1e8-133030361c51:c1963]
2019-07-12 12:28:15,396 INFO  client.GrpcClientProtocolClient (GrpcClientProtocolClient.java:onNext(255)) - client-D83FC23EEBD8->4c571e18-69a3-4a6d-81de-e3e48052df18: receive RaftClientReply:client-D83FC23EEBD8->4c571e18-69a3-4a6d-81de-e3e48052df18@group-644576B5741B, cid=1414, SUCCESS, logIndex=0, commits[4c571e18-69a3-4a6d-81de-e3e48052df18:c1965, 15893972-388e-43c0-9d6c-ca4c76ac06da:c1965, c86beb1c-9105-4588-b1e8-133030361c51:c1965]
2019-07-12 12:28:15,420 INFO  client.GrpcClientProtocolClient (GrpcClientProtocolClient.java:onNext(255)) - client-D83FC23EEBD8->4c571e18-69a3-4a6d-81de-e3e48052df18: receive RaftClientReply:client-D83FC23EEBD8->4c571e18-69a3-4a6d-81de-e3e48052df18@group-644576B5741B, cid=1415, SUCCESS, logIndex=1968, commits[4c571e18-69a3-4a6d-81de-e3e48052df18:c1971, 15893972-388e-43c0-9d6c-ca4c76ac06da:c1967, c86beb1c-9105-4588-b1e8-133030361c51:c1967]
2019-07-12 12:28:15,420 INFO  client.GrpcClientProtocolClient (GrpcClientProtocolClient.java:onNext(255)) - client-D83FC23EEBD8->4c571e18-69a3-4a6d-81de-e3e48052df18: receive RaftClientReply:client-D83FC23EEBD8->4c571e18-69a3-4a6d-81de-e3e48052df18@group-644576B5741B, cid=1416, SUCCESS, logIndex=1969, commits[4c571e18-69a3-4a6d-81de-e3e48052df18:c1971, 15893972-388e-43c0-9d6c-ca4c76ac06da:c1967, c86beb1c-9105-4588-b1e8-133030361c51:c1967]
2019-07-12 12:28:15,421 INFO  client.GrpcClientProtocolClient (GrpcClientProtocolClient.java:onNext(255)) - client-D83FC23EEBD8->4c571e18-69a3-4a6d-81de-e3e48052df18: receive RaftClientReply:client-D83FC23EEBD8->4c571e18-69a3-4a6d-81de-e3e48052df18@group-644576B5741B, cid=1417, SUCCESS, logIndex=1970, commits[4c571e18-69a3-4a6d-81de-e3e48052df18:c1971, 15893972-388e-43c0-9d6c-ca4c76ac06da:c1967, c86beb1c-9105-4588-b1e8-133030361c51:c1967]
2019-07-12 12:28:15,421 INFO  client.GrpcClientProtocolClient (GrpcClientProtocolClient.java:onNext(255)) - client-D83FC23EEBD8->4c571e18-69a3-4a6d-81de-e3e48052df18: receive RaftClientReply:client-D83FC23EEBD8->4c571e18-69a3-4a6d-81de-e3e48052df18@group-644576B5741B, cid=1418, SUCCESS, logIndex=1971, commits[4c571e18-69a3-4a6d-81de-e3e48052df18:c1971, 15893972-388e-43c0-9d6c-ca4c76ac06da:c1967, c86beb1c-9105-4588-b1e8-133030361c51:c1967]
2019-07-12 12:28:15,422 INFO  client.GrpcClientProtocolClient (GrpcClientProtocolClient.java:onNext(255)) - client-D83FC23EEBD8->4c571e18-69a3-4a6d-81de-e3e48052df18: receive RaftClientReply:client-D83FC23EEBD8->4c571e18-69a3-4a6d-81de-e3e48052df18@group-644576B5741B, cid=1419, SUCCESS, logIndex=0, commits[4c571e18-69a3-4a6d-81de-e3e48052df18:c1972, 15893972-388e-43c0-9d6c-ca4c76ac06da:c1969, c86beb1c-9105-4588-b1e8-133030361c51:c1969]
2019-07-12 12:28:15,441 INFO  client.GrpcClientProtocolClient (GrpcClientProtocolClient.java:onNext(255)) - client-D83FC23EEBD8->4c571e18-69a3-4a6d-81de-e3e48052df18: receive RaftClientReply:client-D83FC23EEBD8->4c571e18-69a3-4a6d-81de-e3e48052df18@group-644576B5741B, cid=1420, SUCCESS, logIndex=1976, commits[4c571e18-69a3-4a6d-81de-e3e48052df18:c1977, 15893972-388e-43c0-9d6c-ca4c76ac06da:c1975, c86beb1c-9105-4588-b1e8-133030361c51:c1975]
2019-07-12 12:28:15,441 INFO  client.GrpcClientProtocolClient (GrpcClientProtocolClient.java:onNext(255)) - client-D83FC23EEBD8->4c571e18-69a3-4a6d-81de-e3e48052df18: receive RaftClientReply:client-D83FC23EEBD8->4c571e18-69a3-4a6d-81de-e3e48052df18@group-644576B5741B, cid=1421, SUCCESS, logIndex=1977, commits[4c571e18-69a3-4a6d-81de-e3e48052df18:c1977, 15893972-388e-43c0-9d6c-ca4c76ac06da:c1975, c86beb1c-9105-4588-b1e8-133030361c51:c1975]
2019-07-12 12:28:15,455 INFO  client.GrpcClientProtocolClient (GrpcClientProtocolClient.java:onNext(255)) - client-D83FC23EEBD8->4c571e18-69a3-4a6d-81de-e3e48052df18: receive RaftClientReply:client-D83FC23EEBD8->4c571e18-69a3-4a6d-81de-e3e48052df18@group-644576B5741B, cid=1422, SUCCESS, logIndex=1980, commits[4c571e18-69a3-4a6d-81de-e3e48052df18:c1980, 15893972-388e-43c0-9d6c-ca4c76ac06da:c1977, c86beb1c-9105-4588-b1e8-133030361c51:c1977]
2019-07-12 12:28:15,456 INFO  client.GrpcClientProtocolClient (GrpcClientProtocolClient.java:onNext(255)) - client-D83FC23EEBD8->4c571e18-69a3-4a6d-81de-e3e48052df18: receive RaftClientReply:client-D83FC23EEBD8->4c571e18-69a3-4a6d-81de-e3e48052df18@group-644576B5741B, cid=1423, SUCCESS, logIndex=1981, commits[4c571e18-69a3-4a6d-81de-e3e48052df18:c1981, 15893972-388e-43c0-9d6c-ca4c76ac06da:c1977, c86beb1c-9105-4588-b1e8-133030361c51:c1977]
2019-07-12 12:28:15,457 INFO  client.GrpcClientProtocolClient (GrpcClientProtocolClient.java:onNext(255)) - client-D83FC23EEBD8->4c571e18-69a3-4a6d-81de-e3e48052df18: receive RaftClientReply:client-D83FC23EEBD8->4c571e18-69a3-4a6d-81de-e3e48052df18@group-644576B5741B, cid=1424, SUCCESS, logIndex=0, commits[4c571e18-69a3-4a6d-81de-e3e48052df18:c1983, 15893972-388e-43c0-9d6c-ca4c76ac06da:c1981, c86beb1c-9105-4588-b1e8-133030361c51:c1981]
2019-07-12 12:28:15,484 INFO  client.GrpcClientProtocolClient (GrpcClientProtocolClient.java:onNext(255)) - client-D83FC23EEBD8->4c571e18-69a3-4a6d-81de-e3e48052df18: receive RaftClientReply:client-D83FC23EEBD8->4c571e18-69a3-4a6d-81de-e3e48052df18@group-644576B5741B, cid=1425, SUCCESS, logIndex=1984, commits[4c571e18-69a3-4a6d-81de-e3e48052df18:c1987, 15893972-388e-43c0-9d6c-ca4c76ac06da:c1983, c86beb1c-9105-4588-b1e8-133030361c51:c1983]
2019-07-12 12:28:15,485 INFO  client.GrpcClientProtocolClient (GrpcClientProtocolClient.java:onNext(255)) - client-D83FC23EEBD8->4c571e18-69a3-4a6d-81de-e3e48052df18: receive RaftClientReply:client-D83FC23EEBD8->4c571e18-69a3-4a6d-81de-e3e48052df18@group-644576B5741B, cid=1426, SUCCESS, logIndex=1985, commits[4c571e18-69a3-4a6d-81de-e3e48052df18:c1987, 15893972-388e-43c0-9d6c-ca4c76ac06da:c1983, c86beb1c-9105-4588-b1e8-133030361c51:c1983]
2019-07-12 12:28:15,485 INFO  client.GrpcClientProtocolClient (GrpcClientProtocolClient.java:onNext(255)) - client-D83FC23EEBD8->4c571e18-69a3-4a6d-81de-e3e48052df18: receive RaftClientReply:client-D83FC23EEBD8->4c571e18-69a3-4a6d-81de-e3e48052df18@group-644576B5741B, cid=1427, SUCCESS, logIndex=1986, commits[4c571e18-69a3-4a6d-81de-e3e48052df18:c1987, 15893972-388e-43c0-9d6c-ca4c76ac06da:c1983, c86beb1c-9105-4588-b1e8-133030361c51:c1983]
2019-07-12 12:28:15,485 INFO  client.GrpcClientProtocolClient (GrpcClientProtocolClient.java:onNext(255)) - client-D83FC23EEBD8->4c571e18-69a3-4a6d-81de-e3e48052df18: receive RaftClientReply:client-D83FC23EEBD8->4c571e18-69a3-4a6d-81de-e3e48052df18@group-644576B5741B, cid=1428, SUCCESS, logIndex=1987, commits[4c571e18-69a3-4a6d-81de-e3e48052df18:c1987, 15893972-388e-43c0-9d6c-ca4c76ac06da:c1983, c86beb1c-9105-4588-b1e8-133030361c51:c1983]
2019-07-12 12:28:15,486 INFO  client.GrpcClientProtocolClient (GrpcClientProtocolClient.java:onNext(255)) - client-D83FC23EEBD8->4c571e18-69a3-4a6d-81de-e3e48052df18: receive RaftClientReply:client-D83FC23EEBD8->4c571e18-69a3-4a6d-81de-e3e48052df18@group-644576B5741B, cid=1429, SUCCESS, logIndex=0, commits[4c571e18-69a3-4a6d-81de-e3e48052df18:c1988, 15893972-388e-43c0-9d6c-ca4c76ac06da:c1985, c86beb1c-9105-4588-b1e8-133030361c51:c1985]
2019-07-12 12:28:15,506 INFO  client.GrpcClientProtocolClient (GrpcClientProtocolClient.java:onNext(255)) - client-D83FC23EEBD8->4c571e18-69a3-4a6d-81de-e3e48052df18: receive RaftClientReply:client-D83FC23EEBD8->4c571e18-69a3-4a6d-81de-e3e48052df18@group-644576B5741B, cid=1430, SUCCESS, logIndex=1992, commits[4c571e18-69a3-4a6d-81de-e3e48052df18:c1993, 15893972-388e-43c0-9d6c-ca4c76ac06da:c1991, c86beb1c-9105-4588-b1e8-133030361c51:c1991]
2019-07-12 12:28:15,506 INFO  client.GrpcClientProtocolClient (GrpcClientProtocolClient.java:onNext(255)) - client-D83FC23EEBD8->4c571e18-69a3-4a6d-81de-e3e48052df18: receive RaftClientReply:client-D83FC23EEBD8->4c571e18-69a3-4a6d-81de-e3e48052df18@group-644576B5741B, cid=1431, SUCCESS, logIndex=1993, commits[4c571e18-69a3-4a6d-81de-e3e48052df18:c1993, 15893972-388e-43c0-9d6c-ca4c76ac06da:c1991, c86beb1c-9105-4588-b1e8-133030361c51:c1991]
2019-07-12 12:28:15,519 INFO  client.GrpcClientProtocolClient (GrpcClientProtocolClient.java:onNext(255)) - client-D83FC23EEBD8->4c571e18-69a3-4a6d-81de-e3e48052df18: receive RaftClientReply:client-D83FC23EEBD8->4c571e18-69a3-4a6d-81de-e3e48052df18@group-644576B5741B, cid=1432, SUCCESS, logIndex=1996, commits[4c571e18-69a3-4a6d-81de-e3e48052df18:c1996, 15893972-388e-43c0-9d6c-ca4c76ac06da:c1993, c86beb1c-9105-4588-b1e8-133030361c51:c1993]
2019-07-12 12:28:15,519 INFO  client.GrpcClientProtocolClient (GrpcClientProtocolClient.java:onNext(255)) - client-D83FC23EEBD8->4c571e18-69a3-4a6d-81de-e3e48052df18: receive RaftClientReply:client-D83FC23EEBD8->4c571e18-69a3-4a6d-81de-e3e48052df18@group-644576B5741B, cid=1433, SUCCESS, logIndex=1997, commits[4c571e18-69a3-4a6d-81de-e3e48052df18:c1997, 15893972-388e-43c0-9d6c-ca4c76ac06da:c1993, c86beb1c-9105-4588-b1e8-133030361c51:c1993]
2019-07-12 12:28:15,531 INFO  client.GrpcClientProtocolClient (GrpcClientProtocolClient.java:onNext(255)) - client-D83FC23EEBD8->4c571e18-69a3-4a6d-81de-e3e48052df18: receive RaftClientReply:client-D83FC23EEBD8->4c571e18-69a3-4a6d-81de-e3e48052df18@group-644576B5741B, cid=1434, SUCCESS, logIndex=0, commits[4c571e18-69a3-4a6d-81de-e3e48052df18:c1999, 15893972-388e-43c0-9d6c-ca4c76ac06da:c1997, c86beb1c-9105-4588-b1e8-133030361c51:c1997]
2019-07-12 12:28:15,630 INFO  client.GrpcClientProtocolClient (GrpcClientProtocolClient.java:onNext(255)) - client-D83FC23EEBD8->4c571e18-69a3-4a6d-81de-e3e48052df18: receive RaftClientReply:client-D83FC23EEBD8->4c571e18-69a3-4a6d-81de-e3e48052df18@group-644576B5741B, cid=1435, SUCCESS, logIndex=2000, commits[4c571e18-69a3-4a6d-81de-e3e48052df18:c2001, 15893972-388e-43c0-9d6c-ca4c76ac06da:c1999, c86beb1c-9105-4588-b1e8-133030361c51:c1999]
2019-07-12 12:28:15,631 INFO  client.GrpcClientProtocolClient (GrpcClientProtocolClient.java:onNext(255)) - client-D83FC23EEBD8->4c571e18-69a3-4a6d-81de-e3e48052df18: receive RaftClientReply:client-D83FC23EEBD8->4c571e18-69a3-4a6d-81de-e3e48052df18@group-644576B5741B, cid=1436, SUCCESS, logIndex=2001, commits[4c571e18-69a3-4a6d-81de-e3e48052df18:c2001, 15893972-388e-43c0-9d6c-ca4c76ac06da:c1999, c86beb1c-9105-4588-b1e8-133030361c51:c1999]
2019-07-12 12:28:15,631 INFO  client.GrpcClientProtocolClient (GrpcClientProtocolClient.java:onNext(255)) - client-D83FC23EEBD8->4c571e18-69a3-4a6d-81de-e3e48052df18: receive RaftClientReply:client-D83FC23EEBD8->4c571e18-69a3-4a6d-81de-e3e48052df18@group-644576B5741B, cid=1437, SUCCESS, logIndex=2002, commits[4c571e18-69a3-4a6d-81de-e3e48052df18:c2003, 15893972-388e-43c0-9d6c-ca4c76ac06da:c1999, c86beb1c-9105-4588-b1e8-133030361c51:c1999]
2019-07-12 12:28:15,631 INFO  client.GrpcClientProtocolClient (GrpcClientProtocolClient.java:onNext(255)) - client-D83FC23EEBD8->4c571e18-69a3-4a6d-81de-e3e48052df18: receive RaftClientReply:client-D83FC23EEBD8->4c571e18-69a3-4a6d-81de-e3e48052df18@group-644576B5741B, cid=1438, SUCCESS, logIndex=2003, commits[4c571e18-69a3-4a6d-81de-e3e48052df18:c2003, 15893972-388e-43c0-9d6c-ca4c76ac06da:c1999, c86beb1c-9105-4588-b1e8-133030361c51:c1999]
2019-07-12 12:28:15,633 INFO  client.GrpcClientProtocolClient (GrpcClientProtocolClient.java:onNext(255)) - client-D83FC23EEBD8->4c571e18-69a3-4a6d-81de-e3e48052df18: receive RaftClientReply:client-D83FC23EEBD8->4c571e18-69a3-4a6d-81de-e3e48052df18@group-644576B5741B, cid=1439, SUCCESS, logIndex=0, commits[4c571e18-69a3-4a6d-81de-e3e48052df18:c2005, 15893972-388e-43c0-9d6c-ca4c76ac06da:c2001, c86beb1c-9105-4588-b1e8-133030361c51:c2001]
2019-07-12 12:28:15,659 INFO  client.GrpcClientProtocolClient (GrpcClientProtocolClient.java:onNext(255)) - client-D83FC23EEBD8->4c571e18-69a3-4a6d-81de-e3e48052df18: receive RaftClientReply:client-D83FC23EEBD8->4c571e18-69a3-4a6d-81de-e3e48052df18@group-644576B5741B, cid=1440, SUCCESS, logIndex=2008, commits[4c571e18-69a3-4a6d-81de-e3e48052df18:c2009, 15893972-388e-43c0-9d6c-ca4c76ac06da:c2007, c86beb1c-9105-4588-b1e8-133030361c51:c2007]
2019-07-12 12:28:15,660 INFO  client.GrpcClientProtocolClient (GrpcClientProtocolClient.java:onNext(255)) - client-D83FC23EEBD8->4c571e18-69a3-4a6d-81de-e3e48052df18: receive RaftClientReply:client-D83FC23EEBD8->4c571e18-69a3-4a6d-81de-e3e48052df18@group-644576B5741B, cid=1441, SUCCESS, logIndex=2009, commits[4c571e18-69a3-4a6d-81de-e3e48052df18:c2009, 15893972-388e-43c0-9d6c-ca4c76ac06da:c2007, c86beb1c-9105-4588-b1e8-133030361c51:c2007]
2019-07-12 12:28:15,673 INFO  client.GrpcClientProtocolClient (GrpcClientProtocolClient.java:onNext(255)) - client-D83FC23EEBD8->4c571e18-69a3-4a6d-81de-e3e48052df18: receive RaftClientReply:client-D83FC23EEBD8->4c571e18-69a3-4a6d-81de-e3e48052df18@group-644576B5741B, cid=1442, SUCCESS, logIndex=2012, commits[4c571e18-69a3-4a6d-81de-e3e48052df18:c2013, 15893972-388e-43c0-9d6c-ca4c76ac06da:c2009, c86beb1c-9105-4588-b1e8-133030361c51:c2009]
2019-07-12 12:28:15,673 INFO  client.GrpcClientProtocolClient (GrpcClientProtocolClient.java:onNext(255)) - client-D83FC23EEBD8->4c571e18-69a3-4a6d-81de-e3e48052df18: receive RaftClientReply:client-D83FC23EEBD8->4c571e18-69a3-4a6d-81de-e3e48052df18@group-644576B5741B, cid=1443, SUCCESS, logIndex=2013, commits[4c571e18-69a3-4a6d-81de-e3e48052df18:c2013, 15893972-388e-43c0-9d6c-ca4c76ac06da:c2009, c86beb1c-9105-4588-b1e8-133030361c51:c2009]
2019-07-12 12:28:15,694 INFO  client.GrpcClientProtocolClient (GrpcClientProtocolClient.java:onNext(255)) - client-D83FC23EEBD8->4c571e18-69a3-4a6d-81de-e3e48052df18: receive RaftClientReply:client-D83FC23EEBD8->4c571e18-69a3-4a6d-81de-e3e48052df18@group-644576B5741B, cid=1444, SUCCESS, logIndex=0, commits[4c571e18-69a3-4a6d-81de-e3e48052df18:c2015, 15893972-388e-43c0-9d6c-ca4c76ac06da:c2013, c86beb1c-9105-4588-b1e8-133030361c51:c2013]
2019-07-12 12:28:15,717 INFO  client.GrpcClientProtocolClient (GrpcClientProtocolClient.java:onNext(255)) - client-D83FC23EEBD8->4c571e18-69a3-4a6d-81de-e3e48052df18: receive RaftClientReply:client-D83FC23EEBD8->4c571e18-69a3-4a6d-81de-e3e48052df18@group-644576B5741B, cid=1445, SUCCESS, logIndex=2016, commits[4c571e18-69a3-4a6d-81de-e3e48052df18:c2017, 15893972-388e-43c0-9d6c-ca4c76ac06da:c2015, c86beb1c-9105-4588-b1e8-133030361c51:c2015]
2019-07-12 12:28:15,718 INFO  client.GrpcClientProtocolClient (GrpcClientProtocolClient.java:onNext(255)) - client-D83FC23EEBD8->4c571e18-69a3-4a6d-81de-e3e48052df18: receive RaftClientReply:client-D83FC23EEBD8->4c571e18-69a3-4a6d-81de-e3e48052df18@group-644576B5741B, cid=1446, SUCCESS, logIndex=2017, commits[4c571e18-69a3-4a6d-81de-e3e48052df18:c2017, 15893972-388e-43c0-9d6c-ca4c76ac06da:c2015, c86beb1c-9105-4588-b1e8-133030361c51:c2015]
2019-07-12 12:28:15,718 INFO  client.GrpcClientProtocolClient (GrpcClientProtocolClient.java:onNext(255)) - client-D83FC23EEBD8->4c571e18-69a3-4a6d-81de-e3e48052df18: receive RaftClientReply:client-D83FC23EEBD8->4c571e18-69a3-4a6d-81de-e3e48052df18@group-644576B5741B, cid=1447, SUCCESS, logIndex=2018, commits[4c571e18-69a3-4a6d-81de-e3e48052df18:c2018, 15893972-388e-43c0-9d6c-ca4c76ac06da:c2015, c86beb1c-9105-4588-b1e8-133030361c51:c2015]
2019-07-12 12:28:15,718 INFO  client.GrpcClientProtocolClient (GrpcClientProtocolClient.java:onNext(255)) - client-D83FC23EEBD8->4c571e18-69a3-4a6d-81de-e3e48052df18: receive RaftClientReply:client-D83FC23EEBD8->4c571e18-69a3-4a6d-81de-e3e48052df18@group-644576B5741B, cid=1448, SUCCESS, logIndex=2019, commits[4c571e18-69a3-4a6d-81de-e3e48052df18:c2019, 15893972-388e-43c0-9d6c-ca4c76ac06da:c2015, c86beb1c-9105-4588-b1e8-133030361c51:c2015]
2019-07-12 12:28:15,719 INFO  client.GrpcClientProtocolClient (GrpcClientProtocolClient.java:onNext(255)) - client-D83FC23EEBD8->4c571e18-69a3-4a6d-81de-e3e48052df18: receive RaftClientReply:client-D83FC23EEBD8->4c571e18-69a3-4a6d-81de-e3e48052df18@group-644576B5741B, cid=1449, SUCCESS, logIndex=0, commits[4c571e18-69a3-4a6d-81de-e3e48052df18:c2020, 15893972-388e-43c0-9d6c-ca4c76ac06da:c2017, c86beb1c-9105-4588-b1e8-133030361c51:c2017]
2019-07-12 12:28:15,738 INFO  client.GrpcClientProtocolClient (GrpcClientProtocolClient.java:onNext(255)) - client-D83FC23EEBD8->4c571e18-69a3-4a6d-81de-e3e48052df18: receive RaftClientReply:client-D83FC23EEBD8->4c571e18-69a3-4a6d-81de-e3e48052df18@group-644576B5741B, cid=1450, SUCCESS, logIndex=2024, commits[4c571e18-69a3-4a6d-81de-e3e48052df18:c2025, 15893972-388e-43c0-9d6c-ca4c76ac06da:c2023, c86beb1c-9105-4588-b1e8-133030361c51:c2023]
2019-07-12 12:28:15,738 INFO  client.GrpcClientProtocolClient (GrpcClientProtocolClient.java:onNext(255)) - client-D83FC23EEBD8->4c571e18-69a3-4a6d-81de-e3e48052df18: receive RaftClientReply:client-D83FC23EEBD8->4c571e18-69a3-4a6d-81de-e3e48052df18@group-644576B5741B, cid=1451, SUCCESS, logIndex=2025, commits[4c571e18-69a3-4a6d-81de-e3e48052df18:c2025, 15893972-388e-43c0-9d6c-ca4c76ac06da:c2023, c86beb1c-9105-4588-b1e8-133030361c51:c2023]
2019-07-12 12:28:15,751 INFO  client.GrpcClientProtocolClient (GrpcClientProtocolClient.java:onNext(255)) - client-D83FC23EEBD8->4c571e18-69a3-4a6d-81de-e3e48052df18: receive RaftClientReply:client-D83FC23EEBD8->4c571e18-69a3-4a6d-81de-e3e48052df18@group-644576B5741B, cid=1452, SUCCESS, logIndex=2028, commits[4c571e18-69a3-4a6d-81de-e3e48052df18:c2029, 15893972-388e-43c0-9d6c-ca4c76ac06da:c2025, c86beb1c-9105-4588-b1e8-133030361c51:c2025]
2019-07-12 12:28:15,751 INFO  client.GrpcClientProtocolClient (GrpcClientProtocolClient.java:onNext(255)) - client-D83FC23EEBD8->4c571e18-69a3-4a6d-81de-e3e48052df18: receive RaftClientReply:client-D83FC23EEBD8->4c571e18-69a3-4a6d-81de-e3e48052df18@group-644576B5741B, cid=1453, SUCCESS, logIndex=2029, commits[4c571e18-69a3-4a6d-81de-e3e48052df18:c2029, 15893972-388e-43c0-9d6c-ca4c76ac06da:c2025, c86beb1c-9105-4588-b1e8-133030361c51:c2025]
2019-07-12 12:28:15,764 INFO  client.GrpcClientProtocolClient (GrpcClientProtocolClient.java:onNext(255)) - client-D83FC23EEBD8->4c571e18-69a3-4a6d-81de-e3e48052df18: receive RaftClientReply:client-D83FC23EEBD8->4c571e18-69a3-4a6d-81de-e3e48052df18@group-644576B5741B, cid=1454, SUCCESS, logIndex=0, commits[4c571e18-69a3-4a6d-81de-e3e48052df18:c2031, 15893972-388e-43c0-9d6c-ca4c76ac06da:c2029, c86beb1c-9105-4588-b1e8-133030361c51:c2029]
2019-07-12 12:28:15,795 INFO  client.GrpcClientProtocolClient (GrpcClientProtocolClient.java:onNext(255)) - client-D83FC23EEBD8->4c571e18-69a3-4a6d-81de-e3e48052df18: receive RaftClientReply:client-D83FC23EEBD8->4c571e18-69a3-4a6d-81de-e3e48052df18@group-644576B5741B, cid=1455, SUCCESS, logIndex=2032, commits[4c571e18-69a3-4a6d-81de-e3e48052df18:c2033, 15893972-388e-43c0-9d6c-ca4c76ac06da:c2031, c86beb1c-9105-4588-b1e8-133030361c51:c2031]
2019-07-12 12:28:15,796 INFO  client.GrpcClientProtocolClient (GrpcClientProtocolClient.java:onNext(255)) - client-D83FC23EEBD8->4c571e18-69a3-4a6d-81de-e3e48052df18: receive RaftClientReply:client-D83FC23EEBD8->4c571e18-69a3-4a6d-81de-e3e48052df18@group-644576B5741B, cid=1456, SUCCESS, logIndex=2033, commits[4c571e18-69a3-4a6d-81de-e3e48052df18:c2035, 15893972-388e-43c0-9d6c-ca4c76ac06da:c2031, c86beb1c-9105-4588-b1e8-133030361c51:c2031]
2019-07-12 12:28:15,796 INFO  client.GrpcClientProtocolClient (GrpcClientProtocolClient.java:onNext(255)) - client-D83FC23EEBD8->4c571e18-69a3-4a6d-81de-e3e48052df18: receive RaftClientReply:client-D83FC23EEBD8->4c571e18-69a3-4a6d-81de-e3e48052df18@group-644576B5741B, cid=1457, SUCCESS, logIndex=2034, commits[4c571e18-69a3-4a6d-81de-e3e48052df18:c2035, 15893972-388e-43c0-9d6c-ca4c76ac06da:c2031, c86beb1c-9105-4588-b1e8-133030361c51:c2031]
2019-07-12 12:28:15,796 INFO  client.GrpcClientProtocolClient (GrpcClientProtocolClient.java:onNext(255)) - client-D83FC23EEBD8->4c571e18-69a3-4a6d-81de-e3e48052df18: receive RaftClientReply:client-D83FC23EEBD8->4c571e18-69a3-4a6d-81de-e3e48052df18@group-644576B5741B, cid=1458, SUCCESS, logIndex=2035, commits[4c571e18-69a3-4a6d-81de-e3e48052df18:c2035, 15893972-388e-43c0-9d6c-ca4c76ac06da:c2031, c86beb1c-9105-4588-b1e8-133030361c51:c2031]
2019-07-12 12:28:15,798 INFO  client.GrpcClientProtocolClient (GrpcClientProtocolClient.java:onNext(255)) - client-D83FC23EEBD8->4c571e18-69a3-4a6d-81de-e3e48052df18: receive RaftClientReply:client-D83FC23EEBD8->4c571e18-69a3-4a6d-81de-e3e48052df18@group-644576B5741B, cid=1459, SUCCESS, logIndex=0, commits[4c571e18-69a3-4a6d-81de-e3e48052df18:c2039, 15893972-388e-43c0-9d6c-ca4c76ac06da:c2035, c86beb1c-9105-4588-b1e8-133030361c51:c2033]
2019-07-12 12:28:15,817 INFO  client.GrpcClientProtocolClient (GrpcClientProtocolClient.java:onNext(255)) - client-D83FC23EEBD8->4c571e18-69a3-4a6d-81de-e3e48052df18: receive RaftClientReply:client-D83FC23EEBD8->4c571e18-69a3-4a6d-81de-e3e48052df18@group-644576B5741B, cid=1460, SUCCESS, logIndex=2040, commits[4c571e18-69a3-4a6d-81de-e3e48052df18:c2041, 15893972-388e-43c0-9d6c-ca4c76ac06da:c2039, c86beb1c-9105-4588-b1e8-133030361c51:c2039]
2019-07-12 12:28:15,817 INFO  client.GrpcClientProtocolClient (GrpcClientProtocolClient.java:onNext(255)) - client-D83FC23EEBD8->4c571e18-69a3-4a6d-81de-e3e48052df18: receive RaftClientReply:client-D83FC23EEBD8->4c571e18-69a3-4a6d-81de-e3e48052df18@group-644576B5741B, cid=1461, SUCCESS, logIndex=2041, commits[4c571e18-69a3-4a6d-81de-e3e48052df18:c2041, 15893972-388e-43c0-9d6c-ca4c76ac06da:c2039, c86beb1c-9105-4588-b1e8-133030361c51:c2039]
2019-07-12 12:28:15,829 INFO  client.GrpcClientProtocolClient (GrpcClientProtocolClient.java:onNext(255)) - client-D83FC23EEBD8->4c571e18-69a3-4a6d-81de-e3e48052df18: receive RaftClientReply:client-D83FC23EEBD8->4c571e18-69a3-4a6d-81de-e3e48052df18@group-644576B5741B, cid=1462, SUCCESS, logIndex=2044, commits[4c571e18-69a3-4a6d-81de-e3e48052df18:c2045, 15893972-388e-43c0-9d6c-ca4c76ac06da:c2041, c86beb1c-9105-4588-b1e8-133030361c51:c2041]
2019-07-12 12:28:15,829 INFO  client.GrpcClientProtocolClient (GrpcClientProtocolClient.java:onNext(255)) - client-D83FC23EEBD8->4c571e18-69a3-4a6d-81de-e3e48052df18: receive RaftClientReply:client-D83FC23EEBD8->4c571e18-69a3-4a6d-81de-e3e48052df18@group-644576B5741B, cid=1463, SUCCESS, logIndex=2045, commits[4c571e18-69a3-4a6d-81de-e3e48052df18:c2045, 15893972-388e-43c0-9d6c-ca4c76ac06da:c2041, c86beb1c-9105-4588-b1e8-133030361c51:c2041]
2019-07-12 12:28:15,832 INFO  client.GrpcClientProtocolClient (GrpcClientProtocolClient.java:onNext(255)) - client-D83FC23EEBD8->4c571e18-69a3-4a6d-81de-e3e48052df18: receive RaftClientReply:client-D83FC23EEBD8->4c571e18-69a3-4a6d-81de-e3e48052df18@group-644576B5741B, cid=1464, SUCCESS, logIndex=0, commits[4c571e18-69a3-4a6d-81de-e3e48052df18:c2046, 15893972-388e-43c0-9d6c-ca4c76ac06da:c2045, c86beb1c-9105-4588-b1e8-133030361c51:c2045]
2019-07-12 12:28:15,856 INFO  client.GrpcClientProtocolClient (GrpcClientProtocolClient.java:onNext(255)) - client-D83FC23EEBD8->4c571e18-69a3-4a6d-81de-e3e48052df18: receive RaftClientReply:client-D83FC23EEBD8->4c571e18-69a3-4a6d-81de-e3e48052df18@group-644576B5741B, cid=1465, SUCCESS, logIndex=2048, commits[4c571e18-69a3-4a6d-81de-e3e48052df18:c2049, 15893972-388e-43c0-9d6c-ca4c76ac06da:c2047, c86beb1c-9105-4588-b1e8-133030361c51:c2047]
2019-07-12 12:28:15,857 INFO  client.GrpcClientProtocolClient (GrpcClientProtocolClient.java:onNext(255)) - client-D83FC23EEBD8->4c571e18-69a3-4a6d-81de-e3e48052df18: receive RaftClientReply:client-D83FC23EEBD8->4c571e18-69a3-4a6d-81de-e3e48052df18@group-644576B5741B, cid=1466, SUCCESS, logIndex=2049, commits[4c571e18-69a3-4a6d-81de-e3e48052df18:c2049, 15893972-388e-43c0-9d6c-ca4c76ac06da:c2047, c86beb1c-9105-4588-b1e8-133030361c51:c2047]
2019-07-12 12:28:15,857 INFO  client.GrpcClientProtocolClient (GrpcClientProtocolClient.java:onNext(255)) - client-D83FC23EEBD8->4c571e18-69a3-4a6d-81de-e3e48052df18: receive RaftClientReply:client-D83FC23EEBD8->4c571e18-69a3-4a6d-81de-e3e48052df18@group-644576B5741B, cid=1467, SUCCESS, logIndex=2050, commits[4c571e18-69a3-4a6d-81de-e3e48052df18:c2050, 15893972-388e-43c0-9d6c-ca4c76ac06da:c2047, c86beb1c-9105-4588-b1e8-133030361c51:c2047]
2019-07-12 12:28:15,857 INFO  client.GrpcClientProtocolClient (GrpcClientProtocolClient.java:onNext(255)) - client-D83FC23EEBD8->4c571e18-69a3-4a6d-81de-e3e48052df18: receive RaftClientReply:client-D83FC23EEBD8->4c571e18-69a3-4a6d-81de-e3e48052df18@group-644576B5741B, cid=1468, SUCCESS, logIndex=2051, commits[4c571e18-69a3-4a6d-81de-e3e48052df18:c2051, 15893972-388e-43c0-9d6c-ca4c76ac06da:c2047, c86beb1c-9105-4588-b1e8-133030361c51:c2047]
2019-07-12 12:28:15,859 INFO  client.GrpcClientProtocolClient (GrpcClientProtocolClient.java:onNext(255)) - client-D83FC23EEBD8->4c571e18-69a3-4a6d-81de-e3e48052df18: receive RaftClientReply:client-D83FC23EEBD8->4c571e18-69a3-4a6d-81de-e3e48052df18@group-644576B5741B, cid=1469, SUCCESS, logIndex=0, commits[4c571e18-69a3-4a6d-81de-e3e48052df18:c2053, 15893972-388e-43c0-9d6c-ca4c76ac06da:c2049, c86beb1c-9105-4588-b1e8-133030361c51:c2049]
2019-07-12 12:28:15,879 INFO  client.GrpcClientProtocolClient (GrpcClientProtocolClient.java:onNext(255)) - client-D83FC23EEBD8->4c571e18-69a3-4a6d-81de-e3e48052df18: receive RaftClientReply:client-D83FC23EEBD8->4c571e18-69a3-4a6d-81de-e3e48052df18@group-644576B5741B, cid=1470, SUCCESS, logIndex=2056, commits[4c571e18-69a3-4a6d-81de-e3e48052df18:c2057, 15893972-388e-43c0-9d6c-ca4c76ac06da:c2055, c86beb1c-9105-4588-b1e8-133030361c51:c2055]
2019-07-12 12:28:15,879 INFO  client.GrpcClientProtocolClient (GrpcClientProtocolClient.java:onNext(255)) - client-D83FC23EEBD8->4c571e18-69a3-4a6d-81de-e3e48052df18: receive RaftClientReply:client-D83FC23EEBD8->4c571e18-69a3-4a6d-81de-e3e48052df18@group-644576B5741B, cid=1471, SUCCESS, logIndex=2057, commits[4c571e18-69a3-4a6d-81de-e3e48052df18:c2057, 15893972-388e-43c0-9d6c-ca4c76ac06da:c2055, c86beb1c-9105-4588-b1e8-133030361c51:c2055]
2019-07-12 12:28:15,892 INFO  client.GrpcClientProtocolClient (GrpcClientProtocolClient.java:onNext(255)) - client-D83FC23EEBD8->4c571e18-69a3-4a6d-81de-e3e48052df18: receive RaftClientReply:client-D83FC23EEBD8->4c571e18-69a3-4a6d-81de-e3e48052df18@group-644576B5741B, cid=1472, SUCCESS, logIndex=2060, commits[4c571e18-69a3-4a6d-81de-e3e48052df18:c2061, 15893972-388e-43c0-9d6c-ca4c76ac06da:c2057, c86beb1c-9105-4588-b1e8-133030361c51:c2057]
2019-07-12 12:28:15,892 INFO  client.GrpcClientProtocolClient (GrpcClientProtocolClient.java:onNext(255)) - client-D83FC23EEBD8->4c571e18-69a3-4a6d-81de-e3e48052df18: receive RaftClientReply:client-D83FC23EEBD8->4c571e18-69a3-4a6d-81de-e3e48052df18@group-644576B5741B, cid=1473, SUCCESS, logIndex=2061, commits[4c571e18-69a3-4a6d-81de-e3e48052df18:c2061, 15893972-388e-43c0-9d6c-ca4c76ac06da:c2057, c86beb1c-9105-4588-b1e8-133030361c51:c2057]
2019-07-12 12:28:15,904 INFO  client.GrpcClientProtocolClient (GrpcClientProtocolClient.java:onNext(255)) - client-D83FC23EEBD8->4c571e18-69a3-4a6d-81de-e3e48052df18: receive RaftClientReply:client-D83FC23EEBD8->4c571e18-69a3-4a6d-81de-e3e48052df18@group-644576B5741B, cid=1474, SUCCESS, logIndex=0, commits[4c571e18-69a3-4a6d-81de-e3e48052df18:c2063, 15893972-388e-43c0-9d6c-ca4c76ac06da:c2061, c86beb1c-9105-4588-b1e8-133030361c51:c2061]
2019-07-12 12:28:15,937 INFO  client.GrpcClientProtocolClient (GrpcClientProtocolClient.java:onNext(255)) - client-D83FC23EEBD8->4c571e18-69a3-4a6d-81de-e3e48052df18: receive RaftClientReply:client-D83FC23EEBD8->4c571e18-69a3-4a6d-81de-e3e48052df18@group-644576B5741B, cid=1475, SUCCESS, logIndex=2064, commits[4c571e18-69a3-4a6d-81de-e3e48052df18:c2065, 15893972-388e-43c0-9d6c-ca4c76ac06da:c2063, c86beb1c-9105-4588-b1e8-133030361c51:c2063]
2019-07-12 12:28:15,938 INFO  client.GrpcClientProtocolClient (GrpcClientProtocolClient.java:onNext(255)) - client-D83FC23EEBD8->4c571e18-69a3-4a6d-81de-e3e48052df18: receive RaftClientReply:client-D83FC23EEBD8->4c571e18-69a3-4a6d-81de-e3e48052df18@group-644576B5741B, cid=1476, SUCCESS, logIndex=2065, commits[4c571e18-69a3-4a6d-81de-e3e48052df18:c2065, 15893972-388e-43c0-9d6c-ca4c76ac06da:c2063, c86beb1c-9105-4588-b1e8-133030361c51:c2063]
2019-07-12 12:28:15,938 INFO  client.GrpcClientProtocolClient (GrpcClientProtocolClient.java:onNext(255)) - client-D83FC23EEBD8->4c571e18-69a3-4a6d-81de-e3e48052df18: receive RaftClientReply:client-D83FC23EEBD8->4c571e18-69a3-4a6d-81de-e3e48052df18@group-644576B5741B, cid=1477, SUCCESS, logIndex=2066, commits[4c571e18-69a3-4a6d-81de-e3e48052df18:c2067, 15893972-388e-43c0-9d6c-ca4c76ac06da:c2063, c86beb1c-9105-4588-b1e8-133030361c51:c2063]
2019-07-12 12:28:15,938 INFO  client.GrpcClientProtocolClient (GrpcClientProtocolClient.java:onNext(255)) - client-D83FC23EEBD8->4c571e18-69a3-4a6d-81de-e3e48052df18: receive RaftClientReply:client-D83FC23EEBD8->4c571e18-69a3-4a6d-81de-e3e48052df18@group-644576B5741B, cid=1478, SUCCESS, logIndex=2067, commits[4c571e18-69a3-4a6d-81de-e3e48052df18:c2067, 15893972-388e-43c0-9d6c-ca4c76ac06da:c2063, c86beb1c-9105-4588-b1e8-133030361c51:c2065]
2019-07-12 12:28:15,939 INFO  client.GrpcClientProtocolClient (GrpcClientProtocolClient.java:onNext(255)) - client-D83FC23EEBD8->4c571e18-69a3-4a6d-81de-e3e48052df18: receive RaftClientReply:client-D83FC23EEBD8->4c571e18-69a3-4a6d-81de-e3e48052df18@group-644576B5741B, cid=1479, SUCCESS, logIndex=0, commits[4c571e18-69a3-4a6d-81de-e3e48052df18:c2067, 15893972-388e-43c0-9d6c-ca4c76ac06da:c2065, c86beb1c-9105-4588-b1e8-133030361c51:c2065]
2019-07-12 12:28:15,957 INFO  client.GrpcClientProtocolClient (GrpcClientProtocolClient.java:onNext(255)) - client-D83FC23EEBD8->4c571e18-69a3-4a6d-81de-e3e48052df18: receive RaftClientReply:client-D83FC23EEBD8->4c571e18-69a3-4a6d-81de-e3e48052df18@group-644576B5741B, cid=1480, SUCCESS, logIndex=2072, commits[4c571e18-69a3-4a6d-81de-e3e48052df18:c2073, 15893972-388e-43c0-9d6c-ca4c76ac06da:c2071, c86beb1c-9105-4588-b1e8-133030361c51:c2071]
2019-07-12 12:28:15,958 INFO  client.GrpcClientProtocolClient (GrpcClientProtocolClient.java:onNext(255)) - client-D83FC23EEBD8->4c571e18-69a3-4a6d-81de-e3e48052df18: receive RaftClientReply:client-D83FC23EEBD8->4c571e18-69a3-4a6d-81de-e3e48052df18@group-644576B5741B, cid=1481, SUCCESS, logIndex=2073, commits[4c571e18-69a3-4a6d-81de-e3e48052df18:c2073, 15893972-388e-43c0-9d6c-ca4c76ac06da:c2071, c86beb1c-9105-4588-b1e8-133030361c51:c2071]
2019-07-12 12:28:15,970 INFO  client.GrpcClientProtocolClient (GrpcClientProtocolClient.java:onNext(255)) - client-D83FC23EEBD8->4c571e18-69a3-4a6d-81de-e3e48052df18: receive RaftClientReply:client-D83FC23EEBD8->4c571e18-69a3-4a6d-81de-e3e48052df18@group-644576B5741B, cid=1482, SUCCESS, logIndex=2076, commits[4c571e18-69a3-4a6d-81de-e3e48052df18:c2077, 15893972-388e-43c0-9d6c-ca4c76ac06da:c2073, c86beb1c-9105-4588-b1e8-133030361c51:c2073]
2019-07-12 12:28:15,971 INFO  client.GrpcClientProtocolClient (GrpcClientProtocolClient.java:onNext(255)) - client-D83FC23EEBD8->4c571e18-69a3-4a6d-81de-e3e48052df18: receive RaftClientReply:client-D83FC23EEBD8->4c571e18-69a3-4a6d-81de-e3e48052df18@group-644576B5741B, cid=1483, SUCCESS, logIndex=2077, commits[4c571e18-69a3-4a6d-81de-e3e48052df18:c2077, 15893972-388e-43c0-9d6c-ca4c76ac06da:c2073, c86beb1c-9105-4588-b1e8-133030361c51:c2073]
2019-07-12 12:28:15,983 INFO  client.GrpcClientProtocolClient (GrpcClientProtocolClient.java:onNext(255)) - client-D83FC23EEBD8->4c571e18-69a3-4a6d-81de-e3e48052df18: receive RaftClientReply:client-D83FC23EEBD8->4c571e18-69a3-4a6d-81de-e3e48052df18@group-644576B5741B, cid=1484, SUCCESS, logIndex=0, commits[4c571e18-69a3-4a6d-81de-e3e48052df18:c2079, 15893972-388e-43c0-9d6c-ca4c76ac06da:c2077, c86beb1c-9105-4588-b1e8-133030361c51:c2077]
2019-07-12 12:28:16,007 INFO  client.GrpcClientProtocolClient (GrpcClientProtocolClient.java:onNext(255)) - client-D83FC23EEBD8->4c571e18-69a3-4a6d-81de-e3e48052df18: receive RaftClientReply:client-D83FC23EEBD8->4c571e18-69a3-4a6d-81de-e3e48052df18@group-644576B5741B, cid=1485, SUCCESS, logIndex=2080, commits[4c571e18-69a3-4a6d-81de-e3e48052df18:c2081, 15893972-388e-43c0-9d6c-ca4c76ac06da:c2079, c86beb1c-9105-4588-b1e8-133030361c51:c2079]
2019-07-12 12:28:16,007 INFO  client.GrpcClientProtocolClient (GrpcClientProtocolClient.java:onNext(255)) - client-D83FC23EEBD8->4c571e18-69a3-4a6d-81de-e3e48052df18: receive RaftClientReply:client-D83FC23EEBD8->4c571e18-69a3-4a6d-81de-e3e48052df18@group-644576B5741B, cid=1486, SUCCESS, logIndex=2081, commits[4c571e18-69a3-4a6d-81de-e3e48052df18:c2081, 15893972-388e-43c0-9d6c-ca4c76ac06da:c2079, c86beb1c-9105-4588-b1e8-133030361c51:c2079]
2019-07-12 12:28:16,007 INFO  client.GrpcClientProtocolClient (GrpcClientProtocolClient.java:onNext(255)) - client-D83FC23EEBD8->4c571e18-69a3-4a6d-81de-e3e48052df18: receive RaftClientReply:client-D83FC23EEBD8->4c571e18-69a3-4a6d-81de-e3e48052df18@group-644576B5741B, cid=1487, SUCCESS, logIndex=2082, commits[4c571e18-69a3-4a6d-81de-e3e48052df18:c2083, 15893972-388e-43c0-9d6c-ca4c76ac06da:c2079, c86beb1c-9105-4588-b1e8-133030361c51:c2079]
2019-07-12 12:28:16,007 INFO  client.GrpcClientProtocolClient (GrpcClientProtocolClient.java:onNext(255)) - client-D83FC23EEBD8->4c571e18-69a3-4a6d-81de-e3e48052df18: receive RaftClientReply:client-D83FC23EEBD8->4c571e18-69a3-4a6d-81de-e3e48052df18@group-644576B5741B, cid=1488, SUCCESS, logIndex=2083, commits[4c571e18-69a3-4a6d-81de-e3e48052df18:c2083, 15893972-388e-43c0-9d6c-ca4c76ac06da:c2079, c86beb1c-9105-4588-b1e8-133030361c51:c2079]
2019-07-12 12:28:16,008 INFO  client.GrpcClientProtocolClient (GrpcClientProtocolClient.java:onNext(255)) - client-D83FC23EEBD8->4c571e18-69a3-4a6d-81de-e3e48052df18: receive RaftClientReply:client-D83FC23EEBD8->4c571e18-69a3-4a6d-81de-e3e48052df18@group-644576B5741B, cid=1489, SUCCESS, logIndex=0, commits[4c571e18-69a3-4a6d-81de-e3e48052df18:c2084, 15893972-388e-43c0-9d6c-ca4c76ac06da:c2081, c86beb1c-9105-4588-b1e8-133030361c51:c2081]
2019-07-12 12:28:16,027 INFO  client.GrpcClientProtocolClient (GrpcClientProtocolClient.java:onNext(255)) - client-D83FC23EEBD8->4c571e18-69a3-4a6d-81de-e3e48052df18: receive RaftClientReply:client-D83FC23EEBD8->4c571e18-69a3-4a6d-81de-e3e48052df18@group-644576B5741B, cid=1490, SUCCESS, logIndex=2088, commits[4c571e18-69a3-4a6d-81de-e3e48052df18:c2089, 15893972-388e-43c0-9d6c-ca4c76ac06da:c2087, c86beb1c-9105-4588-b1e8-133030361c51:c2087]
2019-07-12 12:28:16,027 INFO  client.GrpcClientProtocolClient (GrpcClientProtocolClient.java:onNext(255)) - client-D83FC23EEBD8->4c571e18-69a3-4a6d-81de-e3e48052df18: receive RaftClientReply:client-D83FC23EEBD8->4c571e18-69a3-4a6d-81de-e3e48052df18@group-644576B5741B, cid=1491, SUCCESS, logIndex=2089, commits[4c571e18-69a3-4a6d-81de-e3e48052df18:c2089, 15893972-388e-43c0-9d6c-ca4c76ac06da:c2087, c86beb1c-9105-4588-b1e8-133030361c51:c2087]
2019-07-12 12:28:16,041 INFO  client.GrpcClientProtocolClient (GrpcClientProtocolClient.java:onNext(255)) - client-D83FC23EEBD8->4c571e18-69a3-4a6d-81de-e3e48052df18: receive RaftClientReply:client-D83FC23EEBD8->4c571e18-69a3-4a6d-81de-e3e48052df18@group-644576B5741B, cid=1492, SUCCESS, logIndex=2092, commits[4c571e18-69a3-4a6d-81de-e3e48052df18:c2093, 15893972-388e-43c0-9d6c-ca4c76ac06da:c2089, c86beb1c-9105-4588-b1e8-133030361c51:c2089]
2019-07-12 12:28:16,041 INFO  client.GrpcClientProtocolClient (GrpcClientProtocolClient.java:onNext(255)) - client-D83FC23EEBD8->4c571e18-69a3-4a6d-81de-e3e48052df18: receive RaftClientReply:client-D83FC23EEBD8->4c571e18-69a3-4a6d-81de-e3e48052df18@group-644576B5741B, cid=1493, SUCCESS, logIndex=2093, commits[4c571e18-69a3-4a6d-81de-e3e48052df18:c2093, 15893972-388e-43c0-9d6c-ca4c76ac06da:c2089, c86beb1c-9105-4588-b1e8-133030361c51:c2089]
2019-07-12 12:28:16,053 INFO  client.GrpcClientProtocolClient (GrpcClientProtocolClient.java:onNext(255)) - client-D83FC23EEBD8->4c571e18-69a3-4a6d-81de-e3e48052df18: receive RaftClientReply:client-D83FC23EEBD8->4c571e18-69a3-4a6d-81de-e3e48052df18@group-644576B5741B, cid=1494, SUCCESS, logIndex=0, commits[4c571e18-69a3-4a6d-81de-e3e48052df18:c2095, 15893972-388e-43c0-9d6c-ca4c76ac06da:c2093, c86beb1c-9105-4588-b1e8-133030361c51:c2093]
2019-07-12 12:28:16,077 INFO  client.GrpcClientProtocolClient (GrpcClientProtocolClient.java:onNext(255)) - client-D83FC23EEBD8->4c571e18-69a3-4a6d-81de-e3e48052df18: receive RaftClientReply:client-D83FC23EEBD8->4c571e18-69a3-4a6d-81de-e3e48052df18@group-644576B5741B, cid=1495, SUCCESS, logIndex=2096, commits[4c571e18-69a3-4a6d-81de-e3e48052df18:c2097, 15893972-388e-43c0-9d6c-ca4c76ac06da:c2095, c86beb1c-9105-4588-b1e8-133030361c51:c2095]
2019-07-12 12:28:16,077 INFO  client.GrpcClientProtocolClient (GrpcClientProtocolClient.java:onNext(255)) - client-D83FC23EEBD8->4c571e18-69a3-4a6d-81de-e3e48052df18: receive RaftClientReply:client-D83FC23EEBD8->4c571e18-69a3-4a6d-81de-e3e48052df18@group-644576B5741B, cid=1496, SUCCESS, logIndex=2097, commits[4c571e18-69a3-4a6d-81de-e3e48052df18:c2098, 15893972-388e-43c0-9d6c-ca4c76ac06da:c2095, c86beb1c-9105-4588-b1e8-133030361c51:c2095]
2019-07-12 12:28:16,077 INFO  client.GrpcClientProtocolClient (GrpcClientProtocolClient.java:onNext(255)) - client-D83FC23EEBD8->4c571e18-69a3-4a6d-81de-e3e48052df18: receive RaftClientReply:client-D83FC23EEBD8->4c571e18-69a3-4a6d-81de-e3e48052df18@group-644576B5741B, cid=1497, SUCCESS, logIndex=2098, commits[4c571e18-69a3-4a6d-81de-e3e48052df18:c2099, 15893972-388e-43c0-9d6c-ca4c76ac06da:c2095, c86beb1c-9105-4588-b1e8-133030361c51:c2095]
2019-07-12 12:28:16,078 INFO  client.GrpcClientProtocolClient (GrpcClientProtocolClient.java:onNext(255)) - client-D83FC23EEBD8->4c571e18-69a3-4a6d-81de-e3e48052df18: receive RaftClientReply:client-D83FC23EEBD8->4c571e18-69a3-4a6d-81de-e3e48052df18@group-644576B5741B, cid=1498, SUCCESS, logIndex=2099, commits[4c571e18-69a3-4a6d-81de-e3e48052df18:c2099, 15893972-388e-43c0-9d6c-ca4c76ac06da:c2095, c86beb1c-9105-4588-b1e8-133030361c51:c2095]
2019-07-12 12:28:16,079 INFO  client.GrpcClientProtocolClient (GrpcClientProtocolClient.java:onNext(255)) - client-D83FC23EEBD8->4c571e18-69a3-4a6d-81de-e3e48052df18: receive RaftClientReply:client-D83FC23EEBD8->4c571e18-69a3-4a6d-81de-e3e48052df18@group-644576B5741B, cid=1499, SUCCESS, logIndex=0, commits[4c571e18-69a3-4a6d-81de-e3e48052df18:c2101, 15893972-388e-43c0-9d6c-ca4c76ac06da:c2097, c86beb1c-9105-4588-b1e8-133030361c51:c2097]
2019-07-12 12:28:16,099 INFO  client.GrpcClientProtocolClient (GrpcClientProtocolClient.java:onNext(255)) - client-D83FC23EEBD8->4c571e18-69a3-4a6d-81de-e3e48052df18: receive RaftClientReply:client-D83FC23EEBD8->4c571e18-69a3-4a6d-81de-e3e48052df18@group-644576B5741B, cid=1500, SUCCESS, logIndex=2104, commits[4c571e18-69a3-4a6d-81de-e3e48052df18:c2105, 15893972-388e-43c0-9d6c-ca4c76ac06da:c2103, c86beb1c-9105-4588-b1e8-133030361c51:c2103]
2019-07-12 12:28:16,099 INFO  client.GrpcClientProtocolClient (GrpcClientProtocolClient.java:onNext(255)) - client-D83FC23EEBD8->4c571e18-69a3-4a6d-81de-e3e48052df18: receive RaftClientReply:client-D83FC23EEBD8->4c571e18-69a3-4a6d-81de-e3e48052df18@group-644576B5741B, cid=1501, SUCCESS, logIndex=2105, commits[4c571e18-69a3-4a6d-81de-e3e48052df18:c2105, 15893972-388e-43c0-9d6c-ca4c76ac06da:c2103, c86beb1c-9105-4588-b1e8-133030361c51:c2103]
2019-07-12 12:28:16,111 INFO  client.GrpcClientProtocolClient (GrpcClientProtocolClient.java:onNext(255)) - client-D83FC23EEBD8->4c571e18-69a3-4a6d-81de-e3e48052df18: receive RaftClientReply:client-D83FC23EEBD8->4c571e18-69a3-4a6d-81de-e3e48052df18@group-644576B5741B, cid=1502, SUCCESS, logIndex=2108, commits[4c571e18-69a3-4a6d-81de-e3e48052df18:c2109, 15893972-388e-43c0-9d6c-ca4c76ac06da:c2105, c86beb1c-9105-4588-b1e8-133030361c51:c2105]
2019-07-12 12:28:16,112 INFO  client.GrpcClientProtocolClient (GrpcClientProtocolClient.java:onNext(255)) - client-D83FC23EEBD8->4c571e18-69a3-4a6d-81de-e3e48052df18: receive RaftClientReply:client-D83FC23EEBD8->4c571e18-69a3-4a6d-81de-e3e48052df18@group-644576B5741B, cid=1503, SUCCESS, logIndex=2109, commits[4c571e18-69a3-4a6d-81de-e3e48052df18:c2109, 15893972-388e-43c0-9d6c-ca4c76ac06da:c2105, c86beb1c-9105-4588-b1e8-133030361c51:c2105]
2019-07-12 12:28:16,124 INFO  client.GrpcClientProtocolClient (GrpcClientProtocolClient.java:onNext(255)) - client-D83FC23EEBD8->4c571e18-69a3-4a6d-81de-e3e48052df18: receive RaftClientReply:client-D83FC23EEBD8->4c571e18-69a3-4a6d-81de-e3e48052df18@group-644576B5741B, cid=1504, SUCCESS, logIndex=0, commits[4c571e18-69a3-4a6d-81de-e3e48052df18:c2111, 15893972-388e-43c0-9d6c-ca4c76ac06da:c2109, c86beb1c-9105-4588-b1e8-133030361c51:c2109]
2019-07-12 12:28:16,223 INFO  client.GrpcClientProtocolClient (GrpcClientProtocolClient.java:onNext(255)) - client-D83FC23EEBD8->4c571e18-69a3-4a6d-81de-e3e48052df18: receive RaftClientReply:client-D83FC23EEBD8->4c571e18-69a3-4a6d-81de-e3e48052df18@group-644576B5741B, cid=1505, SUCCESS, logIndex=2112, commits[4c571e18-69a3-4a6d-81de-e3e48052df18:c2113, 15893972-388e-43c0-9d6c-ca4c76ac06da:c2111, c86beb1c-9105-4588-b1e8-133030361c51:c2111]
2019-07-12 12:28:16,224 INFO  client.GrpcClientProtocolClient (GrpcClientProtocolClient.java:onNext(255)) - client-D83FC23EEBD8->4c571e18-69a3-4a6d-81de-e3e48052df18: receive RaftClientReply:client-D83FC23EEBD8->4c571e18-69a3-4a6d-81de-e3e48052df18@group-644576B5741B, cid=1506, SUCCESS, logIndex=2113, commits[4c571e18-69a3-4a6d-81de-e3e48052df18:c2113, 15893972-388e-43c0-9d6c-ca4c76ac06da:c2111, c86beb1c-9105-4588-b1e8-133030361c51:c2111]
2019-07-12 12:28:16,225 INFO  client.GrpcClientProtocolClient (GrpcClientProtocolClient.java:onNext(255)) - client-D83FC23EEBD8->4c571e18-69a3-4a6d-81de-e3e48052df18: receive RaftClientReply:client-D83FC23EEBD8->4c571e18-69a3-4a6d-81de-e3e48052df18@group-644576B5741B, cid=1507, SUCCESS, logIndex=2114, commits[4c571e18-69a3-4a6d-81de-e3e48052df18:c2115, 15893972-388e-43c0-9d6c-ca4c76ac06da:c2111, c86beb1c-9105-4588-b1e8-133030361c51:c2111]
2019-07-12 12:28:16,226 INFO  client.GrpcClientProtocolClient (GrpcClientProtocolClient.java:onNext(255)) - client-D83FC23EEBD8->4c571e18-69a3-4a6d-81de-e3e48052df18: receive RaftClientReply:client-D83FC23EEBD8->4c571e18-69a3-4a6d-81de-e3e48052df18@group-644576B5741B, cid=1508, SUCCESS, logIndex=2115, commits[4c571e18-69a3-4a6d-81de-e3e48052df18:c2115, 15893972-388e-43c0-9d6c-ca4c76ac06da:c2111, c86beb1c-9105-4588-b1e8-133030361c51:c2111]
2019-07-12 12:28:16,227 INFO  client.GrpcClientProtocolClient (GrpcClientProtocolClient.java:onNext(255)) - client-D83FC23EEBD8->4c571e18-69a3-4a6d-81de-e3e48052df18: receive RaftClientReply:client-D83FC23EEBD8->4c571e18-69a3-4a6d-81de-e3e48052df18@group-644576B5741B, cid=1509, SUCCESS, logIndex=0, commits[4c571e18-69a3-4a6d-81de-e3e48052df18:c2116, 15893972-388e-43c0-9d6c-ca4c76ac06da:c2113, c86beb1c-9105-4588-b1e8-133030361c51:c2113]
2019-07-12 12:28:16,239 INFO  client.GrpcClientProtocolClient (GrpcClientProtocolClient.java:onNext(255)) - client-D83FC23EEBD8->4c571e18-69a3-4a6d-81de-e3e48052df18: receive RaftClientReply:client-D83FC23EEBD8->4c571e18-69a3-4a6d-81de-e3e48052df18@group-644576B5741B, cid=1510, SUCCESS, logIndex=2120, commits[4c571e18-69a3-4a6d-81de-e3e48052df18:c2121, 15893972-388e-43c0-9d6c-ca4c76ac06da:c2117, c86beb1c-9105-4588-b1e8-133030361c51:c2115]
2019-07-12 12:28:16,239 INFO  client.GrpcClientProtocolClient (GrpcClientProtocolClient.java:onNext(255)) - client-D83FC23EEBD8->4c571e18-69a3-4a6d-81de-e3e48052df18: receive RaftClientReply:client-D83FC23EEBD8->4c571e18-69a3-4a6d-81de-e3e48052df18@group-644576B5741B, cid=1511, SUCCESS, logIndex=2121, commits[4c571e18-69a3-4a6d-81de-e3e48052df18:c2121, 15893972-388e-43c0-9d6c-ca4c76ac06da:c2117, c86beb1c-9105-4588-b1e8-133030361c51:c2115]
 0.00% |█                                                                                                    |  0/1 Time: 0:00:082019-07-12 12:28:16,259 INFO  client.GrpcClientProtocolClient (GrpcClientProtocolClient.java:onNext(255)) - client-D83FC23EEBD8->4c571e18-69a3-4a6d-81de-e3e48052df18: receive RaftClientReply:client-D83FC23EEBD8->4c571e18-69a3-4a6d-81de-e3e48052df18@group-644576B5741B, cid=1512, SUCCESS, logIndex=2124, commits[4c571e18-69a3-4a6d-81de-e3e48052df18:c2124, 15893972-388e-43c0-9d6c-ca4c76ac06da:c2123, c86beb1c-9105-4588-b1e8-133030361c51:c2123]
2019-07-12 12:28:16,260 INFO  client.GrpcClientProtocolClient (GrpcClientProtocolClient.java:onNext(255)) - client-D83FC23EEBD8->4c571e18-69a3-4a6d-81de-e3e48052df18: receive RaftClientReply:client-D83FC23EEBD8->4c571e18-69a3-4a6d-81de-e3e48052df18@group-644576B5741B, cid=1513, SUCCESS, logIndex=2125, commits[4c571e18-69a3-4a6d-81de-e3e48052df18:c2125, 15893972-388e-43c0-9d6c-ca4c76ac06da:c2123, c86beb1c-9105-4588-b1e8-133030361c51:c2123]
2019-07-12 12:28:16,269 INFO  client.GrpcClientProtocolClient (GrpcClientProtocolClient.java:onNext(255)) - client-D83FC23EEBD8->4c571e18-69a3-4a6d-81de-e3e48052df18: receive RaftClientReply:client-D83FC23EEBD8->4c571e18-69a3-4a6d-81de-e3e48052df18@group-644576B5741B, cid=1514, SUCCESS, logIndex=0, commits[4c571e18-69a3-4a6d-81de-e3e48052df18:c2125, 15893972-388e-43c0-9d6c-ca4c76ac06da:c2125, c86beb1c-9105-4588-b1e8-133030361c51:c2125]
2019-07-12 12:28:16,297 INFO  client.GrpcClientProtocolClient (GrpcClientProtocolClient.java:onNext(255)) - client-D83FC23EEBD8->4c571e18-69a3-4a6d-81de-e3e48052df18: receive RaftClientReply:client-D83FC23EEBD8->4c571e18-69a3-4a6d-81de-e3e48052df18@group-644576B5741B, cid=1515, SUCCESS, logIndex=2128, commits[4c571e18-69a3-4a6d-81de-e3e48052df18:c2129, 15893972-388e-43c0-9d6c-ca4c76ac06da:c2127, c86beb1c-9105-4588-b1e8-133030361c51:c2127]
2019-07-12 12:28:16,297 INFO  client.GrpcClientProtocolClient (GrpcClientProtocolClient.java:onNext(255)) - client-D83FC23EEBD8->4c571e18-69a3-4a6d-81de-e3e48052df18: receive RaftClientReply:client-D83FC23EEBD8->4c571e18-69a3-4a6d-81de-e3e48052df18@group-644576B5741B, cid=1516, SUCCESS, logIndex=2129, commits[4c571e18-69a3-4a6d-81de-e3e48052df18:c2130, 15893972-388e-43c0-9d6c-ca4c76ac06da:c2127, c86beb1c-9105-4588-b1e8-133030361c51:c2127]
2019-07-12 12:28:16,298 INFO  client.GrpcClientProtocolClient (GrpcClientProtocolClient.java:onNext(255)) - client-D83FC23EEBD8->4c571e18-69a3-4a6d-81de-e3e48052df18: receive RaftClientReply:client-D83FC23EEBD8->4c571e18-69a3-4a6d-81de-e3e48052df18@group-644576B5741B, cid=1517, SUCCESS, logIndex=2130, commits[4c571e18-69a3-4a6d-81de-e3e48052df18:c2131, 15893972-388e-43c0-9d6c-ca4c76ac06da:c2127, c86beb1c-9105-4588-b1e8-133030361c51:c2127]
2019-07-12 12:28:16,298 INFO  client.GrpcClientProtocolClient (GrpcClientProtocolClient.java:onNext(255)) - client-D83FC23EEBD8->4c571e18-69a3-4a6d-81de-e3e48052df18: receive RaftClientReply:client-D83FC23EEBD8->4c571e18-69a3-4a6d-81de-e3e48052df18@group-644576B5741B, cid=1518, SUCCESS, logIndex=2131, commits[4c571e18-69a3-4a6d-81de-e3e48052df18:c2131, 15893972-388e-43c0-9d6c-ca4c76ac06da:c2127, c86beb1c-9105-4588-b1e8-133030361c51:c2127]
2019-07-12 12:28:16,298 INFO  client.GrpcClientProtocolClient (GrpcClientProtocolClient.java:onNext(255)) - client-D83FC23EEBD8->4c571e18-69a3-4a6d-81de-e3e48052df18: receive RaftClientReply:client-D83FC23EEBD8->4c571e18-69a3-4a6d-81de-e3e48052df18@group-644576B5741B, cid=1519, SUCCESS, logIndex=0, commits[4c571e18-69a3-4a6d-81de-e3e48052df18:c2132, 15893972-388e-43c0-9d6c-ca4c76ac06da:c2129, c86beb1c-9105-4588-b1e8-133030361c51:c2129]
2019-07-12 12:28:16,317 INFO  client.GrpcClientProtocolClient (GrpcClientProtocolClient.java:onNext(255)) - client-D83FC23EEBD8->4c571e18-69a3-4a6d-81de-e3e48052df18: receive RaftClientReply:client-D83FC23EEBD8->4c571e18-69a3-4a6d-81de-e3e48052df18@group-644576B5741B, cid=1520, SUCCESS, logIndex=2136, commits[4c571e18-69a3-4a6d-81de-e3e48052df18:c2137, 15893972-388e-43c0-9d6c-ca4c76ac06da:c2135, c86beb1c-9105-4588-b1e8-133030361c51:c2135]
2019-07-12 12:28:16,317 INFO  client.GrpcClientProtocolClient (GrpcClientProtocolClient.java:onNext(255)) - client-D83FC23EEBD8->4c571e18-69a3-4a6d-81de-e3e48052df18: receive RaftClientReply:client-D83FC23EEBD8->4c571e18-69a3-4a6d-81de-e3e48052df18@group-644576B5741B, cid=1521, SUCCESS, logIndex=2137, commits[4c571e18-69a3-4a6d-81de-e3e48052df18:c2137, 15893972-388e-43c0-9d6c-ca4c76ac06da:c2135, c86beb1c-9105-4588-b1e8-133030361c51:c2135]
2019-07-12 12:28:16,329 INFO  client.GrpcClientProtocolClient (GrpcClientProtocolClient.java:onNext(255)) - client-D83FC23EEBD8->4c571e18-69a3-4a6d-81de-e3e48052df18: receive RaftClientReply:client-D83FC23EEBD8->4c571e18-69a3-4a6d-81de-e3e48052df18@group-644576B5741B, cid=1522, SUCCESS, logIndex=2140, commits[4c571e18-69a3-4a6d-81de-e3e48052df18:c2140, 15893972-388e-43c0-9d6c-ca4c76ac06da:c2137, c86beb1c-9105-4588-b1e8-133030361c51:c2137]
2019-07-12 12:28:16,329 INFO  client.GrpcClientProtocolClient (GrpcClientProtocolClient.java:onNext(255)) - client-D83FC23EEBD8->4c571e18-69a3-4a6d-81de-e3e48052df18: receive RaftClientReply:client-D83FC23EEBD8->4c571e18-69a3-4a6d-81de-e3e48052df18@group-644576B5741B, cid=1523, SUCCESS, logIndex=2141, commits[4c571e18-69a3-4a6d-81de-e3e48052df18:c2141, 15893972-388e-43c0-9d6c-ca4c76ac06da:c2137, c86beb1c-9105-4588-b1e8-133030361c51:c2137]
2019-07-12 12:28:16,342 INFO  client.GrpcClientProtocolClient (GrpcClientProtocolClient.java:onNext(255)) - client-D83FC23EEBD8->4c571e18-69a3-4a6d-81de-e3e48052df18: receive RaftClientReply:client-D83FC23EEBD8->4c571e18-69a3-4a6d-81de-e3e48052df18@group-644576B5741B, cid=1524, SUCCESS, logIndex=0, commits[4c571e18-69a3-4a6d-81de-e3e48052df18:c2143, 15893972-388e-43c0-9d6c-ca4c76ac06da:c2141, c86beb1c-9105-4588-b1e8-133030361c51:c2141]
2019-07-12 12:28:16,368 INFO  client.GrpcClientProtocolClient (GrpcClientProtocolClient.java:onNext(255)) - client-D83FC23EEBD8->4c571e18-69a3-4a6d-81de-e3e48052df18: receive RaftClientReply:client-D83FC23EEBD8->4c571e18-69a3-4a6d-81de-e3e48052df18@group-644576B5741B, cid=1525, SUCCESS, logIndex=2144, commits[4c571e18-69a3-4a6d-81de-e3e48052df18:c2147, 15893972-388e-43c0-9d6c-ca4c76ac06da:c2143, c86beb1c-9105-4588-b1e8-133030361c51:c2143]
2019-07-12 12:28:16,369 INFO  client.GrpcClientProtocolClient (GrpcClientProtocolClient.java:onNext(255)) - client-D83FC23EEBD8->4c571e18-69a3-4a6d-81de-e3e48052df18: receive RaftClientReply:client-D83FC23EEBD8->4c571e18-69a3-4a6d-81de-e3e48052df18@group-644576B5741B, cid=1526, SUCCESS, logIndex=2145, commits[4c571e18-69a3-4a6d-81de-e3e48052df18:c2147, 15893972-388e-43c0-9d6c-ca4c76ac06da:c2143, c86beb1c-9105-4588-b1e8-133030361c51:c2143]
2019-07-12 12:28:16,369 INFO  client.GrpcClientProtocolClient (GrpcClientProtocolClient.java:onNext(255)) - client-D83FC23EEBD8->4c571e18-69a3-4a6d-81de-e3e48052df18: receive RaftClientReply:client-D83FC23EEBD8->4c571e18-69a3-4a6d-81de-e3e48052df18@group-644576B5741B, cid=1527, SUCCESS, logIndex=2146, commits[4c571e18-69a3-4a6d-81de-e3e48052df18:c2147, 15893972-388e-43c0-9d6c-ca4c76ac06da:c2143, c86beb1c-9105-4588-b1e8-133030361c51:c2143]
2019-07-12 12:28:16,371 INFO  client.GrpcClientProtocolClient (GrpcClientProtocolClient.java:onNext(255)) - client-D83FC23EEBD8->4c571e18-69a3-4a6d-81de-e3e48052df18: receive RaftClientReply:client-D83FC23EEBD8->4c571e18-69a3-4a6d-81de-e3e48052df18@group-644576B5741B, cid=1528, SUCCESS, logIndex=2147, commits[4c571e18-69a3-4a6d-81de-e3e48052df18:c2147, 15893972-388e-43c0-9d6c-ca4c76ac06da:c2143, c86beb1c-9105-4588-b1e8-133030361c51:c2143]
2019-07-12 12:28:16,380 INFO  client.GrpcClientProtocolClient (GrpcClientProtocolClient.java:onNext(255)) - client-D83FC23EEBD8->4c571e18-69a3-4a6d-81de-e3e48052df18: receive RaftClientReply:client-D83FC23EEBD8->4c571e18-69a3-4a6d-81de-e3e48052df18@group-644576B5741B, cid=1529, SUCCESS, logIndex=0, commits[4c571e18-69a3-4a6d-81de-e3e48052df18:c2148, 15893972-388e-43c0-9d6c-ca4c76ac06da:c2145, c86beb1c-9105-4588-b1e8-133030361c51:c2145]
2019-07-12 12:28:16,397 INFO  client.GrpcClientProtocolClient (GrpcClientProtocolClient.java:onNext(255)) - client-D83FC23EEBD8->4c571e18-69a3-4a6d-81de-e3e48052df18: receive RaftClientReply:client-D83FC23EEBD8->4c571e18-69a3-4a6d-81de-e3e48052df18@group-644576B5741B, cid=1530, SUCCESS, logIndex=2152, commits[4c571e18-69a3-4a6d-81de-e3e48052df18:c2153, 15893972-388e-43c0-9d6c-ca4c76ac06da:c2151, c86beb1c-9105-4588-b1e8-133030361c51:c2151]
2019-07-12 12:28:16,398 INFO  client.GrpcClientProtocolClient (GrpcClientProtocolClient.java:onNext(255)) - client-D83FC23EEBD8->4c571e18-69a3-4a6d-81de-e3e48052df18: receive RaftClientReply:client-D83FC23EEBD8->4c571e18-69a3-4a6d-81de-e3e48052df18@group-644576B5741B, cid=1531, SUCCESS, logIndex=2153, commits[4c571e18-69a3-4a6d-81de-e3e48052df18:c2153, 15893972-388e-43c0-9d6c-ca4c76ac06da:c2151, c86beb1c-9105-4588-b1e8-133030361c51:c2151]
2019-07-12 12:28:16,411 INFO  client.GrpcClientProtocolClient (GrpcClientProtocolClient.java:onNext(255)) - client-D83FC23EEBD8->4c571e18-69a3-4a6d-81de-e3e48052df18: receive RaftClientReply:client-D83FC23EEBD8->4c571e18-69a3-4a6d-81de-e3e48052df18@group-644576B5741B, cid=1532, SUCCESS, logIndex=2156, commits[4c571e18-69a3-4a6d-81de-e3e48052df18:c2157, 15893972-388e-43c0-9d6c-ca4c76ac06da:c2153, c86beb1c-9105-4588-b1e8-133030361c51:c2153]
2019-07-12 12:28:16,411 INFO  client.GrpcClientProtocolClient (GrpcClientProtocolClient.java:onNext(255)) - client-D83FC23EEBD8->4c571e18-69a3-4a6d-81de-e3e48052df18: receive RaftClientReply:client-D83FC23EEBD8->4c571e18-69a3-4a6d-81de-e3e48052df18@group-644576B5741B, cid=1533, SUCCESS, logIndex=2157, commits[4c571e18-69a3-4a6d-81de-e3e48052df18:c2157, 15893972-388e-43c0-9d6c-ca4c76ac06da:c2153, c86beb1c-9105-4588-b1e8-133030361c51:c2153]
2019-07-12 12:28:16,435 INFO  client.GrpcClientProtocolClient (GrpcClientProtocolClient.java:onNext(255)) - client-D83FC23EEBD8->4c571e18-69a3-4a6d-81de-e3e48052df18: receive RaftClientReply:client-D83FC23EEBD8->4c571e18-69a3-4a6d-81de-e3e48052df18@group-644576B5741B, cid=1534, SUCCESS, logIndex=0, commits[4c571e18-69a3-4a6d-81de-e3e48052df18:c2159, 15893972-388e-43c0-9d6c-ca4c76ac06da:c2157, c86beb1c-9105-4588-b1e8-133030361c51:c2157]
2019-07-12 12:28:16,463 INFO  client.GrpcClientProtocolClient (GrpcClientProtocolClient.java:onNext(255)) - client-D83FC23EEBD8->4c571e18-69a3-4a6d-81de-e3e48052df18: receive RaftClientReply:client-D83FC23EEBD8->4c571e18-69a3-4a6d-81de-e3e48052df18@group-644576B5741B, cid=1535, SUCCESS, logIndex=2160, commits[4c571e18-69a3-4a6d-81de-e3e48052df18:c2161, 15893972-388e-43c0-9d6c-ca4c76ac06da:c2159, c86beb1c-9105-4588-b1e8-133030361c51:c2159]
2019-07-12 12:28:16,464 INFO  client.GrpcClientProtocolClient (GrpcClientProtocolClient.java:onNext(255)) - client-D83FC23EEBD8->4c571e18-69a3-4a6d-81de-e3e48052df18: receive RaftClientReply:client-D83FC23EEBD8->4c571e18-69a3-4a6d-81de-e3e48052df18@group-644576B5741B, cid=1536, SUCCESS, logIndex=2161, commits[4c571e18-69a3-4a6d-81de-e3e48052df18:c2161, 15893972-388e-43c0-9d6c-ca4c76ac06da:c2159, c86beb1c-9105-4588-b1e8-133030361c51:c2159]
2019-07-12 12:28:16,464 INFO  client.GrpcClientProtocolClient (GrpcClientProtocolClient.java:onNext(255)) - client-D83FC23EEBD8->4c571e18-69a3-4a6d-81de-e3e48052df18: receive RaftClientReply:client-D83FC23EEBD8->4c571e18-69a3-4a6d-81de-e3e48052df18@group-644576B5741B, cid=1537, SUCCESS, logIndex=2162, commits[4c571e18-69a3-4a6d-81de-e3e48052df18:c2163, 15893972-388e-43c0-9d6c-ca4c76ac06da:c2159, c86beb1c-9105-4588-b1e8-133030361c51:c2159]
2019-07-12 12:28:16,464 INFO  client.GrpcClientProtocolClient (GrpcClientProtocolClient.java:onNext(255)) - client-D83FC23EEBD8->4c571e18-69a3-4a6d-81de-e3e48052df18: receive RaftClientReply:client-D83FC23EEBD8->4c571e18-69a3-4a6d-81de-e3e48052df18@group-644576B5741B, cid=1538, SUCCESS, logIndex=2163, commits[4c571e18-69a3-4a6d-81de-e3e48052df18:c2163, 15893972-388e-43c0-9d6c-ca4c76ac06da:c2159, c86beb1c-9105-4588-b1e8-133030361c51:c2159]
2019-07-12 12:28:16,467 INFO  client.GrpcClientProtocolClient (GrpcClientProtocolClient.java:onNext(255)) - client-D83FC23EEBD8->4c571e18-69a3-4a6d-81de-e3e48052df18: receive RaftClientReply:client-D83FC23EEBD8->4c571e18-69a3-4a6d-81de-e3e48052df18@group-644576B5741B, cid=1539, SUCCESS, logIndex=0, commits[4c571e18-69a3-4a6d-81de-e3e48052df18:c2166, 15893972-388e-43c0-9d6c-ca4c76ac06da:c2162, c86beb1c-9105-4588-b1e8-133030361c51:c2161]
2019-07-12 12:28:16,485 INFO  client.GrpcClientProtocolClient (GrpcClientProtocolClient.java:onNext(255)) - client-D83FC23EEBD8->4c571e18-69a3-4a6d-81de-e3e48052df18: receive RaftClientReply:client-D83FC23EEBD8->4c571e18-69a3-4a6d-81de-e3e48052df18@group-644576B5741B, cid=1540, SUCCESS, logIndex=2168, commits[4c571e18-69a3-4a6d-81de-e3e48052df18:c2169, 15893972-388e-43c0-9d6c-ca4c76ac06da:c2167, c86beb1c-9105-4588-b1e8-133030361c51:c2167]
2019-07-12 12:28:16,486 INFO  client.GrpcClientProtocolClient (GrpcClientProtocolClient.java:onNext(255)) - client-D83FC23EEBD8->4c571e18-69a3-4a6d-81de-e3e48052df18: receive RaftClientReply:client-D83FC23EEBD8->4c571e18-69a3-4a6d-81de-e3e48052df18@group-644576B5741B, cid=1541, SUCCESS, logIndex=2169, commits[4c571e18-69a3-4a6d-81de-e3e48052df18:c2169, 15893972-388e-43c0-9d6c-ca4c76ac06da:c2167, c86beb1c-9105-4588-b1e8-133030361c51:c2167]
2019-07-12 12:28:16,499 INFO  client.GrpcClientProtocolClient (GrpcClientProtocolClient.java:onNext(255)) - client-D83FC23EEBD8->4c571e18-69a3-4a6d-81de-e3e48052df18: receive RaftClientReply:client-D83FC23EEBD8->4c571e18-69a3-4a6d-81de-e3e48052df18@group-644576B5741B, cid=1542, SUCCESS, logIndex=2172, commits[4c571e18-69a3-4a6d-81de-e3e48052df18:c2173, 15893972-388e-43c0-9d6c-ca4c76ac06da:c2169, c86beb1c-9105-4588-b1e8-133030361c51:c2169]
2019-07-12 12:28:16,499 INFO  client.GrpcClientProtocolClient (GrpcClientProtocolClient.java:onNext(255)) - client-D83FC23EEBD8->4c571e18-69a3-4a6d-81de-e3e48052df18: receive RaftClientReply:client-D83FC23EEBD8->4c571e18-69a3-4a6d-81de-e3e48052df18@group-644576B5741B, cid=1543, SUCCESS, logIndex=2173, commits[4c571e18-69a3-4a6d-81de-e3e48052df18:c2173, 15893972-388e-43c0-9d6c-ca4c76ac06da:c2169, c86beb1c-9105-4588-b1e8-133030361c51:c2169]
2019-07-12 12:28:16,512 INFO  client.GrpcClientProtocolClient (GrpcClientProtocolClient.java:onNext(255)) - client-D83FC23EEBD8->4c571e18-69a3-4a6d-81de-e3e48052df18: receive RaftClientReply:client-D83FC23EEBD8->4c571e18-69a3-4a6d-81de-e3e48052df18@group-644576B5741B, cid=1544, SUCCESS, logIndex=0, commits[4c571e18-69a3-4a6d-81de-e3e48052df18:c2175, 15893972-388e-43c0-9d6c-ca4c76ac06da:c2173, c86beb1c-9105-4588-b1e8-133030361c51:c2173]
2019-07-12 12:28:16,536 INFO  client.GrpcClientProtocolClient (GrpcClientProtocolClient.java:onNext(255)) - client-D83FC23EEBD8->4c571e18-69a3-4a6d-81de-e3e48052df18: receive RaftClientReply:client-D83FC23EEBD8->4c571e18-69a3-4a6d-81de-e3e48052df18@group-644576B5741B, cid=1545, SUCCESS, logIndex=2176, commits[4c571e18-69a3-4a6d-81de-e3e48052df18:c2177, 15893972-388e-43c0-9d6c-ca4c76ac06da:c2175, c86beb1c-9105-4588-b1e8-133030361c51:c2175]
2019-07-12 12:28:16,536 INFO  client.GrpcClientProtocolClient (GrpcClientProtocolClient.java:onNext(255)) - client-D83FC23EEBD8->4c571e18-69a3-4a6d-81de-e3e48052df18: receive RaftClientReply:client-D83FC23EEBD8->4c571e18-69a3-4a6d-81de-e3e48052df18@group-644576B5741B, cid=1546, SUCCESS, logIndex=2177, commits[4c571e18-69a3-4a6d-81de-e3e48052df18:c2177, 15893972-388e-43c0-9d6c-ca4c76ac06da:c2175, c86beb1c-9105-4588-b1e8-133030361c51:c2175]
2019-07-12 12:28:16,537 INFO  client.GrpcClientProtocolClient (GrpcClientProtocolClient.java:onNext(255)) - client-D83FC23EEBD8->4c571e18-69a3-4a6d-81de-e3e48052df18: receive RaftClientReply:client-D83FC23EEBD8->4c571e18-69a3-4a6d-81de-e3e48052df18@group-644576B5741B, cid=1547, SUCCESS, logIndex=2178, commits[4c571e18-69a3-4a6d-81de-e3e48052df18:c2178, 15893972-388e-43c0-9d6c-ca4c76ac06da:c2175, c86beb1c-9105-4588-b1e8-133030361c51:c2175]
2019-07-12 12:28:16,537 INFO  client.GrpcClientProtocolClient (GrpcClientProtocolClient.java:onNext(255)) - client-D83FC23EEBD8->4c571e18-69a3-4a6d-81de-e3e48052df18: receive RaftClientReply:client-D83FC23EEBD8->4c571e18-69a3-4a6d-81de-e3e48052df18@group-644576B5741B, cid=1548, SUCCESS, logIndex=2179, commits[4c571e18-69a3-4a6d-81de-e3e48052df18:c2179, 15893972-388e-43c0-9d6c-ca4c76ac06da:c2175, c86beb1c-9105-4588-b1e8-133030361c51:c2175]
2019-07-12 12:28:16,538 INFO  client.GrpcClientProtocolClient (GrpcClientProtocolClient.java:onNext(255)) - client-D83FC23EEBD8->4c571e18-69a3-4a6d-81de-e3e48052df18: receive RaftClientReply:client-D83FC23EEBD8->4c571e18-69a3-4a6d-81de-e3e48052df18@group-644576B5741B, cid=1549, SUCCESS, logIndex=0, commits[4c571e18-69a3-4a6d-81de-e3e48052df18:c2181, 15893972-388e-43c0-9d6c-ca4c76ac06da:c2177, c86beb1c-9105-4588-b1e8-133030361c51:c2177]
2019-07-12 12:28:16,557 INFO  client.GrpcClientProtocolClient (GrpcClientProtocolClient.java:onNext(255)) - client-D83FC23EEBD8->4c571e18-69a3-4a6d-81de-e3e48052df18: receive RaftClientReply:client-D83FC23EEBD8->4c571e18-69a3-4a6d-81de-e3e48052df18@group-644576B5741B, cid=1550, SUCCESS, logIndex=2184, commits[4c571e18-69a3-4a6d-81de-e3e48052df18:c2185, 15893972-388e-43c0-9d6c-ca4c76ac06da:c2183, c86beb1c-9105-4588-b1e8-133030361c51:c2183]
2019-07-12 12:28:16,557 INFO  client.GrpcClientProtocolClient (GrpcClientProtocolClient.java:onNext(255)) - client-D83FC23EEBD8->4c571e18-69a3-4a6d-81de-e3e48052df18: receive RaftClientReply:client-D83FC23EEBD8->4c571e18-69a3-4a6d-81de-e3e48052df18@group-644576B5741B, cid=1551, SUCCESS, logIndex=2185, commits[4c571e18-69a3-4a6d-81de-e3e48052df18:c2185, 15893972-388e-43c0-9d6c-ca4c76ac06da:c2183, c86beb1c-9105-4588-b1e8-133030361c51:c2183]
2019-07-12 12:28:16,570 INFO  client.GrpcClientProtocolClient (GrpcClientProtocolClient.java:onNext(255)) - client-D83FC23EEBD8->4c571e18-69a3-4a6d-81de-e3e48052df18: receive RaftClientReply:client-D83FC23EEBD8->4c571e18-69a3-4a6d-81de-e3e48052df18@group-644576B5741B, cid=1552, SUCCESS, logIndex=2188, commits[4c571e18-69a3-4a6d-81de-e3e48052df18:c2188, 15893972-388e-43c0-9d6c-ca4c76ac06da:c2185, c86beb1c-9105-4588-b1e8-133030361c51:c2185]
2019-07-12 12:28:16,570 INFO  client.GrpcClientProtocolClient (GrpcClientProtocolClient.java:onNext(255)) - client-D83FC23EEBD8->4c571e18-69a3-4a6d-81de-e3e48052df18: receive RaftClientReply:client-D83FC23EEBD8->4c571e18-69a3-4a6d-81de-e3e48052df18@group-644576B5741B, cid=1553, SUCCESS, logIndex=2189, commits[4c571e18-69a3-4a6d-81de-e3e48052df18:c2189, 15893972-388e-43c0-9d6c-ca4c76ac06da:c2185, c86beb1c-9105-4588-b1e8-133030361c51:c2185]
2019-07-12 12:28:16,583 INFO  client.GrpcClientProtocolClient (GrpcClientProtocolClient.java:onNext(255)) - client-D83FC23EEBD8->4c571e18-69a3-4a6d-81de-e3e48052df18: receive RaftClientReply:client-D83FC23EEBD8->4c571e18-69a3-4a6d-81de-e3e48052df18@group-644576B5741B, cid=1554, SUCCESS, logIndex=0, commits[4c571e18-69a3-4a6d-81de-e3e48052df18:c2191, 15893972-388e-43c0-9d6c-ca4c76ac06da:c2189, c86beb1c-9105-4588-b1e8-133030361c51:c2189]
2019-07-12 12:28:16,610 INFO  client.GrpcClientProtocolClient (GrpcClientProtocolClient.java:onNext(255)) - client-D83FC23EEBD8->4c571e18-69a3-4a6d-81de-e3e48052df18: receive RaftClientReply:client-D83FC23EEBD8->4c571e18-69a3-4a6d-81de-e3e48052df18@group-644576B5741B, cid=1555, SUCCESS, logIndex=2192, commits[4c571e18-69a3-4a6d-81de-e3e48052df18:c2193, 15893972-388e-43c0-9d6c-ca4c76ac06da:c2191, c86beb1c-9105-4588-b1e8-133030361c51:c2191]
2019-07-12 12:28:16,610 INFO  client.GrpcClientProtocolClient (GrpcClientProtocolClient.java:onNext(255)) - client-D83FC23EEBD8->4c571e18-69a3-4a6d-81de-e3e48052df18: receive RaftClientReply:client-D83FC23EEBD8->4c571e18-69a3-4a6d-81de-e3e48052df18@group-644576B5741B, cid=1556, SUCCESS, logIndex=2193, commits[4c571e18-69a3-4a6d-81de-e3e48052df18:c2193, 15893972-388e-43c0-9d6c-ca4c76ac06da:c2191, c86beb1c-9105-4588-b1e8-133030361c51:c2191]
2019-07-12 12:28:16,611 INFO  client.GrpcClientProtocolClient (GrpcClientProtocolClient.java:onNext(255)) - client-D83FC23EEBD8->4c571e18-69a3-4a6d-81de-e3e48052df18: receive RaftClientReply:client-D83FC23EEBD8->4c571e18-69a3-4a6d-81de-e3e48052df18@group-644576B5741B, cid=1557, SUCCESS, logIndex=2194, commits[4c571e18-69a3-4a6d-81de-e3e48052df18:c2195, 15893972-388e-43c0-9d6c-ca4c76ac06da:c2191, c86beb1c-9105-4588-b1e8-133030361c51:c2191]
2019-07-12 12:28:16,611 INFO  client.GrpcClientProtocolClient (GrpcClientProtocolClient.java:onNext(255)) - client-D83FC23EEBD8->4c571e18-69a3-4a6d-81de-e3e48052df18: receive RaftClientReply:client-D83FC23EEBD8->4c571e18-69a3-4a6d-81de-e3e48052df18@group-644576B5741B, cid=1558, SUCCESS, logIndex=2195, commits[4c571e18-69a3-4a6d-81de-e3e48052df18:c2195, 15893972-388e-43c0-9d6c-ca4c76ac06da:c2191, c86beb1c-9105-4588-b1e8-133030361c51:c2191]
2019-07-12 12:28:16,613 INFO  client.GrpcClientProtocolClient (GrpcClientProtocolClient.java:onNext(255)) - client-D83FC23EEBD8->4c571e18-69a3-4a6d-81de-e3e48052df18: receive RaftClientReply:client-D83FC23EEBD8->4c571e18-69a3-4a6d-81de-e3e48052df18@group-644576B5741B, cid=1559, SUCCESS, logIndex=0, commits[4c571e18-69a3-4a6d-81de-e3e48052df18:c2197, 15893972-388e-43c0-9d6c-ca4c76ac06da:c2193, c86beb1c-9105-4588-b1e8-133030361c51:c2193]
2019-07-12 12:28:16,632 INFO  client.GrpcClientProtocolClient (GrpcClientProtocolClient.java:onNext(255)) - client-D83FC23EEBD8->4c571e18-69a3-4a6d-81de-e3e48052df18: receive RaftClientReply:client-D83FC23EEBD8->4c571e18-69a3-4a6d-81de-e3e48052df18@group-644576B5741B, cid=1560, SUCCESS, logIndex=2200, commits[4c571e18-69a3-4a6d-81de-e3e48052df18:c2201, 15893972-388e-43c0-9d6c-ca4c76ac06da:c2199, c86beb1c-9105-4588-b1e8-133030361c51:c2199]
2019-07-12 12:28:16,633 INFO  client.GrpcClientProtocolClient (GrpcClientProtocolClient.java:onNext(255)) - client-D83FC23EEBD8->4c571e18-69a3-4a6d-81de-e3e48052df18: receive RaftClientReply:client-D83FC23EEBD8->4c571e18-69a3-4a6d-81de-e3e48052df18@group-644576B5741B, cid=1561, SUCCESS, logIndex=2201, commits[4c571e18-69a3-4a6d-81de-e3e48052df18:c2201, 15893972-388e-43c0-9d6c-ca4c76ac06da:c2199, c86beb1c-9105-4588-b1e8-133030361c51:c2199]
2019-07-12 12:28:16,645 INFO  client.GrpcClientProtocolClient (GrpcClientProtocolClient.java:onNext(255)) - client-D83FC23EEBD8->4c571e18-69a3-4a6d-81de-e3e48052df18: receive RaftClientReply:client-D83FC23EEBD8->4c571e18-69a3-4a6d-81de-e3e48052df18@group-644576B5741B, cid=1562, SUCCESS, logIndex=2204, commits[4c571e18-69a3-4a6d-81de-e3e48052df18:c2205, 15893972-388e-43c0-9d6c-ca4c76ac06da:c2201, c86beb1c-9105-4588-b1e8-133030361c51:c2201]
2019-07-12 12:28:16,645 INFO  client.GrpcClientProtocolClient (GrpcClientProtocolClient.java:onNext(255)) - client-D83FC23EEBD8->4c571e18-69a3-4a6d-81de-e3e48052df18: receive RaftClientReply:client-D83FC23EEBD8->4c571e18-69a3-4a6d-81de-e3e48052df18@group-644576B5741B, cid=1563, SUCCESS, logIndex=2205, commits[4c571e18-69a3-4a6d-81de-e3e48052df18:c2205, 15893972-388e-43c0-9d6c-ca4c76ac06da:c2201, c86beb1c-9105-4588-b1e8-133030361c51:c2201]
2019-07-12 12:28:16,647 INFO  client.GrpcClientProtocolClient (GrpcClientProtocolClient.java:onNext(255)) - client-D83FC23EEBD8->4c571e18-69a3-4a6d-81de-e3e48052df18: receive RaftClientReply:client-D83FC23EEBD8->4c571e18-69a3-4a6d-81de-e3e48052df18@group-644576B5741B, cid=1564, SUCCESS, logIndex=0, commits[4c571e18-69a3-4a6d-81de-e3e48052df18:c2207, 15893972-388e-43c0-9d6c-ca4c76ac06da:c2205, c86beb1c-9105-4588-b1e8-133030361c51:c2205]
2019-07-12 12:28:16,670 INFO  client.GrpcClientProtocolClient (GrpcClientProtocolClient.java:onNext(255)) - client-D83FC23EEBD8->4c571e18-69a3-4a6d-81de-e3e48052df18: receive RaftClientReply:client-D83FC23EEBD8->4c571e18-69a3-4a6d-81de-e3e48052df18@group-644576B5741B, cid=1565, SUCCESS, logIndex=2208, commits[4c571e18-69a3-4a6d-81de-e3e48052df18:c2209, 15893972-388e-43c0-9d6c-ca4c76ac06da:c2207, c86beb1c-9105-4588-b1e8-133030361c51:c2207]
2019-07-12 12:28:16,671 INFO  client.GrpcClientProtocolClient (GrpcClientProtocolClient.java:onNext(255)) - client-D83FC23EEBD8->4c571e18-69a3-4a6d-81de-e3e48052df18: receive RaftClientReply:client-D83FC23EEBD8->4c571e18-69a3-4a6d-81de-e3e48052df18@group-644576B5741B, cid=1566, SUCCESS, logIndex=2209, commits[4c571e18-69a3-4a6d-81de-e3e48052df18:c2209, 15893972-388e-43c0-9d6c-ca4c76ac06da:c2207, c86beb1c-9105-4588-b1e8-133030361c51:c2207]
2019-07-12 12:28:16,671 INFO  client.GrpcClientProtocolClient (GrpcClientProtocolClient.java:onNext(255)) - client-D83FC23EEBD8->4c571e18-69a3-4a6d-81de-e3e48052df18: receive RaftClientReply:client-D83FC23EEBD8->4c571e18-69a3-4a6d-81de-e3e48052df18@group-644576B5741B, cid=1567, SUCCESS, logIndex=2210, commits[4c571e18-69a3-4a6d-81de-e3e48052df18:c2211, 15893972-388e-43c0-9d6c-ca4c76ac06da:c2207, c86beb1c-9105-4588-b1e8-133030361c51:c2207]
2019-07-12 12:28:16,671 INFO  client.GrpcClientProtocolClient (GrpcClientProtocolClient.java:onNext(255)) - client-D83FC23EEBD8->4c571e18-69a3-4a6d-81de-e3e48052df18: receive RaftClientReply:client-D83FC23EEBD8->4c571e18-69a3-4a6d-81de-e3e48052df18@group-644576B5741B, cid=1568, SUCCESS, logIndex=2211, commits[4c571e18-69a3-4a6d-81de-e3e48052df18:c2211, 15893972-388e-43c0-9d6c-ca4c76ac06da:c2207, c86beb1c-9105-4588-b1e8-133030361c51:c2207]
2019-07-12 12:28:16,673 INFO  client.GrpcClientProtocolClient (GrpcClientProtocolClient.java:onNext(255)) - client-D83FC23EEBD8->4c571e18-69a3-4a6d-81de-e3e48052df18: receive RaftClientReply:client-D83FC23EEBD8->4c571e18-69a3-4a6d-81de-e3e48052df18@group-644576B5741B, cid=1569, SUCCESS, logIndex=0, commits[4c571e18-69a3-4a6d-81de-e3e48052df18:c2213, 15893972-388e-43c0-9d6c-ca4c76ac06da:c2209, c86beb1c-9105-4588-b1e8-133030361c51:c2209]
2019-07-12 12:28:16,694 INFO  client.GrpcClientProtocolClient (GrpcClientProtocolClient.java:onNext(255)) - client-D83FC23EEBD8->4c571e18-69a3-4a6d-81de-e3e48052df18: receive RaftClientReply:client-D83FC23EEBD8->4c571e18-69a3-4a6d-81de-e3e48052df18@group-644576B5741B, cid=1570, SUCCESS, logIndex=2216, commits[4c571e18-69a3-4a6d-81de-e3e48052df18:c2217, 15893972-388e-43c0-9d6c-ca4c76ac06da:c2215, c86beb1c-9105-4588-b1e8-133030361c51:c2215]
2019-07-12 12:28:16,695 INFO  client.GrpcClientProtocolClient (GrpcClientProtocolClient.java:onNext(255)) - client-D83FC23EEBD8->4c571e18-69a3-4a6d-81de-e3e48052df18: receive RaftClientReply:client-D83FC23EEBD8->4c571e18-69a3-4a6d-81de-e3e48052df18@group-644576B5741B, cid=1571, SUCCESS, logIndex=2217, commits[4c571e18-69a3-4a6d-81de-e3e48052df18:c2217, 15893972-388e-43c0-9d6c-ca4c76ac06da:c2215, c86beb1c-9105-4588-b1e8-133030361c51:c2215]
2019-07-12 12:28:16,781 INFO  client.GrpcClientProtocolClient (GrpcClientProtocolClient.java:onNext(255)) - client-D83FC23EEBD8->4c571e18-69a3-4a6d-81de-e3e48052df18: receive RaftClientReply:client-D83FC23EEBD8->4c571e18-69a3-4a6d-81de-e3e48052df18@group-644576B5741B, cid=1572, SUCCESS, logIndex=2220, commits[4c571e18-69a3-4a6d-81de-e3e48052df18:c2220, 15893972-388e-43c0-9d6c-ca4c76ac06da:c2218, c86beb1c-9105-4588-b1e8-133030361c51:c2218]
2019-07-12 12:28:16,781 INFO  client.GrpcClientProtocolClient (GrpcClientProtocolClient.java:onNext(255)) - client-D83FC23EEBD8->4c571e18-69a3-4a6d-81de-e3e48052df18: receive RaftClientReply:client-D83FC23EEBD8->4c571e18-69a3-4a6d-81de-e3e48052df18@group-644576B5741B, cid=1573, SUCCESS, logIndex=2221, commits[4c571e18-69a3-4a6d-81de-e3e48052df18:c2221, 15893972-388e-43c0-9d6c-ca4c76ac06da:c2218, c86beb1c-9105-4588-b1e8-133030361c51:c2218]
2019-07-12 12:28:16,784 INFO  client.GrpcClientProtocolClient (GrpcClientProtocolClient.java:onNext(255)) - client-D83FC23EEBD8->4c571e18-69a3-4a6d-81de-e3e48052df18: receive RaftClientReply:client-D83FC23EEBD8->4c571e18-69a3-4a6d-81de-e3e48052df18@group-644576B5741B, cid=1574, SUCCESS, logIndex=0, commits[4c571e18-69a3-4a6d-81de-e3e48052df18:c2223, 15893972-388e-43c0-9d6c-ca4c76ac06da:c2221, c86beb1c-9105-4588-b1e8-133030361c51:c2221]
2019-07-12 12:28:16,808 INFO  client.GrpcClientProtocolClient (GrpcClientProtocolClient.java:onNext(255)) - client-D83FC23EEBD8->4c571e18-69a3-4a6d-81de-e3e48052df18: receive RaftClientReply:client-D83FC23EEBD8->4c571e18-69a3-4a6d-81de-e3e48052df18@group-644576B5741B, cid=1575, SUCCESS, logIndex=2224, commits[4c571e18-69a3-4a6d-81de-e3e48052df18:c2225, 15893972-388e-43c0-9d6c-ca4c76ac06da:c2223, c86beb1c-9105-4588-b1e8-133030361c51:c2223]
2019-07-12 12:28:16,808 INFO  client.GrpcClientProtocolClient (GrpcClientProtocolClient.java:onNext(255)) - client-D83FC23EEBD8->4c571e18-69a3-4a6d-81de-e3e48052df18: receive RaftClientReply:client-D83FC23EEBD8->4c571e18-69a3-4a6d-81de-e3e48052df18@group-644576B5741B, cid=1576, SUCCESS, logIndex=2225, commits[4c571e18-69a3-4a6d-81de-e3e48052df18:c2225, 15893972-388e-43c0-9d6c-ca4c76ac06da:c2223, c86beb1c-9105-4588-b1e8-133030361c51:c2223]
2019-07-12 12:28:16,809 INFO  client.GrpcClientProtocolClient (GrpcClientProtocolClient.java:onNext(255)) - client-D83FC23EEBD8->4c571e18-69a3-4a6d-81de-e3e48052df18: receive RaftClientReply:client-D83FC23EEBD8->4c571e18-69a3-4a6d-81de-e3e48052df18@group-644576B5741B, cid=1577, SUCCESS, logIndex=2226, commits[4c571e18-69a3-4a6d-81de-e3e48052df18:c2226, 15893972-388e-43c0-9d6c-ca4c76ac06da:c2223, c86beb1c-9105-4588-b1e8-133030361c51:c2223]
2019-07-12 12:28:16,809 INFO  client.GrpcClientProtocolClient (GrpcClientProtocolClient.java:onNext(255)) - client-D83FC23EEBD8->4c571e18-69a3-4a6d-81de-e3e48052df18: receive RaftClientReply:client-D83FC23EEBD8->4c571e18-69a3-4a6d-81de-e3e48052df18@group-644576B5741B, cid=1578, SUCCESS, logIndex=2227, commits[4c571e18-69a3-4a6d-81de-e3e48052df18:c2227, 15893972-388e-43c0-9d6c-ca4c76ac06da:c2223, c86beb1c-9105-4588-b1e8-133030361c51:c2223]
2019-07-12 12:28:16,811 INFO  client.GrpcClientProtocolClient (GrpcClientProtocolClient.java:onNext(255)) - client-D83FC23EEBD8->4c571e18-69a3-4a6d-81de-e3e48052df18: receive RaftClientReply:client-D83FC23EEBD8->4c571e18-69a3-4a6d-81de-e3e48052df18@group-644576B5741B, cid=1579, SUCCESS, logIndex=0, commits[4c571e18-69a3-4a6d-81de-e3e48052df18:c2229, 15893972-388e-43c0-9d6c-ca4c76ac06da:c2225, c86beb1c-9105-4588-b1e8-133030361c51:c2225]
2019-07-12 12:28:16,829 INFO  client.GrpcClientProtocolClient (GrpcClientProtocolClient.java:onNext(255)) - client-D83FC23EEBD8->4c571e18-69a3-4a6d-81de-e3e48052df18: receive RaftClientReply:client-D83FC23EEBD8->4c571e18-69a3-4a6d-81de-e3e48052df18@group-644576B5741B, cid=1580, SUCCESS, logIndex=2232, commits[4c571e18-69a3-4a6d-81de-e3e48052df18:c2233, 15893972-388e-43c0-9d6c-ca4c76ac06da:c2231, c86beb1c-9105-4588-b1e8-133030361c51:c2231]
2019-07-12 12:28:16,830 INFO  client.GrpcClientProtocolClient (GrpcClientProtocolClient.java:onNext(255)) - client-D83FC23EEBD8->4c571e18-69a3-4a6d-81de-e3e48052df18: receive RaftClientReply:client-D83FC23EEBD8->4c571e18-69a3-4a6d-81de-e3e48052df18@group-644576B5741B, cid=1581, SUCCESS, logIndex=2233, commits[4c571e18-69a3-4a6d-81de-e3e48052df18:c2233, 15893972-388e-43c0-9d6c-ca4c76ac06da:c2231, c86beb1c-9105-4588-b1e8-133030361c51:c2231]
2019-07-12 12:28:16,842 INFO  client.GrpcClientProtocolClient (GrpcClientProtocolClient.java:onNext(255)) - client-D83FC23EEBD8->4c571e18-69a3-4a6d-81de-e3e48052df18: receive RaftClientReply:client-D83FC23EEBD8->4c571e18-69a3-4a6d-81de-e3e48052df18@group-644576B5741B, cid=1582, SUCCESS, logIndex=2236, commits[4c571e18-69a3-4a6d-81de-e3e48052df18:c2236, 15893972-388e-43c0-9d6c-ca4c76ac06da:c2233, c86beb1c-9105-4588-b1e8-133030361c51:c2233]
2019-07-12 12:28:16,843 INFO  client.GrpcClientProtocolClient (GrpcClientProtocolClient.java:onNext(255)) - client-D83FC23EEBD8->4c571e18-69a3-4a6d-81de-e3e48052df18: receive RaftClientReply:client-D83FC23EEBD8->4c571e18-69a3-4a6d-81de-e3e48052df18@group-644576B5741B, cid=1583, SUCCESS, logIndex=2237, commits[4c571e18-69a3-4a6d-81de-e3e48052df18:c2237, 15893972-388e-43c0-9d6c-ca4c76ac06da:c2233, c86beb1c-9105-4588-b1e8-133030361c51:c2233]
2019-07-12 12:28:16,845 INFO  client.GrpcClientProtocolClient (GrpcClientProtocolClient.java:onNext(255)) - client-D83FC23EEBD8->4c571e18-69a3-4a6d-81de-e3e48052df18: receive RaftClientReply:client-D83FC23EEBD8->4c571e18-69a3-4a6d-81de-e3e48052df18@group-644576B5741B, cid=1584, SUCCESS, logIndex=0, commits[4c571e18-69a3-4a6d-81de-e3e48052df18:c2239, 15893972-388e-43c0-9d6c-ca4c76ac06da:c2237, c86beb1c-9105-4588-b1e8-133030361c51:c2237]
2019-07-12 12:28:16,874 INFO  client.GrpcClientProtocolClient (GrpcClientProtocolClient.java:onNext(255)) - client-D83FC23EEBD8->4c571e18-69a3-4a6d-81de-e3e48052df18: receive RaftClientReply:client-D83FC23EEBD8->4c571e18-69a3-4a6d-81de-e3e48052df18@group-644576B5741B, cid=1585, SUCCESS, logIndex=2240, commits[4c571e18-69a3-4a6d-81de-e3e48052df18:c2241, 15893972-388e-43c0-9d6c-ca4c76ac06da:c2239, c86beb1c-9105-4588-b1e8-133030361c51:c2239]
2019-07-12 12:28:16,875 INFO  client.GrpcClientProtocolClient (GrpcClientProtocolClient.java:onNext(255)) - client-D83FC23EEBD8->4c571e18-69a3-4a6d-81de-e3e48052df18: receive RaftClientReply:client-D83FC23EEBD8->4c571e18-69a3-4a6d-81de-e3e48052df18@group-644576B5741B, cid=1586, SUCCESS, logIndex=2241, commits[4c571e18-69a3-4a6d-81de-e3e48052df18:c2243, 15893972-388e-43c0-9d6c-ca4c76ac06da:c2239, c86beb1c-9105-4588-b1e8-133030361c51:c2239]
2019-07-12 12:28:16,875 INFO  client.GrpcClientProtocolClient (GrpcClientProtocolClient.java:onNext(255)) - client-D83FC23EEBD8->4c571e18-69a3-4a6d-81de-e3e48052df18: receive RaftClientReply:client-D83FC23EEBD8->4c571e18-69a3-4a6d-81de-e3e48052df18@group-644576B5741B, cid=1587, SUCCESS, logIndex=2242, commits[4c571e18-69a3-4a6d-81de-e3e48052df18:c2243, 15893972-388e-43c0-9d6c-ca4c76ac06da:c2239, c86beb1c-9105-4588-b1e8-133030361c51:c2239]
2019-07-12 12:28:16,875 INFO  client.GrpcClientProtocolClient (GrpcClientProtocolClient.java:onNext(255)) - client-D83FC23EEBD8->4c571e18-69a3-4a6d-81de-e3e48052df18: receive RaftClientReply:client-D83FC23EEBD8->4c571e18-69a3-4a6d-81de-e3e48052df18@group-644576B5741B, cid=1588, SUCCESS, logIndex=2243, commits[4c571e18-69a3-4a6d-81de-e3e48052df18:c2243, 15893972-388e-43c0-9d6c-ca4c76ac06da:c2239, c86beb1c-9105-4588-b1e8-133030361c51:c2239]
2019-07-12 12:28:16,886 INFO  client.GrpcClientProtocolClient (GrpcClientProtocolClient.java:onNext(255)) - client-D83FC23EEBD8->4c571e18-69a3-4a6d-81de-e3e48052df18: receive RaftClientReply:client-D83FC23EEBD8->4c571e18-69a3-4a6d-81de-e3e48052df18@group-644576B5741B, cid=1589, SUCCESS, logIndex=0, commits[4c571e18-69a3-4a6d-81de-e3e48052df18:c2243, 15893972-388e-43c0-9d6c-ca4c76ac06da:c2241, c86beb1c-9105-4588-b1e8-133030361c51:c2241]
2019-07-12 12:28:16,904 INFO  client.GrpcClientProtocolClient (GrpcClientProtocolClient.java:onNext(255)) - client-D83FC23EEBD8->4c571e18-69a3-4a6d-81de-e3e48052df18: receive RaftClientReply:client-D83FC23EEBD8->4c571e18-69a3-4a6d-81de-e3e48052df18@group-644576B5741B, cid=1590, SUCCESS, logIndex=2247, commits[4c571e18-69a3-4a6d-81de-e3e48052df18:c2248, 15893972-388e-43c0-9d6c-ca4c76ac06da:c2246, c86beb1c-9105-4588-b1e8-133030361c51:c2246]
2019-07-12 12:28:16,905 INFO  client.GrpcClientProtocolClient (GrpcClientProtocolClient.java:onNext(255)) - client-D83FC23EEBD8->4c571e18-69a3-4a6d-81de-e3e48052df18: receive RaftClientReply:client-D83FC23EEBD8->4c571e18-69a3-4a6d-81de-e3e48052df18@group-644576B5741B, cid=1591, SUCCESS, logIndex=2248, commits[4c571e18-69a3-4a6d-81de-e3e48052df18:c2248, 15893972-388e-43c0-9d6c-ca4c76ac06da:c2246, c86beb1c-9105-4588-b1e8-133030361c51:c2246]
2019-07-12 12:28:16,927 INFO  client.GrpcClientProtocolClient (GrpcClientProtocolClient.java:onNext(255)) - client-D83FC23EEBD8->4c571e18-69a3-4a6d-81de-e3e48052df18: receive RaftClientReply:client-D83FC23EEBD8->4c571e18-69a3-4a6d-81de-e3e48052df18@group-644576B5741B, cid=1592, SUCCESS, logIndex=2251, commits[4c571e18-69a3-4a6d-81de-e3e48052df18:c2251, 15893972-388e-43c0-9d6c-ca4c76ac06da:c2248, c86beb1c-9105-4588-b1e8-133030361c51:c2247]
2019-07-12 12:28:16,929 INFO  client.GrpcClientProtocolClient (GrpcClientProtocolClient.java:onNext(255)) - client-D83FC23EEBD8->4c571e18-69a3-4a6d-81de-e3e48052df18: receive RaftClientReply:client-D83FC23EEBD8->4c571e18-69a3-4a6d-81de-e3e48052df18@group-644576B5741B, cid=1593, SUCCESS, logIndex=2252, commits[4c571e18-69a3-4a6d-81de-e3e48052df18:c2252, 15893972-388e-43c0-9d6c-ca4c76ac06da:c2248, c86beb1c-9105-4588-b1e8-133030361c51:c2248]
2019-07-12 12:28:16,931 INFO  client.GrpcClientProtocolClient (GrpcClientProtocolClient.java:onNext(255)) - client-D83FC23EEBD8->4c571e18-69a3-4a6d-81de-e3e48052df18: receive RaftClientReply:client-D83FC23EEBD8->4c571e18-69a3-4a6d-81de-e3e48052df18@group-644576B5741B, cid=1594, SUCCESS, logIndex=0, commits[4c571e18-69a3-4a6d-81de-e3e48052df18:c2254, 15893972-388e-43c0-9d6c-ca4c76ac06da:c2252, c86beb1c-9105-4588-b1e8-133030361c51:c2252]
2019-07-12 12:28:16,957 INFO  client.GrpcClientProtocolClient (GrpcClientProtocolClient.java:onNext(255)) - client-D83FC23EEBD8->4c571e18-69a3-4a6d-81de-e3e48052df18: receive RaftClientReply:client-D83FC23EEBD8->4c571e18-69a3-4a6d-81de-e3e48052df18@group-644576B5741B, cid=1595, SUCCESS, logIndex=2255, commits[4c571e18-69a3-4a6d-81de-e3e48052df18:c2256, 15893972-388e-43c0-9d6c-ca4c76ac06da:c2254, c86beb1c-9105-4588-b1e8-133030361c51:c2254]
2019-07-12 12:28:16,958 INFO  client.GrpcClientProtocolClient (GrpcClientProtocolClient.java:onNext(255)) - client-D83FC23EEBD8->4c571e18-69a3-4a6d-81de-e3e48052df18: receive RaftClientReply:client-D83FC23EEBD8->4c571e18-69a3-4a6d-81de-e3e48052df18@group-644576B5741B, cid=1596, SUCCESS, logIndex=2256, commits[4c571e18-69a3-4a6d-81de-e3e48052df18:c2258, 15893972-388e-43c0-9d6c-ca4c76ac06da:c2254, c86beb1c-9105-4588-b1e8-133030361c51:c2254]
2019-07-12 12:28:16,958 INFO  client.GrpcClientProtocolClient (GrpcClientProtocolClient.java:onNext(255)) - client-D83FC23EEBD8->4c571e18-69a3-4a6d-81de-e3e48052df18: receive RaftClientReply:client-D83FC23EEBD8->4c571e18-69a3-4a6d-81de-e3e48052df18@group-644576B5741B, cid=1597, SUCCESS, logIndex=2257, commits[4c571e18-69a3-4a6d-81de-e3e48052df18:c2258, 15893972-388e-43c0-9d6c-ca4c76ac06da:c2254, c86beb1c-9105-4588-b1e8-133030361c51:c2254]
2019-07-12 12:28:16,958 INFO  client.GrpcClientProtocolClient (GrpcClientProtocolClient.java:onNext(255)) - client-D83FC23EEBD8->4c571e18-69a3-4a6d-81de-e3e48052df18: receive RaftClientReply:client-D83FC23EEBD8->4c571e18-69a3-4a6d-81de-e3e48052df18@group-644576B5741B, cid=1598, SUCCESS, logIndex=2258, commits[4c571e18-69a3-4a6d-81de-e3e48052df18:c2258, 15893972-388e-43c0-9d6c-ca4c76ac06da:c2254, c86beb1c-9105-4588-b1e8-133030361c51:c2254]
2019-07-12 12:28:16,960 INFO  client.GrpcClientProtocolClient (GrpcClientProtocolClient.java:onNext(255)) - client-D83FC23EEBD8->4c571e18-69a3-4a6d-81de-e3e48052df18: receive RaftClientReply:client-D83FC23EEBD8->4c571e18-69a3-4a6d-81de-e3e48052df18@group-644576B5741B, cid=1599, SUCCESS, logIndex=0, commits[4c571e18-69a3-4a6d-81de-e3e48052df18:c2259, 15893972-388e-43c0-9d6c-ca4c76ac06da:c2256, c86beb1c-9105-4588-b1e8-133030361c51:c2256]
2019-07-12 12:28:16,978 INFO  client.GrpcClientProtocolClient (GrpcClientProtocolClient.java:onNext(255)) - client-D83FC23EEBD8->4c571e18-69a3-4a6d-81de-e3e48052df18: receive RaftClientReply:client-D83FC23EEBD8->4c571e18-69a3-4a6d-81de-e3e48052df18@group-644576B5741B, cid=1600, SUCCESS, logIndex=2263, commits[4c571e18-69a3-4a6d-81de-e3e48052df18:c2264, 15893972-388e-43c0-9d6c-ca4c76ac06da:c2262, c86beb1c-9105-4588-b1e8-133030361c51:c2262]
2019-07-12 12:28:16,979 INFO  client.GrpcClientProtocolClient (GrpcClientProtocolClient.java:onNext(255)) - client-D83FC23EEBD8->4c571e18-69a3-4a6d-81de-e3e48052df18: receive RaftClientReply:client-D83FC23EEBD8->4c571e18-69a3-4a6d-81de-e3e48052df18@group-644576B5741B, cid=1601, SUCCESS, logIndex=2264, commits[4c571e18-69a3-4a6d-81de-e3e48052df18:c2264, 15893972-388e-43c0-9d6c-ca4c76ac06da:c2262, c86beb1c-9105-4588-b1e8-133030361c51:c2262]
2019-07-12 12:28:16,992 INFO  client.GrpcClientProtocolClient (GrpcClientProtocolClient.java:onNext(255)) - client-D83FC23EEBD8->4c571e18-69a3-4a6d-81de-e3e48052df18: receive RaftClientReply:client-D83FC23EEBD8->4c571e18-69a3-4a6d-81de-e3e48052df18@group-644576B5741B, cid=1602, SUCCESS, logIndex=2267, commits[4c571e18-69a3-4a6d-81de-e3e48052df18:c2268, 15893972-388e-43c0-9d6c-ca4c76ac06da:c2264, c86beb1c-9105-4588-b1e8-133030361c51:c2264]
2019-07-12 12:28:16,992 INFO  client.GrpcClientProtocolClient (GrpcClientProtocolClient.java:onNext(255)) - client-D83FC23EEBD8->4c571e18-69a3-4a6d-81de-e3e48052df18: receive RaftClientReply:client-D83FC23EEBD8->4c571e18-69a3-4a6d-81de-e3e48052df18@group-644576B5741B, cid=1603, SUCCESS, logIndex=2268, commits[4c571e18-69a3-4a6d-81de-e3e48052df18:c2268, 15893972-388e-43c0-9d6c-ca4c76ac06da:c2264, c86beb1c-9105-4588-b1e8-133030361c51:c2264]
2019-07-12 12:28:17,004 INFO  client.GrpcClientProtocolClient (GrpcClientProtocolClient.java:onNext(255)) - client-D83FC23EEBD8->4c571e18-69a3-4a6d-81de-e3e48052df18: receive RaftClientReply:client-D83FC23EEBD8->4c571e18-69a3-4a6d-81de-e3e48052df18@group-644576B5741B, cid=1604, SUCCESS, logIndex=0, commits[4c571e18-69a3-4a6d-81de-e3e48052df18:c2270, 15893972-388e-43c0-9d6c-ca4c76ac06da:c2268, c86beb1c-9105-4588-b1e8-133030361c51:c2268]
2019-07-12 12:28:17,030 INFO  client.GrpcClientProtocolClient (GrpcClientProtocolClient.java:onNext(255)) - client-D83FC23EEBD8->4c571e18-69a3-4a6d-81de-e3e48052df18: receive RaftClientReply:client-D83FC23EEBD8->4c571e18-69a3-4a6d-81de-e3e48052df18@group-644576B5741B, cid=1605, SUCCESS, logIndex=2271, commits[4c571e18-69a3-4a6d-81de-e3e48052df18:c2274, 15893972-388e-43c0-9d6c-ca4c76ac06da:c2270, c86beb1c-9105-4588-b1e8-133030361c51:c2270]
2019-07-12 12:28:17,031 INFO  client.GrpcClientProtocolClient (GrpcClientProtocolClient.java:onNext(255)) - client-D83FC23EEBD8->4c571e18-69a3-4a6d-81de-e3e48052df18: receive RaftClientReply:client-D83FC23EEBD8->4c571e18-69a3-4a6d-81de-e3e48052df18@group-644576B5741B, cid=1606, SUCCESS, logIndex=2272, commits[4c571e18-69a3-4a6d-81de-e3e48052df18:c2274, 15893972-388e-43c0-9d6c-ca4c76ac06da:c2270, c86beb1c-9105-4588-b1e8-133030361c51:c2270]
2019-07-12 12:28:17,031 INFO  client.GrpcClientProtocolClient (GrpcClientProtocolClient.java:onNext(255)) - client-D83FC23EEBD8->4c571e18-69a3-4a6d-81de-e3e48052df18: receive RaftClientReply:client-D83FC23EEBD8->4c571e18-69a3-4a6d-81de-e3e48052df18@group-644576B5741B, cid=1607, SUCCESS, logIndex=2273, commits[4c571e18-69a3-4a6d-81de-e3e48052df18:c2274, 15893972-388e-43c0-9d6c-ca4c76ac06da:c2270, c86beb1c-9105-4588-b1e8-133030361c51:c2270]
2019-07-12 12:28:17,032 INFO  client.GrpcClientProtocolClient (GrpcClientProtocolClient.java:onNext(255)) - client-D83FC23EEBD8->4c571e18-69a3-4a6d-81de-e3e48052df18: receive RaftClientReply:client-D83FC23EEBD8->4c571e18-69a3-4a6d-81de-e3e48052df18@group-644576B5741B, cid=1608, SUCCESS, logIndex=2274, commits[4c571e18-69a3-4a6d-81de-e3e48052df18:c2274, 15893972-388e-43c0-9d6c-ca4c76ac06da:c2270, c86beb1c-9105-4588-b1e8-133030361c51:c2270]
2019-07-12 12:28:17,043 INFO  client.GrpcClientProtocolClient (GrpcClientProtocolClient.java:onNext(255)) - client-D83FC23EEBD8->4c571e18-69a3-4a6d-81de-e3e48052df18: receive RaftClientReply:client-D83FC23EEBD8->4c571e18-69a3-4a6d-81de-e3e48052df18@group-644576B5741B, cid=1609, SUCCESS, logIndex=0, commits[4c571e18-69a3-4a6d-81de-e3e48052df18:c2274, 15893972-388e-43c0-9d6c-ca4c76ac06da:c2272, c86beb1c-9105-4588-b1e8-133030361c51:c2272]
2019-07-12 12:28:17,065 INFO  client.GrpcClientProtocolClient (GrpcClientProtocolClient.java:onNext(255)) - client-D83FC23EEBD8->4c571e18-69a3-4a6d-81de-e3e48052df18: receive RaftClientReply:client-D83FC23EEBD8->4c571e18-69a3-4a6d-81de-e3e48052df18@group-644576B5741B, cid=1610, SUCCESS, logIndex=2279, commits[4c571e18-69a3-4a6d-81de-e3e48052df18:c2280, 15893972-388e-43c0-9d6c-ca4c76ac06da:c2278, c86beb1c-9105-4588-b1e8-133030361c51:c2278]
2019-07-12 12:28:17,066 INFO  client.GrpcClientProtocolClient (GrpcClientProtocolClient.java:onNext(255)) - client-D83FC23EEBD8->4c571e18-69a3-4a6d-81de-e3e48052df18: receive RaftClientReply:client-D83FC23EEBD8->4c571e18-69a3-4a6d-81de-e3e48052df18@group-644576B5741B, cid=1611, SUCCESS, logIndex=2280, commits[4c571e18-69a3-4a6d-81de-e3e48052df18:c2280, 15893972-388e-43c0-9d6c-ca4c76ac06da:c2278, c86beb1c-9105-4588-b1e8-133030361c51:c2278]
2019-07-12 12:28:17,078 INFO  client.GrpcClientProtocolClient (GrpcClientProtocolClient.java:onNext(255)) - client-D83FC23EEBD8->4c571e18-69a3-4a6d-81de-e3e48052df18: receive RaftClientReply:client-D83FC23EEBD8->4c571e18-69a3-4a6d-81de-e3e48052df18@group-644576B5741B, cid=1612, SUCCESS, logIndex=2283, commits[4c571e18-69a3-4a6d-81de-e3e48052df18:c2284, 15893972-388e-43c0-9d6c-ca4c76ac06da:c2280, c86beb1c-9105-4588-b1e8-133030361c51:c2280]
2019-07-12 12:28:17,078 INFO  client.GrpcClientProtocolClient (GrpcClientProtocolClient.java:onNext(255)) - client-D83FC23EEBD8->4c571e18-69a3-4a6d-81de-e3e48052df18: receive RaftClientReply:client-D83FC23EEBD8->4c571e18-69a3-4a6d-81de-e3e48052df18@group-644576B5741B, cid=1613, SUCCESS, logIndex=2284, commits[4c571e18-69a3-4a6d-81de-e3e48052df18:c2284, 15893972-388e-43c0-9d6c-ca4c76ac06da:c2280, c86beb1c-9105-4588-b1e8-133030361c51:c2280]
2019-07-12 12:28:17,091 INFO  client.GrpcClientProtocolClient (GrpcClientProtocolClient.java:onNext(255)) - client-D83FC23EEBD8->4c571e18-69a3-4a6d-81de-e3e48052df18: receive RaftClientReply:client-D83FC23EEBD8->4c571e18-69a3-4a6d-81de-e3e48052df18@group-644576B5741B, cid=1614, SUCCESS, logIndex=0, commits[4c571e18-69a3-4a6d-81de-e3e48052df18:c2286, 15893972-388e-43c0-9d6c-ca4c76ac06da:c2284, c86beb1c-9105-4588-b1e8-133030361c51:c2284]
2019-07-12 12:28:17,121 INFO  client.GrpcClientProtocolClient (GrpcClientProtocolClient.java:onNext(255)) - client-D83FC23EEBD8->4c571e18-69a3-4a6d-81de-e3e48052df18: receive RaftClientReply:client-D83FC23EEBD8->4c571e18-69a3-4a6d-81de-e3e48052df18@group-644576B5741B, cid=1615, SUCCESS, logIndex=2287, commits[4c571e18-69a3-4a6d-81de-e3e48052df18:c2288, 15893972-388e-43c0-9d6c-ca4c76ac06da:c2286, c86beb1c-9105-4588-b1e8-133030361c51:c2286]
2019-07-12 12:28:17,122 INFO  client.GrpcClientProtocolClient (GrpcClientProtocolClient.java:onNext(255)) - client-D83FC23EEBD8->4c571e18-69a3-4a6d-81de-e3e48052df18: receive RaftClientReply:client-D83FC23EEBD8->4c571e18-69a3-4a6d-81de-e3e48052df18@group-644576B5741B, cid=1616, SUCCESS, logIndex=2288, commits[4c571e18-69a3-4a6d-81de-e3e48052df18:c2288, 15893972-388e-43c0-9d6c-ca4c76ac06da:c2286, c86beb1c-9105-4588-b1e8-133030361c51:c2286]
2019-07-12 12:28:17,122 INFO  client.GrpcClientProtocolClient (GrpcClientProtocolClient.java:onNext(255)) - client-D83FC23EEBD8->4c571e18-69a3-4a6d-81de-e3e48052df18: receive RaftClientReply:client-D83FC23EEBD8->4c571e18-69a3-4a6d-81de-e3e48052df18@group-644576B5741B, cid=1617, SUCCESS, logIndex=2289, commits[4c571e18-69a3-4a6d-81de-e3e48052df18:c2290, 15893972-388e-43c0-9d6c-ca4c76ac06da:c2286, c86beb1c-9105-4588-b1e8-133030361c51:c2286]
2019-07-12 12:28:17,123 INFO  client.GrpcClientProtocolClient (GrpcClientProtocolClient.java:onNext(255)) - client-D83FC23EEBD8->4c571e18-69a3-4a6d-81de-e3e48052df18: receive RaftClientReply:client-D83FC23EEBD8->4c571e18-69a3-4a6d-81de-e3e48052df18@group-644576B5741B, cid=1618, SUCCESS, logIndex=2290, commits[4c571e18-69a3-4a6d-81de-e3e48052df18:c2290, 15893972-388e-43c0-9d6c-ca4c76ac06da:c2286, c86beb1c-9105-4588-b1e8-133030361c51:c2286]
2019-07-12 12:28:17,124 INFO  client.GrpcClientProtocolClient (GrpcClientProtocolClient.java:onNext(255)) - client-D83FC23EEBD8->4c571e18-69a3-4a6d-81de-e3e48052df18: receive RaftClientReply:client-D83FC23EEBD8->4c571e18-69a3-4a6d-81de-e3e48052df18@group-644576B5741B, cid=1619, SUCCESS, logIndex=0, commits[4c571e18-69a3-4a6d-81de-e3e48052df18:c2292, 15893972-388e-43c0-9d6c-ca4c76ac06da:c2288, c86beb1c-9105-4588-b1e8-133030361c51:c2288]
2019-07-12 12:28:17,144 INFO  client.GrpcClientProtocolClient (GrpcClientProtocolClient.java:onNext(255)) - client-D83FC23EEBD8->4c571e18-69a3-4a6d-81de-e3e48052df18: receive RaftClientReply:client-D83FC23EEBD8->4c571e18-69a3-4a6d-81de-e3e48052df18@group-644576B5741B, cid=1620, SUCCESS, logIndex=2294, commits[4c571e18-69a3-4a6d-81de-e3e48052df18:c2295, 15893972-388e-43c0-9d6c-ca4c76ac06da:c2293, c86beb1c-9105-4588-b1e8-133030361c51:c2293]
2019-07-12 12:28:17,144 INFO  client.GrpcClientProtocolClient (GrpcClientProtocolClient.java:onNext(255)) - client-D83FC23EEBD8->4c571e18-69a3-4a6d-81de-e3e48052df18: receive RaftClientReply:client-D83FC23EEBD8->4c571e18-69a3-4a6d-81de-e3e48052df18@group-644576B5741B, cid=1621, SUCCESS, logIndex=2295, commits[4c571e18-69a3-4a6d-81de-e3e48052df18:c2295, 15893972-388e-43c0-9d6c-ca4c76ac06da:c2293, c86beb1c-9105-4588-b1e8-133030361c51:c2293]
2019-07-12 12:28:17,157 INFO  client.GrpcClientProtocolClient (GrpcClientProtocolClient.java:onNext(255)) - client-D83FC23EEBD8->4c571e18-69a3-4a6d-81de-e3e48052df18: receive RaftClientReply:client-D83FC23EEBD8->4c571e18-69a3-4a6d-81de-e3e48052df18@group-644576B5741B, cid=1622, SUCCESS, logIndex=2298, commits[4c571e18-69a3-4a6d-81de-e3e48052df18:c2299, 15893972-388e-43c0-9d6c-ca4c76ac06da:c2295, c86beb1c-9105-4588-b1e8-133030361c51:c2295]
2019-07-12 12:28:17,158 INFO  client.GrpcClientProtocolClient (GrpcClientProtocolClient.java:onNext(255)) - client-D83FC23EEBD8->4c571e18-69a3-4a6d-81de-e3e48052df18: receive RaftClientReply:client-D83FC23EEBD8->4c571e18-69a3-4a6d-81de-e3e48052df18@group-644576B5741B, cid=1623, SUCCESS, logIndex=2299, commits[4c571e18-69a3-4a6d-81de-e3e48052df18:c2299, 15893972-388e-43c0-9d6c-ca4c76ac06da:c2295, c86beb1c-9105-4588-b1e8-133030361c51:c2295]
2019-07-12 12:28:17,160 INFO  client.GrpcClientProtocolClient (GrpcClientProtocolClient.java:onNext(255)) - client-D83FC23EEBD8->4c571e18-69a3-4a6d-81de-e3e48052df18: receive RaftClientReply:client-D83FC23EEBD8->4c571e18-69a3-4a6d-81de-e3e48052df18@group-644576B5741B, cid=1624, SUCCESS, logIndex=0, commits[4c571e18-69a3-4a6d-81de-e3e48052df18:c2301, 15893972-388e-43c0-9d6c-ca4c76ac06da:c2299, c86beb1c-9105-4588-b1e8-133030361c51:c2299]
2019-07-12 12:28:17,182 INFO  client.GrpcClientProtocolClient (GrpcClientProtocolClient.java:onNext(255)) - client-D83FC23EEBD8->4c571e18-69a3-4a6d-81de-e3e48052df18: receive RaftClientReply:client-D83FC23EEBD8->4c571e18-69a3-4a6d-81de-e3e48052df18@group-644576B5741B, cid=1625, SUCCESS, logIndex=2302, commits[4c571e18-69a3-4a6d-81de-e3e48052df18:c2303, 15893972-388e-43c0-9d6c-ca4c76ac06da:c2301, c86beb1c-9105-4588-b1e8-133030361c51:c2301]
2019-07-12 12:28:17,183 INFO  client.GrpcClientProtocolClient (GrpcClientProtocolClient.java:onNext(255)) - client-D83FC23EEBD8->4c571e18-69a3-4a6d-81de-e3e48052df18: receive RaftClientReply:client-D83FC23EEBD8->4c571e18-69a3-4a6d-81de-e3e48052df18@group-644576B5741B, cid=1626, SUCCESS, logIndex=2303, commits[4c571e18-69a3-4a6d-81de-e3e48052df18:c2303, 15893972-388e-43c0-9d6c-ca4c76ac06da:c2301, c86beb1c-9105-4588-b1e8-133030361c51:c2301]
2019-07-12 12:28:17,184 INFO  client.GrpcClientProtocolClient (GrpcClientProtocolClient.java:onNext(255)) - client-D83FC23EEBD8->4c571e18-69a3-4a6d-81de-e3e48052df18: receive RaftClientReply:client-D83FC23EEBD8->4c571e18-69a3-4a6d-81de-e3e48052df18@group-644576B5741B, cid=1627, SUCCESS, logIndex=2304, commits[4c571e18-69a3-4a6d-81de-e3e48052df18:c2305, 15893972-388e-43c0-9d6c-ca4c76ac06da:c2301, c86beb1c-9105-4588-b1e8-133030361c51:c2301]
2019-07-12 12:28:17,185 INFO  client.GrpcClientProtocolClient (GrpcClientProtocolClient.java:onNext(255)) - client-D83FC23EEBD8->4c571e18-69a3-4a6d-81de-e3e48052df18: receive RaftClientReply:client-D83FC23EEBD8->4c571e18-69a3-4a6d-81de-e3e48052df18@group-644576B5741B, cid=1628, SUCCESS, logIndex=2305, commits[4c571e18-69a3-4a6d-81de-e3e48052df18:c2305, 15893972-388e-43c0-9d6c-ca4c76ac06da:c2301, c86beb1c-9105-4588-b1e8-133030361c51:c2301]
2019-07-12 12:28:17,186 INFO  client.GrpcClientProtocolClient (GrpcClientProtocolClient.java:onNext(255)) - client-D83FC23EEBD8->4c571e18-69a3-4a6d-81de-e3e48052df18: receive RaftClientReply:client-D83FC23EEBD8->4c571e18-69a3-4a6d-81de-e3e48052df18@group-644576B5741B, cid=1629, SUCCESS, logIndex=0, commits[4c571e18-69a3-4a6d-81de-e3e48052df18:c2309, 15893972-388e-43c0-9d6c-ca4c76ac06da:c2303, c86beb1c-9105-4588-b1e8-133030361c51:c2305]
2019-07-12 12:28:17,200 INFO  client.GrpcClientProtocolClient (GrpcClientProtocolClient.java:onNext(255)) - client-D83FC23EEBD8->4c571e18-69a3-4a6d-81de-e3e48052df18: receive RaftClientReply:client-D83FC23EEBD8->4c571e18-69a3-4a6d-81de-e3e48052df18@group-644576B5741B, cid=1630, SUCCESS, logIndex=2310, commits[4c571e18-69a3-4a6d-81de-e3e48052df18:c2311, 15893972-388e-43c0-9d6c-ca4c76ac06da:c2305, c86beb1c-9105-4588-b1e8-133030361c51:c2309]
2019-07-12 12:28:17,200 INFO  client.GrpcClientProtocolClient (GrpcClientProtocolClient.java:onNext(255)) - client-D83FC23EEBD8->4c571e18-69a3-4a6d-81de-e3e48052df18: receive RaftClientReply:client-D83FC23EEBD8->4c571e18-69a3-4a6d-81de-e3e48052df18@group-644576B5741B, cid=1631, SUCCESS, logIndex=2311, commits[4c571e18-69a3-4a6d-81de-e3e48052df18:c2311, 15893972-388e-43c0-9d6c-ca4c76ac06da:c2309, c86beb1c-9105-4588-b1e8-133030361c51:c2309]
2019-07-12 12:28:17,213 INFO  client.GrpcClientProtocolClient (GrpcClientProtocolClient.java:onNext(255)) - client-D83FC23EEBD8->4c571e18-69a3-4a6d-81de-e3e48052df18: receive RaftClientReply:client-D83FC23EEBD8->4c571e18-69a3-4a6d-81de-e3e48052df18@group-644576B5741B, cid=1632, SUCCESS, logIndex=2314, commits[4c571e18-69a3-4a6d-81de-e3e48052df18:c2315, 15893972-388e-43c0-9d6c-ca4c76ac06da:c2311, c86beb1c-9105-4588-b1e8-133030361c51:c2311]
2019-07-12 12:28:17,214 INFO  client.GrpcClientProtocolClient (GrpcClientProtocolClient.java:onNext(255)) - client-D83FC23EEBD8->4c571e18-69a3-4a6d-81de-e3e48052df18: receive RaftClientReply:client-D83FC23EEBD8->4c571e18-69a3-4a6d-81de-e3e48052df18@group-644576B5741B, cid=1633, SUCCESS, logIndex=2315, commits[4c571e18-69a3-4a6d-81de-e3e48052df18:c2315, 15893972-388e-43c0-9d6c-ca4c76ac06da:c2311, c86beb1c-9105-4588-b1e8-133030361c51:c2311]
2019-07-12 12:28:17,226 INFO  client.GrpcClientProtocolClient (GrpcClientProtocolClient.java:onNext(255)) - client-D83FC23EEBD8->4c571e18-69a3-4a6d-81de-e3e48052df18: receive RaftClientReply:client-D83FC23EEBD8->4c571e18-69a3-4a6d-81de-e3e48052df18@group-644576B5741B, cid=1634, SUCCESS, logIndex=0, commits[4c571e18-69a3-4a6d-81de-e3e48052df18:c2317, 15893972-388e-43c0-9d6c-ca4c76ac06da:c2315, c86beb1c-9105-4588-b1e8-133030361c51:c2315]
2019-07-12 12:28:17,252 INFO  client.GrpcClientProtocolClient (GrpcClientProtocolClient.java:onNext(255)) - client-D83FC23EEBD8->4c571e18-69a3-4a6d-81de-e3e48052df18: receive RaftClientReply:client-D83FC23EEBD8->4c571e18-69a3-4a6d-81de-e3e48052df18@group-644576B5741B, cid=1635, SUCCESS, logIndex=2318, commits[4c571e18-69a3-4a6d-81de-e3e48052df18:c2319, 15893972-388e-43c0-9d6c-ca4c76ac06da:c2317, c86beb1c-9105-4588-b1e8-133030361c51:c2317]
2019-07-12 12:28:17,253 INFO  client.GrpcClientProtocolClient (GrpcClientProtocolClient.java:onNext(255)) - client-D83FC23EEBD8->4c571e18-69a3-4a6d-81de-e3e48052df18: receive RaftClientReply:client-D83FC23EEBD8->4c571e18-69a3-4a6d-81de-e3e48052df18@group-644576B5741B, cid=1636, SUCCESS, logIndex=2319, commits[4c571e18-69a3-4a6d-81de-e3e48052df18:c2319, 15893972-388e-43c0-9d6c-ca4c76ac06da:c2317, c86beb1c-9105-4588-b1e8-133030361c51:c2317]
2019-07-12 12:28:17,253 INFO  client.GrpcClientProtocolClient (GrpcClientProtocolClient.java:onNext(255)) - client-D83FC23EEBD8->4c571e18-69a3-4a6d-81de-e3e48052df18: receive RaftClientReply:client-D83FC23EEBD8->4c571e18-69a3-4a6d-81de-e3e48052df18@group-644576B5741B, cid=1637, SUCCESS, logIndex=2320, commits[4c571e18-69a3-4a6d-81de-e3e48052df18:c2321, 15893972-388e-43c0-9d6c-ca4c76ac06da:c2317, c86beb1c-9105-4588-b1e8-133030361c51:c2317]
2019-07-12 12:28:17,254 INFO  client.GrpcClientProtocolClient (GrpcClientProtocolClient.java:onNext(255)) - client-D83FC23EEBD8->4c571e18-69a3-4a6d-81de-e3e48052df18: receive RaftClientReply:client-D83FC23EEBD8->4c571e18-69a3-4a6d-81de-e3e48052df18@group-644576B5741B, cid=1638, SUCCESS, logIndex=2321, commits[4c571e18-69a3-4a6d-81de-e3e48052df18:c2321, 15893972-388e-43c0-9d6c-ca4c76ac06da:c2317, c86beb1c-9105-4588-b1e8-133030361c51:c2317]
 0.00% |█                                                                                                    |  0/1 Time: 0:00:092019-07-12 12:28:17,255 INFO  client.GrpcClientProtocolClient (GrpcClientProtocolClient.java:onNext(255)) - client-D83FC23EEBD8->4c571e18-69a3-4a6d-81de-e3e48052df18: receive RaftClientReply:client-D83FC23EEBD8->4c571e18-69a3-4a6d-81de-e3e48052df18@group-644576B5741B, cid=1639, SUCCESS, logIndex=0, commits[4c571e18-69a3-4a6d-81de-e3e48052df18:c2323, 15893972-388e-43c0-9d6c-ca4c76ac06da:c2319, c86beb1c-9105-4588-b1e8-133030361c51:c2319]
2019-07-12 12:28:17,345 INFO  client.GrpcClientProtocolClient (GrpcClientProtocolClient.java:onNext(255)) - client-D83FC23EEBD8->4c571e18-69a3-4a6d-81de-e3e48052df18: receive RaftClientReply:client-D83FC23EEBD8->4c571e18-69a3-4a6d-81de-e3e48052df18@group-644576B5741B, cid=1640, SUCCESS, logIndex=2326, commits[4c571e18-69a3-4a6d-81de-e3e48052df18:c2327, 15893972-388e-43c0-9d6c-ca4c76ac06da:c2325, c86beb1c-9105-4588-b1e8-133030361c51:c2325]
2019-07-12 12:28:17,346 INFO  client.GrpcClientProtocolClient (GrpcClientProtocolClient.java:onNext(255)) - client-D83FC23EEBD8->4c571e18-69a3-4a6d-81de-e3e48052df18: receive RaftClientReply:client-D83FC23EEBD8->4c571e18-69a3-4a6d-81de-e3e48052df18@group-644576B5741B, cid=1641, SUCCESS, logIndex=2327, commits[4c571e18-69a3-4a6d-81de-e3e48052df18:c2327, 15893972-388e-43c0-9d6c-ca4c76ac06da:c2325, c86beb1c-9105-4588-b1e8-133030361c51:c2325]
2019-07-12 12:28:17,359 INFO  client.GrpcClientProtocolClient (GrpcClientProtocolClient.java:onNext(255)) - client-D83FC23EEBD8->4c571e18-69a3-4a6d-81de-e3e48052df18: receive RaftClientReply:client-D83FC23EEBD8->4c571e18-69a3-4a6d-81de-e3e48052df18@group-644576B5741B, cid=1642, SUCCESS, logIndex=2330, commits[4c571e18-69a3-4a6d-81de-e3e48052df18:c2331, 15893972-388e-43c0-9d6c-ca4c76ac06da:c2327, c86beb1c-9105-4588-b1e8-133030361c51:c2327]
2019-07-12 12:28:17,359 INFO  client.GrpcClientProtocolClient (GrpcClientProtocolClient.java:onNext(255)) - client-D83FC23EEBD8->4c571e18-69a3-4a6d-81de-e3e48052df18: receive RaftClientReply:client-D83FC23EEBD8->4c571e18-69a3-4a6d-81de-e3e48052df18@group-644576B5741B, cid=1643, SUCCESS, logIndex=2331, commits[4c571e18-69a3-4a6d-81de-e3e48052df18:c2331, 15893972-388e-43c0-9d6c-ca4c76ac06da:c2327, c86beb1c-9105-4588-b1e8-133030361c51:c2327]
2019-07-12 12:28:17,372 INFO  client.GrpcClientProtocolClient (GrpcClientProtocolClient.java:onNext(255)) - client-D83FC23EEBD8->4c571e18-69a3-4a6d-81de-e3e48052df18: receive RaftClientReply:client-D83FC23EEBD8->4c571e18-69a3-4a6d-81de-e3e48052df18@group-644576B5741B, cid=1644, SUCCESS, logIndex=0, commits[4c571e18-69a3-4a6d-81de-e3e48052df18:c2333, 15893972-388e-43c0-9d6c-ca4c76ac06da:c2331, c86beb1c-9105-4588-b1e8-133030361c51:c2331]
2019-07-12 12:28:17,398 INFO  client.GrpcClientProtocolClient (GrpcClientProtocolClient.java:onNext(255)) - client-D83FC23EEBD8->4c571e18-69a3-4a6d-81de-e3e48052df18: receive RaftClientReply:client-D83FC23EEBD8->4c571e18-69a3-4a6d-81de-e3e48052df18@group-644576B5741B, cid=1645, SUCCESS, logIndex=2334, commits[4c571e18-69a3-4a6d-81de-e3e48052df18:c2336, 15893972-388e-43c0-9d6c-ca4c76ac06da:c2333, c86beb1c-9105-4588-b1e8-133030361c51:c2333]
2019-07-12 12:28:17,399 INFO  client.GrpcClientProtocolClient (GrpcClientProtocolClient.java:onNext(255)) - client-D83FC23EEBD8->4c571e18-69a3-4a6d-81de-e3e48052df18: receive RaftClientReply:client-D83FC23EEBD8->4c571e18-69a3-4a6d-81de-e3e48052df18@group-644576B5741B, cid=1646, SUCCESS, logIndex=2335, commits[4c571e18-69a3-4a6d-81de-e3e48052df18:c2337, 15893972-388e-43c0-9d6c-ca4c76ac06da:c2333, c86beb1c-9105-4588-b1e8-133030361c51:c2333]
2019-07-12 12:28:17,399 INFO  client.GrpcClientProtocolClient (GrpcClientProtocolClient.java:onNext(255)) - client-D83FC23EEBD8->4c571e18-69a3-4a6d-81de-e3e48052df18: receive RaftClientReply:client-D83FC23EEBD8->4c571e18-69a3-4a6d-81de-e3e48052df18@group-644576B5741B, cid=1647, SUCCESS, logIndex=2336, commits[4c571e18-69a3-4a6d-81de-e3e48052df18:c2337, 15893972-388e-43c0-9d6c-ca4c76ac06da:c2333, c86beb1c-9105-4588-b1e8-133030361c51:c2333]
2019-07-12 12:28:17,399 INFO  client.GrpcClientProtocolClient (GrpcClientProtocolClient.java:onNext(255)) - client-D83FC23EEBD8->4c571e18-69a3-4a6d-81de-e3e48052df18: receive RaftClientReply:client-D83FC23EEBD8->4c571e18-69a3-4a6d-81de-e3e48052df18@group-644576B5741B, cid=1648, SUCCESS, logIndex=2337, commits[4c571e18-69a3-4a6d-81de-e3e48052df18:c2337, 15893972-388e-43c0-9d6c-ca4c76ac06da:c2333, c86beb1c-9105-4588-b1e8-133030361c51:c2333]
2019-07-12 12:28:17,409 INFO  client.GrpcClientProtocolClient (GrpcClientProtocolClient.java:onNext(255)) - client-D83FC23EEBD8->4c571e18-69a3-4a6d-81de-e3e48052df18: receive RaftClientReply:client-D83FC23EEBD8->4c571e18-69a3-4a6d-81de-e3e48052df18@group-644576B5741B, cid=1649, SUCCESS, logIndex=0, commits[4c571e18-69a3-4a6d-81de-e3e48052df18:c2338, 15893972-388e-43c0-9d6c-ca4c76ac06da:c2335, c86beb1c-9105-4588-b1e8-133030361c51:c2335]
2019-07-12 12:28:17,451 INFO  client.GrpcClientProtocolClient (GrpcClientProtocolClient.java:onNext(255)) - client-D83FC23EEBD8->4c571e18-69a3-4a6d-81de-e3e48052df18: receive RaftClientReply:client-D83FC23EEBD8->4c571e18-69a3-4a6d-81de-e3e48052df18@group-644576B5741B, cid=1650, SUCCESS, logIndex=2342, commits[4c571e18-69a3-4a6d-81de-e3e48052df18:c2343, 15893972-388e-43c0-9d6c-ca4c76ac06da:c2341, c86beb1c-9105-4588-b1e8-133030361c51:c2337]
2019-07-12 12:28:17,452 INFO  client.GrpcClientProtocolClient (GrpcClientProtocolClient.java:onNext(255)) - client-D83FC23EEBD8->4c571e18-69a3-4a6d-81de-e3e48052df18: receive RaftClientReply:client-D83FC23EEBD8->4c571e18-69a3-4a6d-81de-e3e48052df18@group-644576B5741B, cid=1651, SUCCESS, logIndex=2343, commits[4c571e18-69a3-4a6d-81de-e3e48052df18:c2343, 15893972-388e-43c0-9d6c-ca4c76ac06da:c2341, c86beb1c-9105-4588-b1e8-133030361c51:c2341]
2019-07-12 12:28:17,476 INFO  client.GrpcClientProtocolClient (GrpcClientProtocolClient.java:onNext(255)) - client-D83FC23EEBD8->4c571e18-69a3-4a6d-81de-e3e48052df18: receive RaftClientReply:client-D83FC23EEBD8->4c571e18-69a3-4a6d-81de-e3e48052df18@group-644576B5741B, cid=1652, SUCCESS, logIndex=2345, commits[4c571e18-69a3-4a6d-81de-e3e48052df18:c2346, 15893972-388e-43c0-9d6c-ca4c76ac06da:c2344, c86beb1c-9105-4588-b1e8-133030361c51:c2344]
2019-07-12 12:28:17,477 INFO  client.GrpcClientProtocolClient (GrpcClientProtocolClient.java:onNext(255)) - client-D83FC23EEBD8->4c571e18-69a3-4a6d-81de-e3e48052df18: receive RaftClientReply:client-D83FC23EEBD8->4c571e18-69a3-4a6d-81de-e3e48052df18@group-644576B5741B, cid=1653, SUCCESS, logIndex=2346, commits[4c571e18-69a3-4a6d-81de-e3e48052df18:c2346, 15893972-388e-43c0-9d6c-ca4c76ac06da:c2344, c86beb1c-9105-4588-b1e8-133030361c51:c2344]
2019-07-12 12:28:17,485 INFO  client.GrpcClientProtocolClient (GrpcClientProtocolClient.java:onNext(255)) - client-D83FC23EEBD8->4c571e18-69a3-4a6d-81de-e3e48052df18: receive RaftClientReply:client-D83FC23EEBD8->4c571e18-69a3-4a6d-81de-e3e48052df18@group-644576B5741B, cid=1654, SUCCESS, logIndex=0, commits[4c571e18-69a3-4a6d-81de-e3e48052df18:c2346, 15893972-388e-43c0-9d6c-ca4c76ac06da:c2346, c86beb1c-9105-4588-b1e8-133030361c51:c2346]
2019-07-12 12:28:17,514 INFO  client.GrpcClientProtocolClient (GrpcClientProtocolClient.java:onNext(255)) - client-D83FC23EEBD8->4c571e18-69a3-4a6d-81de-e3e48052df18: receive RaftClientReply:client-D83FC23EEBD8->4c571e18-69a3-4a6d-81de-e3e48052df18@group-644576B5741B, cid=1655, SUCCESS, logIndex=2349, commits[4c571e18-69a3-4a6d-81de-e3e48052df18:c2350, 15893972-388e-43c0-9d6c-ca4c76ac06da:c2348, c86beb1c-9105-4588-b1e8-133030361c51:c2348]
2019-07-12 12:28:17,515 INFO  client.GrpcClientProtocolClient (GrpcClientProtocolClient.java:onNext(255)) - client-D83FC23EEBD8->4c571e18-69a3-4a6d-81de-e3e48052df18: receive RaftClientReply:client-D83FC23EEBD8->4c571e18-69a3-4a6d-81de-e3e48052df18@group-644576B5741B, cid=1656, SUCCESS, logIndex=2350, commits[4c571e18-69a3-4a6d-81de-e3e48052df18:c2351, 15893972-388e-43c0-9d6c-ca4c76ac06da:c2348, c86beb1c-9105-4588-b1e8-133030361c51:c2348]
2019-07-12 12:28:17,516 INFO  client.GrpcClientProtocolClient (GrpcClientProtocolClient.java:onNext(255)) - client-D83FC23EEBD8->4c571e18-69a3-4a6d-81de-e3e48052df18: receive RaftClientReply:client-D83FC23EEBD8->4c571e18-69a3-4a6d-81de-e3e48052df18@group-644576B5741B, cid=1657, SUCCESS, logIndex=2351, commits[4c571e18-69a3-4a6d-81de-e3e48052df18:c2352, 15893972-388e-43c0-9d6c-ca4c76ac06da:c2348, c86beb1c-9105-4588-b1e8-133030361c51:c2348]
2019-07-12 12:28:17,516 INFO  client.GrpcClientProtocolClient (GrpcClientProtocolClient.java:onNext(255)) - client-D83FC23EEBD8->4c571e18-69a3-4a6d-81de-e3e48052df18: receive RaftClientReply:client-D83FC23EEBD8->4c571e18-69a3-4a6d-81de-e3e48052df18@group-644576B5741B, cid=1658, SUCCESS, logIndex=2352, commits[4c571e18-69a3-4a6d-81de-e3e48052df18:c2352, 15893972-388e-43c0-9d6c-ca4c76ac06da:c2348, c86beb1c-9105-4588-b1e8-133030361c51:c2348]
2019-07-12 12:28:17,517 INFO  client.GrpcClientProtocolClient (GrpcClientProtocolClient.java:onNext(255)) - client-D83FC23EEBD8->4c571e18-69a3-4a6d-81de-e3e48052df18: receive RaftClientReply:client-D83FC23EEBD8->4c571e18-69a3-4a6d-81de-e3e48052df18@group-644576B5741B, cid=1659, SUCCESS, logIndex=0, commits[4c571e18-69a3-4a6d-81de-e3e48052df18:c2354, 15893972-388e-43c0-9d6c-ca4c76ac06da:c2350, c86beb1c-9105-4588-b1e8-133030361c51:c2350]
2019-07-12 12:28:17,535 INFO  client.GrpcClientProtocolClient (GrpcClientProtocolClient.java:onNext(255)) - client-D83FC23EEBD8->4c571e18-69a3-4a6d-81de-e3e48052df18: receive RaftClientReply:client-D83FC23EEBD8->4c571e18-69a3-4a6d-81de-e3e48052df18@group-644576B5741B, cid=1660, SUCCESS, logIndex=2357, commits[4c571e18-69a3-4a6d-81de-e3e48052df18:c2358, 15893972-388e-43c0-9d6c-ca4c76ac06da:c2356, c86beb1c-9105-4588-b1e8-133030361c51:c2356]
2019-07-12 12:28:17,536 INFO  client.GrpcClientProtocolClient (GrpcClientProtocolClient.java:onNext(255)) - client-D83FC23EEBD8->4c571e18-69a3-4a6d-81de-e3e48052df18: receive RaftClientReply:client-D83FC23EEBD8->4c571e18-69a3-4a6d-81de-e3e48052df18@group-644576B5741B, cid=1661, SUCCESS, logIndex=2358, commits[4c571e18-69a3-4a6d-81de-e3e48052df18:c2358, 15893972-388e-43c0-9d6c-ca4c76ac06da:c2356, c86beb1c-9105-4588-b1e8-133030361c51:c2356]
2019-07-12 12:28:17,553 INFO  client.GrpcClientProtocolClient (GrpcClientProtocolClient.java:onNext(255)) - client-D83FC23EEBD8->4c571e18-69a3-4a6d-81de-e3e48052df18: receive RaftClientReply:client-D83FC23EEBD8->4c571e18-69a3-4a6d-81de-e3e48052df18@group-644576B5741B, cid=1662, SUCCESS, logIndex=2361, commits[4c571e18-69a3-4a6d-81de-e3e48052df18:c2362, 15893972-388e-43c0-9d6c-ca4c76ac06da:c2358, c86beb1c-9105-4588-b1e8-133030361c51:c2358]
2019-07-12 12:28:17,554 INFO  client.GrpcClientProtocolClient (GrpcClientProtocolClient.java:onNext(255)) - client-D83FC23EEBD8->4c571e18-69a3-4a6d-81de-e3e48052df18: receive RaftClientReply:client-D83FC23EEBD8->4c571e18-69a3-4a6d-81de-e3e48052df18@group-644576B5741B, cid=1663, SUCCESS, logIndex=2362, commits[4c571e18-69a3-4a6d-81de-e3e48052df18:c2362, 15893972-388e-43c0-9d6c-ca4c76ac06da:c2358, c86beb1c-9105-4588-b1e8-133030361c51:c2358]
2019-07-12 12:28:17,565 INFO  client.GrpcClientProtocolClient (GrpcClientProtocolClient.java:onNext(255)) - client-D83FC23EEBD8->4c571e18-69a3-4a6d-81de-e3e48052df18: receive RaftClientReply:client-D83FC23EEBD8->4c571e18-69a3-4a6d-81de-e3e48052df18@group-644576B5741B, cid=1664, SUCCESS, logIndex=0, commits[4c571e18-69a3-4a6d-81de-e3e48052df18:c2362, 15893972-388e-43c0-9d6c-ca4c76ac06da:c2362, c86beb1c-9105-4588-b1e8-133030361c51:c2362]
2019-07-12 12:28:17,590 INFO  client.GrpcClientProtocolClient (GrpcClientProtocolClient.java:onNext(255)) - client-D83FC23EEBD8->4c571e18-69a3-4a6d-81de-e3e48052df18: receive RaftClientReply:client-D83FC23EEBD8->4c571e18-69a3-4a6d-81de-e3e48052df18@group-644576B5741B, cid=1665, SUCCESS, logIndex=2365, commits[4c571e18-69a3-4a6d-81de-e3e48052df18:c2366, 15893972-388e-43c0-9d6c-ca4c76ac06da:c2364, c86beb1c-9105-4588-b1e8-133030361c51:c2364]
2019-07-12 12:28:17,591 INFO  client.GrpcClientProtocolClient (GrpcClientProtocolClient.java:onNext(255)) - client-D83FC23EEBD8->4c571e18-69a3-4a6d-81de-e3e48052df18: receive RaftClientReply:client-D83FC23EEBD8->4c571e18-69a3-4a6d-81de-e3e48052df18@group-644576B5741B, cid=1666, SUCCESS, logIndex=2366, commits[4c571e18-69a3-4a6d-81de-e3e48052df18:c2366, 15893972-388e-43c0-9d6c-ca4c76ac06da:c2364, c86beb1c-9105-4588-b1e8-133030361c51:c2364]
2019-07-12 12:28:17,592 INFO  client.GrpcClientProtocolClient (GrpcClientProtocolClient.java:onNext(255)) - client-D83FC23EEBD8->4c571e18-69a3-4a6d-81de-e3e48052df18: receive RaftClientReply:client-D83FC23EEBD8->4c571e18-69a3-4a6d-81de-e3e48052df18@group-644576B5741B, cid=1667, SUCCESS, logIndex=2367, commits[4c571e18-69a3-4a6d-81de-e3e48052df18:c2368, 15893972-388e-43c0-9d6c-ca4c76ac06da:c2364, c86beb1c-9105-4588-b1e8-133030361c51:c2364]
2019-07-12 12:28:17,592 INFO  client.GrpcClientProtocolClient (GrpcClientProtocolClient.java:onNext(255)) - client-D83FC23EEBD8->4c571e18-69a3-4a6d-81de-e3e48052df18: receive RaftClientReply:client-D83FC23EEBD8->4c571e18-69a3-4a6d-81de-e3e48052df18@group-644576B5741B, cid=1668, SUCCESS, logIndex=2368, commits[4c571e18-69a3-4a6d-81de-e3e48052df18:c2368, 15893972-388e-43c0-9d6c-ca4c76ac06da:c2364, c86beb1c-9105-4588-b1e8-133030361c51:c2364]
2019-07-12 12:28:17,593 INFO  client.GrpcClientProtocolClient (GrpcClientProtocolClient.java:onNext(255)) - client-D83FC23EEBD8->4c571e18-69a3-4a6d-81de-e3e48052df18: receive RaftClientReply:client-D83FC23EEBD8->4c571e18-69a3-4a6d-81de-e3e48052df18@group-644576B5741B, cid=1669, SUCCESS, logIndex=0, commits[4c571e18-69a3-4a6d-81de-e3e48052df18:c2372, 15893972-388e-43c0-9d6c-ca4c76ac06da:c2368, c86beb1c-9105-4588-b1e8-133030361c51:c2366]
2019-07-12 12:28:17,611 INFO  client.GrpcClientProtocolClient (GrpcClientProtocolClient.java:onNext(255)) - client-D83FC23EEBD8->4c571e18-69a3-4a6d-81de-e3e48052df18: receive RaftClientReply:client-D83FC23EEBD8->4c571e18-69a3-4a6d-81de-e3e48052df18@group-644576B5741B, cid=1670, SUCCESS, logIndex=2373, commits[4c571e18-69a3-4a6d-81de-e3e48052df18:c2374, 15893972-388e-43c0-9d6c-ca4c76ac06da:c2372, c86beb1c-9105-4588-b1e8-133030361c51:c2372]
2019-07-12 12:28:17,612 INFO  client.GrpcClientProtocolClient (GrpcClientProtocolClient.java:onNext(255)) - client-D83FC23EEBD8->4c571e18-69a3-4a6d-81de-e3e48052df18: receive RaftClientReply:client-D83FC23EEBD8->4c571e18-69a3-4a6d-81de-e3e48052df18@group-644576B5741B, cid=1671, SUCCESS, logIndex=2374, commits[4c571e18-69a3-4a6d-81de-e3e48052df18:c2374, 15893972-388e-43c0-9d6c-ca4c76ac06da:c2372, c86beb1c-9105-4588-b1e8-133030361c51:c2372]
2019-07-12 12:28:17,626 INFO  client.GrpcClientProtocolClient (GrpcClientProtocolClient.java:onNext(255)) - client-D83FC23EEBD8->4c571e18-69a3-4a6d-81de-e3e48052df18: receive RaftClientReply:client-D83FC23EEBD8->4c571e18-69a3-4a6d-81de-e3e48052df18@group-644576B5741B, cid=1672, SUCCESS, logIndex=2377, commits[4c571e18-69a3-4a6d-81de-e3e48052df18:c2378, 15893972-388e-43c0-9d6c-ca4c76ac06da:c2374, c86beb1c-9105-4588-b1e8-133030361c51:c2374]
2019-07-12 12:28:17,626 INFO  client.GrpcClientProtocolClient (GrpcClientProtocolClient.java:onNext(255)) - client-D83FC23EEBD8->4c571e18-69a3-4a6d-81de-e3e48052df18: receive RaftClientReply:client-D83FC23EEBD8->4c571e18-69a3-4a6d-81de-e3e48052df18@group-644576B5741B, cid=1673, SUCCESS, logIndex=2378, commits[4c571e18-69a3-4a6d-81de-e3e48052df18:c2378, 15893972-388e-43c0-9d6c-ca4c76ac06da:c2374, c86beb1c-9105-4588-b1e8-133030361c51:c2374]
2019-07-12 12:28:17,638 INFO  client.GrpcClientProtocolClient (GrpcClientProtocolClient.java:onNext(255)) - client-D83FC23EEBD8->4c571e18-69a3-4a6d-81de-e3e48052df18: receive RaftClientReply:client-D83FC23EEBD8->4c571e18-69a3-4a6d-81de-e3e48052df18@group-644576B5741B, cid=1674, SUCCESS, logIndex=0, commits[4c571e18-69a3-4a6d-81de-e3e48052df18:c2380, 15893972-388e-43c0-9d6c-ca4c76ac06da:c2378, c86beb1c-9105-4588-b1e8-133030361c51:c2378]
2019-07-12 12:28:17,661 INFO  client.GrpcClientProtocolClient (GrpcClientProtocolClient.java:onNext(255)) - client-D83FC23EEBD8->4c571e18-69a3-4a6d-81de-e3e48052df18: receive RaftClientReply:client-D83FC23EEBD8->4c571e18-69a3-4a6d-81de-e3e48052df18@group-644576B5741B, cid=1675, SUCCESS, logIndex=2381, commits[4c571e18-69a3-4a6d-81de-e3e48052df18:c2383, 15893972-388e-43c0-9d6c-ca4c76ac06da:c2380, c86beb1c-9105-4588-b1e8-133030361c51:c2380]
2019-07-12 12:28:17,662 INFO  client.GrpcClientProtocolClient (GrpcClientProtocolClient.java:onNext(255)) - client-D83FC23EEBD8->4c571e18-69a3-4a6d-81de-e3e48052df18: receive RaftClientReply:client-D83FC23EEBD8->4c571e18-69a3-4a6d-81de-e3e48052df18@group-644576B5741B, cid=1676, SUCCESS, logIndex=2382, commits[4c571e18-69a3-4a6d-81de-e3e48052df18:c2384, 15893972-388e-43c0-9d6c-ca4c76ac06da:c2380, c86beb1c-9105-4588-b1e8-133030361c51:c2380]
2019-07-12 12:28:17,662 INFO  client.GrpcClientProtocolClient (GrpcClientProtocolClient.java:onNext(255)) - client-D83FC23EEBD8->4c571e18-69a3-4a6d-81de-e3e48052df18: receive RaftClientReply:client-D83FC23EEBD8->4c571e18-69a3-4a6d-81de-e3e48052df18@group-644576B5741B, cid=1677, SUCCESS, logIndex=2383, commits[4c571e18-69a3-4a6d-81de-e3e48052df18:c2384, 15893972-388e-43c0-9d6c-ca4c76ac06da:c2380, c86beb1c-9105-4588-b1e8-133030361c51:c2380]
2019-07-12 12:28:17,662 INFO  client.GrpcClientProtocolClient (GrpcClientProtocolClient.java:onNext(255)) - client-D83FC23EEBD8->4c571e18-69a3-4a6d-81de-e3e48052df18: receive RaftClientReply:client-D83FC23EEBD8->4c571e18-69a3-4a6d-81de-e3e48052df18@group-644576B5741B, cid=1678, SUCCESS, logIndex=2384, commits[4c571e18-69a3-4a6d-81de-e3e48052df18:c2384, 15893972-388e-43c0-9d6c-ca4c76ac06da:c2380, c86beb1c-9105-4588-b1e8-133030361c51:c2380]
2019-07-12 12:28:17,663 INFO  client.GrpcClientProtocolClient (GrpcClientProtocolClient.java:onNext(255)) - client-D83FC23EEBD8->4c571e18-69a3-4a6d-81de-e3e48052df18: receive RaftClientReply:client-D83FC23EEBD8->4c571e18-69a3-4a6d-81de-e3e48052df18@group-644576B5741B, cid=1679, SUCCESS, logIndex=0, commits[4c571e18-69a3-4a6d-81de-e3e48052df18:c2385, 15893972-388e-43c0-9d6c-ca4c76ac06da:c2382, c86beb1c-9105-4588-b1e8-133030361c51:c2382]
2019-07-12 12:28:17,694 INFO  client.GrpcClientProtocolClient (GrpcClientProtocolClient.java:onNext(255)) - client-D83FC23EEBD8->4c571e18-69a3-4a6d-81de-e3e48052df18: receive RaftClientReply:client-D83FC23EEBD8->4c571e18-69a3-4a6d-81de-e3e48052df18@group-644576B5741B, cid=1680, SUCCESS, logIndex=2389, commits[4c571e18-69a3-4a6d-81de-e3e48052df18:c2390, 15893972-388e-43c0-9d6c-ca4c76ac06da:c2388, c86beb1c-9105-4588-b1e8-133030361c51:c2388]
2019-07-12 12:28:17,694 INFO  client.GrpcClientProtocolClient (GrpcClientProtocolClient.java:onNext(255)) - client-D83FC23EEBD8->4c571e18-69a3-4a6d-81de-e3e48052df18: receive RaftClientReply:client-D83FC23EEBD8->4c571e18-69a3-4a6d-81de-e3e48052df18@group-644576B5741B, cid=1681, SUCCESS, logIndex=2390, commits[4c571e18-69a3-4a6d-81de-e3e48052df18:c2390, 15893972-388e-43c0-9d6c-ca4c76ac06da:c2388, c86beb1c-9105-4588-b1e8-133030361c51:c2388]
2019-07-12 12:28:17,720 INFO  client.GrpcClientProtocolClient (GrpcClientProtocolClient.java:onNext(255)) - client-D83FC23EEBD8->4c571e18-69a3-4a6d-81de-e3e48052df18: receive RaftClientReply:client-D83FC23EEBD8->4c571e18-69a3-4a6d-81de-e3e48052df18@group-644576B5741B, cid=1682, SUCCESS, logIndex=2393, commits[4c571e18-69a3-4a6d-81de-e3e48052df18:c2394, 15893972-388e-43c0-9d6c-ca4c76ac06da:c2390, c86beb1c-9105-4588-b1e8-133030361c51:c2390]
2019-07-12 12:28:17,720 INFO  client.GrpcClientProtocolClient (GrpcClientProtocolClient.java:onNext(255)) - client-D83FC23EEBD8->4c571e18-69a3-4a6d-81de-e3e48052df18: receive RaftClientReply:client-D83FC23EEBD8->4c571e18-69a3-4a6d-81de-e3e48052df18@group-644576B5741B, cid=1683, SUCCESS, logIndex=2394, commits[4c571e18-69a3-4a6d-81de-e3e48052df18:c2394, 15893972-388e-43c0-9d6c-ca4c76ac06da:c2390, c86beb1c-9105-4588-b1e8-133030361c51:c2390]
2019-07-12 12:28:17,735 INFO  client.GrpcClientProtocolClient (GrpcClientProtocolClient.java:onNext(255)) - client-D83FC23EEBD8->4c571e18-69a3-4a6d-81de-e3e48052df18: receive RaftClientReply:client-D83FC23EEBD8->4c571e18-69a3-4a6d-81de-e3e48052df18@group-644576B5741B, cid=1684, SUCCESS, logIndex=0, commits[4c571e18-69a3-4a6d-81de-e3e48052df18:c2396, 15893972-388e-43c0-9d6c-ca4c76ac06da:c2394, c86beb1c-9105-4588-b1e8-133030361c51:c2394]
2019-07-12 12:28:17,762 INFO  client.GrpcClientProtocolClient (GrpcClientProtocolClient.java:onNext(255)) - client-D83FC23EEBD8->4c571e18-69a3-4a6d-81de-e3e48052df18: receive RaftClientReply:client-D83FC23EEBD8->4c571e18-69a3-4a6d-81de-e3e48052df18@group-644576B5741B, cid=1685, SUCCESS, logIndex=2397, commits[4c571e18-69a3-4a6d-81de-e3e48052df18:c2398, 15893972-388e-43c0-9d6c-ca4c76ac06da:c2396, c86beb1c-9105-4588-b1e8-133030361c51:c2396]
2019-07-12 12:28:17,764 INFO  client.GrpcClientProtocolClient (GrpcClientProtocolClient.java:onNext(255)) - client-D83FC23EEBD8->4c571e18-69a3-4a6d-81de-e3e48052df18: receive RaftClientReply:client-D83FC23EEBD8->4c571e18-69a3-4a6d-81de-e3e48052df18@group-644576B5741B, cid=1686, SUCCESS, logIndex=2398, commits[4c571e18-69a3-4a6d-81de-e3e48052df18:c2398, 15893972-388e-43c0-9d6c-ca4c76ac06da:c2396, c86beb1c-9105-4588-b1e8-133030361c51:c2396]
2019-07-12 12:28:17,777 INFO  client.GrpcClientProtocolClient (GrpcClientProtocolClient.java:onNext(255)) - client-D83FC23EEBD8->4c571e18-69a3-4a6d-81de-e3e48052df18: receive RaftClientReply:client-D83FC23EEBD8->4c571e18-69a3-4a6d-81de-e3e48052df18@group-644576B5741B, cid=1687, SUCCESS, logIndex=2399, commits[4c571e18-69a3-4a6d-81de-e3e48052df18:c2399, 15893972-388e-43c0-9d6c-ca4c76ac06da:c2396, c86beb1c-9105-4588-b1e8-133030361c51:c2396]
2019-07-12 12:28:17,777 INFO  client.GrpcClientProtocolClient (GrpcClientProtocolClient.java:onNext(255)) - client-D83FC23EEBD8->4c571e18-69a3-4a6d-81de-e3e48052df18: receive RaftClientReply:client-D83FC23EEBD8->4c571e18-69a3-4a6d-81de-e3e48052df18@group-644576B5741B, cid=1688, SUCCESS, logIndex=2400, commits[4c571e18-69a3-4a6d-81de-e3e48052df18:c2400, 15893972-388e-43c0-9d6c-ca4c76ac06da:c2396, c86beb1c-9105-4588-b1e8-133030361c51:c2396]
2019-07-12 12:28:17,787 INFO  client.GrpcClientProtocolClient (GrpcClientProtocolClient.java:onNext(255)) - client-D83FC23EEBD8->4c571e18-69a3-4a6d-81de-e3e48052df18: receive RaftClientReply:client-D83FC23EEBD8->4c571e18-69a3-4a6d-81de-e3e48052df18@group-644576B5741B, cid=1689, SUCCESS, logIndex=0, commits[4c571e18-69a3-4a6d-81de-e3e48052df18:c2402, 15893972-388e-43c0-9d6c-ca4c76ac06da:c2398, c86beb1c-9105-4588-b1e8-133030361c51:c2398]
2019-07-12 12:28:17,806 INFO  client.GrpcClientProtocolClient (GrpcClientProtocolClient.java:onNext(255)) - client-D83FC23EEBD8->4c571e18-69a3-4a6d-81de-e3e48052df18: receive RaftClientReply:client-D83FC23EEBD8->4c571e18-69a3-4a6d-81de-e3e48052df18@group-644576B5741B, cid=1690, SUCCESS, logIndex=2405, commits[4c571e18-69a3-4a6d-81de-e3e48052df18:c2406, 15893972-388e-43c0-9d6c-ca4c76ac06da:c2404, c86beb1c-9105-4588-b1e8-133030361c51:c2404]
2019-07-12 12:28:17,806 INFO  client.GrpcClientProtocolClient (GrpcClientProtocolClient.java:onNext(255)) - client-D83FC23EEBD8->4c571e18-69a3-4a6d-81de-e3e48052df18: receive RaftClientReply:client-D83FC23EEBD8->4c571e18-69a3-4a6d-81de-e3e48052df18@group-644576B5741B, cid=1691, SUCCESS, logIndex=2406, commits[4c571e18-69a3-4a6d-81de-e3e48052df18:c2406, 15893972-388e-43c0-9d6c-ca4c76ac06da:c2404, c86beb1c-9105-4588-b1e8-133030361c51:c2404]
2019-07-12 12:28:17,832 INFO  client.GrpcClientProtocolClient (GrpcClientProtocolClient.java:onNext(255)) - client-D83FC23EEBD8->4c571e18-69a3-4a6d-81de-e3e48052df18: receive RaftClientReply:client-D83FC23EEBD8->4c571e18-69a3-4a6d-81de-e3e48052df18@group-644576B5741B, cid=1692, SUCCESS, logIndex=2409, commits[4c571e18-69a3-4a6d-81de-e3e48052df18:c2410, 15893972-388e-43c0-9d6c-ca4c76ac06da:c2406, c86beb1c-9105-4588-b1e8-133030361c51:c2406]
2019-07-12 12:28:17,832 INFO  client.GrpcClientProtocolClient (GrpcClientProtocolClient.java:onNext(255)) - client-D83FC23EEBD8->4c571e18-69a3-4a6d-81de-e3e48052df18: receive RaftClientReply:client-D83FC23EEBD8->4c571e18-69a3-4a6d-81de-e3e48052df18@group-644576B5741B, cid=1693, SUCCESS, logIndex=2410, commits[4c571e18-69a3-4a6d-81de-e3e48052df18:c2410, 15893972-388e-43c0-9d6c-ca4c76ac06da:c2406, c86beb1c-9105-4588-b1e8-133030361c51:c2406]
2019-07-12 12:28:17,845 INFO  client.GrpcClientProtocolClient (GrpcClientProtocolClient.java:onNext(255)) - client-D83FC23EEBD8->4c571e18-69a3-4a6d-81de-e3e48052df18: receive RaftClientReply:client-D83FC23EEBD8->4c571e18-69a3-4a6d-81de-e3e48052df18@group-644576B5741B, cid=1694, SUCCESS, logIndex=0, commits[4c571e18-69a3-4a6d-81de-e3e48052df18:c2411, 15893972-388e-43c0-9d6c-ca4c76ac06da:c2410, c86beb1c-9105-4588-b1e8-133030361c51:c2410]
2019-07-12 12:28:17,874 INFO  client.GrpcClientProtocolClient (GrpcClientProtocolClient.java:onNext(255)) - client-D83FC23EEBD8->4c571e18-69a3-4a6d-81de-e3e48052df18: receive RaftClientReply:client-D83FC23EEBD8->4c571e18-69a3-4a6d-81de-e3e48052df18@group-644576B5741B, cid=1695, SUCCESS, logIndex=2413, commits[4c571e18-69a3-4a6d-81de-e3e48052df18:c2414, 15893972-388e-43c0-9d6c-ca4c76ac06da:c2412, c86beb1c-9105-4588-b1e8-133030361c51:c2412]
2019-07-12 12:28:17,875 INFO  client.GrpcClientProtocolClient (GrpcClientProtocolClient.java:onNext(255)) - client-D83FC23EEBD8->4c571e18-69a3-4a6d-81de-e3e48052df18: receive RaftClientReply:client-D83FC23EEBD8->4c571e18-69a3-4a6d-81de-e3e48052df18@group-644576B5741B, cid=1696, SUCCESS, logIndex=2414, commits[4c571e18-69a3-4a6d-81de-e3e48052df18:c2414, 15893972-388e-43c0-9d6c-ca4c76ac06da:c2412, c86beb1c-9105-4588-b1e8-133030361c51:c2412]
2019-07-12 12:28:17,886 INFO  client.GrpcClientProtocolClient (GrpcClientProtocolClient.java:onNext(255)) - client-D83FC23EEBD8->4c571e18-69a3-4a6d-81de-e3e48052df18: receive RaftClientReply:client-D83FC23EEBD8->4c571e18-69a3-4a6d-81de-e3e48052df18@group-644576B5741B, cid=1697, SUCCESS, logIndex=2415, commits[4c571e18-69a3-4a6d-81de-e3e48052df18:c2416, 15893972-388e-43c0-9d6c-ca4c76ac06da:c2412, c86beb1c-9105-4588-b1e8-133030361c51:c2412]
2019-07-12 12:28:17,886 INFO  client.GrpcClientProtocolClient (GrpcClientProtocolClient.java:onNext(255)) - client-D83FC23EEBD8->4c571e18-69a3-4a6d-81de-e3e48052df18: receive RaftClientReply:client-D83FC23EEBD8->4c571e18-69a3-4a6d-81de-e3e48052df18@group-644576B5741B, cid=1698, SUCCESS, logIndex=2416, commits[4c571e18-69a3-4a6d-81de-e3e48052df18:c2416, 15893972-388e-43c0-9d6c-ca4c76ac06da:c2412, c86beb1c-9105-4588-b1e8-133030361c51:c2412]
2019-07-12 12:28:17,899 INFO  client.GrpcClientProtocolClient (GrpcClientProtocolClient.java:onNext(255)) - client-D83FC23EEBD8->4c571e18-69a3-4a6d-81de-e3e48052df18: receive RaftClientReply:client-D83FC23EEBD8->4c571e18-69a3-4a6d-81de-e3e48052df18@group-644576B5741B, cid=1699, SUCCESS, logIndex=0, commits[4c571e18-69a3-4a6d-81de-e3e48052df18:c2419, 15893972-388e-43c0-9d6c-ca4c76ac06da:c2416, c86beb1c-9105-4588-b1e8-133030361c51:c2414]
2019-07-12 12:28:17,911 INFO  client.GrpcClientProtocolClient (GrpcClientProtocolClient.java:onNext(255)) - client-D83FC23EEBD8->4c571e18-69a3-4a6d-81de-e3e48052df18: receive RaftClientReply:client-D83FC23EEBD8->4c571e18-69a3-4a6d-81de-e3e48052df18@group-644576B5741B, cid=1700, SUCCESS, logIndex=2421, commits[4c571e18-69a3-4a6d-81de-e3e48052df18:c2421, 15893972-388e-43c0-9d6c-ca4c76ac06da:c2419, c86beb1c-9105-4588-b1e8-133030361c51:c2416]
2019-07-12 12:28:17,912 INFO  client.GrpcClientProtocolClient (GrpcClientProtocolClient.java:onNext(255)) - client-D83FC23EEBD8->4c571e18-69a3-4a6d-81de-e3e48052df18: receive RaftClientReply:client-D83FC23EEBD8->4c571e18-69a3-4a6d-81de-e3e48052df18@group-644576B5741B, cid=1701, SUCCESS, logIndex=2422, commits[4c571e18-69a3-4a6d-81de-e3e48052df18:c2422, 15893972-388e-43c0-9d6c-ca4c76ac06da:c2419, c86beb1c-9105-4588-b1e8-133030361c51:c2419]
2019-07-12 12:28:17,943 INFO  client.GrpcClientProtocolClient (GrpcClientProtocolClient.java:onNext(255)) - client-D83FC23EEBD8->4c571e18-69a3-4a6d-81de-e3e48052df18: receive RaftClientReply:client-D83FC23EEBD8->4c571e18-69a3-4a6d-81de-e3e48052df18@group-644576B5741B, cid=1702, SUCCESS, logIndex=2425, commits[4c571e18-69a3-4a6d-81de-e3e48052df18:c2426, 15893972-388e-43c0-9d6c-ca4c76ac06da:c2424, c86beb1c-9105-4588-b1e8-133030361c51:c2424]
2019-07-12 12:28:17,944 INFO  client.GrpcClientProtocolClient (GrpcClientProtocolClient.java:onNext(255)) - client-D83FC23EEBD8->4c571e18-69a3-4a6d-81de-e3e48052df18: receive RaftClientReply:client-D83FC23EEBD8->4c571e18-69a3-4a6d-81de-e3e48052df18@group-644576B5741B, cid=1703, SUCCESS, logIndex=2426, commits[4c571e18-69a3-4a6d-81de-e3e48052df18:c2426, 15893972-388e-43c0-9d6c-ca4c76ac06da:c2424, c86beb1c-9105-4588-b1e8-133030361c51:c2424]
2019-07-12 12:28:17,956 INFO  client.GrpcClientProtocolClient (GrpcClientProtocolClient.java:onNext(255)) - client-D83FC23EEBD8->4c571e18-69a3-4a6d-81de-e3e48052df18: receive RaftClientReply:client-D83FC23EEBD8->4c571e18-69a3-4a6d-81de-e3e48052df18@group-644576B5741B, cid=1704, SUCCESS, logIndex=0, commits[4c571e18-69a3-4a6d-81de-e3e48052df18:c2426, 15893972-388e-43c0-9d6c-ca4c76ac06da:c2426, c86beb1c-9105-4588-b1e8-133030361c51:c2426]
2019-07-12 12:28:18,064 INFO  client.GrpcClientProtocolClient (GrpcClientProtocolClient.java:onNext(255)) - client-D83FC23EEBD8->4c571e18-69a3-4a6d-81de-e3e48052df18: receive RaftClientReply:client-D83FC23EEBD8->4c571e18-69a3-4a6d-81de-e3e48052df18@group-644576B5741B, cid=1705, SUCCESS, logIndex=2429, commits[4c571e18-69a3-4a6d-81de-e3e48052df18:c2430, 15893972-388e-43c0-9d6c-ca4c76ac06da:c2426, c86beb1c-9105-4588-b1e8-133030361c51:c2428]
2019-07-12 12:28:18,064 INFO  client.GrpcClientProtocolClient (GrpcClientProtocolClient.java:onNext(255)) - client-D83FC23EEBD8->4c571e18-69a3-4a6d-81de-e3e48052df18: receive RaftClientReply:client-D83FC23EEBD8->4c571e18-69a3-4a6d-81de-e3e48052df18@group-644576B5741B, cid=1706, SUCCESS, logIndex=2430, commits[4c571e18-69a3-4a6d-81de-e3e48052df18:c2430, 15893972-388e-43c0-9d6c-ca4c76ac06da:c2428, c86beb1c-9105-4588-b1e8-133030361c51:c2428]
2019-07-12 12:28:18,065 INFO  client.GrpcClientProtocolClient (GrpcClientProtocolClient.java:onNext(255)) - client-D83FC23EEBD8->4c571e18-69a3-4a6d-81de-e3e48052df18: receive RaftClientReply:client-D83FC23EEBD8->4c571e18-69a3-4a6d-81de-e3e48052df18@group-644576B5741B, cid=1707, SUCCESS, logIndex=2431, commits[4c571e18-69a3-4a6d-81de-e3e48052df18:c2432, 15893972-388e-43c0-9d6c-ca4c76ac06da:c2428, c86beb1c-9105-4588-b1e8-133030361c51:c2428]
2019-07-12 12:28:18,065 INFO  client.GrpcClientProtocolClient (GrpcClientProtocolClient.java:onNext(255)) - client-D83FC23EEBD8->4c571e18-69a3-4a6d-81de-e3e48052df18: receive RaftClientReply:client-D83FC23EEBD8->4c571e18-69a3-4a6d-81de-e3e48052df18@group-644576B5741B, cid=1708, SUCCESS, logIndex=2432, commits[4c571e18-69a3-4a6d-81de-e3e48052df18:c2432, 15893972-388e-43c0-9d6c-ca4c76ac06da:c2428, c86beb1c-9105-4588-b1e8-133030361c51:c2428]
2019-07-12 12:28:18,066 INFO  client.GrpcClientProtocolClient (GrpcClientProtocolClient.java:onNext(255)) - client-D83FC23EEBD8->4c571e18-69a3-4a6d-81de-e3e48052df18: receive RaftClientReply:client-D83FC23EEBD8->4c571e18-69a3-4a6d-81de-e3e48052df18@group-644576B5741B, cid=1709, SUCCESS, logIndex=0, commits[4c571e18-69a3-4a6d-81de-e3e48052df18:c2434, 15893972-388e-43c0-9d6c-ca4c76ac06da:c2430, c86beb1c-9105-4588-b1e8-133030361c51:c2430]
2019-07-12 12:28:18,085 INFO  client.GrpcClientProtocolClient (GrpcClientProtocolClient.java:onNext(255)) - client-D83FC23EEBD8->4c571e18-69a3-4a6d-81de-e3e48052df18: receive RaftClientReply:client-D83FC23EEBD8->4c571e18-69a3-4a6d-81de-e3e48052df18@group-644576B5741B, cid=1710, SUCCESS, logIndex=2437, commits[4c571e18-69a3-4a6d-81de-e3e48052df18:c2438, 15893972-388e-43c0-9d6c-ca4c76ac06da:c2436, c86beb1c-9105-4588-b1e8-133030361c51:c2436]
2019-07-12 12:28:18,086 INFO  client.GrpcClientProtocolClient (GrpcClientProtocolClient.java:onNext(255)) - client-D83FC23EEBD8->4c571e18-69a3-4a6d-81de-e3e48052df18: receive RaftClientReply:client-D83FC23EEBD8->4c571e18-69a3-4a6d-81de-e3e48052df18@group-644576B5741B, cid=1711, SUCCESS, logIndex=2438, commits[4c571e18-69a3-4a6d-81de-e3e48052df18:c2438, 15893972-388e-43c0-9d6c-ca4c76ac06da:c2436, c86beb1c-9105-4588-b1e8-133030361c51:c2436]
2019-07-12 12:28:18,109 INFO  client.GrpcClientProtocolClient (GrpcClientProtocolClient.java:onNext(255)) - client-D83FC23EEBD8->4c571e18-69a3-4a6d-81de-e3e48052df18: receive RaftClientReply:client-D83FC23EEBD8->4c571e18-69a3-4a6d-81de-e3e48052df18@group-644576B5741B, cid=1712, SUCCESS, logIndex=2441, commits[4c571e18-69a3-4a6d-81de-e3e48052df18:c2442, 15893972-388e-43c0-9d6c-ca4c76ac06da:c2440, c86beb1c-9105-4588-b1e8-133030361c51:c2440]
2019-07-12 12:28:18,109 INFO  client.GrpcClientProtocolClient (GrpcClientProtocolClient.java:onNext(255)) - client-D83FC23EEBD8->4c571e18-69a3-4a6d-81de-e3e48052df18: receive RaftClientReply:client-D83FC23EEBD8->4c571e18-69a3-4a6d-81de-e3e48052df18@group-644576B5741B, cid=1713, SUCCESS, logIndex=2442, commits[4c571e18-69a3-4a6d-81de-e3e48052df18:c2442, 15893972-388e-43c0-9d6c-ca4c76ac06da:c2440, c86beb1c-9105-4588-b1e8-133030361c51:c2440]
2019-07-12 12:28:18,121 INFO  client.GrpcClientProtocolClient (GrpcClientProtocolClient.java:onNext(255)) - client-D83FC23EEBD8->4c571e18-69a3-4a6d-81de-e3e48052df18: receive RaftClientReply:client-D83FC23EEBD8->4c571e18-69a3-4a6d-81de-e3e48052df18@group-644576B5741B, cid=1714, SUCCESS, logIndex=0, commits[4c571e18-69a3-4a6d-81de-e3e48052df18:c2443, 15893972-388e-43c0-9d6c-ca4c76ac06da:c2442, c86beb1c-9105-4588-b1e8-133030361c51:c2442]
2019-07-12 12:28:18,154 INFO  client.GrpcClientProtocolClient (GrpcClientProtocolClient.java:onNext(255)) - client-D83FC23EEBD8->4c571e18-69a3-4a6d-81de-e3e48052df18: receive RaftClientReply:client-D83FC23EEBD8->4c571e18-69a3-4a6d-81de-e3e48052df18@group-644576B5741B, cid=1715, SUCCESS, logIndex=2445, commits[4c571e18-69a3-4a6d-81de-e3e48052df18:c2446, 15893972-388e-43c0-9d6c-ca4c76ac06da:c2444, c86beb1c-9105-4588-b1e8-133030361c51:c2444]
2019-07-12 12:28:18,154 INFO  client.GrpcClientProtocolClient (GrpcClientProtocolClient.java:onNext(255)) - client-D83FC23EEBD8->4c571e18-69a3-4a6d-81de-e3e48052df18: receive RaftClientReply:client-D83FC23EEBD8->4c571e18-69a3-4a6d-81de-e3e48052df18@group-644576B5741B, cid=1716, SUCCESS, logIndex=2446, commits[4c571e18-69a3-4a6d-81de-e3e48052df18:c2447, 15893972-388e-43c0-9d6c-ca4c76ac06da:c2444, c86beb1c-9105-4588-b1e8-133030361c51:c2444]
2019-07-12 12:28:18,154 INFO  client.GrpcClientProtocolClient (GrpcClientProtocolClient.java:onNext(255)) - client-D83FC23EEBD8->4c571e18-69a3-4a6d-81de-e3e48052df18: receive RaftClientReply:client-D83FC23EEBD8->4c571e18-69a3-4a6d-81de-e3e48052df18@group-644576B5741B, cid=1717, SUCCESS, logIndex=2447, commits[4c571e18-69a3-4a6d-81de-e3e48052df18:c2448, 15893972-388e-43c0-9d6c-ca4c76ac06da:c2444, c86beb1c-9105-4588-b1e8-133030361c51:c2444]
2019-07-12 12:28:18,155 INFO  client.GrpcClientProtocolClient (GrpcClientProtocolClient.java:onNext(255)) - client-D83FC23EEBD8->4c571e18-69a3-4a6d-81de-e3e48052df18: receive RaftClientReply:client-D83FC23EEBD8->4c571e18-69a3-4a6d-81de-e3e48052df18@group-644576B5741B, cid=1718, SUCCESS, logIndex=2448, commits[4c571e18-69a3-4a6d-81de-e3e48052df18:c2448, 15893972-388e-43c0-9d6c-ca4c76ac06da:c2444, c86beb1c-9105-4588-b1e8-133030361c51:c2444]
2019-07-12 12:28:18,155 INFO  client.GrpcClientProtocolClient (GrpcClientProtocolClient.java:onNext(255)) - client-D83FC23EEBD8->4c571e18-69a3-4a6d-81de-e3e48052df18: receive RaftClientReply:client-D83FC23EEBD8->4c571e18-69a3-4a6d-81de-e3e48052df18@group-644576B5741B, cid=1719, SUCCESS, logIndex=0, commits[4c571e18-69a3-4a6d-81de-e3e48052df18:c2449, 15893972-388e-43c0-9d6c-ca4c76ac06da:c2446, c86beb1c-9105-4588-b1e8-133030361c51:c2446]
2019-07-12 12:28:18,173 INFO  client.GrpcClientProtocolClient (GrpcClientProtocolClient.java:onNext(255)) - client-D83FC23EEBD8->4c571e18-69a3-4a6d-81de-e3e48052df18: receive RaftClientReply:client-D83FC23EEBD8->4c571e18-69a3-4a6d-81de-e3e48052df18@group-644576B5741B, cid=1720, SUCCESS, logIndex=2453, commits[4c571e18-69a3-4a6d-81de-e3e48052df18:c2454, 15893972-388e-43c0-9d6c-ca4c76ac06da:c2452, c86beb1c-9105-4588-b1e8-133030361c51:c2452]
2019-07-12 12:28:18,174 INFO  client.GrpcClientProtocolClient (GrpcClientProtocolClient.java:onNext(255)) - client-D83FC23EEBD8->4c571e18-69a3-4a6d-81de-e3e48052df18: receive RaftClientReply:client-D83FC23EEBD8->4c571e18-69a3-4a6d-81de-e3e48052df18@group-644576B5741B, cid=1721, SUCCESS, logIndex=2454, commits[4c571e18-69a3-4a6d-81de-e3e48052df18:c2454, 15893972-388e-43c0-9d6c-ca4c76ac06da:c2452, c86beb1c-9105-4588-b1e8-133030361c51:c2452]
2019-07-12 12:28:18,191 INFO  client.GrpcClientProtocolClient (GrpcClientProtocolClient.java:onNext(255)) - client-D83FC23EEBD8->4c571e18-69a3-4a6d-81de-e3e48052df18: receive RaftClientReply:client-D83FC23EEBD8->4c571e18-69a3-4a6d-81de-e3e48052df18@group-644576B5741B, cid=1722, SUCCESS, logIndex=2457, commits[4c571e18-69a3-4a6d-81de-e3e48052df18:c2458, 15893972-388e-43c0-9d6c-ca4c76ac06da:c2454, c86beb1c-9105-4588-b1e8-133030361c51:c2454]
2019-07-12 12:28:18,192 INFO  client.GrpcClientProtocolClient (GrpcClientProtocolClient.java:onNext(255)) - client-D83FC23EEBD8->4c571e18-69a3-4a6d-81de-e3e48052df18: receive RaftClientReply:client-D83FC23EEBD8->4c571e18-69a3-4a6d-81de-e3e48052df18@group-644576B5741B, cid=1723, SUCCESS, logIndex=2458, commits[4c571e18-69a3-4a6d-81de-e3e48052df18:c2458, 15893972-388e-43c0-9d6c-ca4c76ac06da:c2454, c86beb1c-9105-4588-b1e8-133030361c51:c2454]
2019-07-12 12:28:18,205 INFO  client.GrpcClientProtocolClient (GrpcClientProtocolClient.java:onNext(255)) - client-D83FC23EEBD8->4c571e18-69a3-4a6d-81de-e3e48052df18: receive RaftClientReply:client-D83FC23EEBD8->4c571e18-69a3-4a6d-81de-e3e48052df18@group-644576B5741B, cid=1724, SUCCESS, logIndex=0, commits[4c571e18-69a3-4a6d-81de-e3e48052df18:c2460, 15893972-388e-43c0-9d6c-ca4c76ac06da:c2458, c86beb1c-9105-4588-b1e8-133030361c51:c2458]
2019-07-12 12:28:18,230 INFO  client.GrpcClientProtocolClient (GrpcClientProtocolClient.java:onNext(255)) - client-D83FC23EEBD8->4c571e18-69a3-4a6d-81de-e3e48052df18: receive RaftClientReply:client-D83FC23EEBD8->4c571e18-69a3-4a6d-81de-e3e48052df18@group-644576B5741B, cid=1725, SUCCESS, logIndex=2461, commits[4c571e18-69a3-4a6d-81de-e3e48052df18:c2462, 15893972-388e-43c0-9d6c-ca4c76ac06da:c2460, c86beb1c-9105-4588-b1e8-133030361c51:c2460]
2019-07-12 12:28:18,230 INFO  client.GrpcClientProtocolClient (GrpcClientProtocolClient.java:onNext(255)) - client-D83FC23EEBD8->4c571e18-69a3-4a6d-81de-e3e48052df18: receive RaftClientReply:client-D83FC23EEBD8->4c571e18-69a3-4a6d-81de-e3e48052df18@group-644576B5741B, cid=1726, SUCCESS, logIndex=2462, commits[4c571e18-69a3-4a6d-81de-e3e48052df18:c2463, 15893972-388e-43c0-9d6c-ca4c76ac06da:c2460, c86beb1c-9105-4588-b1e8-133030361c51:c2460]
2019-07-12 12:28:18,231 INFO  client.GrpcClientProtocolClient (GrpcClientProtocolClient.java:onNext(255)) - client-D83FC23EEBD8->4c571e18-69a3-4a6d-81de-e3e48052df18: receive RaftClientReply:client-D83FC23EEBD8->4c571e18-69a3-4a6d-81de-e3e48052df18@group-644576B5741B, cid=1727, SUCCESS, logIndex=2463, commits[4c571e18-69a3-4a6d-81de-e3e48052df18:c2463, 15893972-388e-43c0-9d6c-ca4c76ac06da:c2460, c86beb1c-9105-4588-b1e8-133030361c51:c2460]
2019-07-12 12:28:18,232 INFO  client.GrpcClientProtocolClient (GrpcClientProtocolClient.java:onNext(255)) - client-D83FC23EEBD8->4c571e18-69a3-4a6d-81de-e3e48052df18: receive RaftClientReply:client-D83FC23EEBD8->4c571e18-69a3-4a6d-81de-e3e48052df18@group-644576B5741B, cid=1728, SUCCESS, logIndex=2464, commits[4c571e18-69a3-4a6d-81de-e3e48052df18:c2464, 15893972-388e-43c0-9d6c-ca4c76ac06da:c2460, c86beb1c-9105-4588-b1e8-133030361c51:c2460]
2019-07-12 12:28:18,232 INFO  client.GrpcClientProtocolClient (GrpcClientProtocolClient.java:onNext(255)) - client-D83FC23EEBD8->4c571e18-69a3-4a6d-81de-e3e48052df18: receive RaftClientReply:client-D83FC23EEBD8->4c571e18-69a3-4a6d-81de-e3e48052df18@group-644576B5741B, cid=1729, SUCCESS, logIndex=0, commits[4c571e18-69a3-4a6d-81de-e3e48052df18:c2467, 15893972-388e-43c0-9d6c-ca4c76ac06da:c2463, c86beb1c-9105-4588-b1e8-133030361c51:c2462]
2019-07-12 12:28:18,247 INFO  client.GrpcClientProtocolClient (GrpcClientProtocolClient.java:onNext(255)) - client-D83FC23EEBD8->4c571e18-69a3-4a6d-81de-e3e48052df18: receive RaftClientReply:client-D83FC23EEBD8->4c571e18-69a3-4a6d-81de-e3e48052df18@group-644576B5741B, cid=1730, SUCCESS, logIndex=2469, commits[4c571e18-69a3-4a6d-81de-e3e48052df18:c2470, 15893972-388e-43c0-9d6c-ca4c76ac06da:c2468, c86beb1c-9105-4588-b1e8-133030361c51:c2468]
2019-07-12 12:28:18,248 INFO  client.GrpcClientProtocolClient (GrpcClientProtocolClient.java:onNext(255)) - client-D83FC23EEBD8->4c571e18-69a3-4a6d-81de-e3e48052df18: receive RaftClientReply:client-D83FC23EEBD8->4c571e18-69a3-4a6d-81de-e3e48052df18@group-644576B5741B, cid=1731, SUCCESS, logIndex=2470, commits[4c571e18-69a3-4a6d-81de-e3e48052df18:c2470, 15893972-388e-43c0-9d6c-ca4c76ac06da:c2468, c86beb1c-9105-4588-b1e8-133030361c51:c2468]
 0.00% |█                                                                                                    |  0/1 Time: 0:00:102019-07-12 12:28:18,261 INFO  client.GrpcClientProtocolClient (GrpcClientProtocolClient.java:onNext(255)) - client-D83FC23EEBD8->4c571e18-69a3-4a6d-81de-e3e48052df18: receive RaftClientReply:client-D83FC23EEBD8->4c571e18-69a3-4a6d-81de-e3e48052df18@group-644576B5741B, cid=1732, SUCCESS, logIndex=2473, commits[4c571e18-69a3-4a6d-81de-e3e48052df18:c2474, 15893972-388e-43c0-9d6c-ca4c76ac06da:c2470, c86beb1c-9105-4588-b1e8-133030361c51:c2470]
2019-07-12 12:28:18,261 INFO  client.GrpcClientProtocolClient (GrpcClientProtocolClient.java:onNext(255)) - client-D83FC23EEBD8->4c571e18-69a3-4a6d-81de-e3e48052df18: receive RaftClientReply:client-D83FC23EEBD8->4c571e18-69a3-4a6d-81de-e3e48052df18@group-644576B5741B, cid=1733, SUCCESS, logIndex=2474, commits[4c571e18-69a3-4a6d-81de-e3e48052df18:c2474, 15893972-388e-43c0-9d6c-ca4c76ac06da:c2470, c86beb1c-9105-4588-b1e8-133030361c51:c2470]
2019-07-12 12:28:18,273 INFO  client.GrpcClientProtocolClient (GrpcClientProtocolClient.java:onNext(255)) - client-D83FC23EEBD8->4c571e18-69a3-4a6d-81de-e3e48052df18: receive RaftClientReply:client-D83FC23EEBD8->4c571e18-69a3-4a6d-81de-e3e48052df18@group-644576B5741B, cid=1734, SUCCESS, logIndex=0, commits[4c571e18-69a3-4a6d-81de-e3e48052df18:c2475, 15893972-388e-43c0-9d6c-ca4c76ac06da:c2474, c86beb1c-9105-4588-b1e8-133030361c51:c2474]
2019-07-12 12:28:18,299 INFO  client.GrpcClientProtocolClient (GrpcClientProtocolClient.java:onNext(255)) - client-D83FC23EEBD8->4c571e18-69a3-4a6d-81de-e3e48052df18: receive RaftClientReply:client-D83FC23EEBD8->4c571e18-69a3-4a6d-81de-e3e48052df18@group-644576B5741B, cid=1735, SUCCESS, logIndex=2477, commits[4c571e18-69a3-4a6d-81de-e3e48052df18:c2479, 15893972-388e-43c0-9d6c-ca4c76ac06da:c2476, c86beb1c-9105-4588-b1e8-133030361c51:c2476]
2019-07-12 12:28:18,300 INFO  client.GrpcClientProtocolClient (GrpcClientProtocolClient.java:onNext(255)) - client-D83FC23EEBD8->4c571e18-69a3-4a6d-81de-e3e48052df18: receive RaftClientReply:client-D83FC23EEBD8->4c571e18-69a3-4a6d-81de-e3e48052df18@group-644576B5741B, cid=1736, SUCCESS, logIndex=2478, commits[4c571e18-69a3-4a6d-81de-e3e48052df18:c2480, 15893972-388e-43c0-9d6c-ca4c76ac06da:c2476, c86beb1c-9105-4588-b1e8-133030361c51:c2476]
2019-07-12 12:28:18,300 INFO  client.GrpcClientProtocolClient (GrpcClientProtocolClient.java:onNext(255)) - client-D83FC23EEBD8->4c571e18-69a3-4a6d-81de-e3e48052df18: receive RaftClientReply:client-D83FC23EEBD8->4c571e18-69a3-4a6d-81de-e3e48052df18@group-644576B5741B, cid=1737, SUCCESS, logIndex=2479, commits[4c571e18-69a3-4a6d-81de-e3e48052df18:c2480, 15893972-388e-43c0-9d6c-ca4c76ac06da:c2476, c86beb1c-9105-4588-b1e8-133030361c51:c2476]
2019-07-12 12:28:18,300 INFO  client.GrpcClientProtocolClient (GrpcClientProtocolClient.java:onNext(255)) - client-D83FC23EEBD8->4c571e18-69a3-4a6d-81de-e3e48052df18: receive RaftClientReply:client-D83FC23EEBD8->4c571e18-69a3-4a6d-81de-e3e48052df18@group-644576B5741B, cid=1738, SUCCESS, logIndex=2480, commits[4c571e18-69a3-4a6d-81de-e3e48052df18:c2480, 15893972-388e-43c0-9d6c-ca4c76ac06da:c2476, c86beb1c-9105-4588-b1e8-133030361c51:c2476]
2019-07-12 12:28:18,312 INFO  client.GrpcClientProtocolClient (GrpcClientProtocolClient.java:onNext(255)) - client-D83FC23EEBD8->4c571e18-69a3-4a6d-81de-e3e48052df18: receive RaftClientReply:client-D83FC23EEBD8->4c571e18-69a3-4a6d-81de-e3e48052df18@group-644576B5741B, cid=1739, SUCCESS, logIndex=0, commits[4c571e18-69a3-4a6d-81de-e3e48052df18:c2480, 15893972-388e-43c0-9d6c-ca4c76ac06da:c2478, c86beb1c-9105-4588-b1e8-133030361c51:c2478]
2019-07-12 12:28:18,330 INFO  client.GrpcClientProtocolClient (GrpcClientProtocolClient.java:onNext(255)) - client-D83FC23EEBD8->4c571e18-69a3-4a6d-81de-e3e48052df18: receive RaftClientReply:client-D83FC23EEBD8->4c571e18-69a3-4a6d-81de-e3e48052df18@group-644576B5741B, cid=1740, SUCCESS, logIndex=2485, commits[4c571e18-69a3-4a6d-81de-e3e48052df18:c2486, 15893972-388e-43c0-9d6c-ca4c76ac06da:c2484, c86beb1c-9105-4588-b1e8-133030361c51:c2484]
2019-07-12 12:28:18,330 INFO  client.GrpcClientProtocolClient (GrpcClientProtocolClient.java:onNext(255)) - client-D83FC23EEBD8->4c571e18-69a3-4a6d-81de-e3e48052df18: receive RaftClientReply:client-D83FC23EEBD8->4c571e18-69a3-4a6d-81de-e3e48052df18@group-644576B5741B, cid=1741, SUCCESS, logIndex=2486, commits[4c571e18-69a3-4a6d-81de-e3e48052df18:c2486, 15893972-388e-43c0-9d6c-ca4c76ac06da:c2484, c86beb1c-9105-4588-b1e8-133030361c51:c2484]
2019-07-12 12:28:18,343 INFO  client.GrpcClientProtocolClient (GrpcClientProtocolClient.java:onNext(255)) - client-D83FC23EEBD8->4c571e18-69a3-4a6d-81de-e3e48052df18: receive RaftClientReply:client-D83FC23EEBD8->4c571e18-69a3-4a6d-81de-e3e48052df18@group-644576B5741B, cid=1742, SUCCESS, logIndex=2489, commits[4c571e18-69a3-4a6d-81de-e3e48052df18:c2489, 15893972-388e-43c0-9d6c-ca4c76ac06da:c2486, c86beb1c-9105-4588-b1e8-133030361c51:c2486]
2019-07-12 12:28:18,344 INFO  client.GrpcClientProtocolClient (GrpcClientProtocolClient.java:onNext(255)) - client-D83FC23EEBD8->4c571e18-69a3-4a6d-81de-e3e48052df18: receive RaftClientReply:client-D83FC23EEBD8->4c571e18-69a3-4a6d-81de-e3e48052df18@group-644576B5741B, cid=1743, SUCCESS, logIndex=2490, commits[4c571e18-69a3-4a6d-81de-e3e48052df18:c2490, 15893972-388e-43c0-9d6c-ca4c76ac06da:c2486, c86beb1c-9105-4588-b1e8-133030361c51:c2486]
2019-07-12 12:28:18,355 INFO  client.GrpcClientProtocolClient (GrpcClientProtocolClient.java:onNext(255)) - client-D83FC23EEBD8->4c571e18-69a3-4a6d-81de-e3e48052df18: receive RaftClientReply:client-D83FC23EEBD8->4c571e18-69a3-4a6d-81de-e3e48052df18@group-644576B5741B, cid=1744, SUCCESS, logIndex=0, commits[4c571e18-69a3-4a6d-81de-e3e48052df18:c2491, 15893972-388e-43c0-9d6c-ca4c76ac06da:c2490, c86beb1c-9105-4588-b1e8-133030361c51:c2490]
2019-07-12 12:28:18,380 INFO  client.GrpcClientProtocolClient (GrpcClientProtocolClient.java:onNext(255)) - client-D83FC23EEBD8->4c571e18-69a3-4a6d-81de-e3e48052df18: receive RaftClientReply:client-D83FC23EEBD8->4c571e18-69a3-4a6d-81de-e3e48052df18@group-644576B5741B, cid=1745, SUCCESS, logIndex=2493, commits[4c571e18-69a3-4a6d-81de-e3e48052df18:c2496, 15893972-388e-43c0-9d6c-ca4c76ac06da:c2492, c86beb1c-9105-4588-b1e8-133030361c51:c2492]
2019-07-12 12:28:18,380 INFO  client.GrpcClientProtocolClient (GrpcClientProtocolClient.java:onNext(255)) - client-D83FC23EEBD8->4c571e18-69a3-4a6d-81de-e3e48052df18: receive RaftClientReply:client-D83FC23EEBD8->4c571e18-69a3-4a6d-81de-e3e48052df18@group-644576B5741B, cid=1746, SUCCESS, logIndex=2494, commits[4c571e18-69a3-4a6d-81de-e3e48052df18:c2496, 15893972-388e-43c0-9d6c-ca4c76ac06da:c2492, c86beb1c-9105-4588-b1e8-133030361c51:c2492]
2019-07-12 12:28:18,380 INFO  client.GrpcClientProtocolClient (GrpcClientProtocolClient.java:onNext(255)) - client-D83FC23EEBD8->4c571e18-69a3-4a6d-81de-e3e48052df18: receive RaftClientReply:client-D83FC23EEBD8->4c571e18-69a3-4a6d-81de-e3e48052df18@group-644576B5741B, cid=1747, SUCCESS, logIndex=2495, commits[4c571e18-69a3-4a6d-81de-e3e48052df18:c2496, 15893972-388e-43c0-9d6c-ca4c76ac06da:c2492, c86beb1c-9105-4588-b1e8-133030361c51:c2492]
2019-07-12 12:28:18,380 INFO  client.GrpcClientProtocolClient (GrpcClientProtocolClient.java:onNext(255)) - client-D83FC23EEBD8->4c571e18-69a3-4a6d-81de-e3e48052df18: receive RaftClientReply:client-D83FC23EEBD8->4c571e18-69a3-4a6d-81de-e3e48052df18@group-644576B5741B, cid=1748, SUCCESS, logIndex=2496, commits[4c571e18-69a3-4a6d-81de-e3e48052df18:c2496, 15893972-388e-43c0-9d6c-ca4c76ac06da:c2492, c86beb1c-9105-4588-b1e8-133030361c51:c2492]
2019-07-12 12:28:18,381 INFO  client.GrpcClientProtocolClient (GrpcClientProtocolClient.java:onNext(255)) - client-D83FC23EEBD8->4c571e18-69a3-4a6d-81de-e3e48052df18: receive RaftClientReply:client-D83FC23EEBD8->4c571e18-69a3-4a6d-81de-e3e48052df18@group-644576B5741B, cid=1749, SUCCESS, logIndex=0, commits[4c571e18-69a3-4a6d-81de-e3e48052df18:c2497, 15893972-388e-43c0-9d6c-ca4c76ac06da:c2494, c86beb1c-9105-4588-b1e8-133030361c51:c2494]
2019-07-12 12:28:18,400 INFO  client.GrpcClientProtocolClient (GrpcClientProtocolClient.java:onNext(255)) - client-D83FC23EEBD8->4c571e18-69a3-4a6d-81de-e3e48052df18: receive RaftClientReply:client-D83FC23EEBD8->4c571e18-69a3-4a6d-81de-e3e48052df18@group-644576B5741B, cid=1750, SUCCESS, logIndex=2500, commits[4c571e18-69a3-4a6d-81de-e3e48052df18:c2501, 15893972-388e-43c0-9d6c-ca4c76ac06da:c2499, c86beb1c-9105-4588-b1e8-133030361c51:c2499]
2019-07-12 12:28:18,401 INFO  client.GrpcClientProtocolClient (GrpcClientProtocolClient.java:onNext(255)) - client-D83FC23EEBD8->4c571e18-69a3-4a6d-81de-e3e48052df18: receive RaftClientReply:client-D83FC23EEBD8->4c571e18-69a3-4a6d-81de-e3e48052df18@group-644576B5741B, cid=1751, SUCCESS, logIndex=2501, commits[4c571e18-69a3-4a6d-81de-e3e48052df18:c2501, 15893972-388e-43c0-9d6c-ca4c76ac06da:c2499, c86beb1c-9105-4588-b1e8-133030361c51:c2499]
2019-07-12 12:28:18,414 INFO  client.GrpcClientProtocolClient (GrpcClientProtocolClient.java:onNext(255)) - client-D83FC23EEBD8->4c571e18-69a3-4a6d-81de-e3e48052df18: receive RaftClientReply:client-D83FC23EEBD8->4c571e18-69a3-4a6d-81de-e3e48052df18@group-644576B5741B, cid=1752, SUCCESS, logIndex=2504, commits[4c571e18-69a3-4a6d-81de-e3e48052df18:c2505, 15893972-388e-43c0-9d6c-ca4c76ac06da:c2501, c86beb1c-9105-4588-b1e8-133030361c51:c2501]
2019-07-12 12:28:18,414 INFO  client.GrpcClientProtocolClient (GrpcClientProtocolClient.java:onNext(255)) - client-D83FC23EEBD8->4c571e18-69a3-4a6d-81de-e3e48052df18: receive RaftClientReply:client-D83FC23EEBD8->4c571e18-69a3-4a6d-81de-e3e48052df18@group-644576B5741B, cid=1753, SUCCESS, logIndex=2505, commits[4c571e18-69a3-4a6d-81de-e3e48052df18:c2505, 15893972-388e-43c0-9d6c-ca4c76ac06da:c2501, c86beb1c-9105-4588-b1e8-133030361c51:c2501]
2019-07-12 12:28:18,427 INFO  client.GrpcClientProtocolClient (GrpcClientProtocolClient.java:onNext(255)) - client-D83FC23EEBD8->4c571e18-69a3-4a6d-81de-e3e48052df18: receive RaftClientReply:client-D83FC23EEBD8->4c571e18-69a3-4a6d-81de-e3e48052df18@group-644576B5741B, cid=1754, SUCCESS, logIndex=0, commits[4c571e18-69a3-4a6d-81de-e3e48052df18:c2507, 15893972-388e-43c0-9d6c-ca4c76ac06da:c2505, c86beb1c-9105-4588-b1e8-133030361c51:c2505]
2019-07-12 12:28:18,458 INFO  client.GrpcClientProtocolClient (GrpcClientProtocolClient.java:onNext(255)) - client-D83FC23EEBD8->4c571e18-69a3-4a6d-81de-e3e48052df18: receive RaftClientReply:client-D83FC23EEBD8->4c571e18-69a3-4a6d-81de-e3e48052df18@group-644576B5741B, cid=1755, SUCCESS, logIndex=2508, commits[4c571e18-69a3-4a6d-81de-e3e48052df18:c2511, 15893972-388e-43c0-9d6c-ca4c76ac06da:c2507, c86beb1c-9105-4588-b1e8-133030361c51:c2507]
2019-07-12 12:28:18,458 INFO  client.GrpcClientProtocolClient (GrpcClientProtocolClient.java:onNext(255)) - client-D83FC23EEBD8->4c571e18-69a3-4a6d-81de-e3e48052df18: receive RaftClientReply:client-D83FC23EEBD8->4c571e18-69a3-4a6d-81de-e3e48052df18@group-644576B5741B, cid=1756, SUCCESS, logIndex=2509, commits[4c571e18-69a3-4a6d-81de-e3e48052df18:c2511, 15893972-388e-43c0-9d6c-ca4c76ac06da:c2507, c86beb1c-9105-4588-b1e8-133030361c51:c2507]
2019-07-12 12:28:18,458 INFO  client.GrpcClientProtocolClient (GrpcClientProtocolClient.java:onNext(255)) - client-D83FC23EEBD8->4c571e18-69a3-4a6d-81de-e3e48052df18: receive RaftClientReply:client-D83FC23EEBD8->4c571e18-69a3-4a6d-81de-e3e48052df18@group-644576B5741B, cid=1757, SUCCESS, logIndex=2510, commits[4c571e18-69a3-4a6d-81de-e3e48052df18:c2511, 15893972-388e-43c0-9d6c-ca4c76ac06da:c2507, c86beb1c-9105-4588-b1e8-133030361c51:c2507]
2019-07-12 12:28:18,458 INFO  client.GrpcClientProtocolClient (GrpcClientProtocolClient.java:onNext(255)) - client-D83FC23EEBD8->4c571e18-69a3-4a6d-81de-e3e48052df18: receive RaftClientReply:client-D83FC23EEBD8->4c571e18-69a3-4a6d-81de-e3e48052df18@group-644576B5741B, cid=1758, SUCCESS, logIndex=2511, commits[4c571e18-69a3-4a6d-81de-e3e48052df18:c2511, 15893972-388e-43c0-9d6c-ca4c76ac06da:c2507, c86beb1c-9105-4588-b1e8-133030361c51:c2507]
2019-07-12 12:28:18,460 INFO  client.GrpcClientProtocolClient (GrpcClientProtocolClient.java:onNext(255)) - client-D83FC23EEBD8->4c571e18-69a3-4a6d-81de-e3e48052df18: receive RaftClientReply:client-D83FC23EEBD8->4c571e18-69a3-4a6d-81de-e3e48052df18@group-644576B5741B, cid=1759, SUCCESS, logIndex=0, commits[4c571e18-69a3-4a6d-81de-e3e48052df18:c2512, 15893972-388e-43c0-9d6c-ca4c76ac06da:c2509, c86beb1c-9105-4588-b1e8-133030361c51:c2509]
2019-07-12 12:28:18,474 INFO  client.GrpcClientProtocolClient (GrpcClientProtocolClient.java:onNext(255)) - client-D83FC23EEBD8->4c571e18-69a3-4a6d-81de-e3e48052df18: receive RaftClientReply:client-D83FC23EEBD8->4c571e18-69a3-4a6d-81de-e3e48052df18@group-644576B5741B, cid=1760, SUCCESS, logIndex=2516, commits[4c571e18-69a3-4a6d-81de-e3e48052df18:c2517, 15893972-388e-43c0-9d6c-ca4c76ac06da:c2515, c86beb1c-9105-4588-b1e8-133030361c51:c2515]
2019-07-12 12:28:18,474 INFO  client.GrpcClientProtocolClient (GrpcClientProtocolClient.java:onNext(255)) - client-D83FC23EEBD8->4c571e18-69a3-4a6d-81de-e3e48052df18: receive RaftClientReply:client-D83FC23EEBD8->4c571e18-69a3-4a6d-81de-e3e48052df18@group-644576B5741B, cid=1761, SUCCESS, logIndex=2517, commits[4c571e18-69a3-4a6d-81de-e3e48052df18:c2517, 15893972-388e-43c0-9d6c-ca4c76ac06da:c2515, c86beb1c-9105-4588-b1e8-133030361c51:c2515]
2019-07-12 12:28:18,487 INFO  client.GrpcClientProtocolClient (GrpcClientProtocolClient.java:onNext(255)) - client-D83FC23EEBD8->4c571e18-69a3-4a6d-81de-e3e48052df18: receive RaftClientReply:client-D83FC23EEBD8->4c571e18-69a3-4a6d-81de-e3e48052df18@group-644576B5741B, cid=1762, SUCCESS, logIndex=2520, commits[4c571e18-69a3-4a6d-81de-e3e48052df18:c2521, 15893972-388e-43c0-9d6c-ca4c76ac06da:c2517, c86beb1c-9105-4588-b1e8-133030361c51:c2517]
2019-07-12 12:28:18,488 INFO  client.GrpcClientProtocolClient (GrpcClientProtocolClient.java:onNext(255)) - client-D83FC23EEBD8->4c571e18-69a3-4a6d-81de-e3e48052df18: receive RaftClientReply:client-D83FC23EEBD8->4c571e18-69a3-4a6d-81de-e3e48052df18@group-644576B5741B, cid=1763, SUCCESS, logIndex=2521, commits[4c571e18-69a3-4a6d-81de-e3e48052df18:c2521, 15893972-388e-43c0-9d6c-ca4c76ac06da:c2517, c86beb1c-9105-4588-b1e8-133030361c51:c2517]
2019-07-12 12:28:18,500 INFO  client.GrpcClientProtocolClient (GrpcClientProtocolClient.java:onNext(255)) - client-D83FC23EEBD8->4c571e18-69a3-4a6d-81de-e3e48052df18: receive RaftClientReply:client-D83FC23EEBD8->4c571e18-69a3-4a6d-81de-e3e48052df18@group-644576B5741B, cid=1764, SUCCESS, logIndex=0, commits[4c571e18-69a3-4a6d-81de-e3e48052df18:c2523, 15893972-388e-43c0-9d6c-ca4c76ac06da:c2521, c86beb1c-9105-4588-b1e8-133030361c51:c2521]
2019-07-12 12:28:18,527 INFO  client.GrpcClientProtocolClient (GrpcClientProtocolClient.java:onNext(255)) - client-D83FC23EEBD8->4c571e18-69a3-4a6d-81de-e3e48052df18: receive RaftClientReply:client-D83FC23EEBD8->4c571e18-69a3-4a6d-81de-e3e48052df18@group-644576B5741B, cid=1765, SUCCESS, logIndex=2524, commits[4c571e18-69a3-4a6d-81de-e3e48052df18:c2525, 15893972-388e-43c0-9d6c-ca4c76ac06da:c2523, c86beb1c-9105-4588-b1e8-133030361c51:c2523]
2019-07-12 12:28:18,528 INFO  client.GrpcClientProtocolClient (GrpcClientProtocolClient.java:onNext(255)) - client-D83FC23EEBD8->4c571e18-69a3-4a6d-81de-e3e48052df18: receive RaftClientReply:client-D83FC23EEBD8->4c571e18-69a3-4a6d-81de-e3e48052df18@group-644576B5741B, cid=1766, SUCCESS, logIndex=2525, commits[4c571e18-69a3-4a6d-81de-e3e48052df18:c2527, 15893972-388e-43c0-9d6c-ca4c76ac06da:c2523, c86beb1c-9105-4588-b1e8-133030361c51:c2523]
2019-07-12 12:28:18,528 INFO  client.GrpcClientProtocolClient (GrpcClientProtocolClient.java:onNext(255)) - client-D83FC23EEBD8->4c571e18-69a3-4a6d-81de-e3e48052df18: receive RaftClientReply:client-D83FC23EEBD8->4c571e18-69a3-4a6d-81de-e3e48052df18@group-644576B5741B, cid=1767, SUCCESS, logIndex=2526, commits[4c571e18-69a3-4a6d-81de-e3e48052df18:c2527, 15893972-388e-43c0-9d6c-ca4c76ac06da:c2523, c86beb1c-9105-4588-b1e8-133030361c51:c2523]
2019-07-12 12:28:18,528 INFO  client.GrpcClientProtocolClient (GrpcClientProtocolClient.java:onNext(255)) - client-D83FC23EEBD8->4c571e18-69a3-4a6d-81de-e3e48052df18: receive RaftClientReply:client-D83FC23EEBD8->4c571e18-69a3-4a6d-81de-e3e48052df18@group-644576B5741B, cid=1768, SUCCESS, logIndex=2527, commits[4c571e18-69a3-4a6d-81de-e3e48052df18:c2527, 15893972-388e-43c0-9d6c-ca4c76ac06da:c2523, c86beb1c-9105-4588-b1e8-133030361c51:c2523]
2019-07-12 12:28:18,530 INFO  client.GrpcClientProtocolClient (GrpcClientProtocolClient.java:onNext(255)) - client-D83FC23EEBD8->4c571e18-69a3-4a6d-81de-e3e48052df18: receive RaftClientReply:client-D83FC23EEBD8->4c571e18-69a3-4a6d-81de-e3e48052df18@group-644576B5741B, cid=1769, SUCCESS, logIndex=0, commits[4c571e18-69a3-4a6d-81de-e3e48052df18:c2531, 15893972-388e-43c0-9d6c-ca4c76ac06da:c2525, c86beb1c-9105-4588-b1e8-133030361c51:c2527]
2019-07-12 12:28:18,550 INFO  client.GrpcClientProtocolClient (GrpcClientProtocolClient.java:onNext(255)) - client-D83FC23EEBD8->4c571e18-69a3-4a6d-81de-e3e48052df18: receive RaftClientReply:client-D83FC23EEBD8->4c571e18-69a3-4a6d-81de-e3e48052df18@group-644576B5741B, cid=1770, SUCCESS, logIndex=2532, commits[4c571e18-69a3-4a6d-81de-e3e48052df18:c2533, 15893972-388e-43c0-9d6c-ca4c76ac06da:c2531, c86beb1c-9105-4588-b1e8-133030361c51:c2531]
2019-07-12 12:28:18,550 INFO  client.GrpcClientProtocolClient (GrpcClientProtocolClient.java:onNext(255)) - client-D83FC23EEBD8->4c571e18-69a3-4a6d-81de-e3e48052df18: receive RaftClientReply:client-D83FC23EEBD8->4c571e18-69a3-4a6d-81de-e3e48052df18@group-644576B5741B, cid=1771, SUCCESS, logIndex=2533, commits[4c571e18-69a3-4a6d-81de-e3e48052df18:c2533, 15893972-388e-43c0-9d6c-ca4c76ac06da:c2531, c86beb1c-9105-4588-b1e8-133030361c51:c2531]
2019-07-12 12:28:18,641 INFO  client.GrpcClientProtocolClient (GrpcClientProtocolClient.java:onNext(255)) - client-D83FC23EEBD8->4c571e18-69a3-4a6d-81de-e3e48052df18: receive RaftClientReply:client-D83FC23EEBD8->4c571e18-69a3-4a6d-81de-e3e48052df18@group-644576B5741B, cid=1772, SUCCESS, logIndex=2536, commits[4c571e18-69a3-4a6d-81de-e3e48052df18:c2537, 15893972-388e-43c0-9d6c-ca4c76ac06da:c2533, c86beb1c-9105-4588-b1e8-133030361c51:c2533]
2019-07-12 12:28:18,641 INFO  client.GrpcClientProtocolClient (GrpcClientProtocolClient.java:onNext(255)) - client-D83FC23EEBD8->4c571e18-69a3-4a6d-81de-e3e48052df18: receive RaftClientReply:client-D83FC23EEBD8->4c571e18-69a3-4a6d-81de-e3e48052df18@group-644576B5741B, cid=1773, SUCCESS, logIndex=2537, commits[4c571e18-69a3-4a6d-81de-e3e48052df18:c2537, 15893972-388e-43c0-9d6c-ca4c76ac06da:c2533, c86beb1c-9105-4588-b1e8-133030361c51:c2533]
2019-07-12 12:28:18,654 INFO  client.GrpcClientProtocolClient (GrpcClientProtocolClient.java:onNext(255)) - client-D83FC23EEBD8->4c571e18-69a3-4a6d-81de-e3e48052df18: receive RaftClientReply:client-D83FC23EEBD8->4c571e18-69a3-4a6d-81de-e3e48052df18@group-644576B5741B, cid=1774, SUCCESS, logIndex=0, commits[4c571e18-69a3-4a6d-81de-e3e48052df18:c2539, 15893972-388e-43c0-9d6c-ca4c76ac06da:c2537, c86beb1c-9105-4588-b1e8-133030361c51:c2537]
2019-07-12 12:28:18,679 INFO  client.GrpcClientProtocolClient (GrpcClientProtocolClient.java:onNext(255)) - client-D83FC23EEBD8->4c571e18-69a3-4a6d-81de-e3e48052df18: receive RaftClientReply:client-D83FC23EEBD8->4c571e18-69a3-4a6d-81de-e3e48052df18@group-644576B5741B, cid=1775, SUCCESS, logIndex=2540, commits[4c571e18-69a3-4a6d-81de-e3e48052df18:c2543, 15893972-388e-43c0-9d6c-ca4c76ac06da:c2539, c86beb1c-9105-4588-b1e8-133030361c51:c2539]
2019-07-12 12:28:18,679 INFO  client.GrpcClientProtocolClient (GrpcClientProtocolClient.java:onNext(255)) - client-D83FC23EEBD8->4c571e18-69a3-4a6d-81de-e3e48052df18: receive RaftClientReply:client-D83FC23EEBD8->4c571e18-69a3-4a6d-81de-e3e48052df18@group-644576B5741B, cid=1776, SUCCESS, logIndex=2541, commits[4c571e18-69a3-4a6d-81de-e3e48052df18:c2543, 15893972-388e-43c0-9d6c-ca4c76ac06da:c2539, c86beb1c-9105-4588-b1e8-133030361c51:c2539]
2019-07-12 12:28:18,679 INFO  client.GrpcClientProtocolClient (GrpcClientProtocolClient.java:onNext(255)) - client-D83FC23EEBD8->4c571e18-69a3-4a6d-81de-e3e48052df18: receive RaftClientReply:client-D83FC23EEBD8->4c571e18-69a3-4a6d-81de-e3e48052df18@group-644576B5741B, cid=1777, SUCCESS, logIndex=2542, commits[4c571e18-69a3-4a6d-81de-e3e48052df18:c2543, 15893972-388e-43c0-9d6c-ca4c76ac06da:c2539, c86beb1c-9105-4588-b1e8-133030361c51:c2539]
2019-07-12 12:28:18,680 INFO  client.GrpcClientProtocolClient (GrpcClientProtocolClient.java:onNext(255)) - client-D83FC23EEBD8->4c571e18-69a3-4a6d-81de-e3e48052df18: receive RaftClientReply:client-D83FC23EEBD8->4c571e18-69a3-4a6d-81de-e3e48052df18@group-644576B5741B, cid=1778, SUCCESS, logIndex=2543, commits[4c571e18-69a3-4a6d-81de-e3e48052df18:c2543, 15893972-388e-43c0-9d6c-ca4c76ac06da:c2539, c86beb1c-9105-4588-b1e8-133030361c51:c2539]
2019-07-12 12:28:18,681 INFO  client.GrpcClientProtocolClient (GrpcClientProtocolClient.java:onNext(255)) - client-D83FC23EEBD8->4c571e18-69a3-4a6d-81de-e3e48052df18: receive RaftClientReply:client-D83FC23EEBD8->4c571e18-69a3-4a6d-81de-e3e48052df18@group-644576B5741B, cid=1779, SUCCESS, logIndex=0, commits[4c571e18-69a3-4a6d-81de-e3e48052df18:c2547, 15893972-388e-43c0-9d6c-ca4c76ac06da:c2543, c86beb1c-9105-4588-b1e8-133030361c51:c2541]
2019-07-12 12:28:18,711 INFO  client.GrpcClientProtocolClient (GrpcClientProtocolClient.java:onNext(255)) - client-D83FC23EEBD8->4c571e18-69a3-4a6d-81de-e3e48052df18: receive RaftClientReply:client-D83FC23EEBD8->4c571e18-69a3-4a6d-81de-e3e48052df18@group-644576B5741B, cid=1780, SUCCESS, logIndex=2548, commits[4c571e18-69a3-4a6d-81de-e3e48052df18:c2549, 15893972-388e-43c0-9d6c-ca4c76ac06da:c2547, c86beb1c-9105-4588-b1e8-133030361c51:c2547]
2019-07-12 12:28:18,711 INFO  client.GrpcClientProtocolClient (GrpcClientProtocolClient.java:onNext(255)) - client-D83FC23EEBD8->4c571e18-69a3-4a6d-81de-e3e48052df18: receive RaftClientReply:client-D83FC23EEBD8->4c571e18-69a3-4a6d-81de-e3e48052df18@group-644576B5741B, cid=1781, SUCCESS, logIndex=2549, commits[4c571e18-69a3-4a6d-81de-e3e48052df18:c2549, 15893972-388e-43c0-9d6c-ca4c76ac06da:c2547, c86beb1c-9105-4588-b1e8-133030361c51:c2547]
2019-07-12 12:28:18,724 INFO  client.GrpcClientProtocolClient (GrpcClientProtocolClient.java:onNext(255)) - client-D83FC23EEBD8->4c571e18-69a3-4a6d-81de-e3e48052df18: receive RaftClientReply:client-D83FC23EEBD8->4c571e18-69a3-4a6d-81de-e3e48052df18@group-644576B5741B, cid=1782, SUCCESS, logIndex=2552, commits[4c571e18-69a3-4a6d-81de-e3e48052df18:c2553, 15893972-388e-43c0-9d6c-ca4c76ac06da:c2549, c86beb1c-9105-4588-b1e8-133030361c51:c2549]
2019-07-12 12:28:18,724 INFO  client.GrpcClientProtocolClient (GrpcClientProtocolClient.java:onNext(255)) - client-D83FC23EEBD8->4c571e18-69a3-4a6d-81de-e3e48052df18: receive RaftClientReply:client-D83FC23EEBD8->4c571e18-69a3-4a6d-81de-e3e48052df18@group-644576B5741B, cid=1783, SUCCESS, logIndex=2553, commits[4c571e18-69a3-4a6d-81de-e3e48052df18:c2553, 15893972-388e-43c0-9d6c-ca4c76ac06da:c2549, c86beb1c-9105-4588-b1e8-133030361c51:c2549]
2019-07-12 12:28:18,727 INFO  client.GrpcClientProtocolClient (GrpcClientProtocolClient.java:onNext(255)) - client-D83FC23EEBD8->4c571e18-69a3-4a6d-81de-e3e48052df18: receive RaftClientReply:client-D83FC23EEBD8->4c571e18-69a3-4a6d-81de-e3e48052df18@group-644576B5741B, cid=1784, SUCCESS, logIndex=0, commits[4c571e18-69a3-4a6d-81de-e3e48052df18:c2555, 15893972-388e-43c0-9d6c-ca4c76ac06da:c2553, c86beb1c-9105-4588-b1e8-133030361c51:c2553]
2019-07-12 12:28:18,753 INFO  client.GrpcClientProtocolClient (GrpcClientProtocolClient.java:onNext(255)) - client-D83FC23EEBD8->4c571e18-69a3-4a6d-81de-e3e48052df18: receive RaftClientReply:client-D83FC23EEBD8->4c571e18-69a3-4a6d-81de-e3e48052df18@group-644576B5741B, cid=1785, SUCCESS, logIndex=2556, commits[4c571e18-69a3-4a6d-81de-e3e48052df18:c2559, 15893972-388e-43c0-9d6c-ca4c76ac06da:c2555, c86beb1c-9105-4588-b1e8-133030361c51:c2555]
2019-07-12 12:28:18,753 INFO  client.GrpcClientProtocolClient (GrpcClientProtocolClient.java:onNext(255)) - client-D83FC23EEBD8->4c571e18-69a3-4a6d-81de-e3e48052df18: receive RaftClientReply:client-D83FC23EEBD8->4c571e18-69a3-4a6d-81de-e3e48052df18@group-644576B5741B, cid=1786, SUCCESS, logIndex=2557, commits[4c571e18-69a3-4a6d-81de-e3e48052df18:c2559, 15893972-388e-43c0-9d6c-ca4c76ac06da:c2555, c86beb1c-9105-4588-b1e8-133030361c51:c2555]
2019-07-12 12:28:18,753 INFO  client.GrpcClientProtocolClient (GrpcClientProtocolClient.java:onNext(255)) - client-D83FC23EEBD8->4c571e18-69a3-4a6d-81de-e3e48052df18: receive RaftClientReply:client-D83FC23EEBD8->4c571e18-69a3-4a6d-81de-e3e48052df18@group-644576B5741B, cid=1787, SUCCESS, logIndex=2558, commits[4c571e18-69a3-4a6d-81de-e3e48052df18:c2559, 15893972-388e-43c0-9d6c-ca4c76ac06da:c2555, c86beb1c-9105-4588-b1e8-133030361c51:c2555]
2019-07-12 12:28:18,754 INFO  client.GrpcClientProtocolClient (GrpcClientProtocolClient.java:onNext(255)) - client-D83FC23EEBD8->4c571e18-69a3-4a6d-81de-e3e48052df18: receive RaftClientReply:client-D83FC23EEBD8->4c571e18-69a3-4a6d-81de-e3e48052df18@group-644576B5741B, cid=1788, SUCCESS, logIndex=2559, commits[4c571e18-69a3-4a6d-81de-e3e48052df18:c2559, 15893972-388e-43c0-9d6c-ca4c76ac06da:c2555, c86beb1c-9105-4588-b1e8-133030361c51:c2555]
2019-07-12 12:28:18,754 INFO  client.GrpcClientProtocolClient (GrpcClientProtocolClient.java:onNext(255)) - client-D83FC23EEBD8->4c571e18-69a3-4a6d-81de-e3e48052df18: receive RaftClientReply:client-D83FC23EEBD8->4c571e18-69a3-4a6d-81de-e3e48052df18@group-644576B5741B, cid=1789, SUCCESS, logIndex=0, commits[4c571e18-69a3-4a6d-81de-e3e48052df18:c2561, 15893972-388e-43c0-9d6c-ca4c76ac06da:c2557, c86beb1c-9105-4588-b1e8-133030361c51:c2557]
2019-07-12 12:28:18,773 INFO  client.GrpcClientProtocolClient (GrpcClientProtocolClient.java:onNext(255)) - client-D83FC23EEBD8->4c571e18-69a3-4a6d-81de-e3e48052df18: receive RaftClientReply:client-D83FC23EEBD8->4c571e18-69a3-4a6d-81de-e3e48052df18@group-644576B5741B, cid=1790, SUCCESS, logIndex=2564, commits[4c571e18-69a3-4a6d-81de-e3e48052df18:c2565, 15893972-388e-43c0-9d6c-ca4c76ac06da:c2563, c86beb1c-9105-4588-b1e8-133030361c51:c2563]
2019-07-12 12:28:18,773 INFO  client.GrpcClientProtocolClient (GrpcClientProtocolClient.java:onNext(255)) - client-D83FC23EEBD8->4c571e18-69a3-4a6d-81de-e3e48052df18: receive RaftClientReply:client-D83FC23EEBD8->4c571e18-69a3-4a6d-81de-e3e48052df18@group-644576B5741B, cid=1791, SUCCESS, logIndex=2565, commits[4c571e18-69a3-4a6d-81de-e3e48052df18:c2565, 15893972-388e-43c0-9d6c-ca4c76ac06da:c2563, c86beb1c-9105-4588-b1e8-133030361c51:c2563]
2019-07-12 12:28:18,786 INFO  client.GrpcClientProtocolClient (GrpcClientProtocolClient.java:onNext(255)) - client-D83FC23EEBD8->4c571e18-69a3-4a6d-81de-e3e48052df18: receive RaftClientReply:client-D83FC23EEBD8->4c571e18-69a3-4a6d-81de-e3e48052df18@group-644576B5741B, cid=1792, SUCCESS, logIndex=2568, commits[4c571e18-69a3-4a6d-81de-e3e48052df18:c2569, 15893972-388e-43c0-9d6c-ca4c76ac06da:c2565, c86beb1c-9105-4588-b1e8-133030361c51:c2565]
2019-07-12 12:28:18,786 INFO  client.GrpcClientProtocolClient (GrpcClientProtocolClient.java:onNext(255)) - client-D83FC23EEBD8->4c571e18-69a3-4a6d-81de-e3e48052df18: receive RaftClientReply:client-D83FC23EEBD8->4c571e18-69a3-4a6d-81de-e3e48052df18@group-644576B5741B, cid=1793, SUCCESS, logIndex=2569, commits[4c571e18-69a3-4a6d-81de-e3e48052df18:c2569, 15893972-388e-43c0-9d6c-ca4c76ac06da:c2565, c86beb1c-9105-4588-b1e8-133030361c51:c2565]
2019-07-12 12:28:18,798 INFO  client.GrpcClientProtocolClient (GrpcClientProtocolClient.java:onNext(255)) - client-D83FC23EEBD8->4c571e18-69a3-4a6d-81de-e3e48052df18: receive RaftClientReply:client-D83FC23EEBD8->4c571e18-69a3-4a6d-81de-e3e48052df18@group-644576B5741B, cid=1794, SUCCESS, logIndex=0, commits[4c571e18-69a3-4a6d-81de-e3e48052df18:c2570, 15893972-388e-43c0-9d6c-ca4c76ac06da:c2569, c86beb1c-9105-4588-b1e8-133030361c51:c2569]
2019-07-12 12:28:18,822 INFO  client.GrpcClientProtocolClient (GrpcClientProtocolClient.java:onNext(255)) - client-D83FC23EEBD8->4c571e18-69a3-4a6d-81de-e3e48052df18: receive RaftClientReply:client-D83FC23EEBD8->4c571e18-69a3-4a6d-81de-e3e48052df18@group-644576B5741B, cid=1795, SUCCESS, logIndex=2572, commits[4c571e18-69a3-4a6d-81de-e3e48052df18:c2575, 15893972-388e-43c0-9d6c-ca4c76ac06da:c2571, c86beb1c-9105-4588-b1e8-133030361c51:c2571]
2019-07-12 12:28:18,822 INFO  client.GrpcClientProtocolClient (GrpcClientProtocolClient.java:onNext(255)) - client-D83FC23EEBD8->4c571e18-69a3-4a6d-81de-e3e48052df18: receive RaftClientReply:client-D83FC23EEBD8->4c571e18-69a3-4a6d-81de-e3e48052df18@group-644576B5741B, cid=1796, SUCCESS, logIndex=2573, commits[4c571e18-69a3-4a6d-81de-e3e48052df18:c2575, 15893972-388e-43c0-9d6c-ca4c76ac06da:c2571, c86beb1c-9105-4588-b1e8-133030361c51:c2571]
2019-07-12 12:28:18,822 INFO  client.GrpcClientProtocolClient (GrpcClientProtocolClient.java:onNext(255)) - client-D83FC23EEBD8->4c571e18-69a3-4a6d-81de-e3e48052df18: receive RaftClientReply:client-D83FC23EEBD8->4c571e18-69a3-4a6d-81de-e3e48052df18@group-644576B5741B, cid=1797, SUCCESS, logIndex=2574, commits[4c571e18-69a3-4a6d-81de-e3e48052df18:c2575, 15893972-388e-43c0-9d6c-ca4c76ac06da:c2571, c86beb1c-9105-4588-b1e8-133030361c51:c2571]
2019-07-12 12:28:18,822 INFO  client.GrpcClientProtocolClient (GrpcClientProtocolClient.java:onNext(255)) - client-D83FC23EEBD8->4c571e18-69a3-4a6d-81de-e3e48052df18: receive RaftClientReply:client-D83FC23EEBD8->4c571e18-69a3-4a6d-81de-e3e48052df18@group-644576B5741B, cid=1798, SUCCESS, logIndex=2575, commits[4c571e18-69a3-4a6d-81de-e3e48052df18:c2575, 15893972-388e-43c0-9d6c-ca4c76ac06da:c2571, c86beb1c-9105-4588-b1e8-133030361c51:c2571]
2019-07-12 12:28:18,824 INFO  client.GrpcClientProtocolClient (GrpcClientProtocolClient.java:onNext(255)) - client-D83FC23EEBD8->4c571e18-69a3-4a6d-81de-e3e48052df18: receive RaftClientReply:client-D83FC23EEBD8->4c571e18-69a3-4a6d-81de-e3e48052df18@group-644576B5741B, cid=1799, SUCCESS, logIndex=0, commits[4c571e18-69a3-4a6d-81de-e3e48052df18:c2579, 15893972-388e-43c0-9d6c-ca4c76ac06da:c2575, c86beb1c-9105-4588-b1e8-133030361c51:c2573]
2019-07-12 12:28:18,843 INFO  client.GrpcClientProtocolClient (GrpcClientProtocolClient.java:onNext(255)) - client-D83FC23EEBD8->4c571e18-69a3-4a6d-81de-e3e48052df18: receive RaftClientReply:client-D83FC23EEBD8->4c571e18-69a3-4a6d-81de-e3e48052df18@group-644576B5741B, cid=1800, SUCCESS, logIndex=2580, commits[4c571e18-69a3-4a6d-81de-e3e48052df18:c2581, 15893972-388e-43c0-9d6c-ca4c76ac06da:c2579, c86beb1c-9105-4588-b1e8-133030361c51:c2579]
2019-07-12 12:28:18,843 INFO  client.GrpcClientProtocolClient (GrpcClientProtocolClient.java:onNext(255)) - client-D83FC23EEBD8->4c571e18-69a3-4a6d-81de-e3e48052df18: receive RaftClientReply:client-D83FC23EEBD8->4c571e18-69a3-4a6d-81de-e3e48052df18@group-644576B5741B, cid=1801, SUCCESS, logIndex=2581, commits[4c571e18-69a3-4a6d-81de-e3e48052df18:c2581, 15893972-388e-43c0-9d6c-ca4c76ac06da:c2579, c86beb1c-9105-4588-b1e8-133030361c51:c2579]
2019-07-12 12:28:18,855 INFO  client.GrpcClientProtocolClient (GrpcClientProtocolClient.java:onNext(255)) - client-D83FC23EEBD8->4c571e18-69a3-4a6d-81de-e3e48052df18: receive RaftClientReply:client-D83FC23EEBD8->4c571e18-69a3-4a6d-81de-e3e48052df18@group-644576B5741B, cid=1802, SUCCESS, logIndex=2584, commits[4c571e18-69a3-4a6d-81de-e3e48052df18:c2585, 15893972-388e-43c0-9d6c-ca4c76ac06da:c2581, c86beb1c-9105-4588-b1e8-133030361c51:c2581]
2019-07-12 12:28:18,855 INFO  client.GrpcClientProtocolClient (GrpcClientProtocolClient.java:onNext(255)) - client-D83FC23EEBD8->4c571e18-69a3-4a6d-81de-e3e48052df18: receive RaftClientReply:client-D83FC23EEBD8->4c571e18-69a3-4a6d-81de-e3e48052df18@group-644576B5741B, cid=1803, SUCCESS, logIndex=2585, commits[4c571e18-69a3-4a6d-81de-e3e48052df18:c2585, 15893972-388e-43c0-9d6c-ca4c76ac06da:c2581, c86beb1c-9105-4588-b1e8-133030361c51:c2581]
2019-07-12 12:28:18,868 INFO  client.GrpcClientProtocolClient (GrpcClientProtocolClient.java:onNext(255)) - client-D83FC23EEBD8->4c571e18-69a3-4a6d-81de-e3e48052df18: receive RaftClientReply:client-D83FC23EEBD8->4c571e18-69a3-4a6d-81de-e3e48052df18@group-644576B5741B, cid=1804, SUCCESS, logIndex=0, commits[4c571e18-69a3-4a6d-81de-e3e48052df18:c2587, 15893972-388e-43c0-9d6c-ca4c76ac06da:c2585, c86beb1c-9105-4588-b1e8-133030361c51:c2585]
2019-07-12 12:28:18,893 INFO  client.GrpcClientProtocolClient (GrpcClientProtocolClient.java:onNext(255)) - client-D83FC23EEBD8->4c571e18-69a3-4a6d-81de-e3e48052df18: receive RaftClientReply:client-D83FC23EEBD8->4c571e18-69a3-4a6d-81de-e3e48052df18@group-644576B5741B, cid=1805, SUCCESS, logIndex=2588, commits[4c571e18-69a3-4a6d-81de-e3e48052df18:c2589, 15893972-388e-43c0-9d6c-ca4c76ac06da:c2587, c86beb1c-9105-4588-b1e8-133030361c51:c2587]
2019-07-12 12:28:18,894 INFO  client.GrpcClientProtocolClient (GrpcClientProtocolClient.java:onNext(255)) - client-D83FC23EEBD8->4c571e18-69a3-4a6d-81de-e3e48052df18: receive RaftClientReply:client-D83FC23EEBD8->4c571e18-69a3-4a6d-81de-e3e48052df18@group-644576B5741B, cid=1806, SUCCESS, logIndex=2589, commits[4c571e18-69a3-4a6d-81de-e3e48052df18:c2591, 15893972-388e-43c0-9d6c-ca4c76ac06da:c2587, c86beb1c-9105-4588-b1e8-133030361c51:c2587]
2019-07-12 12:28:18,894 INFO  client.GrpcClientProtocolClient (GrpcClientProtocolClient.java:onNext(255)) - client-D83FC23EEBD8->4c571e18-69a3-4a6d-81de-e3e48052df18: receive RaftClientReply:client-D83FC23EEBD8->4c571e18-69a3-4a6d-81de-e3e48052df18@group-644576B5741B, cid=1807, SUCCESS, logIndex=2590, commits[4c571e18-69a3-4a6d-81de-e3e48052df18:c2591, 15893972-388e-43c0-9d6c-ca4c76ac06da:c2587, c86beb1c-9105-4588-b1e8-133030361c51:c2587]
2019-07-12 12:28:18,894 INFO  client.GrpcClientProtocolClient (GrpcClientProtocolClient.java:onNext(255)) - client-D83FC23EEBD8->4c571e18-69a3-4a6d-81de-e3e48052df18: receive RaftClientReply:client-D83FC23EEBD8->4c571e18-69a3-4a6d-81de-e3e48052df18@group-644576B5741B, cid=1808, SUCCESS, logIndex=2591, commits[4c571e18-69a3-4a6d-81de-e3e48052df18:c2591, 15893972-388e-43c0-9d6c-ca4c76ac06da:c2587, c86beb1c-9105-4588-b1e8-133030361c51:c2587]
2019-07-12 12:28:18,895 INFO  client.GrpcClientProtocolClient (GrpcClientProtocolClient.java:onNext(255)) - client-D83FC23EEBD8->4c571e18-69a3-4a6d-81de-e3e48052df18: receive RaftClientReply:client-D83FC23EEBD8->4c571e18-69a3-4a6d-81de-e3e48052df18@group-644576B5741B, cid=1809, SUCCESS, logIndex=0, commits[4c571e18-69a3-4a6d-81de-e3e48052df18:c2592, 15893972-388e-43c0-9d6c-ca4c76ac06da:c2589, c86beb1c-9105-4588-b1e8-133030361c51:c2589]
2019-07-12 12:28:18,914 INFO  client.GrpcClientProtocolClient (GrpcClientProtocolClient.java:onNext(255)) - client-D83FC23EEBD8->4c571e18-69a3-4a6d-81de-e3e48052df18: receive RaftClientReply:client-D83FC23EEBD8->4c571e18-69a3-4a6d-81de-e3e48052df18@group-644576B5741B, cid=1810, SUCCESS, logIndex=2596, commits[4c571e18-69a3-4a6d-81de-e3e48052df18:c2597, 15893972-388e-43c0-9d6c-ca4c76ac06da:c2595, c86beb1c-9105-4588-b1e8-133030361c51:c2595]
2019-07-12 12:28:18,914 INFO  client.GrpcClientProtocolClient (GrpcClientProtocolClient.java:onNext(255)) - client-D83FC23EEBD8->4c571e18-69a3-4a6d-81de-e3e48052df18: receive RaftClientReply:client-D83FC23EEBD8->4c571e18-69a3-4a6d-81de-e3e48052df18@group-644576B5741B, cid=1811, SUCCESS, logIndex=2597, commits[4c571e18-69a3-4a6d-81de-e3e48052df18:c2597, 15893972-388e-43c0-9d6c-ca4c76ac06da:c2595, c86beb1c-9105-4588-b1e8-133030361c51:c2595]
2019-07-12 12:28:18,927 INFO  client.GrpcClientProtocolClient (GrpcClientProtocolClient.java:onNext(255)) - client-D83FC23EEBD8->4c571e18-69a3-4a6d-81de-e3e48052df18: receive RaftClientReply:client-D83FC23EEBD8->4c571e18-69a3-4a6d-81de-e3e48052df18@group-644576B5741B, cid=1812, SUCCESS, logIndex=2600, commits[4c571e18-69a3-4a6d-81de-e3e48052df18:c2601, 15893972-388e-43c0-9d6c-ca4c76ac06da:c2597, c86beb1c-9105-4588-b1e8-133030361c51:c2597]
2019-07-12 12:28:18,927 INFO  client.GrpcClientProtocolClient (GrpcClientProtocolClient.java:onNext(255)) - client-D83FC23EEBD8->4c571e18-69a3-4a6d-81de-e3e48052df18: receive RaftClientReply:client-D83FC23EEBD8->4c571e18-69a3-4a6d-81de-e3e48052df18@group-644576B5741B, cid=1813, SUCCESS, logIndex=2601, commits[4c571e18-69a3-4a6d-81de-e3e48052df18:c2601, 15893972-388e-43c0-9d6c-ca4c76ac06da:c2597, c86beb1c-9105-4588-b1e8-133030361c51:c2597]
2019-07-12 12:28:18,940 INFO  client.GrpcClientProtocolClient (GrpcClientProtocolClient.java:onNext(255)) - client-D83FC23EEBD8->4c571e18-69a3-4a6d-81de-e3e48052df18: receive RaftClientReply:client-D83FC23EEBD8->4c571e18-69a3-4a6d-81de-e3e48052df18@group-644576B5741B, cid=1814, SUCCESS, logIndex=0, commits[4c571e18-69a3-4a6d-81de-e3e48052df18:c2603, 15893972-388e-43c0-9d6c-ca4c76ac06da:c2601, c86beb1c-9105-4588-b1e8-133030361c51:c2601]
2019-07-12 12:28:18,980 INFO  client.GrpcClientProtocolClient (GrpcClientProtocolClient.java:onNext(255)) - client-D83FC23EEBD8->4c571e18-69a3-4a6d-81de-e3e48052df18: receive RaftClientReply:client-D83FC23EEBD8->4c571e18-69a3-4a6d-81de-e3e48052df18@group-644576B5741B, cid=1815, SUCCESS, logIndex=2604, commits[4c571e18-69a3-4a6d-81de-e3e48052df18:c2605, 15893972-388e-43c0-9d6c-ca4c76ac06da:c2601, c86beb1c-9105-4588-b1e8-133030361c51:c2603]
2019-07-12 12:28:18,980 INFO  client.GrpcClientProtocolClient (GrpcClientProtocolClient.java:onNext(255)) - client-D83FC23EEBD8->4c571e18-69a3-4a6d-81de-e3e48052df18: receive RaftClientReply:client-D83FC23EEBD8->4c571e18-69a3-4a6d-81de-e3e48052df18@group-644576B5741B, cid=1816, SUCCESS, logIndex=2605, commits[4c571e18-69a3-4a6d-81de-e3e48052df18:c2605, 15893972-388e-43c0-9d6c-ca4c76ac06da:c2601, c86beb1c-9105-4588-b1e8-133030361c51:c2603]
2019-07-12 12:28:18,982 INFO  client.GrpcClientProtocolClient (GrpcClientProtocolClient.java:onNext(255)) - client-D83FC23EEBD8->4c571e18-69a3-4a6d-81de-e3e48052df18: receive RaftClientReply:client-D83FC23EEBD8->4c571e18-69a3-4a6d-81de-e3e48052df18@group-644576B5741B, cid=1817, SUCCESS, logIndex=2606, commits[4c571e18-69a3-4a6d-81de-e3e48052df18:c2607, 15893972-388e-43c0-9d6c-ca4c76ac06da:c2603, c86beb1c-9105-4588-b1e8-133030361c51:c2603]
2019-07-12 12:28:18,982 INFO  client.GrpcClientProtocolClient (GrpcClientProtocolClient.java:onNext(255)) - client-D83FC23EEBD8->4c571e18-69a3-4a6d-81de-e3e48052df18: receive RaftClientReply:client-D83FC23EEBD8->4c571e18-69a3-4a6d-81de-e3e48052df18@group-644576B5741B, cid=1818, SUCCESS, logIndex=2607, commits[4c571e18-69a3-4a6d-81de-e3e48052df18:c2607, 15893972-388e-43c0-9d6c-ca4c76ac06da:c2603, c86beb1c-9105-4588-b1e8-133030361c51:c2603]
2019-07-12 12:28:18,985 INFO  client.GrpcClientProtocolClient (GrpcClientProtocolClient.java:onNext(255)) - client-D83FC23EEBD8->4c571e18-69a3-4a6d-81de-e3e48052df18: receive RaftClientReply:client-D83FC23EEBD8->4c571e18-69a3-4a6d-81de-e3e48052df18@group-644576B5741B, cid=1819, SUCCESS, logIndex=0, commits[4c571e18-69a3-4a6d-81de-e3e48052df18:c2609, 15893972-388e-43c0-9d6c-ca4c76ac06da:c2605, c86beb1c-9105-4588-b1e8-133030361c51:c2605]
2019-07-12 12:28:19,003 INFO  client.GrpcClientProtocolClient (GrpcClientProtocolClient.java:onNext(255)) - client-D83FC23EEBD8->4c571e18-69a3-4a6d-81de-e3e48052df18: receive RaftClientReply:client-D83FC23EEBD8->4c571e18-69a3-4a6d-81de-e3e48052df18@group-644576B5741B, cid=1820, SUCCESS, logIndex=2612, commits[4c571e18-69a3-4a6d-81de-e3e48052df18:c2613, 15893972-388e-43c0-9d6c-ca4c76ac06da:c2611, c86beb1c-9105-4588-b1e8-133030361c51:c2611]
2019-07-12 12:28:19,003 INFO  client.GrpcClientProtocolClient (GrpcClientProtocolClient.java:onNext(255)) - client-D83FC23EEBD8->4c571e18-69a3-4a6d-81de-e3e48052df18: receive RaftClientReply:client-D83FC23EEBD8->4c571e18-69a3-4a6d-81de-e3e48052df18@group-644576B5741B, cid=1821, SUCCESS, logIndex=2613, commits[4c571e18-69a3-4a6d-81de-e3e48052df18:c2613, 15893972-388e-43c0-9d6c-ca4c76ac06da:c2611, c86beb1c-9105-4588-b1e8-133030361c51:c2611]
2019-07-12 12:28:19,016 INFO  client.GrpcClientProtocolClient (GrpcClientProtocolClient.java:onNext(255)) - client-D83FC23EEBD8->4c571e18-69a3-4a6d-81de-e3e48052df18: receive RaftClientReply:client-D83FC23EEBD8->4c571e18-69a3-4a6d-81de-e3e48052df18@group-644576B5741B, cid=1822, SUCCESS, logIndex=2616, commits[4c571e18-69a3-4a6d-81de-e3e48052df18:c2617, 15893972-388e-43c0-9d6c-ca4c76ac06da:c2613, c86beb1c-9105-4588-b1e8-133030361c51:c2613]
2019-07-12 12:28:19,017 INFO  client.GrpcClientProtocolClient (GrpcClientProtocolClient.java:onNext(255)) - client-D83FC23EEBD8->4c571e18-69a3-4a6d-81de-e3e48052df18: receive RaftClientReply:client-D83FC23EEBD8->4c571e18-69a3-4a6d-81de-e3e48052df18@group-644576B5741B, cid=1823, SUCCESS, logIndex=2617, commits[4c571e18-69a3-4a6d-81de-e3e48052df18:c2617, 15893972-388e-43c0-9d6c-ca4c76ac06da:c2613, c86beb1c-9105-4588-b1e8-133030361c51:c2613]
2019-07-12 12:28:19,029 INFO  client.GrpcClientProtocolClient (GrpcClientProtocolClient.java:onNext(255)) - client-D83FC23EEBD8->4c571e18-69a3-4a6d-81de-e3e48052df18: receive RaftClientReply:client-D83FC23EEBD8->4c571e18-69a3-4a6d-81de-e3e48052df18@group-644576B5741B, cid=1824, SUCCESS, logIndex=0, commits[4c571e18-69a3-4a6d-81de-e3e48052df18:c2619, 15893972-388e-43c0-9d6c-ca4c76ac06da:c2617, c86beb1c-9105-4588-b1e8-133030361c51:c2617]
2019-07-12 12:28:19,055 INFO  client.GrpcClientProtocolClient (GrpcClientProtocolClient.java:onNext(255)) - client-D83FC23EEBD8->4c571e18-69a3-4a6d-81de-e3e48052df18: receive RaftClientReply:client-D83FC23EEBD8->4c571e18-69a3-4a6d-81de-e3e48052df18@group-644576B5741B, cid=1825, SUCCESS, logIndex=2620, commits[4c571e18-69a3-4a6d-81de-e3e48052df18:c2623, 15893972-388e-43c0-9d6c-ca4c76ac06da:c2619, c86beb1c-9105-4588-b1e8-133030361c51:c2619]
2019-07-12 12:28:19,055 INFO  client.GrpcClientProtocolClient (GrpcClientProtocolClient.java:onNext(255)) - client-D83FC23EEBD8->4c571e18-69a3-4a6d-81de-e3e48052df18: receive RaftClientReply:client-D83FC23EEBD8->4c571e18-69a3-4a6d-81de-e3e48052df18@group-644576B5741B, cid=1826, SUCCESS, logIndex=2621, commits[4c571e18-69a3-4a6d-81de-e3e48052df18:c2623, 15893972-388e-43c0-9d6c-ca4c76ac06da:c2619, c86beb1c-9105-4588-b1e8-133030361c51:c2619]
2019-07-12 12:28:19,055 INFO  client.GrpcClientProtocolClient (GrpcClientProtocolClient.java:onNext(255)) - client-D83FC23EEBD8->4c571e18-69a3-4a6d-81de-e3e48052df18: receive RaftClientReply:client-D83FC23EEBD8->4c571e18-69a3-4a6d-81de-e3e48052df18@group-644576B5741B, cid=1827, SUCCESS, logIndex=2622, commits[4c571e18-69a3-4a6d-81de-e3e48052df18:c2623, 15893972-388e-43c0-9d6c-ca4c76ac06da:c2619, c86beb1c-9105-4588-b1e8-133030361c51:c2619]
2019-07-12 12:28:19,056 INFO  client.GrpcClientProtocolClient (GrpcClientProtocolClient.java:onNext(255)) - client-D83FC23EEBD8->4c571e18-69a3-4a6d-81de-e3e48052df18: receive RaftClientReply:client-D83FC23EEBD8->4c571e18-69a3-4a6d-81de-e3e48052df18@group-644576B5741B, cid=1828, SUCCESS, logIndex=2623, commits[4c571e18-69a3-4a6d-81de-e3e48052df18:c2623, 15893972-388e-43c0-9d6c-ca4c76ac06da:c2619, c86beb1c-9105-4588-b1e8-133030361c51:c2619]
2019-07-12 12:28:19,066 INFO  client.GrpcClientProtocolClient (GrpcClientProtocolClient.java:onNext(255)) - client-D83FC23EEBD8->4c571e18-69a3-4a6d-81de-e3e48052df18: receive RaftClientReply:client-D83FC23EEBD8->4c571e18-69a3-4a6d-81de-e3e48052df18@group-644576B5741B, cid=1829, SUCCESS, logIndex=0, commits[4c571e18-69a3-4a6d-81de-e3e48052df18:c2623, 15893972-388e-43c0-9d6c-ca4c76ac06da:c2621, c86beb1c-9105-4588-b1e8-133030361c51:c2621]
2019-07-12 12:28:19,086 INFO  client.GrpcClientProtocolClient (GrpcClientProtocolClient.java:onNext(255)) - client-D83FC23EEBD8->4c571e18-69a3-4a6d-81de-e3e48052df18: receive RaftClientReply:client-D83FC23EEBD8->4c571e18-69a3-4a6d-81de-e3e48052df18@group-644576B5741B, cid=1830, SUCCESS, logIndex=2627, commits[4c571e18-69a3-4a6d-81de-e3e48052df18:c2628, 15893972-388e-43c0-9d6c-ca4c76ac06da:c2626, c86beb1c-9105-4588-b1e8-133030361c51:c2626]
2019-07-12 12:28:19,086 INFO  client.GrpcClientProtocolClient (GrpcClientProtocolClient.java:onNext(255)) - client-D83FC23EEBD8->4c571e18-69a3-4a6d-81de-e3e48052df18: receive RaftClientReply:client-D83FC23EEBD8->4c571e18-69a3-4a6d-81de-e3e48052df18@group-644576B5741B, cid=1831, SUCCESS, logIndex=2628, commits[4c571e18-69a3-4a6d-81de-e3e48052df18:c2628, 15893972-388e-43c0-9d6c-ca4c76ac06da:c2626, c86beb1c-9105-4588-b1e8-133030361c51:c2626]
2019-07-12 12:28:19,099 INFO  client.GrpcClientProtocolClient (GrpcClientProtocolClient.java:onNext(255)) - client-D83FC23EEBD8->4c571e18-69a3-4a6d-81de-e3e48052df18: receive RaftClientReply:client-D83FC23EEBD8->4c571e18-69a3-4a6d-81de-e3e48052df18@group-644576B5741B, cid=1832, SUCCESS, logIndex=2631, commits[4c571e18-69a3-4a6d-81de-e3e48052df18:c2632, 15893972-388e-43c0-9d6c-ca4c76ac06da:c2628, c86beb1c-9105-4588-b1e8-133030361c51:c2628]
2019-07-12 12:28:19,100 INFO  client.GrpcClientProtocolClient (GrpcClientProtocolClient.java:onNext(255)) - client-D83FC23EEBD8->4c571e18-69a3-4a6d-81de-e3e48052df18: receive RaftClientReply:client-D83FC23EEBD8->4c571e18-69a3-4a6d-81de-e3e48052df18@group-644576B5741B, cid=1833, SUCCESS, logIndex=2632, commits[4c571e18-69a3-4a6d-81de-e3e48052df18:c2632, 15893972-388e-43c0-9d6c-ca4c76ac06da:c2628, c86beb1c-9105-4588-b1e8-133030361c51:c2628]
2019-07-12 12:28:19,111 INFO  client.GrpcClientProtocolClient (GrpcClientProtocolClient.java:onNext(255)) - client-D83FC23EEBD8->4c571e18-69a3-4a6d-81de-e3e48052df18: receive RaftClientReply:client-D83FC23EEBD8->4c571e18-69a3-4a6d-81de-e3e48052df18@group-644576B5741B, cid=1834, SUCCESS, logIndex=0, commits[4c571e18-69a3-4a6d-81de-e3e48052df18:c2633, 15893972-388e-43c0-9d6c-ca4c76ac06da:c2632, c86beb1c-9105-4588-b1e8-133030361c51:c2632]
2019-07-12 12:28:19,135 INFO  client.GrpcClientProtocolClient (GrpcClientProtocolClient.java:onNext(255)) - client-D83FC23EEBD8->4c571e18-69a3-4a6d-81de-e3e48052df18: receive RaftClientReply:client-D83FC23EEBD8->4c571e18-69a3-4a6d-81de-e3e48052df18@group-644576B5741B, cid=1835, SUCCESS, logIndex=2635, commits[4c571e18-69a3-4a6d-81de-e3e48052df18:c2636, 15893972-388e-43c0-9d6c-ca4c76ac06da:c2634, c86beb1c-9105-4588-b1e8-133030361c51:c2634]
2019-07-12 12:28:19,136 INFO  client.GrpcClientProtocolClient (GrpcClientProtocolClient.java:onNext(255)) - client-D83FC23EEBD8->4c571e18-69a3-4a6d-81de-e3e48052df18: receive RaftClientReply:client-D83FC23EEBD8->4c571e18-69a3-4a6d-81de-e3e48052df18@group-644576B5741B, cid=1836, SUCCESS, logIndex=2636, commits[4c571e18-69a3-4a6d-81de-e3e48052df18:c2636, 15893972-388e-43c0-9d6c-ca4c76ac06da:c2634, c86beb1c-9105-4588-b1e8-133030361c51:c2634]
2019-07-12 12:28:19,136 INFO  client.GrpcClientProtocolClient (GrpcClientProtocolClient.java:onNext(255)) - client-D83FC23EEBD8->4c571e18-69a3-4a6d-81de-e3e48052df18: receive RaftClientReply:client-D83FC23EEBD8->4c571e18-69a3-4a6d-81de-e3e48052df18@group-644576B5741B, cid=1837, SUCCESS, logIndex=2637, commits[4c571e18-69a3-4a6d-81de-e3e48052df18:c2638, 15893972-388e-43c0-9d6c-ca4c76ac06da:c2634, c86beb1c-9105-4588-b1e8-133030361c51:c2634]
2019-07-12 12:28:19,136 INFO  client.GrpcClientProtocolClient (GrpcClientProtocolClient.java:onNext(255)) - client-D83FC23EEBD8->4c571e18-69a3-4a6d-81de-e3e48052df18: receive RaftClientReply:client-D83FC23EEBD8->4c571e18-69a3-4a6d-81de-e3e48052df18@group-644576B5741B, cid=1838, SUCCESS, logIndex=2638, commits[4c571e18-69a3-4a6d-81de-e3e48052df18:c2638, 15893972-388e-43c0-9d6c-ca4c76ac06da:c2634, c86beb1c-9105-4588-b1e8-133030361c51:c2634]
2019-07-12 12:28:19,137 INFO  client.GrpcClientProtocolClient (GrpcClientProtocolClient.java:onNext(255)) - client-D83FC23EEBD8->4c571e18-69a3-4a6d-81de-e3e48052df18: receive RaftClientReply:client-D83FC23EEBD8->4c571e18-69a3-4a6d-81de-e3e48052df18@group-644576B5741B, cid=1839, SUCCESS, logIndex=0, commits[4c571e18-69a3-4a6d-81de-e3e48052df18:c2640, 15893972-388e-43c0-9d6c-ca4c76ac06da:c2636, c86beb1c-9105-4588-b1e8-133030361c51:c2636]
 0.00% |█                                                                                                    |  0/1 Time: 0:00:112019-07-12 12:28:19,550 INFO  client.GrpcClientProtocolClient (GrpcClientProtocolClient.java:onNext(255)) - client-D83FC23EEBD8->4c571e18-69a3-4a6d-81de-e3e48052df18: receive RaftClientReply:client-D83FC23EEBD8->4c571e18-69a3-4a6d-81de-e3e48052df18@group-644576B5741B, cid=1840, SUCCESS, logIndex=2643, commits[4c571e18-69a3-4a6d-81de-e3e48052df18:c2644, 15893972-388e-43c0-9d6c-ca4c76ac06da:c2642, c86beb1c-9105-4588-b1e8-133030361c51:c2642]
2019-07-12 12:28:19,551 INFO  client.GrpcClientProtocolClient (GrpcClientProtocolClient.java:onNext(255)) - client-D83FC23EEBD8->4c571e18-69a3-4a6d-81de-e3e48052df18: receive RaftClientReply:client-D83FC23EEBD8->4c571e18-69a3-4a6d-81de-e3e48052df18@group-644576B5741B, cid=1841, SUCCESS, logIndex=2644, commits[4c571e18-69a3-4a6d-81de-e3e48052df18:c2644, 15893972-388e-43c0-9d6c-ca4c76ac06da:c2642, c86beb1c-9105-4588-b1e8-133030361c51:c2642]
2019-07-12 12:28:19,572 INFO  client.GrpcClientProtocolClient (GrpcClientProtocolClient.java:onNext(255)) - client-D83FC23EEBD8->4c571e18-69a3-4a6d-81de-e3e48052df18: receive RaftClientReply:client-D83FC23EEBD8->4c571e18-69a3-4a6d-81de-e3e48052df18@group-644576B5741B, cid=1842, SUCCESS, logIndex=2647, commits[4c571e18-69a3-4a6d-81de-e3e48052df18:c2648, 15893972-388e-43c0-9d6c-ca4c76ac06da:c2644, c86beb1c-9105-4588-b1e8-133030361c51:c2644]
2019-07-12 12:28:19,572 INFO  client.GrpcClientProtocolClient (GrpcClientProtocolClient.java:onNext(255)) - client-D83FC23EEBD8->4c571e18-69a3-4a6d-81de-e3e48052df18: receive RaftClientReply:client-D83FC23EEBD8->4c571e18-69a3-4a6d-81de-e3e48052df18@group-644576B5741B, cid=1843, SUCCESS, logIndex=2648, commits[4c571e18-69a3-4a6d-81de-e3e48052df18:c2648, 15893972-388e-43c0-9d6c-ca4c76ac06da:c2644, c86beb1c-9105-4588-b1e8-133030361c51:c2644]
2019-07-12 12:28:19,585 INFO  client.GrpcClientProtocolClient (GrpcClientProtocolClient.java:onNext(255)) - client-D83FC23EEBD8->4c571e18-69a3-4a6d-81de-e3e48052df18: receive RaftClientReply:client-D83FC23EEBD8->4c571e18-69a3-4a6d-81de-e3e48052df18@group-644576B5741B, cid=1844, SUCCESS, logIndex=0, commits[4c571e18-69a3-4a6d-81de-e3e48052df18:c2650, 15893972-388e-43c0-9d6c-ca4c76ac06da:c2648, c86beb1c-9105-4588-b1e8-133030361c51:c2648]
2019-07-12 12:28:19,615 INFO  client.GrpcClientProtocolClient (GrpcClientProtocolClient.java:onNext(255)) - client-D83FC23EEBD8->4c571e18-69a3-4a6d-81de-e3e48052df18: receive RaftClientReply:client-D83FC23EEBD8->4c571e18-69a3-4a6d-81de-e3e48052df18@group-644576B5741B, cid=1845, SUCCESS, logIndex=2651, commits[4c571e18-69a3-4a6d-81de-e3e48052df18:c2652, 15893972-388e-43c0-9d6c-ca4c76ac06da:c2650, c86beb1c-9105-4588-b1e8-133030361c51:c2650]
2019-07-12 12:28:19,615 INFO  client.GrpcClientProtocolClient (GrpcClientProtocolClient.java:onNext(255)) - client-D83FC23EEBD8->4c571e18-69a3-4a6d-81de-e3e48052df18: receive RaftClientReply:client-D83FC23EEBD8->4c571e18-69a3-4a6d-81de-e3e48052df18@group-644576B5741B, cid=1846, SUCCESS, logIndex=2652, commits[4c571e18-69a3-4a6d-81de-e3e48052df18:c2654, 15893972-388e-43c0-9d6c-ca4c76ac06da:c2650, c86beb1c-9105-4588-b1e8-133030361c51:c2650]
2019-07-12 12:28:19,616 INFO  client.GrpcClientProtocolClient (GrpcClientProtocolClient.java:onNext(255)) - client-D83FC23EEBD8->4c571e18-69a3-4a6d-81de-e3e48052df18: receive RaftClientReply:client-D83FC23EEBD8->4c571e18-69a3-4a6d-81de-e3e48052df18@group-644576B5741B, cid=1847, SUCCESS, logIndex=2653, commits[4c571e18-69a3-4a6d-81de-e3e48052df18:c2654, 15893972-388e-43c0-9d6c-ca4c76ac06da:c2650, c86beb1c-9105-4588-b1e8-133030361c51:c2650]
2019-07-12 12:28:19,616 INFO  client.GrpcClientProtocolClient (GrpcClientProtocolClient.java:onNext(255)) - client-D83FC23EEBD8->4c571e18-69a3-4a6d-81de-e3e48052df18: receive RaftClientReply:client-D83FC23EEBD8->4c571e18-69a3-4a6d-81de-e3e48052df18@group-644576B5741B, cid=1848, SUCCESS, logIndex=2654, commits[4c571e18-69a3-4a6d-81de-e3e48052df18:c2654, 15893972-388e-43c0-9d6c-ca4c76ac06da:c2650, c86beb1c-9105-4588-b1e8-133030361c51:c2650]
2019-07-12 12:28:19,617 INFO  client.GrpcClientProtocolClient (GrpcClientProtocolClient.java:onNext(255)) - client-D83FC23EEBD8->4c571e18-69a3-4a6d-81de-e3e48052df18: receive RaftClientReply:client-D83FC23EEBD8->4c571e18-69a3-4a6d-81de-e3e48052df18@group-644576B5741B, cid=1849, SUCCESS, logIndex=0, commits[4c571e18-69a3-4a6d-81de-e3e48052df18:c2656, 15893972-388e-43c0-9d6c-ca4c76ac06da:c2652, c86beb1c-9105-4588-b1e8-133030361c51:c2652]
2019-07-12 12:28:19,636 INFO  client.GrpcClientProtocolClient (GrpcClientProtocolClient.java:onNext(255)) - client-D83FC23EEBD8->4c571e18-69a3-4a6d-81de-e3e48052df18: receive RaftClientReply:client-D83FC23EEBD8->4c571e18-69a3-4a6d-81de-e3e48052df18@group-644576B5741B, cid=1850, SUCCESS, logIndex=2659, commits[4c571e18-69a3-4a6d-81de-e3e48052df18:c2660, 15893972-388e-43c0-9d6c-ca4c76ac06da:c2658, c86beb1c-9105-4588-b1e8-133030361c51:c2658]
2019-07-12 12:28:19,637 INFO  client.GrpcClientProtocolClient (GrpcClientProtocolClient.java:onNext(255)) - client-D83FC23EEBD8->4c571e18-69a3-4a6d-81de-e3e48052df18: receive RaftClientReply:client-D83FC23EEBD8->4c571e18-69a3-4a6d-81de-e3e48052df18@group-644576B5741B, cid=1851, SUCCESS, logIndex=2660, commits[4c571e18-69a3-4a6d-81de-e3e48052df18:c2660, 15893972-388e-43c0-9d6c-ca4c76ac06da:c2658, c86beb1c-9105-4588-b1e8-133030361c51:c2658]
2019-07-12 12:28:19,650 INFO  client.GrpcClientProtocolClient (GrpcClientProtocolClient.java:onNext(255)) - client-D83FC23EEBD8->4c571e18-69a3-4a6d-81de-e3e48052df18: receive RaftClientReply:client-D83FC23EEBD8->4c571e18-69a3-4a6d-81de-e3e48052df18@group-644576B5741B, cid=1852, SUCCESS, logIndex=2663, commits[4c571e18-69a3-4a6d-81de-e3e48052df18:c2664, 15893972-388e-43c0-9d6c-ca4c76ac06da:c2660, c86beb1c-9105-4588-b1e8-133030361c51:c2660]
2019-07-12 12:28:19,650 INFO  client.GrpcClientProtocolClient (GrpcClientProtocolClient.java:onNext(255)) - client-D83FC23EEBD8->4c571e18-69a3-4a6d-81de-e3e48052df18: receive RaftClientReply:client-D83FC23EEBD8->4c571e18-69a3-4a6d-81de-e3e48052df18@group-644576B5741B, cid=1853, SUCCESS, logIndex=2664, commits[4c571e18-69a3-4a6d-81de-e3e48052df18:c2664, 15893972-388e-43c0-9d6c-ca4c76ac06da:c2660, c86beb1c-9105-4588-b1e8-133030361c51:c2660]
2019-07-12 12:28:19,663 INFO  client.GrpcClientProtocolClient (GrpcClientProtocolClient.java:onNext(255)) - client-D83FC23EEBD8->4c571e18-69a3-4a6d-81de-e3e48052df18: receive RaftClientReply:client-D83FC23EEBD8->4c571e18-69a3-4a6d-81de-e3e48052df18@group-644576B5741B, cid=1854, SUCCESS, logIndex=0, commits[4c571e18-69a3-4a6d-81de-e3e48052df18:c2666, 15893972-388e-43c0-9d6c-ca4c76ac06da:c2664, c86beb1c-9105-4588-b1e8-133030361c51:c2664]
2019-07-12 12:28:19,695 INFO  client.GrpcClientProtocolClient (GrpcClientProtocolClient.java:onNext(255)) - client-D83FC23EEBD8->4c571e18-69a3-4a6d-81de-e3e48052df18: receive RaftClientReply:client-D83FC23EEBD8->4c571e18-69a3-4a6d-81de-e3e48052df18@group-644576B5741B, cid=1855, SUCCESS, logIndex=2667, commits[4c571e18-69a3-4a6d-81de-e3e48052df18:c2670, 15893972-388e-43c0-9d6c-ca4c76ac06da:c2666, c86beb1c-9105-4588-b1e8-133030361c51:c2666]
2019-07-12 12:28:19,696 INFO  client.GrpcClientProtocolClient (GrpcClientProtocolClient.java:onNext(255)) - client-D83FC23EEBD8->4c571e18-69a3-4a6d-81de-e3e48052df18: receive RaftClientReply:client-D83FC23EEBD8->4c571e18-69a3-4a6d-81de-e3e48052df18@group-644576B5741B, cid=1856, SUCCESS, logIndex=2668, commits[4c571e18-69a3-4a6d-81de-e3e48052df18:c2670, 15893972-388e-43c0-9d6c-ca4c76ac06da:c2666, c86beb1c-9105-4588-b1e8-133030361c51:c2666]
2019-07-12 12:28:19,696 INFO  client.GrpcClientProtocolClient (GrpcClientProtocolClient.java:onNext(255)) - client-D83FC23EEBD8->4c571e18-69a3-4a6d-81de-e3e48052df18: receive RaftClientReply:client-D83FC23EEBD8->4c571e18-69a3-4a6d-81de-e3e48052df18@group-644576B5741B, cid=1857, SUCCESS, logIndex=2669, commits[4c571e18-69a3-4a6d-81de-e3e48052df18:c2670, 15893972-388e-43c0-9d6c-ca4c76ac06da:c2666, c86beb1c-9105-4588-b1e8-133030361c51:c2666]
2019-07-12 12:28:19,696 INFO  client.GrpcClientProtocolClient (GrpcClientProtocolClient.java:onNext(255)) - client-D83FC23EEBD8->4c571e18-69a3-4a6d-81de-e3e48052df18: receive RaftClientReply:client-D83FC23EEBD8->4c571e18-69a3-4a6d-81de-e3e48052df18@group-644576B5741B, cid=1858, SUCCESS, logIndex=2670, commits[4c571e18-69a3-4a6d-81de-e3e48052df18:c2670, 15893972-388e-43c0-9d6c-ca4c76ac06da:c2666, c86beb1c-9105-4588-b1e8-133030361c51:c2666]
2019-07-12 12:28:19,707 INFO  client.GrpcClientProtocolClient (GrpcClientProtocolClient.java:onNext(255)) - client-D83FC23EEBD8->4c571e18-69a3-4a6d-81de-e3e48052df18: receive RaftClientReply:client-D83FC23EEBD8->4c571e18-69a3-4a6d-81de-e3e48052df18@group-644576B5741B, cid=1859, SUCCESS, logIndex=0, commits[4c571e18-69a3-4a6d-81de-e3e48052df18:c2671, 15893972-388e-43c0-9d6c-ca4c76ac06da:c2668, c86beb1c-9105-4588-b1e8-133030361c51:c2668]
2019-07-12 12:28:19,725 INFO  client.GrpcClientProtocolClient (GrpcClientProtocolClient.java:onNext(255)) - client-D83FC23EEBD8->4c571e18-69a3-4a6d-81de-e3e48052df18: receive RaftClientReply:client-D83FC23EEBD8->4c571e18-69a3-4a6d-81de-e3e48052df18@group-644576B5741B, cid=1860, SUCCESS, logIndex=2675, commits[4c571e18-69a3-4a6d-81de-e3e48052df18:c2676, 15893972-388e-43c0-9d6c-ca4c76ac06da:c2674, c86beb1c-9105-4588-b1e8-133030361c51:c2674]
2019-07-12 12:28:19,726 INFO  client.GrpcClientProtocolClient (GrpcClientProtocolClient.java:onNext(255)) - client-D83FC23EEBD8->4c571e18-69a3-4a6d-81de-e3e48052df18: receive RaftClientReply:client-D83FC23EEBD8->4c571e18-69a3-4a6d-81de-e3e48052df18@group-644576B5741B, cid=1861, SUCCESS, logIndex=2676, commits[4c571e18-69a3-4a6d-81de-e3e48052df18:c2676, 15893972-388e-43c0-9d6c-ca4c76ac06da:c2674, c86beb1c-9105-4588-b1e8-133030361c51:c2674]
2019-07-12 12:28:19,739 INFO  client.GrpcClientProtocolClient (GrpcClientProtocolClient.java:onNext(255)) - client-D83FC23EEBD8->4c571e18-69a3-4a6d-81de-e3e48052df18: receive RaftClientReply:client-D83FC23EEBD8->4c571e18-69a3-4a6d-81de-e3e48052df18@group-644576B5741B, cid=1862, SUCCESS, logIndex=2679, commits[4c571e18-69a3-4a6d-81de-e3e48052df18:c2680, 15893972-388e-43c0-9d6c-ca4c76ac06da:c2676, c86beb1c-9105-4588-b1e8-133030361c51:c2676]
2019-07-12 12:28:19,739 INFO  client.GrpcClientProtocolClient (GrpcClientProtocolClient.java:onNext(255)) - client-D83FC23EEBD8->4c571e18-69a3-4a6d-81de-e3e48052df18: receive RaftClientReply:client-D83FC23EEBD8->4c571e18-69a3-4a6d-81de-e3e48052df18@group-644576B5741B, cid=1863, SUCCESS, logIndex=2680, commits[4c571e18-69a3-4a6d-81de-e3e48052df18:c2680, 15893972-388e-43c0-9d6c-ca4c76ac06da:c2676, c86beb1c-9105-4588-b1e8-133030361c51:c2676]
2019-07-12 12:28:19,750 INFO  client.GrpcClientProtocolClient (GrpcClientProtocolClient.java:onNext(255)) - client-D83FC23EEBD8->4c571e18-69a3-4a6d-81de-e3e48052df18: receive RaftClientReply:client-D83FC23EEBD8->4c571e18-69a3-4a6d-81de-e3e48052df18@group-644576B5741B, cid=1864, SUCCESS, logIndex=0, commits[4c571e18-69a3-4a6d-81de-e3e48052df18:c2681, 15893972-388e-43c0-9d6c-ca4c76ac06da:c2680, c86beb1c-9105-4588-b1e8-133030361c51:c2680]
2019-07-12 12:28:19,779 INFO  client.GrpcClientProtocolClient (GrpcClientProtocolClient.java:onNext(255)) - client-D83FC23EEBD8->4c571e18-69a3-4a6d-81de-e3e48052df18: receive RaftClientReply:client-D83FC23EEBD8->4c571e18-69a3-4a6d-81de-e3e48052df18@group-644576B5741B, cid=1865, SUCCESS, logIndex=2683, commits[4c571e18-69a3-4a6d-81de-e3e48052df18:c2686, 15893972-388e-43c0-9d6c-ca4c76ac06da:c2682, c86beb1c-9105-4588-b1e8-133030361c51:c2682]
2019-07-12 12:28:19,780 INFO  client.GrpcClientProtocolClient (GrpcClientProtocolClient.java:onNext(255)) - client-D83FC23EEBD8->4c571e18-69a3-4a6d-81de-e3e48052df18: receive RaftClientReply:client-D83FC23EEBD8->4c571e18-69a3-4a6d-81de-e3e48052df18@group-644576B5741B, cid=1866, SUCCESS, logIndex=2684, commits[4c571e18-69a3-4a6d-81de-e3e48052df18:c2686, 15893972-388e-43c0-9d6c-ca4c76ac06da:c2682, c86beb1c-9105-4588-b1e8-133030361c51:c2682]
2019-07-12 12:28:19,781 INFO  client.GrpcClientProtocolClient (GrpcClientProtocolClient.java:onNext(255)) - client-D83FC23EEBD8->4c571e18-69a3-4a6d-81de-e3e48052df18: receive RaftClientReply:client-D83FC23EEBD8->4c571e18-69a3-4a6d-81de-e3e48052df18@group-644576B5741B, cid=1867, SUCCESS, logIndex=2685, commits[4c571e18-69a3-4a6d-81de-e3e48052df18:c2686, 15893972-388e-43c0-9d6c-ca4c76ac06da:c2682, c86beb1c-9105-4588-b1e8-133030361c51:c2682]
2019-07-12 12:28:19,781 INFO  client.GrpcClientProtocolClient (GrpcClientProtocolClient.java:onNext(255)) - client-D83FC23EEBD8->4c571e18-69a3-4a6d-81de-e3e48052df18: receive RaftClientReply:client-D83FC23EEBD8->4c571e18-69a3-4a6d-81de-e3e48052df18@group-644576B5741B, cid=1868, SUCCESS, logIndex=2686, commits[4c571e18-69a3-4a6d-81de-e3e48052df18:c2686, 15893972-388e-43c0-9d6c-ca4c76ac06da:c2682, c86beb1c-9105-4588-b1e8-133030361c51:c2682]
2019-07-12 12:28:19,790 INFO  client.GrpcClientProtocolClient (GrpcClientProtocolClient.java:onNext(255)) - client-D83FC23EEBD8->4c571e18-69a3-4a6d-81de-e3e48052df18: receive RaftClientReply:client-D83FC23EEBD8->4c571e18-69a3-4a6d-81de-e3e48052df18@group-644576B5741B, cid=1869, SUCCESS, logIndex=0, commits[4c571e18-69a3-4a6d-81de-e3e48052df18:c2687, 15893972-388e-43c0-9d6c-ca4c76ac06da:c2686, c86beb1c-9105-4588-b1e8-133030361c51:c2686]
2019-07-12 12:28:19,812 INFO  client.GrpcClientProtocolClient (GrpcClientProtocolClient.java:onNext(255)) - client-D83FC23EEBD8->4c571e18-69a3-4a6d-81de-e3e48052df18: receive RaftClientReply:client-D83FC23EEBD8->4c571e18-69a3-4a6d-81de-e3e48052df18@group-644576B5741B, cid=1870, SUCCESS, logIndex=2689, commits[4c571e18-69a3-4a6d-81de-e3e48052df18:c2690, 15893972-388e-43c0-9d6c-ca4c76ac06da:c2688, c86beb1c-9105-4588-b1e8-133030361c51:c2688]
2019-07-12 12:28:19,812 INFO  client.GrpcClientProtocolClient (GrpcClientProtocolClient.java:onNext(255)) - client-D83FC23EEBD8->4c571e18-69a3-4a6d-81de-e3e48052df18: receive RaftClientReply:client-D83FC23EEBD8->4c571e18-69a3-4a6d-81de-e3e48052df18@group-644576B5741B, cid=1871, SUCCESS, logIndex=2690, commits[4c571e18-69a3-4a6d-81de-e3e48052df18:c2690, 15893972-388e-43c0-9d6c-ca4c76ac06da:c2688, c86beb1c-9105-4588-b1e8-133030361c51:c2688]
2019-07-12 12:28:19,836 INFO  client.GrpcClientProtocolClient (GrpcClientProtocolClient.java:onNext(255)) - client-D83FC23EEBD8->4c571e18-69a3-4a6d-81de-e3e48052df18: receive RaftClientReply:client-D83FC23EEBD8->4c571e18-69a3-4a6d-81de-e3e48052df18@group-644576B5741B, cid=1872, SUCCESS, logIndex=2693, commits[4c571e18-69a3-4a6d-81de-e3e48052df18:c2694, 15893972-388e-43c0-9d6c-ca4c76ac06da:c2690, c86beb1c-9105-4588-b1e8-133030361c51:c2690]
2019-07-12 12:28:19,836 INFO  client.GrpcClientProtocolClient (GrpcClientProtocolClient.java:onNext(255)) - client-D83FC23EEBD8->4c571e18-69a3-4a6d-81de-e3e48052df18: receive RaftClientReply:client-D83FC23EEBD8->4c571e18-69a3-4a6d-81de-e3e48052df18@group-644576B5741B, cid=1873, SUCCESS, logIndex=2694, commits[4c571e18-69a3-4a6d-81de-e3e48052df18:c2694, 15893972-388e-43c0-9d6c-ca4c76ac06da:c2690, c86beb1c-9105-4588-b1e8-133030361c51:c2690]
2019-07-12 12:28:19,849 INFO  client.GrpcClientProtocolClient (GrpcClientProtocolClient.java:onNext(255)) - client-D83FC23EEBD8->4c571e18-69a3-4a6d-81de-e3e48052df18: receive RaftClientReply:client-D83FC23EEBD8->4c571e18-69a3-4a6d-81de-e3e48052df18@group-644576B5741B, cid=1874, SUCCESS, logIndex=0, commits[4c571e18-69a3-4a6d-81de-e3e48052df18:c2696, 15893972-388e-43c0-9d6c-ca4c76ac06da:c2694, c86beb1c-9105-4588-b1e8-133030361c51:c2694]
2019-07-12 12:28:19,877 INFO  client.GrpcClientProtocolClient (GrpcClientProtocolClient.java:onNext(255)) - client-D83FC23EEBD8->4c571e18-69a3-4a6d-81de-e3e48052df18: receive RaftClientReply:client-D83FC23EEBD8->4c571e18-69a3-4a6d-81de-e3e48052df18@group-644576B5741B, cid=1875, SUCCESS, logIndex=2697, commits[4c571e18-69a3-4a6d-81de-e3e48052df18:c2699, 15893972-388e-43c0-9d6c-ca4c76ac06da:c2696, c86beb1c-9105-4588-b1e8-133030361c51:c2696]
2019-07-12 12:28:19,878 INFO  client.GrpcClientProtocolClient (GrpcClientProtocolClient.java:onNext(255)) - client-D83FC23EEBD8->4c571e18-69a3-4a6d-81de-e3e48052df18: receive RaftClientReply:client-D83FC23EEBD8->4c571e18-69a3-4a6d-81de-e3e48052df18@group-644576B5741B, cid=1876, SUCCESS, logIndex=2698, commits[4c571e18-69a3-4a6d-81de-e3e48052df18:c2700, 15893972-388e-43c0-9d6c-ca4c76ac06da:c2696, c86beb1c-9105-4588-b1e8-133030361c51:c2696]
2019-07-12 12:28:19,878 INFO  client.GrpcClientProtocolClient (GrpcClientProtocolClient.java:onNext(255)) - client-D83FC23EEBD8->4c571e18-69a3-4a6d-81de-e3e48052df18: receive RaftClientReply:client-D83FC23EEBD8->4c571e18-69a3-4a6d-81de-e3e48052df18@group-644576B5741B, cid=1877, SUCCESS, logIndex=2699, commits[4c571e18-69a3-4a6d-81de-e3e48052df18:c2700, 15893972-388e-43c0-9d6c-ca4c76ac06da:c2696, c86beb1c-9105-4588-b1e8-133030361c51:c2696]
2019-07-12 12:28:19,878 INFO  client.GrpcClientProtocolClient (GrpcClientProtocolClient.java:onNext(255)) - client-D83FC23EEBD8->4c571e18-69a3-4a6d-81de-e3e48052df18: receive RaftClientReply:client-D83FC23EEBD8->4c571e18-69a3-4a6d-81de-e3e48052df18@group-644576B5741B, cid=1878, SUCCESS, logIndex=2700, commits[4c571e18-69a3-4a6d-81de-e3e48052df18:c2700, 15893972-388e-43c0-9d6c-ca4c76ac06da:c2696, c86beb1c-9105-4588-b1e8-133030361c51:c2696]
2019-07-12 12:28:19,889 INFO  client.GrpcClientProtocolClient (GrpcClientProtocolClient.java:onNext(255)) - client-D83FC23EEBD8->4c571e18-69a3-4a6d-81de-e3e48052df18: receive RaftClientReply:client-D83FC23EEBD8->4c571e18-69a3-4a6d-81de-e3e48052df18@group-644576B5741B, cid=1879, SUCCESS, logIndex=0, commits[4c571e18-69a3-4a6d-81de-e3e48052df18:c2702, 15893972-388e-43c0-9d6c-ca4c76ac06da:c2698, c86beb1c-9105-4588-b1e8-133030361c51:c2698]
2019-07-12 12:28:19,908 INFO  client.GrpcClientProtocolClient (GrpcClientProtocolClient.java:onNext(255)) - client-D83FC23EEBD8->4c571e18-69a3-4a6d-81de-e3e48052df18: receive RaftClientReply:client-D83FC23EEBD8->4c571e18-69a3-4a6d-81de-e3e48052df18@group-644576B5741B, cid=1880, SUCCESS, logIndex=2705, commits[4c571e18-69a3-4a6d-81de-e3e48052df18:c2706, 15893972-388e-43c0-9d6c-ca4c76ac06da:c2704, c86beb1c-9105-4588-b1e8-133030361c51:c2704]
2019-07-12 12:28:19,908 INFO  client.GrpcClientProtocolClient (GrpcClientProtocolClient.java:onNext(255)) - client-D83FC23EEBD8->4c571e18-69a3-4a6d-81de-e3e48052df18: receive RaftClientReply:client-D83FC23EEBD8->4c571e18-69a3-4a6d-81de-e3e48052df18@group-644576B5741B, cid=1881, SUCCESS, logIndex=2706, commits[4c571e18-69a3-4a6d-81de-e3e48052df18:c2706, 15893972-388e-43c0-9d6c-ca4c76ac06da:c2704, c86beb1c-9105-4588-b1e8-133030361c51:c2704]
2019-07-12 12:28:19,921 INFO  client.GrpcClientProtocolClient (GrpcClientProtocolClient.java:onNext(255)) - client-D83FC23EEBD8->4c571e18-69a3-4a6d-81de-e3e48052df18: receive RaftClientReply:client-D83FC23EEBD8->4c571e18-69a3-4a6d-81de-e3e48052df18@group-644576B5741B, cid=1882, SUCCESS, logIndex=2709, commits[4c571e18-69a3-4a6d-81de-e3e48052df18:c2710, 15893972-388e-43c0-9d6c-ca4c76ac06da:c2706, c86beb1c-9105-4588-b1e8-133030361c51:c2706]
2019-07-12 12:28:19,921 INFO  client.GrpcClientProtocolClient (GrpcClientProtocolClient.java:onNext(255)) - client-D83FC23EEBD8->4c571e18-69a3-4a6d-81de-e3e48052df18: receive RaftClientReply:client-D83FC23EEBD8->4c571e18-69a3-4a6d-81de-e3e48052df18@group-644576B5741B, cid=1883, SUCCESS, logIndex=2710, commits[4c571e18-69a3-4a6d-81de-e3e48052df18:c2710, 15893972-388e-43c0-9d6c-ca4c76ac06da:c2706, c86beb1c-9105-4588-b1e8-133030361c51:c2706]
2019-07-12 12:28:19,934 INFO  client.GrpcClientProtocolClient (GrpcClientProtocolClient.java:onNext(255)) - client-D83FC23EEBD8->4c571e18-69a3-4a6d-81de-e3e48052df18: receive RaftClientReply:client-D83FC23EEBD8->4c571e18-69a3-4a6d-81de-e3e48052df18@group-644576B5741B, cid=1884, SUCCESS, logIndex=0, commits[4c571e18-69a3-4a6d-81de-e3e48052df18:c2712, 15893972-388e-43c0-9d6c-ca4c76ac06da:c2710, c86beb1c-9105-4588-b1e8-133030361c51:c2710]
2019-07-12 12:28:19,960 INFO  client.GrpcClientProtocolClient (GrpcClientProtocolClient.java:onNext(255)) - client-D83FC23EEBD8->4c571e18-69a3-4a6d-81de-e3e48052df18: receive RaftClientReply:client-D83FC23EEBD8->4c571e18-69a3-4a6d-81de-e3e48052df18@group-644576B5741B, cid=1885, SUCCESS, logIndex=2713, commits[4c571e18-69a3-4a6d-81de-e3e48052df18:c2716, 15893972-388e-43c0-9d6c-ca4c76ac06da:c2712, c86beb1c-9105-4588-b1e8-133030361c51:c2712]
2019-07-12 12:28:19,960 INFO  client.GrpcClientProtocolClient (GrpcClientProtocolClient.java:onNext(255)) - client-D83FC23EEBD8->4c571e18-69a3-4a6d-81de-e3e48052df18: receive RaftClientReply:client-D83FC23EEBD8->4c571e18-69a3-4a6d-81de-e3e48052df18@group-644576B5741B, cid=1886, SUCCESS, logIndex=2714, commits[4c571e18-69a3-4a6d-81de-e3e48052df18:c2716, 15893972-388e-43c0-9d6c-ca4c76ac06da:c2712, c86beb1c-9105-4588-b1e8-133030361c51:c2712]
2019-07-12 12:28:19,961 INFO  client.GrpcClientProtocolClient (GrpcClientProtocolClient.java:onNext(255)) - client-D83FC23EEBD8->4c571e18-69a3-4a6d-81de-e3e48052df18: receive RaftClientReply:client-D83FC23EEBD8->4c571e18-69a3-4a6d-81de-e3e48052df18@group-644576B5741B, cid=1887, SUCCESS, logIndex=2715, commits[4c571e18-69a3-4a6d-81de-e3e48052df18:c2716, 15893972-388e-43c0-9d6c-ca4c76ac06da:c2712, c86beb1c-9105-4588-b1e8-133030361c51:c2712]
2019-07-12 12:28:19,961 INFO  client.GrpcClientProtocolClient (GrpcClientProtocolClient.java:onNext(255)) - client-D83FC23EEBD8->4c571e18-69a3-4a6d-81de-e3e48052df18: receive RaftClientReply:client-D83FC23EEBD8->4c571e18-69a3-4a6d-81de-e3e48052df18@group-644576B5741B, cid=1888, SUCCESS, logIndex=2716, commits[4c571e18-69a3-4a6d-81de-e3e48052df18:c2716, 15893972-388e-43c0-9d6c-ca4c76ac06da:c2712, c86beb1c-9105-4588-b1e8-133030361c51:c2712]
2019-07-12 12:28:19,962 INFO  client.GrpcClientProtocolClient (GrpcClientProtocolClient.java:onNext(255)) - client-D83FC23EEBD8->4c571e18-69a3-4a6d-81de-e3e48052df18: receive RaftClientReply:client-D83FC23EEBD8->4c571e18-69a3-4a6d-81de-e3e48052df18@group-644576B5741B, cid=1889, SUCCESS, logIndex=0, commits[4c571e18-69a3-4a6d-81de-e3e48052df18:c2717, 15893972-388e-43c0-9d6c-ca4c76ac06da:c2714, c86beb1c-9105-4588-b1e8-133030361c51:c2714]
2019-07-12 12:28:19,980 INFO  client.GrpcClientProtocolClient (GrpcClientProtocolClient.java:onNext(255)) - client-D83FC23EEBD8->4c571e18-69a3-4a6d-81de-e3e48052df18: receive RaftClientReply:client-D83FC23EEBD8->4c571e18-69a3-4a6d-81de-e3e48052df18@group-644576B5741B, cid=1890, SUCCESS, logIndex=2721, commits[4c571e18-69a3-4a6d-81de-e3e48052df18:c2722, 15893972-388e-43c0-9d6c-ca4c76ac06da:c2720, c86beb1c-9105-4588-b1e8-133030361c51:c2720]
2019-07-12 12:28:19,980 INFO  client.GrpcClientProtocolClient (GrpcClientProtocolClient.java:onNext(255)) - client-D83FC23EEBD8->4c571e18-69a3-4a6d-81de-e3e48052df18: receive RaftClientReply:client-D83FC23EEBD8->4c571e18-69a3-4a6d-81de-e3e48052df18@group-644576B5741B, cid=1891, SUCCESS, logIndex=2722, commits[4c571e18-69a3-4a6d-81de-e3e48052df18:c2722, 15893972-388e-43c0-9d6c-ca4c76ac06da:c2720, c86beb1c-9105-4588-b1e8-133030361c51:c2720]
2019-07-12 12:28:19,993 INFO  client.GrpcClientProtocolClient (GrpcClientProtocolClient.java:onNext(255)) - client-D83FC23EEBD8->4c571e18-69a3-4a6d-81de-e3e48052df18: receive RaftClientReply:client-D83FC23EEBD8->4c571e18-69a3-4a6d-81de-e3e48052df18@group-644576B5741B, cid=1892, SUCCESS, logIndex=2725, commits[4c571e18-69a3-4a6d-81de-e3e48052df18:c2726, 15893972-388e-43c0-9d6c-ca4c76ac06da:c2721, c86beb1c-9105-4588-b1e8-133030361c51:c2722]
2019-07-12 12:28:19,993 INFO  client.GrpcClientProtocolClient (GrpcClientProtocolClient.java:onNext(255)) - client-D83FC23EEBD8->4c571e18-69a3-4a6d-81de-e3e48052df18: receive RaftClientReply:client-D83FC23EEBD8->4c571e18-69a3-4a6d-81de-e3e48052df18@group-644576B5741B, cid=1893, SUCCESS, logIndex=2726, commits[4c571e18-69a3-4a6d-81de-e3e48052df18:c2726, 15893972-388e-43c0-9d6c-ca4c76ac06da:c2722, c86beb1c-9105-4588-b1e8-133030361c51:c2722]
2019-07-12 12:28:20,006 INFO  client.GrpcClientProtocolClient (GrpcClientProtocolClient.java:onNext(255)) - client-D83FC23EEBD8->4c571e18-69a3-4a6d-81de-e3e48052df18: receive RaftClientReply:client-D83FC23EEBD8->4c571e18-69a3-4a6d-81de-e3e48052df18@group-644576B5741B, cid=1894, SUCCESS, logIndex=0, commits[4c571e18-69a3-4a6d-81de-e3e48052df18:c2727, 15893972-388e-43c0-9d6c-ca4c76ac06da:c2726, c86beb1c-9105-4588-b1e8-133030361c51:c2726]
2019-07-12 12:28:20,035 INFO  client.GrpcClientProtocolClient (GrpcClientProtocolClient.java:onNext(255)) - client-D83FC23EEBD8->4c571e18-69a3-4a6d-81de-e3e48052df18: receive RaftClientReply:client-D83FC23EEBD8->4c571e18-69a3-4a6d-81de-e3e48052df18@group-644576B5741B, cid=1895, SUCCESS, logIndex=2729, commits[4c571e18-69a3-4a6d-81de-e3e48052df18:c2731, 15893972-388e-43c0-9d6c-ca4c76ac06da:c2728, c86beb1c-9105-4588-b1e8-133030361c51:c2728]
2019-07-12 12:28:20,036 INFO  client.GrpcClientProtocolClient (GrpcClientProtocolClient.java:onNext(255)) - client-D83FC23EEBD8->4c571e18-69a3-4a6d-81de-e3e48052df18: receive RaftClientReply:client-D83FC23EEBD8->4c571e18-69a3-4a6d-81de-e3e48052df18@group-644576B5741B, cid=1896, SUCCESS, logIndex=2730, commits[4c571e18-69a3-4a6d-81de-e3e48052df18:c2732, 15893972-388e-43c0-9d6c-ca4c76ac06da:c2728, c86beb1c-9105-4588-b1e8-133030361c51:c2728]
2019-07-12 12:28:20,036 INFO  client.GrpcClientProtocolClient (GrpcClientProtocolClient.java:onNext(255)) - client-D83FC23EEBD8->4c571e18-69a3-4a6d-81de-e3e48052df18: receive RaftClientReply:client-D83FC23EEBD8->4c571e18-69a3-4a6d-81de-e3e48052df18@group-644576B5741B, cid=1897, SUCCESS, logIndex=2731, commits[4c571e18-69a3-4a6d-81de-e3e48052df18:c2732, 15893972-388e-43c0-9d6c-ca4c76ac06da:c2728, c86beb1c-9105-4588-b1e8-133030361c51:c2728]
2019-07-12 12:28:20,037 INFO  client.GrpcClientProtocolClient (GrpcClientProtocolClient.java:onNext(255)) - client-D83FC23EEBD8->4c571e18-69a3-4a6d-81de-e3e48052df18: receive RaftClientReply:client-D83FC23EEBD8->4c571e18-69a3-4a6d-81de-e3e48052df18@group-644576B5741B, cid=1898, SUCCESS, logIndex=2732, commits[4c571e18-69a3-4a6d-81de-e3e48052df18:c2732, 15893972-388e-43c0-9d6c-ca4c76ac06da:c2728, c86beb1c-9105-4588-b1e8-133030361c51:c2728]
2019-07-12 12:28:20,048 INFO  client.GrpcClientProtocolClient (GrpcClientProtocolClient.java:onNext(255)) - client-D83FC23EEBD8->4c571e18-69a3-4a6d-81de-e3e48052df18: receive RaftClientReply:client-D83FC23EEBD8->4c571e18-69a3-4a6d-81de-e3e48052df18@group-644576B5741B, cid=1899, SUCCESS, logIndex=0, commits[4c571e18-69a3-4a6d-81de-e3e48052df18:c2734, 15893972-388e-43c0-9d6c-ca4c76ac06da:c2730, c86beb1c-9105-4588-b1e8-133030361c51:c2730]
2019-07-12 12:28:20,068 INFO  client.GrpcClientProtocolClient (GrpcClientProtocolClient.java:onNext(255)) - client-D83FC23EEBD8->4c571e18-69a3-4a6d-81de-e3e48052df18: receive RaftClientReply:client-D83FC23EEBD8->4c571e18-69a3-4a6d-81de-e3e48052df18@group-644576B5741B, cid=1900, SUCCESS, logIndex=2737, commits[4c571e18-69a3-4a6d-81de-e3e48052df18:c2738, 15893972-388e-43c0-9d6c-ca4c76ac06da:c2736, c86beb1c-9105-4588-b1e8-133030361c51:c2736]
2019-07-12 12:28:20,069 INFO  client.GrpcClientProtocolClient (GrpcClientProtocolClient.java:onNext(255)) - client-D83FC23EEBD8->4c571e18-69a3-4a6d-81de-e3e48052df18: receive RaftClientReply:client-D83FC23EEBD8->4c571e18-69a3-4a6d-81de-e3e48052df18@group-644576B5741B, cid=1901, SUCCESS, logIndex=2738, commits[4c571e18-69a3-4a6d-81de-e3e48052df18:c2738, 15893972-388e-43c0-9d6c-ca4c76ac06da:c2736, c86beb1c-9105-4588-b1e8-133030361c51:c2736]
2019-07-12 12:28:20,088 INFO  client.GrpcClientProtocolClient (GrpcClientProtocolClient.java:onNext(255)) - client-D83FC23EEBD8->4c571e18-69a3-4a6d-81de-e3e48052df18: receive RaftClientReply:client-D83FC23EEBD8->4c571e18-69a3-4a6d-81de-e3e48052df18@group-644576B5741B, cid=1902, SUCCESS, logIndex=2741, commits[4c571e18-69a3-4a6d-81de-e3e48052df18:c2742, 15893972-388e-43c0-9d6c-ca4c76ac06da:c2738, c86beb1c-9105-4588-b1e8-133030361c51:c2738]
2019-07-12 12:28:20,089 INFO  client.GrpcClientProtocolClient (GrpcClientProtocolClient.java:onNext(255)) - client-D83FC23EEBD8->4c571e18-69a3-4a6d-81de-e3e48052df18: receive RaftClientReply:client-D83FC23EEBD8->4c571e18-69a3-4a6d-81de-e3e48052df18@group-644576B5741B, cid=1903, SUCCESS, logIndex=2742, commits[4c571e18-69a3-4a6d-81de-e3e48052df18:c2742, 15893972-388e-43c0-9d6c-ca4c76ac06da:c2738, c86beb1c-9105-4588-b1e8-133030361c51:c2738]
2019-07-12 12:28:20,102 INFO  client.GrpcClientProtocolClient (GrpcClientProtocolClient.java:onNext(255)) - client-D83FC23EEBD8->4c571e18-69a3-4a6d-81de-e3e48052df18: receive RaftClientReply:client-D83FC23EEBD8->4c571e18-69a3-4a6d-81de-e3e48052df18@group-644576B5741B, cid=1904, SUCCESS, logIndex=0, commits[4c571e18-69a3-4a6d-81de-e3e48052df18:c2744, 15893972-388e-43c0-9d6c-ca4c76ac06da:c2742, c86beb1c-9105-4588-b1e8-133030361c51:c2742]
2019-07-12 12:28:20,191 INFO  client.GrpcClientProtocolClient (GrpcClientProtocolClient.java:onNext(255)) - client-D83FC23EEBD8->4c571e18-69a3-4a6d-81de-e3e48052df18: receive RaftClientReply:client-D83FC23EEBD8->4c571e18-69a3-4a6d-81de-e3e48052df18@group-644576B5741B, cid=1905, SUCCESS, logIndex=2745, commits[4c571e18-69a3-4a6d-81de-e3e48052df18:c2748, 15893972-388e-43c0-9d6c-ca4c76ac06da:c2744, c86beb1c-9105-4588-b1e8-133030361c51:c2744]
2019-07-12 12:28:20,191 INFO  client.GrpcClientProtocolClient (GrpcClientProtocolClient.java:onNext(255)) - client-D83FC23EEBD8->4c571e18-69a3-4a6d-81de-e3e48052df18: receive RaftClientReply:client-D83FC23EEBD8->4c571e18-69a3-4a6d-81de-e3e48052df18@group-644576B5741B, cid=1906, SUCCESS, logIndex=2746, commits[4c571e18-69a3-4a6d-81de-e3e48052df18:c2748, 15893972-388e-43c0-9d6c-ca4c76ac06da:c2744, c86beb1c-9105-4588-b1e8-133030361c51:c2744]
2019-07-12 12:28:20,192 INFO  client.GrpcClientProtocolClient (GrpcClientProtocolClient.java:onNext(255)) - client-D83FC23EEBD8->4c571e18-69a3-4a6d-81de-e3e48052df18: receive RaftClientReply:client-D83FC23EEBD8->4c571e18-69a3-4a6d-81de-e3e48052df18@group-644576B5741B, cid=1907, SUCCESS, logIndex=2747, commits[4c571e18-69a3-4a6d-81de-e3e48052df18:c2748, 15893972-388e-43c0-9d6c-ca4c76ac06da:c2744, c86beb1c-9105-4588-b1e8-133030361c51:c2744]
2019-07-12 12:28:20,192 INFO  client.GrpcClientProtocolClient (GrpcClientProtocolClient.java:onNext(255)) - client-D83FC23EEBD8->4c571e18-69a3-4a6d-81de-e3e48052df18: receive RaftClientReply:client-D83FC23EEBD8->4c571e18-69a3-4a6d-81de-e3e48052df18@group-644576B5741B, cid=1908, SUCCESS, logIndex=2748, commits[4c571e18-69a3-4a6d-81de-e3e48052df18:c2748, 15893972-388e-43c0-9d6c-ca4c76ac06da:c2744, c86beb1c-9105-4588-b1e8-133030361c51:c2744]
2019-07-12 12:28:20,194 INFO  client.GrpcClientProtocolClient (GrpcClientProtocolClient.java:onNext(255)) - client-D83FC23EEBD8->4c571e18-69a3-4a6d-81de-e3e48052df18: receive RaftClientReply:client-D83FC23EEBD8->4c571e18-69a3-4a6d-81de-e3e48052df18@group-644576B5741B, cid=1909, SUCCESS, logIndex=0, commits[4c571e18-69a3-4a6d-81de-e3e48052df18:c2752, 15893972-388e-43c0-9d6c-ca4c76ac06da:c2747, c86beb1c-9105-4588-b1e8-133030361c51:c2748]
2019-07-12 12:28:20,214 INFO  client.GrpcClientProtocolClient (GrpcClientProtocolClient.java:onNext(255)) - client-D83FC23EEBD8->4c571e18-69a3-4a6d-81de-e3e48052df18: receive RaftClientReply:client-D83FC23EEBD8->4c571e18-69a3-4a6d-81de-e3e48052df18@group-644576B5741B, cid=1910, SUCCESS, logIndex=2753, commits[4c571e18-69a3-4a6d-81de-e3e48052df18:c2754, 15893972-388e-43c0-9d6c-ca4c76ac06da:c2752, c86beb1c-9105-4588-b1e8-133030361c51:c2752]
2019-07-12 12:28:20,215 INFO  client.GrpcClientProtocolClient (GrpcClientProtocolClient.java:onNext(255)) - client-D83FC23EEBD8->4c571e18-69a3-4a6d-81de-e3e48052df18: receive RaftClientReply:client-D83FC23EEBD8->4c571e18-69a3-4a6d-81de-e3e48052df18@group-644576B5741B, cid=1911, SUCCESS, logIndex=2754, commits[4c571e18-69a3-4a6d-81de-e3e48052df18:c2754, 15893972-388e-43c0-9d6c-ca4c76ac06da:c2752, c86beb1c-9105-4588-b1e8-133030361c51:c2752]
2019-07-12 12:28:20,228 INFO  client.GrpcClientProtocolClient (GrpcClientProtocolClient.java:onNext(255)) - client-D83FC23EEBD8->4c571e18-69a3-4a6d-81de-e3e48052df18: receive RaftClientReply:client-D83FC23EEBD8->4c571e18-69a3-4a6d-81de-e3e48052df18@group-644576B5741B, cid=1912, SUCCESS, logIndex=2757, commits[4c571e18-69a3-4a6d-81de-e3e48052df18:c2758, 15893972-388e-43c0-9d6c-ca4c76ac06da:c2754, c86beb1c-9105-4588-b1e8-133030361c51:c2754]
2019-07-12 12:28:20,228 INFO  client.GrpcClientProtocolClient (GrpcClientProtocolClient.java:onNext(255)) - client-D83FC23EEBD8->4c571e18-69a3-4a6d-81de-e3e48052df18: receive RaftClientReply:client-D83FC23EEBD8->4c571e18-69a3-4a6d-81de-e3e48052df18@group-644576B5741B, cid=1913, SUCCESS, logIndex=2758, commits[4c571e18-69a3-4a6d-81de-e3e48052df18:c2758, 15893972-388e-43c0-9d6c-ca4c76ac06da:c2754, c86beb1c-9105-4588-b1e8-133030361c51:c2754]
2019-07-12 12:28:20,241 INFO  client.GrpcClientProtocolClient (GrpcClientProtocolClient.java:onNext(255)) - client-D83FC23EEBD8->4c571e18-69a3-4a6d-81de-e3e48052df18: receive RaftClientReply:client-D83FC23EEBD8->4c571e18-69a3-4a6d-81de-e3e48052df18@group-644576B5741B, cid=1914, SUCCESS, logIndex=0, commits[4c571e18-69a3-4a6d-81de-e3e48052df18:c2759, 15893972-388e-43c0-9d6c-ca4c76ac06da:c2758, c86beb1c-9105-4588-b1e8-133030361c51:c2758]
2019-07-12 12:28:20,270 INFO  client.GrpcClientProtocolClient (GrpcClientProtocolClient.java:onNext(255)) - client-D83FC23EEBD8->4c571e18-69a3-4a6d-81de-e3e48052df18: receive RaftClientReply:client-D83FC23EEBD8->4c571e18-69a3-4a6d-81de-e3e48052df18@group-644576B5741B, cid=1915, SUCCESS, logIndex=2761, commits[4c571e18-69a3-4a6d-81de-e3e48052df18:c2762, 15893972-388e-43c0-9d6c-ca4c76ac06da:c2760, c86beb1c-9105-4588-b1e8-133030361c51:c2760]
2019-07-12 12:28:20,270 INFO  client.GrpcClientProtocolClient (GrpcClientProtocolClient.java:onNext(255)) - client-D83FC23EEBD8->4c571e18-69a3-4a6d-81de-e3e48052df18: receive RaftClientReply:client-D83FC23EEBD8->4c571e18-69a3-4a6d-81de-e3e48052df18@group-644576B5741B, cid=1916, SUCCESS, logIndex=2762, commits[4c571e18-69a3-4a6d-81de-e3e48052df18:c2763, 15893972-388e-43c0-9d6c-ca4c76ac06da:c2760, c86beb1c-9105-4588-b1e8-133030361c51:c2760]
2019-07-12 12:28:20,270 INFO  client.GrpcClientProtocolClient (GrpcClientProtocolClient.java:onNext(255)) - client-D83FC23EEBD8->4c571e18-69a3-4a6d-81de-e3e48052df18: receive RaftClientReply:client-D83FC23EEBD8->4c571e18-69a3-4a6d-81de-e3e48052df18@group-644576B5741B, cid=1917, SUCCESS, logIndex=2763, commits[4c571e18-69a3-4a6d-81de-e3e48052df18:c2764, 15893972-388e-43c0-9d6c-ca4c76ac06da:c2760, c86beb1c-9105-4588-b1e8-133030361c51:c2760]
2019-07-12 12:28:20,271 INFO  client.GrpcClientProtocolClient (GrpcClientProtocolClient.java:onNext(255)) - client-D83FC23EEBD8->4c571e18-69a3-4a6d-81de-e3e48052df18: receive RaftClientReply:client-D83FC23EEBD8->4c571e18-69a3-4a6d-81de-e3e48052df18@group-644576B5741B, cid=1918, SUCCESS, logIndex=2764, commits[4c571e18-69a3-4a6d-81de-e3e48052df18:c2764, 15893972-388e-43c0-9d6c-ca4c76ac06da:c2760, c86beb1c-9105-4588-b1e8-133030361c51:c2761]
2019-07-12 12:28:20,272 INFO  client.GrpcClientProtocolClient (GrpcClientProtocolClient.java:onNext(255)) - client-D83FC23EEBD8->4c571e18-69a3-4a6d-81de-e3e48052df18: receive RaftClientReply:client-D83FC23EEBD8->4c571e18-69a3-4a6d-81de-e3e48052df18@group-644576B5741B, cid=1919, SUCCESS, logIndex=0, commits[4c571e18-69a3-4a6d-81de-e3e48052df18:c2767, 15893972-388e-43c0-9d6c-ca4c76ac06da:c2762, c86beb1c-9105-4588-b1e8-133030361c51:c2763]
2019-07-12 12:28:20,292 INFO  client.GrpcClientProtocolClient (GrpcClientProtocolClient.java:onNext(255)) - client-D83FC23EEBD8->4c571e18-69a3-4a6d-81de-e3e48052df18: receive RaftClientReply:client-D83FC23EEBD8->4c571e18-69a3-4a6d-81de-e3e48052df18@group-644576B5741B, cid=1920, SUCCESS, logIndex=2769, commits[4c571e18-69a3-4a6d-81de-e3e48052df18:c2770, 15893972-388e-43c0-9d6c-ca4c76ac06da:c2768, c86beb1c-9105-4588-b1e8-133030361c51:c2768]
2019-07-12 12:28:20,293 INFO  client.GrpcClientProtocolClient (GrpcClientProtocolClient.java:onNext(255)) - client-D83FC23EEBD8->4c571e18-69a3-4a6d-81de-e3e48052df18: receive RaftClientReply:client-D83FC23EEBD8->4c571e18-69a3-4a6d-81de-e3e48052df18@group-644576B5741B, cid=1921, SUCCESS, logIndex=2770, commits[4c571e18-69a3-4a6d-81de-e3e48052df18:c2770, 15893972-388e-43c0-9d6c-ca4c76ac06da:c2768, c86beb1c-9105-4588-b1e8-133030361c51:c2768]
2019-07-12 12:28:20,308 INFO  client.GrpcClientProtocolClient (GrpcClientProtocolClient.java:onNext(255)) - client-D83FC23EEBD8->4c571e18-69a3-4a6d-81de-e3e48052df18: receive RaftClientReply:client-D83FC23EEBD8->4c571e18-69a3-4a6d-81de-e3e48052df18@group-644576B5741B, cid=1922, SUCCESS, logIndex=2773, commits[4c571e18-69a3-4a6d-81de-e3e48052df18:c2774, 15893972-388e-43c0-9d6c-ca4c76ac06da:c2770, c86beb1c-9105-4588-b1e8-133030361c51:c2770]
2019-07-12 12:28:20,309 INFO  client.GrpcClientProtocolClient (GrpcClientProtocolClient.java:onNext(255)) - client-D83FC23EEBD8->4c571e18-69a3-4a6d-81de-e3e48052df18: receive RaftClientReply:client-D83FC23EEBD8->4c571e18-69a3-4a6d-81de-e3e48052df18@group-644576B5741B, cid=1923, SUCCESS, logIndex=2774, commits[4c571e18-69a3-4a6d-81de-e3e48052df18:c2774, 15893972-388e-43c0-9d6c-ca4c76ac06da:c2770, c86beb1c-9105-4588-b1e8-133030361c51:c2770]
2019-07-12 12:28:20,322 INFO  client.GrpcClientProtocolClient (GrpcClientProtocolClient.java:onNext(255)) - client-D83FC23EEBD8->4c571e18-69a3-4a6d-81de-e3e48052df18: receive RaftClientReply:client-D83FC23EEBD8->4c571e18-69a3-4a6d-81de-e3e48052df18@group-644576B5741B, cid=1924, SUCCESS, logIndex=0, commits[4c571e18-69a3-4a6d-81de-e3e48052df18:c2775, 15893972-388e-43c0-9d6c-ca4c76ac06da:c2774, c86beb1c-9105-4588-b1e8-133030361c51:c2774]
2019-07-12 12:28:20,346 INFO  client.GrpcClientProtocolClient (GrpcClientProtocolClient.java:onNext(255)) - client-D83FC23EEBD8->4c571e18-69a3-4a6d-81de-e3e48052df18: receive RaftClientReply:client-D83FC23EEBD8->4c571e18-69a3-4a6d-81de-e3e48052df18@group-644576B5741B, cid=1925, SUCCESS, logIndex=2777, commits[4c571e18-69a3-4a6d-81de-e3e48052df18:c2778, 15893972-388e-43c0-9d6c-ca4c76ac06da:c2776, c86beb1c-9105-4588-b1e8-133030361c51:c2776]
2019-07-12 12:28:20,347 INFO  client.GrpcClientProtocolClient (GrpcClientProtocolClient.java:onNext(255)) - client-D83FC23EEBD8->4c571e18-69a3-4a6d-81de-e3e48052df18: receive RaftClientReply:client-D83FC23EEBD8->4c571e18-69a3-4a6d-81de-e3e48052df18@group-644576B5741B, cid=1926, SUCCESS, logIndex=2778, commits[4c571e18-69a3-4a6d-81de-e3e48052df18:c2778, 15893972-388e-43c0-9d6c-ca4c76ac06da:c2776, c86beb1c-9105-4588-b1e8-133030361c51:c2776]
2019-07-12 12:28:20,347 INFO  client.GrpcClientProtocolClient (GrpcClientProtocolClient.java:onNext(255)) - client-D83FC23EEBD8->4c571e18-69a3-4a6d-81de-e3e48052df18: receive RaftClientReply:client-D83FC23EEBD8->4c571e18-69a3-4a6d-81de-e3e48052df18@group-644576B5741B, cid=1927, SUCCESS, logIndex=2779, commits[4c571e18-69a3-4a6d-81de-e3e48052df18:c2780, 15893972-388e-43c0-9d6c-ca4c76ac06da:c2776, c86beb1c-9105-4588-b1e8-133030361c51:c2776]
2019-07-12 12:28:20,348 INFO  client.GrpcClientProtocolClient (GrpcClientProtocolClient.java:onNext(255)) - client-D83FC23EEBD8->4c571e18-69a3-4a6d-81de-e3e48052df18: receive RaftClientReply:client-D83FC23EEBD8->4c571e18-69a3-4a6d-81de-e3e48052df18@group-644576B5741B, cid=1928, SUCCESS, logIndex=2780, commits[4c571e18-69a3-4a6d-81de-e3e48052df18:c2780, 15893972-388e-43c0-9d6c-ca4c76ac06da:c2776, c86beb1c-9105-4588-b1e8-133030361c51:c2776]
2019-07-12 12:28:20,350 INFO  client.GrpcClientProtocolClient (GrpcClientProtocolClient.java:onNext(255)) - client-D83FC23EEBD8->4c571e18-69a3-4a6d-81de-e3e48052df18: receive RaftClientReply:client-D83FC23EEBD8->4c571e18-69a3-4a6d-81de-e3e48052df18@group-644576B5741B, cid=1929, SUCCESS, logIndex=0, commits[4c571e18-69a3-4a6d-81de-e3e48052df18:c2784, 15893972-388e-43c0-9d6c-ca4c76ac06da:c2778, c86beb1c-9105-4588-b1e8-133030361c51:c2780]
2019-07-12 12:28:20,362 INFO  client.GrpcClientProtocolClient (GrpcClientProtocolClient.java:onNext(255)) - client-D83FC23EEBD8->4c571e18-69a3-4a6d-81de-e3e48052df18: receive RaftClientReply:client-D83FC23EEBD8->4c571e18-69a3-4a6d-81de-e3e48052df18@group-644576B5741B, cid=1930, SUCCESS, logIndex=2785, commits[4c571e18-69a3-4a6d-81de-e3e48052df18:c2786, 15893972-388e-43c0-9d6c-ca4c76ac06da:c2784, c86beb1c-9105-4588-b1e8-133030361c51:c2784]
2019-07-12 12:28:20,363 INFO  client.GrpcClientProtocolClient (GrpcClientProtocolClient.java:onNext(255)) - client-D83FC23EEBD8->4c571e18-69a3-4a6d-81de-e3e48052df18: receive RaftClientReply:client-D83FC23EEBD8->4c571e18-69a3-4a6d-81de-e3e48052df18@group-644576B5741B, cid=1931, SUCCESS, logIndex=2786, commits[4c571e18-69a3-4a6d-81de-e3e48052df18:c2786, 15893972-388e-43c0-9d6c-ca4c76ac06da:c2784, c86beb1c-9105-4588-b1e8-133030361c51:c2784]
2019-07-12 12:28:20,381 INFO  client.GrpcClientProtocolClient (GrpcClientProtocolClient.java:onNext(255)) - client-D83FC23EEBD8->4c571e18-69a3-4a6d-81de-e3e48052df18: receive RaftClientReply:client-D83FC23EEBD8->4c571e18-69a3-4a6d-81de-e3e48052df18@group-644576B5741B, cid=1932, SUCCESS, logIndex=2789, commits[4c571e18-69a3-4a6d-81de-e3e48052df18:c2790, 15893972-388e-43c0-9d6c-ca4c76ac06da:c2788, c86beb1c-9105-4588-b1e8-133030361c51:c2788]
2019-07-12 12:28:20,382 INFO  client.GrpcClientProtocolClient (GrpcClientProtocolClient.java:onNext(255)) - client-D83FC23EEBD8->4c571e18-69a3-4a6d-81de-e3e48052df18: receive RaftClientReply:client-D83FC23EEBD8->4c571e18-69a3-4a6d-81de-e3e48052df18@group-644576B5741B, cid=1933, SUCCESS, logIndex=2790, commits[4c571e18-69a3-4a6d-81de-e3e48052df18:c2790, 15893972-388e-43c0-9d6c-ca4c76ac06da:c2788, c86beb1c-9105-4588-b1e8-133030361c51:c2788]
2019-07-12 12:28:20,395 INFO  client.GrpcClientProtocolClient (GrpcClientProtocolClient.java:onNext(255)) - client-D83FC23EEBD8->4c571e18-69a3-4a6d-81de-e3e48052df18: receive RaftClientReply:client-D83FC23EEBD8->4c571e18-69a3-4a6d-81de-e3e48052df18@group-644576B5741B, cid=1934, SUCCESS, logIndex=0, commits[4c571e18-69a3-4a6d-81de-e3e48052df18:c2792, 15893972-388e-43c0-9d6c-ca4c76ac06da:c2790, c86beb1c-9105-4588-b1e8-133030361c51:c2790]
2019-07-12 12:28:20,422 INFO  client.GrpcClientProtocolClient (GrpcClientProtocolClient.java:onNext(255)) - client-D83FC23EEBD8->4c571e18-69a3-4a6d-81de-e3e48052df18: receive RaftClientReply:client-D83FC23EEBD8->4c571e18-69a3-4a6d-81de-e3e48052df18@group-644576B5741B, cid=1935, SUCCESS, logIndex=2793, commits[4c571e18-69a3-4a6d-81de-e3e48052df18:c2794, 15893972-388e-43c0-9d6c-ca4c76ac06da:c2792, c86beb1c-9105-4588-b1e8-133030361c51:c2790]
2019-07-12 12:28:20,423 INFO  client.GrpcClientProtocolClient (GrpcClientProtocolClient.java:onNext(255)) - client-D83FC23EEBD8->4c571e18-69a3-4a6d-81de-e3e48052df18: receive RaftClientReply:client-D83FC23EEBD8->4c571e18-69a3-4a6d-81de-e3e48052df18@group-644576B5741B, cid=1936, SUCCESS, logIndex=2794, commits[4c571e18-69a3-4a6d-81de-e3e48052df18:c2794, 15893972-388e-43c0-9d6c-ca4c76ac06da:c2792, c86beb1c-9105-4588-b1e8-133030361c51:c2792]
2019-07-12 12:28:20,423 INFO  client.GrpcClientProtocolClient (GrpcClientProtocolClient.java:onNext(255)) - client-D83FC23EEBD8->4c571e18-69a3-4a6d-81de-e3e48052df18: receive RaftClientReply:client-D83FC23EEBD8->4c571e18-69a3-4a6d-81de-e3e48052df18@group-644576B5741B, cid=1937, SUCCESS, logIndex=2795, commits[4c571e18-69a3-4a6d-81de-e3e48052df18:c2796, 15893972-388e-43c0-9d6c-ca4c76ac06da:c2792, c86beb1c-9105-4588-b1e8-133030361c51:c2792]
2019-07-12 12:28:20,423 INFO  client.GrpcClientProtocolClient (GrpcClientProtocolClient.java:onNext(255)) - client-D83FC23EEBD8->4c571e18-69a3-4a6d-81de-e3e48052df18: receive RaftClientReply:client-D83FC23EEBD8->4c571e18-69a3-4a6d-81de-e3e48052df18@group-644576B5741B, cid=1938, SUCCESS, logIndex=2796, commits[4c571e18-69a3-4a6d-81de-e3e48052df18:c2796, 15893972-388e-43c0-9d6c-ca4c76ac06da:c2792, c86beb1c-9105-4588-b1e8-133030361c51:c2792]
2019-07-12 12:28:20,424 INFO  client.GrpcClientProtocolClient (GrpcClientProtocolClient.java:onNext(255)) - client-D83FC23EEBD8->4c571e18-69a3-4a6d-81de-e3e48052df18: receive RaftClientReply:client-D83FC23EEBD8->4c571e18-69a3-4a6d-81de-e3e48052df18@group-644576B5741B, cid=1939, SUCCESS, logIndex=0, commits[4c571e18-69a3-4a6d-81de-e3e48052df18:c2798, 15893972-388e-43c0-9d6c-ca4c76ac06da:c2794, c86beb1c-9105-4588-b1e8-133030361c51:c2794]
2019-07-12 12:28:20,443 INFO  client.GrpcClientProtocolClient (GrpcClientProtocolClient.java:onNext(255)) - client-D83FC23EEBD8->4c571e18-69a3-4a6d-81de-e3e48052df18: receive RaftClientReply:client-D83FC23EEBD8->4c571e18-69a3-4a6d-81de-e3e48052df18@group-644576B5741B, cid=1940, SUCCESS, logIndex=2801, commits[4c571e18-69a3-4a6d-81de-e3e48052df18:c2802, 15893972-388e-43c0-9d6c-ca4c76ac06da:c2800, c86beb1c-9105-4588-b1e8-133030361c51:c2800]
2019-07-12 12:28:20,443 INFO  client.GrpcClientProtocolClient (GrpcClientProtocolClient.java:onNext(255)) - client-D83FC23EEBD8->4c571e18-69a3-4a6d-81de-e3e48052df18: receive RaftClientReply:client-D83FC23EEBD8->4c571e18-69a3-4a6d-81de-e3e48052df18@group-644576B5741B, cid=1941, SUCCESS, logIndex=2802, commits[4c571e18-69a3-4a6d-81de-e3e48052df18:c2802, 15893972-388e-43c0-9d6c-ca4c76ac06da:c2800, c86beb1c-9105-4588-b1e8-133030361c51:c2800]
2019-07-12 12:28:20,457 INFO  client.GrpcClientProtocolClient (GrpcClientProtocolClient.java:onNext(255)) - client-D83FC23EEBD8->4c571e18-69a3-4a6d-81de-e3e48052df18: receive RaftClientReply:client-D83FC23EEBD8->4c571e18-69a3-4a6d-81de-e3e48052df18@group-644576B5741B, cid=1942, SUCCESS, logIndex=2805, commits[4c571e18-69a3-4a6d-81de-e3e48052df18:c2805, 15893972-388e-43c0-9d6c-ca4c76ac06da:c2802, c86beb1c-9105-4588-b1e8-133030361c51:c2802]
2019-07-12 12:28:20,457 INFO  client.GrpcClientProtocolClient (GrpcClientProtocolClient.java:onNext(255)) - client-D83FC23EEBD8->4c571e18-69a3-4a6d-81de-e3e48052df18: receive RaftClientReply:client-D83FC23EEBD8->4c571e18-69a3-4a6d-81de-e3e48052df18@group-644576B5741B, cid=1943, SUCCESS, logIndex=2806, commits[4c571e18-69a3-4a6d-81de-e3e48052df18:c2806, 15893972-388e-43c0-9d6c-ca4c76ac06da:c2802, c86beb1c-9105-4588-b1e8-133030361c51:c2802]
2019-07-12 12:28:20,470 INFO  client.GrpcClientProtocolClient (GrpcClientProtocolClient.java:onNext(255)) - client-D83FC23EEBD8->4c571e18-69a3-4a6d-81de-e3e48052df18: receive RaftClientReply:client-D83FC23EEBD8->4c571e18-69a3-4a6d-81de-e3e48052df18@group-644576B5741B, cid=1944, SUCCESS, logIndex=0, commits[4c571e18-69a3-4a6d-81de-e3e48052df18:c2808, 15893972-388e-43c0-9d6c-ca4c76ac06da:c2806, c86beb1c-9105-4588-b1e8-133030361c51:c2806]
2019-07-12 12:28:20,496 INFO  client.GrpcClientProtocolClient (GrpcClientProtocolClient.java:onNext(255)) - client-D83FC23EEBD8->4c571e18-69a3-4a6d-81de-e3e48052df18: receive RaftClientReply:client-D83FC23EEBD8->4c571e18-69a3-4a6d-81de-e3e48052df18@group-644576B5741B, cid=1945, SUCCESS, logIndex=2809, commits[4c571e18-69a3-4a6d-81de-e3e48052df18:c2810, 15893972-388e-43c0-9d6c-ca4c76ac06da:c2808, c86beb1c-9105-4588-b1e8-133030361c51:c2808]
2019-07-12 12:28:20,497 INFO  client.GrpcClientProtocolClient (GrpcClientProtocolClient.java:onNext(255)) - client-D83FC23EEBD8->4c571e18-69a3-4a6d-81de-e3e48052df18: receive RaftClientReply:client-D83FC23EEBD8->4c571e18-69a3-4a6d-81de-e3e48052df18@group-644576B5741B, cid=1946, SUCCESS, logIndex=2810, commits[4c571e18-69a3-4a6d-81de-e3e48052df18:c2812, 15893972-388e-43c0-9d6c-ca4c76ac06da:c2808, c86beb1c-9105-4588-b1e8-133030361c51:c2808]
2019-07-12 12:28:20,497 INFO  client.GrpcClientProtocolClient (GrpcClientProtocolClient.java:onNext(255)) - client-D83FC23EEBD8->4c571e18-69a3-4a6d-81de-e3e48052df18: receive RaftClientReply:client-D83FC23EEBD8->4c571e18-69a3-4a6d-81de-e3e48052df18@group-644576B5741B, cid=1947, SUCCESS, logIndex=2811, commits[4c571e18-69a3-4a6d-81de-e3e48052df18:c2812, 15893972-388e-43c0-9d6c-ca4c76ac06da:c2808, c86beb1c-9105-4588-b1e8-133030361c51:c2808]
2019-07-12 12:28:20,498 INFO  client.GrpcClientProtocolClient (GrpcClientProtocolClient.java:onNext(255)) - client-D83FC23EEBD8->4c571e18-69a3-4a6d-81de-e3e48052df18: receive RaftClientReply:client-D83FC23EEBD8->4c571e18-69a3-4a6d-81de-e3e48052df18@group-644576B5741B, cid=1948, SUCCESS, logIndex=2812, commits[4c571e18-69a3-4a6d-81de-e3e48052df18:c2813, 15893972-388e-43c0-9d6c-ca4c76ac06da:c2809, c86beb1c-9105-4588-b1e8-133030361c51:c2808]
2019-07-12 12:28:20,500 INFO  client.GrpcClientProtocolClient (GrpcClientProtocolClient.java:onNext(255)) - client-D83FC23EEBD8->4c571e18-69a3-4a6d-81de-e3e48052df18: receive RaftClientReply:client-D83FC23EEBD8->4c571e18-69a3-4a6d-81de-e3e48052df18@group-644576B5741B, cid=1949, SUCCESS, logIndex=0, commits[4c571e18-69a3-4a6d-81de-e3e48052df18:c2815, 15893972-388e-43c0-9d6c-ca4c76ac06da:c2812, c86beb1c-9105-4588-b1e8-133030361c51:c2810]
2019-07-12 12:28:20,518 INFO  client.GrpcClientProtocolClient (GrpcClientProtocolClient.java:onNext(255)) - client-D83FC23EEBD8->4c571e18-69a3-4a6d-81de-e3e48052df18: receive RaftClientReply:client-D83FC23EEBD8->4c571e18-69a3-4a6d-81de-e3e48052df18@group-644576B5741B, cid=1950, SUCCESS, logIndex=2816, commits[4c571e18-69a3-4a6d-81de-e3e48052df18:c2817, 15893972-388e-43c0-9d6c-ca4c76ac06da:c2815, c86beb1c-9105-4588-b1e8-133030361c51:c2815]
2019-07-12 12:28:20,518 INFO  client.GrpcClientProtocolClient (GrpcClientProtocolClient.java:onNext(255)) - client-D83FC23EEBD8->4c571e18-69a3-4a6d-81de-e3e48052df18: receive RaftClientReply:client-D83FC23EEBD8->4c571e18-69a3-4a6d-81de-e3e48052df18@group-644576B5741B, cid=1951, SUCCESS, logIndex=2817, commits[4c571e18-69a3-4a6d-81de-e3e48052df18:c2817, 15893972-388e-43c0-9d6c-ca4c76ac06da:c2815, c86beb1c-9105-4588-b1e8-133030361c51:c2815]
 0.00% |█                                                                                                    |  0/1 Time: 0:00:122019-07-12 12:28:20,531 INFO  client.GrpcClientProtocolClient (GrpcClientProtocolClient.java:onNext(255)) - client-D83FC23EEBD8->4c571e18-69a3-4a6d-81de-e3e48052df18: receive RaftClientReply:client-D83FC23EEBD8->4c571e18-69a3-4a6d-81de-e3e48052df18@group-644576B5741B, cid=1952, SUCCESS, logIndex=2820, commits[4c571e18-69a3-4a6d-81de-e3e48052df18:c2820, 15893972-388e-43c0-9d6c-ca4c76ac06da:c2817, c86beb1c-9105-4588-b1e8-133030361c51:c2817]
2019-07-12 12:28:20,532 INFO  client.GrpcClientProtocolClient (GrpcClientProtocolClient.java:onNext(255)) - client-D83FC23EEBD8->4c571e18-69a3-4a6d-81de-e3e48052df18: receive RaftClientReply:client-D83FC23EEBD8->4c571e18-69a3-4a6d-81de-e3e48052df18@group-644576B5741B, cid=1953, SUCCESS, logIndex=2821, commits[4c571e18-69a3-4a6d-81de-e3e48052df18:c2821, 15893972-388e-43c0-9d6c-ca4c76ac06da:c2817, c86beb1c-9105-4588-b1e8-133030361c51:c2817]
2019-07-12 12:28:20,544 INFO  client.GrpcClientProtocolClient (GrpcClientProtocolClient.java:onNext(255)) - client-D83FC23EEBD8->4c571e18-69a3-4a6d-81de-e3e48052df18: receive RaftClientReply:client-D83FC23EEBD8->4c571e18-69a3-4a6d-81de-e3e48052df18@group-644576B5741B, cid=1954, SUCCESS, logIndex=0, commits[4c571e18-69a3-4a6d-81de-e3e48052df18:c2823, 15893972-388e-43c0-9d6c-ca4c76ac06da:c2821, c86beb1c-9105-4588-b1e8-133030361c51:c2821]
2019-07-12 12:28:20,570 INFO  client.GrpcClientProtocolClient (GrpcClientProtocolClient.java:onNext(255)) - client-D83FC23EEBD8->4c571e18-69a3-4a6d-81de-e3e48052df18: receive RaftClientReply:client-D83FC23EEBD8->4c571e18-69a3-4a6d-81de-e3e48052df18@group-644576B5741B, cid=1955, SUCCESS, logIndex=2824, commits[4c571e18-69a3-4a6d-81de-e3e48052df18:c2825, 15893972-388e-43c0-9d6c-ca4c76ac06da:c2823, c86beb1c-9105-4588-b1e8-133030361c51:c2823]
2019-07-12 12:28:20,571 INFO  client.GrpcClientProtocolClient (GrpcClientProtocolClient.java:onNext(255)) - client-D83FC23EEBD8->4c571e18-69a3-4a6d-81de-e3e48052df18: receive RaftClientReply:client-D83FC23EEBD8->4c571e18-69a3-4a6d-81de-e3e48052df18@group-644576B5741B, cid=1956, SUCCESS, logIndex=2825, commits[4c571e18-69a3-4a6d-81de-e3e48052df18:c2827, 15893972-388e-43c0-9d6c-ca4c76ac06da:c2823, c86beb1c-9105-4588-b1e8-133030361c51:c2823]
2019-07-12 12:28:20,571 INFO  client.GrpcClientProtocolClient (GrpcClientProtocolClient.java:onNext(255)) - client-D83FC23EEBD8->4c571e18-69a3-4a6d-81de-e3e48052df18: receive RaftClientReply:client-D83FC23EEBD8->4c571e18-69a3-4a6d-81de-e3e48052df18@group-644576B5741B, cid=1957, SUCCESS, logIndex=2826, commits[4c571e18-69a3-4a6d-81de-e3e48052df18:c2827, 15893972-388e-43c0-9d6c-ca4c76ac06da:c2823, c86beb1c-9105-4588-b1e8-133030361c51:c2823]
2019-07-12 12:28:20,572 INFO  client.GrpcClientProtocolClient (GrpcClientProtocolClient.java:onNext(255)) - client-D83FC23EEBD8->4c571e18-69a3-4a6d-81de-e3e48052df18: receive RaftClientReply:client-D83FC23EEBD8->4c571e18-69a3-4a6d-81de-e3e48052df18@group-644576B5741B, cid=1958, SUCCESS, logIndex=2827, commits[4c571e18-69a3-4a6d-81de-e3e48052df18:c2827, 15893972-388e-43c0-9d6c-ca4c76ac06da:c2823, c86beb1c-9105-4588-b1e8-133030361c51:c2823]
2019-07-12 12:28:20,572 INFO  client.GrpcClientProtocolClient (GrpcClientProtocolClient.java:onNext(255)) - client-D83FC23EEBD8->4c571e18-69a3-4a6d-81de-e3e48052df18: receive RaftClientReply:client-D83FC23EEBD8->4c571e18-69a3-4a6d-81de-e3e48052df18@group-644576B5741B, cid=1959, SUCCESS, logIndex=0, commits[4c571e18-69a3-4a6d-81de-e3e48052df18:c2829, 15893972-388e-43c0-9d6c-ca4c76ac06da:c2825, c86beb1c-9105-4588-b1e8-133030361c51:c2825]
2019-07-12 12:28:20,603 INFO  client.GrpcClientProtocolClient (GrpcClientProtocolClient.java:onNext(255)) - client-D83FC23EEBD8->4c571e18-69a3-4a6d-81de-e3e48052df18: receive RaftClientReply:client-D83FC23EEBD8->4c571e18-69a3-4a6d-81de-e3e48052df18@group-644576B5741B, cid=1960, SUCCESS, logIndex=2832, commits[4c571e18-69a3-4a6d-81de-e3e48052df18:c2833, 15893972-388e-43c0-9d6c-ca4c76ac06da:c2831, c86beb1c-9105-4588-b1e8-133030361c51:c2831]
2019-07-12 12:28:20,603 INFO  client.GrpcClientProtocolClient (GrpcClientProtocolClient.java:onNext(255)) - client-D83FC23EEBD8->4c571e18-69a3-4a6d-81de-e3e48052df18: receive RaftClientReply:client-D83FC23EEBD8->4c571e18-69a3-4a6d-81de-e3e48052df18@group-644576B5741B, cid=1961, SUCCESS, logIndex=2833, commits[4c571e18-69a3-4a6d-81de-e3e48052df18:c2833, 15893972-388e-43c0-9d6c-ca4c76ac06da:c2831, c86beb1c-9105-4588-b1e8-133030361c51:c2831]
2019-07-12 12:28:20,624 INFO  client.GrpcClientProtocolClient (GrpcClientProtocolClient.java:onNext(255)) - client-D83FC23EEBD8->4c571e18-69a3-4a6d-81de-e3e48052df18: receive RaftClientReply:client-D83FC23EEBD8->4c571e18-69a3-4a6d-81de-e3e48052df18@group-644576B5741B, cid=1962, SUCCESS, logIndex=2836, commits[4c571e18-69a3-4a6d-81de-e3e48052df18:c2837, 15893972-388e-43c0-9d6c-ca4c76ac06da:c2835, c86beb1c-9105-4588-b1e8-133030361c51:c2835]
2019-07-12 12:28:20,624 INFO  client.GrpcClientProtocolClient (GrpcClientProtocolClient.java:onNext(255)) - client-D83FC23EEBD8->4c571e18-69a3-4a6d-81de-e3e48052df18: receive RaftClientReply:client-D83FC23EEBD8->4c571e18-69a3-4a6d-81de-e3e48052df18@group-644576B5741B, cid=1963, SUCCESS, logIndex=2837, commits[4c571e18-69a3-4a6d-81de-e3e48052df18:c2837, 15893972-388e-43c0-9d6c-ca4c76ac06da:c2835, c86beb1c-9105-4588-b1e8-133030361c51:c2835]
2019-07-12 12:28:20,636 INFO  client.GrpcClientProtocolClient (GrpcClientProtocolClient.java:onNext(255)) - client-D83FC23EEBD8->4c571e18-69a3-4a6d-81de-e3e48052df18: receive RaftClientReply:client-D83FC23EEBD8->4c571e18-69a3-4a6d-81de-e3e48052df18@group-644576B5741B, cid=1964, SUCCESS, logIndex=0, commits[4c571e18-69a3-4a6d-81de-e3e48052df18:c2837, 15893972-388e-43c0-9d6c-ca4c76ac06da:c2837, c86beb1c-9105-4588-b1e8-133030361c51:c2837]
2019-07-12 12:28:20,665 INFO  client.GrpcClientProtocolClient (GrpcClientProtocolClient.java:onNext(255)) - client-D83FC23EEBD8->4c571e18-69a3-4a6d-81de-e3e48052df18: receive RaftClientReply:client-D83FC23EEBD8->4c571e18-69a3-4a6d-81de-e3e48052df18@group-644576B5741B, cid=1965, SUCCESS, logIndex=2840, commits[4c571e18-69a3-4a6d-81de-e3e48052df18:c2841, 15893972-388e-43c0-9d6c-ca4c76ac06da:c2839, c86beb1c-9105-4588-b1e8-133030361c51:c2839]
2019-07-12 12:28:20,665 INFO  client.GrpcClientProtocolClient (GrpcClientProtocolClient.java:onNext(255)) - client-D83FC23EEBD8->4c571e18-69a3-4a6d-81de-e3e48052df18: receive RaftClientReply:client-D83FC23EEBD8->4c571e18-69a3-4a6d-81de-e3e48052df18@group-644576B5741B, cid=1966, SUCCESS, logIndex=2841, commits[4c571e18-69a3-4a6d-81de-e3e48052df18:c2841, 15893972-388e-43c0-9d6c-ca4c76ac06da:c2839, c86beb1c-9105-4588-b1e8-133030361c51:c2839]
2019-07-12 12:28:20,676 INFO  client.GrpcClientProtocolClient (GrpcClientProtocolClient.java:onNext(255)) - client-D83FC23EEBD8->4c571e18-69a3-4a6d-81de-e3e48052df18: receive RaftClientReply:client-D83FC23EEBD8->4c571e18-69a3-4a6d-81de-e3e48052df18@group-644576B5741B, cid=1967, SUCCESS, logIndex=2842, commits[4c571e18-69a3-4a6d-81de-e3e48052df18:c2843, 15893972-388e-43c0-9d6c-ca4c76ac06da:c2839, c86beb1c-9105-4588-b1e8-133030361c51:c2839]
2019-07-12 12:28:20,676 INFO  client.GrpcClientProtocolClient (GrpcClientProtocolClient.java:onNext(255)) - client-D83FC23EEBD8->4c571e18-69a3-4a6d-81de-e3e48052df18: receive RaftClientReply:client-D83FC23EEBD8->4c571e18-69a3-4a6d-81de-e3e48052df18@group-644576B5741B, cid=1968, SUCCESS, logIndex=2843, commits[4c571e18-69a3-4a6d-81de-e3e48052df18:c2843, 15893972-388e-43c0-9d6c-ca4c76ac06da:c2839, c86beb1c-9105-4588-b1e8-133030361c51:c2839]
2019-07-12 12:28:20,677 INFO  client.GrpcClientProtocolClient (GrpcClientProtocolClient.java:onNext(255)) - client-D83FC23EEBD8->4c571e18-69a3-4a6d-81de-e3e48052df18: receive RaftClientReply:client-D83FC23EEBD8->4c571e18-69a3-4a6d-81de-e3e48052df18@group-644576B5741B, cid=1969, SUCCESS, logIndex=0, commits[4c571e18-69a3-4a6d-81de-e3e48052df18:c2845, 15893972-388e-43c0-9d6c-ca4c76ac06da:c2841, c86beb1c-9105-4588-b1e8-133030361c51:c2841]
2019-07-12 12:28:20,696 INFO  client.GrpcClientProtocolClient (GrpcClientProtocolClient.java:onNext(255)) - client-D83FC23EEBD8->4c571e18-69a3-4a6d-81de-e3e48052df18: receive RaftClientReply:client-D83FC23EEBD8->4c571e18-69a3-4a6d-81de-e3e48052df18@group-644576B5741B, cid=1970, SUCCESS, logIndex=2848, commits[4c571e18-69a3-4a6d-81de-e3e48052df18:c2849, 15893972-388e-43c0-9d6c-ca4c76ac06da:c2847, c86beb1c-9105-4588-b1e8-133030361c51:c2847]
2019-07-12 12:28:20,697 INFO  client.GrpcClientProtocolClient (GrpcClientProtocolClient.java:onNext(255)) - client-D83FC23EEBD8->4c571e18-69a3-4a6d-81de-e3e48052df18: receive RaftClientReply:client-D83FC23EEBD8->4c571e18-69a3-4a6d-81de-e3e48052df18@group-644576B5741B, cid=1971, SUCCESS, logIndex=2849, commits[4c571e18-69a3-4a6d-81de-e3e48052df18:c2849, 15893972-388e-43c0-9d6c-ca4c76ac06da:c2847, c86beb1c-9105-4588-b1e8-133030361c51:c2847]
2019-07-12 12:28:20,788 INFO  client.GrpcClientProtocolClient (GrpcClientProtocolClient.java:onNext(255)) - client-D83FC23EEBD8->4c571e18-69a3-4a6d-81de-e3e48052df18: receive RaftClientReply:client-D83FC23EEBD8->4c571e18-69a3-4a6d-81de-e3e48052df18@group-644576B5741B, cid=1972, SUCCESS, logIndex=2852, commits[4c571e18-69a3-4a6d-81de-e3e48052df18:c2853, 15893972-388e-43c0-9d6c-ca4c76ac06da:c2850, c86beb1c-9105-4588-b1e8-133030361c51:c2849]
2019-07-12 12:28:20,789 INFO  client.GrpcClientProtocolClient (GrpcClientProtocolClient.java:onNext(255)) - client-D83FC23EEBD8->4c571e18-69a3-4a6d-81de-e3e48052df18: receive RaftClientReply:client-D83FC23EEBD8->4c571e18-69a3-4a6d-81de-e3e48052df18@group-644576B5741B, cid=1973, SUCCESS, logIndex=2853, commits[4c571e18-69a3-4a6d-81de-e3e48052df18:c2853, 15893972-388e-43c0-9d6c-ca4c76ac06da:c2850, c86beb1c-9105-4588-b1e8-133030361c51:c2849]
2019-07-12 12:28:20,791 INFO  client.GrpcClientProtocolClient (GrpcClientProtocolClient.java:onNext(255)) - client-D83FC23EEBD8->4c571e18-69a3-4a6d-81de-e3e48052df18: receive RaftClientReply:client-D83FC23EEBD8->4c571e18-69a3-4a6d-81de-e3e48052df18@group-644576B5741B, cid=1974, SUCCESS, logIndex=0, commits[4c571e18-69a3-4a6d-81de-e3e48052df18:c2854, 15893972-388e-43c0-9d6c-ca4c76ac06da:c2853, c86beb1c-9105-4588-b1e8-133030361c51:c2853]
2019-07-12 12:28:20,821 INFO  client.GrpcClientProtocolClient (GrpcClientProtocolClient.java:onNext(255)) - client-D83FC23EEBD8->4c571e18-69a3-4a6d-81de-e3e48052df18: receive RaftClientReply:client-D83FC23EEBD8->4c571e18-69a3-4a6d-81de-e3e48052df18@group-644576B5741B, cid=1975, SUCCESS, logIndex=2856, commits[4c571e18-69a3-4a6d-81de-e3e48052df18:c2857, 15893972-388e-43c0-9d6c-ca4c76ac06da:c2855, c86beb1c-9105-4588-b1e8-133030361c51:c2855]
2019-07-12 12:28:20,821 INFO  client.GrpcClientProtocolClient (GrpcClientProtocolClient.java:onNext(255)) - client-D83FC23EEBD8->4c571e18-69a3-4a6d-81de-e3e48052df18: receive RaftClientReply:client-D83FC23EEBD8->4c571e18-69a3-4a6d-81de-e3e48052df18@group-644576B5741B, cid=1976, SUCCESS, logIndex=2857, commits[4c571e18-69a3-4a6d-81de-e3e48052df18:c2859, 15893972-388e-43c0-9d6c-ca4c76ac06da:c2855, c86beb1c-9105-4588-b1e8-133030361c51:c2855]
2019-07-12 12:28:20,822 INFO  client.GrpcClientProtocolClient (GrpcClientProtocolClient.java:onNext(255)) - client-D83FC23EEBD8->4c571e18-69a3-4a6d-81de-e3e48052df18: receive RaftClientReply:client-D83FC23EEBD8->4c571e18-69a3-4a6d-81de-e3e48052df18@group-644576B5741B, cid=1977, SUCCESS, logIndex=2858, commits[4c571e18-69a3-4a6d-81de-e3e48052df18:c2859, 15893972-388e-43c0-9d6c-ca4c76ac06da:c2855, c86beb1c-9105-4588-b1e8-133030361c51:c2855]
2019-07-12 12:28:20,822 INFO  client.GrpcClientProtocolClient (GrpcClientProtocolClient.java:onNext(255)) - client-D83FC23EEBD8->4c571e18-69a3-4a6d-81de-e3e48052df18: receive RaftClientReply:client-D83FC23EEBD8->4c571e18-69a3-4a6d-81de-e3e48052df18@group-644576B5741B, cid=1978, SUCCESS, logIndex=2859, commits[4c571e18-69a3-4a6d-81de-e3e48052df18:c2861, 15893972-388e-43c0-9d6c-ca4c76ac06da:c2855, c86beb1c-9105-4588-b1e8-133030361c51:c2857]
2019-07-12 12:28:20,824 INFO  client.GrpcClientProtocolClient (GrpcClientProtocolClient.java:onNext(255)) - client-D83FC23EEBD8->4c571e18-69a3-4a6d-81de-e3e48052df18: receive RaftClientReply:client-D83FC23EEBD8->4c571e18-69a3-4a6d-81de-e3e48052df18@group-644576B5741B, cid=1979, SUCCESS, logIndex=0, commits[4c571e18-69a3-4a6d-81de-e3e48052df18:c2863, 15893972-388e-43c0-9d6c-ca4c76ac06da:c2858, c86beb1c-9105-4588-b1e8-133030361c51:c2859]
2019-07-12 12:28:20,850 INFO  client.GrpcClientProtocolClient (GrpcClientProtocolClient.java:onNext(255)) - client-D83FC23EEBD8->4c571e18-69a3-4a6d-81de-e3e48052df18: receive RaftClientReply:client-D83FC23EEBD8->4c571e18-69a3-4a6d-81de-e3e48052df18@group-644576B5741B, cid=1980, SUCCESS, logIndex=2864, commits[4c571e18-69a3-4a6d-81de-e3e48052df18:c2865, 15893972-388e-43c0-9d6c-ca4c76ac06da:c2863, c86beb1c-9105-4588-b1e8-133030361c51:c2863]
2019-07-12 12:28:20,851 INFO  client.GrpcClientProtocolClient (GrpcClientProtocolClient.java:onNext(255)) - client-D83FC23EEBD8->4c571e18-69a3-4a6d-81de-e3e48052df18: receive RaftClientReply:client-D83FC23EEBD8->4c571e18-69a3-4a6d-81de-e3e48052df18@group-644576B5741B, cid=1981, SUCCESS, logIndex=2865, commits[4c571e18-69a3-4a6d-81de-e3e48052df18:c2865, 15893972-388e-43c0-9d6c-ca4c76ac06da:c2863, c86beb1c-9105-4588-b1e8-133030361c51:c2863]
2019-07-12 12:28:20,864 INFO  client.GrpcClientProtocolClient (GrpcClientProtocolClient.java:onNext(255)) - client-D83FC23EEBD8->4c571e18-69a3-4a6d-81de-e3e48052df18: receive RaftClientReply:client-D83FC23EEBD8->4c571e18-69a3-4a6d-81de-e3e48052df18@group-644576B5741B, cid=1982, SUCCESS, logIndex=2868, commits[4c571e18-69a3-4a6d-81de-e3e48052df18:c2869, 15893972-388e-43c0-9d6c-ca4c76ac06da:c2865, c86beb1c-9105-4588-b1e8-133030361c51:c2864]
2019-07-12 12:28:20,864 INFO  client.GrpcClientProtocolClient (GrpcClientProtocolClient.java:onNext(255)) - client-D83FC23EEBD8->4c571e18-69a3-4a6d-81de-e3e48052df18: receive RaftClientReply:client-D83FC23EEBD8->4c571e18-69a3-4a6d-81de-e3e48052df18@group-644576B5741B, cid=1983, SUCCESS, logIndex=2869, commits[4c571e18-69a3-4a6d-81de-e3e48052df18:c2869, 15893972-388e-43c0-9d6c-ca4c76ac06da:c2865, c86beb1c-9105-4588-b1e8-133030361c51:c2865]
2019-07-12 12:28:20,867 INFO  client.GrpcClientProtocolClient (GrpcClientProtocolClient.java:onNext(255)) - client-D83FC23EEBD8->4c571e18-69a3-4a6d-81de-e3e48052df18: receive RaftClientReply:client-D83FC23EEBD8->4c571e18-69a3-4a6d-81de-e3e48052df18@group-644576B5741B, cid=1984, SUCCESS, logIndex=0, commits[4c571e18-69a3-4a6d-81de-e3e48052df18:c2871, 15893972-388e-43c0-9d6c-ca4c76ac06da:c2869, c86beb1c-9105-4588-b1e8-133030361c51:c2869]
2019-07-12 12:28:20,900 INFO  client.GrpcClientProtocolClient (GrpcClientProtocolClient.java:onNext(255)) - client-D83FC23EEBD8->4c571e18-69a3-4a6d-81de-e3e48052df18: receive RaftClientReply:client-D83FC23EEBD8->4c571e18-69a3-4a6d-81de-e3e48052df18@group-644576B5741B, cid=1985, SUCCESS, logIndex=2872, commits[4c571e18-69a3-4a6d-81de-e3e48052df18:c2873, 15893972-388e-43c0-9d6c-ca4c76ac06da:c2871, c86beb1c-9105-4588-b1e8-133030361c51:c2871]
2019-07-12 12:28:20,900 INFO  client.GrpcClientProtocolClient (GrpcClientProtocolClient.java:onNext(255)) - client-D83FC23EEBD8->4c571e18-69a3-4a6d-81de-e3e48052df18: receive RaftClientReply:client-D83FC23EEBD8->4c571e18-69a3-4a6d-81de-e3e48052df18@group-644576B5741B, cid=1986, SUCCESS, logIndex=2873, commits[4c571e18-69a3-4a6d-81de-e3e48052df18:c2875, 15893972-388e-43c0-9d6c-ca4c76ac06da:c2871, c86beb1c-9105-4588-b1e8-133030361c51:c2871]
2019-07-12 12:28:20,901 INFO  client.GrpcClientProtocolClient (GrpcClientProtocolClient.java:onNext(255)) - client-D83FC23EEBD8->4c571e18-69a3-4a6d-81de-e3e48052df18: receive RaftClientReply:client-D83FC23EEBD8->4c571e18-69a3-4a6d-81de-e3e48052df18@group-644576B5741B, cid=1987, SUCCESS, logIndex=2874, commits[4c571e18-69a3-4a6d-81de-e3e48052df18:c2875, 15893972-388e-43c0-9d6c-ca4c76ac06da:c2871, c86beb1c-9105-4588-b1e8-133030361c51:c2871]
2019-07-12 12:28:20,901 INFO  client.GrpcClientProtocolClient (GrpcClientProtocolClient.java:onNext(255)) - client-D83FC23EEBD8->4c571e18-69a3-4a6d-81de-e3e48052df18: receive RaftClientReply:client-D83FC23EEBD8->4c571e18-69a3-4a6d-81de-e3e48052df18@group-644576B5741B, cid=1988, SUCCESS, logIndex=2875, commits[4c571e18-69a3-4a6d-81de-e3e48052df18:c2875, 15893972-388e-43c0-9d6c-ca4c76ac06da:c2871, c86beb1c-9105-4588-b1e8-133030361c51:c2871]
2019-07-12 12:28:20,912 INFO  client.GrpcClientProtocolClient (GrpcClientProtocolClient.java:onNext(255)) - client-D83FC23EEBD8->4c571e18-69a3-4a6d-81de-e3e48052df18: receive RaftClientReply:client-D83FC23EEBD8->4c571e18-69a3-4a6d-81de-e3e48052df18@group-644576B5741B, cid=1989, SUCCESS, logIndex=0, commits[4c571e18-69a3-4a6d-81de-e3e48052df18:c2877, 15893972-388e-43c0-9d6c-ca4c76ac06da:c2873, c86beb1c-9105-4588-b1e8-133030361c51:c2873]
2019-07-12 12:28:20,925 INFO  client.GrpcClientProtocolClient (GrpcClientProtocolClient.java:onNext(255)) - client-D83FC23EEBD8->4c571e18-69a3-4a6d-81de-e3e48052df18: receive RaftClientReply:client-D83FC23EEBD8->4c571e18-69a3-4a6d-81de-e3e48052df18@group-644576B5741B, cid=1990, SUCCESS, logIndex=2880, commits[4c571e18-69a3-4a6d-81de-e3e48052df18:c2881, 15893972-388e-43c0-9d6c-ca4c76ac06da:c2875, c86beb1c-9105-4588-b1e8-133030361c51:c2877]
2019-07-12 12:28:20,925 INFO  client.GrpcClientProtocolClient (GrpcClientProtocolClient.java:onNext(255)) - client-D83FC23EEBD8->4c571e18-69a3-4a6d-81de-e3e48052df18: receive RaftClientReply:client-D83FC23EEBD8->4c571e18-69a3-4a6d-81de-e3e48052df18@group-644576B5741B, cid=1991, SUCCESS, logIndex=2881, commits[4c571e18-69a3-4a6d-81de-e3e48052df18:c2881, 15893972-388e-43c0-9d6c-ca4c76ac06da:c2877, c86beb1c-9105-4588-b1e8-133030361c51:c2877]
2019-07-12 12:28:20,944 INFO  client.GrpcClientProtocolClient (GrpcClientProtocolClient.java:onNext(255)) - client-D83FC23EEBD8->4c571e18-69a3-4a6d-81de-e3e48052df18: receive RaftClientReply:client-D83FC23EEBD8->4c571e18-69a3-4a6d-81de-e3e48052df18@group-644576B5741B, cid=1992, SUCCESS, logIndex=2884, commits[4c571e18-69a3-4a6d-81de-e3e48052df18:c2885, 15893972-388e-43c0-9d6c-ca4c76ac06da:c2883, c86beb1c-9105-4588-b1e8-133030361c51:c2883]
2019-07-12 12:28:20,945 INFO  client.GrpcClientProtocolClient (GrpcClientProtocolClient.java:onNext(255)) - client-D83FC23EEBD8->4c571e18-69a3-4a6d-81de-e3e48052df18: receive RaftClientReply:client-D83FC23EEBD8->4c571e18-69a3-4a6d-81de-e3e48052df18@group-644576B5741B, cid=1993, SUCCESS, logIndex=2885, commits[4c571e18-69a3-4a6d-81de-e3e48052df18:c2885, 15893972-388e-43c0-9d6c-ca4c76ac06da:c2883, c86beb1c-9105-4588-b1e8-133030361c51:c2883]
2019-07-12 12:28:20,958 INFO  client.GrpcClientProtocolClient (GrpcClientProtocolClient.java:onNext(255)) - client-D83FC23EEBD8->4c571e18-69a3-4a6d-81de-e3e48052df18: receive RaftClientReply:client-D83FC23EEBD8->4c571e18-69a3-4a6d-81de-e3e48052df18@group-644576B5741B, cid=1994, SUCCESS, logIndex=0, commits[4c571e18-69a3-4a6d-81de-e3e48052df18:c2887, 15893972-388e-43c0-9d6c-ca4c76ac06da:c2885, c86beb1c-9105-4588-b1e8-133030361c51:c2885]
2019-07-12 12:28:20,986 INFO  client.GrpcClientProtocolClient (GrpcClientProtocolClient.java:onNext(255)) - client-D83FC23EEBD8->4c571e18-69a3-4a6d-81de-e3e48052df18: receive RaftClientReply:client-D83FC23EEBD8->4c571e18-69a3-4a6d-81de-e3e48052df18@group-644576B5741B, cid=1995, SUCCESS, logIndex=2888, commits[4c571e18-69a3-4a6d-81de-e3e48052df18:c2889, 15893972-388e-43c0-9d6c-ca4c76ac06da:c2887, c86beb1c-9105-4588-b1e8-133030361c51:c2887]
2019-07-12 12:28:20,987 INFO  client.GrpcClientProtocolClient (GrpcClientProtocolClient.java:onNext(255)) - client-D83FC23EEBD8->4c571e18-69a3-4a6d-81de-e3e48052df18: receive RaftClientReply:client-D83FC23EEBD8->4c571e18-69a3-4a6d-81de-e3e48052df18@group-644576B5741B, cid=1996, SUCCESS, logIndex=2889, commits[4c571e18-69a3-4a6d-81de-e3e48052df18:c2891, 15893972-388e-43c0-9d6c-ca4c76ac06da:c2887, c86beb1c-9105-4588-b1e8-133030361c51:c2887]
2019-07-12 12:28:20,987 INFO  client.GrpcClientProtocolClient (GrpcClientProtocolClient.java:onNext(255)) - client-D83FC23EEBD8->4c571e18-69a3-4a6d-81de-e3e48052df18: receive RaftClientReply:client-D83FC23EEBD8->4c571e18-69a3-4a6d-81de-e3e48052df18@group-644576B5741B, cid=1997, SUCCESS, logIndex=2890, commits[4c571e18-69a3-4a6d-81de-e3e48052df18:c2891, 15893972-388e-43c0-9d6c-ca4c76ac06da:c2887, c86beb1c-9105-4588-b1e8-133030361c51:c2887]
2019-07-12 12:28:20,988 INFO  client.GrpcClientProtocolClient (GrpcClientProtocolClient.java:onNext(255)) - client-D83FC23EEBD8->4c571e18-69a3-4a6d-81de-e3e48052df18: receive RaftClientReply:client-D83FC23EEBD8->4c571e18-69a3-4a6d-81de-e3e48052df18@group-644576B5741B, cid=1998, SUCCESS, logIndex=2891, commits[4c571e18-69a3-4a6d-81de-e3e48052df18:c2893, 15893972-388e-43c0-9d6c-ca4c76ac06da:c2887, c86beb1c-9105-4588-b1e8-133030361c51:c2889]
2019-07-12 12:28:20,989 INFO  client.GrpcClientProtocolClient (GrpcClientProtocolClient.java:onNext(255)) - client-D83FC23EEBD8->4c571e18-69a3-4a6d-81de-e3e48052df18: receive RaftClientReply:client-D83FC23EEBD8->4c571e18-69a3-4a6d-81de-e3e48052df18@group-644576B5741B, cid=1999, SUCCESS, logIndex=0, commits[4c571e18-69a3-4a6d-81de-e3e48052df18:c2894, 15893972-388e-43c0-9d6c-ca4c76ac06da:c2889, c86beb1c-9105-4588-b1e8-133030361c51:c2891]
2019-07-12 12:28:21,008 INFO  client.GrpcClientProtocolClient (GrpcClientProtocolClient.java:onNext(255)) - client-D83FC23EEBD8->4c571e18-69a3-4a6d-81de-e3e48052df18: receive RaftClientReply:client-D83FC23EEBD8->4c571e18-69a3-4a6d-81de-e3e48052df18@group-644576B5741B, cid=2000, SUCCESS, logIndex=2895, commits[4c571e18-69a3-4a6d-81de-e3e48052df18:c2896, 15893972-388e-43c0-9d6c-ca4c76ac06da:c2894, c86beb1c-9105-4588-b1e8-133030361c51:c2894]
2019-07-12 12:28:21,009 INFO  client.GrpcClientProtocolClient (GrpcClientProtocolClient.java:onNext(255)) - client-D83FC23EEBD8->4c571e18-69a3-4a6d-81de-e3e48052df18: receive RaftClientReply:client-D83FC23EEBD8->4c571e18-69a3-4a6d-81de-e3e48052df18@group-644576B5741B, cid=2001, SUCCESS, logIndex=2896, commits[4c571e18-69a3-4a6d-81de-e3e48052df18:c2896, 15893972-388e-43c0-9d6c-ca4c76ac06da:c2894, c86beb1c-9105-4588-b1e8-133030361c51:c2894]
2019-07-12 12:28:21,022 INFO  client.GrpcClientProtocolClient (GrpcClientProtocolClient.java:onNext(255)) - client-D83FC23EEBD8->4c571e18-69a3-4a6d-81de-e3e48052df18: receive RaftClientReply:client-D83FC23EEBD8->4c571e18-69a3-4a6d-81de-e3e48052df18@group-644576B5741B, cid=2002, SUCCESS, logIndex=2899, commits[4c571e18-69a3-4a6d-81de-e3e48052df18:c2899, 15893972-388e-43c0-9d6c-ca4c76ac06da:c2896, c86beb1c-9105-4588-b1e8-133030361c51:c2896]
2019-07-12 12:28:21,022 INFO  client.GrpcClientProtocolClient (GrpcClientProtocolClient.java:onNext(255)) - client-D83FC23EEBD8->4c571e18-69a3-4a6d-81de-e3e48052df18: receive RaftClientReply:client-D83FC23EEBD8->4c571e18-69a3-4a6d-81de-e3e48052df18@group-644576B5741B, cid=2003, SUCCESS, logIndex=2900, commits[4c571e18-69a3-4a6d-81de-e3e48052df18:c2900, 15893972-388e-43c0-9d6c-ca4c76ac06da:c2896, c86beb1c-9105-4588-b1e8-133030361c51:c2896]
2019-07-12 12:28:21,035 INFO  client.GrpcClientProtocolClient (GrpcClientProtocolClient.java:onNext(255)) - client-D83FC23EEBD8->4c571e18-69a3-4a6d-81de-e3e48052df18: receive RaftClientReply:client-D83FC23EEBD8->4c571e18-69a3-4a6d-81de-e3e48052df18@group-644576B5741B, cid=2004, SUCCESS, logIndex=0, commits[4c571e18-69a3-4a6d-81de-e3e48052df18:c2902, 15893972-388e-43c0-9d6c-ca4c76ac06da:c2900, c86beb1c-9105-4588-b1e8-133030361c51:c2900]
2019-07-12 12:28:21,064 INFO  client.GrpcClientProtocolClient (GrpcClientProtocolClient.java:onNext(255)) - client-D83FC23EEBD8->4c571e18-69a3-4a6d-81de-e3e48052df18: receive RaftClientReply:client-D83FC23EEBD8->4c571e18-69a3-4a6d-81de-e3e48052df18@group-644576B5741B, cid=2005, SUCCESS, logIndex=2903, commits[4c571e18-69a3-4a6d-81de-e3e48052df18:c2904, 15893972-388e-43c0-9d6c-ca4c76ac06da:c2902, c86beb1c-9105-4588-b1e8-133030361c51:c2902]
2019-07-12 12:28:21,064 INFO  client.GrpcClientProtocolClient (GrpcClientProtocolClient.java:onNext(255)) - client-D83FC23EEBD8->4c571e18-69a3-4a6d-81de-e3e48052df18: receive RaftClientReply:client-D83FC23EEBD8->4c571e18-69a3-4a6d-81de-e3e48052df18@group-644576B5741B, cid=2006, SUCCESS, logIndex=2904, commits[4c571e18-69a3-4a6d-81de-e3e48052df18:c2906, 15893972-388e-43c0-9d6c-ca4c76ac06da:c2902, c86beb1c-9105-4588-b1e8-133030361c51:c2902]
2019-07-12 12:28:21,065 INFO  client.GrpcClientProtocolClient (GrpcClientProtocolClient.java:onNext(255)) - client-D83FC23EEBD8->4c571e18-69a3-4a6d-81de-e3e48052df18: receive RaftClientReply:client-D83FC23EEBD8->4c571e18-69a3-4a6d-81de-e3e48052df18@group-644576B5741B, cid=2007, SUCCESS, logIndex=2905, commits[4c571e18-69a3-4a6d-81de-e3e48052df18:c2906, 15893972-388e-43c0-9d6c-ca4c76ac06da:c2902, c86beb1c-9105-4588-b1e8-133030361c51:c2902]
2019-07-12 12:28:21,065 INFO  client.GrpcClientProtocolClient (GrpcClientProtocolClient.java:onNext(255)) - client-D83FC23EEBD8->4c571e18-69a3-4a6d-81de-e3e48052df18: receive RaftClientReply:client-D83FC23EEBD8->4c571e18-69a3-4a6d-81de-e3e48052df18@group-644576B5741B, cid=2008, SUCCESS, logIndex=2906, commits[4c571e18-69a3-4a6d-81de-e3e48052df18:c2906, 15893972-388e-43c0-9d6c-ca4c76ac06da:c2902, c86beb1c-9105-4588-b1e8-133030361c51:c2902]
2019-07-12 12:28:21,066 INFO  client.GrpcClientProtocolClient (GrpcClientProtocolClient.java:onNext(255)) - client-D83FC23EEBD8->4c571e18-69a3-4a6d-81de-e3e48052df18: receive RaftClientReply:client-D83FC23EEBD8->4c571e18-69a3-4a6d-81de-e3e48052df18@group-644576B5741B, cid=2009, SUCCESS, logIndex=0, commits[4c571e18-69a3-4a6d-81de-e3e48052df18:c2907, 15893972-388e-43c0-9d6c-ca4c76ac06da:c2904, c86beb1c-9105-4588-b1e8-133030361c51:c2904]
2019-07-12 12:28:21,085 INFO  client.GrpcClientProtocolClient (GrpcClientProtocolClient.java:onNext(255)) - client-D83FC23EEBD8->4c571e18-69a3-4a6d-81de-e3e48052df18: receive RaftClientReply:client-D83FC23EEBD8->4c571e18-69a3-4a6d-81de-e3e48052df18@group-644576B5741B, cid=2010, SUCCESS, logIndex=2911, commits[4c571e18-69a3-4a6d-81de-e3e48052df18:c2912, 15893972-388e-43c0-9d6c-ca4c76ac06da:c2910, c86beb1c-9105-4588-b1e8-133030361c51:c2910]
2019-07-12 12:28:21,085 INFO  client.GrpcClientProtocolClient (GrpcClientProtocolClient.java:onNext(255)) - client-D83FC23EEBD8->4c571e18-69a3-4a6d-81de-e3e48052df18: receive RaftClientReply:client-D83FC23EEBD8->4c571e18-69a3-4a6d-81de-e3e48052df18@group-644576B5741B, cid=2011, SUCCESS, logIndex=2912, commits[4c571e18-69a3-4a6d-81de-e3e48052df18:c2912, 15893972-388e-43c0-9d6c-ca4c76ac06da:c2910, c86beb1c-9105-4588-b1e8-133030361c51:c2910]
2019-07-12 12:28:21,105 INFO  client.GrpcClientProtocolClient (GrpcClientProtocolClient.java:onNext(255)) - client-D83FC23EEBD8->4c571e18-69a3-4a6d-81de-e3e48052df18: receive RaftClientReply:client-D83FC23EEBD8->4c571e18-69a3-4a6d-81de-e3e48052df18@group-644576B5741B, cid=2012, SUCCESS, logIndex=2915, commits[4c571e18-69a3-4a6d-81de-e3e48052df18:c2916, 15893972-388e-43c0-9d6c-ca4c76ac06da:c2911, c86beb1c-9105-4588-b1e8-133030361c51:c2912]
2019-07-12 12:28:21,105 INFO  client.GrpcClientProtocolClient (GrpcClientProtocolClient.java:onNext(255)) - client-D83FC23EEBD8->4c571e18-69a3-4a6d-81de-e3e48052df18: receive RaftClientReply:client-D83FC23EEBD8->4c571e18-69a3-4a6d-81de-e3e48052df18@group-644576B5741B, cid=2013, SUCCESS, logIndex=2916, commits[4c571e18-69a3-4a6d-81de-e3e48052df18:c2916, 15893972-388e-43c0-9d6c-ca4c76ac06da:c2912, c86beb1c-9105-4588-b1e8-133030361c51:c2912]
2019-07-12 12:28:21,108 INFO  client.GrpcClientProtocolClient (GrpcClientProtocolClient.java:onNext(255)) - client-D83FC23EEBD8->4c571e18-69a3-4a6d-81de-e3e48052df18: receive RaftClientReply:client-D83FC23EEBD8->4c571e18-69a3-4a6d-81de-e3e48052df18@group-644576B5741B, cid=2014, SUCCESS, logIndex=0, commits[4c571e18-69a3-4a6d-81de-e3e48052df18:c2918, 15893972-388e-43c0-9d6c-ca4c76ac06da:c2916, c86beb1c-9105-4588-b1e8-133030361c51:c2916]
2019-07-12 12:28:21,136 INFO  client.GrpcClientProtocolClient (GrpcClientProtocolClient.java:onNext(255)) - client-D83FC23EEBD8->4c571e18-69a3-4a6d-81de-e3e48052df18: receive RaftClientReply:client-D83FC23EEBD8->4c571e18-69a3-4a6d-81de-e3e48052df18@group-644576B5741B, cid=2015, SUCCESS, logIndex=2919, commits[4c571e18-69a3-4a6d-81de-e3e48052df18:c2920, 15893972-388e-43c0-9d6c-ca4c76ac06da:c2918, c86beb1c-9105-4588-b1e8-133030361c51:c2918]
2019-07-12 12:28:21,136 INFO  client.GrpcClientProtocolClient (GrpcClientProtocolClient.java:onNext(255)) - client-D83FC23EEBD8->4c571e18-69a3-4a6d-81de-e3e48052df18: receive RaftClientReply:client-D83FC23EEBD8->4c571e18-69a3-4a6d-81de-e3e48052df18@group-644576B5741B, cid=2016, SUCCESS, logIndex=2920, commits[4c571e18-69a3-4a6d-81de-e3e48052df18:c2922, 15893972-388e-43c0-9d6c-ca4c76ac06da:c2918, c86beb1c-9105-4588-b1e8-133030361c51:c2918]
2019-07-12 12:28:21,136 INFO  client.GrpcClientProtocolClient (GrpcClientProtocolClient.java:onNext(255)) - client-D83FC23EEBD8->4c571e18-69a3-4a6d-81de-e3e48052df18: receive RaftClientReply:client-D83FC23EEBD8->4c571e18-69a3-4a6d-81de-e3e48052df18@group-644576B5741B, cid=2017, SUCCESS, logIndex=2921, commits[4c571e18-69a3-4a6d-81de-e3e48052df18:c2922, 15893972-388e-43c0-9d6c-ca4c76ac06da:c2918, c86beb1c-9105-4588-b1e8-133030361c51:c2918]
2019-07-12 12:28:21,137 INFO  client.GrpcClientProtocolClient (GrpcClientProtocolClient.java:onNext(255)) - client-D83FC23EEBD8->4c571e18-69a3-4a6d-81de-e3e48052df18: receive RaftClientReply:client-D83FC23EEBD8->4c571e18-69a3-4a6d-81de-e3e48052df18@group-644576B5741B, cid=2018, SUCCESS, logIndex=2922, commits[4c571e18-69a3-4a6d-81de-e3e48052df18:c2922, 15893972-388e-43c0-9d6c-ca4c76ac06da:c2918, c86beb1c-9105-4588-b1e8-133030361c51:c2918]
2019-07-12 12:28:21,147 INFO  client.GrpcClientProtocolClient (GrpcClientProtocolClient.java:onNext(255)) - client-D83FC23EEBD8->4c571e18-69a3-4a6d-81de-e3e48052df18: receive RaftClientReply:client-D83FC23EEBD8->4c571e18-69a3-4a6d-81de-e3e48052df18@group-644576B5741B, cid=2019, SUCCESS, logIndex=0, commits[4c571e18-69a3-4a6d-81de-e3e48052df18:c2924, 15893972-388e-43c0-9d6c-ca4c76ac06da:c2920, c86beb1c-9105-4588-b1e8-133030361c51:c2920]
2019-07-12 12:28:21,166 INFO  client.GrpcClientProtocolClient (GrpcClientProtocolClient.java:onNext(255)) - client-D83FC23EEBD8->4c571e18-69a3-4a6d-81de-e3e48052df18: receive RaftClientReply:client-D83FC23EEBD8->4c571e18-69a3-4a6d-81de-e3e48052df18@group-644576B5741B, cid=2020, SUCCESS, logIndex=2927, commits[4c571e18-69a3-4a6d-81de-e3e48052df18:c2928, 15893972-388e-43c0-9d6c-ca4c76ac06da:c2922, c86beb1c-9105-4588-b1e8-133030361c51:c2926]
2019-07-12 12:28:21,166 INFO  client.GrpcClientProtocolClient (GrpcClientProtocolClient.java:onNext(255)) - client-D83FC23EEBD8->4c571e18-69a3-4a6d-81de-e3e48052df18: receive RaftClientReply:client-D83FC23EEBD8->4c571e18-69a3-4a6d-81de-e3e48052df18@group-644576B5741B, cid=2021, SUCCESS, logIndex=2928, commits[4c571e18-69a3-4a6d-81de-e3e48052df18:c2928, 15893972-388e-43c0-9d6c-ca4c76ac06da:c2926, c86beb1c-9105-4588-b1e8-133030361c51:c2926]
2019-07-12 12:28:21,180 INFO  client.GrpcClientProtocolClient (GrpcClientProtocolClient.java:onNext(255)) - client-D83FC23EEBD8->4c571e18-69a3-4a6d-81de-e3e48052df18: receive RaftClientReply:client-D83FC23EEBD8->4c571e18-69a3-4a6d-81de-e3e48052df18@group-644576B5741B, cid=2022, SUCCESS, logIndex=2931, commits[4c571e18-69a3-4a6d-81de-e3e48052df18:c2932, 15893972-388e-43c0-9d6c-ca4c76ac06da:c2928, c86beb1c-9105-4588-b1e8-133030361c51:c2928]
2019-07-12 12:28:21,180 INFO  client.GrpcClientProtocolClient (GrpcClientProtocolClient.java:onNext(255)) - client-D83FC23EEBD8->4c571e18-69a3-4a6d-81de-e3e48052df18: receive RaftClientReply:client-D83FC23EEBD8->4c571e18-69a3-4a6d-81de-e3e48052df18@group-644576B5741B, cid=2023, SUCCESS, logIndex=2932, commits[4c571e18-69a3-4a6d-81de-e3e48052df18:c2932, 15893972-388e-43c0-9d6c-ca4c76ac06da:c2928, c86beb1c-9105-4588-b1e8-133030361c51:c2928]
2019-07-12 12:28:21,192 INFO  client.GrpcClientProtocolClient (GrpcClientProtocolClient.java:onNext(255)) - client-D83FC23EEBD8->4c571e18-69a3-4a6d-81de-e3e48052df18: receive RaftClientReply:client-D83FC23EEBD8->4c571e18-69a3-4a6d-81de-e3e48052df18@group-644576B5741B, cid=2024, SUCCESS, logIndex=0, commits[4c571e18-69a3-4a6d-81de-e3e48052df18:c2934, 15893972-388e-43c0-9d6c-ca4c76ac06da:c2932, c86beb1c-9105-4588-b1e8-133030361c51:c2932]
2019-07-12 12:28:21,222 INFO  client.GrpcClientProtocolClient (GrpcClientProtocolClient.java:onNext(255)) - client-D83FC23EEBD8->4c571e18-69a3-4a6d-81de-e3e48052df18: receive RaftClientReply:client-D83FC23EEBD8->4c571e18-69a3-4a6d-81de-e3e48052df18@group-644576B5741B, cid=2025, SUCCESS, logIndex=2935, commits[4c571e18-69a3-4a6d-81de-e3e48052df18:c2936, 15893972-388e-43c0-9d6c-ca4c76ac06da:c2934, c86beb1c-9105-4588-b1e8-133030361c51:c2934]
2019-07-12 12:28:21,222 INFO  client.GrpcClientProtocolClient (GrpcClientProtocolClient.java:onNext(255)) - client-D83FC23EEBD8->4c571e18-69a3-4a6d-81de-e3e48052df18: receive RaftClientReply:client-D83FC23EEBD8->4c571e18-69a3-4a6d-81de-e3e48052df18@group-644576B5741B, cid=2026, SUCCESS, logIndex=2936, commits[4c571e18-69a3-4a6d-81de-e3e48052df18:c2936, 15893972-388e-43c0-9d6c-ca4c76ac06da:c2934, c86beb1c-9105-4588-b1e8-133030361c51:c2934]
2019-07-12 12:28:21,223 INFO  client.GrpcClientProtocolClient (GrpcClientProtocolClient.java:onNext(255)) - client-D83FC23EEBD8->4c571e18-69a3-4a6d-81de-e3e48052df18: receive RaftClientReply:client-D83FC23EEBD8->4c571e18-69a3-4a6d-81de-e3e48052df18@group-644576B5741B, cid=2027, SUCCESS, logIndex=2937, commits[4c571e18-69a3-4a6d-81de-e3e48052df18:c2937, 15893972-388e-43c0-9d6c-ca4c76ac06da:c2934, c86beb1c-9105-4588-b1e8-133030361c51:c2934]
2019-07-12 12:28:21,223 INFO  client.GrpcClientProtocolClient (GrpcClientProtocolClient.java:onNext(255)) - client-D83FC23EEBD8->4c571e18-69a3-4a6d-81de-e3e48052df18: receive RaftClientReply:client-D83FC23EEBD8->4c571e18-69a3-4a6d-81de-e3e48052df18@group-644576B5741B, cid=2028, SUCCESS, logIndex=2938, commits[4c571e18-69a3-4a6d-81de-e3e48052df18:c2938, 15893972-388e-43c0-9d6c-ca4c76ac06da:c2934, c86beb1c-9105-4588-b1e8-133030361c51:c2934]
2019-07-12 12:28:21,225 INFO  client.GrpcClientProtocolClient (GrpcClientProtocolClient.java:onNext(255)) - client-D83FC23EEBD8->4c571e18-69a3-4a6d-81de-e3e48052df18: receive RaftClientReply:client-D83FC23EEBD8->4c571e18-69a3-4a6d-81de-e3e48052df18@group-644576B5741B, cid=2029, SUCCESS, logIndex=0, commits[4c571e18-69a3-4a6d-81de-e3e48052df18:c2942, 15893972-388e-43c0-9d6c-ca4c76ac06da:c2936, c86beb1c-9105-4588-b1e8-133030361c51:c2938]
2019-07-12 12:28:21,244 INFO  client.GrpcClientProtocolClient (GrpcClientProtocolClient.java:onNext(255)) - client-D83FC23EEBD8->4c571e18-69a3-4a6d-81de-e3e48052df18: receive RaftClientReply:client-D83FC23EEBD8->4c571e18-69a3-4a6d-81de-e3e48052df18@group-644576B5741B, cid=2030, SUCCESS, logIndex=2943, commits[4c571e18-69a3-4a6d-81de-e3e48052df18:c2944, 15893972-388e-43c0-9d6c-ca4c76ac06da:c2942, c86beb1c-9105-4588-b1e8-133030361c51:c2942]
2019-07-12 12:28:21,245 INFO  client.GrpcClientProtocolClient (GrpcClientProtocolClient.java:onNext(255)) - client-D83FC23EEBD8->4c571e18-69a3-4a6d-81de-e3e48052df18: receive RaftClientReply:client-D83FC23EEBD8->4c571e18-69a3-4a6d-81de-e3e48052df18@group-644576B5741B, cid=2031, SUCCESS, logIndex=2944, commits[4c571e18-69a3-4a6d-81de-e3e48052df18:c2944, 15893972-388e-43c0-9d6c-ca4c76ac06da:c2942, c86beb1c-9105-4588-b1e8-133030361c51:c2942]
2019-07-12 12:28:21,258 INFO  client.GrpcClientProtocolClient (GrpcClientProtocolClient.java:onNext(255)) - client-D83FC23EEBD8->4c571e18-69a3-4a6d-81de-e3e48052df18: receive RaftClientReply:client-D83FC23EEBD8->4c571e18-69a3-4a6d-81de-e3e48052df18@group-644576B5741B, cid=2032, SUCCESS, logIndex=2947, commits[4c571e18-69a3-4a6d-81de-e3e48052df18:c2948, 15893972-388e-43c0-9d6c-ca4c76ac06da:c2944, c86beb1c-9105-4588-b1e8-133030361c51:c2944]
2019-07-12 12:28:21,258 INFO  client.GrpcClientProtocolClient (GrpcClientProtocolClient.java:onNext(255)) - client-D83FC23EEBD8->4c571e18-69a3-4a6d-81de-e3e48052df18: receive RaftClientReply:client-D83FC23EEBD8->4c571e18-69a3-4a6d-81de-e3e48052df18@group-644576B5741B, cid=2033, SUCCESS, logIndex=2948, commits[4c571e18-69a3-4a6d-81de-e3e48052df18:c2948, 15893972-388e-43c0-9d6c-ca4c76ac06da:c2944, c86beb1c-9105-4588-b1e8-133030361c51:c2944]
2019-07-12 12:28:21,271 INFO  client.GrpcClientProtocolClient (GrpcClientProtocolClient.java:onNext(255)) - client-D83FC23EEBD8->4c571e18-69a3-4a6d-81de-e3e48052df18: receive RaftClientReply:client-D83FC23EEBD8->4c571e18-69a3-4a6d-81de-e3e48052df18@group-644576B5741B, cid=2034, SUCCESS, logIndex=0, commits[4c571e18-69a3-4a6d-81de-e3e48052df18:c2950, 15893972-388e-43c0-9d6c-ca4c76ac06da:c2948, c86beb1c-9105-4588-b1e8-133030361c51:c2948]
2019-07-12 12:28:21,296 INFO  client.GrpcClientProtocolClient (GrpcClientProtocolClient.java:onNext(255)) - client-D83FC23EEBD8->4c571e18-69a3-4a6d-81de-e3e48052df18: receive RaftClientReply:client-D83FC23EEBD8->4c571e18-69a3-4a6d-81de-e3e48052df18@group-644576B5741B, cid=2035, SUCCESS, logIndex=2951, commits[4c571e18-69a3-4a6d-81de-e3e48052df18:c2952, 15893972-388e-43c0-9d6c-ca4c76ac06da:c2950, c86beb1c-9105-4588-b1e8-133030361c51:c2950]
2019-07-12 12:28:21,297 INFO  client.GrpcClientProtocolClient (GrpcClientProtocolClient.java:onNext(255)) - client-D83FC23EEBD8->4c571e18-69a3-4a6d-81de-e3e48052df18: receive RaftClientReply:client-D83FC23EEBD8->4c571e18-69a3-4a6d-81de-e3e48052df18@group-644576B5741B, cid=2036, SUCCESS, logIndex=2952, commits[4c571e18-69a3-4a6d-81de-e3e48052df18:c2952, 15893972-388e-43c0-9d6c-ca4c76ac06da:c2950, c86beb1c-9105-4588-b1e8-133030361c51:c2950]
2019-07-12 12:28:21,297 INFO  client.GrpcClientProtocolClient (GrpcClientProtocolClient.java:onNext(255)) - client-D83FC23EEBD8->4c571e18-69a3-4a6d-81de-e3e48052df18: receive RaftClientReply:client-D83FC23EEBD8->4c571e18-69a3-4a6d-81de-e3e48052df18@group-644576B5741B, cid=2037, SUCCESS, logIndex=2953, commits[4c571e18-69a3-4a6d-81de-e3e48052df18:c2954, 15893972-388e-43c0-9d6c-ca4c76ac06da:c2950, c86beb1c-9105-4588-b1e8-133030361c51:c2950]
2019-07-12 12:28:21,298 INFO  client.GrpcClientProtocolClient (GrpcClientProtocolClient.java:onNext(255)) - client-D83FC23EEBD8->4c571e18-69a3-4a6d-81de-e3e48052df18: receive RaftClientReply:client-D83FC23EEBD8->4c571e18-69a3-4a6d-81de-e3e48052df18@group-644576B5741B, cid=2038, SUCCESS, logIndex=2954, commits[4c571e18-69a3-4a6d-81de-e3e48052df18:c2954, 15893972-388e-43c0-9d6c-ca4c76ac06da:c2950, c86beb1c-9105-4588-b1e8-133030361c51:c2950]
2019-07-12 12:28:21,368 INFO  client.GrpcClientProtocolClient (GrpcClientProtocolClient.java:onNext(255)) - client-D83FC23EEBD8->4c571e18-69a3-4a6d-81de-e3e48052df18: receive RaftClientReply:client-D83FC23EEBD8->4c571e18-69a3-4a6d-81de-e3e48052df18@group-644576B5741B, cid=2039, SUCCESS, logIndex=0, commits[4c571e18-69a3-4a6d-81de-e3e48052df18:c2957, 15893972-388e-43c0-9d6c-ca4c76ac06da:c2953, c86beb1c-9105-4588-b1e8-133030361c51:c2952]
2019-07-12 12:28:21,389 INFO  client.GrpcClientProtocolClient (GrpcClientProtocolClient.java:onNext(255)) - client-D83FC23EEBD8->4c571e18-69a3-4a6d-81de-e3e48052df18: receive RaftClientReply:client-D83FC23EEBD8->4c571e18-69a3-4a6d-81de-e3e48052df18@group-644576B5741B, cid=2040, SUCCESS, logIndex=2959, commits[4c571e18-69a3-4a6d-81de-e3e48052df18:c2960, 15893972-388e-43c0-9d6c-ca4c76ac06da:c2958, c86beb1c-9105-4588-b1e8-133030361c51:c2958]
2019-07-12 12:28:21,390 INFO  client.GrpcClientProtocolClient (GrpcClientProtocolClient.java:onNext(255)) - client-D83FC23EEBD8->4c571e18-69a3-4a6d-81de-e3e48052df18: receive RaftClientReply:client-D83FC23EEBD8->4c571e18-69a3-4a6d-81de-e3e48052df18@group-644576B5741B, cid=2041, SUCCESS, logIndex=2960, commits[4c571e18-69a3-4a6d-81de-e3e48052df18:c2960, 15893972-388e-43c0-9d6c-ca4c76ac06da:c2958, c86beb1c-9105-4588-b1e8-133030361c51:c2958]
2019-07-12 12:28:21,403 INFO  client.GrpcClientProtocolClient (GrpcClientProtocolClient.java:onNext(255)) - client-D83FC23EEBD8->4c571e18-69a3-4a6d-81de-e3e48052df18: receive RaftClientReply:client-D83FC23EEBD8->4c571e18-69a3-4a6d-81de-e3e48052df18@group-644576B5741B, cid=2042, SUCCESS, logIndex=2963, commits[4c571e18-69a3-4a6d-81de-e3e48052df18:c2964, 15893972-388e-43c0-9d6c-ca4c76ac06da:c2960, c86beb1c-9105-4588-b1e8-133030361c51:c2960]
2019-07-12 12:28:21,403 INFO  client.GrpcClientProtocolClient (GrpcClientProtocolClient.java:onNext(255)) - client-D83FC23EEBD8->4c571e18-69a3-4a6d-81de-e3e48052df18: receive RaftClientReply:client-D83FC23EEBD8->4c571e18-69a3-4a6d-81de-e3e48052df18@group-644576B5741B, cid=2043, SUCCESS, logIndex=2964, commits[4c571e18-69a3-4a6d-81de-e3e48052df18:c2964, 15893972-388e-43c0-9d6c-ca4c76ac06da:c2960, c86beb1c-9105-4588-b1e8-133030361c51:c2960]
2019-07-12 12:28:21,414 INFO  client.GrpcClientProtocolClient (GrpcClientProtocolClient.java:onNext(255)) - client-D83FC23EEBD8->4c571e18-69a3-4a6d-81de-e3e48052df18: receive RaftClientReply:client-D83FC23EEBD8->4c571e18-69a3-4a6d-81de-e3e48052df18@group-644576B5741B, cid=2044, SUCCESS, logIndex=0, commits[4c571e18-69a3-4a6d-81de-e3e48052df18:c2965, 15893972-388e-43c0-9d6c-ca4c76ac06da:c2964, c86beb1c-9105-4588-b1e8-133030361c51:c2964]
2019-07-12 12:28:21,442 INFO  client.GrpcClientProtocolClient (GrpcClientProtocolClient.java:onNext(255)) - client-D83FC23EEBD8->4c571e18-69a3-4a6d-81de-e3e48052df18: receive RaftClientReply:client-D83FC23EEBD8->4c571e18-69a3-4a6d-81de-e3e48052df18@group-644576B5741B, cid=2045, SUCCESS, logIndex=2967, commits[4c571e18-69a3-4a6d-81de-e3e48052df18:c2968, 15893972-388e-43c0-9d6c-ca4c76ac06da:c2966, c86beb1c-9105-4588-b1e8-133030361c51:c2966]
2019-07-12 12:28:21,443 INFO  client.GrpcClientProtocolClient (GrpcClientProtocolClient.java:onNext(255)) - client-D83FC23EEBD8->4c571e18-69a3-4a6d-81de-e3e48052df18: receive RaftClientReply:client-D83FC23EEBD8->4c571e18-69a3-4a6d-81de-e3e48052df18@group-644576B5741B, cid=2046, SUCCESS, logIndex=2968, commits[4c571e18-69a3-4a6d-81de-e3e48052df18:c2968, 15893972-388e-43c0-9d6c-ca4c76ac06da:c2966, c86beb1c-9105-4588-b1e8-133030361c51:c2966]
2019-07-12 12:28:21,443 INFO  client.GrpcClientProtocolClient (GrpcClientProtocolClient.java:onNext(255)) - client-D83FC23EEBD8->4c571e18-69a3-4a6d-81de-e3e48052df18: receive RaftClientReply:client-D83FC23EEBD8->4c571e18-69a3-4a6d-81de-e3e48052df18@group-644576B5741B, cid=2047, SUCCESS, logIndex=2969, commits[4c571e18-69a3-4a6d-81de-e3e48052df18:c2970, 15893972-388e-43c0-9d6c-ca4c76ac06da:c2966, c86beb1c-9105-4588-b1e8-133030361c51:c2966]
2019-07-12 12:28:21,444 INFO  client.GrpcClientProtocolClient (GrpcClientProtocolClient.java:onNext(255)) - client-D83FC23EEBD8->4c571e18-69a3-4a6d-81de-e3e48052df18: receive RaftClientReply:client-D83FC23EEBD8->4c571e18-69a3-4a6d-81de-e3e48052df18@group-644576B5741B, cid=2048, SUCCESS, logIndex=2970, commits[4c571e18-69a3-4a6d-81de-e3e48052df18:c2970, 15893972-388e-43c0-9d6c-ca4c76ac06da:c2966, c86beb1c-9105-4588-b1e8-133030361c51:c2966]
2019-07-12 12:28:21,445 INFO  client.GrpcClientProtocolClient (GrpcClientProtocolClient.java:onNext(255)) - client-D83FC23EEBD8->4c571e18-69a3-4a6d-81de-e3e48052df18: receive RaftClientReply:client-D83FC23EEBD8->4c571e18-69a3-4a6d-81de-e3e48052df18@group-644576B5741B, cid=2049, SUCCESS, logIndex=0, commits[4c571e18-69a3-4a6d-81de-e3e48052df18:c2972, 15893972-388e-43c0-9d6c-ca4c76ac06da:c2968, c86beb1c-9105-4588-b1e8-133030361c51:c2968]
2019-07-12 12:28:21,465 INFO  client.GrpcClientProtocolClient (GrpcClientProtocolClient.java:onNext(255)) - client-D83FC23EEBD8->4c571e18-69a3-4a6d-81de-e3e48052df18: receive RaftClientReply:client-D83FC23EEBD8->4c571e18-69a3-4a6d-81de-e3e48052df18@group-644576B5741B, cid=2050, SUCCESS, logIndex=2975, commits[4c571e18-69a3-4a6d-81de-e3e48052df18:c2976, 15893972-388e-43c0-9d6c-ca4c76ac06da:c2974, c86beb1c-9105-4588-b1e8-133030361c51:c2974]
2019-07-12 12:28:21,466 INFO  client.GrpcClientProtocolClient (GrpcClientProtocolClient.java:onNext(255)) - client-D83FC23EEBD8->4c571e18-69a3-4a6d-81de-e3e48052df18: receive RaftClientReply:client-D83FC23EEBD8->4c571e18-69a3-4a6d-81de-e3e48052df18@group-644576B5741B, cid=2051, SUCCESS, logIndex=2976, commits[4c571e18-69a3-4a6d-81de-e3e48052df18:c2976, 15893972-388e-43c0-9d6c-ca4c76ac06da:c2974, c86beb1c-9105-4588-b1e8-133030361c51:c2974]
2019-07-12 12:28:21,480 INFO  client.GrpcClientProtocolClient (GrpcClientProtocolClient.java:onNext(255)) - client-D83FC23EEBD8->4c571e18-69a3-4a6d-81de-e3e48052df18: receive RaftClientReply:client-D83FC23EEBD8->4c571e18-69a3-4a6d-81de-e3e48052df18@group-644576B5741B, cid=2052, SUCCESS, logIndex=2979, commits[4c571e18-69a3-4a6d-81de-e3e48052df18:c2980, 15893972-388e-43c0-9d6c-ca4c76ac06da:c2976, c86beb1c-9105-4588-b1e8-133030361c51:c2976]
2019-07-12 12:28:21,480 INFO  client.GrpcClientProtocolClient (GrpcClientProtocolClient.java:onNext(255)) - client-D83FC23EEBD8->4c571e18-69a3-4a6d-81de-e3e48052df18: receive RaftClientReply:client-D83FC23EEBD8->4c571e18-69a3-4a6d-81de-e3e48052df18@group-644576B5741B, cid=2053, SUCCESS, logIndex=2980, commits[4c571e18-69a3-4a6d-81de-e3e48052df18:c2980, 15893972-388e-43c0-9d6c-ca4c76ac06da:c2976, c86beb1c-9105-4588-b1e8-133030361c51:c2976]
2019-07-12 12:28:21,492 INFO  client.GrpcClientProtocolClient (GrpcClientProtocolClient.java:onNext(255)) - client-D83FC23EEBD8->4c571e18-69a3-4a6d-81de-e3e48052df18: receive RaftClientReply:client-D83FC23EEBD8->4c571e18-69a3-4a6d-81de-e3e48052df18@group-644576B5741B, cid=2054, SUCCESS, logIndex=0, commits[4c571e18-69a3-4a6d-81de-e3e48052df18:c2982, 15893972-388e-43c0-9d6c-ca4c76ac06da:c2980, c86beb1c-9105-4588-b1e8-133030361c51:c2980]
2019-07-12 12:28:21,521 INFO  client.GrpcClientProtocolClient (GrpcClientProtocolClient.java:onNext(255)) - client-D83FC23EEBD8->4c571e18-69a3-4a6d-81de-e3e48052df18: receive RaftClientReply:client-D83FC23EEBD8->4c571e18-69a3-4a6d-81de-e3e48052df18@group-644576B5741B, cid=2055, SUCCESS, logIndex=2983, commits[4c571e18-69a3-4a6d-81de-e3e48052df18:c2984, 15893972-388e-43c0-9d6c-ca4c76ac06da:c2982, c86beb1c-9105-4588-b1e8-133030361c51:c2982]
2019-07-12 12:28:21,522 INFO  client.GrpcClientProtocolClient (GrpcClientProtocolClient.java:onNext(255)) - client-D83FC23EEBD8->4c571e18-69a3-4a6d-81de-e3e48052df18: receive RaftClientReply:client-D83FC23EEBD8->4c571e18-69a3-4a6d-81de-e3e48052df18@group-644576B5741B, cid=2056, SUCCESS, logIndex=2984, commits[4c571e18-69a3-4a6d-81de-e3e48052df18:c2986, 15893972-388e-43c0-9d6c-ca4c76ac06da:c2982, c86beb1c-9105-4588-b1e8-133030361c51:c2982]
2019-07-12 12:28:21,522 INFO  client.GrpcClientProtocolClient (GrpcClientProtocolClient.java:onNext(255)) - client-D83FC23EEBD8->4c571e18-69a3-4a6d-81de-e3e48052df18: receive RaftClientReply:client-D83FC23EEBD8->4c571e18-69a3-4a6d-81de-e3e48052df18@group-644576B5741B, cid=2057, SUCCESS, logIndex=2985, commits[4c571e18-69a3-4a6d-81de-e3e48052df18:c2986, 15893972-388e-43c0-9d6c-ca4c76ac06da:c2982, c86beb1c-9105-4588-b1e8-133030361c51:c2982]
2019-07-12 12:28:21,523 INFO  client.GrpcClientProtocolClient (GrpcClientProtocolClient.java:onNext(255)) - client-D83FC23EEBD8->4c571e18-69a3-4a6d-81de-e3e48052df18: receive RaftClientReply:client-D83FC23EEBD8->4c571e18-69a3-4a6d-81de-e3e48052df18@group-644576B5741B, cid=2058, SUCCESS, logIndex=2986, commits[4c571e18-69a3-4a6d-81de-e3e48052df18:c2986, 15893972-388e-43c0-9d6c-ca4c76ac06da:c2982, c86beb1c-9105-4588-b1e8-133030361c51:c2982]
2019-07-12 12:28:21,525 INFO  client.GrpcClientProtocolClient (GrpcClientProtocolClient.java:onNext(255)) - client-D83FC23EEBD8->4c571e18-69a3-4a6d-81de-e3e48052df18: receive RaftClientReply:client-D83FC23EEBD8->4c571e18-69a3-4a6d-81de-e3e48052df18@group-644576B5741B, cid=2059, SUCCESS, logIndex=0, commits[4c571e18-69a3-4a6d-81de-e3e48052df18:c2990, 15893972-388e-43c0-9d6c-ca4c76ac06da:c2986, c86beb1c-9105-4588-b1e8-133030361c51:c2984]
 0.00% |█                                                                                                    |  0/1 Time: 0:00:132019-07-12 12:28:21,545 INFO  client.GrpcClientProtocolClient (GrpcClientProtocolClient.java:onNext(255)) - client-D83FC23EEBD8->4c571e18-69a3-4a6d-81de-e3e48052df18: receive RaftClientReply:client-D83FC23EEBD8->4c571e18-69a3-4a6d-81de-e3e48052df18@group-644576B5741B, cid=2060, SUCCESS, logIndex=2991, commits[4c571e18-69a3-4a6d-81de-e3e48052df18:c2992, 15893972-388e-43c0-9d6c-ca4c76ac06da:c2990, c86beb1c-9105-4588-b1e8-133030361c51:c2990]
2019-07-12 12:28:21,546 INFO  client.GrpcClientProtocolClient (GrpcClientProtocolClient.java:onNext(255)) - client-D83FC23EEBD8->4c571e18-69a3-4a6d-81de-e3e48052df18: receive RaftClientReply:client-D83FC23EEBD8->4c571e18-69a3-4a6d-81de-e3e48052df18@group-644576B5741B, cid=2061, SUCCESS, logIndex=2992, commits[4c571e18-69a3-4a6d-81de-e3e48052df18:c2992, 15893972-388e-43c0-9d6c-ca4c76ac06da:c2990, c86beb1c-9105-4588-b1e8-133030361c51:c2990]
2019-07-12 12:28:21,559 INFO  client.GrpcClientProtocolClient (GrpcClientProtocolClient.java:onNext(255)) - client-D83FC23EEBD8->4c571e18-69a3-4a6d-81de-e3e48052df18: receive RaftClientReply:client-D83FC23EEBD8->4c571e18-69a3-4a6d-81de-e3e48052df18@group-644576B5741B, cid=2062, SUCCESS, logIndex=2995, commits[4c571e18-69a3-4a6d-81de-e3e48052df18:c2995, 15893972-388e-43c0-9d6c-ca4c76ac06da:c2992, c86beb1c-9105-4588-b1e8-133030361c51:c2992]
2019-07-12 12:28:21,559 INFO  client.GrpcClientProtocolClient (GrpcClientProtocolClient.java:onNext(255)) - client-D83FC23EEBD8->4c571e18-69a3-4a6d-81de-e3e48052df18: receive RaftClientReply:client-D83FC23EEBD8->4c571e18-69a3-4a6d-81de-e3e48052df18@group-644576B5741B, cid=2063, SUCCESS, logIndex=2996, commits[4c571e18-69a3-4a6d-81de-e3e48052df18:c2996, 15893972-388e-43c0-9d6c-ca4c76ac06da:c2992, c86beb1c-9105-4588-b1e8-133030361c51:c2992]
2019-07-12 12:28:21,572 INFO  client.GrpcClientProtocolClient (GrpcClientProtocolClient.java:onNext(255)) - client-D83FC23EEBD8->4c571e18-69a3-4a6d-81de-e3e48052df18: receive RaftClientReply:client-D83FC23EEBD8->4c571e18-69a3-4a6d-81de-e3e48052df18@group-644576B5741B, cid=2064, SUCCESS, logIndex=0, commits[4c571e18-69a3-4a6d-81de-e3e48052df18:c2998, 15893972-388e-43c0-9d6c-ca4c76ac06da:c2996, c86beb1c-9105-4588-b1e8-133030361c51:c2996]
2019-07-12 12:28:21,602 INFO  client.GrpcClientProtocolClient (GrpcClientProtocolClient.java:onNext(255)) - client-D83FC23EEBD8->4c571e18-69a3-4a6d-81de-e3e48052df18: receive RaftClientReply:client-D83FC23EEBD8->4c571e18-69a3-4a6d-81de-e3e48052df18@group-644576B5741B, cid=2065, SUCCESS, logIndex=2999, commits[4c571e18-69a3-4a6d-81de-e3e48052df18:c3000, 15893972-388e-43c0-9d6c-ca4c76ac06da:c2998, c86beb1c-9105-4588-b1e8-133030361c51:c2998]
2019-07-12 12:28:21,604 INFO  client.GrpcClientProtocolClient (GrpcClientProtocolClient.java:onNext(255)) - client-D83FC23EEBD8->4c571e18-69a3-4a6d-81de-e3e48052df18: receive RaftClientReply:client-D83FC23EEBD8->4c571e18-69a3-4a6d-81de-e3e48052df18@group-644576B5741B, cid=2066, SUCCESS, logIndex=3000, commits[4c571e18-69a3-4a6d-81de-e3e48052df18:c3001, 15893972-388e-43c0-9d6c-ca4c76ac06da:c2998, c86beb1c-9105-4588-b1e8-133030361c51:c2998]
2019-07-12 12:28:21,604 INFO  client.GrpcClientProtocolClient (GrpcClientProtocolClient.java:onNext(255)) - client-D83FC23EEBD8->4c571e18-69a3-4a6d-81de-e3e48052df18: receive RaftClientReply:client-D83FC23EEBD8->4c571e18-69a3-4a6d-81de-e3e48052df18@group-644576B5741B, cid=2067, SUCCESS, logIndex=3001, commits[4c571e18-69a3-4a6d-81de-e3e48052df18:c3002, 15893972-388e-43c0-9d6c-ca4c76ac06da:c2998, c86beb1c-9105-4588-b1e8-133030361c51:c2998]
2019-07-12 12:28:21,604 INFO  client.GrpcClientProtocolClient (GrpcClientProtocolClient.java:onNext(255)) - client-D83FC23EEBD8->4c571e18-69a3-4a6d-81de-e3e48052df18: receive RaftClientReply:client-D83FC23EEBD8->4c571e18-69a3-4a6d-81de-e3e48052df18@group-644576B5741B, cid=2068, SUCCESS, logIndex=3002, commits[4c571e18-69a3-4a6d-81de-e3e48052df18:c3003, 15893972-388e-43c0-9d6c-ca4c76ac06da:c2998, c86beb1c-9105-4588-b1e8-133030361c51:c2999]
2019-07-12 12:28:21,605 INFO  client.GrpcClientProtocolClient (GrpcClientProtocolClient.java:onNext(255)) - client-D83FC23EEBD8->4c571e18-69a3-4a6d-81de-e3e48052df18: receive RaftClientReply:client-D83FC23EEBD8->4c571e18-69a3-4a6d-81de-e3e48052df18@group-644576B5741B, cid=2069, SUCCESS, logIndex=0, commits[4c571e18-69a3-4a6d-81de-e3e48052df18:c3004, 15893972-388e-43c0-9d6c-ca4c76ac06da:c3001, c86beb1c-9105-4588-b1e8-133030361c51:c3000]
2019-07-12 12:28:21,628 INFO  client.GrpcClientProtocolClient (GrpcClientProtocolClient.java:onNext(255)) - client-D83FC23EEBD8->4c571e18-69a3-4a6d-81de-e3e48052df18: receive RaftClientReply:client-D83FC23EEBD8->4c571e18-69a3-4a6d-81de-e3e48052df18@group-644576B5741B, cid=2070, SUCCESS, logIndex=3007, commits[4c571e18-69a3-4a6d-81de-e3e48052df18:c3008, 15893972-388e-43c0-9d6c-ca4c76ac06da:c3006, c86beb1c-9105-4588-b1e8-133030361c51:c3006]
2019-07-12 12:28:21,629 INFO  client.GrpcClientProtocolClient (GrpcClientProtocolClient.java:onNext(255)) - client-D83FC23EEBD8->4c571e18-69a3-4a6d-81de-e3e48052df18: receive RaftClientReply:client-D83FC23EEBD8->4c571e18-69a3-4a6d-81de-e3e48052df18@group-644576B5741B, cid=2071, SUCCESS, logIndex=3008, commits[4c571e18-69a3-4a6d-81de-e3e48052df18:c3008, 15893972-388e-43c0-9d6c-ca4c76ac06da:c3006, c86beb1c-9105-4588-b1e8-133030361c51:c3006]
2019-07-12 12:28:21,642 INFO  client.GrpcClientProtocolClient (GrpcClientProtocolClient.java:onNext(255)) - client-D83FC23EEBD8->4c571e18-69a3-4a6d-81de-e3e48052df18: receive RaftClientReply:client-D83FC23EEBD8->4c571e18-69a3-4a6d-81de-e3e48052df18@group-644576B5741B, cid=2072, SUCCESS, logIndex=3011, commits[4c571e18-69a3-4a6d-81de-e3e48052df18:c3012, 15893972-388e-43c0-9d6c-ca4c76ac06da:c3008, c86beb1c-9105-4588-b1e8-133030361c51:c3008]
2019-07-12 12:28:21,643 INFO  client.GrpcClientProtocolClient (GrpcClientProtocolClient.java:onNext(255)) - client-D83FC23EEBD8->4c571e18-69a3-4a6d-81de-e3e48052df18: receive RaftClientReply:client-D83FC23EEBD8->4c571e18-69a3-4a6d-81de-e3e48052df18@group-644576B5741B, cid=2073, SUCCESS, logIndex=3012, commits[4c571e18-69a3-4a6d-81de-e3e48052df18:c3012, 15893972-388e-43c0-9d6c-ca4c76ac06da:c3008, c86beb1c-9105-4588-b1e8-133030361c51:c3008]
2019-07-12 12:28:21,654 INFO  client.GrpcClientProtocolClient (GrpcClientProtocolClient.java:onNext(255)) - client-D83FC23EEBD8->4c571e18-69a3-4a6d-81de-e3e48052df18: receive RaftClientReply:client-D83FC23EEBD8->4c571e18-69a3-4a6d-81de-e3e48052df18@group-644576B5741B, cid=2074, SUCCESS, logIndex=0, commits[4c571e18-69a3-4a6d-81de-e3e48052df18:c3013, 15893972-388e-43c0-9d6c-ca4c76ac06da:c3012, c86beb1c-9105-4588-b1e8-133030361c51:c3012]
2019-07-12 12:28:21,687 INFO  client.GrpcClientProtocolClient (GrpcClientProtocolClient.java:onNext(255)) - client-D83FC23EEBD8->4c571e18-69a3-4a6d-81de-e3e48052df18: receive RaftClientReply:client-D83FC23EEBD8->4c571e18-69a3-4a6d-81de-e3e48052df18@group-644576B5741B, cid=2075, SUCCESS, logIndex=3015, commits[4c571e18-69a3-4a6d-81de-e3e48052df18:c3016, 15893972-388e-43c0-9d6c-ca4c76ac06da:c3014, c86beb1c-9105-4588-b1e8-133030361c51:c3014]
2019-07-12 12:28:21,688 INFO  client.GrpcClientProtocolClient (GrpcClientProtocolClient.java:onNext(255)) - client-D83FC23EEBD8->4c571e18-69a3-4a6d-81de-e3e48052df18: receive RaftClientReply:client-D83FC23EEBD8->4c571e18-69a3-4a6d-81de-e3e48052df18@group-644576B5741B, cid=2076, SUCCESS, logIndex=3016, commits[4c571e18-69a3-4a6d-81de-e3e48052df18:c3018, 15893972-388e-43c0-9d6c-ca4c76ac06da:c3014, c86beb1c-9105-4588-b1e8-133030361c51:c3014]
2019-07-12 12:28:21,688 INFO  client.GrpcClientProtocolClient (GrpcClientProtocolClient.java:onNext(255)) - client-D83FC23EEBD8->4c571e18-69a3-4a6d-81de-e3e48052df18: receive RaftClientReply:client-D83FC23EEBD8->4c571e18-69a3-4a6d-81de-e3e48052df18@group-644576B5741B, cid=2077, SUCCESS, logIndex=3017, commits[4c571e18-69a3-4a6d-81de-e3e48052df18:c3018, 15893972-388e-43c0-9d6c-ca4c76ac06da:c3014, c86beb1c-9105-4588-b1e8-133030361c51:c3014]
2019-07-12 12:28:21,688 INFO  client.GrpcClientProtocolClient (GrpcClientProtocolClient.java:onNext(255)) - client-D83FC23EEBD8->4c571e18-69a3-4a6d-81de-e3e48052df18: receive RaftClientReply:client-D83FC23EEBD8->4c571e18-69a3-4a6d-81de-e3e48052df18@group-644576B5741B, cid=2078, SUCCESS, logIndex=3018, commits[4c571e18-69a3-4a6d-81de-e3e48052df18:c3018, 15893972-388e-43c0-9d6c-ca4c76ac06da:c3014, c86beb1c-9105-4588-b1e8-133030361c51:c3014]
2019-07-12 12:28:21,700 INFO  client.GrpcClientProtocolClient (GrpcClientProtocolClient.java:onNext(255)) - client-D83FC23EEBD8->4c571e18-69a3-4a6d-81de-e3e48052df18: receive RaftClientReply:client-D83FC23EEBD8->4c571e18-69a3-4a6d-81de-e3e48052df18@group-644576B5741B, cid=2079, SUCCESS, logIndex=0, commits[4c571e18-69a3-4a6d-81de-e3e48052df18:c3020, 15893972-388e-43c0-9d6c-ca4c76ac06da:c3016, c86beb1c-9105-4588-b1e8-133030361c51:c3016]
2019-07-12 12:28:21,719 INFO  client.GrpcClientProtocolClient (GrpcClientProtocolClient.java:onNext(255)) - client-D83FC23EEBD8->4c571e18-69a3-4a6d-81de-e3e48052df18: receive RaftClientReply:client-D83FC23EEBD8->4c571e18-69a3-4a6d-81de-e3e48052df18@group-644576B5741B, cid=2080, SUCCESS, logIndex=3023, commits[4c571e18-69a3-4a6d-81de-e3e48052df18:c3024, 15893972-388e-43c0-9d6c-ca4c76ac06da:c3022, c86beb1c-9105-4588-b1e8-133030361c51:c3022]
2019-07-12 12:28:21,720 INFO  client.GrpcClientProtocolClient (GrpcClientProtocolClient.java:onNext(255)) - client-D83FC23EEBD8->4c571e18-69a3-4a6d-81de-e3e48052df18: receive RaftClientReply:client-D83FC23EEBD8->4c571e18-69a3-4a6d-81de-e3e48052df18@group-644576B5741B, cid=2081, SUCCESS, logIndex=3024, commits[4c571e18-69a3-4a6d-81de-e3e48052df18:c3024, 15893972-388e-43c0-9d6c-ca4c76ac06da:c3022, c86beb1c-9105-4588-b1e8-133030361c51:c3022]
2019-07-12 12:28:21,732 INFO  client.GrpcClientProtocolClient (GrpcClientProtocolClient.java:onNext(255)) - client-D83FC23EEBD8->4c571e18-69a3-4a6d-81de-e3e48052df18: receive RaftClientReply:client-D83FC23EEBD8->4c571e18-69a3-4a6d-81de-e3e48052df18@group-644576B5741B, cid=2082, SUCCESS, logIndex=3027, commits[4c571e18-69a3-4a6d-81de-e3e48052df18:c3028, 15893972-388e-43c0-9d6c-ca4c76ac06da:c3024, c86beb1c-9105-4588-b1e8-133030361c51:c3024]
2019-07-12 12:28:21,733 INFO  client.GrpcClientProtocolClient (GrpcClientProtocolClient.java:onNext(255)) - client-D83FC23EEBD8->4c571e18-69a3-4a6d-81de-e3e48052df18: receive RaftClientReply:client-D83FC23EEBD8->4c571e18-69a3-4a6d-81de-e3e48052df18@group-644576B5741B, cid=2083, SUCCESS, logIndex=3028, commits[4c571e18-69a3-4a6d-81de-e3e48052df18:c3028, 15893972-388e-43c0-9d6c-ca4c76ac06da:c3024, c86beb1c-9105-4588-b1e8-133030361c51:c3024]
2019-07-12 12:28:21,745 INFO  client.GrpcClientProtocolClient (GrpcClientProtocolClient.java:onNext(255)) - client-D83FC23EEBD8->4c571e18-69a3-4a6d-81de-e3e48052df18: receive RaftClientReply:client-D83FC23EEBD8->4c571e18-69a3-4a6d-81de-e3e48052df18@group-644576B5741B, cid=2084, SUCCESS, logIndex=0, commits[4c571e18-69a3-4a6d-81de-e3e48052df18:c3030, 15893972-388e-43c0-9d6c-ca4c76ac06da:c3028, c86beb1c-9105-4588-b1e8-133030361c51:c3028]
2019-07-12 12:28:21,772 INFO  client.GrpcClientProtocolClient (GrpcClientProtocolClient.java:onNext(255)) - client-D83FC23EEBD8->4c571e18-69a3-4a6d-81de-e3e48052df18: receive RaftClientReply:client-D83FC23EEBD8->4c571e18-69a3-4a6d-81de-e3e48052df18@group-644576B5741B, cid=2085, SUCCESS, logIndex=3031, commits[4c571e18-69a3-4a6d-81de-e3e48052df18:c3032, 15893972-388e-43c0-9d6c-ca4c76ac06da:c3030, c86beb1c-9105-4588-b1e8-133030361c51:c3030]
2019-07-12 12:28:21,772 INFO  client.GrpcClientProtocolClient (GrpcClientProtocolClient.java:onNext(255)) - client-D83FC23EEBD8->4c571e18-69a3-4a6d-81de-e3e48052df18: receive RaftClientReply:client-D83FC23EEBD8->4c571e18-69a3-4a6d-81de-e3e48052df18@group-644576B5741B, cid=2086, SUCCESS, logIndex=3032, commits[4c571e18-69a3-4a6d-81de-e3e48052df18:c3033, 15893972-388e-43c0-9d6c-ca4c76ac06da:c3030, c86beb1c-9105-4588-b1e8-133030361c51:c3030]
2019-07-12 12:28:21,773 INFO  client.GrpcClientProtocolClient (GrpcClientProtocolClient.java:onNext(255)) - client-D83FC23EEBD8->4c571e18-69a3-4a6d-81de-e3e48052df18: receive RaftClientReply:client-D83FC23EEBD8->4c571e18-69a3-4a6d-81de-e3e48052df18@group-644576B5741B, cid=2087, SUCCESS, logIndex=3033, commits[4c571e18-69a3-4a6d-81de-e3e48052df18:c3034, 15893972-388e-43c0-9d6c-ca4c76ac06da:c3030, c86beb1c-9105-4588-b1e8-133030361c51:c3030]
2019-07-12 12:28:21,773 INFO  client.GrpcClientProtocolClient (GrpcClientProtocolClient.java:onNext(255)) - client-D83FC23EEBD8->4c571e18-69a3-4a6d-81de-e3e48052df18: receive RaftClientReply:client-D83FC23EEBD8->4c571e18-69a3-4a6d-81de-e3e48052df18@group-644576B5741B, cid=2088, SUCCESS, logIndex=3034, commits[4c571e18-69a3-4a6d-81de-e3e48052df18:c3034, 15893972-388e-43c0-9d6c-ca4c76ac06da:c3030, c86beb1c-9105-4588-b1e8-133030361c51:c3030]
2019-07-12 12:28:21,774 INFO  client.GrpcClientProtocolClient (GrpcClientProtocolClient.java:onNext(255)) - client-D83FC23EEBD8->4c571e18-69a3-4a6d-81de-e3e48052df18: receive RaftClientReply:client-D83FC23EEBD8->4c571e18-69a3-4a6d-81de-e3e48052df18@group-644576B5741B, cid=2089, SUCCESS, logIndex=0, commits[4c571e18-69a3-4a6d-81de-e3e48052df18:c3036, 15893972-388e-43c0-9d6c-ca4c76ac06da:c3032, c86beb1c-9105-4588-b1e8-133030361c51:c3032]
2019-07-12 12:28:21,794 INFO  client.GrpcClientProtocolClient (GrpcClientProtocolClient.java:onNext(255)) - client-D83FC23EEBD8->4c571e18-69a3-4a6d-81de-e3e48052df18: receive RaftClientReply:client-D83FC23EEBD8->4c571e18-69a3-4a6d-81de-e3e48052df18@group-644576B5741B, cid=2090, SUCCESS, logIndex=3039, commits[4c571e18-69a3-4a6d-81de-e3e48052df18:c3040, 15893972-388e-43c0-9d6c-ca4c76ac06da:c3038, c86beb1c-9105-4588-b1e8-133030361c51:c3038]
2019-07-12 12:28:21,794 INFO  client.GrpcClientProtocolClient (GrpcClientProtocolClient.java:onNext(255)) - client-D83FC23EEBD8->4c571e18-69a3-4a6d-81de-e3e48052df18: receive RaftClientReply:client-D83FC23EEBD8->4c571e18-69a3-4a6d-81de-e3e48052df18@group-644576B5741B, cid=2091, SUCCESS, logIndex=3040, commits[4c571e18-69a3-4a6d-81de-e3e48052df18:c3040, 15893972-388e-43c0-9d6c-ca4c76ac06da:c3038, c86beb1c-9105-4588-b1e8-133030361c51:c3038]
2019-07-12 12:28:21,807 INFO  client.GrpcClientProtocolClient (GrpcClientProtocolClient.java:onNext(255)) - client-D83FC23EEBD8->4c571e18-69a3-4a6d-81de-e3e48052df18: receive RaftClientReply:client-D83FC23EEBD8->4c571e18-69a3-4a6d-81de-e3e48052df18@group-644576B5741B, cid=2092, SUCCESS, logIndex=3043, commits[4c571e18-69a3-4a6d-81de-e3e48052df18:c3044, 15893972-388e-43c0-9d6c-ca4c76ac06da:c3040, c86beb1c-9105-4588-b1e8-133030361c51:c3040]
2019-07-12 12:28:21,807 INFO  client.GrpcClientProtocolClient (GrpcClientProtocolClient.java:onNext(255)) - client-D83FC23EEBD8->4c571e18-69a3-4a6d-81de-e3e48052df18: receive RaftClientReply:client-D83FC23EEBD8->4c571e18-69a3-4a6d-81de-e3e48052df18@group-644576B5741B, cid=2093, SUCCESS, logIndex=3044, commits[4c571e18-69a3-4a6d-81de-e3e48052df18:c3044, 15893972-388e-43c0-9d6c-ca4c76ac06da:c3040, c86beb1c-9105-4588-b1e8-133030361c51:c3040]
2019-07-12 12:28:21,820 INFO  client.GrpcClientProtocolClient (GrpcClientProtocolClient.java:onNext(255)) - client-D83FC23EEBD8->4c571e18-69a3-4a6d-81de-e3e48052df18: receive RaftClientReply:client-D83FC23EEBD8->4c571e18-69a3-4a6d-81de-e3e48052df18@group-644576B5741B, cid=2094, SUCCESS, logIndex=0, commits[4c571e18-69a3-4a6d-81de-e3e48052df18:c3046, 15893972-388e-43c0-9d6c-ca4c76ac06da:c3044, c86beb1c-9105-4588-b1e8-133030361c51:c3044]
2019-07-12 12:28:21,849 INFO  client.GrpcClientProtocolClient (GrpcClientProtocolClient.java:onNext(255)) - client-D83FC23EEBD8->4c571e18-69a3-4a6d-81de-e3e48052df18: receive RaftClientReply:client-D83FC23EEBD8->4c571e18-69a3-4a6d-81de-e3e48052df18@group-644576B5741B, cid=2095, SUCCESS, logIndex=3047, commits[4c571e18-69a3-4a6d-81de-e3e48052df18:c3048, 15893972-388e-43c0-9d6c-ca4c76ac06da:c3046, c86beb1c-9105-4588-b1e8-133030361c51:c3046]
2019-07-12 12:28:21,849 INFO  client.GrpcClientProtocolClient (GrpcClientProtocolClient.java:onNext(255)) - client-D83FC23EEBD8->4c571e18-69a3-4a6d-81de-e3e48052df18: receive RaftClientReply:client-D83FC23EEBD8->4c571e18-69a3-4a6d-81de-e3e48052df18@group-644576B5741B, cid=2096, SUCCESS, logIndex=3048, commits[4c571e18-69a3-4a6d-81de-e3e48052df18:c3048, 15893972-388e-43c0-9d6c-ca4c76ac06da:c3046, c86beb1c-9105-4588-b1e8-133030361c51:c3046]
2019-07-12 12:28:21,851 INFO  client.GrpcClientProtocolClient (GrpcClientProtocolClient.java:onNext(255)) - client-D83FC23EEBD8->4c571e18-69a3-4a6d-81de-e3e48052df18: receive RaftClientReply:client-D83FC23EEBD8->4c571e18-69a3-4a6d-81de-e3e48052df18@group-644576B5741B, cid=2097, SUCCESS, logIndex=3049, commits[4c571e18-69a3-4a6d-81de-e3e48052df18:c3050, 15893972-388e-43c0-9d6c-ca4c76ac06da:c3046, c86beb1c-9105-4588-b1e8-133030361c51:c3046]
2019-07-12 12:28:21,851 INFO  client.GrpcClientProtocolClient (GrpcClientProtocolClient.java:onNext(255)) - client-D83FC23EEBD8->4c571e18-69a3-4a6d-81de-e3e48052df18: receive RaftClientReply:client-D83FC23EEBD8->4c571e18-69a3-4a6d-81de-e3e48052df18@group-644576B5741B, cid=2098, SUCCESS, logIndex=3050, commits[4c571e18-69a3-4a6d-81de-e3e48052df18:c3050, 15893972-388e-43c0-9d6c-ca4c76ac06da:c3046, c86beb1c-9105-4588-b1e8-133030361c51:c3046]
2019-07-12 12:28:21,852 INFO  client.GrpcClientProtocolClient (GrpcClientProtocolClient.java:onNext(255)) - client-D83FC23EEBD8->4c571e18-69a3-4a6d-81de-e3e48052df18: receive RaftClientReply:client-D83FC23EEBD8->4c571e18-69a3-4a6d-81de-e3e48052df18@group-644576B5741B, cid=2099, SUCCESS, logIndex=0, commits[4c571e18-69a3-4a6d-81de-e3e48052df18:c3052, 15893972-388e-43c0-9d6c-ca4c76ac06da:c3048, c86beb1c-9105-4588-b1e8-133030361c51:c3048]
2019-07-12 12:28:21,865 INFO  client.GrpcClientProtocolClient (GrpcClientProtocolClient.java:onNext(255)) - client-D83FC23EEBD8->4c571e18-69a3-4a6d-81de-e3e48052df18: receive RaftClientReply:client-D83FC23EEBD8->4c571e18-69a3-4a6d-81de-e3e48052df18@group-644576B5741B, cid=2100, SUCCESS, logIndex=3055, commits[4c571e18-69a3-4a6d-81de-e3e48052df18:c3056, 15893972-388e-43c0-9d6c-ca4c76ac06da:c3054, c86beb1c-9105-4588-b1e8-133030361c51:c3054]
2019-07-12 12:28:21,865 INFO  client.GrpcClientProtocolClient (GrpcClientProtocolClient.java:onNext(255)) - client-D83FC23EEBD8->4c571e18-69a3-4a6d-81de-e3e48052df18: receive RaftClientReply:client-D83FC23EEBD8->4c571e18-69a3-4a6d-81de-e3e48052df18@group-644576B5741B, cid=2101, SUCCESS, logIndex=3056, commits[4c571e18-69a3-4a6d-81de-e3e48052df18:c3056, 15893972-388e-43c0-9d6c-ca4c76ac06da:c3054, c86beb1c-9105-4588-b1e8-133030361c51:c3054]
2019-07-12 12:28:21,878 INFO  client.GrpcClientProtocolClient (GrpcClientProtocolClient.java:onNext(255)) - client-D83FC23EEBD8->4c571e18-69a3-4a6d-81de-e3e48052df18: receive RaftClientReply:client-D83FC23EEBD8->4c571e18-69a3-4a6d-81de-e3e48052df18@group-644576B5741B, cid=2102, SUCCESS, logIndex=3058, commits[4c571e18-69a3-4a6d-81de-e3e48052df18:c3059, 15893972-388e-43c0-9d6c-ca4c76ac06da:c3056, c86beb1c-9105-4588-b1e8-133030361c51:c3056]
2019-07-12 12:28:21,878 INFO  client.GrpcClientProtocolClient (GrpcClientProtocolClient.java:onNext(255)) - client-D83FC23EEBD8->4c571e18-69a3-4a6d-81de-e3e48052df18: receive RaftClientReply:client-D83FC23EEBD8->4c571e18-69a3-4a6d-81de-e3e48052df18@group-644576B5741B, cid=2103, SUCCESS, logIndex=3059, commits[4c571e18-69a3-4a6d-81de-e3e48052df18:c3059, 15893972-388e-43c0-9d6c-ca4c76ac06da:c3056, c86beb1c-9105-4588-b1e8-133030361c51:c3056]
2019-07-12 12:28:21,881 INFO  client.GrpcClientProtocolClient (GrpcClientProtocolClient.java:onNext(255)) - client-D83FC23EEBD8->4c571e18-69a3-4a6d-81de-e3e48052df18: receive RaftClientReply:client-D83FC23EEBD8->4c571e18-69a3-4a6d-81de-e3e48052df18@group-644576B5741B, cid=2104, SUCCESS, logIndex=0, commits[4c571e18-69a3-4a6d-81de-e3e48052df18:c3061, 15893972-388e-43c0-9d6c-ca4c76ac06da:c3059, c86beb1c-9105-4588-b1e8-133030361c51:c3059]
2019-07-12 12:28:21,907 INFO  client.GrpcClientProtocolClient (GrpcClientProtocolClient.java:onNext(255)) - client-D83FC23EEBD8->4c571e18-69a3-4a6d-81de-e3e48052df18: receive RaftClientReply:client-D83FC23EEBD8->4c571e18-69a3-4a6d-81de-e3e48052df18@group-644576B5741B, cid=2105, SUCCESS, logIndex=3062, commits[4c571e18-69a3-4a6d-81de-e3e48052df18:c3063, 15893972-388e-43c0-9d6c-ca4c76ac06da:c3061, c86beb1c-9105-4588-b1e8-133030361c51:c3061]
2019-07-12 12:28:21,908 INFO  client.GrpcClientProtocolClient (GrpcClientProtocolClient.java:onNext(255)) - client-D83FC23EEBD8->4c571e18-69a3-4a6d-81de-e3e48052df18: receive RaftClientReply:client-D83FC23EEBD8->4c571e18-69a3-4a6d-81de-e3e48052df18@group-644576B5741B, cid=2106, SUCCESS, logIndex=3063, commits[4c571e18-69a3-4a6d-81de-e3e48052df18:c3065, 15893972-388e-43c0-9d6c-ca4c76ac06da:c3061, c86beb1c-9105-4588-b1e8-133030361c51:c3061]
2019-07-12 12:28:21,908 INFO  client.GrpcClientProtocolClient (GrpcClientProtocolClient.java:onNext(255)) - client-D83FC23EEBD8->4c571e18-69a3-4a6d-81de-e3e48052df18: receive RaftClientReply:client-D83FC23EEBD8->4c571e18-69a3-4a6d-81de-e3e48052df18@group-644576B5741B, cid=2107, SUCCESS, logIndex=3064, commits[4c571e18-69a3-4a6d-81de-e3e48052df18:c3065, 15893972-388e-43c0-9d6c-ca4c76ac06da:c3061, c86beb1c-9105-4588-b1e8-133030361c51:c3061]
2019-07-12 12:28:21,908 INFO  client.GrpcClientProtocolClient (GrpcClientProtocolClient.java:onNext(255)) - client-D83FC23EEBD8->4c571e18-69a3-4a6d-81de-e3e48052df18: receive RaftClientReply:client-D83FC23EEBD8->4c571e18-69a3-4a6d-81de-e3e48052df18@group-644576B5741B, cid=2108, SUCCESS, logIndex=3065, commits[4c571e18-69a3-4a6d-81de-e3e48052df18:c3065, 15893972-388e-43c0-9d6c-ca4c76ac06da:c3061, c86beb1c-9105-4588-b1e8-133030361c51:c3061]
2019-07-12 12:28:21,984 INFO  client.GrpcClientProtocolClient (GrpcClientProtocolClient.java:onNext(255)) - client-D83FC23EEBD8->4c571e18-69a3-4a6d-81de-e3e48052df18: receive RaftClientReply:client-D83FC23EEBD8->4c571e18-69a3-4a6d-81de-e3e48052df18@group-644576B5741B, cid=2109, SUCCESS, logIndex=0, commits[4c571e18-69a3-4a6d-81de-e3e48052df18:c3069, 15893972-388e-43c0-9d6c-ca4c76ac06da:c3065, c86beb1c-9105-4588-b1e8-133030361c51:c3063]
2019-07-12 12:28:22,008 INFO  client.GrpcClientProtocolClient (GrpcClientProtocolClient.java:onNext(255)) - client-D83FC23EEBD8->4c571e18-69a3-4a6d-81de-e3e48052df18: receive RaftClientReply:client-D83FC23EEBD8->4c571e18-69a3-4a6d-81de-e3e48052df18@group-644576B5741B, cid=2110, SUCCESS, logIndex=3070, commits[4c571e18-69a3-4a6d-81de-e3e48052df18:c3071, 15893972-388e-43c0-9d6c-ca4c76ac06da:c3069, c86beb1c-9105-4588-b1e8-133030361c51:c3069]
2019-07-12 12:28:22,009 INFO  client.GrpcClientProtocolClient (GrpcClientProtocolClient.java:onNext(255)) - client-D83FC23EEBD8->4c571e18-69a3-4a6d-81de-e3e48052df18: receive RaftClientReply:client-D83FC23EEBD8->4c571e18-69a3-4a6d-81de-e3e48052df18@group-644576B5741B, cid=2111, SUCCESS, logIndex=3071, commits[4c571e18-69a3-4a6d-81de-e3e48052df18:c3071, 15893972-388e-43c0-9d6c-ca4c76ac06da:c3069, c86beb1c-9105-4588-b1e8-133030361c51:c3069]
2019-07-12 12:28:22,022 INFO  client.GrpcClientProtocolClient (GrpcClientProtocolClient.java:onNext(255)) - client-D83FC23EEBD8->4c571e18-69a3-4a6d-81de-e3e48052df18: receive RaftClientReply:client-D83FC23EEBD8->4c571e18-69a3-4a6d-81de-e3e48052df18@group-644576B5741B, cid=2112, SUCCESS, logIndex=3074, commits[4c571e18-69a3-4a6d-81de-e3e48052df18:c3075, 15893972-388e-43c0-9d6c-ca4c76ac06da:c3071, c86beb1c-9105-4588-b1e8-133030361c51:c3071]
2019-07-12 12:28:22,022 INFO  client.GrpcClientProtocolClient (GrpcClientProtocolClient.java:onNext(255)) - client-D83FC23EEBD8->4c571e18-69a3-4a6d-81de-e3e48052df18: receive RaftClientReply:client-D83FC23EEBD8->4c571e18-69a3-4a6d-81de-e3e48052df18@group-644576B5741B, cid=2113, SUCCESS, logIndex=3075, commits[4c571e18-69a3-4a6d-81de-e3e48052df18:c3075, 15893972-388e-43c0-9d6c-ca4c76ac06da:c3071, c86beb1c-9105-4588-b1e8-133030361c51:c3071]
2019-07-12 12:28:22,034 INFO  client.GrpcClientProtocolClient (GrpcClientProtocolClient.java:onNext(255)) - client-D83FC23EEBD8->4c571e18-69a3-4a6d-81de-e3e48052df18: receive RaftClientReply:client-D83FC23EEBD8->4c571e18-69a3-4a6d-81de-e3e48052df18@group-644576B5741B, cid=2114, SUCCESS, logIndex=0, commits[4c571e18-69a3-4a6d-81de-e3e48052df18:c3076, 15893972-388e-43c0-9d6c-ca4c76ac06da:c3075, c86beb1c-9105-4588-b1e8-133030361c51:c3075]
2019-07-12 12:28:22,067 INFO  client.GrpcClientProtocolClient (GrpcClientProtocolClient.java:onNext(255)) - client-D83FC23EEBD8->4c571e18-69a3-4a6d-81de-e3e48052df18: receive RaftClientReply:client-D83FC23EEBD8->4c571e18-69a3-4a6d-81de-e3e48052df18@group-644576B5741B, cid=2115, SUCCESS, logIndex=3078, commits[4c571e18-69a3-4a6d-81de-e3e48052df18:c3079, 15893972-388e-43c0-9d6c-ca4c76ac06da:c3077, c86beb1c-9105-4588-b1e8-133030361c51:c3077]
2019-07-12 12:28:22,068 INFO  client.GrpcClientProtocolClient (GrpcClientProtocolClient.java:onNext(255)) - client-D83FC23EEBD8->4c571e18-69a3-4a6d-81de-e3e48052df18: receive RaftClientReply:client-D83FC23EEBD8->4c571e18-69a3-4a6d-81de-e3e48052df18@group-644576B5741B, cid=2116, SUCCESS, logIndex=3079, commits[4c571e18-69a3-4a6d-81de-e3e48052df18:c3081, 15893972-388e-43c0-9d6c-ca4c76ac06da:c3077, c86beb1c-9105-4588-b1e8-133030361c51:c3077]
2019-07-12 12:28:22,068 INFO  client.GrpcClientProtocolClient (GrpcClientProtocolClient.java:onNext(255)) - client-D83FC23EEBD8->4c571e18-69a3-4a6d-81de-e3e48052df18: receive RaftClientReply:client-D83FC23EEBD8->4c571e18-69a3-4a6d-81de-e3e48052df18@group-644576B5741B, cid=2117, SUCCESS, logIndex=3080, commits[4c571e18-69a3-4a6d-81de-e3e48052df18:c3081, 15893972-388e-43c0-9d6c-ca4c76ac06da:c3077, c86beb1c-9105-4588-b1e8-133030361c51:c3077]
2019-07-12 12:28:22,068 INFO  client.GrpcClientProtocolClient (GrpcClientProtocolClient.java:onNext(255)) - client-D83FC23EEBD8->4c571e18-69a3-4a6d-81de-e3e48052df18: receive RaftClientReply:client-D83FC23EEBD8->4c571e18-69a3-4a6d-81de-e3e48052df18@group-644576B5741B, cid=2118, SUCCESS, logIndex=3081, commits[4c571e18-69a3-4a6d-81de-e3e48052df18:c3081, 15893972-388e-43c0-9d6c-ca4c76ac06da:c3077, c86beb1c-9105-4588-b1e8-133030361c51:c3077]
2019-07-12 12:28:22,080 INFO  client.GrpcClientProtocolClient (GrpcClientProtocolClient.java:onNext(255)) - client-D83FC23EEBD8->4c571e18-69a3-4a6d-81de-e3e48052df18: receive RaftClientReply:client-D83FC23EEBD8->4c571e18-69a3-4a6d-81de-e3e48052df18@group-644576B5741B, cid=2119, SUCCESS, logIndex=0, commits[4c571e18-69a3-4a6d-81de-e3e48052df18:c3083, 15893972-388e-43c0-9d6c-ca4c76ac06da:c3080, c86beb1c-9105-4588-b1e8-133030361c51:c3080]
2019-07-12 12:28:22,100 INFO  client.GrpcClientProtocolClient (GrpcClientProtocolClient.java:onNext(255)) - client-D83FC23EEBD8->4c571e18-69a3-4a6d-81de-e3e48052df18: receive RaftClientReply:client-D83FC23EEBD8->4c571e18-69a3-4a6d-81de-e3e48052df18@group-644576B5741B, cid=2120, SUCCESS, logIndex=3086, commits[4c571e18-69a3-4a6d-81de-e3e48052df18:c3087, 15893972-388e-43c0-9d6c-ca4c76ac06da:c3085, c86beb1c-9105-4588-b1e8-133030361c51:c3085]
2019-07-12 12:28:22,101 INFO  client.GrpcClientProtocolClient (GrpcClientProtocolClient.java:onNext(255)) - client-D83FC23EEBD8->4c571e18-69a3-4a6d-81de-e3e48052df18: receive RaftClientReply:client-D83FC23EEBD8->4c571e18-69a3-4a6d-81de-e3e48052df18@group-644576B5741B, cid=2121, SUCCESS, logIndex=3087, commits[4c571e18-69a3-4a6d-81de-e3e48052df18:c3087, 15893972-388e-43c0-9d6c-ca4c76ac06da:c3085, c86beb1c-9105-4588-b1e8-133030361c51:c3085]
2019-07-12 12:28:22,114 INFO  client.GrpcClientProtocolClient (GrpcClientProtocolClient.java:onNext(255)) - client-D83FC23EEBD8->4c571e18-69a3-4a6d-81de-e3e48052df18: receive RaftClientReply:client-D83FC23EEBD8->4c571e18-69a3-4a6d-81de-e3e48052df18@group-644576B5741B, cid=2122, SUCCESS, logIndex=3090, commits[4c571e18-69a3-4a6d-81de-e3e48052df18:c3091, 15893972-388e-43c0-9d6c-ca4c76ac06da:c3087, c86beb1c-9105-4588-b1e8-133030361c51:c3087]
2019-07-12 12:28:22,114 INFO  client.GrpcClientProtocolClient (GrpcClientProtocolClient.java:onNext(255)) - client-D83FC23EEBD8->4c571e18-69a3-4a6d-81de-e3e48052df18: receive RaftClientReply:client-D83FC23EEBD8->4c571e18-69a3-4a6d-81de-e3e48052df18@group-644576B5741B, cid=2123, SUCCESS, logIndex=3091, commits[4c571e18-69a3-4a6d-81de-e3e48052df18:c3091, 15893972-388e-43c0-9d6c-ca4c76ac06da:c3087, c86beb1c-9105-4588-b1e8-133030361c51:c3087]
2019-07-12 12:28:22,138 INFO  client.GrpcClientProtocolClient (GrpcClientProtocolClient.java:onNext(255)) - client-D83FC23EEBD8->4c571e18-69a3-4a6d-81de-e3e48052df18: receive RaftClientReply:client-D83FC23EEBD8->4c571e18-69a3-4a6d-81de-e3e48052df18@group-644576B5741B, cid=2124, SUCCESS, logIndex=0, commits[4c571e18-69a3-4a6d-81de-e3e48052df18:c3092, 15893972-388e-43c0-9d6c-ca4c76ac06da:c3091, c86beb1c-9105-4588-b1e8-133030361c51:c3091]
2019-07-12 12:28:22,164 INFO  client.GrpcClientProtocolClient (GrpcClientProtocolClient.java:onNext(255)) - client-D83FC23EEBD8->4c571e18-69a3-4a6d-81de-e3e48052df18: receive RaftClientReply:client-D83FC23EEBD8->4c571e18-69a3-4a6d-81de-e3e48052df18@group-644576B5741B, cid=2125, SUCCESS, logIndex=3094, commits[4c571e18-69a3-4a6d-81de-e3e48052df18:c3096, 15893972-388e-43c0-9d6c-ca4c76ac06da:c3093, c86beb1c-9105-4588-b1e8-133030361c51:c3093]
2019-07-12 12:28:22,166 INFO  client.GrpcClientProtocolClient (GrpcClientProtocolClient.java:onNext(255)) - client-D83FC23EEBD8->4c571e18-69a3-4a6d-81de-e3e48052df18: receive RaftClientReply:client-D83FC23EEBD8->4c571e18-69a3-4a6d-81de-e3e48052df18@group-644576B5741B, cid=2126, SUCCESS, logIndex=3095, commits[4c571e18-69a3-4a6d-81de-e3e48052df18:c3097, 15893972-388e-43c0-9d6c-ca4c76ac06da:c3094, c86beb1c-9105-4588-b1e8-133030361c51:c3094]
2019-07-12 12:28:22,167 INFO  client.GrpcClientProtocolClient (GrpcClientProtocolClient.java:onNext(255)) - client-D83FC23EEBD8->4c571e18-69a3-4a6d-81de-e3e48052df18: receive RaftClientReply:client-D83FC23EEBD8->4c571e18-69a3-4a6d-81de-e3e48052df18@group-644576B5741B, cid=2127, SUCCESS, logIndex=3096, commits[4c571e18-69a3-4a6d-81de-e3e48052df18:c3099, 15893972-388e-43c0-9d6c-ca4c76ac06da:c3095, c86beb1c-9105-4588-b1e8-133030361c51:c3094]
2019-07-12 12:28:22,167 INFO  client.GrpcClientProtocolClient (GrpcClientProtocolClient.java:onNext(255)) - client-D83FC23EEBD8->4c571e18-69a3-4a6d-81de-e3e48052df18: receive RaftClientReply:client-D83FC23EEBD8->4c571e18-69a3-4a6d-81de-e3e48052df18@group-644576B5741B, cid=2128, SUCCESS, logIndex=3097, commits[4c571e18-69a3-4a6d-81de-e3e48052df18:c3100, 15893972-388e-43c0-9d6c-ca4c76ac06da:c3095, c86beb1c-9105-4588-b1e8-133030361c51:c3096]
2019-07-12 12:28:22,191 INFO  client.GrpcClientProtocolClient (GrpcClientProtocolClient.java:onNext(255)) - client-D83FC23EEBD8->4c571e18-69a3-4a6d-81de-e3e48052df18: receive RaftClientReply:client-D83FC23EEBD8->4c571e18-69a3-4a6d-81de-e3e48052df18@group-644576B5741B, cid=2129, SUCCESS, logIndex=3102, commits[4c571e18-69a3-4a6d-81de-e3e48052df18:c3103, 15893972-388e-43c0-9d6c-ca4c76ac06da:c3101, c86beb1c-9105-4588-b1e8-133030361c51:c3101]
2019-07-12 12:28:22,192 INFO  client.GrpcClientProtocolClient (GrpcClientProtocolClient.java:onNext(255)) - client-D83FC23EEBD8->4c571e18-69a3-4a6d-81de-e3e48052df18: receive RaftClientReply:client-D83FC23EEBD8->4c571e18-69a3-4a6d-81de-e3e48052df18@group-644576B5741B, cid=2130, SUCCESS, logIndex=3103, commits[4c571e18-69a3-4a6d-81de-e3e48052df18:c3103, 15893972-388e-43c0-9d6c-ca4c76ac06da:c3101, c86beb1c-9105-4588-b1e8-133030361c51:c3101]
2019-07-12 12:28:22,205 INFO  client.GrpcClientProtocolClient (GrpcClientProtocolClient.java:onNext(255)) - client-D83FC23EEBD8->4c571e18-69a3-4a6d-81de-e3e48052df18: receive RaftClientReply:client-D83FC23EEBD8->4c571e18-69a3-4a6d-81de-e3e48052df18@group-644576B5741B, cid=2131, SUCCESS, logIndex=3106, commits[4c571e18-69a3-4a6d-81de-e3e48052df18:c3107, 15893972-388e-43c0-9d6c-ca4c76ac06da:c3103, c86beb1c-9105-4588-b1e8-133030361c51:c3103]
2019-07-12 12:28:22,205 INFO  client.GrpcClientProtocolClient (GrpcClientProtocolClient.java:onNext(255)) - client-D83FC23EEBD8->4c571e18-69a3-4a6d-81de-e3e48052df18: receive RaftClientReply:client-D83FC23EEBD8->4c571e18-69a3-4a6d-81de-e3e48052df18@group-644576B5741B, cid=2132, SUCCESS, logIndex=3107, commits[4c571e18-69a3-4a6d-81de-e3e48052df18:c3107, 15893972-388e-43c0-9d6c-ca4c76ac06da:c3103, c86beb1c-9105-4588-b1e8-133030361c51:c3103]
2019-07-12 12:28:22,216 INFO  client.GrpcClientProtocolClient (GrpcClientProtocolClient.java:onNext(255)) - client-D83FC23EEBD8->4c571e18-69a3-4a6d-81de-e3e48052df18: receive RaftClientReply:client-D83FC23EEBD8->4c571e18-69a3-4a6d-81de-e3e48052df18@group-644576B5741B, cid=2133, SUCCESS, logIndex=0, commits[4c571e18-69a3-4a6d-81de-e3e48052df18:c3108, 15893972-388e-43c0-9d6c-ca4c76ac06da:c3107, c86beb1c-9105-4588-b1e8-133030361c51:c3107]
2019-07-12 12:28:22,356 INFO  client.GrpcClientProtocolClient (GrpcClientProtocolClient.java:onNext(255)) - client-D83FC23EEBD8->4c571e18-69a3-4a6d-81de-e3e48052df18: receive RaftClientReply:client-D83FC23EEBD8->4c571e18-69a3-4a6d-81de-e3e48052df18@group-644576B5741B, cid=2134, SUCCESS, logIndex=3110, commits[4c571e18-69a3-4a6d-81de-e3e48052df18:c3112, 15893972-388e-43c0-9d6c-ca4c76ac06da:c3109, c86beb1c-9105-4588-b1e8-133030361c51:c3109]
2019-07-12 12:28:22,357 INFO  client.GrpcClientProtocolClient (GrpcClientProtocolClient.java:onNext(255)) - client-D83FC23EEBD8->4c571e18-69a3-4a6d-81de-e3e48052df18: receive RaftClientReply:client-D83FC23EEBD8->4c571e18-69a3-4a6d-81de-e3e48052df18@group-644576B5741B, cid=2135, SUCCESS, logIndex=3111, commits[4c571e18-69a3-4a6d-81de-e3e48052df18:c3113, 15893972-388e-43c0-9d6c-ca4c76ac06da:c3109, c86beb1c-9105-4588-b1e8-133030361c51:c3109]
2019-07-12 12:28:22,357 INFO  client.GrpcClientProtocolClient (GrpcClientProtocolClient.java:onNext(255)) - client-D83FC23EEBD8->4c571e18-69a3-4a6d-81de-e3e48052df18: receive RaftClientReply:client-D83FC23EEBD8->4c571e18-69a3-4a6d-81de-e3e48052df18@group-644576B5741B, cid=2136, SUCCESS, logIndex=3112, commits[4c571e18-69a3-4a6d-81de-e3e48052df18:c3113, 15893972-388e-43c0-9d6c-ca4c76ac06da:c3109, c86beb1c-9105-4588-b1e8-133030361c51:c3109]
2019-07-12 12:28:22,358 INFO  client.GrpcClientProtocolClient (GrpcClientProtocolClient.java:onNext(255)) - client-D83FC23EEBD8->4c571e18-69a3-4a6d-81de-e3e48052df18: receive RaftClientReply:client-D83FC23EEBD8->4c571e18-69a3-4a6d-81de-e3e48052df18@group-644576B5741B, cid=2137, SUCCESS, logIndex=3113, commits[4c571e18-69a3-4a6d-81de-e3e48052df18:c3113, 15893972-388e-43c0-9d6c-ca4c76ac06da:c3109, c86beb1c-9105-4588-b1e8-133030361c51:c3109]
2019-07-12 12:28:22,367 INFO  client.GrpcClientProtocolClient (GrpcClientProtocolClient.java:onNext(255)) - client-D83FC23EEBD8->4c571e18-69a3-4a6d-81de-e3e48052df18: receive RaftClientReply:client-D83FC23EEBD8->4c571e18-69a3-4a6d-81de-e3e48052df18@group-644576B5741B, cid=2138, SUCCESS, logIndex=0, commits[4c571e18-69a3-4a6d-81de-e3e48052df18:c3114, 15893972-388e-43c0-9d6c-ca4c76ac06da:c3111, c86beb1c-9105-4588-b1e8-133030361c51:c3111]
2019-07-12 12:28:22,396 INFO  client.GrpcClientProtocolClient (GrpcClientProtocolClient.java:onNext(255)) - client-D83FC23EEBD8->4c571e18-69a3-4a6d-81de-e3e48052df18: receive RaftClientReply:client-D83FC23EEBD8->4c571e18-69a3-4a6d-81de-e3e48052df18@group-644576B5741B, cid=2139, SUCCESS, logIndex=3118, commits[4c571e18-69a3-4a6d-81de-e3e48052df18:c3119, 15893972-388e-43c0-9d6c-ca4c76ac06da:c3117, c86beb1c-9105-4588-b1e8-133030361c51:c3117]
2019-07-12 12:28:22,396 INFO  client.GrpcClientProtocolClient (GrpcClientProtocolClient.java:onNext(255)) - client-D83FC23EEBD8->4c571e18-69a3-4a6d-81de-e3e48052df18: receive RaftClientReply:client-D83FC23EEBD8->4c571e18-69a3-4a6d-81de-e3e48052df18@group-644576B5741B, cid=2140, SUCCESS, logIndex=3119, commits[4c571e18-69a3-4a6d-81de-e3e48052df18:c3119, 15893972-388e-43c0-9d6c-ca4c76ac06da:c3117, c86beb1c-9105-4588-b1e8-133030361c51:c3117]
2019-07-12 12:28:22,418 INFO  client.GrpcClientProtocolClient (GrpcClientProtocolClient.java:onNext(255)) - client-D83FC23EEBD8->4c571e18-69a3-4a6d-81de-e3e48052df18: receive RaftClientReply:client-D83FC23EEBD8->4c571e18-69a3-4a6d-81de-e3e48052df18@group-644576B5741B, cid=2141, SUCCESS, logIndex=3122, commits[4c571e18-69a3-4a6d-81de-e3e48052df18:c3123, 15893972-388e-43c0-9d6c-ca4c76ac06da:c3119, c86beb1c-9105-4588-b1e8-133030361c51:c3119]
2019-07-12 12:28:22,419 INFO  client.GrpcClientProtocolClient (GrpcClientProtocolClient.java:onNext(255)) - client-D83FC23EEBD8->4c571e18-69a3-4a6d-81de-e3e48052df18: receive RaftClientReply:client-D83FC23EEBD8->4c571e18-69a3-4a6d-81de-e3e48052df18@group-644576B5741B, cid=2142, SUCCESS, logIndex=3123, commits[4c571e18-69a3-4a6d-81de-e3e48052df18:c3123, 15893972-388e-43c0-9d6c-ca4c76ac06da:c3119, c86beb1c-9105-4588-b1e8-133030361c51:c3119]
2019-07-12 12:28:22,420 INFO  client.GrpcClientProtocolClient (GrpcClientProtocolClient.java:onNext(255)) - client-D83FC23EEBD8->4c571e18-69a3-4a6d-81de-e3e48052df18: receive RaftClientReply:client-D83FC23EEBD8->4c571e18-69a3-4a6d-81de-e3e48052df18@group-644576B5741B, cid=2143, SUCCESS, logIndex=0, commits[4c571e18-69a3-4a6d-81de-e3e48052df18:c3124, 15893972-388e-43c0-9d6c-ca4c76ac06da:c3123, c86beb1c-9105-4588-b1e8-133030361c51:c3123]
2019-07-12 12:28:22,450 INFO  client.GrpcClientProtocolClient (GrpcClientProtocolClient.java:onNext(255)) - client-D83FC23EEBD8->4c571e18-69a3-4a6d-81de-e3e48052df18: receive RaftClientReply:client-D83FC23EEBD8->4c571e18-69a3-4a6d-81de-e3e48052df18@group-644576B5741B, cid=2144, SUCCESS, logIndex=3126, commits[4c571e18-69a3-4a6d-81de-e3e48052df18:c3129, 15893972-388e-43c0-9d6c-ca4c76ac06da:c3125, c86beb1c-9105-4588-b1e8-133030361c51:c3125]
2019-07-12 12:28:22,451 INFO  client.GrpcClientProtocolClient (GrpcClientProtocolClient.java:onNext(255)) - client-D83FC23EEBD8->4c571e18-69a3-4a6d-81de-e3e48052df18: receive RaftClientReply:client-D83FC23EEBD8->4c571e18-69a3-4a6d-81de-e3e48052df18@group-644576B5741B, cid=2145, SUCCESS, logIndex=3127, commits[4c571e18-69a3-4a6d-81de-e3e48052df18:c3129, 15893972-388e-43c0-9d6c-ca4c76ac06da:c3125, c86beb1c-9105-4588-b1e8-133030361c51:c3125]
2019-07-12 12:28:22,451 INFO  client.GrpcClientProtocolClient (GrpcClientProtocolClient.java:onNext(255)) - client-D83FC23EEBD8->4c571e18-69a3-4a6d-81de-e3e48052df18: receive RaftClientReply:client-D83FC23EEBD8->4c571e18-69a3-4a6d-81de-e3e48052df18@group-644576B5741B, cid=2146, SUCCESS, logIndex=3128, commits[4c571e18-69a3-4a6d-81de-e3e48052df18:c3130, 15893972-388e-43c0-9d6c-ca4c76ac06da:c3126, c86beb1c-9105-4588-b1e8-133030361c51:c3126]
2019-07-12 12:28:22,451 INFO  client.GrpcClientProtocolClient (GrpcClientProtocolClient.java:onNext(255)) - client-D83FC23EEBD8->4c571e18-69a3-4a6d-81de-e3e48052df18: receive RaftClientReply:client-D83FC23EEBD8->4c571e18-69a3-4a6d-81de-e3e48052df18@group-644576B5741B, cid=2147, SUCCESS, logIndex=3129, commits[4c571e18-69a3-4a6d-81de-e3e48052df18:c3130, 15893972-388e-43c0-9d6c-ca4c76ac06da:c3126, c86beb1c-9105-4588-b1e8-133030361c51:c3126]
2019-07-12 12:28:22,453 INFO  client.GrpcClientProtocolClient (GrpcClientProtocolClient.java:onNext(255)) - client-D83FC23EEBD8->4c571e18-69a3-4a6d-81de-e3e48052df18: receive RaftClientReply:client-D83FC23EEBD8->4c571e18-69a3-4a6d-81de-e3e48052df18@group-644576B5741B, cid=2148, SUCCESS, logIndex=0, commits[4c571e18-69a3-4a6d-81de-e3e48052df18:c3133, 15893972-388e-43c0-9d6c-ca4c76ac06da:c3127, c86beb1c-9105-4588-b1e8-133030361c51:c3129]
2019-07-12 12:28:22,473 INFO  client.GrpcClientProtocolClient (GrpcClientProtocolClient.java:onNext(255)) - client-D83FC23EEBD8->4c571e18-69a3-4a6d-81de-e3e48052df18: receive RaftClientReply:client-D83FC23EEBD8->4c571e18-69a3-4a6d-81de-e3e48052df18@group-644576B5741B, cid=2149, SUCCESS, logIndex=3134, commits[4c571e18-69a3-4a6d-81de-e3e48052df18:c3135, 15893972-388e-43c0-9d6c-ca4c76ac06da:c3133, c86beb1c-9105-4588-b1e8-133030361c51:c3133]
2019-07-12 12:28:22,473 INFO  client.GrpcClientProtocolClient (GrpcClientProtocolClient.java:onNext(255)) - client-D83FC23EEBD8->4c571e18-69a3-4a6d-81de-e3e48052df18: receive RaftClientReply:client-D83FC23EEBD8->4c571e18-69a3-4a6d-81de-e3e48052df18@group-644576B5741B, cid=2150, SUCCESS, logIndex=3135, commits[4c571e18-69a3-4a6d-81de-e3e48052df18:c3135, 15893972-388e-43c0-9d6c-ca4c76ac06da:c3133, c86beb1c-9105-4588-b1e8-133030361c51:c3133]
2019-07-12 12:28:22,487 INFO  client.GrpcClientProtocolClient (GrpcClientProtocolClient.java:onNext(255)) - client-D83FC23EEBD8->4c571e18-69a3-4a6d-81de-e3e48052df18: receive RaftClientReply:client-D83FC23EEBD8->4c571e18-69a3-4a6d-81de-e3e48052df18@group-644576B5741B, cid=2151, SUCCESS, logIndex=3138, commits[4c571e18-69a3-4a6d-81de-e3e48052df18:c3139, 15893972-388e-43c0-9d6c-ca4c76ac06da:c3135, c86beb1c-9105-4588-b1e8-133030361c51:c3135]
2019-07-12 12:28:22,487 INFO  client.GrpcClientProtocolClient (GrpcClientProtocolClient.java:onNext(255)) - client-D83FC23EEBD8->4c571e18-69a3-4a6d-81de-e3e48052df18: receive RaftClientReply:client-D83FC23EEBD8->4c571e18-69a3-4a6d-81de-e3e48052df18@group-644576B5741B, cid=2152, SUCCESS, logIndex=3139, commits[4c571e18-69a3-4a6d-81de-e3e48052df18:c3139, 15893972-388e-43c0-9d6c-ca4c76ac06da:c3135, c86beb1c-9105-4588-b1e8-133030361c51:c3135]
2019-07-12 12:28:22,499 INFO  client.GrpcClientProtocolClient (GrpcClientProtocolClient.java:onNext(255)) - client-D83FC23EEBD8->4c571e18-69a3-4a6d-81de-e3e48052df18: receive RaftClientReply:client-D83FC23EEBD8->4c571e18-69a3-4a6d-81de-e3e48052df18@group-644576B5741B, cid=2153, SUCCESS, logIndex=0, commits[4c571e18-69a3-4a6d-81de-e3e48052df18:c3140, 15893972-388e-43c0-9d6c-ca4c76ac06da:c3139, c86beb1c-9105-4588-b1e8-133030361c51:c3139]
2019-07-12 12:28:22,530 INFO  client.GrpcClientProtocolClient (GrpcClientProtocolClient.java:onNext(255)) - client-D83FC23EEBD8->4c571e18-69a3-4a6d-81de-e3e48052df18: receive RaftClientReply:client-D83FC23EEBD8->4c571e18-69a3-4a6d-81de-e3e48052df18@group-644576B5741B, cid=2154, SUCCESS, logIndex=3142, commits[4c571e18-69a3-4a6d-81de-e3e48052df18:c3144, 15893972-388e-43c0-9d6c-ca4c76ac06da:c3141, c86beb1c-9105-4588-b1e8-133030361c51:c3141]
2019-07-12 12:28:22,530 INFO  client.GrpcClientProtocolClient (GrpcClientProtocolClient.java:onNext(255)) - client-D83FC23EEBD8->4c571e18-69a3-4a6d-81de-e3e48052df18: receive RaftClientReply:client-D83FC23EEBD8->4c571e18-69a3-4a6d-81de-e3e48052df18@group-644576B5741B, cid=2155, SUCCESS, logIndex=3143, commits[4c571e18-69a3-4a6d-81de-e3e48052df18:c3145, 15893972-388e-43c0-9d6c-ca4c76ac06da:c3141, c86beb1c-9105-4588-b1e8-133030361c51:c3141]
2019-07-12 12:28:22,531 INFO  client.GrpcClientProtocolClient (GrpcClientProtocolClient.java:onNext(255)) - client-D83FC23EEBD8->4c571e18-69a3-4a6d-81de-e3e48052df18: receive RaftClientReply:client-D83FC23EEBD8->4c571e18-69a3-4a6d-81de-e3e48052df18@group-644576B5741B, cid=2156, SUCCESS, logIndex=3144, commits[4c571e18-69a3-4a6d-81de-e3e48052df18:c3145, 15893972-388e-43c0-9d6c-ca4c76ac06da:c3141, c86beb1c-9105-4588-b1e8-133030361c51:c3141]
2019-07-12 12:28:22,531 INFO  client.GrpcClientProtocolClient (GrpcClientProtocolClient.java:onNext(255)) - client-D83FC23EEBD8->4c571e18-69a3-4a6d-81de-e3e48052df18: receive RaftClientReply:client-D83FC23EEBD8->4c571e18-69a3-4a6d-81de-e3e48052df18@group-644576B5741B, cid=2157, SUCCESS, logIndex=3145, commits[4c571e18-69a3-4a6d-81de-e3e48052df18:c3145, 15893972-388e-43c0-9d6c-ca4c76ac06da:c3141, c86beb1c-9105-4588-b1e8-133030361c51:c3141]
 0.00% |█                                                                                                    |  0/1 Time: 0:00:142019-07-12 12:28:22,541 INFO  client.GrpcClientProtocolClient (GrpcClientProtocolClient.java:onNext(255)) - client-D83FC23EEBD8->4c571e18-69a3-4a6d-81de-e3e48052df18: receive RaftClientReply:client-D83FC23EEBD8->4c571e18-69a3-4a6d-81de-e3e48052df18@group-644576B5741B, cid=2158, SUCCESS, logIndex=0, commits[4c571e18-69a3-4a6d-81de-e3e48052df18:c3146, 15893972-388e-43c0-9d6c-ca4c76ac06da:c3143, c86beb1c-9105-4588-b1e8-133030361c51:c3143]
2019-07-12 12:28:22,560 INFO  client.GrpcClientProtocolClient (GrpcClientProtocolClient.java:onNext(255)) - client-D83FC23EEBD8->4c571e18-69a3-4a6d-81de-e3e48052df18: receive RaftClientReply:client-D83FC23EEBD8->4c571e18-69a3-4a6d-81de-e3e48052df18@group-644576B5741B, cid=2159, SUCCESS, logIndex=3150, commits[4c571e18-69a3-4a6d-81de-e3e48052df18:c3151, 15893972-388e-43c0-9d6c-ca4c76ac06da:c3149, c86beb1c-9105-4588-b1e8-133030361c51:c3149]
2019-07-12 12:28:22,560 INFO  client.GrpcClientProtocolClient (GrpcClientProtocolClient.java:onNext(255)) - client-D83FC23EEBD8->4c571e18-69a3-4a6d-81de-e3e48052df18: receive RaftClientReply:client-D83FC23EEBD8->4c571e18-69a3-4a6d-81de-e3e48052df18@group-644576B5741B, cid=2160, SUCCESS, logIndex=3151, commits[4c571e18-69a3-4a6d-81de-e3e48052df18:c3151, 15893972-388e-43c0-9d6c-ca4c76ac06da:c3149, c86beb1c-9105-4588-b1e8-133030361c51:c3149]
2019-07-12 12:28:22,573 INFO  client.GrpcClientProtocolClient (GrpcClientProtocolClient.java:onNext(255)) - client-D83FC23EEBD8->4c571e18-69a3-4a6d-81de-e3e48052df18: receive RaftClientReply:client-D83FC23EEBD8->4c571e18-69a3-4a6d-81de-e3e48052df18@group-644576B5741B, cid=2161, SUCCESS, logIndex=3154, commits[4c571e18-69a3-4a6d-81de-e3e48052df18:c3155, 15893972-388e-43c0-9d6c-ca4c76ac06da:c3151, c86beb1c-9105-4588-b1e8-133030361c51:c3151]
2019-07-12 12:28:22,573 INFO  client.GrpcClientProtocolClient (GrpcClientProtocolClient.java:onNext(255)) - client-D83FC23EEBD8->4c571e18-69a3-4a6d-81de-e3e48052df18: receive RaftClientReply:client-D83FC23EEBD8->4c571e18-69a3-4a6d-81de-e3e48052df18@group-644576B5741B, cid=2162, SUCCESS, logIndex=3155, commits[4c571e18-69a3-4a6d-81de-e3e48052df18:c3155, 15893972-388e-43c0-9d6c-ca4c76ac06da:c3151, c86beb1c-9105-4588-b1e8-133030361c51:c3151]
2019-07-12 12:28:22,585 INFO  client.GrpcClientProtocolClient (GrpcClientProtocolClient.java:onNext(255)) - client-D83FC23EEBD8->4c571e18-69a3-4a6d-81de-e3e48052df18: receive RaftClientReply:client-D83FC23EEBD8->4c571e18-69a3-4a6d-81de-e3e48052df18@group-644576B5741B, cid=2163, SUCCESS, logIndex=0, commits[4c571e18-69a3-4a6d-81de-e3e48052df18:c3156, 15893972-388e-43c0-9d6c-ca4c76ac06da:c3155, c86beb1c-9105-4588-b1e8-133030361c51:c3155]
2019-07-12 12:28:22,611 INFO  client.GrpcClientProtocolClient (GrpcClientProtocolClient.java:onNext(255)) - client-D83FC23EEBD8->4c571e18-69a3-4a6d-81de-e3e48052df18: receive RaftClientReply:client-D83FC23EEBD8->4c571e18-69a3-4a6d-81de-e3e48052df18@group-644576B5741B, cid=2164, SUCCESS, logIndex=3158, commits[4c571e18-69a3-4a6d-81de-e3e48052df18:c3159, 15893972-388e-43c0-9d6c-ca4c76ac06da:c3157, c86beb1c-9105-4588-b1e8-133030361c51:c3157]
2019-07-12 12:28:22,611 INFO  client.GrpcClientProtocolClient (GrpcClientProtocolClient.java:onNext(255)) - client-D83FC23EEBD8->4c571e18-69a3-4a6d-81de-e3e48052df18: receive RaftClientReply:client-D83FC23EEBD8->4c571e18-69a3-4a6d-81de-e3e48052df18@group-644576B5741B, cid=2165, SUCCESS, logIndex=3159, commits[4c571e18-69a3-4a6d-81de-e3e48052df18:c3159, 15893972-388e-43c0-9d6c-ca4c76ac06da:c3157, c86beb1c-9105-4588-b1e8-133030361c51:c3157]
2019-07-12 12:28:22,611 INFO  client.GrpcClientProtocolClient (GrpcClientProtocolClient.java:onNext(255)) - client-D83FC23EEBD8->4c571e18-69a3-4a6d-81de-e3e48052df18: receive RaftClientReply:client-D83FC23EEBD8->4c571e18-69a3-4a6d-81de-e3e48052df18@group-644576B5741B, cid=2166, SUCCESS, logIndex=3160, commits[4c571e18-69a3-4a6d-81de-e3e48052df18:c3160, 15893972-388e-43c0-9d6c-ca4c76ac06da:c3157, c86beb1c-9105-4588-b1e8-133030361c51:c3157]
2019-07-12 12:28:22,612 INFO  client.GrpcClientProtocolClient (GrpcClientProtocolClient.java:onNext(255)) - client-D83FC23EEBD8->4c571e18-69a3-4a6d-81de-e3e48052df18: receive RaftClientReply:client-D83FC23EEBD8->4c571e18-69a3-4a6d-81de-e3e48052df18@group-644576B5741B, cid=2167, SUCCESS, logIndex=3161, commits[4c571e18-69a3-4a6d-81de-e3e48052df18:c3161, 15893972-388e-43c0-9d6c-ca4c76ac06da:c3157, c86beb1c-9105-4588-b1e8-133030361c51:c3157]
2019-07-12 12:28:22,623 INFO  client.GrpcClientProtocolClient (GrpcClientProtocolClient.java:onNext(255)) - client-D83FC23EEBD8->4c571e18-69a3-4a6d-81de-e3e48052df18: receive RaftClientReply:client-D83FC23EEBD8->4c571e18-69a3-4a6d-81de-e3e48052df18@group-644576B5741B, cid=2168, SUCCESS, logIndex=0, commits[4c571e18-69a3-4a6d-81de-e3e48052df18:c3163, 15893972-388e-43c0-9d6c-ca4c76ac06da:c3159, c86beb1c-9105-4588-b1e8-133030361c51:c3159]
2019-07-12 12:28:22,654 INFO  client.GrpcClientProtocolClient (GrpcClientProtocolClient.java:onNext(255)) - client-D83FC23EEBD8->4c571e18-69a3-4a6d-81de-e3e48052df18: receive RaftClientReply:client-D83FC23EEBD8->4c571e18-69a3-4a6d-81de-e3e48052df18@group-644576B5741B, cid=2169, SUCCESS, logIndex=3166, commits[4c571e18-69a3-4a6d-81de-e3e48052df18:c3167, 15893972-388e-43c0-9d6c-ca4c76ac06da:c3165, c86beb1c-9105-4588-b1e8-133030361c51:c3165]
2019-07-12 12:28:22,654 INFO  client.GrpcClientProtocolClient (GrpcClientProtocolClient.java:onNext(255)) - client-D83FC23EEBD8->4c571e18-69a3-4a6d-81de-e3e48052df18: receive RaftClientReply:client-D83FC23EEBD8->4c571e18-69a3-4a6d-81de-e3e48052df18@group-644576B5741B, cid=2170, SUCCESS, logIndex=3167, commits[4c571e18-69a3-4a6d-81de-e3e48052df18:c3167, 15893972-388e-43c0-9d6c-ca4c76ac06da:c3165, c86beb1c-9105-4588-b1e8-133030361c51:c3165]
2019-07-12 12:28:22,673 INFO  client.GrpcClientProtocolClient (GrpcClientProtocolClient.java:onNext(255)) - client-D83FC23EEBD8->4c571e18-69a3-4a6d-81de-e3e48052df18: receive RaftClientReply:client-D83FC23EEBD8->4c571e18-69a3-4a6d-81de-e3e48052df18@group-644576B5741B, cid=2171, SUCCESS, logIndex=3170, commits[4c571e18-69a3-4a6d-81de-e3e48052df18:c3171, 15893972-388e-43c0-9d6c-ca4c76ac06da:c3169, c86beb1c-9105-4588-b1e8-133030361c51:c3169]
2019-07-12 12:28:22,674 INFO  client.GrpcClientProtocolClient (GrpcClientProtocolClient.java:onNext(255)) - client-D83FC23EEBD8->4c571e18-69a3-4a6d-81de-e3e48052df18: receive RaftClientReply:client-D83FC23EEBD8->4c571e18-69a3-4a6d-81de-e3e48052df18@group-644576B5741B, cid=2172, SUCCESS, logIndex=3171, commits[4c571e18-69a3-4a6d-81de-e3e48052df18:c3171, 15893972-388e-43c0-9d6c-ca4c76ac06da:c3169, c86beb1c-9105-4588-b1e8-133030361c51:c3169]
2019-07-12 12:28:22,686 INFO  client.GrpcClientProtocolClient (GrpcClientProtocolClient.java:onNext(255)) - client-D83FC23EEBD8->4c571e18-69a3-4a6d-81de-e3e48052df18: receive RaftClientReply:client-D83FC23EEBD8->4c571e18-69a3-4a6d-81de-e3e48052df18@group-644576B5741B, cid=2173, SUCCESS, logIndex=0, commits[4c571e18-69a3-4a6d-81de-e3e48052df18:c3173, 15893972-388e-43c0-9d6c-ca4c76ac06da:c3171, c86beb1c-9105-4588-b1e8-133030361c51:c3171]
2019-07-12 12:28:22,716 INFO  client.GrpcClientProtocolClient (GrpcClientProtocolClient.java:onNext(255)) - client-D83FC23EEBD8->4c571e18-69a3-4a6d-81de-e3e48052df18: receive RaftClientReply:client-D83FC23EEBD8->4c571e18-69a3-4a6d-81de-e3e48052df18@group-644576B5741B, cid=2174, SUCCESS, logIndex=3174, commits[4c571e18-69a3-4a6d-81de-e3e48052df18:c3175, 15893972-388e-43c0-9d6c-ca4c76ac06da:c3173, c86beb1c-9105-4588-b1e8-133030361c51:c3173]
2019-07-12 12:28:22,815 INFO  client.GrpcClientProtocolClient (GrpcClientProtocolClient.java:onNext(255)) - client-D83FC23EEBD8->4c571e18-69a3-4a6d-81de-e3e48052df18: receive RaftClientReply:client-D83FC23EEBD8->4c571e18-69a3-4a6d-81de-e3e48052df18@group-644576B5741B, cid=2175, SUCCESS, logIndex=3175, commits[4c571e18-69a3-4a6d-81de-e3e48052df18:c3175, 15893972-388e-43c0-9d6c-ca4c76ac06da:c3173, c86beb1c-9105-4588-b1e8-133030361c51:c3173]
2019-07-12 12:28:22,815 INFO  client.GrpcClientProtocolClient (GrpcClientProtocolClient.java:onNext(255)) - client-D83FC23EEBD8->4c571e18-69a3-4a6d-81de-e3e48052df18: receive RaftClientReply:client-D83FC23EEBD8->4c571e18-69a3-4a6d-81de-e3e48052df18@group-644576B5741B, cid=2176, SUCCESS, logIndex=3176, commits[4c571e18-69a3-4a6d-81de-e3e48052df18:c3177, 15893972-388e-43c0-9d6c-ca4c76ac06da:c3173, c86beb1c-9105-4588-b1e8-133030361c51:c3173]
2019-07-12 12:28:22,816 INFO  client.GrpcClientProtocolClient (GrpcClientProtocolClient.java:onNext(255)) - client-D83FC23EEBD8->4c571e18-69a3-4a6d-81de-e3e48052df18: receive RaftClientReply:client-D83FC23EEBD8->4c571e18-69a3-4a6d-81de-e3e48052df18@group-644576B5741B, cid=2177, SUCCESS, logIndex=3177, commits[4c571e18-69a3-4a6d-81de-e3e48052df18:c3177, 15893972-388e-43c0-9d6c-ca4c76ac06da:c3173, c86beb1c-9105-4588-b1e8-133030361c51:c3173]
2019-07-12 12:28:22,825 INFO  client.GrpcClientProtocolClient (GrpcClientProtocolClient.java:onNext(255)) - client-D83FC23EEBD8->4c571e18-69a3-4a6d-81de-e3e48052df18: receive RaftClientReply:client-D83FC23EEBD8->4c571e18-69a3-4a6d-81de-e3e48052df18@group-644576B5741B, cid=2178, SUCCESS, logIndex=0, commits[4c571e18-69a3-4a6d-81de-e3e48052df18:c3179, 15893972-388e-43c0-9d6c-ca4c76ac06da:c3175, c86beb1c-9105-4588-b1e8-133030361c51:c3175]
2019-07-12 12:28:22,850 INFO  client.GrpcClientProtocolClient (GrpcClientProtocolClient.java:onNext(255)) - client-D83FC23EEBD8->4c571e18-69a3-4a6d-81de-e3e48052df18: receive RaftClientReply:client-D83FC23EEBD8->4c571e18-69a3-4a6d-81de-e3e48052df18@group-644576B5741B, cid=2179, SUCCESS, logIndex=3181, commits[4c571e18-69a3-4a6d-81de-e3e48052df18:c3182, 15893972-388e-43c0-9d6c-ca4c76ac06da:c3180, c86beb1c-9105-4588-b1e8-133030361c51:c3180]
2019-07-12 12:28:22,850 INFO  client.GrpcClientProtocolClient (GrpcClientProtocolClient.java:onNext(255)) - client-D83FC23EEBD8->4c571e18-69a3-4a6d-81de-e3e48052df18: receive RaftClientReply:client-D83FC23EEBD8->4c571e18-69a3-4a6d-81de-e3e48052df18@group-644576B5741B, cid=2180, SUCCESS, logIndex=3182, commits[4c571e18-69a3-4a6d-81de-e3e48052df18:c3182, 15893972-388e-43c0-9d6c-ca4c76ac06da:c3180, c86beb1c-9105-4588-b1e8-133030361c51:c3180]
2019-07-12 12:28:22,869 INFO  client.GrpcClientProtocolClient (GrpcClientProtocolClient.java:onNext(255)) - client-D83FC23EEBD8->4c571e18-69a3-4a6d-81de-e3e48052df18: receive RaftClientReply:client-D83FC23EEBD8->4c571e18-69a3-4a6d-81de-e3e48052df18@group-644576B5741B, cid=2181, SUCCESS, logIndex=3185, commits[4c571e18-69a3-4a6d-81de-e3e48052df18:c3185, 15893972-388e-43c0-9d6c-ca4c76ac06da:c3182, c86beb1c-9105-4588-b1e8-133030361c51:c3182]
2019-07-12 12:28:22,870 INFO  client.GrpcClientProtocolClient (GrpcClientProtocolClient.java:onNext(255)) - client-D83FC23EEBD8->4c571e18-69a3-4a6d-81de-e3e48052df18: receive RaftClientReply:client-D83FC23EEBD8->4c571e18-69a3-4a6d-81de-e3e48052df18@group-644576B5741B, cid=2182, SUCCESS, logIndex=3186, commits[4c571e18-69a3-4a6d-81de-e3e48052df18:c3186, 15893972-388e-43c0-9d6c-ca4c76ac06da:c3182, c86beb1c-9105-4588-b1e8-133030361c51:c3182]
2019-07-12 12:28:22,883 INFO  client.GrpcClientProtocolClient (GrpcClientProtocolClient.java:onNext(255)) - client-D83FC23EEBD8->4c571e18-69a3-4a6d-81de-e3e48052df18: receive RaftClientReply:client-D83FC23EEBD8->4c571e18-69a3-4a6d-81de-e3e48052df18@group-644576B5741B, cid=2183, SUCCESS, logIndex=0, commits[4c571e18-69a3-4a6d-81de-e3e48052df18:c3188, 15893972-388e-43c0-9d6c-ca4c76ac06da:c3186, c86beb1c-9105-4588-b1e8-133030361c51:c3186]
2019-07-12 12:28:22,907 INFO  client.GrpcClientProtocolClient (GrpcClientProtocolClient.java:onNext(255)) - client-D83FC23EEBD8->4c571e18-69a3-4a6d-81de-e3e48052df18: receive RaftClientReply:client-D83FC23EEBD8->4c571e18-69a3-4a6d-81de-e3e48052df18@group-644576B5741B, cid=2184, SUCCESS, logIndex=3189, commits[4c571e18-69a3-4a6d-81de-e3e48052df18:c3190, 15893972-388e-43c0-9d6c-ca4c76ac06da:c3188, c86beb1c-9105-4588-b1e8-133030361c51:c3186]
2019-07-12 12:28:22,907 INFO  client.GrpcClientProtocolClient (GrpcClientProtocolClient.java:onNext(255)) - client-D83FC23EEBD8->4c571e18-69a3-4a6d-81de-e3e48052df18: receive RaftClientReply:client-D83FC23EEBD8->4c571e18-69a3-4a6d-81de-e3e48052df18@group-644576B5741B, cid=2185, SUCCESS, logIndex=3190, commits[4c571e18-69a3-4a6d-81de-e3e48052df18:c3190, 15893972-388e-43c0-9d6c-ca4c76ac06da:c3188, c86beb1c-9105-4588-b1e8-133030361c51:c3186]
2019-07-12 12:28:22,919 INFO  client.GrpcClientProtocolClient (GrpcClientProtocolClient.java:onNext(255)) - client-D83FC23EEBD8->4c571e18-69a3-4a6d-81de-e3e48052df18: receive RaftClientReply:client-D83FC23EEBD8->4c571e18-69a3-4a6d-81de-e3e48052df18@group-644576B5741B, cid=2186, SUCCESS, logIndex=3191, commits[4c571e18-69a3-4a6d-81de-e3e48052df18:c3194, 15893972-388e-43c0-9d6c-ca4c76ac06da:c3190, c86beb1c-9105-4588-b1e8-133030361c51:c3188]
2019-07-12 12:28:22,920 INFO  client.GrpcClientProtocolClient (GrpcClientProtocolClient.java:onNext(255)) - client-D83FC23EEBD8->4c571e18-69a3-4a6d-81de-e3e48052df18: receive RaftClientReply:client-D83FC23EEBD8->4c571e18-69a3-4a6d-81de-e3e48052df18@group-644576B5741B, cid=2187, SUCCESS, logIndex=3192, commits[4c571e18-69a3-4a6d-81de-e3e48052df18:c3194, 15893972-388e-43c0-9d6c-ca4c76ac06da:c3190, c86beb1c-9105-4588-b1e8-133030361c51:c3190]
2019-07-12 12:28:22,938 INFO  client.GrpcClientProtocolClient (GrpcClientProtocolClient.java:onNext(255)) - client-D83FC23EEBD8->4c571e18-69a3-4a6d-81de-e3e48052df18: receive RaftClientReply:client-D83FC23EEBD8->4c571e18-69a3-4a6d-81de-e3e48052df18@group-644576B5741B, cid=2188, SUCCESS, logIndex=3197, commits[4c571e18-69a3-4a6d-81de-e3e48052df18:c3198, 15893972-388e-43c0-9d6c-ca4c76ac06da:c3196, c86beb1c-9105-4588-b1e8-133030361c51:c3196]
2019-07-12 12:28:22,939 INFO  client.GrpcClientProtocolClient (GrpcClientProtocolClient.java:onNext(255)) - client-D83FC23EEBD8->4c571e18-69a3-4a6d-81de-e3e48052df18: receive RaftClientReply:client-D83FC23EEBD8->4c571e18-69a3-4a6d-81de-e3e48052df18@group-644576B5741B, cid=2189, SUCCESS, logIndex=3198, commits[4c571e18-69a3-4a6d-81de-e3e48052df18:c3198, 15893972-388e-43c0-9d6c-ca4c76ac06da:c3196, c86beb1c-9105-4588-b1e8-133030361c51:c3196]
2019-07-12 12:28:22,959 INFO  client.GrpcClientProtocolClient (GrpcClientProtocolClient.java:onNext(255)) - client-D83FC23EEBD8->4c571e18-69a3-4a6d-81de-e3e48052df18: receive RaftClientReply:client-D83FC23EEBD8->4c571e18-69a3-4a6d-81de-e3e48052df18@group-644576B5741B, cid=2190, SUCCESS, logIndex=3201, commits[4c571e18-69a3-4a6d-81de-e3e48052df18:c3202, 15893972-388e-43c0-9d6c-ca4c76ac06da:c3200, c86beb1c-9105-4588-b1e8-133030361c51:c3200]
2019-07-12 12:28:22,959 INFO  client.GrpcClientProtocolClient (GrpcClientProtocolClient.java:onNext(255)) - client-D83FC23EEBD8->4c571e18-69a3-4a6d-81de-e3e48052df18: receive RaftClientReply:client-D83FC23EEBD8->4c571e18-69a3-4a6d-81de-e3e48052df18@group-644576B5741B, cid=2191, SUCCESS, logIndex=3202, commits[4c571e18-69a3-4a6d-81de-e3e48052df18:c3202, 15893972-388e-43c0-9d6c-ca4c76ac06da:c3200, c86beb1c-9105-4588-b1e8-133030361c51:c3200]
2019-07-12 12:28:22,972 INFO  client.GrpcClientProtocolClient (GrpcClientProtocolClient.java:onNext(255)) - client-D83FC23EEBD8->4c571e18-69a3-4a6d-81de-e3e48052df18: receive RaftClientReply:client-D83FC23EEBD8->4c571e18-69a3-4a6d-81de-e3e48052df18@group-644576B5741B, cid=2192, SUCCESS, logIndex=0, commits[4c571e18-69a3-4a6d-81de-e3e48052df18:c3204, 15893972-388e-43c0-9d6c-ca4c76ac06da:c3202, c86beb1c-9105-4588-b1e8-133030361c51:c3202]
2019-07-12 12:28:23,001 INFO  client.GrpcClientProtocolClient (GrpcClientProtocolClient.java:onNext(255)) - client-D83FC23EEBD8->4c571e18-69a3-4a6d-81de-e3e48052df18: receive RaftClientReply:client-D83FC23EEBD8->4c571e18-69a3-4a6d-81de-e3e48052df18@group-644576B5741B, cid=2193, SUCCESS, logIndex=3205, commits[4c571e18-69a3-4a6d-81de-e3e48052df18:c3206, 15893972-388e-43c0-9d6c-ca4c76ac06da:c3204, c86beb1c-9105-4588-b1e8-133030361c51:c3204]
2019-07-12 12:28:23,001 INFO  client.GrpcClientProtocolClient (GrpcClientProtocolClient.java:onNext(255)) - client-D83FC23EEBD8->4c571e18-69a3-4a6d-81de-e3e48052df18: receive RaftClientReply:client-D83FC23EEBD8->4c571e18-69a3-4a6d-81de-e3e48052df18@group-644576B5741B, cid=2194, SUCCESS, logIndex=3206, commits[4c571e18-69a3-4a6d-81de-e3e48052df18:c3208, 15893972-388e-43c0-9d6c-ca4c76ac06da:c3204, c86beb1c-9105-4588-b1e8-133030361c51:c3204]
2019-07-12 12:28:23,002 INFO  client.GrpcClientProtocolClient (GrpcClientProtocolClient.java:onNext(255)) - client-D83FC23EEBD8->4c571e18-69a3-4a6d-81de-e3e48052df18: receive RaftClientReply:client-D83FC23EEBD8->4c571e18-69a3-4a6d-81de-e3e48052df18@group-644576B5741B, cid=2195, SUCCESS, logIndex=3207, commits[4c571e18-69a3-4a6d-81de-e3e48052df18:c3208, 15893972-388e-43c0-9d6c-ca4c76ac06da:c3204, c86beb1c-9105-4588-b1e8-133030361c51:c3204]
2019-07-12 12:28:23,002 INFO  client.GrpcClientProtocolClient (GrpcClientProtocolClient.java:onNext(255)) - client-D83FC23EEBD8->4c571e18-69a3-4a6d-81de-e3e48052df18: receive RaftClientReply:client-D83FC23EEBD8->4c571e18-69a3-4a6d-81de-e3e48052df18@group-644576B5741B, cid=2196, SUCCESS, logIndex=3208, commits[4c571e18-69a3-4a6d-81de-e3e48052df18:c3208, 15893972-388e-43c0-9d6c-ca4c76ac06da:c3204, c86beb1c-9105-4588-b1e8-133030361c51:c3204]
2019-07-12 12:28:23,003 INFO  client.GrpcClientProtocolClient (GrpcClientProtocolClient.java:onNext(255)) - client-D83FC23EEBD8->4c571e18-69a3-4a6d-81de-e3e48052df18: receive RaftClientReply:client-D83FC23EEBD8->4c571e18-69a3-4a6d-81de-e3e48052df18@group-644576B5741B, cid=2197, SUCCESS, logIndex=0, commits[4c571e18-69a3-4a6d-81de-e3e48052df18:c3209, 15893972-388e-43c0-9d6c-ca4c76ac06da:c3206, c86beb1c-9105-4588-b1e8-133030361c51:c3206]
2019-07-12 12:28:23,023 INFO  client.GrpcClientProtocolClient (GrpcClientProtocolClient.java:onNext(255)) - client-D83FC23EEBD8->4c571e18-69a3-4a6d-81de-e3e48052df18: receive RaftClientReply:client-D83FC23EEBD8->4c571e18-69a3-4a6d-81de-e3e48052df18@group-644576B5741B, cid=2198, SUCCESS, logIndex=3213, commits[4c571e18-69a3-4a6d-81de-e3e48052df18:c3214, 15893972-388e-43c0-9d6c-ca4c76ac06da:c3212, c86beb1c-9105-4588-b1e8-133030361c51:c3212]
2019-07-12 12:28:23,023 INFO  client.GrpcClientProtocolClient (GrpcClientProtocolClient.java:onNext(255)) - client-D83FC23EEBD8->4c571e18-69a3-4a6d-81de-e3e48052df18: receive RaftClientReply:client-D83FC23EEBD8->4c571e18-69a3-4a6d-81de-e3e48052df18@group-644576B5741B, cid=2199, SUCCESS, logIndex=3214, commits[4c571e18-69a3-4a6d-81de-e3e48052df18:c3214, 15893972-388e-43c0-9d6c-ca4c76ac06da:c3212, c86beb1c-9105-4588-b1e8-133030361c51:c3212]
2019-07-12 12:28:23,036 INFO  client.GrpcClientProtocolClient (GrpcClientProtocolClient.java:onNext(255)) - client-D83FC23EEBD8->4c571e18-69a3-4a6d-81de-e3e48052df18: receive RaftClientReply:client-D83FC23EEBD8->4c571e18-69a3-4a6d-81de-e3e48052df18@group-644576B5741B, cid=2200, SUCCESS, logIndex=3217, commits[4c571e18-69a3-4a6d-81de-e3e48052df18:c3217, 15893972-388e-43c0-9d6c-ca4c76ac06da:c3214, c86beb1c-9105-4588-b1e8-133030361c51:c3214]
2019-07-12 12:28:23,036 INFO  client.GrpcClientProtocolClient (GrpcClientProtocolClient.java:onNext(255)) - client-D83FC23EEBD8->4c571e18-69a3-4a6d-81de-e3e48052df18: receive RaftClientReply:client-D83FC23EEBD8->4c571e18-69a3-4a6d-81de-e3e48052df18@group-644576B5741B, cid=2201, SUCCESS, logIndex=3218, commits[4c571e18-69a3-4a6d-81de-e3e48052df18:c3218, 15893972-388e-43c0-9d6c-ca4c76ac06da:c3214, c86beb1c-9105-4588-b1e8-133030361c51:c3214]
2019-07-12 12:28:23,049 INFO  client.GrpcClientProtocolClient (GrpcClientProtocolClient.java:onNext(255)) - client-D83FC23EEBD8->4c571e18-69a3-4a6d-81de-e3e48052df18: receive RaftClientReply:client-D83FC23EEBD8->4c571e18-69a3-4a6d-81de-e3e48052df18@group-644576B5741B, cid=2202, SUCCESS, logIndex=0, commits[4c571e18-69a3-4a6d-81de-e3e48052df18:c3220, 15893972-388e-43c0-9d6c-ca4c76ac06da:c3218, c86beb1c-9105-4588-b1e8-133030361c51:c3218]
2019-07-12 12:28:23,081 INFO  client.GrpcClientProtocolClient (GrpcClientProtocolClient.java:onNext(255)) - client-D83FC23EEBD8->4c571e18-69a3-4a6d-81de-e3e48052df18: receive RaftClientReply:client-D83FC23EEBD8->4c571e18-69a3-4a6d-81de-e3e48052df18@group-644576B5741B, cid=2203, SUCCESS, logIndex=3221, commits[4c571e18-69a3-4a6d-81de-e3e48052df18:c3222, 15893972-388e-43c0-9d6c-ca4c76ac06da:c3220, c86beb1c-9105-4588-b1e8-133030361c51:c3220]
2019-07-12 12:28:23,082 INFO  client.GrpcClientProtocolClient (GrpcClientProtocolClient.java:onNext(255)) - client-D83FC23EEBD8->4c571e18-69a3-4a6d-81de-e3e48052df18: receive RaftClientReply:client-D83FC23EEBD8->4c571e18-69a3-4a6d-81de-e3e48052df18@group-644576B5741B, cid=2204, SUCCESS, logIndex=3222, commits[4c571e18-69a3-4a6d-81de-e3e48052df18:c3224, 15893972-388e-43c0-9d6c-ca4c76ac06da:c3220, c86beb1c-9105-4588-b1e8-133030361c51:c3220]
2019-07-12 12:28:23,082 INFO  client.GrpcClientProtocolClient (GrpcClientProtocolClient.java:onNext(255)) - client-D83FC23EEBD8->4c571e18-69a3-4a6d-81de-e3e48052df18: receive RaftClientReply:client-D83FC23EEBD8->4c571e18-69a3-4a6d-81de-e3e48052df18@group-644576B5741B, cid=2205, SUCCESS, logIndex=3223, commits[4c571e18-69a3-4a6d-81de-e3e48052df18:c3224, 15893972-388e-43c0-9d6c-ca4c76ac06da:c3220, c86beb1c-9105-4588-b1e8-133030361c51:c3220]
2019-07-12 12:28:23,082 INFO  client.GrpcClientProtocolClient (GrpcClientProtocolClient.java:onNext(255)) - client-D83FC23EEBD8->4c571e18-69a3-4a6d-81de-e3e48052df18: receive RaftClientReply:client-D83FC23EEBD8->4c571e18-69a3-4a6d-81de-e3e48052df18@group-644576B5741B, cid=2206, SUCCESS, logIndex=3224, commits[4c571e18-69a3-4a6d-81de-e3e48052df18:c3224, 15893972-388e-43c0-9d6c-ca4c76ac06da:c3220, c86beb1c-9105-4588-b1e8-133030361c51:c3220]
2019-07-12 12:28:23,092 INFO  client.GrpcClientProtocolClient (GrpcClientProtocolClient.java:onNext(255)) - client-D83FC23EEBD8->4c571e18-69a3-4a6d-81de-e3e48052df18: receive RaftClientReply:client-D83FC23EEBD8->4c571e18-69a3-4a6d-81de-e3e48052df18@group-644576B5741B, cid=2207, SUCCESS, logIndex=0, commits[4c571e18-69a3-4a6d-81de-e3e48052df18:c3225, 15893972-388e-43c0-9d6c-ca4c76ac06da:c3222, c86beb1c-9105-4588-b1e8-133030361c51:c3222]
2019-07-12 12:28:23,114 INFO  client.GrpcClientProtocolClient (GrpcClientProtocolClient.java:onNext(255)) - client-D83FC23EEBD8->4c571e18-69a3-4a6d-81de-e3e48052df18: receive RaftClientReply:client-D83FC23EEBD8->4c571e18-69a3-4a6d-81de-e3e48052df18@group-644576B5741B, cid=2208, SUCCESS, logIndex=3229, commits[4c571e18-69a3-4a6d-81de-e3e48052df18:c3230, 15893972-388e-43c0-9d6c-ca4c76ac06da:c3228, c86beb1c-9105-4588-b1e8-133030361c51:c3228]
2019-07-12 12:28:23,115 INFO  client.GrpcClientProtocolClient (GrpcClientProtocolClient.java:onNext(255)) - client-D83FC23EEBD8->4c571e18-69a3-4a6d-81de-e3e48052df18: receive RaftClientReply:client-D83FC23EEBD8->4c571e18-69a3-4a6d-81de-e3e48052df18@group-644576B5741B, cid=2209, SUCCESS, logIndex=3230, commits[4c571e18-69a3-4a6d-81de-e3e48052df18:c3230, 15893972-388e-43c0-9d6c-ca4c76ac06da:c3228, c86beb1c-9105-4588-b1e8-133030361c51:c3228]
2019-07-12 12:28:23,128 INFO  client.GrpcClientProtocolClient (GrpcClientProtocolClient.java:onNext(255)) - client-D83FC23EEBD8->4c571e18-69a3-4a6d-81de-e3e48052df18: receive RaftClientReply:client-D83FC23EEBD8->4c571e18-69a3-4a6d-81de-e3e48052df18@group-644576B5741B, cid=2210, SUCCESS, logIndex=3233, commits[4c571e18-69a3-4a6d-81de-e3e48052df18:c3234, 15893972-388e-43c0-9d6c-ca4c76ac06da:c3230, c86beb1c-9105-4588-b1e8-133030361c51:c3230]
2019-07-12 12:28:23,129 INFO  client.GrpcClientProtocolClient (GrpcClientProtocolClient.java:onNext(255)) - client-D83FC23EEBD8->4c571e18-69a3-4a6d-81de-e3e48052df18: receive RaftClientReply:client-D83FC23EEBD8->4c571e18-69a3-4a6d-81de-e3e48052df18@group-644576B5741B, cid=2211, SUCCESS, logIndex=3234, commits[4c571e18-69a3-4a6d-81de-e3e48052df18:c3234, 15893972-388e-43c0-9d6c-ca4c76ac06da:c3230, c86beb1c-9105-4588-b1e8-133030361c51:c3230]
2019-07-12 12:28:23,141 INFO  client.GrpcClientProtocolClient (GrpcClientProtocolClient.java:onNext(255)) - client-D83FC23EEBD8->4c571e18-69a3-4a6d-81de-e3e48052df18: receive RaftClientReply:client-D83FC23EEBD8->4c571e18-69a3-4a6d-81de-e3e48052df18@group-644576B5741B, cid=2212, SUCCESS, logIndex=0, commits[4c571e18-69a3-4a6d-81de-e3e48052df18:c3236, 15893972-388e-43c0-9d6c-ca4c76ac06da:c3234, c86beb1c-9105-4588-b1e8-133030361c51:c3234]
2019-07-12 12:28:23,175 INFO  client.GrpcClientProtocolClient (GrpcClientProtocolClient.java:onNext(255)) - client-D83FC23EEBD8->4c571e18-69a3-4a6d-81de-e3e48052df18: receive RaftClientReply:client-D83FC23EEBD8->4c571e18-69a3-4a6d-81de-e3e48052df18@group-644576B5741B, cid=2213, SUCCESS, logIndex=3237, commits[4c571e18-69a3-4a6d-81de-e3e48052df18:c3238, 15893972-388e-43c0-9d6c-ca4c76ac06da:c3236, c86beb1c-9105-4588-b1e8-133030361c51:c3236]
2019-07-12 12:28:23,175 INFO  client.GrpcClientProtocolClient (GrpcClientProtocolClient.java:onNext(255)) - client-D83FC23EEBD8->4c571e18-69a3-4a6d-81de-e3e48052df18: receive RaftClientReply:client-D83FC23EEBD8->4c571e18-69a3-4a6d-81de-e3e48052df18@group-644576B5741B, cid=2214, SUCCESS, logIndex=3238, commits[4c571e18-69a3-4a6d-81de-e3e48052df18:c3240, 15893972-388e-43c0-9d6c-ca4c76ac06da:c3236, c86beb1c-9105-4588-b1e8-133030361c51:c3236]
2019-07-12 12:28:23,176 INFO  client.GrpcClientProtocolClient (GrpcClientProtocolClient.java:onNext(255)) - client-D83FC23EEBD8->4c571e18-69a3-4a6d-81de-e3e48052df18: receive RaftClientReply:client-D83FC23EEBD8->4c571e18-69a3-4a6d-81de-e3e48052df18@group-644576B5741B, cid=2215, SUCCESS, logIndex=3239, commits[4c571e18-69a3-4a6d-81de-e3e48052df18:c3240, 15893972-388e-43c0-9d6c-ca4c76ac06da:c3236, c86beb1c-9105-4588-b1e8-133030361c51:c3236]
2019-07-12 12:28:23,176 INFO  client.GrpcClientProtocolClient (GrpcClientProtocolClient.java:onNext(255)) - client-D83FC23EEBD8->4c571e18-69a3-4a6d-81de-e3e48052df18: receive RaftClientReply:client-D83FC23EEBD8->4c571e18-69a3-4a6d-81de-e3e48052df18@group-644576B5741B, cid=2216, SUCCESS, logIndex=3240, commits[4c571e18-69a3-4a6d-81de-e3e48052df18:c3240, 15893972-388e-43c0-9d6c-ca4c76ac06da:c3236, c86beb1c-9105-4588-b1e8-133030361c51:c3236]
2019-07-12 12:28:23,177 INFO  client.GrpcClientProtocolClient (GrpcClientProtocolClient.java:onNext(255)) - client-D83FC23EEBD8->4c571e18-69a3-4a6d-81de-e3e48052df18: receive RaftClientReply:client-D83FC23EEBD8->4c571e18-69a3-4a6d-81de-e3e48052df18@group-644576B5741B, cid=2217, SUCCESS, logIndex=0, commits[4c571e18-69a3-4a6d-81de-e3e48052df18:c3242, 15893972-388e-43c0-9d6c-ca4c76ac06da:c3238, c86beb1c-9105-4588-b1e8-133030361c51:c3238]
2019-07-12 12:28:23,197 INFO  client.GrpcClientProtocolClient (GrpcClientProtocolClient.java:onNext(255)) - client-D83FC23EEBD8->4c571e18-69a3-4a6d-81de-e3e48052df18: receive RaftClientReply:client-D83FC23EEBD8->4c571e18-69a3-4a6d-81de-e3e48052df18@group-644576B5741B, cid=2218, SUCCESS, logIndex=3245, commits[4c571e18-69a3-4a6d-81de-e3e48052df18:c3246, 15893972-388e-43c0-9d6c-ca4c76ac06da:c3244, c86beb1c-9105-4588-b1e8-133030361c51:c3244]
2019-07-12 12:28:23,197 INFO  client.GrpcClientProtocolClient (GrpcClientProtocolClient.java:onNext(255)) - client-D83FC23EEBD8->4c571e18-69a3-4a6d-81de-e3e48052df18: receive RaftClientReply:client-D83FC23EEBD8->4c571e18-69a3-4a6d-81de-e3e48052df18@group-644576B5741B, cid=2219, SUCCESS, logIndex=3246, commits[4c571e18-69a3-4a6d-81de-e3e48052df18:c3246, 15893972-388e-43c0-9d6c-ca4c76ac06da:c3244, c86beb1c-9105-4588-b1e8-133030361c51:c3244]
2019-07-12 12:28:23,210 INFO  client.GrpcClientProtocolClient (GrpcClientProtocolClient.java:onNext(255)) - client-D83FC23EEBD8->4c571e18-69a3-4a6d-81de-e3e48052df18: receive RaftClientReply:client-D83FC23EEBD8->4c571e18-69a3-4a6d-81de-e3e48052df18@group-644576B5741B, cid=2220, SUCCESS, logIndex=3249, commits[4c571e18-69a3-4a6d-81de-e3e48052df18:c3250, 15893972-388e-43c0-9d6c-ca4c76ac06da:c3246, c86beb1c-9105-4588-b1e8-133030361c51:c3246]
2019-07-12 12:28:23,211 INFO  client.GrpcClientProtocolClient (GrpcClientProtocolClient.java:onNext(255)) - client-D83FC23EEBD8->4c571e18-69a3-4a6d-81de-e3e48052df18: receive RaftClientReply:client-D83FC23EEBD8->4c571e18-69a3-4a6d-81de-e3e48052df18@group-644576B5741B, cid=2221, SUCCESS, logIndex=3250, commits[4c571e18-69a3-4a6d-81de-e3e48052df18:c3250, 15893972-388e-43c0-9d6c-ca4c76ac06da:c3246, c86beb1c-9105-4588-b1e8-133030361c51:c3246]
2019-07-12 12:28:23,223 INFO  client.GrpcClientProtocolClient (GrpcClientProtocolClient.java:onNext(255)) - client-D83FC23EEBD8->4c571e18-69a3-4a6d-81de-e3e48052df18: receive RaftClientReply:client-D83FC23EEBD8->4c571e18-69a3-4a6d-81de-e3e48052df18@group-644576B5741B, cid=2222, SUCCESS, logIndex=0, commits[4c571e18-69a3-4a6d-81de-e3e48052df18:c3251, 15893972-388e-43c0-9d6c-ca4c76ac06da:c3250, c86beb1c-9105-4588-b1e8-133030361c51:c3250]
2019-07-12 12:28:23,253 INFO  client.GrpcClientProtocolClient (GrpcClientProtocolClient.java:onNext(255)) - client-D83FC23EEBD8->4c571e18-69a3-4a6d-81de-e3e48052df18: receive RaftClientReply:client-D83FC23EEBD8->4c571e18-69a3-4a6d-81de-e3e48052df18@group-644576B5741B, cid=2223, SUCCESS, logIndex=3253, commits[4c571e18-69a3-4a6d-81de-e3e48052df18:c3254, 15893972-388e-43c0-9d6c-ca4c76ac06da:c3252, c86beb1c-9105-4588-b1e8-133030361c51:c3252]
2019-07-12 12:28:23,254 INFO  client.GrpcClientProtocolClient (GrpcClientProtocolClient.java:onNext(255)) - client-D83FC23EEBD8->4c571e18-69a3-4a6d-81de-e3e48052df18: receive RaftClientReply:client-D83FC23EEBD8->4c571e18-69a3-4a6d-81de-e3e48052df18@group-644576B5741B, cid=2224, SUCCESS, logIndex=3254, commits[4c571e18-69a3-4a6d-81de-e3e48052df18:c3256, 15893972-388e-43c0-9d6c-ca4c76ac06da:c3252, c86beb1c-9105-4588-b1e8-133030361c51:c3252]
2019-07-12 12:28:23,254 INFO  client.GrpcClientProtocolClient (GrpcClientProtocolClient.java:onNext(255)) - client-D83FC23EEBD8->4c571e18-69a3-4a6d-81de-e3e48052df18: receive RaftClientReply:client-D83FC23EEBD8->4c571e18-69a3-4a6d-81de-e3e48052df18@group-644576B5741B, cid=2225, SUCCESS, logIndex=3255, commits[4c571e18-69a3-4a6d-81de-e3e48052df18:c3256, 15893972-388e-43c0-9d6c-ca4c76ac06da:c3252, c86beb1c-9105-4588-b1e8-133030361c51:c3252]
2019-07-12 12:28:23,254 INFO  client.GrpcClientProtocolClient (GrpcClientProtocolClient.java:onNext(255)) - client-D83FC23EEBD8->4c571e18-69a3-4a6d-81de-e3e48052df18: receive RaftClientReply:client-D83FC23EEBD8->4c571e18-69a3-4a6d-81de-e3e48052df18@group-644576B5741B, cid=2226, SUCCESS, logIndex=3256, commits[4c571e18-69a3-4a6d-81de-e3e48052df18:c3256, 15893972-388e-43c0-9d6c-ca4c76ac06da:c3252, c86beb1c-9105-4588-b1e8-133030361c51:c3252]
2019-07-12 12:28:23,268 INFO  client.GrpcClientProtocolClient (GrpcClientProtocolClient.java:onNext(255)) - client-D83FC23EEBD8->4c571e18-69a3-4a6d-81de-e3e48052df18: receive RaftClientReply:client-D83FC23EEBD8->4c571e18-69a3-4a6d-81de-e3e48052df18@group-644576B5741B, cid=2227, SUCCESS, logIndex=0, commits[4c571e18-69a3-4a6d-81de-e3e48052df18:c3258, 15893972-388e-43c0-9d6c-ca4c76ac06da:c3254, c86beb1c-9105-4588-b1e8-133030361c51:c3254]
2019-07-12 12:28:23,287 INFO  client.GrpcClientProtocolClient (GrpcClientProtocolClient.java:onNext(255)) - client-D83FC23EEBD8->4c571e18-69a3-4a6d-81de-e3e48052df18: receive RaftClientReply:client-D83FC23EEBD8->4c571e18-69a3-4a6d-81de-e3e48052df18@group-644576B5741B, cid=2228, SUCCESS, logIndex=3261, commits[4c571e18-69a3-4a6d-81de-e3e48052df18:c3262, 15893972-388e-43c0-9d6c-ca4c76ac06da:c3260, c86beb1c-9105-4588-b1e8-133030361c51:c3260]
2019-07-12 12:28:23,287 INFO  client.GrpcClientProtocolClient (GrpcClientProtocolClient.java:onNext(255)) - client-D83FC23EEBD8->4c571e18-69a3-4a6d-81de-e3e48052df18: receive RaftClientReply:client-D83FC23EEBD8->4c571e18-69a3-4a6d-81de-e3e48052df18@group-644576B5741B, cid=2229, SUCCESS, logIndex=3262, commits[4c571e18-69a3-4a6d-81de-e3e48052df18:c3262, 15893972-388e-43c0-9d6c-ca4c76ac06da:c3260, c86beb1c-9105-4588-b1e8-133030361c51:c3260]
2019-07-12 12:28:23,303 INFO  client.GrpcClientProtocolClient (GrpcClientProtocolClient.java:onNext(255)) - client-D83FC23EEBD8->4c571e18-69a3-4a6d-81de-e3e48052df18: receive RaftClientReply:client-D83FC23EEBD8->4c571e18-69a3-4a6d-81de-e3e48052df18@group-644576B5741B, cid=2230, SUCCESS, logIndex=3265, commits[4c571e18-69a3-4a6d-81de-e3e48052df18:c3266, 15893972-388e-43c0-9d6c-ca4c76ac06da:c3262, c86beb1c-9105-4588-b1e8-133030361c51:c3262]
2019-07-12 12:28:23,304 INFO  client.GrpcClientProtocolClient (GrpcClientProtocolClient.java:onNext(255)) - client-D83FC23EEBD8->4c571e18-69a3-4a6d-81de-e3e48052df18: receive RaftClientReply:client-D83FC23EEBD8->4c571e18-69a3-4a6d-81de-e3e48052df18@group-644576B5741B, cid=2231, SUCCESS, logIndex=3266, commits[4c571e18-69a3-4a6d-81de-e3e48052df18:c3266, 15893972-388e-43c0-9d6c-ca4c76ac06da:c3262, c86beb1c-9105-4588-b1e8-133030361c51:c3262]
2019-07-12 12:28:23,316 INFO  client.GrpcClientProtocolClient (GrpcClientProtocolClient.java:onNext(255)) - client-D83FC23EEBD8->4c571e18-69a3-4a6d-81de-e3e48052df18: receive RaftClientReply:client-D83FC23EEBD8->4c571e18-69a3-4a6d-81de-e3e48052df18@group-644576B5741B, cid=2232, SUCCESS, logIndex=0, commits[4c571e18-69a3-4a6d-81de-e3e48052df18:c3268, 15893972-388e-43c0-9d6c-ca4c76ac06da:c3266, c86beb1c-9105-4588-b1e8-133030361c51:c3266]
2019-07-12 12:28:23,349 INFO  client.GrpcClientProtocolClient (GrpcClientProtocolClient.java:onNext(255)) - client-D83FC23EEBD8->4c571e18-69a3-4a6d-81de-e3e48052df18: receive RaftClientReply:client-D83FC23EEBD8->4c571e18-69a3-4a6d-81de-e3e48052df18@group-644576B5741B, cid=2233, SUCCESS, logIndex=3269, commits[4c571e18-69a3-4a6d-81de-e3e48052df18:c3270, 15893972-388e-43c0-9d6c-ca4c76ac06da:c3268, c86beb1c-9105-4588-b1e8-133030361c51:c3268]
2019-07-12 12:28:23,350 INFO  client.GrpcClientProtocolClient (GrpcClientProtocolClient.java:onNext(255)) - client-D83FC23EEBD8->4c571e18-69a3-4a6d-81de-e3e48052df18: receive RaftClientReply:client-D83FC23EEBD8->4c571e18-69a3-4a6d-81de-e3e48052df18@group-644576B5741B, cid=2234, SUCCESS, logIndex=3270, commits[4c571e18-69a3-4a6d-81de-e3e48052df18:c3271, 15893972-388e-43c0-9d6c-ca4c76ac06da:c3268, c86beb1c-9105-4588-b1e8-133030361c51:c3268]
2019-07-12 12:28:23,350 INFO  client.GrpcClientProtocolClient (GrpcClientProtocolClient.java:onNext(255)) - client-D83FC23EEBD8->4c571e18-69a3-4a6d-81de-e3e48052df18: receive RaftClientReply:client-D83FC23EEBD8->4c571e18-69a3-4a6d-81de-e3e48052df18@group-644576B5741B, cid=2235, SUCCESS, logIndex=3271, commits[4c571e18-69a3-4a6d-81de-e3e48052df18:c3272, 15893972-388e-43c0-9d6c-ca4c76ac06da:c3268, c86beb1c-9105-4588-b1e8-133030361c51:c3268]
2019-07-12 12:28:23,350 INFO  client.GrpcClientProtocolClient (GrpcClientProtocolClient.java:onNext(255)) - client-D83FC23EEBD8->4c571e18-69a3-4a6d-81de-e3e48052df18: receive RaftClientReply:client-D83FC23EEBD8->4c571e18-69a3-4a6d-81de-e3e48052df18@group-644576B5741B, cid=2236, SUCCESS, logIndex=3272, commits[4c571e18-69a3-4a6d-81de-e3e48052df18:c3272, 15893972-388e-43c0-9d6c-ca4c76ac06da:c3268, c86beb1c-9105-4588-b1e8-133030361c51:c3268]
2019-07-12 12:28:23,362 INFO  client.GrpcClientProtocolClient (GrpcClientProtocolClient.java:onNext(255)) - client-D83FC23EEBD8->4c571e18-69a3-4a6d-81de-e3e48052df18: receive RaftClientReply:client-D83FC23EEBD8->4c571e18-69a3-4a6d-81de-e3e48052df18@group-644576B5741B, cid=2237, SUCCESS, logIndex=0, commits[4c571e18-69a3-4a6d-81de-e3e48052df18:c3274, 15893972-388e-43c0-9d6c-ca4c76ac06da:c3270, c86beb1c-9105-4588-b1e8-133030361c51:c3270]
2019-07-12 12:28:23,381 INFO  client.GrpcClientProtocolClient (GrpcClientProtocolClient.java:onNext(255)) - client-D83FC23EEBD8->4c571e18-69a3-4a6d-81de-e3e48052df18: receive RaftClientReply:client-D83FC23EEBD8->4c571e18-69a3-4a6d-81de-e3e48052df18@group-644576B5741B, cid=2238, SUCCESS, logIndex=3277, commits[4c571e18-69a3-4a6d-81de-e3e48052df18:c3278, 15893972-388e-43c0-9d6c-ca4c76ac06da:c3276, c86beb1c-9105-4588-b1e8-133030361c51:c3276]
2019-07-12 12:28:23,381 INFO  client.GrpcClientProtocolClient (GrpcClientProtocolClient.java:onNext(255)) - client-D83FC23EEBD8->4c571e18-69a3-4a6d-81de-e3e48052df18: receive RaftClientReply:client-D83FC23EEBD8->4c571e18-69a3-4a6d-81de-e3e48052df18@group-644576B5741B, cid=2239, SUCCESS, logIndex=3278, commits[4c571e18-69a3-4a6d-81de-e3e48052df18:c3278, 15893972-388e-43c0-9d6c-ca4c76ac06da:c3276, c86beb1c-9105-4588-b1e8-133030361c51:c3276]
2019-07-12 12:28:23,395 INFO  client.GrpcClientProtocolClient (GrpcClientProtocolClient.java:onNext(255)) - client-D83FC23EEBD8->4c571e18-69a3-4a6d-81de-e3e48052df18: receive RaftClientReply:client-D83FC23EEBD8->4c571e18-69a3-4a6d-81de-e3e48052df18@group-644576B5741B, cid=2240, SUCCESS, logIndex=3281, commits[4c571e18-69a3-4a6d-81de-e3e48052df18:c3282, 15893972-388e-43c0-9d6c-ca4c76ac06da:c3278, c86beb1c-9105-4588-b1e8-133030361c51:c3278]
2019-07-12 12:28:23,395 INFO  client.GrpcClientProtocolClient (GrpcClientProtocolClient.java:onNext(255)) - client-D83FC23EEBD8->4c571e18-69a3-4a6d-81de-e3e48052df18: receive RaftClientReply:client-D83FC23EEBD8->4c571e18-69a3-4a6d-81de-e3e48052df18@group-644576B5741B, cid=2241, SUCCESS, logIndex=3282, commits[4c571e18-69a3-4a6d-81de-e3e48052df18:c3282, 15893972-388e-43c0-9d6c-ca4c76ac06da:c3278, c86beb1c-9105-4588-b1e8-133030361c51:c3278]
2019-07-12 12:28:23,420 INFO  client.GrpcClientProtocolClient (GrpcClientProtocolClient.java:onNext(255)) - client-D83FC23EEBD8->4c571e18-69a3-4a6d-81de-e3e48052df18: receive RaftClientReply:client-D83FC23EEBD8->4c571e18-69a3-4a6d-81de-e3e48052df18@group-644576B5741B, cid=2242, SUCCESS, logIndex=0, commits[4c571e18-69a3-4a6d-81de-e3e48052df18:c3284, 15893972-388e-43c0-9d6c-ca4c76ac06da:c3282, c86beb1c-9105-4588-b1e8-133030361c51:c3282]
2019-07-12 12:28:23,448 INFO  client.GrpcClientProtocolClient (GrpcClientProtocolClient.java:onNext(255)) - client-D83FC23EEBD8->4c571e18-69a3-4a6d-81de-e3e48052df18: receive RaftClientReply:client-D83FC23EEBD8->4c571e18-69a3-4a6d-81de-e3e48052df18@group-644576B5741B, cid=2243, SUCCESS, logIndex=3285, commits[4c571e18-69a3-4a6d-81de-e3e48052df18:c3286, 15893972-388e-43c0-9d6c-ca4c76ac06da:c3284, c86beb1c-9105-4588-b1e8-133030361c51:c3284]
2019-07-12 12:28:23,449 INFO  client.GrpcClientProtocolClient (GrpcClientProtocolClient.java:onNext(255)) - client-D83FC23EEBD8->4c571e18-69a3-4a6d-81de-e3e48052df18: receive RaftClientReply:client-D83FC23EEBD8->4c571e18-69a3-4a6d-81de-e3e48052df18@group-644576B5741B, cid=2244, SUCCESS, logIndex=3286, commits[4c571e18-69a3-4a6d-81de-e3e48052df18:c3288, 15893972-388e-43c0-9d6c-ca4c76ac06da:c3284, c86beb1c-9105-4588-b1e8-133030361c51:c3284]
2019-07-12 12:28:23,449 INFO  client.GrpcClientProtocolClient (GrpcClientProtocolClient.java:onNext(255)) - client-D83FC23EEBD8->4c571e18-69a3-4a6d-81de-e3e48052df18: receive RaftClientReply:client-D83FC23EEBD8->4c571e18-69a3-4a6d-81de-e3e48052df18@group-644576B5741B, cid=2245, SUCCESS, logIndex=3287, commits[4c571e18-69a3-4a6d-81de-e3e48052df18:c3288, 15893972-388e-43c0-9d6c-ca4c76ac06da:c3284, c86beb1c-9105-4588-b1e8-133030361c51:c3284]
2019-07-12 12:28:23,450 INFO  client.GrpcClientProtocolClient (GrpcClientProtocolClient.java:onNext(255)) - client-D83FC23EEBD8->4c571e18-69a3-4a6d-81de-e3e48052df18: receive RaftClientReply:client-D83FC23EEBD8->4c571e18-69a3-4a6d-81de-e3e48052df18@group-644576B5741B, cid=2246, SUCCESS, logIndex=3288, commits[4c571e18-69a3-4a6d-81de-e3e48052df18:c3288, 15893972-388e-43c0-9d6c-ca4c76ac06da:c3284, c86beb1c-9105-4588-b1e8-133030361c51:c3284]
2019-07-12 12:28:23,461 INFO  client.GrpcClientProtocolClient (GrpcClientProtocolClient.java:onNext(255)) - client-D83FC23EEBD8->4c571e18-69a3-4a6d-81de-e3e48052df18: receive RaftClientReply:client-D83FC23EEBD8->4c571e18-69a3-4a6d-81de-e3e48052df18@group-644576B5741B, cid=2247, SUCCESS, logIndex=0, commits[4c571e18-69a3-4a6d-81de-e3e48052df18:c3290, 15893972-388e-43c0-9d6c-ca4c76ac06da:c3286, c86beb1c-9105-4588-b1e8-133030361c51:c3288]
2019-07-12 12:28:23,486 INFO  client.GrpcClientProtocolClient (GrpcClientProtocolClient.java:onNext(255)) - client-D83FC23EEBD8->4c571e18-69a3-4a6d-81de-e3e48052df18: receive RaftClientReply:client-D83FC23EEBD8->4c571e18-69a3-4a6d-81de-e3e48052df18@group-644576B5741B, cid=2248, SUCCESS, logIndex=3292, commits[4c571e18-69a3-4a6d-81de-e3e48052df18:c3293, 15893972-388e-43c0-9d6c-ca4c76ac06da:c3291, c86beb1c-9105-4588-b1e8-133030361c51:c3291]
2019-07-12 12:28:23,487 INFO  client.GrpcClientProtocolClient (GrpcClientProtocolClient.java:onNext(255)) - client-D83FC23EEBD8->4c571e18-69a3-4a6d-81de-e3e48052df18: receive RaftClientReply:client-D83FC23EEBD8->4c571e18-69a3-4a6d-81de-e3e48052df18@group-644576B5741B, cid=2249, SUCCESS, logIndex=3293, commits[4c571e18-69a3-4a6d-81de-e3e48052df18:c3293, 15893972-388e-43c0-9d6c-ca4c76ac06da:c3291, c86beb1c-9105-4588-b1e8-133030361c51:c3291]
2019-07-12 12:28:23,498 INFO  client.GrpcClientProtocolClient (GrpcClientProtocolClient.java:onNext(255)) - client-D83FC23EEBD8->4c571e18-69a3-4a6d-81de-e3e48052df18: receive RaftClientReply:client-D83FC23EEBD8->4c571e18-69a3-4a6d-81de-e3e48052df18@group-644576B5741B, cid=2250, SUCCESS, logIndex=3296, commits[4c571e18-69a3-4a6d-81de-e3e48052df18:c3297, 15893972-388e-43c0-9d6c-ca4c76ac06da:c3293, c86beb1c-9105-4588-b1e8-133030361c51:c3293]
2019-07-12 12:28:23,499 INFO  client.GrpcClientProtocolClient (GrpcClientProtocolClient.java:onNext(255)) - client-D83FC23EEBD8->4c571e18-69a3-4a6d-81de-e3e48052df18: receive RaftClientReply:client-D83FC23EEBD8->4c571e18-69a3-4a6d-81de-e3e48052df18@group-644576B5741B, cid=2251, SUCCESS, logIndex=3297, commits[4c571e18-69a3-4a6d-81de-e3e48052df18:c3297, 15893972-388e-43c0-9d6c-ca4c76ac06da:c3293, c86beb1c-9105-4588-b1e8-133030361c51:c3293]
2019-07-12 12:28:23,501 INFO  client.GrpcClientProtocolClient (GrpcClientProtocolClient.java:onNext(255)) - client-D83FC23EEBD8->4c571e18-69a3-4a6d-81de-e3e48052df18: receive RaftClientReply:client-D83FC23EEBD8->4c571e18-69a3-4a6d-81de-e3e48052df18@group-644576B5741B, cid=2252, SUCCESS, logIndex=0, commits[4c571e18-69a3-4a6d-81de-e3e48052df18:c3299, 15893972-388e-43c0-9d6c-ca4c76ac06da:c3297, c86beb1c-9105-4588-b1e8-133030361c51:c3297]
 0.00% |█                                                                                                    |  0/1 Time: 0:00:152019-07-12 12:28:23,620 INFO  client.GrpcClientProtocolClient (GrpcClientProtocolClient.java:onNext(255)) - client-D83FC23EEBD8->4c571e18-69a3-4a6d-81de-e3e48052df18: receive RaftClientReply:client-D83FC23EEBD8->4c571e18-69a3-4a6d-81de-e3e48052df18@group-644576B5741B, cid=2253, SUCCESS, logIndex=3300, commits[4c571e18-69a3-4a6d-81de-e3e48052df18:c3302, 15893972-388e-43c0-9d6c-ca4c76ac06da:c3299, c86beb1c-9105-4588-b1e8-133030361c51:c3299]
2019-07-12 12:28:23,620 INFO  client.GrpcClientProtocolClient (GrpcClientProtocolClient.java:onNext(255)) - client-D83FC23EEBD8->4c571e18-69a3-4a6d-81de-e3e48052df18: receive RaftClientReply:client-D83FC23EEBD8->4c571e18-69a3-4a6d-81de-e3e48052df18@group-644576B5741B, cid=2254, SUCCESS, logIndex=3301, commits[4c571e18-69a3-4a6d-81de-e3e48052df18:c3303, 15893972-388e-43c0-9d6c-ca4c76ac06da:c3299, c86beb1c-9105-4588-b1e8-133030361c51:c3299]
2019-07-12 12:28:23,621 INFO  client.GrpcClientProtocolClient (GrpcClientProtocolClient.java:onNext(255)) - client-D83FC23EEBD8->4c571e18-69a3-4a6d-81de-e3e48052df18: receive RaftClientReply:client-D83FC23EEBD8->4c571e18-69a3-4a6d-81de-e3e48052df18@group-644576B5741B, cid=2255, SUCCESS, logIndex=3302, commits[4c571e18-69a3-4a6d-81de-e3e48052df18:c3303, 15893972-388e-43c0-9d6c-ca4c76ac06da:c3299, c86beb1c-9105-4588-b1e8-133030361c51:c3299]
2019-07-12 12:28:23,621 INFO  client.GrpcClientProtocolClient (GrpcClientProtocolClient.java:onNext(255)) - client-D83FC23EEBD8->4c571e18-69a3-4a6d-81de-e3e48052df18: receive RaftClientReply:client-D83FC23EEBD8->4c571e18-69a3-4a6d-81de-e3e48052df18@group-644576B5741B, cid=2256, SUCCESS, logIndex=3303, commits[4c571e18-69a3-4a6d-81de-e3e48052df18:c3303, 15893972-388e-43c0-9d6c-ca4c76ac06da:c3299, c86beb1c-9105-4588-b1e8-133030361c51:c3299]
2019-07-12 12:28:23,622 INFO  client.GrpcClientProtocolClient (GrpcClientProtocolClient.java:onNext(255)) - client-D83FC23EEBD8->4c571e18-69a3-4a6d-81de-e3e48052df18: receive RaftClientReply:client-D83FC23EEBD8->4c571e18-69a3-4a6d-81de-e3e48052df18@group-644576B5741B, cid=2257, SUCCESS, logIndex=0, commits[4c571e18-69a3-4a6d-81de-e3e48052df18:c3304, 15893972-388e-43c0-9d6c-ca4c76ac06da:c3301, c86beb1c-9105-4588-b1e8-133030361c51:c3301]
2019-07-12 12:28:23,642 INFO  client.GrpcClientProtocolClient (GrpcClientProtocolClient.java:onNext(255)) - client-D83FC23EEBD8->4c571e18-69a3-4a6d-81de-e3e48052df18: receive RaftClientReply:client-D83FC23EEBD8->4c571e18-69a3-4a6d-81de-e3e48052df18@group-644576B5741B, cid=2258, SUCCESS, logIndex=3308, commits[4c571e18-69a3-4a6d-81de-e3e48052df18:c3309, 15893972-388e-43c0-9d6c-ca4c76ac06da:c3307, c86beb1c-9105-4588-b1e8-133030361c51:c3307]
2019-07-12 12:28:23,643 INFO  client.GrpcClientProtocolClient (GrpcClientProtocolClient.java:onNext(255)) - client-D83FC23EEBD8->4c571e18-69a3-4a6d-81de-e3e48052df18: receive RaftClientReply:client-D83FC23EEBD8->4c571e18-69a3-4a6d-81de-e3e48052df18@group-644576B5741B, cid=2259, SUCCESS, logIndex=3309, commits[4c571e18-69a3-4a6d-81de-e3e48052df18:c3309, 15893972-388e-43c0-9d6c-ca4c76ac06da:c3307, c86beb1c-9105-4588-b1e8-133030361c51:c3307]
2019-07-12 12:28:23,655 INFO  client.GrpcClientProtocolClient (GrpcClientProtocolClient.java:onNext(255)) - client-D83FC23EEBD8->4c571e18-69a3-4a6d-81de-e3e48052df18: receive RaftClientReply:client-D83FC23EEBD8->4c571e18-69a3-4a6d-81de-e3e48052df18@group-644576B5741B, cid=2260, SUCCESS, logIndex=3311, commits[4c571e18-69a3-4a6d-81de-e3e48052df18:c3312, 15893972-388e-43c0-9d6c-ca4c76ac06da:c3309, c86beb1c-9105-4588-b1e8-133030361c51:c3309]
2019-07-12 12:28:23,655 INFO  client.GrpcClientProtocolClient (GrpcClientProtocolClient.java:onNext(255)) - client-D83FC23EEBD8->4c571e18-69a3-4a6d-81de-e3e48052df18: receive RaftClientReply:client-D83FC23EEBD8->4c571e18-69a3-4a6d-81de-e3e48052df18@group-644576B5741B, cid=2261, SUCCESS, logIndex=3312, commits[4c571e18-69a3-4a6d-81de-e3e48052df18:c3312, 15893972-388e-43c0-9d6c-ca4c76ac06da:c3309, c86beb1c-9105-4588-b1e8-133030361c51:c3309]
2019-07-12 12:28:23,658 INFO  client.GrpcClientProtocolClient (GrpcClientProtocolClient.java:onNext(255)) - client-D83FC23EEBD8->4c571e18-69a3-4a6d-81de-e3e48052df18: receive RaftClientReply:client-D83FC23EEBD8->4c571e18-69a3-4a6d-81de-e3e48052df18@group-644576B5741B, cid=2262, SUCCESS, logIndex=0, commits[4c571e18-69a3-4a6d-81de-e3e48052df18:c3314, 15893972-388e-43c0-9d6c-ca4c76ac06da:c3312, c86beb1c-9105-4588-b1e8-133030361c51:c3312]
2019-07-12 12:28:23,696 INFO  client.GrpcClientProtocolClient (GrpcClientProtocolClient.java:onNext(255)) - client-D83FC23EEBD8->4c571e18-69a3-4a6d-81de-e3e48052df18: receive RaftClientReply:client-D83FC23EEBD8->4c571e18-69a3-4a6d-81de-e3e48052df18@group-644576B5741B, cid=2263, SUCCESS, logIndex=3315, commits[4c571e18-69a3-4a6d-81de-e3e48052df18:c3316, 15893972-388e-43c0-9d6c-ca4c76ac06da:c3314, c86beb1c-9105-4588-b1e8-133030361c51:c3312]
2019-07-12 12:28:23,696 INFO  client.GrpcClientProtocolClient (GrpcClientProtocolClient.java:onNext(255)) - client-D83FC23EEBD8->4c571e18-69a3-4a6d-81de-e3e48052df18: receive RaftClientReply:client-D83FC23EEBD8->4c571e18-69a3-4a6d-81de-e3e48052df18@group-644576B5741B, cid=2264, SUCCESS, logIndex=3316, commits[4c571e18-69a3-4a6d-81de-e3e48052df18:c3316, 15893972-388e-43c0-9d6c-ca4c76ac06da:c3314, c86beb1c-9105-4588-b1e8-133030361c51:c3314]
2019-07-12 12:28:23,697 INFO  client.GrpcClientProtocolClient (GrpcClientProtocolClient.java:onNext(255)) - client-D83FC23EEBD8->4c571e18-69a3-4a6d-81de-e3e48052df18: receive RaftClientReply:client-D83FC23EEBD8->4c571e18-69a3-4a6d-81de-e3e48052df18@group-644576B5741B, cid=2265, SUCCESS, logIndex=3317, commits[4c571e18-69a3-4a6d-81de-e3e48052df18:c3318, 15893972-388e-43c0-9d6c-ca4c76ac06da:c3314, c86beb1c-9105-4588-b1e8-133030361c51:c3314]
2019-07-12 12:28:23,697 INFO  client.GrpcClientProtocolClient (GrpcClientProtocolClient.java:onNext(255)) - client-D83FC23EEBD8->4c571e18-69a3-4a6d-81de-e3e48052df18: receive RaftClientReply:client-D83FC23EEBD8->4c571e18-69a3-4a6d-81de-e3e48052df18@group-644576B5741B, cid=2266, SUCCESS, logIndex=3318, commits[4c571e18-69a3-4a6d-81de-e3e48052df18:c3318, 15893972-388e-43c0-9d6c-ca4c76ac06da:c3314, c86beb1c-9105-4588-b1e8-133030361c51:c3314]
2019-07-12 12:28:23,699 INFO  client.GrpcClientProtocolClient (GrpcClientProtocolClient.java:onNext(255)) - client-D83FC23EEBD8->4c571e18-69a3-4a6d-81de-e3e48052df18: receive RaftClientReply:client-D83FC23EEBD8->4c571e18-69a3-4a6d-81de-e3e48052df18@group-644576B5741B, cid=2267, SUCCESS, logIndex=0, commits[4c571e18-69a3-4a6d-81de-e3e48052df18:c3320, 15893972-388e-43c0-9d6c-ca4c76ac06da:c3316, c86beb1c-9105-4588-b1e8-133030361c51:c3316]
2019-07-12 12:28:23,718 INFO  client.GrpcClientProtocolClient (GrpcClientProtocolClient.java:onNext(255)) - client-D83FC23EEBD8->4c571e18-69a3-4a6d-81de-e3e48052df18: receive RaftClientReply:client-D83FC23EEBD8->4c571e18-69a3-4a6d-81de-e3e48052df18@group-644576B5741B, cid=2268, SUCCESS, logIndex=3322, commits[4c571e18-69a3-4a6d-81de-e3e48052df18:c3323, 15893972-388e-43c0-9d6c-ca4c76ac06da:c3321, c86beb1c-9105-4588-b1e8-133030361c51:c3321]
2019-07-12 12:28:23,718 INFO  client.GrpcClientProtocolClient (GrpcClientProtocolClient.java:onNext(255)) - client-D83FC23EEBD8->4c571e18-69a3-4a6d-81de-e3e48052df18: receive RaftClientReply:client-D83FC23EEBD8->4c571e18-69a3-4a6d-81de-e3e48052df18@group-644576B5741B, cid=2269, SUCCESS, logIndex=3323, commits[4c571e18-69a3-4a6d-81de-e3e48052df18:c3323, 15893972-388e-43c0-9d6c-ca4c76ac06da:c3321, c86beb1c-9105-4588-b1e8-133030361c51:c3321]
2019-07-12 12:28:23,731 INFO  client.GrpcClientProtocolClient (GrpcClientProtocolClient.java:onNext(255)) - client-D83FC23EEBD8->4c571e18-69a3-4a6d-81de-e3e48052df18: receive RaftClientReply:client-D83FC23EEBD8->4c571e18-69a3-4a6d-81de-e3e48052df18@group-644576B5741B, cid=2270, SUCCESS, logIndex=3326, commits[4c571e18-69a3-4a6d-81de-e3e48052df18:c3326, 15893972-388e-43c0-9d6c-ca4c76ac06da:c3323, c86beb1c-9105-4588-b1e8-133030361c51:c3323]
2019-07-12 12:28:23,731 INFO  client.GrpcClientProtocolClient (GrpcClientProtocolClient.java:onNext(255)) - client-D83FC23EEBD8->4c571e18-69a3-4a6d-81de-e3e48052df18: receive RaftClientReply:client-D83FC23EEBD8->4c571e18-69a3-4a6d-81de-e3e48052df18@group-644576B5741B, cid=2271, SUCCESS, logIndex=3327, commits[4c571e18-69a3-4a6d-81de-e3e48052df18:c3327, 15893972-388e-43c0-9d6c-ca4c76ac06da:c3323, c86beb1c-9105-4588-b1e8-133030361c51:c3323]
2019-07-12 12:28:23,733 INFO  client.GrpcClientProtocolClient (GrpcClientProtocolClient.java:onNext(255)) - client-D83FC23EEBD8->4c571e18-69a3-4a6d-81de-e3e48052df18: receive RaftClientReply:client-D83FC23EEBD8->4c571e18-69a3-4a6d-81de-e3e48052df18@group-644576B5741B, cid=2272, SUCCESS, logIndex=0, commits[4c571e18-69a3-4a6d-81de-e3e48052df18:c3329, 15893972-388e-43c0-9d6c-ca4c76ac06da:c3327, c86beb1c-9105-4588-b1e8-133030361c51:c3327]
2019-07-12 12:28:23,758 INFO  client.GrpcClientProtocolClient (GrpcClientProtocolClient.java:onNext(255)) - client-D83FC23EEBD8->4c571e18-69a3-4a6d-81de-e3e48052df18: receive RaftClientReply:client-D83FC23EEBD8->4c571e18-69a3-4a6d-81de-e3e48052df18@group-644576B5741B, cid=2273, SUCCESS, logIndex=3330, commits[4c571e18-69a3-4a6d-81de-e3e48052df18:c3331, 15893972-388e-43c0-9d6c-ca4c76ac06da:c3329, c86beb1c-9105-4588-b1e8-133030361c51:c3329]
2019-07-12 12:28:23,759 INFO  client.GrpcClientProtocolClient (GrpcClientProtocolClient.java:onNext(255)) - client-D83FC23EEBD8->4c571e18-69a3-4a6d-81de-e3e48052df18: receive RaftClientReply:client-D83FC23EEBD8->4c571e18-69a3-4a6d-81de-e3e48052df18@group-644576B5741B, cid=2274, SUCCESS, logIndex=3331, commits[4c571e18-69a3-4a6d-81de-e3e48052df18:c3331, 15893972-388e-43c0-9d6c-ca4c76ac06da:c3329, c86beb1c-9105-4588-b1e8-133030361c51:c3329]
2019-07-12 12:28:23,759 INFO  client.GrpcClientProtocolClient (GrpcClientProtocolClient.java:onNext(255)) - client-D83FC23EEBD8->4c571e18-69a3-4a6d-81de-e3e48052df18: receive RaftClientReply:client-D83FC23EEBD8->4c571e18-69a3-4a6d-81de-e3e48052df18@group-644576B5741B, cid=2275, SUCCESS, logIndex=3332, commits[4c571e18-69a3-4a6d-81de-e3e48052df18:c3333, 15893972-388e-43c0-9d6c-ca4c76ac06da:c3329, c86beb1c-9105-4588-b1e8-133030361c51:c3329]
2019-07-12 12:28:23,759 INFO  client.GrpcClientProtocolClient (GrpcClientProtocolClient.java:onNext(255)) - client-D83FC23EEBD8->4c571e18-69a3-4a6d-81de-e3e48052df18: receive RaftClientReply:client-D83FC23EEBD8->4c571e18-69a3-4a6d-81de-e3e48052df18@group-644576B5741B, cid=2276, SUCCESS, logIndex=3333, commits[4c571e18-69a3-4a6d-81de-e3e48052df18:c3333, 15893972-388e-43c0-9d6c-ca4c76ac06da:c3329, c86beb1c-9105-4588-b1e8-133030361c51:c3329]
2019-07-12 12:28:23,761 INFO  client.GrpcClientProtocolClient (GrpcClientProtocolClient.java:onNext(255)) - client-D83FC23EEBD8->4c571e18-69a3-4a6d-81de-e3e48052df18: receive RaftClientReply:client-D83FC23EEBD8->4c571e18-69a3-4a6d-81de-e3e48052df18@group-644576B5741B, cid=2277, SUCCESS, logIndex=0, commits[4c571e18-69a3-4a6d-81de-e3e48052df18:c3335, 15893972-388e-43c0-9d6c-ca4c76ac06da:c3333, c86beb1c-9105-4588-b1e8-133030361c51:c3333]
2019-07-12 12:28:23,780 INFO  client.GrpcClientProtocolClient (GrpcClientProtocolClient.java:onNext(255)) - client-D83FC23EEBD8->4c571e18-69a3-4a6d-81de-e3e48052df18: receive RaftClientReply:client-D83FC23EEBD8->4c571e18-69a3-4a6d-81de-e3e48052df18@group-644576B5741B, cid=2278, SUCCESS, logIndex=3338, commits[4c571e18-69a3-4a6d-81de-e3e48052df18:c3339, 15893972-388e-43c0-9d6c-ca4c76ac06da:c3337, c86beb1c-9105-4588-b1e8-133030361c51:c3337]
2019-07-12 12:28:23,780 INFO  client.GrpcClientProtocolClient (GrpcClientProtocolClient.java:onNext(255)) - client-D83FC23EEBD8->4c571e18-69a3-4a6d-81de-e3e48052df18: receive RaftClientReply:client-D83FC23EEBD8->4c571e18-69a3-4a6d-81de-e3e48052df18@group-644576B5741B, cid=2279, SUCCESS, logIndex=3339, commits[4c571e18-69a3-4a6d-81de-e3e48052df18:c3339, 15893972-388e-43c0-9d6c-ca4c76ac06da:c3337, c86beb1c-9105-4588-b1e8-133030361c51:c3337]
2019-07-12 12:28:23,793 INFO  client.GrpcClientProtocolClient (GrpcClientProtocolClient.java:onNext(255)) - client-D83FC23EEBD8->4c571e18-69a3-4a6d-81de-e3e48052df18: receive RaftClientReply:client-D83FC23EEBD8->4c571e18-69a3-4a6d-81de-e3e48052df18@group-644576B5741B, cid=2280, SUCCESS, logIndex=3342, commits[4c571e18-69a3-4a6d-81de-e3e48052df18:c3343, 15893972-388e-43c0-9d6c-ca4c76ac06da:c3339, c86beb1c-9105-4588-b1e8-133030361c51:c3339]
2019-07-12 12:28:23,793 INFO  client.GrpcClientProtocolClient (GrpcClientProtocolClient.java:onNext(255)) - client-D83FC23EEBD8->4c571e18-69a3-4a6d-81de-e3e48052df18: receive RaftClientReply:client-D83FC23EEBD8->4c571e18-69a3-4a6d-81de-e3e48052df18@group-644576B5741B, cid=2281, SUCCESS, logIndex=3343, commits[4c571e18-69a3-4a6d-81de-e3e48052df18:c3343, 15893972-388e-43c0-9d6c-ca4c76ac06da:c3339, c86beb1c-9105-4588-b1e8-133030361c51:c3339]
2019-07-12 12:28:23,806 INFO  client.GrpcClientProtocolClient (GrpcClientProtocolClient.java:onNext(255)) - client-D83FC23EEBD8->4c571e18-69a3-4a6d-81de-e3e48052df18: receive RaftClientReply:client-D83FC23EEBD8->4c571e18-69a3-4a6d-81de-e3e48052df18@group-644576B5741B, cid=2282, SUCCESS, logIndex=0, commits[4c571e18-69a3-4a6d-81de-e3e48052df18:c3345, 15893972-388e-43c0-9d6c-ca4c76ac06da:c3343, c86beb1c-9105-4588-b1e8-133030361c51:c3343]
2019-07-12 12:28:23,842 INFO  client.GrpcClientProtocolClient (GrpcClientProtocolClient.java:onNext(255)) - client-D83FC23EEBD8->4c571e18-69a3-4a6d-81de-e3e48052df18: receive RaftClientReply:client-D83FC23EEBD8->4c571e18-69a3-4a6d-81de-e3e48052df18@group-644576B5741B, cid=2283, SUCCESS, logIndex=3346, commits[4c571e18-69a3-4a6d-81de-e3e48052df18:c3347, 15893972-388e-43c0-9d6c-ca4c76ac06da:c3345, c86beb1c-9105-4588-b1e8-133030361c51:c3345]
2019-07-12 12:28:23,843 INFO  client.GrpcClientProtocolClient (GrpcClientProtocolClient.java:onNext(255)) - client-D83FC23EEBD8->4c571e18-69a3-4a6d-81de-e3e48052df18: receive RaftClientReply:client-D83FC23EEBD8->4c571e18-69a3-4a6d-81de-e3e48052df18@group-644576B5741B, cid=2284, SUCCESS, logIndex=3347, commits[4c571e18-69a3-4a6d-81de-e3e48052df18:c3347, 15893972-388e-43c0-9d6c-ca4c76ac06da:c3345, c86beb1c-9105-4588-b1e8-133030361c51:c3345]
2019-07-12 12:28:23,843 INFO  client.GrpcClientProtocolClient (GrpcClientProtocolClient.java:onNext(255)) - client-D83FC23EEBD8->4c571e18-69a3-4a6d-81de-e3e48052df18: receive RaftClientReply:client-D83FC23EEBD8->4c571e18-69a3-4a6d-81de-e3e48052df18@group-644576B5741B, cid=2285, SUCCESS, logIndex=3348, commits[4c571e18-69a3-4a6d-81de-e3e48052df18:c3348, 15893972-388e-43c0-9d6c-ca4c76ac06da:c3345, c86beb1c-9105-4588-b1e8-133030361c51:c3345]
2019-07-12 12:28:23,843 INFO  client.GrpcClientProtocolClient (GrpcClientProtocolClient.java:onNext(255)) - client-D83FC23EEBD8->4c571e18-69a3-4a6d-81de-e3e48052df18: receive RaftClientReply:client-D83FC23EEBD8->4c571e18-69a3-4a6d-81de-e3e48052df18@group-644576B5741B, cid=2286, SUCCESS, logIndex=3349, commits[4c571e18-69a3-4a6d-81de-e3e48052df18:c3349, 15893972-388e-43c0-9d6c-ca4c76ac06da:c3345, c86beb1c-9105-4588-b1e8-133030361c51:c3345]
2019-07-12 12:28:23,844 INFO  client.GrpcClientProtocolClient (GrpcClientProtocolClient.java:onNext(255)) - client-D83FC23EEBD8->4c571e18-69a3-4a6d-81de-e3e48052df18: receive RaftClientReply:client-D83FC23EEBD8->4c571e18-69a3-4a6d-81de-e3e48052df18@group-644576B5741B, cid=2287, SUCCESS, logIndex=0, commits[4c571e18-69a3-4a6d-81de-e3e48052df18:c3351, 15893972-388e-43c0-9d6c-ca4c76ac06da:c3347, c86beb1c-9105-4588-b1e8-133030361c51:c3347]
2019-07-12 12:28:23,862 INFO  client.GrpcClientProtocolClient (GrpcClientProtocolClient.java:onNext(255)) - client-D83FC23EEBD8->4c571e18-69a3-4a6d-81de-e3e48052df18: receive RaftClientReply:client-D83FC23EEBD8->4c571e18-69a3-4a6d-81de-e3e48052df18@group-644576B5741B, cid=2288, SUCCESS, logIndex=3354, commits[4c571e18-69a3-4a6d-81de-e3e48052df18:c3355, 15893972-388e-43c0-9d6c-ca4c76ac06da:c3353, c86beb1c-9105-4588-b1e8-133030361c51:c3353]
2019-07-12 12:28:23,862 INFO  client.GrpcClientProtocolClient (GrpcClientProtocolClient.java:onNext(255)) - client-D83FC23EEBD8->4c571e18-69a3-4a6d-81de-e3e48052df18: receive RaftClientReply:client-D83FC23EEBD8->4c571e18-69a3-4a6d-81de-e3e48052df18@group-644576B5741B, cid=2289, SUCCESS, logIndex=3355, commits[4c571e18-69a3-4a6d-81de-e3e48052df18:c3355, 15893972-388e-43c0-9d6c-ca4c76ac06da:c3353, c86beb1c-9105-4588-b1e8-133030361c51:c3353]
2019-07-12 12:28:23,876 INFO  client.GrpcClientProtocolClient (GrpcClientProtocolClient.java:onNext(255)) - client-D83FC23EEBD8->4c571e18-69a3-4a6d-81de-e3e48052df18: receive RaftClientReply:client-D83FC23EEBD8->4c571e18-69a3-4a6d-81de-e3e48052df18@group-644576B5741B, cid=2290, SUCCESS, logIndex=3358, commits[4c571e18-69a3-4a6d-81de-e3e48052df18:c3359, 15893972-388e-43c0-9d6c-ca4c76ac06da:c3355, c86beb1c-9105-4588-b1e8-133030361c51:c3355]
2019-07-12 12:28:23,876 INFO  client.GrpcClientProtocolClient (GrpcClientProtocolClient.java:onNext(255)) - client-D83FC23EEBD8->4c571e18-69a3-4a6d-81de-e3e48052df18: receive RaftClientReply:client-D83FC23EEBD8->4c571e18-69a3-4a6d-81de-e3e48052df18@group-644576B5741B, cid=2291, SUCCESS, logIndex=3359, commits[4c571e18-69a3-4a6d-81de-e3e48052df18:c3359, 15893972-388e-43c0-9d6c-ca4c76ac06da:c3355, c86beb1c-9105-4588-b1e8-133030361c51:c3355]
2019-07-12 12:28:23,889 INFO  client.GrpcClientProtocolClient (GrpcClientProtocolClient.java:onNext(255)) - client-D83FC23EEBD8->4c571e18-69a3-4a6d-81de-e3e48052df18: receive RaftClientReply:client-D83FC23EEBD8->4c571e18-69a3-4a6d-81de-e3e48052df18@group-644576B5741B, cid=2292, SUCCESS, logIndex=0, commits[4c571e18-69a3-4a6d-81de-e3e48052df18:c3361, 15893972-388e-43c0-9d6c-ca4c76ac06da:c3359, c86beb1c-9105-4588-b1e8-133030361c51:c3359]
2019-07-12 12:28:23,917 INFO  client.GrpcClientProtocolClient (GrpcClientProtocolClient.java:onNext(255)) - client-D83FC23EEBD8->4c571e18-69a3-4a6d-81de-e3e48052df18: receive RaftClientReply:client-D83FC23EEBD8->4c571e18-69a3-4a6d-81de-e3e48052df18@group-644576B5741B, cid=2293, SUCCESS, logIndex=3362, commits[4c571e18-69a3-4a6d-81de-e3e48052df18:c3365, 15893972-388e-43c0-9d6c-ca4c76ac06da:c3361, c86beb1c-9105-4588-b1e8-133030361c51:c3361]
2019-07-12 12:28:23,918 INFO  client.GrpcClientProtocolClient (GrpcClientProtocolClient.java:onNext(255)) - client-D83FC23EEBD8->4c571e18-69a3-4a6d-81de-e3e48052df18: receive RaftClientReply:client-D83FC23EEBD8->4c571e18-69a3-4a6d-81de-e3e48052df18@group-644576B5741B, cid=2294, SUCCESS, logIndex=3363, commits[4c571e18-69a3-4a6d-81de-e3e48052df18:c3365, 15893972-388e-43c0-9d6c-ca4c76ac06da:c3361, c86beb1c-9105-4588-b1e8-133030361c51:c3361]
2019-07-12 12:28:23,918 INFO  client.GrpcClientProtocolClient (GrpcClientProtocolClient.java:onNext(255)) - client-D83FC23EEBD8->4c571e18-69a3-4a6d-81de-e3e48052df18: receive RaftClientReply:client-D83FC23EEBD8->4c571e18-69a3-4a6d-81de-e3e48052df18@group-644576B5741B, cid=2295, SUCCESS, logIndex=3364, commits[4c571e18-69a3-4a6d-81de-e3e48052df18:c3365, 15893972-388e-43c0-9d6c-ca4c76ac06da:c3361, c86beb1c-9105-4588-b1e8-133030361c51:c3361]
2019-07-12 12:28:23,919 INFO  client.GrpcClientProtocolClient (GrpcClientProtocolClient.java:onNext(255)) - client-D83FC23EEBD8->4c571e18-69a3-4a6d-81de-e3e48052df18: receive RaftClientReply:client-D83FC23EEBD8->4c571e18-69a3-4a6d-81de-e3e48052df18@group-644576B5741B, cid=2296, SUCCESS, logIndex=3365, commits[4c571e18-69a3-4a6d-81de-e3e48052df18:c3365, 15893972-388e-43c0-9d6c-ca4c76ac06da:c3361, c86beb1c-9105-4588-b1e8-133030361c51:c3361]
2019-07-12 12:28:23,920 INFO  client.GrpcClientProtocolClient (GrpcClientProtocolClient.java:onNext(255)) - client-D83FC23EEBD8->4c571e18-69a3-4a6d-81de-e3e48052df18: receive RaftClientReply:client-D83FC23EEBD8->4c571e18-69a3-4a6d-81de-e3e48052df18@group-644576B5741B, cid=2297, SUCCESS, logIndex=0, commits[4c571e18-69a3-4a6d-81de-e3e48052df18:c3367, 15893972-388e-43c0-9d6c-ca4c76ac06da:c3363, c86beb1c-9105-4588-b1e8-133030361c51:c3363]
2019-07-12 12:28:23,950 INFO  client.GrpcClientProtocolClient (GrpcClientProtocolClient.java:onNext(255)) - client-D83FC23EEBD8->4c571e18-69a3-4a6d-81de-e3e48052df18: receive RaftClientReply:client-D83FC23EEBD8->4c571e18-69a3-4a6d-81de-e3e48052df18@group-644576B5741B, cid=2298, SUCCESS, logIndex=3370, commits[4c571e18-69a3-4a6d-81de-e3e48052df18:c3371, 15893972-388e-43c0-9d6c-ca4c76ac06da:c3369, c86beb1c-9105-4588-b1e8-133030361c51:c3369]
2019-07-12 12:28:23,950 INFO  client.GrpcClientProtocolClient (GrpcClientProtocolClient.java:onNext(255)) - client-D83FC23EEBD8->4c571e18-69a3-4a6d-81de-e3e48052df18: receive RaftClientReply:client-D83FC23EEBD8->4c571e18-69a3-4a6d-81de-e3e48052df18@group-644576B5741B, cid=2299, SUCCESS, logIndex=3371, commits[4c571e18-69a3-4a6d-81de-e3e48052df18:c3371, 15893972-388e-43c0-9d6c-ca4c76ac06da:c3369, c86beb1c-9105-4588-b1e8-133030361c51:c3369]
2019-07-12 12:28:23,969 INFO  client.GrpcClientProtocolClient (GrpcClientProtocolClient.java:onNext(255)) - client-D83FC23EEBD8->4c571e18-69a3-4a6d-81de-e3e48052df18: receive RaftClientReply:client-D83FC23EEBD8->4c571e18-69a3-4a6d-81de-e3e48052df18@group-644576B5741B, cid=2300, SUCCESS, logIndex=3374, commits[4c571e18-69a3-4a6d-81de-e3e48052df18:c3375, 15893972-388e-43c0-9d6c-ca4c76ac06da:c3372, c86beb1c-9105-4588-b1e8-133030361c51:c3372]
2019-07-12 12:28:23,970 INFO  client.GrpcClientProtocolClient (GrpcClientProtocolClient.java:onNext(255)) - client-D83FC23EEBD8->4c571e18-69a3-4a6d-81de-e3e48052df18: receive RaftClientReply:client-D83FC23EEBD8->4c571e18-69a3-4a6d-81de-e3e48052df18@group-644576B5741B, cid=2301, SUCCESS, logIndex=3375, commits[4c571e18-69a3-4a6d-81de-e3e48052df18:c3375, 15893972-388e-43c0-9d6c-ca4c76ac06da:c3372, c86beb1c-9105-4588-b1e8-133030361c51:c3372]
2019-07-12 12:28:23,981 INFO  client.GrpcClientProtocolClient (GrpcClientProtocolClient.java:onNext(255)) - client-D83FC23EEBD8->4c571e18-69a3-4a6d-81de-e3e48052df18: receive RaftClientReply:client-D83FC23EEBD8->4c571e18-69a3-4a6d-81de-e3e48052df18@group-644576B5741B, cid=2302, SUCCESS, logIndex=0, commits[4c571e18-69a3-4a6d-81de-e3e48052df18:c3376, 15893972-388e-43c0-9d6c-ca4c76ac06da:c3375, c86beb1c-9105-4588-b1e8-133030361c51:c3375]
2019-07-12 12:28:24,008 INFO  client.GrpcClientProtocolClient (GrpcClientProtocolClient.java:onNext(255)) - client-D83FC23EEBD8->4c571e18-69a3-4a6d-81de-e3e48052df18: receive RaftClientReply:client-D83FC23EEBD8->4c571e18-69a3-4a6d-81de-e3e48052df18@group-644576B5741B, cid=2303, SUCCESS, logIndex=3378, commits[4c571e18-69a3-4a6d-81de-e3e48052df18:c3380, 15893972-388e-43c0-9d6c-ca4c76ac06da:c3377, c86beb1c-9105-4588-b1e8-133030361c51:c3377]
2019-07-12 12:28:24,008 INFO  client.GrpcClientProtocolClient (GrpcClientProtocolClient.java:onNext(255)) - client-D83FC23EEBD8->4c571e18-69a3-4a6d-81de-e3e48052df18: receive RaftClientReply:client-D83FC23EEBD8->4c571e18-69a3-4a6d-81de-e3e48052df18@group-644576B5741B, cid=2304, SUCCESS, logIndex=3379, commits[4c571e18-69a3-4a6d-81de-e3e48052df18:c3381, 15893972-388e-43c0-9d6c-ca4c76ac06da:c3377, c86beb1c-9105-4588-b1e8-133030361c51:c3377]
2019-07-12 12:28:24,008 INFO  client.GrpcClientProtocolClient (GrpcClientProtocolClient.java:onNext(255)) - client-D83FC23EEBD8->4c571e18-69a3-4a6d-81de-e3e48052df18: receive RaftClientReply:client-D83FC23EEBD8->4c571e18-69a3-4a6d-81de-e3e48052df18@group-644576B5741B, cid=2305, SUCCESS, logIndex=3380, commits[4c571e18-69a3-4a6d-81de-e3e48052df18:c3381, 15893972-388e-43c0-9d6c-ca4c76ac06da:c3377, c86beb1c-9105-4588-b1e8-133030361c51:c3377]
2019-07-12 12:28:24,009 INFO  client.GrpcClientProtocolClient (GrpcClientProtocolClient.java:onNext(255)) - client-D83FC23EEBD8->4c571e18-69a3-4a6d-81de-e3e48052df18: receive RaftClientReply:client-D83FC23EEBD8->4c571e18-69a3-4a6d-81de-e3e48052df18@group-644576B5741B, cid=2306, SUCCESS, logIndex=3381, commits[4c571e18-69a3-4a6d-81de-e3e48052df18:c3381, 15893972-388e-43c0-9d6c-ca4c76ac06da:c3377, c86beb1c-9105-4588-b1e8-133030361c51:c3377]
2019-07-12 12:28:24,019 INFO  client.GrpcClientProtocolClient (GrpcClientProtocolClient.java:onNext(255)) - client-D83FC23EEBD8->4c571e18-69a3-4a6d-81de-e3e48052df18: receive RaftClientReply:client-D83FC23EEBD8->4c571e18-69a3-4a6d-81de-e3e48052df18@group-644576B5741B, cid=2307, SUCCESS, logIndex=0, commits[4c571e18-69a3-4a6d-81de-e3e48052df18:c3382, 15893972-388e-43c0-9d6c-ca4c76ac06da:c3379, c86beb1c-9105-4588-b1e8-133030361c51:c3379]
2019-07-12 12:28:24,038 INFO  client.GrpcClientProtocolClient (GrpcClientProtocolClient.java:onNext(255)) - client-D83FC23EEBD8->4c571e18-69a3-4a6d-81de-e3e48052df18: receive RaftClientReply:client-D83FC23EEBD8->4c571e18-69a3-4a6d-81de-e3e48052df18@group-644576B5741B, cid=2308, SUCCESS, logIndex=3386, commits[4c571e18-69a3-4a6d-81de-e3e48052df18:c3387, 15893972-388e-43c0-9d6c-ca4c76ac06da:c3385, c86beb1c-9105-4588-b1e8-133030361c51:c3385]
2019-07-12 12:28:24,038 INFO  client.GrpcClientProtocolClient (GrpcClientProtocolClient.java:onNext(255)) - client-D83FC23EEBD8->4c571e18-69a3-4a6d-81de-e3e48052df18: receive RaftClientReply:client-D83FC23EEBD8->4c571e18-69a3-4a6d-81de-e3e48052df18@group-644576B5741B, cid=2309, SUCCESS, logIndex=3387, commits[4c571e18-69a3-4a6d-81de-e3e48052df18:c3387, 15893972-388e-43c0-9d6c-ca4c76ac06da:c3385, c86beb1c-9105-4588-b1e8-133030361c51:c3385]
2019-07-12 12:28:24,052 INFO  client.GrpcClientProtocolClient (GrpcClientProtocolClient.java:onNext(255)) - client-D83FC23EEBD8->4c571e18-69a3-4a6d-81de-e3e48052df18: receive RaftClientReply:client-D83FC23EEBD8->4c571e18-69a3-4a6d-81de-e3e48052df18@group-644576B5741B, cid=2310, SUCCESS, logIndex=3390, commits[4c571e18-69a3-4a6d-81de-e3e48052df18:c3391, 15893972-388e-43c0-9d6c-ca4c76ac06da:c3387, c86beb1c-9105-4588-b1e8-133030361c51:c3387]
2019-07-12 12:28:24,052 INFO  client.GrpcClientProtocolClient (GrpcClientProtocolClient.java:onNext(255)) - client-D83FC23EEBD8->4c571e18-69a3-4a6d-81de-e3e48052df18: receive RaftClientReply:client-D83FC23EEBD8->4c571e18-69a3-4a6d-81de-e3e48052df18@group-644576B5741B, cid=2311, SUCCESS, logIndex=3391, commits[4c571e18-69a3-4a6d-81de-e3e48052df18:c3391, 15893972-388e-43c0-9d6c-ca4c76ac06da:c3387, c86beb1c-9105-4588-b1e8-133030361c51:c3387]
2019-07-12 12:28:24,063 INFO  client.GrpcClientProtocolClient (GrpcClientProtocolClient.java:onNext(255)) - client-D83FC23EEBD8->4c571e18-69a3-4a6d-81de-e3e48052df18: receive RaftClientReply:client-D83FC23EEBD8->4c571e18-69a3-4a6d-81de-e3e48052df18@group-644576B5741B, cid=2312, SUCCESS, logIndex=0, commits[4c571e18-69a3-4a6d-81de-e3e48052df18:c3391, 15893972-388e-43c0-9d6c-ca4c76ac06da:c3391, c86beb1c-9105-4588-b1e8-133030361c51:c3391]
2019-07-12 12:28:24,088 INFO  client.GrpcClientProtocolClient (GrpcClientProtocolClient.java:onNext(255)) - client-D83FC23EEBD8->4c571e18-69a3-4a6d-81de-e3e48052df18: receive RaftClientReply:client-D83FC23EEBD8->4c571e18-69a3-4a6d-81de-e3e48052df18@group-644576B5741B, cid=2313, SUCCESS, logIndex=3394, commits[4c571e18-69a3-4a6d-81de-e3e48052df18:c3395, 15893972-388e-43c0-9d6c-ca4c76ac06da:c3393, c86beb1c-9105-4588-b1e8-133030361c51:c3393]
2019-07-12 12:28:24,088 INFO  client.GrpcClientProtocolClient (GrpcClientProtocolClient.java:onNext(255)) - client-D83FC23EEBD8->4c571e18-69a3-4a6d-81de-e3e48052df18: receive RaftClientReply:client-D83FC23EEBD8->4c571e18-69a3-4a6d-81de-e3e48052df18@group-644576B5741B, cid=2314, SUCCESS, logIndex=3395, commits[4c571e18-69a3-4a6d-81de-e3e48052df18:c3395, 15893972-388e-43c0-9d6c-ca4c76ac06da:c3393, c86beb1c-9105-4588-b1e8-133030361c51:c3393]
2019-07-12 12:28:24,088 INFO  client.GrpcClientProtocolClient (GrpcClientProtocolClient.java:onNext(255)) - client-D83FC23EEBD8->4c571e18-69a3-4a6d-81de-e3e48052df18: receive RaftClientReply:client-D83FC23EEBD8->4c571e18-69a3-4a6d-81de-e3e48052df18@group-644576B5741B, cid=2315, SUCCESS, logIndex=3396, commits[4c571e18-69a3-4a6d-81de-e3e48052df18:c3396, 15893972-388e-43c0-9d6c-ca4c76ac06da:c3393, c86beb1c-9105-4588-b1e8-133030361c51:c3393]
2019-07-12 12:28:24,089 INFO  client.GrpcClientProtocolClient (GrpcClientProtocolClient.java:onNext(255)) - client-D83FC23EEBD8->4c571e18-69a3-4a6d-81de-e3e48052df18: receive RaftClientReply:client-D83FC23EEBD8->4c571e18-69a3-4a6d-81de-e3e48052df18@group-644576B5741B, cid=2316, SUCCESS, logIndex=3397, commits[4c571e18-69a3-4a6d-81de-e3e48052df18:c3397, 15893972-388e-43c0-9d6c-ca4c76ac06da:c3393, c86beb1c-9105-4588-b1e8-133030361c51:c3393]
2019-07-12 12:28:24,091 INFO  client.GrpcClientProtocolClient (GrpcClientProtocolClient.java:onNext(255)) - client-D83FC23EEBD8->4c571e18-69a3-4a6d-81de-e3e48052df18: receive RaftClientReply:client-D83FC23EEBD8->4c571e18-69a3-4a6d-81de-e3e48052df18@group-644576B5741B, cid=2317, SUCCESS, logIndex=0, commits[4c571e18-69a3-4a6d-81de-e3e48052df18:c3399, 15893972-388e-43c0-9d6c-ca4c76ac06da:c3395, c86beb1c-9105-4588-b1e8-133030361c51:c3395]
2019-07-12 12:28:24,110 INFO  client.GrpcClientProtocolClient (GrpcClientProtocolClient.java:onNext(255)) - client-D83FC23EEBD8->4c571e18-69a3-4a6d-81de-e3e48052df18: receive RaftClientReply:client-D83FC23EEBD8->4c571e18-69a3-4a6d-81de-e3e48052df18@group-644576B5741B, cid=2318, SUCCESS, logIndex=3402, commits[4c571e18-69a3-4a6d-81de-e3e48052df18:c3403, 15893972-388e-43c0-9d6c-ca4c76ac06da:c3401, c86beb1c-9105-4588-b1e8-133030361c51:c3401]
2019-07-12 12:28:24,110 INFO  client.GrpcClientProtocolClient (GrpcClientProtocolClient.java:onNext(255)) - client-D83FC23EEBD8->4c571e18-69a3-4a6d-81de-e3e48052df18: receive RaftClientReply:client-D83FC23EEBD8->4c571e18-69a3-4a6d-81de-e3e48052df18@group-644576B5741B, cid=2319, SUCCESS, logIndex=3403, commits[4c571e18-69a3-4a6d-81de-e3e48052df18:c3403, 15893972-388e-43c0-9d6c-ca4c76ac06da:c3401, c86beb1c-9105-4588-b1e8-133030361c51:c3401]
2019-07-12 12:28:24,123 INFO  client.GrpcClientProtocolClient (GrpcClientProtocolClient.java:onNext(255)) - client-D83FC23EEBD8->4c571e18-69a3-4a6d-81de-e3e48052df18: receive RaftClientReply:client-D83FC23EEBD8->4c571e18-69a3-4a6d-81de-e3e48052df18@group-644576B5741B, cid=2320, SUCCESS, logIndex=3406, commits[4c571e18-69a3-4a6d-81de-e3e48052df18:c3407, 15893972-388e-43c0-9d6c-ca4c76ac06da:c3403, c86beb1c-9105-4588-b1e8-133030361c51:c3403]
2019-07-12 12:28:24,123 INFO  client.GrpcClientProtocolClient (GrpcClientProtocolClient.java:onNext(255)) - client-D83FC23EEBD8->4c571e18-69a3-4a6d-81de-e3e48052df18: receive RaftClientReply:client-D83FC23EEBD8->4c571e18-69a3-4a6d-81de-e3e48052df18@group-644576B5741B, cid=2321, SUCCESS, logIndex=3407, commits[4c571e18-69a3-4a6d-81de-e3e48052df18:c3407, 15893972-388e-43c0-9d6c-ca4c76ac06da:c3403, c86beb1c-9105-4588-b1e8-133030361c51:c3403]
2019-07-12 12:28:24,136 INFO  client.GrpcClientProtocolClient (GrpcClientProtocolClient.java:onNext(255)) - client-D83FC23EEBD8->4c571e18-69a3-4a6d-81de-e3e48052df18: receive RaftClientReply:client-D83FC23EEBD8->4c571e18-69a3-4a6d-81de-e3e48052df18@group-644576B5741B, cid=2322, SUCCESS, logIndex=0, commits[4c571e18-69a3-4a6d-81de-e3e48052df18:c3409, 15893972-388e-43c0-9d6c-ca4c76ac06da:c3407, c86beb1c-9105-4588-b1e8-133030361c51:c3407]
2019-07-12 12:28:24,162 INFO  client.GrpcClientProtocolClient (GrpcClientProtocolClient.java:onNext(255)) - client-D83FC23EEBD8->4c571e18-69a3-4a6d-81de-e3e48052df18: receive RaftClientReply:client-D83FC23EEBD8->4c571e18-69a3-4a6d-81de-e3e48052df18@group-644576B5741B, cid=2323, SUCCESS, logIndex=3410, commits[4c571e18-69a3-4a6d-81de-e3e48052df18:c3411, 15893972-388e-43c0-9d6c-ca4c76ac06da:c3409, c86beb1c-9105-4588-b1e8-133030361c51:c3409]
2019-07-12 12:28:24,163 INFO  client.GrpcClientProtocolClient (GrpcClientProtocolClient.java:onNext(255)) - client-D83FC23EEBD8->4c571e18-69a3-4a6d-81de-e3e48052df18: receive RaftClientReply:client-D83FC23EEBD8->4c571e18-69a3-4a6d-81de-e3e48052df18@group-644576B5741B, cid=2324, SUCCESS, logIndex=3411, commits[4c571e18-69a3-4a6d-81de-e3e48052df18:c3411, 15893972-388e-43c0-9d6c-ca4c76ac06da:c3409, c86beb1c-9105-4588-b1e8-133030361c51:c3409]
2019-07-12 12:28:24,163 INFO  client.GrpcClientProtocolClient (GrpcClientProtocolClient.java:onNext(255)) - client-D83FC23EEBD8->4c571e18-69a3-4a6d-81de-e3e48052df18: receive RaftClientReply:client-D83FC23EEBD8->4c571e18-69a3-4a6d-81de-e3e48052df18@group-644576B5741B, cid=2325, SUCCESS, logIndex=3412, commits[4c571e18-69a3-4a6d-81de-e3e48052df18:c3413, 15893972-388e-43c0-9d6c-ca4c76ac06da:c3409, c86beb1c-9105-4588-b1e8-133030361c51:c3409]
2019-07-12 12:28:24,164 INFO  client.GrpcClientProtocolClient (GrpcClientProtocolClient.java:onNext(255)) - client-D83FC23EEBD8->4c571e18-69a3-4a6d-81de-e3e48052df18: receive RaftClientReply:client-D83FC23EEBD8->4c571e18-69a3-4a6d-81de-e3e48052df18@group-644576B5741B, cid=2326, SUCCESS, logIndex=3413, commits[4c571e18-69a3-4a6d-81de-e3e48052df18:c3413, 15893972-388e-43c0-9d6c-ca4c76ac06da:c3409, c86beb1c-9105-4588-b1e8-133030361c51:c3409]
2019-07-12 12:28:24,166 INFO  client.GrpcClientProtocolClient (GrpcClientProtocolClient.java:onNext(255)) - client-D83FC23EEBD8->4c571e18-69a3-4a6d-81de-e3e48052df18: receive RaftClientReply:client-D83FC23EEBD8->4c571e18-69a3-4a6d-81de-e3e48052df18@group-644576B5741B, cid=2327, SUCCESS, logIndex=0, commits[4c571e18-69a3-4a6d-81de-e3e48052df18:c3417, 15893972-388e-43c0-9d6c-ca4c76ac06da:c3413, c86beb1c-9105-4588-b1e8-133030361c51:c3411]
2019-07-12 12:28:24,197 INFO  client.GrpcClientProtocolClient (GrpcClientProtocolClient.java:onNext(255)) - client-D83FC23EEBD8->4c571e18-69a3-4a6d-81de-e3e48052df18: receive RaftClientReply:client-D83FC23EEBD8->4c571e18-69a3-4a6d-81de-e3e48052df18@group-644576B5741B, cid=2328, SUCCESS, logIndex=3418, commits[4c571e18-69a3-4a6d-81de-e3e48052df18:c3419, 15893972-388e-43c0-9d6c-ca4c76ac06da:c3417, c86beb1c-9105-4588-b1e8-133030361c51:c3413]
2019-07-12 12:28:24,197 INFO  client.GrpcClientProtocolClient (GrpcClientProtocolClient.java:onNext(255)) - client-D83FC23EEBD8->4c571e18-69a3-4a6d-81de-e3e48052df18: receive RaftClientReply:client-D83FC23EEBD8->4c571e18-69a3-4a6d-81de-e3e48052df18@group-644576B5741B, cid=2329, SUCCESS, logIndex=3419, commits[4c571e18-69a3-4a6d-81de-e3e48052df18:c3419, 15893972-388e-43c0-9d6c-ca4c76ac06da:c3417, c86beb1c-9105-4588-b1e8-133030361c51:c3417]
2019-07-12 12:28:24,214 INFO  client.GrpcClientProtocolClient (GrpcClientProtocolClient.java:onNext(255)) - client-D83FC23EEBD8->4c571e18-69a3-4a6d-81de-e3e48052df18: receive RaftClientReply:client-D83FC23EEBD8->4c571e18-69a3-4a6d-81de-e3e48052df18@group-644576B5741B, cid=2330, SUCCESS, logIndex=3422, commits[4c571e18-69a3-4a6d-81de-e3e48052df18:c3423, 15893972-388e-43c0-9d6c-ca4c76ac06da:c3421, c86beb1c-9105-4588-b1e8-133030361c51:c3421]
2019-07-12 12:28:24,214 INFO  client.GrpcClientProtocolClient (GrpcClientProtocolClient.java:onNext(255)) - client-D83FC23EEBD8->4c571e18-69a3-4a6d-81de-e3e48052df18: receive RaftClientReply:client-D83FC23EEBD8->4c571e18-69a3-4a6d-81de-e3e48052df18@group-644576B5741B, cid=2331, SUCCESS, logIndex=3423, commits[4c571e18-69a3-4a6d-81de-e3e48052df18:c3423, 15893972-388e-43c0-9d6c-ca4c76ac06da:c3421, c86beb1c-9105-4588-b1e8-133030361c51:c3421]
2019-07-12 12:28:24,226 INFO  client.GrpcClientProtocolClient (GrpcClientProtocolClient.java:onNext(255)) - client-D83FC23EEBD8->4c571e18-69a3-4a6d-81de-e3e48052df18: receive RaftClientReply:client-D83FC23EEBD8->4c571e18-69a3-4a6d-81de-e3e48052df18@group-644576B5741B, cid=2332, SUCCESS, logIndex=0, commits[4c571e18-69a3-4a6d-81de-e3e48052df18:c3423, 15893972-388e-43c0-9d6c-ca4c76ac06da:c3423, c86beb1c-9105-4588-b1e8-133030361c51:c3423]
2019-07-12 12:28:24,332 INFO  client.GrpcClientProtocolClient (GrpcClientProtocolClient.java:onNext(255)) - client-D83FC23EEBD8->4c571e18-69a3-4a6d-81de-e3e48052df18: receive RaftClientReply:client-D83FC23EEBD8->4c571e18-69a3-4a6d-81de-e3e48052df18@group-644576B5741B, cid=2333, SUCCESS, logIndex=3426, commits[4c571e18-69a3-4a6d-81de-e3e48052df18:c3427, 15893972-388e-43c0-9d6c-ca4c76ac06da:c3425, c86beb1c-9105-4588-b1e8-133030361c51:c3423]
2019-07-12 12:28:24,333 INFO  client.GrpcClientProtocolClient (GrpcClientProtocolClient.java:onNext(255)) - client-D83FC23EEBD8->4c571e18-69a3-4a6d-81de-e3e48052df18: receive RaftClientReply:client-D83FC23EEBD8->4c571e18-69a3-4a6d-81de-e3e48052df18@group-644576B5741B, cid=2334, SUCCESS, logIndex=3427, commits[4c571e18-69a3-4a6d-81de-e3e48052df18:c3427, 15893972-388e-43c0-9d6c-ca4c76ac06da:c3425, c86beb1c-9105-4588-b1e8-133030361c51:c3423]
2019-07-12 12:28:24,346 INFO  client.GrpcClientProtocolClient (GrpcClientProtocolClient.java:onNext(255)) - client-D83FC23EEBD8->4c571e18-69a3-4a6d-81de-e3e48052df18: receive RaftClientReply:client-D83FC23EEBD8->4c571e18-69a3-4a6d-81de-e3e48052df18@group-644576B5741B, cid=2335, SUCCESS, logIndex=3428, commits[4c571e18-69a3-4a6d-81de-e3e48052df18:c3429, 15893972-388e-43c0-9d6c-ca4c76ac06da:c3425, c86beb1c-9105-4588-b1e8-133030361c51:c3425]
2019-07-12 12:28:24,346 INFO  client.GrpcClientProtocolClient (GrpcClientProtocolClient.java:onNext(255)) - client-D83FC23EEBD8->4c571e18-69a3-4a6d-81de-e3e48052df18: receive RaftClientReply:client-D83FC23EEBD8->4c571e18-69a3-4a6d-81de-e3e48052df18@group-644576B5741B, cid=2336, SUCCESS, logIndex=3429, commits[4c571e18-69a3-4a6d-81de-e3e48052df18:c3429, 15893972-388e-43c0-9d6c-ca4c76ac06da:c3425, c86beb1c-9105-4588-b1e8-133030361c51:c3425]
2019-07-12 12:28:24,347 INFO  client.GrpcClientProtocolClient (GrpcClientProtocolClient.java:onNext(255)) - client-D83FC23EEBD8->4c571e18-69a3-4a6d-81de-e3e48052df18: receive RaftClientReply:client-D83FC23EEBD8->4c571e18-69a3-4a6d-81de-e3e48052df18@group-644576B5741B, cid=2337, SUCCESS, logIndex=0, commits[4c571e18-69a3-4a6d-81de-e3e48052df18:c3431, 15893972-388e-43c0-9d6c-ca4c76ac06da:c3427, c86beb1c-9105-4588-b1e8-133030361c51:c3427]
2019-07-12 12:28:24,360 INFO  client.GrpcClientProtocolClient (GrpcClientProtocolClient.java:onNext(255)) - client-D83FC23EEBD8->4c571e18-69a3-4a6d-81de-e3e48052df18: receive RaftClientReply:client-D83FC23EEBD8->4c571e18-69a3-4a6d-81de-e3e48052df18@group-644576B5741B, cid=2338, SUCCESS, logIndex=3434, commits[4c571e18-69a3-4a6d-81de-e3e48052df18:c3435, 15893972-388e-43c0-9d6c-ca4c76ac06da:c3431, c86beb1c-9105-4588-b1e8-133030361c51:c3429]
2019-07-12 12:28:24,360 INFO  client.GrpcClientProtocolClient (GrpcClientProtocolClient.java:onNext(255)) - client-D83FC23EEBD8->4c571e18-69a3-4a6d-81de-e3e48052df18: receive RaftClientReply:client-D83FC23EEBD8->4c571e18-69a3-4a6d-81de-e3e48052df18@group-644576B5741B, cid=2339, SUCCESS, logIndex=3435, commits[4c571e18-69a3-4a6d-81de-e3e48052df18:c3435, 15893972-388e-43c0-9d6c-ca4c76ac06da:c3431, c86beb1c-9105-4588-b1e8-133030361c51:c3429]
2019-07-12 12:28:24,378 INFO  client.GrpcClientProtocolClient (GrpcClientProtocolClient.java:onNext(255)) - client-D83FC23EEBD8->4c571e18-69a3-4a6d-81de-e3e48052df18: receive RaftClientReply:client-D83FC23EEBD8->4c571e18-69a3-4a6d-81de-e3e48052df18@group-644576B5741B, cid=2340, SUCCESS, logIndex=3438, commits[4c571e18-69a3-4a6d-81de-e3e48052df18:c3439, 15893972-388e-43c0-9d6c-ca4c76ac06da:c3437, c86beb1c-9105-4588-b1e8-133030361c51:c3437]
2019-07-12 12:28:24,378 INFO  client.GrpcClientProtocolClient (GrpcClientProtocolClient.java:onNext(255)) - client-D83FC23EEBD8->4c571e18-69a3-4a6d-81de-e3e48052df18: receive RaftClientReply:client-D83FC23EEBD8->4c571e18-69a3-4a6d-81de-e3e48052df18@group-644576B5741B, cid=2341, SUCCESS, logIndex=3439, commits[4c571e18-69a3-4a6d-81de-e3e48052df18:c3439, 15893972-388e-43c0-9d6c-ca4c76ac06da:c3437, c86beb1c-9105-4588-b1e8-133030361c51:c3437]
2019-07-12 12:28:24,389 INFO  client.GrpcClientProtocolClient (GrpcClientProtocolClient.java:onNext(255)) - client-D83FC23EEBD8->4c571e18-69a3-4a6d-81de-e3e48052df18: receive RaftClientReply:client-D83FC23EEBD8->4c571e18-69a3-4a6d-81de-e3e48052df18@group-644576B5741B, cid=2342, SUCCESS, logIndex=0, commits[4c571e18-69a3-4a6d-81de-e3e48052df18:c3439, 15893972-388e-43c0-9d6c-ca4c76ac06da:c3439, c86beb1c-9105-4588-b1e8-133030361c51:c3439]
2019-07-12 12:28:24,415 INFO  client.GrpcClientProtocolClient (GrpcClientProtocolClient.java:onNext(255)) - client-D83FC23EEBD8->4c571e18-69a3-4a6d-81de-e3e48052df18: receive RaftClientReply:client-D83FC23EEBD8->4c571e18-69a3-4a6d-81de-e3e48052df18@group-644576B5741B, cid=2343, SUCCESS, logIndex=3442, commits[4c571e18-69a3-4a6d-81de-e3e48052df18:c3443, 15893972-388e-43c0-9d6c-ca4c76ac06da:c3441, c86beb1c-9105-4588-b1e8-133030361c51:c3441]
2019-07-12 12:28:24,415 INFO  client.GrpcClientProtocolClient (GrpcClientProtocolClient.java:onNext(255)) - client-D83FC23EEBD8->4c571e18-69a3-4a6d-81de-e3e48052df18: receive RaftClientReply:client-D83FC23EEBD8->4c571e18-69a3-4a6d-81de-e3e48052df18@group-644576B5741B, cid=2344, SUCCESS, logIndex=3443, commits[4c571e18-69a3-4a6d-81de-e3e48052df18:c3443, 15893972-388e-43c0-9d6c-ca4c76ac06da:c3441, c86beb1c-9105-4588-b1e8-133030361c51:c3441]
2019-07-12 12:28:24,416 INFO  client.GrpcClientProtocolClient (GrpcClientProtocolClient.java:onNext(255)) - client-D83FC23EEBD8->4c571e18-69a3-4a6d-81de-e3e48052df18: receive RaftClientReply:client-D83FC23EEBD8->4c571e18-69a3-4a6d-81de-e3e48052df18@group-644576B5741B, cid=2345, SUCCESS, logIndex=3444, commits[4c571e18-69a3-4a6d-81de-e3e48052df18:c3445, 15893972-388e-43c0-9d6c-ca4c76ac06da:c3441, c86beb1c-9105-4588-b1e8-133030361c51:c3441]
2019-07-12 12:28:24,417 INFO  client.GrpcClientProtocolClient (GrpcClientProtocolClient.java:onNext(255)) - client-D83FC23EEBD8->4c571e18-69a3-4a6d-81de-e3e48052df18: receive RaftClientReply:client-D83FC23EEBD8->4c571e18-69a3-4a6d-81de-e3e48052df18@group-644576B5741B, cid=2346, SUCCESS, logIndex=3445, commits[4c571e18-69a3-4a6d-81de-e3e48052df18:c3445, 15893972-388e-43c0-9d6c-ca4c76ac06da:c3441, c86beb1c-9105-4588-b1e8-133030361c51:c3441]
2019-07-12 12:28:24,417 INFO  client.GrpcClientProtocolClient (GrpcClientProtocolClient.java:onNext(255)) - client-D83FC23EEBD8->4c571e18-69a3-4a6d-81de-e3e48052df18: receive RaftClientReply:client-D83FC23EEBD8->4c571e18-69a3-4a6d-81de-e3e48052df18@group-644576B5741B, cid=2347, SUCCESS, logIndex=0, commits[4c571e18-69a3-4a6d-81de-e3e48052df18:c3446, 15893972-388e-43c0-9d6c-ca4c76ac06da:c3443, c86beb1c-9105-4588-b1e8-133030361c51:c3443]
2019-07-12 12:28:24,435 INFO  client.GrpcClientProtocolClient (GrpcClientProtocolClient.java:onNext(255)) - client-D83FC23EEBD8->4c571e18-69a3-4a6d-81de-e3e48052df18: receive RaftClientReply:client-D83FC23EEBD8->4c571e18-69a3-4a6d-81de-e3e48052df18@group-644576B5741B, cid=2348, SUCCESS, logIndex=3450, commits[4c571e18-69a3-4a6d-81de-e3e48052df18:c3451, 15893972-388e-43c0-9d6c-ca4c76ac06da:c3449, c86beb1c-9105-4588-b1e8-133030361c51:c3449]
2019-07-12 12:28:24,435 INFO  client.GrpcClientProtocolClient (GrpcClientProtocolClient.java:onNext(255)) - client-D83FC23EEBD8->4c571e18-69a3-4a6d-81de-e3e48052df18: receive RaftClientReply:client-D83FC23EEBD8->4c571e18-69a3-4a6d-81de-e3e48052df18@group-644576B5741B, cid=2349, SUCCESS, logIndex=3451, commits[4c571e18-69a3-4a6d-81de-e3e48052df18:c3451, 15893972-388e-43c0-9d6c-ca4c76ac06da:c3449, c86beb1c-9105-4588-b1e8-133030361c51:c3449]
2019-07-12 12:28:24,448 INFO  client.GrpcClientProtocolClient (GrpcClientProtocolClient.java:onNext(255)) - client-D83FC23EEBD8->4c571e18-69a3-4a6d-81de-e3e48052df18: receive RaftClientReply:client-D83FC23EEBD8->4c571e18-69a3-4a6d-81de-e3e48052df18@group-644576B5741B, cid=2350, SUCCESS, logIndex=3454, commits[4c571e18-69a3-4a6d-81de-e3e48052df18:c3455, 15893972-388e-43c0-9d6c-ca4c76ac06da:c3451, c86beb1c-9105-4588-b1e8-133030361c51:c3451]
2019-07-12 12:28:24,448 INFO  client.GrpcClientProtocolClient (GrpcClientProtocolClient.java:onNext(255)) - client-D83FC23EEBD8->4c571e18-69a3-4a6d-81de-e3e48052df18: receive RaftClientReply:client-D83FC23EEBD8->4c571e18-69a3-4a6d-81de-e3e48052df18@group-644576B5741B, cid=2351, SUCCESS, logIndex=3455, commits[4c571e18-69a3-4a6d-81de-e3e48052df18:c3455, 15893972-388e-43c0-9d6c-ca4c76ac06da:c3451, c86beb1c-9105-4588-b1e8-133030361c51:c3451]
2019-07-12 12:28:24,461 INFO  client.GrpcClientProtocolClient (GrpcClientProtocolClient.java:onNext(255)) - client-D83FC23EEBD8->4c571e18-69a3-4a6d-81de-e3e48052df18: receive RaftClientReply:client-D83FC23EEBD8->4c571e18-69a3-4a6d-81de-e3e48052df18@group-644576B5741B, cid=2352, SUCCESS, logIndex=0, commits[4c571e18-69a3-4a6d-81de-e3e48052df18:c3457, 15893972-388e-43c0-9d6c-ca4c76ac06da:c3455, c86beb1c-9105-4588-b1e8-133030361c51:c3455]
2019-07-12 12:28:24,494 INFO  client.GrpcClientProtocolClient (GrpcClientProtocolClient.java:onNext(255)) - client-D83FC23EEBD8->4c571e18-69a3-4a6d-81de-e3e48052df18: receive RaftClientReply:client-D83FC23EEBD8->4c571e18-69a3-4a6d-81de-e3e48052df18@group-644576B5741B, cid=2353, SUCCESS, logIndex=3458, commits[4c571e18-69a3-4a6d-81de-e3e48052df18:c3459, 15893972-388e-43c0-9d6c-ca4c76ac06da:c3457, c86beb1c-9105-4588-b1e8-133030361c51:c3457]
2019-07-12 12:28:24,494 INFO  client.GrpcClientProtocolClient (GrpcClientProtocolClient.java:onNext(255)) - client-D83FC23EEBD8->4c571e18-69a3-4a6d-81de-e3e48052df18: receive RaftClientReply:client-D83FC23EEBD8->4c571e18-69a3-4a6d-81de-e3e48052df18@group-644576B5741B, cid=2354, SUCCESS, logIndex=3459, commits[4c571e18-69a3-4a6d-81de-e3e48052df18:c3459, 15893972-388e-43c0-9d6c-ca4c76ac06da:c3457, c86beb1c-9105-4588-b1e8-133030361c51:c3457]
2019-07-12 12:28:24,496 INFO  client.GrpcClientProtocolClient (GrpcClientProtocolClient.java:onNext(255)) - client-D83FC23EEBD8->4c571e18-69a3-4a6d-81de-e3e48052df18: receive RaftClientReply:client-D83FC23EEBD8->4c571e18-69a3-4a6d-81de-e3e48052df18@group-644576B5741B, cid=2355, SUCCESS, logIndex=3460, commits[4c571e18-69a3-4a6d-81de-e3e48052df18:c3461, 15893972-388e-43c0-9d6c-ca4c76ac06da:c3457, c86beb1c-9105-4588-b1e8-133030361c51:c3457]
2019-07-12 12:28:24,496 INFO  client.GrpcClientProtocolClient (GrpcClientProtocolClient.java:onNext(255)) - client-D83FC23EEBD8->4c571e18-69a3-4a6d-81de-e3e48052df18: receive RaftClientReply:client-D83FC23EEBD8->4c571e18-69a3-4a6d-81de-e3e48052df18@group-644576B5741B, cid=2356, SUCCESS, logIndex=3461, commits[4c571e18-69a3-4a6d-81de-e3e48052df18:c3461, 15893972-388e-43c0-9d6c-ca4c76ac06da:c3457, c86beb1c-9105-4588-b1e8-133030361c51:c3457]
2019-07-12 12:28:24,509 INFO  client.GrpcClientProtocolClient (GrpcClientProtocolClient.java:onNext(255)) - client-D83FC23EEBD8->4c571e18-69a3-4a6d-81de-e3e48052df18: receive RaftClientReply:client-D83FC23EEBD8->4c571e18-69a3-4a6d-81de-e3e48052df18@group-644576B5741B, cid=2357, SUCCESS, logIndex=0, commits[4c571e18-69a3-4a6d-81de-e3e48052df18:c3462, 15893972-388e-43c0-9d6c-ca4c76ac06da:c3459, c86beb1c-9105-4588-b1e8-133030361c51:c3459]
2019-07-12 12:28:24,528 INFO  client.GrpcClientProtocolClient (GrpcClientProtocolClient.java:onNext(255)) - client-D83FC23EEBD8->4c571e18-69a3-4a6d-81de-e3e48052df18: receive RaftClientReply:client-D83FC23EEBD8->4c571e18-69a3-4a6d-81de-e3e48052df18@group-644576B5741B, cid=2358, SUCCESS, logIndex=3466, commits[4c571e18-69a3-4a6d-81de-e3e48052df18:c3467, 15893972-388e-43c0-9d6c-ca4c76ac06da:c3465, c86beb1c-9105-4588-b1e8-133030361c51:c3465]
2019-07-12 12:28:24,528 INFO  client.GrpcClientProtocolClient (GrpcClientProtocolClient.java:onNext(255)) - client-D83FC23EEBD8->4c571e18-69a3-4a6d-81de-e3e48052df18: receive RaftClientReply:client-D83FC23EEBD8->4c571e18-69a3-4a6d-81de-e3e48052df18@group-644576B5741B, cid=2359, SUCCESS, logIndex=3467, commits[4c571e18-69a3-4a6d-81de-e3e48052df18:c3467, 15893972-388e-43c0-9d6c-ca4c76ac06da:c3465, c86beb1c-9105-4588-b1e8-133030361c51:c3465]
2019-07-12 12:28:24,541 INFO  client.GrpcClientProtocolClient (GrpcClientProtocolClient.java:onNext(255)) - client-D83FC23EEBD8->4c571e18-69a3-4a6d-81de-e3e48052df18: receive RaftClientReply:client-D83FC23EEBD8->4c571e18-69a3-4a6d-81de-e3e48052df18@group-644576B5741B, cid=2360, SUCCESS, logIndex=3470, commits[4c571e18-69a3-4a6d-81de-e3e48052df18:c3470, 15893972-388e-43c0-9d6c-ca4c76ac06da:c3467, c86beb1c-9105-4588-b1e8-133030361c51:c3467]
2019-07-12 12:28:24,541 INFO  client.GrpcClientProtocolClient (GrpcClientProtocolClient.java:onNext(255)) - client-D83FC23EEBD8->4c571e18-69a3-4a6d-81de-e3e48052df18: receive RaftClientReply:client-D83FC23EEBD8->4c571e18-69a3-4a6d-81de-e3e48052df18@group-644576B5741B, cid=2361, SUCCESS, logIndex=3471, commits[4c571e18-69a3-4a6d-81de-e3e48052df18:c3471, 15893972-388e-43c0-9d6c-ca4c76ac06da:c3467, c86beb1c-9105-4588-b1e8-133030361c51:c3467]
2019-07-12 12:28:24,544 INFO  client.GrpcClientProtocolClient (GrpcClientProtocolClient.java:onNext(255)) - client-D83FC23EEBD8->4c571e18-69a3-4a6d-81de-e3e48052df18: receive RaftClientReply:client-D83FC23EEBD8->4c571e18-69a3-4a6d-81de-e3e48052df18@group-644576B5741B, cid=2362, SUCCESS, logIndex=0, commits[4c571e18-69a3-4a6d-81de-e3e48052df18:c3473, 15893972-388e-43c0-9d6c-ca4c76ac06da:c3471, c86beb1c-9105-4588-b1e8-133030361c51:c3471]
2019-07-12 12:28:24,568 INFO  client.GrpcClientProtocolClient (GrpcClientProtocolClient.java:onNext(255)) - client-D83FC23EEBD8->4c571e18-69a3-4a6d-81de-e3e48052df18: receive RaftClientReply:client-D83FC23EEBD8->4c571e18-69a3-4a6d-81de-e3e48052df18@group-644576B5741B, cid=2363, SUCCESS, logIndex=3474, commits[4c571e18-69a3-4a6d-81de-e3e48052df18:c3475, 15893972-388e-43c0-9d6c-ca4c76ac06da:c3473, c86beb1c-9105-4588-b1e8-133030361c51:c3473]
2019-07-12 12:28:24,569 INFO  client.GrpcClientProtocolClient (GrpcClientProtocolClient.java:onNext(255)) - client-D83FC23EEBD8->4c571e18-69a3-4a6d-81de-e3e48052df18: receive RaftClientReply:client-D83FC23EEBD8->4c571e18-69a3-4a6d-81de-e3e48052df18@group-644576B5741B, cid=2364, SUCCESS, logIndex=3475, commits[4c571e18-69a3-4a6d-81de-e3e48052df18:c3475, 15893972-388e-43c0-9d6c-ca4c76ac06da:c3473, c86beb1c-9105-4588-b1e8-133030361c51:c3473]
2019-07-12 12:28:24,569 INFO  client.GrpcClientProtocolClient (GrpcClientProtocolClient.java:onNext(255)) - client-D83FC23EEBD8->4c571e18-69a3-4a6d-81de-e3e48052df18: receive RaftClientReply:client-D83FC23EEBD8->4c571e18-69a3-4a6d-81de-e3e48052df18@group-644576B5741B, cid=2365, SUCCESS, logIndex=3476, commits[4c571e18-69a3-4a6d-81de-e3e48052df18:c3476, 15893972-388e-43c0-9d6c-ca4c76ac06da:c3473, c86beb1c-9105-4588-b1e8-133030361c51:c3473]
2019-07-12 12:28:24,569 INFO  client.GrpcClientProtocolClient (GrpcClientProtocolClient.java:onNext(255)) - client-D83FC23EEBD8->4c571e18-69a3-4a6d-81de-e3e48052df18: receive RaftClientReply:client-D83FC23EEBD8->4c571e18-69a3-4a6d-81de-e3e48052df18@group-644576B5741B, cid=2366, SUCCESS, logIndex=3477, commits[4c571e18-69a3-4a6d-81de-e3e48052df18:c3477, 15893972-388e-43c0-9d6c-ca4c76ac06da:c3473, c86beb1c-9105-4588-b1e8-133030361c51:c3473]
2019-07-12 12:28:24,570 INFO  client.GrpcClientProtocolClient (GrpcClientProtocolClient.java:onNext(255)) - client-D83FC23EEBD8->4c571e18-69a3-4a6d-81de-e3e48052df18: receive RaftClientReply:client-D83FC23EEBD8->4c571e18-69a3-4a6d-81de-e3e48052df18@group-644576B5741B, cid=2367, SUCCESS, logIndex=0, commits[4c571e18-69a3-4a6d-81de-e3e48052df18:c3479, 15893972-388e-43c0-9d6c-ca4c76ac06da:c3475, c86beb1c-9105-4588-b1e8-133030361c51:c3475]
2019-07-12 12:28:24,589 INFO  client.GrpcClientProtocolClient (GrpcClientProtocolClient.java:onNext(255)) - client-D83FC23EEBD8->4c571e18-69a3-4a6d-81de-e3e48052df18: receive RaftClientReply:client-D83FC23EEBD8->4c571e18-69a3-4a6d-81de-e3e48052df18@group-644576B5741B, cid=2368, SUCCESS, logIndex=3482, commits[4c571e18-69a3-4a6d-81de-e3e48052df18:c3483, 15893972-388e-43c0-9d6c-ca4c76ac06da:c3481, c86beb1c-9105-4588-b1e8-133030361c51:c3481]
2019-07-12 12:28:24,589 INFO  client.GrpcClientProtocolClient (GrpcClientProtocolClient.java:onNext(255)) - client-D83FC23EEBD8->4c571e18-69a3-4a6d-81de-e3e48052df18: receive RaftClientReply:client-D83FC23EEBD8->4c571e18-69a3-4a6d-81de-e3e48052df18@group-644576B5741B, cid=2369, SUCCESS, logIndex=3483, commits[4c571e18-69a3-4a6d-81de-e3e48052df18:c3483, 15893972-388e-43c0-9d6c-ca4c76ac06da:c3481, c86beb1c-9105-4588-b1e8-133030361c51:c3481]
2019-07-12 12:28:24,602 INFO  client.GrpcClientProtocolClient (GrpcClientProtocolClient.java:onNext(255)) - client-D83FC23EEBD8->4c571e18-69a3-4a6d-81de-e3e48052df18: receive RaftClientReply:client-D83FC23EEBD8->4c571e18-69a3-4a6d-81de-e3e48052df18@group-644576B5741B, cid=2370, SUCCESS, logIndex=3486, commits[4c571e18-69a3-4a6d-81de-e3e48052df18:c3487, 15893972-388e-43c0-9d6c-ca4c76ac06da:c3483, c86beb1c-9105-4588-b1e8-133030361c51:c3483]
2019-07-12 12:28:24,602 INFO  client.GrpcClientProtocolClient (GrpcClientProtocolClient.java:onNext(255)) - client-D83FC23EEBD8->4c571e18-69a3-4a6d-81de-e3e48052df18: receive RaftClientReply:client-D83FC23EEBD8->4c571e18-69a3-4a6d-81de-e3e48052df18@group-644576B5741B, cid=2371, SUCCESS, logIndex=3487, commits[4c571e18-69a3-4a6d-81de-e3e48052df18:c3487, 15893972-388e-43c0-9d6c-ca4c76ac06da:c3483, c86beb1c-9105-4588-b1e8-133030361c51:c3483]
 0.00% |█                                                                                                    |  0/1 Time: 0:00:162019-07-12 12:28:24,615 INFO  client.GrpcClientProtocolClient (GrpcClientProtocolClient.java:onNext(255)) - client-D83FC23EEBD8->4c571e18-69a3-4a6d-81de-e3e48052df18: receive RaftClientReply:client-D83FC23EEBD8->4c571e18-69a3-4a6d-81de-e3e48052df18@group-644576B5741B, cid=2372, SUCCESS, logIndex=0, commits[4c571e18-69a3-4a6d-81de-e3e48052df18:c3489, 15893972-388e-43c0-9d6c-ca4c76ac06da:c3487, c86beb1c-9105-4588-b1e8-133030361c51:c3487]
2019-07-12 12:28:24,642 INFO  client.GrpcClientProtocolClient (GrpcClientProtocolClient.java:onNext(255)) - client-D83FC23EEBD8->4c571e18-69a3-4a6d-81de-e3e48052df18: receive RaftClientReply:client-D83FC23EEBD8->4c571e18-69a3-4a6d-81de-e3e48052df18@group-644576B5741B, cid=2373, SUCCESS, logIndex=3490, commits[4c571e18-69a3-4a6d-81de-e3e48052df18:c3491, 15893972-388e-43c0-9d6c-ca4c76ac06da:c3489, c86beb1c-9105-4588-b1e8-133030361c51:c3489]
2019-07-12 12:28:24,642 INFO  client.GrpcClientProtocolClient (GrpcClientProtocolClient.java:onNext(255)) - client-D83FC23EEBD8->4c571e18-69a3-4a6d-81de-e3e48052df18: receive RaftClientReply:client-D83FC23EEBD8->4c571e18-69a3-4a6d-81de-e3e48052df18@group-644576B5741B, cid=2374, SUCCESS, logIndex=3491, commits[4c571e18-69a3-4a6d-81de-e3e48052df18:c3491, 15893972-388e-43c0-9d6c-ca4c76ac06da:c3489, c86beb1c-9105-4588-b1e8-133030361c51:c3489]
2019-07-12 12:28:24,643 INFO  client.GrpcClientProtocolClient (GrpcClientProtocolClient.java:onNext(255)) - client-D83FC23EEBD8->4c571e18-69a3-4a6d-81de-e3e48052df18: receive RaftClientReply:client-D83FC23EEBD8->4c571e18-69a3-4a6d-81de-e3e48052df18@group-644576B5741B, cid=2375, SUCCESS, logIndex=3492, commits[4c571e18-69a3-4a6d-81de-e3e48052df18:c3492, 15893972-388e-43c0-9d6c-ca4c76ac06da:c3489, c86beb1c-9105-4588-b1e8-133030361c51:c3489]
2019-07-12 12:28:24,643 INFO  client.GrpcClientProtocolClient (GrpcClientProtocolClient.java:onNext(255)) - client-D83FC23EEBD8->4c571e18-69a3-4a6d-81de-e3e48052df18: receive RaftClientReply:client-D83FC23EEBD8->4c571e18-69a3-4a6d-81de-e3e48052df18@group-644576B5741B, cid=2376, SUCCESS, logIndex=3493, commits[4c571e18-69a3-4a6d-81de-e3e48052df18:c3493, 15893972-388e-43c0-9d6c-ca4c76ac06da:c3489, c86beb1c-9105-4588-b1e8-133030361c51:c3489]
2019-07-12 12:28:24,644 INFO  client.GrpcClientProtocolClient (GrpcClientProtocolClient.java:onNext(255)) - client-D83FC23EEBD8->4c571e18-69a3-4a6d-81de-e3e48052df18: receive RaftClientReply:client-D83FC23EEBD8->4c571e18-69a3-4a6d-81de-e3e48052df18@group-644576B5741B, cid=2377, SUCCESS, logIndex=0, commits[4c571e18-69a3-4a6d-81de-e3e48052df18:c3494, 15893972-388e-43c0-9d6c-ca4c76ac06da:c3491, c86beb1c-9105-4588-b1e8-133030361c51:c3491]
2019-07-12 12:28:24,663 INFO  client.GrpcClientProtocolClient (GrpcClientProtocolClient.java:onNext(255)) - client-D83FC23EEBD8->4c571e18-69a3-4a6d-81de-e3e48052df18: receive RaftClientReply:client-D83FC23EEBD8->4c571e18-69a3-4a6d-81de-e3e48052df18@group-644576B5741B, cid=2378, SUCCESS, logIndex=3498, commits[4c571e18-69a3-4a6d-81de-e3e48052df18:c3499, 15893972-388e-43c0-9d6c-ca4c76ac06da:c3497, c86beb1c-9105-4588-b1e8-133030361c51:c3497]
2019-07-12 12:28:24,663 INFO  client.GrpcClientProtocolClient (GrpcClientProtocolClient.java:onNext(255)) - client-D83FC23EEBD8->4c571e18-69a3-4a6d-81de-e3e48052df18: receive RaftClientReply:client-D83FC23EEBD8->4c571e18-69a3-4a6d-81de-e3e48052df18@group-644576B5741B, cid=2379, SUCCESS, logIndex=3499, commits[4c571e18-69a3-4a6d-81de-e3e48052df18:c3499, 15893972-388e-43c0-9d6c-ca4c76ac06da:c3497, c86beb1c-9105-4588-b1e8-133030361c51:c3497]
2019-07-12 12:28:24,676 INFO  client.GrpcClientProtocolClient (GrpcClientProtocolClient.java:onNext(255)) - client-D83FC23EEBD8->4c571e18-69a3-4a6d-81de-e3e48052df18: receive RaftClientReply:client-D83FC23EEBD8->4c571e18-69a3-4a6d-81de-e3e48052df18@group-644576B5741B, cid=2380, SUCCESS, logIndex=3502, commits[4c571e18-69a3-4a6d-81de-e3e48052df18:c3502, 15893972-388e-43c0-9d6c-ca4c76ac06da:c3499, c86beb1c-9105-4588-b1e8-133030361c51:c3499]
2019-07-12 12:28:24,677 INFO  client.GrpcClientProtocolClient (GrpcClientProtocolClient.java:onNext(255)) - client-D83FC23EEBD8->4c571e18-69a3-4a6d-81de-e3e48052df18: receive RaftClientReply:client-D83FC23EEBD8->4c571e18-69a3-4a6d-81de-e3e48052df18@group-644576B5741B, cid=2381, SUCCESS, logIndex=3503, commits[4c571e18-69a3-4a6d-81de-e3e48052df18:c3503, 15893972-388e-43c0-9d6c-ca4c76ac06da:c3499, c86beb1c-9105-4588-b1e8-133030361c51:c3499]
2019-07-12 12:28:24,699 INFO  client.GrpcClientProtocolClient (GrpcClientProtocolClient.java:onNext(255)) - client-D83FC23EEBD8->4c571e18-69a3-4a6d-81de-e3e48052df18: receive RaftClientReply:client-D83FC23EEBD8->4c571e18-69a3-4a6d-81de-e3e48052df18@group-644576B5741B, cid=2382, SUCCESS, logIndex=0, commits[4c571e18-69a3-4a6d-81de-e3e48052df18:c3505, 15893972-388e-43c0-9d6c-ca4c76ac06da:c3503, c86beb1c-9105-4588-b1e8-133030361c51:c3503]
2019-07-12 12:28:24,726 INFO  client.GrpcClientProtocolClient (GrpcClientProtocolClient.java:onNext(255)) - client-D83FC23EEBD8->4c571e18-69a3-4a6d-81de-e3e48052df18: receive RaftClientReply:client-D83FC23EEBD8->4c571e18-69a3-4a6d-81de-e3e48052df18@group-644576B5741B, cid=2383, SUCCESS, logIndex=3506, commits[4c571e18-69a3-4a6d-81de-e3e48052df18:c3507, 15893972-388e-43c0-9d6c-ca4c76ac06da:c3505, c86beb1c-9105-4588-b1e8-133030361c51:c3505]
2019-07-12 12:28:24,726 INFO  client.GrpcClientProtocolClient (GrpcClientProtocolClient.java:onNext(255)) - client-D83FC23EEBD8->4c571e18-69a3-4a6d-81de-e3e48052df18: receive RaftClientReply:client-D83FC23EEBD8->4c571e18-69a3-4a6d-81de-e3e48052df18@group-644576B5741B, cid=2384, SUCCESS, logIndex=3507, commits[4c571e18-69a3-4a6d-81de-e3e48052df18:c3509, 15893972-388e-43c0-9d6c-ca4c76ac06da:c3505, c86beb1c-9105-4588-b1e8-133030361c51:c3505]
2019-07-12 12:28:24,726 INFO  client.GrpcClientProtocolClient (GrpcClientProtocolClient.java:onNext(255)) - client-D83FC23EEBD8->4c571e18-69a3-4a6d-81de-e3e48052df18: receive RaftClientReply:client-D83FC23EEBD8->4c571e18-69a3-4a6d-81de-e3e48052df18@group-644576B5741B, cid=2385, SUCCESS, logIndex=3508, commits[4c571e18-69a3-4a6d-81de-e3e48052df18:c3509, 15893972-388e-43c0-9d6c-ca4c76ac06da:c3505, c86beb1c-9105-4588-b1e8-133030361c51:c3505]
2019-07-12 12:28:24,727 INFO  client.GrpcClientProtocolClient (GrpcClientProtocolClient.java:onNext(255)) - client-D83FC23EEBD8->4c571e18-69a3-4a6d-81de-e3e48052df18: receive RaftClientReply:client-D83FC23EEBD8->4c571e18-69a3-4a6d-81de-e3e48052df18@group-644576B5741B, cid=2386, SUCCESS, logIndex=3509, commits[4c571e18-69a3-4a6d-81de-e3e48052df18:c3509, 15893972-388e-43c0-9d6c-ca4c76ac06da:c3505, c86beb1c-9105-4588-b1e8-133030361c51:c3505]
2019-07-12 12:28:24,736 INFO  client.GrpcClientProtocolClient (GrpcClientProtocolClient.java:onNext(255)) - client-D83FC23EEBD8->4c571e18-69a3-4a6d-81de-e3e48052df18: receive RaftClientReply:client-D83FC23EEBD8->4c571e18-69a3-4a6d-81de-e3e48052df18@group-644576B5741B, cid=2387, SUCCESS, logIndex=0, commits[4c571e18-69a3-4a6d-81de-e3e48052df18:c3510, 15893972-388e-43c0-9d6c-ca4c76ac06da:c3507, c86beb1c-9105-4588-b1e8-133030361c51:c3507]
2019-07-12 12:28:24,759 INFO  client.GrpcClientProtocolClient (GrpcClientProtocolClient.java:onNext(255)) - client-D83FC23EEBD8->4c571e18-69a3-4a6d-81de-e3e48052df18: receive RaftClientReply:client-D83FC23EEBD8->4c571e18-69a3-4a6d-81de-e3e48052df18@group-644576B5741B, cid=2388, SUCCESS, logIndex=3513, commits[4c571e18-69a3-4a6d-81de-e3e48052df18:c3514, 15893972-388e-43c0-9d6c-ca4c76ac06da:c3512, c86beb1c-9105-4588-b1e8-133030361c51:c3512]
2019-07-12 12:28:24,759 INFO  client.GrpcClientProtocolClient (GrpcClientProtocolClient.java:onNext(255)) - client-D83FC23EEBD8->4c571e18-69a3-4a6d-81de-e3e48052df18: receive RaftClientReply:client-D83FC23EEBD8->4c571e18-69a3-4a6d-81de-e3e48052df18@group-644576B5741B, cid=2389, SUCCESS, logIndex=3514, commits[4c571e18-69a3-4a6d-81de-e3e48052df18:c3514, 15893972-388e-43c0-9d6c-ca4c76ac06da:c3512, c86beb1c-9105-4588-b1e8-133030361c51:c3512]
2019-07-12 12:28:24,772 INFO  client.GrpcClientProtocolClient (GrpcClientProtocolClient.java:onNext(255)) - client-D83FC23EEBD8->4c571e18-69a3-4a6d-81de-e3e48052df18: receive RaftClientReply:client-D83FC23EEBD8->4c571e18-69a3-4a6d-81de-e3e48052df18@group-644576B5741B, cid=2390, SUCCESS, logIndex=3517, commits[4c571e18-69a3-4a6d-81de-e3e48052df18:c3518, 15893972-388e-43c0-9d6c-ca4c76ac06da:c3514, c86beb1c-9105-4588-b1e8-133030361c51:c3514]
2019-07-12 12:28:24,772 INFO  client.GrpcClientProtocolClient (GrpcClientProtocolClient.java:onNext(255)) - client-D83FC23EEBD8->4c571e18-69a3-4a6d-81de-e3e48052df18: receive RaftClientReply:client-D83FC23EEBD8->4c571e18-69a3-4a6d-81de-e3e48052df18@group-644576B5741B, cid=2391, SUCCESS, logIndex=3518, commits[4c571e18-69a3-4a6d-81de-e3e48052df18:c3518, 15893972-388e-43c0-9d6c-ca4c76ac06da:c3514, c86beb1c-9105-4588-b1e8-133030361c51:c3514]
2019-07-12 12:28:24,784 INFO  client.GrpcClientProtocolClient (GrpcClientProtocolClient.java:onNext(255)) - client-D83FC23EEBD8->4c571e18-69a3-4a6d-81de-e3e48052df18: receive RaftClientReply:client-D83FC23EEBD8->4c571e18-69a3-4a6d-81de-e3e48052df18@group-644576B5741B, cid=2392, SUCCESS, logIndex=0, commits[4c571e18-69a3-4a6d-81de-e3e48052df18:c3518, 15893972-388e-43c0-9d6c-ca4c76ac06da:c3518, c86beb1c-9105-4588-b1e8-133030361c51:c3518]
2019-07-12 12:28:24,811 INFO  client.GrpcClientProtocolClient (GrpcClientProtocolClient.java:onNext(255)) - client-D83FC23EEBD8->4c571e18-69a3-4a6d-81de-e3e48052df18: receive RaftClientReply:client-D83FC23EEBD8->4c571e18-69a3-4a6d-81de-e3e48052df18@group-644576B5741B, cid=2393, SUCCESS, logIndex=3521, commits[4c571e18-69a3-4a6d-81de-e3e48052df18:c3522, 15893972-388e-43c0-9d6c-ca4c76ac06da:c3520, c86beb1c-9105-4588-b1e8-133030361c51:c3520]
2019-07-12 12:28:24,812 INFO  client.GrpcClientProtocolClient (GrpcClientProtocolClient.java:onNext(255)) - client-D83FC23EEBD8->4c571e18-69a3-4a6d-81de-e3e48052df18: receive RaftClientReply:client-D83FC23EEBD8->4c571e18-69a3-4a6d-81de-e3e48052df18@group-644576B5741B, cid=2394, SUCCESS, logIndex=3522, commits[4c571e18-69a3-4a6d-81de-e3e48052df18:c3522, 15893972-388e-43c0-9d6c-ca4c76ac06da:c3520, c86beb1c-9105-4588-b1e8-133030361c51:c3520]
2019-07-12 12:28:24,812 INFO  client.GrpcClientProtocolClient (GrpcClientProtocolClient.java:onNext(255)) - client-D83FC23EEBD8->4c571e18-69a3-4a6d-81de-e3e48052df18: receive RaftClientReply:client-D83FC23EEBD8->4c571e18-69a3-4a6d-81de-e3e48052df18@group-644576B5741B, cid=2395, SUCCESS, logIndex=3523, commits[4c571e18-69a3-4a6d-81de-e3e48052df18:c3524, 15893972-388e-43c0-9d6c-ca4c76ac06da:c3520, c86beb1c-9105-4588-b1e8-133030361c51:c3520]
2019-07-12 12:28:24,812 INFO  client.GrpcClientProtocolClient (GrpcClientProtocolClient.java:onNext(255)) - client-D83FC23EEBD8->4c571e18-69a3-4a6d-81de-e3e48052df18: receive RaftClientReply:client-D83FC23EEBD8->4c571e18-69a3-4a6d-81de-e3e48052df18@group-644576B5741B, cid=2396, SUCCESS, logIndex=3524, commits[4c571e18-69a3-4a6d-81de-e3e48052df18:c3524, 15893972-388e-43c0-9d6c-ca4c76ac06da:c3520, c86beb1c-9105-4588-b1e8-133030361c51:c3520]
2019-07-12 12:28:24,816 INFO  client.GrpcClientProtocolClient (GrpcClientProtocolClient.java:onNext(255)) - client-D83FC23EEBD8->4c571e18-69a3-4a6d-81de-e3e48052df18: receive RaftClientReply:client-D83FC23EEBD8->4c571e18-69a3-4a6d-81de-e3e48052df18@group-644576B5741B, cid=2397, SUCCESS, logIndex=0, commits[4c571e18-69a3-4a6d-81de-e3e48052df18:c3526, 15893972-388e-43c0-9d6c-ca4c76ac06da:c3524, c86beb1c-9105-4588-b1e8-133030361c51:c3522]
2019-07-12 12:28:24,834 INFO  client.GrpcClientProtocolClient (GrpcClientProtocolClient.java:onNext(255)) - client-D83FC23EEBD8->4c571e18-69a3-4a6d-81de-e3e48052df18: receive RaftClientReply:client-D83FC23EEBD8->4c571e18-69a3-4a6d-81de-e3e48052df18@group-644576B5741B, cid=2398, SUCCESS, logIndex=3529, commits[4c571e18-69a3-4a6d-81de-e3e48052df18:c3530, 15893972-388e-43c0-9d6c-ca4c76ac06da:c3528, c86beb1c-9105-4588-b1e8-133030361c51:c3528]
2019-07-12 12:28:24,834 INFO  client.GrpcClientProtocolClient (GrpcClientProtocolClient.java:onNext(255)) - client-D83FC23EEBD8->4c571e18-69a3-4a6d-81de-e3e48052df18: receive RaftClientReply:client-D83FC23EEBD8->4c571e18-69a3-4a6d-81de-e3e48052df18@group-644576B5741B, cid=2399, SUCCESS, logIndex=3530, commits[4c571e18-69a3-4a6d-81de-e3e48052df18:c3530, 15893972-388e-43c0-9d6c-ca4c76ac06da:c3528, c86beb1c-9105-4588-b1e8-133030361c51:c3528]
2019-07-12 12:28:24,847 INFO  client.GrpcClientProtocolClient (GrpcClientProtocolClient.java:onNext(255)) - client-D83FC23EEBD8->4c571e18-69a3-4a6d-81de-e3e48052df18: receive RaftClientReply:client-D83FC23EEBD8->4c571e18-69a3-4a6d-81de-e3e48052df18@group-644576B5741B, cid=2400, SUCCESS, logIndex=3533, commits[4c571e18-69a3-4a6d-81de-e3e48052df18:c3534, 15893972-388e-43c0-9d6c-ca4c76ac06da:c3530, c86beb1c-9105-4588-b1e8-133030361c51:c3530]
2019-07-12 12:28:24,848 INFO  client.GrpcClientProtocolClient (GrpcClientProtocolClient.java:onNext(255)) - client-D83FC23EEBD8->4c571e18-69a3-4a6d-81de-e3e48052df18: receive RaftClientReply:client-D83FC23EEBD8->4c571e18-69a3-4a6d-81de-e3e48052df18@group-644576B5741B, cid=2401, SUCCESS, logIndex=3534, commits[4c571e18-69a3-4a6d-81de-e3e48052df18:c3534, 15893972-388e-43c0-9d6c-ca4c76ac06da:c3530, c86beb1c-9105-4588-b1e8-133030361c51:c3530]
2019-07-12 12:28:24,860 INFO  client.GrpcClientProtocolClient (GrpcClientProtocolClient.java:onNext(255)) - client-D83FC23EEBD8->4c571e18-69a3-4a6d-81de-e3e48052df18: receive RaftClientReply:client-D83FC23EEBD8->4c571e18-69a3-4a6d-81de-e3e48052df18@group-644576B5741B, cid=2402, SUCCESS, logIndex=0, commits[4c571e18-69a3-4a6d-81de-e3e48052df18:c3536, 15893972-388e-43c0-9d6c-ca4c76ac06da:c3534, c86beb1c-9105-4588-b1e8-133030361c51:c3534]
2019-07-12 12:28:24,889 INFO  client.GrpcClientProtocolClient (GrpcClientProtocolClient.java:onNext(255)) - client-D83FC23EEBD8->4c571e18-69a3-4a6d-81de-e3e48052df18: receive RaftClientReply:client-D83FC23EEBD8->4c571e18-69a3-4a6d-81de-e3e48052df18@group-644576B5741B, cid=2403, SUCCESS, logIndex=3537, commits[4c571e18-69a3-4a6d-81de-e3e48052df18:c3539, 15893972-388e-43c0-9d6c-ca4c76ac06da:c3536, c86beb1c-9105-4588-b1e8-133030361c51:c3536]
2019-07-12 12:28:24,889 INFO  client.GrpcClientProtocolClient (GrpcClientProtocolClient.java:onNext(255)) - client-D83FC23EEBD8->4c571e18-69a3-4a6d-81de-e3e48052df18: receive RaftClientReply:client-D83FC23EEBD8->4c571e18-69a3-4a6d-81de-e3e48052df18@group-644576B5741B, cid=2404, SUCCESS, logIndex=3538, commits[4c571e18-69a3-4a6d-81de-e3e48052df18:c3540, 15893972-388e-43c0-9d6c-ca4c76ac06da:c3536, c86beb1c-9105-4588-b1e8-133030361c51:c3536]
2019-07-12 12:28:24,890 INFO  client.GrpcClientProtocolClient (GrpcClientProtocolClient.java:onNext(255)) - client-D83FC23EEBD8->4c571e18-69a3-4a6d-81de-e3e48052df18: receive RaftClientReply:client-D83FC23EEBD8->4c571e18-69a3-4a6d-81de-e3e48052df18@group-644576B5741B, cid=2405, SUCCESS, logIndex=3539, commits[4c571e18-69a3-4a6d-81de-e3e48052df18:c3541, 15893972-388e-43c0-9d6c-ca4c76ac06da:c3536, c86beb1c-9105-4588-b1e8-133030361c51:c3538]
2019-07-12 12:28:24,890 INFO  client.GrpcClientProtocolClient (GrpcClientProtocolClient.java:onNext(255)) - client-D83FC23EEBD8->4c571e18-69a3-4a6d-81de-e3e48052df18: receive RaftClientReply:client-D83FC23EEBD8->4c571e18-69a3-4a6d-81de-e3e48052df18@group-644576B5741B, cid=2406, SUCCESS, logIndex=3540, commits[4c571e18-69a3-4a6d-81de-e3e48052df18:c3541, 15893972-388e-43c0-9d6c-ca4c76ac06da:c3538, c86beb1c-9105-4588-b1e8-133030361c51:c3538]
2019-07-12 12:28:24,908 INFO  client.GrpcClientProtocolClient (GrpcClientProtocolClient.java:onNext(255)) - client-D83FC23EEBD8->4c571e18-69a3-4a6d-81de-e3e48052df18: receive RaftClientReply:client-D83FC23EEBD8->4c571e18-69a3-4a6d-81de-e3e48052df18@group-644576B5741B, cid=2407, SUCCESS, logIndex=3545, commits[4c571e18-69a3-4a6d-81de-e3e48052df18:c3546, 15893972-388e-43c0-9d6c-ca4c76ac06da:c3544, c86beb1c-9105-4588-b1e8-133030361c51:c3544]
2019-07-12 12:28:24,908 INFO  client.GrpcClientProtocolClient (GrpcClientProtocolClient.java:onNext(255)) - client-D83FC23EEBD8->4c571e18-69a3-4a6d-81de-e3e48052df18: receive RaftClientReply:client-D83FC23EEBD8->4c571e18-69a3-4a6d-81de-e3e48052df18@group-644576B5741B, cid=2408, SUCCESS, logIndex=3546, commits[4c571e18-69a3-4a6d-81de-e3e48052df18:c3546, 15893972-388e-43c0-9d6c-ca4c76ac06da:c3544, c86beb1c-9105-4588-b1e8-133030361c51:c3544]
2019-07-12 12:28:24,921 INFO  client.GrpcClientProtocolClient (GrpcClientProtocolClient.java:onNext(255)) - client-D83FC23EEBD8->4c571e18-69a3-4a6d-81de-e3e48052df18: receive RaftClientReply:client-D83FC23EEBD8->4c571e18-69a3-4a6d-81de-e3e48052df18@group-644576B5741B, cid=2409, SUCCESS, logIndex=3549, commits[4c571e18-69a3-4a6d-81de-e3e48052df18:c3549, 15893972-388e-43c0-9d6c-ca4c76ac06da:c3546, c86beb1c-9105-4588-b1e8-133030361c51:c3546]
2019-07-12 12:28:24,921 INFO  client.GrpcClientProtocolClient (GrpcClientProtocolClient.java:onNext(255)) - client-D83FC23EEBD8->4c571e18-69a3-4a6d-81de-e3e48052df18: receive RaftClientReply:client-D83FC23EEBD8->4c571e18-69a3-4a6d-81de-e3e48052df18@group-644576B5741B, cid=2410, SUCCESS, logIndex=3550, commits[4c571e18-69a3-4a6d-81de-e3e48052df18:c3550, 15893972-388e-43c0-9d6c-ca4c76ac06da:c3546, c86beb1c-9105-4588-b1e8-133030361c51:c3546]
2019-07-12 12:28:24,924 INFO  client.GrpcClientProtocolClient (GrpcClientProtocolClient.java:onNext(255)) - client-D83FC23EEBD8->4c571e18-69a3-4a6d-81de-e3e48052df18: receive RaftClientReply:client-D83FC23EEBD8->4c571e18-69a3-4a6d-81de-e3e48052df18@group-644576B5741B, cid=2411, SUCCESS, logIndex=0, commits[4c571e18-69a3-4a6d-81de-e3e48052df18:c3552, 15893972-388e-43c0-9d6c-ca4c76ac06da:c3550, c86beb1c-9105-4588-b1e8-133030361c51:c3550]
2019-07-12 12:28:24,949 INFO  client.GrpcClientProtocolClient (GrpcClientProtocolClient.java:onNext(255)) - client-D83FC23EEBD8->4c571e18-69a3-4a6d-81de-e3e48052df18: receive RaftClientReply:client-D83FC23EEBD8->4c571e18-69a3-4a6d-81de-e3e48052df18@group-644576B5741B, cid=2412, SUCCESS, logIndex=3553, commits[4c571e18-69a3-4a6d-81de-e3e48052df18:c3554, 15893972-388e-43c0-9d6c-ca4c76ac06da:c3552, c86beb1c-9105-4588-b1e8-133030361c51:c3552]
2019-07-12 12:28:24,949 INFO  client.GrpcClientProtocolClient (GrpcClientProtocolClient.java:onNext(255)) - client-D83FC23EEBD8->4c571e18-69a3-4a6d-81de-e3e48052df18: receive RaftClientReply:client-D83FC23EEBD8->4c571e18-69a3-4a6d-81de-e3e48052df18@group-644576B5741B, cid=2413, SUCCESS, logIndex=3554, commits[4c571e18-69a3-4a6d-81de-e3e48052df18:c3554, 15893972-388e-43c0-9d6c-ca4c76ac06da:c3552, c86beb1c-9105-4588-b1e8-133030361c51:c3552]
2019-07-12 12:28:24,950 INFO  client.GrpcClientProtocolClient (GrpcClientProtocolClient.java:onNext(255)) - client-D83FC23EEBD8->4c571e18-69a3-4a6d-81de-e3e48052df18: receive RaftClientReply:client-D83FC23EEBD8->4c571e18-69a3-4a6d-81de-e3e48052df18@group-644576B5741B, cid=2414, SUCCESS, logIndex=3555, commits[4c571e18-69a3-4a6d-81de-e3e48052df18:c3555, 15893972-388e-43c0-9d6c-ca4c76ac06da:c3552, c86beb1c-9105-4588-b1e8-133030361c51:c3552]
2019-07-12 12:28:24,950 INFO  client.GrpcClientProtocolClient (GrpcClientProtocolClient.java:onNext(255)) - client-D83FC23EEBD8->4c571e18-69a3-4a6d-81de-e3e48052df18: receive RaftClientReply:client-D83FC23EEBD8->4c571e18-69a3-4a6d-81de-e3e48052df18@group-644576B5741B, cid=2415, SUCCESS, logIndex=3556, commits[4c571e18-69a3-4a6d-81de-e3e48052df18:c3556, 15893972-388e-43c0-9d6c-ca4c76ac06da:c3552, c86beb1c-9105-4588-b1e8-133030361c51:c3552]
2019-07-12 12:28:24,951 INFO  client.GrpcClientProtocolClient (GrpcClientProtocolClient.java:onNext(255)) - client-D83FC23EEBD8->4c571e18-69a3-4a6d-81de-e3e48052df18: receive RaftClientReply:client-D83FC23EEBD8->4c571e18-69a3-4a6d-81de-e3e48052df18@group-644576B5741B, cid=2416, SUCCESS, logIndex=0, commits[4c571e18-69a3-4a6d-81de-e3e48052df18:c3557, 15893972-388e-43c0-9d6c-ca4c76ac06da:c3554, c86beb1c-9105-4588-b1e8-133030361c51:c3554]
2019-07-12 12:28:24,980 INFO  client.GrpcClientProtocolClient (GrpcClientProtocolClient.java:onNext(255)) - client-D83FC23EEBD8->4c571e18-69a3-4a6d-81de-e3e48052df18: receive RaftClientReply:client-D83FC23EEBD8->4c571e18-69a3-4a6d-81de-e3e48052df18@group-644576B5741B, cid=2417, SUCCESS, logIndex=3561, commits[4c571e18-69a3-4a6d-81de-e3e48052df18:c3562, 15893972-388e-43c0-9d6c-ca4c76ac06da:c3560, c86beb1c-9105-4588-b1e8-133030361c51:c3560]
2019-07-12 12:28:24,981 INFO  client.GrpcClientProtocolClient (GrpcClientProtocolClient.java:onNext(255)) - client-D83FC23EEBD8->4c571e18-69a3-4a6d-81de-e3e48052df18: receive RaftClientReply:client-D83FC23EEBD8->4c571e18-69a3-4a6d-81de-e3e48052df18@group-644576B5741B, cid=2418, SUCCESS, logIndex=3562, commits[4c571e18-69a3-4a6d-81de-e3e48052df18:c3562, 15893972-388e-43c0-9d6c-ca4c76ac06da:c3560, c86beb1c-9105-4588-b1e8-133030361c51:c3560]
2019-07-12 12:28:25,079 INFO  client.GrpcClientProtocolClient (GrpcClientProtocolClient.java:onNext(255)) - client-D83FC23EEBD8->4c571e18-69a3-4a6d-81de-e3e48052df18: receive RaftClientReply:client-D83FC23EEBD8->4c571e18-69a3-4a6d-81de-e3e48052df18@group-644576B5741B, cid=2419, SUCCESS, logIndex=3565, commits[4c571e18-69a3-4a6d-81de-e3e48052df18:c3566, 15893972-388e-43c0-9d6c-ca4c76ac06da:c3564, c86beb1c-9105-4588-b1e8-133030361c51:c3564]
2019-07-12 12:28:25,080 INFO  client.GrpcClientProtocolClient (GrpcClientProtocolClient.java:onNext(255)) - client-D83FC23EEBD8->4c571e18-69a3-4a6d-81de-e3e48052df18: receive RaftClientReply:client-D83FC23EEBD8->4c571e18-69a3-4a6d-81de-e3e48052df18@group-644576B5741B, cid=2420, SUCCESS, logIndex=3566, commits[4c571e18-69a3-4a6d-81de-e3e48052df18:c3566, 15893972-388e-43c0-9d6c-ca4c76ac06da:c3564, c86beb1c-9105-4588-b1e8-133030361c51:c3564]
2019-07-12 12:28:25,091 INFO  client.GrpcClientProtocolClient (GrpcClientProtocolClient.java:onNext(255)) - client-D83FC23EEBD8->4c571e18-69a3-4a6d-81de-e3e48052df18: receive RaftClientReply:client-D83FC23EEBD8->4c571e18-69a3-4a6d-81de-e3e48052df18@group-644576B5741B, cid=2421, SUCCESS, logIndex=0, commits[4c571e18-69a3-4a6d-81de-e3e48052df18:c3567, 15893972-388e-43c0-9d6c-ca4c76ac06da:c3566, c86beb1c-9105-4588-b1e8-133030361c51:c3566]
2019-07-12 12:28:25,118 INFO  client.GrpcClientProtocolClient (GrpcClientProtocolClient.java:onNext(255)) - client-D83FC23EEBD8->4c571e18-69a3-4a6d-81de-e3e48052df18: receive RaftClientReply:client-D83FC23EEBD8->4c571e18-69a3-4a6d-81de-e3e48052df18@group-644576B5741B, cid=2422, SUCCESS, logIndex=3569, commits[4c571e18-69a3-4a6d-81de-e3e48052df18:c3570, 15893972-388e-43c0-9d6c-ca4c76ac06da:c3568, c86beb1c-9105-4588-b1e8-133030361c51:c3568]
2019-07-12 12:28:25,118 INFO  client.GrpcClientProtocolClient (GrpcClientProtocolClient.java:onNext(255)) - client-D83FC23EEBD8->4c571e18-69a3-4a6d-81de-e3e48052df18: receive RaftClientReply:client-D83FC23EEBD8->4c571e18-69a3-4a6d-81de-e3e48052df18@group-644576B5741B, cid=2423, SUCCESS, logIndex=3570, commits[4c571e18-69a3-4a6d-81de-e3e48052df18:c3572, 15893972-388e-43c0-9d6c-ca4c76ac06da:c3568, c86beb1c-9105-4588-b1e8-133030361c51:c3568]
2019-07-12 12:28:25,118 INFO  client.GrpcClientProtocolClient (GrpcClientProtocolClient.java:onNext(255)) - client-D83FC23EEBD8->4c571e18-69a3-4a6d-81de-e3e48052df18: receive RaftClientReply:client-D83FC23EEBD8->4c571e18-69a3-4a6d-81de-e3e48052df18@group-644576B5741B, cid=2424, SUCCESS, logIndex=3571, commits[4c571e18-69a3-4a6d-81de-e3e48052df18:c3572, 15893972-388e-43c0-9d6c-ca4c76ac06da:c3568, c86beb1c-9105-4588-b1e8-133030361c51:c3568]
2019-07-12 12:28:25,119 INFO  client.GrpcClientProtocolClient (GrpcClientProtocolClient.java:onNext(255)) - client-D83FC23EEBD8->4c571e18-69a3-4a6d-81de-e3e48052df18: receive RaftClientReply:client-D83FC23EEBD8->4c571e18-69a3-4a6d-81de-e3e48052df18@group-644576B5741B, cid=2425, SUCCESS, logIndex=3572, commits[4c571e18-69a3-4a6d-81de-e3e48052df18:c3572, 15893972-388e-43c0-9d6c-ca4c76ac06da:c3568, c86beb1c-9105-4588-b1e8-133030361c51:c3568]
2019-07-12 12:28:25,120 INFO  client.GrpcClientProtocolClient (GrpcClientProtocolClient.java:onNext(255)) - client-D83FC23EEBD8->4c571e18-69a3-4a6d-81de-e3e48052df18: receive RaftClientReply:client-D83FC23EEBD8->4c571e18-69a3-4a6d-81de-e3e48052df18@group-644576B5741B, cid=2426, SUCCESS, logIndex=0, commits[4c571e18-69a3-4a6d-81de-e3e48052df18:c3573, 15893972-388e-43c0-9d6c-ca4c76ac06da:c3570, c86beb1c-9105-4588-b1e8-133030361c51:c3570]
2019-07-12 12:28:25,137 INFO  client.GrpcClientProtocolClient (GrpcClientProtocolClient.java:onNext(255)) - client-D83FC23EEBD8->4c571e18-69a3-4a6d-81de-e3e48052df18: receive RaftClientReply:client-D83FC23EEBD8->4c571e18-69a3-4a6d-81de-e3e48052df18@group-644576B5741B, cid=2427, SUCCESS, logIndex=3577, commits[4c571e18-69a3-4a6d-81de-e3e48052df18:c3578, 15893972-388e-43c0-9d6c-ca4c76ac06da:c3576, c86beb1c-9105-4588-b1e8-133030361c51:c3576]
2019-07-12 12:28:25,138 INFO  client.GrpcClientProtocolClient (GrpcClientProtocolClient.java:onNext(255)) - client-D83FC23EEBD8->4c571e18-69a3-4a6d-81de-e3e48052df18: receive RaftClientReply:client-D83FC23EEBD8->4c571e18-69a3-4a6d-81de-e3e48052df18@group-644576B5741B, cid=2428, SUCCESS, logIndex=3578, commits[4c571e18-69a3-4a6d-81de-e3e48052df18:c3578, 15893972-388e-43c0-9d6c-ca4c76ac06da:c3576, c86beb1c-9105-4588-b1e8-133030361c51:c3576]
2019-07-12 12:28:25,151 INFO  client.GrpcClientProtocolClient (GrpcClientProtocolClient.java:onNext(255)) - client-D83FC23EEBD8->4c571e18-69a3-4a6d-81de-e3e48052df18: receive RaftClientReply:client-D83FC23EEBD8->4c571e18-69a3-4a6d-81de-e3e48052df18@group-644576B5741B, cid=2429, SUCCESS, logIndex=3581, commits[4c571e18-69a3-4a6d-81de-e3e48052df18:c3582, 15893972-388e-43c0-9d6c-ca4c76ac06da:c3578, c86beb1c-9105-4588-b1e8-133030361c51:c3578]
2019-07-12 12:28:25,152 INFO  client.GrpcClientProtocolClient (GrpcClientProtocolClient.java:onNext(255)) - client-D83FC23EEBD8->4c571e18-69a3-4a6d-81de-e3e48052df18: receive RaftClientReply:client-D83FC23EEBD8->4c571e18-69a3-4a6d-81de-e3e48052df18@group-644576B5741B, cid=2430, SUCCESS, logIndex=3582, commits[4c571e18-69a3-4a6d-81de-e3e48052df18:c3582, 15893972-388e-43c0-9d6c-ca4c76ac06da:c3578, c86beb1c-9105-4588-b1e8-133030361c51:c3578]
2019-07-12 12:28:25,163 INFO  client.GrpcClientProtocolClient (GrpcClientProtocolClient.java:onNext(255)) - client-D83FC23EEBD8->4c571e18-69a3-4a6d-81de-e3e48052df18: receive RaftClientReply:client-D83FC23EEBD8->4c571e18-69a3-4a6d-81de-e3e48052df18@group-644576B5741B, cid=2431, SUCCESS, logIndex=0, commits[4c571e18-69a3-4a6d-81de-e3e48052df18:c3583, 15893972-388e-43c0-9d6c-ca4c76ac06da:c3582, c86beb1c-9105-4588-b1e8-133030361c51:c3582]
2019-07-12 12:28:25,189 INFO  client.GrpcClientProtocolClient (GrpcClientProtocolClient.java:onNext(255)) - client-D83FC23EEBD8->4c571e18-69a3-4a6d-81de-e3e48052df18: receive RaftClientReply:client-D83FC23EEBD8->4c571e18-69a3-4a6d-81de-e3e48052df18@group-644576B5741B, cid=2432, SUCCESS, logIndex=3584, commits[4c571e18-69a3-4a6d-81de-e3e48052df18:c3585, 15893972-388e-43c0-9d6c-ca4c76ac06da:c3583, c86beb1c-9105-4588-b1e8-133030361c51:c3583]
2019-07-12 12:28:25,189 INFO  client.GrpcClientProtocolClient (GrpcClientProtocolClient.java:onNext(255)) - client-D83FC23EEBD8->4c571e18-69a3-4a6d-81de-e3e48052df18: receive RaftClientReply:client-D83FC23EEBD8->4c571e18-69a3-4a6d-81de-e3e48052df18@group-644576B5741B, cid=2433, SUCCESS, logIndex=3585, commits[4c571e18-69a3-4a6d-81de-e3e48052df18:c3585, 15893972-388e-43c0-9d6c-ca4c76ac06da:c3583, c86beb1c-9105-4588-b1e8-133030361c51:c3583]
2019-07-12 12:28:25,190 INFO  client.GrpcClientProtocolClient (GrpcClientProtocolClient.java:onNext(255)) - client-D83FC23EEBD8->4c571e18-69a3-4a6d-81de-e3e48052df18: receive RaftClientReply:client-D83FC23EEBD8->4c571e18-69a3-4a6d-81de-e3e48052df18@group-644576B5741B, cid=2434, SUCCESS, logIndex=3586, commits[4c571e18-69a3-4a6d-81de-e3e48052df18:c3587, 15893972-388e-43c0-9d6c-ca4c76ac06da:c3583, c86beb1c-9105-4588-b1e8-133030361c51:c3583]
2019-07-12 12:28:25,191 INFO  client.GrpcClientProtocolClient (GrpcClientProtocolClient.java:onNext(255)) - client-D83FC23EEBD8->4c571e18-69a3-4a6d-81de-e3e48052df18: receive RaftClientReply:client-D83FC23EEBD8->4c571e18-69a3-4a6d-81de-e3e48052df18@group-644576B5741B, cid=2435, SUCCESS, logIndex=3587, commits[4c571e18-69a3-4a6d-81de-e3e48052df18:c3587, 15893972-388e-43c0-9d6c-ca4c76ac06da:c3583, c86beb1c-9105-4588-b1e8-133030361c51:c3583]
2019-07-12 12:28:25,192 INFO  client.GrpcClientProtocolClient (GrpcClientProtocolClient.java:onNext(255)) - client-D83FC23EEBD8->4c571e18-69a3-4a6d-81de-e3e48052df18: receive RaftClientReply:client-D83FC23EEBD8->4c571e18-69a3-4a6d-81de-e3e48052df18@group-644576B5741B, cid=2436, SUCCESS, logIndex=0, commits[4c571e18-69a3-4a6d-81de-e3e48052df18:c3589, 15893972-388e-43c0-9d6c-ca4c76ac06da:c3585, c86beb1c-9105-4588-b1e8-133030361c51:c3585]
2019-07-12 12:28:25,220 INFO  client.GrpcClientProtocolClient (GrpcClientProtocolClient.java:onNext(255)) - client-D83FC23EEBD8->4c571e18-69a3-4a6d-81de-e3e48052df18: receive RaftClientReply:client-D83FC23EEBD8->4c571e18-69a3-4a6d-81de-e3e48052df18@group-644576B5741B, cid=2437, SUCCESS, logIndex=3592, commits[4c571e18-69a3-4a6d-81de-e3e48052df18:c3593, 15893972-388e-43c0-9d6c-ca4c76ac06da:c3591, c86beb1c-9105-4588-b1e8-133030361c51:c3591]
2019-07-12 12:28:25,220 INFO  client.GrpcClientProtocolClient (GrpcClientProtocolClient.java:onNext(255)) - client-D83FC23EEBD8->4c571e18-69a3-4a6d-81de-e3e48052df18: receive RaftClientReply:client-D83FC23EEBD8->4c571e18-69a3-4a6d-81de-e3e48052df18@group-644576B5741B, cid=2438, SUCCESS, logIndex=3593, commits[4c571e18-69a3-4a6d-81de-e3e48052df18:c3593, 15893972-388e-43c0-9d6c-ca4c76ac06da:c3591, c86beb1c-9105-4588-b1e8-133030361c51:c3591]
2019-07-12 12:28:25,231 INFO  client.GrpcClientProtocolClient (GrpcClientProtocolClient.java:onNext(255)) - client-D83FC23EEBD8->4c571e18-69a3-4a6d-81de-e3e48052df18: receive RaftClientReply:client-D83FC23EEBD8->4c571e18-69a3-4a6d-81de-e3e48052df18@group-644576B5741B, cid=2439, SUCCESS, logIndex=3596, commits[4c571e18-69a3-4a6d-81de-e3e48052df18:c3597, 15893972-388e-43c0-9d6c-ca4c76ac06da:c3593, c86beb1c-9105-4588-b1e8-133030361c51:c3593]
2019-07-12 12:28:25,232 INFO  client.GrpcClientProtocolClient (GrpcClientProtocolClient.java:onNext(255)) - client-D83FC23EEBD8->4c571e18-69a3-4a6d-81de-e3e48052df18: receive RaftClientReply:client-D83FC23EEBD8->4c571e18-69a3-4a6d-81de-e3e48052df18@group-644576B5741B, cid=2440, SUCCESS, logIndex=3597, commits[4c571e18-69a3-4a6d-81de-e3e48052df18:c3597, 15893972-388e-43c0-9d6c-ca4c76ac06da:c3593, c86beb1c-9105-4588-b1e8-133030361c51:c3593]
2019-07-12 12:28:25,234 INFO  client.GrpcClientProtocolClient (GrpcClientProtocolClient.java:onNext(255)) - client-D83FC23EEBD8->4c571e18-69a3-4a6d-81de-e3e48052df18: receive RaftClientReply:client-D83FC23EEBD8->4c571e18-69a3-4a6d-81de-e3e48052df18@group-644576B5741B, cid=2441, SUCCESS, logIndex=0, commits[4c571e18-69a3-4a6d-81de-e3e48052df18:c3598, 15893972-388e-43c0-9d6c-ca4c76ac06da:c3597, c86beb1c-9105-4588-b1e8-133030361c51:c3597]
2019-07-12 12:28:25,266 INFO  client.GrpcClientProtocolClient (GrpcClientProtocolClient.java:onNext(255)) - client-D83FC23EEBD8->4c571e18-69a3-4a6d-81de-e3e48052df18: receive RaftClientReply:client-D83FC23EEBD8->4c571e18-69a3-4a6d-81de-e3e48052df18@group-644576B5741B, cid=2442, SUCCESS, logIndex=3599, commits[4c571e18-69a3-4a6d-81de-e3e48052df18:c3600, 15893972-388e-43c0-9d6c-ca4c76ac06da:c3598, c86beb1c-9105-4588-b1e8-133030361c51:c3598]
2019-07-12 12:28:25,266 INFO  client.GrpcClientProtocolClient (GrpcClientProtocolClient.java:onNext(255)) - client-D83FC23EEBD8->4c571e18-69a3-4a6d-81de-e3e48052df18: receive RaftClientReply:client-D83FC23EEBD8->4c571e18-69a3-4a6d-81de-e3e48052df18@group-644576B5741B, cid=2443, SUCCESS, logIndex=3600, commits[4c571e18-69a3-4a6d-81de-e3e48052df18:c3600, 15893972-388e-43c0-9d6c-ca4c76ac06da:c3598, c86beb1c-9105-4588-b1e8-133030361c51:c3598]
2019-07-12 12:28:25,267 INFO  client.GrpcClientProtocolClient (GrpcClientProtocolClient.java:onNext(255)) - client-D83FC23EEBD8->4c571e18-69a3-4a6d-81de-e3e48052df18: receive RaftClientReply:client-D83FC23EEBD8->4c571e18-69a3-4a6d-81de-e3e48052df18@group-644576B5741B, cid=2444, SUCCESS, logIndex=3601, commits[4c571e18-69a3-4a6d-81de-e3e48052df18:c3602, 15893972-388e-43c0-9d6c-ca4c76ac06da:c3598, c86beb1c-9105-4588-b1e8-133030361c51:c3598]
2019-07-12 12:28:25,267 INFO  client.GrpcClientProtocolClient (GrpcClientProtocolClient.java:onNext(255)) - client-D83FC23EEBD8->4c571e18-69a3-4a6d-81de-e3e48052df18: receive RaftClientReply:client-D83FC23EEBD8->4c571e18-69a3-4a6d-81de-e3e48052df18@group-644576B5741B, cid=2445, SUCCESS, logIndex=3602, commits[4c571e18-69a3-4a6d-81de-e3e48052df18:c3602, 15893972-388e-43c0-9d6c-ca4c76ac06da:c3598, c86beb1c-9105-4588-b1e8-133030361c51:c3598]
2019-07-12 12:28:25,269 INFO  client.GrpcClientProtocolClient (GrpcClientProtocolClient.java:onNext(255)) - client-D83FC23EEBD8->4c571e18-69a3-4a6d-81de-e3e48052df18: receive RaftClientReply:client-D83FC23EEBD8->4c571e18-69a3-4a6d-81de-e3e48052df18@group-644576B5741B, cid=2446, SUCCESS, logIndex=0, commits[4c571e18-69a3-4a6d-81de-e3e48052df18:c3604, 15893972-388e-43c0-9d6c-ca4c76ac06da:c3600, c86beb1c-9105-4588-b1e8-133030361c51:c3600]
2019-07-12 12:28:25,287 INFO  client.GrpcClientProtocolClient (GrpcClientProtocolClient.java:onNext(255)) - client-D83FC23EEBD8->4c571e18-69a3-4a6d-81de-e3e48052df18: receive RaftClientReply:client-D83FC23EEBD8->4c571e18-69a3-4a6d-81de-e3e48052df18@group-644576B5741B, cid=2447, SUCCESS, logIndex=3607, commits[4c571e18-69a3-4a6d-81de-e3e48052df18:c3608, 15893972-388e-43c0-9d6c-ca4c76ac06da:c3606, c86beb1c-9105-4588-b1e8-133030361c51:c3606]
2019-07-12 12:28:25,287 INFO  client.GrpcClientProtocolClient (GrpcClientProtocolClient.java:onNext(255)) - client-D83FC23EEBD8->4c571e18-69a3-4a6d-81de-e3e48052df18: receive RaftClientReply:client-D83FC23EEBD8->4c571e18-69a3-4a6d-81de-e3e48052df18@group-644576B5741B, cid=2448, SUCCESS, logIndex=3608, commits[4c571e18-69a3-4a6d-81de-e3e48052df18:c3608, 15893972-388e-43c0-9d6c-ca4c76ac06da:c3606, c86beb1c-9105-4588-b1e8-133030361c51:c3606]
2019-07-12 12:28:25,300 INFO  client.GrpcClientProtocolClient (GrpcClientProtocolClient.java:onNext(255)) - client-D83FC23EEBD8->4c571e18-69a3-4a6d-81de-e3e48052df18: receive RaftClientReply:client-D83FC23EEBD8->4c571e18-69a3-4a6d-81de-e3e48052df18@group-644576B5741B, cid=2449, SUCCESS, logIndex=3611, commits[4c571e18-69a3-4a6d-81de-e3e48052df18:c3612, 15893972-388e-43c0-9d6c-ca4c76ac06da:c3608, c86beb1c-9105-4588-b1e8-133030361c51:c3608]
2019-07-12 12:28:25,300 INFO  client.GrpcClientProtocolClient (GrpcClientProtocolClient.java:onNext(255)) - client-D83FC23EEBD8->4c571e18-69a3-4a6d-81de-e3e48052df18: receive RaftClientReply:client-D83FC23EEBD8->4c571e18-69a3-4a6d-81de-e3e48052df18@group-644576B5741B, cid=2450, SUCCESS, logIndex=3612, commits[4c571e18-69a3-4a6d-81de-e3e48052df18:c3612, 15893972-388e-43c0-9d6c-ca4c76ac06da:c3608, c86beb1c-9105-4588-b1e8-133030361c51:c3608]
2019-07-12 12:28:25,312 INFO  client.GrpcClientProtocolClient (GrpcClientProtocolClient.java:onNext(255)) - client-D83FC23EEBD8->4c571e18-69a3-4a6d-81de-e3e48052df18: receive RaftClientReply:client-D83FC23EEBD8->4c571e18-69a3-4a6d-81de-e3e48052df18@group-644576B5741B, cid=2451, SUCCESS, logIndex=0, commits[4c571e18-69a3-4a6d-81de-e3e48052df18:c3614, 15893972-388e-43c0-9d6c-ca4c76ac06da:c3612, c86beb1c-9105-4588-b1e8-133030361c51:c3612]
2019-07-12 12:28:25,337 INFO  client.GrpcClientProtocolClient (GrpcClientProtocolClient.java:onNext(255)) - client-D83FC23EEBD8->4c571e18-69a3-4a6d-81de-e3e48052df18: receive RaftClientReply:client-D83FC23EEBD8->4c571e18-69a3-4a6d-81de-e3e48052df18@group-644576B5741B, cid=2452, SUCCESS, logIndex=3615, commits[4c571e18-69a3-4a6d-81de-e3e48052df18:c3616, 15893972-388e-43c0-9d6c-ca4c76ac06da:c3614, c86beb1c-9105-4588-b1e8-133030361c51:c3614]
2019-07-12 12:28:25,338 INFO  client.GrpcClientProtocolClient (GrpcClientProtocolClient.java:onNext(255)) - client-D83FC23EEBD8->4c571e18-69a3-4a6d-81de-e3e48052df18: receive RaftClientReply:client-D83FC23EEBD8->4c571e18-69a3-4a6d-81de-e3e48052df18@group-644576B5741B, cid=2453, SUCCESS, logIndex=3616, commits[4c571e18-69a3-4a6d-81de-e3e48052df18:c3616, 15893972-388e-43c0-9d6c-ca4c76ac06da:c3614, c86beb1c-9105-4588-b1e8-133030361c51:c3614]
2019-07-12 12:28:25,338 INFO  client.GrpcClientProtocolClient (GrpcClientProtocolClient.java:onNext(255)) - client-D83FC23EEBD8->4c571e18-69a3-4a6d-81de-e3e48052df18: receive RaftClientReply:client-D83FC23EEBD8->4c571e18-69a3-4a6d-81de-e3e48052df18@group-644576B5741B, cid=2454, SUCCESS, logIndex=3617, commits[4c571e18-69a3-4a6d-81de-e3e48052df18:c3618, 15893972-388e-43c0-9d6c-ca4c76ac06da:c3614, c86beb1c-9105-4588-b1e8-133030361c51:c3614]
2019-07-12 12:28:25,339 INFO  client.GrpcClientProtocolClient (GrpcClientProtocolClient.java:onNext(255)) - client-D83FC23EEBD8->4c571e18-69a3-4a6d-81de-e3e48052df18: receive RaftClientReply:client-D83FC23EEBD8->4c571e18-69a3-4a6d-81de-e3e48052df18@group-644576B5741B, cid=2455, SUCCESS, logIndex=3618, commits[4c571e18-69a3-4a6d-81de-e3e48052df18:c3618, 15893972-388e-43c0-9d6c-ca4c76ac06da:c3614, c86beb1c-9105-4588-b1e8-133030361c51:c3614]
2019-07-12 12:28:25,340 INFO  client.GrpcClientProtocolClient (GrpcClientProtocolClient.java:onNext(255)) - client-D83FC23EEBD8->4c571e18-69a3-4a6d-81de-e3e48052df18: receive RaftClientReply:client-D83FC23EEBD8->4c571e18-69a3-4a6d-81de-e3e48052df18@group-644576B5741B, cid=2456, SUCCESS, logIndex=0, commits[4c571e18-69a3-4a6d-81de-e3e48052df18:c3620, 15893972-388e-43c0-9d6c-ca4c76ac06da:c3616, c86beb1c-9105-4588-b1e8-133030361c51:c3616]
2019-07-12 12:28:25,358 INFO  client.GrpcClientProtocolClient (GrpcClientProtocolClient.java:onNext(255)) - client-D83FC23EEBD8->4c571e18-69a3-4a6d-81de-e3e48052df18: receive RaftClientReply:client-D83FC23EEBD8->4c571e18-69a3-4a6d-81de-e3e48052df18@group-644576B5741B, cid=2457, SUCCESS, logIndex=3623, commits[4c571e18-69a3-4a6d-81de-e3e48052df18:c3624, 15893972-388e-43c0-9d6c-ca4c76ac06da:c3622, c86beb1c-9105-4588-b1e8-133030361c51:c3622]
2019-07-12 12:28:25,358 INFO  client.GrpcClientProtocolClient (GrpcClientProtocolClient.java:onNext(255)) - client-D83FC23EEBD8->4c571e18-69a3-4a6d-81de-e3e48052df18: receive RaftClientReply:client-D83FC23EEBD8->4c571e18-69a3-4a6d-81de-e3e48052df18@group-644576B5741B, cid=2458, SUCCESS, logIndex=3624, commits[4c571e18-69a3-4a6d-81de-e3e48052df18:c3624, 15893972-388e-43c0-9d6c-ca4c76ac06da:c3622, c86beb1c-9105-4588-b1e8-133030361c51:c3622]
2019-07-12 12:28:25,372 INFO  client.GrpcClientProtocolClient (GrpcClientProtocolClient.java:onNext(255)) - client-D83FC23EEBD8->4c571e18-69a3-4a6d-81de-e3e48052df18: receive RaftClientReply:client-D83FC23EEBD8->4c571e18-69a3-4a6d-81de-e3e48052df18@group-644576B5741B, cid=2459, SUCCESS, logIndex=3627, commits[4c571e18-69a3-4a6d-81de-e3e48052df18:c3627, 15893972-388e-43c0-9d6c-ca4c76ac06da:c3624, c86beb1c-9105-4588-b1e8-133030361c51:c3624]
2019-07-12 12:28:25,372 INFO  client.GrpcClientProtocolClient (GrpcClientProtocolClient.java:onNext(255)) - client-D83FC23EEBD8->4c571e18-69a3-4a6d-81de-e3e48052df18: receive RaftClientReply:client-D83FC23EEBD8->4c571e18-69a3-4a6d-81de-e3e48052df18@group-644576B5741B, cid=2460, SUCCESS, logIndex=3628, commits[4c571e18-69a3-4a6d-81de-e3e48052df18:c3628, 15893972-388e-43c0-9d6c-ca4c76ac06da:c3624, c86beb1c-9105-4588-b1e8-133030361c51:c3624]
2019-07-12 12:28:25,384 INFO  client.GrpcClientProtocolClient (GrpcClientProtocolClient.java:onNext(255)) - client-D83FC23EEBD8->4c571e18-69a3-4a6d-81de-e3e48052df18: receive RaftClientReply:client-D83FC23EEBD8->4c571e18-69a3-4a6d-81de-e3e48052df18@group-644576B5741B, cid=2461, SUCCESS, logIndex=0, commits[4c571e18-69a3-4a6d-81de-e3e48052df18:c3630, 15893972-388e-43c0-9d6c-ca4c76ac06da:c3628, c86beb1c-9105-4588-b1e8-133030361c51:c3628]
2019-07-12 12:28:25,407 INFO  client.GrpcClientProtocolClient (GrpcClientProtocolClient.java:onNext(255)) - client-D83FC23EEBD8->4c571e18-69a3-4a6d-81de-e3e48052df18: receive RaftClientReply:client-D83FC23EEBD8->4c571e18-69a3-4a6d-81de-e3e48052df18@group-644576B5741B, cid=2462, SUCCESS, logIndex=3631, commits[4c571e18-69a3-4a6d-81de-e3e48052df18:c3631, 15893972-388e-43c0-9d6c-ca4c76ac06da:c3630, c86beb1c-9105-4588-b1e8-133030361c51:c3630]
2019-07-12 12:28:25,408 INFO  client.GrpcClientProtocolClient (GrpcClientProtocolClient.java:onNext(255)) - client-D83FC23EEBD8->4c571e18-69a3-4a6d-81de-e3e48052df18: receive RaftClientReply:client-D83FC23EEBD8->4c571e18-69a3-4a6d-81de-e3e48052df18@group-644576B5741B, cid=2463, SUCCESS, logIndex=3632, commits[4c571e18-69a3-4a6d-81de-e3e48052df18:c3632, 15893972-388e-43c0-9d6c-ca4c76ac06da:c3630, c86beb1c-9105-4588-b1e8-133030361c51:c3630]
2019-07-12 12:28:25,408 INFO  client.GrpcClientProtocolClient (GrpcClientProtocolClient.java:onNext(255)) - client-D83FC23EEBD8->4c571e18-69a3-4a6d-81de-e3e48052df18: receive RaftClientReply:client-D83FC23EEBD8->4c571e18-69a3-4a6d-81de-e3e48052df18@group-644576B5741B, cid=2464, SUCCESS, logIndex=3633, commits[4c571e18-69a3-4a6d-81de-e3e48052df18:c3633, 15893972-388e-43c0-9d6c-ca4c76ac06da:c3630, c86beb1c-9105-4588-b1e8-133030361c51:c3630]
2019-07-12 12:28:25,409 INFO  client.GrpcClientProtocolClient (GrpcClientProtocolClient.java:onNext(255)) - client-D83FC23EEBD8->4c571e18-69a3-4a6d-81de-e3e48052df18: receive RaftClientReply:client-D83FC23EEBD8->4c571e18-69a3-4a6d-81de-e3e48052df18@group-644576B5741B, cid=2465, SUCCESS, logIndex=3634, commits[4c571e18-69a3-4a6d-81de-e3e48052df18:c3634, 15893972-388e-43c0-9d6c-ca4c76ac06da:c3630, c86beb1c-9105-4588-b1e8-133030361c51:c3630]
2019-07-12 12:28:25,411 INFO  client.GrpcClientProtocolClient (GrpcClientProtocolClient.java:onNext(255)) - client-D83FC23EEBD8->4c571e18-69a3-4a6d-81de-e3e48052df18: receive RaftClientReply:client-D83FC23EEBD8->4c571e18-69a3-4a6d-81de-e3e48052df18@group-644576B5741B, cid=2466, SUCCESS, logIndex=0, commits[4c571e18-69a3-4a6d-81de-e3e48052df18:c3638, 15893972-388e-43c0-9d6c-ca4c76ac06da:c3632, c86beb1c-9105-4588-b1e8-133030361c51:c3634]
2019-07-12 12:28:25,421 INFO  client.GrpcClientProtocolClient (GrpcClientProtocolClient.java:onNext(255)) - client-D83FC23EEBD8->4c571e18-69a3-4a6d-81de-e3e48052df18: receive RaftClientReply:client-D83FC23EEBD8->4c571e18-69a3-4a6d-81de-e3e48052df18@group-644576B5741B, cid=2467, SUCCESS, logIndex=3639, commits[4c571e18-69a3-4a6d-81de-e3e48052df18:c3640, 15893972-388e-43c0-9d6c-ca4c76ac06da:c3634, c86beb1c-9105-4588-b1e8-133030361c51:c3638]
2019-07-12 12:28:25,421 INFO  client.GrpcClientProtocolClient (GrpcClientProtocolClient.java:onNext(255)) - client-D83FC23EEBD8->4c571e18-69a3-4a6d-81de-e3e48052df18: receive RaftClientReply:client-D83FC23EEBD8->4c571e18-69a3-4a6d-81de-e3e48052df18@group-644576B5741B, cid=2468, SUCCESS, logIndex=3640, commits[4c571e18-69a3-4a6d-81de-e3e48052df18:c3640, 15893972-388e-43c0-9d6c-ca4c76ac06da:c3638, c86beb1c-9105-4588-b1e8-133030361c51:c3638]
2019-07-12 12:28:25,437 INFO  client.GrpcClientProtocolClient (GrpcClientProtocolClient.java:onNext(255)) - client-D83FC23EEBD8->4c571e18-69a3-4a6d-81de-e3e48052df18: receive RaftClientReply:client-D83FC23EEBD8->4c571e18-69a3-4a6d-81de-e3e48052df18@group-644576B5741B, cid=2469, SUCCESS, logIndex=3643, commits[4c571e18-69a3-4a6d-81de-e3e48052df18:c3644, 15893972-388e-43c0-9d6c-ca4c76ac06da:c3642, c86beb1c-9105-4588-b1e8-133030361c51:c3642]
2019-07-12 12:28:25,437 INFO  client.GrpcClientProtocolClient (GrpcClientProtocolClient.java:onNext(255)) - client-D83FC23EEBD8->4c571e18-69a3-4a6d-81de-e3e48052df18: receive RaftClientReply:client-D83FC23EEBD8->4c571e18-69a3-4a6d-81de-e3e48052df18@group-644576B5741B, cid=2470, SUCCESS, logIndex=3644, commits[4c571e18-69a3-4a6d-81de-e3e48052df18:c3644, 15893972-388e-43c0-9d6c-ca4c76ac06da:c3642, c86beb1c-9105-4588-b1e8-133030361c51:c3642]
2019-07-12 12:28:25,439 INFO  client.GrpcClientProtocolClient (GrpcClientProtocolClient.java:onNext(255)) - client-D83FC23EEBD8->4c571e18-69a3-4a6d-81de-e3e48052df18: receive RaftClientReply:client-D83FC23EEBD8->4c571e18-69a3-4a6d-81de-e3e48052df18@group-644576B5741B, cid=2471, SUCCESS, logIndex=0, commits[4c571e18-69a3-4a6d-81de-e3e48052df18:c3645, 15893972-388e-43c0-9d6c-ca4c76ac06da:c3644, c86beb1c-9105-4588-b1e8-133030361c51:c3644]
2019-07-12 12:28:25,471 INFO  client.GrpcClientProtocolClient (GrpcClientProtocolClient.java:onNext(255)) - client-D83FC23EEBD8->4c571e18-69a3-4a6d-81de-e3e48052df18: receive RaftClientReply:client-D83FC23EEBD8->4c571e18-69a3-4a6d-81de-e3e48052df18@group-644576B5741B, cid=2472, SUCCESS, logIndex=3647, commits[4c571e18-69a3-4a6d-81de-e3e48052df18:c3648, 15893972-388e-43c0-9d6c-ca4c76ac06da:c3646, c86beb1c-9105-4588-b1e8-133030361c51:c3646]
2019-07-12 12:28:25,471 INFO  client.GrpcClientProtocolClient (GrpcClientProtocolClient.java:onNext(255)) - client-D83FC23EEBD8->4c571e18-69a3-4a6d-81de-e3e48052df18: receive RaftClientReply:client-D83FC23EEBD8->4c571e18-69a3-4a6d-81de-e3e48052df18@group-644576B5741B, cid=2473, SUCCESS, logIndex=3648, commits[4c571e18-69a3-4a6d-81de-e3e48052df18:c3649, 15893972-388e-43c0-9d6c-ca4c76ac06da:c3646, c86beb1c-9105-4588-b1e8-133030361c51:c3646]
2019-07-12 12:28:25,472 INFO  client.GrpcClientProtocolClient (GrpcClientProtocolClient.java:onNext(255)) - client-D83FC23EEBD8->4c571e18-69a3-4a6d-81de-e3e48052df18: receive RaftClientReply:client-D83FC23EEBD8->4c571e18-69a3-4a6d-81de-e3e48052df18@group-644576B5741B, cid=2474, SUCCESS, logIndex=3649, commits[4c571e18-69a3-4a6d-81de-e3e48052df18:c3649, 15893972-388e-43c0-9d6c-ca4c76ac06da:c3646, c86beb1c-9105-4588-b1e8-133030361c51:c3646]
2019-07-12 12:28:25,472 INFO  client.GrpcClientProtocolClient (GrpcClientProtocolClient.java:onNext(255)) - client-D83FC23EEBD8->4c571e18-69a3-4a6d-81de-e3e48052df18: receive RaftClientReply:client-D83FC23EEBD8->4c571e18-69a3-4a6d-81de-e3e48052df18@group-644576B5741B, cid=2475, SUCCESS, logIndex=3650, commits[4c571e18-69a3-4a6d-81de-e3e48052df18:c3650, 15893972-388e-43c0-9d6c-ca4c76ac06da:c3646, c86beb1c-9105-4588-b1e8-133030361c51:c3646]
2019-07-12 12:28:25,473 INFO  client.GrpcClientProtocolClient (GrpcClientProtocolClient.java:onNext(255)) - client-D83FC23EEBD8->4c571e18-69a3-4a6d-81de-e3e48052df18: receive RaftClientReply:client-D83FC23EEBD8->4c571e18-69a3-4a6d-81de-e3e48052df18@group-644576B5741B, cid=2476, SUCCESS, logIndex=0, commits[4c571e18-69a3-4a6d-81de-e3e48052df18:c3653, 15893972-388e-43c0-9d6c-ca4c76ac06da:c3649, c86beb1c-9105-4588-b1e8-133030361c51:c3649]
2019-07-12 12:28:25,491 INFO  client.GrpcClientProtocolClient (GrpcClientProtocolClient.java:onNext(255)) - client-D83FC23EEBD8->4c571e18-69a3-4a6d-81de-e3e48052df18: receive RaftClientReply:client-D83FC23EEBD8->4c571e18-69a3-4a6d-81de-e3e48052df18@group-644576B5741B, cid=2477, SUCCESS, logIndex=3655, commits[4c571e18-69a3-4a6d-81de-e3e48052df18:c3656, 15893972-388e-43c0-9d6c-ca4c76ac06da:c3650, c86beb1c-9105-4588-b1e8-133030361c51:c3654]
2019-07-12 12:28:25,491 INFO  client.GrpcClientProtocolClient (GrpcClientProtocolClient.java:onNext(255)) - client-D83FC23EEBD8->4c571e18-69a3-4a6d-81de-e3e48052df18: receive RaftClientReply:client-D83FC23EEBD8->4c571e18-69a3-4a6d-81de-e3e48052df18@group-644576B5741B, cid=2478, SUCCESS, logIndex=3656, commits[4c571e18-69a3-4a6d-81de-e3e48052df18:c3656, 15893972-388e-43c0-9d6c-ca4c76ac06da:c3650, c86beb1c-9105-4588-b1e8-133030361c51:c3654]
2019-07-12 12:28:25,504 INFO  client.GrpcClientProtocolClient (GrpcClientProtocolClient.java:onNext(255)) - client-D83FC23EEBD8->4c571e18-69a3-4a6d-81de-e3e48052df18: receive RaftClientReply:client-D83FC23EEBD8->4c571e18-69a3-4a6d-81de-e3e48052df18@group-644576B5741B, cid=2479, SUCCESS, logIndex=3659, commits[4c571e18-69a3-4a6d-81de-e3e48052df18:c3660, 15893972-388e-43c0-9d6c-ca4c76ac06da:c3656, c86beb1c-9105-4588-b1e8-133030361c51:c3656]
2019-07-12 12:28:25,504 INFO  client.GrpcClientProtocolClient (GrpcClientProtocolClient.java:onNext(255)) - client-D83FC23EEBD8->4c571e18-69a3-4a6d-81de-e3e48052df18: receive RaftClientReply:client-D83FC23EEBD8->4c571e18-69a3-4a6d-81de-e3e48052df18@group-644576B5741B, cid=2480, SUCCESS, logIndex=3660, commits[4c571e18-69a3-4a6d-81de-e3e48052df18:c3660, 15893972-388e-43c0-9d6c-ca4c76ac06da:c3656, c86beb1c-9105-4588-b1e8-133030361c51:c3656]
2019-07-12 12:28:25,516 INFO  client.GrpcClientProtocolClient (GrpcClientProtocolClient.java:onNext(255)) - client-D83FC23EEBD8->4c571e18-69a3-4a6d-81de-e3e48052df18: receive RaftClientReply:client-D83FC23EEBD8->4c571e18-69a3-4a6d-81de-e3e48052df18@group-644576B5741B, cid=2481, SUCCESS, logIndex=0, commits[4c571e18-69a3-4a6d-81de-e3e48052df18:c3661, 15893972-388e-43c0-9d6c-ca4c76ac06da:c3660, c86beb1c-9105-4588-b1e8-133030361c51:c3660]
2019-07-12 12:28:25,541 INFO  client.GrpcClientProtocolClient (GrpcClientProtocolClient.java:onNext(255)) - client-D83FC23EEBD8->4c571e18-69a3-4a6d-81de-e3e48052df18: receive RaftClientReply:client-D83FC23EEBD8->4c571e18-69a3-4a6d-81de-e3e48052df18@group-644576B5741B, cid=2482, SUCCESS, logIndex=3663, commits[4c571e18-69a3-4a6d-81de-e3e48052df18:c3664, 15893972-388e-43c0-9d6c-ca4c76ac06da:c3662, c86beb1c-9105-4588-b1e8-133030361c51:c3662]
2019-07-12 12:28:25,541 INFO  client.GrpcClientProtocolClient (GrpcClientProtocolClient.java:onNext(255)) - client-D83FC23EEBD8->4c571e18-69a3-4a6d-81de-e3e48052df18: receive RaftClientReply:client-D83FC23EEBD8->4c571e18-69a3-4a6d-81de-e3e48052df18@group-644576B5741B, cid=2483, SUCCESS, logIndex=3664, commits[4c571e18-69a3-4a6d-81de-e3e48052df18:c3664, 15893972-388e-43c0-9d6c-ca4c76ac06da:c3662, c86beb1c-9105-4588-b1e8-133030361c51:c3662]
2019-07-12 12:28:25,541 INFO  client.GrpcClientProtocolClient (GrpcClientProtocolClient.java:onNext(255)) - client-D83FC23EEBD8->4c571e18-69a3-4a6d-81de-e3e48052df18: receive RaftClientReply:client-D83FC23EEBD8->4c571e18-69a3-4a6d-81de-e3e48052df18@group-644576B5741B, cid=2484, SUCCESS, logIndex=3665, commits[4c571e18-69a3-4a6d-81de-e3e48052df18:c3666, 15893972-388e-43c0-9d6c-ca4c76ac06da:c3662, c86beb1c-9105-4588-b1e8-133030361c51:c3662]
2019-07-12 12:28:25,542 INFO  client.GrpcClientProtocolClient (GrpcClientProtocolClient.java:onNext(255)) - client-D83FC23EEBD8->4c571e18-69a3-4a6d-81de-e3e48052df18: receive RaftClientReply:client-D83FC23EEBD8->4c571e18-69a3-4a6d-81de-e3e48052df18@group-644576B5741B, cid=2485, SUCCESS, logIndex=3666, commits[4c571e18-69a3-4a6d-81de-e3e48052df18:c3666, 15893972-388e-43c0-9d6c-ca4c76ac06da:c3662, c86beb1c-9105-4588-b1e8-133030361c51:c3662]
2019-07-12 12:28:25,544 INFO  client.GrpcClientProtocolClient (GrpcClientProtocolClient.java:onNext(255)) - client-D83FC23EEBD8->4c571e18-69a3-4a6d-81de-e3e48052df18: receive RaftClientReply:client-D83FC23EEBD8->4c571e18-69a3-4a6d-81de-e3e48052df18@group-644576B5741B, cid=2486, SUCCESS, logIndex=0, commits[4c571e18-69a3-4a6d-81de-e3e48052df18:c3668, 15893972-388e-43c0-9d6c-ca4c76ac06da:c3664, c86beb1c-9105-4588-b1e8-133030361c51:c3664]
2019-07-12 12:28:25,604 INFO  client.GrpcClientProtocolClient (GrpcClientProtocolClient.java:onNext(255)) - client-D83FC23EEBD8->4c571e18-69a3-4a6d-81de-e3e48052df18: receive RaftClientReply:client-D83FC23EEBD8->4c571e18-69a3-4a6d-81de-e3e48052df18@group-644576B5741B, cid=2487, SUCCESS, logIndex=3671, commits[4c571e18-69a3-4a6d-81de-e3e48052df18:c3671, 15893972-388e-43c0-9d6c-ca4c76ac06da:c3666, c86beb1c-9105-4588-b1e8-133030361c51:c3670]
2019-07-12 12:28:25,604 INFO  client.GrpcClientProtocolClient (GrpcClientProtocolClient.java:onNext(255)) - client-D83FC23EEBD8->4c571e18-69a3-4a6d-81de-e3e48052df18: receive RaftClientReply:client-D83FC23EEBD8->4c571e18-69a3-4a6d-81de-e3e48052df18@group-644576B5741B, cid=2488, SUCCESS, logIndex=3672, commits[4c571e18-69a3-4a6d-81de-e3e48052df18:c3672, 15893972-388e-43c0-9d6c-ca4c76ac06da:c3670, c86beb1c-9105-4588-b1e8-133030361c51:c3670]
 0.00% |█                                                                                                    |  0/1 Time: 0:00:172019-07-12 12:28:25,618 INFO  client.GrpcClientProtocolClient (GrpcClientProtocolClient.java:onNext(255)) - client-D83FC23EEBD8->4c571e18-69a3-4a6d-81de-e3e48052df18: receive RaftClientReply:client-D83FC23EEBD8->4c571e18-69a3-4a6d-81de-e3e48052df18@group-644576B5741B, cid=2489, SUCCESS, logIndex=3675, commits[4c571e18-69a3-4a6d-81de-e3e48052df18:c3676, 15893972-388e-43c0-9d6c-ca4c76ac06da:c3674, c86beb1c-9105-4588-b1e8-133030361c51:c3674]
2019-07-12 12:28:25,618 INFO  client.GrpcClientProtocolClient (GrpcClientProtocolClient.java:onNext(255)) - client-D83FC23EEBD8->4c571e18-69a3-4a6d-81de-e3e48052df18: receive RaftClientReply:client-D83FC23EEBD8->4c571e18-69a3-4a6d-81de-e3e48052df18@group-644576B5741B, cid=2490, SUCCESS, logIndex=3676, commits[4c571e18-69a3-4a6d-81de-e3e48052df18:c3676, 15893972-388e-43c0-9d6c-ca4c76ac06da:c3674, c86beb1c-9105-4588-b1e8-133030361c51:c3674]
2019-07-12 12:28:25,623 INFO  client.GrpcClientProtocolClient (GrpcClientProtocolClient.java:onNext(255)) - client-D83FC23EEBD8->4c571e18-69a3-4a6d-81de-e3e48052df18: receive RaftClientReply:client-D83FC23EEBD8->4c571e18-69a3-4a6d-81de-e3e48052df18@group-644576B5741B, cid=2491, SUCCESS, logIndex=0, commits[4c571e18-69a3-4a6d-81de-e3e48052df18:c3678, 15893972-388e-43c0-9d6c-ca4c76ac06da:c3676, c86beb1c-9105-4588-b1e8-133030361c51:c3676]
2019-07-12 12:28:25,642 INFO  client.GrpcClientProtocolClient (GrpcClientProtocolClient.java:onNext(255)) - client-D83FC23EEBD8->4c571e18-69a3-4a6d-81de-e3e48052df18: receive RaftClientReply:client-D83FC23EEBD8->4c571e18-69a3-4a6d-81de-e3e48052df18@group-644576B5741B, cid=2492, SUCCESS, logIndex=3679, commits[4c571e18-69a3-4a6d-81de-e3e48052df18:c3680, 15893972-388e-43c0-9d6c-ca4c76ac06da:c3678, c86beb1c-9105-4588-b1e8-133030361c51:c3676]
2019-07-12 12:28:25,643 INFO  client.GrpcClientProtocolClient (GrpcClientProtocolClient.java:onNext(255)) - client-D83FC23EEBD8->4c571e18-69a3-4a6d-81de-e3e48052df18: receive RaftClientReply:client-D83FC23EEBD8->4c571e18-69a3-4a6d-81de-e3e48052df18@group-644576B5741B, cid=2493, SUCCESS, logIndex=3680, commits[4c571e18-69a3-4a6d-81de-e3e48052df18:c3680, 15893972-388e-43c0-9d6c-ca4c76ac06da:c3678, c86beb1c-9105-4588-b1e8-133030361c51:c3678]
2019-07-12 12:28:25,643 INFO  client.GrpcClientProtocolClient (GrpcClientProtocolClient.java:onNext(255)) - client-D83FC23EEBD8->4c571e18-69a3-4a6d-81de-e3e48052df18: receive RaftClientReply:client-D83FC23EEBD8->4c571e18-69a3-4a6d-81de-e3e48052df18@group-644576B5741B, cid=2494, SUCCESS, logIndex=3681, commits[4c571e18-69a3-4a6d-81de-e3e48052df18:c3682, 15893972-388e-43c0-9d6c-ca4c76ac06da:c3678, c86beb1c-9105-4588-b1e8-133030361c51:c3678]
2019-07-12 12:28:25,643 INFO  client.GrpcClientProtocolClient (GrpcClientProtocolClient.java:onNext(255)) - client-D83FC23EEBD8->4c571e18-69a3-4a6d-81de-e3e48052df18: receive RaftClientReply:client-D83FC23EEBD8->4c571e18-69a3-4a6d-81de-e3e48052df18@group-644576B5741B, cid=2495, SUCCESS, logIndex=3682, commits[4c571e18-69a3-4a6d-81de-e3e48052df18:c3682, 15893972-388e-43c0-9d6c-ca4c76ac06da:c3678, c86beb1c-9105-4588-b1e8-133030361c51:c3678]
2019-07-12 12:28:25,644 INFO  client.GrpcClientProtocolClient (GrpcClientProtocolClient.java:onNext(255)) - client-D83FC23EEBD8->4c571e18-69a3-4a6d-81de-e3e48052df18: receive RaftClientReply:client-D83FC23EEBD8->4c571e18-69a3-4a6d-81de-e3e48052df18@group-644576B5741B, cid=2496, SUCCESS, logIndex=0, commits[4c571e18-69a3-4a6d-81de-e3e48052df18:c3684, 15893972-388e-43c0-9d6c-ca4c76ac06da:c3680, c86beb1c-9105-4588-b1e8-133030361c51:c3680]
2019-07-12 12:28:25,653 INFO  client.GrpcClientProtocolClient (GrpcClientProtocolClient.java:onNext(255)) - client-D83FC23EEBD8->4c571e18-69a3-4a6d-81de-e3e48052df18: receive RaftClientReply:client-D83FC23EEBD8->4c571e18-69a3-4a6d-81de-e3e48052df18@group-644576B5741B, cid=2497, SUCCESS, logIndex=3687, commits[4c571e18-69a3-4a6d-81de-e3e48052df18:c3688, 15893972-388e-43c0-9d6c-ca4c76ac06da:c3682, c86beb1c-9105-4588-b1e8-133030361c51:c3686]
2019-07-12 12:28:25,654 INFO  client.GrpcClientProtocolClient (GrpcClientProtocolClient.java:onNext(255)) - client-D83FC23EEBD8->4c571e18-69a3-4a6d-81de-e3e48052df18: receive RaftClientReply:client-D83FC23EEBD8->4c571e18-69a3-4a6d-81de-e3e48052df18@group-644576B5741B, cid=2498, SUCCESS, logIndex=3688, commits[4c571e18-69a3-4a6d-81de-e3e48052df18:c3688, 15893972-388e-43c0-9d6c-ca4c76ac06da:c3686, c86beb1c-9105-4588-b1e8-133030361c51:c3686]
2019-07-12 12:28:25,671 INFO  client.GrpcClientProtocolClient (GrpcClientProtocolClient.java:onNext(255)) - client-D83FC23EEBD8->4c571e18-69a3-4a6d-81de-e3e48052df18: receive RaftClientReply:client-D83FC23EEBD8->4c571e18-69a3-4a6d-81de-e3e48052df18@group-644576B5741B, cid=2499, SUCCESS, logIndex=3691, commits[4c571e18-69a3-4a6d-81de-e3e48052df18:c3692, 15893972-388e-43c0-9d6c-ca4c76ac06da:c3690, c86beb1c-9105-4588-b1e8-133030361c51:c3690]
2019-07-12 12:28:25,671 INFO  client.GrpcClientProtocolClient (GrpcClientProtocolClient.java:onNext(255)) - client-D83FC23EEBD8->4c571e18-69a3-4a6d-81de-e3e48052df18: receive RaftClientReply:client-D83FC23EEBD8->4c571e18-69a3-4a6d-81de-e3e48052df18@group-644576B5741B, cid=2500, SUCCESS, logIndex=3692, commits[4c571e18-69a3-4a6d-81de-e3e48052df18:c3692, 15893972-388e-43c0-9d6c-ca4c76ac06da:c3690, c86beb1c-9105-4588-b1e8-133030361c51:c3690]
2019-07-12 12:28:25,673 INFO  client.GrpcClientProtocolClient (GrpcClientProtocolClient.java:onNext(255)) - client-D83FC23EEBD8->4c571e18-69a3-4a6d-81de-e3e48052df18: receive RaftClientReply:client-D83FC23EEBD8->4c571e18-69a3-4a6d-81de-e3e48052df18@group-644576B5741B, cid=2501, SUCCESS, logIndex=0, commits[4c571e18-69a3-4a6d-81de-e3e48052df18:c3693, 15893972-388e-43c0-9d6c-ca4c76ac06da:c3692, c86beb1c-9105-4588-b1e8-133030361c51:c3692]
2019-07-12 12:28:25,714 INFO  client.GrpcClientProtocolClient (GrpcClientProtocolClient.java:onNext(255)) - client-D83FC23EEBD8->4c571e18-69a3-4a6d-81de-e3e48052df18: receive RaftClientReply:client-D83FC23EEBD8->4c571e18-69a3-4a6d-81de-e3e48052df18@group-644576B5741B, cid=2502, SUCCESS, logIndex=3695, commits[4c571e18-69a3-4a6d-81de-e3e48052df18:c3697, 15893972-388e-43c0-9d6c-ca4c76ac06da:c3694, c86beb1c-9105-4588-b1e8-133030361c51:c3694]
2019-07-12 12:28:25,715 INFO  client.GrpcClientProtocolClient (GrpcClientProtocolClient.java:onNext(255)) - client-D83FC23EEBD8->4c571e18-69a3-4a6d-81de-e3e48052df18: receive RaftClientReply:client-D83FC23EEBD8->4c571e18-69a3-4a6d-81de-e3e48052df18@group-644576B5741B, cid=2503, SUCCESS, logIndex=3696, commits[4c571e18-69a3-4a6d-81de-e3e48052df18:c3698, 15893972-388e-43c0-9d6c-ca4c76ac06da:c3694, c86beb1c-9105-4588-b1e8-133030361c51:c3694]
2019-07-12 12:28:25,715 INFO  client.GrpcClientProtocolClient (GrpcClientProtocolClient.java:onNext(255)) - client-D83FC23EEBD8->4c571e18-69a3-4a6d-81de-e3e48052df18: receive RaftClientReply:client-D83FC23EEBD8->4c571e18-69a3-4a6d-81de-e3e48052df18@group-644576B5741B, cid=2504, SUCCESS, logIndex=3697, commits[4c571e18-69a3-4a6d-81de-e3e48052df18:c3698, 15893972-388e-43c0-9d6c-ca4c76ac06da:c3694, c86beb1c-9105-4588-b1e8-133030361c51:c3694]
2019-07-12 12:28:25,716 INFO  client.GrpcClientProtocolClient (GrpcClientProtocolClient.java:onNext(255)) - client-D83FC23EEBD8->4c571e18-69a3-4a6d-81de-e3e48052df18: receive RaftClientReply:client-D83FC23EEBD8->4c571e18-69a3-4a6d-81de-e3e48052df18@group-644576B5741B, cid=2505, SUCCESS, logIndex=3698, commits[4c571e18-69a3-4a6d-81de-e3e48052df18:c3698, 15893972-388e-43c0-9d6c-ca4c76ac06da:c3694, c86beb1c-9105-4588-b1e8-133030361c51:c3694]
2019-07-12 12:28:25,717 INFO  client.GrpcClientProtocolClient (GrpcClientProtocolClient.java:onNext(255)) - client-D83FC23EEBD8->4c571e18-69a3-4a6d-81de-e3e48052df18: receive RaftClientReply:client-D83FC23EEBD8->4c571e18-69a3-4a6d-81de-e3e48052df18@group-644576B5741B, cid=2506, SUCCESS, logIndex=0, commits[4c571e18-69a3-4a6d-81de-e3e48052df18:c3702, 15893972-388e-43c0-9d6c-ca4c76ac06da:c3696, c86beb1c-9105-4588-b1e8-133030361c51:c3698]
2019-07-12 12:28:25,814 INFO  client.GrpcClientProtocolClient (GrpcClientProtocolClient.java:onNext(255)) - client-D83FC23EEBD8->4c571e18-69a3-4a6d-81de-e3e48052df18: receive RaftClientReply:client-D83FC23EEBD8->4c571e18-69a3-4a6d-81de-e3e48052df18@group-644576B5741B, cid=2507, SUCCESS, logIndex=3703, commits[4c571e18-69a3-4a6d-81de-e3e48052df18:c3704, 15893972-388e-43c0-9d6c-ca4c76ac06da:c3702, c86beb1c-9105-4588-b1e8-133030361c51:c3702]
2019-07-12 12:28:25,814 INFO  client.GrpcClientProtocolClient (GrpcClientProtocolClient.java:onNext(255)) - client-D83FC23EEBD8->4c571e18-69a3-4a6d-81de-e3e48052df18: receive RaftClientReply:client-D83FC23EEBD8->4c571e18-69a3-4a6d-81de-e3e48052df18@group-644576B5741B, cid=2508, SUCCESS, logIndex=3704, commits[4c571e18-69a3-4a6d-81de-e3e48052df18:c3704, 15893972-388e-43c0-9d6c-ca4c76ac06da:c3702, c86beb1c-9105-4588-b1e8-133030361c51:c3702]
2019-07-12 12:28:25,827 INFO  client.GrpcClientProtocolClient (GrpcClientProtocolClient.java:onNext(255)) - client-D83FC23EEBD8->4c571e18-69a3-4a6d-81de-e3e48052df18: receive RaftClientReply:client-D83FC23EEBD8->4c571e18-69a3-4a6d-81de-e3e48052df18@group-644576B5741B, cid=2509, SUCCESS, logIndex=3707, commits[4c571e18-69a3-4a6d-81de-e3e48052df18:c3708, 15893972-388e-43c0-9d6c-ca4c76ac06da:c3704, c86beb1c-9105-4588-b1e8-133030361c51:c3704]
2019-07-12 12:28:25,827 INFO  client.GrpcClientProtocolClient (GrpcClientProtocolClient.java:onNext(255)) - client-D83FC23EEBD8->4c571e18-69a3-4a6d-81de-e3e48052df18: receive RaftClientReply:client-D83FC23EEBD8->4c571e18-69a3-4a6d-81de-e3e48052df18@group-644576B5741B, cid=2510, SUCCESS, logIndex=3708, commits[4c571e18-69a3-4a6d-81de-e3e48052df18:c3708, 15893972-388e-43c0-9d6c-ca4c76ac06da:c3704, c86beb1c-9105-4588-b1e8-133030361c51:c3704]
2019-07-12 12:28:25,838 INFO  client.GrpcClientProtocolClient (GrpcClientProtocolClient.java:onNext(255)) - client-D83FC23EEBD8->4c571e18-69a3-4a6d-81de-e3e48052df18: receive RaftClientReply:client-D83FC23EEBD8->4c571e18-69a3-4a6d-81de-e3e48052df18@group-644576B5741B, cid=2511, SUCCESS, logIndex=0, commits[4c571e18-69a3-4a6d-81de-e3e48052df18:c3709, 15893972-388e-43c0-9d6c-ca4c76ac06da:c3708, c86beb1c-9105-4588-b1e8-133030361c51:c3708]
2019-07-12 12:28:25,864 INFO  client.GrpcClientProtocolClient (GrpcClientProtocolClient.java:onNext(255)) - client-D83FC23EEBD8->4c571e18-69a3-4a6d-81de-e3e48052df18: receive RaftClientReply:client-D83FC23EEBD8->4c571e18-69a3-4a6d-81de-e3e48052df18@group-644576B5741B, cid=2512, SUCCESS, logIndex=3711, commits[4c571e18-69a3-4a6d-81de-e3e48052df18:c3712, 15893972-388e-43c0-9d6c-ca4c76ac06da:c3710, c86beb1c-9105-4588-b1e8-133030361c51:c3710]
2019-07-12 12:28:25,864 INFO  client.GrpcClientProtocolClient (GrpcClientProtocolClient.java:onNext(255)) - client-D83FC23EEBD8->4c571e18-69a3-4a6d-81de-e3e48052df18: receive RaftClientReply:client-D83FC23EEBD8->4c571e18-69a3-4a6d-81de-e3e48052df18@group-644576B5741B, cid=2513, SUCCESS, logIndex=3712, commits[4c571e18-69a3-4a6d-81de-e3e48052df18:c3714, 15893972-388e-43c0-9d6c-ca4c76ac06da:c3710, c86beb1c-9105-4588-b1e8-133030361c51:c3710]
2019-07-12 12:28:25,865 INFO  client.GrpcClientProtocolClient (GrpcClientProtocolClient.java:onNext(255)) - client-D83FC23EEBD8->4c571e18-69a3-4a6d-81de-e3e48052df18: receive RaftClientReply:client-D83FC23EEBD8->4c571e18-69a3-4a6d-81de-e3e48052df18@group-644576B5741B, cid=2514, SUCCESS, logIndex=3713, commits[4c571e18-69a3-4a6d-81de-e3e48052df18:c3714, 15893972-388e-43c0-9d6c-ca4c76ac06da:c3710, c86beb1c-9105-4588-b1e8-133030361c51:c3710]
2019-07-12 12:28:25,866 INFO  client.GrpcClientProtocolClient (GrpcClientProtocolClient.java:onNext(255)) - client-D83FC23EEBD8->4c571e18-69a3-4a6d-81de-e3e48052df18: receive RaftClientReply:client-D83FC23EEBD8->4c571e18-69a3-4a6d-81de-e3e48052df18@group-644576B5741B, cid=2515, SUCCESS, logIndex=3714, commits[4c571e18-69a3-4a6d-81de-e3e48052df18:c3715, 15893972-388e-43c0-9d6c-ca4c76ac06da:c3712, c86beb1c-9105-4588-b1e8-133030361c51:c3711]
2019-07-12 12:28:25,867 INFO  client.GrpcClientProtocolClient (GrpcClientProtocolClient.java:onNext(255)) - client-D83FC23EEBD8->4c571e18-69a3-4a6d-81de-e3e48052df18: receive RaftClientReply:client-D83FC23EEBD8->4c571e18-69a3-4a6d-81de-e3e48052df18@group-644576B5741B, cid=2516, SUCCESS, logIndex=0, commits[4c571e18-69a3-4a6d-81de-e3e48052df18:c3717, 15893972-388e-43c0-9d6c-ca4c76ac06da:c3714, c86beb1c-9105-4588-b1e8-133030361c51:c3712]
2019-07-12 12:28:25,884 INFO  client.GrpcClientProtocolClient (GrpcClientProtocolClient.java:onNext(255)) - client-D83FC23EEBD8->4c571e18-69a3-4a6d-81de-e3e48052df18: receive RaftClientReply:client-D83FC23EEBD8->4c571e18-69a3-4a6d-81de-e3e48052df18@group-644576B5741B, cid=2517, SUCCESS, logIndex=3718, commits[4c571e18-69a3-4a6d-81de-e3e48052df18:c3719, 15893972-388e-43c0-9d6c-ca4c76ac06da:c3717, c86beb1c-9105-4588-b1e8-133030361c51:c3717]
2019-07-12 12:28:25,885 INFO  client.GrpcClientProtocolClient (GrpcClientProtocolClient.java:onNext(255)) - client-D83FC23EEBD8->4c571e18-69a3-4a6d-81de-e3e48052df18: receive RaftClientReply:client-D83FC23EEBD8->4c571e18-69a3-4a6d-81de-e3e48052df18@group-644576B5741B, cid=2518, SUCCESS, logIndex=3719, commits[4c571e18-69a3-4a6d-81de-e3e48052df18:c3719, 15893972-388e-43c0-9d6c-ca4c76ac06da:c3717, c86beb1c-9105-4588-b1e8-133030361c51:c3717]
2019-07-12 12:28:25,898 INFO  client.GrpcClientProtocolClient (GrpcClientProtocolClient.java:onNext(255)) - client-D83FC23EEBD8->4c571e18-69a3-4a6d-81de-e3e48052df18: receive RaftClientReply:client-D83FC23EEBD8->4c571e18-69a3-4a6d-81de-e3e48052df18@group-644576B5741B, cid=2519, SUCCESS, logIndex=3722, commits[4c571e18-69a3-4a6d-81de-e3e48052df18:c3723, 15893972-388e-43c0-9d6c-ca4c76ac06da:c3719, c86beb1c-9105-4588-b1e8-133030361c51:c3719]
2019-07-12 12:28:25,898 INFO  client.GrpcClientProtocolClient (GrpcClientProtocolClient.java:onNext(255)) - client-D83FC23EEBD8->4c571e18-69a3-4a6d-81de-e3e48052df18: receive RaftClientReply:client-D83FC23EEBD8->4c571e18-69a3-4a6d-81de-e3e48052df18@group-644576B5741B, cid=2520, SUCCESS, logIndex=3723, commits[4c571e18-69a3-4a6d-81de-e3e48052df18:c3723, 15893972-388e-43c0-9d6c-ca4c76ac06da:c3719, c86beb1c-9105-4588-b1e8-133030361c51:c3719]
2019-07-12 12:28:25,910 INFO  client.GrpcClientProtocolClient (GrpcClientProtocolClient.java:onNext(255)) - client-D83FC23EEBD8->4c571e18-69a3-4a6d-81de-e3e48052df18: receive RaftClientReply:client-D83FC23EEBD8->4c571e18-69a3-4a6d-81de-e3e48052df18@group-644576B5741B, cid=2521, SUCCESS, logIndex=0, commits[4c571e18-69a3-4a6d-81de-e3e48052df18:c3725, 15893972-388e-43c0-9d6c-ca4c76ac06da:c3723, c86beb1c-9105-4588-b1e8-133030361c51:c3723]
2019-07-12 12:28:25,936 INFO  client.GrpcClientProtocolClient (GrpcClientProtocolClient.java:onNext(255)) - client-D83FC23EEBD8->4c571e18-69a3-4a6d-81de-e3e48052df18: receive RaftClientReply:client-D83FC23EEBD8->4c571e18-69a3-4a6d-81de-e3e48052df18@group-644576B5741B, cid=2522, SUCCESS, logIndex=3726, commits[4c571e18-69a3-4a6d-81de-e3e48052df18:c3727, 15893972-388e-43c0-9d6c-ca4c76ac06da:c3725, c86beb1c-9105-4588-b1e8-133030361c51:c3725]
2019-07-12 12:28:25,936 INFO  client.GrpcClientProtocolClient (GrpcClientProtocolClient.java:onNext(255)) - client-D83FC23EEBD8->4c571e18-69a3-4a6d-81de-e3e48052df18: receive RaftClientReply:client-D83FC23EEBD8->4c571e18-69a3-4a6d-81de-e3e48052df18@group-644576B5741B, cid=2523, SUCCESS, logIndex=3727, commits[4c571e18-69a3-4a6d-81de-e3e48052df18:c3729, 15893972-388e-43c0-9d6c-ca4c76ac06da:c3725, c86beb1c-9105-4588-b1e8-133030361c51:c3725]
2019-07-12 12:28:25,936 INFO  client.GrpcClientProtocolClient (GrpcClientProtocolClient.java:onNext(255)) - client-D83FC23EEBD8->4c571e18-69a3-4a6d-81de-e3e48052df18: receive RaftClientReply:client-D83FC23EEBD8->4c571e18-69a3-4a6d-81de-e3e48052df18@group-644576B5741B, cid=2524, SUCCESS, logIndex=3728, commits[4c571e18-69a3-4a6d-81de-e3e48052df18:c3729, 15893972-388e-43c0-9d6c-ca4c76ac06da:c3725, c86beb1c-9105-4588-b1e8-133030361c51:c3725]
2019-07-12 12:28:25,936 INFO  client.GrpcClientProtocolClient (GrpcClientProtocolClient.java:onNext(255)) - client-D83FC23EEBD8->4c571e18-69a3-4a6d-81de-e3e48052df18: receive RaftClientReply:client-D83FC23EEBD8->4c571e18-69a3-4a6d-81de-e3e48052df18@group-644576B5741B, cid=2525, SUCCESS, logIndex=3729, commits[4c571e18-69a3-4a6d-81de-e3e48052df18:c3729, 15893972-388e-43c0-9d6c-ca4c76ac06da:c3725, c86beb1c-9105-4588-b1e8-133030361c51:c3725]
2019-07-12 12:28:25,937 INFO  client.GrpcClientProtocolClient (GrpcClientProtocolClient.java:onNext(255)) - client-D83FC23EEBD8->4c571e18-69a3-4a6d-81de-e3e48052df18: receive RaftClientReply:client-D83FC23EEBD8->4c571e18-69a3-4a6d-81de-e3e48052df18@group-644576B5741B, cid=2526, SUCCESS, logIndex=0, commits[4c571e18-69a3-4a6d-81de-e3e48052df18:c3730, 15893972-388e-43c0-9d6c-ca4c76ac06da:c3727, c86beb1c-9105-4588-b1e8-133030361c51:c3727]
2019-07-12 12:28:25,972 INFO  client.GrpcClientProtocolClient (GrpcClientProtocolClient.java:onNext(255)) - client-D83FC23EEBD8->4c571e18-69a3-4a6d-81de-e3e48052df18: receive RaftClientReply:client-D83FC23EEBD8->4c571e18-69a3-4a6d-81de-e3e48052df18@group-644576B5741B, cid=2527, SUCCESS, logIndex=3734, commits[4c571e18-69a3-4a6d-81de-e3e48052df18:c3735, 15893972-388e-43c0-9d6c-ca4c76ac06da:c3733, c86beb1c-9105-4588-b1e8-133030361c51:c3733]
2019-07-12 12:28:25,972 INFO  client.GrpcClientProtocolClient (GrpcClientProtocolClient.java:onNext(255)) - client-D83FC23EEBD8->4c571e18-69a3-4a6d-81de-e3e48052df18: receive RaftClientReply:client-D83FC23EEBD8->4c571e18-69a3-4a6d-81de-e3e48052df18@group-644576B5741B, cid=2528, SUCCESS, logIndex=3735, commits[4c571e18-69a3-4a6d-81de-e3e48052df18:c3735, 15893972-388e-43c0-9d6c-ca4c76ac06da:c3733, c86beb1c-9105-4588-b1e8-133030361c51:c3733]
2019-07-12 12:28:25,990 INFO  client.GrpcClientProtocolClient (GrpcClientProtocolClient.java:onNext(255)) - client-D83FC23EEBD8->4c571e18-69a3-4a6d-81de-e3e48052df18: receive RaftClientReply:client-D83FC23EEBD8->4c571e18-69a3-4a6d-81de-e3e48052df18@group-644576B5741B, cid=2529, SUCCESS, logIndex=3737, commits[4c571e18-69a3-4a6d-81de-e3e48052df18:c3738, 15893972-388e-43c0-9d6c-ca4c76ac06da:c3736, c86beb1c-9105-4588-b1e8-133030361c51:c3736]
2019-07-12 12:28:25,990 INFO  client.GrpcClientProtocolClient (GrpcClientProtocolClient.java:onNext(255)) - client-D83FC23EEBD8->4c571e18-69a3-4a6d-81de-e3e48052df18: receive RaftClientReply:client-D83FC23EEBD8->4c571e18-69a3-4a6d-81de-e3e48052df18@group-644576B5741B, cid=2530, SUCCESS, logIndex=3738, commits[4c571e18-69a3-4a6d-81de-e3e48052df18:c3738, 15893972-388e-43c0-9d6c-ca4c76ac06da:c3736, c86beb1c-9105-4588-b1e8-133030361c51:c3736]
2019-07-12 12:28:26,002 INFO  client.GrpcClientProtocolClient (GrpcClientProtocolClient.java:onNext(255)) - client-D83FC23EEBD8->4c571e18-69a3-4a6d-81de-e3e48052df18: receive RaftClientReply:client-D83FC23EEBD8->4c571e18-69a3-4a6d-81de-e3e48052df18@group-644576B5741B, cid=2531, SUCCESS, logIndex=0, commits[4c571e18-69a3-4a6d-81de-e3e48052df18:c3739, 15893972-388e-43c0-9d6c-ca4c76ac06da:c3738, c86beb1c-9105-4588-b1e8-133030361c51:c3738]
2019-07-12 12:28:26,026 INFO  client.GrpcClientProtocolClient (GrpcClientProtocolClient.java:onNext(255)) - client-D83FC23EEBD8->4c571e18-69a3-4a6d-81de-e3e48052df18: receive RaftClientReply:client-D83FC23EEBD8->4c571e18-69a3-4a6d-81de-e3e48052df18@group-644576B5741B, cid=2532, SUCCESS, logIndex=3741, commits[4c571e18-69a3-4a6d-81de-e3e48052df18:c3744, 15893972-388e-43c0-9d6c-ca4c76ac06da:c3740, c86beb1c-9105-4588-b1e8-133030361c51:c3740]
2019-07-12 12:28:26,027 INFO  client.GrpcClientProtocolClient (GrpcClientProtocolClient.java:onNext(255)) - client-D83FC23EEBD8->4c571e18-69a3-4a6d-81de-e3e48052df18: receive RaftClientReply:client-D83FC23EEBD8->4c571e18-69a3-4a6d-81de-e3e48052df18@group-644576B5741B, cid=2533, SUCCESS, logIndex=3742, commits[4c571e18-69a3-4a6d-81de-e3e48052df18:c3744, 15893972-388e-43c0-9d6c-ca4c76ac06da:c3740, c86beb1c-9105-4588-b1e8-133030361c51:c3740]
2019-07-12 12:28:26,027 INFO  client.GrpcClientProtocolClient (GrpcClientProtocolClient.java:onNext(255)) - client-D83FC23EEBD8->4c571e18-69a3-4a6d-81de-e3e48052df18: receive RaftClientReply:client-D83FC23EEBD8->4c571e18-69a3-4a6d-81de-e3e48052df18@group-644576B5741B, cid=2534, SUCCESS, logIndex=3743, commits[4c571e18-69a3-4a6d-81de-e3e48052df18:c3744, 15893972-388e-43c0-9d6c-ca4c76ac06da:c3740, c86beb1c-9105-4588-b1e8-133030361c51:c3740]
2019-07-12 12:28:26,027 INFO  client.GrpcClientProtocolClient (GrpcClientProtocolClient.java:onNext(255)) - client-D83FC23EEBD8->4c571e18-69a3-4a6d-81de-e3e48052df18: receive RaftClientReply:client-D83FC23EEBD8->4c571e18-69a3-4a6d-81de-e3e48052df18@group-644576B5741B, cid=2535, SUCCESS, logIndex=3744, commits[4c571e18-69a3-4a6d-81de-e3e48052df18:c3744, 15893972-388e-43c0-9d6c-ca4c76ac06da:c3740, c86beb1c-9105-4588-b1e8-133030361c51:c3740]
2019-07-12 12:28:26,029 INFO  client.GrpcClientProtocolClient (GrpcClientProtocolClient.java:onNext(255)) - client-D83FC23EEBD8->4c571e18-69a3-4a6d-81de-e3e48052df18: receive RaftClientReply:client-D83FC23EEBD8->4c571e18-69a3-4a6d-81de-e3e48052df18@group-644576B5741B, cid=2536, SUCCESS, logIndex=0, commits[4c571e18-69a3-4a6d-81de-e3e48052df18:c3748, 15893972-388e-43c0-9d6c-ca4c76ac06da:c3744, c86beb1c-9105-4588-b1e8-133030361c51:c3742]
2019-07-12 12:28:26,047 INFO  client.GrpcClientProtocolClient (GrpcClientProtocolClient.java:onNext(255)) - client-D83FC23EEBD8->4c571e18-69a3-4a6d-81de-e3e48052df18: receive RaftClientReply:client-D83FC23EEBD8->4c571e18-69a3-4a6d-81de-e3e48052df18@group-644576B5741B, cid=2537, SUCCESS, logIndex=3749, commits[4c571e18-69a3-4a6d-81de-e3e48052df18:c3750, 15893972-388e-43c0-9d6c-ca4c76ac06da:c3748, c86beb1c-9105-4588-b1e8-133030361c51:c3748]
2019-07-12 12:28:26,047 INFO  client.GrpcClientProtocolClient (GrpcClientProtocolClient.java:onNext(255)) - client-D83FC23EEBD8->4c571e18-69a3-4a6d-81de-e3e48052df18: receive RaftClientReply:client-D83FC23EEBD8->4c571e18-69a3-4a6d-81de-e3e48052df18@group-644576B5741B, cid=2538, SUCCESS, logIndex=3750, commits[4c571e18-69a3-4a6d-81de-e3e48052df18:c3750, 15893972-388e-43c0-9d6c-ca4c76ac06da:c3748, c86beb1c-9105-4588-b1e8-133030361c51:c3748]
2019-07-12 12:28:26,060 INFO  client.GrpcClientProtocolClient (GrpcClientProtocolClient.java:onNext(255)) - client-D83FC23EEBD8->4c571e18-69a3-4a6d-81de-e3e48052df18: receive RaftClientReply:client-D83FC23EEBD8->4c571e18-69a3-4a6d-81de-e3e48052df18@group-644576B5741B, cid=2539, SUCCESS, logIndex=3753, commits[4c571e18-69a3-4a6d-81de-e3e48052df18:c3754, 15893972-388e-43c0-9d6c-ca4c76ac06da:c3750, c86beb1c-9105-4588-b1e8-133030361c51:c3750]
2019-07-12 12:28:26,060 INFO  client.GrpcClientProtocolClient (GrpcClientProtocolClient.java:onNext(255)) - client-D83FC23EEBD8->4c571e18-69a3-4a6d-81de-e3e48052df18: receive RaftClientReply:client-D83FC23EEBD8->4c571e18-69a3-4a6d-81de-e3e48052df18@group-644576B5741B, cid=2540, SUCCESS, logIndex=3754, commits[4c571e18-69a3-4a6d-81de-e3e48052df18:c3754, 15893972-388e-43c0-9d6c-ca4c76ac06da:c3750, c86beb1c-9105-4588-b1e8-133030361c51:c3750]
2019-07-12 12:28:26,072 INFO  client.GrpcClientProtocolClient (GrpcClientProtocolClient.java:onNext(255)) - client-D83FC23EEBD8->4c571e18-69a3-4a6d-81de-e3e48052df18: receive RaftClientReply:client-D83FC23EEBD8->4c571e18-69a3-4a6d-81de-e3e48052df18@group-644576B5741B, cid=2541, SUCCESS, logIndex=0, commits[4c571e18-69a3-4a6d-81de-e3e48052df18:c3756, 15893972-388e-43c0-9d6c-ca4c76ac06da:c3754, c86beb1c-9105-4588-b1e8-133030361c51:c3754]
2019-07-12 12:28:26,100 INFO  client.GrpcClientProtocolClient (GrpcClientProtocolClient.java:onNext(255)) - client-D83FC23EEBD8->4c571e18-69a3-4a6d-81de-e3e48052df18: receive RaftClientReply:client-D83FC23EEBD8->4c571e18-69a3-4a6d-81de-e3e48052df18@group-644576B5741B, cid=2542, SUCCESS, logIndex=3757, commits[4c571e18-69a3-4a6d-81de-e3e48052df18:c3760, 15893972-388e-43c0-9d6c-ca4c76ac06da:c3756, c86beb1c-9105-4588-b1e8-133030361c51:c3756]
2019-07-12 12:28:26,101 INFO  client.GrpcClientProtocolClient (GrpcClientProtocolClient.java:onNext(255)) - client-D83FC23EEBD8->4c571e18-69a3-4a6d-81de-e3e48052df18: receive RaftClientReply:client-D83FC23EEBD8->4c571e18-69a3-4a6d-81de-e3e48052df18@group-644576B5741B, cid=2543, SUCCESS, logIndex=3758, commits[4c571e18-69a3-4a6d-81de-e3e48052df18:c3760, 15893972-388e-43c0-9d6c-ca4c76ac06da:c3756, c86beb1c-9105-4588-b1e8-133030361c51:c3756]
2019-07-12 12:28:26,101 INFO  client.GrpcClientProtocolClient (GrpcClientProtocolClient.java:onNext(255)) - client-D83FC23EEBD8->4c571e18-69a3-4a6d-81de-e3e48052df18: receive RaftClientReply:client-D83FC23EEBD8->4c571e18-69a3-4a6d-81de-e3e48052df18@group-644576B5741B, cid=2544, SUCCESS, logIndex=3759, commits[4c571e18-69a3-4a6d-81de-e3e48052df18:c3760, 15893972-388e-43c0-9d6c-ca4c76ac06da:c3756, c86beb1c-9105-4588-b1e8-133030361c51:c3756]
2019-07-12 12:28:26,101 INFO  client.GrpcClientProtocolClient (GrpcClientProtocolClient.java:onNext(255)) - client-D83FC23EEBD8->4c571e18-69a3-4a6d-81de-e3e48052df18: receive RaftClientReply:client-D83FC23EEBD8->4c571e18-69a3-4a6d-81de-e3e48052df18@group-644576B5741B, cid=2545, SUCCESS, logIndex=3760, commits[4c571e18-69a3-4a6d-81de-e3e48052df18:c3760, 15893972-388e-43c0-9d6c-ca4c76ac06da:c3756, c86beb1c-9105-4588-b1e8-133030361c51:c3756]
2019-07-12 12:28:26,102 INFO  client.GrpcClientProtocolClient (GrpcClientProtocolClient.java:onNext(255)) - client-D83FC23EEBD8->4c571e18-69a3-4a6d-81de-e3e48052df18: receive RaftClientReply:client-D83FC23EEBD8->4c571e18-69a3-4a6d-81de-e3e48052df18@group-644576B5741B, cid=2546, SUCCESS, logIndex=0, commits[4c571e18-69a3-4a6d-81de-e3e48052df18:c3761, 15893972-388e-43c0-9d6c-ca4c76ac06da:c3758, c86beb1c-9105-4588-b1e8-133030361c51:c3758]
2019-07-12 12:28:26,119 INFO  client.GrpcClientProtocolClient (GrpcClientProtocolClient.java:onNext(255)) - client-D83FC23EEBD8->4c571e18-69a3-4a6d-81de-e3e48052df18: receive RaftClientReply:client-D83FC23EEBD8->4c571e18-69a3-4a6d-81de-e3e48052df18@group-644576B5741B, cid=2547, SUCCESS, logIndex=3765, commits[4c571e18-69a3-4a6d-81de-e3e48052df18:c3766, 15893972-388e-43c0-9d6c-ca4c76ac06da:c3764, c86beb1c-9105-4588-b1e8-133030361c51:c3764]
2019-07-12 12:28:26,119 INFO  client.GrpcClientProtocolClient (GrpcClientProtocolClient.java:onNext(255)) - client-D83FC23EEBD8->4c571e18-69a3-4a6d-81de-e3e48052df18: receive RaftClientReply:client-D83FC23EEBD8->4c571e18-69a3-4a6d-81de-e3e48052df18@group-644576B5741B, cid=2548, SUCCESS, logIndex=3766, commits[4c571e18-69a3-4a6d-81de-e3e48052df18:c3766, 15893972-388e-43c0-9d6c-ca4c76ac06da:c3764, c86beb1c-9105-4588-b1e8-133030361c51:c3764]
2019-07-12 12:28:26,143 INFO  client.GrpcClientProtocolClient (GrpcClientProtocolClient.java:onNext(255)) - client-D83FC23EEBD8->4c571e18-69a3-4a6d-81de-e3e48052df18: receive RaftClientReply:client-D83FC23EEBD8->4c571e18-69a3-4a6d-81de-e3e48052df18@group-644576B5741B, cid=2549, SUCCESS, logIndex=3769, commits[4c571e18-69a3-4a6d-81de-e3e48052df18:c3770, 15893972-388e-43c0-9d6c-ca4c76ac06da:c3766, c86beb1c-9105-4588-b1e8-133030361c51:c3766]
2019-07-12 12:28:26,143 INFO  client.GrpcClientProtocolClient (GrpcClientProtocolClient.java:onNext(255)) - client-D83FC23EEBD8->4c571e18-69a3-4a6d-81de-e3e48052df18: receive RaftClientReply:client-D83FC23EEBD8->4c571e18-69a3-4a6d-81de-e3e48052df18@group-644576B5741B, cid=2550, SUCCESS, logIndex=3770, commits[4c571e18-69a3-4a6d-81de-e3e48052df18:c3770, 15893972-388e-43c0-9d6c-ca4c76ac06da:c3766, c86beb1c-9105-4588-b1e8-133030361c51:c3766]
2019-07-12 12:28:26,144 INFO  client.GrpcClientProtocolClient (GrpcClientProtocolClient.java:onNext(255)) - client-D83FC23EEBD8->4c571e18-69a3-4a6d-81de-e3e48052df18: receive RaftClientReply:client-D83FC23EEBD8->4c571e18-69a3-4a6d-81de-e3e48052df18@group-644576B5741B, cid=2551, SUCCESS, logIndex=0, commits[4c571e18-69a3-4a6d-81de-e3e48052df18:c3771, 15893972-388e-43c0-9d6c-ca4c76ac06da:c3770, c86beb1c-9105-4588-b1e8-133030361c51:c3770]
2019-07-12 12:28:26,169 INFO  client.GrpcClientProtocolClient (GrpcClientProtocolClient.java:onNext(255)) - client-D83FC23EEBD8->4c571e18-69a3-4a6d-81de-e3e48052df18: receive RaftClientReply:client-D83FC23EEBD8->4c571e18-69a3-4a6d-81de-e3e48052df18@group-644576B5741B, cid=2552, SUCCESS, logIndex=3772, commits[4c571e18-69a3-4a6d-81de-e3e48052df18:c3773, 15893972-388e-43c0-9d6c-ca4c76ac06da:c3771, c86beb1c-9105-4588-b1e8-133030361c51:c3771]
2019-07-12 12:28:26,170 INFO  client.GrpcClientProtocolClient (GrpcClientProtocolClient.java:onNext(255)) - client-D83FC23EEBD8->4c571e18-69a3-4a6d-81de-e3e48052df18: receive RaftClientReply:client-D83FC23EEBD8->4c571e18-69a3-4a6d-81de-e3e48052df18@group-644576B5741B, cid=2553, SUCCESS, logIndex=3773, commits[4c571e18-69a3-4a6d-81de-e3e48052df18:c3773, 15893972-388e-43c0-9d6c-ca4c76ac06da:c3771, c86beb1c-9105-4588-b1e8-133030361c51:c3771]
2019-07-12 12:28:26,170 INFO  client.GrpcClientProtocolClient (GrpcClientProtocolClient.java:onNext(255)) - client-D83FC23EEBD8->4c571e18-69a3-4a6d-81de-e3e48052df18: receive RaftClientReply:client-D83FC23EEBD8->4c571e18-69a3-4a6d-81de-e3e48052df18@group-644576B5741B, cid=2554, SUCCESS, logIndex=3774, commits[4c571e18-69a3-4a6d-81de-e3e48052df18:c3775, 15893972-388e-43c0-9d6c-ca4c76ac06da:c3771, c86beb1c-9105-4588-b1e8-133030361c51:c3771]
2019-07-12 12:28:26,170 INFO  client.GrpcClientProtocolClient (GrpcClientProtocolClient.java:onNext(255)) - client-D83FC23EEBD8->4c571e18-69a3-4a6d-81de-e3e48052df18: receive RaftClientReply:client-D83FC23EEBD8->4c571e18-69a3-4a6d-81de-e3e48052df18@group-644576B5741B, cid=2555, SUCCESS, logIndex=3775, commits[4c571e18-69a3-4a6d-81de-e3e48052df18:c3775, 15893972-388e-43c0-9d6c-ca4c76ac06da:c3771, c86beb1c-9105-4588-b1e8-133030361c51:c3771]
2019-07-12 12:28:26,171 INFO  client.GrpcClientProtocolClient (GrpcClientProtocolClient.java:onNext(255)) - client-D83FC23EEBD8->4c571e18-69a3-4a6d-81de-e3e48052df18: receive RaftClientReply:client-D83FC23EEBD8->4c571e18-69a3-4a6d-81de-e3e48052df18@group-644576B5741B, cid=2556, SUCCESS, logIndex=0, commits[4c571e18-69a3-4a6d-81de-e3e48052df18:c3776, 15893972-388e-43c0-9d6c-ca4c76ac06da:c3773, c86beb1c-9105-4588-b1e8-133030361c51:c3773]
2019-07-12 12:28:26,189 INFO  client.GrpcClientProtocolClient (GrpcClientProtocolClient.java:onNext(255)) - client-D83FC23EEBD8->4c571e18-69a3-4a6d-81de-e3e48052df18: receive RaftClientReply:client-D83FC23EEBD8->4c571e18-69a3-4a6d-81de-e3e48052df18@group-644576B5741B, cid=2557, SUCCESS, logIndex=3780, commits[4c571e18-69a3-4a6d-81de-e3e48052df18:c3781, 15893972-388e-43c0-9d6c-ca4c76ac06da:c3779, c86beb1c-9105-4588-b1e8-133030361c51:c3779]
2019-07-12 12:28:26,189 INFO  client.GrpcClientProtocolClient (GrpcClientProtocolClient.java:onNext(255)) - client-D83FC23EEBD8->4c571e18-69a3-4a6d-81de-e3e48052df18: receive RaftClientReply:client-D83FC23EEBD8->4c571e18-69a3-4a6d-81de-e3e48052df18@group-644576B5741B, cid=2558, SUCCESS, logIndex=3781, commits[4c571e18-69a3-4a6d-81de-e3e48052df18:c3781, 15893972-388e-43c0-9d6c-ca4c76ac06da:c3779, c86beb1c-9105-4588-b1e8-133030361c51:c3779]
2019-07-12 12:28:26,219 INFO  client.GrpcClientProtocolClient (GrpcClientProtocolClient.java:onNext(255)) - client-D83FC23EEBD8->4c571e18-69a3-4a6d-81de-e3e48052df18: receive RaftClientReply:client-D83FC23EEBD8->4c571e18-69a3-4a6d-81de-e3e48052df18@group-644576B5741B, cid=2559, SUCCESS, logIndex=3784, commits[4c571e18-69a3-4a6d-81de-e3e48052df18:c3785, 15893972-388e-43c0-9d6c-ca4c76ac06da:c3783, c86beb1c-9105-4588-b1e8-133030361c51:c3783]
2019-07-12 12:28:26,219 INFO  client.GrpcClientProtocolClient (GrpcClientProtocolClient.java:onNext(255)) - client-D83FC23EEBD8->4c571e18-69a3-4a6d-81de-e3e48052df18: receive RaftClientReply:client-D83FC23EEBD8->4c571e18-69a3-4a6d-81de-e3e48052df18@group-644576B5741B, cid=2560, SUCCESS, logIndex=3785, commits[4c571e18-69a3-4a6d-81de-e3e48052df18:c3785, 15893972-388e-43c0-9d6c-ca4c76ac06da:c3783, c86beb1c-9105-4588-b1e8-133030361c51:c3783]
2019-07-12 12:28:26,231 INFO  client.GrpcClientProtocolClient (GrpcClientProtocolClient.java:onNext(255)) - client-D83FC23EEBD8->4c571e18-69a3-4a6d-81de-e3e48052df18: receive RaftClientReply:client-D83FC23EEBD8->4c571e18-69a3-4a6d-81de-e3e48052df18@group-644576B5741B, cid=2561, SUCCESS, logIndex=0, commits[4c571e18-69a3-4a6d-81de-e3e48052df18:c3787, 15893972-388e-43c0-9d6c-ca4c76ac06da:c3785, c86beb1c-9105-4588-b1e8-133030361c51:c3785]
2019-07-12 12:28:26,257 INFO  client.GrpcClientProtocolClient (GrpcClientProtocolClient.java:onNext(255)) - client-D83FC23EEBD8->4c571e18-69a3-4a6d-81de-e3e48052df18: receive RaftClientReply:client-D83FC23EEBD8->4c571e18-69a3-4a6d-81de-e3e48052df18@group-644576B5741B, cid=2562, SUCCESS, logIndex=3788, commits[4c571e18-69a3-4a6d-81de-e3e48052df18:c3789, 15893972-388e-43c0-9d6c-ca4c76ac06da:c3787, c86beb1c-9105-4588-b1e8-133030361c51:c3787]
2019-07-12 12:28:26,258 INFO  client.GrpcClientProtocolClient (GrpcClientProtocolClient.java:onNext(255)) - client-D83FC23EEBD8->4c571e18-69a3-4a6d-81de-e3e48052df18: receive RaftClientReply:client-D83FC23EEBD8->4c571e18-69a3-4a6d-81de-e3e48052df18@group-644576B5741B, cid=2563, SUCCESS, logIndex=3789, commits[4c571e18-69a3-4a6d-81de-e3e48052df18:c3789, 15893972-388e-43c0-9d6c-ca4c76ac06da:c3787, c86beb1c-9105-4588-b1e8-133030361c51:c3787]
2019-07-12 12:28:26,259 INFO  client.GrpcClientProtocolClient (GrpcClientProtocolClient.java:onNext(255)) - client-D83FC23EEBD8->4c571e18-69a3-4a6d-81de-e3e48052df18: receive RaftClientReply:client-D83FC23EEBD8->4c571e18-69a3-4a6d-81de-e3e48052df18@group-644576B5741B, cid=2564, SUCCESS, logIndex=3790, commits[4c571e18-69a3-4a6d-81de-e3e48052df18:c3791, 15893972-388e-43c0-9d6c-ca4c76ac06da:c3787, c86beb1c-9105-4588-b1e8-133030361c51:c3787]
2019-07-12 12:28:26,259 INFO  client.GrpcClientProtocolClient (GrpcClientProtocolClient.java:onNext(255)) - client-D83FC23EEBD8->4c571e18-69a3-4a6d-81de-e3e48052df18: receive RaftClientReply:client-D83FC23EEBD8->4c571e18-69a3-4a6d-81de-e3e48052df18@group-644576B5741B, cid=2565, SUCCESS, logIndex=3791, commits[4c571e18-69a3-4a6d-81de-e3e48052df18:c3791, 15893972-388e-43c0-9d6c-ca4c76ac06da:c3787, c86beb1c-9105-4588-b1e8-133030361c51:c3787]
2019-07-12 12:28:26,260 INFO  client.GrpcClientProtocolClient (GrpcClientProtocolClient.java:onNext(255)) - client-D83FC23EEBD8->4c571e18-69a3-4a6d-81de-e3e48052df18: receive RaftClientReply:client-D83FC23EEBD8->4c571e18-69a3-4a6d-81de-e3e48052df18@group-644576B5741B, cid=2566, SUCCESS, logIndex=0, commits[4c571e18-69a3-4a6d-81de-e3e48052df18:c3793, 15893972-388e-43c0-9d6c-ca4c76ac06da:c3791, c86beb1c-9105-4588-b1e8-133030361c51:c3789]
2019-07-12 12:28:26,279 INFO  client.GrpcClientProtocolClient (GrpcClientProtocolClient.java:onNext(255)) - client-D83FC23EEBD8->4c571e18-69a3-4a6d-81de-e3e48052df18: receive RaftClientReply:client-D83FC23EEBD8->4c571e18-69a3-4a6d-81de-e3e48052df18@group-644576B5741B, cid=2567, SUCCESS, logIndex=3795, commits[4c571e18-69a3-4a6d-81de-e3e48052df18:c3796, 15893972-388e-43c0-9d6c-ca4c76ac06da:c3794, c86beb1c-9105-4588-b1e8-133030361c51:c3794]
2019-07-12 12:28:26,279 INFO  client.GrpcClientProtocolClient (GrpcClientProtocolClient.java:onNext(255)) - client-D83FC23EEBD8->4c571e18-69a3-4a6d-81de-e3e48052df18: receive RaftClientReply:client-D83FC23EEBD8->4c571e18-69a3-4a6d-81de-e3e48052df18@group-644576B5741B, cid=2568, SUCCESS, logIndex=3796, commits[4c571e18-69a3-4a6d-81de-e3e48052df18:c3796, 15893972-388e-43c0-9d6c-ca4c76ac06da:c3794, c86beb1c-9105-4588-b1e8-133030361c51:c3794]
2019-07-12 12:28:26,292 INFO  client.GrpcClientProtocolClient (GrpcClientProtocolClient.java:onNext(255)) - client-D83FC23EEBD8->4c571e18-69a3-4a6d-81de-e3e48052df18: receive RaftClientReply:client-D83FC23EEBD8->4c571e18-69a3-4a6d-81de-e3e48052df18@group-644576B5741B, cid=2569, SUCCESS, logIndex=3799, commits[4c571e18-69a3-4a6d-81de-e3e48052df18:c3800, 15893972-388e-43c0-9d6c-ca4c76ac06da:c3796, c86beb1c-9105-4588-b1e8-133030361c51:c3796]
2019-07-12 12:28:26,293 INFO  client.GrpcClientProtocolClient (GrpcClientProtocolClient.java:onNext(255)) - client-D83FC23EEBD8->4c571e18-69a3-4a6d-81de-e3e48052df18: receive RaftClientReply:client-D83FC23EEBD8->4c571e18-69a3-4a6d-81de-e3e48052df18@group-644576B5741B, cid=2570, SUCCESS, logIndex=3800, commits[4c571e18-69a3-4a6d-81de-e3e48052df18:c3800, 15893972-388e-43c0-9d6c-ca4c76ac06da:c3796, c86beb1c-9105-4588-b1e8-133030361c51:c3796]
2019-07-12 12:28:26,305 INFO  client.GrpcClientProtocolClient (GrpcClientProtocolClient.java:onNext(255)) - client-D83FC23EEBD8->4c571e18-69a3-4a6d-81de-e3e48052df18: receive RaftClientReply:client-D83FC23EEBD8->4c571e18-69a3-4a6d-81de-e3e48052df18@group-644576B5741B, cid=2571, SUCCESS, logIndex=0, commits[4c571e18-69a3-4a6d-81de-e3e48052df18:c3800, 15893972-388e-43c0-9d6c-ca4c76ac06da:c3800, c86beb1c-9105-4588-b1e8-133030361c51:c3800]
2019-07-12 12:28:26,330 INFO  client.GrpcClientProtocolClient (GrpcClientProtocolClient.java:onNext(255)) - client-D83FC23EEBD8->4c571e18-69a3-4a6d-81de-e3e48052df18: receive RaftClientReply:client-D83FC23EEBD8->4c571e18-69a3-4a6d-81de-e3e48052df18@group-644576B5741B, cid=2572, SUCCESS, logIndex=3803, commits[4c571e18-69a3-4a6d-81de-e3e48052df18:c3804, 15893972-388e-43c0-9d6c-ca4c76ac06da:c3802, c86beb1c-9105-4588-b1e8-133030361c51:c3802]
2019-07-12 12:28:26,330 INFO  client.GrpcClientProtocolClient (GrpcClientProtocolClient.java:onNext(255)) - client-D83FC23EEBD8->4c571e18-69a3-4a6d-81de-e3e48052df18: receive RaftClientReply:client-D83FC23EEBD8->4c571e18-69a3-4a6d-81de-e3e48052df18@group-644576B5741B, cid=2573, SUCCESS, logIndex=3804, commits[4c571e18-69a3-4a6d-81de-e3e48052df18:c3806, 15893972-388e-43c0-9d6c-ca4c76ac06da:c3802, c86beb1c-9105-4588-b1e8-133030361c51:c3802]
2019-07-12 12:28:26,330 INFO  client.GrpcClientProtocolClient (GrpcClientProtocolClient.java:onNext(255)) - client-D83FC23EEBD8->4c571e18-69a3-4a6d-81de-e3e48052df18: receive RaftClientReply:client-D83FC23EEBD8->4c571e18-69a3-4a6d-81de-e3e48052df18@group-644576B5741B, cid=2574, SUCCESS, logIndex=3805, commits[4c571e18-69a3-4a6d-81de-e3e48052df18:c3806, 15893972-388e-43c0-9d6c-ca4c76ac06da:c3802, c86beb1c-9105-4588-b1e8-133030361c51:c3802]
2019-07-12 12:28:26,331 INFO  client.GrpcClientProtocolClient (GrpcClientProtocolClient.java:onNext(255)) - client-D83FC23EEBD8->4c571e18-69a3-4a6d-81de-e3e48052df18: receive RaftClientReply:client-D83FC23EEBD8->4c571e18-69a3-4a6d-81de-e3e48052df18@group-644576B5741B, cid=2575, SUCCESS, logIndex=3806, commits[4c571e18-69a3-4a6d-81de-e3e48052df18:c3806, 15893972-388e-43c0-9d6c-ca4c76ac06da:c3802, c86beb1c-9105-4588-b1e8-133030361c51:c3802]
2019-07-12 12:28:26,332 INFO  client.GrpcClientProtocolClient (GrpcClientProtocolClient.java:onNext(255)) - client-D83FC23EEBD8->4c571e18-69a3-4a6d-81de-e3e48052df18: receive RaftClientReply:client-D83FC23EEBD8->4c571e18-69a3-4a6d-81de-e3e48052df18@group-644576B5741B, cid=2576, SUCCESS, logIndex=0, commits[4c571e18-69a3-4a6d-81de-e3e48052df18:c3807, 15893972-388e-43c0-9d6c-ca4c76ac06da:c3804, c86beb1c-9105-4588-b1e8-133030361c51:c3804]
2019-07-12 12:28:26,350 INFO  client.GrpcClientProtocolClient (GrpcClientProtocolClient.java:onNext(255)) - client-D83FC23EEBD8->4c571e18-69a3-4a6d-81de-e3e48052df18: receive RaftClientReply:client-D83FC23EEBD8->4c571e18-69a3-4a6d-81de-e3e48052df18@group-644576B5741B, cid=2577, SUCCESS, logIndex=3810, commits[4c571e18-69a3-4a6d-81de-e3e48052df18:c3811, 15893972-388e-43c0-9d6c-ca4c76ac06da:c3809, c86beb1c-9105-4588-b1e8-133030361c51:c3809]
2019-07-12 12:28:26,350 INFO  client.GrpcClientProtocolClient (GrpcClientProtocolClient.java:onNext(255)) - client-D83FC23EEBD8->4c571e18-69a3-4a6d-81de-e3e48052df18: receive RaftClientReply:client-D83FC23EEBD8->4c571e18-69a3-4a6d-81de-e3e48052df18@group-644576B5741B, cid=2578, SUCCESS, logIndex=3811, commits[4c571e18-69a3-4a6d-81de-e3e48052df18:c3811, 15893972-388e-43c0-9d6c-ca4c76ac06da:c3809, c86beb1c-9105-4588-b1e8-133030361c51:c3809]
2019-07-12 12:28:26,363 INFO  client.GrpcClientProtocolClient (GrpcClientProtocolClient.java:onNext(255)) - client-D83FC23EEBD8->4c571e18-69a3-4a6d-81de-e3e48052df18: receive RaftClientReply:client-D83FC23EEBD8->4c571e18-69a3-4a6d-81de-e3e48052df18@group-644576B5741B, cid=2579, SUCCESS, logIndex=3814, commits[4c571e18-69a3-4a6d-81de-e3e48052df18:c3814, 15893972-388e-43c0-9d6c-ca4c76ac06da:c3811, c86beb1c-9105-4588-b1e8-133030361c51:c3811]
2019-07-12 12:28:26,363 INFO  client.GrpcClientProtocolClient (GrpcClientProtocolClient.java:onNext(255)) - client-D83FC23EEBD8->4c571e18-69a3-4a6d-81de-e3e48052df18: receive RaftClientReply:client-D83FC23EEBD8->4c571e18-69a3-4a6d-81de-e3e48052df18@group-644576B5741B, cid=2580, SUCCESS, logIndex=3815, commits[4c571e18-69a3-4a6d-81de-e3e48052df18:c3815, 15893972-388e-43c0-9d6c-ca4c76ac06da:c3811, c86beb1c-9105-4588-b1e8-133030361c51:c3811]
2019-07-12 12:28:26,376 INFO  client.GrpcClientProtocolClient (GrpcClientProtocolClient.java:onNext(255)) - client-D83FC23EEBD8->4c571e18-69a3-4a6d-81de-e3e48052df18: receive RaftClientReply:client-D83FC23EEBD8->4c571e18-69a3-4a6d-81de-e3e48052df18@group-644576B5741B, cid=2581, SUCCESS, logIndex=0, commits[4c571e18-69a3-4a6d-81de-e3e48052df18:c3817, 15893972-388e-43c0-9d6c-ca4c76ac06da:c3815, c86beb1c-9105-4588-b1e8-133030361c51:c3815]
2019-07-12 12:28:26,401 INFO  client.GrpcClientProtocolClient (GrpcClientProtocolClient.java:onNext(255)) - client-D83FC23EEBD8->4c571e18-69a3-4a6d-81de-e3e48052df18: receive RaftClientReply:client-D83FC23EEBD8->4c571e18-69a3-4a6d-81de-e3e48052df18@group-644576B5741B, cid=2582, SUCCESS, logIndex=3818, commits[4c571e18-69a3-4a6d-81de-e3e48052df18:c3821, 15893972-388e-43c0-9d6c-ca4c76ac06da:c3817, c86beb1c-9105-4588-b1e8-133030361c51:c3817]
2019-07-12 12:28:26,402 INFO  client.GrpcClientProtocolClient (GrpcClientProtocolClient.java:onNext(255)) - client-D83FC23EEBD8->4c571e18-69a3-4a6d-81de-e3e48052df18: receive RaftClientReply:client-D83FC23EEBD8->4c571e18-69a3-4a6d-81de-e3e48052df18@group-644576B5741B, cid=2583, SUCCESS, logIndex=3819, commits[4c571e18-69a3-4a6d-81de-e3e48052df18:c3821, 15893972-388e-43c0-9d6c-ca4c76ac06da:c3817, c86beb1c-9105-4588-b1e8-133030361c51:c3817]
2019-07-12 12:28:26,402 INFO  client.GrpcClientProtocolClient (GrpcClientProtocolClient.java:onNext(255)) - client-D83FC23EEBD8->4c571e18-69a3-4a6d-81de-e3e48052df18: receive RaftClientReply:client-D83FC23EEBD8->4c571e18-69a3-4a6d-81de-e3e48052df18@group-644576B5741B, cid=2584, SUCCESS, logIndex=3820, commits[4c571e18-69a3-4a6d-81de-e3e48052df18:c3821, 15893972-388e-43c0-9d6c-ca4c76ac06da:c3817, c86beb1c-9105-4588-b1e8-133030361c51:c3817]
2019-07-12 12:28:26,402 INFO  client.GrpcClientProtocolClient (GrpcClientProtocolClient.java:onNext(255)) - client-D83FC23EEBD8->4c571e18-69a3-4a6d-81de-e3e48052df18: receive RaftClientReply:client-D83FC23EEBD8->4c571e18-69a3-4a6d-81de-e3e48052df18@group-644576B5741B, cid=2585, SUCCESS, logIndex=3821, commits[4c571e18-69a3-4a6d-81de-e3e48052df18:c3821, 15893972-388e-43c0-9d6c-ca4c76ac06da:c3817, c86beb1c-9105-4588-b1e8-133030361c51:c3817]
2019-07-12 12:28:26,404 INFO  client.GrpcClientProtocolClient (GrpcClientProtocolClient.java:onNext(255)) - client-D83FC23EEBD8->4c571e18-69a3-4a6d-81de-e3e48052df18: receive RaftClientReply:client-D83FC23EEBD8->4c571e18-69a3-4a6d-81de-e3e48052df18@group-644576B5741B, cid=2586, SUCCESS, logIndex=0, commits[4c571e18-69a3-4a6d-81de-e3e48052df18:c3823, 15893972-388e-43c0-9d6c-ca4c76ac06da:c3819, c86beb1c-9105-4588-b1e8-133030361c51:c3819]
2019-07-12 12:28:26,423 INFO  client.GrpcClientProtocolClient (GrpcClientProtocolClient.java:onNext(255)) - client-D83FC23EEBD8->4c571e18-69a3-4a6d-81de-e3e48052df18: receive RaftClientReply:client-D83FC23EEBD8->4c571e18-69a3-4a6d-81de-e3e48052df18@group-644576B5741B, cid=2587, SUCCESS, logIndex=3826, commits[4c571e18-69a3-4a6d-81de-e3e48052df18:c3827, 15893972-388e-43c0-9d6c-ca4c76ac06da:c3825, c86beb1c-9105-4588-b1e8-133030361c51:c3825]
2019-07-12 12:28:26,423 INFO  client.GrpcClientProtocolClient (GrpcClientProtocolClient.java:onNext(255)) - client-D83FC23EEBD8->4c571e18-69a3-4a6d-81de-e3e48052df18: receive RaftClientReply:client-D83FC23EEBD8->4c571e18-69a3-4a6d-81de-e3e48052df18@group-644576B5741B, cid=2588, SUCCESS, logIndex=3827, commits[4c571e18-69a3-4a6d-81de-e3e48052df18:c3827, 15893972-388e-43c0-9d6c-ca4c76ac06da:c3825, c86beb1c-9105-4588-b1e8-133030361c51:c3825]
2019-07-12 12:28:26,436 INFO  client.GrpcClientProtocolClient (GrpcClientProtocolClient.java:onNext(255)) - client-D83FC23EEBD8->4c571e18-69a3-4a6d-81de-e3e48052df18: receive RaftClientReply:client-D83FC23EEBD8->4c571e18-69a3-4a6d-81de-e3e48052df18@group-644576B5741B, cid=2589, SUCCESS, logIndex=3830, commits[4c571e18-69a3-4a6d-81de-e3e48052df18:c3831, 15893972-388e-43c0-9d6c-ca4c76ac06da:c3827, c86beb1c-9105-4588-b1e8-133030361c51:c3827]
2019-07-12 12:28:26,437 INFO  client.GrpcClientProtocolClient (GrpcClientProtocolClient.java:onNext(255)) - client-D83FC23EEBD8->4c571e18-69a3-4a6d-81de-e3e48052df18: receive RaftClientReply:client-D83FC23EEBD8->4c571e18-69a3-4a6d-81de-e3e48052df18@group-644576B5741B, cid=2590, SUCCESS, logIndex=3831, commits[4c571e18-69a3-4a6d-81de-e3e48052df18:c3831, 15893972-388e-43c0-9d6c-ca4c76ac06da:c3827, c86beb1c-9105-4588-b1e8-133030361c51:c3827]
2019-07-12 12:28:26,451 INFO  client.GrpcClientProtocolClient (GrpcClientProtocolClient.java:onNext(255)) - client-D83FC23EEBD8->4c571e18-69a3-4a6d-81de-e3e48052df18: receive RaftClientReply:client-D83FC23EEBD8->4c571e18-69a3-4a6d-81de-e3e48052df18@group-644576B5741B, cid=2591, SUCCESS, logIndex=0, commits[4c571e18-69a3-4a6d-81de-e3e48052df18:c3833, 15893972-388e-43c0-9d6c-ca4c76ac06da:c3831, c86beb1c-9105-4588-b1e8-133030361c51:c3831]
2019-07-12 12:28:26,491 INFO  client.GrpcClientProtocolClient (GrpcClientProtocolClient.java:onNext(255)) - client-D83FC23EEBD8->4c571e18-69a3-4a6d-81de-e3e48052df18: receive RaftClientReply:client-D83FC23EEBD8->4c571e18-69a3-4a6d-81de-e3e48052df18@group-644576B5741B, cid=2592, SUCCESS, logIndex=3834, commits[4c571e18-69a3-4a6d-81de-e3e48052df18:c3835, 15893972-388e-43c0-9d6c-ca4c76ac06da:c3833, c86beb1c-9105-4588-b1e8-133030361c51:c3833]
2019-07-12 12:28:26,492 INFO  client.GrpcClientProtocolClient (GrpcClientProtocolClient.java:onNext(255)) - client-D83FC23EEBD8->4c571e18-69a3-4a6d-81de-e3e48052df18: receive RaftClientReply:client-D83FC23EEBD8->4c571e18-69a3-4a6d-81de-e3e48052df18@group-644576B5741B, cid=2593, SUCCESS, logIndex=3835, commits[4c571e18-69a3-4a6d-81de-e3e48052df18:c3837, 15893972-388e-43c0-9d6c-ca4c76ac06da:c3833, c86beb1c-9105-4588-b1e8-133030361c51:c3833]
2019-07-12 12:28:26,492 INFO  client.GrpcClientProtocolClient (GrpcClientProtocolClient.java:onNext(255)) - client-D83FC23EEBD8->4c571e18-69a3-4a6d-81de-e3e48052df18: receive RaftClientReply:client-D83FC23EEBD8->4c571e18-69a3-4a6d-81de-e3e48052df18@group-644576B5741B, cid=2594, SUCCESS, logIndex=3836, commits[4c571e18-69a3-4a6d-81de-e3e48052df18:c3837, 15893972-388e-43c0-9d6c-ca4c76ac06da:c3833, c86beb1c-9105-4588-b1e8-133030361c51:c3833]
2019-07-12 12:28:26,492 INFO  client.GrpcClientProtocolClient (GrpcClientProtocolClient.java:onNext(255)) - client-D83FC23EEBD8->4c571e18-69a3-4a6d-81de-e3e48052df18: receive RaftClientReply:client-D83FC23EEBD8->4c571e18-69a3-4a6d-81de-e3e48052df18@group-644576B5741B, cid=2595, SUCCESS, logIndex=3837, commits[4c571e18-69a3-4a6d-81de-e3e48052df18:c3837, 15893972-388e-43c0-9d6c-ca4c76ac06da:c3833, c86beb1c-9105-4588-b1e8-133030361c51:c3833]
2019-07-12 12:28:26,506 INFO  client.GrpcClientProtocolClient (GrpcClientProtocolClient.java:onNext(255)) - client-D83FC23EEBD8->4c571e18-69a3-4a6d-81de-e3e48052df18: receive RaftClientReply:client-D83FC23EEBD8->4c571e18-69a3-4a6d-81de-e3e48052df18@group-644576B5741B, cid=2596, SUCCESS, logIndex=0, commits[4c571e18-69a3-4a6d-81de-e3e48052df18:c3838, 15893972-388e-43c0-9d6c-ca4c76ac06da:c3835, c86beb1c-9105-4588-b1e8-133030361c51:c3835]
 0.00% |█                                                                                                    |  0/1 Time: 0:00:182019-07-12 12:28:26,618 INFO  client.GrpcClientProtocolClient (GrpcClientProtocolClient.java:onNext(255)) - client-D83FC23EEBD8->4c571e18-69a3-4a6d-81de-e3e48052df18: receive RaftClientReply:client-D83FC23EEBD8->4c571e18-69a3-4a6d-81de-e3e48052df18@group-644576B5741B, cid=2597, SUCCESS, logIndex=3841, commits[4c571e18-69a3-4a6d-81de-e3e48052df18:c3842, 15893972-388e-43c0-9d6c-ca4c76ac06da:c3840, c86beb1c-9105-4588-b1e8-133030361c51:c3840]
2019-07-12 12:28:26,619 INFO  client.GrpcClientProtocolClient (GrpcClientProtocolClient.java:onNext(255)) - client-D83FC23EEBD8->4c571e18-69a3-4a6d-81de-e3e48052df18: receive RaftClientReply:client-D83FC23EEBD8->4c571e18-69a3-4a6d-81de-e3e48052df18@group-644576B5741B, cid=2598, SUCCESS, logIndex=3842, commits[4c571e18-69a3-4a6d-81de-e3e48052df18:c3842, 15893972-388e-43c0-9d6c-ca4c76ac06da:c3840, c86beb1c-9105-4588-b1e8-133030361c51:c3840]
2019-07-12 12:28:26,631 INFO  client.GrpcClientProtocolClient (GrpcClientProtocolClient.java:onNext(255)) - client-D83FC23EEBD8->4c571e18-69a3-4a6d-81de-e3e48052df18: receive RaftClientReply:client-D83FC23EEBD8->4c571e18-69a3-4a6d-81de-e3e48052df18@group-644576B5741B, cid=2599, SUCCESS, logIndex=3844, commits[4c571e18-69a3-4a6d-81de-e3e48052df18:c3845, 15893972-388e-43c0-9d6c-ca4c76ac06da:c3842, c86beb1c-9105-4588-b1e8-133030361c51:c3842]
2019-07-12 12:28:26,631 INFO  client.GrpcClientProtocolClient (GrpcClientProtocolClient.java:onNext(255)) - client-D83FC23EEBD8->4c571e18-69a3-4a6d-81de-e3e48052df18: receive RaftClientReply:client-D83FC23EEBD8->4c571e18-69a3-4a6d-81de-e3e48052df18@group-644576B5741B, cid=2600, SUCCESS, logIndex=3845, commits[4c571e18-69a3-4a6d-81de-e3e48052df18:c3845, 15893972-388e-43c0-9d6c-ca4c76ac06da:c3842, c86beb1c-9105-4588-b1e8-133030361c51:c3842]
2019-07-12 12:28:26,643 INFO  client.GrpcClientProtocolClient (GrpcClientProtocolClient.java:onNext(255)) - client-D83FC23EEBD8->4c571e18-69a3-4a6d-81de-e3e48052df18: receive RaftClientReply:client-D83FC23EEBD8->4c571e18-69a3-4a6d-81de-e3e48052df18@group-644576B5741B, cid=2601, SUCCESS, logIndex=0, commits[4c571e18-69a3-4a6d-81de-e3e48052df18:c3846, 15893972-388e-43c0-9d6c-ca4c76ac06da:c3845, c86beb1c-9105-4588-b1e8-133030361c51:c3845]
2019-07-12 12:28:26,673 INFO  client.GrpcClientProtocolClient (GrpcClientProtocolClient.java:onNext(255)) - client-D83FC23EEBD8->4c571e18-69a3-4a6d-81de-e3e48052df18: receive RaftClientReply:client-D83FC23EEBD8->4c571e18-69a3-4a6d-81de-e3e48052df18@group-644576B5741B, cid=2602, SUCCESS, logIndex=3848, commits[4c571e18-69a3-4a6d-81de-e3e48052df18:c3849, 15893972-388e-43c0-9d6c-ca4c76ac06da:c3847, c86beb1c-9105-4588-b1e8-133030361c51:c3847]
2019-07-12 12:28:26,674 INFO  client.GrpcClientProtocolClient (GrpcClientProtocolClient.java:onNext(255)) - client-D83FC23EEBD8->4c571e18-69a3-4a6d-81de-e3e48052df18: receive RaftClientReply:client-D83FC23EEBD8->4c571e18-69a3-4a6d-81de-e3e48052df18@group-644576B5741B, cid=2603, SUCCESS, logIndex=3849, commits[4c571e18-69a3-4a6d-81de-e3e48052df18:c3849, 15893972-388e-43c0-9d6c-ca4c76ac06da:c3847, c86beb1c-9105-4588-b1e8-133030361c51:c3847]
2019-07-12 12:28:26,674 INFO  client.GrpcClientProtocolClient (GrpcClientProtocolClient.java:onNext(255)) - client-D83FC23EEBD8->4c571e18-69a3-4a6d-81de-e3e48052df18: receive RaftClientReply:client-D83FC23EEBD8->4c571e18-69a3-4a6d-81de-e3e48052df18@group-644576B5741B, cid=2604, SUCCESS, logIndex=3850, commits[4c571e18-69a3-4a6d-81de-e3e48052df18:c3851, 15893972-388e-43c0-9d6c-ca4c76ac06da:c3847, c86beb1c-9105-4588-b1e8-133030361c51:c3847]
2019-07-12 12:28:26,674 INFO  client.GrpcClientProtocolClient (GrpcClientProtocolClient.java:onNext(255)) - client-D83FC23EEBD8->4c571e18-69a3-4a6d-81de-e3e48052df18: receive RaftClientReply:client-D83FC23EEBD8->4c571e18-69a3-4a6d-81de-e3e48052df18@group-644576B5741B, cid=2605, SUCCESS, logIndex=3851, commits[4c571e18-69a3-4a6d-81de-e3e48052df18:c3851, 15893972-388e-43c0-9d6c-ca4c76ac06da:c3847, c86beb1c-9105-4588-b1e8-133030361c51:c3847]
2019-07-12 12:28:26,676 INFO  client.GrpcClientProtocolClient (GrpcClientProtocolClient.java:onNext(255)) - client-D83FC23EEBD8->4c571e18-69a3-4a6d-81de-e3e48052df18: receive RaftClientReply:client-D83FC23EEBD8->4c571e18-69a3-4a6d-81de-e3e48052df18@group-644576B5741B, cid=2606, SUCCESS, logIndex=0, commits[4c571e18-69a3-4a6d-81de-e3e48052df18:c3855, 15893972-388e-43c0-9d6c-ca4c76ac06da:c3851, c86beb1c-9105-4588-b1e8-133030361c51:c3849]
2019-07-12 12:28:26,695 INFO  client.GrpcClientProtocolClient (GrpcClientProtocolClient.java:onNext(255)) - client-D83FC23EEBD8->4c571e18-69a3-4a6d-81de-e3e48052df18: receive RaftClientReply:client-D83FC23EEBD8->4c571e18-69a3-4a6d-81de-e3e48052df18@group-644576B5741B, cid=2607, SUCCESS, logIndex=3856, commits[4c571e18-69a3-4a6d-81de-e3e48052df18:c3857, 15893972-388e-43c0-9d6c-ca4c76ac06da:c3855, c86beb1c-9105-4588-b1e8-133030361c51:c3855]
2019-07-12 12:28:26,696 INFO  client.GrpcClientProtocolClient (GrpcClientProtocolClient.java:onNext(255)) - client-D83FC23EEBD8->4c571e18-69a3-4a6d-81de-e3e48052df18: receive RaftClientReply:client-D83FC23EEBD8->4c571e18-69a3-4a6d-81de-e3e48052df18@group-644576B5741B, cid=2608, SUCCESS, logIndex=3857, commits[4c571e18-69a3-4a6d-81de-e3e48052df18:c3857, 15893972-388e-43c0-9d6c-ca4c76ac06da:c3855, c86beb1c-9105-4588-b1e8-133030361c51:c3855]
2019-07-12 12:28:26,708 INFO  client.GrpcClientProtocolClient (GrpcClientProtocolClient.java:onNext(255)) - client-D83FC23EEBD8->4c571e18-69a3-4a6d-81de-e3e48052df18: receive RaftClientReply:client-D83FC23EEBD8->4c571e18-69a3-4a6d-81de-e3e48052df18@group-644576B5741B, cid=2609, SUCCESS, logIndex=3860, commits[4c571e18-69a3-4a6d-81de-e3e48052df18:c3860, 15893972-388e-43c0-9d6c-ca4c76ac06da:c3857, c86beb1c-9105-4588-b1e8-133030361c51:c3857]
2019-07-12 12:28:26,709 INFO  client.GrpcClientProtocolClient (GrpcClientProtocolClient.java:onNext(255)) - client-D83FC23EEBD8->4c571e18-69a3-4a6d-81de-e3e48052df18: receive RaftClientReply:client-D83FC23EEBD8->4c571e18-69a3-4a6d-81de-e3e48052df18@group-644576B5741B, cid=2610, SUCCESS, logIndex=3861, commits[4c571e18-69a3-4a6d-81de-e3e48052df18:c3861, 15893972-388e-43c0-9d6c-ca4c76ac06da:c3857, c86beb1c-9105-4588-b1e8-133030361c51:c3857]
2019-07-12 12:28:26,722 INFO  client.GrpcClientProtocolClient (GrpcClientProtocolClient.java:onNext(255)) - client-D83FC23EEBD8->4c571e18-69a3-4a6d-81de-e3e48052df18: receive RaftClientReply:client-D83FC23EEBD8->4c571e18-69a3-4a6d-81de-e3e48052df18@group-644576B5741B, cid=2611, SUCCESS, logIndex=0, commits[4c571e18-69a3-4a6d-81de-e3e48052df18:c3863, 15893972-388e-43c0-9d6c-ca4c76ac06da:c3861, c86beb1c-9105-4588-b1e8-133030361c51:c3861]
2019-07-12 12:28:26,748 INFO  client.GrpcClientProtocolClient (GrpcClientProtocolClient.java:onNext(255)) - client-D83FC23EEBD8->4c571e18-69a3-4a6d-81de-e3e48052df18: receive RaftClientReply:client-D83FC23EEBD8->4c571e18-69a3-4a6d-81de-e3e48052df18@group-644576B5741B, cid=2612, SUCCESS, logIndex=3864, commits[4c571e18-69a3-4a6d-81de-e3e48052df18:c3866, 15893972-388e-43c0-9d6c-ca4c76ac06da:c3863, c86beb1c-9105-4588-b1e8-133030361c51:c3863]
2019-07-12 12:28:26,749 INFO  client.GrpcClientProtocolClient (GrpcClientProtocolClient.java:onNext(255)) - client-D83FC23EEBD8->4c571e18-69a3-4a6d-81de-e3e48052df18: receive RaftClientReply:client-D83FC23EEBD8->4c571e18-69a3-4a6d-81de-e3e48052df18@group-644576B5741B, cid=2613, SUCCESS, logIndex=3865, commits[4c571e18-69a3-4a6d-81de-e3e48052df18:c3867, 15893972-388e-43c0-9d6c-ca4c76ac06da:c3863, c86beb1c-9105-4588-b1e8-133030361c51:c3863]
2019-07-12 12:28:26,749 INFO  client.GrpcClientProtocolClient (GrpcClientProtocolClient.java:onNext(255)) - client-D83FC23EEBD8->4c571e18-69a3-4a6d-81de-e3e48052df18: receive RaftClientReply:client-D83FC23EEBD8->4c571e18-69a3-4a6d-81de-e3e48052df18@group-644576B5741B, cid=2614, SUCCESS, logIndex=3866, commits[4c571e18-69a3-4a6d-81de-e3e48052df18:c3867, 15893972-388e-43c0-9d6c-ca4c76ac06da:c3863, c86beb1c-9105-4588-b1e8-133030361c51:c3863]
2019-07-12 12:28:26,749 INFO  client.GrpcClientProtocolClient (GrpcClientProtocolClient.java:onNext(255)) - client-D83FC23EEBD8->4c571e18-69a3-4a6d-81de-e3e48052df18: receive RaftClientReply:client-D83FC23EEBD8->4c571e18-69a3-4a6d-81de-e3e48052df18@group-644576B5741B, cid=2615, SUCCESS, logIndex=3867, commits[4c571e18-69a3-4a6d-81de-e3e48052df18:c3867, 15893972-388e-43c0-9d6c-ca4c76ac06da:c3863, c86beb1c-9105-4588-b1e8-133030361c51:c3863]
2019-07-12 12:28:26,761 INFO  client.GrpcClientProtocolClient (GrpcClientProtocolClient.java:onNext(255)) - client-D83FC23EEBD8->4c571e18-69a3-4a6d-81de-e3e48052df18: receive RaftClientReply:client-D83FC23EEBD8->4c571e18-69a3-4a6d-81de-e3e48052df18@group-644576B5741B, cid=2616, SUCCESS, logIndex=0, commits[4c571e18-69a3-4a6d-81de-e3e48052df18:c3871, 15893972-388e-43c0-9d6c-ca4c76ac06da:c3867, c86beb1c-9105-4588-b1e8-133030361c51:c3866]
2019-07-12 12:28:26,779 INFO  client.GrpcClientProtocolClient (GrpcClientProtocolClient.java:onNext(255)) - client-D83FC23EEBD8->4c571e18-69a3-4a6d-81de-e3e48052df18: receive RaftClientReply:client-D83FC23EEBD8->4c571e18-69a3-4a6d-81de-e3e48052df18@group-644576B5741B, cid=2617, SUCCESS, logIndex=3872, commits[4c571e18-69a3-4a6d-81de-e3e48052df18:c3873, 15893972-388e-43c0-9d6c-ca4c76ac06da:c3871, c86beb1c-9105-4588-b1e8-133030361c51:c3871]
2019-07-12 12:28:26,780 INFO  client.GrpcClientProtocolClient (GrpcClientProtocolClient.java:onNext(255)) - client-D83FC23EEBD8->4c571e18-69a3-4a6d-81de-e3e48052df18: receive RaftClientReply:client-D83FC23EEBD8->4c571e18-69a3-4a6d-81de-e3e48052df18@group-644576B5741B, cid=2618, SUCCESS, logIndex=3873, commits[4c571e18-69a3-4a6d-81de-e3e48052df18:c3873, 15893972-388e-43c0-9d6c-ca4c76ac06da:c3871, c86beb1c-9105-4588-b1e8-133030361c51:c3871]
2019-07-12 12:28:26,793 INFO  client.GrpcClientProtocolClient (GrpcClientProtocolClient.java:onNext(255)) - client-D83FC23EEBD8->4c571e18-69a3-4a6d-81de-e3e48052df18: receive RaftClientReply:client-D83FC23EEBD8->4c571e18-69a3-4a6d-81de-e3e48052df18@group-644576B5741B, cid=2619, SUCCESS, logIndex=3876, commits[4c571e18-69a3-4a6d-81de-e3e48052df18:c3876, 15893972-388e-43c0-9d6c-ca4c76ac06da:c3873, c86beb1c-9105-4588-b1e8-133030361c51:c3873]
2019-07-12 12:28:26,793 INFO  client.GrpcClientProtocolClient (GrpcClientProtocolClient.java:onNext(255)) - client-D83FC23EEBD8->4c571e18-69a3-4a6d-81de-e3e48052df18: receive RaftClientReply:client-D83FC23EEBD8->4c571e18-69a3-4a6d-81de-e3e48052df18@group-644576B5741B, cid=2620, SUCCESS, logIndex=3877, commits[4c571e18-69a3-4a6d-81de-e3e48052df18:c3877, 15893972-388e-43c0-9d6c-ca4c76ac06da:c3873, c86beb1c-9105-4588-b1e8-133030361c51:c3873]
2019-07-12 12:28:26,806 INFO  client.GrpcClientProtocolClient (GrpcClientProtocolClient.java:onNext(255)) - client-D83FC23EEBD8->4c571e18-69a3-4a6d-81de-e3e48052df18: receive RaftClientReply:client-D83FC23EEBD8->4c571e18-69a3-4a6d-81de-e3e48052df18@group-644576B5741B, cid=2621, SUCCESS, logIndex=0, commits[4c571e18-69a3-4a6d-81de-e3e48052df18:c3879, 15893972-388e-43c0-9d6c-ca4c76ac06da:c3877, c86beb1c-9105-4588-b1e8-133030361c51:c3877]
2019-07-12 12:28:26,831 INFO  client.GrpcClientProtocolClient (GrpcClientProtocolClient.java:onNext(255)) - client-D83FC23EEBD8->4c571e18-69a3-4a6d-81de-e3e48052df18: receive RaftClientReply:client-D83FC23EEBD8->4c571e18-69a3-4a6d-81de-e3e48052df18@group-644576B5741B, cid=2622, SUCCESS, logIndex=3880, commits[4c571e18-69a3-4a6d-81de-e3e48052df18:c3883, 15893972-388e-43c0-9d6c-ca4c76ac06da:c3879, c86beb1c-9105-4588-b1e8-133030361c51:c3879]
2019-07-12 12:28:26,832 INFO  client.GrpcClientProtocolClient (GrpcClientProtocolClient.java:onNext(255)) - client-D83FC23EEBD8->4c571e18-69a3-4a6d-81de-e3e48052df18: receive RaftClientReply:client-D83FC23EEBD8->4c571e18-69a3-4a6d-81de-e3e48052df18@group-644576B5741B, cid=2623, SUCCESS, logIndex=3881, commits[4c571e18-69a3-4a6d-81de-e3e48052df18:c3883, 15893972-388e-43c0-9d6c-ca4c76ac06da:c3879, c86beb1c-9105-4588-b1e8-133030361c51:c3879]
2019-07-12 12:28:26,832 INFO  client.GrpcClientProtocolClient (GrpcClientProtocolClient.java:onNext(255)) - client-D83FC23EEBD8->4c571e18-69a3-4a6d-81de-e3e48052df18: receive RaftClientReply:client-D83FC23EEBD8->4c571e18-69a3-4a6d-81de-e3e48052df18@group-644576B5741B, cid=2624, SUCCESS, logIndex=3882, commits[4c571e18-69a3-4a6d-81de-e3e48052df18:c3883, 15893972-388e-43c0-9d6c-ca4c76ac06da:c3879, c86beb1c-9105-4588-b1e8-133030361c51:c3879]
2019-07-12 12:28:26,832 INFO  client.GrpcClientProtocolClient (GrpcClientProtocolClient.java:onNext(255)) - client-D83FC23EEBD8->4c571e18-69a3-4a6d-81de-e3e48052df18: receive RaftClientReply:client-D83FC23EEBD8->4c571e18-69a3-4a6d-81de-e3e48052df18@group-644576B5741B, cid=2625, SUCCESS, logIndex=3883, commits[4c571e18-69a3-4a6d-81de-e3e48052df18:c3884, 15893972-388e-43c0-9d6c-ca4c76ac06da:c3879, c86beb1c-9105-4588-b1e8-133030361c51:c3881]
2019-07-12 12:28:26,833 INFO  client.GrpcClientProtocolClient (GrpcClientProtocolClient.java:onNext(255)) - client-D83FC23EEBD8->4c571e18-69a3-4a6d-81de-e3e48052df18: receive RaftClientReply:client-D83FC23EEBD8->4c571e18-69a3-4a6d-81de-e3e48052df18@group-644576B5741B, cid=2626, SUCCESS, logIndex=0, commits[4c571e18-69a3-4a6d-81de-e3e48052df18:c3884, 15893972-388e-43c0-9d6c-ca4c76ac06da:c3881, c86beb1c-9105-4588-b1e8-133030361c51:c3881]
2019-07-12 12:28:26,852 INFO  client.GrpcClientProtocolClient (GrpcClientProtocolClient.java:onNext(255)) - client-D83FC23EEBD8->4c571e18-69a3-4a6d-81de-e3e48052df18: receive RaftClientReply:client-D83FC23EEBD8->4c571e18-69a3-4a6d-81de-e3e48052df18@group-644576B5741B, cid=2627, SUCCESS, logIndex=3888, commits[4c571e18-69a3-4a6d-81de-e3e48052df18:c3889, 15893972-388e-43c0-9d6c-ca4c76ac06da:c3887, c86beb1c-9105-4588-b1e8-133030361c51:c3887]
2019-07-12 12:28:26,852 INFO  client.GrpcClientProtocolClient (GrpcClientProtocolClient.java:onNext(255)) - client-D83FC23EEBD8->4c571e18-69a3-4a6d-81de-e3e48052df18: receive RaftClientReply:client-D83FC23EEBD8->4c571e18-69a3-4a6d-81de-e3e48052df18@group-644576B5741B, cid=2628, SUCCESS, logIndex=3889, commits[4c571e18-69a3-4a6d-81de-e3e48052df18:c3889, 15893972-388e-43c0-9d6c-ca4c76ac06da:c3887, c86beb1c-9105-4588-b1e8-133030361c51:c3887]
2019-07-12 12:28:26,864 INFO  client.GrpcClientProtocolClient (GrpcClientProtocolClient.java:onNext(255)) - client-D83FC23EEBD8->4c571e18-69a3-4a6d-81de-e3e48052df18: receive RaftClientReply:client-D83FC23EEBD8->4c571e18-69a3-4a6d-81de-e3e48052df18@group-644576B5741B, cid=2629, SUCCESS, logIndex=3892, commits[4c571e18-69a3-4a6d-81de-e3e48052df18:c3893, 15893972-388e-43c0-9d6c-ca4c76ac06da:c3889, c86beb1c-9105-4588-b1e8-133030361c51:c3889]
2019-07-12 12:28:26,865 INFO  client.GrpcClientProtocolClient (GrpcClientProtocolClient.java:onNext(255)) - client-D83FC23EEBD8->4c571e18-69a3-4a6d-81de-e3e48052df18: receive RaftClientReply:client-D83FC23EEBD8->4c571e18-69a3-4a6d-81de-e3e48052df18@group-644576B5741B, cid=2630, SUCCESS, logIndex=3893, commits[4c571e18-69a3-4a6d-81de-e3e48052df18:c3893, 15893972-388e-43c0-9d6c-ca4c76ac06da:c3889, c86beb1c-9105-4588-b1e8-133030361c51:c3889]
2019-07-12 12:28:26,877 INFO  client.GrpcClientProtocolClient (GrpcClientProtocolClient.java:onNext(255)) - client-D83FC23EEBD8->4c571e18-69a3-4a6d-81de-e3e48052df18: receive RaftClientReply:client-D83FC23EEBD8->4c571e18-69a3-4a6d-81de-e3e48052df18@group-644576B5741B, cid=2631, SUCCESS, logIndex=0, commits[4c571e18-69a3-4a6d-81de-e3e48052df18:c3895, 15893972-388e-43c0-9d6c-ca4c76ac06da:c3893, c86beb1c-9105-4588-b1e8-133030361c51:c3893]
2019-07-12 12:28:26,904 INFO  client.GrpcClientProtocolClient (GrpcClientProtocolClient.java:onNext(255)) - client-D83FC23EEBD8->4c571e18-69a3-4a6d-81de-e3e48052df18: receive RaftClientReply:client-D83FC23EEBD8->4c571e18-69a3-4a6d-81de-e3e48052df18@group-644576B5741B, cid=2632, SUCCESS, logIndex=3896, commits[4c571e18-69a3-4a6d-81de-e3e48052df18:c3897, 15893972-388e-43c0-9d6c-ca4c76ac06da:c3895, c86beb1c-9105-4588-b1e8-133030361c51:c3895]
2019-07-12 12:28:26,904 INFO  client.GrpcClientProtocolClient (GrpcClientProtocolClient.java:onNext(255)) - client-D83FC23EEBD8->4c571e18-69a3-4a6d-81de-e3e48052df18: receive RaftClientReply:client-D83FC23EEBD8->4c571e18-69a3-4a6d-81de-e3e48052df18@group-644576B5741B, cid=2633, SUCCESS, logIndex=3897, commits[4c571e18-69a3-4a6d-81de-e3e48052df18:c3897, 15893972-388e-43c0-9d6c-ca4c76ac06da:c3895, c86beb1c-9105-4588-b1e8-133030361c51:c3895]
2019-07-12 12:28:26,905 INFO  client.GrpcClientProtocolClient (GrpcClientProtocolClient.java:onNext(255)) - client-D83FC23EEBD8->4c571e18-69a3-4a6d-81de-e3e48052df18: receive RaftClientReply:client-D83FC23EEBD8->4c571e18-69a3-4a6d-81de-e3e48052df18@group-644576B5741B, cid=2634, SUCCESS, logIndex=3898, commits[4c571e18-69a3-4a6d-81de-e3e48052df18:c3898, 15893972-388e-43c0-9d6c-ca4c76ac06da:c3895, c86beb1c-9105-4588-b1e8-133030361c51:c3895]
2019-07-12 12:28:26,905 INFO  client.GrpcClientProtocolClient (GrpcClientProtocolClient.java:onNext(255)) - client-D83FC23EEBD8->4c571e18-69a3-4a6d-81de-e3e48052df18: receive RaftClientReply:client-D83FC23EEBD8->4c571e18-69a3-4a6d-81de-e3e48052df18@group-644576B5741B, cid=2635, SUCCESS, logIndex=3899, commits[4c571e18-69a3-4a6d-81de-e3e48052df18:c3899, 15893972-388e-43c0-9d6c-ca4c76ac06da:c3895, c86beb1c-9105-4588-b1e8-133030361c51:c3895]
2019-07-12 12:28:26,906 INFO  client.GrpcClientProtocolClient (GrpcClientProtocolClient.java:onNext(255)) - client-D83FC23EEBD8->4c571e18-69a3-4a6d-81de-e3e48052df18: receive RaftClientReply:client-D83FC23EEBD8->4c571e18-69a3-4a6d-81de-e3e48052df18@group-644576B5741B, cid=2636, SUCCESS, logIndex=0, commits[4c571e18-69a3-4a6d-81de-e3e48052df18:c3900, 15893972-388e-43c0-9d6c-ca4c76ac06da:c3897, c86beb1c-9105-4588-b1e8-133030361c51:c3897]
2019-07-12 12:28:26,925 INFO  client.GrpcClientProtocolClient (GrpcClientProtocolClient.java:onNext(255)) - client-D83FC23EEBD8->4c571e18-69a3-4a6d-81de-e3e48052df18: receive RaftClientReply:client-D83FC23EEBD8->4c571e18-69a3-4a6d-81de-e3e48052df18@group-644576B5741B, cid=2637, SUCCESS, logIndex=3904, commits[4c571e18-69a3-4a6d-81de-e3e48052df18:c3905, 15893972-388e-43c0-9d6c-ca4c76ac06da:c3903, c86beb1c-9105-4588-b1e8-133030361c51:c3903]
2019-07-12 12:28:26,926 INFO  client.GrpcClientProtocolClient (GrpcClientProtocolClient.java:onNext(255)) - client-D83FC23EEBD8->4c571e18-69a3-4a6d-81de-e3e48052df18: receive RaftClientReply:client-D83FC23EEBD8->4c571e18-69a3-4a6d-81de-e3e48052df18@group-644576B5741B, cid=2638, SUCCESS, logIndex=3905, commits[4c571e18-69a3-4a6d-81de-e3e48052df18:c3905, 15893972-388e-43c0-9d6c-ca4c76ac06da:c3903, c86beb1c-9105-4588-b1e8-133030361c51:c3903]
2019-07-12 12:28:26,938 INFO  client.GrpcClientProtocolClient (GrpcClientProtocolClient.java:onNext(255)) - client-D83FC23EEBD8->4c571e18-69a3-4a6d-81de-e3e48052df18: receive RaftClientReply:client-D83FC23EEBD8->4c571e18-69a3-4a6d-81de-e3e48052df18@group-644576B5741B, cid=2639, SUCCESS, logIndex=3908, commits[4c571e18-69a3-4a6d-81de-e3e48052df18:c3909, 15893972-388e-43c0-9d6c-ca4c76ac06da:c3905, c86beb1c-9105-4588-b1e8-133030361c51:c3905]
2019-07-12 12:28:26,939 INFO  client.GrpcClientProtocolClient (GrpcClientProtocolClient.java:onNext(255)) - client-D83FC23EEBD8->4c571e18-69a3-4a6d-81de-e3e48052df18: receive RaftClientReply:client-D83FC23EEBD8->4c571e18-69a3-4a6d-81de-e3e48052df18@group-644576B5741B, cid=2640, SUCCESS, logIndex=3909, commits[4c571e18-69a3-4a6d-81de-e3e48052df18:c3909, 15893972-388e-43c0-9d6c-ca4c76ac06da:c3905, c86beb1c-9105-4588-b1e8-133030361c51:c3905]
2019-07-12 12:28:26,950 INFO  client.GrpcClientProtocolClient (GrpcClientProtocolClient.java:onNext(255)) - client-D83FC23EEBD8->4c571e18-69a3-4a6d-81de-e3e48052df18: receive RaftClientReply:client-D83FC23EEBD8->4c571e18-69a3-4a6d-81de-e3e48052df18@group-644576B5741B, cid=2641, SUCCESS, logIndex=0, commits[4c571e18-69a3-4a6d-81de-e3e48052df18:c3909, 15893972-388e-43c0-9d6c-ca4c76ac06da:c3909, c86beb1c-9105-4588-b1e8-133030361c51:c3909]
2019-07-12 12:28:26,977 INFO  client.GrpcClientProtocolClient (GrpcClientProtocolClient.java:onNext(255)) - client-D83FC23EEBD8->4c571e18-69a3-4a6d-81de-e3e48052df18: receive RaftClientReply:client-D83FC23EEBD8->4c571e18-69a3-4a6d-81de-e3e48052df18@group-644576B5741B, cid=2642, SUCCESS, logIndex=3912, commits[4c571e18-69a3-4a6d-81de-e3e48052df18:c3915, 15893972-388e-43c0-9d6c-ca4c76ac06da:c3911, c86beb1c-9105-4588-b1e8-133030361c51:c3911]
2019-07-12 12:28:26,977 INFO  client.GrpcClientProtocolClient (GrpcClientProtocolClient.java:onNext(255)) - client-D83FC23EEBD8->4c571e18-69a3-4a6d-81de-e3e48052df18: receive RaftClientReply:client-D83FC23EEBD8->4c571e18-69a3-4a6d-81de-e3e48052df18@group-644576B5741B, cid=2643, SUCCESS, logIndex=3913, commits[4c571e18-69a3-4a6d-81de-e3e48052df18:c3915, 15893972-388e-43c0-9d6c-ca4c76ac06da:c3911, c86beb1c-9105-4588-b1e8-133030361c51:c3911]
2019-07-12 12:28:26,977 INFO  client.GrpcClientProtocolClient (GrpcClientProtocolClient.java:onNext(255)) - client-D83FC23EEBD8->4c571e18-69a3-4a6d-81de-e3e48052df18: receive RaftClientReply:client-D83FC23EEBD8->4c571e18-69a3-4a6d-81de-e3e48052df18@group-644576B5741B, cid=2644, SUCCESS, logIndex=3914, commits[4c571e18-69a3-4a6d-81de-e3e48052df18:c3915, 15893972-388e-43c0-9d6c-ca4c76ac06da:c3911, c86beb1c-9105-4588-b1e8-133030361c51:c3911]
2019-07-12 12:28:26,978 INFO  client.GrpcClientProtocolClient (GrpcClientProtocolClient.java:onNext(255)) - client-D83FC23EEBD8->4c571e18-69a3-4a6d-81de-e3e48052df18: receive RaftClientReply:client-D83FC23EEBD8->4c571e18-69a3-4a6d-81de-e3e48052df18@group-644576B5741B, cid=2645, SUCCESS, logIndex=3915, commits[4c571e18-69a3-4a6d-81de-e3e48052df18:c3915, 15893972-388e-43c0-9d6c-ca4c76ac06da:c3911, c86beb1c-9105-4588-b1e8-133030361c51:c3911]
2019-07-12 12:28:26,981 INFO  client.GrpcClientProtocolClient (GrpcClientProtocolClient.java:onNext(255)) - client-D83FC23EEBD8->4c571e18-69a3-4a6d-81de-e3e48052df18: receive RaftClientReply:client-D83FC23EEBD8->4c571e18-69a3-4a6d-81de-e3e48052df18@group-644576B5741B, cid=2646, SUCCESS, logIndex=0, commits[4c571e18-69a3-4a6d-81de-e3e48052df18:c3918, 15893972-388e-43c0-9d6c-ca4c76ac06da:c3915, c86beb1c-9105-4588-b1e8-133030361c51:c3913]
2019-07-12 12:28:27,022 INFO  client.GrpcClientProtocolClient (GrpcClientProtocolClient.java:onNext(255)) - client-D83FC23EEBD8->4c571e18-69a3-4a6d-81de-e3e48052df18: receive RaftClientReply:client-D83FC23EEBD8->4c571e18-69a3-4a6d-81de-e3e48052df18@group-644576B5741B, cid=2647, SUCCESS, logIndex=3920, commits[4c571e18-69a3-4a6d-81de-e3e48052df18:c3921, 15893972-388e-43c0-9d6c-ca4c76ac06da:c3919, c86beb1c-9105-4588-b1e8-133030361c51:c3919]
2019-07-12 12:28:27,022 INFO  client.GrpcClientProtocolClient (GrpcClientProtocolClient.java:onNext(255)) - client-D83FC23EEBD8->4c571e18-69a3-4a6d-81de-e3e48052df18: receive RaftClientReply:client-D83FC23EEBD8->4c571e18-69a3-4a6d-81de-e3e48052df18@group-644576B5741B, cid=2648, SUCCESS, logIndex=3921, commits[4c571e18-69a3-4a6d-81de-e3e48052df18:c3921, 15893972-388e-43c0-9d6c-ca4c76ac06da:c3919, c86beb1c-9105-4588-b1e8-133030361c51:c3919]
2019-07-12 12:28:27,035 INFO  client.GrpcClientProtocolClient (GrpcClientProtocolClient.java:onNext(255)) - client-D83FC23EEBD8->4c571e18-69a3-4a6d-81de-e3e48052df18: receive RaftClientReply:client-D83FC23EEBD8->4c571e18-69a3-4a6d-81de-e3e48052df18@group-644576B5741B, cid=2649, SUCCESS, logIndex=3924, commits[4c571e18-69a3-4a6d-81de-e3e48052df18:c3925, 15893972-388e-43c0-9d6c-ca4c76ac06da:c3921, c86beb1c-9105-4588-b1e8-133030361c51:c3921]
2019-07-12 12:28:27,035 INFO  client.GrpcClientProtocolClient (GrpcClientProtocolClient.java:onNext(255)) - client-D83FC23EEBD8->4c571e18-69a3-4a6d-81de-e3e48052df18: receive RaftClientReply:client-D83FC23EEBD8->4c571e18-69a3-4a6d-81de-e3e48052df18@group-644576B5741B, cid=2650, SUCCESS, logIndex=3925, commits[4c571e18-69a3-4a6d-81de-e3e48052df18:c3925, 15893972-388e-43c0-9d6c-ca4c76ac06da:c3921, c86beb1c-9105-4588-b1e8-133030361c51:c3921]
2019-07-12 12:28:27,048 INFO  client.GrpcClientProtocolClient (GrpcClientProtocolClient.java:onNext(255)) - client-D83FC23EEBD8->4c571e18-69a3-4a6d-81de-e3e48052df18: receive RaftClientReply:client-D83FC23EEBD8->4c571e18-69a3-4a6d-81de-e3e48052df18@group-644576B5741B, cid=2651, SUCCESS, logIndex=0, commits[4c571e18-69a3-4a6d-81de-e3e48052df18:c3927, 15893972-388e-43c0-9d6c-ca4c76ac06da:c3925, c86beb1c-9105-4588-b1e8-133030361c51:c3925]
2019-07-12 12:28:27,073 INFO  client.GrpcClientProtocolClient (GrpcClientProtocolClient.java:onNext(255)) - client-D83FC23EEBD8->4c571e18-69a3-4a6d-81de-e3e48052df18: receive RaftClientReply:client-D83FC23EEBD8->4c571e18-69a3-4a6d-81de-e3e48052df18@group-644576B5741B, cid=2652, SUCCESS, logIndex=3928, commits[4c571e18-69a3-4a6d-81de-e3e48052df18:c3929, 15893972-388e-43c0-9d6c-ca4c76ac06da:c3927, c86beb1c-9105-4588-b1e8-133030361c51:c3927]
2019-07-12 12:28:27,074 INFO  client.GrpcClientProtocolClient (GrpcClientProtocolClient.java:onNext(255)) - client-D83FC23EEBD8->4c571e18-69a3-4a6d-81de-e3e48052df18: receive RaftClientReply:client-D83FC23EEBD8->4c571e18-69a3-4a6d-81de-e3e48052df18@group-644576B5741B, cid=2653, SUCCESS, logIndex=3929, commits[4c571e18-69a3-4a6d-81de-e3e48052df18:c3929, 15893972-388e-43c0-9d6c-ca4c76ac06da:c3927, c86beb1c-9105-4588-b1e8-133030361c51:c3927]
2019-07-12 12:28:27,074 INFO  client.GrpcClientProtocolClient (GrpcClientProtocolClient.java:onNext(255)) - client-D83FC23EEBD8->4c571e18-69a3-4a6d-81de-e3e48052df18: receive RaftClientReply:client-D83FC23EEBD8->4c571e18-69a3-4a6d-81de-e3e48052df18@group-644576B5741B, cid=2654, SUCCESS, logIndex=3930, commits[4c571e18-69a3-4a6d-81de-e3e48052df18:c3931, 15893972-388e-43c0-9d6c-ca4c76ac06da:c3927, c86beb1c-9105-4588-b1e8-133030361c51:c3927]
2019-07-12 12:28:27,075 INFO  client.GrpcClientProtocolClient (GrpcClientProtocolClient.java:onNext(255)) - client-D83FC23EEBD8->4c571e18-69a3-4a6d-81de-e3e48052df18: receive RaftClientReply:client-D83FC23EEBD8->4c571e18-69a3-4a6d-81de-e3e48052df18@group-644576B5741B, cid=2655, SUCCESS, logIndex=3931, commits[4c571e18-69a3-4a6d-81de-e3e48052df18:c3931, 15893972-388e-43c0-9d6c-ca4c76ac06da:c3927, c86beb1c-9105-4588-b1e8-133030361c51:c3927]
2019-07-12 12:28:27,075 INFO  client.GrpcClientProtocolClient (GrpcClientProtocolClient.java:onNext(255)) - client-D83FC23EEBD8->4c571e18-69a3-4a6d-81de-e3e48052df18: receive RaftClientReply:client-D83FC23EEBD8->4c571e18-69a3-4a6d-81de-e3e48052df18@group-644576B5741B, cid=2656, SUCCESS, logIndex=0, commits[4c571e18-69a3-4a6d-81de-e3e48052df18:c3933, 15893972-388e-43c0-9d6c-ca4c76ac06da:c3929, c86beb1c-9105-4588-b1e8-133030361c51:c3929]
2019-07-12 12:28:27,095 INFO  client.GrpcClientProtocolClient (GrpcClientProtocolClient.java:onNext(255)) - client-D83FC23EEBD8->4c571e18-69a3-4a6d-81de-e3e48052df18: receive RaftClientReply:client-D83FC23EEBD8->4c571e18-69a3-4a6d-81de-e3e48052df18@group-644576B5741B, cid=2657, SUCCESS, logIndex=3936, commits[4c571e18-69a3-4a6d-81de-e3e48052df18:c3937, 15893972-388e-43c0-9d6c-ca4c76ac06da:c3935, c86beb1c-9105-4588-b1e8-133030361c51:c3935]
2019-07-12 12:28:27,095 INFO  client.GrpcClientProtocolClient (GrpcClientProtocolClient.java:onNext(255)) - client-D83FC23EEBD8->4c571e18-69a3-4a6d-81de-e3e48052df18: receive RaftClientReply:client-D83FC23EEBD8->4c571e18-69a3-4a6d-81de-e3e48052df18@group-644576B5741B, cid=2658, SUCCESS, logIndex=3937, commits[4c571e18-69a3-4a6d-81de-e3e48052df18:c3937, 15893972-388e-43c0-9d6c-ca4c76ac06da:c3935, c86beb1c-9105-4588-b1e8-133030361c51:c3935]
2019-07-12 12:28:27,109 INFO  client.GrpcClientProtocolClient (GrpcClientProtocolClient.java:onNext(255)) - client-D83FC23EEBD8->4c571e18-69a3-4a6d-81de-e3e48052df18: receive RaftClientReply:client-D83FC23EEBD8->4c571e18-69a3-4a6d-81de-e3e48052df18@group-644576B5741B, cid=2659, SUCCESS, logIndex=3940, commits[4c571e18-69a3-4a6d-81de-e3e48052df18:c3940, 15893972-388e-43c0-9d6c-ca4c76ac06da:c3937, c86beb1c-9105-4588-b1e8-133030361c51:c3937]
2019-07-12 12:28:27,109 INFO  client.GrpcClientProtocolClient (GrpcClientProtocolClient.java:onNext(255)) - client-D83FC23EEBD8->4c571e18-69a3-4a6d-81de-e3e48052df18: receive RaftClientReply:client-D83FC23EEBD8->4c571e18-69a3-4a6d-81de-e3e48052df18@group-644576B5741B, cid=2660, SUCCESS, logIndex=3941, commits[4c571e18-69a3-4a6d-81de-e3e48052df18:c3941, 15893972-388e-43c0-9d6c-ca4c76ac06da:c3937, c86beb1c-9105-4588-b1e8-133030361c51:c3937]
2019-07-12 12:28:27,121 INFO  client.GrpcClientProtocolClient (GrpcClientProtocolClient.java:onNext(255)) - client-D83FC23EEBD8->4c571e18-69a3-4a6d-81de-e3e48052df18: receive RaftClientReply:client-D83FC23EEBD8->4c571e18-69a3-4a6d-81de-e3e48052df18@group-644576B5741B, cid=2661, SUCCESS, logIndex=0, commits[4c571e18-69a3-4a6d-81de-e3e48052df18:c3943, 15893972-388e-43c0-9d6c-ca4c76ac06da:c3941, c86beb1c-9105-4588-b1e8-133030361c51:c3941]
2019-07-12 12:28:27,147 INFO  client.GrpcClientProtocolClient (GrpcClientProtocolClient.java:onNext(255)) - client-D83FC23EEBD8->4c571e18-69a3-4a6d-81de-e3e48052df18: receive RaftClientReply:client-D83FC23EEBD8->4c571e18-69a3-4a6d-81de-e3e48052df18@group-644576B5741B, cid=2662, SUCCESS, logIndex=3944, commits[4c571e18-69a3-4a6d-81de-e3e48052df18:c3947, 15893972-388e-43c0-9d6c-ca4c76ac06da:c3943, c86beb1c-9105-4588-b1e8-133030361c51:c3943]
2019-07-12 12:28:27,147 INFO  client.GrpcClientProtocolClient (GrpcClientProtocolClient.java:onNext(255)) - client-D83FC23EEBD8->4c571e18-69a3-4a6d-81de-e3e48052df18: receive RaftClientReply:client-D83FC23EEBD8->4c571e18-69a3-4a6d-81de-e3e48052df18@group-644576B5741B, cid=2663, SUCCESS, logIndex=3945, commits[4c571e18-69a3-4a6d-81de-e3e48052df18:c3947, 15893972-388e-43c0-9d6c-ca4c76ac06da:c3943, c86beb1c-9105-4588-b1e8-133030361c51:c3943]
2019-07-12 12:28:27,147 INFO  client.GrpcClientProtocolClient (GrpcClientProtocolClient.java:onNext(255)) - client-D83FC23EEBD8->4c571e18-69a3-4a6d-81de-e3e48052df18: receive RaftClientReply:client-D83FC23EEBD8->4c571e18-69a3-4a6d-81de-e3e48052df18@group-644576B5741B, cid=2664, SUCCESS, logIndex=3946, commits[4c571e18-69a3-4a6d-81de-e3e48052df18:c3947, 15893972-388e-43c0-9d6c-ca4c76ac06da:c3943, c86beb1c-9105-4588-b1e8-133030361c51:c3943]
2019-07-12 12:28:27,148 INFO  client.GrpcClientProtocolClient (GrpcClientProtocolClient.java:onNext(255)) - client-D83FC23EEBD8->4c571e18-69a3-4a6d-81de-e3e48052df18: receive RaftClientReply:client-D83FC23EEBD8->4c571e18-69a3-4a6d-81de-e3e48052df18@group-644576B5741B, cid=2665, SUCCESS, logIndex=3947, commits[4c571e18-69a3-4a6d-81de-e3e48052df18:c3947, 15893972-388e-43c0-9d6c-ca4c76ac06da:c3943, c86beb1c-9105-4588-b1e8-133030361c51:c3943]
2019-07-12 12:28:27,149 INFO  client.GrpcClientProtocolClient (GrpcClientProtocolClient.java:onNext(255)) - client-D83FC23EEBD8->4c571e18-69a3-4a6d-81de-e3e48052df18: receive RaftClientReply:client-D83FC23EEBD8->4c571e18-69a3-4a6d-81de-e3e48052df18@group-644576B5741B, cid=2666, SUCCESS, logIndex=0, commits[4c571e18-69a3-4a6d-81de-e3e48052df18:c3948, 15893972-388e-43c0-9d6c-ca4c76ac06da:c3945, c86beb1c-9105-4588-b1e8-133030361c51:c3945]
2019-07-12 12:28:27,168 INFO  client.GrpcClientProtocolClient (GrpcClientProtocolClient.java:onNext(255)) - client-D83FC23EEBD8->4c571e18-69a3-4a6d-81de-e3e48052df18: receive RaftClientReply:client-D83FC23EEBD8->4c571e18-69a3-4a6d-81de-e3e48052df18@group-644576B5741B, cid=2667, SUCCESS, logIndex=3952, commits[4c571e18-69a3-4a6d-81de-e3e48052df18:c3953, 15893972-388e-43c0-9d6c-ca4c76ac06da:c3951, c86beb1c-9105-4588-b1e8-133030361c51:c3951]
2019-07-12 12:28:27,169 INFO  client.GrpcClientProtocolClient (GrpcClientProtocolClient.java:onNext(255)) - client-D83FC23EEBD8->4c571e18-69a3-4a6d-81de-e3e48052df18: receive RaftClientReply:client-D83FC23EEBD8->4c571e18-69a3-4a6d-81de-e3e48052df18@group-644576B5741B, cid=2668, SUCCESS, logIndex=3953, commits[4c571e18-69a3-4a6d-81de-e3e48052df18:c3953, 15893972-388e-43c0-9d6c-ca4c76ac06da:c3951, c86beb1c-9105-4588-b1e8-133030361c51:c3951]
2019-07-12 12:28:27,182 INFO  client.GrpcClientProtocolClient (GrpcClientProtocolClient.java:onNext(255)) - client-D83FC23EEBD8->4c571e18-69a3-4a6d-81de-e3e48052df18: receive RaftClientReply:client-D83FC23EEBD8->4c571e18-69a3-4a6d-81de-e3e48052df18@group-644576B5741B, cid=2669, SUCCESS, logIndex=3956, commits[4c571e18-69a3-4a6d-81de-e3e48052df18:c3956, 15893972-388e-43c0-9d6c-ca4c76ac06da:c3953, c86beb1c-9105-4588-b1e8-133030361c51:c3953]
2019-07-12 12:28:27,182 INFO  client.GrpcClientProtocolClient (GrpcClientProtocolClient.java:onNext(255)) - client-D83FC23EEBD8->4c571e18-69a3-4a6d-81de-e3e48052df18: receive RaftClientReply:client-D83FC23EEBD8->4c571e18-69a3-4a6d-81de-e3e48052df18@group-644576B5741B, cid=2670, SUCCESS, logIndex=3957, commits[4c571e18-69a3-4a6d-81de-e3e48052df18:c3957, 15893972-388e-43c0-9d6c-ca4c76ac06da:c3953, c86beb1c-9105-4588-b1e8-133030361c51:c3953]
2019-07-12 12:28:27,194 INFO  client.GrpcClientProtocolClient (GrpcClientProtocolClient.java:onNext(255)) - client-D83FC23EEBD8->4c571e18-69a3-4a6d-81de-e3e48052df18: receive RaftClientReply:client-D83FC23EEBD8->4c571e18-69a3-4a6d-81de-e3e48052df18@group-644576B5741B, cid=2671, SUCCESS, logIndex=0, commits[4c571e18-69a3-4a6d-81de-e3e48052df18:c3959, 15893972-388e-43c0-9d6c-ca4c76ac06da:c3957, c86beb1c-9105-4588-b1e8-133030361c51:c3957]
2019-07-12 12:28:27,219 INFO  client.GrpcClientProtocolClient (GrpcClientProtocolClient.java:onNext(255)) - client-D83FC23EEBD8->4c571e18-69a3-4a6d-81de-e3e48052df18: receive RaftClientReply:client-D83FC23EEBD8->4c571e18-69a3-4a6d-81de-e3e48052df18@group-644576B5741B, cid=2672, SUCCESS, logIndex=3960, commits[4c571e18-69a3-4a6d-81de-e3e48052df18:c3961, 15893972-388e-43c0-9d6c-ca4c76ac06da:c3959, c86beb1c-9105-4588-b1e8-133030361c51:c3959]
2019-07-12 12:28:27,220 INFO  client.GrpcClientProtocolClient (GrpcClientProtocolClient.java:onNext(255)) - client-D83FC23EEBD8->4c571e18-69a3-4a6d-81de-e3e48052df18: receive RaftClientReply:client-D83FC23EEBD8->4c571e18-69a3-4a6d-81de-e3e48052df18@group-644576B5741B, cid=2673, SUCCESS, logIndex=3961, commits[4c571e18-69a3-4a6d-81de-e3e48052df18:c3963, 15893972-388e-43c0-9d6c-ca4c76ac06da:c3959, c86beb1c-9105-4588-b1e8-133030361c51:c3959]
2019-07-12 12:28:27,220 INFO  client.GrpcClientProtocolClient (GrpcClientProtocolClient.java:onNext(255)) - client-D83FC23EEBD8->4c571e18-69a3-4a6d-81de-e3e48052df18: receive RaftClientReply:client-D83FC23EEBD8->4c571e18-69a3-4a6d-81de-e3e48052df18@group-644576B5741B, cid=2674, SUCCESS, logIndex=3962, commits[4c571e18-69a3-4a6d-81de-e3e48052df18:c3963, 15893972-388e-43c0-9d6c-ca4c76ac06da:c3959, c86beb1c-9105-4588-b1e8-133030361c51:c3959]
2019-07-12 12:28:27,220 INFO  client.GrpcClientProtocolClient (GrpcClientProtocolClient.java:onNext(255)) - client-D83FC23EEBD8->4c571e18-69a3-4a6d-81de-e3e48052df18: receive RaftClientReply:client-D83FC23EEBD8->4c571e18-69a3-4a6d-81de-e3e48052df18@group-644576B5741B, cid=2675, SUCCESS, logIndex=3963, commits[4c571e18-69a3-4a6d-81de-e3e48052df18:c3963, 15893972-388e-43c0-9d6c-ca4c76ac06da:c3959, c86beb1c-9105-4588-b1e8-133030361c51:c3959]
2019-07-12 12:28:27,222 INFO  client.GrpcClientProtocolClient (GrpcClientProtocolClient.java:onNext(255)) - client-D83FC23EEBD8->4c571e18-69a3-4a6d-81de-e3e48052df18: receive RaftClientReply:client-D83FC23EEBD8->4c571e18-69a3-4a6d-81de-e3e48052df18@group-644576B5741B, cid=2676, SUCCESS, logIndex=0, commits[4c571e18-69a3-4a6d-81de-e3e48052df18:c3964, 15893972-388e-43c0-9d6c-ca4c76ac06da:c3961, c86beb1c-9105-4588-b1e8-133030361c51:c3961]
2019-07-12 12:28:27,252 INFO  client.GrpcClientProtocolClient (GrpcClientProtocolClient.java:onNext(255)) - client-D83FC23EEBD8->4c571e18-69a3-4a6d-81de-e3e48052df18: receive RaftClientReply:client-D83FC23EEBD8->4c571e18-69a3-4a6d-81de-e3e48052df18@group-644576B5741B, cid=2677, SUCCESS, logIndex=3967, commits[4c571e18-69a3-4a6d-81de-e3e48052df18:c3968, 15893972-388e-43c0-9d6c-ca4c76ac06da:c3966, c86beb1c-9105-4588-b1e8-133030361c51:c3966]
2019-07-12 12:28:27,253 INFO  client.GrpcClientProtocolClient (GrpcClientProtocolClient.java:onNext(255)) - client-D83FC23EEBD8->4c571e18-69a3-4a6d-81de-e3e48052df18: receive RaftClientReply:client-D83FC23EEBD8->4c571e18-69a3-4a6d-81de-e3e48052df18@group-644576B5741B, cid=2678, SUCCESS, logIndex=3968, commits[4c571e18-69a3-4a6d-81de-e3e48052df18:c3968, 15893972-388e-43c0-9d6c-ca4c76ac06da:c3966, c86beb1c-9105-4588-b1e8-133030361c51:c3966]
2019-07-12 12:28:27,266 INFO  client.GrpcClientProtocolClient (GrpcClientProtocolClient.java:onNext(255)) - client-D83FC23EEBD8->4c571e18-69a3-4a6d-81de-e3e48052df18: receive RaftClientReply:client-D83FC23EEBD8->4c571e18-69a3-4a6d-81de-e3e48052df18@group-644576B5741B, cid=2679, SUCCESS, logIndex=3971, commits[4c571e18-69a3-4a6d-81de-e3e48052df18:c3972, 15893972-388e-43c0-9d6c-ca4c76ac06da:c3968, c86beb1c-9105-4588-b1e8-133030361c51:c3968]
2019-07-12 12:28:27,267 INFO  client.GrpcClientProtocolClient (GrpcClientProtocolClient.java:onNext(255)) - client-D83FC23EEBD8->4c571e18-69a3-4a6d-81de-e3e48052df18: receive RaftClientReply:client-D83FC23EEBD8->4c571e18-69a3-4a6d-81de-e3e48052df18@group-644576B5741B, cid=2680, SUCCESS, logIndex=3972, commits[4c571e18-69a3-4a6d-81de-e3e48052df18:c3972, 15893972-388e-43c0-9d6c-ca4c76ac06da:c3968, c86beb1c-9105-4588-b1e8-133030361c51:c3968]
2019-07-12 12:28:27,283 INFO  client.GrpcClientProtocolClient (GrpcClientProtocolClient.java:onNext(255)) - client-D83FC23EEBD8->4c571e18-69a3-4a6d-81de-e3e48052df18: receive RaftClientReply:client-D83FC23EEBD8->4c571e18-69a3-4a6d-81de-e3e48052df18@group-644576B5741B, cid=2681, SUCCESS, logIndex=0, commits[4c571e18-69a3-4a6d-81de-e3e48052df18:c3974, 15893972-388e-43c0-9d6c-ca4c76ac06da:c3972, c86beb1c-9105-4588-b1e8-133030361c51:c3972]
2019-07-12 12:28:27,312 INFO  client.GrpcClientProtocolClient (GrpcClientProtocolClient.java:onNext(255)) - client-D83FC23EEBD8->4c571e18-69a3-4a6d-81de-e3e48052df18: receive RaftClientReply:client-D83FC23EEBD8->4c571e18-69a3-4a6d-81de-e3e48052df18@group-644576B5741B, cid=2682, SUCCESS, logIndex=3975, commits[4c571e18-69a3-4a6d-81de-e3e48052df18:c3977, 15893972-388e-43c0-9d6c-ca4c76ac06da:c3974, c86beb1c-9105-4588-b1e8-133030361c51:c3974]
2019-07-12 12:28:27,312 INFO  client.GrpcClientProtocolClient (GrpcClientProtocolClient.java:onNext(255)) - client-D83FC23EEBD8->4c571e18-69a3-4a6d-81de-e3e48052df18: receive RaftClientReply:client-D83FC23EEBD8->4c571e18-69a3-4a6d-81de-e3e48052df18@group-644576B5741B, cid=2683, SUCCESS, logIndex=3976, commits[4c571e18-69a3-4a6d-81de-e3e48052df18:c3978, 15893972-388e-43c0-9d6c-ca4c76ac06da:c3974, c86beb1c-9105-4588-b1e8-133030361c51:c3974]
2019-07-12 12:28:27,312 INFO  client.GrpcClientProtocolClient (GrpcClientProtocolClient.java:onNext(255)) - client-D83FC23EEBD8->4c571e18-69a3-4a6d-81de-e3e48052df18: receive RaftClientReply:client-D83FC23EEBD8->4c571e18-69a3-4a6d-81de-e3e48052df18@group-644576B5741B, cid=2684, SUCCESS, logIndex=3977, commits[4c571e18-69a3-4a6d-81de-e3e48052df18:c3978, 15893972-388e-43c0-9d6c-ca4c76ac06da:c3974, c86beb1c-9105-4588-b1e8-133030361c51:c3974]
2019-07-12 12:28:27,312 INFO  client.GrpcClientProtocolClient (GrpcClientProtocolClient.java:onNext(255)) - client-D83FC23EEBD8->4c571e18-69a3-4a6d-81de-e3e48052df18: receive RaftClientReply:client-D83FC23EEBD8->4c571e18-69a3-4a6d-81de-e3e48052df18@group-644576B5741B, cid=2685, SUCCESS, logIndex=3978, commits[4c571e18-69a3-4a6d-81de-e3e48052df18:c3978, 15893972-388e-43c0-9d6c-ca4c76ac06da:c3974, c86beb1c-9105-4588-b1e8-133030361c51:c3974]
2019-07-12 12:28:27,313 INFO  client.GrpcClientProtocolClient (GrpcClientProtocolClient.java:onNext(255)) - client-D83FC23EEBD8->4c571e18-69a3-4a6d-81de-e3e48052df18: receive RaftClientReply:client-D83FC23EEBD8->4c571e18-69a3-4a6d-81de-e3e48052df18@group-644576B5741B, cid=2686, SUCCESS, logIndex=0, commits[4c571e18-69a3-4a6d-81de-e3e48052df18:c3981, 15893972-388e-43c0-9d6c-ca4c76ac06da:c3977, c86beb1c-9105-4588-b1e8-133030361c51:c3976]
2019-07-12 12:28:27,333 INFO  client.GrpcClientProtocolClient (GrpcClientProtocolClient.java:onNext(255)) - client-D83FC23EEBD8->4c571e18-69a3-4a6d-81de-e3e48052df18: receive RaftClientReply:client-D83FC23EEBD8->4c571e18-69a3-4a6d-81de-e3e48052df18@group-644576B5741B, cid=2687, SUCCESS, logIndex=3983, commits[4c571e18-69a3-4a6d-81de-e3e48052df18:c3984, 15893972-388e-43c0-9d6c-ca4c76ac06da:c3982, c86beb1c-9105-4588-b1e8-133030361c51:c3982]
2019-07-12 12:28:27,334 INFO  client.GrpcClientProtocolClient (GrpcClientProtocolClient.java:onNext(255)) - client-D83FC23EEBD8->4c571e18-69a3-4a6d-81de-e3e48052df18: receive RaftClientReply:client-D83FC23EEBD8->4c571e18-69a3-4a6d-81de-e3e48052df18@group-644576B5741B, cid=2688, SUCCESS, logIndex=3984, commits[4c571e18-69a3-4a6d-81de-e3e48052df18:c3984, 15893972-388e-43c0-9d6c-ca4c76ac06da:c3982, c86beb1c-9105-4588-b1e8-133030361c51:c3982]
2019-07-12 12:28:27,433 INFO  client.GrpcClientProtocolClient (GrpcClientProtocolClient.java:onNext(255)) - client-D83FC23EEBD8->4c571e18-69a3-4a6d-81de-e3e48052df18: receive RaftClientReply:client-D83FC23EEBD8->4c571e18-69a3-4a6d-81de-e3e48052df18@group-644576B5741B, cid=2689, SUCCESS, logIndex=3987, commits[4c571e18-69a3-4a6d-81de-e3e48052df18:c3988, 15893972-388e-43c0-9d6c-ca4c76ac06da:c3985, c86beb1c-9105-4588-b1e8-133030361c51:c3985]
2019-07-12 12:28:27,434 INFO  client.GrpcClientProtocolClient (GrpcClientProtocolClient.java:onNext(255)) - client-D83FC23EEBD8->4c571e18-69a3-4a6d-81de-e3e48052df18: receive RaftClientReply:client-D83FC23EEBD8->4c571e18-69a3-4a6d-81de-e3e48052df18@group-644576B5741B, cid=2690, SUCCESS, logIndex=3988, commits[4c571e18-69a3-4a6d-81de-e3e48052df18:c3988, 15893972-388e-43c0-9d6c-ca4c76ac06da:c3985, c86beb1c-9105-4588-b1e8-133030361c51:c3985]
2019-07-12 12:28:27,446 INFO  client.GrpcClientProtocolClient (GrpcClientProtocolClient.java:onNext(255)) - client-D83FC23EEBD8->4c571e18-69a3-4a6d-81de-e3e48052df18: receive RaftClientReply:client-D83FC23EEBD8->4c571e18-69a3-4a6d-81de-e3e48052df18@group-644576B5741B, cid=2691, SUCCESS, logIndex=0, commits[4c571e18-69a3-4a6d-81de-e3e48052df18:c3990, 15893972-388e-43c0-9d6c-ca4c76ac06da:c3988, c86beb1c-9105-4588-b1e8-133030361c51:c3988]
2019-07-12 12:28:27,472 INFO  client.GrpcClientProtocolClient (GrpcClientProtocolClient.java:onNext(255)) - client-D83FC23EEBD8->4c571e18-69a3-4a6d-81de-e3e48052df18: receive RaftClientReply:client-D83FC23EEBD8->4c571e18-69a3-4a6d-81de-e3e48052df18@group-644576B5741B, cid=2692, SUCCESS, logIndex=3991, commits[4c571e18-69a3-4a6d-81de-e3e48052df18:c3994, 15893972-388e-43c0-9d6c-ca4c76ac06da:c3990, c86beb1c-9105-4588-b1e8-133030361c51:c3990]
2019-07-12 12:28:27,472 INFO  client.GrpcClientProtocolClient (GrpcClientProtocolClient.java:onNext(255)) - client-D83FC23EEBD8->4c571e18-69a3-4a6d-81de-e3e48052df18: receive RaftClientReply:client-D83FC23EEBD8->4c571e18-69a3-4a6d-81de-e3e48052df18@group-644576B5741B, cid=2693, SUCCESS, logIndex=3992, commits[4c571e18-69a3-4a6d-81de-e3e48052df18:c3994, 15893972-388e-43c0-9d6c-ca4c76ac06da:c3990, c86beb1c-9105-4588-b1e8-133030361c51:c3990]
2019-07-12 12:28:27,473 INFO  client.GrpcClientProtocolClient (GrpcClientProtocolClient.java:onNext(255)) - client-D83FC23EEBD8->4c571e18-69a3-4a6d-81de-e3e48052df18: receive RaftClientReply:client-D83FC23EEBD8->4c571e18-69a3-4a6d-81de-e3e48052df18@group-644576B5741B, cid=2694, SUCCESS, logIndex=3993, commits[4c571e18-69a3-4a6d-81de-e3e48052df18:c3994, 15893972-388e-43c0-9d6c-ca4c76ac06da:c3990, c86beb1c-9105-4588-b1e8-133030361c51:c3990]
2019-07-12 12:28:27,473 INFO  client.GrpcClientProtocolClient (GrpcClientProtocolClient.java:onNext(255)) - client-D83FC23EEBD8->4c571e18-69a3-4a6d-81de-e3e48052df18: receive RaftClientReply:client-D83FC23EEBD8->4c571e18-69a3-4a6d-81de-e3e48052df18@group-644576B5741B, cid=2695, SUCCESS, logIndex=3994, commits[4c571e18-69a3-4a6d-81de-e3e48052df18:c3994, 15893972-388e-43c0-9d6c-ca4c76ac06da:c3990, c86beb1c-9105-4588-b1e8-133030361c51:c3990]
2019-07-12 12:28:27,475 INFO  client.GrpcClientProtocolClient (GrpcClientProtocolClient.java:onNext(255)) - client-D83FC23EEBD8->4c571e18-69a3-4a6d-81de-e3e48052df18: receive RaftClientReply:client-D83FC23EEBD8->4c571e18-69a3-4a6d-81de-e3e48052df18@group-644576B5741B, cid=2696, SUCCESS, logIndex=0, commits[4c571e18-69a3-4a6d-81de-e3e48052df18:c3998, 15893972-388e-43c0-9d6c-ca4c76ac06da:c3992, c86beb1c-9105-4588-b1e8-133030361c51:c3994]
2019-07-12 12:28:27,512 INFO  client.GrpcClientProtocolClient (GrpcClientProtocolClient.java:onNext(255)) - client-D83FC23EEBD8->4c571e18-69a3-4a6d-81de-e3e48052df18: receive RaftClientReply:client-D83FC23EEBD8->4c571e18-69a3-4a6d-81de-e3e48052df18@group-644576B5741B, cid=2697, SUCCESS, logIndex=3999, commits[4c571e18-69a3-4a6d-81de-e3e48052df18:c4000, 15893972-388e-43c0-9d6c-ca4c76ac06da:c3998, c86beb1c-9105-4588-b1e8-133030361c51:c3998]
2019-07-12 12:28:27,512 INFO  client.GrpcClientProtocolClient (GrpcClientProtocolClient.java:onNext(255)) - client-D83FC23EEBD8->4c571e18-69a3-4a6d-81de-e3e48052df18: receive RaftClientReply:client-D83FC23EEBD8->4c571e18-69a3-4a6d-81de-e3e48052df18@group-644576B5741B, cid=2698, SUCCESS, logIndex=4000, commits[4c571e18-69a3-4a6d-81de-e3e48052df18:c4000, 15893972-388e-43c0-9d6c-ca4c76ac06da:c3998, c86beb1c-9105-4588-b1e8-133030361c51:c3998]
2019-07-12 12:28:27,525 INFO  client.GrpcClientProtocolClient (GrpcClientProtocolClient.java:onNext(255)) - client-D83FC23EEBD8->4c571e18-69a3-4a6d-81de-e3e48052df18: receive RaftClientReply:client-D83FC23EEBD8->4c571e18-69a3-4a6d-81de-e3e48052df18@group-644576B5741B, cid=2699, SUCCESS, logIndex=4003, commits[4c571e18-69a3-4a6d-81de-e3e48052df18:c4004, 15893972-388e-43c0-9d6c-ca4c76ac06da:c4000, c86beb1c-9105-4588-b1e8-133030361c51:c4000]
2019-07-12 12:28:27,525 INFO  client.GrpcClientProtocolClient (GrpcClientProtocolClient.java:onNext(255)) - client-D83FC23EEBD8->4c571e18-69a3-4a6d-81de-e3e48052df18: receive RaftClientReply:client-D83FC23EEBD8->4c571e18-69a3-4a6d-81de-e3e48052df18@group-644576B5741B, cid=2700, SUCCESS, logIndex=4004, commits[4c571e18-69a3-4a6d-81de-e3e48052df18:c4004, 15893972-388e-43c0-9d6c-ca4c76ac06da:c4000, c86beb1c-9105-4588-b1e8-133030361c51:c4000]
2019-07-12 12:28:27,537 INFO  client.GrpcClientProtocolClient (GrpcClientProtocolClient.java:onNext(255)) - client-D83FC23EEBD8->4c571e18-69a3-4a6d-81de-e3e48052df18: receive RaftClientReply:client-D83FC23EEBD8->4c571e18-69a3-4a6d-81de-e3e48052df18@group-644576B5741B, cid=2701, SUCCESS, logIndex=0, commits[4c571e18-69a3-4a6d-81de-e3e48052df18:c4005, 15893972-388e-43c0-9d6c-ca4c76ac06da:c4004, c86beb1c-9105-4588-b1e8-133030361c51:c4004]
2019-07-12 12:28:27,563 INFO  client.GrpcClientProtocolClient (GrpcClientProtocolClient.java:onNext(255)) - client-D83FC23EEBD8->4c571e18-69a3-4a6d-81de-e3e48052df18: receive RaftClientReply:client-D83FC23EEBD8->4c571e18-69a3-4a6d-81de-e3e48052df18@group-644576B5741B, cid=2702, SUCCESS, logIndex=4007, commits[4c571e18-69a3-4a6d-81de-e3e48052df18:c4010, 15893972-388e-43c0-9d6c-ca4c76ac06da:c4006, c86beb1c-9105-4588-b1e8-133030361c51:c4006]
2019-07-12 12:28:27,564 INFO  client.GrpcClientProtocolClient (GrpcClientProtocolClient.java:onNext(255)) - client-D83FC23EEBD8->4c571e18-69a3-4a6d-81de-e3e48052df18: receive RaftClientReply:client-D83FC23EEBD8->4c571e18-69a3-4a6d-81de-e3e48052df18@group-644576B5741B, cid=2703, SUCCESS, logIndex=4008, commits[4c571e18-69a3-4a6d-81de-e3e48052df18:c4010, 15893972-388e-43c0-9d6c-ca4c76ac06da:c4006, c86beb1c-9105-4588-b1e8-133030361c51:c4006]
2019-07-12 12:28:27,564 INFO  client.GrpcClientProtocolClient (GrpcClientProtocolClient.java:onNext(255)) - client-D83FC23EEBD8->4c571e18-69a3-4a6d-81de-e3e48052df18: receive RaftClientReply:client-D83FC23EEBD8->4c571e18-69a3-4a6d-81de-e3e48052df18@group-644576B5741B, cid=2704, SUCCESS, logIndex=4009, commits[4c571e18-69a3-4a6d-81de-e3e48052df18:c4010, 15893972-388e-43c0-9d6c-ca4c76ac06da:c4006, c86beb1c-9105-4588-b1e8-133030361c51:c4006]
2019-07-12 12:28:27,564 INFO  client.GrpcClientProtocolClient (GrpcClientProtocolClient.java:onNext(255)) - client-D83FC23EEBD8->4c571e18-69a3-4a6d-81de-e3e48052df18: receive RaftClientReply:client-D83FC23EEBD8->4c571e18-69a3-4a6d-81de-e3e48052df18@group-644576B5741B, cid=2705, SUCCESS, logIndex=4010, commits[4c571e18-69a3-4a6d-81de-e3e48052df18:c4010, 15893972-388e-43c0-9d6c-ca4c76ac06da:c4006, c86beb1c-9105-4588-b1e8-133030361c51:c4006]
2019-07-12 12:28:27,565 INFO  client.GrpcClientProtocolClient (GrpcClientProtocolClient.java:onNext(255)) - client-D83FC23EEBD8->4c571e18-69a3-4a6d-81de-e3e48052df18: receive RaftClientReply:client-D83FC23EEBD8->4c571e18-69a3-4a6d-81de-e3e48052df18@group-644576B5741B, cid=2706, SUCCESS, logIndex=0, commits[4c571e18-69a3-4a6d-81de-e3e48052df18:c4011, 15893972-388e-43c0-9d6c-ca4c76ac06da:c4008, c86beb1c-9105-4588-b1e8-133030361c51:c4008]
2019-07-12 12:28:27,583 INFO  client.GrpcClientProtocolClient (GrpcClientProtocolClient.java:onNext(255)) - client-D83FC23EEBD8->4c571e18-69a3-4a6d-81de-e3e48052df18: receive RaftClientReply:client-D83FC23EEBD8->4c571e18-69a3-4a6d-81de-e3e48052df18@group-644576B5741B, cid=2707, SUCCESS, logIndex=4015, commits[4c571e18-69a3-4a6d-81de-e3e48052df18:c4016, 15893972-388e-43c0-9d6c-ca4c76ac06da:c4014, c86beb1c-9105-4588-b1e8-133030361c51:c4014]
2019-07-12 12:28:27,583 INFO  client.GrpcClientProtocolClient (GrpcClientProtocolClient.java:onNext(255)) - client-D83FC23EEBD8->4c571e18-69a3-4a6d-81de-e3e48052df18: receive RaftClientReply:client-D83FC23EEBD8->4c571e18-69a3-4a6d-81de-e3e48052df18@group-644576B5741B, cid=2708, SUCCESS, logIndex=4016, commits[4c571e18-69a3-4a6d-81de-e3e48052df18:c4016, 15893972-388e-43c0-9d6c-ca4c76ac06da:c4014, c86beb1c-9105-4588-b1e8-133030361c51:c4014]
2019-07-12 12:28:27,596 INFO  client.GrpcClientProtocolClient (GrpcClientProtocolClient.java:onNext(255)) - client-D83FC23EEBD8->4c571e18-69a3-4a6d-81de-e3e48052df18: receive RaftClientReply:client-D83FC23EEBD8->4c571e18-69a3-4a6d-81de-e3e48052df18@group-644576B5741B, cid=2709, SUCCESS, logIndex=4019, commits[4c571e18-69a3-4a6d-81de-e3e48052df18:c4019, 15893972-388e-43c0-9d6c-ca4c76ac06da:c4016, c86beb1c-9105-4588-b1e8-133030361c51:c4016]
2019-07-12 12:28:27,597 INFO  client.GrpcClientProtocolClient (GrpcClientProtocolClient.java:onNext(255)) - client-D83FC23EEBD8->4c571e18-69a3-4a6d-81de-e3e48052df18: receive RaftClientReply:client-D83FC23EEBD8->4c571e18-69a3-4a6d-81de-e3e48052df18@group-644576B5741B, cid=2710, SUCCESS, logIndex=4020, commits[4c571e18-69a3-4a6d-81de-e3e48052df18:c4020, 15893972-388e-43c0-9d6c-ca4c76ac06da:c4016, c86beb1c-9105-4588-b1e8-133030361c51:c4016]
2019-07-12 12:28:27,599 INFO  client.GrpcClientProtocolClient (GrpcClientProtocolClient.java:onNext(255)) - client-D83FC23EEBD8->4c571e18-69a3-4a6d-81de-e3e48052df18: receive RaftClientReply:client-D83FC23EEBD8->4c571e18-69a3-4a6d-81de-e3e48052df18@group-644576B5741B, cid=2711, SUCCESS, logIndex=0, commits[4c571e18-69a3-4a6d-81de-e3e48052df18:c4022, 15893972-388e-43c0-9d6c-ca4c76ac06da:c4020, c86beb1c-9105-4588-b1e8-133030361c51:c4020]
 0.00% |█                                                                                                    |  0/1 Time: 0:00:192019-07-12 12:28:27,630 INFO  client.GrpcClientProtocolClient (GrpcClientProtocolClient.java:onNext(255)) - client-D83FC23EEBD8->4c571e18-69a3-4a6d-81de-e3e48052df18: receive RaftClientReply:client-D83FC23EEBD8->4c571e18-69a3-4a6d-81de-e3e48052df18@group-644576B5741B, cid=2712, SUCCESS, logIndex=4023, commits[4c571e18-69a3-4a6d-81de-e3e48052df18:c4026, 15893972-388e-43c0-9d6c-ca4c76ac06da:c4022, c86beb1c-9105-4588-b1e8-133030361c51:c4022]
2019-07-12 12:28:27,630 INFO  client.GrpcClientProtocolClient (GrpcClientProtocolClient.java:onNext(255)) - client-D83FC23EEBD8->4c571e18-69a3-4a6d-81de-e3e48052df18: receive RaftClientReply:client-D83FC23EEBD8->4c571e18-69a3-4a6d-81de-e3e48052df18@group-644576B5741B, cid=2713, SUCCESS, logIndex=4024, commits[4c571e18-69a3-4a6d-81de-e3e48052df18:c4026, 15893972-388e-43c0-9d6c-ca4c76ac06da:c4022, c86beb1c-9105-4588-b1e8-133030361c51:c4022]
2019-07-12 12:28:27,630 INFO  client.GrpcClientProtocolClient (GrpcClientProtocolClient.java:onNext(255)) - client-D83FC23EEBD8->4c571e18-69a3-4a6d-81de-e3e48052df18: receive RaftClientReply:client-D83FC23EEBD8->4c571e18-69a3-4a6d-81de-e3e48052df18@group-644576B5741B, cid=2714, SUCCESS, logIndex=4025, commits[4c571e18-69a3-4a6d-81de-e3e48052df18:c4026, 15893972-388e-43c0-9d6c-ca4c76ac06da:c4022, c86beb1c-9105-4588-b1e8-133030361c51:c4022]
2019-07-12 12:28:27,631 INFO  client.GrpcClientProtocolClient (GrpcClientProtocolClient.java:onNext(255)) - client-D83FC23EEBD8->4c571e18-69a3-4a6d-81de-e3e48052df18: receive RaftClientReply:client-D83FC23EEBD8->4c571e18-69a3-4a6d-81de-e3e48052df18@group-644576B5741B, cid=2715, SUCCESS, logIndex=4026, commits[4c571e18-69a3-4a6d-81de-e3e48052df18:c4026, 15893972-388e-43c0-9d6c-ca4c76ac06da:c4022, c86beb1c-9105-4588-b1e8-133030361c51:c4022]
2019-07-12 12:28:27,641 INFO  client.GrpcClientProtocolClient (GrpcClientProtocolClient.java:onNext(255)) - client-D83FC23EEBD8->4c571e18-69a3-4a6d-81de-e3e48052df18: receive RaftClientReply:client-D83FC23EEBD8->4c571e18-69a3-4a6d-81de-e3e48052df18@group-644576B5741B, cid=2716, SUCCESS, logIndex=0, commits[4c571e18-69a3-4a6d-81de-e3e48052df18:c4027, 15893972-388e-43c0-9d6c-ca4c76ac06da:c4025, c86beb1c-9105-4588-b1e8-133030361c51:c4025]
2019-07-12 12:28:27,659 INFO  client.GrpcClientProtocolClient (GrpcClientProtocolClient.java:onNext(255)) - client-D83FC23EEBD8->4c571e18-69a3-4a6d-81de-e3e48052df18: receive RaftClientReply:client-D83FC23EEBD8->4c571e18-69a3-4a6d-81de-e3e48052df18@group-644576B5741B, cid=2717, SUCCESS, logIndex=4029, commits[4c571e18-69a3-4a6d-81de-e3e48052df18:c4030, 15893972-388e-43c0-9d6c-ca4c76ac06da:c4028, c86beb1c-9105-4588-b1e8-133030361c51:c4028]
2019-07-12 12:28:27,660 INFO  client.GrpcClientProtocolClient (GrpcClientProtocolClient.java:onNext(255)) - client-D83FC23EEBD8->4c571e18-69a3-4a6d-81de-e3e48052df18: receive RaftClientReply:client-D83FC23EEBD8->4c571e18-69a3-4a6d-81de-e3e48052df18@group-644576B5741B, cid=2718, SUCCESS, logIndex=4030, commits[4c571e18-69a3-4a6d-81de-e3e48052df18:c4030, 15893972-388e-43c0-9d6c-ca4c76ac06da:c4028, c86beb1c-9105-4588-b1e8-133030361c51:c4028]
2019-07-12 12:28:27,673 INFO  client.GrpcClientProtocolClient (GrpcClientProtocolClient.java:onNext(255)) - client-D83FC23EEBD8->4c571e18-69a3-4a6d-81de-e3e48052df18: receive RaftClientReply:client-D83FC23EEBD8->4c571e18-69a3-4a6d-81de-e3e48052df18@group-644576B5741B, cid=2719, SUCCESS, logIndex=4033, commits[4c571e18-69a3-4a6d-81de-e3e48052df18:c4034, 15893972-388e-43c0-9d6c-ca4c76ac06da:c4030, c86beb1c-9105-4588-b1e8-133030361c51:c4030]
2019-07-12 12:28:27,673 INFO  client.GrpcClientProtocolClient (GrpcClientProtocolClient.java:onNext(255)) - client-D83FC23EEBD8->4c571e18-69a3-4a6d-81de-e3e48052df18: receive RaftClientReply:client-D83FC23EEBD8->4c571e18-69a3-4a6d-81de-e3e48052df18@group-644576B5741B, cid=2720, SUCCESS, logIndex=4034, commits[4c571e18-69a3-4a6d-81de-e3e48052df18:c4034, 15893972-388e-43c0-9d6c-ca4c76ac06da:c4030, c86beb1c-9105-4588-b1e8-133030361c51:c4030]
2019-07-12 12:28:27,686 INFO  client.GrpcClientProtocolClient (GrpcClientProtocolClient.java:onNext(255)) - client-D83FC23EEBD8->4c571e18-69a3-4a6d-81de-e3e48052df18: receive RaftClientReply:client-D83FC23EEBD8->4c571e18-69a3-4a6d-81de-e3e48052df18@group-644576B5741B, cid=2721, SUCCESS, logIndex=0, commits[4c571e18-69a3-4a6d-81de-e3e48052df18:c4035, 15893972-388e-43c0-9d6c-ca4c76ac06da:c4034, c86beb1c-9105-4588-b1e8-133030361c51:c4034]
2019-07-12 12:28:27,713 INFO  client.GrpcClientProtocolClient (GrpcClientProtocolClient.java:onNext(255)) - client-D83FC23EEBD8->4c571e18-69a3-4a6d-81de-e3e48052df18: receive RaftClientReply:client-D83FC23EEBD8->4c571e18-69a3-4a6d-81de-e3e48052df18@group-644576B5741B, cid=2722, SUCCESS, logIndex=4037, commits[4c571e18-69a3-4a6d-81de-e3e48052df18:c4039, 15893972-388e-43c0-9d6c-ca4c76ac06da:c4036, c86beb1c-9105-4588-b1e8-133030361c51:c4036]
2019-07-12 12:28:27,714 INFO  client.GrpcClientProtocolClient (GrpcClientProtocolClient.java:onNext(255)) - client-D83FC23EEBD8->4c571e18-69a3-4a6d-81de-e3e48052df18: receive RaftClientReply:client-D83FC23EEBD8->4c571e18-69a3-4a6d-81de-e3e48052df18@group-644576B5741B, cid=2723, SUCCESS, logIndex=4038, commits[4c571e18-69a3-4a6d-81de-e3e48052df18:c4040, 15893972-388e-43c0-9d6c-ca4c76ac06da:c4036, c86beb1c-9105-4588-b1e8-133030361c51:c4036]
2019-07-12 12:28:27,714 INFO  client.GrpcClientProtocolClient (GrpcClientProtocolClient.java:onNext(255)) - client-D83FC23EEBD8->4c571e18-69a3-4a6d-81de-e3e48052df18: receive RaftClientReply:client-D83FC23EEBD8->4c571e18-69a3-4a6d-81de-e3e48052df18@group-644576B5741B, cid=2724, SUCCESS, logIndex=4039, commits[4c571e18-69a3-4a6d-81de-e3e48052df18:c4040, 15893972-388e-43c0-9d6c-ca4c76ac06da:c4036, c86beb1c-9105-4588-b1e8-133030361c51:c4036]
2019-07-12 12:28:27,714 INFO  client.GrpcClientProtocolClient (GrpcClientProtocolClient.java:onNext(255)) - client-D83FC23EEBD8->4c571e18-69a3-4a6d-81de-e3e48052df18: receive RaftClientReply:client-D83FC23EEBD8->4c571e18-69a3-4a6d-81de-e3e48052df18@group-644576B5741B, cid=2725, SUCCESS, logIndex=4040, commits[4c571e18-69a3-4a6d-81de-e3e48052df18:c4040, 15893972-388e-43c0-9d6c-ca4c76ac06da:c4036, c86beb1c-9105-4588-b1e8-133030361c51:c4036]
2019-07-12 12:28:27,725 INFO  client.GrpcClientProtocolClient (GrpcClientProtocolClient.java:onNext(255)) - client-D83FC23EEBD8->4c571e18-69a3-4a6d-81de-e3e48052df18: receive RaftClientReply:client-D83FC23EEBD8->4c571e18-69a3-4a6d-81de-e3e48052df18@group-644576B5741B, cid=2726, SUCCESS, logIndex=0, commits[4c571e18-69a3-4a6d-81de-e3e48052df18:c4041, 15893972-388e-43c0-9d6c-ca4c76ac06da:c4038, c86beb1c-9105-4588-b1e8-133030361c51:c4038]
2019-07-12 12:28:27,756 INFO  client.GrpcClientProtocolClient (GrpcClientProtocolClient.java:onNext(255)) - client-D83FC23EEBD8->4c571e18-69a3-4a6d-81de-e3e48052df18: receive RaftClientReply:client-D83FC23EEBD8->4c571e18-69a3-4a6d-81de-e3e48052df18@group-644576B5741B, cid=2727, SUCCESS, logIndex=4045, commits[4c571e18-69a3-4a6d-81de-e3e48052df18:c4046, 15893972-388e-43c0-9d6c-ca4c76ac06da:c4044, c86beb1c-9105-4588-b1e8-133030361c51:c4044]
2019-07-12 12:28:27,757 INFO  client.GrpcClientProtocolClient (GrpcClientProtocolClient.java:onNext(255)) - client-D83FC23EEBD8->4c571e18-69a3-4a6d-81de-e3e48052df18: receive RaftClientReply:client-D83FC23EEBD8->4c571e18-69a3-4a6d-81de-e3e48052df18@group-644576B5741B, cid=2728, SUCCESS, logIndex=4046, commits[4c571e18-69a3-4a6d-81de-e3e48052df18:c4046, 15893972-388e-43c0-9d6c-ca4c76ac06da:c4044, c86beb1c-9105-4588-b1e8-133030361c51:c4044]
2019-07-12 12:28:27,766 INFO  client.GrpcClientProtocolClient (GrpcClientProtocolClient.java:onNext(255)) - client-D83FC23EEBD8->4c571e18-69a3-4a6d-81de-e3e48052df18: receive RaftClientReply:client-D83FC23EEBD8->4c571e18-69a3-4a6d-81de-e3e48052df18@group-644576B5741B, cid=2729, SUCCESS, logIndex=4049, commits[4c571e18-69a3-4a6d-81de-e3e48052df18:c4050, 15893972-388e-43c0-9d6c-ca4c76ac06da:c4046, c86beb1c-9105-4588-b1e8-133030361c51:c4046]
2019-07-12 12:28:27,767 INFO  client.GrpcClientProtocolClient (GrpcClientProtocolClient.java:onNext(255)) - client-D83FC23EEBD8->4c571e18-69a3-4a6d-81de-e3e48052df18: receive RaftClientReply:client-D83FC23EEBD8->4c571e18-69a3-4a6d-81de-e3e48052df18@group-644576B5741B, cid=2730, SUCCESS, logIndex=4050, commits[4c571e18-69a3-4a6d-81de-e3e48052df18:c4050, 15893972-388e-43c0-9d6c-ca4c76ac06da:c4046, c86beb1c-9105-4588-b1e8-133030361c51:c4046]
2019-07-12 12:28:27,768 INFO  client.GrpcClientProtocolClient (GrpcClientProtocolClient.java:onNext(255)) - client-D83FC23EEBD8->4c571e18-69a3-4a6d-81de-e3e48052df18: receive RaftClientReply:client-D83FC23EEBD8->4c571e18-69a3-4a6d-81de-e3e48052df18@group-644576B5741B, cid=2731, SUCCESS, logIndex=0, commits[4c571e18-69a3-4a6d-81de-e3e48052df18:c4052, 15893972-388e-43c0-9d6c-ca4c76ac06da:c4050, c86beb1c-9105-4588-b1e8-133030361c51:c4050]
2019-07-12 12:28:27,795 INFO  client.GrpcClientProtocolClient (GrpcClientProtocolClient.java:onNext(255)) - client-D83FC23EEBD8->4c571e18-69a3-4a6d-81de-e3e48052df18: receive RaftClientReply:client-D83FC23EEBD8->4c571e18-69a3-4a6d-81de-e3e48052df18@group-644576B5741B, cid=2732, SUCCESS, logIndex=4053, commits[4c571e18-69a3-4a6d-81de-e3e48052df18:c4054, 15893972-388e-43c0-9d6c-ca4c76ac06da:c4052, c86beb1c-9105-4588-b1e8-133030361c51:c4052]
2019-07-12 12:28:27,797 INFO  client.GrpcClientProtocolClient (GrpcClientProtocolClient.java:onNext(255)) - client-D83FC23EEBD8->4c571e18-69a3-4a6d-81de-e3e48052df18: receive RaftClientReply:client-D83FC23EEBD8->4c571e18-69a3-4a6d-81de-e3e48052df18@group-644576B5741B, cid=2733, SUCCESS, logIndex=4054, commits[4c571e18-69a3-4a6d-81de-e3e48052df18:c4056, 15893972-388e-43c0-9d6c-ca4c76ac06da:c4052, c86beb1c-9105-4588-b1e8-133030361c51:c4052]
2019-07-12 12:28:27,798 INFO  client.GrpcClientProtocolClient (GrpcClientProtocolClient.java:onNext(255)) - client-D83FC23EEBD8->4c571e18-69a3-4a6d-81de-e3e48052df18: receive RaftClientReply:client-D83FC23EEBD8->4c571e18-69a3-4a6d-81de-e3e48052df18@group-644576B5741B, cid=2734, SUCCESS, logIndex=4055, commits[4c571e18-69a3-4a6d-81de-e3e48052df18:c4056, 15893972-388e-43c0-9d6c-ca4c76ac06da:c4052, c86beb1c-9105-4588-b1e8-133030361c51:c4052]
2019-07-12 12:28:27,798 INFO  client.GrpcClientProtocolClient (GrpcClientProtocolClient.java:onNext(255)) - client-D83FC23EEBD8->4c571e18-69a3-4a6d-81de-e3e48052df18: receive RaftClientReply:client-D83FC23EEBD8->4c571e18-69a3-4a6d-81de-e3e48052df18@group-644576B5741B, cid=2735, SUCCESS, logIndex=4056, commits[4c571e18-69a3-4a6d-81de-e3e48052df18:c4058, 15893972-388e-43c0-9d6c-ca4c76ac06da:c4052, c86beb1c-9105-4588-b1e8-133030361c51:c4054]
2019-07-12 12:28:27,800 INFO  client.GrpcClientProtocolClient (GrpcClientProtocolClient.java:onNext(255)) - client-D83FC23EEBD8->4c571e18-69a3-4a6d-81de-e3e48052df18: receive RaftClientReply:client-D83FC23EEBD8->4c571e18-69a3-4a6d-81de-e3e48052df18@group-644576B5741B, cid=2736, SUCCESS, logIndex=0, commits[4c571e18-69a3-4a6d-81de-e3e48052df18:c4060, 15893972-388e-43c0-9d6c-ca4c76ac06da:c4056, c86beb1c-9105-4588-b1e8-133030361c51:c4056]
2019-07-12 12:28:27,820 INFO  client.GrpcClientProtocolClient (GrpcClientProtocolClient.java:onNext(255)) - client-D83FC23EEBD8->4c571e18-69a3-4a6d-81de-e3e48052df18: receive RaftClientReply:client-D83FC23EEBD8->4c571e18-69a3-4a6d-81de-e3e48052df18@group-644576B5741B, cid=2737, SUCCESS, logIndex=4061, commits[4c571e18-69a3-4a6d-81de-e3e48052df18:c4062, 15893972-388e-43c0-9d6c-ca4c76ac06da:c4060, c86beb1c-9105-4588-b1e8-133030361c51:c4060]
2019-07-12 12:28:27,820 INFO  client.GrpcClientProtocolClient (GrpcClientProtocolClient.java:onNext(255)) - client-D83FC23EEBD8->4c571e18-69a3-4a6d-81de-e3e48052df18: receive RaftClientReply:client-D83FC23EEBD8->4c571e18-69a3-4a6d-81de-e3e48052df18@group-644576B5741B, cid=2738, SUCCESS, logIndex=4062, commits[4c571e18-69a3-4a6d-81de-e3e48052df18:c4062, 15893972-388e-43c0-9d6c-ca4c76ac06da:c4060, c86beb1c-9105-4588-b1e8-133030361c51:c4060]
2019-07-12 12:28:27,833 INFO  client.GrpcClientProtocolClient (GrpcClientProtocolClient.java:onNext(255)) - client-D83FC23EEBD8->4c571e18-69a3-4a6d-81de-e3e48052df18: receive RaftClientReply:client-D83FC23EEBD8->4c571e18-69a3-4a6d-81de-e3e48052df18@group-644576B5741B, cid=2739, SUCCESS, logIndex=4065, commits[4c571e18-69a3-4a6d-81de-e3e48052df18:c4065, 15893972-388e-43c0-9d6c-ca4c76ac06da:c4062, c86beb1c-9105-4588-b1e8-133030361c51:c4062]
2019-07-12 12:28:27,834 INFO  client.GrpcClientProtocolClient (GrpcClientProtocolClient.java:onNext(255)) - client-D83FC23EEBD8->4c571e18-69a3-4a6d-81de-e3e48052df18: receive RaftClientReply:client-D83FC23EEBD8->4c571e18-69a3-4a6d-81de-e3e48052df18@group-644576B5741B, cid=2740, SUCCESS, logIndex=4066, commits[4c571e18-69a3-4a6d-81de-e3e48052df18:c4066, 15893972-388e-43c0-9d6c-ca4c76ac06da:c4062, c86beb1c-9105-4588-b1e8-133030361c51:c4062]
2019-07-12 12:28:27,846 INFO  client.GrpcClientProtocolClient (GrpcClientProtocolClient.java:onNext(255)) - client-D83FC23EEBD8->4c571e18-69a3-4a6d-81de-e3e48052df18: receive RaftClientReply:client-D83FC23EEBD8->4c571e18-69a3-4a6d-81de-e3e48052df18@group-644576B5741B, cid=2741, SUCCESS, logIndex=0, commits[4c571e18-69a3-4a6d-81de-e3e48052df18:c4068, 15893972-388e-43c0-9d6c-ca4c76ac06da:c4066, c86beb1c-9105-4588-b1e8-133030361c51:c4066]
2019-07-12 12:28:27,874 INFO  client.GrpcClientProtocolClient (GrpcClientProtocolClient.java:onNext(255)) - client-D83FC23EEBD8->4c571e18-69a3-4a6d-81de-e3e48052df18: receive RaftClientReply:client-D83FC23EEBD8->4c571e18-69a3-4a6d-81de-e3e48052df18@group-644576B5741B, cid=2742, SUCCESS, logIndex=4069, commits[4c571e18-69a3-4a6d-81de-e3e48052df18:c4071, 15893972-388e-43c0-9d6c-ca4c76ac06da:c4068, c86beb1c-9105-4588-b1e8-133030361c51:c4068]
2019-07-12 12:28:27,875 INFO  client.GrpcClientProtocolClient (GrpcClientProtocolClient.java:onNext(255)) - client-D83FC23EEBD8->4c571e18-69a3-4a6d-81de-e3e48052df18: receive RaftClientReply:client-D83FC23EEBD8->4c571e18-69a3-4a6d-81de-e3e48052df18@group-644576B5741B, cid=2743, SUCCESS, logIndex=4070, commits[4c571e18-69a3-4a6d-81de-e3e48052df18:c4072, 15893972-388e-43c0-9d6c-ca4c76ac06da:c4068, c86beb1c-9105-4588-b1e8-133030361c51:c4068]
2019-07-12 12:28:27,876 INFO  client.GrpcClientProtocolClient (GrpcClientProtocolClient.java:onNext(255)) - client-D83FC23EEBD8->4c571e18-69a3-4a6d-81de-e3e48052df18: receive RaftClientReply:client-D83FC23EEBD8->4c571e18-69a3-4a6d-81de-e3e48052df18@group-644576B5741B, cid=2744, SUCCESS, logIndex=4071, commits[4c571e18-69a3-4a6d-81de-e3e48052df18:c4072, 15893972-388e-43c0-9d6c-ca4c76ac06da:c4068, c86beb1c-9105-4588-b1e8-133030361c51:c4068]
2019-07-12 12:28:27,876 INFO  client.GrpcClientProtocolClient (GrpcClientProtocolClient.java:onNext(255)) - client-D83FC23EEBD8->4c571e18-69a3-4a6d-81de-e3e48052df18: receive RaftClientReply:client-D83FC23EEBD8->4c571e18-69a3-4a6d-81de-e3e48052df18@group-644576B5741B, cid=2745, SUCCESS, logIndex=4072, commits[4c571e18-69a3-4a6d-81de-e3e48052df18:c4072, 15893972-388e-43c0-9d6c-ca4c76ac06da:c4068, c86beb1c-9105-4588-b1e8-133030361c51:c4068]
2019-07-12 12:28:27,877 INFO  client.GrpcClientProtocolClient (GrpcClientProtocolClient.java:onNext(255)) - client-D83FC23EEBD8->4c571e18-69a3-4a6d-81de-e3e48052df18: receive RaftClientReply:client-D83FC23EEBD8->4c571e18-69a3-4a6d-81de-e3e48052df18@group-644576B5741B, cid=2746, SUCCESS, logIndex=0, commits[4c571e18-69a3-4a6d-81de-e3e48052df18:c4075, 15893972-388e-43c0-9d6c-ca4c76ac06da:c4071, c86beb1c-9105-4588-b1e8-133030361c51:c4070]
2019-07-12 12:28:27,895 INFO  client.GrpcClientProtocolClient (GrpcClientProtocolClient.java:onNext(255)) - client-D83FC23EEBD8->4c571e18-69a3-4a6d-81de-e3e48052df18: receive RaftClientReply:client-D83FC23EEBD8->4c571e18-69a3-4a6d-81de-e3e48052df18@group-644576B5741B, cid=2747, SUCCESS, logIndex=4077, commits[4c571e18-69a3-4a6d-81de-e3e48052df18:c4078, 15893972-388e-43c0-9d6c-ca4c76ac06da:c4076, c86beb1c-9105-4588-b1e8-133030361c51:c4076]
2019-07-12 12:28:27,895 INFO  client.GrpcClientProtocolClient (GrpcClientProtocolClient.java:onNext(255)) - client-D83FC23EEBD8->4c571e18-69a3-4a6d-81de-e3e48052df18: receive RaftClientReply:client-D83FC23EEBD8->4c571e18-69a3-4a6d-81de-e3e48052df18@group-644576B5741B, cid=2748, SUCCESS, logIndex=4078, commits[4c571e18-69a3-4a6d-81de-e3e48052df18:c4078, 15893972-388e-43c0-9d6c-ca4c76ac06da:c4076, c86beb1c-9105-4588-b1e8-133030361c51:c4076]
2019-07-12 12:28:27,924 INFO  client.GrpcClientProtocolClient (GrpcClientProtocolClient.java:onNext(255)) - client-D83FC23EEBD8->4c571e18-69a3-4a6d-81de-e3e48052df18: receive RaftClientReply:client-D83FC23EEBD8->4c571e18-69a3-4a6d-81de-e3e48052df18@group-644576B5741B, cid=2749, SUCCESS, logIndex=4081, commits[4c571e18-69a3-4a6d-81de-e3e48052df18:c4082, 15893972-388e-43c0-9d6c-ca4c76ac06da:c4078, c86beb1c-9105-4588-b1e8-133030361c51:c4078]
2019-07-12 12:28:27,925 INFO  client.GrpcClientProtocolClient (GrpcClientProtocolClient.java:onNext(255)) - client-D83FC23EEBD8->4c571e18-69a3-4a6d-81de-e3e48052df18: receive RaftClientReply:client-D83FC23EEBD8->4c571e18-69a3-4a6d-81de-e3e48052df18@group-644576B5741B, cid=2750, SUCCESS, logIndex=4082, commits[4c571e18-69a3-4a6d-81de-e3e48052df18:c4082, 15893972-388e-43c0-9d6c-ca4c76ac06da:c4078, c86beb1c-9105-4588-b1e8-133030361c51:c4078]
2019-07-12 12:28:27,937 INFO  client.GrpcClientProtocolClient (GrpcClientProtocolClient.java:onNext(255)) - client-D83FC23EEBD8->4c571e18-69a3-4a6d-81de-e3e48052df18: receive RaftClientReply:client-D83FC23EEBD8->4c571e18-69a3-4a6d-81de-e3e48052df18@group-644576B5741B, cid=2751, SUCCESS, logIndex=0, commits[4c571e18-69a3-4a6d-81de-e3e48052df18:c4083, 15893972-388e-43c0-9d6c-ca4c76ac06da:c4082, c86beb1c-9105-4588-b1e8-133030361c51:c4082]
2019-07-12 12:28:27,963 INFO  client.GrpcClientProtocolClient (GrpcClientProtocolClient.java:onNext(255)) - client-D83FC23EEBD8->4c571e18-69a3-4a6d-81de-e3e48052df18: receive RaftClientReply:client-D83FC23EEBD8->4c571e18-69a3-4a6d-81de-e3e48052df18@group-644576B5741B, cid=2752, SUCCESS, logIndex=4085, commits[4c571e18-69a3-4a6d-81de-e3e48052df18:c4086, 15893972-388e-43c0-9d6c-ca4c76ac06da:c4084, c86beb1c-9105-4588-b1e8-133030361c51:c4084]
2019-07-12 12:28:27,964 INFO  client.GrpcClientProtocolClient (GrpcClientProtocolClient.java:onNext(255)) - client-D83FC23EEBD8->4c571e18-69a3-4a6d-81de-e3e48052df18: receive RaftClientReply:client-D83FC23EEBD8->4c571e18-69a3-4a6d-81de-e3e48052df18@group-644576B5741B, cid=2753, SUCCESS, logIndex=4086, commits[4c571e18-69a3-4a6d-81de-e3e48052df18:c4086, 15893972-388e-43c0-9d6c-ca4c76ac06da:c4084, c86beb1c-9105-4588-b1e8-133030361c51:c4084]
2019-07-12 12:28:27,964 INFO  client.GrpcClientProtocolClient (GrpcClientProtocolClient.java:onNext(255)) - client-D83FC23EEBD8->4c571e18-69a3-4a6d-81de-e3e48052df18: receive RaftClientReply:client-D83FC23EEBD8->4c571e18-69a3-4a6d-81de-e3e48052df18@group-644576B5741B, cid=2754, SUCCESS, logIndex=4087, commits[4c571e18-69a3-4a6d-81de-e3e48052df18:c4088, 15893972-388e-43c0-9d6c-ca4c76ac06da:c4084, c86beb1c-9105-4588-b1e8-133030361c51:c4084]
2019-07-12 12:28:27,964 INFO  client.GrpcClientProtocolClient (GrpcClientProtocolClient.java:onNext(255)) - client-D83FC23EEBD8->4c571e18-69a3-4a6d-81de-e3e48052df18: receive RaftClientReply:client-D83FC23EEBD8->4c571e18-69a3-4a6d-81de-e3e48052df18@group-644576B5741B, cid=2755, SUCCESS, logIndex=4088, commits[4c571e18-69a3-4a6d-81de-e3e48052df18:c4088, 15893972-388e-43c0-9d6c-ca4c76ac06da:c4084, c86beb1c-9105-4588-b1e8-133030361c51:c4084]
2019-07-12 12:28:27,965 INFO  client.GrpcClientProtocolClient (GrpcClientProtocolClient.java:onNext(255)) - client-D83FC23EEBD8->4c571e18-69a3-4a6d-81de-e3e48052df18: receive RaftClientReply:client-D83FC23EEBD8->4c571e18-69a3-4a6d-81de-e3e48052df18@group-644576B5741B, cid=2756, SUCCESS, logIndex=0, commits[4c571e18-69a3-4a6d-81de-e3e48052df18:c4089, 15893972-388e-43c0-9d6c-ca4c76ac06da:c4086, c86beb1c-9105-4588-b1e8-133030361c51:c4086]
2019-07-12 12:28:27,984 INFO  client.GrpcClientProtocolClient (GrpcClientProtocolClient.java:onNext(255)) - client-D83FC23EEBD8->4c571e18-69a3-4a6d-81de-e3e48052df18: receive RaftClientReply:client-D83FC23EEBD8->4c571e18-69a3-4a6d-81de-e3e48052df18@group-644576B5741B, cid=2757, SUCCESS, logIndex=4093, commits[4c571e18-69a3-4a6d-81de-e3e48052df18:c4094, 15893972-388e-43c0-9d6c-ca4c76ac06da:c4092, c86beb1c-9105-4588-b1e8-133030361c51:c4092]
2019-07-12 12:28:27,985 INFO  client.GrpcClientProtocolClient (GrpcClientProtocolClient.java:onNext(255)) - client-D83FC23EEBD8->4c571e18-69a3-4a6d-81de-e3e48052df18: receive RaftClientReply:client-D83FC23EEBD8->4c571e18-69a3-4a6d-81de-e3e48052df18@group-644576B5741B, cid=2758, SUCCESS, logIndex=4094, commits[4c571e18-69a3-4a6d-81de-e3e48052df18:c4094, 15893972-388e-43c0-9d6c-ca4c76ac06da:c4092, c86beb1c-9105-4588-b1e8-133030361c51:c4092]
2019-07-12 12:28:27,997 INFO  client.GrpcClientProtocolClient (GrpcClientProtocolClient.java:onNext(255)) - client-D83FC23EEBD8->4c571e18-69a3-4a6d-81de-e3e48052df18: receive RaftClientReply:client-D83FC23EEBD8->4c571e18-69a3-4a6d-81de-e3e48052df18@group-644576B5741B, cid=2759, SUCCESS, logIndex=4097, commits[4c571e18-69a3-4a6d-81de-e3e48052df18:c4097, 15893972-388e-43c0-9d6c-ca4c76ac06da:c4094, c86beb1c-9105-4588-b1e8-133030361c51:c4094]
2019-07-12 12:28:27,998 INFO  client.GrpcClientProtocolClient (GrpcClientProtocolClient.java:onNext(255)) - client-D83FC23EEBD8->4c571e18-69a3-4a6d-81de-e3e48052df18: receive RaftClientReply:client-D83FC23EEBD8->4c571e18-69a3-4a6d-81de-e3e48052df18@group-644576B5741B, cid=2760, SUCCESS, logIndex=4098, commits[4c571e18-69a3-4a6d-81de-e3e48052df18:c4098, 15893972-388e-43c0-9d6c-ca4c76ac06da:c4094, c86beb1c-9105-4588-b1e8-133030361c51:c4094]
2019-07-12 12:28:28,002 INFO  client.GrpcClientProtocolClient (GrpcClientProtocolClient.java:onNext(255)) - client-D83FC23EEBD8->4c571e18-69a3-4a6d-81de-e3e48052df18: receive RaftClientReply:client-D83FC23EEBD8->4c571e18-69a3-4a6d-81de-e3e48052df18@group-644576B5741B, cid=2761, SUCCESS, logIndex=0, commits[4c571e18-69a3-4a6d-81de-e3e48052df18:c4100, 15893972-388e-43c0-9d6c-ca4c76ac06da:c4098, c86beb1c-9105-4588-b1e8-133030361c51:c4098]
2019-07-12 12:28:28,027 INFO  client.GrpcClientProtocolClient (GrpcClientProtocolClient.java:onNext(255)) - client-D83FC23EEBD8->4c571e18-69a3-4a6d-81de-e3e48052df18: receive RaftClientReply:client-D83FC23EEBD8->4c571e18-69a3-4a6d-81de-e3e48052df18@group-644576B5741B, cid=2762, SUCCESS, logIndex=4101, commits[4c571e18-69a3-4a6d-81de-e3e48052df18:c4103, 15893972-388e-43c0-9d6c-ca4c76ac06da:c4100, c86beb1c-9105-4588-b1e8-133030361c51:c4100]
2019-07-12 12:28:28,027 INFO  client.GrpcClientProtocolClient (GrpcClientProtocolClient.java:onNext(255)) - client-D83FC23EEBD8->4c571e18-69a3-4a6d-81de-e3e48052df18: receive RaftClientReply:client-D83FC23EEBD8->4c571e18-69a3-4a6d-81de-e3e48052df18@group-644576B5741B, cid=2763, SUCCESS, logIndex=4102, commits[4c571e18-69a3-4a6d-81de-e3e48052df18:c4104, 15893972-388e-43c0-9d6c-ca4c76ac06da:c4100, c86beb1c-9105-4588-b1e8-133030361c51:c4100]
2019-07-12 12:28:28,028 INFO  client.GrpcClientProtocolClient (GrpcClientProtocolClient.java:onNext(255)) - client-D83FC23EEBD8->4c571e18-69a3-4a6d-81de-e3e48052df18: receive RaftClientReply:client-D83FC23EEBD8->4c571e18-69a3-4a6d-81de-e3e48052df18@group-644576B5741B, cid=2764, SUCCESS, logIndex=4103, commits[4c571e18-69a3-4a6d-81de-e3e48052df18:c4104, 15893972-388e-43c0-9d6c-ca4c76ac06da:c4100, c86beb1c-9105-4588-b1e8-133030361c51:c4100]
2019-07-12 12:28:28,028 INFO  client.GrpcClientProtocolClient (GrpcClientProtocolClient.java:onNext(255)) - client-D83FC23EEBD8->4c571e18-69a3-4a6d-81de-e3e48052df18: receive RaftClientReply:client-D83FC23EEBD8->4c571e18-69a3-4a6d-81de-e3e48052df18@group-644576B5741B, cid=2765, SUCCESS, logIndex=4104, commits[4c571e18-69a3-4a6d-81de-e3e48052df18:c4104, 15893972-388e-43c0-9d6c-ca4c76ac06da:c4100, c86beb1c-9105-4588-b1e8-133030361c51:c4100]
2019-07-12 12:28:28,029 INFO  client.GrpcClientProtocolClient (GrpcClientProtocolClient.java:onNext(255)) - client-D83FC23EEBD8->4c571e18-69a3-4a6d-81de-e3e48052df18: receive RaftClientReply:client-D83FC23EEBD8->4c571e18-69a3-4a6d-81de-e3e48052df18@group-644576B5741B, cid=2766, SUCCESS, logIndex=0, commits[4c571e18-69a3-4a6d-81de-e3e48052df18:c4105, 15893972-388e-43c0-9d6c-ca4c76ac06da:c4102, c86beb1c-9105-4588-b1e8-133030361c51:c4104]
2019-07-12 12:28:28,041 INFO  client.GrpcClientProtocolClient (GrpcClientProtocolClient.java:onNext(255)) - client-D83FC23EEBD8->4c571e18-69a3-4a6d-81de-e3e48052df18: receive RaftClientReply:client-D83FC23EEBD8->4c571e18-69a3-4a6d-81de-e3e48052df18@group-644576B5741B, cid=2767, SUCCESS, logIndex=4109, commits[4c571e18-69a3-4a6d-81de-e3e48052df18:c4110, 15893972-388e-43c0-9d6c-ca4c76ac06da:c4108, c86beb1c-9105-4588-b1e8-133030361c51:c4108]
2019-07-12 12:28:28,041 INFO  client.GrpcClientProtocolClient (GrpcClientProtocolClient.java:onNext(255)) - client-D83FC23EEBD8->4c571e18-69a3-4a6d-81de-e3e48052df18: receive RaftClientReply:client-D83FC23EEBD8->4c571e18-69a3-4a6d-81de-e3e48052df18@group-644576B5741B, cid=2768, SUCCESS, logIndex=4110, commits[4c571e18-69a3-4a6d-81de-e3e48052df18:c4110, 15893972-388e-43c0-9d6c-ca4c76ac06da:c4108, c86beb1c-9105-4588-b1e8-133030361c51:c4108]
2019-07-12 12:28:28,055 INFO  client.GrpcClientProtocolClient (GrpcClientProtocolClient.java:onNext(255)) - client-D83FC23EEBD8->4c571e18-69a3-4a6d-81de-e3e48052df18: receive RaftClientReply:client-D83FC23EEBD8->4c571e18-69a3-4a6d-81de-e3e48052df18@group-644576B5741B, cid=2769, SUCCESS, logIndex=4113, commits[4c571e18-69a3-4a6d-81de-e3e48052df18:c4114, 15893972-388e-43c0-9d6c-ca4c76ac06da:c4110, c86beb1c-9105-4588-b1e8-133030361c51:c4110]
2019-07-12 12:28:28,055 INFO  client.GrpcClientProtocolClient (GrpcClientProtocolClient.java:onNext(255)) - client-D83FC23EEBD8->4c571e18-69a3-4a6d-81de-e3e48052df18: receive RaftClientReply:client-D83FC23EEBD8->4c571e18-69a3-4a6d-81de-e3e48052df18@group-644576B5741B, cid=2770, SUCCESS, logIndex=4114, commits[4c571e18-69a3-4a6d-81de-e3e48052df18:c4114, 15893972-388e-43c0-9d6c-ca4c76ac06da:c4110, c86beb1c-9105-4588-b1e8-133030361c51:c4110]
2019-07-12 12:28:28,066 INFO  client.GrpcClientProtocolClient (GrpcClientProtocolClient.java:onNext(255)) - client-D83FC23EEBD8->4c571e18-69a3-4a6d-81de-e3e48052df18: receive RaftClientReply:client-D83FC23EEBD8->4c571e18-69a3-4a6d-81de-e3e48052df18@group-644576B5741B, cid=2771, SUCCESS, logIndex=0, commits[4c571e18-69a3-4a6d-81de-e3e48052df18:c4114, 15893972-388e-43c0-9d6c-ca4c76ac06da:c4114, c86beb1c-9105-4588-b1e8-133030361c51:c4114]
2019-07-12 12:28:28,093 INFO  client.GrpcClientProtocolClient (GrpcClientProtocolClient.java:onNext(255)) - client-D83FC23EEBD8->4c571e18-69a3-4a6d-81de-e3e48052df18: receive RaftClientReply:client-D83FC23EEBD8->4c571e18-69a3-4a6d-81de-e3e48052df18@group-644576B5741B, cid=2772, SUCCESS, logIndex=4117, commits[4c571e18-69a3-4a6d-81de-e3e48052df18:c4118, 15893972-388e-43c0-9d6c-ca4c76ac06da:c4116, c86beb1c-9105-4588-b1e8-133030361c51:c4116]
2019-07-12 12:28:28,094 INFO  client.GrpcClientProtocolClient (GrpcClientProtocolClient.java:onNext(255)) - client-D83FC23EEBD8->4c571e18-69a3-4a6d-81de-e3e48052df18: receive RaftClientReply:client-D83FC23EEBD8->4c571e18-69a3-4a6d-81de-e3e48052df18@group-644576B5741B, cid=2773, SUCCESS, logIndex=4118, commits[4c571e18-69a3-4a6d-81de-e3e48052df18:c4120, 15893972-388e-43c0-9d6c-ca4c76ac06da:c4116, c86beb1c-9105-4588-b1e8-133030361c51:c4116]
2019-07-12 12:28:28,094 INFO  client.GrpcClientProtocolClient (GrpcClientProtocolClient.java:onNext(255)) - client-D83FC23EEBD8->4c571e18-69a3-4a6d-81de-e3e48052df18: receive RaftClientReply:client-D83FC23EEBD8->4c571e18-69a3-4a6d-81de-e3e48052df18@group-644576B5741B, cid=2774, SUCCESS, logIndex=4119, commits[4c571e18-69a3-4a6d-81de-e3e48052df18:c4120, 15893972-388e-43c0-9d6c-ca4c76ac06da:c4116, c86beb1c-9105-4588-b1e8-133030361c51:c4116]
2019-07-12 12:28:28,094 INFO  client.GrpcClientProtocolClient (GrpcClientProtocolClient.java:onNext(255)) - client-D83FC23EEBD8->4c571e18-69a3-4a6d-81de-e3e48052df18: receive RaftClientReply:client-D83FC23EEBD8->4c571e18-69a3-4a6d-81de-e3e48052df18@group-644576B5741B, cid=2775, SUCCESS, logIndex=4120, commits[4c571e18-69a3-4a6d-81de-e3e48052df18:c4121, 15893972-388e-43c0-9d6c-ca4c76ac06da:c4117, c86beb1c-9105-4588-b1e8-133030361c51:c4116]
2019-07-12 12:28:28,097 INFO  client.GrpcClientProtocolClient (GrpcClientProtocolClient.java:onNext(255)) - client-D83FC23EEBD8->4c571e18-69a3-4a6d-81de-e3e48052df18: receive RaftClientReply:client-D83FC23EEBD8->4c571e18-69a3-4a6d-81de-e3e48052df18@group-644576B5741B, cid=2776, SUCCESS, logIndex=0, commits[4c571e18-69a3-4a6d-81de-e3e48052df18:c4123, 15893972-388e-43c0-9d6c-ca4c76ac06da:c4120, c86beb1c-9105-4588-b1e8-133030361c51:c4120]
2019-07-12 12:28:28,196 INFO  client.GrpcClientProtocolClient (GrpcClientProtocolClient.java:onNext(255)) - client-D83FC23EEBD8->4c571e18-69a3-4a6d-81de-e3e48052df18: receive RaftClientReply:client-D83FC23EEBD8->4c571e18-69a3-4a6d-81de-e3e48052df18@group-644576B5741B, cid=2777, SUCCESS, logIndex=4124, commits[4c571e18-69a3-4a6d-81de-e3e48052df18:c4125, 15893972-388e-43c0-9d6c-ca4c76ac06da:c4123, c86beb1c-9105-4588-b1e8-133030361c51:c4123]
2019-07-12 12:28:28,197 INFO  client.GrpcClientProtocolClient (GrpcClientProtocolClient.java:onNext(255)) - client-D83FC23EEBD8->4c571e18-69a3-4a6d-81de-e3e48052df18: receive RaftClientReply:client-D83FC23EEBD8->4c571e18-69a3-4a6d-81de-e3e48052df18@group-644576B5741B, cid=2778, SUCCESS, logIndex=4125, commits[4c571e18-69a3-4a6d-81de-e3e48052df18:c4125, 15893972-388e-43c0-9d6c-ca4c76ac06da:c4123, c86beb1c-9105-4588-b1e8-133030361c51:c4123]
2019-07-12 12:28:28,210 INFO  client.GrpcClientProtocolClient (GrpcClientProtocolClient.java:onNext(255)) - client-D83FC23EEBD8->4c571e18-69a3-4a6d-81de-e3e48052df18: receive RaftClientReply:client-D83FC23EEBD8->4c571e18-69a3-4a6d-81de-e3e48052df18@group-644576B5741B, cid=2779, SUCCESS, logIndex=4128, commits[4c571e18-69a3-4a6d-81de-e3e48052df18:c4128, 15893972-388e-43c0-9d6c-ca4c76ac06da:c4125, c86beb1c-9105-4588-b1e8-133030361c51:c4125]
2019-07-12 12:28:28,210 INFO  client.GrpcClientProtocolClient (GrpcClientProtocolClient.java:onNext(255)) - client-D83FC23EEBD8->4c571e18-69a3-4a6d-81de-e3e48052df18: receive RaftClientReply:client-D83FC23EEBD8->4c571e18-69a3-4a6d-81de-e3e48052df18@group-644576B5741B, cid=2780, SUCCESS, logIndex=4129, commits[4c571e18-69a3-4a6d-81de-e3e48052df18:c4129, 15893972-388e-43c0-9d6c-ca4c76ac06da:c4125, c86beb1c-9105-4588-b1e8-133030361c51:c4125]
2019-07-12 12:28:28,224 INFO  client.GrpcClientProtocolClient (GrpcClientProtocolClient.java:onNext(255)) - client-D83FC23EEBD8->4c571e18-69a3-4a6d-81de-e3e48052df18: receive RaftClientReply:client-D83FC23EEBD8->4c571e18-69a3-4a6d-81de-e3e48052df18@group-644576B5741B, cid=2781, SUCCESS, logIndex=0, commits[4c571e18-69a3-4a6d-81de-e3e48052df18:c4131, 15893972-388e-43c0-9d6c-ca4c76ac06da:c4129, c86beb1c-9105-4588-b1e8-133030361c51:c4129]
2019-07-12 12:28:28,257 INFO  client.GrpcClientProtocolClient (GrpcClientProtocolClient.java:onNext(255)) - client-D83FC23EEBD8->4c571e18-69a3-4a6d-81de-e3e48052df18: receive RaftClientReply:client-D83FC23EEBD8->4c571e18-69a3-4a6d-81de-e3e48052df18@group-644576B5741B, cid=2782, SUCCESS, logIndex=4132, commits[4c571e18-69a3-4a6d-81de-e3e48052df18:c4133, 15893972-388e-43c0-9d6c-ca4c76ac06da:c4131, c86beb1c-9105-4588-b1e8-133030361c51:c4129]
2019-07-12 12:28:28,259 INFO  client.GrpcClientProtocolClient (GrpcClientProtocolClient.java:onNext(255)) - client-D83FC23EEBD8->4c571e18-69a3-4a6d-81de-e3e48052df18: receive RaftClientReply:client-D83FC23EEBD8->4c571e18-69a3-4a6d-81de-e3e48052df18@group-644576B5741B, cid=2783, SUCCESS, logIndex=4133, commits[4c571e18-69a3-4a6d-81de-e3e48052df18:c4133, 15893972-388e-43c0-9d6c-ca4c76ac06da:c4131, c86beb1c-9105-4588-b1e8-133030361c51:c4131]
2019-07-12 12:28:28,259 INFO  client.GrpcClientProtocolClient (GrpcClientProtocolClient.java:onNext(255)) - client-D83FC23EEBD8->4c571e18-69a3-4a6d-81de-e3e48052df18: receive RaftClientReply:client-D83FC23EEBD8->4c571e18-69a3-4a6d-81de-e3e48052df18@group-644576B5741B, cid=2784, SUCCESS, logIndex=4134, commits[4c571e18-69a3-4a6d-81de-e3e48052df18:c4134, 15893972-388e-43c0-9d6c-ca4c76ac06da:c4131, c86beb1c-9105-4588-b1e8-133030361c51:c4131]
2019-07-12 12:28:28,260 INFO  client.GrpcClientProtocolClient (GrpcClientProtocolClient.java:onNext(255)) - client-D83FC23EEBD8->4c571e18-69a3-4a6d-81de-e3e48052df18: receive RaftClientReply:client-D83FC23EEBD8->4c571e18-69a3-4a6d-81de-e3e48052df18@group-644576B5741B, cid=2785, SUCCESS, logIndex=4135, commits[4c571e18-69a3-4a6d-81de-e3e48052df18:c4135, 15893972-388e-43c0-9d6c-ca4c76ac06da:c4131, c86beb1c-9105-4588-b1e8-133030361c51:c4131]
2019-07-12 12:28:28,261 INFO  client.GrpcClientProtocolClient (GrpcClientProtocolClient.java:onNext(255)) - client-D83FC23EEBD8->4c571e18-69a3-4a6d-81de-e3e48052df18: receive RaftClientReply:client-D83FC23EEBD8->4c571e18-69a3-4a6d-81de-e3e48052df18@group-644576B5741B, cid=2786, SUCCESS, logIndex=0, commits[4c571e18-69a3-4a6d-81de-e3e48052df18:c4137, 15893972-388e-43c0-9d6c-ca4c76ac06da:c4133, c86beb1c-9105-4588-b1e8-133030361c51:c4134]
2019-07-12 12:28:28,274 INFO  client.GrpcClientProtocolClient (GrpcClientProtocolClient.java:onNext(255)) - client-D83FC23EEBD8->4c571e18-69a3-4a6d-81de-e3e48052df18: receive RaftClientReply:client-D83FC23EEBD8->4c571e18-69a3-4a6d-81de-e3e48052df18@group-644576B5741B, cid=2787, SUCCESS, logIndex=4139, commits[4c571e18-69a3-4a6d-81de-e3e48052df18:c4140, 15893972-388e-43c0-9d6c-ca4c76ac06da:c4138, c86beb1c-9105-4588-b1e8-133030361c51:c4138]
2019-07-12 12:28:28,275 INFO  client.GrpcClientProtocolClient (GrpcClientProtocolClient.java:onNext(255)) - client-D83FC23EEBD8->4c571e18-69a3-4a6d-81de-e3e48052df18: receive RaftClientReply:client-D83FC23EEBD8->4c571e18-69a3-4a6d-81de-e3e48052df18@group-644576B5741B, cid=2788, SUCCESS, logIndex=4140, commits[4c571e18-69a3-4a6d-81de-e3e48052df18:c4140, 15893972-388e-43c0-9d6c-ca4c76ac06da:c4138, c86beb1c-9105-4588-b1e8-133030361c51:c4138]
2019-07-12 12:28:28,294 INFO  client.GrpcClientProtocolClient (GrpcClientProtocolClient.java:onNext(255)) - client-D83FC23EEBD8->4c571e18-69a3-4a6d-81de-e3e48052df18: receive RaftClientReply:client-D83FC23EEBD8->4c571e18-69a3-4a6d-81de-e3e48052df18@group-644576B5741B, cid=2789, SUCCESS, logIndex=4142, commits[4c571e18-69a3-4a6d-81de-e3e48052df18:c4143, 15893972-388e-43c0-9d6c-ca4c76ac06da:c4141, c86beb1c-9105-4588-b1e8-133030361c51:c4141]
2019-07-12 12:28:28,294 INFO  client.GrpcClientProtocolClient (GrpcClientProtocolClient.java:onNext(255)) - client-D83FC23EEBD8->4c571e18-69a3-4a6d-81de-e3e48052df18: receive RaftClientReply:client-D83FC23EEBD8->4c571e18-69a3-4a6d-81de-e3e48052df18@group-644576B5741B, cid=2790, SUCCESS, logIndex=4143, commits[4c571e18-69a3-4a6d-81de-e3e48052df18:c4143, 15893972-388e-43c0-9d6c-ca4c76ac06da:c4141, c86beb1c-9105-4588-b1e8-133030361c51:c4141]
2019-07-12 12:28:28,307 INFO  client.GrpcClientProtocolClient (GrpcClientProtocolClient.java:onNext(255)) - client-D83FC23EEBD8->4c571e18-69a3-4a6d-81de-e3e48052df18: receive RaftClientReply:client-D83FC23EEBD8->4c571e18-69a3-4a6d-81de-e3e48052df18@group-644576B5741B, cid=2791, SUCCESS, logIndex=0, commits[4c571e18-69a3-4a6d-81de-e3e48052df18:c4145, 15893972-388e-43c0-9d6c-ca4c76ac06da:c4143, c86beb1c-9105-4588-b1e8-133030361c51:c4143]
2019-07-12 12:28:28,333 INFO  client.GrpcClientProtocolClient (GrpcClientProtocolClient.java:onNext(255)) - client-D83FC23EEBD8->4c571e18-69a3-4a6d-81de-e3e48052df18: receive RaftClientReply:client-D83FC23EEBD8->4c571e18-69a3-4a6d-81de-e3e48052df18@group-644576B5741B, cid=2792, SUCCESS, logIndex=4146, commits[4c571e18-69a3-4a6d-81de-e3e48052df18:c4148, 15893972-388e-43c0-9d6c-ca4c76ac06da:c4145, c86beb1c-9105-4588-b1e8-133030361c51:c4145]
2019-07-12 12:28:28,333 INFO  client.GrpcClientProtocolClient (GrpcClientProtocolClient.java:onNext(255)) - client-D83FC23EEBD8->4c571e18-69a3-4a6d-81de-e3e48052df18: receive RaftClientReply:client-D83FC23EEBD8->4c571e18-69a3-4a6d-81de-e3e48052df18@group-644576B5741B, cid=2793, SUCCESS, logIndex=4147, commits[4c571e18-69a3-4a6d-81de-e3e48052df18:c4149, 15893972-388e-43c0-9d6c-ca4c76ac06da:c4145, c86beb1c-9105-4588-b1e8-133030361c51:c4145]
2019-07-12 12:28:28,333 INFO  client.GrpcClientProtocolClient (GrpcClientProtocolClient.java:onNext(255)) - client-D83FC23EEBD8->4c571e18-69a3-4a6d-81de-e3e48052df18: receive RaftClientReply:client-D83FC23EEBD8->4c571e18-69a3-4a6d-81de-e3e48052df18@group-644576B5741B, cid=2794, SUCCESS, logIndex=4148, commits[4c571e18-69a3-4a6d-81de-e3e48052df18:c4149, 15893972-388e-43c0-9d6c-ca4c76ac06da:c4145, c86beb1c-9105-4588-b1e8-133030361c51:c4145]
2019-07-12 12:28:28,334 INFO  client.GrpcClientProtocolClient (GrpcClientProtocolClient.java:onNext(255)) - client-D83FC23EEBD8->4c571e18-69a3-4a6d-81de-e3e48052df18: receive RaftClientReply:client-D83FC23EEBD8->4c571e18-69a3-4a6d-81de-e3e48052df18@group-644576B5741B, cid=2795, SUCCESS, logIndex=4149, commits[4c571e18-69a3-4a6d-81de-e3e48052df18:c4149, 15893972-388e-43c0-9d6c-ca4c76ac06da:c4145, c86beb1c-9105-4588-b1e8-133030361c51:c4145]
2019-07-12 12:28:28,335 INFO  client.GrpcClientProtocolClient (GrpcClientProtocolClient.java:onNext(255)) - client-D83FC23EEBD8->4c571e18-69a3-4a6d-81de-e3e48052df18: receive RaftClientReply:client-D83FC23EEBD8->4c571e18-69a3-4a6d-81de-e3e48052df18@group-644576B5741B, cid=2796, SUCCESS, logIndex=0, commits[4c571e18-69a3-4a6d-81de-e3e48052df18:c4153, 15893972-388e-43c0-9d6c-ca4c76ac06da:c4149, c86beb1c-9105-4588-b1e8-133030361c51:c4147]
2019-07-12 12:28:28,353 INFO  client.GrpcClientProtocolClient (GrpcClientProtocolClient.java:onNext(255)) - client-D83FC23EEBD8->4c571e18-69a3-4a6d-81de-e3e48052df18: receive RaftClientReply:client-D83FC23EEBD8->4c571e18-69a3-4a6d-81de-e3e48052df18@group-644576B5741B, cid=2797, SUCCESS, logIndex=4154, commits[4c571e18-69a3-4a6d-81de-e3e48052df18:c4155, 15893972-388e-43c0-9d6c-ca4c76ac06da:c4153, c86beb1c-9105-4588-b1e8-133030361c51:c4153]
2019-07-12 12:28:28,353 INFO  client.GrpcClientProtocolClient (GrpcClientProtocolClient.java:onNext(255)) - client-D83FC23EEBD8->4c571e18-69a3-4a6d-81de-e3e48052df18: receive RaftClientReply:client-D83FC23EEBD8->4c571e18-69a3-4a6d-81de-e3e48052df18@group-644576B5741B, cid=2798, SUCCESS, logIndex=4155, commits[4c571e18-69a3-4a6d-81de-e3e48052df18:c4155, 15893972-388e-43c0-9d6c-ca4c76ac06da:c4153, c86beb1c-9105-4588-b1e8-133030361c51:c4153]
2019-07-12 12:28:28,367 INFO  client.GrpcClientProtocolClient (GrpcClientProtocolClient.java:onNext(255)) - client-D83FC23EEBD8->4c571e18-69a3-4a6d-81de-e3e48052df18: receive RaftClientReply:client-D83FC23EEBD8->4c571e18-69a3-4a6d-81de-e3e48052df18@group-644576B5741B, cid=2799, SUCCESS, logIndex=4158, commits[4c571e18-69a3-4a6d-81de-e3e48052df18:c4159, 15893972-388e-43c0-9d6c-ca4c76ac06da:c4155, c86beb1c-9105-4588-b1e8-133030361c51:c4155]
2019-07-12 12:28:28,367 INFO  client.GrpcClientProtocolClient (GrpcClientProtocolClient.java:onNext(255)) - client-D83FC23EEBD8->4c571e18-69a3-4a6d-81de-e3e48052df18: receive RaftClientReply:client-D83FC23EEBD8->4c571e18-69a3-4a6d-81de-e3e48052df18@group-644576B5741B, cid=2800, SUCCESS, logIndex=4159, commits[4c571e18-69a3-4a6d-81de-e3e48052df18:c4159, 15893972-388e-43c0-9d6c-ca4c76ac06da:c4155, c86beb1c-9105-4588-b1e8-133030361c51:c4155]
2019-07-12 12:28:28,379 INFO  client.GrpcClientProtocolClient (GrpcClientProtocolClient.java:onNext(255)) - client-D83FC23EEBD8->4c571e18-69a3-4a6d-81de-e3e48052df18: receive RaftClientReply:client-D83FC23EEBD8->4c571e18-69a3-4a6d-81de-e3e48052df18@group-644576B5741B, cid=2801, SUCCESS, logIndex=0, commits[4c571e18-69a3-4a6d-81de-e3e48052df18:c4160, 15893972-388e-43c0-9d6c-ca4c76ac06da:c4159, c86beb1c-9105-4588-b1e8-133030361c51:c4159]
2019-07-12 12:28:28,422 INFO  client.GrpcClientProtocolClient (GrpcClientProtocolClient.java:onNext(255)) - client-D83FC23EEBD8->4c571e18-69a3-4a6d-81de-e3e48052df18: receive RaftClientReply:client-D83FC23EEBD8->4c571e18-69a3-4a6d-81de-e3e48052df18@group-644576B5741B, cid=2802, SUCCESS, logIndex=4162, commits[4c571e18-69a3-4a6d-81de-e3e48052df18:c4163, 15893972-388e-43c0-9d6c-ca4c76ac06da:c4161, c86beb1c-9105-4588-b1e8-133030361c51:c4161]
2019-07-12 12:28:28,422 INFO  client.GrpcClientProtocolClient (GrpcClientProtocolClient.java:onNext(255)) - client-D83FC23EEBD8->4c571e18-69a3-4a6d-81de-e3e48052df18: receive RaftClientReply:client-D83FC23EEBD8->4c571e18-69a3-4a6d-81de-e3e48052df18@group-644576B5741B, cid=2803, SUCCESS, logIndex=4163, commits[4c571e18-69a3-4a6d-81de-e3e48052df18:c4163, 15893972-388e-43c0-9d6c-ca4c76ac06da:c4161, c86beb1c-9105-4588-b1e8-133030361c51:c4161]
2019-07-12 12:28:28,423 INFO  client.GrpcClientProtocolClient (GrpcClientProtocolClient.java:onNext(255)) - client-D83FC23EEBD8->4c571e18-69a3-4a6d-81de-e3e48052df18: receive RaftClientReply:client-D83FC23EEBD8->4c571e18-69a3-4a6d-81de-e3e48052df18@group-644576B5741B, cid=2804, SUCCESS, logIndex=4164, commits[4c571e18-69a3-4a6d-81de-e3e48052df18:c4165, 15893972-388e-43c0-9d6c-ca4c76ac06da:c4161, c86beb1c-9105-4588-b1e8-133030361c51:c4161]
2019-07-12 12:28:28,423 INFO  client.GrpcClientProtocolClient (GrpcClientProtocolClient.java:onNext(255)) - client-D83FC23EEBD8->4c571e18-69a3-4a6d-81de-e3e48052df18: receive RaftClientReply:client-D83FC23EEBD8->4c571e18-69a3-4a6d-81de-e3e48052df18@group-644576B5741B, cid=2805, SUCCESS, logIndex=4165, commits[4c571e18-69a3-4a6d-81de-e3e48052df18:c4165, 15893972-388e-43c0-9d6c-ca4c76ac06da:c4161, c86beb1c-9105-4588-b1e8-133030361c51:c4161]
2019-07-12 12:28:28,426 INFO  client.GrpcClientProtocolClient (GrpcClientProtocolClient.java:onNext(255)) - client-D83FC23EEBD8->4c571e18-69a3-4a6d-81de-e3e48052df18: receive RaftClientReply:client-D83FC23EEBD8->4c571e18-69a3-4a6d-81de-e3e48052df18@group-644576B5741B, cid=2806, SUCCESS, logIndex=0, commits[4c571e18-69a3-4a6d-81de-e3e48052df18:c4168, 15893972-388e-43c0-9d6c-ca4c76ac06da:c4165, c86beb1c-9105-4588-b1e8-133030361c51:c4163]
2019-07-12 12:28:28,445 INFO  client.GrpcClientProtocolClient (GrpcClientProtocolClient.java:onNext(255)) - client-D83FC23EEBD8->4c571e18-69a3-4a6d-81de-e3e48052df18: receive RaftClientReply:client-D83FC23EEBD8->4c571e18-69a3-4a6d-81de-e3e48052df18@group-644576B5741B, cid=2807, SUCCESS, logIndex=4169, commits[4c571e18-69a3-4a6d-81de-e3e48052df18:c4170, 15893972-388e-43c0-9d6c-ca4c76ac06da:c4168, c86beb1c-9105-4588-b1e8-133030361c51:c4168]
2019-07-12 12:28:28,445 INFO  client.GrpcClientProtocolClient (GrpcClientProtocolClient.java:onNext(255)) - client-D83FC23EEBD8->4c571e18-69a3-4a6d-81de-e3e48052df18: receive RaftClientReply:client-D83FC23EEBD8->4c571e18-69a3-4a6d-81de-e3e48052df18@group-644576B5741B, cid=2808, SUCCESS, logIndex=4170, commits[4c571e18-69a3-4a6d-81de-e3e48052df18:c4170, 15893972-388e-43c0-9d6c-ca4c76ac06da:c4168, c86beb1c-9105-4588-b1e8-133030361c51:c4168]
2019-07-12 12:28:28,458 INFO  client.GrpcClientProtocolClient (GrpcClientProtocolClient.java:onNext(255)) - client-D83FC23EEBD8->4c571e18-69a3-4a6d-81de-e3e48052df18: receive RaftClientReply:client-D83FC23EEBD8->4c571e18-69a3-4a6d-81de-e3e48052df18@group-644576B5741B, cid=2809, SUCCESS, logIndex=4173, commits[4c571e18-69a3-4a6d-81de-e3e48052df18:c4173, 15893972-388e-43c0-9d6c-ca4c76ac06da:c4170, c86beb1c-9105-4588-b1e8-133030361c51:c4170]
2019-07-12 12:28:28,458 INFO  client.GrpcClientProtocolClient (GrpcClientProtocolClient.java:onNext(255)) - client-D83FC23EEBD8->4c571e18-69a3-4a6d-81de-e3e48052df18: receive RaftClientReply:client-D83FC23EEBD8->4c571e18-69a3-4a6d-81de-e3e48052df18@group-644576B5741B, cid=2810, SUCCESS, logIndex=4174, commits[4c571e18-69a3-4a6d-81de-e3e48052df18:c4174, 15893972-388e-43c0-9d6c-ca4c76ac06da:c4170, c86beb1c-9105-4588-b1e8-133030361c51:c4170]
2019-07-12 12:28:28,471 INFO  client.GrpcClientProtocolClient (GrpcClientProtocolClient.java:onNext(255)) - client-D83FC23EEBD8->4c571e18-69a3-4a6d-81de-e3e48052df18: receive RaftClientReply:client-D83FC23EEBD8->4c571e18-69a3-4a6d-81de-e3e48052df18@group-644576B5741B, cid=2811, SUCCESS, logIndex=0, commits[4c571e18-69a3-4a6d-81de-e3e48052df18:c4176, 15893972-388e-43c0-9d6c-ca4c76ac06da:c4174, c86beb1c-9105-4588-b1e8-133030361c51:c4174]
2019-07-12 12:28:28,497 INFO  client.GrpcClientProtocolClient (GrpcClientProtocolClient.java:onNext(255)) - client-D83FC23EEBD8->4c571e18-69a3-4a6d-81de-e3e48052df18: receive RaftClientReply:client-D83FC23EEBD8->4c571e18-69a3-4a6d-81de-e3e48052df18@group-644576B5741B, cid=2812, SUCCESS, logIndex=4177, commits[4c571e18-69a3-4a6d-81de-e3e48052df18:c4180, 15893972-388e-43c0-9d6c-ca4c76ac06da:c4176, c86beb1c-9105-4588-b1e8-133030361c51:c4176]
2019-07-12 12:28:28,497 INFO  client.GrpcClientProtocolClient (GrpcClientProtocolClient.java:onNext(255)) - client-D83FC23EEBD8->4c571e18-69a3-4a6d-81de-e3e48052df18: receive RaftClientReply:client-D83FC23EEBD8->4c571e18-69a3-4a6d-81de-e3e48052df18@group-644576B5741B, cid=2813, SUCCESS, logIndex=4178, commits[4c571e18-69a3-4a6d-81de-e3e48052df18:c4180, 15893972-388e-43c0-9d6c-ca4c76ac06da:c4176, c86beb1c-9105-4588-b1e8-133030361c51:c4176]
2019-07-12 12:28:28,497 INFO  client.GrpcClientProtocolClient (GrpcClientProtocolClient.java:onNext(255)) - client-D83FC23EEBD8->4c571e18-69a3-4a6d-81de-e3e48052df18: receive RaftClientReply:client-D83FC23EEBD8->4c571e18-69a3-4a6d-81de-e3e48052df18@group-644576B5741B, cid=2814, SUCCESS, logIndex=4179, commits[4c571e18-69a3-4a6d-81de-e3e48052df18:c4180, 15893972-388e-43c0-9d6c-ca4c76ac06da:c4176, c86beb1c-9105-4588-b1e8-133030361c51:c4176]
2019-07-12 12:28:28,498 INFO  client.GrpcClientProtocolClient (GrpcClientProtocolClient.java:onNext(255)) - client-D83FC23EEBD8->4c571e18-69a3-4a6d-81de-e3e48052df18: receive RaftClientReply:client-D83FC23EEBD8->4c571e18-69a3-4a6d-81de-e3e48052df18@group-644576B5741B, cid=2815, SUCCESS, logIndex=4180, commits[4c571e18-69a3-4a6d-81de-e3e48052df18:c4181, 15893972-388e-43c0-9d6c-ca4c76ac06da:c4176, c86beb1c-9105-4588-b1e8-133030361c51:c4177]
2019-07-12 12:28:28,499 INFO  client.GrpcClientProtocolClient (GrpcClientProtocolClient.java:onNext(255)) - client-D83FC23EEBD8->4c571e18-69a3-4a6d-81de-e3e48052df18: receive RaftClientReply:client-D83FC23EEBD8->4c571e18-69a3-4a6d-81de-e3e48052df18@group-644576B5741B, cid=2816, SUCCESS, logIndex=0, commits[4c571e18-69a3-4a6d-81de-e3e48052df18:c4184, 15893972-388e-43c0-9d6c-ca4c76ac06da:c4178, c86beb1c-9105-4588-b1e8-133030361c51:c4180]
2019-07-12 12:28:28,521 INFO  client.GrpcClientProtocolClient (GrpcClientProtocolClient.java:onNext(255)) - client-D83FC23EEBD8->4c571e18-69a3-4a6d-81de-e3e48052df18: receive RaftClientReply:client-D83FC23EEBD8->4c571e18-69a3-4a6d-81de-e3e48052df18@group-644576B5741B, cid=2817, SUCCESS, logIndex=4185, commits[4c571e18-69a3-4a6d-81de-e3e48052df18:c4186, 15893972-388e-43c0-9d6c-ca4c76ac06da:c4184, c86beb1c-9105-4588-b1e8-133030361c51:c4184]
2019-07-12 12:28:28,521 INFO  client.GrpcClientProtocolClient (GrpcClientProtocolClient.java:onNext(255)) - client-D83FC23EEBD8->4c571e18-69a3-4a6d-81de-e3e48052df18: receive RaftClientReply:client-D83FC23EEBD8->4c571e18-69a3-4a6d-81de-e3e48052df18@group-644576B5741B, cid=2818, SUCCESS, logIndex=4186, commits[4c571e18-69a3-4a6d-81de-e3e48052df18:c4186, 15893972-388e-43c0-9d6c-ca4c76ac06da:c4184, c86beb1c-9105-4588-b1e8-133030361c51:c4184]
2019-07-12 12:28:28,534 INFO  client.GrpcClientProtocolClient (GrpcClientProtocolClient.java:onNext(255)) - client-D83FC23EEBD8->4c571e18-69a3-4a6d-81de-e3e48052df18: receive RaftClientReply:client-D83FC23EEBD8->4c571e18-69a3-4a6d-81de-e3e48052df18@group-644576B5741B, cid=2819, SUCCESS, logIndex=4189, commits[4c571e18-69a3-4a6d-81de-e3e48052df18:c4190, 15893972-388e-43c0-9d6c-ca4c76ac06da:c4186, c86beb1c-9105-4588-b1e8-133030361c51:c4186]
2019-07-12 12:28:28,534 INFO  client.GrpcClientProtocolClient (GrpcClientProtocolClient.java:onNext(255)) - client-D83FC23EEBD8->4c571e18-69a3-4a6d-81de-e3e48052df18: receive RaftClientReply:client-D83FC23EEBD8->4c571e18-69a3-4a6d-81de-e3e48052df18@group-644576B5741B, cid=2820, SUCCESS, logIndex=4190, commits[4c571e18-69a3-4a6d-81de-e3e48052df18:c4190, 15893972-388e-43c0-9d6c-ca4c76ac06da:c4186, c86beb1c-9105-4588-b1e8-133030361c51:c4186]
2019-07-12 12:28:28,546 INFO  client.GrpcClientProtocolClient (GrpcClientProtocolClient.java:onNext(255)) - client-D83FC23EEBD8->4c571e18-69a3-4a6d-81de-e3e48052df18: receive RaftClientReply:client-D83FC23EEBD8->4c571e18-69a3-4a6d-81de-e3e48052df18@group-644576B5741B, cid=2821, SUCCESS, logIndex=0, commits[4c571e18-69a3-4a6d-81de-e3e48052df18:c4191, 15893972-388e-43c0-9d6c-ca4c76ac06da:c4190, c86beb1c-9105-4588-b1e8-133030361c51:c4190]
2019-07-12 12:28:28,565 INFO  client.GrpcClientProtocolClient (GrpcClientProtocolClient.java:onNext(255)) - client-D83FC23EEBD8->4c571e18-69a3-4a6d-81de-e3e48052df18: receive RaftClientReply:client-D83FC23EEBD8->4c571e18-69a3-4a6d-81de-e3e48052df18@group-644576B5741B, cid=2822, SUCCESS, logIndex=4193, commits[4c571e18-69a3-4a6d-81de-e3e48052df18:c4194, 15893972-388e-43c0-9d6c-ca4c76ac06da:c4192, c86beb1c-9105-4588-b1e8-133030361c51:c4192]
2019-07-12 12:28:28,565 INFO  client.GrpcClientProtocolClient (GrpcClientProtocolClient.java:onNext(255)) - client-D83FC23EEBD8->4c571e18-69a3-4a6d-81de-e3e48052df18: receive RaftClientReply:client-D83FC23EEBD8->4c571e18-69a3-4a6d-81de-e3e48052df18@group-644576B5741B, cid=2823, SUCCESS, logIndex=4194, commits[4c571e18-69a3-4a6d-81de-e3e48052df18:c4196, 15893972-388e-43c0-9d6c-ca4c76ac06da:c4192, c86beb1c-9105-4588-b1e8-133030361c51:c4192]
2019-07-12 12:28:28,566 INFO  client.GrpcClientProtocolClient (GrpcClientProtocolClient.java:onNext(255)) - client-D83FC23EEBD8->4c571e18-69a3-4a6d-81de-e3e48052df18: receive RaftClientReply:client-D83FC23EEBD8->4c571e18-69a3-4a6d-81de-e3e48052df18@group-644576B5741B, cid=2824, SUCCESS, logIndex=4195, commits[4c571e18-69a3-4a6d-81de-e3e48052df18:c4196, 15893972-388e-43c0-9d6c-ca4c76ac06da:c4192, c86beb1c-9105-4588-b1e8-133030361c51:c4192]
2019-07-12 12:28:28,566 INFO  client.GrpcClientProtocolClient (GrpcClientProtocolClient.java:onNext(255)) - client-D83FC23EEBD8->4c571e18-69a3-4a6d-81de-e3e48052df18: receive RaftClientReply:client-D83FC23EEBD8->4c571e18-69a3-4a6d-81de-e3e48052df18@group-644576B5741B, cid=2825, SUCCESS, logIndex=4196, commits[4c571e18-69a3-4a6d-81de-e3e48052df18:c4196, 15893972-388e-43c0-9d6c-ca4c76ac06da:c4192, c86beb1c-9105-4588-b1e8-133030361c51:c4192]
2019-07-12 12:28:28,569 INFO  client.GrpcClientProtocolClient (GrpcClientProtocolClient.java:onNext(255)) - client-D83FC23EEBD8->4c571e18-69a3-4a6d-81de-e3e48052df18: receive RaftClientReply:client-D83FC23EEBD8->4c571e18-69a3-4a6d-81de-e3e48052df18@group-644576B5741B, cid=2826, SUCCESS, logIndex=0, commits[4c571e18-69a3-4a6d-81de-e3e48052df18:c4198, 15893972-388e-43c0-9d6c-ca4c76ac06da:c4194, c86beb1c-9105-4588-b1e8-133030361c51:c4194]
2019-07-12 12:28:28,587 INFO  client.GrpcClientProtocolClient (GrpcClientProtocolClient.java:onNext(255)) - client-D83FC23EEBD8->4c571e18-69a3-4a6d-81de-e3e48052df18: receive RaftClientReply:client-D83FC23EEBD8->4c571e18-69a3-4a6d-81de-e3e48052df18@group-644576B5741B, cid=2827, SUCCESS, logIndex=4201, commits[4c571e18-69a3-4a6d-81de-e3e48052df18:c4202, 15893972-388e-43c0-9d6c-ca4c76ac06da:c4200, c86beb1c-9105-4588-b1e8-133030361c51:c4200]
2019-07-12 12:28:28,588 INFO  client.GrpcClientProtocolClient (GrpcClientProtocolClient.java:onNext(255)) - client-D83FC23EEBD8->4c571e18-69a3-4a6d-81de-e3e48052df18: receive RaftClientReply:client-D83FC23EEBD8->4c571e18-69a3-4a6d-81de-e3e48052df18@group-644576B5741B, cid=2828, SUCCESS, logIndex=4202, commits[4c571e18-69a3-4a6d-81de-e3e48052df18:c4202, 15893972-388e-43c0-9d6c-ca4c76ac06da:c4200, c86beb1c-9105-4588-b1e8-133030361c51:c4200]
2019-07-12 12:28:28,602 INFO  client.GrpcClientProtocolClient (GrpcClientProtocolClient.java:onNext(255)) - client-D83FC23EEBD8->4c571e18-69a3-4a6d-81de-e3e48052df18: receive RaftClientReply:client-D83FC23EEBD8->4c571e18-69a3-4a6d-81de-e3e48052df18@group-644576B5741B, cid=2829, SUCCESS, logIndex=4204, commits[4c571e18-69a3-4a6d-81de-e3e48052df18:c4205, 15893972-388e-43c0-9d6c-ca4c76ac06da:c4202, c86beb1c-9105-4588-b1e8-133030361c51:c4202]
2019-07-12 12:28:28,602 INFO  client.GrpcClientProtocolClient (GrpcClientProtocolClient.java:onNext(255)) - client-D83FC23EEBD8->4c571e18-69a3-4a6d-81de-e3e48052df18: receive RaftClientReply:client-D83FC23EEBD8->4c571e18-69a3-4a6d-81de-e3e48052df18@group-644576B5741B, cid=2830, SUCCESS, logIndex=4205, commits[4c571e18-69a3-4a6d-81de-e3e48052df18:c4205, 15893972-388e-43c0-9d6c-ca4c76ac06da:c4202, c86beb1c-9105-4588-b1e8-133030361c51:c4202]
2019-07-12 12:28:28,617 INFO  client.GrpcClientProtocolClient (GrpcClientProtocolClient.java:onNext(255)) - client-D83FC23EEBD8->4c571e18-69a3-4a6d-81de-e3e48052df18: receive RaftClientReply:client-D83FC23EEBD8->4c571e18-69a3-4a6d-81de-e3e48052df18@group-644576B5741B, cid=2831, SUCCESS, logIndex=0, commits[4c571e18-69a3-4a6d-81de-e3e48052df18:c4206, 15893972-388e-43c0-9d6c-ca4c76ac06da:c4205, c86beb1c-9105-4588-b1e8-133030361c51:c4205]
 0.00% |█                                                                                                    |  0/1 Time: 0:00:202019-07-12 12:28:28,644 INFO  client.GrpcClientProtocolClient (GrpcClientProtocolClient.java:onNext(255)) - client-D83FC23EEBD8->4c571e18-69a3-4a6d-81de-e3e48052df18: receive RaftClientReply:client-D83FC23EEBD8->4c571e18-69a3-4a6d-81de-e3e48052df18@group-644576B5741B, cid=2832, SUCCESS, logIndex=4208, commits[4c571e18-69a3-4a6d-81de-e3e48052df18:c4209, 15893972-388e-43c0-9d6c-ca4c76ac06da:c4207, c86beb1c-9105-4588-b1e8-133030361c51:c4207]
2019-07-12 12:28:28,646 INFO  client.GrpcClientProtocolClient (GrpcClientProtocolClient.java:onNext(255)) - client-D83FC23EEBD8->4c571e18-69a3-4a6d-81de-e3e48052df18: receive RaftClientReply:client-D83FC23EEBD8->4c571e18-69a3-4a6d-81de-e3e48052df18@group-644576B5741B, cid=2833, SUCCESS, logIndex=4209, commits[4c571e18-69a3-4a6d-81de-e3e48052df18:c4210, 15893972-388e-43c0-9d6c-ca4c76ac06da:c4207, c86beb1c-9105-4588-b1e8-133030361c51:c4207]
2019-07-12 12:28:28,647 INFO  client.GrpcClientProtocolClient (GrpcClientProtocolClient.java:onNext(255)) - client-D83FC23EEBD8->4c571e18-69a3-4a6d-81de-e3e48052df18: receive RaftClientReply:client-D83FC23EEBD8->4c571e18-69a3-4a6d-81de-e3e48052df18@group-644576B5741B, cid=2834, SUCCESS, logIndex=4210, commits[4c571e18-69a3-4a6d-81de-e3e48052df18:c4211, 15893972-388e-43c0-9d6c-ca4c76ac06da:c4207, c86beb1c-9105-4588-b1e8-133030361c51:c4207]
2019-07-12 12:28:28,648 INFO  client.GrpcClientProtocolClient (GrpcClientProtocolClient.java:onNext(255)) - client-D83FC23EEBD8->4c571e18-69a3-4a6d-81de-e3e48052df18: receive RaftClientReply:client-D83FC23EEBD8->4c571e18-69a3-4a6d-81de-e3e48052df18@group-644576B5741B, cid=2835, SUCCESS, logIndex=4211, commits[4c571e18-69a3-4a6d-81de-e3e48052df18:c4212, 15893972-388e-43c0-9d6c-ca4c76ac06da:c4208, c86beb1c-9105-4588-b1e8-133030361c51:c4207]
2019-07-12 12:28:28,650 INFO  client.GrpcClientProtocolClient (GrpcClientProtocolClient.java:onNext(255)) - client-D83FC23EEBD8->4c571e18-69a3-4a6d-81de-e3e48052df18: receive RaftClientReply:client-D83FC23EEBD8->4c571e18-69a3-4a6d-81de-e3e48052df18@group-644576B5741B, cid=2836, SUCCESS, logIndex=0, commits[4c571e18-69a3-4a6d-81de-e3e48052df18:c4215, 15893972-388e-43c0-9d6c-ca4c76ac06da:c4212, c86beb1c-9105-4588-b1e8-133030361c51:c4210]
2019-07-12 12:28:28,662 INFO  client.GrpcClientProtocolClient (GrpcClientProtocolClient.java:onNext(255)) - client-D83FC23EEBD8->4c571e18-69a3-4a6d-81de-e3e48052df18: receive RaftClientReply:client-D83FC23EEBD8->4c571e18-69a3-4a6d-81de-e3e48052df18@group-644576B5741B, cid=2837, SUCCESS, logIndex=4216, commits[4c571e18-69a3-4a6d-81de-e3e48052df18:c4217, 15893972-388e-43c0-9d6c-ca4c76ac06da:c4215, c86beb1c-9105-4588-b1e8-133030361c51:c4215]
2019-07-12 12:28:28,662 INFO  client.GrpcClientProtocolClient (GrpcClientProtocolClient.java:onNext(255)) - client-D83FC23EEBD8->4c571e18-69a3-4a6d-81de-e3e48052df18: receive RaftClientReply:client-D83FC23EEBD8->4c571e18-69a3-4a6d-81de-e3e48052df18@group-644576B5741B, cid=2838, SUCCESS, logIndex=4217, commits[4c571e18-69a3-4a6d-81de-e3e48052df18:c4217, 15893972-388e-43c0-9d6c-ca4c76ac06da:c4215, c86beb1c-9105-4588-b1e8-133030361c51:c4215]
2019-07-12 12:28:28,680 INFO  client.GrpcClientProtocolClient (GrpcClientProtocolClient.java:onNext(255)) - client-D83FC23EEBD8->4c571e18-69a3-4a6d-81de-e3e48052df18: receive RaftClientReply:client-D83FC23EEBD8->4c571e18-69a3-4a6d-81de-e3e48052df18@group-644576B5741B, cid=2839, SUCCESS, logIndex=4220, commits[4c571e18-69a3-4a6d-81de-e3e48052df18:c4221, 15893972-388e-43c0-9d6c-ca4c76ac06da:c4219, c86beb1c-9105-4588-b1e8-133030361c51:c4219]
2019-07-12 12:28:28,680 INFO  client.GrpcClientProtocolClient (GrpcClientProtocolClient.java:onNext(255)) - client-D83FC23EEBD8->4c571e18-69a3-4a6d-81de-e3e48052df18: receive RaftClientReply:client-D83FC23EEBD8->4c571e18-69a3-4a6d-81de-e3e48052df18@group-644576B5741B, cid=2840, SUCCESS, logIndex=4221, commits[4c571e18-69a3-4a6d-81de-e3e48052df18:c4221, 15893972-388e-43c0-9d6c-ca4c76ac06da:c4219, c86beb1c-9105-4588-b1e8-133030361c51:c4219]
2019-07-12 12:28:28,693 INFO  client.GrpcClientProtocolClient (GrpcClientProtocolClient.java:onNext(255)) - client-D83FC23EEBD8->4c571e18-69a3-4a6d-81de-e3e48052df18: receive RaftClientReply:client-D83FC23EEBD8->4c571e18-69a3-4a6d-81de-e3e48052df18@group-644576B5741B, cid=2841, SUCCESS, logIndex=0, commits[4c571e18-69a3-4a6d-81de-e3e48052df18:c4223, 15893972-388e-43c0-9d6c-ca4c76ac06da:c4221, c86beb1c-9105-4588-b1e8-133030361c51:c4221]
2019-07-12 12:28:28,719 INFO  client.GrpcClientProtocolClient (GrpcClientProtocolClient.java:onNext(255)) - client-D83FC23EEBD8->4c571e18-69a3-4a6d-81de-e3e48052df18: receive RaftClientReply:client-D83FC23EEBD8->4c571e18-69a3-4a6d-81de-e3e48052df18@group-644576B5741B, cid=2842, SUCCESS, logIndex=4224, commits[4c571e18-69a3-4a6d-81de-e3e48052df18:c4225, 15893972-388e-43c0-9d6c-ca4c76ac06da:c4223, c86beb1c-9105-4588-b1e8-133030361c51:c4223]
2019-07-12 12:28:28,719 INFO  client.GrpcClientProtocolClient (GrpcClientProtocolClient.java:onNext(255)) - client-D83FC23EEBD8->4c571e18-69a3-4a6d-81de-e3e48052df18: receive RaftClientReply:client-D83FC23EEBD8->4c571e18-69a3-4a6d-81de-e3e48052df18@group-644576B5741B, cid=2843, SUCCESS, logIndex=4225, commits[4c571e18-69a3-4a6d-81de-e3e48052df18:c4225, 15893972-388e-43c0-9d6c-ca4c76ac06da:c4223, c86beb1c-9105-4588-b1e8-133030361c51:c4223]
2019-07-12 12:28:28,720 INFO  client.GrpcClientProtocolClient (GrpcClientProtocolClient.java:onNext(255)) - client-D83FC23EEBD8->4c571e18-69a3-4a6d-81de-e3e48052df18: receive RaftClientReply:client-D83FC23EEBD8->4c571e18-69a3-4a6d-81de-e3e48052df18@group-644576B5741B, cid=2844, SUCCESS, logIndex=4226, commits[4c571e18-69a3-4a6d-81de-e3e48052df18:c4226, 15893972-388e-43c0-9d6c-ca4c76ac06da:c4223, c86beb1c-9105-4588-b1e8-133030361c51:c4223]
2019-07-12 12:28:28,720 INFO  client.GrpcClientProtocolClient (GrpcClientProtocolClient.java:onNext(255)) - client-D83FC23EEBD8->4c571e18-69a3-4a6d-81de-e3e48052df18: receive RaftClientReply:client-D83FC23EEBD8->4c571e18-69a3-4a6d-81de-e3e48052df18@group-644576B5741B, cid=2845, SUCCESS, logIndex=4227, commits[4c571e18-69a3-4a6d-81de-e3e48052df18:c4227, 15893972-388e-43c0-9d6c-ca4c76ac06da:c4223, c86beb1c-9105-4588-b1e8-133030361c51:c4223]
2019-07-12 12:28:28,721 INFO  client.GrpcClientProtocolClient (GrpcClientProtocolClient.java:onNext(255)) - client-D83FC23EEBD8->4c571e18-69a3-4a6d-81de-e3e48052df18: receive RaftClientReply:client-D83FC23EEBD8->4c571e18-69a3-4a6d-81de-e3e48052df18@group-644576B5741B, cid=2846, SUCCESS, logIndex=0, commits[4c571e18-69a3-4a6d-81de-e3e48052df18:c4228, 15893972-388e-43c0-9d6c-ca4c76ac06da:c4225, c86beb1c-9105-4588-b1e8-133030361c51:c4225]
2019-07-12 12:28:28,739 INFO  client.GrpcClientProtocolClient (GrpcClientProtocolClient.java:onNext(255)) - client-D83FC23EEBD8->4c571e18-69a3-4a6d-81de-e3e48052df18: receive RaftClientReply:client-D83FC23EEBD8->4c571e18-69a3-4a6d-81de-e3e48052df18@group-644576B5741B, cid=2847, SUCCESS, logIndex=4232, commits[4c571e18-69a3-4a6d-81de-e3e48052df18:c4233, 15893972-388e-43c0-9d6c-ca4c76ac06da:c4231, c86beb1c-9105-4588-b1e8-133030361c51:c4231]
2019-07-12 12:28:28,739 INFO  client.GrpcClientProtocolClient (GrpcClientProtocolClient.java:onNext(255)) - client-D83FC23EEBD8->4c571e18-69a3-4a6d-81de-e3e48052df18: receive RaftClientReply:client-D83FC23EEBD8->4c571e18-69a3-4a6d-81de-e3e48052df18@group-644576B5741B, cid=2848, SUCCESS, logIndex=4233, commits[4c571e18-69a3-4a6d-81de-e3e48052df18:c4233, 15893972-388e-43c0-9d6c-ca4c76ac06da:c4231, c86beb1c-9105-4588-b1e8-133030361c51:c4231]
2019-07-12 12:28:28,752 INFO  client.GrpcClientProtocolClient (GrpcClientProtocolClient.java:onNext(255)) - client-D83FC23EEBD8->4c571e18-69a3-4a6d-81de-e3e48052df18: receive RaftClientReply:client-D83FC23EEBD8->4c571e18-69a3-4a6d-81de-e3e48052df18@group-644576B5741B, cid=2849, SUCCESS, logIndex=4236, commits[4c571e18-69a3-4a6d-81de-e3e48052df18:c4236, 15893972-388e-43c0-9d6c-ca4c76ac06da:c4233, c86beb1c-9105-4588-b1e8-133030361c51:c4233]
2019-07-12 12:28:28,752 INFO  client.GrpcClientProtocolClient (GrpcClientProtocolClient.java:onNext(255)) - client-D83FC23EEBD8->4c571e18-69a3-4a6d-81de-e3e48052df18: receive RaftClientReply:client-D83FC23EEBD8->4c571e18-69a3-4a6d-81de-e3e48052df18@group-644576B5741B, cid=2850, SUCCESS, logIndex=4237, commits[4c571e18-69a3-4a6d-81de-e3e48052df18:c4237, 15893972-388e-43c0-9d6c-ca4c76ac06da:c4233, c86beb1c-9105-4588-b1e8-133030361c51:c4233]
2019-07-12 12:28:28,755 INFO  client.GrpcClientProtocolClient (GrpcClientProtocolClient.java:onNext(255)) - client-D83FC23EEBD8->4c571e18-69a3-4a6d-81de-e3e48052df18: receive RaftClientReply:client-D83FC23EEBD8->4c571e18-69a3-4a6d-81de-e3e48052df18@group-644576B5741B, cid=2851, SUCCESS, logIndex=0, commits[4c571e18-69a3-4a6d-81de-e3e48052df18:c4238, 15893972-388e-43c0-9d6c-ca4c76ac06da:c4237, c86beb1c-9105-4588-b1e8-133030361c51:c4237]
2019-07-12 12:28:28,794 INFO  client.GrpcClientProtocolClient (GrpcClientProtocolClient.java:onNext(255)) - client-D83FC23EEBD8->4c571e18-69a3-4a6d-81de-e3e48052df18: receive RaftClientReply:client-D83FC23EEBD8->4c571e18-69a3-4a6d-81de-e3e48052df18@group-644576B5741B, cid=2852, SUCCESS, logIndex=4240, commits[4c571e18-69a3-4a6d-81de-e3e48052df18:c4241, 15893972-388e-43c0-9d6c-ca4c76ac06da:c4239, c86beb1c-9105-4588-b1e8-133030361c51:c4239]
2019-07-12 12:28:28,795 INFO  client.GrpcClientProtocolClient (GrpcClientProtocolClient.java:onNext(255)) - client-D83FC23EEBD8->4c571e18-69a3-4a6d-81de-e3e48052df18: receive RaftClientReply:client-D83FC23EEBD8->4c571e18-69a3-4a6d-81de-e3e48052df18@group-644576B5741B, cid=2853, SUCCESS, logIndex=4241, commits[4c571e18-69a3-4a6d-81de-e3e48052df18:c4241, 15893972-388e-43c0-9d6c-ca4c76ac06da:c4239, c86beb1c-9105-4588-b1e8-133030361c51:c4239]
2019-07-12 12:28:28,796 INFO  client.GrpcClientProtocolClient (GrpcClientProtocolClient.java:onNext(255)) - client-D83FC23EEBD8->4c571e18-69a3-4a6d-81de-e3e48052df18: receive RaftClientReply:client-D83FC23EEBD8->4c571e18-69a3-4a6d-81de-e3e48052df18@group-644576B5741B, cid=2854, SUCCESS, logIndex=4242, commits[4c571e18-69a3-4a6d-81de-e3e48052df18:c4243, 15893972-388e-43c0-9d6c-ca4c76ac06da:c4239, c86beb1c-9105-4588-b1e8-133030361c51:c4239]
2019-07-12 12:28:28,796 INFO  client.GrpcClientProtocolClient (GrpcClientProtocolClient.java:onNext(255)) - client-D83FC23EEBD8->4c571e18-69a3-4a6d-81de-e3e48052df18: receive RaftClientReply:client-D83FC23EEBD8->4c571e18-69a3-4a6d-81de-e3e48052df18@group-644576B5741B, cid=2855, SUCCESS, logIndex=4243, commits[4c571e18-69a3-4a6d-81de-e3e48052df18:c4243, 15893972-388e-43c0-9d6c-ca4c76ac06da:c4239, c86beb1c-9105-4588-b1e8-133030361c51:c4239]
2019-07-12 12:28:28,798 INFO  client.GrpcClientProtocolClient (GrpcClientProtocolClient.java:onNext(255)) - client-D83FC23EEBD8->4c571e18-69a3-4a6d-81de-e3e48052df18: receive RaftClientReply:client-D83FC23EEBD8->4c571e18-69a3-4a6d-81de-e3e48052df18@group-644576B5741B, cid=2856, SUCCESS, logIndex=0, commits[4c571e18-69a3-4a6d-81de-e3e48052df18:c4245, 15893972-388e-43c0-9d6c-ca4c76ac06da:c4241, c86beb1c-9105-4588-b1e8-133030361c51:c4241]
2019-07-12 12:28:28,809 INFO  client.GrpcClientProtocolClient (GrpcClientProtocolClient.java:onNext(255)) - client-D83FC23EEBD8->4c571e18-69a3-4a6d-81de-e3e48052df18: receive RaftClientReply:client-D83FC23EEBD8->4c571e18-69a3-4a6d-81de-e3e48052df18@group-644576B5741B, cid=2857, SUCCESS, logIndex=4248, commits[4c571e18-69a3-4a6d-81de-e3e48052df18:c4249, 15893972-388e-43c0-9d6c-ca4c76ac06da:c4243, c86beb1c-9105-4588-b1e8-133030361c51:c4245]
2019-07-12 12:28:28,810 INFO  client.GrpcClientProtocolClient (GrpcClientProtocolClient.java:onNext(255)) - client-D83FC23EEBD8->4c571e18-69a3-4a6d-81de-e3e48052df18: receive RaftClientReply:client-D83FC23EEBD8->4c571e18-69a3-4a6d-81de-e3e48052df18@group-644576B5741B, cid=2858, SUCCESS, logIndex=4249, commits[4c571e18-69a3-4a6d-81de-e3e48052df18:c4249, 15893972-388e-43c0-9d6c-ca4c76ac06da:c4245, c86beb1c-9105-4588-b1e8-133030361c51:c4245]
2019-07-12 12:28:28,827 INFO  client.GrpcClientProtocolClient (GrpcClientProtocolClient.java:onNext(255)) - client-D83FC23EEBD8->4c571e18-69a3-4a6d-81de-e3e48052df18: receive RaftClientReply:client-D83FC23EEBD8->4c571e18-69a3-4a6d-81de-e3e48052df18@group-644576B5741B, cid=2859, SUCCESS, logIndex=4252, commits[4c571e18-69a3-4a6d-81de-e3e48052df18:c4253, 15893972-388e-43c0-9d6c-ca4c76ac06da:c4251, c86beb1c-9105-4588-b1e8-133030361c51:c4251]
2019-07-12 12:28:28,827 INFO  client.GrpcClientProtocolClient (GrpcClientProtocolClient.java:onNext(255)) - client-D83FC23EEBD8->4c571e18-69a3-4a6d-81de-e3e48052df18: receive RaftClientReply:client-D83FC23EEBD8->4c571e18-69a3-4a6d-81de-e3e48052df18@group-644576B5741B, cid=2860, SUCCESS, logIndex=4253, commits[4c571e18-69a3-4a6d-81de-e3e48052df18:c4253, 15893972-388e-43c0-9d6c-ca4c76ac06da:c4251, c86beb1c-9105-4588-b1e8-133030361c51:c4251]
2019-07-12 12:28:28,839 INFO  client.GrpcClientProtocolClient (GrpcClientProtocolClient.java:onNext(255)) - client-D83FC23EEBD8->4c571e18-69a3-4a6d-81de-e3e48052df18: receive RaftClientReply:client-D83FC23EEBD8->4c571e18-69a3-4a6d-81de-e3e48052df18@group-644576B5741B, cid=2861, SUCCESS, logIndex=0, commits[4c571e18-69a3-4a6d-81de-e3e48052df18:c4254, 15893972-388e-43c0-9d6c-ca4c76ac06da:c4253, c86beb1c-9105-4588-b1e8-133030361c51:c4253]
2019-07-12 12:28:28,942 INFO  client.GrpcClientProtocolClient (GrpcClientProtocolClient.java:onNext(255)) - client-D83FC23EEBD8->4c571e18-69a3-4a6d-81de-e3e48052df18: receive RaftClientReply:client-D83FC23EEBD8->4c571e18-69a3-4a6d-81de-e3e48052df18@group-644576B5741B, cid=2862, SUCCESS, logIndex=4256, commits[4c571e18-69a3-4a6d-81de-e3e48052df18:c4256, 15893972-388e-43c0-9d6c-ca4c76ac06da:c4255, c86beb1c-9105-4588-b1e8-133030361c51:c4255]
2019-07-12 12:28:28,943 INFO  client.GrpcClientProtocolClient (GrpcClientProtocolClient.java:onNext(255)) - client-D83FC23EEBD8->4c571e18-69a3-4a6d-81de-e3e48052df18: receive RaftClientReply:client-D83FC23EEBD8->4c571e18-69a3-4a6d-81de-e3e48052df18@group-644576B5741B, cid=2863, SUCCESS, logIndex=4257, commits[4c571e18-69a3-4a6d-81de-e3e48052df18:c4259, 15893972-388e-43c0-9d6c-ca4c76ac06da:c4255, c86beb1c-9105-4588-b1e8-133030361c51:c4255]
2019-07-12 12:28:28,943 INFO  client.GrpcClientProtocolClient (GrpcClientProtocolClient.java:onNext(255)) - client-D83FC23EEBD8->4c571e18-69a3-4a6d-81de-e3e48052df18: receive RaftClientReply:client-D83FC23EEBD8->4c571e18-69a3-4a6d-81de-e3e48052df18@group-644576B5741B, cid=2864, SUCCESS, logIndex=4258, commits[4c571e18-69a3-4a6d-81de-e3e48052df18:c4259, 15893972-388e-43c0-9d6c-ca4c76ac06da:c4255, c86beb1c-9105-4588-b1e8-133030361c51:c4255]
2019-07-12 12:28:28,943 INFO  client.GrpcClientProtocolClient (GrpcClientProtocolClient.java:onNext(255)) - client-D83FC23EEBD8->4c571e18-69a3-4a6d-81de-e3e48052df18: receive RaftClientReply:client-D83FC23EEBD8->4c571e18-69a3-4a6d-81de-e3e48052df18@group-644576B5741B, cid=2865, SUCCESS, logIndex=4259, commits[4c571e18-69a3-4a6d-81de-e3e48052df18:c4259, 15893972-388e-43c0-9d6c-ca4c76ac06da:c4255, c86beb1c-9105-4588-b1e8-133030361c51:c4255]
2019-07-12 12:28:28,955 INFO  client.GrpcClientProtocolClient (GrpcClientProtocolClient.java:onNext(255)) - client-D83FC23EEBD8->4c571e18-69a3-4a6d-81de-e3e48052df18: receive RaftClientReply:client-D83FC23EEBD8->4c571e18-69a3-4a6d-81de-e3e48052df18@group-644576B5741B, cid=2866, SUCCESS, logIndex=0, commits[4c571e18-69a3-4a6d-81de-e3e48052df18:c4261, 15893972-388e-43c0-9d6c-ca4c76ac06da:c4259, c86beb1c-9105-4588-b1e8-133030361c51:c4259]
2019-07-12 12:28:28,973 INFO  client.GrpcClientProtocolClient (GrpcClientProtocolClient.java:onNext(255)) - client-D83FC23EEBD8->4c571e18-69a3-4a6d-81de-e3e48052df18: receive RaftClientReply:client-D83FC23EEBD8->4c571e18-69a3-4a6d-81de-e3e48052df18@group-644576B5741B, cid=2867, SUCCESS, logIndex=4262, commits[4c571e18-69a3-4a6d-81de-e3e48052df18:c4263, 15893972-388e-43c0-9d6c-ca4c76ac06da:c4261, c86beb1c-9105-4588-b1e8-133030361c51:c4261]
2019-07-12 12:28:28,973 INFO  client.GrpcClientProtocolClient (GrpcClientProtocolClient.java:onNext(255)) - client-D83FC23EEBD8->4c571e18-69a3-4a6d-81de-e3e48052df18: receive RaftClientReply:client-D83FC23EEBD8->4c571e18-69a3-4a6d-81de-e3e48052df18@group-644576B5741B, cid=2868, SUCCESS, logIndex=4263, commits[4c571e18-69a3-4a6d-81de-e3e48052df18:c4263, 15893972-388e-43c0-9d6c-ca4c76ac06da:c4261, c86beb1c-9105-4588-b1e8-133030361c51:c4261]
2019-07-12 12:28:28,991 INFO  client.GrpcClientProtocolClient (GrpcClientProtocolClient.java:onNext(255)) - client-D83FC23EEBD8->4c571e18-69a3-4a6d-81de-e3e48052df18: receive RaftClientReply:client-D83FC23EEBD8->4c571e18-69a3-4a6d-81de-e3e48052df18@group-644576B5741B, cid=2869, SUCCESS, logIndex=4266, commits[4c571e18-69a3-4a6d-81de-e3e48052df18:c4267, 15893972-388e-43c0-9d6c-ca4c76ac06da:c4265, c86beb1c-9105-4588-b1e8-133030361c51:c4265]
2019-07-12 12:28:28,992 INFO  client.GrpcClientProtocolClient (GrpcClientProtocolClient.java:onNext(255)) - client-D83FC23EEBD8->4c571e18-69a3-4a6d-81de-e3e48052df18: receive RaftClientReply:client-D83FC23EEBD8->4c571e18-69a3-4a6d-81de-e3e48052df18@group-644576B5741B, cid=2870, SUCCESS, logIndex=4267, commits[4c571e18-69a3-4a6d-81de-e3e48052df18:c4267, 15893972-388e-43c0-9d6c-ca4c76ac06da:c4265, c86beb1c-9105-4588-b1e8-133030361c51:c4265]
2019-07-12 12:28:29,003 INFO  client.GrpcClientProtocolClient (GrpcClientProtocolClient.java:onNext(255)) - client-D83FC23EEBD8->4c571e18-69a3-4a6d-81de-e3e48052df18: receive RaftClientReply:client-D83FC23EEBD8->4c571e18-69a3-4a6d-81de-e3e48052df18@group-644576B5741B, cid=2871, SUCCESS, logIndex=0, commits[4c571e18-69a3-4a6d-81de-e3e48052df18:c4267, 15893972-388e-43c0-9d6c-ca4c76ac06da:c4267, c86beb1c-9105-4588-b1e8-133030361c51:c4267]
2019-07-12 12:28:29,028 INFO  client.GrpcClientProtocolClient (GrpcClientProtocolClient.java:onNext(255)) - client-D83FC23EEBD8->4c571e18-69a3-4a6d-81de-e3e48052df18: receive RaftClientReply:client-D83FC23EEBD8->4c571e18-69a3-4a6d-81de-e3e48052df18@group-644576B5741B, cid=2872, SUCCESS, logIndex=4270, commits[4c571e18-69a3-4a6d-81de-e3e48052df18:c4270, 15893972-388e-43c0-9d6c-ca4c76ac06da:c4267, c86beb1c-9105-4588-b1e8-133030361c51:c4269]
2019-07-12 12:28:29,028 INFO  client.GrpcClientProtocolClient (GrpcClientProtocolClient.java:onNext(255)) - client-D83FC23EEBD8->4c571e18-69a3-4a6d-81de-e3e48052df18: receive RaftClientReply:client-D83FC23EEBD8->4c571e18-69a3-4a6d-81de-e3e48052df18@group-644576B5741B, cid=2873, SUCCESS, logIndex=4271, commits[4c571e18-69a3-4a6d-81de-e3e48052df18:c4273, 15893972-388e-43c0-9d6c-ca4c76ac06da:c4269, c86beb1c-9105-4588-b1e8-133030361c51:c4269]
2019-07-12 12:28:29,029 INFO  client.GrpcClientProtocolClient (GrpcClientProtocolClient.java:onNext(255)) - client-D83FC23EEBD8->4c571e18-69a3-4a6d-81de-e3e48052df18: receive RaftClientReply:client-D83FC23EEBD8->4c571e18-69a3-4a6d-81de-e3e48052df18@group-644576B5741B, cid=2874, SUCCESS, logIndex=4272, commits[4c571e18-69a3-4a6d-81de-e3e48052df18:c4273, 15893972-388e-43c0-9d6c-ca4c76ac06da:c4269, c86beb1c-9105-4588-b1e8-133030361c51:c4269]
2019-07-12 12:28:29,029 INFO  client.GrpcClientProtocolClient (GrpcClientProtocolClient.java:onNext(255)) - client-D83FC23EEBD8->4c571e18-69a3-4a6d-81de-e3e48052df18: receive RaftClientReply:client-D83FC23EEBD8->4c571e18-69a3-4a6d-81de-e3e48052df18@group-644576B5741B, cid=2875, SUCCESS, logIndex=4273, commits[4c571e18-69a3-4a6d-81de-e3e48052df18:c4273, 15893972-388e-43c0-9d6c-ca4c76ac06da:c4269, c86beb1c-9105-4588-b1e8-133030361c51:c4269]
2019-07-12 12:28:29,030 INFO  client.GrpcClientProtocolClient (GrpcClientProtocolClient.java:onNext(255)) - client-D83FC23EEBD8->4c571e18-69a3-4a6d-81de-e3e48052df18: receive RaftClientReply:client-D83FC23EEBD8->4c571e18-69a3-4a6d-81de-e3e48052df18@group-644576B5741B, cid=2876, SUCCESS, logIndex=0, commits[4c571e18-69a3-4a6d-81de-e3e48052df18:c4277, 15893972-388e-43c0-9d6c-ca4c76ac06da:c4271, c86beb1c-9105-4588-b1e8-133030361c51:c4273]
2019-07-12 12:28:29,053 INFO  client.GrpcClientProtocolClient (GrpcClientProtocolClient.java:onNext(255)) - client-D83FC23EEBD8->4c571e18-69a3-4a6d-81de-e3e48052df18: receive RaftClientReply:client-D83FC23EEBD8->4c571e18-69a3-4a6d-81de-e3e48052df18@group-644576B5741B, cid=2877, SUCCESS, logIndex=4278, commits[4c571e18-69a3-4a6d-81de-e3e48052df18:c4279, 15893972-388e-43c0-9d6c-ca4c76ac06da:c4277, c86beb1c-9105-4588-b1e8-133030361c51:c4277]
2019-07-12 12:28:29,053 INFO  client.GrpcClientProtocolClient (GrpcClientProtocolClient.java:onNext(255)) - client-D83FC23EEBD8->4c571e18-69a3-4a6d-81de-e3e48052df18: receive RaftClientReply:client-D83FC23EEBD8->4c571e18-69a3-4a6d-81de-e3e48052df18@group-644576B5741B, cid=2878, SUCCESS, logIndex=4279, commits[4c571e18-69a3-4a6d-81de-e3e48052df18:c4279, 15893972-388e-43c0-9d6c-ca4c76ac06da:c4277, c86beb1c-9105-4588-b1e8-133030361c51:c4277]
2019-07-12 12:28:29,066 INFO  client.GrpcClientProtocolClient (GrpcClientProtocolClient.java:onNext(255)) - client-D83FC23EEBD8->4c571e18-69a3-4a6d-81de-e3e48052df18: receive RaftClientReply:client-D83FC23EEBD8->4c571e18-69a3-4a6d-81de-e3e48052df18@group-644576B5741B, cid=2879, SUCCESS, logIndex=4282, commits[4c571e18-69a3-4a6d-81de-e3e48052df18:c4283, 15893972-388e-43c0-9d6c-ca4c76ac06da:c4279, c86beb1c-9105-4588-b1e8-133030361c51:c4279]
2019-07-12 12:28:29,066 INFO  client.GrpcClientProtocolClient (GrpcClientProtocolClient.java:onNext(255)) - client-D83FC23EEBD8->4c571e18-69a3-4a6d-81de-e3e48052df18: receive RaftClientReply:client-D83FC23EEBD8->4c571e18-69a3-4a6d-81de-e3e48052df18@group-644576B5741B, cid=2880, SUCCESS, logIndex=4283, commits[4c571e18-69a3-4a6d-81de-e3e48052df18:c4283, 15893972-388e-43c0-9d6c-ca4c76ac06da:c4279, c86beb1c-9105-4588-b1e8-133030361c51:c4279]
2019-07-12 12:28:29,069 INFO  client.GrpcClientProtocolClient (GrpcClientProtocolClient.java:onNext(255)) - client-D83FC23EEBD8->4c571e18-69a3-4a6d-81de-e3e48052df18: receive RaftClientReply:client-D83FC23EEBD8->4c571e18-69a3-4a6d-81de-e3e48052df18@group-644576B5741B, cid=2881, SUCCESS, logIndex=0, commits[4c571e18-69a3-4a6d-81de-e3e48052df18:c4285, 15893972-388e-43c0-9d6c-ca4c76ac06da:c4283, c86beb1c-9105-4588-b1e8-133030361c51:c4283]
2019-07-12 12:28:29,095 INFO  client.GrpcClientProtocolClient (GrpcClientProtocolClient.java:onNext(255)) - client-D83FC23EEBD8->4c571e18-69a3-4a6d-81de-e3e48052df18: receive RaftClientReply:client-D83FC23EEBD8->4c571e18-69a3-4a6d-81de-e3e48052df18@group-644576B5741B, cid=2882, SUCCESS, logIndex=4286, commits[4c571e18-69a3-4a6d-81de-e3e48052df18:c4287, 15893972-388e-43c0-9d6c-ca4c76ac06da:c4285, c86beb1c-9105-4588-b1e8-133030361c51:c4285]
2019-07-12 12:28:29,096 INFO  client.GrpcClientProtocolClient (GrpcClientProtocolClient.java:onNext(255)) - client-D83FC23EEBD8->4c571e18-69a3-4a6d-81de-e3e48052df18: receive RaftClientReply:client-D83FC23EEBD8->4c571e18-69a3-4a6d-81de-e3e48052df18@group-644576B5741B, cid=2883, SUCCESS, logIndex=4287, commits[4c571e18-69a3-4a6d-81de-e3e48052df18:c4287, 15893972-388e-43c0-9d6c-ca4c76ac06da:c4285, c86beb1c-9105-4588-b1e8-133030361c51:c4285]
2019-07-12 12:28:29,097 INFO  client.GrpcClientProtocolClient (GrpcClientProtocolClient.java:onNext(255)) - client-D83FC23EEBD8->4c571e18-69a3-4a6d-81de-e3e48052df18: receive RaftClientReply:client-D83FC23EEBD8->4c571e18-69a3-4a6d-81de-e3e48052df18@group-644576B5741B, cid=2884, SUCCESS, logIndex=4288, commits[4c571e18-69a3-4a6d-81de-e3e48052df18:c4289, 15893972-388e-43c0-9d6c-ca4c76ac06da:c4285, c86beb1c-9105-4588-b1e8-133030361c51:c4285]
2019-07-12 12:28:29,097 INFO  client.GrpcClientProtocolClient (GrpcClientProtocolClient.java:onNext(255)) - client-D83FC23EEBD8->4c571e18-69a3-4a6d-81de-e3e48052df18: receive RaftClientReply:client-D83FC23EEBD8->4c571e18-69a3-4a6d-81de-e3e48052df18@group-644576B5741B, cid=2885, SUCCESS, logIndex=4289, commits[4c571e18-69a3-4a6d-81de-e3e48052df18:c4291, 15893972-388e-43c0-9d6c-ca4c76ac06da:c4287, c86beb1c-9105-4588-b1e8-133030361c51:c4287]
2019-07-12 12:28:29,115 INFO  client.GrpcClientProtocolClient (GrpcClientProtocolClient.java:onNext(255)) - client-D83FC23EEBD8->4c571e18-69a3-4a6d-81de-e3e48052df18: receive RaftClientReply:client-D83FC23EEBD8->4c571e18-69a3-4a6d-81de-e3e48052df18@group-644576B5741B, cid=2886, SUCCESS, logIndex=4293, commits[4c571e18-69a3-4a6d-81de-e3e48052df18:c4294, 15893972-388e-43c0-9d6c-ca4c76ac06da:c4292, c86beb1c-9105-4588-b1e8-133030361c51:c4292]
2019-07-12 12:28:29,115 INFO  client.GrpcClientProtocolClient (GrpcClientProtocolClient.java:onNext(255)) - client-D83FC23EEBD8->4c571e18-69a3-4a6d-81de-e3e48052df18: receive RaftClientReply:client-D83FC23EEBD8->4c571e18-69a3-4a6d-81de-e3e48052df18@group-644576B5741B, cid=2887, SUCCESS, logIndex=4294, commits[4c571e18-69a3-4a6d-81de-e3e48052df18:c4294, 15893972-388e-43c0-9d6c-ca4c76ac06da:c4292, c86beb1c-9105-4588-b1e8-133030361c51:c4292]
2019-07-12 12:28:29,128 INFO  client.GrpcClientProtocolClient (GrpcClientProtocolClient.java:onNext(255)) - client-D83FC23EEBD8->4c571e18-69a3-4a6d-81de-e3e48052df18: receive RaftClientReply:client-D83FC23EEBD8->4c571e18-69a3-4a6d-81de-e3e48052df18@group-644576B5741B, cid=2888, SUCCESS, logIndex=4297, commits[4c571e18-69a3-4a6d-81de-e3e48052df18:c4298, 15893972-388e-43c0-9d6c-ca4c76ac06da:c4294, c86beb1c-9105-4588-b1e8-133030361c51:c4294]
2019-07-12 12:28:29,128 INFO  client.GrpcClientProtocolClient (GrpcClientProtocolClient.java:onNext(255)) - client-D83FC23EEBD8->4c571e18-69a3-4a6d-81de-e3e48052df18: receive RaftClientReply:client-D83FC23EEBD8->4c571e18-69a3-4a6d-81de-e3e48052df18@group-644576B5741B, cid=2889, SUCCESS, logIndex=4298, commits[4c571e18-69a3-4a6d-81de-e3e48052df18:c4298, 15893972-388e-43c0-9d6c-ca4c76ac06da:c4294, c86beb1c-9105-4588-b1e8-133030361c51:c4294]
2019-07-12 12:28:29,143 INFO  client.GrpcClientProtocolClient (GrpcClientProtocolClient.java:onNext(255)) - client-D83FC23EEBD8->4c571e18-69a3-4a6d-81de-e3e48052df18: receive RaftClientReply:client-D83FC23EEBD8->4c571e18-69a3-4a6d-81de-e3e48052df18@group-644576B5741B, cid=2890, SUCCESS, logIndex=0, commits[4c571e18-69a3-4a6d-81de-e3e48052df18:c4299, 15893972-388e-43c0-9d6c-ca4c76ac06da:c4298, c86beb1c-9105-4588-b1e8-133030361c51:c4298]
2019-07-12 12:28:29,169 INFO  client.GrpcClientProtocolClient (GrpcClientProtocolClient.java:onNext(255)) - client-D83FC23EEBD8->4c571e18-69a3-4a6d-81de-e3e48052df18: receive RaftClientReply:client-D83FC23EEBD8->4c571e18-69a3-4a6d-81de-e3e48052df18@group-644576B5741B, cid=2891, SUCCESS, logIndex=4301, commits[4c571e18-69a3-4a6d-81de-e3e48052df18:c4302, 15893972-388e-43c0-9d6c-ca4c76ac06da:c4300, c86beb1c-9105-4588-b1e8-133030361c51:c4300]
2019-07-12 12:28:29,170 INFO  client.GrpcClientProtocolClient (GrpcClientProtocolClient.java:onNext(255)) - client-D83FC23EEBD8->4c571e18-69a3-4a6d-81de-e3e48052df18: receive RaftClientReply:client-D83FC23EEBD8->4c571e18-69a3-4a6d-81de-e3e48052df18@group-644576B5741B, cid=2892, SUCCESS, logIndex=4302, commits[4c571e18-69a3-4a6d-81de-e3e48052df18:c4304, 15893972-388e-43c0-9d6c-ca4c76ac06da:c4300, c86beb1c-9105-4588-b1e8-133030361c51:c4300]
2019-07-12 12:28:29,170 INFO  client.GrpcClientProtocolClient (GrpcClientProtocolClient.java:onNext(255)) - client-D83FC23EEBD8->4c571e18-69a3-4a6d-81de-e3e48052df18: receive RaftClientReply:client-D83FC23EEBD8->4c571e18-69a3-4a6d-81de-e3e48052df18@group-644576B5741B, cid=2893, SUCCESS, logIndex=4303, commits[4c571e18-69a3-4a6d-81de-e3e48052df18:c4304, 15893972-388e-43c0-9d6c-ca4c76ac06da:c4300, c86beb1c-9105-4588-b1e8-133030361c51:c4300]
2019-07-12 12:28:29,170 INFO  client.GrpcClientProtocolClient (GrpcClientProtocolClient.java:onNext(255)) - client-D83FC23EEBD8->4c571e18-69a3-4a6d-81de-e3e48052df18: receive RaftClientReply:client-D83FC23EEBD8->4c571e18-69a3-4a6d-81de-e3e48052df18@group-644576B5741B, cid=2894, SUCCESS, logIndex=4304, commits[4c571e18-69a3-4a6d-81de-e3e48052df18:c4304, 15893972-388e-43c0-9d6c-ca4c76ac06da:c4300, c86beb1c-9105-4588-b1e8-133030361c51:c4300]
2019-07-12 12:28:29,173 INFO  client.GrpcClientProtocolClient (GrpcClientProtocolClient.java:onNext(255)) - client-D83FC23EEBD8->4c571e18-69a3-4a6d-81de-e3e48052df18: receive RaftClientReply:client-D83FC23EEBD8->4c571e18-69a3-4a6d-81de-e3e48052df18@group-644576B5741B, cid=2895, SUCCESS, logIndex=0, commits[4c571e18-69a3-4a6d-81de-e3e48052df18:c4306, 15893972-388e-43c0-9d6c-ca4c76ac06da:c4302, c86beb1c-9105-4588-b1e8-133030361c51:c4302]
2019-07-12 12:28:29,191 INFO  client.GrpcClientProtocolClient (GrpcClientProtocolClient.java:onNext(255)) - client-D83FC23EEBD8->4c571e18-69a3-4a6d-81de-e3e48052df18: receive RaftClientReply:client-D83FC23EEBD8->4c571e18-69a3-4a6d-81de-e3e48052df18@group-644576B5741B, cid=2896, SUCCESS, logIndex=4309, commits[4c571e18-69a3-4a6d-81de-e3e48052df18:c4309, 15893972-388e-43c0-9d6c-ca4c76ac06da:c4308, c86beb1c-9105-4588-b1e8-133030361c51:c4308]
2019-07-12 12:28:29,191 INFO  client.GrpcClientProtocolClient (GrpcClientProtocolClient.java:onNext(255)) - client-D83FC23EEBD8->4c571e18-69a3-4a6d-81de-e3e48052df18: receive RaftClientReply:client-D83FC23EEBD8->4c571e18-69a3-4a6d-81de-e3e48052df18@group-644576B5741B, cid=2897, SUCCESS, logIndex=4310, commits[4c571e18-69a3-4a6d-81de-e3e48052df18:c4310, 15893972-388e-43c0-9d6c-ca4c76ac06da:c4308, c86beb1c-9105-4588-b1e8-133030361c51:c4308]
2019-07-12 12:28:29,203 INFO  client.GrpcClientProtocolClient (GrpcClientProtocolClient.java:onNext(255)) - client-D83FC23EEBD8->4c571e18-69a3-4a6d-81de-e3e48052df18: receive RaftClientReply:client-D83FC23EEBD8->4c571e18-69a3-4a6d-81de-e3e48052df18@group-644576B5741B, cid=2898, SUCCESS, logIndex=4313, commits[4c571e18-69a3-4a6d-81de-e3e48052df18:c4313, 15893972-388e-43c0-9d6c-ca4c76ac06da:c4310, c86beb1c-9105-4588-b1e8-133030361c51:c4310]
2019-07-12 12:28:29,204 INFO  client.GrpcClientProtocolClient (GrpcClientProtocolClient.java:onNext(255)) - client-D83FC23EEBD8->4c571e18-69a3-4a6d-81de-e3e48052df18: receive RaftClientReply:client-D83FC23EEBD8->4c571e18-69a3-4a6d-81de-e3e48052df18@group-644576B5741B, cid=2899, SUCCESS, logIndex=4314, commits[4c571e18-69a3-4a6d-81de-e3e48052df18:c4314, 15893972-388e-43c0-9d6c-ca4c76ac06da:c4310, c86beb1c-9105-4588-b1e8-133030361c51:c4310]
2019-07-12 12:28:29,218 INFO  client.GrpcClientProtocolClient (GrpcClientProtocolClient.java:onNext(255)) - client-D83FC23EEBD8->4c571e18-69a3-4a6d-81de-e3e48052df18: receive RaftClientReply:client-D83FC23EEBD8->4c571e18-69a3-4a6d-81de-e3e48052df18@group-644576B5741B, cid=2900, SUCCESS, logIndex=0, commits[4c571e18-69a3-4a6d-81de-e3e48052df18:c4316, 15893972-388e-43c0-9d6c-ca4c76ac06da:c4314, c86beb1c-9105-4588-b1e8-133030361c51:c4314]
2019-07-12 12:28:29,246 INFO  client.GrpcClientProtocolClient (GrpcClientProtocolClient.java:onNext(255)) - client-D83FC23EEBD8->4c571e18-69a3-4a6d-81de-e3e48052df18: receive RaftClientReply:client-D83FC23EEBD8->4c571e18-69a3-4a6d-81de-e3e48052df18@group-644576B5741B, cid=2901, SUCCESS, logIndex=4317, commits[4c571e18-69a3-4a6d-81de-e3e48052df18:c4320, 15893972-388e-43c0-9d6c-ca4c76ac06da:c4316, c86beb1c-9105-4588-b1e8-133030361c51:c4316]
2019-07-12 12:28:29,246 INFO  client.GrpcClientProtocolClient (GrpcClientProtocolClient.java:onNext(255)) - client-D83FC23EEBD8->4c571e18-69a3-4a6d-81de-e3e48052df18: receive RaftClientReply:client-D83FC23EEBD8->4c571e18-69a3-4a6d-81de-e3e48052df18@group-644576B5741B, cid=2902, SUCCESS, logIndex=4318, commits[4c571e18-69a3-4a6d-81de-e3e48052df18:c4320, 15893972-388e-43c0-9d6c-ca4c76ac06da:c4316, c86beb1c-9105-4588-b1e8-133030361c51:c4316]
2019-07-12 12:28:29,246 INFO  client.GrpcClientProtocolClient (GrpcClientProtocolClient.java:onNext(255)) - client-D83FC23EEBD8->4c571e18-69a3-4a6d-81de-e3e48052df18: receive RaftClientReply:client-D83FC23EEBD8->4c571e18-69a3-4a6d-81de-e3e48052df18@group-644576B5741B, cid=2903, SUCCESS, logIndex=4319, commits[4c571e18-69a3-4a6d-81de-e3e48052df18:c4320, 15893972-388e-43c0-9d6c-ca4c76ac06da:c4316, c86beb1c-9105-4588-b1e8-133030361c51:c4316]
2019-07-12 12:28:29,247 INFO  client.GrpcClientProtocolClient (GrpcClientProtocolClient.java:onNext(255)) - client-D83FC23EEBD8->4c571e18-69a3-4a6d-81de-e3e48052df18: receive RaftClientReply:client-D83FC23EEBD8->4c571e18-69a3-4a6d-81de-e3e48052df18@group-644576B5741B, cid=2904, SUCCESS, logIndex=4320, commits[4c571e18-69a3-4a6d-81de-e3e48052df18:c4320, 15893972-388e-43c0-9d6c-ca4c76ac06da:c4316, c86beb1c-9105-4588-b1e8-133030361c51:c4316]
2019-07-12 12:28:29,257 INFO  client.GrpcClientProtocolClient (GrpcClientProtocolClient.java:onNext(255)) - client-D83FC23EEBD8->4c571e18-69a3-4a6d-81de-e3e48052df18: receive RaftClientReply:client-D83FC23EEBD8->4c571e18-69a3-4a6d-81de-e3e48052df18@group-644576B5741B, cid=2905, SUCCESS, logIndex=0, commits[4c571e18-69a3-4a6d-81de-e3e48052df18:c4320, 15893972-388e-43c0-9d6c-ca4c76ac06da:c4318, c86beb1c-9105-4588-b1e8-133030361c51:c4318]
2019-07-12 12:28:29,279 INFO  client.GrpcClientProtocolClient (GrpcClientProtocolClient.java:onNext(255)) - client-D83FC23EEBD8->4c571e18-69a3-4a6d-81de-e3e48052df18: receive RaftClientReply:client-D83FC23EEBD8->4c571e18-69a3-4a6d-81de-e3e48052df18@group-644576B5741B, cid=2906, SUCCESS, logIndex=4325, commits[4c571e18-69a3-4a6d-81de-e3e48052df18:c4326, 15893972-388e-43c0-9d6c-ca4c76ac06da:c4324, c86beb1c-9105-4588-b1e8-133030361c51:c4324]
2019-07-12 12:28:29,280 INFO  client.GrpcClientProtocolClient (GrpcClientProtocolClient.java:onNext(255)) - client-D83FC23EEBD8->4c571e18-69a3-4a6d-81de-e3e48052df18: receive RaftClientReply:client-D83FC23EEBD8->4c571e18-69a3-4a6d-81de-e3e48052df18@group-644576B5741B, cid=2907, SUCCESS, logIndex=4326, commits[4c571e18-69a3-4a6d-81de-e3e48052df18:c4326, 15893972-388e-43c0-9d6c-ca4c76ac06da:c4324, c86beb1c-9105-4588-b1e8-133030361c51:c4324]
2019-07-12 12:28:29,301 INFO  client.GrpcClientProtocolClient (GrpcClientProtocolClient.java:onNext(255)) - client-D83FC23EEBD8->4c571e18-69a3-4a6d-81de-e3e48052df18: receive RaftClientReply:client-D83FC23EEBD8->4c571e18-69a3-4a6d-81de-e3e48052df18@group-644576B5741B, cid=2908, SUCCESS, logIndex=4329, commits[4c571e18-69a3-4a6d-81de-e3e48052df18:c4330, 15893972-388e-43c0-9d6c-ca4c76ac06da:c4326, c86beb1c-9105-4588-b1e8-133030361c51:c4326]
2019-07-12 12:28:29,301 INFO  client.GrpcClientProtocolClient (GrpcClientProtocolClient.java:onNext(255)) - client-D83FC23EEBD8->4c571e18-69a3-4a6d-81de-e3e48052df18: receive RaftClientReply:client-D83FC23EEBD8->4c571e18-69a3-4a6d-81de-e3e48052df18@group-644576B5741B, cid=2909, SUCCESS, logIndex=4330, commits[4c571e18-69a3-4a6d-81de-e3e48052df18:c4330, 15893972-388e-43c0-9d6c-ca4c76ac06da:c4326, c86beb1c-9105-4588-b1e8-133030361c51:c4326]
2019-07-12 12:28:29,303 INFO  client.GrpcClientProtocolClient (GrpcClientProtocolClient.java:onNext(255)) - client-D83FC23EEBD8->4c571e18-69a3-4a6d-81de-e3e48052df18: receive RaftClientReply:client-D83FC23EEBD8->4c571e18-69a3-4a6d-81de-e3e48052df18@group-644576B5741B, cid=2910, SUCCESS, logIndex=0, commits[4c571e18-69a3-4a6d-81de-e3e48052df18:c4332, 15893972-388e-43c0-9d6c-ca4c76ac06da:c4330, c86beb1c-9105-4588-b1e8-133030361c51:c4330]
2019-07-12 12:28:29,328 INFO  client.GrpcClientProtocolClient (GrpcClientProtocolClient.java:onNext(255)) - client-D83FC23EEBD8->4c571e18-69a3-4a6d-81de-e3e48052df18: receive RaftClientReply:client-D83FC23EEBD8->4c571e18-69a3-4a6d-81de-e3e48052df18@group-644576B5741B, cid=2911, SUCCESS, logIndex=4333, commits[4c571e18-69a3-4a6d-81de-e3e48052df18:c4334, 15893972-388e-43c0-9d6c-ca4c76ac06da:c4332, c86beb1c-9105-4588-b1e8-133030361c51:c4332]
2019-07-12 12:28:29,328 INFO  client.GrpcClientProtocolClient (GrpcClientProtocolClient.java:onNext(255)) - client-D83FC23EEBD8->4c571e18-69a3-4a6d-81de-e3e48052df18: receive RaftClientReply:client-D83FC23EEBD8->4c571e18-69a3-4a6d-81de-e3e48052df18@group-644576B5741B, cid=2912, SUCCESS, logIndex=4334, commits[4c571e18-69a3-4a6d-81de-e3e48052df18:c4334, 15893972-388e-43c0-9d6c-ca4c76ac06da:c4332, c86beb1c-9105-4588-b1e8-133030361c51:c4332]
2019-07-12 12:28:29,329 INFO  client.GrpcClientProtocolClient (GrpcClientProtocolClient.java:onNext(255)) - client-D83FC23EEBD8->4c571e18-69a3-4a6d-81de-e3e48052df18: receive RaftClientReply:client-D83FC23EEBD8->4c571e18-69a3-4a6d-81de-e3e48052df18@group-644576B5741B, cid=2913, SUCCESS, logIndex=4335, commits[4c571e18-69a3-4a6d-81de-e3e48052df18:c4336, 15893972-388e-43c0-9d6c-ca4c76ac06da:c4332, c86beb1c-9105-4588-b1e8-133030361c51:c4332]
2019-07-12 12:28:29,329 INFO  client.GrpcClientProtocolClient (GrpcClientProtocolClient.java:onNext(255)) - client-D83FC23EEBD8->4c571e18-69a3-4a6d-81de-e3e48052df18: receive RaftClientReply:client-D83FC23EEBD8->4c571e18-69a3-4a6d-81de-e3e48052df18@group-644576B5741B, cid=2914, SUCCESS, logIndex=4336, commits[4c571e18-69a3-4a6d-81de-e3e48052df18:c4336, 15893972-388e-43c0-9d6c-ca4c76ac06da:c4332, c86beb1c-9105-4588-b1e8-133030361c51:c4332]
2019-07-12 12:28:29,330 INFO  client.GrpcClientProtocolClient (GrpcClientProtocolClient.java:onNext(255)) - client-D83FC23EEBD8->4c571e18-69a3-4a6d-81de-e3e48052df18: receive RaftClientReply:client-D83FC23EEBD8->4c571e18-69a3-4a6d-81de-e3e48052df18@group-644576B5741B, cid=2915, SUCCESS, logIndex=0, commits[4c571e18-69a3-4a6d-81de-e3e48052df18:c4338, 15893972-388e-43c0-9d6c-ca4c76ac06da:c4334, c86beb1c-9105-4588-b1e8-133030361c51:c4334]
2019-07-12 12:28:29,351 INFO  client.GrpcClientProtocolClient (GrpcClientProtocolClient.java:onNext(255)) - client-D83FC23EEBD8->4c571e18-69a3-4a6d-81de-e3e48052df18: receive RaftClientReply:client-D83FC23EEBD8->4c571e18-69a3-4a6d-81de-e3e48052df18@group-644576B5741B, cid=2916, SUCCESS, logIndex=4341, commits[4c571e18-69a3-4a6d-81de-e3e48052df18:c4342, 15893972-388e-43c0-9d6c-ca4c76ac06da:c4340, c86beb1c-9105-4588-b1e8-133030361c51:c4336]
2019-07-12 12:28:29,352 INFO  client.GrpcClientProtocolClient (GrpcClientProtocolClient.java:onNext(255)) - client-D83FC23EEBD8->4c571e18-69a3-4a6d-81de-e3e48052df18: receive RaftClientReply:client-D83FC23EEBD8->4c571e18-69a3-4a6d-81de-e3e48052df18@group-644576B5741B, cid=2917, SUCCESS, logIndex=4342, commits[4c571e18-69a3-4a6d-81de-e3e48052df18:c4342, 15893972-388e-43c0-9d6c-ca4c76ac06da:c4340, c86beb1c-9105-4588-b1e8-133030361c51:c4340]
2019-07-12 12:28:29,362 INFO  client.GrpcClientProtocolClient (GrpcClientProtocolClient.java:onNext(255)) - client-D83FC23EEBD8->4c571e18-69a3-4a6d-81de-e3e48052df18: receive RaftClientReply:client-D83FC23EEBD8->4c571e18-69a3-4a6d-81de-e3e48052df18@group-644576B5741B, cid=2918, SUCCESS, logIndex=4345, commits[4c571e18-69a3-4a6d-81de-e3e48052df18:c4346, 15893972-388e-43c0-9d6c-ca4c76ac06da:c4342, c86beb1c-9105-4588-b1e8-133030361c51:c4342]
2019-07-12 12:28:29,363 INFO  client.GrpcClientProtocolClient (GrpcClientProtocolClient.java:onNext(255)) - client-D83FC23EEBD8->4c571e18-69a3-4a6d-81de-e3e48052df18: receive RaftClientReply:client-D83FC23EEBD8->4c571e18-69a3-4a6d-81de-e3e48052df18@group-644576B5741B, cid=2919, SUCCESS, logIndex=4346, commits[4c571e18-69a3-4a6d-81de-e3e48052df18:c4346, 15893972-388e-43c0-9d6c-ca4c76ac06da:c4342, c86beb1c-9105-4588-b1e8-133030361c51:c4342]
2019-07-12 12:28:29,365 INFO  client.GrpcClientProtocolClient (GrpcClientProtocolClient.java:onNext(255)) - client-D83FC23EEBD8->4c571e18-69a3-4a6d-81de-e3e48052df18: receive RaftClientReply:client-D83FC23EEBD8->4c571e18-69a3-4a6d-81de-e3e48052df18@group-644576B5741B, cid=2920, SUCCESS, logIndex=0, commits[4c571e18-69a3-4a6d-81de-e3e48052df18:c4348, 15893972-388e-43c0-9d6c-ca4c76ac06da:c4346, c86beb1c-9105-4588-b1e8-133030361c51:c4346]
2019-07-12 12:28:29,391 INFO  client.GrpcClientProtocolClient (GrpcClientProtocolClient.java:onNext(255)) - client-D83FC23EEBD8->4c571e18-69a3-4a6d-81de-e3e48052df18: receive RaftClientReply:client-D83FC23EEBD8->4c571e18-69a3-4a6d-81de-e3e48052df18@group-644576B5741B, cid=2921, SUCCESS, logIndex=4349, commits[4c571e18-69a3-4a6d-81de-e3e48052df18:c4350, 15893972-388e-43c0-9d6c-ca4c76ac06da:c4348, c86beb1c-9105-4588-b1e8-133030361c51:c4348]
2019-07-12 12:28:29,392 INFO  client.GrpcClientProtocolClient (GrpcClientProtocolClient.java:onNext(255)) - client-D83FC23EEBD8->4c571e18-69a3-4a6d-81de-e3e48052df18: receive RaftClientReply:client-D83FC23EEBD8->4c571e18-69a3-4a6d-81de-e3e48052df18@group-644576B5741B, cid=2922, SUCCESS, logIndex=4350, commits[4c571e18-69a3-4a6d-81de-e3e48052df18:c4350, 15893972-388e-43c0-9d6c-ca4c76ac06da:c4348, c86beb1c-9105-4588-b1e8-133030361c51:c4348]
2019-07-12 12:28:29,392 INFO  client.GrpcClientProtocolClient (GrpcClientProtocolClient.java:onNext(255)) - client-D83FC23EEBD8->4c571e18-69a3-4a6d-81de-e3e48052df18: receive RaftClientReply:client-D83FC23EEBD8->4c571e18-69a3-4a6d-81de-e3e48052df18@group-644576B5741B, cid=2923, SUCCESS, logIndex=4351, commits[4c571e18-69a3-4a6d-81de-e3e48052df18:c4351, 15893972-388e-43c0-9d6c-ca4c76ac06da:c4348, c86beb1c-9105-4588-b1e8-133030361c51:c4348]
2019-07-12 12:28:29,393 INFO  client.GrpcClientProtocolClient (GrpcClientProtocolClient.java:onNext(255)) - client-D83FC23EEBD8->4c571e18-69a3-4a6d-81de-e3e48052df18: receive RaftClientReply:client-D83FC23EEBD8->4c571e18-69a3-4a6d-81de-e3e48052df18@group-644576B5741B, cid=2924, SUCCESS, logIndex=4352, commits[4c571e18-69a3-4a6d-81de-e3e48052df18:c4352, 15893972-388e-43c0-9d6c-ca4c76ac06da:c4348, c86beb1c-9105-4588-b1e8-133030361c51:c4348]
2019-07-12 12:28:29,394 INFO  client.GrpcClientProtocolClient (GrpcClientProtocolClient.java:onNext(255)) - client-D83FC23EEBD8->4c571e18-69a3-4a6d-81de-e3e48052df18: receive RaftClientReply:client-D83FC23EEBD8->4c571e18-69a3-4a6d-81de-e3e48052df18@group-644576B5741B, cid=2925, SUCCESS, logIndex=0, commits[4c571e18-69a3-4a6d-81de-e3e48052df18:c4354, 15893972-388e-43c0-9d6c-ca4c76ac06da:c4350, c86beb1c-9105-4588-b1e8-133030361c51:c4350]
2019-07-12 12:28:29,412 INFO  client.GrpcClientProtocolClient (GrpcClientProtocolClient.java:onNext(255)) - client-D83FC23EEBD8->4c571e18-69a3-4a6d-81de-e3e48052df18: receive RaftClientReply:client-D83FC23EEBD8->4c571e18-69a3-4a6d-81de-e3e48052df18@group-644576B5741B, cid=2926, SUCCESS, logIndex=4357, commits[4c571e18-69a3-4a6d-81de-e3e48052df18:c4358, 15893972-388e-43c0-9d6c-ca4c76ac06da:c4356, c86beb1c-9105-4588-b1e8-133030361c51:c4356]
2019-07-12 12:28:29,412 INFO  client.GrpcClientProtocolClient (GrpcClientProtocolClient.java:onNext(255)) - client-D83FC23EEBD8->4c571e18-69a3-4a6d-81de-e3e48052df18: receive RaftClientReply:client-D83FC23EEBD8->4c571e18-69a3-4a6d-81de-e3e48052df18@group-644576B5741B, cid=2927, SUCCESS, logIndex=4358, commits[4c571e18-69a3-4a6d-81de-e3e48052df18:c4358, 15893972-388e-43c0-9d6c-ca4c76ac06da:c4356, c86beb1c-9105-4588-b1e8-133030361c51:c4356]
2019-07-12 12:28:29,426 INFO  client.GrpcClientProtocolClient (GrpcClientProtocolClient.java:onNext(255)) - client-D83FC23EEBD8->4c571e18-69a3-4a6d-81de-e3e48052df18: receive RaftClientReply:client-D83FC23EEBD8->4c571e18-69a3-4a6d-81de-e3e48052df18@group-644576B5741B, cid=2928, SUCCESS, logIndex=4361, commits[4c571e18-69a3-4a6d-81de-e3e48052df18:c4361, 15893972-388e-43c0-9d6c-ca4c76ac06da:c4358, c86beb1c-9105-4588-b1e8-133030361c51:c4358]
2019-07-12 12:28:29,426 INFO  client.GrpcClientProtocolClient (GrpcClientProtocolClient.java:onNext(255)) - client-D83FC23EEBD8->4c571e18-69a3-4a6d-81de-e3e48052df18: receive RaftClientReply:client-D83FC23EEBD8->4c571e18-69a3-4a6d-81de-e3e48052df18@group-644576B5741B, cid=2929, SUCCESS, logIndex=4362, commits[4c571e18-69a3-4a6d-81de-e3e48052df18:c4362, 15893972-388e-43c0-9d6c-ca4c76ac06da:c4358, c86beb1c-9105-4588-b1e8-133030361c51:c4358]
2019-07-12 12:28:29,438 INFO  client.GrpcClientProtocolClient (GrpcClientProtocolClient.java:onNext(255)) - client-D83FC23EEBD8->4c571e18-69a3-4a6d-81de-e3e48052df18: receive RaftClientReply:client-D83FC23EEBD8->4c571e18-69a3-4a6d-81de-e3e48052df18@group-644576B5741B, cid=2930, SUCCESS, logIndex=0, commits[4c571e18-69a3-4a6d-81de-e3e48052df18:c4364, 15893972-388e-43c0-9d6c-ca4c76ac06da:c4362, c86beb1c-9105-4588-b1e8-133030361c51:c4362]
2019-07-12 12:28:29,467 INFO  client.GrpcClientProtocolClient (GrpcClientProtocolClient.java:onNext(255)) - client-D83FC23EEBD8->4c571e18-69a3-4a6d-81de-e3e48052df18: receive RaftClientReply:client-D83FC23EEBD8->4c571e18-69a3-4a6d-81de-e3e48052df18@group-644576B5741B, cid=2931, SUCCESS, logIndex=4365, commits[4c571e18-69a3-4a6d-81de-e3e48052df18:c4366, 15893972-388e-43c0-9d6c-ca4c76ac06da:c4364, c86beb1c-9105-4588-b1e8-133030361c51:c4364]
2019-07-12 12:28:29,467 INFO  client.GrpcClientProtocolClient (GrpcClientProtocolClient.java:onNext(255)) - client-D83FC23EEBD8->4c571e18-69a3-4a6d-81de-e3e48052df18: receive RaftClientReply:client-D83FC23EEBD8->4c571e18-69a3-4a6d-81de-e3e48052df18@group-644576B5741B, cid=2932, SUCCESS, logIndex=4366, commits[4c571e18-69a3-4a6d-81de-e3e48052df18:c4366, 15893972-388e-43c0-9d6c-ca4c76ac06da:c4364, c86beb1c-9105-4588-b1e8-133030361c51:c4364]
2019-07-12 12:28:29,470 INFO  client.GrpcClientProtocolClient (GrpcClientProtocolClient.java:onNext(255)) - client-D83FC23EEBD8->4c571e18-69a3-4a6d-81de-e3e48052df18: receive RaftClientReply:client-D83FC23EEBD8->4c571e18-69a3-4a6d-81de-e3e48052df18@group-644576B5741B, cid=2933, SUCCESS, logIndex=4367, commits[4c571e18-69a3-4a6d-81de-e3e48052df18:c4368, 15893972-388e-43c0-9d6c-ca4c76ac06da:c4364, c86beb1c-9105-4588-b1e8-133030361c51:c4364]
2019-07-12 12:28:29,470 INFO  client.GrpcClientProtocolClient (GrpcClientProtocolClient.java:onNext(255)) - client-D83FC23EEBD8->4c571e18-69a3-4a6d-81de-e3e48052df18: receive RaftClientReply:client-D83FC23EEBD8->4c571e18-69a3-4a6d-81de-e3e48052df18@group-644576B5741B, cid=2934, SUCCESS, logIndex=4368, commits[4c571e18-69a3-4a6d-81de-e3e48052df18:c4368, 15893972-388e-43c0-9d6c-ca4c76ac06da:c4364, c86beb1c-9105-4588-b1e8-133030361c51:c4364]
2019-07-12 12:28:29,481 INFO  client.GrpcClientProtocolClient (GrpcClientProtocolClient.java:onNext(255)) - client-D83FC23EEBD8->4c571e18-69a3-4a6d-81de-e3e48052df18: receive RaftClientReply:client-D83FC23EEBD8->4c571e18-69a3-4a6d-81de-e3e48052df18@group-644576B5741B, cid=2935, SUCCESS, logIndex=0, commits[4c571e18-69a3-4a6d-81de-e3e48052df18:c4370, 15893972-388e-43c0-9d6c-ca4c76ac06da:c4366, c86beb1c-9105-4588-b1e8-133030361c51:c4366]
2019-07-12 12:28:29,499 INFO  client.GrpcClientProtocolClient (GrpcClientProtocolClient.java:onNext(255)) - client-D83FC23EEBD8->4c571e18-69a3-4a6d-81de-e3e48052df18: receive RaftClientReply:client-D83FC23EEBD8->4c571e18-69a3-4a6d-81de-e3e48052df18@group-644576B5741B, cid=2936, SUCCESS, logIndex=4373, commits[4c571e18-69a3-4a6d-81de-e3e48052df18:c4374, 15893972-388e-43c0-9d6c-ca4c76ac06da:c4372, c86beb1c-9105-4588-b1e8-133030361c51:c4372]
2019-07-12 12:28:29,500 INFO  client.GrpcClientProtocolClient (GrpcClientProtocolClient.java:onNext(255)) - client-D83FC23EEBD8->4c571e18-69a3-4a6d-81de-e3e48052df18: receive RaftClientReply:client-D83FC23EEBD8->4c571e18-69a3-4a6d-81de-e3e48052df18@group-644576B5741B, cid=2937, SUCCESS, logIndex=4374, commits[4c571e18-69a3-4a6d-81de-e3e48052df18:c4374, 15893972-388e-43c0-9d6c-ca4c76ac06da:c4372, c86beb1c-9105-4588-b1e8-133030361c51:c4372]
2019-07-12 12:28:29,514 INFO  client.GrpcClientProtocolClient (GrpcClientProtocolClient.java:onNext(255)) - client-D83FC23EEBD8->4c571e18-69a3-4a6d-81de-e3e48052df18: receive RaftClientReply:client-D83FC23EEBD8->4c571e18-69a3-4a6d-81de-e3e48052df18@group-644576B5741B, cid=2938, SUCCESS, logIndex=4377, commits[4c571e18-69a3-4a6d-81de-e3e48052df18:c4378, 15893972-388e-43c0-9d6c-ca4c76ac06da:c4374, c86beb1c-9105-4588-b1e8-133030361c51:c4374]
2019-07-12 12:28:29,514 INFO  client.GrpcClientProtocolClient (GrpcClientProtocolClient.java:onNext(255)) - client-D83FC23EEBD8->4c571e18-69a3-4a6d-81de-e3e48052df18: receive RaftClientReply:client-D83FC23EEBD8->4c571e18-69a3-4a6d-81de-e3e48052df18@group-644576B5741B, cid=2939, SUCCESS, logIndex=4378, commits[4c571e18-69a3-4a6d-81de-e3e48052df18:c4378, 15893972-388e-43c0-9d6c-ca4c76ac06da:c4374, c86beb1c-9105-4588-b1e8-133030361c51:c4374]
2019-07-12 12:28:29,529 INFO  client.GrpcClientProtocolClient (GrpcClientProtocolClient.java:onNext(255)) - client-D83FC23EEBD8->4c571e18-69a3-4a6d-81de-e3e48052df18: receive RaftClientReply:client-D83FC23EEBD8->4c571e18-69a3-4a6d-81de-e3e48052df18@group-644576B5741B, cid=2940, SUCCESS, logIndex=0, commits[4c571e18-69a3-4a6d-81de-e3e48052df18:c4379, 15893972-388e-43c0-9d6c-ca4c76ac06da:c4378, c86beb1c-9105-4588-b1e8-133030361c51:c4378]
2019-07-12 12:28:29,567 INFO  client.GrpcClientProtocolClient (GrpcClientProtocolClient.java:onNext(255)) - client-D83FC23EEBD8->4c571e18-69a3-4a6d-81de-e3e48052df18: receive RaftClientReply:client-D83FC23EEBD8->4c571e18-69a3-4a6d-81de-e3e48052df18@group-644576B5741B, cid=2941, SUCCESS, logIndex=4381, commits[4c571e18-69a3-4a6d-81de-e3e48052df18:c4384, 15893972-388e-43c0-9d6c-ca4c76ac06da:c4380, c86beb1c-9105-4588-b1e8-133030361c51:c4380]
2019-07-12 12:28:29,567 INFO  client.GrpcClientProtocolClient (GrpcClientProtocolClient.java:onNext(255)) - client-D83FC23EEBD8->4c571e18-69a3-4a6d-81de-e3e48052df18: receive RaftClientReply:client-D83FC23EEBD8->4c571e18-69a3-4a6d-81de-e3e48052df18@group-644576B5741B, cid=2942, SUCCESS, logIndex=4382, commits[4c571e18-69a3-4a6d-81de-e3e48052df18:c4384, 15893972-388e-43c0-9d6c-ca4c76ac06da:c4380, c86beb1c-9105-4588-b1e8-133030361c51:c4380]
2019-07-12 12:28:29,568 INFO  client.GrpcClientProtocolClient (GrpcClientProtocolClient.java:onNext(255)) - client-D83FC23EEBD8->4c571e18-69a3-4a6d-81de-e3e48052df18: receive RaftClientReply:client-D83FC23EEBD8->4c571e18-69a3-4a6d-81de-e3e48052df18@group-644576B5741B, cid=2943, SUCCESS, logIndex=4383, commits[4c571e18-69a3-4a6d-81de-e3e48052df18:c4384, 15893972-388e-43c0-9d6c-ca4c76ac06da:c4380, c86beb1c-9105-4588-b1e8-133030361c51:c4380]
2019-07-12 12:28:29,569 INFO  client.GrpcClientProtocolClient (GrpcClientProtocolClient.java:onNext(255)) - client-D83FC23EEBD8->4c571e18-69a3-4a6d-81de-e3e48052df18: receive RaftClientReply:client-D83FC23EEBD8->4c571e18-69a3-4a6d-81de-e3e48052df18@group-644576B5741B, cid=2944, SUCCESS, logIndex=4384, commits[4c571e18-69a3-4a6d-81de-e3e48052df18:c4384, 15893972-388e-43c0-9d6c-ca4c76ac06da:c4380, c86beb1c-9105-4588-b1e8-133030361c51:c4380]
2019-07-12 12:28:29,570 INFO  client.GrpcClientProtocolClient (GrpcClientProtocolClient.java:onNext(255)) - client-D83FC23EEBD8->4c571e18-69a3-4a6d-81de-e3e48052df18: receive RaftClientReply:client-D83FC23EEBD8->4c571e18-69a3-4a6d-81de-e3e48052df18@group-644576B5741B, cid=2945, SUCCESS, logIndex=0, commits[4c571e18-69a3-4a6d-81de-e3e48052df18:c4385, 15893972-388e-43c0-9d6c-ca4c76ac06da:c4383, c86beb1c-9105-4588-b1e8-133030361c51:c4382]
2019-07-12 12:28:29,592 INFO  client.GrpcClientProtocolClient (GrpcClientProtocolClient.java:onNext(255)) - client-D83FC23EEBD8->4c571e18-69a3-4a6d-81de-e3e48052df18: receive RaftClientReply:client-D83FC23EEBD8->4c571e18-69a3-4a6d-81de-e3e48052df18@group-644576B5741B, cid=2946, SUCCESS, logIndex=4389, commits[4c571e18-69a3-4a6d-81de-e3e48052df18:c4390, 15893972-388e-43c0-9d6c-ca4c76ac06da:c4388, c86beb1c-9105-4588-b1e8-133030361c51:c4388]
2019-07-12 12:28:29,592 INFO  client.GrpcClientProtocolClient (GrpcClientProtocolClient.java:onNext(255)) - client-D83FC23EEBD8->4c571e18-69a3-4a6d-81de-e3e48052df18: receive RaftClientReply:client-D83FC23EEBD8->4c571e18-69a3-4a6d-81de-e3e48052df18@group-644576B5741B, cid=2947, SUCCESS, logIndex=4390, commits[4c571e18-69a3-4a6d-81de-e3e48052df18:c4390, 15893972-388e-43c0-9d6c-ca4c76ac06da:c4388, c86beb1c-9105-4588-b1e8-133030361c51:c4388]
2019-07-12 12:28:29,605 INFO  client.GrpcClientProtocolClient (GrpcClientProtocolClient.java:onNext(255)) - client-D83FC23EEBD8->4c571e18-69a3-4a6d-81de-e3e48052df18: receive RaftClientReply:client-D83FC23EEBD8->4c571e18-69a3-4a6d-81de-e3e48052df18@group-644576B5741B, cid=2948, SUCCESS, logIndex=4393, commits[4c571e18-69a3-4a6d-81de-e3e48052df18:c4394, 15893972-388e-43c0-9d6c-ca4c76ac06da:c4390, c86beb1c-9105-4588-b1e8-133030361c51:c4390]
2019-07-12 12:28:29,606 INFO  client.GrpcClientProtocolClient (GrpcClientProtocolClient.java:onNext(255)) - client-D83FC23EEBD8->4c571e18-69a3-4a6d-81de-e3e48052df18: receive RaftClientReply:client-D83FC23EEBD8->4c571e18-69a3-4a6d-81de-e3e48052df18@group-644576B5741B, cid=2949, SUCCESS, logIndex=4394, commits[4c571e18-69a3-4a6d-81de-e3e48052df18:c4394, 15893972-388e-43c0-9d6c-ca4c76ac06da:c4390, c86beb1c-9105-4588-b1e8-133030361c51:c4390]
 0.00% |█                                                                                                    |  0/1 Time: 0:00:212019-07-12 12:28:29,618 INFO  client.GrpcClientProtocolClient (GrpcClientProtocolClient.java:onNext(255)) - client-D83FC23EEBD8->4c571e18-69a3-4a6d-81de-e3e48052df18: receive RaftClientReply:client-D83FC23EEBD8->4c571e18-69a3-4a6d-81de-e3e48052df18@group-644576B5741B, cid=2950, SUCCESS, logIndex=0, commits[4c571e18-69a3-4a6d-81de-e3e48052df18:c4396, 15893972-388e-43c0-9d6c-ca4c76ac06da:c4394, c86beb1c-9105-4588-b1e8-133030361c51:c4394]
2019-07-12 12:28:29,733 INFO  client.GrpcClientProtocolClient (GrpcClientProtocolClient.java:onNext(255)) - client-D83FC23EEBD8->4c571e18-69a3-4a6d-81de-e3e48052df18: receive RaftClientReply:client-D83FC23EEBD8->4c571e18-69a3-4a6d-81de-e3e48052df18@group-644576B5741B, cid=2951, SUCCESS, logIndex=4397, commits[4c571e18-69a3-4a6d-81de-e3e48052df18:c4398, 15893972-388e-43c0-9d6c-ca4c76ac06da:c4396, c86beb1c-9105-4588-b1e8-133030361c51:c4396]
2019-07-12 12:28:29,733 INFO  client.GrpcClientProtocolClient (GrpcClientProtocolClient.java:onNext(255)) - client-D83FC23EEBD8->4c571e18-69a3-4a6d-81de-e3e48052df18: receive RaftClientReply:client-D83FC23EEBD8->4c571e18-69a3-4a6d-81de-e3e48052df18@group-644576B5741B, cid=2952, SUCCESS, logIndex=4398, commits[4c571e18-69a3-4a6d-81de-e3e48052df18:c4398, 15893972-388e-43c0-9d6c-ca4c76ac06da:c4396, c86beb1c-9105-4588-b1e8-133030361c51:c4396]
2019-07-12 12:28:29,734 INFO  client.GrpcClientProtocolClient (GrpcClientProtocolClient.java:onNext(255)) - client-D83FC23EEBD8->4c571e18-69a3-4a6d-81de-e3e48052df18: receive RaftClientReply:client-D83FC23EEBD8->4c571e18-69a3-4a6d-81de-e3e48052df18@group-644576B5741B, cid=2953, SUCCESS, logIndex=4399, commits[4c571e18-69a3-4a6d-81de-e3e48052df18:c4400, 15893972-388e-43c0-9d6c-ca4c76ac06da:c4396, c86beb1c-9105-4588-b1e8-133030361c51:c4396]
2019-07-12 12:28:29,734 INFO  client.GrpcClientProtocolClient (GrpcClientProtocolClient.java:onNext(255)) - client-D83FC23EEBD8->4c571e18-69a3-4a6d-81de-e3e48052df18: receive RaftClientReply:client-D83FC23EEBD8->4c571e18-69a3-4a6d-81de-e3e48052df18@group-644576B5741B, cid=2954, SUCCESS, logIndex=4400, commits[4c571e18-69a3-4a6d-81de-e3e48052df18:c4400, 15893972-388e-43c0-9d6c-ca4c76ac06da:c4396, c86beb1c-9105-4588-b1e8-133030361c51:c4396]
2019-07-12 12:28:29,735 INFO  client.GrpcClientProtocolClient (GrpcClientProtocolClient.java:onNext(255)) - client-D83FC23EEBD8->4c571e18-69a3-4a6d-81de-e3e48052df18: receive RaftClientReply:client-D83FC23EEBD8->4c571e18-69a3-4a6d-81de-e3e48052df18@group-644576B5741B, cid=2955, SUCCESS, logIndex=0, commits[4c571e18-69a3-4a6d-81de-e3e48052df18:c4402, 15893972-388e-43c0-9d6c-ca4c76ac06da:c4398, c86beb1c-9105-4588-b1e8-133030361c51:c4398]
2019-07-12 12:28:29,770 INFO  client.GrpcClientProtocolClient (GrpcClientProtocolClient.java:onNext(255)) - client-D83FC23EEBD8->4c571e18-69a3-4a6d-81de-e3e48052df18: receive RaftClientReply:client-D83FC23EEBD8->4c571e18-69a3-4a6d-81de-e3e48052df18@group-644576B5741B, cid=2956, SUCCESS, logIndex=4405, commits[4c571e18-69a3-4a6d-81de-e3e48052df18:c4406, 15893972-388e-43c0-9d6c-ca4c76ac06da:c4404, c86beb1c-9105-4588-b1e8-133030361c51:c4404]
2019-07-12 12:28:29,771 INFO  client.GrpcClientProtocolClient (GrpcClientProtocolClient.java:onNext(255)) - client-D83FC23EEBD8->4c571e18-69a3-4a6d-81de-e3e48052df18: receive RaftClientReply:client-D83FC23EEBD8->4c571e18-69a3-4a6d-81de-e3e48052df18@group-644576B5741B, cid=2957, SUCCESS, logIndex=4406, commits[4c571e18-69a3-4a6d-81de-e3e48052df18:c4406, 15893972-388e-43c0-9d6c-ca4c76ac06da:c4404, c86beb1c-9105-4588-b1e8-133030361c51:c4404]
2019-07-12 12:28:29,784 INFO  client.GrpcClientProtocolClient (GrpcClientProtocolClient.java:onNext(255)) - client-D83FC23EEBD8->4c571e18-69a3-4a6d-81de-e3e48052df18: receive RaftClientReply:client-D83FC23EEBD8->4c571e18-69a3-4a6d-81de-e3e48052df18@group-644576B5741B, cid=2958, SUCCESS, logIndex=4409, commits[4c571e18-69a3-4a6d-81de-e3e48052df18:c4410, 15893972-388e-43c0-9d6c-ca4c76ac06da:c4406, c86beb1c-9105-4588-b1e8-133030361c51:c4406]
2019-07-12 12:28:29,784 INFO  client.GrpcClientProtocolClient (GrpcClientProtocolClient.java:onNext(255)) - client-D83FC23EEBD8->4c571e18-69a3-4a6d-81de-e3e48052df18: receive RaftClientReply:client-D83FC23EEBD8->4c571e18-69a3-4a6d-81de-e3e48052df18@group-644576B5741B, cid=2959, SUCCESS, logIndex=4410, commits[4c571e18-69a3-4a6d-81de-e3e48052df18:c4410, 15893972-388e-43c0-9d6c-ca4c76ac06da:c4406, c86beb1c-9105-4588-b1e8-133030361c51:c4406]
2019-07-12 12:28:29,798 INFO  client.GrpcClientProtocolClient (GrpcClientProtocolClient.java:onNext(255)) - client-D83FC23EEBD8->4c571e18-69a3-4a6d-81de-e3e48052df18: receive RaftClientReply:client-D83FC23EEBD8->4c571e18-69a3-4a6d-81de-e3e48052df18@group-644576B5741B, cid=2960, SUCCESS, logIndex=0, commits[4c571e18-69a3-4a6d-81de-e3e48052df18:c4412, 15893972-388e-43c0-9d6c-ca4c76ac06da:c4410, c86beb1c-9105-4588-b1e8-133030361c51:c4410]
2019-07-12 12:28:29,820 INFO  client.GrpcClientProtocolClient (GrpcClientProtocolClient.java:onNext(255)) - client-D83FC23EEBD8->4c571e18-69a3-4a6d-81de-e3e48052df18: receive RaftClientReply:client-D83FC23EEBD8->4c571e18-69a3-4a6d-81de-e3e48052df18@group-644576B5741B, cid=2961, SUCCESS, logIndex=4413, commits[4c571e18-69a3-4a6d-81de-e3e48052df18:c4416, 15893972-388e-43c0-9d6c-ca4c76ac06da:c4412, c86beb1c-9105-4588-b1e8-133030361c51:c4412]
2019-07-12 12:28:29,820 INFO  client.GrpcClientProtocolClient (GrpcClientProtocolClient.java:onNext(255)) - client-D83FC23EEBD8->4c571e18-69a3-4a6d-81de-e3e48052df18: receive RaftClientReply:client-D83FC23EEBD8->4c571e18-69a3-4a6d-81de-e3e48052df18@group-644576B5741B, cid=2962, SUCCESS, logIndex=4414, commits[4c571e18-69a3-4a6d-81de-e3e48052df18:c4416, 15893972-388e-43c0-9d6c-ca4c76ac06da:c4412, c86beb1c-9105-4588-b1e8-133030361c51:c4412]
2019-07-12 12:28:29,820 INFO  client.GrpcClientProtocolClient (GrpcClientProtocolClient.java:onNext(255)) - client-D83FC23EEBD8->4c571e18-69a3-4a6d-81de-e3e48052df18: receive RaftClientReply:client-D83FC23EEBD8->4c571e18-69a3-4a6d-81de-e3e48052df18@group-644576B5741B, cid=2963, SUCCESS, logIndex=4415, commits[4c571e18-69a3-4a6d-81de-e3e48052df18:c4416, 15893972-388e-43c0-9d6c-ca4c76ac06da:c4412, c86beb1c-9105-4588-b1e8-133030361c51:c4412]
2019-07-12 12:28:29,821 INFO  client.GrpcClientProtocolClient (GrpcClientProtocolClient.java:onNext(255)) - client-D83FC23EEBD8->4c571e18-69a3-4a6d-81de-e3e48052df18: receive RaftClientReply:client-D83FC23EEBD8->4c571e18-69a3-4a6d-81de-e3e48052df18@group-644576B5741B, cid=2964, SUCCESS, logIndex=4416, commits[4c571e18-69a3-4a6d-81de-e3e48052df18:c4416, 15893972-388e-43c0-9d6c-ca4c76ac06da:c4412, c86beb1c-9105-4588-b1e8-133030361c51:c4412]
2019-07-12 12:28:29,821 INFO  client.GrpcClientProtocolClient (GrpcClientProtocolClient.java:onNext(255)) - client-D83FC23EEBD8->4c571e18-69a3-4a6d-81de-e3e48052df18: receive RaftClientReply:client-D83FC23EEBD8->4c571e18-69a3-4a6d-81de-e3e48052df18@group-644576B5741B, cid=2965, SUCCESS, logIndex=0, commits[4c571e18-69a3-4a6d-81de-e3e48052df18:c4417, 15893972-388e-43c0-9d6c-ca4c76ac06da:c4414, c86beb1c-9105-4588-b1e8-133030361c51:c4414]
2019-07-12 12:28:29,833 INFO  client.GrpcClientProtocolClient (GrpcClientProtocolClient.java:onNext(255)) - client-D83FC23EEBD8->4c571e18-69a3-4a6d-81de-e3e48052df18: receive RaftClientReply:client-D83FC23EEBD8->4c571e18-69a3-4a6d-81de-e3e48052df18@group-644576B5741B, cid=2966, SUCCESS, logIndex=4421, commits[4c571e18-69a3-4a6d-81de-e3e48052df18:c4422, 15893972-388e-43c0-9d6c-ca4c76ac06da:c4420, c86beb1c-9105-4588-b1e8-133030361c51:c4420]
2019-07-12 12:28:29,833 INFO  client.GrpcClientProtocolClient (GrpcClientProtocolClient.java:onNext(255)) - client-D83FC23EEBD8->4c571e18-69a3-4a6d-81de-e3e48052df18: receive RaftClientReply:client-D83FC23EEBD8->4c571e18-69a3-4a6d-81de-e3e48052df18@group-644576B5741B, cid=2967, SUCCESS, logIndex=4422, commits[4c571e18-69a3-4a6d-81de-e3e48052df18:c4422, 15893972-388e-43c0-9d6c-ca4c76ac06da:c4420, c86beb1c-9105-4588-b1e8-133030361c51:c4420]
2019-07-12 12:28:29,888 INFO  client.GrpcClientProtocolClient (GrpcClientProtocolClient.java:onNext(255)) - client-D83FC23EEBD8->4c571e18-69a3-4a6d-81de-e3e48052df18: receive RaftClientReply:client-D83FC23EEBD8->4c571e18-69a3-4a6d-81de-e3e48052df18@group-644576B5741B, cid=2968, SUCCESS, logIndex=4425, commits[4c571e18-69a3-4a6d-81de-e3e48052df18:c4426, 15893972-388e-43c0-9d6c-ca4c76ac06da:c4422, c86beb1c-9105-4588-b1e8-133030361c51:c4422]
2019-07-12 12:28:29,888 INFO  client.GrpcClientProtocolClient (GrpcClientProtocolClient.java:onNext(255)) - client-D83FC23EEBD8->4c571e18-69a3-4a6d-81de-e3e48052df18: receive RaftClientReply:client-D83FC23EEBD8->4c571e18-69a3-4a6d-81de-e3e48052df18@group-644576B5741B, cid=2969, SUCCESS, logIndex=4426, commits[4c571e18-69a3-4a6d-81de-e3e48052df18:c4426, 15893972-388e-43c0-9d6c-ca4c76ac06da:c4422, c86beb1c-9105-4588-b1e8-133030361c51:c4422]
2019-07-12 12:28:29,890 INFO  client.GrpcClientProtocolClient (GrpcClientProtocolClient.java:onNext(255)) - client-D83FC23EEBD8->4c571e18-69a3-4a6d-81de-e3e48052df18: receive RaftClientReply:client-D83FC23EEBD8->4c571e18-69a3-4a6d-81de-e3e48052df18@group-644576B5741B, cid=2970, SUCCESS, logIndex=0, commits[4c571e18-69a3-4a6d-81de-e3e48052df18:c4427, 15893972-388e-43c0-9d6c-ca4c76ac06da:c4426, c86beb1c-9105-4588-b1e8-133030361c51:c4426]
2019-07-12 12:28:29,919 INFO  client.GrpcClientProtocolClient (GrpcClientProtocolClient.java:onNext(255)) - client-D83FC23EEBD8->4c571e18-69a3-4a6d-81de-e3e48052df18: receive RaftClientReply:client-D83FC23EEBD8->4c571e18-69a3-4a6d-81de-e3e48052df18@group-644576B5741B, cid=2971, SUCCESS, logIndex=4429, commits[4c571e18-69a3-4a6d-81de-e3e48052df18:c4431, 15893972-388e-43c0-9d6c-ca4c76ac06da:c4428, c86beb1c-9105-4588-b1e8-133030361c51:c4428]
2019-07-12 12:28:29,919 INFO  client.GrpcClientProtocolClient (GrpcClientProtocolClient.java:onNext(255)) - client-D83FC23EEBD8->4c571e18-69a3-4a6d-81de-e3e48052df18: receive RaftClientReply:client-D83FC23EEBD8->4c571e18-69a3-4a6d-81de-e3e48052df18@group-644576B5741B, cid=2972, SUCCESS, logIndex=4430, commits[4c571e18-69a3-4a6d-81de-e3e48052df18:c4432, 15893972-388e-43c0-9d6c-ca4c76ac06da:c4428, c86beb1c-9105-4588-b1e8-133030361c51:c4428]
2019-07-12 12:28:29,920 INFO  client.GrpcClientProtocolClient (GrpcClientProtocolClient.java:onNext(255)) - client-D83FC23EEBD8->4c571e18-69a3-4a6d-81de-e3e48052df18: receive RaftClientReply:client-D83FC23EEBD8->4c571e18-69a3-4a6d-81de-e3e48052df18@group-644576B5741B, cid=2973, SUCCESS, logIndex=4431, commits[4c571e18-69a3-4a6d-81de-e3e48052df18:c4433, 15893972-388e-43c0-9d6c-ca4c76ac06da:c4428, c86beb1c-9105-4588-b1e8-133030361c51:c4430]
2019-07-12 12:28:29,920 INFO  client.GrpcClientProtocolClient (GrpcClientProtocolClient.java:onNext(255)) - client-D83FC23EEBD8->4c571e18-69a3-4a6d-81de-e3e48052df18: receive RaftClientReply:client-D83FC23EEBD8->4c571e18-69a3-4a6d-81de-e3e48052df18@group-644576B5741B, cid=2974, SUCCESS, logIndex=4432, commits[4c571e18-69a3-4a6d-81de-e3e48052df18:c4433, 15893972-388e-43c0-9d6c-ca4c76ac06da:c4430, c86beb1c-9105-4588-b1e8-133030361c51:c4430]
2019-07-12 12:28:29,940 INFO  client.GrpcClientProtocolClient (GrpcClientProtocolClient.java:onNext(255)) - client-D83FC23EEBD8->4c571e18-69a3-4a6d-81de-e3e48052df18: receive RaftClientReply:client-D83FC23EEBD8->4c571e18-69a3-4a6d-81de-e3e48052df18@group-644576B5741B, cid=2975, SUCCESS, logIndex=4437, commits[4c571e18-69a3-4a6d-81de-e3e48052df18:c4438, 15893972-388e-43c0-9d6c-ca4c76ac06da:c4436, c86beb1c-9105-4588-b1e8-133030361c51:c4436]
2019-07-12 12:28:29,940 INFO  client.GrpcClientProtocolClient (GrpcClientProtocolClient.java:onNext(255)) - client-D83FC23EEBD8->4c571e18-69a3-4a6d-81de-e3e48052df18: receive RaftClientReply:client-D83FC23EEBD8->4c571e18-69a3-4a6d-81de-e3e48052df18@group-644576B5741B, cid=2976, SUCCESS, logIndex=4438, commits[4c571e18-69a3-4a6d-81de-e3e48052df18:c4438, 15893972-388e-43c0-9d6c-ca4c76ac06da:c4436, c86beb1c-9105-4588-b1e8-133030361c51:c4436]
2019-07-12 12:28:29,954 INFO  client.GrpcClientProtocolClient (GrpcClientProtocolClient.java:onNext(255)) - client-D83FC23EEBD8->4c571e18-69a3-4a6d-81de-e3e48052df18: receive RaftClientReply:client-D83FC23EEBD8->4c571e18-69a3-4a6d-81de-e3e48052df18@group-644576B5741B, cid=2977, SUCCESS, logIndex=4441, commits[4c571e18-69a3-4a6d-81de-e3e48052df18:c4442, 15893972-388e-43c0-9d6c-ca4c76ac06da:c4438, c86beb1c-9105-4588-b1e8-133030361c51:c4438]
2019-07-12 12:28:29,955 INFO  client.GrpcClientProtocolClient (GrpcClientProtocolClient.java:onNext(255)) - client-D83FC23EEBD8->4c571e18-69a3-4a6d-81de-e3e48052df18: receive RaftClientReply:client-D83FC23EEBD8->4c571e18-69a3-4a6d-81de-e3e48052df18@group-644576B5741B, cid=2978, SUCCESS, logIndex=4442, commits[4c571e18-69a3-4a6d-81de-e3e48052df18:c4442, 15893972-388e-43c0-9d6c-ca4c76ac06da:c4438, c86beb1c-9105-4588-b1e8-133030361c51:c4438]
2019-07-12 12:28:29,969 INFO  client.GrpcClientProtocolClient (GrpcClientProtocolClient.java:onNext(255)) - client-D83FC23EEBD8->4c571e18-69a3-4a6d-81de-e3e48052df18: receive RaftClientReply:client-D83FC23EEBD8->4c571e18-69a3-4a6d-81de-e3e48052df18@group-644576B5741B, cid=2979, SUCCESS, logIndex=0, commits[4c571e18-69a3-4a6d-81de-e3e48052df18:c4444, 15893972-388e-43c0-9d6c-ca4c76ac06da:c4442, c86beb1c-9105-4588-b1e8-133030361c51:c4442]
2019-07-12 12:28:29,994 INFO  client.GrpcClientProtocolClient (GrpcClientProtocolClient.java:onNext(255)) - client-D83FC23EEBD8->4c571e18-69a3-4a6d-81de-e3e48052df18: receive RaftClientReply:client-D83FC23EEBD8->4c571e18-69a3-4a6d-81de-e3e48052df18@group-644576B5741B, cid=2980, SUCCESS, logIndex=4445, commits[4c571e18-69a3-4a6d-81de-e3e48052df18:c4448, 15893972-388e-43c0-9d6c-ca4c76ac06da:c4444, c86beb1c-9105-4588-b1e8-133030361c51:c4444]
2019-07-12 12:28:29,995 INFO  client.GrpcClientProtocolClient (GrpcClientProtocolClient.java:onNext(255)) - client-D83FC23EEBD8->4c571e18-69a3-4a6d-81de-e3e48052df18: receive RaftClientReply:client-D83FC23EEBD8->4c571e18-69a3-4a6d-81de-e3e48052df18@group-644576B5741B, cid=2981, SUCCESS, logIndex=4446, commits[4c571e18-69a3-4a6d-81de-e3e48052df18:c4448, 15893972-388e-43c0-9d6c-ca4c76ac06da:c4444, c86beb1c-9105-4588-b1e8-133030361c51:c4444]
2019-07-12 12:28:29,995 INFO  client.GrpcClientProtocolClient (GrpcClientProtocolClient.java:onNext(255)) - client-D83FC23EEBD8->4c571e18-69a3-4a6d-81de-e3e48052df18: receive RaftClientReply:client-D83FC23EEBD8->4c571e18-69a3-4a6d-81de-e3e48052df18@group-644576B5741B, cid=2982, SUCCESS, logIndex=4447, commits[4c571e18-69a3-4a6d-81de-e3e48052df18:c4448, 15893972-388e-43c0-9d6c-ca4c76ac06da:c4444, c86beb1c-9105-4588-b1e8-133030361c51:c4444]
2019-07-12 12:28:29,995 INFO  client.GrpcClientProtocolClient (GrpcClientProtocolClient.java:onNext(255)) - client-D83FC23EEBD8->4c571e18-69a3-4a6d-81de-e3e48052df18: receive RaftClientReply:client-D83FC23EEBD8->4c571e18-69a3-4a6d-81de-e3e48052df18@group-644576B5741B, cid=2983, SUCCESS, logIndex=4448, commits[4c571e18-69a3-4a6d-81de-e3e48052df18:c4448, 15893972-388e-43c0-9d6c-ca4c76ac06da:c4444, c86beb1c-9105-4588-b1e8-133030361c51:c4444]
2019-07-12 12:28:29,996 INFO  client.GrpcClientProtocolClient (GrpcClientProtocolClient.java:onNext(255)) - client-D83FC23EEBD8->4c571e18-69a3-4a6d-81de-e3e48052df18: receive RaftClientReply:client-D83FC23EEBD8->4c571e18-69a3-4a6d-81de-e3e48052df18@group-644576B5741B, cid=2984, SUCCESS, logIndex=0, commits[4c571e18-69a3-4a6d-81de-e3e48052df18:c4449, 15893972-388e-43c0-9d6c-ca4c76ac06da:c4446, c86beb1c-9105-4588-b1e8-133030361c51:c4446]
2019-07-12 12:28:30,014 INFO  client.GrpcClientProtocolClient (GrpcClientProtocolClient.java:onNext(255)) - client-D83FC23EEBD8->4c571e18-69a3-4a6d-81de-e3e48052df18: receive RaftClientReply:client-D83FC23EEBD8->4c571e18-69a3-4a6d-81de-e3e48052df18@group-644576B5741B, cid=2985, SUCCESS, logIndex=4453, commits[4c571e18-69a3-4a6d-81de-e3e48052df18:c4454, 15893972-388e-43c0-9d6c-ca4c76ac06da:c4452, c86beb1c-9105-4588-b1e8-133030361c51:c4452]
2019-07-12 12:28:30,014 INFO  client.GrpcClientProtocolClient (GrpcClientProtocolClient.java:onNext(255)) - client-D83FC23EEBD8->4c571e18-69a3-4a6d-81de-e3e48052df18: receive RaftClientReply:client-D83FC23EEBD8->4c571e18-69a3-4a6d-81de-e3e48052df18@group-644576B5741B, cid=2986, SUCCESS, logIndex=4454, commits[4c571e18-69a3-4a6d-81de-e3e48052df18:c4454, 15893972-388e-43c0-9d6c-ca4c76ac06da:c4452, c86beb1c-9105-4588-b1e8-133030361c51:c4452]
2019-07-12 12:28:30,029 INFO  client.GrpcClientProtocolClient (GrpcClientProtocolClient.java:onNext(255)) - client-D83FC23EEBD8->4c571e18-69a3-4a6d-81de-e3e48052df18: receive RaftClientReply:client-D83FC23EEBD8->4c571e18-69a3-4a6d-81de-e3e48052df18@group-644576B5741B, cid=2987, SUCCESS, logIndex=4457, commits[4c571e18-69a3-4a6d-81de-e3e48052df18:c4458, 15893972-388e-43c0-9d6c-ca4c76ac06da:c4454, c86beb1c-9105-4588-b1e8-133030361c51:c4454]
2019-07-12 12:28:30,029 INFO  client.GrpcClientProtocolClient (GrpcClientProtocolClient.java:onNext(255)) - client-D83FC23EEBD8->4c571e18-69a3-4a6d-81de-e3e48052df18: receive RaftClientReply:client-D83FC23EEBD8->4c571e18-69a3-4a6d-81de-e3e48052df18@group-644576B5741B, cid=2988, SUCCESS, logIndex=4458, commits[4c571e18-69a3-4a6d-81de-e3e48052df18:c4458, 15893972-388e-43c0-9d6c-ca4c76ac06da:c4454, c86beb1c-9105-4588-b1e8-133030361c51:c4454]
2019-07-12 12:28:30,044 INFO  client.GrpcClientProtocolClient (GrpcClientProtocolClient.java:onNext(255)) - client-D83FC23EEBD8->4c571e18-69a3-4a6d-81de-e3e48052df18: receive RaftClientReply:client-D83FC23EEBD8->4c571e18-69a3-4a6d-81de-e3e48052df18@group-644576B5741B, cid=2989, SUCCESS, logIndex=0, commits[4c571e18-69a3-4a6d-81de-e3e48052df18:c4460, 15893972-388e-43c0-9d6c-ca4c76ac06da:c4458, c86beb1c-9105-4588-b1e8-133030361c51:c4458]
2019-07-12 12:28:30,070 INFO  client.GrpcClientProtocolClient (GrpcClientProtocolClient.java:onNext(255)) - client-D83FC23EEBD8->4c571e18-69a3-4a6d-81de-e3e48052df18: receive RaftClientReply:client-D83FC23EEBD8->4c571e18-69a3-4a6d-81de-e3e48052df18@group-644576B5741B, cid=2990, SUCCESS, logIndex=4461, commits[4c571e18-69a3-4a6d-81de-e3e48052df18:c4464, 15893972-388e-43c0-9d6c-ca4c76ac06da:c4460, c86beb1c-9105-4588-b1e8-133030361c51:c4460]
2019-07-12 12:28:30,070 INFO  client.GrpcClientProtocolClient (GrpcClientProtocolClient.java:onNext(255)) - client-D83FC23EEBD8->4c571e18-69a3-4a6d-81de-e3e48052df18: receive RaftClientReply:client-D83FC23EEBD8->4c571e18-69a3-4a6d-81de-e3e48052df18@group-644576B5741B, cid=2991, SUCCESS, logIndex=4462, commits[4c571e18-69a3-4a6d-81de-e3e48052df18:c4464, 15893972-388e-43c0-9d6c-ca4c76ac06da:c4460, c86beb1c-9105-4588-b1e8-133030361c51:c4460]
2019-07-12 12:28:30,071 INFO  client.GrpcClientProtocolClient (GrpcClientProtocolClient.java:onNext(255)) - client-D83FC23EEBD8->4c571e18-69a3-4a6d-81de-e3e48052df18: receive RaftClientReply:client-D83FC23EEBD8->4c571e18-69a3-4a6d-81de-e3e48052df18@group-644576B5741B, cid=2992, SUCCESS, logIndex=4463, commits[4c571e18-69a3-4a6d-81de-e3e48052df18:c4464, 15893972-388e-43c0-9d6c-ca4c76ac06da:c4460, c86beb1c-9105-4588-b1e8-133030361c51:c4460]
2019-07-12 12:28:30,071 INFO  client.GrpcClientProtocolClient (GrpcClientProtocolClient.java:onNext(255)) - client-D83FC23EEBD8->4c571e18-69a3-4a6d-81de-e3e48052df18: receive RaftClientReply:client-D83FC23EEBD8->4c571e18-69a3-4a6d-81de-e3e48052df18@group-644576B5741B, cid=2993, SUCCESS, logIndex=4464, commits[4c571e18-69a3-4a6d-81de-e3e48052df18:c4464, 15893972-388e-43c0-9d6c-ca4c76ac06da:c4460, c86beb1c-9105-4588-b1e8-133030361c51:c4460]
2019-07-12 12:28:30,073 INFO  client.GrpcClientProtocolClient (GrpcClientProtocolClient.java:onNext(255)) - client-D83FC23EEBD8->4c571e18-69a3-4a6d-81de-e3e48052df18: receive RaftClientReply:client-D83FC23EEBD8->4c571e18-69a3-4a6d-81de-e3e48052df18@group-644576B5741B, cid=2994, SUCCESS, logIndex=0, commits[4c571e18-69a3-4a6d-81de-e3e48052df18:c4465, 15893972-388e-43c0-9d6c-ca4c76ac06da:c4462, c86beb1c-9105-4588-b1e8-133030361c51:c4462]
2019-07-12 12:28:30,097 INFO  client.GrpcClientProtocolClient (GrpcClientProtocolClient.java:onNext(255)) - client-D83FC23EEBD8->4c571e18-69a3-4a6d-81de-e3e48052df18: receive RaftClientReply:client-D83FC23EEBD8->4c571e18-69a3-4a6d-81de-e3e48052df18@group-644576B5741B, cid=2995, SUCCESS, logIndex=4469, commits[4c571e18-69a3-4a6d-81de-e3e48052df18:c4470, 15893972-388e-43c0-9d6c-ca4c76ac06da:c4465, c86beb1c-9105-4588-b1e8-133030361c51:c4465]
2019-07-12 12:28:30,097 INFO  client.GrpcClientProtocolClient (GrpcClientProtocolClient.java:onNext(255)) - client-D83FC23EEBD8->4c571e18-69a3-4a6d-81de-e3e48052df18: receive RaftClientReply:client-D83FC23EEBD8->4c571e18-69a3-4a6d-81de-e3e48052df18@group-644576B5741B, cid=2996, SUCCESS, logIndex=4470, commits[4c571e18-69a3-4a6d-81de-e3e48052df18:c4470, 15893972-388e-43c0-9d6c-ca4c76ac06da:c4465, c86beb1c-9105-4588-b1e8-133030361c51:c4465]
2019-07-12 12:28:30,125 INFO  client.GrpcClientProtocolClient (GrpcClientProtocolClient.java:onNext(255)) - client-D83FC23EEBD8->4c571e18-69a3-4a6d-81de-e3e48052df18: receive RaftClientReply:client-D83FC23EEBD8->4c571e18-69a3-4a6d-81de-e3e48052df18@group-644576B5741B, cid=2997, SUCCESS, logIndex=4473, commits[4c571e18-69a3-4a6d-81de-e3e48052df18:c4474, 15893972-388e-43c0-9d6c-ca4c76ac06da:c4472, c86beb1c-9105-4588-b1e8-133030361c51:c4472]
2019-07-12 12:28:30,126 INFO  client.GrpcClientProtocolClient (GrpcClientProtocolClient.java:onNext(255)) - client-D83FC23EEBD8->4c571e18-69a3-4a6d-81de-e3e48052df18: receive RaftClientReply:client-D83FC23EEBD8->4c571e18-69a3-4a6d-81de-e3e48052df18@group-644576B5741B, cid=2998, SUCCESS, logIndex=4474, commits[4c571e18-69a3-4a6d-81de-e3e48052df18:c4474, 15893972-388e-43c0-9d6c-ca4c76ac06da:c4472, c86beb1c-9105-4588-b1e8-133030361c51:c4472]
2019-07-12 12:28:30,139 INFO  client.GrpcClientProtocolClient (GrpcClientProtocolClient.java:onNext(255)) - client-D83FC23EEBD8->4c571e18-69a3-4a6d-81de-e3e48052df18: receive RaftClientReply:client-D83FC23EEBD8->4c571e18-69a3-4a6d-81de-e3e48052df18@group-644576B5741B, cid=2999, SUCCESS, logIndex=0, commits[4c571e18-69a3-4a6d-81de-e3e48052df18:c4476, 15893972-388e-43c0-9d6c-ca4c76ac06da:c4474, c86beb1c-9105-4588-b1e8-133030361c51:c4474]
2019-07-12 12:28:30,167 INFO  client.GrpcClientProtocolClient (GrpcClientProtocolClient.java:onNext(255)) - client-D83FC23EEBD8->4c571e18-69a3-4a6d-81de-e3e48052df18: receive RaftClientReply:client-D83FC23EEBD8->4c571e18-69a3-4a6d-81de-e3e48052df18@group-644576B5741B, cid=3000, SUCCESS, logIndex=4477, commits[4c571e18-69a3-4a6d-81de-e3e48052df18:c4478, 15893972-388e-43c0-9d6c-ca4c76ac06da:c4476, c86beb1c-9105-4588-b1e8-133030361c51:c4476]
2019-07-12 12:28:30,169 INFO  client.GrpcClientProtocolClient (GrpcClientProtocolClient.java:onNext(255)) - client-D83FC23EEBD8->4c571e18-69a3-4a6d-81de-e3e48052df18: receive RaftClientReply:client-D83FC23EEBD8->4c571e18-69a3-4a6d-81de-e3e48052df18@group-644576B5741B, cid=3001, SUCCESS, logIndex=4478, commits[4c571e18-69a3-4a6d-81de-e3e48052df18:c4478, 15893972-388e-43c0-9d6c-ca4c76ac06da:c4476, c86beb1c-9105-4588-b1e8-133030361c51:c4476]
2019-07-12 12:28:30,169 INFO  client.GrpcClientProtocolClient (GrpcClientProtocolClient.java:onNext(255)) - client-D83FC23EEBD8->4c571e18-69a3-4a6d-81de-e3e48052df18: receive RaftClientReply:client-D83FC23EEBD8->4c571e18-69a3-4a6d-81de-e3e48052df18@group-644576B5741B, cid=3002, SUCCESS, logIndex=4479, commits[4c571e18-69a3-4a6d-81de-e3e48052df18:c4480, 15893972-388e-43c0-9d6c-ca4c76ac06da:c4476, c86beb1c-9105-4588-b1e8-133030361c51:c4476]
2019-07-12 12:28:30,170 INFO  client.GrpcClientProtocolClient (GrpcClientProtocolClient.java:onNext(255)) - client-D83FC23EEBD8->4c571e18-69a3-4a6d-81de-e3e48052df18: receive RaftClientReply:client-D83FC23EEBD8->4c571e18-69a3-4a6d-81de-e3e48052df18@group-644576B5741B, cid=3003, SUCCESS, logIndex=4480, commits[4c571e18-69a3-4a6d-81de-e3e48052df18:c4480, 15893972-388e-43c0-9d6c-ca4c76ac06da:c4476, c86beb1c-9105-4588-b1e8-133030361c51:c4476]
2019-07-12 12:28:30,179 INFO  client.GrpcClientProtocolClient (GrpcClientProtocolClient.java:onNext(255)) - client-D83FC23EEBD8->4c571e18-69a3-4a6d-81de-e3e48052df18: receive RaftClientReply:client-D83FC23EEBD8->4c571e18-69a3-4a6d-81de-e3e48052df18@group-644576B5741B, cid=3004, SUCCESS, logIndex=0, commits[4c571e18-69a3-4a6d-81de-e3e48052df18:c4481, 15893972-388e-43c0-9d6c-ca4c76ac06da:c4478, c86beb1c-9105-4588-b1e8-133030361c51:c4478]
2019-07-12 12:28:30,198 INFO  client.GrpcClientProtocolClient (GrpcClientProtocolClient.java:onNext(255)) - client-D83FC23EEBD8->4c571e18-69a3-4a6d-81de-e3e48052df18: receive RaftClientReply:client-D83FC23EEBD8->4c571e18-69a3-4a6d-81de-e3e48052df18@group-644576B5741B, cid=3005, SUCCESS, logIndex=4485, commits[4c571e18-69a3-4a6d-81de-e3e48052df18:c4486, 15893972-388e-43c0-9d6c-ca4c76ac06da:c4484, c86beb1c-9105-4588-b1e8-133030361c51:c4484]
2019-07-12 12:28:30,199 INFO  client.GrpcClientProtocolClient (GrpcClientProtocolClient.java:onNext(255)) - client-D83FC23EEBD8->4c571e18-69a3-4a6d-81de-e3e48052df18: receive RaftClientReply:client-D83FC23EEBD8->4c571e18-69a3-4a6d-81de-e3e48052df18@group-644576B5741B, cid=3006, SUCCESS, logIndex=4486, commits[4c571e18-69a3-4a6d-81de-e3e48052df18:c4486, 15893972-388e-43c0-9d6c-ca4c76ac06da:c4484, c86beb1c-9105-4588-b1e8-133030361c51:c4484]
2019-07-12 12:28:30,229 INFO  client.GrpcClientProtocolClient (GrpcClientProtocolClient.java:onNext(255)) - client-D83FC23EEBD8->4c571e18-69a3-4a6d-81de-e3e48052df18: receive RaftClientReply:client-D83FC23EEBD8->4c571e18-69a3-4a6d-81de-e3e48052df18@group-644576B5741B, cid=3007, SUCCESS, logIndex=4489, commits[4c571e18-69a3-4a6d-81de-e3e48052df18:c4490, 15893972-388e-43c0-9d6c-ca4c76ac06da:c4486, c86beb1c-9105-4588-b1e8-133030361c51:c4486]
2019-07-12 12:28:30,229 INFO  client.GrpcClientProtocolClient (GrpcClientProtocolClient.java:onNext(255)) - client-D83FC23EEBD8->4c571e18-69a3-4a6d-81de-e3e48052df18: receive RaftClientReply:client-D83FC23EEBD8->4c571e18-69a3-4a6d-81de-e3e48052df18@group-644576B5741B, cid=3008, SUCCESS, logIndex=4490, commits[4c571e18-69a3-4a6d-81de-e3e48052df18:c4490, 15893972-388e-43c0-9d6c-ca4c76ac06da:c4486, c86beb1c-9105-4588-b1e8-133030361c51:c4486]
2019-07-12 12:28:30,242 INFO  client.GrpcClientProtocolClient (GrpcClientProtocolClient.java:onNext(255)) - client-D83FC23EEBD8->4c571e18-69a3-4a6d-81de-e3e48052df18: receive RaftClientReply:client-D83FC23EEBD8->4c571e18-69a3-4a6d-81de-e3e48052df18@group-644576B5741B, cid=3009, SUCCESS, logIndex=0, commits[4c571e18-69a3-4a6d-81de-e3e48052df18:c4491, 15893972-388e-43c0-9d6c-ca4c76ac06da:c4490, c86beb1c-9105-4588-b1e8-133030361c51:c4490]
2019-07-12 12:28:30,270 INFO  client.GrpcClientProtocolClient (GrpcClientProtocolClient.java:onNext(255)) - client-D83FC23EEBD8->4c571e18-69a3-4a6d-81de-e3e48052df18: receive RaftClientReply:client-D83FC23EEBD8->4c571e18-69a3-4a6d-81de-e3e48052df18@group-644576B5741B, cid=3010, SUCCESS, logIndex=4493, commits[4c571e18-69a3-4a6d-81de-e3e48052df18:c4494, 15893972-388e-43c0-9d6c-ca4c76ac06da:c4492, c86beb1c-9105-4588-b1e8-133030361c51:c4492]
2019-07-12 12:28:30,270 INFO  client.GrpcClientProtocolClient (GrpcClientProtocolClient.java:onNext(255)) - client-D83FC23EEBD8->4c571e18-69a3-4a6d-81de-e3e48052df18: receive RaftClientReply:client-D83FC23EEBD8->4c571e18-69a3-4a6d-81de-e3e48052df18@group-644576B5741B, cid=3011, SUCCESS, logIndex=4494, commits[4c571e18-69a3-4a6d-81de-e3e48052df18:c4494, 15893972-388e-43c0-9d6c-ca4c76ac06da:c4492, c86beb1c-9105-4588-b1e8-133030361c51:c4492]
2019-07-12 12:28:30,272 INFO  client.GrpcClientProtocolClient (GrpcClientProtocolClient.java:onNext(255)) - client-D83FC23EEBD8->4c571e18-69a3-4a6d-81de-e3e48052df18: receive RaftClientReply:client-D83FC23EEBD8->4c571e18-69a3-4a6d-81de-e3e48052df18@group-644576B5741B, cid=3012, SUCCESS, logIndex=4495, commits[4c571e18-69a3-4a6d-81de-e3e48052df18:c4496, 15893972-388e-43c0-9d6c-ca4c76ac06da:c4492, c86beb1c-9105-4588-b1e8-133030361c51:c4492]
2019-07-12 12:28:30,272 INFO  client.GrpcClientProtocolClient (GrpcClientProtocolClient.java:onNext(255)) - client-D83FC23EEBD8->4c571e18-69a3-4a6d-81de-e3e48052df18: receive RaftClientReply:client-D83FC23EEBD8->4c571e18-69a3-4a6d-81de-e3e48052df18@group-644576B5741B, cid=3013, SUCCESS, logIndex=4496, commits[4c571e18-69a3-4a6d-81de-e3e48052df18:c4496, 15893972-388e-43c0-9d6c-ca4c76ac06da:c4492, c86beb1c-9105-4588-b1e8-133030361c51:c4492]
2019-07-12 12:28:30,284 INFO  client.GrpcClientProtocolClient (GrpcClientProtocolClient.java:onNext(255)) - client-D83FC23EEBD8->4c571e18-69a3-4a6d-81de-e3e48052df18: receive RaftClientReply:client-D83FC23EEBD8->4c571e18-69a3-4a6d-81de-e3e48052df18@group-644576B5741B, cid=3014, SUCCESS, logIndex=0, commits[4c571e18-69a3-4a6d-81de-e3e48052df18:c4498, 15893972-388e-43c0-9d6c-ca4c76ac06da:c4494, c86beb1c-9105-4588-b1e8-133030361c51:c4494]
2019-07-12 12:28:30,302 INFO  client.GrpcClientProtocolClient (GrpcClientProtocolClient.java:onNext(255)) - client-D83FC23EEBD8->4c571e18-69a3-4a6d-81de-e3e48052df18: receive RaftClientReply:client-D83FC23EEBD8->4c571e18-69a3-4a6d-81de-e3e48052df18@group-644576B5741B, cid=3015, SUCCESS, logIndex=4501, commits[4c571e18-69a3-4a6d-81de-e3e48052df18:c4502, 15893972-388e-43c0-9d6c-ca4c76ac06da:c4500, c86beb1c-9105-4588-b1e8-133030361c51:c4500]
2019-07-12 12:28:30,302 INFO  client.GrpcClientProtocolClient (GrpcClientProtocolClient.java:onNext(255)) - client-D83FC23EEBD8->4c571e18-69a3-4a6d-81de-e3e48052df18: receive RaftClientReply:client-D83FC23EEBD8->4c571e18-69a3-4a6d-81de-e3e48052df18@group-644576B5741B, cid=3016, SUCCESS, logIndex=4502, commits[4c571e18-69a3-4a6d-81de-e3e48052df18:c4502, 15893972-388e-43c0-9d6c-ca4c76ac06da:c4500, c86beb1c-9105-4588-b1e8-133030361c51:c4500]
2019-07-12 12:28:30,317 INFO  client.GrpcClientProtocolClient (GrpcClientProtocolClient.java:onNext(255)) - client-D83FC23EEBD8->4c571e18-69a3-4a6d-81de-e3e48052df18: receive RaftClientReply:client-D83FC23EEBD8->4c571e18-69a3-4a6d-81de-e3e48052df18@group-644576B5741B, cid=3017, SUCCESS, logIndex=4505, commits[4c571e18-69a3-4a6d-81de-e3e48052df18:c4506, 15893972-388e-43c0-9d6c-ca4c76ac06da:c4502, c86beb1c-9105-4588-b1e8-133030361c51:c4502]
2019-07-12 12:28:30,317 INFO  client.GrpcClientProtocolClient (GrpcClientProtocolClient.java:onNext(255)) - client-D83FC23EEBD8->4c571e18-69a3-4a6d-81de-e3e48052df18: receive RaftClientReply:client-D83FC23EEBD8->4c571e18-69a3-4a6d-81de-e3e48052df18@group-644576B5741B, cid=3018, SUCCESS, logIndex=4506, commits[4c571e18-69a3-4a6d-81de-e3e48052df18:c4506, 15893972-388e-43c0-9d6c-ca4c76ac06da:c4502, c86beb1c-9105-4588-b1e8-133030361c51:c4502]
2019-07-12 12:28:30,343 INFO  client.GrpcClientProtocolClient (GrpcClientProtocolClient.java:onNext(255)) - client-D83FC23EEBD8->4c571e18-69a3-4a6d-81de-e3e48052df18: receive RaftClientReply:client-D83FC23EEBD8->4c571e18-69a3-4a6d-81de-e3e48052df18@group-644576B5741B, cid=3019, SUCCESS, logIndex=0, commits[4c571e18-69a3-4a6d-81de-e3e48052df18:c4508, 15893972-388e-43c0-9d6c-ca4c76ac06da:c4506, c86beb1c-9105-4588-b1e8-133030361c51:c4506]
2019-07-12 12:28:30,370 INFO  client.GrpcClientProtocolClient (GrpcClientProtocolClient.java:onNext(255)) - client-D83FC23EEBD8->4c571e18-69a3-4a6d-81de-e3e48052df18: receive RaftClientReply:client-D83FC23EEBD8->4c571e18-69a3-4a6d-81de-e3e48052df18@group-644576B5741B, cid=3020, SUCCESS, logIndex=4509, commits[4c571e18-69a3-4a6d-81de-e3e48052df18:c4512, 15893972-388e-43c0-9d6c-ca4c76ac06da:c4508, c86beb1c-9105-4588-b1e8-133030361c51:c4508]
2019-07-12 12:28:30,370 INFO  client.GrpcClientProtocolClient (GrpcClientProtocolClient.java:onNext(255)) - client-D83FC23EEBD8->4c571e18-69a3-4a6d-81de-e3e48052df18: receive RaftClientReply:client-D83FC23EEBD8->4c571e18-69a3-4a6d-81de-e3e48052df18@group-644576B5741B, cid=3021, SUCCESS, logIndex=4510, commits[4c571e18-69a3-4a6d-81de-e3e48052df18:c4512, 15893972-388e-43c0-9d6c-ca4c76ac06da:c4508, c86beb1c-9105-4588-b1e8-133030361c51:c4508]
2019-07-12 12:28:30,371 INFO  client.GrpcClientProtocolClient (GrpcClientProtocolClient.java:onNext(255)) - client-D83FC23EEBD8->4c571e18-69a3-4a6d-81de-e3e48052df18: receive RaftClientReply:client-D83FC23EEBD8->4c571e18-69a3-4a6d-81de-e3e48052df18@group-644576B5741B, cid=3022, SUCCESS, logIndex=4511, commits[4c571e18-69a3-4a6d-81de-e3e48052df18:c4512, 15893972-388e-43c0-9d6c-ca4c76ac06da:c4508, c86beb1c-9105-4588-b1e8-133030361c51:c4508]
2019-07-12 12:28:30,371 INFO  client.GrpcClientProtocolClient (GrpcClientProtocolClient.java:onNext(255)) - client-D83FC23EEBD8->4c571e18-69a3-4a6d-81de-e3e48052df18: receive RaftClientReply:client-D83FC23EEBD8->4c571e18-69a3-4a6d-81de-e3e48052df18@group-644576B5741B, cid=3023, SUCCESS, logIndex=4512, commits[4c571e18-69a3-4a6d-81de-e3e48052df18:c4512, 15893972-388e-43c0-9d6c-ca4c76ac06da:c4508, c86beb1c-9105-4588-b1e8-133030361c51:c4508]
2019-07-12 12:28:30,371 INFO  client.GrpcClientProtocolClient (GrpcClientProtocolClient.java:onNext(255)) - client-D83FC23EEBD8->4c571e18-69a3-4a6d-81de-e3e48052df18: receive RaftClientReply:client-D83FC23EEBD8->4c571e18-69a3-4a6d-81de-e3e48052df18@group-644576B5741B, cid=3024, SUCCESS, logIndex=0, commits[4c571e18-69a3-4a6d-81de-e3e48052df18:c4513, 15893972-388e-43c0-9d6c-ca4c76ac06da:c4510, c86beb1c-9105-4588-b1e8-133030361c51:c4510]
2019-07-12 12:28:30,390 INFO  client.GrpcClientProtocolClient (GrpcClientProtocolClient.java:onNext(255)) - client-D83FC23EEBD8->4c571e18-69a3-4a6d-81de-e3e48052df18: receive RaftClientReply:client-D83FC23EEBD8->4c571e18-69a3-4a6d-81de-e3e48052df18@group-644576B5741B, cid=3025, SUCCESS, logIndex=4517, commits[4c571e18-69a3-4a6d-81de-e3e48052df18:c4518, 15893972-388e-43c0-9d6c-ca4c76ac06da:c4516, c86beb1c-9105-4588-b1e8-133030361c51:c4516]
2019-07-12 12:28:30,391 INFO  client.GrpcClientProtocolClient (GrpcClientProtocolClient.java:onNext(255)) - client-D83FC23EEBD8->4c571e18-69a3-4a6d-81de-e3e48052df18: receive RaftClientReply:client-D83FC23EEBD8->4c571e18-69a3-4a6d-81de-e3e48052df18@group-644576B5741B, cid=3026, SUCCESS, logIndex=4518, commits[4c571e18-69a3-4a6d-81de-e3e48052df18:c4518, 15893972-388e-43c0-9d6c-ca4c76ac06da:c4516, c86beb1c-9105-4588-b1e8-133030361c51:c4516]
2019-07-12 12:28:30,405 INFO  client.GrpcClientProtocolClient (GrpcClientProtocolClient.java:onNext(255)) - client-D83FC23EEBD8->4c571e18-69a3-4a6d-81de-e3e48052df18: receive RaftClientReply:client-D83FC23EEBD8->4c571e18-69a3-4a6d-81de-e3e48052df18@group-644576B5741B, cid=3027, SUCCESS, logIndex=4521, commits[4c571e18-69a3-4a6d-81de-e3e48052df18:c4522, 15893972-388e-43c0-9d6c-ca4c76ac06da:c4518, c86beb1c-9105-4588-b1e8-133030361c51:c4518]
2019-07-12 12:28:30,406 INFO  client.GrpcClientProtocolClient (GrpcClientProtocolClient.java:onNext(255)) - client-D83FC23EEBD8->4c571e18-69a3-4a6d-81de-e3e48052df18: receive RaftClientReply:client-D83FC23EEBD8->4c571e18-69a3-4a6d-81de-e3e48052df18@group-644576B5741B, cid=3028, SUCCESS, logIndex=4522, commits[4c571e18-69a3-4a6d-81de-e3e48052df18:c4522, 15893972-388e-43c0-9d6c-ca4c76ac06da:c4518, c86beb1c-9105-4588-b1e8-133030361c51:c4518]
2019-07-12 12:28:30,417 INFO  client.GrpcClientProtocolClient (GrpcClientProtocolClient.java:onNext(255)) - client-D83FC23EEBD8->4c571e18-69a3-4a6d-81de-e3e48052df18: receive RaftClientReply:client-D83FC23EEBD8->4c571e18-69a3-4a6d-81de-e3e48052df18@group-644576B5741B, cid=3029, SUCCESS, logIndex=0, commits[4c571e18-69a3-4a6d-81de-e3e48052df18:c4523, 15893972-388e-43c0-9d6c-ca4c76ac06da:c4522, c86beb1c-9105-4588-b1e8-133030361c51:c4522]
2019-07-12 12:28:30,446 INFO  client.GrpcClientProtocolClient (GrpcClientProtocolClient.java:onNext(255)) - client-D83FC23EEBD8->4c571e18-69a3-4a6d-81de-e3e48052df18: receive RaftClientReply:client-D83FC23EEBD8->4c571e18-69a3-4a6d-81de-e3e48052df18@group-644576B5741B, cid=3030, SUCCESS, logIndex=4525, commits[4c571e18-69a3-4a6d-81de-e3e48052df18:c4526, 15893972-388e-43c0-9d6c-ca4c76ac06da:c4524, c86beb1c-9105-4588-b1e8-133030361c51:c4524]
2019-07-12 12:28:30,447 INFO  client.GrpcClientProtocolClient (GrpcClientProtocolClient.java:onNext(255)) - client-D83FC23EEBD8->4c571e18-69a3-4a6d-81de-e3e48052df18: receive RaftClientReply:client-D83FC23EEBD8->4c571e18-69a3-4a6d-81de-e3e48052df18@group-644576B5741B, cid=3031, SUCCESS, logIndex=4526, commits[4c571e18-69a3-4a6d-81de-e3e48052df18:c4526, 15893972-388e-43c0-9d6c-ca4c76ac06da:c4524, c86beb1c-9105-4588-b1e8-133030361c51:c4524]
2019-07-12 12:28:30,447 INFO  client.GrpcClientProtocolClient (GrpcClientProtocolClient.java:onNext(255)) - client-D83FC23EEBD8->4c571e18-69a3-4a6d-81de-e3e48052df18: receive RaftClientReply:client-D83FC23EEBD8->4c571e18-69a3-4a6d-81de-e3e48052df18@group-644576B5741B, cid=3032, SUCCESS, logIndex=4527, commits[4c571e18-69a3-4a6d-81de-e3e48052df18:c4528, 15893972-388e-43c0-9d6c-ca4c76ac06da:c4524, c86beb1c-9105-4588-b1e8-133030361c51:c4524]
2019-07-12 12:28:30,447 INFO  client.GrpcClientProtocolClient (GrpcClientProtocolClient.java:onNext(255)) - client-D83FC23EEBD8->4c571e18-69a3-4a6d-81de-e3e48052df18: receive RaftClientReply:client-D83FC23EEBD8->4c571e18-69a3-4a6d-81de-e3e48052df18@group-644576B5741B, cid=3033, SUCCESS, logIndex=4528, commits[4c571e18-69a3-4a6d-81de-e3e48052df18:c4528, 15893972-388e-43c0-9d6c-ca4c76ac06da:c4524, c86beb1c-9105-4588-b1e8-133030361c51:c4524]
2019-07-12 12:28:30,448 INFO  client.GrpcClientProtocolClient (GrpcClientProtocolClient.java:onNext(255)) - client-D83FC23EEBD8->4c571e18-69a3-4a6d-81de-e3e48052df18: receive RaftClientReply:client-D83FC23EEBD8->4c571e18-69a3-4a6d-81de-e3e48052df18@group-644576B5741B, cid=3034, SUCCESS, logIndex=0, commits[4c571e18-69a3-4a6d-81de-e3e48052df18:c4530, 15893972-388e-43c0-9d6c-ca4c76ac06da:c4526, c86beb1c-9105-4588-b1e8-133030361c51:c4526]
2019-07-12 12:28:30,466 INFO  client.GrpcClientProtocolClient (GrpcClientProtocolClient.java:onNext(255)) - client-D83FC23EEBD8->4c571e18-69a3-4a6d-81de-e3e48052df18: receive RaftClientReply:client-D83FC23EEBD8->4c571e18-69a3-4a6d-81de-e3e48052df18@group-644576B5741B, cid=3035, SUCCESS, logIndex=4533, commits[4c571e18-69a3-4a6d-81de-e3e48052df18:c4534, 15893972-388e-43c0-9d6c-ca4c76ac06da:c4532, c86beb1c-9105-4588-b1e8-133030361c51:c4532]
2019-07-12 12:28:30,466 INFO  client.GrpcClientProtocolClient (GrpcClientProtocolClient.java:onNext(255)) - client-D83FC23EEBD8->4c571e18-69a3-4a6d-81de-e3e48052df18: receive RaftClientReply:client-D83FC23EEBD8->4c571e18-69a3-4a6d-81de-e3e48052df18@group-644576B5741B, cid=3036, SUCCESS, logIndex=4534, commits[4c571e18-69a3-4a6d-81de-e3e48052df18:c4534, 15893972-388e-43c0-9d6c-ca4c76ac06da:c4532, c86beb1c-9105-4588-b1e8-133030361c51:c4532]
2019-07-12 12:28:30,567 INFO  client.GrpcClientProtocolClient (GrpcClientProtocolClient.java:onNext(255)) - client-D83FC23EEBD8->4c571e18-69a3-4a6d-81de-e3e48052df18: receive RaftClientReply:client-D83FC23EEBD8->4c571e18-69a3-4a6d-81de-e3e48052df18@group-644576B5741B, cid=3037, SUCCESS, logIndex=4537, commits[4c571e18-69a3-4a6d-81de-e3e48052df18:c4538, 15893972-388e-43c0-9d6c-ca4c76ac06da:c4534, c86beb1c-9105-4588-b1e8-133030361c51:c4534]
2019-07-12 12:28:30,567 INFO  client.GrpcClientProtocolClient (GrpcClientProtocolClient.java:onNext(255)) - client-D83FC23EEBD8->4c571e18-69a3-4a6d-81de-e3e48052df18: receive RaftClientReply:client-D83FC23EEBD8->4c571e18-69a3-4a6d-81de-e3e48052df18@group-644576B5741B, cid=3038, SUCCESS, logIndex=4538, commits[4c571e18-69a3-4a6d-81de-e3e48052df18:c4538, 15893972-388e-43c0-9d6c-ca4c76ac06da:c4534, c86beb1c-9105-4588-b1e8-133030361c51:c4534]
2019-07-12 12:28:30,579 INFO  client.GrpcClientProtocolClient (GrpcClientProtocolClient.java:onNext(255)) - client-D83FC23EEBD8->4c571e18-69a3-4a6d-81de-e3e48052df18: receive RaftClientReply:client-D83FC23EEBD8->4c571e18-69a3-4a6d-81de-e3e48052df18@group-644576B5741B, cid=3039, SUCCESS, logIndex=0, commits[4c571e18-69a3-4a6d-81de-e3e48052df18:c4539, 15893972-388e-43c0-9d6c-ca4c76ac06da:c4538, c86beb1c-9105-4588-b1e8-133030361c51:c4538]
2019-07-12 12:28:30,618 INFO  client.GrpcClientProtocolClient (GrpcClientProtocolClient.java:onNext(255)) - client-D83FC23EEBD8->4c571e18-69a3-4a6d-81de-e3e48052df18: receive RaftClientReply:client-D83FC23EEBD8->4c571e18-69a3-4a6d-81de-e3e48052df18@group-644576B5741B, cid=3040, SUCCESS, logIndex=4541, commits[4c571e18-69a3-4a6d-81de-e3e48052df18:c4542, 15893972-388e-43c0-9d6c-ca4c76ac06da:c4540, c86beb1c-9105-4588-b1e8-133030361c51:c4540]
 0.00% |█                                                                                                    |  0/1 Time: 0:00:222019-07-12 12:28:30,618 INFO  client.GrpcClientProtocolClient (GrpcClientProtocolClient.java:onNext(255)) - client-D83FC23EEBD8->4c571e18-69a3-4a6d-81de-e3e48052df18: receive RaftClientReply:client-D83FC23EEBD8->4c571e18-69a3-4a6d-81de-e3e48052df18@group-644576B5741B, cid=3041, SUCCESS, logIndex=4542, commits[4c571e18-69a3-4a6d-81de-e3e48052df18:c4542, 15893972-388e-43c0-9d6c-ca4c76ac06da:c4540, c86beb1c-9105-4588-b1e8-133030361c51:c4540]
2019-07-12 12:28:30,619 INFO  client.GrpcClientProtocolClient (GrpcClientProtocolClient.java:onNext(255)) - client-D83FC23EEBD8->4c571e18-69a3-4a6d-81de-e3e48052df18: receive RaftClientReply:client-D83FC23EEBD8->4c571e18-69a3-4a6d-81de-e3e48052df18@group-644576B5741B, cid=3042, SUCCESS, logIndex=4543, commits[4c571e18-69a3-4a6d-81de-e3e48052df18:c4544, 15893972-388e-43c0-9d6c-ca4c76ac06da:c4540, c86beb1c-9105-4588-b1e8-133030361c51:c4540]
2019-07-12 12:28:30,619 INFO  client.GrpcClientProtocolClient (GrpcClientProtocolClient.java:onNext(255)) - client-D83FC23EEBD8->4c571e18-69a3-4a6d-81de-e3e48052df18: receive RaftClientReply:client-D83FC23EEBD8->4c571e18-69a3-4a6d-81de-e3e48052df18@group-644576B5741B, cid=3043, SUCCESS, logIndex=4544, commits[4c571e18-69a3-4a6d-81de-e3e48052df18:c4544, 15893972-388e-43c0-9d6c-ca4c76ac06da:c4540, c86beb1c-9105-4588-b1e8-133030361c51:c4540]
2019-07-12 12:28:30,620 INFO  client.GrpcClientProtocolClient (GrpcClientProtocolClient.java:onNext(255)) - client-D83FC23EEBD8->4c571e18-69a3-4a6d-81de-e3e48052df18: receive RaftClientReply:client-D83FC23EEBD8->4c571e18-69a3-4a6d-81de-e3e48052df18@group-644576B5741B, cid=3044, SUCCESS, logIndex=0, commits[4c571e18-69a3-4a6d-81de-e3e48052df18:c4546, 15893972-388e-43c0-9d6c-ca4c76ac06da:c4542, c86beb1c-9105-4588-b1e8-133030361c51:c4542]
2019-07-12 12:28:30,632 INFO  client.GrpcClientProtocolClient (GrpcClientProtocolClient.java:onNext(255)) - client-D83FC23EEBD8->4c571e18-69a3-4a6d-81de-e3e48052df18: receive RaftClientReply:client-D83FC23EEBD8->4c571e18-69a3-4a6d-81de-e3e48052df18@group-644576B5741B, cid=3045, SUCCESS, logIndex=4549, commits[4c571e18-69a3-4a6d-81de-e3e48052df18:c4550, 15893972-388e-43c0-9d6c-ca4c76ac06da:c4548, c86beb1c-9105-4588-b1e8-133030361c51:c4548]
2019-07-12 12:28:30,633 INFO  client.GrpcClientProtocolClient (GrpcClientProtocolClient.java:onNext(255)) - client-D83FC23EEBD8->4c571e18-69a3-4a6d-81de-e3e48052df18: receive RaftClientReply:client-D83FC23EEBD8->4c571e18-69a3-4a6d-81de-e3e48052df18@group-644576B5741B, cid=3046, SUCCESS, logIndex=4550, commits[4c571e18-69a3-4a6d-81de-e3e48052df18:c4550, 15893972-388e-43c0-9d6c-ca4c76ac06da:c4548, c86beb1c-9105-4588-b1e8-133030361c51:c4548]
2019-07-12 12:28:30,648 INFO  client.GrpcClientProtocolClient (GrpcClientProtocolClient.java:onNext(255)) - client-D83FC23EEBD8->4c571e18-69a3-4a6d-81de-e3e48052df18: receive RaftClientReply:client-D83FC23EEBD8->4c571e18-69a3-4a6d-81de-e3e48052df18@group-644576B5741B, cid=3047, SUCCESS, logIndex=4553, commits[4c571e18-69a3-4a6d-81de-e3e48052df18:c4554, 15893972-388e-43c0-9d6c-ca4c76ac06da:c4550, c86beb1c-9105-4588-b1e8-133030361c51:c4550]
2019-07-12 12:28:30,648 INFO  client.GrpcClientProtocolClient (GrpcClientProtocolClient.java:onNext(255)) - client-D83FC23EEBD8->4c571e18-69a3-4a6d-81de-e3e48052df18: receive RaftClientReply:client-D83FC23EEBD8->4c571e18-69a3-4a6d-81de-e3e48052df18@group-644576B5741B, cid=3048, SUCCESS, logIndex=4554, commits[4c571e18-69a3-4a6d-81de-e3e48052df18:c4554, 15893972-388e-43c0-9d6c-ca4c76ac06da:c4550, c86beb1c-9105-4588-b1e8-133030361c51:c4550]
2019-07-12 12:28:30,659 INFO  client.GrpcClientProtocolClient (GrpcClientProtocolClient.java:onNext(255)) - client-D83FC23EEBD8->4c571e18-69a3-4a6d-81de-e3e48052df18: receive RaftClientReply:client-D83FC23EEBD8->4c571e18-69a3-4a6d-81de-e3e48052df18@group-644576B5741B, cid=3049, SUCCESS, logIndex=0, commits[4c571e18-69a3-4a6d-81de-e3e48052df18:c4555, 15893972-388e-43c0-9d6c-ca4c76ac06da:c4554, c86beb1c-9105-4588-b1e8-133030361c51:c4554]
2019-07-12 12:28:30,686 INFO  client.GrpcClientProtocolClient (GrpcClientProtocolClient.java:onNext(255)) - client-D83FC23EEBD8->4c571e18-69a3-4a6d-81de-e3e48052df18: receive RaftClientReply:client-D83FC23EEBD8->4c571e18-69a3-4a6d-81de-e3e48052df18@group-644576B5741B, cid=3050, SUCCESS, logIndex=4557, commits[4c571e18-69a3-4a6d-81de-e3e48052df18:c4558, 15893972-388e-43c0-9d6c-ca4c76ac06da:c4556, c86beb1c-9105-4588-b1e8-133030361c51:c4556]
2019-07-12 12:28:30,686 INFO  client.GrpcClientProtocolClient (GrpcClientProtocolClient.java:onNext(255)) - client-D83FC23EEBD8->4c571e18-69a3-4a6d-81de-e3e48052df18: receive RaftClientReply:client-D83FC23EEBD8->4c571e18-69a3-4a6d-81de-e3e48052df18@group-644576B5741B, cid=3051, SUCCESS, logIndex=4558, commits[4c571e18-69a3-4a6d-81de-e3e48052df18:c4558, 15893972-388e-43c0-9d6c-ca4c76ac06da:c4556, c86beb1c-9105-4588-b1e8-133030361c51:c4556]
2019-07-12 12:28:30,687 INFO  client.GrpcClientProtocolClient (GrpcClientProtocolClient.java:onNext(255)) - client-D83FC23EEBD8->4c571e18-69a3-4a6d-81de-e3e48052df18: receive RaftClientReply:client-D83FC23EEBD8->4c571e18-69a3-4a6d-81de-e3e48052df18@group-644576B5741B, cid=3052, SUCCESS, logIndex=4559, commits[4c571e18-69a3-4a6d-81de-e3e48052df18:c4559, 15893972-388e-43c0-9d6c-ca4c76ac06da:c4556, c86beb1c-9105-4588-b1e8-133030361c51:c4556]
2019-07-12 12:28:30,687 INFO  client.GrpcClientProtocolClient (GrpcClientProtocolClient.java:onNext(255)) - client-D83FC23EEBD8->4c571e18-69a3-4a6d-81de-e3e48052df18: receive RaftClientReply:client-D83FC23EEBD8->4c571e18-69a3-4a6d-81de-e3e48052df18@group-644576B5741B, cid=3053, SUCCESS, logIndex=4560, commits[4c571e18-69a3-4a6d-81de-e3e48052df18:c4560, 15893972-388e-43c0-9d6c-ca4c76ac06da:c4556, c86beb1c-9105-4588-b1e8-133030361c51:c4556]
2019-07-12 12:28:30,694 INFO  client.GrpcClientProtocolClient (GrpcClientProtocolClient.java:onNext(255)) - client-D83FC23EEBD8->4c571e18-69a3-4a6d-81de-e3e48052df18: receive RaftClientReply:client-D83FC23EEBD8->4c571e18-69a3-4a6d-81de-e3e48052df18@group-644576B5741B, cid=3054, SUCCESS, logIndex=0, commits[4c571e18-69a3-4a6d-81de-e3e48052df18:c4561, 15893972-388e-43c0-9d6c-ca4c76ac06da:c4558, c86beb1c-9105-4588-b1e8-133030361c51:c4558]
2019-07-12 12:28:30,715 INFO  client.GrpcClientProtocolClient (GrpcClientProtocolClient.java:onNext(255)) - client-D83FC23EEBD8->4c571e18-69a3-4a6d-81de-e3e48052df18: receive RaftClientReply:client-D83FC23EEBD8->4c571e18-69a3-4a6d-81de-e3e48052df18@group-644576B5741B, cid=3055, SUCCESS, logIndex=4565, commits[4c571e18-69a3-4a6d-81de-e3e48052df18:c4566, 15893972-388e-43c0-9d6c-ca4c76ac06da:c4561, c86beb1c-9105-4588-b1e8-133030361c51:c4561]
2019-07-12 12:28:30,716 INFO  client.GrpcClientProtocolClient (GrpcClientProtocolClient.java:onNext(255)) - client-D83FC23EEBD8->4c571e18-69a3-4a6d-81de-e3e48052df18: receive RaftClientReply:client-D83FC23EEBD8->4c571e18-69a3-4a6d-81de-e3e48052df18@group-644576B5741B, cid=3056, SUCCESS, logIndex=4566, commits[4c571e18-69a3-4a6d-81de-e3e48052df18:c4566, 15893972-388e-43c0-9d6c-ca4c76ac06da:c4561, c86beb1c-9105-4588-b1e8-133030361c51:c4561]
2019-07-12 12:28:30,734 INFO  client.GrpcClientProtocolClient (GrpcClientProtocolClient.java:onNext(255)) - client-D83FC23EEBD8->4c571e18-69a3-4a6d-81de-e3e48052df18: receive RaftClientReply:client-D83FC23EEBD8->4c571e18-69a3-4a6d-81de-e3e48052df18@group-644576B5741B, cid=3057, SUCCESS, logIndex=4569, commits[4c571e18-69a3-4a6d-81de-e3e48052df18:c4570, 15893972-388e-43c0-9d6c-ca4c76ac06da:c4568, c86beb1c-9105-4588-b1e8-133030361c51:c4568]
2019-07-12 12:28:30,734 INFO  client.GrpcClientProtocolClient (GrpcClientProtocolClient.java:onNext(255)) - client-D83FC23EEBD8->4c571e18-69a3-4a6d-81de-e3e48052df18: receive RaftClientReply:client-D83FC23EEBD8->4c571e18-69a3-4a6d-81de-e3e48052df18@group-644576B5741B, cid=3058, SUCCESS, logIndex=4570, commits[4c571e18-69a3-4a6d-81de-e3e48052df18:c4570, 15893972-388e-43c0-9d6c-ca4c76ac06da:c4568, c86beb1c-9105-4588-b1e8-133030361c51:c4568]
2019-07-12 12:28:30,747 INFO  client.GrpcClientProtocolClient (GrpcClientProtocolClient.java:onNext(255)) - client-D83FC23EEBD8->4c571e18-69a3-4a6d-81de-e3e48052df18: receive RaftClientReply:client-D83FC23EEBD8->4c571e18-69a3-4a6d-81de-e3e48052df18@group-644576B5741B, cid=3059, SUCCESS, logIndex=0, commits[4c571e18-69a3-4a6d-81de-e3e48052df18:c4572, 15893972-388e-43c0-9d6c-ca4c76ac06da:c4570, c86beb1c-9105-4588-b1e8-133030361c51:c4570]
2019-07-12 12:28:30,789 INFO  client.GrpcClientProtocolClient (GrpcClientProtocolClient.java:onNext(255)) - client-D83FC23EEBD8->4c571e18-69a3-4a6d-81de-e3e48052df18: receive RaftClientReply:client-D83FC23EEBD8->4c571e18-69a3-4a6d-81de-e3e48052df18@group-644576B5741B, cid=3060, SUCCESS, logIndex=4573, commits[4c571e18-69a3-4a6d-81de-e3e48052df18:c4575, 15893972-388e-43c0-9d6c-ca4c76ac06da:c4572, c86beb1c-9105-4588-b1e8-133030361c51:c4572]
2019-07-12 12:28:30,789 INFO  client.GrpcClientProtocolClient (GrpcClientProtocolClient.java:onNext(255)) - client-D83FC23EEBD8->4c571e18-69a3-4a6d-81de-e3e48052df18: receive RaftClientReply:client-D83FC23EEBD8->4c571e18-69a3-4a6d-81de-e3e48052df18@group-644576B5741B, cid=3061, SUCCESS, logIndex=4574, commits[4c571e18-69a3-4a6d-81de-e3e48052df18:c4576, 15893972-388e-43c0-9d6c-ca4c76ac06da:c4572, c86beb1c-9105-4588-b1e8-133030361c51:c4572]
2019-07-12 12:28:30,789 INFO  client.GrpcClientProtocolClient (GrpcClientProtocolClient.java:onNext(255)) - client-D83FC23EEBD8->4c571e18-69a3-4a6d-81de-e3e48052df18: receive RaftClientReply:client-D83FC23EEBD8->4c571e18-69a3-4a6d-81de-e3e48052df18@group-644576B5741B, cid=3062, SUCCESS, logIndex=4575, commits[4c571e18-69a3-4a6d-81de-e3e48052df18:c4576, 15893972-388e-43c0-9d6c-ca4c76ac06da:c4572, c86beb1c-9105-4588-b1e8-133030361c51:c4572]
2019-07-12 12:28:30,789 INFO  client.GrpcClientProtocolClient (GrpcClientProtocolClient.java:onNext(255)) - client-D83FC23EEBD8->4c571e18-69a3-4a6d-81de-e3e48052df18: receive RaftClientReply:client-D83FC23EEBD8->4c571e18-69a3-4a6d-81de-e3e48052df18@group-644576B5741B, cid=3063, SUCCESS, logIndex=4576, commits[4c571e18-69a3-4a6d-81de-e3e48052df18:c4576, 15893972-388e-43c0-9d6c-ca4c76ac06da:c4572, c86beb1c-9105-4588-b1e8-133030361c51:c4572]
2019-07-12 12:28:30,791 INFO  client.GrpcClientProtocolClient (GrpcClientProtocolClient.java:onNext(255)) - client-D83FC23EEBD8->4c571e18-69a3-4a6d-81de-e3e48052df18: receive RaftClientReply:client-D83FC23EEBD8->4c571e18-69a3-4a6d-81de-e3e48052df18@group-644576B5741B, cid=3064, SUCCESS, logIndex=0, commits[4c571e18-69a3-4a6d-81de-e3e48052df18:c4579, 15893972-388e-43c0-9d6c-ca4c76ac06da:c4575, c86beb1c-9105-4588-b1e8-133030361c51:c4574]
2019-07-12 12:28:30,809 INFO  client.GrpcClientProtocolClient (GrpcClientProtocolClient.java:onNext(255)) - client-D83FC23EEBD8->4c571e18-69a3-4a6d-81de-e3e48052df18: receive RaftClientReply:client-D83FC23EEBD8->4c571e18-69a3-4a6d-81de-e3e48052df18@group-644576B5741B, cid=3065, SUCCESS, logIndex=4581, commits[4c571e18-69a3-4a6d-81de-e3e48052df18:c4582, 15893972-388e-43c0-9d6c-ca4c76ac06da:c4580, c86beb1c-9105-4588-b1e8-133030361c51:c4580]
2019-07-12 12:28:30,810 INFO  client.GrpcClientProtocolClient (GrpcClientProtocolClient.java:onNext(255)) - client-D83FC23EEBD8->4c571e18-69a3-4a6d-81de-e3e48052df18: receive RaftClientReply:client-D83FC23EEBD8->4c571e18-69a3-4a6d-81de-e3e48052df18@group-644576B5741B, cid=3066, SUCCESS, logIndex=4582, commits[4c571e18-69a3-4a6d-81de-e3e48052df18:c4582, 15893972-388e-43c0-9d6c-ca4c76ac06da:c4580, c86beb1c-9105-4588-b1e8-133030361c51:c4580]
2019-07-12 12:28:30,824 INFO  client.GrpcClientProtocolClient (GrpcClientProtocolClient.java:onNext(255)) - client-D83FC23EEBD8->4c571e18-69a3-4a6d-81de-e3e48052df18: receive RaftClientReply:client-D83FC23EEBD8->4c571e18-69a3-4a6d-81de-e3e48052df18@group-644576B5741B, cid=3067, SUCCESS, logIndex=4585, commits[4c571e18-69a3-4a6d-81de-e3e48052df18:c4585, 15893972-388e-43c0-9d6c-ca4c76ac06da:c4582, c86beb1c-9105-4588-b1e8-133030361c51:c4582]
2019-07-12 12:28:30,824 INFO  client.GrpcClientProtocolClient (GrpcClientProtocolClient.java:onNext(255)) - client-D83FC23EEBD8->4c571e18-69a3-4a6d-81de-e3e48052df18: receive RaftClientReply:client-D83FC23EEBD8->4c571e18-69a3-4a6d-81de-e3e48052df18@group-644576B5741B, cid=3068, SUCCESS, logIndex=4586, commits[4c571e18-69a3-4a6d-81de-e3e48052df18:c4586, 15893972-388e-43c0-9d6c-ca4c76ac06da:c4582, c86beb1c-9105-4588-b1e8-133030361c51:c4582]
2019-07-12 12:28:30,847 INFO  client.GrpcClientProtocolClient (GrpcClientProtocolClient.java:onNext(255)) - client-D83FC23EEBD8->4c571e18-69a3-4a6d-81de-e3e48052df18: receive RaftClientReply:client-D83FC23EEBD8->4c571e18-69a3-4a6d-81de-e3e48052df18@group-644576B5741B, cid=3069, SUCCESS, logIndex=0, commits[4c571e18-69a3-4a6d-81de-e3e48052df18:c4588, 15893972-388e-43c0-9d6c-ca4c76ac06da:c4586, c86beb1c-9105-4588-b1e8-133030361c51:c4586]
2019-07-12 12:28:30,873 INFO  client.GrpcClientProtocolClient (GrpcClientProtocolClient.java:onNext(255)) - client-D83FC23EEBD8->4c571e18-69a3-4a6d-81de-e3e48052df18: receive RaftClientReply:client-D83FC23EEBD8->4c571e18-69a3-4a6d-81de-e3e48052df18@group-644576B5741B, cid=3070, SUCCESS, logIndex=4589, commits[4c571e18-69a3-4a6d-81de-e3e48052df18:c4591, 15893972-388e-43c0-9d6c-ca4c76ac06da:c4588, c86beb1c-9105-4588-b1e8-133030361c51:c4588]
2019-07-12 12:28:30,873 INFO  client.GrpcClientProtocolClient (GrpcClientProtocolClient.java:onNext(255)) - client-D83FC23EEBD8->4c571e18-69a3-4a6d-81de-e3e48052df18: receive RaftClientReply:client-D83FC23EEBD8->4c571e18-69a3-4a6d-81de-e3e48052df18@group-644576B5741B, cid=3071, SUCCESS, logIndex=4590, commits[4c571e18-69a3-4a6d-81de-e3e48052df18:c4592, 15893972-388e-43c0-9d6c-ca4c76ac06da:c4588, c86beb1c-9105-4588-b1e8-133030361c51:c4588]
2019-07-12 12:28:30,873 INFO  client.GrpcClientProtocolClient (GrpcClientProtocolClient.java:onNext(255)) - client-D83FC23EEBD8->4c571e18-69a3-4a6d-81de-e3e48052df18: receive RaftClientReply:client-D83FC23EEBD8->4c571e18-69a3-4a6d-81de-e3e48052df18@group-644576B5741B, cid=3072, SUCCESS, logIndex=4591, commits[4c571e18-69a3-4a6d-81de-e3e48052df18:c4592, 15893972-388e-43c0-9d6c-ca4c76ac06da:c4588, c86beb1c-9105-4588-b1e8-133030361c51:c4588]
2019-07-12 12:28:30,874 INFO  client.GrpcClientProtocolClient (GrpcClientProtocolClient.java:onNext(255)) - client-D83FC23EEBD8->4c571e18-69a3-4a6d-81de-e3e48052df18: receive RaftClientReply:client-D83FC23EEBD8->4c571e18-69a3-4a6d-81de-e3e48052df18@group-644576B5741B, cid=3073, SUCCESS, logIndex=4592, commits[4c571e18-69a3-4a6d-81de-e3e48052df18:c4592, 15893972-388e-43c0-9d6c-ca4c76ac06da:c4588, c86beb1c-9105-4588-b1e8-133030361c51:c4588]
2019-07-12 12:28:30,874 INFO  client.GrpcClientProtocolClient (GrpcClientProtocolClient.java:onNext(255)) - client-D83FC23EEBD8->4c571e18-69a3-4a6d-81de-e3e48052df18: receive RaftClientReply:client-D83FC23EEBD8->4c571e18-69a3-4a6d-81de-e3e48052df18@group-644576B5741B, cid=3074, SUCCESS, logIndex=0, commits[4c571e18-69a3-4a6d-81de-e3e48052df18:c4593, 15893972-388e-43c0-9d6c-ca4c76ac06da:c4590, c86beb1c-9105-4588-b1e8-133030361c51:c4590]
2019-07-12 12:28:30,893 INFO  client.GrpcClientProtocolClient (GrpcClientProtocolClient.java:onNext(255)) - client-D83FC23EEBD8->4c571e18-69a3-4a6d-81de-e3e48052df18: receive RaftClientReply:client-D83FC23EEBD8->4c571e18-69a3-4a6d-81de-e3e48052df18@group-644576B5741B, cid=3075, SUCCESS, logIndex=4597, commits[4c571e18-69a3-4a6d-81de-e3e48052df18:c4598, 15893972-388e-43c0-9d6c-ca4c76ac06da:c4596, c86beb1c-9105-4588-b1e8-133030361c51:c4596]
2019-07-12 12:28:30,893 INFO  client.GrpcClientProtocolClient (GrpcClientProtocolClient.java:onNext(255)) - client-D83FC23EEBD8->4c571e18-69a3-4a6d-81de-e3e48052df18: receive RaftClientReply:client-D83FC23EEBD8->4c571e18-69a3-4a6d-81de-e3e48052df18@group-644576B5741B, cid=3076, SUCCESS, logIndex=4598, commits[4c571e18-69a3-4a6d-81de-e3e48052df18:c4598, 15893972-388e-43c0-9d6c-ca4c76ac06da:c4596, c86beb1c-9105-4588-b1e8-133030361c51:c4596]
2019-07-12 12:28:30,906 INFO  client.GrpcClientProtocolClient (GrpcClientProtocolClient.java:onNext(255)) - client-D83FC23EEBD8->4c571e18-69a3-4a6d-81de-e3e48052df18: receive RaftClientReply:client-D83FC23EEBD8->4c571e18-69a3-4a6d-81de-e3e48052df18@group-644576B5741B, cid=3077, SUCCESS, logIndex=4601, commits[4c571e18-69a3-4a6d-81de-e3e48052df18:c4601, 15893972-388e-43c0-9d6c-ca4c76ac06da:c4598, c86beb1c-9105-4588-b1e8-133030361c51:c4598]
2019-07-12 12:28:30,906 INFO  client.GrpcClientProtocolClient (GrpcClientProtocolClient.java:onNext(255)) - client-D83FC23EEBD8->4c571e18-69a3-4a6d-81de-e3e48052df18: receive RaftClientReply:client-D83FC23EEBD8->4c571e18-69a3-4a6d-81de-e3e48052df18@group-644576B5741B, cid=3078, SUCCESS, logIndex=4602, commits[4c571e18-69a3-4a6d-81de-e3e48052df18:c4602, 15893972-388e-43c0-9d6c-ca4c76ac06da:c4598, c86beb1c-9105-4588-b1e8-133030361c51:c4598]
2019-07-12 12:28:30,919 INFO  client.GrpcClientProtocolClient (GrpcClientProtocolClient.java:onNext(255)) - client-D83FC23EEBD8->4c571e18-69a3-4a6d-81de-e3e48052df18: receive RaftClientReply:client-D83FC23EEBD8->4c571e18-69a3-4a6d-81de-e3e48052df18@group-644576B5741B, cid=3079, SUCCESS, logIndex=0, commits[4c571e18-69a3-4a6d-81de-e3e48052df18:c4604, 15893972-388e-43c0-9d6c-ca4c76ac06da:c4602, c86beb1c-9105-4588-b1e8-133030361c51:c4602]
2019-07-12 12:28:30,947 INFO  client.GrpcClientProtocolClient (GrpcClientProtocolClient.java:onNext(255)) - client-D83FC23EEBD8->4c571e18-69a3-4a6d-81de-e3e48052df18: receive RaftClientReply:client-D83FC23EEBD8->4c571e18-69a3-4a6d-81de-e3e48052df18@group-644576B5741B, cid=3080, SUCCESS, logIndex=4605, commits[4c571e18-69a3-4a6d-81de-e3e48052df18:c4608, 15893972-388e-43c0-9d6c-ca4c76ac06da:c4604, c86beb1c-9105-4588-b1e8-133030361c51:c4604]
2019-07-12 12:28:30,948 INFO  client.GrpcClientProtocolClient (GrpcClientProtocolClient.java:onNext(255)) - client-D83FC23EEBD8->4c571e18-69a3-4a6d-81de-e3e48052df18: receive RaftClientReply:client-D83FC23EEBD8->4c571e18-69a3-4a6d-81de-e3e48052df18@group-644576B5741B, cid=3081, SUCCESS, logIndex=4606, commits[4c571e18-69a3-4a6d-81de-e3e48052df18:c4609, 15893972-388e-43c0-9d6c-ca4c76ac06da:c4606, c86beb1c-9105-4588-b1e8-133030361c51:c4606]
2019-07-12 12:28:30,948 INFO  client.GrpcClientProtocolClient (GrpcClientProtocolClient.java:onNext(255)) - client-D83FC23EEBD8->4c571e18-69a3-4a6d-81de-e3e48052df18: receive RaftClientReply:client-D83FC23EEBD8->4c571e18-69a3-4a6d-81de-e3e48052df18@group-644576B5741B, cid=3082, SUCCESS, logIndex=4607, commits[4c571e18-69a3-4a6d-81de-e3e48052df18:c4610, 15893972-388e-43c0-9d6c-ca4c76ac06da:c4606, c86beb1c-9105-4588-b1e8-133030361c51:c4606]
2019-07-12 12:28:30,949 INFO  client.GrpcClientProtocolClient (GrpcClientProtocolClient.java:onNext(255)) - client-D83FC23EEBD8->4c571e18-69a3-4a6d-81de-e3e48052df18: receive RaftClientReply:client-D83FC23EEBD8->4c571e18-69a3-4a6d-81de-e3e48052df18@group-644576B5741B, cid=3083, SUCCESS, logIndex=4608, commits[4c571e18-69a3-4a6d-81de-e3e48052df18:c4610, 15893972-388e-43c0-9d6c-ca4c76ac06da:c4606, c86beb1c-9105-4588-b1e8-133030361c51:c4606]
2019-07-12 12:28:30,967 INFO  client.GrpcClientProtocolClient (GrpcClientProtocolClient.java:onNext(255)) - client-D83FC23EEBD8->4c571e18-69a3-4a6d-81de-e3e48052df18: receive RaftClientReply:client-D83FC23EEBD8->4c571e18-69a3-4a6d-81de-e3e48052df18@group-644576B5741B, cid=3084, SUCCESS, logIndex=4613, commits[4c571e18-69a3-4a6d-81de-e3e48052df18:c4614, 15893972-388e-43c0-9d6c-ca4c76ac06da:c4612, c86beb1c-9105-4588-b1e8-133030361c51:c4612]
2019-07-12 12:28:30,967 INFO  client.GrpcClientProtocolClient (GrpcClientProtocolClient.java:onNext(255)) - client-D83FC23EEBD8->4c571e18-69a3-4a6d-81de-e3e48052df18: receive RaftClientReply:client-D83FC23EEBD8->4c571e18-69a3-4a6d-81de-e3e48052df18@group-644576B5741B, cid=3085, SUCCESS, logIndex=4614, commits[4c571e18-69a3-4a6d-81de-e3e48052df18:c4614, 15893972-388e-43c0-9d6c-ca4c76ac06da:c4612, c86beb1c-9105-4588-b1e8-133030361c51:c4612]
2019-07-12 12:28:30,981 INFO  client.GrpcClientProtocolClient (GrpcClientProtocolClient.java:onNext(255)) - client-D83FC23EEBD8->4c571e18-69a3-4a6d-81de-e3e48052df18: receive RaftClientReply:client-D83FC23EEBD8->4c571e18-69a3-4a6d-81de-e3e48052df18@group-644576B5741B, cid=3086, SUCCESS, logIndex=4617, commits[4c571e18-69a3-4a6d-81de-e3e48052df18:c4618, 15893972-388e-43c0-9d6c-ca4c76ac06da:c4614, c86beb1c-9105-4588-b1e8-133030361c51:c4614]
2019-07-12 12:28:30,982 INFO  client.GrpcClientProtocolClient (GrpcClientProtocolClient.java:onNext(255)) - client-D83FC23EEBD8->4c571e18-69a3-4a6d-81de-e3e48052df18: receive RaftClientReply:client-D83FC23EEBD8->4c571e18-69a3-4a6d-81de-e3e48052df18@group-644576B5741B, cid=3087, SUCCESS, logIndex=4618, commits[4c571e18-69a3-4a6d-81de-e3e48052df18:c4618, 15893972-388e-43c0-9d6c-ca4c76ac06da:c4614, c86beb1c-9105-4588-b1e8-133030361c51:c4614]
2019-07-12 12:28:30,995 INFO  client.GrpcClientProtocolClient (GrpcClientProtocolClient.java:onNext(255)) - client-D83FC23EEBD8->4c571e18-69a3-4a6d-81de-e3e48052df18: receive RaftClientReply:client-D83FC23EEBD8->4c571e18-69a3-4a6d-81de-e3e48052df18@group-644576B5741B, cid=3088, SUCCESS, logIndex=0, commits[4c571e18-69a3-4a6d-81de-e3e48052df18:c4619, 15893972-388e-43c0-9d6c-ca4c76ac06da:c4618, c86beb1c-9105-4588-b1e8-133030361c51:c4618]
2019-07-12 12:28:31,015 INFO  client.GrpcClientProtocolClient (GrpcClientProtocolClient.java:onNext(255)) - client-D83FC23EEBD8->4c571e18-69a3-4a6d-81de-e3e48052df18: receive RaftClientReply:client-D83FC23EEBD8->4c571e18-69a3-4a6d-81de-e3e48052df18@group-644576B5741B, cid=3089, SUCCESS, logIndex=4621, commits[4c571e18-69a3-4a6d-81de-e3e48052df18:c4622, 15893972-388e-43c0-9d6c-ca4c76ac06da:c4620, c86beb1c-9105-4588-b1e8-133030361c51:c4618]
2019-07-12 12:28:31,016 INFO  client.GrpcClientProtocolClient (GrpcClientProtocolClient.java:onNext(255)) - client-D83FC23EEBD8->4c571e18-69a3-4a6d-81de-e3e48052df18: receive RaftClientReply:client-D83FC23EEBD8->4c571e18-69a3-4a6d-81de-e3e48052df18@group-644576B5741B, cid=3090, SUCCESS, logIndex=4622, commits[4c571e18-69a3-4a6d-81de-e3e48052df18:c4623, 15893972-388e-43c0-9d6c-ca4c76ac06da:c4620, c86beb1c-9105-4588-b1e8-133030361c51:c4620]
2019-07-12 12:28:31,016 INFO  client.GrpcClientProtocolClient (GrpcClientProtocolClient.java:onNext(255)) - client-D83FC23EEBD8->4c571e18-69a3-4a6d-81de-e3e48052df18: receive RaftClientReply:client-D83FC23EEBD8->4c571e18-69a3-4a6d-81de-e3e48052df18@group-644576B5741B, cid=3091, SUCCESS, logIndex=4623, commits[4c571e18-69a3-4a6d-81de-e3e48052df18:c4624, 15893972-388e-43c0-9d6c-ca4c76ac06da:c4620, c86beb1c-9105-4588-b1e8-133030361c51:c4620]
2019-07-12 12:28:31,016 INFO  client.GrpcClientProtocolClient (GrpcClientProtocolClient.java:onNext(255)) - client-D83FC23EEBD8->4c571e18-69a3-4a6d-81de-e3e48052df18: receive RaftClientReply:client-D83FC23EEBD8->4c571e18-69a3-4a6d-81de-e3e48052df18@group-644576B5741B, cid=3092, SUCCESS, logIndex=4624, commits[4c571e18-69a3-4a6d-81de-e3e48052df18:c4624, 15893972-388e-43c0-9d6c-ca4c76ac06da:c4620, c86beb1c-9105-4588-b1e8-133030361c51:c4620]
2019-07-12 12:28:31,017 INFO  client.GrpcClientProtocolClient (GrpcClientProtocolClient.java:onNext(255)) - client-D83FC23EEBD8->4c571e18-69a3-4a6d-81de-e3e48052df18: receive RaftClientReply:client-D83FC23EEBD8->4c571e18-69a3-4a6d-81de-e3e48052df18@group-644576B5741B, cid=3093, SUCCESS, logIndex=0, commits[4c571e18-69a3-4a6d-81de-e3e48052df18:c4626, 15893972-388e-43c0-9d6c-ca4c76ac06da:c4622, c86beb1c-9105-4588-b1e8-133030361c51:c4622]
2019-07-12 12:28:31,036 INFO  client.GrpcClientProtocolClient (GrpcClientProtocolClient.java:onNext(255)) - client-D83FC23EEBD8->4c571e18-69a3-4a6d-81de-e3e48052df18: receive RaftClientReply:client-D83FC23EEBD8->4c571e18-69a3-4a6d-81de-e3e48052df18@group-644576B5741B, cid=3094, SUCCESS, logIndex=4629, commits[4c571e18-69a3-4a6d-81de-e3e48052df18:c4630, 15893972-388e-43c0-9d6c-ca4c76ac06da:c4628, c86beb1c-9105-4588-b1e8-133030361c51:c4628]
2019-07-12 12:28:31,037 INFO  client.GrpcClientProtocolClient (GrpcClientProtocolClient.java:onNext(255)) - client-D83FC23EEBD8->4c571e18-69a3-4a6d-81de-e3e48052df18: receive RaftClientReply:client-D83FC23EEBD8->4c571e18-69a3-4a6d-81de-e3e48052df18@group-644576B5741B, cid=3095, SUCCESS, logIndex=4630, commits[4c571e18-69a3-4a6d-81de-e3e48052df18:c4630, 15893972-388e-43c0-9d6c-ca4c76ac06da:c4628, c86beb1c-9105-4588-b1e8-133030361c51:c4628]
2019-07-12 12:28:31,049 INFO  client.GrpcClientProtocolClient (GrpcClientProtocolClient.java:onNext(255)) - client-D83FC23EEBD8->4c571e18-69a3-4a6d-81de-e3e48052df18: receive RaftClientReply:client-D83FC23EEBD8->4c571e18-69a3-4a6d-81de-e3e48052df18@group-644576B5741B, cid=3096, SUCCESS, logIndex=4633, commits[4c571e18-69a3-4a6d-81de-e3e48052df18:c4633, 15893972-388e-43c0-9d6c-ca4c76ac06da:c4630, c86beb1c-9105-4588-b1e8-133030361c51:c4630]
2019-07-12 12:28:31,049 INFO  client.GrpcClientProtocolClient (GrpcClientProtocolClient.java:onNext(255)) - client-D83FC23EEBD8->4c571e18-69a3-4a6d-81de-e3e48052df18: receive RaftClientReply:client-D83FC23EEBD8->4c571e18-69a3-4a6d-81de-e3e48052df18@group-644576B5741B, cid=3097, SUCCESS, logIndex=4634, commits[4c571e18-69a3-4a6d-81de-e3e48052df18:c4634, 15893972-388e-43c0-9d6c-ca4c76ac06da:c4630, c86beb1c-9105-4588-b1e8-133030361c51:c4630]
2019-07-12 12:28:31,052 INFO  client.GrpcClientProtocolClient (GrpcClientProtocolClient.java:onNext(255)) - client-D83FC23EEBD8->4c571e18-69a3-4a6d-81de-e3e48052df18: receive RaftClientReply:client-D83FC23EEBD8->4c571e18-69a3-4a6d-81de-e3e48052df18@group-644576B5741B, cid=3098, SUCCESS, logIndex=0, commits[4c571e18-69a3-4a6d-81de-e3e48052df18:c4636, 15893972-388e-43c0-9d6c-ca4c76ac06da:c4634, c86beb1c-9105-4588-b1e8-133030361c51:c4634]
2019-07-12 12:28:31,079 INFO  client.GrpcClientProtocolClient (GrpcClientProtocolClient.java:onNext(255)) - client-D83FC23EEBD8->4c571e18-69a3-4a6d-81de-e3e48052df18: receive RaftClientReply:client-D83FC23EEBD8->4c571e18-69a3-4a6d-81de-e3e48052df18@group-644576B5741B, cid=3099, SUCCESS, logIndex=4637, commits[4c571e18-69a3-4a6d-81de-e3e48052df18:c4640, 15893972-388e-43c0-9d6c-ca4c76ac06da:c4636, c86beb1c-9105-4588-b1e8-133030361c51:c4636]
2019-07-12 12:28:31,080 INFO  client.GrpcClientProtocolClient (GrpcClientProtocolClient.java:onNext(255)) - client-D83FC23EEBD8->4c571e18-69a3-4a6d-81de-e3e48052df18: receive RaftClientReply:client-D83FC23EEBD8->4c571e18-69a3-4a6d-81de-e3e48052df18@group-644576B5741B, cid=3100, SUCCESS, logIndex=4638, commits[4c571e18-69a3-4a6d-81de-e3e48052df18:c4640, 15893972-388e-43c0-9d6c-ca4c76ac06da:c4636, c86beb1c-9105-4588-b1e8-133030361c51:c4636]
2019-07-12 12:28:31,081 INFO  client.GrpcClientProtocolClient (GrpcClientProtocolClient.java:onNext(255)) - client-D83FC23EEBD8->4c571e18-69a3-4a6d-81de-e3e48052df18: receive RaftClientReply:client-D83FC23EEBD8->4c571e18-69a3-4a6d-81de-e3e48052df18@group-644576B5741B, cid=3101, SUCCESS, logIndex=4639, commits[4c571e18-69a3-4a6d-81de-e3e48052df18:c4640, 15893972-388e-43c0-9d6c-ca4c76ac06da:c4636, c86beb1c-9105-4588-b1e8-133030361c51:c4636]
2019-07-12 12:28:31,081 INFO  client.GrpcClientProtocolClient (GrpcClientProtocolClient.java:onNext(255)) - client-D83FC23EEBD8->4c571e18-69a3-4a6d-81de-e3e48052df18: receive RaftClientReply:client-D83FC23EEBD8->4c571e18-69a3-4a6d-81de-e3e48052df18@group-644576B5741B, cid=3102, SUCCESS, logIndex=4640, commits[4c571e18-69a3-4a6d-81de-e3e48052df18:c4641, 15893972-388e-43c0-9d6c-ca4c76ac06da:c4636, c86beb1c-9105-4588-b1e8-133030361c51:c4638]
2019-07-12 12:28:31,082 INFO  client.GrpcClientProtocolClient (GrpcClientProtocolClient.java:onNext(255)) - client-D83FC23EEBD8->4c571e18-69a3-4a6d-81de-e3e48052df18: receive RaftClientReply:client-D83FC23EEBD8->4c571e18-69a3-4a6d-81de-e3e48052df18@group-644576B5741B, cid=3103, SUCCESS, logIndex=0, commits[4c571e18-69a3-4a6d-81de-e3e48052df18:c4643, 15893972-388e-43c0-9d6c-ca4c76ac06da:c4638, c86beb1c-9105-4588-b1e8-133030361c51:c4640]
2019-07-12 12:28:31,103 INFO  client.GrpcClientProtocolClient (GrpcClientProtocolClient.java:onNext(255)) - client-D83FC23EEBD8->4c571e18-69a3-4a6d-81de-e3e48052df18: receive RaftClientReply:client-D83FC23EEBD8->4c571e18-69a3-4a6d-81de-e3e48052df18@group-644576B5741B, cid=3104, SUCCESS, logIndex=4644, commits[4c571e18-69a3-4a6d-81de-e3e48052df18:c4645, 15893972-388e-43c0-9d6c-ca4c76ac06da:c4643, c86beb1c-9105-4588-b1e8-133030361c51:c4643]
2019-07-12 12:28:31,104 INFO  client.GrpcClientProtocolClient (GrpcClientProtocolClient.java:onNext(255)) - client-D83FC23EEBD8->4c571e18-69a3-4a6d-81de-e3e48052df18: receive RaftClientReply:client-D83FC23EEBD8->4c571e18-69a3-4a6d-81de-e3e48052df18@group-644576B5741B, cid=3105, SUCCESS, logIndex=4645, commits[4c571e18-69a3-4a6d-81de-e3e48052df18:c4645, 15893972-388e-43c0-9d6c-ca4c76ac06da:c4643, c86beb1c-9105-4588-b1e8-133030361c51:c4643]
2019-07-12 12:28:31,117 INFO  client.GrpcClientProtocolClient (GrpcClientProtocolClient.java:onNext(255)) - client-D83FC23EEBD8->4c571e18-69a3-4a6d-81de-e3e48052df18: receive RaftClientReply:client-D83FC23EEBD8->4c571e18-69a3-4a6d-81de-e3e48052df18@group-644576B5741B, cid=3106, SUCCESS, logIndex=4648, commits[4c571e18-69a3-4a6d-81de-e3e48052df18:c4649, 15893972-388e-43c0-9d6c-ca4c76ac06da:c4645, c86beb1c-9105-4588-b1e8-133030361c51:c4645]
2019-07-12 12:28:31,117 INFO  client.GrpcClientProtocolClient (GrpcClientProtocolClient.java:onNext(255)) - client-D83FC23EEBD8->4c571e18-69a3-4a6d-81de-e3e48052df18: receive RaftClientReply:client-D83FC23EEBD8->4c571e18-69a3-4a6d-81de-e3e48052df18@group-644576B5741B, cid=3107, SUCCESS, logIndex=4649, commits[4c571e18-69a3-4a6d-81de-e3e48052df18:c4649, 15893972-388e-43c0-9d6c-ca4c76ac06da:c4645, c86beb1c-9105-4588-b1e8-133030361c51:c4645]
2019-07-12 12:28:31,128 INFO  client.GrpcClientProtocolClient (GrpcClientProtocolClient.java:onNext(255)) - client-D83FC23EEBD8->4c571e18-69a3-4a6d-81de-e3e48052df18: receive RaftClientReply:client-D83FC23EEBD8->4c571e18-69a3-4a6d-81de-e3e48052df18@group-644576B5741B, cid=3108, SUCCESS, logIndex=0, commits[4c571e18-69a3-4a6d-81de-e3e48052df18:c4650, 15893972-388e-43c0-9d6c-ca4c76ac06da:c4649, c86beb1c-9105-4588-b1e8-133030361c51:c4649]
2019-07-12 12:28:31,168 INFO  client.GrpcClientProtocolClient (GrpcClientProtocolClient.java:onNext(255)) - client-D83FC23EEBD8->4c571e18-69a3-4a6d-81de-e3e48052df18: receive RaftClientReply:client-D83FC23EEBD8->4c571e18-69a3-4a6d-81de-e3e48052df18@group-644576B5741B, cid=3109, SUCCESS, logIndex=4652, commits[4c571e18-69a3-4a6d-81de-e3e48052df18:c4653, 15893972-388e-43c0-9d6c-ca4c76ac06da:c4651, c86beb1c-9105-4588-b1e8-133030361c51:c4651]
2019-07-12 12:28:31,168 INFO  client.GrpcClientProtocolClient (GrpcClientProtocolClient.java:onNext(255)) - client-D83FC23EEBD8->4c571e18-69a3-4a6d-81de-e3e48052df18: receive RaftClientReply:client-D83FC23EEBD8->4c571e18-69a3-4a6d-81de-e3e48052df18@group-644576B5741B, cid=3110, SUCCESS, logIndex=4653, commits[4c571e18-69a3-4a6d-81de-e3e48052df18:c4653, 15893972-388e-43c0-9d6c-ca4c76ac06da:c4651, c86beb1c-9105-4588-b1e8-133030361c51:c4651]
2019-07-12 12:28:31,171 INFO  client.GrpcClientProtocolClient (GrpcClientProtocolClient.java:onNext(255)) - client-D83FC23EEBD8->4c571e18-69a3-4a6d-81de-e3e48052df18: receive RaftClientReply:client-D83FC23EEBD8->4c571e18-69a3-4a6d-81de-e3e48052df18@group-644576B5741B, cid=3111, SUCCESS, logIndex=4654, commits[4c571e18-69a3-4a6d-81de-e3e48052df18:c4655, 15893972-388e-43c0-9d6c-ca4c76ac06da:c4653, c86beb1c-9105-4588-b1e8-133030361c51:c4653]
2019-07-12 12:28:31,171 INFO  client.GrpcClientProtocolClient (GrpcClientProtocolClient.java:onNext(255)) - client-D83FC23EEBD8->4c571e18-69a3-4a6d-81de-e3e48052df18: receive RaftClientReply:client-D83FC23EEBD8->4c571e18-69a3-4a6d-81de-e3e48052df18@group-644576B5741B, cid=3112, SUCCESS, logIndex=4655, commits[4c571e18-69a3-4a6d-81de-e3e48052df18:c4655, 15893972-388e-43c0-9d6c-ca4c76ac06da:c4653, c86beb1c-9105-4588-b1e8-133030361c51:c4653]
2019-07-12 12:28:31,188 INFO  client.GrpcClientProtocolClient (GrpcClientProtocolClient.java:onNext(255)) - client-D83FC23EEBD8->4c571e18-69a3-4a6d-81de-e3e48052df18: receive RaftClientReply:client-D83FC23EEBD8->4c571e18-69a3-4a6d-81de-e3e48052df18@group-644576B5741B, cid=3113, SUCCESS, logIndex=4659, commits[4c571e18-69a3-4a6d-81de-e3e48052df18:c4660, 15893972-388e-43c0-9d6c-ca4c76ac06da:c4658, c86beb1c-9105-4588-b1e8-133030361c51:c4658]
2019-07-12 12:28:31,189 INFO  client.GrpcClientProtocolClient (GrpcClientProtocolClient.java:onNext(255)) - client-D83FC23EEBD8->4c571e18-69a3-4a6d-81de-e3e48052df18: receive RaftClientReply:client-D83FC23EEBD8->4c571e18-69a3-4a6d-81de-e3e48052df18@group-644576B5741B, cid=3114, SUCCESS, logIndex=4660, commits[4c571e18-69a3-4a6d-81de-e3e48052df18:c4660, 15893972-388e-43c0-9d6c-ca4c76ac06da:c4658, c86beb1c-9105-4588-b1e8-133030361c51:c4658]
2019-07-12 12:28:31,202 INFO  client.GrpcClientProtocolClient (GrpcClientProtocolClient.java:onNext(255)) - client-D83FC23EEBD8->4c571e18-69a3-4a6d-81de-e3e48052df18: receive RaftClientReply:client-D83FC23EEBD8->4c571e18-69a3-4a6d-81de-e3e48052df18@group-644576B5741B, cid=3115, SUCCESS, logIndex=4663, commits[4c571e18-69a3-4a6d-81de-e3e48052df18:c4663, 15893972-388e-43c0-9d6c-ca4c76ac06da:c4660, c86beb1c-9105-4588-b1e8-133030361c51:c4660]
2019-07-12 12:28:31,202 INFO  client.GrpcClientProtocolClient (GrpcClientProtocolClient.java:onNext(255)) - client-D83FC23EEBD8->4c571e18-69a3-4a6d-81de-e3e48052df18: receive RaftClientReply:client-D83FC23EEBD8->4c571e18-69a3-4a6d-81de-e3e48052df18@group-644576B5741B, cid=3116, SUCCESS, logIndex=4664, commits[4c571e18-69a3-4a6d-81de-e3e48052df18:c4664, 15893972-388e-43c0-9d6c-ca4c76ac06da:c4660, c86beb1c-9105-4588-b1e8-133030361c51:c4660]
2019-07-12 12:28:31,205 INFO  client.GrpcClientProtocolClient (GrpcClientProtocolClient.java:onNext(255)) - client-D83FC23EEBD8->4c571e18-69a3-4a6d-81de-e3e48052df18: receive RaftClientReply:client-D83FC23EEBD8->4c571e18-69a3-4a6d-81de-e3e48052df18@group-644576B5741B, cid=3117, SUCCESS, logIndex=0, commits[4c571e18-69a3-4a6d-81de-e3e48052df18:c4666, 15893972-388e-43c0-9d6c-ca4c76ac06da:c4664, c86beb1c-9105-4588-b1e8-133030361c51:c4664]
2019-07-12 12:28:31,610 WARN  util.JavaUtils (JavaUtils.java:sleep(250)) - Unexpected long sleep: sleep(5008ms) actually took 5316ms which is over the threshold 300ms
2019-07-12 12:28:31,611 INFO  client.GrpcClientProtocolClient (GrpcClientProtocolClient.java:onNext(255)) - client-D83FC23EEBD8->4c571e18-69a3-4a6d-81de-e3e48052df18: receive RaftClientReply:client-D83FC23EEBD8->4c571e18-69a3-4a6d-81de-e3e48052df18@group-644576B5741B, cid=3118, SUCCESS, logIndex=4667, commits[4c571e18-69a3-4a6d-81de-e3e48052df18:c4667, 15893972-388e-43c0-9d6c-ca4c76ac06da:c4664, c86beb1c-9105-4588-b1e8-133030361c51:c4666]
2019-07-12 12:28:31,612 INFO  client.GrpcClientProtocolClient (GrpcClientProtocolClient.java:onNext(255)) - client-D83FC23EEBD8->4c571e18-69a3-4a6d-81de-e3e48052df18: receive RaftClientReply:client-D83FC23EEBD8->4c571e18-69a3-4a6d-81de-e3e48052df18@group-644576B5741B, cid=3119, SUCCESS, logIndex=4668, commits[4c571e18-69a3-4a6d-81de-e3e48052df18:c4668, 15893972-388e-43c0-9d6c-ca4c76ac06da:c4666, c86beb1c-9105-4588-b1e8-133030361c51:c4666]
 0.00% |█                                                                                                    |  0/1 Time: 0:00:232019-07-12 12:28:31,623 INFO  client.GrpcClientProtocolClient (GrpcClientProtocolClient.java:onNext(255)) - client-D83FC23EEBD8->4c571e18-69a3-4a6d-81de-e3e48052df18: receive RaftClientReply:client-D83FC23EEBD8->4c571e18-69a3-4a6d-81de-e3e48052df18@group-644576B5741B, cid=3120, SUCCESS, logIndex=4669, commits[4c571e18-69a3-4a6d-81de-e3e48052df18:c4670, 15893972-388e-43c0-9d6c-ca4c76ac06da:c4666, c86beb1c-9105-4588-b1e8-133030361c51:c4666]
2019-07-12 12:28:31,623 INFO  client.GrpcClientProtocolClient (GrpcClientProtocolClient.java:onNext(255)) - client-D83FC23EEBD8->4c571e18-69a3-4a6d-81de-e3e48052df18: receive RaftClientReply:client-D83FC23EEBD8->4c571e18-69a3-4a6d-81de-e3e48052df18@group-644576B5741B, cid=3121, SUCCESS, logIndex=4670, commits[4c571e18-69a3-4a6d-81de-e3e48052df18:c4670, 15893972-388e-43c0-9d6c-ca4c76ac06da:c4666, c86beb1c-9105-4588-b1e8-133030361c51:c4667]
2019-07-12 12:28:31,624 INFO  client.GrpcClientProtocolClient (GrpcClientProtocolClient.java:onNext(255)) - client-D83FC23EEBD8->4c571e18-69a3-4a6d-81de-e3e48052df18: receive RaftClientReply:client-D83FC23EEBD8->4c571e18-69a3-4a6d-81de-e3e48052df18@group-644576B5741B, cid=3122, SUCCESS, logIndex=0, commits[4c571e18-69a3-4a6d-81de-e3e48052df18:c4672, 15893972-388e-43c0-9d6c-ca4c76ac06da:c4668, c86beb1c-9105-4588-b1e8-133030361c51:c4668]
2019-07-12 12:28:31,641 INFO  client.GrpcClientProtocolClient (GrpcClientProtocolClient.java:onNext(255)) - client-D83FC23EEBD8->4c571e18-69a3-4a6d-81de-e3e48052df18: receive RaftClientReply:client-D83FC23EEBD8->4c571e18-69a3-4a6d-81de-e3e48052df18@group-644576B5741B, cid=3123, SUCCESS, logIndex=4675, commits[4c571e18-69a3-4a6d-81de-e3e48052df18:c4676, 15893972-388e-43c0-9d6c-ca4c76ac06da:c4674, c86beb1c-9105-4588-b1e8-133030361c51:c4674]
2019-07-12 12:28:31,641 INFO  client.GrpcClientProtocolClient (GrpcClientProtocolClient.java:onNext(255)) - client-D83FC23EEBD8->4c571e18-69a3-4a6d-81de-e3e48052df18: receive RaftClientReply:client-D83FC23EEBD8->4c571e18-69a3-4a6d-81de-e3e48052df18@group-644576B5741B, cid=3124, SUCCESS, logIndex=4676, commits[4c571e18-69a3-4a6d-81de-e3e48052df18:c4676, 15893972-388e-43c0-9d6c-ca4c76ac06da:c4674, c86beb1c-9105-4588-b1e8-133030361c51:c4674]
2019-07-12 12:28:31,656 INFO  client.GrpcClientProtocolClient (GrpcClientProtocolClient.java:onNext(255)) - client-D83FC23EEBD8->4c571e18-69a3-4a6d-81de-e3e48052df18: receive RaftClientReply:client-D83FC23EEBD8->4c571e18-69a3-4a6d-81de-e3e48052df18@group-644576B5741B, cid=3125, SUCCESS, logIndex=4679, commits[4c571e18-69a3-4a6d-81de-e3e48052df18:c4680, 15893972-388e-43c0-9d6c-ca4c76ac06da:c4676, c86beb1c-9105-4588-b1e8-133030361c51:c4676]
2019-07-12 12:28:31,657 INFO  client.GrpcClientProtocolClient (GrpcClientProtocolClient.java:onNext(255)) - client-D83FC23EEBD8->4c571e18-69a3-4a6d-81de-e3e48052df18: receive RaftClientReply:client-D83FC23EEBD8->4c571e18-69a3-4a6d-81de-e3e48052df18@group-644576B5741B, cid=3126, SUCCESS, logIndex=4680, commits[4c571e18-69a3-4a6d-81de-e3e48052df18:c4680, 15893972-388e-43c0-9d6c-ca4c76ac06da:c4676, c86beb1c-9105-4588-b1e8-133030361c51:c4676]
2019-07-12 12:28:31,668 INFO  client.GrpcClientProtocolClient (GrpcClientProtocolClient.java:onNext(255)) - client-D83FC23EEBD8->4c571e18-69a3-4a6d-81de-e3e48052df18: receive RaftClientReply:client-D83FC23EEBD8->4c571e18-69a3-4a6d-81de-e3e48052df18@group-644576B5741B, cid=3127, SUCCESS, logIndex=0, commits[4c571e18-69a3-4a6d-81de-e3e48052df18:c4682, 15893972-388e-43c0-9d6c-ca4c76ac06da:c4680, c86beb1c-9105-4588-b1e8-133030361c51:c4680]
2019-07-12 12:28:31,700 INFO  client.GrpcClientProtocolClient (GrpcClientProtocolClient.java:onNext(255)) - client-D83FC23EEBD8->4c571e18-69a3-4a6d-81de-e3e48052df18: receive RaftClientReply:client-D83FC23EEBD8->4c571e18-69a3-4a6d-81de-e3e48052df18@group-644576B5741B, cid=3128, SUCCESS, logIndex=4683, commits[4c571e18-69a3-4a6d-81de-e3e48052df18:c4684, 15893972-388e-43c0-9d6c-ca4c76ac06da:c4682, c86beb1c-9105-4588-b1e8-133030361c51:c4682]
2019-07-12 12:28:31,701 INFO  client.GrpcClientProtocolClient (GrpcClientProtocolClient.java:onNext(255)) - client-D83FC23EEBD8->4c571e18-69a3-4a6d-81de-e3e48052df18: receive RaftClientReply:client-D83FC23EEBD8->4c571e18-69a3-4a6d-81de-e3e48052df18@group-644576B5741B, cid=3129, SUCCESS, logIndex=4684, commits[4c571e18-69a3-4a6d-81de-e3e48052df18:c4685, 15893972-388e-43c0-9d6c-ca4c76ac06da:c4682, c86beb1c-9105-4588-b1e8-133030361c51:c4682]
2019-07-12 12:28:31,701 INFO  client.GrpcClientProtocolClient (GrpcClientProtocolClient.java:onNext(255)) - client-D83FC23EEBD8->4c571e18-69a3-4a6d-81de-e3e48052df18: receive RaftClientReply:client-D83FC23EEBD8->4c571e18-69a3-4a6d-81de-e3e48052df18@group-644576B5741B, cid=3130, SUCCESS, logIndex=4685, commits[4c571e18-69a3-4a6d-81de-e3e48052df18:c4686, 15893972-388e-43c0-9d6c-ca4c76ac06da:c4682, c86beb1c-9105-4588-b1e8-133030361c51:c4682]
2019-07-12 12:28:31,701 INFO  client.GrpcClientProtocolClient (GrpcClientProtocolClient.java:onNext(255)) - client-D83FC23EEBD8->4c571e18-69a3-4a6d-81de-e3e48052df18: receive RaftClientReply:client-D83FC23EEBD8->4c571e18-69a3-4a6d-81de-e3e48052df18@group-644576B5741B, cid=3131, SUCCESS, logIndex=4686, commits[4c571e18-69a3-4a6d-81de-e3e48052df18:c4686, 15893972-388e-43c0-9d6c-ca4c76ac06da:c4682, c86beb1c-9105-4588-b1e8-133030361c51:c4682]
2019-07-12 12:28:31,714 INFO  client.GrpcClientProtocolClient (GrpcClientProtocolClient.java:onNext(255)) - client-D83FC23EEBD8->4c571e18-69a3-4a6d-81de-e3e48052df18: receive RaftClientReply:client-D83FC23EEBD8->4c571e18-69a3-4a6d-81de-e3e48052df18@group-644576B5741B, cid=3132, SUCCESS, logIndex=0, commits[4c571e18-69a3-4a6d-81de-e3e48052df18:c4690, 15893972-388e-43c0-9d6c-ca4c76ac06da:c4686, c86beb1c-9105-4588-b1e8-133030361c51:c4684]
2019-07-12 12:28:31,732 INFO  client.GrpcClientProtocolClient (GrpcClientProtocolClient.java:onNext(255)) - client-D83FC23EEBD8->4c571e18-69a3-4a6d-81de-e3e48052df18: receive RaftClientReply:client-D83FC23EEBD8->4c571e18-69a3-4a6d-81de-e3e48052df18@group-644576B5741B, cid=3133, SUCCESS, logIndex=4691, commits[4c571e18-69a3-4a6d-81de-e3e48052df18:c4692, 15893972-388e-43c0-9d6c-ca4c76ac06da:c4690, c86beb1c-9105-4588-b1e8-133030361c51:c4690]
2019-07-12 12:28:31,733 INFO  client.GrpcClientProtocolClient (GrpcClientProtocolClient.java:onNext(255)) - client-D83FC23EEBD8->4c571e18-69a3-4a6d-81de-e3e48052df18: receive RaftClientReply:client-D83FC23EEBD8->4c571e18-69a3-4a6d-81de-e3e48052df18@group-644576B5741B, cid=3134, SUCCESS, logIndex=4692, commits[4c571e18-69a3-4a6d-81de-e3e48052df18:c4692, 15893972-388e-43c0-9d6c-ca4c76ac06da:c4690, c86beb1c-9105-4588-b1e8-133030361c51:c4690]
2019-07-12 12:28:31,745 INFO  client.GrpcClientProtocolClient (GrpcClientProtocolClient.java:onNext(255)) - client-D83FC23EEBD8->4c571e18-69a3-4a6d-81de-e3e48052df18: receive RaftClientReply:client-D83FC23EEBD8->4c571e18-69a3-4a6d-81de-e3e48052df18@group-644576B5741B, cid=3135, SUCCESS, logIndex=4695, commits[4c571e18-69a3-4a6d-81de-e3e48052df18:c4696, 15893972-388e-43c0-9d6c-ca4c76ac06da:c4692, c86beb1c-9105-4588-b1e8-133030361c51:c4692]
2019-07-12 12:28:31,746 INFO  client.GrpcClientProtocolClient (GrpcClientProtocolClient.java:onNext(255)) - client-D83FC23EEBD8->4c571e18-69a3-4a6d-81de-e3e48052df18: receive RaftClientReply:client-D83FC23EEBD8->4c571e18-69a3-4a6d-81de-e3e48052df18@group-644576B5741B, cid=3136, SUCCESS, logIndex=4696, commits[4c571e18-69a3-4a6d-81de-e3e48052df18:c4696, 15893972-388e-43c0-9d6c-ca4c76ac06da:c4692, c86beb1c-9105-4588-b1e8-133030361c51:c4692]
2019-07-12 12:28:31,748 INFO  client.GrpcClientProtocolClient (GrpcClientProtocolClient.java:onNext(255)) - client-D83FC23EEBD8->4c571e18-69a3-4a6d-81de-e3e48052df18: receive RaftClientReply:client-D83FC23EEBD8->4c571e18-69a3-4a6d-81de-e3e48052df18@group-644576B5741B, cid=3137, SUCCESS, logIndex=0, commits[4c571e18-69a3-4a6d-81de-e3e48052df18:c4698, 15893972-388e-43c0-9d6c-ca4c76ac06da:c4696, c86beb1c-9105-4588-b1e8-133030361c51:c4696]
2019-07-12 12:28:31,774 INFO  client.GrpcClientProtocolClient (GrpcClientProtocolClient.java:onNext(255)) - client-D83FC23EEBD8->4c571e18-69a3-4a6d-81de-e3e48052df18: receive RaftClientReply:client-D83FC23EEBD8->4c571e18-69a3-4a6d-81de-e3e48052df18@group-644576B5741B, cid=3138, SUCCESS, logIndex=4699, commits[4c571e18-69a3-4a6d-81de-e3e48052df18:c4702, 15893972-388e-43c0-9d6c-ca4c76ac06da:c4698, c86beb1c-9105-4588-b1e8-133030361c51:c4698]
2019-07-12 12:28:31,775 INFO  client.GrpcClientProtocolClient (GrpcClientProtocolClient.java:onNext(255)) - client-D83FC23EEBD8->4c571e18-69a3-4a6d-81de-e3e48052df18: receive RaftClientReply:client-D83FC23EEBD8->4c571e18-69a3-4a6d-81de-e3e48052df18@group-644576B5741B, cid=3139, SUCCESS, logIndex=4700, commits[4c571e18-69a3-4a6d-81de-e3e48052df18:c4702, 15893972-388e-43c0-9d6c-ca4c76ac06da:c4698, c86beb1c-9105-4588-b1e8-133030361c51:c4698]
2019-07-12 12:28:31,775 INFO  client.GrpcClientProtocolClient (GrpcClientProtocolClient.java:onNext(255)) - client-D83FC23EEBD8->4c571e18-69a3-4a6d-81de-e3e48052df18: receive RaftClientReply:client-D83FC23EEBD8->4c571e18-69a3-4a6d-81de-e3e48052df18@group-644576B5741B, cid=3140, SUCCESS, logIndex=4701, commits[4c571e18-69a3-4a6d-81de-e3e48052df18:c4702, 15893972-388e-43c0-9d6c-ca4c76ac06da:c4698, c86beb1c-9105-4588-b1e8-133030361c51:c4698]
2019-07-12 12:28:31,775 INFO  client.GrpcClientProtocolClient (GrpcClientProtocolClient.java:onNext(255)) - client-D83FC23EEBD8->4c571e18-69a3-4a6d-81de-e3e48052df18: receive RaftClientReply:client-D83FC23EEBD8->4c571e18-69a3-4a6d-81de-e3e48052df18@group-644576B5741B, cid=3141, SUCCESS, logIndex=4702, commits[4c571e18-69a3-4a6d-81de-e3e48052df18:c4702, 15893972-388e-43c0-9d6c-ca4c76ac06da:c4698, c86beb1c-9105-4588-b1e8-133030361c51:c4698]
2019-07-12 12:28:31,776 INFO  client.GrpcClientProtocolClient (GrpcClientProtocolClient.java:onNext(255)) - client-D83FC23EEBD8->4c571e18-69a3-4a6d-81de-e3e48052df18: receive RaftClientReply:client-D83FC23EEBD8->4c571e18-69a3-4a6d-81de-e3e48052df18@group-644576B5741B, cid=3142, SUCCESS, logIndex=0, commits[4c571e18-69a3-4a6d-81de-e3e48052df18:c4703, 15893972-388e-43c0-9d6c-ca4c76ac06da:c4701, c86beb1c-9105-4588-b1e8-133030361c51:c4700]
2019-07-12 12:28:31,795 INFO  client.GrpcClientProtocolClient (GrpcClientProtocolClient.java:onNext(255)) - client-D83FC23EEBD8->4c571e18-69a3-4a6d-81de-e3e48052df18: receive RaftClientReply:client-D83FC23EEBD8->4c571e18-69a3-4a6d-81de-e3e48052df18@group-644576B5741B, cid=3143, SUCCESS, logIndex=4707, commits[4c571e18-69a3-4a6d-81de-e3e48052df18:c4708, 15893972-388e-43c0-9d6c-ca4c76ac06da:c4706, c86beb1c-9105-4588-b1e8-133030361c51:c4706]
2019-07-12 12:28:31,795 INFO  client.GrpcClientProtocolClient (GrpcClientProtocolClient.java:onNext(255)) - client-D83FC23EEBD8->4c571e18-69a3-4a6d-81de-e3e48052df18: receive RaftClientReply:client-D83FC23EEBD8->4c571e18-69a3-4a6d-81de-e3e48052df18@group-644576B5741B, cid=3144, SUCCESS, logIndex=4708, commits[4c571e18-69a3-4a6d-81de-e3e48052df18:c4708, 15893972-388e-43c0-9d6c-ca4c76ac06da:c4706, c86beb1c-9105-4588-b1e8-133030361c51:c4706]
2019-07-12 12:28:31,808 INFO  client.GrpcClientProtocolClient (GrpcClientProtocolClient.java:onNext(255)) - client-D83FC23EEBD8->4c571e18-69a3-4a6d-81de-e3e48052df18: receive RaftClientReply:client-D83FC23EEBD8->4c571e18-69a3-4a6d-81de-e3e48052df18@group-644576B5741B, cid=3145, SUCCESS, logIndex=4711, commits[4c571e18-69a3-4a6d-81de-e3e48052df18:c4712, 15893972-388e-43c0-9d6c-ca4c76ac06da:c4708, c86beb1c-9105-4588-b1e8-133030361c51:c4708]
2019-07-12 12:28:31,808 INFO  client.GrpcClientProtocolClient (GrpcClientProtocolClient.java:onNext(255)) - client-D83FC23EEBD8->4c571e18-69a3-4a6d-81de-e3e48052df18: receive RaftClientReply:client-D83FC23EEBD8->4c571e18-69a3-4a6d-81de-e3e48052df18@group-644576B5741B, cid=3146, SUCCESS, logIndex=4712, commits[4c571e18-69a3-4a6d-81de-e3e48052df18:c4712, 15893972-388e-43c0-9d6c-ca4c76ac06da:c4708, c86beb1c-9105-4588-b1e8-133030361c51:c4708]
2019-07-12 12:28:31,819 INFO  client.GrpcClientProtocolClient (GrpcClientProtocolClient.java:onNext(255)) - client-D83FC23EEBD8->4c571e18-69a3-4a6d-81de-e3e48052df18: receive RaftClientReply:client-D83FC23EEBD8->4c571e18-69a3-4a6d-81de-e3e48052df18@group-644576B5741B, cid=3147, SUCCESS, logIndex=0, commits[4c571e18-69a3-4a6d-81de-e3e48052df18:c4713, 15893972-388e-43c0-9d6c-ca4c76ac06da:c4712, c86beb1c-9105-4588-b1e8-133030361c51:c4712]
2019-07-12 12:28:31,848 INFO  client.GrpcClientProtocolClient (GrpcClientProtocolClient.java:onNext(255)) - client-D83FC23EEBD8->4c571e18-69a3-4a6d-81de-e3e48052df18: receive RaftClientReply:client-D83FC23EEBD8->4c571e18-69a3-4a6d-81de-e3e48052df18@group-644576B5741B, cid=3148, SUCCESS, logIndex=4715, commits[4c571e18-69a3-4a6d-81de-e3e48052df18:c4716, 15893972-388e-43c0-9d6c-ca4c76ac06da:c4714, c86beb1c-9105-4588-b1e8-133030361c51:c4714]
2019-07-12 12:28:31,849 INFO  client.GrpcClientProtocolClient (GrpcClientProtocolClient.java:onNext(255)) - client-D83FC23EEBD8->4c571e18-69a3-4a6d-81de-e3e48052df18: receive RaftClientReply:client-D83FC23EEBD8->4c571e18-69a3-4a6d-81de-e3e48052df18@group-644576B5741B, cid=3149, SUCCESS, logIndex=4716, commits[4c571e18-69a3-4a6d-81de-e3e48052df18:c4718, 15893972-388e-43c0-9d6c-ca4c76ac06da:c4714, c86beb1c-9105-4588-b1e8-133030361c51:c4714]
2019-07-12 12:28:31,849 INFO  client.GrpcClientProtocolClient (GrpcClientProtocolClient.java:onNext(255)) - client-D83FC23EEBD8->4c571e18-69a3-4a6d-81de-e3e48052df18: receive RaftClientReply:client-D83FC23EEBD8->4c571e18-69a3-4a6d-81de-e3e48052df18@group-644576B5741B, cid=3150, SUCCESS, logIndex=4717, commits[4c571e18-69a3-4a6d-81de-e3e48052df18:c4718, 15893972-388e-43c0-9d6c-ca4c76ac06da:c4714, c86beb1c-9105-4588-b1e8-133030361c51:c4714]
2019-07-12 12:28:31,849 INFO  client.GrpcClientProtocolClient (GrpcClientProtocolClient.java:onNext(255)) - client-D83FC23EEBD8->4c571e18-69a3-4a6d-81de-e3e48052df18: receive RaftClientReply:client-D83FC23EEBD8->4c571e18-69a3-4a6d-81de-e3e48052df18@group-644576B5741B, cid=3151, SUCCESS, logIndex=4718, commits[4c571e18-69a3-4a6d-81de-e3e48052df18:c4718, 15893972-388e-43c0-9d6c-ca4c76ac06da:c4714, c86beb1c-9105-4588-b1e8-133030361c51:c4714]
2019-07-12 12:28:31,851 INFO  client.GrpcClientProtocolClient (GrpcClientProtocolClient.java:onNext(255)) - client-D83FC23EEBD8->4c571e18-69a3-4a6d-81de-e3e48052df18: receive RaftClientReply:client-D83FC23EEBD8->4c571e18-69a3-4a6d-81de-e3e48052df18@group-644576B5741B, cid=3152, SUCCESS, logIndex=0, commits[4c571e18-69a3-4a6d-81de-e3e48052df18:c4720, 15893972-388e-43c0-9d6c-ca4c76ac06da:c4716, c86beb1c-9105-4588-b1e8-133030361c51:c4716]
2019-07-12 12:28:31,870 INFO  client.GrpcClientProtocolClient (GrpcClientProtocolClient.java:onNext(255)) - client-D83FC23EEBD8->4c571e18-69a3-4a6d-81de-e3e48052df18: receive RaftClientReply:client-D83FC23EEBD8->4c571e18-69a3-4a6d-81de-e3e48052df18@group-644576B5741B, cid=3153, SUCCESS, logIndex=4723, commits[4c571e18-69a3-4a6d-81de-e3e48052df18:c4724, 15893972-388e-43c0-9d6c-ca4c76ac06da:c4722, c86beb1c-9105-4588-b1e8-133030361c51:c4722]
2019-07-12 12:28:31,871 INFO  client.GrpcClientProtocolClient (GrpcClientProtocolClient.java:onNext(255)) - client-D83FC23EEBD8->4c571e18-69a3-4a6d-81de-e3e48052df18: receive RaftClientReply:client-D83FC23EEBD8->4c571e18-69a3-4a6d-81de-e3e48052df18@group-644576B5741B, cid=3154, SUCCESS, logIndex=4724, commits[4c571e18-69a3-4a6d-81de-e3e48052df18:c4724, 15893972-388e-43c0-9d6c-ca4c76ac06da:c4722, c86beb1c-9105-4588-b1e8-133030361c51:c4722]
2019-07-12 12:28:31,883 INFO  client.GrpcClientProtocolClient (GrpcClientProtocolClient.java:onNext(255)) - client-D83FC23EEBD8->4c571e18-69a3-4a6d-81de-e3e48052df18: receive RaftClientReply:client-D83FC23EEBD8->4c571e18-69a3-4a6d-81de-e3e48052df18@group-644576B5741B, cid=3155, SUCCESS, logIndex=4727, commits[4c571e18-69a3-4a6d-81de-e3e48052df18:c4728, 15893972-388e-43c0-9d6c-ca4c76ac06da:c4724, c86beb1c-9105-4588-b1e8-133030361c51:c4724]
2019-07-12 12:28:31,884 INFO  client.GrpcClientProtocolClient (GrpcClientProtocolClient.java:onNext(255)) - client-D83FC23EEBD8->4c571e18-69a3-4a6d-81de-e3e48052df18: receive RaftClientReply:client-D83FC23EEBD8->4c571e18-69a3-4a6d-81de-e3e48052df18@group-644576B5741B, cid=3156, SUCCESS, logIndex=4728, commits[4c571e18-69a3-4a6d-81de-e3e48052df18:c4728, 15893972-388e-43c0-9d6c-ca4c76ac06da:c4724, c86beb1c-9105-4588-b1e8-133030361c51:c4724]
2019-07-12 12:28:31,895 INFO  client.GrpcClientProtocolClient (GrpcClientProtocolClient.java:onNext(255)) - client-D83FC23EEBD8->4c571e18-69a3-4a6d-81de-e3e48052df18: receive RaftClientReply:client-D83FC23EEBD8->4c571e18-69a3-4a6d-81de-e3e48052df18@group-644576B5741B, cid=3157, SUCCESS, logIndex=0, commits[4c571e18-69a3-4a6d-81de-e3e48052df18:c4728, 15893972-388e-43c0-9d6c-ca4c76ac06da:c4728, c86beb1c-9105-4588-b1e8-133030361c51:c4728]
2019-07-12 12:28:31,917 INFO  client.GrpcClientProtocolClient (GrpcClientProtocolClient.java:onNext(255)) - client-D83FC23EEBD8->4c571e18-69a3-4a6d-81de-e3e48052df18: receive RaftClientReply:client-D83FC23EEBD8->4c571e18-69a3-4a6d-81de-e3e48052df18@group-644576B5741B, cid=3158, SUCCESS, logIndex=4731, commits[4c571e18-69a3-4a6d-81de-e3e48052df18:c4732, 15893972-388e-43c0-9d6c-ca4c76ac06da:c4730, c86beb1c-9105-4588-b1e8-133030361c51:c4730]
2019-07-12 12:28:31,918 INFO  client.GrpcClientProtocolClient (GrpcClientProtocolClient.java:onNext(255)) - client-D83FC23EEBD8->4c571e18-69a3-4a6d-81de-e3e48052df18: receive RaftClientReply:client-D83FC23EEBD8->4c571e18-69a3-4a6d-81de-e3e48052df18@group-644576B5741B, cid=3159, SUCCESS, logIndex=4732, commits[4c571e18-69a3-4a6d-81de-e3e48052df18:c4732, 15893972-388e-43c0-9d6c-ca4c76ac06da:c4730, c86beb1c-9105-4588-b1e8-133030361c51:c4730]
2019-07-12 12:28:31,918 INFO  client.GrpcClientProtocolClient (GrpcClientProtocolClient.java:onNext(255)) - client-D83FC23EEBD8->4c571e18-69a3-4a6d-81de-e3e48052df18: receive RaftClientReply:client-D83FC23EEBD8->4c571e18-69a3-4a6d-81de-e3e48052df18@group-644576B5741B, cid=3160, SUCCESS, logIndex=4733, commits[4c571e18-69a3-4a6d-81de-e3e48052df18:c4734, 15893972-388e-43c0-9d6c-ca4c76ac06da:c4730, c86beb1c-9105-4588-b1e8-133030361c51:c4730]
2019-07-12 12:28:31,918 INFO  client.GrpcClientProtocolClient (GrpcClientProtocolClient.java:onNext(255)) - client-D83FC23EEBD8->4c571e18-69a3-4a6d-81de-e3e48052df18: receive RaftClientReply:client-D83FC23EEBD8->4c571e18-69a3-4a6d-81de-e3e48052df18@group-644576B5741B, cid=3161, SUCCESS, logIndex=4734, commits[4c571e18-69a3-4a6d-81de-e3e48052df18:c4734, 15893972-388e-43c0-9d6c-ca4c76ac06da:c4730, c86beb1c-9105-4588-b1e8-133030361c51:c4730]
2019-07-12 12:28:31,920 INFO  client.GrpcClientProtocolClient (GrpcClientProtocolClient.java:onNext(255)) - client-D83FC23EEBD8->4c571e18-69a3-4a6d-81de-e3e48052df18: receive RaftClientReply:client-D83FC23EEBD8->4c571e18-69a3-4a6d-81de-e3e48052df18@group-644576B5741B, cid=3162, SUCCESS, logIndex=0, commits[4c571e18-69a3-4a6d-81de-e3e48052df18:c4735, 15893972-388e-43c0-9d6c-ca4c76ac06da:c4732, c86beb1c-9105-4588-b1e8-133030361c51:c4732]
2019-07-12 12:28:31,958 INFO  client.GrpcClientProtocolClient (GrpcClientProtocolClient.java:onNext(255)) - client-D83FC23EEBD8->4c571e18-69a3-4a6d-81de-e3e48052df18: receive RaftClientReply:client-D83FC23EEBD8->4c571e18-69a3-4a6d-81de-e3e48052df18@group-644576B5741B, cid=3163, SUCCESS, logIndex=4739, commits[4c571e18-69a3-4a6d-81de-e3e48052df18:c4740, 15893972-388e-43c0-9d6c-ca4c76ac06da:c4735, c86beb1c-9105-4588-b1e8-133030361c51:c4735]
2019-07-12 12:28:31,958 INFO  client.GrpcClientProtocolClient (GrpcClientProtocolClient.java:onNext(255)) - client-D83FC23EEBD8->4c571e18-69a3-4a6d-81de-e3e48052df18: receive RaftClientReply:client-D83FC23EEBD8->4c571e18-69a3-4a6d-81de-e3e48052df18@group-644576B5741B, cid=3164, SUCCESS, logIndex=4740, commits[4c571e18-69a3-4a6d-81de-e3e48052df18:c4740, 15893972-388e-43c0-9d6c-ca4c76ac06da:c4735, c86beb1c-9105-4588-b1e8-133030361c51:c4735]
2019-07-12 12:28:31,976 INFO  client.GrpcClientProtocolClient (GrpcClientProtocolClient.java:onNext(255)) - client-D83FC23EEBD8->4c571e18-69a3-4a6d-81de-e3e48052df18: receive RaftClientReply:client-D83FC23EEBD8->4c571e18-69a3-4a6d-81de-e3e48052df18@group-644576B5741B, cid=3165, SUCCESS, logIndex=4742, commits[4c571e18-69a3-4a6d-81de-e3e48052df18:c4743, 15893972-388e-43c0-9d6c-ca4c76ac06da:c4741, c86beb1c-9105-4588-b1e8-133030361c51:c4741]
2019-07-12 12:28:31,977 INFO  client.GrpcClientProtocolClient (GrpcClientProtocolClient.java:onNext(255)) - client-D83FC23EEBD8->4c571e18-69a3-4a6d-81de-e3e48052df18: receive RaftClientReply:client-D83FC23EEBD8->4c571e18-69a3-4a6d-81de-e3e48052df18@group-644576B5741B, cid=3166, SUCCESS, logIndex=4743, commits[4c571e18-69a3-4a6d-81de-e3e48052df18:c4743, 15893972-388e-43c0-9d6c-ca4c76ac06da:c4741, c86beb1c-9105-4588-b1e8-133030361c51:c4741]
2019-07-12 12:28:31,988 INFO  client.GrpcClientProtocolClient (GrpcClientProtocolClient.java:onNext(255)) - client-D83FC23EEBD8->4c571e18-69a3-4a6d-81de-e3e48052df18: receive RaftClientReply:client-D83FC23EEBD8->4c571e18-69a3-4a6d-81de-e3e48052df18@group-644576B5741B, cid=3167, SUCCESS, logIndex=0, commits[4c571e18-69a3-4a6d-81de-e3e48052df18:c4743, 15893972-388e-43c0-9d6c-ca4c76ac06da:c4743, c86beb1c-9105-4588-b1e8-133030361c51:c4743]
2019-07-12 12:28:32,014 INFO  client.GrpcClientProtocolClient (GrpcClientProtocolClient.java:onNext(255)) - client-D83FC23EEBD8->4c571e18-69a3-4a6d-81de-e3e48052df18: receive RaftClientReply:client-D83FC23EEBD8->4c571e18-69a3-4a6d-81de-e3e48052df18@group-644576B5741B, cid=3168, SUCCESS, logIndex=4746, commits[4c571e18-69a3-4a6d-81de-e3e48052df18:c4749, 15893972-388e-43c0-9d6c-ca4c76ac06da:c4745, c86beb1c-9105-4588-b1e8-133030361c51:c4745]
2019-07-12 12:28:32,014 INFO  client.GrpcClientProtocolClient (GrpcClientProtocolClient.java:onNext(255)) - client-D83FC23EEBD8->4c571e18-69a3-4a6d-81de-e3e48052df18: receive RaftClientReply:client-D83FC23EEBD8->4c571e18-69a3-4a6d-81de-e3e48052df18@group-644576B5741B, cid=3169, SUCCESS, logIndex=4747, commits[4c571e18-69a3-4a6d-81de-e3e48052df18:c4749, 15893972-388e-43c0-9d6c-ca4c76ac06da:c4745, c86beb1c-9105-4588-b1e8-133030361c51:c4745]
2019-07-12 12:28:32,015 INFO  client.GrpcClientProtocolClient (GrpcClientProtocolClient.java:onNext(255)) - client-D83FC23EEBD8->4c571e18-69a3-4a6d-81de-e3e48052df18: receive RaftClientReply:client-D83FC23EEBD8->4c571e18-69a3-4a6d-81de-e3e48052df18@group-644576B5741B, cid=3170, SUCCESS, logIndex=4748, commits[4c571e18-69a3-4a6d-81de-e3e48052df18:c4749, 15893972-388e-43c0-9d6c-ca4c76ac06da:c4745, c86beb1c-9105-4588-b1e8-133030361c51:c4745]
2019-07-12 12:28:32,015 INFO  client.GrpcClientProtocolClient (GrpcClientProtocolClient.java:onNext(255)) - client-D83FC23EEBD8->4c571e18-69a3-4a6d-81de-e3e48052df18: receive RaftClientReply:client-D83FC23EEBD8->4c571e18-69a3-4a6d-81de-e3e48052df18@group-644576B5741B, cid=3171, SUCCESS, logIndex=4749, commits[4c571e18-69a3-4a6d-81de-e3e48052df18:c4749, 15893972-388e-43c0-9d6c-ca4c76ac06da:c4745, c86beb1c-9105-4588-b1e8-133030361c51:c4745]
2019-07-12 12:28:32,016 INFO  client.GrpcClientProtocolClient (GrpcClientProtocolClient.java:onNext(255)) - client-D83FC23EEBD8->4c571e18-69a3-4a6d-81de-e3e48052df18: receive RaftClientReply:client-D83FC23EEBD8->4c571e18-69a3-4a6d-81de-e3e48052df18@group-644576B5741B, cid=3172, SUCCESS, logIndex=0, commits[4c571e18-69a3-4a6d-81de-e3e48052df18:c4750, 15893972-388e-43c0-9d6c-ca4c76ac06da:c4747, c86beb1c-9105-4588-b1e8-133030361c51:c4747]
2019-07-12 12:28:32,036 INFO  client.GrpcClientProtocolClient (GrpcClientProtocolClient.java:onNext(255)) - client-D83FC23EEBD8->4c571e18-69a3-4a6d-81de-e3e48052df18: receive RaftClientReply:client-D83FC23EEBD8->4c571e18-69a3-4a6d-81de-e3e48052df18@group-644576B5741B, cid=3173, SUCCESS, logIndex=4754, commits[4c571e18-69a3-4a6d-81de-e3e48052df18:c4755, 15893972-388e-43c0-9d6c-ca4c76ac06da:c4753, c86beb1c-9105-4588-b1e8-133030361c51:c4753]
2019-07-12 12:28:32,036 INFO  client.GrpcClientProtocolClient (GrpcClientProtocolClient.java:onNext(255)) - client-D83FC23EEBD8->4c571e18-69a3-4a6d-81de-e3e48052df18: receive RaftClientReply:client-D83FC23EEBD8->4c571e18-69a3-4a6d-81de-e3e48052df18@group-644576B5741B, cid=3174, SUCCESS, logIndex=4755, commits[4c571e18-69a3-4a6d-81de-e3e48052df18:c4755, 15893972-388e-43c0-9d6c-ca4c76ac06da:c4753, c86beb1c-9105-4588-b1e8-133030361c51:c4753]
2019-07-12 12:28:32,049 INFO  client.GrpcClientProtocolClient (GrpcClientProtocolClient.java:onNext(255)) - client-D83FC23EEBD8->4c571e18-69a3-4a6d-81de-e3e48052df18: receive RaftClientReply:client-D83FC23EEBD8->4c571e18-69a3-4a6d-81de-e3e48052df18@group-644576B5741B, cid=3175, SUCCESS, logIndex=4758, commits[4c571e18-69a3-4a6d-81de-e3e48052df18:c4759, 15893972-388e-43c0-9d6c-ca4c76ac06da:c4755, c86beb1c-9105-4588-b1e8-133030361c51:c4755]
2019-07-12 12:28:32,050 INFO  client.GrpcClientProtocolClient (GrpcClientProtocolClient.java:onNext(255)) - client-D83FC23EEBD8->4c571e18-69a3-4a6d-81de-e3e48052df18: receive RaftClientReply:client-D83FC23EEBD8->4c571e18-69a3-4a6d-81de-e3e48052df18@group-644576B5741B, cid=3176, SUCCESS, logIndex=4759, commits[4c571e18-69a3-4a6d-81de-e3e48052df18:c4759, 15893972-388e-43c0-9d6c-ca4c76ac06da:c4755, c86beb1c-9105-4588-b1e8-133030361c51:c4755]
2019-07-12 12:28:32,062 INFO  client.GrpcClientProtocolClient (GrpcClientProtocolClient.java:onNext(255)) - client-D83FC23EEBD8->4c571e18-69a3-4a6d-81de-e3e48052df18: receive RaftClientReply:client-D83FC23EEBD8->4c571e18-69a3-4a6d-81de-e3e48052df18@group-644576B5741B, cid=3177, SUCCESS, logIndex=0, commits[4c571e18-69a3-4a6d-81de-e3e48052df18:c4761, 15893972-388e-43c0-9d6c-ca4c76ac06da:c4759, c86beb1c-9105-4588-b1e8-133030361c51:c4759]
2019-07-12 12:28:32,090 INFO  client.GrpcClientProtocolClient (GrpcClientProtocolClient.java:onNext(255)) - client-D83FC23EEBD8->4c571e18-69a3-4a6d-81de-e3e48052df18: receive RaftClientReply:client-D83FC23EEBD8->4c571e18-69a3-4a6d-81de-e3e48052df18@group-644576B5741B, cid=3178, SUCCESS, logIndex=4762, commits[4c571e18-69a3-4a6d-81de-e3e48052df18:c4764, 15893972-388e-43c0-9d6c-ca4c76ac06da:c4761, c86beb1c-9105-4588-b1e8-133030361c51:c4761]
2019-07-12 12:28:32,091 INFO  client.GrpcClientProtocolClient (GrpcClientProtocolClient.java:onNext(255)) - client-D83FC23EEBD8->4c571e18-69a3-4a6d-81de-e3e48052df18: receive RaftClientReply:client-D83FC23EEBD8->4c571e18-69a3-4a6d-81de-e3e48052df18@group-644576B5741B, cid=3179, SUCCESS, logIndex=4763, commits[4c571e18-69a3-4a6d-81de-e3e48052df18:c4765, 15893972-388e-43c0-9d6c-ca4c76ac06da:c4761, c86beb1c-9105-4588-b1e8-133030361c51:c4761]
2019-07-12 12:28:32,091 INFO  client.GrpcClientProtocolClient (GrpcClientProtocolClient.java:onNext(255)) - client-D83FC23EEBD8->4c571e18-69a3-4a6d-81de-e3e48052df18: receive RaftClientReply:client-D83FC23EEBD8->4c571e18-69a3-4a6d-81de-e3e48052df18@group-644576B5741B, cid=3180, SUCCESS, logIndex=4764, commits[4c571e18-69a3-4a6d-81de-e3e48052df18:c4765, 15893972-388e-43c0-9d6c-ca4c76ac06da:c4761, c86beb1c-9105-4588-b1e8-133030361c51:c4761]
2019-07-12 12:28:32,091 INFO  client.GrpcClientProtocolClient (GrpcClientProtocolClient.java:onNext(255)) - client-D83FC23EEBD8->4c571e18-69a3-4a6d-81de-e3e48052df18: receive RaftClientReply:client-D83FC23EEBD8->4c571e18-69a3-4a6d-81de-e3e48052df18@group-644576B5741B, cid=3181, SUCCESS, logIndex=4765, commits[4c571e18-69a3-4a6d-81de-e3e48052df18:c4765, 15893972-388e-43c0-9d6c-ca4c76ac06da:c4761, c86beb1c-9105-4588-b1e8-133030361c51:c4761]
2019-07-12 12:28:32,103 INFO  client.GrpcClientProtocolClient (GrpcClientProtocolClient.java:onNext(255)) - client-D83FC23EEBD8->4c571e18-69a3-4a6d-81de-e3e48052df18: receive RaftClientReply:client-D83FC23EEBD8->4c571e18-69a3-4a6d-81de-e3e48052df18@group-644576B5741B, cid=3182, SUCCESS, logIndex=0, commits[4c571e18-69a3-4a6d-81de-e3e48052df18:c4768, 15893972-388e-43c0-9d6c-ca4c76ac06da:c4765, c86beb1c-9105-4588-b1e8-133030361c51:c4764]
2019-07-12 12:28:32,121 INFO  client.GrpcClientProtocolClient (GrpcClientProtocolClient.java:onNext(255)) - client-D83FC23EEBD8->4c571e18-69a3-4a6d-81de-e3e48052df18: receive RaftClientReply:client-D83FC23EEBD8->4c571e18-69a3-4a6d-81de-e3e48052df18@group-644576B5741B, cid=3183, SUCCESS, logIndex=4769, commits[4c571e18-69a3-4a6d-81de-e3e48052df18:c4770, 15893972-388e-43c0-9d6c-ca4c76ac06da:c4768, c86beb1c-9105-4588-b1e8-133030361c51:c4768]
2019-07-12 12:28:32,122 INFO  client.GrpcClientProtocolClient (GrpcClientProtocolClient.java:onNext(255)) - client-D83FC23EEBD8->4c571e18-69a3-4a6d-81de-e3e48052df18: receive RaftClientReply:client-D83FC23EEBD8->4c571e18-69a3-4a6d-81de-e3e48052df18@group-644576B5741B, cid=3184, SUCCESS, logIndex=4770, commits[4c571e18-69a3-4a6d-81de-e3e48052df18:c4770, 15893972-388e-43c0-9d6c-ca4c76ac06da:c4768, c86beb1c-9105-4588-b1e8-133030361c51:c4768]
2019-07-12 12:28:32,134 INFO  client.GrpcClientProtocolClient (GrpcClientProtocolClient.java:onNext(255)) - client-D83FC23EEBD8->4c571e18-69a3-4a6d-81de-e3e48052df18: receive RaftClientReply:client-D83FC23EEBD8->4c571e18-69a3-4a6d-81de-e3e48052df18@group-644576B5741B, cid=3185, SUCCESS, logIndex=4773, commits[4c571e18-69a3-4a6d-81de-e3e48052df18:c4774, 15893972-388e-43c0-9d6c-ca4c76ac06da:c4770, c86beb1c-9105-4588-b1e8-133030361c51:c4770]
2019-07-12 12:28:32,134 INFO  client.GrpcClientProtocolClient (GrpcClientProtocolClient.java:onNext(255)) - client-D83FC23EEBD8->4c571e18-69a3-4a6d-81de-e3e48052df18: receive RaftClientReply:client-D83FC23EEBD8->4c571e18-69a3-4a6d-81de-e3e48052df18@group-644576B5741B, cid=3186, SUCCESS, logIndex=4774, commits[4c571e18-69a3-4a6d-81de-e3e48052df18:c4774, 15893972-388e-43c0-9d6c-ca4c76ac06da:c4770, c86beb1c-9105-4588-b1e8-133030361c51:c4770]
2019-07-12 12:28:32,146 INFO  client.GrpcClientProtocolClient (GrpcClientProtocolClient.java:onNext(255)) - client-D83FC23EEBD8->4c571e18-69a3-4a6d-81de-e3e48052df18: receive RaftClientReply:client-D83FC23EEBD8->4c571e18-69a3-4a6d-81de-e3e48052df18@group-644576B5741B, cid=3187, SUCCESS, logIndex=0, commits[4c571e18-69a3-4a6d-81de-e3e48052df18:c4774, 15893972-388e-43c0-9d6c-ca4c76ac06da:c4774, c86beb1c-9105-4588-b1e8-133030361c51:c4774]
2019-07-12 12:28:32,189 INFO  client.GrpcClientProtocolClient (GrpcClientProtocolClient.java:onNext(255)) - client-D83FC23EEBD8->4c571e18-69a3-4a6d-81de-e3e48052df18: receive RaftClientReply:client-D83FC23EEBD8->4c571e18-69a3-4a6d-81de-e3e48052df18@group-644576B5741B, cid=3188, SUCCESS, logIndex=4777, commits[4c571e18-69a3-4a6d-81de-e3e48052df18:c4779, 15893972-388e-43c0-9d6c-ca4c76ac06da:c4776, c86beb1c-9105-4588-b1e8-133030361c51:c4776]
2019-07-12 12:28:32,189 INFO  client.GrpcClientProtocolClient (GrpcClientProtocolClient.java:onNext(255)) - client-D83FC23EEBD8->4c571e18-69a3-4a6d-81de-e3e48052df18: receive RaftClientReply:client-D83FC23EEBD8->4c571e18-69a3-4a6d-81de-e3e48052df18@group-644576B5741B, cid=3189, SUCCESS, logIndex=4778, commits[4c571e18-69a3-4a6d-81de-e3e48052df18:c4780, 15893972-388e-43c0-9d6c-ca4c76ac06da:c4776, c86beb1c-9105-4588-b1e8-133030361c51:c4776]
2019-07-12 12:28:32,190 INFO  client.GrpcClientProtocolClient (GrpcClientProtocolClient.java:onNext(255)) - client-D83FC23EEBD8->4c571e18-69a3-4a6d-81de-e3e48052df18: receive RaftClientReply:client-D83FC23EEBD8->4c571e18-69a3-4a6d-81de-e3e48052df18@group-644576B5741B, cid=3190, SUCCESS, logIndex=4779, commits[4c571e18-69a3-4a6d-81de-e3e48052df18:c4780, 15893972-388e-43c0-9d6c-ca4c76ac06da:c4776, c86beb1c-9105-4588-b1e8-133030361c51:c4776]
2019-07-12 12:28:32,190 INFO  client.GrpcClientProtocolClient (GrpcClientProtocolClient.java:onNext(255)) - client-D83FC23EEBD8->4c571e18-69a3-4a6d-81de-e3e48052df18: receive RaftClientReply:client-D83FC23EEBD8->4c571e18-69a3-4a6d-81de-e3e48052df18@group-644576B5741B, cid=3191, SUCCESS, logIndex=4780, commits[4c571e18-69a3-4a6d-81de-e3e48052df18:c4780, 15893972-388e-43c0-9d6c-ca4c76ac06da:c4776, c86beb1c-9105-4588-b1e8-133030361c51:c4776]
2019-07-12 12:28:32,200 INFO  client.GrpcClientProtocolClient (GrpcClientProtocolClient.java:onNext(255)) - client-D83FC23EEBD8->4c571e18-69a3-4a6d-81de-e3e48052df18: receive RaftClientReply:client-D83FC23EEBD8->4c571e18-69a3-4a6d-81de-e3e48052df18@group-644576B5741B, cid=3192, SUCCESS, logIndex=0, commits[4c571e18-69a3-4a6d-81de-e3e48052df18:c4780, 15893972-388e-43c0-9d6c-ca4c76ac06da:c4778, c86beb1c-9105-4588-b1e8-133030361c51:c4778]
2019-07-12 12:28:32,218 INFO  client.GrpcClientProtocolClient (GrpcClientProtocolClient.java:onNext(255)) - client-D83FC23EEBD8->4c571e18-69a3-4a6d-81de-e3e48052df18: receive RaftClientReply:client-D83FC23EEBD8->4c571e18-69a3-4a6d-81de-e3e48052df18@group-644576B5741B, cid=3193, SUCCESS, logIndex=4785, commits[4c571e18-69a3-4a6d-81de-e3e48052df18:c4786, 15893972-388e-43c0-9d6c-ca4c76ac06da:c4784, c86beb1c-9105-4588-b1e8-133030361c51:c4784]
2019-07-12 12:28:32,219 INFO  client.GrpcClientProtocolClient (GrpcClientProtocolClient.java:onNext(255)) - client-D83FC23EEBD8->4c571e18-69a3-4a6d-81de-e3e48052df18: receive RaftClientReply:client-D83FC23EEBD8->4c571e18-69a3-4a6d-81de-e3e48052df18@group-644576B5741B, cid=3194, SUCCESS, logIndex=4786, commits[4c571e18-69a3-4a6d-81de-e3e48052df18:c4786, 15893972-388e-43c0-9d6c-ca4c76ac06da:c4784, c86beb1c-9105-4588-b1e8-133030361c51:c4784]
2019-07-12 12:28:32,232 INFO  client.GrpcClientProtocolClient (GrpcClientProtocolClient.java:onNext(255)) - client-D83FC23EEBD8->4c571e18-69a3-4a6d-81de-e3e48052df18: receive RaftClientReply:client-D83FC23EEBD8->4c571e18-69a3-4a6d-81de-e3e48052df18@group-644576B5741B, cid=3195, SUCCESS, logIndex=4789, commits[4c571e18-69a3-4a6d-81de-e3e48052df18:c4790, 15893972-388e-43c0-9d6c-ca4c76ac06da:c4786, c86beb1c-9105-4588-b1e8-133030361c51:c4786]
2019-07-12 12:28:32,232 INFO  client.GrpcClientProtocolClient (GrpcClientProtocolClient.java:onNext(255)) - client-D83FC23EEBD8->4c571e18-69a3-4a6d-81de-e3e48052df18: receive RaftClientReply:client-D83FC23EEBD8->4c571e18-69a3-4a6d-81de-e3e48052df18@group-644576B5741B, cid=3196, SUCCESS, logIndex=4790, commits[4c571e18-69a3-4a6d-81de-e3e48052df18:c4790, 15893972-388e-43c0-9d6c-ca4c76ac06da:c4786, c86beb1c-9105-4588-b1e8-133030361c51:c4786]
2019-07-12 12:28:32,244 INFO  client.GrpcClientProtocolClient (GrpcClientProtocolClient.java:onNext(255)) - client-D83FC23EEBD8->4c571e18-69a3-4a6d-81de-e3e48052df18: receive RaftClientReply:client-D83FC23EEBD8->4c571e18-69a3-4a6d-81de-e3e48052df18@group-644576B5741B, cid=3197, SUCCESS, logIndex=0, commits[4c571e18-69a3-4a6d-81de-e3e48052df18:c4792, 15893972-388e-43c0-9d6c-ca4c76ac06da:c4790, c86beb1c-9105-4588-b1e8-133030361c51:c4790]
2019-07-12 12:28:32,274 INFO  client.GrpcClientProtocolClient (GrpcClientProtocolClient.java:onNext(255)) - client-D83FC23EEBD8->4c571e18-69a3-4a6d-81de-e3e48052df18: receive RaftClientReply:client-D83FC23EEBD8->4c571e18-69a3-4a6d-81de-e3e48052df18@group-644576B5741B, cid=3198, SUCCESS, logIndex=4793, commits[4c571e18-69a3-4a6d-81de-e3e48052df18:c4796, 15893972-388e-43c0-9d6c-ca4c76ac06da:c4792, c86beb1c-9105-4588-b1e8-133030361c51:c4792]
2019-07-12 12:28:32,274 INFO  client.GrpcClientProtocolClient (GrpcClientProtocolClient.java:onNext(255)) - client-D83FC23EEBD8->4c571e18-69a3-4a6d-81de-e3e48052df18: receive RaftClientReply:client-D83FC23EEBD8->4c571e18-69a3-4a6d-81de-e3e48052df18@group-644576B5741B, cid=3199, SUCCESS, logIndex=4794, commits[4c571e18-69a3-4a6d-81de-e3e48052df18:c4796, 15893972-388e-43c0-9d6c-ca4c76ac06da:c4792, c86beb1c-9105-4588-b1e8-133030361c51:c4792]
2019-07-12 12:28:32,274 INFO  client.GrpcClientProtocolClient (GrpcClientProtocolClient.java:onNext(255)) - client-D83FC23EEBD8->4c571e18-69a3-4a6d-81de-e3e48052df18: receive RaftClientReply:client-D83FC23EEBD8->4c571e18-69a3-4a6d-81de-e3e48052df18@group-644576B5741B, cid=3200, SUCCESS, logIndex=4795, commits[4c571e18-69a3-4a6d-81de-e3e48052df18:c4796, 15893972-388e-43c0-9d6c-ca4c76ac06da:c4792, c86beb1c-9105-4588-b1e8-133030361c51:c4792]
2019-07-12 12:28:32,275 INFO  client.GrpcClientProtocolClient (GrpcClientProtocolClient.java:onNext(255)) - client-D83FC23EEBD8->4c571e18-69a3-4a6d-81de-e3e48052df18: receive RaftClientReply:client-D83FC23EEBD8->4c571e18-69a3-4a6d-81de-e3e48052df18@group-644576B5741B, cid=3201, SUCCESS, logIndex=4796, commits[4c571e18-69a3-4a6d-81de-e3e48052df18:c4796, 15893972-388e-43c0-9d6c-ca4c76ac06da:c4792, c86beb1c-9105-4588-b1e8-133030361c51:c4792]
2019-07-12 12:28:32,275 INFO  client.GrpcClientProtocolClient (GrpcClientProtocolClient.java:onNext(255)) - client-D83FC23EEBD8->4c571e18-69a3-4a6d-81de-e3e48052df18: receive RaftClientReply:client-D83FC23EEBD8->4c571e18-69a3-4a6d-81de-e3e48052df18@group-644576B5741B, cid=3202, SUCCESS, logIndex=0, commits[4c571e18-69a3-4a6d-81de-e3e48052df18:c4797, 15893972-388e-43c0-9d6c-ca4c76ac06da:c4794, c86beb1c-9105-4588-b1e8-133030361c51:c4794]
2019-07-12 12:28:32,293 INFO  client.GrpcClientProtocolClient (GrpcClientProtocolClient.java:onNext(255)) - client-D83FC23EEBD8->4c571e18-69a3-4a6d-81de-e3e48052df18: receive RaftClientReply:client-D83FC23EEBD8->4c571e18-69a3-4a6d-81de-e3e48052df18@group-644576B5741B, cid=3203, SUCCESS, logIndex=4801, commits[4c571e18-69a3-4a6d-81de-e3e48052df18:c4802, 15893972-388e-43c0-9d6c-ca4c76ac06da:c4800, c86beb1c-9105-4588-b1e8-133030361c51:c4800]
2019-07-12 12:28:32,293 INFO  client.GrpcClientProtocolClient (GrpcClientProtocolClient.java:onNext(255)) - client-D83FC23EEBD8->4c571e18-69a3-4a6d-81de-e3e48052df18: receive RaftClientReply:client-D83FC23EEBD8->4c571e18-69a3-4a6d-81de-e3e48052df18@group-644576B5741B, cid=3204, SUCCESS, logIndex=4802, commits[4c571e18-69a3-4a6d-81de-e3e48052df18:c4802, 15893972-388e-43c0-9d6c-ca4c76ac06da:c4800, c86beb1c-9105-4588-b1e8-133030361c51:c4800]
2019-07-12 12:28:32,306 INFO  client.GrpcClientProtocolClient (GrpcClientProtocolClient.java:onNext(255)) - client-D83FC23EEBD8->4c571e18-69a3-4a6d-81de-e3e48052df18: receive RaftClientReply:client-D83FC23EEBD8->4c571e18-69a3-4a6d-81de-e3e48052df18@group-644576B5741B, cid=3205, SUCCESS, logIndex=4805, commits[4c571e18-69a3-4a6d-81de-e3e48052df18:c4806, 15893972-388e-43c0-9d6c-ca4c76ac06da:c4802, c86beb1c-9105-4588-b1e8-133030361c51:c4802]
2019-07-12 12:28:32,307 INFO  client.GrpcClientProtocolClient (GrpcClientProtocolClient.java:onNext(255)) - client-D83FC23EEBD8->4c571e18-69a3-4a6d-81de-e3e48052df18: receive RaftClientReply:client-D83FC23EEBD8->4c571e18-69a3-4a6d-81de-e3e48052df18@group-644576B5741B, cid=3206, SUCCESS, logIndex=4806, commits[4c571e18-69a3-4a6d-81de-e3e48052df18:c4806, 15893972-388e-43c0-9d6c-ca4c76ac06da:c4802, c86beb1c-9105-4588-b1e8-133030361c51:c4802]
2019-07-12 12:28:32,319 INFO  client.GrpcClientProtocolClient (GrpcClientProtocolClient.java:onNext(255)) - client-D83FC23EEBD8->4c571e18-69a3-4a6d-81de-e3e48052df18: receive RaftClientReply:client-D83FC23EEBD8->4c571e18-69a3-4a6d-81de-e3e48052df18@group-644576B5741B, cid=3207, SUCCESS, logIndex=0, commits[4c571e18-69a3-4a6d-81de-e3e48052df18:c4808, 15893972-388e-43c0-9d6c-ca4c76ac06da:c4806, c86beb1c-9105-4588-b1e8-133030361c51:c4806]
2019-07-12 12:28:32,417 INFO  client.GrpcClientProtocolClient (GrpcClientProtocolClient.java:onNext(255)) - client-D83FC23EEBD8->4c571e18-69a3-4a6d-81de-e3e48052df18: receive RaftClientReply:client-D83FC23EEBD8->4c571e18-69a3-4a6d-81de-e3e48052df18@group-644576B5741B, cid=3208, SUCCESS, logIndex=4809, commits[4c571e18-69a3-4a6d-81de-e3e48052df18:c4810, 15893972-388e-43c0-9d6c-ca4c76ac06da:c4808, c86beb1c-9105-4588-b1e8-133030361c51:c4806]
2019-07-12 12:28:32,418 INFO  client.GrpcClientProtocolClient (GrpcClientProtocolClient.java:onNext(255)) - client-D83FC23EEBD8->4c571e18-69a3-4a6d-81de-e3e48052df18: receive RaftClientReply:client-D83FC23EEBD8->4c571e18-69a3-4a6d-81de-e3e48052df18@group-644576B5741B, cid=3209, SUCCESS, logIndex=4810, commits[4c571e18-69a3-4a6d-81de-e3e48052df18:c4812, 15893972-388e-43c0-9d6c-ca4c76ac06da:c4808, c86beb1c-9105-4588-b1e8-133030361c51:c4808]
2019-07-12 12:28:32,419 INFO  client.GrpcClientProtocolClient (GrpcClientProtocolClient.java:onNext(255)) - client-D83FC23EEBD8->4c571e18-69a3-4a6d-81de-e3e48052df18: receive RaftClientReply:client-D83FC23EEBD8->4c571e18-69a3-4a6d-81de-e3e48052df18@group-644576B5741B, cid=3210, SUCCESS, logIndex=4811, commits[4c571e18-69a3-4a6d-81de-e3e48052df18:c4812, 15893972-388e-43c0-9d6c-ca4c76ac06da:c4808, c86beb1c-9105-4588-b1e8-133030361c51:c4808]
2019-07-12 12:28:32,419 INFO  client.GrpcClientProtocolClient (GrpcClientProtocolClient.java:onNext(255)) - client-D83FC23EEBD8->4c571e18-69a3-4a6d-81de-e3e48052df18: receive RaftClientReply:client-D83FC23EEBD8->4c571e18-69a3-4a6d-81de-e3e48052df18@group-644576B5741B, cid=3211, SUCCESS, logIndex=4812, commits[4c571e18-69a3-4a6d-81de-e3e48052df18:c4813, 15893972-388e-43c0-9d6c-ca4c76ac06da:c4810, c86beb1c-9105-4588-b1e8-133030361c51:c4810]
2019-07-12 12:28:32,453 INFO  client.GrpcClientProtocolClient (GrpcClientProtocolClient.java:onNext(255)) - client-D83FC23EEBD8->4c571e18-69a3-4a6d-81de-e3e48052df18: receive RaftClientReply:client-D83FC23EEBD8->4c571e18-69a3-4a6d-81de-e3e48052df18@group-644576B5741B, cid=3212, SUCCESS, logIndex=4815, commits[4c571e18-69a3-4a6d-81de-e3e48052df18:c4816, 15893972-388e-43c0-9d6c-ca4c76ac06da:c4814, c86beb1c-9105-4588-b1e8-133030361c51:c4814]
2019-07-12 12:28:32,453 INFO  client.GrpcClientProtocolClient (GrpcClientProtocolClient.java:onNext(255)) - client-D83FC23EEBD8->4c571e18-69a3-4a6d-81de-e3e48052df18: receive RaftClientReply:client-D83FC23EEBD8->4c571e18-69a3-4a6d-81de-e3e48052df18@group-644576B5741B, cid=3213, SUCCESS, logIndex=4816, commits[4c571e18-69a3-4a6d-81de-e3e48052df18:c4816, 15893972-388e-43c0-9d6c-ca4c76ac06da:c4814, c86beb1c-9105-4588-b1e8-133030361c51:c4814]
2019-07-12 12:28:32,467 INFO  client.GrpcClientProtocolClient (GrpcClientProtocolClient.java:onNext(255)) - client-D83FC23EEBD8->4c571e18-69a3-4a6d-81de-e3e48052df18: receive RaftClientReply:client-D83FC23EEBD8->4c571e18-69a3-4a6d-81de-e3e48052df18@group-644576B5741B, cid=3214, SUCCESS, logIndex=4819, commits[4c571e18-69a3-4a6d-81de-e3e48052df18:c4820, 15893972-388e-43c0-9d6c-ca4c76ac06da:c4816, c86beb1c-9105-4588-b1e8-133030361c51:c4816]
2019-07-12 12:28:32,468 INFO  client.GrpcClientProtocolClient (GrpcClientProtocolClient.java:onNext(255)) - client-D83FC23EEBD8->4c571e18-69a3-4a6d-81de-e3e48052df18: receive RaftClientReply:client-D83FC23EEBD8->4c571e18-69a3-4a6d-81de-e3e48052df18@group-644576B5741B, cid=3215, SUCCESS, logIndex=4820, commits[4c571e18-69a3-4a6d-81de-e3e48052df18:c4820, 15893972-388e-43c0-9d6c-ca4c76ac06da:c4816, c86beb1c-9105-4588-b1e8-133030361c51:c4816]
2019-07-12 12:28:32,480 INFO  client.GrpcClientProtocolClient (GrpcClientProtocolClient.java:onNext(255)) - client-D83FC23EEBD8->4c571e18-69a3-4a6d-81de-e3e48052df18: receive RaftClientReply:client-D83FC23EEBD8->4c571e18-69a3-4a6d-81de-e3e48052df18@group-644576B5741B, cid=3216, SUCCESS, logIndex=0, commits[4c571e18-69a3-4a6d-81de-e3e48052df18:c4822, 15893972-388e-43c0-9d6c-ca4c76ac06da:c4820, c86beb1c-9105-4588-b1e8-133030361c51:c4820]
2019-07-12 12:28:32,505 INFO  client.GrpcClientProtocolClient (GrpcClientProtocolClient.java:onNext(255)) - client-D83FC23EEBD8->4c571e18-69a3-4a6d-81de-e3e48052df18: receive RaftClientReply:client-D83FC23EEBD8->4c571e18-69a3-4a6d-81de-e3e48052df18@group-644576B5741B, cid=3217, SUCCESS, logIndex=4823, commits[4c571e18-69a3-4a6d-81de-e3e48052df18:c4823, 15893972-388e-43c0-9d6c-ca4c76ac06da:c4822, c86beb1c-9105-4588-b1e8-133030361c51:c4822]
2019-07-12 12:28:32,506 INFO  client.GrpcClientProtocolClient (GrpcClientProtocolClient.java:onNext(255)) - client-D83FC23EEBD8->4c571e18-69a3-4a6d-81de-e3e48052df18: receive RaftClientReply:client-D83FC23EEBD8->4c571e18-69a3-4a6d-81de-e3e48052df18@group-644576B5741B, cid=3218, SUCCESS, logIndex=4824, commits[4c571e18-69a3-4a6d-81de-e3e48052df18:c4826, 15893972-388e-43c0-9d6c-ca4c76ac06da:c4822, c86beb1c-9105-4588-b1e8-133030361c51:c4822]
2019-07-12 12:28:32,506 INFO  client.GrpcClientProtocolClient (GrpcClientProtocolClient.java:onNext(255)) - client-D83FC23EEBD8->4c571e18-69a3-4a6d-81de-e3e48052df18: receive RaftClientReply:client-D83FC23EEBD8->4c571e18-69a3-4a6d-81de-e3e48052df18@group-644576B5741B, cid=3219, SUCCESS, logIndex=4825, commits[4c571e18-69a3-4a6d-81de-e3e48052df18:c4826, 15893972-388e-43c0-9d6c-ca4c76ac06da:c4822, c86beb1c-9105-4588-b1e8-133030361c51:c4822]
2019-07-12 12:28:32,506 INFO  client.GrpcClientProtocolClient (GrpcClientProtocolClient.java:onNext(255)) - client-D83FC23EEBD8->4c571e18-69a3-4a6d-81de-e3e48052df18: receive RaftClientReply:client-D83FC23EEBD8->4c571e18-69a3-4a6d-81de-e3e48052df18@group-644576B5741B, cid=3220, SUCCESS, logIndex=4826, commits[4c571e18-69a3-4a6d-81de-e3e48052df18:c4826, 15893972-388e-43c0-9d6c-ca4c76ac06da:c4822, c86beb1c-9105-4588-b1e8-133030361c51:c4822]
2019-07-12 12:28:32,508 INFO  client.GrpcClientProtocolClient (GrpcClientProtocolClient.java:onNext(255)) - client-D83FC23EEBD8->4c571e18-69a3-4a6d-81de-e3e48052df18: receive RaftClientReply:client-D83FC23EEBD8->4c571e18-69a3-4a6d-81de-e3e48052df18@group-644576B5741B, cid=3221, SUCCESS, logIndex=0, commits[4c571e18-69a3-4a6d-81de-e3e48052df18:c4827, 15893972-388e-43c0-9d6c-ca4c76ac06da:c4824, c86beb1c-9105-4588-b1e8-133030361c51:c4824]
2019-07-12 12:28:32,526 INFO  client.GrpcClientProtocolClient (GrpcClientProtocolClient.java:onNext(255)) - client-D83FC23EEBD8->4c571e18-69a3-4a6d-81de-e3e48052df18: receive RaftClientReply:client-D83FC23EEBD8->4c571e18-69a3-4a6d-81de-e3e48052df18@group-644576B5741B, cid=3222, SUCCESS, logIndex=4830, commits[4c571e18-69a3-4a6d-81de-e3e48052df18:c4831, 15893972-388e-43c0-9d6c-ca4c76ac06da:c4829, c86beb1c-9105-4588-b1e8-133030361c51:c4829]
2019-07-12 12:28:32,526 INFO  client.GrpcClientProtocolClient (GrpcClientProtocolClient.java:onNext(255)) - client-D83FC23EEBD8->4c571e18-69a3-4a6d-81de-e3e48052df18: receive RaftClientReply:client-D83FC23EEBD8->4c571e18-69a3-4a6d-81de-e3e48052df18@group-644576B5741B, cid=3223, SUCCESS, logIndex=4831, commits[4c571e18-69a3-4a6d-81de-e3e48052df18:c4831, 15893972-388e-43c0-9d6c-ca4c76ac06da:c4829, c86beb1c-9105-4588-b1e8-133030361c51:c4829]
2019-07-12 12:28:32,540 INFO  client.GrpcClientProtocolClient (GrpcClientProtocolClient.java:onNext(255)) - client-D83FC23EEBD8->4c571e18-69a3-4a6d-81de-e3e48052df18: receive RaftClientReply:client-D83FC23EEBD8->4c571e18-69a3-4a6d-81de-e3e48052df18@group-644576B5741B, cid=3224, SUCCESS, logIndex=4834, commits[4c571e18-69a3-4a6d-81de-e3e48052df18:c4835, 15893972-388e-43c0-9d6c-ca4c76ac06da:c4831, c86beb1c-9105-4588-b1e8-133030361c51:c4831]
2019-07-12 12:28:32,540 INFO  client.GrpcClientProtocolClient (GrpcClientProtocolClient.java:onNext(255)) - client-D83FC23EEBD8->4c571e18-69a3-4a6d-81de-e3e48052df18: receive RaftClientReply:client-D83FC23EEBD8->4c571e18-69a3-4a6d-81de-e3e48052df18@group-644576B5741B, cid=3225, SUCCESS, logIndex=4835, commits[4c571e18-69a3-4a6d-81de-e3e48052df18:c4835, 15893972-388e-43c0-9d6c-ca4c76ac06da:c4831, c86beb1c-9105-4588-b1e8-133030361c51:c4831]
2019-07-12 12:28:32,542 INFO  client.GrpcClientProtocolClient (GrpcClientProtocolClient.java:onNext(255)) - client-D83FC23EEBD8->4c571e18-69a3-4a6d-81de-e3e48052df18: receive RaftClientReply:client-D83FC23EEBD8->4c571e18-69a3-4a6d-81de-e3e48052df18@group-644576B5741B, cid=3226, SUCCESS, logIndex=0, commits[4c571e18-69a3-4a6d-81de-e3e48052df18:c4836, 15893972-388e-43c0-9d6c-ca4c76ac06da:c4835, c86beb1c-9105-4588-b1e8-133030361c51:c4835]
2019-07-12 12:28:32,570 INFO  client.GrpcClientProtocolClient (GrpcClientProtocolClient.java:onNext(255)) - client-D83FC23EEBD8->4c571e18-69a3-4a6d-81de-e3e48052df18: receive RaftClientReply:client-D83FC23EEBD8->4c571e18-69a3-4a6d-81de-e3e48052df18@group-644576B5741B, cid=3227, SUCCESS, logIndex=4838, commits[4c571e18-69a3-4a6d-81de-e3e48052df18:c4841, 15893972-388e-43c0-9d6c-ca4c76ac06da:c4837, c86beb1c-9105-4588-b1e8-133030361c51:c4837]
2019-07-12 12:28:32,571 INFO  client.GrpcClientProtocolClient (GrpcClientProtocolClient.java:onNext(255)) - client-D83FC23EEBD8->4c571e18-69a3-4a6d-81de-e3e48052df18: receive RaftClientReply:client-D83FC23EEBD8->4c571e18-69a3-4a6d-81de-e3e48052df18@group-644576B5741B, cid=3228, SUCCESS, logIndex=4839, commits[4c571e18-69a3-4a6d-81de-e3e48052df18:c4841, 15893972-388e-43c0-9d6c-ca4c76ac06da:c4837, c86beb1c-9105-4588-b1e8-133030361c51:c4837]
2019-07-12 12:28:32,571 INFO  client.GrpcClientProtocolClient (GrpcClientProtocolClient.java:onNext(255)) - client-D83FC23EEBD8->4c571e18-69a3-4a6d-81de-e3e48052df18: receive RaftClientReply:client-D83FC23EEBD8->4c571e18-69a3-4a6d-81de-e3e48052df18@group-644576B5741B, cid=3229, SUCCESS, logIndex=4840, commits[4c571e18-69a3-4a6d-81de-e3e48052df18:c4841, 15893972-388e-43c0-9d6c-ca4c76ac06da:c4837, c86beb1c-9105-4588-b1e8-133030361c51:c4837]
2019-07-12 12:28:32,571 INFO  client.GrpcClientProtocolClient (GrpcClientProtocolClient.java:onNext(255)) - client-D83FC23EEBD8->4c571e18-69a3-4a6d-81de-e3e48052df18: receive RaftClientReply:client-D83FC23EEBD8->4c571e18-69a3-4a6d-81de-e3e48052df18@group-644576B5741B, cid=3230, SUCCESS, logIndex=4841, commits[4c571e18-69a3-4a6d-81de-e3e48052df18:c4841, 15893972-388e-43c0-9d6c-ca4c76ac06da:c4837, c86beb1c-9105-4588-b1e8-133030361c51:c4837]
2019-07-12 12:28:32,572 INFO  client.GrpcClientProtocolClient (GrpcClientProtocolClient.java:onNext(255)) - client-D83FC23EEBD8->4c571e18-69a3-4a6d-81de-e3e48052df18: receive RaftClientReply:client-D83FC23EEBD8->4c571e18-69a3-4a6d-81de-e3e48052df18@group-644576B5741B, cid=3231, SUCCESS, logIndex=0, commits[4c571e18-69a3-4a6d-81de-e3e48052df18:c4842, 15893972-388e-43c0-9d6c-ca4c76ac06da:c4839, c86beb1c-9105-4588-b1e8-133030361c51:c4839]
2019-07-12 12:28:32,590 INFO  client.GrpcClientProtocolClient (GrpcClientProtocolClient.java:onNext(255)) - client-D83FC23EEBD8->4c571e18-69a3-4a6d-81de-e3e48052df18: receive RaftClientReply:client-D83FC23EEBD8->4c571e18-69a3-4a6d-81de-e3e48052df18@group-644576B5741B, cid=3232, SUCCESS, logIndex=4845, commits[4c571e18-69a3-4a6d-81de-e3e48052df18:c4846, 15893972-388e-43c0-9d6c-ca4c76ac06da:c4844, c86beb1c-9105-4588-b1e8-133030361c51:c4844]
2019-07-12 12:28:32,590 INFO  client.GrpcClientProtocolClient (GrpcClientProtocolClient.java:onNext(255)) - client-D83FC23EEBD8->4c571e18-69a3-4a6d-81de-e3e48052df18: receive RaftClientReply:client-D83FC23EEBD8->4c571e18-69a3-4a6d-81de-e3e48052df18@group-644576B5741B, cid=3233, SUCCESS, logIndex=4846, commits[4c571e18-69a3-4a6d-81de-e3e48052df18:c4846, 15893972-388e-43c0-9d6c-ca4c76ac06da:c4844, c86beb1c-9105-4588-b1e8-133030361c51:c4844]
2019-07-12 12:28:32,604 INFO  client.GrpcClientProtocolClient (GrpcClientProtocolClient.java:onNext(255)) - client-D83FC23EEBD8->4c571e18-69a3-4a6d-81de-e3e48052df18: receive RaftClientReply:client-D83FC23EEBD8->4c571e18-69a3-4a6d-81de-e3e48052df18@group-644576B5741B, cid=3234, SUCCESS, logIndex=4849, commits[4c571e18-69a3-4a6d-81de-e3e48052df18:c4850, 15893972-388e-43c0-9d6c-ca4c76ac06da:c4846, c86beb1c-9105-4588-b1e8-133030361c51:c4846]
2019-07-12 12:28:32,604 INFO  client.GrpcClientProtocolClient (GrpcClientProtocolClient.java:onNext(255)) - client-D83FC23EEBD8->4c571e18-69a3-4a6d-81de-e3e48052df18: receive RaftClientReply:client-D83FC23EEBD8->4c571e18-69a3-4a6d-81de-e3e48052df18@group-644576B5741B, cid=3235, SUCCESS, logIndex=4850, commits[4c571e18-69a3-4a6d-81de-e3e48052df18:c4850, 15893972-388e-43c0-9d6c-ca4c76ac06da:c4846, c86beb1c-9105-4588-b1e8-133030361c51:c4846]
2019-07-12 12:28:32,605 INFO  client.GrpcClientProtocolClient (GrpcClientProtocolClient.java:onNext(255)) - client-D83FC23EEBD8->4c571e18-69a3-4a6d-81de-e3e48052df18: receive RaftClientReply:client-D83FC23EEBD8->4c571e18-69a3-4a6d-81de-e3e48052df18@group-644576B5741B, cid=3236, SUCCESS, logIndex=0, commits[4c571e18-69a3-4a6d-81de-e3e48052df18:c4851, 15893972-388e-43c0-9d6c-ca4c76ac06da:c4850, c86beb1c-9105-4588-b1e8-133030361c51:c4850]
 0.00% |█                                                                                                    |  0/1 Time: 0:00:242019-07-12 12:28:32,637 INFO  client.GrpcClientProtocolClient (GrpcClientProtocolClient.java:onNext(255)) - client-D83FC23EEBD8->4c571e18-69a3-4a6d-81de-e3e48052df18: receive RaftClientReply:client-D83FC23EEBD8->4c571e18-69a3-4a6d-81de-e3e48052df18@group-644576B5741B, cid=3237, SUCCESS, logIndex=4853, commits[4c571e18-69a3-4a6d-81de-e3e48052df18:c4856, 15893972-388e-43c0-9d6c-ca4c76ac06da:c4852, c86beb1c-9105-4588-b1e8-133030361c51:c4852]
2019-07-12 12:28:32,638 INFO  client.GrpcClientProtocolClient (GrpcClientProtocolClient.java:onNext(255)) - client-D83FC23EEBD8->4c571e18-69a3-4a6d-81de-e3e48052df18: receive RaftClientReply:client-D83FC23EEBD8->4c571e18-69a3-4a6d-81de-e3e48052df18@group-644576B5741B, cid=3238, SUCCESS, logIndex=4854, commits[4c571e18-69a3-4a6d-81de-e3e48052df18:c4856, 15893972-388e-43c0-9d6c-ca4c76ac06da:c4852, c86beb1c-9105-4588-b1e8-133030361c51:c4852]
2019-07-12 12:28:32,638 INFO  client.GrpcClientProtocolClient (GrpcClientProtocolClient.java:onNext(255)) - client-D83FC23EEBD8->4c571e18-69a3-4a6d-81de-e3e48052df18: receive RaftClientReply:client-D83FC23EEBD8->4c571e18-69a3-4a6d-81de-e3e48052df18@group-644576B5741B, cid=3239, SUCCESS, logIndex=4855, commits[4c571e18-69a3-4a6d-81de-e3e48052df18:c4857, 15893972-388e-43c0-9d6c-ca4c76ac06da:c4854, c86beb1c-9105-4588-b1e8-133030361c51:c4852]
2019-07-12 12:28:32,638 INFO  client.GrpcClientProtocolClient (GrpcClientProtocolClient.java:onNext(255)) - client-D83FC23EEBD8->4c571e18-69a3-4a6d-81de-e3e48052df18: receive RaftClientReply:client-D83FC23EEBD8->4c571e18-69a3-4a6d-81de-e3e48052df18@group-644576B5741B, cid=3240, SUCCESS, logIndex=4856, commits[4c571e18-69a3-4a6d-81de-e3e48052df18:c4857, 15893972-388e-43c0-9d6c-ca4c76ac06da:c4854, c86beb1c-9105-4588-b1e8-133030361c51:c4852]
2019-07-12 12:28:32,639 INFO  client.GrpcClientProtocolClient (GrpcClientProtocolClient.java:onNext(255)) - client-D83FC23EEBD8->4c571e18-69a3-4a6d-81de-e3e48052df18: receive RaftClientReply:client-D83FC23EEBD8->4c571e18-69a3-4a6d-81de-e3e48052df18@group-644576B5741B, cid=3241, SUCCESS, logIndex=0, commits[4c571e18-69a3-4a6d-81de-e3e48052df18:c4858, 15893972-388e-43c0-9d6c-ca4c76ac06da:c4854, c86beb1c-9105-4588-b1e8-133030361c51:c4854]
2019-07-12 12:28:32,649 INFO  client.GrpcClientProtocolClient (GrpcClientProtocolClient.java:onNext(255)) - client-D83FC23EEBD8->4c571e18-69a3-4a6d-81de-e3e48052df18: receive RaftClientReply:client-D83FC23EEBD8->4c571e18-69a3-4a6d-81de-e3e48052df18@group-644576B5741B, cid=3242, SUCCESS, logIndex=4861, commits[4c571e18-69a3-4a6d-81de-e3e48052df18:c4862, 15893972-388e-43c0-9d6c-ca4c76ac06da:c4858, c86beb1c-9105-4588-b1e8-133030361c51:c4858]
2019-07-12 12:28:32,649 INFO  client.GrpcClientProtocolClient (GrpcClientProtocolClient.java:onNext(255)) - client-D83FC23EEBD8->4c571e18-69a3-4a6d-81de-e3e48052df18: receive RaftClientReply:client-D83FC23EEBD8->4c571e18-69a3-4a6d-81de-e3e48052df18@group-644576B5741B, cid=3243, SUCCESS, logIndex=4862, commits[4c571e18-69a3-4a6d-81de-e3e48052df18:c4862, 15893972-388e-43c0-9d6c-ca4c76ac06da:c4858, c86beb1c-9105-4588-b1e8-133030361c51:c4858]
2019-07-12 12:28:32,678 INFO  client.GrpcClientProtocolClient (GrpcClientProtocolClient.java:onNext(255)) - client-D83FC23EEBD8->4c571e18-69a3-4a6d-81de-e3e48052df18: receive RaftClientReply:client-D83FC23EEBD8->4c571e18-69a3-4a6d-81de-e3e48052df18@group-644576B5741B, cid=3244, SUCCESS, logIndex=4865, commits[4c571e18-69a3-4a6d-81de-e3e48052df18:c4866, 15893972-388e-43c0-9d6c-ca4c76ac06da:c4864, c86beb1c-9105-4588-b1e8-133030361c51:c4864]
2019-07-12 12:28:32,679 INFO  client.GrpcClientProtocolClient (GrpcClientProtocolClient.java:onNext(255)) - client-D83FC23EEBD8->4c571e18-69a3-4a6d-81de-e3e48052df18: receive RaftClientReply:client-D83FC23EEBD8->4c571e18-69a3-4a6d-81de-e3e48052df18@group-644576B5741B, cid=3245, SUCCESS, logIndex=4866, commits[4c571e18-69a3-4a6d-81de-e3e48052df18:c4866, 15893972-388e-43c0-9d6c-ca4c76ac06da:c4864, c86beb1c-9105-4588-b1e8-133030361c51:c4864]
2019-07-12 12:28:32,692 INFO  client.GrpcClientProtocolClient (GrpcClientProtocolClient.java:onNext(255)) - client-D83FC23EEBD8->4c571e18-69a3-4a6d-81de-e3e48052df18: receive RaftClientReply:client-D83FC23EEBD8->4c571e18-69a3-4a6d-81de-e3e48052df18@group-644576B5741B, cid=3246, SUCCESS, logIndex=0, commits[4c571e18-69a3-4a6d-81de-e3e48052df18:c4867, 15893972-388e-43c0-9d6c-ca4c76ac06da:c4866, c86beb1c-9105-4588-b1e8-133030361c51:c4866]
2019-07-12 12:28:32,718 INFO  client.GrpcClientProtocolClient (GrpcClientProtocolClient.java:onNext(255)) - client-D83FC23EEBD8->4c571e18-69a3-4a6d-81de-e3e48052df18: receive RaftClientReply:client-D83FC23EEBD8->4c571e18-69a3-4a6d-81de-e3e48052df18@group-644576B5741B, cid=3247, SUCCESS, logIndex=4869, commits[4c571e18-69a3-4a6d-81de-e3e48052df18:c4872, 15893972-388e-43c0-9d6c-ca4c76ac06da:c4868, c86beb1c-9105-4588-b1e8-133030361c51:c4868]
2019-07-12 12:28:32,719 INFO  client.GrpcClientProtocolClient (GrpcClientProtocolClient.java:onNext(255)) - client-D83FC23EEBD8->4c571e18-69a3-4a6d-81de-e3e48052df18: receive RaftClientReply:client-D83FC23EEBD8->4c571e18-69a3-4a6d-81de-e3e48052df18@group-644576B5741B, cid=3248, SUCCESS, logIndex=4870, commits[4c571e18-69a3-4a6d-81de-e3e48052df18:c4872, 15893972-388e-43c0-9d6c-ca4c76ac06da:c4868, c86beb1c-9105-4588-b1e8-133030361c51:c4868]
2019-07-12 12:28:32,720 INFO  client.GrpcClientProtocolClient (GrpcClientProtocolClient.java:onNext(255)) - client-D83FC23EEBD8->4c571e18-69a3-4a6d-81de-e3e48052df18: receive RaftClientReply:client-D83FC23EEBD8->4c571e18-69a3-4a6d-81de-e3e48052df18@group-644576B5741B, cid=3249, SUCCESS, logIndex=4871, commits[4c571e18-69a3-4a6d-81de-e3e48052df18:c4872, 15893972-388e-43c0-9d6c-ca4c76ac06da:c4868, c86beb1c-9105-4588-b1e8-133030361c51:c4868]
2019-07-12 12:28:32,720 INFO  client.GrpcClientProtocolClient (GrpcClientProtocolClient.java:onNext(255)) - client-D83FC23EEBD8->4c571e18-69a3-4a6d-81de-e3e48052df18: receive RaftClientReply:client-D83FC23EEBD8->4c571e18-69a3-4a6d-81de-e3e48052df18@group-644576B5741B, cid=3250, SUCCESS, logIndex=4872, commits[4c571e18-69a3-4a6d-81de-e3e48052df18:c4872, 15893972-388e-43c0-9d6c-ca4c76ac06da:c4868, c86beb1c-9105-4588-b1e8-133030361c51:c4868]
2019-07-12 12:28:32,723 INFO  client.GrpcClientProtocolClient (GrpcClientProtocolClient.java:onNext(255)) - client-D83FC23EEBD8->4c571e18-69a3-4a6d-81de-e3e48052df18: receive RaftClientReply:client-D83FC23EEBD8->4c571e18-69a3-4a6d-81de-e3e48052df18@group-644576B5741B, cid=3251, SUCCESS, logIndex=0, commits[4c571e18-69a3-4a6d-81de-e3e48052df18:c4874, 15893972-388e-43c0-9d6c-ca4c76ac06da:c4870, c86beb1c-9105-4588-b1e8-133030361c51:c4870]
2019-07-12 12:28:32,743 INFO  client.GrpcClientProtocolClient (GrpcClientProtocolClient.java:onNext(255)) - client-D83FC23EEBD8->4c571e18-69a3-4a6d-81de-e3e48052df18: receive RaftClientReply:client-D83FC23EEBD8->4c571e18-69a3-4a6d-81de-e3e48052df18@group-644576B5741B, cid=3252, SUCCESS, logIndex=4877, commits[4c571e18-69a3-4a6d-81de-e3e48052df18:c4878, 15893972-388e-43c0-9d6c-ca4c76ac06da:c4876, c86beb1c-9105-4588-b1e8-133030361c51:c4876]
2019-07-12 12:28:32,744 INFO  client.GrpcClientProtocolClient (GrpcClientProtocolClient.java:onNext(255)) - client-D83FC23EEBD8->4c571e18-69a3-4a6d-81de-e3e48052df18: receive RaftClientReply:client-D83FC23EEBD8->4c571e18-69a3-4a6d-81de-e3e48052df18@group-644576B5741B, cid=3253, SUCCESS, logIndex=4878, commits[4c571e18-69a3-4a6d-81de-e3e48052df18:c4878, 15893972-388e-43c0-9d6c-ca4c76ac06da:c4876, c86beb1c-9105-4588-b1e8-133030361c51:c4876]
2019-07-12 12:28:32,757 INFO  client.GrpcClientProtocolClient (GrpcClientProtocolClient.java:onNext(255)) - client-D83FC23EEBD8->4c571e18-69a3-4a6d-81de-e3e48052df18: receive RaftClientReply:client-D83FC23EEBD8->4c571e18-69a3-4a6d-81de-e3e48052df18@group-644576B5741B, cid=3254, SUCCESS, logIndex=4881, commits[4c571e18-69a3-4a6d-81de-e3e48052df18:c4882, 15893972-388e-43c0-9d6c-ca4c76ac06da:c4878, c86beb1c-9105-4588-b1e8-133030361c51:c4878]
2019-07-12 12:28:32,757 INFO  client.GrpcClientProtocolClient (GrpcClientProtocolClient.java:onNext(255)) - client-D83FC23EEBD8->4c571e18-69a3-4a6d-81de-e3e48052df18: receive RaftClientReply:client-D83FC23EEBD8->4c571e18-69a3-4a6d-81de-e3e48052df18@group-644576B5741B, cid=3255, SUCCESS, logIndex=4882, commits[4c571e18-69a3-4a6d-81de-e3e48052df18:c4882, 15893972-388e-43c0-9d6c-ca4c76ac06da:c4878, c86beb1c-9105-4588-b1e8-133030361c51:c4878]
2019-07-12 12:28:32,768 INFO  client.GrpcClientProtocolClient (GrpcClientProtocolClient.java:onNext(255)) - client-D83FC23EEBD8->4c571e18-69a3-4a6d-81de-e3e48052df18: receive RaftClientReply:client-D83FC23EEBD8->4c571e18-69a3-4a6d-81de-e3e48052df18@group-644576B5741B, cid=3256, SUCCESS, logIndex=0, commits[4c571e18-69a3-4a6d-81de-e3e48052df18:c4883, 15893972-388e-43c0-9d6c-ca4c76ac06da:c4882, c86beb1c-9105-4588-b1e8-133030361c51:c4882]
2019-07-12 12:28:32,796 INFO  client.GrpcClientProtocolClient (GrpcClientProtocolClient.java:onNext(255)) - client-D83FC23EEBD8->4c571e18-69a3-4a6d-81de-e3e48052df18: receive RaftClientReply:client-D83FC23EEBD8->4c571e18-69a3-4a6d-81de-e3e48052df18@group-644576B5741B, cid=3257, SUCCESS, logIndex=4885, commits[4c571e18-69a3-4a6d-81de-e3e48052df18:c4887, 15893972-388e-43c0-9d6c-ca4c76ac06da:c4884, c86beb1c-9105-4588-b1e8-133030361c51:c4884]
2019-07-12 12:28:32,796 INFO  client.GrpcClientProtocolClient (GrpcClientProtocolClient.java:onNext(255)) - client-D83FC23EEBD8->4c571e18-69a3-4a6d-81de-e3e48052df18: receive RaftClientReply:client-D83FC23EEBD8->4c571e18-69a3-4a6d-81de-e3e48052df18@group-644576B5741B, cid=3258, SUCCESS, logIndex=4886, commits[4c571e18-69a3-4a6d-81de-e3e48052df18:c4888, 15893972-388e-43c0-9d6c-ca4c76ac06da:c4884, c86beb1c-9105-4588-b1e8-133030361c51:c4884]
2019-07-12 12:28:32,797 INFO  client.GrpcClientProtocolClient (GrpcClientProtocolClient.java:onNext(255)) - client-D83FC23EEBD8->4c571e18-69a3-4a6d-81de-e3e48052df18: receive RaftClientReply:client-D83FC23EEBD8->4c571e18-69a3-4a6d-81de-e3e48052df18@group-644576B5741B, cid=3259, SUCCESS, logIndex=4887, commits[4c571e18-69a3-4a6d-81de-e3e48052df18:c4888, 15893972-388e-43c0-9d6c-ca4c76ac06da:c4884, c86beb1c-9105-4588-b1e8-133030361c51:c4884]
2019-07-12 12:28:32,797 INFO  client.GrpcClientProtocolClient (GrpcClientProtocolClient.java:onNext(255)) - client-D83FC23EEBD8->4c571e18-69a3-4a6d-81de-e3e48052df18: receive RaftClientReply:client-D83FC23EEBD8->4c571e18-69a3-4a6d-81de-e3e48052df18@group-644576B5741B, cid=3260, SUCCESS, logIndex=4888, commits[4c571e18-69a3-4a6d-81de-e3e48052df18:c4888, 15893972-388e-43c0-9d6c-ca4c76ac06da:c4884, c86beb1c-9105-4588-b1e8-133030361c51:c4884]
2019-07-12 12:28:32,799 INFO  client.GrpcClientProtocolClient (GrpcClientProtocolClient.java:onNext(255)) - client-D83FC23EEBD8->4c571e18-69a3-4a6d-81de-e3e48052df18: receive RaftClientReply:client-D83FC23EEBD8->4c571e18-69a3-4a6d-81de-e3e48052df18@group-644576B5741B, cid=3261, SUCCESS, logIndex=0, commits[4c571e18-69a3-4a6d-81de-e3e48052df18:c4890, 15893972-388e-43c0-9d6c-ca4c76ac06da:c4886, c86beb1c-9105-4588-b1e8-133030361c51:c4886]
2019-07-12 12:28:32,817 INFO  client.GrpcClientProtocolClient (GrpcClientProtocolClient.java:onNext(255)) - client-D83FC23EEBD8->4c571e18-69a3-4a6d-81de-e3e48052df18: receive RaftClientReply:client-D83FC23EEBD8->4c571e18-69a3-4a6d-81de-e3e48052df18@group-644576B5741B, cid=3262, SUCCESS, logIndex=4893, commits[4c571e18-69a3-4a6d-81de-e3e48052df18:c4894, 15893972-388e-43c0-9d6c-ca4c76ac06da:c4892, c86beb1c-9105-4588-b1e8-133030361c51:c4892]
2019-07-12 12:28:32,817 INFO  client.GrpcClientProtocolClient (GrpcClientProtocolClient.java:onNext(255)) - client-D83FC23EEBD8->4c571e18-69a3-4a6d-81de-e3e48052df18: receive RaftClientReply:client-D83FC23EEBD8->4c571e18-69a3-4a6d-81de-e3e48052df18@group-644576B5741B, cid=3263, SUCCESS, logIndex=4894, commits[4c571e18-69a3-4a6d-81de-e3e48052df18:c4894, 15893972-388e-43c0-9d6c-ca4c76ac06da:c4892, c86beb1c-9105-4588-b1e8-133030361c51:c4892]
2019-07-12 12:28:32,846 INFO  client.GrpcClientProtocolClient (GrpcClientProtocolClient.java:onNext(255)) - client-D83FC23EEBD8->4c571e18-69a3-4a6d-81de-e3e48052df18: receive RaftClientReply:client-D83FC23EEBD8->4c571e18-69a3-4a6d-81de-e3e48052df18@group-644576B5741B, cid=3264, SUCCESS, logIndex=4897, commits[4c571e18-69a3-4a6d-81de-e3e48052df18:c4898, 15893972-388e-43c0-9d6c-ca4c76ac06da:c4894, c86beb1c-9105-4588-b1e8-133030361c51:c4894]
2019-07-12 12:28:32,846 INFO  client.GrpcClientProtocolClient (GrpcClientProtocolClient.java:onNext(255)) - client-D83FC23EEBD8->4c571e18-69a3-4a6d-81de-e3e48052df18: receive RaftClientReply:client-D83FC23EEBD8->4c571e18-69a3-4a6d-81de-e3e48052df18@group-644576B5741B, cid=3265, SUCCESS, logIndex=4898, commits[4c571e18-69a3-4a6d-81de-e3e48052df18:c4898, 15893972-388e-43c0-9d6c-ca4c76ac06da:c4894, c86beb1c-9105-4588-b1e8-133030361c51:c4894]
2019-07-12 12:28:32,858 INFO  client.GrpcClientProtocolClient (GrpcClientProtocolClient.java:onNext(255)) - client-D83FC23EEBD8->4c571e18-69a3-4a6d-81de-e3e48052df18: receive RaftClientReply:client-D83FC23EEBD8->4c571e18-69a3-4a6d-81de-e3e48052df18@group-644576B5741B, cid=3266, SUCCESS, logIndex=0, commits[4c571e18-69a3-4a6d-81de-e3e48052df18:c4898, 15893972-388e-43c0-9d6c-ca4c76ac06da:c4898, c86beb1c-9105-4588-b1e8-133030361c51:c4898]
2019-07-12 12:28:32,884 INFO  client.GrpcClientProtocolClient (GrpcClientProtocolClient.java:onNext(255)) - client-D83FC23EEBD8->4c571e18-69a3-4a6d-81de-e3e48052df18: receive RaftClientReply:client-D83FC23EEBD8->4c571e18-69a3-4a6d-81de-e3e48052df18@group-644576B5741B, cid=3267, SUCCESS, logIndex=4901, commits[4c571e18-69a3-4a6d-81de-e3e48052df18:c4902, 15893972-388e-43c0-9d6c-ca4c76ac06da:c4900, c86beb1c-9105-4588-b1e8-133030361c51:c4900]
2019-07-12 12:28:32,885 INFO  client.GrpcClientProtocolClient (GrpcClientProtocolClient.java:onNext(255)) - client-D83FC23EEBD8->4c571e18-69a3-4a6d-81de-e3e48052df18: receive RaftClientReply:client-D83FC23EEBD8->4c571e18-69a3-4a6d-81de-e3e48052df18@group-644576B5741B, cid=3268, SUCCESS, logIndex=4902, commits[4c571e18-69a3-4a6d-81de-e3e48052df18:c4902, 15893972-388e-43c0-9d6c-ca4c76ac06da:c4900, c86beb1c-9105-4588-b1e8-133030361c51:c4900]
2019-07-12 12:28:32,886 INFO  client.GrpcClientProtocolClient (GrpcClientProtocolClient.java:onNext(255)) - client-D83FC23EEBD8->4c571e18-69a3-4a6d-81de-e3e48052df18: receive RaftClientReply:client-D83FC23EEBD8->4c571e18-69a3-4a6d-81de-e3e48052df18@group-644576B5741B, cid=3269, SUCCESS, logIndex=4903, commits[4c571e18-69a3-4a6d-81de-e3e48052df18:c4903, 15893972-388e-43c0-9d6c-ca4c76ac06da:c4900, c86beb1c-9105-4588-b1e8-133030361c51:c4900]
2019-07-12 12:28:32,886 INFO  client.GrpcClientProtocolClient (GrpcClientProtocolClient.java:onNext(255)) - client-D83FC23EEBD8->4c571e18-69a3-4a6d-81de-e3e48052df18: receive RaftClientReply:client-D83FC23EEBD8->4c571e18-69a3-4a6d-81de-e3e48052df18@group-644576B5741B, cid=3270, SUCCESS, logIndex=4904, commits[4c571e18-69a3-4a6d-81de-e3e48052df18:c4904, 15893972-388e-43c0-9d6c-ca4c76ac06da:c4900, c86beb1c-9105-4588-b1e8-133030361c51:c4900]
2019-07-12 12:28:32,888 INFO  client.GrpcClientProtocolClient (GrpcClientProtocolClient.java:onNext(255)) - client-D83FC23EEBD8->4c571e18-69a3-4a6d-81de-e3e48052df18: receive RaftClientReply:client-D83FC23EEBD8->4c571e18-69a3-4a6d-81de-e3e48052df18@group-644576B5741B, cid=3271, SUCCESS, logIndex=0, commits[4c571e18-69a3-4a6d-81de-e3e48052df18:c4906, 15893972-388e-43c0-9d6c-ca4c76ac06da:c4902, c86beb1c-9105-4588-b1e8-133030361c51:c4902]
2019-07-12 12:28:32,905 INFO  client.GrpcClientProtocolClient (GrpcClientProtocolClient.java:onNext(255)) - client-D83FC23EEBD8->4c571e18-69a3-4a6d-81de-e3e48052df18: receive RaftClientReply:client-D83FC23EEBD8->4c571e18-69a3-4a6d-81de-e3e48052df18@group-644576B5741B, cid=3272, SUCCESS, logIndex=4909, commits[4c571e18-69a3-4a6d-81de-e3e48052df18:c4910, 15893972-388e-43c0-9d6c-ca4c76ac06da:c4908, c86beb1c-9105-4588-b1e8-133030361c51:c4908]
2019-07-12 12:28:32,905 INFO  client.GrpcClientProtocolClient (GrpcClientProtocolClient.java:onNext(255)) - client-D83FC23EEBD8->4c571e18-69a3-4a6d-81de-e3e48052df18: receive RaftClientReply:client-D83FC23EEBD8->4c571e18-69a3-4a6d-81de-e3e48052df18@group-644576B5741B, cid=3273, SUCCESS, logIndex=4910, commits[4c571e18-69a3-4a6d-81de-e3e48052df18:c4910, 15893972-388e-43c0-9d6c-ca4c76ac06da:c4908, c86beb1c-9105-4588-b1e8-133030361c51:c4908]
2019-07-12 12:28:32,932 INFO  client.GrpcClientProtocolClient (GrpcClientProtocolClient.java:onNext(255)) - client-D83FC23EEBD8->4c571e18-69a3-4a6d-81de-e3e48052df18: receive RaftClientReply:client-D83FC23EEBD8->4c571e18-69a3-4a6d-81de-e3e48052df18@group-644576B5741B, cid=3274, SUCCESS, logIndex=4913, commits[4c571e18-69a3-4a6d-81de-e3e48052df18:c4914, 15893972-388e-43c0-9d6c-ca4c76ac06da:c4910, c86beb1c-9105-4588-b1e8-133030361c51:c4910]
2019-07-12 12:28:32,932 INFO  client.GrpcClientProtocolClient (GrpcClientProtocolClient.java:onNext(255)) - client-D83FC23EEBD8->4c571e18-69a3-4a6d-81de-e3e48052df18: receive RaftClientReply:client-D83FC23EEBD8->4c571e18-69a3-4a6d-81de-e3e48052df18@group-644576B5741B, cid=3275, SUCCESS, logIndex=4914, commits[4c571e18-69a3-4a6d-81de-e3e48052df18:c4914, 15893972-388e-43c0-9d6c-ca4c76ac06da:c4910, c86beb1c-9105-4588-b1e8-133030361c51:c4910]
2019-07-12 12:28:32,944 INFO  client.GrpcClientProtocolClient (GrpcClientProtocolClient.java:onNext(255)) - client-D83FC23EEBD8->4c571e18-69a3-4a6d-81de-e3e48052df18: receive RaftClientReply:client-D83FC23EEBD8->4c571e18-69a3-4a6d-81de-e3e48052df18@group-644576B5741B, cid=3276, SUCCESS, logIndex=0, commits[4c571e18-69a3-4a6d-81de-e3e48052df18:c4914, 15893972-388e-43c0-9d6c-ca4c76ac06da:c4914, c86beb1c-9105-4588-b1e8-133030361c51:c4914]
2019-07-12 12:28:32,969 INFO  client.GrpcClientProtocolClient (GrpcClientProtocolClient.java:onNext(255)) - client-D83FC23EEBD8->4c571e18-69a3-4a6d-81de-e3e48052df18: receive RaftClientReply:client-D83FC23EEBD8->4c571e18-69a3-4a6d-81de-e3e48052df18@group-644576B5741B, cid=3277, SUCCESS, logIndex=4917, commits[4c571e18-69a3-4a6d-81de-e3e48052df18:c4918, 15893972-388e-43c0-9d6c-ca4c76ac06da:c4916, c86beb1c-9105-4588-b1e8-133030361c51:c4916]
2019-07-12 12:28:32,969 INFO  client.GrpcClientProtocolClient (GrpcClientProtocolClient.java:onNext(255)) - client-D83FC23EEBD8->4c571e18-69a3-4a6d-81de-e3e48052df18: receive RaftClientReply:client-D83FC23EEBD8->4c571e18-69a3-4a6d-81de-e3e48052df18@group-644576B5741B, cid=3278, SUCCESS, logIndex=4918, commits[4c571e18-69a3-4a6d-81de-e3e48052df18:c4918, 15893972-388e-43c0-9d6c-ca4c76ac06da:c4916, c86beb1c-9105-4588-b1e8-133030361c51:c4916]
2019-07-12 12:28:32,970 INFO  client.GrpcClientProtocolClient (GrpcClientProtocolClient.java:onNext(255)) - client-D83FC23EEBD8->4c571e18-69a3-4a6d-81de-e3e48052df18: receive RaftClientReply:client-D83FC23EEBD8->4c571e18-69a3-4a6d-81de-e3e48052df18@group-644576B5741B, cid=3279, SUCCESS, logIndex=4919, commits[4c571e18-69a3-4a6d-81de-e3e48052df18:c4919, 15893972-388e-43c0-9d6c-ca4c76ac06da:c4916, c86beb1c-9105-4588-b1e8-133030361c51:c4916]
2019-07-12 12:28:32,970 INFO  client.GrpcClientProtocolClient (GrpcClientProtocolClient.java:onNext(255)) - client-D83FC23EEBD8->4c571e18-69a3-4a6d-81de-e3e48052df18: receive RaftClientReply:client-D83FC23EEBD8->4c571e18-69a3-4a6d-81de-e3e48052df18@group-644576B5741B, cid=3280, SUCCESS, logIndex=4920, commits[4c571e18-69a3-4a6d-81de-e3e48052df18:c4920, 15893972-388e-43c0-9d6c-ca4c76ac06da:c4916, c86beb1c-9105-4588-b1e8-133030361c51:c4916]
2019-07-12 12:28:32,971 INFO  client.GrpcClientProtocolClient (GrpcClientProtocolClient.java:onNext(255)) - client-D83FC23EEBD8->4c571e18-69a3-4a6d-81de-e3e48052df18: receive RaftClientReply:client-D83FC23EEBD8->4c571e18-69a3-4a6d-81de-e3e48052df18@group-644576B5741B, cid=3281, SUCCESS, logIndex=0, commits[4c571e18-69a3-4a6d-81de-e3e48052df18:c4922, 15893972-388e-43c0-9d6c-ca4c76ac06da:c4918, c86beb1c-9105-4588-b1e8-133030361c51:c4918]
2019-07-12 12:28:32,990 INFO  client.GrpcClientProtocolClient (GrpcClientProtocolClient.java:onNext(255)) - client-D83FC23EEBD8->4c571e18-69a3-4a6d-81de-e3e48052df18: receive RaftClientReply:client-D83FC23EEBD8->4c571e18-69a3-4a6d-81de-e3e48052df18@group-644576B5741B, cid=3282, SUCCESS, logIndex=4925, commits[4c571e18-69a3-4a6d-81de-e3e48052df18:c4926, 15893972-388e-43c0-9d6c-ca4c76ac06da:c4920, c86beb1c-9105-4588-b1e8-133030361c51:c4924]
2019-07-12 12:28:32,990 INFO  client.GrpcClientProtocolClient (GrpcClientProtocolClient.java:onNext(255)) - client-D83FC23EEBD8->4c571e18-69a3-4a6d-81de-e3e48052df18: receive RaftClientReply:client-D83FC23EEBD8->4c571e18-69a3-4a6d-81de-e3e48052df18@group-644576B5741B, cid=3283, SUCCESS, logIndex=4926, commits[4c571e18-69a3-4a6d-81de-e3e48052df18:c4926, 15893972-388e-43c0-9d6c-ca4c76ac06da:c4920, c86beb1c-9105-4588-b1e8-133030361c51:c4924]
2019-07-12 12:28:33,009 INFO  client.GrpcClientProtocolClient (GrpcClientProtocolClient.java:onNext(255)) - client-D83FC23EEBD8->4c571e18-69a3-4a6d-81de-e3e48052df18: receive RaftClientReply:client-D83FC23EEBD8->4c571e18-69a3-4a6d-81de-e3e48052df18@group-644576B5741B, cid=3284, SUCCESS, logIndex=4929, commits[4c571e18-69a3-4a6d-81de-e3e48052df18:c4930, 15893972-388e-43c0-9d6c-ca4c76ac06da:c4928, c86beb1c-9105-4588-b1e8-133030361c51:c4928]
2019-07-12 12:28:33,009 INFO  client.GrpcClientProtocolClient (GrpcClientProtocolClient.java:onNext(255)) - client-D83FC23EEBD8->4c571e18-69a3-4a6d-81de-e3e48052df18: receive RaftClientReply:client-D83FC23EEBD8->4c571e18-69a3-4a6d-81de-e3e48052df18@group-644576B5741B, cid=3285, SUCCESS, logIndex=4930, commits[4c571e18-69a3-4a6d-81de-e3e48052df18:c4930, 15893972-388e-43c0-9d6c-ca4c76ac06da:c4928, c86beb1c-9105-4588-b1e8-133030361c51:c4928]
2019-07-12 12:28:33,021 INFO  client.GrpcClientProtocolClient (GrpcClientProtocolClient.java:onNext(255)) - client-D83FC23EEBD8->4c571e18-69a3-4a6d-81de-e3e48052df18: receive RaftClientReply:client-D83FC23EEBD8->4c571e18-69a3-4a6d-81de-e3e48052df18@group-644576B5741B, cid=3286, SUCCESS, logIndex=0, commits[4c571e18-69a3-4a6d-81de-e3e48052df18:c4931, 15893972-388e-43c0-9d6c-ca4c76ac06da:c4930, c86beb1c-9105-4588-b1e8-133030361c51:c4930]
2019-07-12 12:28:33,118 INFO  client.GrpcClientProtocolClient (GrpcClientProtocolClient.java:onNext(255)) - client-D83FC23EEBD8->4c571e18-69a3-4a6d-81de-e3e48052df18: receive RaftClientReply:client-D83FC23EEBD8->4c571e18-69a3-4a6d-81de-e3e48052df18@group-644576B5741B, cid=3287, SUCCESS, logIndex=4933, commits[4c571e18-69a3-4a6d-81de-e3e48052df18:c4934, 15893972-388e-43c0-9d6c-ca4c76ac06da:c4932, c86beb1c-9105-4588-b1e8-133030361c51:c4932]
2019-07-12 12:28:33,118 INFO  client.GrpcClientProtocolClient (GrpcClientProtocolClient.java:onNext(255)) - client-D83FC23EEBD8->4c571e18-69a3-4a6d-81de-e3e48052df18: receive RaftClientReply:client-D83FC23EEBD8->4c571e18-69a3-4a6d-81de-e3e48052df18@group-644576B5741B, cid=3288, SUCCESS, logIndex=4934, commits[4c571e18-69a3-4a6d-81de-e3e48052df18:c4934, 15893972-388e-43c0-9d6c-ca4c76ac06da:c4932, c86beb1c-9105-4588-b1e8-133030361c51:c4932]
2019-07-12 12:28:33,119 INFO  client.GrpcClientProtocolClient (GrpcClientProtocolClient.java:onNext(255)) - client-D83FC23EEBD8->4c571e18-69a3-4a6d-81de-e3e48052df18: receive RaftClientReply:client-D83FC23EEBD8->4c571e18-69a3-4a6d-81de-e3e48052df18@group-644576B5741B, cid=3289, SUCCESS, logIndex=4935, commits[4c571e18-69a3-4a6d-81de-e3e48052df18:c4936, 15893972-388e-43c0-9d6c-ca4c76ac06da:c4932, c86beb1c-9105-4588-b1e8-133030361c51:c4932]
2019-07-12 12:28:33,119 INFO  client.GrpcClientProtocolClient (GrpcClientProtocolClient.java:onNext(255)) - client-D83FC23EEBD8->4c571e18-69a3-4a6d-81de-e3e48052df18: receive RaftClientReply:client-D83FC23EEBD8->4c571e18-69a3-4a6d-81de-e3e48052df18@group-644576B5741B, cid=3290, SUCCESS, logIndex=4936, commits[4c571e18-69a3-4a6d-81de-e3e48052df18:c4936, 15893972-388e-43c0-9d6c-ca4c76ac06da:c4932, c86beb1c-9105-4588-b1e8-133030361c51:c4932]
2019-07-12 12:28:33,120 INFO  client.GrpcClientProtocolClient (GrpcClientProtocolClient.java:onNext(255)) - client-D83FC23EEBD8->4c571e18-69a3-4a6d-81de-e3e48052df18: receive RaftClientReply:client-D83FC23EEBD8->4c571e18-69a3-4a6d-81de-e3e48052df18@group-644576B5741B, cid=3291, SUCCESS, logIndex=0, commits[4c571e18-69a3-4a6d-81de-e3e48052df18:c4938, 15893972-388e-43c0-9d6c-ca4c76ac06da:c4934, c86beb1c-9105-4588-b1e8-133030361c51:c4934]
2019-07-12 12:28:33,138 INFO  client.GrpcClientProtocolClient (GrpcClientProtocolClient.java:onNext(255)) - client-D83FC23EEBD8->4c571e18-69a3-4a6d-81de-e3e48052df18: receive RaftClientReply:client-D83FC23EEBD8->4c571e18-69a3-4a6d-81de-e3e48052df18@group-644576B5741B, cid=3292, SUCCESS, logIndex=4941, commits[4c571e18-69a3-4a6d-81de-e3e48052df18:c4942, 15893972-388e-43c0-9d6c-ca4c76ac06da:c4940, c86beb1c-9105-4588-b1e8-133030361c51:c4940]
2019-07-12 12:28:33,139 INFO  client.GrpcClientProtocolClient (GrpcClientProtocolClient.java:onNext(255)) - client-D83FC23EEBD8->4c571e18-69a3-4a6d-81de-e3e48052df18: receive RaftClientReply:client-D83FC23EEBD8->4c571e18-69a3-4a6d-81de-e3e48052df18@group-644576B5741B, cid=3293, SUCCESS, logIndex=4942, commits[4c571e18-69a3-4a6d-81de-e3e48052df18:c4942, 15893972-388e-43c0-9d6c-ca4c76ac06da:c4940, c86beb1c-9105-4588-b1e8-133030361c51:c4940]
2019-07-12 12:28:33,152 INFO  client.GrpcClientProtocolClient (GrpcClientProtocolClient.java:onNext(255)) - client-D83FC23EEBD8->4c571e18-69a3-4a6d-81de-e3e48052df18: receive RaftClientReply:client-D83FC23EEBD8->4c571e18-69a3-4a6d-81de-e3e48052df18@group-644576B5741B, cid=3294, SUCCESS, logIndex=4945, commits[4c571e18-69a3-4a6d-81de-e3e48052df18:c4946, 15893972-388e-43c0-9d6c-ca4c76ac06da:c4942, c86beb1c-9105-4588-b1e8-133030361c51:c4942]
2019-07-12 12:28:33,152 INFO  client.GrpcClientProtocolClient (GrpcClientProtocolClient.java:onNext(255)) - client-D83FC23EEBD8->4c571e18-69a3-4a6d-81de-e3e48052df18: receive RaftClientReply:client-D83FC23EEBD8->4c571e18-69a3-4a6d-81de-e3e48052df18@group-644576B5741B, cid=3295, SUCCESS, logIndex=4946, commits[4c571e18-69a3-4a6d-81de-e3e48052df18:c4946, 15893972-388e-43c0-9d6c-ca4c76ac06da:c4942, c86beb1c-9105-4588-b1e8-133030361c51:c4942]
2019-07-12 12:28:33,154 INFO  client.GrpcClientProtocolClient (GrpcClientProtocolClient.java:onNext(255)) - client-D83FC23EEBD8->4c571e18-69a3-4a6d-81de-e3e48052df18: receive RaftClientReply:client-D83FC23EEBD8->4c571e18-69a3-4a6d-81de-e3e48052df18@group-644576B5741B, cid=3296, SUCCESS, logIndex=0, commits[4c571e18-69a3-4a6d-81de-e3e48052df18:c4948, 15893972-388e-43c0-9d6c-ca4c76ac06da:c4946, c86beb1c-9105-4588-b1e8-133030361c51:c4946]
2019-07-12 12:28:33,181 INFO  client.GrpcClientProtocolClient (GrpcClientProtocolClient.java:onNext(255)) - client-D83FC23EEBD8->4c571e18-69a3-4a6d-81de-e3e48052df18: receive RaftClientReply:client-D83FC23EEBD8->4c571e18-69a3-4a6d-81de-e3e48052df18@group-644576B5741B, cid=3297, SUCCESS, logIndex=4949, commits[4c571e18-69a3-4a6d-81de-e3e48052df18:c4950, 15893972-388e-43c0-9d6c-ca4c76ac06da:c4948, c86beb1c-9105-4588-b1e8-133030361c51:c4948]
2019-07-12 12:28:33,181 INFO  client.GrpcClientProtocolClient (GrpcClientProtocolClient.java:onNext(255)) - client-D83FC23EEBD8->4c571e18-69a3-4a6d-81de-e3e48052df18: receive RaftClientReply:client-D83FC23EEBD8->4c571e18-69a3-4a6d-81de-e3e48052df18@group-644576B5741B, cid=3298, SUCCESS, logIndex=4950, commits[4c571e18-69a3-4a6d-81de-e3e48052df18:c4950, 15893972-388e-43c0-9d6c-ca4c76ac06da:c4948, c86beb1c-9105-4588-b1e8-133030361c51:c4948]
2019-07-12 12:28:33,182 INFO  client.GrpcClientProtocolClient (GrpcClientProtocolClient.java:onNext(255)) - client-D83FC23EEBD8->4c571e18-69a3-4a6d-81de-e3e48052df18: receive RaftClientReply:client-D83FC23EEBD8->4c571e18-69a3-4a6d-81de-e3e48052df18@group-644576B5741B, cid=3299, SUCCESS, logIndex=4951, commits[4c571e18-69a3-4a6d-81de-e3e48052df18:c4952, 15893972-388e-43c0-9d6c-ca4c76ac06da:c4948, c86beb1c-9105-4588-b1e8-133030361c51:c4948]
2019-07-12 12:28:33,182 INFO  client.GrpcClientProtocolClient (GrpcClientProtocolClient.java:onNext(255)) - client-D83FC23EEBD8->4c571e18-69a3-4a6d-81de-e3e48052df18: receive RaftClientReply:client-D83FC23EEBD8->4c571e18-69a3-4a6d-81de-e3e48052df18@group-644576B5741B, cid=3300, SUCCESS, logIndex=4952, commits[4c571e18-69a3-4a6d-81de-e3e48052df18:c4952, 15893972-388e-43c0-9d6c-ca4c76ac06da:c4948, c86beb1c-9105-4588-b1e8-133030361c51:c4948]
2019-07-12 12:28:33,183 INFO  client.GrpcClientProtocolClient (GrpcClientProtocolClient.java:onNext(255)) - client-D83FC23EEBD8->4c571e18-69a3-4a6d-81de-e3e48052df18: receive RaftClientReply:client-D83FC23EEBD8->4c571e18-69a3-4a6d-81de-e3e48052df18@group-644576B5741B, cid=3301, SUCCESS, logIndex=0, commits[4c571e18-69a3-4a6d-81de-e3e48052df18:c4953, 15893972-388e-43c0-9d6c-ca4c76ac06da:c4950, c86beb1c-9105-4588-b1e8-133030361c51:c4950]
2019-07-12 12:28:33,216 INFO  client.GrpcClientProtocolClient (GrpcClientProtocolClient.java:onNext(255)) - client-D83FC23EEBD8->4c571e18-69a3-4a6d-81de-e3e48052df18: receive RaftClientReply:client-D83FC23EEBD8->4c571e18-69a3-4a6d-81de-e3e48052df18@group-644576B5741B, cid=3302, SUCCESS, logIndex=4957, commits[4c571e18-69a3-4a6d-81de-e3e48052df18:c4958, 15893972-388e-43c0-9d6c-ca4c76ac06da:c4956, c86beb1c-9105-4588-b1e8-133030361c51:c4956]
2019-07-12 12:28:33,217 INFO  client.GrpcClientProtocolClient (GrpcClientProtocolClient.java:onNext(255)) - client-D83FC23EEBD8->4c571e18-69a3-4a6d-81de-e3e48052df18: receive RaftClientReply:client-D83FC23EEBD8->4c571e18-69a3-4a6d-81de-e3e48052df18@group-644576B5741B, cid=3303, SUCCESS, logIndex=4958, commits[4c571e18-69a3-4a6d-81de-e3e48052df18:c4958, 15893972-388e-43c0-9d6c-ca4c76ac06da:c4956, c86beb1c-9105-4588-b1e8-133030361c51:c4956]
2019-07-12 12:28:33,230 INFO  client.GrpcClientProtocolClient (GrpcClientProtocolClient.java:onNext(255)) - client-D83FC23EEBD8->4c571e18-69a3-4a6d-81de-e3e48052df18: receive RaftClientReply:client-D83FC23EEBD8->4c571e18-69a3-4a6d-81de-e3e48052df18@group-644576B5741B, cid=3304, SUCCESS, logIndex=4961, commits[4c571e18-69a3-4a6d-81de-e3e48052df18:c4961, 15893972-388e-43c0-9d6c-ca4c76ac06da:c4958, c86beb1c-9105-4588-b1e8-133030361c51:c4958]
2019-07-12 12:28:33,230 INFO  client.GrpcClientProtocolClient (GrpcClientProtocolClient.java:onNext(255)) - client-D83FC23EEBD8->4c571e18-69a3-4a6d-81de-e3e48052df18: receive RaftClientReply:client-D83FC23EEBD8->4c571e18-69a3-4a6d-81de-e3e48052df18@group-644576B5741B, cid=3305, SUCCESS, logIndex=4962, commits[4c571e18-69a3-4a6d-81de-e3e48052df18:c4962, 15893972-388e-43c0-9d6c-ca4c76ac06da:c4958, c86beb1c-9105-4588-b1e8-133030361c51:c4958]
2019-07-12 12:28:33,243 INFO  client.GrpcClientProtocolClient (GrpcClientProtocolClient.java:onNext(255)) - client-D83FC23EEBD8->4c571e18-69a3-4a6d-81de-e3e48052df18: receive RaftClientReply:client-D83FC23EEBD8->4c571e18-69a3-4a6d-81de-e3e48052df18@group-644576B5741B, cid=3306, SUCCESS, logIndex=0, commits[4c571e18-69a3-4a6d-81de-e3e48052df18:c4964, 15893972-388e-43c0-9d6c-ca4c76ac06da:c4962, c86beb1c-9105-4588-b1e8-133030361c51:c4962]
2019-07-12 12:28:33,269 INFO  client.GrpcClientProtocolClient (GrpcClientProtocolClient.java:onNext(255)) - client-D83FC23EEBD8->4c571e18-69a3-4a6d-81de-e3e48052df18: receive RaftClientReply:client-D83FC23EEBD8->4c571e18-69a3-4a6d-81de-e3e48052df18@group-644576B5741B, cid=3307, SUCCESS, logIndex=4965, commits[4c571e18-69a3-4a6d-81de-e3e48052df18:c4966, 15893972-388e-43c0-9d6c-ca4c76ac06da:c4964, c86beb1c-9105-4588-b1e8-133030361c51:c4964]
2019-07-12 12:28:33,269 INFO  client.GrpcClientProtocolClient (GrpcClientProtocolClient.java:onNext(255)) - client-D83FC23EEBD8->4c571e18-69a3-4a6d-81de-e3e48052df18: receive RaftClientReply:client-D83FC23EEBD8->4c571e18-69a3-4a6d-81de-e3e48052df18@group-644576B5741B, cid=3308, SUCCESS, logIndex=4966, commits[4c571e18-69a3-4a6d-81de-e3e48052df18:c4966, 15893972-388e-43c0-9d6c-ca4c76ac06da:c4964, c86beb1c-9105-4588-b1e8-133030361c51:c4964]
2019-07-12 12:28:33,270 INFO  client.GrpcClientProtocolClient (GrpcClientProtocolClient.java:onNext(255)) - client-D83FC23EEBD8->4c571e18-69a3-4a6d-81de-e3e48052df18: receive RaftClientReply:client-D83FC23EEBD8->4c571e18-69a3-4a6d-81de-e3e48052df18@group-644576B5741B, cid=3309, SUCCESS, logIndex=4967, commits[4c571e18-69a3-4a6d-81de-e3e48052df18:c4968, 15893972-388e-43c0-9d6c-ca4c76ac06da:c4964, c86beb1c-9105-4588-b1e8-133030361c51:c4964]
2019-07-12 12:28:33,270 INFO  client.GrpcClientProtocolClient (GrpcClientProtocolClient.java:onNext(255)) - client-D83FC23EEBD8->4c571e18-69a3-4a6d-81de-e3e48052df18: receive RaftClientReply:client-D83FC23EEBD8->4c571e18-69a3-4a6d-81de-e3e48052df18@group-644576B5741B, cid=3310, SUCCESS, logIndex=4968, commits[4c571e18-69a3-4a6d-81de-e3e48052df18:c4968, 15893972-388e-43c0-9d6c-ca4c76ac06da:c4964, c86beb1c-9105-4588-b1e8-133030361c51:c4964]
2019-07-12 12:28:33,271 INFO  client.GrpcClientProtocolClient (GrpcClientProtocolClient.java:onNext(255)) - client-D83FC23EEBD8->4c571e18-69a3-4a6d-81de-e3e48052df18: receive RaftClientReply:client-D83FC23EEBD8->4c571e18-69a3-4a6d-81de-e3e48052df18@group-644576B5741B, cid=3311, SUCCESS, logIndex=0, commits[4c571e18-69a3-4a6d-81de-e3e48052df18:c4970, 15893972-388e-43c0-9d6c-ca4c76ac06da:c4966, c86beb1c-9105-4588-b1e8-133030361c51:c4966]
2019-07-12 12:28:33,288 INFO  client.GrpcClientProtocolClient (GrpcClientProtocolClient.java:onNext(255)) - client-D83FC23EEBD8->4c571e18-69a3-4a6d-81de-e3e48052df18: receive RaftClientReply:client-D83FC23EEBD8->4c571e18-69a3-4a6d-81de-e3e48052df18@group-644576B5741B, cid=3312, SUCCESS, logIndex=4973, commits[4c571e18-69a3-4a6d-81de-e3e48052df18:c4974, 15893972-388e-43c0-9d6c-ca4c76ac06da:c4972, c86beb1c-9105-4588-b1e8-133030361c51:c4972]
2019-07-12 12:28:33,288 INFO  client.GrpcClientProtocolClient (GrpcClientProtocolClient.java:onNext(255)) - client-D83FC23EEBD8->4c571e18-69a3-4a6d-81de-e3e48052df18: receive RaftClientReply:client-D83FC23EEBD8->4c571e18-69a3-4a6d-81de-e3e48052df18@group-644576B5741B, cid=3313, SUCCESS, logIndex=4974, commits[4c571e18-69a3-4a6d-81de-e3e48052df18:c4974, 15893972-388e-43c0-9d6c-ca4c76ac06da:c4972, c86beb1c-9105-4588-b1e8-133030361c51:c4972]
2019-07-12 12:28:33,301 INFO  client.GrpcClientProtocolClient (GrpcClientProtocolClient.java:onNext(255)) - client-D83FC23EEBD8->4c571e18-69a3-4a6d-81de-e3e48052df18: receive RaftClientReply:client-D83FC23EEBD8->4c571e18-69a3-4a6d-81de-e3e48052df18@group-644576B5741B, cid=3314, SUCCESS, logIndex=4977, commits[4c571e18-69a3-4a6d-81de-e3e48052df18:c4977, 15893972-388e-43c0-9d6c-ca4c76ac06da:c4974, c86beb1c-9105-4588-b1e8-133030361c51:c4974]
2019-07-12 12:28:33,301 INFO  client.GrpcClientProtocolClient (GrpcClientProtocolClient.java:onNext(255)) - client-D83FC23EEBD8->4c571e18-69a3-4a6d-81de-e3e48052df18: receive RaftClientReply:client-D83FC23EEBD8->4c571e18-69a3-4a6d-81de-e3e48052df18@group-644576B5741B, cid=3315, SUCCESS, logIndex=4978, commits[4c571e18-69a3-4a6d-81de-e3e48052df18:c4978, 15893972-388e-43c0-9d6c-ca4c76ac06da:c4974, c86beb1c-9105-4588-b1e8-133030361c51:c4974]
2019-07-12 12:28:33,314 INFO  client.GrpcClientProtocolClient (GrpcClientProtocolClient.java:onNext(255)) - client-D83FC23EEBD8->4c571e18-69a3-4a6d-81de-e3e48052df18: receive RaftClientReply:client-D83FC23EEBD8->4c571e18-69a3-4a6d-81de-e3e48052df18@group-644576B5741B, cid=3316, SUCCESS, logIndex=0, commits[4c571e18-69a3-4a6d-81de-e3e48052df18:c4980, 15893972-388e-43c0-9d6c-ca4c76ac06da:c4978, c86beb1c-9105-4588-b1e8-133030361c51:c4978]
2019-07-12 12:28:33,346 INFO  client.GrpcClientProtocolClient (GrpcClientProtocolClient.java:onNext(255)) - client-D83FC23EEBD8->4c571e18-69a3-4a6d-81de-e3e48052df18: receive RaftClientReply:client-D83FC23EEBD8->4c571e18-69a3-4a6d-81de-e3e48052df18@group-644576B5741B, cid=3317, SUCCESS, logIndex=4981, commits[4c571e18-69a3-4a6d-81de-e3e48052df18:c4982, 15893972-388e-43c0-9d6c-ca4c76ac06da:c4980, c86beb1c-9105-4588-b1e8-133030361c51:c4980]
2019-07-12 12:28:33,347 INFO  client.GrpcClientProtocolClient (GrpcClientProtocolClient.java:onNext(255)) - client-D83FC23EEBD8->4c571e18-69a3-4a6d-81de-e3e48052df18: receive RaftClientReply:client-D83FC23EEBD8->4c571e18-69a3-4a6d-81de-e3e48052df18@group-644576B5741B, cid=3318, SUCCESS, logIndex=4982, commits[4c571e18-69a3-4a6d-81de-e3e48052df18:c4982, 15893972-388e-43c0-9d6c-ca4c76ac06da:c4980, c86beb1c-9105-4588-b1e8-133030361c51:c4980]
2019-07-12 12:28:33,347 INFO  client.GrpcClientProtocolClient (GrpcClientProtocolClient.java:onNext(255)) - client-D83FC23EEBD8->4c571e18-69a3-4a6d-81de-e3e48052df18: receive RaftClientReply:client-D83FC23EEBD8->4c571e18-69a3-4a6d-81de-e3e48052df18@group-644576B5741B, cid=3319, SUCCESS, logIndex=4983, commits[4c571e18-69a3-4a6d-81de-e3e48052df18:c4984, 15893972-388e-43c0-9d6c-ca4c76ac06da:c4980, c86beb1c-9105-4588-b1e8-133030361c51:c4980]
2019-07-12 12:28:33,347 INFO  client.GrpcClientProtocolClient (GrpcClientProtocolClient.java:onNext(255)) - client-D83FC23EEBD8->4c571e18-69a3-4a6d-81de-e3e48052df18: receive RaftClientReply:client-D83FC23EEBD8->4c571e18-69a3-4a6d-81de-e3e48052df18@group-644576B5741B, cid=3320, SUCCESS, logIndex=4984, commits[4c571e18-69a3-4a6d-81de-e3e48052df18:c4984, 15893972-388e-43c0-9d6c-ca4c76ac06da:c4980, c86beb1c-9105-4588-b1e8-133030361c51:c4980]
2019-07-12 12:28:33,348 INFO  client.GrpcClientProtocolClient (GrpcClientProtocolClient.java:onNext(255)) - client-D83FC23EEBD8->4c571e18-69a3-4a6d-81de-e3e48052df18: receive RaftClientReply:client-D83FC23EEBD8->4c571e18-69a3-4a6d-81de-e3e48052df18@group-644576B5741B, cid=3321, SUCCESS, logIndex=0, commits[4c571e18-69a3-4a6d-81de-e3e48052df18:c4986, 15893972-388e-43c0-9d6c-ca4c76ac06da:c4982, c86beb1c-9105-4588-b1e8-133030361c51:c4982]
2019-07-12 12:28:33,366 INFO  client.GrpcClientProtocolClient (GrpcClientProtocolClient.java:onNext(255)) - client-D83FC23EEBD8->4c571e18-69a3-4a6d-81de-e3e48052df18: receive RaftClientReply:client-D83FC23EEBD8->4c571e18-69a3-4a6d-81de-e3e48052df18@group-644576B5741B, cid=3322, SUCCESS, logIndex=4988, commits[4c571e18-69a3-4a6d-81de-e3e48052df18:c4989, 15893972-388e-43c0-9d6c-ca4c76ac06da:c4987, c86beb1c-9105-4588-b1e8-133030361c51:c4987]
2019-07-12 12:28:33,366 INFO  client.GrpcClientProtocolClient (GrpcClientProtocolClient.java:onNext(255)) - client-D83FC23EEBD8->4c571e18-69a3-4a6d-81de-e3e48052df18: receive RaftClientReply:client-D83FC23EEBD8->4c571e18-69a3-4a6d-81de-e3e48052df18@group-644576B5741B, cid=3323, SUCCESS, logIndex=4989, commits[4c571e18-69a3-4a6d-81de-e3e48052df18:c4989, 15893972-388e-43c0-9d6c-ca4c76ac06da:c4987, c86beb1c-9105-4588-b1e8-133030361c51:c4987]
2019-07-12 12:28:33,379 INFO  client.GrpcClientProtocolClient (GrpcClientProtocolClient.java:onNext(255)) - client-D83FC23EEBD8->4c571e18-69a3-4a6d-81de-e3e48052df18: receive RaftClientReply:client-D83FC23EEBD8->4c571e18-69a3-4a6d-81de-e3e48052df18@group-644576B5741B, cid=3324, SUCCESS, logIndex=4992, commits[4c571e18-69a3-4a6d-81de-e3e48052df18:c4993, 15893972-388e-43c0-9d6c-ca4c76ac06da:c4989, c86beb1c-9105-4588-b1e8-133030361c51:c4989]
2019-07-12 12:28:33,379 INFO  client.GrpcClientProtocolClient (GrpcClientProtocolClient.java:onNext(255)) - client-D83FC23EEBD8->4c571e18-69a3-4a6d-81de-e3e48052df18: receive RaftClientReply:client-D83FC23EEBD8->4c571e18-69a3-4a6d-81de-e3e48052df18@group-644576B5741B, cid=3325, SUCCESS, logIndex=4993, commits[4c571e18-69a3-4a6d-81de-e3e48052df18:c4993, 15893972-388e-43c0-9d6c-ca4c76ac06da:c4989, c86beb1c-9105-4588-b1e8-133030361c51:c4989]
2019-07-12 12:28:33,380 INFO  client.GrpcClientProtocolClient (GrpcClientProtocolClient.java:onNext(255)) - client-D83FC23EEBD8->4c571e18-69a3-4a6d-81de-e3e48052df18: receive RaftClientReply:client-D83FC23EEBD8->4c571e18-69a3-4a6d-81de-e3e48052df18@group-644576B5741B, cid=3326, SUCCESS, logIndex=0, commits[4c571e18-69a3-4a6d-81de-e3e48052df18:c4994, 15893972-388e-43c0-9d6c-ca4c76ac06da:c4993, c86beb1c-9105-4588-b1e8-133030361c51:c4993]
2019-07-12 12:28:33,407 INFO  client.GrpcClientProtocolClient (GrpcClientProtocolClient.java:onNext(255)) - client-D83FC23EEBD8->4c571e18-69a3-4a6d-81de-e3e48052df18: receive RaftClientReply:client-D83FC23EEBD8->4c571e18-69a3-4a6d-81de-e3e48052df18@group-644576B5741B, cid=3327, SUCCESS, logIndex=4996, commits[4c571e18-69a3-4a6d-81de-e3e48052df18:c4999, 15893972-388e-43c0-9d6c-ca4c76ac06da:c4995, c86beb1c-9105-4588-b1e8-133030361c51:c4995]
2019-07-12 12:28:33,408 INFO  client.GrpcClientProtocolClient (GrpcClientProtocolClient.java:onNext(255)) - client-D83FC23EEBD8->4c571e18-69a3-4a6d-81de-e3e48052df18: receive RaftClientReply:client-D83FC23EEBD8->4c571e18-69a3-4a6d-81de-e3e48052df18@group-644576B5741B, cid=3328, SUCCESS, logIndex=4997, commits[4c571e18-69a3-4a6d-81de-e3e48052df18:c4999, 15893972-388e-43c0-9d6c-ca4c76ac06da:c4995, c86beb1c-9105-4588-b1e8-133030361c51:c4995]
2019-07-12 12:28:33,408 INFO  client.GrpcClientProtocolClient (GrpcClientProtocolClient.java:onNext(255)) - client-D83FC23EEBD8->4c571e18-69a3-4a6d-81de-e3e48052df18: receive RaftClientReply:client-D83FC23EEBD8->4c571e18-69a3-4a6d-81de-e3e48052df18@group-644576B5741B, cid=3329, SUCCESS, logIndex=4998, commits[4c571e18-69a3-4a6d-81de-e3e48052df18:c4999, 15893972-388e-43c0-9d6c-ca4c76ac06da:c4995, c86beb1c-9105-4588-b1e8-133030361c51:c4995]
2019-07-12 12:28:33,408 INFO  client.GrpcClientProtocolClient (GrpcClientProtocolClient.java:onNext(255)) - client-D83FC23EEBD8->4c571e18-69a3-4a6d-81de-e3e48052df18: receive RaftClientReply:client-D83FC23EEBD8->4c571e18-69a3-4a6d-81de-e3e48052df18@group-644576B5741B, cid=3330, SUCCESS, logIndex=4999, commits[4c571e18-69a3-4a6d-81de-e3e48052df18:c4999, 15893972-388e-43c0-9d6c-ca4c76ac06da:c4995, c86beb1c-9105-4588-b1e8-133030361c51:c4995]
2019-07-12 12:28:33,419 INFO  client.GrpcClientProtocolClient (GrpcClientProtocolClient.java:onNext(255)) - client-D83FC23EEBD8->4c571e18-69a3-4a6d-81de-e3e48052df18: receive RaftClientReply:client-D83FC23EEBD8->4c571e18-69a3-4a6d-81de-e3e48052df18@group-644576B5741B, cid=3331, SUCCESS, logIndex=0, commits[4c571e18-69a3-4a6d-81de-e3e48052df18:c5001, 15893972-388e-43c0-9d6c-ca4c76ac06da:c4999, c86beb1c-9105-4588-b1e8-133030361c51:c4999]
2019-07-12 12:28:33,444 INFO  client.GrpcClientProtocolClient (GrpcClientProtocolClient.java:onNext(255)) - client-D83FC23EEBD8->4c571e18-69a3-4a6d-81de-e3e48052df18: receive RaftClientReply:client-D83FC23EEBD8->4c571e18-69a3-4a6d-81de-e3e48052df18@group-644576B5741B, cid=3332, SUCCESS, logIndex=5003, commits[4c571e18-69a3-4a6d-81de-e3e48052df18:c5004, 15893972-388e-43c0-9d6c-ca4c76ac06da:c5002, c86beb1c-9105-4588-b1e8-133030361c51:c5002]
2019-07-12 12:28:33,444 INFO  client.GrpcClientProtocolClient (GrpcClientProtocolClient.java:onNext(255)) - client-D83FC23EEBD8->4c571e18-69a3-4a6d-81de-e3e48052df18: receive RaftClientReply:client-D83FC23EEBD8->4c571e18-69a3-4a6d-81de-e3e48052df18@group-644576B5741B, cid=3333, SUCCESS, logIndex=5004, commits[4c571e18-69a3-4a6d-81de-e3e48052df18:c5004, 15893972-388e-43c0-9d6c-ca4c76ac06da:c5002, c86beb1c-9105-4588-b1e8-133030361c51:c5002]
2019-07-12 12:28:33,456 INFO  client.GrpcClientProtocolClient (GrpcClientProtocolClient.java:onNext(255)) - client-D83FC23EEBD8->4c571e18-69a3-4a6d-81de-e3e48052df18: receive RaftClientReply:client-D83FC23EEBD8->4c571e18-69a3-4a6d-81de-e3e48052df18@group-644576B5741B, cid=3334, SUCCESS, logIndex=5007, commits[4c571e18-69a3-4a6d-81de-e3e48052df18:c5007, 15893972-388e-43c0-9d6c-ca4c76ac06da:c5004, c86beb1c-9105-4588-b1e8-133030361c51:c5004]
2019-07-12 12:28:33,457 INFO  client.GrpcClientProtocolClient (GrpcClientProtocolClient.java:onNext(255)) - client-D83FC23EEBD8->4c571e18-69a3-4a6d-81de-e3e48052df18: receive RaftClientReply:client-D83FC23EEBD8->4c571e18-69a3-4a6d-81de-e3e48052df18@group-644576B5741B, cid=3335, SUCCESS, logIndex=5008, commits[4c571e18-69a3-4a6d-81de-e3e48052df18:c5008, 15893972-388e-43c0-9d6c-ca4c76ac06da:c5004, c86beb1c-9105-4588-b1e8-133030361c51:c5004]
2019-07-12 12:28:33,459 INFO  client.GrpcClientProtocolClient (GrpcClientProtocolClient.java:onNext(255)) - client-D83FC23EEBD8->4c571e18-69a3-4a6d-81de-e3e48052df18: receive RaftClientReply:client-D83FC23EEBD8->4c571e18-69a3-4a6d-81de-e3e48052df18@group-644576B5741B, cid=3336, SUCCESS, logIndex=0, commits[4c571e18-69a3-4a6d-81de-e3e48052df18:c5010, 15893972-388e-43c0-9d6c-ca4c76ac06da:c5008, c86beb1c-9105-4588-b1e8-133030361c51:c5008]
2019-07-12 12:28:33,487 INFO  client.GrpcClientProtocolClient (GrpcClientProtocolClient.java:onNext(255)) - client-D83FC23EEBD8->4c571e18-69a3-4a6d-81de-e3e48052df18: receive RaftClientReply:client-D83FC23EEBD8->4c571e18-69a3-4a6d-81de-e3e48052df18@group-644576B5741B, cid=3337, SUCCESS, logIndex=5011, commits[4c571e18-69a3-4a6d-81de-e3e48052df18:c5012, 15893972-388e-43c0-9d6c-ca4c76ac06da:c5010, c86beb1c-9105-4588-b1e8-133030361c51:c5010]
2019-07-12 12:28:33,488 INFO  client.GrpcClientProtocolClient (GrpcClientProtocolClient.java:onNext(255)) - client-D83FC23EEBD8->4c571e18-69a3-4a6d-81de-e3e48052df18: receive RaftClientReply:client-D83FC23EEBD8->4c571e18-69a3-4a6d-81de-e3e48052df18@group-644576B5741B, cid=3338, SUCCESS, logIndex=5012, commits[4c571e18-69a3-4a6d-81de-e3e48052df18:c5014, 15893972-388e-43c0-9d6c-ca4c76ac06da:c5010, c86beb1c-9105-4588-b1e8-133030361c51:c5010]
2019-07-12 12:28:33,488 INFO  client.GrpcClientProtocolClient (GrpcClientProtocolClient.java:onNext(255)) - client-D83FC23EEBD8->4c571e18-69a3-4a6d-81de-e3e48052df18: receive RaftClientReply:client-D83FC23EEBD8->4c571e18-69a3-4a6d-81de-e3e48052df18@group-644576B5741B, cid=3339, SUCCESS, logIndex=5013, commits[4c571e18-69a3-4a6d-81de-e3e48052df18:c5014, 15893972-388e-43c0-9d6c-ca4c76ac06da:c5010, c86beb1c-9105-4588-b1e8-133030361c51:c5010]
2019-07-12 12:28:33,489 INFO  client.GrpcClientProtocolClient (GrpcClientProtocolClient.java:onNext(255)) - client-D83FC23EEBD8->4c571e18-69a3-4a6d-81de-e3e48052df18: receive RaftClientReply:client-D83FC23EEBD8->4c571e18-69a3-4a6d-81de-e3e48052df18@group-644576B5741B, cid=3340, SUCCESS, logIndex=5014, commits[4c571e18-69a3-4a6d-81de-e3e48052df18:c5014, 15893972-388e-43c0-9d6c-ca4c76ac06da:c5010, c86beb1c-9105-4588-b1e8-133030361c51:c5010]
2019-07-12 12:28:33,490 INFO  client.GrpcClientProtocolClient (GrpcClientProtocolClient.java:onNext(255)) - client-D83FC23EEBD8->4c571e18-69a3-4a6d-81de-e3e48052df18: receive RaftClientReply:client-D83FC23EEBD8->4c571e18-69a3-4a6d-81de-e3e48052df18@group-644576B5741B, cid=3341, SUCCESS, logIndex=0, commits[4c571e18-69a3-4a6d-81de-e3e48052df18:c5016, 15893972-388e-43c0-9d6c-ca4c76ac06da:c5012, c86beb1c-9105-4588-b1e8-133030361c51:c5012]
2019-07-12 12:28:33,508 INFO  client.GrpcClientProtocolClient (GrpcClientProtocolClient.java:onNext(255)) - client-D83FC23EEBD8->4c571e18-69a3-4a6d-81de-e3e48052df18: receive RaftClientReply:client-D83FC23EEBD8->4c571e18-69a3-4a6d-81de-e3e48052df18@group-644576B5741B, cid=3342, SUCCESS, logIndex=5019, commits[4c571e18-69a3-4a6d-81de-e3e48052df18:c5020, 15893972-388e-43c0-9d6c-ca4c76ac06da:c5018, c86beb1c-9105-4588-b1e8-133030361c51:c5018]
2019-07-12 12:28:33,508 INFO  client.GrpcClientProtocolClient (GrpcClientProtocolClient.java:onNext(255)) - client-D83FC23EEBD8->4c571e18-69a3-4a6d-81de-e3e48052df18: receive RaftClientReply:client-D83FC23EEBD8->4c571e18-69a3-4a6d-81de-e3e48052df18@group-644576B5741B, cid=3343, SUCCESS, logIndex=5020, commits[4c571e18-69a3-4a6d-81de-e3e48052df18:c5020, 15893972-388e-43c0-9d6c-ca4c76ac06da:c5018, c86beb1c-9105-4588-b1e8-133030361c51:c5018]
2019-07-12 12:28:33,520 INFO  client.GrpcClientProtocolClient (GrpcClientProtocolClient.java:onNext(255)) - client-D83FC23EEBD8->4c571e18-69a3-4a6d-81de-e3e48052df18: receive RaftClientReply:client-D83FC23EEBD8->4c571e18-69a3-4a6d-81de-e3e48052df18@group-644576B5741B, cid=3344, SUCCESS, logIndex=5023, commits[4c571e18-69a3-4a6d-81de-e3e48052df18:c5024, 15893972-388e-43c0-9d6c-ca4c76ac06da:c5020, c86beb1c-9105-4588-b1e8-133030361c51:c5020]
2019-07-12 12:28:33,521 INFO  client.GrpcClientProtocolClient (GrpcClientProtocolClient.java:onNext(255)) - client-D83FC23EEBD8->4c571e18-69a3-4a6d-81de-e3e48052df18: receive RaftClientReply:client-D83FC23EEBD8->4c571e18-69a3-4a6d-81de-e3e48052df18@group-644576B5741B, cid=3345, SUCCESS, logIndex=5024, commits[4c571e18-69a3-4a6d-81de-e3e48052df18:c5024, 15893972-388e-43c0-9d6c-ca4c76ac06da:c5020, c86beb1c-9105-4588-b1e8-133030361c51:c5020]
2019-07-12 12:28:33,533 INFO  client.GrpcClientProtocolClient (GrpcClientProtocolClient.java:onNext(255)) - client-D83FC23EEBD8->4c571e18-69a3-4a6d-81de-e3e48052df18: receive RaftClientReply:client-D83FC23EEBD8->4c571e18-69a3-4a6d-81de-e3e48052df18@group-644576B5741B, cid=3346, SUCCESS, logIndex=0, commits[4c571e18-69a3-4a6d-81de-e3e48052df18:c5026, 15893972-388e-43c0-9d6c-ca4c76ac06da:c5024, c86beb1c-9105-4588-b1e8-133030361c51:c5024]
2019-07-12 12:28:33,561 INFO  client.GrpcClientProtocolClient (GrpcClientProtocolClient.java:onNext(255)) - client-D83FC23EEBD8->4c571e18-69a3-4a6d-81de-e3e48052df18: receive RaftClientReply:client-D83FC23EEBD8->4c571e18-69a3-4a6d-81de-e3e48052df18@group-644576B5741B, cid=3347, SUCCESS, logIndex=5027, commits[4c571e18-69a3-4a6d-81de-e3e48052df18:c5030, 15893972-388e-43c0-9d6c-ca4c76ac06da:c5026, c86beb1c-9105-4588-b1e8-133030361c51:c5026]
2019-07-12 12:28:33,561 INFO  client.GrpcClientProtocolClient (GrpcClientProtocolClient.java:onNext(255)) - client-D83FC23EEBD8->4c571e18-69a3-4a6d-81de-e3e48052df18: receive RaftClientReply:client-D83FC23EEBD8->4c571e18-69a3-4a6d-81de-e3e48052df18@group-644576B5741B, cid=3348, SUCCESS, logIndex=5028, commits[4c571e18-69a3-4a6d-81de-e3e48052df18:c5030, 15893972-388e-43c0-9d6c-ca4c76ac06da:c5026, c86beb1c-9105-4588-b1e8-133030361c51:c5026]
2019-07-12 12:28:33,561 INFO  client.GrpcClientProtocolClient (GrpcClientProtocolClient.java:onNext(255)) - client-D83FC23EEBD8->4c571e18-69a3-4a6d-81de-e3e48052df18: receive RaftClientReply:client-D83FC23EEBD8->4c571e18-69a3-4a6d-81de-e3e48052df18@group-644576B5741B, cid=3349, SUCCESS, logIndex=5029, commits[4c571e18-69a3-4a6d-81de-e3e48052df18:c5030, 15893972-388e-43c0-9d6c-ca4c76ac06da:c5026, c86beb1c-9105-4588-b1e8-133030361c51:c5026]
2019-07-12 12:28:33,561 INFO  client.GrpcClientProtocolClient (GrpcClientProtocolClient.java:onNext(255)) - client-D83FC23EEBD8->4c571e18-69a3-4a6d-81de-e3e48052df18: receive RaftClientReply:client-D83FC23EEBD8->4c571e18-69a3-4a6d-81de-e3e48052df18@group-644576B5741B, cid=3350, SUCCESS, logIndex=5030, commits[4c571e18-69a3-4a6d-81de-e3e48052df18:c5030, 15893972-388e-43c0-9d6c-ca4c76ac06da:c5026, c86beb1c-9105-4588-b1e8-133030361c51:c5026]
2019-07-12 12:28:33,562 INFO  client.GrpcClientProtocolClient (GrpcClientProtocolClient.java:onNext(255)) - client-D83FC23EEBD8->4c571e18-69a3-4a6d-81de-e3e48052df18: receive RaftClientReply:client-D83FC23EEBD8->4c571e18-69a3-4a6d-81de-e3e48052df18@group-644576B5741B, cid=3351, SUCCESS, logIndex=0, commits[4c571e18-69a3-4a6d-81de-e3e48052df18:c5031, 15893972-388e-43c0-9d6c-ca4c76ac06da:c5028, c86beb1c-9105-4588-b1e8-133030361c51:c5028]
2019-07-12 12:28:33,580 INFO  client.GrpcClientProtocolClient (GrpcClientProtocolClient.java:onNext(255)) - client-D83FC23EEBD8->4c571e18-69a3-4a6d-81de-e3e48052df18: receive RaftClientReply:client-D83FC23EEBD8->4c571e18-69a3-4a6d-81de-e3e48052df18@group-644576B5741B, cid=3352, SUCCESS, logIndex=5035, commits[4c571e18-69a3-4a6d-81de-e3e48052df18:c5036, 15893972-388e-43c0-9d6c-ca4c76ac06da:c5034, c86beb1c-9105-4588-b1e8-133030361c51:c5034]
2019-07-12 12:28:33,581 INFO  client.GrpcClientProtocolClient (GrpcClientProtocolClient.java:onNext(255)) - client-D83FC23EEBD8->4c571e18-69a3-4a6d-81de-e3e48052df18: receive RaftClientReply:client-D83FC23EEBD8->4c571e18-69a3-4a6d-81de-e3e48052df18@group-644576B5741B, cid=3353, SUCCESS, logIndex=5036, commits[4c571e18-69a3-4a6d-81de-e3e48052df18:c5036, 15893972-388e-43c0-9d6c-ca4c76ac06da:c5034, c86beb1c-9105-4588-b1e8-133030361c51:c5034]
2019-07-12 12:28:33,594 INFO  client.GrpcClientProtocolClient (GrpcClientProtocolClient.java:onNext(255)) - client-D83FC23EEBD8->4c571e18-69a3-4a6d-81de-e3e48052df18: receive RaftClientReply:client-D83FC23EEBD8->4c571e18-69a3-4a6d-81de-e3e48052df18@group-644576B5741B, cid=3354, SUCCESS, logIndex=5039, commits[4c571e18-69a3-4a6d-81de-e3e48052df18:c5040, 15893972-388e-43c0-9d6c-ca4c76ac06da:c5036, c86beb1c-9105-4588-b1e8-133030361c51:c5036]
2019-07-12 12:28:33,594 INFO  client.GrpcClientProtocolClient (GrpcClientProtocolClient.java:onNext(255)) - client-D83FC23EEBD8->4c571e18-69a3-4a6d-81de-e3e48052df18: receive RaftClientReply:client-D83FC23EEBD8->4c571e18-69a3-4a6d-81de-e3e48052df18@group-644576B5741B, cid=3355, SUCCESS, logIndex=5040, commits[4c571e18-69a3-4a6d-81de-e3e48052df18:c5040, 15893972-388e-43c0-9d6c-ca4c76ac06da:c5036, c86beb1c-9105-4588-b1e8-133030361c51:c5036]
2019-07-12 12:28:33,608 INFO  client.GrpcClientProtocolClient (GrpcClientProtocolClient.java:onNext(255)) - client-D83FC23EEBD8->4c571e18-69a3-4a6d-81de-e3e48052df18: receive RaftClientReply:client-D83FC23EEBD8->4c571e18-69a3-4a6d-81de-e3e48052df18@group-644576B5741B, cid=3356, SUCCESS, logIndex=0, commits[4c571e18-69a3-4a6d-81de-e3e48052df18:c5041, 15893972-388e-43c0-9d6c-ca4c76ac06da:c5040, c86beb1c-9105-4588-b1e8-133030361c51:c5040]
 0.00% |█                                                                                                    |  0/1 Time: 0:00:252019-07-12 12:28:33,636 INFO  client.GrpcClientProtocolClient (GrpcClientProtocolClient.java:onNext(255)) - client-D83FC23EEBD8->4c571e18-69a3-4a6d-81de-e3e48052df18: receive RaftClientReply:client-D83FC23EEBD8->4c571e18-69a3-4a6d-81de-e3e48052df18@group-644576B5741B, cid=3357, SUCCESS, logIndex=5043, commits[4c571e18-69a3-4a6d-81de-e3e48052df18:c5044, 15893972-388e-43c0-9d6c-ca4c76ac06da:c5042, c86beb1c-9105-4588-b1e8-133030361c51:c5042]
2019-07-12 12:28:33,637 INFO  client.GrpcClientProtocolClient (GrpcClientProtocolClient.java:onNext(255)) - client-D83FC23EEBD8->4c571e18-69a3-4a6d-81de-e3e48052df18: receive RaftClientReply:client-D83FC23EEBD8->4c571e18-69a3-4a6d-81de-e3e48052df18@group-644576B5741B, cid=3358, SUCCESS, logIndex=5044, commits[4c571e18-69a3-4a6d-81de-e3e48052df18:c5044, 15893972-388e-43c0-9d6c-ca4c76ac06da:c5042, c86beb1c-9105-4588-b1e8-133030361c51:c5042]
2019-07-12 12:28:33,637 INFO  client.GrpcClientProtocolClient (GrpcClientProtocolClient.java:onNext(255)) - client-D83FC23EEBD8->4c571e18-69a3-4a6d-81de-e3e48052df18: receive RaftClientReply:client-D83FC23EEBD8->4c571e18-69a3-4a6d-81de-e3e48052df18@group-644576B5741B, cid=3359, SUCCESS, logIndex=5045, commits[4c571e18-69a3-4a6d-81de-e3e48052df18:c5046, 15893972-388e-43c0-9d6c-ca4c76ac06da:c5042, c86beb1c-9105-4588-b1e8-133030361c51:c5042]
2019-07-12 12:28:33,637 INFO  client.GrpcClientProtocolClient (GrpcClientProtocolClient.java:onNext(255)) - client-D83FC23EEBD8->4c571e18-69a3-4a6d-81de-e3e48052df18: receive RaftClientReply:client-D83FC23EEBD8->4c571e18-69a3-4a6d-81de-e3e48052df18@group-644576B5741B, cid=3360, SUCCESS, logIndex=5046, commits[4c571e18-69a3-4a6d-81de-e3e48052df18:c5046, 15893972-388e-43c0-9d6c-ca4c76ac06da:c5042, c86beb1c-9105-4588-b1e8-133030361c51:c5042]
2019-07-12 12:28:33,638 INFO  client.GrpcClientProtocolClient (GrpcClientProtocolClient.java:onNext(255)) - client-D83FC23EEBD8->4c571e18-69a3-4a6d-81de-e3e48052df18: receive RaftClientReply:client-D83FC23EEBD8->4c571e18-69a3-4a6d-81de-e3e48052df18@group-644576B5741B, cid=3361, SUCCESS, logIndex=0, commits[4c571e18-69a3-4a6d-81de-e3e48052df18:c5047, 15893972-388e-43c0-9d6c-ca4c76ac06da:c5044, c86beb1c-9105-4588-b1e8-133030361c51:c5044]
2019-07-12 12:28:33,656 INFO  client.GrpcClientProtocolClient (GrpcClientProtocolClient.java:onNext(255)) - client-D83FC23EEBD8->4c571e18-69a3-4a6d-81de-e3e48052df18: receive RaftClientReply:client-D83FC23EEBD8->4c571e18-69a3-4a6d-81de-e3e48052df18@group-644576B5741B, cid=3362, SUCCESS, logIndex=5051, commits[4c571e18-69a3-4a6d-81de-e3e48052df18:c5052, 15893972-388e-43c0-9d6c-ca4c76ac06da:c5050, c86beb1c-9105-4588-b1e8-133030361c51:c5050]
2019-07-12 12:28:33,657 INFO  client.GrpcClientProtocolClient (GrpcClientProtocolClient.java:onNext(255)) - client-D83FC23EEBD8->4c571e18-69a3-4a6d-81de-e3e48052df18: receive RaftClientReply:client-D83FC23EEBD8->4c571e18-69a3-4a6d-81de-e3e48052df18@group-644576B5741B, cid=3363, SUCCESS, logIndex=5052, commits[4c571e18-69a3-4a6d-81de-e3e48052df18:c5052, 15893972-388e-43c0-9d6c-ca4c76ac06da:c5050, c86beb1c-9105-4588-b1e8-133030361c51:c5050]
2019-07-12 12:28:33,670 INFO  client.GrpcClientProtocolClient (GrpcClientProtocolClient.java:onNext(255)) - client-D83FC23EEBD8->4c571e18-69a3-4a6d-81de-e3e48052df18: receive RaftClientReply:client-D83FC23EEBD8->4c571e18-69a3-4a6d-81de-e3e48052df18@group-644576B5741B, cid=3364, SUCCESS, logIndex=5055, commits[4c571e18-69a3-4a6d-81de-e3e48052df18:c5056, 15893972-388e-43c0-9d6c-ca4c76ac06da:c5052, c86beb1c-9105-4588-b1e8-133030361c51:c5052]
2019-07-12 12:28:33,670 INFO  client.GrpcClientProtocolClient (GrpcClientProtocolClient.java:onNext(255)) - client-D83FC23EEBD8->4c571e18-69a3-4a6d-81de-e3e48052df18: receive RaftClientReply:client-D83FC23EEBD8->4c571e18-69a3-4a6d-81de-e3e48052df18@group-644576B5741B, cid=3365, SUCCESS, logIndex=5056, commits[4c571e18-69a3-4a6d-81de-e3e48052df18:c5056, 15893972-388e-43c0-9d6c-ca4c76ac06da:c5052, c86beb1c-9105-4588-b1e8-133030361c51:c5052]
2019-07-12 12:28:33,681 INFO  client.GrpcClientProtocolClient (GrpcClientProtocolClient.java:onNext(255)) - client-D83FC23EEBD8->4c571e18-69a3-4a6d-81de-e3e48052df18: receive RaftClientReply:client-D83FC23EEBD8->4c571e18-69a3-4a6d-81de-e3e48052df18@group-644576B5741B, cid=3366, SUCCESS, logIndex=0, commits[4c571e18-69a3-4a6d-81de-e3e48052df18:c5056, 15893972-388e-43c0-9d6c-ca4c76ac06da:c5056, c86beb1c-9105-4588-b1e8-133030361c51:c5056]
2019-07-12 12:28:33,713 INFO  client.GrpcClientProtocolClient (GrpcClientProtocolClient.java:onNext(255)) - client-D83FC23EEBD8->4c571e18-69a3-4a6d-81de-e3e48052df18: receive RaftClientReply:client-D83FC23EEBD8->4c571e18-69a3-4a6d-81de-e3e48052df18@group-644576B5741B, cid=3367, SUCCESS, logIndex=5059, commits[4c571e18-69a3-4a6d-81de-e3e48052df18:c5060, 15893972-388e-43c0-9d6c-ca4c76ac06da:c5058, c86beb1c-9105-4588-b1e8-133030361c51:c5056]
2019-07-12 12:28:33,714 INFO  client.GrpcClientProtocolClient (GrpcClientProtocolClient.java:onNext(255)) - client-D83FC23EEBD8->4c571e18-69a3-4a6d-81de-e3e48052df18: receive RaftClientReply:client-D83FC23EEBD8->4c571e18-69a3-4a6d-81de-e3e48052df18@group-644576B5741B, cid=3368, SUCCESS, logIndex=5060, commits[4c571e18-69a3-4a6d-81de-e3e48052df18:c5060, 15893972-388e-43c0-9d6c-ca4c76ac06da:c5058, c86beb1c-9105-4588-b1e8-133030361c51:c5056]
2019-07-12 12:28:33,717 INFO  client.GrpcClientProtocolClient (GrpcClientProtocolClient.java:onNext(255)) - client-D83FC23EEBD8->4c571e18-69a3-4a6d-81de-e3e48052df18: receive RaftClientReply:client-D83FC23EEBD8->4c571e18-69a3-4a6d-81de-e3e48052df18@group-644576B5741B, cid=3369, SUCCESS, logIndex=5061, commits[4c571e18-69a3-4a6d-81de-e3e48052df18:c5062, 15893972-388e-43c0-9d6c-ca4c76ac06da:c5058, c86beb1c-9105-4588-b1e8-133030361c51:c5058]
2019-07-12 12:28:33,717 INFO  client.GrpcClientProtocolClient (GrpcClientProtocolClient.java:onNext(255)) - client-D83FC23EEBD8->4c571e18-69a3-4a6d-81de-e3e48052df18: receive RaftClientReply:client-D83FC23EEBD8->4c571e18-69a3-4a6d-81de-e3e48052df18@group-644576B5741B, cid=3370, SUCCESS, logIndex=5062, commits[4c571e18-69a3-4a6d-81de-e3e48052df18:c5062, 15893972-388e-43c0-9d6c-ca4c76ac06da:c5058, c86beb1c-9105-4588-b1e8-133030361c51:c5058]
2019-07-12 12:28:33,731 INFO  client.GrpcClientProtocolClient (GrpcClientProtocolClient.java:onNext(255)) - client-D83FC23EEBD8->4c571e18-69a3-4a6d-81de-e3e48052df18: receive RaftClientReply:client-D83FC23EEBD8->4c571e18-69a3-4a6d-81de-e3e48052df18@group-644576B5741B, cid=3371, SUCCESS, logIndex=0, commits[4c571e18-69a3-4a6d-81de-e3e48052df18:c5066, 15893972-388e-43c0-9d6c-ca4c76ac06da:c5060, c86beb1c-9105-4588-b1e8-133030361c51:c5062]
2019-07-12 12:28:33,742 INFO  client.GrpcClientProtocolClient (GrpcClientProtocolClient.java:onNext(255)) - client-D83FC23EEBD8->4c571e18-69a3-4a6d-81de-e3e48052df18: receive RaftClientReply:client-D83FC23EEBD8->4c571e18-69a3-4a6d-81de-e3e48052df18@group-644576B5741B, cid=3372, SUCCESS, logIndex=5067, commits[4c571e18-69a3-4a6d-81de-e3e48052df18:c5068, 15893972-388e-43c0-9d6c-ca4c76ac06da:c5062, c86beb1c-9105-4588-b1e8-133030361c51:c5066]
2019-07-12 12:28:33,743 INFO  client.GrpcClientProtocolClient (GrpcClientProtocolClient.java:onNext(255)) - client-D83FC23EEBD8->4c571e18-69a3-4a6d-81de-e3e48052df18: receive RaftClientReply:client-D83FC23EEBD8->4c571e18-69a3-4a6d-81de-e3e48052df18@group-644576B5741B, cid=3373, SUCCESS, logIndex=5068, commits[4c571e18-69a3-4a6d-81de-e3e48052df18:c5068, 15893972-388e-43c0-9d6c-ca4c76ac06da:c5066, c86beb1c-9105-4588-b1e8-133030361c51:c5066]
2019-07-12 12:28:33,761 INFO  client.GrpcClientProtocolClient (GrpcClientProtocolClient.java:onNext(255)) - client-D83FC23EEBD8->4c571e18-69a3-4a6d-81de-e3e48052df18: receive RaftClientReply:client-D83FC23EEBD8->4c571e18-69a3-4a6d-81de-e3e48052df18@group-644576B5741B, cid=3374, SUCCESS, logIndex=5071, commits[4c571e18-69a3-4a6d-81de-e3e48052df18:c5072, 15893972-388e-43c0-9d6c-ca4c76ac06da:c5070, c86beb1c-9105-4588-b1e8-133030361c51:c5070]
2019-07-12 12:28:33,762 INFO  client.GrpcClientProtocolClient (GrpcClientProtocolClient.java:onNext(255)) - client-D83FC23EEBD8->4c571e18-69a3-4a6d-81de-e3e48052df18: receive RaftClientReply:client-D83FC23EEBD8->4c571e18-69a3-4a6d-81de-e3e48052df18@group-644576B5741B, cid=3375, SUCCESS, logIndex=5072, commits[4c571e18-69a3-4a6d-81de-e3e48052df18:c5072, 15893972-388e-43c0-9d6c-ca4c76ac06da:c5070, c86beb1c-9105-4588-b1e8-133030361c51:c5070]
2019-07-12 12:28:33,773 INFO  client.GrpcClientProtocolClient (GrpcClientProtocolClient.java:onNext(255)) - client-D83FC23EEBD8->4c571e18-69a3-4a6d-81de-e3e48052df18: receive RaftClientReply:client-D83FC23EEBD8->4c571e18-69a3-4a6d-81de-e3e48052df18@group-644576B5741B, cid=3376, SUCCESS, logIndex=0, commits[4c571e18-69a3-4a6d-81de-e3e48052df18:c5072, 15893972-388e-43c0-9d6c-ca4c76ac06da:c5072, c86beb1c-9105-4588-b1e8-133030361c51:c5072]
2019-07-12 12:28:33,876 INFO  client.GrpcClientProtocolClient (GrpcClientProtocolClient.java:onNext(255)) - client-D83FC23EEBD8->4c571e18-69a3-4a6d-81de-e3e48052df18: receive RaftClientReply:client-D83FC23EEBD8->4c571e18-69a3-4a6d-81de-e3e48052df18@group-644576B5741B, cid=3377, SUCCESS, logIndex=5075, commits[4c571e18-69a3-4a6d-81de-e3e48052df18:c5076, 15893972-388e-43c0-9d6c-ca4c76ac06da:c5074, c86beb1c-9105-4588-b1e8-133030361c51:c5074]
2019-07-12 12:28:33,876 INFO  client.GrpcClientProtocolClient (GrpcClientProtocolClient.java:onNext(255)) - client-D83FC23EEBD8->4c571e18-69a3-4a6d-81de-e3e48052df18: receive RaftClientReply:client-D83FC23EEBD8->4c571e18-69a3-4a6d-81de-e3e48052df18@group-644576B5741B, cid=3378, SUCCESS, logIndex=5076, commits[4c571e18-69a3-4a6d-81de-e3e48052df18:c5076, 15893972-388e-43c0-9d6c-ca4c76ac06da:c5074, c86beb1c-9105-4588-b1e8-133030361c51:c5074]
2019-07-12 12:28:33,877 INFO  client.GrpcClientProtocolClient (GrpcClientProtocolClient.java:onNext(255)) - client-D83FC23EEBD8->4c571e18-69a3-4a6d-81de-e3e48052df18: receive RaftClientReply:client-D83FC23EEBD8->4c571e18-69a3-4a6d-81de-e3e48052df18@group-644576B5741B, cid=3379, SUCCESS, logIndex=5077, commits[4c571e18-69a3-4a6d-81de-e3e48052df18:c5077, 15893972-388e-43c0-9d6c-ca4c76ac06da:c5074, c86beb1c-9105-4588-b1e8-133030361c51:c5074]
2019-07-12 12:28:33,877 INFO  client.GrpcClientProtocolClient (GrpcClientProtocolClient.java:onNext(255)) - client-D83FC23EEBD8->4c571e18-69a3-4a6d-81de-e3e48052df18: receive RaftClientReply:client-D83FC23EEBD8->4c571e18-69a3-4a6d-81de-e3e48052df18@group-644576B5741B, cid=3380, SUCCESS, logIndex=5078, commits[4c571e18-69a3-4a6d-81de-e3e48052df18:c5078, 15893972-388e-43c0-9d6c-ca4c76ac06da:c5074, c86beb1c-9105-4588-b1e8-133030361c51:c5074]
2019-07-12 12:28:33,878 INFO  client.GrpcClientProtocolClient (GrpcClientProtocolClient.java:onNext(255)) - client-D83FC23EEBD8->4c571e18-69a3-4a6d-81de-e3e48052df18: receive RaftClientReply:client-D83FC23EEBD8->4c571e18-69a3-4a6d-81de-e3e48052df18@group-644576B5741B, cid=3381, SUCCESS, logIndex=0, commits[4c571e18-69a3-4a6d-81de-e3e48052df18:c5080, 15893972-388e-43c0-9d6c-ca4c76ac06da:c5076, c86beb1c-9105-4588-b1e8-133030361c51:c5076]
2019-07-12 12:28:33,897 INFO  client.GrpcClientProtocolClient (GrpcClientProtocolClient.java:onNext(255)) - client-D83FC23EEBD8->4c571e18-69a3-4a6d-81de-e3e48052df18: receive RaftClientReply:client-D83FC23EEBD8->4c571e18-69a3-4a6d-81de-e3e48052df18@group-644576B5741B, cid=3382, SUCCESS, logIndex=5083, commits[4c571e18-69a3-4a6d-81de-e3e48052df18:c5084, 15893972-388e-43c0-9d6c-ca4c76ac06da:c5082, c86beb1c-9105-4588-b1e8-133030361c51:c5082]
2019-07-12 12:28:33,897 INFO  client.GrpcClientProtocolClient (GrpcClientProtocolClient.java:onNext(255)) - client-D83FC23EEBD8->4c571e18-69a3-4a6d-81de-e3e48052df18: receive RaftClientReply:client-D83FC23EEBD8->4c571e18-69a3-4a6d-81de-e3e48052df18@group-644576B5741B, cid=3383, SUCCESS, logIndex=5084, commits[4c571e18-69a3-4a6d-81de-e3e48052df18:c5084, 15893972-388e-43c0-9d6c-ca4c76ac06da:c5082, c86beb1c-9105-4588-b1e8-133030361c51:c5082]
2019-07-12 12:28:33,910 INFO  client.GrpcClientProtocolClient (GrpcClientProtocolClient.java:onNext(255)) - client-D83FC23EEBD8->4c571e18-69a3-4a6d-81de-e3e48052df18: receive RaftClientReply:client-D83FC23EEBD8->4c571e18-69a3-4a6d-81de-e3e48052df18@group-644576B5741B, cid=3384, SUCCESS, logIndex=5087, commits[4c571e18-69a3-4a6d-81de-e3e48052df18:c5088, 15893972-388e-43c0-9d6c-ca4c76ac06da:c5084, c86beb1c-9105-4588-b1e8-133030361c51:c5084]
2019-07-12 12:28:33,911 INFO  client.GrpcClientProtocolClient (GrpcClientProtocolClient.java:onNext(255)) - client-D83FC23EEBD8->4c571e18-69a3-4a6d-81de-e3e48052df18: receive RaftClientReply:client-D83FC23EEBD8->4c571e18-69a3-4a6d-81de-e3e48052df18@group-644576B5741B, cid=3385, SUCCESS, logIndex=5088, commits[4c571e18-69a3-4a6d-81de-e3e48052df18:c5088, 15893972-388e-43c0-9d6c-ca4c76ac06da:c5084, c86beb1c-9105-4588-b1e8-133030361c51:c5084]
2019-07-12 12:28:33,922 INFO  client.GrpcClientProtocolClient (GrpcClientProtocolClient.java:onNext(255)) - client-D83FC23EEBD8->4c571e18-69a3-4a6d-81de-e3e48052df18: receive RaftClientReply:client-D83FC23EEBD8->4c571e18-69a3-4a6d-81de-e3e48052df18@group-644576B5741B, cid=3386, SUCCESS, logIndex=0, commits[4c571e18-69a3-4a6d-81de-e3e48052df18:c5090, 15893972-388e-43c0-9d6c-ca4c76ac06da:c5088, c86beb1c-9105-4588-b1e8-133030361c51:c5088]
2019-07-12 12:28:33,949 INFO  client.GrpcClientProtocolClient (GrpcClientProtocolClient.java:onNext(255)) - client-D83FC23EEBD8->4c571e18-69a3-4a6d-81de-e3e48052df18: receive RaftClientReply:client-D83FC23EEBD8->4c571e18-69a3-4a6d-81de-e3e48052df18@group-644576B5741B, cid=3387, SUCCESS, logIndex=5091, commits[4c571e18-69a3-4a6d-81de-e3e48052df18:c5092, 15893972-388e-43c0-9d6c-ca4c76ac06da:c5090, c86beb1c-9105-4588-b1e8-133030361c51:c5090]
2019-07-12 12:28:33,949 INFO  client.GrpcClientProtocolClient (GrpcClientProtocolClient.java:onNext(255)) - client-D83FC23EEBD8->4c571e18-69a3-4a6d-81de-e3e48052df18: receive RaftClientReply:client-D83FC23EEBD8->4c571e18-69a3-4a6d-81de-e3e48052df18@group-644576B5741B, cid=3388, SUCCESS, logIndex=5092, commits[4c571e18-69a3-4a6d-81de-e3e48052df18:c5092, 15893972-388e-43c0-9d6c-ca4c76ac06da:c5090, c86beb1c-9105-4588-b1e8-133030361c51:c5090]
2019-07-12 12:28:33,960 INFO  client.GrpcClientProtocolClient (GrpcClientProtocolClient.java:onNext(255)) - client-D83FC23EEBD8->4c571e18-69a3-4a6d-81de-e3e48052df18: receive RaftClientReply:client-D83FC23EEBD8->4c571e18-69a3-4a6d-81de-e3e48052df18@group-644576B5741B, cid=3389, SUCCESS, logIndex=5093, commits[4c571e18-69a3-4a6d-81de-e3e48052df18:c5094, 15893972-388e-43c0-9d6c-ca4c76ac06da:c5090, c86beb1c-9105-4588-b1e8-133030361c51:c5090]
2019-07-12 12:28:33,961 INFO  client.GrpcClientProtocolClient (GrpcClientProtocolClient.java:onNext(255)) - client-D83FC23EEBD8->4c571e18-69a3-4a6d-81de-e3e48052df18: receive RaftClientReply:client-D83FC23EEBD8->4c571e18-69a3-4a6d-81de-e3e48052df18@group-644576B5741B, cid=3390, SUCCESS, logIndex=5094, commits[4c571e18-69a3-4a6d-81de-e3e48052df18:c5095, 15893972-388e-43c0-9d6c-ca4c76ac06da:c5090, c86beb1c-9105-4588-b1e8-133030361c51:c5092]
2019-07-12 12:28:33,962 INFO  client.GrpcClientProtocolClient (GrpcClientProtocolClient.java:onNext(255)) - client-D83FC23EEBD8->4c571e18-69a3-4a6d-81de-e3e48052df18: receive RaftClientReply:client-D83FC23EEBD8->4c571e18-69a3-4a6d-81de-e3e48052df18@group-644576B5741B, cid=3391, SUCCESS, logIndex=0, commits[4c571e18-69a3-4a6d-81de-e3e48052df18:c5096, 15893972-388e-43c0-9d6c-ca4c76ac06da:c5092, c86beb1c-9105-4588-b1e8-133030361c51:c5092]
2019-07-12 12:28:33,977 INFO  client.GrpcClientProtocolClient (GrpcClientProtocolClient.java:onNext(255)) - client-D83FC23EEBD8->4c571e18-69a3-4a6d-81de-e3e48052df18: receive RaftClientReply:client-D83FC23EEBD8->4c571e18-69a3-4a6d-81de-e3e48052df18@group-644576B5741B, cid=3392, SUCCESS, logIndex=5099, commits[4c571e18-69a3-4a6d-81de-e3e48052df18:c5100, 15893972-388e-43c0-9d6c-ca4c76ac06da:c5098, c86beb1c-9105-4588-b1e8-133030361c51:c5094]
2019-07-12 12:28:33,978 INFO  client.GrpcClientProtocolClient (GrpcClientProtocolClient.java:onNext(255)) - client-D83FC23EEBD8->4c571e18-69a3-4a6d-81de-e3e48052df18: receive RaftClientReply:client-D83FC23EEBD8->4c571e18-69a3-4a6d-81de-e3e48052df18@group-644576B5741B, cid=3393, SUCCESS, logIndex=5100, commits[4c571e18-69a3-4a6d-81de-e3e48052df18:c5100, 15893972-388e-43c0-9d6c-ca4c76ac06da:c5098, c86beb1c-9105-4588-b1e8-133030361c51:c5098]
2019-07-12 12:28:33,999 INFO  client.GrpcClientProtocolClient (GrpcClientProtocolClient.java:onNext(255)) - client-D83FC23EEBD8->4c571e18-69a3-4a6d-81de-e3e48052df18: receive RaftClientReply:client-D83FC23EEBD8->4c571e18-69a3-4a6d-81de-e3e48052df18@group-644576B5741B, cid=3394, SUCCESS, logIndex=5103, commits[4c571e18-69a3-4a6d-81de-e3e48052df18:c5104, 15893972-388e-43c0-9d6c-ca4c76ac06da:c5102, c86beb1c-9105-4588-b1e8-133030361c51:c5102]
2019-07-12 12:28:33,999 INFO  client.GrpcClientProtocolClient (GrpcClientProtocolClient.java:onNext(255)) - client-D83FC23EEBD8->4c571e18-69a3-4a6d-81de-e3e48052df18: receive RaftClientReply:client-D83FC23EEBD8->4c571e18-69a3-4a6d-81de-e3e48052df18@group-644576B5741B, cid=3395, SUCCESS, logIndex=5104, commits[4c571e18-69a3-4a6d-81de-e3e48052df18:c5104, 15893972-388e-43c0-9d6c-ca4c76ac06da:c5102, c86beb1c-9105-4588-b1e8-133030361c51:c5102]
2019-07-12 12:28:34,011 INFO  client.GrpcClientProtocolClient (GrpcClientProtocolClient.java:onNext(255)) - client-D83FC23EEBD8->4c571e18-69a3-4a6d-81de-e3e48052df18: receive RaftClientReply:client-D83FC23EEBD8->4c571e18-69a3-4a6d-81de-e3e48052df18@group-644576B5741B, cid=3396, SUCCESS, logIndex=0, commits[4c571e18-69a3-4a6d-81de-e3e48052df18:c5105, 15893972-388e-43c0-9d6c-ca4c76ac06da:c5104, c86beb1c-9105-4588-b1e8-133030361c51:c5104]
2019-07-12 12:28:34,038 INFO  client.GrpcClientProtocolClient (GrpcClientProtocolClient.java:onNext(255)) - client-D83FC23EEBD8->4c571e18-69a3-4a6d-81de-e3e48052df18: receive RaftClientReply:client-D83FC23EEBD8->4c571e18-69a3-4a6d-81de-e3e48052df18@group-644576B5741B, cid=3397, SUCCESS, logIndex=5107, commits[4c571e18-69a3-4a6d-81de-e3e48052df18:c5108, 15893972-388e-43c0-9d6c-ca4c76ac06da:c5106, c86beb1c-9105-4588-b1e8-133030361c51:c5106]
2019-07-12 12:28:34,039 INFO  client.GrpcClientProtocolClient (GrpcClientProtocolClient.java:onNext(255)) - client-D83FC23EEBD8->4c571e18-69a3-4a6d-81de-e3e48052df18: receive RaftClientReply:client-D83FC23EEBD8->4c571e18-69a3-4a6d-81de-e3e48052df18@group-644576B5741B, cid=3398, SUCCESS, logIndex=5108, commits[4c571e18-69a3-4a6d-81de-e3e48052df18:c5108, 15893972-388e-43c0-9d6c-ca4c76ac06da:c5106, c86beb1c-9105-4588-b1e8-133030361c51:c5106]
2019-07-12 12:28:34,039 INFO  client.GrpcClientProtocolClient (GrpcClientProtocolClient.java:onNext(255)) - client-D83FC23EEBD8->4c571e18-69a3-4a6d-81de-e3e48052df18: receive RaftClientReply:client-D83FC23EEBD8->4c571e18-69a3-4a6d-81de-e3e48052df18@group-644576B5741B, cid=3399, SUCCESS, logIndex=5109, commits[4c571e18-69a3-4a6d-81de-e3e48052df18:c5109, 15893972-388e-43c0-9d6c-ca4c76ac06da:c5106, c86beb1c-9105-4588-b1e8-133030361c51:c5106]
2019-07-12 12:28:34,039 INFO  client.GrpcClientProtocolClient (GrpcClientProtocolClient.java:onNext(255)) - client-D83FC23EEBD8->4c571e18-69a3-4a6d-81de-e3e48052df18: receive RaftClientReply:client-D83FC23EEBD8->4c571e18-69a3-4a6d-81de-e3e48052df18@group-644576B5741B, cid=3400, SUCCESS, logIndex=5110, commits[4c571e18-69a3-4a6d-81de-e3e48052df18:c5110, 15893972-388e-43c0-9d6c-ca4c76ac06da:c5106, c86beb1c-9105-4588-b1e8-133030361c51:c5106]
2019-07-12 12:28:34,040 INFO  client.GrpcClientProtocolClient (GrpcClientProtocolClient.java:onNext(255)) - client-D83FC23EEBD8->4c571e18-69a3-4a6d-81de-e3e48052df18: receive RaftClientReply:client-D83FC23EEBD8->4c571e18-69a3-4a6d-81de-e3e48052df18@group-644576B5741B, cid=3401, SUCCESS, logIndex=0, commits[4c571e18-69a3-4a6d-81de-e3e48052df18:c5111, 15893972-388e-43c0-9d6c-ca4c76ac06da:c5108, c86beb1c-9105-4588-b1e8-133030361c51:c5108]
2019-07-12 12:28:34,058 INFO  client.GrpcClientProtocolClient (GrpcClientProtocolClient.java:onNext(255)) - client-D83FC23EEBD8->4c571e18-69a3-4a6d-81de-e3e48052df18: receive RaftClientReply:client-D83FC23EEBD8->4c571e18-69a3-4a6d-81de-e3e48052df18@group-644576B5741B, cid=3402, SUCCESS, logIndex=5115, commits[4c571e18-69a3-4a6d-81de-e3e48052df18:c5116, 15893972-388e-43c0-9d6c-ca4c76ac06da:c5114, c86beb1c-9105-4588-b1e8-133030361c51:c5114]
2019-07-12 12:28:34,059 INFO  client.GrpcClientProtocolClient (GrpcClientProtocolClient.java:onNext(255)) - client-D83FC23EEBD8->4c571e18-69a3-4a6d-81de-e3e48052df18: receive RaftClientReply:client-D83FC23EEBD8->4c571e18-69a3-4a6d-81de-e3e48052df18@group-644576B5741B, cid=3403, SUCCESS, logIndex=5116, commits[4c571e18-69a3-4a6d-81de-e3e48052df18:c5116, 15893972-388e-43c0-9d6c-ca4c76ac06da:c5114, c86beb1c-9105-4588-b1e8-133030361c51:c5114]
2019-07-12 12:28:34,071 INFO  client.GrpcClientProtocolClient (GrpcClientProtocolClient.java:onNext(255)) - client-D83FC23EEBD8->4c571e18-69a3-4a6d-81de-e3e48052df18: receive RaftClientReply:client-D83FC23EEBD8->4c571e18-69a3-4a6d-81de-e3e48052df18@group-644576B5741B, cid=3404, SUCCESS, logIndex=5119, commits[4c571e18-69a3-4a6d-81de-e3e48052df18:c5120, 15893972-388e-43c0-9d6c-ca4c76ac06da:c5116, c86beb1c-9105-4588-b1e8-133030361c51:c5116]
2019-07-12 12:28:34,071 INFO  client.GrpcClientProtocolClient (GrpcClientProtocolClient.java:onNext(255)) - client-D83FC23EEBD8->4c571e18-69a3-4a6d-81de-e3e48052df18: receive RaftClientReply:client-D83FC23EEBD8->4c571e18-69a3-4a6d-81de-e3e48052df18@group-644576B5741B, cid=3405, SUCCESS, logIndex=5120, commits[4c571e18-69a3-4a6d-81de-e3e48052df18:c5120, 15893972-388e-43c0-9d6c-ca4c76ac06da:c5116, c86beb1c-9105-4588-b1e8-133030361c51:c5116]
2019-07-12 12:28:34,073 INFO  client.GrpcClientProtocolClient (GrpcClientProtocolClient.java:onNext(255)) - client-D83FC23EEBD8->4c571e18-69a3-4a6d-81de-e3e48052df18: receive RaftClientReply:client-D83FC23EEBD8->4c571e18-69a3-4a6d-81de-e3e48052df18@group-644576B5741B, cid=3406, SUCCESS, logIndex=0, commits[4c571e18-69a3-4a6d-81de-e3e48052df18:c5121, 15893972-388e-43c0-9d6c-ca4c76ac06da:c5120, c86beb1c-9105-4588-b1e8-133030361c51:c5120]
2019-07-12 12:28:34,099 INFO  client.GrpcClientProtocolClient (GrpcClientProtocolClient.java:onNext(255)) - client-D83FC23EEBD8->4c571e18-69a3-4a6d-81de-e3e48052df18: receive RaftClientReply:client-D83FC23EEBD8->4c571e18-69a3-4a6d-81de-e3e48052df18@group-644576B5741B, cid=3407, SUCCESS, logIndex=5123, commits[4c571e18-69a3-4a6d-81de-e3e48052df18:c5126, 15893972-388e-43c0-9d6c-ca4c76ac06da:c5122, c86beb1c-9105-4588-b1e8-133030361c51:c5122]
2019-07-12 12:28:34,100 INFO  client.GrpcClientProtocolClient (GrpcClientProtocolClient.java:onNext(255)) - client-D83FC23EEBD8->4c571e18-69a3-4a6d-81de-e3e48052df18: receive RaftClientReply:client-D83FC23EEBD8->4c571e18-69a3-4a6d-81de-e3e48052df18@group-644576B5741B, cid=3408, SUCCESS, logIndex=5124, commits[4c571e18-69a3-4a6d-81de-e3e48052df18:c5126, 15893972-388e-43c0-9d6c-ca4c76ac06da:c5122, c86beb1c-9105-4588-b1e8-133030361c51:c5122]
2019-07-12 12:28:34,100 INFO  client.GrpcClientProtocolClient (GrpcClientProtocolClient.java:onNext(255)) - client-D83FC23EEBD8->4c571e18-69a3-4a6d-81de-e3e48052df18: receive RaftClientReply:client-D83FC23EEBD8->4c571e18-69a3-4a6d-81de-e3e48052df18@group-644576B5741B, cid=3409, SUCCESS, logIndex=5125, commits[4c571e18-69a3-4a6d-81de-e3e48052df18:c5126, 15893972-388e-43c0-9d6c-ca4c76ac06da:c5122, c86beb1c-9105-4588-b1e8-133030361c51:c5122]
2019-07-12 12:28:34,101 INFO  client.GrpcClientProtocolClient (GrpcClientProtocolClient.java:onNext(255)) - client-D83FC23EEBD8->4c571e18-69a3-4a6d-81de-e3e48052df18: receive RaftClientReply:client-D83FC23EEBD8->4c571e18-69a3-4a6d-81de-e3e48052df18@group-644576B5741B, cid=3410, SUCCESS, logIndex=5126, commits[4c571e18-69a3-4a6d-81de-e3e48052df18:c5126, 15893972-388e-43c0-9d6c-ca4c76ac06da:c5122, c86beb1c-9105-4588-b1e8-133030361c51:c5122]
2019-07-12 12:28:34,114 INFO  client.GrpcClientProtocolClient (GrpcClientProtocolClient.java:onNext(255)) - client-D83FC23EEBD8->4c571e18-69a3-4a6d-81de-e3e48052df18: receive RaftClientReply:client-D83FC23EEBD8->4c571e18-69a3-4a6d-81de-e3e48052df18@group-644576B5741B, cid=3411, SUCCESS, logIndex=0, commits[4c571e18-69a3-4a6d-81de-e3e48052df18:c5127, 15893972-388e-43c0-9d6c-ca4c76ac06da:c5124, c86beb1c-9105-4588-b1e8-133030361c51:c5124]
2019-07-12 12:28:34,131 INFO  client.GrpcClientProtocolClient (GrpcClientProtocolClient.java:onNext(255)) - client-D83FC23EEBD8->4c571e18-69a3-4a6d-81de-e3e48052df18: receive RaftClientReply:client-D83FC23EEBD8->4c571e18-69a3-4a6d-81de-e3e48052df18@group-644576B5741B, cid=3412, SUCCESS, logIndex=5131, commits[4c571e18-69a3-4a6d-81de-e3e48052df18:c5132, 15893972-388e-43c0-9d6c-ca4c76ac06da:c5130, c86beb1c-9105-4588-b1e8-133030361c51:c5130]
2019-07-12 12:28:34,132 INFO  client.GrpcClientProtocolClient (GrpcClientProtocolClient.java:onNext(255)) - client-D83FC23EEBD8->4c571e18-69a3-4a6d-81de-e3e48052df18: receive RaftClientReply:client-D83FC23EEBD8->4c571e18-69a3-4a6d-81de-e3e48052df18@group-644576B5741B, cid=3413, SUCCESS, logIndex=5132, commits[4c571e18-69a3-4a6d-81de-e3e48052df18:c5132, 15893972-388e-43c0-9d6c-ca4c76ac06da:c5130, c86beb1c-9105-4588-b1e8-133030361c51:c5130]
2019-07-12 12:28:34,146 INFO  client.GrpcClientProtocolClient (GrpcClientProtocolClient.java:onNext(255)) - client-D83FC23EEBD8->4c571e18-69a3-4a6d-81de-e3e48052df18: receive RaftClientReply:client-D83FC23EEBD8->4c571e18-69a3-4a6d-81de-e3e48052df18@group-644576B5741B, cid=3414, SUCCESS, logIndex=5135, commits[4c571e18-69a3-4a6d-81de-e3e48052df18:c5135, 15893972-388e-43c0-9d6c-ca4c76ac06da:c5132, c86beb1c-9105-4588-b1e8-133030361c51:c5132]
2019-07-12 12:28:34,146 INFO  client.GrpcClientProtocolClient (GrpcClientProtocolClient.java:onNext(255)) - client-D83FC23EEBD8->4c571e18-69a3-4a6d-81de-e3e48052df18: receive RaftClientReply:client-D83FC23EEBD8->4c571e18-69a3-4a6d-81de-e3e48052df18@group-644576B5741B, cid=3415, SUCCESS, logIndex=5136, commits[4c571e18-69a3-4a6d-81de-e3e48052df18:c5136, 15893972-388e-43c0-9d6c-ca4c76ac06da:c5132, c86beb1c-9105-4588-b1e8-133030361c51:c5132]
2019-07-12 12:28:34,160 INFO  client.GrpcClientProtocolClient (GrpcClientProtocolClient.java:onNext(255)) - client-D83FC23EEBD8->4c571e18-69a3-4a6d-81de-e3e48052df18: receive RaftClientReply:client-D83FC23EEBD8->4c571e18-69a3-4a6d-81de-e3e48052df18@group-644576B5741B, cid=3416, SUCCESS, logIndex=0, commits[4c571e18-69a3-4a6d-81de-e3e48052df18:c5138, 15893972-388e-43c0-9d6c-ca4c76ac06da:c5136, c86beb1c-9105-4588-b1e8-133030361c51:c5136]
2019-07-12 12:28:34,202 INFO  client.GrpcClientProtocolClient (GrpcClientProtocolClient.java:onNext(255)) - client-D83FC23EEBD8->4c571e18-69a3-4a6d-81de-e3e48052df18: receive RaftClientReply:client-D83FC23EEBD8->4c571e18-69a3-4a6d-81de-e3e48052df18@group-644576B5741B, cid=3417, SUCCESS, logIndex=5139, commits[4c571e18-69a3-4a6d-81de-e3e48052df18:c5140, 15893972-388e-43c0-9d6c-ca4c76ac06da:c5138, c86beb1c-9105-4588-b1e8-133030361c51:c5138]
2019-07-12 12:28:34,202 INFO  client.GrpcClientProtocolClient (GrpcClientProtocolClient.java:onNext(255)) - client-D83FC23EEBD8->4c571e18-69a3-4a6d-81de-e3e48052df18: receive RaftClientReply:client-D83FC23EEBD8->4c571e18-69a3-4a6d-81de-e3e48052df18@group-644576B5741B, cid=3418, SUCCESS, logIndex=5140, commits[4c571e18-69a3-4a6d-81de-e3e48052df18:c5140, 15893972-388e-43c0-9d6c-ca4c76ac06da:c5138, c86beb1c-9105-4588-b1e8-133030361c51:c5138]
2019-07-12 12:28:34,203 INFO  client.GrpcClientProtocolClient (GrpcClientProtocolClient.java:onNext(255)) - client-D83FC23EEBD8->4c571e18-69a3-4a6d-81de-e3e48052df18: receive RaftClientReply:client-D83FC23EEBD8->4c571e18-69a3-4a6d-81de-e3e48052df18@group-644576B5741B, cid=3419, SUCCESS, logIndex=5141, commits[4c571e18-69a3-4a6d-81de-e3e48052df18:c5142, 15893972-388e-43c0-9d6c-ca4c76ac06da:c5138, c86beb1c-9105-4588-b1e8-133030361c51:c5138]
2019-07-12 12:28:34,203 INFO  client.GrpcClientProtocolClient (GrpcClientProtocolClient.java:onNext(255)) - client-D83FC23EEBD8->4c571e18-69a3-4a6d-81de-e3e48052df18: receive RaftClientReply:client-D83FC23EEBD8->4c571e18-69a3-4a6d-81de-e3e48052df18@group-644576B5741B, cid=3420, SUCCESS, logIndex=5142, commits[4c571e18-69a3-4a6d-81de-e3e48052df18:c5142, 15893972-388e-43c0-9d6c-ca4c76ac06da:c5138, c86beb1c-9105-4588-b1e8-133030361c51:c5138]
2019-07-12 12:28:34,204 INFO  client.GrpcClientProtocolClient (GrpcClientProtocolClient.java:onNext(255)) - client-D83FC23EEBD8->4c571e18-69a3-4a6d-81de-e3e48052df18: receive RaftClientReply:client-D83FC23EEBD8->4c571e18-69a3-4a6d-81de-e3e48052df18@group-644576B5741B, cid=3421, SUCCESS, logIndex=0, commits[4c571e18-69a3-4a6d-81de-e3e48052df18:c5144, 15893972-388e-43c0-9d6c-ca4c76ac06da:c5140, c86beb1c-9105-4588-b1e8-133030361c51:c5140]
2019-07-12 12:28:34,233 INFO  client.GrpcClientProtocolClient (GrpcClientProtocolClient.java:onNext(255)) - client-D83FC23EEBD8->4c571e18-69a3-4a6d-81de-e3e48052df18: receive RaftClientReply:client-D83FC23EEBD8->4c571e18-69a3-4a6d-81de-e3e48052df18@group-644576B5741B, cid=3422, SUCCESS, logIndex=5147, commits[4c571e18-69a3-4a6d-81de-e3e48052df18:c5148, 15893972-388e-43c0-9d6c-ca4c76ac06da:c5146, c86beb1c-9105-4588-b1e8-133030361c51:c5142]
2019-07-12 12:28:34,233 INFO  client.GrpcClientProtocolClient (GrpcClientProtocolClient.java:onNext(255)) - client-D83FC23EEBD8->4c571e18-69a3-4a6d-81de-e3e48052df18: receive RaftClientReply:client-D83FC23EEBD8->4c571e18-69a3-4a6d-81de-e3e48052df18@group-644576B5741B, cid=3423, SUCCESS, logIndex=5148, commits[4c571e18-69a3-4a6d-81de-e3e48052df18:c5148, 15893972-388e-43c0-9d6c-ca4c76ac06da:c5146, c86beb1c-9105-4588-b1e8-133030361c51:c5146]
2019-07-12 12:28:34,252 INFO  client.GrpcClientProtocolClient (GrpcClientProtocolClient.java:onNext(255)) - client-D83FC23EEBD8->4c571e18-69a3-4a6d-81de-e3e48052df18: receive RaftClientReply:client-D83FC23EEBD8->4c571e18-69a3-4a6d-81de-e3e48052df18@group-644576B5741B, cid=3424, SUCCESS, logIndex=5150, commits[4c571e18-69a3-4a6d-81de-e3e48052df18:c5151, 15893972-388e-43c0-9d6c-ca4c76ac06da:c5149, c86beb1c-9105-4588-b1e8-133030361c51:c5149]
2019-07-12 12:28:34,252 INFO  client.GrpcClientProtocolClient (GrpcClientProtocolClient.java:onNext(255)) - client-D83FC23EEBD8->4c571e18-69a3-4a6d-81de-e3e48052df18: receive RaftClientReply:client-D83FC23EEBD8->4c571e18-69a3-4a6d-81de-e3e48052df18@group-644576B5741B, cid=3425, SUCCESS, logIndex=5151, commits[4c571e18-69a3-4a6d-81de-e3e48052df18:c5151, 15893972-388e-43c0-9d6c-ca4c76ac06da:c5149, c86beb1c-9105-4588-b1e8-133030361c51:c5149]
2019-07-12 12:28:34,264 INFO  client.GrpcClientProtocolClient (GrpcClientProtocolClient.java:onNext(255)) - client-D83FC23EEBD8->4c571e18-69a3-4a6d-81de-e3e48052df18: receive RaftClientReply:client-D83FC23EEBD8->4c571e18-69a3-4a6d-81de-e3e48052df18@group-644576B5741B, cid=3426, SUCCESS, logIndex=0, commits[4c571e18-69a3-4a6d-81de-e3e48052df18:c5152, 15893972-388e-43c0-9d6c-ca4c76ac06da:c5151, c86beb1c-9105-4588-b1e8-133030361c51:c5151]
2019-07-12 12:28:34,291 INFO  client.GrpcClientProtocolClient (GrpcClientProtocolClient.java:onNext(255)) - client-D83FC23EEBD8->4c571e18-69a3-4a6d-81de-e3e48052df18: receive RaftClientReply:client-D83FC23EEBD8->4c571e18-69a3-4a6d-81de-e3e48052df18@group-644576B5741B, cid=3427, SUCCESS, logIndex=5154, commits[4c571e18-69a3-4a6d-81de-e3e48052df18:c5155, 15893972-388e-43c0-9d6c-ca4c76ac06da:c5153, c86beb1c-9105-4588-b1e8-133030361c51:c5153]
2019-07-12 12:28:34,292 INFO  client.GrpcClientProtocolClient (GrpcClientProtocolClient.java:onNext(255)) - client-D83FC23EEBD8->4c571e18-69a3-4a6d-81de-e3e48052df18: receive RaftClientReply:client-D83FC23EEBD8->4c571e18-69a3-4a6d-81de-e3e48052df18@group-644576B5741B, cid=3428, SUCCESS, logIndex=5155, commits[4c571e18-69a3-4a6d-81de-e3e48052df18:c5155, 15893972-388e-43c0-9d6c-ca4c76ac06da:c5153, c86beb1c-9105-4588-b1e8-133030361c51:c5153]
2019-07-12 12:28:34,293 INFO  client.GrpcClientProtocolClient (GrpcClientProtocolClient.java:onNext(255)) - client-D83FC23EEBD8->4c571e18-69a3-4a6d-81de-e3e48052df18: receive RaftClientReply:client-D83FC23EEBD8->4c571e18-69a3-4a6d-81de-e3e48052df18@group-644576B5741B, cid=3429, SUCCESS, logIndex=5156, commits[4c571e18-69a3-4a6d-81de-e3e48052df18:c5157, 15893972-388e-43c0-9d6c-ca4c76ac06da:c5153, c86beb1c-9105-4588-b1e8-133030361c51:c5153]
2019-07-12 12:28:34,293 INFO  client.GrpcClientProtocolClient (GrpcClientProtocolClient.java:onNext(255)) - client-D83FC23EEBD8->4c571e18-69a3-4a6d-81de-e3e48052df18: receive RaftClientReply:client-D83FC23EEBD8->4c571e18-69a3-4a6d-81de-e3e48052df18@group-644576B5741B, cid=3430, SUCCESS, logIndex=5157, commits[4c571e18-69a3-4a6d-81de-e3e48052df18:c5157, 15893972-388e-43c0-9d6c-ca4c76ac06da:c5153, c86beb1c-9105-4588-b1e8-133030361c51:c5153]
2019-07-12 12:28:34,295 INFO  client.GrpcClientProtocolClient (GrpcClientProtocolClient.java:onNext(255)) - client-D83FC23EEBD8->4c571e18-69a3-4a6d-81de-e3e48052df18: receive RaftClientReply:client-D83FC23EEBD8->4c571e18-69a3-4a6d-81de-e3e48052df18@group-644576B5741B, cid=3431, SUCCESS, logIndex=0, commits[4c571e18-69a3-4a6d-81de-e3e48052df18:c5159, 15893972-388e-43c0-9d6c-ca4c76ac06da:c5155, c86beb1c-9105-4588-b1e8-133030361c51:c5155]
2019-07-12 12:28:34,313 INFO  client.GrpcClientProtocolClient (GrpcClientProtocolClient.java:onNext(255)) - client-D83FC23EEBD8->4c571e18-69a3-4a6d-81de-e3e48052df18: receive RaftClientReply:client-D83FC23EEBD8->4c571e18-69a3-4a6d-81de-e3e48052df18@group-644576B5741B, cid=3432, SUCCESS, logIndex=5162, commits[4c571e18-69a3-4a6d-81de-e3e48052df18:c5163, 15893972-388e-43c0-9d6c-ca4c76ac06da:c5161, c86beb1c-9105-4588-b1e8-133030361c51:c5161]
2019-07-12 12:28:34,314 INFO  client.GrpcClientProtocolClient (GrpcClientProtocolClient.java:onNext(255)) - client-D83FC23EEBD8->4c571e18-69a3-4a6d-81de-e3e48052df18: receive RaftClientReply:client-D83FC23EEBD8->4c571e18-69a3-4a6d-81de-e3e48052df18@group-644576B5741B, cid=3433, SUCCESS, logIndex=5163, commits[4c571e18-69a3-4a6d-81de-e3e48052df18:c5163, 15893972-388e-43c0-9d6c-ca4c76ac06da:c5161, c86beb1c-9105-4588-b1e8-133030361c51:c5161]
2019-07-12 12:28:34,326 INFO  client.GrpcClientProtocolClient (GrpcClientProtocolClient.java:onNext(255)) - client-D83FC23EEBD8->4c571e18-69a3-4a6d-81de-e3e48052df18: receive RaftClientReply:client-D83FC23EEBD8->4c571e18-69a3-4a6d-81de-e3e48052df18@group-644576B5741B, cid=3434, SUCCESS, logIndex=5166, commits[4c571e18-69a3-4a6d-81de-e3e48052df18:c5167, 15893972-388e-43c0-9d6c-ca4c76ac06da:c5163, c86beb1c-9105-4588-b1e8-133030361c51:c5163]
2019-07-12 12:28:34,327 INFO  client.GrpcClientProtocolClient (GrpcClientProtocolClient.java:onNext(255)) - client-D83FC23EEBD8->4c571e18-69a3-4a6d-81de-e3e48052df18: receive RaftClientReply:client-D83FC23EEBD8->4c571e18-69a3-4a6d-81de-e3e48052df18@group-644576B5741B, cid=3435, SUCCESS, logIndex=5167, commits[4c571e18-69a3-4a6d-81de-e3e48052df18:c5167, 15893972-388e-43c0-9d6c-ca4c76ac06da:c5163, c86beb1c-9105-4588-b1e8-133030361c51:c5163]
2019-07-12 12:28:34,329 INFO  client.GrpcClientProtocolClient (GrpcClientProtocolClient.java:onNext(255)) - client-D83FC23EEBD8->4c571e18-69a3-4a6d-81de-e3e48052df18: receive RaftClientReply:client-D83FC23EEBD8->4c571e18-69a3-4a6d-81de-e3e48052df18@group-644576B5741B, cid=3436, SUCCESS, logIndex=0, commits[4c571e18-69a3-4a6d-81de-e3e48052df18:c5169, 15893972-388e-43c0-9d6c-ca4c76ac06da:c5167, c86beb1c-9105-4588-b1e8-133030361c51:c5167]
2019-07-12 12:28:34,357 INFO  client.GrpcClientProtocolClient (GrpcClientProtocolClient.java:onNext(255)) - client-D83FC23EEBD8->4c571e18-69a3-4a6d-81de-e3e48052df18: receive RaftClientReply:client-D83FC23EEBD8->4c571e18-69a3-4a6d-81de-e3e48052df18@group-644576B5741B, cid=3437, SUCCESS, logIndex=5170, commits[4c571e18-69a3-4a6d-81de-e3e48052df18:c5173, 15893972-388e-43c0-9d6c-ca4c76ac06da:c5169, c86beb1c-9105-4588-b1e8-133030361c51:c5169]
2019-07-12 12:28:34,357 INFO  client.GrpcClientProtocolClient (GrpcClientProtocolClient.java:onNext(255)) - client-D83FC23EEBD8->4c571e18-69a3-4a6d-81de-e3e48052df18: receive RaftClientReply:client-D83FC23EEBD8->4c571e18-69a3-4a6d-81de-e3e48052df18@group-644576B5741B, cid=3438, SUCCESS, logIndex=5171, commits[4c571e18-69a3-4a6d-81de-e3e48052df18:c5173, 15893972-388e-43c0-9d6c-ca4c76ac06da:c5169, c86beb1c-9105-4588-b1e8-133030361c51:c5169]
2019-07-12 12:28:34,357 INFO  client.GrpcClientProtocolClient (GrpcClientProtocolClient.java:onNext(255)) - client-D83FC23EEBD8->4c571e18-69a3-4a6d-81de-e3e48052df18: receive RaftClientReply:client-D83FC23EEBD8->4c571e18-69a3-4a6d-81de-e3e48052df18@group-644576B5741B, cid=3439, SUCCESS, logIndex=5172, commits[4c571e18-69a3-4a6d-81de-e3e48052df18:c5173, 15893972-388e-43c0-9d6c-ca4c76ac06da:c5169, c86beb1c-9105-4588-b1e8-133030361c51:c5169]
2019-07-12 12:28:34,358 INFO  client.GrpcClientProtocolClient (GrpcClientProtocolClient.java:onNext(255)) - client-D83FC23EEBD8->4c571e18-69a3-4a6d-81de-e3e48052df18: receive RaftClientReply:client-D83FC23EEBD8->4c571e18-69a3-4a6d-81de-e3e48052df18@group-644576B5741B, cid=3440, SUCCESS, logIndex=5173, commits[4c571e18-69a3-4a6d-81de-e3e48052df18:c5173, 15893972-388e-43c0-9d6c-ca4c76ac06da:c5169, c86beb1c-9105-4588-b1e8-133030361c51:c5169]
2019-07-12 12:28:34,371 INFO  client.GrpcClientProtocolClient (GrpcClientProtocolClient.java:onNext(255)) - client-D83FC23EEBD8->4c571e18-69a3-4a6d-81de-e3e48052df18: receive RaftClientReply:client-D83FC23EEBD8->4c571e18-69a3-4a6d-81de-e3e48052df18@group-644576B5741B, cid=3441, SUCCESS, logIndex=0, commits[4c571e18-69a3-4a6d-81de-e3e48052df18:c5174, 15893972-388e-43c0-9d6c-ca4c76ac06da:c5171, c86beb1c-9105-4588-b1e8-133030361c51:c5171]
2019-07-12 12:28:34,394 INFO  client.GrpcClientProtocolClient (GrpcClientProtocolClient.java:onNext(255)) - client-D83FC23EEBD8->4c571e18-69a3-4a6d-81de-e3e48052df18: receive RaftClientReply:client-D83FC23EEBD8->4c571e18-69a3-4a6d-81de-e3e48052df18@group-644576B5741B, cid=3442, SUCCESS, logIndex=5178, commits[4c571e18-69a3-4a6d-81de-e3e48052df18:c5179, 15893972-388e-43c0-9d6c-ca4c76ac06da:c5177, c86beb1c-9105-4588-b1e8-133030361c51:c5177]
2019-07-12 12:28:34,394 INFO  client.GrpcClientProtocolClient (GrpcClientProtocolClient.java:onNext(255)) - client-D83FC23EEBD8->4c571e18-69a3-4a6d-81de-e3e48052df18: receive RaftClientReply:client-D83FC23EEBD8->4c571e18-69a3-4a6d-81de-e3e48052df18@group-644576B5741B, cid=3443, SUCCESS, logIndex=5179, commits[4c571e18-69a3-4a6d-81de-e3e48052df18:c5179, 15893972-388e-43c0-9d6c-ca4c76ac06da:c5177, c86beb1c-9105-4588-b1e8-133030361c51:c5177]
2019-07-12 12:28:34,408 INFO  client.GrpcClientProtocolClient (GrpcClientProtocolClient.java:onNext(255)) - client-D83FC23EEBD8->4c571e18-69a3-4a6d-81de-e3e48052df18: receive RaftClientReply:client-D83FC23EEBD8->4c571e18-69a3-4a6d-81de-e3e48052df18@group-644576B5741B, cid=3444, SUCCESS, logIndex=5182, commits[4c571e18-69a3-4a6d-81de-e3e48052df18:c5183, 15893972-388e-43c0-9d6c-ca4c76ac06da:c5179, c86beb1c-9105-4588-b1e8-133030361c51:c5179]
2019-07-12 12:28:34,409 INFO  client.GrpcClientProtocolClient (GrpcClientProtocolClient.java:onNext(255)) - client-D83FC23EEBD8->4c571e18-69a3-4a6d-81de-e3e48052df18: receive RaftClientReply:client-D83FC23EEBD8->4c571e18-69a3-4a6d-81de-e3e48052df18@group-644576B5741B, cid=3445, SUCCESS, logIndex=5183, commits[4c571e18-69a3-4a6d-81de-e3e48052df18:c5183, 15893972-388e-43c0-9d6c-ca4c76ac06da:c5179, c86beb1c-9105-4588-b1e8-133030361c51:c5179]
2019-07-12 12:28:34,421 INFO  client.GrpcClientProtocolClient (GrpcClientProtocolClient.java:onNext(255)) - client-D83FC23EEBD8->4c571e18-69a3-4a6d-81de-e3e48052df18: receive RaftClientReply:client-D83FC23EEBD8->4c571e18-69a3-4a6d-81de-e3e48052df18@group-644576B5741B, cid=3446, SUCCESS, logIndex=0, commits[4c571e18-69a3-4a6d-81de-e3e48052df18:c5185, 15893972-388e-43c0-9d6c-ca4c76ac06da:c5183, c86beb1c-9105-4588-b1e8-133030361c51:c5183]
2019-07-12 12:28:34,449 INFO  client.GrpcClientProtocolClient (GrpcClientProtocolClient.java:onNext(255)) - client-D83FC23EEBD8->4c571e18-69a3-4a6d-81de-e3e48052df18: receive RaftClientReply:client-D83FC23EEBD8->4c571e18-69a3-4a6d-81de-e3e48052df18@group-644576B5741B, cid=3447, SUCCESS, logIndex=5186, commits[4c571e18-69a3-4a6d-81de-e3e48052df18:c5186, 15893972-388e-43c0-9d6c-ca4c76ac06da:c5185, c86beb1c-9105-4588-b1e8-133030361c51:c5185]
2019-07-12 12:28:34,450 INFO  client.GrpcClientProtocolClient (GrpcClientProtocolClient.java:onNext(255)) - client-D83FC23EEBD8->4c571e18-69a3-4a6d-81de-e3e48052df18: receive RaftClientReply:client-D83FC23EEBD8->4c571e18-69a3-4a6d-81de-e3e48052df18@group-644576B5741B, cid=3448, SUCCESS, logIndex=5187, commits[4c571e18-69a3-4a6d-81de-e3e48052df18:c5189, 15893972-388e-43c0-9d6c-ca4c76ac06da:c5185, c86beb1c-9105-4588-b1e8-133030361c51:c5185]
2019-07-12 12:28:34,450 INFO  client.GrpcClientProtocolClient (GrpcClientProtocolClient.java:onNext(255)) - client-D83FC23EEBD8->4c571e18-69a3-4a6d-81de-e3e48052df18: receive RaftClientReply:client-D83FC23EEBD8->4c571e18-69a3-4a6d-81de-e3e48052df18@group-644576B5741B, cid=3449, SUCCESS, logIndex=5188, commits[4c571e18-69a3-4a6d-81de-e3e48052df18:c5189, 15893972-388e-43c0-9d6c-ca4c76ac06da:c5185, c86beb1c-9105-4588-b1e8-133030361c51:c5185]
2019-07-12 12:28:34,450 INFO  client.GrpcClientProtocolClient (GrpcClientProtocolClient.java:onNext(255)) - client-D83FC23EEBD8->4c571e18-69a3-4a6d-81de-e3e48052df18: receive RaftClientReply:client-D83FC23EEBD8->4c571e18-69a3-4a6d-81de-e3e48052df18@group-644576B5741B, cid=3450, SUCCESS, logIndex=5189, commits[4c571e18-69a3-4a6d-81de-e3e48052df18:c5189, 15893972-388e-43c0-9d6c-ca4c76ac06da:c5185, c86beb1c-9105-4588-b1e8-133030361c51:c5185]
2019-07-12 12:28:34,461 INFO  client.GrpcClientProtocolClient (GrpcClientProtocolClient.java:onNext(255)) - client-D83FC23EEBD8->4c571e18-69a3-4a6d-81de-e3e48052df18: receive RaftClientReply:client-D83FC23EEBD8->4c571e18-69a3-4a6d-81de-e3e48052df18@group-644576B5741B, cid=3451, SUCCESS, logIndex=0, commits[4c571e18-69a3-4a6d-81de-e3e48052df18:c5190, 15893972-388e-43c0-9d6c-ca4c76ac06da:c5187, c86beb1c-9105-4588-b1e8-133030361c51:c5187]
2019-07-12 12:28:34,486 INFO  client.GrpcClientProtocolClient (GrpcClientProtocolClient.java:onNext(255)) - client-D83FC23EEBD8->4c571e18-69a3-4a6d-81de-e3e48052df18: receive RaftClientReply:client-D83FC23EEBD8->4c571e18-69a3-4a6d-81de-e3e48052df18@group-644576B5741B, cid=3452, SUCCESS, logIndex=5194, commits[4c571e18-69a3-4a6d-81de-e3e48052df18:c5195, 15893972-388e-43c0-9d6c-ca4c76ac06da:c5193, c86beb1c-9105-4588-b1e8-133030361c51:c5193]
2019-07-12 12:28:34,487 INFO  client.GrpcClientProtocolClient (GrpcClientProtocolClient.java:onNext(255)) - client-D83FC23EEBD8->4c571e18-69a3-4a6d-81de-e3e48052df18: receive RaftClientReply:client-D83FC23EEBD8->4c571e18-69a3-4a6d-81de-e3e48052df18@group-644576B5741B, cid=3453, SUCCESS, logIndex=5195, commits[4c571e18-69a3-4a6d-81de-e3e48052df18:c5195, 15893972-388e-43c0-9d6c-ca4c76ac06da:c5193, c86beb1c-9105-4588-b1e8-133030361c51:c5193]
2019-07-12 12:28:34,499 INFO  client.GrpcClientProtocolClient (GrpcClientProtocolClient.java:onNext(255)) - client-D83FC23EEBD8->4c571e18-69a3-4a6d-81de-e3e48052df18: receive RaftClientReply:client-D83FC23EEBD8->4c571e18-69a3-4a6d-81de-e3e48052df18@group-644576B5741B, cid=3454, SUCCESS, logIndex=5198, commits[4c571e18-69a3-4a6d-81de-e3e48052df18:c5199, 15893972-388e-43c0-9d6c-ca4c76ac06da:c5195, c86beb1c-9105-4588-b1e8-133030361c51:c5195]
2019-07-12 12:28:34,500 INFO  client.GrpcClientProtocolClient (GrpcClientProtocolClient.java:onNext(255)) - client-D83FC23EEBD8->4c571e18-69a3-4a6d-81de-e3e48052df18: receive RaftClientReply:client-D83FC23EEBD8->4c571e18-69a3-4a6d-81de-e3e48052df18@group-644576B5741B, cid=3455, SUCCESS, logIndex=5199, commits[4c571e18-69a3-4a6d-81de-e3e48052df18:c5199, 15893972-388e-43c0-9d6c-ca4c76ac06da:c5195, c86beb1c-9105-4588-b1e8-133030361c51:c5195]
2019-07-12 12:28:34,514 INFO  client.GrpcClientProtocolClient (GrpcClientProtocolClient.java:onNext(255)) - client-D83FC23EEBD8->4c571e18-69a3-4a6d-81de-e3e48052df18: receive RaftClientReply:client-D83FC23EEBD8->4c571e18-69a3-4a6d-81de-e3e48052df18@group-644576B5741B, cid=3456, SUCCESS, logIndex=0, commits[4c571e18-69a3-4a6d-81de-e3e48052df18:c5201, 15893972-388e-43c0-9d6c-ca4c76ac06da:c5199, c86beb1c-9105-4588-b1e8-133030361c51:c5199]
2019-07-12 12:28:34,541 INFO  client.GrpcClientProtocolClient (GrpcClientProtocolClient.java:onNext(255)) - client-D83FC23EEBD8->4c571e18-69a3-4a6d-81de-e3e48052df18: receive RaftClientReply:client-D83FC23EEBD8->4c571e18-69a3-4a6d-81de-e3e48052df18@group-644576B5741B, cid=3457, SUCCESS, logIndex=5202, commits[4c571e18-69a3-4a6d-81de-e3e48052df18:c5203, 15893972-388e-43c0-9d6c-ca4c76ac06da:c5201, c86beb1c-9105-4588-b1e8-133030361c51:c5201]
2019-07-12 12:28:34,542 INFO  client.GrpcClientProtocolClient (GrpcClientProtocolClient.java:onNext(255)) - client-D83FC23EEBD8->4c571e18-69a3-4a6d-81de-e3e48052df18: receive RaftClientReply:client-D83FC23EEBD8->4c571e18-69a3-4a6d-81de-e3e48052df18@group-644576B5741B, cid=3458, SUCCESS, logIndex=5203, commits[4c571e18-69a3-4a6d-81de-e3e48052df18:c5203, 15893972-388e-43c0-9d6c-ca4c76ac06da:c5201, c86beb1c-9105-4588-b1e8-133030361c51:c5201]
2019-07-12 12:28:34,542 INFO  client.GrpcClientProtocolClient (GrpcClientProtocolClient.java:onNext(255)) - client-D83FC23EEBD8->4c571e18-69a3-4a6d-81de-e3e48052df18: receive RaftClientReply:client-D83FC23EEBD8->4c571e18-69a3-4a6d-81de-e3e48052df18@group-644576B5741B, cid=3459, SUCCESS, logIndex=5204, commits[4c571e18-69a3-4a6d-81de-e3e48052df18:c5205, 15893972-388e-43c0-9d6c-ca4c76ac06da:c5201, c86beb1c-9105-4588-b1e8-133030361c51:c5201]
2019-07-12 12:28:34,542 INFO  client.GrpcClientProtocolClient (GrpcClientProtocolClient.java:onNext(255)) - client-D83FC23EEBD8->4c571e18-69a3-4a6d-81de-e3e48052df18: receive RaftClientReply:client-D83FC23EEBD8->4c571e18-69a3-4a6d-81de-e3e48052df18@group-644576B5741B, cid=3460, SUCCESS, logIndex=5205, commits[4c571e18-69a3-4a6d-81de-e3e48052df18:c5205, 15893972-388e-43c0-9d6c-ca4c76ac06da:c5201, c86beb1c-9105-4588-b1e8-133030361c51:c5201]
2019-07-12 12:28:34,544 INFO  client.GrpcClientProtocolClient (GrpcClientProtocolClient.java:onNext(255)) - client-D83FC23EEBD8->4c571e18-69a3-4a6d-81de-e3e48052df18: receive RaftClientReply:client-D83FC23EEBD8->4c571e18-69a3-4a6d-81de-e3e48052df18@group-644576B5741B, cid=3461, SUCCESS, logIndex=0, commits[4c571e18-69a3-4a6d-81de-e3e48052df18:c5207, 15893972-388e-43c0-9d6c-ca4c76ac06da:c5203, c86beb1c-9105-4588-b1e8-133030361c51:c5203]
2019-07-12 12:28:34,561 INFO  client.GrpcClientProtocolClient (GrpcClientProtocolClient.java:onNext(255)) - client-D83FC23EEBD8->4c571e18-69a3-4a6d-81de-e3e48052df18: receive RaftClientReply:client-D83FC23EEBD8->4c571e18-69a3-4a6d-81de-e3e48052df18@group-644576B5741B, cid=3462, SUCCESS, logIndex=5210, commits[4c571e18-69a3-4a6d-81de-e3e48052df18:c5211, 15893972-388e-43c0-9d6c-ca4c76ac06da:c5209, c86beb1c-9105-4588-b1e8-133030361c51:c5209]
2019-07-12 12:28:34,561 INFO  client.GrpcClientProtocolClient (GrpcClientProtocolClient.java:onNext(255)) - client-D83FC23EEBD8->4c571e18-69a3-4a6d-81de-e3e48052df18: receive RaftClientReply:client-D83FC23EEBD8->4c571e18-69a3-4a6d-81de-e3e48052df18@group-644576B5741B, cid=3463, SUCCESS, logIndex=5211, commits[4c571e18-69a3-4a6d-81de-e3e48052df18:c5211, 15893972-388e-43c0-9d6c-ca4c76ac06da:c5209, c86beb1c-9105-4588-b1e8-133030361c51:c5209]
 0.00% |█                                                                                                    |  0/1 Time: 0:00:262019-07-12 12:28:34,654 INFO  client.GrpcClientProtocolClient (GrpcClientProtocolClient.java:onNext(255)) - client-D83FC23EEBD8->4c571e18-69a3-4a6d-81de-e3e48052df18: receive RaftClientReply:client-D83FC23EEBD8->4c571e18-69a3-4a6d-81de-e3e48052df18@group-644576B5741B, cid=3464, SUCCESS, logIndex=5214, commits[4c571e18-69a3-4a6d-81de-e3e48052df18:c5215, 15893972-388e-43c0-9d6c-ca4c76ac06da:c5212, c86beb1c-9105-4588-b1e8-133030361c51:c5212]
2019-07-12 12:28:34,654 INFO  client.GrpcClientProtocolClient (GrpcClientProtocolClient.java:onNext(255)) - client-D83FC23EEBD8->4c571e18-69a3-4a6d-81de-e3e48052df18: receive RaftClientReply:client-D83FC23EEBD8->4c571e18-69a3-4a6d-81de-e3e48052df18@group-644576B5741B, cid=3465, SUCCESS, logIndex=5215, commits[4c571e18-69a3-4a6d-81de-e3e48052df18:c5215, 15893972-388e-43c0-9d6c-ca4c76ac06da:c5212, c86beb1c-9105-4588-b1e8-133030361c51:c5212]
2019-07-12 12:28:34,666 INFO  client.GrpcClientProtocolClient (GrpcClientProtocolClient.java:onNext(255)) - client-D83FC23EEBD8->4c571e18-69a3-4a6d-81de-e3e48052df18: receive RaftClientReply:client-D83FC23EEBD8->4c571e18-69a3-4a6d-81de-e3e48052df18@group-644576B5741B, cid=3466, SUCCESS, logIndex=0, commits[4c571e18-69a3-4a6d-81de-e3e48052df18:c5216, 15893972-388e-43c0-9d6c-ca4c76ac06da:c5215, c86beb1c-9105-4588-b1e8-133030361c51:c5215]
2019-07-12 12:28:34,692 INFO  client.GrpcClientProtocolClient (GrpcClientProtocolClient.java:onNext(255)) - client-D83FC23EEBD8->4c571e18-69a3-4a6d-81de-e3e48052df18: receive RaftClientReply:client-D83FC23EEBD8->4c571e18-69a3-4a6d-81de-e3e48052df18@group-644576B5741B, cid=3467, SUCCESS, logIndex=5218, commits[4c571e18-69a3-4a6d-81de-e3e48052df18:c5220, 15893972-388e-43c0-9d6c-ca4c76ac06da:c5217, c86beb1c-9105-4588-b1e8-133030361c51:c5217]
2019-07-12 12:28:34,692 INFO  client.GrpcClientProtocolClient (GrpcClientProtocolClient.java:onNext(255)) - client-D83FC23EEBD8->4c571e18-69a3-4a6d-81de-e3e48052df18: receive RaftClientReply:client-D83FC23EEBD8->4c571e18-69a3-4a6d-81de-e3e48052df18@group-644576B5741B, cid=3468, SUCCESS, logIndex=5219, commits[4c571e18-69a3-4a6d-81de-e3e48052df18:c5221, 15893972-388e-43c0-9d6c-ca4c76ac06da:c5217, c86beb1c-9105-4588-b1e8-133030361c51:c5217]
2019-07-12 12:28:34,693 INFO  client.GrpcClientProtocolClient (GrpcClientProtocolClient.java:onNext(255)) - client-D83FC23EEBD8->4c571e18-69a3-4a6d-81de-e3e48052df18: receive RaftClientReply:client-D83FC23EEBD8->4c571e18-69a3-4a6d-81de-e3e48052df18@group-644576B5741B, cid=3469, SUCCESS, logIndex=5220, commits[4c571e18-69a3-4a6d-81de-e3e48052df18:c5221, 15893972-388e-43c0-9d6c-ca4c76ac06da:c5217, c86beb1c-9105-4588-b1e8-133030361c51:c5217]
2019-07-12 12:28:34,693 INFO  client.GrpcClientProtocolClient (GrpcClientProtocolClient.java:onNext(255)) - client-D83FC23EEBD8->4c571e18-69a3-4a6d-81de-e3e48052df18: receive RaftClientReply:client-D83FC23EEBD8->4c571e18-69a3-4a6d-81de-e3e48052df18@group-644576B5741B, cid=3470, SUCCESS, logIndex=5221, commits[4c571e18-69a3-4a6d-81de-e3e48052df18:c5221, 15893972-388e-43c0-9d6c-ca4c76ac06da:c5217, c86beb1c-9105-4588-b1e8-133030361c51:c5217]
2019-07-12 12:28:34,695 INFO  client.GrpcClientProtocolClient (GrpcClientProtocolClient.java:onNext(255)) - client-D83FC23EEBD8->4c571e18-69a3-4a6d-81de-e3e48052df18: receive RaftClientReply:client-D83FC23EEBD8->4c571e18-69a3-4a6d-81de-e3e48052df18@group-644576B5741B, cid=3471, SUCCESS, logIndex=0, commits[4c571e18-69a3-4a6d-81de-e3e48052df18:c5223, 15893972-388e-43c0-9d6c-ca4c76ac06da:c5220, c86beb1c-9105-4588-b1e8-133030361c51:c5220]
2019-07-12 12:28:34,738 INFO  client.GrpcClientProtocolClient (GrpcClientProtocolClient.java:onNext(255)) - client-D83FC23EEBD8->4c571e18-69a3-4a6d-81de-e3e48052df18: receive RaftClientReply:client-D83FC23EEBD8->4c571e18-69a3-4a6d-81de-e3e48052df18@group-644576B5741B, cid=3472, SUCCESS, logIndex=5226, commits[4c571e18-69a3-4a6d-81de-e3e48052df18:c5227, 15893972-388e-43c0-9d6c-ca4c76ac06da:c5225, c86beb1c-9105-4588-b1e8-133030361c51:c5225]
2019-07-12 12:28:34,738 INFO  client.GrpcClientProtocolClient (GrpcClientProtocolClient.java:onNext(255)) - client-D83FC23EEBD8->4c571e18-69a3-4a6d-81de-e3e48052df18: receive RaftClientReply:client-D83FC23EEBD8->4c571e18-69a3-4a6d-81de-e3e48052df18@group-644576B5741B, cid=3473, SUCCESS, logIndex=5227, commits[4c571e18-69a3-4a6d-81de-e3e48052df18:c5227, 15893972-388e-43c0-9d6c-ca4c76ac06da:c5225, c86beb1c-9105-4588-b1e8-133030361c51:c5225]
2019-07-12 12:28:34,751 INFO  client.GrpcClientProtocolClient (GrpcClientProtocolClient.java:onNext(255)) - client-D83FC23EEBD8->4c571e18-69a3-4a6d-81de-e3e48052df18: receive RaftClientReply:client-D83FC23EEBD8->4c571e18-69a3-4a6d-81de-e3e48052df18@group-644576B5741B, cid=3474, SUCCESS, logIndex=5230, commits[4c571e18-69a3-4a6d-81de-e3e48052df18:c5231, 15893972-388e-43c0-9d6c-ca4c76ac06da:c5227, c86beb1c-9105-4588-b1e8-133030361c51:c5227]
2019-07-12 12:28:34,752 INFO  client.GrpcClientProtocolClient (GrpcClientProtocolClient.java:onNext(255)) - client-D83FC23EEBD8->4c571e18-69a3-4a6d-81de-e3e48052df18: receive RaftClientReply:client-D83FC23EEBD8->4c571e18-69a3-4a6d-81de-e3e48052df18@group-644576B5741B, cid=3475, SUCCESS, logIndex=5231, commits[4c571e18-69a3-4a6d-81de-e3e48052df18:c5231, 15893972-388e-43c0-9d6c-ca4c76ac06da:c5227, c86beb1c-9105-4588-b1e8-133030361c51:c5227]
2019-07-12 12:28:34,752 INFO  client.GrpcClientProtocolClient (GrpcClientProtocolClient.java:onNext(255)) - client-D83FC23EEBD8->4c571e18-69a3-4a6d-81de-e3e48052df18: receive RaftClientReply:client-D83FC23EEBD8->4c571e18-69a3-4a6d-81de-e3e48052df18@group-644576B5741B, cid=3476, SUCCESS, logIndex=0, commits[4c571e18-69a3-4a6d-81de-e3e48052df18:c5232, 15893972-388e-43c0-9d6c-ca4c76ac06da:c5231, c86beb1c-9105-4588-b1e8-133030361c51:c5231]
2019-07-12 12:28:34,778 INFO  client.GrpcClientProtocolClient (GrpcClientProtocolClient.java:onNext(255)) - client-D83FC23EEBD8->4c571e18-69a3-4a6d-81de-e3e48052df18: receive RaftClientReply:client-D83FC23EEBD8->4c571e18-69a3-4a6d-81de-e3e48052df18@group-644576B5741B, cid=3477, SUCCESS, logIndex=5233, commits[4c571e18-69a3-4a6d-81de-e3e48052df18:c5233, 15893972-388e-43c0-9d6c-ca4c76ac06da:c5232, c86beb1c-9105-4588-b1e8-133030361c51:c5232]
2019-07-12 12:28:34,778 INFO  client.GrpcClientProtocolClient (GrpcClientProtocolClient.java:onNext(255)) - client-D83FC23EEBD8->4c571e18-69a3-4a6d-81de-e3e48052df18: receive RaftClientReply:client-D83FC23EEBD8->4c571e18-69a3-4a6d-81de-e3e48052df18@group-644576B5741B, cid=3478, SUCCESS, logIndex=5234, commits[4c571e18-69a3-4a6d-81de-e3e48052df18:c5234, 15893972-388e-43c0-9d6c-ca4c76ac06da:c5232, c86beb1c-9105-4588-b1e8-133030361c51:c5232]
2019-07-12 12:28:34,779 INFO  client.GrpcClientProtocolClient (GrpcClientProtocolClient.java:onNext(255)) - client-D83FC23EEBD8->4c571e18-69a3-4a6d-81de-e3e48052df18: receive RaftClientReply:client-D83FC23EEBD8->4c571e18-69a3-4a6d-81de-e3e48052df18@group-644576B5741B, cid=3479, SUCCESS, logIndex=5235, commits[4c571e18-69a3-4a6d-81de-e3e48052df18:c5236, 15893972-388e-43c0-9d6c-ca4c76ac06da:c5232, c86beb1c-9105-4588-b1e8-133030361c51:c5232]
2019-07-12 12:28:34,779 INFO  client.GrpcClientProtocolClient (GrpcClientProtocolClient.java:onNext(255)) - client-D83FC23EEBD8->4c571e18-69a3-4a6d-81de-e3e48052df18: receive RaftClientReply:client-D83FC23EEBD8->4c571e18-69a3-4a6d-81de-e3e48052df18@group-644576B5741B, cid=3480, SUCCESS, logIndex=5236, commits[4c571e18-69a3-4a6d-81de-e3e48052df18:c5236, 15893972-388e-43c0-9d6c-ca4c76ac06da:c5232, c86beb1c-9105-4588-b1e8-133030361c51:c5232]
2019-07-12 12:28:34,780 INFO  client.GrpcClientProtocolClient (GrpcClientProtocolClient.java:onNext(255)) - client-D83FC23EEBD8->4c571e18-69a3-4a6d-81de-e3e48052df18: receive RaftClientReply:client-D83FC23EEBD8->4c571e18-69a3-4a6d-81de-e3e48052df18@group-644576B5741B, cid=3481, SUCCESS, logIndex=0, commits[4c571e18-69a3-4a6d-81de-e3e48052df18:c5238, 15893972-388e-43c0-9d6c-ca4c76ac06da:c5234, c86beb1c-9105-4588-b1e8-133030361c51:c5234]
2019-07-12 12:28:34,798 INFO  client.GrpcClientProtocolClient (GrpcClientProtocolClient.java:onNext(255)) - client-D83FC23EEBD8->4c571e18-69a3-4a6d-81de-e3e48052df18: receive RaftClientReply:client-D83FC23EEBD8->4c571e18-69a3-4a6d-81de-e3e48052df18@group-644576B5741B, cid=3482, SUCCESS, logIndex=5241, commits[4c571e18-69a3-4a6d-81de-e3e48052df18:c5242, 15893972-388e-43c0-9d6c-ca4c76ac06da:c5240, c86beb1c-9105-4588-b1e8-133030361c51:c5240]
2019-07-12 12:28:34,798 INFO  client.GrpcClientProtocolClient (GrpcClientProtocolClient.java:onNext(255)) - client-D83FC23EEBD8->4c571e18-69a3-4a6d-81de-e3e48052df18: receive RaftClientReply:client-D83FC23EEBD8->4c571e18-69a3-4a6d-81de-e3e48052df18@group-644576B5741B, cid=3483, SUCCESS, logIndex=5242, commits[4c571e18-69a3-4a6d-81de-e3e48052df18:c5242, 15893972-388e-43c0-9d6c-ca4c76ac06da:c5240, c86beb1c-9105-4588-b1e8-133030361c51:c5240]
2019-07-12 12:28:34,811 INFO  client.GrpcClientProtocolClient (GrpcClientProtocolClient.java:onNext(255)) - client-D83FC23EEBD8->4c571e18-69a3-4a6d-81de-e3e48052df18: receive RaftClientReply:client-D83FC23EEBD8->4c571e18-69a3-4a6d-81de-e3e48052df18@group-644576B5741B, cid=3484, SUCCESS, logIndex=5245, commits[4c571e18-69a3-4a6d-81de-e3e48052df18:c5246, 15893972-388e-43c0-9d6c-ca4c76ac06da:c5242, c86beb1c-9105-4588-b1e8-133030361c51:c5242]
2019-07-12 12:28:34,811 INFO  client.GrpcClientProtocolClient (GrpcClientProtocolClient.java:onNext(255)) - client-D83FC23EEBD8->4c571e18-69a3-4a6d-81de-e3e48052df18: receive RaftClientReply:client-D83FC23EEBD8->4c571e18-69a3-4a6d-81de-e3e48052df18@group-644576B5741B, cid=3485, SUCCESS, logIndex=5246, commits[4c571e18-69a3-4a6d-81de-e3e48052df18:c5246, 15893972-388e-43c0-9d6c-ca4c76ac06da:c5242, c86beb1c-9105-4588-b1e8-133030361c51:c5242]
2019-07-12 12:28:34,824 INFO  client.GrpcClientProtocolClient (GrpcClientProtocolClient.java:onNext(255)) - client-D83FC23EEBD8->4c571e18-69a3-4a6d-81de-e3e48052df18: receive RaftClientReply:client-D83FC23EEBD8->4c571e18-69a3-4a6d-81de-e3e48052df18@group-644576B5741B, cid=3486, SUCCESS, logIndex=0, commits[4c571e18-69a3-4a6d-81de-e3e48052df18:c5248, 15893972-388e-43c0-9d6c-ca4c76ac06da:c5246, c86beb1c-9105-4588-b1e8-133030361c51:c5246]
2019-07-12 12:28:34,850 INFO  client.GrpcClientProtocolClient (GrpcClientProtocolClient.java:onNext(255)) - client-D83FC23EEBD8->4c571e18-69a3-4a6d-81de-e3e48052df18: receive RaftClientReply:client-D83FC23EEBD8->4c571e18-69a3-4a6d-81de-e3e48052df18@group-644576B5741B, cid=3487, SUCCESS, logIndex=5249, commits[4c571e18-69a3-4a6d-81de-e3e48052df18:c5249, 15893972-388e-43c0-9d6c-ca4c76ac06da:c5248, c86beb1c-9105-4588-b1e8-133030361c51:c5248]
2019-07-12 12:28:34,851 INFO  client.GrpcClientProtocolClient (GrpcClientProtocolClient.java:onNext(255)) - client-D83FC23EEBD8->4c571e18-69a3-4a6d-81de-e3e48052df18: receive RaftClientReply:client-D83FC23EEBD8->4c571e18-69a3-4a6d-81de-e3e48052df18@group-644576B5741B, cid=3488, SUCCESS, logIndex=5250, commits[4c571e18-69a3-4a6d-81de-e3e48052df18:c5250, 15893972-388e-43c0-9d6c-ca4c76ac06da:c5248, c86beb1c-9105-4588-b1e8-133030361c51:c5248]
2019-07-12 12:28:34,851 INFO  client.GrpcClientProtocolClient (GrpcClientProtocolClient.java:onNext(255)) - client-D83FC23EEBD8->4c571e18-69a3-4a6d-81de-e3e48052df18: receive RaftClientReply:client-D83FC23EEBD8->4c571e18-69a3-4a6d-81de-e3e48052df18@group-644576B5741B, cid=3489, SUCCESS, logIndex=5251, commits[4c571e18-69a3-4a6d-81de-e3e48052df18:c5251, 15893972-388e-43c0-9d6c-ca4c76ac06da:c5248, c86beb1c-9105-4588-b1e8-133030361c51:c5248]
2019-07-12 12:28:34,851 INFO  client.GrpcClientProtocolClient (GrpcClientProtocolClient.java:onNext(255)) - client-D83FC23EEBD8->4c571e18-69a3-4a6d-81de-e3e48052df18: receive RaftClientReply:client-D83FC23EEBD8->4c571e18-69a3-4a6d-81de-e3e48052df18@group-644576B5741B, cid=3490, SUCCESS, logIndex=5252, commits[4c571e18-69a3-4a6d-81de-e3e48052df18:c5252, 15893972-388e-43c0-9d6c-ca4c76ac06da:c5248, c86beb1c-9105-4588-b1e8-133030361c51:c5248]
2019-07-12 12:28:34,852 INFO  client.GrpcClientProtocolClient (GrpcClientProtocolClient.java:onNext(255)) - client-D83FC23EEBD8->4c571e18-69a3-4a6d-81de-e3e48052df18: receive RaftClientReply:client-D83FC23EEBD8->4c571e18-69a3-4a6d-81de-e3e48052df18@group-644576B5741B, cid=3491, SUCCESS, logIndex=0, commits[4c571e18-69a3-4a6d-81de-e3e48052df18:c5254, 15893972-388e-43c0-9d6c-ca4c76ac06da:c5250, c86beb1c-9105-4588-b1e8-133030361c51:c5250]
2019-07-12 12:28:34,870 INFO  client.GrpcClientProtocolClient (GrpcClientProtocolClient.java:onNext(255)) - client-D83FC23EEBD8->4c571e18-69a3-4a6d-81de-e3e48052df18: receive RaftClientReply:client-D83FC23EEBD8->4c571e18-69a3-4a6d-81de-e3e48052df18@group-644576B5741B, cid=3492, SUCCESS, logIndex=5257, commits[4c571e18-69a3-4a6d-81de-e3e48052df18:c5258, 15893972-388e-43c0-9d6c-ca4c76ac06da:c5256, c86beb1c-9105-4588-b1e8-133030361c51:c5256]
2019-07-12 12:28:34,871 INFO  client.GrpcClientProtocolClient (GrpcClientProtocolClient.java:onNext(255)) - client-D83FC23EEBD8->4c571e18-69a3-4a6d-81de-e3e48052df18: receive RaftClientReply:client-D83FC23EEBD8->4c571e18-69a3-4a6d-81de-e3e48052df18@group-644576B5741B, cid=3493, SUCCESS, logIndex=5258, commits[4c571e18-69a3-4a6d-81de-e3e48052df18:c5258, 15893972-388e-43c0-9d6c-ca4c76ac06da:c5256, c86beb1c-9105-4588-b1e8-133030361c51:c5256]
2019-07-12 12:28:34,884 INFO  client.GrpcClientProtocolClient (GrpcClientProtocolClient.java:onNext(255)) - client-D83FC23EEBD8->4c571e18-69a3-4a6d-81de-e3e48052df18: receive RaftClientReply:client-D83FC23EEBD8->4c571e18-69a3-4a6d-81de-e3e48052df18@group-644576B5741B, cid=3494, SUCCESS, logIndex=5261, commits[4c571e18-69a3-4a6d-81de-e3e48052df18:c5262, 15893972-388e-43c0-9d6c-ca4c76ac06da:c5258, c86beb1c-9105-4588-b1e8-133030361c51:c5258]
2019-07-12 12:28:34,884 INFO  client.GrpcClientProtocolClient (GrpcClientProtocolClient.java:onNext(255)) - client-D83FC23EEBD8->4c571e18-69a3-4a6d-81de-e3e48052df18: receive RaftClientReply:client-D83FC23EEBD8->4c571e18-69a3-4a6d-81de-e3e48052df18@group-644576B5741B, cid=3495, SUCCESS, logIndex=5262, commits[4c571e18-69a3-4a6d-81de-e3e48052df18:c5262, 15893972-388e-43c0-9d6c-ca4c76ac06da:c5258, c86beb1c-9105-4588-b1e8-133030361c51:c5258]
2019-07-12 12:28:34,898 INFO  client.GrpcClientProtocolClient (GrpcClientProtocolClient.java:onNext(255)) - client-D83FC23EEBD8->4c571e18-69a3-4a6d-81de-e3e48052df18: receive RaftClientReply:client-D83FC23EEBD8->4c571e18-69a3-4a6d-81de-e3e48052df18@group-644576B5741B, cid=3496, SUCCESS, logIndex=0, commits[4c571e18-69a3-4a6d-81de-e3e48052df18:c5264, 15893972-388e-43c0-9d6c-ca4c76ac06da:c5262, c86beb1c-9105-4588-b1e8-133030361c51:c5262]
2019-07-12 12:28:34,924 INFO  client.GrpcClientProtocolClient (GrpcClientProtocolClient.java:onNext(255)) - client-D83FC23EEBD8->4c571e18-69a3-4a6d-81de-e3e48052df18: receive RaftClientReply:client-D83FC23EEBD8->4c571e18-69a3-4a6d-81de-e3e48052df18@group-644576B5741B, cid=3497, SUCCESS, logIndex=5265, commits[4c571e18-69a3-4a6d-81de-e3e48052df18:c5266, 15893972-388e-43c0-9d6c-ca4c76ac06da:c5264, c86beb1c-9105-4588-b1e8-133030361c51:c5264]
2019-07-12 12:28:34,924 INFO  client.GrpcClientProtocolClient (GrpcClientProtocolClient.java:onNext(255)) - client-D83FC23EEBD8->4c571e18-69a3-4a6d-81de-e3e48052df18: receive RaftClientReply:client-D83FC23EEBD8->4c571e18-69a3-4a6d-81de-e3e48052df18@group-644576B5741B, cid=3498, SUCCESS, logIndex=5266, commits[4c571e18-69a3-4a6d-81de-e3e48052df18:c5268, 15893972-388e-43c0-9d6c-ca4c76ac06da:c5264, c86beb1c-9105-4588-b1e8-133030361c51:c5264]
2019-07-12 12:28:34,925 INFO  client.GrpcClientProtocolClient (GrpcClientProtocolClient.java:onNext(255)) - client-D83FC23EEBD8->4c571e18-69a3-4a6d-81de-e3e48052df18: receive RaftClientReply:client-D83FC23EEBD8->4c571e18-69a3-4a6d-81de-e3e48052df18@group-644576B5741B, cid=3499, SUCCESS, logIndex=5267, commits[4c571e18-69a3-4a6d-81de-e3e48052df18:c5268, 15893972-388e-43c0-9d6c-ca4c76ac06da:c5264, c86beb1c-9105-4588-b1e8-133030361c51:c5264]
2019-07-12 12:28:34,925 INFO  client.GrpcClientProtocolClient (GrpcClientProtocolClient.java:onNext(255)) - client-D83FC23EEBD8->4c571e18-69a3-4a6d-81de-e3e48052df18: receive RaftClientReply:client-D83FC23EEBD8->4c571e18-69a3-4a6d-81de-e3e48052df18@group-644576B5741B, cid=3500, SUCCESS, logIndex=5268, commits[4c571e18-69a3-4a6d-81de-e3e48052df18:c5268, 15893972-388e-43c0-9d6c-ca4c76ac06da:c5264, c86beb1c-9105-4588-b1e8-133030361c51:c5264]
2019-07-12 12:28:34,926 INFO  client.GrpcClientProtocolClient (GrpcClientProtocolClient.java:onNext(255)) - client-D83FC23EEBD8->4c571e18-69a3-4a6d-81de-e3e48052df18: receive RaftClientReply:client-D83FC23EEBD8->4c571e18-69a3-4a6d-81de-e3e48052df18@group-644576B5741B, cid=3501, SUCCESS, logIndex=0, commits[4c571e18-69a3-4a6d-81de-e3e48052df18:c5270, 15893972-388e-43c0-9d6c-ca4c76ac06da:c5266, c86beb1c-9105-4588-b1e8-133030361c51:c5266]
2019-07-12 12:28:34,943 INFO  client.GrpcClientProtocolClient (GrpcClientProtocolClient.java:onNext(255)) - client-D83FC23EEBD8->4c571e18-69a3-4a6d-81de-e3e48052df18: receive RaftClientReply:client-D83FC23EEBD8->4c571e18-69a3-4a6d-81de-e3e48052df18@group-644576B5741B, cid=3502, SUCCESS, logIndex=5273, commits[4c571e18-69a3-4a6d-81de-e3e48052df18:c5274, 15893972-388e-43c0-9d6c-ca4c76ac06da:c5272, c86beb1c-9105-4588-b1e8-133030361c51:c5272]
2019-07-12 12:28:34,943 INFO  client.GrpcClientProtocolClient (GrpcClientProtocolClient.java:onNext(255)) - client-D83FC23EEBD8->4c571e18-69a3-4a6d-81de-e3e48052df18: receive RaftClientReply:client-D83FC23EEBD8->4c571e18-69a3-4a6d-81de-e3e48052df18@group-644576B5741B, cid=3503, SUCCESS, logIndex=5274, commits[4c571e18-69a3-4a6d-81de-e3e48052df18:c5274, 15893972-388e-43c0-9d6c-ca4c76ac06da:c5272, c86beb1c-9105-4588-b1e8-133030361c51:c5272]
2019-07-12 12:28:34,958 INFO  client.GrpcClientProtocolClient (GrpcClientProtocolClient.java:onNext(255)) - client-D83FC23EEBD8->4c571e18-69a3-4a6d-81de-e3e48052df18: receive RaftClientReply:client-D83FC23EEBD8->4c571e18-69a3-4a6d-81de-e3e48052df18@group-644576B5741B, cid=3504, SUCCESS, logIndex=5277, commits[4c571e18-69a3-4a6d-81de-e3e48052df18:c5277, 15893972-388e-43c0-9d6c-ca4c76ac06da:c5274, c86beb1c-9105-4588-b1e8-133030361c51:c5274]
2019-07-12 12:28:34,958 INFO  client.GrpcClientProtocolClient (GrpcClientProtocolClient.java:onNext(255)) - client-D83FC23EEBD8->4c571e18-69a3-4a6d-81de-e3e48052df18: receive RaftClientReply:client-D83FC23EEBD8->4c571e18-69a3-4a6d-81de-e3e48052df18@group-644576B5741B, cid=3505, SUCCESS, logIndex=5278, commits[4c571e18-69a3-4a6d-81de-e3e48052df18:c5278, 15893972-388e-43c0-9d6c-ca4c76ac06da:c5274, c86beb1c-9105-4588-b1e8-133030361c51:c5274]
2019-07-12 12:28:34,985 INFO  client.GrpcClientProtocolClient (GrpcClientProtocolClient.java:onNext(255)) - client-D83FC23EEBD8->4c571e18-69a3-4a6d-81de-e3e48052df18: receive RaftClientReply:client-D83FC23EEBD8->4c571e18-69a3-4a6d-81de-e3e48052df18@group-644576B5741B, cid=3506, SUCCESS, logIndex=0, commits[4c571e18-69a3-4a6d-81de-e3e48052df18:c5279, 15893972-388e-43c0-9d6c-ca4c76ac06da:c5278, c86beb1c-9105-4588-b1e8-133030361c51:c5278]
2019-07-12 12:28:35,010 INFO  client.GrpcClientProtocolClient (GrpcClientProtocolClient.java:onNext(255)) - client-D83FC23EEBD8->4c571e18-69a3-4a6d-81de-e3e48052df18: receive RaftClientReply:client-D83FC23EEBD8->4c571e18-69a3-4a6d-81de-e3e48052df18@group-644576B5741B, cid=3507, SUCCESS, logIndex=5281, commits[4c571e18-69a3-4a6d-81de-e3e48052df18:c5284, 15893972-388e-43c0-9d6c-ca4c76ac06da:c5280, c86beb1c-9105-4588-b1e8-133030361c51:c5280]
2019-07-12 12:28:35,011 INFO  client.GrpcClientProtocolClient (GrpcClientProtocolClient.java:onNext(255)) - client-D83FC23EEBD8->4c571e18-69a3-4a6d-81de-e3e48052df18: receive RaftClientReply:client-D83FC23EEBD8->4c571e18-69a3-4a6d-81de-e3e48052df18@group-644576B5741B, cid=3508, SUCCESS, logIndex=5282, commits[4c571e18-69a3-4a6d-81de-e3e48052df18:c5284, 15893972-388e-43c0-9d6c-ca4c76ac06da:c5280, c86beb1c-9105-4588-b1e8-133030361c51:c5280]
2019-07-12 12:28:35,011 INFO  client.GrpcClientProtocolClient (GrpcClientProtocolClient.java:onNext(255)) - client-D83FC23EEBD8->4c571e18-69a3-4a6d-81de-e3e48052df18: receive RaftClientReply:client-D83FC23EEBD8->4c571e18-69a3-4a6d-81de-e3e48052df18@group-644576B5741B, cid=3509, SUCCESS, logIndex=5283, commits[4c571e18-69a3-4a6d-81de-e3e48052df18:c5284, 15893972-388e-43c0-9d6c-ca4c76ac06da:c5280, c86beb1c-9105-4588-b1e8-133030361c51:c5280]
2019-07-12 12:28:35,011 INFO  client.GrpcClientProtocolClient (GrpcClientProtocolClient.java:onNext(255)) - client-D83FC23EEBD8->4c571e18-69a3-4a6d-81de-e3e48052df18: receive RaftClientReply:client-D83FC23EEBD8->4c571e18-69a3-4a6d-81de-e3e48052df18@group-644576B5741B, cid=3510, SUCCESS, logIndex=5284, commits[4c571e18-69a3-4a6d-81de-e3e48052df18:c5285, 15893972-388e-43c0-9d6c-ca4c76ac06da:c5280, c86beb1c-9105-4588-b1e8-133030361c51:c5281]
2019-07-12 12:28:35,024 INFO  client.GrpcClientProtocolClient (GrpcClientProtocolClient.java:onNext(255)) - client-D83FC23EEBD8->4c571e18-69a3-4a6d-81de-e3e48052df18: receive RaftClientReply:client-D83FC23EEBD8->4c571e18-69a3-4a6d-81de-e3e48052df18@group-644576B5741B, cid=3511, SUCCESS, logIndex=0, commits[4c571e18-69a3-4a6d-81de-e3e48052df18:c5288, 15893972-388e-43c0-9d6c-ca4c76ac06da:c5283, c86beb1c-9105-4588-b1e8-133030361c51:c5284]
2019-07-12 12:28:35,041 INFO  client.GrpcClientProtocolClient (GrpcClientProtocolClient.java:onNext(255)) - client-D83FC23EEBD8->4c571e18-69a3-4a6d-81de-e3e48052df18: receive RaftClientReply:client-D83FC23EEBD8->4c571e18-69a3-4a6d-81de-e3e48052df18@group-644576B5741B, cid=3512, SUCCESS, logIndex=5289, commits[4c571e18-69a3-4a6d-81de-e3e48052df18:c5290, 15893972-388e-43c0-9d6c-ca4c76ac06da:c5288, c86beb1c-9105-4588-b1e8-133030361c51:c5288]
2019-07-12 12:28:35,041 INFO  client.GrpcClientProtocolClient (GrpcClientProtocolClient.java:onNext(255)) - client-D83FC23EEBD8->4c571e18-69a3-4a6d-81de-e3e48052df18: receive RaftClientReply:client-D83FC23EEBD8->4c571e18-69a3-4a6d-81de-e3e48052df18@group-644576B5741B, cid=3513, SUCCESS, logIndex=5290, commits[4c571e18-69a3-4a6d-81de-e3e48052df18:c5290, 15893972-388e-43c0-9d6c-ca4c76ac06da:c5288, c86beb1c-9105-4588-b1e8-133030361c51:c5288]
2019-07-12 12:28:35,056 INFO  client.GrpcClientProtocolClient (GrpcClientProtocolClient.java:onNext(255)) - client-D83FC23EEBD8->4c571e18-69a3-4a6d-81de-e3e48052df18: receive RaftClientReply:client-D83FC23EEBD8->4c571e18-69a3-4a6d-81de-e3e48052df18@group-644576B5741B, cid=3514, SUCCESS, logIndex=5293, commits[4c571e18-69a3-4a6d-81de-e3e48052df18:c5294, 15893972-388e-43c0-9d6c-ca4c76ac06da:c5290, c86beb1c-9105-4588-b1e8-133030361c51:c5290]
2019-07-12 12:28:35,057 INFO  client.GrpcClientProtocolClient (GrpcClientProtocolClient.java:onNext(255)) - client-D83FC23EEBD8->4c571e18-69a3-4a6d-81de-e3e48052df18: receive RaftClientReply:client-D83FC23EEBD8->4c571e18-69a3-4a6d-81de-e3e48052df18@group-644576B5741B, cid=3515, SUCCESS, logIndex=5294, commits[4c571e18-69a3-4a6d-81de-e3e48052df18:c5294, 15893972-388e-43c0-9d6c-ca4c76ac06da:c5290, c86beb1c-9105-4588-b1e8-133030361c51:c5290]
2019-07-12 12:28:35,071 INFO  client.GrpcClientProtocolClient (GrpcClientProtocolClient.java:onNext(255)) - client-D83FC23EEBD8->4c571e18-69a3-4a6d-81de-e3e48052df18: receive RaftClientReply:client-D83FC23EEBD8->4c571e18-69a3-4a6d-81de-e3e48052df18@group-644576B5741B, cid=3516, SUCCESS, logIndex=0, commits[4c571e18-69a3-4a6d-81de-e3e48052df18:c5296, 15893972-388e-43c0-9d6c-ca4c76ac06da:c5294, c86beb1c-9105-4588-b1e8-133030361c51:c5294]
2019-07-12 12:28:35,098 INFO  client.GrpcClientProtocolClient (GrpcClientProtocolClient.java:onNext(255)) - client-D83FC23EEBD8->4c571e18-69a3-4a6d-81de-e3e48052df18: receive RaftClientReply:client-D83FC23EEBD8->4c571e18-69a3-4a6d-81de-e3e48052df18@group-644576B5741B, cid=3517, SUCCESS, logIndex=5297, commits[4c571e18-69a3-4a6d-81de-e3e48052df18:c5298, 15893972-388e-43c0-9d6c-ca4c76ac06da:c5296, c86beb1c-9105-4588-b1e8-133030361c51:c5296]
2019-07-12 12:28:35,099 INFO  client.GrpcClientProtocolClient (GrpcClientProtocolClient.java:onNext(255)) - client-D83FC23EEBD8->4c571e18-69a3-4a6d-81de-e3e48052df18: receive RaftClientReply:client-D83FC23EEBD8->4c571e18-69a3-4a6d-81de-e3e48052df18@group-644576B5741B, cid=3518, SUCCESS, logIndex=5298, commits[4c571e18-69a3-4a6d-81de-e3e48052df18:c5298, 15893972-388e-43c0-9d6c-ca4c76ac06da:c5296, c86beb1c-9105-4588-b1e8-133030361c51:c5296]
2019-07-12 12:28:35,100 INFO  client.GrpcClientProtocolClient (GrpcClientProtocolClient.java:onNext(255)) - client-D83FC23EEBD8->4c571e18-69a3-4a6d-81de-e3e48052df18: receive RaftClientReply:client-D83FC23EEBD8->4c571e18-69a3-4a6d-81de-e3e48052df18@group-644576B5741B, cid=3519, SUCCESS, logIndex=5299, commits[4c571e18-69a3-4a6d-81de-e3e48052df18:c5299, 15893972-388e-43c0-9d6c-ca4c76ac06da:c5296, c86beb1c-9105-4588-b1e8-133030361c51:c5296]
2019-07-12 12:28:35,100 INFO  client.GrpcClientProtocolClient (GrpcClientProtocolClient.java:onNext(255)) - client-D83FC23EEBD8->4c571e18-69a3-4a6d-81de-e3e48052df18: receive RaftClientReply:client-D83FC23EEBD8->4c571e18-69a3-4a6d-81de-e3e48052df18@group-644576B5741B, cid=3520, SUCCESS, logIndex=5300, commits[4c571e18-69a3-4a6d-81de-e3e48052df18:c5300, 15893972-388e-43c0-9d6c-ca4c76ac06da:c5296, c86beb1c-9105-4588-b1e8-133030361c51:c5296]
2019-07-12 12:28:35,103 INFO  client.GrpcClientProtocolClient (GrpcClientProtocolClient.java:onNext(255)) - client-D83FC23EEBD8->4c571e18-69a3-4a6d-81de-e3e48052df18: receive RaftClientReply:client-D83FC23EEBD8->4c571e18-69a3-4a6d-81de-e3e48052df18@group-644576B5741B, cid=3521, SUCCESS, logIndex=0, commits[4c571e18-69a3-4a6d-81de-e3e48052df18:c5302, 15893972-388e-43c0-9d6c-ca4c76ac06da:c5298, c86beb1c-9105-4588-b1e8-133030361c51:c5298]
2019-07-12 12:28:35,117 INFO  client.GrpcClientProtocolClient (GrpcClientProtocolClient.java:onNext(255)) - client-D83FC23EEBD8->4c571e18-69a3-4a6d-81de-e3e48052df18: receive RaftClientReply:client-D83FC23EEBD8->4c571e18-69a3-4a6d-81de-e3e48052df18@group-644576B5741B, cid=3522, SUCCESS, logIndex=5305, commits[4c571e18-69a3-4a6d-81de-e3e48052df18:c5306, 15893972-388e-43c0-9d6c-ca4c76ac06da:c5302, c86beb1c-9105-4588-b1e8-133030361c51:c5300]
2019-07-12 12:28:35,117 INFO  client.GrpcClientProtocolClient (GrpcClientProtocolClient.java:onNext(255)) - client-D83FC23EEBD8->4c571e18-69a3-4a6d-81de-e3e48052df18: receive RaftClientReply:client-D83FC23EEBD8->4c571e18-69a3-4a6d-81de-e3e48052df18@group-644576B5741B, cid=3523, SUCCESS, logIndex=5306, commits[4c571e18-69a3-4a6d-81de-e3e48052df18:c5306, 15893972-388e-43c0-9d6c-ca4c76ac06da:c5302, c86beb1c-9105-4588-b1e8-133030361c51:c5302]
2019-07-12 12:28:35,122 INFO  segmented.SegmentedRaftLogWorker (SegmentedRaftLogWorker.java:rollLogSegment(385)) - 4c571e18-69a3-4a6d-81de-e3e48052df18-SegmentedRaftLogWorker:Storage Directory /tmp/workdir/hadoop-ozone/tools/target/test-dir/MiniOzoneClusterImpl-b5601c6d-f673-403a-a30e-90d475657c0a/datanode-1/data/ratis/bbd4d69e-14fa-4d6c-84e6-644576b5741b: Rolling segment log-0_5308 to index:5308
2019-07-12 12:28:35,123 INFO  segmented.SegmentedRaftLogWorker (SegmentedRaftLogWorker.java:rollLogSegment(385)) - 15893972-388e-43c0-9d6c-ca4c76ac06da-SegmentedRaftLogWorker:Storage Directory /tmp/workdir/hadoop-ozone/tools/target/test-dir/MiniOzoneClusterImpl-b5601c6d-f673-403a-a30e-90d475657c0a/datanode-2/data/ratis/bbd4d69e-14fa-4d6c-84e6-644576b5741b: Rolling segment log-0_5308 to index:5308
2019-07-12 12:28:35,123 INFO  segmented.SegmentedRaftLogWorker (SegmentedRaftLogWorker.java:rollLogSegment(385)) - c86beb1c-9105-4588-b1e8-133030361c51-SegmentedRaftLogWorker:Storage Directory /tmp/workdir/hadoop-ozone/tools/target/test-dir/MiniOzoneClusterImpl-b5601c6d-f673-403a-a30e-90d475657c0a/datanode-4/data/ratis/bbd4d69e-14fa-4d6c-84e6-644576b5741b: Rolling segment log-0_5308 to index:5308
2019-07-12 12:28:35,131 INFO  segmented.SegmentedRaftLogWorker (SegmentedRaftLogWorker.java:execute(526)) - 4c571e18-69a3-4a6d-81de-e3e48052df18-SegmentedRaftLogWorker:Storage Directory /tmp/workdir/hadoop-ozone/tools/target/test-dir/MiniOzoneClusterImpl-b5601c6d-f673-403a-a30e-90d475657c0a/datanode-1/data/ratis/bbd4d69e-14fa-4d6c-84e6-644576b5741b: Rolled log segment from /tmp/workdir/hadoop-ozone/tools/target/test-dir/MiniOzoneClusterImpl-b5601c6d-f673-403a-a30e-90d475657c0a/datanode-1/data/ratis/bbd4d69e-14fa-4d6c-84e6-644576b5741b/current/log_inprogress_0 to /tmp/workdir/hadoop-ozone/tools/target/test-dir/MiniOzoneClusterImpl-b5601c6d-f673-403a-a30e-90d475657c0a/datanode-1/data/ratis/bbd4d69e-14fa-4d6c-84e6-644576b5741b/current/log_0-5308
2019-07-12 12:28:35,141 INFO  segmented.SegmentedRaftLogWorker (SegmentedRaftLogWorker.java:execute(526)) - 15893972-388e-43c0-9d6c-ca4c76ac06da-SegmentedRaftLogWorker:Storage Directory /tmp/workdir/hadoop-ozone/tools/target/test-dir/MiniOzoneClusterImpl-b5601c6d-f673-403a-a30e-90d475657c0a/datanode-2/data/ratis/bbd4d69e-14fa-4d6c-84e6-644576b5741b: Rolled log segment from /tmp/workdir/hadoop-ozone/tools/target/test-dir/MiniOzoneClusterImpl-b5601c6d-f673-403a-a30e-90d475657c0a/datanode-2/data/ratis/bbd4d69e-14fa-4d6c-84e6-644576b5741b/current/log_inprogress_0 to /tmp/workdir/hadoop-ozone/tools/target/test-dir/MiniOzoneClusterImpl-b5601c6d-f673-403a-a30e-90d475657c0a/datanode-2/data/ratis/bbd4d69e-14fa-4d6c-84e6-644576b5741b/current/log_0-5308
2019-07-12 12:28:35,141 INFO  segmented.SegmentedRaftLogWorker (SegmentedRaftLogWorker.java:execute(526)) - c86beb1c-9105-4588-b1e8-133030361c51-SegmentedRaftLogWorker:Storage Directory /tmp/workdir/hadoop-ozone/tools/target/test-dir/MiniOzoneClusterImpl-b5601c6d-f673-403a-a30e-90d475657c0a/datanode-4/data/ratis/bbd4d69e-14fa-4d6c-84e6-644576b5741b: Rolled log segment from /tmp/workdir/hadoop-ozone/tools/target/test-dir/MiniOzoneClusterImpl-b5601c6d-f673-403a-a30e-90d475657c0a/datanode-4/data/ratis/bbd4d69e-14fa-4d6c-84e6-644576b5741b/current/log_inprogress_0 to /tmp/workdir/hadoop-ozone/tools/target/test-dir/MiniOzoneClusterImpl-b5601c6d-f673-403a-a30e-90d475657c0a/datanode-4/data/ratis/bbd4d69e-14fa-4d6c-84e6-644576b5741b/current/log_0-5308
2019-07-12 12:28:35,151 INFO  client.GrpcClientProtocolClient (GrpcClientProtocolClient.java:onNext(255)) - client-D83FC23EEBD8->4c571e18-69a3-4a6d-81de-e3e48052df18: receive RaftClientReply:client-D83FC23EEBD8->4c571e18-69a3-4a6d-81de-e3e48052df18@group-644576B5741B, cid=3524, SUCCESS, logIndex=5308, commits[4c571e18-69a3-4a6d-81de-e3e48052df18:c5308, 15893972-388e-43c0-9d6c-ca4c76ac06da:c5306, c86beb1c-9105-4588-b1e8-133030361c51:c5306]
2019-07-12 12:28:35,161 INFO  segmented.SegmentedRaftLogWorker (SegmentedRaftLogWorker.java:execute(569)) - 4c571e18-69a3-4a6d-81de-e3e48052df18-SegmentedRaftLogWorker:Storage Directory /tmp/workdir/hadoop-ozone/tools/target/test-dir/MiniOzoneClusterImpl-b5601c6d-f673-403a-a30e-90d475657c0a/datanode-1/data/ratis/bbd4d69e-14fa-4d6c-84e6-644576b5741b: created new log segment /tmp/workdir/hadoop-ozone/tools/target/test-dir/MiniOzoneClusterImpl-b5601c6d-f673-403a-a30e-90d475657c0a/datanode-1/data/ratis/bbd4d69e-14fa-4d6c-84e6-644576b5741b/current/log_inprogress_5309
2019-07-12 12:28:35,174 INFO  segmented.SegmentedRaftLogWorker (SegmentedRaftLogWorker.java:execute(569)) - c86beb1c-9105-4588-b1e8-133030361c51-SegmentedRaftLogWorker:Storage Directory /tmp/workdir/hadoop-ozone/tools/target/test-dir/MiniOzoneClusterImpl-b5601c6d-f673-403a-a30e-90d475657c0a/datanode-4/data/ratis/bbd4d69e-14fa-4d6c-84e6-644576b5741b: created new log segment /tmp/workdir/hadoop-ozone/tools/target/test-dir/MiniOzoneClusterImpl-b5601c6d-f673-403a-a30e-90d475657c0a/datanode-4/data/ratis/bbd4d69e-14fa-4d6c-84e6-644576b5741b/current/log_inprogress_5309
2019-07-12 12:28:35,174 INFO  segmented.SegmentedRaftLogWorker (SegmentedRaftLogWorker.java:execute(569)) - 15893972-388e-43c0-9d6c-ca4c76ac06da-SegmentedRaftLogWorker:Storage Directory /tmp/workdir/hadoop-ozone/tools/target/test-dir/MiniOzoneClusterImpl-b5601c6d-f673-403a-a30e-90d475657c0a/datanode-2/data/ratis/bbd4d69e-14fa-4d6c-84e6-644576b5741b: created new log segment /tmp/workdir/hadoop-ozone/tools/target/test-dir/MiniOzoneClusterImpl-b5601c6d-f673-403a-a30e-90d475657c0a/datanode-2/data/ratis/bbd4d69e-14fa-4d6c-84e6-644576b5741b/current/log_inprogress_5309
2019-07-12 12:28:35,176 INFO  client.GrpcClientProtocolClient (GrpcClientProtocolClient.java:onNext(255)) - client-D83FC23EEBD8->4c571e18-69a3-4a6d-81de-e3e48052df18: receive RaftClientReply:client-D83FC23EEBD8->4c571e18-69a3-4a6d-81de-e3e48052df18@group-644576B5741B, cid=3525, SUCCESS, logIndex=5309, commits[4c571e18-69a3-4a6d-81de-e3e48052df18:c5310, 15893972-388e-43c0-9d6c-ca4c76ac06da:c5306, c86beb1c-9105-4588-b1e8-133030361c51:c5308]
 0.00% |█                                                                                                    |  0/1 Time: 0:00:27 0.00% |█                                                                                                    |  0/1 Time: 0:00:28 0.00% |█                                                                                                    |  0/1 Time: 0:00:292019-07-12 12:28:37,688 INFO  client.GrpcClientProtocolClient (GrpcClientProtocolClient.java:onNext(255)) - client-D83FC23EEBD8->4c571e18-69a3-4a6d-81de-e3e48052df18: receive RaftClientReply:client-D83FC23EEBD8->4c571e18-69a3-4a6d-81de-e3e48052df18@group-644576B5741B, cid=3526, SUCCESS, logIndex=0, commits[4c571e18-69a3-4a6d-81de-e3e48052df18:c5310, 15893972-388e-43c0-9d6c-ca4c76ac06da:c5310, c86beb1c-9105-4588-b1e8-133030361c51:c5310]
2019-07-12 12:28:37,715 INFO  client.GrpcClientProtocolClient (GrpcClientProtocolClient.java:onNext(255)) - client-D83FC23EEBD8->4c571e18-69a3-4a6d-81de-e3e48052df18: receive RaftClientReply:client-D83FC23EEBD8->4c571e18-69a3-4a6d-81de-e3e48052df18@group-644576B5741B, cid=3527, SUCCESS, logIndex=5311, commits[4c571e18-69a3-4a6d-81de-e3e48052df18:c5312, 15893972-388e-43c0-9d6c-ca4c76ac06da:c5310, c86beb1c-9105-4588-b1e8-133030361c51:c5310]
2019-07-12 12:28:37,718 INFO  client.GrpcClientProtocolClient (GrpcClientProtocolClient.java:onNext(255)) - client-D83FC23EEBD8->4c571e18-69a3-4a6d-81de-e3e48052df18: receive RaftClientReply:client-D83FC23EEBD8->4c571e18-69a3-4a6d-81de-e3e48052df18@group-644576B5741B, cid=3528, SUCCESS, logIndex=5312, commits[4c571e18-69a3-4a6d-81de-e3e48052df18:c5312, 15893972-388e-43c0-9d6c-ca4c76ac06da:c5310, c86beb1c-9105-4588-b1e8-133030361c51:c5310]
2019-07-12 12:28:37,718 INFO  client.GrpcClientProtocolClient (GrpcClientProtocolClient.java:onNext(255)) - client-D83FC23EEBD8->4c571e18-69a3-4a6d-81de-e3e48052df18: receive RaftClientReply:client-D83FC23EEBD8->4c571e18-69a3-4a6d-81de-e3e48052df18@group-644576B5741B, cid=3529, SUCCESS, logIndex=5313, commits[4c571e18-69a3-4a6d-81de-e3e48052df18:c5314, 15893972-388e-43c0-9d6c-ca4c76ac06da:c5310, c86beb1c-9105-4588-b1e8-133030361c51:c5310]
2019-07-12 12:28:37,719 INFO  client.GrpcClientProtocolClient (GrpcClientProtocolClient.java:onNext(255)) - client-D83FC23EEBD8->4c571e18-69a3-4a6d-81de-e3e48052df18: receive RaftClientReply:client-D83FC23EEBD8->4c571e18-69a3-4a6d-81de-e3e48052df18@group-644576B5741B, cid=3530, SUCCESS, logIndex=5314, commits[4c571e18-69a3-4a6d-81de-e3e48052df18:c5314, 15893972-388e-43c0-9d6c-ca4c76ac06da:c5310, c86beb1c-9105-4588-b1e8-133030361c51:c5310]
2019-07-12 12:28:37,729 INFO  client.GrpcClientProtocolClient (GrpcClientProtocolClient.java:onNext(255)) - client-D83FC23EEBD8->4c571e18-69a3-4a6d-81de-e3e48052df18: receive RaftClientReply:client-D83FC23EEBD8->4c571e18-69a3-4a6d-81de-e3e48052df18@group-644576B5741B, cid=3531, SUCCESS, logIndex=0, commits[4c571e18-69a3-4a6d-81de-e3e48052df18:c5316, 15893972-388e-43c0-9d6c-ca4c76ac06da:c5312, c86beb1c-9105-4588-b1e8-133030361c51:c5312]
2019-07-12 12:28:37,748 INFO  client.GrpcClientProtocolClient (GrpcClientProtocolClient.java:onNext(255)) - client-D83FC23EEBD8->4c571e18-69a3-4a6d-81de-e3e48052df18: receive RaftClientReply:client-D83FC23EEBD8->4c571e18-69a3-4a6d-81de-e3e48052df18@group-644576B5741B, cid=3532, SUCCESS, logIndex=5319, commits[4c571e18-69a3-4a6d-81de-e3e48052df18:c5320, 15893972-388e-43c0-9d6c-ca4c76ac06da:c5318, c86beb1c-9105-4588-b1e8-133030361c51:c5318]
2019-07-12 12:28:37,749 INFO  client.GrpcClientProtocolClient (GrpcClientProtocolClient.java:onNext(255)) - client-D83FC23EEBD8->4c571e18-69a3-4a6d-81de-e3e48052df18: receive RaftClientReply:client-D83FC23EEBD8->4c571e18-69a3-4a6d-81de-e3e48052df18@group-644576B5741B, cid=3533, SUCCESS, logIndex=5320, commits[4c571e18-69a3-4a6d-81de-e3e48052df18:c5320, 15893972-388e-43c0-9d6c-ca4c76ac06da:c5318, c86beb1c-9105-4588-b1e8-133030361c51:c5318]
2019-07-12 12:28:37,762 INFO  client.GrpcClientProtocolClient (GrpcClientProtocolClient.java:onNext(255)) - client-D83FC23EEBD8->4c571e18-69a3-4a6d-81de-e3e48052df18: receive RaftClientReply:client-D83FC23EEBD8->4c571e18-69a3-4a6d-81de-e3e48052df18@group-644576B5741B, cid=3534, SUCCESS, logIndex=5323, commits[4c571e18-69a3-4a6d-81de-e3e48052df18:c5324, 15893972-388e-43c0-9d6c-ca4c76ac06da:c5320, c86beb1c-9105-4588-b1e8-133030361c51:c5320]
2019-07-12 12:28:37,763 INFO  client.GrpcClientProtocolClient (GrpcClientProtocolClient.java:onNext(255)) - client-D83FC23EEBD8->4c571e18-69a3-4a6d-81de-e3e48052df18: receive RaftClientReply:client-D83FC23EEBD8->4c571e18-69a3-4a6d-81de-e3e48052df18@group-644576B5741B, cid=3535, SUCCESS, logIndex=5324, commits[4c571e18-69a3-4a6d-81de-e3e48052df18:c5324, 15893972-388e-43c0-9d6c-ca4c76ac06da:c5320, c86beb1c-9105-4588-b1e8-133030361c51:c5320]
2019-07-12 12:28:37,777 INFO  client.GrpcClientProtocolClient (GrpcClientProtocolClient.java:onNext(255)) - client-D83FC23EEBD8->4c571e18-69a3-4a6d-81de-e3e48052df18: receive RaftClientReply:client-D83FC23EEBD8->4c571e18-69a3-4a6d-81de-e3e48052df18@group-644576B5741B, cid=3536, SUCCESS, logIndex=0, commits[4c571e18-69a3-4a6d-81de-e3e48052df18:c5326, 15893972-388e-43c0-9d6c-ca4c76ac06da:c5324, c86beb1c-9105-4588-b1e8-133030361c51:c5324]
2019-07-12 12:28:37,806 INFO  client.GrpcClientProtocolClient (GrpcClientProtocolClient.java:onNext(255)) - client-D83FC23EEBD8->4c571e18-69a3-4a6d-81de-e3e48052df18: receive RaftClientReply:client-D83FC23EEBD8->4c571e18-69a3-4a6d-81de-e3e48052df18@group-644576B5741B, cid=3537, SUCCESS, logIndex=5327, commits[4c571e18-69a3-4a6d-81de-e3e48052df18:c5328, 15893972-388e-43c0-9d6c-ca4c76ac06da:c5326, c86beb1c-9105-4588-b1e8-133030361c51:c5326]
2019-07-12 12:28:37,807 INFO  client.GrpcClientProtocolClient (GrpcClientProtocolClient.java:onNext(255)) - client-D83FC23EEBD8->4c571e18-69a3-4a6d-81de-e3e48052df18: receive RaftClientReply:client-D83FC23EEBD8->4c571e18-69a3-4a6d-81de-e3e48052df18@group-644576B5741B, cid=3538, SUCCESS, logIndex=5328, commits[4c571e18-69a3-4a6d-81de-e3e48052df18:c5328, 15893972-388e-43c0-9d6c-ca4c76ac06da:c5326, c86beb1c-9105-4588-b1e8-133030361c51:c5326]
2019-07-12 12:28:37,807 INFO  client.GrpcClientProtocolClient (GrpcClientProtocolClient.java:onNext(255)) - client-D83FC23EEBD8->4c571e18-69a3-4a6d-81de-e3e48052df18: receive RaftClientReply:client-D83FC23EEBD8->4c571e18-69a3-4a6d-81de-e3e48052df18@group-644576B5741B, cid=3539, SUCCESS, logIndex=5329, commits[4c571e18-69a3-4a6d-81de-e3e48052df18:c5330, 15893972-388e-43c0-9d6c-ca4c76ac06da:c5326, c86beb1c-9105-4588-b1e8-133030361c51:c5326]
2019-07-12 12:28:37,807 INFO  client.GrpcClientProtocolClient (GrpcClientProtocolClient.java:onNext(255)) - client-D83FC23EEBD8->4c571e18-69a3-4a6d-81de-e3e48052df18: receive RaftClientReply:client-D83FC23EEBD8->4c571e18-69a3-4a6d-81de-e3e48052df18@group-644576B5741B, cid=3540, SUCCESS, logIndex=5330, commits[4c571e18-69a3-4a6d-81de-e3e48052df18:c5330, 15893972-388e-43c0-9d6c-ca4c76ac06da:c5326, c86beb1c-9105-4588-b1e8-133030361c51:c5326]
2019-07-12 12:28:37,821 INFO  client.GrpcClientProtocolClient (GrpcClientProtocolClient.java:onNext(255)) - client-D83FC23EEBD8->4c571e18-69a3-4a6d-81de-e3e48052df18: receive RaftClientReply:client-D83FC23EEBD8->4c571e18-69a3-4a6d-81de-e3e48052df18@group-644576B5741B, cid=3541, SUCCESS, logIndex=0, commits[4c571e18-69a3-4a6d-81de-e3e48052df18:c5332, 15893972-388e-43c0-9d6c-ca4c76ac06da:c5328, c86beb1c-9105-4588-b1e8-133030361c51:c5328]
2019-07-12 12:28:37,839 INFO  client.GrpcClientProtocolClient (GrpcClientProtocolClient.java:onNext(255)) - client-D83FC23EEBD8->4c571e18-69a3-4a6d-81de-e3e48052df18: receive RaftClientReply:client-D83FC23EEBD8->4c571e18-69a3-4a6d-81de-e3e48052df18@group-644576B5741B, cid=3542, SUCCESS, logIndex=5335, commits[4c571e18-69a3-4a6d-81de-e3e48052df18:c5336, 15893972-388e-43c0-9d6c-ca4c76ac06da:c5334, c86beb1c-9105-4588-b1e8-133030361c51:c5334]
2019-07-12 12:28:37,840 INFO  client.GrpcClientProtocolClient (GrpcClientProtocolClient.java:onNext(255)) - client-D83FC23EEBD8->4c571e18-69a3-4a6d-81de-e3e48052df18: receive RaftClientReply:client-D83FC23EEBD8->4c571e18-69a3-4a6d-81de-e3e48052df18@group-644576B5741B, cid=3543, SUCCESS, logIndex=5336, commits[4c571e18-69a3-4a6d-81de-e3e48052df18:c5336, 15893972-388e-43c0-9d6c-ca4c76ac06da:c5334, c86beb1c-9105-4588-b1e8-133030361c51:c5334]
2019-07-12 12:28:37,854 INFO  client.GrpcClientProtocolClient (GrpcClientProtocolClient.java:onNext(255)) - client-D83FC23EEBD8->4c571e18-69a3-4a6d-81de-e3e48052df18: receive RaftClientReply:client-D83FC23EEBD8->4c571e18-69a3-4a6d-81de-e3e48052df18@group-644576B5741B, cid=3544, SUCCESS, logIndex=5339, commits[4c571e18-69a3-4a6d-81de-e3e48052df18:c5340, 15893972-388e-43c0-9d6c-ca4c76ac06da:c5336, c86beb1c-9105-4588-b1e8-133030361c51:c5336]
2019-07-12 12:28:37,854 INFO  client.GrpcClientProtocolClient (GrpcClientProtocolClient.java:onNext(255)) - client-D83FC23EEBD8->4c571e18-69a3-4a6d-81de-e3e48052df18: receive RaftClientReply:client-D83FC23EEBD8->4c571e18-69a3-4a6d-81de-e3e48052df18@group-644576B5741B, cid=3545, SUCCESS, logIndex=5340, commits[4c571e18-69a3-4a6d-81de-e3e48052df18:c5340, 15893972-388e-43c0-9d6c-ca4c76ac06da:c5336, c86beb1c-9105-4588-b1e8-133030361c51:c5336]
2019-07-12 12:28:37,868 INFO  client.GrpcClientProtocolClient (GrpcClientProtocolClient.java:onNext(255)) - client-D83FC23EEBD8->4c571e18-69a3-4a6d-81de-e3e48052df18: receive RaftClientReply:client-D83FC23EEBD8->4c571e18-69a3-4a6d-81de-e3e48052df18@group-644576B5741B, cid=3546, SUCCESS, logIndex=0, commits[4c571e18-69a3-4a6d-81de-e3e48052df18:c5342, 15893972-388e-43c0-9d6c-ca4c76ac06da:c5340, c86beb1c-9105-4588-b1e8-133030361c51:c5340]
2019-07-12 12:28:37,968 INFO  client.GrpcClientProtocolClient (GrpcClientProtocolClient.java:onNext(255)) - client-D83FC23EEBD8->4c571e18-69a3-4a6d-81de-e3e48052df18: receive RaftClientReply:client-D83FC23EEBD8->4c571e18-69a3-4a6d-81de-e3e48052df18@group-644576B5741B, cid=3547, SUCCESS, logIndex=5343, commits[4c571e18-69a3-4a6d-81de-e3e48052df18:c5344, 15893972-388e-43c0-9d6c-ca4c76ac06da:c5342, c86beb1c-9105-4588-b1e8-133030361c51:c5342]
2019-07-12 12:28:37,969 INFO  client.GrpcClientProtocolClient (GrpcClientProtocolClient.java:onNext(255)) - client-D83FC23EEBD8->4c571e18-69a3-4a6d-81de-e3e48052df18: receive RaftClientReply:client-D83FC23EEBD8->4c571e18-69a3-4a6d-81de-e3e48052df18@group-644576B5741B, cid=3548, SUCCESS, logIndex=5344, commits[4c571e18-69a3-4a6d-81de-e3e48052df18:c5346, 15893972-388e-43c0-9d6c-ca4c76ac06da:c5342, c86beb1c-9105-4588-b1e8-133030361c51:c5342]
2019-07-12 12:28:37,969 INFO  client.GrpcClientProtocolClient (GrpcClientProtocolClient.java:onNext(255)) - client-D83FC23EEBD8->4c571e18-69a3-4a6d-81de-e3e48052df18: receive RaftClientReply:client-D83FC23EEBD8->4c571e18-69a3-4a6d-81de-e3e48052df18@group-644576B5741B, cid=3549, SUCCESS, logIndex=5345, commits[4c571e18-69a3-4a6d-81de-e3e48052df18:c5346, 15893972-388e-43c0-9d6c-ca4c76ac06da:c5342, c86beb1c-9105-4588-b1e8-133030361c51:c5342]
2019-07-12 12:28:37,969 INFO  client.GrpcClientProtocolClient (GrpcClientProtocolClient.java:onNext(255)) - client-D83FC23EEBD8->4c571e18-69a3-4a6d-81de-e3e48052df18: receive RaftClientReply:client-D83FC23EEBD8->4c571e18-69a3-4a6d-81de-e3e48052df18@group-644576B5741B, cid=3550, SUCCESS, logIndex=5346, commits[4c571e18-69a3-4a6d-81de-e3e48052df18:c5346, 15893972-388e-43c0-9d6c-ca4c76ac06da:c5342, c86beb1c-9105-4588-b1e8-133030361c51:c5342]
2019-07-12 12:28:37,970 INFO  client.GrpcClientProtocolClient (GrpcClientProtocolClient.java:onNext(255)) - client-D83FC23EEBD8->4c571e18-69a3-4a6d-81de-e3e48052df18: receive RaftClientReply:client-D83FC23EEBD8->4c571e18-69a3-4a6d-81de-e3e48052df18@group-644576B5741B, cid=3551, SUCCESS, logIndex=0, commits[4c571e18-69a3-4a6d-81de-e3e48052df18:c5348, 15893972-388e-43c0-9d6c-ca4c76ac06da:c5344, c86beb1c-9105-4588-b1e8-133030361c51:c5344]
2019-07-12 12:28:37,988 INFO  client.GrpcClientProtocolClient (GrpcClientProtocolClient.java:onNext(255)) - client-D83FC23EEBD8->4c571e18-69a3-4a6d-81de-e3e48052df18: receive RaftClientReply:client-D83FC23EEBD8->4c571e18-69a3-4a6d-81de-e3e48052df18@group-644576B5741B, cid=3552, SUCCESS, logIndex=5350, commits[4c571e18-69a3-4a6d-81de-e3e48052df18:c5351, 15893972-388e-43c0-9d6c-ca4c76ac06da:c5349, c86beb1c-9105-4588-b1e8-133030361c51:c5349]
2019-07-12 12:28:37,989 INFO  client.GrpcClientProtocolClient (GrpcClientProtocolClient.java:onNext(255)) - client-D83FC23EEBD8->4c571e18-69a3-4a6d-81de-e3e48052df18: receive RaftClientReply:client-D83FC23EEBD8->4c571e18-69a3-4a6d-81de-e3e48052df18@group-644576B5741B, cid=3553, SUCCESS, logIndex=5351, commits[4c571e18-69a3-4a6d-81de-e3e48052df18:c5351, 15893972-388e-43c0-9d6c-ca4c76ac06da:c5349, c86beb1c-9105-4588-b1e8-133030361c51:c5349]
2019-07-12 12:28:38,003 INFO  client.GrpcClientProtocolClient (GrpcClientProtocolClient.java:onNext(255)) - client-D83FC23EEBD8->4c571e18-69a3-4a6d-81de-e3e48052df18: receive RaftClientReply:client-D83FC23EEBD8->4c571e18-69a3-4a6d-81de-e3e48052df18@group-644576B5741B, cid=3554, SUCCESS, logIndex=5354, commits[4c571e18-69a3-4a6d-81de-e3e48052df18:c5355, 15893972-388e-43c0-9d6c-ca4c76ac06da:c5351, c86beb1c-9105-4588-b1e8-133030361c51:c5351]
2019-07-12 12:28:38,004 INFO  client.GrpcClientProtocolClient (GrpcClientProtocolClient.java:onNext(255)) - client-D83FC23EEBD8->4c571e18-69a3-4a6d-81de-e3e48052df18: receive RaftClientReply:client-D83FC23EEBD8->4c571e18-69a3-4a6d-81de-e3e48052df18@group-644576B5741B, cid=3555, SUCCESS, logIndex=5355, commits[4c571e18-69a3-4a6d-81de-e3e48052df18:c5355, 15893972-388e-43c0-9d6c-ca4c76ac06da:c5351, c86beb1c-9105-4588-b1e8-133030361c51:c5351]
2019-07-12 12:28:38,017 INFO  client.GrpcClientProtocolClient (GrpcClientProtocolClient.java:onNext(255)) - client-D83FC23EEBD8->4c571e18-69a3-4a6d-81de-e3e48052df18: receive RaftClientReply:client-D83FC23EEBD8->4c571e18-69a3-4a6d-81de-e3e48052df18@group-644576B5741B, cid=3556, SUCCESS, logIndex=0, commits[4c571e18-69a3-4a6d-81de-e3e48052df18:c5356, 15893972-388e-43c0-9d6c-ca4c76ac06da:c5355, c86beb1c-9105-4588-b1e8-133030361c51:c5355]
2019-07-12 12:28:38,045 INFO  client.GrpcClientProtocolClient (GrpcClientProtocolClient.java:onNext(255)) - client-D83FC23EEBD8->4c571e18-69a3-4a6d-81de-e3e48052df18: receive RaftClientReply:client-D83FC23EEBD8->4c571e18-69a3-4a6d-81de-e3e48052df18@group-644576B5741B, cid=3557, SUCCESS, logIndex=5358, commits[4c571e18-69a3-4a6d-81de-e3e48052df18:c5359, 15893972-388e-43c0-9d6c-ca4c76ac06da:c5357, c86beb1c-9105-4588-b1e8-133030361c51:c5357]
2019-07-12 12:28:38,045 INFO  client.GrpcClientProtocolClient (GrpcClientProtocolClient.java:onNext(255)) - client-D83FC23EEBD8->4c571e18-69a3-4a6d-81de-e3e48052df18: receive RaftClientReply:client-D83FC23EEBD8->4c571e18-69a3-4a6d-81de-e3e48052df18@group-644576B5741B, cid=3558, SUCCESS, logIndex=5359, commits[4c571e18-69a3-4a6d-81de-e3e48052df18:c5359, 15893972-388e-43c0-9d6c-ca4c76ac06da:c5357, c86beb1c-9105-4588-b1e8-133030361c51:c5357]
2019-07-12 12:28:38,047 INFO  client.GrpcClientProtocolClient (GrpcClientProtocolClient.java:onNext(255)) - client-D83FC23EEBD8->4c571e18-69a3-4a6d-81de-e3e48052df18: receive RaftClientReply:client-D83FC23EEBD8->4c571e18-69a3-4a6d-81de-e3e48052df18@group-644576B5741B, cid=3559, SUCCESS, logIndex=5360, commits[4c571e18-69a3-4a6d-81de-e3e48052df18:c5361, 15893972-388e-43c0-9d6c-ca4c76ac06da:c5357, c86beb1c-9105-4588-b1e8-133030361c51:c5357]
2019-07-12 12:28:38,047 INFO  client.GrpcClientProtocolClient (GrpcClientProtocolClient.java:onNext(255)) - client-D83FC23EEBD8->4c571e18-69a3-4a6d-81de-e3e48052df18: receive RaftClientReply:client-D83FC23EEBD8->4c571e18-69a3-4a6d-81de-e3e48052df18@group-644576B5741B, cid=3560, SUCCESS, logIndex=5361, commits[4c571e18-69a3-4a6d-81de-e3e48052df18:c5361, 15893972-388e-43c0-9d6c-ca4c76ac06da:c5357, c86beb1c-9105-4588-b1e8-133030361c51:c5357]
2019-07-12 12:28:38,059 INFO  client.GrpcClientProtocolClient (GrpcClientProtocolClient.java:onNext(255)) - client-D83FC23EEBD8->4c571e18-69a3-4a6d-81de-e3e48052df18: receive RaftClientReply:client-D83FC23EEBD8->4c571e18-69a3-4a6d-81de-e3e48052df18@group-644576B5741B, cid=3561, SUCCESS, logIndex=0, commits[4c571e18-69a3-4a6d-81de-e3e48052df18:c5363, 15893972-388e-43c0-9d6c-ca4c76ac06da:c5359, c86beb1c-9105-4588-b1e8-133030361c51:c5359]
2019-07-12 12:28:38,078 INFO  client.GrpcClientProtocolClient (GrpcClientProtocolClient.java:onNext(255)) - client-D83FC23EEBD8->4c571e18-69a3-4a6d-81de-e3e48052df18: receive RaftClientReply:client-D83FC23EEBD8->4c571e18-69a3-4a6d-81de-e3e48052df18@group-644576B5741B, cid=3562, SUCCESS, logIndex=5366, commits[4c571e18-69a3-4a6d-81de-e3e48052df18:c5367, 15893972-388e-43c0-9d6c-ca4c76ac06da:c5365, c86beb1c-9105-4588-b1e8-133030361c51:c5365]
2019-07-12 12:28:38,078 INFO  client.GrpcClientProtocolClient (GrpcClientProtocolClient.java:onNext(255)) - client-D83FC23EEBD8->4c571e18-69a3-4a6d-81de-e3e48052df18: receive RaftClientReply:client-D83FC23EEBD8->4c571e18-69a3-4a6d-81de-e3e48052df18@group-644576B5741B, cid=3563, SUCCESS, logIndex=5367, commits[4c571e18-69a3-4a6d-81de-e3e48052df18:c5367, 15893972-388e-43c0-9d6c-ca4c76ac06da:c5365, c86beb1c-9105-4588-b1e8-133030361c51:c5365]
2019-07-12 12:28:38,091 INFO  client.GrpcClientProtocolClient (GrpcClientProtocolClient.java:onNext(255)) - client-D83FC23EEBD8->4c571e18-69a3-4a6d-81de-e3e48052df18: receive RaftClientReply:client-D83FC23EEBD8->4c571e18-69a3-4a6d-81de-e3e48052df18@group-644576B5741B, cid=3564, SUCCESS, logIndex=5370, commits[4c571e18-69a3-4a6d-81de-e3e48052df18:c5371, 15893972-388e-43c0-9d6c-ca4c76ac06da:c5367, c86beb1c-9105-4588-b1e8-133030361c51:c5367]
2019-07-12 12:28:38,092 INFO  client.GrpcClientProtocolClient (GrpcClientProtocolClient.java:onNext(255)) - client-D83FC23EEBD8->4c571e18-69a3-4a6d-81de-e3e48052df18: receive RaftClientReply:client-D83FC23EEBD8->4c571e18-69a3-4a6d-81de-e3e48052df18@group-644576B5741B, cid=3565, SUCCESS, logIndex=5371, commits[4c571e18-69a3-4a6d-81de-e3e48052df18:c5371, 15893972-388e-43c0-9d6c-ca4c76ac06da:c5367, c86beb1c-9105-4588-b1e8-133030361c51:c5367]
2019-07-12 12:28:38,093 INFO  client.GrpcClientProtocolClient (GrpcClientProtocolClient.java:onNext(255)) - client-D83FC23EEBD8->4c571e18-69a3-4a6d-81de-e3e48052df18: receive RaftClientReply:client-D83FC23EEBD8->4c571e18-69a3-4a6d-81de-e3e48052df18@group-644576B5741B, cid=3566, SUCCESS, logIndex=0, commits[4c571e18-69a3-4a6d-81de-e3e48052df18:c5372, 15893972-388e-43c0-9d6c-ca4c76ac06da:c5371, c86beb1c-9105-4588-b1e8-133030361c51:c5371]
2019-07-12 12:28:38,121 INFO  client.GrpcClientProtocolClient (GrpcClientProtocolClient.java:onNext(255)) - client-D83FC23EEBD8->4c571e18-69a3-4a6d-81de-e3e48052df18: receive RaftClientReply:client-D83FC23EEBD8->4c571e18-69a3-4a6d-81de-e3e48052df18@group-644576B5741B, cid=3567, SUCCESS, logIndex=5374, commits[4c571e18-69a3-4a6d-81de-e3e48052df18:c5377, 15893972-388e-43c0-9d6c-ca4c76ac06da:c5373, c86beb1c-9105-4588-b1e8-133030361c51:c5373]
2019-07-12 12:28:38,121 INFO  client.GrpcClientProtocolClient (GrpcClientProtocolClient.java:onNext(255)) - client-D83FC23EEBD8->4c571e18-69a3-4a6d-81de-e3e48052df18: receive RaftClientReply:client-D83FC23EEBD8->4c571e18-69a3-4a6d-81de-e3e48052df18@group-644576B5741B, cid=3568, SUCCESS, logIndex=5375, commits[4c571e18-69a3-4a6d-81de-e3e48052df18:c5377, 15893972-388e-43c0-9d6c-ca4c76ac06da:c5373, c86beb1c-9105-4588-b1e8-133030361c51:c5373]
2019-07-12 12:28:38,121 INFO  client.GrpcClientProtocolClient (GrpcClientProtocolClient.java:onNext(255)) - client-D83FC23EEBD8->4c571e18-69a3-4a6d-81de-e3e48052df18: receive RaftClientReply:client-D83FC23EEBD8->4c571e18-69a3-4a6d-81de-e3e48052df18@group-644576B5741B, cid=3569, SUCCESS, logIndex=5376, commits[4c571e18-69a3-4a6d-81de-e3e48052df18:c5377, 15893972-388e-43c0-9d6c-ca4c76ac06da:c5373, c86beb1c-9105-4588-b1e8-133030361c51:c5373]
2019-07-12 12:28:38,122 INFO  client.GrpcClientProtocolClient (GrpcClientProtocolClient.java:onNext(255)) - client-D83FC23EEBD8->4c571e18-69a3-4a6d-81de-e3e48052df18: receive RaftClientReply:client-D83FC23EEBD8->4c571e18-69a3-4a6d-81de-e3e48052df18@group-644576B5741B, cid=3570, SUCCESS, logIndex=5377, commits[4c571e18-69a3-4a6d-81de-e3e48052df18:c5377, 15893972-388e-43c0-9d6c-ca4c76ac06da:c5373, c86beb1c-9105-4588-b1e8-133030361c51:c5373]
2019-07-12 12:28:38,137 INFO  client.GrpcClientProtocolClient (GrpcClientProtocolClient.java:onNext(255)) - client-D83FC23EEBD8->4c571e18-69a3-4a6d-81de-e3e48052df18: receive RaftClientReply:client-D83FC23EEBD8->4c571e18-69a3-4a6d-81de-e3e48052df18@group-644576B5741B, cid=3571, SUCCESS, logIndex=0, commits[4c571e18-69a3-4a6d-81de-e3e48052df18:c5378, 15893972-388e-43c0-9d6c-ca4c76ac06da:c5376, c86beb1c-9105-4588-b1e8-133030361c51:c5376]
2019-07-12 12:28:38,160 INFO  client.GrpcClientProtocolClient (GrpcClientProtocolClient.java:onNext(255)) - client-D83FC23EEBD8->4c571e18-69a3-4a6d-81de-e3e48052df18: receive RaftClientReply:client-D83FC23EEBD8->4c571e18-69a3-4a6d-81de-e3e48052df18@group-644576B5741B, cid=3572, SUCCESS, logIndex=5381, commits[4c571e18-69a3-4a6d-81de-e3e48052df18:c5382, 15893972-388e-43c0-9d6c-ca4c76ac06da:c5378, c86beb1c-9105-4588-b1e8-133030361c51:c5378]
2019-07-12 12:28:38,161 INFO  client.GrpcClientProtocolClient (GrpcClientProtocolClient.java:onNext(255)) - client-D83FC23EEBD8->4c571e18-69a3-4a6d-81de-e3e48052df18: receive RaftClientReply:client-D83FC23EEBD8->4c571e18-69a3-4a6d-81de-e3e48052df18@group-644576B5741B, cid=3573, SUCCESS, logIndex=5382, commits[4c571e18-69a3-4a6d-81de-e3e48052df18:c5382, 15893972-388e-43c0-9d6c-ca4c76ac06da:c5378, c86beb1c-9105-4588-b1e8-133030361c51:c5378]
2019-07-12 12:28:38,191 INFO  client.GrpcClientProtocolClient (GrpcClientProtocolClient.java:onNext(255)) - client-D83FC23EEBD8->4c571e18-69a3-4a6d-81de-e3e48052df18: receive RaftClientReply:client-D83FC23EEBD8->4c571e18-69a3-4a6d-81de-e3e48052df18@group-644576B5741B, cid=3574, SUCCESS, logIndex=5385, commits[4c571e18-69a3-4a6d-81de-e3e48052df18:c5386, 15893972-388e-43c0-9d6c-ca4c76ac06da:c5383, c86beb1c-9105-4588-b1e8-133030361c51:c5383]
2019-07-12 12:28:38,191 INFO  client.GrpcClientProtocolClient (GrpcClientProtocolClient.java:onNext(255)) - client-D83FC23EEBD8->4c571e18-69a3-4a6d-81de-e3e48052df18: receive RaftClientReply:client-D83FC23EEBD8->4c571e18-69a3-4a6d-81de-e3e48052df18@group-644576B5741B, cid=3575, SUCCESS, logIndex=5386, commits[4c571e18-69a3-4a6d-81de-e3e48052df18:c5386, 15893972-388e-43c0-9d6c-ca4c76ac06da:c5383, c86beb1c-9105-4588-b1e8-133030361c51:c5383]
2019-07-12 12:28:38,228 INFO  client.GrpcClientProtocolClient (GrpcClientProtocolClient.java:onNext(255)) - client-D83FC23EEBD8->4c571e18-69a3-4a6d-81de-e3e48052df18: receive RaftClientReply:client-D83FC23EEBD8->4c571e18-69a3-4a6d-81de-e3e48052df18@group-644576B5741B, cid=3576, SUCCESS, logIndex=0, commits[4c571e18-69a3-4a6d-81de-e3e48052df18:c5387, 15893972-388e-43c0-9d6c-ca4c76ac06da:c5386, c86beb1c-9105-4588-b1e8-133030361c51:c5386]
2019-07-12 12:28:38,258 INFO  client.GrpcClientProtocolClient (GrpcClientProtocolClient.java:onNext(255)) - client-D83FC23EEBD8->4c571e18-69a3-4a6d-81de-e3e48052df18: receive RaftClientReply:client-D83FC23EEBD8->4c571e18-69a3-4a6d-81de-e3e48052df18@group-644576B5741B, cid=3577, SUCCESS, logIndex=5389, commits[4c571e18-69a3-4a6d-81de-e3e48052df18:c5390, 15893972-388e-43c0-9d6c-ca4c76ac06da:c5388, c86beb1c-9105-4588-b1e8-133030361c51:c5388]
2019-07-12 12:28:38,259 INFO  client.GrpcClientProtocolClient (GrpcClientProtocolClient.java:onNext(255)) - client-D83FC23EEBD8->4c571e18-69a3-4a6d-81de-e3e48052df18: receive RaftClientReply:client-D83FC23EEBD8->4c571e18-69a3-4a6d-81de-e3e48052df18@group-644576B5741B, cid=3578, SUCCESS, logIndex=5390, commits[4c571e18-69a3-4a6d-81de-e3e48052df18:c5390, 15893972-388e-43c0-9d6c-ca4c76ac06da:c5388, c86beb1c-9105-4588-b1e8-133030361c51:c5388]
2019-07-12 12:28:38,269 INFO  client.GrpcClientProtocolClient (GrpcClientProtocolClient.java:onNext(255)) - client-D83FC23EEBD8->4c571e18-69a3-4a6d-81de-e3e48052df18: receive RaftClientReply:client-D83FC23EEBD8->4c571e18-69a3-4a6d-81de-e3e48052df18@group-644576B5741B, cid=3579, SUCCESS, logIndex=5391, commits[4c571e18-69a3-4a6d-81de-e3e48052df18:c5392, 15893972-388e-43c0-9d6c-ca4c76ac06da:c5388, c86beb1c-9105-4588-b1e8-133030361c51:c5388]
2019-07-12 12:28:38,270 INFO  client.GrpcClientProtocolClient (GrpcClientProtocolClient.java:onNext(255)) - client-D83FC23EEBD8->4c571e18-69a3-4a6d-81de-e3e48052df18: receive RaftClientReply:client-D83FC23EEBD8->4c571e18-69a3-4a6d-81de-e3e48052df18@group-644576B5741B, cid=3580, SUCCESS, logIndex=5392, commits[4c571e18-69a3-4a6d-81de-e3e48052df18:c5392, 15893972-388e-43c0-9d6c-ca4c76ac06da:c5388, c86beb1c-9105-4588-b1e8-133030361c51:c5388]
2019-07-12 12:28:38,273 INFO  client.GrpcClientProtocolClient (GrpcClientProtocolClient.java:onNext(255)) - client-D83FC23EEBD8->4c571e18-69a3-4a6d-81de-e3e48052df18: receive RaftClientReply:client-D83FC23EEBD8->4c571e18-69a3-4a6d-81de-e3e48052df18@group-644576B5741B, cid=3581, SUCCESS, logIndex=0, commits[4c571e18-69a3-4a6d-81de-e3e48052df18:c5395, 15893972-388e-43c0-9d6c-ca4c76ac06da:c5390, c86beb1c-9105-4588-b1e8-133030361c51:c5392]
2019-07-12 12:28:38,290 INFO  client.GrpcClientProtocolClient (GrpcClientProtocolClient.java:onNext(255)) - client-D83FC23EEBD8->4c571e18-69a3-4a6d-81de-e3e48052df18: receive RaftClientReply:client-D83FC23EEBD8->4c571e18-69a3-4a6d-81de-e3e48052df18@group-644576B5741B, cid=3582, SUCCESS, logIndex=5396, commits[4c571e18-69a3-4a6d-81de-e3e48052df18:c5397, 15893972-388e-43c0-9d6c-ca4c76ac06da:c5395, c86beb1c-9105-4588-b1e8-133030361c51:c5395]
2019-07-12 12:28:38,291 INFO  client.GrpcClientProtocolClient (GrpcClientProtocolClient.java:onNext(255)) - client-D83FC23EEBD8->4c571e18-69a3-4a6d-81de-e3e48052df18: receive RaftClientReply:client-D83FC23EEBD8->4c571e18-69a3-4a6d-81de-e3e48052df18@group-644576B5741B, cid=3583, SUCCESS, logIndex=5397, commits[4c571e18-69a3-4a6d-81de-e3e48052df18:c5397, 15893972-388e-43c0-9d6c-ca4c76ac06da:c5395, c86beb1c-9105-4588-b1e8-133030361c51:c5395]
2019-07-12 12:28:38,323 INFO  client.GrpcClientProtocolClient (GrpcClientProtocolClient.java:onNext(255)) - client-D83FC23EEBD8->4c571e18-69a3-4a6d-81de-e3e48052df18: receive RaftClientReply:client-D83FC23EEBD8->4c571e18-69a3-4a6d-81de-e3e48052df18@group-644576B5741B, cid=3584, SUCCESS, logIndex=5400, commits[4c571e18-69a3-4a6d-81de-e3e48052df18:c5401, 15893972-388e-43c0-9d6c-ca4c76ac06da:c5398, c86beb1c-9105-4588-b1e8-133030361c51:c5398]
2019-07-12 12:28:38,323 INFO  client.GrpcClientProtocolClient (GrpcClientProtocolClient.java:onNext(255)) - client-D83FC23EEBD8->4c571e18-69a3-4a6d-81de-e3e48052df18: receive RaftClientReply:client-D83FC23EEBD8->4c571e18-69a3-4a6d-81de-e3e48052df18@group-644576B5741B, cid=3585, SUCCESS, logIndex=5401, commits[4c571e18-69a3-4a6d-81de-e3e48052df18:c5401, 15893972-388e-43c0-9d6c-ca4c76ac06da:c5398, c86beb1c-9105-4588-b1e8-133030361c51:c5398]
2019-07-12 12:28:38,327 INFO  client.GrpcClientProtocolClient (GrpcClientProtocolClient.java:onNext(255)) - client-D83FC23EEBD8->4c571e18-69a3-4a6d-81de-e3e48052df18: receive RaftClientReply:client-D83FC23EEBD8->4c571e18-69a3-4a6d-81de-e3e48052df18@group-644576B5741B, cid=3586, SUCCESS, logIndex=0, commits[4c571e18-69a3-4a6d-81de-e3e48052df18:c5403, 15893972-388e-43c0-9d6c-ca4c76ac06da:c5401, c86beb1c-9105-4588-b1e8-133030361c51:c5401]
2019-07-12 12:28:38,356 INFO  client.GrpcClientProtocolClient (GrpcClientProtocolClient.java:onNext(255)) - client-D83FC23EEBD8->4c571e18-69a3-4a6d-81de-e3e48052df18: receive RaftClientReply:client-D83FC23EEBD8->4c571e18-69a3-4a6d-81de-e3e48052df18@group-644576B5741B, cid=3587, SUCCESS, logIndex=5404, commits[4c571e18-69a3-4a6d-81de-e3e48052df18:c5407, 15893972-388e-43c0-9d6c-ca4c76ac06da:c5403, c86beb1c-9105-4588-b1e8-133030361c51:c5403]
2019-07-12 12:28:38,357 INFO  client.GrpcClientProtocolClient (GrpcClientProtocolClient.java:onNext(255)) - client-D83FC23EEBD8->4c571e18-69a3-4a6d-81de-e3e48052df18: receive RaftClientReply:client-D83FC23EEBD8->4c571e18-69a3-4a6d-81de-e3e48052df18@group-644576B5741B, cid=3588, SUCCESS, logIndex=5405, commits[4c571e18-69a3-4a6d-81de-e3e48052df18:c5407, 15893972-388e-43c0-9d6c-ca4c76ac06da:c5403, c86beb1c-9105-4588-b1e8-133030361c51:c5403]
2019-07-12 12:28:38,357 INFO  client.GrpcClientProtocolClient (GrpcClientProtocolClient.java:onNext(255)) - client-D83FC23EEBD8->4c571e18-69a3-4a6d-81de-e3e48052df18: receive RaftClientReply:client-D83FC23EEBD8->4c571e18-69a3-4a6d-81de-e3e48052df18@group-644576B5741B, cid=3589, SUCCESS, logIndex=5406, commits[4c571e18-69a3-4a6d-81de-e3e48052df18:c5407, 15893972-388e-43c0-9d6c-ca4c76ac06da:c5403, c86beb1c-9105-4588-b1e8-133030361c51:c5403]
2019-07-12 12:28:38,358 INFO  client.GrpcClientProtocolClient (GrpcClientProtocolClient.java:onNext(255)) - client-D83FC23EEBD8->4c571e18-69a3-4a6d-81de-e3e48052df18: receive RaftClientReply:client-D83FC23EEBD8->4c571e18-69a3-4a6d-81de-e3e48052df18@group-644576B5741B, cid=3590, SUCCESS, logIndex=5407, commits[4c571e18-69a3-4a6d-81de-e3e48052df18:c5407, 15893972-388e-43c0-9d6c-ca4c76ac06da:c5403, c86beb1c-9105-4588-b1e8-133030361c51:c5403]
2019-07-12 12:28:38,371 INFO  client.GrpcClientProtocolClient (GrpcClientProtocolClient.java:onNext(255)) - client-D83FC23EEBD8->4c571e18-69a3-4a6d-81de-e3e48052df18: receive RaftClientReply:client-D83FC23EEBD8->4c571e18-69a3-4a6d-81de-e3e48052df18@group-644576B5741B, cid=3591, SUCCESS, logIndex=0, commits[4c571e18-69a3-4a6d-81de-e3e48052df18:c5408, 15893972-388e-43c0-9d6c-ca4c76ac06da:c5405, c86beb1c-9105-4588-b1e8-133030361c51:c5405]
2019-07-12 12:28:38,390 INFO  client.GrpcClientProtocolClient (GrpcClientProtocolClient.java:onNext(255)) - client-D83FC23EEBD8->4c571e18-69a3-4a6d-81de-e3e48052df18: receive RaftClientReply:client-D83FC23EEBD8->4c571e18-69a3-4a6d-81de-e3e48052df18@group-644576B5741B, cid=3592, SUCCESS, logIndex=5412, commits[4c571e18-69a3-4a6d-81de-e3e48052df18:c5413, 15893972-388e-43c0-9d6c-ca4c76ac06da:c5411, c86beb1c-9105-4588-b1e8-133030361c51:c5411]
2019-07-12 12:28:38,390 INFO  client.GrpcClientProtocolClient (GrpcClientProtocolClient.java:onNext(255)) - client-D83FC23EEBD8->4c571e18-69a3-4a6d-81de-e3e48052df18: receive RaftClientReply:client-D83FC23EEBD8->4c571e18-69a3-4a6d-81de-e3e48052df18@group-644576B5741B, cid=3593, SUCCESS, logIndex=5413, commits[4c571e18-69a3-4a6d-81de-e3e48052df18:c5413, 15893972-388e-43c0-9d6c-ca4c76ac06da:c5411, c86beb1c-9105-4588-b1e8-133030361c51:c5411]
2019-07-12 12:28:38,416 INFO  client.GrpcClientProtocolClient (GrpcClientProtocolClient.java:onNext(255)) - client-D83FC23EEBD8->4c571e18-69a3-4a6d-81de-e3e48052df18: receive RaftClientReply:client-D83FC23EEBD8->4c571e18-69a3-4a6d-81de-e3e48052df18@group-644576B5741B, cid=3594, SUCCESS, logIndex=5416, commits[4c571e18-69a3-4a6d-81de-e3e48052df18:c5416, 15893972-388e-43c0-9d6c-ca4c76ac06da:c5413, c86beb1c-9105-4588-b1e8-133030361c51:c5413]
2019-07-12 12:28:38,417 INFO  client.GrpcClientProtocolClient (GrpcClientProtocolClient.java:onNext(255)) - client-D83FC23EEBD8->4c571e18-69a3-4a6d-81de-e3e48052df18: receive RaftClientReply:client-D83FC23EEBD8->4c571e18-69a3-4a6d-81de-e3e48052df18@group-644576B5741B, cid=3595, SUCCESS, logIndex=5417, commits[4c571e18-69a3-4a6d-81de-e3e48052df18:c5417, 15893972-388e-43c0-9d6c-ca4c76ac06da:c5413, c86beb1c-9105-4588-b1e8-133030361c51:c5413]
2019-07-12 12:28:38,443 INFO  client.GrpcClientProtocolClient (GrpcClientProtocolClient.java:onNext(255)) - client-D83FC23EEBD8->4c571e18-69a3-4a6d-81de-e3e48052df18: receive RaftClientReply:client-D83FC23EEBD8->4c571e18-69a3-4a6d-81de-e3e48052df18@group-644576B5741B, cid=3596, SUCCESS, logIndex=0, commits[4c571e18-69a3-4a6d-81de-e3e48052df18:c5418, 15893972-388e-43c0-9d6c-ca4c76ac06da:c5417, c86beb1c-9105-4588-b1e8-133030361c51:c5417]
2019-07-12 12:28:38,474 INFO  client.GrpcClientProtocolClient (GrpcClientProtocolClient.java:onNext(255)) - client-D83FC23EEBD8->4c571e18-69a3-4a6d-81de-e3e48052df18: receive RaftClientReply:client-D83FC23EEBD8->4c571e18-69a3-4a6d-81de-e3e48052df18@group-644576B5741B, cid=3597, SUCCESS, logIndex=5420, commits[4c571e18-69a3-4a6d-81de-e3e48052df18:c5423, 15893972-388e-43c0-9d6c-ca4c76ac06da:c5419, c86beb1c-9105-4588-b1e8-133030361c51:c5419]
2019-07-12 12:28:38,475 INFO  client.GrpcClientProtocolClient (GrpcClientProtocolClient.java:onNext(255)) - client-D83FC23EEBD8->4c571e18-69a3-4a6d-81de-e3e48052df18: receive RaftClientReply:client-D83FC23EEBD8->4c571e18-69a3-4a6d-81de-e3e48052df18@group-644576B5741B, cid=3598, SUCCESS, logIndex=5421, commits[4c571e18-69a3-4a6d-81de-e3e48052df18:c5423, 15893972-388e-43c0-9d6c-ca4c76ac06da:c5419, c86beb1c-9105-4588-b1e8-133030361c51:c5419]
2019-07-12 12:28:38,475 INFO  client.GrpcClientProtocolClient (GrpcClientProtocolClient.java:onNext(255)) - client-D83FC23EEBD8->4c571e18-69a3-4a6d-81de-e3e48052df18: receive RaftClientReply:client-D83FC23EEBD8->4c571e18-69a3-4a6d-81de-e3e48052df18@group-644576B5741B, cid=3599, SUCCESS, logIndex=5422, commits[4c571e18-69a3-4a6d-81de-e3e48052df18:c5423, 15893972-388e-43c0-9d6c-ca4c76ac06da:c5419, c86beb1c-9105-4588-b1e8-133030361c51:c5419]
2019-07-12 12:28:38,476 INFO  client.GrpcClientProtocolClient (GrpcClientProtocolClient.java:onNext(255)) - client-D83FC23EEBD8->4c571e18-69a3-4a6d-81de-e3e48052df18: receive RaftClientReply:client-D83FC23EEBD8->4c571e18-69a3-4a6d-81de-e3e48052df18@group-644576B5741B, cid=3600, SUCCESS, logIndex=5423, commits[4c571e18-69a3-4a6d-81de-e3e48052df18:c5423, 15893972-388e-43c0-9d6c-ca4c76ac06da:c5419, c86beb1c-9105-4588-b1e8-133030361c51:c5419]
2019-07-12 12:28:38,488 INFO  client.GrpcClientProtocolClient (GrpcClientProtocolClient.java:onNext(255)) - client-D83FC23EEBD8->4c571e18-69a3-4a6d-81de-e3e48052df18: receive RaftClientReply:client-D83FC23EEBD8->4c571e18-69a3-4a6d-81de-e3e48052df18@group-644576B5741B, cid=3601, SUCCESS, logIndex=0, commits[4c571e18-69a3-4a6d-81de-e3e48052df18:c5425, 15893972-388e-43c0-9d6c-ca4c76ac06da:c5421, c86beb1c-9105-4588-b1e8-133030361c51:c5421]
2019-07-12 12:28:38,501 INFO  client.GrpcClientProtocolClient (GrpcClientProtocolClient.java:onNext(255)) - client-D83FC23EEBD8->4c571e18-69a3-4a6d-81de-e3e48052df18: receive RaftClientReply:client-D83FC23EEBD8->4c571e18-69a3-4a6d-81de-e3e48052df18@group-644576B5741B, cid=3602, SUCCESS, logIndex=5428, commits[4c571e18-69a3-4a6d-81de-e3e48052df18:c5429, 15893972-388e-43c0-9d6c-ca4c76ac06da:c5423, c86beb1c-9105-4588-b1e8-133030361c51:c5427]
2019-07-12 12:28:38,502 INFO  client.GrpcClientProtocolClient (GrpcClientProtocolClient.java:onNext(255)) - client-D83FC23EEBD8->4c571e18-69a3-4a6d-81de-e3e48052df18: receive RaftClientReply:client-D83FC23EEBD8->4c571e18-69a3-4a6d-81de-e3e48052df18@group-644576B5741B, cid=3603, SUCCESS, logIndex=5429, commits[4c571e18-69a3-4a6d-81de-e3e48052df18:c5429, 15893972-388e-43c0-9d6c-ca4c76ac06da:c5423, c86beb1c-9105-4588-b1e8-133030361c51:c5427]
2019-07-12 12:28:38,515 INFO  client.GrpcClientProtocolClient (GrpcClientProtocolClient.java:onNext(255)) - client-D83FC23EEBD8->4c571e18-69a3-4a6d-81de-e3e48052df18: receive RaftClientReply:client-D83FC23EEBD8->4c571e18-69a3-4a6d-81de-e3e48052df18@group-644576B5741B, cid=3604, SUCCESS, logIndex=5432, commits[4c571e18-69a3-4a6d-81de-e3e48052df18:c5433, 15893972-388e-43c0-9d6c-ca4c76ac06da:c5429, c86beb1c-9105-4588-b1e8-133030361c51:c5429]
2019-07-12 12:28:38,515 INFO  client.GrpcClientProtocolClient (GrpcClientProtocolClient.java:onNext(255)) - client-D83FC23EEBD8->4c571e18-69a3-4a6d-81de-e3e48052df18: receive RaftClientReply:client-D83FC23EEBD8->4c571e18-69a3-4a6d-81de-e3e48052df18@group-644576B5741B, cid=3605, SUCCESS, logIndex=5433, commits[4c571e18-69a3-4a6d-81de-e3e48052df18:c5433, 15893972-388e-43c0-9d6c-ca4c76ac06da:c5429, c86beb1c-9105-4588-b1e8-133030361c51:c5429]
2019-07-12 12:28:38,529 INFO  client.GrpcClientProtocolClient (GrpcClientProtocolClient.java:onNext(255)) - client-D83FC23EEBD8->4c571e18-69a3-4a6d-81de-e3e48052df18: receive RaftClientReply:client-D83FC23EEBD8->4c571e18-69a3-4a6d-81de-e3e48052df18@group-644576B5741B, cid=3606, SUCCESS, logIndex=0, commits[4c571e18-69a3-4a6d-81de-e3e48052df18:c5433, 15893972-388e-43c0-9d6c-ca4c76ac06da:c5433, c86beb1c-9105-4588-b1e8-133030361c51:c5433]
2019-07-12 12:28:38,548 INFO  client.GrpcClientProtocolClient (GrpcClientProtocolClient.java:onNext(255)) - client-D83FC23EEBD8->4c571e18-69a3-4a6d-81de-e3e48052df18: receive RaftClientReply:client-D83FC23EEBD8->4c571e18-69a3-4a6d-81de-e3e48052df18@group-644576B5741B, cid=3607, SUCCESS, logIndex=5435, commits[4c571e18-69a3-4a6d-81de-e3e48052df18:c5436, 15893972-388e-43c0-9d6c-ca4c76ac06da:c5434, c86beb1c-9105-4588-b1e8-133030361c51:c5433]
2019-07-12 12:28:38,548 INFO  client.GrpcClientProtocolClient (GrpcClientProtocolClient.java:onNext(255)) - client-D83FC23EEBD8->4c571e18-69a3-4a6d-81de-e3e48052df18: receive RaftClientReply:client-D83FC23EEBD8->4c571e18-69a3-4a6d-81de-e3e48052df18@group-644576B5741B, cid=3608, SUCCESS, logIndex=5436, commits[4c571e18-69a3-4a6d-81de-e3e48052df18:c5436, 15893972-388e-43c0-9d6c-ca4c76ac06da:c5434, c86beb1c-9105-4588-b1e8-133030361c51:c5433]
2019-07-12 12:28:38,552 INFO  client.GrpcClientProtocolClient (GrpcClientProtocolClient.java:onNext(255)) - client-D83FC23EEBD8->4c571e18-69a3-4a6d-81de-e3e48052df18: receive RaftClientReply:client-D83FC23EEBD8->4c571e18-69a3-4a6d-81de-e3e48052df18@group-644576B5741B, cid=3609, SUCCESS, logIndex=5437, commits[4c571e18-69a3-4a6d-81de-e3e48052df18:c5439, 15893972-388e-43c0-9d6c-ca4c76ac06da:c5434, c86beb1c-9105-4588-b1e8-133030361c51:c5436]
2019-07-12 12:28:38,553 INFO  client.GrpcClientProtocolClient (GrpcClientProtocolClient.java:onNext(255)) - client-D83FC23EEBD8->4c571e18-69a3-4a6d-81de-e3e48052df18: receive RaftClientReply:client-D83FC23EEBD8->4c571e18-69a3-4a6d-81de-e3e48052df18@group-644576B5741B, cid=3610, SUCCESS, logIndex=5438, commits[4c571e18-69a3-4a6d-81de-e3e48052df18:c5440, 15893972-388e-43c0-9d6c-ca4c76ac06da:c5436, c86beb1c-9105-4588-b1e8-133030361c51:c5436]
2019-07-12 12:28:38,578 INFO  client.GrpcClientProtocolClient (GrpcClientProtocolClient.java:onNext(255)) - client-D83FC23EEBD8->4c571e18-69a3-4a6d-81de-e3e48052df18: receive RaftClientReply:client-D83FC23EEBD8->4c571e18-69a3-4a6d-81de-e3e48052df18@group-644576B5741B, cid=3611, SUCCESS, logIndex=5443, commits[4c571e18-69a3-4a6d-81de-e3e48052df18:c5444, 15893972-388e-43c0-9d6c-ca4c76ac06da:c5440, c86beb1c-9105-4588-b1e8-133030361c51:c5440]
2019-07-12 12:28:38,578 INFO  client.GrpcClientProtocolClient (GrpcClientProtocolClient.java:onNext(255)) - client-D83FC23EEBD8->4c571e18-69a3-4a6d-81de-e3e48052df18: receive RaftClientReply:client-D83FC23EEBD8->4c571e18-69a3-4a6d-81de-e3e48052df18@group-644576B5741B, cid=3612, SUCCESS, logIndex=5444, commits[4c571e18-69a3-4a6d-81de-e3e48052df18:c5444, 15893972-388e-43c0-9d6c-ca4c76ac06da:c5440, c86beb1c-9105-4588-b1e8-133030361c51:c5440]
2019-07-12 12:28:38,599 INFO  client.GrpcClientProtocolClient (GrpcClientProtocolClient.java:onNext(255)) - client-D83FC23EEBD8->4c571e18-69a3-4a6d-81de-e3e48052df18: receive RaftClientReply:client-D83FC23EEBD8->4c571e18-69a3-4a6d-81de-e3e48052df18@group-644576B5741B, cid=3613, SUCCESS, logIndex=5447, commits[4c571e18-69a3-4a6d-81de-e3e48052df18:c5448, 15893972-388e-43c0-9d6c-ca4c76ac06da:c5444, c86beb1c-9105-4588-b1e8-133030361c51:c5444]
2019-07-12 12:28:38,599 INFO  client.GrpcClientProtocolClient (GrpcClientProtocolClient.java:onNext(255)) - client-D83FC23EEBD8->4c571e18-69a3-4a6d-81de-e3e48052df18: receive RaftClientReply:client-D83FC23EEBD8->4c571e18-69a3-4a6d-81de-e3e48052df18@group-644576B5741B, cid=3614, SUCCESS, logIndex=5448, commits[4c571e18-69a3-4a6d-81de-e3e48052df18:c5448, 15893972-388e-43c0-9d6c-ca4c76ac06da:c5444, c86beb1c-9105-4588-b1e8-133030361c51:c5444]
2019-07-12 12:28:38,600 INFO  client.GrpcClientProtocolClient (GrpcClientProtocolClient.java:onNext(255)) - client-D83FC23EEBD8->4c571e18-69a3-4a6d-81de-e3e48052df18: receive RaftClientReply:client-D83FC23EEBD8->4c571e18-69a3-4a6d-81de-e3e48052df18@group-644576B5741B, cid=3615, SUCCESS, logIndex=0, commits[4c571e18-69a3-4a6d-81de-e3e48052df18:c5449, 15893972-388e-43c0-9d6c-ca4c76ac06da:c5448, c86beb1c-9105-4588-b1e8-133030361c51:c5448]
2019-07-12 12:28:38,627 INFO  client.GrpcClientProtocolClient (GrpcClientProtocolClient.java:onNext(255)) - client-D83FC23EEBD8->4c571e18-69a3-4a6d-81de-e3e48052df18: receive RaftClientReply:client-D83FC23EEBD8->4c571e18-69a3-4a6d-81de-e3e48052df18@group-644576B5741B, cid=3616, SUCCESS, logIndex=5451, commits[4c571e18-69a3-4a6d-81de-e3e48052df18:c5453, 15893972-388e-43c0-9d6c-ca4c76ac06da:c5450, c86beb1c-9105-4588-b1e8-133030361c51:c5450]
2019-07-12 12:28:38,627 INFO  client.GrpcClientProtocolClient (GrpcClientProtocolClient.java:onNext(255)) - client-D83FC23EEBD8->4c571e18-69a3-4a6d-81de-e3e48052df18: receive RaftClientReply:client-D83FC23EEBD8->4c571e18-69a3-4a6d-81de-e3e48052df18@group-644576B5741B, cid=3617, SUCCESS, logIndex=5452, commits[4c571e18-69a3-4a6d-81de-e3e48052df18:c5454, 15893972-388e-43c0-9d6c-ca4c76ac06da:c5450, c86beb1c-9105-4588-b1e8-133030361c51:c5450]
2019-07-12 12:28:38,627 INFO  client.GrpcClientProtocolClient (GrpcClientProtocolClient.java:onNext(255)) - client-D83FC23EEBD8->4c571e18-69a3-4a6d-81de-e3e48052df18: receive RaftClientReply:client-D83FC23EEBD8->4c571e18-69a3-4a6d-81de-e3e48052df18@group-644576B5741B, cid=3618, SUCCESS, logIndex=5453, commits[4c571e18-69a3-4a6d-81de-e3e48052df18:c5454, 15893972-388e-43c0-9d6c-ca4c76ac06da:c5450, c86beb1c-9105-4588-b1e8-133030361c51:c5450]
2019-07-12 12:28:38,628 INFO  client.GrpcClientProtocolClient (GrpcClientProtocolClient.java:onNext(255)) - client-D83FC23EEBD8->4c571e18-69a3-4a6d-81de-e3e48052df18: receive RaftClientReply:client-D83FC23EEBD8->4c571e18-69a3-4a6d-81de-e3e48052df18@group-644576B5741B, cid=3619, SUCCESS, logIndex=5454, commits[4c571e18-69a3-4a6d-81de-e3e48052df18:c5454, 15893972-388e-43c0-9d6c-ca4c76ac06da:c5450, c86beb1c-9105-4588-b1e8-133030361c51:c5450]
2019-07-12 12:28:38,631 INFO  client.GrpcClientProtocolClient (GrpcClientProtocolClient.java:onNext(255)) - client-D83FC23EEBD8->4c571e18-69a3-4a6d-81de-e3e48052df18: receive RaftClientReply:client-D83FC23EEBD8->4c571e18-69a3-4a6d-81de-e3e48052df18@group-644576B5741B, cid=3620, SUCCESS, logIndex=0, commits[4c571e18-69a3-4a6d-81de-e3e48052df18:c5455, 15893972-388e-43c0-9d6c-ca4c76ac06da:c5452, c86beb1c-9105-4588-b1e8-133030361c51:c5452]
 0.00% |█                                                                                                    |  0/1 Time: 0:00:302019-07-12 12:28:38,650 INFO  client.GrpcClientProtocolClient (GrpcClientProtocolClient.java:onNext(255)) - client-D83FC23EEBD8->4c571e18-69a3-4a6d-81de-e3e48052df18: receive RaftClientReply:client-D83FC23EEBD8->4c571e18-69a3-4a6d-81de-e3e48052df18@group-644576B5741B, cid=3621, SUCCESS, logIndex=5459, commits[4c571e18-69a3-4a6d-81de-e3e48052df18:c5460, 15893972-388e-43c0-9d6c-ca4c76ac06da:c5458, c86beb1c-9105-4588-b1e8-133030361c51:c5458]
2019-07-12 12:28:38,651 INFO  client.GrpcClientProtocolClient (GrpcClientProtocolClient.java:onNext(255)) - client-D83FC23EEBD8->4c571e18-69a3-4a6d-81de-e3e48052df18: receive RaftClientReply:client-D83FC23EEBD8->4c571e18-69a3-4a6d-81de-e3e48052df18@group-644576B5741B, cid=3622, SUCCESS, logIndex=5460, commits[4c571e18-69a3-4a6d-81de-e3e48052df18:c5460, 15893972-388e-43c0-9d6c-ca4c76ac06da:c5458, c86beb1c-9105-4588-b1e8-133030361c51:c5458]
2019-07-12 12:28:38,676 INFO  client.GrpcClientProtocolClient (GrpcClientProtocolClient.java:onNext(255)) - client-D83FC23EEBD8->4c571e18-69a3-4a6d-81de-e3e48052df18: receive RaftClientReply:client-D83FC23EEBD8->4c571e18-69a3-4a6d-81de-e3e48052df18@group-644576B5741B, cid=3623, SUCCESS, logIndex=5463, commits[4c571e18-69a3-4a6d-81de-e3e48052df18:c5464, 15893972-388e-43c0-9d6c-ca4c76ac06da:c5460, c86beb1c-9105-4588-b1e8-133030361c51:c5460]
2019-07-12 12:28:38,676 INFO  client.GrpcClientProtocolClient (GrpcClientProtocolClient.java:onNext(255)) - client-D83FC23EEBD8->4c571e18-69a3-4a6d-81de-e3e48052df18: receive RaftClientReply:client-D83FC23EEBD8->4c571e18-69a3-4a6d-81de-e3e48052df18@group-644576B5741B, cid=3624, SUCCESS, logIndex=5464, commits[4c571e18-69a3-4a6d-81de-e3e48052df18:c5464, 15893972-388e-43c0-9d6c-ca4c76ac06da:c5460, c86beb1c-9105-4588-b1e8-133030361c51:c5460]
2019-07-12 12:28:38,702 INFO  client.GrpcClientProtocolClient (GrpcClientProtocolClient.java:onNext(255)) - client-D83FC23EEBD8->4c571e18-69a3-4a6d-81de-e3e48052df18: receive RaftClientReply:client-D83FC23EEBD8->4c571e18-69a3-4a6d-81de-e3e48052df18@group-644576B5741B, cid=3625, SUCCESS, logIndex=0, commits[4c571e18-69a3-4a6d-81de-e3e48052df18:c5466, 15893972-388e-43c0-9d6c-ca4c76ac06da:c5464, c86beb1c-9105-4588-b1e8-133030361c51:c5464]
2019-07-12 12:28:38,741 INFO  client.GrpcClientProtocolClient (GrpcClientProtocolClient.java:onNext(255)) - client-D83FC23EEBD8->4c571e18-69a3-4a6d-81de-e3e48052df18: receive RaftClientReply:client-D83FC23EEBD8->4c571e18-69a3-4a6d-81de-e3e48052df18@group-644576B5741B, cid=3626, SUCCESS, logIndex=5467, commits[4c571e18-69a3-4a6d-81de-e3e48052df18:c5468, 15893972-388e-43c0-9d6c-ca4c76ac06da:c5466, c86beb1c-9105-4588-b1e8-133030361c51:c5466]
2019-07-12 12:28:38,742 INFO  client.GrpcClientProtocolClient (GrpcClientProtocolClient.java:onNext(255)) - client-D83FC23EEBD8->4c571e18-69a3-4a6d-81de-e3e48052df18: receive RaftClientReply:client-D83FC23EEBD8->4c571e18-69a3-4a6d-81de-e3e48052df18@group-644576B5741B, cid=3627, SUCCESS, logIndex=5468, commits[4c571e18-69a3-4a6d-81de-e3e48052df18:c5468, 15893972-388e-43c0-9d6c-ca4c76ac06da:c5466, c86beb1c-9105-4588-b1e8-133030361c51:c5466]
2019-07-12 12:28:38,754 INFO  client.GrpcClientProtocolClient (GrpcClientProtocolClient.java:onNext(255)) - client-D83FC23EEBD8->4c571e18-69a3-4a6d-81de-e3e48052df18: receive RaftClientReply:client-D83FC23EEBD8->4c571e18-69a3-4a6d-81de-e3e48052df18@group-644576B5741B, cid=3628, SUCCESS, logIndex=5469, commits[4c571e18-69a3-4a6d-81de-e3e48052df18:c5470, 15893972-388e-43c0-9d6c-ca4c76ac06da:c5466, c86beb1c-9105-4588-b1e8-133030361c51:c5466]
2019-07-12 12:28:38,754 INFO  client.GrpcClientProtocolClient (GrpcClientProtocolClient.java:onNext(255)) - client-D83FC23EEBD8->4c571e18-69a3-4a6d-81de-e3e48052df18: receive RaftClientReply:client-D83FC23EEBD8->4c571e18-69a3-4a6d-81de-e3e48052df18@group-644576B5741B, cid=3629, SUCCESS, logIndex=5470, commits[4c571e18-69a3-4a6d-81de-e3e48052df18:c5470, 15893972-388e-43c0-9d6c-ca4c76ac06da:c5466, c86beb1c-9105-4588-b1e8-133030361c51:c5466]
2019-07-12 12:28:38,755 INFO  client.GrpcClientProtocolClient (GrpcClientProtocolClient.java:onNext(255)) - client-D83FC23EEBD8->4c571e18-69a3-4a6d-81de-e3e48052df18: receive RaftClientReply:client-D83FC23EEBD8->4c571e18-69a3-4a6d-81de-e3e48052df18@group-644576B5741B, cid=3630, SUCCESS, logIndex=0, commits[4c571e18-69a3-4a6d-81de-e3e48052df18:c5472, 15893972-388e-43c0-9d6c-ca4c76ac06da:c5468, c86beb1c-9105-4588-b1e8-133030361c51:c5468]
2019-07-12 12:28:38,764 INFO  client.GrpcClientProtocolClient (GrpcClientProtocolClient.java:onNext(255)) - client-D83FC23EEBD8->4c571e18-69a3-4a6d-81de-e3e48052df18: receive RaftClientReply:client-D83FC23EEBD8->4c571e18-69a3-4a6d-81de-e3e48052df18@group-644576B5741B, cid=3631, SUCCESS, logIndex=5475, commits[4c571e18-69a3-4a6d-81de-e3e48052df18:c5476, 15893972-388e-43c0-9d6c-ca4c76ac06da:c5474, c86beb1c-9105-4588-b1e8-133030361c51:c5470]
2019-07-12 12:28:38,764 INFO  client.GrpcClientProtocolClient (GrpcClientProtocolClient.java:onNext(255)) - client-D83FC23EEBD8->4c571e18-69a3-4a6d-81de-e3e48052df18: receive RaftClientReply:client-D83FC23EEBD8->4c571e18-69a3-4a6d-81de-e3e48052df18@group-644576B5741B, cid=3632, SUCCESS, logIndex=5476, commits[4c571e18-69a3-4a6d-81de-e3e48052df18:c5476, 15893972-388e-43c0-9d6c-ca4c76ac06da:c5474, c86beb1c-9105-4588-b1e8-133030361c51:c5474]
2019-07-12 12:28:38,773 INFO  client.GrpcClientProtocolClient (GrpcClientProtocolClient.java:onNext(255)) - client-D83FC23EEBD8->4c571e18-69a3-4a6d-81de-e3e48052df18: receive RaftClientReply:client-D83FC23EEBD8->4c571e18-69a3-4a6d-81de-e3e48052df18@group-644576B5741B, cid=3633, SUCCESS, logIndex=5479, commits[4c571e18-69a3-4a6d-81de-e3e48052df18:c5480, 15893972-388e-43c0-9d6c-ca4c76ac06da:c5477, c86beb1c-9105-4588-b1e8-133030361c51:c5476]
2019-07-12 12:28:38,774 INFO  client.GrpcClientProtocolClient (GrpcClientProtocolClient.java:onNext(255)) - client-D83FC23EEBD8->4c571e18-69a3-4a6d-81de-e3e48052df18: receive RaftClientReply:client-D83FC23EEBD8->4c571e18-69a3-4a6d-81de-e3e48052df18@group-644576B5741B, cid=3634, SUCCESS, logIndex=5480, commits[4c571e18-69a3-4a6d-81de-e3e48052df18:c5480, 15893972-388e-43c0-9d6c-ca4c76ac06da:c5477, c86beb1c-9105-4588-b1e8-133030361c51:c5476]
2019-07-12 12:28:38,780 INFO  client.GrpcClientProtocolClient (GrpcClientProtocolClient.java:onNext(255)) - client-D83FC23EEBD8->4c571e18-69a3-4a6d-81de-e3e48052df18: receive RaftClientReply:client-D83FC23EEBD8->4c571e18-69a3-4a6d-81de-e3e48052df18@group-644576B5741B, cid=3635, SUCCESS, logIndex=0, commits[4c571e18-69a3-4a6d-81de-e3e48052df18:c5482, 15893972-388e-43c0-9d6c-ca4c76ac06da:c5480, c86beb1c-9105-4588-b1e8-133030361c51:c5480]
2019-07-12 12:28:38,809 INFO  client.GrpcClientProtocolClient (GrpcClientProtocolClient.java:onNext(255)) - client-D83FC23EEBD8->4c571e18-69a3-4a6d-81de-e3e48052df18: receive RaftClientReply:client-D83FC23EEBD8->4c571e18-69a3-4a6d-81de-e3e48052df18@group-644576B5741B, cid=3636, SUCCESS, logIndex=5483, commits[4c571e18-69a3-4a6d-81de-e3e48052df18:c5484, 15893972-388e-43c0-9d6c-ca4c76ac06da:c5482, c86beb1c-9105-4588-b1e8-133030361c51:c5482]
2019-07-12 12:28:38,809 INFO  client.GrpcClientProtocolClient (GrpcClientProtocolClient.java:onNext(255)) - client-D83FC23EEBD8->4c571e18-69a3-4a6d-81de-e3e48052df18: receive RaftClientReply:client-D83FC23EEBD8->4c571e18-69a3-4a6d-81de-e3e48052df18@group-644576B5741B, cid=3637, SUCCESS, logIndex=5484, commits[4c571e18-69a3-4a6d-81de-e3e48052df18:c5484, 15893972-388e-43c0-9d6c-ca4c76ac06da:c5482, c86beb1c-9105-4588-b1e8-133030361c51:c5482]
2019-07-12 12:28:38,812 INFO  client.GrpcClientProtocolClient (GrpcClientProtocolClient.java:onNext(255)) - client-D83FC23EEBD8->4c571e18-69a3-4a6d-81de-e3e48052df18: receive RaftClientReply:client-D83FC23EEBD8->4c571e18-69a3-4a6d-81de-e3e48052df18@group-644576B5741B, cid=3638, SUCCESS, logIndex=5485, commits[4c571e18-69a3-4a6d-81de-e3e48052df18:c5486, 15893972-388e-43c0-9d6c-ca4c76ac06da:c5482, c86beb1c-9105-4588-b1e8-133030361c51:c5482]
2019-07-12 12:28:38,813 INFO  client.GrpcClientProtocolClient (GrpcClientProtocolClient.java:onNext(255)) - client-D83FC23EEBD8->4c571e18-69a3-4a6d-81de-e3e48052df18: receive RaftClientReply:client-D83FC23EEBD8->4c571e18-69a3-4a6d-81de-e3e48052df18@group-644576B5741B, cid=3639, SUCCESS, logIndex=5486, commits[4c571e18-69a3-4a6d-81de-e3e48052df18:c5486, 15893972-388e-43c0-9d6c-ca4c76ac06da:c5482, c86beb1c-9105-4588-b1e8-133030361c51:c5482]
2019-07-12 12:28:38,816 INFO  client.GrpcClientProtocolClient (GrpcClientProtocolClient.java:onNext(255)) - client-D83FC23EEBD8->4c571e18-69a3-4a6d-81de-e3e48052df18: receive RaftClientReply:client-D83FC23EEBD8->4c571e18-69a3-4a6d-81de-e3e48052df18@group-644576B5741B, cid=3640, SUCCESS, logIndex=0, commits[4c571e18-69a3-4a6d-81de-e3e48052df18:c5487, 15893972-388e-43c0-9d6c-ca4c76ac06da:c5484, c86beb1c-9105-4588-b1e8-133030361c51:c5484]
2019-07-12 12:28:38,908 INFO  client.GrpcClientProtocolClient (GrpcClientProtocolClient.java:onNext(255)) - client-D83FC23EEBD8->4c571e18-69a3-4a6d-81de-e3e48052df18: receive RaftClientReply:client-D83FC23EEBD8->4c571e18-69a3-4a6d-81de-e3e48052df18@group-644576B5741B, cid=3641, SUCCESS, logIndex=5491, commits[4c571e18-69a3-4a6d-81de-e3e48052df18:c5492, 15893972-388e-43c0-9d6c-ca4c76ac06da:c5490, c86beb1c-9105-4588-b1e8-133030361c51:c5490]
2019-07-12 12:28:38,908 INFO  client.GrpcClientProtocolClient (GrpcClientProtocolClient.java:onNext(255)) - client-D83FC23EEBD8->4c571e18-69a3-4a6d-81de-e3e48052df18: receive RaftClientReply:client-D83FC23EEBD8->4c571e18-69a3-4a6d-81de-e3e48052df18@group-644576B5741B, cid=3642, SUCCESS, logIndex=5492, commits[4c571e18-69a3-4a6d-81de-e3e48052df18:c5492, 15893972-388e-43c0-9d6c-ca4c76ac06da:c5490, c86beb1c-9105-4588-b1e8-133030361c51:c5490]
2019-07-12 12:28:38,933 INFO  client.GrpcClientProtocolClient (GrpcClientProtocolClient.java:onNext(255)) - client-D83FC23EEBD8->4c571e18-69a3-4a6d-81de-e3e48052df18: receive RaftClientReply:client-D83FC23EEBD8->4c571e18-69a3-4a6d-81de-e3e48052df18@group-644576B5741B, cid=3643, SUCCESS, logIndex=5495, commits[4c571e18-69a3-4a6d-81de-e3e48052df18:c5496, 15893972-388e-43c0-9d6c-ca4c76ac06da:c5492, c86beb1c-9105-4588-b1e8-133030361c51:c5492]
2019-07-12 12:28:38,933 INFO  client.GrpcClientProtocolClient (GrpcClientProtocolClient.java:onNext(255)) - client-D83FC23EEBD8->4c571e18-69a3-4a6d-81de-e3e48052df18: receive RaftClientReply:client-D83FC23EEBD8->4c571e18-69a3-4a6d-81de-e3e48052df18@group-644576B5741B, cid=3644, SUCCESS, logIndex=5496, commits[4c571e18-69a3-4a6d-81de-e3e48052df18:c5496, 15893972-388e-43c0-9d6c-ca4c76ac06da:c5492, c86beb1c-9105-4588-b1e8-133030361c51:c5492]
2019-07-12 12:28:38,947 INFO  client.GrpcClientProtocolClient (GrpcClientProtocolClient.java:onNext(255)) - client-D83FC23EEBD8->4c571e18-69a3-4a6d-81de-e3e48052df18: receive RaftClientReply:client-D83FC23EEBD8->4c571e18-69a3-4a6d-81de-e3e48052df18@group-644576B5741B, cid=3645, SUCCESS, logIndex=0, commits[4c571e18-69a3-4a6d-81de-e3e48052df18:c5498, 15893972-388e-43c0-9d6c-ca4c76ac06da:c5496, c86beb1c-9105-4588-b1e8-133030361c51:c5496]
2019-07-12 12:28:38,975 INFO  client.GrpcClientProtocolClient (GrpcClientProtocolClient.java:onNext(255)) - client-D83FC23EEBD8->4c571e18-69a3-4a6d-81de-e3e48052df18: receive RaftClientReply:client-D83FC23EEBD8->4c571e18-69a3-4a6d-81de-e3e48052df18@group-644576B5741B, cid=3646, SUCCESS, logIndex=5499, commits[4c571e18-69a3-4a6d-81de-e3e48052df18:c5500, 15893972-388e-43c0-9d6c-ca4c76ac06da:c5498, c86beb1c-9105-4588-b1e8-133030361c51:c5498]
2019-07-12 12:28:38,975 INFO  client.GrpcClientProtocolClient (GrpcClientProtocolClient.java:onNext(255)) - client-D83FC23EEBD8->4c571e18-69a3-4a6d-81de-e3e48052df18: receive RaftClientReply:client-D83FC23EEBD8->4c571e18-69a3-4a6d-81de-e3e48052df18@group-644576B5741B, cid=3647, SUCCESS, logIndex=5500, commits[4c571e18-69a3-4a6d-81de-e3e48052df18:c5500, 15893972-388e-43c0-9d6c-ca4c76ac06da:c5498, c86beb1c-9105-4588-b1e8-133030361c51:c5498]
2019-07-12 12:28:38,988 INFO  client.GrpcClientProtocolClient (GrpcClientProtocolClient.java:onNext(255)) - client-D83FC23EEBD8->4c571e18-69a3-4a6d-81de-e3e48052df18: receive RaftClientReply:client-D83FC23EEBD8->4c571e18-69a3-4a6d-81de-e3e48052df18@group-644576B5741B, cid=3648, SUCCESS, logIndex=5501, commits[4c571e18-69a3-4a6d-81de-e3e48052df18:c5502, 15893972-388e-43c0-9d6c-ca4c76ac06da:c5498, c86beb1c-9105-4588-b1e8-133030361c51:c5498]
2019-07-12 12:28:38,988 INFO  client.GrpcClientProtocolClient (GrpcClientProtocolClient.java:onNext(255)) - client-D83FC23EEBD8->4c571e18-69a3-4a6d-81de-e3e48052df18: receive RaftClientReply:client-D83FC23EEBD8->4c571e18-69a3-4a6d-81de-e3e48052df18@group-644576B5741B, cid=3649, SUCCESS, logIndex=5502, commits[4c571e18-69a3-4a6d-81de-e3e48052df18:c5502, 15893972-388e-43c0-9d6c-ca4c76ac06da:c5498, c86beb1c-9105-4588-b1e8-133030361c51:c5498]
2019-07-12 12:28:39,000 INFO  client.GrpcClientProtocolClient (GrpcClientProtocolClient.java:onNext(255)) - client-D83FC23EEBD8->4c571e18-69a3-4a6d-81de-e3e48052df18: receive RaftClientReply:client-D83FC23EEBD8->4c571e18-69a3-4a6d-81de-e3e48052df18@group-644576B5741B, cid=3650, SUCCESS, logIndex=0, commits[4c571e18-69a3-4a6d-81de-e3e48052df18:c5504, 15893972-388e-43c0-9d6c-ca4c76ac06da:c5500, c86beb1c-9105-4588-b1e8-133030361c51:c5500]
2019-07-12 12:28:39,026 INFO  client.GrpcClientProtocolClient (GrpcClientProtocolClient.java:onNext(255)) - client-D83FC23EEBD8->4c571e18-69a3-4a6d-81de-e3e48052df18: receive RaftClientReply:client-D83FC23EEBD8->4c571e18-69a3-4a6d-81de-e3e48052df18@group-644576B5741B, cid=3651, SUCCESS, logIndex=5507, commits[4c571e18-69a3-4a6d-81de-e3e48052df18:c5508, 15893972-388e-43c0-9d6c-ca4c76ac06da:c5504, c86beb1c-9105-4588-b1e8-133030361c51:c5504]
2019-07-12 12:28:39,026 INFO  client.GrpcClientProtocolClient (GrpcClientProtocolClient.java:onNext(255)) - client-D83FC23EEBD8->4c571e18-69a3-4a6d-81de-e3e48052df18: receive RaftClientReply:client-D83FC23EEBD8->4c571e18-69a3-4a6d-81de-e3e48052df18@group-644576B5741B, cid=3652, SUCCESS, logIndex=5508, commits[4c571e18-69a3-4a6d-81de-e3e48052df18:c5508, 15893972-388e-43c0-9d6c-ca4c76ac06da:c5504, c86beb1c-9105-4588-b1e8-133030361c51:c5504]
2019-07-12 12:28:39,051 INFO  client.GrpcClientProtocolClient (GrpcClientProtocolClient.java:onNext(255)) - client-D83FC23EEBD8->4c571e18-69a3-4a6d-81de-e3e48052df18: receive RaftClientReply:client-D83FC23EEBD8->4c571e18-69a3-4a6d-81de-e3e48052df18@group-644576B5741B, cid=3653, SUCCESS, logIndex=5511, commits[4c571e18-69a3-4a6d-81de-e3e48052df18:c5512, 15893972-388e-43c0-9d6c-ca4c76ac06da:c5508, c86beb1c-9105-4588-b1e8-133030361c51:c5508]
2019-07-12 12:28:39,052 INFO  client.GrpcClientProtocolClient (GrpcClientProtocolClient.java:onNext(255)) - client-D83FC23EEBD8->4c571e18-69a3-4a6d-81de-e3e48052df18: receive RaftClientReply:client-D83FC23EEBD8->4c571e18-69a3-4a6d-81de-e3e48052df18@group-644576B5741B, cid=3654, SUCCESS, logIndex=5512, commits[4c571e18-69a3-4a6d-81de-e3e48052df18:c5512, 15893972-388e-43c0-9d6c-ca4c76ac06da:c5508, c86beb1c-9105-4588-b1e8-133030361c51:c5508]
2019-07-12 12:28:39,067 INFO  client.GrpcClientProtocolClient (GrpcClientProtocolClient.java:onNext(255)) - client-D83FC23EEBD8->4c571e18-69a3-4a6d-81de-e3e48052df18: receive RaftClientReply:client-D83FC23EEBD8->4c571e18-69a3-4a6d-81de-e3e48052df18@group-644576B5741B, cid=3655, SUCCESS, logIndex=0, commits[4c571e18-69a3-4a6d-81de-e3e48052df18:c5514, 15893972-388e-43c0-9d6c-ca4c76ac06da:c5512, c86beb1c-9105-4588-b1e8-133030361c51:c5512]
2019-07-12 12:28:39,091 INFO  client.GrpcClientProtocolClient (GrpcClientProtocolClient.java:onNext(255)) - client-D83FC23EEBD8->4c571e18-69a3-4a6d-81de-e3e48052df18: receive RaftClientReply:client-D83FC23EEBD8->4c571e18-69a3-4a6d-81de-e3e48052df18@group-644576B5741B, cid=3656, SUCCESS, logIndex=5515, commits[4c571e18-69a3-4a6d-81de-e3e48052df18:c5516, 15893972-388e-43c0-9d6c-ca4c76ac06da:c5514, c86beb1c-9105-4588-b1e8-133030361c51:c5514]
2019-07-12 12:28:39,091 INFO  client.GrpcClientProtocolClient (GrpcClientProtocolClient.java:onNext(255)) - client-D83FC23EEBD8->4c571e18-69a3-4a6d-81de-e3e48052df18: receive RaftClientReply:client-D83FC23EEBD8->4c571e18-69a3-4a6d-81de-e3e48052df18@group-644576B5741B, cid=3657, SUCCESS, logIndex=5516, commits[4c571e18-69a3-4a6d-81de-e3e48052df18:c5516, 15893972-388e-43c0-9d6c-ca4c76ac06da:c5514, c86beb1c-9105-4588-b1e8-133030361c51:c5514]
2019-07-12 12:28:39,093 INFO  client.GrpcClientProtocolClient (GrpcClientProtocolClient.java:onNext(255)) - client-D83FC23EEBD8->4c571e18-69a3-4a6d-81de-e3e48052df18: receive RaftClientReply:client-D83FC23EEBD8->4c571e18-69a3-4a6d-81de-e3e48052df18@group-644576B5741B, cid=3658, SUCCESS, logIndex=5517, commits[4c571e18-69a3-4a6d-81de-e3e48052df18:c5517, 15893972-388e-43c0-9d6c-ca4c76ac06da:c5514, c86beb1c-9105-4588-b1e8-133030361c51:c5514]
2019-07-12 12:28:39,094 INFO  client.GrpcClientProtocolClient (GrpcClientProtocolClient.java:onNext(255)) - client-D83FC23EEBD8->4c571e18-69a3-4a6d-81de-e3e48052df18: receive RaftClientReply:client-D83FC23EEBD8->4c571e18-69a3-4a6d-81de-e3e48052df18@group-644576B5741B, cid=3659, SUCCESS, logIndex=5518, commits[4c571e18-69a3-4a6d-81de-e3e48052df18:c5518, 15893972-388e-43c0-9d6c-ca4c76ac06da:c5514, c86beb1c-9105-4588-b1e8-133030361c51:c5514]
2019-07-12 12:28:39,104 INFO  client.GrpcClientProtocolClient (GrpcClientProtocolClient.java:onNext(255)) - client-D83FC23EEBD8->4c571e18-69a3-4a6d-81de-e3e48052df18: receive RaftClientReply:client-D83FC23EEBD8->4c571e18-69a3-4a6d-81de-e3e48052df18@group-644576B5741B, cid=3660, SUCCESS, logIndex=0, commits[4c571e18-69a3-4a6d-81de-e3e48052df18:c5519, 15893972-388e-43c0-9d6c-ca4c76ac06da:c5516, c86beb1c-9105-4588-b1e8-133030361c51:c5516]
2019-07-12 12:28:39,121 INFO  client.GrpcClientProtocolClient (GrpcClientProtocolClient.java:onNext(255)) - client-D83FC23EEBD8->4c571e18-69a3-4a6d-81de-e3e48052df18: receive RaftClientReply:client-D83FC23EEBD8->4c571e18-69a3-4a6d-81de-e3e48052df18@group-644576B5741B, cid=3661, SUCCESS, logIndex=5523, commits[4c571e18-69a3-4a6d-81de-e3e48052df18:c5524, 15893972-388e-43c0-9d6c-ca4c76ac06da:c5522, c86beb1c-9105-4588-b1e8-133030361c51:c5522]
2019-07-12 12:28:39,122 INFO  client.GrpcClientProtocolClient (GrpcClientProtocolClient.java:onNext(255)) - client-D83FC23EEBD8->4c571e18-69a3-4a6d-81de-e3e48052df18: receive RaftClientReply:client-D83FC23EEBD8->4c571e18-69a3-4a6d-81de-e3e48052df18@group-644576B5741B, cid=3662, SUCCESS, logIndex=5524, commits[4c571e18-69a3-4a6d-81de-e3e48052df18:c5524, 15893972-388e-43c0-9d6c-ca4c76ac06da:c5522, c86beb1c-9105-4588-b1e8-133030361c51:c5522]
2019-07-12 12:28:39,136 INFO  client.GrpcClientProtocolClient (GrpcClientProtocolClient.java:onNext(255)) - client-D83FC23EEBD8->4c571e18-69a3-4a6d-81de-e3e48052df18: receive RaftClientReply:client-D83FC23EEBD8->4c571e18-69a3-4a6d-81de-e3e48052df18@group-644576B5741B, cid=3663, SUCCESS, logIndex=5527, commits[4c571e18-69a3-4a6d-81de-e3e48052df18:c5527, 15893972-388e-43c0-9d6c-ca4c76ac06da:c5524, c86beb1c-9105-4588-b1e8-133030361c51:c5524]
2019-07-12 12:28:39,136 INFO  client.GrpcClientProtocolClient (GrpcClientProtocolClient.java:onNext(255)) - client-D83FC23EEBD8->4c571e18-69a3-4a6d-81de-e3e48052df18: receive RaftClientReply:client-D83FC23EEBD8->4c571e18-69a3-4a6d-81de-e3e48052df18@group-644576B5741B, cid=3664, SUCCESS, logIndex=5528, commits[4c571e18-69a3-4a6d-81de-e3e48052df18:c5528, 15893972-388e-43c0-9d6c-ca4c76ac06da:c5524, c86beb1c-9105-4588-b1e8-133030361c51:c5524]
2019-07-12 12:28:39,162 INFO  client.GrpcClientProtocolClient (GrpcClientProtocolClient.java:onNext(255)) - client-D83FC23EEBD8->4c571e18-69a3-4a6d-81de-e3e48052df18: receive RaftClientReply:client-D83FC23EEBD8->4c571e18-69a3-4a6d-81de-e3e48052df18@group-644576B5741B, cid=3665, SUCCESS, logIndex=0, commits[4c571e18-69a3-4a6d-81de-e3e48052df18:c5529, 15893972-388e-43c0-9d6c-ca4c76ac06da:c5528, c86beb1c-9105-4588-b1e8-133030361c51:c5528]
2019-07-12 12:28:39,188 INFO  client.GrpcClientProtocolClient (GrpcClientProtocolClient.java:onNext(255)) - client-D83FC23EEBD8->4c571e18-69a3-4a6d-81de-e3e48052df18: receive RaftClientReply:client-D83FC23EEBD8->4c571e18-69a3-4a6d-81de-e3e48052df18@group-644576B5741B, cid=3666, SUCCESS, logIndex=5531, commits[4c571e18-69a3-4a6d-81de-e3e48052df18:c5532, 15893972-388e-43c0-9d6c-ca4c76ac06da:c5530, c86beb1c-9105-4588-b1e8-133030361c51:c5530]
2019-07-12 12:28:39,188 INFO  client.GrpcClientProtocolClient (GrpcClientProtocolClient.java:onNext(255)) - client-D83FC23EEBD8->4c571e18-69a3-4a6d-81de-e3e48052df18: receive RaftClientReply:client-D83FC23EEBD8->4c571e18-69a3-4a6d-81de-e3e48052df18@group-644576B5741B, cid=3667, SUCCESS, logIndex=5532, commits[4c571e18-69a3-4a6d-81de-e3e48052df18:c5532, 15893972-388e-43c0-9d6c-ca4c76ac06da:c5530, c86beb1c-9105-4588-b1e8-133030361c51:c5530]
2019-07-12 12:28:39,190 INFO  client.GrpcClientProtocolClient (GrpcClientProtocolClient.java:onNext(255)) - client-D83FC23EEBD8->4c571e18-69a3-4a6d-81de-e3e48052df18: receive RaftClientReply:client-D83FC23EEBD8->4c571e18-69a3-4a6d-81de-e3e48052df18@group-644576B5741B, cid=3668, SUCCESS, logIndex=5533, commits[4c571e18-69a3-4a6d-81de-e3e48052df18:c5533, 15893972-388e-43c0-9d6c-ca4c76ac06da:c5530, c86beb1c-9105-4588-b1e8-133030361c51:c5530]
2019-07-12 12:28:39,190 INFO  client.GrpcClientProtocolClient (GrpcClientProtocolClient.java:onNext(255)) - client-D83FC23EEBD8->4c571e18-69a3-4a6d-81de-e3e48052df18: receive RaftClientReply:client-D83FC23EEBD8->4c571e18-69a3-4a6d-81de-e3e48052df18@group-644576B5741B, cid=3669, SUCCESS, logIndex=5534, commits[4c571e18-69a3-4a6d-81de-e3e48052df18:c5534, 15893972-388e-43c0-9d6c-ca4c76ac06da:c5530, c86beb1c-9105-4588-b1e8-133030361c51:c5530]
2019-07-12 12:28:39,204 INFO  client.GrpcClientProtocolClient (GrpcClientProtocolClient.java:onNext(255)) - client-D83FC23EEBD8->4c571e18-69a3-4a6d-81de-e3e48052df18: receive RaftClientReply:client-D83FC23EEBD8->4c571e18-69a3-4a6d-81de-e3e48052df18@group-644576B5741B, cid=3670, SUCCESS, logIndex=0, commits[4c571e18-69a3-4a6d-81de-e3e48052df18:c5535, 15893972-388e-43c0-9d6c-ca4c76ac06da:c5532, c86beb1c-9105-4588-b1e8-133030361c51:c5532]
2019-07-12 12:28:39,228 INFO  client.GrpcClientProtocolClient (GrpcClientProtocolClient.java:onNext(255)) - client-D83FC23EEBD8->4c571e18-69a3-4a6d-81de-e3e48052df18: receive RaftClientReply:client-D83FC23EEBD8->4c571e18-69a3-4a6d-81de-e3e48052df18@group-644576B5741B, cid=3671, SUCCESS, logIndex=5539, commits[4c571e18-69a3-4a6d-81de-e3e48052df18:c5540, 15893972-388e-43c0-9d6c-ca4c76ac06da:c5535, c86beb1c-9105-4588-b1e8-133030361c51:c5535]
2019-07-12 12:28:39,228 INFO  client.GrpcClientProtocolClient (GrpcClientProtocolClient.java:onNext(255)) - client-D83FC23EEBD8->4c571e18-69a3-4a6d-81de-e3e48052df18: receive RaftClientReply:client-D83FC23EEBD8->4c571e18-69a3-4a6d-81de-e3e48052df18@group-644576B5741B, cid=3672, SUCCESS, logIndex=5540, commits[4c571e18-69a3-4a6d-81de-e3e48052df18:c5540, 15893972-388e-43c0-9d6c-ca4c76ac06da:c5535, c86beb1c-9105-4588-b1e8-133030361c51:c5535]
2019-07-12 12:28:39,255 INFO  client.GrpcClientProtocolClient (GrpcClientProtocolClient.java:onNext(255)) - client-D83FC23EEBD8->4c571e18-69a3-4a6d-81de-e3e48052df18: receive RaftClientReply:client-D83FC23EEBD8->4c571e18-69a3-4a6d-81de-e3e48052df18@group-644576B5741B, cid=3673, SUCCESS, logIndex=5543, commits[4c571e18-69a3-4a6d-81de-e3e48052df18:c5544, 15893972-388e-43c0-9d6c-ca4c76ac06da:c5540, c86beb1c-9105-4588-b1e8-133030361c51:c5540]
2019-07-12 12:28:39,255 INFO  client.GrpcClientProtocolClient (GrpcClientProtocolClient.java:onNext(255)) - client-D83FC23EEBD8->4c571e18-69a3-4a6d-81de-e3e48052df18: receive RaftClientReply:client-D83FC23EEBD8->4c571e18-69a3-4a6d-81de-e3e48052df18@group-644576B5741B, cid=3674, SUCCESS, logIndex=5544, commits[4c571e18-69a3-4a6d-81de-e3e48052df18:c5544, 15893972-388e-43c0-9d6c-ca4c76ac06da:c5540, c86beb1c-9105-4588-b1e8-133030361c51:c5540]
2019-07-12 12:28:39,268 INFO  client.GrpcClientProtocolClient (GrpcClientProtocolClient.java:onNext(255)) - client-D83FC23EEBD8->4c571e18-69a3-4a6d-81de-e3e48052df18: receive RaftClientReply:client-D83FC23EEBD8->4c571e18-69a3-4a6d-81de-e3e48052df18@group-644576B5741B, cid=3675, SUCCESS, logIndex=0, commits[4c571e18-69a3-4a6d-81de-e3e48052df18:c5545, 15893972-388e-43c0-9d6c-ca4c76ac06da:c5544, c86beb1c-9105-4588-b1e8-133030361c51:c5544]
2019-07-12 12:28:39,298 INFO  client.GrpcClientProtocolClient (GrpcClientProtocolClient.java:onNext(255)) - client-D83FC23EEBD8->4c571e18-69a3-4a6d-81de-e3e48052df18: receive RaftClientReply:client-D83FC23EEBD8->4c571e18-69a3-4a6d-81de-e3e48052df18@group-644576B5741B, cid=3676, SUCCESS, logIndex=5547, commits[4c571e18-69a3-4a6d-81de-e3e48052df18:c5548, 15893972-388e-43c0-9d6c-ca4c76ac06da:c5546, c86beb1c-9105-4588-b1e8-133030361c51:c5546]
2019-07-12 12:28:39,305 INFO  client.GrpcClientProtocolClient (GrpcClientProtocolClient.java:onNext(255)) - client-D83FC23EEBD8->4c571e18-69a3-4a6d-81de-e3e48052df18: receive RaftClientReply:client-D83FC23EEBD8->4c571e18-69a3-4a6d-81de-e3e48052df18@group-644576B5741B, cid=3677, SUCCESS, logIndex=5548, commits[4c571e18-69a3-4a6d-81de-e3e48052df18:c5548, 15893972-388e-43c0-9d6c-ca4c76ac06da:c5546, c86beb1c-9105-4588-b1e8-133030361c51:c5546]
2019-07-12 12:28:39,308 INFO  client.GrpcClientProtocolClient (GrpcClientProtocolClient.java:onNext(255)) - client-D83FC23EEBD8->4c571e18-69a3-4a6d-81de-e3e48052df18: receive RaftClientReply:client-D83FC23EEBD8->4c571e18-69a3-4a6d-81de-e3e48052df18@group-644576B5741B, cid=3678, SUCCESS, logIndex=5549, commits[4c571e18-69a3-4a6d-81de-e3e48052df18:c5549, 15893972-388e-43c0-9d6c-ca4c76ac06da:c5546, c86beb1c-9105-4588-b1e8-133030361c51:c5546]
2019-07-12 12:28:39,309 INFO  client.GrpcClientProtocolClient (GrpcClientProtocolClient.java:onNext(255)) - client-D83FC23EEBD8->4c571e18-69a3-4a6d-81de-e3e48052df18: receive RaftClientReply:client-D83FC23EEBD8->4c571e18-69a3-4a6d-81de-e3e48052df18@group-644576B5741B, cid=3679, SUCCESS, logIndex=5550, commits[4c571e18-69a3-4a6d-81de-e3e48052df18:c5551, 15893972-388e-43c0-9d6c-ca4c76ac06da:c5548, c86beb1c-9105-4588-b1e8-133030361c51:c5546]
2019-07-12 12:28:39,309 INFO  client.GrpcClientProtocolClient (GrpcClientProtocolClient.java:onNext(255)) - client-D83FC23EEBD8->4c571e18-69a3-4a6d-81de-e3e48052df18: receive RaftClientReply:client-D83FC23EEBD8->4c571e18-69a3-4a6d-81de-e3e48052df18@group-644576B5741B, cid=3680, SUCCESS, logIndex=0, commits[4c571e18-69a3-4a6d-81de-e3e48052df18:c5552, 15893972-388e-43c0-9d6c-ca4c76ac06da:c5548, c86beb1c-9105-4588-b1e8-133030361c51:c5548]
2019-07-12 12:28:39,318 INFO  client.GrpcClientProtocolClient (GrpcClientProtocolClient.java:onNext(255)) - client-D83FC23EEBD8->4c571e18-69a3-4a6d-81de-e3e48052df18: receive RaftClientReply:client-D83FC23EEBD8->4c571e18-69a3-4a6d-81de-e3e48052df18@group-644576B5741B, cid=3681, SUCCESS, logIndex=5555, commits[4c571e18-69a3-4a6d-81de-e3e48052df18:c5556, 15893972-388e-43c0-9d6c-ca4c76ac06da:c5554, c86beb1c-9105-4588-b1e8-133030361c51:c5554]
2019-07-12 12:28:39,318 INFO  client.GrpcClientProtocolClient (GrpcClientProtocolClient.java:onNext(255)) - client-D83FC23EEBD8->4c571e18-69a3-4a6d-81de-e3e48052df18: receive RaftClientReply:client-D83FC23EEBD8->4c571e18-69a3-4a6d-81de-e3e48052df18@group-644576B5741B, cid=3682, SUCCESS, logIndex=5556, commits[4c571e18-69a3-4a6d-81de-e3e48052df18:c5556, 15893972-388e-43c0-9d6c-ca4c76ac06da:c5554, c86beb1c-9105-4588-b1e8-133030361c51:c5554]
2019-07-12 12:28:39,346 INFO  client.GrpcClientProtocolClient (GrpcClientProtocolClient.java:onNext(255)) - client-D83FC23EEBD8->4c571e18-69a3-4a6d-81de-e3e48052df18: receive RaftClientReply:client-D83FC23EEBD8->4c571e18-69a3-4a6d-81de-e3e48052df18@group-644576B5741B, cid=3683, SUCCESS, logIndex=5559, commits[4c571e18-69a3-4a6d-81de-e3e48052df18:c5560, 15893972-388e-43c0-9d6c-ca4c76ac06da:c5558, c86beb1c-9105-4588-b1e8-133030361c51:c5558]
2019-07-12 12:28:39,346 INFO  client.GrpcClientProtocolClient (GrpcClientProtocolClient.java:onNext(255)) - client-D83FC23EEBD8->4c571e18-69a3-4a6d-81de-e3e48052df18: receive RaftClientReply:client-D83FC23EEBD8->4c571e18-69a3-4a6d-81de-e3e48052df18@group-644576B5741B, cid=3684, SUCCESS, logIndex=5560, commits[4c571e18-69a3-4a6d-81de-e3e48052df18:c5560, 15893972-388e-43c0-9d6c-ca4c76ac06da:c5558, c86beb1c-9105-4588-b1e8-133030361c51:c5558]
2019-07-12 12:28:39,358 INFO  client.GrpcClientProtocolClient (GrpcClientProtocolClient.java:onNext(255)) - client-D83FC23EEBD8->4c571e18-69a3-4a6d-81de-e3e48052df18: receive RaftClientReply:client-D83FC23EEBD8->4c571e18-69a3-4a6d-81de-e3e48052df18@group-644576B5741B, cid=3685, SUCCESS, logIndex=0, commits[4c571e18-69a3-4a6d-81de-e3e48052df18:c5560, 15893972-388e-43c0-9d6c-ca4c76ac06da:c5560, c86beb1c-9105-4588-b1e8-133030361c51:c5560]
2019-07-12 12:28:39,389 INFO  client.GrpcClientProtocolClient (GrpcClientProtocolClient.java:onNext(255)) - client-D83FC23EEBD8->4c571e18-69a3-4a6d-81de-e3e48052df18: receive RaftClientReply:client-D83FC23EEBD8->4c571e18-69a3-4a6d-81de-e3e48052df18@group-644576B5741B, cid=3686, SUCCESS, logIndex=5563, commits[4c571e18-69a3-4a6d-81de-e3e48052df18:c5566, 15893972-388e-43c0-9d6c-ca4c76ac06da:c5562, c86beb1c-9105-4588-b1e8-133030361c51:c5562]
2019-07-12 12:28:39,389 INFO  client.GrpcClientProtocolClient (GrpcClientProtocolClient.java:onNext(255)) - client-D83FC23EEBD8->4c571e18-69a3-4a6d-81de-e3e48052df18: receive RaftClientReply:client-D83FC23EEBD8->4c571e18-69a3-4a6d-81de-e3e48052df18@group-644576B5741B, cid=3687, SUCCESS, logIndex=5564, commits[4c571e18-69a3-4a6d-81de-e3e48052df18:c5566, 15893972-388e-43c0-9d6c-ca4c76ac06da:c5562, c86beb1c-9105-4588-b1e8-133030361c51:c5562]
2019-07-12 12:28:39,389 INFO  client.GrpcClientProtocolClient (GrpcClientProtocolClient.java:onNext(255)) - client-D83FC23EEBD8->4c571e18-69a3-4a6d-81de-e3e48052df18: receive RaftClientReply:client-D83FC23EEBD8->4c571e18-69a3-4a6d-81de-e3e48052df18@group-644576B5741B, cid=3688, SUCCESS, logIndex=5565, commits[4c571e18-69a3-4a6d-81de-e3e48052df18:c5566, 15893972-388e-43c0-9d6c-ca4c76ac06da:c5562, c86beb1c-9105-4588-b1e8-133030361c51:c5562]
2019-07-12 12:28:39,389 INFO  client.GrpcClientProtocolClient (GrpcClientProtocolClient.java:onNext(255)) - client-D83FC23EEBD8->4c571e18-69a3-4a6d-81de-e3e48052df18: receive RaftClientReply:client-D83FC23EEBD8->4c571e18-69a3-4a6d-81de-e3e48052df18@group-644576B5741B, cid=3689, SUCCESS, logIndex=5566, commits[4c571e18-69a3-4a6d-81de-e3e48052df18:c5566, 15893972-388e-43c0-9d6c-ca4c76ac06da:c5562, c86beb1c-9105-4588-b1e8-133030361c51:c5562]
2019-07-12 12:28:39,403 INFO  client.GrpcClientProtocolClient (GrpcClientProtocolClient.java:onNext(255)) - client-D83FC23EEBD8->4c571e18-69a3-4a6d-81de-e3e48052df18: receive RaftClientReply:client-D83FC23EEBD8->4c571e18-69a3-4a6d-81de-e3e48052df18@group-644576B5741B, cid=3690, SUCCESS, logIndex=0, commits[4c571e18-69a3-4a6d-81de-e3e48052df18:c5569, 15893972-388e-43c0-9d6c-ca4c76ac06da:c5565, c86beb1c-9105-4588-b1e8-133030361c51:c5564]
2019-07-12 12:28:39,422 INFO  client.GrpcClientProtocolClient (GrpcClientProtocolClient.java:onNext(255)) - client-D83FC23EEBD8->4c571e18-69a3-4a6d-81de-e3e48052df18: receive RaftClientReply:client-D83FC23EEBD8->4c571e18-69a3-4a6d-81de-e3e48052df18@group-644576B5741B, cid=3691, SUCCESS, logIndex=5571, commits[4c571e18-69a3-4a6d-81de-e3e48052df18:c5572, 15893972-388e-43c0-9d6c-ca4c76ac06da:c5570, c86beb1c-9105-4588-b1e8-133030361c51:c5570]
2019-07-12 12:28:39,422 INFO  client.GrpcClientProtocolClient (GrpcClientProtocolClient.java:onNext(255)) - client-D83FC23EEBD8->4c571e18-69a3-4a6d-81de-e3e48052df18: receive RaftClientReply:client-D83FC23EEBD8->4c571e18-69a3-4a6d-81de-e3e48052df18@group-644576B5741B, cid=3692, SUCCESS, logIndex=5572, commits[4c571e18-69a3-4a6d-81de-e3e48052df18:c5572, 15893972-388e-43c0-9d6c-ca4c76ac06da:c5570, c86beb1c-9105-4588-b1e8-133030361c51:c5570]
2019-07-12 12:28:39,448 INFO  client.GrpcClientProtocolClient (GrpcClientProtocolClient.java:onNext(255)) - client-D83FC23EEBD8->4c571e18-69a3-4a6d-81de-e3e48052df18: receive RaftClientReply:client-D83FC23EEBD8->4c571e18-69a3-4a6d-81de-e3e48052df18@group-644576B5741B, cid=3693, SUCCESS, logIndex=5575, commits[4c571e18-69a3-4a6d-81de-e3e48052df18:c5576, 15893972-388e-43c0-9d6c-ca4c76ac06da:c5572, c86beb1c-9105-4588-b1e8-133030361c51:c5572]
2019-07-12 12:28:39,448 INFO  client.GrpcClientProtocolClient (GrpcClientProtocolClient.java:onNext(255)) - client-D83FC23EEBD8->4c571e18-69a3-4a6d-81de-e3e48052df18: receive RaftClientReply:client-D83FC23EEBD8->4c571e18-69a3-4a6d-81de-e3e48052df18@group-644576B5741B, cid=3694, SUCCESS, logIndex=5576, commits[4c571e18-69a3-4a6d-81de-e3e48052df18:c5576, 15893972-388e-43c0-9d6c-ca4c76ac06da:c5572, c86beb1c-9105-4588-b1e8-133030361c51:c5572]
2019-07-12 12:28:39,474 INFO  client.GrpcClientProtocolClient (GrpcClientProtocolClient.java:onNext(255)) - client-D83FC23EEBD8->4c571e18-69a3-4a6d-81de-e3e48052df18: receive RaftClientReply:client-D83FC23EEBD8->4c571e18-69a3-4a6d-81de-e3e48052df18@group-644576B5741B, cid=3695, SUCCESS, logIndex=0, commits[4c571e18-69a3-4a6d-81de-e3e48052df18:c5577, 15893972-388e-43c0-9d6c-ca4c76ac06da:c5576, c86beb1c-9105-4588-b1e8-133030361c51:c5576]
2019-07-12 12:28:39,503 INFO  client.GrpcClientProtocolClient (GrpcClientProtocolClient.java:onNext(255)) - client-D83FC23EEBD8->4c571e18-69a3-4a6d-81de-e3e48052df18: receive RaftClientReply:client-D83FC23EEBD8->4c571e18-69a3-4a6d-81de-e3e48052df18@group-644576B5741B, cid=3696, SUCCESS, logIndex=5579, commits[4c571e18-69a3-4a6d-81de-e3e48052df18:c5580, 15893972-388e-43c0-9d6c-ca4c76ac06da:c5578, c86beb1c-9105-4588-b1e8-133030361c51:c5578]
2019-07-12 12:28:39,503 INFO  client.GrpcClientProtocolClient (GrpcClientProtocolClient.java:onNext(255)) - client-D83FC23EEBD8->4c571e18-69a3-4a6d-81de-e3e48052df18: receive RaftClientReply:client-D83FC23EEBD8->4c571e18-69a3-4a6d-81de-e3e48052df18@group-644576B5741B, cid=3697, SUCCESS, logIndex=5580, commits[4c571e18-69a3-4a6d-81de-e3e48052df18:c5580, 15893972-388e-43c0-9d6c-ca4c76ac06da:c5578, c86beb1c-9105-4588-b1e8-133030361c51:c5578]
2019-07-12 12:28:39,516 INFO  client.GrpcClientProtocolClient (GrpcClientProtocolClient.java:onNext(255)) - client-D83FC23EEBD8->4c571e18-69a3-4a6d-81de-e3e48052df18: receive RaftClientReply:client-D83FC23EEBD8->4c571e18-69a3-4a6d-81de-e3e48052df18@group-644576B5741B, cid=3698, SUCCESS, logIndex=5581, commits[4c571e18-69a3-4a6d-81de-e3e48052df18:c5582, 15893972-388e-43c0-9d6c-ca4c76ac06da:c5578, c86beb1c-9105-4588-b1e8-133030361c51:c5578]
2019-07-12 12:28:39,516 INFO  client.GrpcClientProtocolClient (GrpcClientProtocolClient.java:onNext(255)) - client-D83FC23EEBD8->4c571e18-69a3-4a6d-81de-e3e48052df18: receive RaftClientReply:client-D83FC23EEBD8->4c571e18-69a3-4a6d-81de-e3e48052df18@group-644576B5741B, cid=3699, SUCCESS, logIndex=5582, commits[4c571e18-69a3-4a6d-81de-e3e48052df18:c5582, 15893972-388e-43c0-9d6c-ca4c76ac06da:c5578, c86beb1c-9105-4588-b1e8-133030361c51:c5578]
2019-07-12 12:28:39,528 INFO  client.GrpcClientProtocolClient (GrpcClientProtocolClient.java:onNext(255)) - client-D83FC23EEBD8->4c571e18-69a3-4a6d-81de-e3e48052df18: receive RaftClientReply:client-D83FC23EEBD8->4c571e18-69a3-4a6d-81de-e3e48052df18@group-644576B5741B, cid=3700, SUCCESS, logIndex=0, commits[4c571e18-69a3-4a6d-81de-e3e48052df18:c5583, 15893972-388e-43c0-9d6c-ca4c76ac06da:c5580, c86beb1c-9105-4588-b1e8-133030361c51:c5580]
2019-07-12 12:28:39,551 INFO  client.GrpcClientProtocolClient (GrpcClientProtocolClient.java:onNext(255)) - client-D83FC23EEBD8->4c571e18-69a3-4a6d-81de-e3e48052df18: receive RaftClientReply:client-D83FC23EEBD8->4c571e18-69a3-4a6d-81de-e3e48052df18@group-644576B5741B, cid=3701, SUCCESS, logIndex=5587, commits[4c571e18-69a3-4a6d-81de-e3e48052df18:c5588, 15893972-388e-43c0-9d6c-ca4c76ac06da:c5584, c86beb1c-9105-4588-b1e8-133030361c51:c5584]
2019-07-12 12:28:39,551 INFO  client.GrpcClientProtocolClient (GrpcClientProtocolClient.java:onNext(255)) - client-D83FC23EEBD8->4c571e18-69a3-4a6d-81de-e3e48052df18: receive RaftClientReply:client-D83FC23EEBD8->4c571e18-69a3-4a6d-81de-e3e48052df18@group-644576B5741B, cid=3702, SUCCESS, logIndex=5588, commits[4c571e18-69a3-4a6d-81de-e3e48052df18:c5588, 15893972-388e-43c0-9d6c-ca4c76ac06da:c5584, c86beb1c-9105-4588-b1e8-133030361c51:c5584]
2019-07-12 12:28:39,566 INFO  client.GrpcClientProtocolClient (GrpcClientProtocolClient.java:onNext(255)) - client-D83FC23EEBD8->4c571e18-69a3-4a6d-81de-e3e48052df18: receive RaftClientReply:client-D83FC23EEBD8->4c571e18-69a3-4a6d-81de-e3e48052df18@group-644576B5741B, cid=3703, SUCCESS, logIndex=5591, commits[4c571e18-69a3-4a6d-81de-e3e48052df18:c5592, 15893972-388e-43c0-9d6c-ca4c76ac06da:c5588, c86beb1c-9105-4588-b1e8-133030361c51:c5588]
2019-07-12 12:28:39,566 INFO  client.GrpcClientProtocolClient (GrpcClientProtocolClient.java:onNext(255)) - client-D83FC23EEBD8->4c571e18-69a3-4a6d-81de-e3e48052df18: receive RaftClientReply:client-D83FC23EEBD8->4c571e18-69a3-4a6d-81de-e3e48052df18@group-644576B5741B, cid=3704, SUCCESS, logIndex=5592, commits[4c571e18-69a3-4a6d-81de-e3e48052df18:c5592, 15893972-388e-43c0-9d6c-ca4c76ac06da:c5588, c86beb1c-9105-4588-b1e8-133030361c51:c5588]
2019-07-12 12:28:39,569 INFO  client.GrpcClientProtocolClient (GrpcClientProtocolClient.java:onNext(255)) - client-D83FC23EEBD8->4c571e18-69a3-4a6d-81de-e3e48052df18: receive RaftClientReply:client-D83FC23EEBD8->4c571e18-69a3-4a6d-81de-e3e48052df18@group-644576B5741B, cid=3705, SUCCESS, logIndex=0, commits[4c571e18-69a3-4a6d-81de-e3e48052df18:c5593, 15893972-388e-43c0-9d6c-ca4c76ac06da:c5592, c86beb1c-9105-4588-b1e8-133030361c51:c5592]
2019-07-12 12:28:39,592 INFO  client.GrpcClientProtocolClient (GrpcClientProtocolClient.java:onNext(255)) - client-D83FC23EEBD8->4c571e18-69a3-4a6d-81de-e3e48052df18: receive RaftClientReply:client-D83FC23EEBD8->4c571e18-69a3-4a6d-81de-e3e48052df18@group-644576B5741B, cid=3706, SUCCESS, logIndex=5595, commits[4c571e18-69a3-4a6d-81de-e3e48052df18:c5596, 15893972-388e-43c0-9d6c-ca4c76ac06da:c5594, c86beb1c-9105-4588-b1e8-133030361c51:c5594]
2019-07-12 12:28:39,592 INFO  client.GrpcClientProtocolClient (GrpcClientProtocolClient.java:onNext(255)) - client-D83FC23EEBD8->4c571e18-69a3-4a6d-81de-e3e48052df18: receive RaftClientReply:client-D83FC23EEBD8->4c571e18-69a3-4a6d-81de-e3e48052df18@group-644576B5741B, cid=3707, SUCCESS, logIndex=5596, commits[4c571e18-69a3-4a6d-81de-e3e48052df18:c5596, 15893972-388e-43c0-9d6c-ca4c76ac06da:c5594, c86beb1c-9105-4588-b1e8-133030361c51:c5594]
2019-07-12 12:28:39,594 INFO  client.GrpcClientProtocolClient (GrpcClientProtocolClient.java:onNext(255)) - client-D83FC23EEBD8->4c571e18-69a3-4a6d-81de-e3e48052df18: receive RaftClientReply:client-D83FC23EEBD8->4c571e18-69a3-4a6d-81de-e3e48052df18@group-644576B5741B, cid=3708, SUCCESS, logIndex=5597, commits[4c571e18-69a3-4a6d-81de-e3e48052df18:c5598, 15893972-388e-43c0-9d6c-ca4c76ac06da:c5594, c86beb1c-9105-4588-b1e8-133030361c51:c5594]
2019-07-12 12:28:39,594 INFO  client.GrpcClientProtocolClient (GrpcClientProtocolClient.java:onNext(255)) - client-D83FC23EEBD8->4c571e18-69a3-4a6d-81de-e3e48052df18: receive RaftClientReply:client-D83FC23EEBD8->4c571e18-69a3-4a6d-81de-e3e48052df18@group-644576B5741B, cid=3709, SUCCESS, logIndex=5598, commits[4c571e18-69a3-4a6d-81de-e3e48052df18:c5598, 15893972-388e-43c0-9d6c-ca4c76ac06da:c5594, c86beb1c-9105-4588-b1e8-133030361c51:c5594]
2019-07-12 12:28:39,605 INFO  client.GrpcClientProtocolClient (GrpcClientProtocolClient.java:onNext(255)) - client-D83FC23EEBD8->4c571e18-69a3-4a6d-81de-e3e48052df18: receive RaftClientReply:client-D83FC23EEBD8->4c571e18-69a3-4a6d-81de-e3e48052df18@group-644576B5741B, cid=3710, SUCCESS, logIndex=0, commits[4c571e18-69a3-4a6d-81de-e3e48052df18:c5599, 15893972-388e-43c0-9d6c-ca4c76ac06da:c5596, c86beb1c-9105-4588-b1e8-133030361c51:c5596]
2019-07-12 12:28:39,620 INFO  client.GrpcClientProtocolClient (GrpcClientProtocolClient.java:onNext(255)) - client-D83FC23EEBD8->4c571e18-69a3-4a6d-81de-e3e48052df18: receive RaftClientReply:client-D83FC23EEBD8->4c571e18-69a3-4a6d-81de-e3e48052df18@group-644576B5741B, cid=3711, SUCCESS, logIndex=5603, commits[4c571e18-69a3-4a6d-81de-e3e48052df18:c5603, 15893972-388e-43c0-9d6c-ca4c76ac06da:c5602, c86beb1c-9105-4588-b1e8-133030361c51:c5598]
2019-07-12 12:28:39,620 INFO  client.GrpcClientProtocolClient (GrpcClientProtocolClient.java:onNext(255)) - client-D83FC23EEBD8->4c571e18-69a3-4a6d-81de-e3e48052df18: receive RaftClientReply:client-D83FC23EEBD8->4c571e18-69a3-4a6d-81de-e3e48052df18@group-644576B5741B, cid=3712, SUCCESS, logIndex=5604, commits[4c571e18-69a3-4a6d-81de-e3e48052df18:c5604, 15893972-388e-43c0-9d6c-ca4c76ac06da:c5602, c86beb1c-9105-4588-b1e8-133030361c51:c5602]
2019-07-12 12:28:39,635 INFO  client.GrpcClientProtocolClient (GrpcClientProtocolClient.java:onNext(255)) - client-D83FC23EEBD8->4c571e18-69a3-4a6d-81de-e3e48052df18: receive RaftClientReply:client-D83FC23EEBD8->4c571e18-69a3-4a6d-81de-e3e48052df18@group-644576B5741B, cid=3713, SUCCESS, logIndex=5607, commits[4c571e18-69a3-4a6d-81de-e3e48052df18:c5608, 15893972-388e-43c0-9d6c-ca4c76ac06da:c5604, c86beb1c-9105-4588-b1e8-133030361c51:c5604]
2019-07-12 12:28:39,635 INFO  client.GrpcClientProtocolClient (GrpcClientProtocolClient.java:onNext(255)) - client-D83FC23EEBD8->4c571e18-69a3-4a6d-81de-e3e48052df18: receive RaftClientReply:client-D83FC23EEBD8->4c571e18-69a3-4a6d-81de-e3e48052df18@group-644576B5741B, cid=3714, SUCCESS, logIndex=5608, commits[4c571e18-69a3-4a6d-81de-e3e48052df18:c5608, 15893972-388e-43c0-9d6c-ca4c76ac06da:c5604, c86beb1c-9105-4588-b1e8-133030361c51:c5604]
 0.00% |█                                                                                                    |  0/1 Time: 0:00:312019-07-12 12:28:39,649 INFO  client.GrpcClientProtocolClient (GrpcClientProtocolClient.java:onNext(255)) - client-D83FC23EEBD8->4c571e18-69a3-4a6d-81de-e3e48052df18: receive RaftClientReply:client-D83FC23EEBD8->4c571e18-69a3-4a6d-81de-e3e48052df18@group-644576B5741B, cid=3715, SUCCESS, logIndex=0, commits[4c571e18-69a3-4a6d-81de-e3e48052df18:c5609, 15893972-388e-43c0-9d6c-ca4c76ac06da:c5608, c86beb1c-9105-4588-b1e8-133030361c51:c5608]
2019-07-12 12:28:39,677 INFO  client.GrpcClientProtocolClient (GrpcClientProtocolClient.java:onNext(255)) - client-D83FC23EEBD8->4c571e18-69a3-4a6d-81de-e3e48052df18: receive RaftClientReply:client-D83FC23EEBD8->4c571e18-69a3-4a6d-81de-e3e48052df18@group-644576B5741B, cid=3716, SUCCESS, logIndex=5611, commits[4c571e18-69a3-4a6d-81de-e3e48052df18:c5613, 15893972-388e-43c0-9d6c-ca4c76ac06da:c5610, c86beb1c-9105-4588-b1e8-133030361c51:c5610]
2019-07-12 12:28:39,677 INFO  client.GrpcClientProtocolClient (GrpcClientProtocolClient.java:onNext(255)) - client-D83FC23EEBD8->4c571e18-69a3-4a6d-81de-e3e48052df18: receive RaftClientReply:client-D83FC23EEBD8->4c571e18-69a3-4a6d-81de-e3e48052df18@group-644576B5741B, cid=3717, SUCCESS, logIndex=5612, commits[4c571e18-69a3-4a6d-81de-e3e48052df18:c5614, 15893972-388e-43c0-9d6c-ca4c76ac06da:c5610, c86beb1c-9105-4588-b1e8-133030361c51:c5610]
2019-07-12 12:28:39,678 INFO  client.GrpcClientProtocolClient (GrpcClientProtocolClient.java:onNext(255)) - client-D83FC23EEBD8->4c571e18-69a3-4a6d-81de-e3e48052df18: receive RaftClientReply:client-D83FC23EEBD8->4c571e18-69a3-4a6d-81de-e3e48052df18@group-644576B5741B, cid=3718, SUCCESS, logIndex=5613, commits[4c571e18-69a3-4a6d-81de-e3e48052df18:c5614, 15893972-388e-43c0-9d6c-ca4c76ac06da:c5610, c86beb1c-9105-4588-b1e8-133030361c51:c5610]
2019-07-12 12:28:39,678 INFO  client.GrpcClientProtocolClient (GrpcClientProtocolClient.java:onNext(255)) - client-D83FC23EEBD8->4c571e18-69a3-4a6d-81de-e3e48052df18: receive RaftClientReply:client-D83FC23EEBD8->4c571e18-69a3-4a6d-81de-e3e48052df18@group-644576B5741B, cid=3719, SUCCESS, logIndex=5614, commits[4c571e18-69a3-4a6d-81de-e3e48052df18:c5614, 15893972-388e-43c0-9d6c-ca4c76ac06da:c5610, c86beb1c-9105-4588-b1e8-133030361c51:c5610]
2019-07-12 12:28:39,680 INFO  client.GrpcClientProtocolClient (GrpcClientProtocolClient.java:onNext(255)) - client-D83FC23EEBD8->4c571e18-69a3-4a6d-81de-e3e48052df18: receive RaftClientReply:client-D83FC23EEBD8->4c571e18-69a3-4a6d-81de-e3e48052df18@group-644576B5741B, cid=3720, SUCCESS, logIndex=0, commits[4c571e18-69a3-4a6d-81de-e3e48052df18:c5615, 15893972-388e-43c0-9d6c-ca4c76ac06da:c5612, c86beb1c-9105-4588-b1e8-133030361c51:c5612]
2019-07-12 12:28:39,699 INFO  client.GrpcClientProtocolClient (GrpcClientProtocolClient.java:onNext(255)) - client-D83FC23EEBD8->4c571e18-69a3-4a6d-81de-e3e48052df18: receive RaftClientReply:client-D83FC23EEBD8->4c571e18-69a3-4a6d-81de-e3e48052df18@group-644576B5741B, cid=3721, SUCCESS, logIndex=5619, commits[4c571e18-69a3-4a6d-81de-e3e48052df18:c5620, 15893972-388e-43c0-9d6c-ca4c76ac06da:c5618, c86beb1c-9105-4588-b1e8-133030361c51:c5618]
2019-07-12 12:28:39,700 INFO  client.GrpcClientProtocolClient (GrpcClientProtocolClient.java:onNext(255)) - client-D83FC23EEBD8->4c571e18-69a3-4a6d-81de-e3e48052df18: receive RaftClientReply:client-D83FC23EEBD8->4c571e18-69a3-4a6d-81de-e3e48052df18@group-644576B5741B, cid=3722, SUCCESS, logIndex=5620, commits[4c571e18-69a3-4a6d-81de-e3e48052df18:c5620, 15893972-388e-43c0-9d6c-ca4c76ac06da:c5618, c86beb1c-9105-4588-b1e8-133030361c51:c5618]
2019-07-12 12:28:39,727 INFO  client.GrpcClientProtocolClient (GrpcClientProtocolClient.java:onNext(255)) - client-D83FC23EEBD8->4c571e18-69a3-4a6d-81de-e3e48052df18: receive RaftClientReply:client-D83FC23EEBD8->4c571e18-69a3-4a6d-81de-e3e48052df18@group-644576B5741B, cid=3723, SUCCESS, logIndex=5623, commits[4c571e18-69a3-4a6d-81de-e3e48052df18:c5624, 15893972-388e-43c0-9d6c-ca4c76ac06da:c5620, c86beb1c-9105-4588-b1e8-133030361c51:c5620]
2019-07-12 12:28:39,727 INFO  client.GrpcClientProtocolClient (GrpcClientProtocolClient.java:onNext(255)) - client-D83FC23EEBD8->4c571e18-69a3-4a6d-81de-e3e48052df18: receive RaftClientReply:client-D83FC23EEBD8->4c571e18-69a3-4a6d-81de-e3e48052df18@group-644576B5741B, cid=3724, SUCCESS, logIndex=5624, commits[4c571e18-69a3-4a6d-81de-e3e48052df18:c5624, 15893972-388e-43c0-9d6c-ca4c76ac06da:c5620, c86beb1c-9105-4588-b1e8-133030361c51:c5620]
2019-07-12 12:28:39,753 INFO  client.GrpcClientProtocolClient (GrpcClientProtocolClient.java:onNext(255)) - client-D83FC23EEBD8->4c571e18-69a3-4a6d-81de-e3e48052df18: receive RaftClientReply:client-D83FC23EEBD8->4c571e18-69a3-4a6d-81de-e3e48052df18@group-644576B5741B, cid=3725, SUCCESS, logIndex=0, commits[4c571e18-69a3-4a6d-81de-e3e48052df18:c5625, 15893972-388e-43c0-9d6c-ca4c76ac06da:c5624, c86beb1c-9105-4588-b1e8-133030361c51:c5624]
2019-07-12 12:28:39,781 INFO  client.GrpcClientProtocolClient (GrpcClientProtocolClient.java:onNext(255)) - client-D83FC23EEBD8->4c571e18-69a3-4a6d-81de-e3e48052df18: receive RaftClientReply:client-D83FC23EEBD8->4c571e18-69a3-4a6d-81de-e3e48052df18@group-644576B5741B, cid=3726, SUCCESS, logIndex=5627, commits[4c571e18-69a3-4a6d-81de-e3e48052df18:c5628, 15893972-388e-43c0-9d6c-ca4c76ac06da:c5626, c86beb1c-9105-4588-b1e8-133030361c51:c5626]
2019-07-12 12:28:39,782 INFO  client.GrpcClientProtocolClient (GrpcClientProtocolClient.java:onNext(255)) - client-D83FC23EEBD8->4c571e18-69a3-4a6d-81de-e3e48052df18: receive RaftClientReply:client-D83FC23EEBD8->4c571e18-69a3-4a6d-81de-e3e48052df18@group-644576B5741B, cid=3727, SUCCESS, logIndex=5628, commits[4c571e18-69a3-4a6d-81de-e3e48052df18:c5628, 15893972-388e-43c0-9d6c-ca4c76ac06da:c5626, c86beb1c-9105-4588-b1e8-133030361c51:c5626]
2019-07-12 12:28:39,792 INFO  client.GrpcClientProtocolClient (GrpcClientProtocolClient.java:onNext(255)) - client-D83FC23EEBD8->4c571e18-69a3-4a6d-81de-e3e48052df18: receive RaftClientReply:client-D83FC23EEBD8->4c571e18-69a3-4a6d-81de-e3e48052df18@group-644576B5741B, cid=3728, SUCCESS, logIndex=5629, commits[4c571e18-69a3-4a6d-81de-e3e48052df18:c5630, 15893972-388e-43c0-9d6c-ca4c76ac06da:c5626, c86beb1c-9105-4588-b1e8-133030361c51:c5626]
2019-07-12 12:28:39,792 INFO  client.GrpcClientProtocolClient (GrpcClientProtocolClient.java:onNext(255)) - client-D83FC23EEBD8->4c571e18-69a3-4a6d-81de-e3e48052df18: receive RaftClientReply:client-D83FC23EEBD8->4c571e18-69a3-4a6d-81de-e3e48052df18@group-644576B5741B, cid=3729, SUCCESS, logIndex=5630, commits[4c571e18-69a3-4a6d-81de-e3e48052df18:c5630, 15893972-388e-43c0-9d6c-ca4c76ac06da:c5626, c86beb1c-9105-4588-b1e8-133030361c51:c5626]
2019-07-12 12:28:39,813 INFO  client.GrpcClientProtocolClient (GrpcClientProtocolClient.java:onNext(255)) - client-D83FC23EEBD8->4c571e18-69a3-4a6d-81de-e3e48052df18: receive RaftClientReply:client-D83FC23EEBD8->4c571e18-69a3-4a6d-81de-e3e48052df18@group-644576B5741B, cid=3730, SUCCESS, logIndex=0, commits[4c571e18-69a3-4a6d-81de-e3e48052df18:c5632, 15893972-388e-43c0-9d6c-ca4c76ac06da:c5628, c86beb1c-9105-4588-b1e8-133030361c51:c5628]
2019-07-12 12:28:39,933 INFO  client.GrpcClientProtocolClient (GrpcClientProtocolClient.java:onNext(255)) - client-D83FC23EEBD8->4c571e18-69a3-4a6d-81de-e3e48052df18: receive RaftClientReply:client-D83FC23EEBD8->4c571e18-69a3-4a6d-81de-e3e48052df18@group-644576B5741B, cid=3731, SUCCESS, logIndex=5635, commits[4c571e18-69a3-4a6d-81de-e3e48052df18:c5636, 15893972-388e-43c0-9d6c-ca4c76ac06da:c5634, c86beb1c-9105-4588-b1e8-133030361c51:c5634]
2019-07-12 12:28:39,933 INFO  client.GrpcClientProtocolClient (GrpcClientProtocolClient.java:onNext(255)) - client-D83FC23EEBD8->4c571e18-69a3-4a6d-81de-e3e48052df18: receive RaftClientReply:client-D83FC23EEBD8->4c571e18-69a3-4a6d-81de-e3e48052df18@group-644576B5741B, cid=3732, SUCCESS, logIndex=5636, commits[4c571e18-69a3-4a6d-81de-e3e48052df18:c5636, 15893972-388e-43c0-9d6c-ca4c76ac06da:c5634, c86beb1c-9105-4588-b1e8-133030361c51:c5634]
2019-07-12 12:28:39,948 INFO  client.GrpcClientProtocolClient (GrpcClientProtocolClient.java:onNext(255)) - client-D83FC23EEBD8->4c571e18-69a3-4a6d-81de-e3e48052df18: receive RaftClientReply:client-D83FC23EEBD8->4c571e18-69a3-4a6d-81de-e3e48052df18@group-644576B5741B, cid=3733, SUCCESS, logIndex=5639, commits[4c571e18-69a3-4a6d-81de-e3e48052df18:c5639, 15893972-388e-43c0-9d6c-ca4c76ac06da:c5636, c86beb1c-9105-4588-b1e8-133030361c51:c5636]
2019-07-12 12:28:39,948 INFO  client.GrpcClientProtocolClient (GrpcClientProtocolClient.java:onNext(255)) - client-D83FC23EEBD8->4c571e18-69a3-4a6d-81de-e3e48052df18: receive RaftClientReply:client-D83FC23EEBD8->4c571e18-69a3-4a6d-81de-e3e48052df18@group-644576B5741B, cid=3734, SUCCESS, logIndex=5640, commits[4c571e18-69a3-4a6d-81de-e3e48052df18:c5640, 15893972-388e-43c0-9d6c-ca4c76ac06da:c5636, c86beb1c-9105-4588-b1e8-133030361c51:c5636]
2019-07-12 12:28:39,972 INFO  client.GrpcClientProtocolClient (GrpcClientProtocolClient.java:onNext(255)) - client-D83FC23EEBD8->4c571e18-69a3-4a6d-81de-e3e48052df18: receive RaftClientReply:client-D83FC23EEBD8->4c571e18-69a3-4a6d-81de-e3e48052df18@group-644576B5741B, cid=3735, SUCCESS, logIndex=0, commits[4c571e18-69a3-4a6d-81de-e3e48052df18:c5642, 15893972-388e-43c0-9d6c-ca4c76ac06da:c5640, c86beb1c-9105-4588-b1e8-133030361c51:c5640]
2019-07-12 12:28:40,003 INFO  client.GrpcClientProtocolClient (GrpcClientProtocolClient.java:onNext(255)) - client-D83FC23EEBD8->4c571e18-69a3-4a6d-81de-e3e48052df18: receive RaftClientReply:client-D83FC23EEBD8->4c571e18-69a3-4a6d-81de-e3e48052df18@group-644576B5741B, cid=3736, SUCCESS, logIndex=5643, commits[4c571e18-69a3-4a6d-81de-e3e48052df18:c5645, 15893972-388e-43c0-9d6c-ca4c76ac06da:c5642, c86beb1c-9105-4588-b1e8-133030361c51:c5642]
2019-07-12 12:28:40,003 INFO  client.GrpcClientProtocolClient (GrpcClientProtocolClient.java:onNext(255)) - client-D83FC23EEBD8->4c571e18-69a3-4a6d-81de-e3e48052df18: receive RaftClientReply:client-D83FC23EEBD8->4c571e18-69a3-4a6d-81de-e3e48052df18@group-644576B5741B, cid=3737, SUCCESS, logIndex=5644, commits[4c571e18-69a3-4a6d-81de-e3e48052df18:c5646, 15893972-388e-43c0-9d6c-ca4c76ac06da:c5642, c86beb1c-9105-4588-b1e8-133030361c51:c5642]
2019-07-12 12:28:40,003 INFO  client.GrpcClientProtocolClient (GrpcClientProtocolClient.java:onNext(255)) - client-D83FC23EEBD8->4c571e18-69a3-4a6d-81de-e3e48052df18: receive RaftClientReply:client-D83FC23EEBD8->4c571e18-69a3-4a6d-81de-e3e48052df18@group-644576B5741B, cid=3738, SUCCESS, logIndex=5645, commits[4c571e18-69a3-4a6d-81de-e3e48052df18:c5646, 15893972-388e-43c0-9d6c-ca4c76ac06da:c5642, c86beb1c-9105-4588-b1e8-133030361c51:c5642]
2019-07-12 12:28:40,003 INFO  client.GrpcClientProtocolClient (GrpcClientProtocolClient.java:onNext(255)) - client-D83FC23EEBD8->4c571e18-69a3-4a6d-81de-e3e48052df18: receive RaftClientReply:client-D83FC23EEBD8->4c571e18-69a3-4a6d-81de-e3e48052df18@group-644576B5741B, cid=3739, SUCCESS, logIndex=5646, commits[4c571e18-69a3-4a6d-81de-e3e48052df18:c5646, 15893972-388e-43c0-9d6c-ca4c76ac06da:c5642, c86beb1c-9105-4588-b1e8-133030361c51:c5642]
2019-07-12 12:28:40,014 INFO  client.GrpcClientProtocolClient (GrpcClientProtocolClient.java:onNext(255)) - client-D83FC23EEBD8->4c571e18-69a3-4a6d-81de-e3e48052df18: receive RaftClientReply:client-D83FC23EEBD8->4c571e18-69a3-4a6d-81de-e3e48052df18@group-644576B5741B, cid=3740, SUCCESS, logIndex=0, commits[4c571e18-69a3-4a6d-81de-e3e48052df18:c5647, 15893972-388e-43c0-9d6c-ca4c76ac06da:c5644, c86beb1c-9105-4588-b1e8-133030361c51:c5644]
2019-07-12 12:28:40,033 INFO  client.GrpcClientProtocolClient (GrpcClientProtocolClient.java:onNext(255)) - client-D83FC23EEBD8->4c571e18-69a3-4a6d-81de-e3e48052df18: receive RaftClientReply:client-D83FC23EEBD8->4c571e18-69a3-4a6d-81de-e3e48052df18@group-644576B5741B, cid=3741, SUCCESS, logIndex=5651, commits[4c571e18-69a3-4a6d-81de-e3e48052df18:c5652, 15893972-388e-43c0-9d6c-ca4c76ac06da:c5650, c86beb1c-9105-4588-b1e8-133030361c51:c5650]
2019-07-12 12:28:40,033 INFO  client.GrpcClientProtocolClient (GrpcClientProtocolClient.java:onNext(255)) - client-D83FC23EEBD8->4c571e18-69a3-4a6d-81de-e3e48052df18: receive RaftClientReply:client-D83FC23EEBD8->4c571e18-69a3-4a6d-81de-e3e48052df18@group-644576B5741B, cid=3742, SUCCESS, logIndex=5652, commits[4c571e18-69a3-4a6d-81de-e3e48052df18:c5652, 15893972-388e-43c0-9d6c-ca4c76ac06da:c5650, c86beb1c-9105-4588-b1e8-133030361c51:c5650]
2019-07-12 12:28:40,059 INFO  client.GrpcClientProtocolClient (GrpcClientProtocolClient.java:onNext(255)) - client-D83FC23EEBD8->4c571e18-69a3-4a6d-81de-e3e48052df18: receive RaftClientReply:client-D83FC23EEBD8->4c571e18-69a3-4a6d-81de-e3e48052df18@group-644576B5741B, cid=3743, SUCCESS, logIndex=5655, commits[4c571e18-69a3-4a6d-81de-e3e48052df18:c5656, 15893972-388e-43c0-9d6c-ca4c76ac06da:c5652, c86beb1c-9105-4588-b1e8-133030361c51:c5652]
2019-07-12 12:28:40,059 INFO  client.GrpcClientProtocolClient (GrpcClientProtocolClient.java:onNext(255)) - client-D83FC23EEBD8->4c571e18-69a3-4a6d-81de-e3e48052df18: receive RaftClientReply:client-D83FC23EEBD8->4c571e18-69a3-4a6d-81de-e3e48052df18@group-644576B5741B, cid=3744, SUCCESS, logIndex=5656, commits[4c571e18-69a3-4a6d-81de-e3e48052df18:c5656, 15893972-388e-43c0-9d6c-ca4c76ac06da:c5652, c86beb1c-9105-4588-b1e8-133030361c51:c5652]
2019-07-12 12:28:40,084 INFO  client.GrpcClientProtocolClient (GrpcClientProtocolClient.java:onNext(255)) - client-D83FC23EEBD8->4c571e18-69a3-4a6d-81de-e3e48052df18: receive RaftClientReply:client-D83FC23EEBD8->4c571e18-69a3-4a6d-81de-e3e48052df18@group-644576B5741B, cid=3745, SUCCESS, logIndex=0, commits[4c571e18-69a3-4a6d-81de-e3e48052df18:c5657, 15893972-388e-43c0-9d6c-ca4c76ac06da:c5656, c86beb1c-9105-4588-b1e8-133030361c51:c5656]
2019-07-12 12:28:40,112 INFO  client.GrpcClientProtocolClient (GrpcClientProtocolClient.java:onNext(255)) - client-D83FC23EEBD8->4c571e18-69a3-4a6d-81de-e3e48052df18: receive RaftClientReply:client-D83FC23EEBD8->4c571e18-69a3-4a6d-81de-e3e48052df18@group-644576B5741B, cid=3746, SUCCESS, logIndex=5659, commits[4c571e18-69a3-4a6d-81de-e3e48052df18:c5660, 15893972-388e-43c0-9d6c-ca4c76ac06da:c5658, c86beb1c-9105-4588-b1e8-133030361c51:c5658]
2019-07-12 12:28:40,112 INFO  client.GrpcClientProtocolClient (GrpcClientProtocolClient.java:onNext(255)) - client-D83FC23EEBD8->4c571e18-69a3-4a6d-81de-e3e48052df18: receive RaftClientReply:client-D83FC23EEBD8->4c571e18-69a3-4a6d-81de-e3e48052df18@group-644576B5741B, cid=3747, SUCCESS, logIndex=5660, commits[4c571e18-69a3-4a6d-81de-e3e48052df18:c5662, 15893972-388e-43c0-9d6c-ca4c76ac06da:c5658, c86beb1c-9105-4588-b1e8-133030361c51:c5658]
2019-07-12 12:28:40,112 INFO  client.GrpcClientProtocolClient (GrpcClientProtocolClient.java:onNext(255)) - client-D83FC23EEBD8->4c571e18-69a3-4a6d-81de-e3e48052df18: receive RaftClientReply:client-D83FC23EEBD8->4c571e18-69a3-4a6d-81de-e3e48052df18@group-644576B5741B, cid=3748, SUCCESS, logIndex=5661, commits[4c571e18-69a3-4a6d-81de-e3e48052df18:c5662, 15893972-388e-43c0-9d6c-ca4c76ac06da:c5658, c86beb1c-9105-4588-b1e8-133030361c51:c5658]
2019-07-12 12:28:40,113 INFO  client.GrpcClientProtocolClient (GrpcClientProtocolClient.java:onNext(255)) - client-D83FC23EEBD8->4c571e18-69a3-4a6d-81de-e3e48052df18: receive RaftClientReply:client-D83FC23EEBD8->4c571e18-69a3-4a6d-81de-e3e48052df18@group-644576B5741B, cid=3749, SUCCESS, logIndex=5662, commits[4c571e18-69a3-4a6d-81de-e3e48052df18:c5662, 15893972-388e-43c0-9d6c-ca4c76ac06da:c5658, c86beb1c-9105-4588-b1e8-133030361c51:c5658]
2019-07-12 12:28:40,113 INFO  client.GrpcClientProtocolClient (GrpcClientProtocolClient.java:onNext(255)) - client-D83FC23EEBD8->4c571e18-69a3-4a6d-81de-e3e48052df18: receive RaftClientReply:client-D83FC23EEBD8->4c571e18-69a3-4a6d-81de-e3e48052df18@group-644576B5741B, cid=3750, SUCCESS, logIndex=0, commits[4c571e18-69a3-4a6d-81de-e3e48052df18:c5663, 15893972-388e-43c0-9d6c-ca4c76ac06da:c5660, c86beb1c-9105-4588-b1e8-133030361c51:c5660]
2019-07-12 12:28:40,135 INFO  client.GrpcClientProtocolClient (GrpcClientProtocolClient.java:onNext(255)) - client-D83FC23EEBD8->4c571e18-69a3-4a6d-81de-e3e48052df18: receive RaftClientReply:client-D83FC23EEBD8->4c571e18-69a3-4a6d-81de-e3e48052df18@group-644576B5741B, cid=3751, SUCCESS, logIndex=5666, commits[4c571e18-69a3-4a6d-81de-e3e48052df18:c5667, 15893972-388e-43c0-9d6c-ca4c76ac06da:c5665, c86beb1c-9105-4588-b1e8-133030361c51:c5665]
2019-07-12 12:28:40,135 INFO  client.GrpcClientProtocolClient (GrpcClientProtocolClient.java:onNext(255)) - client-D83FC23EEBD8->4c571e18-69a3-4a6d-81de-e3e48052df18: receive RaftClientReply:client-D83FC23EEBD8->4c571e18-69a3-4a6d-81de-e3e48052df18@group-644576B5741B, cid=3752, SUCCESS, logIndex=5667, commits[4c571e18-69a3-4a6d-81de-e3e48052df18:c5667, 15893972-388e-43c0-9d6c-ca4c76ac06da:c5665, c86beb1c-9105-4588-b1e8-133030361c51:c5665]
2019-07-12 12:28:40,149 INFO  client.GrpcClientProtocolClient (GrpcClientProtocolClient.java:onNext(255)) - client-D83FC23EEBD8->4c571e18-69a3-4a6d-81de-e3e48052df18: receive RaftClientReply:client-D83FC23EEBD8->4c571e18-69a3-4a6d-81de-e3e48052df18@group-644576B5741B, cid=3753, SUCCESS, logIndex=5670, commits[4c571e18-69a3-4a6d-81de-e3e48052df18:c5671, 15893972-388e-43c0-9d6c-ca4c76ac06da:c5667, c86beb1c-9105-4588-b1e8-133030361c51:c5667]
2019-07-12 12:28:40,149 INFO  client.GrpcClientProtocolClient (GrpcClientProtocolClient.java:onNext(255)) - client-D83FC23EEBD8->4c571e18-69a3-4a6d-81de-e3e48052df18: receive RaftClientReply:client-D83FC23EEBD8->4c571e18-69a3-4a6d-81de-e3e48052df18@group-644576B5741B, cid=3754, SUCCESS, logIndex=5671, commits[4c571e18-69a3-4a6d-81de-e3e48052df18:c5671, 15893972-388e-43c0-9d6c-ca4c76ac06da:c5667, c86beb1c-9105-4588-b1e8-133030361c51:c5667]
2019-07-12 12:28:40,165 INFO  client.GrpcClientProtocolClient (GrpcClientProtocolClient.java:onNext(255)) - client-D83FC23EEBD8->4c571e18-69a3-4a6d-81de-e3e48052df18: receive RaftClientReply:client-D83FC23EEBD8->4c571e18-69a3-4a6d-81de-e3e48052df18@group-644576B5741B, cid=3755, SUCCESS, logIndex=0, commits[4c571e18-69a3-4a6d-81de-e3e48052df18:c5671, 15893972-388e-43c0-9d6c-ca4c76ac06da:c5671, c86beb1c-9105-4588-b1e8-133030361c51:c5671]
2019-07-12 12:28:40,192 INFO  client.GrpcClientProtocolClient (GrpcClientProtocolClient.java:onNext(255)) - client-D83FC23EEBD8->4c571e18-69a3-4a6d-81de-e3e48052df18: receive RaftClientReply:client-D83FC23EEBD8->4c571e18-69a3-4a6d-81de-e3e48052df18@group-644576B5741B, cid=3756, SUCCESS, logIndex=5673, commits[4c571e18-69a3-4a6d-81de-e3e48052df18:c5674, 15893972-388e-43c0-9d6c-ca4c76ac06da:c5672, c86beb1c-9105-4588-b1e8-133030361c51:c5672]
2019-07-12 12:28:40,193 INFO  client.GrpcClientProtocolClient (GrpcClientProtocolClient.java:onNext(255)) - client-D83FC23EEBD8->4c571e18-69a3-4a6d-81de-e3e48052df18: receive RaftClientReply:client-D83FC23EEBD8->4c571e18-69a3-4a6d-81de-e3e48052df18@group-644576B5741B, cid=3757, SUCCESS, logIndex=5674, commits[4c571e18-69a3-4a6d-81de-e3e48052df18:c5674, 15893972-388e-43c0-9d6c-ca4c76ac06da:c5672, c86beb1c-9105-4588-b1e8-133030361c51:c5672]
2019-07-12 12:28:40,195 INFO  client.GrpcClientProtocolClient (GrpcClientProtocolClient.java:onNext(255)) - client-D83FC23EEBD8->4c571e18-69a3-4a6d-81de-e3e48052df18: receive RaftClientReply:client-D83FC23EEBD8->4c571e18-69a3-4a6d-81de-e3e48052df18@group-644576B5741B, cid=3758, SUCCESS, logIndex=5675, commits[4c571e18-69a3-4a6d-81de-e3e48052df18:c5675, 15893972-388e-43c0-9d6c-ca4c76ac06da:c5672, c86beb1c-9105-4588-b1e8-133030361c51:c5672]
2019-07-12 12:28:40,196 INFO  client.GrpcClientProtocolClient (GrpcClientProtocolClient.java:onNext(255)) - client-D83FC23EEBD8->4c571e18-69a3-4a6d-81de-e3e48052df18: receive RaftClientReply:client-D83FC23EEBD8->4c571e18-69a3-4a6d-81de-e3e48052df18@group-644576B5741B, cid=3759, SUCCESS, logIndex=5676, commits[4c571e18-69a3-4a6d-81de-e3e48052df18:c5676, 15893972-388e-43c0-9d6c-ca4c76ac06da:c5672, c86beb1c-9105-4588-b1e8-133030361c51:c5672]
2019-07-12 12:28:40,207 INFO  client.GrpcClientProtocolClient (GrpcClientProtocolClient.java:onNext(255)) - client-D83FC23EEBD8->4c571e18-69a3-4a6d-81de-e3e48052df18: receive RaftClientReply:client-D83FC23EEBD8->4c571e18-69a3-4a6d-81de-e3e48052df18@group-644576B5741B, cid=3760, SUCCESS, logIndex=0, commits[4c571e18-69a3-4a6d-81de-e3e48052df18:c5678, 15893972-388e-43c0-9d6c-ca4c76ac06da:c5674, c86beb1c-9105-4588-b1e8-133030361c51:c5674]
2019-07-12 12:28:40,227 INFO  client.GrpcClientProtocolClient (GrpcClientProtocolClient.java:onNext(255)) - client-D83FC23EEBD8->4c571e18-69a3-4a6d-81de-e3e48052df18: receive RaftClientReply:client-D83FC23EEBD8->4c571e18-69a3-4a6d-81de-e3e48052df18@group-644576B5741B, cid=3761, SUCCESS, logIndex=5681, commits[4c571e18-69a3-4a6d-81de-e3e48052df18:c5681, 15893972-388e-43c0-9d6c-ca4c76ac06da:c5680, c86beb1c-9105-4588-b1e8-133030361c51:c5680]
2019-07-12 12:28:40,227 INFO  client.GrpcClientProtocolClient (GrpcClientProtocolClient.java:onNext(255)) - client-D83FC23EEBD8->4c571e18-69a3-4a6d-81de-e3e48052df18: receive RaftClientReply:client-D83FC23EEBD8->4c571e18-69a3-4a6d-81de-e3e48052df18@group-644576B5741B, cid=3762, SUCCESS, logIndex=5682, commits[4c571e18-69a3-4a6d-81de-e3e48052df18:c5682, 15893972-388e-43c0-9d6c-ca4c76ac06da:c5680, c86beb1c-9105-4588-b1e8-133030361c51:c5680]
2019-07-12 12:28:40,241 INFO  client.GrpcClientProtocolClient (GrpcClientProtocolClient.java:onNext(255)) - client-D83FC23EEBD8->4c571e18-69a3-4a6d-81de-e3e48052df18: receive RaftClientReply:client-D83FC23EEBD8->4c571e18-69a3-4a6d-81de-e3e48052df18@group-644576B5741B, cid=3763, SUCCESS, logIndex=5685, commits[4c571e18-69a3-4a6d-81de-e3e48052df18:c5686, 15893972-388e-43c0-9d6c-ca4c76ac06da:c5682, c86beb1c-9105-4588-b1e8-133030361c51:c5682]
2019-07-12 12:28:40,241 INFO  client.GrpcClientProtocolClient (GrpcClientProtocolClient.java:onNext(255)) - client-D83FC23EEBD8->4c571e18-69a3-4a6d-81de-e3e48052df18: receive RaftClientReply:client-D83FC23EEBD8->4c571e18-69a3-4a6d-81de-e3e48052df18@group-644576B5741B, cid=3764, SUCCESS, logIndex=5686, commits[4c571e18-69a3-4a6d-81de-e3e48052df18:c5686, 15893972-388e-43c0-9d6c-ca4c76ac06da:c5682, c86beb1c-9105-4588-b1e8-133030361c51:c5682]
2019-07-12 12:28:40,254 INFO  client.GrpcClientProtocolClient (GrpcClientProtocolClient.java:onNext(255)) - client-D83FC23EEBD8->4c571e18-69a3-4a6d-81de-e3e48052df18: receive RaftClientReply:client-D83FC23EEBD8->4c571e18-69a3-4a6d-81de-e3e48052df18@group-644576B5741B, cid=3765, SUCCESS, logIndex=0, commits[4c571e18-69a3-4a6d-81de-e3e48052df18:c5687, 15893972-388e-43c0-9d6c-ca4c76ac06da:c5686, c86beb1c-9105-4588-b1e8-133030361c51:c5686]
2019-07-12 12:28:40,283 INFO  client.GrpcClientProtocolClient (GrpcClientProtocolClient.java:onNext(255)) - client-D83FC23EEBD8->4c571e18-69a3-4a6d-81de-e3e48052df18: receive RaftClientReply:client-D83FC23EEBD8->4c571e18-69a3-4a6d-81de-e3e48052df18@group-644576B5741B, cid=3766, SUCCESS, logIndex=5689, commits[4c571e18-69a3-4a6d-81de-e3e48052df18:c5690, 15893972-388e-43c0-9d6c-ca4c76ac06da:c5688, c86beb1c-9105-4588-b1e8-133030361c51:c5688]
2019-07-12 12:28:40,284 INFO  client.GrpcClientProtocolClient (GrpcClientProtocolClient.java:onNext(255)) - client-D83FC23EEBD8->4c571e18-69a3-4a6d-81de-e3e48052df18: receive RaftClientReply:client-D83FC23EEBD8->4c571e18-69a3-4a6d-81de-e3e48052df18@group-644576B5741B, cid=3767, SUCCESS, logIndex=5690, commits[4c571e18-69a3-4a6d-81de-e3e48052df18:c5690, 15893972-388e-43c0-9d6c-ca4c76ac06da:c5688, c86beb1c-9105-4588-b1e8-133030361c51:c5688]
2019-07-12 12:28:40,292 INFO  client.GrpcClientProtocolClient (GrpcClientProtocolClient.java:onNext(255)) - client-D83FC23EEBD8->4c571e18-69a3-4a6d-81de-e3e48052df18: receive RaftClientReply:client-D83FC23EEBD8->4c571e18-69a3-4a6d-81de-e3e48052df18@group-644576B5741B, cid=3768, SUCCESS, logIndex=5691, commits[4c571e18-69a3-4a6d-81de-e3e48052df18:c5692, 15893972-388e-43c0-9d6c-ca4c76ac06da:c5688, c86beb1c-9105-4588-b1e8-133030361c51:c5688]
2019-07-12 12:28:40,293 INFO  client.GrpcClientProtocolClient (GrpcClientProtocolClient.java:onNext(255)) - client-D83FC23EEBD8->4c571e18-69a3-4a6d-81de-e3e48052df18: receive RaftClientReply:client-D83FC23EEBD8->4c571e18-69a3-4a6d-81de-e3e48052df18@group-644576B5741B, cid=3769, SUCCESS, logIndex=5692, commits[4c571e18-69a3-4a6d-81de-e3e48052df18:c5692, 15893972-388e-43c0-9d6c-ca4c76ac06da:c5688, c86beb1c-9105-4588-b1e8-133030361c51:c5688]
2019-07-12 12:28:40,294 INFO  client.GrpcClientProtocolClient (GrpcClientProtocolClient.java:onNext(255)) - client-D83FC23EEBD8->4c571e18-69a3-4a6d-81de-e3e48052df18: receive RaftClientReply:client-D83FC23EEBD8->4c571e18-69a3-4a6d-81de-e3e48052df18@group-644576B5741B, cid=3770, SUCCESS, logIndex=0, commits[4c571e18-69a3-4a6d-81de-e3e48052df18:c5692, 15893972-388e-43c0-9d6c-ca4c76ac06da:c5690, c86beb1c-9105-4588-b1e8-133030361c51:c5690]
2019-07-12 12:28:40,328 INFO  client.GrpcClientProtocolClient (GrpcClientProtocolClient.java:onNext(255)) - client-D83FC23EEBD8->4c571e18-69a3-4a6d-81de-e3e48052df18: receive RaftClientReply:client-D83FC23EEBD8->4c571e18-69a3-4a6d-81de-e3e48052df18@group-644576B5741B, cid=3771, SUCCESS, logIndex=5697, commits[4c571e18-69a3-4a6d-81de-e3e48052df18:c5697, 15893972-388e-43c0-9d6c-ca4c76ac06da:c5692, c86beb1c-9105-4588-b1e8-133030361c51:c5692]
2019-07-12 12:28:40,328 INFO  client.GrpcClientProtocolClient (GrpcClientProtocolClient.java:onNext(255)) - client-D83FC23EEBD8->4c571e18-69a3-4a6d-81de-e3e48052df18: receive RaftClientReply:client-D83FC23EEBD8->4c571e18-69a3-4a6d-81de-e3e48052df18@group-644576B5741B, cid=3772, SUCCESS, logIndex=5698, commits[4c571e18-69a3-4a6d-81de-e3e48052df18:c5698, 15893972-388e-43c0-9d6c-ca4c76ac06da:c5692, c86beb1c-9105-4588-b1e8-133030361c51:c5692]
2019-07-12 12:28:40,345 INFO  client.GrpcClientProtocolClient (GrpcClientProtocolClient.java:onNext(255)) - client-D83FC23EEBD8->4c571e18-69a3-4a6d-81de-e3e48052df18: receive RaftClientReply:client-D83FC23EEBD8->4c571e18-69a3-4a6d-81de-e3e48052df18@group-644576B5741B, cid=3773, SUCCESS, logIndex=5701, commits[4c571e18-69a3-4a6d-81de-e3e48052df18:c5702, 15893972-388e-43c0-9d6c-ca4c76ac06da:c5699, c86beb1c-9105-4588-b1e8-133030361c51:c5699]
2019-07-12 12:28:40,346 INFO  client.GrpcClientProtocolClient (GrpcClientProtocolClient.java:onNext(255)) - client-D83FC23EEBD8->4c571e18-69a3-4a6d-81de-e3e48052df18: receive RaftClientReply:client-D83FC23EEBD8->4c571e18-69a3-4a6d-81de-e3e48052df18@group-644576B5741B, cid=3774, SUCCESS, logIndex=5702, commits[4c571e18-69a3-4a6d-81de-e3e48052df18:c5702, 15893972-388e-43c0-9d6c-ca4c76ac06da:c5699, c86beb1c-9105-4588-b1e8-133030361c51:c5699]
2019-07-12 12:28:40,359 INFO  client.GrpcClientProtocolClient (GrpcClientProtocolClient.java:onNext(255)) - client-D83FC23EEBD8->4c571e18-69a3-4a6d-81de-e3e48052df18: receive RaftClientReply:client-D83FC23EEBD8->4c571e18-69a3-4a6d-81de-e3e48052df18@group-644576B5741B, cid=3775, SUCCESS, logIndex=0, commits[4c571e18-69a3-4a6d-81de-e3e48052df18:c5702, 15893972-388e-43c0-9d6c-ca4c76ac06da:c5702, c86beb1c-9105-4588-b1e8-133030361c51:c5702]
2019-07-12 12:28:40,383 INFO  client.GrpcClientProtocolClient (GrpcClientProtocolClient.java:onNext(255)) - client-D83FC23EEBD8->4c571e18-69a3-4a6d-81de-e3e48052df18: receive RaftClientReply:client-D83FC23EEBD8->4c571e18-69a3-4a6d-81de-e3e48052df18@group-644576B5741B, cid=3776, SUCCESS, logIndex=5705, commits[4c571e18-69a3-4a6d-81de-e3e48052df18:c5707, 15893972-388e-43c0-9d6c-ca4c76ac06da:c5704, c86beb1c-9105-4588-b1e8-133030361c51:c5704]
2019-07-12 12:28:40,383 INFO  client.GrpcClientProtocolClient (GrpcClientProtocolClient.java:onNext(255)) - client-D83FC23EEBD8->4c571e18-69a3-4a6d-81de-e3e48052df18: receive RaftClientReply:client-D83FC23EEBD8->4c571e18-69a3-4a6d-81de-e3e48052df18@group-644576B5741B, cid=3777, SUCCESS, logIndex=5706, commits[4c571e18-69a3-4a6d-81de-e3e48052df18:c5708, 15893972-388e-43c0-9d6c-ca4c76ac06da:c5704, c86beb1c-9105-4588-b1e8-133030361c51:c5704]
2019-07-12 12:28:40,383 INFO  client.GrpcClientProtocolClient (GrpcClientProtocolClient.java:onNext(255)) - client-D83FC23EEBD8->4c571e18-69a3-4a6d-81de-e3e48052df18: receive RaftClientReply:client-D83FC23EEBD8->4c571e18-69a3-4a6d-81de-e3e48052df18@group-644576B5741B, cid=3778, SUCCESS, logIndex=5707, commits[4c571e18-69a3-4a6d-81de-e3e48052df18:c5708, 15893972-388e-43c0-9d6c-ca4c76ac06da:c5704, c86beb1c-9105-4588-b1e8-133030361c51:c5704]
2019-07-12 12:28:40,383 INFO  client.GrpcClientProtocolClient (GrpcClientProtocolClient.java:onNext(255)) - client-D83FC23EEBD8->4c571e18-69a3-4a6d-81de-e3e48052df18: receive RaftClientReply:client-D83FC23EEBD8->4c571e18-69a3-4a6d-81de-e3e48052df18@group-644576B5741B, cid=3779, SUCCESS, logIndex=5708, commits[4c571e18-69a3-4a6d-81de-e3e48052df18:c5708, 15893972-388e-43c0-9d6c-ca4c76ac06da:c5704, c86beb1c-9105-4588-b1e8-133030361c51:c5704]
2019-07-12 12:28:40,396 INFO  client.GrpcClientProtocolClient (GrpcClientProtocolClient.java:onNext(255)) - client-D83FC23EEBD8->4c571e18-69a3-4a6d-81de-e3e48052df18: receive RaftClientReply:client-D83FC23EEBD8->4c571e18-69a3-4a6d-81de-e3e48052df18@group-644576B5741B, cid=3780, SUCCESS, logIndex=0, commits[4c571e18-69a3-4a6d-81de-e3e48052df18:c5709, 15893972-388e-43c0-9d6c-ca4c76ac06da:c5706, c86beb1c-9105-4588-b1e8-133030361c51:c5706]
2019-07-12 12:28:40,415 INFO  client.GrpcClientProtocolClient (GrpcClientProtocolClient.java:onNext(255)) - client-D83FC23EEBD8->4c571e18-69a3-4a6d-81de-e3e48052df18: receive RaftClientReply:client-D83FC23EEBD8->4c571e18-69a3-4a6d-81de-e3e48052df18@group-644576B5741B, cid=3781, SUCCESS, logIndex=5713, commits[4c571e18-69a3-4a6d-81de-e3e48052df18:c5714, 15893972-388e-43c0-9d6c-ca4c76ac06da:c5712, c86beb1c-9105-4588-b1e8-133030361c51:c5712]
2019-07-12 12:28:40,416 INFO  client.GrpcClientProtocolClient (GrpcClientProtocolClient.java:onNext(255)) - client-D83FC23EEBD8->4c571e18-69a3-4a6d-81de-e3e48052df18: receive RaftClientReply:client-D83FC23EEBD8->4c571e18-69a3-4a6d-81de-e3e48052df18@group-644576B5741B, cid=3782, SUCCESS, logIndex=5714, commits[4c571e18-69a3-4a6d-81de-e3e48052df18:c5714, 15893972-388e-43c0-9d6c-ca4c76ac06da:c5712, c86beb1c-9105-4588-b1e8-133030361c51:c5712]
2019-07-12 12:28:40,445 INFO  client.GrpcClientProtocolClient (GrpcClientProtocolClient.java:onNext(255)) - client-D83FC23EEBD8->4c571e18-69a3-4a6d-81de-e3e48052df18: receive RaftClientReply:client-D83FC23EEBD8->4c571e18-69a3-4a6d-81de-e3e48052df18@group-644576B5741B, cid=3783, SUCCESS, logIndex=5717, commits[4c571e18-69a3-4a6d-81de-e3e48052df18:c5718, 15893972-388e-43c0-9d6c-ca4c76ac06da:c5714, c86beb1c-9105-4588-b1e8-133030361c51:c5714]
2019-07-12 12:28:40,445 INFO  client.GrpcClientProtocolClient (GrpcClientProtocolClient.java:onNext(255)) - client-D83FC23EEBD8->4c571e18-69a3-4a6d-81de-e3e48052df18: receive RaftClientReply:client-D83FC23EEBD8->4c571e18-69a3-4a6d-81de-e3e48052df18@group-644576B5741B, cid=3784, SUCCESS, logIndex=5718, commits[4c571e18-69a3-4a6d-81de-e3e48052df18:c5718, 15893972-388e-43c0-9d6c-ca4c76ac06da:c5714, c86beb1c-9105-4588-b1e8-133030361c51:c5714]
2019-07-12 12:28:40,459 INFO  client.GrpcClientProtocolClient (GrpcClientProtocolClient.java:onNext(255)) - client-D83FC23EEBD8->4c571e18-69a3-4a6d-81de-e3e48052df18: receive RaftClientReply:client-D83FC23EEBD8->4c571e18-69a3-4a6d-81de-e3e48052df18@group-644576B5741B, cid=3785, SUCCESS, logIndex=0, commits[4c571e18-69a3-4a6d-81de-e3e48052df18:c5719, 15893972-388e-43c0-9d6c-ca4c76ac06da:c5718, c86beb1c-9105-4588-b1e8-133030361c51:c5718]
2019-07-12 12:28:40,491 INFO  client.GrpcClientProtocolClient (GrpcClientProtocolClient.java:onNext(255)) - client-D83FC23EEBD8->4c571e18-69a3-4a6d-81de-e3e48052df18: receive RaftClientReply:client-D83FC23EEBD8->4c571e18-69a3-4a6d-81de-e3e48052df18@group-644576B5741B, cid=3786, SUCCESS, logIndex=5721, commits[4c571e18-69a3-4a6d-81de-e3e48052df18:c5722, 15893972-388e-43c0-9d6c-ca4c76ac06da:c5720, c86beb1c-9105-4588-b1e8-133030361c51:c5720]
2019-07-12 12:28:40,491 INFO  client.GrpcClientProtocolClient (GrpcClientProtocolClient.java:onNext(255)) - client-D83FC23EEBD8->4c571e18-69a3-4a6d-81de-e3e48052df18: receive RaftClientReply:client-D83FC23EEBD8->4c571e18-69a3-4a6d-81de-e3e48052df18@group-644576B5741B, cid=3787, SUCCESS, logIndex=5722, commits[4c571e18-69a3-4a6d-81de-e3e48052df18:c5722, 15893972-388e-43c0-9d6c-ca4c76ac06da:c5720, c86beb1c-9105-4588-b1e8-133030361c51:c5720]
2019-07-12 12:28:40,503 INFO  client.GrpcClientProtocolClient (GrpcClientProtocolClient.java:onNext(255)) - client-D83FC23EEBD8->4c571e18-69a3-4a6d-81de-e3e48052df18: receive RaftClientReply:client-D83FC23EEBD8->4c571e18-69a3-4a6d-81de-e3e48052df18@group-644576B5741B, cid=3788, SUCCESS, logIndex=5723, commits[4c571e18-69a3-4a6d-81de-e3e48052df18:c5723, 15893972-388e-43c0-9d6c-ca4c76ac06da:c5720, c86beb1c-9105-4588-b1e8-133030361c51:c5720]
2019-07-12 12:28:40,503 INFO  client.GrpcClientProtocolClient (GrpcClientProtocolClient.java:onNext(255)) - client-D83FC23EEBD8->4c571e18-69a3-4a6d-81de-e3e48052df18: receive RaftClientReply:client-D83FC23EEBD8->4c571e18-69a3-4a6d-81de-e3e48052df18@group-644576B5741B, cid=3789, SUCCESS, logIndex=5724, commits[4c571e18-69a3-4a6d-81de-e3e48052df18:c5724, 15893972-388e-43c0-9d6c-ca4c76ac06da:c5720, c86beb1c-9105-4588-b1e8-133030361c51:c5720]
2019-07-12 12:28:40,505 INFO  client.GrpcClientProtocolClient (GrpcClientProtocolClient.java:onNext(255)) - client-D83FC23EEBD8->4c571e18-69a3-4a6d-81de-e3e48052df18: receive RaftClientReply:client-D83FC23EEBD8->4c571e18-69a3-4a6d-81de-e3e48052df18@group-644576B5741B, cid=3790, SUCCESS, logIndex=0, commits[4c571e18-69a3-4a6d-81de-e3e48052df18:c5724, 15893972-388e-43c0-9d6c-ca4c76ac06da:c5722, c86beb1c-9105-4588-b1e8-133030361c51:c5722]
2019-07-12 12:28:40,531 INFO  client.GrpcClientProtocolClient (GrpcClientProtocolClient.java:onNext(255)) - client-D83FC23EEBD8->4c571e18-69a3-4a6d-81de-e3e48052df18: receive RaftClientReply:client-D83FC23EEBD8->4c571e18-69a3-4a6d-81de-e3e48052df18@group-644576B5741B, cid=3791, SUCCESS, logIndex=5729, commits[4c571e18-69a3-4a6d-81de-e3e48052df18:c5730, 15893972-388e-43c0-9d6c-ca4c76ac06da:c5726, c86beb1c-9105-4588-b1e8-133030361c51:c5726]
2019-07-12 12:28:40,531 INFO  client.GrpcClientProtocolClient (GrpcClientProtocolClient.java:onNext(255)) - client-D83FC23EEBD8->4c571e18-69a3-4a6d-81de-e3e48052df18: receive RaftClientReply:client-D83FC23EEBD8->4c571e18-69a3-4a6d-81de-e3e48052df18@group-644576B5741B, cid=3792, SUCCESS, logIndex=5730, commits[4c571e18-69a3-4a6d-81de-e3e48052df18:c5730, 15893972-388e-43c0-9d6c-ca4c76ac06da:c5726, c86beb1c-9105-4588-b1e8-133030361c51:c5726]
2019-07-12 12:28:40,558 INFO  client.GrpcClientProtocolClient (GrpcClientProtocolClient.java:onNext(255)) - client-D83FC23EEBD8->4c571e18-69a3-4a6d-81de-e3e48052df18: receive RaftClientReply:client-D83FC23EEBD8->4c571e18-69a3-4a6d-81de-e3e48052df18@group-644576B5741B, cid=3793, SUCCESS, logIndex=5733, commits[4c571e18-69a3-4a6d-81de-e3e48052df18:c5733, 15893972-388e-43c0-9d6c-ca4c76ac06da:c5730, c86beb1c-9105-4588-b1e8-133030361c51:c5730]
2019-07-12 12:28:40,558 INFO  client.GrpcClientProtocolClient (GrpcClientProtocolClient.java:onNext(255)) - client-D83FC23EEBD8->4c571e18-69a3-4a6d-81de-e3e48052df18: receive RaftClientReply:client-D83FC23EEBD8->4c571e18-69a3-4a6d-81de-e3e48052df18@group-644576B5741B, cid=3794, SUCCESS, logIndex=5734, commits[4c571e18-69a3-4a6d-81de-e3e48052df18:c5734, 15893972-388e-43c0-9d6c-ca4c76ac06da:c5730, c86beb1c-9105-4588-b1e8-133030361c51:c5730]
2019-07-12 12:28:40,584 INFO  client.GrpcClientProtocolClient (GrpcClientProtocolClient.java:onNext(255)) - client-D83FC23EEBD8->4c571e18-69a3-4a6d-81de-e3e48052df18: receive RaftClientReply:client-D83FC23EEBD8->4c571e18-69a3-4a6d-81de-e3e48052df18@group-644576B5741B, cid=3795, SUCCESS, logIndex=0, commits[4c571e18-69a3-4a6d-81de-e3e48052df18:c5736, 15893972-388e-43c0-9d6c-ca4c76ac06da:c5734, c86beb1c-9105-4588-b1e8-133030361c51:c5734]
2019-07-12 12:28:40,623 INFO  client.GrpcClientProtocolClient (GrpcClientProtocolClient.java:onNext(255)) - client-D83FC23EEBD8->4c571e18-69a3-4a6d-81de-e3e48052df18: receive RaftClientReply:client-D83FC23EEBD8->4c571e18-69a3-4a6d-81de-e3e48052df18@group-644576B5741B, cid=3796, SUCCESS, logIndex=5737, commits[4c571e18-69a3-4a6d-81de-e3e48052df18:c5739, 15893972-388e-43c0-9d6c-ca4c76ac06da:c5736, c86beb1c-9105-4588-b1e8-133030361c51:c5736]
2019-07-12 12:28:40,623 INFO  client.GrpcClientProtocolClient (GrpcClientProtocolClient.java:onNext(255)) - client-D83FC23EEBD8->4c571e18-69a3-4a6d-81de-e3e48052df18: receive RaftClientReply:client-D83FC23EEBD8->4c571e18-69a3-4a6d-81de-e3e48052df18@group-644576B5741B, cid=3797, SUCCESS, logIndex=5738, commits[4c571e18-69a3-4a6d-81de-e3e48052df18:c5740, 15893972-388e-43c0-9d6c-ca4c76ac06da:c5736, c86beb1c-9105-4588-b1e8-133030361c51:c5736]
2019-07-12 12:28:40,624 INFO  client.GrpcClientProtocolClient (GrpcClientProtocolClient.java:onNext(255)) - client-D83FC23EEBD8->4c571e18-69a3-4a6d-81de-e3e48052df18: receive RaftClientReply:client-D83FC23EEBD8->4c571e18-69a3-4a6d-81de-e3e48052df18@group-644576B5741B, cid=3798, SUCCESS, logIndex=5739, commits[4c571e18-69a3-4a6d-81de-e3e48052df18:c5740, 15893972-388e-43c0-9d6c-ca4c76ac06da:c5736, c86beb1c-9105-4588-b1e8-133030361c51:c5736]
2019-07-12 12:28:40,625 INFO  client.GrpcClientProtocolClient (GrpcClientProtocolClient.java:onNext(255)) - client-D83FC23EEBD8->4c571e18-69a3-4a6d-81de-e3e48052df18: receive RaftClientReply:client-D83FC23EEBD8->4c571e18-69a3-4a6d-81de-e3e48052df18@group-644576B5741B, cid=3799, SUCCESS, logIndex=5740, commits[4c571e18-69a3-4a6d-81de-e3e48052df18:c5740, 15893972-388e-43c0-9d6c-ca4c76ac06da:c5736, c86beb1c-9105-4588-b1e8-133030361c51:c5736]
2019-07-12 12:28:40,637 INFO  client.GrpcClientProtocolClient (GrpcClientProtocolClient.java:onNext(255)) - client-D83FC23EEBD8->4c571e18-69a3-4a6d-81de-e3e48052df18: receive RaftClientReply:client-D83FC23EEBD8->4c571e18-69a3-4a6d-81de-e3e48052df18@group-644576B5741B, cid=3800, SUCCESS, logIndex=0, commits[4c571e18-69a3-4a6d-81de-e3e48052df18:c5742, 15893972-388e-43c0-9d6c-ca4c76ac06da:c5738, c86beb1c-9105-4588-b1e8-133030361c51:c5738]
 0.00% |█                                                                                                    |  0/1 Time: 0:00:322019-07-12 12:28:40,662 INFO  client.GrpcClientProtocolClient (GrpcClientProtocolClient.java:onNext(255)) - client-D83FC23EEBD8->4c571e18-69a3-4a6d-81de-e3e48052df18: receive RaftClientReply:client-D83FC23EEBD8->4c571e18-69a3-4a6d-81de-e3e48052df18@group-644576B5741B, cid=3801, SUCCESS, logIndex=5745, commits[4c571e18-69a3-4a6d-81de-e3e48052df18:c5746, 15893972-388e-43c0-9d6c-ca4c76ac06da:c5744, c86beb1c-9105-4588-b1e8-133030361c51:c5744]
2019-07-12 12:28:40,662 INFO  client.GrpcClientProtocolClient (GrpcClientProtocolClient.java:onNext(255)) - client-D83FC23EEBD8->4c571e18-69a3-4a6d-81de-e3e48052df18: receive RaftClientReply:client-D83FC23EEBD8->4c571e18-69a3-4a6d-81de-e3e48052df18@group-644576B5741B, cid=3802, SUCCESS, logIndex=5746, commits[4c571e18-69a3-4a6d-81de-e3e48052df18:c5746, 15893972-388e-43c0-9d6c-ca4c76ac06da:c5744, c86beb1c-9105-4588-b1e8-133030361c51:c5744]
2019-07-12 12:28:40,675 INFO  client.GrpcClientProtocolClient (GrpcClientProtocolClient.java:onNext(255)) - client-D83FC23EEBD8->4c571e18-69a3-4a6d-81de-e3e48052df18: receive RaftClientReply:client-D83FC23EEBD8->4c571e18-69a3-4a6d-81de-e3e48052df18@group-644576B5741B, cid=3803, SUCCESS, logIndex=5749, commits[4c571e18-69a3-4a6d-81de-e3e48052df18:c5750, 15893972-388e-43c0-9d6c-ca4c76ac06da:c5746, c86beb1c-9105-4588-b1e8-133030361c51:c5746]
2019-07-12 12:28:40,676 INFO  client.GrpcClientProtocolClient (GrpcClientProtocolClient.java:onNext(255)) - client-D83FC23EEBD8->4c571e18-69a3-4a6d-81de-e3e48052df18: receive RaftClientReply:client-D83FC23EEBD8->4c571e18-69a3-4a6d-81de-e3e48052df18@group-644576B5741B, cid=3804, SUCCESS, logIndex=5750, commits[4c571e18-69a3-4a6d-81de-e3e48052df18:c5750, 15893972-388e-43c0-9d6c-ca4c76ac06da:c5746, c86beb1c-9105-4588-b1e8-133030361c51:c5746]
2019-07-12 12:28:40,688 INFO  client.GrpcClientProtocolClient (GrpcClientProtocolClient.java:onNext(255)) - client-D83FC23EEBD8->4c571e18-69a3-4a6d-81de-e3e48052df18: receive RaftClientReply:client-D83FC23EEBD8->4c571e18-69a3-4a6d-81de-e3e48052df18@group-644576B5741B, cid=3805, SUCCESS, logIndex=0, commits[4c571e18-69a3-4a6d-81de-e3e48052df18:c5752, 15893972-388e-43c0-9d6c-ca4c76ac06da:c5750, c86beb1c-9105-4588-b1e8-133030361c51:c5750]
2019-07-12 12:28:40,722 INFO  client.GrpcClientProtocolClient (GrpcClientProtocolClient.java:onNext(255)) - client-D83FC23EEBD8->4c571e18-69a3-4a6d-81de-e3e48052df18: receive RaftClientReply:client-D83FC23EEBD8->4c571e18-69a3-4a6d-81de-e3e48052df18@group-644576B5741B, cid=3806, SUCCESS, logIndex=5753, commits[4c571e18-69a3-4a6d-81de-e3e48052df18:c5754, 15893972-388e-43c0-9d6c-ca4c76ac06da:c5752, c86beb1c-9105-4588-b1e8-133030361c51:c5752]
2019-07-12 12:28:40,722 INFO  client.GrpcClientProtocolClient (GrpcClientProtocolClient.java:onNext(255)) - client-D83FC23EEBD8->4c571e18-69a3-4a6d-81de-e3e48052df18: receive RaftClientReply:client-D83FC23EEBD8->4c571e18-69a3-4a6d-81de-e3e48052df18@group-644576B5741B, cid=3807, SUCCESS, logIndex=5754, commits[4c571e18-69a3-4a6d-81de-e3e48052df18:c5754, 15893972-388e-43c0-9d6c-ca4c76ac06da:c5752, c86beb1c-9105-4588-b1e8-133030361c51:c5752]
2019-07-12 12:28:40,722 INFO  client.GrpcClientProtocolClient (GrpcClientProtocolClient.java:onNext(255)) - client-D83FC23EEBD8->4c571e18-69a3-4a6d-81de-e3e48052df18: receive RaftClientReply:client-D83FC23EEBD8->4c571e18-69a3-4a6d-81de-e3e48052df18@group-644576B5741B, cid=3808, SUCCESS, logIndex=5755, commits[4c571e18-69a3-4a6d-81de-e3e48052df18:c5756, 15893972-388e-43c0-9d6c-ca4c76ac06da:c5752, c86beb1c-9105-4588-b1e8-133030361c51:c5752]
2019-07-12 12:28:40,723 INFO  client.GrpcClientProtocolClient (GrpcClientProtocolClient.java:onNext(255)) - client-D83FC23EEBD8->4c571e18-69a3-4a6d-81de-e3e48052df18: receive RaftClientReply:client-D83FC23EEBD8->4c571e18-69a3-4a6d-81de-e3e48052df18@group-644576B5741B, cid=3809, SUCCESS, logIndex=5756, commits[4c571e18-69a3-4a6d-81de-e3e48052df18:c5756, 15893972-388e-43c0-9d6c-ca4c76ac06da:c5752, c86beb1c-9105-4588-b1e8-133030361c51:c5752]
2019-07-12 12:28:40,726 INFO  client.GrpcClientProtocolClient (GrpcClientProtocolClient.java:onNext(255)) - client-D83FC23EEBD8->4c571e18-69a3-4a6d-81de-e3e48052df18: receive RaftClientReply:client-D83FC23EEBD8->4c571e18-69a3-4a6d-81de-e3e48052df18@group-644576B5741B, cid=3810, SUCCESS, logIndex=0, commits[4c571e18-69a3-4a6d-81de-e3e48052df18:c5758, 15893972-388e-43c0-9d6c-ca4c76ac06da:c5754, c86beb1c-9105-4588-b1e8-133030361c51:c5754]
2019-07-12 12:28:40,739 INFO  client.GrpcClientProtocolClient (GrpcClientProtocolClient.java:onNext(255)) - client-D83FC23EEBD8->4c571e18-69a3-4a6d-81de-e3e48052df18: receive RaftClientReply:client-D83FC23EEBD8->4c571e18-69a3-4a6d-81de-e3e48052df18@group-644576B5741B, cid=3811, SUCCESS, logIndex=5761, commits[4c571e18-69a3-4a6d-81de-e3e48052df18:c5762, 15893972-388e-43c0-9d6c-ca4c76ac06da:c5760, c86beb1c-9105-4588-b1e8-133030361c51:c5756]
2019-07-12 12:28:40,740 INFO  client.GrpcClientProtocolClient (GrpcClientProtocolClient.java:onNext(255)) - client-D83FC23EEBD8->4c571e18-69a3-4a6d-81de-e3e48052df18: receive RaftClientReply:client-D83FC23EEBD8->4c571e18-69a3-4a6d-81de-e3e48052df18@group-644576B5741B, cid=3812, SUCCESS, logIndex=5762, commits[4c571e18-69a3-4a6d-81de-e3e48052df18:c5762, 15893972-388e-43c0-9d6c-ca4c76ac06da:c5760, c86beb1c-9105-4588-b1e8-133030361c51:c5756]
2019-07-12 12:28:40,764 INFO  client.GrpcClientProtocolClient (GrpcClientProtocolClient.java:onNext(255)) - client-D83FC23EEBD8->4c571e18-69a3-4a6d-81de-e3e48052df18: receive RaftClientReply:client-D83FC23EEBD8->4c571e18-69a3-4a6d-81de-e3e48052df18@group-644576B5741B, cid=3813, SUCCESS, logIndex=5765, commits[4c571e18-69a3-4a6d-81de-e3e48052df18:c5766, 15893972-388e-43c0-9d6c-ca4c76ac06da:c5761, c86beb1c-9105-4588-b1e8-133030361c51:c5762]
2019-07-12 12:28:40,764 INFO  client.GrpcClientProtocolClient (GrpcClientProtocolClient.java:onNext(255)) - client-D83FC23EEBD8->4c571e18-69a3-4a6d-81de-e3e48052df18: receive RaftClientReply:client-D83FC23EEBD8->4c571e18-69a3-4a6d-81de-e3e48052df18@group-644576B5741B, cid=3814, SUCCESS, logIndex=5766, commits[4c571e18-69a3-4a6d-81de-e3e48052df18:c5766, 15893972-388e-43c0-9d6c-ca4c76ac06da:c5762, c86beb1c-9105-4588-b1e8-133030361c51:c5762]
2019-07-12 12:28:40,779 INFO  client.GrpcClientProtocolClient (GrpcClientProtocolClient.java:onNext(255)) - client-D83FC23EEBD8->4c571e18-69a3-4a6d-81de-e3e48052df18: receive RaftClientReply:client-D83FC23EEBD8->4c571e18-69a3-4a6d-81de-e3e48052df18@group-644576B5741B, cid=3815, SUCCESS, logIndex=0, commits[4c571e18-69a3-4a6d-81de-e3e48052df18:c5768, 15893972-388e-43c0-9d6c-ca4c76ac06da:c5766, c86beb1c-9105-4588-b1e8-133030361c51:c5766]
2019-07-12 12:28:40,807 INFO  client.GrpcClientProtocolClient (GrpcClientProtocolClient.java:onNext(255)) - client-D83FC23EEBD8->4c571e18-69a3-4a6d-81de-e3e48052df18: receive RaftClientReply:client-D83FC23EEBD8->4c571e18-69a3-4a6d-81de-e3e48052df18@group-644576B5741B, cid=3816, SUCCESS, logIndex=5769, commits[4c571e18-69a3-4a6d-81de-e3e48052df18:c5769, 15893972-388e-43c0-9d6c-ca4c76ac06da:c5768, c86beb1c-9105-4588-b1e8-133030361c51:c5768]
2019-07-12 12:28:40,808 INFO  client.GrpcClientProtocolClient (GrpcClientProtocolClient.java:onNext(255)) - client-D83FC23EEBD8->4c571e18-69a3-4a6d-81de-e3e48052df18: receive RaftClientReply:client-D83FC23EEBD8->4c571e18-69a3-4a6d-81de-e3e48052df18@group-644576B5741B, cid=3817, SUCCESS, logIndex=5770, commits[4c571e18-69a3-4a6d-81de-e3e48052df18:c5770, 15893972-388e-43c0-9d6c-ca4c76ac06da:c5768, c86beb1c-9105-4588-b1e8-133030361c51:c5768]
2019-07-12 12:28:40,821 INFO  client.GrpcClientProtocolClient (GrpcClientProtocolClient.java:onNext(255)) - client-D83FC23EEBD8->4c571e18-69a3-4a6d-81de-e3e48052df18: receive RaftClientReply:client-D83FC23EEBD8->4c571e18-69a3-4a6d-81de-e3e48052df18@group-644576B5741B, cid=3818, SUCCESS, logIndex=5771, commits[4c571e18-69a3-4a6d-81de-e3e48052df18:c5772, 15893972-388e-43c0-9d6c-ca4c76ac06da:c5768, c86beb1c-9105-4588-b1e8-133030361c51:c5768]
2019-07-12 12:28:40,821 INFO  client.GrpcClientProtocolClient (GrpcClientProtocolClient.java:onNext(255)) - client-D83FC23EEBD8->4c571e18-69a3-4a6d-81de-e3e48052df18: receive RaftClientReply:client-D83FC23EEBD8->4c571e18-69a3-4a6d-81de-e3e48052df18@group-644576B5741B, cid=3819, SUCCESS, logIndex=5772, commits[4c571e18-69a3-4a6d-81de-e3e48052df18:c5772, 15893972-388e-43c0-9d6c-ca4c76ac06da:c5768, c86beb1c-9105-4588-b1e8-133030361c51:c5768]
2019-07-12 12:28:40,833 INFO  client.GrpcClientProtocolClient (GrpcClientProtocolClient.java:onNext(255)) - client-D83FC23EEBD8->4c571e18-69a3-4a6d-81de-e3e48052df18: receive RaftClientReply:client-D83FC23EEBD8->4c571e18-69a3-4a6d-81de-e3e48052df18@group-644576B5741B, cid=3820, SUCCESS, logIndex=0, commits[4c571e18-69a3-4a6d-81de-e3e48052df18:c5774, 15893972-388e-43c0-9d6c-ca4c76ac06da:c5770, c86beb1c-9105-4588-b1e8-133030361c51:c5770]
2019-07-12 12:28:40,859 INFO  client.GrpcClientProtocolClient (GrpcClientProtocolClient.java:onNext(255)) - client-D83FC23EEBD8->4c571e18-69a3-4a6d-81de-e3e48052df18: receive RaftClientReply:client-D83FC23EEBD8->4c571e18-69a3-4a6d-81de-e3e48052df18@group-644576B5741B, cid=3821, SUCCESS, logIndex=5777, commits[4c571e18-69a3-4a6d-81de-e3e48052df18:c5778, 15893972-388e-43c0-9d6c-ca4c76ac06da:c5774, c86beb1c-9105-4588-b1e8-133030361c51:c5774]
2019-07-12 12:28:40,859 INFO  client.GrpcClientProtocolClient (GrpcClientProtocolClient.java:onNext(255)) - client-D83FC23EEBD8->4c571e18-69a3-4a6d-81de-e3e48052df18: receive RaftClientReply:client-D83FC23EEBD8->4c571e18-69a3-4a6d-81de-e3e48052df18@group-644576B5741B, cid=3822, SUCCESS, logIndex=5778, commits[4c571e18-69a3-4a6d-81de-e3e48052df18:c5778, 15893972-388e-43c0-9d6c-ca4c76ac06da:c5774, c86beb1c-9105-4588-b1e8-133030361c51:c5774]
2019-07-12 12:28:40,954 INFO  client.GrpcClientProtocolClient (GrpcClientProtocolClient.java:onNext(255)) - client-D83FC23EEBD8->4c571e18-69a3-4a6d-81de-e3e48052df18: receive RaftClientReply:client-D83FC23EEBD8->4c571e18-69a3-4a6d-81de-e3e48052df18@group-644576B5741B, cid=3823, SUCCESS, logIndex=5781, commits[4c571e18-69a3-4a6d-81de-e3e48052df18:c5782, 15893972-388e-43c0-9d6c-ca4c76ac06da:c5779, c86beb1c-9105-4588-b1e8-133030361c51:c5779]
2019-07-12 12:28:40,954 INFO  client.GrpcClientProtocolClient (GrpcClientProtocolClient.java:onNext(255)) - client-D83FC23EEBD8->4c571e18-69a3-4a6d-81de-e3e48052df18: receive RaftClientReply:client-D83FC23EEBD8->4c571e18-69a3-4a6d-81de-e3e48052df18@group-644576B5741B, cid=3824, SUCCESS, logIndex=5782, commits[4c571e18-69a3-4a6d-81de-e3e48052df18:c5782, 15893972-388e-43c0-9d6c-ca4c76ac06da:c5779, c86beb1c-9105-4588-b1e8-133030361c51:c5779]
2019-07-12 12:28:40,967 INFO  client.GrpcClientProtocolClient (GrpcClientProtocolClient.java:onNext(255)) - client-D83FC23EEBD8->4c571e18-69a3-4a6d-81de-e3e48052df18: receive RaftClientReply:client-D83FC23EEBD8->4c571e18-69a3-4a6d-81de-e3e48052df18@group-644576B5741B, cid=3825, SUCCESS, logIndex=0, commits[4c571e18-69a3-4a6d-81de-e3e48052df18:c5784, 15893972-388e-43c0-9d6c-ca4c76ac06da:c5782, c86beb1c-9105-4588-b1e8-133030361c51:c5782]
2019-07-12 12:28:40,997 INFO  client.GrpcClientProtocolClient (GrpcClientProtocolClient.java:onNext(255)) - client-D83FC23EEBD8->4c571e18-69a3-4a6d-81de-e3e48052df18: receive RaftClientReply:client-D83FC23EEBD8->4c571e18-69a3-4a6d-81de-e3e48052df18@group-644576B5741B, cid=3826, SUCCESS, logIndex=5785, commits[4c571e18-69a3-4a6d-81de-e3e48052df18:c5786, 15893972-388e-43c0-9d6c-ca4c76ac06da:c5784, c86beb1c-9105-4588-b1e8-133030361c51:c5784]
2019-07-12 12:28:40,998 INFO  client.GrpcClientProtocolClient (GrpcClientProtocolClient.java:onNext(255)) - client-D83FC23EEBD8->4c571e18-69a3-4a6d-81de-e3e48052df18: receive RaftClientReply:client-D83FC23EEBD8->4c571e18-69a3-4a6d-81de-e3e48052df18@group-644576B5741B, cid=3827, SUCCESS, logIndex=5786, commits[4c571e18-69a3-4a6d-81de-e3e48052df18:c5786, 15893972-388e-43c0-9d6c-ca4c76ac06da:c5784, c86beb1c-9105-4588-b1e8-133030361c51:c5784]
2019-07-12 12:28:41,010 INFO  client.GrpcClientProtocolClient (GrpcClientProtocolClient.java:onNext(255)) - client-D83FC23EEBD8->4c571e18-69a3-4a6d-81de-e3e48052df18: receive RaftClientReply:client-D83FC23EEBD8->4c571e18-69a3-4a6d-81de-e3e48052df18@group-644576B5741B, cid=3828, SUCCESS, logIndex=5787, commits[4c571e18-69a3-4a6d-81de-e3e48052df18:c5788, 15893972-388e-43c0-9d6c-ca4c76ac06da:c5784, c86beb1c-9105-4588-b1e8-133030361c51:c5784]
2019-07-12 12:28:41,011 INFO  client.GrpcClientProtocolClient (GrpcClientProtocolClient.java:onNext(255)) - client-D83FC23EEBD8->4c571e18-69a3-4a6d-81de-e3e48052df18: receive RaftClientReply:client-D83FC23EEBD8->4c571e18-69a3-4a6d-81de-e3e48052df18@group-644576B5741B, cid=3829, SUCCESS, logIndex=5788, commits[4c571e18-69a3-4a6d-81de-e3e48052df18:c5788, 15893972-388e-43c0-9d6c-ca4c76ac06da:c5784, c86beb1c-9105-4588-b1e8-133030361c51:c5784]
2019-07-12 12:28:41,023 INFO  client.GrpcClientProtocolClient (GrpcClientProtocolClient.java:onNext(255)) - client-D83FC23EEBD8->4c571e18-69a3-4a6d-81de-e3e48052df18: receive RaftClientReply:client-D83FC23EEBD8->4c571e18-69a3-4a6d-81de-e3e48052df18@group-644576B5741B, cid=3830, SUCCESS, logIndex=0, commits[4c571e18-69a3-4a6d-81de-e3e48052df18:c5790, 15893972-388e-43c0-9d6c-ca4c76ac06da:c5786, c86beb1c-9105-4588-b1e8-133030361c51:c5786]
 0.00% |█                                                                                                    |  0/1 Time: 0:00:332019-07-12 12:28:42,041 INFO  client.GrpcClientProtocolClient (GrpcClientProtocolClient.java:onNext(255)) - client-D83FC23EEBD8->4c571e18-69a3-4a6d-81de-e3e48052df18: receive RaftClientReply:client-D83FC23EEBD8->4c571e18-69a3-4a6d-81de-e3e48052df18@group-644576B5741B, cid=3831, SUCCESS, logIndex=5793, commits[4c571e18-69a3-4a6d-81de-e3e48052df18:c5794, 15893972-388e-43c0-9d6c-ca4c76ac06da:c5790, c86beb1c-9105-4588-b1e8-133030361c51:c5788]
2019-07-12 12:28:42,041 INFO  client.GrpcClientProtocolClient (GrpcClientProtocolClient.java:onNext(255)) - client-D83FC23EEBD8->4c571e18-69a3-4a6d-81de-e3e48052df18: receive RaftClientReply:client-D83FC23EEBD8->4c571e18-69a3-4a6d-81de-e3e48052df18@group-644576B5741B, cid=3832, SUCCESS, logIndex=5794, commits[4c571e18-69a3-4a6d-81de-e3e48052df18:c5794, 15893972-388e-43c0-9d6c-ca4c76ac06da:c5790, c86beb1c-9105-4588-b1e8-133030361c51:c5788]
 0.00% |█                                                                                                    |  0/1 Time: 0:00:34 0.00% |█                                                                                                    |  0/1 Time: 0:00:35 0.00% |█                                                                                                    |  0/1 Time: 0:00:362019-07-12 12:28:45,041 WARN  server.GrpcLogAppender (GrpcLogAppender.java:timeoutAppendRequest(200)) - GrpcLogAppender(4c571e18-69a3-4a6d-81de-e3e48052df18->15893972-388e-43c0-9d6c-ca4c76ac06da): appendEntries Timeout, request=4c571e18-69a3-4a6d-81de-e3e48052df18->15893972-388e-43c0-9d6c-ca4c76ac06da#5803-t1, previous=(t:1, i:5794), leaderCommit=5794, initializing? false, entries: size=1, first=(t:1, i:5795), METADATAENTRY(c5793)
2019-07-12 12:28:45,041 WARN  server.GrpcLogAppender (GrpcLogAppender.java:timeoutAppendRequest(200)) - GrpcLogAppender(4c571e18-69a3-4a6d-81de-e3e48052df18->c86beb1c-9105-4588-b1e8-133030361c51): appendEntries Timeout, request=4c571e18-69a3-4a6d-81de-e3e48052df18->c86beb1c-9105-4588-b1e8-133030361c51#5803-t1, previous=(t:1, i:5794), leaderCommit=5794, initializing? false, entries: size=1, first=(t:1, i:5795), METADATAENTRY(c5793)
2019-07-12 12:28:45,044 WARN  server.GrpcLogAppender (GrpcLogAppender.java:timeoutAppendRequest(200)) - GrpcLogAppender(4c571e18-69a3-4a6d-81de-e3e48052df18->15893972-388e-43c0-9d6c-ca4c76ac06da): appendEntries Timeout, request=4c571e18-69a3-4a6d-81de-e3e48052df18->15893972-388e-43c0-9d6c-ca4c76ac06da#5804-t1, previous=(t:1, i:5795), leaderCommit=5794, initializing? false, entries: size=1, first=(t:1, i:5796), METADATAENTRY(c5794)
2019-07-12 12:28:45,047 WARN  server.GrpcLogAppender (GrpcLogAppender.java:timeoutAppendRequest(200)) - GrpcLogAppender(4c571e18-69a3-4a6d-81de-e3e48052df18->c86beb1c-9105-4588-b1e8-133030361c51): appendEntries Timeout, request=4c571e18-69a3-4a6d-81de-e3e48052df18->c86beb1c-9105-4588-b1e8-133030361c51#5804-t1, previous=(t:1, i:5795), leaderCommit=5794, initializing? false, entries: size=1, first=(t:1, i:5796), METADATAENTRY(c5794)
2019-07-12 12:28:45,047 WARN  server.GrpcLogAppender (GrpcLogAppender.java:timeoutAppendRequest(200)) - GrpcLogAppender(4c571e18-69a3-4a6d-81de-e3e48052df18->15893972-388e-43c0-9d6c-ca4c76ac06da): appendEntries Timeout, request=4c571e18-69a3-4a6d-81de-e3e48052df18->15893972-388e-43c0-9d6c-ca4c76ac06da#5805-t1, previous=(t:1, i:5796), leaderCommit=5794, initializing? false, entries: size=1, first=(t:1, i:5797), STATEMACHINELOGENTRY, client-D83FC23EEBD8, cid=3833
2019-07-12 12:28:45,047 WARN  server.GrpcLogAppender (GrpcLogAppender.java:timeoutAppendRequest(200)) - GrpcLogAppender(4c571e18-69a3-4a6d-81de-e3e48052df18->c86beb1c-9105-4588-b1e8-133030361c51): appendEntries Timeout, request=4c571e18-69a3-4a6d-81de-e3e48052df18->c86beb1c-9105-4588-b1e8-133030361c51#5805-t1, previous=(t:1, i:5796), leaderCommit=5794, initializing? false, entries: size=1, first=(t:1, i:5797), STATEMACHINELOGENTRY, client-D83FC23EEBD8, cid=3833
2019-07-12 12:28:45,047 WARN  server.GrpcLogAppender (GrpcLogAppender.java:timeoutAppendRequest(200)) - GrpcLogAppender(4c571e18-69a3-4a6d-81de-e3e48052df18->15893972-388e-43c0-9d6c-ca4c76ac06da): appendEntries Timeout, request=4c571e18-69a3-4a6d-81de-e3e48052df18->15893972-388e-43c0-9d6c-ca4c76ac06da#5806-t1, previous=(t:1, i:5797), leaderCommit=5794, initializing? false, entries: size=1, first=(t:1, i:5798), STATEMACHINELOGENTRY, client-D83FC23EEBD8, cid=3834
2019-07-12 12:28:45,047 WARN  server.GrpcLogAppender (GrpcLogAppender.java:timeoutAppendRequest(200)) - GrpcLogAppender(4c571e18-69a3-4a6d-81de-e3e48052df18->c86beb1c-9105-4588-b1e8-133030361c51): appendEntries Timeout, request=4c571e18-69a3-4a6d-81de-e3e48052df18->c86beb1c-9105-4588-b1e8-133030361c51#5806-t1, previous=(t:1, i:5797), leaderCommit=5794, initializing? false, entries: size=1, first=(t:1, i:5798), STATEMACHINELOGENTRY, client-D83FC23EEBD8, cid=3834
 0.00% |█                                                                                                    |  0/1 Time: 0:00:372019-07-12 12:28:46,302 WARN  server.GrpcLogAppender (GrpcLogAppender.java:onNextImpl(250)) - org.apache.ratis.grpc.server.GrpcLogAppender$AppendLogResponseHandler@1e272bef: Request not found, ignoring reply: 4c571e18-69a3-4a6d-81de-e3e48052df18<-15893972-388e-43c0-9d6c-ca4c76ac06da#5803:OK,SUCCESS,nextIndex:5796,term:1,followerCommit:5794
2019-07-12 12:28:46,307 WARN  server.GrpcLogAppender (GrpcLogAppender.java:onNextImpl(250)) - org.apache.ratis.grpc.server.GrpcLogAppender$AppendLogResponseHandler@556a4179: Request not found, ignoring reply: 4c571e18-69a3-4a6d-81de-e3e48052df18<-c86beb1c-9105-4588-b1e8-133030361c51#5803:OK,SUCCESS,nextIndex:5796,term:1,followerCommit:5794
2019-07-12 12:28:46,307 WARN  server.GrpcLogAppender (GrpcLogAppender.java:onNextImpl(250)) - org.apache.ratis.grpc.server.GrpcLogAppender$AppendLogResponseHandler@556a4179: Request not found, ignoring reply: 4c571e18-69a3-4a6d-81de-e3e48052df18<-c86beb1c-9105-4588-b1e8-133030361c51#5804:OK,SUCCESS,nextIndex:5797,term:1,followerCommit:5794
 0.00% |█                                                                                                    |  0/1 Time: 0:00:382019-07-12 12:28:47,115 INFO  client.GrpcClientProtocolClient (GrpcClientProtocolClient.java:onNext(255)) - client-D83FC23EEBD8->15893972-388e-43c0-9d6c-ca4c76ac06da: receive RaftClientReply:client-D83FC23EEBD8->15893972-388e-43c0-9d6c-ca4c76ac06da@group-644576B5741B, cid=3833, FAILED org.apache.ratis.protocol.NotLeaderException: Server 15893972-388e-43c0-9d6c-ca4c76ac06da is not the leader (4c571e18-69a3-4a6d-81de-e3e48052df18:192.168.69.99:33470). Request must be sent to leader., logIndex=0, commits[15893972-388e-43c0-9d6c-ca4c76ac06da:c5794, 4c571e18-69a3-4a6d-81de-e3e48052df18:c5794, c86beb1c-9105-4588-b1e8-133030361c51:c5790]
2019-07-12 12:28:47,545 WARN  server.GrpcLogAppender (GrpcLogAppender.java:timeoutAppendRequest(200)) - GrpcLogAppender(4c571e18-69a3-4a6d-81de-e3e48052df18->15893972-388e-43c0-9d6c-ca4c76ac06da): appendEntries Timeout, request=4c571e18-69a3-4a6d-81de-e3e48052df18->15893972-388e-43c0-9d6c-ca4c76ac06da#5807-t1, previous=(t:1, i:5798), leaderCommit=5794, initializing? false, entries: <empty>
2019-07-12 12:28:47,545 WARN  server.GrpcLogAppender (GrpcLogAppender.java:timeoutAppendRequest(200)) - GrpcLogAppender(4c571e18-69a3-4a6d-81de-e3e48052df18->c86beb1c-9105-4588-b1e8-133030361c51): appendEntries Timeout, request=4c571e18-69a3-4a6d-81de-e3e48052df18->c86beb1c-9105-4588-b1e8-133030361c51#5807-t1, previous=(t:1, i:5798), leaderCommit=5794, initializing? false, entries: <empty>
 0.00% |█                                                                                                    |  0/1 Time: 0:00:39 0.00% |█                                                                                                    |  0/1 Time: 0:00:40 0.00% |█                                                                                                    |  0/1 Time: 0:00:41 0.00% |█                                                                                                    |  0/1 Time: 0:00:42 0.00% |█                                                                                                    |  0/1 Time: 0:00:432019-07-12 12:28:51,803 WARN  server.GrpcLogAppender (GrpcLogAppender.java:timeoutAppendRequest(200)) - GrpcLogAppender(4c571e18-69a3-4a6d-81de-e3e48052df18->15893972-388e-43c0-9d6c-ca4c76ac06da): appendEntries Timeout, request=4c571e18-69a3-4a6d-81de-e3e48052df18->15893972-388e-43c0-9d6c-ca4c76ac06da#5808-t1, previous=(t:1, i:5798), leaderCommit=5794, initializing? false, entries: <empty>
2019-07-12 12:28:51,807 WARN  server.GrpcLogAppender (GrpcLogAppender.java:timeoutAppendRequest(200)) - GrpcLogAppender(4c571e18-69a3-4a6d-81de-e3e48052df18->c86beb1c-9105-4588-b1e8-133030361c51): appendEntries Timeout, request=4c571e18-69a3-4a6d-81de-e3e48052df18->c86beb1c-9105-4588-b1e8-133030361c51#5808-t1, previous=(t:1, i:5798), leaderCommit=5794, initializing? false, entries: <empty>
2019-07-12 12:28:52,156 INFO  client.GrpcClientProtocolClient (GrpcClientProtocolClient.java:onNext(255)) - client-D83FC23EEBD8->c86beb1c-9105-4588-b1e8-133030361c51: receive RaftClientReply:client-D83FC23EEBD8->c86beb1c-9105-4588-b1e8-133030361c51@group-644576B5741B, cid=3833, FAILED org.apache.ratis.protocol.NotLeaderException: Server c86beb1c-9105-4588-b1e8-133030361c51 is not the leader (4c571e18-69a3-4a6d-81de-e3e48052df18:192.168.69.99:33470). Request must be sent to leader., logIndex=0, commits[c86beb1c-9105-4588-b1e8-133030361c51:c5794, 15893972-388e-43c0-9d6c-ca4c76ac06da:c5790, 4c571e18-69a3-4a6d-81de-e3e48052df18:c5794]
 0.00% |█                                                                                                    |  0/1 Time: 0:00:44 0.00% |█                                                                                                    |  0/1 Time: 0:00:452019-07-12 12:28:54,303 WARN  server.GrpcLogAppender (GrpcLogAppender.java:timeoutAppendRequest(200)) - GrpcLogAppender(4c571e18-69a3-4a6d-81de-e3e48052df18->15893972-388e-43c0-9d6c-ca4c76ac06da): appendEntries Timeout, request=4c571e18-69a3-4a6d-81de-e3e48052df18->15893972-388e-43c0-9d6c-ca4c76ac06da#5809-t1, previous=(t:1, i:5798), leaderCommit=5794, initializing? false, entries: <empty>
2019-07-12 12:28:54,308 WARN  server.GrpcLogAppender (GrpcLogAppender.java:timeoutAppendRequest(200)) - GrpcLogAppender(4c571e18-69a3-4a6d-81de-e3e48052df18->c86beb1c-9105-4588-b1e8-133030361c51): appendEntries Timeout, request=4c571e18-69a3-4a6d-81de-e3e48052df18->c86beb1c-9105-4588-b1e8-133030361c51#5809-t1, previous=(t:1, i:5798), leaderCommit=5794, initializing? false, entries: <empty>
 0.00% |█                                                                                                    |  0/1 Time: 0:00:46 0.00% |█                                                                                                    |  0/1 Time: 0:00:47 0.00% |█                                                                                                    |  0/1 Time: 0:00:482019-07-12 12:28:56,803 WARN  server.GrpcLogAppender (GrpcLogAppender.java:timeoutAppendRequest(200)) - GrpcLogAppender(4c571e18-69a3-4a6d-81de-e3e48052df18->15893972-388e-43c0-9d6c-ca4c76ac06da): appendEntries Timeout, request=4c571e18-69a3-4a6d-81de-e3e48052df18->15893972-388e-43c0-9d6c-ca4c76ac06da#5810-t1, previous=(t:1, i:5798), leaderCommit=5794, initializing? false, entries: <empty>
2019-07-12 12:28:56,808 WARN  server.GrpcLogAppender (GrpcLogAppender.java:timeoutAppendRequest(200)) - GrpcLogAppender(4c571e18-69a3-4a6d-81de-e3e48052df18->c86beb1c-9105-4588-b1e8-133030361c51): appendEntries Timeout, request=4c571e18-69a3-4a6d-81de-e3e48052df18->c86beb1c-9105-4588-b1e8-133030361c51#5810-t1, previous=(t:1, i:5798), leaderCommit=5794, initializing? false, entries: <empty>
2019-07-12 12:28:57,191 INFO  client.GrpcClientProtocolClient (GrpcClientProtocolClient.java:onNext(255)) - client-D83FC23EEBD8->c86beb1c-9105-4588-b1e8-133030361c51: receive RaftClientReply:client-D83FC23EEBD8->c86beb1c-9105-4588-b1e8-133030361c51@group-644576B5741B, cid=3833, FAILED org.apache.ratis.protocol.NotLeaderException: Server c86beb1c-9105-4588-b1e8-133030361c51 is not the leader (4c571e18-69a3-4a6d-81de-e3e48052df18:192.168.69.99:33470). Request must be sent to leader., logIndex=0, commits[c86beb1c-9105-4588-b1e8-133030361c51:c5794, 15893972-388e-43c0-9d6c-ca4c76ac06da:c5790, 4c571e18-69a3-4a6d-81de-e3e48052df18:c5794]
 0.00% |█                                                                                                    |  0/1 Time: 0:00:492019-07-12 12:28:58,142 WARN  server.GrpcLogAppender (GrpcLogAppender.java:onNextImpl(250)) - org.apache.ratis.grpc.server.GrpcLogAppender$AppendLogResponseHandler@556a4179: Request not found, ignoring reply: 4c571e18-69a3-4a6d-81de-e3e48052df18<-c86beb1c-9105-4588-b1e8-133030361c51#5805:OK,SUCCESS,nextIndex:5798,term:1,followerCommit:5794
2019-07-12 12:28:58,142 WARN  server.GrpcLogAppender (GrpcLogAppender.java:onNextImpl(250)) - org.apache.ratis.grpc.server.GrpcLogAppender$AppendLogResponseHandler@1e272bef: Request not found, ignoring reply: 4c571e18-69a3-4a6d-81de-e3e48052df18<-15893972-388e-43c0-9d6c-ca4c76ac06da#5804:OK,SUCCESS,nextIndex:5797,term:1,followerCommit:5794
2019-07-12 12:28:58,144 WARN  server.GrpcLogAppender (GrpcLogAppender.java:onNextImpl(250)) - org.apache.ratis.grpc.server.GrpcLogAppender$AppendLogResponseHandler@556a4179: Request not found, ignoring reply: 4c571e18-69a3-4a6d-81de-e3e48052df18<-c86beb1c-9105-4588-b1e8-133030361c51#5806:OK,SUCCESS,nextIndex:5799,term:1,followerCommit:5794
2019-07-12 12:28:58,144 WARN  server.GrpcLogAppender (GrpcLogAppender.java:onNextImpl(250)) - org.apache.ratis.grpc.server.GrpcLogAppender$AppendLogResponseHandler@1e272bef: Request not found, ignoring reply: 4c571e18-69a3-4a6d-81de-e3e48052df18<-15893972-388e-43c0-9d6c-ca4c76ac06da#5805:OK,SUCCESS,nextIndex:5798,term:1,followerCommit:5794
2019-07-12 12:28:58,144 WARN  server.GrpcLogAppender (GrpcLogAppender.java:onNextImpl(250)) - org.apache.ratis.grpc.server.GrpcLogAppender$AppendLogResponseHandler@556a4179: Request not found, ignoring reply: 4c571e18-69a3-4a6d-81de-e3e48052df18<-c86beb1c-9105-4588-b1e8-133030361c51#5807:OK,SUCCESS,nextIndex:5799,term:1,followerCommit:5794
2019-07-12 12:28:58,144 WARN  server.GrpcLogAppender (GrpcLogAppender.java:onNextImpl(250)) - org.apache.ratis.grpc.server.GrpcLogAppender$AppendLogResponseHandler@1e272bef: Request not found, ignoring reply: 4c571e18-69a3-4a6d-81de-e3e48052df18<-15893972-388e-43c0-9d6c-ca4c76ac06da#5806:OK,SUCCESS,nextIndex:5799,term:1,followerCommit:5794
2019-07-12 12:28:58,145 WARN  server.GrpcLogAppender (GrpcLogAppender.java:onNextImpl(250)) - org.apache.ratis.grpc.server.GrpcLogAppender$AppendLogResponseHandler@556a4179: Request not found, ignoring reply: 4c571e18-69a3-4a6d-81de-e3e48052df18<-c86beb1c-9105-4588-b1e8-133030361c51#5808:OK,SUCCESS,nextIndex:5799,term:1,followerCommit:5794
2019-07-12 12:28:58,145 WARN  server.GrpcLogAppender (GrpcLogAppender.java:onNextImpl(250)) - org.apache.ratis.grpc.server.GrpcLogAppender$AppendLogResponseHandler@1e272bef: Request not found, ignoring reply: 4c571e18-69a3-4a6d-81de-e3e48052df18<-15893972-388e-43c0-9d6c-ca4c76ac06da#5807:OK,SUCCESS,nextIndex:5799,term:1,followerCommit:5794
2019-07-12 12:28:58,145 WARN  server.GrpcLogAppender (GrpcLogAppender.java:onNextImpl(250)) - org.apache.ratis.grpc.server.GrpcLogAppender$AppendLogResponseHandler@556a4179: Request not found, ignoring reply: 4c571e18-69a3-4a6d-81de-e3e48052df18<-c86beb1c-9105-4588-b1e8-133030361c51#5809:OK,SUCCESS,nextIndex:5799,term:1,followerCommit:5794
2019-07-12 12:28:58,145 WARN  server.GrpcLogAppender (GrpcLogAppender.java:onNextImpl(250)) - org.apache.ratis.grpc.server.GrpcLogAppender$AppendLogResponseHandler@1e272bef: Request not found, ignoring reply: 4c571e18-69a3-4a6d-81de-e3e48052df18<-15893972-388e-43c0-9d6c-ca4c76ac06da#5808:OK,SUCCESS,nextIndex:5799,term:1,followerCommit:5794
2019-07-12 12:28:58,145 WARN  server.GrpcLogAppender (GrpcLogAppender.java:onNextImpl(250)) - org.apache.ratis.grpc.server.GrpcLogAppender$AppendLogResponseHandler@556a4179: Request not found, ignoring reply: 4c571e18-69a3-4a6d-81de-e3e48052df18<-c86beb1c-9105-4588-b1e8-133030361c51#5810:OK,SUCCESS,nextIndex:5799,term:1,followerCommit:5794
2019-07-12 12:28:58,145 WARN  server.GrpcLogAppender (GrpcLogAppender.java:onNextImpl(250)) - org.apache.ratis.grpc.server.GrpcLogAppender$AppendLogResponseHandler@1e272bef: Request not found, ignoring reply: 4c571e18-69a3-4a6d-81de-e3e48052df18<-15893972-388e-43c0-9d6c-ca4c76ac06da#5809:OK,SUCCESS,nextIndex:5799,term:1,followerCommit:5794
2019-07-12 12:28:58,145 WARN  server.GrpcLogAppender (GrpcLogAppender.java:onNextImpl(250)) - org.apache.ratis.grpc.server.GrpcLogAppender$AppendLogResponseHandler@1e272bef: Request not found, ignoring reply: 4c571e18-69a3-4a6d-81de-e3e48052df18<-15893972-388e-43c0-9d6c-ca4c76ac06da#5810:OK,SUCCESS,nextIndex:5799,term:1,followerCommit:5794
2019-07-12 12:28:58,248 INFO  client.GrpcClientProtocolClient (GrpcClientProtocolClient.java:onNext(255)) - client-D83FC23EEBD8->4c571e18-69a3-4a6d-81de-e3e48052df18: receive RaftClientReply:client-D83FC23EEBD8->4c571e18-69a3-4a6d-81de-e3e48052df18@group-644576B5741B, cid=3833, SUCCESS, logIndex=5797, commits[4c571e18-69a3-4a6d-81de-e3e48052df18:c5798, 15893972-388e-43c0-9d6c-ca4c76ac06da:c5794, c86beb1c-9105-4588-b1e8-133030361c51:c5794]
2019-07-12 12:28:58,253 INFO  client.GrpcClientProtocolClient (GrpcClientProtocolClient.java:onNext(255)) - client-D83FC23EEBD8->4c571e18-69a3-4a6d-81de-e3e48052df18: receive RaftClientReply:client-D83FC23EEBD8->4c571e18-69a3-4a6d-81de-e3e48052df18@group-644576B5741B, cid=3834, SUCCESS, logIndex=5798, commits[4c571e18-69a3-4a6d-81de-e3e48052df18:c5798, 15893972-388e-43c0-9d6c-ca4c76ac06da:c5794, c86beb1c-9105-4588-b1e8-133030361c51:c5794]
2019-07-12 12:28:58,596 INFO  client.GrpcClientProtocolClient (GrpcClientProtocolClient.java:onNext(255)) - client-D83FC23EEBD8->4c571e18-69a3-4a6d-81de-e3e48052df18: receive RaftClientReply:client-D83FC23EEBD8->4c571e18-69a3-4a6d-81de-e3e48052df18@group-644576B5741B, cid=3835, SUCCESS, logIndex=0, commits[4c571e18-69a3-4a6d-81de-e3e48052df18:c5798, 15893972-388e-43c0-9d6c-ca4c76ac06da:c5798, c86beb1c-9105-4588-b1e8-133030361c51:c5798]
 0.00% |█                                                                                                    |  0/1 Time: 0:00:50 0.00% |█                                                                                                    |  0/1 Time: 0:00:51 0.00% |█                                                                                                    |  0/1 Time: 0:00:522019-07-12 12:29:01,419 INFO  client.GrpcClientProtocolClient (GrpcClientProtocolClient.java:onNext(255)) - client-FC2927E9A09C->4c571e18-69a3-4a6d-81de-e3e48052df18: receive RaftClientReply:client-FC2927E9A09C->4c571e18-69a3-4a6d-81de-e3e48052df18@group-644576B5741B, cid=3836, SUCCESS, logIndex=5800, commits[4c571e18-69a3-4a6d-81de-e3e48052df18:c5800, 15893972-388e-43c0-9d6c-ca4c76ac06da:c5799, c86beb1c-9105-4588-b1e8-133030361c51:c5799]
 0.00% |█                                                                                                    |  0/1 Time: 0:00:53 0.00% |█                                                                                                    |  0/1 Time: 0:00:54 0.00% |█                                                                                                    |  0/1 Time: 0:00:552019-07-12 12:29:04,416 WARN  server.GrpcLogAppender (GrpcLogAppender.java:timeoutAppendRequest(200)) - GrpcLogAppender(4c571e18-69a3-4a6d-81de-e3e48052df18->c86beb1c-9105-4588-b1e8-133030361c51): appendEntries Timeout, request=4c571e18-69a3-4a6d-81de-e3e48052df18->c86beb1c-9105-4588-b1e8-133030361c51#5815-t1, previous=(t:1, i:5800), leaderCommit=5800, initializing? false, entries: size=1, first=(t:1, i:5801), METADATAENTRY(c5800)
2019-07-12 12:29:04,423 WARN  server.GrpcLogAppender (GrpcLogAppender.java:timeoutAppendRequest(200)) - GrpcLogAppender(4c571e18-69a3-4a6d-81de-e3e48052df18->15893972-388e-43c0-9d6c-ca4c76ac06da): appendEntries Timeout, request=4c571e18-69a3-4a6d-81de-e3e48052df18->15893972-388e-43c0-9d6c-ca4c76ac06da#5816-t1, previous=(t:1, i:5801), leaderCommit=5800, initializing? false, entries: size=1, first=(t:1, i:5802), STATEMACHINELOGENTRY, client-FC2927E9A09C, cid=3837
2019-07-12 12:29:04,423 WARN  server.GrpcLogAppender (GrpcLogAppender.java:timeoutAppendRequest(200)) - GrpcLogAppender(4c571e18-69a3-4a6d-81de-e3e48052df18->c86beb1c-9105-4588-b1e8-133030361c51): appendEntries Timeout, request=4c571e18-69a3-4a6d-81de-e3e48052df18->c86beb1c-9105-4588-b1e8-133030361c51#5816-t1, previous=(t:1, i:5801), leaderCommit=5800, initializing? false, entries: size=1, first=(t:1, i:5802), STATEMACHINELOGENTRY, client-FC2927E9A09C, cid=3837
2019-07-12 12:29:04,425 WARN  server.GrpcLogAppender (GrpcLogAppender.java:timeoutAppendRequest(200)) - GrpcLogAppender(4c571e18-69a3-4a6d-81de-e3e48052df18->15893972-388e-43c0-9d6c-ca4c76ac06da): appendEntries Timeout, request=4c571e18-69a3-4a6d-81de-e3e48052df18->15893972-388e-43c0-9d6c-ca4c76ac06da#5817-t1, previous=(t:1, i:5802), leaderCommit=5800, initializing? false, entries: size=1, first=(t:1, i:5803), STATEMACHINELOGENTRY, client-FC2927E9A09C, cid=3838
2019-07-12 12:29:04,425 WARN  server.GrpcLogAppender (GrpcLogAppender.java:timeoutAppendRequest(200)) - GrpcLogAppender(4c571e18-69a3-4a6d-81de-e3e48052df18->c86beb1c-9105-4588-b1e8-133030361c51): appendEntries Timeout, request=4c571e18-69a3-4a6d-81de-e3e48052df18->c86beb1c-9105-4588-b1e8-133030361c51#5817-t1, previous=(t:1, i:5802), leaderCommit=5800, initializing? false, entries: size=1, first=(t:1, i:5803), STATEMACHINELOGENTRY, client-FC2927E9A09C, cid=3838
2019-07-12 12:29:04,426 WARN  server.GrpcLogAppender (GrpcLogAppender.java:timeoutAppendRequest(200)) - GrpcLogAppender(4c571e18-69a3-4a6d-81de-e3e48052df18->15893972-388e-43c0-9d6c-ca4c76ac06da): appendEntries Timeout, request=4c571e18-69a3-4a6d-81de-e3e48052df18->15893972-388e-43c0-9d6c-ca4c76ac06da#5818-t1, previous=(t:1, i:5803), leaderCommit=5800, initializing? false, entries: size=1, first=(t:1, i:5804), STATEMACHINELOGENTRY, client-FC2927E9A09C, cid=3839
2019-07-12 12:29:04,426 WARN  server.GrpcLogAppender (GrpcLogAppender.java:timeoutAppendRequest(200)) - GrpcLogAppender(4c571e18-69a3-4a6d-81de-e3e48052df18->c86beb1c-9105-4588-b1e8-133030361c51): appendEntries Timeout, request=4c571e18-69a3-4a6d-81de-e3e48052df18->c86beb1c-9105-4588-b1e8-133030361c51#5818-t1, previous=(t:1, i:5803), leaderCommit=5800, initializing? false, entries: size=1, first=(t:1, i:5804), STATEMACHINELOGENTRY, client-FC2927E9A09C, cid=3839
2019-07-12 12:29:04,494 WARN  server.GrpcLogAppender (GrpcLogAppender.java:onNextImpl(250)) - org.apache.ratis.grpc.server.GrpcLogAppender$AppendLogResponseHandler@556a4179: Request not found, ignoring reply: 4c571e18-69a3-4a6d-81de-e3e48052df18<-c86beb1c-9105-4588-b1e8-133030361c51#5815:OK,SUCCESS,nextIndex:5802,term:1,followerCommit:5800
 0.00% |█                                                                                                    |  0/1 Time: 0:00:56 0.00% |█                                                                                                    |  0/1 Time: 0:00:572019-07-12 12:29:06,441 INFO  client.GrpcClientProtocolClient (GrpcClientProtocolClient.java:onNext(255)) - client-FC2927E9A09C->c86beb1c-9105-4588-b1e8-133030361c51: receive RaftClientReply:client-FC2927E9A09C->c86beb1c-9105-4588-b1e8-133030361c51@group-644576B5741B, cid=3837, FAILED org.apache.ratis.protocol.NotLeaderException: Server c86beb1c-9105-4588-b1e8-133030361c51 is not the leader (4c571e18-69a3-4a6d-81de-e3e48052df18:192.168.69.99:33470). Request must be sent to leader., logIndex=0, commits[c86beb1c-9105-4588-b1e8-133030361c51:c5800, 15893972-388e-43c0-9d6c-ca4c76ac06da:c5800, 4c571e18-69a3-4a6d-81de-e3e48052df18:c5801]
 0.00% |█                                                                                                    |  0/1 Time: 0:00:582019-07-12 12:29:06,926 WARN  server.GrpcLogAppender (GrpcLogAppender.java:timeoutAppendRequest(200)) - GrpcLogAppender(4c571e18-69a3-4a6d-81de-e3e48052df18->c86beb1c-9105-4588-b1e8-133030361c51): appendEntries Timeout, request=4c571e18-69a3-4a6d-81de-e3e48052df18->c86beb1c-9105-4588-b1e8-133030361c51#5819-t1, previous=(t:1, i:5804), leaderCommit=5801, initializing? false, entries: <empty>
2019-07-12 12:29:07,424 WARN  server.GrpcLogAppender (GrpcLogAppender.java:onNextImpl(250)) - org.apache.ratis.grpc.server.GrpcLogAppender$AppendLogResponseHandler@556a4179: Request not found, ignoring reply: 4c571e18-69a3-4a6d-81de-e3e48052df18<-c86beb1c-9105-4588-b1e8-133030361c51#5816:OK,SUCCESS,nextIndex:5803,term:1,followerCommit:5801
2019-07-12 12:29:07,424 WARN  server.GrpcLogAppender (GrpcLogAppender.java:onNextImpl(250)) - org.apache.ratis.grpc.server.GrpcLogAppender$AppendLogResponseHandler@1e272bef: Request not found, ignoring reply: 4c571e18-69a3-4a6d-81de-e3e48052df18<-15893972-388e-43c0-9d6c-ca4c76ac06da#5816:OK,SUCCESS,nextIndex:5803,term:1,followerCommit:5801
2019-07-12 12:29:07,426 WARN  server.GrpcLogAppender (GrpcLogAppender.java:onNextImpl(250)) - org.apache.ratis.grpc.server.GrpcLogAppender$AppendLogResponseHandler@556a4179: Request not found, ignoring reply: 4c571e18-69a3-4a6d-81de-e3e48052df18<-c86beb1c-9105-4588-b1e8-133030361c51#5817:OK,SUCCESS,nextIndex:5804,term:1,followerCommit:5801
2019-07-12 12:29:07,426 WARN  server.GrpcLogAppender (GrpcLogAppender.java:onNextImpl(250)) - org.apache.ratis.grpc.server.GrpcLogAppender$AppendLogResponseHandler@1e272bef: Request not found, ignoring reply: 4c571e18-69a3-4a6d-81de-e3e48052df18<-15893972-388e-43c0-9d6c-ca4c76ac06da#5817:OK,SUCCESS,nextIndex:5804,term:1,followerCommit:5801
2019-07-12 12:29:07,426 WARN  server.GrpcLogAppender (GrpcLogAppender.java:onNextImpl(250)) - org.apache.ratis.grpc.server.GrpcLogAppender$AppendLogResponseHandler@556a4179: Request not found, ignoring reply: 4c571e18-69a3-4a6d-81de-e3e48052df18<-c86beb1c-9105-4588-b1e8-133030361c51#5818:OK,SUCCESS,nextIndex:5805,term:1,followerCommit:5801
2019-07-12 12:29:07,427 WARN  server.GrpcLogAppender (GrpcLogAppender.java:onNextImpl(250)) - org.apache.ratis.grpc.server.GrpcLogAppender$AppendLogResponseHandler@1e272bef: Request not found, ignoring reply: 4c571e18-69a3-4a6d-81de-e3e48052df18<-15893972-388e-43c0-9d6c-ca4c76ac06da#5818:OK,SUCCESS,nextIndex:5805,term:1,followerCommit:5801
2019-07-12 12:29:07,427 WARN  server.GrpcLogAppender (GrpcLogAppender.java:onNextImpl(250)) - org.apache.ratis.grpc.server.GrpcLogAppender$AppendLogResponseHandler@556a4179: Request not found, ignoring reply: 4c571e18-69a3-4a6d-81de-e3e48052df18<-c86beb1c-9105-4588-b1e8-133030361c51#5819:OK,SUCCESS,nextIndex:5805,term:1,followerCommit:5800
2019-07-12 12:29:07,470 INFO  client.GrpcClientProtocolClient (GrpcClientProtocolClient.java:onNext(255)) - client-FC2927E9A09C->4c571e18-69a3-4a6d-81de-e3e48052df18: receive RaftClientReply:client-FC2927E9A09C->4c571e18-69a3-4a6d-81de-e3e48052df18@group-644576B5741B, cid=3837, SUCCESS, logIndex=5802, commits[4c571e18-69a3-4a6d-81de-e3e48052df18:c5804, 15893972-388e-43c0-9d6c-ca4c76ac06da:c5801, c86beb1c-9105-4588-b1e8-133030361c51:c5801]
2019-07-12 12:29:07,477 INFO  client.GrpcClientProtocolClient (GrpcClientProtocolClient.java:onNext(255)) - client-FC2927E9A09C->4c571e18-69a3-4a6d-81de-e3e48052df18: receive RaftClientReply:client-FC2927E9A09C->4c571e18-69a3-4a6d-81de-e3e48052df18@group-644576B5741B, cid=3838, SUCCESS, logIndex=5803, commits[4c571e18-69a3-4a6d-81de-e3e48052df18:c5804, 15893972-388e-43c0-9d6c-ca4c76ac06da:c5801, c86beb1c-9105-4588-b1e8-133030361c51:c5801]
2019-07-12 12:29:07,477 INFO  client.GrpcClientProtocolClient (GrpcClientProtocolClient.java:onNext(255)) - client-FC2927E9A09C->4c571e18-69a3-4a6d-81de-e3e48052df18: receive RaftClientReply:client-FC2927E9A09C->4c571e18-69a3-4a6d-81de-e3e48052df18@group-644576B5741B, cid=3839, SUCCESS, logIndex=5804, commits[4c571e18-69a3-4a6d-81de-e3e48052df18:c5804, 15893972-388e-43c0-9d6c-ca4c76ac06da:c5801, c86beb1c-9105-4588-b1e8-133030361c51:c5801]
 0.00% |█                                                                                                    |  0/1 Time: 0:00:59 0.00% |█                                                                                                    |  0/1 Time: 0:01:00 0.00% |█                                                                                                    |  0/1 Time: 0:01:01 0.00% |█                                                                                                    |  0/1 Time: 0:01:02 0.00% |█                                                                                                    |  0/1 Time: 0:01:032019-07-12 12:29:11,760 INFO  client.GrpcClientProtocolClient (GrpcClientProtocolClient.java:onNext(255)) - client-FC2927E9A09C->4c571e18-69a3-4a6d-81de-e3e48052df18: receive RaftClientReply:client-FC2927E9A09C->4c571e18-69a3-4a6d-81de-e3e48052df18@group-644576B5741B, cid=3840, SUCCESS, logIndex=0, commits[4c571e18-69a3-4a6d-81de-e3e48052df18:c5805, 15893972-388e-43c0-9d6c-ca4c76ac06da:c5805, c86beb1c-9105-4588-b1e8-133030361c51:c5805]
2019-07-12 12:29:11,761 INFO  client.GrpcClientProtocolClient (GrpcClientProtocolClient.java:onNext(255)) - client-FC2927E9A09C->4c571e18-69a3-4a6d-81de-e3e48052df18: receive RaftClientReply:client-FC2927E9A09C->4c571e18-69a3-4a6d-81de-e3e48052df18@group-644576B5741B, cid=3840, SUCCESS, logIndex=0, commits[4c571e18-69a3-4a6d-81de-e3e48052df18:c5805, 15893972-388e-43c0-9d6c-ca4c76ac06da:c5805, c86beb1c-9105-4588-b1e8-133030361c51:c5805]
 0.00% |█                                                                                                    |  0/1 Time: 0:01:04 0.00% |█                                                                                                    |  0/1 Time: 0:01:05 0.00% |█                                                                                                    |  0/1 Time: 0:01:062019-07-12 12:29:14,769 WARN  server.GrpcLogAppender (GrpcLogAppender.java:timeoutAppendRequest(200)) - GrpcLogAppender(4c571e18-69a3-4a6d-81de-e3e48052df18->15893972-388e-43c0-9d6c-ca4c76ac06da): appendEntries Timeout, request=4c571e18-69a3-4a6d-81de-e3e48052df18->15893972-388e-43c0-9d6c-ca4c76ac06da#5822-t1, previous=(t:1, i:5805), leaderCommit=5805, initializing? false, entries: size=1, first=(t:1, i:5806), STATEMACHINELOGENTRY, client-FC2927E9A09C, cid=3841
2019-07-12 12:29:14,769 WARN  server.GrpcLogAppender (GrpcLogAppender.java:timeoutAppendRequest(200)) - GrpcLogAppender(4c571e18-69a3-4a6d-81de-e3e48052df18->c86beb1c-9105-4588-b1e8-133030361c51): appendEntries Timeout, request=4c571e18-69a3-4a6d-81de-e3e48052df18->c86beb1c-9105-4588-b1e8-133030361c51#5823-t1, previous=(t:1, i:5805), leaderCommit=5805, initializing? false, entries: size=1, first=(t:1, i:5806), STATEMACHINELOGENTRY, client-FC2927E9A09C, cid=3841
2019-07-12 12:29:14,769 WARN  server.GrpcLogAppender (GrpcLogAppender.java:timeoutAppendRequest(200)) - GrpcLogAppender(4c571e18-69a3-4a6d-81de-e3e48052df18->15893972-388e-43c0-9d6c-ca4c76ac06da): appendEntries Timeout, request=4c571e18-69a3-4a6d-81de-e3e48052df18->15893972-388e-43c0-9d6c-ca4c76ac06da#5823-t1, previous=(t:1, i:5806), leaderCommit=5805, initializing? false, entries: size=1, first=(t:1, i:5807), STATEMACHINELOGENTRY, client-FC2927E9A09C, cid=3842
2019-07-12 12:29:14,769 WARN  server.GrpcLogAppender (GrpcLogAppender.java:timeoutAppendRequest(200)) - GrpcLogAppender(4c571e18-69a3-4a6d-81de-e3e48052df18->c86beb1c-9105-4588-b1e8-133030361c51): appendEntries Timeout, request=4c571e18-69a3-4a6d-81de-e3e48052df18->c86beb1c-9105-4588-b1e8-133030361c51#5824-t1, previous=(t:1, i:5806), leaderCommit=5805, initializing? false, entries: size=1, first=(t:1, i:5807), STATEMACHINELOGENTRY, client-FC2927E9A09C, cid=3842
 0.00% |█                                                                                                    |  0/1 Time: 0:01:072019-07-12 12:29:16,224 WARN  server.GrpcLogAppender (GrpcLogAppender.java:onNextImpl(250)) - org.apache.ratis.grpc.server.GrpcLogAppender$AppendLogResponseHandler@1e272bef: Request not found, ignoring reply: 4c571e18-69a3-4a6d-81de-e3e48052df18<-15893972-388e-43c0-9d6c-ca4c76ac06da#5822:OK,SUCCESS,nextIndex:5807,term:1,followerCommit:5805
2019-07-12 12:29:16,224 WARN  server.GrpcLogAppender (GrpcLogAppender.java:onNextImpl(250)) - org.apache.ratis.grpc.server.GrpcLogAppender$AppendLogResponseHandler@556a4179: Request not found, ignoring reply: 4c571e18-69a3-4a6d-81de-e3e48052df18<-c86beb1c-9105-4588-b1e8-133030361c51#5823:OK,SUCCESS,nextIndex:5807,term:1,followerCommit:5805
2019-07-12 12:29:16,224 WARN  server.GrpcLogAppender (GrpcLogAppender.java:onNextImpl(250)) - org.apache.ratis.grpc.server.GrpcLogAppender$AppendLogResponseHandler@1e272bef: Request not found, ignoring reply: 4c571e18-69a3-4a6d-81de-e3e48052df18<-15893972-388e-43c0-9d6c-ca4c76ac06da#5823:OK,SUCCESS,nextIndex:5808,term:1,followerCommit:5805
2019-07-12 12:29:16,224 WARN  server.GrpcLogAppender (GrpcLogAppender.java:onNextImpl(250)) - org.apache.ratis.grpc.server.GrpcLogAppender$AppendLogResponseHandler@556a4179: Request not found, ignoring reply: 4c571e18-69a3-4a6d-81de-e3e48052df18<-c86beb1c-9105-4588-b1e8-133030361c51#5824:OK,SUCCESS,nextIndex:5808,term:1,followerCommit:5805
 0.00% |█                                                                                                    |  0/1 Time: 0:01:082019-07-12 12:29:16,782 INFO  client.GrpcClientProtocolClient (GrpcClientProtocolClient.java:onNext(255)) - client-FC2927E9A09C->c86beb1c-9105-4588-b1e8-133030361c51: receive RaftClientReply:client-FC2927E9A09C->c86beb1c-9105-4588-b1e8-133030361c51@group-644576B5741B, cid=3841, FAILED org.apache.ratis.protocol.NotLeaderException: Server c86beb1c-9105-4588-b1e8-133030361c51 is not the leader (4c571e18-69a3-4a6d-81de-e3e48052df18:192.168.69.99:33470). Request must be sent to leader., logIndex=0, commits[c86beb1c-9105-4588-b1e8-133030361c51:c5805, 15893972-388e-43c0-9d6c-ca4c76ac06da:c5805, 4c571e18-69a3-4a6d-81de-e3e48052df18:c5807]
 0.00% |█                                                                                                    |  0/1 Time: 0:01:092019-07-12 12:29:18,472 INFO  client.GrpcClientProtocolClient (GrpcClientProtocolClient.java:onNext(255)) - client-FC2927E9A09C->4c571e18-69a3-4a6d-81de-e3e48052df18: receive RaftClientReply:client-FC2927E9A09C->4c571e18-69a3-4a6d-81de-e3e48052df18@group-644576B5741B, cid=3841, SUCCESS, logIndex=5806, commits[4c571e18-69a3-4a6d-81de-e3e48052df18:c5807, 15893972-388e-43c0-9d6c-ca4c76ac06da:c5805, c86beb1c-9105-4588-b1e8-133030361c51:c5805]
2019-07-12 12:29:18,479 INFO  client.GrpcClientProtocolClient (GrpcClientProtocolClient.java:onNext(255)) - client-FC2927E9A09C->4c571e18-69a3-4a6d-81de-e3e48052df18: receive RaftClientReply:client-FC2927E9A09C->4c571e18-69a3-4a6d-81de-e3e48052df18@group-644576B5741B, cid=3842, SUCCESS, logIndex=5807, commits[4c571e18-69a3-4a6d-81de-e3e48052df18:c5807, 15893972-388e-43c0-9d6c-ca4c76ac06da:c5805, c86beb1c-9105-4588-b1e8-133030361c51:c5805]
 0.00% |█                                                                                                    |  0/1 Time: 0:01:10 0.00% |█                                                                                                    |  0/1 Time: 0:01:11 0.00% |█                                                                                                    |  0/1 Time: 0:01:122019-07-12 12:29:20,954 INFO  client.GrpcClientProtocolClient (GrpcClientProtocolClient.java:onNext(255)) - client-FC2927E9A09C->4c571e18-69a3-4a6d-81de-e3e48052df18: receive RaftClientReply:client-FC2927E9A09C->4c571e18-69a3-4a6d-81de-e3e48052df18@group-644576B5741B, cid=3843, SUCCESS, logIndex=5809, commits[4c571e18-69a3-4a6d-81de-e3e48052df18:c5810, 15893972-388e-43c0-9d6c-ca4c76ac06da:c5807, c86beb1c-9105-4588-b1e8-133030361c51:c5807]
2019-07-12 12:29:20,955 INFO  client.GrpcClientProtocolClient (GrpcClientProtocolClient.java:onNext(255)) - client-FC2927E9A09C->4c571e18-69a3-4a6d-81de-e3e48052df18: receive RaftClientReply:client-FC2927E9A09C->4c571e18-69a3-4a6d-81de-e3e48052df18@group-644576B5741B, cid=3844, SUCCESS, logIndex=5810, commits[4c571e18-69a3-4a6d-81de-e3e48052df18:c5810, 15893972-388e-43c0-9d6c-ca4c76ac06da:c5807, c86beb1c-9105-4588-b1e8-133030361c51:c5807]
 0.00% |█                                                                                                    |  0/1 Time: 0:01:13 0.00% |█                                                                                                    |  0/1 Time: 0:01:14 0.00% |█                                                                                                    |  0/1 Time: 0:01:152019-07-12 12:29:23,953 WARN  server.GrpcLogAppender (GrpcLogAppender.java:timeoutAppendRequest(200)) - GrpcLogAppender(4c571e18-69a3-4a6d-81de-e3e48052df18->15893972-388e-43c0-9d6c-ca4c76ac06da): appendEntries Timeout, request=4c571e18-69a3-4a6d-81de-e3e48052df18->15893972-388e-43c0-9d6c-ca4c76ac06da#5828-t1, previous=(t:1, i:5810), leaderCommit=5809, initializing? false, entries: size=1, first=(t:1, i:5811), METADATAENTRY(c5809)
2019-07-12 12:29:23,953 WARN  server.GrpcLogAppender (GrpcLogAppender.java:timeoutAppendRequest(200)) - GrpcLogAppender(4c571e18-69a3-4a6d-81de-e3e48052df18->c86beb1c-9105-4588-b1e8-133030361c51): appendEntries Timeout, request=4c571e18-69a3-4a6d-81de-e3e48052df18->c86beb1c-9105-4588-b1e8-133030361c51#5829-t1, previous=(t:1, i:5810), leaderCommit=5809, initializing? false, entries: size=1, first=(t:1, i:5811), METADATAENTRY(c5809)
2019-07-12 12:29:23,954 WARN  server.GrpcLogAppender (GrpcLogAppender.java:timeoutAppendRequest(200)) - GrpcLogAppender(4c571e18-69a3-4a6d-81de-e3e48052df18->15893972-388e-43c0-9d6c-ca4c76ac06da): appendEntries Timeout, request=4c571e18-69a3-4a6d-81de-e3e48052df18->15893972-388e-43c0-9d6c-ca4c76ac06da#5829-t1, previous=(t:1, i:5811), leaderCommit=5810, initializing? false, entries: size=1, first=(t:1, i:5812), METADATAENTRY(c5810)
2019-07-12 12:29:23,954 WARN  server.GrpcLogAppender (GrpcLogAppender.java:timeoutAppendRequest(200)) - GrpcLogAppender(4c571e18-69a3-4a6d-81de-e3e48052df18->c86beb1c-9105-4588-b1e8-133030361c51): appendEntries Timeout, request=4c571e18-69a3-4a6d-81de-e3e48052df18->c86beb1c-9105-4588-b1e8-133030361c51#5830-t1, previous=(t:1, i:5811), leaderCommit=5810, initializing? false, entries: size=1, first=(t:1, i:5812), METADATAENTRY(c5810)
2019-07-12 12:29:24,260 WARN  server.GrpcLogAppender (GrpcLogAppender.java:onNextImpl(250)) - org.apache.ratis.grpc.server.GrpcLogAppender$AppendLogResponseHandler@556a4179: Request not found, ignoring reply: 4c571e18-69a3-4a6d-81de-e3e48052df18<-c86beb1c-9105-4588-b1e8-133030361c51#5829:OK,SUCCESS,nextIndex:5812,term:1,followerCommit:5810
2019-07-12 12:29:24,260 WARN  server.GrpcLogAppender (GrpcLogAppender.java:onNextImpl(250)) - org.apache.ratis.grpc.server.GrpcLogAppender$AppendLogResponseHandler@1e272bef: Request not found, ignoring reply: 4c571e18-69a3-4a6d-81de-e3e48052df18<-15893972-388e-43c0-9d6c-ca4c76ac06da#5828:OK,SUCCESS,nextIndex:5812,term:1,followerCommit:5810
 0.00% |█                                                                                                    |  0/1 Time: 0:01:16 0.00% |█                                                                                                    |  0/1 Time: 0:01:172019-07-12 12:29:25,958 WARN  scm.XceiverClientRatis (XceiverClientRatis.java:watchForCommit(262)) - 3 way commit failed on pipeline Pipeline[ Id: bbd4d69e-14fa-4d6c-84e6-644576b5741b, Nodes: 4c571e18-69a3-4a6d-81de-e3e48052df18{ip: 192.168.69.99, host: pr-hdds-17356bwxm-1019933980, networkLocation: /default-rack, certSerialId: null}15893972-388e-43c0-9d6c-ca4c76ac06da{ip: 192.168.69.99, host: pr-hdds-17356bwxm-1019933980, networkLocation: /default-rack, certSerialId: null}c86beb1c-9105-4588-b1e8-133030361c51{ip: 192.168.69.99, host: pr-hdds-17356bwxm-1019933980, networkLocation: /default-rack, certSerialId: null}, Type:RATIS, Factor:THREE, State:OPEN]
java.util.concurrent.TimeoutException
	at java.util.concurrent.CompletableFuture.timedGet(CompletableFuture.java:1771)
	at java.util.concurrent.CompletableFuture.get(CompletableFuture.java:1915)
	at org.apache.hadoop.hdds.scm.XceiverClientRatis.watchForCommit(XceiverClientRatis.java:259)
	at org.apache.hadoop.hdds.scm.storage.CommitWatcher.watchForCommit(CommitWatcher.java:194)
	at org.apache.hadoop.hdds.scm.storage.CommitWatcher.watchOnLastIndex(CommitWatcher.java:157)
	at org.apache.hadoop.hdds.scm.storage.BlockOutputStream.watchForCommit(BlockOutputStream.java:355)
	at org.apache.hadoop.hdds.scm.storage.BlockOutputStream.handleFlush(BlockOutputStream.java:487)
	at org.apache.hadoop.hdds.scm.storage.BlockOutputStream.close(BlockOutputStream.java:501)
	at org.apache.hadoop.ozone.client.io.BlockOutputStreamEntry.close(BlockOutputStreamEntry.java:143)
	at org.apache.hadoop.ozone.client.io.KeyOutputStream.handleFlushOrClose(KeyOutputStream.java:438)
	at org.apache.hadoop.ozone.client.io.KeyOutputStream.handleWrite(KeyOutputStream.java:235)
	at org.apache.hadoop.ozone.client.io.KeyOutputStream.write(KeyOutputStream.java:193)
	at org.apache.hadoop.ozone.client.io.OzoneOutputStream.write(OzoneOutputStream.java:49)
	at org.apache.hadoop.ozone.freon.RandomKeyGenerator$KeyProcessor.run(RandomKeyGenerator.java:693)
	at java.util.concurrent.Executors$RunnableAdapter.call(Executors.java:511)
	at java.util.concurrent.FutureTask.run(FutureTask.java:266)
	at java.util.concurrent.ThreadPoolExecutor.runWorker(ThreadPoolExecutor.java:1149)
	at java.util.concurrent.ThreadPoolExecutor$Worker.run(ThreadPoolExecutor.java:624)
	at java.lang.Thread.run(Thread.java:748)
2019-07-12 12:29:26,454 WARN  server.GrpcLogAppender (GrpcLogAppender.java:timeoutAppendRequest(200)) - GrpcLogAppender(4c571e18-69a3-4a6d-81de-e3e48052df18->15893972-388e-43c0-9d6c-ca4c76ac06da): appendEntries Timeout, request=4c571e18-69a3-4a6d-81de-e3e48052df18->15893972-388e-43c0-9d6c-ca4c76ac06da#5830-t1, previous=(t:1, i:5812), leaderCommit=5810, initializing? false, entries: <empty>
2019-07-12 12:29:26,454 WARN  server.GrpcLogAppender (GrpcLogAppender.java:timeoutAppendRequest(200)) - GrpcLogAppender(4c571e18-69a3-4a6d-81de-e3e48052df18->c86beb1c-9105-4588-b1e8-133030361c51): appendEntries Timeout, request=4c571e18-69a3-4a6d-81de-e3e48052df18->c86beb1c-9105-4588-b1e8-133030361c51#5831-t1, previous=(t:1, i:5812), leaderCommit=5810, initializing? false, entries: <empty>
 0.00% |█                                                                                                    |  0/1 Time: 0:01:182019-07-12 12:29:27,177 WARN  server.GrpcLogAppender (GrpcLogAppender.java:onNextImpl(250)) - org.apache.ratis.grpc.server.GrpcLogAppender$AppendLogResponseHandler@1e272bef: Request not found, ignoring reply: 4c571e18-69a3-4a6d-81de-e3e48052df18<-15893972-388e-43c0-9d6c-ca4c76ac06da#5829:OK,SUCCESS,nextIndex:5813,term:1,followerCommit:5810
2019-07-12 12:29:27,177 WARN  server.GrpcLogAppender (GrpcLogAppender.java:onNextImpl(250)) - org.apache.ratis.grpc.server.GrpcLogAppender$AppendLogResponseHandler@556a4179: Request not found, ignoring reply: 4c571e18-69a3-4a6d-81de-e3e48052df18<-c86beb1c-9105-4588-b1e8-133030361c51#5830:OK,SUCCESS,nextIndex:5813,term:1,followerCommit:5810
2019-07-12 12:29:27,177 WARN  server.GrpcLogAppender (GrpcLogAppender.java:onNextImpl(250)) - org.apache.ratis.grpc.server.GrpcLogAppender$AppendLogResponseHandler@1e272bef: Request not found, ignoring reply: 4c571e18-69a3-4a6d-81de-e3e48052df18<-15893972-388e-43c0-9d6c-ca4c76ac06da#5830:OK,SUCCESS,nextIndex:5813,term:1,followerCommit:5810
2019-07-12 12:29:27,177 WARN  server.GrpcLogAppender (GrpcLogAppender.java:onNextImpl(250)) - org.apache.ratis.grpc.server.GrpcLogAppender$AppendLogResponseHandler@556a4179: Request not found, ignoring reply: 4c571e18-69a3-4a6d-81de-e3e48052df18<-c86beb1c-9105-4588-b1e8-133030361c51#5831:OK,SUCCESS,nextIndex:5813,term:1,followerCommit:5810
2019-07-12 12:29:27,180 INFO  client.GrpcClientProtocolClient (GrpcClientProtocolClient.java:onNext(255)) - client-FC2927E9A09C->4c571e18-69a3-4a6d-81de-e3e48052df18: receive RaftClientReply:client-FC2927E9A09C->4c571e18-69a3-4a6d-81de-e3e48052df18@group-644576B5741B, cid=3846, SUCCESS, logIndex=0, commits[4c571e18-69a3-4a6d-81de-e3e48052df18:c5810, 15893972-388e-43c0-9d6c-ca4c76ac06da:c5810, c86beb1c-9105-4588-b1e8-133030361c51:c5807]
2019-07-12 12:29:27,180 INFO  client.GrpcClientProtocolClient (GrpcClientProtocolClient.java:onNext(255)) - client-FC2927E9A09C->4c571e18-69a3-4a6d-81de-e3e48052df18: receive RaftClientReply:client-FC2927E9A09C->4c571e18-69a3-4a6d-81de-e3e48052df18@group-644576B5741B, cid=3845, SUCCESS, logIndex=0, commits[4c571e18-69a3-4a6d-81de-e3e48052df18:c5810, 15893972-388e-43c0-9d6c-ca4c76ac06da:c5810, c86beb1c-9105-4588-b1e8-133030361c51:c5810]
2019-07-12 12:29:27,180 INFO  client.GrpcClientProtocolClient (GrpcClientProtocolClient.java:onNext(255)) - client-FC2927E9A09C->4c571e18-69a3-4a6d-81de-e3e48052df18: receive RaftClientReply:client-FC2927E9A09C->4c571e18-69a3-4a6d-81de-e3e48052df18@group-644576B5741B, cid=3845, SUCCESS, logIndex=0, commits[4c571e18-69a3-4a6d-81de-e3e48052df18:c5812, 15893972-388e-43c0-9d6c-ca4c76ac06da:c5810, c86beb1c-9105-4588-b1e8-133030361c51:c5810]
2019-07-12 12:29:27,182 INFO  scm.XceiverClientRatis (XceiverClientRatis.java:lambda$watchForCommit$7(280)) - Could not commit index 5810 on pipeline Pipeline[ Id: bbd4d69e-14fa-4d6c-84e6-644576b5741b, Nodes: 4c571e18-69a3-4a6d-81de-e3e48052df18{ip: 192.168.69.99, host: pr-hdds-17356bwxm-1019933980, networkLocation: /default-rack, certSerialId: null}15893972-388e-43c0-9d6c-ca4c76ac06da{ip: 192.168.69.99, host: pr-hdds-17356bwxm-1019933980, networkLocation: /default-rack, certSerialId: null}c86beb1c-9105-4588-b1e8-133030361c51{ip: 192.168.69.99, host: pr-hdds-17356bwxm-1019933980, networkLocation: /default-rack, certSerialId: null}, Type:RATIS, Factor:THREE, State:OPEN] to all the nodes. Server c86beb1c-9105-4588-b1e8-133030361c51 has failed. Committed by majority.
2019-07-12 12:29:27,182 WARN  storage.BlockOutputStream (BlockOutputStream.java:watchForCommit(361)) - Failed to commit BlockId conID: 1 locID: 102428477922607832 bcsId: 5810 on Pipeline[ Id: bbd4d69e-14fa-4d6c-84e6-644576b5741b, Nodes: 4c571e18-69a3-4a6d-81de-e3e48052df18{ip: 192.168.69.99, host: pr-hdds-17356bwxm-1019933980, networkLocation: /default-rack, certSerialId: null}15893972-388e-43c0-9d6c-ca4c76ac06da{ip: 192.168.69.99, host: pr-hdds-17356bwxm-1019933980, networkLocation: /default-rack, certSerialId: null}c86beb1c-9105-4588-b1e8-133030361c51{ip: 192.168.69.99, host: pr-hdds-17356bwxm-1019933980, networkLocation: /default-rack, certSerialId: null}, Type:RATIS, Factor:THREE, State:OPEN]. Failed nodes: [c86beb1c-9105-4588-b1e8-133030361c51{ip: null, host: null, networkLocation: /default-rack, certSerialId: null}]
2019-07-12 12:29:27,182 ERROR freon.RandomKeyGenerator (RandomKeyGenerator.java:run(718)) - Exception while adding key: key-0-47747 in bucket: bucket-0-48110 of volume: vol-0-34404.
java.lang.UnsupportedOperationException
	at java.util.AbstractList.add(AbstractList.java:148)
	at java.util.AbstractList.add(AbstractList.java:108)
	at java.util.AbstractCollection.addAll(AbstractCollection.java:344)
	at org.apache.hadoop.hdds.scm.storage.BlockOutputStream.watchForCommit(BlockOutputStream.java:363)
	at org.apache.hadoop.hdds.scm.storage.BlockOutputStream.handleFlush(BlockOutputStream.java:487)
	at org.apache.hadoop.hdds.scm.storage.BlockOutputStream.close(BlockOutputStream.java:501)
	at org.apache.hadoop.ozone.client.io.BlockOutputStreamEntry.close(BlockOutputStreamEntry.java:143)
	at org.apache.hadoop.ozone.client.io.KeyOutputStream.handleFlushOrClose(KeyOutputStream.java:438)
	at org.apache.hadoop.ozone.client.io.KeyOutputStream.handleWrite(KeyOutputStream.java:235)
	at org.apache.hadoop.ozone.client.io.KeyOutputStream.write(KeyOutputStream.java:193)
	at org.apache.hadoop.ozone.client.io.OzoneOutputStream.write(OzoneOutputStream.java:49)
	at org.apache.hadoop.ozone.freon.RandomKeyGenerator$KeyProcessor.run(RandomKeyGenerator.java:693)
	at java.util.concurrent.Executors$RunnableAdapter.call(Executors.java:511)
	at java.util.concurrent.FutureTask.run(FutureTask.java:266)
	at java.util.concurrent.ThreadPoolExecutor.runWorker(ThreadPoolExecutor.java:1149)
	at java.util.concurrent.ThreadPoolExecutor$Worker.run(ThreadPoolExecutor.java:624)
	at java.lang.Thread.run(Thread.java:748)
 0.00% |█                                                                                                    |  0/1 Time: 0:01:19 100.00% |█████████████████████████████████████████████████████████████████████████████████████████████████████|  1/1 Time: 0:01:20
]]></system-out>
  </testcase>
  <testcase name="multiThread" classname="org.apache.hadoop.ozone.freon.TestRandomKeyGenerator" time="5.044"/>
</testsuite>