<?xml version="1.0" encoding="UTF-8"?>
<testsuite xmlns:xsi="http://www.w3.org/2001/XMLSchema-instance" xsi:noNamespaceSchemaLocation="https://maven.apache.org/surefire/maven-surefire-plugin/xsd/surefire-test-report.xsd" name="org.apache.hadoop.ozone.client.rpc.TestBlockOutputStreamWithFailures" time="753.199" tests="8" errors="0" skipped="0" failures="1">
  <properties>
    <property name="awt.toolkit" value="sun.awt.X11.XToolkit"/>
    <property name="file.encoding.pkg" value="sun.io"/>
    <property name="java.specification.version" value="1.8"/>
    <property name="sun.cpu.isalist" value=""/>
    <property name="sun.jnu.encoding" value="UTF-8"/>
    <property name="java.class.path" value="/workdir/hadoop-ozone/integration-test/target/test-classes:/workdir/hadoop-ozone/integration-test/target/classes:/home/user/.m2/repository/org/apache/hadoop/hadoop-ozone-common/0.5.0-SNAPSHOT/hadoop-ozone-common-0.5.0-SNAPSHOT.jar:/home/user/.m2/repository/org/apache/commons/commons-compress/1.4.1/commons-compress-1.4.1.jar:/home/user/.m2/repository/org/tukaani/xz/1.0/xz-1.0.jar:/home/user/.m2/repository/org/apache/hadoop/hadoop-common/3.2.0/hadoop-common-3.2.0.jar:/home/user/.m2/repository/org/apache/hadoop/hadoop-hdfs/3.2.0/hadoop-hdfs-3.2.0.jar:/home/user/.m2/repository/org/apache/hadoop/hadoop-hdfs-client/3.2.0/hadoop-hdfs-client-3.2.0.jar:/home/user/.m2/repository/com/fasterxml/jackson/core/jackson-annotations/2.9.5/jackson-annotations-2.9.5.jar:/home/user/.m2/repository/org/apache/hadoop/hadoop-hdds-common/0.5.0-SNAPSHOT/hadoop-hdds-common-0.5.0-SNAPSHOT.jar:/home/user/.m2/repository/javax/annotation/javax.annotation-api/1.2/javax.annotation-api-1.2.jar:/home/user/.m2/repository/org/apache/ratis/ratis-server/0.4.0-2337318-SNAPSHOT/ratis-server-0.4.0-2337318-SNAPSHOT.jar:/home/user/.m2/repository/org/apache/ratis/ratis-thirdparty-misc/0.2.0/ratis-thirdparty-misc-0.2.0.jar:/home/user/.m2/repository/org/apache/ratis/ratis-proto/0.4.0-2337318-SNAPSHOT/ratis-proto-0.4.0-2337318-SNAPSHOT.jar:/home/user/.m2/repository/org/apache/ratis/ratis-common/0.4.0-2337318-SNAPSHOT/ratis-common-0.4.0-2337318-SNAPSHOT.jar:/home/user/.m2/repository/org/apache/ratis/ratis-client/0.4.0-2337318-SNAPSHOT/ratis-client-0.4.0-2337318-SNAPSHOT.jar:/home/user/.m2/repository/org/apache/ratis/ratis-metrics/0.4.0-2337318-SNAPSHOT/ratis-metrics-0.4.0-2337318-SNAPSHOT.jar:/home/user/.m2/repository/org/apache/ratis/ratis-netty/0.4.0-2337318-SNAPSHOT/ratis-netty-0.4.0-2337318-SNAPSHOT.jar:/home/user/.m2/repository/org/apache/ratis/ratis-grpc/0.4.0-2337318-SNAPSHOT/ratis-grpc-0.4.0-2337318-SNAPSHOT.jar:/home/user/.m2/repository/org/rocksdb/rocksdbjni/6.0.1/rocksdbjni-6.0.1.jar:/home/user/.m2/repository/org/apache/logging/log4j/log4j-api/2.11.0/log4j-api-2.11.0.jar:/home/user/.m2/repository/org/apache/logging/log4j/log4j-core/2.11.0/log4j-core-2.11.0.jar:/home/user/.m2/repository/com/lmax/disruptor/3.4.2/disruptor-3.4.2.jar:/home/user/.m2/repository/org/apache/commons/commons-pool2/2.6.0/commons-pool2-2.6.0.jar:/home/user/.m2/repository/org/bouncycastle/bcpkix-jdk15on/1.60/bcpkix-jdk15on-1.60.jar:/home/user/.m2/repository/commons-validator/commons-validator/1.6/commons-validator-1.6.jar:/home/user/.m2/repository/commons-digester/commons-digester/1.8.1/commons-digester-1.8.1.jar:/home/user/.m2/repository/io/jaegertracing/jaeger-client/0.33.1/jaeger-client-0.33.1.jar:/home/user/.m2/repository/io/jaegertracing/jaeger-thrift/0.33.1/jaeger-thrift-0.33.1.jar:/home/user/.m2/repository/org/apache/thrift/libthrift/0.11.0/libthrift-0.11.0.jar:/home/user/.m2/repository/com/squareup/okhttp3/okhttp/3.9.0/okhttp-3.9.0.jar:/home/user/.m2/repository/com/squareup/okio/okio/1.13.0/okio-1.13.0.jar:/home/user/.m2/repository/io/jaegertracing/jaeger-core/0.33.1/jaeger-core-0.33.1.jar:/home/user/.m2/repository/io/jaegertracing/jaeger-tracerresolver/0.33.1/jaeger-tracerresolver-0.33.1.jar:/home/user/.m2/repository/io/opentracing/contrib/opentracing-tracerresolver/0.1.5/opentracing-tracerresolver-0.1.5.jar:/home/user/.m2/repository/io/opentracing/opentracing-util/0.31.0/opentracing-util-0.31.0.jar:/home/user/.m2/repository/io/opentracing/opentracing-api/0.31.0/opentracing-api-0.31.0.jar:/home/user/.m2/repository/io/opentracing/opentracing-noop/0.31.0/opentracing-noop-0.31.0.jar:/home/user/.m2/repository/org/apache/hadoop/hadoop-hdds-server-framework/0.5.0-SNAPSHOT/hadoop-hdds-server-framework-0.5.0-SNAPSHOT.jar:/home/user/.m2/repository/org/apache/hadoop/hadoop-hdds-container-service/0.5.0-SNAPSHOT/hadoop-hdds-container-service-0.5.0-SNAPSHOT.jar:/home/user/.m2/repository/org/apache/hadoop/hadoop-hdds-client/0.5.0-SNAPSHOT/hadoop-hdds-client-0.5.0-SNAPSHOT.jar:/home/user/.m2/repository/org/apache/hadoop/hadoop-hdds-tools/0.5.0-SNAPSHOT/hadoop-hdds-tools-0.5.0-SNAPSHOT.jar:/home/user/.m2/repository/org/apache/hadoop/hadoop-hdds-server-scm/0.5.0-SNAPSHOT/hadoop-hdds-server-scm-0.5.0-SNAPSHOT.jar:/home/user/.m2/repository/org/apache/hadoop/hadoop-hdds-docs/0.5.0-SNAPSHOT/hadoop-hdds-docs-0.5.0-SNAPSHOT.jar:/home/user/.m2/repository/io/dropwizard/metrics/metrics-core/3.2.4/metrics-core-3.2.4.jar:/home/user/.m2/repository/org/hamcrest/hamcrest-all/1.3/hamcrest-all-1.3.jar:/home/user/.m2/repository/org/bouncycastle/bcprov-jdk15on/1.60/bcprov-jdk15on-1.60.jar:/home/user/.m2/repository/info/picocli/picocli/3.9.6/picocli-3.9.6.jar:/home/user/.m2/repository/com/google/protobuf/protobuf-java/2.5.0/protobuf-java-2.5.0.jar:/home/user/.m2/repository/com/google/guava/guava/11.0.2/guava-11.0.2.jar:/home/user/.m2/repository/org/apache/hadoop/hadoop-ozone-ozone-manager/0.5.0-SNAPSHOT/hadoop-ozone-ozone-manager-0.5.0-SNAPSHOT.jar:/home/user/.m2/repository/org/apache/hadoop/hadoop-minikdc/3.2.0/hadoop-minikdc-3.2.0.jar:/home/user/.m2/repository/commons-io/commons-io/2.5/commons-io-2.5.jar:/home/user/.m2/repository/org/apache/kerby/kerb-simplekdc/1.0.1/kerb-simplekdc-1.0.1.jar:/home/user/.m2/repository/org/apache/kerby/kerb-client/1.0.1/kerb-client-1.0.1.jar:/home/user/.m2/repository/org/apache/kerby/kerby-config/1.0.1/kerby-config-1.0.1.jar:/home/user/.m2/repository/org/apache/kerby/kerb-core/1.0.1/kerb-core-1.0.1.jar:/home/user/.m2/repository/org/apache/kerby/kerby-pkix/1.0.1/kerby-pkix-1.0.1.jar:/home/user/.m2/repository/org/apache/kerby/kerby-asn1/1.0.1/kerby-asn1-1.0.1.jar:/home/user/.m2/repository/org/apache/kerby/kerby-util/1.0.1/kerby-util-1.0.1.jar:/home/user/.m2/repository/org/apache/kerby/kerb-common/1.0.1/kerb-common-1.0.1.jar:/home/user/.m2/repository/org/apache/kerby/kerb-crypto/1.0.1/kerb-crypto-1.0.1.jar:/home/user/.m2/repository/org/apache/kerby/kerb-util/1.0.1/kerb-util-1.0.1.jar:/home/user/.m2/repository/org/apache/kerby/token-provider/1.0.1/token-provider-1.0.1.jar:/home/user/.m2/repository/org/apache/kerby/kerb-admin/1.0.1/kerb-admin-1.0.1.jar:/home/user/.m2/repository/org/apache/kerby/kerb-server/1.0.1/kerb-server-1.0.1.jar:/home/user/.m2/repository/org/apache/kerby/kerb-identity/1.0.1/kerb-identity-1.0.1.jar:/home/user/.m2/repository/org/apache/kerby/kerby-xdr/1.0.1/kerby-xdr-1.0.1.jar:/home/user/.m2/repository/org/slf4j/slf4j-log4j12/1.7.25/slf4j-log4j12-1.7.25.jar:/home/user/.m2/repository/org/apache/hadoop/hadoop-ozone-s3gateway/0.5.0-SNAPSHOT/hadoop-ozone-s3gateway-0.5.0-SNAPSHOT.jar:/home/user/.m2/repository/org/jboss/weld/servlet/weld-servlet/2.4.7.Final/weld-servlet-2.4.7.Final.jar:/home/user/.m2/repository/org/glassfish/jersey/containers/jersey-container-servlet-core/2.27/jersey-container-servlet-core-2.27.jar:/home/user/.m2/repository/org/glassfish/hk2/external/javax.inject/2.5.0-b42/javax.inject-2.5.0-b42.jar:/home/user/.m2/repository/org/glassfish/jersey/core/jersey-common/2.27/jersey-common-2.27.jar:/home/user/.m2/repository/org/glassfish/hk2/osgi-resource-locator/1.0.1/osgi-resource-locator-1.0.1.jar:/home/user/.m2/repository/javax/ws/rs/javax.ws.rs-api/2.1/javax.ws.rs-api-2.1.jar:/home/user/.m2/repository/org/glassfish/jersey/ext/cdi/jersey-cdi1x/2.27/jersey-cdi1x-2.27.jar:/home/user/.m2/repository/org/glassfish/jersey/inject/jersey-hk2/2.27/jersey-hk2-2.27.jar:/home/user/.m2/repository/org/glassfish/hk2/hk2-locator/2.5.0-b42/hk2-locator-2.5.0-b42.jar:/home/user/.m2/repository/org/javassist/javassist/3.22.0-CR2/javassist-3.22.0-CR2.jar:/home/user/.m2/repository/org/glassfish/hk2/hk2-api/2.5.0/hk2-api-2.5.0.jar:/home/user/.m2/repository/org/glassfish/hk2/external/jakarta.inject/2.5.0/jakarta.inject-2.5.0.jar:/home/user/.m2/repository/org/glassfish/hk2/hk2-utils/2.5.0/hk2-utils-2.5.0.jar:/home/user/.m2/repository/jakarta/annotation/jakarta.annotation-api/1.3.4/jakarta.annotation-api-1.3.4.jar:/home/user/.m2/repository/org/glassfish/hk2/external/aopalliance-repackaged/2.5.0/aopalliance-repackaged-2.5.0.jar:/home/user/.m2/repository/com/fasterxml/jackson/dataformat/jackson-dataformat-xml/2.9.0/jackson-dataformat-xml-2.9.0.jar:/home/user/.m2/repository/com/fasterxml/jackson/core/jackson-core/2.9.5/jackson-core-2.9.5.jar:/home/user/.m2/repository/com/fasterxml/jackson/module/jackson-module-jaxb-annotations/2.9.5/jackson-module-jaxb-annotations-2.9.5.jar:/home/user/.m2/repository/javax/enterprise/cdi-api/1.2/cdi-api-1.2.jar:/home/user/.m2/repository/javax/el/javax.el-api/3.0.0/javax.el-api-3.0.0.jar:/home/user/.m2/repository/javax/interceptor/javax.interceptor-api/1.2/javax.interceptor-api-1.2.jar:/home/user/.m2/repository/javax/inject/javax.inject/1/javax.inject-1.jar:/home/user/.m2/repository/com/sun/xml/bind/jaxb-impl/2.3.0.1/jaxb-impl-2.3.0.1.jar:/home/user/.m2/repository/com/sun/xml/bind/jaxb-core/2.3.0.1/jaxb-core-2.3.0.1.jar:/home/user/.m2/repository/javax/xml/bind/jaxb-api/2.3.0/jaxb-api-2.3.0.jar:/home/user/.m2/repository/javax/activation/activation/1.1.1/activation-1.1.1.jar:/home/user/.m2/repository/org/apache/hadoop/hadoop-ozone-csi/0.5.0-SNAPSHOT/hadoop-ozone-csi-0.5.0-SNAPSHOT.jar:/home/user/.m2/repository/com/google/protobuf/protobuf-java-util/3.5.1/protobuf-java-util-3.5.1.jar:/home/user/.m2/repository/org/apache/hadoop/hadoop-hdds-config/0.5.0-SNAPSHOT/hadoop-hdds-config-0.5.0-SNAPSHOT.jar:/home/user/.m2/repository/io/grpc/grpc-netty/1.17.1/grpc-netty-1.17.1.jar:/home/user/.m2/repository/io/grpc/grpc-core/1.17.1/grpc-core-1.17.1.jar:/home/user/.m2/repository/io/grpc/grpc-context/1.17.1/grpc-context-1.17.1.jar:/home/user/.m2/repository/com/google/errorprone/error_prone_annotations/2.2.0/error_prone_annotations-2.2.0.jar:/home/user/.m2/repository/org/codehaus/mojo/animal-sniffer-annotations/1.17/animal-sniffer-annotations-1.17.jar:/home/user/.m2/repository/io/opencensus/opencensus-api/0.17.0/opencensus-api-0.17.0.jar:/home/user/.m2/repository/io/opencensus/opencensus-contrib-grpc-metrics/0.17.0/opencensus-contrib-grpc-metrics-0.17.0.jar:/home/user/.m2/repository/io/netty/netty-codec-http2/4.1.30.Final/netty-codec-http2-4.1.30.Final.jar:/home/user/.m2/repository/io/netty/netty-codec-http/4.1.30.Final/netty-codec-http-4.1.30.Final.jar:/home/user/.m2/repository/io/netty/netty-codec/4.1.30.Final/netty-codec-4.1.30.Final.jar:/home/user/.m2/repository/io/netty/netty-handler/4.1.30.Final/netty-handler-4.1.30.Final.jar:/home/user/.m2/repository/io/netty/netty-handler-proxy/4.1.30.Final/netty-handler-proxy-4.1.30.Final.jar:/home/user/.m2/repository/io/netty/netty-codec-socks/4.1.30.Final/netty-codec-socks-4.1.30.Final.jar:/home/user/.m2/repository/io/netty/netty-transport-native-epoll/4.1.30.Final/netty-transport-native-epoll-4.1.30.Final.jar:/home/user/.m2/repository/io/netty/netty-common/4.1.30.Final/netty-common-4.1.30.Final.jar:/home/user/.m2/repository/io/netty/netty-buffer/4.1.30.Final/netty-buffer-4.1.30.Final.jar:/home/user/.m2/repository/io/netty/netty-transport/4.1.30.Final/netty-transport-4.1.30.Final.jar:/home/user/.m2/repository/io/netty/netty-resolver/4.1.30.Final/netty-resolver-4.1.30.Final.jar:/home/user/.m2/repository/io/netty/netty-transport-native-unix-common/4.1.30.Final/netty-transport-native-unix-common-4.1.30.Final.jar:/home/user/.m2/repository/io/grpc/grpc-protobuf/1.17.1/grpc-protobuf-1.17.1.jar:/home/user/.m2/repository/com/google/api/grpc/proto-google-common-protos/1.0.0/proto-google-common-protos-1.0.0.jar:/home/user/.m2/repository/io/grpc/grpc-protobuf-lite/1.17.1/grpc-protobuf-lite-1.17.1.jar:/home/user/.m2/repository/io/grpc/grpc-stub/1.17.1/grpc-stub-1.17.1.jar:/home/user/.m2/repository/org/apache/hadoop/hadoop-ozone-recon/0.5.0-SNAPSHOT/hadoop-ozone-recon-0.5.0-SNAPSHOT.jar:/home/user/.m2/repository/org/apache/hadoop/hadoop-ozone-reconcodegen/0.5.0-SNAPSHOT/hadoop-ozone-reconcodegen-0.5.0-SNAPSHOT.jar:/home/user/.m2/repository/com/google/inject/extensions/guice-multibindings/4.0/guice-multibindings-4.0.jar:/home/user/.m2/repository/com/google/inject/guice/4.0/guice-4.0.jar:/home/user/.m2/repository/aopalliance/aopalliance/1.0/aopalliance-1.0.jar:/home/user/.m2/repository/com/google/inject/extensions/guice-servlet/4.0/guice-servlet-4.0.jar:/home/user/.m2/repository/org/glassfish/jersey/containers/jersey-container-servlet/2.27/jersey-container-servlet-2.27.jar:/home/user/.m2/repository/org/glassfish/hk2/guice-bridge/2.5.0/guice-bridge-2.5.0.jar:/home/user/.m2/repository/org/glassfish/jersey/core/jersey-server/2.27/jersey-server-2.27.jar:/home/user/.m2/repository/org/glassfish/jersey/core/jersey-client/2.27/jersey-client-2.27.jar:/home/user/.m2/repository/org/glassfish/jersey/media/jersey-media-jaxb/2.27/jersey-media-jaxb-2.27.jar:/home/user/.m2/repository/javax/validation/validation-api/1.1.0.Final/validation-api-1.1.0.Final.jar:/home/user/.m2/repository/org/glassfish/jersey/media/jersey-media-json-jackson/2.27/jersey-media-json-jackson-2.27.jar:/home/user/.m2/repository/org/glassfish/jersey/ext/jersey-entity-filtering/2.27/jersey-entity-filtering-2.27.jar:/home/user/.m2/repository/com/google/inject/extensions/guice-assistedinject/4.0/guice-assistedinject-4.0.jar:/home/user/.m2/repository/org/jooq/jooq/3.11.10/jooq-3.11.10.jar:/home/user/.m2/repository/org/jooq/jooq-meta/3.11.10/jooq-meta-3.11.10.jar:/home/user/.m2/repository/org/jooq/jooq-codegen/3.11.10/jooq-codegen-3.11.10.jar:/home/user/.m2/repository/com/jolbox/bonecp/0.8.0.RELEASE/bonecp-0.8.0.RELEASE.jar:/home/user/.m2/repository/org/xerial/sqlite-jdbc/3.25.2/sqlite-jdbc-3.25.2.jar:/home/user/.m2/repository/org/springframework/spring-jdbc/5.1.3.RELEASE/spring-jdbc-5.1.3.RELEASE.jar:/home/user/.m2/repository/org/springframework/spring-beans/5.1.3.RELEASE/spring-beans-5.1.3.RELEASE.jar:/home/user/.m2/repository/org/springframework/spring-core/5.1.3.RELEASE/spring-core-5.1.3.RELEASE.jar:/home/user/.m2/repository/org/springframework/spring-jcl/5.1.3.RELEASE/spring-jcl-5.1.3.RELEASE.jar:/home/user/.m2/repository/org/springframework/spring-tx/5.1.3.RELEASE/spring-tx-5.1.3.RELEASE.jar:/home/user/.m2/repository/org/apache/hadoop/hadoop-ozone-client/0.5.0-SNAPSHOT/hadoop-ozone-client-0.5.0-SNAPSHOT.jar:/home/user/.m2/repository/commons-lang/commons-lang/2.6/commons-lang-2.6.jar:/home/user/.m2/repository/org/apache/hadoop/hadoop-ozone-ozone-manager/0.5.0-SNAPSHOT/hadoop-ozone-ozone-manager-0.5.0-SNAPSHOT-tests.jar:/home/user/.m2/repository/junit/junit/4.11/junit-4.11.jar:/home/user/.m2/repository/org/hamcrest/hamcrest-core/1.3/hamcrest-core-1.3.jar:/home/user/.m2/repository/org/openjdk/jmh/jmh-core/1.19/jmh-core-1.19.jar:/home/user/.m2/repository/net/sf/jopt-simple/jopt-simple/4.6/jopt-simple-4.6.jar:/home/user/.m2/repository/org/apache/commons/commons-math3/3.1.1/commons-math3-3.1.1.jar:/home/user/.m2/repository/org/openjdk/jmh/jmh-generator-annprocess/1.19/jmh-generator-annprocess-1.19.jar:/home/user/.m2/repository/org/mockito/mockito-all/1.8.5/mockito-all-1.8.5.jar:/home/user/.m2/repository/org/apache/hadoop/hadoop-kms/3.2.0/hadoop-kms-3.2.0.jar:/home/user/.m2/repository/org/apache/hadoop/hadoop-auth/3.2.0/hadoop-auth-3.2.0.jar:/home/user/.m2/repository/com/nimbusds/nimbus-jose-jwt/4.41.1/nimbus-jose-jwt-4.41.1.jar:/home/user/.m2/repository/com/github/stephenc/jcip/jcip-annotations/1.0-1/jcip-annotations-1.0-1.jar:/home/user/.m2/repository/net/minidev/json-smart/2.3/json-smart-2.3.jar:/home/user/.m2/repository/net/minidev/accessors-smart/1.2/accessors-smart-1.2.jar:/home/user/.m2/repository/org/ow2/asm/asm/5.0.4/asm-5.0.4.jar:/home/user/.m2/repository/org/apache/curator/curator-framework/2.12.0/curator-framework-2.12.0.jar:/home/user/.m2/repository/com/sun/jersey/jersey-core/1.19/jersey-core-1.19.jar:/home/user/.m2/repository/javax/ws/rs/jsr311-api/1.1.1/jsr311-api-1.1.1.jar:/home/user/.m2/repository/com/sun/jersey/jersey-server/1.19/jersey-server-1.19.jar:/home/user/.m2/repository/javax/servlet/javax.servlet-api/3.1.0/javax.servlet-api-3.1.0.jar:/home/user/.m2/repository/org/eclipse/jetty/jetty-server/9.3.24.v20180605/jetty-server-9.3.24.v20180605.jar:/home/user/.m2/repository/org/eclipse/jetty/jetty-http/9.3.24.v20180605/jetty-http-9.3.24.v20180605.jar:/home/user/.m2/repository/org/eclipse/jetty/jetty-io/9.3.24.v20180605/jetty-io-9.3.24.v20180605.jar:/home/user/.m2/repository/org/eclipse/jetty/jetty-webapp/9.3.24.v20180605/jetty-webapp-9.3.24.v20180605.jar:/home/user/.m2/repository/org/eclipse/jetty/jetty-xml/9.3.24.v20180605/jetty-xml-9.3.24.v20180605.jar:/home/user/.m2/repository/log4j/log4j/1.2.17/log4j-1.2.17.jar:/home/user/.m2/repository/org/slf4j/slf4j-api/1.7.25/slf4j-api-1.7.25.jar:/home/user/.m2/repository/org/slf4j/jul-to-slf4j/1.7.25/jul-to-slf4j-1.7.25.jar:/home/user/.m2/repository/org/eclipse/jetty/jetty-util/9.3.24.v20180605/jetty-util-9.3.24.v20180605.jar:/home/user/.m2/repository/com/fasterxml/jackson/core/jackson-databind/2.9.5/jackson-databind-2.9.5.jar:/home/user/.m2/repository/org/apache/hadoop/hadoop-kms/3.2.0/hadoop-kms-3.2.0-tests.jar:/home/user/.m2/repository/org/apache/hadoop/hadoop-hdds-server-scm/0.5.0-SNAPSHOT/hadoop-hdds-server-scm-0.5.0-SNAPSHOT-tests.jar:/home/user/.m2/repository/org/apache/hadoop/hadoop-hdds-container-service/0.5.0-SNAPSHOT/hadoop-hdds-container-service-0.5.0-SNAPSHOT-tests.jar:/home/user/.m2/repository/org/yaml/snakeyaml/1.16/snakeyaml-1.16.jar:/home/user/.m2/repository/org/apache/hadoop/hadoop-common/3.2.0/hadoop-common-3.2.0-tests.jar:/home/user/.m2/repository/org/apache/hadoop/hadoop-annotations/3.2.0/hadoop-annotations-3.2.0.jar:/usr/lib/jvm/java-1.8-openjdk/jre/../lib/tools.jar:/home/user/.m2/repository/commons-cli/commons-cli/1.2/commons-cli-1.2.jar:/home/user/.m2/repository/org/apache/httpcomponents/httpclient/4.5.2/httpclient-4.5.2.jar:/home/user/.m2/repository/org/apache/httpcomponents/httpcore/4.4.4/httpcore-4.4.4.jar:/home/user/.m2/repository/commons-codec/commons-codec/1.11/commons-codec-1.11.jar:/home/user/.m2/repository/commons-net/commons-net/3.6/commons-net-3.6.jar:/home/user/.m2/repository/commons-collections/commons-collections/3.2.2/commons-collections-3.2.2.jar:/home/user/.m2/repository/org/eclipse/jetty/jetty-servlet/9.3.24.v20180605/jetty-servlet-9.3.24.v20180605.jar:/home/user/.m2/repository/org/eclipse/jetty/jetty-security/9.3.24.v20180605/jetty-security-9.3.24.v20180605.jar:/home/user/.m2/repository/javax/servlet/jsp/jsp-api/2.1/jsp-api-2.1.jar:/home/user/.m2/repository/com/sun/jersey/jersey-servlet/1.19/jersey-servlet-1.19.jar:/home/user/.m2/repository/com/sun/jersey/jersey-json/1.19/jersey-json-1.19.jar:/home/user/.m2/repository/org/codehaus/jettison/jettison/1.1/jettison-1.1.jar:/home/user/.m2/repository/org/codehaus/jackson/jackson-core-asl/1.9.13/jackson-core-asl-1.9.13.jar:/home/user/.m2/repository/org/codehaus/jackson/jackson-mapper-asl/1.9.13/jackson-mapper-asl-1.9.13.jar:/home/user/.m2/repository/org/codehaus/jackson/jackson-jaxrs/1.9.13/jackson-jaxrs-1.9.13.jar:/home/user/.m2/repository/org/codehaus/jackson/jackson-xc/1.9.13/jackson-xc-1.9.13.jar:/home/user/.m2/repository/commons-logging/commons-logging/1.1.3/commons-logging-1.1.3.jar:/home/user/.m2/repository/commons-beanutils/commons-beanutils/1.9.3/commons-beanutils-1.9.3.jar:/home/user/.m2/repository/org/apache/commons/commons-configuration2/2.1.1/commons-configuration2-2.1.1.jar:/home/user/.m2/repository/org/apache/commons/commons-lang3/3.7/commons-lang3-3.7.jar:/home/user/.m2/repository/org/apache/commons/commons-text/1.4/commons-text-1.4.jar:/home/user/.m2/repository/org/apache/avro/avro/1.7.7/avro-1.7.7.jar:/home/user/.m2/repository/com/thoughtworks/paranamer/paranamer/2.3/paranamer-2.3.jar:/home/user/.m2/repository/org/xerial/snappy/snappy-java/1.0.5/snappy-java-1.0.5.jar:/home/user/.m2/repository/com/google/re2j/re2j/1.1/re2j-1.1.jar:/home/user/.m2/repository/com/google/code/gson/gson/2.2.4/gson-2.2.4.jar:/home/user/.m2/repository/com/jcraft/jsch/0.1.54/jsch-0.1.54.jar:/home/user/.m2/repository/org/apache/curator/curator-client/2.12.0/curator-client-2.12.0.jar:/home/user/.m2/repository/org/apache/curator/curator-recipes/2.12.0/curator-recipes-2.12.0.jar:/home/user/.m2/repository/com/google/code/findbugs/jsr305/3.0.0/jsr305-3.0.0.jar:/home/user/.m2/repository/org/apache/htrace/htrace-core4/4.1.0-incubating/htrace-core4-4.1.0-incubating.jar:/home/user/.m2/repository/org/apache/zookeeper/zookeeper/3.4.13/zookeeper-3.4.13.jar:/home/user/.m2/repository/org/apache/yetus/audience-annotations/0.5.0/audience-annotations-0.5.0.jar:/home/user/.m2/repository/org/codehaus/woodstox/stax2-api/3.1.4/stax2-api-3.1.4.jar:/home/user/.m2/repository/com/fasterxml/woodstox/woodstox-core/5.0.3/woodstox-core-5.0.3.jar:/home/user/.m2/repository/dnsjava/dnsjava/2.1.7/dnsjava-2.1.7.jar:/home/user/.m2/repository/org/apache/hadoop/hadoop-hdfs/3.2.0/hadoop-hdfs-3.2.0-tests.jar:/home/user/.m2/repository/org/eclipse/jetty/jetty-util-ajax/9.3.24.v20180605/jetty-util-ajax-9.3.24.v20180605.jar:/home/user/.m2/repository/commons-daemon/commons-daemon/1.0.13/commons-daemon-1.0.13.jar:/home/user/.m2/repository/io/netty/netty/3.10.5.Final/netty-3.10.5.Final.jar:/home/user/.m2/repository/io/netty/netty-all/4.0.52.Final/netty-all-4.0.52.Final.jar:/home/user/.m2/repository/org/fusesource/leveldbjni/leveldbjni-all/1.8/leveldbjni-all-1.8.jar:"/>
    <property name="java.vm.vendor" value="IcedTea"/>
    <property name="sun.arch.data.model" value="64"/>
    <property name="test.build.dir" value="/workdir/hadoop-ozone/integration-test/target/test-dir"/>
    <property name="test.cache.data" value=""/>
    <property name="java.vendor.url" value="https://icedtea.classpath.org"/>
    <property name="user.timezone" value=""/>
    <property name="java.vm.specification.version" value="1.8"/>
    <property name="os.name" value="Linux"/>
    <property name="test.build.data" value="/workdir/hadoop-ozone/integration-test/target/test-dir"/>
    <property name="user.country" value="US"/>
    <property name="sun.java.launcher" value="SUN_STANDARD"/>
    <property name="sun.boot.library.path" value="/usr/lib/jvm/java-1.8-openjdk/jre/lib/amd64"/>
    <property name="sun.java.command" value="/workdir/hadoop-ozone/integration-test/target/surefire/surefirebooter1223019259018656601.jar /workdir/hadoop-ozone/integration-test/target/surefire 2019-09-06T18-02-43_704-jvmRun1 surefire1442794910678768857tmp surefire_208855656717438654399tmp"/>
    <property name="test" value="!TestMiniChaosOzoneCluster"/>
    <property name="surefire.test.class.path" value="/workdir/hadoop-ozone/integration-test/target/test-classes:/workdir/hadoop-ozone/integration-test/target/classes:/home/user/.m2/repository/org/apache/hadoop/hadoop-ozone-common/0.5.0-SNAPSHOT/hadoop-ozone-common-0.5.0-SNAPSHOT.jar:/home/user/.m2/repository/org/apache/commons/commons-compress/1.4.1/commons-compress-1.4.1.jar:/home/user/.m2/repository/org/tukaani/xz/1.0/xz-1.0.jar:/home/user/.m2/repository/org/apache/hadoop/hadoop-common/3.2.0/hadoop-common-3.2.0.jar:/home/user/.m2/repository/org/apache/hadoop/hadoop-hdfs/3.2.0/hadoop-hdfs-3.2.0.jar:/home/user/.m2/repository/org/apache/hadoop/hadoop-hdfs-client/3.2.0/hadoop-hdfs-client-3.2.0.jar:/home/user/.m2/repository/com/fasterxml/jackson/core/jackson-annotations/2.9.5/jackson-annotations-2.9.5.jar:/home/user/.m2/repository/org/apache/hadoop/hadoop-hdds-common/0.5.0-SNAPSHOT/hadoop-hdds-common-0.5.0-SNAPSHOT.jar:/home/user/.m2/repository/javax/annotation/javax.annotation-api/1.2/javax.annotation-api-1.2.jar:/home/user/.m2/repository/org/apache/ratis/ratis-server/0.4.0-2337318-SNAPSHOT/ratis-server-0.4.0-2337318-SNAPSHOT.jar:/home/user/.m2/repository/org/apache/ratis/ratis-thirdparty-misc/0.2.0/ratis-thirdparty-misc-0.2.0.jar:/home/user/.m2/repository/org/apache/ratis/ratis-proto/0.4.0-2337318-SNAPSHOT/ratis-proto-0.4.0-2337318-SNAPSHOT.jar:/home/user/.m2/repository/org/apache/ratis/ratis-common/0.4.0-2337318-SNAPSHOT/ratis-common-0.4.0-2337318-SNAPSHOT.jar:/home/user/.m2/repository/org/apache/ratis/ratis-client/0.4.0-2337318-SNAPSHOT/ratis-client-0.4.0-2337318-SNAPSHOT.jar:/home/user/.m2/repository/org/apache/ratis/ratis-metrics/0.4.0-2337318-SNAPSHOT/ratis-metrics-0.4.0-2337318-SNAPSHOT.jar:/home/user/.m2/repository/org/apache/ratis/ratis-netty/0.4.0-2337318-SNAPSHOT/ratis-netty-0.4.0-2337318-SNAPSHOT.jar:/home/user/.m2/repository/org/apache/ratis/ratis-grpc/0.4.0-2337318-SNAPSHOT/ratis-grpc-0.4.0-2337318-SNAPSHOT.jar:/home/user/.m2/repository/org/rocksdb/rocksdbjni/6.0.1/rocksdbjni-6.0.1.jar:/home/user/.m2/repository/org/apache/logging/log4j/log4j-api/2.11.0/log4j-api-2.11.0.jar:/home/user/.m2/repository/org/apache/logging/log4j/log4j-core/2.11.0/log4j-core-2.11.0.jar:/home/user/.m2/repository/com/lmax/disruptor/3.4.2/disruptor-3.4.2.jar:/home/user/.m2/repository/org/apache/commons/commons-pool2/2.6.0/commons-pool2-2.6.0.jar:/home/user/.m2/repository/org/bouncycastle/bcpkix-jdk15on/1.60/bcpkix-jdk15on-1.60.jar:/home/user/.m2/repository/commons-validator/commons-validator/1.6/commons-validator-1.6.jar:/home/user/.m2/repository/commons-digester/commons-digester/1.8.1/commons-digester-1.8.1.jar:/home/user/.m2/repository/io/jaegertracing/jaeger-client/0.33.1/jaeger-client-0.33.1.jar:/home/user/.m2/repository/io/jaegertracing/jaeger-thrift/0.33.1/jaeger-thrift-0.33.1.jar:/home/user/.m2/repository/org/apache/thrift/libthrift/0.11.0/libthrift-0.11.0.jar:/home/user/.m2/repository/com/squareup/okhttp3/okhttp/3.9.0/okhttp-3.9.0.jar:/home/user/.m2/repository/com/squareup/okio/okio/1.13.0/okio-1.13.0.jar:/home/user/.m2/repository/io/jaegertracing/jaeger-core/0.33.1/jaeger-core-0.33.1.jar:/home/user/.m2/repository/io/jaegertracing/jaeger-tracerresolver/0.33.1/jaeger-tracerresolver-0.33.1.jar:/home/user/.m2/repository/io/opentracing/contrib/opentracing-tracerresolver/0.1.5/opentracing-tracerresolver-0.1.5.jar:/home/user/.m2/repository/io/opentracing/opentracing-util/0.31.0/opentracing-util-0.31.0.jar:/home/user/.m2/repository/io/opentracing/opentracing-api/0.31.0/opentracing-api-0.31.0.jar:/home/user/.m2/repository/io/opentracing/opentracing-noop/0.31.0/opentracing-noop-0.31.0.jar:/home/user/.m2/repository/org/apache/hadoop/hadoop-hdds-server-framework/0.5.0-SNAPSHOT/hadoop-hdds-server-framework-0.5.0-SNAPSHOT.jar:/home/user/.m2/repository/org/apache/hadoop/hadoop-hdds-container-service/0.5.0-SNAPSHOT/hadoop-hdds-container-service-0.5.0-SNAPSHOT.jar:/home/user/.m2/repository/org/apache/hadoop/hadoop-hdds-client/0.5.0-SNAPSHOT/hadoop-hdds-client-0.5.0-SNAPSHOT.jar:/home/user/.m2/repository/org/apache/hadoop/hadoop-hdds-tools/0.5.0-SNAPSHOT/hadoop-hdds-tools-0.5.0-SNAPSHOT.jar:/home/user/.m2/repository/org/apache/hadoop/hadoop-hdds-server-scm/0.5.0-SNAPSHOT/hadoop-hdds-server-scm-0.5.0-SNAPSHOT.jar:/home/user/.m2/repository/org/apache/hadoop/hadoop-hdds-docs/0.5.0-SNAPSHOT/hadoop-hdds-docs-0.5.0-SNAPSHOT.jar:/home/user/.m2/repository/io/dropwizard/metrics/metrics-core/3.2.4/metrics-core-3.2.4.jar:/home/user/.m2/repository/org/hamcrest/hamcrest-all/1.3/hamcrest-all-1.3.jar:/home/user/.m2/repository/org/bouncycastle/bcprov-jdk15on/1.60/bcprov-jdk15on-1.60.jar:/home/user/.m2/repository/info/picocli/picocli/3.9.6/picocli-3.9.6.jar:/home/user/.m2/repository/com/google/protobuf/protobuf-java/2.5.0/protobuf-java-2.5.0.jar:/home/user/.m2/repository/com/google/guava/guava/11.0.2/guava-11.0.2.jar:/home/user/.m2/repository/org/apache/hadoop/hadoop-ozone-ozone-manager/0.5.0-SNAPSHOT/hadoop-ozone-ozone-manager-0.5.0-SNAPSHOT.jar:/home/user/.m2/repository/org/apache/hadoop/hadoop-minikdc/3.2.0/hadoop-minikdc-3.2.0.jar:/home/user/.m2/repository/commons-io/commons-io/2.5/commons-io-2.5.jar:/home/user/.m2/repository/org/apache/kerby/kerb-simplekdc/1.0.1/kerb-simplekdc-1.0.1.jar:/home/user/.m2/repository/org/apache/kerby/kerb-client/1.0.1/kerb-client-1.0.1.jar:/home/user/.m2/repository/org/apache/kerby/kerby-config/1.0.1/kerby-config-1.0.1.jar:/home/user/.m2/repository/org/apache/kerby/kerb-core/1.0.1/kerb-core-1.0.1.jar:/home/user/.m2/repository/org/apache/kerby/kerby-pkix/1.0.1/kerby-pkix-1.0.1.jar:/home/user/.m2/repository/org/apache/kerby/kerby-asn1/1.0.1/kerby-asn1-1.0.1.jar:/home/user/.m2/repository/org/apache/kerby/kerby-util/1.0.1/kerby-util-1.0.1.jar:/home/user/.m2/repository/org/apache/kerby/kerb-common/1.0.1/kerb-common-1.0.1.jar:/home/user/.m2/repository/org/apache/kerby/kerb-crypto/1.0.1/kerb-crypto-1.0.1.jar:/home/user/.m2/repository/org/apache/kerby/kerb-util/1.0.1/kerb-util-1.0.1.jar:/home/user/.m2/repository/org/apache/kerby/token-provider/1.0.1/token-provider-1.0.1.jar:/home/user/.m2/repository/org/apache/kerby/kerb-admin/1.0.1/kerb-admin-1.0.1.jar:/home/user/.m2/repository/org/apache/kerby/kerb-server/1.0.1/kerb-server-1.0.1.jar:/home/user/.m2/repository/org/apache/kerby/kerb-identity/1.0.1/kerb-identity-1.0.1.jar:/home/user/.m2/repository/org/apache/kerby/kerby-xdr/1.0.1/kerby-xdr-1.0.1.jar:/home/user/.m2/repository/org/slf4j/slf4j-log4j12/1.7.25/slf4j-log4j12-1.7.25.jar:/home/user/.m2/repository/org/apache/hadoop/hadoop-ozone-s3gateway/0.5.0-SNAPSHOT/hadoop-ozone-s3gateway-0.5.0-SNAPSHOT.jar:/home/user/.m2/repository/org/jboss/weld/servlet/weld-servlet/2.4.7.Final/weld-servlet-2.4.7.Final.jar:/home/user/.m2/repository/org/glassfish/jersey/containers/jersey-container-servlet-core/2.27/jersey-container-servlet-core-2.27.jar:/home/user/.m2/repository/org/glassfish/hk2/external/javax.inject/2.5.0-b42/javax.inject-2.5.0-b42.jar:/home/user/.m2/repository/org/glassfish/jersey/core/jersey-common/2.27/jersey-common-2.27.jar:/home/user/.m2/repository/org/glassfish/hk2/osgi-resource-locator/1.0.1/osgi-resource-locator-1.0.1.jar:/home/user/.m2/repository/javax/ws/rs/javax.ws.rs-api/2.1/javax.ws.rs-api-2.1.jar:/home/user/.m2/repository/org/glassfish/jersey/ext/cdi/jersey-cdi1x/2.27/jersey-cdi1x-2.27.jar:/home/user/.m2/repository/org/glassfish/jersey/inject/jersey-hk2/2.27/jersey-hk2-2.27.jar:/home/user/.m2/repository/org/glassfish/hk2/hk2-locator/2.5.0-b42/hk2-locator-2.5.0-b42.jar:/home/user/.m2/repository/org/javassist/javassist/3.22.0-CR2/javassist-3.22.0-CR2.jar:/home/user/.m2/repository/org/glassfish/hk2/hk2-api/2.5.0/hk2-api-2.5.0.jar:/home/user/.m2/repository/org/glassfish/hk2/external/jakarta.inject/2.5.0/jakarta.inject-2.5.0.jar:/home/user/.m2/repository/org/glassfish/hk2/hk2-utils/2.5.0/hk2-utils-2.5.0.jar:/home/user/.m2/repository/jakarta/annotation/jakarta.annotation-api/1.3.4/jakarta.annotation-api-1.3.4.jar:/home/user/.m2/repository/org/glassfish/hk2/external/aopalliance-repackaged/2.5.0/aopalliance-repackaged-2.5.0.jar:/home/user/.m2/repository/com/fasterxml/jackson/dataformat/jackson-dataformat-xml/2.9.0/jackson-dataformat-xml-2.9.0.jar:/home/user/.m2/repository/com/fasterxml/jackson/core/jackson-core/2.9.5/jackson-core-2.9.5.jar:/home/user/.m2/repository/com/fasterxml/jackson/module/jackson-module-jaxb-annotations/2.9.5/jackson-module-jaxb-annotations-2.9.5.jar:/home/user/.m2/repository/javax/enterprise/cdi-api/1.2/cdi-api-1.2.jar:/home/user/.m2/repository/javax/el/javax.el-api/3.0.0/javax.el-api-3.0.0.jar:/home/user/.m2/repository/javax/interceptor/javax.interceptor-api/1.2/javax.interceptor-api-1.2.jar:/home/user/.m2/repository/javax/inject/javax.inject/1/javax.inject-1.jar:/home/user/.m2/repository/com/sun/xml/bind/jaxb-impl/2.3.0.1/jaxb-impl-2.3.0.1.jar:/home/user/.m2/repository/com/sun/xml/bind/jaxb-core/2.3.0.1/jaxb-core-2.3.0.1.jar:/home/user/.m2/repository/javax/xml/bind/jaxb-api/2.3.0/jaxb-api-2.3.0.jar:/home/user/.m2/repository/javax/activation/activation/1.1.1/activation-1.1.1.jar:/home/user/.m2/repository/org/apache/hadoop/hadoop-ozone-csi/0.5.0-SNAPSHOT/hadoop-ozone-csi-0.5.0-SNAPSHOT.jar:/home/user/.m2/repository/com/google/protobuf/protobuf-java-util/3.5.1/protobuf-java-util-3.5.1.jar:/home/user/.m2/repository/org/apache/hadoop/hadoop-hdds-config/0.5.0-SNAPSHOT/hadoop-hdds-config-0.5.0-SNAPSHOT.jar:/home/user/.m2/repository/io/grpc/grpc-netty/1.17.1/grpc-netty-1.17.1.jar:/home/user/.m2/repository/io/grpc/grpc-core/1.17.1/grpc-core-1.17.1.jar:/home/user/.m2/repository/io/grpc/grpc-context/1.17.1/grpc-context-1.17.1.jar:/home/user/.m2/repository/com/google/errorprone/error_prone_annotations/2.2.0/error_prone_annotations-2.2.0.jar:/home/user/.m2/repository/org/codehaus/mojo/animal-sniffer-annotations/1.17/animal-sniffer-annotations-1.17.jar:/home/user/.m2/repository/io/opencensus/opencensus-api/0.17.0/opencensus-api-0.17.0.jar:/home/user/.m2/repository/io/opencensus/opencensus-contrib-grpc-metrics/0.17.0/opencensus-contrib-grpc-metrics-0.17.0.jar:/home/user/.m2/repository/io/netty/netty-codec-http2/4.1.30.Final/netty-codec-http2-4.1.30.Final.jar:/home/user/.m2/repository/io/netty/netty-codec-http/4.1.30.Final/netty-codec-http-4.1.30.Final.jar:/home/user/.m2/repository/io/netty/netty-codec/4.1.30.Final/netty-codec-4.1.30.Final.jar:/home/user/.m2/repository/io/netty/netty-handler/4.1.30.Final/netty-handler-4.1.30.Final.jar:/home/user/.m2/repository/io/netty/netty-handler-proxy/4.1.30.Final/netty-handler-proxy-4.1.30.Final.jar:/home/user/.m2/repository/io/netty/netty-codec-socks/4.1.30.Final/netty-codec-socks-4.1.30.Final.jar:/home/user/.m2/repository/io/netty/netty-transport-native-epoll/4.1.30.Final/netty-transport-native-epoll-4.1.30.Final.jar:/home/user/.m2/repository/io/netty/netty-common/4.1.30.Final/netty-common-4.1.30.Final.jar:/home/user/.m2/repository/io/netty/netty-buffer/4.1.30.Final/netty-buffer-4.1.30.Final.jar:/home/user/.m2/repository/io/netty/netty-transport/4.1.30.Final/netty-transport-4.1.30.Final.jar:/home/user/.m2/repository/io/netty/netty-resolver/4.1.30.Final/netty-resolver-4.1.30.Final.jar:/home/user/.m2/repository/io/netty/netty-transport-native-unix-common/4.1.30.Final/netty-transport-native-unix-common-4.1.30.Final.jar:/home/user/.m2/repository/io/grpc/grpc-protobuf/1.17.1/grpc-protobuf-1.17.1.jar:/home/user/.m2/repository/com/google/api/grpc/proto-google-common-protos/1.0.0/proto-google-common-protos-1.0.0.jar:/home/user/.m2/repository/io/grpc/grpc-protobuf-lite/1.17.1/grpc-protobuf-lite-1.17.1.jar:/home/user/.m2/repository/io/grpc/grpc-stub/1.17.1/grpc-stub-1.17.1.jar:/home/user/.m2/repository/org/apache/hadoop/hadoop-ozone-recon/0.5.0-SNAPSHOT/hadoop-ozone-recon-0.5.0-SNAPSHOT.jar:/home/user/.m2/repository/org/apache/hadoop/hadoop-ozone-reconcodegen/0.5.0-SNAPSHOT/hadoop-ozone-reconcodegen-0.5.0-SNAPSHOT.jar:/home/user/.m2/repository/com/google/inject/extensions/guice-multibindings/4.0/guice-multibindings-4.0.jar:/home/user/.m2/repository/com/google/inject/guice/4.0/guice-4.0.jar:/home/user/.m2/repository/aopalliance/aopalliance/1.0/aopalliance-1.0.jar:/home/user/.m2/repository/com/google/inject/extensions/guice-servlet/4.0/guice-servlet-4.0.jar:/home/user/.m2/repository/org/glassfish/jersey/containers/jersey-container-servlet/2.27/jersey-container-servlet-2.27.jar:/home/user/.m2/repository/org/glassfish/hk2/guice-bridge/2.5.0/guice-bridge-2.5.0.jar:/home/user/.m2/repository/org/glassfish/jersey/core/jersey-server/2.27/jersey-server-2.27.jar:/home/user/.m2/repository/org/glassfish/jersey/core/jersey-client/2.27/jersey-client-2.27.jar:/home/user/.m2/repository/org/glassfish/jersey/media/jersey-media-jaxb/2.27/jersey-media-jaxb-2.27.jar:/home/user/.m2/repository/javax/validation/validation-api/1.1.0.Final/validation-api-1.1.0.Final.jar:/home/user/.m2/repository/org/glassfish/jersey/media/jersey-media-json-jackson/2.27/jersey-media-json-jackson-2.27.jar:/home/user/.m2/repository/org/glassfish/jersey/ext/jersey-entity-filtering/2.27/jersey-entity-filtering-2.27.jar:/home/user/.m2/repository/com/google/inject/extensions/guice-assistedinject/4.0/guice-assistedinject-4.0.jar:/home/user/.m2/repository/org/jooq/jooq/3.11.10/jooq-3.11.10.jar:/home/user/.m2/repository/org/jooq/jooq-meta/3.11.10/jooq-meta-3.11.10.jar:/home/user/.m2/repository/org/jooq/jooq-codegen/3.11.10/jooq-codegen-3.11.10.jar:/home/user/.m2/repository/com/jolbox/bonecp/0.8.0.RELEASE/bonecp-0.8.0.RELEASE.jar:/home/user/.m2/repository/org/xerial/sqlite-jdbc/3.25.2/sqlite-jdbc-3.25.2.jar:/home/user/.m2/repository/org/springframework/spring-jdbc/5.1.3.RELEASE/spring-jdbc-5.1.3.RELEASE.jar:/home/user/.m2/repository/org/springframework/spring-beans/5.1.3.RELEASE/spring-beans-5.1.3.RELEASE.jar:/home/user/.m2/repository/org/springframework/spring-core/5.1.3.RELEASE/spring-core-5.1.3.RELEASE.jar:/home/user/.m2/repository/org/springframework/spring-jcl/5.1.3.RELEASE/spring-jcl-5.1.3.RELEASE.jar:/home/user/.m2/repository/org/springframework/spring-tx/5.1.3.RELEASE/spring-tx-5.1.3.RELEASE.jar:/home/user/.m2/repository/org/apache/hadoop/hadoop-ozone-client/0.5.0-SNAPSHOT/hadoop-ozone-client-0.5.0-SNAPSHOT.jar:/home/user/.m2/repository/commons-lang/commons-lang/2.6/commons-lang-2.6.jar:/home/user/.m2/repository/org/apache/hadoop/hadoop-ozone-ozone-manager/0.5.0-SNAPSHOT/hadoop-ozone-ozone-manager-0.5.0-SNAPSHOT-tests.jar:/home/user/.m2/repository/junit/junit/4.11/junit-4.11.jar:/home/user/.m2/repository/org/hamcrest/hamcrest-core/1.3/hamcrest-core-1.3.jar:/home/user/.m2/repository/org/openjdk/jmh/jmh-core/1.19/jmh-core-1.19.jar:/home/user/.m2/repository/net/sf/jopt-simple/jopt-simple/4.6/jopt-simple-4.6.jar:/home/user/.m2/repository/org/apache/commons/commons-math3/3.1.1/commons-math3-3.1.1.jar:/home/user/.m2/repository/org/openjdk/jmh/jmh-generator-annprocess/1.19/jmh-generator-annprocess-1.19.jar:/home/user/.m2/repository/org/mockito/mockito-all/1.8.5/mockito-all-1.8.5.jar:/home/user/.m2/repository/org/apache/hadoop/hadoop-kms/3.2.0/hadoop-kms-3.2.0.jar:/home/user/.m2/repository/org/apache/hadoop/hadoop-auth/3.2.0/hadoop-auth-3.2.0.jar:/home/user/.m2/repository/com/nimbusds/nimbus-jose-jwt/4.41.1/nimbus-jose-jwt-4.41.1.jar:/home/user/.m2/repository/com/github/stephenc/jcip/jcip-annotations/1.0-1/jcip-annotations-1.0-1.jar:/home/user/.m2/repository/net/minidev/json-smart/2.3/json-smart-2.3.jar:/home/user/.m2/repository/net/minidev/accessors-smart/1.2/accessors-smart-1.2.jar:/home/user/.m2/repository/org/ow2/asm/asm/5.0.4/asm-5.0.4.jar:/home/user/.m2/repository/org/apache/curator/curator-framework/2.12.0/curator-framework-2.12.0.jar:/home/user/.m2/repository/com/sun/jersey/jersey-core/1.19/jersey-core-1.19.jar:/home/user/.m2/repository/javax/ws/rs/jsr311-api/1.1.1/jsr311-api-1.1.1.jar:/home/user/.m2/repository/com/sun/jersey/jersey-server/1.19/jersey-server-1.19.jar:/home/user/.m2/repository/javax/servlet/javax.servlet-api/3.1.0/javax.servlet-api-3.1.0.jar:/home/user/.m2/repository/org/eclipse/jetty/jetty-server/9.3.24.v20180605/jetty-server-9.3.24.v20180605.jar:/home/user/.m2/repository/org/eclipse/jetty/jetty-http/9.3.24.v20180605/jetty-http-9.3.24.v20180605.jar:/home/user/.m2/repository/org/eclipse/jetty/jetty-io/9.3.24.v20180605/jetty-io-9.3.24.v20180605.jar:/home/user/.m2/repository/org/eclipse/jetty/jetty-webapp/9.3.24.v20180605/jetty-webapp-9.3.24.v20180605.jar:/home/user/.m2/repository/org/eclipse/jetty/jetty-xml/9.3.24.v20180605/jetty-xml-9.3.24.v20180605.jar:/home/user/.m2/repository/log4j/log4j/1.2.17/log4j-1.2.17.jar:/home/user/.m2/repository/org/slf4j/slf4j-api/1.7.25/slf4j-api-1.7.25.jar:/home/user/.m2/repository/org/slf4j/jul-to-slf4j/1.7.25/jul-to-slf4j-1.7.25.jar:/home/user/.m2/repository/org/eclipse/jetty/jetty-util/9.3.24.v20180605/jetty-util-9.3.24.v20180605.jar:/home/user/.m2/repository/com/fasterxml/jackson/core/jackson-databind/2.9.5/jackson-databind-2.9.5.jar:/home/user/.m2/repository/org/apache/hadoop/hadoop-kms/3.2.0/hadoop-kms-3.2.0-tests.jar:/home/user/.m2/repository/org/apache/hadoop/hadoop-hdds-server-scm/0.5.0-SNAPSHOT/hadoop-hdds-server-scm-0.5.0-SNAPSHOT-tests.jar:/home/user/.m2/repository/org/apache/hadoop/hadoop-hdds-container-service/0.5.0-SNAPSHOT/hadoop-hdds-container-service-0.5.0-SNAPSHOT-tests.jar:/home/user/.m2/repository/org/yaml/snakeyaml/1.16/snakeyaml-1.16.jar:/home/user/.m2/repository/org/apache/hadoop/hadoop-common/3.2.0/hadoop-common-3.2.0-tests.jar:/home/user/.m2/repository/org/apache/hadoop/hadoop-annotations/3.2.0/hadoop-annotations-3.2.0.jar:/usr/lib/jvm/java-1.8-openjdk/jre/../lib/tools.jar:/home/user/.m2/repository/commons-cli/commons-cli/1.2/commons-cli-1.2.jar:/home/user/.m2/repository/org/apache/httpcomponents/httpclient/4.5.2/httpclient-4.5.2.jar:/home/user/.m2/repository/org/apache/httpcomponents/httpcore/4.4.4/httpcore-4.4.4.jar:/home/user/.m2/repository/commons-codec/commons-codec/1.11/commons-codec-1.11.jar:/home/user/.m2/repository/commons-net/commons-net/3.6/commons-net-3.6.jar:/home/user/.m2/repository/commons-collections/commons-collections/3.2.2/commons-collections-3.2.2.jar:/home/user/.m2/repository/org/eclipse/jetty/jetty-servlet/9.3.24.v20180605/jetty-servlet-9.3.24.v20180605.jar:/home/user/.m2/repository/org/eclipse/jetty/jetty-security/9.3.24.v20180605/jetty-security-9.3.24.v20180605.jar:/home/user/.m2/repository/javax/servlet/jsp/jsp-api/2.1/jsp-api-2.1.jar:/home/user/.m2/repository/com/sun/jersey/jersey-servlet/1.19/jersey-servlet-1.19.jar:/home/user/.m2/repository/com/sun/jersey/jersey-json/1.19/jersey-json-1.19.jar:/home/user/.m2/repository/org/codehaus/jettison/jettison/1.1/jettison-1.1.jar:/home/user/.m2/repository/org/codehaus/jackson/jackson-core-asl/1.9.13/jackson-core-asl-1.9.13.jar:/home/user/.m2/repository/org/codehaus/jackson/jackson-mapper-asl/1.9.13/jackson-mapper-asl-1.9.13.jar:/home/user/.m2/repository/org/codehaus/jackson/jackson-jaxrs/1.9.13/jackson-jaxrs-1.9.13.jar:/home/user/.m2/repository/org/codehaus/jackson/jackson-xc/1.9.13/jackson-xc-1.9.13.jar:/home/user/.m2/repository/commons-logging/commons-logging/1.1.3/commons-logging-1.1.3.jar:/home/user/.m2/repository/commons-beanutils/commons-beanutils/1.9.3/commons-beanutils-1.9.3.jar:/home/user/.m2/repository/org/apache/commons/commons-configuration2/2.1.1/commons-configuration2-2.1.1.jar:/home/user/.m2/repository/org/apache/commons/commons-lang3/3.7/commons-lang3-3.7.jar:/home/user/.m2/repository/org/apache/commons/commons-text/1.4/commons-text-1.4.jar:/home/user/.m2/repository/org/apache/avro/avro/1.7.7/avro-1.7.7.jar:/home/user/.m2/repository/com/thoughtworks/paranamer/paranamer/2.3/paranamer-2.3.jar:/home/user/.m2/repository/org/xerial/snappy/snappy-java/1.0.5/snappy-java-1.0.5.jar:/home/user/.m2/repository/com/google/re2j/re2j/1.1/re2j-1.1.jar:/home/user/.m2/repository/com/google/code/gson/gson/2.2.4/gson-2.2.4.jar:/home/user/.m2/repository/com/jcraft/jsch/0.1.54/jsch-0.1.54.jar:/home/user/.m2/repository/org/apache/curator/curator-client/2.12.0/curator-client-2.12.0.jar:/home/user/.m2/repository/org/apache/curator/curator-recipes/2.12.0/curator-recipes-2.12.0.jar:/home/user/.m2/repository/com/google/code/findbugs/jsr305/3.0.0/jsr305-3.0.0.jar:/home/user/.m2/repository/org/apache/htrace/htrace-core4/4.1.0-incubating/htrace-core4-4.1.0-incubating.jar:/home/user/.m2/repository/org/apache/zookeeper/zookeeper/3.4.13/zookeeper-3.4.13.jar:/home/user/.m2/repository/org/apache/yetus/audience-annotations/0.5.0/audience-annotations-0.5.0.jar:/home/user/.m2/repository/org/codehaus/woodstox/stax2-api/3.1.4/stax2-api-3.1.4.jar:/home/user/.m2/repository/com/fasterxml/woodstox/woodstox-core/5.0.3/woodstox-core-5.0.3.jar:/home/user/.m2/repository/dnsjava/dnsjava/2.1.7/dnsjava-2.1.7.jar:/home/user/.m2/repository/org/apache/hadoop/hadoop-hdfs/3.2.0/hadoop-hdfs-3.2.0-tests.jar:/home/user/.m2/repository/org/eclipse/jetty/jetty-util-ajax/9.3.24.v20180605/jetty-util-ajax-9.3.24.v20180605.jar:/home/user/.m2/repository/commons-daemon/commons-daemon/1.0.13/commons-daemon-1.0.13.jar:/home/user/.m2/repository/io/netty/netty/3.10.5.Final/netty-3.10.5.Final.jar:/home/user/.m2/repository/io/netty/netty-all/4.0.52.Final/netty-all-4.0.52.Final.jar:/home/user/.m2/repository/org/fusesource/leveldbjni/leveldbjni-all/1.8/leveldbjni-all-1.8.jar:"/>
    <property name="sun.cpu.endian" value="little"/>
    <property name="user.home" value="/home/user"/>
    <property name="user.language" value="en"/>
    <property name="java.specification.vendor" value="Oracle Corporation"/>
    <property name="java.home" value="/usr/lib/jvm/java-1.8-openjdk/jre"/>
    <property name="java.security.krb5.conf" value="/workdir/hadoop-ozone/integration-test/target/test-classes/krb5.conf"/>
    <property name="basedir" value="/workdir/hadoop-ozone/integration-test"/>
    <property name="file.separator" value="/"/>
    <property name="line.separator" value="&#10;"/>
    <property name="java.vm.specification.vendor" value="Oracle Corporation"/>
    <property name="java.specification.name" value="Java Platform API Specification"/>
    <property name="java.awt.graphicsenv" value="sun.awt.X11GraphicsEnvironment"/>
    <property name="surefire.real.class.path" value="/workdir/hadoop-ozone/integration-test/target/surefire/surefirebooter1223019259018656601.jar"/>
    <property name="hadoop.log.dir" value="/workdir/hadoop-ozone/integration-test/target/log"/>
    <property name="sun.boot.class.path" value="/usr/lib/jvm/java-1.8-openjdk/jre/lib/resources.jar:/usr/lib/jvm/java-1.8-openjdk/jre/lib/rt.jar:/usr/lib/jvm/java-1.8-openjdk/jre/lib/sunrsasign.jar:/usr/lib/jvm/java-1.8-openjdk/jre/lib/jsse.jar:/usr/lib/jvm/java-1.8-openjdk/jre/lib/jce.jar:/usr/lib/jvm/java-1.8-openjdk/jre/lib/charsets.jar:/usr/lib/jvm/java-1.8-openjdk/jre/lib/jfr.jar:/usr/lib/jvm/java-1.8-openjdk/jre/classes"/>
    <property name="sun.management.compiler" value="HotSpot 64-Bit Tiered Compilers"/>
    <property name="java.runtime.version" value="1.8.0_212-b04"/>
    <property name="java.net.preferIPv4Stack" value="true"/>
    <property name="user.name" value="jenkins1000"/>
    <property name="path.separator" value=":"/>
    <property name="java.security.egd" value="file:///dev/urandom"/>
    <property name="os.version" value="3.10.0-957.12.2.el7.x86_64"/>
    <property name="java.endorsed.dirs" value="/usr/lib/jvm/java-1.8-openjdk/jre/lib/endorsed"/>
    <property name="java.runtime.name" value="OpenJDK Runtime Environment"/>
    <property name="file.encoding" value="UTF-8"/>
    <property name="java.vm.name" value="OpenJDK 64-Bit Server VM"/>
    <property name="test.build.webapps" value=""/>
    <property name="localRepository" value="/home/user/.m2/repository"/>
    <property name="java.vendor.url.bug" value="https://icedtea.classpath.org/bugzilla"/>
    <property name="java.io.tmpdir" value="/tmp"/>
    <property name="require.test.libhadoop" value=""/>
    <property name="java.version" value="1.8.0_212"/>
    <property name="user.dir" value="/workdir/hadoop-ozone/integration-test"/>
    <property name="os.arch" value="amd64"/>
    <property name="java.vm.specification.name" value="Java Virtual Machine Specification"/>
    <property name="test.build.classes" value="/workdir/hadoop-ozone/integration-test/target/test-classes"/>
    <property name="java.awt.printerjob" value="sun.print.PSPrinterJob"/>
    <property name="sun.os.patch.level" value="unknown"/>
    <property name="hadoop.tmp.dir" value="/workdir/hadoop-ozone/integration-test/target/tmp"/>
    <property name="java.library.path" value="/usr/lib/jvm/java-1.8-openjdk/jre/lib/amd64/server:/usr/lib/jvm/java-1.8-openjdk/jre/lib/amd64:/usr/lib/jvm/java-1.8-openjdk/jre/../lib/amd64:/workdir/hadoop-ozone/integration-test/target/native/target/usr/local/lib:/workdir/hadoop-ozone/integration-test/../../hadoop-common-project/hadoop-common/target/native/target/usr/local/lib:/usr/java/packages/lib/amd64:/usr/lib64:/lib64:/lib:/usr/lib"/>
    <property name="java.vm.info" value="mixed mode"/>
    <property name="java.vendor" value="IcedTea"/>
    <property name="java.vm.version" value="25.212-b04"/>
    <property name="java.ext.dirs" value="/usr/lib/jvm/java-1.8-openjdk/jre/lib/ext:/usr/java/packages/lib/ext"/>
    <property name="sun.io.unicode.encoding" value="UnicodeLittle"/>
    <property name="java.class.version" value="52.0"/>
  </properties>
  <testcase name="test2DatanodesFailure" classname="org.apache.hadoop.ozone.client.rpc.TestBlockOutputStreamWithFailures" time="112.071"/>
  <testcase name="testDatanodeFailureWithPreAllocation" classname="org.apache.hadoop.ozone.client.rpc.TestBlockOutputStreamWithFailures" time="226.201"/>
  <testcase name="testDatanodeFailureWithSingleNodeRatis" classname="org.apache.hadoop.ozone.client.rpc.TestBlockOutputStreamWithFailures" time="224.049"/>
  <testcase name="testWatchForCommitWithSingleNodeRatis" classname="org.apache.hadoop.ozone.client.rpc.TestBlockOutputStreamWithFailures" time="33.714"/>
  <testcase name="testWatchForCommitDatanodeFailure" classname="org.apache.hadoop.ozone.client.rpc.TestBlockOutputStreamWithFailures" time="42.836">
    <failure message="expected:&lt;2&gt; but was:&lt;3&gt;" type="java.lang.AssertionError"><![CDATA[java.lang.AssertionError: expected:<2> but was:<3>
	at org.junit.Assert.fail(Assert.java:88)
	at org.junit.Assert.failNotEquals(Assert.java:743)
	at org.junit.Assert.assertEquals(Assert.java:118)
	at org.junit.Assert.assertEquals(Assert.java:555)
	at org.junit.Assert.assertEquals(Assert.java:542)
	at org.apache.hadoop.ozone.client.rpc.TestBlockOutputStreamWithFailures.testWatchForCommitDatanodeFailure(TestBlockOutputStreamWithFailures.java:366)
	at sun.reflect.NativeMethodAccessorImpl.invoke0(Native Method)
	at sun.reflect.NativeMethodAccessorImpl.invoke(NativeMethodAccessorImpl.java:62)
	at sun.reflect.DelegatingMethodAccessorImpl.invoke(DelegatingMethodAccessorImpl.java:43)
	at java.lang.reflect.Method.invoke(Method.java:498)
	at org.junit.runners.model.FrameworkMethod$1.runReflectiveCall(FrameworkMethod.java:47)
	at org.junit.internal.runners.model.ReflectiveCallable.run(ReflectiveCallable.java:12)
	at org.junit.runners.model.FrameworkMethod.invokeExplosively(FrameworkMethod.java:44)
	at org.junit.internal.runners.statements.InvokeMethod.evaluate(InvokeMethod.java:17)
	at org.junit.internal.runners.statements.RunBefores.evaluate(RunBefores.java:26)
	at org.junit.internal.runners.statements.RunAfters.evaluate(RunAfters.java:27)
	at org.junit.runners.ParentRunner.runLeaf(ParentRunner.java:271)
	at org.junit.runners.BlockJUnit4ClassRunner.runChild(BlockJUnit4ClassRunner.java:70)
	at org.junit.runners.BlockJUnit4ClassRunner.runChild(BlockJUnit4ClassRunner.java:50)
	at org.junit.runners.ParentRunner$3.run(ParentRunner.java:238)
	at org.junit.runners.ParentRunner$1.schedule(ParentRunner.java:63)
	at org.junit.runners.ParentRunner.runChildren(ParentRunner.java:236)
	at org.junit.runners.ParentRunner.access$000(ParentRunner.java:53)
	at org.junit.runners.ParentRunner$2.evaluate(ParentRunner.java:229)
	at org.junit.runners.ParentRunner.run(ParentRunner.java:309)
	at org.apache.maven.surefire.junit4.JUnit4Provider.execute(JUnit4Provider.java:365)
	at org.apache.maven.surefire.junit4.JUnit4Provider.executeWithRerun(JUnit4Provider.java:273)
	at org.apache.maven.surefire.junit4.JUnit4Provider.executeTestSet(JUnit4Provider.java:238)
	at org.apache.maven.surefire.junit4.JUnit4Provider.invoke(JUnit4Provider.java:159)
	at org.apache.maven.surefire.booter.ForkedBooter.invokeProviderInSameClassLoader(ForkedBooter.java:384)
	at org.apache.maven.surefire.booter.ForkedBooter.runSuitesInProcess(ForkedBooter.java:345)
	at org.apache.maven.surefire.booter.ForkedBooter.execute(ForkedBooter.java:126)
	at org.apache.maven.surefire.booter.ForkedBooter.main(ForkedBooter.java:418)
]]></failure>
    <system-out><![CDATA[2019-09-06 18:21:01,355 [main] WARN  server.ServerUtils (ServerUtils.java:getScmDbDir(145)) - ozone.scm.db.dirs is not configured. We recommend adding this setting. Falling back to ozone.metadata.dirs instead.
2019-09-06 18:21:01,381 [main] WARN  server.ServerUtils (ServerUtils.java:getScmDbDir(145)) - ozone.scm.db.dirs is not configured. We recommend adding this setting. Falling back to ozone.metadata.dirs instead.
2019-09-06 18:21:01,381 [main] WARN  server.ServerUtils (ServerUtils.java:getScmDbDir(145)) - ozone.scm.db.dirs is not configured. We recommend adding this setting. Falling back to ozone.metadata.dirs instead.
2019-09-06 18:21:01,382 [main] INFO  db.DBStoreBuilder (DBStoreBuilder.java:addTable(110)) - using custom profile for table: deletedBlocks
2019-09-06 18:21:01,382 [main] INFO  db.DBStoreBuilder (DBStoreBuilder.java:processTables(161)) - Using default column profile:DBProfile.DISK for Table:deletedBlocks
2019-09-06 18:21:01,382 [main] INFO  db.DBStoreBuilder (DBStoreBuilder.java:addTable(110)) - using custom profile for table: validCerts
2019-09-06 18:21:01,383 [main] INFO  db.DBStoreBuilder (DBStoreBuilder.java:processTables(161)) - Using default column profile:DBProfile.DISK for Table:validCerts
2019-09-06 18:21:01,383 [main] INFO  db.DBStoreBuilder (DBStoreBuilder.java:addTable(110)) - using custom profile for table: revokedCerts
2019-09-06 18:21:01,383 [main] INFO  db.DBStoreBuilder (DBStoreBuilder.java:processTables(161)) - Using default column profile:DBProfile.DISK for Table:revokedCerts
2019-09-06 18:21:01,384 [main] INFO  db.DBStoreBuilder (DBStoreBuilder.java:addTable(110)) - using custom profile for table: default
2019-09-06 18:21:01,384 [main] INFO  db.DBStoreBuilder (DBStoreBuilder.java:processTables(167)) - Using default column profile:DBProfile.DISK for Table:default
2019-09-06 18:21:01,384 [main] INFO  db.DBStoreBuilder (DBStoreBuilder.java:getDbProfile(198)) - Using default options. DBProfile.DISK
2019-09-06 18:21:01,607 [main] INFO  net.NodeSchemaLoader (NodeSchemaLoader.java:loadSchemaFromFile(125)) - Loading file from sun.misc.CompoundEnumeration@233f52f8
2019-09-06 18:21:01,607 [main] INFO  net.NodeSchemaLoader (NodeSchemaLoader.java:loadSchema(171)) - Loading network topology layer schema file
2019-09-06 18:21:01,612 [main] INFO  node.SCMNodeManager (SCMNodeManager.java:<init>(114)) - Entering startup safe mode.
2019-09-06 18:21:01,612 [main] INFO  algorithms.ContainerPlacementPolicyFactory (ContainerPlacementPolicyFactory.java:getPolicy(55)) - Create container placement policy of type org.apache.hadoop.hdds.scm.container.placement.algorithms.SCMContainerPlacementRandom
2019-09-06 18:21:01,613 [main] WARN  server.ServerUtils (ServerUtils.java:getScmDbDir(145)) - ozone.scm.db.dirs is not configured. We recommend adding this setting. Falling back to ozone.metadata.dirs instead.
2019-09-06 18:21:01,698 [main] INFO  pipeline.SCMPipelineManager (SCMPipelineManager.java:initializePipelineState(128)) - No pipeline exists in current db
2019-09-06 18:21:01,699 [main] WARN  server.ServerUtils (ServerUtils.java:getScmDbDir(145)) - ozone.scm.db.dirs is not configured. We recommend adding this setting. Falling back to ozone.metadata.dirs instead.
2019-09-06 18:21:01,783 [main] WARN  events.EventQueue (EventQueue.java:fireEvent(183)) - No event handler registered for event TypedEvent{payloadType=SafeModeStatus, name='SafeModeStatus'}
2019-09-06 18:21:01,784 [main] INFO  ipc.CallQueueManager (CallQueueManager.java:<init>(84)) - Using callQueue: class java.util.concurrent.LinkedBlockingQueue, queueCapacity: 2000, scheduler: class org.apache.hadoop.ipc.DefaultRpcScheduler, ipcBackoff: false.
2019-09-06 18:21:01,786 [Socket Reader #1 for port 35532] INFO  ipc.Server (Server.java:run(1074)) - Starting Socket Reader #1 for port 35532
2019-09-06 18:21:01,788 [main] INFO  ipc.CallQueueManager (CallQueueManager.java:<init>(84)) - Using callQueue: class java.util.concurrent.LinkedBlockingQueue, queueCapacity: 2000, scheduler: class org.apache.hadoop.ipc.DefaultRpcScheduler, ipcBackoff: false.
2019-09-06 18:21:01,788 [Socket Reader #1 for port 42549] INFO  ipc.Server (Server.java:run(1074)) - Starting Socket Reader #1 for port 42549
2019-09-06 18:21:01,790 [main] INFO  ipc.CallQueueManager (CallQueueManager.java:<init>(84)) - Using callQueue: class java.util.concurrent.LinkedBlockingQueue, queueCapacity: 2000, scheduler: class org.apache.hadoop.ipc.DefaultRpcScheduler, ipcBackoff: false.
2019-09-06 18:21:01,791 [Socket Reader #1 for port 35884] INFO  ipc.Server (Server.java:run(1074)) - Starting Socket Reader #1 for port 35884
2019-09-06 18:21:01,795 [main] INFO  hdfs.DFSUtil (DFSUtil.java:httpServerTemplateForNNAndJN(1641)) - Starting Web-server for scm at: http://0.0.0.0:0
2019-09-06 18:21:01,796 [main] INFO  server.AuthenticationFilter (AuthenticationFilter.java:constructSecretProvider(240)) - Unable to initialize FileSignerSecretProvider, falling back to use random secrets.
2019-09-06 18:21:01,797 [main] WARN  http.HttpRequestLog (HttpRequestLog.java:getRequestLog(97)) - Jetty request log can only be enabled using Log4j
2019-09-06 18:21:01,799 [main] INFO  http.HttpServer2 (HttpServer2.java:addGlobalFilter(975)) - Added global filter 'safety' (class=org.apache.hadoop.http.HttpServer2$QuotingInputFilter)
2019-09-06 18:21:01,799 [main] INFO  http.HttpServer2 (HttpServer2.java:addFilter(948)) - Added filter static_user_filter (class=org.apache.hadoop.http.lib.StaticUserWebFilter$StaticUserFilter) to context scm
2019-09-06 18:21:01,799 [main] INFO  http.HttpServer2 (HttpServer2.java:addFilter(958)) - Added filter static_user_filter (class=org.apache.hadoop.http.lib.StaticUserWebFilter$StaticUserFilter) to context logs
2019-09-06 18:21:01,800 [main] INFO  http.HttpServer2 (HttpServer2.java:addFilter(958)) - Added filter static_user_filter (class=org.apache.hadoop.http.lib.StaticUserWebFilter$StaticUserFilter) to context static
2019-09-06 18:21:01,801 [main] INFO  server.StorageContainerManager (StorageContainerManager.java:start(759)) - StorageContainerLocationProtocol RPC server is listening at /0.0.0.0:35884
2019-09-06 18:21:01,803 [main] WARN  impl.MetricsConfig (MetricsConfig.java:loadFirst(134)) - Cannot locate configuration: tried hadoop-metrics2-storagecontainermanager.properties,hadoop-metrics2.properties
2019-09-06 18:21:01,804 [main] INFO  impl.MetricsSystemImpl (MetricsSystemImpl.java:startTimer(374)) - Scheduled Metric snapshot period at 10 second(s).
2019-09-06 18:21:01,804 [main] INFO  impl.MetricsSystemImpl (MetricsSystemImpl.java:start(191)) - StorageContainerManager metrics system started
2019-09-06 18:21:01,873 [main] WARN  impl.MetricsSystemImpl (MetricsSystemImpl.java:register(276)) - Sink prometheus already exists!
2019-09-06 18:21:01,880 [main] INFO  server.SCMClientProtocolServer (SCMClientProtocolServer.java:start(151)) - RPC server for Client  is listening at /0.0.0.0:35884
2019-09-06 18:21:01,880 [IPC Server Responder] INFO  ipc.Server (Server.java:run(1314)) - IPC Server Responder: starting
2019-09-06 18:21:01,880 [IPC Server listener on 35884] INFO  ipc.Server (Server.java:run(1153)) - IPC Server listener on 35884: starting
2019-09-06 18:21:01,884 [main] INFO  server.StorageContainerManager (StorageContainerManager.java:start(769)) - ScmBlockLocationProtocol RPC server is listening at /0.0.0.0:42549
2019-09-06 18:21:01,884 [main] INFO  server.SCMBlockProtocolServer (SCMBlockProtocolServer.java:start(146)) - RPC server for Block Protocol is listening at /0.0.0.0:42549
2019-09-06 18:21:01,885 [IPC Server Responder] INFO  ipc.Server (Server.java:run(1314)) - IPC Server Responder: starting
2019-09-06 18:21:01,885 [IPC Server listener on 42549] INFO  ipc.Server (Server.java:run(1153)) - IPC Server listener on 42549: starting
2019-09-06 18:21:01,888 [main] INFO  server.StorageContainerManager (StorageContainerManager.java:start(773)) - ScmDatanodeProtocl RPC server is listening at /0.0.0.0:35532
2019-09-06 18:21:01,888 [main] INFO  server.SCMDatanodeProtocolServer (SCMDatanodeProtocolServer.java:start(191)) - RPC server for DataNodes is listening at /0.0.0.0:35532
2019-09-06 18:21:01,889 [IPC Server Responder] INFO  ipc.Server (Server.java:run(1314)) - IPC Server Responder: starting
2019-09-06 18:21:01,889 [IPC Server listener on 35532] INFO  ipc.Server (Server.java:run(1153)) - IPC Server listener on 35532: starting
2019-09-06 18:21:01,892 [main] INFO  http.HttpServer2 (HttpServer2.java:bindListener(1191)) - Jetty bound to port 38059
2019-09-06 18:21:01,892 [main] INFO  server.Server (Server.java:doStart(351)) - jetty-9.3.24.v20180605, build timestamp: 2018-06-05T17:11:56Z, git hash: 84205aa28f11a4f31f2a3b86d1bba2cc8ab69827
2019-09-06 18:21:01,894 [main] INFO  handler.ContextHandler (ContextHandler.java:doStart(781)) - Started o.e.j.s.ServletContextHandler@68631b1d{/logs,file:///workdir/hadoop-ozone/integration-test/target/log,AVAILABLE}
2019-09-06 18:21:01,894 [main] INFO  handler.ContextHandler (ContextHandler.java:doStart(781)) - Started o.e.j.s.ServletContextHandler@a0c5be{/static,file:///workdir/hadoop-ozone/integration-test/target/test-classes/webapps/static,AVAILABLE}
2019-09-06 18:21:01,899 [main] INFO  handler.ContextHandler (ContextHandler.java:doStart(781)) - Started o.e.j.w.WebAppContext@391d1e33{/,file:///workdir/hadoop-ozone/integration-test/target/test-classes/webapps/scm/,AVAILABLE}{/scm}
2019-09-06 18:21:01,899 [main] INFO  server.AbstractConnector (AbstractConnector.java:doStart(278)) - Started ServerConnector@66f16742{HTTP/1.1,[http/1.1]}{0.0.0.0:38059}
2019-09-06 18:21:01,900 [main] INFO  server.Server (Server.java:doStart(419)) - Started @597263ms
2019-09-06 18:21:01,900 [main] WARN  impl.MetricsSystemImpl (MetricsSystemImpl.java:register(276)) - Sink prometheus already exists!
2019-09-06 18:21:01,901 [main] INFO  server.BaseHttpServer (BaseHttpServer.java:updateConnectorAddress(215)) - HTTP server of SCM is listening at http://0.0.0.0:38059
2019-09-06 18:21:01,902 [main] WARN  server.ServerUtils (ServerUtils.java:getDBPath(222)) - ozone.om.db.dirs is not configured. We recommend adding this setting. Falling back to ozone.metadata.dirs instead.
2019-09-06 18:21:01,902 [org.apache.hadoop.util.JvmPauseMonitor$Monitor@3c54ddec] INFO  util.JvmPauseMonitor (JvmPauseMonitor.java:run(188)) - Starting JVM pause monitor
2019-09-06 18:21:01,918 [main] WARN  server.ServerUtils (ServerUtils.java:getDBPath(222)) - ozone.om.db.dirs is not configured. We recommend adding this setting. Falling back to ozone.metadata.dirs instead.
2019-09-06 18:21:01,918 [main] WARN  server.ServerUtils (ServerUtils.java:getDBPath(222)) - ozone.om.db.dirs is not configured. We recommend adding this setting. Falling back to ozone.metadata.dirs instead.
2019-09-06 18:21:01,918 [main] INFO  om.OzoneManager (OzoneManager.java:setOMNodeDetails(649)) - OM Service ID is not set. Setting it to the default ID: omServiceIdDefault
2019-09-06 18:21:01,918 [main] INFO  om.OzoneManager (OzoneManager.java:setOMNodeDetails(655)) - OM Node ID is not set. Setting it to the OmStorage's OmID: 21a2ef3d-7d3f-4f18-b321-f38f0b2c4339
2019-09-06 18:21:01,919 [main] INFO  om.OzoneManager (OzoneManager.java:loadOMHAConfigs(606)) - Found matching OM address with OMServiceId: null, OMNodeId: null, RPC Address: localhost:0 and Ratis port: 9872
2019-09-06 18:21:01,924 [main] WARN  server.ServerUtils (ServerUtils.java:getDBPath(222)) - ozone.om.db.dirs is not configured. We recommend adding this setting. Falling back to ozone.metadata.dirs instead.
2019-09-06 18:21:01,925 [main] INFO  db.DBStoreBuilder (DBStoreBuilder.java:addTable(110)) - using custom profile for table: userTable
2019-09-06 18:21:01,925 [main] INFO  db.DBStoreBuilder (DBStoreBuilder.java:processTables(161)) - Using default column profile:DBProfile.DISK for Table:userTable
2019-09-06 18:21:01,925 [main] INFO  db.DBStoreBuilder (DBStoreBuilder.java:addTable(110)) - using custom profile for table: volumeTable
2019-09-06 18:21:01,925 [main] INFO  db.DBStoreBuilder (DBStoreBuilder.java:processTables(161)) - Using default column profile:DBProfile.DISK for Table:volumeTable
2019-09-06 18:21:01,926 [main] INFO  db.DBStoreBuilder (DBStoreBuilder.java:addTable(110)) - using custom profile for table: bucketTable
2019-09-06 18:21:01,926 [main] INFO  db.DBStoreBuilder (DBStoreBuilder.java:processTables(161)) - Using default column profile:DBProfile.DISK for Table:bucketTable
2019-09-06 18:21:01,926 [main] INFO  db.DBStoreBuilder (DBStoreBuilder.java:addTable(110)) - using custom profile for table: keyTable
2019-09-06 18:21:01,926 [main] INFO  db.DBStoreBuilder (DBStoreBuilder.java:processTables(161)) - Using default column profile:DBProfile.DISK for Table:keyTable
2019-09-06 18:21:01,927 [main] INFO  db.DBStoreBuilder (DBStoreBuilder.java:addTable(110)) - using custom profile for table: deletedTable
2019-09-06 18:21:01,927 [main] INFO  db.DBStoreBuilder (DBStoreBuilder.java:processTables(161)) - Using default column profile:DBProfile.DISK for Table:deletedTable
2019-09-06 18:21:01,927 [main] INFO  db.DBStoreBuilder (DBStoreBuilder.java:addTable(110)) - using custom profile for table: openKeyTable
2019-09-06 18:21:01,927 [main] INFO  db.DBStoreBuilder (DBStoreBuilder.java:processTables(161)) - Using default column profile:DBProfile.DISK for Table:openKeyTable
2019-09-06 18:21:01,927 [main] INFO  db.DBStoreBuilder (DBStoreBuilder.java:addTable(110)) - using custom profile for table: s3Table
2019-09-06 18:21:01,927 [main] INFO  db.DBStoreBuilder (DBStoreBuilder.java:processTables(161)) - Using default column profile:DBProfile.DISK for Table:s3Table
2019-09-06 18:21:01,928 [main] INFO  db.DBStoreBuilder (DBStoreBuilder.java:addTable(110)) - using custom profile for table: multipartInfoTable
2019-09-06 18:21:01,928 [main] INFO  db.DBStoreBuilder (DBStoreBuilder.java:processTables(161)) - Using default column profile:DBProfile.DISK for Table:multipartInfoTable
2019-09-06 18:21:01,928 [main] INFO  db.DBStoreBuilder (DBStoreBuilder.java:addTable(110)) - using custom profile for table: dTokenTable
2019-09-06 18:21:01,928 [main] INFO  db.DBStoreBuilder (DBStoreBuilder.java:processTables(161)) - Using default column profile:DBProfile.DISK for Table:dTokenTable
2019-09-06 18:21:01,928 [main] INFO  db.DBStoreBuilder (DBStoreBuilder.java:addTable(110)) - using custom profile for table: s3SecretTable
2019-09-06 18:21:01,928 [main] INFO  db.DBStoreBuilder (DBStoreBuilder.java:processTables(161)) - Using default column profile:DBProfile.DISK for Table:s3SecretTable
2019-09-06 18:21:01,929 [main] INFO  db.DBStoreBuilder (DBStoreBuilder.java:addTable(110)) - using custom profile for table: prefixTable
2019-09-06 18:21:01,929 [main] INFO  db.DBStoreBuilder (DBStoreBuilder.java:processTables(161)) - Using default column profile:DBProfile.DISK for Table:prefixTable
2019-09-06 18:21:01,929 [main] INFO  db.DBStoreBuilder (DBStoreBuilder.java:addTable(110)) - using custom profile for table: default
2019-09-06 18:21:01,929 [main] INFO  db.DBStoreBuilder (DBStoreBuilder.java:processTables(167)) - Using default column profile:DBProfile.DISK for Table:default
2019-09-06 18:21:01,929 [main] INFO  db.DBStoreBuilder (DBStoreBuilder.java:getDbProfile(198)) - Using default options. DBProfile.DISK
2019-09-06 18:21:02,567 [main] INFO  ipc.CallQueueManager (CallQueueManager.java:<init>(84)) - Using callQueue: class java.util.concurrent.LinkedBlockingQueue, queueCapacity: 2000, scheduler: class org.apache.hadoop.ipc.DefaultRpcScheduler, ipcBackoff: false.
2019-09-06 18:21:02,569 [Socket Reader #1 for port 45355] INFO  ipc.Server (Server.java:run(1074)) - Starting Socket Reader #1 for port 45355
2019-09-06 18:21:02,586 [main] INFO  om.OzoneManager (OzoneManager.java:start(1240)) - OzoneManager RPC server is listening at localhost/127.0.0.1:45355
2019-09-06 18:21:02,587 [main] INFO  impl.MetricsSystemImpl (MetricsSystemImpl.java:init(158)) - OzoneManager metrics system started (again)
2019-09-06 18:21:02,587 [IPC Server Responder] INFO  ipc.Server (Server.java:run(1314)) - IPC Server Responder: starting
2019-09-06 18:21:02,587 [IPC Server listener on 45355] INFO  ipc.Server (Server.java:run(1153)) - IPC Server listener on 45355: starting
2019-09-06 18:21:02,593 [main] INFO  hdfs.DFSUtil (DFSUtil.java:httpServerTemplateForNNAndJN(1641)) - Starting Web-server for ozoneManager at: http://0.0.0.0:0
2019-09-06 18:21:02,595 [main] INFO  server.AuthenticationFilter (AuthenticationFilter.java:constructSecretProvider(240)) - Unable to initialize FileSignerSecretProvider, falling back to use random secrets.
2019-09-06 18:21:02,596 [main] WARN  http.HttpRequestLog (HttpRequestLog.java:getRequestLog(97)) - Jetty request log can only be enabled using Log4j
2019-09-06 18:21:02,598 [main] INFO  http.HttpServer2 (HttpServer2.java:addGlobalFilter(975)) - Added global filter 'safety' (class=org.apache.hadoop.http.HttpServer2$QuotingInputFilter)
2019-09-06 18:21:02,599 [main] INFO  http.HttpServer2 (HttpServer2.java:addFilter(948)) - Added filter static_user_filter (class=org.apache.hadoop.http.lib.StaticUserWebFilter$StaticUserFilter) to context ozoneManager
2019-09-06 18:21:02,599 [main] INFO  http.HttpServer2 (HttpServer2.java:addFilter(958)) - Added filter static_user_filter (class=org.apache.hadoop.http.lib.StaticUserWebFilter$StaticUserFilter) to context static
2019-09-06 18:21:02,599 [main] INFO  http.HttpServer2 (HttpServer2.java:addFilter(958)) - Added filter static_user_filter (class=org.apache.hadoop.http.lib.StaticUserWebFilter$StaticUserFilter) to context logs
2019-09-06 18:21:02,600 [main] INFO  http.HttpServer2 (HttpServer2.java:bindListener(1191)) - Jetty bound to port 35017
2019-09-06 18:21:02,600 [main] INFO  server.Server (Server.java:doStart(351)) - jetty-9.3.24.v20180605, build timestamp: 2018-06-05T17:11:56Z, git hash: 84205aa28f11a4f31f2a3b86d1bba2cc8ab69827
2019-09-06 18:21:02,602 [main] INFO  handler.ContextHandler (ContextHandler.java:doStart(781)) - Started o.e.j.s.ServletContextHandler@515ab3f2{/logs,file:///workdir/hadoop-ozone/integration-test/target/log,AVAILABLE}
2019-09-06 18:21:02,603 [main] INFO  handler.ContextHandler (ContextHandler.java:doStart(781)) - Started o.e.j.s.ServletContextHandler@7e7740a5{/static,file:///workdir/hadoop-ozone/integration-test/target/test-classes/webapps/static,AVAILABLE}
2019-09-06 18:21:02,609 [main] INFO  handler.ContextHandler (ContextHandler.java:doStart(781)) - Started o.e.j.w.WebAppContext@34136bd1{/,file:///workdir/hadoop-ozone/integration-test/target/test-classes/webapps/ozoneManager/,AVAILABLE}{/ozoneManager}
2019-09-06 18:21:02,610 [main] INFO  server.AbstractConnector (AbstractConnector.java:doStart(278)) - Started ServerConnector@6de7778f{HTTP/1.1,[http/1.1]}{0.0.0.0:35017}
2019-09-06 18:21:02,611 [main] INFO  server.Server (Server.java:doStart(419)) - Started @597974ms
2019-09-06 18:21:02,611 [main] WARN  impl.MetricsSystemImpl (MetricsSystemImpl.java:register(276)) - Sink prometheus already exists!
2019-09-06 18:21:02,613 [main] INFO  server.BaseHttpServer (BaseHttpServer.java:updateConnectorAddress(215)) - HTTP server of OZONEMANAGER is listening at http://0.0.0.0:35017
2019-09-06 18:21:02,634 [main] INFO  impl.MetricsSystemImpl (MetricsSystemImpl.java:init(158)) - HddsDatanode metrics system started (again)
2019-09-06 18:21:02,637 [main] INFO  ozone.HddsDatanodeService (HddsDatanodeService.java:start(184)) - HddsDatanodeService host:pr-hdds-2087-fz2qp-2282948163 ip:192.168.69.114
2019-09-06 18:21:02,643 [main] INFO  volume.HddsVolume (HddsVolume.java:<init>(176)) - Creating Volume: /workdir/hadoop-ozone/integration-test/target/test-dir/MiniOzoneClusterImpl-df485bfa-7c5b-4a27-b9f2-b5a858908c51/datanode-0/data/containers/hdds of  storage type : DISK and capacity : 1482555576320
2019-09-06 18:21:02,644 [main] INFO  volume.VolumeSet (VolumeSet.java:initializeVolumeSet(170)) - Added Volume : /workdir/hadoop-ozone/integration-test/target/test-dir/MiniOzoneClusterImpl-df485bfa-7c5b-4a27-b9f2-b5a858908c51/datanode-0/data/containers/hdds to VolumeSet
2019-09-06 18:21:02,644 [main] INFO  volume.ThrottledAsyncChecker (ThrottledAsyncChecker.java:schedule(140)) - Scheduling a check for org.apache.hadoop.ozone.container.common.volume.HddsVolume@2313db84
2019-09-06 18:21:02,645 [main] INFO  volume.HddsVolumeChecker (HddsVolumeChecker.java:checkAllVolumes(203)) - Scheduled health check for volume org.apache.hadoop.ozone.container.common.volume.HddsVolume@2313db84
2019-09-06 18:21:02,661 [main] INFO  impl.RaftServerProxy (ConfUtils.java:logGet(43)) - raft.rpc.type = GRPC (default)
2019-09-06 18:21:02,661 [main] INFO  grpc.GrpcFactory (GrpcFactory.java:checkPooledByteBufAllocatorUseCacheForAllThreads(45)) - PERFORMANCE WARNING: useCacheForAllThreads is true that may cause Netty to create a lot garbage objects and, as a result, trigger GC.
	It is recommended to disable useCacheForAllThreads by setting -Dorg.apache.ratis.thirdparty.io.netty.allocator.useCacheForAllThreads=false in command line.
2019-09-06 18:21:02,661 [main] INFO  grpc.GrpcConfigKeys$Server (ConfUtils.java:logGet(43)) - raft.grpc.server.port = 0 (default)
2019-09-06 18:21:02,661 [main] INFO  server.GrpcService (ConfUtils.java:logGet(43)) - raft.grpc.message.size.max = 33570816 (custom)
2019-09-06 18:21:02,662 [main] INFO  server.RaftServerConfigKeys (ConfUtils.java:logGet(43)) - raft.server.log.appender.buffer.byte-limit = 33554432 (custom)
2019-09-06 18:21:02,662 [main] INFO  server.GrpcService (ConfUtils.java:logGet(43)) - raft.grpc.flow.control.window = 1MB (=1048576) (default)
2019-09-06 18:21:02,662 [main] INFO  server.RaftServerConfigKeys (ConfUtils.java:logGet(43)) - raft.server.rpc.request.timeout = 3000ms (default)
2019-09-06 18:21:02,663 [main] INFO  server.RaftServerConfigKeys (ConfUtils.java:logGet(43)) - raft.server.storage.dir = [/workdir/hadoop-ozone/integration-test/target/test-dir/MiniOzoneClusterImpl-df485bfa-7c5b-4a27-b9f2-b5a858908c51/datanode-0/data/ratis] (custom)
2019-09-06 18:21:02,664 [main] INFO  hdfs.DFSUtil (DFSUtil.java:httpServerTemplateForNNAndJN(1641)) - Starting Web-server for hddsDatanode at: http://0.0.0.0:0
2019-09-06 18:21:02,665 [main] INFO  server.AuthenticationFilter (AuthenticationFilter.java:constructSecretProvider(240)) - Unable to initialize FileSignerSecretProvider, falling back to use random secrets.
2019-09-06 18:21:02,666 [main] WARN  http.HttpRequestLog (HttpRequestLog.java:getRequestLog(97)) - Jetty request log can only be enabled using Log4j
2019-09-06 18:21:02,667 [main] INFO  http.HttpServer2 (HttpServer2.java:addGlobalFilter(975)) - Added global filter 'safety' (class=org.apache.hadoop.http.HttpServer2$QuotingInputFilter)
2019-09-06 18:21:02,668 [main] INFO  http.HttpServer2 (HttpServer2.java:addFilter(948)) - Added filter static_user_filter (class=org.apache.hadoop.http.lib.StaticUserWebFilter$StaticUserFilter) to context hddsDatanode
2019-09-06 18:21:02,668 [main] INFO  http.HttpServer2 (HttpServer2.java:addFilter(958)) - Added filter static_user_filter (class=org.apache.hadoop.http.lib.StaticUserWebFilter$StaticUserFilter) to context logs
2019-09-06 18:21:02,668 [main] INFO  http.HttpServer2 (HttpServer2.java:addFilter(958)) - Added filter static_user_filter (class=org.apache.hadoop.http.lib.StaticUserWebFilter$StaticUserFilter) to context static
2019-09-06 18:21:02,669 [main] INFO  http.HttpServer2 (HttpServer2.java:bindListener(1191)) - Jetty bound to port 44528
2019-09-06 18:21:02,669 [main] INFO  server.Server (Server.java:doStart(351)) - jetty-9.3.24.v20180605, build timestamp: 2018-06-05T17:11:56Z, git hash: 84205aa28f11a4f31f2a3b86d1bba2cc8ab69827
2019-09-06 18:21:02,671 [main] INFO  handler.ContextHandler (ContextHandler.java:doStart(781)) - Started o.e.j.s.ServletContextHandler@252ec02e{/logs,file:///workdir/hadoop-ozone/integration-test/target/log,AVAILABLE}
2019-09-06 18:21:02,671 [main] INFO  handler.ContextHandler (ContextHandler.java:doStart(781)) - Started o.e.j.s.ServletContextHandler@74f280bd{/static,jar:file:/home/user/.m2/repository/org/apache/hadoop/hadoop-hdds-container-service/0.5.0-SNAPSHOT/hadoop-hdds-container-service-0.5.0-SNAPSHOT.jar!/webapps/static,AVAILABLE}
2019-09-06 18:21:02,707 [main] INFO  handler.ContextHandler (ContextHandler.java:doStart(781)) - Started o.e.j.w.WebAppContext@2c9306d3{/,file:///tmp/jetty-0.0.0.0-44528-hddsDatanode-_-any-5543392556606572811.dir/webapp/,AVAILABLE}{/hddsDatanode}
2019-09-06 18:21:02,708 [main] INFO  server.AbstractConnector (AbstractConnector.java:doStart(278)) - Started ServerConnector@4270b142{HTTP/1.1,[http/1.1]}{0.0.0.0:44528}
2019-09-06 18:21:02,710 [main] INFO  server.Server (Server.java:doStart(419)) - Started @598073ms
2019-09-06 18:21:02,710 [main] WARN  impl.MetricsSystemImpl (MetricsSystemImpl.java:register(276)) - Sink prometheus already exists!
2019-09-06 18:21:02,711 [main] INFO  server.BaseHttpServer (BaseHttpServer.java:updateConnectorAddress(215)) - HTTP server of HDDSDATANODE is listening at http://0.0.0.0:44528
2019-09-06 18:21:02,712 [main] INFO  impl.MetricsSystemImpl (MetricsSystemImpl.java:init(158)) - HddsDatanode metrics system started (again)
2019-09-06 18:21:02,715 [main] INFO  ozone.HddsDatanodeService (HddsDatanodeService.java:start(184)) - HddsDatanodeService host:pr-hdds-2087-fz2qp-2282948163 ip:192.168.69.114
2019-09-06 18:21:02,715 [org.apache.hadoop.util.JvmPauseMonitor$Monitor@48c88efd] INFO  util.JvmPauseMonitor (JvmPauseMonitor.java:run(188)) - Starting JVM pause monitor
2019-09-06 18:21:02,717 [Datanode State Machine Thread - 0] INFO  datanode.InitDatanodeState (InitDatanodeState.java:persistContainerDatanodeDetails(140)) - DatanodeDetails is persisted to /workdir/hadoop-ozone/integration-test/target/test-dir/MiniOzoneClusterImpl-df485bfa-7c5b-4a27-b9f2-b5a858908c51/datanode-0/meta/datanode.id
2019-09-06 18:21:02,721 [main] INFO  volume.HddsVolume (HddsVolume.java:<init>(176)) - Creating Volume: /workdir/hadoop-ozone/integration-test/target/test-dir/MiniOzoneClusterImpl-df485bfa-7c5b-4a27-b9f2-b5a858908c51/datanode-1/data/containers/hdds of  storage type : DISK and capacity : 1482555576320
2019-09-06 18:21:02,722 [main] INFO  volume.VolumeSet (VolumeSet.java:initializeVolumeSet(170)) - Added Volume : /workdir/hadoop-ozone/integration-test/target/test-dir/MiniOzoneClusterImpl-df485bfa-7c5b-4a27-b9f2-b5a858908c51/datanode-1/data/containers/hdds to VolumeSet
2019-09-06 18:21:02,722 [main] INFO  volume.ThrottledAsyncChecker (ThrottledAsyncChecker.java:schedule(140)) - Scheduling a check for org.apache.hadoop.ozone.container.common.volume.HddsVolume@6b0f266e
2019-09-06 18:21:02,722 [main] INFO  volume.HddsVolumeChecker (HddsVolumeChecker.java:checkAllVolumes(203)) - Scheduled health check for volume org.apache.hadoop.ozone.container.common.volume.HddsVolume@6b0f266e
2019-09-06 18:21:02,735 [main] INFO  impl.RaftServerProxy (ConfUtils.java:logGet(43)) - raft.rpc.type = GRPC (default)
2019-09-06 18:21:02,736 [main] INFO  grpc.GrpcFactory (GrpcFactory.java:checkPooledByteBufAllocatorUseCacheForAllThreads(45)) - PERFORMANCE WARNING: useCacheForAllThreads is true that may cause Netty to create a lot garbage objects and, as a result, trigger GC.
	It is recommended to disable useCacheForAllThreads by setting -Dorg.apache.ratis.thirdparty.io.netty.allocator.useCacheForAllThreads=false in command line.
2019-09-06 18:21:02,736 [main] INFO  grpc.GrpcConfigKeys$Server (ConfUtils.java:logGet(43)) - raft.grpc.server.port = 0 (default)
2019-09-06 18:21:02,736 [main] INFO  server.GrpcService (ConfUtils.java:logGet(43)) - raft.grpc.message.size.max = 33570816 (custom)
2019-09-06 18:21:02,736 [main] INFO  server.RaftServerConfigKeys (ConfUtils.java:logGet(43)) - raft.server.log.appender.buffer.byte-limit = 33554432 (custom)
2019-09-06 18:21:02,736 [main] INFO  server.GrpcService (ConfUtils.java:logGet(43)) - raft.grpc.flow.control.window = 1MB (=1048576) (default)
2019-09-06 18:21:02,736 [main] INFO  server.RaftServerConfigKeys (ConfUtils.java:logGet(43)) - raft.server.rpc.request.timeout = 3000ms (default)
2019-09-06 18:21:02,737 [main] INFO  server.RaftServerConfigKeys (ConfUtils.java:logGet(43)) - raft.server.storage.dir = [/workdir/hadoop-ozone/integration-test/target/test-dir/MiniOzoneClusterImpl-df485bfa-7c5b-4a27-b9f2-b5a858908c51/datanode-1/data/ratis] (custom)
2019-09-06 18:21:02,738 [main] INFO  hdfs.DFSUtil (DFSUtil.java:httpServerTemplateForNNAndJN(1641)) - Starting Web-server for hddsDatanode at: http://0.0.0.0:0
2019-09-06 18:21:02,739 [main] INFO  server.AuthenticationFilter (AuthenticationFilter.java:constructSecretProvider(240)) - Unable to initialize FileSignerSecretProvider, falling back to use random secrets.
2019-09-06 18:21:02,740 [main] WARN  http.HttpRequestLog (HttpRequestLog.java:getRequestLog(97)) - Jetty request log can only be enabled using Log4j
2019-09-06 18:21:02,741 [main] INFO  http.HttpServer2 (HttpServer2.java:addGlobalFilter(975)) - Added global filter 'safety' (class=org.apache.hadoop.http.HttpServer2$QuotingInputFilter)
2019-09-06 18:21:02,741 [main] INFO  http.HttpServer2 (HttpServer2.java:addFilter(948)) - Added filter static_user_filter (class=org.apache.hadoop.http.lib.StaticUserWebFilter$StaticUserFilter) to context hddsDatanode
2019-09-06 18:21:02,742 [main] INFO  http.HttpServer2 (HttpServer2.java:addFilter(958)) - Added filter static_user_filter (class=org.apache.hadoop.http.lib.StaticUserWebFilter$StaticUserFilter) to context static
2019-09-06 18:21:02,742 [main] INFO  http.HttpServer2 (HttpServer2.java:addFilter(958)) - Added filter static_user_filter (class=org.apache.hadoop.http.lib.StaticUserWebFilter$StaticUserFilter) to context logs
2019-09-06 18:21:02,742 [main] INFO  http.HttpServer2 (HttpServer2.java:bindListener(1191)) - Jetty bound to port 33455
2019-09-06 18:21:02,742 [main] INFO  server.Server (Server.java:doStart(351)) - jetty-9.3.24.v20180605, build timestamp: 2018-06-05T17:11:56Z, git hash: 84205aa28f11a4f31f2a3b86d1bba2cc8ab69827
2019-09-06 18:21:02,744 [main] INFO  handler.ContextHandler (ContextHandler.java:doStart(781)) - Started o.e.j.s.ServletContextHandler@476fde05{/logs,file:///workdir/hadoop-ozone/integration-test/target/log,AVAILABLE}
2019-09-06 18:21:02,744 [main] INFO  handler.ContextHandler (ContextHandler.java:doStart(781)) - Started o.e.j.s.ServletContextHandler@7ac48e10{/static,jar:file:/home/user/.m2/repository/org/apache/hadoop/hadoop-hdds-container-service/0.5.0-SNAPSHOT/hadoop-hdds-container-service-0.5.0-SNAPSHOT.jar!/webapps/static,AVAILABLE}
2019-09-06 18:21:02,771 [main] INFO  handler.ContextHandler (ContextHandler.java:doStart(781)) - Started o.e.j.w.WebAppContext@787988f4{/,file:///tmp/jetty-0.0.0.0-33455-hddsDatanode-_-any-3997711740454754488.dir/webapp/,AVAILABLE}{/hddsDatanode}
2019-09-06 18:21:02,772 [main] INFO  server.AbstractConnector (AbstractConnector.java:doStart(278)) - Started ServerConnector@132e3594{HTTP/1.1,[http/1.1]}{0.0.0.0:33455}
2019-09-06 18:21:02,772 [main] INFO  server.Server (Server.java:doStart(419)) - Started @598135ms
2019-09-06 18:21:02,773 [main] WARN  impl.MetricsSystemImpl (MetricsSystemImpl.java:register(276)) - Sink prometheus already exists!
2019-09-06 18:21:02,774 [main] INFO  server.BaseHttpServer (BaseHttpServer.java:updateConnectorAddress(215)) - HTTP server of HDDSDATANODE is listening at http://0.0.0.0:33455
2019-09-06 18:21:02,774 [main] INFO  impl.MetricsSystemImpl (MetricsSystemImpl.java:init(158)) - HddsDatanode metrics system started (again)
2019-09-06 18:21:02,777 [main] INFO  ozone.HddsDatanodeService (HddsDatanodeService.java:start(184)) - HddsDatanodeService host:pr-hdds-2087-fz2qp-2282948163 ip:192.168.69.114
2019-09-06 18:21:02,777 [org.apache.hadoop.util.JvmPauseMonitor$Monitor@51b8b4dc] INFO  util.JvmPauseMonitor (JvmPauseMonitor.java:run(188)) - Starting JVM pause monitor
2019-09-06 18:21:02,779 [Datanode State Machine Thread - 0] INFO  datanode.InitDatanodeState (InitDatanodeState.java:persistContainerDatanodeDetails(140)) - DatanodeDetails is persisted to /workdir/hadoop-ozone/integration-test/target/test-dir/MiniOzoneClusterImpl-df485bfa-7c5b-4a27-b9f2-b5a858908c51/datanode-1/meta/datanode.id
2019-09-06 18:21:02,783 [main] INFO  volume.HddsVolume (HddsVolume.java:<init>(176)) - Creating Volume: /workdir/hadoop-ozone/integration-test/target/test-dir/MiniOzoneClusterImpl-df485bfa-7c5b-4a27-b9f2-b5a858908c51/datanode-2/data/containers/hdds of  storage type : DISK and capacity : 1482555576320
2019-09-06 18:21:02,784 [main] INFO  volume.VolumeSet (VolumeSet.java:initializeVolumeSet(170)) - Added Volume : /workdir/hadoop-ozone/integration-test/target/test-dir/MiniOzoneClusterImpl-df485bfa-7c5b-4a27-b9f2-b5a858908c51/datanode-2/data/containers/hdds to VolumeSet
2019-09-06 18:21:02,784 [main] INFO  volume.ThrottledAsyncChecker (ThrottledAsyncChecker.java:schedule(140)) - Scheduling a check for org.apache.hadoop.ozone.container.common.volume.HddsVolume@1332dec4
2019-09-06 18:21:02,784 [main] INFO  volume.HddsVolumeChecker (HddsVolumeChecker.java:checkAllVolumes(203)) - Scheduled health check for volume org.apache.hadoop.ozone.container.common.volume.HddsVolume@1332dec4
2019-09-06 18:21:02,796 [main] INFO  impl.RaftServerProxy (ConfUtils.java:logGet(43)) - raft.rpc.type = GRPC (default)
2019-09-06 18:21:02,797 [main] INFO  grpc.GrpcFactory (GrpcFactory.java:checkPooledByteBufAllocatorUseCacheForAllThreads(45)) - PERFORMANCE WARNING: useCacheForAllThreads is true that may cause Netty to create a lot garbage objects and, as a result, trigger GC.
	It is recommended to disable useCacheForAllThreads by setting -Dorg.apache.ratis.thirdparty.io.netty.allocator.useCacheForAllThreads=false in command line.
2019-09-06 18:21:02,797 [main] INFO  grpc.GrpcConfigKeys$Server (ConfUtils.java:logGet(43)) - raft.grpc.server.port = 0 (default)
2019-09-06 18:21:02,797 [main] INFO  server.GrpcService (ConfUtils.java:logGet(43)) - raft.grpc.message.size.max = 33570816 (custom)
2019-09-06 18:21:02,797 [main] INFO  server.RaftServerConfigKeys (ConfUtils.java:logGet(43)) - raft.server.log.appender.buffer.byte-limit = 33554432 (custom)
2019-09-06 18:21:02,797 [main] INFO  server.GrpcService (ConfUtils.java:logGet(43)) - raft.grpc.flow.control.window = 1MB (=1048576) (default)
2019-09-06 18:21:02,797 [main] INFO  server.RaftServerConfigKeys (ConfUtils.java:logGet(43)) - raft.server.rpc.request.timeout = 3000ms (default)
2019-09-06 18:21:02,798 [main] INFO  server.RaftServerConfigKeys (ConfUtils.java:logGet(43)) - raft.server.storage.dir = [/workdir/hadoop-ozone/integration-test/target/test-dir/MiniOzoneClusterImpl-df485bfa-7c5b-4a27-b9f2-b5a858908c51/datanode-2/data/ratis] (custom)
2019-09-06 18:21:02,799 [main] INFO  hdfs.DFSUtil (DFSUtil.java:httpServerTemplateForNNAndJN(1641)) - Starting Web-server for hddsDatanode at: http://0.0.0.0:0
2019-09-06 18:21:02,800 [main] INFO  server.AuthenticationFilter (AuthenticationFilter.java:constructSecretProvider(240)) - Unable to initialize FileSignerSecretProvider, falling back to use random secrets.
2019-09-06 18:21:02,801 [main] WARN  http.HttpRequestLog (HttpRequestLog.java:getRequestLog(97)) - Jetty request log can only be enabled using Log4j
2019-09-06 18:21:02,802 [main] INFO  http.HttpServer2 (HttpServer2.java:addGlobalFilter(975)) - Added global filter 'safety' (class=org.apache.hadoop.http.HttpServer2$QuotingInputFilter)
2019-09-06 18:21:02,803 [main] INFO  http.HttpServer2 (HttpServer2.java:addFilter(948)) - Added filter static_user_filter (class=org.apache.hadoop.http.lib.StaticUserWebFilter$StaticUserFilter) to context hddsDatanode
2019-09-06 18:21:02,803 [main] INFO  http.HttpServer2 (HttpServer2.java:addFilter(958)) - Added filter static_user_filter (class=org.apache.hadoop.http.lib.StaticUserWebFilter$StaticUserFilter) to context static
2019-09-06 18:21:02,803 [main] INFO  http.HttpServer2 (HttpServer2.java:addFilter(958)) - Added filter static_user_filter (class=org.apache.hadoop.http.lib.StaticUserWebFilter$StaticUserFilter) to context logs
2019-09-06 18:21:02,804 [main] INFO  http.HttpServer2 (HttpServer2.java:bindListener(1191)) - Jetty bound to port 43202
2019-09-06 18:21:02,804 [main] INFO  server.Server (Server.java:doStart(351)) - jetty-9.3.24.v20180605, build timestamp: 2018-06-05T17:11:56Z, git hash: 84205aa28f11a4f31f2a3b86d1bba2cc8ab69827
2019-09-06 18:21:02,805 [main] INFO  handler.ContextHandler (ContextHandler.java:doStart(781)) - Started o.e.j.s.ServletContextHandler@36c07c75{/logs,file:///workdir/hadoop-ozone/integration-test/target/log,AVAILABLE}
2019-09-06 18:21:02,806 [main] INFO  handler.ContextHandler (ContextHandler.java:doStart(781)) - Started o.e.j.s.ServletContextHandler@5d850a25{/static,jar:file:/home/user/.m2/repository/org/apache/hadoop/hadoop-hdds-container-service/0.5.0-SNAPSHOT/hadoop-hdds-container-service-0.5.0-SNAPSHOT.jar!/webapps/static,AVAILABLE}
2019-09-06 18:21:02,833 [main] INFO  handler.ContextHandler (ContextHandler.java:doStart(781)) - Started o.e.j.w.WebAppContext@73e4387{/,file:///tmp/jetty-0.0.0.0-43202-hddsDatanode-_-any-5668598749740585358.dir/webapp/,AVAILABLE}{/hddsDatanode}
2019-09-06 18:21:02,833 [main] INFO  server.AbstractConnector (AbstractConnector.java:doStart(278)) - Started ServerConnector@d87d449{HTTP/1.1,[http/1.1]}{0.0.0.0:43202}
2019-09-06 18:21:02,833 [main] INFO  server.Server (Server.java:doStart(419)) - Started @598196ms
2019-09-06 18:21:02,835 [main] WARN  impl.MetricsSystemImpl (MetricsSystemImpl.java:register(276)) - Sink prometheus already exists!
2019-09-06 18:21:02,836 [main] INFO  server.BaseHttpServer (BaseHttpServer.java:updateConnectorAddress(215)) - HTTP server of HDDSDATANODE is listening at http://0.0.0.0:43202
2019-09-06 18:21:02,836 [main] INFO  impl.MetricsSystemImpl (MetricsSystemImpl.java:init(158)) - HddsDatanode metrics system started (again)
2019-09-06 18:21:02,839 [org.apache.hadoop.util.JvmPauseMonitor$Monitor@19fb072a] INFO  util.JvmPauseMonitor (JvmPauseMonitor.java:run(188)) - Starting JVM pause monitor
2019-09-06 18:21:02,839 [main] INFO  ozone.HddsDatanodeService (HddsDatanodeService.java:start(184)) - HddsDatanodeService host:pr-hdds-2087-fz2qp-2282948163 ip:192.168.69.114
2019-09-06 18:21:02,841 [Datanode State Machine Thread - 0] INFO  datanode.InitDatanodeState (InitDatanodeState.java:persistContainerDatanodeDetails(140)) - DatanodeDetails is persisted to /workdir/hadoop-ozone/integration-test/target/test-dir/MiniOzoneClusterImpl-df485bfa-7c5b-4a27-b9f2-b5a858908c51/datanode-2/meta/datanode.id
2019-09-06 18:21:02,845 [main] INFO  volume.HddsVolume (HddsVolume.java:<init>(176)) - Creating Volume: /workdir/hadoop-ozone/integration-test/target/test-dir/MiniOzoneClusterImpl-df485bfa-7c5b-4a27-b9f2-b5a858908c51/datanode-3/data/containers/hdds of  storage type : DISK and capacity : 1482555576320
2019-09-06 18:21:02,845 [main] INFO  volume.VolumeSet (VolumeSet.java:initializeVolumeSet(170)) - Added Volume : /workdir/hadoop-ozone/integration-test/target/test-dir/MiniOzoneClusterImpl-df485bfa-7c5b-4a27-b9f2-b5a858908c51/datanode-3/data/containers/hdds to VolumeSet
2019-09-06 18:21:02,846 [main] INFO  volume.ThrottledAsyncChecker (ThrottledAsyncChecker.java:schedule(140)) - Scheduling a check for org.apache.hadoop.ozone.container.common.volume.HddsVolume@216c22ce
2019-09-06 18:21:02,846 [main] INFO  volume.HddsVolumeChecker (HddsVolumeChecker.java:checkAllVolumes(203)) - Scheduled health check for volume org.apache.hadoop.ozone.container.common.volume.HddsVolume@216c22ce
2019-09-06 18:21:02,859 [main] INFO  impl.RaftServerProxy (ConfUtils.java:logGet(43)) - raft.rpc.type = GRPC (default)
2019-09-06 18:21:02,859 [main] INFO  grpc.GrpcFactory (GrpcFactory.java:checkPooledByteBufAllocatorUseCacheForAllThreads(45)) - PERFORMANCE WARNING: useCacheForAllThreads is true that may cause Netty to create a lot garbage objects and, as a result, trigger GC.
	It is recommended to disable useCacheForAllThreads by setting -Dorg.apache.ratis.thirdparty.io.netty.allocator.useCacheForAllThreads=false in command line.
2019-09-06 18:21:02,859 [main] INFO  grpc.GrpcConfigKeys$Server (ConfUtils.java:logGet(43)) - raft.grpc.server.port = 0 (default)
2019-09-06 18:21:02,859 [main] INFO  server.GrpcService (ConfUtils.java:logGet(43)) - raft.grpc.message.size.max = 33570816 (custom)
2019-09-06 18:21:02,859 [main] INFO  server.RaftServerConfigKeys (ConfUtils.java:logGet(43)) - raft.server.log.appender.buffer.byte-limit = 33554432 (custom)
2019-09-06 18:21:02,860 [main] INFO  server.GrpcService (ConfUtils.java:logGet(43)) - raft.grpc.flow.control.window = 1MB (=1048576) (default)
2019-09-06 18:21:02,860 [main] INFO  server.RaftServerConfigKeys (ConfUtils.java:logGet(43)) - raft.server.rpc.request.timeout = 3000ms (default)
2019-09-06 18:21:02,860 [main] INFO  server.RaftServerConfigKeys (ConfUtils.java:logGet(43)) - raft.server.storage.dir = [/workdir/hadoop-ozone/integration-test/target/test-dir/MiniOzoneClusterImpl-df485bfa-7c5b-4a27-b9f2-b5a858908c51/datanode-3/data/ratis] (custom)
2019-09-06 18:21:02,861 [main] INFO  hdfs.DFSUtil (DFSUtil.java:httpServerTemplateForNNAndJN(1641)) - Starting Web-server for hddsDatanode at: http://0.0.0.0:0
2019-09-06 18:21:02,863 [main] INFO  server.AuthenticationFilter (AuthenticationFilter.java:constructSecretProvider(240)) - Unable to initialize FileSignerSecretProvider, falling back to use random secrets.
2019-09-06 18:21:02,863 [main] WARN  http.HttpRequestLog (HttpRequestLog.java:getRequestLog(97)) - Jetty request log can only be enabled using Log4j
2019-09-06 18:21:02,864 [main] INFO  http.HttpServer2 (HttpServer2.java:addGlobalFilter(975)) - Added global filter 'safety' (class=org.apache.hadoop.http.HttpServer2$QuotingInputFilter)
2019-09-06 18:21:02,864 [main] INFO  http.HttpServer2 (HttpServer2.java:addFilter(948)) - Added filter static_user_filter (class=org.apache.hadoop.http.lib.StaticUserWebFilter$StaticUserFilter) to context hddsDatanode
2019-09-06 18:21:02,865 [main] INFO  http.HttpServer2 (HttpServer2.java:addFilter(958)) - Added filter static_user_filter (class=org.apache.hadoop.http.lib.StaticUserWebFilter$StaticUserFilter) to context logs
2019-09-06 18:21:02,865 [main] INFO  http.HttpServer2 (HttpServer2.java:addFilter(958)) - Added filter static_user_filter (class=org.apache.hadoop.http.lib.StaticUserWebFilter$StaticUserFilter) to context static
2019-09-06 18:21:02,865 [main] INFO  http.HttpServer2 (HttpServer2.java:bindListener(1191)) - Jetty bound to port 38280
2019-09-06 18:21:02,866 [main] INFO  server.Server (Server.java:doStart(351)) - jetty-9.3.24.v20180605, build timestamp: 2018-06-05T17:11:56Z, git hash: 84205aa28f11a4f31f2a3b86d1bba2cc8ab69827
2019-09-06 18:21:02,867 [main] INFO  handler.ContextHandler (ContextHandler.java:doStart(781)) - Started o.e.j.s.ServletContextHandler@52ecc989{/logs,file:///workdir/hadoop-ozone/integration-test/target/log,AVAILABLE}
2019-09-06 18:21:02,867 [main] INFO  handler.ContextHandler (ContextHandler.java:doStart(781)) - Started o.e.j.s.ServletContextHandler@52f8a6f4{/static,jar:file:/home/user/.m2/repository/org/apache/hadoop/hadoop-hdds-container-service/0.5.0-SNAPSHOT/hadoop-hdds-container-service-0.5.0-SNAPSHOT.jar!/webapps/static,AVAILABLE}
2019-09-06 18:21:02,903 [main] INFO  handler.ContextHandler (ContextHandler.java:doStart(781)) - Started o.e.j.w.WebAppContext@696fad31{/,file:///tmp/jetty-0.0.0.0-38280-hddsDatanode-_-any-4950201264378285815.dir/webapp/,AVAILABLE}{/hddsDatanode}
2019-09-06 18:21:02,903 [main] INFO  server.AbstractConnector (AbstractConnector.java:doStart(278)) - Started ServerConnector@2c06b113{HTTP/1.1,[http/1.1]}{0.0.0.0:38280}
2019-09-06 18:21:02,905 [main] INFO  server.Server (Server.java:doStart(419)) - Started @598267ms
2019-09-06 18:21:02,905 [main] WARN  impl.MetricsSystemImpl (MetricsSystemImpl.java:register(276)) - Sink prometheus already exists!
2019-09-06 18:21:02,906 [main] INFO  server.BaseHttpServer (BaseHttpServer.java:updateConnectorAddress(215)) - HTTP server of HDDSDATANODE is listening at http://0.0.0.0:38280
2019-09-06 18:21:02,906 [main] INFO  impl.MetricsSystemImpl (MetricsSystemImpl.java:init(158)) - HddsDatanode metrics system started (again)
2019-09-06 18:21:02,910 [org.apache.hadoop.util.JvmPauseMonitor$Monitor@1495ba1] INFO  util.JvmPauseMonitor (JvmPauseMonitor.java:run(188)) - Starting JVM pause monitor
2019-09-06 18:21:02,910 [main] INFO  ozone.HddsDatanodeService (HddsDatanodeService.java:start(184)) - HddsDatanodeService host:pr-hdds-2087-fz2qp-2282948163 ip:192.168.69.114
2019-09-06 18:21:02,911 [Datanode State Machine Thread - 0] INFO  datanode.InitDatanodeState (InitDatanodeState.java:persistContainerDatanodeDetails(140)) - DatanodeDetails is persisted to /workdir/hadoop-ozone/integration-test/target/test-dir/MiniOzoneClusterImpl-df485bfa-7c5b-4a27-b9f2-b5a858908c51/datanode-3/meta/datanode.id
2019-09-06 18:21:02,916 [main] INFO  volume.HddsVolume (HddsVolume.java:<init>(176)) - Creating Volume: /workdir/hadoop-ozone/integration-test/target/test-dir/MiniOzoneClusterImpl-df485bfa-7c5b-4a27-b9f2-b5a858908c51/datanode-4/data/containers/hdds of  storage type : DISK and capacity : 1482555576320
2019-09-06 18:21:02,916 [main] INFO  volume.VolumeSet (VolumeSet.java:initializeVolumeSet(170)) - Added Volume : /workdir/hadoop-ozone/integration-test/target/test-dir/MiniOzoneClusterImpl-df485bfa-7c5b-4a27-b9f2-b5a858908c51/datanode-4/data/containers/hdds to VolumeSet
2019-09-06 18:21:02,917 [main] INFO  volume.ThrottledAsyncChecker (ThrottledAsyncChecker.java:schedule(140)) - Scheduling a check for org.apache.hadoop.ozone.container.common.volume.HddsVolume@68e2d03e
2019-09-06 18:21:02,917 [main] INFO  volume.HddsVolumeChecker (HddsVolumeChecker.java:checkAllVolumes(203)) - Scheduled health check for volume org.apache.hadoop.ozone.container.common.volume.HddsVolume@68e2d03e
2019-09-06 18:21:02,929 [main] INFO  impl.RaftServerProxy (ConfUtils.java:logGet(43)) - raft.rpc.type = GRPC (default)
2019-09-06 18:21:02,929 [main] INFO  grpc.GrpcFactory (GrpcFactory.java:checkPooledByteBufAllocatorUseCacheForAllThreads(45)) - PERFORMANCE WARNING: useCacheForAllThreads is true that may cause Netty to create a lot garbage objects and, as a result, trigger GC.
	It is recommended to disable useCacheForAllThreads by setting -Dorg.apache.ratis.thirdparty.io.netty.allocator.useCacheForAllThreads=false in command line.
2019-09-06 18:21:02,930 [main] INFO  grpc.GrpcConfigKeys$Server (ConfUtils.java:logGet(43)) - raft.grpc.server.port = 0 (default)
2019-09-06 18:21:02,930 [main] INFO  server.GrpcService (ConfUtils.java:logGet(43)) - raft.grpc.message.size.max = 33570816 (custom)
2019-09-06 18:21:02,930 [main] INFO  server.RaftServerConfigKeys (ConfUtils.java:logGet(43)) - raft.server.log.appender.buffer.byte-limit = 33554432 (custom)
2019-09-06 18:21:02,930 [main] INFO  server.GrpcService (ConfUtils.java:logGet(43)) - raft.grpc.flow.control.window = 1MB (=1048576) (default)
2019-09-06 18:21:02,930 [main] INFO  server.RaftServerConfigKeys (ConfUtils.java:logGet(43)) - raft.server.rpc.request.timeout = 3000ms (default)
2019-09-06 18:21:02,931 [main] INFO  server.RaftServerConfigKeys (ConfUtils.java:logGet(43)) - raft.server.storage.dir = [/workdir/hadoop-ozone/integration-test/target/test-dir/MiniOzoneClusterImpl-df485bfa-7c5b-4a27-b9f2-b5a858908c51/datanode-4/data/ratis] (custom)
2019-09-06 18:21:02,932 [main] INFO  hdfs.DFSUtil (DFSUtil.java:httpServerTemplateForNNAndJN(1641)) - Starting Web-server for hddsDatanode at: http://0.0.0.0:0
2019-09-06 18:21:02,933 [main] INFO  server.AuthenticationFilter (AuthenticationFilter.java:constructSecretProvider(240)) - Unable to initialize FileSignerSecretProvider, falling back to use random secrets.
2019-09-06 18:21:02,934 [main] WARN  http.HttpRequestLog (HttpRequestLog.java:getRequestLog(97)) - Jetty request log can only be enabled using Log4j
2019-09-06 18:21:02,935 [main] INFO  http.HttpServer2 (HttpServer2.java:addGlobalFilter(975)) - Added global filter 'safety' (class=org.apache.hadoop.http.HttpServer2$QuotingInputFilter)
2019-09-06 18:21:02,936 [main] INFO  http.HttpServer2 (HttpServer2.java:addFilter(948)) - Added filter static_user_filter (class=org.apache.hadoop.http.lib.StaticUserWebFilter$StaticUserFilter) to context hddsDatanode
2019-09-06 18:21:02,936 [main] INFO  http.HttpServer2 (HttpServer2.java:addFilter(958)) - Added filter static_user_filter (class=org.apache.hadoop.http.lib.StaticUserWebFilter$StaticUserFilter) to context static
2019-09-06 18:21:02,936 [main] INFO  http.HttpServer2 (HttpServer2.java:addFilter(958)) - Added filter static_user_filter (class=org.apache.hadoop.http.lib.StaticUserWebFilter$StaticUserFilter) to context logs
2019-09-06 18:21:02,937 [main] INFO  http.HttpServer2 (HttpServer2.java:bindListener(1191)) - Jetty bound to port 40297
2019-09-06 18:21:02,937 [main] INFO  server.Server (Server.java:doStart(351)) - jetty-9.3.24.v20180605, build timestamp: 2018-06-05T17:11:56Z, git hash: 84205aa28f11a4f31f2a3b86d1bba2cc8ab69827
2019-09-06 18:21:02,938 [main] INFO  handler.ContextHandler (ContextHandler.java:doStart(781)) - Started o.e.j.s.ServletContextHandler@77083e41{/logs,file:///workdir/hadoop-ozone/integration-test/target/log,AVAILABLE}
2019-09-06 18:21:02,939 [main] INFO  handler.ContextHandler (ContextHandler.java:doStart(781)) - Started o.e.j.s.ServletContextHandler@2d130ac4{/static,jar:file:/home/user/.m2/repository/org/apache/hadoop/hadoop-hdds-container-service/0.5.0-SNAPSHOT/hadoop-hdds-container-service-0.5.0-SNAPSHOT.jar!/webapps/static,AVAILABLE}
2019-09-06 18:21:02,979 [main] INFO  handler.ContextHandler (ContextHandler.java:doStart(781)) - Started o.e.j.w.WebAppContext@2e952845{/,file:///tmp/jetty-0.0.0.0-40297-hddsDatanode-_-any-848853474512547248.dir/webapp/,AVAILABLE}{/hddsDatanode}
2019-09-06 18:21:02,980 [main] INFO  server.AbstractConnector (AbstractConnector.java:doStart(278)) - Started ServerConnector@79252c83{HTTP/1.1,[http/1.1]}{0.0.0.0:40297}
2019-09-06 18:21:02,980 [main] INFO  server.Server (Server.java:doStart(419)) - Started @598342ms
2019-09-06 18:21:02,981 [main] WARN  impl.MetricsSystemImpl (MetricsSystemImpl.java:register(276)) - Sink prometheus already exists!
2019-09-06 18:21:02,982 [main] INFO  server.BaseHttpServer (BaseHttpServer.java:updateConnectorAddress(215)) - HTTP server of HDDSDATANODE is listening at http://0.0.0.0:40297
2019-09-06 18:21:02,983 [main] INFO  impl.MetricsSystemImpl (MetricsSystemImpl.java:init(158)) - HddsDatanode metrics system started (again)
2019-09-06 18:21:02,986 [org.apache.hadoop.util.JvmPauseMonitor$Monitor@10d60d5a] INFO  util.JvmPauseMonitor (JvmPauseMonitor.java:run(188)) - Starting JVM pause monitor
2019-09-06 18:21:02,986 [main] INFO  ozone.HddsDatanodeService (HddsDatanodeService.java:start(184)) - HddsDatanodeService host:pr-hdds-2087-fz2qp-2282948163 ip:192.168.69.114
2019-09-06 18:21:02,987 [Datanode State Machine Thread - 0] INFO  datanode.InitDatanodeState (InitDatanodeState.java:persistContainerDatanodeDetails(140)) - DatanodeDetails is persisted to /workdir/hadoop-ozone/integration-test/target/test-dir/MiniOzoneClusterImpl-df485bfa-7c5b-4a27-b9f2-b5a858908c51/datanode-4/meta/datanode.id
2019-09-06 18:21:02,993 [main] INFO  volume.HddsVolume (HddsVolume.java:<init>(176)) - Creating Volume: /workdir/hadoop-ozone/integration-test/target/test-dir/MiniOzoneClusterImpl-df485bfa-7c5b-4a27-b9f2-b5a858908c51/datanode-5/data/containers/hdds of  storage type : DISK and capacity : 1482555576320
2019-09-06 18:21:02,993 [main] INFO  volume.VolumeSet (VolumeSet.java:initializeVolumeSet(170)) - Added Volume : /workdir/hadoop-ozone/integration-test/target/test-dir/MiniOzoneClusterImpl-df485bfa-7c5b-4a27-b9f2-b5a858908c51/datanode-5/data/containers/hdds to VolumeSet
2019-09-06 18:21:02,993 [main] INFO  volume.ThrottledAsyncChecker (ThrottledAsyncChecker.java:schedule(140)) - Scheduling a check for org.apache.hadoop.ozone.container.common.volume.HddsVolume@7781263c
2019-09-06 18:21:02,994 [main] INFO  volume.HddsVolumeChecker (HddsVolumeChecker.java:checkAllVolumes(203)) - Scheduled health check for volume org.apache.hadoop.ozone.container.common.volume.HddsVolume@7781263c
2019-09-06 18:21:03,009 [main] INFO  impl.RaftServerProxy (ConfUtils.java:logGet(43)) - raft.rpc.type = GRPC (default)
2019-09-06 18:21:03,009 [main] INFO  grpc.GrpcFactory (GrpcFactory.java:checkPooledByteBufAllocatorUseCacheForAllThreads(45)) - PERFORMANCE WARNING: useCacheForAllThreads is true that may cause Netty to create a lot garbage objects and, as a result, trigger GC.
	It is recommended to disable useCacheForAllThreads by setting -Dorg.apache.ratis.thirdparty.io.netty.allocator.useCacheForAllThreads=false in command line.
2019-09-06 18:21:03,010 [main] INFO  grpc.GrpcConfigKeys$Server (ConfUtils.java:logGet(43)) - raft.grpc.server.port = 0 (default)
2019-09-06 18:21:03,010 [main] INFO  server.GrpcService (ConfUtils.java:logGet(43)) - raft.grpc.message.size.max = 33570816 (custom)
2019-09-06 18:21:03,010 [main] INFO  server.RaftServerConfigKeys (ConfUtils.java:logGet(43)) - raft.server.log.appender.buffer.byte-limit = 33554432 (custom)
2019-09-06 18:21:03,010 [main] INFO  server.GrpcService (ConfUtils.java:logGet(43)) - raft.grpc.flow.control.window = 1MB (=1048576) (default)
2019-09-06 18:21:03,010 [main] INFO  server.RaftServerConfigKeys (ConfUtils.java:logGet(43)) - raft.server.rpc.request.timeout = 3000ms (default)
2019-09-06 18:21:03,011 [main] INFO  server.RaftServerConfigKeys (ConfUtils.java:logGet(43)) - raft.server.storage.dir = [/workdir/hadoop-ozone/integration-test/target/test-dir/MiniOzoneClusterImpl-df485bfa-7c5b-4a27-b9f2-b5a858908c51/datanode-5/data/ratis] (custom)
2019-09-06 18:21:03,012 [main] INFO  hdfs.DFSUtil (DFSUtil.java:httpServerTemplateForNNAndJN(1641)) - Starting Web-server for hddsDatanode at: http://0.0.0.0:0
2019-09-06 18:21:03,013 [main] INFO  server.AuthenticationFilter (AuthenticationFilter.java:constructSecretProvider(240)) - Unable to initialize FileSignerSecretProvider, falling back to use random secrets.
2019-09-06 18:21:03,014 [main] WARN  http.HttpRequestLog (HttpRequestLog.java:getRequestLog(97)) - Jetty request log can only be enabled using Log4j
2019-09-06 18:21:03,015 [main] INFO  http.HttpServer2 (HttpServer2.java:addGlobalFilter(975)) - Added global filter 'safety' (class=org.apache.hadoop.http.HttpServer2$QuotingInputFilter)
2019-09-06 18:21:03,016 [main] INFO  http.HttpServer2 (HttpServer2.java:addFilter(948)) - Added filter static_user_filter (class=org.apache.hadoop.http.lib.StaticUserWebFilter$StaticUserFilter) to context hddsDatanode
2019-09-06 18:21:03,016 [main] INFO  http.HttpServer2 (HttpServer2.java:addFilter(958)) - Added filter static_user_filter (class=org.apache.hadoop.http.lib.StaticUserWebFilter$StaticUserFilter) to context logs
2019-09-06 18:21:03,016 [main] INFO  http.HttpServer2 (HttpServer2.java:addFilter(958)) - Added filter static_user_filter (class=org.apache.hadoop.http.lib.StaticUserWebFilter$StaticUserFilter) to context static
2019-09-06 18:21:03,017 [main] INFO  http.HttpServer2 (HttpServer2.java:bindListener(1191)) - Jetty bound to port 41658
2019-09-06 18:21:03,017 [main] INFO  server.Server (Server.java:doStart(351)) - jetty-9.3.24.v20180605, build timestamp: 2018-06-05T17:11:56Z, git hash: 84205aa28f11a4f31f2a3b86d1bba2cc8ab69827
2019-09-06 18:21:03,018 [main] INFO  handler.ContextHandler (ContextHandler.java:doStart(781)) - Started o.e.j.s.ServletContextHandler@5fb54740{/logs,file:///workdir/hadoop-ozone/integration-test/target/log,AVAILABLE}
2019-09-06 18:21:03,019 [main] INFO  handler.ContextHandler (ContextHandler.java:doStart(781)) - Started o.e.j.s.ServletContextHandler@1ee40b5c{/static,jar:file:/home/user/.m2/repository/org/apache/hadoop/hadoop-hdds-container-service/0.5.0-SNAPSHOT/hadoop-hdds-container-service-0.5.0-SNAPSHOT.jar!/webapps/static,AVAILABLE}
2019-09-06 18:21:03,046 [main] INFO  handler.ContextHandler (ContextHandler.java:doStart(781)) - Started o.e.j.w.WebAppContext@377dfb8d{/,file:///tmp/jetty-0.0.0.0-41658-hddsDatanode-_-any-7143873773740200618.dir/webapp/,AVAILABLE}{/hddsDatanode}
2019-09-06 18:21:03,047 [main] INFO  server.AbstractConnector (AbstractConnector.java:doStart(278)) - Started ServerConnector@42a0786f{HTTP/1.1,[http/1.1]}{0.0.0.0:41658}
2019-09-06 18:21:03,048 [main] INFO  server.Server (Server.java:doStart(419)) - Started @598410ms
2019-09-06 18:21:03,048 [main] WARN  impl.MetricsSystemImpl (MetricsSystemImpl.java:register(276)) - Sink prometheus already exists!
2019-09-06 18:21:03,049 [main] INFO  server.BaseHttpServer (BaseHttpServer.java:updateConnectorAddress(215)) - HTTP server of HDDSDATANODE is listening at http://0.0.0.0:41658
2019-09-06 18:21:03,049 [main] INFO  impl.MetricsSystemImpl (MetricsSystemImpl.java:init(158)) - HddsDatanode metrics system started (again)
2019-09-06 18:21:03,053 [org.apache.hadoop.util.JvmPauseMonitor$Monitor@4170d25d] INFO  util.JvmPauseMonitor (JvmPauseMonitor.java:run(188)) - Starting JVM pause monitor
2019-09-06 18:21:03,053 [main] INFO  ozone.HddsDatanodeService (HddsDatanodeService.java:start(184)) - HddsDatanodeService host:pr-hdds-2087-fz2qp-2282948163 ip:192.168.69.114
2019-09-06 18:21:03,054 [Datanode State Machine Thread - 0] INFO  datanode.InitDatanodeState (InitDatanodeState.java:persistContainerDatanodeDetails(140)) - DatanodeDetails is persisted to /workdir/hadoop-ozone/integration-test/target/test-dir/MiniOzoneClusterImpl-df485bfa-7c5b-4a27-b9f2-b5a858908c51/datanode-5/meta/datanode.id
2019-09-06 18:21:03,058 [main] INFO  volume.HddsVolume (HddsVolume.java:<init>(176)) - Creating Volume: /workdir/hadoop-ozone/integration-test/target/test-dir/MiniOzoneClusterImpl-df485bfa-7c5b-4a27-b9f2-b5a858908c51/datanode-6/data/containers/hdds of  storage type : DISK and capacity : 1482555576320
2019-09-06 18:21:03,059 [main] INFO  volume.VolumeSet (VolumeSet.java:initializeVolumeSet(170)) - Added Volume : /workdir/hadoop-ozone/integration-test/target/test-dir/MiniOzoneClusterImpl-df485bfa-7c5b-4a27-b9f2-b5a858908c51/datanode-6/data/containers/hdds to VolumeSet
2019-09-06 18:21:03,059 [main] INFO  volume.ThrottledAsyncChecker (ThrottledAsyncChecker.java:schedule(140)) - Scheduling a check for org.apache.hadoop.ozone.container.common.volume.HddsVolume@30b3d899
2019-09-06 18:21:03,059 [main] INFO  volume.HddsVolumeChecker (HddsVolumeChecker.java:checkAllVolumes(203)) - Scheduled health check for volume org.apache.hadoop.ozone.container.common.volume.HddsVolume@30b3d899
2019-09-06 18:21:03,072 [main] INFO  impl.RaftServerProxy (ConfUtils.java:logGet(43)) - raft.rpc.type = GRPC (default)
2019-09-06 18:21:03,073 [main] INFO  grpc.GrpcFactory (GrpcFactory.java:checkPooledByteBufAllocatorUseCacheForAllThreads(45)) - PERFORMANCE WARNING: useCacheForAllThreads is true that may cause Netty to create a lot garbage objects and, as a result, trigger GC.
	It is recommended to disable useCacheForAllThreads by setting -Dorg.apache.ratis.thirdparty.io.netty.allocator.useCacheForAllThreads=false in command line.
2019-09-06 18:21:03,073 [main] INFO  grpc.GrpcConfigKeys$Server (ConfUtils.java:logGet(43)) - raft.grpc.server.port = 0 (default)
2019-09-06 18:21:03,073 [main] INFO  server.GrpcService (ConfUtils.java:logGet(43)) - raft.grpc.message.size.max = 33570816 (custom)
2019-09-06 18:21:03,073 [main] INFO  server.RaftServerConfigKeys (ConfUtils.java:logGet(43)) - raft.server.log.appender.buffer.byte-limit = 33554432 (custom)
2019-09-06 18:21:03,073 [main] INFO  server.GrpcService (ConfUtils.java:logGet(43)) - raft.grpc.flow.control.window = 1MB (=1048576) (default)
2019-09-06 18:21:03,073 [main] INFO  server.RaftServerConfigKeys (ConfUtils.java:logGet(43)) - raft.server.rpc.request.timeout = 3000ms (default)
2019-09-06 18:21:03,074 [main] INFO  server.RaftServerConfigKeys (ConfUtils.java:logGet(43)) - raft.server.storage.dir = [/workdir/hadoop-ozone/integration-test/target/test-dir/MiniOzoneClusterImpl-df485bfa-7c5b-4a27-b9f2-b5a858908c51/datanode-6/data/ratis] (custom)
2019-09-06 18:21:03,075 [main] INFO  hdfs.DFSUtil (DFSUtil.java:httpServerTemplateForNNAndJN(1641)) - Starting Web-server for hddsDatanode at: http://0.0.0.0:0
2019-09-06 18:21:03,077 [main] INFO  server.AuthenticationFilter (AuthenticationFilter.java:constructSecretProvider(240)) - Unable to initialize FileSignerSecretProvider, falling back to use random secrets.
2019-09-06 18:21:03,077 [main] WARN  http.HttpRequestLog (HttpRequestLog.java:getRequestLog(97)) - Jetty request log can only be enabled using Log4j
2019-09-06 18:21:03,079 [main] INFO  http.HttpServer2 (HttpServer2.java:addGlobalFilter(975)) - Added global filter 'safety' (class=org.apache.hadoop.http.HttpServer2$QuotingInputFilter)
2019-09-06 18:21:03,080 [main] INFO  http.HttpServer2 (HttpServer2.java:addFilter(948)) - Added filter static_user_filter (class=org.apache.hadoop.http.lib.StaticUserWebFilter$StaticUserFilter) to context hddsDatanode
2019-09-06 18:21:03,080 [main] INFO  http.HttpServer2 (HttpServer2.java:addFilter(958)) - Added filter static_user_filter (class=org.apache.hadoop.http.lib.StaticUserWebFilter$StaticUserFilter) to context logs
2019-09-06 18:21:03,080 [main] INFO  http.HttpServer2 (HttpServer2.java:addFilter(958)) - Added filter static_user_filter (class=org.apache.hadoop.http.lib.StaticUserWebFilter$StaticUserFilter) to context static
2019-09-06 18:21:03,081 [main] INFO  http.HttpServer2 (HttpServer2.java:bindListener(1191)) - Jetty bound to port 35878
2019-09-06 18:21:03,081 [main] INFO  server.Server (Server.java:doStart(351)) - jetty-9.3.24.v20180605, build timestamp: 2018-06-05T17:11:56Z, git hash: 84205aa28f11a4f31f2a3b86d1bba2cc8ab69827
2019-09-06 18:21:03,082 [main] INFO  handler.ContextHandler (ContextHandler.java:doStart(781)) - Started o.e.j.s.ServletContextHandler@76a362a4{/logs,file:///workdir/hadoop-ozone/integration-test/target/log,AVAILABLE}
2019-09-06 18:21:03,083 [main] INFO  handler.ContextHandler (ContextHandler.java:doStart(781)) - Started o.e.j.s.ServletContextHandler@5627cb29{/static,jar:file:/home/user/.m2/repository/org/apache/hadoop/hadoop-hdds-container-service/0.5.0-SNAPSHOT/hadoop-hdds-container-service-0.5.0-SNAPSHOT.jar!/webapps/static,AVAILABLE}
2019-09-06 18:21:03,110 [main] INFO  handler.ContextHandler (ContextHandler.java:doStart(781)) - Started o.e.j.w.WebAppContext@7e191fda{/,file:///tmp/jetty-0.0.0.0-35878-hddsDatanode-_-any-2635583697246247233.dir/webapp/,AVAILABLE}{/hddsDatanode}
2019-09-06 18:21:03,110 [main] INFO  server.AbstractConnector (AbstractConnector.java:doStart(278)) - Started ServerConnector@6562cc23{HTTP/1.1,[http/1.1]}{0.0.0.0:35878}
2019-09-06 18:21:03,111 [main] INFO  server.Server (Server.java:doStart(419)) - Started @598473ms
2019-09-06 18:21:03,114 [main] WARN  impl.MetricsSystemImpl (MetricsSystemImpl.java:register(276)) - Sink prometheus already exists!
2019-09-06 18:21:03,115 [main] INFO  server.BaseHttpServer (BaseHttpServer.java:updateConnectorAddress(215)) - HTTP server of HDDSDATANODE is listening at http://0.0.0.0:35878
2019-09-06 18:21:03,116 [main] INFO  ozone.MiniOzoneClusterImpl (MiniOzoneClusterImpl.java:lambda$waitForClusterToBeReady$0(140)) - Waiting for cluster to be ready. Got 0 of 7 DN Heartbeats.
2019-09-06 18:21:03,117 [org.apache.hadoop.util.JvmPauseMonitor$Monitor@26fa6612] INFO  util.JvmPauseMonitor (JvmPauseMonitor.java:run(188)) - Starting JVM pause monitor
2019-09-06 18:21:03,118 [Datanode State Machine Thread - 0] INFO  datanode.InitDatanodeState (InitDatanodeState.java:persistContainerDatanodeDetails(140)) - DatanodeDetails is persisted to /workdir/hadoop-ozone/integration-test/target/test-dir/MiniOzoneClusterImpl-df485bfa-7c5b-4a27-b9f2-b5a858908c51/datanode-6/meta/datanode.id
2019-09-06 18:21:04,116 [main] INFO  ozone.MiniOzoneClusterImpl (MiniOzoneClusterImpl.java:lambda$waitForClusterToBeReady$0(140)) - Waiting for cluster to be ready. Got 0 of 7 DN Heartbeats.
2019-09-06 18:21:04,747 [Datanode State Machine Thread - 0] INFO  ozoneimpl.OzoneContainer (OzoneContainer.java:start(216)) - Attempting to start container services.
2019-09-06 18:21:04,748 [Datanode State Machine Thread - 0] INFO  ozoneimpl.OzoneContainer (OzoneContainer.java:startContainerScrub(178)) - Background container scanner has been disabled.
2019-09-06 18:21:04,748 [Datanode State Machine Thread - 0] INFO  ratis.XceiverServerRatis (XceiverServerRatis.java:start(393)) - Starting XceiverServerRatis 5c21979b-2b81-49da-a086-daeec3e37e90 at port 0
2019-09-06 18:21:04,754 [Datanode State Machine Thread - 0] INFO  impl.RaftServerProxy (RaftServerProxy.java:lambda$start$3(299)) - 5c21979b-2b81-49da-a086-daeec3e37e90: start RPC server
2019-09-06 18:21:04,756 [Datanode State Machine Thread - 0] INFO  server.GrpcService (GrpcService.java:startImpl(149)) - 5c21979b-2b81-49da-a086-daeec3e37e90: GrpcService started, listening on 0.0.0.0/0.0.0.0:41233
2019-09-06 18:21:04,756 [Datanode State Machine Thread - 0] INFO  ratis.XceiverServerRatis (XceiverServerRatis.java:start(403)) - XceiverServerRatis 5c21979b-2b81-49da-a086-daeec3e37e90 is started using port 41233
2019-09-06 18:21:04,756 [Datanode State Machine Thread - 0] INFO  server.XceiverServerGrpc (XceiverServerGrpc.java:start(163)) - XceiverServerGrpc 5c21979b-2b81-49da-a086-daeec3e37e90 is started using port 39093
2019-09-06 18:21:04,803 [Datanode State Machine Thread - 0] INFO  ozoneimpl.OzoneContainer (OzoneContainer.java:start(216)) - Attempting to start container services.
2019-09-06 18:21:04,804 [Datanode State Machine Thread - 0] INFO  ozoneimpl.OzoneContainer (OzoneContainer.java:startContainerScrub(178)) - Background container scanner has been disabled.
2019-09-06 18:21:04,804 [Datanode State Machine Thread - 0] INFO  ratis.XceiverServerRatis (XceiverServerRatis.java:start(393)) - Starting XceiverServerRatis b336e002-869c-4cc6-9928-d81b64790b84 at port 0
2019-09-06 18:21:04,810 [Datanode State Machine Thread - 0] INFO  impl.RaftServerProxy (RaftServerProxy.java:lambda$start$3(299)) - b336e002-869c-4cc6-9928-d81b64790b84: start RPC server
2019-09-06 18:21:04,811 [Datanode State Machine Thread - 0] INFO  server.GrpcService (GrpcService.java:startImpl(149)) - b336e002-869c-4cc6-9928-d81b64790b84: GrpcService started, listening on 0.0.0.0/0.0.0.0:44616
2019-09-06 18:21:04,811 [Datanode State Machine Thread - 0] INFO  ratis.XceiverServerRatis (XceiverServerRatis.java:start(403)) - XceiverServerRatis b336e002-869c-4cc6-9928-d81b64790b84 is started using port 44616
2019-09-06 18:21:04,813 [Datanode State Machine Thread - 0] INFO  server.XceiverServerGrpc (XceiverServerGrpc.java:start(163)) - XceiverServerGrpc b336e002-869c-4cc6-9928-d81b64790b84 is started using port 37836
2019-09-06 18:21:04,863 [Datanode State Machine Thread - 0] INFO  ozoneimpl.OzoneContainer (OzoneContainer.java:start(216)) - Attempting to start container services.
2019-09-06 18:21:04,864 [Datanode State Machine Thread - 0] INFO  ozoneimpl.OzoneContainer (OzoneContainer.java:startContainerScrub(178)) - Background container scanner has been disabled.
2019-09-06 18:21:04,864 [Datanode State Machine Thread - 0] INFO  ratis.XceiverServerRatis (XceiverServerRatis.java:start(393)) - Starting XceiverServerRatis 30545f38-8e82-400b-a19e-90c0bfc34e7b at port 0
2019-09-06 18:21:04,870 [Datanode State Machine Thread - 0] INFO  impl.RaftServerProxy (RaftServerProxy.java:lambda$start$3(299)) - 30545f38-8e82-400b-a19e-90c0bfc34e7b: start RPC server
2019-09-06 18:21:04,871 [Datanode State Machine Thread - 0] INFO  server.GrpcService (GrpcService.java:startImpl(149)) - 30545f38-8e82-400b-a19e-90c0bfc34e7b: GrpcService started, listening on 0.0.0.0/0.0.0.0:32866
2019-09-06 18:21:04,871 [Datanode State Machine Thread - 0] INFO  ratis.XceiverServerRatis (XceiverServerRatis.java:start(403)) - XceiverServerRatis 30545f38-8e82-400b-a19e-90c0bfc34e7b is started using port 32866
2019-09-06 18:21:04,872 [Datanode State Machine Thread - 0] INFO  server.XceiverServerGrpc (XceiverServerGrpc.java:start(163)) - XceiverServerGrpc 30545f38-8e82-400b-a19e-90c0bfc34e7b is started using port 39740
2019-09-06 18:21:04,933 [Datanode State Machine Thread - 0] INFO  ozoneimpl.OzoneContainer (OzoneContainer.java:start(216)) - Attempting to start container services.
2019-09-06 18:21:04,933 [Datanode State Machine Thread - 0] INFO  ozoneimpl.OzoneContainer (OzoneContainer.java:startContainerScrub(178)) - Background container scanner has been disabled.
2019-09-06 18:21:04,933 [Datanode State Machine Thread - 0] INFO  ratis.XceiverServerRatis (XceiverServerRatis.java:start(393)) - Starting XceiverServerRatis 3c53ef1c-b6f6-452f-9d00-f37e19e3dc93 at port 0
2019-09-06 18:21:04,938 [Datanode State Machine Thread - 0] INFO  impl.RaftServerProxy (RaftServerProxy.java:lambda$start$3(299)) - 3c53ef1c-b6f6-452f-9d00-f37e19e3dc93: start RPC server
2019-09-06 18:21:04,942 [Datanode State Machine Thread - 0] INFO  server.GrpcService (GrpcService.java:startImpl(149)) - 3c53ef1c-b6f6-452f-9d00-f37e19e3dc93: GrpcService started, listening on 0.0.0.0/0.0.0.0:36687
2019-09-06 18:21:04,942 [Datanode State Machine Thread - 0] INFO  ratis.XceiverServerRatis (XceiverServerRatis.java:start(403)) - XceiverServerRatis 3c53ef1c-b6f6-452f-9d00-f37e19e3dc93 is started using port 36687
2019-09-06 18:21:04,942 [Datanode State Machine Thread - 0] INFO  server.XceiverServerGrpc (XceiverServerGrpc.java:start(163)) - XceiverServerGrpc 3c53ef1c-b6f6-452f-9d00-f37e19e3dc93 is started using port 35204
2019-09-06 18:21:05,010 [Datanode State Machine Thread - 0] INFO  ozoneimpl.OzoneContainer (OzoneContainer.java:start(216)) - Attempting to start container services.
2019-09-06 18:21:05,010 [Datanode State Machine Thread - 0] INFO  ozoneimpl.OzoneContainer (OzoneContainer.java:startContainerScrub(178)) - Background container scanner has been disabled.
2019-09-06 18:21:05,010 [Datanode State Machine Thread - 0] INFO  ratis.XceiverServerRatis (XceiverServerRatis.java:start(393)) - Starting XceiverServerRatis a54807b1-ebdd-43a3-bb40-59a7287becce at port 0
2019-09-06 18:21:05,016 [Datanode State Machine Thread - 0] INFO  impl.RaftServerProxy (RaftServerProxy.java:lambda$start$3(299)) - a54807b1-ebdd-43a3-bb40-59a7287becce: start RPC server
2019-09-06 18:21:05,017 [Datanode State Machine Thread - 0] INFO  server.GrpcService (GrpcService.java:startImpl(149)) - a54807b1-ebdd-43a3-bb40-59a7287becce: GrpcService started, listening on 0.0.0.0/0.0.0.0:36294
2019-09-06 18:21:05,017 [Datanode State Machine Thread - 0] INFO  ratis.XceiverServerRatis (XceiverServerRatis.java:start(403)) - XceiverServerRatis a54807b1-ebdd-43a3-bb40-59a7287becce is started using port 36294
2019-09-06 18:21:05,017 [Datanode State Machine Thread - 0] INFO  server.XceiverServerGrpc (XceiverServerGrpc.java:start(163)) - XceiverServerGrpc a54807b1-ebdd-43a3-bb40-59a7287becce is started using port 36154
2019-09-06 18:21:05,066 [Datanode State Machine Thread - 0] INFO  ozoneimpl.OzoneContainer (OzoneContainer.java:start(216)) - Attempting to start container services.
2019-09-06 18:21:05,066 [Datanode State Machine Thread - 0] INFO  ozoneimpl.OzoneContainer (OzoneContainer.java:startContainerScrub(178)) - Background container scanner has been disabled.
2019-09-06 18:21:05,067 [Datanode State Machine Thread - 0] INFO  ratis.XceiverServerRatis (XceiverServerRatis.java:start(393)) - Starting XceiverServerRatis 1a3a3faf-6a54-403e-ab13-05cc39e05f75 at port 0
2019-09-06 18:21:05,072 [Datanode State Machine Thread - 0] INFO  impl.RaftServerProxy (RaftServerProxy.java:lambda$start$3(299)) - 1a3a3faf-6a54-403e-ab13-05cc39e05f75: start RPC server
2019-09-06 18:21:05,073 [Datanode State Machine Thread - 0] INFO  server.GrpcService (GrpcService.java:startImpl(149)) - 1a3a3faf-6a54-403e-ab13-05cc39e05f75: GrpcService started, listening on 0.0.0.0/0.0.0.0:36884
2019-09-06 18:21:05,073 [Datanode State Machine Thread - 0] INFO  ratis.XceiverServerRatis (XceiverServerRatis.java:start(403)) - XceiverServerRatis 1a3a3faf-6a54-403e-ab13-05cc39e05f75 is started using port 36884
2019-09-06 18:21:05,073 [Datanode State Machine Thread - 0] INFO  server.XceiverServerGrpc (XceiverServerGrpc.java:start(163)) - XceiverServerGrpc 1a3a3faf-6a54-403e-ab13-05cc39e05f75 is started using port 36554
2019-09-06 18:21:05,117 [main] INFO  ozone.MiniOzoneClusterImpl (MiniOzoneClusterImpl.java:lambda$waitForClusterToBeReady$0(140)) - Waiting for cluster to be ready. Got 0 of 7 DN Heartbeats.
2019-09-06 18:21:05,138 [Datanode State Machine Thread - 0] INFO  ozoneimpl.OzoneContainer (OzoneContainer.java:start(216)) - Attempting to start container services.
2019-09-06 18:21:05,139 [Datanode State Machine Thread - 0] INFO  ozoneimpl.OzoneContainer (OzoneContainer.java:startContainerScrub(178)) - Background container scanner has been disabled.
2019-09-06 18:21:05,139 [Datanode State Machine Thread - 0] INFO  ratis.XceiverServerRatis (XceiverServerRatis.java:start(393)) - Starting XceiverServerRatis 7acec8ed-4022-4294-b013-0365df66406a at port 0
2019-09-06 18:21:05,145 [Datanode State Machine Thread - 0] INFO  impl.RaftServerProxy (RaftServerProxy.java:lambda$start$3(299)) - 7acec8ed-4022-4294-b013-0365df66406a: start RPC server
2019-09-06 18:21:05,146 [Datanode State Machine Thread - 0] INFO  server.GrpcService (GrpcService.java:startImpl(149)) - 7acec8ed-4022-4294-b013-0365df66406a: GrpcService started, listening on 0.0.0.0/0.0.0.0:38924
2019-09-06 18:21:05,146 [Datanode State Machine Thread - 0] INFO  ratis.XceiverServerRatis (XceiverServerRatis.java:start(403)) - XceiverServerRatis 7acec8ed-4022-4294-b013-0365df66406a is started using port 38924
2019-09-06 18:21:05,146 [Datanode State Machine Thread - 0] INFO  server.XceiverServerGrpc (XceiverServerGrpc.java:start(163)) - XceiverServerGrpc 7acec8ed-4022-4294-b013-0365df66406a is started using port 36649
2019-09-06 18:21:06,117 [main] INFO  ozone.MiniOzoneClusterImpl (MiniOzoneClusterImpl.java:lambda$waitForClusterToBeReady$0(140)) - Waiting for cluster to be ready. Got 0 of 7 DN Heartbeats.
2019-09-06 18:21:06,723 [IPC Server handler 4 on 35532] INFO  net.NetworkTopology (NetworkTopologyImpl.java:add(110)) - Added a new node: /default-rack/5c21979b-2b81-49da-a086-daeec3e37e90
2019-09-06 18:21:06,726 [IPC Server handler 4 on 35532] INFO  node.SCMNodeManager (SCMNodeManager.java:register(266)) - Registered Data node : 5c21979b-2b81-49da-a086-daeec3e37e90{ip: 192.168.69.114, host: pr-hdds-2087-fz2qp-2282948163, networkLocation: /default-rack, certSerialId: null}
2019-09-06 18:21:06,727 [EventQueue-NodeRegistrationContainerReportForDataNodeSafeModeRule] INFO  safemode.SCMSafeModeManager (DataNodeSafeModeRule.java:process(71)) - SCM in safe mode. 1 DataNodes registered, 1 required.
2019-09-06 18:21:06,729 [EventQueue-NodeRegistrationContainerReportForDataNodeSafeModeRule] INFO  safemode.SCMSafeModeManager (SCMSafeModeManager.java:validateSafeModeExitRules(177)) - ScmSafeModeManager, all rules are successfully validated
2019-09-06 18:21:06,729 [EventQueue-NodeRegistrationContainerReportForDataNodeSafeModeRule] INFO  safemode.SCMSafeModeManager (SCMSafeModeManager.java:exitSafeMode(193)) - SCM exiting safe mode.
2019-09-06 18:21:06,737 [grpc-default-executor-12] INFO  impl.RaftServerProxy (RaftServerProxy.java:addNew(89)) - 5c21979b-2b81-49da-a086-daeec3e37e90: addNew group-5B36E64586F4:[5c21979b-2b81-49da-a086-daeec3e37e90:192.168.69.114:41233] returns group-5B36E64586F4:java.util.concurrent.CompletableFuture@4819a908[Not completed]
2019-09-06 18:21:06,739 [pool-409-thread-1] INFO  impl.RaftServerImpl (RaftServerImpl.java:<init>(93)) - 5c21979b-2b81-49da-a086-daeec3e37e90: new RaftServerImpl for group-5B36E64586F4:[5c21979b-2b81-49da-a086-daeec3e37e90:192.168.69.114:41233] with ContainerStateMachine:uninitialized
2019-09-06 18:21:06,739 [pool-409-thread-1] INFO  server.RaftServerConfigKeys (ConfUtils.java:logGet(43)) - raft.server.rpc.timeout.min = 5s (custom)
2019-09-06 18:21:06,739 [pool-409-thread-1] INFO  server.RaftServerConfigKeys (ConfUtils.java:logGet(43)) - raft.server.rpc.timeout.max = 5200ms (custom)
2019-09-06 18:21:06,739 [pool-409-thread-1] INFO  server.RaftServerConfigKeys (ConfUtils.java:logGet(43)) - raft.server.rpcslowness.timeout = 120s (custom)
2019-09-06 18:21:06,739 [pool-409-thread-1] INFO  server.RaftServerConfigKeys (ConfUtils.java:logGet(43)) - raft.server.sleep.deviation.threshold = 300 (default)
2019-09-06 18:21:06,739 [pool-409-thread-1] INFO  server.RaftServerConfigKeys (ConfUtils.java:logGet(43)) - raft.server.log.appender.install.snapshot.enabled = false (custom)
2019-09-06 18:21:06,740 [pool-409-thread-1] INFO  impl.RaftServerImpl (ServerState.java:<init>(105)) - 5c21979b-2b81-49da-a086-daeec3e37e90:group-5B36E64586F4 ConfigurationManager, init=-1: [5c21979b-2b81-49da-a086-daeec3e37e90:192.168.69.114:41233], old=null, confs=<EMPTY_MAP>
2019-09-06 18:21:06,740 [pool-409-thread-1] INFO  server.RaftServerConfigKeys (ConfUtils.java:logGet(43)) - raft.server.storage.dir = [/workdir/hadoop-ozone/integration-test/target/test-dir/MiniOzoneClusterImpl-df485bfa-7c5b-4a27-b9f2-b5a858908c51/datanode-0/data/ratis] (custom)
2019-09-06 18:21:06,740 [pool-409-thread-1] INFO  storage.RaftStorageDirectory (RaftStorageDirectory.java:analyzeStorage(246)) - The storage directory /workdir/hadoop-ozone/integration-test/target/test-dir/MiniOzoneClusterImpl-df485bfa-7c5b-4a27-b9f2-b5a858908c51/datanode-0/data/ratis/87b116c7-980c-46ab-aab6-5b36e64586f4 does not exist. Creating ...
2019-09-06 18:21:06,769 [pool-409-thread-1] INFO  storage.RaftStorageDirectory (RaftStorageDirectory.java:tryLock(328)) - Lock on /workdir/hadoop-ozone/integration-test/target/test-dir/MiniOzoneClusterImpl-df485bfa-7c5b-4a27-b9f2-b5a858908c51/datanode-0/data/ratis/87b116c7-980c-46ab-aab6-5b36e64586f4/in_use.lock acquired by nodename 17072@pr-hdds-2087-fz2qp-2282948163
2019-09-06 18:21:06,779 [IPC Server handler 5 on 35532] INFO  net.NetworkTopology (NetworkTopologyImpl.java:add(110)) - Added a new node: /default-rack/b336e002-869c-4cc6-9928-d81b64790b84
2019-09-06 18:21:06,779 [IPC Server handler 5 on 35532] INFO  node.SCMNodeManager (SCMNodeManager.java:register(266)) - Registered Data node : b336e002-869c-4cc6-9928-d81b64790b84{ip: 192.168.69.114, host: pr-hdds-2087-fz2qp-2282948163, networkLocation: /default-rack, certSerialId: null}
2019-09-06 18:21:06,807 [pool-409-thread-1] INFO  storage.RaftStorage (RaftStorage.java:format(72)) - Storage directory /workdir/hadoop-ozone/integration-test/target/test-dir/MiniOzoneClusterImpl-df485bfa-7c5b-4a27-b9f2-b5a858908c51/datanode-0/data/ratis/87b116c7-980c-46ab-aab6-5b36e64586f4 has been successfully formatted.
2019-09-06 18:21:06,808 [pool-409-thread-1] INFO  ratis.ContainerStateMachine (ContainerStateMachine.java:loadSnapshot(227)) - group-5B36E64586F4: The snapshot info is null. Setting the last applied indexto:(t:0, i:~)
2019-09-06 18:21:06,808 [pool-409-thread-1] INFO  server.RaftServerConfigKeys (ConfUtils.java:logGet(43)) - raft.server.leader.election.timeout = 120s (custom)
2019-09-06 18:21:06,808 [pool-409-thread-1] INFO  server.RaftServerConfigKeys (ConfUtils.java:logGet(43)) - raft.server.log.use.memory = false (default)
2019-09-06 18:21:06,808 [pool-409-thread-1] INFO  server.RaftServerConfigKeys (ConfUtils.java:logGet(43)) - raft.server.log.purge.gap = 1000000 (custom)
2019-09-06 18:21:06,808 [pool-409-thread-1] INFO  server.RaftServerConfigKeys (ConfUtils.java:logGet(43)) - raft.server.log.appender.buffer.byte-limit = 33554432 (custom)
2019-09-06 18:21:06,808 [pool-409-thread-1] INFO  server.RaftServerConfigKeys (ConfUtils.java:logGet(43)) - raft.server.log.segment.size.max = 1048576 (custom)
2019-09-06 18:21:06,809 [pool-409-thread-1] INFO  server.RaftServerConfigKeys (ConfUtils.java:logGet(43)) - raft.server.log.segment.cache.num.max = 2 (custom)
2019-09-06 18:21:06,809 [pool-409-thread-1] INFO  segmented.SegmentedRaftLogWorker (SegmentedRaftLogWorker.java:<init>(172)) - new 5c21979b-2b81-49da-a086-daeec3e37e90-SegmentedRaftLogWorker:Storage Directory /workdir/hadoop-ozone/integration-test/target/test-dir/MiniOzoneClusterImpl-df485bfa-7c5b-4a27-b9f2-b5a858908c51/datanode-0/data/ratis/87b116c7-980c-46ab-aab6-5b36e64586f4 for RaftStorage:Storage Directory /workdir/hadoop-ozone/integration-test/target/test-dir/MiniOzoneClusterImpl-df485bfa-7c5b-4a27-b9f2-b5a858908c51/datanode-0/data/ratis/87b116c7-980c-46ab-aab6-5b36e64586f4
2019-09-06 18:21:06,809 [pool-409-thread-1] INFO  server.RaftServerConfigKeys (ConfUtils.java:logGet(43)) - raft.server.log.queue.byte-limit = 2147483647 (custom)
2019-09-06 18:21:06,809 [pool-409-thread-1] INFO  server.RaftServerConfigKeys (ConfUtils.java:logGet(43)) - raft.server.log.queue.element-limit = 1024 (custom)
2019-09-06 18:21:06,809 [pool-409-thread-1] INFO  server.RaftServerConfigKeys (ConfUtils.java:logGet(43)) - raft.server.log.segment.size.max = 1048576 (custom)
2019-09-06 18:21:06,810 [pool-409-thread-1] INFO  server.RaftServerConfigKeys (ConfUtils.java:logGet(43)) - raft.server.log.preallocated.size = 16384 (custom)
2019-09-06 18:21:06,810 [pool-409-thread-1] INFO  server.RaftServerConfigKeys (ConfUtils.java:logGet(43)) - raft.server.log.write.buffer.size = 33554432 (custom)
2019-09-06 18:21:06,810 [pool-409-thread-1] INFO  server.RaftServerConfigKeys (ConfUtils.java:logGet(43)) - raft.server.log.force.sync.num = 128 (default)
2019-09-06 18:21:06,810 [pool-409-thread-1] INFO  server.RaftServerConfigKeys (ConfUtils.java:logGet(43)) - raft.server.log.statemachine.data.sync = true (default)
2019-09-06 18:21:06,810 [pool-409-thread-1] INFO  server.RaftServerConfigKeys (ConfUtils.java:logGet(43)) - raft.server.log.statemachine.data.sync.timeout = 10s (default)
2019-09-06 18:21:06,810 [pool-409-thread-1] INFO  server.RaftServerConfigKeys (ConfUtils.java:logGet(43)) - raft.server.log.statemachine.data.sync.timeout.retry = -1 (default)
2019-09-06 18:21:06,811 [pool-409-thread-1] INFO  server.RaftServerConfigKeys (ConfUtils.java:logGet(43)) - raft.server.log.statemachine.data.caching.enabled = true (custom)
2019-09-06 18:21:06,811 [pool-409-thread-1] INFO  segmented.SegmentedRaftLogWorker (SegmentedRaftLogWorker.java:lambda$new$0(132)) - 5c21979b-2b81-49da-a086-daeec3e37e90-SegmentedRaftLogWorker:Storage Directory /workdir/hadoop-ozone/integration-test/target/test-dir/MiniOzoneClusterImpl-df485bfa-7c5b-4a27-b9f2-b5a858908c51/datanode-0/data/ratis/87b116c7-980c-46ab-aab6-5b36e64586f4: flushIndex: setUnconditionally 0 -> -1
2019-09-06 18:21:06,811 [pool-409-thread-1] INFO  server.RaftServerConfigKeys (ConfUtils.java:logGet(43)) - raft.server.snapshot.auto.trigger.enabled = true (custom)
2019-09-06 18:21:06,811 [pool-409-thread-1] INFO  server.RaftServerConfigKeys (ConfUtils.java:logGet(43)) - raft.server.snapshot.auto.trigger.threshold = 10000 (custom)
2019-09-06 18:21:06,812 [pool-409-thread-1] INFO  server.RaftServerConfigKeys (ConfUtils.java:logGet(43)) - raft.server.retrycache.expirytime = 600000ms (custom)
2019-09-06 18:21:06,812 [pool-409-thread-1] INFO  impl.RaftServerImpl (RaftServerImpl.java:start(180)) - 5c21979b-2b81-49da-a086-daeec3e37e90: start group-5B36E64586F4
2019-09-06 18:21:06,812 [pool-409-thread-1] INFO  impl.RaftServerImpl (RaftServerImpl.java:setRole(171)) - 5c21979b-2b81-49da-a086-daeec3e37e90:group-5B36E64586F4 changes role from null to FOLLOWER at term 0 for startAsFollower
2019-09-06 18:21:06,812 [pool-409-thread-1] INFO  impl.RoleInfo (RoleInfo.java:updateAndGet(143)) - 5c21979b-2b81-49da-a086-daeec3e37e90: start FollowerState
2019-09-06 18:21:06,813 [pool-409-thread-1] INFO  util.JmxRegister (JmxRegister.java:tryRegister(44)) - Successfully registered JMX Bean with object name Ratis:service=RaftServer,group=group-5B36E64586F4,id=5c21979b-2b81-49da-a086-daeec3e37e90
2019-09-06 18:21:06,819 [RatisPipelineUtilsThread] INFO  pipeline.PipelineStateManager (PipelineStateManager.java:addPipeline(56)) - Created pipeline Pipeline[ Id: 87b116c7-980c-46ab-aab6-5b36e64586f4, Nodes: 5c21979b-2b81-49da-a086-daeec3e37e90{ip: 192.168.69.114, host: pr-hdds-2087-fz2qp-2282948163, networkLocation: /default-rack, certSerialId: null}, Type:RATIS, Factor:ONE, State:OPEN]
2019-09-06 18:21:06,825 [grpc-default-executor-12] INFO  impl.RaftServerProxy (RaftServerProxy.java:addNew(89)) - b336e002-869c-4cc6-9928-d81b64790b84: addNew group-19B86B8456B9:[b336e002-869c-4cc6-9928-d81b64790b84:192.168.69.114:44616] returns group-19B86B8456B9:java.util.concurrent.CompletableFuture@4903a461[Not completed]
2019-09-06 18:21:06,826 [pool-419-thread-1] INFO  impl.RaftServerImpl (RaftServerImpl.java:<init>(93)) - b336e002-869c-4cc6-9928-d81b64790b84: new RaftServerImpl for group-19B86B8456B9:[b336e002-869c-4cc6-9928-d81b64790b84:192.168.69.114:44616] with ContainerStateMachine:uninitialized
2019-09-06 18:21:06,826 [pool-419-thread-1] INFO  server.RaftServerConfigKeys (ConfUtils.java:logGet(43)) - raft.server.rpc.timeout.min = 5s (custom)
2019-09-06 18:21:06,827 [pool-419-thread-1] INFO  server.RaftServerConfigKeys (ConfUtils.java:logGet(43)) - raft.server.rpc.timeout.max = 5200ms (custom)
2019-09-06 18:21:06,827 [pool-419-thread-1] INFO  server.RaftServerConfigKeys (ConfUtils.java:logGet(43)) - raft.server.rpcslowness.timeout = 120s (custom)
2019-09-06 18:21:06,827 [pool-419-thread-1] INFO  server.RaftServerConfigKeys (ConfUtils.java:logGet(43)) - raft.server.sleep.deviation.threshold = 300 (default)
2019-09-06 18:21:06,827 [pool-419-thread-1] INFO  server.RaftServerConfigKeys (ConfUtils.java:logGet(43)) - raft.server.log.appender.install.snapshot.enabled = false (custom)
2019-09-06 18:21:06,827 [pool-419-thread-1] INFO  impl.RaftServerImpl (ServerState.java:<init>(105)) - b336e002-869c-4cc6-9928-d81b64790b84:group-19B86B8456B9 ConfigurationManager, init=-1: [b336e002-869c-4cc6-9928-d81b64790b84:192.168.69.114:44616], old=null, confs=<EMPTY_MAP>
2019-09-06 18:21:06,827 [pool-419-thread-1] INFO  server.RaftServerConfigKeys (ConfUtils.java:logGet(43)) - raft.server.storage.dir = [/workdir/hadoop-ozone/integration-test/target/test-dir/MiniOzoneClusterImpl-df485bfa-7c5b-4a27-b9f2-b5a858908c51/datanode-1/data/ratis] (custom)
2019-09-06 18:21:06,827 [pool-419-thread-1] INFO  storage.RaftStorageDirectory (RaftStorageDirectory.java:analyzeStorage(246)) - The storage directory /workdir/hadoop-ozone/integration-test/target/test-dir/MiniOzoneClusterImpl-df485bfa-7c5b-4a27-b9f2-b5a858908c51/datanode-1/data/ratis/5068878f-5dc2-4cfd-b6f1-19b86b8456b9 does not exist. Creating ...
2019-09-06 18:21:06,839 [IPC Server handler 7 on 35532] INFO  net.NetworkTopology (NetworkTopologyImpl.java:add(110)) - Added a new node: /default-rack/30545f38-8e82-400b-a19e-90c0bfc34e7b
2019-09-06 18:21:06,839 [IPC Server handler 7 on 35532] INFO  node.SCMNodeManager (SCMNodeManager.java:register(266)) - Registered Data node : 30545f38-8e82-400b-a19e-90c0bfc34e7b{ip: 192.168.69.114, host: pr-hdds-2087-fz2qp-2282948163, networkLocation: /default-rack, certSerialId: null}
2019-09-06 18:21:06,842 [pool-419-thread-1] INFO  storage.RaftStorageDirectory (RaftStorageDirectory.java:tryLock(328)) - Lock on /workdir/hadoop-ozone/integration-test/target/test-dir/MiniOzoneClusterImpl-df485bfa-7c5b-4a27-b9f2-b5a858908c51/datanode-1/data/ratis/5068878f-5dc2-4cfd-b6f1-19b86b8456b9/in_use.lock acquired by nodename 17072@pr-hdds-2087-fz2qp-2282948163
2019-09-06 18:21:06,858 [pool-419-thread-1] INFO  storage.RaftStorage (RaftStorage.java:format(72)) - Storage directory /workdir/hadoop-ozone/integration-test/target/test-dir/MiniOzoneClusterImpl-df485bfa-7c5b-4a27-b9f2-b5a858908c51/datanode-1/data/ratis/5068878f-5dc2-4cfd-b6f1-19b86b8456b9 has been successfully formatted.
2019-09-06 18:21:06,858 [pool-419-thread-1] INFO  ratis.ContainerStateMachine (ContainerStateMachine.java:loadSnapshot(227)) - group-19B86B8456B9: The snapshot info is null. Setting the last applied indexto:(t:0, i:~)
2019-09-06 18:21:06,858 [pool-419-thread-1] INFO  server.RaftServerConfigKeys (ConfUtils.java:logGet(43)) - raft.server.leader.election.timeout = 120s (custom)
2019-09-06 18:21:06,858 [pool-419-thread-1] INFO  server.RaftServerConfigKeys (ConfUtils.java:logGet(43)) - raft.server.log.use.memory = false (default)
2019-09-06 18:21:06,858 [pool-419-thread-1] INFO  server.RaftServerConfigKeys (ConfUtils.java:logGet(43)) - raft.server.log.purge.gap = 1000000 (custom)
2019-09-06 18:21:06,859 [pool-419-thread-1] INFO  server.RaftServerConfigKeys (ConfUtils.java:logGet(43)) - raft.server.log.appender.buffer.byte-limit = 33554432 (custom)
2019-09-06 18:21:06,859 [pool-419-thread-1] INFO  server.RaftServerConfigKeys (ConfUtils.java:logGet(43)) - raft.server.log.segment.size.max = 1048576 (custom)
2019-09-06 18:21:06,859 [pool-419-thread-1] INFO  server.RaftServerConfigKeys (ConfUtils.java:logGet(43)) - raft.server.log.segment.cache.num.max = 2 (custom)
2019-09-06 18:21:06,859 [pool-419-thread-1] INFO  segmented.SegmentedRaftLogWorker (SegmentedRaftLogWorker.java:<init>(172)) - new b336e002-869c-4cc6-9928-d81b64790b84-SegmentedRaftLogWorker:Storage Directory /workdir/hadoop-ozone/integration-test/target/test-dir/MiniOzoneClusterImpl-df485bfa-7c5b-4a27-b9f2-b5a858908c51/datanode-1/data/ratis/5068878f-5dc2-4cfd-b6f1-19b86b8456b9 for RaftStorage:Storage Directory /workdir/hadoop-ozone/integration-test/target/test-dir/MiniOzoneClusterImpl-df485bfa-7c5b-4a27-b9f2-b5a858908c51/datanode-1/data/ratis/5068878f-5dc2-4cfd-b6f1-19b86b8456b9
2019-09-06 18:21:06,859 [pool-419-thread-1] INFO  server.RaftServerConfigKeys (ConfUtils.java:logGet(43)) - raft.server.log.queue.byte-limit = 2147483647 (custom)
2019-09-06 18:21:06,859 [pool-419-thread-1] INFO  server.RaftServerConfigKeys (ConfUtils.java:logGet(43)) - raft.server.log.queue.element-limit = 1024 (custom)
2019-09-06 18:21:06,859 [pool-419-thread-1] INFO  server.RaftServerConfigKeys (ConfUtils.java:logGet(43)) - raft.server.log.segment.size.max = 1048576 (custom)
2019-09-06 18:21:06,859 [pool-419-thread-1] INFO  server.RaftServerConfigKeys (ConfUtils.java:logGet(43)) - raft.server.log.preallocated.size = 16384 (custom)
2019-09-06 18:21:06,860 [pool-419-thread-1] INFO  server.RaftServerConfigKeys (ConfUtils.java:logGet(43)) - raft.server.log.write.buffer.size = 33554432 (custom)
2019-09-06 18:21:06,860 [pool-419-thread-1] INFO  server.RaftServerConfigKeys (ConfUtils.java:logGet(43)) - raft.server.log.force.sync.num = 128 (default)
2019-09-06 18:21:06,860 [pool-419-thread-1] INFO  server.RaftServerConfigKeys (ConfUtils.java:logGet(43)) - raft.server.log.statemachine.data.sync = true (default)
2019-09-06 18:21:06,860 [pool-419-thread-1] INFO  server.RaftServerConfigKeys (ConfUtils.java:logGet(43)) - raft.server.log.statemachine.data.sync.timeout = 10s (default)
2019-09-06 18:21:06,860 [pool-419-thread-1] INFO  server.RaftServerConfigKeys (ConfUtils.java:logGet(43)) - raft.server.log.statemachine.data.sync.timeout.retry = -1 (default)
2019-09-06 18:21:06,860 [pool-419-thread-1] INFO  server.RaftServerConfigKeys (ConfUtils.java:logGet(43)) - raft.server.log.statemachine.data.caching.enabled = true (custom)
2019-09-06 18:21:06,860 [pool-419-thread-1] INFO  segmented.SegmentedRaftLogWorker (SegmentedRaftLogWorker.java:lambda$new$0(132)) - b336e002-869c-4cc6-9928-d81b64790b84-SegmentedRaftLogWorker:Storage Directory /workdir/hadoop-ozone/integration-test/target/test-dir/MiniOzoneClusterImpl-df485bfa-7c5b-4a27-b9f2-b5a858908c51/datanode-1/data/ratis/5068878f-5dc2-4cfd-b6f1-19b86b8456b9: flushIndex: setUnconditionally 0 -> -1
2019-09-06 18:21:06,861 [pool-419-thread-1] INFO  server.RaftServerConfigKeys (ConfUtils.java:logGet(43)) - raft.server.snapshot.auto.trigger.enabled = true (custom)
2019-09-06 18:21:06,861 [pool-419-thread-1] INFO  server.RaftServerConfigKeys (ConfUtils.java:logGet(43)) - raft.server.snapshot.auto.trigger.threshold = 10000 (custom)
2019-09-06 18:21:06,861 [pool-419-thread-1] INFO  server.RaftServerConfigKeys (ConfUtils.java:logGet(43)) - raft.server.retrycache.expirytime = 600000ms (custom)
2019-09-06 18:21:06,861 [pool-419-thread-1] INFO  impl.RaftServerImpl (RaftServerImpl.java:start(180)) - b336e002-869c-4cc6-9928-d81b64790b84: start group-19B86B8456B9
2019-09-06 18:21:06,861 [pool-419-thread-1] INFO  impl.RaftServerImpl (RaftServerImpl.java:setRole(171)) - b336e002-869c-4cc6-9928-d81b64790b84:group-19B86B8456B9 changes role from null to FOLLOWER at term 0 for startAsFollower
2019-09-06 18:21:06,861 [pool-419-thread-1] INFO  impl.RoleInfo (RoleInfo.java:updateAndGet(143)) - b336e002-869c-4cc6-9928-d81b64790b84: start FollowerState
2019-09-06 18:21:06,862 [pool-419-thread-1] INFO  util.JmxRegister (JmxRegister.java:tryRegister(44)) - Successfully registered JMX Bean with object name Ratis:service=RaftServer,group=group-19B86B8456B9,id=b336e002-869c-4cc6-9928-d81b64790b84
2019-09-06 18:21:06,866 [RatisPipelineUtilsThread] INFO  pipeline.PipelineStateManager (PipelineStateManager.java:addPipeline(56)) - Created pipeline Pipeline[ Id: 5068878f-5dc2-4cfd-b6f1-19b86b8456b9, Nodes: b336e002-869c-4cc6-9928-d81b64790b84{ip: 192.168.69.114, host: pr-hdds-2087-fz2qp-2282948163, networkLocation: /default-rack, certSerialId: null}, Type:RATIS, Factor:ONE, State:OPEN]
2019-09-06 18:21:06,886 [grpc-default-executor-12] INFO  impl.RaftServerProxy (RaftServerProxy.java:addNew(89)) - 30545f38-8e82-400b-a19e-90c0bfc34e7b: addNew group-2ADEB32B7081:[30545f38-8e82-400b-a19e-90c0bfc34e7b:192.168.69.114:32866] returns group-2ADEB32B7081:java.util.concurrent.CompletableFuture@5c1fc598[Not completed]
2019-09-06 18:21:06,888 [pool-429-thread-1] INFO  impl.RaftServerImpl (RaftServerImpl.java:<init>(93)) - 30545f38-8e82-400b-a19e-90c0bfc34e7b: new RaftServerImpl for group-2ADEB32B7081:[30545f38-8e82-400b-a19e-90c0bfc34e7b:192.168.69.114:32866] with ContainerStateMachine:uninitialized
2019-09-06 18:21:06,888 [pool-429-thread-1] INFO  server.RaftServerConfigKeys (ConfUtils.java:logGet(43)) - raft.server.rpc.timeout.min = 5s (custom)
2019-09-06 18:21:06,888 [pool-429-thread-1] INFO  server.RaftServerConfigKeys (ConfUtils.java:logGet(43)) - raft.server.rpc.timeout.max = 5200ms (custom)
2019-09-06 18:21:06,888 [pool-429-thread-1] INFO  server.RaftServerConfigKeys (ConfUtils.java:logGet(43)) - raft.server.rpcslowness.timeout = 120s (custom)
2019-09-06 18:21:06,888 [pool-429-thread-1] INFO  server.RaftServerConfigKeys (ConfUtils.java:logGet(43)) - raft.server.sleep.deviation.threshold = 300 (default)
2019-09-06 18:21:06,888 [pool-429-thread-1] INFO  server.RaftServerConfigKeys (ConfUtils.java:logGet(43)) - raft.server.log.appender.install.snapshot.enabled = false (custom)
2019-09-06 18:21:06,889 [pool-429-thread-1] INFO  impl.RaftServerImpl (ServerState.java:<init>(105)) - 30545f38-8e82-400b-a19e-90c0bfc34e7b:group-2ADEB32B7081 ConfigurationManager, init=-1: [30545f38-8e82-400b-a19e-90c0bfc34e7b:192.168.69.114:32866], old=null, confs=<EMPTY_MAP>
2019-09-06 18:21:06,889 [pool-429-thread-1] INFO  server.RaftServerConfigKeys (ConfUtils.java:logGet(43)) - raft.server.storage.dir = [/workdir/hadoop-ozone/integration-test/target/test-dir/MiniOzoneClusterImpl-df485bfa-7c5b-4a27-b9f2-b5a858908c51/datanode-2/data/ratis] (custom)
2019-09-06 18:21:06,889 [pool-429-thread-1] INFO  storage.RaftStorageDirectory (RaftStorageDirectory.java:analyzeStorage(246)) - The storage directory /workdir/hadoop-ozone/integration-test/target/test-dir/MiniOzoneClusterImpl-df485bfa-7c5b-4a27-b9f2-b5a858908c51/datanode-2/data/ratis/18ec4da0-4c03-45e0-b12b-2adeb32b7081 does not exist. Creating ...
2019-09-06 18:21:06,905 [pool-429-thread-1] INFO  storage.RaftStorageDirectory (RaftStorageDirectory.java:tryLock(328)) - Lock on /workdir/hadoop-ozone/integration-test/target/test-dir/MiniOzoneClusterImpl-df485bfa-7c5b-4a27-b9f2-b5a858908c51/datanode-2/data/ratis/18ec4da0-4c03-45e0-b12b-2adeb32b7081/in_use.lock acquired by nodename 17072@pr-hdds-2087-fz2qp-2282948163
2019-09-06 18:21:06,910 [IPC Server handler 0 on 35532] INFO  net.NetworkTopology (NetworkTopologyImpl.java:add(110)) - Added a new node: /default-rack/3c53ef1c-b6f6-452f-9d00-f37e19e3dc93
2019-09-06 18:21:06,911 [IPC Server handler 0 on 35532] INFO  node.SCMNodeManager (SCMNodeManager.java:register(266)) - Registered Data node : 3c53ef1c-b6f6-452f-9d00-f37e19e3dc93{ip: 192.168.69.114, host: pr-hdds-2087-fz2qp-2282948163, networkLocation: /default-rack, certSerialId: null}
2019-09-06 18:21:06,922 [pool-429-thread-1] INFO  storage.RaftStorage (RaftStorage.java:format(72)) - Storage directory /workdir/hadoop-ozone/integration-test/target/test-dir/MiniOzoneClusterImpl-df485bfa-7c5b-4a27-b9f2-b5a858908c51/datanode-2/data/ratis/18ec4da0-4c03-45e0-b12b-2adeb32b7081 has been successfully formatted.
2019-09-06 18:21:06,923 [pool-429-thread-1] INFO  ratis.ContainerStateMachine (ContainerStateMachine.java:loadSnapshot(227)) - group-2ADEB32B7081: The snapshot info is null. Setting the last applied indexto:(t:0, i:~)
2019-09-06 18:21:06,923 [pool-429-thread-1] INFO  server.RaftServerConfigKeys (ConfUtils.java:logGet(43)) - raft.server.leader.election.timeout = 120s (custom)
2019-09-06 18:21:06,923 [pool-429-thread-1] INFO  server.RaftServerConfigKeys (ConfUtils.java:logGet(43)) - raft.server.log.use.memory = false (default)
2019-09-06 18:21:06,923 [pool-429-thread-1] INFO  server.RaftServerConfigKeys (ConfUtils.java:logGet(43)) - raft.server.log.purge.gap = 1000000 (custom)
2019-09-06 18:21:06,923 [pool-429-thread-1] INFO  server.RaftServerConfigKeys (ConfUtils.java:logGet(43)) - raft.server.log.appender.buffer.byte-limit = 33554432 (custom)
2019-09-06 18:21:06,924 [pool-429-thread-1] INFO  server.RaftServerConfigKeys (ConfUtils.java:logGet(43)) - raft.server.log.segment.size.max = 1048576 (custom)
2019-09-06 18:21:06,924 [pool-429-thread-1] INFO  server.RaftServerConfigKeys (ConfUtils.java:logGet(43)) - raft.server.log.segment.cache.num.max = 2 (custom)
2019-09-06 18:21:06,924 [pool-429-thread-1] INFO  segmented.SegmentedRaftLogWorker (SegmentedRaftLogWorker.java:<init>(172)) - new 30545f38-8e82-400b-a19e-90c0bfc34e7b-SegmentedRaftLogWorker:Storage Directory /workdir/hadoop-ozone/integration-test/target/test-dir/MiniOzoneClusterImpl-df485bfa-7c5b-4a27-b9f2-b5a858908c51/datanode-2/data/ratis/18ec4da0-4c03-45e0-b12b-2adeb32b7081 for RaftStorage:Storage Directory /workdir/hadoop-ozone/integration-test/target/test-dir/MiniOzoneClusterImpl-df485bfa-7c5b-4a27-b9f2-b5a858908c51/datanode-2/data/ratis/18ec4da0-4c03-45e0-b12b-2adeb32b7081
2019-09-06 18:21:06,924 [pool-429-thread-1] INFO  server.RaftServerConfigKeys (ConfUtils.java:logGet(43)) - raft.server.log.queue.byte-limit = 2147483647 (custom)
2019-09-06 18:21:06,924 [pool-429-thread-1] INFO  server.RaftServerConfigKeys (ConfUtils.java:logGet(43)) - raft.server.log.queue.element-limit = 1024 (custom)
2019-09-06 18:21:06,924 [pool-429-thread-1] INFO  server.RaftServerConfigKeys (ConfUtils.java:logGet(43)) - raft.server.log.segment.size.max = 1048576 (custom)
2019-09-06 18:21:06,925 [pool-429-thread-1] INFO  server.RaftServerConfigKeys (ConfUtils.java:logGet(43)) - raft.server.log.preallocated.size = 16384 (custom)
2019-09-06 18:21:06,925 [pool-429-thread-1] INFO  server.RaftServerConfigKeys (ConfUtils.java:logGet(43)) - raft.server.log.write.buffer.size = 33554432 (custom)
2019-09-06 18:21:06,925 [pool-429-thread-1] INFO  server.RaftServerConfigKeys (ConfUtils.java:logGet(43)) - raft.server.log.force.sync.num = 128 (default)
2019-09-06 18:21:06,925 [pool-429-thread-1] INFO  server.RaftServerConfigKeys (ConfUtils.java:logGet(43)) - raft.server.log.statemachine.data.sync = true (default)
2019-09-06 18:21:06,925 [pool-429-thread-1] INFO  server.RaftServerConfigKeys (ConfUtils.java:logGet(43)) - raft.server.log.statemachine.data.sync.timeout = 10s (default)
2019-09-06 18:21:06,925 [pool-429-thread-1] INFO  server.RaftServerConfigKeys (ConfUtils.java:logGet(43)) - raft.server.log.statemachine.data.sync.timeout.retry = -1 (default)
2019-09-06 18:21:06,926 [pool-429-thread-1] INFO  server.RaftServerConfigKeys (ConfUtils.java:logGet(43)) - raft.server.log.statemachine.data.caching.enabled = true (custom)
2019-09-06 18:21:06,926 [pool-429-thread-1] INFO  segmented.SegmentedRaftLogWorker (SegmentedRaftLogWorker.java:lambda$new$0(132)) - 30545f38-8e82-400b-a19e-90c0bfc34e7b-SegmentedRaftLogWorker:Storage Directory /workdir/hadoop-ozone/integration-test/target/test-dir/MiniOzoneClusterImpl-df485bfa-7c5b-4a27-b9f2-b5a858908c51/datanode-2/data/ratis/18ec4da0-4c03-45e0-b12b-2adeb32b7081: flushIndex: setUnconditionally 0 -> -1
2019-09-06 18:21:06,926 [pool-429-thread-1] INFO  server.RaftServerConfigKeys (ConfUtils.java:logGet(43)) - raft.server.snapshot.auto.trigger.enabled = true (custom)
2019-09-06 18:21:06,926 [pool-429-thread-1] INFO  server.RaftServerConfigKeys (ConfUtils.java:logGet(43)) - raft.server.snapshot.auto.trigger.threshold = 10000 (custom)
2019-09-06 18:21:06,927 [pool-429-thread-1] INFO  server.RaftServerConfigKeys (ConfUtils.java:logGet(43)) - raft.server.retrycache.expirytime = 600000ms (custom)
2019-09-06 18:21:06,927 [pool-429-thread-1] INFO  impl.RaftServerImpl (RaftServerImpl.java:start(180)) - 30545f38-8e82-400b-a19e-90c0bfc34e7b: start group-2ADEB32B7081
2019-09-06 18:21:06,927 [pool-429-thread-1] INFO  impl.RaftServerImpl (RaftServerImpl.java:setRole(171)) - 30545f38-8e82-400b-a19e-90c0bfc34e7b:group-2ADEB32B7081 changes role from null to FOLLOWER at term 0 for startAsFollower
2019-09-06 18:21:06,927 [pool-429-thread-1] INFO  impl.RoleInfo (RoleInfo.java:updateAndGet(143)) - 30545f38-8e82-400b-a19e-90c0bfc34e7b: start FollowerState
2019-09-06 18:21:06,927 [pool-429-thread-1] INFO  util.JmxRegister (JmxRegister.java:tryRegister(44)) - Successfully registered JMX Bean with object name Ratis:service=RaftServer,group=group-2ADEB32B7081,id=30545f38-8e82-400b-a19e-90c0bfc34e7b
2019-09-06 18:21:06,932 [RatisPipelineUtilsThread] INFO  pipeline.PipelineStateManager (PipelineStateManager.java:addPipeline(56)) - Created pipeline Pipeline[ Id: 18ec4da0-4c03-45e0-b12b-2adeb32b7081, Nodes: 30545f38-8e82-400b-a19e-90c0bfc34e7b{ip: 192.168.69.114, host: pr-hdds-2087-fz2qp-2282948163, networkLocation: /default-rack, certSerialId: null}, Type:RATIS, Factor:ONE, State:OPEN]
2019-09-06 18:21:06,939 [grpc-default-executor-12] INFO  impl.RaftServerProxy (RaftServerProxy.java:addNew(89)) - 3c53ef1c-b6f6-452f-9d00-f37e19e3dc93: addNew group-D6DEA822E555:[3c53ef1c-b6f6-452f-9d00-f37e19e3dc93:192.168.69.114:36687] returns group-D6DEA822E555:java.util.concurrent.CompletableFuture@4431d30f[Not completed]
2019-09-06 18:21:06,941 [pool-439-thread-1] INFO  impl.RaftServerImpl (RaftServerImpl.java:<init>(93)) - 3c53ef1c-b6f6-452f-9d00-f37e19e3dc93: new RaftServerImpl for group-D6DEA822E555:[3c53ef1c-b6f6-452f-9d00-f37e19e3dc93:192.168.69.114:36687] with ContainerStateMachine:uninitialized
2019-09-06 18:21:06,941 [pool-439-thread-1] INFO  server.RaftServerConfigKeys (ConfUtils.java:logGet(43)) - raft.server.rpc.timeout.min = 5s (custom)
2019-09-06 18:21:06,941 [pool-439-thread-1] INFO  server.RaftServerConfigKeys (ConfUtils.java:logGet(43)) - raft.server.rpc.timeout.max = 5200ms (custom)
2019-09-06 18:21:06,941 [pool-439-thread-1] INFO  server.RaftServerConfigKeys (ConfUtils.java:logGet(43)) - raft.server.rpcslowness.timeout = 120s (custom)
2019-09-06 18:21:06,941 [pool-439-thread-1] INFO  server.RaftServerConfigKeys (ConfUtils.java:logGet(43)) - raft.server.sleep.deviation.threshold = 300 (default)
2019-09-06 18:21:06,941 [pool-439-thread-1] INFO  server.RaftServerConfigKeys (ConfUtils.java:logGet(43)) - raft.server.log.appender.install.snapshot.enabled = false (custom)
2019-09-06 18:21:06,941 [pool-439-thread-1] INFO  impl.RaftServerImpl (ServerState.java:<init>(105)) - 3c53ef1c-b6f6-452f-9d00-f37e19e3dc93:group-D6DEA822E555 ConfigurationManager, init=-1: [3c53ef1c-b6f6-452f-9d00-f37e19e3dc93:192.168.69.114:36687], old=null, confs=<EMPTY_MAP>
2019-09-06 18:21:06,942 [pool-439-thread-1] INFO  server.RaftServerConfigKeys (ConfUtils.java:logGet(43)) - raft.server.storage.dir = [/workdir/hadoop-ozone/integration-test/target/test-dir/MiniOzoneClusterImpl-df485bfa-7c5b-4a27-b9f2-b5a858908c51/datanode-3/data/ratis] (custom)
2019-09-06 18:21:06,942 [pool-439-thread-1] INFO  storage.RaftStorageDirectory (RaftStorageDirectory.java:analyzeStorage(246)) - The storage directory /workdir/hadoop-ozone/integration-test/target/test-dir/MiniOzoneClusterImpl-df485bfa-7c5b-4a27-b9f2-b5a858908c51/datanode-3/data/ratis/28cfaff3-acbd-4760-90c9-d6dea822e555 does not exist. Creating ...
2019-09-06 18:21:06,955 [pool-439-thread-1] INFO  storage.RaftStorageDirectory (RaftStorageDirectory.java:tryLock(328)) - Lock on /workdir/hadoop-ozone/integration-test/target/test-dir/MiniOzoneClusterImpl-df485bfa-7c5b-4a27-b9f2-b5a858908c51/datanode-3/data/ratis/28cfaff3-acbd-4760-90c9-d6dea822e555/in_use.lock acquired by nodename 17072@pr-hdds-2087-fz2qp-2282948163
2019-09-06 18:21:06,970 [pool-439-thread-1] INFO  storage.RaftStorage (RaftStorage.java:format(72)) - Storage directory /workdir/hadoop-ozone/integration-test/target/test-dir/MiniOzoneClusterImpl-df485bfa-7c5b-4a27-b9f2-b5a858908c51/datanode-3/data/ratis/28cfaff3-acbd-4760-90c9-d6dea822e555 has been successfully formatted.
2019-09-06 18:21:06,970 [pool-439-thread-1] INFO  ratis.ContainerStateMachine (ContainerStateMachine.java:loadSnapshot(227)) - group-D6DEA822E555: The snapshot info is null. Setting the last applied indexto:(t:0, i:~)
2019-09-06 18:21:06,970 [pool-439-thread-1] INFO  server.RaftServerConfigKeys (ConfUtils.java:logGet(43)) - raft.server.leader.election.timeout = 120s (custom)
2019-09-06 18:21:06,970 [pool-439-thread-1] INFO  server.RaftServerConfigKeys (ConfUtils.java:logGet(43)) - raft.server.log.use.memory = false (default)
2019-09-06 18:21:06,971 [pool-439-thread-1] INFO  server.RaftServerConfigKeys (ConfUtils.java:logGet(43)) - raft.server.log.purge.gap = 1000000 (custom)
2019-09-06 18:21:06,971 [pool-439-thread-1] INFO  server.RaftServerConfigKeys (ConfUtils.java:logGet(43)) - raft.server.log.appender.buffer.byte-limit = 33554432 (custom)
2019-09-06 18:21:06,971 [pool-439-thread-1] INFO  server.RaftServerConfigKeys (ConfUtils.java:logGet(43)) - raft.server.log.segment.size.max = 1048576 (custom)
2019-09-06 18:21:06,971 [pool-439-thread-1] INFO  server.RaftServerConfigKeys (ConfUtils.java:logGet(43)) - raft.server.log.segment.cache.num.max = 2 (custom)
2019-09-06 18:21:06,971 [pool-439-thread-1] INFO  segmented.SegmentedRaftLogWorker (SegmentedRaftLogWorker.java:<init>(172)) - new 3c53ef1c-b6f6-452f-9d00-f37e19e3dc93-SegmentedRaftLogWorker:Storage Directory /workdir/hadoop-ozone/integration-test/target/test-dir/MiniOzoneClusterImpl-df485bfa-7c5b-4a27-b9f2-b5a858908c51/datanode-3/data/ratis/28cfaff3-acbd-4760-90c9-d6dea822e555 for RaftStorage:Storage Directory /workdir/hadoop-ozone/integration-test/target/test-dir/MiniOzoneClusterImpl-df485bfa-7c5b-4a27-b9f2-b5a858908c51/datanode-3/data/ratis/28cfaff3-acbd-4760-90c9-d6dea822e555
2019-09-06 18:21:06,971 [pool-439-thread-1] INFO  server.RaftServerConfigKeys (ConfUtils.java:logGet(43)) - raft.server.log.queue.byte-limit = 2147483647 (custom)
2019-09-06 18:21:06,971 [pool-439-thread-1] INFO  server.RaftServerConfigKeys (ConfUtils.java:logGet(43)) - raft.server.log.queue.element-limit = 1024 (custom)
2019-09-06 18:21:06,971 [pool-439-thread-1] INFO  server.RaftServerConfigKeys (ConfUtils.java:logGet(43)) - raft.server.log.segment.size.max = 1048576 (custom)
2019-09-06 18:21:06,972 [pool-439-thread-1] INFO  server.RaftServerConfigKeys (ConfUtils.java:logGet(43)) - raft.server.log.preallocated.size = 16384 (custom)
2019-09-06 18:21:06,972 [pool-439-thread-1] INFO  server.RaftServerConfigKeys (ConfUtils.java:logGet(43)) - raft.server.log.write.buffer.size = 33554432 (custom)
2019-09-06 18:21:06,972 [pool-439-thread-1] INFO  server.RaftServerConfigKeys (ConfUtils.java:logGet(43)) - raft.server.log.force.sync.num = 128 (default)
2019-09-06 18:21:06,972 [pool-439-thread-1] INFO  server.RaftServerConfigKeys (ConfUtils.java:logGet(43)) - raft.server.log.statemachine.data.sync = true (default)
2019-09-06 18:21:06,972 [pool-439-thread-1] INFO  server.RaftServerConfigKeys (ConfUtils.java:logGet(43)) - raft.server.log.statemachine.data.sync.timeout = 10s (default)
2019-09-06 18:21:06,972 [pool-439-thread-1] INFO  server.RaftServerConfigKeys (ConfUtils.java:logGet(43)) - raft.server.log.statemachine.data.sync.timeout.retry = -1 (default)
2019-09-06 18:21:06,972 [pool-439-thread-1] INFO  server.RaftServerConfigKeys (ConfUtils.java:logGet(43)) - raft.server.log.statemachine.data.caching.enabled = true (custom)
2019-09-06 18:21:06,972 [pool-439-thread-1] INFO  segmented.SegmentedRaftLogWorker (SegmentedRaftLogWorker.java:lambda$new$0(132)) - 3c53ef1c-b6f6-452f-9d00-f37e19e3dc93-SegmentedRaftLogWorker:Storage Directory /workdir/hadoop-ozone/integration-test/target/test-dir/MiniOzoneClusterImpl-df485bfa-7c5b-4a27-b9f2-b5a858908c51/datanode-3/data/ratis/28cfaff3-acbd-4760-90c9-d6dea822e555: flushIndex: setUnconditionally 0 -> -1
2019-09-06 18:21:06,973 [pool-439-thread-1] INFO  server.RaftServerConfigKeys (ConfUtils.java:logGet(43)) - raft.server.snapshot.auto.trigger.enabled = true (custom)
2019-09-06 18:21:06,973 [pool-439-thread-1] INFO  server.RaftServerConfigKeys (ConfUtils.java:logGet(43)) - raft.server.snapshot.auto.trigger.threshold = 10000 (custom)
2019-09-06 18:21:06,973 [pool-439-thread-1] INFO  server.RaftServerConfigKeys (ConfUtils.java:logGet(43)) - raft.server.retrycache.expirytime = 600000ms (custom)
2019-09-06 18:21:06,973 [pool-439-thread-1] INFO  impl.RaftServerImpl (RaftServerImpl.java:start(180)) - 3c53ef1c-b6f6-452f-9d00-f37e19e3dc93: start group-D6DEA822E555
2019-09-06 18:21:06,973 [pool-439-thread-1] INFO  impl.RaftServerImpl (RaftServerImpl.java:setRole(171)) - 3c53ef1c-b6f6-452f-9d00-f37e19e3dc93:group-D6DEA822E555 changes role from null to FOLLOWER at term 0 for startAsFollower
2019-09-06 18:21:06,973 [pool-439-thread-1] INFO  impl.RoleInfo (RoleInfo.java:updateAndGet(143)) - 3c53ef1c-b6f6-452f-9d00-f37e19e3dc93: start FollowerState
2019-09-06 18:21:06,974 [pool-439-thread-1] INFO  util.JmxRegister (JmxRegister.java:tryRegister(44)) - Successfully registered JMX Bean with object name Ratis:service=RaftServer,group=group-D6DEA822E555,id=3c53ef1c-b6f6-452f-9d00-f37e19e3dc93
2019-09-06 18:21:06,978 [RatisPipelineUtilsThread] INFO  pipeline.PipelineStateManager (PipelineStateManager.java:addPipeline(56)) - Created pipeline Pipeline[ Id: 28cfaff3-acbd-4760-90c9-d6dea822e555, Nodes: 3c53ef1c-b6f6-452f-9d00-f37e19e3dc93{ip: 192.168.69.114, host: pr-hdds-2087-fz2qp-2282948163, networkLocation: /default-rack, certSerialId: null}, Type:RATIS, Factor:ONE, State:OPEN]
2019-09-06 18:21:06,987 [IPC Server handler 1 on 35532] INFO  net.NetworkTopology (NetworkTopologyImpl.java:add(110)) - Added a new node: /default-rack/a54807b1-ebdd-43a3-bb40-59a7287becce
2019-09-06 18:21:06,987 [IPC Server handler 1 on 35532] INFO  node.SCMNodeManager (SCMNodeManager.java:register(266)) - Registered Data node : a54807b1-ebdd-43a3-bb40-59a7287becce{ip: 192.168.69.114, host: pr-hdds-2087-fz2qp-2282948163, networkLocation: /default-rack, certSerialId: null}
2019-09-06 18:21:06,988 [grpc-default-executor-12] INFO  impl.RaftServerProxy (RaftServerProxy.java:addNew(89)) - 30545f38-8e82-400b-a19e-90c0bfc34e7b: addNew group-4BE1F7773F85:[b336e002-869c-4cc6-9928-d81b64790b84:192.168.69.114:44616, 3c53ef1c-b6f6-452f-9d00-f37e19e3dc93:192.168.69.114:36687, 30545f38-8e82-400b-a19e-90c0bfc34e7b:192.168.69.114:32866] returns group-4BE1F7773F85:java.util.concurrent.CompletableFuture@340ffee4[Not completed]
2019-09-06 18:21:06,988 [grpc-default-executor-11] INFO  impl.RaftServerProxy (RaftServerProxy.java:addNew(89)) - b336e002-869c-4cc6-9928-d81b64790b84: addNew group-4BE1F7773F85:[b336e002-869c-4cc6-9928-d81b64790b84:192.168.69.114:44616, 3c53ef1c-b6f6-452f-9d00-f37e19e3dc93:192.168.69.114:36687, 30545f38-8e82-400b-a19e-90c0bfc34e7b:192.168.69.114:32866] returns group-4BE1F7773F85:java.util.concurrent.CompletableFuture@7f0616cf[Not completed]
2019-09-06 18:21:06,988 [grpc-default-executor-5] INFO  impl.RaftServerProxy (RaftServerProxy.java:addNew(89)) - 3c53ef1c-b6f6-452f-9d00-f37e19e3dc93: addNew group-4BE1F7773F85:[b336e002-869c-4cc6-9928-d81b64790b84:192.168.69.114:44616, 3c53ef1c-b6f6-452f-9d00-f37e19e3dc93:192.168.69.114:36687, 30545f38-8e82-400b-a19e-90c0bfc34e7b:192.168.69.114:32866] returns group-4BE1F7773F85:java.util.concurrent.CompletableFuture@7bbe8203[Not completed]
2019-09-06 18:21:06,989 [pool-429-thread-1] INFO  impl.RaftServerImpl (RaftServerImpl.java:<init>(93)) - 30545f38-8e82-400b-a19e-90c0bfc34e7b: new RaftServerImpl for group-4BE1F7773F85:[b336e002-869c-4cc6-9928-d81b64790b84:192.168.69.114:44616, 3c53ef1c-b6f6-452f-9d00-f37e19e3dc93:192.168.69.114:36687, 30545f38-8e82-400b-a19e-90c0bfc34e7b:192.168.69.114:32866] with ContainerStateMachine:uninitialized
2019-09-06 18:21:06,989 [pool-429-thread-1] INFO  server.RaftServerConfigKeys (ConfUtils.java:logGet(43)) - raft.server.rpc.timeout.min = 5s (custom)
2019-09-06 18:21:06,989 [pool-429-thread-1] INFO  server.RaftServerConfigKeys (ConfUtils.java:logGet(43)) - raft.server.rpc.timeout.max = 5200ms (custom)
2019-09-06 18:21:06,990 [pool-429-thread-1] INFO  server.RaftServerConfigKeys (ConfUtils.java:logGet(43)) - raft.server.rpcslowness.timeout = 120s (custom)
2019-09-06 18:21:06,990 [pool-429-thread-1] INFO  server.RaftServerConfigKeys (ConfUtils.java:logGet(43)) - raft.server.sleep.deviation.threshold = 300 (default)
2019-09-06 18:21:06,990 [pool-429-thread-1] INFO  server.RaftServerConfigKeys (ConfUtils.java:logGet(43)) - raft.server.log.appender.install.snapshot.enabled = false (custom)
2019-09-06 18:21:06,990 [pool-419-thread-1] INFO  impl.RaftServerImpl (RaftServerImpl.java:<init>(93)) - b336e002-869c-4cc6-9928-d81b64790b84: new RaftServerImpl for group-4BE1F7773F85:[b336e002-869c-4cc6-9928-d81b64790b84:192.168.69.114:44616, 3c53ef1c-b6f6-452f-9d00-f37e19e3dc93:192.168.69.114:36687, 30545f38-8e82-400b-a19e-90c0bfc34e7b:192.168.69.114:32866] with ContainerStateMachine:uninitialized
2019-09-06 18:21:06,990 [pool-429-thread-1] INFO  impl.RaftServerImpl (ServerState.java:<init>(105)) - 30545f38-8e82-400b-a19e-90c0bfc34e7b:group-4BE1F7773F85 ConfigurationManager, init=-1: [b336e002-869c-4cc6-9928-d81b64790b84:192.168.69.114:44616, 3c53ef1c-b6f6-452f-9d00-f37e19e3dc93:192.168.69.114:36687, 30545f38-8e82-400b-a19e-90c0bfc34e7b:192.168.69.114:32866], old=null, confs=<EMPTY_MAP>
2019-09-06 18:21:06,990 [pool-419-thread-1] INFO  server.RaftServerConfigKeys (ConfUtils.java:logGet(43)) - raft.server.rpc.timeout.min = 5s (custom)
2019-09-06 18:21:06,990 [pool-429-thread-1] INFO  server.RaftServerConfigKeys (ConfUtils.java:logGet(43)) - raft.server.storage.dir = [/workdir/hadoop-ozone/integration-test/target/test-dir/MiniOzoneClusterImpl-df485bfa-7c5b-4a27-b9f2-b5a858908c51/datanode-2/data/ratis] (custom)
2019-09-06 18:21:06,990 [pool-439-thread-1] INFO  impl.RaftServerImpl (RaftServerImpl.java:<init>(93)) - 3c53ef1c-b6f6-452f-9d00-f37e19e3dc93: new RaftServerImpl for group-4BE1F7773F85:[b336e002-869c-4cc6-9928-d81b64790b84:192.168.69.114:44616, 3c53ef1c-b6f6-452f-9d00-f37e19e3dc93:192.168.69.114:36687, 30545f38-8e82-400b-a19e-90c0bfc34e7b:192.168.69.114:32866] with ContainerStateMachine:uninitialized
2019-09-06 18:21:06,990 [pool-419-thread-1] INFO  server.RaftServerConfigKeys (ConfUtils.java:logGet(43)) - raft.server.rpc.timeout.max = 5200ms (custom)
2019-09-06 18:21:06,991 [pool-439-thread-1] INFO  server.RaftServerConfigKeys (ConfUtils.java:logGet(43)) - raft.server.rpc.timeout.min = 5s (custom)
2019-09-06 18:21:06,991 [pool-429-thread-1] INFO  storage.RaftStorageDirectory (RaftStorageDirectory.java:analyzeStorage(246)) - The storage directory /workdir/hadoop-ozone/integration-test/target/test-dir/MiniOzoneClusterImpl-df485bfa-7c5b-4a27-b9f2-b5a858908c51/datanode-2/data/ratis/5e626beb-1dea-46b2-92eb-4be1f7773f85 does not exist. Creating ...
2019-09-06 18:21:06,991 [pool-419-thread-1] INFO  server.RaftServerConfigKeys (ConfUtils.java:logGet(43)) - raft.server.rpcslowness.timeout = 120s (custom)
2019-09-06 18:21:06,991 [pool-439-thread-1] INFO  server.RaftServerConfigKeys (ConfUtils.java:logGet(43)) - raft.server.rpc.timeout.max = 5200ms (custom)
2019-09-06 18:21:06,991 [pool-419-thread-1] INFO  server.RaftServerConfigKeys (ConfUtils.java:logGet(43)) - raft.server.sleep.deviation.threshold = 300 (default)
2019-09-06 18:21:06,991 [pool-439-thread-1] INFO  server.RaftServerConfigKeys (ConfUtils.java:logGet(43)) - raft.server.rpcslowness.timeout = 120s (custom)
2019-09-06 18:21:06,991 [pool-419-thread-1] INFO  server.RaftServerConfigKeys (ConfUtils.java:logGet(43)) - raft.server.log.appender.install.snapshot.enabled = false (custom)
2019-09-06 18:21:06,992 [pool-439-thread-1] INFO  server.RaftServerConfigKeys (ConfUtils.java:logGet(43)) - raft.server.sleep.deviation.threshold = 300 (default)
2019-09-06 18:21:06,992 [pool-419-thread-1] INFO  impl.RaftServerImpl (ServerState.java:<init>(105)) - b336e002-869c-4cc6-9928-d81b64790b84:group-4BE1F7773F85 ConfigurationManager, init=-1: [b336e002-869c-4cc6-9928-d81b64790b84:192.168.69.114:44616, 3c53ef1c-b6f6-452f-9d00-f37e19e3dc93:192.168.69.114:36687, 30545f38-8e82-400b-a19e-90c0bfc34e7b:192.168.69.114:32866], old=null, confs=<EMPTY_MAP>
2019-09-06 18:21:06,992 [pool-439-thread-1] INFO  server.RaftServerConfigKeys (ConfUtils.java:logGet(43)) - raft.server.log.appender.install.snapshot.enabled = false (custom)
2019-09-06 18:21:06,992 [pool-419-thread-1] INFO  server.RaftServerConfigKeys (ConfUtils.java:logGet(43)) - raft.server.storage.dir = [/workdir/hadoop-ozone/integration-test/target/test-dir/MiniOzoneClusterImpl-df485bfa-7c5b-4a27-b9f2-b5a858908c51/datanode-1/data/ratis] (custom)
2019-09-06 18:21:06,992 [pool-439-thread-1] INFO  impl.RaftServerImpl (ServerState.java:<init>(105)) - 3c53ef1c-b6f6-452f-9d00-f37e19e3dc93:group-4BE1F7773F85 ConfigurationManager, init=-1: [b336e002-869c-4cc6-9928-d81b64790b84:192.168.69.114:44616, 3c53ef1c-b6f6-452f-9d00-f37e19e3dc93:192.168.69.114:36687, 30545f38-8e82-400b-a19e-90c0bfc34e7b:192.168.69.114:32866], old=null, confs=<EMPTY_MAP>
2019-09-06 18:21:06,992 [pool-439-thread-1] INFO  server.RaftServerConfigKeys (ConfUtils.java:logGet(43)) - raft.server.storage.dir = [/workdir/hadoop-ozone/integration-test/target/test-dir/MiniOzoneClusterImpl-df485bfa-7c5b-4a27-b9f2-b5a858908c51/datanode-3/data/ratis] (custom)
2019-09-06 18:21:06,992 [pool-419-thread-1] INFO  storage.RaftStorageDirectory (RaftStorageDirectory.java:analyzeStorage(246)) - The storage directory /workdir/hadoop-ozone/integration-test/target/test-dir/MiniOzoneClusterImpl-df485bfa-7c5b-4a27-b9f2-b5a858908c51/datanode-1/data/ratis/5e626beb-1dea-46b2-92eb-4be1f7773f85 does not exist. Creating ...
2019-09-06 18:21:06,992 [pool-439-thread-1] INFO  storage.RaftStorageDirectory (RaftStorageDirectory.java:analyzeStorage(246)) - The storage directory /workdir/hadoop-ozone/integration-test/target/test-dir/MiniOzoneClusterImpl-df485bfa-7c5b-4a27-b9f2-b5a858908c51/datanode-3/data/ratis/5e626beb-1dea-46b2-92eb-4be1f7773f85 does not exist. Creating ...
2019-09-06 18:21:07,006 [pool-439-thread-1] INFO  storage.RaftStorageDirectory (RaftStorageDirectory.java:tryLock(328)) - Lock on /workdir/hadoop-ozone/integration-test/target/test-dir/MiniOzoneClusterImpl-df485bfa-7c5b-4a27-b9f2-b5a858908c51/datanode-3/data/ratis/5e626beb-1dea-46b2-92eb-4be1f7773f85/in_use.lock acquired by nodename 17072@pr-hdds-2087-fz2qp-2282948163
2019-09-06 18:21:07,006 [pool-419-thread-1] INFO  storage.RaftStorageDirectory (RaftStorageDirectory.java:tryLock(328)) - Lock on /workdir/hadoop-ozone/integration-test/target/test-dir/MiniOzoneClusterImpl-df485bfa-7c5b-4a27-b9f2-b5a858908c51/datanode-1/data/ratis/5e626beb-1dea-46b2-92eb-4be1f7773f85/in_use.lock acquired by nodename 17072@pr-hdds-2087-fz2qp-2282948163
2019-09-06 18:21:07,006 [pool-429-thread-1] INFO  storage.RaftStorageDirectory (RaftStorageDirectory.java:tryLock(328)) - Lock on /workdir/hadoop-ozone/integration-test/target/test-dir/MiniOzoneClusterImpl-df485bfa-7c5b-4a27-b9f2-b5a858908c51/datanode-2/data/ratis/5e626beb-1dea-46b2-92eb-4be1f7773f85/in_use.lock acquired by nodename 17072@pr-hdds-2087-fz2qp-2282948163
2019-09-06 18:21:07,036 [pool-429-thread-1] INFO  storage.RaftStorage (RaftStorage.java:format(72)) - Storage directory /workdir/hadoop-ozone/integration-test/target/test-dir/MiniOzoneClusterImpl-df485bfa-7c5b-4a27-b9f2-b5a858908c51/datanode-2/data/ratis/5e626beb-1dea-46b2-92eb-4be1f7773f85 has been successfully formatted.
2019-09-06 18:21:07,036 [pool-439-thread-1] INFO  storage.RaftStorage (RaftStorage.java:format(72)) - Storage directory /workdir/hadoop-ozone/integration-test/target/test-dir/MiniOzoneClusterImpl-df485bfa-7c5b-4a27-b9f2-b5a858908c51/datanode-3/data/ratis/5e626beb-1dea-46b2-92eb-4be1f7773f85 has been successfully formatted.
2019-09-06 18:21:07,036 [pool-419-thread-1] INFO  storage.RaftStorage (RaftStorage.java:format(72)) - Storage directory /workdir/hadoop-ozone/integration-test/target/test-dir/MiniOzoneClusterImpl-df485bfa-7c5b-4a27-b9f2-b5a858908c51/datanode-1/data/ratis/5e626beb-1dea-46b2-92eb-4be1f7773f85 has been successfully formatted.
2019-09-06 18:21:07,037 [pool-429-thread-1] INFO  ratis.ContainerStateMachine (ContainerStateMachine.java:loadSnapshot(227)) - group-4BE1F7773F85: The snapshot info is null. Setting the last applied indexto:(t:0, i:~)
2019-09-06 18:21:07,037 [pool-419-thread-1] INFO  ratis.ContainerStateMachine (ContainerStateMachine.java:loadSnapshot(227)) - group-4BE1F7773F85: The snapshot info is null. Setting the last applied indexto:(t:0, i:~)
2019-09-06 18:21:07,037 [pool-439-thread-1] INFO  ratis.ContainerStateMachine (ContainerStateMachine.java:loadSnapshot(227)) - group-4BE1F7773F85: The snapshot info is null. Setting the last applied indexto:(t:0, i:~)
2019-09-06 18:21:07,037 [pool-419-thread-1] INFO  server.RaftServerConfigKeys (ConfUtils.java:logGet(43)) - raft.server.leader.election.timeout = 120s (custom)
2019-09-06 18:21:07,037 [pool-429-thread-1] INFO  server.RaftServerConfigKeys (ConfUtils.java:logGet(43)) - raft.server.leader.election.timeout = 120s (custom)
2019-09-06 18:21:07,038 [pool-419-thread-1] INFO  server.RaftServerConfigKeys (ConfUtils.java:logGet(43)) - raft.server.log.use.memory = false (default)
2019-09-06 18:21:07,038 [pool-439-thread-1] INFO  server.RaftServerConfigKeys (ConfUtils.java:logGet(43)) - raft.server.leader.election.timeout = 120s (custom)
2019-09-06 18:21:07,038 [pool-419-thread-1] INFO  server.RaftServerConfigKeys (ConfUtils.java:logGet(43)) - raft.server.log.purge.gap = 1000000 (custom)
2019-09-06 18:21:07,038 [pool-429-thread-1] INFO  server.RaftServerConfigKeys (ConfUtils.java:logGet(43)) - raft.server.log.use.memory = false (default)
2019-09-06 18:21:07,038 [pool-419-thread-1] INFO  server.RaftServerConfigKeys (ConfUtils.java:logGet(43)) - raft.server.log.appender.buffer.byte-limit = 33554432 (custom)
2019-09-06 18:21:07,038 [pool-439-thread-1] INFO  server.RaftServerConfigKeys (ConfUtils.java:logGet(43)) - raft.server.log.use.memory = false (default)
2019-09-06 18:21:07,039 [pool-419-thread-1] INFO  server.RaftServerConfigKeys (ConfUtils.java:logGet(43)) - raft.server.log.segment.size.max = 1048576 (custom)
2019-09-06 18:21:07,039 [pool-429-thread-1] INFO  server.RaftServerConfigKeys (ConfUtils.java:logGet(43)) - raft.server.log.purge.gap = 1000000 (custom)
2019-09-06 18:21:07,039 [pool-419-thread-1] INFO  server.RaftServerConfigKeys (ConfUtils.java:logGet(43)) - raft.server.log.segment.cache.num.max = 2 (custom)
2019-09-06 18:21:07,039 [pool-439-thread-1] INFO  server.RaftServerConfigKeys (ConfUtils.java:logGet(43)) - raft.server.log.purge.gap = 1000000 (custom)
2019-09-06 18:21:07,039 [pool-419-thread-1] INFO  segmented.SegmentedRaftLogWorker (SegmentedRaftLogWorker.java:<init>(172)) - new b336e002-869c-4cc6-9928-d81b64790b84-SegmentedRaftLogWorker:Storage Directory /workdir/hadoop-ozone/integration-test/target/test-dir/MiniOzoneClusterImpl-df485bfa-7c5b-4a27-b9f2-b5a858908c51/datanode-1/data/ratis/5e626beb-1dea-46b2-92eb-4be1f7773f85 for RaftStorage:Storage Directory /workdir/hadoop-ozone/integration-test/target/test-dir/MiniOzoneClusterImpl-df485bfa-7c5b-4a27-b9f2-b5a858908c51/datanode-1/data/ratis/5e626beb-1dea-46b2-92eb-4be1f7773f85
2019-09-06 18:21:07,039 [pool-429-thread-1] INFO  server.RaftServerConfigKeys (ConfUtils.java:logGet(43)) - raft.server.log.appender.buffer.byte-limit = 33554432 (custom)
2019-09-06 18:21:07,040 [pool-419-thread-1] INFO  server.RaftServerConfigKeys (ConfUtils.java:logGet(43)) - raft.server.log.queue.byte-limit = 2147483647 (custom)
2019-09-06 18:21:07,039 [pool-439-thread-1] INFO  server.RaftServerConfigKeys (ConfUtils.java:logGet(43)) - raft.server.log.appender.buffer.byte-limit = 33554432 (custom)
2019-09-06 18:21:07,040 [pool-419-thread-1] INFO  server.RaftServerConfigKeys (ConfUtils.java:logGet(43)) - raft.server.log.queue.element-limit = 1024 (custom)
2019-09-06 18:21:07,040 [pool-429-thread-1] INFO  server.RaftServerConfigKeys (ConfUtils.java:logGet(43)) - raft.server.log.segment.size.max = 1048576 (custom)
2019-09-06 18:21:07,040 [pool-419-thread-1] INFO  server.RaftServerConfigKeys (ConfUtils.java:logGet(43)) - raft.server.log.segment.size.max = 1048576 (custom)
2019-09-06 18:21:07,041 [pool-419-thread-1] INFO  server.RaftServerConfigKeys (ConfUtils.java:logGet(43)) - raft.server.log.preallocated.size = 16384 (custom)
2019-09-06 18:21:07,040 [pool-439-thread-1] INFO  server.RaftServerConfigKeys (ConfUtils.java:logGet(43)) - raft.server.log.segment.size.max = 1048576 (custom)
2019-09-06 18:21:07,041 [pool-419-thread-1] INFO  server.RaftServerConfigKeys (ConfUtils.java:logGet(43)) - raft.server.log.write.buffer.size = 33554432 (custom)
2019-09-06 18:21:07,040 [pool-429-thread-1] INFO  server.RaftServerConfigKeys (ConfUtils.java:logGet(43)) - raft.server.log.segment.cache.num.max = 2 (custom)
2019-09-06 18:21:07,041 [pool-419-thread-1] INFO  server.RaftServerConfigKeys (ConfUtils.java:logGet(43)) - raft.server.log.force.sync.num = 128 (default)
2019-09-06 18:21:07,041 [pool-439-thread-1] INFO  server.RaftServerConfigKeys (ConfUtils.java:logGet(43)) - raft.server.log.segment.cache.num.max = 2 (custom)
2019-09-06 18:21:07,041 [pool-419-thread-1] INFO  server.RaftServerConfigKeys (ConfUtils.java:logGet(43)) - raft.server.log.statemachine.data.sync = true (default)
2019-09-06 18:21:07,041 [pool-429-thread-1] INFO  segmented.SegmentedRaftLogWorker (SegmentedRaftLogWorker.java:<init>(172)) - new 30545f38-8e82-400b-a19e-90c0bfc34e7b-SegmentedRaftLogWorker:Storage Directory /workdir/hadoop-ozone/integration-test/target/test-dir/MiniOzoneClusterImpl-df485bfa-7c5b-4a27-b9f2-b5a858908c51/datanode-2/data/ratis/5e626beb-1dea-46b2-92eb-4be1f7773f85 for RaftStorage:Storage Directory /workdir/hadoop-ozone/integration-test/target/test-dir/MiniOzoneClusterImpl-df485bfa-7c5b-4a27-b9f2-b5a858908c51/datanode-2/data/ratis/5e626beb-1dea-46b2-92eb-4be1f7773f85
2019-09-06 18:21:07,042 [pool-419-thread-1] INFO  server.RaftServerConfigKeys (ConfUtils.java:logGet(43)) - raft.server.log.statemachine.data.sync.timeout = 10s (default)
2019-09-06 18:21:07,042 [pool-439-thread-1] INFO  segmented.SegmentedRaftLogWorker (SegmentedRaftLogWorker.java:<init>(172)) - new 3c53ef1c-b6f6-452f-9d00-f37e19e3dc93-SegmentedRaftLogWorker:Storage Directory /workdir/hadoop-ozone/integration-test/target/test-dir/MiniOzoneClusterImpl-df485bfa-7c5b-4a27-b9f2-b5a858908c51/datanode-3/data/ratis/5e626beb-1dea-46b2-92eb-4be1f7773f85 for RaftStorage:Storage Directory /workdir/hadoop-ozone/integration-test/target/test-dir/MiniOzoneClusterImpl-df485bfa-7c5b-4a27-b9f2-b5a858908c51/datanode-3/data/ratis/5e626beb-1dea-46b2-92eb-4be1f7773f85
2019-09-06 18:21:07,042 [pool-419-thread-1] INFO  server.RaftServerConfigKeys (ConfUtils.java:logGet(43)) - raft.server.log.statemachine.data.sync.timeout.retry = -1 (default)
2019-09-06 18:21:07,042 [pool-429-thread-1] INFO  server.RaftServerConfigKeys (ConfUtils.java:logGet(43)) - raft.server.log.queue.byte-limit = 2147483647 (custom)
2019-09-06 18:21:07,042 [pool-419-thread-1] INFO  server.RaftServerConfigKeys (ConfUtils.java:logGet(43)) - raft.server.log.statemachine.data.caching.enabled = true (custom)
2019-09-06 18:21:07,042 [pool-439-thread-1] INFO  server.RaftServerConfigKeys (ConfUtils.java:logGet(43)) - raft.server.log.queue.byte-limit = 2147483647 (custom)
2019-09-06 18:21:07,043 [pool-429-thread-1] INFO  server.RaftServerConfigKeys (ConfUtils.java:logGet(43)) - raft.server.log.queue.element-limit = 1024 (custom)
2019-09-06 18:21:07,043 [pool-439-thread-1] INFO  server.RaftServerConfigKeys (ConfUtils.java:logGet(43)) - raft.server.log.queue.element-limit = 1024 (custom)
2019-09-06 18:21:07,043 [pool-419-thread-1] INFO  segmented.SegmentedRaftLogWorker (SegmentedRaftLogWorker.java:lambda$new$0(132)) - b336e002-869c-4cc6-9928-d81b64790b84-SegmentedRaftLogWorker:Storage Directory /workdir/hadoop-ozone/integration-test/target/test-dir/MiniOzoneClusterImpl-df485bfa-7c5b-4a27-b9f2-b5a858908c51/datanode-1/data/ratis/5e626beb-1dea-46b2-92eb-4be1f7773f85: flushIndex: setUnconditionally 0 -> -1
2019-09-06 18:21:07,043 [pool-439-thread-1] INFO  server.RaftServerConfigKeys (ConfUtils.java:logGet(43)) - raft.server.log.segment.size.max = 1048576 (custom)
2019-09-06 18:21:07,043 [pool-429-thread-1] INFO  server.RaftServerConfigKeys (ConfUtils.java:logGet(43)) - raft.server.log.segment.size.max = 1048576 (custom)
2019-09-06 18:21:07,044 [pool-439-thread-1] INFO  server.RaftServerConfigKeys (ConfUtils.java:logGet(43)) - raft.server.log.preallocated.size = 16384 (custom)
2019-09-06 18:21:07,044 [pool-419-thread-1] INFO  server.RaftServerConfigKeys (ConfUtils.java:logGet(43)) - raft.server.snapshot.auto.trigger.enabled = true (custom)
2019-09-06 18:21:07,044 [pool-439-thread-1] INFO  server.RaftServerConfigKeys (ConfUtils.java:logGet(43)) - raft.server.log.write.buffer.size = 33554432 (custom)
2019-09-06 18:21:07,044 [pool-439-thread-1] INFO  server.RaftServerConfigKeys (ConfUtils.java:logGet(43)) - raft.server.log.force.sync.num = 128 (default)
2019-09-06 18:21:07,044 [pool-429-thread-1] INFO  server.RaftServerConfigKeys (ConfUtils.java:logGet(43)) - raft.server.log.preallocated.size = 16384 (custom)
2019-09-06 18:21:07,044 [pool-439-thread-1] INFO  server.RaftServerConfigKeys (ConfUtils.java:logGet(43)) - raft.server.log.statemachine.data.sync = true (default)
2019-09-06 18:21:07,044 [pool-419-thread-1] INFO  server.RaftServerConfigKeys (ConfUtils.java:logGet(43)) - raft.server.snapshot.auto.trigger.threshold = 10000 (custom)
2019-09-06 18:21:07,045 [pool-439-thread-1] INFO  server.RaftServerConfigKeys (ConfUtils.java:logGet(43)) - raft.server.log.statemachine.data.sync.timeout = 10s (default)
2019-09-06 18:21:07,045 [pool-429-thread-1] INFO  server.RaftServerConfigKeys (ConfUtils.java:logGet(43)) - raft.server.log.write.buffer.size = 33554432 (custom)
2019-09-06 18:21:07,045 [pool-429-thread-1] INFO  server.RaftServerConfigKeys (ConfUtils.java:logGet(43)) - raft.server.log.force.sync.num = 128 (default)
2019-09-06 18:21:07,045 [pool-439-thread-1] INFO  server.RaftServerConfigKeys (ConfUtils.java:logGet(43)) - raft.server.log.statemachine.data.sync.timeout.retry = -1 (default)
2019-09-06 18:21:07,045 [pool-419-thread-1] INFO  server.RaftServerConfigKeys (ConfUtils.java:logGet(43)) - raft.server.retrycache.expirytime = 600000ms (custom)
2019-09-06 18:21:07,046 [pool-439-thread-1] INFO  server.RaftServerConfigKeys (ConfUtils.java:logGet(43)) - raft.server.log.statemachine.data.caching.enabled = true (custom)
2019-09-06 18:21:07,046 [pool-429-thread-1] INFO  server.RaftServerConfigKeys (ConfUtils.java:logGet(43)) - raft.server.log.statemachine.data.sync = true (default)
2019-09-06 18:21:07,046 [pool-439-thread-1] INFO  segmented.SegmentedRaftLogWorker (SegmentedRaftLogWorker.java:lambda$new$0(132)) - 3c53ef1c-b6f6-452f-9d00-f37e19e3dc93-SegmentedRaftLogWorker:Storage Directory /workdir/hadoop-ozone/integration-test/target/test-dir/MiniOzoneClusterImpl-df485bfa-7c5b-4a27-b9f2-b5a858908c51/datanode-3/data/ratis/5e626beb-1dea-46b2-92eb-4be1f7773f85: flushIndex: setUnconditionally 0 -> -1
2019-09-06 18:21:07,046 [pool-419-thread-1] INFO  impl.RaftServerImpl (RaftServerImpl.java:start(180)) - b336e002-869c-4cc6-9928-d81b64790b84: start group-4BE1F7773F85
2019-09-06 18:21:07,046 [pool-429-thread-1] INFO  server.RaftServerConfigKeys (ConfUtils.java:logGet(43)) - raft.server.log.statemachine.data.sync.timeout = 10s (default)
2019-09-06 18:21:07,047 [pool-439-thread-1] INFO  server.RaftServerConfigKeys (ConfUtils.java:logGet(43)) - raft.server.snapshot.auto.trigger.enabled = true (custom)
2019-09-06 18:21:07,046 [pool-419-thread-1] INFO  impl.RaftServerImpl (RaftServerImpl.java:setRole(171)) - b336e002-869c-4cc6-9928-d81b64790b84:group-4BE1F7773F85 changes role from null to FOLLOWER at term 0 for startAsFollower
2019-09-06 18:21:07,047 [pool-439-thread-1] INFO  server.RaftServerConfigKeys (ConfUtils.java:logGet(43)) - raft.server.snapshot.auto.trigger.threshold = 10000 (custom)
2019-09-06 18:21:07,047 [pool-429-thread-1] INFO  server.RaftServerConfigKeys (ConfUtils.java:logGet(43)) - raft.server.log.statemachine.data.sync.timeout.retry = -1 (default)
2019-09-06 18:21:07,047 [pool-439-thread-1] INFO  server.RaftServerConfigKeys (ConfUtils.java:logGet(43)) - raft.server.retrycache.expirytime = 600000ms (custom)
2019-09-06 18:21:07,047 [pool-419-thread-1] INFO  impl.RoleInfo (RoleInfo.java:updateAndGet(143)) - b336e002-869c-4cc6-9928-d81b64790b84: start FollowerState
2019-09-06 18:21:07,048 [pool-439-thread-1] INFO  impl.RaftServerImpl (RaftServerImpl.java:start(180)) - 3c53ef1c-b6f6-452f-9d00-f37e19e3dc93: start group-4BE1F7773F85
2019-09-06 18:21:07,047 [pool-429-thread-1] INFO  server.RaftServerConfigKeys (ConfUtils.java:logGet(43)) - raft.server.log.statemachine.data.caching.enabled = true (custom)
2019-09-06 18:21:07,048 [pool-419-thread-1] INFO  util.JmxRegister (JmxRegister.java:tryRegister(44)) - Successfully registered JMX Bean with object name Ratis:service=RaftServer,group=group-4BE1F7773F85,id=b336e002-869c-4cc6-9928-d81b64790b84
2019-09-06 18:21:07,048 [pool-439-thread-1] INFO  impl.RaftServerImpl (RaftServerImpl.java:setRole(171)) - 3c53ef1c-b6f6-452f-9d00-f37e19e3dc93:group-4BE1F7773F85 changes role from null to FOLLOWER at term 0 for startAsFollower
2019-09-06 18:21:07,048 [pool-429-thread-1] INFO  segmented.SegmentedRaftLogWorker (SegmentedRaftLogWorker.java:lambda$new$0(132)) - 30545f38-8e82-400b-a19e-90c0bfc34e7b-SegmentedRaftLogWorker:Storage Directory /workdir/hadoop-ozone/integration-test/target/test-dir/MiniOzoneClusterImpl-df485bfa-7c5b-4a27-b9f2-b5a858908c51/datanode-2/data/ratis/5e626beb-1dea-46b2-92eb-4be1f7773f85: flushIndex: setUnconditionally 0 -> -1
2019-09-06 18:21:07,048 [pool-439-thread-1] INFO  impl.RoleInfo (RoleInfo.java:updateAndGet(143)) - 3c53ef1c-b6f6-452f-9d00-f37e19e3dc93: start FollowerState
2019-09-06 18:21:07,049 [pool-429-thread-1] INFO  server.RaftServerConfigKeys (ConfUtils.java:logGet(43)) - raft.server.snapshot.auto.trigger.enabled = true (custom)
2019-09-06 18:21:07,049 [pool-429-thread-1] INFO  server.RaftServerConfigKeys (ConfUtils.java:logGet(43)) - raft.server.snapshot.auto.trigger.threshold = 10000 (custom)
2019-09-06 18:21:07,049 [pool-439-thread-1] INFO  util.JmxRegister (JmxRegister.java:tryRegister(44)) - Successfully registered JMX Bean with object name Ratis:service=RaftServer,group=group-4BE1F7773F85,id=3c53ef1c-b6f6-452f-9d00-f37e19e3dc93
2019-09-06 18:21:07,049 [pool-429-thread-1] INFO  server.RaftServerConfigKeys (ConfUtils.java:logGet(43)) - raft.server.retrycache.expirytime = 600000ms (custom)
2019-09-06 18:21:07,052 [pool-429-thread-1] INFO  impl.RaftServerImpl (RaftServerImpl.java:start(180)) - 30545f38-8e82-400b-a19e-90c0bfc34e7b: start group-4BE1F7773F85
2019-09-06 18:21:07,053 [pool-429-thread-1] INFO  impl.RaftServerImpl (RaftServerImpl.java:setRole(171)) - 30545f38-8e82-400b-a19e-90c0bfc34e7b:group-4BE1F7773F85 changes role from null to FOLLOWER at term 0 for startAsFollower
2019-09-06 18:21:07,053 [pool-429-thread-1] INFO  impl.RoleInfo (RoleInfo.java:updateAndGet(143)) - 30545f38-8e82-400b-a19e-90c0bfc34e7b: start FollowerState
2019-09-06 18:21:07,056 [pool-429-thread-1] INFO  util.JmxRegister (JmxRegister.java:tryRegister(44)) - Successfully registered JMX Bean with object name Ratis:service=RaftServer,group=group-4BE1F7773F85,id=30545f38-8e82-400b-a19e-90c0bfc34e7b
2019-09-06 18:21:07,056 [IPC Server handler 3 on 35532] INFO  net.NetworkTopology (NetworkTopologyImpl.java:add(110)) - Added a new node: /default-rack/1a3a3faf-6a54-403e-ab13-05cc39e05f75
2019-09-06 18:21:07,056 [IPC Server handler 3 on 35532] INFO  node.SCMNodeManager (SCMNodeManager.java:register(266)) - Registered Data node : 1a3a3faf-6a54-403e-ab13-05cc39e05f75{ip: 192.168.69.114, host: pr-hdds-2087-fz2qp-2282948163, networkLocation: /default-rack, certSerialId: null}
2019-09-06 18:21:07,059 [RatisPipelineUtilsThread] INFO  pipeline.PipelineStateManager (PipelineStateManager.java:addPipeline(56)) - Created pipeline Pipeline[ Id: 5e626beb-1dea-46b2-92eb-4be1f7773f85, Nodes: b336e002-869c-4cc6-9928-d81b64790b84{ip: 192.168.69.114, host: pr-hdds-2087-fz2qp-2282948163, networkLocation: /default-rack, certSerialId: null}30545f38-8e82-400b-a19e-90c0bfc34e7b{ip: 192.168.69.114, host: pr-hdds-2087-fz2qp-2282948163, networkLocation: /default-rack, certSerialId: null}3c53ef1c-b6f6-452f-9d00-f37e19e3dc93{ip: 192.168.69.114, host: pr-hdds-2087-fz2qp-2282948163, networkLocation: /default-rack, certSerialId: null}, Type:RATIS, Factor:THREE, State:OPEN]
2019-09-06 18:21:07,069 [grpc-default-executor-12] INFO  impl.RaftServerProxy (RaftServerProxy.java:addNew(89)) - 5c21979b-2b81-49da-a086-daeec3e37e90: addNew group-12093C56007D:[5c21979b-2b81-49da-a086-daeec3e37e90:192.168.69.114:41233, 1a3a3faf-6a54-403e-ab13-05cc39e05f75:192.168.69.114:36884, a54807b1-ebdd-43a3-bb40-59a7287becce:192.168.69.114:36294] returns group-12093C56007D:java.util.concurrent.CompletableFuture@2fbb2cd8[Not completed]
2019-09-06 18:21:07,069 [grpc-default-executor-11] INFO  impl.RaftServerProxy (RaftServerProxy.java:addNew(89)) - a54807b1-ebdd-43a3-bb40-59a7287becce: addNew group-12093C56007D:[5c21979b-2b81-49da-a086-daeec3e37e90:192.168.69.114:41233, 1a3a3faf-6a54-403e-ab13-05cc39e05f75:192.168.69.114:36884, a54807b1-ebdd-43a3-bb40-59a7287becce:192.168.69.114:36294] returns group-12093C56007D:java.util.concurrent.CompletableFuture@3fa35890[Not completed]
2019-09-06 18:21:07,069 [grpc-default-executor-5] INFO  impl.RaftServerProxy (RaftServerProxy.java:addNew(89)) - 1a3a3faf-6a54-403e-ab13-05cc39e05f75: addNew group-12093C56007D:[5c21979b-2b81-49da-a086-daeec3e37e90:192.168.69.114:41233, 1a3a3faf-6a54-403e-ab13-05cc39e05f75:192.168.69.114:36884, a54807b1-ebdd-43a3-bb40-59a7287becce:192.168.69.114:36294] returns group-12093C56007D:java.util.concurrent.CompletableFuture@73910976[Not completed]
2019-09-06 18:21:07,071 [pool-409-thread-1] INFO  impl.RaftServerImpl (RaftServerImpl.java:<init>(93)) - 5c21979b-2b81-49da-a086-daeec3e37e90: new RaftServerImpl for group-12093C56007D:[5c21979b-2b81-49da-a086-daeec3e37e90:192.168.69.114:41233, 1a3a3faf-6a54-403e-ab13-05cc39e05f75:192.168.69.114:36884, a54807b1-ebdd-43a3-bb40-59a7287becce:192.168.69.114:36294] with ContainerStateMachine:uninitialized
2019-09-06 18:21:07,071 [pool-409-thread-1] INFO  server.RaftServerConfigKeys (ConfUtils.java:logGet(43)) - raft.server.rpc.timeout.min = 5s (custom)
2019-09-06 18:21:07,071 [pool-409-thread-1] INFO  server.RaftServerConfigKeys (ConfUtils.java:logGet(43)) - raft.server.rpc.timeout.max = 5200ms (custom)
2019-09-06 18:21:07,071 [pool-409-thread-1] INFO  server.RaftServerConfigKeys (ConfUtils.java:logGet(43)) - raft.server.rpcslowness.timeout = 120s (custom)
2019-09-06 18:21:07,071 [pool-449-thread-1] INFO  impl.RaftServerImpl (RaftServerImpl.java:<init>(93)) - a54807b1-ebdd-43a3-bb40-59a7287becce: new RaftServerImpl for group-12093C56007D:[5c21979b-2b81-49da-a086-daeec3e37e90:192.168.69.114:41233, 1a3a3faf-6a54-403e-ab13-05cc39e05f75:192.168.69.114:36884, a54807b1-ebdd-43a3-bb40-59a7287becce:192.168.69.114:36294] with ContainerStateMachine:uninitialized
2019-09-06 18:21:07,071 [pool-409-thread-1] INFO  server.RaftServerConfigKeys (ConfUtils.java:logGet(43)) - raft.server.sleep.deviation.threshold = 300 (default)
2019-09-06 18:21:07,071 [pool-449-thread-1] INFO  server.RaftServerConfigKeys (ConfUtils.java:logGet(43)) - raft.server.rpc.timeout.min = 5s (custom)
2019-09-06 18:21:07,071 [pool-409-thread-1] INFO  server.RaftServerConfigKeys (ConfUtils.java:logGet(43)) - raft.server.log.appender.install.snapshot.enabled = false (custom)
2019-09-06 18:21:07,072 [pool-459-thread-1] INFO  impl.RaftServerImpl (RaftServerImpl.java:<init>(93)) - 1a3a3faf-6a54-403e-ab13-05cc39e05f75: new RaftServerImpl for group-12093C56007D:[5c21979b-2b81-49da-a086-daeec3e37e90:192.168.69.114:41233, 1a3a3faf-6a54-403e-ab13-05cc39e05f75:192.168.69.114:36884, a54807b1-ebdd-43a3-bb40-59a7287becce:192.168.69.114:36294] with ContainerStateMachine:uninitialized
2019-09-06 18:21:07,072 [pool-449-thread-1] INFO  server.RaftServerConfigKeys (ConfUtils.java:logGet(43)) - raft.server.rpc.timeout.max = 5200ms (custom)
2019-09-06 18:21:07,072 [pool-459-thread-1] INFO  server.RaftServerConfigKeys (ConfUtils.java:logGet(43)) - raft.server.rpc.timeout.min = 5s (custom)
2019-09-06 18:21:07,072 [pool-409-thread-1] INFO  impl.RaftServerImpl (ServerState.java:<init>(105)) - 5c21979b-2b81-49da-a086-daeec3e37e90:group-12093C56007D ConfigurationManager, init=-1: [5c21979b-2b81-49da-a086-daeec3e37e90:192.168.69.114:41233, 1a3a3faf-6a54-403e-ab13-05cc39e05f75:192.168.69.114:36884, a54807b1-ebdd-43a3-bb40-59a7287becce:192.168.69.114:36294], old=null, confs=<EMPTY_MAP>
2019-09-06 18:21:07,072 [pool-459-thread-1] INFO  server.RaftServerConfigKeys (ConfUtils.java:logGet(43)) - raft.server.rpc.timeout.max = 5200ms (custom)
2019-09-06 18:21:07,072 [pool-449-thread-1] INFO  server.RaftServerConfigKeys (ConfUtils.java:logGet(43)) - raft.server.rpcslowness.timeout = 120s (custom)
2019-09-06 18:21:07,072 [pool-409-thread-1] INFO  server.RaftServerConfigKeys (ConfUtils.java:logGet(43)) - raft.server.storage.dir = [/workdir/hadoop-ozone/integration-test/target/test-dir/MiniOzoneClusterImpl-df485bfa-7c5b-4a27-b9f2-b5a858908c51/datanode-0/data/ratis] (custom)
2019-09-06 18:21:07,072 [pool-459-thread-1] INFO  server.RaftServerConfigKeys (ConfUtils.java:logGet(43)) - raft.server.rpcslowness.timeout = 120s (custom)
2019-09-06 18:21:07,072 [pool-449-thread-1] INFO  server.RaftServerConfigKeys (ConfUtils.java:logGet(43)) - raft.server.sleep.deviation.threshold = 300 (default)
2019-09-06 18:21:07,073 [pool-459-thread-1] INFO  server.RaftServerConfigKeys (ConfUtils.java:logGet(43)) - raft.server.sleep.deviation.threshold = 300 (default)
2019-09-06 18:21:07,073 [pool-449-thread-1] INFO  server.RaftServerConfigKeys (ConfUtils.java:logGet(43)) - raft.server.log.appender.install.snapshot.enabled = false (custom)
2019-09-06 18:21:07,073 [pool-409-thread-1] INFO  storage.RaftStorageDirectory (RaftStorageDirectory.java:analyzeStorage(246)) - The storage directory /workdir/hadoop-ozone/integration-test/target/test-dir/MiniOzoneClusterImpl-df485bfa-7c5b-4a27-b9f2-b5a858908c51/datanode-0/data/ratis/e3d10d9c-3e4e-4143-a113-12093c56007d does not exist. Creating ...
2019-09-06 18:21:07,073 [pool-459-thread-1] INFO  server.RaftServerConfigKeys (ConfUtils.java:logGet(43)) - raft.server.log.appender.install.snapshot.enabled = false (custom)
2019-09-06 18:21:07,073 [pool-449-thread-1] INFO  impl.RaftServerImpl (ServerState.java:<init>(105)) - a54807b1-ebdd-43a3-bb40-59a7287becce:group-12093C56007D ConfigurationManager, init=-1: [5c21979b-2b81-49da-a086-daeec3e37e90:192.168.69.114:41233, 1a3a3faf-6a54-403e-ab13-05cc39e05f75:192.168.69.114:36884, a54807b1-ebdd-43a3-bb40-59a7287becce:192.168.69.114:36294], old=null, confs=<EMPTY_MAP>
2019-09-06 18:21:07,073 [pool-459-thread-1] INFO  impl.RaftServerImpl (ServerState.java:<init>(105)) - 1a3a3faf-6a54-403e-ab13-05cc39e05f75:group-12093C56007D ConfigurationManager, init=-1: [5c21979b-2b81-49da-a086-daeec3e37e90:192.168.69.114:41233, 1a3a3faf-6a54-403e-ab13-05cc39e05f75:192.168.69.114:36884, a54807b1-ebdd-43a3-bb40-59a7287becce:192.168.69.114:36294], old=null, confs=<EMPTY_MAP>
2019-09-06 18:21:07,073 [pool-449-thread-1] INFO  server.RaftServerConfigKeys (ConfUtils.java:logGet(43)) - raft.server.storage.dir = [/workdir/hadoop-ozone/integration-test/target/test-dir/MiniOzoneClusterImpl-df485bfa-7c5b-4a27-b9f2-b5a858908c51/datanode-4/data/ratis] (custom)
2019-09-06 18:21:07,074 [pool-459-thread-1] INFO  server.RaftServerConfigKeys (ConfUtils.java:logGet(43)) - raft.server.storage.dir = [/workdir/hadoop-ozone/integration-test/target/test-dir/MiniOzoneClusterImpl-df485bfa-7c5b-4a27-b9f2-b5a858908c51/datanode-5/data/ratis] (custom)
2019-09-06 18:21:07,074 [pool-449-thread-1] INFO  storage.RaftStorageDirectory (RaftStorageDirectory.java:analyzeStorage(246)) - The storage directory /workdir/hadoop-ozone/integration-test/target/test-dir/MiniOzoneClusterImpl-df485bfa-7c5b-4a27-b9f2-b5a858908c51/datanode-4/data/ratis/e3d10d9c-3e4e-4143-a113-12093c56007d does not exist. Creating ...
2019-09-06 18:21:07,074 [pool-459-thread-1] INFO  storage.RaftStorageDirectory (RaftStorageDirectory.java:analyzeStorage(246)) - The storage directory /workdir/hadoop-ozone/integration-test/target/test-dir/MiniOzoneClusterImpl-df485bfa-7c5b-4a27-b9f2-b5a858908c51/datanode-5/data/ratis/e3d10d9c-3e4e-4143-a113-12093c56007d does not exist. Creating ...
2019-09-06 18:21:07,095 [pool-409-thread-1] INFO  storage.RaftStorageDirectory (RaftStorageDirectory.java:tryLock(328)) - Lock on /workdir/hadoop-ozone/integration-test/target/test-dir/MiniOzoneClusterImpl-df485bfa-7c5b-4a27-b9f2-b5a858908c51/datanode-0/data/ratis/e3d10d9c-3e4e-4143-a113-12093c56007d/in_use.lock acquired by nodename 17072@pr-hdds-2087-fz2qp-2282948163
2019-09-06 18:21:07,095 [pool-459-thread-1] INFO  storage.RaftStorageDirectory (RaftStorageDirectory.java:tryLock(328)) - Lock on /workdir/hadoop-ozone/integration-test/target/test-dir/MiniOzoneClusterImpl-df485bfa-7c5b-4a27-b9f2-b5a858908c51/datanode-5/data/ratis/e3d10d9c-3e4e-4143-a113-12093c56007d/in_use.lock acquired by nodename 17072@pr-hdds-2087-fz2qp-2282948163
2019-09-06 18:21:07,095 [pool-449-thread-1] INFO  storage.RaftStorageDirectory (RaftStorageDirectory.java:tryLock(328)) - Lock on /workdir/hadoop-ozone/integration-test/target/test-dir/MiniOzoneClusterImpl-df485bfa-7c5b-4a27-b9f2-b5a858908c51/datanode-4/data/ratis/e3d10d9c-3e4e-4143-a113-12093c56007d/in_use.lock acquired by nodename 17072@pr-hdds-2087-fz2qp-2282948163
2019-09-06 18:21:07,113 [pool-409-thread-1] INFO  storage.RaftStorage (RaftStorage.java:format(72)) - Storage directory /workdir/hadoop-ozone/integration-test/target/test-dir/MiniOzoneClusterImpl-df485bfa-7c5b-4a27-b9f2-b5a858908c51/datanode-0/data/ratis/e3d10d9c-3e4e-4143-a113-12093c56007d has been successfully formatted.
2019-09-06 18:21:07,113 [pool-449-thread-1] INFO  storage.RaftStorage (RaftStorage.java:format(72)) - Storage directory /workdir/hadoop-ozone/integration-test/target/test-dir/MiniOzoneClusterImpl-df485bfa-7c5b-4a27-b9f2-b5a858908c51/datanode-4/data/ratis/e3d10d9c-3e4e-4143-a113-12093c56007d has been successfully formatted.
2019-09-06 18:21:07,113 [pool-459-thread-1] INFO  storage.RaftStorage (RaftStorage.java:format(72)) - Storage directory /workdir/hadoop-ozone/integration-test/target/test-dir/MiniOzoneClusterImpl-df485bfa-7c5b-4a27-b9f2-b5a858908c51/datanode-5/data/ratis/e3d10d9c-3e4e-4143-a113-12093c56007d has been successfully formatted.
2019-09-06 18:21:07,114 [pool-409-thread-1] INFO  ratis.ContainerStateMachine (ContainerStateMachine.java:loadSnapshot(227)) - group-12093C56007D: The snapshot info is null. Setting the last applied indexto:(t:0, i:~)
2019-09-06 18:21:07,114 [pool-449-thread-1] INFO  ratis.ContainerStateMachine (ContainerStateMachine.java:loadSnapshot(227)) - group-12093C56007D: The snapshot info is null. Setting the last applied indexto:(t:0, i:~)
2019-09-06 18:21:07,114 [pool-459-thread-1] INFO  ratis.ContainerStateMachine (ContainerStateMachine.java:loadSnapshot(227)) - group-12093C56007D: The snapshot info is null. Setting the last applied indexto:(t:0, i:~)
2019-09-06 18:21:07,114 [pool-449-thread-1] INFO  server.RaftServerConfigKeys (ConfUtils.java:logGet(43)) - raft.server.leader.election.timeout = 120s (custom)
2019-09-06 18:21:07,114 [pool-409-thread-1] INFO  server.RaftServerConfigKeys (ConfUtils.java:logGet(43)) - raft.server.leader.election.timeout = 120s (custom)
2019-09-06 18:21:07,114 [pool-449-thread-1] INFO  server.RaftServerConfigKeys (ConfUtils.java:logGet(43)) - raft.server.log.use.memory = false (default)
2019-09-06 18:21:07,114 [pool-459-thread-1] INFO  server.RaftServerConfigKeys (ConfUtils.java:logGet(43)) - raft.server.leader.election.timeout = 120s (custom)
2019-09-06 18:21:07,115 [pool-449-thread-1] INFO  server.RaftServerConfigKeys (ConfUtils.java:logGet(43)) - raft.server.log.purge.gap = 1000000 (custom)
2019-09-06 18:21:07,115 [pool-409-thread-1] INFO  server.RaftServerConfigKeys (ConfUtils.java:logGet(43)) - raft.server.log.use.memory = false (default)
2019-09-06 18:21:07,115 [pool-449-thread-1] INFO  server.RaftServerConfigKeys (ConfUtils.java:logGet(43)) - raft.server.log.appender.buffer.byte-limit = 33554432 (custom)
2019-09-06 18:21:07,115 [pool-459-thread-1] INFO  server.RaftServerConfigKeys (ConfUtils.java:logGet(43)) - raft.server.log.use.memory = false (default)
2019-09-06 18:21:07,115 [pool-449-thread-1] INFO  server.RaftServerConfigKeys (ConfUtils.java:logGet(43)) - raft.server.log.segment.size.max = 1048576 (custom)
2019-09-06 18:21:07,115 [pool-409-thread-1] INFO  server.RaftServerConfigKeys (ConfUtils.java:logGet(43)) - raft.server.log.purge.gap = 1000000 (custom)
2019-09-06 18:21:07,115 [pool-449-thread-1] INFO  server.RaftServerConfigKeys (ConfUtils.java:logGet(43)) - raft.server.log.segment.cache.num.max = 2 (custom)
2019-09-06 18:21:07,115 [pool-459-thread-1] INFO  server.RaftServerConfigKeys (ConfUtils.java:logGet(43)) - raft.server.log.purge.gap = 1000000 (custom)
2019-09-06 18:21:07,116 [pool-449-thread-1] INFO  segmented.SegmentedRaftLogWorker (SegmentedRaftLogWorker.java:<init>(172)) - new a54807b1-ebdd-43a3-bb40-59a7287becce-SegmentedRaftLogWorker:Storage Directory /workdir/hadoop-ozone/integration-test/target/test-dir/MiniOzoneClusterImpl-df485bfa-7c5b-4a27-b9f2-b5a858908c51/datanode-4/data/ratis/e3d10d9c-3e4e-4143-a113-12093c56007d for RaftStorage:Storage Directory /workdir/hadoop-ozone/integration-test/target/test-dir/MiniOzoneClusterImpl-df485bfa-7c5b-4a27-b9f2-b5a858908c51/datanode-4/data/ratis/e3d10d9c-3e4e-4143-a113-12093c56007d
2019-09-06 18:21:07,116 [pool-409-thread-1] INFO  server.RaftServerConfigKeys (ConfUtils.java:logGet(43)) - raft.server.log.appender.buffer.byte-limit = 33554432 (custom)
2019-09-06 18:21:07,116 [pool-449-thread-1] INFO  server.RaftServerConfigKeys (ConfUtils.java:logGet(43)) - raft.server.log.queue.byte-limit = 2147483647 (custom)
2019-09-06 18:21:07,116 [pool-459-thread-1] INFO  server.RaftServerConfigKeys (ConfUtils.java:logGet(43)) - raft.server.log.appender.buffer.byte-limit = 33554432 (custom)
2019-09-06 18:21:07,116 [pool-449-thread-1] INFO  server.RaftServerConfigKeys (ConfUtils.java:logGet(43)) - raft.server.log.queue.element-limit = 1024 (custom)
2019-09-06 18:21:07,116 [pool-409-thread-1] INFO  server.RaftServerConfigKeys (ConfUtils.java:logGet(43)) - raft.server.log.segment.size.max = 1048576 (custom)
2019-09-06 18:21:07,117 [pool-449-thread-1] INFO  server.RaftServerConfigKeys (ConfUtils.java:logGet(43)) - raft.server.log.segment.size.max = 1048576 (custom)
2019-09-06 18:21:07,116 [pool-459-thread-1] INFO  server.RaftServerConfigKeys (ConfUtils.java:logGet(43)) - raft.server.log.segment.size.max = 1048576 (custom)
2019-09-06 18:21:07,117 [pool-449-thread-1] INFO  server.RaftServerConfigKeys (ConfUtils.java:logGet(43)) - raft.server.log.preallocated.size = 16384 (custom)
2019-09-06 18:21:07,117 [pool-409-thread-1] INFO  server.RaftServerConfigKeys (ConfUtils.java:logGet(43)) - raft.server.log.segment.cache.num.max = 2 (custom)
2019-09-06 18:21:07,117 [pool-449-thread-1] INFO  server.RaftServerConfigKeys (ConfUtils.java:logGet(43)) - raft.server.log.write.buffer.size = 33554432 (custom)
2019-09-06 18:21:07,117 [IPC Server handler 4 on 35532] INFO  net.NetworkTopology (NetworkTopologyImpl.java:add(110)) - Added a new node: /default-rack/7acec8ed-4022-4294-b013-0365df66406a
2019-09-06 18:21:07,117 [pool-459-thread-1] INFO  server.RaftServerConfigKeys (ConfUtils.java:logGet(43)) - raft.server.log.segment.cache.num.max = 2 (custom)
2019-09-06 18:21:07,118 [IPC Server handler 4 on 35532] INFO  node.SCMNodeManager (SCMNodeManager.java:register(266)) - Registered Data node : 7acec8ed-4022-4294-b013-0365df66406a{ip: 192.168.69.114, host: pr-hdds-2087-fz2qp-2282948163, networkLocation: /default-rack, certSerialId: null}
2019-09-06 18:21:07,118 [main] INFO  ozone.MiniOzoneClusterImpl (MiniOzoneClusterImpl.java:lambda$waitForClusterToBeReady$0(140)) - Cluster is ready. Got 7 of 7 DN Heartbeats.
2019-09-06 18:21:07,117 [pool-449-thread-1] INFO  server.RaftServerConfigKeys (ConfUtils.java:logGet(43)) - raft.server.log.force.sync.num = 128 (default)
2019-09-06 18:21:07,117 [pool-409-thread-1] INFO  segmented.SegmentedRaftLogWorker (SegmentedRaftLogWorker.java:<init>(172)) - new 5c21979b-2b81-49da-a086-daeec3e37e90-SegmentedRaftLogWorker:Storage Directory /workdir/hadoop-ozone/integration-test/target/test-dir/MiniOzoneClusterImpl-df485bfa-7c5b-4a27-b9f2-b5a858908c51/datanode-0/data/ratis/e3d10d9c-3e4e-4143-a113-12093c56007d for RaftStorage:Storage Directory /workdir/hadoop-ozone/integration-test/target/test-dir/MiniOzoneClusterImpl-df485bfa-7c5b-4a27-b9f2-b5a858908c51/datanode-0/data/ratis/e3d10d9c-3e4e-4143-a113-12093c56007d
2019-09-06 18:21:07,118 [pool-449-thread-1] INFO  server.RaftServerConfigKeys (ConfUtils.java:logGet(43)) - raft.server.log.statemachine.data.sync = true (default)
2019-09-06 18:21:07,118 [pool-459-thread-1] INFO  segmented.SegmentedRaftLogWorker (SegmentedRaftLogWorker.java:<init>(172)) - new 1a3a3faf-6a54-403e-ab13-05cc39e05f75-SegmentedRaftLogWorker:Storage Directory /workdir/hadoop-ozone/integration-test/target/test-dir/MiniOzoneClusterImpl-df485bfa-7c5b-4a27-b9f2-b5a858908c51/datanode-5/data/ratis/e3d10d9c-3e4e-4143-a113-12093c56007d for RaftStorage:Storage Directory /workdir/hadoop-ozone/integration-test/target/test-dir/MiniOzoneClusterImpl-df485bfa-7c5b-4a27-b9f2-b5a858908c51/datanode-5/data/ratis/e3d10d9c-3e4e-4143-a113-12093c56007d
2019-09-06 18:21:07,119 [pool-449-thread-1] INFO  server.RaftServerConfigKeys (ConfUtils.java:logGet(43)) - raft.server.log.statemachine.data.sync.timeout = 10s (default)
2019-09-06 18:21:07,119 [pool-449-thread-1] INFO  server.RaftServerConfigKeys (ConfUtils.java:logGet(43)) - raft.server.log.statemachine.data.sync.timeout.retry = -1 (default)
2019-09-06 18:21:07,119 [pool-409-thread-1] INFO  server.RaftServerConfigKeys (ConfUtils.java:logGet(43)) - raft.server.log.queue.byte-limit = 2147483647 (custom)
2019-09-06 18:21:07,119 [pool-449-thread-1] INFO  server.RaftServerConfigKeys (ConfUtils.java:logGet(43)) - raft.server.log.statemachine.data.caching.enabled = true (custom)
2019-09-06 18:21:07,119 [pool-459-thread-1] INFO  server.RaftServerConfigKeys (ConfUtils.java:logGet(43)) - raft.server.log.queue.byte-limit = 2147483647 (custom)
2019-09-06 18:21:07,119 [pool-409-thread-1] INFO  server.RaftServerConfigKeys (ConfUtils.java:logGet(43)) - raft.server.log.queue.element-limit = 1024 (custom)
2019-09-06 18:21:07,120 [pool-449-thread-1] INFO  segmented.SegmentedRaftLogWorker (SegmentedRaftLogWorker.java:lambda$new$0(132)) - a54807b1-ebdd-43a3-bb40-59a7287becce-SegmentedRaftLogWorker:Storage Directory /workdir/hadoop-ozone/integration-test/target/test-dir/MiniOzoneClusterImpl-df485bfa-7c5b-4a27-b9f2-b5a858908c51/datanode-4/data/ratis/e3d10d9c-3e4e-4143-a113-12093c56007d: flushIndex: setUnconditionally 0 -> -1
2019-09-06 18:21:07,120 [pool-459-thread-1] INFO  server.RaftServerConfigKeys (ConfUtils.java:logGet(43)) - raft.server.log.queue.element-limit = 1024 (custom)
2019-09-06 18:21:07,120 [pool-409-thread-1] INFO  server.RaftServerConfigKeys (ConfUtils.java:logGet(43)) - raft.server.log.segment.size.max = 1048576 (custom)
2019-09-06 18:21:07,120 [pool-449-thread-1] INFO  server.RaftServerConfigKeys (ConfUtils.java:logGet(43)) - raft.server.snapshot.auto.trigger.enabled = true (custom)
2019-09-06 18:21:07,120 [pool-459-thread-1] INFO  server.RaftServerConfigKeys (ConfUtils.java:logGet(43)) - raft.server.log.segment.size.max = 1048576 (custom)
2019-09-06 18:21:07,120 [pool-449-thread-1] INFO  server.RaftServerConfigKeys (ConfUtils.java:logGet(43)) - raft.server.snapshot.auto.trigger.threshold = 10000 (custom)
2019-09-06 18:21:07,120 [pool-409-thread-1] INFO  server.RaftServerConfigKeys (ConfUtils.java:logGet(43)) - raft.server.log.preallocated.size = 16384 (custom)
2019-09-06 18:21:07,121 [pool-449-thread-1] INFO  server.RaftServerConfigKeys (ConfUtils.java:logGet(43)) - raft.server.retrycache.expirytime = 600000ms (custom)
2019-09-06 18:21:07,120 [pool-459-thread-1] INFO  server.RaftServerConfigKeys (ConfUtils.java:logGet(43)) - raft.server.log.preallocated.size = 16384 (custom)
2019-09-06 18:21:07,121 [pool-449-thread-1] INFO  impl.RaftServerImpl (RaftServerImpl.java:start(180)) - a54807b1-ebdd-43a3-bb40-59a7287becce: start group-12093C56007D
2019-09-06 18:21:07,125 [pool-449-thread-1] INFO  impl.RaftServerImpl (RaftServerImpl.java:setRole(171)) - a54807b1-ebdd-43a3-bb40-59a7287becce:group-12093C56007D changes role from null to FOLLOWER at term 0 for startAsFollower
2019-09-06 18:21:07,121 [pool-409-thread-1] INFO  server.RaftServerConfigKeys (ConfUtils.java:logGet(43)) - raft.server.log.write.buffer.size = 33554432 (custom)
2019-09-06 18:21:07,125 [pool-449-thread-1] INFO  impl.RoleInfo (RoleInfo.java:updateAndGet(143)) - a54807b1-ebdd-43a3-bb40-59a7287becce: start FollowerState
2019-09-06 18:21:07,121 [pool-459-thread-1] INFO  server.RaftServerConfigKeys (ConfUtils.java:logGet(43)) - raft.server.log.write.buffer.size = 33554432 (custom)
2019-09-06 18:21:07,126 [pool-409-thread-1] INFO  server.RaftServerConfigKeys (ConfUtils.java:logGet(43)) - raft.server.log.force.sync.num = 128 (default)
2019-09-06 18:21:07,126 [pool-459-thread-1] INFO  server.RaftServerConfigKeys (ConfUtils.java:logGet(43)) - raft.server.log.force.sync.num = 128 (default)
2019-09-06 18:21:07,126 [pool-449-thread-1] INFO  util.JmxRegister (JmxRegister.java:tryRegister(44)) - Successfully registered JMX Bean with object name Ratis:service=RaftServer,group=group-12093C56007D,id=a54807b1-ebdd-43a3-bb40-59a7287becce
2019-09-06 18:21:07,126 [pool-409-thread-1] INFO  server.RaftServerConfigKeys (ConfUtils.java:logGet(43)) - raft.server.log.statemachine.data.sync = true (default)
2019-09-06 18:21:07,126 [pool-459-thread-1] INFO  server.RaftServerConfigKeys (ConfUtils.java:logGet(43)) - raft.server.log.statemachine.data.sync = true (default)
2019-09-06 18:21:07,127 [pool-409-thread-1] INFO  server.RaftServerConfigKeys (ConfUtils.java:logGet(43)) - raft.server.log.statemachine.data.sync.timeout = 10s (default)
2019-09-06 18:21:07,127 [pool-459-thread-1] INFO  server.RaftServerConfigKeys (ConfUtils.java:logGet(43)) - raft.server.log.statemachine.data.sync.timeout = 10s (default)
2019-09-06 18:21:07,127 [pool-409-thread-1] INFO  server.RaftServerConfigKeys (ConfUtils.java:logGet(43)) - raft.server.log.statemachine.data.sync.timeout.retry = -1 (default)
2019-09-06 18:21:07,127 [pool-459-thread-1] INFO  server.RaftServerConfigKeys (ConfUtils.java:logGet(43)) - raft.server.log.statemachine.data.sync.timeout.retry = -1 (default)
2019-09-06 18:21:07,127 [pool-409-thread-1] INFO  server.RaftServerConfigKeys (ConfUtils.java:logGet(43)) - raft.server.log.statemachine.data.caching.enabled = true (custom)
2019-09-06 18:21:07,129 [pool-459-thread-1] INFO  server.RaftServerConfigKeys (ConfUtils.java:logGet(43)) - raft.server.log.statemachine.data.caching.enabled = true (custom)
2019-09-06 18:21:07,130 [pool-409-thread-1] INFO  segmented.SegmentedRaftLogWorker (SegmentedRaftLogWorker.java:lambda$new$0(132)) - 5c21979b-2b81-49da-a086-daeec3e37e90-SegmentedRaftLogWorker:Storage Directory /workdir/hadoop-ozone/integration-test/target/test-dir/MiniOzoneClusterImpl-df485bfa-7c5b-4a27-b9f2-b5a858908c51/datanode-0/data/ratis/e3d10d9c-3e4e-4143-a113-12093c56007d: flushIndex: setUnconditionally 0 -> -1
2019-09-06 18:21:07,131 [pool-459-thread-1] INFO  segmented.SegmentedRaftLogWorker (SegmentedRaftLogWorker.java:lambda$new$0(132)) - 1a3a3faf-6a54-403e-ab13-05cc39e05f75-SegmentedRaftLogWorker:Storage Directory /workdir/hadoop-ozone/integration-test/target/test-dir/MiniOzoneClusterImpl-df485bfa-7c5b-4a27-b9f2-b5a858908c51/datanode-5/data/ratis/e3d10d9c-3e4e-4143-a113-12093c56007d: flushIndex: setUnconditionally 0 -> -1
2019-09-06 18:21:07,131 [pool-409-thread-1] INFO  server.RaftServerConfigKeys (ConfUtils.java:logGet(43)) - raft.server.snapshot.auto.trigger.enabled = true (custom)
2019-09-06 18:21:07,132 [pool-409-thread-1] INFO  server.RaftServerConfigKeys (ConfUtils.java:logGet(43)) - raft.server.snapshot.auto.trigger.threshold = 10000 (custom)
2019-09-06 18:21:07,132 [pool-459-thread-1] INFO  server.RaftServerConfigKeys (ConfUtils.java:logGet(43)) - raft.server.snapshot.auto.trigger.enabled = true (custom)
2019-09-06 18:21:07,132 [pool-409-thread-1] INFO  server.RaftServerConfigKeys (ConfUtils.java:logGet(43)) - raft.server.retrycache.expirytime = 600000ms (custom)
2019-09-06 18:21:07,132 [pool-459-thread-1] INFO  server.RaftServerConfigKeys (ConfUtils.java:logGet(43)) - raft.server.snapshot.auto.trigger.threshold = 10000 (custom)
2019-09-06 18:21:07,132 [pool-409-thread-1] INFO  impl.RaftServerImpl (RaftServerImpl.java:start(180)) - 5c21979b-2b81-49da-a086-daeec3e37e90: start group-12093C56007D
2019-09-06 18:21:07,132 [pool-459-thread-1] INFO  server.RaftServerConfigKeys (ConfUtils.java:logGet(43)) - raft.server.retrycache.expirytime = 600000ms (custom)
2019-09-06 18:21:07,135 [pool-409-thread-1] INFO  impl.RaftServerImpl (RaftServerImpl.java:setRole(171)) - 5c21979b-2b81-49da-a086-daeec3e37e90:group-12093C56007D changes role from null to FOLLOWER at term 0 for startAsFollower
2019-09-06 18:21:07,142 [pool-459-thread-1] INFO  impl.RaftServerImpl (RaftServerImpl.java:start(180)) - 1a3a3faf-6a54-403e-ab13-05cc39e05f75: start group-12093C56007D
2019-09-06 18:21:07,142 [pool-409-thread-1] INFO  impl.RoleInfo (RoleInfo.java:updateAndGet(143)) - 5c21979b-2b81-49da-a086-daeec3e37e90: start FollowerState
2019-09-06 18:21:07,142 [pool-459-thread-1] INFO  impl.RaftServerImpl (RaftServerImpl.java:setRole(171)) - 1a3a3faf-6a54-403e-ab13-05cc39e05f75:group-12093C56007D changes role from null to FOLLOWER at term 0 for startAsFollower
2019-09-06 18:21:07,142 [pool-459-thread-1] INFO  impl.RoleInfo (RoleInfo.java:updateAndGet(143)) - 1a3a3faf-6a54-403e-ab13-05cc39e05f75: start FollowerState
2019-09-06 18:21:07,143 [pool-409-thread-1] INFO  util.JmxRegister (JmxRegister.java:tryRegister(44)) - Successfully registered JMX Bean with object name Ratis:service=RaftServer,group=group-12093C56007D,id=5c21979b-2b81-49da-a086-daeec3e37e90
2019-09-06 18:21:07,143 [pool-459-thread-1] INFO  util.JmxRegister (JmxRegister.java:tryRegister(44)) - Successfully registered JMX Bean with object name Ratis:service=RaftServer,group=group-12093C56007D,id=1a3a3faf-6a54-403e-ab13-05cc39e05f75
2019-09-06 18:21:07,147 [main] INFO  rpc.RpcClient (RpcClient.java:createVolume(293)) - Creating Volume: testblockoutputstream, with jenkins1000 as owner.
2019-09-06 18:21:07,147 [RatisPipelineUtilsThread] INFO  pipeline.PipelineStateManager (PipelineStateManager.java:addPipeline(56)) - Created pipeline Pipeline[ Id: e3d10d9c-3e4e-4143-a113-12093c56007d, Nodes: a54807b1-ebdd-43a3-bb40-59a7287becce{ip: 192.168.69.114, host: pr-hdds-2087-fz2qp-2282948163, networkLocation: /default-rack, certSerialId: null}1a3a3faf-6a54-403e-ab13-05cc39e05f75{ip: 192.168.69.114, host: pr-hdds-2087-fz2qp-2282948163, networkLocation: /default-rack, certSerialId: null}5c21979b-2b81-49da-a086-daeec3e37e90{ip: 192.168.69.114, host: pr-hdds-2087-fz2qp-2282948163, networkLocation: /default-rack, certSerialId: null}, Type:RATIS, Factor:THREE, State:OPEN]
2019-09-06 18:21:07,153 [IPC Server handler 1 on 45355] INFO  volume.OMVolumeCreateRequest (OMVolumeCreateRequest.java:validateAndUpdateCache(189)) - created volume:testblockoutputstream for user:jenkins1000
2019-09-06 18:21:07,154 [grpc-default-executor-5] INFO  impl.RaftServerProxy (RaftServerProxy.java:addNew(89)) - a54807b1-ebdd-43a3-bb40-59a7287becce: addNew group-805C01D12D96:[a54807b1-ebdd-43a3-bb40-59a7287becce:192.168.69.114:36294] returns group-805C01D12D96:java.util.concurrent.CompletableFuture@42051c4e[Not completed]
2019-09-06 18:21:07,155 [pool-449-thread-1] INFO  impl.RaftServerImpl (RaftServerImpl.java:<init>(93)) - a54807b1-ebdd-43a3-bb40-59a7287becce: new RaftServerImpl for group-805C01D12D96:[a54807b1-ebdd-43a3-bb40-59a7287becce:192.168.69.114:36294] with ContainerStateMachine:uninitialized
2019-09-06 18:21:07,155 [pool-449-thread-1] INFO  server.RaftServerConfigKeys (ConfUtils.java:logGet(43)) - raft.server.rpc.timeout.min = 5s (custom)
2019-09-06 18:21:07,155 [pool-449-thread-1] INFO  server.RaftServerConfigKeys (ConfUtils.java:logGet(43)) - raft.server.rpc.timeout.max = 5200ms (custom)
2019-09-06 18:21:07,155 [pool-449-thread-1] INFO  server.RaftServerConfigKeys (ConfUtils.java:logGet(43)) - raft.server.rpcslowness.timeout = 120s (custom)
2019-09-06 18:21:07,155 [pool-449-thread-1] INFO  server.RaftServerConfigKeys (ConfUtils.java:logGet(43)) - raft.server.sleep.deviation.threshold = 300 (default)
2019-09-06 18:21:07,155 [pool-449-thread-1] INFO  server.RaftServerConfigKeys (ConfUtils.java:logGet(43)) - raft.server.log.appender.install.snapshot.enabled = false (custom)
2019-09-06 18:21:07,156 [pool-449-thread-1] INFO  impl.RaftServerImpl (ServerState.java:<init>(105)) - a54807b1-ebdd-43a3-bb40-59a7287becce:group-805C01D12D96 ConfigurationManager, init=-1: [a54807b1-ebdd-43a3-bb40-59a7287becce:192.168.69.114:36294], old=null, confs=<EMPTY_MAP>
2019-09-06 18:21:07,156 [pool-449-thread-1] INFO  server.RaftServerConfigKeys (ConfUtils.java:logGet(43)) - raft.server.storage.dir = [/workdir/hadoop-ozone/integration-test/target/test-dir/MiniOzoneClusterImpl-df485bfa-7c5b-4a27-b9f2-b5a858908c51/datanode-4/data/ratis] (custom)
2019-09-06 18:21:07,156 [pool-449-thread-1] INFO  storage.RaftStorageDirectory (RaftStorageDirectory.java:analyzeStorage(246)) - The storage directory /workdir/hadoop-ozone/integration-test/target/test-dir/MiniOzoneClusterImpl-df485bfa-7c5b-4a27-b9f2-b5a858908c51/datanode-4/data/ratis/979b811b-fbe9-4d00-bbfd-805c01d12d96 does not exist. Creating ...
2019-09-06 18:21:07,173 [main] INFO  rpc.RpcClient (RpcClient.java:createBucket(432)) - Creating Bucket: testblockoutputstream/testblockoutputstream, with Versioning false and Storage Type set to DISK and Encryption set to false 
2019-09-06 18:21:07,176 [pool-449-thread-1] INFO  storage.RaftStorageDirectory (RaftStorageDirectory.java:tryLock(328)) - Lock on /workdir/hadoop-ozone/integration-test/target/test-dir/MiniOzoneClusterImpl-df485bfa-7c5b-4a27-b9f2-b5a858908c51/datanode-4/data/ratis/979b811b-fbe9-4d00-bbfd-805c01d12d96/in_use.lock acquired by nodename 17072@pr-hdds-2087-fz2qp-2282948163
2019-09-06 18:21:07,192 [pool-449-thread-1] INFO  storage.RaftStorage (RaftStorage.java:format(72)) - Storage directory /workdir/hadoop-ozone/integration-test/target/test-dir/MiniOzoneClusterImpl-df485bfa-7c5b-4a27-b9f2-b5a858908c51/datanode-4/data/ratis/979b811b-fbe9-4d00-bbfd-805c01d12d96 has been successfully formatted.
2019-09-06 18:21:07,192 [pool-449-thread-1] INFO  ratis.ContainerStateMachine (ContainerStateMachine.java:loadSnapshot(227)) - group-805C01D12D96: The snapshot info is null. Setting the last applied indexto:(t:0, i:~)
2019-09-06 18:21:07,192 [pool-449-thread-1] INFO  server.RaftServerConfigKeys (ConfUtils.java:logGet(43)) - raft.server.leader.election.timeout = 120s (custom)
2019-09-06 18:21:07,192 [pool-449-thread-1] INFO  server.RaftServerConfigKeys (ConfUtils.java:logGet(43)) - raft.server.log.use.memory = false (default)
2019-09-06 18:21:07,192 [pool-449-thread-1] INFO  server.RaftServerConfigKeys (ConfUtils.java:logGet(43)) - raft.server.log.purge.gap = 1000000 (custom)
2019-09-06 18:21:07,192 [pool-449-thread-1] INFO  server.RaftServerConfigKeys (ConfUtils.java:logGet(43)) - raft.server.log.appender.buffer.byte-limit = 33554432 (custom)
2019-09-06 18:21:07,192 [pool-449-thread-1] INFO  server.RaftServerConfigKeys (ConfUtils.java:logGet(43)) - raft.server.log.segment.size.max = 1048576 (custom)
2019-09-06 18:21:07,193 [pool-449-thread-1] INFO  server.RaftServerConfigKeys (ConfUtils.java:logGet(43)) - raft.server.log.segment.cache.num.max = 2 (custom)
2019-09-06 18:21:07,193 [pool-449-thread-1] INFO  segmented.SegmentedRaftLogWorker (SegmentedRaftLogWorker.java:<init>(172)) - new a54807b1-ebdd-43a3-bb40-59a7287becce-SegmentedRaftLogWorker:Storage Directory /workdir/hadoop-ozone/integration-test/target/test-dir/MiniOzoneClusterImpl-df485bfa-7c5b-4a27-b9f2-b5a858908c51/datanode-4/data/ratis/979b811b-fbe9-4d00-bbfd-805c01d12d96 for RaftStorage:Storage Directory /workdir/hadoop-ozone/integration-test/target/test-dir/MiniOzoneClusterImpl-df485bfa-7c5b-4a27-b9f2-b5a858908c51/datanode-4/data/ratis/979b811b-fbe9-4d00-bbfd-805c01d12d96
2019-09-06 18:21:07,193 [pool-449-thread-1] INFO  server.RaftServerConfigKeys (ConfUtils.java:logGet(43)) - raft.server.log.queue.byte-limit = 2147483647 (custom)
2019-09-06 18:21:07,193 [pool-449-thread-1] INFO  server.RaftServerConfigKeys (ConfUtils.java:logGet(43)) - raft.server.log.queue.element-limit = 1024 (custom)
2019-09-06 18:21:07,193 [pool-449-thread-1] INFO  server.RaftServerConfigKeys (ConfUtils.java:logGet(43)) - raft.server.log.segment.size.max = 1048576 (custom)
2019-09-06 18:21:07,193 [pool-449-thread-1] INFO  server.RaftServerConfigKeys (ConfUtils.java:logGet(43)) - raft.server.log.preallocated.size = 16384 (custom)
2019-09-06 18:21:07,193 [pool-449-thread-1] INFO  server.RaftServerConfigKeys (ConfUtils.java:logGet(43)) - raft.server.log.write.buffer.size = 33554432 (custom)
2019-09-06 18:21:07,193 [pool-449-thread-1] INFO  server.RaftServerConfigKeys (ConfUtils.java:logGet(43)) - raft.server.log.force.sync.num = 128 (default)
2019-09-06 18:21:07,194 [pool-449-thread-1] INFO  server.RaftServerConfigKeys (ConfUtils.java:logGet(43)) - raft.server.log.statemachine.data.sync = true (default)
2019-09-06 18:21:07,194 [pool-449-thread-1] INFO  server.RaftServerConfigKeys (ConfUtils.java:logGet(43)) - raft.server.log.statemachine.data.sync.timeout = 10s (default)
2019-09-06 18:21:07,194 [pool-449-thread-1] INFO  server.RaftServerConfigKeys (ConfUtils.java:logGet(43)) - raft.server.log.statemachine.data.sync.timeout.retry = -1 (default)
2019-09-06 18:21:07,194 [pool-449-thread-1] INFO  server.RaftServerConfigKeys (ConfUtils.java:logGet(43)) - raft.server.log.statemachine.data.caching.enabled = true (custom)
2019-09-06 18:21:07,194 [pool-449-thread-1] INFO  segmented.SegmentedRaftLogWorker (SegmentedRaftLogWorker.java:lambda$new$0(132)) - a54807b1-ebdd-43a3-bb40-59a7287becce-SegmentedRaftLogWorker:Storage Directory /workdir/hadoop-ozone/integration-test/target/test-dir/MiniOzoneClusterImpl-df485bfa-7c5b-4a27-b9f2-b5a858908c51/datanode-4/data/ratis/979b811b-fbe9-4d00-bbfd-805c01d12d96: flushIndex: setUnconditionally 0 -> -1
2019-09-06 18:21:07,194 [pool-449-thread-1] INFO  server.RaftServerConfigKeys (ConfUtils.java:logGet(43)) - raft.server.snapshot.auto.trigger.enabled = true (custom)
2019-09-06 18:21:07,195 [pool-449-thread-1] INFO  server.RaftServerConfigKeys (ConfUtils.java:logGet(43)) - raft.server.snapshot.auto.trigger.threshold = 10000 (custom)
2019-09-06 18:21:07,195 [pool-449-thread-1] INFO  server.RaftServerConfigKeys (ConfUtils.java:logGet(43)) - raft.server.retrycache.expirytime = 600000ms (custom)
2019-09-06 18:21:07,195 [pool-449-thread-1] INFO  impl.RaftServerImpl (RaftServerImpl.java:start(180)) - a54807b1-ebdd-43a3-bb40-59a7287becce: start group-805C01D12D96
2019-09-06 18:21:07,195 [pool-449-thread-1] INFO  impl.RaftServerImpl (RaftServerImpl.java:setRole(171)) - a54807b1-ebdd-43a3-bb40-59a7287becce:group-805C01D12D96 changes role from null to FOLLOWER at term 0 for startAsFollower
2019-09-06 18:21:07,195 [pool-449-thread-1] INFO  impl.RoleInfo (RoleInfo.java:updateAndGet(143)) - a54807b1-ebdd-43a3-bb40-59a7287becce: start FollowerState
2019-09-06 18:21:07,195 [pool-449-thread-1] INFO  util.JmxRegister (JmxRegister.java:tryRegister(44)) - Successfully registered JMX Bean with object name Ratis:service=RaftServer,group=group-805C01D12D96,id=a54807b1-ebdd-43a3-bb40-59a7287becce
2019-09-06 18:21:07,199 [RatisPipelineUtilsThread] INFO  pipeline.PipelineStateManager (PipelineStateManager.java:addPipeline(56)) - Created pipeline Pipeline[ Id: 979b811b-fbe9-4d00-bbfd-805c01d12d96, Nodes: a54807b1-ebdd-43a3-bb40-59a7287becce{ip: 192.168.69.114, host: pr-hdds-2087-fz2qp-2282948163, networkLocation: /default-rack, certSerialId: null}, Type:RATIS, Factor:ONE, State:OPEN]
2019-09-06 18:21:07,205 [grpc-default-executor-5] INFO  impl.RaftServerProxy (RaftServerProxy.java:addNew(89)) - 1a3a3faf-6a54-403e-ab13-05cc39e05f75: addNew group-C239F928CFCC:[1a3a3faf-6a54-403e-ab13-05cc39e05f75:192.168.69.114:36884] returns group-C239F928CFCC:java.util.concurrent.CompletableFuture@189ce528[Not completed]
2019-09-06 18:21:07,206 [pool-459-thread-1] INFO  impl.RaftServerImpl (RaftServerImpl.java:<init>(93)) - 1a3a3faf-6a54-403e-ab13-05cc39e05f75: new RaftServerImpl for group-C239F928CFCC:[1a3a3faf-6a54-403e-ab13-05cc39e05f75:192.168.69.114:36884] with ContainerStateMachine:uninitialized
2019-09-06 18:21:07,206 [pool-459-thread-1] INFO  server.RaftServerConfigKeys (ConfUtils.java:logGet(43)) - raft.server.rpc.timeout.min = 5s (custom)
2019-09-06 18:21:07,206 [pool-459-thread-1] INFO  server.RaftServerConfigKeys (ConfUtils.java:logGet(43)) - raft.server.rpc.timeout.max = 5200ms (custom)
2019-09-06 18:21:07,206 [pool-459-thread-1] INFO  server.RaftServerConfigKeys (ConfUtils.java:logGet(43)) - raft.server.rpcslowness.timeout = 120s (custom)
2019-09-06 18:21:07,206 [pool-459-thread-1] INFO  server.RaftServerConfigKeys (ConfUtils.java:logGet(43)) - raft.server.sleep.deviation.threshold = 300 (default)
2019-09-06 18:21:07,206 [pool-459-thread-1] INFO  server.RaftServerConfigKeys (ConfUtils.java:logGet(43)) - raft.server.log.appender.install.snapshot.enabled = false (custom)
2019-09-06 18:21:07,206 [pool-459-thread-1] INFO  impl.RaftServerImpl (ServerState.java:<init>(105)) - 1a3a3faf-6a54-403e-ab13-05cc39e05f75:group-C239F928CFCC ConfigurationManager, init=-1: [1a3a3faf-6a54-403e-ab13-05cc39e05f75:192.168.69.114:36884], old=null, confs=<EMPTY_MAP>
2019-09-06 18:21:07,207 [pool-459-thread-1] INFO  server.RaftServerConfigKeys (ConfUtils.java:logGet(43)) - raft.server.storage.dir = [/workdir/hadoop-ozone/integration-test/target/test-dir/MiniOzoneClusterImpl-df485bfa-7c5b-4a27-b9f2-b5a858908c51/datanode-5/data/ratis] (custom)
2019-09-06 18:21:07,207 [pool-459-thread-1] INFO  storage.RaftStorageDirectory (RaftStorageDirectory.java:analyzeStorage(246)) - The storage directory /workdir/hadoop-ozone/integration-test/target/test-dir/MiniOzoneClusterImpl-df485bfa-7c5b-4a27-b9f2-b5a858908c51/datanode-5/data/ratis/c8492f1c-98bc-41aa-b9eb-c239f928cfcc does not exist. Creating ...
2019-09-06 18:21:07,227 [pool-459-thread-1] INFO  storage.RaftStorageDirectory (RaftStorageDirectory.java:tryLock(328)) - Lock on /workdir/hadoop-ozone/integration-test/target/test-dir/MiniOzoneClusterImpl-df485bfa-7c5b-4a27-b9f2-b5a858908c51/datanode-5/data/ratis/c8492f1c-98bc-41aa-b9eb-c239f928cfcc/in_use.lock acquired by nodename 17072@pr-hdds-2087-fz2qp-2282948163
2019-09-06 18:21:07,243 [pool-459-thread-1] INFO  storage.RaftStorage (RaftStorage.java:format(72)) - Storage directory /workdir/hadoop-ozone/integration-test/target/test-dir/MiniOzoneClusterImpl-df485bfa-7c5b-4a27-b9f2-b5a858908c51/datanode-5/data/ratis/c8492f1c-98bc-41aa-b9eb-c239f928cfcc has been successfully formatted.
2019-09-06 18:21:07,244 [pool-459-thread-1] INFO  ratis.ContainerStateMachine (ContainerStateMachine.java:loadSnapshot(227)) - group-C239F928CFCC: The snapshot info is null. Setting the last applied indexto:(t:0, i:~)
2019-09-06 18:21:07,244 [pool-459-thread-1] INFO  server.RaftServerConfigKeys (ConfUtils.java:logGet(43)) - raft.server.leader.election.timeout = 120s (custom)
2019-09-06 18:21:07,244 [pool-459-thread-1] INFO  server.RaftServerConfigKeys (ConfUtils.java:logGet(43)) - raft.server.log.use.memory = false (default)
2019-09-06 18:21:07,244 [pool-459-thread-1] INFO  server.RaftServerConfigKeys (ConfUtils.java:logGet(43)) - raft.server.log.purge.gap = 1000000 (custom)
2019-09-06 18:21:07,244 [pool-459-thread-1] INFO  server.RaftServerConfigKeys (ConfUtils.java:logGet(43)) - raft.server.log.appender.buffer.byte-limit = 33554432 (custom)
2019-09-06 18:21:07,244 [pool-459-thread-1] INFO  server.RaftServerConfigKeys (ConfUtils.java:logGet(43)) - raft.server.log.segment.size.max = 1048576 (custom)
2019-09-06 18:21:07,244 [pool-459-thread-1] INFO  server.RaftServerConfigKeys (ConfUtils.java:logGet(43)) - raft.server.log.segment.cache.num.max = 2 (custom)
2019-09-06 18:21:07,245 [pool-459-thread-1] INFO  segmented.SegmentedRaftLogWorker (SegmentedRaftLogWorker.java:<init>(172)) - new 1a3a3faf-6a54-403e-ab13-05cc39e05f75-SegmentedRaftLogWorker:Storage Directory /workdir/hadoop-ozone/integration-test/target/test-dir/MiniOzoneClusterImpl-df485bfa-7c5b-4a27-b9f2-b5a858908c51/datanode-5/data/ratis/c8492f1c-98bc-41aa-b9eb-c239f928cfcc for RaftStorage:Storage Directory /workdir/hadoop-ozone/integration-test/target/test-dir/MiniOzoneClusterImpl-df485bfa-7c5b-4a27-b9f2-b5a858908c51/datanode-5/data/ratis/c8492f1c-98bc-41aa-b9eb-c239f928cfcc
2019-09-06 18:21:07,245 [pool-459-thread-1] INFO  server.RaftServerConfigKeys (ConfUtils.java:logGet(43)) - raft.server.log.queue.byte-limit = 2147483647 (custom)
2019-09-06 18:21:07,245 [pool-459-thread-1] INFO  server.RaftServerConfigKeys (ConfUtils.java:logGet(43)) - raft.server.log.queue.element-limit = 1024 (custom)
2019-09-06 18:21:07,245 [pool-459-thread-1] INFO  server.RaftServerConfigKeys (ConfUtils.java:logGet(43)) - raft.server.log.segment.size.max = 1048576 (custom)
2019-09-06 18:21:07,245 [pool-459-thread-1] INFO  server.RaftServerConfigKeys (ConfUtils.java:logGet(43)) - raft.server.log.preallocated.size = 16384 (custom)
2019-09-06 18:21:07,245 [pool-459-thread-1] INFO  server.RaftServerConfigKeys (ConfUtils.java:logGet(43)) - raft.server.log.write.buffer.size = 33554432 (custom)
2019-09-06 18:21:07,245 [pool-459-thread-1] INFO  server.RaftServerConfigKeys (ConfUtils.java:logGet(43)) - raft.server.log.force.sync.num = 128 (default)
2019-09-06 18:21:07,245 [pool-459-thread-1] INFO  server.RaftServerConfigKeys (ConfUtils.java:logGet(43)) - raft.server.log.statemachine.data.sync = true (default)
2019-09-06 18:21:07,245 [pool-459-thread-1] INFO  server.RaftServerConfigKeys (ConfUtils.java:logGet(43)) - raft.server.log.statemachine.data.sync.timeout = 10s (default)
2019-09-06 18:21:07,246 [pool-459-thread-1] INFO  server.RaftServerConfigKeys (ConfUtils.java:logGet(43)) - raft.server.log.statemachine.data.sync.timeout.retry = -1 (default)
2019-09-06 18:21:07,246 [pool-459-thread-1] INFO  server.RaftServerConfigKeys (ConfUtils.java:logGet(43)) - raft.server.log.statemachine.data.caching.enabled = true (custom)
2019-09-06 18:21:07,246 [pool-459-thread-1] INFO  segmented.SegmentedRaftLogWorker (SegmentedRaftLogWorker.java:lambda$new$0(132)) - 1a3a3faf-6a54-403e-ab13-05cc39e05f75-SegmentedRaftLogWorker:Storage Directory /workdir/hadoop-ozone/integration-test/target/test-dir/MiniOzoneClusterImpl-df485bfa-7c5b-4a27-b9f2-b5a858908c51/datanode-5/data/ratis/c8492f1c-98bc-41aa-b9eb-c239f928cfcc: flushIndex: setUnconditionally 0 -> -1
2019-09-06 18:21:07,246 [pool-459-thread-1] INFO  server.RaftServerConfigKeys (ConfUtils.java:logGet(43)) - raft.server.snapshot.auto.trigger.enabled = true (custom)
2019-09-06 18:21:07,247 [pool-459-thread-1] INFO  server.RaftServerConfigKeys (ConfUtils.java:logGet(43)) - raft.server.snapshot.auto.trigger.threshold = 10000 (custom)
2019-09-06 18:21:07,247 [pool-459-thread-1] INFO  server.RaftServerConfigKeys (ConfUtils.java:logGet(43)) - raft.server.retrycache.expirytime = 600000ms (custom)
2019-09-06 18:21:07,247 [pool-459-thread-1] INFO  impl.RaftServerImpl (RaftServerImpl.java:start(180)) - 1a3a3faf-6a54-403e-ab13-05cc39e05f75: start group-C239F928CFCC
2019-09-06 18:21:07,247 [pool-459-thread-1] INFO  impl.RaftServerImpl (RaftServerImpl.java:setRole(171)) - 1a3a3faf-6a54-403e-ab13-05cc39e05f75:group-C239F928CFCC changes role from null to FOLLOWER at term 0 for startAsFollower
2019-09-06 18:21:07,247 [pool-459-thread-1] INFO  impl.RoleInfo (RoleInfo.java:updateAndGet(143)) - 1a3a3faf-6a54-403e-ab13-05cc39e05f75: start FollowerState
2019-09-06 18:21:07,248 [pool-459-thread-1] INFO  util.JmxRegister (JmxRegister.java:tryRegister(44)) - Successfully registered JMX Bean with object name Ratis:service=RaftServer,group=group-C239F928CFCC,id=1a3a3faf-6a54-403e-ab13-05cc39e05f75
2019-09-06 18:21:07,252 [RatisPipelineUtilsThread] INFO  pipeline.PipelineStateManager (PipelineStateManager.java:addPipeline(56)) - Created pipeline Pipeline[ Id: c8492f1c-98bc-41aa-b9eb-c239f928cfcc, Nodes: 1a3a3faf-6a54-403e-ab13-05cc39e05f75{ip: 192.168.69.114, host: pr-hdds-2087-fz2qp-2282948163, networkLocation: /default-rack, certSerialId: null}, Type:RATIS, Factor:ONE, State:OPEN]
2019-09-06 18:21:07,258 [grpc-default-executor-5] INFO  impl.RaftServerProxy (RaftServerProxy.java:addNew(89)) - 7acec8ed-4022-4294-b013-0365df66406a: addNew group-87C1C6666E2C:[7acec8ed-4022-4294-b013-0365df66406a:192.168.69.114:38924] returns group-87C1C6666E2C:java.util.concurrent.CompletableFuture@26e484[Not completed]
2019-09-06 18:21:07,260 [pool-469-thread-1] INFO  impl.RaftServerImpl (RaftServerImpl.java:<init>(93)) - 7acec8ed-4022-4294-b013-0365df66406a: new RaftServerImpl for group-87C1C6666E2C:[7acec8ed-4022-4294-b013-0365df66406a:192.168.69.114:38924] with ContainerStateMachine:uninitialized
2019-09-06 18:21:07,260 [pool-469-thread-1] INFO  server.RaftServerConfigKeys (ConfUtils.java:logGet(43)) - raft.server.rpc.timeout.min = 5s (custom)
2019-09-06 18:21:07,260 [pool-469-thread-1] INFO  server.RaftServerConfigKeys (ConfUtils.java:logGet(43)) - raft.server.rpc.timeout.max = 5200ms (custom)
2019-09-06 18:21:07,260 [pool-469-thread-1] INFO  server.RaftServerConfigKeys (ConfUtils.java:logGet(43)) - raft.server.rpcslowness.timeout = 120s (custom)
2019-09-06 18:21:07,260 [pool-469-thread-1] INFO  server.RaftServerConfigKeys (ConfUtils.java:logGet(43)) - raft.server.sleep.deviation.threshold = 300 (default)
2019-09-06 18:21:07,260 [pool-469-thread-1] INFO  server.RaftServerConfigKeys (ConfUtils.java:logGet(43)) - raft.server.log.appender.install.snapshot.enabled = false (custom)
2019-09-06 18:21:07,260 [pool-469-thread-1] INFO  impl.RaftServerImpl (ServerState.java:<init>(105)) - 7acec8ed-4022-4294-b013-0365df66406a:group-87C1C6666E2C ConfigurationManager, init=-1: [7acec8ed-4022-4294-b013-0365df66406a:192.168.69.114:38924], old=null, confs=<EMPTY_MAP>
2019-09-06 18:21:07,260 [pool-469-thread-1] INFO  server.RaftServerConfigKeys (ConfUtils.java:logGet(43)) - raft.server.storage.dir = [/workdir/hadoop-ozone/integration-test/target/test-dir/MiniOzoneClusterImpl-df485bfa-7c5b-4a27-b9f2-b5a858908c51/datanode-6/data/ratis] (custom)
2019-09-06 18:21:07,261 [pool-469-thread-1] INFO  storage.RaftStorageDirectory (RaftStorageDirectory.java:analyzeStorage(246)) - The storage directory /workdir/hadoop-ozone/integration-test/target/test-dir/MiniOzoneClusterImpl-df485bfa-7c5b-4a27-b9f2-b5a858908c51/datanode-6/data/ratis/72e8d9d4-cc76-4b3b-832c-87c1c6666e2c does not exist. Creating ...
2019-09-06 18:21:07,274 [pool-469-thread-1] INFO  storage.RaftStorageDirectory (RaftStorageDirectory.java:tryLock(328)) - Lock on /workdir/hadoop-ozone/integration-test/target/test-dir/MiniOzoneClusterImpl-df485bfa-7c5b-4a27-b9f2-b5a858908c51/datanode-6/data/ratis/72e8d9d4-cc76-4b3b-832c-87c1c6666e2c/in_use.lock acquired by nodename 17072@pr-hdds-2087-fz2qp-2282948163
2019-09-06 18:21:07,297 [pool-469-thread-1] INFO  storage.RaftStorage (RaftStorage.java:format(72)) - Storage directory /workdir/hadoop-ozone/integration-test/target/test-dir/MiniOzoneClusterImpl-df485bfa-7c5b-4a27-b9f2-b5a858908c51/datanode-6/data/ratis/72e8d9d4-cc76-4b3b-832c-87c1c6666e2c has been successfully formatted.
2019-09-06 18:21:07,297 [pool-469-thread-1] INFO  ratis.ContainerStateMachine (ContainerStateMachine.java:loadSnapshot(227)) - group-87C1C6666E2C: The snapshot info is null. Setting the last applied indexto:(t:0, i:~)
2019-09-06 18:21:07,298 [pool-469-thread-1] INFO  server.RaftServerConfigKeys (ConfUtils.java:logGet(43)) - raft.server.leader.election.timeout = 120s (custom)
2019-09-06 18:21:07,298 [pool-469-thread-1] INFO  server.RaftServerConfigKeys (ConfUtils.java:logGet(43)) - raft.server.log.use.memory = false (default)
2019-09-06 18:21:07,298 [pool-469-thread-1] INFO  server.RaftServerConfigKeys (ConfUtils.java:logGet(43)) - raft.server.log.purge.gap = 1000000 (custom)
2019-09-06 18:21:07,298 [pool-469-thread-1] INFO  server.RaftServerConfigKeys (ConfUtils.java:logGet(43)) - raft.server.log.appender.buffer.byte-limit = 33554432 (custom)
2019-09-06 18:21:07,298 [pool-469-thread-1] INFO  server.RaftServerConfigKeys (ConfUtils.java:logGet(43)) - raft.server.log.segment.size.max = 1048576 (custom)
2019-09-06 18:21:07,298 [pool-469-thread-1] INFO  server.RaftServerConfigKeys (ConfUtils.java:logGet(43)) - raft.server.log.segment.cache.num.max = 2 (custom)
2019-09-06 18:21:07,299 [pool-469-thread-1] INFO  segmented.SegmentedRaftLogWorker (SegmentedRaftLogWorker.java:<init>(172)) - new 7acec8ed-4022-4294-b013-0365df66406a-SegmentedRaftLogWorker:Storage Directory /workdir/hadoop-ozone/integration-test/target/test-dir/MiniOzoneClusterImpl-df485bfa-7c5b-4a27-b9f2-b5a858908c51/datanode-6/data/ratis/72e8d9d4-cc76-4b3b-832c-87c1c6666e2c for RaftStorage:Storage Directory /workdir/hadoop-ozone/integration-test/target/test-dir/MiniOzoneClusterImpl-df485bfa-7c5b-4a27-b9f2-b5a858908c51/datanode-6/data/ratis/72e8d9d4-cc76-4b3b-832c-87c1c6666e2c
2019-09-06 18:21:07,299 [pool-469-thread-1] INFO  server.RaftServerConfigKeys (ConfUtils.java:logGet(43)) - raft.server.log.queue.byte-limit = 2147483647 (custom)
2019-09-06 18:21:07,299 [pool-469-thread-1] INFO  server.RaftServerConfigKeys (ConfUtils.java:logGet(43)) - raft.server.log.queue.element-limit = 1024 (custom)
2019-09-06 18:21:07,299 [pool-469-thread-1] INFO  server.RaftServerConfigKeys (ConfUtils.java:logGet(43)) - raft.server.log.segment.size.max = 1048576 (custom)
2019-09-06 18:21:07,300 [pool-469-thread-1] INFO  server.RaftServerConfigKeys (ConfUtils.java:logGet(43)) - raft.server.log.preallocated.size = 16384 (custom)
2019-09-06 18:21:07,300 [pool-469-thread-1] INFO  server.RaftServerConfigKeys (ConfUtils.java:logGet(43)) - raft.server.log.write.buffer.size = 33554432 (custom)
2019-09-06 18:21:07,300 [pool-469-thread-1] INFO  server.RaftServerConfigKeys (ConfUtils.java:logGet(43)) - raft.server.log.force.sync.num = 128 (default)
2019-09-06 18:21:07,300 [pool-469-thread-1] INFO  server.RaftServerConfigKeys (ConfUtils.java:logGet(43)) - raft.server.log.statemachine.data.sync = true (default)
2019-09-06 18:21:07,300 [pool-469-thread-1] INFO  server.RaftServerConfigKeys (ConfUtils.java:logGet(43)) - raft.server.log.statemachine.data.sync.timeout = 10s (default)
2019-09-06 18:21:07,300 [pool-469-thread-1] INFO  server.RaftServerConfigKeys (ConfUtils.java:logGet(43)) - raft.server.log.statemachine.data.sync.timeout.retry = -1 (default)
2019-09-06 18:21:07,300 [pool-469-thread-1] INFO  server.RaftServerConfigKeys (ConfUtils.java:logGet(43)) - raft.server.log.statemachine.data.caching.enabled = true (custom)
2019-09-06 18:21:07,301 [pool-469-thread-1] INFO  segmented.SegmentedRaftLogWorker (SegmentedRaftLogWorker.java:lambda$new$0(132)) - 7acec8ed-4022-4294-b013-0365df66406a-SegmentedRaftLogWorker:Storage Directory /workdir/hadoop-ozone/integration-test/target/test-dir/MiniOzoneClusterImpl-df485bfa-7c5b-4a27-b9f2-b5a858908c51/datanode-6/data/ratis/72e8d9d4-cc76-4b3b-832c-87c1c6666e2c: flushIndex: setUnconditionally 0 -> -1
2019-09-06 18:21:07,301 [pool-469-thread-1] INFO  server.RaftServerConfigKeys (ConfUtils.java:logGet(43)) - raft.server.snapshot.auto.trigger.enabled = true (custom)
2019-09-06 18:21:07,301 [pool-469-thread-1] INFO  server.RaftServerConfigKeys (ConfUtils.java:logGet(43)) - raft.server.snapshot.auto.trigger.threshold = 10000 (custom)
2019-09-06 18:21:07,302 [pool-469-thread-1] INFO  server.RaftServerConfigKeys (ConfUtils.java:logGet(43)) - raft.server.retrycache.expirytime = 600000ms (custom)
2019-09-06 18:21:07,302 [pool-469-thread-1] INFO  impl.RaftServerImpl (RaftServerImpl.java:start(180)) - 7acec8ed-4022-4294-b013-0365df66406a: start group-87C1C6666E2C
2019-09-06 18:21:07,302 [pool-469-thread-1] INFO  impl.RaftServerImpl (RaftServerImpl.java:setRole(171)) - 7acec8ed-4022-4294-b013-0365df66406a:group-87C1C6666E2C changes role from null to FOLLOWER at term 0 for startAsFollower
2019-09-06 18:21:07,302 [pool-469-thread-1] INFO  impl.RoleInfo (RoleInfo.java:updateAndGet(143)) - 7acec8ed-4022-4294-b013-0365df66406a: start FollowerState
2019-09-06 18:21:07,303 [pool-469-thread-1] INFO  util.JmxRegister (JmxRegister.java:tryRegister(44)) - Successfully registered JMX Bean with object name Ratis:service=RaftServer,group=group-87C1C6666E2C,id=7acec8ed-4022-4294-b013-0365df66406a
2019-09-06 18:21:07,308 [RatisPipelineUtilsThread] INFO  pipeline.PipelineStateManager (PipelineStateManager.java:addPipeline(56)) - Created pipeline Pipeline[ Id: 72e8d9d4-cc76-4b3b-832c-87c1c6666e2c, Nodes: 7acec8ed-4022-4294-b013-0365df66406a{ip: 192.168.69.114, host: pr-hdds-2087-fz2qp-2282948163, networkLocation: /default-rack, certSerialId: null}, Type:RATIS, Factor:ONE, State:OPEN]
2019-09-06 18:21:07,338 [grpc-default-executor-5] INFO  client.GrpcClientProtocolClient (GrpcClientProtocolClient.java:onNext(255)) - client-3C530D2BB7CD->b336e002-869c-4cc6-9928-d81b64790b84: receive RaftClientReply:client-3C530D2BB7CD->b336e002-869c-4cc6-9928-d81b64790b84@group-4BE1F7773F85, cid=166, FAILED org.apache.ratis.protocol.NotLeaderException: Server b336e002-869c-4cc6-9928-d81b64790b84 is not the leader (null). Request must be sent to leader., logIndex=0, commits[b336e002-869c-4cc6-9928-d81b64790b84:c-1]
2019-09-06 18:21:08,357 [grpc-default-executor-11] INFO  client.GrpcClientProtocolClient (GrpcClientProtocolClient.java:onNext(255)) - client-3C530D2BB7CD->3c53ef1c-b6f6-452f-9d00-f37e19e3dc93: receive RaftClientReply:client-3C530D2BB7CD->3c53ef1c-b6f6-452f-9d00-f37e19e3dc93@group-4BE1F7773F85, cid=166, FAILED org.apache.ratis.protocol.NotLeaderException: Server 3c53ef1c-b6f6-452f-9d00-f37e19e3dc93 is not the leader (null). Request must be sent to leader., logIndex=0, commits[3c53ef1c-b6f6-452f-9d00-f37e19e3dc93:c-1]
2019-09-06 18:21:09,371 [grpc-default-executor-5] INFO  client.GrpcClientProtocolClient (GrpcClientProtocolClient.java:onNext(255)) - client-3C530D2BB7CD->b336e002-869c-4cc6-9928-d81b64790b84: receive RaftClientReply:client-3C530D2BB7CD->b336e002-869c-4cc6-9928-d81b64790b84@group-4BE1F7773F85, cid=166, FAILED org.apache.ratis.protocol.NotLeaderException: Server b336e002-869c-4cc6-9928-d81b64790b84 is not the leader (null). Request must be sent to leader., logIndex=0, commits[b336e002-869c-4cc6-9928-d81b64790b84:c-1]
2019-09-06 18:21:09,731 [Thread-3548] INFO  container.ReplicationManager (ReplicationManager.java:start(162)) - Starting Replication Monitor Thread.
2019-09-06 18:21:09,735 [ReplicationMonitor] INFO  container.ReplicationManager (ReplicationManager.java:run(225)) - Replication Monitor Thread took 0 milliseconds for processing 1 containers.
2019-09-06 18:21:10,397 [grpc-default-executor-5] INFO  client.GrpcClientProtocolClient (GrpcClientProtocolClient.java:onNext(255)) - client-3C530D2BB7CD->3c53ef1c-b6f6-452f-9d00-f37e19e3dc93: receive RaftClientReply:client-3C530D2BB7CD->3c53ef1c-b6f6-452f-9d00-f37e19e3dc93@group-4BE1F7773F85, cid=166, FAILED org.apache.ratis.protocol.NotLeaderException: Server 3c53ef1c-b6f6-452f-9d00-f37e19e3dc93 is not the leader (null). Request must be sent to leader., logIndex=0, commits[3c53ef1c-b6f6-452f-9d00-f37e19e3dc93:c-1]
2019-09-06 18:21:11,410 [grpc-default-executor-11] INFO  client.GrpcClientProtocolClient (GrpcClientProtocolClient.java:onNext(255)) - client-3C530D2BB7CD->30545f38-8e82-400b-a19e-90c0bfc34e7b: receive RaftClientReply:client-3C530D2BB7CD->30545f38-8e82-400b-a19e-90c0bfc34e7b@group-4BE1F7773F85, cid=166, FAILED org.apache.ratis.protocol.NotLeaderException: Server 30545f38-8e82-400b-a19e-90c0bfc34e7b is not the leader (null). Request must be sent to leader., logIndex=0, commits[30545f38-8e82-400b-a19e-90c0bfc34e7b:c-1]
2019-09-06 18:21:11,954 [Thread-3553] INFO  impl.FollowerState (FollowerState.java:run(106)) - b336e002-869c-4cc6-9928-d81b64790b84:group-19B86B8456B9 changes to CANDIDATE, lastRpcTime:5092, electionTimeout:5092ms
2019-09-06 18:21:11,954 [Thread-3553] INFO  impl.RoleInfo (RoleInfo.java:shutdownFollowerState(121)) - b336e002-869c-4cc6-9928-d81b64790b84: shutdown FollowerState
2019-09-06 18:21:11,954 [Thread-3553] INFO  impl.RaftServerImpl (RaftServerImpl.java:setRole(171)) - b336e002-869c-4cc6-9928-d81b64790b84:group-19B86B8456B9 changes role from FOLLOWER to CANDIDATE at term 0 for changeToCandidate
2019-09-06 18:21:11,954 [Thread-3553] INFO  impl.RoleInfo (RoleInfo.java:updateAndGet(143)) - b336e002-869c-4cc6-9928-d81b64790b84: start LeaderElection
2019-09-06 18:21:11,973 [b336e002-869c-4cc6-9928-d81b64790b84:group-19B86B8456B9:LeaderElection64] INFO  impl.LeaderElection (LeaderElection.java:askForVotes(181)) - b336e002-869c-4cc6-9928-d81b64790b84:group-19B86B8456B9:LeaderElection64: begin an election at term 1 for -1: [b336e002-869c-4cc6-9928-d81b64790b84:192.168.69.114:44616], old=null
2019-09-06 18:21:11,973 [b336e002-869c-4cc6-9928-d81b64790b84:group-19B86B8456B9:LeaderElection64] INFO  impl.RoleInfo (RoleInfo.java:shutdownLeaderElection(134)) - b336e002-869c-4cc6-9928-d81b64790b84: shutdown LeaderElection
2019-09-06 18:21:11,973 [b336e002-869c-4cc6-9928-d81b64790b84:group-19B86B8456B9:LeaderElection64] INFO  impl.RaftServerImpl (RaftServerImpl.java:setRole(171)) - b336e002-869c-4cc6-9928-d81b64790b84:group-19B86B8456B9 changes role from CANDIDATE to LEADER at term 1 for changeToLeader
2019-09-06 18:21:11,973 [b336e002-869c-4cc6-9928-d81b64790b84:group-19B86B8456B9:LeaderElection64] INFO  impl.RaftServerImpl (ServerState.java:setLeader(263)) - b336e002-869c-4cc6-9928-d81b64790b84:group-19B86B8456B9 change Leader from null to b336e002-869c-4cc6-9928-d81b64790b84 at term 1 for becomeLeader, leader elected after 5115ms
2019-09-06 18:21:11,973 [b336e002-869c-4cc6-9928-d81b64790b84:group-19B86B8456B9:LeaderElection64] INFO  server.RaftServerConfigKeys (ConfUtils.java:logGet(43)) - raft.server.staging.catchup.gap = 1000 (default)
2019-09-06 18:21:11,974 [b336e002-869c-4cc6-9928-d81b64790b84:group-19B86B8456B9:LeaderElection64] INFO  server.RaftServerConfigKeys (ConfUtils.java:logGet(43)) - raft.server.rpc.sleep.time = 25ms (default)
2019-09-06 18:21:11,974 [b336e002-869c-4cc6-9928-d81b64790b84:group-19B86B8456B9:LeaderElection64] INFO  server.RaftServerConfigKeys (ConfUtils.java:logGet(43)) - raft.server.write.element-limit = 4096 (default)
2019-09-06 18:21:11,974 [b336e002-869c-4cc6-9928-d81b64790b84:group-19B86B8456B9:LeaderElection64] INFO  server.RaftServerConfigKeys (ConfUtils.java:logGet(43)) - raft.server.watch.timeout = 10s (default)
2019-09-06 18:21:11,974 [b336e002-869c-4cc6-9928-d81b64790b84:group-19B86B8456B9:LeaderElection64] INFO  server.RaftServerConfigKeys (ConfUtils.java:logGet(43)) - raft.server.watch.timeout.denomination = 1s (default)
2019-09-06 18:21:11,974 [b336e002-869c-4cc6-9928-d81b64790b84:group-19B86B8456B9:LeaderElection64] INFO  server.RaftServerConfigKeys (ConfUtils.java:logGet(43)) - raft.server.watch.element-limit = 65536 (default)
2019-09-06 18:21:11,974 [b336e002-869c-4cc6-9928-d81b64790b84:group-19B86B8456B9:LeaderElection64] INFO  impl.RoleInfo (RoleInfo.java:updateAndGet(143)) - b336e002-869c-4cc6-9928-d81b64790b84: start LeaderState
2019-09-06 18:21:11,975 [b336e002-869c-4cc6-9928-d81b64790b84:group-19B86B8456B9:LeaderElection64] INFO  segmented.SegmentedRaftLogWorker (SegmentedRaftLogWorker.java:startLogSegment(380)) - b336e002-869c-4cc6-9928-d81b64790b84-SegmentedRaftLogWorker:Storage Directory /workdir/hadoop-ozone/integration-test/target/test-dir/MiniOzoneClusterImpl-df485bfa-7c5b-4a27-b9f2-b5a858908c51/datanode-1/data/ratis/5068878f-5dc2-4cfd-b6f1-19b86b8456b9: Starting segment from index:0
2019-09-06 18:21:11,975 [b336e002-869c-4cc6-9928-d81b64790b84:group-19B86B8456B9:LeaderElection64] INFO  impl.RaftServerImpl (ServerState.java:setRaftConf(361)) - b336e002-869c-4cc6-9928-d81b64790b84:group-19B86B8456B9 set configuration 0: [b336e002-869c-4cc6-9928-d81b64790b84:192.168.69.114:44616], old=null at 0
2019-09-06 18:21:11,977 [Thread-3550] INFO  impl.FollowerState (FollowerState.java:run(106)) - 5c21979b-2b81-49da-a086-daeec3e37e90:group-5B36E64586F4 changes to CANDIDATE, lastRpcTime:5164, electionTimeout:5164ms
2019-09-06 18:21:11,977 [Thread-3550] INFO  impl.RoleInfo (RoleInfo.java:shutdownFollowerState(121)) - 5c21979b-2b81-49da-a086-daeec3e37e90: shutdown FollowerState
2019-09-06 18:21:11,977 [Thread-3550] INFO  impl.RaftServerImpl (RaftServerImpl.java:setRole(171)) - 5c21979b-2b81-49da-a086-daeec3e37e90:group-5B36E64586F4 changes role from FOLLOWER to CANDIDATE at term 0 for changeToCandidate
2019-09-06 18:21:11,977 [Thread-3550] INFO  impl.RoleInfo (RoleInfo.java:updateAndGet(143)) - 5c21979b-2b81-49da-a086-daeec3e37e90: start LeaderElection
2019-09-06 18:21:12,019 [b336e002-869c-4cc6-9928-d81b64790b84-SegmentedRaftLogWorker:Storage Directory /workdir/hadoop-ozone/integration-test/target/test-dir/MiniOzoneClusterImpl-df485bfa-7c5b-4a27-b9f2-b5a858908c51/datanode-1/data/ratis/5068878f-5dc2-4cfd-b6f1-19b86b8456b9] INFO  segmented.SegmentedRaftLogWorker (SegmentedRaftLogWorker.java:execute(569)) - b336e002-869c-4cc6-9928-d81b64790b84-SegmentedRaftLogWorker:Storage Directory /workdir/hadoop-ozone/integration-test/target/test-dir/MiniOzoneClusterImpl-df485bfa-7c5b-4a27-b9f2-b5a858908c51/datanode-1/data/ratis/5068878f-5dc2-4cfd-b6f1-19b86b8456b9: created new log segment /workdir/hadoop-ozone/integration-test/target/test-dir/MiniOzoneClusterImpl-df485bfa-7c5b-4a27-b9f2-b5a858908c51/datanode-1/data/ratis/5068878f-5dc2-4cfd-b6f1-19b86b8456b9/current/log_inprogress_0
2019-09-06 18:21:12,019 [5c21979b-2b81-49da-a086-daeec3e37e90:group-5B36E64586F4:LeaderElection65] INFO  impl.LeaderElection (LeaderElection.java:askForVotes(181)) - 5c21979b-2b81-49da-a086-daeec3e37e90:group-5B36E64586F4:LeaderElection65: begin an election at term 1 for -1: [5c21979b-2b81-49da-a086-daeec3e37e90:192.168.69.114:41233], old=null
2019-09-06 18:21:12,020 [5c21979b-2b81-49da-a086-daeec3e37e90:group-5B36E64586F4:LeaderElection65] INFO  impl.RoleInfo (RoleInfo.java:shutdownLeaderElection(134)) - 5c21979b-2b81-49da-a086-daeec3e37e90: shutdown LeaderElection
2019-09-06 18:21:12,020 [5c21979b-2b81-49da-a086-daeec3e37e90:group-5B36E64586F4:LeaderElection65] INFO  impl.RaftServerImpl (RaftServerImpl.java:setRole(171)) - 5c21979b-2b81-49da-a086-daeec3e37e90:group-5B36E64586F4 changes role from CANDIDATE to LEADER at term 1 for changeToLeader
2019-09-06 18:21:12,020 [5c21979b-2b81-49da-a086-daeec3e37e90:group-5B36E64586F4:LeaderElection65] INFO  impl.RaftServerImpl (ServerState.java:setLeader(263)) - 5c21979b-2b81-49da-a086-daeec3e37e90:group-5B36E64586F4 change Leader from null to 5c21979b-2b81-49da-a086-daeec3e37e90 at term 1 for becomeLeader, leader elected after 5211ms
2019-09-06 18:21:12,020 [5c21979b-2b81-49da-a086-daeec3e37e90:group-5B36E64586F4:LeaderElection65] INFO  server.RaftServerConfigKeys (ConfUtils.java:logGet(43)) - raft.server.staging.catchup.gap = 1000 (default)
2019-09-06 18:21:12,020 [5c21979b-2b81-49da-a086-daeec3e37e90:group-5B36E64586F4:LeaderElection65] INFO  server.RaftServerConfigKeys (ConfUtils.java:logGet(43)) - raft.server.rpc.sleep.time = 25ms (default)
2019-09-06 18:21:12,020 [5c21979b-2b81-49da-a086-daeec3e37e90:group-5B36E64586F4:LeaderElection65] INFO  server.RaftServerConfigKeys (ConfUtils.java:logGet(43)) - raft.server.write.element-limit = 4096 (default)
2019-09-06 18:21:12,020 [5c21979b-2b81-49da-a086-daeec3e37e90:group-5B36E64586F4:LeaderElection65] INFO  server.RaftServerConfigKeys (ConfUtils.java:logGet(43)) - raft.server.watch.timeout = 10s (default)
2019-09-06 18:21:12,020 [5c21979b-2b81-49da-a086-daeec3e37e90:group-5B36E64586F4:LeaderElection65] INFO  server.RaftServerConfigKeys (ConfUtils.java:logGet(43)) - raft.server.watch.timeout.denomination = 1s (default)
2019-09-06 18:21:12,021 [5c21979b-2b81-49da-a086-daeec3e37e90:group-5B36E64586F4:LeaderElection65] INFO  server.RaftServerConfigKeys (ConfUtils.java:logGet(43)) - raft.server.watch.element-limit = 65536 (default)
2019-09-06 18:21:12,021 [5c21979b-2b81-49da-a086-daeec3e37e90:group-5B36E64586F4:LeaderElection65] INFO  impl.RoleInfo (RoleInfo.java:updateAndGet(143)) - 5c21979b-2b81-49da-a086-daeec3e37e90: start LeaderState
2019-09-06 18:21:12,021 [5c21979b-2b81-49da-a086-daeec3e37e90:group-5B36E64586F4:LeaderElection65] INFO  segmented.SegmentedRaftLogWorker (SegmentedRaftLogWorker.java:startLogSegment(380)) - 5c21979b-2b81-49da-a086-daeec3e37e90-SegmentedRaftLogWorker:Storage Directory /workdir/hadoop-ozone/integration-test/target/test-dir/MiniOzoneClusterImpl-df485bfa-7c5b-4a27-b9f2-b5a858908c51/datanode-0/data/ratis/87b116c7-980c-46ab-aab6-5b36e64586f4: Starting segment from index:0
2019-09-06 18:21:12,022 [5c21979b-2b81-49da-a086-daeec3e37e90:group-5B36E64586F4:LeaderElection65] INFO  impl.RaftServerImpl (ServerState.java:setRaftConf(361)) - 5c21979b-2b81-49da-a086-daeec3e37e90:group-5B36E64586F4 set configuration 0: [5c21979b-2b81-49da-a086-daeec3e37e90:192.168.69.114:41233], old=null at 0
2019-09-06 18:21:12,059 [5c21979b-2b81-49da-a086-daeec3e37e90-SegmentedRaftLogWorker:Storage Directory /workdir/hadoop-ozone/integration-test/target/test-dir/MiniOzoneClusterImpl-df485bfa-7c5b-4a27-b9f2-b5a858908c51/datanode-0/data/ratis/87b116c7-980c-46ab-aab6-5b36e64586f4] INFO  segmented.SegmentedRaftLogWorker (SegmentedRaftLogWorker.java:execute(569)) - 5c21979b-2b81-49da-a086-daeec3e37e90-SegmentedRaftLogWorker:Storage Directory /workdir/hadoop-ozone/integration-test/target/test-dir/MiniOzoneClusterImpl-df485bfa-7c5b-4a27-b9f2-b5a858908c51/datanode-0/data/ratis/87b116c7-980c-46ab-aab6-5b36e64586f4: created new log segment /workdir/hadoop-ozone/integration-test/target/test-dir/MiniOzoneClusterImpl-df485bfa-7c5b-4a27-b9f2-b5a858908c51/datanode-0/data/ratis/87b116c7-980c-46ab-aab6-5b36e64586f4/current/log_inprogress_0
2019-09-06 18:21:12,112 [Thread-3562] INFO  impl.FollowerState (FollowerState.java:run(106)) - b336e002-869c-4cc6-9928-d81b64790b84:group-4BE1F7773F85 changes to CANDIDATE, lastRpcTime:5064, electionTimeout:5064ms
2019-09-06 18:21:12,112 [Thread-3562] INFO  impl.RoleInfo (RoleInfo.java:shutdownFollowerState(121)) - b336e002-869c-4cc6-9928-d81b64790b84: shutdown FollowerState
2019-09-06 18:21:12,112 [Thread-3562] INFO  impl.RaftServerImpl (RaftServerImpl.java:setRole(171)) - b336e002-869c-4cc6-9928-d81b64790b84:group-4BE1F7773F85 changes role from FOLLOWER to CANDIDATE at term 0 for changeToCandidate
2019-09-06 18:21:12,112 [Thread-3562] INFO  impl.RoleInfo (RoleInfo.java:updateAndGet(143)) - b336e002-869c-4cc6-9928-d81b64790b84: start LeaderElection
2019-09-06 18:21:12,117 [Thread-3556] INFO  impl.FollowerState (FollowerState.java:run(106)) - 30545f38-8e82-400b-a19e-90c0bfc34e7b:group-2ADEB32B7081 changes to CANDIDATE, lastRpcTime:5190, electionTimeout:5189ms
2019-09-06 18:21:12,117 [Thread-3556] INFO  impl.RoleInfo (RoleInfo.java:shutdownFollowerState(121)) - 30545f38-8e82-400b-a19e-90c0bfc34e7b: shutdown FollowerState
2019-09-06 18:21:12,117 [Thread-3556] INFO  impl.RaftServerImpl (RaftServerImpl.java:setRole(171)) - 30545f38-8e82-400b-a19e-90c0bfc34e7b:group-2ADEB32B7081 changes role from FOLLOWER to CANDIDATE at term 0 for changeToCandidate
2019-09-06 18:21:12,118 [Thread-3556] INFO  impl.RoleInfo (RoleInfo.java:updateAndGet(143)) - 30545f38-8e82-400b-a19e-90c0bfc34e7b: start LeaderElection
2019-09-06 18:21:12,138 [Thread-3559] INFO  impl.FollowerState (FollowerState.java:run(106)) - 3c53ef1c-b6f6-452f-9d00-f37e19e3dc93:group-D6DEA822E555 changes to CANDIDATE, lastRpcTime:5164, electionTimeout:5164ms
2019-09-06 18:21:12,138 [Thread-3559] INFO  impl.RoleInfo (RoleInfo.java:shutdownFollowerState(121)) - 3c53ef1c-b6f6-452f-9d00-f37e19e3dc93: shutdown FollowerState
2019-09-06 18:21:12,138 [Thread-3559] INFO  impl.RaftServerImpl (RaftServerImpl.java:setRole(171)) - 3c53ef1c-b6f6-452f-9d00-f37e19e3dc93:group-D6DEA822E555 changes role from FOLLOWER to CANDIDATE at term 0 for changeToCandidate
2019-09-06 18:21:12,138 [Thread-3559] INFO  impl.RoleInfo (RoleInfo.java:updateAndGet(143)) - 3c53ef1c-b6f6-452f-9d00-f37e19e3dc93: start LeaderElection
2019-09-06 18:21:12,145 [30545f38-8e82-400b-a19e-90c0bfc34e7b:group-2ADEB32B7081:LeaderElection67] INFO  impl.LeaderElection (LeaderElection.java:askForVotes(181)) - 30545f38-8e82-400b-a19e-90c0bfc34e7b:group-2ADEB32B7081:LeaderElection67: begin an election at term 1 for -1: [30545f38-8e82-400b-a19e-90c0bfc34e7b:192.168.69.114:32866], old=null
2019-09-06 18:21:12,145 [b336e002-869c-4cc6-9928-d81b64790b84:group-4BE1F7773F85:LeaderElection66] INFO  impl.LeaderElection (LeaderElection.java:askForVotes(181)) - b336e002-869c-4cc6-9928-d81b64790b84:group-4BE1F7773F85:LeaderElection66: begin an election at term 1 for -1: [b336e002-869c-4cc6-9928-d81b64790b84:192.168.69.114:44616, 3c53ef1c-b6f6-452f-9d00-f37e19e3dc93:192.168.69.114:36687, 30545f38-8e82-400b-a19e-90c0bfc34e7b:192.168.69.114:32866], old=null
2019-09-06 18:21:12,145 [30545f38-8e82-400b-a19e-90c0bfc34e7b:group-2ADEB32B7081:LeaderElection67] INFO  impl.RoleInfo (RoleInfo.java:shutdownLeaderElection(134)) - 30545f38-8e82-400b-a19e-90c0bfc34e7b: shutdown LeaderElection
2019-09-06 18:21:12,145 [30545f38-8e82-400b-a19e-90c0bfc34e7b:group-2ADEB32B7081:LeaderElection67] INFO  impl.RaftServerImpl (RaftServerImpl.java:setRole(171)) - 30545f38-8e82-400b-a19e-90c0bfc34e7b:group-2ADEB32B7081 changes role from CANDIDATE to LEADER at term 1 for changeToLeader
2019-09-06 18:21:12,145 [30545f38-8e82-400b-a19e-90c0bfc34e7b:group-2ADEB32B7081:LeaderElection67] INFO  impl.RaftServerImpl (ServerState.java:setLeader(263)) - 30545f38-8e82-400b-a19e-90c0bfc34e7b:group-2ADEB32B7081 change Leader from null to 30545f38-8e82-400b-a19e-90c0bfc34e7b at term 1 for becomeLeader, leader elected after 5222ms
2019-09-06 18:21:12,146 [30545f38-8e82-400b-a19e-90c0bfc34e7b:group-2ADEB32B7081:LeaderElection67] INFO  server.RaftServerConfigKeys (ConfUtils.java:logGet(43)) - raft.server.staging.catchup.gap = 1000 (default)
2019-09-06 18:21:12,146 [30545f38-8e82-400b-a19e-90c0bfc34e7b:group-2ADEB32B7081:LeaderElection67] INFO  server.RaftServerConfigKeys (ConfUtils.java:logGet(43)) - raft.server.rpc.sleep.time = 25ms (default)
2019-09-06 18:21:12,146 [30545f38-8e82-400b-a19e-90c0bfc34e7b:group-2ADEB32B7081:LeaderElection67] INFO  server.RaftServerConfigKeys (ConfUtils.java:logGet(43)) - raft.server.write.element-limit = 4096 (default)
2019-09-06 18:21:12,146 [30545f38-8e82-400b-a19e-90c0bfc34e7b:group-2ADEB32B7081:LeaderElection67] INFO  server.RaftServerConfigKeys (ConfUtils.java:logGet(43)) - raft.server.watch.timeout = 10s (default)
2019-09-06 18:21:12,146 [30545f38-8e82-400b-a19e-90c0bfc34e7b:group-2ADEB32B7081:LeaderElection67] INFO  server.RaftServerConfigKeys (ConfUtils.java:logGet(43)) - raft.server.watch.timeout.denomination = 1s (default)
2019-09-06 18:21:12,146 [30545f38-8e82-400b-a19e-90c0bfc34e7b:group-2ADEB32B7081:LeaderElection67] INFO  server.RaftServerConfigKeys (ConfUtils.java:logGet(43)) - raft.server.watch.element-limit = 65536 (default)
2019-09-06 18:21:12,146 [30545f38-8e82-400b-a19e-90c0bfc34e7b:group-2ADEB32B7081:LeaderElection67] INFO  impl.RoleInfo (RoleInfo.java:updateAndGet(143)) - 30545f38-8e82-400b-a19e-90c0bfc34e7b: start LeaderState
2019-09-06 18:21:12,146 [30545f38-8e82-400b-a19e-90c0bfc34e7b:group-2ADEB32B7081:LeaderElection67] INFO  segmented.SegmentedRaftLogWorker (SegmentedRaftLogWorker.java:startLogSegment(380)) - 30545f38-8e82-400b-a19e-90c0bfc34e7b-SegmentedRaftLogWorker:Storage Directory /workdir/hadoop-ozone/integration-test/target/test-dir/MiniOzoneClusterImpl-df485bfa-7c5b-4a27-b9f2-b5a858908c51/datanode-2/data/ratis/18ec4da0-4c03-45e0-b12b-2adeb32b7081: Starting segment from index:0
2019-09-06 18:21:12,147 [30545f38-8e82-400b-a19e-90c0bfc34e7b:group-2ADEB32B7081:LeaderElection67] INFO  impl.RaftServerImpl (ServerState.java:setRaftConf(361)) - 30545f38-8e82-400b-a19e-90c0bfc34e7b:group-2ADEB32B7081 set configuration 0: [30545f38-8e82-400b-a19e-90c0bfc34e7b:192.168.69.114:32866], old=null at 0
2019-09-06 18:21:12,149 [grpc-default-executor-11] INFO  impl.RaftServerImpl (RaftServerImpl.java:setRole(171)) - 30545f38-8e82-400b-a19e-90c0bfc34e7b:group-4BE1F7773F85 changes role from FOLLOWER to FOLLOWER at term 1 for recognizeCandidate:b336e002-869c-4cc6-9928-d81b64790b84
2019-09-06 18:21:12,149 [grpc-default-executor-5] INFO  impl.RaftServerImpl (RaftServerImpl.java:setRole(171)) - 3c53ef1c-b6f6-452f-9d00-f37e19e3dc93:group-4BE1F7773F85 changes role from FOLLOWER to FOLLOWER at term 1 for recognizeCandidate:b336e002-869c-4cc6-9928-d81b64790b84
2019-09-06 18:21:12,149 [grpc-default-executor-11] INFO  impl.RoleInfo (RoleInfo.java:shutdownFollowerState(121)) - 30545f38-8e82-400b-a19e-90c0bfc34e7b: shutdown FollowerState
2019-09-06 18:21:12,150 [grpc-default-executor-5] INFO  impl.RoleInfo (RoleInfo.java:shutdownFollowerState(121)) - 3c53ef1c-b6f6-452f-9d00-f37e19e3dc93: shutdown FollowerState
2019-09-06 18:21:12,150 [grpc-default-executor-11] INFO  impl.RoleInfo (RoleInfo.java:updateAndGet(143)) - 30545f38-8e82-400b-a19e-90c0bfc34e7b: start FollowerState
2019-09-06 18:21:12,150 [Thread-3564] INFO  impl.FollowerState (FollowerState.java:run(114)) - 3c53ef1c-b6f6-452f-9d00-f37e19e3dc93: FollowerState was interrupted: java.lang.InterruptedException: sleep interrupted
2019-09-06 18:21:12,150 [Thread-3568] INFO  impl.FollowerState (FollowerState.java:run(114)) - 30545f38-8e82-400b-a19e-90c0bfc34e7b: FollowerState was interrupted: java.lang.InterruptedException: sleep interrupted
2019-09-06 18:21:12,150 [grpc-default-executor-5] INFO  impl.RoleInfo (RoleInfo.java:updateAndGet(143)) - 3c53ef1c-b6f6-452f-9d00-f37e19e3dc93: start FollowerState
2019-09-06 18:21:12,172 [3c53ef1c-b6f6-452f-9d00-f37e19e3dc93:group-D6DEA822E555:LeaderElection68] INFO  impl.LeaderElection (LeaderElection.java:askForVotes(181)) - 3c53ef1c-b6f6-452f-9d00-f37e19e3dc93:group-D6DEA822E555:LeaderElection68: begin an election at term 1 for -1: [3c53ef1c-b6f6-452f-9d00-f37e19e3dc93:192.168.69.114:36687], old=null
2019-09-06 18:21:12,174 [3c53ef1c-b6f6-452f-9d00-f37e19e3dc93:group-D6DEA822E555:LeaderElection68] INFO  impl.RoleInfo (RoleInfo.java:shutdownLeaderElection(134)) - 3c53ef1c-b6f6-452f-9d00-f37e19e3dc93: shutdown LeaderElection
2019-09-06 18:21:12,174 [3c53ef1c-b6f6-452f-9d00-f37e19e3dc93:group-D6DEA822E555:LeaderElection68] INFO  impl.RaftServerImpl (RaftServerImpl.java:setRole(171)) - 3c53ef1c-b6f6-452f-9d00-f37e19e3dc93:group-D6DEA822E555 changes role from CANDIDATE to LEADER at term 1 for changeToLeader
2019-09-06 18:21:12,174 [3c53ef1c-b6f6-452f-9d00-f37e19e3dc93:group-D6DEA822E555:LeaderElection68] INFO  impl.RaftServerImpl (ServerState.java:setLeader(263)) - 3c53ef1c-b6f6-452f-9d00-f37e19e3dc93:group-D6DEA822E555 change Leader from null to 3c53ef1c-b6f6-452f-9d00-f37e19e3dc93 at term 1 for becomeLeader, leader elected after 5203ms
2019-09-06 18:21:12,174 [3c53ef1c-b6f6-452f-9d00-f37e19e3dc93:group-D6DEA822E555:LeaderElection68] INFO  server.RaftServerConfigKeys (ConfUtils.java:logGet(43)) - raft.server.staging.catchup.gap = 1000 (default)
2019-09-06 18:21:12,174 [3c53ef1c-b6f6-452f-9d00-f37e19e3dc93:group-D6DEA822E555:LeaderElection68] INFO  server.RaftServerConfigKeys (ConfUtils.java:logGet(43)) - raft.server.rpc.sleep.time = 25ms (default)
2019-09-06 18:21:12,175 [3c53ef1c-b6f6-452f-9d00-f37e19e3dc93:group-D6DEA822E555:LeaderElection68] INFO  server.RaftServerConfigKeys (ConfUtils.java:logGet(43)) - raft.server.write.element-limit = 4096 (default)
2019-09-06 18:21:12,175 [3c53ef1c-b6f6-452f-9d00-f37e19e3dc93:group-D6DEA822E555:LeaderElection68] INFO  server.RaftServerConfigKeys (ConfUtils.java:logGet(43)) - raft.server.watch.timeout = 10s (default)
2019-09-06 18:21:12,175 [3c53ef1c-b6f6-452f-9d00-f37e19e3dc93:group-D6DEA822E555:LeaderElection68] INFO  server.RaftServerConfigKeys (ConfUtils.java:logGet(43)) - raft.server.watch.timeout.denomination = 1s (default)
2019-09-06 18:21:12,175 [3c53ef1c-b6f6-452f-9d00-f37e19e3dc93:group-D6DEA822E555:LeaderElection68] INFO  server.RaftServerConfigKeys (ConfUtils.java:logGet(43)) - raft.server.watch.element-limit = 65536 (default)
2019-09-06 18:21:12,175 [3c53ef1c-b6f6-452f-9d00-f37e19e3dc93:group-D6DEA822E555:LeaderElection68] INFO  impl.RoleInfo (RoleInfo.java:updateAndGet(143)) - 3c53ef1c-b6f6-452f-9d00-f37e19e3dc93: start LeaderState
2019-09-06 18:21:12,175 [3c53ef1c-b6f6-452f-9d00-f37e19e3dc93:group-D6DEA822E555:LeaderElection68] INFO  segmented.SegmentedRaftLogWorker (SegmentedRaftLogWorker.java:startLogSegment(380)) - 3c53ef1c-b6f6-452f-9d00-f37e19e3dc93-SegmentedRaftLogWorker:Storage Directory /workdir/hadoop-ozone/integration-test/target/test-dir/MiniOzoneClusterImpl-df485bfa-7c5b-4a27-b9f2-b5a858908c51/datanode-3/data/ratis/28cfaff3-acbd-4760-90c9-d6dea822e555: Starting segment from index:0
2019-09-06 18:21:12,175 [3c53ef1c-b6f6-452f-9d00-f37e19e3dc93:group-D6DEA822E555:LeaderElection68] INFO  impl.RaftServerImpl (ServerState.java:setRaftConf(361)) - 3c53ef1c-b6f6-452f-9d00-f37e19e3dc93:group-D6DEA822E555 set configuration 0: [3c53ef1c-b6f6-452f-9d00-f37e19e3dc93:192.168.69.114:36687], old=null at 0
2019-09-06 18:21:12,187 [30545f38-8e82-400b-a19e-90c0bfc34e7b-SegmentedRaftLogWorker:Storage Directory /workdir/hadoop-ozone/integration-test/target/test-dir/MiniOzoneClusterImpl-df485bfa-7c5b-4a27-b9f2-b5a858908c51/datanode-2/data/ratis/18ec4da0-4c03-45e0-b12b-2adeb32b7081] INFO  segmented.SegmentedRaftLogWorker (SegmentedRaftLogWorker.java:execute(569)) - 30545f38-8e82-400b-a19e-90c0bfc34e7b-SegmentedRaftLogWorker:Storage Directory /workdir/hadoop-ozone/integration-test/target/test-dir/MiniOzoneClusterImpl-df485bfa-7c5b-4a27-b9f2-b5a858908c51/datanode-2/data/ratis/18ec4da0-4c03-45e0-b12b-2adeb32b7081: created new log segment /workdir/hadoop-ozone/integration-test/target/test-dir/MiniOzoneClusterImpl-df485bfa-7c5b-4a27-b9f2-b5a858908c51/datanode-2/data/ratis/18ec4da0-4c03-45e0-b12b-2adeb32b7081/current/log_inprogress_0
2019-09-06 18:21:12,211 [b336e002-869c-4cc6-9928-d81b64790b84:group-4BE1F7773F85:LeaderElection66] INFO  impl.LeaderElection (LeaderElection.java:logAndReturn(56)) - b336e002-869c-4cc6-9928-d81b64790b84:group-4BE1F7773F85:LeaderElection66: Election PASSED; received 1 response(s) [b336e002-869c-4cc6-9928-d81b64790b84<-30545f38-8e82-400b-a19e-90c0bfc34e7b#0:OK-t1] and 0 exception(s); b336e002-869c-4cc6-9928-d81b64790b84:t1, leader=null, voted=b336e002-869c-4cc6-9928-d81b64790b84, raftlog=b336e002-869c-4cc6-9928-d81b64790b84-SegmentedRaftLog:OPENED:c-1,f-1,i0, conf=-1: [b336e002-869c-4cc6-9928-d81b64790b84:192.168.69.114:44616, 3c53ef1c-b6f6-452f-9d00-f37e19e3dc93:192.168.69.114:36687, 30545f38-8e82-400b-a19e-90c0bfc34e7b:192.168.69.114:32866], old=null
2019-09-06 18:21:12,212 [b336e002-869c-4cc6-9928-d81b64790b84:group-4BE1F7773F85:LeaderElection66] INFO  impl.RoleInfo (RoleInfo.java:shutdownLeaderElection(134)) - b336e002-869c-4cc6-9928-d81b64790b84: shutdown LeaderElection
2019-09-06 18:21:12,212 [b336e002-869c-4cc6-9928-d81b64790b84:group-4BE1F7773F85:LeaderElection66] INFO  impl.RaftServerImpl (RaftServerImpl.java:setRole(171)) - b336e002-869c-4cc6-9928-d81b64790b84:group-4BE1F7773F85 changes role from CANDIDATE to LEADER at term 1 for changeToLeader
2019-09-06 18:21:12,212 [b336e002-869c-4cc6-9928-d81b64790b84:group-4BE1F7773F85:LeaderElection66] INFO  impl.RaftServerImpl (ServerState.java:setLeader(263)) - b336e002-869c-4cc6-9928-d81b64790b84:group-4BE1F7773F85 change Leader from null to b336e002-869c-4cc6-9928-d81b64790b84 at term 1 for becomeLeader, leader elected after 5174ms
2019-09-06 18:21:12,212 [b336e002-869c-4cc6-9928-d81b64790b84:group-4BE1F7773F85:LeaderElection66] INFO  server.RaftServerConfigKeys (ConfUtils.java:logGet(43)) - raft.server.staging.catchup.gap = 1000 (default)
2019-09-06 18:21:12,212 [b336e002-869c-4cc6-9928-d81b64790b84:group-4BE1F7773F85:LeaderElection66] INFO  server.RaftServerConfigKeys (ConfUtils.java:logGet(43)) - raft.server.rpc.sleep.time = 25ms (default)
2019-09-06 18:21:12,212 [b336e002-869c-4cc6-9928-d81b64790b84:group-4BE1F7773F85:LeaderElection66] INFO  server.RaftServerConfigKeys (ConfUtils.java:logGet(43)) - raft.server.write.element-limit = 4096 (default)
2019-09-06 18:21:12,212 [b336e002-869c-4cc6-9928-d81b64790b84:group-4BE1F7773F85:LeaderElection66] INFO  server.RaftServerConfigKeys (ConfUtils.java:logGet(43)) - raft.server.watch.timeout = 10s (default)
2019-09-06 18:21:12,212 [b336e002-869c-4cc6-9928-d81b64790b84:group-4BE1F7773F85:LeaderElection66] INFO  server.RaftServerConfigKeys (ConfUtils.java:logGet(43)) - raft.server.watch.timeout.denomination = 1s (default)
2019-09-06 18:21:12,212 [b336e002-869c-4cc6-9928-d81b64790b84:group-4BE1F7773F85:LeaderElection66] INFO  server.RaftServerConfigKeys (ConfUtils.java:logGet(43)) - raft.server.watch.element-limit = 65536 (default)
2019-09-06 18:21:12,213 [b336e002-869c-4cc6-9928-d81b64790b84:group-4BE1F7773F85:LeaderElection66] INFO  server.RaftServerConfigKeys (ConfUtils.java:logGet(43)) - raft.server.log.appender.snapshot.chunk.size.max = 16MB (=16777216) (default)
2019-09-06 18:21:12,213 [b336e002-869c-4cc6-9928-d81b64790b84:group-4BE1F7773F85:LeaderElection66] INFO  server.RaftServerConfigKeys (ConfUtils.java:logGet(43)) - raft.server.log.appender.buffer.byte-limit = 33554432 (custom)
2019-09-06 18:21:12,213 [b336e002-869c-4cc6-9928-d81b64790b84:group-4BE1F7773F85:LeaderElection66] INFO  server.RaftServerConfigKeys (ConfUtils.java:logGet(43)) - raft.server.log.appender.buffer.element-limit = 1 (custom)
2019-09-06 18:21:12,213 [b336e002-869c-4cc6-9928-d81b64790b84:group-4BE1F7773F85:LeaderElection66] INFO  grpc.GrpcConfigKeys$Server (ConfUtils.java:logGet(43)) - raft.grpc.server.leader.outstanding.appends.max = 128 (default)
2019-09-06 18:21:12,213 [b336e002-869c-4cc6-9928-d81b64790b84:group-4BE1F7773F85:LeaderElection66] INFO  server.RaftServerConfigKeys (ConfUtils.java:logGet(43)) - raft.server.rpc.request.timeout = 3000ms (default)
2019-09-06 18:21:12,213 [b336e002-869c-4cc6-9928-d81b64790b84:group-4BE1F7773F85:LeaderElection66] INFO  server.RaftServerConfigKeys (ConfUtils.java:logGet(43)) - raft.server.log.appender.install.snapshot.enabled = false (custom)
2019-09-06 18:21:12,214 [b336e002-869c-4cc6-9928-d81b64790b84:group-4BE1F7773F85:LeaderElection66] INFO  server.RaftServerConfigKeys (ConfUtils.java:logGet(43)) - raft.server.log.appender.snapshot.chunk.size.max = 16MB (=16777216) (default)
2019-09-06 18:21:12,214 [b336e002-869c-4cc6-9928-d81b64790b84:group-4BE1F7773F85:LeaderElection66] INFO  server.RaftServerConfigKeys (ConfUtils.java:logGet(43)) - raft.server.log.appender.buffer.byte-limit = 33554432 (custom)
2019-09-06 18:21:12,214 [b336e002-869c-4cc6-9928-d81b64790b84:group-4BE1F7773F85:LeaderElection66] INFO  server.RaftServerConfigKeys (ConfUtils.java:logGet(43)) - raft.server.log.appender.buffer.element-limit = 1 (custom)
2019-09-06 18:21:12,214 [b336e002-869c-4cc6-9928-d81b64790b84:group-4BE1F7773F85:LeaderElection66] INFO  grpc.GrpcConfigKeys$Server (ConfUtils.java:logGet(43)) - raft.grpc.server.leader.outstanding.appends.max = 128 (default)
2019-09-06 18:21:12,214 [b336e002-869c-4cc6-9928-d81b64790b84:group-4BE1F7773F85:LeaderElection66] INFO  server.RaftServerConfigKeys (ConfUtils.java:logGet(43)) - raft.server.rpc.request.timeout = 3000ms (default)
2019-09-06 18:21:12,214 [b336e002-869c-4cc6-9928-d81b64790b84:group-4BE1F7773F85:LeaderElection66] INFO  server.RaftServerConfigKeys (ConfUtils.java:logGet(43)) - raft.server.log.appender.install.snapshot.enabled = false (custom)
2019-09-06 18:21:12,214 [b336e002-869c-4cc6-9928-d81b64790b84:group-4BE1F7773F85:LeaderElection66] INFO  impl.RoleInfo (RoleInfo.java:updateAndGet(143)) - b336e002-869c-4cc6-9928-d81b64790b84: start LeaderState
2019-09-06 18:21:12,215 [b336e002-869c-4cc6-9928-d81b64790b84:group-4BE1F7773F85:LeaderElection66] INFO  segmented.SegmentedRaftLogWorker (SegmentedRaftLogWorker.java:startLogSegment(380)) - b336e002-869c-4cc6-9928-d81b64790b84-SegmentedRaftLogWorker:Storage Directory /workdir/hadoop-ozone/integration-test/target/test-dir/MiniOzoneClusterImpl-df485bfa-7c5b-4a27-b9f2-b5a858908c51/datanode-1/data/ratis/5e626beb-1dea-46b2-92eb-4be1f7773f85: Starting segment from index:0
2019-09-06 18:21:12,215 [Thread-3577] INFO  impl.FollowerState (FollowerState.java:run(106)) - 5c21979b-2b81-49da-a086-daeec3e37e90:group-12093C56007D changes to CANDIDATE, lastRpcTime:5072, electionTimeout:5072ms
2019-09-06 18:21:12,215 [Thread-3577] INFO  impl.RoleInfo (RoleInfo.java:shutdownFollowerState(121)) - 5c21979b-2b81-49da-a086-daeec3e37e90: shutdown FollowerState
2019-09-06 18:21:12,215 [Thread-3577] INFO  impl.RaftServerImpl (RaftServerImpl.java:setRole(171)) - 5c21979b-2b81-49da-a086-daeec3e37e90:group-12093C56007D changes role from FOLLOWER to CANDIDATE at term 0 for changeToCandidate
2019-09-06 18:21:12,215 [b336e002-869c-4cc6-9928-d81b64790b84:group-4BE1F7773F85:LeaderElection66] INFO  impl.RaftServerImpl (ServerState.java:setRaftConf(361)) - b336e002-869c-4cc6-9928-d81b64790b84:group-4BE1F7773F85 set configuration 0: [b336e002-869c-4cc6-9928-d81b64790b84:192.168.69.114:44616, 3c53ef1c-b6f6-452f-9d00-f37e19e3dc93:192.168.69.114:36687, 30545f38-8e82-400b-a19e-90c0bfc34e7b:192.168.69.114:32866], old=null at 0
2019-09-06 18:21:12,215 [Thread-3577] INFO  impl.RoleInfo (RoleInfo.java:updateAndGet(143)) - 5c21979b-2b81-49da-a086-daeec3e37e90: start LeaderElection
2019-09-06 18:21:12,253 [3c53ef1c-b6f6-452f-9d00-f37e19e3dc93-SegmentedRaftLogWorker:Storage Directory /workdir/hadoop-ozone/integration-test/target/test-dir/MiniOzoneClusterImpl-df485bfa-7c5b-4a27-b9f2-b5a858908c51/datanode-3/data/ratis/28cfaff3-acbd-4760-90c9-d6dea822e555] INFO  segmented.SegmentedRaftLogWorker (SegmentedRaftLogWorker.java:execute(569)) - 3c53ef1c-b6f6-452f-9d00-f37e19e3dc93-SegmentedRaftLogWorker:Storage Directory /workdir/hadoop-ozone/integration-test/target/test-dir/MiniOzoneClusterImpl-df485bfa-7c5b-4a27-b9f2-b5a858908c51/datanode-3/data/ratis/28cfaff3-acbd-4760-90c9-d6dea822e555: created new log segment /workdir/hadoop-ozone/integration-test/target/test-dir/MiniOzoneClusterImpl-df485bfa-7c5b-4a27-b9f2-b5a858908c51/datanode-3/data/ratis/28cfaff3-acbd-4760-90c9-d6dea822e555/current/log_inprogress_0
2019-09-06 18:21:12,253 [Thread-3578] INFO  impl.FollowerState (FollowerState.java:run(106)) - 1a3a3faf-6a54-403e-ab13-05cc39e05f75:group-12093C56007D changes to CANDIDATE, lastRpcTime:5110, electionTimeout:5076ms
2019-09-06 18:21:12,254 [Thread-3578] INFO  impl.RoleInfo (RoleInfo.java:shutdownFollowerState(121)) - 1a3a3faf-6a54-403e-ab13-05cc39e05f75: shutdown FollowerState
2019-09-06 18:21:12,256 [Thread-3578] INFO  impl.RaftServerImpl (RaftServerImpl.java:setRole(171)) - 1a3a3faf-6a54-403e-ab13-05cc39e05f75:group-12093C56007D changes role from FOLLOWER to CANDIDATE at term 0 for changeToCandidate
2019-09-06 18:21:12,259 [grpc-default-executor-11] INFO  impl.RaftServerImpl (ServerState.java:setLeader(263)) - 30545f38-8e82-400b-a19e-90c0bfc34e7b:group-4BE1F7773F85 change Leader from null to b336e002-869c-4cc6-9928-d81b64790b84 at term 1 for appendEntries, leader elected after 5222ms
2019-09-06 18:21:12,259 [Thread-3578] INFO  impl.RoleInfo (RoleInfo.java:updateAndGet(143)) - 1a3a3faf-6a54-403e-ab13-05cc39e05f75: start LeaderElection
2019-09-06 18:21:12,260 [grpc-default-executor-5] INFO  impl.RaftServerImpl (ServerState.java:setLeader(263)) - 3c53ef1c-b6f6-452f-9d00-f37e19e3dc93:group-4BE1F7773F85 change Leader from null to b336e002-869c-4cc6-9928-d81b64790b84 at term 1 for appendEntries, leader elected after 5222ms
2019-09-06 18:21:12,271 [Thread-3582] INFO  impl.FollowerState (FollowerState.java:run(106)) - a54807b1-ebdd-43a3-bb40-59a7287becce:group-805C01D12D96 changes to CANDIDATE, lastRpcTime:5075, electionTimeout:5073ms
2019-09-06 18:21:12,277 [Thread-3582] INFO  impl.RoleInfo (RoleInfo.java:shutdownFollowerState(121)) - a54807b1-ebdd-43a3-bb40-59a7287becce: shutdown FollowerState
2019-09-06 18:21:12,277 [Thread-3582] INFO  impl.RaftServerImpl (RaftServerImpl.java:setRole(171)) - a54807b1-ebdd-43a3-bb40-59a7287becce:group-805C01D12D96 changes role from FOLLOWER to CANDIDATE at term 0 for changeToCandidate
2019-09-06 18:21:12,277 [Thread-3582] INFO  impl.RoleInfo (RoleInfo.java:updateAndGet(143)) - a54807b1-ebdd-43a3-bb40-59a7287becce: start LeaderElection
2019-09-06 18:21:12,284 [b336e002-869c-4cc6-9928-d81b64790b84-SegmentedRaftLogWorker:Storage Directory /workdir/hadoop-ozone/integration-test/target/test-dir/MiniOzoneClusterImpl-df485bfa-7c5b-4a27-b9f2-b5a858908c51/datanode-1/data/ratis/5e626beb-1dea-46b2-92eb-4be1f7773f85] INFO  segmented.SegmentedRaftLogWorker (SegmentedRaftLogWorker.java:execute(569)) - b336e002-869c-4cc6-9928-d81b64790b84-SegmentedRaftLogWorker:Storage Directory /workdir/hadoop-ozone/integration-test/target/test-dir/MiniOzoneClusterImpl-df485bfa-7c5b-4a27-b9f2-b5a858908c51/datanode-1/data/ratis/5e626beb-1dea-46b2-92eb-4be1f7773f85: created new log segment /workdir/hadoop-ozone/integration-test/target/test-dir/MiniOzoneClusterImpl-df485bfa-7c5b-4a27-b9f2-b5a858908c51/datanode-1/data/ratis/5e626beb-1dea-46b2-92eb-4be1f7773f85/current/log_inprogress_0
2019-09-06 18:21:12,284 [5c21979b-2b81-49da-a086-daeec3e37e90:group-12093C56007D:LeaderElection69] INFO  impl.LeaderElection (LeaderElection.java:askForVotes(181)) - 5c21979b-2b81-49da-a086-daeec3e37e90:group-12093C56007D:LeaderElection69: begin an election at term 1 for -1: [5c21979b-2b81-49da-a086-daeec3e37e90:192.168.69.114:41233, 1a3a3faf-6a54-403e-ab13-05cc39e05f75:192.168.69.114:36884, a54807b1-ebdd-43a3-bb40-59a7287becce:192.168.69.114:36294], old=null
2019-09-06 18:21:12,285 [grpc-default-executor-5] INFO  impl.RaftServerImpl (ServerState.java:setRaftConf(361)) - 30545f38-8e82-400b-a19e-90c0bfc34e7b:group-4BE1F7773F85 set configuration 0: [b336e002-869c-4cc6-9928-d81b64790b84:192.168.69.114:44616, 3c53ef1c-b6f6-452f-9d00-f37e19e3dc93:192.168.69.114:36687, 30545f38-8e82-400b-a19e-90c0bfc34e7b:192.168.69.114:32866], old=null at 0
2019-09-06 18:21:12,285 [grpc-default-executor-11] INFO  impl.RaftServerImpl (ServerState.java:setRaftConf(361)) - 3c53ef1c-b6f6-452f-9d00-f37e19e3dc93:group-4BE1F7773F85 set configuration 0: [b336e002-869c-4cc6-9928-d81b64790b84:192.168.69.114:44616, 3c53ef1c-b6f6-452f-9d00-f37e19e3dc93:192.168.69.114:36687, 30545f38-8e82-400b-a19e-90c0bfc34e7b:192.168.69.114:32866], old=null at 0
2019-09-06 18:21:12,285 [grpc-default-executor-5] INFO  segmented.SegmentedRaftLogWorker (SegmentedRaftLogWorker.java:startLogSegment(380)) - 30545f38-8e82-400b-a19e-90c0bfc34e7b-SegmentedRaftLogWorker:Storage Directory /workdir/hadoop-ozone/integration-test/target/test-dir/MiniOzoneClusterImpl-df485bfa-7c5b-4a27-b9f2-b5a858908c51/datanode-2/data/ratis/5e626beb-1dea-46b2-92eb-4be1f7773f85: Starting segment from index:0
2019-09-06 18:21:12,285 [grpc-default-executor-11] INFO  segmented.SegmentedRaftLogWorker (SegmentedRaftLogWorker.java:startLogSegment(380)) - 3c53ef1c-b6f6-452f-9d00-f37e19e3dc93-SegmentedRaftLogWorker:Storage Directory /workdir/hadoop-ozone/integration-test/target/test-dir/MiniOzoneClusterImpl-df485bfa-7c5b-4a27-b9f2-b5a858908c51/datanode-3/data/ratis/5e626beb-1dea-46b2-92eb-4be1f7773f85: Starting segment from index:0
2019-09-06 18:21:12,324 [Thread-3572] INFO  impl.FollowerState (FollowerState.java:run(106)) - a54807b1-ebdd-43a3-bb40-59a7287becce:group-12093C56007D changes to CANDIDATE, lastRpcTime:5198, electionTimeout:5184ms
2019-09-06 18:21:12,324 [1a3a3faf-6a54-403e-ab13-05cc39e05f75:group-12093C56007D:LeaderElection70] INFO  impl.LeaderElection (LeaderElection.java:askForVotes(181)) - 1a3a3faf-6a54-403e-ab13-05cc39e05f75:group-12093C56007D:LeaderElection70: begin an election at term 1 for -1: [5c21979b-2b81-49da-a086-daeec3e37e90:192.168.69.114:41233, 1a3a3faf-6a54-403e-ab13-05cc39e05f75:192.168.69.114:36884, a54807b1-ebdd-43a3-bb40-59a7287becce:192.168.69.114:36294], old=null
2019-09-06 18:21:12,324 [Thread-3572] INFO  impl.RoleInfo (RoleInfo.java:shutdownFollowerState(121)) - a54807b1-ebdd-43a3-bb40-59a7287becce: shutdown FollowerState
2019-09-06 18:21:12,324 [a54807b1-ebdd-43a3-bb40-59a7287becce:group-805C01D12D96:LeaderElection71] INFO  impl.LeaderElection (LeaderElection.java:askForVotes(181)) - a54807b1-ebdd-43a3-bb40-59a7287becce:group-805C01D12D96:LeaderElection71: begin an election at term 1 for -1: [a54807b1-ebdd-43a3-bb40-59a7287becce:192.168.69.114:36294], old=null
2019-09-06 18:21:12,324 [Thread-3572] INFO  impl.RaftServerImpl (RaftServerImpl.java:setRole(171)) - a54807b1-ebdd-43a3-bb40-59a7287becce:group-12093C56007D changes role from FOLLOWER to CANDIDATE at term 0 for changeToCandidate
2019-09-06 18:21:12,325 [a54807b1-ebdd-43a3-bb40-59a7287becce:group-805C01D12D96:LeaderElection71] INFO  impl.RoleInfo (RoleInfo.java:shutdownLeaderElection(134)) - a54807b1-ebdd-43a3-bb40-59a7287becce: shutdown LeaderElection
2019-09-06 18:21:12,325 [Thread-3572] INFO  impl.RoleInfo (RoleInfo.java:updateAndGet(143)) - a54807b1-ebdd-43a3-bb40-59a7287becce: start LeaderElection
2019-09-06 18:21:12,325 [a54807b1-ebdd-43a3-bb40-59a7287becce:group-805C01D12D96:LeaderElection71] INFO  impl.RaftServerImpl (RaftServerImpl.java:setRole(171)) - a54807b1-ebdd-43a3-bb40-59a7287becce:group-805C01D12D96 changes role from CANDIDATE to LEADER at term 1 for changeToLeader
2019-09-06 18:21:12,325 [a54807b1-ebdd-43a3-bb40-59a7287becce:group-805C01D12D96:LeaderElection71] INFO  impl.RaftServerImpl (ServerState.java:setLeader(263)) - a54807b1-ebdd-43a3-bb40-59a7287becce:group-805C01D12D96 change Leader from null to a54807b1-ebdd-43a3-bb40-59a7287becce at term 1 for becomeLeader, leader elected after 5133ms
2019-09-06 18:21:12,325 [a54807b1-ebdd-43a3-bb40-59a7287becce:group-805C01D12D96:LeaderElection71] INFO  server.RaftServerConfigKeys (ConfUtils.java:logGet(43)) - raft.server.staging.catchup.gap = 1000 (default)
2019-09-06 18:21:12,330 [a54807b1-ebdd-43a3-bb40-59a7287becce:group-805C01D12D96:LeaderElection71] INFO  server.RaftServerConfigKeys (ConfUtils.java:logGet(43)) - raft.server.rpc.sleep.time = 25ms (default)
2019-09-06 18:21:12,333 [a54807b1-ebdd-43a3-bb40-59a7287becce:group-805C01D12D96:LeaderElection71] INFO  server.RaftServerConfigKeys (ConfUtils.java:logGet(43)) - raft.server.write.element-limit = 4096 (default)
2019-09-06 18:21:12,333 [a54807b1-ebdd-43a3-bb40-59a7287becce:group-805C01D12D96:LeaderElection71] INFO  server.RaftServerConfigKeys (ConfUtils.java:logGet(43)) - raft.server.watch.timeout = 10s (default)
2019-09-06 18:21:12,333 [a54807b1-ebdd-43a3-bb40-59a7287becce:group-805C01D12D96:LeaderElection71] INFO  server.RaftServerConfigKeys (ConfUtils.java:logGet(43)) - raft.server.watch.timeout.denomination = 1s (default)
2019-09-06 18:21:12,333 [a54807b1-ebdd-43a3-bb40-59a7287becce:group-805C01D12D96:LeaderElection71] INFO  server.RaftServerConfigKeys (ConfUtils.java:logGet(43)) - raft.server.watch.element-limit = 65536 (default)
2019-09-06 18:21:12,333 [a54807b1-ebdd-43a3-bb40-59a7287becce:group-805C01D12D96:LeaderElection71] INFO  impl.RoleInfo (RoleInfo.java:updateAndGet(143)) - a54807b1-ebdd-43a3-bb40-59a7287becce: start LeaderState
2019-09-06 18:21:12,334 [a54807b1-ebdd-43a3-bb40-59a7287becce:group-805C01D12D96:LeaderElection71] INFO  segmented.SegmentedRaftLogWorker (SegmentedRaftLogWorker.java:startLogSegment(380)) - a54807b1-ebdd-43a3-bb40-59a7287becce-SegmentedRaftLogWorker:Storage Directory /workdir/hadoop-ozone/integration-test/target/test-dir/MiniOzoneClusterImpl-df485bfa-7c5b-4a27-b9f2-b5a858908c51/datanode-4/data/ratis/979b811b-fbe9-4d00-bbfd-805c01d12d96: Starting segment from index:0
2019-09-06 18:21:12,334 [a54807b1-ebdd-43a3-bb40-59a7287becce:group-805C01D12D96:LeaderElection71] INFO  impl.RaftServerImpl (ServerState.java:setRaftConf(361)) - a54807b1-ebdd-43a3-bb40-59a7287becce:group-805C01D12D96 set configuration 0: [a54807b1-ebdd-43a3-bb40-59a7287becce:192.168.69.114:36294], old=null at 0
2019-09-06 18:21:12,347 [3c53ef1c-b6f6-452f-9d00-f37e19e3dc93-SegmentedRaftLogWorker:Storage Directory /workdir/hadoop-ozone/integration-test/target/test-dir/MiniOzoneClusterImpl-df485bfa-7c5b-4a27-b9f2-b5a858908c51/datanode-3/data/ratis/5e626beb-1dea-46b2-92eb-4be1f7773f85] INFO  segmented.SegmentedRaftLogWorker (SegmentedRaftLogWorker.java:execute(569)) - 3c53ef1c-b6f6-452f-9d00-f37e19e3dc93-SegmentedRaftLogWorker:Storage Directory /workdir/hadoop-ozone/integration-test/target/test-dir/MiniOzoneClusterImpl-df485bfa-7c5b-4a27-b9f2-b5a858908c51/datanode-3/data/ratis/5e626beb-1dea-46b2-92eb-4be1f7773f85: created new log segment /workdir/hadoop-ozone/integration-test/target/test-dir/MiniOzoneClusterImpl-df485bfa-7c5b-4a27-b9f2-b5a858908c51/datanode-3/data/ratis/5e626beb-1dea-46b2-92eb-4be1f7773f85/current/log_inprogress_0
2019-09-06 18:21:12,347 [30545f38-8e82-400b-a19e-90c0bfc34e7b-SegmentedRaftLogWorker:Storage Directory /workdir/hadoop-ozone/integration-test/target/test-dir/MiniOzoneClusterImpl-df485bfa-7c5b-4a27-b9f2-b5a858908c51/datanode-2/data/ratis/5e626beb-1dea-46b2-92eb-4be1f7773f85] INFO  segmented.SegmentedRaftLogWorker (SegmentedRaftLogWorker.java:execute(569)) - 30545f38-8e82-400b-a19e-90c0bfc34e7b-SegmentedRaftLogWorker:Storage Directory /workdir/hadoop-ozone/integration-test/target/test-dir/MiniOzoneClusterImpl-df485bfa-7c5b-4a27-b9f2-b5a858908c51/datanode-2/data/ratis/5e626beb-1dea-46b2-92eb-4be1f7773f85: created new log segment /workdir/hadoop-ozone/integration-test/target/test-dir/MiniOzoneClusterImpl-df485bfa-7c5b-4a27-b9f2-b5a858908c51/datanode-2/data/ratis/5e626beb-1dea-46b2-92eb-4be1f7773f85/current/log_inprogress_0
2019-09-06 18:21:12,364 [a54807b1-ebdd-43a3-bb40-59a7287becce:group-12093C56007D:LeaderElection72] INFO  impl.LeaderElection (LeaderElection.java:askForVotes(181)) - a54807b1-ebdd-43a3-bb40-59a7287becce:group-12093C56007D:LeaderElection72: begin an election at term 1 for -1: [5c21979b-2b81-49da-a086-daeec3e37e90:192.168.69.114:41233, 1a3a3faf-6a54-403e-ab13-05cc39e05f75:192.168.69.114:36884, a54807b1-ebdd-43a3-bb40-59a7287becce:192.168.69.114:36294], old=null
2019-09-06 18:21:12,370 [5c21979b-2b81-49da-a086-daeec3e37e90:group-12093C56007D:LeaderElection69] INFO  impl.LeaderElection (LeaderElection.java:logAndReturn(56)) - 5c21979b-2b81-49da-a086-daeec3e37e90:group-12093C56007D:LeaderElection69: Election REJECTED; received 2 response(s) [5c21979b-2b81-49da-a086-daeec3e37e90<-1a3a3faf-6a54-403e-ab13-05cc39e05f75#0:FAIL-t1, 5c21979b-2b81-49da-a086-daeec3e37e90<-a54807b1-ebdd-43a3-bb40-59a7287becce#0:FAIL-t1] and 0 exception(s); 5c21979b-2b81-49da-a086-daeec3e37e90:t1, leader=null, voted=5c21979b-2b81-49da-a086-daeec3e37e90, raftlog=5c21979b-2b81-49da-a086-daeec3e37e90-SegmentedRaftLog:OPENED:c-1,f-1,i0, conf=-1: [5c21979b-2b81-49da-a086-daeec3e37e90:192.168.69.114:41233, 1a3a3faf-6a54-403e-ab13-05cc39e05f75:192.168.69.114:36884, a54807b1-ebdd-43a3-bb40-59a7287becce:192.168.69.114:36294], old=null
2019-09-06 18:21:12,370 [1a3a3faf-6a54-403e-ab13-05cc39e05f75:group-12093C56007D:LeaderElection70] INFO  impl.LeaderElection (LeaderElection.java:logAndReturn(56)) - 1a3a3faf-6a54-403e-ab13-05cc39e05f75:group-12093C56007D:LeaderElection70: Election REJECTED; received 2 response(s) [1a3a3faf-6a54-403e-ab13-05cc39e05f75<-5c21979b-2b81-49da-a086-daeec3e37e90#0:FAIL-t1, 1a3a3faf-6a54-403e-ab13-05cc39e05f75<-a54807b1-ebdd-43a3-bb40-59a7287becce#0:FAIL-t1] and 0 exception(s); 1a3a3faf-6a54-403e-ab13-05cc39e05f75:t1, leader=null, voted=1a3a3faf-6a54-403e-ab13-05cc39e05f75, raftlog=1a3a3faf-6a54-403e-ab13-05cc39e05f75-SegmentedRaftLog:OPENED:c-1,f-1,i0, conf=-1: [5c21979b-2b81-49da-a086-daeec3e37e90:192.168.69.114:41233, 1a3a3faf-6a54-403e-ab13-05cc39e05f75:192.168.69.114:36884, a54807b1-ebdd-43a3-bb40-59a7287becce:192.168.69.114:36294], old=null
2019-09-06 18:21:12,370 [5c21979b-2b81-49da-a086-daeec3e37e90:group-12093C56007D:LeaderElection69] INFO  impl.RaftServerImpl (RaftServerImpl.java:setRole(171)) - 5c21979b-2b81-49da-a086-daeec3e37e90:group-12093C56007D changes role from CANDIDATE to FOLLOWER at term 1 for DISCOVERED_A_NEW_TERM
2019-09-06 18:21:12,371 [1a3a3faf-6a54-403e-ab13-05cc39e05f75:group-12093C56007D:LeaderElection70] INFO  impl.RaftServerImpl (RaftServerImpl.java:setRole(171)) - 1a3a3faf-6a54-403e-ab13-05cc39e05f75:group-12093C56007D changes role from CANDIDATE to FOLLOWER at term 1 for DISCOVERED_A_NEW_TERM
2019-09-06 18:21:12,371 [5c21979b-2b81-49da-a086-daeec3e37e90:group-12093C56007D:LeaderElection69] INFO  impl.RoleInfo (RoleInfo.java:shutdownLeaderElection(134)) - 5c21979b-2b81-49da-a086-daeec3e37e90: shutdown LeaderElection
2019-09-06 18:21:12,371 [1a3a3faf-6a54-403e-ab13-05cc39e05f75:group-12093C56007D:LeaderElection70] INFO  impl.RoleInfo (RoleInfo.java:shutdownLeaderElection(134)) - 1a3a3faf-6a54-403e-ab13-05cc39e05f75: shutdown LeaderElection
2019-09-06 18:21:12,371 [5c21979b-2b81-49da-a086-daeec3e37e90:group-12093C56007D:LeaderElection69] INFO  impl.RoleInfo (RoleInfo.java:updateAndGet(143)) - 5c21979b-2b81-49da-a086-daeec3e37e90: start FollowerState
2019-09-06 18:21:12,371 [1a3a3faf-6a54-403e-ab13-05cc39e05f75:group-12093C56007D:LeaderElection70] INFO  impl.RoleInfo (RoleInfo.java:updateAndGet(143)) - 1a3a3faf-6a54-403e-ab13-05cc39e05f75: start FollowerState
2019-09-06 18:21:12,378 [Thread-3585] INFO  impl.FollowerState (FollowerState.java:run(106)) - 1a3a3faf-6a54-403e-ab13-05cc39e05f75:group-C239F928CFCC changes to CANDIDATE, lastRpcTime:5130, electionTimeout:5129ms
2019-09-06 18:21:12,378 [Thread-3585] INFO  impl.RoleInfo (RoleInfo.java:shutdownFollowerState(121)) - 1a3a3faf-6a54-403e-ab13-05cc39e05f75: shutdown FollowerState
2019-09-06 18:21:12,378 [Thread-3585] INFO  impl.RaftServerImpl (RaftServerImpl.java:setRole(171)) - 1a3a3faf-6a54-403e-ab13-05cc39e05f75:group-C239F928CFCC changes role from FOLLOWER to CANDIDATE at term 0 for changeToCandidate
2019-09-06 18:21:12,378 [a54807b1-ebdd-43a3-bb40-59a7287becce:group-12093C56007D:LeaderElection72] INFO  impl.LeaderElection (LeaderElection.java:logAndReturn(56)) - a54807b1-ebdd-43a3-bb40-59a7287becce:group-12093C56007D:LeaderElection72: Election REJECTED; received 2 response(s) [a54807b1-ebdd-43a3-bb40-59a7287becce<-5c21979b-2b81-49da-a086-daeec3e37e90#0:FAIL-t1, a54807b1-ebdd-43a3-bb40-59a7287becce<-1a3a3faf-6a54-403e-ab13-05cc39e05f75#0:FAIL-t1] and 0 exception(s); a54807b1-ebdd-43a3-bb40-59a7287becce:t1, leader=null, voted=a54807b1-ebdd-43a3-bb40-59a7287becce, raftlog=a54807b1-ebdd-43a3-bb40-59a7287becce-SegmentedRaftLog:OPENED:c-1,f-1,i0, conf=-1: [5c21979b-2b81-49da-a086-daeec3e37e90:192.168.69.114:41233, 1a3a3faf-6a54-403e-ab13-05cc39e05f75:192.168.69.114:36884, a54807b1-ebdd-43a3-bb40-59a7287becce:192.168.69.114:36294], old=null
2019-09-06 18:21:12,378 [Thread-3585] INFO  impl.RoleInfo (RoleInfo.java:updateAndGet(143)) - 1a3a3faf-6a54-403e-ab13-05cc39e05f75: start LeaderElection
2019-09-06 18:21:12,378 [a54807b1-ebdd-43a3-bb40-59a7287becce:group-12093C56007D:LeaderElection72] INFO  impl.RaftServerImpl (RaftServerImpl.java:setRole(171)) - a54807b1-ebdd-43a3-bb40-59a7287becce:group-12093C56007D changes role from CANDIDATE to FOLLOWER at term 1 for DISCOVERED_A_NEW_TERM
2019-09-06 18:21:12,378 [a54807b1-ebdd-43a3-bb40-59a7287becce:group-12093C56007D:LeaderElection72] INFO  impl.RoleInfo (RoleInfo.java:shutdownLeaderElection(134)) - a54807b1-ebdd-43a3-bb40-59a7287becce: shutdown LeaderElection
2019-09-06 18:21:12,380 [a54807b1-ebdd-43a3-bb40-59a7287becce:group-12093C56007D:LeaderElection72] INFO  impl.RoleInfo (RoleInfo.java:updateAndGet(143)) - a54807b1-ebdd-43a3-bb40-59a7287becce: start FollowerState
2019-09-06 18:21:12,385 [a54807b1-ebdd-43a3-bb40-59a7287becce-SegmentedRaftLogWorker:Storage Directory /workdir/hadoop-ozone/integration-test/target/test-dir/MiniOzoneClusterImpl-df485bfa-7c5b-4a27-b9f2-b5a858908c51/datanode-4/data/ratis/979b811b-fbe9-4d00-bbfd-805c01d12d96] INFO  segmented.SegmentedRaftLogWorker (SegmentedRaftLogWorker.java:execute(569)) - a54807b1-ebdd-43a3-bb40-59a7287becce-SegmentedRaftLogWorker:Storage Directory /workdir/hadoop-ozone/integration-test/target/test-dir/MiniOzoneClusterImpl-df485bfa-7c5b-4a27-b9f2-b5a858908c51/datanode-4/data/ratis/979b811b-fbe9-4d00-bbfd-805c01d12d96: created new log segment /workdir/hadoop-ozone/integration-test/target/test-dir/MiniOzoneClusterImpl-df485bfa-7c5b-4a27-b9f2-b5a858908c51/datanode-4/data/ratis/979b811b-fbe9-4d00-bbfd-805c01d12d96/current/log_inprogress_0
2019-09-06 18:21:12,398 [1a3a3faf-6a54-403e-ab13-05cc39e05f75:group-C239F928CFCC:LeaderElection73] INFO  impl.LeaderElection (LeaderElection.java:askForVotes(181)) - 1a3a3faf-6a54-403e-ab13-05cc39e05f75:group-C239F928CFCC:LeaderElection73: begin an election at term 1 for -1: [1a3a3faf-6a54-403e-ab13-05cc39e05f75:192.168.69.114:36884], old=null
2019-09-06 18:21:12,399 [1a3a3faf-6a54-403e-ab13-05cc39e05f75:group-C239F928CFCC:LeaderElection73] INFO  impl.RoleInfo (RoleInfo.java:shutdownLeaderElection(134)) - 1a3a3faf-6a54-403e-ab13-05cc39e05f75: shutdown LeaderElection
2019-09-06 18:21:12,399 [1a3a3faf-6a54-403e-ab13-05cc39e05f75:group-C239F928CFCC:LeaderElection73] INFO  impl.RaftServerImpl (RaftServerImpl.java:setRole(171)) - 1a3a3faf-6a54-403e-ab13-05cc39e05f75:group-C239F928CFCC changes role from CANDIDATE to LEADER at term 1 for changeToLeader
2019-09-06 18:21:12,399 [1a3a3faf-6a54-403e-ab13-05cc39e05f75:group-C239F928CFCC:LeaderElection73] INFO  impl.RaftServerImpl (ServerState.java:setLeader(263)) - 1a3a3faf-6a54-403e-ab13-05cc39e05f75:group-C239F928CFCC change Leader from null to 1a3a3faf-6a54-403e-ab13-05cc39e05f75 at term 1 for becomeLeader, leader elected after 5155ms
2019-09-06 18:21:12,399 [1a3a3faf-6a54-403e-ab13-05cc39e05f75:group-C239F928CFCC:LeaderElection73] INFO  server.RaftServerConfigKeys (ConfUtils.java:logGet(43)) - raft.server.staging.catchup.gap = 1000 (default)
2019-09-06 18:21:12,399 [1a3a3faf-6a54-403e-ab13-05cc39e05f75:group-C239F928CFCC:LeaderElection73] INFO  server.RaftServerConfigKeys (ConfUtils.java:logGet(43)) - raft.server.rpc.sleep.time = 25ms (default)
2019-09-06 18:21:12,399 [1a3a3faf-6a54-403e-ab13-05cc39e05f75:group-C239F928CFCC:LeaderElection73] INFO  server.RaftServerConfigKeys (ConfUtils.java:logGet(43)) - raft.server.write.element-limit = 4096 (default)
2019-09-06 18:21:12,400 [1a3a3faf-6a54-403e-ab13-05cc39e05f75:group-C239F928CFCC:LeaderElection73] INFO  server.RaftServerConfigKeys (ConfUtils.java:logGet(43)) - raft.server.watch.timeout = 10s (default)
2019-09-06 18:21:12,400 [1a3a3faf-6a54-403e-ab13-05cc39e05f75:group-C239F928CFCC:LeaderElection73] INFO  server.RaftServerConfigKeys (ConfUtils.java:logGet(43)) - raft.server.watch.timeout.denomination = 1s (default)
2019-09-06 18:21:12,400 [1a3a3faf-6a54-403e-ab13-05cc39e05f75:group-C239F928CFCC:LeaderElection73] INFO  server.RaftServerConfigKeys (ConfUtils.java:logGet(43)) - raft.server.watch.element-limit = 65536 (default)
2019-09-06 18:21:12,400 [1a3a3faf-6a54-403e-ab13-05cc39e05f75:group-C239F928CFCC:LeaderElection73] INFO  impl.RoleInfo (RoleInfo.java:updateAndGet(143)) - 1a3a3faf-6a54-403e-ab13-05cc39e05f75: start LeaderState
2019-09-06 18:21:12,400 [1a3a3faf-6a54-403e-ab13-05cc39e05f75:group-C239F928CFCC:LeaderElection73] INFO  segmented.SegmentedRaftLogWorker (SegmentedRaftLogWorker.java:startLogSegment(380)) - 1a3a3faf-6a54-403e-ab13-05cc39e05f75-SegmentedRaftLogWorker:Storage Directory /workdir/hadoop-ozone/integration-test/target/test-dir/MiniOzoneClusterImpl-df485bfa-7c5b-4a27-b9f2-b5a858908c51/datanode-5/data/ratis/c8492f1c-98bc-41aa-b9eb-c239f928cfcc: Starting segment from index:0
2019-09-06 18:21:12,401 [1a3a3faf-6a54-403e-ab13-05cc39e05f75:group-C239F928CFCC:LeaderElection73] INFO  impl.RaftServerImpl (ServerState.java:setRaftConf(361)) - 1a3a3faf-6a54-403e-ab13-05cc39e05f75:group-C239F928CFCC set configuration 0: [1a3a3faf-6a54-403e-ab13-05cc39e05f75:192.168.69.114:36884], old=null at 0
2019-09-06 18:21:12,447 [1a3a3faf-6a54-403e-ab13-05cc39e05f75-SegmentedRaftLogWorker:Storage Directory /workdir/hadoop-ozone/integration-test/target/test-dir/MiniOzoneClusterImpl-df485bfa-7c5b-4a27-b9f2-b5a858908c51/datanode-5/data/ratis/c8492f1c-98bc-41aa-b9eb-c239f928cfcc] INFO  segmented.SegmentedRaftLogWorker (SegmentedRaftLogWorker.java:execute(569)) - 1a3a3faf-6a54-403e-ab13-05cc39e05f75-SegmentedRaftLogWorker:Storage Directory /workdir/hadoop-ozone/integration-test/target/test-dir/MiniOzoneClusterImpl-df485bfa-7c5b-4a27-b9f2-b5a858908c51/datanode-5/data/ratis/c8492f1c-98bc-41aa-b9eb-c239f928cfcc: created new log segment /workdir/hadoop-ozone/integration-test/target/test-dir/MiniOzoneClusterImpl-df485bfa-7c5b-4a27-b9f2-b5a858908c51/datanode-5/data/ratis/c8492f1c-98bc-41aa-b9eb-c239f928cfcc/current/log_inprogress_0
2019-09-06 18:21:12,467 [Thread-3588] INFO  impl.FollowerState (FollowerState.java:run(106)) - 7acec8ed-4022-4294-b013-0365df66406a:group-87C1C6666E2C changes to CANDIDATE, lastRpcTime:5164, electionTimeout:5164ms
2019-09-06 18:21:12,467 [Thread-3588] INFO  impl.RoleInfo (RoleInfo.java:shutdownFollowerState(121)) - 7acec8ed-4022-4294-b013-0365df66406a: shutdown FollowerState
2019-09-06 18:21:12,467 [Thread-3588] INFO  impl.RaftServerImpl (RaftServerImpl.java:setRole(171)) - 7acec8ed-4022-4294-b013-0365df66406a:group-87C1C6666E2C changes role from FOLLOWER to CANDIDATE at term 0 for changeToCandidate
2019-09-06 18:21:12,467 [Thread-3588] INFO  impl.RoleInfo (RoleInfo.java:updateAndGet(143)) - 7acec8ed-4022-4294-b013-0365df66406a: start LeaderElection
2019-09-06 18:21:12,492 [7acec8ed-4022-4294-b013-0365df66406a:group-87C1C6666E2C:LeaderElection74] INFO  impl.LeaderElection (LeaderElection.java:askForVotes(181)) - 7acec8ed-4022-4294-b013-0365df66406a:group-87C1C6666E2C:LeaderElection74: begin an election at term 1 for -1: [7acec8ed-4022-4294-b013-0365df66406a:192.168.69.114:38924], old=null
2019-09-06 18:21:12,493 [7acec8ed-4022-4294-b013-0365df66406a:group-87C1C6666E2C:LeaderElection74] INFO  impl.RoleInfo (RoleInfo.java:shutdownLeaderElection(134)) - 7acec8ed-4022-4294-b013-0365df66406a: shutdown LeaderElection
2019-09-06 18:21:12,493 [7acec8ed-4022-4294-b013-0365df66406a:group-87C1C6666E2C:LeaderElection74] INFO  impl.RaftServerImpl (RaftServerImpl.java:setRole(171)) - 7acec8ed-4022-4294-b013-0365df66406a:group-87C1C6666E2C changes role from CANDIDATE to LEADER at term 1 for changeToLeader
2019-09-06 18:21:12,493 [7acec8ed-4022-4294-b013-0365df66406a:group-87C1C6666E2C:LeaderElection74] INFO  impl.RaftServerImpl (ServerState.java:setLeader(263)) - 7acec8ed-4022-4294-b013-0365df66406a:group-87C1C6666E2C change Leader from null to 7acec8ed-4022-4294-b013-0365df66406a at term 1 for becomeLeader, leader elected after 5195ms
2019-09-06 18:21:12,493 [7acec8ed-4022-4294-b013-0365df66406a:group-87C1C6666E2C:LeaderElection74] INFO  server.RaftServerConfigKeys (ConfUtils.java:logGet(43)) - raft.server.staging.catchup.gap = 1000 (default)
2019-09-06 18:21:12,493 [7acec8ed-4022-4294-b013-0365df66406a:group-87C1C6666E2C:LeaderElection74] INFO  server.RaftServerConfigKeys (ConfUtils.java:logGet(43)) - raft.server.rpc.sleep.time = 25ms (default)
2019-09-06 18:21:12,493 [7acec8ed-4022-4294-b013-0365df66406a:group-87C1C6666E2C:LeaderElection74] INFO  server.RaftServerConfigKeys (ConfUtils.java:logGet(43)) - raft.server.write.element-limit = 4096 (default)
2019-09-06 18:21:12,493 [7acec8ed-4022-4294-b013-0365df66406a:group-87C1C6666E2C:LeaderElection74] INFO  server.RaftServerConfigKeys (ConfUtils.java:logGet(43)) - raft.server.watch.timeout = 10s (default)
2019-09-06 18:21:12,493 [7acec8ed-4022-4294-b013-0365df66406a:group-87C1C6666E2C:LeaderElection74] INFO  server.RaftServerConfigKeys (ConfUtils.java:logGet(43)) - raft.server.watch.timeout.denomination = 1s (default)
2019-09-06 18:21:12,494 [7acec8ed-4022-4294-b013-0365df66406a:group-87C1C6666E2C:LeaderElection74] INFO  server.RaftServerConfigKeys (ConfUtils.java:logGet(43)) - raft.server.watch.element-limit = 65536 (default)
2019-09-06 18:21:12,494 [7acec8ed-4022-4294-b013-0365df66406a:group-87C1C6666E2C:LeaderElection74] INFO  impl.RoleInfo (RoleInfo.java:updateAndGet(143)) - 7acec8ed-4022-4294-b013-0365df66406a: start LeaderState
2019-09-06 18:21:12,494 [7acec8ed-4022-4294-b013-0365df66406a:group-87C1C6666E2C:LeaderElection74] INFO  segmented.SegmentedRaftLogWorker (SegmentedRaftLogWorker.java:startLogSegment(380)) - 7acec8ed-4022-4294-b013-0365df66406a-SegmentedRaftLogWorker:Storage Directory /workdir/hadoop-ozone/integration-test/target/test-dir/MiniOzoneClusterImpl-df485bfa-7c5b-4a27-b9f2-b5a858908c51/datanode-6/data/ratis/72e8d9d4-cc76-4b3b-832c-87c1c6666e2c: Starting segment from index:0
2019-09-06 18:21:12,495 [7acec8ed-4022-4294-b013-0365df66406a:group-87C1C6666E2C:LeaderElection74] INFO  impl.RaftServerImpl (ServerState.java:setRaftConf(361)) - 7acec8ed-4022-4294-b013-0365df66406a:group-87C1C6666E2C set configuration 0: [7acec8ed-4022-4294-b013-0365df66406a:192.168.69.114:38924], old=null at 0
2019-09-06 18:21:12,587 [7acec8ed-4022-4294-b013-0365df66406a-SegmentedRaftLogWorker:Storage Directory /workdir/hadoop-ozone/integration-test/target/test-dir/MiniOzoneClusterImpl-df485bfa-7c5b-4a27-b9f2-b5a858908c51/datanode-6/data/ratis/72e8d9d4-cc76-4b3b-832c-87c1c6666e2c] INFO  segmented.SegmentedRaftLogWorker (SegmentedRaftLogWorker.java:execute(569)) - 7acec8ed-4022-4294-b013-0365df66406a-SegmentedRaftLogWorker:Storage Directory /workdir/hadoop-ozone/integration-test/target/test-dir/MiniOzoneClusterImpl-df485bfa-7c5b-4a27-b9f2-b5a858908c51/datanode-6/data/ratis/72e8d9d4-cc76-4b3b-832c-87c1c6666e2c: created new log segment /workdir/hadoop-ozone/integration-test/target/test-dir/MiniOzoneClusterImpl-df485bfa-7c5b-4a27-b9f2-b5a858908c51/datanode-6/data/ratis/72e8d9d4-cc76-4b3b-832c-87c1c6666e2c/current/log_inprogress_0
2019-09-06 18:21:12,594 [grpc-default-executor-8] INFO  client.GrpcClientProtocolClient (GrpcClientProtocolClient.java:onNext(255)) - client-3C530D2BB7CD->b336e002-869c-4cc6-9928-d81b64790b84: receive RaftClientReply:client-3C530D2BB7CD->b336e002-869c-4cc6-9928-d81b64790b84@group-4BE1F7773F85, cid=166, SUCCESS, logIndex=1, commits[b336e002-869c-4cc6-9928-d81b64790b84:c1, 3c53ef1c-b6f6-452f-9d00-f37e19e3dc93:c0, 30545f38-8e82-400b-a19e-90c0bfc34e7b:c0]
2019-09-06 18:21:12,618 [grpc-default-executor-12] INFO  client.GrpcClientProtocolClient (GrpcClientProtocolClient.java:onNext(255)) - client-3C530D2BB7CD->b336e002-869c-4cc6-9928-d81b64790b84: receive RaftClientReply:client-3C530D2BB7CD->b336e002-869c-4cc6-9928-d81b64790b84@group-4BE1F7773F85, cid=167, SUCCESS, logIndex=3, commits[b336e002-869c-4cc6-9928-d81b64790b84:c4, 3c53ef1c-b6f6-452f-9d00-f37e19e3dc93:c1, 30545f38-8e82-400b-a19e-90c0bfc34e7b:c1]
2019-09-06 18:21:12,688 [grpc-default-executor-12] INFO  client.GrpcClientProtocolClient (GrpcClientProtocolClient.java:onNext(255)) - client-3C530D2BB7CD->b336e002-869c-4cc6-9928-d81b64790b84: receive RaftClientReply:client-3C530D2BB7CD->b336e002-869c-4cc6-9928-d81b64790b84@group-4BE1F7773F85, cid=168, SUCCESS, logIndex=4, commits[b336e002-869c-4cc6-9928-d81b64790b84:c12, 3c53ef1c-b6f6-452f-9d00-f37e19e3dc93:c7, 30545f38-8e82-400b-a19e-90c0bfc34e7b:c7]
2019-09-06 18:21:12,689 [grpc-default-executor-12] INFO  client.GrpcClientProtocolClient (GrpcClientProtocolClient.java:onNext(255)) - client-3C530D2BB7CD->b336e002-869c-4cc6-9928-d81b64790b84: receive RaftClientReply:client-3C530D2BB7CD->b336e002-869c-4cc6-9928-d81b64790b84@group-4BE1F7773F85, cid=169, SUCCESS, logIndex=5, commits[b336e002-869c-4cc6-9928-d81b64790b84:c12, 3c53ef1c-b6f6-452f-9d00-f37e19e3dc93:c7, 30545f38-8e82-400b-a19e-90c0bfc34e7b:c7]
2019-09-06 18:21:12,690 [grpc-default-executor-12] INFO  client.GrpcClientProtocolClient (GrpcClientProtocolClient.java:onNext(255)) - client-3C530D2BB7CD->b336e002-869c-4cc6-9928-d81b64790b84: receive RaftClientReply:client-3C530D2BB7CD->b336e002-869c-4cc6-9928-d81b64790b84@group-4BE1F7773F85, cid=170, SUCCESS, logIndex=6, commits[b336e002-869c-4cc6-9928-d81b64790b84:c12, 3c53ef1c-b6f6-452f-9d00-f37e19e3dc93:c7, 30545f38-8e82-400b-a19e-90c0bfc34e7b:c7]
2019-09-06 18:21:12,847 [grpc-default-executor-12] INFO  client.GrpcClientProtocolClient (GrpcClientProtocolClient.java:onNext(255)) - client-3C530D2BB7CD->b336e002-869c-4cc6-9928-d81b64790b84: receive RaftClientReply:client-3C530D2BB7CD->b336e002-869c-4cc6-9928-d81b64790b84@group-4BE1F7773F85, cid=171, SUCCESS, logIndex=7, commits[b336e002-869c-4cc6-9928-d81b64790b84:c12, 3c53ef1c-b6f6-452f-9d00-f37e19e3dc93:c7, 30545f38-8e82-400b-a19e-90c0bfc34e7b:c7]
2019-09-06 18:21:12,866 [grpc-default-executor-12] INFO  client.GrpcClientProtocolClient (GrpcClientProtocolClient.java:onNext(255)) - client-3C530D2BB7CD->b336e002-869c-4cc6-9928-d81b64790b84: receive RaftClientReply:client-3C530D2BB7CD->b336e002-869c-4cc6-9928-d81b64790b84@group-4BE1F7773F85, cid=172, SUCCESS, logIndex=13, commits[b336e002-869c-4cc6-9928-d81b64790b84:c14, 3c53ef1c-b6f6-452f-9d00-f37e19e3dc93:c12, 30545f38-8e82-400b-a19e-90c0bfc34e7b:c12]
2019-09-06 18:21:12,866 [grpc-default-executor-12] INFO  client.GrpcClientProtocolClient (GrpcClientProtocolClient.java:onNext(255)) - client-3C530D2BB7CD->b336e002-869c-4cc6-9928-d81b64790b84: receive RaftClientReply:client-3C530D2BB7CD->b336e002-869c-4cc6-9928-d81b64790b84@group-4BE1F7773F85, cid=173, SUCCESS, logIndex=14, commits[b336e002-869c-4cc6-9928-d81b64790b84:c14, 3c53ef1c-b6f6-452f-9d00-f37e19e3dc93:c12, 30545f38-8e82-400b-a19e-90c0bfc34e7b:c12]
2019-09-06 18:21:12,886 [grpc-default-executor-12] INFO  client.GrpcClientProtocolClient (GrpcClientProtocolClient.java:onNext(255)) - client-3C530D2BB7CD->b336e002-869c-4cc6-9928-d81b64790b84: receive RaftClientReply:client-3C530D2BB7CD->b336e002-869c-4cc6-9928-d81b64790b84@group-4BE1F7773F85, cid=174, SUCCESS, logIndex=0, commits[b336e002-869c-4cc6-9928-d81b64790b84:c15, 3c53ef1c-b6f6-452f-9d00-f37e19e3dc93:c14, 30545f38-8e82-400b-a19e-90c0bfc34e7b:c14]
2019-09-06 18:21:13,575 [Datanode State Machine Thread - 0] INFO  statemachine.DatanodeStateMachine (DatanodeStateMachine.java:lambda$startDaemon$0(350)) - Ozone container server started.
2019-09-06 18:21:17,476 [Thread-3640] INFO  impl.FollowerState (FollowerState.java:run(106)) - 5c21979b-2b81-49da-a086-daeec3e37e90:group-12093C56007D changes to CANDIDATE, lastRpcTime:5104, electionTimeout:5104ms
2019-09-06 18:21:17,477 [Thread-3640] INFO  impl.RoleInfo (RoleInfo.java:shutdownFollowerState(121)) - 5c21979b-2b81-49da-a086-daeec3e37e90: shutdown FollowerState
2019-09-06 18:21:17,477 [Thread-3640] INFO  impl.RaftServerImpl (RaftServerImpl.java:setRole(171)) - 5c21979b-2b81-49da-a086-daeec3e37e90:group-12093C56007D changes role from FOLLOWER to CANDIDATE at term 1 for changeToCandidate
2019-09-06 18:21:17,477 [Thread-3640] INFO  impl.RoleInfo (RoleInfo.java:updateAndGet(143)) - 5c21979b-2b81-49da-a086-daeec3e37e90: start LeaderElection
2019-09-06 18:21:17,501 [Thread-3641] INFO  impl.FollowerState (FollowerState.java:run(106)) - 1a3a3faf-6a54-403e-ab13-05cc39e05f75:group-12093C56007D changes to CANDIDATE, lastRpcTime:5129, electionTimeout:5129ms
2019-09-06 18:21:17,502 [Thread-3641] INFO  impl.RoleInfo (RoleInfo.java:shutdownFollowerState(121)) - 1a3a3faf-6a54-403e-ab13-05cc39e05f75: shutdown FollowerState
2019-09-06 18:21:17,502 [Thread-3641] INFO  impl.RaftServerImpl (RaftServerImpl.java:setRole(171)) - 1a3a3faf-6a54-403e-ab13-05cc39e05f75:group-12093C56007D changes role from FOLLOWER to CANDIDATE at term 1 for changeToCandidate
2019-09-06 18:21:17,502 [Thread-3641] INFO  impl.RoleInfo (RoleInfo.java:updateAndGet(143)) - 1a3a3faf-6a54-403e-ab13-05cc39e05f75: start LeaderElection
2019-09-06 18:21:17,506 [5c21979b-2b81-49da-a086-daeec3e37e90:group-12093C56007D:LeaderElection75] INFO  impl.LeaderElection (LeaderElection.java:askForVotes(181)) - 5c21979b-2b81-49da-a086-daeec3e37e90:group-12093C56007D:LeaderElection75: begin an election at term 2 for -1: [5c21979b-2b81-49da-a086-daeec3e37e90:192.168.69.114:41233, 1a3a3faf-6a54-403e-ab13-05cc39e05f75:192.168.69.114:36884, a54807b1-ebdd-43a3-bb40-59a7287becce:192.168.69.114:36294], old=null
2019-09-06 18:21:17,509 [grpc-default-executor-8] INFO  impl.RaftServerImpl (RaftServerImpl.java:setRole(171)) - a54807b1-ebdd-43a3-bb40-59a7287becce:group-12093C56007D changes role from FOLLOWER to FOLLOWER at term 2 for recognizeCandidate:5c21979b-2b81-49da-a086-daeec3e37e90
2019-09-06 18:21:17,509 [grpc-default-executor-8] INFO  impl.RoleInfo (RoleInfo.java:shutdownFollowerState(121)) - a54807b1-ebdd-43a3-bb40-59a7287becce: shutdown FollowerState
2019-09-06 18:21:17,509 [grpc-default-executor-8] INFO  impl.RoleInfo (RoleInfo.java:updateAndGet(143)) - a54807b1-ebdd-43a3-bb40-59a7287becce: start FollowerState
2019-09-06 18:21:17,509 [Thread-3643] INFO  impl.FollowerState (FollowerState.java:run(114)) - a54807b1-ebdd-43a3-bb40-59a7287becce: FollowerState was interrupted: java.lang.InterruptedException: sleep interrupted
2019-09-06 18:21:17,543 [1a3a3faf-6a54-403e-ab13-05cc39e05f75:group-12093C56007D:LeaderElection76] INFO  impl.LeaderElection (LeaderElection.java:askForVotes(181)) - 1a3a3faf-6a54-403e-ab13-05cc39e05f75:group-12093C56007D:LeaderElection76: begin an election at term 2 for -1: [5c21979b-2b81-49da-a086-daeec3e37e90:192.168.69.114:41233, 1a3a3faf-6a54-403e-ab13-05cc39e05f75:192.168.69.114:36884, a54807b1-ebdd-43a3-bb40-59a7287becce:192.168.69.114:36294], old=null
2019-09-06 18:21:17,544 [5c21979b-2b81-49da-a086-daeec3e37e90:group-12093C56007D:LeaderElection75] INFO  impl.LeaderElection (LeaderElection.java:logAndReturn(56)) - 5c21979b-2b81-49da-a086-daeec3e37e90:group-12093C56007D:LeaderElection75: Election PASSED; received 1 response(s) [5c21979b-2b81-49da-a086-daeec3e37e90<-a54807b1-ebdd-43a3-bb40-59a7287becce#0:OK-t2] and 0 exception(s); 5c21979b-2b81-49da-a086-daeec3e37e90:t2, leader=null, voted=5c21979b-2b81-49da-a086-daeec3e37e90, raftlog=5c21979b-2b81-49da-a086-daeec3e37e90-SegmentedRaftLog:OPENED:c-1,f-1,i0, conf=-1: [5c21979b-2b81-49da-a086-daeec3e37e90:192.168.69.114:41233, 1a3a3faf-6a54-403e-ab13-05cc39e05f75:192.168.69.114:36884, a54807b1-ebdd-43a3-bb40-59a7287becce:192.168.69.114:36294], old=null
2019-09-06 18:21:17,544 [5c21979b-2b81-49da-a086-daeec3e37e90:group-12093C56007D:LeaderElection75] INFO  impl.RoleInfo (RoleInfo.java:shutdownLeaderElection(134)) - 5c21979b-2b81-49da-a086-daeec3e37e90: shutdown LeaderElection
2019-09-06 18:21:17,545 [5c21979b-2b81-49da-a086-daeec3e37e90:group-12093C56007D:LeaderElection75] INFO  impl.RaftServerImpl (RaftServerImpl.java:setRole(171)) - 5c21979b-2b81-49da-a086-daeec3e37e90:group-12093C56007D changes role from CANDIDATE to LEADER at term 2 for changeToLeader
2019-09-06 18:21:17,545 [5c21979b-2b81-49da-a086-daeec3e37e90:group-12093C56007D:LeaderElection75] INFO  impl.RaftServerImpl (ServerState.java:setLeader(263)) - 5c21979b-2b81-49da-a086-daeec3e37e90:group-12093C56007D change Leader from null to 5c21979b-2b81-49da-a086-daeec3e37e90 at term 2 for becomeLeader, leader elected after 10430ms
2019-09-06 18:21:17,545 [5c21979b-2b81-49da-a086-daeec3e37e90:group-12093C56007D:LeaderElection75] INFO  server.RaftServerConfigKeys (ConfUtils.java:logGet(43)) - raft.server.staging.catchup.gap = 1000 (default)
2019-09-06 18:21:17,545 [5c21979b-2b81-49da-a086-daeec3e37e90:group-12093C56007D:LeaderElection75] INFO  server.RaftServerConfigKeys (ConfUtils.java:logGet(43)) - raft.server.rpc.sleep.time = 25ms (default)
2019-09-06 18:21:17,545 [5c21979b-2b81-49da-a086-daeec3e37e90:group-12093C56007D:LeaderElection75] INFO  server.RaftServerConfigKeys (ConfUtils.java:logGet(43)) - raft.server.write.element-limit = 4096 (default)
2019-09-06 18:21:17,546 [5c21979b-2b81-49da-a086-daeec3e37e90:group-12093C56007D:LeaderElection75] INFO  server.RaftServerConfigKeys (ConfUtils.java:logGet(43)) - raft.server.watch.timeout = 10s (default)
2019-09-06 18:21:17,546 [5c21979b-2b81-49da-a086-daeec3e37e90:group-12093C56007D:LeaderElection75] INFO  server.RaftServerConfigKeys (ConfUtils.java:logGet(43)) - raft.server.watch.timeout.denomination = 1s (default)
2019-09-06 18:21:17,546 [5c21979b-2b81-49da-a086-daeec3e37e90:group-12093C56007D:LeaderElection75] INFO  server.RaftServerConfigKeys (ConfUtils.java:logGet(43)) - raft.server.watch.element-limit = 65536 (default)
2019-09-06 18:21:17,546 [5c21979b-2b81-49da-a086-daeec3e37e90:group-12093C56007D:LeaderElection75] INFO  server.RaftServerConfigKeys (ConfUtils.java:logGet(43)) - raft.server.log.appender.snapshot.chunk.size.max = 16MB (=16777216) (default)
2019-09-06 18:21:17,546 [5c21979b-2b81-49da-a086-daeec3e37e90:group-12093C56007D:LeaderElection75] INFO  server.RaftServerConfigKeys (ConfUtils.java:logGet(43)) - raft.server.log.appender.buffer.byte-limit = 33554432 (custom)
2019-09-06 18:21:17,547 [5c21979b-2b81-49da-a086-daeec3e37e90:group-12093C56007D:LeaderElection75] INFO  server.RaftServerConfigKeys (ConfUtils.java:logGet(43)) - raft.server.log.appender.buffer.element-limit = 1 (custom)
2019-09-06 18:21:17,547 [5c21979b-2b81-49da-a086-daeec3e37e90:group-12093C56007D:LeaderElection75] INFO  grpc.GrpcConfigKeys$Server (ConfUtils.java:logGet(43)) - raft.grpc.server.leader.outstanding.appends.max = 128 (default)
2019-09-06 18:21:17,547 [5c21979b-2b81-49da-a086-daeec3e37e90:group-12093C56007D:LeaderElection75] INFO  server.RaftServerConfigKeys (ConfUtils.java:logGet(43)) - raft.server.rpc.request.timeout = 3000ms (default)
2019-09-06 18:21:17,547 [5c21979b-2b81-49da-a086-daeec3e37e90:group-12093C56007D:LeaderElection75] INFO  server.RaftServerConfigKeys (ConfUtils.java:logGet(43)) - raft.server.log.appender.install.snapshot.enabled = false (custom)
2019-09-06 18:21:17,548 [5c21979b-2b81-49da-a086-daeec3e37e90:group-12093C56007D:LeaderElection75] INFO  server.RaftServerConfigKeys (ConfUtils.java:logGet(43)) - raft.server.log.appender.snapshot.chunk.size.max = 16MB (=16777216) (default)
2019-09-06 18:21:17,548 [5c21979b-2b81-49da-a086-daeec3e37e90:group-12093C56007D:LeaderElection75] INFO  server.RaftServerConfigKeys (ConfUtils.java:logGet(43)) - raft.server.log.appender.buffer.byte-limit = 33554432 (custom)
2019-09-06 18:21:17,548 [5c21979b-2b81-49da-a086-daeec3e37e90:group-12093C56007D:LeaderElection75] INFO  server.RaftServerConfigKeys (ConfUtils.java:logGet(43)) - raft.server.log.appender.buffer.element-limit = 1 (custom)
2019-09-06 18:21:17,548 [5c21979b-2b81-49da-a086-daeec3e37e90:group-12093C56007D:LeaderElection75] INFO  grpc.GrpcConfigKeys$Server (ConfUtils.java:logGet(43)) - raft.grpc.server.leader.outstanding.appends.max = 128 (default)
2019-09-06 18:21:17,548 [5c21979b-2b81-49da-a086-daeec3e37e90:group-12093C56007D:LeaderElection75] INFO  server.RaftServerConfigKeys (ConfUtils.java:logGet(43)) - raft.server.rpc.request.timeout = 3000ms (default)
2019-09-06 18:21:17,549 [5c21979b-2b81-49da-a086-daeec3e37e90:group-12093C56007D:LeaderElection75] INFO  server.RaftServerConfigKeys (ConfUtils.java:logGet(43)) - raft.server.log.appender.install.snapshot.enabled = false (custom)
2019-09-06 18:21:17,549 [5c21979b-2b81-49da-a086-daeec3e37e90:group-12093C56007D:LeaderElection75] INFO  impl.RoleInfo (RoleInfo.java:updateAndGet(143)) - 5c21979b-2b81-49da-a086-daeec3e37e90: start LeaderState
2019-09-06 18:21:17,549 [5c21979b-2b81-49da-a086-daeec3e37e90:group-12093C56007D:LeaderElection75] INFO  segmented.SegmentedRaftLogWorker (SegmentedRaftLogWorker.java:startLogSegment(380)) - 5c21979b-2b81-49da-a086-daeec3e37e90-SegmentedRaftLogWorker:Storage Directory /workdir/hadoop-ozone/integration-test/target/test-dir/MiniOzoneClusterImpl-df485bfa-7c5b-4a27-b9f2-b5a858908c51/datanode-0/data/ratis/e3d10d9c-3e4e-4143-a113-12093c56007d: Starting segment from index:0
2019-09-06 18:21:17,550 [5c21979b-2b81-49da-a086-daeec3e37e90:group-12093C56007D:LeaderElection75] INFO  impl.RaftServerImpl (ServerState.java:setRaftConf(361)) - 5c21979b-2b81-49da-a086-daeec3e37e90:group-12093C56007D set configuration 0: [5c21979b-2b81-49da-a086-daeec3e37e90:192.168.69.114:41233, 1a3a3faf-6a54-403e-ab13-05cc39e05f75:192.168.69.114:36884, a54807b1-ebdd-43a3-bb40-59a7287becce:192.168.69.114:36294], old=null at 0
2019-09-06 18:21:17,550 [grpc-default-executor-12] INFO  impl.RaftServerImpl (RaftServerImpl.java:requestVote(754)) - 5c21979b-2b81-49da-a086-daeec3e37e90-LEADER: Withhold vote from candidate 1a3a3faf-6a54-403e-ab13-05cc39e05f75 with term 2. State: leader=5c21979b-2b81-49da-a086-daeec3e37e90, term=2, lastRpcElapsed=null
2019-09-06 18:21:17,552 [1a3a3faf-6a54-403e-ab13-05cc39e05f75:group-12093C56007D:LeaderElection76] INFO  impl.LeaderElection (LeaderElection.java:logAndReturn(56)) - 1a3a3faf-6a54-403e-ab13-05cc39e05f75:group-12093C56007D:LeaderElection76: Election REJECTED; received 2 response(s) [1a3a3faf-6a54-403e-ab13-05cc39e05f75<-5c21979b-2b81-49da-a086-daeec3e37e90#0:FAIL-t2, 1a3a3faf-6a54-403e-ab13-05cc39e05f75<-a54807b1-ebdd-43a3-bb40-59a7287becce#0:FAIL-t2] and 0 exception(s); 1a3a3faf-6a54-403e-ab13-05cc39e05f75:t2, leader=null, voted=1a3a3faf-6a54-403e-ab13-05cc39e05f75, raftlog=1a3a3faf-6a54-403e-ab13-05cc39e05f75-SegmentedRaftLog:OPENED:c-1,f-1,i0, conf=-1: [5c21979b-2b81-49da-a086-daeec3e37e90:192.168.69.114:41233, 1a3a3faf-6a54-403e-ab13-05cc39e05f75:192.168.69.114:36884, a54807b1-ebdd-43a3-bb40-59a7287becce:192.168.69.114:36294], old=null
2019-09-06 18:21:17,552 [grpc-default-executor-12] INFO  impl.RaftServerImpl (RaftServerImpl.java:setRole(171)) - 1a3a3faf-6a54-403e-ab13-05cc39e05f75:group-12093C56007D changes role from CANDIDATE to FOLLOWER at term 2 for appendEntries
2019-09-06 18:21:17,552 [grpc-default-executor-12] INFO  impl.RoleInfo (RoleInfo.java:shutdownLeaderElection(134)) - 1a3a3faf-6a54-403e-ab13-05cc39e05f75: shutdown LeaderElection
2019-09-06 18:21:17,552 [grpc-default-executor-8] INFO  impl.RaftServerImpl (ServerState.java:setLeader(263)) - a54807b1-ebdd-43a3-bb40-59a7287becce:group-12093C56007D change Leader from null to 5c21979b-2b81-49da-a086-daeec3e37e90 at term 2 for appendEntries, leader elected after 10438ms
2019-09-06 18:21:17,552 [grpc-default-executor-12] INFO  impl.RoleInfo (RoleInfo.java:updateAndGet(143)) - 1a3a3faf-6a54-403e-ab13-05cc39e05f75: start FollowerState
2019-09-06 18:21:17,553 [grpc-default-executor-12] INFO  impl.RaftServerImpl (ServerState.java:setLeader(263)) - 1a3a3faf-6a54-403e-ab13-05cc39e05f75:group-12093C56007D change Leader from null to 5c21979b-2b81-49da-a086-daeec3e37e90 at term 2 for appendEntries, leader elected after 10438ms
2019-09-06 18:21:17,555 [grpc-default-executor-8] INFO  impl.RaftServerImpl (ServerState.java:setRaftConf(361)) - a54807b1-ebdd-43a3-bb40-59a7287becce:group-12093C56007D set configuration 0: [5c21979b-2b81-49da-a086-daeec3e37e90:192.168.69.114:41233, 1a3a3faf-6a54-403e-ab13-05cc39e05f75:192.168.69.114:36884, a54807b1-ebdd-43a3-bb40-59a7287becce:192.168.69.114:36294], old=null at 0
2019-09-06 18:21:17,556 [grpc-default-executor-12] INFO  impl.RaftServerImpl (ServerState.java:setRaftConf(361)) - 1a3a3faf-6a54-403e-ab13-05cc39e05f75:group-12093C56007D set configuration 0: [5c21979b-2b81-49da-a086-daeec3e37e90:192.168.69.114:41233, 1a3a3faf-6a54-403e-ab13-05cc39e05f75:192.168.69.114:36884, a54807b1-ebdd-43a3-bb40-59a7287becce:192.168.69.114:36294], old=null at 0
2019-09-06 18:21:17,556 [grpc-default-executor-8] INFO  segmented.SegmentedRaftLogWorker (SegmentedRaftLogWorker.java:startLogSegment(380)) - a54807b1-ebdd-43a3-bb40-59a7287becce-SegmentedRaftLogWorker:Storage Directory /workdir/hadoop-ozone/integration-test/target/test-dir/MiniOzoneClusterImpl-df485bfa-7c5b-4a27-b9f2-b5a858908c51/datanode-4/data/ratis/e3d10d9c-3e4e-4143-a113-12093c56007d: Starting segment from index:0
2019-09-06 18:21:17,556 [grpc-default-executor-12] INFO  segmented.SegmentedRaftLogWorker (SegmentedRaftLogWorker.java:startLogSegment(380)) - 1a3a3faf-6a54-403e-ab13-05cc39e05f75-SegmentedRaftLogWorker:Storage Directory /workdir/hadoop-ozone/integration-test/target/test-dir/MiniOzoneClusterImpl-df485bfa-7c5b-4a27-b9f2-b5a858908c51/datanode-5/data/ratis/e3d10d9c-3e4e-4143-a113-12093c56007d: Starting segment from index:0
2019-09-06 18:21:17,602 [5c21979b-2b81-49da-a086-daeec3e37e90-SegmentedRaftLogWorker:Storage Directory /workdir/hadoop-ozone/integration-test/target/test-dir/MiniOzoneClusterImpl-df485bfa-7c5b-4a27-b9f2-b5a858908c51/datanode-0/data/ratis/e3d10d9c-3e4e-4143-a113-12093c56007d] INFO  segmented.SegmentedRaftLogWorker (SegmentedRaftLogWorker.java:execute(569)) - 5c21979b-2b81-49da-a086-daeec3e37e90-SegmentedRaftLogWorker:Storage Directory /workdir/hadoop-ozone/integration-test/target/test-dir/MiniOzoneClusterImpl-df485bfa-7c5b-4a27-b9f2-b5a858908c51/datanode-0/data/ratis/e3d10d9c-3e4e-4143-a113-12093c56007d: created new log segment /workdir/hadoop-ozone/integration-test/target/test-dir/MiniOzoneClusterImpl-df485bfa-7c5b-4a27-b9f2-b5a858908c51/datanode-0/data/ratis/e3d10d9c-3e4e-4143-a113-12093c56007d/current/log_inprogress_0
2019-09-06 18:21:17,623 [a54807b1-ebdd-43a3-bb40-59a7287becce-SegmentedRaftLogWorker:Storage Directory /workdir/hadoop-ozone/integration-test/target/test-dir/MiniOzoneClusterImpl-df485bfa-7c5b-4a27-b9f2-b5a858908c51/datanode-4/data/ratis/e3d10d9c-3e4e-4143-a113-12093c56007d] INFO  segmented.SegmentedRaftLogWorker (SegmentedRaftLogWorker.java:execute(569)) - a54807b1-ebdd-43a3-bb40-59a7287becce-SegmentedRaftLogWorker:Storage Directory /workdir/hadoop-ozone/integration-test/target/test-dir/MiniOzoneClusterImpl-df485bfa-7c5b-4a27-b9f2-b5a858908c51/datanode-4/data/ratis/e3d10d9c-3e4e-4143-a113-12093c56007d: created new log segment /workdir/hadoop-ozone/integration-test/target/test-dir/MiniOzoneClusterImpl-df485bfa-7c5b-4a27-b9f2-b5a858908c51/datanode-4/data/ratis/e3d10d9c-3e4e-4143-a113-12093c56007d/current/log_inprogress_0
2019-09-06 18:21:17,623 [1a3a3faf-6a54-403e-ab13-05cc39e05f75-SegmentedRaftLogWorker:Storage Directory /workdir/hadoop-ozone/integration-test/target/test-dir/MiniOzoneClusterImpl-df485bfa-7c5b-4a27-b9f2-b5a858908c51/datanode-5/data/ratis/e3d10d9c-3e4e-4143-a113-12093c56007d] INFO  segmented.SegmentedRaftLogWorker (SegmentedRaftLogWorker.java:execute(569)) - 1a3a3faf-6a54-403e-ab13-05cc39e05f75-SegmentedRaftLogWorker:Storage Directory /workdir/hadoop-ozone/integration-test/target/test-dir/MiniOzoneClusterImpl-df485bfa-7c5b-4a27-b9f2-b5a858908c51/datanode-5/data/ratis/e3d10d9c-3e4e-4143-a113-12093c56007d: created new log segment /workdir/hadoop-ozone/integration-test/target/test-dir/MiniOzoneClusterImpl-df485bfa-7c5b-4a27-b9f2-b5a858908c51/datanode-5/data/ratis/e3d10d9c-3e4e-4143-a113-12093c56007d/current/log_inprogress_0
2019-09-06 18:21:17,660 [EventQueue-StaleNodeForStaleNodeHandler] INFO  node.StaleNodeHandler (StaleNodeHandler.java:onMessage(58)) - Datanode b336e002-869c-4cc6-9928-d81b64790b84{ip: 192.168.69.114, host: pr-hdds-2087-fz2qp-2282948163, networkLocation: /default-rack, certSerialId: null} moved to stale state. Finalizing its pipelines [PipelineID=5e626beb-1dea-46b2-92eb-4be1f7773f85, PipelineID=5068878f-5dc2-4cfd-b6f1-19b86b8456b9]
2019-09-06 18:21:17,661 [EventQueue-StaleNodeForStaleNodeHandler] INFO  pipeline.SCMPipelineManager (SCMPipelineManager.java:finalizeAndDestroyPipeline(311)) - destroying pipeline:Pipeline[ Id: 5e626beb-1dea-46b2-92eb-4be1f7773f85, Nodes: b336e002-869c-4cc6-9928-d81b64790b84{ip: 192.168.69.114, host: pr-hdds-2087-fz2qp-2282948163, networkLocation: /default-rack, certSerialId: null}30545f38-8e82-400b-a19e-90c0bfc34e7b{ip: 192.168.69.114, host: pr-hdds-2087-fz2qp-2282948163, networkLocation: /default-rack, certSerialId: null}3c53ef1c-b6f6-452f-9d00-f37e19e3dc93{ip: 192.168.69.114, host: pr-hdds-2087-fz2qp-2282948163, networkLocation: /default-rack, certSerialId: null}, Type:RATIS, Factor:THREE, State:OPEN]
2019-09-06 18:21:17,661 [EventQueue-StaleNodeForStaleNodeHandler] INFO  pipeline.PipelineStateManager (PipelineStateManager.java:finalizePipeline(123)) - Pipeline Pipeline[ Id: 5e626beb-1dea-46b2-92eb-4be1f7773f85, Nodes: b336e002-869c-4cc6-9928-d81b64790b84{ip: 192.168.69.114, host: pr-hdds-2087-fz2qp-2282948163, networkLocation: /default-rack, certSerialId: null}30545f38-8e82-400b-a19e-90c0bfc34e7b{ip: 192.168.69.114, host: pr-hdds-2087-fz2qp-2282948163, networkLocation: /default-rack, certSerialId: null}3c53ef1c-b6f6-452f-9d00-f37e19e3dc93{ip: 192.168.69.114, host: pr-hdds-2087-fz2qp-2282948163, networkLocation: /default-rack, certSerialId: null}, Type:RATIS, Factor:THREE, State:CLOSED] moved to CLOSED state
2019-09-06 18:21:17,662 [EventQueue-CloseContainerForCloseContainerEventHandler] INFO  container.CloseContainerEventHandler (CloseContainerEventHandler.java:onMessage(61)) - Close container Event triggered for container : #1
2019-09-06 18:21:17,662 [EventQueue-StaleNodeForStaleNodeHandler] INFO  pipeline.SCMPipelineManager (SCMPipelineManager.java:finalizeAndDestroyPipeline(311)) - destroying pipeline:Pipeline[ Id: 5068878f-5dc2-4cfd-b6f1-19b86b8456b9, Nodes: b336e002-869c-4cc6-9928-d81b64790b84{ip: 192.168.69.114, host: pr-hdds-2087-fz2qp-2282948163, networkLocation: /default-rack, certSerialId: null}, Type:RATIS, Factor:ONE, State:OPEN]
2019-09-06 18:21:17,662 [EventQueue-StaleNodeForStaleNodeHandler] INFO  pipeline.PipelineStateManager (PipelineStateManager.java:finalizePipeline(123)) - Pipeline Pipeline[ Id: 5068878f-5dc2-4cfd-b6f1-19b86b8456b9, Nodes: b336e002-869c-4cc6-9928-d81b64790b84{ip: 192.168.69.114, host: pr-hdds-2087-fz2qp-2282948163, networkLocation: /default-rack, certSerialId: null}, Type:RATIS, Factor:ONE, State:CLOSED] moved to CLOSED state
2019-09-06 18:21:17,888 [main] INFO  ozoneimpl.OzoneContainer (OzoneContainer.java:stop(230)) - Attempting to stop container services.
2019-09-06 18:21:17,888 [main] INFO  impl.RaftServerProxy (RaftServerProxy.java:lambda$close$4(314)) - b336e002-869c-4cc6-9928-d81b64790b84: close
2019-09-06 18:21:17,889 [main] INFO  impl.RaftServerImpl (RaftServerImpl.java:lambda$shutdown$3(245)) - b336e002-869c-4cc6-9928-d81b64790b84: shutdown group-4BE1F7773F85
2019-09-06 18:21:17,890 [main] INFO  util.JmxRegister (JmxRegister.java:unregister(73)) - Successfully un-registered JMX Bean with object name Ratis:service=RaftServer,group=group-4BE1F7773F85,id=b336e002-869c-4cc6-9928-d81b64790b84
2019-09-06 18:21:17,890 [main] INFO  impl.RoleInfo (RoleInfo.java:shutdownLeaderState(104)) - b336e002-869c-4cc6-9928-d81b64790b84: shutdown LeaderState
2019-09-06 18:21:17,907 [main] INFO  impl.PendingRequests (PendingRequests.java:sendNotLeaderResponses(202)) - b336e002-869c-4cc6-9928-d81b64790b84-PendingRequests: sendNotLeaderResponses
2019-09-06 18:21:17,907 [org.apache.ratis.server.impl.LogAppender$AppenderDaemon$$Lambda$486/443555094@2355d9a1] WARN  server.GrpcLogAppender (GrpcLogAppender.java:mayWait(143)) - GrpcLogAppender(b336e002-869c-4cc6-9928-d81b64790b84->3c53ef1c-b6f6-452f-9d00-f37e19e3dc93): Wait interrupted by java.lang.InterruptedException
2019-09-06 18:21:17,907 [org.apache.ratis.server.impl.LogAppender$AppenderDaemon$$Lambda$486/443555094@665743af] WARN  server.GrpcLogAppender (GrpcLogAppender.java:mayWait(143)) - GrpcLogAppender(b336e002-869c-4cc6-9928-d81b64790b84->30545f38-8e82-400b-a19e-90c0bfc34e7b): Wait interrupted by java.lang.InterruptedException
2019-09-06 18:21:17,912 [main] INFO  impl.StateMachineUpdater (StateMachineUpdater.java:stopAndJoin(115)) - StateMachineUpdater:b336e002-869c-4cc6-9928-d81b64790b84:group-4BE1F7773F85: set stopIndex = 16
2019-09-06 18:21:17,912 [grpc-default-executor-12] INFO  server.GrpcServerProtocolService (GrpcServerProtocolService.java:onCompleted(104)) - 30545f38-8e82-400b-a19e-90c0bfc34e7b: appendEntries completed
2019-09-06 18:21:17,912 [grpc-default-executor-8] INFO  server.GrpcServerProtocolService (GrpcServerProtocolService.java:onCompleted(104)) - 3c53ef1c-b6f6-452f-9d00-f37e19e3dc93: appendEntries completed
2019-09-06 18:21:17,912 [StateMachineUpdater:b336e002-869c-4cc6-9928-d81b64790b84:group-4BE1F7773F85] INFO  ratis.ContainerStateMachine (ContainerStateMachine.java:takeSnapshot(284)) - group-4BE1F7773F85: Taking a snapshot at:(t:1, i:14) file /workdir/hadoop-ozone/integration-test/target/test-dir/MiniOzoneClusterImpl-df485bfa-7c5b-4a27-b9f2-b5a858908c51/datanode-1/data/ratis/5e626beb-1dea-46b2-92eb-4be1f7773f85/sm/snapshot.1_14
2019-09-06 18:21:17,913 [grpc-default-executor-8] INFO  server.GrpcLogAppender (GrpcLogAppender.java:onCompleted(292)) - b336e002-869c-4cc6-9928-d81b64790b84->30545f38-8e82-400b-a19e-90c0bfc34e7b: follower responses appendEntries COMPLETED
2019-09-06 18:21:17,913 [grpc-default-executor-12] INFO  server.GrpcLogAppender (GrpcLogAppender.java:onCompleted(292)) - b336e002-869c-4cc6-9928-d81b64790b84->3c53ef1c-b6f6-452f-9d00-f37e19e3dc93: follower responses appendEntries COMPLETED
2019-09-06 18:21:17,914 [grpc-default-executor-8] INFO  impl.FollowerInfo (FollowerInfo.java:lambda$new$0(50)) - b336e002-869c-4cc6-9928-d81b64790b84->30545f38-8e82-400b-a19e-90c0bfc34e7b: nextIndex: updateUnconditionally 17 -> 16
2019-09-06 18:21:17,914 [grpc-default-executor-12] INFO  impl.FollowerInfo (FollowerInfo.java:lambda$new$0(50)) - b336e002-869c-4cc6-9928-d81b64790b84->3c53ef1c-b6f6-452f-9d00-f37e19e3dc93: nextIndex: updateUnconditionally 17 -> 16
2019-09-06 18:21:17,936 [StateMachineUpdater:b336e002-869c-4cc6-9928-d81b64790b84:group-4BE1F7773F85] INFO  ratis.ContainerStateMachine (ContainerStateMachine.java:takeSnapshot(295)) - group-4BE1F7773F85: Finished taking a snapshot at:(t:1, i:14) file:/workdir/hadoop-ozone/integration-test/target/test-dir/MiniOzoneClusterImpl-df485bfa-7c5b-4a27-b9f2-b5a858908c51/datanode-1/data/ratis/5e626beb-1dea-46b2-92eb-4be1f7773f85/sm/snapshot.1_14 time:24
2019-09-06 18:21:17,936 [StateMachineUpdater:b336e002-869c-4cc6-9928-d81b64790b84:group-4BE1F7773F85] INFO  impl.StateMachineUpdater (StateMachineUpdater.java:takeSnapshot(242)) - StateMachineUpdater:b336e002-869c-4cc6-9928-d81b64790b84:group-4BE1F7773F85: Took a snapshot at index 14
2019-09-06 18:21:17,936 [StateMachineUpdater:b336e002-869c-4cc6-9928-d81b64790b84:group-4BE1F7773F85] INFO  impl.StateMachineUpdater (StateMachineUpdater.java:lambda$new$0(80)) - StateMachineUpdater:b336e002-869c-4cc6-9928-d81b64790b84:group-4BE1F7773F85: snapshotIndex: updateIncreasingly -1 -> 14
2019-09-06 18:21:17,937 [main] INFO  impl.RaftServerImpl (ServerState.java:close(394)) - b336e002-869c-4cc6-9928-d81b64790b84:group-4BE1F7773F85 closes. The last applied log index is 16
2019-09-06 18:21:17,937 [b336e002-869c-4cc6-9928-d81b64790b84-SegmentedRaftLogWorker:Storage Directory /workdir/hadoop-ozone/integration-test/target/test-dir/MiniOzoneClusterImpl-df485bfa-7c5b-4a27-b9f2-b5a858908c51/datanode-1/data/ratis/5e626beb-1dea-46b2-92eb-4be1f7773f85] INFO  segmented.SegmentedRaftLogWorker (SegmentedRaftLogWorker.java:run(313)) - b336e002-869c-4cc6-9928-d81b64790b84-SegmentedRaftLogWorker:Storage Directory /workdir/hadoop-ozone/integration-test/target/test-dir/MiniOzoneClusterImpl-df485bfa-7c5b-4a27-b9f2-b5a858908c51/datanode-1/data/ratis/5e626beb-1dea-46b2-92eb-4be1f7773f85 was interrupted, exiting. There are 0 tasks remaining in the queue.
2019-09-06 18:21:17,940 [main] INFO  segmented.SegmentedRaftLogWorker (SegmentedRaftLogWorker.java:close(228)) - b336e002-869c-4cc6-9928-d81b64790b84-SegmentedRaftLogWorker:Storage Directory /workdir/hadoop-ozone/integration-test/target/test-dir/MiniOzoneClusterImpl-df485bfa-7c5b-4a27-b9f2-b5a858908c51/datanode-1/data/ratis/5e626beb-1dea-46b2-92eb-4be1f7773f85 close()
2019-09-06 18:21:17,944 [main] INFO  impl.RaftServerImpl (RaftServerImpl.java:lambda$shutdown$3(245)) - b336e002-869c-4cc6-9928-d81b64790b84: shutdown group-19B86B8456B9
2019-09-06 18:21:17,944 [main] INFO  util.JmxRegister (JmxRegister.java:unregister(73)) - Successfully un-registered JMX Bean with object name Ratis:service=RaftServer,group=group-19B86B8456B9,id=b336e002-869c-4cc6-9928-d81b64790b84
2019-09-06 18:21:17,944 [main] INFO  impl.RoleInfo (RoleInfo.java:shutdownLeaderState(104)) - b336e002-869c-4cc6-9928-d81b64790b84: shutdown LeaderState
2019-09-06 18:21:17,945 [main] INFO  impl.PendingRequests (PendingRequests.java:sendNotLeaderResponses(202)) - b336e002-869c-4cc6-9928-d81b64790b84-PendingRequests: sendNotLeaderResponses
2019-09-06 18:21:17,945 [main] INFO  impl.StateMachineUpdater (StateMachineUpdater.java:stopAndJoin(115)) - StateMachineUpdater:b336e002-869c-4cc6-9928-d81b64790b84:group-19B86B8456B9: set stopIndex = 0
2019-09-06 18:21:17,946 [main] INFO  impl.RaftServerImpl (ServerState.java:close(394)) - b336e002-869c-4cc6-9928-d81b64790b84:group-19B86B8456B9 closes. The last applied log index is 0
2019-09-06 18:21:17,946 [b336e002-869c-4cc6-9928-d81b64790b84-SegmentedRaftLogWorker:Storage Directory /workdir/hadoop-ozone/integration-test/target/test-dir/MiniOzoneClusterImpl-df485bfa-7c5b-4a27-b9f2-b5a858908c51/datanode-1/data/ratis/5068878f-5dc2-4cfd-b6f1-19b86b8456b9] INFO  segmented.SegmentedRaftLogWorker (SegmentedRaftLogWorker.java:run(313)) - b336e002-869c-4cc6-9928-d81b64790b84-SegmentedRaftLogWorker:Storage Directory /workdir/hadoop-ozone/integration-test/target/test-dir/MiniOzoneClusterImpl-df485bfa-7c5b-4a27-b9f2-b5a858908c51/datanode-1/data/ratis/5068878f-5dc2-4cfd-b6f1-19b86b8456b9 was interrupted, exiting. There are 0 tasks remaining in the queue.
2019-09-06 18:21:17,948 [main] INFO  segmented.SegmentedRaftLogWorker (SegmentedRaftLogWorker.java:close(228)) - b336e002-869c-4cc6-9928-d81b64790b84-SegmentedRaftLogWorker:Storage Directory /workdir/hadoop-ozone/integration-test/target/test-dir/MiniOzoneClusterImpl-df485bfa-7c5b-4a27-b9f2-b5a858908c51/datanode-1/data/ratis/5068878f-5dc2-4cfd-b6f1-19b86b8456b9 close()
2019-09-06 18:21:17,951 [main] INFO  server.GrpcService (GrpcService.java:closeImpl(155)) - b336e002-869c-4cc6-9928-d81b64790b84: shutdown server with port 44616 now
2019-09-06 18:21:17,952 [grpc-default-executor-8] WARN  client.GrpcClientProtocolService (LogUtils.java:warn(134)) - 3-UnorderedRequestStreamObserver3: onError: org.apache.ratis.thirdparty.io.grpc.StatusRuntimeException: CANCELLED: cancelled before receiving half close
2019-09-06 18:21:17,954 [main] INFO  server.GrpcService (GrpcService.java:closeImpl(163)) - b336e002-869c-4cc6-9928-d81b64790b84: shutdown server with port 44616 successfully
2019-09-06 18:21:17,957 [refreshUsed-/workdir/hadoop-ozone/integration-test/target/test-dir/MiniOzoneClusterImpl-df485bfa-7c5b-4a27-b9f2-b5a858908c51/datanode-1/data/containers] WARN  fs.CachingGetSpaceUsed (CachingGetSpaceUsed.java:run(183)) - Thread Interrupted waiting to refresh disk information: sleep interrupted
2019-09-06 18:21:17,977 [main] INFO  utils.BackgroundService (BackgroundService.java:shutdown(148)) - Shutting down service BlockDeletingService
2019-09-06 18:21:17,983 [main] INFO  statemachine.DatanodeStateMachine (DatanodeStateMachine.java:stopDaemon(395)) - Ozone container server stopped.
2019-09-06 18:21:17,984 [main] INFO  handler.ContextHandler (ContextHandler.java:doStop(910)) - Stopped o.e.j.w.WebAppContext@787988f4{/,null,UNAVAILABLE}{/hddsDatanode}
2019-09-06 18:21:17,985 [main] INFO  server.AbstractConnector (AbstractConnector.java:doStop(318)) - Stopped ServerConnector@132e3594{HTTP/1.1,[http/1.1]}{0.0.0.0:0}
2019-09-06 18:21:17,985 [main] INFO  handler.ContextHandler (ContextHandler.java:doStop(910)) - Stopped o.e.j.s.ServletContextHandler@7ac48e10{/static,jar:file:/home/user/.m2/repository/org/apache/hadoop/hadoop-hdds-container-service/0.5.0-SNAPSHOT/hadoop-hdds-container-service-0.5.0-SNAPSHOT.jar!/webapps/static,UNAVAILABLE}
2019-09-06 18:21:17,986 [main] INFO  handler.ContextHandler (ContextHandler.java:doStop(910)) - Stopped o.e.j.s.ServletContextHandler@476fde05{/logs,file:///workdir/hadoop-ozone/integration-test/target/log,UNAVAILABLE}
2019-09-06 18:21:20,001 [grpc-default-executor-12] INFO  client.GrpcClientProtocolClient (GrpcClientProtocolClient.java:onNext(255)) - client-3C530D2BB7CD->3c53ef1c-b6f6-452f-9d00-f37e19e3dc93: receive RaftClientReply:client-3C530D2BB7CD->3c53ef1c-b6f6-452f-9d00-f37e19e3dc93@group-4BE1F7773F85, cid=175, FAILED org.apache.ratis.protocol.NotLeaderException: Server 3c53ef1c-b6f6-452f-9d00-f37e19e3dc93 is not the leader (b336e002-869c-4cc6-9928-d81b64790b84:192.168.69.114:44616). Request must be sent to leader., logIndex=0, commits[3c53ef1c-b6f6-452f-9d00-f37e19e3dc93:c16, b336e002-869c-4cc6-9928-d81b64790b84:c16, 30545f38-8e82-400b-a19e-90c0bfc34e7b:c16]
2019-09-06 18:21:21,014 [grpc-default-executor-12] INFO  client.GrpcClientProtocolClient (GrpcClientProtocolClient.java:onNext(255)) - client-3C530D2BB7CD->30545f38-8e82-400b-a19e-90c0bfc34e7b: receive RaftClientReply:client-3C530D2BB7CD->30545f38-8e82-400b-a19e-90c0bfc34e7b@group-4BE1F7773F85, cid=175, FAILED org.apache.ratis.protocol.NotLeaderException: Server 30545f38-8e82-400b-a19e-90c0bfc34e7b is not the leader (b336e002-869c-4cc6-9928-d81b64790b84:192.168.69.114:44616). Request must be sent to leader., logIndex=0, commits[30545f38-8e82-400b-a19e-90c0bfc34e7b:c16, b336e002-869c-4cc6-9928-d81b64790b84:c16, 3c53ef1c-b6f6-452f-9d00-f37e19e3dc93:c16]
2019-09-06 18:21:22,028 [grpc-default-executor-11] INFO  client.GrpcClientProtocolClient (GrpcClientProtocolClient.java:onNext(255)) - client-3C530D2BB7CD->3c53ef1c-b6f6-452f-9d00-f37e19e3dc93: receive RaftClientReply:client-3C530D2BB7CD->3c53ef1c-b6f6-452f-9d00-f37e19e3dc93@group-4BE1F7773F85, cid=175, FAILED org.apache.ratis.protocol.NotLeaderException: Server 3c53ef1c-b6f6-452f-9d00-f37e19e3dc93 is not the leader (b336e002-869c-4cc6-9928-d81b64790b84:192.168.69.114:44616). Request must be sent to leader., logIndex=0, commits[3c53ef1c-b6f6-452f-9d00-f37e19e3dc93:c16, b336e002-869c-4cc6-9928-d81b64790b84:c16, 30545f38-8e82-400b-a19e-90c0bfc34e7b:c16]
2019-09-06 18:21:23,045 [grpc-default-executor-11] INFO  client.GrpcClientProtocolClient (GrpcClientProtocolClient.java:onNext(255)) - client-3C530D2BB7CD->30545f38-8e82-400b-a19e-90c0bfc34e7b: receive RaftClientReply:client-3C530D2BB7CD->30545f38-8e82-400b-a19e-90c0bfc34e7b@group-4BE1F7773F85, cid=175, FAILED org.apache.ratis.protocol.NotLeaderException: Server 30545f38-8e82-400b-a19e-90c0bfc34e7b is not the leader (b336e002-869c-4cc6-9928-d81b64790b84:192.168.69.114:44616). Request must be sent to leader., logIndex=0, commits[30545f38-8e82-400b-a19e-90c0bfc34e7b:c16, b336e002-869c-4cc6-9928-d81b64790b84:c16, 3c53ef1c-b6f6-452f-9d00-f37e19e3dc93:c16]
2019-09-06 18:21:24,062 [grpc-default-executor-12] INFO  client.GrpcClientProtocolClient (GrpcClientProtocolClient.java:onNext(255)) - client-3C530D2BB7CD->30545f38-8e82-400b-a19e-90c0bfc34e7b: receive RaftClientReply:client-3C530D2BB7CD->30545f38-8e82-400b-a19e-90c0bfc34e7b@group-4BE1F7773F85, cid=175, FAILED org.apache.ratis.protocol.NotLeaderException: Server 30545f38-8e82-400b-a19e-90c0bfc34e7b is not the leader (b336e002-869c-4cc6-9928-d81b64790b84:192.168.69.114:44616). Request must be sent to leader., logIndex=0, commits[30545f38-8e82-400b-a19e-90c0bfc34e7b:c16, b336e002-869c-4cc6-9928-d81b64790b84:c16, 3c53ef1c-b6f6-452f-9d00-f37e19e3dc93:c16]
2019-09-06 18:21:25,082 [grpc-default-executor-8] INFO  client.GrpcClientProtocolClient (GrpcClientProtocolClient.java:onNext(255)) - client-3C530D2BB7CD->3c53ef1c-b6f6-452f-9d00-f37e19e3dc93: receive RaftClientReply:client-3C530D2BB7CD->3c53ef1c-b6f6-452f-9d00-f37e19e3dc93@group-4BE1F7773F85, cid=175, FAILED org.apache.ratis.protocol.NotLeaderException: Server 3c53ef1c-b6f6-452f-9d00-f37e19e3dc93 is not the leader (b336e002-869c-4cc6-9928-d81b64790b84:192.168.69.114:44616). Request must be sent to leader., logIndex=0, commits[3c53ef1c-b6f6-452f-9d00-f37e19e3dc93:c16, b336e002-869c-4cc6-9928-d81b64790b84:c16, 30545f38-8e82-400b-a19e-90c0bfc34e7b:c16]
2019-09-06 18:21:26,101 [grpc-default-executor-12] INFO  client.GrpcClientProtocolClient (GrpcClientProtocolClient.java:onNext(255)) - client-3C530D2BB7CD->3c53ef1c-b6f6-452f-9d00-f37e19e3dc93: receive RaftClientReply:client-3C530D2BB7CD->3c53ef1c-b6f6-452f-9d00-f37e19e3dc93@group-4BE1F7773F85, cid=175, FAILED org.apache.ratis.protocol.NotLeaderException: Server 3c53ef1c-b6f6-452f-9d00-f37e19e3dc93 is not the leader (b336e002-869c-4cc6-9928-d81b64790b84:192.168.69.114:44616). Request must be sent to leader., logIndex=0, commits[3c53ef1c-b6f6-452f-9d00-f37e19e3dc93:c16, b336e002-869c-4cc6-9928-d81b64790b84:c16, 30545f38-8e82-400b-a19e-90c0bfc34e7b:c16]
2019-09-06 18:21:27,116 [grpc-default-executor-11] INFO  client.GrpcClientProtocolClient (GrpcClientProtocolClient.java:onNext(255)) - client-3C530D2BB7CD->30545f38-8e82-400b-a19e-90c0bfc34e7b: receive RaftClientReply:client-3C530D2BB7CD->30545f38-8e82-400b-a19e-90c0bfc34e7b@group-4BE1F7773F85, cid=175, FAILED org.apache.ratis.protocol.NotLeaderException: Server 30545f38-8e82-400b-a19e-90c0bfc34e7b is not the leader (b336e002-869c-4cc6-9928-d81b64790b84:192.168.69.114:44616). Request must be sent to leader., logIndex=0, commits[30545f38-8e82-400b-a19e-90c0bfc34e7b:c16, b336e002-869c-4cc6-9928-d81b64790b84:c16, 3c53ef1c-b6f6-452f-9d00-f37e19e3dc93:c16]
2019-09-06 18:21:27,308 [Thread-3617] INFO  impl.FollowerState (FollowerState.java:run(106)) - 3c53ef1c-b6f6-452f-9d00-f37e19e3dc93:group-4BE1F7773F85 changes to CANDIDATE, lastRpcTime:9418, electionTimeout:5049ms
2019-09-06 18:21:27,308 [Thread-3617] INFO  impl.RoleInfo (RoleInfo.java:shutdownFollowerState(121)) - 3c53ef1c-b6f6-452f-9d00-f37e19e3dc93: shutdown FollowerState
2019-09-06 18:21:27,308 [Thread-3617] INFO  impl.RaftServerImpl (RaftServerImpl.java:setRole(171)) - 3c53ef1c-b6f6-452f-9d00-f37e19e3dc93:group-4BE1F7773F85 changes role from FOLLOWER to CANDIDATE at term 1 for changeToCandidate
2019-09-06 18:21:27,308 [Thread-3617] INFO  impl.RoleInfo (RoleInfo.java:updateAndGet(143)) - 3c53ef1c-b6f6-452f-9d00-f37e19e3dc93: start LeaderElection
2019-09-06 18:21:27,312 [3c53ef1c-b6f6-452f-9d00-f37e19e3dc93:group-4BE1F7773F85:LeaderElection77] INFO  impl.RaftServerImpl (ServerState.java:setLeader(263)) - 3c53ef1c-b6f6-452f-9d00-f37e19e3dc93:group-4BE1F7773F85 change Leader from b336e002-869c-4cc6-9928-d81b64790b84 to null at term 1 for initElection
2019-09-06 18:21:27,336 [3c53ef1c-b6f6-452f-9d00-f37e19e3dc93:group-4BE1F7773F85:LeaderElection77] INFO  impl.LeaderElection (LeaderElection.java:askForVotes(181)) - 3c53ef1c-b6f6-452f-9d00-f37e19e3dc93:group-4BE1F7773F85:LeaderElection77: begin an election at term 2 for 0: [b336e002-869c-4cc6-9928-d81b64790b84:192.168.69.114:44616, 3c53ef1c-b6f6-452f-9d00-f37e19e3dc93:192.168.69.114:36687, 30545f38-8e82-400b-a19e-90c0bfc34e7b:192.168.69.114:32866], old=null
2019-09-06 18:21:27,339 [3c53ef1c-b6f6-452f-9d00-f37e19e3dc93:group-4BE1F7773F85:LeaderElection77] INFO  impl.LeaderElection (LogUtils.java:infoOrTrace(149)) - 3c53ef1c-b6f6-452f-9d00-f37e19e3dc93:group-4BE1F7773F85:LeaderElection77 got exception when requesting votes: {}
java.util.concurrent.ExecutionException: org.apache.ratis.thirdparty.io.grpc.StatusRuntimeException: UNAVAILABLE: io exception
	at java.util.concurrent.FutureTask.report(FutureTask.java:122)
	at java.util.concurrent.FutureTask.get(FutureTask.java:192)
	at org.apache.ratis.server.impl.LeaderElection.waitForResults(LeaderElection.java:262)
	at org.apache.ratis.server.impl.LeaderElection.askForVotes(LeaderElection.java:200)
	at org.apache.ratis.server.impl.LeaderElection.run(LeaderElection.java:130)
	at java.lang.Thread.run(Thread.java:748)
Caused by: org.apache.ratis.thirdparty.io.grpc.StatusRuntimeException: UNAVAILABLE: io exception
	at org.apache.ratis.thirdparty.io.grpc.stub.ClientCalls.toStatusRuntimeException(ClientCalls.java:233)
	at org.apache.ratis.thirdparty.io.grpc.stub.ClientCalls.getUnchecked(ClientCalls.java:214)
	at org.apache.ratis.thirdparty.io.grpc.stub.ClientCalls.blockingUnaryCall(ClientCalls.java:139)
	at org.apache.ratis.proto.grpc.RaftServerProtocolServiceGrpc$RaftServerProtocolServiceBlockingStub.requestVote(RaftServerProtocolServiceGrpc.java:265)
	at org.apache.ratis.grpc.server.GrpcServerProtocolClient.requestVote(GrpcServerProtocolClient.java:83)
	at org.apache.ratis.grpc.server.GrpcService.requestVote(GrpcService.java:195)
	at org.apache.ratis.server.impl.LeaderElection.lambda$submitRequests$1(LeaderElection.java:237)
	at java.util.concurrent.FutureTask.run(FutureTask.java:266)
	at java.util.concurrent.Executors$RunnableAdapter.call(Executors.java:511)
	at java.util.concurrent.FutureTask.run(FutureTask.java:266)
	at java.util.concurrent.ThreadPoolExecutor.runWorker(ThreadPoolExecutor.java:1149)
	at java.util.concurrent.ThreadPoolExecutor$Worker.run(ThreadPoolExecutor.java:624)
	... 1 more
Caused by: org.apache.ratis.thirdparty.io.netty.channel.AbstractChannel$AnnotatedConnectException: Connection refused: /192.168.69.114:44616
	at sun.nio.ch.SocketChannelImpl.checkConnect(Native Method)
	at sun.nio.ch.SocketChannelImpl.finishConnect(SocketChannelImpl.java:717)
	at org.apache.ratis.thirdparty.io.netty.channel.socket.nio.NioSocketChannel.doFinishConnect(NioSocketChannel.java:327)
	at org.apache.ratis.thirdparty.io.netty.channel.nio.AbstractNioChannel$AbstractNioUnsafe.finishConnect(AbstractNioChannel.java:340)
	at org.apache.ratis.thirdparty.io.netty.channel.nio.NioEventLoop.processSelectedKey(NioEventLoop.java:632)
	at org.apache.ratis.thirdparty.io.netty.channel.nio.NioEventLoop.processSelectedKeysOptimized(NioEventLoop.java:579)
	at org.apache.ratis.thirdparty.io.netty.channel.nio.NioEventLoop.processSelectedKeys(NioEventLoop.java:496)
	at org.apache.ratis.thirdparty.io.netty.channel.nio.NioEventLoop.run(NioEventLoop.java:458)
	at org.apache.ratis.thirdparty.io.netty.util.concurrent.SingleThreadEventExecutor$5.run(SingleThreadEventExecutor.java:897)
	at org.apache.ratis.thirdparty.io.netty.util.concurrent.FastThreadLocalRunnable.run(FastThreadLocalRunnable.java:30)
	... 1 more
Caused by: java.net.ConnectException: Connection refused
	... 11 more
2019-09-06 18:21:27,344 [grpc-default-executor-8] INFO  impl.RaftServerImpl (ServerState.java:setLeader(263)) - 30545f38-8e82-400b-a19e-90c0bfc34e7b:group-4BE1F7773F85 change Leader from b336e002-869c-4cc6-9928-d81b64790b84 to null at term 2 for updateCurrentTerm
2019-09-06 18:21:27,345 [grpc-default-executor-8] INFO  impl.RaftServerImpl (RaftServerImpl.java:setRole(171)) - 30545f38-8e82-400b-a19e-90c0bfc34e7b:group-4BE1F7773F85 changes role from FOLLOWER to FOLLOWER at term 2 for recognizeCandidate:3c53ef1c-b6f6-452f-9d00-f37e19e3dc93
2019-09-06 18:21:27,345 [grpc-default-executor-8] INFO  impl.RoleInfo (RoleInfo.java:shutdownFollowerState(121)) - 30545f38-8e82-400b-a19e-90c0bfc34e7b: shutdown FollowerState
2019-09-06 18:21:27,345 [grpc-default-executor-8] INFO  impl.RoleInfo (RoleInfo.java:updateAndGet(143)) - 30545f38-8e82-400b-a19e-90c0bfc34e7b: start FollowerState
2019-09-06 18:21:27,345 [Thread-3616] INFO  impl.FollowerState (FollowerState.java:run(114)) - 30545f38-8e82-400b-a19e-90c0bfc34e7b: FollowerState was interrupted: java.lang.InterruptedException: sleep interrupted
2019-09-06 18:21:27,376 [3c53ef1c-b6f6-452f-9d00-f37e19e3dc93:group-4BE1F7773F85:LeaderElection77] INFO  impl.LeaderElection (LeaderElection.java:logAndReturn(56)) - 3c53ef1c-b6f6-452f-9d00-f37e19e3dc93:group-4BE1F7773F85:LeaderElection77: Election PASSED; received 1 response(s) [3c53ef1c-b6f6-452f-9d00-f37e19e3dc93<-30545f38-8e82-400b-a19e-90c0bfc34e7b#0:OK-t2] and 1 exception(s); 3c53ef1c-b6f6-452f-9d00-f37e19e3dc93:t2, leader=null, voted=3c53ef1c-b6f6-452f-9d00-f37e19e3dc93, raftlog=3c53ef1c-b6f6-452f-9d00-f37e19e3dc93-SegmentedRaftLog:OPENED:c16,f16,i16, conf=0: [b336e002-869c-4cc6-9928-d81b64790b84:192.168.69.114:44616, 3c53ef1c-b6f6-452f-9d00-f37e19e3dc93:192.168.69.114:36687, 30545f38-8e82-400b-a19e-90c0bfc34e7b:192.168.69.114:32866], old=null
2019-09-06 18:21:27,376 [3c53ef1c-b6f6-452f-9d00-f37e19e3dc93:group-4BE1F7773F85:LeaderElection77] INFO  impl.LeaderElection (LogUtils.java:infoOrTrace(149)) -   Exception 0: {}
java.util.concurrent.ExecutionException: org.apache.ratis.thirdparty.io.grpc.StatusRuntimeException: UNAVAILABLE: io exception
	at java.util.concurrent.FutureTask.report(FutureTask.java:122)
	at java.util.concurrent.FutureTask.get(FutureTask.java:192)
	at org.apache.ratis.server.impl.LeaderElection.waitForResults(LeaderElection.java:262)
	at org.apache.ratis.server.impl.LeaderElection.askForVotes(LeaderElection.java:200)
	at org.apache.ratis.server.impl.LeaderElection.run(LeaderElection.java:130)
	at java.lang.Thread.run(Thread.java:748)
Caused by: org.apache.ratis.thirdparty.io.grpc.StatusRuntimeException: UNAVAILABLE: io exception
	at org.apache.ratis.thirdparty.io.grpc.stub.ClientCalls.toStatusRuntimeException(ClientCalls.java:233)
	at org.apache.ratis.thirdparty.io.grpc.stub.ClientCalls.getUnchecked(ClientCalls.java:214)
	at org.apache.ratis.thirdparty.io.grpc.stub.ClientCalls.blockingUnaryCall(ClientCalls.java:139)
	at org.apache.ratis.proto.grpc.RaftServerProtocolServiceGrpc$RaftServerProtocolServiceBlockingStub.requestVote(RaftServerProtocolServiceGrpc.java:265)
	at org.apache.ratis.grpc.server.GrpcServerProtocolClient.requestVote(GrpcServerProtocolClient.java:83)
	at org.apache.ratis.grpc.server.GrpcService.requestVote(GrpcService.java:195)
	at org.apache.ratis.server.impl.LeaderElection.lambda$submitRequests$1(LeaderElection.java:237)
	at java.util.concurrent.FutureTask.run(FutureTask.java:266)
	at java.util.concurrent.Executors$RunnableAdapter.call(Executors.java:511)
	at java.util.concurrent.FutureTask.run(FutureTask.java:266)
	at java.util.concurrent.ThreadPoolExecutor.runWorker(ThreadPoolExecutor.java:1149)
	at java.util.concurrent.ThreadPoolExecutor$Worker.run(ThreadPoolExecutor.java:624)
	... 1 more
Caused by: org.apache.ratis.thirdparty.io.netty.channel.AbstractChannel$AnnotatedConnectException: Connection refused: /192.168.69.114:44616
	at sun.nio.ch.SocketChannelImpl.checkConnect(Native Method)
	at sun.nio.ch.SocketChannelImpl.finishConnect(SocketChannelImpl.java:717)
	at org.apache.ratis.thirdparty.io.netty.channel.socket.nio.NioSocketChannel.doFinishConnect(NioSocketChannel.java:327)
	at org.apache.ratis.thirdparty.io.netty.channel.nio.AbstractNioChannel$AbstractNioUnsafe.finishConnect(AbstractNioChannel.java:340)
	at org.apache.ratis.thirdparty.io.netty.channel.nio.NioEventLoop.processSelectedKey(NioEventLoop.java:632)
	at org.apache.ratis.thirdparty.io.netty.channel.nio.NioEventLoop.processSelectedKeysOptimized(NioEventLoop.java:579)
	at org.apache.ratis.thirdparty.io.netty.channel.nio.NioEventLoop.processSelectedKeys(NioEventLoop.java:496)
	at org.apache.ratis.thirdparty.io.netty.channel.nio.NioEventLoop.run(NioEventLoop.java:458)
	at org.apache.ratis.thirdparty.io.netty.util.concurrent.SingleThreadEventExecutor$5.run(SingleThreadEventExecutor.java:897)
	at org.apache.ratis.thirdparty.io.netty.util.concurrent.FastThreadLocalRunnable.run(FastThreadLocalRunnable.java:30)
	... 1 more
Caused by: java.net.ConnectException: Connection refused
	... 11 more
2019-09-06 18:21:27,377 [3c53ef1c-b6f6-452f-9d00-f37e19e3dc93:group-4BE1F7773F85:LeaderElection77] INFO  impl.RoleInfo (RoleInfo.java:shutdownLeaderElection(134)) - 3c53ef1c-b6f6-452f-9d00-f37e19e3dc93: shutdown LeaderElection
2019-09-06 18:21:27,377 [3c53ef1c-b6f6-452f-9d00-f37e19e3dc93:group-4BE1F7773F85:LeaderElection77] INFO  impl.RaftServerImpl (RaftServerImpl.java:setRole(171)) - 3c53ef1c-b6f6-452f-9d00-f37e19e3dc93:group-4BE1F7773F85 changes role from CANDIDATE to LEADER at term 2 for changeToLeader
2019-09-06 18:21:27,377 [3c53ef1c-b6f6-452f-9d00-f37e19e3dc93:group-4BE1F7773F85:LeaderElection77] INFO  impl.RaftServerImpl (ServerState.java:setLeader(263)) - 3c53ef1c-b6f6-452f-9d00-f37e19e3dc93:group-4BE1F7773F85 change Leader from null to 3c53ef1c-b6f6-452f-9d00-f37e19e3dc93 at term 2 for becomeLeader, leader elected after 64ms
2019-09-06 18:21:27,377 [3c53ef1c-b6f6-452f-9d00-f37e19e3dc93:group-4BE1F7773F85:LeaderElection77] INFO  server.RaftServerConfigKeys (ConfUtils.java:logGet(43)) - raft.server.staging.catchup.gap = 1000 (default)
2019-09-06 18:21:27,377 [3c53ef1c-b6f6-452f-9d00-f37e19e3dc93:group-4BE1F7773F85:LeaderElection77] INFO  server.RaftServerConfigKeys (ConfUtils.java:logGet(43)) - raft.server.rpc.sleep.time = 25ms (default)
2019-09-06 18:21:27,378 [3c53ef1c-b6f6-452f-9d00-f37e19e3dc93:group-4BE1F7773F85:LeaderElection77] INFO  server.RaftServerConfigKeys (ConfUtils.java:logGet(43)) - raft.server.write.element-limit = 4096 (default)
2019-09-06 18:21:27,378 [3c53ef1c-b6f6-452f-9d00-f37e19e3dc93:group-4BE1F7773F85:LeaderElection77] INFO  server.RaftServerConfigKeys (ConfUtils.java:logGet(43)) - raft.server.watch.timeout = 10s (default)
2019-09-06 18:21:27,378 [3c53ef1c-b6f6-452f-9d00-f37e19e3dc93:group-4BE1F7773F85:LeaderElection77] INFO  server.RaftServerConfigKeys (ConfUtils.java:logGet(43)) - raft.server.watch.timeout.denomination = 1s (default)
2019-09-06 18:21:27,378 [3c53ef1c-b6f6-452f-9d00-f37e19e3dc93:group-4BE1F7773F85:LeaderElection77] INFO  server.RaftServerConfigKeys (ConfUtils.java:logGet(43)) - raft.server.watch.element-limit = 65536 (default)
2019-09-06 18:21:27,379 [3c53ef1c-b6f6-452f-9d00-f37e19e3dc93:group-4BE1F7773F85:LeaderElection77] INFO  server.RaftServerConfigKeys (ConfUtils.java:logGet(43)) - raft.server.log.appender.snapshot.chunk.size.max = 16MB (=16777216) (default)
2019-09-06 18:21:27,379 [3c53ef1c-b6f6-452f-9d00-f37e19e3dc93:group-4BE1F7773F85:LeaderElection77] INFO  server.RaftServerConfigKeys (ConfUtils.java:logGet(43)) - raft.server.log.appender.buffer.byte-limit = 33554432 (custom)
2019-09-06 18:21:27,379 [3c53ef1c-b6f6-452f-9d00-f37e19e3dc93:group-4BE1F7773F85:LeaderElection77] INFO  server.RaftServerConfigKeys (ConfUtils.java:logGet(43)) - raft.server.log.appender.buffer.element-limit = 1 (custom)
2019-09-06 18:21:27,379 [3c53ef1c-b6f6-452f-9d00-f37e19e3dc93:group-4BE1F7773F85:LeaderElection77] INFO  grpc.GrpcConfigKeys$Server (ConfUtils.java:logGet(43)) - raft.grpc.server.leader.outstanding.appends.max = 128 (default)
2019-09-06 18:21:27,379 [3c53ef1c-b6f6-452f-9d00-f37e19e3dc93:group-4BE1F7773F85:LeaderElection77] INFO  server.RaftServerConfigKeys (ConfUtils.java:logGet(43)) - raft.server.rpc.request.timeout = 3000ms (default)
2019-09-06 18:21:27,380 [3c53ef1c-b6f6-452f-9d00-f37e19e3dc93:group-4BE1F7773F85:LeaderElection77] INFO  server.RaftServerConfigKeys (ConfUtils.java:logGet(43)) - raft.server.log.appender.install.snapshot.enabled = false (custom)
2019-09-06 18:21:27,380 [3c53ef1c-b6f6-452f-9d00-f37e19e3dc93:group-4BE1F7773F85:LeaderElection77] INFO  server.RaftServerConfigKeys (ConfUtils.java:logGet(43)) - raft.server.log.appender.snapshot.chunk.size.max = 16MB (=16777216) (default)
2019-09-06 18:21:27,380 [3c53ef1c-b6f6-452f-9d00-f37e19e3dc93:group-4BE1F7773F85:LeaderElection77] INFO  server.RaftServerConfigKeys (ConfUtils.java:logGet(43)) - raft.server.log.appender.buffer.byte-limit = 33554432 (custom)
2019-09-06 18:21:27,380 [3c53ef1c-b6f6-452f-9d00-f37e19e3dc93:group-4BE1F7773F85:LeaderElection77] INFO  server.RaftServerConfigKeys (ConfUtils.java:logGet(43)) - raft.server.log.appender.buffer.element-limit = 1 (custom)
2019-09-06 18:21:27,380 [3c53ef1c-b6f6-452f-9d00-f37e19e3dc93:group-4BE1F7773F85:LeaderElection77] INFO  grpc.GrpcConfigKeys$Server (ConfUtils.java:logGet(43)) - raft.grpc.server.leader.outstanding.appends.max = 128 (default)
2019-09-06 18:21:27,380 [3c53ef1c-b6f6-452f-9d00-f37e19e3dc93:group-4BE1F7773F85:LeaderElection77] INFO  server.RaftServerConfigKeys (ConfUtils.java:logGet(43)) - raft.server.rpc.request.timeout = 3000ms (default)
2019-09-06 18:21:27,380 [3c53ef1c-b6f6-452f-9d00-f37e19e3dc93:group-4BE1F7773F85:LeaderElection77] INFO  server.RaftServerConfigKeys (ConfUtils.java:logGet(43)) - raft.server.log.appender.install.snapshot.enabled = false (custom)
2019-09-06 18:21:27,381 [3c53ef1c-b6f6-452f-9d00-f37e19e3dc93:group-4BE1F7773F85:LeaderElection77] INFO  impl.RoleInfo (RoleInfo.java:updateAndGet(143)) - 3c53ef1c-b6f6-452f-9d00-f37e19e3dc93: start LeaderState
2019-09-06 18:21:27,381 [3c53ef1c-b6f6-452f-9d00-f37e19e3dc93:group-4BE1F7773F85:LeaderElection77] INFO  segmented.SegmentedRaftLogWorker (SegmentedRaftLogWorker.java:rollLogSegment(385)) - 3c53ef1c-b6f6-452f-9d00-f37e19e3dc93-SegmentedRaftLogWorker:Storage Directory /workdir/hadoop-ozone/integration-test/target/test-dir/MiniOzoneClusterImpl-df485bfa-7c5b-4a27-b9f2-b5a858908c51/datanode-3/data/ratis/5e626beb-1dea-46b2-92eb-4be1f7773f85: Rolling segment log-0_16 to index:16
2019-09-06 18:21:27,383 [3c53ef1c-b6f6-452f-9d00-f37e19e3dc93:group-4BE1F7773F85:LeaderElection77] INFO  impl.RaftServerImpl (ServerState.java:setRaftConf(361)) - 3c53ef1c-b6f6-452f-9d00-f37e19e3dc93:group-4BE1F7773F85 set configuration 17: [b336e002-869c-4cc6-9928-d81b64790b84:192.168.69.114:44616, 3c53ef1c-b6f6-452f-9d00-f37e19e3dc93:192.168.69.114:36687, 30545f38-8e82-400b-a19e-90c0bfc34e7b:192.168.69.114:32866], old=null at 17
2019-09-06 18:21:27,383 [3c53ef1c-b6f6-452f-9d00-f37e19e3dc93-SegmentedRaftLogWorker:Storage Directory /workdir/hadoop-ozone/integration-test/target/test-dir/MiniOzoneClusterImpl-df485bfa-7c5b-4a27-b9f2-b5a858908c51/datanode-3/data/ratis/5e626beb-1dea-46b2-92eb-4be1f7773f85] INFO  segmented.SegmentedRaftLogWorker (SegmentedRaftLogWorker.java:execute(526)) - 3c53ef1c-b6f6-452f-9d00-f37e19e3dc93-SegmentedRaftLogWorker:Storage Directory /workdir/hadoop-ozone/integration-test/target/test-dir/MiniOzoneClusterImpl-df485bfa-7c5b-4a27-b9f2-b5a858908c51/datanode-3/data/ratis/5e626beb-1dea-46b2-92eb-4be1f7773f85: Rolled log segment from /workdir/hadoop-ozone/integration-test/target/test-dir/MiniOzoneClusterImpl-df485bfa-7c5b-4a27-b9f2-b5a858908c51/datanode-3/data/ratis/5e626beb-1dea-46b2-92eb-4be1f7773f85/current/log_inprogress_0 to /workdir/hadoop-ozone/integration-test/target/test-dir/MiniOzoneClusterImpl-df485bfa-7c5b-4a27-b9f2-b5a858908c51/datanode-3/data/ratis/5e626beb-1dea-46b2-92eb-4be1f7773f85/current/log_0-16
2019-09-06 18:21:27,383 [grpc-default-executor-8] WARN  server.GrpcLogAppender (LogUtils.java:warn(134)) - 3c53ef1c-b6f6-452f-9d00-f37e19e3dc93->b336e002-869c-4cc6-9928-d81b64790b84: Failed appendEntries: org.apache.ratis.thirdparty.io.grpc.StatusRuntimeException: UNAVAILABLE: io exception
2019-09-06 18:21:27,384 [grpc-default-executor-8] INFO  impl.FollowerInfo (FollowerInfo.java:lambda$new$0(50)) - 3c53ef1c-b6f6-452f-9d00-f37e19e3dc93->b336e002-869c-4cc6-9928-d81b64790b84: nextIndex: updateUnconditionally 17 -> 1
2019-09-06 18:21:27,384 [grpc-default-executor-12] INFO  impl.RaftServerImpl (ServerState.java:setLeader(263)) - 30545f38-8e82-400b-a19e-90c0bfc34e7b:group-4BE1F7773F85 change Leader from null to 3c53ef1c-b6f6-452f-9d00-f37e19e3dc93 at term 2 for appendEntries, leader elected after 39ms
2019-09-06 18:21:27,387 [grpc-default-executor-12] INFO  impl.RaftServerImpl (ServerState.java:setRaftConf(361)) - 30545f38-8e82-400b-a19e-90c0bfc34e7b:group-4BE1F7773F85 set configuration 17: [b336e002-869c-4cc6-9928-d81b64790b84:192.168.69.114:44616, 3c53ef1c-b6f6-452f-9d00-f37e19e3dc93:192.168.69.114:36687, 30545f38-8e82-400b-a19e-90c0bfc34e7b:192.168.69.114:32866], old=null at 17
2019-09-06 18:21:27,387 [grpc-default-executor-12] INFO  segmented.SegmentedRaftLogWorker (SegmentedRaftLogWorker.java:rollLogSegment(385)) - 30545f38-8e82-400b-a19e-90c0bfc34e7b-SegmentedRaftLogWorker:Storage Directory /workdir/hadoop-ozone/integration-test/target/test-dir/MiniOzoneClusterImpl-df485bfa-7c5b-4a27-b9f2-b5a858908c51/datanode-2/data/ratis/5e626beb-1dea-46b2-92eb-4be1f7773f85: Rolling segment log-0_16 to index:16
2019-09-06 18:21:27,388 [30545f38-8e82-400b-a19e-90c0bfc34e7b-SegmentedRaftLogWorker:Storage Directory /workdir/hadoop-ozone/integration-test/target/test-dir/MiniOzoneClusterImpl-df485bfa-7c5b-4a27-b9f2-b5a858908c51/datanode-2/data/ratis/5e626beb-1dea-46b2-92eb-4be1f7773f85] INFO  segmented.SegmentedRaftLogWorker (SegmentedRaftLogWorker.java:execute(526)) - 30545f38-8e82-400b-a19e-90c0bfc34e7b-SegmentedRaftLogWorker:Storage Directory /workdir/hadoop-ozone/integration-test/target/test-dir/MiniOzoneClusterImpl-df485bfa-7c5b-4a27-b9f2-b5a858908c51/datanode-2/data/ratis/5e626beb-1dea-46b2-92eb-4be1f7773f85: Rolled log segment from /workdir/hadoop-ozone/integration-test/target/test-dir/MiniOzoneClusterImpl-df485bfa-7c5b-4a27-b9f2-b5a858908c51/datanode-2/data/ratis/5e626beb-1dea-46b2-92eb-4be1f7773f85/current/log_inprogress_0 to /workdir/hadoop-ozone/integration-test/target/test-dir/MiniOzoneClusterImpl-df485bfa-7c5b-4a27-b9f2-b5a858908c51/datanode-2/data/ratis/5e626beb-1dea-46b2-92eb-4be1f7773f85/current/log_0-16
2019-09-06 18:21:27,447 [3c53ef1c-b6f6-452f-9d00-f37e19e3dc93-SegmentedRaftLogWorker:Storage Directory /workdir/hadoop-ozone/integration-test/target/test-dir/MiniOzoneClusterImpl-df485bfa-7c5b-4a27-b9f2-b5a858908c51/datanode-3/data/ratis/5e626beb-1dea-46b2-92eb-4be1f7773f85] INFO  segmented.SegmentedRaftLogWorker (SegmentedRaftLogWorker.java:execute(569)) - 3c53ef1c-b6f6-452f-9d00-f37e19e3dc93-SegmentedRaftLogWorker:Storage Directory /workdir/hadoop-ozone/integration-test/target/test-dir/MiniOzoneClusterImpl-df485bfa-7c5b-4a27-b9f2-b5a858908c51/datanode-3/data/ratis/5e626beb-1dea-46b2-92eb-4be1f7773f85: created new log segment /workdir/hadoop-ozone/integration-test/target/test-dir/MiniOzoneClusterImpl-df485bfa-7c5b-4a27-b9f2-b5a858908c51/datanode-3/data/ratis/5e626beb-1dea-46b2-92eb-4be1f7773f85/current/log_inprogress_17
2019-09-06 18:21:27,460 [30545f38-8e82-400b-a19e-90c0bfc34e7b-SegmentedRaftLogWorker:Storage Directory /workdir/hadoop-ozone/integration-test/target/test-dir/MiniOzoneClusterImpl-df485bfa-7c5b-4a27-b9f2-b5a858908c51/datanode-2/data/ratis/5e626beb-1dea-46b2-92eb-4be1f7773f85] INFO  segmented.SegmentedRaftLogWorker (SegmentedRaftLogWorker.java:execute(569)) - 30545f38-8e82-400b-a19e-90c0bfc34e7b-SegmentedRaftLogWorker:Storage Directory /workdir/hadoop-ozone/integration-test/target/test-dir/MiniOzoneClusterImpl-df485bfa-7c5b-4a27-b9f2-b5a858908c51/datanode-2/data/ratis/5e626beb-1dea-46b2-92eb-4be1f7773f85: created new log segment /workdir/hadoop-ozone/integration-test/target/test-dir/MiniOzoneClusterImpl-df485bfa-7c5b-4a27-b9f2-b5a858908c51/datanode-2/data/ratis/5e626beb-1dea-46b2-92eb-4be1f7773f85/current/log_inprogress_17
2019-09-06 18:21:27,491 [grpc-default-executor-11] WARN  server.GrpcLogAppender (LogUtils.java:warn(134)) - 3c53ef1c-b6f6-452f-9d00-f37e19e3dc93->b336e002-869c-4cc6-9928-d81b64790b84: Failed appendEntries: org.apache.ratis.thirdparty.io.grpc.StatusRuntimeException: UNAVAILABLE: io exception
2019-09-06 18:21:27,491 [grpc-default-executor-11] INFO  impl.FollowerInfo (FollowerInfo.java:lambda$new$0(50)) - 3c53ef1c-b6f6-452f-9d00-f37e19e3dc93->b336e002-869c-4cc6-9928-d81b64790b84: nextIndex: updateUnconditionally 2 -> 1
2019-09-06 18:21:28,131 [grpc-default-executor-12] INFO  client.GrpcClientProtocolClient (GrpcClientProtocolClient.java:onNext(255)) - client-3C530D2BB7CD->30545f38-8e82-400b-a19e-90c0bfc34e7b: receive RaftClientReply:client-3C530D2BB7CD->30545f38-8e82-400b-a19e-90c0bfc34e7b@group-4BE1F7773F85, cid=175, FAILED org.apache.ratis.protocol.NotLeaderException: Server 30545f38-8e82-400b-a19e-90c0bfc34e7b is not the leader (3c53ef1c-b6f6-452f-9d00-f37e19e3dc93:192.168.69.114:36687). Request must be sent to leader., logIndex=0, commits[30545f38-8e82-400b-a19e-90c0bfc34e7b:c17, b336e002-869c-4cc6-9928-d81b64790b84:c16, 3c53ef1c-b6f6-452f-9d00-f37e19e3dc93:c17]
18:21:28.137 [grpc-default-executor-11] ERROR DNAudit - user=null | ip=null | op=WRITE_CHUNK {blockData=conID: 1 locID: 102746951995162637 bcsId: 14} | ret=FAILURE
org.apache.hadoop.hdds.scm.container.common.helpers.ContainerNotOpenException: Container 1 in CLOSING state
	at org.apache.hadoop.ozone.container.common.impl.HddsDispatcher.validateContainerCommand(HddsDispatcher.java:408) ~[hadoop-hdds-container-service-0.5.0-SNAPSHOT.jar:?]
	at org.apache.hadoop.ozone.container.common.transport.server.ratis.ContainerStateMachine.startTransaction(ContainerStateMachine.java:310) ~[hadoop-hdds-container-service-0.5.0-SNAPSHOT.jar:?]
	at org.apache.ratis.server.impl.RaftServerImpl.submitClientRequestAsync(RaftServerImpl.java:566) ~[ratis-server-0.4.0-2337318-SNAPSHOT.jar:0.4.0-2337318-SNAPSHOT]
	at org.apache.ratis.server.impl.RaftServerProxy.lambda$submitClientRequestAsync$7(RaftServerProxy.java:333) ~[ratis-server-0.4.0-2337318-SNAPSHOT.jar:0.4.0-2337318-SNAPSHOT]
	at org.apache.ratis.server.impl.RaftServerProxy.lambda$null$5(RaftServerProxy.java:328) ~[ratis-server-0.4.0-2337318-SNAPSHOT.jar:0.4.0-2337318-SNAPSHOT]
	at org.apache.ratis.util.JavaUtils.callAsUnchecked(JavaUtils.java:109) ~[ratis-common-0.4.0-2337318-SNAPSHOT.jar:0.4.0-2337318-SNAPSHOT]
	at org.apache.ratis.server.impl.RaftServerProxy.lambda$submitRequest$6(RaftServerProxy.java:328) ~[ratis-server-0.4.0-2337318-SNAPSHOT.jar:0.4.0-2337318-SNAPSHOT]
	at java.util.concurrent.CompletableFuture.uniComposeStage(CompletableFuture.java:981) ~[?:1.8.0_212]
	at java.util.concurrent.CompletableFuture.thenCompose(CompletableFuture.java:2124) ~[?:1.8.0_212]
	at org.apache.ratis.server.impl.RaftServerProxy.submitRequest(RaftServerProxy.java:327) ~[ratis-server-0.4.0-2337318-SNAPSHOT.jar:0.4.0-2337318-SNAPSHOT]
	at org.apache.ratis.server.impl.RaftServerProxy.submitClientRequestAsync(RaftServerProxy.java:333) ~[ratis-server-0.4.0-2337318-SNAPSHOT.jar:0.4.0-2337318-SNAPSHOT]
	at org.apache.ratis.grpc.client.GrpcClientProtocolService$RequestStreamObserver.processClientRequest(GrpcClientProtocolService.java:220) ~[ratis-grpc-0.4.0-2337318-SNAPSHOT.jar:0.4.0-2337318-SNAPSHOT]
	at org.apache.ratis.grpc.client.GrpcClientProtocolService$OrderedRequestStreamObserver.processClientRequest(GrpcClientProtocolService.java:326) ~[ratis-grpc-0.4.0-2337318-SNAPSHOT.jar:0.4.0-2337318-SNAPSHOT]
	at org.apache.ratis.util.SlidingWindow$Server.processRequestsFromHead(SlidingWindow.java:429) [ratis-common-0.4.0-2337318-SNAPSHOT.jar:0.4.0-2337318-SNAPSHOT]
	at org.apache.ratis.util.SlidingWindow$Server.receivedRequest(SlidingWindow.java:421) [ratis-common-0.4.0-2337318-SNAPSHOT.jar:0.4.0-2337318-SNAPSHOT]
	at org.apache.ratis.grpc.client.GrpcClientProtocolService$OrderedRequestStreamObserver.processClientRequest(GrpcClientProtocolService.java:345) [ratis-grpc-0.4.0-2337318-SNAPSHOT.jar:0.4.0-2337318-SNAPSHOT]
	at org.apache.ratis.grpc.client.GrpcClientProtocolService$RequestStreamObserver.onNext(GrpcClientProtocolService.java:240) [ratis-grpc-0.4.0-2337318-SNAPSHOT.jar:0.4.0-2337318-SNAPSHOT]
	at org.apache.ratis.grpc.client.GrpcClientProtocolService$RequestStreamObserver.onNext(GrpcClientProtocolService.java:168) [ratis-grpc-0.4.0-2337318-SNAPSHOT.jar:0.4.0-2337318-SNAPSHOT]
	at org.apache.ratis.thirdparty.io.grpc.stub.ServerCalls$StreamingServerCallHandler$StreamingServerCallListener.onMessage(ServerCalls.java:248) [ratis-thirdparty-misc-0.2.0.jar:0.2.0]
	at org.apache.ratis.thirdparty.io.grpc.internal.ServerCallImpl$ServerStreamListenerImpl.messagesAvailable(ServerCallImpl.java:263) [ratis-thirdparty-misc-0.2.0.jar:0.2.0]
	at org.apache.ratis.thirdparty.io.grpc.internal.ServerImpl$JumpToApplicationThreadServerStreamListener$1MessagesAvailable.runInContext(ServerImpl.java:686) [ratis-thirdparty-misc-0.2.0.jar:0.2.0]
	at org.apache.ratis.thirdparty.io.grpc.internal.ContextRunnable.run(ContextRunnable.java:37) [ratis-thirdparty-misc-0.2.0.jar:0.2.0]
	at org.apache.ratis.thirdparty.io.grpc.internal.SerializingExecutor.run(SerializingExecutor.java:123) [ratis-thirdparty-misc-0.2.0.jar:0.2.0]
	at java.util.concurrent.ThreadPoolExecutor.runWorker(ThreadPoolExecutor.java:1149) [?:1.8.0_212]
	at java.util.concurrent.ThreadPoolExecutor$Worker.run(ThreadPoolExecutor.java:624) [?:1.8.0_212]
	at java.lang.Thread.run(Thread.java:748) [?:1.8.0_212]
2019-09-06 18:21:28,152 [grpc-default-executor-11] INFO  client.GrpcClientProtocolClient (GrpcClientProtocolClient.java:onNext(255)) - client-3C530D2BB7CD->3c53ef1c-b6f6-452f-9d00-f37e19e3dc93: receive RaftClientReply:client-3C530D2BB7CD->3c53ef1c-b6f6-452f-9d00-f37e19e3dc93@group-4BE1F7773F85, cid=175, FAILED org.apache.ratis.protocol.StateMachineException: org.apache.hadoop.hdds.scm.container.common.helpers.ContainerNotOpenException from Server 3c53ef1c-b6f6-452f-9d00-f37e19e3dc93: Container 1 in CLOSING state, logIndex=0, commits[3c53ef1c-b6f6-452f-9d00-f37e19e3dc93:c18, b336e002-869c-4cc6-9928-d81b64790b84:c16, 30545f38-8e82-400b-a19e-90c0bfc34e7b:c17]
18:21:28.153 [grpc-default-executor-12] ERROR DNAudit - user=null | ip=null | op=WRITE_CHUNK {blockData=conID: 1 locID: 102746951995162637 bcsId: 14} | ret=FAILURE
org.apache.hadoop.hdds.scm.container.common.helpers.ContainerNotOpenException: Container 1 in CLOSING state
	at org.apache.hadoop.ozone.container.common.impl.HddsDispatcher.validateContainerCommand(HddsDispatcher.java:408) ~[hadoop-hdds-container-service-0.5.0-SNAPSHOT.jar:?]
	at org.apache.hadoop.ozone.container.common.transport.server.ratis.ContainerStateMachine.startTransaction(ContainerStateMachine.java:310) ~[hadoop-hdds-container-service-0.5.0-SNAPSHOT.jar:?]
	at org.apache.ratis.server.impl.RaftServerImpl.submitClientRequestAsync(RaftServerImpl.java:566) ~[ratis-server-0.4.0-2337318-SNAPSHOT.jar:0.4.0-2337318-SNAPSHOT]
	at org.apache.ratis.server.impl.RaftServerProxy.lambda$submitClientRequestAsync$7(RaftServerProxy.java:333) ~[ratis-server-0.4.0-2337318-SNAPSHOT.jar:0.4.0-2337318-SNAPSHOT]
	at org.apache.ratis.server.impl.RaftServerProxy.lambda$null$5(RaftServerProxy.java:328) ~[ratis-server-0.4.0-2337318-SNAPSHOT.jar:0.4.0-2337318-SNAPSHOT]
	at org.apache.ratis.util.JavaUtils.callAsUnchecked(JavaUtils.java:109) ~[ratis-common-0.4.0-2337318-SNAPSHOT.jar:0.4.0-2337318-SNAPSHOT]
	at org.apache.ratis.server.impl.RaftServerProxy.lambda$submitRequest$6(RaftServerProxy.java:328) ~[ratis-server-0.4.0-2337318-SNAPSHOT.jar:0.4.0-2337318-SNAPSHOT]
	at java.util.concurrent.CompletableFuture.uniComposeStage(CompletableFuture.java:981) ~[?:1.8.0_212]
	at java.util.concurrent.CompletableFuture.thenCompose(CompletableFuture.java:2124) ~[?:1.8.0_212]
	at org.apache.ratis.server.impl.RaftServerProxy.submitRequest(RaftServerProxy.java:327) ~[ratis-server-0.4.0-2337318-SNAPSHOT.jar:0.4.0-2337318-SNAPSHOT]
	at org.apache.ratis.server.impl.RaftServerProxy.submitClientRequestAsync(RaftServerProxy.java:333) ~[ratis-server-0.4.0-2337318-SNAPSHOT.jar:0.4.0-2337318-SNAPSHOT]
	at org.apache.ratis.grpc.client.GrpcClientProtocolService$RequestStreamObserver.processClientRequest(GrpcClientProtocolService.java:220) ~[ratis-grpc-0.4.0-2337318-SNAPSHOT.jar:0.4.0-2337318-SNAPSHOT]
	at org.apache.ratis.grpc.client.GrpcClientProtocolService$OrderedRequestStreamObserver.processClientRequest(GrpcClientProtocolService.java:326) ~[ratis-grpc-0.4.0-2337318-SNAPSHOT.jar:0.4.0-2337318-SNAPSHOT]
	at org.apache.ratis.util.SlidingWindow$Server.processRequestsFromHead(SlidingWindow.java:429) [ratis-common-0.4.0-2337318-SNAPSHOT.jar:0.4.0-2337318-SNAPSHOT]
	at org.apache.ratis.util.SlidingWindow$Server.receivedRequest(SlidingWindow.java:421) [ratis-common-0.4.0-2337318-SNAPSHOT.jar:0.4.0-2337318-SNAPSHOT]
	at org.apache.ratis.grpc.client.GrpcClientProtocolService$OrderedRequestStreamObserver.processClientRequest(GrpcClientProtocolService.java:345) [ratis-grpc-0.4.0-2337318-SNAPSHOT.jar:0.4.0-2337318-SNAPSHOT]
	at org.apache.ratis.grpc.client.GrpcClientProtocolService$RequestStreamObserver.onNext(GrpcClientProtocolService.java:240) [ratis-grpc-0.4.0-2337318-SNAPSHOT.jar:0.4.0-2337318-SNAPSHOT]
	at org.apache.ratis.grpc.client.GrpcClientProtocolService$RequestStreamObserver.onNext(GrpcClientProtocolService.java:168) [ratis-grpc-0.4.0-2337318-SNAPSHOT.jar:0.4.0-2337318-SNAPSHOT]
	at org.apache.ratis.thirdparty.io.grpc.stub.ServerCalls$StreamingServerCallHandler$StreamingServerCallListener.onMessage(ServerCalls.java:248) [ratis-thirdparty-misc-0.2.0.jar:0.2.0]
	at org.apache.ratis.thirdparty.io.grpc.internal.ServerCallImpl$ServerStreamListenerImpl.messagesAvailable(ServerCallImpl.java:263) [ratis-thirdparty-misc-0.2.0.jar:0.2.0]
	at org.apache.ratis.thirdparty.io.grpc.internal.ServerImpl$JumpToApplicationThreadServerStreamListener$1MessagesAvailable.runInContext(ServerImpl.java:686) [ratis-thirdparty-misc-0.2.0.jar:0.2.0]
	at org.apache.ratis.thirdparty.io.grpc.internal.ContextRunnable.run(ContextRunnable.java:37) [ratis-thirdparty-misc-0.2.0.jar:0.2.0]
	at org.apache.ratis.thirdparty.io.grpc.internal.SerializingExecutor.run(SerializingExecutor.java:123) [ratis-thirdparty-misc-0.2.0.jar:0.2.0]
	at java.util.concurrent.ThreadPoolExecutor.runWorker(ThreadPoolExecutor.java:1149) [?:1.8.0_212]
	at java.util.concurrent.ThreadPoolExecutor$Worker.run(ThreadPoolExecutor.java:624) [?:1.8.0_212]
	at java.lang.Thread.run(Thread.java:748) [?:1.8.0_212]
18:21:28.156 [grpc-default-executor-12] ERROR DNAudit - user=null | ip=null | op=PUT_BLOCK {blockData=[blockId=conID: 1 locID: 102746951995162637 bcsId: 0,size=650]} | ret=FAILURE
org.apache.hadoop.hdds.scm.container.common.helpers.ContainerNotOpenException: Container 1 in CLOSING state
	at org.apache.hadoop.ozone.container.common.impl.HddsDispatcher.validateContainerCommand(HddsDispatcher.java:408) ~[hadoop-hdds-container-service-0.5.0-SNAPSHOT.jar:?]
	at org.apache.hadoop.ozone.container.common.transport.server.ratis.ContainerStateMachine.startTransaction(ContainerStateMachine.java:310) ~[hadoop-hdds-container-service-0.5.0-SNAPSHOT.jar:?]
	at org.apache.ratis.server.impl.RaftServerImpl.submitClientRequestAsync(RaftServerImpl.java:566) ~[ratis-server-0.4.0-2337318-SNAPSHOT.jar:0.4.0-2337318-SNAPSHOT]
	at org.apache.ratis.server.impl.RaftServerProxy.lambda$submitClientRequestAsync$7(RaftServerProxy.java:333) ~[ratis-server-0.4.0-2337318-SNAPSHOT.jar:0.4.0-2337318-SNAPSHOT]
	at org.apache.ratis.server.impl.RaftServerProxy.lambda$null$5(RaftServerProxy.java:328) ~[ratis-server-0.4.0-2337318-SNAPSHOT.jar:0.4.0-2337318-SNAPSHOT]
	at org.apache.ratis.util.JavaUtils.callAsUnchecked(JavaUtils.java:109) ~[ratis-common-0.4.0-2337318-SNAPSHOT.jar:0.4.0-2337318-SNAPSHOT]
	at org.apache.ratis.server.impl.RaftServerProxy.lambda$submitRequest$6(RaftServerProxy.java:328) ~[ratis-server-0.4.0-2337318-SNAPSHOT.jar:0.4.0-2337318-SNAPSHOT]
	at java.util.concurrent.CompletableFuture.uniComposeStage(CompletableFuture.java:981) ~[?:1.8.0_212]
	at java.util.concurrent.CompletableFuture.thenCompose(CompletableFuture.java:2124) ~[?:1.8.0_212]
	at org.apache.ratis.server.impl.RaftServerProxy.submitRequest(RaftServerProxy.java:327) ~[ratis-server-0.4.0-2337318-SNAPSHOT.jar:0.4.0-2337318-SNAPSHOT]
	at org.apache.ratis.server.impl.RaftServerProxy.submitClientRequestAsync(RaftServerProxy.java:333) ~[ratis-server-0.4.0-2337318-SNAPSHOT.jar:0.4.0-2337318-SNAPSHOT]
	at org.apache.ratis.grpc.client.GrpcClientProtocolService$RequestStreamObserver.processClientRequest(GrpcClientProtocolService.java:220) ~[ratis-grpc-0.4.0-2337318-SNAPSHOT.jar:0.4.0-2337318-SNAPSHOT]
	at org.apache.ratis.grpc.client.GrpcClientProtocolService$OrderedRequestStreamObserver.processClientRequest(GrpcClientProtocolService.java:326) ~[ratis-grpc-0.4.0-2337318-SNAPSHOT.jar:0.4.0-2337318-SNAPSHOT]
	at org.apache.ratis.util.SlidingWindow$Server.processRequestsFromHead(SlidingWindow.java:429) [ratis-common-0.4.0-2337318-SNAPSHOT.jar:0.4.0-2337318-SNAPSHOT]
	at org.apache.ratis.util.SlidingWindow$Server.receivedRequest(SlidingWindow.java:421) [ratis-common-0.4.0-2337318-SNAPSHOT.jar:0.4.0-2337318-SNAPSHOT]
	at org.apache.ratis.grpc.client.GrpcClientProtocolService$OrderedRequestStreamObserver.processClientRequest(GrpcClientProtocolService.java:345) [ratis-grpc-0.4.0-2337318-SNAPSHOT.jar:0.4.0-2337318-SNAPSHOT]
	at org.apache.ratis.grpc.client.GrpcClientProtocolService$RequestStreamObserver.onNext(GrpcClientProtocolService.java:240) [ratis-grpc-0.4.0-2337318-SNAPSHOT.jar:0.4.0-2337318-SNAPSHOT]
	at org.apache.ratis.grpc.client.GrpcClientProtocolService$RequestStreamObserver.onNext(GrpcClientProtocolService.java:168) [ratis-grpc-0.4.0-2337318-SNAPSHOT.jar:0.4.0-2337318-SNAPSHOT]
	at org.apache.ratis.thirdparty.io.grpc.stub.ServerCalls$StreamingServerCallHandler$StreamingServerCallListener.onMessage(ServerCalls.java:248) [ratis-thirdparty-misc-0.2.0.jar:0.2.0]
	at org.apache.ratis.thirdparty.io.grpc.internal.ServerCallImpl$ServerStreamListenerImpl.messagesAvailable(ServerCallImpl.java:263) [ratis-thirdparty-misc-0.2.0.jar:0.2.0]
	at org.apache.ratis.thirdparty.io.grpc.internal.ServerImpl$JumpToApplicationThreadServerStreamListener$1MessagesAvailable.runInContext(ServerImpl.java:686) [ratis-thirdparty-misc-0.2.0.jar:0.2.0]
	at org.apache.ratis.thirdparty.io.grpc.internal.ContextRunnable.run(ContextRunnable.java:37) [ratis-thirdparty-misc-0.2.0.jar:0.2.0]
	at org.apache.ratis.thirdparty.io.grpc.internal.SerializingExecutor.run(SerializingExecutor.java:123) [ratis-thirdparty-misc-0.2.0.jar:0.2.0]
	at java.util.concurrent.ThreadPoolExecutor.runWorker(ThreadPoolExecutor.java:1149) [?:1.8.0_212]
	at java.util.concurrent.ThreadPoolExecutor$Worker.run(ThreadPoolExecutor.java:624) [?:1.8.0_212]
	at java.lang.Thread.run(Thread.java:748) [?:1.8.0_212]
2019-09-06 18:21:28,168 [grpc-default-executor-11] INFO  client.GrpcClientProtocolClient (GrpcClientProtocolClient.java:onNext(255)) - client-3C530D2BB7CD->3c53ef1c-b6f6-452f-9d00-f37e19e3dc93: receive RaftClientReply:client-3C530D2BB7CD->3c53ef1c-b6f6-452f-9d00-f37e19e3dc93@group-4BE1F7773F85, cid=176, FAILED org.apache.ratis.protocol.StateMachineException: org.apache.hadoop.hdds.scm.container.common.helpers.ContainerNotOpenException from Server 3c53ef1c-b6f6-452f-9d00-f37e19e3dc93: Container 1 in CLOSING state, logIndex=0, commits[3c53ef1c-b6f6-452f-9d00-f37e19e3dc93:c18, b336e002-869c-4cc6-9928-d81b64790b84:c16, 30545f38-8e82-400b-a19e-90c0bfc34e7b:c17]
18:21:28.169 [grpc-default-executor-12] ERROR DNAudit - user=null | ip=null | op=WRITE_CHUNK {blockData=conID: 1 locID: 102746951995162637 bcsId: 14} | ret=FAILURE
org.apache.hadoop.hdds.scm.container.common.helpers.ContainerNotOpenException: Container 1 in CLOSING state
	at org.apache.hadoop.ozone.container.common.impl.HddsDispatcher.validateContainerCommand(HddsDispatcher.java:408) ~[hadoop-hdds-container-service-0.5.0-SNAPSHOT.jar:?]
	at org.apache.hadoop.ozone.container.common.transport.server.ratis.ContainerStateMachine.startTransaction(ContainerStateMachine.java:310) ~[hadoop-hdds-container-service-0.5.0-SNAPSHOT.jar:?]
	at org.apache.ratis.server.impl.RaftServerImpl.submitClientRequestAsync(RaftServerImpl.java:566) ~[ratis-server-0.4.0-2337318-SNAPSHOT.jar:0.4.0-2337318-SNAPSHOT]
	at org.apache.ratis.server.impl.RaftServerProxy.lambda$submitClientRequestAsync$7(RaftServerProxy.java:333) ~[ratis-server-0.4.0-2337318-SNAPSHOT.jar:0.4.0-2337318-SNAPSHOT]
	at org.apache.ratis.server.impl.RaftServerProxy.lambda$null$5(RaftServerProxy.java:328) ~[ratis-server-0.4.0-2337318-SNAPSHOT.jar:0.4.0-2337318-SNAPSHOT]
	at org.apache.ratis.util.JavaUtils.callAsUnchecked(JavaUtils.java:109) ~[ratis-common-0.4.0-2337318-SNAPSHOT.jar:0.4.0-2337318-SNAPSHOT]
	at org.apache.ratis.server.impl.RaftServerProxy.lambda$submitRequest$6(RaftServerProxy.java:328) ~[ratis-server-0.4.0-2337318-SNAPSHOT.jar:0.4.0-2337318-SNAPSHOT]
	at java.util.concurrent.CompletableFuture.uniComposeStage(CompletableFuture.java:981) ~[?:1.8.0_212]
	at java.util.concurrent.CompletableFuture.thenCompose(CompletableFuture.java:2124) ~[?:1.8.0_212]
	at org.apache.ratis.server.impl.RaftServerProxy.submitRequest(RaftServerProxy.java:327) ~[ratis-server-0.4.0-2337318-SNAPSHOT.jar:0.4.0-2337318-SNAPSHOT]
	at org.apache.ratis.server.impl.RaftServerProxy.submitClientRequestAsync(RaftServerProxy.java:333) ~[ratis-server-0.4.0-2337318-SNAPSHOT.jar:0.4.0-2337318-SNAPSHOT]
	at org.apache.ratis.grpc.client.GrpcClientProtocolService$RequestStreamObserver.processClientRequest(GrpcClientProtocolService.java:220) ~[ratis-grpc-0.4.0-2337318-SNAPSHOT.jar:0.4.0-2337318-SNAPSHOT]
	at org.apache.ratis.grpc.client.GrpcClientProtocolService$OrderedRequestStreamObserver.processClientRequest(GrpcClientProtocolService.java:326) ~[ratis-grpc-0.4.0-2337318-SNAPSHOT.jar:0.4.0-2337318-SNAPSHOT]
	at org.apache.ratis.util.SlidingWindow$Server.processRequestsFromHead(SlidingWindow.java:429) [ratis-common-0.4.0-2337318-SNAPSHOT.jar:0.4.0-2337318-SNAPSHOT]
	at org.apache.ratis.util.SlidingWindow$Server.receivedRequest(SlidingWindow.java:421) [ratis-common-0.4.0-2337318-SNAPSHOT.jar:0.4.0-2337318-SNAPSHOT]
	at org.apache.ratis.grpc.client.GrpcClientProtocolService$OrderedRequestStreamObserver.processClientRequest(GrpcClientProtocolService.java:345) [ratis-grpc-0.4.0-2337318-SNAPSHOT.jar:0.4.0-2337318-SNAPSHOT]
	at org.apache.ratis.grpc.client.GrpcClientProtocolService$RequestStreamObserver.onNext(GrpcClientProtocolService.java:240) [ratis-grpc-0.4.0-2337318-SNAPSHOT.jar:0.4.0-2337318-SNAPSHOT]
	at org.apache.ratis.grpc.client.GrpcClientProtocolService$RequestStreamObserver.onNext(GrpcClientProtocolService.java:168) [ratis-grpc-0.4.0-2337318-SNAPSHOT.jar:0.4.0-2337318-SNAPSHOT]
	at org.apache.ratis.thirdparty.io.grpc.stub.ServerCalls$StreamingServerCallHandler$StreamingServerCallListener.onMessage(ServerCalls.java:248) [ratis-thirdparty-misc-0.2.0.jar:0.2.0]
	at org.apache.ratis.thirdparty.io.grpc.internal.ServerCallImpl$ServerStreamListenerImpl.messagesAvailable(ServerCallImpl.java:263) [ratis-thirdparty-misc-0.2.0.jar:0.2.0]
	at org.apache.ratis.thirdparty.io.grpc.internal.ServerImpl$JumpToApplicationThreadServerStreamListener$1MessagesAvailable.runInContext(ServerImpl.java:686) [ratis-thirdparty-misc-0.2.0.jar:0.2.0]
	at org.apache.ratis.thirdparty.io.grpc.internal.ContextRunnable.run(ContextRunnable.java:37) [ratis-thirdparty-misc-0.2.0.jar:0.2.0]
	at org.apache.ratis.thirdparty.io.grpc.internal.SerializingExecutor.run(SerializingExecutor.java:123) [ratis-thirdparty-misc-0.2.0.jar:0.2.0]
	at java.util.concurrent.ThreadPoolExecutor.runWorker(ThreadPoolExecutor.java:1149) [?:1.8.0_212]
	at java.util.concurrent.ThreadPoolExecutor$Worker.run(ThreadPoolExecutor.java:624) [?:1.8.0_212]
	at java.lang.Thread.run(Thread.java:748) [?:1.8.0_212]
2019-09-06 18:21:28,170 [grpc-default-executor-11] INFO  client.GrpcClientProtocolClient (GrpcClientProtocolClient.java:onNext(255)) - client-3C530D2BB7CD->3c53ef1c-b6f6-452f-9d00-f37e19e3dc93: receive RaftClientReply:client-3C530D2BB7CD->3c53ef1c-b6f6-452f-9d00-f37e19e3dc93@group-4BE1F7773F85, cid=177, FAILED org.apache.ratis.protocol.StateMachineException: org.apache.hadoop.hdds.scm.container.common.helpers.ContainerNotOpenException from Server 3c53ef1c-b6f6-452f-9d00-f37e19e3dc93: Container 1 in CLOSING state, logIndex=0, commits[3c53ef1c-b6f6-452f-9d00-f37e19e3dc93:c18, b336e002-869c-4cc6-9928-d81b64790b84:c16, 30545f38-8e82-400b-a19e-90c0bfc34e7b:c17]
18:21:28.171 [grpc-default-executor-11] ERROR DNAudit - user=null | ip=null | op=WRITE_CHUNK {blockData=conID: 1 locID: 102746951995162637 bcsId: 14} | ret=FAILURE
org.apache.hadoop.hdds.scm.container.common.helpers.ContainerNotOpenException: Container 1 in CLOSING state
	at org.apache.hadoop.ozone.container.common.impl.HddsDispatcher.validateContainerCommand(HddsDispatcher.java:408) ~[hadoop-hdds-container-service-0.5.0-SNAPSHOT.jar:?]
	at org.apache.hadoop.ozone.container.common.transport.server.ratis.ContainerStateMachine.startTransaction(ContainerStateMachine.java:310) ~[hadoop-hdds-container-service-0.5.0-SNAPSHOT.jar:?]
	at org.apache.ratis.server.impl.RaftServerImpl.submitClientRequestAsync(RaftServerImpl.java:566) ~[ratis-server-0.4.0-2337318-SNAPSHOT.jar:0.4.0-2337318-SNAPSHOT]
	at org.apache.ratis.server.impl.RaftServerProxy.lambda$submitClientRequestAsync$7(RaftServerProxy.java:333) ~[ratis-server-0.4.0-2337318-SNAPSHOT.jar:0.4.0-2337318-SNAPSHOT]
	at org.apache.ratis.server.impl.RaftServerProxy.lambda$null$5(RaftServerProxy.java:328) ~[ratis-server-0.4.0-2337318-SNAPSHOT.jar:0.4.0-2337318-SNAPSHOT]
	at org.apache.ratis.util.JavaUtils.callAsUnchecked(JavaUtils.java:109) ~[ratis-common-0.4.0-2337318-SNAPSHOT.jar:0.4.0-2337318-SNAPSHOT]
	at org.apache.ratis.server.impl.RaftServerProxy.lambda$submitRequest$6(RaftServerProxy.java:328) ~[ratis-server-0.4.0-2337318-SNAPSHOT.jar:0.4.0-2337318-SNAPSHOT]
	at java.util.concurrent.CompletableFuture.uniComposeStage(CompletableFuture.java:981) ~[?:1.8.0_212]
	at java.util.concurrent.CompletableFuture.thenCompose(CompletableFuture.java:2124) ~[?:1.8.0_212]
	at org.apache.ratis.server.impl.RaftServerProxy.submitRequest(RaftServerProxy.java:327) ~[ratis-server-0.4.0-2337318-SNAPSHOT.jar:0.4.0-2337318-SNAPSHOT]
	at org.apache.ratis.server.impl.RaftServerProxy.submitClientRequestAsync(RaftServerProxy.java:333) ~[ratis-server-0.4.0-2337318-SNAPSHOT.jar:0.4.0-2337318-SNAPSHOT]
	at org.apache.ratis.grpc.client.GrpcClientProtocolService$RequestStreamObserver.processClientRequest(GrpcClientProtocolService.java:220) ~[ratis-grpc-0.4.0-2337318-SNAPSHOT.jar:0.4.0-2337318-SNAPSHOT]
	at org.apache.ratis.grpc.client.GrpcClientProtocolService$OrderedRequestStreamObserver.processClientRequest(GrpcClientProtocolService.java:326) ~[ratis-grpc-0.4.0-2337318-SNAPSHOT.jar:0.4.0-2337318-SNAPSHOT]
	at org.apache.ratis.util.SlidingWindow$Server.processRequestsFromHead(SlidingWindow.java:429) [ratis-common-0.4.0-2337318-SNAPSHOT.jar:0.4.0-2337318-SNAPSHOT]
	at org.apache.ratis.util.SlidingWindow$Server.receivedRequest(SlidingWindow.java:421) [ratis-common-0.4.0-2337318-SNAPSHOT.jar:0.4.0-2337318-SNAPSHOT]
	at org.apache.ratis.grpc.client.GrpcClientProtocolService$OrderedRequestStreamObserver.processClientRequest(GrpcClientProtocolService.java:345) [ratis-grpc-0.4.0-2337318-SNAPSHOT.jar:0.4.0-2337318-SNAPSHOT]
	at org.apache.ratis.grpc.client.GrpcClientProtocolService$RequestStreamObserver.onNext(GrpcClientProtocolService.java:240) [ratis-grpc-0.4.0-2337318-SNAPSHOT.jar:0.4.0-2337318-SNAPSHOT]
	at org.apache.ratis.grpc.client.GrpcClientProtocolService$RequestStreamObserver.onNext(GrpcClientProtocolService.java:168) [ratis-grpc-0.4.0-2337318-SNAPSHOT.jar:0.4.0-2337318-SNAPSHOT]
	at org.apache.ratis.thirdparty.io.grpc.stub.ServerCalls$StreamingServerCallHandler$StreamingServerCallListener.onMessage(ServerCalls.java:248) [ratis-thirdparty-misc-0.2.0.jar:0.2.0]
	at org.apache.ratis.thirdparty.io.grpc.internal.ServerCallImpl$ServerStreamListenerImpl.messagesAvailable(ServerCallImpl.java:263) [ratis-thirdparty-misc-0.2.0.jar:0.2.0]
	at org.apache.ratis.thirdparty.io.grpc.internal.ServerImpl$JumpToApplicationThreadServerStreamListener$1MessagesAvailable.runInContext(ServerImpl.java:686) [ratis-thirdparty-misc-0.2.0.jar:0.2.0]
	at org.apache.ratis.thirdparty.io.grpc.internal.ContextRunnable.run(ContextRunnable.java:37) [ratis-thirdparty-misc-0.2.0.jar:0.2.0]
	at org.apache.ratis.thirdparty.io.grpc.internal.SerializingExecutor.run(SerializingExecutor.java:123) [ratis-thirdparty-misc-0.2.0.jar:0.2.0]
	at java.util.concurrent.ThreadPoolExecutor.runWorker(ThreadPoolExecutor.java:1149) [?:1.8.0_212]
	at java.util.concurrent.ThreadPoolExecutor$Worker.run(ThreadPoolExecutor.java:624) [?:1.8.0_212]
	at java.lang.Thread.run(Thread.java:748) [?:1.8.0_212]
2019-09-06 18:21:28,181 [grpc-default-executor-12] INFO  client.GrpcClientProtocolClient (GrpcClientProtocolClient.java:onNext(255)) - client-3C530D2BB7CD->3c53ef1c-b6f6-452f-9d00-f37e19e3dc93: receive RaftClientReply:client-3C530D2BB7CD->3c53ef1c-b6f6-452f-9d00-f37e19e3dc93@group-4BE1F7773F85, cid=178, FAILED org.apache.ratis.protocol.StateMachineException: org.apache.hadoop.hdds.scm.container.common.helpers.ContainerNotOpenException from Server 3c53ef1c-b6f6-452f-9d00-f37e19e3dc93: Container 1 in CLOSING state, logIndex=0, commits[3c53ef1c-b6f6-452f-9d00-f37e19e3dc93:c18, b336e002-869c-4cc6-9928-d81b64790b84:c16, 30545f38-8e82-400b-a19e-90c0bfc34e7b:c17]
2019-09-06 18:21:28,183 [grpc-default-executor-12] INFO  client.GrpcClientProtocolClient (GrpcClientProtocolClient.java:onNext(255)) - client-3C530D2BB7CD->3c53ef1c-b6f6-452f-9d00-f37e19e3dc93: receive RaftClientReply:client-3C530D2BB7CD->3c53ef1c-b6f6-452f-9d00-f37e19e3dc93@group-4BE1F7773F85, cid=179, FAILED org.apache.ratis.protocol.StateMachineException: org.apache.hadoop.hdds.scm.container.common.helpers.ContainerNotOpenException from Server 3c53ef1c-b6f6-452f-9d00-f37e19e3dc93: Container 1 in CLOSING state, logIndex=0, commits[3c53ef1c-b6f6-452f-9d00-f37e19e3dc93:c18, b336e002-869c-4cc6-9928-d81b64790b84:c16, 30545f38-8e82-400b-a19e-90c0bfc34e7b:c17]
18:21:28.182 [grpc-default-executor-11] ERROR DNAudit - user=null | ip=null | op=PUT_BLOCK {blockData=[blockId=conID: 1 locID: 102746951995162637 bcsId: 0,size=800]} | ret=FAILURE
org.apache.hadoop.hdds.scm.container.common.helpers.ContainerNotOpenException: Container 1 in CLOSING state
	at org.apache.hadoop.ozone.container.common.impl.HddsDispatcher.validateContainerCommand(HddsDispatcher.java:408) ~[hadoop-hdds-container-service-0.5.0-SNAPSHOT.jar:?]
	at org.apache.hadoop.ozone.container.common.transport.server.ratis.ContainerStateMachine.startTransaction(ContainerStateMachine.java:310) ~[hadoop-hdds-container-service-0.5.0-SNAPSHOT.jar:?]
	at org.apache.ratis.server.impl.RaftServerImpl.submitClientRequestAsync(RaftServerImpl.java:566) ~[ratis-server-0.4.0-2337318-SNAPSHOT.jar:0.4.0-2337318-SNAPSHOT]
	at org.apache.ratis.server.impl.RaftServerProxy.lambda$submitClientRequestAsync$7(RaftServerProxy.java:333) ~[ratis-server-0.4.0-2337318-SNAPSHOT.jar:0.4.0-2337318-SNAPSHOT]
	at org.apache.ratis.server.impl.RaftServerProxy.lambda$null$5(RaftServerProxy.java:328) ~[ratis-server-0.4.0-2337318-SNAPSHOT.jar:0.4.0-2337318-SNAPSHOT]
	at org.apache.ratis.util.JavaUtils.callAsUnchecked(JavaUtils.java:109) ~[ratis-common-0.4.0-2337318-SNAPSHOT.jar:0.4.0-2337318-SNAPSHOT]
	at org.apache.ratis.server.impl.RaftServerProxy.lambda$submitRequest$6(RaftServerProxy.java:328) ~[ratis-server-0.4.0-2337318-SNAPSHOT.jar:0.4.0-2337318-SNAPSHOT]
	at java.util.concurrent.CompletableFuture.uniComposeStage(CompletableFuture.java:981) ~[?:1.8.0_212]
	at java.util.concurrent.CompletableFuture.thenCompose(CompletableFuture.java:2124) ~[?:1.8.0_212]
	at org.apache.ratis.server.impl.RaftServerProxy.submitRequest(RaftServerProxy.java:327) ~[ratis-server-0.4.0-2337318-SNAPSHOT.jar:0.4.0-2337318-SNAPSHOT]
	at org.apache.ratis.server.impl.RaftServerProxy.submitClientRequestAsync(RaftServerProxy.java:333) ~[ratis-server-0.4.0-2337318-SNAPSHOT.jar:0.4.0-2337318-SNAPSHOT]
	at org.apache.ratis.grpc.client.GrpcClientProtocolService$RequestStreamObserver.processClientRequest(GrpcClientProtocolService.java:220) ~[ratis-grpc-0.4.0-2337318-SNAPSHOT.jar:0.4.0-2337318-SNAPSHOT]
	at org.apache.ratis.grpc.client.GrpcClientProtocolService$OrderedRequestStreamObserver.processClientRequest(GrpcClientProtocolService.java:326) ~[ratis-grpc-0.4.0-2337318-SNAPSHOT.jar:0.4.0-2337318-SNAPSHOT]
	at org.apache.ratis.util.SlidingWindow$Server.processRequestsFromHead(SlidingWindow.java:429) [ratis-common-0.4.0-2337318-SNAPSHOT.jar:0.4.0-2337318-SNAPSHOT]
	at org.apache.ratis.util.SlidingWindow$Server.receivedRequest(SlidingWindow.java:421) [ratis-common-0.4.0-2337318-SNAPSHOT.jar:0.4.0-2337318-SNAPSHOT]
	at org.apache.ratis.grpc.client.GrpcClientProtocolService$OrderedRequestStreamObserver.processClientRequest(GrpcClientProtocolService.java:345) [ratis-grpc-0.4.0-2337318-SNAPSHOT.jar:0.4.0-2337318-SNAPSHOT]
	at org.apache.ratis.grpc.client.GrpcClientProtocolService$RequestStreamObserver.onNext(GrpcClientProtocolService.java:240) [ratis-grpc-0.4.0-2337318-SNAPSHOT.jar:0.4.0-2337318-SNAPSHOT]
	at org.apache.ratis.grpc.client.GrpcClientProtocolService$RequestStreamObserver.onNext(GrpcClientProtocolService.java:168) [ratis-grpc-0.4.0-2337318-SNAPSHOT.jar:0.4.0-2337318-SNAPSHOT]
	at org.apache.ratis.thirdparty.io.grpc.stub.ServerCalls$StreamingServerCallHandler$StreamingServerCallListener.onMessage(ServerCalls.java:248) [ratis-thirdparty-misc-0.2.0.jar:0.2.0]
	at org.apache.ratis.thirdparty.io.grpc.internal.ServerCallImpl$ServerStreamListenerImpl.messagesAvailable(ServerCallImpl.java:263) [ratis-thirdparty-misc-0.2.0.jar:0.2.0]
	at org.apache.ratis.thirdparty.io.grpc.internal.ServerImpl$JumpToApplicationThreadServerStreamListener$1MessagesAvailable.runInContext(ServerImpl.java:686) [ratis-thirdparty-misc-0.2.0.jar:0.2.0]
	at org.apache.ratis.thirdparty.io.grpc.internal.ContextRunnable.run(ContextRunnable.java:37) [ratis-thirdparty-misc-0.2.0.jar:0.2.0]
	at org.apache.ratis.thirdparty.io.grpc.internal.SerializingExecutor.run(SerializingExecutor.java:123) [ratis-thirdparty-misc-0.2.0.jar:0.2.0]
	at java.util.concurrent.ThreadPoolExecutor.runWorker(ThreadPoolExecutor.java:1149) [?:1.8.0_212]
	at java.util.concurrent.ThreadPoolExecutor$Worker.run(ThreadPoolExecutor.java:624) [?:1.8.0_212]
	at java.lang.Thread.run(Thread.java:748) [?:1.8.0_212]
2019-09-06 18:21:28,189 [grpc-default-executor-11] INFO  client.GrpcClientProtocolClient (GrpcClientProtocolClient.java:onNext(255)) - client-3C530D2BB7CD->3c53ef1c-b6f6-452f-9d00-f37e19e3dc93: receive RaftClientReply:client-3C530D2BB7CD->3c53ef1c-b6f6-452f-9d00-f37e19e3dc93@group-4BE1F7773F85, cid=180, FAILED org.apache.ratis.protocol.StateMachineException: org.apache.hadoop.hdds.scm.container.common.helpers.ContainerNotOpenException from Server 3c53ef1c-b6f6-452f-9d00-f37e19e3dc93: Container 1 in CLOSING state, logIndex=0, commits[3c53ef1c-b6f6-452f-9d00-f37e19e3dc93:c18, b336e002-869c-4cc6-9928-d81b64790b84:c16, 30545f38-8e82-400b-a19e-90c0bfc34e7b:c17]
2019-09-06 18:21:28,232 [grpc-default-executor-11] INFO  client.GrpcClientProtocolClient (GrpcClientProtocolClient.java:onNext(255)) - client-AD92AD2A016E->a54807b1-ebdd-43a3-bb40-59a7287becce: receive RaftClientReply:client-AD92AD2A016E->a54807b1-ebdd-43a3-bb40-59a7287becce@group-12093C56007D, cid=181, FAILED org.apache.ratis.protocol.NotLeaderException: Server a54807b1-ebdd-43a3-bb40-59a7287becce is not the leader (5c21979b-2b81-49da-a086-daeec3e37e90:192.168.69.114:41233). Request must be sent to leader., logIndex=0, commits[a54807b1-ebdd-43a3-bb40-59a7287becce:c0, 5c21979b-2b81-49da-a086-daeec3e37e90:c0, 1a3a3faf-6a54-403e-ab13-05cc39e05f75:c0]
2019-09-06 18:21:28,465 [grpc-default-executor-8] INFO  client.GrpcClientProtocolClient (GrpcClientProtocolClient.java:onNext(255)) - client-AD92AD2A016E->5c21979b-2b81-49da-a086-daeec3e37e90: receive RaftClientReply:client-AD92AD2A016E->5c21979b-2b81-49da-a086-daeec3e37e90@group-12093C56007D, cid=181, SUCCESS, logIndex=1, commits[5c21979b-2b81-49da-a086-daeec3e37e90:c1, 1a3a3faf-6a54-403e-ab13-05cc39e05f75:c0, a54807b1-ebdd-43a3-bb40-59a7287becce:c0]
2019-09-06 18:21:28,501 [grpc-default-executor-12] INFO  client.GrpcClientProtocolClient (GrpcClientProtocolClient.java:onNext(255)) - client-AD92AD2A016E->5c21979b-2b81-49da-a086-daeec3e37e90: receive RaftClientReply:client-AD92AD2A016E->5c21979b-2b81-49da-a086-daeec3e37e90@group-12093C56007D, cid=182, SUCCESS, logIndex=3, commits[5c21979b-2b81-49da-a086-daeec3e37e90:c7, 1a3a3faf-6a54-403e-ab13-05cc39e05f75:c1, a54807b1-ebdd-43a3-bb40-59a7287becce:c2]
2019-09-06 18:21:28,569 [grpc-default-executor-12] INFO  client.GrpcClientProtocolClient (GrpcClientProtocolClient.java:onNext(255)) - client-AD92AD2A016E->5c21979b-2b81-49da-a086-daeec3e37e90: receive RaftClientReply:client-AD92AD2A016E->5c21979b-2b81-49da-a086-daeec3e37e90@group-12093C56007D, cid=183, SUCCESS, logIndex=4, commits[5c21979b-2b81-49da-a086-daeec3e37e90:c9, 1a3a3faf-6a54-403e-ab13-05cc39e05f75:c7, a54807b1-ebdd-43a3-bb40-59a7287becce:c7]
2019-09-06 18:21:28,574 [grpc-default-executor-12] INFO  client.GrpcClientProtocolClient (GrpcClientProtocolClient.java:onNext(255)) - client-AD92AD2A016E->5c21979b-2b81-49da-a086-daeec3e37e90: receive RaftClientReply:client-AD92AD2A016E->5c21979b-2b81-49da-a086-daeec3e37e90@group-12093C56007D, cid=184, SUCCESS, logIndex=5, commits[5c21979b-2b81-49da-a086-daeec3e37e90:c9, 1a3a3faf-6a54-403e-ab13-05cc39e05f75:c7, a54807b1-ebdd-43a3-bb40-59a7287becce:c7]
2019-09-06 18:21:28,575 [grpc-default-executor-12] INFO  client.GrpcClientProtocolClient (GrpcClientProtocolClient.java:onNext(255)) - client-AD92AD2A016E->5c21979b-2b81-49da-a086-daeec3e37e90: receive RaftClientReply:client-AD92AD2A016E->5c21979b-2b81-49da-a086-daeec3e37e90@group-12093C56007D, cid=185, SUCCESS, logIndex=6, commits[5c21979b-2b81-49da-a086-daeec3e37e90:c9, 1a3a3faf-6a54-403e-ab13-05cc39e05f75:c7, a54807b1-ebdd-43a3-bb40-59a7287becce:c7]
2019-09-06 18:21:28,717 [grpc-default-executor-12] INFO  client.GrpcClientProtocolClient (GrpcClientProtocolClient.java:onNext(255)) - client-AD92AD2A016E->5c21979b-2b81-49da-a086-daeec3e37e90: receive RaftClientReply:client-AD92AD2A016E->5c21979b-2b81-49da-a086-daeec3e37e90@group-12093C56007D, cid=186, SUCCESS, logIndex=7, commits[5c21979b-2b81-49da-a086-daeec3e37e90:c9, 1a3a3faf-6a54-403e-ab13-05cc39e05f75:c7, a54807b1-ebdd-43a3-bb40-59a7287becce:c7]
2019-09-06 18:21:28,752 [grpc-default-executor-12] INFO  client.GrpcClientProtocolClient (GrpcClientProtocolClient.java:onNext(255)) - client-AD92AD2A016E->5c21979b-2b81-49da-a086-daeec3e37e90: receive RaftClientReply:client-AD92AD2A016E->5c21979b-2b81-49da-a086-daeec3e37e90@group-12093C56007D, cid=187, SUCCESS, logIndex=10, commits[5c21979b-2b81-49da-a086-daeec3e37e90:c11, 1a3a3faf-6a54-403e-ab13-05cc39e05f75:c9, a54807b1-ebdd-43a3-bb40-59a7287becce:c9]
2019-09-06 18:21:28,753 [grpc-default-executor-12] INFO  client.GrpcClientProtocolClient (GrpcClientProtocolClient.java:onNext(255)) - client-AD92AD2A016E->5c21979b-2b81-49da-a086-daeec3e37e90: receive RaftClientReply:client-AD92AD2A016E->5c21979b-2b81-49da-a086-daeec3e37e90@group-12093C56007D, cid=188, SUCCESS, logIndex=11, commits[5c21979b-2b81-49da-a086-daeec3e37e90:c11, 1a3a3faf-6a54-403e-ab13-05cc39e05f75:c9, a54807b1-ebdd-43a3-bb40-59a7287becce:c9]
2019-09-06 18:21:28,766 [grpc-default-executor-12] INFO  client.GrpcClientProtocolClient (GrpcClientProtocolClient.java:onNext(255)) - client-AD92AD2A016E->5c21979b-2b81-49da-a086-daeec3e37e90: receive RaftClientReply:client-AD92AD2A016E->5c21979b-2b81-49da-a086-daeec3e37e90@group-12093C56007D, cid=189, SUCCESS, logIndex=0, commits[5c21979b-2b81-49da-a086-daeec3e37e90:c12, 1a3a3faf-6a54-403e-ab13-05cc39e05f75:c11, a54807b1-ebdd-43a3-bb40-59a7287becce:c11]
2019-09-06 18:21:28,767 [main] INFO  ozone.MiniOzoneClusterImpl (MiniOzoneClusterImpl.java:shutdown(307)) - Shutting down the Mini Ozone Cluster
2019-09-06 18:21:28,767 [main] INFO  ozone.MiniOzoneClusterImpl (MiniOzoneClusterImpl.java:stop(322)) - Stopping the Mini Ozone Cluster
2019-09-06 18:21:28,767 [main] INFO  ozone.MiniOzoneClusterImpl (MiniOzoneClusterImpl.java:stop(324)) - Stopping the OzoneManager
2019-09-06 18:21:28,767 [main] INFO  ipc.Server (Server.java:stop(3082)) - Stopping server on 45355
2019-09-06 18:21:28,774 [IPC Server listener on 45355] INFO  ipc.Server (Server.java:run(1185)) - Stopping IPC Server listener on 45355
2019-09-06 18:21:28,776 [IPC Server Responder] INFO  ipc.Server (Server.java:run(1319)) - Stopping IPC Server Responder
2019-09-06 18:21:28,774 [main] INFO  ratis.OzoneManagerDoubleBuffer (OzoneManagerDoubleBuffer.java:stop(248)) - Stopping OMDoubleBuffer flush thread
2019-09-06 18:21:28,783 [OMDoubleBufferFlushThread] INFO  ratis.OzoneManagerDoubleBuffer (OzoneManagerDoubleBuffer.java:flushTransactions(191)) - OMDoubleBuffer flush thread OMDoubleBufferFlushThread is interrupted and will exit. OMDoubleBufferFlushThread
2019-09-06 18:21:28,789 [main] INFO  utils.BackgroundService (BackgroundService.java:shutdown(148)) - Shutting down service KeyDeletingService
2019-09-06 18:21:28,801 [main] INFO  handler.ContextHandler (ContextHandler.java:doStop(910)) - Stopped o.e.j.w.WebAppContext@34136bd1{/,null,UNAVAILABLE}{/ozoneManager}
2019-09-06 18:21:28,802 [main] INFO  server.AbstractConnector (AbstractConnector.java:doStop(318)) - Stopped ServerConnector@6de7778f{HTTP/1.1,[http/1.1]}{0.0.0.0:0}
2019-09-06 18:21:28,802 [main] INFO  handler.ContextHandler (ContextHandler.java:doStop(910)) - Stopped o.e.j.s.ServletContextHandler@7e7740a5{/static,file:///workdir/hadoop-ozone/integration-test/target/test-classes/webapps/static,UNAVAILABLE}
2019-09-06 18:21:28,803 [main] INFO  handler.ContextHandler (ContextHandler.java:doStop(910)) - Stopped o.e.j.s.ServletContextHandler@515ab3f2{/logs,file:///workdir/hadoop-ozone/integration-test/target/log,UNAVAILABLE}
2019-09-06 18:21:28,805 [main] INFO  ozone.MiniOzoneClusterImpl (MiniOzoneClusterImpl.java:stop(330)) - Shutting the HddsDatanodes
2019-09-06 18:21:29,440 [Datanode State Machine Thread - 0] INFO  statemachine.DatanodeStateMachine (DatanodeStateMachine.java:lambda$startDaemon$0(350)) - Ozone container server started.
2019-09-06 18:21:29,601 [Datanode State Machine Thread - 0] INFO  statemachine.DatanodeStateMachine (DatanodeStateMachine.java:lambda$startDaemon$0(350)) - Ozone container server started.
2019-09-06 18:21:29,992 [grpc-default-executor-12] WARN  server.GrpcLogAppender (LogUtils.java:warn(134)) - 3c53ef1c-b6f6-452f-9d00-f37e19e3dc93->b336e002-869c-4cc6-9928-d81b64790b84: Failed appendEntries: org.apache.ratis.thirdparty.io.grpc.StatusRuntimeException: UNAVAILABLE: io exception
2019-09-06 18:21:29,992 [grpc-default-executor-12] INFO  impl.FollowerInfo (FollowerInfo.java:lambda$new$0(50)) - 3c53ef1c-b6f6-452f-9d00-f37e19e3dc93->b336e002-869c-4cc6-9928-d81b64790b84: nextIndex: updateUnconditionally 1 -> 0
2019-09-06 18:21:32,492 [grpc-default-executor-8] WARN  server.GrpcLogAppender (LogUtils.java:warn(134)) - 3c53ef1c-b6f6-452f-9d00-f37e19e3dc93->b336e002-869c-4cc6-9928-d81b64790b84: Failed appendEntries: org.apache.ratis.thirdparty.io.grpc.StatusRuntimeException: UNAVAILABLE: io exception
2019-09-06 18:21:32,493 [grpc-default-executor-8] INFO  impl.FollowerInfo (FollowerInfo.java:lambda$new$0(50)) - 3c53ef1c-b6f6-452f-9d00-f37e19e3dc93->b336e002-869c-4cc6-9928-d81b64790b84: nextIndex: updateUnconditionally 0 -> 0
2019-09-06 18:21:33,482 [EventQueue-StaleNodeForStaleNodeHandler] INFO  node.StaleNodeHandler (StaleNodeHandler.java:onMessage(58)) - Datanode a54807b1-ebdd-43a3-bb40-59a7287becce{ip: 192.168.69.114, host: pr-hdds-2087-fz2qp-2282948163, networkLocation: /default-rack, certSerialId: null} moved to stale state. Finalizing its pipelines [PipelineID=e3d10d9c-3e4e-4143-a113-12093c56007d, PipelineID=979b811b-fbe9-4d00-bbfd-805c01d12d96]
2019-09-06 18:21:33,482 [EventQueue-StaleNodeForStaleNodeHandler] INFO  pipeline.SCMPipelineManager (SCMPipelineManager.java:finalizeAndDestroyPipeline(311)) - destroying pipeline:Pipeline[ Id: e3d10d9c-3e4e-4143-a113-12093c56007d, Nodes: a54807b1-ebdd-43a3-bb40-59a7287becce{ip: 192.168.69.114, host: pr-hdds-2087-fz2qp-2282948163, networkLocation: /default-rack, certSerialId: null}1a3a3faf-6a54-403e-ab13-05cc39e05f75{ip: 192.168.69.114, host: pr-hdds-2087-fz2qp-2282948163, networkLocation: /default-rack, certSerialId: null}5c21979b-2b81-49da-a086-daeec3e37e90{ip: 192.168.69.114, host: pr-hdds-2087-fz2qp-2282948163, networkLocation: /default-rack, certSerialId: null}, Type:RATIS, Factor:THREE, State:OPEN]
2019-09-06 18:21:33,483 [EventQueue-StaleNodeForStaleNodeHandler] INFO  pipeline.PipelineStateManager (PipelineStateManager.java:finalizePipeline(123)) - Pipeline Pipeline[ Id: e3d10d9c-3e4e-4143-a113-12093c56007d, Nodes: a54807b1-ebdd-43a3-bb40-59a7287becce{ip: 192.168.69.114, host: pr-hdds-2087-fz2qp-2282948163, networkLocation: /default-rack, certSerialId: null}1a3a3faf-6a54-403e-ab13-05cc39e05f75{ip: 192.168.69.114, host: pr-hdds-2087-fz2qp-2282948163, networkLocation: /default-rack, certSerialId: null}5c21979b-2b81-49da-a086-daeec3e37e90{ip: 192.168.69.114, host: pr-hdds-2087-fz2qp-2282948163, networkLocation: /default-rack, certSerialId: null}, Type:RATIS, Factor:THREE, State:CLOSED] moved to CLOSED state
2019-09-06 18:21:33,483 [EventQueue-CloseContainerForCloseContainerEventHandler] INFO  container.CloseContainerEventHandler (CloseContainerEventHandler.java:onMessage(61)) - Close container Event triggered for container : #2
2019-09-06 18:21:33,483 [EventQueue-StaleNodeForStaleNodeHandler] INFO  pipeline.SCMPipelineManager (SCMPipelineManager.java:finalizeAndDestroyPipeline(311)) - destroying pipeline:Pipeline[ Id: 979b811b-fbe9-4d00-bbfd-805c01d12d96, Nodes: a54807b1-ebdd-43a3-bb40-59a7287becce{ip: 192.168.69.114, host: pr-hdds-2087-fz2qp-2282948163, networkLocation: /default-rack, certSerialId: null}, Type:RATIS, Factor:ONE, State:OPEN]
2019-09-06 18:21:33,484 [EventQueue-StaleNodeForStaleNodeHandler] INFO  pipeline.PipelineStateManager (PipelineStateManager.java:finalizePipeline(123)) - Pipeline Pipeline[ Id: 979b811b-fbe9-4d00-bbfd-805c01d12d96, Nodes: a54807b1-ebdd-43a3-bb40-59a7287becce{ip: 192.168.69.114, host: pr-hdds-2087-fz2qp-2282948163, networkLocation: /default-rack, certSerialId: null}, Type:RATIS, Factor:ONE, State:CLOSED] moved to CLOSED state
2019-09-06 18:21:33,683 [EventQueue-StaleNodeForStaleNodeHandler] INFO  node.StaleNodeHandler (StaleNodeHandler.java:onMessage(58)) - Datanode 30545f38-8e82-400b-a19e-90c0bfc34e7b{ip: 192.168.69.114, host: pr-hdds-2087-fz2qp-2282948163, networkLocation: /default-rack, certSerialId: null} moved to stale state. Finalizing its pipelines [PipelineID=18ec4da0-4c03-45e0-b12b-2adeb32b7081, PipelineID=5e626beb-1dea-46b2-92eb-4be1f7773f85]
2019-09-06 18:21:33,683 [EventQueue-StaleNodeForStaleNodeHandler] INFO  pipeline.SCMPipelineManager (SCMPipelineManager.java:finalizeAndDestroyPipeline(311)) - destroying pipeline:Pipeline[ Id: 18ec4da0-4c03-45e0-b12b-2adeb32b7081, Nodes: 30545f38-8e82-400b-a19e-90c0bfc34e7b{ip: 192.168.69.114, host: pr-hdds-2087-fz2qp-2282948163, networkLocation: /default-rack, certSerialId: null}, Type:RATIS, Factor:ONE, State:OPEN]
2019-09-06 18:21:33,683 [EventQueue-StaleNodeForStaleNodeHandler] INFO  pipeline.PipelineStateManager (PipelineStateManager.java:finalizePipeline(123)) - Pipeline Pipeline[ Id: 18ec4da0-4c03-45e0-b12b-2adeb32b7081, Nodes: 30545f38-8e82-400b-a19e-90c0bfc34e7b{ip: 192.168.69.114, host: pr-hdds-2087-fz2qp-2282948163, networkLocation: /default-rack, certSerialId: null}, Type:RATIS, Factor:ONE, State:CLOSED] moved to CLOSED state
2019-09-06 18:21:33,683 [EventQueue-StaleNodeForStaleNodeHandler] INFO  pipeline.SCMPipelineManager (SCMPipelineManager.java:finalizeAndDestroyPipeline(311)) - destroying pipeline:Pipeline[ Id: 5e626beb-1dea-46b2-92eb-4be1f7773f85, Nodes: b336e002-869c-4cc6-9928-d81b64790b84{ip: 192.168.69.114, host: pr-hdds-2087-fz2qp-2282948163, networkLocation: /default-rack, certSerialId: null}30545f38-8e82-400b-a19e-90c0bfc34e7b{ip: 192.168.69.114, host: pr-hdds-2087-fz2qp-2282948163, networkLocation: /default-rack, certSerialId: null}3c53ef1c-b6f6-452f-9d00-f37e19e3dc93{ip: 192.168.69.114, host: pr-hdds-2087-fz2qp-2282948163, networkLocation: /default-rack, certSerialId: null}, Type:RATIS, Factor:THREE, State:CLOSED]
2019-09-06 18:21:33,806 [main] INFO  ozoneimpl.OzoneContainer (OzoneContainer.java:stop(230)) - Attempting to stop container services.
2019-09-06 18:21:33,806 [ForkJoinPool.commonPool-worker-1] INFO  ozoneimpl.OzoneContainer (OzoneContainer.java:stop(230)) - Attempting to stop container services.
2019-09-06 18:21:33,806 [main] INFO  impl.RaftServerProxy (RaftServerProxy.java:lambda$close$4(314)) - a54807b1-ebdd-43a3-bb40-59a7287becce: close
2019-09-06 18:21:33,807 [ForkJoinPool.commonPool-worker-1] INFO  impl.RaftServerProxy (RaftServerProxy.java:lambda$close$4(314)) - 30545f38-8e82-400b-a19e-90c0bfc34e7b: close
2019-09-06 18:21:33,807 [main] INFO  impl.RaftServerImpl (RaftServerImpl.java:lambda$shutdown$3(245)) - a54807b1-ebdd-43a3-bb40-59a7287becce: shutdown group-12093C56007D
2019-09-06 18:21:33,807 [ForkJoinPool.commonPool-worker-1] INFO  impl.RaftServerImpl (RaftServerImpl.java:lambda$shutdown$3(245)) - 30545f38-8e82-400b-a19e-90c0bfc34e7b: shutdown group-2ADEB32B7081
2019-09-06 18:21:33,808 [main] INFO  util.JmxRegister (JmxRegister.java:unregister(73)) - Successfully un-registered JMX Bean with object name Ratis:service=RaftServer,group=group-12093C56007D,id=a54807b1-ebdd-43a3-bb40-59a7287becce
2019-09-06 18:21:33,808 [ForkJoinPool.commonPool-worker-1] INFO  util.JmxRegister (JmxRegister.java:unregister(73)) - Successfully un-registered JMX Bean with object name Ratis:service=RaftServer,group=group-2ADEB32B7081,id=30545f38-8e82-400b-a19e-90c0bfc34e7b
2019-09-06 18:21:33,808 [main] INFO  impl.RoleInfo (RoleInfo.java:shutdownFollowerState(121)) - a54807b1-ebdd-43a3-bb40-59a7287becce: shutdown FollowerState
2019-09-06 18:21:33,808 [ForkJoinPool.commonPool-worker-1] INFO  impl.RoleInfo (RoleInfo.java:shutdownLeaderState(104)) - 30545f38-8e82-400b-a19e-90c0bfc34e7b: shutdown LeaderState
2019-09-06 18:21:33,809 [Thread-3705] INFO  impl.FollowerState (FollowerState.java:run(114)) - a54807b1-ebdd-43a3-bb40-59a7287becce: FollowerState was interrupted: java.lang.InterruptedException: sleep interrupted
2019-09-06 18:21:33,809 [StateMachineUpdater:a54807b1-ebdd-43a3-bb40-59a7287becce:group-12093C56007D] INFO  ratis.ContainerStateMachine (ContainerStateMachine.java:takeSnapshot(284)) - group-12093C56007D: Taking a snapshot at:(t:2, i:11) file /workdir/hadoop-ozone/integration-test/target/test-dir/MiniOzoneClusterImpl-df485bfa-7c5b-4a27-b9f2-b5a858908c51/datanode-4/data/ratis/e3d10d9c-3e4e-4143-a113-12093c56007d/sm/snapshot.2_11
2019-09-06 18:21:33,809 [main] INFO  impl.StateMachineUpdater (StateMachineUpdater.java:stopAndJoin(115)) - StateMachineUpdater:a54807b1-ebdd-43a3-bb40-59a7287becce:group-12093C56007D: set stopIndex = 13
2019-09-06 18:21:33,809 [ForkJoinPool.commonPool-worker-1] INFO  impl.PendingRequests (PendingRequests.java:sendNotLeaderResponses(202)) - 30545f38-8e82-400b-a19e-90c0bfc34e7b-PendingRequests: sendNotLeaderResponses
2019-09-06 18:21:33,813 [ForkJoinPool.commonPool-worker-1] INFO  impl.StateMachineUpdater (StateMachineUpdater.java:stopAndJoin(115)) - StateMachineUpdater:30545f38-8e82-400b-a19e-90c0bfc34e7b:group-2ADEB32B7081: set stopIndex = 0
2019-09-06 18:21:33,813 [ForkJoinPool.commonPool-worker-1] INFO  impl.RaftServerImpl (ServerState.java:close(394)) - 30545f38-8e82-400b-a19e-90c0bfc34e7b:group-2ADEB32B7081 closes. The last applied log index is 0
2019-09-06 18:21:33,814 [30545f38-8e82-400b-a19e-90c0bfc34e7b-SegmentedRaftLogWorker:Storage Directory /workdir/hadoop-ozone/integration-test/target/test-dir/MiniOzoneClusterImpl-df485bfa-7c5b-4a27-b9f2-b5a858908c51/datanode-2/data/ratis/18ec4da0-4c03-45e0-b12b-2adeb32b7081] INFO  segmented.SegmentedRaftLogWorker (SegmentedRaftLogWorker.java:run(313)) - 30545f38-8e82-400b-a19e-90c0bfc34e7b-SegmentedRaftLogWorker:Storage Directory /workdir/hadoop-ozone/integration-test/target/test-dir/MiniOzoneClusterImpl-df485bfa-7c5b-4a27-b9f2-b5a858908c51/datanode-2/data/ratis/18ec4da0-4c03-45e0-b12b-2adeb32b7081 was interrupted, exiting. There are 0 tasks remaining in the queue.
2019-09-06 18:21:33,825 [ForkJoinPool.commonPool-worker-1] INFO  segmented.SegmentedRaftLogWorker (SegmentedRaftLogWorker.java:close(228)) - 30545f38-8e82-400b-a19e-90c0bfc34e7b-SegmentedRaftLogWorker:Storage Directory /workdir/hadoop-ozone/integration-test/target/test-dir/MiniOzoneClusterImpl-df485bfa-7c5b-4a27-b9f2-b5a858908c51/datanode-2/data/ratis/18ec4da0-4c03-45e0-b12b-2adeb32b7081 close()
2019-09-06 18:21:33,838 [ForkJoinPool.commonPool-worker-1] INFO  impl.RaftServerImpl (RaftServerImpl.java:lambda$shutdown$3(245)) - 30545f38-8e82-400b-a19e-90c0bfc34e7b: shutdown group-4BE1F7773F85
2019-09-06 18:21:33,838 [ForkJoinPool.commonPool-worker-1] INFO  util.JmxRegister (JmxRegister.java:unregister(73)) - Successfully un-registered JMX Bean with object name Ratis:service=RaftServer,group=group-4BE1F7773F85,id=30545f38-8e82-400b-a19e-90c0bfc34e7b
2019-09-06 18:21:33,839 [ForkJoinPool.commonPool-worker-1] INFO  impl.RoleInfo (RoleInfo.java:shutdownFollowerState(121)) - 30545f38-8e82-400b-a19e-90c0bfc34e7b: shutdown FollowerState
2019-09-06 18:21:33,839 [ForkJoinPool.commonPool-worker-1] INFO  impl.StateMachineUpdater (StateMachineUpdater.java:stopAndJoin(115)) - StateMachineUpdater:30545f38-8e82-400b-a19e-90c0bfc34e7b:group-4BE1F7773F85: set stopIndex = 18
2019-09-06 18:21:33,839 [Thread-3769] INFO  impl.FollowerState (FollowerState.java:run(114)) - 30545f38-8e82-400b-a19e-90c0bfc34e7b: FollowerState was interrupted: java.lang.InterruptedException: sleep interrupted
2019-09-06 18:21:33,839 [StateMachineUpdater:30545f38-8e82-400b-a19e-90c0bfc34e7b:group-4BE1F7773F85] INFO  ratis.ContainerStateMachine (ContainerStateMachine.java:takeSnapshot(284)) - group-4BE1F7773F85: Taking a snapshot at:(t:1, i:14) file /workdir/hadoop-ozone/integration-test/target/test-dir/MiniOzoneClusterImpl-df485bfa-7c5b-4a27-b9f2-b5a858908c51/datanode-2/data/ratis/5e626beb-1dea-46b2-92eb-4be1f7773f85/sm/snapshot.1_14
2019-09-06 18:21:33,855 [StateMachineUpdater:a54807b1-ebdd-43a3-bb40-59a7287becce:group-12093C56007D] INFO  ratis.ContainerStateMachine (ContainerStateMachine.java:takeSnapshot(295)) - group-12093C56007D: Finished taking a snapshot at:(t:2, i:11) file:/workdir/hadoop-ozone/integration-test/target/test-dir/MiniOzoneClusterImpl-df485bfa-7c5b-4a27-b9f2-b5a858908c51/datanode-4/data/ratis/e3d10d9c-3e4e-4143-a113-12093c56007d/sm/snapshot.2_11 time:45
2019-09-06 18:21:33,855 [StateMachineUpdater:a54807b1-ebdd-43a3-bb40-59a7287becce:group-12093C56007D] INFO  impl.StateMachineUpdater (StateMachineUpdater.java:takeSnapshot(242)) - StateMachineUpdater:a54807b1-ebdd-43a3-bb40-59a7287becce:group-12093C56007D: Took a snapshot at index 11
2019-09-06 18:21:33,855 [StateMachineUpdater:a54807b1-ebdd-43a3-bb40-59a7287becce:group-12093C56007D] INFO  impl.StateMachineUpdater (StateMachineUpdater.java:lambda$new$0(80)) - StateMachineUpdater:a54807b1-ebdd-43a3-bb40-59a7287becce:group-12093C56007D: snapshotIndex: updateIncreasingly -1 -> 11
2019-09-06 18:21:33,856 [main] INFO  impl.RaftServerImpl (ServerState.java:close(394)) - a54807b1-ebdd-43a3-bb40-59a7287becce:group-12093C56007D closes. The last applied log index is 13
2019-09-06 18:21:33,857 [a54807b1-ebdd-43a3-bb40-59a7287becce-SegmentedRaftLogWorker:Storage Directory /workdir/hadoop-ozone/integration-test/target/test-dir/MiniOzoneClusterImpl-df485bfa-7c5b-4a27-b9f2-b5a858908c51/datanode-4/data/ratis/e3d10d9c-3e4e-4143-a113-12093c56007d] INFO  segmented.SegmentedRaftLogWorker (SegmentedRaftLogWorker.java:run(313)) - a54807b1-ebdd-43a3-bb40-59a7287becce-SegmentedRaftLogWorker:Storage Directory /workdir/hadoop-ozone/integration-test/target/test-dir/MiniOzoneClusterImpl-df485bfa-7c5b-4a27-b9f2-b5a858908c51/datanode-4/data/ratis/e3d10d9c-3e4e-4143-a113-12093c56007d was interrupted, exiting. There are 0 tasks remaining in the queue.
2019-09-06 18:21:33,857 [main] INFO  segmented.SegmentedRaftLogWorker (SegmentedRaftLogWorker.java:close(228)) - a54807b1-ebdd-43a3-bb40-59a7287becce-SegmentedRaftLogWorker:Storage Directory /workdir/hadoop-ozone/integration-test/target/test-dir/MiniOzoneClusterImpl-df485bfa-7c5b-4a27-b9f2-b5a858908c51/datanode-4/data/ratis/e3d10d9c-3e4e-4143-a113-12093c56007d close()
2019-09-06 18:21:33,859 [main] INFO  impl.RaftServerImpl (RaftServerImpl.java:lambda$shutdown$3(245)) - a54807b1-ebdd-43a3-bb40-59a7287becce: shutdown group-805C01D12D96
2019-09-06 18:21:33,860 [main] INFO  util.JmxRegister (JmxRegister.java:unregister(73)) - Successfully un-registered JMX Bean with object name Ratis:service=RaftServer,group=group-805C01D12D96,id=a54807b1-ebdd-43a3-bb40-59a7287becce
2019-09-06 18:21:33,860 [main] INFO  impl.RoleInfo (RoleInfo.java:shutdownLeaderState(104)) - a54807b1-ebdd-43a3-bb40-59a7287becce: shutdown LeaderState
2019-09-06 18:21:33,860 [main] INFO  impl.PendingRequests (PendingRequests.java:sendNotLeaderResponses(202)) - a54807b1-ebdd-43a3-bb40-59a7287becce-PendingRequests: sendNotLeaderResponses
2019-09-06 18:21:33,861 [main] INFO  impl.StateMachineUpdater (StateMachineUpdater.java:stopAndJoin(115)) - StateMachineUpdater:a54807b1-ebdd-43a3-bb40-59a7287becce:group-805C01D12D96: set stopIndex = 0
2019-09-06 18:21:33,861 [main] INFO  impl.RaftServerImpl (ServerState.java:close(394)) - a54807b1-ebdd-43a3-bb40-59a7287becce:group-805C01D12D96 closes. The last applied log index is 0
2019-09-06 18:21:33,862 [a54807b1-ebdd-43a3-bb40-59a7287becce-SegmentedRaftLogWorker:Storage Directory /workdir/hadoop-ozone/integration-test/target/test-dir/MiniOzoneClusterImpl-df485bfa-7c5b-4a27-b9f2-b5a858908c51/datanode-4/data/ratis/979b811b-fbe9-4d00-bbfd-805c01d12d96] INFO  segmented.SegmentedRaftLogWorker (SegmentedRaftLogWorker.java:run(313)) - a54807b1-ebdd-43a3-bb40-59a7287becce-SegmentedRaftLogWorker:Storage Directory /workdir/hadoop-ozone/integration-test/target/test-dir/MiniOzoneClusterImpl-df485bfa-7c5b-4a27-b9f2-b5a858908c51/datanode-4/data/ratis/979b811b-fbe9-4d00-bbfd-805c01d12d96 was interrupted, exiting. There are 0 tasks remaining in the queue.
2019-09-06 18:21:33,862 [main] INFO  segmented.SegmentedRaftLogWorker (SegmentedRaftLogWorker.java:close(228)) - a54807b1-ebdd-43a3-bb40-59a7287becce-SegmentedRaftLogWorker:Storage Directory /workdir/hadoop-ozone/integration-test/target/test-dir/MiniOzoneClusterImpl-df485bfa-7c5b-4a27-b9f2-b5a858908c51/datanode-4/data/ratis/979b811b-fbe9-4d00-bbfd-805c01d12d96 close()
2019-09-06 18:21:33,864 [main] INFO  server.GrpcService (GrpcService.java:closeImpl(155)) - a54807b1-ebdd-43a3-bb40-59a7287becce: shutdown server with port 36294 now
2019-09-06 18:21:33,865 [grpc-default-executor-8] WARN  server.GrpcServerProtocolService (LogUtils.java:warn(134)) - a54807b1-ebdd-43a3-bb40-59a7287becce: appendEntries onError: org.apache.ratis.thirdparty.io.grpc.StatusRuntimeException: CANCELLED: cancelled before receiving half close
2019-09-06 18:21:33,865 [main] INFO  server.GrpcService (GrpcService.java:closeImpl(163)) - a54807b1-ebdd-43a3-bb40-59a7287becce: shutdown server with port 36294 successfully
2019-09-06 18:21:33,866 [grpc-default-executor-12] WARN  server.GrpcLogAppender (LogUtils.java:warn(134)) - 5c21979b-2b81-49da-a086-daeec3e37e90->a54807b1-ebdd-43a3-bb40-59a7287becce: Failed appendEntries: org.apache.ratis.thirdparty.io.grpc.StatusRuntimeException: CANCELLED: HTTP/2 error code: CANCEL
Received Rst Stream
2019-09-06 18:21:33,866 [grpc-default-executor-12] INFO  impl.FollowerInfo (FollowerInfo.java:lambda$new$0(50)) - 5c21979b-2b81-49da-a086-daeec3e37e90->a54807b1-ebdd-43a3-bb40-59a7287becce: nextIndex: updateUnconditionally 14 -> 13
2019-09-06 18:21:33,868 [StateMachineUpdater:30545f38-8e82-400b-a19e-90c0bfc34e7b:group-4BE1F7773F85] INFO  ratis.ContainerStateMachine (ContainerStateMachine.java:takeSnapshot(295)) - group-4BE1F7773F85: Finished taking a snapshot at:(t:1, i:14) file:/workdir/hadoop-ozone/integration-test/target/test-dir/MiniOzoneClusterImpl-df485bfa-7c5b-4a27-b9f2-b5a858908c51/datanode-2/data/ratis/5e626beb-1dea-46b2-92eb-4be1f7773f85/sm/snapshot.1_14 time:29
2019-09-06 18:21:33,868 [StateMachineUpdater:30545f38-8e82-400b-a19e-90c0bfc34e7b:group-4BE1F7773F85] INFO  impl.StateMachineUpdater (StateMachineUpdater.java:takeSnapshot(242)) - StateMachineUpdater:30545f38-8e82-400b-a19e-90c0bfc34e7b:group-4BE1F7773F85: Took a snapshot at index 14
2019-09-06 18:21:33,868 [StateMachineUpdater:30545f38-8e82-400b-a19e-90c0bfc34e7b:group-4BE1F7773F85] INFO  impl.StateMachineUpdater (StateMachineUpdater.java:lambda$new$0(80)) - StateMachineUpdater:30545f38-8e82-400b-a19e-90c0bfc34e7b:group-4BE1F7773F85: snapshotIndex: updateIncreasingly -1 -> 14
2019-09-06 18:21:33,868 [ForkJoinPool.commonPool-worker-1] INFO  impl.RaftServerImpl (ServerState.java:close(394)) - 30545f38-8e82-400b-a19e-90c0bfc34e7b:group-4BE1F7773F85 closes. The last applied log index is 18
2019-09-06 18:21:33,869 [refreshUsed-/workdir/hadoop-ozone/integration-test/target/test-dir/MiniOzoneClusterImpl-df485bfa-7c5b-4a27-b9f2-b5a858908c51/datanode-4/data/containers] WARN  fs.CachingGetSpaceUsed (CachingGetSpaceUsed.java:run(183)) - Thread Interrupted waiting to refresh disk information: sleep interrupted
2019-09-06 18:21:33,869 [30545f38-8e82-400b-a19e-90c0bfc34e7b-SegmentedRaftLogWorker:Storage Directory /workdir/hadoop-ozone/integration-test/target/test-dir/MiniOzoneClusterImpl-df485bfa-7c5b-4a27-b9f2-b5a858908c51/datanode-2/data/ratis/5e626beb-1dea-46b2-92eb-4be1f7773f85] INFO  segmented.SegmentedRaftLogWorker (SegmentedRaftLogWorker.java:run(313)) - 30545f38-8e82-400b-a19e-90c0bfc34e7b-SegmentedRaftLogWorker:Storage Directory /workdir/hadoop-ozone/integration-test/target/test-dir/MiniOzoneClusterImpl-df485bfa-7c5b-4a27-b9f2-b5a858908c51/datanode-2/data/ratis/5e626beb-1dea-46b2-92eb-4be1f7773f85 was interrupted, exiting. There are 0 tasks remaining in the queue.
2019-09-06 18:21:33,871 [ForkJoinPool.commonPool-worker-1] INFO  segmented.SegmentedRaftLogWorker (SegmentedRaftLogWorker.java:close(228)) - 30545f38-8e82-400b-a19e-90c0bfc34e7b-SegmentedRaftLogWorker:Storage Directory /workdir/hadoop-ozone/integration-test/target/test-dir/MiniOzoneClusterImpl-df485bfa-7c5b-4a27-b9f2-b5a858908c51/datanode-2/data/ratis/5e626beb-1dea-46b2-92eb-4be1f7773f85 close()
2019-09-06 18:21:33,873 [ForkJoinPool.commonPool-worker-1] INFO  server.GrpcService (GrpcService.java:closeImpl(155)) - 30545f38-8e82-400b-a19e-90c0bfc34e7b: shutdown server with port 32866 now
2019-09-06 18:21:33,874 [grpc-default-executor-8] WARN  server.GrpcServerProtocolService (LogUtils.java:warn(134)) - 30545f38-8e82-400b-a19e-90c0bfc34e7b: appendEntries onError: org.apache.ratis.thirdparty.io.grpc.StatusRuntimeException: CANCELLED: cancelled before receiving half close
2019-09-06 18:21:33,874 [ForkJoinPool.commonPool-worker-1] INFO  server.GrpcService (GrpcService.java:closeImpl(163)) - 30545f38-8e82-400b-a19e-90c0bfc34e7b: shutdown server with port 32866 successfully
2019-09-06 18:21:33,874 [grpc-default-executor-12] WARN  server.GrpcLogAppender (LogUtils.java:warn(134)) - 3c53ef1c-b6f6-452f-9d00-f37e19e3dc93->30545f38-8e82-400b-a19e-90c0bfc34e7b: Failed appendEntries: org.apache.ratis.thirdparty.io.grpc.StatusRuntimeException: CANCELLED: HTTP/2 error code: CANCEL
Received Rst Stream
2019-09-06 18:21:33,875 [grpc-default-executor-12] INFO  impl.FollowerInfo (FollowerInfo.java:lambda$new$0(50)) - 3c53ef1c-b6f6-452f-9d00-f37e19e3dc93->30545f38-8e82-400b-a19e-90c0bfc34e7b: nextIndex: updateUnconditionally 19 -> 18
2019-09-06 18:21:33,876 [refreshUsed-/workdir/hadoop-ozone/integration-test/target/test-dir/MiniOzoneClusterImpl-df485bfa-7c5b-4a27-b9f2-b5a858908c51/datanode-2/data/containers] WARN  fs.CachingGetSpaceUsed (CachingGetSpaceUsed.java:run(183)) - Thread Interrupted waiting to refresh disk information: sleep interrupted
2019-09-06 18:21:33,893 [ForkJoinPool.commonPool-worker-1] INFO  utils.BackgroundService (BackgroundService.java:shutdown(148)) - Shutting down service BlockDeletingService
2019-09-06 18:21:33,897 [main] INFO  utils.BackgroundService (BackgroundService.java:shutdown(148)) - Shutting down service BlockDeletingService
2019-09-06 18:21:33,898 [ForkJoinPool.commonPool-worker-1] INFO  statemachine.DatanodeStateMachine (DatanodeStateMachine.java:stopDaemon(395)) - Ozone container server stopped.
2019-09-06 18:21:33,904 [main] INFO  statemachine.DatanodeStateMachine (DatanodeStateMachine.java:stopDaemon(395)) - Ozone container server stopped.
2019-09-06 18:21:33,907 [ForkJoinPool.commonPool-worker-1] INFO  handler.ContextHandler (ContextHandler.java:doStop(910)) - Stopped o.e.j.w.WebAppContext@73e4387{/,null,UNAVAILABLE}{/hddsDatanode}
2019-09-06 18:21:33,908 [ForkJoinPool.commonPool-worker-1] INFO  server.AbstractConnector (AbstractConnector.java:doStop(318)) - Stopped ServerConnector@d87d449{HTTP/1.1,[http/1.1]}{0.0.0.0:0}
2019-09-06 18:21:33,908 [main] INFO  handler.ContextHandler (ContextHandler.java:doStop(910)) - Stopped o.e.j.w.WebAppContext@2e952845{/,null,UNAVAILABLE}{/hddsDatanode}
2019-09-06 18:21:33,910 [ForkJoinPool.commonPool-worker-1] INFO  handler.ContextHandler (ContextHandler.java:doStop(910)) - Stopped o.e.j.s.ServletContextHandler@5d850a25{/static,jar:file:/home/user/.m2/repository/org/apache/hadoop/hadoop-hdds-container-service/0.5.0-SNAPSHOT/hadoop-hdds-container-service-0.5.0-SNAPSHOT.jar!/webapps/static,UNAVAILABLE}
2019-09-06 18:21:33,912 [ForkJoinPool.commonPool-worker-1] INFO  handler.ContextHandler (ContextHandler.java:doStop(910)) - Stopped o.e.j.s.ServletContextHandler@36c07c75{/logs,file:///workdir/hadoop-ozone/integration-test/target/log,UNAVAILABLE}
2019-09-06 18:21:33,912 [main] INFO  server.AbstractConnector (AbstractConnector.java:doStop(318)) - Stopped ServerConnector@79252c83{HTTP/1.1,[http/1.1]}{0.0.0.0:0}
2019-09-06 18:21:33,913 [main] INFO  handler.ContextHandler (ContextHandler.java:doStop(910)) - Stopped o.e.j.s.ServletContextHandler@2d130ac4{/static,jar:file:/home/user/.m2/repository/org/apache/hadoop/hadoop-hdds-container-service/0.5.0-SNAPSHOT/hadoop-hdds-container-service-0.5.0-SNAPSHOT.jar!/webapps/static,UNAVAILABLE}
2019-09-06 18:21:33,913 [main] INFO  handler.ContextHandler (ContextHandler.java:doStop(910)) - Stopped o.e.j.s.ServletContextHandler@77083e41{/logs,file:///workdir/hadoop-ozone/integration-test/target/log,UNAVAILABLE}
2019-09-06 18:21:34,441 [Datanode State Machine Thread - 0] INFO  statemachine.DatanodeStateMachine (DatanodeStateMachine.java:lambda$startDaemon$0(350)) - Ozone container server started.
2019-09-06 18:21:34,607 [Datanode State Machine Thread - 0] INFO  statemachine.DatanodeStateMachine (DatanodeStateMachine.java:lambda$startDaemon$0(350)) - Ozone container server started.
2019-09-06 18:21:34,986 [grpc-default-executor-11] WARN  server.GrpcLogAppender (LogUtils.java:warn(134)) - 3c53ef1c-b6f6-452f-9d00-f37e19e3dc93->30545f38-8e82-400b-a19e-90c0bfc34e7b: Failed appendEntries: org.apache.ratis.thirdparty.io.grpc.StatusRuntimeException: UNAVAILABLE: io exception
2019-09-06 18:21:34,987 [grpc-default-executor-11] INFO  impl.FollowerInfo (FollowerInfo.java:lambda$new$0(50)) - 3c53ef1c-b6f6-452f-9d00-f37e19e3dc93->30545f38-8e82-400b-a19e-90c0bfc34e7b: nextIndex: updateUnconditionally 18 -> 17
2019-09-06 18:21:34,992 [grpc-default-executor-8] WARN  server.GrpcLogAppender (LogUtils.java:warn(134)) - 3c53ef1c-b6f6-452f-9d00-f37e19e3dc93->b336e002-869c-4cc6-9928-d81b64790b84: Failed appendEntries: org.apache.ratis.thirdparty.io.grpc.StatusRuntimeException: UNAVAILABLE: io exception
2019-09-06 18:21:34,993 [grpc-default-executor-8] INFO  impl.FollowerInfo (FollowerInfo.java:lambda$new$0(50)) - 3c53ef1c-b6f6-452f-9d00-f37e19e3dc93->b336e002-869c-4cc6-9928-d81b64790b84: nextIndex: updateUnconditionally 0 -> 0
2019-09-06 18:21:36,271 [grpc-default-executor-12] WARN  server.GrpcLogAppender (LogUtils.java:warn(134)) - 5c21979b-2b81-49da-a086-daeec3e37e90->a54807b1-ebdd-43a3-bb40-59a7287becce: Failed appendEntries: org.apache.ratis.thirdparty.io.grpc.StatusRuntimeException: UNAVAILABLE: io exception
2019-09-06 18:21:36,271 [grpc-default-executor-12] INFO  impl.FollowerInfo (FollowerInfo.java:lambda$new$0(50)) - 5c21979b-2b81-49da-a086-daeec3e37e90->a54807b1-ebdd-43a3-bb40-59a7287becce: nextIndex: updateUnconditionally 13 -> 12
2019-09-06 18:21:37,487 [grpc-default-executor-12] WARN  server.GrpcLogAppender (LogUtils.java:warn(134)) - 3c53ef1c-b6f6-452f-9d00-f37e19e3dc93->30545f38-8e82-400b-a19e-90c0bfc34e7b: Failed appendEntries: org.apache.ratis.thirdparty.io.grpc.StatusRuntimeException: UNAVAILABLE: io exception
2019-09-06 18:21:37,487 [grpc-default-executor-12] INFO  impl.FollowerInfo (FollowerInfo.java:lambda$new$0(50)) - 3c53ef1c-b6f6-452f-9d00-f37e19e3dc93->30545f38-8e82-400b-a19e-90c0bfc34e7b: nextIndex: updateUnconditionally 17 -> 16
2019-09-06 18:21:37,493 [grpc-default-executor-12] WARN  server.GrpcLogAppender (LogUtils.java:warn(134)) - 3c53ef1c-b6f6-452f-9d00-f37e19e3dc93->b336e002-869c-4cc6-9928-d81b64790b84: Failed appendEntries: org.apache.ratis.thirdparty.io.grpc.StatusRuntimeException: UNAVAILABLE: io exception
2019-09-06 18:21:37,493 [grpc-default-executor-12] INFO  impl.FollowerInfo (FollowerInfo.java:lambda$new$0(50)) - 3c53ef1c-b6f6-452f-9d00-f37e19e3dc93->b336e002-869c-4cc6-9928-d81b64790b84: nextIndex: updateUnconditionally 0 -> 0
2019-09-06 18:21:38,490 [EventQueue-StaleNodeForStaleNodeHandler] INFO  node.StaleNodeHandler (StaleNodeHandler.java:onMessage(58)) - Datanode 5c21979b-2b81-49da-a086-daeec3e37e90{ip: 192.168.69.114, host: pr-hdds-2087-fz2qp-2282948163, networkLocation: /default-rack, certSerialId: null} moved to stale state. Finalizing its pipelines [PipelineID=87b116c7-980c-46ab-aab6-5b36e64586f4, PipelineID=e3d10d9c-3e4e-4143-a113-12093c56007d]
2019-09-06 18:21:38,490 [EventQueue-StaleNodeForStaleNodeHandler] INFO  pipeline.SCMPipelineManager (SCMPipelineManager.java:finalizeAndDestroyPipeline(311)) - destroying pipeline:Pipeline[ Id: 87b116c7-980c-46ab-aab6-5b36e64586f4, Nodes: 5c21979b-2b81-49da-a086-daeec3e37e90{ip: 192.168.69.114, host: pr-hdds-2087-fz2qp-2282948163, networkLocation: /default-rack, certSerialId: null}, Type:RATIS, Factor:ONE, State:OPEN]
2019-09-06 18:21:38,490 [EventQueue-StaleNodeForStaleNodeHandler] INFO  pipeline.PipelineStateManager (PipelineStateManager.java:finalizePipeline(123)) - Pipeline Pipeline[ Id: 87b116c7-980c-46ab-aab6-5b36e64586f4, Nodes: 5c21979b-2b81-49da-a086-daeec3e37e90{ip: 192.168.69.114, host: pr-hdds-2087-fz2qp-2282948163, networkLocation: /default-rack, certSerialId: null}, Type:RATIS, Factor:ONE, State:CLOSED] moved to CLOSED state
2019-09-06 18:21:38,490 [EventQueue-StaleNodeForStaleNodeHandler] INFO  pipeline.SCMPipelineManager (SCMPipelineManager.java:finalizeAndDestroyPipeline(311)) - destroying pipeline:Pipeline[ Id: e3d10d9c-3e4e-4143-a113-12093c56007d, Nodes: a54807b1-ebdd-43a3-bb40-59a7287becce{ip: 192.168.69.114, host: pr-hdds-2087-fz2qp-2282948163, networkLocation: /default-rack, certSerialId: null}1a3a3faf-6a54-403e-ab13-05cc39e05f75{ip: 192.168.69.114, host: pr-hdds-2087-fz2qp-2282948163, networkLocation: /default-rack, certSerialId: null}5c21979b-2b81-49da-a086-daeec3e37e90{ip: 192.168.69.114, host: pr-hdds-2087-fz2qp-2282948163, networkLocation: /default-rack, certSerialId: null}, Type:RATIS, Factor:THREE, State:CLOSED]
2019-09-06 18:21:38,690 [EventQueue-StaleNodeForStaleNodeHandler] INFO  node.StaleNodeHandler (StaleNodeHandler.java:onMessage(58)) - Datanode 3c53ef1c-b6f6-452f-9d00-f37e19e3dc93{ip: 192.168.69.114, host: pr-hdds-2087-fz2qp-2282948163, networkLocation: /default-rack, certSerialId: null} moved to stale state. Finalizing its pipelines [PipelineID=28cfaff3-acbd-4760-90c9-d6dea822e555, PipelineID=5e626beb-1dea-46b2-92eb-4be1f7773f85]
2019-09-06 18:21:38,690 [EventQueue-StaleNodeForStaleNodeHandler] INFO  pipeline.SCMPipelineManager (SCMPipelineManager.java:finalizeAndDestroyPipeline(311)) - destroying pipeline:Pipeline[ Id: 28cfaff3-acbd-4760-90c9-d6dea822e555, Nodes: 3c53ef1c-b6f6-452f-9d00-f37e19e3dc93{ip: 192.168.69.114, host: pr-hdds-2087-fz2qp-2282948163, networkLocation: /default-rack, certSerialId: null}, Type:RATIS, Factor:ONE, State:OPEN]
2019-09-06 18:21:38,691 [EventQueue-StaleNodeForStaleNodeHandler] INFO  pipeline.PipelineStateManager (PipelineStateManager.java:finalizePipeline(123)) - Pipeline Pipeline[ Id: 28cfaff3-acbd-4760-90c9-d6dea822e555, Nodes: 3c53ef1c-b6f6-452f-9d00-f37e19e3dc93{ip: 192.168.69.114, host: pr-hdds-2087-fz2qp-2282948163, networkLocation: /default-rack, certSerialId: null}, Type:RATIS, Factor:ONE, State:CLOSED] moved to CLOSED state
2019-09-06 18:21:38,691 [EventQueue-StaleNodeForStaleNodeHandler] INFO  pipeline.SCMPipelineManager (SCMPipelineManager.java:finalizeAndDestroyPipeline(311)) - destroying pipeline:Pipeline[ Id: 5e626beb-1dea-46b2-92eb-4be1f7773f85, Nodes: b336e002-869c-4cc6-9928-d81b64790b84{ip: 192.168.69.114, host: pr-hdds-2087-fz2qp-2282948163, networkLocation: /default-rack, certSerialId: null}30545f38-8e82-400b-a19e-90c0bfc34e7b{ip: 192.168.69.114, host: pr-hdds-2087-fz2qp-2282948163, networkLocation: /default-rack, certSerialId: null}3c53ef1c-b6f6-452f-9d00-f37e19e3dc93{ip: 192.168.69.114, host: pr-hdds-2087-fz2qp-2282948163, networkLocation: /default-rack, certSerialId: null}, Type:RATIS, Factor:THREE, State:CLOSED]
2019-09-06 18:21:38,771 [grpc-default-executor-8] WARN  server.GrpcLogAppender (LogUtils.java:warn(134)) - 5c21979b-2b81-49da-a086-daeec3e37e90->a54807b1-ebdd-43a3-bb40-59a7287becce: Failed appendEntries: org.apache.ratis.thirdparty.io.grpc.StatusRuntimeException: UNAVAILABLE: io exception
2019-09-06 18:21:38,772 [grpc-default-executor-8] INFO  impl.FollowerInfo (FollowerInfo.java:lambda$new$0(50)) - 5c21979b-2b81-49da-a086-daeec3e37e90->a54807b1-ebdd-43a3-bb40-59a7287becce: nextIndex: updateUnconditionally 12 -> 11
2019-09-06 18:21:38,913 [ForkJoinPool.commonPool-worker-1] INFO  ozoneimpl.OzoneContainer (OzoneContainer.java:stop(230)) - Attempting to stop container services.
2019-09-06 18:21:38,914 [ForkJoinPool.commonPool-worker-1] INFO  impl.RaftServerProxy (RaftServerProxy.java:lambda$close$4(314)) - 5c21979b-2b81-49da-a086-daeec3e37e90: close
2019-09-06 18:21:38,914 [ForkJoinPool.commonPool-worker-1] INFO  impl.RaftServerImpl (RaftServerImpl.java:lambda$shutdown$3(245)) - 5c21979b-2b81-49da-a086-daeec3e37e90: shutdown group-5B36E64586F4
2019-09-06 18:21:38,914 [ForkJoinPool.commonPool-worker-1] INFO  util.JmxRegister (JmxRegister.java:unregister(73)) - Successfully un-registered JMX Bean with object name Ratis:service=RaftServer,group=group-5B36E64586F4,id=5c21979b-2b81-49da-a086-daeec3e37e90
2019-09-06 18:21:38,915 [ForkJoinPool.commonPool-worker-1] INFO  impl.RoleInfo (RoleInfo.java:shutdownLeaderState(104)) - 5c21979b-2b81-49da-a086-daeec3e37e90: shutdown LeaderState
2019-09-06 18:21:38,915 [ForkJoinPool.commonPool-worker-1] INFO  impl.PendingRequests (PendingRequests.java:sendNotLeaderResponses(202)) - 5c21979b-2b81-49da-a086-daeec3e37e90-PendingRequests: sendNotLeaderResponses
2019-09-06 18:21:38,915 [main] INFO  ozoneimpl.OzoneContainer (OzoneContainer.java:stop(230)) - Attempting to stop container services.
2019-09-06 18:21:38,915 [ForkJoinPool.commonPool-worker-1] INFO  impl.StateMachineUpdater (StateMachineUpdater.java:stopAndJoin(115)) - StateMachineUpdater:5c21979b-2b81-49da-a086-daeec3e37e90:group-5B36E64586F4: set stopIndex = 0
2019-09-06 18:21:38,916 [main] INFO  impl.RaftServerProxy (RaftServerProxy.java:lambda$close$4(314)) - 3c53ef1c-b6f6-452f-9d00-f37e19e3dc93: close
2019-09-06 18:21:38,916 [ForkJoinPool.commonPool-worker-1] INFO  impl.RaftServerImpl (ServerState.java:close(394)) - 5c21979b-2b81-49da-a086-daeec3e37e90:group-5B36E64586F4 closes. The last applied log index is 0
2019-09-06 18:21:38,916 [main] INFO  impl.RaftServerImpl (RaftServerImpl.java:lambda$shutdown$3(245)) - 3c53ef1c-b6f6-452f-9d00-f37e19e3dc93: shutdown group-D6DEA822E555
2019-09-06 18:21:38,917 [5c21979b-2b81-49da-a086-daeec3e37e90-SegmentedRaftLogWorker:Storage Directory /workdir/hadoop-ozone/integration-test/target/test-dir/MiniOzoneClusterImpl-df485bfa-7c5b-4a27-b9f2-b5a858908c51/datanode-0/data/ratis/87b116c7-980c-46ab-aab6-5b36e64586f4] INFO  segmented.SegmentedRaftLogWorker (SegmentedRaftLogWorker.java:run(313)) - 5c21979b-2b81-49da-a086-daeec3e37e90-SegmentedRaftLogWorker:Storage Directory /workdir/hadoop-ozone/integration-test/target/test-dir/MiniOzoneClusterImpl-df485bfa-7c5b-4a27-b9f2-b5a858908c51/datanode-0/data/ratis/87b116c7-980c-46ab-aab6-5b36e64586f4 was interrupted, exiting. There are 0 tasks remaining in the queue.
2019-09-06 18:21:38,917 [main] INFO  util.JmxRegister (JmxRegister.java:unregister(73)) - Successfully un-registered JMX Bean with object name Ratis:service=RaftServer,group=group-D6DEA822E555,id=3c53ef1c-b6f6-452f-9d00-f37e19e3dc93
2019-09-06 18:21:38,918 [ForkJoinPool.commonPool-worker-1] INFO  segmented.SegmentedRaftLogWorker (SegmentedRaftLogWorker.java:close(228)) - 5c21979b-2b81-49da-a086-daeec3e37e90-SegmentedRaftLogWorker:Storage Directory /workdir/hadoop-ozone/integration-test/target/test-dir/MiniOzoneClusterImpl-df485bfa-7c5b-4a27-b9f2-b5a858908c51/datanode-0/data/ratis/87b116c7-980c-46ab-aab6-5b36e64586f4 close()
2019-09-06 18:21:38,918 [main] INFO  impl.RoleInfo (RoleInfo.java:shutdownLeaderState(104)) - 3c53ef1c-b6f6-452f-9d00-f37e19e3dc93: shutdown LeaderState
2019-09-06 18:21:38,920 [ForkJoinPool.commonPool-worker-1] INFO  impl.RaftServerImpl (RaftServerImpl.java:lambda$shutdown$3(245)) - 5c21979b-2b81-49da-a086-daeec3e37e90: shutdown group-12093C56007D
2019-09-06 18:21:38,921 [main] INFO  impl.PendingRequests (PendingRequests.java:sendNotLeaderResponses(202)) - 3c53ef1c-b6f6-452f-9d00-f37e19e3dc93-PendingRequests: sendNotLeaderResponses
2019-09-06 18:21:38,921 [ForkJoinPool.commonPool-worker-1] INFO  util.JmxRegister (JmxRegister.java:unregister(73)) - Successfully un-registered JMX Bean with object name Ratis:service=RaftServer,group=group-12093C56007D,id=5c21979b-2b81-49da-a086-daeec3e37e90
2019-09-06 18:21:38,922 [main] INFO  impl.StateMachineUpdater (StateMachineUpdater.java:stopAndJoin(115)) - StateMachineUpdater:3c53ef1c-b6f6-452f-9d00-f37e19e3dc93:group-D6DEA822E555: set stopIndex = 0
2019-09-06 18:21:38,922 [ForkJoinPool.commonPool-worker-1] INFO  impl.RoleInfo (RoleInfo.java:shutdownLeaderState(104)) - 5c21979b-2b81-49da-a086-daeec3e37e90: shutdown LeaderState
2019-09-06 18:21:38,922 [main] INFO  impl.RaftServerImpl (ServerState.java:close(394)) - 3c53ef1c-b6f6-452f-9d00-f37e19e3dc93:group-D6DEA822E555 closes. The last applied log index is 0
2019-09-06 18:21:38,923 [org.apache.ratis.server.impl.LogAppender$AppenderDaemon$$Lambda$486/443555094@49c23e9f] WARN  server.GrpcLogAppender (GrpcLogAppender.java:mayWait(143)) - GrpcLogAppender(5c21979b-2b81-49da-a086-daeec3e37e90->1a3a3faf-6a54-403e-ab13-05cc39e05f75): Wait interrupted by java.lang.InterruptedException
2019-09-06 18:21:38,923 [org.apache.ratis.server.impl.LogAppender$AppenderDaemon$$Lambda$486/443555094@cc0a9c3] WARN  server.GrpcLogAppender (GrpcLogAppender.java:mayWait(143)) - GrpcLogAppender(5c21979b-2b81-49da-a086-daeec3e37e90->a54807b1-ebdd-43a3-bb40-59a7287becce): Wait interrupted by java.lang.InterruptedException
2019-09-06 18:21:38,923 [ForkJoinPool.commonPool-worker-1] INFO  impl.PendingRequests (PendingRequests.java:sendNotLeaderResponses(202)) - 5c21979b-2b81-49da-a086-daeec3e37e90-PendingRequests: sendNotLeaderResponses
2019-09-06 18:21:38,924 [grpc-default-executor-8] INFO  server.GrpcServerProtocolService (GrpcServerProtocolService.java:onCompleted(104)) - 1a3a3faf-6a54-403e-ab13-05cc39e05f75: appendEntries completed
2019-09-06 18:21:38,923 [3c53ef1c-b6f6-452f-9d00-f37e19e3dc93-SegmentedRaftLogWorker:Storage Directory /workdir/hadoop-ozone/integration-test/target/test-dir/MiniOzoneClusterImpl-df485bfa-7c5b-4a27-b9f2-b5a858908c51/datanode-3/data/ratis/28cfaff3-acbd-4760-90c9-d6dea822e555] INFO  segmented.SegmentedRaftLogWorker (SegmentedRaftLogWorker.java:run(313)) - 3c53ef1c-b6f6-452f-9d00-f37e19e3dc93-SegmentedRaftLogWorker:Storage Directory /workdir/hadoop-ozone/integration-test/target/test-dir/MiniOzoneClusterImpl-df485bfa-7c5b-4a27-b9f2-b5a858908c51/datanode-3/data/ratis/28cfaff3-acbd-4760-90c9-d6dea822e555 was interrupted, exiting. There are 0 tasks remaining in the queue.
2019-09-06 18:21:38,926 [ForkJoinPool.commonPool-worker-1] INFO  impl.StateMachineUpdater (StateMachineUpdater.java:stopAndJoin(115)) - StateMachineUpdater:5c21979b-2b81-49da-a086-daeec3e37e90:group-12093C56007D: set stopIndex = 13
2019-09-06 18:21:38,926 [main] INFO  segmented.SegmentedRaftLogWorker (SegmentedRaftLogWorker.java:close(228)) - 3c53ef1c-b6f6-452f-9d00-f37e19e3dc93-SegmentedRaftLogWorker:Storage Directory /workdir/hadoop-ozone/integration-test/target/test-dir/MiniOzoneClusterImpl-df485bfa-7c5b-4a27-b9f2-b5a858908c51/datanode-3/data/ratis/28cfaff3-acbd-4760-90c9-d6dea822e555 close()
2019-09-06 18:21:38,926 [StateMachineUpdater:5c21979b-2b81-49da-a086-daeec3e37e90:group-12093C56007D] INFO  ratis.ContainerStateMachine (ContainerStateMachine.java:takeSnapshot(284)) - group-12093C56007D: Taking a snapshot at:(t:2, i:11) file /workdir/hadoop-ozone/integration-test/target/test-dir/MiniOzoneClusterImpl-df485bfa-7c5b-4a27-b9f2-b5a858908c51/datanode-0/data/ratis/e3d10d9c-3e4e-4143-a113-12093c56007d/sm/snapshot.2_11
2019-09-06 18:21:38,928 [main] INFO  impl.RaftServerImpl (RaftServerImpl.java:lambda$shutdown$3(245)) - 3c53ef1c-b6f6-452f-9d00-f37e19e3dc93: shutdown group-4BE1F7773F85
2019-09-06 18:21:38,926 [grpc-default-executor-11] INFO  server.GrpcLogAppender (GrpcLogAppender.java:onCompleted(292)) - 5c21979b-2b81-49da-a086-daeec3e37e90->1a3a3faf-6a54-403e-ab13-05cc39e05f75: follower responses appendEntries COMPLETED
2019-09-06 18:21:38,929 [main] INFO  util.JmxRegister (JmxRegister.java:unregister(73)) - Successfully un-registered JMX Bean with object name Ratis:service=RaftServer,group=group-4BE1F7773F85,id=3c53ef1c-b6f6-452f-9d00-f37e19e3dc93
2019-09-06 18:21:38,929 [grpc-default-executor-11] INFO  impl.FollowerInfo (FollowerInfo.java:lambda$new$0(50)) - 5c21979b-2b81-49da-a086-daeec3e37e90->1a3a3faf-6a54-403e-ab13-05cc39e05f75: nextIndex: updateUnconditionally 14 -> 13
2019-09-06 18:21:38,929 [main] INFO  impl.RoleInfo (RoleInfo.java:shutdownLeaderState(104)) - 3c53ef1c-b6f6-452f-9d00-f37e19e3dc93: shutdown LeaderState
2019-09-06 18:21:38,933 [org.apache.ratis.server.impl.LogAppender$AppenderDaemon$$Lambda$486/443555094@51c5135e] WARN  server.GrpcLogAppender (GrpcLogAppender.java:mayWait(143)) - GrpcLogAppender(3c53ef1c-b6f6-452f-9d00-f37e19e3dc93->b336e002-869c-4cc6-9928-d81b64790b84): Wait interrupted by java.lang.InterruptedException
2019-09-06 18:21:38,933 [main] INFO  impl.PendingRequests (PendingRequests.java:sendNotLeaderResponses(202)) - 3c53ef1c-b6f6-452f-9d00-f37e19e3dc93-PendingRequests: sendNotLeaderResponses
2019-09-06 18:21:38,933 [org.apache.ratis.server.impl.LogAppender$AppenderDaemon$$Lambda$486/443555094@4a888d79] WARN  server.GrpcLogAppender (GrpcLogAppender.java:mayWait(143)) - GrpcLogAppender(3c53ef1c-b6f6-452f-9d00-f37e19e3dc93->30545f38-8e82-400b-a19e-90c0bfc34e7b): Wait interrupted by java.lang.InterruptedException
2019-09-06 18:21:38,934 [main] INFO  impl.StateMachineUpdater (StateMachineUpdater.java:stopAndJoin(115)) - StateMachineUpdater:3c53ef1c-b6f6-452f-9d00-f37e19e3dc93:group-4BE1F7773F85: set stopIndex = 18
2019-09-06 18:21:38,934 [StateMachineUpdater:3c53ef1c-b6f6-452f-9d00-f37e19e3dc93:group-4BE1F7773F85] INFO  ratis.ContainerStateMachine (ContainerStateMachine.java:takeSnapshot(284)) - group-4BE1F7773F85: Taking a snapshot at:(t:1, i:14) file /workdir/hadoop-ozone/integration-test/target/test-dir/MiniOzoneClusterImpl-df485bfa-7c5b-4a27-b9f2-b5a858908c51/datanode-3/data/ratis/5e626beb-1dea-46b2-92eb-4be1f7773f85/sm/snapshot.1_14
2019-09-06 18:21:38,952 [StateMachineUpdater:3c53ef1c-b6f6-452f-9d00-f37e19e3dc93:group-4BE1F7773F85] INFO  ratis.ContainerStateMachine (ContainerStateMachine.java:takeSnapshot(295)) - group-4BE1F7773F85: Finished taking a snapshot at:(t:1, i:14) file:/workdir/hadoop-ozone/integration-test/target/test-dir/MiniOzoneClusterImpl-df485bfa-7c5b-4a27-b9f2-b5a858908c51/datanode-3/data/ratis/5e626beb-1dea-46b2-92eb-4be1f7773f85/sm/snapshot.1_14 time:19
2019-09-06 18:21:38,952 [StateMachineUpdater:5c21979b-2b81-49da-a086-daeec3e37e90:group-12093C56007D] INFO  ratis.ContainerStateMachine (ContainerStateMachine.java:takeSnapshot(295)) - group-12093C56007D: Finished taking a snapshot at:(t:2, i:11) file:/workdir/hadoop-ozone/integration-test/target/test-dir/MiniOzoneClusterImpl-df485bfa-7c5b-4a27-b9f2-b5a858908c51/datanode-0/data/ratis/e3d10d9c-3e4e-4143-a113-12093c56007d/sm/snapshot.2_11 time:27
2019-09-06 18:21:38,952 [StateMachineUpdater:3c53ef1c-b6f6-452f-9d00-f37e19e3dc93:group-4BE1F7773F85] INFO  impl.StateMachineUpdater (StateMachineUpdater.java:takeSnapshot(242)) - StateMachineUpdater:3c53ef1c-b6f6-452f-9d00-f37e19e3dc93:group-4BE1F7773F85: Took a snapshot at index 14
2019-09-06 18:21:38,952 [StateMachineUpdater:5c21979b-2b81-49da-a086-daeec3e37e90:group-12093C56007D] INFO  impl.StateMachineUpdater (StateMachineUpdater.java:takeSnapshot(242)) - StateMachineUpdater:5c21979b-2b81-49da-a086-daeec3e37e90:group-12093C56007D: Took a snapshot at index 11
2019-09-06 18:21:38,953 [StateMachineUpdater:3c53ef1c-b6f6-452f-9d00-f37e19e3dc93:group-4BE1F7773F85] INFO  impl.StateMachineUpdater (StateMachineUpdater.java:lambda$new$0(80)) - StateMachineUpdater:3c53ef1c-b6f6-452f-9d00-f37e19e3dc93:group-4BE1F7773F85: snapshotIndex: updateIncreasingly -1 -> 14
2019-09-06 18:21:38,953 [StateMachineUpdater:5c21979b-2b81-49da-a086-daeec3e37e90:group-12093C56007D] INFO  impl.StateMachineUpdater (StateMachineUpdater.java:lambda$new$0(80)) - StateMachineUpdater:5c21979b-2b81-49da-a086-daeec3e37e90:group-12093C56007D: snapshotIndex: updateIncreasingly -1 -> 11
2019-09-06 18:21:38,953 [main] INFO  impl.RaftServerImpl (ServerState.java:close(394)) - 3c53ef1c-b6f6-452f-9d00-f37e19e3dc93:group-4BE1F7773F85 closes. The last applied log index is 18
2019-09-06 18:21:38,953 [ForkJoinPool.commonPool-worker-1] INFO  impl.RaftServerImpl (ServerState.java:close(394)) - 5c21979b-2b81-49da-a086-daeec3e37e90:group-12093C56007D closes. The last applied log index is 13
2019-09-06 18:21:38,954 [3c53ef1c-b6f6-452f-9d00-f37e19e3dc93-SegmentedRaftLogWorker:Storage Directory /workdir/hadoop-ozone/integration-test/target/test-dir/MiniOzoneClusterImpl-df485bfa-7c5b-4a27-b9f2-b5a858908c51/datanode-3/data/ratis/5e626beb-1dea-46b2-92eb-4be1f7773f85] INFO  segmented.SegmentedRaftLogWorker (SegmentedRaftLogWorker.java:run(313)) - 3c53ef1c-b6f6-452f-9d00-f37e19e3dc93-SegmentedRaftLogWorker:Storage Directory /workdir/hadoop-ozone/integration-test/target/test-dir/MiniOzoneClusterImpl-df485bfa-7c5b-4a27-b9f2-b5a858908c51/datanode-3/data/ratis/5e626beb-1dea-46b2-92eb-4be1f7773f85 was interrupted, exiting. There are 0 tasks remaining in the queue.
2019-09-06 18:21:38,954 [5c21979b-2b81-49da-a086-daeec3e37e90-SegmentedRaftLogWorker:Storage Directory /workdir/hadoop-ozone/integration-test/target/test-dir/MiniOzoneClusterImpl-df485bfa-7c5b-4a27-b9f2-b5a858908c51/datanode-0/data/ratis/e3d10d9c-3e4e-4143-a113-12093c56007d] INFO  segmented.SegmentedRaftLogWorker (SegmentedRaftLogWorker.java:run(313)) - 5c21979b-2b81-49da-a086-daeec3e37e90-SegmentedRaftLogWorker:Storage Directory /workdir/hadoop-ozone/integration-test/target/test-dir/MiniOzoneClusterImpl-df485bfa-7c5b-4a27-b9f2-b5a858908c51/datanode-0/data/ratis/e3d10d9c-3e4e-4143-a113-12093c56007d was interrupted, exiting. There are 0 tasks remaining in the queue.
2019-09-06 18:21:38,954 [main] INFO  segmented.SegmentedRaftLogWorker (SegmentedRaftLogWorker.java:close(228)) - 3c53ef1c-b6f6-452f-9d00-f37e19e3dc93-SegmentedRaftLogWorker:Storage Directory /workdir/hadoop-ozone/integration-test/target/test-dir/MiniOzoneClusterImpl-df485bfa-7c5b-4a27-b9f2-b5a858908c51/datanode-3/data/ratis/5e626beb-1dea-46b2-92eb-4be1f7773f85 close()
2019-09-06 18:21:38,954 [ForkJoinPool.commonPool-worker-1] INFO  segmented.SegmentedRaftLogWorker (SegmentedRaftLogWorker.java:close(228)) - 5c21979b-2b81-49da-a086-daeec3e37e90-SegmentedRaftLogWorker:Storage Directory /workdir/hadoop-ozone/integration-test/target/test-dir/MiniOzoneClusterImpl-df485bfa-7c5b-4a27-b9f2-b5a858908c51/datanode-0/data/ratis/e3d10d9c-3e4e-4143-a113-12093c56007d close()
2019-09-06 18:21:38,956 [main] INFO  server.GrpcService (GrpcService.java:closeImpl(155)) - 3c53ef1c-b6f6-452f-9d00-f37e19e3dc93: shutdown server with port 36687 now
2019-09-06 18:21:38,958 [ForkJoinPool.commonPool-worker-1] INFO  server.GrpcService (GrpcService.java:closeImpl(155)) - 5c21979b-2b81-49da-a086-daeec3e37e90: shutdown server with port 41233 now
2019-09-06 18:21:38,959 [main] INFO  server.GrpcService (GrpcService.java:closeImpl(163)) - 3c53ef1c-b6f6-452f-9d00-f37e19e3dc93: shutdown server with port 36687 successfully
2019-09-06 18:21:38,959 [grpc-default-executor-8] WARN  client.GrpcClientProtocolService (LogUtils.java:warn(134)) - 1-UnorderedRequestStreamObserver1: onError: org.apache.ratis.thirdparty.io.grpc.StatusRuntimeException: CANCELLED: cancelled before receiving half close
2019-09-06 18:21:38,959 [ForkJoinPool.commonPool-worker-1] INFO  server.GrpcService (GrpcService.java:closeImpl(163)) - 5c21979b-2b81-49da-a086-daeec3e37e90: shutdown server with port 41233 successfully
2019-09-06 18:21:38,962 [refreshUsed-/workdir/hadoop-ozone/integration-test/target/test-dir/MiniOzoneClusterImpl-df485bfa-7c5b-4a27-b9f2-b5a858908c51/datanode-0/data/containers] WARN  fs.CachingGetSpaceUsed (CachingGetSpaceUsed.java:run(183)) - Thread Interrupted waiting to refresh disk information: sleep interrupted
2019-09-06 18:21:38,963 [refreshUsed-/workdir/hadoop-ozone/integration-test/target/test-dir/MiniOzoneClusterImpl-df485bfa-7c5b-4a27-b9f2-b5a858908c51/datanode-3/data/containers] WARN  fs.CachingGetSpaceUsed (CachingGetSpaceUsed.java:run(183)) - Thread Interrupted waiting to refresh disk information: sleep interrupted
2019-09-06 18:21:38,983 [main] INFO  utils.BackgroundService (BackgroundService.java:shutdown(148)) - Shutting down service BlockDeletingService
2019-09-06 18:21:38,984 [ForkJoinPool.commonPool-worker-1] INFO  utils.BackgroundService (BackgroundService.java:shutdown(148)) - Shutting down service BlockDeletingService
2019-09-06 18:21:38,990 [main] INFO  statemachine.DatanodeStateMachine (DatanodeStateMachine.java:stopDaemon(395)) - Ozone container server stopped.
2019-09-06 18:21:38,991 [ForkJoinPool.commonPool-worker-1] INFO  statemachine.DatanodeStateMachine (DatanodeStateMachine.java:stopDaemon(395)) - Ozone container server stopped.
2019-09-06 18:21:38,997 [main] INFO  handler.ContextHandler (ContextHandler.java:doStop(910)) - Stopped o.e.j.w.WebAppContext@696fad31{/,null,UNAVAILABLE}{/hddsDatanode}
2019-09-06 18:21:38,997 [ForkJoinPool.commonPool-worker-1] INFO  handler.ContextHandler (ContextHandler.java:doStop(910)) - Stopped o.e.j.w.WebAppContext@2c9306d3{/,null,UNAVAILABLE}{/hddsDatanode}
2019-09-06 18:21:38,998 [main] INFO  server.AbstractConnector (AbstractConnector.java:doStop(318)) - Stopped ServerConnector@2c06b113{HTTP/1.1,[http/1.1]}{0.0.0.0:0}
2019-09-06 18:21:38,998 [ForkJoinPool.commonPool-worker-1] INFO  server.AbstractConnector (AbstractConnector.java:doStop(318)) - Stopped ServerConnector@4270b142{HTTP/1.1,[http/1.1]}{0.0.0.0:0}
2019-09-06 18:21:38,998 [main] INFO  handler.ContextHandler (ContextHandler.java:doStop(910)) - Stopped o.e.j.s.ServletContextHandler@52f8a6f4{/static,jar:file:/home/user/.m2/repository/org/apache/hadoop/hadoop-hdds-container-service/0.5.0-SNAPSHOT/hadoop-hdds-container-service-0.5.0-SNAPSHOT.jar!/webapps/static,UNAVAILABLE}
2019-09-06 18:21:39,000 [ForkJoinPool.commonPool-worker-1] INFO  handler.ContextHandler (ContextHandler.java:doStop(910)) - Stopped o.e.j.s.ServletContextHandler@74f280bd{/static,jar:file:/home/user/.m2/repository/org/apache/hadoop/hadoop-hdds-container-service/0.5.0-SNAPSHOT/hadoop-hdds-container-service-0.5.0-SNAPSHOT.jar!/webapps/static,UNAVAILABLE}
2019-09-06 18:21:39,000 [main] INFO  handler.ContextHandler (ContextHandler.java:doStop(910)) - Stopped o.e.j.s.ServletContextHandler@52ecc989{/logs,file:///workdir/hadoop-ozone/integration-test/target/log,UNAVAILABLE}
2019-09-06 18:21:39,002 [ForkJoinPool.commonPool-worker-1] INFO  handler.ContextHandler (ContextHandler.java:doStop(910)) - Stopped o.e.j.s.ServletContextHandler@252ec02e{/logs,file:///workdir/hadoop-ozone/integration-test/target/log,UNAVAILABLE}
2019-09-06 18:21:39,120 [Datanode State Machine Thread - 0] INFO  statemachine.DatanodeStateMachine (DatanodeStateMachine.java:lambda$startDaemon$0(350)) - Ozone container server started.
2019-09-06 18:21:39,468 [Datanode State Machine Thread - 0] INFO  statemachine.DatanodeStateMachine (DatanodeStateMachine.java:lambda$startDaemon$0(350)) - Ozone container server started.
2019-09-06 18:21:43,197 [EventQueue-StaleNodeForStaleNodeHandler] INFO  node.StaleNodeHandler (StaleNodeHandler.java:onMessage(58)) - Datanode 7acec8ed-4022-4294-b013-0365df66406a{ip: 192.168.69.114, host: pr-hdds-2087-fz2qp-2282948163, networkLocation: /default-rack, certSerialId: null} moved to stale state. Finalizing its pipelines [PipelineID=72e8d9d4-cc76-4b3b-832c-87c1c6666e2c]
2019-09-06 18:21:43,197 [EventQueue-StaleNodeForStaleNodeHandler] INFO  pipeline.SCMPipelineManager (SCMPipelineManager.java:finalizeAndDestroyPipeline(311)) - destroying pipeline:Pipeline[ Id: 72e8d9d4-cc76-4b3b-832c-87c1c6666e2c, Nodes: 7acec8ed-4022-4294-b013-0365df66406a{ip: 192.168.69.114, host: pr-hdds-2087-fz2qp-2282948163, networkLocation: /default-rack, certSerialId: null}, Type:RATIS, Factor:ONE, State:OPEN]
2019-09-06 18:21:43,198 [EventQueue-StaleNodeForStaleNodeHandler] INFO  pipeline.PipelineStateManager (PipelineStateManager.java:finalizePipeline(123)) - Pipeline Pipeline[ Id: 72e8d9d4-cc76-4b3b-832c-87c1c6666e2c, Nodes: 7acec8ed-4022-4294-b013-0365df66406a{ip: 192.168.69.114, host: pr-hdds-2087-fz2qp-2282948163, networkLocation: /default-rack, certSerialId: null}, Type:RATIS, Factor:ONE, State:CLOSED] moved to CLOSED state
2019-09-06 18:21:43,498 [EventQueue-StaleNodeForStaleNodeHandler] INFO  node.StaleNodeHandler (StaleNodeHandler.java:onMessage(58)) - Datanode 1a3a3faf-6a54-403e-ab13-05cc39e05f75{ip: 192.168.69.114, host: pr-hdds-2087-fz2qp-2282948163, networkLocation: /default-rack, certSerialId: null} moved to stale state. Finalizing its pipelines [PipelineID=e3d10d9c-3e4e-4143-a113-12093c56007d, PipelineID=c8492f1c-98bc-41aa-b9eb-c239f928cfcc]
2019-09-06 18:21:43,498 [EventQueue-StaleNodeForStaleNodeHandler] INFO  pipeline.SCMPipelineManager (SCMPipelineManager.java:finalizeAndDestroyPipeline(311)) - destroying pipeline:Pipeline[ Id: e3d10d9c-3e4e-4143-a113-12093c56007d, Nodes: a54807b1-ebdd-43a3-bb40-59a7287becce{ip: 192.168.69.114, host: pr-hdds-2087-fz2qp-2282948163, networkLocation: /default-rack, certSerialId: null}1a3a3faf-6a54-403e-ab13-05cc39e05f75{ip: 192.168.69.114, host: pr-hdds-2087-fz2qp-2282948163, networkLocation: /default-rack, certSerialId: null}5c21979b-2b81-49da-a086-daeec3e37e90{ip: 192.168.69.114, host: pr-hdds-2087-fz2qp-2282948163, networkLocation: /default-rack, certSerialId: null}, Type:RATIS, Factor:THREE, State:CLOSED]
2019-09-06 18:21:43,498 [EventQueue-StaleNodeForStaleNodeHandler] INFO  pipeline.SCMPipelineManager (SCMPipelineManager.java:finalizeAndDestroyPipeline(311)) - destroying pipeline:Pipeline[ Id: c8492f1c-98bc-41aa-b9eb-c239f928cfcc, Nodes: 1a3a3faf-6a54-403e-ab13-05cc39e05f75{ip: 192.168.69.114, host: pr-hdds-2087-fz2qp-2282948163, networkLocation: /default-rack, certSerialId: null}, Type:RATIS, Factor:ONE, State:OPEN]
2019-09-06 18:21:43,498 [EventQueue-StaleNodeForStaleNodeHandler] INFO  pipeline.PipelineStateManager (PipelineStateManager.java:finalizePipeline(123)) - Pipeline Pipeline[ Id: c8492f1c-98bc-41aa-b9eb-c239f928cfcc, Nodes: 1a3a3faf-6a54-403e-ab13-05cc39e05f75{ip: 192.168.69.114, host: pr-hdds-2087-fz2qp-2282948163, networkLocation: /default-rack, certSerialId: null}, Type:RATIS, Factor:ONE, State:CLOSED] moved to CLOSED state
2019-09-06 18:21:44,004 [ForkJoinPool.commonPool-worker-1] INFO  ozoneimpl.OzoneContainer (OzoneContainer.java:stop(230)) - Attempting to stop container services.
2019-09-06 18:21:44,004 [main] INFO  ozoneimpl.OzoneContainer (OzoneContainer.java:stop(230)) - Attempting to stop container services.
2019-09-06 18:21:44,004 [ForkJoinPool.commonPool-worker-1] INFO  impl.RaftServerProxy (RaftServerProxy.java:lambda$close$4(314)) - 1a3a3faf-6a54-403e-ab13-05cc39e05f75: close
2019-09-06 18:21:44,005 [main] INFO  impl.RaftServerProxy (RaftServerProxy.java:lambda$close$4(314)) - 7acec8ed-4022-4294-b013-0365df66406a: close
2019-09-06 18:21:44,005 [ForkJoinPool.commonPool-worker-1] INFO  impl.RaftServerImpl (RaftServerImpl.java:lambda$shutdown$3(245)) - 1a3a3faf-6a54-403e-ab13-05cc39e05f75: shutdown group-12093C56007D
2019-09-06 18:21:44,005 [main] INFO  impl.RaftServerImpl (RaftServerImpl.java:lambda$shutdown$3(245)) - 7acec8ed-4022-4294-b013-0365df66406a: shutdown group-87C1C6666E2C
2019-09-06 18:21:44,006 [ForkJoinPool.commonPool-worker-1] INFO  util.JmxRegister (JmxRegister.java:unregister(73)) - Successfully un-registered JMX Bean with object name Ratis:service=RaftServer,group=group-12093C56007D,id=1a3a3faf-6a54-403e-ab13-05cc39e05f75
2019-09-06 18:21:44,006 [main] INFO  util.JmxRegister (JmxRegister.java:unregister(73)) - Successfully un-registered JMX Bean with object name Ratis:service=RaftServer,group=group-87C1C6666E2C,id=7acec8ed-4022-4294-b013-0365df66406a
2019-09-06 18:21:44,007 [main] INFO  impl.RoleInfo (RoleInfo.java:shutdownLeaderState(104)) - 7acec8ed-4022-4294-b013-0365df66406a: shutdown LeaderState
2019-09-06 18:21:44,006 [ForkJoinPool.commonPool-worker-1] INFO  impl.RoleInfo (RoleInfo.java:shutdownFollowerState(121)) - 1a3a3faf-6a54-403e-ab13-05cc39e05f75: shutdown FollowerState
2019-09-06 18:21:44,007 [main] INFO  impl.PendingRequests (PendingRequests.java:sendNotLeaderResponses(202)) - 7acec8ed-4022-4294-b013-0365df66406a-PendingRequests: sendNotLeaderResponses
2019-09-06 18:21:44,008 [Thread-3713] INFO  impl.FollowerState (FollowerState.java:run(114)) - 1a3a3faf-6a54-403e-ab13-05cc39e05f75: FollowerState was interrupted: java.lang.InterruptedException: sleep interrupted
2019-09-06 18:21:44,008 [StateMachineUpdater:1a3a3faf-6a54-403e-ab13-05cc39e05f75:group-12093C56007D] INFO  ratis.ContainerStateMachine (ContainerStateMachine.java:takeSnapshot(284)) - group-12093C56007D: Taking a snapshot at:(t:2, i:11) file /workdir/hadoop-ozone/integration-test/target/test-dir/MiniOzoneClusterImpl-df485bfa-7c5b-4a27-b9f2-b5a858908c51/datanode-5/data/ratis/e3d10d9c-3e4e-4143-a113-12093c56007d/sm/snapshot.2_11
2019-09-06 18:21:44,008 [ForkJoinPool.commonPool-worker-1] INFO  impl.StateMachineUpdater (StateMachineUpdater.java:stopAndJoin(115)) - StateMachineUpdater:1a3a3faf-6a54-403e-ab13-05cc39e05f75:group-12093C56007D: set stopIndex = 13
2019-09-06 18:21:44,009 [main] INFO  impl.StateMachineUpdater (StateMachineUpdater.java:stopAndJoin(115)) - StateMachineUpdater:7acec8ed-4022-4294-b013-0365df66406a:group-87C1C6666E2C: set stopIndex = 0
2019-09-06 18:21:44,011 [main] INFO  impl.RaftServerImpl (ServerState.java:close(394)) - 7acec8ed-4022-4294-b013-0365df66406a:group-87C1C6666E2C closes. The last applied log index is 0
2019-09-06 18:21:44,011 [7acec8ed-4022-4294-b013-0365df66406a-SegmentedRaftLogWorker:Storage Directory /workdir/hadoop-ozone/integration-test/target/test-dir/MiniOzoneClusterImpl-df485bfa-7c5b-4a27-b9f2-b5a858908c51/datanode-6/data/ratis/72e8d9d4-cc76-4b3b-832c-87c1c6666e2c] INFO  segmented.SegmentedRaftLogWorker (SegmentedRaftLogWorker.java:run(313)) - 7acec8ed-4022-4294-b013-0365df66406a-SegmentedRaftLogWorker:Storage Directory /workdir/hadoop-ozone/integration-test/target/test-dir/MiniOzoneClusterImpl-df485bfa-7c5b-4a27-b9f2-b5a858908c51/datanode-6/data/ratis/72e8d9d4-cc76-4b3b-832c-87c1c6666e2c was interrupted, exiting. There are 0 tasks remaining in the queue.
2019-09-06 18:21:44,022 [main] INFO  segmented.SegmentedRaftLogWorker (SegmentedRaftLogWorker.java:close(228)) - 7acec8ed-4022-4294-b013-0365df66406a-SegmentedRaftLogWorker:Storage Directory /workdir/hadoop-ozone/integration-test/target/test-dir/MiniOzoneClusterImpl-df485bfa-7c5b-4a27-b9f2-b5a858908c51/datanode-6/data/ratis/72e8d9d4-cc76-4b3b-832c-87c1c6666e2c close()
2019-09-06 18:21:44,024 [StateMachineUpdater:1a3a3faf-6a54-403e-ab13-05cc39e05f75:group-12093C56007D] INFO  ratis.ContainerStateMachine (ContainerStateMachine.java:takeSnapshot(295)) - group-12093C56007D: Finished taking a snapshot at:(t:2, i:11) file:/workdir/hadoop-ozone/integration-test/target/test-dir/MiniOzoneClusterImpl-df485bfa-7c5b-4a27-b9f2-b5a858908c51/datanode-5/data/ratis/e3d10d9c-3e4e-4143-a113-12093c56007d/sm/snapshot.2_11 time:17
2019-09-06 18:21:44,024 [main] INFO  server.GrpcService (GrpcService.java:closeImpl(155)) - 7acec8ed-4022-4294-b013-0365df66406a: shutdown server with port 38924 now
2019-09-06 18:21:44,024 [StateMachineUpdater:1a3a3faf-6a54-403e-ab13-05cc39e05f75:group-12093C56007D] INFO  impl.StateMachineUpdater (StateMachineUpdater.java:takeSnapshot(242)) - StateMachineUpdater:1a3a3faf-6a54-403e-ab13-05cc39e05f75:group-12093C56007D: Took a snapshot at index 11
2019-09-06 18:21:44,025 [StateMachineUpdater:1a3a3faf-6a54-403e-ab13-05cc39e05f75:group-12093C56007D] INFO  impl.StateMachineUpdater (StateMachineUpdater.java:lambda$new$0(80)) - StateMachineUpdater:1a3a3faf-6a54-403e-ab13-05cc39e05f75:group-12093C56007D: snapshotIndex: updateIncreasingly -1 -> 11
2019-09-06 18:21:44,030 [main] INFO  server.GrpcService (GrpcService.java:closeImpl(163)) - 7acec8ed-4022-4294-b013-0365df66406a: shutdown server with port 38924 successfully
2019-09-06 18:21:44,031 [ForkJoinPool.commonPool-worker-1] INFO  impl.RaftServerImpl (ServerState.java:close(394)) - 1a3a3faf-6a54-403e-ab13-05cc39e05f75:group-12093C56007D closes. The last applied log index is 13
2019-09-06 18:21:44,031 [1a3a3faf-6a54-403e-ab13-05cc39e05f75-SegmentedRaftLogWorker:Storage Directory /workdir/hadoop-ozone/integration-test/target/test-dir/MiniOzoneClusterImpl-df485bfa-7c5b-4a27-b9f2-b5a858908c51/datanode-5/data/ratis/e3d10d9c-3e4e-4143-a113-12093c56007d] INFO  segmented.SegmentedRaftLogWorker (SegmentedRaftLogWorker.java:run(313)) - 1a3a3faf-6a54-403e-ab13-05cc39e05f75-SegmentedRaftLogWorker:Storage Directory /workdir/hadoop-ozone/integration-test/target/test-dir/MiniOzoneClusterImpl-df485bfa-7c5b-4a27-b9f2-b5a858908c51/datanode-5/data/ratis/e3d10d9c-3e4e-4143-a113-12093c56007d was interrupted, exiting. There are 0 tasks remaining in the queue.
2019-09-06 18:21:44,032 [ForkJoinPool.commonPool-worker-1] INFO  segmented.SegmentedRaftLogWorker (SegmentedRaftLogWorker.java:close(228)) - 1a3a3faf-6a54-403e-ab13-05cc39e05f75-SegmentedRaftLogWorker:Storage Directory /workdir/hadoop-ozone/integration-test/target/test-dir/MiniOzoneClusterImpl-df485bfa-7c5b-4a27-b9f2-b5a858908c51/datanode-5/data/ratis/e3d10d9c-3e4e-4143-a113-12093c56007d close()
2019-09-06 18:21:44,034 [ForkJoinPool.commonPool-worker-1] INFO  impl.RaftServerImpl (RaftServerImpl.java:lambda$shutdown$3(245)) - 1a3a3faf-6a54-403e-ab13-05cc39e05f75: shutdown group-C239F928CFCC
2019-09-06 18:21:44,034 [ForkJoinPool.commonPool-worker-1] INFO  util.JmxRegister (JmxRegister.java:unregister(73)) - Successfully un-registered JMX Bean with object name Ratis:service=RaftServer,group=group-C239F928CFCC,id=1a3a3faf-6a54-403e-ab13-05cc39e05f75
2019-09-06 18:21:44,035 [ForkJoinPool.commonPool-worker-1] INFO  impl.RoleInfo (RoleInfo.java:shutdownLeaderState(104)) - 1a3a3faf-6a54-403e-ab13-05cc39e05f75: shutdown LeaderState
2019-09-06 18:21:44,035 [ForkJoinPool.commonPool-worker-1] INFO  impl.PendingRequests (PendingRequests.java:sendNotLeaderResponses(202)) - 1a3a3faf-6a54-403e-ab13-05cc39e05f75-PendingRequests: sendNotLeaderResponses
2019-09-06 18:21:44,036 [ForkJoinPool.commonPool-worker-1] INFO  impl.StateMachineUpdater (StateMachineUpdater.java:stopAndJoin(115)) - StateMachineUpdater:1a3a3faf-6a54-403e-ab13-05cc39e05f75:group-C239F928CFCC: set stopIndex = 0
2019-09-06 18:21:44,037 [ForkJoinPool.commonPool-worker-1] INFO  impl.RaftServerImpl (ServerState.java:close(394)) - 1a3a3faf-6a54-403e-ab13-05cc39e05f75:group-C239F928CFCC closes. The last applied log index is 0
2019-09-06 18:21:44,037 [1a3a3faf-6a54-403e-ab13-05cc39e05f75-SegmentedRaftLogWorker:Storage Directory /workdir/hadoop-ozone/integration-test/target/test-dir/MiniOzoneClusterImpl-df485bfa-7c5b-4a27-b9f2-b5a858908c51/datanode-5/data/ratis/c8492f1c-98bc-41aa-b9eb-c239f928cfcc] INFO  segmented.SegmentedRaftLogWorker (SegmentedRaftLogWorker.java:run(313)) - 1a3a3faf-6a54-403e-ab13-05cc39e05f75-SegmentedRaftLogWorker:Storage Directory /workdir/hadoop-ozone/integration-test/target/test-dir/MiniOzoneClusterImpl-df485bfa-7c5b-4a27-b9f2-b5a858908c51/datanode-5/data/ratis/c8492f1c-98bc-41aa-b9eb-c239f928cfcc was interrupted, exiting. There are 0 tasks remaining in the queue.
2019-09-06 18:21:44,038 [refreshUsed-/workdir/hadoop-ozone/integration-test/target/test-dir/MiniOzoneClusterImpl-df485bfa-7c5b-4a27-b9f2-b5a858908c51/datanode-6/data/containers] WARN  fs.CachingGetSpaceUsed (CachingGetSpaceUsed.java:run(183)) - Thread Interrupted waiting to refresh disk information: sleep interrupted
2019-09-06 18:21:44,038 [ForkJoinPool.commonPool-worker-1] INFO  segmented.SegmentedRaftLogWorker (SegmentedRaftLogWorker.java:close(228)) - 1a3a3faf-6a54-403e-ab13-05cc39e05f75-SegmentedRaftLogWorker:Storage Directory /workdir/hadoop-ozone/integration-test/target/test-dir/MiniOzoneClusterImpl-df485bfa-7c5b-4a27-b9f2-b5a858908c51/datanode-5/data/ratis/c8492f1c-98bc-41aa-b9eb-c239f928cfcc close()
2019-09-06 18:21:44,039 [ForkJoinPool.commonPool-worker-1] INFO  server.GrpcService (GrpcService.java:closeImpl(155)) - 1a3a3faf-6a54-403e-ab13-05cc39e05f75: shutdown server with port 36884 now
2019-09-06 18:21:44,040 [ForkJoinPool.commonPool-worker-1] INFO  server.GrpcService (GrpcService.java:closeImpl(163)) - 1a3a3faf-6a54-403e-ab13-05cc39e05f75: shutdown server with port 36884 successfully
2019-09-06 18:21:44,046 [refreshUsed-/workdir/hadoop-ozone/integration-test/target/test-dir/MiniOzoneClusterImpl-df485bfa-7c5b-4a27-b9f2-b5a858908c51/datanode-5/data/containers] WARN  fs.CachingGetSpaceUsed (CachingGetSpaceUsed.java:run(183)) - Thread Interrupted waiting to refresh disk information: sleep interrupted
2019-09-06 18:21:44,056 [main] INFO  utils.BackgroundService (BackgroundService.java:shutdown(148)) - Shutting down service BlockDeletingService
2019-09-06 18:21:44,061 [main] INFO  statemachine.DatanodeStateMachine (DatanodeStateMachine.java:stopDaemon(395)) - Ozone container server stopped.
2019-09-06 18:21:44,062 [main] INFO  handler.ContextHandler (ContextHandler.java:doStop(910)) - Stopped o.e.j.w.WebAppContext@7e191fda{/,null,UNAVAILABLE}{/hddsDatanode}
2019-09-06 18:21:44,064 [main] INFO  server.AbstractConnector (AbstractConnector.java:doStop(318)) - Stopped ServerConnector@6562cc23{HTTP/1.1,[http/1.1]}{0.0.0.0:0}
2019-09-06 18:21:44,064 [main] INFO  handler.ContextHandler (ContextHandler.java:doStop(910)) - Stopped o.e.j.s.ServletContextHandler@5627cb29{/static,jar:file:/home/user/.m2/repository/org/apache/hadoop/hadoop-hdds-container-service/0.5.0-SNAPSHOT/hadoop-hdds-container-service-0.5.0-SNAPSHOT.jar!/webapps/static,UNAVAILABLE}
2019-09-06 18:21:44,065 [main] INFO  handler.ContextHandler (ContextHandler.java:doStop(910)) - Stopped o.e.j.s.ServletContextHandler@76a362a4{/logs,file:///workdir/hadoop-ozone/integration-test/target/log,UNAVAILABLE}
2019-09-06 18:21:44,067 [ForkJoinPool.commonPool-worker-1] INFO  utils.BackgroundService (BackgroundService.java:shutdown(148)) - Shutting down service BlockDeletingService
2019-09-06 18:21:44,070 [ForkJoinPool.commonPool-worker-1] INFO  statemachine.DatanodeStateMachine (DatanodeStateMachine.java:stopDaemon(395)) - Ozone container server stopped.
2019-09-06 18:21:44,074 [ForkJoinPool.commonPool-worker-1] INFO  handler.ContextHandler (ContextHandler.java:doStop(910)) - Stopped o.e.j.w.WebAppContext@377dfb8d{/,null,UNAVAILABLE}{/hddsDatanode}
2019-09-06 18:21:44,075 [ForkJoinPool.commonPool-worker-1] INFO  server.AbstractConnector (AbstractConnector.java:doStop(318)) - Stopped ServerConnector@42a0786f{HTTP/1.1,[http/1.1]}{0.0.0.0:0}
2019-09-06 18:21:44,078 [ForkJoinPool.commonPool-worker-1] INFO  handler.ContextHandler (ContextHandler.java:doStop(910)) - Stopped o.e.j.s.ServletContextHandler@1ee40b5c{/static,jar:file:/home/user/.m2/repository/org/apache/hadoop/hadoop-hdds-container-service/0.5.0-SNAPSHOT/hadoop-hdds-container-service-0.5.0-SNAPSHOT.jar!/webapps/static,UNAVAILABLE}
2019-09-06 18:21:44,079 [ForkJoinPool.commonPool-worker-1] INFO  handler.ContextHandler (ContextHandler.java:doStop(910)) - Stopped o.e.j.s.ServletContextHandler@5fb54740{/logs,file:///workdir/hadoop-ozone/integration-test/target/log,UNAVAILABLE}
2019-09-06 18:21:44,080 [main] INFO  ozone.MiniOzoneClusterImpl (MiniOzoneClusterImpl.java:stop(339)) - Stopping the StorageContainerManager
2019-09-06 18:21:44,080 [main] INFO  server.StorageContainerManager (StorageContainerManager.java:stop(797)) - Stopping Replication Manager Service.
2019-09-06 18:21:44,080 [main] INFO  container.ReplicationManager (ReplicationManager.java:stop(203)) - Stopping Replication Monitor Thread.
2019-09-06 18:21:44,080 [main] INFO  server.StorageContainerManager (StorageContainerManager.java:stop(804)) - Stopping Lease Manager of the command watchers
2019-09-06 18:21:44,080 [main] INFO  server.StorageContainerManager (StorageContainerManager.java:stop(811)) - Stopping datanode service RPC server
2019-09-06 18:21:44,080 [main] INFO  server.SCMDatanodeProtocolServer (SCMDatanodeProtocolServer.java:stop(367)) - Stopping the RPC server for DataNodes
2019-09-06 18:21:44,081 [main] INFO  ipc.Server (Server.java:stop(3082)) - Stopping server on 35532
2019-09-06 18:21:44,083 [IPC Server listener on 35532] INFO  ipc.Server (Server.java:run(1185)) - Stopping IPC Server listener on 35532
2019-09-06 18:21:44,083 [IPC Server Responder] INFO  ipc.Server (Server.java:run(1319)) - Stopping IPC Server Responder
2019-09-06 18:21:44,098 [SCM Heartbeat Processing Thread - 0] WARN  node.NodeStateManager (NodeStateManager.java:scheduleNextHealthCheck(646)) - Current Thread is interrupted, shutting down HB processing thread for Node Manager.
2019-09-06 18:21:44,098 [main] INFO  server.StorageContainerManager (StorageContainerManager.java:stop(819)) - Stopping block service RPC server
2019-09-06 18:21:44,099 [main] INFO  server.SCMBlockProtocolServer (SCMBlockProtocolServer.java:stop(155)) - Stopping the RPC server for Block Protocol
2019-09-06 18:21:44,099 [main] INFO  ipc.Server (Server.java:stop(3082)) - Stopping server on 42549
2019-09-06 18:21:44,100 [IPC Server listener on 42549] INFO  ipc.Server (Server.java:run(1185)) - Stopping IPC Server listener on 42549
2019-09-06 18:21:44,101 [main] INFO  server.StorageContainerManager (StorageContainerManager.java:stop(826)) - Stopping the StorageContainerLocationProtocol RPC server
2019-09-06 18:21:44,102 [IPC Server Responder] INFO  ipc.Server (Server.java:run(1319)) - Stopping IPC Server Responder
2019-09-06 18:21:44,102 [main] INFO  server.SCMClientProtocolServer (SCMClientProtocolServer.java:stop(159)) - Stopping the RPC server for Client Protocol
2019-09-06 18:21:44,102 [main] INFO  ipc.Server (Server.java:stop(3082)) - Stopping server on 35884
2019-09-06 18:21:44,104 [IPC Server listener on 35884] INFO  ipc.Server (Server.java:run(1185)) - Stopping IPC Server listener on 35884
2019-09-06 18:21:44,104 [main] INFO  server.StorageContainerManager (StorageContainerManager.java:stop(833)) - Stopping Storage Container Manager HTTP server.
2019-09-06 18:21:44,105 [IPC Server Responder] INFO  ipc.Server (Server.java:run(1319)) - Stopping IPC Server Responder
2019-09-06 18:21:44,106 [main] INFO  handler.ContextHandler (ContextHandler.java:doStop(910)) - Stopped o.e.j.w.WebAppContext@391d1e33{/,null,UNAVAILABLE}{/scm}
2019-09-06 18:21:44,107 [main] INFO  server.AbstractConnector (AbstractConnector.java:doStop(318)) - Stopped ServerConnector@66f16742{HTTP/1.1,[http/1.1]}{0.0.0.0:0}
2019-09-06 18:21:44,107 [main] INFO  handler.ContextHandler (ContextHandler.java:doStop(910)) - Stopped o.e.j.s.ServletContextHandler@a0c5be{/static,file:///workdir/hadoop-ozone/integration-test/target/test-classes/webapps/static,UNAVAILABLE}
2019-09-06 18:21:44,108 [main] INFO  handler.ContextHandler (ContextHandler.java:doStop(910)) - Stopped o.e.j.s.ServletContextHandler@68631b1d{/logs,file:///workdir/hadoop-ozone/integration-test/target/log,UNAVAILABLE}
2019-09-06 18:21:44,109 [main] INFO  server.StorageContainerManager (StorageContainerManager.java:stop(844)) - Stopping Block Manager Service.
2019-09-06 18:21:44,109 [main] INFO  utils.BackgroundService (BackgroundService.java:shutdown(148)) - Shutting down service SCMBlockDeletingService
2019-09-06 18:21:44,109 [main] INFO  utils.BackgroundService (BackgroundService.java:shutdown(148)) - Shutting down service SCMBlockDeletingService
2019-09-06 18:21:44,110 [main] INFO  server.StorageContainerManager (StorageContainerManager.java:stop(866)) - Stopping SCM Event Queue.
2019-09-06 18:21:44,114 [main] INFO  impl.MetricsSystemImpl (MetricsSystemImpl.java:stop(210)) - Stopping HddsDatanode metrics system...
2019-09-06 18:21:44,128 [main] INFO  impl.MetricsSystemImpl (MetricsSystemImpl.java:stop(216)) - HddsDatanode metrics system stopped.
]]></system-out>
  </testcase>
  <testcase name="testFailureWithPrimeSizedData" classname="org.apache.hadoop.ozone.client.rpc.TestBlockOutputStreamWithFailures" time="39.824"/>
  <testcase name="testWatchForCommitWithCloseContainerException" classname="org.apache.hadoop.ozone.client.rpc.TestBlockOutputStreamWithFailures" time="33.744"/>
  <testcase name="testExceptionDuringClose" classname="org.apache.hadoop.ozone.client.rpc.TestBlockOutputStreamWithFailures" time="40.488"/>
</testsuite>