<?xml version="1.0" encoding="UTF-8"?>
<testsuite xmlns:xsi="http://www.w3.org/2001/XMLSchema-instance" xsi:noNamespaceSchemaLocation="https://maven.apache.org/surefire/maven-surefire-plugin/xsd/surefire-test-report.xsd" name="org.apache.hadoop.ozone.freon.TestRandomKeyGenerator" time="132.739" tests="6" errors="1" skipped="0" failures="0">
  <properties>
    <property name="awt.toolkit" value="sun.awt.X11.XToolkit"/>
    <property name="file.encoding.pkg" value="sun.io"/>
    <property name="java.specification.version" value="1.8"/>
    <property name="sun.cpu.isalist" value=""/>
    <property name="sun.jnu.encoding" value="UTF-8"/>
    <property name="java.class.path" value="/workdir/hadoop-ozone/tools/target/test-classes:/workdir/hadoop-ozone/tools/target/classes:/home/user/.m2/repository/org/apache/hadoop/hadoop-ozone-ozone-manager/0.5.0-SNAPSHOT/hadoop-ozone-ozone-manager-0.5.0-SNAPSHOT.jar:/home/user/.m2/repository/org/apache/hadoop/hadoop-hdds-docs/0.5.0-SNAPSHOT/hadoop-hdds-docs-0.5.0-SNAPSHOT.jar:/home/user/.m2/repository/org/bouncycastle/bcprov-jdk15on/1.60/bcprov-jdk15on-1.60.jar:/home/user/.m2/repository/org/apache/hadoop/hadoop-ozone-common/0.5.0-SNAPSHOT/hadoop-ozone-common-0.5.0-SNAPSHOT.jar:/home/user/.m2/repository/org/apache/commons/commons-compress/1.4.1/commons-compress-1.4.1.jar:/home/user/.m2/repository/org/tukaani/xz/1.0/xz-1.0.jar:/home/user/.m2/repository/org/apache/hadoop/hadoop-hdfs-client/3.2.0/hadoop-hdfs-client-3.2.0.jar:/home/user/.m2/repository/com/fasterxml/jackson/core/jackson-annotations/2.9.5/jackson-annotations-2.9.5.jar:/home/user/.m2/repository/org/apache/hadoop/hadoop-hdds-common/0.5.0-SNAPSHOT/hadoop-hdds-common-0.5.0-SNAPSHOT.jar:/home/user/.m2/repository/org/apache/hadoop/hadoop-hdds-config/0.5.0-SNAPSHOT/hadoop-hdds-config-0.5.0-SNAPSHOT.jar:/home/user/.m2/repository/javax/annotation/javax.annotation-api/1.2/javax.annotation-api-1.2.jar:/home/user/.m2/repository/org/apache/ratis/ratis-server/0.4.0-2337318-SNAPSHOT/ratis-server-0.4.0-2337318-SNAPSHOT.jar:/home/user/.m2/repository/org/apache/ratis/ratis-thirdparty-misc/0.2.0/ratis-thirdparty-misc-0.2.0.jar:/home/user/.m2/repository/org/apache/ratis/ratis-proto/0.4.0-2337318-SNAPSHOT/ratis-proto-0.4.0-2337318-SNAPSHOT.jar:/home/user/.m2/repository/org/apache/ratis/ratis-common/0.4.0-2337318-SNAPSHOT/ratis-common-0.4.0-2337318-SNAPSHOT.jar:/home/user/.m2/repository/org/apache/ratis/ratis-client/0.4.0-2337318-SNAPSHOT/ratis-client-0.4.0-2337318-SNAPSHOT.jar:/home/user/.m2/repository/org/apache/ratis/ratis-metrics/0.4.0-2337318-SNAPSHOT/ratis-metrics-0.4.0-2337318-SNAPSHOT.jar:/home/user/.m2/repository/org/apache/ratis/ratis-netty/0.4.0-2337318-SNAPSHOT/ratis-netty-0.4.0-2337318-SNAPSHOT.jar:/home/user/.m2/repository/org/apache/ratis/ratis-grpc/0.4.0-2337318-SNAPSHOT/ratis-grpc-0.4.0-2337318-SNAPSHOT.jar:/home/user/.m2/repository/org/rocksdb/rocksdbjni/6.0.1/rocksdbjni-6.0.1.jar:/home/user/.m2/repository/org/apache/logging/log4j/log4j-api/2.11.0/log4j-api-2.11.0.jar:/home/user/.m2/repository/org/apache/logging/log4j/log4j-core/2.11.0/log4j-core-2.11.0.jar:/home/user/.m2/repository/com/lmax/disruptor/3.4.2/disruptor-3.4.2.jar:/home/user/.m2/repository/org/apache/commons/commons-pool2/2.6.0/commons-pool2-2.6.0.jar:/home/user/.m2/repository/org/bouncycastle/bcpkix-jdk15on/1.60/bcpkix-jdk15on-1.60.jar:/home/user/.m2/repository/commons-validator/commons-validator/1.6/commons-validator-1.6.jar:/home/user/.m2/repository/commons-digester/commons-digester/1.8.1/commons-digester-1.8.1.jar:/home/user/.m2/repository/io/jaegertracing/jaeger-client/0.33.1/jaeger-client-0.33.1.jar:/home/user/.m2/repository/io/jaegertracing/jaeger-thrift/0.33.1/jaeger-thrift-0.33.1.jar:/home/user/.m2/repository/org/apache/thrift/libthrift/0.11.0/libthrift-0.11.0.jar:/home/user/.m2/repository/com/squareup/okhttp3/okhttp/3.9.0/okhttp-3.9.0.jar:/home/user/.m2/repository/com/squareup/okio/okio/1.13.0/okio-1.13.0.jar:/home/user/.m2/repository/io/jaegertracing/jaeger-core/0.33.1/jaeger-core-0.33.1.jar:/home/user/.m2/repository/io/jaegertracing/jaeger-tracerresolver/0.33.1/jaeger-tracerresolver-0.33.1.jar:/home/user/.m2/repository/io/opentracing/contrib/opentracing-tracerresolver/0.1.5/opentracing-tracerresolver-0.1.5.jar:/home/user/.m2/repository/io/opentracing/opentracing-util/0.31.0/opentracing-util-0.31.0.jar:/home/user/.m2/repository/io/opentracing/opentracing-api/0.31.0/opentracing-api-0.31.0.jar:/home/user/.m2/repository/io/opentracing/opentracing-noop/0.31.0/opentracing-noop-0.31.0.jar:/home/user/.m2/repository/org/yaml/snakeyaml/1.16/snakeyaml-1.16.jar:/home/user/.m2/repository/org/apache/hadoop/hadoop-hdds-container-service/0.5.0-SNAPSHOT/hadoop-hdds-container-service-0.5.0-SNAPSHOT.jar:/home/user/.m2/repository/org/apache/hadoop/hadoop-hdds-client/0.5.0-SNAPSHOT/hadoop-hdds-client-0.5.0-SNAPSHOT.jar:/home/user/.m2/repository/org/apache/hadoop/hadoop-hdds-tools/0.5.0-SNAPSHOT/hadoop-hdds-tools-0.5.0-SNAPSHOT.jar:/home/user/.m2/repository/org/xerial/sqlite-jdbc/3.25.2/sqlite-jdbc-3.25.2.jar:/home/user/.m2/repository/org/apache/hadoop/hadoop-hdds-server-scm/0.5.0-SNAPSHOT/hadoop-hdds-server-scm-0.5.0-SNAPSHOT.jar:/home/user/.m2/repository/org/hamcrest/hamcrest-all/1.3/hamcrest-all-1.3.jar:/home/user/.m2/repository/info/picocli/picocli/3.9.6/picocli-3.9.6.jar:/home/user/.m2/repository/com/google/protobuf/protobuf-java/2.5.0/protobuf-java-2.5.0.jar:/home/user/.m2/repository/com/google/guava/guava/11.0.2/guava-11.0.2.jar:/home/user/.m2/repository/org/apache/hadoop/hadoop-ozone-client/0.5.0-SNAPSHOT/hadoop-ozone-client-0.5.0-SNAPSHOT.jar:/workdir/hadoop-ozone/ozonefs/target/classes:/home/user/.m2/repository/org/apache/hadoop/hadoop-hdds-server-framework/0.5.0-SNAPSHOT/hadoop-hdds-server-framework-0.5.0-SNAPSHOT.jar:/home/user/.m2/repository/org/apache/hadoop/hadoop-common/3.2.0/hadoop-common-3.2.0.jar:/home/user/.m2/repository/org/apache/hadoop/hadoop-annotations/3.2.0/hadoop-annotations-3.2.0.jar:/usr/lib/jvm/java-1.8-openjdk/jre/../lib/tools.jar:/home/user/.m2/repository/commons-cli/commons-cli/1.2/commons-cli-1.2.jar:/home/user/.m2/repository/org/apache/commons/commons-math3/3.1.1/commons-math3-3.1.1.jar:/home/user/.m2/repository/org/apache/httpcomponents/httpclient/4.5.2/httpclient-4.5.2.jar:/home/user/.m2/repository/org/apache/httpcomponents/httpcore/4.4.4/httpcore-4.4.4.jar:/home/user/.m2/repository/commons-codec/commons-codec/1.11/commons-codec-1.11.jar:/home/user/.m2/repository/commons-io/commons-io/2.5/commons-io-2.5.jar:/home/user/.m2/repository/commons-net/commons-net/3.6/commons-net-3.6.jar:/home/user/.m2/repository/commons-collections/commons-collections/3.2.2/commons-collections-3.2.2.jar:/home/user/.m2/repository/javax/servlet/javax.servlet-api/3.1.0/javax.servlet-api-3.1.0.jar:/home/user/.m2/repository/org/eclipse/jetty/jetty-server/9.3.24.v20180605/jetty-server-9.3.24.v20180605.jar:/home/user/.m2/repository/org/eclipse/jetty/jetty-http/9.3.24.v20180605/jetty-http-9.3.24.v20180605.jar:/home/user/.m2/repository/org/eclipse/jetty/jetty-io/9.3.24.v20180605/jetty-io-9.3.24.v20180605.jar:/home/user/.m2/repository/org/eclipse/jetty/jetty-util/9.3.24.v20180605/jetty-util-9.3.24.v20180605.jar:/home/user/.m2/repository/org/eclipse/jetty/jetty-servlet/9.3.24.v20180605/jetty-servlet-9.3.24.v20180605.jar:/home/user/.m2/repository/org/eclipse/jetty/jetty-security/9.3.24.v20180605/jetty-security-9.3.24.v20180605.jar:/home/user/.m2/repository/org/eclipse/jetty/jetty-webapp/9.3.24.v20180605/jetty-webapp-9.3.24.v20180605.jar:/home/user/.m2/repository/org/eclipse/jetty/jetty-xml/9.3.24.v20180605/jetty-xml-9.3.24.v20180605.jar:/home/user/.m2/repository/javax/servlet/jsp/jsp-api/2.1/jsp-api-2.1.jar:/home/user/.m2/repository/com/sun/jersey/jersey-core/1.19/jersey-core-1.19.jar:/home/user/.m2/repository/javax/ws/rs/jsr311-api/1.1.1/jsr311-api-1.1.1.jar:/home/user/.m2/repository/com/sun/jersey/jersey-servlet/1.19/jersey-servlet-1.19.jar:/home/user/.m2/repository/com/sun/jersey/jersey-json/1.19/jersey-json-1.19.jar:/home/user/.m2/repository/org/codehaus/jettison/jettison/1.1/jettison-1.1.jar:/home/user/.m2/repository/com/sun/xml/bind/jaxb-impl/2.3.0.1/jaxb-impl-2.3.0.1.jar:/home/user/.m2/repository/org/codehaus/jackson/jackson-core-asl/1.9.13/jackson-core-asl-1.9.13.jar:/home/user/.m2/repository/org/codehaus/jackson/jackson-mapper-asl/1.9.13/jackson-mapper-asl-1.9.13.jar:/home/user/.m2/repository/org/codehaus/jackson/jackson-jaxrs/1.9.13/jackson-jaxrs-1.9.13.jar:/home/user/.m2/repository/org/codehaus/jackson/jackson-xc/1.9.13/jackson-xc-1.9.13.jar:/home/user/.m2/repository/com/sun/jersey/jersey-server/1.19/jersey-server-1.19.jar:/home/user/.m2/repository/commons-logging/commons-logging/1.1.3/commons-logging-1.1.3.jar:/home/user/.m2/repository/log4j/log4j/1.2.17/log4j-1.2.17.jar:/home/user/.m2/repository/commons-beanutils/commons-beanutils/1.9.3/commons-beanutils-1.9.3.jar:/home/user/.m2/repository/org/apache/commons/commons-configuration2/2.1.1/commons-configuration2-2.1.1.jar:/home/user/.m2/repository/org/apache/commons/commons-lang3/3.7/commons-lang3-3.7.jar:/home/user/.m2/repository/org/apache/commons/commons-text/1.4/commons-text-1.4.jar:/home/user/.m2/repository/org/slf4j/slf4j-api/1.7.25/slf4j-api-1.7.25.jar:/home/user/.m2/repository/org/slf4j/slf4j-log4j12/1.7.25/slf4j-log4j12-1.7.25.jar:/home/user/.m2/repository/org/apache/avro/avro/1.7.7/avro-1.7.7.jar:/home/user/.m2/repository/com/thoughtworks/paranamer/paranamer/2.3/paranamer-2.3.jar:/home/user/.m2/repository/org/xerial/snappy/snappy-java/1.0.5/snappy-java-1.0.5.jar:/home/user/.m2/repository/com/google/re2j/re2j/1.1/re2j-1.1.jar:/home/user/.m2/repository/com/google/code/gson/gson/2.2.4/gson-2.2.4.jar:/home/user/.m2/repository/org/apache/hadoop/hadoop-auth/3.2.0/hadoop-auth-3.2.0.jar:/home/user/.m2/repository/com/nimbusds/nimbus-jose-jwt/4.41.1/nimbus-jose-jwt-4.41.1.jar:/home/user/.m2/repository/com/github/stephenc/jcip/jcip-annotations/1.0-1/jcip-annotations-1.0-1.jar:/home/user/.m2/repository/net/minidev/json-smart/2.3/json-smart-2.3.jar:/home/user/.m2/repository/net/minidev/accessors-smart/1.2/accessors-smart-1.2.jar:/home/user/.m2/repository/org/apache/curator/curator-framework/2.12.0/curator-framework-2.12.0.jar:/home/user/.m2/repository/com/jcraft/jsch/0.1.54/jsch-0.1.54.jar:/home/user/.m2/repository/org/apache/curator/curator-client/2.12.0/curator-client-2.12.0.jar:/home/user/.m2/repository/org/apache/curator/curator-recipes/2.12.0/curator-recipes-2.12.0.jar:/home/user/.m2/repository/com/google/code/findbugs/jsr305/3.0.0/jsr305-3.0.0.jar:/home/user/.m2/repository/org/apache/htrace/htrace-core4/4.1.0-incubating/htrace-core4-4.1.0-incubating.jar:/home/user/.m2/repository/org/apache/zookeeper/zookeeper/3.4.13/zookeeper-3.4.13.jar:/home/user/.m2/repository/org/apache/yetus/audience-annotations/0.5.0/audience-annotations-0.5.0.jar:/home/user/.m2/repository/org/apache/kerby/kerb-simplekdc/1.0.1/kerb-simplekdc-1.0.1.jar:/home/user/.m2/repository/org/apache/kerby/kerb-client/1.0.1/kerb-client-1.0.1.jar:/home/user/.m2/repository/org/apache/kerby/kerby-config/1.0.1/kerby-config-1.0.1.jar:/home/user/.m2/repository/org/apache/kerby/kerb-core/1.0.1/kerb-core-1.0.1.jar:/home/user/.m2/repository/org/apache/kerby/kerby-pkix/1.0.1/kerby-pkix-1.0.1.jar:/home/user/.m2/repository/org/apache/kerby/kerby-asn1/1.0.1/kerby-asn1-1.0.1.jar:/home/user/.m2/repository/org/apache/kerby/kerby-util/1.0.1/kerby-util-1.0.1.jar:/home/user/.m2/repository/org/apache/kerby/kerb-common/1.0.1/kerb-common-1.0.1.jar:/home/user/.m2/repository/org/apache/kerby/kerb-crypto/1.0.1/kerb-crypto-1.0.1.jar:/home/user/.m2/repository/org/apache/kerby/kerb-util/1.0.1/kerb-util-1.0.1.jar:/home/user/.m2/repository/org/apache/kerby/token-provider/1.0.1/token-provider-1.0.1.jar:/home/user/.m2/repository/org/apache/kerby/kerb-admin/1.0.1/kerb-admin-1.0.1.jar:/home/user/.m2/repository/org/apache/kerby/kerb-server/1.0.1/kerb-server-1.0.1.jar:/home/user/.m2/repository/org/apache/kerby/kerb-identity/1.0.1/kerb-identity-1.0.1.jar:/home/user/.m2/repository/org/apache/kerby/kerby-xdr/1.0.1/kerby-xdr-1.0.1.jar:/home/user/.m2/repository/com/fasterxml/jackson/core/jackson-databind/2.9.5/jackson-databind-2.9.5.jar:/home/user/.m2/repository/com/fasterxml/jackson/core/jackson-core/2.9.5/jackson-core-2.9.5.jar:/home/user/.m2/repository/org/codehaus/woodstox/stax2-api/3.1.4/stax2-api-3.1.4.jar:/home/user/.m2/repository/com/fasterxml/woodstox/woodstox-core/5.0.3/woodstox-core-5.0.3.jar:/home/user/.m2/repository/dnsjava/dnsjava/2.1.7/dnsjava-2.1.7.jar:/home/user/.m2/repository/org/apache/hadoop/hadoop-hdfs/3.2.0/hadoop-hdfs-3.2.0.jar:/home/user/.m2/repository/org/eclipse/jetty/jetty-util-ajax/9.3.24.v20180605/jetty-util-ajax-9.3.24.v20180605.jar:/home/user/.m2/repository/commons-daemon/commons-daemon/1.0.13/commons-daemon-1.0.13.jar:/home/user/.m2/repository/io/netty/netty/3.10.5.Final/netty-3.10.5.Final.jar:/home/user/.m2/repository/io/netty/netty-all/4.0.52.Final/netty-all-4.0.52.Final.jar:/home/user/.m2/repository/org/fusesource/leveldbjni/leveldbjni-all/1.8/leveldbjni-all-1.8.jar:/home/user/.m2/repository/com/sun/xml/bind/jaxb-core/2.3.0.1/jaxb-core-2.3.0.1.jar:/home/user/.m2/repository/javax/xml/bind/jaxb-api/2.3.0/jaxb-api-2.3.0.jar:/home/user/.m2/repository/javax/activation/activation/1.1.1/activation-1.1.1.jar:/home/user/.m2/repository/io/dropwizard/metrics/metrics-core/3.2.4/metrics-core-3.2.4.jar:/home/user/.m2/repository/org/openjdk/jmh/jmh-core/1.19/jmh-core-1.19.jar:/home/user/.m2/repository/net/sf/jopt-simple/jopt-simple/4.6/jopt-simple-4.6.jar:/home/user/.m2/repository/org/openjdk/jmh/jmh-generator-annprocess/1.19/jmh-generator-annprocess-1.19.jar:/home/user/.m2/repository/com/google/code/findbugs/findbugs/3.0.1/findbugs-3.0.1.jar:/home/user/.m2/repository/net/jcip/jcip-annotations/1.0/jcip-annotations-1.0.jar:/home/user/.m2/repository/com/google/code/findbugs/bcel-findbugs/6.0/bcel-findbugs-6.0.jar:/home/user/.m2/repository/com/google/code/findbugs/jFormatString/2.0.1/jFormatString-2.0.1.jar:/home/user/.m2/repository/dom4j/dom4j/1.6.1/dom4j-1.6.1.jar:/home/user/.m2/repository/xml-apis/xml-apis/1.0.b2/xml-apis-1.0.b2.jar:/home/user/.m2/repository/org/ow2/asm/asm-debug-all/5.0.2/asm-debug-all-5.0.2.jar:/home/user/.m2/repository/org/ow2/asm/asm-commons/5.0.2/asm-commons-5.0.2.jar:/home/user/.m2/repository/org/ow2/asm/asm-tree/5.0.2/asm-tree-5.0.2.jar:/home/user/.m2/repository/org/ow2/asm/asm/5.0.4/asm-5.0.4.jar:/home/user/.m2/repository/commons-lang/commons-lang/2.6/commons-lang-2.6.jar:/home/user/.m2/repository/com/apple/AppleJavaExtensions/1.4/AppleJavaExtensions-1.4.jar:/home/user/.m2/repository/jaxen/jaxen/1.1.6/jaxen-1.1.6.jar:/home/user/.m2/repository/junit/junit/4.11/junit-4.11.jar:/home/user/.m2/repository/org/hamcrest/hamcrest-core/1.3/hamcrest-core-1.3.jar:/home/user/.m2/repository/org/apache/hadoop/hadoop-common/3.2.0/hadoop-common-3.2.0-tests.jar:/workdir/hadoop-ozone/integration-test/target/test-classes:/home/user/.m2/repository/org/apache/hadoop/hadoop-ozone-objectstore-service/0.5.0-SNAPSHOT/hadoop-ozone-objectstore-service-0.5.0-SNAPSHOT.jar:/home/user/.m2/repository/org/apache/hadoop/hadoop-ozone-s3gateway/0.5.0-SNAPSHOT/hadoop-ozone-s3gateway-0.5.0-SNAPSHOT.jar:/home/user/.m2/repository/org/jboss/weld/servlet/weld-servlet/2.4.7.Final/weld-servlet-2.4.7.Final.jar:/home/user/.m2/repository/org/glassfish/jersey/containers/jersey-container-servlet-core/2.27/jersey-container-servlet-core-2.27.jar:/home/user/.m2/repository/org/glassfish/hk2/external/javax.inject/2.5.0-b42/javax.inject-2.5.0-b42.jar:/home/user/.m2/repository/org/glassfish/jersey/core/jersey-common/2.27/jersey-common-2.27.jar:/home/user/.m2/repository/org/glassfish/hk2/osgi-resource-locator/1.0.1/osgi-resource-locator-1.0.1.jar:/home/user/.m2/repository/javax/ws/rs/javax.ws.rs-api/2.1/javax.ws.rs-api-2.1.jar:/home/user/.m2/repository/org/glassfish/jersey/ext/cdi/jersey-cdi1x/2.27/jersey-cdi1x-2.27.jar:/home/user/.m2/repository/org/glassfish/jersey/inject/jersey-hk2/2.27/jersey-hk2-2.27.jar:/home/user/.m2/repository/org/glassfish/hk2/hk2-locator/2.5.0-b42/hk2-locator-2.5.0-b42.jar:/home/user/.m2/repository/org/javassist/javassist/3.22.0-CR2/javassist-3.22.0-CR2.jar:/home/user/.m2/repository/org/glassfish/hk2/hk2-api/2.5.0/hk2-api-2.5.0.jar:/home/user/.m2/repository/org/glassfish/hk2/external/jakarta.inject/2.5.0/jakarta.inject-2.5.0.jar:/home/user/.m2/repository/org/glassfish/hk2/hk2-utils/2.5.0/hk2-utils-2.5.0.jar:/home/user/.m2/repository/jakarta/annotation/jakarta.annotation-api/1.3.4/jakarta.annotation-api-1.3.4.jar:/home/user/.m2/repository/org/glassfish/hk2/external/aopalliance-repackaged/2.5.0/aopalliance-repackaged-2.5.0.jar:/home/user/.m2/repository/com/fasterxml/jackson/dataformat/jackson-dataformat-xml/2.9.0/jackson-dataformat-xml-2.9.0.jar:/home/user/.m2/repository/com/fasterxml/jackson/module/jackson-module-jaxb-annotations/2.9.5/jackson-module-jaxb-annotations-2.9.5.jar:/home/user/.m2/repository/javax/enterprise/cdi-api/1.2/cdi-api-1.2.jar:/home/user/.m2/repository/javax/el/javax.el-api/3.0.0/javax.el-api-3.0.0.jar:/home/user/.m2/repository/javax/interceptor/javax.interceptor-api/1.2/javax.interceptor-api-1.2.jar:/home/user/.m2/repository/javax/inject/javax.inject/1/javax.inject-1.jar:/home/user/.m2/repository/org/apache/hadoop/hadoop-ozone-csi/0.5.0-SNAPSHOT/hadoop-ozone-csi-0.5.0-SNAPSHOT.jar:/home/user/.m2/repository/com/google/protobuf/protobuf-java-util/3.5.1/protobuf-java-util-3.5.1.jar:/home/user/.m2/repository/io/grpc/grpc-netty/1.17.1/grpc-netty-1.17.1.jar:/home/user/.m2/repository/io/grpc/grpc-core/1.17.1/grpc-core-1.17.1.jar:/home/user/.m2/repository/io/grpc/grpc-context/1.17.1/grpc-context-1.17.1.jar:/home/user/.m2/repository/com/google/errorprone/error_prone_annotations/2.2.0/error_prone_annotations-2.2.0.jar:/home/user/.m2/repository/org/codehaus/mojo/animal-sniffer-annotations/1.17/animal-sniffer-annotations-1.17.jar:/home/user/.m2/repository/io/opencensus/opencensus-api/0.17.0/opencensus-api-0.17.0.jar:/home/user/.m2/repository/io/opencensus/opencensus-contrib-grpc-metrics/0.17.0/opencensus-contrib-grpc-metrics-0.17.0.jar:/home/user/.m2/repository/io/netty/netty-codec-http2/4.1.30.Final/netty-codec-http2-4.1.30.Final.jar:/home/user/.m2/repository/io/netty/netty-codec-http/4.1.30.Final/netty-codec-http-4.1.30.Final.jar:/home/user/.m2/repository/io/netty/netty-codec/4.1.30.Final/netty-codec-4.1.30.Final.jar:/home/user/.m2/repository/io/netty/netty-handler/4.1.30.Final/netty-handler-4.1.30.Final.jar:/home/user/.m2/repository/io/netty/netty-handler-proxy/4.1.30.Final/netty-handler-proxy-4.1.30.Final.jar:/home/user/.m2/repository/io/netty/netty-codec-socks/4.1.30.Final/netty-codec-socks-4.1.30.Final.jar:/home/user/.m2/repository/io/netty/netty-transport-native-epoll/4.1.30.Final/netty-transport-native-epoll-4.1.30.Final.jar:/home/user/.m2/repository/io/netty/netty-common/4.1.30.Final/netty-common-4.1.30.Final.jar:/home/user/.m2/repository/io/netty/netty-buffer/4.1.30.Final/netty-buffer-4.1.30.Final.jar:/home/user/.m2/repository/io/netty/netty-transport/4.1.30.Final/netty-transport-4.1.30.Final.jar:/home/user/.m2/repository/io/netty/netty-resolver/4.1.30.Final/netty-resolver-4.1.30.Final.jar:/home/user/.m2/repository/io/netty/netty-transport-native-unix-common/4.1.30.Final/netty-transport-native-unix-common-4.1.30.Final.jar:/home/user/.m2/repository/io/grpc/grpc-protobuf/1.17.1/grpc-protobuf-1.17.1.jar:/home/user/.m2/repository/com/google/api/grpc/proto-google-common-protos/1.0.0/proto-google-common-protos-1.0.0.jar:/home/user/.m2/repository/io/grpc/grpc-protobuf-lite/1.17.1/grpc-protobuf-lite-1.17.1.jar:/home/user/.m2/repository/io/grpc/grpc-stub/1.17.1/grpc-stub-1.17.1.jar:/home/user/.m2/repository/org/apache/hadoop/hadoop-ozone-recon/0.5.0-SNAPSHOT/hadoop-ozone-recon-0.5.0-SNAPSHOT.jar:/home/user/.m2/repository/org/apache/hadoop/hadoop-ozone-reconcodegen/0.5.0-SNAPSHOT/hadoop-ozone-reconcodegen-0.5.0-SNAPSHOT.jar:/home/user/.m2/repository/com/google/inject/extensions/guice-multibindings/4.0/guice-multibindings-4.0.jar:/home/user/.m2/repository/com/google/inject/guice/4.0/guice-4.0.jar:/home/user/.m2/repository/aopalliance/aopalliance/1.0/aopalliance-1.0.jar:/home/user/.m2/repository/com/google/inject/extensions/guice-servlet/4.0/guice-servlet-4.0.jar:/home/user/.m2/repository/org/glassfish/jersey/containers/jersey-container-servlet/2.27/jersey-container-servlet-2.27.jar:/home/user/.m2/repository/org/glassfish/hk2/guice-bridge/2.5.0/guice-bridge-2.5.0.jar:/home/user/.m2/repository/org/glassfish/jersey/core/jersey-server/2.27/jersey-server-2.27.jar:/home/user/.m2/repository/org/glassfish/jersey/core/jersey-client/2.27/jersey-client-2.27.jar:/home/user/.m2/repository/org/glassfish/jersey/media/jersey-media-jaxb/2.27/jersey-media-jaxb-2.27.jar:/home/user/.m2/repository/javax/validation/validation-api/1.1.0.Final/validation-api-1.1.0.Final.jar:/home/user/.m2/repository/org/glassfish/jersey/media/jersey-media-json-jackson/2.27/jersey-media-json-jackson-2.27.jar:/home/user/.m2/repository/org/glassfish/jersey/ext/jersey-entity-filtering/2.27/jersey-entity-filtering-2.27.jar:/home/user/.m2/repository/com/google/inject/extensions/guice-assistedinject/4.0/guice-assistedinject-4.0.jar:/home/user/.m2/repository/org/jooq/jooq/3.11.10/jooq-3.11.10.jar:/home/user/.m2/repository/org/jooq/jooq-meta/3.11.10/jooq-meta-3.11.10.jar:/home/user/.m2/repository/org/jooq/jooq-codegen/3.11.10/jooq-codegen-3.11.10.jar:/home/user/.m2/repository/com/jolbox/bonecp/0.8.0.RELEASE/bonecp-0.8.0.RELEASE.jar:/home/user/.m2/repository/org/springframework/spring-jdbc/5.1.3.RELEASE/spring-jdbc-5.1.3.RELEASE.jar:/home/user/.m2/repository/org/springframework/spring-beans/5.1.3.RELEASE/spring-beans-5.1.3.RELEASE.jar:/home/user/.m2/repository/org/springframework/spring-core/5.1.3.RELEASE/spring-core-5.1.3.RELEASE.jar:/home/user/.m2/repository/org/springframework/spring-jcl/5.1.3.RELEASE/spring-jcl-5.1.3.RELEASE.jar:/home/user/.m2/repository/org/springframework/spring-tx/5.1.3.RELEASE/spring-tx-5.1.3.RELEASE.jar:/home/user/.m2/repository/org/mockito/mockito-core/2.15.0/mockito-core-2.15.0.jar:/home/user/.m2/repository/net/bytebuddy/byte-buddy/1.7.9/byte-buddy-1.7.9.jar:/home/user/.m2/repository/net/bytebuddy/byte-buddy-agent/1.7.9/byte-buddy-agent-1.7.9.jar:/home/user/.m2/repository/org/objenesis/objenesis/1.0/objenesis-1.0.jar:"/>
    <property name="java.vm.vendor" value="IcedTea"/>
    <property name="sun.arch.data.model" value="64"/>
    <property name="test.build.dir" value="/workdir/hadoop-ozone/tools/target/test-dir"/>
    <property name="test.cache.data" value=""/>
    <property name="java.vendor.url" value="https://icedtea.classpath.org"/>
    <property name="user.timezone" value=""/>
    <property name="java.vm.specification.version" value="1.8"/>
    <property name="os.name" value="Linux"/>
    <property name="test.build.data" value="/workdir/hadoop-ozone/tools/target/test-dir"/>
    <property name="user.country" value="US"/>
    <property name="sun.java.launcher" value="SUN_STANDARD"/>
    <property name="sun.boot.library.path" value="/usr/lib/jvm/java-1.8-openjdk/jre/lib/amd64"/>
    <property name="sun.java.command" value="/workdir/hadoop-ozone/tools/target/surefire/surefirebooter6887207715417754404.jar /workdir/hadoop-ozone/tools/target/surefire 2019-08-23T09-39-57_368-jvmRun1 surefire3181144665179032514tmp surefire_1222111620395509800469tmp"/>
    <property name="test" value="!TestMiniChaosOzoneCluster"/>
    <property name="surefire.test.class.path" value="/workdir/hadoop-ozone/tools/target/test-classes:/workdir/hadoop-ozone/tools/target/classes:/home/user/.m2/repository/org/apache/hadoop/hadoop-ozone-ozone-manager/0.5.0-SNAPSHOT/hadoop-ozone-ozone-manager-0.5.0-SNAPSHOT.jar:/home/user/.m2/repository/org/apache/hadoop/hadoop-hdds-docs/0.5.0-SNAPSHOT/hadoop-hdds-docs-0.5.0-SNAPSHOT.jar:/home/user/.m2/repository/org/bouncycastle/bcprov-jdk15on/1.60/bcprov-jdk15on-1.60.jar:/home/user/.m2/repository/org/apache/hadoop/hadoop-ozone-common/0.5.0-SNAPSHOT/hadoop-ozone-common-0.5.0-SNAPSHOT.jar:/home/user/.m2/repository/org/apache/commons/commons-compress/1.4.1/commons-compress-1.4.1.jar:/home/user/.m2/repository/org/tukaani/xz/1.0/xz-1.0.jar:/home/user/.m2/repository/org/apache/hadoop/hadoop-hdfs-client/3.2.0/hadoop-hdfs-client-3.2.0.jar:/home/user/.m2/repository/com/fasterxml/jackson/core/jackson-annotations/2.9.5/jackson-annotations-2.9.5.jar:/home/user/.m2/repository/org/apache/hadoop/hadoop-hdds-common/0.5.0-SNAPSHOT/hadoop-hdds-common-0.5.0-SNAPSHOT.jar:/home/user/.m2/repository/org/apache/hadoop/hadoop-hdds-config/0.5.0-SNAPSHOT/hadoop-hdds-config-0.5.0-SNAPSHOT.jar:/home/user/.m2/repository/javax/annotation/javax.annotation-api/1.2/javax.annotation-api-1.2.jar:/home/user/.m2/repository/org/apache/ratis/ratis-server/0.4.0-2337318-SNAPSHOT/ratis-server-0.4.0-2337318-SNAPSHOT.jar:/home/user/.m2/repository/org/apache/ratis/ratis-thirdparty-misc/0.2.0/ratis-thirdparty-misc-0.2.0.jar:/home/user/.m2/repository/org/apache/ratis/ratis-proto/0.4.0-2337318-SNAPSHOT/ratis-proto-0.4.0-2337318-SNAPSHOT.jar:/home/user/.m2/repository/org/apache/ratis/ratis-common/0.4.0-2337318-SNAPSHOT/ratis-common-0.4.0-2337318-SNAPSHOT.jar:/home/user/.m2/repository/org/apache/ratis/ratis-client/0.4.0-2337318-SNAPSHOT/ratis-client-0.4.0-2337318-SNAPSHOT.jar:/home/user/.m2/repository/org/apache/ratis/ratis-metrics/0.4.0-2337318-SNAPSHOT/ratis-metrics-0.4.0-2337318-SNAPSHOT.jar:/home/user/.m2/repository/org/apache/ratis/ratis-netty/0.4.0-2337318-SNAPSHOT/ratis-netty-0.4.0-2337318-SNAPSHOT.jar:/home/user/.m2/repository/org/apache/ratis/ratis-grpc/0.4.0-2337318-SNAPSHOT/ratis-grpc-0.4.0-2337318-SNAPSHOT.jar:/home/user/.m2/repository/org/rocksdb/rocksdbjni/6.0.1/rocksdbjni-6.0.1.jar:/home/user/.m2/repository/org/apache/logging/log4j/log4j-api/2.11.0/log4j-api-2.11.0.jar:/home/user/.m2/repository/org/apache/logging/log4j/log4j-core/2.11.0/log4j-core-2.11.0.jar:/home/user/.m2/repository/com/lmax/disruptor/3.4.2/disruptor-3.4.2.jar:/home/user/.m2/repository/org/apache/commons/commons-pool2/2.6.0/commons-pool2-2.6.0.jar:/home/user/.m2/repository/org/bouncycastle/bcpkix-jdk15on/1.60/bcpkix-jdk15on-1.60.jar:/home/user/.m2/repository/commons-validator/commons-validator/1.6/commons-validator-1.6.jar:/home/user/.m2/repository/commons-digester/commons-digester/1.8.1/commons-digester-1.8.1.jar:/home/user/.m2/repository/io/jaegertracing/jaeger-client/0.33.1/jaeger-client-0.33.1.jar:/home/user/.m2/repository/io/jaegertracing/jaeger-thrift/0.33.1/jaeger-thrift-0.33.1.jar:/home/user/.m2/repository/org/apache/thrift/libthrift/0.11.0/libthrift-0.11.0.jar:/home/user/.m2/repository/com/squareup/okhttp3/okhttp/3.9.0/okhttp-3.9.0.jar:/home/user/.m2/repository/com/squareup/okio/okio/1.13.0/okio-1.13.0.jar:/home/user/.m2/repository/io/jaegertracing/jaeger-core/0.33.1/jaeger-core-0.33.1.jar:/home/user/.m2/repository/io/jaegertracing/jaeger-tracerresolver/0.33.1/jaeger-tracerresolver-0.33.1.jar:/home/user/.m2/repository/io/opentracing/contrib/opentracing-tracerresolver/0.1.5/opentracing-tracerresolver-0.1.5.jar:/home/user/.m2/repository/io/opentracing/opentracing-util/0.31.0/opentracing-util-0.31.0.jar:/home/user/.m2/repository/io/opentracing/opentracing-api/0.31.0/opentracing-api-0.31.0.jar:/home/user/.m2/repository/io/opentracing/opentracing-noop/0.31.0/opentracing-noop-0.31.0.jar:/home/user/.m2/repository/org/yaml/snakeyaml/1.16/snakeyaml-1.16.jar:/home/user/.m2/repository/org/apache/hadoop/hadoop-hdds-container-service/0.5.0-SNAPSHOT/hadoop-hdds-container-service-0.5.0-SNAPSHOT.jar:/home/user/.m2/repository/org/apache/hadoop/hadoop-hdds-client/0.5.0-SNAPSHOT/hadoop-hdds-client-0.5.0-SNAPSHOT.jar:/home/user/.m2/repository/org/apache/hadoop/hadoop-hdds-tools/0.5.0-SNAPSHOT/hadoop-hdds-tools-0.5.0-SNAPSHOT.jar:/home/user/.m2/repository/org/xerial/sqlite-jdbc/3.25.2/sqlite-jdbc-3.25.2.jar:/home/user/.m2/repository/org/apache/hadoop/hadoop-hdds-server-scm/0.5.0-SNAPSHOT/hadoop-hdds-server-scm-0.5.0-SNAPSHOT.jar:/home/user/.m2/repository/org/hamcrest/hamcrest-all/1.3/hamcrest-all-1.3.jar:/home/user/.m2/repository/info/picocli/picocli/3.9.6/picocli-3.9.6.jar:/home/user/.m2/repository/com/google/protobuf/protobuf-java/2.5.0/protobuf-java-2.5.0.jar:/home/user/.m2/repository/com/google/guava/guava/11.0.2/guava-11.0.2.jar:/home/user/.m2/repository/org/apache/hadoop/hadoop-ozone-client/0.5.0-SNAPSHOT/hadoop-ozone-client-0.5.0-SNAPSHOT.jar:/workdir/hadoop-ozone/ozonefs/target/classes:/home/user/.m2/repository/org/apache/hadoop/hadoop-hdds-server-framework/0.5.0-SNAPSHOT/hadoop-hdds-server-framework-0.5.0-SNAPSHOT.jar:/home/user/.m2/repository/org/apache/hadoop/hadoop-common/3.2.0/hadoop-common-3.2.0.jar:/home/user/.m2/repository/org/apache/hadoop/hadoop-annotations/3.2.0/hadoop-annotations-3.2.0.jar:/usr/lib/jvm/java-1.8-openjdk/jre/../lib/tools.jar:/home/user/.m2/repository/commons-cli/commons-cli/1.2/commons-cli-1.2.jar:/home/user/.m2/repository/org/apache/commons/commons-math3/3.1.1/commons-math3-3.1.1.jar:/home/user/.m2/repository/org/apache/httpcomponents/httpclient/4.5.2/httpclient-4.5.2.jar:/home/user/.m2/repository/org/apache/httpcomponents/httpcore/4.4.4/httpcore-4.4.4.jar:/home/user/.m2/repository/commons-codec/commons-codec/1.11/commons-codec-1.11.jar:/home/user/.m2/repository/commons-io/commons-io/2.5/commons-io-2.5.jar:/home/user/.m2/repository/commons-net/commons-net/3.6/commons-net-3.6.jar:/home/user/.m2/repository/commons-collections/commons-collections/3.2.2/commons-collections-3.2.2.jar:/home/user/.m2/repository/javax/servlet/javax.servlet-api/3.1.0/javax.servlet-api-3.1.0.jar:/home/user/.m2/repository/org/eclipse/jetty/jetty-server/9.3.24.v20180605/jetty-server-9.3.24.v20180605.jar:/home/user/.m2/repository/org/eclipse/jetty/jetty-http/9.3.24.v20180605/jetty-http-9.3.24.v20180605.jar:/home/user/.m2/repository/org/eclipse/jetty/jetty-io/9.3.24.v20180605/jetty-io-9.3.24.v20180605.jar:/home/user/.m2/repository/org/eclipse/jetty/jetty-util/9.3.24.v20180605/jetty-util-9.3.24.v20180605.jar:/home/user/.m2/repository/org/eclipse/jetty/jetty-servlet/9.3.24.v20180605/jetty-servlet-9.3.24.v20180605.jar:/home/user/.m2/repository/org/eclipse/jetty/jetty-security/9.3.24.v20180605/jetty-security-9.3.24.v20180605.jar:/home/user/.m2/repository/org/eclipse/jetty/jetty-webapp/9.3.24.v20180605/jetty-webapp-9.3.24.v20180605.jar:/home/user/.m2/repository/org/eclipse/jetty/jetty-xml/9.3.24.v20180605/jetty-xml-9.3.24.v20180605.jar:/home/user/.m2/repository/javax/servlet/jsp/jsp-api/2.1/jsp-api-2.1.jar:/home/user/.m2/repository/com/sun/jersey/jersey-core/1.19/jersey-core-1.19.jar:/home/user/.m2/repository/javax/ws/rs/jsr311-api/1.1.1/jsr311-api-1.1.1.jar:/home/user/.m2/repository/com/sun/jersey/jersey-servlet/1.19/jersey-servlet-1.19.jar:/home/user/.m2/repository/com/sun/jersey/jersey-json/1.19/jersey-json-1.19.jar:/home/user/.m2/repository/org/codehaus/jettison/jettison/1.1/jettison-1.1.jar:/home/user/.m2/repository/com/sun/xml/bind/jaxb-impl/2.3.0.1/jaxb-impl-2.3.0.1.jar:/home/user/.m2/repository/org/codehaus/jackson/jackson-core-asl/1.9.13/jackson-core-asl-1.9.13.jar:/home/user/.m2/repository/org/codehaus/jackson/jackson-mapper-asl/1.9.13/jackson-mapper-asl-1.9.13.jar:/home/user/.m2/repository/org/codehaus/jackson/jackson-jaxrs/1.9.13/jackson-jaxrs-1.9.13.jar:/home/user/.m2/repository/org/codehaus/jackson/jackson-xc/1.9.13/jackson-xc-1.9.13.jar:/home/user/.m2/repository/com/sun/jersey/jersey-server/1.19/jersey-server-1.19.jar:/home/user/.m2/repository/commons-logging/commons-logging/1.1.3/commons-logging-1.1.3.jar:/home/user/.m2/repository/log4j/log4j/1.2.17/log4j-1.2.17.jar:/home/user/.m2/repository/commons-beanutils/commons-beanutils/1.9.3/commons-beanutils-1.9.3.jar:/home/user/.m2/repository/org/apache/commons/commons-configuration2/2.1.1/commons-configuration2-2.1.1.jar:/home/user/.m2/repository/org/apache/commons/commons-lang3/3.7/commons-lang3-3.7.jar:/home/user/.m2/repository/org/apache/commons/commons-text/1.4/commons-text-1.4.jar:/home/user/.m2/repository/org/slf4j/slf4j-api/1.7.25/slf4j-api-1.7.25.jar:/home/user/.m2/repository/org/slf4j/slf4j-log4j12/1.7.25/slf4j-log4j12-1.7.25.jar:/home/user/.m2/repository/org/apache/avro/avro/1.7.7/avro-1.7.7.jar:/home/user/.m2/repository/com/thoughtworks/paranamer/paranamer/2.3/paranamer-2.3.jar:/home/user/.m2/repository/org/xerial/snappy/snappy-java/1.0.5/snappy-java-1.0.5.jar:/home/user/.m2/repository/com/google/re2j/re2j/1.1/re2j-1.1.jar:/home/user/.m2/repository/com/google/code/gson/gson/2.2.4/gson-2.2.4.jar:/home/user/.m2/repository/org/apache/hadoop/hadoop-auth/3.2.0/hadoop-auth-3.2.0.jar:/home/user/.m2/repository/com/nimbusds/nimbus-jose-jwt/4.41.1/nimbus-jose-jwt-4.41.1.jar:/home/user/.m2/repository/com/github/stephenc/jcip/jcip-annotations/1.0-1/jcip-annotations-1.0-1.jar:/home/user/.m2/repository/net/minidev/json-smart/2.3/json-smart-2.3.jar:/home/user/.m2/repository/net/minidev/accessors-smart/1.2/accessors-smart-1.2.jar:/home/user/.m2/repository/org/apache/curator/curator-framework/2.12.0/curator-framework-2.12.0.jar:/home/user/.m2/repository/com/jcraft/jsch/0.1.54/jsch-0.1.54.jar:/home/user/.m2/repository/org/apache/curator/curator-client/2.12.0/curator-client-2.12.0.jar:/home/user/.m2/repository/org/apache/curator/curator-recipes/2.12.0/curator-recipes-2.12.0.jar:/home/user/.m2/repository/com/google/code/findbugs/jsr305/3.0.0/jsr305-3.0.0.jar:/home/user/.m2/repository/org/apache/htrace/htrace-core4/4.1.0-incubating/htrace-core4-4.1.0-incubating.jar:/home/user/.m2/repository/org/apache/zookeeper/zookeeper/3.4.13/zookeeper-3.4.13.jar:/home/user/.m2/repository/org/apache/yetus/audience-annotations/0.5.0/audience-annotations-0.5.0.jar:/home/user/.m2/repository/org/apache/kerby/kerb-simplekdc/1.0.1/kerb-simplekdc-1.0.1.jar:/home/user/.m2/repository/org/apache/kerby/kerb-client/1.0.1/kerb-client-1.0.1.jar:/home/user/.m2/repository/org/apache/kerby/kerby-config/1.0.1/kerby-config-1.0.1.jar:/home/user/.m2/repository/org/apache/kerby/kerb-core/1.0.1/kerb-core-1.0.1.jar:/home/user/.m2/repository/org/apache/kerby/kerby-pkix/1.0.1/kerby-pkix-1.0.1.jar:/home/user/.m2/repository/org/apache/kerby/kerby-asn1/1.0.1/kerby-asn1-1.0.1.jar:/home/user/.m2/repository/org/apache/kerby/kerby-util/1.0.1/kerby-util-1.0.1.jar:/home/user/.m2/repository/org/apache/kerby/kerb-common/1.0.1/kerb-common-1.0.1.jar:/home/user/.m2/repository/org/apache/kerby/kerb-crypto/1.0.1/kerb-crypto-1.0.1.jar:/home/user/.m2/repository/org/apache/kerby/kerb-util/1.0.1/kerb-util-1.0.1.jar:/home/user/.m2/repository/org/apache/kerby/token-provider/1.0.1/token-provider-1.0.1.jar:/home/user/.m2/repository/org/apache/kerby/kerb-admin/1.0.1/kerb-admin-1.0.1.jar:/home/user/.m2/repository/org/apache/kerby/kerb-server/1.0.1/kerb-server-1.0.1.jar:/home/user/.m2/repository/org/apache/kerby/kerb-identity/1.0.1/kerb-identity-1.0.1.jar:/home/user/.m2/repository/org/apache/kerby/kerby-xdr/1.0.1/kerby-xdr-1.0.1.jar:/home/user/.m2/repository/com/fasterxml/jackson/core/jackson-databind/2.9.5/jackson-databind-2.9.5.jar:/home/user/.m2/repository/com/fasterxml/jackson/core/jackson-core/2.9.5/jackson-core-2.9.5.jar:/home/user/.m2/repository/org/codehaus/woodstox/stax2-api/3.1.4/stax2-api-3.1.4.jar:/home/user/.m2/repository/com/fasterxml/woodstox/woodstox-core/5.0.3/woodstox-core-5.0.3.jar:/home/user/.m2/repository/dnsjava/dnsjava/2.1.7/dnsjava-2.1.7.jar:/home/user/.m2/repository/org/apache/hadoop/hadoop-hdfs/3.2.0/hadoop-hdfs-3.2.0.jar:/home/user/.m2/repository/org/eclipse/jetty/jetty-util-ajax/9.3.24.v20180605/jetty-util-ajax-9.3.24.v20180605.jar:/home/user/.m2/repository/commons-daemon/commons-daemon/1.0.13/commons-daemon-1.0.13.jar:/home/user/.m2/repository/io/netty/netty/3.10.5.Final/netty-3.10.5.Final.jar:/home/user/.m2/repository/io/netty/netty-all/4.0.52.Final/netty-all-4.0.52.Final.jar:/home/user/.m2/repository/org/fusesource/leveldbjni/leveldbjni-all/1.8/leveldbjni-all-1.8.jar:/home/user/.m2/repository/com/sun/xml/bind/jaxb-core/2.3.0.1/jaxb-core-2.3.0.1.jar:/home/user/.m2/repository/javax/xml/bind/jaxb-api/2.3.0/jaxb-api-2.3.0.jar:/home/user/.m2/repository/javax/activation/activation/1.1.1/activation-1.1.1.jar:/home/user/.m2/repository/io/dropwizard/metrics/metrics-core/3.2.4/metrics-core-3.2.4.jar:/home/user/.m2/repository/org/openjdk/jmh/jmh-core/1.19/jmh-core-1.19.jar:/home/user/.m2/repository/net/sf/jopt-simple/jopt-simple/4.6/jopt-simple-4.6.jar:/home/user/.m2/repository/org/openjdk/jmh/jmh-generator-annprocess/1.19/jmh-generator-annprocess-1.19.jar:/home/user/.m2/repository/com/google/code/findbugs/findbugs/3.0.1/findbugs-3.0.1.jar:/home/user/.m2/repository/net/jcip/jcip-annotations/1.0/jcip-annotations-1.0.jar:/home/user/.m2/repository/com/google/code/findbugs/bcel-findbugs/6.0/bcel-findbugs-6.0.jar:/home/user/.m2/repository/com/google/code/findbugs/jFormatString/2.0.1/jFormatString-2.0.1.jar:/home/user/.m2/repository/dom4j/dom4j/1.6.1/dom4j-1.6.1.jar:/home/user/.m2/repository/xml-apis/xml-apis/1.0.b2/xml-apis-1.0.b2.jar:/home/user/.m2/repository/org/ow2/asm/asm-debug-all/5.0.2/asm-debug-all-5.0.2.jar:/home/user/.m2/repository/org/ow2/asm/asm-commons/5.0.2/asm-commons-5.0.2.jar:/home/user/.m2/repository/org/ow2/asm/asm-tree/5.0.2/asm-tree-5.0.2.jar:/home/user/.m2/repository/org/ow2/asm/asm/5.0.4/asm-5.0.4.jar:/home/user/.m2/repository/commons-lang/commons-lang/2.6/commons-lang-2.6.jar:/home/user/.m2/repository/com/apple/AppleJavaExtensions/1.4/AppleJavaExtensions-1.4.jar:/home/user/.m2/repository/jaxen/jaxen/1.1.6/jaxen-1.1.6.jar:/home/user/.m2/repository/junit/junit/4.11/junit-4.11.jar:/home/user/.m2/repository/org/hamcrest/hamcrest-core/1.3/hamcrest-core-1.3.jar:/home/user/.m2/repository/org/apache/hadoop/hadoop-common/3.2.0/hadoop-common-3.2.0-tests.jar:/workdir/hadoop-ozone/integration-test/target/test-classes:/home/user/.m2/repository/org/apache/hadoop/hadoop-ozone-objectstore-service/0.5.0-SNAPSHOT/hadoop-ozone-objectstore-service-0.5.0-SNAPSHOT.jar:/home/user/.m2/repository/org/apache/hadoop/hadoop-ozone-s3gateway/0.5.0-SNAPSHOT/hadoop-ozone-s3gateway-0.5.0-SNAPSHOT.jar:/home/user/.m2/repository/org/jboss/weld/servlet/weld-servlet/2.4.7.Final/weld-servlet-2.4.7.Final.jar:/home/user/.m2/repository/org/glassfish/jersey/containers/jersey-container-servlet-core/2.27/jersey-container-servlet-core-2.27.jar:/home/user/.m2/repository/org/glassfish/hk2/external/javax.inject/2.5.0-b42/javax.inject-2.5.0-b42.jar:/home/user/.m2/repository/org/glassfish/jersey/core/jersey-common/2.27/jersey-common-2.27.jar:/home/user/.m2/repository/org/glassfish/hk2/osgi-resource-locator/1.0.1/osgi-resource-locator-1.0.1.jar:/home/user/.m2/repository/javax/ws/rs/javax.ws.rs-api/2.1/javax.ws.rs-api-2.1.jar:/home/user/.m2/repository/org/glassfish/jersey/ext/cdi/jersey-cdi1x/2.27/jersey-cdi1x-2.27.jar:/home/user/.m2/repository/org/glassfish/jersey/inject/jersey-hk2/2.27/jersey-hk2-2.27.jar:/home/user/.m2/repository/org/glassfish/hk2/hk2-locator/2.5.0-b42/hk2-locator-2.5.0-b42.jar:/home/user/.m2/repository/org/javassist/javassist/3.22.0-CR2/javassist-3.22.0-CR2.jar:/home/user/.m2/repository/org/glassfish/hk2/hk2-api/2.5.0/hk2-api-2.5.0.jar:/home/user/.m2/repository/org/glassfish/hk2/external/jakarta.inject/2.5.0/jakarta.inject-2.5.0.jar:/home/user/.m2/repository/org/glassfish/hk2/hk2-utils/2.5.0/hk2-utils-2.5.0.jar:/home/user/.m2/repository/jakarta/annotation/jakarta.annotation-api/1.3.4/jakarta.annotation-api-1.3.4.jar:/home/user/.m2/repository/org/glassfish/hk2/external/aopalliance-repackaged/2.5.0/aopalliance-repackaged-2.5.0.jar:/home/user/.m2/repository/com/fasterxml/jackson/dataformat/jackson-dataformat-xml/2.9.0/jackson-dataformat-xml-2.9.0.jar:/home/user/.m2/repository/com/fasterxml/jackson/module/jackson-module-jaxb-annotations/2.9.5/jackson-module-jaxb-annotations-2.9.5.jar:/home/user/.m2/repository/javax/enterprise/cdi-api/1.2/cdi-api-1.2.jar:/home/user/.m2/repository/javax/el/javax.el-api/3.0.0/javax.el-api-3.0.0.jar:/home/user/.m2/repository/javax/interceptor/javax.interceptor-api/1.2/javax.interceptor-api-1.2.jar:/home/user/.m2/repository/javax/inject/javax.inject/1/javax.inject-1.jar:/home/user/.m2/repository/org/apache/hadoop/hadoop-ozone-csi/0.5.0-SNAPSHOT/hadoop-ozone-csi-0.5.0-SNAPSHOT.jar:/home/user/.m2/repository/com/google/protobuf/protobuf-java-util/3.5.1/protobuf-java-util-3.5.1.jar:/home/user/.m2/repository/io/grpc/grpc-netty/1.17.1/grpc-netty-1.17.1.jar:/home/user/.m2/repository/io/grpc/grpc-core/1.17.1/grpc-core-1.17.1.jar:/home/user/.m2/repository/io/grpc/grpc-context/1.17.1/grpc-context-1.17.1.jar:/home/user/.m2/repository/com/google/errorprone/error_prone_annotations/2.2.0/error_prone_annotations-2.2.0.jar:/home/user/.m2/repository/org/codehaus/mojo/animal-sniffer-annotations/1.17/animal-sniffer-annotations-1.17.jar:/home/user/.m2/repository/io/opencensus/opencensus-api/0.17.0/opencensus-api-0.17.0.jar:/home/user/.m2/repository/io/opencensus/opencensus-contrib-grpc-metrics/0.17.0/opencensus-contrib-grpc-metrics-0.17.0.jar:/home/user/.m2/repository/io/netty/netty-codec-http2/4.1.30.Final/netty-codec-http2-4.1.30.Final.jar:/home/user/.m2/repository/io/netty/netty-codec-http/4.1.30.Final/netty-codec-http-4.1.30.Final.jar:/home/user/.m2/repository/io/netty/netty-codec/4.1.30.Final/netty-codec-4.1.30.Final.jar:/home/user/.m2/repository/io/netty/netty-handler/4.1.30.Final/netty-handler-4.1.30.Final.jar:/home/user/.m2/repository/io/netty/netty-handler-proxy/4.1.30.Final/netty-handler-proxy-4.1.30.Final.jar:/home/user/.m2/repository/io/netty/netty-codec-socks/4.1.30.Final/netty-codec-socks-4.1.30.Final.jar:/home/user/.m2/repository/io/netty/netty-transport-native-epoll/4.1.30.Final/netty-transport-native-epoll-4.1.30.Final.jar:/home/user/.m2/repository/io/netty/netty-common/4.1.30.Final/netty-common-4.1.30.Final.jar:/home/user/.m2/repository/io/netty/netty-buffer/4.1.30.Final/netty-buffer-4.1.30.Final.jar:/home/user/.m2/repository/io/netty/netty-transport/4.1.30.Final/netty-transport-4.1.30.Final.jar:/home/user/.m2/repository/io/netty/netty-resolver/4.1.30.Final/netty-resolver-4.1.30.Final.jar:/home/user/.m2/repository/io/netty/netty-transport-native-unix-common/4.1.30.Final/netty-transport-native-unix-common-4.1.30.Final.jar:/home/user/.m2/repository/io/grpc/grpc-protobuf/1.17.1/grpc-protobuf-1.17.1.jar:/home/user/.m2/repository/com/google/api/grpc/proto-google-common-protos/1.0.0/proto-google-common-protos-1.0.0.jar:/home/user/.m2/repository/io/grpc/grpc-protobuf-lite/1.17.1/grpc-protobuf-lite-1.17.1.jar:/home/user/.m2/repository/io/grpc/grpc-stub/1.17.1/grpc-stub-1.17.1.jar:/home/user/.m2/repository/org/apache/hadoop/hadoop-ozone-recon/0.5.0-SNAPSHOT/hadoop-ozone-recon-0.5.0-SNAPSHOT.jar:/home/user/.m2/repository/org/apache/hadoop/hadoop-ozone-reconcodegen/0.5.0-SNAPSHOT/hadoop-ozone-reconcodegen-0.5.0-SNAPSHOT.jar:/home/user/.m2/repository/com/google/inject/extensions/guice-multibindings/4.0/guice-multibindings-4.0.jar:/home/user/.m2/repository/com/google/inject/guice/4.0/guice-4.0.jar:/home/user/.m2/repository/aopalliance/aopalliance/1.0/aopalliance-1.0.jar:/home/user/.m2/repository/com/google/inject/extensions/guice-servlet/4.0/guice-servlet-4.0.jar:/home/user/.m2/repository/org/glassfish/jersey/containers/jersey-container-servlet/2.27/jersey-container-servlet-2.27.jar:/home/user/.m2/repository/org/glassfish/hk2/guice-bridge/2.5.0/guice-bridge-2.5.0.jar:/home/user/.m2/repository/org/glassfish/jersey/core/jersey-server/2.27/jersey-server-2.27.jar:/home/user/.m2/repository/org/glassfish/jersey/core/jersey-client/2.27/jersey-client-2.27.jar:/home/user/.m2/repository/org/glassfish/jersey/media/jersey-media-jaxb/2.27/jersey-media-jaxb-2.27.jar:/home/user/.m2/repository/javax/validation/validation-api/1.1.0.Final/validation-api-1.1.0.Final.jar:/home/user/.m2/repository/org/glassfish/jersey/media/jersey-media-json-jackson/2.27/jersey-media-json-jackson-2.27.jar:/home/user/.m2/repository/org/glassfish/jersey/ext/jersey-entity-filtering/2.27/jersey-entity-filtering-2.27.jar:/home/user/.m2/repository/com/google/inject/extensions/guice-assistedinject/4.0/guice-assistedinject-4.0.jar:/home/user/.m2/repository/org/jooq/jooq/3.11.10/jooq-3.11.10.jar:/home/user/.m2/repository/org/jooq/jooq-meta/3.11.10/jooq-meta-3.11.10.jar:/home/user/.m2/repository/org/jooq/jooq-codegen/3.11.10/jooq-codegen-3.11.10.jar:/home/user/.m2/repository/com/jolbox/bonecp/0.8.0.RELEASE/bonecp-0.8.0.RELEASE.jar:/home/user/.m2/repository/org/springframework/spring-jdbc/5.1.3.RELEASE/spring-jdbc-5.1.3.RELEASE.jar:/home/user/.m2/repository/org/springframework/spring-beans/5.1.3.RELEASE/spring-beans-5.1.3.RELEASE.jar:/home/user/.m2/repository/org/springframework/spring-core/5.1.3.RELEASE/spring-core-5.1.3.RELEASE.jar:/home/user/.m2/repository/org/springframework/spring-jcl/5.1.3.RELEASE/spring-jcl-5.1.3.RELEASE.jar:/home/user/.m2/repository/org/springframework/spring-tx/5.1.3.RELEASE/spring-tx-5.1.3.RELEASE.jar:/home/user/.m2/repository/org/mockito/mockito-core/2.15.0/mockito-core-2.15.0.jar:/home/user/.m2/repository/net/bytebuddy/byte-buddy/1.7.9/byte-buddy-1.7.9.jar:/home/user/.m2/repository/net/bytebuddy/byte-buddy-agent/1.7.9/byte-buddy-agent-1.7.9.jar:/home/user/.m2/repository/org/objenesis/objenesis/1.0/objenesis-1.0.jar:"/>
    <property name="sun.cpu.endian" value="little"/>
    <property name="user.home" value="/home/user"/>
    <property name="user.language" value="en"/>
    <property name="java.specification.vendor" value="Oracle Corporation"/>
    <property name="java.home" value="/usr/lib/jvm/java-1.8-openjdk/jre"/>
    <property name="java.security.krb5.conf" value="/workdir/hadoop-ozone/tools/target/test-classes/krb5.conf"/>
    <property name="basedir" value="/workdir/hadoop-ozone/tools"/>
    <property name="file.separator" value="/"/>
    <property name="line.separator" value="&#10;"/>
    <property name="java.vm.specification.vendor" value="Oracle Corporation"/>
    <property name="java.specification.name" value="Java Platform API Specification"/>
    <property name="java.awt.graphicsenv" value="sun.awt.X11GraphicsEnvironment"/>
    <property name="surefire.real.class.path" value="/workdir/hadoop-ozone/tools/target/surefire/surefirebooter6887207715417754404.jar"/>
    <property name="hadoop.log.dir" value="/workdir/hadoop-ozone/tools/target/log"/>
    <property name="sun.boot.class.path" value="/usr/lib/jvm/java-1.8-openjdk/jre/lib/resources.jar:/usr/lib/jvm/java-1.8-openjdk/jre/lib/rt.jar:/usr/lib/jvm/java-1.8-openjdk/jre/lib/sunrsasign.jar:/usr/lib/jvm/java-1.8-openjdk/jre/lib/jsse.jar:/usr/lib/jvm/java-1.8-openjdk/jre/lib/jce.jar:/usr/lib/jvm/java-1.8-openjdk/jre/lib/charsets.jar:/usr/lib/jvm/java-1.8-openjdk/jre/lib/jfr.jar:/usr/lib/jvm/java-1.8-openjdk/jre/classes"/>
    <property name="sun.management.compiler" value="HotSpot 64-Bit Tiered Compilers"/>
    <property name="java.runtime.version" value="1.8.0_212-b04"/>
    <property name="java.net.preferIPv4Stack" value="true"/>
    <property name="user.name" value="jenkins1000"/>
    <property name="path.separator" value=":"/>
    <property name="java.security.egd" value="file:///dev/urandom"/>
    <property name="os.version" value="3.10.0-957.12.2.el7.x86_64"/>
    <property name="java.endorsed.dirs" value="/usr/lib/jvm/java-1.8-openjdk/jre/lib/endorsed"/>
    <property name="java.runtime.name" value="OpenJDK Runtime Environment"/>
    <property name="file.encoding" value="UTF-8"/>
    <property name="java.vm.name" value="OpenJDK 64-Bit Server VM"/>
    <property name="test.build.webapps" value=""/>
    <property name="localRepository" value="/home/user/.m2/repository"/>
    <property name="java.vendor.url.bug" value="https://icedtea.classpath.org/bugzilla"/>
    <property name="java.io.tmpdir" value="/tmp"/>
    <property name="require.test.libhadoop" value=""/>
    <property name="java.version" value="1.8.0_212"/>
    <property name="user.dir" value="/workdir/hadoop-ozone/tools"/>
    <property name="os.arch" value="amd64"/>
    <property name="java.vm.specification.name" value="Java Virtual Machine Specification"/>
    <property name="test.build.classes" value="/workdir/hadoop-ozone/tools/target/test-classes"/>
    <property name="java.awt.printerjob" value="sun.print.PSPrinterJob"/>
    <property name="sun.os.patch.level" value="unknown"/>
    <property name="hadoop.tmp.dir" value="/workdir/hadoop-ozone/tools/target/tmp"/>
    <property name="java.library.path" value="/usr/lib/jvm/java-1.8-openjdk/jre/lib/amd64/server:/usr/lib/jvm/java-1.8-openjdk/jre/lib/amd64:/usr/lib/jvm/java-1.8-openjdk/jre/../lib/amd64:/workdir/hadoop-ozone/tools/target/native/target/usr/local/lib:/workdir/hadoop-ozone/tools/../../hadoop-common-project/hadoop-common/target/native/target/usr/local/lib:/usr/java/packages/lib/amd64:/usr/lib64:/lib64:/lib:/usr/lib"/>
    <property name="java.vm.info" value="mixed mode"/>
    <property name="java.vendor" value="IcedTea"/>
    <property name="java.vm.version" value="25.212-b04"/>
    <property name="java.ext.dirs" value="/usr/lib/jvm/java-1.8-openjdk/jre/lib/ext:/usr/java/packages/lib/ext"/>
    <property name="sun.io.unicode.encoding" value="UnicodeLittle"/>
    <property name="java.class.version" value="52.0"/>
  </properties>
  <testcase name="ratisTest3" classname="org.apache.hadoop.ozone.freon.TestRandomKeyGenerator" time="10.33"/>
  <testcase name="testThreadPoolSize" classname="org.apache.hadoop.ozone.freon.TestRandomKeyGenerator" time="5.045"/>
  <testcase name="defaultTest" classname="org.apache.hadoop.ozone.freon.TestRandomKeyGenerator" time="5.021"/>
  <testcase name="bigFileThan2GB" classname="org.apache.hadoop.ozone.freon.TestRandomKeyGenerator" time="67.648">
    <error message="Allocated 0 blocks. Requested 1 blocks" type="INTERNAL_ERROR org.apache.hadoop.ozone.om.exceptions.OMException">INTERNAL_ERROR org.apache.hadoop.ozone.om.exceptions.OMException: Allocated 0 blocks. Requested 1 blocks
	at org.apache.hadoop.ozone.om.protocolPB.OzoneManagerProtocolClientSideTranslatorPB.handleError(OzoneManagerProtocolClientSideTranslatorPB.java:725)
	at org.apache.hadoop.ozone.om.protocolPB.OzoneManagerProtocolClientSideTranslatorPB.allocateBlock(OzoneManagerProtocolClientSideTranslatorPB.java:757)
	at org.apache.hadoop.ozone.client.io.BlockOutputStreamEntryPool.allocateNewBlock(BlockOutputStreamEntryPool.java:248)
	at org.apache.hadoop.ozone.client.io.BlockOutputStreamEntryPool.allocateBlockIfNeeded(BlockOutputStreamEntryPool.java:296)
	at org.apache.hadoop.ozone.client.io.KeyOutputStream.handleWrite(KeyOutputStream.java:201)
	at org.apache.hadoop.ozone.client.io.KeyOutputStream.write(KeyOutputStream.java:193)
	at org.apache.hadoop.ozone.client.io.OzoneOutputStream.write(OzoneOutputStream.java:49)
	at org.apache.hadoop.ozone.freon.RandomKeyGenerator.createKey(RandomKeyGenerator.java:708)
	at org.apache.hadoop.ozone.freon.RandomKeyGenerator.access$1100(RandomKeyGenerator.java:88)
	at org.apache.hadoop.ozone.freon.RandomKeyGenerator$ObjectCreator.run(RandomKeyGenerator.java:615)
	at java.util.concurrent.Executors$RunnableAdapter.call(Executors.java:511)
	at java.util.concurrent.FutureTask.run(FutureTask.java:266)
	at java.util.concurrent.ThreadPoolExecutor.runWorker(ThreadPoolExecutor.java:1149)
	at java.util.concurrent.ThreadPoolExecutor$Worker.run(ThreadPoolExecutor.java:624)
	at java.lang.Thread.run(Thread.java:748)
</error>
    <system-out><![CDATA[2019-08-23 11:31:16,867 [grpc-default-executor-5] WARN  client.GrpcClientProtocolService (LogUtils.java:warn(134)) - 10-UnorderedRequestStreamObserver10: onError: org.apache.ratis.thirdparty.io.grpc.StatusRuntimeException: CANCELLED: cancelled before receiving half close
2019-08-23 11:31:17,081 | INFO  | SCMAudit | user=jenkins1000 | ip=192.168.5.185 | op=SEND_HEARTBEAT {datanodeUUID=244f13ac-34be-4c4e-8e45-0c0272edbbb2, command=[]} | ret=SUCCESS |  
2019-08-23 11:31:17,081 | INFO  | SCMAudit | user=jenkins1000 | ip=192.168.5.185 | op=SEND_HEARTBEAT {datanodeUUID=a2c18d3d-e79d-47c9-88fe-d8a1d195302b, command=[]} | ret=SUCCESS |  
2019-08-23 11:31:17,088 | INFO  | SCMAudit | user=jenkins1000 | ip=192.168.5.185 | op=SEND_HEARTBEAT {datanodeUUID=6287e41a-5356-4f55-84f2-270816d53e84, command=[]} | ret=SUCCESS |  
2019-08-23 11:31:17,468 | INFO  | SCMAudit | user=jenkins1000 | ip=192.168.5.185 | op=SEND_HEARTBEAT {datanodeUUID=b2c34899-c5c3-4720-9d95-984efeabf4a7, command=[]} | ret=SUCCESS |  
2019-08-23 11:31:17,493 | INFO  | SCMAudit | user=jenkins1000 | ip=192.168.5.185 | op=SEND_HEARTBEAT {datanodeUUID=0d166765-8492-4439-8677-f737a7bc54ca, command=[]} | ret=SUCCESS |  
2019-08-23 11:31:18,081 | INFO  | SCMAudit | user=jenkins1000 | ip=192.168.5.185 | op=SEND_HEARTBEAT {datanodeUUID=244f13ac-34be-4c4e-8e45-0c0272edbbb2, command=[]} | ret=SUCCESS |  
2019-08-23 11:31:18,081 | INFO  | SCMAudit | user=jenkins1000 | ip=192.168.5.185 | op=SEND_HEARTBEAT {datanodeUUID=a2c18d3d-e79d-47c9-88fe-d8a1d195302b, command=[]} | ret=SUCCESS |  
2019-08-23 11:31:18,088 | INFO  | SCMAudit | user=jenkins1000 | ip=192.168.5.185 | op=SEND_HEARTBEAT {datanodeUUID=6287e41a-5356-4f55-84f2-270816d53e84, command=[]} | ret=SUCCESS |  
2019-08-23 11:31:18,468 | INFO  | SCMAudit | user=jenkins1000 | ip=192.168.5.185 | op=SEND_HEARTBEAT {datanodeUUID=b2c34899-c5c3-4720-9d95-984efeabf4a7, command=[]} | ret=SUCCESS |  
2019-08-23 11:31:18,494 | INFO  | SCMAudit | user=jenkins1000 | ip=192.168.5.185 | op=SEND_HEARTBEAT {datanodeUUID=0d166765-8492-4439-8677-f737a7bc54ca, command=[]} | ret=SUCCESS |  
2019-08-23 11:31:19,081 | INFO  | SCMAudit | user=jenkins1000 | ip=192.168.5.185 | op=SEND_HEARTBEAT {datanodeUUID=244f13ac-34be-4c4e-8e45-0c0272edbbb2, command=[]} | ret=SUCCESS |  
2019-08-23 11:31:19,081 | INFO  | SCMAudit | user=jenkins1000 | ip=192.168.5.185 | op=SEND_HEARTBEAT {datanodeUUID=a2c18d3d-e79d-47c9-88fe-d8a1d195302b, command=[]} | ret=SUCCESS |  
2019-08-23 11:31:19,088 | INFO  | SCMAudit | user=jenkins1000 | ip=192.168.5.185 | op=SEND_HEARTBEAT {datanodeUUID=6287e41a-5356-4f55-84f2-270816d53e84, command=[]} | ret=SUCCESS |  
2019-08-23 11:31:19,469 | INFO  | SCMAudit | user=jenkins1000 | ip=192.168.5.185 | op=SEND_HEARTBEAT {datanodeUUID=b2c34899-c5c3-4720-9d95-984efeabf4a7, command=[]} | ret=SUCCESS |  
2019-08-23 11:31:19,495 | INFO  | SCMAudit | user=jenkins1000 | ip=192.168.5.185 | op=SEND_HEARTBEAT {datanodeUUID=0d166765-8492-4439-8677-f737a7bc54ca, command=[]} | ret=SUCCESS |  
2019-08-23 11:31:20,081 | INFO  | SCMAudit | user=jenkins1000 | ip=192.168.5.185 | op=SEND_HEARTBEAT {datanodeUUID=244f13ac-34be-4c4e-8e45-0c0272edbbb2, command=[]} | ret=SUCCESS |  
2019-08-23 11:31:20,081 | INFO  | SCMAudit | user=jenkins1000 | ip=192.168.5.185 | op=SEND_HEARTBEAT {datanodeUUID=a2c18d3d-e79d-47c9-88fe-d8a1d195302b, command=[]} | ret=SUCCESS |  
2019-08-23 11:31:20,088 | INFO  | SCMAudit | user=jenkins1000 | ip=192.168.5.185 | op=SEND_HEARTBEAT {datanodeUUID=6287e41a-5356-4f55-84f2-270816d53e84, command=[]} | ret=SUCCESS |  
2019-08-23 11:31:20,468 | INFO  | SCMAudit | user=jenkins1000 | ip=192.168.5.185 | op=SEND_HEARTBEAT {datanodeUUID=b2c34899-c5c3-4720-9d95-984efeabf4a7, command=[]} | ret=SUCCESS |  
2019-08-23 11:31:20,494 | INFO  | SCMAudit | user=jenkins1000 | ip=192.168.5.185 | op=SEND_HEARTBEAT {datanodeUUID=0d166765-8492-4439-8677-f737a7bc54ca, command=[]} | ret=SUCCESS |  
2019-08-23 11:31:21,081 | INFO  | SCMAudit | user=jenkins1000 | ip=192.168.5.185 | op=SEND_HEARTBEAT {datanodeUUID=a2c18d3d-e79d-47c9-88fe-d8a1d195302b, command=[]} | ret=SUCCESS |  
2019-08-23 11:31:21,081 | INFO  | SCMAudit | user=jenkins1000 | ip=192.168.5.185 | op=SEND_HEARTBEAT {datanodeUUID=244f13ac-34be-4c4e-8e45-0c0272edbbb2, command=[]} | ret=SUCCESS |  
2019-08-23 11:31:21,088 | INFO  | SCMAudit | user=jenkins1000 | ip=192.168.5.185 | op=SEND_HEARTBEAT {datanodeUUID=6287e41a-5356-4f55-84f2-270816d53e84, command=[]} | ret=SUCCESS |  
2019-08-23 11:31:21,468 | INFO  | SCMAudit | user=jenkins1000 | ip=192.168.5.185 | op=SEND_HEARTBEAT {datanodeUUID=b2c34899-c5c3-4720-9d95-984efeabf4a7, command=[]} | ret=SUCCESS |  
2019-08-23 11:31:21,494 | INFO  | SCMAudit | user=jenkins1000 | ip=192.168.5.185 | op=SEND_HEARTBEAT {datanodeUUID=0d166765-8492-4439-8677-f737a7bc54ca, command=[]} | ret=SUCCESS |  
2019-08-23 11:31:22,081 | INFO  | SCMAudit | user=jenkins1000 | ip=192.168.5.185 | op=SEND_HEARTBEAT {datanodeUUID=244f13ac-34be-4c4e-8e45-0c0272edbbb2, command=[]} | ret=SUCCESS |  
2019-08-23 11:31:22,081 | INFO  | SCMAudit | user=jenkins1000 | ip=192.168.5.185 | op=SEND_HEARTBEAT {datanodeUUID=a2c18d3d-e79d-47c9-88fe-d8a1d195302b, command=[]} | ret=SUCCESS |  
2019-08-23 11:31:22,088 | INFO  | SCMAudit | user=jenkins1000 | ip=192.168.5.185 | op=SEND_HEARTBEAT {datanodeUUID=6287e41a-5356-4f55-84f2-270816d53e84, command=[]} | ret=SUCCESS |  
2019-08-23 11:31:22,468 | INFO  | SCMAudit | user=jenkins1000 | ip=192.168.5.185 | op=SEND_HEARTBEAT {datanodeUUID=b2c34899-c5c3-4720-9d95-984efeabf4a7, command=[]} | ret=SUCCESS |  
2019-08-23 11:31:22,495 | INFO  | SCMAudit | user=jenkins1000 | ip=192.168.5.185 | op=SEND_HEARTBEAT {datanodeUUID=0d166765-8492-4439-8677-f737a7bc54ca, command=[]} | ret=SUCCESS |  
2019-08-23 11:31:23,082 | INFO  | SCMAudit | user=jenkins1000 | ip=192.168.5.185 | op=SEND_HEARTBEAT {datanodeUUID=a2c18d3d-e79d-47c9-88fe-d8a1d195302b, command=[]} | ret=SUCCESS |  
2019-08-23 11:31:23,082 | INFO  | SCMAudit | user=jenkins1000 | ip=192.168.5.185 | op=SEND_HEARTBEAT {datanodeUUID=244f13ac-34be-4c4e-8e45-0c0272edbbb2, command=[]} | ret=SUCCESS |  
2019-08-23 11:31:23,088 | INFO  | SCMAudit | user=jenkins1000 | ip=192.168.5.185 | op=SEND_HEARTBEAT {datanodeUUID=6287e41a-5356-4f55-84f2-270816d53e84, command=[]} | ret=SUCCESS |  
2019-08-23 11:31:23,469 | INFO  | SCMAudit | user=jenkins1000 | ip=192.168.5.185 | op=SEND_HEARTBEAT {datanodeUUID=b2c34899-c5c3-4720-9d95-984efeabf4a7, command=[]} | ret=SUCCESS |  
2019-08-23 11:31:23,495 | INFO  | SCMAudit | user=jenkins1000 | ip=192.168.5.185 | op=SEND_HEARTBEAT {datanodeUUID=0d166765-8492-4439-8677-f737a7bc54ca, command=[]} | ret=SUCCESS |  
2019-08-23 11:31:24,082 | INFO  | SCMAudit | user=jenkins1000 | ip=192.168.5.185 | op=SEND_HEARTBEAT {datanodeUUID=244f13ac-34be-4c4e-8e45-0c0272edbbb2, command=[]} | ret=SUCCESS |  
2019-08-23 11:31:24,082 | INFO  | SCMAudit | user=jenkins1000 | ip=192.168.5.185 | op=SEND_HEARTBEAT {datanodeUUID=a2c18d3d-e79d-47c9-88fe-d8a1d195302b, command=[]} | ret=SUCCESS |  
2019-08-23 11:31:24,088 | INFO  | SCMAudit | user=jenkins1000 | ip=192.168.5.185 | op=SEND_HEARTBEAT {datanodeUUID=6287e41a-5356-4f55-84f2-270816d53e84, command=[]} | ret=SUCCESS |  
2019-08-23 11:31:24,188 [main] INFO  freon.RandomKeyGenerator (RandomKeyGenerator.java:call(283)) - Number of Threads: 1
2019-08-23 11:31:24,189 [main] INFO  freon.RandomKeyGenerator (RandomKeyGenerator.java:call(288)) - Number of Volumes: 1.
2019-08-23 11:31:24,189 [main] INFO  freon.RandomKeyGenerator (RandomKeyGenerator.java:call(289)) - Number of Buckets per Volume: 1.
2019-08-23 11:31:24,189 [main] INFO  freon.RandomKeyGenerator (RandomKeyGenerator.java:call(290)) - Number of Keys per Bucket: 1.
2019-08-23 11:31:24,189 [main] INFO  freon.RandomKeyGenerator (RandomKeyGenerator.java:call(291)) - Key size: 2147483657 bytes
2019-08-23 11:31:24,189 [main] INFO  freon.RandomKeyGenerator (RandomKeyGenerator.java:call(292)) - Buffer size: 4096 bytes
2019-08-23 11:31:24,189 [main] INFO  freon.RandomKeyGenerator (RandomKeyGenerator.java:call(293)) - validateWrites : true
2019-08-23 11:31:24,190 [pool-282-thread-1] INFO  rpc.RpcClient (RpcClient.java:createVolume(292)) - Creating Volume: vol-0-37508, with jenkins1000 as owner.
2019-08-23 11:31:24,190 [main] INFO  freon.RandomKeyGenerator (RandomKeyGenerator.java:call(307)) - Data validation is enabled.
2019-08-23 11:31:24,190 [main] INFO  freon.RandomKeyGenerator (RandomKeyGenerator.java:call(313)) - Starting progress bar Thread.

 0.00% |█                                                                                                    |  0/1 Time: 0:00:002019-08-23 11:31:24,194 | INFO  | OMAudit | user=jenkins1000 | ip=127.0.0.1 | op=CREATE_VOLUME {admin=jenkins1000, owner=jenkins1000, volume=vol-0-37508, creationTime=1566559884194, quotaInBytes=1152921504606846976} | ret=SUCCESS |  
2019-08-23 11:31:24,195 | INFO  | OMAudit | user=jenkins1000 | ip=127.0.0.1 | op=READ_VOLUME {volume=vol-0-37508} | ret=SUCCESS |  
2019-08-23 11:31:24,196 [pool-282-thread-1] INFO  rpc.RpcClient (RpcClient.java:createBucket(431)) - Creating Bucket: vol-0-37508/bucket-0-50919, with Versioning false and Storage Type set to DISK and Encryption set to false 
2019-08-23 11:31:24,197 | INFO  | OMAudit | user=jenkins1000 | ip=127.0.0.1 | op=CREATE_BUCKET {volume=vol-0-37508, bucket=bucket-0-50919, acls=[user:jenkins1000:a[ACCESS], group:default:a[ACCESS]], isVersionEnabled=false, storageType=DISK, creationTime=0} | ret=SUCCESS |  
2019-08-23 11:31:24,198 | INFO  | OMAudit | user=jenkins1000 | ip=127.0.0.1 | op=READ_BUCKET {volume=vol-0-37508, bucket=bucket-0-50919} | ret=SUCCESS |  
2019-08-23 11:31:24,212 | INFO  | SCMAudit | user=jenkins1000 | ip=192.168.5.185 | op=ALLOCATE_BLOCK {owner=00a23185-76ea-47b5-a641-ad3cfbe5521a, size=4194304, type=RATIS, factor=THREE} | ret=SUCCESS |  
2019-08-23 11:31:24,225 | INFO  | OMAudit | user=jenkins1000 | ip=127.0.0.1 | op=ALLOCATE_KEY {volume=vol-0-37508, bucket=bucket-0-50919, key=key-0-57313, dataSize=2147483657, replicationType=RATIS, replicationFactor=THREE, keyLocationInfo=null} | ret=SUCCESS |  
2019-08-23 11:31:24,265 [grpc-default-executor-2] INFO  client.GrpcClientProtocolClient (GrpcClientProtocolClient.java:onNext(255)) - client-C9E345EC67ED->6287e41a-5356-4f55-84f2-270816d53e84: receive RaftClientReply:client-C9E345EC67ED->6287e41a-5356-4f55-84f2-270816d53e84@group-FE77C852EF02, cid=600, FAILED org.apache.ratis.protocol.NotLeaderException: Server 6287e41a-5356-4f55-84f2-270816d53e84 is not the leader (244f13ac-34be-4c4e-8e45-0c0272edbbb2:192.168.5.185:43852). Request must be sent to leader., logIndex=0, commits[6287e41a-5356-4f55-84f2-270816d53e84:c680, a2c18d3d-e79d-47c9-88fe-d8a1d195302b:c680, 244f13ac-34be-4c4e-8e45-0c0272edbbb2:c680]
2019-08-23 11:31:24,296 | INFO  | DNAudit | user=null | ip=null | op=WRITE_CHUNK {blockData=conID: 3 locID: 102666068571324819 bcsId: 0} | ret=SUCCESS |  
2019-08-23 11:31:24,301 | INFO  | DNAudit | user=null | ip=null | op=WRITE_CHUNK {blockData=conID: 3 locID: 102666068571324819 bcsId: 0} | ret=SUCCESS |  
2019-08-23 11:31:24,302 | INFO  | DNAudit | user=null | ip=null | op=WRITE_CHUNK {blockData=conID: 3 locID: 102666068571324819 bcsId: 0} | ret=SUCCESS |  
2019-08-23 11:31:24,311 | INFO  | DNAudit | user=null | ip=null | op=WRITE_CHUNK {blockData=conID: 3 locID: 102666068571324819 bcsId: 0} | ret=SUCCESS |  
2019-08-23 11:31:24,317 [grpc-default-executor-4] INFO  client.GrpcClientProtocolClient (GrpcClientProtocolClient.java:onNext(255)) - client-C9E345EC67ED->244f13ac-34be-4c4e-8e45-0c0272edbbb2: receive RaftClientReply:client-C9E345EC67ED->244f13ac-34be-4c4e-8e45-0c0272edbbb2@group-FE77C852EF02, cid=600, SUCCESS, logIndex=681, commits[244f13ac-34be-4c4e-8e45-0c0272edbbb2:c681, 6287e41a-5356-4f55-84f2-270816d53e84:c680, a2c18d3d-e79d-47c9-88fe-d8a1d195302b:c680]
2019-08-23 11:31:24,323 | INFO  | DNAudit | user=null | ip=null | op=WRITE_CHUNK {blockData=conID: 3 locID: 102666068571324819 bcsId: 0} | ret=SUCCESS |  
2019-08-23 11:31:24,324 | INFO  | DNAudit | user=null | ip=null | op=WRITE_CHUNK {blockData=conID: 3 locID: 102666068571324819 bcsId: 0} | ret=SUCCESS |  
2019-08-23 11:31:24,332 | INFO  | DNAudit | user=null | ip=null | op=WRITE_CHUNK {blockData=conID: 3 locID: 102666068571324819 bcsId: 0} | ret=SUCCESS |  
2019-08-23 11:31:24,334 | INFO  | DNAudit | user=null | ip=null | op=WRITE_CHUNK {blockData=conID: 3 locID: 102666068571324819 bcsId: 0} | ret=SUCCESS |  
2019-08-23 11:31:24,336 | INFO  | DNAudit | user=null | ip=null | op=WRITE_CHUNK {blockData=conID: 3 locID: 102666068571324819 bcsId: 0} | ret=SUCCESS |  
2019-08-23 11:31:24,337 | INFO  | DNAudit | user=null | ip=null | op=PUT_BLOCK {blockData=[blockId=conID: 3 locID: 102666068571324819 bcsId: 0,size=1048576]} | ret=SUCCESS |  
2019-08-23 11:31:24,340 | INFO  | DNAudit | user=null | ip=null | op=WRITE_CHUNK {blockData=conID: 3 locID: 102666068571324819 bcsId: 0} | ret=SUCCESS |  
2019-08-23 11:31:24,341 | INFO  | DNAudit | user=null | ip=null | op=PUT_BLOCK {blockData=[blockId=conID: 3 locID: 102666068571324819 bcsId: 0,size=1048576]} | ret=SUCCESS |  
2019-08-23 11:31:24,340 [grpc-default-executor-4] INFO  client.GrpcClientProtocolClient (GrpcClientProtocolClient.java:onNext(255)) - client-C9E345EC67ED->244f13ac-34be-4c4e-8e45-0c0272edbbb2: receive RaftClientReply:client-C9E345EC67ED->244f13ac-34be-4c4e-8e45-0c0272edbbb2@group-FE77C852EF02, cid=601, SUCCESS, logIndex=683, commits[244f13ac-34be-4c4e-8e45-0c0272edbbb2:c683, 6287e41a-5356-4f55-84f2-270816d53e84:c681, a2c18d3d-e79d-47c9-88fe-d8a1d195302b:c681]
2019-08-23 11:31:24,341 | INFO  | DNAudit | user=null | ip=null | op=PUT_BLOCK {blockData=[blockId=conID: 3 locID: 102666068571324819 bcsId: 0,size=2097152]} | ret=SUCCESS |  
2019-08-23 11:31:24,341 [grpc-default-executor-4] INFO  client.GrpcClientProtocolClient (GrpcClientProtocolClient.java:onNext(255)) - client-C9E345EC67ED->244f13ac-34be-4c4e-8e45-0c0272edbbb2: receive RaftClientReply:client-C9E345EC67ED->244f13ac-34be-4c4e-8e45-0c0272edbbb2@group-FE77C852EF02, cid=602, SUCCESS, logIndex=684, commits[244f13ac-34be-4c4e-8e45-0c0272edbbb2:c685, 6287e41a-5356-4f55-84f2-270816d53e84:c681, a2c18d3d-e79d-47c9-88fe-d8a1d195302b:c682]
2019-08-23 11:31:24,342 [grpc-default-executor-4] INFO  client.GrpcClientProtocolClient (GrpcClientProtocolClient.java:onNext(255)) - client-C9E345EC67ED->244f13ac-34be-4c4e-8e45-0c0272edbbb2: receive RaftClientReply:client-C9E345EC67ED->244f13ac-34be-4c4e-8e45-0c0272edbbb2@group-FE77C852EF02, cid=603, SUCCESS, logIndex=685, commits[244f13ac-34be-4c4e-8e45-0c0272edbbb2:c686, 6287e41a-5356-4f55-84f2-270816d53e84:c682, a2c18d3d-e79d-47c9-88fe-d8a1d195302b:c683]
2019-08-23 11:31:24,352 | INFO  | DNAudit | user=null | ip=null | op=PUT_BLOCK {blockData=[blockId=conID: 3 locID: 102666068571324819 bcsId: 0,size=1048576]} | ret=SUCCESS |  
2019-08-23 11:31:24,352 | INFO  | DNAudit | user=null | ip=null | op=WRITE_CHUNK {blockData=conID: 3 locID: 102666068571324819 bcsId: 0} | ret=SUCCESS |  
2019-08-23 11:31:24,355 | INFO  | DNAudit | user=null | ip=null | op=PUT_BLOCK {blockData=[blockId=conID: 3 locID: 102666068571324819 bcsId: 0,size=2097152]} | ret=SUCCESS |  
2019-08-23 11:31:24,355 | INFO  | DNAudit | user=null | ip=null | op=WRITE_CHUNK {blockData=conID: 3 locID: 102666068571324819 bcsId: 0} | ret=SUCCESS |  
2019-08-23 11:31:24,355 [grpc-default-executor-4] INFO  client.GrpcClientProtocolClient (GrpcClientProtocolClient.java:onNext(255)) - client-C9E345EC67ED->244f13ac-34be-4c4e-8e45-0c0272edbbb2: receive RaftClientReply:client-C9E345EC67ED->244f13ac-34be-4c4e-8e45-0c0272edbbb2@group-FE77C852EF02, cid=604, SUCCESS, logIndex=0, commits[244f13ac-34be-4c4e-8e45-0c0272edbbb2:c686, 6287e41a-5356-4f55-84f2-270816d53e84:c683, a2c18d3d-e79d-47c9-88fe-d8a1d195302b:c683]
2019-08-23 11:31:24,355 | INFO  | DNAudit | user=null | ip=null | op=PUT_BLOCK {blockData=[blockId=conID: 3 locID: 102666068571324819 bcsId: 0,size=2097152]} | ret=SUCCESS |  
2019-08-23 11:31:24,364 | INFO  | DNAudit | user=null | ip=null | op=WRITE_CHUNK {blockData=conID: 3 locID: 102666068571324819 bcsId: 685} | ret=SUCCESS |  
2019-08-23 11:31:24,368 | INFO  | DNAudit | user=null | ip=null | op=WRITE_CHUNK {blockData=conID: 3 locID: 102666068571324819 bcsId: 685} | ret=SUCCESS |  
2019-08-23 11:31:24,368 | INFO  | DNAudit | user=null | ip=null | op=WRITE_CHUNK {blockData=conID: 3 locID: 102666068571324819 bcsId: 685} | ret=SUCCESS |  
2019-08-23 11:31:24,377 | INFO  | DNAudit | user=null | ip=null | op=WRITE_CHUNK {blockData=conID: 3 locID: 102666068571324819 bcsId: 685} | ret=SUCCESS |  
2019-08-23 11:31:24,378 | INFO  | DNAudit | user=null | ip=null | op=PUT_BLOCK {blockData=[blockId=conID: 3 locID: 102666068571324819 bcsId: 0,size=3145728]} | ret=SUCCESS |  
2019-08-23 11:31:24,378 [grpc-default-executor-4] INFO  client.GrpcClientProtocolClient (GrpcClientProtocolClient.java:onNext(255)) - client-C9E345EC67ED->244f13ac-34be-4c4e-8e45-0c0272edbbb2: receive RaftClientReply:client-C9E345EC67ED->244f13ac-34be-4c4e-8e45-0c0272edbbb2@group-FE77C852EF02, cid=605, SUCCESS, logIndex=689, commits[244f13ac-34be-4c4e-8e45-0c0272edbbb2:c690, 6287e41a-5356-4f55-84f2-270816d53e84:c688, a2c18d3d-e79d-47c9-88fe-d8a1d195302b:c688]
2019-08-23 11:31:24,381 [grpc-default-executor-4] INFO  client.GrpcClientProtocolClient (GrpcClientProtocolClient.java:onNext(255)) - client-C9E345EC67ED->244f13ac-34be-4c4e-8e45-0c0272edbbb2: receive RaftClientReply:client-C9E345EC67ED->244f13ac-34be-4c4e-8e45-0c0272edbbb2@group-FE77C852EF02, cid=606, SUCCESS, logIndex=690, commits[244f13ac-34be-4c4e-8e45-0c0272edbbb2:c690, 6287e41a-5356-4f55-84f2-270816d53e84:c688, a2c18d3d-e79d-47c9-88fe-d8a1d195302b:c688]
2019-08-23 11:31:24,389 | INFO  | DNAudit | user=null | ip=null | op=WRITE_CHUNK {blockData=conID: 3 locID: 102666068571324819 bcsId: 685} | ret=SUCCESS |  
2019-08-23 11:31:24,389 | INFO  | DNAudit | user=null | ip=null | op=WRITE_CHUNK {blockData=conID: 3 locID: 102666068571324819 bcsId: 685} | ret=SUCCESS |  
2019-08-23 11:31:24,390 | INFO  | DNAudit | user=null | ip=null | op=PUT_BLOCK {blockData=[blockId=conID: 3 locID: 102666068571324819 bcsId: 0,size=3145728]} | ret=SUCCESS |  
2019-08-23 11:31:24,390 | INFO  | DNAudit | user=null | ip=null | op=PUT_BLOCK {blockData=[blockId=conID: 3 locID: 102666068571324819 bcsId: 0,size=3145728]} | ret=SUCCESS |  
2019-08-23 11:31:24,391 | INFO  | DNAudit | user=null | ip=null | op=WRITE_CHUNK {blockData=conID: 3 locID: 102666068571324819 bcsId: 690} | ret=SUCCESS |  
2019-08-23 11:31:24,396 | INFO  | DNAudit | user=null | ip=null | op=WRITE_CHUNK {blockData=conID: 3 locID: 102666068571324819 bcsId: 690} | ret=SUCCESS |  
2019-08-23 11:31:24,396 | INFO  | DNAudit | user=null | ip=null | op=WRITE_CHUNK {blockData=conID: 3 locID: 102666068571324819 bcsId: 690} | ret=SUCCESS |  
2019-08-23 11:31:24,405 | INFO  | DNAudit | user=null | ip=null | op=WRITE_CHUNK {blockData=conID: 3 locID: 102666068571324819 bcsId: 690} | ret=SUCCESS |  
2019-08-23 11:31:24,406 | INFO  | DNAudit | user=null | ip=null | op=PUT_BLOCK {blockData=[blockId=conID: 3 locID: 102666068571324819 bcsId: 0,size=4194304]} | ret=SUCCESS |  
2019-08-23 11:31:24,407 [grpc-default-executor-2] INFO  client.GrpcClientProtocolClient (GrpcClientProtocolClient.java:onNext(255)) - client-C9E345EC67ED->244f13ac-34be-4c4e-8e45-0c0272edbbb2: receive RaftClientReply:client-C9E345EC67ED->244f13ac-34be-4c4e-8e45-0c0272edbbb2@group-FE77C852EF02, cid=607, SUCCESS, logIndex=693, commits[244f13ac-34be-4c4e-8e45-0c0272edbbb2:c694, 6287e41a-5356-4f55-84f2-270816d53e84:c691, a2c18d3d-e79d-47c9-88fe-d8a1d195302b:c691]
2019-08-23 11:31:24,410 [grpc-default-executor-2] INFO  client.GrpcClientProtocolClient (GrpcClientProtocolClient.java:onNext(255)) - client-C9E345EC67ED->244f13ac-34be-4c4e-8e45-0c0272edbbb2: receive RaftClientReply:client-C9E345EC67ED->244f13ac-34be-4c4e-8e45-0c0272edbbb2@group-FE77C852EF02, cid=608, SUCCESS, logIndex=694, commits[244f13ac-34be-4c4e-8e45-0c0272edbbb2:c694, 6287e41a-5356-4f55-84f2-270816d53e84:c691, a2c18d3d-e79d-47c9-88fe-d8a1d195302b:c691]
2019-08-23 11:31:24,416 | INFO  | DNAudit | user=null | ip=null | op=WRITE_CHUNK {blockData=conID: 3 locID: 102666068571324819 bcsId: 690} | ret=SUCCESS |  
2019-08-23 11:31:24,417 | INFO  | DNAudit | user=null | ip=null | op=WRITE_CHUNK {blockData=conID: 3 locID: 102666068571324819 bcsId: 690} | ret=SUCCESS |  
2019-08-23 11:31:24,417 | INFO  | DNAudit | user=null | ip=null | op=PUT_BLOCK {blockData=[blockId=conID: 3 locID: 102666068571324819 bcsId: 0,size=4194304]} | ret=SUCCESS |  
2019-08-23 11:31:24,417 | INFO  | DNAudit | user=null | ip=null | op=PUT_BLOCK {blockData=[blockId=conID: 3 locID: 102666068571324819 bcsId: 0,size=4194304]} | ret=SUCCESS |  
2019-08-23 11:31:24,417 [grpc-default-executor-2] INFO  client.GrpcClientProtocolClient (GrpcClientProtocolClient.java:onNext(255)) - client-C9E345EC67ED->244f13ac-34be-4c4e-8e45-0c0272edbbb2: receive RaftClientReply:client-C9E345EC67ED->244f13ac-34be-4c4e-8e45-0c0272edbbb2@group-FE77C852EF02, cid=609, SUCCESS, logIndex=0, commits[244f13ac-34be-4c4e-8e45-0c0272edbbb2:c695, 6287e41a-5356-4f55-84f2-270816d53e84:c694, a2c18d3d-e79d-47c9-88fe-d8a1d195302b:c694]
2019-08-23 11:31:24,427 | INFO  | DNAudit | user=null | ip=null | op=WRITE_CHUNK {blockData=conID: 1 locID: 102666068571324820 bcsId: 0} | ret=SUCCESS |  
2019-08-23 11:31:24,434 | INFO  | DNAudit | user=null | ip=null | op=WRITE_CHUNK {blockData=conID: 1 locID: 102666068571324820 bcsId: 0} | ret=SUCCESS |  
2019-08-23 11:31:24,435 | INFO  | DNAudit | user=null | ip=null | op=WRITE_CHUNK {blockData=conID: 1 locID: 102666068571324820 bcsId: 0} | ret=SUCCESS |  
2019-08-23 11:31:24,436 | INFO  | DNAudit | user=null | ip=null | op=WRITE_CHUNK {blockData=conID: 1 locID: 102666068571324820 bcsId: 0} | ret=SUCCESS |  
2019-08-23 11:31:24,439 | INFO  | DNAudit | user=null | ip=null | op=WRITE_CHUNK {blockData=conID: 1 locID: 102666068571324820 bcsId: 0} | ret=SUCCESS |  
2019-08-23 11:31:24,439 | INFO  | DNAudit | user=null | ip=null | op=WRITE_CHUNK {blockData=conID: 1 locID: 102666068571324820 bcsId: 0} | ret=SUCCESS |  
2019-08-23 11:31:24,443 | INFO  | DNAudit | user=null | ip=null | op=WRITE_CHUNK {blockData=conID: 1 locID: 102666068571324820 bcsId: 0} | ret=SUCCESS |  
2019-08-23 11:31:24,443 | INFO  | DNAudit | user=null | ip=null | op=PUT_BLOCK {blockData=[blockId=conID: 1 locID: 102666068571324820 bcsId: 0,size=1048576]} | ret=SUCCESS |  
2019-08-23 11:31:24,446 [grpc-default-executor-2] INFO  client.GrpcClientProtocolClient (GrpcClientProtocolClient.java:onNext(255)) - client-C9E345EC67ED->244f13ac-34be-4c4e-8e45-0c0272edbbb2: receive RaftClientReply:client-C9E345EC67ED->244f13ac-34be-4c4e-8e45-0c0272edbbb2@group-FE77C852EF02, cid=610, SUCCESS, logIndex=697, commits[244f13ac-34be-4c4e-8e45-0c0272edbbb2:c698, 6287e41a-5356-4f55-84f2-270816d53e84:c696, a2c18d3d-e79d-47c9-88fe-d8a1d195302b:c696]
2019-08-23 11:31:24,446 | INFO  | DNAudit | user=null | ip=null | op=WRITE_CHUNK {blockData=conID: 1 locID: 102666068571324820 bcsId: 0} | ret=SUCCESS |  
2019-08-23 11:31:24,446 | INFO  | DNAudit | user=null | ip=null | op=WRITE_CHUNK {blockData=conID: 1 locID: 102666068571324820 bcsId: 0} | ret=SUCCESS |  
2019-08-23 11:31:24,447 | INFO  | DNAudit | user=null | ip=null | op=PUT_BLOCK {blockData=[blockId=conID: 1 locID: 102666068571324820 bcsId: 0,size=2097152]} | ret=SUCCESS |  
2019-08-23 11:31:24,447 [grpc-default-executor-1] INFO  client.GrpcClientProtocolClient (GrpcClientProtocolClient.java:onNext(255)) - client-C9E345EC67ED->244f13ac-34be-4c4e-8e45-0c0272edbbb2: receive RaftClientReply:client-C9E345EC67ED->244f13ac-34be-4c4e-8e45-0c0272edbbb2@group-FE77C852EF02, cid=611, SUCCESS, logIndex=698, commits[244f13ac-34be-4c4e-8e45-0c0272edbbb2:c700, 6287e41a-5356-4f55-84f2-270816d53e84:c696, a2c18d3d-e79d-47c9-88fe-d8a1d195302b:c696]
2019-08-23 11:31:24,449 [grpc-default-executor-1] INFO  client.GrpcClientProtocolClient (GrpcClientProtocolClient.java:onNext(255)) - client-C9E345EC67ED->244f13ac-34be-4c4e-8e45-0c0272edbbb2: receive RaftClientReply:client-C9E345EC67ED->244f13ac-34be-4c4e-8e45-0c0272edbbb2@group-FE77C852EF02, cid=612, SUCCESS, logIndex=699, commits[244f13ac-34be-4c4e-8e45-0c0272edbbb2:c700, 6287e41a-5356-4f55-84f2-270816d53e84:c696, a2c18d3d-e79d-47c9-88fe-d8a1d195302b:c696]
2019-08-23 11:31:24,449 [grpc-default-executor-1] INFO  client.GrpcClientProtocolClient (GrpcClientProtocolClient.java:onNext(255)) - client-C9E345EC67ED->244f13ac-34be-4c4e-8e45-0c0272edbbb2: receive RaftClientReply:client-C9E345EC67ED->244f13ac-34be-4c4e-8e45-0c0272edbbb2@group-FE77C852EF02, cid=613, SUCCESS, logIndex=700, commits[244f13ac-34be-4c4e-8e45-0c0272edbbb2:c700, 6287e41a-5356-4f55-84f2-270816d53e84:c696, a2c18d3d-e79d-47c9-88fe-d8a1d195302b:c696]
2019-08-23 11:31:24,457 | INFO  | DNAudit | user=null | ip=null | op=PUT_BLOCK {blockData=[blockId=conID: 1 locID: 102666068571324820 bcsId: 0,size=1048576]} | ret=SUCCESS |  
2019-08-23 11:31:24,458 | INFO  | DNAudit | user=null | ip=null | op=WRITE_CHUNK {blockData=conID: 1 locID: 102666068571324820 bcsId: 0} | ret=SUCCESS |  
2019-08-23 11:31:24,458 | INFO  | DNAudit | user=null | ip=null | op=WRITE_CHUNK {blockData=conID: 1 locID: 102666068571324820 bcsId: 0} | ret=SUCCESS |  
2019-08-23 11:31:24,458 | INFO  | DNAudit | user=null | ip=null | op=PUT_BLOCK {blockData=[blockId=conID: 1 locID: 102666068571324820 bcsId: 0,size=1048576]} | ret=SUCCESS |  
2019-08-23 11:31:24,459 | INFO  | DNAudit | user=null | ip=null | op=PUT_BLOCK {blockData=[blockId=conID: 1 locID: 102666068571324820 bcsId: 0,size=2097152]} | ret=SUCCESS |  
2019-08-23 11:31:24,459 [grpc-default-executor-1] INFO  client.GrpcClientProtocolClient (GrpcClientProtocolClient.java:onNext(255)) - client-C9E345EC67ED->244f13ac-34be-4c4e-8e45-0c0272edbbb2: receive RaftClientReply:client-C9E345EC67ED->244f13ac-34be-4c4e-8e45-0c0272edbbb2@group-FE77C852EF02, cid=614, SUCCESS, logIndex=0, commits[244f13ac-34be-4c4e-8e45-0c0272edbbb2:c702, 6287e41a-5356-4f55-84f2-270816d53e84:c698, a2c18d3d-e79d-47c9-88fe-d8a1d195302b:c698]
2019-08-23 11:31:24,459 | INFO  | DNAudit | user=null | ip=null | op=WRITE_CHUNK {blockData=conID: 1 locID: 102666068571324820 bcsId: 0} | ret=SUCCESS |  
2019-08-23 11:31:24,459 | INFO  | DNAudit | user=null | ip=null | op=PUT_BLOCK {blockData=[blockId=conID: 1 locID: 102666068571324820 bcsId: 0,size=2097152]} | ret=SUCCESS |  
2019-08-23 11:31:24,469 | INFO  | DNAudit | user=null | ip=null | op=WRITE_CHUNK {blockData=conID: 1 locID: 102666068571324820 bcsId: 700} | ret=SUCCESS |  
2019-08-23 11:31:24,469 | INFO  | SCMAudit | user=jenkins1000 | ip=192.168.5.185 | op=SEND_HEARTBEAT {datanodeUUID=b2c34899-c5c3-4720-9d95-984efeabf4a7, command=[]} | ret=SUCCESS |  
2019-08-23 11:31:24,472 | INFO  | DNAudit | user=null | ip=null | op=WRITE_CHUNK {blockData=conID: 1 locID: 102666068571324820 bcsId: 700} | ret=SUCCESS |  
2019-08-23 11:31:24,472 | INFO  | DNAudit | user=null | ip=null | op=WRITE_CHUNK {blockData=conID: 1 locID: 102666068571324820 bcsId: 700} | ret=SUCCESS |  
2019-08-23 11:31:24,480 | INFO  | DNAudit | user=null | ip=null | op=WRITE_CHUNK {blockData=conID: 1 locID: 102666068571324820 bcsId: 700} | ret=SUCCESS |  
2019-08-23 11:31:24,481 | INFO  | DNAudit | user=null | ip=null | op=PUT_BLOCK {blockData=[blockId=conID: 1 locID: 102666068571324820 bcsId: 0,size=3145728]} | ret=SUCCESS |  
2019-08-23 11:31:24,481 [grpc-default-executor-1] INFO  client.GrpcClientProtocolClient (GrpcClientProtocolClient.java:onNext(255)) - client-C9E345EC67ED->244f13ac-34be-4c4e-8e45-0c0272edbbb2: receive RaftClientReply:client-C9E345EC67ED->244f13ac-34be-4c4e-8e45-0c0272edbbb2@group-FE77C852EF02, cid=615, SUCCESS, logIndex=705, commits[244f13ac-34be-4c4e-8e45-0c0272edbbb2:c706, 6287e41a-5356-4f55-84f2-270816d53e84:c704, a2c18d3d-e79d-47c9-88fe-d8a1d195302b:c704]
2019-08-23 11:31:24,482 [grpc-default-executor-1] INFO  client.GrpcClientProtocolClient (GrpcClientProtocolClient.java:onNext(255)) - client-C9E345EC67ED->244f13ac-34be-4c4e-8e45-0c0272edbbb2: receive RaftClientReply:client-C9E345EC67ED->244f13ac-34be-4c4e-8e45-0c0272edbbb2@group-FE77C852EF02, cid=616, SUCCESS, logIndex=706, commits[244f13ac-34be-4c4e-8e45-0c0272edbbb2:c706, 6287e41a-5356-4f55-84f2-270816d53e84:c704, a2c18d3d-e79d-47c9-88fe-d8a1d195302b:c704]
2019-08-23 11:31:24,490 | INFO  | DNAudit | user=null | ip=null | op=WRITE_CHUNK {blockData=conID: 1 locID: 102666068571324820 bcsId: 706} | ret=SUCCESS |  
2019-08-23 11:31:24,491 | INFO  | DNAudit | user=null | ip=null | op=WRITE_CHUNK {blockData=conID: 1 locID: 102666068571324820 bcsId: 700} | ret=SUCCESS |  
2019-08-23 11:31:24,491 | INFO  | DNAudit | user=null | ip=null | op=WRITE_CHUNK {blockData=conID: 1 locID: 102666068571324820 bcsId: 700} | ret=SUCCESS |  
2019-08-23 11:31:24,491 | INFO  | DNAudit | user=null | ip=null | op=PUT_BLOCK {blockData=[blockId=conID: 1 locID: 102666068571324820 bcsId: 0,size=3145728]} | ret=SUCCESS |  
2019-08-23 11:31:24,492 | INFO  | DNAudit | user=null | ip=null | op=PUT_BLOCK {blockData=[blockId=conID: 1 locID: 102666068571324820 bcsId: 0,size=3145728]} | ret=SUCCESS |  
2019-08-23 11:31:24,495 | INFO  | DNAudit | user=null | ip=null | op=WRITE_CHUNK {blockData=conID: 1 locID: 102666068571324820 bcsId: 706} | ret=SUCCESS |  
2019-08-23 11:31:24,495 | INFO  | SCMAudit | user=jenkins1000 | ip=192.168.5.185 | op=SEND_HEARTBEAT {datanodeUUID=0d166765-8492-4439-8677-f737a7bc54ca, command=[]} | ret=SUCCESS |  
2019-08-23 11:31:24,496 | INFO  | DNAudit | user=null | ip=null | op=WRITE_CHUNK {blockData=conID: 1 locID: 102666068571324820 bcsId: 706} | ret=SUCCESS |  
2019-08-23 11:31:24,506 | INFO  | DNAudit | user=null | ip=null | op=WRITE_CHUNK {blockData=conID: 1 locID: 102666068571324820 bcsId: 706} | ret=SUCCESS |  
2019-08-23 11:31:24,506 | INFO  | DNAudit | user=null | ip=null | op=PUT_BLOCK {blockData=[blockId=conID: 1 locID: 102666068571324820 bcsId: 0,size=4194304]} | ret=SUCCESS |  
2019-08-23 11:31:24,506 [grpc-default-executor-2] INFO  client.GrpcClientProtocolClient (GrpcClientProtocolClient.java:onNext(255)) - client-C9E345EC67ED->244f13ac-34be-4c4e-8e45-0c0272edbbb2: receive RaftClientReply:client-C9E345EC67ED->244f13ac-34be-4c4e-8e45-0c0272edbbb2@group-FE77C852EF02, cid=617, SUCCESS, logIndex=709, commits[244f13ac-34be-4c4e-8e45-0c0272edbbb2:c710, 6287e41a-5356-4f55-84f2-270816d53e84:c706, a2c18d3d-e79d-47c9-88fe-d8a1d195302b:c706]
2019-08-23 11:31:24,507 [grpc-default-executor-2] INFO  client.GrpcClientProtocolClient (GrpcClientProtocolClient.java:onNext(255)) - client-C9E345EC67ED->244f13ac-34be-4c4e-8e45-0c0272edbbb2: receive RaftClientReply:client-C9E345EC67ED->244f13ac-34be-4c4e-8e45-0c0272edbbb2@group-FE77C852EF02, cid=618, SUCCESS, logIndex=710, commits[244f13ac-34be-4c4e-8e45-0c0272edbbb2:c710, 6287e41a-5356-4f55-84f2-270816d53e84:c706, a2c18d3d-e79d-47c9-88fe-d8a1d195302b:c706]
2019-08-23 11:31:24,508 | INFO  | DNAudit | user=null | ip=null | op=WRITE_CHUNK {blockData=conID: 1 locID: 102666068571324820 bcsId: 706} | ret=SUCCESS |  
2019-08-23 11:31:24,508 | INFO  | DNAudit | user=null | ip=null | op=WRITE_CHUNK {blockData=conID: 1 locID: 102666068571324820 bcsId: 706} | ret=SUCCESS |  
2019-08-23 11:31:24,508 | INFO  | DNAudit | user=null | ip=null | op=PUT_BLOCK {blockData=[blockId=conID: 1 locID: 102666068571324820 bcsId: 0,size=4194304]} | ret=SUCCESS |  
2019-08-23 11:31:24,508 | INFO  | DNAudit | user=null | ip=null | op=PUT_BLOCK {blockData=[blockId=conID: 1 locID: 102666068571324820 bcsId: 0,size=4194304]} | ret=SUCCESS |  
2019-08-23 11:31:24,509 [grpc-default-executor-2] INFO  client.GrpcClientProtocolClient (GrpcClientProtocolClient.java:onNext(255)) - client-C9E345EC67ED->244f13ac-34be-4c4e-8e45-0c0272edbbb2: receive RaftClientReply:client-C9E345EC67ED->244f13ac-34be-4c4e-8e45-0c0272edbbb2@group-FE77C852EF02, cid=619, SUCCESS, logIndex=0, commits[244f13ac-34be-4c4e-8e45-0c0272edbbb2:c711, 6287e41a-5356-4f55-84f2-270816d53e84:c710, a2c18d3d-e79d-47c9-88fe-d8a1d195302b:c710]
2019-08-23 11:31:24,520 | INFO  | DNAudit | user=null | ip=null | op=WRITE_CHUNK {blockData=conID: 2 locID: 102666068571324821 bcsId: 0} | ret=SUCCESS |  
2019-08-23 11:31:24,522 | INFO  | DNAudit | user=null | ip=null | op=WRITE_CHUNK {blockData=conID: 2 locID: 102666068571324821 bcsId: 0} | ret=SUCCESS |  
2019-08-23 11:31:24,522 | INFO  | DNAudit | user=null | ip=null | op=WRITE_CHUNK {blockData=conID: 2 locID: 102666068571324821 bcsId: 0} | ret=SUCCESS |  
2019-08-23 11:31:24,524 | INFO  | DNAudit | user=null | ip=null | op=WRITE_CHUNK {blockData=conID: 2 locID: 102666068571324821 bcsId: 0} | ret=SUCCESS |  
2019-08-23 11:31:24,527 | INFO  | DNAudit | user=null | ip=null | op=WRITE_CHUNK {blockData=conID: 2 locID: 102666068571324821 bcsId: 0} | ret=SUCCESS |  
2019-08-23 11:31:24,527 | INFO  | DNAudit | user=null | ip=null | op=WRITE_CHUNK {blockData=conID: 2 locID: 102666068571324821 bcsId: 0} | ret=SUCCESS |  
2019-08-23 11:31:24,531 | INFO  | DNAudit | user=null | ip=null | op=WRITE_CHUNK {blockData=conID: 2 locID: 102666068571324821 bcsId: 0} | ret=SUCCESS |  
2019-08-23 11:31:24,532 | INFO  | DNAudit | user=null | ip=null | op=PUT_BLOCK {blockData=[blockId=conID: 2 locID: 102666068571324821 bcsId: 0,size=1048576]} | ret=SUCCESS |  
2019-08-23 11:31:24,533 | INFO  | DNAudit | user=null | ip=null | op=WRITE_CHUNK {blockData=conID: 2 locID: 102666068571324821 bcsId: 0} | ret=SUCCESS |  
2019-08-23 11:31:24,533 [grpc-default-executor-5] INFO  client.GrpcClientProtocolClient (GrpcClientProtocolClient.java:onNext(255)) - client-C9E345EC67ED->244f13ac-34be-4c4e-8e45-0c0272edbbb2: receive RaftClientReply:client-C9E345EC67ED->244f13ac-34be-4c4e-8e45-0c0272edbbb2@group-FE77C852EF02, cid=620, SUCCESS, logIndex=713, commits[244f13ac-34be-4c4e-8e45-0c0272edbbb2:c714, 6287e41a-5356-4f55-84f2-270816d53e84:c712, a2c18d3d-e79d-47c9-88fe-d8a1d195302b:c712]
2019-08-23 11:31:24,533 | INFO  | DNAudit | user=null | ip=null | op=WRITE_CHUNK {blockData=conID: 2 locID: 102666068571324821 bcsId: 0} | ret=SUCCESS |  
2019-08-23 11:31:24,533 | INFO  | DNAudit | user=null | ip=null | op=PUT_BLOCK {blockData=[blockId=conID: 2 locID: 102666068571324821 bcsId: 0,size=2097152]} | ret=SUCCESS |  
2019-08-23 11:31:24,533 [grpc-default-executor-5] INFO  client.GrpcClientProtocolClient (GrpcClientProtocolClient.java:onNext(255)) - client-C9E345EC67ED->244f13ac-34be-4c4e-8e45-0c0272edbbb2: receive RaftClientReply:client-C9E345EC67ED->244f13ac-34be-4c4e-8e45-0c0272edbbb2@group-FE77C852EF02, cid=621, SUCCESS, logIndex=714, commits[244f13ac-34be-4c4e-8e45-0c0272edbbb2:c714, 6287e41a-5356-4f55-84f2-270816d53e84:c712, a2c18d3d-e79d-47c9-88fe-d8a1d195302b:c712]
2019-08-23 11:31:24,534 [grpc-default-executor-5] INFO  client.GrpcClientProtocolClient (GrpcClientProtocolClient.java:onNext(255)) - client-C9E345EC67ED->244f13ac-34be-4c4e-8e45-0c0272edbbb2: receive RaftClientReply:client-C9E345EC67ED->244f13ac-34be-4c4e-8e45-0c0272edbbb2@group-FE77C852EF02, cid=622, SUCCESS, logIndex=715, commits[244f13ac-34be-4c4e-8e45-0c0272edbbb2:c716, 6287e41a-5356-4f55-84f2-270816d53e84:c712, a2c18d3d-e79d-47c9-88fe-d8a1d195302b:c712]
2019-08-23 11:31:24,534 | INFO  | DNAudit | user=null | ip=null | op=WRITE_CHUNK {blockData=conID: 2 locID: 102666068571324821 bcsId: 0} | ret=SUCCESS |  
2019-08-23 11:31:24,534 | INFO  | DNAudit | user=null | ip=null | op=PUT_BLOCK {blockData=[blockId=conID: 2 locID: 102666068571324821 bcsId: 0,size=1048576]} | ret=SUCCESS |  
2019-08-23 11:31:24,534 [grpc-default-executor-5] INFO  client.GrpcClientProtocolClient (GrpcClientProtocolClient.java:onNext(255)) - client-C9E345EC67ED->244f13ac-34be-4c4e-8e45-0c0272edbbb2: receive RaftClientReply:client-C9E345EC67ED->244f13ac-34be-4c4e-8e45-0c0272edbbb2@group-FE77C852EF02, cid=623, SUCCESS, logIndex=716, commits[244f13ac-34be-4c4e-8e45-0c0272edbbb2:c717, 6287e41a-5356-4f55-84f2-270816d53e84:c713, a2c18d3d-e79d-47c9-88fe-d8a1d195302b:c712]
2019-08-23 11:31:24,535 | INFO  | DNAudit | user=null | ip=null | op=PUT_BLOCK {blockData=[blockId=conID: 2 locID: 102666068571324821 bcsId: 0,size=1048576]} | ret=SUCCESS |  
2019-08-23 11:31:24,535 | INFO  | DNAudit | user=null | ip=null | op=WRITE_CHUNK {blockData=conID: 2 locID: 102666068571324821 bcsId: 0} | ret=SUCCESS |  
2019-08-23 11:31:24,536 | INFO  | DNAudit | user=null | ip=null | op=PUT_BLOCK {blockData=[blockId=conID: 2 locID: 102666068571324821 bcsId: 0,size=2097152]} | ret=SUCCESS |  
2019-08-23 11:31:24,536 | INFO  | DNAudit | user=null | ip=null | op=WRITE_CHUNK {blockData=conID: 2 locID: 102666068571324821 bcsId: 0} | ret=SUCCESS |  
2019-08-23 11:31:24,536 [grpc-default-executor-5] INFO  client.GrpcClientProtocolClient (GrpcClientProtocolClient.java:onNext(255)) - client-C9E345EC67ED->244f13ac-34be-4c4e-8e45-0c0272edbbb2: receive RaftClientReply:client-C9E345EC67ED->244f13ac-34be-4c4e-8e45-0c0272edbbb2@group-FE77C852EF02, cid=624, SUCCESS, logIndex=0, commits[244f13ac-34be-4c4e-8e45-0c0272edbbb2:c718, 6287e41a-5356-4f55-84f2-270816d53e84:c714, a2c18d3d-e79d-47c9-88fe-d8a1d195302b:c714]
2019-08-23 11:31:24,536 | INFO  | DNAudit | user=null | ip=null | op=PUT_BLOCK {blockData=[blockId=conID: 2 locID: 102666068571324821 bcsId: 0,size=2097152]} | ret=SUCCESS |  
2019-08-23 11:31:24,546 | INFO  | DNAudit | user=null | ip=null | op=WRITE_CHUNK {blockData=conID: 2 locID: 102666068571324821 bcsId: 716} | ret=SUCCESS |  
2019-08-23 11:31:24,547 | INFO  | DNAudit | user=null | ip=null | op=WRITE_CHUNK {blockData=conID: 2 locID: 102666068571324821 bcsId: 716} | ret=SUCCESS |  
2019-08-23 11:31:24,548 | INFO  | DNAudit | user=null | ip=null | op=WRITE_CHUNK {blockData=conID: 2 locID: 102666068571324821 bcsId: 716} | ret=SUCCESS |  
2019-08-23 11:31:24,550 | INFO  | DNAudit | user=null | ip=null | op=WRITE_CHUNK {blockData=conID: 2 locID: 102666068571324821 bcsId: 716} | ret=SUCCESS |  
2019-08-23 11:31:24,550 | INFO  | DNAudit | user=null | ip=null | op=PUT_BLOCK {blockData=[blockId=conID: 2 locID: 102666068571324821 bcsId: 0,size=3145728]} | ret=SUCCESS |  
2019-08-23 11:31:24,551 [grpc-default-executor-5] INFO  client.GrpcClientProtocolClient (GrpcClientProtocolClient.java:onNext(255)) - client-C9E345EC67ED->244f13ac-34be-4c4e-8e45-0c0272edbbb2: receive RaftClientReply:client-C9E345EC67ED->244f13ac-34be-4c4e-8e45-0c0272edbbb2@group-FE77C852EF02, cid=625, SUCCESS, logIndex=721, commits[244f13ac-34be-4c4e-8e45-0c0272edbbb2:c722, 6287e41a-5356-4f55-84f2-270816d53e84:c716, a2c18d3d-e79d-47c9-88fe-d8a1d195302b:c720]
2019-08-23 11:31:24,551 | INFO  | DNAudit | user=null | ip=null | op=WRITE_CHUNK {blockData=conID: 2 locID: 102666068571324821 bcsId: 716} | ret=SUCCESS |  
2019-08-23 11:31:24,551 [grpc-default-executor-2] INFO  client.GrpcClientProtocolClient (GrpcClientProtocolClient.java:onNext(255)) - client-C9E345EC67ED->244f13ac-34be-4c4e-8e45-0c0272edbbb2: receive RaftClientReply:client-C9E345EC67ED->244f13ac-34be-4c4e-8e45-0c0272edbbb2@group-FE77C852EF02, cid=626, SUCCESS, logIndex=722, commits[244f13ac-34be-4c4e-8e45-0c0272edbbb2:c722, 6287e41a-5356-4f55-84f2-270816d53e84:c720, a2c18d3d-e79d-47c9-88fe-d8a1d195302b:c720]
2019-08-23 11:31:24,552 | INFO  | DNAudit | user=null | ip=null | op=WRITE_CHUNK {blockData=conID: 2 locID: 102666068571324821 bcsId: 716} | ret=SUCCESS |  
2019-08-23 11:31:24,553 | INFO  | DNAudit | user=null | ip=null | op=PUT_BLOCK {blockData=[blockId=conID: 2 locID: 102666068571324821 bcsId: 0,size=3145728]} | ret=SUCCESS |  
2019-08-23 11:31:24,553 | INFO  | DNAudit | user=null | ip=null | op=PUT_BLOCK {blockData=[blockId=conID: 2 locID: 102666068571324821 bcsId: 0,size=3145728]} | ret=SUCCESS |  
2019-08-23 11:31:24,561 | INFO  | DNAudit | user=null | ip=null | op=WRITE_CHUNK {blockData=conID: 2 locID: 102666068571324821 bcsId: 722} | ret=SUCCESS |  
2019-08-23 11:31:24,564 | INFO  | DNAudit | user=null | ip=null | op=WRITE_CHUNK {blockData=conID: 2 locID: 102666068571324821 bcsId: 722} | ret=SUCCESS |  
2019-08-23 11:31:24,564 | INFO  | DNAudit | user=null | ip=null | op=WRITE_CHUNK {blockData=conID: 2 locID: 102666068571324821 bcsId: 722} | ret=SUCCESS |  
2019-08-23 11:31:24,572 | INFO  | DNAudit | user=null | ip=null | op=WRITE_CHUNK {blockData=conID: 2 locID: 102666068571324821 bcsId: 722} | ret=SUCCESS |  
2019-08-23 11:31:24,573 | INFO  | DNAudit | user=null | ip=null | op=PUT_BLOCK {blockData=[blockId=conID: 2 locID: 102666068571324821 bcsId: 0,size=4194304]} | ret=SUCCESS |  
2019-08-23 11:31:24,573 [grpc-default-executor-5] INFO  client.GrpcClientProtocolClient (GrpcClientProtocolClient.java:onNext(255)) - client-C9E345EC67ED->244f13ac-34be-4c4e-8e45-0c0272edbbb2: receive RaftClientReply:client-C9E345EC67ED->244f13ac-34be-4c4e-8e45-0c0272edbbb2@group-FE77C852EF02, cid=627, SUCCESS, logIndex=725, commits[244f13ac-34be-4c4e-8e45-0c0272edbbb2:c726, 6287e41a-5356-4f55-84f2-270816d53e84:c724, a2c18d3d-e79d-47c9-88fe-d8a1d195302b:c724]
2019-08-23 11:31:24,574 [grpc-default-executor-5] INFO  client.GrpcClientProtocolClient (GrpcClientProtocolClient.java:onNext(255)) - client-C9E345EC67ED->244f13ac-34be-4c4e-8e45-0c0272edbbb2: receive RaftClientReply:client-C9E345EC67ED->244f13ac-34be-4c4e-8e45-0c0272edbbb2@group-FE77C852EF02, cid=628, SUCCESS, logIndex=726, commits[244f13ac-34be-4c4e-8e45-0c0272edbbb2:c726, 6287e41a-5356-4f55-84f2-270816d53e84:c724, a2c18d3d-e79d-47c9-88fe-d8a1d195302b:c724]
2019-08-23 11:31:24,592 | INFO  | DNAudit | user=null | ip=null | op=WRITE_CHUNK {blockData=conID: 2 locID: 102666068571324821 bcsId: 722} | ret=SUCCESS |  
2019-08-23 11:31:24,593 | INFO  | DNAudit | user=null | ip=null | op=WRITE_CHUNK {blockData=conID: 2 locID: 102666068571324821 bcsId: 722} | ret=SUCCESS |  
2019-08-23 11:31:24,593 | INFO  | DNAudit | user=null | ip=null | op=PUT_BLOCK {blockData=[blockId=conID: 2 locID: 102666068571324821 bcsId: 0,size=4194304]} | ret=SUCCESS |  
2019-08-23 11:31:24,594 | INFO  | DNAudit | user=null | ip=null | op=PUT_BLOCK {blockData=[blockId=conID: 2 locID: 102666068571324821 bcsId: 0,size=4194304]} | ret=SUCCESS |  
2019-08-23 11:31:24,595 [grpc-default-executor-5] INFO  client.GrpcClientProtocolClient (GrpcClientProtocolClient.java:onNext(255)) - client-C9E345EC67ED->244f13ac-34be-4c4e-8e45-0c0272edbbb2: receive RaftClientReply:client-C9E345EC67ED->244f13ac-34be-4c4e-8e45-0c0272edbbb2@group-FE77C852EF02, cid=629, SUCCESS, logIndex=0, commits[244f13ac-34be-4c4e-8e45-0c0272edbbb2:c728, 6287e41a-5356-4f55-84f2-270816d53e84:c726, a2c18d3d-e79d-47c9-88fe-d8a1d195302b:c726]
2019-08-23 11:31:24,607 | INFO  | DNAudit | user=null | ip=null | op=WRITE_CHUNK {blockData=conID: 3 locID: 102666068571324822 bcsId: 0} | ret=SUCCESS |  
2019-08-23 11:31:24,611 | INFO  | DNAudit | user=null | ip=null | op=WRITE_CHUNK {blockData=conID: 3 locID: 102666068571324822 bcsId: 0} | ret=SUCCESS |  
2019-08-23 11:31:24,612 | INFO  | DNAudit | user=null | ip=null | op=WRITE_CHUNK {blockData=conID: 3 locID: 102666068571324822 bcsId: 0} | ret=SUCCESS |  
2019-08-23 11:31:24,613 | INFO  | DNAudit | user=null | ip=null | op=WRITE_CHUNK {blockData=conID: 3 locID: 102666068571324822 bcsId: 0} | ret=SUCCESS |  
2019-08-23 11:31:24,617 | INFO  | DNAudit | user=null | ip=null | op=WRITE_CHUNK {blockData=conID: 3 locID: 102666068571324822 bcsId: 0} | ret=SUCCESS |  
2019-08-23 11:31:24,618 | INFO  | DNAudit | user=null | ip=null | op=WRITE_CHUNK {blockData=conID: 3 locID: 102666068571324822 bcsId: 0} | ret=SUCCESS |  
2019-08-23 11:31:24,620 | INFO  | DNAudit | user=null | ip=null | op=WRITE_CHUNK {blockData=conID: 3 locID: 102666068571324822 bcsId: 0} | ret=SUCCESS |  
2019-08-23 11:31:24,621 | INFO  | DNAudit | user=null | ip=null | op=PUT_BLOCK {blockData=[blockId=conID: 3 locID: 102666068571324822 bcsId: 0,size=1048576]} | ret=SUCCESS |  
2019-08-23 11:31:24,621 | INFO  | DNAudit | user=null | ip=null | op=WRITE_CHUNK {blockData=conID: 3 locID: 102666068571324822 bcsId: 0} | ret=SUCCESS |  
2019-08-23 11:31:24,621 [grpc-default-executor-5] INFO  client.GrpcClientProtocolClient (GrpcClientProtocolClient.java:onNext(255)) - client-C9E345EC67ED->244f13ac-34be-4c4e-8e45-0c0272edbbb2: receive RaftClientReply:client-C9E345EC67ED->244f13ac-34be-4c4e-8e45-0c0272edbbb2@group-FE77C852EF02, cid=630, SUCCESS, logIndex=729, commits[244f13ac-34be-4c4e-8e45-0c0272edbbb2:c730, 6287e41a-5356-4f55-84f2-270816d53e84:c728, a2c18d3d-e79d-47c9-88fe-d8a1d195302b:c728]
2019-08-23 11:31:24,621 | INFO  | DNAudit | user=null | ip=null | op=PUT_BLOCK {blockData=[blockId=conID: 3 locID: 102666068571324822 bcsId: 0,size=2097152]} | ret=SUCCESS |  
2019-08-23 11:31:24,622 [grpc-default-executor-5] INFO  client.GrpcClientProtocolClient (GrpcClientProtocolClient.java:onNext(255)) - client-C9E345EC67ED->244f13ac-34be-4c4e-8e45-0c0272edbbb2: receive RaftClientReply:client-C9E345EC67ED->244f13ac-34be-4c4e-8e45-0c0272edbbb2@group-FE77C852EF02, cid=631, SUCCESS, logIndex=730, commits[244f13ac-34be-4c4e-8e45-0c0272edbbb2:c732, 6287e41a-5356-4f55-84f2-270816d53e84:c728, a2c18d3d-e79d-47c9-88fe-d8a1d195302b:c728]
2019-08-23 11:31:24,622 [grpc-default-executor-2] INFO  client.GrpcClientProtocolClient (GrpcClientProtocolClient.java:onNext(255)) - client-C9E345EC67ED->244f13ac-34be-4c4e-8e45-0c0272edbbb2: receive RaftClientReply:client-C9E345EC67ED->244f13ac-34be-4c4e-8e45-0c0272edbbb2@group-FE77C852EF02, cid=632, SUCCESS, logIndex=731, commits[244f13ac-34be-4c4e-8e45-0c0272edbbb2:c732, 6287e41a-5356-4f55-84f2-270816d53e84:c728, a2c18d3d-e79d-47c9-88fe-d8a1d195302b:c728]
2019-08-23 11:31:24,622 | INFO  | DNAudit | user=null | ip=null | op=WRITE_CHUNK {blockData=conID: 3 locID: 102666068571324822 bcsId: 0} | ret=SUCCESS |  
2019-08-23 11:31:24,622 | INFO  | DNAudit | user=null | ip=null | op=WRITE_CHUNK {blockData=conID: 3 locID: 102666068571324822 bcsId: 0} | ret=SUCCESS |  
2019-08-23 11:31:24,623 [grpc-default-executor-2] INFO  client.GrpcClientProtocolClient (GrpcClientProtocolClient.java:onNext(255)) - client-C9E345EC67ED->244f13ac-34be-4c4e-8e45-0c0272edbbb2: receive RaftClientReply:client-C9E345EC67ED->244f13ac-34be-4c4e-8e45-0c0272edbbb2@group-FE77C852EF02, cid=633, SUCCESS, logIndex=732, commits[244f13ac-34be-4c4e-8e45-0c0272edbbb2:c732, 6287e41a-5356-4f55-84f2-270816d53e84:c728, a2c18d3d-e79d-47c9-88fe-d8a1d195302b:c728]
2019-08-23 11:31:24,623 | INFO  | DNAudit | user=null | ip=null | op=PUT_BLOCK {blockData=[blockId=conID: 3 locID: 102666068571324822 bcsId: 0,size=1048576]} | ret=SUCCESS |  
2019-08-23 11:31:24,623 | INFO  | DNAudit | user=null | ip=null | op=PUT_BLOCK {blockData=[blockId=conID: 3 locID: 102666068571324822 bcsId: 0,size=1048576]} | ret=SUCCESS |  
2019-08-23 11:31:24,623 | INFO  | DNAudit | user=null | ip=null | op=WRITE_CHUNK {blockData=conID: 3 locID: 102666068571324822 bcsId: 0} | ret=SUCCESS |  
2019-08-23 11:31:24,623 | INFO  | DNAudit | user=null | ip=null | op=WRITE_CHUNK {blockData=conID: 3 locID: 102666068571324822 bcsId: 0} | ret=SUCCESS |  
2019-08-23 11:31:24,624 | INFO  | DNAudit | user=null | ip=null | op=PUT_BLOCK {blockData=[blockId=conID: 3 locID: 102666068571324822 bcsId: 0,size=2097152]} | ret=SUCCESS |  
2019-08-23 11:31:24,624 | INFO  | DNAudit | user=null | ip=null | op=PUT_BLOCK {blockData=[blockId=conID: 3 locID: 102666068571324822 bcsId: 0,size=2097152]} | ret=SUCCESS |  
2019-08-23 11:31:24,625 [grpc-default-executor-2] INFO  client.GrpcClientProtocolClient (GrpcClientProtocolClient.java:onNext(255)) - client-C9E345EC67ED->244f13ac-34be-4c4e-8e45-0c0272edbbb2: receive RaftClientReply:client-C9E345EC67ED->244f13ac-34be-4c4e-8e45-0c0272edbbb2@group-FE77C852EF02, cid=634, SUCCESS, logIndex=0, commits[244f13ac-34be-4c4e-8e45-0c0272edbbb2:c734, 6287e41a-5356-4f55-84f2-270816d53e84:c730, a2c18d3d-e79d-47c9-88fe-d8a1d195302b:c730]
2019-08-23 11:31:24,939 | INFO  | DNAudit | user=null | ip=null | op=WRITE_CHUNK {blockData=conID: 3 locID: 102666068571324822 bcsId: 732} | ret=SUCCESS |  
2019-08-23 11:31:24,944 | INFO  | DNAudit | user=null | ip=null | op=WRITE_CHUNK {blockData=conID: 3 locID: 102666068571324822 bcsId: 732} | ret=SUCCESS |  
2019-08-23 11:31:24,945 | INFO  | DNAudit | user=null | ip=null | op=WRITE_CHUNK {blockData=conID: 3 locID: 102666068571324822 bcsId: 732} | ret=SUCCESS |  
2019-08-23 11:31:24,953 | INFO  | DNAudit | user=null | ip=null | op=WRITE_CHUNK {blockData=conID: 3 locID: 102666068571324822 bcsId: 732} | ret=SUCCESS |  
2019-08-23 11:31:24,954 | INFO  | DNAudit | user=null | ip=null | op=PUT_BLOCK {blockData=[blockId=conID: 3 locID: 102666068571324822 bcsId: 0,size=3145728]} | ret=SUCCESS |  
2019-08-23 11:31:24,954 [grpc-default-executor-2] INFO  client.GrpcClientProtocolClient (GrpcClientProtocolClient.java:onNext(255)) - client-C9E345EC67ED->244f13ac-34be-4c4e-8e45-0c0272edbbb2: receive RaftClientReply:client-C9E345EC67ED->244f13ac-34be-4c4e-8e45-0c0272edbbb2@group-FE77C852EF02, cid=635, SUCCESS, logIndex=737, commits[244f13ac-34be-4c4e-8e45-0c0272edbbb2:c738, 6287e41a-5356-4f55-84f2-270816d53e84:c736, a2c18d3d-e79d-47c9-88fe-d8a1d195302b:c736]
2019-08-23 11:31:24,955 [grpc-default-executor-2] INFO  client.GrpcClientProtocolClient (GrpcClientProtocolClient.java:onNext(255)) - client-C9E345EC67ED->244f13ac-34be-4c4e-8e45-0c0272edbbb2: receive RaftClientReply:client-C9E345EC67ED->244f13ac-34be-4c4e-8e45-0c0272edbbb2@group-FE77C852EF02, cid=636, SUCCESS, logIndex=738, commits[244f13ac-34be-4c4e-8e45-0c0272edbbb2:c738, 6287e41a-5356-4f55-84f2-270816d53e84:c736, a2c18d3d-e79d-47c9-88fe-d8a1d195302b:c736]
2019-08-23 11:31:24,965 | INFO  | DNAudit | user=null | ip=null | op=WRITE_CHUNK {blockData=conID: 3 locID: 102666068571324822 bcsId: 732} | ret=SUCCESS |  
2019-08-23 11:31:24,965 | INFO  | DNAudit | user=null | ip=null | op=WRITE_CHUNK {blockData=conID: 3 locID: 102666068571324822 bcsId: 732} | ret=SUCCESS |  
2019-08-23 11:31:24,965 | INFO  | DNAudit | user=null | ip=null | op=PUT_BLOCK {blockData=[blockId=conID: 3 locID: 102666068571324822 bcsId: 0,size=3145728]} | ret=SUCCESS |  
2019-08-23 11:31:24,966 | INFO  | DNAudit | user=null | ip=null | op=PUT_BLOCK {blockData=[blockId=conID: 3 locID: 102666068571324822 bcsId: 0,size=3145728]} | ret=SUCCESS |  
2019-08-23 11:31:24,970 | INFO  | DNAudit | user=null | ip=null | op=WRITE_CHUNK {blockData=conID: 3 locID: 102666068571324822 bcsId: 738} | ret=SUCCESS |  
2019-08-23 11:31:24,976 | INFO  | DNAudit | user=null | ip=null | op=WRITE_CHUNK {blockData=conID: 3 locID: 102666068571324822 bcsId: 738} | ret=SUCCESS |  
2019-08-23 11:31:24,976 | INFO  | DNAudit | user=null | ip=null | op=WRITE_CHUNK {blockData=conID: 3 locID: 102666068571324822 bcsId: 738} | ret=SUCCESS |  
2019-08-23 11:31:24,983 | INFO  | DNAudit | user=null | ip=null | op=WRITE_CHUNK {blockData=conID: 3 locID: 102666068571324822 bcsId: 738} | ret=SUCCESS |  
2019-08-23 11:31:24,984 | INFO  | DNAudit | user=null | ip=null | op=PUT_BLOCK {blockData=[blockId=conID: 3 locID: 102666068571324822 bcsId: 0,size=4194304]} | ret=SUCCESS |  
2019-08-23 11:31:24,984 [grpc-default-executor-5] INFO  client.GrpcClientProtocolClient (GrpcClientProtocolClient.java:onNext(255)) - client-C9E345EC67ED->244f13ac-34be-4c4e-8e45-0c0272edbbb2: receive RaftClientReply:client-C9E345EC67ED->244f13ac-34be-4c4e-8e45-0c0272edbbb2@group-FE77C852EF02, cid=637, SUCCESS, logIndex=741, commits[244f13ac-34be-4c4e-8e45-0c0272edbbb2:c741, 6287e41a-5356-4f55-84f2-270816d53e84:c740, a2c18d3d-e79d-47c9-88fe-d8a1d195302b:c740]
2019-08-23 11:31:24,985 [grpc-default-executor-5] INFO  client.GrpcClientProtocolClient (GrpcClientProtocolClient.java:onNext(255)) - client-C9E345EC67ED->244f13ac-34be-4c4e-8e45-0c0272edbbb2: receive RaftClientReply:client-C9E345EC67ED->244f13ac-34be-4c4e-8e45-0c0272edbbb2@group-FE77C852EF02, cid=638, SUCCESS, logIndex=742, commits[244f13ac-34be-4c4e-8e45-0c0272edbbb2:c742, 6287e41a-5356-4f55-84f2-270816d53e84:c740, a2c18d3d-e79d-47c9-88fe-d8a1d195302b:c740]
2019-08-23 11:31:24,995 | INFO  | DNAudit | user=null | ip=null | op=WRITE_CHUNK {blockData=conID: 3 locID: 102666068571324822 bcsId: 738} | ret=SUCCESS |  
2019-08-23 11:31:24,995 | INFO  | DNAudit | user=null | ip=null | op=WRITE_CHUNK {blockData=conID: 3 locID: 102666068571324822 bcsId: 738} | ret=SUCCESS |  
2019-08-23 11:31:24,996 | INFO  | DNAudit | user=null | ip=null | op=PUT_BLOCK {blockData=[blockId=conID: 3 locID: 102666068571324822 bcsId: 0,size=4194304]} | ret=SUCCESS |  
2019-08-23 11:31:24,997 | INFO  | DNAudit | user=null | ip=null | op=PUT_BLOCK {blockData=[blockId=conID: 3 locID: 102666068571324822 bcsId: 0,size=4194304]} | ret=SUCCESS |  
2019-08-23 11:31:24,999 [grpc-default-executor-5] INFO  client.GrpcClientProtocolClient (GrpcClientProtocolClient.java:onNext(255)) - client-C9E345EC67ED->244f13ac-34be-4c4e-8e45-0c0272edbbb2: receive RaftClientReply:client-C9E345EC67ED->244f13ac-34be-4c4e-8e45-0c0272edbbb2@group-FE77C852EF02, cid=639, SUCCESS, logIndex=0, commits[244f13ac-34be-4c4e-8e45-0c0272edbbb2:c744, 6287e41a-5356-4f55-84f2-270816d53e84:c742, a2c18d3d-e79d-47c9-88fe-d8a1d195302b:c742]
2019-08-23 11:31:25,014 | INFO  | DNAudit | user=null | ip=null | op=WRITE_CHUNK {blockData=conID: 1 locID: 102666068571324823 bcsId: 0} | ret=SUCCESS |  
2019-08-23 11:31:25,017 | INFO  | DNAudit | user=null | ip=null | op=WRITE_CHUNK {blockData=conID: 1 locID: 102666068571324823 bcsId: 0} | ret=SUCCESS |  
2019-08-23 11:31:25,018 | INFO  | DNAudit | user=null | ip=null | op=WRITE_CHUNK {blockData=conID: 1 locID: 102666068571324823 bcsId: 0} | ret=SUCCESS |  
2019-08-23 11:31:25,020 | INFO  | DNAudit | user=null | ip=null | op=WRITE_CHUNK {blockData=conID: 1 locID: 102666068571324823 bcsId: 0} | ret=SUCCESS |  
2019-08-23 11:31:25,022 | INFO  | DNAudit | user=null | ip=null | op=WRITE_CHUNK {blockData=conID: 1 locID: 102666068571324823 bcsId: 0} | ret=SUCCESS |  
2019-08-23 11:31:25,022 | INFO  | DNAudit | user=null | ip=null | op=WRITE_CHUNK {blockData=conID: 1 locID: 102666068571324823 bcsId: 0} | ret=SUCCESS |  
2019-08-23 11:31:25,031 | INFO  | DNAudit | user=null | ip=null | op=WRITE_CHUNK {blockData=conID: 1 locID: 102666068571324823 bcsId: 0} | ret=SUCCESS |  
2019-08-23 11:31:25,032 | INFO  | DNAudit | user=null | ip=null | op=PUT_BLOCK {blockData=[blockId=conID: 1 locID: 102666068571324823 bcsId: 0,size=1048576]} | ret=SUCCESS |  
2019-08-23 11:31:25,033 | INFO  | DNAudit | user=null | ip=null | op=WRITE_CHUNK {blockData=conID: 1 locID: 102666068571324823 bcsId: 0} | ret=SUCCESS |  
2019-08-23 11:31:25,033 [grpc-default-executor-4] INFO  client.GrpcClientProtocolClient (GrpcClientProtocolClient.java:onNext(255)) - client-C9E345EC67ED->244f13ac-34be-4c4e-8e45-0c0272edbbb2: receive RaftClientReply:client-C9E345EC67ED->244f13ac-34be-4c4e-8e45-0c0272edbbb2@group-FE77C852EF02, cid=640, SUCCESS, logIndex=745, commits[244f13ac-34be-4c4e-8e45-0c0272edbbb2:c747, 6287e41a-5356-4f55-84f2-270816d53e84:c744, a2c18d3d-e79d-47c9-88fe-d8a1d195302b:c744]
2019-08-23 11:31:25,033 | INFO  | DNAudit | user=null | ip=null | op=PUT_BLOCK {blockData=[blockId=conID: 1 locID: 102666068571324823 bcsId: 0,size=2097152]} | ret=SUCCESS |  
2019-08-23 11:31:25,033 [grpc-default-executor-4] INFO  client.GrpcClientProtocolClient (GrpcClientProtocolClient.java:onNext(255)) - client-C9E345EC67ED->244f13ac-34be-4c4e-8e45-0c0272edbbb2: receive RaftClientReply:client-C9E345EC67ED->244f13ac-34be-4c4e-8e45-0c0272edbbb2@group-FE77C852EF02, cid=641, SUCCESS, logIndex=746, commits[244f13ac-34be-4c4e-8e45-0c0272edbbb2:c748, 6287e41a-5356-4f55-84f2-270816d53e84:c744, a2c18d3d-e79d-47c9-88fe-d8a1d195302b:c744]
2019-08-23 11:31:25,034 [grpc-default-executor-4] INFO  client.GrpcClientProtocolClient (GrpcClientProtocolClient.java:onNext(255)) - client-C9E345EC67ED->244f13ac-34be-4c4e-8e45-0c0272edbbb2: receive RaftClientReply:client-C9E345EC67ED->244f13ac-34be-4c4e-8e45-0c0272edbbb2@group-FE77C852EF02, cid=642, SUCCESS, logIndex=747, commits[244f13ac-34be-4c4e-8e45-0c0272edbbb2:c748, 6287e41a-5356-4f55-84f2-270816d53e84:c744, a2c18d3d-e79d-47c9-88fe-d8a1d195302b:c744]
2019-08-23 11:31:25,034 [grpc-default-executor-4] INFO  client.GrpcClientProtocolClient (GrpcClientProtocolClient.java:onNext(255)) - client-C9E345EC67ED->244f13ac-34be-4c4e-8e45-0c0272edbbb2: receive RaftClientReply:client-C9E345EC67ED->244f13ac-34be-4c4e-8e45-0c0272edbbb2@group-FE77C852EF02, cid=643, SUCCESS, logIndex=748, commits[244f13ac-34be-4c4e-8e45-0c0272edbbb2:c748, 6287e41a-5356-4f55-84f2-270816d53e84:c744, a2c18d3d-e79d-47c9-88fe-d8a1d195302b:c744]
2019-08-23 11:31:25,042 | INFO  | DNAudit | user=null | ip=null | op=WRITE_CHUNK {blockData=conID: 1 locID: 102666068571324823 bcsId: 0} | ret=SUCCESS |  
2019-08-23 11:31:25,042 | INFO  | DNAudit | user=null | ip=null | op=WRITE_CHUNK {blockData=conID: 1 locID: 102666068571324823 bcsId: 0} | ret=SUCCESS |  
2019-08-23 11:31:25,043 | INFO  | DNAudit | user=null | ip=null | op=PUT_BLOCK {blockData=[blockId=conID: 1 locID: 102666068571324823 bcsId: 0,size=1048576]} | ret=SUCCESS |  
2019-08-23 11:31:25,043 | INFO  | DNAudit | user=null | ip=null | op=WRITE_CHUNK {blockData=conID: 1 locID: 102666068571324823 bcsId: 0} | ret=SUCCESS |  
2019-08-23 11:31:25,043 | INFO  | DNAudit | user=null | ip=null | op=PUT_BLOCK {blockData=[blockId=conID: 1 locID: 102666068571324823 bcsId: 0,size=1048576]} | ret=SUCCESS |  
2019-08-23 11:31:25,044 | INFO  | DNAudit | user=null | ip=null | op=PUT_BLOCK {blockData=[blockId=conID: 1 locID: 102666068571324823 bcsId: 0,size=2097152]} | ret=SUCCESS |  
2019-08-23 11:31:25,044 | INFO  | DNAudit | user=null | ip=null | op=WRITE_CHUNK {blockData=conID: 1 locID: 102666068571324823 bcsId: 0} | ret=SUCCESS |  
2019-08-23 11:31:25,044 | INFO  | DNAudit | user=null | ip=null | op=PUT_BLOCK {blockData=[blockId=conID: 1 locID: 102666068571324823 bcsId: 0,size=2097152]} | ret=SUCCESS |  
2019-08-23 11:31:25,045 [grpc-default-executor-4] INFO  client.GrpcClientProtocolClient (GrpcClientProtocolClient.java:onNext(255)) - client-C9E345EC67ED->244f13ac-34be-4c4e-8e45-0c0272edbbb2: receive RaftClientReply:client-C9E345EC67ED->244f13ac-34be-4c4e-8e45-0c0272edbbb2@group-FE77C852EF02, cid=644, SUCCESS, logIndex=0, commits[244f13ac-34be-4c4e-8e45-0c0272edbbb2:c752, 6287e41a-5356-4f55-84f2-270816d53e84:c746, a2c18d3d-e79d-47c9-88fe-d8a1d195302b:c748]
2019-08-23 11:31:25,056 | INFO  | DNAudit | user=null | ip=null | op=WRITE_CHUNK {blockData=conID: 1 locID: 102666068571324823 bcsId: 748} | ret=SUCCESS |  
2019-08-23 11:31:25,060 | INFO  | DNAudit | user=null | ip=null | op=WRITE_CHUNK {blockData=conID: 1 locID: 102666068571324823 bcsId: 748} | ret=SUCCESS |  
2019-08-23 11:31:25,060 | INFO  | DNAudit | user=null | ip=null | op=WRITE_CHUNK {blockData=conID: 1 locID: 102666068571324823 bcsId: 748} | ret=SUCCESS |  
2019-08-23 11:31:25,069 | INFO  | DNAudit | user=null | ip=null | op=WRITE_CHUNK {blockData=conID: 1 locID: 102666068571324823 bcsId: 748} | ret=SUCCESS |  
2019-08-23 11:31:25,070 | INFO  | DNAudit | user=null | ip=null | op=PUT_BLOCK {blockData=[blockId=conID: 1 locID: 102666068571324823 bcsId: 0,size=3145728]} | ret=SUCCESS |  
2019-08-23 11:31:25,071 [grpc-default-executor-5] INFO  client.GrpcClientProtocolClient (GrpcClientProtocolClient.java:onNext(255)) - client-C9E345EC67ED->244f13ac-34be-4c4e-8e45-0c0272edbbb2: receive RaftClientReply:client-C9E345EC67ED->244f13ac-34be-4c4e-8e45-0c0272edbbb2@group-FE77C852EF02, cid=645, SUCCESS, logIndex=753, commits[244f13ac-34be-4c4e-8e45-0c0272edbbb2:c754, 6287e41a-5356-4f55-84f2-270816d53e84:c752, a2c18d3d-e79d-47c9-88fe-d8a1d195302b:c752]
2019-08-23 11:31:25,071 [grpc-default-executor-5] INFO  client.GrpcClientProtocolClient (GrpcClientProtocolClient.java:onNext(255)) - client-C9E345EC67ED->244f13ac-34be-4c4e-8e45-0c0272edbbb2: receive RaftClientReply:client-C9E345EC67ED->244f13ac-34be-4c4e-8e45-0c0272edbbb2@group-FE77C852EF02, cid=646, SUCCESS, logIndex=754, commits[244f13ac-34be-4c4e-8e45-0c0272edbbb2:c754, 6287e41a-5356-4f55-84f2-270816d53e84:c752, a2c18d3d-e79d-47c9-88fe-d8a1d195302b:c752]
2019-08-23 11:31:25,081 | INFO  | DNAudit | user=null | ip=null | op=WRITE_CHUNK {blockData=conID: 1 locID: 102666068571324823 bcsId: 748} | ret=SUCCESS |  
2019-08-23 11:31:25,081 | INFO  | DNAudit | user=null | ip=null | op=WRITE_CHUNK {blockData=conID: 1 locID: 102666068571324823 bcsId: 748} | ret=SUCCESS |  
2019-08-23 11:31:25,081 | INFO  | SCMAudit | user=jenkins1000 | ip=192.168.5.185 | op=SEND_HEARTBEAT {datanodeUUID=a2c18d3d-e79d-47c9-88fe-d8a1d195302b, command=[]} | ret=SUCCESS |  
2019-08-23 11:31:25,081 | INFO  | SCMAudit | user=jenkins1000 | ip=192.168.5.185 | op=SEND_HEARTBEAT {datanodeUUID=244f13ac-34be-4c4e-8e45-0c0272edbbb2, command=[]} | ret=SUCCESS |  
2019-08-23 11:31:25,083 | INFO  | DNAudit | user=null | ip=null | op=PUT_BLOCK {blockData=[blockId=conID: 1 locID: 102666068571324823 bcsId: 0,size=3145728]} | ret=SUCCESS |  
2019-08-23 11:31:25,083 | INFO  | DNAudit | user=null | ip=null | op=PUT_BLOCK {blockData=[blockId=conID: 1 locID: 102666068571324823 bcsId: 0,size=3145728]} | ret=SUCCESS |  
2019-08-23 11:31:25,085 | INFO  | DNAudit | user=null | ip=null | op=WRITE_CHUNK {blockData=conID: 1 locID: 102666068571324823 bcsId: 754} | ret=SUCCESS |  
2019-08-23 11:31:25,088 | INFO  | SCMAudit | user=jenkins1000 | ip=192.168.5.185 | op=SEND_HEARTBEAT {datanodeUUID=6287e41a-5356-4f55-84f2-270816d53e84, command=[]} | ret=SUCCESS |  
2019-08-23 11:31:25,089 | INFO  | DNAudit | user=null | ip=null | op=WRITE_CHUNK {blockData=conID: 1 locID: 102666068571324823 bcsId: 754} | ret=SUCCESS |  
2019-08-23 11:31:25,090 | INFO  | DNAudit | user=null | ip=null | op=WRITE_CHUNK {blockData=conID: 1 locID: 102666068571324823 bcsId: 754} | ret=SUCCESS |  
2019-08-23 11:31:25,101 | INFO  | DNAudit | user=null | ip=null | op=WRITE_CHUNK {blockData=conID: 1 locID: 102666068571324823 bcsId: 754} | ret=SUCCESS |  
2019-08-23 11:31:25,102 | INFO  | DNAudit | user=null | ip=null | op=PUT_BLOCK {blockData=[blockId=conID: 1 locID: 102666068571324823 bcsId: 0,size=4194304]} | ret=SUCCESS |  
2019-08-23 11:31:25,102 [grpc-default-executor-5] INFO  client.GrpcClientProtocolClient (GrpcClientProtocolClient.java:onNext(255)) - client-C9E345EC67ED->244f13ac-34be-4c4e-8e45-0c0272edbbb2: receive RaftClientReply:client-C9E345EC67ED->244f13ac-34be-4c4e-8e45-0c0272edbbb2@group-FE77C852EF02, cid=647, SUCCESS, logIndex=757, commits[244f13ac-34be-4c4e-8e45-0c0272edbbb2:c758, 6287e41a-5356-4f55-84f2-270816d53e84:c755, a2c18d3d-e79d-47c9-88fe-d8a1d195302b:c755]
2019-08-23 11:31:25,103 [grpc-default-executor-5] INFO  client.GrpcClientProtocolClient (GrpcClientProtocolClient.java:onNext(255)) - client-C9E345EC67ED->244f13ac-34be-4c4e-8e45-0c0272edbbb2: receive RaftClientReply:client-C9E345EC67ED->244f13ac-34be-4c4e-8e45-0c0272edbbb2@group-FE77C852EF02, cid=648, SUCCESS, logIndex=758, commits[244f13ac-34be-4c4e-8e45-0c0272edbbb2:c758, 6287e41a-5356-4f55-84f2-270816d53e84:c755, a2c18d3d-e79d-47c9-88fe-d8a1d195302b:c755]
2019-08-23 11:31:25,111 | INFO  | DNAudit | user=null | ip=null | op=WRITE_CHUNK {blockData=conID: 1 locID: 102666068571324823 bcsId: 754} | ret=SUCCESS |  
2019-08-23 11:31:25,112 | INFO  | DNAudit | user=null | ip=null | op=WRITE_CHUNK {blockData=conID: 1 locID: 102666068571324823 bcsId: 754} | ret=SUCCESS |  
2019-08-23 11:31:25,112 | INFO  | DNAudit | user=null | ip=null | op=PUT_BLOCK {blockData=[blockId=conID: 1 locID: 102666068571324823 bcsId: 0,size=4194304]} | ret=SUCCESS |  
2019-08-23 11:31:25,112 | INFO  | DNAudit | user=null | ip=null | op=PUT_BLOCK {blockData=[blockId=conID: 1 locID: 102666068571324823 bcsId: 0,size=4194304]} | ret=SUCCESS |  
2019-08-23 11:31:25,113 [grpc-default-executor-5] INFO  client.GrpcClientProtocolClient (GrpcClientProtocolClient.java:onNext(255)) - client-C9E345EC67ED->244f13ac-34be-4c4e-8e45-0c0272edbbb2: receive RaftClientReply:client-C9E345EC67ED->244f13ac-34be-4c4e-8e45-0c0272edbbb2@group-FE77C852EF02, cid=649, SUCCESS, logIndex=0, commits[244f13ac-34be-4c4e-8e45-0c0272edbbb2:c759, 6287e41a-5356-4f55-84f2-270816d53e84:c758, a2c18d3d-e79d-47c9-88fe-d8a1d195302b:c758]
2019-08-23 11:31:25,125 | INFO  | DNAudit | user=null | ip=null | op=WRITE_CHUNK {blockData=conID: 2 locID: 102666068571324824 bcsId: 0} | ret=SUCCESS |  
2019-08-23 11:31:25,129 | INFO  | DNAudit | user=null | ip=null | op=WRITE_CHUNK {blockData=conID: 2 locID: 102666068571324824 bcsId: 0} | ret=SUCCESS |  
2019-08-23 11:31:25,131 | INFO  | DNAudit | user=null | ip=null | op=WRITE_CHUNK {blockData=conID: 2 locID: 102666068571324824 bcsId: 0} | ret=SUCCESS |  
2019-08-23 11:31:25,132 | INFO  | DNAudit | user=null | ip=null | op=WRITE_CHUNK {blockData=conID: 2 locID: 102666068571324824 bcsId: 0} | ret=SUCCESS |  
2019-08-23 11:31:25,135 | INFO  | DNAudit | user=null | ip=null | op=WRITE_CHUNK {blockData=conID: 2 locID: 102666068571324824 bcsId: 0} | ret=SUCCESS |  
2019-08-23 11:31:25,135 | INFO  | DNAudit | user=null | ip=null | op=WRITE_CHUNK {blockData=conID: 2 locID: 102666068571324824 bcsId: 0} | ret=SUCCESS |  
2019-08-23 11:31:25,140 | INFO  | DNAudit | user=null | ip=null | op=WRITE_CHUNK {blockData=conID: 2 locID: 102666068571324824 bcsId: 0} | ret=SUCCESS |  
2019-08-23 11:31:25,141 | INFO  | DNAudit | user=null | ip=null | op=PUT_BLOCK {blockData=[blockId=conID: 2 locID: 102666068571324824 bcsId: 0,size=1048576]} | ret=SUCCESS |  
2019-08-23 11:31:25,141 | INFO  | DNAudit | user=null | ip=null | op=WRITE_CHUNK {blockData=conID: 2 locID: 102666068571324824 bcsId: 0} | ret=SUCCESS |  
2019-08-23 11:31:25,141 [grpc-default-executor-5] INFO  client.GrpcClientProtocolClient (GrpcClientProtocolClient.java:onNext(255)) - client-C9E345EC67ED->244f13ac-34be-4c4e-8e45-0c0272edbbb2: receive RaftClientReply:client-C9E345EC67ED->244f13ac-34be-4c4e-8e45-0c0272edbbb2@group-FE77C852EF02, cid=650, SUCCESS, logIndex=761, commits[244f13ac-34be-4c4e-8e45-0c0272edbbb2:c764, 6287e41a-5356-4f55-84f2-270816d53e84:c760, a2c18d3d-e79d-47c9-88fe-d8a1d195302b:c760]
2019-08-23 11:31:25,142 | INFO  | DNAudit | user=null | ip=null | op=PUT_BLOCK {blockData=[blockId=conID: 2 locID: 102666068571324824 bcsId: 0,size=2097152]} | ret=SUCCESS |  
2019-08-23 11:31:25,142 [grpc-default-executor-5] INFO  client.GrpcClientProtocolClient (GrpcClientProtocolClient.java:onNext(255)) - client-C9E345EC67ED->244f13ac-34be-4c4e-8e45-0c0272edbbb2: receive RaftClientReply:client-C9E345EC67ED->244f13ac-34be-4c4e-8e45-0c0272edbbb2@group-FE77C852EF02, cid=651, SUCCESS, logIndex=762, commits[244f13ac-34be-4c4e-8e45-0c0272edbbb2:c764, 6287e41a-5356-4f55-84f2-270816d53e84:c760, a2c18d3d-e79d-47c9-88fe-d8a1d195302b:c760]
2019-08-23 11:31:25,143 [grpc-default-executor-5] INFO  client.GrpcClientProtocolClient (GrpcClientProtocolClient.java:onNext(255)) - client-C9E345EC67ED->244f13ac-34be-4c4e-8e45-0c0272edbbb2: receive RaftClientReply:client-C9E345EC67ED->244f13ac-34be-4c4e-8e45-0c0272edbbb2@group-FE77C852EF02, cid=652, SUCCESS, logIndex=763, commits[244f13ac-34be-4c4e-8e45-0c0272edbbb2:c764, 6287e41a-5356-4f55-84f2-270816d53e84:c760, a2c18d3d-e79d-47c9-88fe-d8a1d195302b:c760]
2019-08-23 11:31:25,144 [grpc-default-executor-5] INFO  client.GrpcClientProtocolClient (GrpcClientProtocolClient.java:onNext(255)) - client-C9E345EC67ED->244f13ac-34be-4c4e-8e45-0c0272edbbb2: receive RaftClientReply:client-C9E345EC67ED->244f13ac-34be-4c4e-8e45-0c0272edbbb2@group-FE77C852EF02, cid=653, SUCCESS, logIndex=764, commits[244f13ac-34be-4c4e-8e45-0c0272edbbb2:c764, 6287e41a-5356-4f55-84f2-270816d53e84:c760, a2c18d3d-e79d-47c9-88fe-d8a1d195302b:c760]
2019-08-23 11:31:25,151 | INFO  | DNAudit | user=null | ip=null | op=WRITE_CHUNK {blockData=conID: 2 locID: 102666068571324824 bcsId: 0} | ret=SUCCESS |  
2019-08-23 11:31:25,151 | INFO  | DNAudit | user=null | ip=null | op=WRITE_CHUNK {blockData=conID: 2 locID: 102666068571324824 bcsId: 0} | ret=SUCCESS |  
2019-08-23 11:31:25,152 | INFO  | DNAudit | user=null | ip=null | op=PUT_BLOCK {blockData=[blockId=conID: 2 locID: 102666068571324824 bcsId: 0,size=1048576]} | ret=SUCCESS |  
2019-08-23 11:31:25,153 | INFO  | DNAudit | user=null | ip=null | op=WRITE_CHUNK {blockData=conID: 2 locID: 102666068571324824 bcsId: 0} | ret=SUCCESS |  
2019-08-23 11:31:25,153 | INFO  | DNAudit | user=null | ip=null | op=PUT_BLOCK {blockData=[blockId=conID: 2 locID: 102666068571324824 bcsId: 0,size=1048576]} | ret=SUCCESS |  
2019-08-23 11:31:25,153 | INFO  | DNAudit | user=null | ip=null | op=PUT_BLOCK {blockData=[blockId=conID: 2 locID: 102666068571324824 bcsId: 0,size=2097152]} | ret=SUCCESS |  
2019-08-23 11:31:25,153 | INFO  | DNAudit | user=null | ip=null | op=WRITE_CHUNK {blockData=conID: 2 locID: 102666068571324824 bcsId: 0} | ret=SUCCESS |  
2019-08-23 11:31:25,154 | INFO  | DNAudit | user=null | ip=null | op=PUT_BLOCK {blockData=[blockId=conID: 2 locID: 102666068571324824 bcsId: 0,size=2097152]} | ret=SUCCESS |  
2019-08-23 11:31:25,154 [grpc-default-executor-5] INFO  client.GrpcClientProtocolClient (GrpcClientProtocolClient.java:onNext(255)) - client-C9E345EC67ED->244f13ac-34be-4c4e-8e45-0c0272edbbb2: receive RaftClientReply:client-C9E345EC67ED->244f13ac-34be-4c4e-8e45-0c0272edbbb2@group-FE77C852EF02, cid=654, SUCCESS, logIndex=0, commits[244f13ac-34be-4c4e-8e45-0c0272edbbb2:c765, 6287e41a-5356-4f55-84f2-270816d53e84:c764, a2c18d3d-e79d-47c9-88fe-d8a1d195302b:c764]
2019-08-23 11:31:25,164 | INFO  | DNAudit | user=null | ip=null | op=WRITE_CHUNK {blockData=conID: 2 locID: 102666068571324824 bcsId: 764} | ret=SUCCESS |  
2019-08-23 11:31:25,169 | INFO  | DNAudit | user=null | ip=null | op=WRITE_CHUNK {blockData=conID: 2 locID: 102666068571324824 bcsId: 764} | ret=SUCCESS |  
2019-08-23 11:31:25,169 | INFO  | DNAudit | user=null | ip=null | op=WRITE_CHUNK {blockData=conID: 2 locID: 102666068571324824 bcsId: 764} | ret=SUCCESS |  
2019-08-23 11:31:25,178 | INFO  | DNAudit | user=null | ip=null | op=WRITE_CHUNK {blockData=conID: 2 locID: 102666068571324824 bcsId: 764} | ret=SUCCESS |  
2019-08-23 11:31:25,179 | INFO  | DNAudit | user=null | ip=null | op=PUT_BLOCK {blockData=[blockId=conID: 2 locID: 102666068571324824 bcsId: 0,size=3145728]} | ret=SUCCESS |  
2019-08-23 11:31:25,179 [grpc-default-executor-1] INFO  client.GrpcClientProtocolClient (GrpcClientProtocolClient.java:onNext(255)) - client-C9E345EC67ED->244f13ac-34be-4c4e-8e45-0c0272edbbb2: receive RaftClientReply:client-C9E345EC67ED->244f13ac-34be-4c4e-8e45-0c0272edbbb2@group-FE77C852EF02, cid=655, SUCCESS, logIndex=767, commits[244f13ac-34be-4c4e-8e45-0c0272edbbb2:c768, 6287e41a-5356-4f55-84f2-270816d53e84:c766, a2c18d3d-e79d-47c9-88fe-d8a1d195302b:c766]
2019-08-23 11:31:25,180 [grpc-default-executor-1] INFO  client.GrpcClientProtocolClient (GrpcClientProtocolClient.java:onNext(255)) - client-C9E345EC67ED->244f13ac-34be-4c4e-8e45-0c0272edbbb2: receive RaftClientReply:client-C9E345EC67ED->244f13ac-34be-4c4e-8e45-0c0272edbbb2@group-FE77C852EF02, cid=656, SUCCESS, logIndex=768, commits[244f13ac-34be-4c4e-8e45-0c0272edbbb2:c768, 6287e41a-5356-4f55-84f2-270816d53e84:c766, a2c18d3d-e79d-47c9-88fe-d8a1d195302b:c766]
2019-08-23 11:31:25,189 | INFO  | DNAudit | user=null | ip=null | op=WRITE_CHUNK {blockData=conID: 2 locID: 102666068571324824 bcsId: 764} | ret=SUCCESS |  
2019-08-23 11:31:25,189 | INFO  | DNAudit | user=null | ip=null | op=WRITE_CHUNK {blockData=conID: 2 locID: 102666068571324824 bcsId: 764} | ret=SUCCESS |  
2019-08-23 11:31:25,190 | INFO  | DNAudit | user=null | ip=null | op=PUT_BLOCK {blockData=[blockId=conID: 2 locID: 102666068571324824 bcsId: 0,size=3145728]} | ret=SUCCESS |  
2019-08-23 11:31:25,190 | INFO  | DNAudit | user=null | ip=null | op=PUT_BLOCK {blockData=[blockId=conID: 2 locID: 102666068571324824 bcsId: 0,size=3145728]} | ret=SUCCESS |  
2019-08-23 11:31:25,190 | INFO  | DNAudit | user=null | ip=null | op=WRITE_CHUNK {blockData=conID: 2 locID: 102666068571324824 bcsId: 768} | ret=SUCCESS |  
 0.00% |█                                                                                                    |  0/1 Time: 0:00:012019-08-23 11:31:25,194 | INFO  | DNAudit | user=null | ip=null | op=WRITE_CHUNK {blockData=conID: 2 locID: 102666068571324824 bcsId: 768} | ret=SUCCESS |  
2019-08-23 11:31:25,194 | INFO  | DNAudit | user=null | ip=null | op=WRITE_CHUNK {blockData=conID: 2 locID: 102666068571324824 bcsId: 768} | ret=SUCCESS |  
2019-08-23 11:31:25,203 | INFO  | DNAudit | user=null | ip=null | op=WRITE_CHUNK {blockData=conID: 2 locID: 102666068571324824 bcsId: 768} | ret=SUCCESS |  
2019-08-23 11:31:25,204 | INFO  | DNAudit | user=null | ip=null | op=PUT_BLOCK {blockData=[blockId=conID: 2 locID: 102666068571324824 bcsId: 0,size=4194304]} | ret=SUCCESS |  
2019-08-23 11:31:25,204 [grpc-default-executor-4] INFO  client.GrpcClientProtocolClient (GrpcClientProtocolClient.java:onNext(255)) - client-C9E345EC67ED->244f13ac-34be-4c4e-8e45-0c0272edbbb2: receive RaftClientReply:client-C9E345EC67ED->244f13ac-34be-4c4e-8e45-0c0272edbbb2@group-FE77C852EF02, cid=657, SUCCESS, logIndex=771, commits[244f13ac-34be-4c4e-8e45-0c0272edbbb2:c772, 6287e41a-5356-4f55-84f2-270816d53e84:c768, a2c18d3d-e79d-47c9-88fe-d8a1d195302b:c768]
2019-08-23 11:31:25,205 [grpc-default-executor-4] INFO  client.GrpcClientProtocolClient (GrpcClientProtocolClient.java:onNext(255)) - client-C9E345EC67ED->244f13ac-34be-4c4e-8e45-0c0272edbbb2: receive RaftClientReply:client-C9E345EC67ED->244f13ac-34be-4c4e-8e45-0c0272edbbb2@group-FE77C852EF02, cid=658, SUCCESS, logIndex=772, commits[244f13ac-34be-4c4e-8e45-0c0272edbbb2:c772, 6287e41a-5356-4f55-84f2-270816d53e84:c768, a2c18d3d-e79d-47c9-88fe-d8a1d195302b:c768]
2019-08-23 11:31:25,214 | INFO  | DNAudit | user=null | ip=null | op=WRITE_CHUNK {blockData=conID: 2 locID: 102666068571324824 bcsId: 768} | ret=SUCCESS |  
2019-08-23 11:31:25,214 | INFO  | DNAudit | user=null | ip=null | op=WRITE_CHUNK {blockData=conID: 2 locID: 102666068571324824 bcsId: 768} | ret=SUCCESS |  
2019-08-23 11:31:25,215 | INFO  | DNAudit | user=null | ip=null | op=PUT_BLOCK {blockData=[blockId=conID: 2 locID: 102666068571324824 bcsId: 0,size=4194304]} | ret=SUCCESS |  
2019-08-23 11:31:25,216 | INFO  | DNAudit | user=null | ip=null | op=PUT_BLOCK {blockData=[blockId=conID: 2 locID: 102666068571324824 bcsId: 0,size=4194304]} | ret=SUCCESS |  
2019-08-23 11:31:25,217 [grpc-default-executor-4] INFO  client.GrpcClientProtocolClient (GrpcClientProtocolClient.java:onNext(255)) - client-C9E345EC67ED->244f13ac-34be-4c4e-8e45-0c0272edbbb2: receive RaftClientReply:client-C9E345EC67ED->244f13ac-34be-4c4e-8e45-0c0272edbbb2@group-FE77C852EF02, cid=659, SUCCESS, logIndex=0, commits[244f13ac-34be-4c4e-8e45-0c0272edbbb2:c774, 6287e41a-5356-4f55-84f2-270816d53e84:c772, a2c18d3d-e79d-47c9-88fe-d8a1d195302b:c772]
2019-08-23 11:31:25,228 | INFO  | DNAudit | user=null | ip=null | op=WRITE_CHUNK {blockData=conID: 3 locID: 102666068571390361 bcsId: 0} | ret=SUCCESS |  
2019-08-23 11:31:25,231 | INFO  | DNAudit | user=null | ip=null | op=WRITE_CHUNK {blockData=conID: 3 locID: 102666068571390361 bcsId: 0} | ret=SUCCESS |  
2019-08-23 11:31:25,232 | INFO  | DNAudit | user=null | ip=null | op=WRITE_CHUNK {blockData=conID: 3 locID: 102666068571390361 bcsId: 0} | ret=SUCCESS |  
2019-08-23 11:31:25,232 | INFO  | DNAudit | user=null | ip=null | op=WRITE_CHUNK {blockData=conID: 3 locID: 102666068571390361 bcsId: 0} | ret=SUCCESS |  
2019-08-23 11:31:25,235 | INFO  | DNAudit | user=null | ip=null | op=WRITE_CHUNK {blockData=conID: 3 locID: 102666068571390361 bcsId: 0} | ret=SUCCESS |  
2019-08-23 11:31:25,236 | INFO  | DNAudit | user=null | ip=null | op=WRITE_CHUNK {blockData=conID: 3 locID: 102666068571390361 bcsId: 0} | ret=SUCCESS |  
2019-08-23 11:31:25,242 | INFO  | DNAudit | user=null | ip=null | op=WRITE_CHUNK {blockData=conID: 3 locID: 102666068571390361 bcsId: 0} | ret=SUCCESS |  
2019-08-23 11:31:25,243 | INFO  | DNAudit | user=null | ip=null | op=PUT_BLOCK {blockData=[blockId=conID: 3 locID: 102666068571390361 bcsId: 0,size=1048576]} | ret=SUCCESS |  
2019-08-23 11:31:25,243 | INFO  | DNAudit | user=null | ip=null | op=WRITE_CHUNK {blockData=conID: 3 locID: 102666068571390361 bcsId: 0} | ret=SUCCESS |  
2019-08-23 11:31:25,243 [grpc-default-executor-5] INFO  client.GrpcClientProtocolClient (GrpcClientProtocolClient.java:onNext(255)) - client-C9E345EC67ED->244f13ac-34be-4c4e-8e45-0c0272edbbb2: receive RaftClientReply:client-C9E345EC67ED->244f13ac-34be-4c4e-8e45-0c0272edbbb2@group-FE77C852EF02, cid=660, SUCCESS, logIndex=775, commits[244f13ac-34be-4c4e-8e45-0c0272edbbb2:c778, 6287e41a-5356-4f55-84f2-270816d53e84:c774, a2c18d3d-e79d-47c9-88fe-d8a1d195302b:c774]
2019-08-23 11:31:25,244 | INFO  | DNAudit | user=null | ip=null | op=WRITE_CHUNK {blockData=conID: 3 locID: 102666068571390361 bcsId: 0} | ret=SUCCESS |  
2019-08-23 11:31:25,244 | INFO  | DNAudit | user=null | ip=null | op=PUT_BLOCK {blockData=[blockId=conID: 3 locID: 102666068571390361 bcsId: 0,size=2097152]} | ret=SUCCESS |  
2019-08-23 11:31:25,244 | INFO  | DNAudit | user=null | ip=null | op=WRITE_CHUNK {blockData=conID: 3 locID: 102666068571390361 bcsId: 0} | ret=SUCCESS |  
2019-08-23 11:31:25,244 [grpc-default-executor-5] INFO  client.GrpcClientProtocolClient (GrpcClientProtocolClient.java:onNext(255)) - client-C9E345EC67ED->244f13ac-34be-4c4e-8e45-0c0272edbbb2: receive RaftClientReply:client-C9E345EC67ED->244f13ac-34be-4c4e-8e45-0c0272edbbb2@group-FE77C852EF02, cid=661, SUCCESS, logIndex=776, commits[244f13ac-34be-4c4e-8e45-0c0272edbbb2:c778, 6287e41a-5356-4f55-84f2-270816d53e84:c774, a2c18d3d-e79d-47c9-88fe-d8a1d195302b:c774]
2019-08-23 11:31:25,244 | INFO  | DNAudit | user=null | ip=null | op=PUT_BLOCK {blockData=[blockId=conID: 3 locID: 102666068571390361 bcsId: 0,size=1048576]} | ret=SUCCESS |  
2019-08-23 11:31:25,245 | INFO  | DNAudit | user=null | ip=null | op=WRITE_CHUNK {blockData=conID: 3 locID: 102666068571390361 bcsId: 0} | ret=SUCCESS |  
2019-08-23 11:31:25,245 [grpc-default-executor-5] INFO  client.GrpcClientProtocolClient (GrpcClientProtocolClient.java:onNext(255)) - client-C9E345EC67ED->244f13ac-34be-4c4e-8e45-0c0272edbbb2: receive RaftClientReply:client-C9E345EC67ED->244f13ac-34be-4c4e-8e45-0c0272edbbb2@group-FE77C852EF02, cid=662, SUCCESS, logIndex=777, commits[244f13ac-34be-4c4e-8e45-0c0272edbbb2:c778, 6287e41a-5356-4f55-84f2-270816d53e84:c774, a2c18d3d-e79d-47c9-88fe-d8a1d195302b:c774]
2019-08-23 11:31:25,245 | INFO  | DNAudit | user=null | ip=null | op=PUT_BLOCK {blockData=[blockId=conID: 3 locID: 102666068571390361 bcsId: 0,size=1048576]} | ret=SUCCESS |  
2019-08-23 11:31:25,245 | INFO  | DNAudit | user=null | ip=null | op=PUT_BLOCK {blockData=[blockId=conID: 3 locID: 102666068571390361 bcsId: 0,size=2097152]} | ret=SUCCESS |  
2019-08-23 11:31:25,245 | INFO  | DNAudit | user=null | ip=null | op=WRITE_CHUNK {blockData=conID: 3 locID: 102666068571390361 bcsId: 0} | ret=SUCCESS |  
2019-08-23 11:31:25,246 [grpc-default-executor-1] INFO  client.GrpcClientProtocolClient (GrpcClientProtocolClient.java:onNext(255)) - client-C9E345EC67ED->244f13ac-34be-4c4e-8e45-0c0272edbbb2: receive RaftClientReply:client-C9E345EC67ED->244f13ac-34be-4c4e-8e45-0c0272edbbb2@group-FE77C852EF02, cid=663, SUCCESS, logIndex=778, commits[244f13ac-34be-4c4e-8e45-0c0272edbbb2:c778, 6287e41a-5356-4f55-84f2-270816d53e84:c774, a2c18d3d-e79d-47c9-88fe-d8a1d195302b:c774]
2019-08-23 11:31:25,246 | INFO  | DNAudit | user=null | ip=null | op=PUT_BLOCK {blockData=[blockId=conID: 3 locID: 102666068571390361 bcsId: 0,size=2097152]} | ret=SUCCESS |  
2019-08-23 11:31:25,248 [grpc-default-executor-1] INFO  client.GrpcClientProtocolClient (GrpcClientProtocolClient.java:onNext(255)) - client-C9E345EC67ED->244f13ac-34be-4c4e-8e45-0c0272edbbb2: receive RaftClientReply:client-C9E345EC67ED->244f13ac-34be-4c4e-8e45-0c0272edbbb2@group-FE77C852EF02, cid=664, SUCCESS, logIndex=0, commits[244f13ac-34be-4c4e-8e45-0c0272edbbb2:c781, 6287e41a-5356-4f55-84f2-270816d53e84:c778, a2c18d3d-e79d-47c9-88fe-d8a1d195302b:c778]
2019-08-23 11:31:25,256 | INFO  | DNAudit | user=null | ip=null | op=WRITE_CHUNK {blockData=conID: 3 locID: 102666068571390361 bcsId: 778} | ret=SUCCESS |  
2019-08-23 11:31:25,263 | INFO  | DNAudit | user=null | ip=null | op=WRITE_CHUNK {blockData=conID: 3 locID: 102666068571390361 bcsId: 778} | ret=SUCCESS |  
2019-08-23 11:31:25,263 | INFO  | DNAudit | user=null | ip=null | op=WRITE_CHUNK {blockData=conID: 3 locID: 102666068571390361 bcsId: 778} | ret=SUCCESS |  
2019-08-23 11:31:25,269 | INFO  | DNAudit | user=null | ip=null | op=WRITE_CHUNK {blockData=conID: 3 locID: 102666068571390361 bcsId: 778} | ret=SUCCESS |  
2019-08-23 11:31:25,271 [grpc-default-executor-5] INFO  client.GrpcClientProtocolClient (GrpcClientProtocolClient.java:onNext(255)) - client-C9E345EC67ED->244f13ac-34be-4c4e-8e45-0c0272edbbb2: receive RaftClientReply:client-C9E345EC67ED->244f13ac-34be-4c4e-8e45-0c0272edbbb2@group-FE77C852EF02, cid=665, SUCCESS, logIndex=782, commits[244f13ac-34be-4c4e-8e45-0c0272edbbb2:c783, 6287e41a-5356-4f55-84f2-270816d53e84:c781, a2c18d3d-e79d-47c9-88fe-d8a1d195302b:c781]
2019-08-23 11:31:25,278 | INFO  | DNAudit | user=null | ip=null | op=PUT_BLOCK {blockData=[blockId=conID: 3 locID: 102666068571390361 bcsId: 0,size=3145728]} | ret=SUCCESS |  
2019-08-23 11:31:25,279 [grpc-default-executor-5] INFO  client.GrpcClientProtocolClient (GrpcClientProtocolClient.java:onNext(255)) - client-C9E345EC67ED->244f13ac-34be-4c4e-8e45-0c0272edbbb2: receive RaftClientReply:client-C9E345EC67ED->244f13ac-34be-4c4e-8e45-0c0272edbbb2@group-FE77C852EF02, cid=666, SUCCESS, logIndex=783, commits[244f13ac-34be-4c4e-8e45-0c0272edbbb2:c783, 6287e41a-5356-4f55-84f2-270816d53e84:c781, a2c18d3d-e79d-47c9-88fe-d8a1d195302b:c781]
2019-08-23 11:31:25,281 | INFO  | DNAudit | user=null | ip=null | op=WRITE_CHUNK {blockData=conID: 3 locID: 102666068571390361 bcsId: 778} | ret=SUCCESS |  
2019-08-23 11:31:25,281 | INFO  | DNAudit | user=null | ip=null | op=WRITE_CHUNK {blockData=conID: 3 locID: 102666068571390361 bcsId: 778} | ret=SUCCESS |  
2019-08-23 11:31:25,281 | INFO  | DNAudit | user=null | ip=null | op=PUT_BLOCK {blockData=[blockId=conID: 3 locID: 102666068571390361 bcsId: 0,size=3145728]} | ret=SUCCESS |  
2019-08-23 11:31:25,283 | INFO  | DNAudit | user=null | ip=null | op=PUT_BLOCK {blockData=[blockId=conID: 3 locID: 102666068571390361 bcsId: 0,size=3145728]} | ret=SUCCESS |  
2019-08-23 11:31:25,290 | INFO  | DNAudit | user=null | ip=null | op=WRITE_CHUNK {blockData=conID: 3 locID: 102666068571390361 bcsId: 783} | ret=SUCCESS |  
2019-08-23 11:31:25,293 | INFO  | DNAudit | user=null | ip=null | op=WRITE_CHUNK {blockData=conID: 3 locID: 102666068571390361 bcsId: 783} | ret=SUCCESS |  
2019-08-23 11:31:25,294 | INFO  | DNAudit | user=null | ip=null | op=WRITE_CHUNK {blockData=conID: 3 locID: 102666068571390361 bcsId: 783} | ret=SUCCESS |  
2019-08-23 11:31:25,302 | INFO  | DNAudit | user=null | ip=null | op=WRITE_CHUNK {blockData=conID: 3 locID: 102666068571390361 bcsId: 783} | ret=SUCCESS |  
2019-08-23 11:31:25,303 | INFO  | DNAudit | user=null | ip=null | op=PUT_BLOCK {blockData=[blockId=conID: 3 locID: 102666068571390361 bcsId: 0,size=4194304]} | ret=SUCCESS |  
2019-08-23 11:31:25,303 [grpc-default-executor-1] INFO  client.GrpcClientProtocolClient (GrpcClientProtocolClient.java:onNext(255)) - client-C9E345EC67ED->244f13ac-34be-4c4e-8e45-0c0272edbbb2: receive RaftClientReply:client-C9E345EC67ED->244f13ac-34be-4c4e-8e45-0c0272edbbb2@group-FE77C852EF02, cid=667, SUCCESS, logIndex=786, commits[244f13ac-34be-4c4e-8e45-0c0272edbbb2:c787, 6287e41a-5356-4f55-84f2-270816d53e84:c785, a2c18d3d-e79d-47c9-88fe-d8a1d195302b:c785]
2019-08-23 11:31:25,304 [grpc-default-executor-1] INFO  client.GrpcClientProtocolClient (GrpcClientProtocolClient.java:onNext(255)) - client-C9E345EC67ED->244f13ac-34be-4c4e-8e45-0c0272edbbb2: receive RaftClientReply:client-C9E345EC67ED->244f13ac-34be-4c4e-8e45-0c0272edbbb2@group-FE77C852EF02, cid=668, SUCCESS, logIndex=787, commits[244f13ac-34be-4c4e-8e45-0c0272edbbb2:c787, 6287e41a-5356-4f55-84f2-270816d53e84:c785, a2c18d3d-e79d-47c9-88fe-d8a1d195302b:c785]
2019-08-23 11:31:25,312 | INFO  | DNAudit | user=null | ip=null | op=WRITE_CHUNK {blockData=conID: 3 locID: 102666068571390361 bcsId: 783} | ret=SUCCESS |  
2019-08-23 11:31:25,312 | INFO  | DNAudit | user=null | ip=null | op=WRITE_CHUNK {blockData=conID: 3 locID: 102666068571390361 bcsId: 783} | ret=SUCCESS |  
2019-08-23 11:31:25,313 | INFO  | DNAudit | user=null | ip=null | op=PUT_BLOCK {blockData=[blockId=conID: 3 locID: 102666068571390361 bcsId: 0,size=4194304]} | ret=SUCCESS |  
2019-08-23 11:31:25,313 | INFO  | DNAudit | user=null | ip=null | op=PUT_BLOCK {blockData=[blockId=conID: 3 locID: 102666068571390361 bcsId: 0,size=4194304]} | ret=SUCCESS |  
2019-08-23 11:31:25,314 [grpc-default-executor-1] INFO  client.GrpcClientProtocolClient (GrpcClientProtocolClient.java:onNext(255)) - client-C9E345EC67ED->244f13ac-34be-4c4e-8e45-0c0272edbbb2: receive RaftClientReply:client-C9E345EC67ED->244f13ac-34be-4c4e-8e45-0c0272edbbb2@group-FE77C852EF02, cid=669, SUCCESS, logIndex=0, commits[244f13ac-34be-4c4e-8e45-0c0272edbbb2:c788, 6287e41a-5356-4f55-84f2-270816d53e84:c787, a2c18d3d-e79d-47c9-88fe-d8a1d195302b:c787]
2019-08-23 11:31:25,323 | INFO  | DNAudit | user=null | ip=null | op=WRITE_CHUNK {blockData=conID: 1 locID: 102666068571390362 bcsId: 0} | ret=SUCCESS |  
2019-08-23 11:31:25,327 | INFO  | DNAudit | user=null | ip=null | op=WRITE_CHUNK {blockData=conID: 1 locID: 102666068571390362 bcsId: 0} | ret=SUCCESS |  
2019-08-23 11:31:25,328 | INFO  | DNAudit | user=null | ip=null | op=WRITE_CHUNK {blockData=conID: 1 locID: 102666068571390362 bcsId: 0} | ret=SUCCESS |  
2019-08-23 11:31:25,328 | INFO  | DNAudit | user=null | ip=null | op=WRITE_CHUNK {blockData=conID: 1 locID: 102666068571390362 bcsId: 0} | ret=SUCCESS |  
2019-08-23 11:31:25,330 | INFO  | DNAudit | user=null | ip=null | op=WRITE_CHUNK {blockData=conID: 1 locID: 102666068571390362 bcsId: 0} | ret=SUCCESS |  
2019-08-23 11:31:25,331 | INFO  | DNAudit | user=null | ip=null | op=WRITE_CHUNK {blockData=conID: 1 locID: 102666068571390362 bcsId: 0} | ret=SUCCESS |  
2019-08-23 11:31:25,336 | INFO  | DNAudit | user=null | ip=null | op=WRITE_CHUNK {blockData=conID: 1 locID: 102666068571390362 bcsId: 0} | ret=SUCCESS |  
2019-08-23 11:31:25,337 | INFO  | DNAudit | user=null | ip=null | op=PUT_BLOCK {blockData=[blockId=conID: 1 locID: 102666068571390362 bcsId: 0,size=1048576]} | ret=SUCCESS |  
2019-08-23 11:31:25,338 | INFO  | DNAudit | user=null | ip=null | op=WRITE_CHUNK {blockData=conID: 1 locID: 102666068571390362 bcsId: 0} | ret=SUCCESS |  
2019-08-23 11:31:25,338 [grpc-default-executor-4] INFO  client.GrpcClientProtocolClient (GrpcClientProtocolClient.java:onNext(255)) - client-C9E345EC67ED->244f13ac-34be-4c4e-8e45-0c0272edbbb2: receive RaftClientReply:client-C9E345EC67ED->244f13ac-34be-4c4e-8e45-0c0272edbbb2@group-FE77C852EF02, cid=670, SUCCESS, logIndex=790, commits[244f13ac-34be-4c4e-8e45-0c0272edbbb2:c791, 6287e41a-5356-4f55-84f2-270816d53e84:c789, a2c18d3d-e79d-47c9-88fe-d8a1d195302b:c789]
2019-08-23 11:31:25,338 | INFO  | DNAudit | user=null | ip=null | op=WRITE_CHUNK {blockData=conID: 1 locID: 102666068571390362 bcsId: 0} | ret=SUCCESS |  
2019-08-23 11:31:25,339 | INFO  | DNAudit | user=null | ip=null | op=PUT_BLOCK {blockData=[blockId=conID: 1 locID: 102666068571390362 bcsId: 0,size=2097152]} | ret=SUCCESS |  
2019-08-23 11:31:25,339 | INFO  | DNAudit | user=null | ip=null | op=WRITE_CHUNK {blockData=conID: 1 locID: 102666068571390362 bcsId: 0} | ret=SUCCESS |  
2019-08-23 11:31:25,339 | INFO  | DNAudit | user=null | ip=null | op=PUT_BLOCK {blockData=[blockId=conID: 1 locID: 102666068571390362 bcsId: 0,size=1048576]} | ret=SUCCESS |  
2019-08-23 11:31:25,339 [grpc-default-executor-4] INFO  client.GrpcClientProtocolClient (GrpcClientProtocolClient.java:onNext(255)) - client-C9E345EC67ED->244f13ac-34be-4c4e-8e45-0c0272edbbb2: receive RaftClientReply:client-C9E345EC67ED->244f13ac-34be-4c4e-8e45-0c0272edbbb2@group-FE77C852EF02, cid=671, SUCCESS, logIndex=791, commits[244f13ac-34be-4c4e-8e45-0c0272edbbb2:c791, 6287e41a-5356-4f55-84f2-270816d53e84:c789, a2c18d3d-e79d-47c9-88fe-d8a1d195302b:c789]
2019-08-23 11:31:25,339 | INFO  | DNAudit | user=null | ip=null | op=PUT_BLOCK {blockData=[blockId=conID: 1 locID: 102666068571390362 bcsId: 0,size=1048576]} | ret=SUCCESS |  
2019-08-23 11:31:25,340 | INFO  | DNAudit | user=null | ip=null | op=WRITE_CHUNK {blockData=conID: 1 locID: 102666068571390362 bcsId: 0} | ret=SUCCESS |  
2019-08-23 11:31:25,340 [grpc-default-executor-4] INFO  client.GrpcClientProtocolClient (GrpcClientProtocolClient.java:onNext(255)) - client-C9E345EC67ED->244f13ac-34be-4c4e-8e45-0c0272edbbb2: receive RaftClientReply:client-C9E345EC67ED->244f13ac-34be-4c4e-8e45-0c0272edbbb2@group-FE77C852EF02, cid=672, SUCCESS, logIndex=792, commits[244f13ac-34be-4c4e-8e45-0c0272edbbb2:c793, 6287e41a-5356-4f55-84f2-270816d53e84:c789, a2c18d3d-e79d-47c9-88fe-d8a1d195302b:c789]
2019-08-23 11:31:25,340 | INFO  | DNAudit | user=null | ip=null | op=PUT_BLOCK {blockData=[blockId=conID: 1 locID: 102666068571390362 bcsId: 0,size=2097152]} | ret=SUCCESS |  
2019-08-23 11:31:25,340 | INFO  | DNAudit | user=null | ip=null | op=WRITE_CHUNK {blockData=conID: 1 locID: 102666068571390362 bcsId: 0} | ret=SUCCESS |  
2019-08-23 11:31:25,340 [grpc-default-executor-4] INFO  client.GrpcClientProtocolClient (GrpcClientProtocolClient.java:onNext(255)) - client-C9E345EC67ED->244f13ac-34be-4c4e-8e45-0c0272edbbb2: receive RaftClientReply:client-C9E345EC67ED->244f13ac-34be-4c4e-8e45-0c0272edbbb2@group-FE77C852EF02, cid=673, SUCCESS, logIndex=793, commits[244f13ac-34be-4c4e-8e45-0c0272edbbb2:c793, 6287e41a-5356-4f55-84f2-270816d53e84:c789, a2c18d3d-e79d-47c9-88fe-d8a1d195302b:c789]
2019-08-23 11:31:25,340 | INFO  | DNAudit | user=null | ip=null | op=PUT_BLOCK {blockData=[blockId=conID: 1 locID: 102666068571390362 bcsId: 0,size=2097152]} | ret=SUCCESS |  
2019-08-23 11:31:25,341 [grpc-default-executor-4] INFO  client.GrpcClientProtocolClient (GrpcClientProtocolClient.java:onNext(255)) - client-C9E345EC67ED->244f13ac-34be-4c4e-8e45-0c0272edbbb2: receive RaftClientReply:client-C9E345EC67ED->244f13ac-34be-4c4e-8e45-0c0272edbbb2@group-FE77C852EF02, cid=674, SUCCESS, logIndex=0, commits[244f13ac-34be-4c4e-8e45-0c0272edbbb2:c797, 6287e41a-5356-4f55-84f2-270816d53e84:c793, a2c18d3d-e79d-47c9-88fe-d8a1d195302b:c793]
2019-08-23 11:31:25,350 | INFO  | DNAudit | user=null | ip=null | op=WRITE_CHUNK {blockData=conID: 1 locID: 102666068571390362 bcsId: 793} | ret=SUCCESS |  
2019-08-23 11:31:25,353 | INFO  | DNAudit | user=null | ip=null | op=WRITE_CHUNK {blockData=conID: 1 locID: 102666068571390362 bcsId: 793} | ret=SUCCESS |  
2019-08-23 11:31:25,354 | INFO  | DNAudit | user=null | ip=null | op=WRITE_CHUNK {blockData=conID: 1 locID: 102666068571390362 bcsId: 793} | ret=SUCCESS |  
2019-08-23 11:31:25,371 | INFO  | DNAudit | user=null | ip=null | op=WRITE_CHUNK {blockData=conID: 1 locID: 102666068571390362 bcsId: 793} | ret=SUCCESS |  
2019-08-23 11:31:25,371 | INFO  | DNAudit | user=null | ip=null | op=PUT_BLOCK {blockData=[blockId=conID: 1 locID: 102666068571390362 bcsId: 0,size=3145728]} | ret=SUCCESS |  
2019-08-23 11:31:25,372 [grpc-default-executor-5] INFO  client.GrpcClientProtocolClient (GrpcClientProtocolClient.java:onNext(255)) - client-C9E345EC67ED->244f13ac-34be-4c4e-8e45-0c0272edbbb2: receive RaftClientReply:client-C9E345EC67ED->244f13ac-34be-4c4e-8e45-0c0272edbbb2@group-FE77C852EF02, cid=675, SUCCESS, logIndex=798, commits[244f13ac-34be-4c4e-8e45-0c0272edbbb2:c799, 6287e41a-5356-4f55-84f2-270816d53e84:c797, a2c18d3d-e79d-47c9-88fe-d8a1d195302b:c797]
2019-08-23 11:31:25,372 [grpc-default-executor-5] INFO  client.GrpcClientProtocolClient (GrpcClientProtocolClient.java:onNext(255)) - client-C9E345EC67ED->244f13ac-34be-4c4e-8e45-0c0272edbbb2: receive RaftClientReply:client-C9E345EC67ED->244f13ac-34be-4c4e-8e45-0c0272edbbb2@group-FE77C852EF02, cid=676, SUCCESS, logIndex=799, commits[244f13ac-34be-4c4e-8e45-0c0272edbbb2:c799, 6287e41a-5356-4f55-84f2-270816d53e84:c797, a2c18d3d-e79d-47c9-88fe-d8a1d195302b:c797]
2019-08-23 11:31:25,382 | INFO  | DNAudit | user=null | ip=null | op=WRITE_CHUNK {blockData=conID: 1 locID: 102666068571390362 bcsId: 799} | ret=SUCCESS |  
2019-08-23 11:31:25,385 | INFO  | DNAudit | user=null | ip=null | op=WRITE_CHUNK {blockData=conID: 1 locID: 102666068571390362 bcsId: 799} | ret=SUCCESS |  
2019-08-23 11:31:25,386 | INFO  | DNAudit | user=null | ip=null | op=WRITE_CHUNK {blockData=conID: 1 locID: 102666068571390362 bcsId: 799} | ret=SUCCESS |  
2019-08-23 11:31:25,391 | INFO  | DNAudit | user=null | ip=null | op=WRITE_CHUNK {blockData=conID: 1 locID: 102666068571390362 bcsId: 793} | ret=SUCCESS |  
2019-08-23 11:31:25,391 | INFO  | DNAudit | user=null | ip=null | op=WRITE_CHUNK {blockData=conID: 1 locID: 102666068571390362 bcsId: 793} | ret=SUCCESS |  
2019-08-23 11:31:25,392 | INFO  | DNAudit | user=null | ip=null | op=PUT_BLOCK {blockData=[blockId=conID: 1 locID: 102666068571390362 bcsId: 0,size=3145728]} | ret=SUCCESS |  
2019-08-23 11:31:25,392 | INFO  | DNAudit | user=null | ip=null | op=PUT_BLOCK {blockData=[blockId=conID: 1 locID: 102666068571390362 bcsId: 0,size=3145728]} | ret=SUCCESS |  
2019-08-23 11:31:25,393 | INFO  | DNAudit | user=null | ip=null | op=WRITE_CHUNK {blockData=conID: 1 locID: 102666068571390362 bcsId: 799} | ret=SUCCESS |  
2019-08-23 11:31:25,393 | INFO  | DNAudit | user=null | ip=null | op=PUT_BLOCK {blockData=[blockId=conID: 1 locID: 102666068571390362 bcsId: 0,size=4194304]} | ret=SUCCESS |  
2019-08-23 11:31:25,393 [grpc-default-executor-5] INFO  client.GrpcClientProtocolClient (GrpcClientProtocolClient.java:onNext(255)) - client-C9E345EC67ED->244f13ac-34be-4c4e-8e45-0c0272edbbb2: receive RaftClientReply:client-C9E345EC67ED->244f13ac-34be-4c4e-8e45-0c0272edbbb2@group-FE77C852EF02, cid=677, SUCCESS, logIndex=802, commits[244f13ac-34be-4c4e-8e45-0c0272edbbb2:c803, 6287e41a-5356-4f55-84f2-270816d53e84:c799, a2c18d3d-e79d-47c9-88fe-d8a1d195302b:c799]
2019-08-23 11:31:25,394 [grpc-default-executor-5] INFO  client.GrpcClientProtocolClient (GrpcClientProtocolClient.java:onNext(255)) - client-C9E345EC67ED->244f13ac-34be-4c4e-8e45-0c0272edbbb2: receive RaftClientReply:client-C9E345EC67ED->244f13ac-34be-4c4e-8e45-0c0272edbbb2@group-FE77C852EF02, cid=678, SUCCESS, logIndex=803, commits[244f13ac-34be-4c4e-8e45-0c0272edbbb2:c803, 6287e41a-5356-4f55-84f2-270816d53e84:c799, a2c18d3d-e79d-47c9-88fe-d8a1d195302b:c799]
2019-08-23 11:31:25,404 | INFO  | DNAudit | user=null | ip=null | op=WRITE_CHUNK {blockData=conID: 1 locID: 102666068571390362 bcsId: 799} | ret=SUCCESS |  
2019-08-23 11:31:25,404 | INFO  | DNAudit | user=null | ip=null | op=WRITE_CHUNK {blockData=conID: 1 locID: 102666068571390362 bcsId: 799} | ret=SUCCESS |  
2019-08-23 11:31:25,405 | INFO  | DNAudit | user=null | ip=null | op=PUT_BLOCK {blockData=[blockId=conID: 1 locID: 102666068571390362 bcsId: 0,size=4194304]} | ret=SUCCESS |  
2019-08-23 11:31:25,405 | INFO  | DNAudit | user=null | ip=null | op=PUT_BLOCK {blockData=[blockId=conID: 1 locID: 102666068571390362 bcsId: 0,size=4194304]} | ret=SUCCESS |  
2019-08-23 11:31:25,407 [grpc-default-executor-5] INFO  client.GrpcClientProtocolClient (GrpcClientProtocolClient.java:onNext(255)) - client-C9E345EC67ED->244f13ac-34be-4c4e-8e45-0c0272edbbb2: receive RaftClientReply:client-C9E345EC67ED->244f13ac-34be-4c4e-8e45-0c0272edbbb2@group-FE77C852EF02, cid=679, SUCCESS, logIndex=0, commits[244f13ac-34be-4c4e-8e45-0c0272edbbb2:c804, 6287e41a-5356-4f55-84f2-270816d53e84:c803, a2c18d3d-e79d-47c9-88fe-d8a1d195302b:c803]
2019-08-23 11:31:25,416 | INFO  | DNAudit | user=null | ip=null | op=WRITE_CHUNK {blockData=conID: 2 locID: 102666068571390363 bcsId: 0} | ret=SUCCESS |  
2019-08-23 11:31:25,419 | INFO  | DNAudit | user=null | ip=null | op=WRITE_CHUNK {blockData=conID: 2 locID: 102666068571390363 bcsId: 0} | ret=SUCCESS |  
2019-08-23 11:31:25,420 | INFO  | DNAudit | user=null | ip=null | op=WRITE_CHUNK {blockData=conID: 2 locID: 102666068571390363 bcsId: 0} | ret=SUCCESS |  
2019-08-23 11:31:25,420 | INFO  | DNAudit | user=null | ip=null | op=WRITE_CHUNK {blockData=conID: 2 locID: 102666068571390363 bcsId: 0} | ret=SUCCESS |  
2019-08-23 11:31:25,422 | INFO  | DNAudit | user=null | ip=null | op=WRITE_CHUNK {blockData=conID: 2 locID: 102666068571390363 bcsId: 0} | ret=SUCCESS |  
2019-08-23 11:31:25,423 | INFO  | DNAudit | user=null | ip=null | op=WRITE_CHUNK {blockData=conID: 2 locID: 102666068571390363 bcsId: 0} | ret=SUCCESS |  
2019-08-23 11:31:25,430 | INFO  | DNAudit | user=null | ip=null | op=WRITE_CHUNK {blockData=conID: 2 locID: 102666068571390363 bcsId: 0} | ret=SUCCESS |  
2019-08-23 11:31:25,430 | INFO  | DNAudit | user=null | ip=null | op=PUT_BLOCK {blockData=[blockId=conID: 2 locID: 102666068571390363 bcsId: 0,size=1048576]} | ret=SUCCESS |  
2019-08-23 11:31:25,430 | INFO  | DNAudit | user=null | ip=null | op=WRITE_CHUNK {blockData=conID: 2 locID: 102666068571390363 bcsId: 0} | ret=SUCCESS |  
2019-08-23 11:31:25,430 [grpc-default-executor-5] INFO  client.GrpcClientProtocolClient (GrpcClientProtocolClient.java:onNext(255)) - client-C9E345EC67ED->244f13ac-34be-4c4e-8e45-0c0272edbbb2: receive RaftClientReply:client-C9E345EC67ED->244f13ac-34be-4c4e-8e45-0c0272edbbb2@group-FE77C852EF02, cid=680, SUCCESS, logIndex=806, commits[244f13ac-34be-4c4e-8e45-0c0272edbbb2:c809, 6287e41a-5356-4f55-84f2-270816d53e84:c805, a2c18d3d-e79d-47c9-88fe-d8a1d195302b:c805]
2019-08-23 11:31:25,431 | INFO  | DNAudit | user=null | ip=null | op=PUT_BLOCK {blockData=[blockId=conID: 2 locID: 102666068571390363 bcsId: 0,size=2097152]} | ret=SUCCESS |  
2019-08-23 11:31:25,431 [grpc-default-executor-5] INFO  client.GrpcClientProtocolClient (GrpcClientProtocolClient.java:onNext(255)) - client-C9E345EC67ED->244f13ac-34be-4c4e-8e45-0c0272edbbb2: receive RaftClientReply:client-C9E345EC67ED->244f13ac-34be-4c4e-8e45-0c0272edbbb2@group-FE77C852EF02, cid=681, SUCCESS, logIndex=807, commits[244f13ac-34be-4c4e-8e45-0c0272edbbb2:c809, 6287e41a-5356-4f55-84f2-270816d53e84:c805, a2c18d3d-e79d-47c9-88fe-d8a1d195302b:c805]
2019-08-23 11:31:25,431 [grpc-default-executor-5] INFO  client.GrpcClientProtocolClient (GrpcClientProtocolClient.java:onNext(255)) - client-C9E345EC67ED->244f13ac-34be-4c4e-8e45-0c0272edbbb2: receive RaftClientReply:client-C9E345EC67ED->244f13ac-34be-4c4e-8e45-0c0272edbbb2@group-FE77C852EF02, cid=682, SUCCESS, logIndex=808, commits[244f13ac-34be-4c4e-8e45-0c0272edbbb2:c809, 6287e41a-5356-4f55-84f2-270816d53e84:c805, a2c18d3d-e79d-47c9-88fe-d8a1d195302b:c805]
2019-08-23 11:31:25,432 [grpc-default-executor-5] INFO  client.GrpcClientProtocolClient (GrpcClientProtocolClient.java:onNext(255)) - client-C9E345EC67ED->244f13ac-34be-4c4e-8e45-0c0272edbbb2: receive RaftClientReply:client-C9E345EC67ED->244f13ac-34be-4c4e-8e45-0c0272edbbb2@group-FE77C852EF02, cid=683, SUCCESS, logIndex=809, commits[244f13ac-34be-4c4e-8e45-0c0272edbbb2:c809, 6287e41a-5356-4f55-84f2-270816d53e84:c805, a2c18d3d-e79d-47c9-88fe-d8a1d195302b:c805]
2019-08-23 11:31:25,441 | INFO  | DNAudit | user=null | ip=null | op=WRITE_CHUNK {blockData=conID: 2 locID: 102666068571390363 bcsId: 0} | ret=SUCCESS |  
2019-08-23 11:31:25,441 | INFO  | DNAudit | user=null | ip=null | op=WRITE_CHUNK {blockData=conID: 2 locID: 102666068571390363 bcsId: 0} | ret=SUCCESS |  
2019-08-23 11:31:25,442 | INFO  | DNAudit | user=null | ip=null | op=PUT_BLOCK {blockData=[blockId=conID: 2 locID: 102666068571390363 bcsId: 0,size=1048576]} | ret=SUCCESS |  
2019-08-23 11:31:25,442 | INFO  | DNAudit | user=null | ip=null | op=WRITE_CHUNK {blockData=conID: 2 locID: 102666068571390363 bcsId: 0} | ret=SUCCESS |  
2019-08-23 11:31:25,442 | INFO  | DNAudit | user=null | ip=null | op=PUT_BLOCK {blockData=[blockId=conID: 2 locID: 102666068571390363 bcsId: 0,size=1048576]} | ret=SUCCESS |  
2019-08-23 11:31:25,443 | INFO  | DNAudit | user=null | ip=null | op=WRITE_CHUNK {blockData=conID: 2 locID: 102666068571390363 bcsId: 0} | ret=SUCCESS |  
2019-08-23 11:31:25,443 | INFO  | DNAudit | user=null | ip=null | op=PUT_BLOCK {blockData=[blockId=conID: 2 locID: 102666068571390363 bcsId: 0,size=2097152]} | ret=SUCCESS |  
2019-08-23 11:31:25,443 | INFO  | DNAudit | user=null | ip=null | op=PUT_BLOCK {blockData=[blockId=conID: 2 locID: 102666068571390363 bcsId: 0,size=2097152]} | ret=SUCCESS |  
2019-08-23 11:31:25,444 [grpc-default-executor-1] INFO  client.GrpcClientProtocolClient (GrpcClientProtocolClient.java:onNext(255)) - client-C9E345EC67ED->244f13ac-34be-4c4e-8e45-0c0272edbbb2: receive RaftClientReply:client-C9E345EC67ED->244f13ac-34be-4c4e-8e45-0c0272edbbb2@group-FE77C852EF02, cid=684, SUCCESS, logIndex=0, commits[244f13ac-34be-4c4e-8e45-0c0272edbbb2:c810, 6287e41a-5356-4f55-84f2-270816d53e84:c808, a2c18d3d-e79d-47c9-88fe-d8a1d195302b:c808]
2019-08-23 11:31:25,454 | INFO  | DNAudit | user=null | ip=null | op=WRITE_CHUNK {blockData=conID: 2 locID: 102666068571390363 bcsId: 809} | ret=SUCCESS |  
2019-08-23 11:31:25,456 | INFO  | DNAudit | user=null | ip=null | op=WRITE_CHUNK {blockData=conID: 2 locID: 102666068571390363 bcsId: 809} | ret=SUCCESS |  
2019-08-23 11:31:25,458 | INFO  | DNAudit | user=null | ip=null | op=WRITE_CHUNK {blockData=conID: 2 locID: 102666068571390363 bcsId: 809} | ret=SUCCESS |  
2019-08-23 11:31:25,467 | INFO  | DNAudit | user=null | ip=null | op=WRITE_CHUNK {blockData=conID: 2 locID: 102666068571390363 bcsId: 809} | ret=SUCCESS |  
2019-08-23 11:31:25,468 | INFO  | DNAudit | user=null | ip=null | op=PUT_BLOCK {blockData=[blockId=conID: 2 locID: 102666068571390363 bcsId: 0,size=3145728]} | ret=SUCCESS |  
2019-08-23 11:31:25,468 [grpc-default-executor-5] INFO  client.GrpcClientProtocolClient (GrpcClientProtocolClient.java:onNext(255)) - client-C9E345EC67ED->244f13ac-34be-4c4e-8e45-0c0272edbbb2: receive RaftClientReply:client-C9E345EC67ED->244f13ac-34be-4c4e-8e45-0c0272edbbb2@group-FE77C852EF02, cid=685, SUCCESS, logIndex=813, commits[244f13ac-34be-4c4e-8e45-0c0272edbbb2:c814, 6287e41a-5356-4f55-84f2-270816d53e84:c812, a2c18d3d-e79d-47c9-88fe-d8a1d195302b:c812]
2019-08-23 11:31:25,469 [grpc-default-executor-5] INFO  client.GrpcClientProtocolClient (GrpcClientProtocolClient.java:onNext(255)) - client-C9E345EC67ED->244f13ac-34be-4c4e-8e45-0c0272edbbb2: receive RaftClientReply:client-C9E345EC67ED->244f13ac-34be-4c4e-8e45-0c0272edbbb2@group-FE77C852EF02, cid=686, SUCCESS, logIndex=814, commits[244f13ac-34be-4c4e-8e45-0c0272edbbb2:c814, 6287e41a-5356-4f55-84f2-270816d53e84:c812, a2c18d3d-e79d-47c9-88fe-d8a1d195302b:c812]
2019-08-23 11:31:25,470 | INFO  | SCMAudit | user=jenkins1000 | ip=192.168.5.185 | op=SEND_HEARTBEAT {datanodeUUID=b2c34899-c5c3-4720-9d95-984efeabf4a7, command=[]} | ret=SUCCESS |  
2019-08-23 11:31:25,479 | INFO  | DNAudit | user=null | ip=null | op=WRITE_CHUNK {blockData=conID: 2 locID: 102666068571390363 bcsId: 809} | ret=SUCCESS |  
2019-08-23 11:31:25,479 | INFO  | DNAudit | user=null | ip=null | op=WRITE_CHUNK {blockData=conID: 2 locID: 102666068571390363 bcsId: 809} | ret=SUCCESS |  
2019-08-23 11:31:25,480 | INFO  | DNAudit | user=null | ip=null | op=PUT_BLOCK {blockData=[blockId=conID: 2 locID: 102666068571390363 bcsId: 0,size=3145728]} | ret=SUCCESS |  
2019-08-23 11:31:25,480 | INFO  | DNAudit | user=null | ip=null | op=PUT_BLOCK {blockData=[blockId=conID: 2 locID: 102666068571390363 bcsId: 0,size=3145728]} | ret=SUCCESS |  
2019-08-23 11:31:25,483 | INFO  | DNAudit | user=null | ip=null | op=WRITE_CHUNK {blockData=conID: 2 locID: 102666068571390363 bcsId: 814} | ret=SUCCESS |  
2019-08-23 11:31:25,486 | INFO  | DNAudit | user=null | ip=null | op=WRITE_CHUNK {blockData=conID: 2 locID: 102666068571390363 bcsId: 814} | ret=SUCCESS |  
2019-08-23 11:31:25,487 | INFO  | DNAudit | user=null | ip=null | op=WRITE_CHUNK {blockData=conID: 2 locID: 102666068571390363 bcsId: 814} | ret=SUCCESS |  
2019-08-23 11:31:25,495 | INFO  | SCMAudit | user=jenkins1000 | ip=192.168.5.185 | op=SEND_HEARTBEAT {datanodeUUID=0d166765-8492-4439-8677-f737a7bc54ca, command=[]} | ret=SUCCESS |  
2019-08-23 11:31:25,496 | INFO  | DNAudit | user=null | ip=null | op=WRITE_CHUNK {blockData=conID: 2 locID: 102666068571390363 bcsId: 814} | ret=SUCCESS |  
2019-08-23 11:31:25,497 | INFO  | DNAudit | user=null | ip=null | op=PUT_BLOCK {blockData=[blockId=conID: 2 locID: 102666068571390363 bcsId: 0,size=4194304]} | ret=SUCCESS |  
2019-08-23 11:31:25,497 [grpc-default-executor-1] INFO  client.GrpcClientProtocolClient (GrpcClientProtocolClient.java:onNext(255)) - client-C9E345EC67ED->244f13ac-34be-4c4e-8e45-0c0272edbbb2: receive RaftClientReply:client-C9E345EC67ED->244f13ac-34be-4c4e-8e45-0c0272edbbb2@group-FE77C852EF02, cid=687, SUCCESS, logIndex=817, commits[244f13ac-34be-4c4e-8e45-0c0272edbbb2:c818, 6287e41a-5356-4f55-84f2-270816d53e84:c816, a2c18d3d-e79d-47c9-88fe-d8a1d195302b:c815]
2019-08-23 11:31:25,498 [grpc-default-executor-1] INFO  client.GrpcClientProtocolClient (GrpcClientProtocolClient.java:onNext(255)) - client-C9E345EC67ED->244f13ac-34be-4c4e-8e45-0c0272edbbb2: receive RaftClientReply:client-C9E345EC67ED->244f13ac-34be-4c4e-8e45-0c0272edbbb2@group-FE77C852EF02, cid=688, SUCCESS, logIndex=818, commits[244f13ac-34be-4c4e-8e45-0c0272edbbb2:c818, 6287e41a-5356-4f55-84f2-270816d53e84:c816, a2c18d3d-e79d-47c9-88fe-d8a1d195302b:c816]
2019-08-23 11:31:25,508 | INFO  | DNAudit | user=null | ip=null | op=WRITE_CHUNK {blockData=conID: 2 locID: 102666068571390363 bcsId: 814} | ret=SUCCESS |  
2019-08-23 11:31:25,508 | INFO  | DNAudit | user=null | ip=null | op=WRITE_CHUNK {blockData=conID: 2 locID: 102666068571390363 bcsId: 814} | ret=SUCCESS |  
2019-08-23 11:31:25,508 | INFO  | DNAudit | user=null | ip=null | op=PUT_BLOCK {blockData=[blockId=conID: 2 locID: 102666068571390363 bcsId: 0,size=4194304]} | ret=SUCCESS |  
2019-08-23 11:31:25,509 | INFO  | DNAudit | user=null | ip=null | op=PUT_BLOCK {blockData=[blockId=conID: 2 locID: 102666068571390363 bcsId: 0,size=4194304]} | ret=SUCCESS |  
2019-08-23 11:31:25,510 [grpc-default-executor-1] INFO  client.GrpcClientProtocolClient (GrpcClientProtocolClient.java:onNext(255)) - client-C9E345EC67ED->244f13ac-34be-4c4e-8e45-0c0272edbbb2: receive RaftClientReply:client-C9E345EC67ED->244f13ac-34be-4c4e-8e45-0c0272edbbb2@group-FE77C852EF02, cid=689, SUCCESS, logIndex=0, commits[244f13ac-34be-4c4e-8e45-0c0272edbbb2:c819, 6287e41a-5356-4f55-84f2-270816d53e84:c818, a2c18d3d-e79d-47c9-88fe-d8a1d195302b:c818]
2019-08-23 11:31:25,520 | INFO  | DNAudit | user=null | ip=null | op=WRITE_CHUNK {blockData=conID: 3 locID: 102666068571390364 bcsId: 0} | ret=SUCCESS |  
2019-08-23 11:31:25,525 | INFO  | DNAudit | user=null | ip=null | op=WRITE_CHUNK {blockData=conID: 3 locID: 102666068571390364 bcsId: 0} | ret=SUCCESS |  
2019-08-23 11:31:25,530 | INFO  | DNAudit | user=null | ip=null | op=WRITE_CHUNK {blockData=conID: 3 locID: 102666068571390364 bcsId: 0} | ret=SUCCESS |  
2019-08-23 11:31:25,530 | INFO  | DNAudit | user=null | ip=null | op=WRITE_CHUNK {blockData=conID: 3 locID: 102666068571390364 bcsId: 0} | ret=SUCCESS |  
2019-08-23 11:31:25,534 | INFO  | DNAudit | user=null | ip=null | op=WRITE_CHUNK {blockData=conID: 3 locID: 102666068571390364 bcsId: 0} | ret=SUCCESS |  
2019-08-23 11:31:25,534 | INFO  | DNAudit | user=null | ip=null | op=PUT_BLOCK {blockData=[blockId=conID: 3 locID: 102666068571390364 bcsId: 0,size=1048576]} | ret=SUCCESS |  
2019-08-23 11:31:25,535 | INFO  | DNAudit | user=null | ip=null | op=WRITE_CHUNK {blockData=conID: 3 locID: 102666068571390364 bcsId: 0} | ret=SUCCESS |  
2019-08-23 11:31:25,535 | INFO  | DNAudit | user=null | ip=null | op=WRITE_CHUNK {blockData=conID: 3 locID: 102666068571390364 bcsId: 0} | ret=SUCCESS |  
2019-08-23 11:31:25,535 [grpc-default-executor-2] INFO  client.GrpcClientProtocolClient (GrpcClientProtocolClient.java:onNext(255)) - client-C9E345EC67ED->244f13ac-34be-4c4e-8e45-0c0272edbbb2: receive RaftClientReply:client-C9E345EC67ED->244f13ac-34be-4c4e-8e45-0c0272edbbb2@group-FE77C852EF02, cid=690, SUCCESS, logIndex=821, commits[244f13ac-34be-4c4e-8e45-0c0272edbbb2:c822, 6287e41a-5356-4f55-84f2-270816d53e84:c820, a2c18d3d-e79d-47c9-88fe-d8a1d195302b:c818]
2019-08-23 11:31:25,536 [grpc-default-executor-2] INFO  client.GrpcClientProtocolClient (GrpcClientProtocolClient.java:onNext(255)) - client-C9E345EC67ED->244f13ac-34be-4c4e-8e45-0c0272edbbb2: receive RaftClientReply:client-C9E345EC67ED->244f13ac-34be-4c4e-8e45-0c0272edbbb2@group-FE77C852EF02, cid=691, SUCCESS, logIndex=822, commits[244f13ac-34be-4c4e-8e45-0c0272edbbb2:c822, 6287e41a-5356-4f55-84f2-270816d53e84:c820, a2c18d3d-e79d-47c9-88fe-d8a1d195302b:c820]
2019-08-23 11:31:25,547 | INFO  | DNAudit | user=null | ip=null | op=WRITE_CHUNK {blockData=conID: 3 locID: 102666068571390364 bcsId: 0} | ret=SUCCESS |  
2019-08-23 11:31:25,547 | INFO  | DNAudit | user=null | ip=null | op=WRITE_CHUNK {blockData=conID: 3 locID: 102666068571390364 bcsId: 0} | ret=SUCCESS |  
2019-08-23 11:31:25,547 | INFO  | DNAudit | user=null | ip=null | op=WRITE_CHUNK {blockData=conID: 3 locID: 102666068571390364 bcsId: 0} | ret=SUCCESS |  
2019-08-23 11:31:25,547 | INFO  | DNAudit | user=null | ip=null | op=PUT_BLOCK {blockData=[blockId=conID: 3 locID: 102666068571390364 bcsId: 0,size=1048576]} | ret=SUCCESS |  
2019-08-23 11:31:25,547 | INFO  | DNAudit | user=null | ip=null | op=PUT_BLOCK {blockData=[blockId=conID: 3 locID: 102666068571390364 bcsId: 0,size=1048576]} | ret=SUCCESS |  
2019-08-23 11:31:25,547 | INFO  | DNAudit | user=null | ip=null | op=PUT_BLOCK {blockData=[blockId=conID: 3 locID: 102666068571390364 bcsId: 0,size=2097152]} | ret=SUCCESS |  
2019-08-23 11:31:25,548 [grpc-default-executor-1] INFO  client.GrpcClientProtocolClient (GrpcClientProtocolClient.java:onNext(255)) - client-C9E345EC67ED->244f13ac-34be-4c4e-8e45-0c0272edbbb2: receive RaftClientReply:client-C9E345EC67ED->244f13ac-34be-4c4e-8e45-0c0272edbbb2@group-FE77C852EF02, cid=692, SUCCESS, logIndex=823, commits[244f13ac-34be-4c4e-8e45-0c0272edbbb2:c825, 6287e41a-5356-4f55-84f2-270816d53e84:c821, a2c18d3d-e79d-47c9-88fe-d8a1d195302b:c820]
2019-08-23 11:31:25,549 [grpc-default-executor-1] INFO  client.GrpcClientProtocolClient (GrpcClientProtocolClient.java:onNext(255)) - client-C9E345EC67ED->244f13ac-34be-4c4e-8e45-0c0272edbbb2: receive RaftClientReply:client-C9E345EC67ED->244f13ac-34be-4c4e-8e45-0c0272edbbb2@group-FE77C852EF02, cid=693, SUCCESS, logIndex=824, commits[244f13ac-34be-4c4e-8e45-0c0272edbbb2:c826, 6287e41a-5356-4f55-84f2-270816d53e84:c822, a2c18d3d-e79d-47c9-88fe-d8a1d195302b:c822]
2019-08-23 11:31:25,557 | INFO  | DNAudit | user=null | ip=null | op=WRITE_CHUNK {blockData=conID: 3 locID: 102666068571390364 bcsId: 0} | ret=SUCCESS |  
2019-08-23 11:31:25,557 | INFO  | DNAudit | user=null | ip=null | op=WRITE_CHUNK {blockData=conID: 3 locID: 102666068571390364 bcsId: 0} | ret=SUCCESS |  
2019-08-23 11:31:25,557 | INFO  | DNAudit | user=null | ip=null | op=PUT_BLOCK {blockData=[blockId=conID: 3 locID: 102666068571390364 bcsId: 0,size=2097152]} | ret=SUCCESS |  
2019-08-23 11:31:25,557 | INFO  | DNAudit | user=null | ip=null | op=PUT_BLOCK {blockData=[blockId=conID: 3 locID: 102666068571390364 bcsId: 0,size=2097152]} | ret=SUCCESS |  
2019-08-23 11:31:25,559 | INFO  | DNAudit | user=null | ip=null | op=WRITE_CHUNK {blockData=conID: 3 locID: 102666068571390364 bcsId: 824} | ret=SUCCESS |  
2019-08-23 11:31:25,562 | INFO  | DNAudit | user=null | ip=null | op=WRITE_CHUNK {blockData=conID: 3 locID: 102666068571390364 bcsId: 824} | ret=SUCCESS |  
2019-08-23 11:31:25,562 | INFO  | DNAudit | user=null | ip=null | op=WRITE_CHUNK {blockData=conID: 3 locID: 102666068571390364 bcsId: 824} | ret=SUCCESS |  
2019-08-23 11:31:25,570 | INFO  | DNAudit | user=null | ip=null | op=WRITE_CHUNK {blockData=conID: 3 locID: 102666068571390364 bcsId: 824} | ret=SUCCESS |  
2019-08-23 11:31:25,570 | INFO  | DNAudit | user=null | ip=null | op=PUT_BLOCK {blockData=[blockId=conID: 3 locID: 102666068571390364 bcsId: 0,size=3145728]} | ret=SUCCESS |  
2019-08-23 11:31:25,571 [grpc-default-executor-2] INFO  client.GrpcClientProtocolClient (GrpcClientProtocolClient.java:onNext(255)) - client-C9E345EC67ED->244f13ac-34be-4c4e-8e45-0c0272edbbb2: receive RaftClientReply:client-C9E345EC67ED->244f13ac-34be-4c4e-8e45-0c0272edbbb2@group-FE77C852EF02, cid=694, SUCCESS, logIndex=829, commits[244f13ac-34be-4c4e-8e45-0c0272edbbb2:c830, 6287e41a-5356-4f55-84f2-270816d53e84:c826, a2c18d3d-e79d-47c9-88fe-d8a1d195302b:c826]
2019-08-23 11:31:25,571 [grpc-default-executor-2] INFO  client.GrpcClientProtocolClient (GrpcClientProtocolClient.java:onNext(255)) - client-C9E345EC67ED->244f13ac-34be-4c4e-8e45-0c0272edbbb2: receive RaftClientReply:client-C9E345EC67ED->244f13ac-34be-4c4e-8e45-0c0272edbbb2@group-FE77C852EF02, cid=695, SUCCESS, logIndex=830, commits[244f13ac-34be-4c4e-8e45-0c0272edbbb2:c830, 6287e41a-5356-4f55-84f2-270816d53e84:c826, a2c18d3d-e79d-47c9-88fe-d8a1d195302b:c826]
2019-08-23 11:31:25,580 | INFO  | DNAudit | user=null | ip=null | op=WRITE_CHUNK {blockData=conID: 3 locID: 102666068571390364 bcsId: 824} | ret=SUCCESS |  
2019-08-23 11:31:25,580 | INFO  | DNAudit | user=null | ip=null | op=WRITE_CHUNK {blockData=conID: 3 locID: 102666068571390364 bcsId: 824} | ret=SUCCESS |  
2019-08-23 11:31:25,580 | INFO  | DNAudit | user=null | ip=null | op=PUT_BLOCK {blockData=[blockId=conID: 3 locID: 102666068571390364 bcsId: 0,size=3145728]} | ret=SUCCESS |  
2019-08-23 11:31:25,580 | INFO  | DNAudit | user=null | ip=null | op=PUT_BLOCK {blockData=[blockId=conID: 3 locID: 102666068571390364 bcsId: 0,size=3145728]} | ret=SUCCESS |  
2019-08-23 11:31:25,581 | INFO  | DNAudit | user=null | ip=null | op=WRITE_CHUNK {blockData=conID: 3 locID: 102666068571390364 bcsId: 830} | ret=SUCCESS |  
2019-08-23 11:31:25,584 | INFO  | DNAudit | user=null | ip=null | op=WRITE_CHUNK {blockData=conID: 3 locID: 102666068571390364 bcsId: 830} | ret=SUCCESS |  
2019-08-23 11:31:25,584 | INFO  | DNAudit | user=null | ip=null | op=WRITE_CHUNK {blockData=conID: 3 locID: 102666068571390364 bcsId: 830} | ret=SUCCESS |  
2019-08-23 11:31:25,586 | INFO  | DNAudit | user=null | ip=null | op=WRITE_CHUNK {blockData=conID: 3 locID: 102666068571390364 bcsId: 830} | ret=SUCCESS |  
2019-08-23 11:31:25,587 | INFO  | DNAudit | user=null | ip=null | op=PUT_BLOCK {blockData=[blockId=conID: 3 locID: 102666068571390364 bcsId: 0,size=4194304]} | ret=SUCCESS |  
2019-08-23 11:31:25,587 [grpc-default-executor-1] INFO  client.GrpcClientProtocolClient (GrpcClientProtocolClient.java:onNext(255)) - client-C9E345EC67ED->244f13ac-34be-4c4e-8e45-0c0272edbbb2: receive RaftClientReply:client-C9E345EC67ED->244f13ac-34be-4c4e-8e45-0c0272edbbb2@group-FE77C852EF02, cid=696, SUCCESS, logIndex=833, commits[244f13ac-34be-4c4e-8e45-0c0272edbbb2:c834, 6287e41a-5356-4f55-84f2-270816d53e84:c830, a2c18d3d-e79d-47c9-88fe-d8a1d195302b:c830]
2019-08-23 11:31:25,588 | INFO  | DNAudit | user=null | ip=null | op=WRITE_CHUNK {blockData=conID: 3 locID: 102666068571390364 bcsId: 830} | ret=SUCCESS |  
2019-08-23 11:31:25,588 | INFO  | DNAudit | user=null | ip=null | op=WRITE_CHUNK {blockData=conID: 3 locID: 102666068571390364 bcsId: 830} | ret=SUCCESS |  
2019-08-23 11:31:25,588 [grpc-default-executor-1] INFO  client.GrpcClientProtocolClient (GrpcClientProtocolClient.java:onNext(255)) - client-C9E345EC67ED->244f13ac-34be-4c4e-8e45-0c0272edbbb2: receive RaftClientReply:client-C9E345EC67ED->244f13ac-34be-4c4e-8e45-0c0272edbbb2@group-FE77C852EF02, cid=697, SUCCESS, logIndex=834, commits[244f13ac-34be-4c4e-8e45-0c0272edbbb2:c834, 6287e41a-5356-4f55-84f2-270816d53e84:c830, a2c18d3d-e79d-47c9-88fe-d8a1d195302b:c830]
2019-08-23 11:31:25,588 | INFO  | DNAudit | user=null | ip=null | op=PUT_BLOCK {blockData=[blockId=conID: 3 locID: 102666068571390364 bcsId: 0,size=4194304]} | ret=SUCCESS |  
2019-08-23 11:31:25,588 | INFO  | DNAudit | user=null | ip=null | op=PUT_BLOCK {blockData=[blockId=conID: 3 locID: 102666068571390364 bcsId: 0,size=4194304]} | ret=SUCCESS |  
2019-08-23 11:31:25,590 [grpc-default-executor-1] INFO  client.GrpcClientProtocolClient (GrpcClientProtocolClient.java:onNext(255)) - client-C9E345EC67ED->244f13ac-34be-4c4e-8e45-0c0272edbbb2: receive RaftClientReply:client-C9E345EC67ED->244f13ac-34be-4c4e-8e45-0c0272edbbb2@group-FE77C852EF02, cid=698, SUCCESS, logIndex=0, commits[244f13ac-34be-4c4e-8e45-0c0272edbbb2:c835, 6287e41a-5356-4f55-84f2-270816d53e84:c834, a2c18d3d-e79d-47c9-88fe-d8a1d195302b:c834]
2019-08-23 11:31:25,601 | INFO  | DNAudit | user=null | ip=null | op=WRITE_CHUNK {blockData=conID: 1 locID: 102666068571390365 bcsId: 0} | ret=SUCCESS |  
2019-08-23 11:31:25,604 | INFO  | DNAudit | user=null | ip=null | op=WRITE_CHUNK {blockData=conID: 1 locID: 102666068571390365 bcsId: 0} | ret=SUCCESS |  
2019-08-23 11:31:25,605 | INFO  | DNAudit | user=null | ip=null | op=WRITE_CHUNK {blockData=conID: 1 locID: 102666068571390365 bcsId: 0} | ret=SUCCESS |  
2019-08-23 11:31:25,606 | INFO  | DNAudit | user=null | ip=null | op=WRITE_CHUNK {blockData=conID: 1 locID: 102666068571390365 bcsId: 0} | ret=SUCCESS |  
2019-08-23 11:31:25,607 | INFO  | DNAudit | user=null | ip=null | op=WRITE_CHUNK {blockData=conID: 1 locID: 102666068571390365 bcsId: 0} | ret=SUCCESS |  
2019-08-23 11:31:25,607 | INFO  | DNAudit | user=null | ip=null | op=WRITE_CHUNK {blockData=conID: 1 locID: 102666068571390365 bcsId: 0} | ret=SUCCESS |  
2019-08-23 11:31:25,607 | INFO  | DNAudit | user=null | ip=null | op=WRITE_CHUNK {blockData=conID: 1 locID: 102666068571390365 bcsId: 0} | ret=SUCCESS |  
2019-08-23 11:31:25,608 | INFO  | DNAudit | user=null | ip=null | op=PUT_BLOCK {blockData=[blockId=conID: 1 locID: 102666068571390365 bcsId: 0,size=1048576]} | ret=SUCCESS |  
2019-08-23 11:31:25,608 [grpc-default-executor-2] INFO  client.GrpcClientProtocolClient (GrpcClientProtocolClient.java:onNext(255)) - client-C9E345EC67ED->244f13ac-34be-4c4e-8e45-0c0272edbbb2: receive RaftClientReply:client-C9E345EC67ED->244f13ac-34be-4c4e-8e45-0c0272edbbb2@group-FE77C852EF02, cid=699, SUCCESS, logIndex=837, commits[244f13ac-34be-4c4e-8e45-0c0272edbbb2:c838, 6287e41a-5356-4f55-84f2-270816d53e84:c834, a2c18d3d-e79d-47c9-88fe-d8a1d195302b:c836]
2019-08-23 11:31:25,609 [grpc-default-executor-2] INFO  client.GrpcClientProtocolClient (GrpcClientProtocolClient.java:onNext(255)) - client-C9E345EC67ED->244f13ac-34be-4c4e-8e45-0c0272edbbb2: receive RaftClientReply:client-C9E345EC67ED->244f13ac-34be-4c4e-8e45-0c0272edbbb2@group-FE77C852EF02, cid=700, SUCCESS, logIndex=838, commits[244f13ac-34be-4c4e-8e45-0c0272edbbb2:c838, 6287e41a-5356-4f55-84f2-270816d53e84:c834, a2c18d3d-e79d-47c9-88fe-d8a1d195302b:c836]
2019-08-23 11:31:25,626 | INFO  | DNAudit | user=null | ip=null | op=WRITE_CHUNK {blockData=conID: 1 locID: 102666068571390365 bcsId: 0} | ret=SUCCESS |  
2019-08-23 11:31:25,626 | INFO  | DNAudit | user=null | ip=null | op=WRITE_CHUNK {blockData=conID: 1 locID: 102666068571390365 bcsId: 0} | ret=SUCCESS |  
2019-08-23 11:31:25,626 | INFO  | DNAudit | user=null | ip=null | op=PUT_BLOCK {blockData=[blockId=conID: 1 locID: 102666068571390365 bcsId: 0,size=1048576]} | ret=SUCCESS |  
2019-08-23 11:31:25,626 | INFO  | DNAudit | user=null | ip=null | op=WRITE_CHUNK {blockData=conID: 1 locID: 102666068571390365 bcsId: 0} | ret=SUCCESS |  
2019-08-23 11:31:25,627 | INFO  | DNAudit | user=null | ip=null | op=PUT_BLOCK {blockData=[blockId=conID: 1 locID: 102666068571390365 bcsId: 0,size=2097152]} | ret=SUCCESS |  
2019-08-23 11:31:25,627 | INFO  | DNAudit | user=null | ip=null | op=PUT_BLOCK {blockData=[blockId=conID: 1 locID: 102666068571390365 bcsId: 0,size=1048576]} | ret=SUCCESS |  
2019-08-23 11:31:25,627 [grpc-default-executor-5] INFO  client.GrpcClientProtocolClient (GrpcClientProtocolClient.java:onNext(255)) - client-C9E345EC67ED->244f13ac-34be-4c4e-8e45-0c0272edbbb2: receive RaftClientReply:client-C9E345EC67ED->244f13ac-34be-4c4e-8e45-0c0272edbbb2@group-FE77C852EF02, cid=701, SUCCESS, logIndex=839, commits[244f13ac-34be-4c4e-8e45-0c0272edbbb2:c842, 6287e41a-5356-4f55-84f2-270816d53e84:c836, a2c18d3d-e79d-47c9-88fe-d8a1d195302b:c838]
2019-08-23 11:31:25,628 [grpc-default-executor-5] INFO  client.GrpcClientProtocolClient (GrpcClientProtocolClient.java:onNext(255)) - client-C9E345EC67ED->244f13ac-34be-4c4e-8e45-0c0272edbbb2: receive RaftClientReply:client-C9E345EC67ED->244f13ac-34be-4c4e-8e45-0c0272edbbb2@group-FE77C852EF02, cid=702, SUCCESS, logIndex=840, commits[244f13ac-34be-4c4e-8e45-0c0272edbbb2:c842, 6287e41a-5356-4f55-84f2-270816d53e84:c838, a2c18d3d-e79d-47c9-88fe-d8a1d195302b:c838]
2019-08-23 11:31:25,636 | INFO  | DNAudit | user=null | ip=null | op=WRITE_CHUNK {blockData=conID: 1 locID: 102666068571390365 bcsId: 0} | ret=SUCCESS |  
2019-08-23 11:31:25,637 | INFO  | DNAudit | user=null | ip=null | op=PUT_BLOCK {blockData=[blockId=conID: 1 locID: 102666068571390365 bcsId: 0,size=2097152]} | ret=SUCCESS |  
2019-08-23 11:31:25,637 | INFO  | DNAudit | user=null | ip=null | op=WRITE_CHUNK {blockData=conID: 1 locID: 102666068571390365 bcsId: 0} | ret=SUCCESS |  
2019-08-23 11:31:25,638 | INFO  | DNAudit | user=null | ip=null | op=PUT_BLOCK {blockData=[blockId=conID: 1 locID: 102666068571390365 bcsId: 0,size=2097152]} | ret=SUCCESS |  
2019-08-23 11:31:25,640 | INFO  | DNAudit | user=null | ip=null | op=WRITE_CHUNK {blockData=conID: 1 locID: 102666068571390365 bcsId: 840} | ret=SUCCESS |  
2019-08-23 11:31:25,644 | INFO  | DNAudit | user=null | ip=null | op=WRITE_CHUNK {blockData=conID: 1 locID: 102666068571390365 bcsId: 840} | ret=SUCCESS |  
2019-08-23 11:31:25,644 | INFO  | DNAudit | user=null | ip=null | op=WRITE_CHUNK {blockData=conID: 1 locID: 102666068571390365 bcsId: 840} | ret=SUCCESS |  
2019-08-23 11:31:25,653 | INFO  | DNAudit | user=null | ip=null | op=WRITE_CHUNK {blockData=conID: 1 locID: 102666068571390365 bcsId: 840} | ret=SUCCESS |  
2019-08-23 11:31:25,654 | INFO  | DNAudit | user=null | ip=null | op=PUT_BLOCK {blockData=[blockId=conID: 1 locID: 102666068571390365 bcsId: 0,size=3145728]} | ret=SUCCESS |  
2019-08-23 11:31:25,654 [grpc-default-executor-5] INFO  client.GrpcClientProtocolClient (GrpcClientProtocolClient.java:onNext(255)) - client-C9E345EC67ED->244f13ac-34be-4c4e-8e45-0c0272edbbb2: receive RaftClientReply:client-C9E345EC67ED->244f13ac-34be-4c4e-8e45-0c0272edbbb2@group-FE77C852EF02, cid=703, SUCCESS, logIndex=844, commits[244f13ac-34be-4c4e-8e45-0c0272edbbb2:c845, 6287e41a-5356-4f55-84f2-270816d53e84:c843, a2c18d3d-e79d-47c9-88fe-d8a1d195302b:c843]
2019-08-23 11:31:25,655 | INFO  | DNAudit | user=null | ip=null | op=WRITE_CHUNK {blockData=conID: 1 locID: 102666068571390365 bcsId: 840} | ret=SUCCESS |  
2019-08-23 11:31:25,655 [grpc-default-executor-5] INFO  client.GrpcClientProtocolClient (GrpcClientProtocolClient.java:onNext(255)) - client-C9E345EC67ED->244f13ac-34be-4c4e-8e45-0c0272edbbb2: receive RaftClientReply:client-C9E345EC67ED->244f13ac-34be-4c4e-8e45-0c0272edbbb2@group-FE77C852EF02, cid=704, SUCCESS, logIndex=845, commits[244f13ac-34be-4c4e-8e45-0c0272edbbb2:c845, 6287e41a-5356-4f55-84f2-270816d53e84:c843, a2c18d3d-e79d-47c9-88fe-d8a1d195302b:c843]
2019-08-23 11:31:25,655 | INFO  | DNAudit | user=null | ip=null | op=WRITE_CHUNK {blockData=conID: 1 locID: 102666068571390365 bcsId: 840} | ret=SUCCESS |  
2019-08-23 11:31:25,656 | INFO  | DNAudit | user=null | ip=null | op=PUT_BLOCK {blockData=[blockId=conID: 1 locID: 102666068571390365 bcsId: 0,size=3145728]} | ret=SUCCESS |  
2019-08-23 11:31:25,656 | INFO  | DNAudit | user=null | ip=null | op=PUT_BLOCK {blockData=[blockId=conID: 1 locID: 102666068571390365 bcsId: 0,size=3145728]} | ret=SUCCESS |  
2019-08-23 11:31:25,664 | INFO  | DNAudit | user=null | ip=null | op=WRITE_CHUNK {blockData=conID: 1 locID: 102666068571390365 bcsId: 845} | ret=SUCCESS |  
2019-08-23 11:31:25,668 | INFO  | DNAudit | user=null | ip=null | op=WRITE_CHUNK {blockData=conID: 1 locID: 102666068571390365 bcsId: 845} | ret=SUCCESS |  
2019-08-23 11:31:25,669 | INFO  | DNAudit | user=null | ip=null | op=WRITE_CHUNK {blockData=conID: 1 locID: 102666068571390365 bcsId: 845} | ret=SUCCESS |  
2019-08-23 11:31:25,677 | INFO  | DNAudit | user=null | ip=null | op=WRITE_CHUNK {blockData=conID: 1 locID: 102666068571390365 bcsId: 845} | ret=SUCCESS |  
2019-08-23 11:31:25,677 | INFO  | DNAudit | user=null | ip=null | op=PUT_BLOCK {blockData=[blockId=conID: 1 locID: 102666068571390365 bcsId: 0,size=4194304]} | ret=SUCCESS |  
2019-08-23 11:31:25,678 [grpc-default-executor-1] INFO  client.GrpcClientProtocolClient (GrpcClientProtocolClient.java:onNext(255)) - client-C9E345EC67ED->244f13ac-34be-4c4e-8e45-0c0272edbbb2: receive RaftClientReply:client-C9E345EC67ED->244f13ac-34be-4c4e-8e45-0c0272edbbb2@group-FE77C852EF02, cid=705, SUCCESS, logIndex=848, commits[244f13ac-34be-4c4e-8e45-0c0272edbbb2:c848, 6287e41a-5356-4f55-84f2-270816d53e84:c847, a2c18d3d-e79d-47c9-88fe-d8a1d195302b:c847]
2019-08-23 11:31:25,678 [grpc-default-executor-1] INFO  client.GrpcClientProtocolClient (GrpcClientProtocolClient.java:onNext(255)) - client-C9E345EC67ED->244f13ac-34be-4c4e-8e45-0c0272edbbb2: receive RaftClientReply:client-C9E345EC67ED->244f13ac-34be-4c4e-8e45-0c0272edbbb2@group-FE77C852EF02, cid=706, SUCCESS, logIndex=849, commits[244f13ac-34be-4c4e-8e45-0c0272edbbb2:c849, 6287e41a-5356-4f55-84f2-270816d53e84:c847, a2c18d3d-e79d-47c9-88fe-d8a1d195302b:c847]
2019-08-23 11:31:25,688 | INFO  | DNAudit | user=null | ip=null | op=WRITE_CHUNK {blockData=conID: 1 locID: 102666068571390365 bcsId: 845} | ret=SUCCESS |  
2019-08-23 11:31:25,688 | INFO  | DNAudit | user=null | ip=null | op=WRITE_CHUNK {blockData=conID: 1 locID: 102666068571390365 bcsId: 845} | ret=SUCCESS |  
2019-08-23 11:31:25,691 | INFO  | DNAudit | user=null | ip=null | op=PUT_BLOCK {blockData=[blockId=conID: 1 locID: 102666068571390365 bcsId: 0,size=4194304]} | ret=SUCCESS |  
2019-08-23 11:31:25,691 | INFO  | DNAudit | user=null | ip=null | op=PUT_BLOCK {blockData=[blockId=conID: 1 locID: 102666068571390365 bcsId: 0,size=4194304]} | ret=SUCCESS |  
2019-08-23 11:31:25,692 [grpc-default-executor-1] INFO  client.GrpcClientProtocolClient (GrpcClientProtocolClient.java:onNext(255)) - client-C9E345EC67ED->244f13ac-34be-4c4e-8e45-0c0272edbbb2: receive RaftClientReply:client-C9E345EC67ED->244f13ac-34be-4c4e-8e45-0c0272edbbb2@group-FE77C852EF02, cid=707, SUCCESS, logIndex=0, commits[244f13ac-34be-4c4e-8e45-0c0272edbbb2:c851, 6287e41a-5356-4f55-84f2-270816d53e84:c849, a2c18d3d-e79d-47c9-88fe-d8a1d195302b:c849]
2019-08-23 11:31:25,703 | INFO  | DNAudit | user=null | ip=null | op=WRITE_CHUNK {blockData=conID: 2 locID: 102666068571390366 bcsId: 0} | ret=SUCCESS |  
2019-08-23 11:31:25,706 | INFO  | DNAudit | user=null | ip=null | op=WRITE_CHUNK {blockData=conID: 2 locID: 102666068571390366 bcsId: 0} | ret=SUCCESS |  
2019-08-23 11:31:25,706 | INFO  | DNAudit | user=null | ip=null | op=WRITE_CHUNK {blockData=conID: 2 locID: 102666068571390366 bcsId: 0} | ret=SUCCESS |  
2019-08-23 11:31:25,708 | INFO  | DNAudit | user=null | ip=null | op=WRITE_CHUNK {blockData=conID: 2 locID: 102666068571390366 bcsId: 0} | ret=SUCCESS |  
2019-08-23 11:31:25,710 | INFO  | DNAudit | user=null | ip=null | op=WRITE_CHUNK {blockData=conID: 2 locID: 102666068571390366 bcsId: 0} | ret=SUCCESS |  
2019-08-23 11:31:25,711 | INFO  | DNAudit | user=null | ip=null | op=WRITE_CHUNK {blockData=conID: 2 locID: 102666068571390366 bcsId: 0} | ret=SUCCESS |  
2019-08-23 11:31:25,716 | INFO  | DNAudit | user=null | ip=null | op=WRITE_CHUNK {blockData=conID: 2 locID: 102666068571390366 bcsId: 0} | ret=SUCCESS |  
2019-08-23 11:31:25,716 | INFO  | DNAudit | user=null | ip=null | op=PUT_BLOCK {blockData=[blockId=conID: 2 locID: 102666068571390366 bcsId: 0,size=1048576]} | ret=SUCCESS |  
2019-08-23 11:31:25,717 | INFO  | DNAudit | user=null | ip=null | op=WRITE_CHUNK {blockData=conID: 2 locID: 102666068571390366 bcsId: 0} | ret=SUCCESS |  
2019-08-23 11:31:25,717 [grpc-default-executor-4] INFO  client.GrpcClientProtocolClient (GrpcClientProtocolClient.java:onNext(255)) - client-C9E345EC67ED->244f13ac-34be-4c4e-8e45-0c0272edbbb2: receive RaftClientReply:client-C9E345EC67ED->244f13ac-34be-4c4e-8e45-0c0272edbbb2@group-FE77C852EF02, cid=708, SUCCESS, logIndex=852, commits[244f13ac-34be-4c4e-8e45-0c0272edbbb2:c853, 6287e41a-5356-4f55-84f2-270816d53e84:c851, a2c18d3d-e79d-47c9-88fe-d8a1d195302b:c851]
2019-08-23 11:31:25,717 | INFO  | DNAudit | user=null | ip=null | op=PUT_BLOCK {blockData=[blockId=conID: 2 locID: 102666068571390366 bcsId: 0,size=2097152]} | ret=SUCCESS |  
2019-08-23 11:31:25,718 | INFO  | DNAudit | user=null | ip=null | op=WRITE_CHUNK {blockData=conID: 2 locID: 102666068571390366 bcsId: 0} | ret=SUCCESS |  
2019-08-23 11:31:25,718 [grpc-default-executor-4] INFO  client.GrpcClientProtocolClient (GrpcClientProtocolClient.java:onNext(255)) - client-C9E345EC67ED->244f13ac-34be-4c4e-8e45-0c0272edbbb2: receive RaftClientReply:client-C9E345EC67ED->244f13ac-34be-4c4e-8e45-0c0272edbbb2@group-FE77C852EF02, cid=709, SUCCESS, logIndex=853, commits[244f13ac-34be-4c4e-8e45-0c0272edbbb2:c853, 6287e41a-5356-4f55-84f2-270816d53e84:c851, a2c18d3d-e79d-47c9-88fe-d8a1d195302b:c851]
2019-08-23 11:31:25,718 | INFO  | DNAudit | user=null | ip=null | op=WRITE_CHUNK {blockData=conID: 2 locID: 102666068571390366 bcsId: 0} | ret=SUCCESS |  
2019-08-23 11:31:25,719 | INFO  | DNAudit | user=null | ip=null | op=PUT_BLOCK {blockData=[blockId=conID: 2 locID: 102666068571390366 bcsId: 0,size=1048576]} | ret=SUCCESS |  
2019-08-23 11:31:25,719 | INFO  | DNAudit | user=null | ip=null | op=PUT_BLOCK {blockData=[blockId=conID: 2 locID: 102666068571390366 bcsId: 0,size=1048576]} | ret=SUCCESS |  
2019-08-23 11:31:25,720 | INFO  | DNAudit | user=null | ip=null | op=WRITE_CHUNK {blockData=conID: 2 locID: 102666068571390366 bcsId: 0} | ret=SUCCESS |  
2019-08-23 11:31:25,720 | INFO  | DNAudit | user=null | ip=null | op=WRITE_CHUNK {blockData=conID: 2 locID: 102666068571390366 bcsId: 0} | ret=SUCCESS |  
2019-08-23 11:31:25,720 | INFO  | DNAudit | user=null | ip=null | op=PUT_BLOCK {blockData=[blockId=conID: 2 locID: 102666068571390366 bcsId: 0,size=2097152]} | ret=SUCCESS |  
2019-08-23 11:31:25,720 | INFO  | DNAudit | user=null | ip=null | op=PUT_BLOCK {blockData=[blockId=conID: 2 locID: 102666068571390366 bcsId: 0,size=2097152]} | ret=SUCCESS |  
2019-08-23 11:31:25,720 [grpc-default-executor-2] INFO  client.GrpcClientProtocolClient (GrpcClientProtocolClient.java:onNext(255)) - client-C9E345EC67ED->244f13ac-34be-4c4e-8e45-0c0272edbbb2: receive RaftClientReply:client-C9E345EC67ED->244f13ac-34be-4c4e-8e45-0c0272edbbb2@group-FE77C852EF02, cid=710, SUCCESS, logIndex=854, commits[244f13ac-34be-4c4e-8e45-0c0272edbbb2:c855, 6287e41a-5356-4f55-84f2-270816d53e84:c851, a2c18d3d-e79d-47c9-88fe-d8a1d195302b:c851]
2019-08-23 11:31:25,720 [grpc-default-executor-2] INFO  client.GrpcClientProtocolClient (GrpcClientProtocolClient.java:onNext(255)) - client-C9E345EC67ED->244f13ac-34be-4c4e-8e45-0c0272edbbb2: receive RaftClientReply:client-C9E345EC67ED->244f13ac-34be-4c4e-8e45-0c0272edbbb2@group-FE77C852EF02, cid=711, SUCCESS, logIndex=855, commits[244f13ac-34be-4c4e-8e45-0c0272edbbb2:c855, 6287e41a-5356-4f55-84f2-270816d53e84:c851, a2c18d3d-e79d-47c9-88fe-d8a1d195302b:c851]
2019-08-23 11:31:25,721 [grpc-default-executor-2] INFO  client.GrpcClientProtocolClient (GrpcClientProtocolClient.java:onNext(255)) - client-C9E345EC67ED->244f13ac-34be-4c4e-8e45-0c0272edbbb2: receive RaftClientReply:client-C9E345EC67ED->244f13ac-34be-4c4e-8e45-0c0272edbbb2@group-FE77C852EF02, cid=712, SUCCESS, logIndex=0, commits[244f13ac-34be-4c4e-8e45-0c0272edbbb2:c859, 6287e41a-5356-4f55-84f2-270816d53e84:c855, a2c18d3d-e79d-47c9-88fe-d8a1d195302b:c855]
2019-08-23 11:31:25,730 | INFO  | DNAudit | user=null | ip=null | op=WRITE_CHUNK {blockData=conID: 2 locID: 102666068571390366 bcsId: 855} | ret=SUCCESS |  
2019-08-23 11:31:25,732 | INFO  | DNAudit | user=null | ip=null | op=WRITE_CHUNK {blockData=conID: 2 locID: 102666068571390366 bcsId: 855} | ret=SUCCESS |  
2019-08-23 11:31:25,733 | INFO  | DNAudit | user=null | ip=null | op=WRITE_CHUNK {blockData=conID: 2 locID: 102666068571390366 bcsId: 855} | ret=SUCCESS |  
2019-08-23 11:31:25,744 | INFO  | DNAudit | user=null | ip=null | op=WRITE_CHUNK {blockData=conID: 2 locID: 102666068571390366 bcsId: 855} | ret=SUCCESS |  
2019-08-23 11:31:25,744 | INFO  | DNAudit | user=null | ip=null | op=PUT_BLOCK {blockData=[blockId=conID: 2 locID: 102666068571390366 bcsId: 0,size=3145728]} | ret=SUCCESS |  
2019-08-23 11:31:25,745 [grpc-default-executor-1] INFO  client.GrpcClientProtocolClient (GrpcClientProtocolClient.java:onNext(255)) - client-C9E345EC67ED->244f13ac-34be-4c4e-8e45-0c0272edbbb2: receive RaftClientReply:client-C9E345EC67ED->244f13ac-34be-4c4e-8e45-0c0272edbbb2@group-FE77C852EF02, cid=713, SUCCESS, logIndex=860, commits[244f13ac-34be-4c4e-8e45-0c0272edbbb2:c861, 6287e41a-5356-4f55-84f2-270816d53e84:c859, a2c18d3d-e79d-47c9-88fe-d8a1d195302b:c859]
2019-08-23 11:31:25,745 [grpc-default-executor-1] INFO  client.GrpcClientProtocolClient (GrpcClientProtocolClient.java:onNext(255)) - client-C9E345EC67ED->244f13ac-34be-4c4e-8e45-0c0272edbbb2: receive RaftClientReply:client-C9E345EC67ED->244f13ac-34be-4c4e-8e45-0c0272edbbb2@group-FE77C852EF02, cid=714, SUCCESS, logIndex=861, commits[244f13ac-34be-4c4e-8e45-0c0272edbbb2:c861, 6287e41a-5356-4f55-84f2-270816d53e84:c859, a2c18d3d-e79d-47c9-88fe-d8a1d195302b:c859]
2019-08-23 11:31:25,755 | INFO  | DNAudit | user=null | ip=null | op=WRITE_CHUNK {blockData=conID: 2 locID: 102666068571390366 bcsId: 861} | ret=SUCCESS |  
2019-08-23 11:31:25,755 | INFO  | DNAudit | user=null | ip=null | op=WRITE_CHUNK {blockData=conID: 2 locID: 102666068571390366 bcsId: 855} | ret=SUCCESS |  
2019-08-23 11:31:25,756 | INFO  | DNAudit | user=null | ip=null | op=WRITE_CHUNK {blockData=conID: 2 locID: 102666068571390366 bcsId: 855} | ret=SUCCESS |  
2019-08-23 11:31:25,756 | INFO  | DNAudit | user=null | ip=null | op=PUT_BLOCK {blockData=[blockId=conID: 2 locID: 102666068571390366 bcsId: 0,size=3145728]} | ret=SUCCESS |  
2019-08-23 11:31:25,757 | INFO  | DNAudit | user=null | ip=null | op=PUT_BLOCK {blockData=[blockId=conID: 2 locID: 102666068571390366 bcsId: 0,size=3145728]} | ret=SUCCESS |  
2019-08-23 11:31:25,758 | INFO  | DNAudit | user=null | ip=null | op=WRITE_CHUNK {blockData=conID: 2 locID: 102666068571390366 bcsId: 861} | ret=SUCCESS |  
2019-08-23 11:31:25,758 | INFO  | DNAudit | user=null | ip=null | op=WRITE_CHUNK {blockData=conID: 2 locID: 102666068571390366 bcsId: 861} | ret=SUCCESS |  
2019-08-23 11:31:25,770 | INFO  | DNAudit | user=null | ip=null | op=WRITE_CHUNK {blockData=conID: 2 locID: 102666068571390366 bcsId: 861} | ret=SUCCESS |  
2019-08-23 11:31:25,771 | INFO  | DNAudit | user=null | ip=null | op=PUT_BLOCK {blockData=[blockId=conID: 2 locID: 102666068571390366 bcsId: 0,size=4194304]} | ret=SUCCESS |  
2019-08-23 11:31:25,771 [grpc-default-executor-1] INFO  client.GrpcClientProtocolClient (GrpcClientProtocolClient.java:onNext(255)) - client-C9E345EC67ED->244f13ac-34be-4c4e-8e45-0c0272edbbb2: receive RaftClientReply:client-C9E345EC67ED->244f13ac-34be-4c4e-8e45-0c0272edbbb2@group-FE77C852EF02, cid=715, SUCCESS, logIndex=864, commits[244f13ac-34be-4c4e-8e45-0c0272edbbb2:c865, 6287e41a-5356-4f55-84f2-270816d53e84:c861, a2c18d3d-e79d-47c9-88fe-d8a1d195302b:c861]
2019-08-23 11:31:25,772 [grpc-default-executor-1] INFO  client.GrpcClientProtocolClient (GrpcClientProtocolClient.java:onNext(255)) - client-C9E345EC67ED->244f13ac-34be-4c4e-8e45-0c0272edbbb2: receive RaftClientReply:client-C9E345EC67ED->244f13ac-34be-4c4e-8e45-0c0272edbbb2@group-FE77C852EF02, cid=716, SUCCESS, logIndex=865, commits[244f13ac-34be-4c4e-8e45-0c0272edbbb2:c865, 6287e41a-5356-4f55-84f2-270816d53e84:c861, a2c18d3d-e79d-47c9-88fe-d8a1d195302b:c861]
2019-08-23 11:31:25,782 | INFO  | DNAudit | user=null | ip=null | op=WRITE_CHUNK {blockData=conID: 2 locID: 102666068571390366 bcsId: 861} | ret=SUCCESS |  
2019-08-23 11:31:25,782 | INFO  | DNAudit | user=null | ip=null | op=WRITE_CHUNK {blockData=conID: 2 locID: 102666068571390366 bcsId: 861} | ret=SUCCESS |  
2019-08-23 11:31:25,782 | INFO  | DNAudit | user=null | ip=null | op=PUT_BLOCK {blockData=[blockId=conID: 2 locID: 102666068571390366 bcsId: 0,size=4194304]} | ret=SUCCESS |  
2019-08-23 11:31:25,782 | INFO  | DNAudit | user=null | ip=null | op=PUT_BLOCK {blockData=[blockId=conID: 2 locID: 102666068571390366 bcsId: 0,size=4194304]} | ret=SUCCESS |  
2019-08-23 11:31:25,783 [grpc-default-executor-1] INFO  client.GrpcClientProtocolClient (GrpcClientProtocolClient.java:onNext(255)) - client-C9E345EC67ED->244f13ac-34be-4c4e-8e45-0c0272edbbb2: receive RaftClientReply:client-C9E345EC67ED->244f13ac-34be-4c4e-8e45-0c0272edbbb2@group-FE77C852EF02, cid=717, SUCCESS, logIndex=0, commits[244f13ac-34be-4c4e-8e45-0c0272edbbb2:c866, 6287e41a-5356-4f55-84f2-270816d53e84:c865, a2c18d3d-e79d-47c9-88fe-d8a1d195302b:c865]
2019-08-23 11:31:25,795 | INFO  | DNAudit | user=null | ip=null | op=WRITE_CHUNK {blockData=conID: 3 locID: 102666068571390367 bcsId: 0} | ret=SUCCESS |  
2019-08-23 11:31:25,801 | INFO  | DNAudit | user=null | ip=null | op=WRITE_CHUNK {blockData=conID: 3 locID: 102666068571390367 bcsId: 0} | ret=SUCCESS |  
2019-08-23 11:31:25,802 | INFO  | DNAudit | user=null | ip=null | op=WRITE_CHUNK {blockData=conID: 3 locID: 102666068571390367 bcsId: 0} | ret=SUCCESS |  
2019-08-23 11:31:25,802 | INFO  | DNAudit | user=null | ip=null | op=WRITE_CHUNK {blockData=conID: 3 locID: 102666068571390367 bcsId: 0} | ret=SUCCESS |  
2019-08-23 11:31:25,804 | INFO  | DNAudit | user=null | ip=null | op=WRITE_CHUNK {blockData=conID: 3 locID: 102666068571390367 bcsId: 0} | ret=SUCCESS |  
2019-08-23 11:31:25,805 | INFO  | DNAudit | user=null | ip=null | op=WRITE_CHUNK {blockData=conID: 3 locID: 102666068571390367 bcsId: 0} | ret=SUCCESS |  
2019-08-23 11:31:25,808 | INFO  | DNAudit | user=null | ip=null | op=WRITE_CHUNK {blockData=conID: 3 locID: 102666068571390367 bcsId: 0} | ret=SUCCESS |  
2019-08-23 11:31:25,809 | INFO  | DNAudit | user=null | ip=null | op=PUT_BLOCK {blockData=[blockId=conID: 3 locID: 102666068571390367 bcsId: 0,size=1048576]} | ret=SUCCESS |  
2019-08-23 11:31:25,809 | INFO  | DNAudit | user=null | ip=null | op=WRITE_CHUNK {blockData=conID: 3 locID: 102666068571390367 bcsId: 0} | ret=SUCCESS |  
2019-08-23 11:31:25,809 [grpc-default-executor-1] INFO  client.GrpcClientProtocolClient (GrpcClientProtocolClient.java:onNext(255)) - client-C9E345EC67ED->244f13ac-34be-4c4e-8e45-0c0272edbbb2: receive RaftClientReply:client-C9E345EC67ED->244f13ac-34be-4c4e-8e45-0c0272edbbb2@group-FE77C852EF02, cid=718, SUCCESS, logIndex=868, commits[244f13ac-34be-4c4e-8e45-0c0272edbbb2:c869, 6287e41a-5356-4f55-84f2-270816d53e84:c867, a2c18d3d-e79d-47c9-88fe-d8a1d195302b:c867]
2019-08-23 11:31:25,810 | INFO  | DNAudit | user=null | ip=null | op=WRITE_CHUNK {blockData=conID: 3 locID: 102666068571390367 bcsId: 0} | ret=SUCCESS |  
2019-08-23 11:31:25,810 | INFO  | DNAudit | user=null | ip=null | op=PUT_BLOCK {blockData=[blockId=conID: 3 locID: 102666068571390367 bcsId: 0,size=2097152]} | ret=SUCCESS |  
2019-08-23 11:31:25,810 | INFO  | DNAudit | user=null | ip=null | op=WRITE_CHUNK {blockData=conID: 3 locID: 102666068571390367 bcsId: 0} | ret=SUCCESS |  
2019-08-23 11:31:25,810 [grpc-default-executor-4] INFO  client.GrpcClientProtocolClient (GrpcClientProtocolClient.java:onNext(255)) - client-C9E345EC67ED->244f13ac-34be-4c4e-8e45-0c0272edbbb2: receive RaftClientReply:client-C9E345EC67ED->244f13ac-34be-4c4e-8e45-0c0272edbbb2@group-FE77C852EF02, cid=719, SUCCESS, logIndex=869, commits[244f13ac-34be-4c4e-8e45-0c0272edbbb2:c871, 6287e41a-5356-4f55-84f2-270816d53e84:c867, a2c18d3d-e79d-47c9-88fe-d8a1d195302b:c867]
2019-08-23 11:31:25,810 | INFO  | DNAudit | user=null | ip=null | op=PUT_BLOCK {blockData=[blockId=conID: 3 locID: 102666068571390367 bcsId: 0,size=1048576]} | ret=SUCCESS |  
2019-08-23 11:31:25,810 | INFO  | DNAudit | user=null | ip=null | op=PUT_BLOCK {blockData=[blockId=conID: 3 locID: 102666068571390367 bcsId: 0,size=1048576]} | ret=SUCCESS |  
2019-08-23 11:31:25,811 | INFO  | DNAudit | user=null | ip=null | op=WRITE_CHUNK {blockData=conID: 3 locID: 102666068571390367 bcsId: 0} | ret=SUCCESS |  
2019-08-23 11:31:25,811 [grpc-default-executor-4] INFO  client.GrpcClientProtocolClient (GrpcClientProtocolClient.java:onNext(255)) - client-C9E345EC67ED->244f13ac-34be-4c4e-8e45-0c0272edbbb2: receive RaftClientReply:client-C9E345EC67ED->244f13ac-34be-4c4e-8e45-0c0272edbbb2@group-FE77C852EF02, cid=720, SUCCESS, logIndex=870, commits[244f13ac-34be-4c4e-8e45-0c0272edbbb2:c871, 6287e41a-5356-4f55-84f2-270816d53e84:c867, a2c18d3d-e79d-47c9-88fe-d8a1d195302b:c867]
2019-08-23 11:31:25,811 | INFO  | DNAudit | user=null | ip=null | op=PUT_BLOCK {blockData=[blockId=conID: 3 locID: 102666068571390367 bcsId: 0,size=2097152]} | ret=SUCCESS |  
2019-08-23 11:31:25,811 [grpc-default-executor-4] INFO  client.GrpcClientProtocolClient (GrpcClientProtocolClient.java:onNext(255)) - client-C9E345EC67ED->244f13ac-34be-4c4e-8e45-0c0272edbbb2: receive RaftClientReply:client-C9E345EC67ED->244f13ac-34be-4c4e-8e45-0c0272edbbb2@group-FE77C852EF02, cid=721, SUCCESS, logIndex=871, commits[244f13ac-34be-4c4e-8e45-0c0272edbbb2:c872, 6287e41a-5356-4f55-84f2-270816d53e84:c869, a2c18d3d-e79d-47c9-88fe-d8a1d195302b:c867]
2019-08-23 11:31:25,812 | INFO  | DNAudit | user=null | ip=null | op=WRITE_CHUNK {blockData=conID: 3 locID: 102666068571390367 bcsId: 0} | ret=SUCCESS |  
2019-08-23 11:31:25,812 | INFO  | DNAudit | user=null | ip=null | op=PUT_BLOCK {blockData=[blockId=conID: 3 locID: 102666068571390367 bcsId: 0,size=2097152]} | ret=SUCCESS |  
2019-08-23 11:31:25,813 [grpc-default-executor-4] INFO  client.GrpcClientProtocolClient (GrpcClientProtocolClient.java:onNext(255)) - client-C9E345EC67ED->244f13ac-34be-4c4e-8e45-0c0272edbbb2: receive RaftClientReply:client-C9E345EC67ED->244f13ac-34be-4c4e-8e45-0c0272edbbb2@group-FE77C852EF02, cid=722, SUCCESS, logIndex=0, commits[244f13ac-34be-4c4e-8e45-0c0272edbbb2:c875, 6287e41a-5356-4f55-84f2-270816d53e84:c871, a2c18d3d-e79d-47c9-88fe-d8a1d195302b:c871]
2019-08-23 11:31:25,822 | INFO  | DNAudit | user=null | ip=null | op=WRITE_CHUNK {blockData=conID: 3 locID: 102666068571390367 bcsId: 871} | ret=SUCCESS |  
2019-08-23 11:31:25,825 | INFO  | DNAudit | user=null | ip=null | op=WRITE_CHUNK {blockData=conID: 3 locID: 102666068571390367 bcsId: 871} | ret=SUCCESS |  
2019-08-23 11:31:25,826 | INFO  | DNAudit | user=null | ip=null | op=WRITE_CHUNK {blockData=conID: 3 locID: 102666068571390367 bcsId: 871} | ret=SUCCESS |  
2019-08-23 11:31:25,834 | INFO  | DNAudit | user=null | ip=null | op=WRITE_CHUNK {blockData=conID: 3 locID: 102666068571390367 bcsId: 871} | ret=SUCCESS |  
2019-08-23 11:31:25,834 | INFO  | DNAudit | user=null | ip=null | op=PUT_BLOCK {blockData=[blockId=conID: 3 locID: 102666068571390367 bcsId: 0,size=3145728]} | ret=SUCCESS |  
2019-08-23 11:31:25,835 [grpc-default-executor-1] INFO  client.GrpcClientProtocolClient (GrpcClientProtocolClient.java:onNext(255)) - client-C9E345EC67ED->244f13ac-34be-4c4e-8e45-0c0272edbbb2: receive RaftClientReply:client-C9E345EC67ED->244f13ac-34be-4c4e-8e45-0c0272edbbb2@group-FE77C852EF02, cid=723, SUCCESS, logIndex=876, commits[244f13ac-34be-4c4e-8e45-0c0272edbbb2:c877, 6287e41a-5356-4f55-84f2-270816d53e84:c875, a2c18d3d-e79d-47c9-88fe-d8a1d195302b:c875]
2019-08-23 11:31:25,835 [grpc-default-executor-1] INFO  client.GrpcClientProtocolClient (GrpcClientProtocolClient.java:onNext(255)) - client-C9E345EC67ED->244f13ac-34be-4c4e-8e45-0c0272edbbb2: receive RaftClientReply:client-C9E345EC67ED->244f13ac-34be-4c4e-8e45-0c0272edbbb2@group-FE77C852EF02, cid=724, SUCCESS, logIndex=877, commits[244f13ac-34be-4c4e-8e45-0c0272edbbb2:c877, 6287e41a-5356-4f55-84f2-270816d53e84:c875, a2c18d3d-e79d-47c9-88fe-d8a1d195302b:c875]
2019-08-23 11:31:25,844 | INFO  | DNAudit | user=null | ip=null | op=WRITE_CHUNK {blockData=conID: 3 locID: 102666068571390367 bcsId: 871} | ret=SUCCESS |  
2019-08-23 11:31:25,844 | INFO  | DNAudit | user=null | ip=null | op=WRITE_CHUNK {blockData=conID: 3 locID: 102666068571390367 bcsId: 871} | ret=SUCCESS |  
2019-08-23 11:31:25,845 | INFO  | DNAudit | user=null | ip=null | op=PUT_BLOCK {blockData=[blockId=conID: 3 locID: 102666068571390367 bcsId: 0,size=3145728]} | ret=SUCCESS |  
2019-08-23 11:31:25,845 | INFO  | DNAudit | user=null | ip=null | op=PUT_BLOCK {blockData=[blockId=conID: 3 locID: 102666068571390367 bcsId: 0,size=3145728]} | ret=SUCCESS |  
2019-08-23 11:31:25,846 | INFO  | DNAudit | user=null | ip=null | op=WRITE_CHUNK {blockData=conID: 3 locID: 102666068571390367 bcsId: 877} | ret=SUCCESS |  
2019-08-23 11:31:25,849 | INFO  | DNAudit | user=null | ip=null | op=WRITE_CHUNK {blockData=conID: 3 locID: 102666068571390367 bcsId: 877} | ret=SUCCESS |  
2019-08-23 11:31:25,849 | INFO  | DNAudit | user=null | ip=null | op=WRITE_CHUNK {blockData=conID: 3 locID: 102666068571390367 bcsId: 877} | ret=SUCCESS |  
2019-08-23 11:31:25,857 | INFO  | DNAudit | user=null | ip=null | op=WRITE_CHUNK {blockData=conID: 3 locID: 102666068571390367 bcsId: 877} | ret=SUCCESS |  
2019-08-23 11:31:25,858 | INFO  | DNAudit | user=null | ip=null | op=PUT_BLOCK {blockData=[blockId=conID: 3 locID: 102666068571390367 bcsId: 0,size=4194304]} | ret=SUCCESS |  
2019-08-23 11:31:25,858 [grpc-default-executor-2] INFO  client.GrpcClientProtocolClient (GrpcClientProtocolClient.java:onNext(255)) - client-C9E345EC67ED->244f13ac-34be-4c4e-8e45-0c0272edbbb2: receive RaftClientReply:client-C9E345EC67ED->244f13ac-34be-4c4e-8e45-0c0272edbbb2@group-FE77C852EF02, cid=725, SUCCESS, logIndex=880, commits[244f13ac-34be-4c4e-8e45-0c0272edbbb2:c881, 6287e41a-5356-4f55-84f2-270816d53e84:c877, a2c18d3d-e79d-47c9-88fe-d8a1d195302b:c877]
2019-08-23 11:31:25,858 [grpc-default-executor-2] INFO  client.GrpcClientProtocolClient (GrpcClientProtocolClient.java:onNext(255)) - client-C9E345EC67ED->244f13ac-34be-4c4e-8e45-0c0272edbbb2: receive RaftClientReply:client-C9E345EC67ED->244f13ac-34be-4c4e-8e45-0c0272edbbb2@group-FE77C852EF02, cid=726, SUCCESS, logIndex=881, commits[244f13ac-34be-4c4e-8e45-0c0272edbbb2:c881, 6287e41a-5356-4f55-84f2-270816d53e84:c877, a2c18d3d-e79d-47c9-88fe-d8a1d195302b:c877]
2019-08-23 11:31:25,859 | INFO  | DNAudit | user=null | ip=null | op=WRITE_CHUNK {blockData=conID: 3 locID: 102666068571390367 bcsId: 877} | ret=SUCCESS |  
2019-08-23 11:31:25,859 | INFO  | DNAudit | user=null | ip=null | op=WRITE_CHUNK {blockData=conID: 3 locID: 102666068571390367 bcsId: 877} | ret=SUCCESS |  
2019-08-23 11:31:25,859 | INFO  | DNAudit | user=null | ip=null | op=PUT_BLOCK {blockData=[blockId=conID: 3 locID: 102666068571390367 bcsId: 0,size=4194304]} | ret=SUCCESS |  
2019-08-23 11:31:25,859 | INFO  | DNAudit | user=null | ip=null | op=PUT_BLOCK {blockData=[blockId=conID: 3 locID: 102666068571390367 bcsId: 0,size=4194304]} | ret=SUCCESS |  
2019-08-23 11:31:25,860 [grpc-default-executor-5] INFO  client.GrpcClientProtocolClient (GrpcClientProtocolClient.java:onNext(255)) - client-C9E345EC67ED->244f13ac-34be-4c4e-8e45-0c0272edbbb2: receive RaftClientReply:client-C9E345EC67ED->244f13ac-34be-4c4e-8e45-0c0272edbbb2@group-FE77C852EF02, cid=727, SUCCESS, logIndex=0, commits[244f13ac-34be-4c4e-8e45-0c0272edbbb2:c882, 6287e41a-5356-4f55-84f2-270816d53e84:c881, a2c18d3d-e79d-47c9-88fe-d8a1d195302b:c881]
2019-08-23 11:31:25,869 | INFO  | DNAudit | user=null | ip=null | op=WRITE_CHUNK {blockData=conID: 1 locID: 102666068571390368 bcsId: 0} | ret=SUCCESS |  
2019-08-23 11:31:25,874 | INFO  | DNAudit | user=null | ip=null | op=WRITE_CHUNK {blockData=conID: 1 locID: 102666068571390368 bcsId: 0} | ret=SUCCESS |  
2019-08-23 11:31:25,874 | INFO  | DNAudit | user=null | ip=null | op=WRITE_CHUNK {blockData=conID: 1 locID: 102666068571390368 bcsId: 0} | ret=SUCCESS |  
2019-08-23 11:31:25,875 | INFO  | DNAudit | user=null | ip=null | op=WRITE_CHUNK {blockData=conID: 1 locID: 102666068571390368 bcsId: 0} | ret=SUCCESS |  
2019-08-23 11:31:25,876 | INFO  | DNAudit | user=null | ip=null | op=WRITE_CHUNK {blockData=conID: 1 locID: 102666068571390368 bcsId: 0} | ret=SUCCESS |  
2019-08-23 11:31:25,876 | INFO  | DNAudit | user=null | ip=null | op=WRITE_CHUNK {blockData=conID: 1 locID: 102666068571390368 bcsId: 0} | ret=SUCCESS |  
2019-08-23 11:31:25,880 | INFO  | DNAudit | user=null | ip=null | op=WRITE_CHUNK {blockData=conID: 1 locID: 102666068571390368 bcsId: 0} | ret=SUCCESS |  
2019-08-23 11:31:25,881 | INFO  | DNAudit | user=null | ip=null | op=PUT_BLOCK {blockData=[blockId=conID: 1 locID: 102666068571390368 bcsId: 0,size=1048576]} | ret=SUCCESS |  
2019-08-23 11:31:25,881 | INFO  | DNAudit | user=null | ip=null | op=WRITE_CHUNK {blockData=conID: 1 locID: 102666068571390368 bcsId: 0} | ret=SUCCESS |  
2019-08-23 11:31:25,881 [grpc-default-executor-4] INFO  client.GrpcClientProtocolClient (GrpcClientProtocolClient.java:onNext(255)) - client-C9E345EC67ED->244f13ac-34be-4c4e-8e45-0c0272edbbb2: receive RaftClientReply:client-C9E345EC67ED->244f13ac-34be-4c4e-8e45-0c0272edbbb2@group-FE77C852EF02, cid=728, SUCCESS, logIndex=884, commits[244f13ac-34be-4c4e-8e45-0c0272edbbb2:c886, 6287e41a-5356-4f55-84f2-270816d53e84:c883, a2c18d3d-e79d-47c9-88fe-d8a1d195302b:c883]
2019-08-23 11:31:25,881 | INFO  | DNAudit | user=null | ip=null | op=PUT_BLOCK {blockData=[blockId=conID: 1 locID: 102666068571390368 bcsId: 0,size=2097152]} | ret=SUCCESS |  
2019-08-23 11:31:25,882 [grpc-default-executor-4] INFO  client.GrpcClientProtocolClient (GrpcClientProtocolClient.java:onNext(255)) - client-C9E345EC67ED->244f13ac-34be-4c4e-8e45-0c0272edbbb2: receive RaftClientReply:client-C9E345EC67ED->244f13ac-34be-4c4e-8e45-0c0272edbbb2@group-FE77C852EF02, cid=729, SUCCESS, logIndex=885, commits[244f13ac-34be-4c4e-8e45-0c0272edbbb2:c887, 6287e41a-5356-4f55-84f2-270816d53e84:c883, a2c18d3d-e79d-47c9-88fe-d8a1d195302b:c883]
2019-08-23 11:31:25,882 [grpc-default-executor-4] INFO  client.GrpcClientProtocolClient (GrpcClientProtocolClient.java:onNext(255)) - client-C9E345EC67ED->244f13ac-34be-4c4e-8e45-0c0272edbbb2: receive RaftClientReply:client-C9E345EC67ED->244f13ac-34be-4c4e-8e45-0c0272edbbb2@group-FE77C852EF02, cid=730, SUCCESS, logIndex=886, commits[244f13ac-34be-4c4e-8e45-0c0272edbbb2:c887, 6287e41a-5356-4f55-84f2-270816d53e84:c883, a2c18d3d-e79d-47c9-88fe-d8a1d195302b:c883]
2019-08-23 11:31:25,882 [grpc-default-executor-4] INFO  client.GrpcClientProtocolClient (GrpcClientProtocolClient.java:onNext(255)) - client-C9E345EC67ED->244f13ac-34be-4c4e-8e45-0c0272edbbb2: receive RaftClientReply:client-C9E345EC67ED->244f13ac-34be-4c4e-8e45-0c0272edbbb2@group-FE77C852EF02, cid=731, SUCCESS, logIndex=887, commits[244f13ac-34be-4c4e-8e45-0c0272edbbb2:c887, 6287e41a-5356-4f55-84f2-270816d53e84:c883, a2c18d3d-e79d-47c9-88fe-d8a1d195302b:c883]
2019-08-23 11:31:25,892 | INFO  | DNAudit | user=null | ip=null | op=WRITE_CHUNK {blockData=conID: 1 locID: 102666068571390368 bcsId: 0} | ret=SUCCESS |  
2019-08-23 11:31:25,892 | INFO  | DNAudit | user=null | ip=null | op=WRITE_CHUNK {blockData=conID: 1 locID: 102666068571390368 bcsId: 0} | ret=SUCCESS |  
2019-08-23 11:31:25,892 | INFO  | DNAudit | user=null | ip=null | op=PUT_BLOCK {blockData=[blockId=conID: 1 locID: 102666068571390368 bcsId: 0,size=1048576]} | ret=SUCCESS |  
2019-08-23 11:31:25,893 | INFO  | DNAudit | user=null | ip=null | op=WRITE_CHUNK {blockData=conID: 1 locID: 102666068571390368 bcsId: 0} | ret=SUCCESS |  
2019-08-23 11:31:25,893 | INFO  | DNAudit | user=null | ip=null | op=PUT_BLOCK {blockData=[blockId=conID: 1 locID: 102666068571390368 bcsId: 0,size=1048576]} | ret=SUCCESS |  
2019-08-23 11:31:25,893 | INFO  | DNAudit | user=null | ip=null | op=PUT_BLOCK {blockData=[blockId=conID: 1 locID: 102666068571390368 bcsId: 0,size=2097152]} | ret=SUCCESS |  
2019-08-23 11:31:25,893 | INFO  | DNAudit | user=null | ip=null | op=WRITE_CHUNK {blockData=conID: 1 locID: 102666068571390368 bcsId: 0} | ret=SUCCESS |  
2019-08-23 11:31:25,894 | INFO  | DNAudit | user=null | ip=null | op=PUT_BLOCK {blockData=[blockId=conID: 1 locID: 102666068571390368 bcsId: 0,size=2097152]} | ret=SUCCESS |  
2019-08-23 11:31:25,895 [grpc-default-executor-4] INFO  client.GrpcClientProtocolClient (GrpcClientProtocolClient.java:onNext(255)) - client-C9E345EC67ED->244f13ac-34be-4c4e-8e45-0c0272edbbb2: receive RaftClientReply:client-C9E345EC67ED->244f13ac-34be-4c4e-8e45-0c0272edbbb2@group-FE77C852EF02, cid=732, SUCCESS, logIndex=0, commits[244f13ac-34be-4c4e-8e45-0c0272edbbb2:c888, 6287e41a-5356-4f55-84f2-270816d53e84:c886, a2c18d3d-e79d-47c9-88fe-d8a1d195302b:c886]
2019-08-23 11:31:25,905 | INFO  | DNAudit | user=null | ip=null | op=WRITE_CHUNK {blockData=conID: 1 locID: 102666068571390368 bcsId: 887} | ret=SUCCESS |  
2019-08-23 11:31:25,908 | INFO  | DNAudit | user=null | ip=null | op=WRITE_CHUNK {blockData=conID: 1 locID: 102666068571390368 bcsId: 887} | ret=SUCCESS |  
2019-08-23 11:31:25,909 | INFO  | DNAudit | user=null | ip=null | op=WRITE_CHUNK {blockData=conID: 1 locID: 102666068571390368 bcsId: 887} | ret=SUCCESS |  
2019-08-23 11:31:25,913 | INFO  | DNAudit | user=null | ip=null | op=WRITE_CHUNK {blockData=conID: 1 locID: 102666068571390368 bcsId: 887} | ret=SUCCESS |  
2019-08-23 11:31:25,913 | INFO  | DNAudit | user=null | ip=null | op=PUT_BLOCK {blockData=[blockId=conID: 1 locID: 102666068571390368 bcsId: 0,size=3145728]} | ret=SUCCESS |  
2019-08-23 11:31:25,913 [grpc-default-executor-4] INFO  client.GrpcClientProtocolClient (GrpcClientProtocolClient.java:onNext(255)) - client-C9E345EC67ED->244f13ac-34be-4c4e-8e45-0c0272edbbb2: receive RaftClientReply:client-C9E345EC67ED->244f13ac-34be-4c4e-8e45-0c0272edbbb2@group-FE77C852EF02, cid=733, SUCCESS, logIndex=891, commits[244f13ac-34be-4c4e-8e45-0c0272edbbb2:c892, 6287e41a-5356-4f55-84f2-270816d53e84:c890, a2c18d3d-e79d-47c9-88fe-d8a1d195302b:c887]
2019-08-23 11:31:25,914 [grpc-default-executor-4] INFO  client.GrpcClientProtocolClient (GrpcClientProtocolClient.java:onNext(255)) - client-C9E345EC67ED->244f13ac-34be-4c4e-8e45-0c0272edbbb2: receive RaftClientReply:client-C9E345EC67ED->244f13ac-34be-4c4e-8e45-0c0272edbbb2@group-FE77C852EF02, cid=734, SUCCESS, logIndex=892, commits[244f13ac-34be-4c4e-8e45-0c0272edbbb2:c892, 6287e41a-5356-4f55-84f2-270816d53e84:c890, a2c18d3d-e79d-47c9-88fe-d8a1d195302b:c890]
2019-08-23 11:31:25,923 | INFO  | DNAudit | user=null | ip=null | op=WRITE_CHUNK {blockData=conID: 1 locID: 102666068571390368 bcsId: 892} | ret=SUCCESS |  
2019-08-23 11:31:25,924 | INFO  | DNAudit | user=null | ip=null | op=WRITE_CHUNK {blockData=conID: 1 locID: 102666068571390368 bcsId: 887} | ret=SUCCESS |  
2019-08-23 11:31:25,925 | INFO  | DNAudit | user=null | ip=null | op=WRITE_CHUNK {blockData=conID: 1 locID: 102666068571390368 bcsId: 887} | ret=SUCCESS |  
2019-08-23 11:31:25,925 | INFO  | DNAudit | user=null | ip=null | op=PUT_BLOCK {blockData=[blockId=conID: 1 locID: 102666068571390368 bcsId: 0,size=3145728]} | ret=SUCCESS |  
2019-08-23 11:31:25,925 | INFO  | DNAudit | user=null | ip=null | op=PUT_BLOCK {blockData=[blockId=conID: 1 locID: 102666068571390368 bcsId: 0,size=3145728]} | ret=SUCCESS |  
2019-08-23 11:31:25,926 | INFO  | DNAudit | user=null | ip=null | op=WRITE_CHUNK {blockData=conID: 1 locID: 102666068571390368 bcsId: 892} | ret=SUCCESS |  
2019-08-23 11:31:25,926 | INFO  | DNAudit | user=null | ip=null | op=WRITE_CHUNK {blockData=conID: 1 locID: 102666068571390368 bcsId: 892} | ret=SUCCESS |  
2019-08-23 11:31:25,938 | INFO  | DNAudit | user=null | ip=null | op=WRITE_CHUNK {blockData=conID: 1 locID: 102666068571390368 bcsId: 892} | ret=SUCCESS |  
2019-08-23 11:31:25,939 | INFO  | DNAudit | user=null | ip=null | op=PUT_BLOCK {blockData=[blockId=conID: 1 locID: 102666068571390368 bcsId: 0,size=4194304]} | ret=SUCCESS |  
2019-08-23 11:31:25,939 [grpc-default-executor-2] INFO  client.GrpcClientProtocolClient (GrpcClientProtocolClient.java:onNext(255)) - client-C9E345EC67ED->244f13ac-34be-4c4e-8e45-0c0272edbbb2: receive RaftClientReply:client-C9E345EC67ED->244f13ac-34be-4c4e-8e45-0c0272edbbb2@group-FE77C852EF02, cid=735, SUCCESS, logIndex=895, commits[244f13ac-34be-4c4e-8e45-0c0272edbbb2:c896, 6287e41a-5356-4f55-84f2-270816d53e84:c892, a2c18d3d-e79d-47c9-88fe-d8a1d195302b:c892]
2019-08-23 11:31:25,940 [grpc-default-executor-2] INFO  client.GrpcClientProtocolClient (GrpcClientProtocolClient.java:onNext(255)) - client-C9E345EC67ED->244f13ac-34be-4c4e-8e45-0c0272edbbb2: receive RaftClientReply:client-C9E345EC67ED->244f13ac-34be-4c4e-8e45-0c0272edbbb2@group-FE77C852EF02, cid=736, SUCCESS, logIndex=896, commits[244f13ac-34be-4c4e-8e45-0c0272edbbb2:c896, 6287e41a-5356-4f55-84f2-270816d53e84:c892, a2c18d3d-e79d-47c9-88fe-d8a1d195302b:c892]
2019-08-23 11:31:25,950 | INFO  | DNAudit | user=null | ip=null | op=WRITE_CHUNK {blockData=conID: 1 locID: 102666068571390368 bcsId: 892} | ret=SUCCESS |  
2019-08-23 11:31:25,950 | INFO  | DNAudit | user=null | ip=null | op=WRITE_CHUNK {blockData=conID: 1 locID: 102666068571390368 bcsId: 892} | ret=SUCCESS |  
2019-08-23 11:31:25,950 | INFO  | DNAudit | user=null | ip=null | op=PUT_BLOCK {blockData=[blockId=conID: 1 locID: 102666068571390368 bcsId: 0,size=4194304]} | ret=SUCCESS |  
2019-08-23 11:31:25,950 | INFO  | DNAudit | user=null | ip=null | op=PUT_BLOCK {blockData=[blockId=conID: 1 locID: 102666068571390368 bcsId: 0,size=4194304]} | ret=SUCCESS |  
2019-08-23 11:31:25,951 [grpc-default-executor-2] INFO  client.GrpcClientProtocolClient (GrpcClientProtocolClient.java:onNext(255)) - client-C9E345EC67ED->244f13ac-34be-4c4e-8e45-0c0272edbbb2: receive RaftClientReply:client-C9E345EC67ED->244f13ac-34be-4c4e-8e45-0c0272edbbb2@group-FE77C852EF02, cid=737, SUCCESS, logIndex=0, commits[244f13ac-34be-4c4e-8e45-0c0272edbbb2:c897, 6287e41a-5356-4f55-84f2-270816d53e84:c896, a2c18d3d-e79d-47c9-88fe-d8a1d195302b:c896]
2019-08-23 11:31:26,124 | INFO  | SCMAudit | user=jenkins1000 | ip=192.168.5.185 | op=SEND_HEARTBEAT {datanodeUUID=a2c18d3d-e79d-47c9-88fe-d8a1d195302b, command=[]} | ret=SUCCESS |  
2019-08-23 11:31:26,124 | INFO  | SCMAudit | user=jenkins1000 | ip=192.168.5.185 | op=SEND_HEARTBEAT {datanodeUUID=6287e41a-5356-4f55-84f2-270816d53e84, command=[]} | ret=SUCCESS |  
2019-08-23 11:31:26,124 | INFO  | SCMAudit | user=jenkins1000 | ip=192.168.5.185 | op=SEND_HEARTBEAT {datanodeUUID=244f13ac-34be-4c4e-8e45-0c0272edbbb2, command=[]} | ret=SUCCESS |  
2019-08-23 11:31:26,130 | INFO  | DNAudit | user=null | ip=null | op=WRITE_CHUNK {blockData=conID: 2 locID: 102666068571390369 bcsId: 0} | ret=SUCCESS |  
2019-08-23 11:31:26,135 | INFO  | DNAudit | user=null | ip=null | op=WRITE_CHUNK {blockData=conID: 2 locID: 102666068571390369 bcsId: 0} | ret=SUCCESS |  
2019-08-23 11:31:26,136 | INFO  | DNAudit | user=null | ip=null | op=WRITE_CHUNK {blockData=conID: 2 locID: 102666068571390369 bcsId: 0} | ret=SUCCESS |  
2019-08-23 11:31:26,137 | INFO  | DNAudit | user=null | ip=null | op=WRITE_CHUNK {blockData=conID: 2 locID: 102666068571390369 bcsId: 0} | ret=SUCCESS |  
2019-08-23 11:31:26,139 | INFO  | DNAudit | user=null | ip=null | op=WRITE_CHUNK {blockData=conID: 2 locID: 102666068571390369 bcsId: 0} | ret=SUCCESS |  
2019-08-23 11:31:26,140 | INFO  | DNAudit | user=null | ip=null | op=WRITE_CHUNK {blockData=conID: 2 locID: 102666068571390369 bcsId: 0} | ret=SUCCESS |  
2019-08-23 11:31:26,176 | INFO  | DNAudit | user=null | ip=null | op=WRITE_CHUNK {blockData=conID: 2 locID: 102666068571390369 bcsId: 0} | ret=SUCCESS |  
2019-08-23 11:31:26,177 | INFO  | DNAudit | user=null | ip=null | op=PUT_BLOCK {blockData=[blockId=conID: 2 locID: 102666068571390369 bcsId: 0,size=1048576]} | ret=SUCCESS |  
2019-08-23 11:31:26,177 [grpc-default-executor-5] INFO  client.GrpcClientProtocolClient (GrpcClientProtocolClient.java:onNext(255)) - client-C9E345EC67ED->244f13ac-34be-4c4e-8e45-0c0272edbbb2: receive RaftClientReply:client-C9E345EC67ED->244f13ac-34be-4c4e-8e45-0c0272edbbb2@group-FE77C852EF02, cid=738, SUCCESS, logIndex=899, commits[244f13ac-34be-4c4e-8e45-0c0272edbbb2:c902, 6287e41a-5356-4f55-84f2-270816d53e84:c898, a2c18d3d-e79d-47c9-88fe-d8a1d195302b:c898]
2019-08-23 11:31:26,177 | INFO  | DNAudit | user=null | ip=null | op=WRITE_CHUNK {blockData=conID: 2 locID: 102666068571390369 bcsId: 0} | ret=SUCCESS |  
2019-08-23 11:31:26,178 | INFO  | DNAudit | user=null | ip=null | op=PUT_BLOCK {blockData=[blockId=conID: 2 locID: 102666068571390369 bcsId: 0,size=2097152]} | ret=SUCCESS |  
2019-08-23 11:31:26,178 [grpc-default-executor-5] INFO  client.GrpcClientProtocolClient (GrpcClientProtocolClient.java:onNext(255)) - client-C9E345EC67ED->244f13ac-34be-4c4e-8e45-0c0272edbbb2: receive RaftClientReply:client-C9E345EC67ED->244f13ac-34be-4c4e-8e45-0c0272edbbb2@group-FE77C852EF02, cid=739, SUCCESS, logIndex=900, commits[244f13ac-34be-4c4e-8e45-0c0272edbbb2:c902, 6287e41a-5356-4f55-84f2-270816d53e84:c898, a2c18d3d-e79d-47c9-88fe-d8a1d195302b:c898]
2019-08-23 11:31:26,178 [grpc-default-executor-5] INFO  client.GrpcClientProtocolClient (GrpcClientProtocolClient.java:onNext(255)) - client-C9E345EC67ED->244f13ac-34be-4c4e-8e45-0c0272edbbb2: receive RaftClientReply:client-C9E345EC67ED->244f13ac-34be-4c4e-8e45-0c0272edbbb2@group-FE77C852EF02, cid=740, SUCCESS, logIndex=901, commits[244f13ac-34be-4c4e-8e45-0c0272edbbb2:c902, 6287e41a-5356-4f55-84f2-270816d53e84:c898, a2c18d3d-e79d-47c9-88fe-d8a1d195302b:c898]
2019-08-23 11:31:26,179 [grpc-default-executor-5] INFO  client.GrpcClientProtocolClient (GrpcClientProtocolClient.java:onNext(255)) - client-C9E345EC67ED->244f13ac-34be-4c4e-8e45-0c0272edbbb2: receive RaftClientReply:client-C9E345EC67ED->244f13ac-34be-4c4e-8e45-0c0272edbbb2@group-FE77C852EF02, cid=741, SUCCESS, logIndex=902, commits[244f13ac-34be-4c4e-8e45-0c0272edbbb2:c902, 6287e41a-5356-4f55-84f2-270816d53e84:c898, a2c18d3d-e79d-47c9-88fe-d8a1d195302b:c898]
2019-08-23 11:31:26,187 | INFO  | DNAudit | user=null | ip=null | op=WRITE_CHUNK {blockData=conID: 2 locID: 102666068571390369 bcsId: 0} | ret=SUCCESS |  
2019-08-23 11:31:26,187 | INFO  | DNAudit | user=null | ip=null | op=WRITE_CHUNK {blockData=conID: 2 locID: 102666068571390369 bcsId: 0} | ret=SUCCESS |  
2019-08-23 11:31:26,188 | INFO  | DNAudit | user=null | ip=null | op=PUT_BLOCK {blockData=[blockId=conID: 2 locID: 102666068571390369 bcsId: 0,size=1048576]} | ret=SUCCESS |  
2019-08-23 11:31:26,188 | INFO  | DNAudit | user=null | ip=null | op=PUT_BLOCK {blockData=[blockId=conID: 2 locID: 102666068571390369 bcsId: 0,size=1048576]} | ret=SUCCESS |  
2019-08-23 11:31:26,188 | INFO  | DNAudit | user=null | ip=null | op=WRITE_CHUNK {blockData=conID: 2 locID: 102666068571390369 bcsId: 0} | ret=SUCCESS |  
2019-08-23 11:31:26,188 | INFO  | DNAudit | user=null | ip=null | op=WRITE_CHUNK {blockData=conID: 2 locID: 102666068571390369 bcsId: 0} | ret=SUCCESS |  
2019-08-23 11:31:26,189 | INFO  | DNAudit | user=null | ip=null | op=PUT_BLOCK {blockData=[blockId=conID: 2 locID: 102666068571390369 bcsId: 0,size=2097152]} | ret=SUCCESS |  
2019-08-23 11:31:26,189 | INFO  | DNAudit | user=null | ip=null | op=PUT_BLOCK {blockData=[blockId=conID: 2 locID: 102666068571390369 bcsId: 0,size=2097152]} | ret=SUCCESS |  
2019-08-23 11:31:26,190 [grpc-default-executor-5] INFO  client.GrpcClientProtocolClient (GrpcClientProtocolClient.java:onNext(255)) - client-C9E345EC67ED->244f13ac-34be-4c4e-8e45-0c0272edbbb2: receive RaftClientReply:client-C9E345EC67ED->244f13ac-34be-4c4e-8e45-0c0272edbbb2@group-FE77C852EF02, cid=742, SUCCESS, logIndex=0, commits[244f13ac-34be-4c4e-8e45-0c0272edbbb2:c903, 6287e41a-5356-4f55-84f2-270816d53e84:c900, a2c18d3d-e79d-47c9-88fe-d8a1d195302b:c900]
 0.00% |█                                                                                                    |  0/1 Time: 0:00:022019-08-23 11:31:26,201 | INFO  | DNAudit | user=null | ip=null | op=WRITE_CHUNK {blockData=conID: 2 locID: 102666068571390369 bcsId: 902} | ret=SUCCESS |  
2019-08-23 11:31:26,205 | INFO  | DNAudit | user=null | ip=null | op=WRITE_CHUNK {blockData=conID: 2 locID: 102666068571390369 bcsId: 902} | ret=SUCCESS |  
2019-08-23 11:31:26,205 | INFO  | DNAudit | user=null | ip=null | op=WRITE_CHUNK {blockData=conID: 2 locID: 102666068571390369 bcsId: 902} | ret=SUCCESS |  
2019-08-23 11:31:26,214 | INFO  | DNAudit | user=null | ip=null | op=WRITE_CHUNK {blockData=conID: 2 locID: 102666068571390369 bcsId: 902} | ret=SUCCESS |  
2019-08-23 11:31:26,214 | INFO  | DNAudit | user=null | ip=null | op=PUT_BLOCK {blockData=[blockId=conID: 2 locID: 102666068571390369 bcsId: 0,size=3145728]} | ret=SUCCESS |  
2019-08-23 11:31:26,215 [grpc-default-executor-4] INFO  client.GrpcClientProtocolClient (GrpcClientProtocolClient.java:onNext(255)) - client-C9E345EC67ED->244f13ac-34be-4c4e-8e45-0c0272edbbb2: receive RaftClientReply:client-C9E345EC67ED->244f13ac-34be-4c4e-8e45-0c0272edbbb2@group-FE77C852EF02, cid=743, SUCCESS, logIndex=907, commits[244f13ac-34be-4c4e-8e45-0c0272edbbb2:c908, 6287e41a-5356-4f55-84f2-270816d53e84:c906, a2c18d3d-e79d-47c9-88fe-d8a1d195302b:c906]
2019-08-23 11:31:26,215 [grpc-default-executor-4] INFO  client.GrpcClientProtocolClient (GrpcClientProtocolClient.java:onNext(255)) - client-C9E345EC67ED->244f13ac-34be-4c4e-8e45-0c0272edbbb2: receive RaftClientReply:client-C9E345EC67ED->244f13ac-34be-4c4e-8e45-0c0272edbbb2@group-FE77C852EF02, cid=744, SUCCESS, logIndex=908, commits[244f13ac-34be-4c4e-8e45-0c0272edbbb2:c908, 6287e41a-5356-4f55-84f2-270816d53e84:c906, a2c18d3d-e79d-47c9-88fe-d8a1d195302b:c906]
2019-08-23 11:31:26,225 | INFO  | DNAudit | user=null | ip=null | op=WRITE_CHUNK {blockData=conID: 2 locID: 102666068571390369 bcsId: 908} | ret=SUCCESS |  
2019-08-23 11:31:26,225 | INFO  | DNAudit | user=null | ip=null | op=WRITE_CHUNK {blockData=conID: 2 locID: 102666068571390369 bcsId: 902} | ret=SUCCESS |  
2019-08-23 11:31:26,225 | INFO  | DNAudit | user=null | ip=null | op=WRITE_CHUNK {blockData=conID: 2 locID: 102666068571390369 bcsId: 902} | ret=SUCCESS |  
2019-08-23 11:31:26,226 | INFO  | DNAudit | user=null | ip=null | op=PUT_BLOCK {blockData=[blockId=conID: 2 locID: 102666068571390369 bcsId: 0,size=3145728]} | ret=SUCCESS |  
2019-08-23 11:31:26,227 | INFO  | DNAudit | user=null | ip=null | op=PUT_BLOCK {blockData=[blockId=conID: 2 locID: 102666068571390369 bcsId: 0,size=3145728]} | ret=SUCCESS |  
2019-08-23 11:31:26,229 | INFO  | DNAudit | user=null | ip=null | op=WRITE_CHUNK {blockData=conID: 2 locID: 102666068571390369 bcsId: 908} | ret=SUCCESS |  
2019-08-23 11:31:26,229 | INFO  | DNAudit | user=null | ip=null | op=WRITE_CHUNK {blockData=conID: 2 locID: 102666068571390369 bcsId: 908} | ret=SUCCESS |  
2019-08-23 11:31:26,241 | INFO  | DNAudit | user=null | ip=null | op=WRITE_CHUNK {blockData=conID: 2 locID: 102666068571390369 bcsId: 908} | ret=SUCCESS |  
2019-08-23 11:31:26,242 | INFO  | DNAudit | user=null | ip=null | op=PUT_BLOCK {blockData=[blockId=conID: 2 locID: 102666068571390369 bcsId: 0,size=4194304]} | ret=SUCCESS |  
2019-08-23 11:31:26,242 [grpc-default-executor-5] INFO  client.GrpcClientProtocolClient (GrpcClientProtocolClient.java:onNext(255)) - client-C9E345EC67ED->244f13ac-34be-4c4e-8e45-0c0272edbbb2: receive RaftClientReply:client-C9E345EC67ED->244f13ac-34be-4c4e-8e45-0c0272edbbb2@group-FE77C852EF02, cid=745, SUCCESS, logIndex=911, commits[244f13ac-34be-4c4e-8e45-0c0272edbbb2:c912, 6287e41a-5356-4f55-84f2-270816d53e84:c908, a2c18d3d-e79d-47c9-88fe-d8a1d195302b:c908]
2019-08-23 11:31:26,243 | INFO  | DNAudit | user=null | ip=null | op=WRITE_CHUNK {blockData=conID: 2 locID: 102666068571390369 bcsId: 908} | ret=SUCCESS |  
2019-08-23 11:31:26,243 | INFO  | DNAudit | user=null | ip=null | op=WRITE_CHUNK {blockData=conID: 2 locID: 102666068571390369 bcsId: 908} | ret=SUCCESS |  
2019-08-23 11:31:26,243 | INFO  | DNAudit | user=null | ip=null | op=PUT_BLOCK {blockData=[blockId=conID: 2 locID: 102666068571390369 bcsId: 0,size=4194304]} | ret=SUCCESS |  
2019-08-23 11:31:26,243 | INFO  | DNAudit | user=null | ip=null | op=PUT_BLOCK {blockData=[blockId=conID: 2 locID: 102666068571390369 bcsId: 0,size=4194304]} | ret=SUCCESS |  
2019-08-23 11:31:26,243 [grpc-default-executor-5] INFO  client.GrpcClientProtocolClient (GrpcClientProtocolClient.java:onNext(255)) - client-C9E345EC67ED->244f13ac-34be-4c4e-8e45-0c0272edbbb2: receive RaftClientReply:client-C9E345EC67ED->244f13ac-34be-4c4e-8e45-0c0272edbbb2@group-FE77C852EF02, cid=746, SUCCESS, logIndex=912, commits[244f13ac-34be-4c4e-8e45-0c0272edbbb2:c912, 6287e41a-5356-4f55-84f2-270816d53e84:c908, a2c18d3d-e79d-47c9-88fe-d8a1d195302b:c908]
2019-08-23 11:31:26,245 [grpc-default-executor-5] INFO  client.GrpcClientProtocolClient (GrpcClientProtocolClient.java:onNext(255)) - client-C9E345EC67ED->244f13ac-34be-4c4e-8e45-0c0272edbbb2: receive RaftClientReply:client-C9E345EC67ED->244f13ac-34be-4c4e-8e45-0c0272edbbb2@group-FE77C852EF02, cid=747, SUCCESS, logIndex=0, commits[244f13ac-34be-4c4e-8e45-0c0272edbbb2:c914, 6287e41a-5356-4f55-84f2-270816d53e84:c912, a2c18d3d-e79d-47c9-88fe-d8a1d195302b:c912]
2019-08-23 11:31:26,254 | INFO  | DNAudit | user=null | ip=null | op=WRITE_CHUNK {blockData=conID: 3 locID: 102666068571390370 bcsId: 0} | ret=SUCCESS |  
2019-08-23 11:31:26,259 | INFO  | DNAudit | user=null | ip=null | op=WRITE_CHUNK {blockData=conID: 3 locID: 102666068571390370 bcsId: 0} | ret=SUCCESS |  
2019-08-23 11:31:26,260 | INFO  | DNAudit | user=null | ip=null | op=WRITE_CHUNK {blockData=conID: 3 locID: 102666068571390370 bcsId: 0} | ret=SUCCESS |  
2019-08-23 11:31:26,260 | INFO  | DNAudit | user=null | ip=null | op=WRITE_CHUNK {blockData=conID: 3 locID: 102666068571390370 bcsId: 0} | ret=SUCCESS |  
2019-08-23 11:31:26,262 | INFO  | DNAudit | user=null | ip=null | op=WRITE_CHUNK {blockData=conID: 3 locID: 102666068571390370 bcsId: 0} | ret=SUCCESS |  
2019-08-23 11:31:26,263 | INFO  | DNAudit | user=null | ip=null | op=WRITE_CHUNK {blockData=conID: 3 locID: 102666068571390370 bcsId: 0} | ret=SUCCESS |  
2019-08-23 11:31:26,267 | INFO  | DNAudit | user=null | ip=null | op=WRITE_CHUNK {blockData=conID: 3 locID: 102666068571390370 bcsId: 0} | ret=SUCCESS |  
2019-08-23 11:31:26,268 | INFO  | DNAudit | user=null | ip=null | op=PUT_BLOCK {blockData=[blockId=conID: 3 locID: 102666068571390370 bcsId: 0,size=1048576]} | ret=SUCCESS |  
2019-08-23 11:31:26,269 | INFO  | DNAudit | user=null | ip=null | op=WRITE_CHUNK {blockData=conID: 3 locID: 102666068571390370 bcsId: 0} | ret=SUCCESS |  
2019-08-23 11:31:26,269 [grpc-default-executor-2] INFO  client.GrpcClientProtocolClient (GrpcClientProtocolClient.java:onNext(255)) - client-C9E345EC67ED->244f13ac-34be-4c4e-8e45-0c0272edbbb2: receive RaftClientReply:client-C9E345EC67ED->244f13ac-34be-4c4e-8e45-0c0272edbbb2@group-FE77C852EF02, cid=748, SUCCESS, logIndex=915, commits[244f13ac-34be-4c4e-8e45-0c0272edbbb2:c916, 6287e41a-5356-4f55-84f2-270816d53e84:c914, a2c18d3d-e79d-47c9-88fe-d8a1d195302b:c914]
2019-08-23 11:31:26,269 | INFO  | DNAudit | user=null | ip=null | op=PUT_BLOCK {blockData=[blockId=conID: 3 locID: 102666068571390370 bcsId: 0,size=2097152]} | ret=SUCCESS |  
2019-08-23 11:31:26,269 | INFO  | DNAudit | user=null | ip=null | op=WRITE_CHUNK {blockData=conID: 3 locID: 102666068571390370 bcsId: 0} | ret=SUCCESS |  
2019-08-23 11:31:26,270 [grpc-default-executor-4] INFO  client.GrpcClientProtocolClient (GrpcClientProtocolClient.java:onNext(255)) - client-C9E345EC67ED->244f13ac-34be-4c4e-8e45-0c0272edbbb2: receive RaftClientReply:client-C9E345EC67ED->244f13ac-34be-4c4e-8e45-0c0272edbbb2@group-FE77C852EF02, cid=749, SUCCESS, logIndex=916, commits[244f13ac-34be-4c4e-8e45-0c0272edbbb2:c917, 6287e41a-5356-4f55-84f2-270816d53e84:c914, a2c18d3d-e79d-47c9-88fe-d8a1d195302b:c914]
2019-08-23 11:31:26,270 | INFO  | DNAudit | user=null | ip=null | op=PUT_BLOCK {blockData=[blockId=conID: 3 locID: 102666068571390370 bcsId: 0,size=1048576]} | ret=SUCCESS |  
2019-08-23 11:31:26,270 | INFO  | DNAudit | user=null | ip=null | op=WRITE_CHUNK {blockData=conID: 3 locID: 102666068571390370 bcsId: 0} | ret=SUCCESS |  
2019-08-23 11:31:26,270 [grpc-default-executor-4] INFO  client.GrpcClientProtocolClient (GrpcClientProtocolClient.java:onNext(255)) - client-C9E345EC67ED->244f13ac-34be-4c4e-8e45-0c0272edbbb2: receive RaftClientReply:client-C9E345EC67ED->244f13ac-34be-4c4e-8e45-0c0272edbbb2@group-FE77C852EF02, cid=750, SUCCESS, logIndex=917, commits[244f13ac-34be-4c4e-8e45-0c0272edbbb2:c918, 6287e41a-5356-4f55-84f2-270816d53e84:c914, a2c18d3d-e79d-47c9-88fe-d8a1d195302b:c914]
2019-08-23 11:31:26,270 | INFO  | DNAudit | user=null | ip=null | op=PUT_BLOCK {blockData=[blockId=conID: 3 locID: 102666068571390370 bcsId: 0,size=1048576]} | ret=SUCCESS |  
2019-08-23 11:31:26,270 [grpc-default-executor-4] INFO  client.GrpcClientProtocolClient (GrpcClientProtocolClient.java:onNext(255)) - client-C9E345EC67ED->244f13ac-34be-4c4e-8e45-0c0272edbbb2: receive RaftClientReply:client-C9E345EC67ED->244f13ac-34be-4c4e-8e45-0c0272edbbb2@group-FE77C852EF02, cid=751, SUCCESS, logIndex=918, commits[244f13ac-34be-4c4e-8e45-0c0272edbbb2:c918, 6287e41a-5356-4f55-84f2-270816d53e84:c915, a2c18d3d-e79d-47c9-88fe-d8a1d195302b:c914]
2019-08-23 11:31:26,271 | INFO  | DNAudit | user=null | ip=null | op=WRITE_CHUNK {blockData=conID: 3 locID: 102666068571390370 bcsId: 0} | ret=SUCCESS |  
2019-08-23 11:31:26,271 | INFO  | DNAudit | user=null | ip=null | op=PUT_BLOCK {blockData=[blockId=conID: 3 locID: 102666068571390370 bcsId: 0,size=2097152]} | ret=SUCCESS |  
2019-08-23 11:31:26,271 | INFO  | DNAudit | user=null | ip=null | op=WRITE_CHUNK {blockData=conID: 3 locID: 102666068571390370 bcsId: 0} | ret=SUCCESS |  
2019-08-23 11:31:26,271 | INFO  | DNAudit | user=null | ip=null | op=PUT_BLOCK {blockData=[blockId=conID: 3 locID: 102666068571390370 bcsId: 0,size=2097152]} | ret=SUCCESS |  
2019-08-23 11:31:26,272 [grpc-default-executor-4] INFO  client.GrpcClientProtocolClient (GrpcClientProtocolClient.java:onNext(255)) - client-C9E345EC67ED->244f13ac-34be-4c4e-8e45-0c0272edbbb2: receive RaftClientReply:client-C9E345EC67ED->244f13ac-34be-4c4e-8e45-0c0272edbbb2@group-FE77C852EF02, cid=752, SUCCESS, logIndex=0, commits[244f13ac-34be-4c4e-8e45-0c0272edbbb2:c922, 6287e41a-5356-4f55-84f2-270816d53e84:c918, a2c18d3d-e79d-47c9-88fe-d8a1d195302b:c917]
2019-08-23 11:31:26,282 | INFO  | DNAudit | user=null | ip=null | op=WRITE_CHUNK {blockData=conID: 3 locID: 102666068571390370 bcsId: 918} | ret=SUCCESS |  
2019-08-23 11:31:26,285 | INFO  | DNAudit | user=null | ip=null | op=WRITE_CHUNK {blockData=conID: 3 locID: 102666068571390370 bcsId: 918} | ret=SUCCESS |  
2019-08-23 11:31:26,285 | INFO  | DNAudit | user=null | ip=null | op=WRITE_CHUNK {blockData=conID: 3 locID: 102666068571390370 bcsId: 918} | ret=SUCCESS |  
2019-08-23 11:31:26,295 | INFO  | DNAudit | user=null | ip=null | op=WRITE_CHUNK {blockData=conID: 3 locID: 102666068571390370 bcsId: 918} | ret=SUCCESS |  
2019-08-23 11:31:26,295 | INFO  | DNAudit | user=null | ip=null | op=PUT_BLOCK {blockData=[blockId=conID: 3 locID: 102666068571390370 bcsId: 0,size=3145728]} | ret=SUCCESS |  
2019-08-23 11:31:26,296 [grpc-default-executor-2] INFO  client.GrpcClientProtocolClient (GrpcClientProtocolClient.java:onNext(255)) - client-C9E345EC67ED->244f13ac-34be-4c4e-8e45-0c0272edbbb2: receive RaftClientReply:client-C9E345EC67ED->244f13ac-34be-4c4e-8e45-0c0272edbbb2@group-FE77C852EF02, cid=753, SUCCESS, logIndex=923, commits[244f13ac-34be-4c4e-8e45-0c0272edbbb2:c924, 6287e41a-5356-4f55-84f2-270816d53e84:c922, a2c18d3d-e79d-47c9-88fe-d8a1d195302b:c922]
2019-08-23 11:31:26,296 [grpc-default-executor-2] INFO  client.GrpcClientProtocolClient (GrpcClientProtocolClient.java:onNext(255)) - client-C9E345EC67ED->244f13ac-34be-4c4e-8e45-0c0272edbbb2: receive RaftClientReply:client-C9E345EC67ED->244f13ac-34be-4c4e-8e45-0c0272edbbb2@group-FE77C852EF02, cid=754, SUCCESS, logIndex=924, commits[244f13ac-34be-4c4e-8e45-0c0272edbbb2:c924, 6287e41a-5356-4f55-84f2-270816d53e84:c922, a2c18d3d-e79d-47c9-88fe-d8a1d195302b:c922]
2019-08-23 11:31:26,306 | INFO  | DNAudit | user=null | ip=null | op=WRITE_CHUNK {blockData=conID: 3 locID: 102666068571390370 bcsId: 924} | ret=SUCCESS |  
2019-08-23 11:31:26,306 | INFO  | DNAudit | user=null | ip=null | op=WRITE_CHUNK {blockData=conID: 3 locID: 102666068571390370 bcsId: 918} | ret=SUCCESS |  
2019-08-23 11:31:26,306 | INFO  | DNAudit | user=null | ip=null | op=WRITE_CHUNK {blockData=conID: 3 locID: 102666068571390370 bcsId: 918} | ret=SUCCESS |  
2019-08-23 11:31:26,307 | INFO  | DNAudit | user=null | ip=null | op=PUT_BLOCK {blockData=[blockId=conID: 3 locID: 102666068571390370 bcsId: 0,size=3145728]} | ret=SUCCESS |  
2019-08-23 11:31:26,307 | INFO  | DNAudit | user=null | ip=null | op=PUT_BLOCK {blockData=[blockId=conID: 3 locID: 102666068571390370 bcsId: 0,size=3145728]} | ret=SUCCESS |  
2019-08-23 11:31:26,309 | INFO  | DNAudit | user=null | ip=null | op=WRITE_CHUNK {blockData=conID: 3 locID: 102666068571390370 bcsId: 924} | ret=SUCCESS |  
2019-08-23 11:31:26,309 | INFO  | DNAudit | user=null | ip=null | op=WRITE_CHUNK {blockData=conID: 3 locID: 102666068571390370 bcsId: 924} | ret=SUCCESS |  
2019-08-23 11:31:26,321 | INFO  | DNAudit | user=null | ip=null | op=WRITE_CHUNK {blockData=conID: 3 locID: 102666068571390370 bcsId: 924} | ret=SUCCESS |  
2019-08-23 11:31:26,322 | INFO  | DNAudit | user=null | ip=null | op=PUT_BLOCK {blockData=[blockId=conID: 3 locID: 102666068571390370 bcsId: 0,size=4194304]} | ret=SUCCESS |  
2019-08-23 11:31:26,322 | INFO  | DNAudit | user=null | ip=null | op=WRITE_CHUNK {blockData=conID: 3 locID: 102666068571390370 bcsId: 924} | ret=SUCCESS |  
2019-08-23 11:31:26,322 [grpc-default-executor-1] INFO  client.GrpcClientProtocolClient (GrpcClientProtocolClient.java:onNext(255)) - client-C9E345EC67ED->244f13ac-34be-4c4e-8e45-0c0272edbbb2: receive RaftClientReply:client-C9E345EC67ED->244f13ac-34be-4c4e-8e45-0c0272edbbb2@group-FE77C852EF02, cid=755, SUCCESS, logIndex=927, commits[244f13ac-34be-4c4e-8e45-0c0272edbbb2:c928, 6287e41a-5356-4f55-84f2-270816d53e84:c924, a2c18d3d-e79d-47c9-88fe-d8a1d195302b:c924]
2019-08-23 11:31:26,323 | INFO  | DNAudit | user=null | ip=null | op=WRITE_CHUNK {blockData=conID: 3 locID: 102666068571390370 bcsId: 924} | ret=SUCCESS |  
2019-08-23 11:31:26,323 [grpc-default-executor-1] INFO  client.GrpcClientProtocolClient (GrpcClientProtocolClient.java:onNext(255)) - client-C9E345EC67ED->244f13ac-34be-4c4e-8e45-0c0272edbbb2: receive RaftClientReply:client-C9E345EC67ED->244f13ac-34be-4c4e-8e45-0c0272edbbb2@group-FE77C852EF02, cid=756, SUCCESS, logIndex=928, commits[244f13ac-34be-4c4e-8e45-0c0272edbbb2:c928, 6287e41a-5356-4f55-84f2-270816d53e84:c924, a2c18d3d-e79d-47c9-88fe-d8a1d195302b:c924]
2019-08-23 11:31:26,323 | INFO  | DNAudit | user=null | ip=null | op=PUT_BLOCK {blockData=[blockId=conID: 3 locID: 102666068571390370 bcsId: 0,size=4194304]} | ret=SUCCESS |  
2019-08-23 11:31:26,324 | INFO  | DNAudit | user=null | ip=null | op=PUT_BLOCK {blockData=[blockId=conID: 3 locID: 102666068571390370 bcsId: 0,size=4194304]} | ret=SUCCESS |  
2019-08-23 11:31:26,325 [grpc-default-executor-1] INFO  client.GrpcClientProtocolClient (GrpcClientProtocolClient.java:onNext(255)) - client-C9E345EC67ED->244f13ac-34be-4c4e-8e45-0c0272edbbb2: receive RaftClientReply:client-C9E345EC67ED->244f13ac-34be-4c4e-8e45-0c0272edbbb2@group-FE77C852EF02, cid=757, SUCCESS, logIndex=0, commits[244f13ac-34be-4c4e-8e45-0c0272edbbb2:c930, 6287e41a-5356-4f55-84f2-270816d53e84:c928, a2c18d3d-e79d-47c9-88fe-d8a1d195302b:c928]
2019-08-23 11:31:26,334 | INFO  | DNAudit | user=null | ip=null | op=WRITE_CHUNK {blockData=conID: 1 locID: 102666068571390371 bcsId: 0} | ret=SUCCESS |  
2019-08-23 11:31:26,337 | INFO  | DNAudit | user=null | ip=null | op=WRITE_CHUNK {blockData=conID: 1 locID: 102666068571390371 bcsId: 0} | ret=SUCCESS |  
2019-08-23 11:31:26,337 | INFO  | DNAudit | user=null | ip=null | op=WRITE_CHUNK {blockData=conID: 1 locID: 102666068571390371 bcsId: 0} | ret=SUCCESS |  
2019-08-23 11:31:26,338 | INFO  | DNAudit | user=null | ip=null | op=WRITE_CHUNK {blockData=conID: 1 locID: 102666068571390371 bcsId: 0} | ret=SUCCESS |  
2019-08-23 11:31:26,340 | INFO  | DNAudit | user=null | ip=null | op=WRITE_CHUNK {blockData=conID: 1 locID: 102666068571390371 bcsId: 0} | ret=SUCCESS |  
2019-08-23 11:31:26,341 | INFO  | DNAudit | user=null | ip=null | op=WRITE_CHUNK {blockData=conID: 1 locID: 102666068571390371 bcsId: 0} | ret=SUCCESS |  
2019-08-23 11:31:26,345 | INFO  | DNAudit | user=null | ip=null | op=WRITE_CHUNK {blockData=conID: 1 locID: 102666068571390371 bcsId: 0} | ret=SUCCESS |  
2019-08-23 11:31:26,346 | INFO  | DNAudit | user=null | ip=null | op=PUT_BLOCK {blockData=[blockId=conID: 1 locID: 102666068571390371 bcsId: 0,size=1048576]} | ret=SUCCESS |  
2019-08-23 11:31:26,346 | INFO  | DNAudit | user=null | ip=null | op=WRITE_CHUNK {blockData=conID: 1 locID: 102666068571390371 bcsId: 0} | ret=SUCCESS |  
2019-08-23 11:31:26,347 | INFO  | DNAudit | user=null | ip=null | op=PUT_BLOCK {blockData=[blockId=conID: 1 locID: 102666068571390371 bcsId: 0,size=2097152]} | ret=SUCCESS |  
2019-08-23 11:31:26,347 [grpc-default-executor-1] INFO  client.GrpcClientProtocolClient (GrpcClientProtocolClient.java:onNext(255)) - client-C9E345EC67ED->244f13ac-34be-4c4e-8e45-0c0272edbbb2: receive RaftClientReply:client-C9E345EC67ED->244f13ac-34be-4c4e-8e45-0c0272edbbb2@group-FE77C852EF02, cid=758, SUCCESS, logIndex=931, commits[244f13ac-34be-4c4e-8e45-0c0272edbbb2:c932, 6287e41a-5356-4f55-84f2-270816d53e84:c930, a2c18d3d-e79d-47c9-88fe-d8a1d195302b:c930]
2019-08-23 11:31:26,349 | INFO  | DNAudit | user=null | ip=null | op=WRITE_CHUNK {blockData=conID: 1 locID: 102666068571390371 bcsId: 0} | ret=SUCCESS |  
2019-08-23 11:31:26,349 | INFO  | DNAudit | user=null | ip=null | op=WRITE_CHUNK {blockData=conID: 1 locID: 102666068571390371 bcsId: 0} | ret=SUCCESS |  
2019-08-23 11:31:26,350 | INFO  | DNAudit | user=null | ip=null | op=PUT_BLOCK {blockData=[blockId=conID: 1 locID: 102666068571390371 bcsId: 0,size=1048576]} | ret=SUCCESS |  
2019-08-23 11:31:26,350 [grpc-default-executor-1] INFO  client.GrpcClientProtocolClient (GrpcClientProtocolClient.java:onNext(255)) - client-C9E345EC67ED->244f13ac-34be-4c4e-8e45-0c0272edbbb2: receive RaftClientReply:client-C9E345EC67ED->244f13ac-34be-4c4e-8e45-0c0272edbbb2@group-FE77C852EF02, cid=759, SUCCESS, logIndex=932, commits[244f13ac-34be-4c4e-8e45-0c0272edbbb2:c933, 6287e41a-5356-4f55-84f2-270816d53e84:c930, a2c18d3d-e79d-47c9-88fe-d8a1d195302b:c930]
2019-08-23 11:31:26,350 | INFO  | DNAudit | user=null | ip=null | op=PUT_BLOCK {blockData=[blockId=conID: 1 locID: 102666068571390371 bcsId: 0,size=1048576]} | ret=SUCCESS |  
2019-08-23 11:31:26,350 [grpc-default-executor-1] INFO  client.GrpcClientProtocolClient (GrpcClientProtocolClient.java:onNext(255)) - client-C9E345EC67ED->244f13ac-34be-4c4e-8e45-0c0272edbbb2: receive RaftClientReply:client-C9E345EC67ED->244f13ac-34be-4c4e-8e45-0c0272edbbb2@group-FE77C852EF02, cid=760, SUCCESS, logIndex=933, commits[244f13ac-34be-4c4e-8e45-0c0272edbbb2:c934, 6287e41a-5356-4f55-84f2-270816d53e84:c930, a2c18d3d-e79d-47c9-88fe-d8a1d195302b:c930]
2019-08-23 11:31:26,351 [grpc-default-executor-1] INFO  client.GrpcClientProtocolClient (GrpcClientProtocolClient.java:onNext(255)) - client-C9E345EC67ED->244f13ac-34be-4c4e-8e45-0c0272edbbb2: receive RaftClientReply:client-C9E345EC67ED->244f13ac-34be-4c4e-8e45-0c0272edbbb2@group-FE77C852EF02, cid=761, SUCCESS, logIndex=934, commits[244f13ac-34be-4c4e-8e45-0c0272edbbb2:c934, 6287e41a-5356-4f55-84f2-270816d53e84:c930, a2c18d3d-e79d-47c9-88fe-d8a1d195302b:c930]
2019-08-23 11:31:26,352 [grpc-default-executor-1] INFO  client.GrpcClientProtocolClient (GrpcClientProtocolClient.java:onNext(255)) - client-C9E345EC67ED->244f13ac-34be-4c4e-8e45-0c0272edbbb2: receive RaftClientReply:client-C9E345EC67ED->244f13ac-34be-4c4e-8e45-0c0272edbbb2@group-FE77C852EF02, cid=762, SUCCESS, logIndex=0, commits[244f13ac-34be-4c4e-8e45-0c0272edbbb2:c936, 6287e41a-5356-4f55-84f2-270816d53e84:c932, a2c18d3d-e79d-47c9-88fe-d8a1d195302b:c932]
2019-08-23 11:31:26,358 | INFO  | DNAudit | user=null | ip=null | op=WRITE_CHUNK {blockData=conID: 1 locID: 102666068571390371 bcsId: 0} | ret=SUCCESS |  
2019-08-23 11:31:26,359 | INFO  | DNAudit | user=null | ip=null | op=PUT_BLOCK {blockData=[blockId=conID: 1 locID: 102666068571390371 bcsId: 0,size=2097152]} | ret=SUCCESS |  
2019-08-23 11:31:26,359 | INFO  | DNAudit | user=null | ip=null | op=WRITE_CHUNK {blockData=conID: 1 locID: 102666068571390371 bcsId: 0} | ret=SUCCESS |  
2019-08-23 11:31:26,359 | INFO  | DNAudit | user=null | ip=null | op=PUT_BLOCK {blockData=[blockId=conID: 1 locID: 102666068571390371 bcsId: 0,size=2097152]} | ret=SUCCESS |  
2019-08-23 11:31:26,361 | INFO  | DNAudit | user=null | ip=null | op=WRITE_CHUNK {blockData=conID: 1 locID: 102666068571390371 bcsId: 934} | ret=SUCCESS |  
2019-08-23 11:31:26,365 | INFO  | DNAudit | user=null | ip=null | op=WRITE_CHUNK {blockData=conID: 1 locID: 102666068571390371 bcsId: 934} | ret=SUCCESS |  
2019-08-23 11:31:26,365 | INFO  | DNAudit | user=null | ip=null | op=WRITE_CHUNK {blockData=conID: 1 locID: 102666068571390371 bcsId: 934} | ret=SUCCESS |  
2019-08-23 11:31:26,375 | INFO  | DNAudit | user=null | ip=null | op=WRITE_CHUNK {blockData=conID: 1 locID: 102666068571390371 bcsId: 934} | ret=SUCCESS |  
2019-08-23 11:31:26,376 | INFO  | DNAudit | user=null | ip=null | op=PUT_BLOCK {blockData=[blockId=conID: 1 locID: 102666068571390371 bcsId: 0,size=3145728]} | ret=SUCCESS |  
2019-08-23 11:31:26,376 [grpc-default-executor-1] INFO  client.GrpcClientProtocolClient (GrpcClientProtocolClient.java:onNext(255)) - client-C9E345EC67ED->244f13ac-34be-4c4e-8e45-0c0272edbbb2: receive RaftClientReply:client-C9E345EC67ED->244f13ac-34be-4c4e-8e45-0c0272edbbb2@group-FE77C852EF02, cid=763, SUCCESS, logIndex=939, commits[244f13ac-34be-4c4e-8e45-0c0272edbbb2:c940, 6287e41a-5356-4f55-84f2-270816d53e84:c938, a2c18d3d-e79d-47c9-88fe-d8a1d195302b:c934]
2019-08-23 11:31:26,377 [grpc-default-executor-1] INFO  client.GrpcClientProtocolClient (GrpcClientProtocolClient.java:onNext(255)) - client-C9E345EC67ED->244f13ac-34be-4c4e-8e45-0c0272edbbb2: receive RaftClientReply:client-C9E345EC67ED->244f13ac-34be-4c4e-8e45-0c0272edbbb2@group-FE77C852EF02, cid=764, SUCCESS, logIndex=940, commits[244f13ac-34be-4c4e-8e45-0c0272edbbb2:c940, 6287e41a-5356-4f55-84f2-270816d53e84:c938, a2c18d3d-e79d-47c9-88fe-d8a1d195302b:c938]
2019-08-23 11:31:26,385 | INFO  | DNAudit | user=null | ip=null | op=WRITE_CHUNK {blockData=conID: 1 locID: 102666068571390371 bcsId: 940} | ret=SUCCESS |  
2019-08-23 11:31:26,385 | INFO  | DNAudit | user=null | ip=null | op=WRITE_CHUNK {blockData=conID: 1 locID: 102666068571390371 bcsId: 934} | ret=SUCCESS |  
2019-08-23 11:31:26,385 | INFO  | DNAudit | user=null | ip=null | op=WRITE_CHUNK {blockData=conID: 1 locID: 102666068571390371 bcsId: 934} | ret=SUCCESS |  
2019-08-23 11:31:26,386 | INFO  | DNAudit | user=null | ip=null | op=PUT_BLOCK {blockData=[blockId=conID: 1 locID: 102666068571390371 bcsId: 0,size=3145728]} | ret=SUCCESS |  
2019-08-23 11:31:26,386 | INFO  | DNAudit | user=null | ip=null | op=PUT_BLOCK {blockData=[blockId=conID: 1 locID: 102666068571390371 bcsId: 0,size=3145728]} | ret=SUCCESS |  
2019-08-23 11:31:26,387 | INFO  | DNAudit | user=null | ip=null | op=WRITE_CHUNK {blockData=conID: 1 locID: 102666068571390371 bcsId: 940} | ret=SUCCESS |  
2019-08-23 11:31:26,389 | INFO  | DNAudit | user=null | ip=null | op=WRITE_CHUNK {blockData=conID: 1 locID: 102666068571390371 bcsId: 940} | ret=SUCCESS |  
2019-08-23 11:31:26,398 | INFO  | DNAudit | user=null | ip=null | op=WRITE_CHUNK {blockData=conID: 1 locID: 102666068571390371 bcsId: 940} | ret=SUCCESS |  
2019-08-23 11:31:26,399 | INFO  | DNAudit | user=null | ip=null | op=PUT_BLOCK {blockData=[blockId=conID: 1 locID: 102666068571390371 bcsId: 0,size=4194304]} | ret=SUCCESS |  
2019-08-23 11:31:26,399 [grpc-default-executor-4] INFO  client.GrpcClientProtocolClient (GrpcClientProtocolClient.java:onNext(255)) - client-C9E345EC67ED->244f13ac-34be-4c4e-8e45-0c0272edbbb2: receive RaftClientReply:client-C9E345EC67ED->244f13ac-34be-4c4e-8e45-0c0272edbbb2@group-FE77C852EF02, cid=765, SUCCESS, logIndex=943, commits[244f13ac-34be-4c4e-8e45-0c0272edbbb2:c944, 6287e41a-5356-4f55-84f2-270816d53e84:c940, a2c18d3d-e79d-47c9-88fe-d8a1d195302b:c940]
2019-08-23 11:31:26,399 [grpc-default-executor-4] INFO  client.GrpcClientProtocolClient (GrpcClientProtocolClient.java:onNext(255)) - client-C9E345EC67ED->244f13ac-34be-4c4e-8e45-0c0272edbbb2: receive RaftClientReply:client-C9E345EC67ED->244f13ac-34be-4c4e-8e45-0c0272edbbb2@group-FE77C852EF02, cid=766, SUCCESS, logIndex=944, commits[244f13ac-34be-4c4e-8e45-0c0272edbbb2:c944, 6287e41a-5356-4f55-84f2-270816d53e84:c940, a2c18d3d-e79d-47c9-88fe-d8a1d195302b:c940]
2019-08-23 11:31:26,416 | INFO  | DNAudit | user=null | ip=null | op=WRITE_CHUNK {blockData=conID: 1 locID: 102666068571390371 bcsId: 940} | ret=SUCCESS |  
2019-08-23 11:31:26,416 | INFO  | DNAudit | user=null | ip=null | op=WRITE_CHUNK {blockData=conID: 1 locID: 102666068571390371 bcsId: 940} | ret=SUCCESS |  
2019-08-23 11:31:26,417 | INFO  | DNAudit | user=null | ip=null | op=PUT_BLOCK {blockData=[blockId=conID: 1 locID: 102666068571390371 bcsId: 0,size=4194304]} | ret=SUCCESS |  
2019-08-23 11:31:26,418 | INFO  | DNAudit | user=null | ip=null | op=PUT_BLOCK {blockData=[blockId=conID: 1 locID: 102666068571390371 bcsId: 0,size=4194304]} | ret=SUCCESS |  
2019-08-23 11:31:26,418 [grpc-default-executor-4] INFO  client.GrpcClientProtocolClient (GrpcClientProtocolClient.java:onNext(255)) - client-C9E345EC67ED->244f13ac-34be-4c4e-8e45-0c0272edbbb2: receive RaftClientReply:client-C9E345EC67ED->244f13ac-34be-4c4e-8e45-0c0272edbbb2@group-FE77C852EF02, cid=767, SUCCESS, logIndex=0, commits[244f13ac-34be-4c4e-8e45-0c0272edbbb2:c946, 6287e41a-5356-4f55-84f2-270816d53e84:c944, a2c18d3d-e79d-47c9-88fe-d8a1d195302b:c944]
2019-08-23 11:31:26,427 | INFO  | DNAudit | user=null | ip=null | op=WRITE_CHUNK {blockData=conID: 2 locID: 102666068571455908 bcsId: 0} | ret=SUCCESS |  
2019-08-23 11:31:26,430 | INFO  | DNAudit | user=null | ip=null | op=WRITE_CHUNK {blockData=conID: 2 locID: 102666068571455908 bcsId: 0} | ret=SUCCESS |  
2019-08-23 11:31:26,430 | INFO  | DNAudit | user=null | ip=null | op=WRITE_CHUNK {blockData=conID: 2 locID: 102666068571455908 bcsId: 0} | ret=SUCCESS |  
2019-08-23 11:31:26,433 | INFO  | DNAudit | user=null | ip=null | op=WRITE_CHUNK {blockData=conID: 2 locID: 102666068571455908 bcsId: 0} | ret=SUCCESS |  
2019-08-23 11:31:26,433 | INFO  | DNAudit | user=null | ip=null | op=WRITE_CHUNK {blockData=conID: 2 locID: 102666068571455908 bcsId: 0} | ret=SUCCESS |  
2019-08-23 11:31:26,433 | INFO  | DNAudit | user=null | ip=null | op=PUT_BLOCK {blockData=[blockId=conID: 2 locID: 102666068571455908 bcsId: 0,size=1048576]} | ret=SUCCESS |  
2019-08-23 11:31:26,434 [grpc-default-executor-4] INFO  client.GrpcClientProtocolClient (GrpcClientProtocolClient.java:onNext(255)) - client-C9E345EC67ED->244f13ac-34be-4c4e-8e45-0c0272edbbb2: receive RaftClientReply:client-C9E345EC67ED->244f13ac-34be-4c4e-8e45-0c0272edbbb2@group-FE77C852EF02, cid=768, SUCCESS, logIndex=947, commits[244f13ac-34be-4c4e-8e45-0c0272edbbb2:c948, 6287e41a-5356-4f55-84f2-270816d53e84:c946, a2c18d3d-e79d-47c9-88fe-d8a1d195302b:c946]
2019-08-23 11:31:26,434 [grpc-default-executor-4] INFO  client.GrpcClientProtocolClient (GrpcClientProtocolClient.java:onNext(255)) - client-C9E345EC67ED->244f13ac-34be-4c4e-8e45-0c0272edbbb2: receive RaftClientReply:client-C9E345EC67ED->244f13ac-34be-4c4e-8e45-0c0272edbbb2@group-FE77C852EF02, cid=769, SUCCESS, logIndex=948, commits[244f13ac-34be-4c4e-8e45-0c0272edbbb2:c948, 6287e41a-5356-4f55-84f2-270816d53e84:c946, a2c18d3d-e79d-47c9-88fe-d8a1d195302b:c946]
2019-08-23 11:31:26,435 | INFO  | DNAudit | user=null | ip=null | op=WRITE_CHUNK {blockData=conID: 2 locID: 102666068571455908 bcsId: 0} | ret=SUCCESS |  
2019-08-23 11:31:26,435 | INFO  | DNAudit | user=null | ip=null | op=WRITE_CHUNK {blockData=conID: 2 locID: 102666068571455908 bcsId: 0} | ret=SUCCESS |  
2019-08-23 11:31:26,445 | INFO  | DNAudit | user=null | ip=null | op=WRITE_CHUNK {blockData=conID: 2 locID: 102666068571455908 bcsId: 0} | ret=SUCCESS |  
2019-08-23 11:31:26,445 | INFO  | DNAudit | user=null | ip=null | op=WRITE_CHUNK {blockData=conID: 2 locID: 102666068571455908 bcsId: 0} | ret=SUCCESS |  
2019-08-23 11:31:26,445 | INFO  | DNAudit | user=null | ip=null | op=WRITE_CHUNK {blockData=conID: 2 locID: 102666068571455908 bcsId: 0} | ret=SUCCESS |  
2019-08-23 11:31:26,446 | INFO  | DNAudit | user=null | ip=null | op=PUT_BLOCK {blockData=[blockId=conID: 2 locID: 102666068571455908 bcsId: 0,size=1048576]} | ret=SUCCESS |  
2019-08-23 11:31:26,446 | INFO  | DNAudit | user=null | ip=null | op=PUT_BLOCK {blockData=[blockId=conID: 2 locID: 102666068571455908 bcsId: 0,size=1048576]} | ret=SUCCESS |  
2019-08-23 11:31:26,446 | INFO  | DNAudit | user=null | ip=null | op=PUT_BLOCK {blockData=[blockId=conID: 2 locID: 102666068571455908 bcsId: 0,size=2097152]} | ret=SUCCESS |  
2019-08-23 11:31:26,447 [grpc-default-executor-4] INFO  client.GrpcClientProtocolClient (GrpcClientProtocolClient.java:onNext(255)) - client-C9E345EC67ED->244f13ac-34be-4c4e-8e45-0c0272edbbb2: receive RaftClientReply:client-C9E345EC67ED->244f13ac-34be-4c4e-8e45-0c0272edbbb2@group-FE77C852EF02, cid=770, SUCCESS, logIndex=949, commits[244f13ac-34be-4c4e-8e45-0c0272edbbb2:c951, 6287e41a-5356-4f55-84f2-270816d53e84:c947, a2c18d3d-e79d-47c9-88fe-d8a1d195302b:c946]
2019-08-23 11:31:26,447 [grpc-default-executor-4] INFO  client.GrpcClientProtocolClient (GrpcClientProtocolClient.java:onNext(255)) - client-C9E345EC67ED->244f13ac-34be-4c4e-8e45-0c0272edbbb2: receive RaftClientReply:client-C9E345EC67ED->244f13ac-34be-4c4e-8e45-0c0272edbbb2@group-FE77C852EF02, cid=771, SUCCESS, logIndex=950, commits[244f13ac-34be-4c4e-8e45-0c0272edbbb2:c952, 6287e41a-5356-4f55-84f2-270816d53e84:c947, a2c18d3d-e79d-47c9-88fe-d8a1d195302b:c948]
2019-08-23 11:31:26,449 [grpc-default-executor-4] INFO  client.GrpcClientProtocolClient (GrpcClientProtocolClient.java:onNext(255)) - client-C9E345EC67ED->244f13ac-34be-4c4e-8e45-0c0272edbbb2: receive RaftClientReply:client-C9E345EC67ED->244f13ac-34be-4c4e-8e45-0c0272edbbb2@group-FE77C852EF02, cid=772, SUCCESS, logIndex=0, commits[244f13ac-34be-4c4e-8e45-0c0272edbbb2:c952, 6287e41a-5356-4f55-84f2-270816d53e84:c948, a2c18d3d-e79d-47c9-88fe-d8a1d195302b:c948]
2019-08-23 11:31:26,456 | INFO  | DNAudit | user=null | ip=null | op=WRITE_CHUNK {blockData=conID: 2 locID: 102666068571455908 bcsId: 950} | ret=SUCCESS |  
2019-08-23 11:31:26,457 | INFO  | DNAudit | user=null | ip=null | op=WRITE_CHUNK {blockData=conID: 2 locID: 102666068571455908 bcsId: 0} | ret=SUCCESS |  
2019-08-23 11:31:26,457 | INFO  | DNAudit | user=null | ip=null | op=WRITE_CHUNK {blockData=conID: 2 locID: 102666068571455908 bcsId: 0} | ret=SUCCESS |  
2019-08-23 11:31:26,458 | INFO  | DNAudit | user=null | ip=null | op=PUT_BLOCK {blockData=[blockId=conID: 2 locID: 102666068571455908 bcsId: 0,size=2097152]} | ret=SUCCESS |  
2019-08-23 11:31:26,458 | INFO  | DNAudit | user=null | ip=null | op=PUT_BLOCK {blockData=[blockId=conID: 2 locID: 102666068571455908 bcsId: 0,size=2097152]} | ret=SUCCESS |  
2019-08-23 11:31:26,459 | INFO  | DNAudit | user=null | ip=null | op=WRITE_CHUNK {blockData=conID: 2 locID: 102666068571455908 bcsId: 950} | ret=SUCCESS |  
2019-08-23 11:31:26,459 | INFO  | DNAudit | user=null | ip=null | op=WRITE_CHUNK {blockData=conID: 2 locID: 102666068571455908 bcsId: 950} | ret=SUCCESS |  
2019-08-23 11:31:26,469 | INFO  | SCMAudit | user=jenkins1000 | ip=192.168.5.185 | op=SEND_HEARTBEAT {datanodeUUID=b2c34899-c5c3-4720-9d95-984efeabf4a7, command=[]} | ret=SUCCESS |  
2019-08-23 11:31:26,471 | INFO  | DNAudit | user=null | ip=null | op=WRITE_CHUNK {blockData=conID: 2 locID: 102666068571455908 bcsId: 950} | ret=SUCCESS |  
2019-08-23 11:31:26,471 | INFO  | DNAudit | user=null | ip=null | op=PUT_BLOCK {blockData=[blockId=conID: 2 locID: 102666068571455908 bcsId: 0,size=3145728]} | ret=SUCCESS |  
2019-08-23 11:31:26,471 [grpc-default-executor-5] INFO  client.GrpcClientProtocolClient (GrpcClientProtocolClient.java:onNext(255)) - client-C9E345EC67ED->244f13ac-34be-4c4e-8e45-0c0272edbbb2: receive RaftClientReply:client-C9E345EC67ED->244f13ac-34be-4c4e-8e45-0c0272edbbb2@group-FE77C852EF02, cid=773, SUCCESS, logIndex=955, commits[244f13ac-34be-4c4e-8e45-0c0272edbbb2:c956, 6287e41a-5356-4f55-84f2-270816d53e84:c950, a2c18d3d-e79d-47c9-88fe-d8a1d195302b:c952]
2019-08-23 11:31:26,472 [grpc-default-executor-5] INFO  client.GrpcClientProtocolClient (GrpcClientProtocolClient.java:onNext(255)) - client-C9E345EC67ED->244f13ac-34be-4c4e-8e45-0c0272edbbb2: receive RaftClientReply:client-C9E345EC67ED->244f13ac-34be-4c4e-8e45-0c0272edbbb2@group-FE77C852EF02, cid=774, SUCCESS, logIndex=956, commits[244f13ac-34be-4c4e-8e45-0c0272edbbb2:c956, 6287e41a-5356-4f55-84f2-270816d53e84:c952, a2c18d3d-e79d-47c9-88fe-d8a1d195302b:c952]
2019-08-23 11:31:26,472 | INFO  | DNAudit | user=null | ip=null | op=WRITE_CHUNK {blockData=conID: 2 locID: 102666068571455908 bcsId: 950} | ret=SUCCESS |  
2019-08-23 11:31:26,472 | INFO  | DNAudit | user=null | ip=null | op=PUT_BLOCK {blockData=[blockId=conID: 2 locID: 102666068571455908 bcsId: 0,size=3145728]} | ret=SUCCESS |  
2019-08-23 11:31:26,474 | INFO  | DNAudit | user=null | ip=null | op=WRITE_CHUNK {blockData=conID: 2 locID: 102666068571455908 bcsId: 950} | ret=SUCCESS |  
2019-08-23 11:31:26,474 | INFO  | DNAudit | user=null | ip=null | op=PUT_BLOCK {blockData=[blockId=conID: 2 locID: 102666068571455908 bcsId: 0,size=3145728]} | ret=SUCCESS |  
2019-08-23 11:31:26,479 | INFO  | DNAudit | user=null | ip=null | op=WRITE_CHUNK {blockData=conID: 2 locID: 102666068571455908 bcsId: 956} | ret=SUCCESS |  
2019-08-23 11:31:26,481 | INFO  | DNAudit | user=null | ip=null | op=WRITE_CHUNK {blockData=conID: 2 locID: 102666068571455908 bcsId: 956} | ret=SUCCESS |  
2019-08-23 11:31:26,481 | INFO  | DNAudit | user=null | ip=null | op=WRITE_CHUNK {blockData=conID: 2 locID: 102666068571455908 bcsId: 956} | ret=SUCCESS |  
2019-08-23 11:31:26,487 | INFO  | DNAudit | user=null | ip=null | op=WRITE_CHUNK {blockData=conID: 2 locID: 102666068571455908 bcsId: 956} | ret=SUCCESS |  
2019-08-23 11:31:26,487 | INFO  | DNAudit | user=null | ip=null | op=PUT_BLOCK {blockData=[blockId=conID: 2 locID: 102666068571455908 bcsId: 0,size=4194304]} | ret=SUCCESS |  
2019-08-23 11:31:26,488 [grpc-default-executor-5] INFO  client.GrpcClientProtocolClient (GrpcClientProtocolClient.java:onNext(255)) - client-C9E345EC67ED->244f13ac-34be-4c4e-8e45-0c0272edbbb2: receive RaftClientReply:client-C9E345EC67ED->244f13ac-34be-4c4e-8e45-0c0272edbbb2@group-FE77C852EF02, cid=775, SUCCESS, logIndex=959, commits[244f13ac-34be-4c4e-8e45-0c0272edbbb2:c960, 6287e41a-5356-4f55-84f2-270816d53e84:c957, a2c18d3d-e79d-47c9-88fe-d8a1d195302b:c957]
2019-08-23 11:31:26,488 | INFO  | DNAudit | user=null | ip=null | op=WRITE_CHUNK {blockData=conID: 2 locID: 102666068571455908 bcsId: 956} | ret=SUCCESS |  
2019-08-23 11:31:26,488 [grpc-default-executor-5] INFO  client.GrpcClientProtocolClient (GrpcClientProtocolClient.java:onNext(255)) - client-C9E345EC67ED->244f13ac-34be-4c4e-8e45-0c0272edbbb2: receive RaftClientReply:client-C9E345EC67ED->244f13ac-34be-4c4e-8e45-0c0272edbbb2@group-FE77C852EF02, cid=776, SUCCESS, logIndex=960, commits[244f13ac-34be-4c4e-8e45-0c0272edbbb2:c960, 6287e41a-5356-4f55-84f2-270816d53e84:c957, a2c18d3d-e79d-47c9-88fe-d8a1d195302b:c957]
2019-08-23 11:31:26,489 | INFO  | DNAudit | user=null | ip=null | op=PUT_BLOCK {blockData=[blockId=conID: 2 locID: 102666068571455908 bcsId: 0,size=4194304]} | ret=SUCCESS |  
2019-08-23 11:31:26,489 | INFO  | DNAudit | user=null | ip=null | op=WRITE_CHUNK {blockData=conID: 2 locID: 102666068571455908 bcsId: 956} | ret=SUCCESS |  
2019-08-23 11:31:26,489 | INFO  | DNAudit | user=null | ip=null | op=PUT_BLOCK {blockData=[blockId=conID: 2 locID: 102666068571455908 bcsId: 0,size=4194304]} | ret=SUCCESS |  
2019-08-23 11:31:26,490 [grpc-default-executor-4] INFO  client.GrpcClientProtocolClient (GrpcClientProtocolClient.java:onNext(255)) - client-C9E345EC67ED->244f13ac-34be-4c4e-8e45-0c0272edbbb2: receive RaftClientReply:client-C9E345EC67ED->244f13ac-34be-4c4e-8e45-0c0272edbbb2@group-FE77C852EF02, cid=777, SUCCESS, logIndex=0, commits[244f13ac-34be-4c4e-8e45-0c0272edbbb2:c961, 6287e41a-5356-4f55-84f2-270816d53e84:c960, a2c18d3d-e79d-47c9-88fe-d8a1d195302b:c960]
2019-08-23 11:31:26,496 | INFO  | SCMAudit | user=jenkins1000 | ip=192.168.5.185 | op=SEND_HEARTBEAT {datanodeUUID=0d166765-8492-4439-8677-f737a7bc54ca, command=[]} | ret=SUCCESS |  
2019-08-23 11:31:26,496 | INFO  | DNAudit | user=null | ip=null | op=WRITE_CHUNK {blockData=conID: 3 locID: 102666068571455909 bcsId: 0} | ret=SUCCESS |  
2019-08-23 11:31:26,499 | INFO  | DNAudit | user=null | ip=null | op=WRITE_CHUNK {blockData=conID: 3 locID: 102666068571455909 bcsId: 0} | ret=SUCCESS |  
2019-08-23 11:31:26,500 | INFO  | DNAudit | user=null | ip=null | op=WRITE_CHUNK {blockData=conID: 3 locID: 102666068571455909 bcsId: 0} | ret=SUCCESS |  
2019-08-23 11:31:26,500 | INFO  | DNAudit | user=null | ip=null | op=WRITE_CHUNK {blockData=conID: 3 locID: 102666068571455909 bcsId: 0} | ret=SUCCESS |  
2019-08-23 11:31:26,502 | INFO  | DNAudit | user=null | ip=null | op=WRITE_CHUNK {blockData=conID: 3 locID: 102666068571455909 bcsId: 0} | ret=SUCCESS |  
2019-08-23 11:31:26,502 | INFO  | DNAudit | user=null | ip=null | op=WRITE_CHUNK {blockData=conID: 3 locID: 102666068571455909 bcsId: 0} | ret=SUCCESS |  
2019-08-23 11:31:26,508 | INFO  | DNAudit | user=null | ip=null | op=WRITE_CHUNK {blockData=conID: 3 locID: 102666068571455909 bcsId: 0} | ret=SUCCESS |  
2019-08-23 11:31:26,509 | INFO  | DNAudit | user=null | ip=null | op=PUT_BLOCK {blockData=[blockId=conID: 3 locID: 102666068571455909 bcsId: 0,size=1048576]} | ret=SUCCESS |  
2019-08-23 11:31:26,510 | INFO  | DNAudit | user=null | ip=null | op=WRITE_CHUNK {blockData=conID: 3 locID: 102666068571455909 bcsId: 0} | ret=SUCCESS |  
2019-08-23 11:31:26,509 [grpc-default-executor-4] INFO  client.GrpcClientProtocolClient (GrpcClientProtocolClient.java:onNext(255)) - client-C9E345EC67ED->244f13ac-34be-4c4e-8e45-0c0272edbbb2: receive RaftClientReply:client-C9E345EC67ED->244f13ac-34be-4c4e-8e45-0c0272edbbb2@group-FE77C852EF02, cid=778, SUCCESS, logIndex=963, commits[244f13ac-34be-4c4e-8e45-0c0272edbbb2:c964, 6287e41a-5356-4f55-84f2-270816d53e84:c962, a2c18d3d-e79d-47c9-88fe-d8a1d195302b:c962]
2019-08-23 11:31:26,510 | INFO  | DNAudit | user=null | ip=null | op=PUT_BLOCK {blockData=[blockId=conID: 3 locID: 102666068571455909 bcsId: 0,size=2097152]} | ret=SUCCESS |  
2019-08-23 11:31:26,510 [grpc-default-executor-4] INFO  client.GrpcClientProtocolClient (GrpcClientProtocolClient.java:onNext(255)) - client-C9E345EC67ED->244f13ac-34be-4c4e-8e45-0c0272edbbb2: receive RaftClientReply:client-C9E345EC67ED->244f13ac-34be-4c4e-8e45-0c0272edbbb2@group-FE77C852EF02, cid=779, SUCCESS, logIndex=964, commits[244f13ac-34be-4c4e-8e45-0c0272edbbb2:c966, 6287e41a-5356-4f55-84f2-270816d53e84:c962, a2c18d3d-e79d-47c9-88fe-d8a1d195302b:c962]
2019-08-23 11:31:26,510 | INFO  | DNAudit | user=null | ip=null | op=WRITE_CHUNK {blockData=conID: 3 locID: 102666068571455909 bcsId: 0} | ret=SUCCESS |  
2019-08-23 11:31:26,510 | INFO  | DNAudit | user=null | ip=null | op=WRITE_CHUNK {blockData=conID: 3 locID: 102666068571455909 bcsId: 0} | ret=SUCCESS |  
2019-08-23 11:31:26,510 [grpc-default-executor-4] INFO  client.GrpcClientProtocolClient (GrpcClientProtocolClient.java:onNext(255)) - client-C9E345EC67ED->244f13ac-34be-4c4e-8e45-0c0272edbbb2: receive RaftClientReply:client-C9E345EC67ED->244f13ac-34be-4c4e-8e45-0c0272edbbb2@group-FE77C852EF02, cid=780, SUCCESS, logIndex=965, commits[244f13ac-34be-4c4e-8e45-0c0272edbbb2:c966, 6287e41a-5356-4f55-84f2-270816d53e84:c962, a2c18d3d-e79d-47c9-88fe-d8a1d195302b:c962]
2019-08-23 11:31:26,511 | INFO  | DNAudit | user=null | ip=null | op=PUT_BLOCK {blockData=[blockId=conID: 3 locID: 102666068571455909 bcsId: 0,size=1048576]} | ret=SUCCESS |  
2019-08-23 11:31:26,511 [grpc-default-executor-4] INFO  client.GrpcClientProtocolClient (GrpcClientProtocolClient.java:onNext(255)) - client-C9E345EC67ED->244f13ac-34be-4c4e-8e45-0c0272edbbb2: receive RaftClientReply:client-C9E345EC67ED->244f13ac-34be-4c4e-8e45-0c0272edbbb2@group-FE77C852EF02, cid=781, SUCCESS, logIndex=966, commits[244f13ac-34be-4c4e-8e45-0c0272edbbb2:c966, 6287e41a-5356-4f55-84f2-270816d53e84:c962, a2c18d3d-e79d-47c9-88fe-d8a1d195302b:c962]
2019-08-23 11:31:26,511 | INFO  | DNAudit | user=null | ip=null | op=WRITE_CHUNK {blockData=conID: 3 locID: 102666068571455909 bcsId: 0} | ret=SUCCESS |  
2019-08-23 11:31:26,512 | INFO  | DNAudit | user=null | ip=null | op=PUT_BLOCK {blockData=[blockId=conID: 3 locID: 102666068571455909 bcsId: 0,size=1048576]} | ret=SUCCESS |  
2019-08-23 11:31:26,512 | INFO  | DNAudit | user=null | ip=null | op=PUT_BLOCK {blockData=[blockId=conID: 3 locID: 102666068571455909 bcsId: 0,size=2097152]} | ret=SUCCESS |  
2019-08-23 11:31:26,512 | INFO  | DNAudit | user=null | ip=null | op=WRITE_CHUNK {blockData=conID: 3 locID: 102666068571455909 bcsId: 0} | ret=SUCCESS |  
2019-08-23 11:31:26,516 | INFO  | DNAudit | user=null | ip=null | op=PUT_BLOCK {blockData=[blockId=conID: 3 locID: 102666068571455909 bcsId: 0,size=2097152]} | ret=SUCCESS |  
2019-08-23 11:31:26,516 [grpc-default-executor-2] INFO  client.GrpcClientProtocolClient (GrpcClientProtocolClient.java:onNext(255)) - client-C9E345EC67ED->244f13ac-34be-4c4e-8e45-0c0272edbbb2: receive RaftClientReply:client-C9E345EC67ED->244f13ac-34be-4c4e-8e45-0c0272edbbb2@group-FE77C852EF02, cid=782, SUCCESS, logIndex=0, commits[244f13ac-34be-4c4e-8e45-0c0272edbbb2:c969, 6287e41a-5356-4f55-84f2-270816d53e84:c965, a2c18d3d-e79d-47c9-88fe-d8a1d195302b:c964]
2019-08-23 11:31:26,524 | INFO  | DNAudit | user=null | ip=null | op=WRITE_CHUNK {blockData=conID: 3 locID: 102666068571455909 bcsId: 966} | ret=SUCCESS |  
2019-08-23 11:31:26,527 | INFO  | DNAudit | user=null | ip=null | op=WRITE_CHUNK {blockData=conID: 3 locID: 102666068571455909 bcsId: 966} | ret=SUCCESS |  
2019-08-23 11:31:26,527 | INFO  | DNAudit | user=null | ip=null | op=WRITE_CHUNK {blockData=conID: 3 locID: 102666068571455909 bcsId: 966} | ret=SUCCESS |  
2019-08-23 11:31:26,537 | INFO  | DNAudit | user=null | ip=null | op=WRITE_CHUNK {blockData=conID: 3 locID: 102666068571455909 bcsId: 966} | ret=SUCCESS |  
2019-08-23 11:31:26,537 | INFO  | DNAudit | user=null | ip=null | op=PUT_BLOCK {blockData=[blockId=conID: 3 locID: 102666068571455909 bcsId: 0,size=3145728]} | ret=SUCCESS |  
2019-08-23 11:31:26,537 [grpc-default-executor-4] INFO  client.GrpcClientProtocolClient (GrpcClientProtocolClient.java:onNext(255)) - client-C9E345EC67ED->244f13ac-34be-4c4e-8e45-0c0272edbbb2: receive RaftClientReply:client-C9E345EC67ED->244f13ac-34be-4c4e-8e45-0c0272edbbb2@group-FE77C852EF02, cid=783, SUCCESS, logIndex=971, commits[244f13ac-34be-4c4e-8e45-0c0272edbbb2:c972, 6287e41a-5356-4f55-84f2-270816d53e84:c970, a2c18d3d-e79d-47c9-88fe-d8a1d195302b:c970]
2019-08-23 11:31:26,538 [grpc-default-executor-4] INFO  client.GrpcClientProtocolClient (GrpcClientProtocolClient.java:onNext(255)) - client-C9E345EC67ED->244f13ac-34be-4c4e-8e45-0c0272edbbb2: receive RaftClientReply:client-C9E345EC67ED->244f13ac-34be-4c4e-8e45-0c0272edbbb2@group-FE77C852EF02, cid=784, SUCCESS, logIndex=972, commits[244f13ac-34be-4c4e-8e45-0c0272edbbb2:c972, 6287e41a-5356-4f55-84f2-270816d53e84:c970, a2c18d3d-e79d-47c9-88fe-d8a1d195302b:c970]
2019-08-23 11:31:26,545 | INFO  | DNAudit | user=null | ip=null | op=WRITE_CHUNK {blockData=conID: 3 locID: 102666068571455909 bcsId: 972} | ret=SUCCESS |  
2019-08-23 11:31:26,547 | INFO  | DNAudit | user=null | ip=null | op=WRITE_CHUNK {blockData=conID: 3 locID: 102666068571455909 bcsId: 972} | ret=SUCCESS |  
2019-08-23 11:31:26,547 | INFO  | DNAudit | user=null | ip=null | op=WRITE_CHUNK {blockData=conID: 3 locID: 102666068571455909 bcsId: 972} | ret=SUCCESS |  
2019-08-23 11:31:26,548 | INFO  | DNAudit | user=null | ip=null | op=WRITE_CHUNK {blockData=conID: 3 locID: 102666068571455909 bcsId: 966} | ret=SUCCESS |  
2019-08-23 11:31:26,548 | INFO  | DNAudit | user=null | ip=null | op=WRITE_CHUNK {blockData=conID: 3 locID: 102666068571455909 bcsId: 966} | ret=SUCCESS |  
2019-08-23 11:31:26,549 | INFO  | DNAudit | user=null | ip=null | op=PUT_BLOCK {blockData=[blockId=conID: 3 locID: 102666068571455909 bcsId: 0,size=3145728]} | ret=SUCCESS |  
2019-08-23 11:31:26,549 | INFO  | DNAudit | user=null | ip=null | op=PUT_BLOCK {blockData=[blockId=conID: 3 locID: 102666068571455909 bcsId: 0,size=3145728]} | ret=SUCCESS |  
2019-08-23 11:31:26,551 | INFO  | DNAudit | user=null | ip=null | op=WRITE_CHUNK {blockData=conID: 3 locID: 102666068571455909 bcsId: 972} | ret=SUCCESS |  
2019-08-23 11:31:26,551 | INFO  | DNAudit | user=null | ip=null | op=PUT_BLOCK {blockData=[blockId=conID: 3 locID: 102666068571455909 bcsId: 0,size=4194304]} | ret=SUCCESS |  
2019-08-23 11:31:26,552 [grpc-default-executor-4] INFO  client.GrpcClientProtocolClient (GrpcClientProtocolClient.java:onNext(255)) - client-C9E345EC67ED->244f13ac-34be-4c4e-8e45-0c0272edbbb2: receive RaftClientReply:client-C9E345EC67ED->244f13ac-34be-4c4e-8e45-0c0272edbbb2@group-FE77C852EF02, cid=785, SUCCESS, logIndex=975, commits[244f13ac-34be-4c4e-8e45-0c0272edbbb2:c976, 6287e41a-5356-4f55-84f2-270816d53e84:c972, a2c18d3d-e79d-47c9-88fe-d8a1d195302b:c972]
2019-08-23 11:31:26,552 [grpc-default-executor-4] INFO  client.GrpcClientProtocolClient (GrpcClientProtocolClient.java:onNext(255)) - client-C9E345EC67ED->244f13ac-34be-4c4e-8e45-0c0272edbbb2: receive RaftClientReply:client-C9E345EC67ED->244f13ac-34be-4c4e-8e45-0c0272edbbb2@group-FE77C852EF02, cid=786, SUCCESS, logIndex=976, commits[244f13ac-34be-4c4e-8e45-0c0272edbbb2:c976, 6287e41a-5356-4f55-84f2-270816d53e84:c972, a2c18d3d-e79d-47c9-88fe-d8a1d195302b:c972]
2019-08-23 11:31:26,562 | INFO  | DNAudit | user=null | ip=null | op=WRITE_CHUNK {blockData=conID: 3 locID: 102666068571455909 bcsId: 972} | ret=SUCCESS |  
2019-08-23 11:31:26,562 | INFO  | DNAudit | user=null | ip=null | op=WRITE_CHUNK {blockData=conID: 3 locID: 102666068571455909 bcsId: 972} | ret=SUCCESS |  
2019-08-23 11:31:26,565 | INFO  | DNAudit | user=null | ip=null | op=PUT_BLOCK {blockData=[blockId=conID: 3 locID: 102666068571455909 bcsId: 0,size=4194304]} | ret=SUCCESS |  
2019-08-23 11:31:26,565 | INFO  | DNAudit | user=null | ip=null | op=PUT_BLOCK {blockData=[blockId=conID: 3 locID: 102666068571455909 bcsId: 0,size=4194304]} | ret=SUCCESS |  
2019-08-23 11:31:26,566 [grpc-default-executor-1] INFO  client.GrpcClientProtocolClient (GrpcClientProtocolClient.java:onNext(255)) - client-C9E345EC67ED->244f13ac-34be-4c4e-8e45-0c0272edbbb2: receive RaftClientReply:client-C9E345EC67ED->244f13ac-34be-4c4e-8e45-0c0272edbbb2@group-FE77C852EF02, cid=787, SUCCESS, logIndex=0, commits[244f13ac-34be-4c4e-8e45-0c0272edbbb2:c978, 6287e41a-5356-4f55-84f2-270816d53e84:c976, a2c18d3d-e79d-47c9-88fe-d8a1d195302b:c976]
2019-08-23 11:31:26,574 | INFO  | DNAudit | user=null | ip=null | op=WRITE_CHUNK {blockData=conID: 1 locID: 102666068571455910 bcsId: 0} | ret=SUCCESS |  
2019-08-23 11:31:26,577 | INFO  | DNAudit | user=null | ip=null | op=WRITE_CHUNK {blockData=conID: 1 locID: 102666068571455910 bcsId: 0} | ret=SUCCESS |  
2019-08-23 11:31:26,577 | INFO  | DNAudit | user=null | ip=null | op=WRITE_CHUNK {blockData=conID: 1 locID: 102666068571455910 bcsId: 0} | ret=SUCCESS |  
2019-08-23 11:31:26,577 | INFO  | DNAudit | user=null | ip=null | op=WRITE_CHUNK {blockData=conID: 1 locID: 102666068571455910 bcsId: 0} | ret=SUCCESS |  
2019-08-23 11:31:26,579 | INFO  | DNAudit | user=null | ip=null | op=WRITE_CHUNK {blockData=conID: 1 locID: 102666068571455910 bcsId: 0} | ret=SUCCESS |  
2019-08-23 11:31:26,579 | INFO  | DNAudit | user=null | ip=null | op=WRITE_CHUNK {blockData=conID: 1 locID: 102666068571455910 bcsId: 0} | ret=SUCCESS |  
2019-08-23 11:31:26,586 | INFO  | DNAudit | user=null | ip=null | op=WRITE_CHUNK {blockData=conID: 1 locID: 102666068571455910 bcsId: 0} | ret=SUCCESS |  
2019-08-23 11:31:26,587 | INFO  | DNAudit | user=null | ip=null | op=PUT_BLOCK {blockData=[blockId=conID: 1 locID: 102666068571455910 bcsId: 0,size=1048576]} | ret=SUCCESS |  
2019-08-23 11:31:26,587 [grpc-default-executor-2] INFO  client.GrpcClientProtocolClient (GrpcClientProtocolClient.java:onNext(255)) - client-C9E345EC67ED->244f13ac-34be-4c4e-8e45-0c0272edbbb2: receive RaftClientReply:client-C9E345EC67ED->244f13ac-34be-4c4e-8e45-0c0272edbbb2@group-FE77C852EF02, cid=788, SUCCESS, logIndex=979, commits[244f13ac-34be-4c4e-8e45-0c0272edbbb2:c980, 6287e41a-5356-4f55-84f2-270816d53e84:c978, a2c18d3d-e79d-47c9-88fe-d8a1d195302b:c978]
2019-08-23 11:31:26,587 | INFO  | DNAudit | user=null | ip=null | op=WRITE_CHUNK {blockData=conID: 1 locID: 102666068571455910 bcsId: 0} | ret=SUCCESS |  
2019-08-23 11:31:26,587 [grpc-default-executor-5] INFO  client.GrpcClientProtocolClient (GrpcClientProtocolClient.java:onNext(255)) - client-C9E345EC67ED->244f13ac-34be-4c4e-8e45-0c0272edbbb2: receive RaftClientReply:client-C9E345EC67ED->244f13ac-34be-4c4e-8e45-0c0272edbbb2@group-FE77C852EF02, cid=789, SUCCESS, logIndex=980, commits[244f13ac-34be-4c4e-8e45-0c0272edbbb2:c980, 6287e41a-5356-4f55-84f2-270816d53e84:c978, a2c18d3d-e79d-47c9-88fe-d8a1d195302b:c978]
2019-08-23 11:31:26,588 | INFO  | DNAudit | user=null | ip=null | op=PUT_BLOCK {blockData=[blockId=conID: 1 locID: 102666068571455910 bcsId: 0,size=2097152]} | ret=SUCCESS |  
2019-08-23 11:31:26,588 [grpc-default-executor-5] INFO  client.GrpcClientProtocolClient (GrpcClientProtocolClient.java:onNext(255)) - client-C9E345EC67ED->244f13ac-34be-4c4e-8e45-0c0272edbbb2: receive RaftClientReply:client-C9E345EC67ED->244f13ac-34be-4c4e-8e45-0c0272edbbb2@group-FE77C852EF02, cid=790, SUCCESS, logIndex=981, commits[244f13ac-34be-4c4e-8e45-0c0272edbbb2:c982, 6287e41a-5356-4f55-84f2-270816d53e84:c978, a2c18d3d-e79d-47c9-88fe-d8a1d195302b:c978]
2019-08-23 11:31:26,588 | INFO  | DNAudit | user=null | ip=null | op=WRITE_CHUNK {blockData=conID: 1 locID: 102666068571455910 bcsId: 0} | ret=SUCCESS |  
2019-08-23 11:31:26,588 [grpc-default-executor-4] INFO  client.GrpcClientProtocolClient (GrpcClientProtocolClient.java:onNext(255)) - client-C9E345EC67ED->244f13ac-34be-4c4e-8e45-0c0272edbbb2: receive RaftClientReply:client-C9E345EC67ED->244f13ac-34be-4c4e-8e45-0c0272edbbb2@group-FE77C852EF02, cid=791, SUCCESS, logIndex=982, commits[244f13ac-34be-4c4e-8e45-0c0272edbbb2:c982, 6287e41a-5356-4f55-84f2-270816d53e84:c978, a2c18d3d-e79d-47c9-88fe-d8a1d195302b:c978]
2019-08-23 11:31:26,589 | INFO  | DNAudit | user=null | ip=null | op=PUT_BLOCK {blockData=[blockId=conID: 1 locID: 102666068571455910 bcsId: 0,size=1048576]} | ret=SUCCESS |  
2019-08-23 11:31:26,590 | INFO  | DNAudit | user=null | ip=null | op=WRITE_CHUNK {blockData=conID: 1 locID: 102666068571455910 bcsId: 0} | ret=SUCCESS |  
2019-08-23 11:31:26,591 | INFO  | DNAudit | user=null | ip=null | op=PUT_BLOCK {blockData=[blockId=conID: 1 locID: 102666068571455910 bcsId: 0,size=1048576]} | ret=SUCCESS |  
2019-08-23 11:31:26,591 [grpc-default-executor-4] INFO  client.GrpcClientProtocolClient (GrpcClientProtocolClient.java:onNext(255)) - client-C9E345EC67ED->244f13ac-34be-4c4e-8e45-0c0272edbbb2: receive RaftClientReply:client-C9E345EC67ED->244f13ac-34be-4c4e-8e45-0c0272edbbb2@group-FE77C852EF02, cid=792, SUCCESS, logIndex=0, commits[244f13ac-34be-4c4e-8e45-0c0272edbbb2:c984, 6287e41a-5356-4f55-84f2-270816d53e84:c980, a2c18d3d-e79d-47c9-88fe-d8a1d195302b:c980]
2019-08-23 11:31:26,591 | INFO  | DNAudit | user=null | ip=null | op=WRITE_CHUNK {blockData=conID: 1 locID: 102666068571455910 bcsId: 0} | ret=SUCCESS |  
2019-08-23 11:31:26,591 | INFO  | DNAudit | user=null | ip=null | op=PUT_BLOCK {blockData=[blockId=conID: 1 locID: 102666068571455910 bcsId: 0,size=2097152]} | ret=SUCCESS |  
2019-08-23 11:31:26,600 | INFO  | DNAudit | user=null | ip=null | op=WRITE_CHUNK {blockData=conID: 1 locID: 102666068571455910 bcsId: 982} | ret=SUCCESS |  
2019-08-23 11:31:26,601 | INFO  | DNAudit | user=null | ip=null | op=WRITE_CHUNK {blockData=conID: 1 locID: 102666068571455910 bcsId: 0} | ret=SUCCESS |  
2019-08-23 11:31:26,602 | INFO  | DNAudit | user=null | ip=null | op=PUT_BLOCK {blockData=[blockId=conID: 1 locID: 102666068571455910 bcsId: 0,size=2097152]} | ret=SUCCESS |  
2019-08-23 11:31:26,603 | INFO  | DNAudit | user=null | ip=null | op=WRITE_CHUNK {blockData=conID: 1 locID: 102666068571455910 bcsId: 982} | ret=SUCCESS |  
2019-08-23 11:31:26,603 | INFO  | DNAudit | user=null | ip=null | op=WRITE_CHUNK {blockData=conID: 1 locID: 102666068571455910 bcsId: 982} | ret=SUCCESS |  
2019-08-23 11:31:26,613 | INFO  | DNAudit | user=null | ip=null | op=WRITE_CHUNK {blockData=conID: 1 locID: 102666068571455910 bcsId: 982} | ret=SUCCESS |  
2019-08-23 11:31:26,614 | INFO  | DNAudit | user=null | ip=null | op=PUT_BLOCK {blockData=[blockId=conID: 1 locID: 102666068571455910 bcsId: 0,size=3145728]} | ret=SUCCESS |  
2019-08-23 11:31:26,614 [grpc-default-executor-2] INFO  client.GrpcClientProtocolClient (GrpcClientProtocolClient.java:onNext(255)) - client-C9E345EC67ED->244f13ac-34be-4c4e-8e45-0c0272edbbb2: receive RaftClientReply:client-C9E345EC67ED->244f13ac-34be-4c4e-8e45-0c0272edbbb2@group-FE77C852EF02, cid=793, SUCCESS, logIndex=987, commits[244f13ac-34be-4c4e-8e45-0c0272edbbb2:c988, 6287e41a-5356-4f55-84f2-270816d53e84:c985, a2c18d3d-e79d-47c9-88fe-d8a1d195302b:c982]
2019-08-23 11:31:26,615 [grpc-default-executor-2] INFO  client.GrpcClientProtocolClient (GrpcClientProtocolClient.java:onNext(255)) - client-C9E345EC67ED->244f13ac-34be-4c4e-8e45-0c0272edbbb2: receive RaftClientReply:client-C9E345EC67ED->244f13ac-34be-4c4e-8e45-0c0272edbbb2@group-FE77C852EF02, cid=794, SUCCESS, logIndex=988, commits[244f13ac-34be-4c4e-8e45-0c0272edbbb2:c988, 6287e41a-5356-4f55-84f2-270816d53e84:c985, a2c18d3d-e79d-47c9-88fe-d8a1d195302b:c985]
2019-08-23 11:31:26,623 | INFO  | DNAudit | user=null | ip=null | op=WRITE_CHUNK {blockData=conID: 1 locID: 102666068571455910 bcsId: 988} | ret=SUCCESS |  
2019-08-23 11:31:26,623 | INFO  | DNAudit | user=null | ip=null | op=WRITE_CHUNK {blockData=conID: 1 locID: 102666068571455910 bcsId: 982} | ret=SUCCESS |  
2019-08-23 11:31:26,623 | INFO  | DNAudit | user=null | ip=null | op=WRITE_CHUNK {blockData=conID: 1 locID: 102666068571455910 bcsId: 982} | ret=SUCCESS |  
2019-08-23 11:31:26,624 | INFO  | DNAudit | user=null | ip=null | op=PUT_BLOCK {blockData=[blockId=conID: 1 locID: 102666068571455910 bcsId: 0,size=3145728]} | ret=SUCCESS |  
2019-08-23 11:31:26,624 | INFO  | DNAudit | user=null | ip=null | op=PUT_BLOCK {blockData=[blockId=conID: 1 locID: 102666068571455910 bcsId: 0,size=3145728]} | ret=SUCCESS |  
2019-08-23 11:31:26,626 | INFO  | DNAudit | user=null | ip=null | op=WRITE_CHUNK {blockData=conID: 1 locID: 102666068571455910 bcsId: 988} | ret=SUCCESS |  
2019-08-23 11:31:26,626 | INFO  | DNAudit | user=null | ip=null | op=WRITE_CHUNK {blockData=conID: 1 locID: 102666068571455910 bcsId: 988} | ret=SUCCESS |  
2019-08-23 11:31:26,636 | INFO  | DNAudit | user=null | ip=null | op=WRITE_CHUNK {blockData=conID: 1 locID: 102666068571455910 bcsId: 988} | ret=SUCCESS |  
2019-08-23 11:31:26,637 | INFO  | DNAudit | user=null | ip=null | op=PUT_BLOCK {blockData=[blockId=conID: 1 locID: 102666068571455910 bcsId: 0,size=4194304]} | ret=SUCCESS |  
2019-08-23 11:31:26,637 [grpc-default-executor-2] INFO  client.GrpcClientProtocolClient (GrpcClientProtocolClient.java:onNext(255)) - client-C9E345EC67ED->244f13ac-34be-4c4e-8e45-0c0272edbbb2: receive RaftClientReply:client-C9E345EC67ED->244f13ac-34be-4c4e-8e45-0c0272edbbb2@group-FE77C852EF02, cid=795, SUCCESS, logIndex=991, commits[244f13ac-34be-4c4e-8e45-0c0272edbbb2:c992, 6287e41a-5356-4f55-84f2-270816d53e84:c988, a2c18d3d-e79d-47c9-88fe-d8a1d195302b:c988]
2019-08-23 11:31:26,637 [grpc-default-executor-2] INFO  client.GrpcClientProtocolClient (GrpcClientProtocolClient.java:onNext(255)) - client-C9E345EC67ED->244f13ac-34be-4c4e-8e45-0c0272edbbb2: receive RaftClientReply:client-C9E345EC67ED->244f13ac-34be-4c4e-8e45-0c0272edbbb2@group-FE77C852EF02, cid=796, SUCCESS, logIndex=992, commits[244f13ac-34be-4c4e-8e45-0c0272edbbb2:c992, 6287e41a-5356-4f55-84f2-270816d53e84:c988, a2c18d3d-e79d-47c9-88fe-d8a1d195302b:c988]
2019-08-23 11:31:26,638 | INFO  | DNAudit | user=null | ip=null | op=WRITE_CHUNK {blockData=conID: 1 locID: 102666068571455910 bcsId: 988} | ret=SUCCESS |  
2019-08-23 11:31:26,638 | INFO  | DNAudit | user=null | ip=null | op=PUT_BLOCK {blockData=[blockId=conID: 1 locID: 102666068571455910 bcsId: 0,size=4194304]} | ret=SUCCESS |  
2019-08-23 11:31:26,638 | INFO  | DNAudit | user=null | ip=null | op=WRITE_CHUNK {blockData=conID: 1 locID: 102666068571455910 bcsId: 988} | ret=SUCCESS |  
2019-08-23 11:31:26,639 | INFO  | DNAudit | user=null | ip=null | op=PUT_BLOCK {blockData=[blockId=conID: 1 locID: 102666068571455910 bcsId: 0,size=4194304]} | ret=SUCCESS |  
2019-08-23 11:31:26,639 [grpc-default-executor-2] INFO  client.GrpcClientProtocolClient (GrpcClientProtocolClient.java:onNext(255)) - client-C9E345EC67ED->244f13ac-34be-4c4e-8e45-0c0272edbbb2: receive RaftClientReply:client-C9E345EC67ED->244f13ac-34be-4c4e-8e45-0c0272edbbb2@group-FE77C852EF02, cid=797, SUCCESS, logIndex=0, commits[244f13ac-34be-4c4e-8e45-0c0272edbbb2:c993, 6287e41a-5356-4f55-84f2-270816d53e84:c992, a2c18d3d-e79d-47c9-88fe-d8a1d195302b:c992]
2019-08-23 11:31:26,646 | INFO  | DNAudit | user=null | ip=null | op=WRITE_CHUNK {blockData=conID: 2 locID: 102666068571455911 bcsId: 0} | ret=SUCCESS |  
2019-08-23 11:31:26,649 | INFO  | DNAudit | user=null | ip=null | op=WRITE_CHUNK {blockData=conID: 2 locID: 102666068571455911 bcsId: 0} | ret=SUCCESS |  
2019-08-23 11:31:26,649 | INFO  | DNAudit | user=null | ip=null | op=WRITE_CHUNK {blockData=conID: 2 locID: 102666068571455911 bcsId: 0} | ret=SUCCESS |  
2019-08-23 11:31:26,650 | INFO  | DNAudit | user=null | ip=null | op=WRITE_CHUNK {blockData=conID: 2 locID: 102666068571455911 bcsId: 0} | ret=SUCCESS |  
2019-08-23 11:31:26,651 | INFO  | DNAudit | user=null | ip=null | op=WRITE_CHUNK {blockData=conID: 2 locID: 102666068571455911 bcsId: 0} | ret=SUCCESS |  
2019-08-23 11:31:26,652 | INFO  | DNAudit | user=null | ip=null | op=WRITE_CHUNK {blockData=conID: 2 locID: 102666068571455911 bcsId: 0} | ret=SUCCESS |  
2019-08-23 11:31:26,663 | INFO  | DNAudit | user=null | ip=null | op=WRITE_CHUNK {blockData=conID: 2 locID: 102666068571455911 bcsId: 0} | ret=SUCCESS |  
2019-08-23 11:31:26,664 | INFO  | DNAudit | user=null | ip=null | op=PUT_BLOCK {blockData=[blockId=conID: 2 locID: 102666068571455911 bcsId: 0,size=1048576]} | ret=SUCCESS |  
2019-08-23 11:31:26,664 [grpc-default-executor-2] INFO  client.GrpcClientProtocolClient (GrpcClientProtocolClient.java:onNext(255)) - client-C9E345EC67ED->244f13ac-34be-4c4e-8e45-0c0272edbbb2: receive RaftClientReply:client-C9E345EC67ED->244f13ac-34be-4c4e-8e45-0c0272edbbb2@group-FE77C852EF02, cid=798, SUCCESS, logIndex=995, commits[244f13ac-34be-4c4e-8e45-0c0272edbbb2:c996, 6287e41a-5356-4f55-84f2-270816d53e84:c994, a2c18d3d-e79d-47c9-88fe-d8a1d195302b:c994]
2019-08-23 11:31:26,664 | INFO  | DNAudit | user=null | ip=null | op=WRITE_CHUNK {blockData=conID: 2 locID: 102666068571455911 bcsId: 0} | ret=SUCCESS |  
2019-08-23 11:31:26,664 | INFO  | DNAudit | user=null | ip=null | op=WRITE_CHUNK {blockData=conID: 2 locID: 102666068571455911 bcsId: 0} | ret=SUCCESS |  
2019-08-23 11:31:26,664 | INFO  | DNAudit | user=null | ip=null | op=PUT_BLOCK {blockData=[blockId=conID: 2 locID: 102666068571455911 bcsId: 0,size=2097152]} | ret=SUCCESS |  
2019-08-23 11:31:26,664 [grpc-default-executor-2] INFO  client.GrpcClientProtocolClient (GrpcClientProtocolClient.java:onNext(255)) - client-C9E345EC67ED->244f13ac-34be-4c4e-8e45-0c0272edbbb2: receive RaftClientReply:client-C9E345EC67ED->244f13ac-34be-4c4e-8e45-0c0272edbbb2@group-FE77C852EF02, cid=799, SUCCESS, logIndex=996, commits[244f13ac-34be-4c4e-8e45-0c0272edbbb2:c998, 6287e41a-5356-4f55-84f2-270816d53e84:c994, a2c18d3d-e79d-47c9-88fe-d8a1d195302b:c994]
2019-08-23 11:31:26,664 | INFO  | DNAudit | user=null | ip=null | op=WRITE_CHUNK {blockData=conID: 2 locID: 102666068571455911 bcsId: 0} | ret=SUCCESS |  
2019-08-23 11:31:26,665 | INFO  | DNAudit | user=null | ip=null | op=PUT_BLOCK {blockData=[blockId=conID: 2 locID: 102666068571455911 bcsId: 0,size=1048576]} | ret=SUCCESS |  
2019-08-23 11:31:26,665 | INFO  | DNAudit | user=null | ip=null | op=PUT_BLOCK {blockData=[blockId=conID: 2 locID: 102666068571455911 bcsId: 0,size=1048576]} | ret=SUCCESS |  
2019-08-23 11:31:26,665 [grpc-default-executor-2] INFO  client.GrpcClientProtocolClient (GrpcClientProtocolClient.java:onNext(255)) - client-C9E345EC67ED->244f13ac-34be-4c4e-8e45-0c0272edbbb2: receive RaftClientReply:client-C9E345EC67ED->244f13ac-34be-4c4e-8e45-0c0272edbbb2@group-FE77C852EF02, cid=800, SUCCESS, logIndex=997, commits[244f13ac-34be-4c4e-8e45-0c0272edbbb2:c998, 6287e41a-5356-4f55-84f2-270816d53e84:c994, a2c18d3d-e79d-47c9-88fe-d8a1d195302b:c994]
2019-08-23 11:31:26,665 [grpc-default-executor-2] INFO  client.GrpcClientProtocolClient (GrpcClientProtocolClient.java:onNext(255)) - client-C9E345EC67ED->244f13ac-34be-4c4e-8e45-0c0272edbbb2: receive RaftClientReply:client-C9E345EC67ED->244f13ac-34be-4c4e-8e45-0c0272edbbb2@group-FE77C852EF02, cid=801, SUCCESS, logIndex=998, commits[244f13ac-34be-4c4e-8e45-0c0272edbbb2:c999, 6287e41a-5356-4f55-84f2-270816d53e84:c996, a2c18d3d-e79d-47c9-88fe-d8a1d195302b:c996]
2019-08-23 11:31:26,666 | INFO  | DNAudit | user=null | ip=null | op=WRITE_CHUNK {blockData=conID: 2 locID: 102666068571455911 bcsId: 0} | ret=SUCCESS |  
2019-08-23 11:31:26,666 | INFO  | DNAudit | user=null | ip=null | op=WRITE_CHUNK {blockData=conID: 2 locID: 102666068571455911 bcsId: 0} | ret=SUCCESS |  
2019-08-23 11:31:26,666 | INFO  | DNAudit | user=null | ip=null | op=PUT_BLOCK {blockData=[blockId=conID: 2 locID: 102666068571455911 bcsId: 0,size=2097152]} | ret=SUCCESS |  
2019-08-23 11:31:26,666 | INFO  | DNAudit | user=null | ip=null | op=PUT_BLOCK {blockData=[blockId=conID: 2 locID: 102666068571455911 bcsId: 0,size=2097152]} | ret=SUCCESS |  
2019-08-23 11:31:26,672 | INFO  | DNAudit | user=null | ip=null | op=WRITE_CHUNK {blockData=conID: 2 locID: 102666068571455911 bcsId: 998} | ret=SUCCESS |  
2019-08-23 11:31:26,675 | INFO  | DNAudit | user=null | ip=null | op=WRITE_CHUNK {blockData=conID: 2 locID: 102666068571455911 bcsId: 998} | ret=SUCCESS |  
2019-08-23 11:31:26,675 | INFO  | DNAudit | user=null | ip=null | op=WRITE_CHUNK {blockData=conID: 2 locID: 102666068571455911 bcsId: 998} | ret=SUCCESS |  
2019-08-23 11:31:26,685 | INFO  | DNAudit | user=null | ip=null | op=WRITE_CHUNK {blockData=conID: 2 locID: 102666068571455911 bcsId: 998} | ret=SUCCESS |  
2019-08-23 11:31:26,685 | INFO  | DNAudit | user=null | ip=null | op=PUT_BLOCK {blockData=[blockId=conID: 2 locID: 102666068571455911 bcsId: 0,size=3145728]} | ret=SUCCESS |  
2019-08-23 11:31:26,685 [grpc-default-executor-4] INFO  client.GrpcClientProtocolClient (GrpcClientProtocolClient.java:onNext(255)) - client-C9E345EC67ED->244f13ac-34be-4c4e-8e45-0c0272edbbb2: receive RaftClientReply:client-C9E345EC67ED->244f13ac-34be-4c4e-8e45-0c0272edbbb2@group-FE77C852EF02, cid=802, SUCCESS, logIndex=1002, commits[244f13ac-34be-4c4e-8e45-0c0272edbbb2:c1003, 6287e41a-5356-4f55-84f2-270816d53e84:c1001, a2c18d3d-e79d-47c9-88fe-d8a1d195302b:c1001]
2019-08-23 11:31:26,686 [grpc-default-executor-4] INFO  client.GrpcClientProtocolClient (GrpcClientProtocolClient.java:onNext(255)) - client-C9E345EC67ED->244f13ac-34be-4c4e-8e45-0c0272edbbb2: receive RaftClientReply:client-C9E345EC67ED->244f13ac-34be-4c4e-8e45-0c0272edbbb2@group-FE77C852EF02, cid=803, SUCCESS, logIndex=1003, commits[244f13ac-34be-4c4e-8e45-0c0272edbbb2:c1003, 6287e41a-5356-4f55-84f2-270816d53e84:c1001, a2c18d3d-e79d-47c9-88fe-d8a1d195302b:c1001]
2019-08-23 11:31:26,692 | INFO  | DNAudit | user=null | ip=null | op=WRITE_CHUNK {blockData=conID: 2 locID: 102666068571455911 bcsId: 1003} | ret=SUCCESS |  
2019-08-23 11:31:26,695 | INFO  | DNAudit | user=null | ip=null | op=WRITE_CHUNK {blockData=conID: 2 locID: 102666068571455911 bcsId: 1003} | ret=SUCCESS |  
2019-08-23 11:31:26,695 | INFO  | DNAudit | user=null | ip=null | op=WRITE_CHUNK {blockData=conID: 2 locID: 102666068571455911 bcsId: 1003} | ret=SUCCESS |  
2019-08-23 11:31:26,696 | INFO  | DNAudit | user=null | ip=null | op=WRITE_CHUNK {blockData=conID: 2 locID: 102666068571455911 bcsId: 998} | ret=SUCCESS |  
2019-08-23 11:31:26,696 | INFO  | DNAudit | user=null | ip=null | op=WRITE_CHUNK {blockData=conID: 2 locID: 102666068571455911 bcsId: 998} | ret=SUCCESS |  
2019-08-23 11:31:26,697 | INFO  | DNAudit | user=null | ip=null | op=PUT_BLOCK {blockData=[blockId=conID: 2 locID: 102666068571455911 bcsId: 0,size=3145728]} | ret=SUCCESS |  
2019-08-23 11:31:26,697 | INFO  | DNAudit | user=null | ip=null | op=PUT_BLOCK {blockData=[blockId=conID: 2 locID: 102666068571455911 bcsId: 0,size=3145728]} | ret=SUCCESS |  
2019-08-23 11:31:26,698 | INFO  | DNAudit | user=null | ip=null | op=WRITE_CHUNK {blockData=conID: 2 locID: 102666068571455911 bcsId: 1003} | ret=SUCCESS |  
2019-08-23 11:31:26,698 | INFO  | DNAudit | user=null | ip=null | op=PUT_BLOCK {blockData=[blockId=conID: 2 locID: 102666068571455911 bcsId: 0,size=4194304]} | ret=SUCCESS |  
2019-08-23 11:31:26,699 [grpc-default-executor-2] INFO  client.GrpcClientProtocolClient (GrpcClientProtocolClient.java:onNext(255)) - client-C9E345EC67ED->244f13ac-34be-4c4e-8e45-0c0272edbbb2: receive RaftClientReply:client-C9E345EC67ED->244f13ac-34be-4c4e-8e45-0c0272edbbb2@group-FE77C852EF02, cid=804, SUCCESS, logIndex=1006, commits[244f13ac-34be-4c4e-8e45-0c0272edbbb2:c1007, 6287e41a-5356-4f55-84f2-270816d53e84:c1003, a2c18d3d-e79d-47c9-88fe-d8a1d195302b:c1003]
2019-08-23 11:31:26,699 [grpc-default-executor-2] INFO  client.GrpcClientProtocolClient (GrpcClientProtocolClient.java:onNext(255)) - client-C9E345EC67ED->244f13ac-34be-4c4e-8e45-0c0272edbbb2: receive RaftClientReply:client-C9E345EC67ED->244f13ac-34be-4c4e-8e45-0c0272edbbb2@group-FE77C852EF02, cid=805, SUCCESS, logIndex=1007, commits[244f13ac-34be-4c4e-8e45-0c0272edbbb2:c1007, 6287e41a-5356-4f55-84f2-270816d53e84:c1003, a2c18d3d-e79d-47c9-88fe-d8a1d195302b:c1003]
2019-08-23 11:31:26,710 | INFO  | DNAudit | user=null | ip=null | op=WRITE_CHUNK {blockData=conID: 2 locID: 102666068571455911 bcsId: 1003} | ret=SUCCESS |  
2019-08-23 11:31:26,710 | INFO  | DNAudit | user=null | ip=null | op=PUT_BLOCK {blockData=[blockId=conID: 2 locID: 102666068571455911 bcsId: 0,size=4194304]} | ret=SUCCESS |  
2019-08-23 11:31:26,710 | INFO  | DNAudit | user=null | ip=null | op=WRITE_CHUNK {blockData=conID: 2 locID: 102666068571455911 bcsId: 1003} | ret=SUCCESS |  
2019-08-23 11:31:26,710 | INFO  | DNAudit | user=null | ip=null | op=PUT_BLOCK {blockData=[blockId=conID: 2 locID: 102666068571455911 bcsId: 0,size=4194304]} | ret=SUCCESS |  
2019-08-23 11:31:26,710 [grpc-default-executor-4] INFO  client.GrpcClientProtocolClient (GrpcClientProtocolClient.java:onNext(255)) - client-C9E345EC67ED->244f13ac-34be-4c4e-8e45-0c0272edbbb2: receive RaftClientReply:client-C9E345EC67ED->244f13ac-34be-4c4e-8e45-0c0272edbbb2@group-FE77C852EF02, cid=806, SUCCESS, logIndex=0, commits[244f13ac-34be-4c4e-8e45-0c0272edbbb2:c1008, 6287e41a-5356-4f55-84f2-270816d53e84:c1007, a2c18d3d-e79d-47c9-88fe-d8a1d195302b:c1007]
2019-08-23 11:31:26,717 | INFO  | DNAudit | user=null | ip=null | op=WRITE_CHUNK {blockData=conID: 3 locID: 102666068571455912 bcsId: 0} | ret=SUCCESS |  
2019-08-23 11:31:26,720 | INFO  | DNAudit | user=null | ip=null | op=WRITE_CHUNK {blockData=conID: 3 locID: 102666068571455912 bcsId: 0} | ret=SUCCESS |  
2019-08-23 11:31:26,721 | INFO  | DNAudit | user=null | ip=null | op=WRITE_CHUNK {blockData=conID: 3 locID: 102666068571455912 bcsId: 0} | ret=SUCCESS |  
2019-08-23 11:31:26,722 | INFO  | DNAudit | user=null | ip=null | op=WRITE_CHUNK {blockData=conID: 3 locID: 102666068571455912 bcsId: 0} | ret=SUCCESS |  
2019-08-23 11:31:26,724 | INFO  | DNAudit | user=null | ip=null | op=WRITE_CHUNK {blockData=conID: 3 locID: 102666068571455912 bcsId: 0} | ret=SUCCESS |  
2019-08-23 11:31:26,725 | INFO  | DNAudit | user=null | ip=null | op=WRITE_CHUNK {blockData=conID: 3 locID: 102666068571455912 bcsId: 0} | ret=SUCCESS |  
2019-08-23 11:31:26,732 | INFO  | DNAudit | user=null | ip=null | op=WRITE_CHUNK {blockData=conID: 3 locID: 102666068571455912 bcsId: 0} | ret=SUCCESS |  
2019-08-23 11:31:26,732 | INFO  | DNAudit | user=null | ip=null | op=PUT_BLOCK {blockData=[blockId=conID: 3 locID: 102666068571455912 bcsId: 0,size=1048576]} | ret=SUCCESS |  
2019-08-23 11:31:26,733 | INFO  | DNAudit | user=null | ip=null | op=WRITE_CHUNK {blockData=conID: 3 locID: 102666068571455912 bcsId: 0} | ret=SUCCESS |  
2019-08-23 11:31:26,733 [grpc-default-executor-4] INFO  client.GrpcClientProtocolClient (GrpcClientProtocolClient.java:onNext(255)) - client-C9E345EC67ED->244f13ac-34be-4c4e-8e45-0c0272edbbb2: receive RaftClientReply:client-C9E345EC67ED->244f13ac-34be-4c4e-8e45-0c0272edbbb2@group-FE77C852EF02, cid=807, SUCCESS, logIndex=1010, commits[244f13ac-34be-4c4e-8e45-0c0272edbbb2:c1011, 6287e41a-5356-4f55-84f2-270816d53e84:c1009, a2c18d3d-e79d-47c9-88fe-d8a1d195302b:c1009]
2019-08-23 11:31:26,733 | INFO  | DNAudit | user=null | ip=null | op=PUT_BLOCK {blockData=[blockId=conID: 3 locID: 102666068571455912 bcsId: 0,size=2097152]} | ret=SUCCESS |  
2019-08-23 11:31:26,733 [grpc-default-executor-4] INFO  client.GrpcClientProtocolClient (GrpcClientProtocolClient.java:onNext(255)) - client-C9E345EC67ED->244f13ac-34be-4c4e-8e45-0c0272edbbb2: receive RaftClientReply:client-C9E345EC67ED->244f13ac-34be-4c4e-8e45-0c0272edbbb2@group-FE77C852EF02, cid=808, SUCCESS, logIndex=1011, commits[244f13ac-34be-4c4e-8e45-0c0272edbbb2:c1011, 6287e41a-5356-4f55-84f2-270816d53e84:c1009, a2c18d3d-e79d-47c9-88fe-d8a1d195302b:c1009]
2019-08-23 11:31:26,734 | INFO  | DNAudit | user=null | ip=null | op=WRITE_CHUNK {blockData=conID: 3 locID: 102666068571455912 bcsId: 0} | ret=SUCCESS |  
2019-08-23 11:31:26,734 [grpc-default-executor-4] INFO  client.GrpcClientProtocolClient (GrpcClientProtocolClient.java:onNext(255)) - client-C9E345EC67ED->244f13ac-34be-4c4e-8e45-0c0272edbbb2: receive RaftClientReply:client-C9E345EC67ED->244f13ac-34be-4c4e-8e45-0c0272edbbb2@group-FE77C852EF02, cid=809, SUCCESS, logIndex=1012, commits[244f13ac-34be-4c4e-8e45-0c0272edbbb2:c1013, 6287e41a-5356-4f55-84f2-270816d53e84:c1009, a2c18d3d-e79d-47c9-88fe-d8a1d195302b:c1009]
2019-08-23 11:31:26,734 | INFO  | DNAudit | user=null | ip=null | op=PUT_BLOCK {blockData=[blockId=conID: 3 locID: 102666068571455912 bcsId: 0,size=1048576]} | ret=SUCCESS |  
2019-08-23 11:31:26,734 [grpc-default-executor-4] INFO  client.GrpcClientProtocolClient (GrpcClientProtocolClient.java:onNext(255)) - client-C9E345EC67ED->244f13ac-34be-4c4e-8e45-0c0272edbbb2: receive RaftClientReply:client-C9E345EC67ED->244f13ac-34be-4c4e-8e45-0c0272edbbb2@group-FE77C852EF02, cid=810, SUCCESS, logIndex=1013, commits[244f13ac-34be-4c4e-8e45-0c0272edbbb2:c1013, 6287e41a-5356-4f55-84f2-270816d53e84:c1009, a2c18d3d-e79d-47c9-88fe-d8a1d195302b:c1009]
2019-08-23 11:31:26,734 | INFO  | DNAudit | user=null | ip=null | op=WRITE_CHUNK {blockData=conID: 3 locID: 102666068571455912 bcsId: 0} | ret=SUCCESS |  
2019-08-23 11:31:26,734 | INFO  | DNAudit | user=null | ip=null | op=PUT_BLOCK {blockData=[blockId=conID: 3 locID: 102666068571455912 bcsId: 0,size=1048576]} | ret=SUCCESS |  
2019-08-23 11:31:26,735 | INFO  | DNAudit | user=null | ip=null | op=WRITE_CHUNK {blockData=conID: 3 locID: 102666068571455912 bcsId: 0} | ret=SUCCESS |  
2019-08-23 11:31:26,735 | INFO  | DNAudit | user=null | ip=null | op=PUT_BLOCK {blockData=[blockId=conID: 3 locID: 102666068571455912 bcsId: 0,size=2097152]} | ret=SUCCESS |  
2019-08-23 11:31:26,735 [grpc-default-executor-2] INFO  client.GrpcClientProtocolClient (GrpcClientProtocolClient.java:onNext(255)) - client-C9E345EC67ED->244f13ac-34be-4c4e-8e45-0c0272edbbb2: receive RaftClientReply:client-C9E345EC67ED->244f13ac-34be-4c4e-8e45-0c0272edbbb2@group-FE77C852EF02, cid=811, SUCCESS, logIndex=0, commits[244f13ac-34be-4c4e-8e45-0c0272edbbb2:c1015, 6287e41a-5356-4f55-84f2-270816d53e84:c1011, a2c18d3d-e79d-47c9-88fe-d8a1d195302b:c1011]
2019-08-23 11:31:26,735 | INFO  | DNAudit | user=null | ip=null | op=WRITE_CHUNK {blockData=conID: 3 locID: 102666068571455912 bcsId: 0} | ret=SUCCESS |  
2019-08-23 11:31:26,735 | INFO  | DNAudit | user=null | ip=null | op=PUT_BLOCK {blockData=[blockId=conID: 3 locID: 102666068571455912 bcsId: 0,size=2097152]} | ret=SUCCESS |  
2019-08-23 11:31:26,741 | INFO  | DNAudit | user=null | ip=null | op=WRITE_CHUNK {blockData=conID: 3 locID: 102666068571455912 bcsId: 1013} | ret=SUCCESS |  
2019-08-23 11:31:26,744 | INFO  | DNAudit | user=null | ip=null | op=WRITE_CHUNK {blockData=conID: 3 locID: 102666068571455912 bcsId: 1013} | ret=SUCCESS |  
2019-08-23 11:31:26,744 | INFO  | DNAudit | user=null | ip=null | op=WRITE_CHUNK {blockData=conID: 3 locID: 102666068571455912 bcsId: 1013} | ret=SUCCESS |  
2019-08-23 11:31:26,754 | INFO  | DNAudit | user=null | ip=null | op=WRITE_CHUNK {blockData=conID: 3 locID: 102666068571455912 bcsId: 1013} | ret=SUCCESS |  
2019-08-23 11:31:26,754 | INFO  | DNAudit | user=null | ip=null | op=PUT_BLOCK {blockData=[blockId=conID: 3 locID: 102666068571455912 bcsId: 0,size=3145728]} | ret=SUCCESS |  
2019-08-23 11:31:26,754 [grpc-default-executor-4] INFO  client.GrpcClientProtocolClient (GrpcClientProtocolClient.java:onNext(255)) - client-C9E345EC67ED->244f13ac-34be-4c4e-8e45-0c0272edbbb2: receive RaftClientReply:client-C9E345EC67ED->244f13ac-34be-4c4e-8e45-0c0272edbbb2@group-FE77C852EF02, cid=812, SUCCESS, logIndex=1018, commits[244f13ac-34be-4c4e-8e45-0c0272edbbb2:c1019, 6287e41a-5356-4f55-84f2-270816d53e84:c1017, a2c18d3d-e79d-47c9-88fe-d8a1d195302b:c1017]
2019-08-23 11:31:26,755 [grpc-default-executor-4] INFO  client.GrpcClientProtocolClient (GrpcClientProtocolClient.java:onNext(255)) - client-C9E345EC67ED->244f13ac-34be-4c4e-8e45-0c0272edbbb2: receive RaftClientReply:client-C9E345EC67ED->244f13ac-34be-4c4e-8e45-0c0272edbbb2@group-FE77C852EF02, cid=813, SUCCESS, logIndex=1019, commits[244f13ac-34be-4c4e-8e45-0c0272edbbb2:c1019, 6287e41a-5356-4f55-84f2-270816d53e84:c1017, a2c18d3d-e79d-47c9-88fe-d8a1d195302b:c1017]
2019-08-23 11:31:26,761 | INFO  | DNAudit | user=null | ip=null | op=WRITE_CHUNK {blockData=conID: 3 locID: 102666068571455912 bcsId: 1019} | ret=SUCCESS |  
2019-08-23 11:31:26,764 | INFO  | DNAudit | user=null | ip=null | op=WRITE_CHUNK {blockData=conID: 3 locID: 102666068571455912 bcsId: 1019} | ret=SUCCESS |  
2019-08-23 11:31:26,764 | INFO  | DNAudit | user=null | ip=null | op=WRITE_CHUNK {blockData=conID: 3 locID: 102666068571455912 bcsId: 1019} | ret=SUCCESS |  
2019-08-23 11:31:26,765 | INFO  | DNAudit | user=null | ip=null | op=WRITE_CHUNK {blockData=conID: 3 locID: 102666068571455912 bcsId: 1013} | ret=SUCCESS |  
2019-08-23 11:31:26,765 | INFO  | DNAudit | user=null | ip=null | op=WRITE_CHUNK {blockData=conID: 3 locID: 102666068571455912 bcsId: 1013} | ret=SUCCESS |  
2019-08-23 11:31:26,766 | INFO  | DNAudit | user=null | ip=null | op=PUT_BLOCK {blockData=[blockId=conID: 3 locID: 102666068571455912 bcsId: 0,size=3145728]} | ret=SUCCESS |  
2019-08-23 11:31:26,766 | INFO  | DNAudit | user=null | ip=null | op=PUT_BLOCK {blockData=[blockId=conID: 3 locID: 102666068571455912 bcsId: 0,size=3145728]} | ret=SUCCESS |  
2019-08-23 11:31:26,767 | INFO  | DNAudit | user=null | ip=null | op=WRITE_CHUNK {blockData=conID: 3 locID: 102666068571455912 bcsId: 1019} | ret=SUCCESS |  
2019-08-23 11:31:26,767 | INFO  | DNAudit | user=null | ip=null | op=PUT_BLOCK {blockData=[blockId=conID: 3 locID: 102666068571455912 bcsId: 0,size=4194304]} | ret=SUCCESS |  
2019-08-23 11:31:26,768 [grpc-default-executor-5] INFO  client.GrpcClientProtocolClient (GrpcClientProtocolClient.java:onNext(255)) - client-C9E345EC67ED->244f13ac-34be-4c4e-8e45-0c0272edbbb2: receive RaftClientReply:client-C9E345EC67ED->244f13ac-34be-4c4e-8e45-0c0272edbbb2@group-FE77C852EF02, cid=814, SUCCESS, logIndex=1022, commits[244f13ac-34be-4c4e-8e45-0c0272edbbb2:c1023, 6287e41a-5356-4f55-84f2-270816d53e84:c1019, a2c18d3d-e79d-47c9-88fe-d8a1d195302b:c1019]
2019-08-23 11:31:26,768 [grpc-default-executor-5] INFO  client.GrpcClientProtocolClient (GrpcClientProtocolClient.java:onNext(255)) - client-C9E345EC67ED->244f13ac-34be-4c4e-8e45-0c0272edbbb2: receive RaftClientReply:client-C9E345EC67ED->244f13ac-34be-4c4e-8e45-0c0272edbbb2@group-FE77C852EF02, cid=815, SUCCESS, logIndex=1023, commits[244f13ac-34be-4c4e-8e45-0c0272edbbb2:c1023, 6287e41a-5356-4f55-84f2-270816d53e84:c1019, a2c18d3d-e79d-47c9-88fe-d8a1d195302b:c1019]
2019-08-23 11:31:26,779 | INFO  | DNAudit | user=null | ip=null | op=WRITE_CHUNK {blockData=conID: 3 locID: 102666068571455912 bcsId: 1019} | ret=SUCCESS |  
2019-08-23 11:31:26,779 | INFO  | DNAudit | user=null | ip=null | op=WRITE_CHUNK {blockData=conID: 3 locID: 102666068571455912 bcsId: 1019} | ret=SUCCESS |  
2019-08-23 11:31:26,780 | INFO  | DNAudit | user=null | ip=null | op=PUT_BLOCK {blockData=[blockId=conID: 3 locID: 102666068571455912 bcsId: 0,size=4194304]} | ret=SUCCESS |  
2019-08-23 11:31:26,780 | INFO  | DNAudit | user=null | ip=null | op=PUT_BLOCK {blockData=[blockId=conID: 3 locID: 102666068571455912 bcsId: 0,size=4194304]} | ret=SUCCESS |  
2019-08-23 11:31:26,781 [grpc-default-executor-4] INFO  client.GrpcClientProtocolClient (GrpcClientProtocolClient.java:onNext(255)) - client-C9E345EC67ED->244f13ac-34be-4c4e-8e45-0c0272edbbb2: receive RaftClientReply:client-C9E345EC67ED->244f13ac-34be-4c4e-8e45-0c0272edbbb2@group-FE77C852EF02, cid=816, SUCCESS, logIndex=0, commits[244f13ac-34be-4c4e-8e45-0c0272edbbb2:c1025, 6287e41a-5356-4f55-84f2-270816d53e84:c1023, a2c18d3d-e79d-47c9-88fe-d8a1d195302b:c1023]
2019-08-23 11:31:26,787 | INFO  | DNAudit | user=null | ip=null | op=WRITE_CHUNK {blockData=conID: 1 locID: 102666068571455913 bcsId: 0} | ret=SUCCESS |  
2019-08-23 11:31:26,789 | INFO  | DNAudit | user=null | ip=null | op=WRITE_CHUNK {blockData=conID: 1 locID: 102666068571455913 bcsId: 0} | ret=SUCCESS |  
2019-08-23 11:31:26,789 | INFO  | DNAudit | user=null | ip=null | op=WRITE_CHUNK {blockData=conID: 1 locID: 102666068571455913 bcsId: 0} | ret=SUCCESS |  
2019-08-23 11:31:26,789 | INFO  | DNAudit | user=null | ip=null | op=WRITE_CHUNK {blockData=conID: 1 locID: 102666068571455913 bcsId: 0} | ret=SUCCESS |  
2019-08-23 11:31:26,791 | INFO  | DNAudit | user=null | ip=null | op=WRITE_CHUNK {blockData=conID: 1 locID: 102666068571455913 bcsId: 0} | ret=SUCCESS |  
2019-08-23 11:31:26,791 | INFO  | DNAudit | user=null | ip=null | op=WRITE_CHUNK {blockData=conID: 1 locID: 102666068571455913 bcsId: 0} | ret=SUCCESS |  
2019-08-23 11:31:26,801 | INFO  | DNAudit | user=null | ip=null | op=WRITE_CHUNK {blockData=conID: 1 locID: 102666068571455913 bcsId: 0} | ret=SUCCESS |  
2019-08-23 11:31:26,801 | INFO  | DNAudit | user=null | ip=null | op=PUT_BLOCK {blockData=[blockId=conID: 1 locID: 102666068571455913 bcsId: 0,size=1048576]} | ret=SUCCESS |  
2019-08-23 11:31:26,801 [grpc-default-executor-4] INFO  client.GrpcClientProtocolClient (GrpcClientProtocolClient.java:onNext(255)) - client-C9E345EC67ED->244f13ac-34be-4c4e-8e45-0c0272edbbb2: receive RaftClientReply:client-C9E345EC67ED->244f13ac-34be-4c4e-8e45-0c0272edbbb2@group-FE77C852EF02, cid=817, SUCCESS, logIndex=1026, commits[244f13ac-34be-4c4e-8e45-0c0272edbbb2:c1027, 6287e41a-5356-4f55-84f2-270816d53e84:c1025, a2c18d3d-e79d-47c9-88fe-d8a1d195302b:c1025]
2019-08-23 11:31:26,802 [grpc-default-executor-4] INFO  client.GrpcClientProtocolClient (GrpcClientProtocolClient.java:onNext(255)) - client-C9E345EC67ED->244f13ac-34be-4c4e-8e45-0c0272edbbb2: receive RaftClientReply:client-C9E345EC67ED->244f13ac-34be-4c4e-8e45-0c0272edbbb2@group-FE77C852EF02, cid=818, SUCCESS, logIndex=1027, commits[244f13ac-34be-4c4e-8e45-0c0272edbbb2:c1027, 6287e41a-5356-4f55-84f2-270816d53e84:c1025, a2c18d3d-e79d-47c9-88fe-d8a1d195302b:c1025]
2019-08-23 11:31:26,812 | INFO  | DNAudit | user=null | ip=null | op=WRITE_CHUNK {blockData=conID: 1 locID: 102666068571455913 bcsId: 0} | ret=SUCCESS |  
2019-08-23 11:31:26,812 | INFO  | DNAudit | user=null | ip=null | op=PUT_BLOCK {blockData=[blockId=conID: 1 locID: 102666068571455913 bcsId: 0,size=2097152]} | ret=SUCCESS |  
2019-08-23 11:31:26,812 [grpc-default-executor-1] INFO  client.GrpcClientProtocolClient (GrpcClientProtocolClient.java:onNext(255)) - client-C9E345EC67ED->244f13ac-34be-4c4e-8e45-0c0272edbbb2: receive RaftClientReply:client-C9E345EC67ED->244f13ac-34be-4c4e-8e45-0c0272edbbb2@group-FE77C852EF02, cid=819, SUCCESS, logIndex=1028, commits[244f13ac-34be-4c4e-8e45-0c0272edbbb2:c1029, 6287e41a-5356-4f55-84f2-270816d53e84:c1025, a2c18d3d-e79d-47c9-88fe-d8a1d195302b:c1025]
2019-08-23 11:31:26,813 | INFO  | DNAudit | user=null | ip=null | op=WRITE_CHUNK {blockData=conID: 1 locID: 102666068571455913 bcsId: 0} | ret=SUCCESS |  
2019-08-23 11:31:26,813 [grpc-default-executor-5] INFO  client.GrpcClientProtocolClient (GrpcClientProtocolClient.java:onNext(255)) - client-C9E345EC67ED->244f13ac-34be-4c4e-8e45-0c0272edbbb2: receive RaftClientReply:client-C9E345EC67ED->244f13ac-34be-4c4e-8e45-0c0272edbbb2@group-FE77C852EF02, cid=820, SUCCESS, logIndex=1029, commits[244f13ac-34be-4c4e-8e45-0c0272edbbb2:c1029, 6287e41a-5356-4f55-84f2-270816d53e84:c1025, a2c18d3d-e79d-47c9-88fe-d8a1d195302b:c1025]
2019-08-23 11:31:26,813 | INFO  | DNAudit | user=null | ip=null | op=PUT_BLOCK {blockData=[blockId=conID: 1 locID: 102666068571455913 bcsId: 0,size=1048576]} | ret=SUCCESS |  
2019-08-23 11:31:26,813 | INFO  | DNAudit | user=null | ip=null | op=WRITE_CHUNK {blockData=conID: 1 locID: 102666068571455913 bcsId: 0} | ret=SUCCESS |  
2019-08-23 11:31:26,813 | INFO  | DNAudit | user=null | ip=null | op=PUT_BLOCK {blockData=[blockId=conID: 1 locID: 102666068571455913 bcsId: 0,size=1048576]} | ret=SUCCESS |  
2019-08-23 11:31:26,813 | INFO  | DNAudit | user=null | ip=null | op=WRITE_CHUNK {blockData=conID: 1 locID: 102666068571455913 bcsId: 0} | ret=SUCCESS |  
2019-08-23 11:31:26,814 | INFO  | DNAudit | user=null | ip=null | op=PUT_BLOCK {blockData=[blockId=conID: 1 locID: 102666068571455913 bcsId: 0,size=2097152]} | ret=SUCCESS |  
2019-08-23 11:31:26,814 [grpc-default-executor-1] INFO  client.GrpcClientProtocolClient (GrpcClientProtocolClient.java:onNext(255)) - client-C9E345EC67ED->244f13ac-34be-4c4e-8e45-0c0272edbbb2: receive RaftClientReply:client-C9E345EC67ED->244f13ac-34be-4c4e-8e45-0c0272edbbb2@group-FE77C852EF02, cid=821, SUCCESS, logIndex=0, commits[244f13ac-34be-4c4e-8e45-0c0272edbbb2:c1031, 6287e41a-5356-4f55-84f2-270816d53e84:c1027, a2c18d3d-e79d-47c9-88fe-d8a1d195302b:c1027]
2019-08-23 11:31:26,815 | INFO  | DNAudit | user=null | ip=null | op=WRITE_CHUNK {blockData=conID: 1 locID: 102666068571455913 bcsId: 0} | ret=SUCCESS |  
2019-08-23 11:31:26,815 | INFO  | DNAudit | user=null | ip=null | op=PUT_BLOCK {blockData=[blockId=conID: 1 locID: 102666068571455913 bcsId: 0,size=2097152]} | ret=SUCCESS |  
2019-08-23 11:31:26,820 | INFO  | DNAudit | user=null | ip=null | op=WRITE_CHUNK {blockData=conID: 1 locID: 102666068571455913 bcsId: 1029} | ret=SUCCESS |  
2019-08-23 11:31:26,822 | INFO  | DNAudit | user=null | ip=null | op=WRITE_CHUNK {blockData=conID: 1 locID: 102666068571455913 bcsId: 1029} | ret=SUCCESS |  
2019-08-23 11:31:26,822 | INFO  | DNAudit | user=null | ip=null | op=WRITE_CHUNK {blockData=conID: 1 locID: 102666068571455913 bcsId: 1029} | ret=SUCCESS |  
2019-08-23 11:31:26,824 | INFO  | DNAudit | user=null | ip=null | op=WRITE_CHUNK {blockData=conID: 1 locID: 102666068571455913 bcsId: 1029} | ret=SUCCESS |  
2019-08-23 11:31:26,825 | INFO  | DNAudit | user=null | ip=null | op=PUT_BLOCK {blockData=[blockId=conID: 1 locID: 102666068571455913 bcsId: 0,size=3145728]} | ret=SUCCESS |  
2019-08-23 11:31:26,825 [grpc-default-executor-5] INFO  client.GrpcClientProtocolClient (GrpcClientProtocolClient.java:onNext(255)) - client-C9E345EC67ED->244f13ac-34be-4c4e-8e45-0c0272edbbb2: receive RaftClientReply:client-C9E345EC67ED->244f13ac-34be-4c4e-8e45-0c0272edbbb2@group-FE77C852EF02, cid=822, SUCCESS, logIndex=1034, commits[244f13ac-34be-4c4e-8e45-0c0272edbbb2:c1035, 6287e41a-5356-4f55-84f2-270816d53e84:c1033, a2c18d3d-e79d-47c9-88fe-d8a1d195302b:c1033]
2019-08-23 11:31:26,826 | INFO  | DNAudit | user=null | ip=null | op=WRITE_CHUNK {blockData=conID: 1 locID: 102666068571455913 bcsId: 1029} | ret=SUCCESS |  
2019-08-23 11:31:26,826 [grpc-default-executor-2] INFO  client.GrpcClientProtocolClient (GrpcClientProtocolClient.java:onNext(255)) - client-C9E345EC67ED->244f13ac-34be-4c4e-8e45-0c0272edbbb2: receive RaftClientReply:client-C9E345EC67ED->244f13ac-34be-4c4e-8e45-0c0272edbbb2@group-FE77C852EF02, cid=823, SUCCESS, logIndex=1035, commits[244f13ac-34be-4c4e-8e45-0c0272edbbb2:c1035, 6287e41a-5356-4f55-84f2-270816d53e84:c1033, a2c18d3d-e79d-47c9-88fe-d8a1d195302b:c1033]
2019-08-23 11:31:26,826 | INFO  | DNAudit | user=null | ip=null | op=WRITE_CHUNK {blockData=conID: 1 locID: 102666068571455913 bcsId: 1029} | ret=SUCCESS |  
2019-08-23 11:31:26,826 | INFO  | DNAudit | user=null | ip=null | op=PUT_BLOCK {blockData=[blockId=conID: 1 locID: 102666068571455913 bcsId: 0,size=3145728]} | ret=SUCCESS |  
2019-08-23 11:31:26,826 | INFO  | DNAudit | user=null | ip=null | op=PUT_BLOCK {blockData=[blockId=conID: 1 locID: 102666068571455913 bcsId: 0,size=3145728]} | ret=SUCCESS |  
2019-08-23 11:31:26,832 | INFO  | DNAudit | user=null | ip=null | op=WRITE_CHUNK {blockData=conID: 1 locID: 102666068571455913 bcsId: 1035} | ret=SUCCESS |  
2019-08-23 11:31:26,834 | INFO  | DNAudit | user=null | ip=null | op=WRITE_CHUNK {blockData=conID: 1 locID: 102666068571455913 bcsId: 1035} | ret=SUCCESS |  
2019-08-23 11:31:26,834 | INFO  | DNAudit | user=null | ip=null | op=WRITE_CHUNK {blockData=conID: 1 locID: 102666068571455913 bcsId: 1035} | ret=SUCCESS |  
2019-08-23 11:31:26,843 | INFO  | DNAudit | user=null | ip=null | op=WRITE_CHUNK {blockData=conID: 1 locID: 102666068571455913 bcsId: 1035} | ret=SUCCESS |  
2019-08-23 11:31:26,844 [grpc-default-executor-2] INFO  client.GrpcClientProtocolClient (GrpcClientProtocolClient.java:onNext(255)) - client-C9E345EC67ED->244f13ac-34be-4c4e-8e45-0c0272edbbb2: receive RaftClientReply:client-C9E345EC67ED->244f13ac-34be-4c4e-8e45-0c0272edbbb2@group-FE77C852EF02, cid=824, SUCCESS, logIndex=1038, commits[244f13ac-34be-4c4e-8e45-0c0272edbbb2:c1039, 6287e41a-5356-4f55-84f2-270816d53e84:c1037, a2c18d3d-e79d-47c9-88fe-d8a1d195302b:c1037]
2019-08-23 11:31:26,844 | INFO  | DNAudit | user=null | ip=null | op=PUT_BLOCK {blockData=[blockId=conID: 1 locID: 102666068571455913 bcsId: 0,size=4194304]} | ret=SUCCESS |  
2019-08-23 11:31:26,845 [grpc-default-executor-2] INFO  client.GrpcClientProtocolClient (GrpcClientProtocolClient.java:onNext(255)) - client-C9E345EC67ED->244f13ac-34be-4c4e-8e45-0c0272edbbb2: receive RaftClientReply:client-C9E345EC67ED->244f13ac-34be-4c4e-8e45-0c0272edbbb2@group-FE77C852EF02, cid=825, SUCCESS, logIndex=1039, commits[244f13ac-34be-4c4e-8e45-0c0272edbbb2:c1039, 6287e41a-5356-4f55-84f2-270816d53e84:c1037, a2c18d3d-e79d-47c9-88fe-d8a1d195302b:c1037]
2019-08-23 11:31:26,853 | INFO  | DNAudit | user=null | ip=null | op=WRITE_CHUNK {blockData=conID: 1 locID: 102666068571455913 bcsId: 1035} | ret=SUCCESS |  
2019-08-23 11:31:26,853 | INFO  | DNAudit | user=null | ip=null | op=WRITE_CHUNK {blockData=conID: 1 locID: 102666068571455913 bcsId: 1035} | ret=SUCCESS |  
2019-08-23 11:31:26,853 | INFO  | DNAudit | user=null | ip=null | op=PUT_BLOCK {blockData=[blockId=conID: 1 locID: 102666068571455913 bcsId: 0,size=4194304]} | ret=SUCCESS |  
2019-08-23 11:31:26,853 | INFO  | DNAudit | user=null | ip=null | op=PUT_BLOCK {blockData=[blockId=conID: 1 locID: 102666068571455913 bcsId: 0,size=4194304]} | ret=SUCCESS |  
2019-08-23 11:31:26,853 [grpc-default-executor-2] INFO  client.GrpcClientProtocolClient (GrpcClientProtocolClient.java:onNext(255)) - client-C9E345EC67ED->244f13ac-34be-4c4e-8e45-0c0272edbbb2: receive RaftClientReply:client-C9E345EC67ED->244f13ac-34be-4c4e-8e45-0c0272edbbb2@group-FE77C852EF02, cid=826, SUCCESS, logIndex=0, commits[244f13ac-34be-4c4e-8e45-0c0272edbbb2:c1040, 6287e41a-5356-4f55-84f2-270816d53e84:c1039, a2c18d3d-e79d-47c9-88fe-d8a1d195302b:c1039]
2019-08-23 11:31:26,859 | INFO  | DNAudit | user=null | ip=null | op=WRITE_CHUNK {blockData=conID: 2 locID: 102666068571455914 bcsId: 0} | ret=SUCCESS |  
2019-08-23 11:31:26,862 | INFO  | DNAudit | user=null | ip=null | op=WRITE_CHUNK {blockData=conID: 2 locID: 102666068571455914 bcsId: 0} | ret=SUCCESS |  
2019-08-23 11:31:26,862 | INFO  | DNAudit | user=null | ip=null | op=WRITE_CHUNK {blockData=conID: 2 locID: 102666068571455914 bcsId: 0} | ret=SUCCESS |  
2019-08-23 11:31:26,862 | INFO  | DNAudit | user=null | ip=null | op=WRITE_CHUNK {blockData=conID: 2 locID: 102666068571455914 bcsId: 0} | ret=SUCCESS |  
2019-08-23 11:31:26,865 | INFO  | DNAudit | user=null | ip=null | op=WRITE_CHUNK {blockData=conID: 2 locID: 102666068571455914 bcsId: 0} | ret=SUCCESS |  
2019-08-23 11:31:26,865 | INFO  | DNAudit | user=null | ip=null | op=WRITE_CHUNK {blockData=conID: 2 locID: 102666068571455914 bcsId: 0} | ret=SUCCESS |  
2019-08-23 11:31:26,870 | INFO  | DNAudit | user=null | ip=null | op=WRITE_CHUNK {blockData=conID: 2 locID: 102666068571455914 bcsId: 0} | ret=SUCCESS |  
2019-08-23 11:31:26,871 | INFO  | DNAudit | user=null | ip=null | op=PUT_BLOCK {blockData=[blockId=conID: 2 locID: 102666068571455914 bcsId: 0,size=1048576]} | ret=SUCCESS |  
2019-08-23 11:31:26,871 | INFO  | DNAudit | user=null | ip=null | op=WRITE_CHUNK {blockData=conID: 2 locID: 102666068571455914 bcsId: 0} | ret=SUCCESS |  
2019-08-23 11:31:26,871 [grpc-default-executor-5] INFO  client.GrpcClientProtocolClient (GrpcClientProtocolClient.java:onNext(255)) - client-C9E345EC67ED->244f13ac-34be-4c4e-8e45-0c0272edbbb2: receive RaftClientReply:client-C9E345EC67ED->244f13ac-34be-4c4e-8e45-0c0272edbbb2@group-FE77C852EF02, cid=827, SUCCESS, logIndex=1042, commits[244f13ac-34be-4c4e-8e45-0c0272edbbb2:c1043, 6287e41a-5356-4f55-84f2-270816d53e84:c1041, a2c18d3d-e79d-47c9-88fe-d8a1d195302b:c1041]
2019-08-23 11:31:26,872 | INFO  | DNAudit | user=null | ip=null | op=PUT_BLOCK {blockData=[blockId=conID: 2 locID: 102666068571455914 bcsId: 0,size=2097152]} | ret=SUCCESS |  
2019-08-23 11:31:26,872 [grpc-default-executor-5] INFO  client.GrpcClientProtocolClient (GrpcClientProtocolClient.java:onNext(255)) - client-C9E345EC67ED->244f13ac-34be-4c4e-8e45-0c0272edbbb2: receive RaftClientReply:client-C9E345EC67ED->244f13ac-34be-4c4e-8e45-0c0272edbbb2@group-FE77C852EF02, cid=828, SUCCESS, logIndex=1043, commits[244f13ac-34be-4c4e-8e45-0c0272edbbb2:c1043, 6287e41a-5356-4f55-84f2-270816d53e84:c1041, a2c18d3d-e79d-47c9-88fe-d8a1d195302b:c1041]
2019-08-23 11:31:26,872 [grpc-default-executor-5] INFO  client.GrpcClientProtocolClient (GrpcClientProtocolClient.java:onNext(255)) - client-C9E345EC67ED->244f13ac-34be-4c4e-8e45-0c0272edbbb2: receive RaftClientReply:client-C9E345EC67ED->244f13ac-34be-4c4e-8e45-0c0272edbbb2@group-FE77C852EF02, cid=829, SUCCESS, logIndex=1044, commits[244f13ac-34be-4c4e-8e45-0c0272edbbb2:c1045, 6287e41a-5356-4f55-84f2-270816d53e84:c1041, a2c18d3d-e79d-47c9-88fe-d8a1d195302b:c1041]
2019-08-23 11:31:26,872 | INFO  | DNAudit | user=null | ip=null | op=WRITE_CHUNK {blockData=conID: 2 locID: 102666068571455914 bcsId: 0} | ret=SUCCESS |  
2019-08-23 11:31:26,872 [grpc-default-executor-5] INFO  client.GrpcClientProtocolClient (GrpcClientProtocolClient.java:onNext(255)) - client-C9E345EC67ED->244f13ac-34be-4c4e-8e45-0c0272edbbb2: receive RaftClientReply:client-C9E345EC67ED->244f13ac-34be-4c4e-8e45-0c0272edbbb2@group-FE77C852EF02, cid=830, SUCCESS, logIndex=1045, commits[244f13ac-34be-4c4e-8e45-0c0272edbbb2:c1045, 6287e41a-5356-4f55-84f2-270816d53e84:c1041, a2c18d3d-e79d-47c9-88fe-d8a1d195302b:c1041]
2019-08-23 11:31:26,872 | INFO  | DNAudit | user=null | ip=null | op=PUT_BLOCK {blockData=[blockId=conID: 2 locID: 102666068571455914 bcsId: 0,size=1048576]} | ret=SUCCESS |  
2019-08-23 11:31:26,873 | INFO  | DNAudit | user=null | ip=null | op=WRITE_CHUNK {blockData=conID: 2 locID: 102666068571455914 bcsId: 0} | ret=SUCCESS |  
2019-08-23 11:31:26,873 | INFO  | DNAudit | user=null | ip=null | op=PUT_BLOCK {blockData=[blockId=conID: 2 locID: 102666068571455914 bcsId: 0,size=1048576]} | ret=SUCCESS |  
2019-08-23 11:31:26,874 | INFO  | DNAudit | user=null | ip=null | op=WRITE_CHUNK {blockData=conID: 2 locID: 102666068571455914 bcsId: 0} | ret=SUCCESS |  
2019-08-23 11:31:26,874 [grpc-default-executor-5] INFO  client.GrpcClientProtocolClient (GrpcClientProtocolClient.java:onNext(255)) - client-C9E345EC67ED->244f13ac-34be-4c4e-8e45-0c0272edbbb2: receive RaftClientReply:client-C9E345EC67ED->244f13ac-34be-4c4e-8e45-0c0272edbbb2@group-FE77C852EF02, cid=831, SUCCESS, logIndex=0, commits[244f13ac-34be-4c4e-8e45-0c0272edbbb2:c1047, 6287e41a-5356-4f55-84f2-270816d53e84:c1043, a2c18d3d-e79d-47c9-88fe-d8a1d195302b:c1043]
2019-08-23 11:31:26,874 | INFO  | DNAudit | user=null | ip=null | op=PUT_BLOCK {blockData=[blockId=conID: 2 locID: 102666068571455914 bcsId: 0,size=2097152]} | ret=SUCCESS |  
2019-08-23 11:31:26,874 | INFO  | DNAudit | user=null | ip=null | op=WRITE_CHUNK {blockData=conID: 2 locID: 102666068571455914 bcsId: 0} | ret=SUCCESS |  
2019-08-23 11:31:26,875 | INFO  | DNAudit | user=null | ip=null | op=PUT_BLOCK {blockData=[blockId=conID: 2 locID: 102666068571455914 bcsId: 0,size=2097152]} | ret=SUCCESS |  
2019-08-23 11:31:26,880 | INFO  | DNAudit | user=null | ip=null | op=WRITE_CHUNK {blockData=conID: 2 locID: 102666068571455914 bcsId: 1045} | ret=SUCCESS |  
2019-08-23 11:31:26,883 | INFO  | DNAudit | user=null | ip=null | op=WRITE_CHUNK {blockData=conID: 2 locID: 102666068571455914 bcsId: 1045} | ret=SUCCESS |  
2019-08-23 11:31:26,883 | INFO  | DNAudit | user=null | ip=null | op=WRITE_CHUNK {blockData=conID: 2 locID: 102666068571455914 bcsId: 1045} | ret=SUCCESS |  
2019-08-23 11:31:26,893 | INFO  | DNAudit | user=null | ip=null | op=WRITE_CHUNK {blockData=conID: 2 locID: 102666068571455914 bcsId: 1045} | ret=SUCCESS |  
2019-08-23 11:31:26,894 | INFO  | DNAudit | user=null | ip=null | op=PUT_BLOCK {blockData=[blockId=conID: 2 locID: 102666068571455914 bcsId: 0,size=3145728]} | ret=SUCCESS |  
2019-08-23 11:31:26,894 [grpc-default-executor-5] INFO  client.GrpcClientProtocolClient (GrpcClientProtocolClient.java:onNext(255)) - client-C9E345EC67ED->244f13ac-34be-4c4e-8e45-0c0272edbbb2: receive RaftClientReply:client-C9E345EC67ED->244f13ac-34be-4c4e-8e45-0c0272edbbb2@group-FE77C852EF02, cid=832, SUCCESS, logIndex=1050, commits[244f13ac-34be-4c4e-8e45-0c0272edbbb2:c1051, 6287e41a-5356-4f55-84f2-270816d53e84:c1049, a2c18d3d-e79d-47c9-88fe-d8a1d195302b:c1049]
2019-08-23 11:31:26,894 [grpc-default-executor-5] INFO  client.GrpcClientProtocolClient (GrpcClientProtocolClient.java:onNext(255)) - client-C9E345EC67ED->244f13ac-34be-4c4e-8e45-0c0272edbbb2: receive RaftClientReply:client-C9E345EC67ED->244f13ac-34be-4c4e-8e45-0c0272edbbb2@group-FE77C852EF02, cid=833, SUCCESS, logIndex=1051, commits[244f13ac-34be-4c4e-8e45-0c0272edbbb2:c1051, 6287e41a-5356-4f55-84f2-270816d53e84:c1049, a2c18d3d-e79d-47c9-88fe-d8a1d195302b:c1049]
2019-08-23 11:31:26,901 | INFO  | DNAudit | user=null | ip=null | op=WRITE_CHUNK {blockData=conID: 2 locID: 102666068571455914 bcsId: 1051} | ret=SUCCESS |  
2019-08-23 11:31:26,903 | INFO  | DNAudit | user=null | ip=null | op=WRITE_CHUNK {blockData=conID: 2 locID: 102666068571455914 bcsId: 1051} | ret=SUCCESS |  
2019-08-23 11:31:26,903 | INFO  | DNAudit | user=null | ip=null | op=WRITE_CHUNK {blockData=conID: 2 locID: 102666068571455914 bcsId: 1045} | ret=SUCCESS |  
2019-08-23 11:31:26,903 | INFO  | DNAudit | user=null | ip=null | op=WRITE_CHUNK {blockData=conID: 2 locID: 102666068571455914 bcsId: 1051} | ret=SUCCESS |  
2019-08-23 11:31:26,903 | INFO  | DNAudit | user=null | ip=null | op=WRITE_CHUNK {blockData=conID: 2 locID: 102666068571455914 bcsId: 1045} | ret=SUCCESS |  
2019-08-23 11:31:26,904 | INFO  | DNAudit | user=null | ip=null | op=PUT_BLOCK {blockData=[blockId=conID: 2 locID: 102666068571455914 bcsId: 0,size=3145728]} | ret=SUCCESS |  
2019-08-23 11:31:26,904 | INFO  | DNAudit | user=null | ip=null | op=PUT_BLOCK {blockData=[blockId=conID: 2 locID: 102666068571455914 bcsId: 0,size=3145728]} | ret=SUCCESS |  
2019-08-23 11:31:26,905 | INFO  | DNAudit | user=null | ip=null | op=WRITE_CHUNK {blockData=conID: 2 locID: 102666068571455914 bcsId: 1051} | ret=SUCCESS |  
2019-08-23 11:31:26,905 | INFO  | DNAudit | user=null | ip=null | op=PUT_BLOCK {blockData=[blockId=conID: 2 locID: 102666068571455914 bcsId: 0,size=4194304]} | ret=SUCCESS |  
2019-08-23 11:31:26,906 [grpc-default-executor-5] INFO  client.GrpcClientProtocolClient (GrpcClientProtocolClient.java:onNext(255)) - client-C9E345EC67ED->244f13ac-34be-4c4e-8e45-0c0272edbbb2: receive RaftClientReply:client-C9E345EC67ED->244f13ac-34be-4c4e-8e45-0c0272edbbb2@group-FE77C852EF02, cid=834, SUCCESS, logIndex=1054, commits[244f13ac-34be-4c4e-8e45-0c0272edbbb2:c1055, 6287e41a-5356-4f55-84f2-270816d53e84:c1051, a2c18d3d-e79d-47c9-88fe-d8a1d195302b:c1051]
2019-08-23 11:31:26,906 [grpc-default-executor-5] INFO  client.GrpcClientProtocolClient (GrpcClientProtocolClient.java:onNext(255)) - client-C9E345EC67ED->244f13ac-34be-4c4e-8e45-0c0272edbbb2: receive RaftClientReply:client-C9E345EC67ED->244f13ac-34be-4c4e-8e45-0c0272edbbb2@group-FE77C852EF02, cid=835, SUCCESS, logIndex=1055, commits[244f13ac-34be-4c4e-8e45-0c0272edbbb2:c1055, 6287e41a-5356-4f55-84f2-270816d53e84:c1051, a2c18d3d-e79d-47c9-88fe-d8a1d195302b:c1051]
2019-08-23 11:31:26,907 | INFO  | DNAudit | user=null | ip=null | op=WRITE_CHUNK {blockData=conID: 2 locID: 102666068571455914 bcsId: 1051} | ret=SUCCESS |  
2019-08-23 11:31:26,907 | INFO  | DNAudit | user=null | ip=null | op=WRITE_CHUNK {blockData=conID: 2 locID: 102666068571455914 bcsId: 1051} | ret=SUCCESS |  
2019-08-23 11:31:26,908 | INFO  | DNAudit | user=null | ip=null | op=PUT_BLOCK {blockData=[blockId=conID: 2 locID: 102666068571455914 bcsId: 0,size=4194304]} | ret=SUCCESS |  
2019-08-23 11:31:26,908 | INFO  | DNAudit | user=null | ip=null | op=PUT_BLOCK {blockData=[blockId=conID: 2 locID: 102666068571455914 bcsId: 0,size=4194304]} | ret=SUCCESS |  
2019-08-23 11:31:26,909 [grpc-default-executor-5] INFO  client.GrpcClientProtocolClient (GrpcClientProtocolClient.java:onNext(255)) - client-C9E345EC67ED->244f13ac-34be-4c4e-8e45-0c0272edbbb2: receive RaftClientReply:client-C9E345EC67ED->244f13ac-34be-4c4e-8e45-0c0272edbbb2@group-FE77C852EF02, cid=836, SUCCESS, logIndex=0, commits[244f13ac-34be-4c4e-8e45-0c0272edbbb2:c1057, 6287e41a-5356-4f55-84f2-270816d53e84:c1055, a2c18d3d-e79d-47c9-88fe-d8a1d195302b:c1055]
2019-08-23 11:31:26,915 | INFO  | DNAudit | user=null | ip=null | op=WRITE_CHUNK {blockData=conID: 3 locID: 102666068571455915 bcsId: 0} | ret=SUCCESS |  
2019-08-23 11:31:26,917 | INFO  | DNAudit | user=null | ip=null | op=WRITE_CHUNK {blockData=conID: 3 locID: 102666068571455915 bcsId: 0} | ret=SUCCESS |  
2019-08-23 11:31:26,918 | INFO  | DNAudit | user=null | ip=null | op=WRITE_CHUNK {blockData=conID: 3 locID: 102666068571455915 bcsId: 0} | ret=SUCCESS |  
2019-08-23 11:31:26,918 | INFO  | DNAudit | user=null | ip=null | op=WRITE_CHUNK {blockData=conID: 3 locID: 102666068571455915 bcsId: 0} | ret=SUCCESS |  
2019-08-23 11:31:26,920 | INFO  | DNAudit | user=null | ip=null | op=WRITE_CHUNK {blockData=conID: 3 locID: 102666068571455915 bcsId: 0} | ret=SUCCESS |  
2019-08-23 11:31:26,920 | INFO  | DNAudit | user=null | ip=null | op=WRITE_CHUNK {blockData=conID: 3 locID: 102666068571455915 bcsId: 0} | ret=SUCCESS |  
2019-08-23 11:31:26,952 | INFO  | DNAudit | user=null | ip=null | op=WRITE_CHUNK {blockData=conID: 3 locID: 102666068571455915 bcsId: 0} | ret=SUCCESS |  
2019-08-23 11:31:26,954 | INFO  | DNAudit | user=null | ip=null | op=PUT_BLOCK {blockData=[blockId=conID: 3 locID: 102666068571455915 bcsId: 0,size=1048576]} | ret=SUCCESS |  
2019-08-23 11:31:26,954 | INFO  | DNAudit | user=null | ip=null | op=WRITE_CHUNK {blockData=conID: 3 locID: 102666068571455915 bcsId: 0} | ret=SUCCESS |  
2019-08-23 11:31:26,954 [grpc-default-executor-2] INFO  client.GrpcClientProtocolClient (GrpcClientProtocolClient.java:onNext(255)) - client-C9E345EC67ED->244f13ac-34be-4c4e-8e45-0c0272edbbb2: receive RaftClientReply:client-C9E345EC67ED->244f13ac-34be-4c4e-8e45-0c0272edbbb2@group-FE77C852EF02, cid=837, SUCCESS, logIndex=1058, commits[244f13ac-34be-4c4e-8e45-0c0272edbbb2:c1061, 6287e41a-5356-4f55-84f2-270816d53e84:c1057, a2c18d3d-e79d-47c9-88fe-d8a1d195302b:c1057]
2019-08-23 11:31:26,955 | INFO  | DNAudit | user=null | ip=null | op=PUT_BLOCK {blockData=[blockId=conID: 3 locID: 102666068571455915 bcsId: 0,size=2097152]} | ret=SUCCESS |  
2019-08-23 11:31:26,955 [grpc-default-executor-2] INFO  client.GrpcClientProtocolClient (GrpcClientProtocolClient.java:onNext(255)) - client-C9E345EC67ED->244f13ac-34be-4c4e-8e45-0c0272edbbb2: receive RaftClientReply:client-C9E345EC67ED->244f13ac-34be-4c4e-8e45-0c0272edbbb2@group-FE77C852EF02, cid=838, SUCCESS, logIndex=1059, commits[244f13ac-34be-4c4e-8e45-0c0272edbbb2:c1061, 6287e41a-5356-4f55-84f2-270816d53e84:c1057, a2c18d3d-e79d-47c9-88fe-d8a1d195302b:c1057]
2019-08-23 11:31:26,956 [grpc-default-executor-2] INFO  client.GrpcClientProtocolClient (GrpcClientProtocolClient.java:onNext(255)) - client-C9E345EC67ED->244f13ac-34be-4c4e-8e45-0c0272edbbb2: receive RaftClientReply:client-C9E345EC67ED->244f13ac-34be-4c4e-8e45-0c0272edbbb2@group-FE77C852EF02, cid=839, SUCCESS, logIndex=1060, commits[244f13ac-34be-4c4e-8e45-0c0272edbbb2:c1061, 6287e41a-5356-4f55-84f2-270816d53e84:c1057, a2c18d3d-e79d-47c9-88fe-d8a1d195302b:c1057]
2019-08-23 11:31:26,956 [grpc-default-executor-2] INFO  client.GrpcClientProtocolClient (GrpcClientProtocolClient.java:onNext(255)) - client-C9E345EC67ED->244f13ac-34be-4c4e-8e45-0c0272edbbb2: receive RaftClientReply:client-C9E345EC67ED->244f13ac-34be-4c4e-8e45-0c0272edbbb2@group-FE77C852EF02, cid=840, SUCCESS, logIndex=1061, commits[244f13ac-34be-4c4e-8e45-0c0272edbbb2:c1061, 6287e41a-5356-4f55-84f2-270816d53e84:c1057, a2c18d3d-e79d-47c9-88fe-d8a1d195302b:c1057]
2019-08-23 11:31:26,967 | INFO  | DNAudit | user=null | ip=null | op=WRITE_CHUNK {blockData=conID: 3 locID: 102666068571455915 bcsId: 0} | ret=SUCCESS |  
2019-08-23 11:31:26,967 | INFO  | DNAudit | user=null | ip=null | op=WRITE_CHUNK {blockData=conID: 3 locID: 102666068571455915 bcsId: 0} | ret=SUCCESS |  
2019-08-23 11:31:26,967 | INFO  | DNAudit | user=null | ip=null | op=PUT_BLOCK {blockData=[blockId=conID: 3 locID: 102666068571455915 bcsId: 0,size=1048576]} | ret=SUCCESS |  
2019-08-23 11:31:26,967 | INFO  | DNAudit | user=null | ip=null | op=PUT_BLOCK {blockData=[blockId=conID: 3 locID: 102666068571455915 bcsId: 0,size=1048576]} | ret=SUCCESS |  
2019-08-23 11:31:26,968 | INFO  | DNAudit | user=null | ip=null | op=WRITE_CHUNK {blockData=conID: 3 locID: 102666068571455915 bcsId: 0} | ret=SUCCESS |  
2019-08-23 11:31:26,968 | INFO  | DNAudit | user=null | ip=null | op=WRITE_CHUNK {blockData=conID: 3 locID: 102666068571455915 bcsId: 0} | ret=SUCCESS |  
2019-08-23 11:31:26,968 [grpc-default-executor-2] INFO  client.GrpcClientProtocolClient (GrpcClientProtocolClient.java:onNext(255)) - client-C9E345EC67ED->244f13ac-34be-4c4e-8e45-0c0272edbbb2: receive RaftClientReply:client-C9E345EC67ED->244f13ac-34be-4c4e-8e45-0c0272edbbb2@group-FE77C852EF02, cid=841, SUCCESS, logIndex=0, commits[244f13ac-34be-4c4e-8e45-0c0272edbbb2:c1062, 6287e41a-5356-4f55-84f2-270816d53e84:c1061, a2c18d3d-e79d-47c9-88fe-d8a1d195302b:c1061]
2019-08-23 11:31:26,968 | INFO  | DNAudit | user=null | ip=null | op=PUT_BLOCK {blockData=[blockId=conID: 3 locID: 102666068571455915 bcsId: 0,size=2097152]} | ret=SUCCESS |  
2019-08-23 11:31:26,968 | INFO  | DNAudit | user=null | ip=null | op=PUT_BLOCK {blockData=[blockId=conID: 3 locID: 102666068571455915 bcsId: 0,size=2097152]} | ret=SUCCESS |  
2019-08-23 11:31:26,976 | INFO  | DNAudit | user=null | ip=null | op=WRITE_CHUNK {blockData=conID: 3 locID: 102666068571455915 bcsId: 1061} | ret=SUCCESS |  
2019-08-23 11:31:27,185 | INFO  | DNAudit | user=null | ip=null | op=WRITE_CHUNK {blockData=conID: 3 locID: 102666068571455915 bcsId: 1061} | ret=SUCCESS |  
2019-08-23 11:31:27,185 | INFO  | SCMAudit | user=jenkins1000 | ip=192.168.5.185 | op=SEND_HEARTBEAT {datanodeUUID=6287e41a-5356-4f55-84f2-270816d53e84, command=[]} | ret=SUCCESS |  
2019-08-23 11:31:27,185 | INFO  | SCMAudit | user=jenkins1000 | ip=192.168.5.185 | op=SEND_HEARTBEAT {datanodeUUID=a2c18d3d-e79d-47c9-88fe-d8a1d195302b, command=[]} | ret=SUCCESS |  
2019-08-23 11:31:27,185 | INFO  | SCMAudit | user=jenkins1000 | ip=192.168.5.185 | op=SEND_HEARTBEAT {datanodeUUID=244f13ac-34be-4c4e-8e45-0c0272edbbb2, command=[]} | ret=SUCCESS |  
2019-08-23 11:31:27,185 | INFO  | DNAudit | user=null | ip=null | op=WRITE_CHUNK {blockData=conID: 3 locID: 102666068571455915 bcsId: 1061} | ret=SUCCESS |  
 0.00% |█                                                                                                    |  0/1 Time: 0:00:032019-08-23 11:31:27,198 | INFO  | DNAudit | user=null | ip=null | op=WRITE_CHUNK {blockData=conID: 3 locID: 102666068571455915 bcsId: 1061} | ret=SUCCESS |  
2019-08-23 11:31:27,198 | INFO  | DNAudit | user=null | ip=null | op=PUT_BLOCK {blockData=[blockId=conID: 3 locID: 102666068571455915 bcsId: 0,size=3145728]} | ret=SUCCESS |  
2019-08-23 11:31:27,199 [grpc-default-executor-5] INFO  client.GrpcClientProtocolClient (GrpcClientProtocolClient.java:onNext(255)) - client-C9E345EC67ED->244f13ac-34be-4c4e-8e45-0c0272edbbb2: receive RaftClientReply:client-C9E345EC67ED->244f13ac-34be-4c4e-8e45-0c0272edbbb2@group-FE77C852EF02, cid=842, SUCCESS, logIndex=1064, commits[244f13ac-34be-4c4e-8e45-0c0272edbbb2:c1065, 6287e41a-5356-4f55-84f2-270816d53e84:c1063, a2c18d3d-e79d-47c9-88fe-d8a1d195302b:c1063]
2019-08-23 11:31:27,200 [grpc-default-executor-5] INFO  client.GrpcClientProtocolClient (GrpcClientProtocolClient.java:onNext(255)) - client-C9E345EC67ED->244f13ac-34be-4c4e-8e45-0c0272edbbb2: receive RaftClientReply:client-C9E345EC67ED->244f13ac-34be-4c4e-8e45-0c0272edbbb2@group-FE77C852EF02, cid=843, SUCCESS, logIndex=1065, commits[244f13ac-34be-4c4e-8e45-0c0272edbbb2:c1065, 6287e41a-5356-4f55-84f2-270816d53e84:c1063, a2c18d3d-e79d-47c9-88fe-d8a1d195302b:c1063]
2019-08-23 11:31:27,209 | INFO  | DNAudit | user=null | ip=null | op=WRITE_CHUNK {blockData=conID: 3 locID: 102666068571455915 bcsId: 1065} | ret=SUCCESS |  
2019-08-23 11:31:27,210 | INFO  | DNAudit | user=null | ip=null | op=WRITE_CHUNK {blockData=conID: 3 locID: 102666068571455915 bcsId: 1061} | ret=SUCCESS |  
2019-08-23 11:31:27,210 | INFO  | DNAudit | user=null | ip=null | op=WRITE_CHUNK {blockData=conID: 3 locID: 102666068571455915 bcsId: 1061} | ret=SUCCESS |  
2019-08-23 11:31:27,210 | INFO  | DNAudit | user=null | ip=null | op=PUT_BLOCK {blockData=[blockId=conID: 3 locID: 102666068571455915 bcsId: 0,size=3145728]} | ret=SUCCESS |  
2019-08-23 11:31:27,210 | INFO  | DNAudit | user=null | ip=null | op=PUT_BLOCK {blockData=[blockId=conID: 3 locID: 102666068571455915 bcsId: 0,size=3145728]} | ret=SUCCESS |  
2019-08-23 11:31:27,212 | INFO  | DNAudit | user=null | ip=null | op=WRITE_CHUNK {blockData=conID: 3 locID: 102666068571455915 bcsId: 1065} | ret=SUCCESS |  
2019-08-23 11:31:27,212 | INFO  | DNAudit | user=null | ip=null | op=WRITE_CHUNK {blockData=conID: 3 locID: 102666068571455915 bcsId: 1065} | ret=SUCCESS |  
2019-08-23 11:31:27,224 | INFO  | DNAudit | user=null | ip=null | op=WRITE_CHUNK {blockData=conID: 3 locID: 102666068571455915 bcsId: 1065} | ret=SUCCESS |  
2019-08-23 11:31:27,225 | INFO  | DNAudit | user=null | ip=null | op=PUT_BLOCK {blockData=[blockId=conID: 3 locID: 102666068571455915 bcsId: 0,size=4194304]} | ret=SUCCESS |  
2019-08-23 11:31:27,225 [grpc-default-executor-2] INFO  client.GrpcClientProtocolClient (GrpcClientProtocolClient.java:onNext(255)) - client-C9E345EC67ED->244f13ac-34be-4c4e-8e45-0c0272edbbb2: receive RaftClientReply:client-C9E345EC67ED->244f13ac-34be-4c4e-8e45-0c0272edbbb2@group-FE77C852EF02, cid=844, SUCCESS, logIndex=1068, commits[244f13ac-34be-4c4e-8e45-0c0272edbbb2:c1069, 6287e41a-5356-4f55-84f2-270816d53e84:c1065, a2c18d3d-e79d-47c9-88fe-d8a1d195302b:c1065]
2019-08-23 11:31:27,226 | INFO  | DNAudit | user=null | ip=null | op=WRITE_CHUNK {blockData=conID: 3 locID: 102666068571455915 bcsId: 1065} | ret=SUCCESS |  
2019-08-23 11:31:27,225 [grpc-default-executor-2] INFO  client.GrpcClientProtocolClient (GrpcClientProtocolClient.java:onNext(255)) - client-C9E345EC67ED->244f13ac-34be-4c4e-8e45-0c0272edbbb2: receive RaftClientReply:client-C9E345EC67ED->244f13ac-34be-4c4e-8e45-0c0272edbbb2@group-FE77C852EF02, cid=845, SUCCESS, logIndex=1069, commits[244f13ac-34be-4c4e-8e45-0c0272edbbb2:c1069, 6287e41a-5356-4f55-84f2-270816d53e84:c1065, a2c18d3d-e79d-47c9-88fe-d8a1d195302b:c1065]
2019-08-23 11:31:27,226 | INFO  | DNAudit | user=null | ip=null | op=WRITE_CHUNK {blockData=conID: 3 locID: 102666068571455915 bcsId: 1065} | ret=SUCCESS |  
2019-08-23 11:31:27,226 | INFO  | DNAudit | user=null | ip=null | op=PUT_BLOCK {blockData=[blockId=conID: 3 locID: 102666068571455915 bcsId: 0,size=4194304]} | ret=SUCCESS |  
2019-08-23 11:31:27,226 | INFO  | DNAudit | user=null | ip=null | op=PUT_BLOCK {blockData=[blockId=conID: 3 locID: 102666068571455915 bcsId: 0,size=4194304]} | ret=SUCCESS |  
2019-08-23 11:31:27,227 [grpc-default-executor-2] INFO  client.GrpcClientProtocolClient (GrpcClientProtocolClient.java:onNext(255)) - client-C9E345EC67ED->244f13ac-34be-4c4e-8e45-0c0272edbbb2: receive RaftClientReply:client-C9E345EC67ED->244f13ac-34be-4c4e-8e45-0c0272edbbb2@group-FE77C852EF02, cid=846, SUCCESS, logIndex=0, commits[244f13ac-34be-4c4e-8e45-0c0272edbbb2:c1070, 6287e41a-5356-4f55-84f2-270816d53e84:c1069, a2c18d3d-e79d-47c9-88fe-d8a1d195302b:c1069]
2019-08-23 11:31:27,235 | INFO  | DNAudit | user=null | ip=null | op=WRITE_CHUNK {blockData=conID: 1 locID: 102666068571455916 bcsId: 0} | ret=SUCCESS |  
2019-08-23 11:31:27,237 | INFO  | DNAudit | user=null | ip=null | op=WRITE_CHUNK {blockData=conID: 1 locID: 102666068571455916 bcsId: 0} | ret=SUCCESS |  
2019-08-23 11:31:27,239 | INFO  | DNAudit | user=null | ip=null | op=WRITE_CHUNK {blockData=conID: 1 locID: 102666068571455916 bcsId: 0} | ret=SUCCESS |  
2019-08-23 11:31:27,239 | INFO  | DNAudit | user=null | ip=null | op=WRITE_CHUNK {blockData=conID: 1 locID: 102666068571455916 bcsId: 0} | ret=SUCCESS |  
2019-08-23 11:31:27,241 | INFO  | DNAudit | user=null | ip=null | op=WRITE_CHUNK {blockData=conID: 1 locID: 102666068571455916 bcsId: 0} | ret=SUCCESS |  
2019-08-23 11:31:27,241 | INFO  | DNAudit | user=null | ip=null | op=WRITE_CHUNK {blockData=conID: 1 locID: 102666068571455916 bcsId: 0} | ret=SUCCESS |  
2019-08-23 11:31:27,248 | INFO  | DNAudit | user=null | ip=null | op=WRITE_CHUNK {blockData=conID: 1 locID: 102666068571455916 bcsId: 0} | ret=SUCCESS |  
2019-08-23 11:31:27,248 | INFO  | DNAudit | user=null | ip=null | op=PUT_BLOCK {blockData=[blockId=conID: 1 locID: 102666068571455916 bcsId: 0,size=1048576]} | ret=SUCCESS |  
2019-08-23 11:31:27,249 | INFO  | DNAudit | user=null | ip=null | op=WRITE_CHUNK {blockData=conID: 1 locID: 102666068571455916 bcsId: 0} | ret=SUCCESS |  
2019-08-23 11:31:27,249 | INFO  | DNAudit | user=null | ip=null | op=PUT_BLOCK {blockData=[blockId=conID: 1 locID: 102666068571455916 bcsId: 0,size=2097152]} | ret=SUCCESS |  
2019-08-23 11:31:27,249 [grpc-default-executor-5] INFO  client.GrpcClientProtocolClient (GrpcClientProtocolClient.java:onNext(255)) - client-C9E345EC67ED->244f13ac-34be-4c4e-8e45-0c0272edbbb2: receive RaftClientReply:client-C9E345EC67ED->244f13ac-34be-4c4e-8e45-0c0272edbbb2@group-FE77C852EF02, cid=847, SUCCESS, logIndex=1072, commits[244f13ac-34be-4c4e-8e45-0c0272edbbb2:c1073, 6287e41a-5356-4f55-84f2-270816d53e84:c1071, a2c18d3d-e79d-47c9-88fe-d8a1d195302b:c1071]
2019-08-23 11:31:27,249 | INFO  | DNAudit | user=null | ip=null | op=WRITE_CHUNK {blockData=conID: 1 locID: 102666068571455916 bcsId: 0} | ret=SUCCESS |  
2019-08-23 11:31:27,250 | INFO  | DNAudit | user=null | ip=null | op=PUT_BLOCK {blockData=[blockId=conID: 1 locID: 102666068571455916 bcsId: 0,size=1048576]} | ret=SUCCESS |  
2019-08-23 11:31:27,250 [grpc-default-executor-5] INFO  client.GrpcClientProtocolClient (GrpcClientProtocolClient.java:onNext(255)) - client-C9E345EC67ED->244f13ac-34be-4c4e-8e45-0c0272edbbb2: receive RaftClientReply:client-C9E345EC67ED->244f13ac-34be-4c4e-8e45-0c0272edbbb2@group-FE77C852EF02, cid=848, SUCCESS, logIndex=1073, commits[244f13ac-34be-4c4e-8e45-0c0272edbbb2:c1074, 6287e41a-5356-4f55-84f2-270816d53e84:c1071, a2c18d3d-e79d-47c9-88fe-d8a1d195302b:c1071]
2019-08-23 11:31:27,255 | INFO  | DNAudit | user=null | ip=null | op=WRITE_CHUNK {blockData=conID: 1 locID: 102666068571455916 bcsId: 0} | ret=SUCCESS |  
2019-08-23 11:31:27,256 | INFO  | DNAudit | user=null | ip=null | op=PUT_BLOCK {blockData=[blockId=conID: 1 locID: 102666068571455916 bcsId: 0,size=1048576]} | ret=SUCCESS |  
2019-08-23 11:31:27,256 | INFO  | DNAudit | user=null | ip=null | op=WRITE_CHUNK {blockData=conID: 1 locID: 102666068571455916 bcsId: 0} | ret=SUCCESS |  
2019-08-23 11:31:27,256 | INFO  | DNAudit | user=null | ip=null | op=WRITE_CHUNK {blockData=conID: 1 locID: 102666068571455916 bcsId: 0} | ret=SUCCESS |  
2019-08-23 11:31:27,256 [grpc-default-executor-4] INFO  client.GrpcClientProtocolClient (GrpcClientProtocolClient.java:onNext(255)) - client-C9E345EC67ED->244f13ac-34be-4c4e-8e45-0c0272edbbb2: receive RaftClientReply:client-C9E345EC67ED->244f13ac-34be-4c4e-8e45-0c0272edbbb2@group-FE77C852EF02, cid=849, SUCCESS, logIndex=1074, commits[244f13ac-34be-4c4e-8e45-0c0272edbbb2:c1075, 6287e41a-5356-4f55-84f2-270816d53e84:c1071, a2c18d3d-e79d-47c9-88fe-d8a1d195302b:c1071]
2019-08-23 11:31:27,256 | INFO  | DNAudit | user=null | ip=null | op=PUT_BLOCK {blockData=[blockId=conID: 1 locID: 102666068571455916 bcsId: 0,size=2097152]} | ret=SUCCESS |  
2019-08-23 11:31:27,256 | INFO  | DNAudit | user=null | ip=null | op=PUT_BLOCK {blockData=[blockId=conID: 1 locID: 102666068571455916 bcsId: 0,size=2097152]} | ret=SUCCESS |  
2019-08-23 11:31:27,256 [grpc-default-executor-4] INFO  client.GrpcClientProtocolClient (GrpcClientProtocolClient.java:onNext(255)) - client-C9E345EC67ED->244f13ac-34be-4c4e-8e45-0c0272edbbb2: receive RaftClientReply:client-C9E345EC67ED->244f13ac-34be-4c4e-8e45-0c0272edbbb2@group-FE77C852EF02, cid=850, SUCCESS, logIndex=1075, commits[244f13ac-34be-4c4e-8e45-0c0272edbbb2:c1075, 6287e41a-5356-4f55-84f2-270816d53e84:c1071, a2c18d3d-e79d-47c9-88fe-d8a1d195302b:c1071]
2019-08-23 11:31:27,258 [grpc-default-executor-4] INFO  client.GrpcClientProtocolClient (GrpcClientProtocolClient.java:onNext(255)) - client-C9E345EC67ED->244f13ac-34be-4c4e-8e45-0c0272edbbb2: receive RaftClientReply:client-C9E345EC67ED->244f13ac-34be-4c4e-8e45-0c0272edbbb2@group-FE77C852EF02, cid=851, SUCCESS, logIndex=0, commits[244f13ac-34be-4c4e-8e45-0c0272edbbb2:c1079, 6287e41a-5356-4f55-84f2-270816d53e84:c1075, a2c18d3d-e79d-47c9-88fe-d8a1d195302b:c1075]
2019-08-23 11:31:27,264 | INFO  | DNAudit | user=null | ip=null | op=WRITE_CHUNK {blockData=conID: 1 locID: 102666068571455916 bcsId: 1075} | ret=SUCCESS |  
2019-08-23 11:31:27,267 | INFO  | DNAudit | user=null | ip=null | op=WRITE_CHUNK {blockData=conID: 1 locID: 102666068571455916 bcsId: 1075} | ret=SUCCESS |  
2019-08-23 11:31:27,267 | INFO  | DNAudit | user=null | ip=null | op=WRITE_CHUNK {blockData=conID: 1 locID: 102666068571455916 bcsId: 1075} | ret=SUCCESS |  
2019-08-23 11:31:27,277 | INFO  | DNAudit | user=null | ip=null | op=WRITE_CHUNK {blockData=conID: 1 locID: 102666068571455916 bcsId: 1075} | ret=SUCCESS |  
2019-08-23 11:31:27,277 | INFO  | DNAudit | user=null | ip=null | op=PUT_BLOCK {blockData=[blockId=conID: 1 locID: 102666068571455916 bcsId: 0,size=3145728]} | ret=SUCCESS |  
2019-08-23 11:31:27,277 [grpc-default-executor-1] INFO  client.GrpcClientProtocolClient (GrpcClientProtocolClient.java:onNext(255)) - client-C9E345EC67ED->244f13ac-34be-4c4e-8e45-0c0272edbbb2: receive RaftClientReply:client-C9E345EC67ED->244f13ac-34be-4c4e-8e45-0c0272edbbb2@group-FE77C852EF02, cid=852, SUCCESS, logIndex=1080, commits[244f13ac-34be-4c4e-8e45-0c0272edbbb2:c1081, 6287e41a-5356-4f55-84f2-270816d53e84:c1079, a2c18d3d-e79d-47c9-88fe-d8a1d195302b:c1079]
2019-08-23 11:31:27,278 [grpc-default-executor-1] INFO  client.GrpcClientProtocolClient (GrpcClientProtocolClient.java:onNext(255)) - client-C9E345EC67ED->244f13ac-34be-4c4e-8e45-0c0272edbbb2: receive RaftClientReply:client-C9E345EC67ED->244f13ac-34be-4c4e-8e45-0c0272edbbb2@group-FE77C852EF02, cid=853, SUCCESS, logIndex=1081, commits[244f13ac-34be-4c4e-8e45-0c0272edbbb2:c1081, 6287e41a-5356-4f55-84f2-270816d53e84:c1079, a2c18d3d-e79d-47c9-88fe-d8a1d195302b:c1079]
2019-08-23 11:31:27,284 | INFO  | DNAudit | user=null | ip=null | op=WRITE_CHUNK {blockData=conID: 1 locID: 102666068571455916 bcsId: 1081} | ret=SUCCESS |  
2019-08-23 11:31:27,287 | INFO  | DNAudit | user=null | ip=null | op=WRITE_CHUNK {blockData=conID: 1 locID: 102666068571455916 bcsId: 1081} | ret=SUCCESS |  
2019-08-23 11:31:27,287 | INFO  | DNAudit | user=null | ip=null | op=WRITE_CHUNK {blockData=conID: 1 locID: 102666068571455916 bcsId: 1081} | ret=SUCCESS |  
2019-08-23 11:31:27,288 | INFO  | DNAudit | user=null | ip=null | op=WRITE_CHUNK {blockData=conID: 1 locID: 102666068571455916 bcsId: 1075} | ret=SUCCESS |  
2019-08-23 11:31:27,289 | INFO  | DNAudit | user=null | ip=null | op=WRITE_CHUNK {blockData=conID: 1 locID: 102666068571455916 bcsId: 1075} | ret=SUCCESS |  
2019-08-23 11:31:27,290 | INFO  | DNAudit | user=null | ip=null | op=PUT_BLOCK {blockData=[blockId=conID: 1 locID: 102666068571455916 bcsId: 0,size=3145728]} | ret=SUCCESS |  
2019-08-23 11:31:27,290 | INFO  | DNAudit | user=null | ip=null | op=PUT_BLOCK {blockData=[blockId=conID: 1 locID: 102666068571455916 bcsId: 0,size=3145728]} | ret=SUCCESS |  
2019-08-23 11:31:27,290 | INFO  | DNAudit | user=null | ip=null | op=WRITE_CHUNK {blockData=conID: 1 locID: 102666068571455916 bcsId: 1081} | ret=SUCCESS |  
2019-08-23 11:31:27,290 | INFO  | DNAudit | user=null | ip=null | op=PUT_BLOCK {blockData=[blockId=conID: 1 locID: 102666068571455916 bcsId: 0,size=4194304]} | ret=SUCCESS |  
2019-08-23 11:31:27,291 [grpc-default-executor-1] INFO  client.GrpcClientProtocolClient (GrpcClientProtocolClient.java:onNext(255)) - client-C9E345EC67ED->244f13ac-34be-4c4e-8e45-0c0272edbbb2: receive RaftClientReply:client-C9E345EC67ED->244f13ac-34be-4c4e-8e45-0c0272edbbb2@group-FE77C852EF02, cid=854, SUCCESS, logIndex=1084, commits[244f13ac-34be-4c4e-8e45-0c0272edbbb2:c1085, 6287e41a-5356-4f55-84f2-270816d53e84:c1081, a2c18d3d-e79d-47c9-88fe-d8a1d195302b:c1081]
2019-08-23 11:31:27,291 [grpc-default-executor-1] INFO  client.GrpcClientProtocolClient (GrpcClientProtocolClient.java:onNext(255)) - client-C9E345EC67ED->244f13ac-34be-4c4e-8e45-0c0272edbbb2: receive RaftClientReply:client-C9E345EC67ED->244f13ac-34be-4c4e-8e45-0c0272edbbb2@group-FE77C852EF02, cid=855, SUCCESS, logIndex=1085, commits[244f13ac-34be-4c4e-8e45-0c0272edbbb2:c1085, 6287e41a-5356-4f55-84f2-270816d53e84:c1081, a2c18d3d-e79d-47c9-88fe-d8a1d195302b:c1081]
2019-08-23 11:31:27,302 | INFO  | DNAudit | user=null | ip=null | op=WRITE_CHUNK {blockData=conID: 1 locID: 102666068571455916 bcsId: 1081} | ret=SUCCESS |  
2019-08-23 11:31:27,302 | INFO  | DNAudit | user=null | ip=null | op=WRITE_CHUNK {blockData=conID: 1 locID: 102666068571455916 bcsId: 1081} | ret=SUCCESS |  
2019-08-23 11:31:27,304 | INFO  | DNAudit | user=null | ip=null | op=PUT_BLOCK {blockData=[blockId=conID: 1 locID: 102666068571455916 bcsId: 0,size=4194304]} | ret=SUCCESS |  
2019-08-23 11:31:27,304 | INFO  | DNAudit | user=null | ip=null | op=PUT_BLOCK {blockData=[blockId=conID: 1 locID: 102666068571455916 bcsId: 0,size=4194304]} | ret=SUCCESS |  
2019-08-23 11:31:27,305 [grpc-default-executor-1] INFO  client.GrpcClientProtocolClient (GrpcClientProtocolClient.java:onNext(255)) - client-C9E345EC67ED->244f13ac-34be-4c4e-8e45-0c0272edbbb2: receive RaftClientReply:client-C9E345EC67ED->244f13ac-34be-4c4e-8e45-0c0272edbbb2@group-FE77C852EF02, cid=856, SUCCESS, logIndex=0, commits[244f13ac-34be-4c4e-8e45-0c0272edbbb2:c1087, 6287e41a-5356-4f55-84f2-270816d53e84:c1085, a2c18d3d-e79d-47c9-88fe-d8a1d195302b:c1085]
2019-08-23 11:31:27,311 | INFO  | DNAudit | user=null | ip=null | op=WRITE_CHUNK {blockData=conID: 2 locID: 102666068571455917 bcsId: 0} | ret=SUCCESS |  
2019-08-23 11:31:27,313 | INFO  | DNAudit | user=null | ip=null | op=WRITE_CHUNK {blockData=conID: 2 locID: 102666068571455917 bcsId: 0} | ret=SUCCESS |  
2019-08-23 11:31:27,314 | INFO  | DNAudit | user=null | ip=null | op=WRITE_CHUNK {blockData=conID: 2 locID: 102666068571455917 bcsId: 0} | ret=SUCCESS |  
2019-08-23 11:31:27,314 | INFO  | DNAudit | user=null | ip=null | op=WRITE_CHUNK {blockData=conID: 2 locID: 102666068571455917 bcsId: 0} | ret=SUCCESS |  
2019-08-23 11:31:27,315 | INFO  | DNAudit | user=null | ip=null | op=WRITE_CHUNK {blockData=conID: 2 locID: 102666068571455917 bcsId: 0} | ret=SUCCESS |  
2019-08-23 11:31:27,317 | INFO  | DNAudit | user=null | ip=null | op=WRITE_CHUNK {blockData=conID: 2 locID: 102666068571455917 bcsId: 0} | ret=SUCCESS |  
2019-08-23 11:31:27,326 | INFO  | DNAudit | user=null | ip=null | op=WRITE_CHUNK {blockData=conID: 2 locID: 102666068571455917 bcsId: 0} | ret=SUCCESS |  
2019-08-23 11:31:27,326 | INFO  | DNAudit | user=null | ip=null | op=PUT_BLOCK {blockData=[blockId=conID: 2 locID: 102666068571455917 bcsId: 0,size=1048576]} | ret=SUCCESS |  
2019-08-23 11:31:27,326 | INFO  | DNAudit | user=null | ip=null | op=WRITE_CHUNK {blockData=conID: 2 locID: 102666068571455917 bcsId: 0} | ret=SUCCESS |  
2019-08-23 11:31:27,326 [grpc-default-executor-1] INFO  client.GrpcClientProtocolClient (GrpcClientProtocolClient.java:onNext(255)) - client-C9E345EC67ED->244f13ac-34be-4c4e-8e45-0c0272edbbb2: receive RaftClientReply:client-C9E345EC67ED->244f13ac-34be-4c4e-8e45-0c0272edbbb2@group-FE77C852EF02, cid=857, SUCCESS, logIndex=1088, commits[244f13ac-34be-4c4e-8e45-0c0272edbbb2:c1089, 6287e41a-5356-4f55-84f2-270816d53e84:c1087, a2c18d3d-e79d-47c9-88fe-d8a1d195302b:c1087]
2019-08-23 11:31:27,327 | INFO  | DNAudit | user=null | ip=null | op=PUT_BLOCK {blockData=[blockId=conID: 2 locID: 102666068571455917 bcsId: 0,size=2097152]} | ret=SUCCESS |  
2019-08-23 11:31:27,327 | INFO  | DNAudit | user=null | ip=null | op=WRITE_CHUNK {blockData=conID: 2 locID: 102666068571455917 bcsId: 0} | ret=SUCCESS |  
2019-08-23 11:31:27,327 [grpc-default-executor-1] INFO  client.GrpcClientProtocolClient (GrpcClientProtocolClient.java:onNext(255)) - client-C9E345EC67ED->244f13ac-34be-4c4e-8e45-0c0272edbbb2: receive RaftClientReply:client-C9E345EC67ED->244f13ac-34be-4c4e-8e45-0c0272edbbb2@group-FE77C852EF02, cid=858, SUCCESS, logIndex=1089, commits[244f13ac-34be-4c4e-8e45-0c0272edbbb2:c1090, 6287e41a-5356-4f55-84f2-270816d53e84:c1087, a2c18d3d-e79d-47c9-88fe-d8a1d195302b:c1087]
2019-08-23 11:31:27,328 | INFO  | DNAudit | user=null | ip=null | op=PUT_BLOCK {blockData=[blockId=conID: 2 locID: 102666068571455917 bcsId: 0,size=1048576]} | ret=SUCCESS |  
2019-08-23 11:31:27,328 [grpc-default-executor-1] INFO  client.GrpcClientProtocolClient (GrpcClientProtocolClient.java:onNext(255)) - client-C9E345EC67ED->244f13ac-34be-4c4e-8e45-0c0272edbbb2: receive RaftClientReply:client-C9E345EC67ED->244f13ac-34be-4c4e-8e45-0c0272edbbb2@group-FE77C852EF02, cid=859, SUCCESS, logIndex=1090, commits[244f13ac-34be-4c4e-8e45-0c0272edbbb2:c1091, 6287e41a-5356-4f55-84f2-270816d53e84:c1087, a2c18d3d-e79d-47c9-88fe-d8a1d195302b:c1087]
2019-08-23 11:31:27,328 | INFO  | DNAudit | user=null | ip=null | op=WRITE_CHUNK {blockData=conID: 2 locID: 102666068571455917 bcsId: 0} | ret=SUCCESS |  
2019-08-23 11:31:27,328 [grpc-default-executor-5] INFO  client.GrpcClientProtocolClient (GrpcClientProtocolClient.java:onNext(255)) - client-C9E345EC67ED->244f13ac-34be-4c4e-8e45-0c0272edbbb2: receive RaftClientReply:client-C9E345EC67ED->244f13ac-34be-4c4e-8e45-0c0272edbbb2@group-FE77C852EF02, cid=860, SUCCESS, logIndex=1091, commits[244f13ac-34be-4c4e-8e45-0c0272edbbb2:c1091, 6287e41a-5356-4f55-84f2-270816d53e84:c1087, a2c18d3d-e79d-47c9-88fe-d8a1d195302b:c1087]
2019-08-23 11:31:27,328 | INFO  | DNAudit | user=null | ip=null | op=PUT_BLOCK {blockData=[blockId=conID: 2 locID: 102666068571455917 bcsId: 0,size=1048576]} | ret=SUCCESS |  
2019-08-23 11:31:27,328 | INFO  | DNAudit | user=null | ip=null | op=WRITE_CHUNK {blockData=conID: 2 locID: 102666068571455917 bcsId: 0} | ret=SUCCESS |  
2019-08-23 11:31:27,329 | INFO  | DNAudit | user=null | ip=null | op=WRITE_CHUNK {blockData=conID: 2 locID: 102666068571455917 bcsId: 0} | ret=SUCCESS |  
2019-08-23 11:31:27,329 | INFO  | DNAudit | user=null | ip=null | op=PUT_BLOCK {blockData=[blockId=conID: 2 locID: 102666068571455917 bcsId: 0,size=2097152]} | ret=SUCCESS |  
2019-08-23 11:31:27,329 | INFO  | DNAudit | user=null | ip=null | op=PUT_BLOCK {blockData=[blockId=conID: 2 locID: 102666068571455917 bcsId: 0,size=2097152]} | ret=SUCCESS |  
2019-08-23 11:31:27,329 [grpc-default-executor-1] INFO  client.GrpcClientProtocolClient (GrpcClientProtocolClient.java:onNext(255)) - client-C9E345EC67ED->244f13ac-34be-4c4e-8e45-0c0272edbbb2: receive RaftClientReply:client-C9E345EC67ED->244f13ac-34be-4c4e-8e45-0c0272edbbb2@group-FE77C852EF02, cid=861, SUCCESS, logIndex=0, commits[244f13ac-34be-4c4e-8e45-0c0272edbbb2:c1094, 6287e41a-5356-4f55-84f2-270816d53e84:c1090, a2c18d3d-e79d-47c9-88fe-d8a1d195302b:c1089]
2019-08-23 11:31:27,335 | INFO  | DNAudit | user=null | ip=null | op=WRITE_CHUNK {blockData=conID: 2 locID: 102666068571455917 bcsId: 1091} | ret=SUCCESS |  
2019-08-23 11:31:27,337 | INFO  | DNAudit | user=null | ip=null | op=WRITE_CHUNK {blockData=conID: 2 locID: 102666068571455917 bcsId: 1091} | ret=SUCCESS |  
2019-08-23 11:31:27,337 | INFO  | DNAudit | user=null | ip=null | op=WRITE_CHUNK {blockData=conID: 2 locID: 102666068571455917 bcsId: 1091} | ret=SUCCESS |  
2019-08-23 11:31:27,348 | INFO  | DNAudit | user=null | ip=null | op=WRITE_CHUNK {blockData=conID: 2 locID: 102666068571455917 bcsId: 1091} | ret=SUCCESS |  
2019-08-23 11:31:27,348 | INFO  | DNAudit | user=null | ip=null | op=PUT_BLOCK {blockData=[blockId=conID: 2 locID: 102666068571455917 bcsId: 0,size=3145728]} | ret=SUCCESS |  
2019-08-23 11:31:27,348 [grpc-default-executor-5] INFO  client.GrpcClientProtocolClient (GrpcClientProtocolClient.java:onNext(255)) - client-C9E345EC67ED->244f13ac-34be-4c4e-8e45-0c0272edbbb2: receive RaftClientReply:client-C9E345EC67ED->244f13ac-34be-4c4e-8e45-0c0272edbbb2@group-FE77C852EF02, cid=862, SUCCESS, logIndex=1096, commits[244f13ac-34be-4c4e-8e45-0c0272edbbb2:c1097, 6287e41a-5356-4f55-84f2-270816d53e84:c1095, a2c18d3d-e79d-47c9-88fe-d8a1d195302b:c1095]
2019-08-23 11:31:27,349 [grpc-default-executor-5] INFO  client.GrpcClientProtocolClient (GrpcClientProtocolClient.java:onNext(255)) - client-C9E345EC67ED->244f13ac-34be-4c4e-8e45-0c0272edbbb2: receive RaftClientReply:client-C9E345EC67ED->244f13ac-34be-4c4e-8e45-0c0272edbbb2@group-FE77C852EF02, cid=863, SUCCESS, logIndex=1097, commits[244f13ac-34be-4c4e-8e45-0c0272edbbb2:c1097, 6287e41a-5356-4f55-84f2-270816d53e84:c1095, a2c18d3d-e79d-47c9-88fe-d8a1d195302b:c1095]
2019-08-23 11:31:27,354 | INFO  | DNAudit | user=null | ip=null | op=WRITE_CHUNK {blockData=conID: 2 locID: 102666068571455917 bcsId: 1097} | ret=SUCCESS |  
2019-08-23 11:31:27,357 | INFO  | DNAudit | user=null | ip=null | op=WRITE_CHUNK {blockData=conID: 2 locID: 102666068571455917 bcsId: 1097} | ret=SUCCESS |  
2019-08-23 11:31:27,357 | INFO  | DNAudit | user=null | ip=null | op=WRITE_CHUNK {blockData=conID: 2 locID: 102666068571455917 bcsId: 1097} | ret=SUCCESS |  
2019-08-23 11:31:27,359 | INFO  | DNAudit | user=null | ip=null | op=WRITE_CHUNK {blockData=conID: 2 locID: 102666068571455917 bcsId: 1091} | ret=SUCCESS |  
2019-08-23 11:31:27,359 | INFO  | DNAudit | user=null | ip=null | op=WRITE_CHUNK {blockData=conID: 2 locID: 102666068571455917 bcsId: 1091} | ret=SUCCESS |  
2019-08-23 11:31:27,360 | INFO  | DNAudit | user=null | ip=null | op=PUT_BLOCK {blockData=[blockId=conID: 2 locID: 102666068571455917 bcsId: 0,size=3145728]} | ret=SUCCESS |  
2019-08-23 11:31:27,360 | INFO  | DNAudit | user=null | ip=null | op=PUT_BLOCK {blockData=[blockId=conID: 2 locID: 102666068571455917 bcsId: 0,size=3145728]} | ret=SUCCESS |  
2019-08-23 11:31:27,361 | INFO  | DNAudit | user=null | ip=null | op=WRITE_CHUNK {blockData=conID: 2 locID: 102666068571455917 bcsId: 1097} | ret=SUCCESS |  
2019-08-23 11:31:27,361 | INFO  | DNAudit | user=null | ip=null | op=PUT_BLOCK {blockData=[blockId=conID: 2 locID: 102666068571455917 bcsId: 0,size=4194304]} | ret=SUCCESS |  
2019-08-23 11:31:27,361 [grpc-default-executor-1] INFO  client.GrpcClientProtocolClient (GrpcClientProtocolClient.java:onNext(255)) - client-C9E345EC67ED->244f13ac-34be-4c4e-8e45-0c0272edbbb2: receive RaftClientReply:client-C9E345EC67ED->244f13ac-34be-4c4e-8e45-0c0272edbbb2@group-FE77C852EF02, cid=864, SUCCESS, logIndex=1100, commits[244f13ac-34be-4c4e-8e45-0c0272edbbb2:c1101, 6287e41a-5356-4f55-84f2-270816d53e84:c1097, a2c18d3d-e79d-47c9-88fe-d8a1d195302b:c1097]
2019-08-23 11:31:27,362 [grpc-default-executor-1] INFO  client.GrpcClientProtocolClient (GrpcClientProtocolClient.java:onNext(255)) - client-C9E345EC67ED->244f13ac-34be-4c4e-8e45-0c0272edbbb2: receive RaftClientReply:client-C9E345EC67ED->244f13ac-34be-4c4e-8e45-0c0272edbbb2@group-FE77C852EF02, cid=865, SUCCESS, logIndex=1101, commits[244f13ac-34be-4c4e-8e45-0c0272edbbb2:c1101, 6287e41a-5356-4f55-84f2-270816d53e84:c1097, a2c18d3d-e79d-47c9-88fe-d8a1d195302b:c1097]
2019-08-23 11:31:27,371 | INFO  | DNAudit | user=null | ip=null | op=WRITE_CHUNK {blockData=conID: 2 locID: 102666068571455917 bcsId: 1097} | ret=SUCCESS |  
2019-08-23 11:31:27,371 | INFO  | DNAudit | user=null | ip=null | op=WRITE_CHUNK {blockData=conID: 2 locID: 102666068571455917 bcsId: 1097} | ret=SUCCESS |  
2019-08-23 11:31:27,372 | INFO  | DNAudit | user=null | ip=null | op=PUT_BLOCK {blockData=[blockId=conID: 2 locID: 102666068571455917 bcsId: 0,size=4194304]} | ret=SUCCESS |  
2019-08-23 11:31:27,372 | INFO  | DNAudit | user=null | ip=null | op=PUT_BLOCK {blockData=[blockId=conID: 2 locID: 102666068571455917 bcsId: 0,size=4194304]} | ret=SUCCESS |  
2019-08-23 11:31:27,372 [grpc-default-executor-1] INFO  client.GrpcClientProtocolClient (GrpcClientProtocolClient.java:onNext(255)) - client-C9E345EC67ED->244f13ac-34be-4c4e-8e45-0c0272edbbb2: receive RaftClientReply:client-C9E345EC67ED->244f13ac-34be-4c4e-8e45-0c0272edbbb2@group-FE77C852EF02, cid=866, SUCCESS, logIndex=0, commits[244f13ac-34be-4c4e-8e45-0c0272edbbb2:c1103, 6287e41a-5356-4f55-84f2-270816d53e84:c1101, a2c18d3d-e79d-47c9-88fe-d8a1d195302b:c1101]
2019-08-23 11:31:27,378 | INFO  | DNAudit | user=null | ip=null | op=WRITE_CHUNK {blockData=conID: 3 locID: 102666068571455918 bcsId: 0} | ret=SUCCESS |  
2019-08-23 11:31:27,380 | INFO  | DNAudit | user=null | ip=null | op=WRITE_CHUNK {blockData=conID: 3 locID: 102666068571455918 bcsId: 0} | ret=SUCCESS |  
2019-08-23 11:31:27,382 | INFO  | DNAudit | user=null | ip=null | op=WRITE_CHUNK {blockData=conID: 3 locID: 102666068571455918 bcsId: 0} | ret=SUCCESS |  
2019-08-23 11:31:27,382 | INFO  | DNAudit | user=null | ip=null | op=WRITE_CHUNK {blockData=conID: 3 locID: 102666068571455918 bcsId: 0} | ret=SUCCESS |  
2019-08-23 11:31:27,385 | INFO  | DNAudit | user=null | ip=null | op=WRITE_CHUNK {blockData=conID: 3 locID: 102666068571455918 bcsId: 0} | ret=SUCCESS |  
2019-08-23 11:31:27,385 | INFO  | DNAudit | user=null | ip=null | op=WRITE_CHUNK {blockData=conID: 3 locID: 102666068571455918 bcsId: 0} | ret=SUCCESS |  
2019-08-23 11:31:27,389 | INFO  | DNAudit | user=null | ip=null | op=WRITE_CHUNK {blockData=conID: 3 locID: 102666068571455918 bcsId: 0} | ret=SUCCESS |  
2019-08-23 11:31:27,389 | INFO  | DNAudit | user=null | ip=null | op=PUT_BLOCK {blockData=[blockId=conID: 3 locID: 102666068571455918 bcsId: 0,size=1048576]} | ret=SUCCESS |  
2019-08-23 11:31:27,390 [grpc-default-executor-2] INFO  client.GrpcClientProtocolClient (GrpcClientProtocolClient.java:onNext(255)) - client-C9E345EC67ED->244f13ac-34be-4c4e-8e45-0c0272edbbb2: receive RaftClientReply:client-C9E345EC67ED->244f13ac-34be-4c4e-8e45-0c0272edbbb2@group-FE77C852EF02, cid=867, SUCCESS, logIndex=1104, commits[244f13ac-34be-4c4e-8e45-0c0272edbbb2:c1105, 6287e41a-5356-4f55-84f2-270816d53e84:c1103, a2c18d3d-e79d-47c9-88fe-d8a1d195302b:c1103]
2019-08-23 11:31:27,390 | INFO  | DNAudit | user=null | ip=null | op=WRITE_CHUNK {blockData=conID: 3 locID: 102666068571455918 bcsId: 0} | ret=SUCCESS |  
2019-08-23 11:31:27,390 [grpc-default-executor-2] INFO  client.GrpcClientProtocolClient (GrpcClientProtocolClient.java:onNext(255)) - client-C9E345EC67ED->244f13ac-34be-4c4e-8e45-0c0272edbbb2: receive RaftClientReply:client-C9E345EC67ED->244f13ac-34be-4c4e-8e45-0c0272edbbb2@group-FE77C852EF02, cid=868, SUCCESS, logIndex=1105, commits[244f13ac-34be-4c4e-8e45-0c0272edbbb2:c1105, 6287e41a-5356-4f55-84f2-270816d53e84:c1103, a2c18d3d-e79d-47c9-88fe-d8a1d195302b:c1103]
2019-08-23 11:31:27,390 | INFO  | DNAudit | user=null | ip=null | op=PUT_BLOCK {blockData=[blockId=conID: 3 locID: 102666068571455918 bcsId: 0,size=2097152]} | ret=SUCCESS |  
2019-08-23 11:31:27,390 [grpc-default-executor-2] INFO  client.GrpcClientProtocolClient (GrpcClientProtocolClient.java:onNext(255)) - client-C9E345EC67ED->244f13ac-34be-4c4e-8e45-0c0272edbbb2: receive RaftClientReply:client-C9E345EC67ED->244f13ac-34be-4c4e-8e45-0c0272edbbb2@group-FE77C852EF02, cid=869, SUCCESS, logIndex=1106, commits[244f13ac-34be-4c4e-8e45-0c0272edbbb2:c1107, 6287e41a-5356-4f55-84f2-270816d53e84:c1103, a2c18d3d-e79d-47c9-88fe-d8a1d195302b:c1103]
2019-08-23 11:31:27,391 [grpc-default-executor-2] INFO  client.GrpcClientProtocolClient (GrpcClientProtocolClient.java:onNext(255)) - client-C9E345EC67ED->244f13ac-34be-4c4e-8e45-0c0272edbbb2: receive RaftClientReply:client-C9E345EC67ED->244f13ac-34be-4c4e-8e45-0c0272edbbb2@group-FE77C852EF02, cid=870, SUCCESS, logIndex=1107, commits[244f13ac-34be-4c4e-8e45-0c0272edbbb2:c1107, 6287e41a-5356-4f55-84f2-270816d53e84:c1103, a2c18d3d-e79d-47c9-88fe-d8a1d195302b:c1103]
2019-08-23 11:31:27,401 | INFO  | DNAudit | user=null | ip=null | op=WRITE_CHUNK {blockData=conID: 3 locID: 102666068571455918 bcsId: 0} | ret=SUCCESS |  
2019-08-23 11:31:27,401 | INFO  | DNAudit | user=null | ip=null | op=PUT_BLOCK {blockData=[blockId=conID: 3 locID: 102666068571455918 bcsId: 0,size=1048576]} | ret=SUCCESS |  
2019-08-23 11:31:27,401 | INFO  | DNAudit | user=null | ip=null | op=WRITE_CHUNK {blockData=conID: 3 locID: 102666068571455918 bcsId: 0} | ret=SUCCESS |  
2019-08-23 11:31:27,401 | INFO  | DNAudit | user=null | ip=null | op=PUT_BLOCK {blockData=[blockId=conID: 3 locID: 102666068571455918 bcsId: 0,size=1048576]} | ret=SUCCESS |  
2019-08-23 11:31:27,402 | INFO  | DNAudit | user=null | ip=null | op=WRITE_CHUNK {blockData=conID: 3 locID: 102666068571455918 bcsId: 0} | ret=SUCCESS |  
2019-08-23 11:31:27,402 | INFO  | DNAudit | user=null | ip=null | op=WRITE_CHUNK {blockData=conID: 3 locID: 102666068571455918 bcsId: 0} | ret=SUCCESS |  
2019-08-23 11:31:27,402 | INFO  | DNAudit | user=null | ip=null | op=PUT_BLOCK {blockData=[blockId=conID: 3 locID: 102666068571455918 bcsId: 0,size=2097152]} | ret=SUCCESS |  
2019-08-23 11:31:27,402 | INFO  | DNAudit | user=null | ip=null | op=PUT_BLOCK {blockData=[blockId=conID: 3 locID: 102666068571455918 bcsId: 0,size=2097152]} | ret=SUCCESS |  
2019-08-23 11:31:27,402 [grpc-default-executor-2] INFO  client.GrpcClientProtocolClient (GrpcClientProtocolClient.java:onNext(255)) - client-C9E345EC67ED->244f13ac-34be-4c4e-8e45-0c0272edbbb2: receive RaftClientReply:client-C9E345EC67ED->244f13ac-34be-4c4e-8e45-0c0272edbbb2@group-FE77C852EF02, cid=871, SUCCESS, logIndex=0, commits[244f13ac-34be-4c4e-8e45-0c0272edbbb2:c1109, 6287e41a-5356-4f55-84f2-270816d53e84:c1105, a2c18d3d-e79d-47c9-88fe-d8a1d195302b:c1105]
2019-08-23 11:31:27,408 | INFO  | DNAudit | user=null | ip=null | op=WRITE_CHUNK {blockData=conID: 3 locID: 102666068571455918 bcsId: 1107} | ret=SUCCESS |  
2019-08-23 11:31:27,409 | INFO  | DNAudit | user=null | ip=null | op=WRITE_CHUNK {blockData=conID: 3 locID: 102666068571455918 bcsId: 1107} | ret=SUCCESS |  
2019-08-23 11:31:27,410 | INFO  | DNAudit | user=null | ip=null | op=WRITE_CHUNK {blockData=conID: 3 locID: 102666068571455918 bcsId: 1107} | ret=SUCCESS |  
2019-08-23 11:31:27,419 | INFO  | DNAudit | user=null | ip=null | op=WRITE_CHUNK {blockData=conID: 3 locID: 102666068571455918 bcsId: 1107} | ret=SUCCESS |  
2019-08-23 11:31:27,419 | INFO  | DNAudit | user=null | ip=null | op=PUT_BLOCK {blockData=[blockId=conID: 3 locID: 102666068571455918 bcsId: 0,size=3145728]} | ret=SUCCESS |  
2019-08-23 11:31:27,419 [grpc-default-executor-1] INFO  client.GrpcClientProtocolClient (GrpcClientProtocolClient.java:onNext(255)) - client-C9E345EC67ED->244f13ac-34be-4c4e-8e45-0c0272edbbb2: receive RaftClientReply:client-C9E345EC67ED->244f13ac-34be-4c4e-8e45-0c0272edbbb2@group-FE77C852EF02, cid=872, SUCCESS, logIndex=1112, commits[244f13ac-34be-4c4e-8e45-0c0272edbbb2:c1113, 6287e41a-5356-4f55-84f2-270816d53e84:c1111, a2c18d3d-e79d-47c9-88fe-d8a1d195302b:c1111]
2019-08-23 11:31:27,420 [grpc-default-executor-1] INFO  client.GrpcClientProtocolClient (GrpcClientProtocolClient.java:onNext(255)) - client-C9E345EC67ED->244f13ac-34be-4c4e-8e45-0c0272edbbb2: receive RaftClientReply:client-C9E345EC67ED->244f13ac-34be-4c4e-8e45-0c0272edbbb2@group-FE77C852EF02, cid=873, SUCCESS, logIndex=1113, commits[244f13ac-34be-4c4e-8e45-0c0272edbbb2:c1113, 6287e41a-5356-4f55-84f2-270816d53e84:c1111, a2c18d3d-e79d-47c9-88fe-d8a1d195302b:c1111]
2019-08-23 11:31:27,425 | INFO  | DNAudit | user=null | ip=null | op=WRITE_CHUNK {blockData=conID: 3 locID: 102666068571455918 bcsId: 1113} | ret=SUCCESS |  
2019-08-23 11:31:27,428 | INFO  | DNAudit | user=null | ip=null | op=WRITE_CHUNK {blockData=conID: 3 locID: 102666068571455918 bcsId: 1113} | ret=SUCCESS |  
2019-08-23 11:31:27,428 | INFO  | DNAudit | user=null | ip=null | op=WRITE_CHUNK {blockData=conID: 3 locID: 102666068571455918 bcsId: 1113} | ret=SUCCESS |  
2019-08-23 11:31:27,429 | INFO  | DNAudit | user=null | ip=null | op=WRITE_CHUNK {blockData=conID: 3 locID: 102666068571455918 bcsId: 1107} | ret=SUCCESS |  
2019-08-23 11:31:27,429 | INFO  | DNAudit | user=null | ip=null | op=WRITE_CHUNK {blockData=conID: 3 locID: 102666068571455918 bcsId: 1107} | ret=SUCCESS |  
2019-08-23 11:31:27,429 | INFO  | DNAudit | user=null | ip=null | op=PUT_BLOCK {blockData=[blockId=conID: 3 locID: 102666068571455918 bcsId: 0,size=3145728]} | ret=SUCCESS |  
2019-08-23 11:31:27,429 | INFO  | DNAudit | user=null | ip=null | op=PUT_BLOCK {blockData=[blockId=conID: 3 locID: 102666068571455918 bcsId: 0,size=3145728]} | ret=SUCCESS |  
2019-08-23 11:31:27,431 | INFO  | DNAudit | user=null | ip=null | op=WRITE_CHUNK {blockData=conID: 3 locID: 102666068571455918 bcsId: 1113} | ret=SUCCESS |  
2019-08-23 11:31:27,431 | INFO  | DNAudit | user=null | ip=null | op=PUT_BLOCK {blockData=[blockId=conID: 3 locID: 102666068571455918 bcsId: 0,size=4194304]} | ret=SUCCESS |  
2019-08-23 11:31:27,431 [grpc-default-executor-1] INFO  client.GrpcClientProtocolClient (GrpcClientProtocolClient.java:onNext(255)) - client-C9E345EC67ED->244f13ac-34be-4c4e-8e45-0c0272edbbb2: receive RaftClientReply:client-C9E345EC67ED->244f13ac-34be-4c4e-8e45-0c0272edbbb2@group-FE77C852EF02, cid=874, SUCCESS, logIndex=1116, commits[244f13ac-34be-4c4e-8e45-0c0272edbbb2:c1117, 6287e41a-5356-4f55-84f2-270816d53e84:c1113, a2c18d3d-e79d-47c9-88fe-d8a1d195302b:c1113]
2019-08-23 11:31:27,431 [grpc-default-executor-1] INFO  client.GrpcClientProtocolClient (GrpcClientProtocolClient.java:onNext(255)) - client-C9E345EC67ED->244f13ac-34be-4c4e-8e45-0c0272edbbb2: receive RaftClientReply:client-C9E345EC67ED->244f13ac-34be-4c4e-8e45-0c0272edbbb2@group-FE77C852EF02, cid=875, SUCCESS, logIndex=1117, commits[244f13ac-34be-4c4e-8e45-0c0272edbbb2:c1117, 6287e41a-5356-4f55-84f2-270816d53e84:c1113, a2c18d3d-e79d-47c9-88fe-d8a1d195302b:c1113]
2019-08-23 11:31:27,441 | INFO  | DNAudit | user=null | ip=null | op=WRITE_CHUNK {blockData=conID: 3 locID: 102666068571455918 bcsId: 1113} | ret=SUCCESS |  
2019-08-23 11:31:27,441 | INFO  | DNAudit | user=null | ip=null | op=WRITE_CHUNK {blockData=conID: 3 locID: 102666068571455918 bcsId: 1113} | ret=SUCCESS |  
2019-08-23 11:31:27,442 | INFO  | DNAudit | user=null | ip=null | op=PUT_BLOCK {blockData=[blockId=conID: 3 locID: 102666068571455918 bcsId: 0,size=4194304]} | ret=SUCCESS |  
2019-08-23 11:31:27,442 | INFO  | DNAudit | user=null | ip=null | op=PUT_BLOCK {blockData=[blockId=conID: 3 locID: 102666068571455918 bcsId: 0,size=4194304]} | ret=SUCCESS |  
2019-08-23 11:31:27,442 [grpc-default-executor-1] INFO  client.GrpcClientProtocolClient (GrpcClientProtocolClient.java:onNext(255)) - client-C9E345EC67ED->244f13ac-34be-4c4e-8e45-0c0272edbbb2: receive RaftClientReply:client-C9E345EC67ED->244f13ac-34be-4c4e-8e45-0c0272edbbb2@group-FE77C852EF02, cid=876, SUCCESS, logIndex=0, commits[244f13ac-34be-4c4e-8e45-0c0272edbbb2:c1119, 6287e41a-5356-4f55-84f2-270816d53e84:c1117, a2c18d3d-e79d-47c9-88fe-d8a1d195302b:c1117]
2019-08-23 11:31:27,449 | INFO  | DNAudit | user=null | ip=null | op=WRITE_CHUNK {blockData=conID: 1 locID: 102666068571521455 bcsId: 0} | ret=SUCCESS |  
2019-08-23 11:31:27,452 | INFO  | DNAudit | user=null | ip=null | op=WRITE_CHUNK {blockData=conID: 1 locID: 102666068571521455 bcsId: 0} | ret=SUCCESS |  
2019-08-23 11:31:27,452 | INFO  | DNAudit | user=null | ip=null | op=WRITE_CHUNK {blockData=conID: 1 locID: 102666068571521455 bcsId: 0} | ret=SUCCESS |  
2019-08-23 11:31:27,453 | INFO  | DNAudit | user=null | ip=null | op=WRITE_CHUNK {blockData=conID: 1 locID: 102666068571521455 bcsId: 0} | ret=SUCCESS |  
2019-08-23 11:31:27,456 | INFO  | DNAudit | user=null | ip=null | op=WRITE_CHUNK {blockData=conID: 1 locID: 102666068571521455 bcsId: 0} | ret=SUCCESS |  
2019-08-23 11:31:27,457 | INFO  | DNAudit | user=null | ip=null | op=WRITE_CHUNK {blockData=conID: 1 locID: 102666068571521455 bcsId: 0} | ret=SUCCESS |  
2019-08-23 11:31:27,458 | INFO  | DNAudit | user=null | ip=null | op=WRITE_CHUNK {blockData=conID: 1 locID: 102666068571521455 bcsId: 0} | ret=SUCCESS |  
2019-08-23 11:31:27,458 | INFO  | DNAudit | user=null | ip=null | op=PUT_BLOCK {blockData=[blockId=conID: 1 locID: 102666068571521455 bcsId: 0,size=1048576]} | ret=SUCCESS |  
2019-08-23 11:31:27,459 [grpc-default-executor-1] INFO  client.GrpcClientProtocolClient (GrpcClientProtocolClient.java:onNext(255)) - client-C9E345EC67ED->244f13ac-34be-4c4e-8e45-0c0272edbbb2: receive RaftClientReply:client-C9E345EC67ED->244f13ac-34be-4c4e-8e45-0c0272edbbb2@group-FE77C852EF02, cid=877, SUCCESS, logIndex=1120, commits[244f13ac-34be-4c4e-8e45-0c0272edbbb2:c1121, 6287e41a-5356-4f55-84f2-270816d53e84:c1119, a2c18d3d-e79d-47c9-88fe-d8a1d195302b:c1119]
2019-08-23 11:31:27,459 | INFO  | DNAudit | user=null | ip=null | op=WRITE_CHUNK {blockData=conID: 1 locID: 102666068571521455 bcsId: 0} | ret=SUCCESS |  
2019-08-23 11:31:27,459 [grpc-default-executor-1] INFO  client.GrpcClientProtocolClient (GrpcClientProtocolClient.java:onNext(255)) - client-C9E345EC67ED->244f13ac-34be-4c4e-8e45-0c0272edbbb2: receive RaftClientReply:client-C9E345EC67ED->244f13ac-34be-4c4e-8e45-0c0272edbbb2@group-FE77C852EF02, cid=878, SUCCESS, logIndex=1121, commits[244f13ac-34be-4c4e-8e45-0c0272edbbb2:c1121, 6287e41a-5356-4f55-84f2-270816d53e84:c1119, a2c18d3d-e79d-47c9-88fe-d8a1d195302b:c1119]
2019-08-23 11:31:27,460 | INFO  | DNAudit | user=null | ip=null | op=PUT_BLOCK {blockData=[blockId=conID: 1 locID: 102666068571521455 bcsId: 0,size=2097152]} | ret=SUCCESS |  
2019-08-23 11:31:27,460 [grpc-default-executor-1] INFO  client.GrpcClientProtocolClient (GrpcClientProtocolClient.java:onNext(255)) - client-C9E345EC67ED->244f13ac-34be-4c4e-8e45-0c0272edbbb2: receive RaftClientReply:client-C9E345EC67ED->244f13ac-34be-4c4e-8e45-0c0272edbbb2@group-FE77C852EF02, cid=879, SUCCESS, logIndex=1122, commits[244f13ac-34be-4c4e-8e45-0c0272edbbb2:c1123, 6287e41a-5356-4f55-84f2-270816d53e84:c1119, a2c18d3d-e79d-47c9-88fe-d8a1d195302b:c1119]
2019-08-23 11:31:27,460 | INFO  | DNAudit | user=null | ip=null | op=WRITE_CHUNK {blockData=conID: 1 locID: 102666068571521455 bcsId: 0} | ret=SUCCESS |  
2019-08-23 11:31:27,461 | INFO  | DNAudit | user=null | ip=null | op=PUT_BLOCK {blockData=[blockId=conID: 1 locID: 102666068571521455 bcsId: 0,size=1048576]} | ret=SUCCESS |  
2019-08-23 11:31:27,460 [grpc-default-executor-1] INFO  client.GrpcClientProtocolClient (GrpcClientProtocolClient.java:onNext(255)) - client-C9E345EC67ED->244f13ac-34be-4c4e-8e45-0c0272edbbb2: receive RaftClientReply:client-C9E345EC67ED->244f13ac-34be-4c4e-8e45-0c0272edbbb2@group-FE77C852EF02, cid=880, SUCCESS, logIndex=1123, commits[244f13ac-34be-4c4e-8e45-0c0272edbbb2:c1123, 6287e41a-5356-4f55-84f2-270816d53e84:c1119, a2c18d3d-e79d-47c9-88fe-d8a1d195302b:c1119]
2019-08-23 11:31:27,461 | INFO  | DNAudit | user=null | ip=null | op=WRITE_CHUNK {blockData=conID: 1 locID: 102666068571521455 bcsId: 0} | ret=SUCCESS |  
2019-08-23 11:31:27,461 | INFO  | DNAudit | user=null | ip=null | op=PUT_BLOCK {blockData=[blockId=conID: 1 locID: 102666068571521455 bcsId: 0,size=1048576]} | ret=SUCCESS |  
2019-08-23 11:31:27,462 [grpc-default-executor-1] INFO  client.GrpcClientProtocolClient (GrpcClientProtocolClient.java:onNext(255)) - client-C9E345EC67ED->244f13ac-34be-4c4e-8e45-0c0272edbbb2: receive RaftClientReply:client-C9E345EC67ED->244f13ac-34be-4c4e-8e45-0c0272edbbb2@group-FE77C852EF02, cid=881, SUCCESS, logIndex=0, commits[244f13ac-34be-4c4e-8e45-0c0272edbbb2:c1125, 6287e41a-5356-4f55-84f2-270816d53e84:c1121, a2c18d3d-e79d-47c9-88fe-d8a1d195302b:c1121]
2019-08-23 11:31:27,462 | INFO  | DNAudit | user=null | ip=null | op=WRITE_CHUNK {blockData=conID: 1 locID: 102666068571521455 bcsId: 0} | ret=SUCCESS |  
2019-08-23 11:31:27,462 | INFO  | DNAudit | user=null | ip=null | op=PUT_BLOCK {blockData=[blockId=conID: 1 locID: 102666068571521455 bcsId: 0,size=2097152]} | ret=SUCCESS |  
2019-08-23 11:31:27,463 | INFO  | DNAudit | user=null | ip=null | op=WRITE_CHUNK {blockData=conID: 1 locID: 102666068571521455 bcsId: 0} | ret=SUCCESS |  
2019-08-23 11:31:27,463 | INFO  | DNAudit | user=null | ip=null | op=PUT_BLOCK {blockData=[blockId=conID: 1 locID: 102666068571521455 bcsId: 0,size=2097152]} | ret=SUCCESS |  
2019-08-23 11:31:27,469 | INFO  | DNAudit | user=null | ip=null | op=WRITE_CHUNK {blockData=conID: 1 locID: 102666068571521455 bcsId: 1123} | ret=SUCCESS |  
2019-08-23 11:31:27,470 | INFO  | SCMAudit | user=jenkins1000 | ip=192.168.5.185 | op=SEND_HEARTBEAT {datanodeUUID=b2c34899-c5c3-4720-9d95-984efeabf4a7, command=[]} | ret=SUCCESS |  
2019-08-23 11:31:27,470 | INFO  | DNAudit | user=null | ip=null | op=WRITE_CHUNK {blockData=conID: 1 locID: 102666068571521455 bcsId: 1123} | ret=SUCCESS |  
2019-08-23 11:31:27,471 | INFO  | DNAudit | user=null | ip=null | op=WRITE_CHUNK {blockData=conID: 1 locID: 102666068571521455 bcsId: 1123} | ret=SUCCESS |  
2019-08-23 11:31:27,496 | INFO  | SCMAudit | user=jenkins1000 | ip=192.168.5.185 | op=SEND_HEARTBEAT {datanodeUUID=0d166765-8492-4439-8677-f737a7bc54ca, command=[]} | ret=SUCCESS |  
2019-08-23 11:31:27,496 | INFO  | DNAudit | user=null | ip=null | op=WRITE_CHUNK {blockData=conID: 1 locID: 102666068571521455 bcsId: 1123} | ret=SUCCESS |  
2019-08-23 11:31:27,497 | INFO  | DNAudit | user=null | ip=null | op=PUT_BLOCK {blockData=[blockId=conID: 1 locID: 102666068571521455 bcsId: 0,size=3145728]} | ret=SUCCESS |  
2019-08-23 11:31:27,497 [grpc-default-executor-1] INFO  client.GrpcClientProtocolClient (GrpcClientProtocolClient.java:onNext(255)) - client-C9E345EC67ED->244f13ac-34be-4c4e-8e45-0c0272edbbb2: receive RaftClientReply:client-C9E345EC67ED->244f13ac-34be-4c4e-8e45-0c0272edbbb2@group-FE77C852EF02, cid=882, SUCCESS, logIndex=1128, commits[244f13ac-34be-4c4e-8e45-0c0272edbbb2:c1129, 6287e41a-5356-4f55-84f2-270816d53e84:c1127, a2c18d3d-e79d-47c9-88fe-d8a1d195302b:c1127]
2019-08-23 11:31:27,498 | INFO  | DNAudit | user=null | ip=null | op=WRITE_CHUNK {blockData=conID: 1 locID: 102666068571521455 bcsId: 1123} | ret=SUCCESS |  
2019-08-23 11:31:27,497 [grpc-default-executor-1] INFO  client.GrpcClientProtocolClient (GrpcClientProtocolClient.java:onNext(255)) - client-C9E345EC67ED->244f13ac-34be-4c4e-8e45-0c0272edbbb2: receive RaftClientReply:client-C9E345EC67ED->244f13ac-34be-4c4e-8e45-0c0272edbbb2@group-FE77C852EF02, cid=883, SUCCESS, logIndex=1129, commits[244f13ac-34be-4c4e-8e45-0c0272edbbb2:c1129, 6287e41a-5356-4f55-84f2-270816d53e84:c1127, a2c18d3d-e79d-47c9-88fe-d8a1d195302b:c1127]
2019-08-23 11:31:27,498 | INFO  | DNAudit | user=null | ip=null | op=WRITE_CHUNK {blockData=conID: 1 locID: 102666068571521455 bcsId: 1123} | ret=SUCCESS |  
2019-08-23 11:31:27,499 | INFO  | DNAudit | user=null | ip=null | op=PUT_BLOCK {blockData=[blockId=conID: 1 locID: 102666068571521455 bcsId: 0,size=3145728]} | ret=SUCCESS |  
2019-08-23 11:31:27,499 | INFO  | DNAudit | user=null | ip=null | op=PUT_BLOCK {blockData=[blockId=conID: 1 locID: 102666068571521455 bcsId: 0,size=3145728]} | ret=SUCCESS |  
2019-08-23 11:31:27,505 | INFO  | DNAudit | user=null | ip=null | op=WRITE_CHUNK {blockData=conID: 1 locID: 102666068571521455 bcsId: 1129} | ret=SUCCESS |  
2019-08-23 11:31:27,508 | INFO  | DNAudit | user=null | ip=null | op=WRITE_CHUNK {blockData=conID: 1 locID: 102666068571521455 bcsId: 1129} | ret=SUCCESS |  
2019-08-23 11:31:27,508 | INFO  | DNAudit | user=null | ip=null | op=WRITE_CHUNK {blockData=conID: 1 locID: 102666068571521455 bcsId: 1129} | ret=SUCCESS |  
2019-08-23 11:31:27,517 | INFO  | DNAudit | user=null | ip=null | op=WRITE_CHUNK {blockData=conID: 1 locID: 102666068571521455 bcsId: 1129} | ret=SUCCESS |  
2019-08-23 11:31:27,518 | INFO  | DNAudit | user=null | ip=null | op=PUT_BLOCK {blockData=[blockId=conID: 1 locID: 102666068571521455 bcsId: 0,size=4194304]} | ret=SUCCESS |  
2019-08-23 11:31:27,518 [grpc-default-executor-1] INFO  client.GrpcClientProtocolClient (GrpcClientProtocolClient.java:onNext(255)) - client-C9E345EC67ED->244f13ac-34be-4c4e-8e45-0c0272edbbb2: receive RaftClientReply:client-C9E345EC67ED->244f13ac-34be-4c4e-8e45-0c0272edbbb2@group-FE77C852EF02, cid=884, SUCCESS, logIndex=1132, commits[244f13ac-34be-4c4e-8e45-0c0272edbbb2:c1133, 6287e41a-5356-4f55-84f2-270816d53e84:c1131, a2c18d3d-e79d-47c9-88fe-d8a1d195302b:c1131]
2019-08-23 11:31:27,519 [grpc-default-executor-1] INFO  client.GrpcClientProtocolClient (GrpcClientProtocolClient.java:onNext(255)) - client-C9E345EC67ED->244f13ac-34be-4c4e-8e45-0c0272edbbb2: receive RaftClientReply:client-C9E345EC67ED->244f13ac-34be-4c4e-8e45-0c0272edbbb2@group-FE77C852EF02, cid=885, SUCCESS, logIndex=1133, commits[244f13ac-34be-4c4e-8e45-0c0272edbbb2:c1133, 6287e41a-5356-4f55-84f2-270816d53e84:c1131, a2c18d3d-e79d-47c9-88fe-d8a1d195302b:c1131]
2019-08-23 11:31:27,529 | INFO  | DNAudit | user=null | ip=null | op=WRITE_CHUNK {blockData=conID: 1 locID: 102666068571521455 bcsId: 1129} | ret=SUCCESS |  
2019-08-23 11:31:27,529 | INFO  | DNAudit | user=null | ip=null | op=WRITE_CHUNK {blockData=conID: 1 locID: 102666068571521455 bcsId: 1129} | ret=SUCCESS |  
2019-08-23 11:31:27,530 | INFO  | DNAudit | user=null | ip=null | op=PUT_BLOCK {blockData=[blockId=conID: 1 locID: 102666068571521455 bcsId: 0,size=4194304]} | ret=SUCCESS |  
2019-08-23 11:31:27,530 | INFO  | DNAudit | user=null | ip=null | op=PUT_BLOCK {blockData=[blockId=conID: 1 locID: 102666068571521455 bcsId: 0,size=4194304]} | ret=SUCCESS |  
2019-08-23 11:31:27,531 [grpc-default-executor-4] INFO  client.GrpcClientProtocolClient (GrpcClientProtocolClient.java:onNext(255)) - client-C9E345EC67ED->244f13ac-34be-4c4e-8e45-0c0272edbbb2: receive RaftClientReply:client-C9E345EC67ED->244f13ac-34be-4c4e-8e45-0c0272edbbb2@group-FE77C852EF02, cid=886, SUCCESS, logIndex=0, commits[244f13ac-34be-4c4e-8e45-0c0272edbbb2:c1135, 6287e41a-5356-4f55-84f2-270816d53e84:c1133, a2c18d3d-e79d-47c9-88fe-d8a1d195302b:c1133]
2019-08-23 11:31:27,538 | INFO  | DNAudit | user=null | ip=null | op=WRITE_CHUNK {blockData=conID: 2 locID: 102666068571521456 bcsId: 0} | ret=SUCCESS |  
2019-08-23 11:31:27,541 | INFO  | DNAudit | user=null | ip=null | op=WRITE_CHUNK {blockData=conID: 2 locID: 102666068571521456 bcsId: 0} | ret=SUCCESS |  
2019-08-23 11:31:27,542 | INFO  | DNAudit | user=null | ip=null | op=WRITE_CHUNK {blockData=conID: 2 locID: 102666068571521456 bcsId: 0} | ret=SUCCESS |  
2019-08-23 11:31:27,543 | INFO  | DNAudit | user=null | ip=null | op=WRITE_CHUNK {blockData=conID: 2 locID: 102666068571521456 bcsId: 0} | ret=SUCCESS |  
2019-08-23 11:31:27,545 | INFO  | DNAudit | user=null | ip=null | op=WRITE_CHUNK {blockData=conID: 2 locID: 102666068571521456 bcsId: 0} | ret=SUCCESS |  
2019-08-23 11:31:27,545 | INFO  | DNAudit | user=null | ip=null | op=WRITE_CHUNK {blockData=conID: 2 locID: 102666068571521456 bcsId: 0} | ret=SUCCESS |  
2019-08-23 11:31:27,551 | INFO  | DNAudit | user=null | ip=null | op=WRITE_CHUNK {blockData=conID: 2 locID: 102666068571521456 bcsId: 0} | ret=SUCCESS |  
2019-08-23 11:31:27,552 | INFO  | DNAudit | user=null | ip=null | op=PUT_BLOCK {blockData=[blockId=conID: 2 locID: 102666068571521456 bcsId: 0,size=1048576]} | ret=SUCCESS |  
2019-08-23 11:31:27,552 | INFO  | DNAudit | user=null | ip=null | op=WRITE_CHUNK {blockData=conID: 2 locID: 102666068571521456 bcsId: 0} | ret=SUCCESS |  
2019-08-23 11:31:27,552 [grpc-default-executor-4] INFO  client.GrpcClientProtocolClient (GrpcClientProtocolClient.java:onNext(255)) - client-C9E345EC67ED->244f13ac-34be-4c4e-8e45-0c0272edbbb2: receive RaftClientReply:client-C9E345EC67ED->244f13ac-34be-4c4e-8e45-0c0272edbbb2@group-FE77C852EF02, cid=887, SUCCESS, logIndex=1136, commits[244f13ac-34be-4c4e-8e45-0c0272edbbb2:c1137, 6287e41a-5356-4f55-84f2-270816d53e84:c1135, a2c18d3d-e79d-47c9-88fe-d8a1d195302b:c1135]
2019-08-23 11:31:27,553 | INFO  | DNAudit | user=null | ip=null | op=PUT_BLOCK {blockData=[blockId=conID: 2 locID: 102666068571521456 bcsId: 0,size=2097152]} | ret=SUCCESS |  
2019-08-23 11:31:27,553 | INFO  | DNAudit | user=null | ip=null | op=WRITE_CHUNK {blockData=conID: 2 locID: 102666068571521456 bcsId: 0} | ret=SUCCESS |  
2019-08-23 11:31:27,553 [grpc-default-executor-4] INFO  client.GrpcClientProtocolClient (GrpcClientProtocolClient.java:onNext(255)) - client-C9E345EC67ED->244f13ac-34be-4c4e-8e45-0c0272edbbb2: receive RaftClientReply:client-C9E345EC67ED->244f13ac-34be-4c4e-8e45-0c0272edbbb2@group-FE77C852EF02, cid=888, SUCCESS, logIndex=1137, commits[244f13ac-34be-4c4e-8e45-0c0272edbbb2:c1138, 6287e41a-5356-4f55-84f2-270816d53e84:c1135, a2c18d3d-e79d-47c9-88fe-d8a1d195302b:c1135]
2019-08-23 11:31:27,553 | INFO  | DNAudit | user=null | ip=null | op=PUT_BLOCK {blockData=[blockId=conID: 2 locID: 102666068571521456 bcsId: 0,size=1048576]} | ret=SUCCESS |  
2019-08-23 11:31:27,553 [grpc-default-executor-4] INFO  client.GrpcClientProtocolClient (GrpcClientProtocolClient.java:onNext(255)) - client-C9E345EC67ED->244f13ac-34be-4c4e-8e45-0c0272edbbb2: receive RaftClientReply:client-C9E345EC67ED->244f13ac-34be-4c4e-8e45-0c0272edbbb2@group-FE77C852EF02, cid=889, SUCCESS, logIndex=1138, commits[244f13ac-34be-4c4e-8e45-0c0272edbbb2:c1139, 6287e41a-5356-4f55-84f2-270816d53e84:c1135, a2c18d3d-e79d-47c9-88fe-d8a1d195302b:c1135]
2019-08-23 11:31:27,554 | INFO  | DNAudit | user=null | ip=null | op=WRITE_CHUNK {blockData=conID: 2 locID: 102666068571521456 bcsId: 0} | ret=SUCCESS |  
2019-08-23 11:31:27,554 [grpc-default-executor-4] INFO  client.GrpcClientProtocolClient (GrpcClientProtocolClient.java:onNext(255)) - client-C9E345EC67ED->244f13ac-34be-4c4e-8e45-0c0272edbbb2: receive RaftClientReply:client-C9E345EC67ED->244f13ac-34be-4c4e-8e45-0c0272edbbb2@group-FE77C852EF02, cid=890, SUCCESS, logIndex=1139, commits[244f13ac-34be-4c4e-8e45-0c0272edbbb2:c1139, 6287e41a-5356-4f55-84f2-270816d53e84:c1135, a2c18d3d-e79d-47c9-88fe-d8a1d195302b:c1135]
2019-08-23 11:31:27,554 | INFO  | DNAudit | user=null | ip=null | op=PUT_BLOCK {blockData=[blockId=conID: 2 locID: 102666068571521456 bcsId: 0,size=1048576]} | ret=SUCCESS |  
2019-08-23 11:31:27,554 | INFO  | DNAudit | user=null | ip=null | op=WRITE_CHUNK {blockData=conID: 2 locID: 102666068571521456 bcsId: 0} | ret=SUCCESS |  
2019-08-23 11:31:27,554 | INFO  | DNAudit | user=null | ip=null | op=WRITE_CHUNK {blockData=conID: 2 locID: 102666068571521456 bcsId: 0} | ret=SUCCESS |  
2019-08-23 11:31:27,554 | INFO  | DNAudit | user=null | ip=null | op=PUT_BLOCK {blockData=[blockId=conID: 2 locID: 102666068571521456 bcsId: 0,size=2097152]} | ret=SUCCESS |  
2019-08-23 11:31:27,555 | INFO  | DNAudit | user=null | ip=null | op=PUT_BLOCK {blockData=[blockId=conID: 2 locID: 102666068571521456 bcsId: 0,size=2097152]} | ret=SUCCESS |  
2019-08-23 11:31:27,555 [grpc-default-executor-4] INFO  client.GrpcClientProtocolClient (GrpcClientProtocolClient.java:onNext(255)) - client-C9E345EC67ED->244f13ac-34be-4c4e-8e45-0c0272edbbb2: receive RaftClientReply:client-C9E345EC67ED->244f13ac-34be-4c4e-8e45-0c0272edbbb2@group-FE77C852EF02, cid=891, SUCCESS, logIndex=0, commits[244f13ac-34be-4c4e-8e45-0c0272edbbb2:c1142, 6287e41a-5356-4f55-84f2-270816d53e84:c1138, a2c18d3d-e79d-47c9-88fe-d8a1d195302b:c1138]
2019-08-23 11:31:27,561 | INFO  | DNAudit | user=null | ip=null | op=WRITE_CHUNK {blockData=conID: 2 locID: 102666068571521456 bcsId: 1139} | ret=SUCCESS |  
2019-08-23 11:31:27,563 | INFO  | DNAudit | user=null | ip=null | op=WRITE_CHUNK {blockData=conID: 2 locID: 102666068571521456 bcsId: 1139} | ret=SUCCESS |  
2019-08-23 11:31:27,563 | INFO  | DNAudit | user=null | ip=null | op=WRITE_CHUNK {blockData=conID: 2 locID: 102666068571521456 bcsId: 1139} | ret=SUCCESS |  
2019-08-23 11:31:27,573 | INFO  | DNAudit | user=null | ip=null | op=WRITE_CHUNK {blockData=conID: 2 locID: 102666068571521456 bcsId: 1139} | ret=SUCCESS |  
2019-08-23 11:31:27,574 | INFO  | DNAudit | user=null | ip=null | op=PUT_BLOCK {blockData=[blockId=conID: 2 locID: 102666068571521456 bcsId: 0,size=3145728]} | ret=SUCCESS |  
2019-08-23 11:31:27,574 [grpc-default-executor-5] INFO  client.GrpcClientProtocolClient (GrpcClientProtocolClient.java:onNext(255)) - client-C9E345EC67ED->244f13ac-34be-4c4e-8e45-0c0272edbbb2: receive RaftClientReply:client-C9E345EC67ED->244f13ac-34be-4c4e-8e45-0c0272edbbb2@group-FE77C852EF02, cid=892, SUCCESS, logIndex=1144, commits[244f13ac-34be-4c4e-8e45-0c0272edbbb2:c1145, 6287e41a-5356-4f55-84f2-270816d53e84:c1143, a2c18d3d-e79d-47c9-88fe-d8a1d195302b:c1143]
2019-08-23 11:31:27,574 [grpc-default-executor-5] INFO  client.GrpcClientProtocolClient (GrpcClientProtocolClient.java:onNext(255)) - client-C9E345EC67ED->244f13ac-34be-4c4e-8e45-0c0272edbbb2: receive RaftClientReply:client-C9E345EC67ED->244f13ac-34be-4c4e-8e45-0c0272edbbb2@group-FE77C852EF02, cid=893, SUCCESS, logIndex=1145, commits[244f13ac-34be-4c4e-8e45-0c0272edbbb2:c1145, 6287e41a-5356-4f55-84f2-270816d53e84:c1143, a2c18d3d-e79d-47c9-88fe-d8a1d195302b:c1143]
2019-08-23 11:31:27,582 | INFO  | DNAudit | user=null | ip=null | op=WRITE_CHUNK {blockData=conID: 2 locID: 102666068571521456 bcsId: 1145} | ret=SUCCESS |  
2019-08-23 11:31:27,585 | INFO  | DNAudit | user=null | ip=null | op=WRITE_CHUNK {blockData=conID: 2 locID: 102666068571521456 bcsId: 1139} | ret=SUCCESS |  
2019-08-23 11:31:27,585 | INFO  | DNAudit | user=null | ip=null | op=WRITE_CHUNK {blockData=conID: 2 locID: 102666068571521456 bcsId: 1145} | ret=SUCCESS |  
2019-08-23 11:31:27,585 | INFO  | DNAudit | user=null | ip=null | op=WRITE_CHUNK {blockData=conID: 2 locID: 102666068571521456 bcsId: 1145} | ret=SUCCESS |  
2019-08-23 11:31:27,585 | INFO  | DNAudit | user=null | ip=null | op=WRITE_CHUNK {blockData=conID: 2 locID: 102666068571521456 bcsId: 1139} | ret=SUCCESS |  
2019-08-23 11:31:27,586 | INFO  | DNAudit | user=null | ip=null | op=PUT_BLOCK {blockData=[blockId=conID: 2 locID: 102666068571521456 bcsId: 0,size=3145728]} | ret=SUCCESS |  
2019-08-23 11:31:27,587 | INFO  | DNAudit | user=null | ip=null | op=PUT_BLOCK {blockData=[blockId=conID: 2 locID: 102666068571521456 bcsId: 0,size=3145728]} | ret=SUCCESS |  
2019-08-23 11:31:27,587 | INFO  | DNAudit | user=null | ip=null | op=WRITE_CHUNK {blockData=conID: 2 locID: 102666068571521456 bcsId: 1145} | ret=SUCCESS |  
2019-08-23 11:31:27,587 | INFO  | DNAudit | user=null | ip=null | op=PUT_BLOCK {blockData=[blockId=conID: 2 locID: 102666068571521456 bcsId: 0,size=4194304]} | ret=SUCCESS |  
2019-08-23 11:31:27,587 [grpc-default-executor-5] INFO  client.GrpcClientProtocolClient (GrpcClientProtocolClient.java:onNext(255)) - client-C9E345EC67ED->244f13ac-34be-4c4e-8e45-0c0272edbbb2: receive RaftClientReply:client-C9E345EC67ED->244f13ac-34be-4c4e-8e45-0c0272edbbb2@group-FE77C852EF02, cid=894, SUCCESS, logIndex=1148, commits[244f13ac-34be-4c4e-8e45-0c0272edbbb2:c1149, 6287e41a-5356-4f55-84f2-270816d53e84:c1145, a2c18d3d-e79d-47c9-88fe-d8a1d195302b:c1145]
2019-08-23 11:31:27,588 | INFO  | DNAudit | user=null | ip=null | op=WRITE_CHUNK {blockData=conID: 2 locID: 102666068571521456 bcsId: 1145} | ret=SUCCESS |  
2019-08-23 11:31:27,588 [grpc-default-executor-5] INFO  client.GrpcClientProtocolClient (GrpcClientProtocolClient.java:onNext(255)) - client-C9E345EC67ED->244f13ac-34be-4c4e-8e45-0c0272edbbb2: receive RaftClientReply:client-C9E345EC67ED->244f13ac-34be-4c4e-8e45-0c0272edbbb2@group-FE77C852EF02, cid=895, SUCCESS, logIndex=1149, commits[244f13ac-34be-4c4e-8e45-0c0272edbbb2:c1149, 6287e41a-5356-4f55-84f2-270816d53e84:c1145, a2c18d3d-e79d-47c9-88fe-d8a1d195302b:c1145]
2019-08-23 11:31:27,588 | INFO  | DNAudit | user=null | ip=null | op=WRITE_CHUNK {blockData=conID: 2 locID: 102666068571521456 bcsId: 1145} | ret=SUCCESS |  
2019-08-23 11:31:27,589 | INFO  | DNAudit | user=null | ip=null | op=PUT_BLOCK {blockData=[blockId=conID: 2 locID: 102666068571521456 bcsId: 0,size=4194304]} | ret=SUCCESS |  
2019-08-23 11:31:27,590 | INFO  | DNAudit | user=null | ip=null | op=PUT_BLOCK {blockData=[blockId=conID: 2 locID: 102666068571521456 bcsId: 0,size=4194304]} | ret=SUCCESS |  
2019-08-23 11:31:27,590 [grpc-default-executor-4] INFO  client.GrpcClientProtocolClient (GrpcClientProtocolClient.java:onNext(255)) - client-C9E345EC67ED->244f13ac-34be-4c4e-8e45-0c0272edbbb2: receive RaftClientReply:client-C9E345EC67ED->244f13ac-34be-4c4e-8e45-0c0272edbbb2@group-FE77C852EF02, cid=896, SUCCESS, logIndex=0, commits[244f13ac-34be-4c4e-8e45-0c0272edbbb2:c1151, 6287e41a-5356-4f55-84f2-270816d53e84:c1149, a2c18d3d-e79d-47c9-88fe-d8a1d195302b:c1149]
2019-08-23 11:31:27,597 | INFO  | DNAudit | user=null | ip=null | op=WRITE_CHUNK {blockData=conID: 3 locID: 102666068571521457 bcsId: 0} | ret=SUCCESS |  
2019-08-23 11:31:27,600 | INFO  | DNAudit | user=null | ip=null | op=WRITE_CHUNK {blockData=conID: 3 locID: 102666068571521457 bcsId: 0} | ret=SUCCESS |  
2019-08-23 11:31:27,601 | INFO  | DNAudit | user=null | ip=null | op=WRITE_CHUNK {blockData=conID: 3 locID: 102666068571521457 bcsId: 0} | ret=SUCCESS |  
2019-08-23 11:31:27,602 | INFO  | DNAudit | user=null | ip=null | op=WRITE_CHUNK {blockData=conID: 3 locID: 102666068571521457 bcsId: 0} | ret=SUCCESS |  
2019-08-23 11:31:27,604 | INFO  | DNAudit | user=null | ip=null | op=WRITE_CHUNK {blockData=conID: 3 locID: 102666068571521457 bcsId: 0} | ret=SUCCESS |  
2019-08-23 11:31:27,604 | INFO  | DNAudit | user=null | ip=null | op=WRITE_CHUNK {blockData=conID: 3 locID: 102666068571521457 bcsId: 0} | ret=SUCCESS |  
2019-08-23 11:31:27,610 | INFO  | DNAudit | user=null | ip=null | op=WRITE_CHUNK {blockData=conID: 3 locID: 102666068571521457 bcsId: 0} | ret=SUCCESS |  
2019-08-23 11:31:27,611 | INFO  | DNAudit | user=null | ip=null | op=PUT_BLOCK {blockData=[blockId=conID: 3 locID: 102666068571521457 bcsId: 0,size=1048576]} | ret=SUCCESS |  
2019-08-23 11:31:27,611 [grpc-default-executor-1] INFO  client.GrpcClientProtocolClient (GrpcClientProtocolClient.java:onNext(255)) - client-C9E345EC67ED->244f13ac-34be-4c4e-8e45-0c0272edbbb2: receive RaftClientReply:client-C9E345EC67ED->244f13ac-34be-4c4e-8e45-0c0272edbbb2@group-FE77C852EF02, cid=897, SUCCESS, logIndex=1152, commits[244f13ac-34be-4c4e-8e45-0c0272edbbb2:c1153, 6287e41a-5356-4f55-84f2-270816d53e84:c1151, a2c18d3d-e79d-47c9-88fe-d8a1d195302b:c1151]
2019-08-23 11:31:27,612 | INFO  | DNAudit | user=null | ip=null | op=WRITE_CHUNK {blockData=conID: 3 locID: 102666068571521457 bcsId: 0} | ret=SUCCESS |  
2019-08-23 11:31:27,612 [grpc-default-executor-5] INFO  client.GrpcClientProtocolClient (GrpcClientProtocolClient.java:onNext(255)) - client-C9E345EC67ED->244f13ac-34be-4c4e-8e45-0c0272edbbb2: receive RaftClientReply:client-C9E345EC67ED->244f13ac-34be-4c4e-8e45-0c0272edbbb2@group-FE77C852EF02, cid=898, SUCCESS, logIndex=1153, commits[244f13ac-34be-4c4e-8e45-0c0272edbbb2:c1153, 6287e41a-5356-4f55-84f2-270816d53e84:c1151, a2c18d3d-e79d-47c9-88fe-d8a1d195302b:c1151]
2019-08-23 11:31:27,612 | INFO  | DNAudit | user=null | ip=null | op=PUT_BLOCK {blockData=[blockId=conID: 3 locID: 102666068571521457 bcsId: 0,size=2097152]} | ret=SUCCESS |  
2019-08-23 11:31:27,612 | INFO  | DNAudit | user=null | ip=null | op=WRITE_CHUNK {blockData=conID: 3 locID: 102666068571521457 bcsId: 0} | ret=SUCCESS |  
2019-08-23 11:31:27,612 | INFO  | DNAudit | user=null | ip=null | op=PUT_BLOCK {blockData=[blockId=conID: 3 locID: 102666068571521457 bcsId: 0,size=1048576]} | ret=SUCCESS |  
2019-08-23 11:31:27,612 [grpc-default-executor-5] INFO  client.GrpcClientProtocolClient (GrpcClientProtocolClient.java:onNext(255)) - client-C9E345EC67ED->244f13ac-34be-4c4e-8e45-0c0272edbbb2: receive RaftClientReply:client-C9E345EC67ED->244f13ac-34be-4c4e-8e45-0c0272edbbb2@group-FE77C852EF02, cid=899, SUCCESS, logIndex=1154, commits[244f13ac-34be-4c4e-8e45-0c0272edbbb2:c1155, 6287e41a-5356-4f55-84f2-270816d53e84:c1151, a2c18d3d-e79d-47c9-88fe-d8a1d195302b:c1151]
2019-08-23 11:31:27,613 | INFO  | DNAudit | user=null | ip=null | op=WRITE_CHUNK {blockData=conID: 3 locID: 102666068571521457 bcsId: 0} | ret=SUCCESS |  
2019-08-23 11:31:27,613 [grpc-default-executor-5] INFO  client.GrpcClientProtocolClient (GrpcClientProtocolClient.java:onNext(255)) - client-C9E345EC67ED->244f13ac-34be-4c4e-8e45-0c0272edbbb2: receive RaftClientReply:client-C9E345EC67ED->244f13ac-34be-4c4e-8e45-0c0272edbbb2@group-FE77C852EF02, cid=900, SUCCESS, logIndex=1155, commits[244f13ac-34be-4c4e-8e45-0c0272edbbb2:c1155, 6287e41a-5356-4f55-84f2-270816d53e84:c1151, a2c18d3d-e79d-47c9-88fe-d8a1d195302b:c1151]
2019-08-23 11:31:27,613 | INFO  | DNAudit | user=null | ip=null | op=PUT_BLOCK {blockData=[blockId=conID: 3 locID: 102666068571521457 bcsId: 0,size=1048576]} | ret=SUCCESS |  
2019-08-23 11:31:27,613 | INFO  | DNAudit | user=null | ip=null | op=WRITE_CHUNK {blockData=conID: 3 locID: 102666068571521457 bcsId: 0} | ret=SUCCESS |  
2019-08-23 11:31:27,614 | INFO  | DNAudit | user=null | ip=null | op=PUT_BLOCK {blockData=[blockId=conID: 3 locID: 102666068571521457 bcsId: 0,size=2097152]} | ret=SUCCESS |  
2019-08-23 11:31:27,614 | INFO  | DNAudit | user=null | ip=null | op=WRITE_CHUNK {blockData=conID: 3 locID: 102666068571521457 bcsId: 0} | ret=SUCCESS |  
2019-08-23 11:31:27,614 [grpc-default-executor-5] INFO  client.GrpcClientProtocolClient (GrpcClientProtocolClient.java:onNext(255)) - client-C9E345EC67ED->244f13ac-34be-4c4e-8e45-0c0272edbbb2: receive RaftClientReply:client-C9E345EC67ED->244f13ac-34be-4c4e-8e45-0c0272edbbb2@group-FE77C852EF02, cid=901, SUCCESS, logIndex=0, commits[244f13ac-34be-4c4e-8e45-0c0272edbbb2:c1157, 6287e41a-5356-4f55-84f2-270816d53e84:c1155, a2c18d3d-e79d-47c9-88fe-d8a1d195302b:c1153]
2019-08-23 11:31:27,614 | INFO  | DNAudit | user=null | ip=null | op=PUT_BLOCK {blockData=[blockId=conID: 3 locID: 102666068571521457 bcsId: 0,size=2097152]} | ret=SUCCESS |  
2019-08-23 11:31:27,620 | INFO  | DNAudit | user=null | ip=null | op=WRITE_CHUNK {blockData=conID: 3 locID: 102666068571521457 bcsId: 1155} | ret=SUCCESS |  
2019-08-23 11:31:27,623 | INFO  | DNAudit | user=null | ip=null | op=WRITE_CHUNK {blockData=conID: 3 locID: 102666068571521457 bcsId: 1155} | ret=SUCCESS |  
2019-08-23 11:31:27,623 | INFO  | DNAudit | user=null | ip=null | op=WRITE_CHUNK {blockData=conID: 3 locID: 102666068571521457 bcsId: 1155} | ret=SUCCESS |  
2019-08-23 11:31:27,633 | INFO  | DNAudit | user=null | ip=null | op=WRITE_CHUNK {blockData=conID: 3 locID: 102666068571521457 bcsId: 1155} | ret=SUCCESS |  
2019-08-23 11:31:27,634 | INFO  | DNAudit | user=null | ip=null | op=PUT_BLOCK {blockData=[blockId=conID: 3 locID: 102666068571521457 bcsId: 0,size=3145728]} | ret=SUCCESS |  
2019-08-23 11:31:27,634 [grpc-default-executor-1] INFO  client.GrpcClientProtocolClient (GrpcClientProtocolClient.java:onNext(255)) - client-C9E345EC67ED->244f13ac-34be-4c4e-8e45-0c0272edbbb2: receive RaftClientReply:client-C9E345EC67ED->244f13ac-34be-4c4e-8e45-0c0272edbbb2@group-FE77C852EF02, cid=902, SUCCESS, logIndex=1160, commits[244f13ac-34be-4c4e-8e45-0c0272edbbb2:c1161, 6287e41a-5356-4f55-84f2-270816d53e84:c1159, a2c18d3d-e79d-47c9-88fe-d8a1d195302b:c1159]
2019-08-23 11:31:27,634 [grpc-default-executor-1] INFO  client.GrpcClientProtocolClient (GrpcClientProtocolClient.java:onNext(255)) - client-C9E345EC67ED->244f13ac-34be-4c4e-8e45-0c0272edbbb2: receive RaftClientReply:client-C9E345EC67ED->244f13ac-34be-4c4e-8e45-0c0272edbbb2@group-FE77C852EF02, cid=903, SUCCESS, logIndex=1161, commits[244f13ac-34be-4c4e-8e45-0c0272edbbb2:c1161, 6287e41a-5356-4f55-84f2-270816d53e84:c1159, a2c18d3d-e79d-47c9-88fe-d8a1d195302b:c1159]
2019-08-23 11:31:27,641 | INFO  | DNAudit | user=null | ip=null | op=WRITE_CHUNK {blockData=conID: 3 locID: 102666068571521457 bcsId: 1161} | ret=SUCCESS |  
2019-08-23 11:31:27,643 | INFO  | DNAudit | user=null | ip=null | op=WRITE_CHUNK {blockData=conID: 3 locID: 102666068571521457 bcsId: 1161} | ret=SUCCESS |  
2019-08-23 11:31:27,644 | INFO  | DNAudit | user=null | ip=null | op=WRITE_CHUNK {blockData=conID: 3 locID: 102666068571521457 bcsId: 1161} | ret=SUCCESS |  
2019-08-23 11:31:27,644 | INFO  | DNAudit | user=null | ip=null | op=WRITE_CHUNK {blockData=conID: 3 locID: 102666068571521457 bcsId: 1155} | ret=SUCCESS |  
2019-08-23 11:31:27,644 | INFO  | DNAudit | user=null | ip=null | op=WRITE_CHUNK {blockData=conID: 3 locID: 102666068571521457 bcsId: 1155} | ret=SUCCESS |  
2019-08-23 11:31:27,645 | INFO  | DNAudit | user=null | ip=null | op=PUT_BLOCK {blockData=[blockId=conID: 3 locID: 102666068571521457 bcsId: 0,size=3145728]} | ret=SUCCESS |  
2019-08-23 11:31:27,645 | INFO  | DNAudit | user=null | ip=null | op=PUT_BLOCK {blockData=[blockId=conID: 3 locID: 102666068571521457 bcsId: 0,size=3145728]} | ret=SUCCESS |  
2019-08-23 11:31:27,647 | INFO  | DNAudit | user=null | ip=null | op=WRITE_CHUNK {blockData=conID: 3 locID: 102666068571521457 bcsId: 1161} | ret=SUCCESS |  
2019-08-23 11:31:27,647 | INFO  | DNAudit | user=null | ip=null | op=PUT_BLOCK {blockData=[blockId=conID: 3 locID: 102666068571521457 bcsId: 0,size=4194304]} | ret=SUCCESS |  
2019-08-23 11:31:27,647 [grpc-default-executor-5] INFO  client.GrpcClientProtocolClient (GrpcClientProtocolClient.java:onNext(255)) - client-C9E345EC67ED->244f13ac-34be-4c4e-8e45-0c0272edbbb2: receive RaftClientReply:client-C9E345EC67ED->244f13ac-34be-4c4e-8e45-0c0272edbbb2@group-FE77C852EF02, cid=904, SUCCESS, logIndex=1164, commits[244f13ac-34be-4c4e-8e45-0c0272edbbb2:c1165, 6287e41a-5356-4f55-84f2-270816d53e84:c1161, a2c18d3d-e79d-47c9-88fe-d8a1d195302b:c1161]
2019-08-23 11:31:27,648 [grpc-default-executor-5] INFO  client.GrpcClientProtocolClient (GrpcClientProtocolClient.java:onNext(255)) - client-C9E345EC67ED->244f13ac-34be-4c4e-8e45-0c0272edbbb2: receive RaftClientReply:client-C9E345EC67ED->244f13ac-34be-4c4e-8e45-0c0272edbbb2@group-FE77C852EF02, cid=905, SUCCESS, logIndex=1165, commits[244f13ac-34be-4c4e-8e45-0c0272edbbb2:c1165, 6287e41a-5356-4f55-84f2-270816d53e84:c1161, a2c18d3d-e79d-47c9-88fe-d8a1d195302b:c1161]
2019-08-23 11:31:27,658 | INFO  | DNAudit | user=null | ip=null | op=WRITE_CHUNK {blockData=conID: 3 locID: 102666068571521457 bcsId: 1161} | ret=SUCCESS |  
2019-08-23 11:31:27,658 | INFO  | DNAudit | user=null | ip=null | op=WRITE_CHUNK {blockData=conID: 3 locID: 102666068571521457 bcsId: 1161} | ret=SUCCESS |  
2019-08-23 11:31:27,658 | INFO  | DNAudit | user=null | ip=null | op=PUT_BLOCK {blockData=[blockId=conID: 3 locID: 102666068571521457 bcsId: 0,size=4194304]} | ret=SUCCESS |  
2019-08-23 11:31:27,659 | INFO  | DNAudit | user=null | ip=null | op=PUT_BLOCK {blockData=[blockId=conID: 3 locID: 102666068571521457 bcsId: 0,size=4194304]} | ret=SUCCESS |  
2019-08-23 11:31:27,660 [grpc-default-executor-5] INFO  client.GrpcClientProtocolClient (GrpcClientProtocolClient.java:onNext(255)) - client-C9E345EC67ED->244f13ac-34be-4c4e-8e45-0c0272edbbb2: receive RaftClientReply:client-C9E345EC67ED->244f13ac-34be-4c4e-8e45-0c0272edbbb2@group-FE77C852EF02, cid=906, SUCCESS, logIndex=0, commits[244f13ac-34be-4c4e-8e45-0c0272edbbb2:c1166, 6287e41a-5356-4f55-84f2-270816d53e84:c1165, a2c18d3d-e79d-47c9-88fe-d8a1d195302b:c1165]
2019-08-23 11:31:27,667 | INFO  | DNAudit | user=null | ip=null | op=WRITE_CHUNK {blockData=conID: 1 locID: 102666068571521458 bcsId: 0} | ret=SUCCESS |  
2019-08-23 11:31:27,670 | INFO  | DNAudit | user=null | ip=null | op=WRITE_CHUNK {blockData=conID: 1 locID: 102666068571521458 bcsId: 0} | ret=SUCCESS |  
2019-08-23 11:31:27,670 | INFO  | DNAudit | user=null | ip=null | op=WRITE_CHUNK {blockData=conID: 1 locID: 102666068571521458 bcsId: 0} | ret=SUCCESS |  
2019-08-23 11:31:27,670 | INFO  | DNAudit | user=null | ip=null | op=WRITE_CHUNK {blockData=conID: 1 locID: 102666068571521458 bcsId: 0} | ret=SUCCESS |  
2019-08-23 11:31:27,673 | INFO  | DNAudit | user=null | ip=null | op=WRITE_CHUNK {blockData=conID: 1 locID: 102666068571521458 bcsId: 0} | ret=SUCCESS |  
2019-08-23 11:31:27,674 | INFO  | DNAudit | user=null | ip=null | op=WRITE_CHUNK {blockData=conID: 1 locID: 102666068571521458 bcsId: 0} | ret=SUCCESS |  
2019-08-23 11:31:27,678 | INFO  | DNAudit | user=null | ip=null | op=WRITE_CHUNK {blockData=conID: 1 locID: 102666068571521458 bcsId: 0} | ret=SUCCESS |  
2019-08-23 11:31:27,679 | INFO  | DNAudit | user=null | ip=null | op=PUT_BLOCK {blockData=[blockId=conID: 1 locID: 102666068571521458 bcsId: 0,size=1048576]} | ret=SUCCESS |  
2019-08-23 11:31:27,679 | INFO  | DNAudit | user=null | ip=null | op=WRITE_CHUNK {blockData=conID: 1 locID: 102666068571521458 bcsId: 0} | ret=SUCCESS |  
2019-08-23 11:31:27,679 [grpc-default-executor-1] INFO  client.GrpcClientProtocolClient (GrpcClientProtocolClient.java:onNext(255)) - client-C9E345EC67ED->244f13ac-34be-4c4e-8e45-0c0272edbbb2: receive RaftClientReply:client-C9E345EC67ED->244f13ac-34be-4c4e-8e45-0c0272edbbb2@group-FE77C852EF02, cid=907, SUCCESS, logIndex=1168, commits[244f13ac-34be-4c4e-8e45-0c0272edbbb2:c1169, 6287e41a-5356-4f55-84f2-270816d53e84:c1167, a2c18d3d-e79d-47c9-88fe-d8a1d195302b:c1167]
2019-08-23 11:31:27,680 [grpc-default-executor-1] INFO  client.GrpcClientProtocolClient (GrpcClientProtocolClient.java:onNext(255)) - client-C9E345EC67ED->244f13ac-34be-4c4e-8e45-0c0272edbbb2: receive RaftClientReply:client-C9E345EC67ED->244f13ac-34be-4c4e-8e45-0c0272edbbb2@group-FE77C852EF02, cid=908, SUCCESS, logIndex=1169, commits[244f13ac-34be-4c4e-8e45-0c0272edbbb2:c1170, 6287e41a-5356-4f55-84f2-270816d53e84:c1167, a2c18d3d-e79d-47c9-88fe-d8a1d195302b:c1167]
2019-08-23 11:31:27,680 | INFO  | DNAudit | user=null | ip=null | op=PUT_BLOCK {blockData=[blockId=conID: 1 locID: 102666068571521458 bcsId: 0,size=2097152]} | ret=SUCCESS |  
2019-08-23 11:31:27,680 [grpc-default-executor-1] INFO  client.GrpcClientProtocolClient (GrpcClientProtocolClient.java:onNext(255)) - client-C9E345EC67ED->244f13ac-34be-4c4e-8e45-0c0272edbbb2: receive RaftClientReply:client-C9E345EC67ED->244f13ac-34be-4c4e-8e45-0c0272edbbb2@group-FE77C852EF02, cid=909, SUCCESS, logIndex=1170, commits[244f13ac-34be-4c4e-8e45-0c0272edbbb2:c1171, 6287e41a-5356-4f55-84f2-270816d53e84:c1167, a2c18d3d-e79d-47c9-88fe-d8a1d195302b:c1167]
2019-08-23 11:31:27,680 | INFO  | DNAudit | user=null | ip=null | op=WRITE_CHUNK {blockData=conID: 1 locID: 102666068571521458 bcsId: 0} | ret=SUCCESS |  
2019-08-23 11:31:27,680 | INFO  | DNAudit | user=null | ip=null | op=PUT_BLOCK {blockData=[blockId=conID: 1 locID: 102666068571521458 bcsId: 0,size=1048576]} | ret=SUCCESS |  
2019-08-23 11:31:27,680 [grpc-default-executor-2] INFO  client.GrpcClientProtocolClient (GrpcClientProtocolClient.java:onNext(255)) - client-C9E345EC67ED->244f13ac-34be-4c4e-8e45-0c0272edbbb2: receive RaftClientReply:client-C9E345EC67ED->244f13ac-34be-4c4e-8e45-0c0272edbbb2@group-FE77C852EF02, cid=910, SUCCESS, logIndex=1171, commits[244f13ac-34be-4c4e-8e45-0c0272edbbb2:c1171, 6287e41a-5356-4f55-84f2-270816d53e84:c1167, a2c18d3d-e79d-47c9-88fe-d8a1d195302b:c1167]
2019-08-23 11:31:27,681 | INFO  | DNAudit | user=null | ip=null | op=WRITE_CHUNK {blockData=conID: 1 locID: 102666068571521458 bcsId: 0} | ret=SUCCESS |  
2019-08-23 11:31:27,681 | INFO  | DNAudit | user=null | ip=null | op=PUT_BLOCK {blockData=[blockId=conID: 1 locID: 102666068571521458 bcsId: 0,size=1048576]} | ret=SUCCESS |  
2019-08-23 11:31:27,681 | INFO  | DNAudit | user=null | ip=null | op=WRITE_CHUNK {blockData=conID: 1 locID: 102666068571521458 bcsId: 0} | ret=SUCCESS |  
2019-08-23 11:31:27,681 | INFO  | DNAudit | user=null | ip=null | op=WRITE_CHUNK {blockData=conID: 1 locID: 102666068571521458 bcsId: 0} | ret=SUCCESS |  
2019-08-23 11:31:27,681 | INFO  | DNAudit | user=null | ip=null | op=PUT_BLOCK {blockData=[blockId=conID: 1 locID: 102666068571521458 bcsId: 0,size=2097152]} | ret=SUCCESS |  
2019-08-23 11:31:27,681 [grpc-default-executor-1] INFO  client.GrpcClientProtocolClient (GrpcClientProtocolClient.java:onNext(255)) - client-C9E345EC67ED->244f13ac-34be-4c4e-8e45-0c0272edbbb2: receive RaftClientReply:client-C9E345EC67ED->244f13ac-34be-4c4e-8e45-0c0272edbbb2@group-FE77C852EF02, cid=911, SUCCESS, logIndex=0, commits[244f13ac-34be-4c4e-8e45-0c0272edbbb2:c1174, 6287e41a-5356-4f55-84f2-270816d53e84:c1169, a2c18d3d-e79d-47c9-88fe-d8a1d195302b:c1170]
2019-08-23 11:31:27,682 | INFO  | DNAudit | user=null | ip=null | op=PUT_BLOCK {blockData=[blockId=conID: 1 locID: 102666068571521458 bcsId: 0,size=2097152]} | ret=SUCCESS |  
2019-08-23 11:31:27,688 | INFO  | DNAudit | user=null | ip=null | op=WRITE_CHUNK {blockData=conID: 1 locID: 102666068571521458 bcsId: 1171} | ret=SUCCESS |  
2019-08-23 11:31:27,690 | INFO  | DNAudit | user=null | ip=null | op=WRITE_CHUNK {blockData=conID: 1 locID: 102666068571521458 bcsId: 1171} | ret=SUCCESS |  
2019-08-23 11:31:27,690 | INFO  | DNAudit | user=null | ip=null | op=WRITE_CHUNK {blockData=conID: 1 locID: 102666068571521458 bcsId: 1171} | ret=SUCCESS |  
2019-08-23 11:31:27,699 | INFO  | DNAudit | user=null | ip=null | op=WRITE_CHUNK {blockData=conID: 1 locID: 102666068571521458 bcsId: 1171} | ret=SUCCESS |  
2019-08-23 11:31:27,699 | INFO  | DNAudit | user=null | ip=null | op=PUT_BLOCK {blockData=[blockId=conID: 1 locID: 102666068571521458 bcsId: 0,size=3145728]} | ret=SUCCESS |  
2019-08-23 11:31:27,700 [grpc-default-executor-1] INFO  client.GrpcClientProtocolClient (GrpcClientProtocolClient.java:onNext(255)) - client-C9E345EC67ED->244f13ac-34be-4c4e-8e45-0c0272edbbb2: receive RaftClientReply:client-C9E345EC67ED->244f13ac-34be-4c4e-8e45-0c0272edbbb2@group-FE77C852EF02, cid=912, SUCCESS, logIndex=1176, commits[244f13ac-34be-4c4e-8e45-0c0272edbbb2:c1177, 6287e41a-5356-4f55-84f2-270816d53e84:c1175, a2c18d3d-e79d-47c9-88fe-d8a1d195302b:c1175]
2019-08-23 11:31:27,700 [grpc-default-executor-1] INFO  client.GrpcClientProtocolClient (GrpcClientProtocolClient.java:onNext(255)) - client-C9E345EC67ED->244f13ac-34be-4c4e-8e45-0c0272edbbb2: receive RaftClientReply:client-C9E345EC67ED->244f13ac-34be-4c4e-8e45-0c0272edbbb2@group-FE77C852EF02, cid=913, SUCCESS, logIndex=1177, commits[244f13ac-34be-4c4e-8e45-0c0272edbbb2:c1177, 6287e41a-5356-4f55-84f2-270816d53e84:c1175, a2c18d3d-e79d-47c9-88fe-d8a1d195302b:c1175]
2019-08-23 11:31:27,706 | INFO  | DNAudit | user=null | ip=null | op=WRITE_CHUNK {blockData=conID: 1 locID: 102666068571521458 bcsId: 1177} | ret=SUCCESS |  
2019-08-23 11:31:27,708 | INFO  | DNAudit | user=null | ip=null | op=WRITE_CHUNK {blockData=conID: 1 locID: 102666068571521458 bcsId: 1177} | ret=SUCCESS |  
2019-08-23 11:31:27,708 | INFO  | DNAudit | user=null | ip=null | op=WRITE_CHUNK {blockData=conID: 1 locID: 102666068571521458 bcsId: 1177} | ret=SUCCESS |  
2019-08-23 11:31:27,709 | INFO  | DNAudit | user=null | ip=null | op=WRITE_CHUNK {blockData=conID: 1 locID: 102666068571521458 bcsId: 1171} | ret=SUCCESS |  
2019-08-23 11:31:27,709 | INFO  | DNAudit | user=null | ip=null | op=WRITE_CHUNK {blockData=conID: 1 locID: 102666068571521458 bcsId: 1171} | ret=SUCCESS |  
2019-08-23 11:31:27,709 | INFO  | DNAudit | user=null | ip=null | op=PUT_BLOCK {blockData=[blockId=conID: 1 locID: 102666068571521458 bcsId: 0,size=3145728]} | ret=SUCCESS |  
2019-08-23 11:31:27,710 | INFO  | DNAudit | user=null | ip=null | op=PUT_BLOCK {blockData=[blockId=conID: 1 locID: 102666068571521458 bcsId: 0,size=3145728]} | ret=SUCCESS |  
2019-08-23 11:31:27,710 | INFO  | DNAudit | user=null | ip=null | op=WRITE_CHUNK {blockData=conID: 1 locID: 102666068571521458 bcsId: 1177} | ret=SUCCESS |  
2019-08-23 11:31:27,711 | INFO  | DNAudit | user=null | ip=null | op=PUT_BLOCK {blockData=[blockId=conID: 1 locID: 102666068571521458 bcsId: 0,size=4194304]} | ret=SUCCESS |  
2019-08-23 11:31:27,711 [grpc-default-executor-2] INFO  client.GrpcClientProtocolClient (GrpcClientProtocolClient.java:onNext(255)) - client-C9E345EC67ED->244f13ac-34be-4c4e-8e45-0c0272edbbb2: receive RaftClientReply:client-C9E345EC67ED->244f13ac-34be-4c4e-8e45-0c0272edbbb2@group-FE77C852EF02, cid=914, SUCCESS, logIndex=1180, commits[244f13ac-34be-4c4e-8e45-0c0272edbbb2:c1181, 6287e41a-5356-4f55-84f2-270816d53e84:c1177, a2c18d3d-e79d-47c9-88fe-d8a1d195302b:c1177]
2019-08-23 11:31:27,711 [grpc-default-executor-2] INFO  client.GrpcClientProtocolClient (GrpcClientProtocolClient.java:onNext(255)) - client-C9E345EC67ED->244f13ac-34be-4c4e-8e45-0c0272edbbb2: receive RaftClientReply:client-C9E345EC67ED->244f13ac-34be-4c4e-8e45-0c0272edbbb2@group-FE77C852EF02, cid=915, SUCCESS, logIndex=1181, commits[244f13ac-34be-4c4e-8e45-0c0272edbbb2:c1181, 6287e41a-5356-4f55-84f2-270816d53e84:c1177, a2c18d3d-e79d-47c9-88fe-d8a1d195302b:c1177]
2019-08-23 11:31:27,720 | INFO  | DNAudit | user=null | ip=null | op=WRITE_CHUNK {blockData=conID: 1 locID: 102666068571521458 bcsId: 1177} | ret=SUCCESS |  
2019-08-23 11:31:27,721 | INFO  | DNAudit | user=null | ip=null | op=WRITE_CHUNK {blockData=conID: 1 locID: 102666068571521458 bcsId: 1177} | ret=SUCCESS |  
2019-08-23 11:31:27,853 | INFO  | DNAudit | user=null | ip=null | op=PUT_BLOCK {blockData=[blockId=conID: 1 locID: 102666068571521458 bcsId: 0,size=4194304]} | ret=SUCCESS |  
2019-08-23 11:31:27,853 | INFO  | DNAudit | user=null | ip=null | op=PUT_BLOCK {blockData=[blockId=conID: 1 locID: 102666068571521458 bcsId: 0,size=4194304]} | ret=SUCCESS |  
2019-08-23 11:31:27,854 [grpc-default-executor-5] INFO  client.GrpcClientProtocolClient (GrpcClientProtocolClient.java:onNext(255)) - client-C9E345EC67ED->244f13ac-34be-4c4e-8e45-0c0272edbbb2: receive RaftClientReply:client-C9E345EC67ED->244f13ac-34be-4c4e-8e45-0c0272edbbb2@group-FE77C852EF02, cid=916, SUCCESS, logIndex=0, commits[244f13ac-34be-4c4e-8e45-0c0272edbbb2:c1183, 6287e41a-5356-4f55-84f2-270816d53e84:c1181, a2c18d3d-e79d-47c9-88fe-d8a1d195302b:c1181]
2019-08-23 11:31:27,865 | INFO  | DNAudit | user=null | ip=null | op=WRITE_CHUNK {blockData=conID: 2 locID: 102666068571521459 bcsId: 0} | ret=SUCCESS |  
2019-08-23 11:31:27,869 | INFO  | DNAudit | user=null | ip=null | op=WRITE_CHUNK {blockData=conID: 2 locID: 102666068571521459 bcsId: 0} | ret=SUCCESS |  
2019-08-23 11:31:27,869 | INFO  | DNAudit | user=null | ip=null | op=WRITE_CHUNK {blockData=conID: 2 locID: 102666068571521459 bcsId: 0} | ret=SUCCESS |  
2019-08-23 11:31:27,869 | INFO  | DNAudit | user=null | ip=null | op=WRITE_CHUNK {blockData=conID: 2 locID: 102666068571521459 bcsId: 0} | ret=SUCCESS |  
2019-08-23 11:31:27,870 | INFO  | DNAudit | user=null | ip=null | op=WRITE_CHUNK {blockData=conID: 2 locID: 102666068571521459 bcsId: 0} | ret=SUCCESS |  
2019-08-23 11:31:27,871 | INFO  | DNAudit | user=null | ip=null | op=WRITE_CHUNK {blockData=conID: 2 locID: 102666068571521459 bcsId: 0} | ret=SUCCESS |  
2019-08-23 11:31:27,877 | INFO  | DNAudit | user=null | ip=null | op=WRITE_CHUNK {blockData=conID: 2 locID: 102666068571521459 bcsId: 0} | ret=SUCCESS |  
2019-08-23 11:31:27,878 | INFO  | DNAudit | user=null | ip=null | op=PUT_BLOCK {blockData=[blockId=conID: 2 locID: 102666068571521459 bcsId: 0,size=1048576]} | ret=SUCCESS |  
2019-08-23 11:31:27,878 [grpc-default-executor-5] INFO  client.GrpcClientProtocolClient (GrpcClientProtocolClient.java:onNext(255)) - client-C9E345EC67ED->244f13ac-34be-4c4e-8e45-0c0272edbbb2: receive RaftClientReply:client-C9E345EC67ED->244f13ac-34be-4c4e-8e45-0c0272edbbb2@group-FE77C852EF02, cid=917, SUCCESS, logIndex=1184, commits[244f13ac-34be-4c4e-8e45-0c0272edbbb2:c1185, 6287e41a-5356-4f55-84f2-270816d53e84:c1183, a2c18d3d-e79d-47c9-88fe-d8a1d195302b:c1183]
2019-08-23 11:31:27,878 | INFO  | DNAudit | user=null | ip=null | op=WRITE_CHUNK {blockData=conID: 2 locID: 102666068571521459 bcsId: 0} | ret=SUCCESS |  
2019-08-23 11:31:27,879 | INFO  | DNAudit | user=null | ip=null | op=WRITE_CHUNK {blockData=conID: 2 locID: 102666068571521459 bcsId: 0} | ret=SUCCESS |  
2019-08-23 11:31:27,879 | INFO  | DNAudit | user=null | ip=null | op=PUT_BLOCK {blockData=[blockId=conID: 2 locID: 102666068571521459 bcsId: 0,size=2097152]} | ret=SUCCESS |  
2019-08-23 11:31:27,879 [grpc-default-executor-5] INFO  client.GrpcClientProtocolClient (GrpcClientProtocolClient.java:onNext(255)) - client-C9E345EC67ED->244f13ac-34be-4c4e-8e45-0c0272edbbb2: receive RaftClientReply:client-C9E345EC67ED->244f13ac-34be-4c4e-8e45-0c0272edbbb2@group-FE77C852EF02, cid=918, SUCCESS, logIndex=1185, commits[244f13ac-34be-4c4e-8e45-0c0272edbbb2:c1187, 6287e41a-5356-4f55-84f2-270816d53e84:c1183, a2c18d3d-e79d-47c9-88fe-d8a1d195302b:c1183]
2019-08-23 11:31:27,879 | INFO  | DNAudit | user=null | ip=null | op=WRITE_CHUNK {blockData=conID: 2 locID: 102666068571521459 bcsId: 0} | ret=SUCCESS |  
2019-08-23 11:31:27,879 [grpc-default-executor-5] INFO  client.GrpcClientProtocolClient (GrpcClientProtocolClient.java:onNext(255)) - client-C9E345EC67ED->244f13ac-34be-4c4e-8e45-0c0272edbbb2: receive RaftClientReply:client-C9E345EC67ED->244f13ac-34be-4c4e-8e45-0c0272edbbb2@group-FE77C852EF02, cid=919, SUCCESS, logIndex=1186, commits[244f13ac-34be-4c4e-8e45-0c0272edbbb2:c1187, 6287e41a-5356-4f55-84f2-270816d53e84:c1183, a2c18d3d-e79d-47c9-88fe-d8a1d195302b:c1183]
2019-08-23 11:31:27,880 | INFO  | DNAudit | user=null | ip=null | op=PUT_BLOCK {blockData=[blockId=conID: 2 locID: 102666068571521459 bcsId: 0,size=1048576]} | ret=SUCCESS |  
2019-08-23 11:31:27,880 [grpc-default-executor-5] INFO  client.GrpcClientProtocolClient (GrpcClientProtocolClient.java:onNext(255)) - client-C9E345EC67ED->244f13ac-34be-4c4e-8e45-0c0272edbbb2: receive RaftClientReply:client-C9E345EC67ED->244f13ac-34be-4c4e-8e45-0c0272edbbb2@group-FE77C852EF02, cid=920, SUCCESS, logIndex=1187, commits[244f13ac-34be-4c4e-8e45-0c0272edbbb2:c1188, 6287e41a-5356-4f55-84f2-270816d53e84:c1184, a2c18d3d-e79d-47c9-88fe-d8a1d195302b:c1183]
2019-08-23 11:31:27,880 | INFO  | DNAudit | user=null | ip=null | op=WRITE_CHUNK {blockData=conID: 2 locID: 102666068571521459 bcsId: 0} | ret=SUCCESS |  
2019-08-23 11:31:27,880 | INFO  | DNAudit | user=null | ip=null | op=PUT_BLOCK {blockData=[blockId=conID: 2 locID: 102666068571521459 bcsId: 0,size=1048576]} | ret=SUCCESS |  
2019-08-23 11:31:27,880 | INFO  | DNAudit | user=null | ip=null | op=PUT_BLOCK {blockData=[blockId=conID: 2 locID: 102666068571521459 bcsId: 0,size=2097152]} | ret=SUCCESS |  
2019-08-23 11:31:27,881 | INFO  | DNAudit | user=null | ip=null | op=WRITE_CHUNK {blockData=conID: 2 locID: 102666068571521459 bcsId: 0} | ret=SUCCESS |  
2019-08-23 11:31:27,881 | INFO  | DNAudit | user=null | ip=null | op=PUT_BLOCK {blockData=[blockId=conID: 2 locID: 102666068571521459 bcsId: 0,size=2097152]} | ret=SUCCESS |  
2019-08-23 11:31:27,881 [grpc-default-executor-2] INFO  client.GrpcClientProtocolClient (GrpcClientProtocolClient.java:onNext(255)) - client-C9E345EC67ED->244f13ac-34be-4c4e-8e45-0c0272edbbb2: receive RaftClientReply:client-C9E345EC67ED->244f13ac-34be-4c4e-8e45-0c0272edbbb2@group-FE77C852EF02, cid=921, SUCCESS, logIndex=0, commits[244f13ac-34be-4c4e-8e45-0c0272edbbb2:c1190, 6287e41a-5356-4f55-84f2-270816d53e84:c1187, a2c18d3d-e79d-47c9-88fe-d8a1d195302b:c1187]
2019-08-23 11:31:27,890 | INFO  | DNAudit | user=null | ip=null | op=WRITE_CHUNK {blockData=conID: 2 locID: 102666068571521459 bcsId: 1187} | ret=SUCCESS |  
2019-08-23 11:31:27,892 | INFO  | DNAudit | user=null | ip=null | op=WRITE_CHUNK {blockData=conID: 2 locID: 102666068571521459 bcsId: 1187} | ret=SUCCESS |  
2019-08-23 11:31:27,892 | INFO  | DNAudit | user=null | ip=null | op=WRITE_CHUNK {blockData=conID: 2 locID: 102666068571521459 bcsId: 1187} | ret=SUCCESS |  
2019-08-23 11:31:27,907 | INFO  | DNAudit | user=null | ip=null | op=WRITE_CHUNK {blockData=conID: 2 locID: 102666068571521459 bcsId: 1187} | ret=SUCCESS |  
2019-08-23 11:31:27,908 | INFO  | DNAudit | user=null | ip=null | op=PUT_BLOCK {blockData=[blockId=conID: 2 locID: 102666068571521459 bcsId: 0,size=3145728]} | ret=SUCCESS |  
2019-08-23 11:31:27,909 [grpc-default-executor-5] INFO  client.GrpcClientProtocolClient (GrpcClientProtocolClient.java:onNext(255)) - client-C9E345EC67ED->244f13ac-34be-4c4e-8e45-0c0272edbbb2: receive RaftClientReply:client-C9E345EC67ED->244f13ac-34be-4c4e-8e45-0c0272edbbb2@group-FE77C852EF02, cid=922, SUCCESS, logIndex=1191, commits[244f13ac-34be-4c4e-8e45-0c0272edbbb2:c1192, 6287e41a-5356-4f55-84f2-270816d53e84:c1190, a2c18d3d-e79d-47c9-88fe-d8a1d195302b:c1190]
2019-08-23 11:31:27,909 [grpc-default-executor-5] INFO  client.GrpcClientProtocolClient (GrpcClientProtocolClient.java:onNext(255)) - client-C9E345EC67ED->244f13ac-34be-4c4e-8e45-0c0272edbbb2: receive RaftClientReply:client-C9E345EC67ED->244f13ac-34be-4c4e-8e45-0c0272edbbb2@group-FE77C852EF02, cid=923, SUCCESS, logIndex=1192, commits[244f13ac-34be-4c4e-8e45-0c0272edbbb2:c1192, 6287e41a-5356-4f55-84f2-270816d53e84:c1190, a2c18d3d-e79d-47c9-88fe-d8a1d195302b:c1190]
2019-08-23 11:31:27,918 | INFO  | DNAudit | user=null | ip=null | op=WRITE_CHUNK {blockData=conID: 2 locID: 102666068571521459 bcsId: 1187} | ret=SUCCESS |  
2019-08-23 11:31:27,918 | INFO  | DNAudit | user=null | ip=null | op=WRITE_CHUNK {blockData=conID: 2 locID: 102666068571521459 bcsId: 1187} | ret=SUCCESS |  
2019-08-23 11:31:27,918 | INFO  | DNAudit | user=null | ip=null | op=PUT_BLOCK {blockData=[blockId=conID: 2 locID: 102666068571521459 bcsId: 0,size=3145728]} | ret=SUCCESS |  
2019-08-23 11:31:27,918 | INFO  | DNAudit | user=null | ip=null | op=WRITE_CHUNK {blockData=conID: 2 locID: 102666068571521459 bcsId: 1192} | ret=SUCCESS |  
2019-08-23 11:31:27,919 | INFO  | DNAudit | user=null | ip=null | op=PUT_BLOCK {blockData=[blockId=conID: 2 locID: 102666068571521459 bcsId: 0,size=3145728]} | ret=SUCCESS |  
2019-08-23 11:31:27,922 | INFO  | DNAudit | user=null | ip=null | op=WRITE_CHUNK {blockData=conID: 2 locID: 102666068571521459 bcsId: 1192} | ret=SUCCESS |  
2019-08-23 11:31:27,924 | INFO  | DNAudit | user=null | ip=null | op=WRITE_CHUNK {blockData=conID: 2 locID: 102666068571521459 bcsId: 1192} | ret=SUCCESS |  
2019-08-23 11:31:27,935 | INFO  | DNAudit | user=null | ip=null | op=WRITE_CHUNK {blockData=conID: 2 locID: 102666068571521459 bcsId: 1192} | ret=SUCCESS |  
2019-08-23 11:31:27,935 | INFO  | DNAudit | user=null | ip=null | op=PUT_BLOCK {blockData=[blockId=conID: 2 locID: 102666068571521459 bcsId: 0,size=4194304]} | ret=SUCCESS |  
2019-08-23 11:31:27,935 [grpc-default-executor-1] INFO  client.GrpcClientProtocolClient (GrpcClientProtocolClient.java:onNext(255)) - client-C9E345EC67ED->244f13ac-34be-4c4e-8e45-0c0272edbbb2: receive RaftClientReply:client-C9E345EC67ED->244f13ac-34be-4c4e-8e45-0c0272edbbb2@group-FE77C852EF02, cid=924, SUCCESS, logIndex=1195, commits[244f13ac-34be-4c4e-8e45-0c0272edbbb2:c1196, 6287e41a-5356-4f55-84f2-270816d53e84:c1192, a2c18d3d-e79d-47c9-88fe-d8a1d195302b:c1192]
2019-08-23 11:31:27,936 [grpc-default-executor-1] INFO  client.GrpcClientProtocolClient (GrpcClientProtocolClient.java:onNext(255)) - client-C9E345EC67ED->244f13ac-34be-4c4e-8e45-0c0272edbbb2: receive RaftClientReply:client-C9E345EC67ED->244f13ac-34be-4c4e-8e45-0c0272edbbb2@group-FE77C852EF02, cid=925, SUCCESS, logIndex=1196, commits[244f13ac-34be-4c4e-8e45-0c0272edbbb2:c1196, 6287e41a-5356-4f55-84f2-270816d53e84:c1192, a2c18d3d-e79d-47c9-88fe-d8a1d195302b:c1192]
2019-08-23 11:31:27,946 | INFO  | DNAudit | user=null | ip=null | op=WRITE_CHUNK {blockData=conID: 2 locID: 102666068571521459 bcsId: 1192} | ret=SUCCESS |  
2019-08-23 11:31:27,946 | INFO  | DNAudit | user=null | ip=null | op=WRITE_CHUNK {blockData=conID: 2 locID: 102666068571521459 bcsId: 1192} | ret=SUCCESS |  
2019-08-23 11:31:27,946 | INFO  | DNAudit | user=null | ip=null | op=PUT_BLOCK {blockData=[blockId=conID: 2 locID: 102666068571521459 bcsId: 0,size=4194304]} | ret=SUCCESS |  
2019-08-23 11:31:27,946 | INFO  | DNAudit | user=null | ip=null | op=PUT_BLOCK {blockData=[blockId=conID: 2 locID: 102666068571521459 bcsId: 0,size=4194304]} | ret=SUCCESS |  
2019-08-23 11:31:27,947 [grpc-default-executor-1] INFO  client.GrpcClientProtocolClient (GrpcClientProtocolClient.java:onNext(255)) - client-C9E345EC67ED->244f13ac-34be-4c4e-8e45-0c0272edbbb2: receive RaftClientReply:client-C9E345EC67ED->244f13ac-34be-4c4e-8e45-0c0272edbbb2@group-FE77C852EF02, cid=926, SUCCESS, logIndex=0, commits[244f13ac-34be-4c4e-8e45-0c0272edbbb2:c1197, 6287e41a-5356-4f55-84f2-270816d53e84:c1196, a2c18d3d-e79d-47c9-88fe-d8a1d195302b:c1196]
2019-08-23 11:31:27,955 | INFO  | DNAudit | user=null | ip=null | op=WRITE_CHUNK {blockData=conID: 3 locID: 102666068571521460 bcsId: 0} | ret=SUCCESS |  
2019-08-23 11:31:27,957 | INFO  | DNAudit | user=null | ip=null | op=WRITE_CHUNK {blockData=conID: 3 locID: 102666068571521460 bcsId: 0} | ret=SUCCESS |  
2019-08-23 11:31:27,958 | INFO  | DNAudit | user=null | ip=null | op=WRITE_CHUNK {blockData=conID: 3 locID: 102666068571521460 bcsId: 0} | ret=SUCCESS |  
2019-08-23 11:31:27,958 | INFO  | DNAudit | user=null | ip=null | op=WRITE_CHUNK {blockData=conID: 3 locID: 102666068571521460 bcsId: 0} | ret=SUCCESS |  
2019-08-23 11:31:27,959 | INFO  | DNAudit | user=null | ip=null | op=WRITE_CHUNK {blockData=conID: 3 locID: 102666068571521460 bcsId: 0} | ret=SUCCESS |  
2019-08-23 11:31:27,960 | INFO  | DNAudit | user=null | ip=null | op=WRITE_CHUNK {blockData=conID: 3 locID: 102666068571521460 bcsId: 0} | ret=SUCCESS |  
2019-08-23 11:31:27,968 | INFO  | DNAudit | user=null | ip=null | op=WRITE_CHUNK {blockData=conID: 3 locID: 102666068571521460 bcsId: 0} | ret=SUCCESS |  
2019-08-23 11:31:27,968 | INFO  | DNAudit | user=null | ip=null | op=PUT_BLOCK {blockData=[blockId=conID: 3 locID: 102666068571521460 bcsId: 0,size=1048576]} | ret=SUCCESS |  
2019-08-23 11:31:27,968 [grpc-default-executor-2] INFO  client.GrpcClientProtocolClient (GrpcClientProtocolClient.java:onNext(255)) - client-C9E345EC67ED->244f13ac-34be-4c4e-8e45-0c0272edbbb2: receive RaftClientReply:client-C9E345EC67ED->244f13ac-34be-4c4e-8e45-0c0272edbbb2@group-FE77C852EF02, cid=927, SUCCESS, logIndex=1199, commits[244f13ac-34be-4c4e-8e45-0c0272edbbb2:c1202, 6287e41a-5356-4f55-84f2-270816d53e84:c1198, a2c18d3d-e79d-47c9-88fe-d8a1d195302b:c1198]
2019-08-23 11:31:27,969 | INFO  | DNAudit | user=null | ip=null | op=WRITE_CHUNK {blockData=conID: 3 locID: 102666068571521460 bcsId: 0} | ret=SUCCESS |  
2019-08-23 11:31:27,969 | INFO  | DNAudit | user=null | ip=null | op=PUT_BLOCK {blockData=[blockId=conID: 3 locID: 102666068571521460 bcsId: 0,size=2097152]} | ret=SUCCESS |  
2019-08-23 11:31:27,969 [grpc-default-executor-2] INFO  client.GrpcClientProtocolClient (GrpcClientProtocolClient.java:onNext(255)) - client-C9E345EC67ED->244f13ac-34be-4c4e-8e45-0c0272edbbb2: receive RaftClientReply:client-C9E345EC67ED->244f13ac-34be-4c4e-8e45-0c0272edbbb2@group-FE77C852EF02, cid=928, SUCCESS, logIndex=1200, commits[244f13ac-34be-4c4e-8e45-0c0272edbbb2:c1202, 6287e41a-5356-4f55-84f2-270816d53e84:c1198, a2c18d3d-e79d-47c9-88fe-d8a1d195302b:c1198]
2019-08-23 11:31:27,969 [grpc-default-executor-2] INFO  client.GrpcClientProtocolClient (GrpcClientProtocolClient.java:onNext(255)) - client-C9E345EC67ED->244f13ac-34be-4c4e-8e45-0c0272edbbb2: receive RaftClientReply:client-C9E345EC67ED->244f13ac-34be-4c4e-8e45-0c0272edbbb2@group-FE77C852EF02, cid=929, SUCCESS, logIndex=1201, commits[244f13ac-34be-4c4e-8e45-0c0272edbbb2:c1202, 6287e41a-5356-4f55-84f2-270816d53e84:c1198, a2c18d3d-e79d-47c9-88fe-d8a1d195302b:c1198]
2019-08-23 11:31:27,969 | INFO  | DNAudit | user=null | ip=null | op=WRITE_CHUNK {blockData=conID: 3 locID: 102666068571521460 bcsId: 0} | ret=SUCCESS |  
2019-08-23 11:31:27,970 | INFO  | DNAudit | user=null | ip=null | op=WRITE_CHUNK {blockData=conID: 3 locID: 102666068571521460 bcsId: 0} | ret=SUCCESS |  
2019-08-23 11:31:27,970 | INFO  | DNAudit | user=null | ip=null | op=PUT_BLOCK {blockData=[blockId=conID: 3 locID: 102666068571521460 bcsId: 0,size=1048576]} | ret=SUCCESS |  
2019-08-23 11:31:27,970 [grpc-default-executor-2] INFO  client.GrpcClientProtocolClient (GrpcClientProtocolClient.java:onNext(255)) - client-C9E345EC67ED->244f13ac-34be-4c4e-8e45-0c0272edbbb2: receive RaftClientReply:client-C9E345EC67ED->244f13ac-34be-4c4e-8e45-0c0272edbbb2@group-FE77C852EF02, cid=930, SUCCESS, logIndex=1202, commits[244f13ac-34be-4c4e-8e45-0c0272edbbb2:c1202, 6287e41a-5356-4f55-84f2-270816d53e84:c1198, a2c18d3d-e79d-47c9-88fe-d8a1d195302b:c1198]
2019-08-23 11:31:27,970 | INFO  | DNAudit | user=null | ip=null | op=PUT_BLOCK {blockData=[blockId=conID: 3 locID: 102666068571521460 bcsId: 0,size=1048576]} | ret=SUCCESS |  
2019-08-23 11:31:27,971 [grpc-default-executor-2] INFO  client.GrpcClientProtocolClient (GrpcClientProtocolClient.java:onNext(255)) - client-C9E345EC67ED->244f13ac-34be-4c4e-8e45-0c0272edbbb2: receive RaftClientReply:client-C9E345EC67ED->244f13ac-34be-4c4e-8e45-0c0272edbbb2@group-FE77C852EF02, cid=931, SUCCESS, logIndex=0, commits[244f13ac-34be-4c4e-8e45-0c0272edbbb2:c1203, 6287e41a-5356-4f55-84f2-270816d53e84:c1200, a2c18d3d-e79d-47c9-88fe-d8a1d195302b:c1200]
2019-08-23 11:31:27,971 | INFO  | DNAudit | user=null | ip=null | op=WRITE_CHUNK {blockData=conID: 3 locID: 102666068571521460 bcsId: 0} | ret=SUCCESS |  
2019-08-23 11:31:27,971 | INFO  | DNAudit | user=null | ip=null | op=PUT_BLOCK {blockData=[blockId=conID: 3 locID: 102666068571521460 bcsId: 0,size=2097152]} | ret=SUCCESS |  
2019-08-23 11:31:27,971 | INFO  | DNAudit | user=null | ip=null | op=WRITE_CHUNK {blockData=conID: 3 locID: 102666068571521460 bcsId: 0} | ret=SUCCESS |  
2019-08-23 11:31:27,972 | INFO  | DNAudit | user=null | ip=null | op=PUT_BLOCK {blockData=[blockId=conID: 3 locID: 102666068571521460 bcsId: 0,size=2097152]} | ret=SUCCESS |  
2019-08-23 11:31:27,978 | INFO  | DNAudit | user=null | ip=null | op=WRITE_CHUNK {blockData=conID: 3 locID: 102666068571521460 bcsId: 1202} | ret=SUCCESS |  
2019-08-23 11:31:27,980 | INFO  | DNAudit | user=null | ip=null | op=WRITE_CHUNK {blockData=conID: 3 locID: 102666068571521460 bcsId: 1202} | ret=SUCCESS |  
2019-08-23 11:31:27,981 | INFO  | DNAudit | user=null | ip=null | op=WRITE_CHUNK {blockData=conID: 3 locID: 102666068571521460 bcsId: 1202} | ret=SUCCESS |  
2019-08-23 11:31:27,988 | INFO  | DNAudit | user=null | ip=null | op=WRITE_CHUNK {blockData=conID: 3 locID: 102666068571521460 bcsId: 1202} | ret=SUCCESS |  
2019-08-23 11:31:27,989 | INFO  | DNAudit | user=null | ip=null | op=PUT_BLOCK {blockData=[blockId=conID: 3 locID: 102666068571521460 bcsId: 0,size=3145728]} | ret=SUCCESS |  
2019-08-23 11:31:27,989 [grpc-default-executor-5] INFO  client.GrpcClientProtocolClient (GrpcClientProtocolClient.java:onNext(255)) - client-C9E345EC67ED->244f13ac-34be-4c4e-8e45-0c0272edbbb2: receive RaftClientReply:client-C9E345EC67ED->244f13ac-34be-4c4e-8e45-0c0272edbbb2@group-FE77C852EF02, cid=932, SUCCESS, logIndex=1207, commits[244f13ac-34be-4c4e-8e45-0c0272edbbb2:c1208, 6287e41a-5356-4f55-84f2-270816d53e84:c1206, a2c18d3d-e79d-47c9-88fe-d8a1d195302b:c1206]
2019-08-23 11:31:27,990 [grpc-default-executor-5] INFO  client.GrpcClientProtocolClient (GrpcClientProtocolClient.java:onNext(255)) - client-C9E345EC67ED->244f13ac-34be-4c4e-8e45-0c0272edbbb2: receive RaftClientReply:client-C9E345EC67ED->244f13ac-34be-4c4e-8e45-0c0272edbbb2@group-FE77C852EF02, cid=933, SUCCESS, logIndex=1208, commits[244f13ac-34be-4c4e-8e45-0c0272edbbb2:c1208, 6287e41a-5356-4f55-84f2-270816d53e84:c1206, a2c18d3d-e79d-47c9-88fe-d8a1d195302b:c1206]
2019-08-23 11:31:27,996 | INFO  | DNAudit | user=null | ip=null | op=WRITE_CHUNK {blockData=conID: 3 locID: 102666068571521460 bcsId: 1208} | ret=SUCCESS |  
2019-08-23 11:31:27,998 | INFO  | DNAudit | user=null | ip=null | op=WRITE_CHUNK {blockData=conID: 3 locID: 102666068571521460 bcsId: 1208} | ret=SUCCESS |  
2019-08-23 11:31:27,999 | INFO  | DNAudit | user=null | ip=null | op=WRITE_CHUNK {blockData=conID: 3 locID: 102666068571521460 bcsId: 1208} | ret=SUCCESS |  
2019-08-23 11:31:28,000 | INFO  | DNAudit | user=null | ip=null | op=WRITE_CHUNK {blockData=conID: 3 locID: 102666068571521460 bcsId: 1202} | ret=SUCCESS |  
2019-08-23 11:31:28,001 | INFO  | DNAudit | user=null | ip=null | op=WRITE_CHUNK {blockData=conID: 3 locID: 102666068571521460 bcsId: 1202} | ret=SUCCESS |  
2019-08-23 11:31:28,001 | INFO  | DNAudit | user=null | ip=null | op=PUT_BLOCK {blockData=[blockId=conID: 3 locID: 102666068571521460 bcsId: 0,size=3145728]} | ret=SUCCESS |  
2019-08-23 11:31:28,001 | INFO  | DNAudit | user=null | ip=null | op=PUT_BLOCK {blockData=[blockId=conID: 3 locID: 102666068571521460 bcsId: 0,size=3145728]} | ret=SUCCESS |  
2019-08-23 11:31:28,002 | INFO  | DNAudit | user=null | ip=null | op=WRITE_CHUNK {blockData=conID: 3 locID: 102666068571521460 bcsId: 1208} | ret=SUCCESS |  
2019-08-23 11:31:28,002 | INFO  | DNAudit | user=null | ip=null | op=PUT_BLOCK {blockData=[blockId=conID: 3 locID: 102666068571521460 bcsId: 0,size=4194304]} | ret=SUCCESS |  
2019-08-23 11:31:28,002 [grpc-default-executor-2] INFO  client.GrpcClientProtocolClient (GrpcClientProtocolClient.java:onNext(255)) - client-C9E345EC67ED->244f13ac-34be-4c4e-8e45-0c0272edbbb2: receive RaftClientReply:client-C9E345EC67ED->244f13ac-34be-4c4e-8e45-0c0272edbbb2@group-FE77C852EF02, cid=934, SUCCESS, logIndex=1211, commits[244f13ac-34be-4c4e-8e45-0c0272edbbb2:c1212, 6287e41a-5356-4f55-84f2-270816d53e84:c1208, a2c18d3d-e79d-47c9-88fe-d8a1d195302b:c1208]
2019-08-23 11:31:28,003 | INFO  | DNAudit | user=null | ip=null | op=WRITE_CHUNK {blockData=conID: 3 locID: 102666068571521460 bcsId: 1208} | ret=SUCCESS |  
2019-08-23 11:31:28,003 | INFO  | DNAudit | user=null | ip=null | op=WRITE_CHUNK {blockData=conID: 3 locID: 102666068571521460 bcsId: 1208} | ret=SUCCESS |  
2019-08-23 11:31:28,003 | INFO  | DNAudit | user=null | ip=null | op=PUT_BLOCK {blockData=[blockId=conID: 3 locID: 102666068571521460 bcsId: 0,size=4194304]} | ret=SUCCESS |  
2019-08-23 11:31:28,003 [grpc-default-executor-2] INFO  client.GrpcClientProtocolClient (GrpcClientProtocolClient.java:onNext(255)) - client-C9E345EC67ED->244f13ac-34be-4c4e-8e45-0c0272edbbb2: receive RaftClientReply:client-C9E345EC67ED->244f13ac-34be-4c4e-8e45-0c0272edbbb2@group-FE77C852EF02, cid=935, SUCCESS, logIndex=1212, commits[244f13ac-34be-4c4e-8e45-0c0272edbbb2:c1212, 6287e41a-5356-4f55-84f2-270816d53e84:c1208, a2c18d3d-e79d-47c9-88fe-d8a1d195302b:c1208]
2019-08-23 11:31:28,003 | INFO  | DNAudit | user=null | ip=null | op=PUT_BLOCK {blockData=[blockId=conID: 3 locID: 102666068571521460 bcsId: 0,size=4194304]} | ret=SUCCESS |  
2019-08-23 11:31:28,004 [grpc-default-executor-2] INFO  client.GrpcClientProtocolClient (GrpcClientProtocolClient.java:onNext(255)) - client-C9E345EC67ED->244f13ac-34be-4c4e-8e45-0c0272edbbb2: receive RaftClientReply:client-C9E345EC67ED->244f13ac-34be-4c4e-8e45-0c0272edbbb2@group-FE77C852EF02, cid=936, SUCCESS, logIndex=0, commits[244f13ac-34be-4c4e-8e45-0c0272edbbb2:c1214, 6287e41a-5356-4f55-84f2-270816d53e84:c1212, a2c18d3d-e79d-47c9-88fe-d8a1d195302b:c1212]
2019-08-23 11:31:28,011 | INFO  | DNAudit | user=null | ip=null | op=WRITE_CHUNK {blockData=conID: 1 locID: 102666068571521461 bcsId: 0} | ret=SUCCESS |  
2019-08-23 11:31:28,014 | INFO  | DNAudit | user=null | ip=null | op=WRITE_CHUNK {blockData=conID: 1 locID: 102666068571521461 bcsId: 0} | ret=SUCCESS |  
2019-08-23 11:31:28,014 | INFO  | DNAudit | user=null | ip=null | op=WRITE_CHUNK {blockData=conID: 1 locID: 102666068571521461 bcsId: 0} | ret=SUCCESS |  
2019-08-23 11:31:28,014 | INFO  | DNAudit | user=null | ip=null | op=WRITE_CHUNK {blockData=conID: 1 locID: 102666068571521461 bcsId: 0} | ret=SUCCESS |  
2019-08-23 11:31:28,015 | INFO  | DNAudit | user=null | ip=null | op=WRITE_CHUNK {blockData=conID: 1 locID: 102666068571521461 bcsId: 0} | ret=SUCCESS |  
2019-08-23 11:31:28,016 | INFO  | DNAudit | user=null | ip=null | op=WRITE_CHUNK {blockData=conID: 1 locID: 102666068571521461 bcsId: 0} | ret=SUCCESS |  
2019-08-23 11:31:28,024 | INFO  | DNAudit | user=null | ip=null | op=WRITE_CHUNK {blockData=conID: 1 locID: 102666068571521461 bcsId: 0} | ret=SUCCESS |  
2019-08-23 11:31:28,024 | INFO  | DNAudit | user=null | ip=null | op=PUT_BLOCK {blockData=[blockId=conID: 1 locID: 102666068571521461 bcsId: 0,size=1048576]} | ret=SUCCESS |  
2019-08-23 11:31:28,025 [grpc-default-executor-1] INFO  client.GrpcClientProtocolClient (GrpcClientProtocolClient.java:onNext(255)) - client-C9E345EC67ED->244f13ac-34be-4c4e-8e45-0c0272edbbb2: receive RaftClientReply:client-C9E345EC67ED->244f13ac-34be-4c4e-8e45-0c0272edbbb2@group-FE77C852EF02, cid=937, SUCCESS, logIndex=1215, commits[244f13ac-34be-4c4e-8e45-0c0272edbbb2:c1217, 6287e41a-5356-4f55-84f2-270816d53e84:c1214, a2c18d3d-e79d-47c9-88fe-d8a1d195302b:c1214]
2019-08-23 11:31:28,025 | INFO  | DNAudit | user=null | ip=null | op=WRITE_CHUNK {blockData=conID: 1 locID: 102666068571521461 bcsId: 0} | ret=SUCCESS |  
2019-08-23 11:31:28,025 | INFO  | DNAudit | user=null | ip=null | op=PUT_BLOCK {blockData=[blockId=conID: 1 locID: 102666068571521461 bcsId: 0,size=2097152]} | ret=SUCCESS |  
2019-08-23 11:31:28,025 [grpc-default-executor-1] INFO  client.GrpcClientProtocolClient (GrpcClientProtocolClient.java:onNext(255)) - client-C9E345EC67ED->244f13ac-34be-4c4e-8e45-0c0272edbbb2: receive RaftClientReply:client-C9E345EC67ED->244f13ac-34be-4c4e-8e45-0c0272edbbb2@group-FE77C852EF02, cid=938, SUCCESS, logIndex=1216, commits[244f13ac-34be-4c4e-8e45-0c0272edbbb2:c1218, 6287e41a-5356-4f55-84f2-270816d53e84:c1214, a2c18d3d-e79d-47c9-88fe-d8a1d195302b:c1214]
2019-08-23 11:31:28,026 [grpc-default-executor-1] INFO  client.GrpcClientProtocolClient (GrpcClientProtocolClient.java:onNext(255)) - client-C9E345EC67ED->244f13ac-34be-4c4e-8e45-0c0272edbbb2: receive RaftClientReply:client-C9E345EC67ED->244f13ac-34be-4c4e-8e45-0c0272edbbb2@group-FE77C852EF02, cid=939, SUCCESS, logIndex=1217, commits[244f13ac-34be-4c4e-8e45-0c0272edbbb2:c1218, 6287e41a-5356-4f55-84f2-270816d53e84:c1214, a2c18d3d-e79d-47c9-88fe-d8a1d195302b:c1214]
2019-08-23 11:31:28,026 [grpc-default-executor-1] INFO  client.GrpcClientProtocolClient (GrpcClientProtocolClient.java:onNext(255)) - client-C9E345EC67ED->244f13ac-34be-4c4e-8e45-0c0272edbbb2: receive RaftClientReply:client-C9E345EC67ED->244f13ac-34be-4c4e-8e45-0c0272edbbb2@group-FE77C852EF02, cid=940, SUCCESS, logIndex=1218, commits[244f13ac-34be-4c4e-8e45-0c0272edbbb2:c1218, 6287e41a-5356-4f55-84f2-270816d53e84:c1214, a2c18d3d-e79d-47c9-88fe-d8a1d195302b:c1214]
2019-08-23 11:31:28,035 | INFO  | DNAudit | user=null | ip=null | op=WRITE_CHUNK {blockData=conID: 1 locID: 102666068571521461 bcsId: 0} | ret=SUCCESS |  
2019-08-23 11:31:28,036 | INFO  | DNAudit | user=null | ip=null | op=WRITE_CHUNK {blockData=conID: 1 locID: 102666068571521461 bcsId: 0} | ret=SUCCESS |  
2019-08-23 11:31:28,036 | INFO  | DNAudit | user=null | ip=null | op=PUT_BLOCK {blockData=[blockId=conID: 1 locID: 102666068571521461 bcsId: 0,size=1048576]} | ret=SUCCESS |  
2019-08-23 11:31:28,036 | INFO  | DNAudit | user=null | ip=null | op=PUT_BLOCK {blockData=[blockId=conID: 1 locID: 102666068571521461 bcsId: 0,size=1048576]} | ret=SUCCESS |  
2019-08-23 11:31:28,037 | INFO  | DNAudit | user=null | ip=null | op=WRITE_CHUNK {blockData=conID: 1 locID: 102666068571521461 bcsId: 0} | ret=SUCCESS |  
2019-08-23 11:31:28,037 | INFO  | DNAudit | user=null | ip=null | op=WRITE_CHUNK {blockData=conID: 1 locID: 102666068571521461 bcsId: 0} | ret=SUCCESS |  
2019-08-23 11:31:28,037 | INFO  | DNAudit | user=null | ip=null | op=PUT_BLOCK {blockData=[blockId=conID: 1 locID: 102666068571521461 bcsId: 0,size=2097152]} | ret=SUCCESS |  
2019-08-23 11:31:28,037 | INFO  | DNAudit | user=null | ip=null | op=PUT_BLOCK {blockData=[blockId=conID: 1 locID: 102666068571521461 bcsId: 0,size=2097152]} | ret=SUCCESS |  
2019-08-23 11:31:28,037 [grpc-default-executor-2] INFO  client.GrpcClientProtocolClient (GrpcClientProtocolClient.java:onNext(255)) - client-C9E345EC67ED->244f13ac-34be-4c4e-8e45-0c0272edbbb2: receive RaftClientReply:client-C9E345EC67ED->244f13ac-34be-4c4e-8e45-0c0272edbbb2@group-FE77C852EF02, cid=941, SUCCESS, logIndex=0, commits[244f13ac-34be-4c4e-8e45-0c0272edbbb2:c1220, 6287e41a-5356-4f55-84f2-270816d53e84:c1217, a2c18d3d-e79d-47c9-88fe-d8a1d195302b:c1217]
2019-08-23 11:31:28,044 | INFO  | DNAudit | user=null | ip=null | op=WRITE_CHUNK {blockData=conID: 1 locID: 102666068571521461 bcsId: 1218} | ret=SUCCESS |  
2019-08-23 11:31:28,046 | INFO  | DNAudit | user=null | ip=null | op=WRITE_CHUNK {blockData=conID: 1 locID: 102666068571521461 bcsId: 1218} | ret=SUCCESS |  
2019-08-23 11:31:28,047 | INFO  | DNAudit | user=null | ip=null | op=WRITE_CHUNK {blockData=conID: 1 locID: 102666068571521461 bcsId: 1218} | ret=SUCCESS |  
2019-08-23 11:31:28,057 | INFO  | DNAudit | user=null | ip=null | op=WRITE_CHUNK {blockData=conID: 1 locID: 102666068571521461 bcsId: 1218} | ret=SUCCESS |  
2019-08-23 11:31:28,058 | INFO  | DNAudit | user=null | ip=null | op=PUT_BLOCK {blockData=[blockId=conID: 1 locID: 102666068571521461 bcsId: 0,size=3145728]} | ret=SUCCESS |  
2019-08-23 11:31:28,058 [grpc-default-executor-4] INFO  client.GrpcClientProtocolClient (GrpcClientProtocolClient.java:onNext(255)) - client-C9E345EC67ED->244f13ac-34be-4c4e-8e45-0c0272edbbb2: receive RaftClientReply:client-C9E345EC67ED->244f13ac-34be-4c4e-8e45-0c0272edbbb2@group-FE77C852EF02, cid=942, SUCCESS, logIndex=1223, commits[244f13ac-34be-4c4e-8e45-0c0272edbbb2:c1224, 6287e41a-5356-4f55-84f2-270816d53e84:c1222, a2c18d3d-e79d-47c9-88fe-d8a1d195302b:c1222]
2019-08-23 11:31:28,058 [grpc-default-executor-4] INFO  client.GrpcClientProtocolClient (GrpcClientProtocolClient.java:onNext(255)) - client-C9E345EC67ED->244f13ac-34be-4c4e-8e45-0c0272edbbb2: receive RaftClientReply:client-C9E345EC67ED->244f13ac-34be-4c4e-8e45-0c0272edbbb2@group-FE77C852EF02, cid=943, SUCCESS, logIndex=1224, commits[244f13ac-34be-4c4e-8e45-0c0272edbbb2:c1224, 6287e41a-5356-4f55-84f2-270816d53e84:c1222, a2c18d3d-e79d-47c9-88fe-d8a1d195302b:c1222]
2019-08-23 11:31:28,065 | INFO  | DNAudit | user=null | ip=null | op=WRITE_CHUNK {blockData=conID: 1 locID: 102666068571521461 bcsId: 1224} | ret=SUCCESS |  
2019-08-23 11:31:28,067 | INFO  | DNAudit | user=null | ip=null | op=WRITE_CHUNK {blockData=conID: 1 locID: 102666068571521461 bcsId: 1224} | ret=SUCCESS |  
2019-08-23 11:31:28,067 | INFO  | DNAudit | user=null | ip=null | op=WRITE_CHUNK {blockData=conID: 1 locID: 102666068571521461 bcsId: 1224} | ret=SUCCESS |  
2019-08-23 11:31:28,069 | INFO  | DNAudit | user=null | ip=null | op=WRITE_CHUNK {blockData=conID: 1 locID: 102666068571521461 bcsId: 1218} | ret=SUCCESS |  
2019-08-23 11:31:28,069 | INFO  | DNAudit | user=null | ip=null | op=WRITE_CHUNK {blockData=conID: 1 locID: 102666068571521461 bcsId: 1218} | ret=SUCCESS |  
2019-08-23 11:31:28,070 | INFO  | DNAudit | user=null | ip=null | op=PUT_BLOCK {blockData=[blockId=conID: 1 locID: 102666068571521461 bcsId: 0,size=3145728]} | ret=SUCCESS |  
2019-08-23 11:31:28,070 | INFO  | DNAudit | user=null | ip=null | op=PUT_BLOCK {blockData=[blockId=conID: 1 locID: 102666068571521461 bcsId: 0,size=3145728]} | ret=SUCCESS |  
2019-08-23 11:31:28,071 | INFO  | DNAudit | user=null | ip=null | op=WRITE_CHUNK {blockData=conID: 1 locID: 102666068571521461 bcsId: 1224} | ret=SUCCESS |  
2019-08-23 11:31:28,071 | INFO  | DNAudit | user=null | ip=null | op=PUT_BLOCK {blockData=[blockId=conID: 1 locID: 102666068571521461 bcsId: 0,size=4194304]} | ret=SUCCESS |  
2019-08-23 11:31:28,071 [grpc-default-executor-4] INFO  client.GrpcClientProtocolClient (GrpcClientProtocolClient.java:onNext(255)) - client-C9E345EC67ED->244f13ac-34be-4c4e-8e45-0c0272edbbb2: receive RaftClientReply:client-C9E345EC67ED->244f13ac-34be-4c4e-8e45-0c0272edbbb2@group-FE77C852EF02, cid=944, SUCCESS, logIndex=1227, commits[244f13ac-34be-4c4e-8e45-0c0272edbbb2:c1228, 6287e41a-5356-4f55-84f2-270816d53e84:c1224, a2c18d3d-e79d-47c9-88fe-d8a1d195302b:c1224]
2019-08-23 11:31:28,072 [grpc-default-executor-4] INFO  client.GrpcClientProtocolClient (GrpcClientProtocolClient.java:onNext(255)) - client-C9E345EC67ED->244f13ac-34be-4c4e-8e45-0c0272edbbb2: receive RaftClientReply:client-C9E345EC67ED->244f13ac-34be-4c4e-8e45-0c0272edbbb2@group-FE77C852EF02, cid=945, SUCCESS, logIndex=1228, commits[244f13ac-34be-4c4e-8e45-0c0272edbbb2:c1228, 6287e41a-5356-4f55-84f2-270816d53e84:c1224, a2c18d3d-e79d-47c9-88fe-d8a1d195302b:c1224]
2019-08-23 11:31:28,082 | INFO  | DNAudit | user=null | ip=null | op=WRITE_CHUNK {blockData=conID: 1 locID: 102666068571521461 bcsId: 1224} | ret=SUCCESS |  
2019-08-23 11:31:28,082 | INFO  | DNAudit | user=null | ip=null | op=WRITE_CHUNK {blockData=conID: 1 locID: 102666068571521461 bcsId: 1224} | ret=SUCCESS |  
2019-08-23 11:31:28,083 | INFO  | DNAudit | user=null | ip=null | op=PUT_BLOCK {blockData=[blockId=conID: 1 locID: 102666068571521461 bcsId: 0,size=4194304]} | ret=SUCCESS |  
2019-08-23 11:31:28,083 | INFO  | DNAudit | user=null | ip=null | op=PUT_BLOCK {blockData=[blockId=conID: 1 locID: 102666068571521461 bcsId: 0,size=4194304]} | ret=SUCCESS |  
2019-08-23 11:31:28,084 [grpc-default-executor-4] INFO  client.GrpcClientProtocolClient (GrpcClientProtocolClient.java:onNext(255)) - client-C9E345EC67ED->244f13ac-34be-4c4e-8e45-0c0272edbbb2: receive RaftClientReply:client-C9E345EC67ED->244f13ac-34be-4c4e-8e45-0c0272edbbb2@group-FE77C852EF02, cid=946, SUCCESS, logIndex=0, commits[244f13ac-34be-4c4e-8e45-0c0272edbbb2:c1230, 6287e41a-5356-4f55-84f2-270816d53e84:c1228, a2c18d3d-e79d-47c9-88fe-d8a1d195302b:c1228]
2019-08-23 11:31:28,091 | INFO  | DNAudit | user=null | ip=null | op=WRITE_CHUNK {blockData=conID: 2 locID: 102666068571521462 bcsId: 0} | ret=SUCCESS |  
2019-08-23 11:31:28,094 | INFO  | DNAudit | user=null | ip=null | op=WRITE_CHUNK {blockData=conID: 2 locID: 102666068571521462 bcsId: 0} | ret=SUCCESS |  
2019-08-23 11:31:28,094 | INFO  | DNAudit | user=null | ip=null | op=WRITE_CHUNK {blockData=conID: 2 locID: 102666068571521462 bcsId: 0} | ret=SUCCESS |  
2019-08-23 11:31:28,094 | INFO  | DNAudit | user=null | ip=null | op=WRITE_CHUNK {blockData=conID: 2 locID: 102666068571521462 bcsId: 0} | ret=SUCCESS |  
2019-08-23 11:31:28,096 | INFO  | DNAudit | user=null | ip=null | op=WRITE_CHUNK {blockData=conID: 2 locID: 102666068571521462 bcsId: 0} | ret=SUCCESS |  
2019-08-23 11:31:28,096 | INFO  | DNAudit | user=null | ip=null | op=WRITE_CHUNK {blockData=conID: 2 locID: 102666068571521462 bcsId: 0} | ret=SUCCESS |  
2019-08-23 11:31:28,106 | INFO  | DNAudit | user=null | ip=null | op=WRITE_CHUNK {blockData=conID: 2 locID: 102666068571521462 bcsId: 0} | ret=SUCCESS |  
2019-08-23 11:31:28,106 | INFO  | DNAudit | user=null | ip=null | op=PUT_BLOCK {blockData=[blockId=conID: 2 locID: 102666068571521462 bcsId: 0,size=1048576]} | ret=SUCCESS |  
2019-08-23 11:31:28,107 [grpc-default-executor-2] INFO  client.GrpcClientProtocolClient (GrpcClientProtocolClient.java:onNext(255)) - client-C9E345EC67ED->244f13ac-34be-4c4e-8e45-0c0272edbbb2: receive RaftClientReply:client-C9E345EC67ED->244f13ac-34be-4c4e-8e45-0c0272edbbb2@group-FE77C852EF02, cid=947, SUCCESS, logIndex=1231, commits[244f13ac-34be-4c4e-8e45-0c0272edbbb2:c1232, 6287e41a-5356-4f55-84f2-270816d53e84:c1230, a2c18d3d-e79d-47c9-88fe-d8a1d195302b:c1230]
2019-08-23 11:31:28,107 [grpc-default-executor-2] INFO  client.GrpcClientProtocolClient (GrpcClientProtocolClient.java:onNext(255)) - client-C9E345EC67ED->244f13ac-34be-4c4e-8e45-0c0272edbbb2: receive RaftClientReply:client-C9E345EC67ED->244f13ac-34be-4c4e-8e45-0c0272edbbb2@group-FE77C852EF02, cid=948, SUCCESS, logIndex=1232, commits[244f13ac-34be-4c4e-8e45-0c0272edbbb2:c1232, 6287e41a-5356-4f55-84f2-270816d53e84:c1230, a2c18d3d-e79d-47c9-88fe-d8a1d195302b:c1230]
2019-08-23 11:31:28,107 | INFO  | DNAudit | user=null | ip=null | op=WRITE_CHUNK {blockData=conID: 2 locID: 102666068571521462 bcsId: 0} | ret=SUCCESS |  
2019-08-23 11:31:28,108 | INFO  | DNAudit | user=null | ip=null | op=PUT_BLOCK {blockData=[blockId=conID: 2 locID: 102666068571521462 bcsId: 0,size=2097152]} | ret=SUCCESS |  
2019-08-23 11:31:28,108 [grpc-default-executor-4] INFO  client.GrpcClientProtocolClient (GrpcClientProtocolClient.java:onNext(255)) - client-C9E345EC67ED->244f13ac-34be-4c4e-8e45-0c0272edbbb2: receive RaftClientReply:client-C9E345EC67ED->244f13ac-34be-4c4e-8e45-0c0272edbbb2@group-FE77C852EF02, cid=949, SUCCESS, logIndex=1233, commits[244f13ac-34be-4c4e-8e45-0c0272edbbb2:c1234, 6287e41a-5356-4f55-84f2-270816d53e84:c1230, a2c18d3d-e79d-47c9-88fe-d8a1d195302b:c1230]
2019-08-23 11:31:28,108 | INFO  | DNAudit | user=null | ip=null | op=WRITE_CHUNK {blockData=conID: 2 locID: 102666068571521462 bcsId: 0} | ret=SUCCESS |  
2019-08-23 11:31:28,108 [grpc-default-executor-4] INFO  client.GrpcClientProtocolClient (GrpcClientProtocolClient.java:onNext(255)) - client-C9E345EC67ED->244f13ac-34be-4c4e-8e45-0c0272edbbb2: receive RaftClientReply:client-C9E345EC67ED->244f13ac-34be-4c4e-8e45-0c0272edbbb2@group-FE77C852EF02, cid=950, SUCCESS, logIndex=1234, commits[244f13ac-34be-4c4e-8e45-0c0272edbbb2:c1234, 6287e41a-5356-4f55-84f2-270816d53e84:c1230, a2c18d3d-e79d-47c9-88fe-d8a1d195302b:c1230]
2019-08-23 11:31:28,109 | INFO  | DNAudit | user=null | ip=null | op=PUT_BLOCK {blockData=[blockId=conID: 2 locID: 102666068571521462 bcsId: 0,size=1048576]} | ret=SUCCESS |  
2019-08-23 11:31:28,109 | INFO  | DNAudit | user=null | ip=null | op=WRITE_CHUNK {blockData=conID: 2 locID: 102666068571521462 bcsId: 0} | ret=SUCCESS |  
2019-08-23 11:31:28,109 | INFO  | DNAudit | user=null | ip=null | op=PUT_BLOCK {blockData=[blockId=conID: 2 locID: 102666068571521462 bcsId: 0,size=1048576]} | ret=SUCCESS |  
2019-08-23 11:31:28,110 | INFO  | DNAudit | user=null | ip=null | op=WRITE_CHUNK {blockData=conID: 2 locID: 102666068571521462 bcsId: 0} | ret=SUCCESS |  
2019-08-23 11:31:28,110 | INFO  | DNAudit | user=null | ip=null | op=WRITE_CHUNK {blockData=conID: 2 locID: 102666068571521462 bcsId: 0} | ret=SUCCESS |  
2019-08-23 11:31:28,110 [grpc-default-executor-2] INFO  client.GrpcClientProtocolClient (GrpcClientProtocolClient.java:onNext(255)) - client-C9E345EC67ED->244f13ac-34be-4c4e-8e45-0c0272edbbb2: receive RaftClientReply:client-C9E345EC67ED->244f13ac-34be-4c4e-8e45-0c0272edbbb2@group-FE77C852EF02, cid=951, SUCCESS, logIndex=0, commits[244f13ac-34be-4c4e-8e45-0c0272edbbb2:c1236, 6287e41a-5356-4f55-84f2-270816d53e84:c1232, a2c18d3d-e79d-47c9-88fe-d8a1d195302b:c1232]
2019-08-23 11:31:28,110 | INFO  | DNAudit | user=null | ip=null | op=PUT_BLOCK {blockData=[blockId=conID: 2 locID: 102666068571521462 bcsId: 0,size=2097152]} | ret=SUCCESS |  
2019-08-23 11:31:28,110 | INFO  | DNAudit | user=null | ip=null | op=PUT_BLOCK {blockData=[blockId=conID: 2 locID: 102666068571521462 bcsId: 0,size=2097152]} | ret=SUCCESS |  
2019-08-23 11:31:28,116 | INFO  | DNAudit | user=null | ip=null | op=WRITE_CHUNK {blockData=conID: 2 locID: 102666068571521462 bcsId: 1234} | ret=SUCCESS |  
2019-08-23 11:31:28,117 | INFO  | DNAudit | user=null | ip=null | op=WRITE_CHUNK {blockData=conID: 2 locID: 102666068571521462 bcsId: 1234} | ret=SUCCESS |  
2019-08-23 11:31:28,118 | INFO  | DNAudit | user=null | ip=null | op=WRITE_CHUNK {blockData=conID: 2 locID: 102666068571521462 bcsId: 1234} | ret=SUCCESS |  
2019-08-23 11:31:28,128 | INFO  | DNAudit | user=null | ip=null | op=WRITE_CHUNK {blockData=conID: 2 locID: 102666068571521462 bcsId: 1234} | ret=SUCCESS |  
2019-08-23 11:31:28,128 | INFO  | DNAudit | user=null | ip=null | op=PUT_BLOCK {blockData=[blockId=conID: 2 locID: 102666068571521462 bcsId: 0,size=3145728]} | ret=SUCCESS |  
2019-08-23 11:31:28,129 [grpc-default-executor-2] INFO  client.GrpcClientProtocolClient (GrpcClientProtocolClient.java:onNext(255)) - client-C9E345EC67ED->244f13ac-34be-4c4e-8e45-0c0272edbbb2: receive RaftClientReply:client-C9E345EC67ED->244f13ac-34be-4c4e-8e45-0c0272edbbb2@group-FE77C852EF02, cid=952, SUCCESS, logIndex=1239, commits[244f13ac-34be-4c4e-8e45-0c0272edbbb2:c1240, 6287e41a-5356-4f55-84f2-270816d53e84:c1238, a2c18d3d-e79d-47c9-88fe-d8a1d195302b:c1238]
2019-08-23 11:31:28,129 [grpc-default-executor-2] INFO  client.GrpcClientProtocolClient (GrpcClientProtocolClient.java:onNext(255)) - client-C9E345EC67ED->244f13ac-34be-4c4e-8e45-0c0272edbbb2: receive RaftClientReply:client-C9E345EC67ED->244f13ac-34be-4c4e-8e45-0c0272edbbb2@group-FE77C852EF02, cid=953, SUCCESS, logIndex=1240, commits[244f13ac-34be-4c4e-8e45-0c0272edbbb2:c1240, 6287e41a-5356-4f55-84f2-270816d53e84:c1238, a2c18d3d-e79d-47c9-88fe-d8a1d195302b:c1238]
2019-08-23 11:31:28,135 | INFO  | DNAudit | user=null | ip=null | op=WRITE_CHUNK {blockData=conID: 2 locID: 102666068571521462 bcsId: 1240} | ret=SUCCESS |  
2019-08-23 11:31:28,137 | INFO  | DNAudit | user=null | ip=null | op=WRITE_CHUNK {blockData=conID: 2 locID: 102666068571521462 bcsId: 1240} | ret=SUCCESS |  
2019-08-23 11:31:28,137 | INFO  | DNAudit | user=null | ip=null | op=WRITE_CHUNK {blockData=conID: 2 locID: 102666068571521462 bcsId: 1240} | ret=SUCCESS |  
2019-08-23 11:31:28,140 | INFO  | DNAudit | user=null | ip=null | op=WRITE_CHUNK {blockData=conID: 2 locID: 102666068571521462 bcsId: 1234} | ret=SUCCESS |  
2019-08-23 11:31:28,140 | INFO  | DNAudit | user=null | ip=null | op=WRITE_CHUNK {blockData=conID: 2 locID: 102666068571521462 bcsId: 1234} | ret=SUCCESS |  
2019-08-23 11:31:28,142 | INFO  | DNAudit | user=null | ip=null | op=PUT_BLOCK {blockData=[blockId=conID: 2 locID: 102666068571521462 bcsId: 0,size=3145728]} | ret=SUCCESS |  
2019-08-23 11:31:28,142 | INFO  | DNAudit | user=null | ip=null | op=PUT_BLOCK {blockData=[blockId=conID: 2 locID: 102666068571521462 bcsId: 0,size=3145728]} | ret=SUCCESS |  
2019-08-23 11:31:28,142 | INFO  | DNAudit | user=null | ip=null | op=WRITE_CHUNK {blockData=conID: 2 locID: 102666068571521462 bcsId: 1240} | ret=SUCCESS |  
2019-08-23 11:31:28,143 | INFO  | DNAudit | user=null | ip=null | op=PUT_BLOCK {blockData=[blockId=conID: 2 locID: 102666068571521462 bcsId: 0,size=4194304]} | ret=SUCCESS |  
2019-08-23 11:31:28,143 [grpc-default-executor-2] INFO  client.GrpcClientProtocolClient (GrpcClientProtocolClient.java:onNext(255)) - client-C9E345EC67ED->244f13ac-34be-4c4e-8e45-0c0272edbbb2: receive RaftClientReply:client-C9E345EC67ED->244f13ac-34be-4c4e-8e45-0c0272edbbb2@group-FE77C852EF02, cid=954, SUCCESS, logIndex=1243, commits[244f13ac-34be-4c4e-8e45-0c0272edbbb2:c1244, 6287e41a-5356-4f55-84f2-270816d53e84:c1240, a2c18d3d-e79d-47c9-88fe-d8a1d195302b:c1240]
2019-08-23 11:31:28,143 [grpc-default-executor-2] INFO  client.GrpcClientProtocolClient (GrpcClientProtocolClient.java:onNext(255)) - client-C9E345EC67ED->244f13ac-34be-4c4e-8e45-0c0272edbbb2: receive RaftClientReply:client-C9E345EC67ED->244f13ac-34be-4c4e-8e45-0c0272edbbb2@group-FE77C852EF02, cid=955, SUCCESS, logIndex=1244, commits[244f13ac-34be-4c4e-8e45-0c0272edbbb2:c1244, 6287e41a-5356-4f55-84f2-270816d53e84:c1240, a2c18d3d-e79d-47c9-88fe-d8a1d195302b:c1240]
2019-08-23 11:31:28,152 | INFO  | DNAudit | user=null | ip=null | op=WRITE_CHUNK {blockData=conID: 2 locID: 102666068571521462 bcsId: 1240} | ret=SUCCESS |  
2019-08-23 11:31:28,152 | INFO  | DNAudit | user=null | ip=null | op=WRITE_CHUNK {blockData=conID: 2 locID: 102666068571521462 bcsId: 1240} | ret=SUCCESS |  
2019-08-23 11:31:28,154 | INFO  | DNAudit | user=null | ip=null | op=PUT_BLOCK {blockData=[blockId=conID: 2 locID: 102666068571521462 bcsId: 0,size=4194304]} | ret=SUCCESS |  
2019-08-23 11:31:28,154 | INFO  | DNAudit | user=null | ip=null | op=PUT_BLOCK {blockData=[blockId=conID: 2 locID: 102666068571521462 bcsId: 0,size=4194304]} | ret=SUCCESS |  
2019-08-23 11:31:28,155 [grpc-default-executor-2] INFO  client.GrpcClientProtocolClient (GrpcClientProtocolClient.java:onNext(255)) - client-C9E345EC67ED->244f13ac-34be-4c4e-8e45-0c0272edbbb2: receive RaftClientReply:client-C9E345EC67ED->244f13ac-34be-4c4e-8e45-0c0272edbbb2@group-FE77C852EF02, cid=956, SUCCESS, logIndex=0, commits[244f13ac-34be-4c4e-8e45-0c0272edbbb2:c1246, 6287e41a-5356-4f55-84f2-270816d53e84:c1244, a2c18d3d-e79d-47c9-88fe-d8a1d195302b:c1244]
2019-08-23 11:31:28,161 | INFO  | DNAudit | user=null | ip=null | op=WRITE_CHUNK {blockData=conID: 3 locID: 102666068571521463 bcsId: 0} | ret=SUCCESS |  
2019-08-23 11:31:28,163 | INFO  | DNAudit | user=null | ip=null | op=WRITE_CHUNK {blockData=conID: 3 locID: 102666068571521463 bcsId: 0} | ret=SUCCESS |  
2019-08-23 11:31:28,163 | INFO  | DNAudit | user=null | ip=null | op=WRITE_CHUNK {blockData=conID: 3 locID: 102666068571521463 bcsId: 0} | ret=SUCCESS |  
2019-08-23 11:31:28,164 | INFO  | DNAudit | user=null | ip=null | op=WRITE_CHUNK {blockData=conID: 3 locID: 102666068571521463 bcsId: 0} | ret=SUCCESS |  
2019-08-23 11:31:28,165 | INFO  | DNAudit | user=null | ip=null | op=WRITE_CHUNK {blockData=conID: 3 locID: 102666068571521463 bcsId: 0} | ret=SUCCESS |  
2019-08-23 11:31:28,167 | INFO  | DNAudit | user=null | ip=null | op=WRITE_CHUNK {blockData=conID: 3 locID: 102666068571521463 bcsId: 0} | ret=SUCCESS |  
2019-08-23 11:31:28,172 | INFO  | DNAudit | user=null | ip=null | op=WRITE_CHUNK {blockData=conID: 3 locID: 102666068571521463 bcsId: 0} | ret=SUCCESS |  
2019-08-23 11:31:28,172 | INFO  | DNAudit | user=null | ip=null | op=PUT_BLOCK {blockData=[blockId=conID: 3 locID: 102666068571521463 bcsId: 0,size=1048576]} | ret=SUCCESS |  
2019-08-23 11:31:28,175 [grpc-default-executor-2] INFO  client.GrpcClientProtocolClient (GrpcClientProtocolClient.java:onNext(255)) - client-C9E345EC67ED->244f13ac-34be-4c4e-8e45-0c0272edbbb2: receive RaftClientReply:client-C9E345EC67ED->244f13ac-34be-4c4e-8e45-0c0272edbbb2@group-FE77C852EF02, cid=957, SUCCESS, logIndex=1247, commits[244f13ac-34be-4c4e-8e45-0c0272edbbb2:c1248, 6287e41a-5356-4f55-84f2-270816d53e84:c1246, a2c18d3d-e79d-47c9-88fe-d8a1d195302b:c1246]
2019-08-23 11:31:28,175 | INFO  | DNAudit | user=null | ip=null | op=WRITE_CHUNK {blockData=conID: 3 locID: 102666068571521463 bcsId: 0} | ret=SUCCESS |  
2019-08-23 11:31:28,176 | INFO  | DNAudit | user=null | ip=null | op=PUT_BLOCK {blockData=[blockId=conID: 3 locID: 102666068571521463 bcsId: 0,size=2097152]} | ret=SUCCESS |  
2019-08-23 11:31:28,175 [grpc-default-executor-5] INFO  client.GrpcClientProtocolClient (GrpcClientProtocolClient.java:onNext(255)) - client-C9E345EC67ED->244f13ac-34be-4c4e-8e45-0c0272edbbb2: receive RaftClientReply:client-C9E345EC67ED->244f13ac-34be-4c4e-8e45-0c0272edbbb2@group-FE77C852EF02, cid=958, SUCCESS, logIndex=1248, commits[244f13ac-34be-4c4e-8e45-0c0272edbbb2:c1248, 6287e41a-5356-4f55-84f2-270816d53e84:c1246, a2c18d3d-e79d-47c9-88fe-d8a1d195302b:c1246]
2019-08-23 11:31:28,176 [grpc-default-executor-5] INFO  client.GrpcClientProtocolClient (GrpcClientProtocolClient.java:onNext(255)) - client-C9E345EC67ED->244f13ac-34be-4c4e-8e45-0c0272edbbb2: receive RaftClientReply:client-C9E345EC67ED->244f13ac-34be-4c4e-8e45-0c0272edbbb2@group-FE77C852EF02, cid=959, SUCCESS, logIndex=1249, commits[244f13ac-34be-4c4e-8e45-0c0272edbbb2:c1250, 6287e41a-5356-4f55-84f2-270816d53e84:c1246, a2c18d3d-e79d-47c9-88fe-d8a1d195302b:c1246]
2019-08-23 11:31:28,176 [grpc-default-executor-5] INFO  client.GrpcClientProtocolClient (GrpcClientProtocolClient.java:onNext(255)) - client-C9E345EC67ED->244f13ac-34be-4c4e-8e45-0c0272edbbb2: receive RaftClientReply:client-C9E345EC67ED->244f13ac-34be-4c4e-8e45-0c0272edbbb2@group-FE77C852EF02, cid=960, SUCCESS, logIndex=1250, commits[244f13ac-34be-4c4e-8e45-0c0272edbbb2:c1250, 6287e41a-5356-4f55-84f2-270816d53e84:c1246, a2c18d3d-e79d-47c9-88fe-d8a1d195302b:c1246]
2019-08-23 11:31:28,183 | INFO  | SCMAudit | user=jenkins1000 | ip=192.168.5.185 | op=SEND_HEARTBEAT {datanodeUUID=244f13ac-34be-4c4e-8e45-0c0272edbbb2, command=[]} | ret=SUCCESS |  
2019-08-23 11:31:28,183 | INFO  | SCMAudit | user=jenkins1000 | ip=192.168.5.185 | op=SEND_HEARTBEAT {datanodeUUID=6287e41a-5356-4f55-84f2-270816d53e84, command=[]} | ret=SUCCESS |  
2019-08-23 11:31:28,183 | INFO  | SCMAudit | user=jenkins1000 | ip=192.168.5.185 | op=SEND_HEARTBEAT {datanodeUUID=a2c18d3d-e79d-47c9-88fe-d8a1d195302b, command=[]} | ret=SUCCESS |  
2019-08-23 11:31:28,185 | INFO  | DNAudit | user=null | ip=null | op=WRITE_CHUNK {blockData=conID: 3 locID: 102666068571521463 bcsId: 0} | ret=SUCCESS |  
2019-08-23 11:31:28,185 | INFO  | DNAudit | user=null | ip=null | op=PUT_BLOCK {blockData=[blockId=conID: 3 locID: 102666068571521463 bcsId: 0,size=1048576]} | ret=SUCCESS |  
2019-08-23 11:31:28,186 | INFO  | DNAudit | user=null | ip=null | op=WRITE_CHUNK {blockData=conID: 3 locID: 102666068571521463 bcsId: 0} | ret=SUCCESS |  
2019-08-23 11:31:28,186 | INFO  | DNAudit | user=null | ip=null | op=PUT_BLOCK {blockData=[blockId=conID: 3 locID: 102666068571521463 bcsId: 0,size=1048576]} | ret=SUCCESS |  
2019-08-23 11:31:28,186 [grpc-default-executor-5] INFO  client.GrpcClientProtocolClient (GrpcClientProtocolClient.java:onNext(255)) - client-C9E345EC67ED->244f13ac-34be-4c4e-8e45-0c0272edbbb2: receive RaftClientReply:client-C9E345EC67ED->244f13ac-34be-4c4e-8e45-0c0272edbbb2@group-FE77C852EF02, cid=961, SUCCESS, logIndex=0, commits[244f13ac-34be-4c4e-8e45-0c0272edbbb2:c1252, 6287e41a-5356-4f55-84f2-270816d53e84:c1248, a2c18d3d-e79d-47c9-88fe-d8a1d195302b:c1248]
2019-08-23 11:31:28,187 | INFO  | DNAudit | user=null | ip=null | op=WRITE_CHUNK {blockData=conID: 3 locID: 102666068571521463 bcsId: 0} | ret=SUCCESS |  
2019-08-23 11:31:28,187 | INFO  | DNAudit | user=null | ip=null | op=PUT_BLOCK {blockData=[blockId=conID: 3 locID: 102666068571521463 bcsId: 0,size=2097152]} | ret=SUCCESS |  
2019-08-23 11:31:28,189 | INFO  | DNAudit | user=null | ip=null | op=WRITE_CHUNK {blockData=conID: 3 locID: 102666068571521463 bcsId: 0} | ret=SUCCESS |  
2019-08-23 11:31:28,189 | INFO  | DNAudit | user=null | ip=null | op=PUT_BLOCK {blockData=[blockId=conID: 3 locID: 102666068571521463 bcsId: 0,size=2097152]} | ret=SUCCESS |  
2019-08-23 11:31:28,194 | INFO  | DNAudit | user=null | ip=null | op=WRITE_CHUNK {blockData=conID: 3 locID: 102666068571521463 bcsId: 1250} | ret=SUCCESS |  
2019-08-23 11:31:28,195 | INFO  | DNAudit | user=null | ip=null | op=WRITE_CHUNK {blockData=conID: 3 locID: 102666068571521463 bcsId: 1250} | ret=SUCCESS |  
 0.00% |█                                                                                                    |  0/1 Time: 0:00:042019-08-23 11:31:28,195 | INFO  | DNAudit | user=null | ip=null | op=WRITE_CHUNK {blockData=conID: 3 locID: 102666068571521463 bcsId: 1250} | ret=SUCCESS |  
2019-08-23 11:31:28,205 | INFO  | DNAudit | user=null | ip=null | op=WRITE_CHUNK {blockData=conID: 3 locID: 102666068571521463 bcsId: 1250} | ret=SUCCESS |  
2019-08-23 11:31:28,205 | INFO  | DNAudit | user=null | ip=null | op=PUT_BLOCK {blockData=[blockId=conID: 3 locID: 102666068571521463 bcsId: 0,size=3145728]} | ret=SUCCESS |  
2019-08-23 11:31:28,206 [grpc-default-executor-5] INFO  client.GrpcClientProtocolClient (GrpcClientProtocolClient.java:onNext(255)) - client-C9E345EC67ED->244f13ac-34be-4c4e-8e45-0c0272edbbb2: receive RaftClientReply:client-C9E345EC67ED->244f13ac-34be-4c4e-8e45-0c0272edbbb2@group-FE77C852EF02, cid=962, SUCCESS, logIndex=1255, commits[244f13ac-34be-4c4e-8e45-0c0272edbbb2:c1256, 6287e41a-5356-4f55-84f2-270816d53e84:c1254, a2c18d3d-e79d-47c9-88fe-d8a1d195302b:c1250]
2019-08-23 11:31:28,206 [grpc-default-executor-5] INFO  client.GrpcClientProtocolClient (GrpcClientProtocolClient.java:onNext(255)) - client-C9E345EC67ED->244f13ac-34be-4c4e-8e45-0c0272edbbb2: receive RaftClientReply:client-C9E345EC67ED->244f13ac-34be-4c4e-8e45-0c0272edbbb2@group-FE77C852EF02, cid=963, SUCCESS, logIndex=1256, commits[244f13ac-34be-4c4e-8e45-0c0272edbbb2:c1256, 6287e41a-5356-4f55-84f2-270816d53e84:c1254, a2c18d3d-e79d-47c9-88fe-d8a1d195302b:c1254]
2019-08-23 11:31:28,207 | INFO  | DNAudit | user=null | ip=null | op=WRITE_CHUNK {blockData=conID: 3 locID: 102666068571521463 bcsId: 1250} | ret=SUCCESS |  
2019-08-23 11:31:28,207 | INFO  | DNAudit | user=null | ip=null | op=WRITE_CHUNK {blockData=conID: 3 locID: 102666068571521463 bcsId: 1250} | ret=SUCCESS |  
2019-08-23 11:31:28,207 | INFO  | DNAudit | user=null | ip=null | op=PUT_BLOCK {blockData=[blockId=conID: 3 locID: 102666068571521463 bcsId: 0,size=3145728]} | ret=SUCCESS |  
2019-08-23 11:31:28,207 | INFO  | DNAudit | user=null | ip=null | op=PUT_BLOCK {blockData=[blockId=conID: 3 locID: 102666068571521463 bcsId: 0,size=3145728]} | ret=SUCCESS |  
2019-08-23 11:31:28,212 | INFO  | DNAudit | user=null | ip=null | op=WRITE_CHUNK {blockData=conID: 3 locID: 102666068571521463 bcsId: 1256} | ret=SUCCESS |  
2019-08-23 11:31:28,213 | INFO  | DNAudit | user=null | ip=null | op=WRITE_CHUNK {blockData=conID: 3 locID: 102666068571521463 bcsId: 1256} | ret=SUCCESS |  
2019-08-23 11:31:28,214 | INFO  | DNAudit | user=null | ip=null | op=WRITE_CHUNK {blockData=conID: 3 locID: 102666068571521463 bcsId: 1256} | ret=SUCCESS |  
2019-08-23 11:31:28,223 | INFO  | DNAudit | user=null | ip=null | op=WRITE_CHUNK {blockData=conID: 3 locID: 102666068571521463 bcsId: 1256} | ret=SUCCESS |  
2019-08-23 11:31:28,224 | INFO  | DNAudit | user=null | ip=null | op=PUT_BLOCK {blockData=[blockId=conID: 3 locID: 102666068571521463 bcsId: 0,size=4194304]} | ret=SUCCESS |  
2019-08-23 11:31:28,224 [grpc-default-executor-4] INFO  client.GrpcClientProtocolClient (GrpcClientProtocolClient.java:onNext(255)) - client-C9E345EC67ED->244f13ac-34be-4c4e-8e45-0c0272edbbb2: receive RaftClientReply:client-C9E345EC67ED->244f13ac-34be-4c4e-8e45-0c0272edbbb2@group-FE77C852EF02, cid=964, SUCCESS, logIndex=1259, commits[244f13ac-34be-4c4e-8e45-0c0272edbbb2:c1260, 6287e41a-5356-4f55-84f2-270816d53e84:c1258, a2c18d3d-e79d-47c9-88fe-d8a1d195302b:c1258]
2019-08-23 11:31:28,224 [grpc-default-executor-4] INFO  client.GrpcClientProtocolClient (GrpcClientProtocolClient.java:onNext(255)) - client-C9E345EC67ED->244f13ac-34be-4c4e-8e45-0c0272edbbb2: receive RaftClientReply:client-C9E345EC67ED->244f13ac-34be-4c4e-8e45-0c0272edbbb2@group-FE77C852EF02, cid=965, SUCCESS, logIndex=1260, commits[244f13ac-34be-4c4e-8e45-0c0272edbbb2:c1260, 6287e41a-5356-4f55-84f2-270816d53e84:c1258, a2c18d3d-e79d-47c9-88fe-d8a1d195302b:c1258]
2019-08-23 11:31:28,245 | INFO  | DNAudit | user=null | ip=null | op=WRITE_CHUNK {blockData=conID: 3 locID: 102666068571521463 bcsId: 1256} | ret=SUCCESS |  
2019-08-23 11:31:28,245 | INFO  | DNAudit | user=null | ip=null | op=WRITE_CHUNK {blockData=conID: 3 locID: 102666068571521463 bcsId: 1256} | ret=SUCCESS |  
2019-08-23 11:31:28,246 | INFO  | DNAudit | user=null | ip=null | op=PUT_BLOCK {blockData=[blockId=conID: 3 locID: 102666068571521463 bcsId: 0,size=4194304]} | ret=SUCCESS |  
2019-08-23 11:31:28,246 | INFO  | DNAudit | user=null | ip=null | op=PUT_BLOCK {blockData=[blockId=conID: 3 locID: 102666068571521463 bcsId: 0,size=4194304]} | ret=SUCCESS |  
2019-08-23 11:31:28,247 [grpc-default-executor-4] INFO  client.GrpcClientProtocolClient (GrpcClientProtocolClient.java:onNext(255)) - client-C9E345EC67ED->244f13ac-34be-4c4e-8e45-0c0272edbbb2: receive RaftClientReply:client-C9E345EC67ED->244f13ac-34be-4c4e-8e45-0c0272edbbb2@group-FE77C852EF02, cid=966, SUCCESS, logIndex=0, commits[244f13ac-34be-4c4e-8e45-0c0272edbbb2:c1262, 6287e41a-5356-4f55-84f2-270816d53e84:c1260, a2c18d3d-e79d-47c9-88fe-d8a1d195302b:c1260]
2019-08-23 11:31:28,255 | INFO  | DNAudit | user=null | ip=null | op=WRITE_CHUNK {blockData=conID: 1 locID: 102666068571521464 bcsId: 0} | ret=SUCCESS |  
2019-08-23 11:31:28,258 | INFO  | DNAudit | user=null | ip=null | op=WRITE_CHUNK {blockData=conID: 1 locID: 102666068571521464 bcsId: 0} | ret=SUCCESS |  
2019-08-23 11:31:28,258 | INFO  | DNAudit | user=null | ip=null | op=WRITE_CHUNK {blockData=conID: 1 locID: 102666068571521464 bcsId: 0} | ret=SUCCESS |  
2019-08-23 11:31:28,259 | INFO  | DNAudit | user=null | ip=null | op=WRITE_CHUNK {blockData=conID: 1 locID: 102666068571521464 bcsId: 0} | ret=SUCCESS |  
2019-08-23 11:31:28,261 | INFO  | DNAudit | user=null | ip=null | op=WRITE_CHUNK {blockData=conID: 1 locID: 102666068571521464 bcsId: 0} | ret=SUCCESS |  
2019-08-23 11:31:28,261 | INFO  | DNAudit | user=null | ip=null | op=WRITE_CHUNK {blockData=conID: 1 locID: 102666068571521464 bcsId: 0} | ret=SUCCESS |  
2019-08-23 11:31:28,272 | INFO  | DNAudit | user=null | ip=null | op=WRITE_CHUNK {blockData=conID: 1 locID: 102666068571521464 bcsId: 0} | ret=SUCCESS |  
2019-08-23 11:31:28,272 | INFO  | DNAudit | user=null | ip=null | op=PUT_BLOCK {blockData=[blockId=conID: 1 locID: 102666068571521464 bcsId: 0,size=1048576]} | ret=SUCCESS |  
2019-08-23 11:31:28,272 [grpc-default-executor-2] INFO  client.GrpcClientProtocolClient (GrpcClientProtocolClient.java:onNext(255)) - client-C9E345EC67ED->244f13ac-34be-4c4e-8e45-0c0272edbbb2: receive RaftClientReply:client-C9E345EC67ED->244f13ac-34be-4c4e-8e45-0c0272edbbb2@group-FE77C852EF02, cid=967, SUCCESS, logIndex=1263, commits[244f13ac-34be-4c4e-8e45-0c0272edbbb2:c1264, 6287e41a-5356-4f55-84f2-270816d53e84:c1262, a2c18d3d-e79d-47c9-88fe-d8a1d195302b:c1262]
2019-08-23 11:31:28,273 | INFO  | DNAudit | user=null | ip=null | op=WRITE_CHUNK {blockData=conID: 1 locID: 102666068571521464 bcsId: 0} | ret=SUCCESS |  
2019-08-23 11:31:28,273 [grpc-default-executor-2] INFO  client.GrpcClientProtocolClient (GrpcClientProtocolClient.java:onNext(255)) - client-C9E345EC67ED->244f13ac-34be-4c4e-8e45-0c0272edbbb2: receive RaftClientReply:client-C9E345EC67ED->244f13ac-34be-4c4e-8e45-0c0272edbbb2@group-FE77C852EF02, cid=968, SUCCESS, logIndex=1264, commits[244f13ac-34be-4c4e-8e45-0c0272edbbb2:c1266, 6287e41a-5356-4f55-84f2-270816d53e84:c1262, a2c18d3d-e79d-47c9-88fe-d8a1d195302b:c1262]
2019-08-23 11:31:28,273 | INFO  | DNAudit | user=null | ip=null | op=PUT_BLOCK {blockData=[blockId=conID: 1 locID: 102666068571521464 bcsId: 0,size=2097152]} | ret=SUCCESS |  
2019-08-23 11:31:28,274 | INFO  | DNAudit | user=null | ip=null | op=WRITE_CHUNK {blockData=conID: 1 locID: 102666068571521464 bcsId: 0} | ret=SUCCESS |  
2019-08-23 11:31:28,274 | INFO  | DNAudit | user=null | ip=null | op=PUT_BLOCK {blockData=[blockId=conID: 1 locID: 102666068571521464 bcsId: 0,size=1048576]} | ret=SUCCESS |  
2019-08-23 11:31:28,274 [grpc-default-executor-4] INFO  client.GrpcClientProtocolClient (GrpcClientProtocolClient.java:onNext(255)) - client-C9E345EC67ED->244f13ac-34be-4c4e-8e45-0c0272edbbb2: receive RaftClientReply:client-C9E345EC67ED->244f13ac-34be-4c4e-8e45-0c0272edbbb2@group-FE77C852EF02, cid=969, SUCCESS, logIndex=1265, commits[244f13ac-34be-4c4e-8e45-0c0272edbbb2:c1266, 6287e41a-5356-4f55-84f2-270816d53e84:c1262, a2c18d3d-e79d-47c9-88fe-d8a1d195302b:c1262]
2019-08-23 11:31:28,274 | INFO  | DNAudit | user=null | ip=null | op=WRITE_CHUNK {blockData=conID: 1 locID: 102666068571521464 bcsId: 0} | ret=SUCCESS |  
2019-08-23 11:31:28,274 [grpc-default-executor-4] INFO  client.GrpcClientProtocolClient (GrpcClientProtocolClient.java:onNext(255)) - client-C9E345EC67ED->244f13ac-34be-4c4e-8e45-0c0272edbbb2: receive RaftClientReply:client-C9E345EC67ED->244f13ac-34be-4c4e-8e45-0c0272edbbb2@group-FE77C852EF02, cid=970, SUCCESS, logIndex=1266, commits[244f13ac-34be-4c4e-8e45-0c0272edbbb2:c1267, 6287e41a-5356-4f55-84f2-270816d53e84:c1263, a2c18d3d-e79d-47c9-88fe-d8a1d195302b:c1262]
2019-08-23 11:31:28,274 | INFO  | DNAudit | user=null | ip=null | op=PUT_BLOCK {blockData=[blockId=conID: 1 locID: 102666068571521464 bcsId: 0,size=1048576]} | ret=SUCCESS |  
2019-08-23 11:31:28,274 | INFO  | DNAudit | user=null | ip=null | op=WRITE_CHUNK {blockData=conID: 1 locID: 102666068571521464 bcsId: 0} | ret=SUCCESS |  
2019-08-23 11:31:28,275 | INFO  | DNAudit | user=null | ip=null | op=PUT_BLOCK {blockData=[blockId=conID: 1 locID: 102666068571521464 bcsId: 0,size=2097152]} | ret=SUCCESS |  
2019-08-23 11:31:28,275 | INFO  | DNAudit | user=null | ip=null | op=WRITE_CHUNK {blockData=conID: 1 locID: 102666068571521464 bcsId: 0} | ret=SUCCESS |  
2019-08-23 11:31:28,278 | INFO  | DNAudit | user=null | ip=null | op=PUT_BLOCK {blockData=[blockId=conID: 1 locID: 102666068571521464 bcsId: 0,size=2097152]} | ret=SUCCESS |  
2019-08-23 11:31:28,278 [grpc-default-executor-4] INFO  client.GrpcClientProtocolClient (GrpcClientProtocolClient.java:onNext(255)) - client-C9E345EC67ED->244f13ac-34be-4c4e-8e45-0c0272edbbb2: receive RaftClientReply:client-C9E345EC67ED->244f13ac-34be-4c4e-8e45-0c0272edbbb2@group-FE77C852EF02, cid=971, SUCCESS, logIndex=0, commits[244f13ac-34be-4c4e-8e45-0c0272edbbb2:c1270, 6287e41a-5356-4f55-84f2-270816d53e84:c1266, a2c18d3d-e79d-47c9-88fe-d8a1d195302b:c1265]
2019-08-23 11:31:28,286 | INFO  | DNAudit | user=null | ip=null | op=WRITE_CHUNK {blockData=conID: 1 locID: 102666068571521464 bcsId: 1266} | ret=SUCCESS |  
2019-08-23 11:31:28,288 | INFO  | DNAudit | user=null | ip=null | op=WRITE_CHUNK {blockData=conID: 1 locID: 102666068571521464 bcsId: 1266} | ret=SUCCESS |  
2019-08-23 11:31:28,289 | INFO  | DNAudit | user=null | ip=null | op=WRITE_CHUNK {blockData=conID: 1 locID: 102666068571521464 bcsId: 1266} | ret=SUCCESS |  
2019-08-23 11:31:28,299 | INFO  | DNAudit | user=null | ip=null | op=WRITE_CHUNK {blockData=conID: 1 locID: 102666068571521464 bcsId: 1266} | ret=SUCCESS |  
2019-08-23 11:31:28,300 | INFO  | DNAudit | user=null | ip=null | op=PUT_BLOCK {blockData=[blockId=conID: 1 locID: 102666068571521464 bcsId: 0,size=3145728]} | ret=SUCCESS |  
2019-08-23 11:31:28,300 [grpc-default-executor-1] INFO  client.GrpcClientProtocolClient (GrpcClientProtocolClient.java:onNext(255)) - client-C9E345EC67ED->244f13ac-34be-4c4e-8e45-0c0272edbbb2: receive RaftClientReply:client-C9E345EC67ED->244f13ac-34be-4c4e-8e45-0c0272edbbb2@group-FE77C852EF02, cid=972, SUCCESS, logIndex=1271, commits[244f13ac-34be-4c4e-8e45-0c0272edbbb2:c1272, 6287e41a-5356-4f55-84f2-270816d53e84:c1270, a2c18d3d-e79d-47c9-88fe-d8a1d195302b:c1270]
2019-08-23 11:31:28,300 [grpc-default-executor-1] INFO  client.GrpcClientProtocolClient (GrpcClientProtocolClient.java:onNext(255)) - client-C9E345EC67ED->244f13ac-34be-4c4e-8e45-0c0272edbbb2: receive RaftClientReply:client-C9E345EC67ED->244f13ac-34be-4c4e-8e45-0c0272edbbb2@group-FE77C852EF02, cid=973, SUCCESS, logIndex=1272, commits[244f13ac-34be-4c4e-8e45-0c0272edbbb2:c1272, 6287e41a-5356-4f55-84f2-270816d53e84:c1270, a2c18d3d-e79d-47c9-88fe-d8a1d195302b:c1270]
2019-08-23 11:31:28,308 | INFO  | DNAudit | user=null | ip=null | op=WRITE_CHUNK {blockData=conID: 1 locID: 102666068571521464 bcsId: 1272} | ret=SUCCESS |  
2019-08-23 11:31:28,310 | INFO  | DNAudit | user=null | ip=null | op=WRITE_CHUNK {blockData=conID: 1 locID: 102666068571521464 bcsId: 1266} | ret=SUCCESS |  
2019-08-23 11:31:28,311 | INFO  | DNAudit | user=null | ip=null | op=WRITE_CHUNK {blockData=conID: 1 locID: 102666068571521464 bcsId: 1266} | ret=SUCCESS |  
2019-08-23 11:31:28,311 | INFO  | DNAudit | user=null | ip=null | op=WRITE_CHUNK {blockData=conID: 1 locID: 102666068571521464 bcsId: 1272} | ret=SUCCESS |  
2019-08-23 11:31:28,312 | INFO  | DNAudit | user=null | ip=null | op=WRITE_CHUNK {blockData=conID: 1 locID: 102666068571521464 bcsId: 1272} | ret=SUCCESS |  
2019-08-23 11:31:28,323 | INFO  | DNAudit | user=null | ip=null | op=PUT_BLOCK {blockData=[blockId=conID: 1 locID: 102666068571521464 bcsId: 0,size=3145728]} | ret=SUCCESS |  
2019-08-23 11:31:28,323 | INFO  | DNAudit | user=null | ip=null | op=WRITE_CHUNK {blockData=conID: 1 locID: 102666068571521464 bcsId: 1272} | ret=SUCCESS |  
2019-08-23 11:31:28,323 | INFO  | DNAudit | user=null | ip=null | op=PUT_BLOCK {blockData=[blockId=conID: 1 locID: 102666068571521464 bcsId: 0,size=3145728]} | ret=SUCCESS |  
2019-08-23 11:31:28,324 | INFO  | DNAudit | user=null | ip=null | op=PUT_BLOCK {blockData=[blockId=conID: 1 locID: 102666068571521464 bcsId: 0,size=4194304]} | ret=SUCCESS |  
2019-08-23 11:31:28,324 [grpc-default-executor-1] INFO  client.GrpcClientProtocolClient (GrpcClientProtocolClient.java:onNext(255)) - client-C9E345EC67ED->244f13ac-34be-4c4e-8e45-0c0272edbbb2: receive RaftClientReply:client-C9E345EC67ED->244f13ac-34be-4c4e-8e45-0c0272edbbb2@group-FE77C852EF02, cid=974, SUCCESS, logIndex=1275, commits[244f13ac-34be-4c4e-8e45-0c0272edbbb2:c1276, 6287e41a-5356-4f55-84f2-270816d53e84:c1272, a2c18d3d-e79d-47c9-88fe-d8a1d195302b:c1272]
2019-08-23 11:31:28,324 [grpc-default-executor-1] INFO  client.GrpcClientProtocolClient (GrpcClientProtocolClient.java:onNext(255)) - client-C9E345EC67ED->244f13ac-34be-4c4e-8e45-0c0272edbbb2: receive RaftClientReply:client-C9E345EC67ED->244f13ac-34be-4c4e-8e45-0c0272edbbb2@group-FE77C852EF02, cid=975, SUCCESS, logIndex=1276, commits[244f13ac-34be-4c4e-8e45-0c0272edbbb2:c1276, 6287e41a-5356-4f55-84f2-270816d53e84:c1272, a2c18d3d-e79d-47c9-88fe-d8a1d195302b:c1272]
2019-08-23 11:31:28,324 | INFO  | DNAudit | user=null | ip=null | op=WRITE_CHUNK {blockData=conID: 1 locID: 102666068571521464 bcsId: 1272} | ret=SUCCESS |  
2019-08-23 11:31:28,325 | INFO  | DNAudit | user=null | ip=null | op=WRITE_CHUNK {blockData=conID: 1 locID: 102666068571521464 bcsId: 1272} | ret=SUCCESS |  
2019-08-23 11:31:28,325 | INFO  | DNAudit | user=null | ip=null | op=PUT_BLOCK {blockData=[blockId=conID: 1 locID: 102666068571521464 bcsId: 0,size=4194304]} | ret=SUCCESS |  
2019-08-23 11:31:28,325 | INFO  | DNAudit | user=null | ip=null | op=PUT_BLOCK {blockData=[blockId=conID: 1 locID: 102666068571521464 bcsId: 0,size=4194304]} | ret=SUCCESS |  
2019-08-23 11:31:28,326 [grpc-default-executor-4] INFO  client.GrpcClientProtocolClient (GrpcClientProtocolClient.java:onNext(255)) - client-C9E345EC67ED->244f13ac-34be-4c4e-8e45-0c0272edbbb2: receive RaftClientReply:client-C9E345EC67ED->244f13ac-34be-4c4e-8e45-0c0272edbbb2@group-FE77C852EF02, cid=976, SUCCESS, logIndex=0, commits[244f13ac-34be-4c4e-8e45-0c0272edbbb2:c1277, 6287e41a-5356-4f55-84f2-270816d53e84:c1276, a2c18d3d-e79d-47c9-88fe-d8a1d195302b:c1276]
2019-08-23 11:31:28,332 | INFO  | DNAudit | user=null | ip=null | op=WRITE_CHUNK {blockData=conID: 2 locID: 102666068571587001 bcsId: 0} | ret=SUCCESS |  
2019-08-23 11:31:28,335 | INFO  | DNAudit | user=null | ip=null | op=WRITE_CHUNK {blockData=conID: 2 locID: 102666068571587001 bcsId: 0} | ret=SUCCESS |  
2019-08-23 11:31:28,335 | INFO  | DNAudit | user=null | ip=null | op=WRITE_CHUNK {blockData=conID: 2 locID: 102666068571587001 bcsId: 0} | ret=SUCCESS |  
2019-08-23 11:31:28,336 | INFO  | DNAudit | user=null | ip=null | op=WRITE_CHUNK {blockData=conID: 2 locID: 102666068571587001 bcsId: 0} | ret=SUCCESS |  
2019-08-23 11:31:28,337 | INFO  | DNAudit | user=null | ip=null | op=WRITE_CHUNK {blockData=conID: 2 locID: 102666068571587001 bcsId: 0} | ret=SUCCESS |  
2019-08-23 11:31:28,338 | INFO  | DNAudit | user=null | ip=null | op=WRITE_CHUNK {blockData=conID: 2 locID: 102666068571587001 bcsId: 0} | ret=SUCCESS |  
2019-08-23 11:31:28,362 | INFO  | DNAudit | user=null | ip=null | op=WRITE_CHUNK {blockData=conID: 2 locID: 102666068571587001 bcsId: 0} | ret=SUCCESS |  
2019-08-23 11:31:28,362 | INFO  | DNAudit | user=null | ip=null | op=PUT_BLOCK {blockData=[blockId=conID: 2 locID: 102666068571587001 bcsId: 0,size=1048576]} | ret=SUCCESS |  
2019-08-23 11:31:28,362 [grpc-default-executor-2] INFO  client.GrpcClientProtocolClient (GrpcClientProtocolClient.java:onNext(255)) - client-C9E345EC67ED->244f13ac-34be-4c4e-8e45-0c0272edbbb2: receive RaftClientReply:client-C9E345EC67ED->244f13ac-34be-4c4e-8e45-0c0272edbbb2@group-FE77C852EF02, cid=977, SUCCESS, logIndex=1279, commits[244f13ac-34be-4c4e-8e45-0c0272edbbb2:c1282, 6287e41a-5356-4f55-84f2-270816d53e84:c1278, a2c18d3d-e79d-47c9-88fe-d8a1d195302b:c1278]
2019-08-23 11:31:28,363 | INFO  | DNAudit | user=null | ip=null | op=WRITE_CHUNK {blockData=conID: 2 locID: 102666068571587001 bcsId: 0} | ret=SUCCESS |  
2019-08-23 11:31:28,363 | INFO  | DNAudit | user=null | ip=null | op=PUT_BLOCK {blockData=[blockId=conID: 2 locID: 102666068571587001 bcsId: 0,size=2097152]} | ret=SUCCESS |  
2019-08-23 11:31:28,363 | INFO  | DNAudit | user=null | ip=null | op=WRITE_CHUNK {blockData=conID: 2 locID: 102666068571587001 bcsId: 0} | ret=SUCCESS |  
2019-08-23 11:31:28,363 | INFO  | DNAudit | user=null | ip=null | op=WRITE_CHUNK {blockData=conID: 2 locID: 102666068571587001 bcsId: 0} | ret=SUCCESS |  
2019-08-23 11:31:28,364 | INFO  | DNAudit | user=null | ip=null | op=PUT_BLOCK {blockData=[blockId=conID: 2 locID: 102666068571587001 bcsId: 0,size=1048576]} | ret=SUCCESS |  
2019-08-23 11:31:28,363 [grpc-default-executor-2] INFO  client.GrpcClientProtocolClient (GrpcClientProtocolClient.java:onNext(255)) - client-C9E345EC67ED->244f13ac-34be-4c4e-8e45-0c0272edbbb2: receive RaftClientReply:client-C9E345EC67ED->244f13ac-34be-4c4e-8e45-0c0272edbbb2@group-FE77C852EF02, cid=978, SUCCESS, logIndex=1280, commits[244f13ac-34be-4c4e-8e45-0c0272edbbb2:c1282, 6287e41a-5356-4f55-84f2-270816d53e84:c1278, a2c18d3d-e79d-47c9-88fe-d8a1d195302b:c1278]
2019-08-23 11:31:28,364 | INFO  | DNAudit | user=null | ip=null | op=WRITE_CHUNK {blockData=conID: 2 locID: 102666068571587001 bcsId: 0} | ret=SUCCESS |  
2019-08-23 11:31:28,364 [grpc-default-executor-4] INFO  client.GrpcClientProtocolClient (GrpcClientProtocolClient.java:onNext(255)) - client-C9E345EC67ED->244f13ac-34be-4c4e-8e45-0c0272edbbb2: receive RaftClientReply:client-C9E345EC67ED->244f13ac-34be-4c4e-8e45-0c0272edbbb2@group-FE77C852EF02, cid=979, SUCCESS, logIndex=1281, commits[244f13ac-34be-4c4e-8e45-0c0272edbbb2:c1282, 6287e41a-5356-4f55-84f2-270816d53e84:c1278, a2c18d3d-e79d-47c9-88fe-d8a1d195302b:c1278]
2019-08-23 11:31:28,364 [grpc-default-executor-4] INFO  client.GrpcClientProtocolClient (GrpcClientProtocolClient.java:onNext(255)) - client-C9E345EC67ED->244f13ac-34be-4c4e-8e45-0c0272edbbb2: receive RaftClientReply:client-C9E345EC67ED->244f13ac-34be-4c4e-8e45-0c0272edbbb2@group-FE77C852EF02, cid=980, SUCCESS, logIndex=1282, commits[244f13ac-34be-4c4e-8e45-0c0272edbbb2:c1283, 6287e41a-5356-4f55-84f2-270816d53e84:c1279, a2c18d3d-e79d-47c9-88fe-d8a1d195302b:c1279]
2019-08-23 11:31:28,364 | INFO  | DNAudit | user=null | ip=null | op=PUT_BLOCK {blockData=[blockId=conID: 2 locID: 102666068571587001 bcsId: 0,size=1048576]} | ret=SUCCESS |  
2019-08-23 11:31:28,365 | INFO  | DNAudit | user=null | ip=null | op=WRITE_CHUNK {blockData=conID: 2 locID: 102666068571587001 bcsId: 0} | ret=SUCCESS |  
2019-08-23 11:31:28,365 | INFO  | DNAudit | user=null | ip=null | op=PUT_BLOCK {blockData=[blockId=conID: 2 locID: 102666068571587001 bcsId: 0,size=2097152]} | ret=SUCCESS |  
2019-08-23 11:31:28,365 | INFO  | DNAudit | user=null | ip=null | op=PUT_BLOCK {blockData=[blockId=conID: 2 locID: 102666068571587001 bcsId: 0,size=2097152]} | ret=SUCCESS |  
2019-08-23 11:31:28,365 [grpc-default-executor-2] INFO  client.GrpcClientProtocolClient (GrpcClientProtocolClient.java:onNext(255)) - client-C9E345EC67ED->244f13ac-34be-4c4e-8e45-0c0272edbbb2: receive RaftClientReply:client-C9E345EC67ED->244f13ac-34be-4c4e-8e45-0c0272edbbb2@group-FE77C852EF02, cid=981, SUCCESS, logIndex=0, commits[244f13ac-34be-4c4e-8e45-0c0272edbbb2:c1286, 6287e41a-5356-4f55-84f2-270816d53e84:c1282, a2c18d3d-e79d-47c9-88fe-d8a1d195302b:c1281]
2019-08-23 11:31:28,373 | INFO  | DNAudit | user=null | ip=null | op=WRITE_CHUNK {blockData=conID: 2 locID: 102666068571587001 bcsId: 1282} | ret=SUCCESS |  
2019-08-23 11:31:28,374 | INFO  | DNAudit | user=null | ip=null | op=WRITE_CHUNK {blockData=conID: 2 locID: 102666068571587001 bcsId: 1282} | ret=SUCCESS |  
2019-08-23 11:31:28,374 | INFO  | DNAudit | user=null | ip=null | op=WRITE_CHUNK {blockData=conID: 2 locID: 102666068571587001 bcsId: 1282} | ret=SUCCESS |  
2019-08-23 11:31:28,377 | INFO  | DNAudit | user=null | ip=null | op=WRITE_CHUNK {blockData=conID: 2 locID: 102666068571587001 bcsId: 1282} | ret=SUCCESS |  
2019-08-23 11:31:28,377 | INFO  | DNAudit | user=null | ip=null | op=PUT_BLOCK {blockData=[blockId=conID: 2 locID: 102666068571587001 bcsId: 0,size=3145728]} | ret=SUCCESS |  
2019-08-23 11:31:28,377 [grpc-default-executor-4] INFO  client.GrpcClientProtocolClient (GrpcClientProtocolClient.java:onNext(255)) - client-C9E345EC67ED->244f13ac-34be-4c4e-8e45-0c0272edbbb2: receive RaftClientReply:client-C9E345EC67ED->244f13ac-34be-4c4e-8e45-0c0272edbbb2@group-FE77C852EF02, cid=982, SUCCESS, logIndex=1287, commits[244f13ac-34be-4c4e-8e45-0c0272edbbb2:c1288, 6287e41a-5356-4f55-84f2-270816d53e84:c1286, a2c18d3d-e79d-47c9-88fe-d8a1d195302b:c1286]
2019-08-23 11:31:28,378 [grpc-default-executor-4] INFO  client.GrpcClientProtocolClient (GrpcClientProtocolClient.java:onNext(255)) - client-C9E345EC67ED->244f13ac-34be-4c4e-8e45-0c0272edbbb2: receive RaftClientReply:client-C9E345EC67ED->244f13ac-34be-4c4e-8e45-0c0272edbbb2@group-FE77C852EF02, cid=983, SUCCESS, logIndex=1288, commits[244f13ac-34be-4c4e-8e45-0c0272edbbb2:c1288, 6287e41a-5356-4f55-84f2-270816d53e84:c1286, a2c18d3d-e79d-47c9-88fe-d8a1d195302b:c1286]
2019-08-23 11:31:28,384 | INFO  | DNAudit | user=null | ip=null | op=WRITE_CHUNK {blockData=conID: 2 locID: 102666068571587001 bcsId: 1288} | ret=SUCCESS |  
2019-08-23 11:31:28,386 | INFO  | DNAudit | user=null | ip=null | op=WRITE_CHUNK {blockData=conID: 2 locID: 102666068571587001 bcsId: 1288} | ret=SUCCESS |  
2019-08-23 11:31:28,387 | INFO  | DNAudit | user=null | ip=null | op=WRITE_CHUNK {blockData=conID: 2 locID: 102666068571587001 bcsId: 1282} | ret=SUCCESS |  
2019-08-23 11:31:28,387 | INFO  | DNAudit | user=null | ip=null | op=WRITE_CHUNK {blockData=conID: 2 locID: 102666068571587001 bcsId: 1288} | ret=SUCCESS |  
2019-08-23 11:31:28,387 | INFO  | DNAudit | user=null | ip=null | op=PUT_BLOCK {blockData=[blockId=conID: 2 locID: 102666068571587001 bcsId: 0,size=3145728]} | ret=SUCCESS |  
2019-08-23 11:31:28,387 | INFO  | DNAudit | user=null | ip=null | op=WRITE_CHUNK {blockData=conID: 2 locID: 102666068571587001 bcsId: 1282} | ret=SUCCESS |  
2019-08-23 11:31:28,387 | INFO  | DNAudit | user=null | ip=null | op=PUT_BLOCK {blockData=[blockId=conID: 2 locID: 102666068571587001 bcsId: 0,size=3145728]} | ret=SUCCESS |  
2019-08-23 11:31:28,388 | INFO  | DNAudit | user=null | ip=null | op=WRITE_CHUNK {blockData=conID: 2 locID: 102666068571587001 bcsId: 1288} | ret=SUCCESS |  
2019-08-23 11:31:28,389 | INFO  | DNAudit | user=null | ip=null | op=PUT_BLOCK {blockData=[blockId=conID: 2 locID: 102666068571587001 bcsId: 0,size=4194304]} | ret=SUCCESS |  
2019-08-23 11:31:28,389 [grpc-default-executor-4] INFO  client.GrpcClientProtocolClient (GrpcClientProtocolClient.java:onNext(255)) - client-C9E345EC67ED->244f13ac-34be-4c4e-8e45-0c0272edbbb2: receive RaftClientReply:client-C9E345EC67ED->244f13ac-34be-4c4e-8e45-0c0272edbbb2@group-FE77C852EF02, cid=984, SUCCESS, logIndex=1290, commits[244f13ac-34be-4c4e-8e45-0c0272edbbb2:c1291, 6287e41a-5356-4f55-84f2-270816d53e84:c1288, a2c18d3d-e79d-47c9-88fe-d8a1d195302b:c1288]
2019-08-23 11:31:28,389 [grpc-default-executor-4] INFO  client.GrpcClientProtocolClient (GrpcClientProtocolClient.java:onNext(255)) - client-C9E345EC67ED->244f13ac-34be-4c4e-8e45-0c0272edbbb2: receive RaftClientReply:client-C9E345EC67ED->244f13ac-34be-4c4e-8e45-0c0272edbbb2@group-FE77C852EF02, cid=985, SUCCESS, logIndex=1291, commits[244f13ac-34be-4c4e-8e45-0c0272edbbb2:c1291, 6287e41a-5356-4f55-84f2-270816d53e84:c1288, a2c18d3d-e79d-47c9-88fe-d8a1d195302b:c1288]
2019-08-23 11:31:28,398 | INFO  | DNAudit | user=null | ip=null | op=WRITE_CHUNK {blockData=conID: 2 locID: 102666068571587001 bcsId: 1288} | ret=SUCCESS |  
2019-08-23 11:31:28,399 | INFO  | DNAudit | user=null | ip=null | op=PUT_BLOCK {blockData=[blockId=conID: 2 locID: 102666068571587001 bcsId: 0,size=4194304]} | ret=SUCCESS |  
2019-08-23 11:31:28,399 | INFO  | DNAudit | user=null | ip=null | op=WRITE_CHUNK {blockData=conID: 2 locID: 102666068571587001 bcsId: 1288} | ret=SUCCESS |  
2019-08-23 11:31:28,399 | INFO  | DNAudit | user=null | ip=null | op=PUT_BLOCK {blockData=[blockId=conID: 2 locID: 102666068571587001 bcsId: 0,size=4194304]} | ret=SUCCESS |  
2019-08-23 11:31:28,399 [grpc-default-executor-4] INFO  client.GrpcClientProtocolClient (GrpcClientProtocolClient.java:onNext(255)) - client-C9E345EC67ED->244f13ac-34be-4c4e-8e45-0c0272edbbb2: receive RaftClientReply:client-C9E345EC67ED->244f13ac-34be-4c4e-8e45-0c0272edbbb2@group-FE77C852EF02, cid=986, SUCCESS, logIndex=0, commits[244f13ac-34be-4c4e-8e45-0c0272edbbb2:c1292, 6287e41a-5356-4f55-84f2-270816d53e84:c1291, a2c18d3d-e79d-47c9-88fe-d8a1d195302b:c1291]
2019-08-23 11:31:28,406 | INFO  | DNAudit | user=null | ip=null | op=WRITE_CHUNK {blockData=conID: 3 locID: 102666068571587002 bcsId: 0} | ret=SUCCESS |  
2019-08-23 11:31:28,409 | INFO  | DNAudit | user=null | ip=null | op=WRITE_CHUNK {blockData=conID: 3 locID: 102666068571587002 bcsId: 0} | ret=SUCCESS |  
2019-08-23 11:31:28,409 | INFO  | DNAudit | user=null | ip=null | op=WRITE_CHUNK {blockData=conID: 3 locID: 102666068571587002 bcsId: 0} | ret=SUCCESS |  
2019-08-23 11:31:28,557 | INFO  | DNAudit | user=null | ip=null | op=WRITE_CHUNK {blockData=conID: 3 locID: 102666068571587002 bcsId: 0} | ret=SUCCESS |  
2019-08-23 11:31:28,557 | INFO  | SCMAudit | user=jenkins1000 | ip=192.168.5.185 | op=SEND_HEARTBEAT {datanodeUUID=b2c34899-c5c3-4720-9d95-984efeabf4a7, command=[]} | ret=SUCCESS |  
2019-08-23 11:31:28,557 | INFO  | SCMAudit | user=jenkins1000 | ip=192.168.5.185 | op=SEND_HEARTBEAT {datanodeUUID=0d166765-8492-4439-8677-f737a7bc54ca, command=[]} | ret=SUCCESS |  
2019-08-23 11:31:28,558 | INFO  | DNAudit | user=null | ip=null | op=WRITE_CHUNK {blockData=conID: 3 locID: 102666068571587002 bcsId: 0} | ret=SUCCESS |  
2019-08-23 11:31:28,558 | INFO  | DNAudit | user=null | ip=null | op=WRITE_CHUNK {blockData=conID: 3 locID: 102666068571587002 bcsId: 0} | ret=SUCCESS |  
2019-08-23 11:31:28,559 | INFO  | DNAudit | user=null | ip=null | op=PUT_BLOCK {blockData=[blockId=conID: 3 locID: 102666068571587002 bcsId: 0,size=1048576]} | ret=SUCCESS |  
2019-08-23 11:31:28,559 [grpc-default-executor-2] INFO  client.GrpcClientProtocolClient (GrpcClientProtocolClient.java:onNext(255)) - client-C9E345EC67ED->244f13ac-34be-4c4e-8e45-0c0272edbbb2: receive RaftClientReply:client-C9E345EC67ED->244f13ac-34be-4c4e-8e45-0c0272edbbb2@group-FE77C852EF02, cid=987, SUCCESS, logIndex=1294, commits[244f13ac-34be-4c4e-8e45-0c0272edbbb2:c1295, 6287e41a-5356-4f55-84f2-270816d53e84:c1293, a2c18d3d-e79d-47c9-88fe-d8a1d195302b:c1293]
2019-08-23 11:31:28,560 [grpc-default-executor-2] INFO  client.GrpcClientProtocolClient (GrpcClientProtocolClient.java:onNext(255)) - client-C9E345EC67ED->244f13ac-34be-4c4e-8e45-0c0272edbbb2: receive RaftClientReply:client-C9E345EC67ED->244f13ac-34be-4c4e-8e45-0c0272edbbb2@group-FE77C852EF02, cid=988, SUCCESS, logIndex=1295, commits[244f13ac-34be-4c4e-8e45-0c0272edbbb2:c1295, 6287e41a-5356-4f55-84f2-270816d53e84:c1293, a2c18d3d-e79d-47c9-88fe-d8a1d195302b:c1293]
2019-08-23 11:31:28,560 | INFO  | DNAudit | user=null | ip=null | op=WRITE_CHUNK {blockData=conID: 3 locID: 102666068571587002 bcsId: 0} | ret=SUCCESS |  
2019-08-23 11:31:28,570 | INFO  | DNAudit | user=null | ip=null | op=WRITE_CHUNK {blockData=conID: 3 locID: 102666068571587002 bcsId: 0} | ret=SUCCESS |  
2019-08-23 11:31:28,570 | INFO  | DNAudit | user=null | ip=null | op=WRITE_CHUNK {blockData=conID: 3 locID: 102666068571587002 bcsId: 0} | ret=SUCCESS |  
2019-08-23 11:31:28,570 | INFO  | DNAudit | user=null | ip=null | op=WRITE_CHUNK {blockData=conID: 3 locID: 102666068571587002 bcsId: 0} | ret=SUCCESS |  
2019-08-23 11:31:28,570 | INFO  | DNAudit | user=null | ip=null | op=PUT_BLOCK {blockData=[blockId=conID: 3 locID: 102666068571587002 bcsId: 0,size=2097152]} | ret=SUCCESS |  
2019-08-23 11:31:28,570 | INFO  | DNAudit | user=null | ip=null | op=PUT_BLOCK {blockData=[blockId=conID: 3 locID: 102666068571587002 bcsId: 0,size=1048576]} | ret=SUCCESS |  
2019-08-23 11:31:28,571 | INFO  | DNAudit | user=null | ip=null | op=PUT_BLOCK {blockData=[blockId=conID: 3 locID: 102666068571587002 bcsId: 0,size=1048576]} | ret=SUCCESS |  
2019-08-23 11:31:28,571 [grpc-default-executor-4] INFO  client.GrpcClientProtocolClient (GrpcClientProtocolClient.java:onNext(255)) - client-C9E345EC67ED->244f13ac-34be-4c4e-8e45-0c0272edbbb2: receive RaftClientReply:client-C9E345EC67ED->244f13ac-34be-4c4e-8e45-0c0272edbbb2@group-FE77C852EF02, cid=989, SUCCESS, logIndex=1296, commits[244f13ac-34be-4c4e-8e45-0c0272edbbb2:c1297, 6287e41a-5356-4f55-84f2-270816d53e84:c1293, a2c18d3d-e79d-47c9-88fe-d8a1d195302b:c1293]
2019-08-23 11:31:28,571 [grpc-default-executor-4] INFO  client.GrpcClientProtocolClient (GrpcClientProtocolClient.java:onNext(255)) - client-C9E345EC67ED->244f13ac-34be-4c4e-8e45-0c0272edbbb2: receive RaftClientReply:client-C9E345EC67ED->244f13ac-34be-4c4e-8e45-0c0272edbbb2@group-FE77C852EF02, cid=990, SUCCESS, logIndex=1297, commits[244f13ac-34be-4c4e-8e45-0c0272edbbb2:c1299, 6287e41a-5356-4f55-84f2-270816d53e84:c1295, a2c18d3d-e79d-47c9-88fe-d8a1d195302b:c1295]
2019-08-23 11:31:28,579 | INFO  | DNAudit | user=null | ip=null | op=WRITE_CHUNK {blockData=conID: 3 locID: 102666068571587002 bcsId: 1297} | ret=SUCCESS |  
2019-08-23 11:31:28,581 | INFO  | DNAudit | user=null | ip=null | op=WRITE_CHUNK {blockData=conID: 3 locID: 102666068571587002 bcsId: 1297} | ret=SUCCESS |  
2019-08-23 11:31:28,581 | INFO  | DNAudit | user=null | ip=null | op=WRITE_CHUNK {blockData=conID: 3 locID: 102666068571587002 bcsId: 0} | ret=SUCCESS |  
2019-08-23 11:31:28,581 | INFO  | DNAudit | user=null | ip=null | op=WRITE_CHUNK {blockData=conID: 3 locID: 102666068571587002 bcsId: 0} | ret=SUCCESS |  
2019-08-23 11:31:28,581 | INFO  | DNAudit | user=null | ip=null | op=WRITE_CHUNK {blockData=conID: 3 locID: 102666068571587002 bcsId: 1297} | ret=SUCCESS |  
2019-08-23 11:31:28,582 | INFO  | DNAudit | user=null | ip=null | op=PUT_BLOCK {blockData=[blockId=conID: 3 locID: 102666068571587002 bcsId: 0,size=2097152]} | ret=SUCCESS |  
2019-08-23 11:31:28,582 | INFO  | DNAudit | user=null | ip=null | op=PUT_BLOCK {blockData=[blockId=conID: 3 locID: 102666068571587002 bcsId: 0,size=2097152]} | ret=SUCCESS |  
2019-08-23 11:31:28,583 | INFO  | DNAudit | user=null | ip=null | op=WRITE_CHUNK {blockData=conID: 3 locID: 102666068571587002 bcsId: 1297} | ret=SUCCESS |  
2019-08-23 11:31:28,583 | INFO  | DNAudit | user=null | ip=null | op=PUT_BLOCK {blockData=[blockId=conID: 3 locID: 102666068571587002 bcsId: 0,size=3145728]} | ret=SUCCESS |  
2019-08-23 11:31:28,584 [grpc-default-executor-4] INFO  client.GrpcClientProtocolClient (GrpcClientProtocolClient.java:onNext(255)) - client-C9E345EC67ED->244f13ac-34be-4c4e-8e45-0c0272edbbb2: receive RaftClientReply:client-C9E345EC67ED->244f13ac-34be-4c4e-8e45-0c0272edbbb2@group-FE77C852EF02, cid=991, SUCCESS, logIndex=1302, commits[244f13ac-34be-4c4e-8e45-0c0272edbbb2:c1303, 6287e41a-5356-4f55-84f2-270816d53e84:c1297, a2c18d3d-e79d-47c9-88fe-d8a1d195302b:c1299]
2019-08-23 11:31:28,584 [grpc-default-executor-4] INFO  client.GrpcClientProtocolClient (GrpcClientProtocolClient.java:onNext(255)) - client-C9E345EC67ED->244f13ac-34be-4c4e-8e45-0c0272edbbb2: receive RaftClientReply:client-C9E345EC67ED->244f13ac-34be-4c4e-8e45-0c0272edbbb2@group-FE77C852EF02, cid=992, SUCCESS, logIndex=1303, commits[244f13ac-34be-4c4e-8e45-0c0272edbbb2:c1303, 6287e41a-5356-4f55-84f2-270816d53e84:c1299, a2c18d3d-e79d-47c9-88fe-d8a1d195302b:c1299]
2019-08-23 11:31:28,585 | INFO  | DNAudit | user=null | ip=null | op=WRITE_CHUNK {blockData=conID: 3 locID: 102666068571587002 bcsId: 1297} | ret=SUCCESS |  
2019-08-23 11:31:28,585 | INFO  | DNAudit | user=null | ip=null | op=WRITE_CHUNK {blockData=conID: 3 locID: 102666068571587002 bcsId: 1297} | ret=SUCCESS |  
2019-08-23 11:31:28,585 | INFO  | DNAudit | user=null | ip=null | op=PUT_BLOCK {blockData=[blockId=conID: 3 locID: 102666068571587002 bcsId: 0,size=3145728]} | ret=SUCCESS |  
2019-08-23 11:31:28,585 | INFO  | DNAudit | user=null | ip=null | op=PUT_BLOCK {blockData=[blockId=conID: 3 locID: 102666068571587002 bcsId: 0,size=3145728]} | ret=SUCCESS |  
2019-08-23 11:31:28,591 | INFO  | DNAudit | user=null | ip=null | op=WRITE_CHUNK {blockData=conID: 3 locID: 102666068571587002 bcsId: 1303} | ret=SUCCESS |  
2019-08-23 11:31:28,594 | INFO  | DNAudit | user=null | ip=null | op=WRITE_CHUNK {blockData=conID: 3 locID: 102666068571587002 bcsId: 1303} | ret=SUCCESS |  
2019-08-23 11:31:28,594 | INFO  | DNAudit | user=null | ip=null | op=WRITE_CHUNK {blockData=conID: 3 locID: 102666068571587002 bcsId: 1303} | ret=SUCCESS |  
2019-08-23 11:31:28,604 | INFO  | DNAudit | user=null | ip=null | op=WRITE_CHUNK {blockData=conID: 3 locID: 102666068571587002 bcsId: 1303} | ret=SUCCESS |  
2019-08-23 11:31:28,604 | INFO  | DNAudit | user=null | ip=null | op=PUT_BLOCK {blockData=[blockId=conID: 3 locID: 102666068571587002 bcsId: 0,size=4194304]} | ret=SUCCESS |  
2019-08-23 11:31:28,604 [grpc-default-executor-1] INFO  client.GrpcClientProtocolClient (GrpcClientProtocolClient.java:onNext(255)) - client-C9E345EC67ED->244f13ac-34be-4c4e-8e45-0c0272edbbb2: receive RaftClientReply:client-C9E345EC67ED->244f13ac-34be-4c4e-8e45-0c0272edbbb2@group-FE77C852EF02, cid=993, SUCCESS, logIndex=1306, commits[244f13ac-34be-4c4e-8e45-0c0272edbbb2:c1307, 6287e41a-5356-4f55-84f2-270816d53e84:c1305, a2c18d3d-e79d-47c9-88fe-d8a1d195302b:c1305]
2019-08-23 11:31:28,605 [grpc-default-executor-1] INFO  client.GrpcClientProtocolClient (GrpcClientProtocolClient.java:onNext(255)) - client-C9E345EC67ED->244f13ac-34be-4c4e-8e45-0c0272edbbb2: receive RaftClientReply:client-C9E345EC67ED->244f13ac-34be-4c4e-8e45-0c0272edbbb2@group-FE77C852EF02, cid=994, SUCCESS, logIndex=1307, commits[244f13ac-34be-4c4e-8e45-0c0272edbbb2:c1307, 6287e41a-5356-4f55-84f2-270816d53e84:c1305, a2c18d3d-e79d-47c9-88fe-d8a1d195302b:c1305]
2019-08-23 11:31:28,615 | INFO  | DNAudit | user=null | ip=null | op=WRITE_CHUNK {blockData=conID: 3 locID: 102666068571587002 bcsId: 1303} | ret=SUCCESS |  
2019-08-23 11:31:28,615 | INFO  | DNAudit | user=null | ip=null | op=WRITE_CHUNK {blockData=conID: 3 locID: 102666068571587002 bcsId: 1303} | ret=SUCCESS |  
2019-08-23 11:31:28,618 | INFO  | DNAudit | user=null | ip=null | op=PUT_BLOCK {blockData=[blockId=conID: 3 locID: 102666068571587002 bcsId: 0,size=4194304]} | ret=SUCCESS |  
2019-08-23 11:31:28,618 | INFO  | DNAudit | user=null | ip=null | op=PUT_BLOCK {blockData=[blockId=conID: 3 locID: 102666068571587002 bcsId: 0,size=4194304]} | ret=SUCCESS |  
2019-08-23 11:31:28,619 [grpc-default-executor-4] INFO  client.GrpcClientProtocolClient (GrpcClientProtocolClient.java:onNext(255)) - client-C9E345EC67ED->244f13ac-34be-4c4e-8e45-0c0272edbbb2: receive RaftClientReply:client-C9E345EC67ED->244f13ac-34be-4c4e-8e45-0c0272edbbb2@group-FE77C852EF02, cid=995, SUCCESS, logIndex=0, commits[244f13ac-34be-4c4e-8e45-0c0272edbbb2:c1309, 6287e41a-5356-4f55-84f2-270816d53e84:c1307, a2c18d3d-e79d-47c9-88fe-d8a1d195302b:c1307]
2019-08-23 11:31:28,627 | INFO  | DNAudit | user=null | ip=null | op=WRITE_CHUNK {blockData=conID: 1 locID: 102666068571587003 bcsId: 0} | ret=SUCCESS |  
2019-08-23 11:31:28,631 | INFO  | DNAudit | user=null | ip=null | op=WRITE_CHUNK {blockData=conID: 1 locID: 102666068571587003 bcsId: 0} | ret=SUCCESS |  
2019-08-23 11:31:28,631 | INFO  | DNAudit | user=null | ip=null | op=WRITE_CHUNK {blockData=conID: 1 locID: 102666068571587003 bcsId: 0} | ret=SUCCESS |  
2019-08-23 11:31:28,631 | INFO  | DNAudit | user=null | ip=null | op=WRITE_CHUNK {blockData=conID: 1 locID: 102666068571587003 bcsId: 0} | ret=SUCCESS |  
2019-08-23 11:31:28,632 | INFO  | DNAudit | user=null | ip=null | op=WRITE_CHUNK {blockData=conID: 1 locID: 102666068571587003 bcsId: 0} | ret=SUCCESS |  
2019-08-23 11:31:28,633 | INFO  | DNAudit | user=null | ip=null | op=WRITE_CHUNK {blockData=conID: 1 locID: 102666068571587003 bcsId: 0} | ret=SUCCESS |  
2019-08-23 11:31:28,639 | INFO  | DNAudit | user=null | ip=null | op=WRITE_CHUNK {blockData=conID: 1 locID: 102666068571587003 bcsId: 0} | ret=SUCCESS |  
2019-08-23 11:31:28,640 | INFO  | DNAudit | user=null | ip=null | op=PUT_BLOCK {blockData=[blockId=conID: 1 locID: 102666068571587003 bcsId: 0,size=1048576]} | ret=SUCCESS |  
2019-08-23 11:31:28,640 [grpc-default-executor-5] INFO  client.GrpcClientProtocolClient (GrpcClientProtocolClient.java:onNext(255)) - client-C9E345EC67ED->244f13ac-34be-4c4e-8e45-0c0272edbbb2: receive RaftClientReply:client-C9E345EC67ED->244f13ac-34be-4c4e-8e45-0c0272edbbb2@group-FE77C852EF02, cid=996, SUCCESS, logIndex=1310, commits[244f13ac-34be-4c4e-8e45-0c0272edbbb2:c1313, 6287e41a-5356-4f55-84f2-270816d53e84:c1309, a2c18d3d-e79d-47c9-88fe-d8a1d195302b:c1307]
2019-08-23 11:31:28,640 | INFO  | DNAudit | user=null | ip=null | op=WRITE_CHUNK {blockData=conID: 1 locID: 102666068571587003 bcsId: 0} | ret=SUCCESS |  
2019-08-23 11:31:28,641 | INFO  | DNAudit | user=null | ip=null | op=PUT_BLOCK {blockData=[blockId=conID: 1 locID: 102666068571587003 bcsId: 0,size=2097152]} | ret=SUCCESS |  
2019-08-23 11:31:28,641 [grpc-default-executor-5] INFO  client.GrpcClientProtocolClient (GrpcClientProtocolClient.java:onNext(255)) - client-C9E345EC67ED->244f13ac-34be-4c4e-8e45-0c0272edbbb2: receive RaftClientReply:client-C9E345EC67ED->244f13ac-34be-4c4e-8e45-0c0272edbbb2@group-FE77C852EF02, cid=997, SUCCESS, logIndex=1311, commits[244f13ac-34be-4c4e-8e45-0c0272edbbb2:c1313, 6287e41a-5356-4f55-84f2-270816d53e84:c1309, a2c18d3d-e79d-47c9-88fe-d8a1d195302b:c1309]
2019-08-23 11:31:28,641 | INFO  | DNAudit | user=null | ip=null | op=WRITE_CHUNK {blockData=conID: 1 locID: 102666068571587003 bcsId: 0} | ret=SUCCESS |  
2019-08-23 11:31:28,641 [grpc-default-executor-5] INFO  client.GrpcClientProtocolClient (GrpcClientProtocolClient.java:onNext(255)) - client-C9E345EC67ED->244f13ac-34be-4c4e-8e45-0c0272edbbb2: receive RaftClientReply:client-C9E345EC67ED->244f13ac-34be-4c4e-8e45-0c0272edbbb2@group-FE77C852EF02, cid=998, SUCCESS, logIndex=1312, commits[244f13ac-34be-4c4e-8e45-0c0272edbbb2:c1313, 6287e41a-5356-4f55-84f2-270816d53e84:c1309, a2c18d3d-e79d-47c9-88fe-d8a1d195302b:c1309]
2019-08-23 11:31:28,642 | INFO  | DNAudit | user=null | ip=null | op=PUT_BLOCK {blockData=[blockId=conID: 1 locID: 102666068571587003 bcsId: 0,size=1048576]} | ret=SUCCESS |  
2019-08-23 11:31:28,642 | INFO  | DNAudit | user=null | ip=null | op=WRITE_CHUNK {blockData=conID: 1 locID: 102666068571587003 bcsId: 0} | ret=SUCCESS |  
2019-08-23 11:31:28,642 [grpc-default-executor-5] INFO  client.GrpcClientProtocolClient (GrpcClientProtocolClient.java:onNext(255)) - client-C9E345EC67ED->244f13ac-34be-4c4e-8e45-0c0272edbbb2: receive RaftClientReply:client-C9E345EC67ED->244f13ac-34be-4c4e-8e45-0c0272edbbb2@group-FE77C852EF02, cid=999, SUCCESS, logIndex=1313, commits[244f13ac-34be-4c4e-8e45-0c0272edbbb2:c1313, 6287e41a-5356-4f55-84f2-270816d53e84:c1309, a2c18d3d-e79d-47c9-88fe-d8a1d195302b:c1309]
2019-08-23 11:31:28,642 | INFO  | DNAudit | user=null | ip=null | op=PUT_BLOCK {blockData=[blockId=conID: 1 locID: 102666068571587003 bcsId: 0,size=1048576]} | ret=SUCCESS |  
2019-08-23 11:31:28,642 | INFO  | DNAudit | user=null | ip=null | op=WRITE_CHUNK {blockData=conID: 1 locID: 102666068571587003 bcsId: 0} | ret=SUCCESS |  
2019-08-23 11:31:28,643 | INFO  | DNAudit | user=null | ip=null | op=WRITE_CHUNK {blockData=conID: 1 locID: 102666068571587003 bcsId: 0} | ret=SUCCESS |  
2019-08-23 11:31:28,643 | INFO  | DNAudit | user=null | ip=null | op=PUT_BLOCK {blockData=[blockId=conID: 1 locID: 102666068571587003 bcsId: 0,size=2097152]} | ret=SUCCESS |  
2019-08-23 11:31:28,643 | INFO  | DNAudit | user=null | ip=null | op=PUT_BLOCK {blockData=[blockId=conID: 1 locID: 102666068571587003 bcsId: 0,size=2097152]} | ret=SUCCESS |  
2019-08-23 11:31:28,643 [grpc-default-executor-5] INFO  client.GrpcClientProtocolClient (GrpcClientProtocolClient.java:onNext(255)) - client-C9E345EC67ED->244f13ac-34be-4c4e-8e45-0c0272edbbb2: receive RaftClientReply:client-C9E345EC67ED->244f13ac-34be-4c4e-8e45-0c0272edbbb2@group-FE77C852EF02, cid=1000, SUCCESS, logIndex=0, commits[244f13ac-34be-4c4e-8e45-0c0272edbbb2:c1317, 6287e41a-5356-4f55-84f2-270816d53e84:c1313, a2c18d3d-e79d-47c9-88fe-d8a1d195302b:c1313]
2019-08-23 11:31:28,651 | INFO  | DNAudit | user=null | ip=null | op=WRITE_CHUNK {blockData=conID: 1 locID: 102666068571587003 bcsId: 1313} | ret=SUCCESS |  
2019-08-23 11:31:28,654 | INFO  | DNAudit | user=null | ip=null | op=WRITE_CHUNK {blockData=conID: 1 locID: 102666068571587003 bcsId: 1313} | ret=SUCCESS |  
2019-08-23 11:31:28,654 | INFO  | DNAudit | user=null | ip=null | op=WRITE_CHUNK {blockData=conID: 1 locID: 102666068571587003 bcsId: 1313} | ret=SUCCESS |  
2019-08-23 11:31:28,663 | INFO  | DNAudit | user=null | ip=null | op=WRITE_CHUNK {blockData=conID: 1 locID: 102666068571587003 bcsId: 1313} | ret=SUCCESS |  
2019-08-23 11:31:28,664 | INFO  | DNAudit | user=null | ip=null | op=PUT_BLOCK {blockData=[blockId=conID: 1 locID: 102666068571587003 bcsId: 0,size=3145728]} | ret=SUCCESS |  
2019-08-23 11:31:28,664 [grpc-default-executor-4] INFO  client.GrpcClientProtocolClient (GrpcClientProtocolClient.java:onNext(255)) - client-C9E345EC67ED->244f13ac-34be-4c4e-8e45-0c0272edbbb2: receive RaftClientReply:client-C9E345EC67ED->244f13ac-34be-4c4e-8e45-0c0272edbbb2@group-FE77C852EF02, cid=1001, SUCCESS, logIndex=1318, commits[244f13ac-34be-4c4e-8e45-0c0272edbbb2:c1319, 6287e41a-5356-4f55-84f2-270816d53e84:c1317, a2c18d3d-e79d-47c9-88fe-d8a1d195302b:c1317]
2019-08-23 11:31:28,664 [grpc-default-executor-4] INFO  client.GrpcClientProtocolClient (GrpcClientProtocolClient.java:onNext(255)) - client-C9E345EC67ED->244f13ac-34be-4c4e-8e45-0c0272edbbb2: receive RaftClientReply:client-C9E345EC67ED->244f13ac-34be-4c4e-8e45-0c0272edbbb2@group-FE77C852EF02, cid=1002, SUCCESS, logIndex=1319, commits[244f13ac-34be-4c4e-8e45-0c0272edbbb2:c1319, 6287e41a-5356-4f55-84f2-270816d53e84:c1317, a2c18d3d-e79d-47c9-88fe-d8a1d195302b:c1317]
2019-08-23 11:31:28,671 | INFO  | DNAudit | user=null | ip=null | op=WRITE_CHUNK {blockData=conID: 1 locID: 102666068571587003 bcsId: 1319} | ret=SUCCESS |  
2019-08-23 11:31:28,674 | INFO  | DNAudit | user=null | ip=null | op=WRITE_CHUNK {blockData=conID: 1 locID: 102666068571587003 bcsId: 1319} | ret=SUCCESS |  
2019-08-23 11:31:28,674 | INFO  | DNAudit | user=null | ip=null | op=WRITE_CHUNK {blockData=conID: 1 locID: 102666068571587003 bcsId: 1319} | ret=SUCCESS |  
2019-08-23 11:31:28,675 | INFO  | DNAudit | user=null | ip=null | op=WRITE_CHUNK {blockData=conID: 1 locID: 102666068571587003 bcsId: 1313} | ret=SUCCESS |  
2019-08-23 11:31:28,675 | INFO  | DNAudit | user=null | ip=null | op=WRITE_CHUNK {blockData=conID: 1 locID: 102666068571587003 bcsId: 1313} | ret=SUCCESS |  
2019-08-23 11:31:28,678 | INFO  | DNAudit | user=null | ip=null | op=PUT_BLOCK {blockData=[blockId=conID: 1 locID: 102666068571587003 bcsId: 0,size=3145728]} | ret=SUCCESS |  
2019-08-23 11:31:28,678 | INFO  | DNAudit | user=null | ip=null | op=PUT_BLOCK {blockData=[blockId=conID: 1 locID: 102666068571587003 bcsId: 0,size=3145728]} | ret=SUCCESS |  
2019-08-23 11:31:28,678 | INFO  | DNAudit | user=null | ip=null | op=WRITE_CHUNK {blockData=conID: 1 locID: 102666068571587003 bcsId: 1319} | ret=SUCCESS |  
2019-08-23 11:31:28,679 | INFO  | DNAudit | user=null | ip=null | op=PUT_BLOCK {blockData=[blockId=conID: 1 locID: 102666068571587003 bcsId: 0,size=4194304]} | ret=SUCCESS |  
2019-08-23 11:31:28,679 [grpc-default-executor-4] INFO  client.GrpcClientProtocolClient (GrpcClientProtocolClient.java:onNext(255)) - client-C9E345EC67ED->244f13ac-34be-4c4e-8e45-0c0272edbbb2: receive RaftClientReply:client-C9E345EC67ED->244f13ac-34be-4c4e-8e45-0c0272edbbb2@group-FE77C852EF02, cid=1003, SUCCESS, logIndex=1322, commits[244f13ac-34be-4c4e-8e45-0c0272edbbb2:c1323, 6287e41a-5356-4f55-84f2-270816d53e84:c1319, a2c18d3d-e79d-47c9-88fe-d8a1d195302b:c1319]
2019-08-23 11:31:28,679 [grpc-default-executor-4] INFO  client.GrpcClientProtocolClient (GrpcClientProtocolClient.java:onNext(255)) - client-C9E345EC67ED->244f13ac-34be-4c4e-8e45-0c0272edbbb2: receive RaftClientReply:client-C9E345EC67ED->244f13ac-34be-4c4e-8e45-0c0272edbbb2@group-FE77C852EF02, cid=1004, SUCCESS, logIndex=1323, commits[244f13ac-34be-4c4e-8e45-0c0272edbbb2:c1323, 6287e41a-5356-4f55-84f2-270816d53e84:c1319, a2c18d3d-e79d-47c9-88fe-d8a1d195302b:c1319]
2019-08-23 11:31:28,690 | INFO  | DNAudit | user=null | ip=null | op=WRITE_CHUNK {blockData=conID: 1 locID: 102666068571587003 bcsId: 1319} | ret=SUCCESS |  
2019-08-23 11:31:28,690 | INFO  | DNAudit | user=null | ip=null | op=WRITE_CHUNK {blockData=conID: 1 locID: 102666068571587003 bcsId: 1319} | ret=SUCCESS |  
2019-08-23 11:31:28,692 | INFO  | DNAudit | user=null | ip=null | op=PUT_BLOCK {blockData=[blockId=conID: 1 locID: 102666068571587003 bcsId: 0,size=4194304]} | ret=SUCCESS |  
2019-08-23 11:31:28,692 | INFO  | DNAudit | user=null | ip=null | op=PUT_BLOCK {blockData=[blockId=conID: 1 locID: 102666068571587003 bcsId: 0,size=4194304]} | ret=SUCCESS |  
2019-08-23 11:31:28,693 [grpc-default-executor-4] INFO  client.GrpcClientProtocolClient (GrpcClientProtocolClient.java:onNext(255)) - client-C9E345EC67ED->244f13ac-34be-4c4e-8e45-0c0272edbbb2: receive RaftClientReply:client-C9E345EC67ED->244f13ac-34be-4c4e-8e45-0c0272edbbb2@group-FE77C852EF02, cid=1005, SUCCESS, logIndex=0, commits[244f13ac-34be-4c4e-8e45-0c0272edbbb2:c1324, 6287e41a-5356-4f55-84f2-270816d53e84:c1323, a2c18d3d-e79d-47c9-88fe-d8a1d195302b:c1323]
2019-08-23 11:31:28,701 | INFO  | DNAudit | user=null | ip=null | op=WRITE_CHUNK {blockData=conID: 2 locID: 102666068571587004 bcsId: 0} | ret=SUCCESS |  
2019-08-23 11:31:28,704 | INFO  | DNAudit | user=null | ip=null | op=WRITE_CHUNK {blockData=conID: 2 locID: 102666068571587004 bcsId: 0} | ret=SUCCESS |  
2019-08-23 11:31:28,704 | INFO  | DNAudit | user=null | ip=null | op=WRITE_CHUNK {blockData=conID: 2 locID: 102666068571587004 bcsId: 0} | ret=SUCCESS |  
2019-08-23 11:31:28,704 | INFO  | DNAudit | user=null | ip=null | op=WRITE_CHUNK {blockData=conID: 2 locID: 102666068571587004 bcsId: 0} | ret=SUCCESS |  
2019-08-23 11:31:28,706 | INFO  | DNAudit | user=null | ip=null | op=WRITE_CHUNK {blockData=conID: 2 locID: 102666068571587004 bcsId: 0} | ret=SUCCESS |  
2019-08-23 11:31:28,707 | INFO  | DNAudit | user=null | ip=null | op=WRITE_CHUNK {blockData=conID: 2 locID: 102666068571587004 bcsId: 0} | ret=SUCCESS |  
2019-08-23 11:31:28,714 | INFO  | DNAudit | user=null | ip=null | op=WRITE_CHUNK {blockData=conID: 2 locID: 102666068571587004 bcsId: 0} | ret=SUCCESS |  
2019-08-23 11:31:28,714 | INFO  | DNAudit | user=null | ip=null | op=PUT_BLOCK {blockData=[blockId=conID: 2 locID: 102666068571587004 bcsId: 0,size=1048576]} | ret=SUCCESS |  
2019-08-23 11:31:28,714 | INFO  | DNAudit | user=null | ip=null | op=WRITE_CHUNK {blockData=conID: 2 locID: 102666068571587004 bcsId: 0} | ret=SUCCESS |  
2019-08-23 11:31:28,714 [grpc-default-executor-4] INFO  client.GrpcClientProtocolClient (GrpcClientProtocolClient.java:onNext(255)) - client-C9E345EC67ED->244f13ac-34be-4c4e-8e45-0c0272edbbb2: receive RaftClientReply:client-C9E345EC67ED->244f13ac-34be-4c4e-8e45-0c0272edbbb2@group-FE77C852EF02, cid=1006, SUCCESS, logIndex=1326, commits[244f13ac-34be-4c4e-8e45-0c0272edbbb2:c1327, 6287e41a-5356-4f55-84f2-270816d53e84:c1325, a2c18d3d-e79d-47c9-88fe-d8a1d195302b:c1325]
2019-08-23 11:31:28,715 | INFO  | DNAudit | user=null | ip=null | op=PUT_BLOCK {blockData=[blockId=conID: 2 locID: 102666068571587004 bcsId: 0,size=2097152]} | ret=SUCCESS |  
2019-08-23 11:31:28,715 [grpc-default-executor-4] INFO  client.GrpcClientProtocolClient (GrpcClientProtocolClient.java:onNext(255)) - client-C9E345EC67ED->244f13ac-34be-4c4e-8e45-0c0272edbbb2: receive RaftClientReply:client-C9E345EC67ED->244f13ac-34be-4c4e-8e45-0c0272edbbb2@group-FE77C852EF02, cid=1007, SUCCESS, logIndex=1327, commits[244f13ac-34be-4c4e-8e45-0c0272edbbb2:c1328, 6287e41a-5356-4f55-84f2-270816d53e84:c1325, a2c18d3d-e79d-47c9-88fe-d8a1d195302b:c1325]
2019-08-23 11:31:28,715 | INFO  | DNAudit | user=null | ip=null | op=WRITE_CHUNK {blockData=conID: 2 locID: 102666068571587004 bcsId: 0} | ret=SUCCESS |  
2019-08-23 11:31:28,716 [grpc-default-executor-4] INFO  client.GrpcClientProtocolClient (GrpcClientProtocolClient.java:onNext(255)) - client-C9E345EC67ED->244f13ac-34be-4c4e-8e45-0c0272edbbb2: receive RaftClientReply:client-C9E345EC67ED->244f13ac-34be-4c4e-8e45-0c0272edbbb2@group-FE77C852EF02, cid=1008, SUCCESS, logIndex=1328, commits[244f13ac-34be-4c4e-8e45-0c0272edbbb2:c1329, 6287e41a-5356-4f55-84f2-270816d53e84:c1325, a2c18d3d-e79d-47c9-88fe-d8a1d195302b:c1325]
2019-08-23 11:31:28,716 | INFO  | DNAudit | user=null | ip=null | op=PUT_BLOCK {blockData=[blockId=conID: 2 locID: 102666068571587004 bcsId: 0,size=1048576]} | ret=SUCCESS |  
2019-08-23 11:31:28,716 | INFO  | DNAudit | user=null | ip=null | op=WRITE_CHUNK {blockData=conID: 2 locID: 102666068571587004 bcsId: 0} | ret=SUCCESS |  
2019-08-23 11:31:28,716 | INFO  | DNAudit | user=null | ip=null | op=PUT_BLOCK {blockData=[blockId=conID: 2 locID: 102666068571587004 bcsId: 0,size=1048576]} | ret=SUCCESS |  
2019-08-23 11:31:28,716 [grpc-default-executor-2] INFO  client.GrpcClientProtocolClient (GrpcClientProtocolClient.java:onNext(255)) - client-C9E345EC67ED->244f13ac-34be-4c4e-8e45-0c0272edbbb2: receive RaftClientReply:client-C9E345EC67ED->244f13ac-34be-4c4e-8e45-0c0272edbbb2@group-FE77C852EF02, cid=1009, SUCCESS, logIndex=1329, commits[244f13ac-34be-4c4e-8e45-0c0272edbbb2:c1329, 6287e41a-5356-4f55-84f2-270816d53e84:c1325, a2c18d3d-e79d-47c9-88fe-d8a1d195302b:c1325]
2019-08-23 11:31:28,716 | INFO  | DNAudit | user=null | ip=null | op=WRITE_CHUNK {blockData=conID: 2 locID: 102666068571587004 bcsId: 0} | ret=SUCCESS |  
2019-08-23 11:31:28,716 | INFO  | DNAudit | user=null | ip=null | op=WRITE_CHUNK {blockData=conID: 2 locID: 102666068571587004 bcsId: 0} | ret=SUCCESS |  
2019-08-23 11:31:28,717 | INFO  | DNAudit | user=null | ip=null | op=PUT_BLOCK {blockData=[blockId=conID: 2 locID: 102666068571587004 bcsId: 0,size=2097152]} | ret=SUCCESS |  
2019-08-23 11:31:28,717 | INFO  | DNAudit | user=null | ip=null | op=PUT_BLOCK {blockData=[blockId=conID: 2 locID: 102666068571587004 bcsId: 0,size=2097152]} | ret=SUCCESS |  
2019-08-23 11:31:28,717 [grpc-default-executor-4] INFO  client.GrpcClientProtocolClient (GrpcClientProtocolClient.java:onNext(255)) - client-C9E345EC67ED->244f13ac-34be-4c4e-8e45-0c0272edbbb2: receive RaftClientReply:client-C9E345EC67ED->244f13ac-34be-4c4e-8e45-0c0272edbbb2@group-FE77C852EF02, cid=1010, SUCCESS, logIndex=0, commits[244f13ac-34be-4c4e-8e45-0c0272edbbb2:c1333, 6287e41a-5356-4f55-84f2-270816d53e84:c1329, a2c18d3d-e79d-47c9-88fe-d8a1d195302b:c1328]
2019-08-23 11:31:28,724 | INFO  | DNAudit | user=null | ip=null | op=WRITE_CHUNK {blockData=conID: 2 locID: 102666068571587004 bcsId: 1329} | ret=SUCCESS |  
2019-08-23 11:31:28,727 | INFO  | DNAudit | user=null | ip=null | op=WRITE_CHUNK {blockData=conID: 2 locID: 102666068571587004 bcsId: 1329} | ret=SUCCESS |  
2019-08-23 11:31:28,727 | INFO  | DNAudit | user=null | ip=null | op=WRITE_CHUNK {blockData=conID: 2 locID: 102666068571587004 bcsId: 1329} | ret=SUCCESS |  
2019-08-23 11:31:28,737 | INFO  | DNAudit | user=null | ip=null | op=WRITE_CHUNK {blockData=conID: 2 locID: 102666068571587004 bcsId: 1329} | ret=SUCCESS |  
2019-08-23 11:31:28,737 | INFO  | DNAudit | user=null | ip=null | op=PUT_BLOCK {blockData=[blockId=conID: 2 locID: 102666068571587004 bcsId: 0,size=3145728]} | ret=SUCCESS |  
2019-08-23 11:31:28,737 [grpc-default-executor-5] INFO  client.GrpcClientProtocolClient (GrpcClientProtocolClient.java:onNext(255)) - client-C9E345EC67ED->244f13ac-34be-4c4e-8e45-0c0272edbbb2: receive RaftClientReply:client-C9E345EC67ED->244f13ac-34be-4c4e-8e45-0c0272edbbb2@group-FE77C852EF02, cid=1011, SUCCESS, logIndex=1334, commits[244f13ac-34be-4c4e-8e45-0c0272edbbb2:c1335, 6287e41a-5356-4f55-84f2-270816d53e84:c1333, a2c18d3d-e79d-47c9-88fe-d8a1d195302b:c1333]
2019-08-23 11:31:28,738 [grpc-default-executor-5] INFO  client.GrpcClientProtocolClient (GrpcClientProtocolClient.java:onNext(255)) - client-C9E345EC67ED->244f13ac-34be-4c4e-8e45-0c0272edbbb2: receive RaftClientReply:client-C9E345EC67ED->244f13ac-34be-4c4e-8e45-0c0272edbbb2@group-FE77C852EF02, cid=1012, SUCCESS, logIndex=1335, commits[244f13ac-34be-4c4e-8e45-0c0272edbbb2:c1335, 6287e41a-5356-4f55-84f2-270816d53e84:c1333, a2c18d3d-e79d-47c9-88fe-d8a1d195302b:c1333]
2019-08-23 11:31:28,744 | INFO  | DNAudit | user=null | ip=null | op=WRITE_CHUNK {blockData=conID: 2 locID: 102666068571587004 bcsId: 1335} | ret=SUCCESS |  
2019-08-23 11:31:28,747 | INFO  | DNAudit | user=null | ip=null | op=WRITE_CHUNK {blockData=conID: 2 locID: 102666068571587004 bcsId: 1335} | ret=SUCCESS |  
2019-08-23 11:31:28,747 | INFO  | DNAudit | user=null | ip=null | op=WRITE_CHUNK {blockData=conID: 2 locID: 102666068571587004 bcsId: 1335} | ret=SUCCESS |  
2019-08-23 11:31:28,747 | INFO  | DNAudit | user=null | ip=null | op=WRITE_CHUNK {blockData=conID: 2 locID: 102666068571587004 bcsId: 1329} | ret=SUCCESS |  
2019-08-23 11:31:28,748 | INFO  | DNAudit | user=null | ip=null | op=WRITE_CHUNK {blockData=conID: 2 locID: 102666068571587004 bcsId: 1329} | ret=SUCCESS |  
2019-08-23 11:31:28,748 | INFO  | DNAudit | user=null | ip=null | op=PUT_BLOCK {blockData=[blockId=conID: 2 locID: 102666068571587004 bcsId: 0,size=3145728]} | ret=SUCCESS |  
2019-08-23 11:31:28,751 | INFO  | DNAudit | user=null | ip=null | op=WRITE_CHUNK {blockData=conID: 2 locID: 102666068571587004 bcsId: 1335} | ret=SUCCESS |  
2019-08-23 11:31:28,751 | INFO  | DNAudit | user=null | ip=null | op=PUT_BLOCK {blockData=[blockId=conID: 2 locID: 102666068571587004 bcsId: 0,size=3145728]} | ret=SUCCESS |  
2019-08-23 11:31:28,751 | INFO  | DNAudit | user=null | ip=null | op=PUT_BLOCK {blockData=[blockId=conID: 2 locID: 102666068571587004 bcsId: 0,size=4194304]} | ret=SUCCESS |  
2019-08-23 11:31:28,751 [grpc-default-executor-5] INFO  client.GrpcClientProtocolClient (GrpcClientProtocolClient.java:onNext(255)) - client-C9E345EC67ED->244f13ac-34be-4c4e-8e45-0c0272edbbb2: receive RaftClientReply:client-C9E345EC67ED->244f13ac-34be-4c4e-8e45-0c0272edbbb2@group-FE77C852EF02, cid=1013, SUCCESS, logIndex=1338, commits[244f13ac-34be-4c4e-8e45-0c0272edbbb2:c1339, 6287e41a-5356-4f55-84f2-270816d53e84:c1334, a2c18d3d-e79d-47c9-88fe-d8a1d195302b:c1335]
2019-08-23 11:31:28,752 [grpc-default-executor-5] INFO  client.GrpcClientProtocolClient (GrpcClientProtocolClient.java:onNext(255)) - client-C9E345EC67ED->244f13ac-34be-4c4e-8e45-0c0272edbbb2: receive RaftClientReply:client-C9E345EC67ED->244f13ac-34be-4c4e-8e45-0c0272edbbb2@group-FE77C852EF02, cid=1014, SUCCESS, logIndex=1339, commits[244f13ac-34be-4c4e-8e45-0c0272edbbb2:c1339, 6287e41a-5356-4f55-84f2-270816d53e84:c1335, a2c18d3d-e79d-47c9-88fe-d8a1d195302b:c1335]
2019-08-23 11:31:28,752 | INFO  | DNAudit | user=null | ip=null | op=WRITE_CHUNK {blockData=conID: 2 locID: 102666068571587004 bcsId: 1335} | ret=SUCCESS |  
2019-08-23 11:31:28,753 | INFO  | DNAudit | user=null | ip=null | op=WRITE_CHUNK {blockData=conID: 2 locID: 102666068571587004 bcsId: 1335} | ret=SUCCESS |  
2019-08-23 11:31:28,753 | INFO  | DNAudit | user=null | ip=null | op=PUT_BLOCK {blockData=[blockId=conID: 2 locID: 102666068571587004 bcsId: 0,size=4194304]} | ret=SUCCESS |  
2019-08-23 11:31:28,753 | INFO  | DNAudit | user=null | ip=null | op=PUT_BLOCK {blockData=[blockId=conID: 2 locID: 102666068571587004 bcsId: 0,size=4194304]} | ret=SUCCESS |  
2019-08-23 11:31:28,753 [grpc-default-executor-5] INFO  client.GrpcClientProtocolClient (GrpcClientProtocolClient.java:onNext(255)) - client-C9E345EC67ED->244f13ac-34be-4c4e-8e45-0c0272edbbb2: receive RaftClientReply:client-C9E345EC67ED->244f13ac-34be-4c4e-8e45-0c0272edbbb2@group-FE77C852EF02, cid=1015, SUCCESS, logIndex=0, commits[244f13ac-34be-4c4e-8e45-0c0272edbbb2:c1340, 6287e41a-5356-4f55-84f2-270816d53e84:c1339, a2c18d3d-e79d-47c9-88fe-d8a1d195302b:c1339]
2019-08-23 11:31:28,760 | INFO  | DNAudit | user=null | ip=null | op=WRITE_CHUNK {blockData=conID: 3 locID: 102666068571587005 bcsId: 0} | ret=SUCCESS |  
2019-08-23 11:31:28,763 | INFO  | DNAudit | user=null | ip=null | op=WRITE_CHUNK {blockData=conID: 3 locID: 102666068571587005 bcsId: 0} | ret=SUCCESS |  
2019-08-23 11:31:28,763 | INFO  | DNAudit | user=null | ip=null | op=WRITE_CHUNK {blockData=conID: 3 locID: 102666068571587005 bcsId: 0} | ret=SUCCESS |  
2019-08-23 11:31:28,763 | INFO  | DNAudit | user=null | ip=null | op=WRITE_CHUNK {blockData=conID: 3 locID: 102666068571587005 bcsId: 0} | ret=SUCCESS |  
2019-08-23 11:31:28,764 | INFO  | DNAudit | user=null | ip=null | op=WRITE_CHUNK {blockData=conID: 3 locID: 102666068571587005 bcsId: 0} | ret=SUCCESS |  
2019-08-23 11:31:28,764 | INFO  | DNAudit | user=null | ip=null | op=WRITE_CHUNK {blockData=conID: 3 locID: 102666068571587005 bcsId: 0} | ret=SUCCESS |  
2019-08-23 11:31:28,775 | INFO  | DNAudit | user=null | ip=null | op=WRITE_CHUNK {blockData=conID: 3 locID: 102666068571587005 bcsId: 0} | ret=SUCCESS |  
2019-08-23 11:31:28,775 | INFO  | DNAudit | user=null | ip=null | op=PUT_BLOCK {blockData=[blockId=conID: 3 locID: 102666068571587005 bcsId: 0,size=1048576]} | ret=SUCCESS |  
2019-08-23 11:31:28,775 | INFO  | DNAudit | user=null | ip=null | op=WRITE_CHUNK {blockData=conID: 3 locID: 102666068571587005 bcsId: 0} | ret=SUCCESS |  
2019-08-23 11:31:28,775 [grpc-default-executor-1] INFO  client.GrpcClientProtocolClient (GrpcClientProtocolClient.java:onNext(255)) - client-C9E345EC67ED->244f13ac-34be-4c4e-8e45-0c0272edbbb2: receive RaftClientReply:client-C9E345EC67ED->244f13ac-34be-4c4e-8e45-0c0272edbbb2@group-FE77C852EF02, cid=1016, SUCCESS, logIndex=1341, commits[244f13ac-34be-4c4e-8e45-0c0272edbbb2:c1344, 6287e41a-5356-4f55-84f2-270816d53e84:c1340, a2c18d3d-e79d-47c9-88fe-d8a1d195302b:c1340]
2019-08-23 11:31:28,776 | INFO  | DNAudit | user=null | ip=null | op=PUT_BLOCK {blockData=[blockId=conID: 3 locID: 102666068571587005 bcsId: 0,size=2097152]} | ret=SUCCESS |  
2019-08-23 11:31:28,776 [grpc-default-executor-1] INFO  client.GrpcClientProtocolClient (GrpcClientProtocolClient.java:onNext(255)) - client-C9E345EC67ED->244f13ac-34be-4c4e-8e45-0c0272edbbb2: receive RaftClientReply:client-C9E345EC67ED->244f13ac-34be-4c4e-8e45-0c0272edbbb2@group-FE77C852EF02, cid=1017, SUCCESS, logIndex=1342, commits[244f13ac-34be-4c4e-8e45-0c0272edbbb2:c1344, 6287e41a-5356-4f55-84f2-270816d53e84:c1340, a2c18d3d-e79d-47c9-88fe-d8a1d195302b:c1340]
2019-08-23 11:31:28,776 [grpc-default-executor-1] INFO  client.GrpcClientProtocolClient (GrpcClientProtocolClient.java:onNext(255)) - client-C9E345EC67ED->244f13ac-34be-4c4e-8e45-0c0272edbbb2: receive RaftClientReply:client-C9E345EC67ED->244f13ac-34be-4c4e-8e45-0c0272edbbb2@group-FE77C852EF02, cid=1018, SUCCESS, logIndex=1343, commits[244f13ac-34be-4c4e-8e45-0c0272edbbb2:c1344, 6287e41a-5356-4f55-84f2-270816d53e84:c1340, a2c18d3d-e79d-47c9-88fe-d8a1d195302b:c1340]
2019-08-23 11:31:28,776 | INFO  | DNAudit | user=null | ip=null | op=WRITE_CHUNK {blockData=conID: 3 locID: 102666068571587005 bcsId: 0} | ret=SUCCESS |  
2019-08-23 11:31:28,776 | INFO  | DNAudit | user=null | ip=null | op=WRITE_CHUNK {blockData=conID: 3 locID: 102666068571587005 bcsId: 0} | ret=SUCCESS |  
2019-08-23 11:31:28,777 [grpc-default-executor-1] INFO  client.GrpcClientProtocolClient (GrpcClientProtocolClient.java:onNext(255)) - client-C9E345EC67ED->244f13ac-34be-4c4e-8e45-0c0272edbbb2: receive RaftClientReply:client-C9E345EC67ED->244f13ac-34be-4c4e-8e45-0c0272edbbb2@group-FE77C852EF02, cid=1019, SUCCESS, logIndex=1344, commits[244f13ac-34be-4c4e-8e45-0c0272edbbb2:c1344, 6287e41a-5356-4f55-84f2-270816d53e84:c1340, a2c18d3d-e79d-47c9-88fe-d8a1d195302b:c1340]
2019-08-23 11:31:28,777 | INFO  | DNAudit | user=null | ip=null | op=PUT_BLOCK {blockData=[blockId=conID: 3 locID: 102666068571587005 bcsId: 0,size=1048576]} | ret=SUCCESS |  
2019-08-23 11:31:28,777 | INFO  | DNAudit | user=null | ip=null | op=PUT_BLOCK {blockData=[blockId=conID: 3 locID: 102666068571587005 bcsId: 0,size=1048576]} | ret=SUCCESS |  
2019-08-23 11:31:28,777 | INFO  | DNAudit | user=null | ip=null | op=WRITE_CHUNK {blockData=conID: 3 locID: 102666068571587005 bcsId: 0} | ret=SUCCESS |  
2019-08-23 11:31:28,777 | INFO  | DNAudit | user=null | ip=null | op=WRITE_CHUNK {blockData=conID: 3 locID: 102666068571587005 bcsId: 0} | ret=SUCCESS |  
2019-08-23 11:31:28,777 | INFO  | DNAudit | user=null | ip=null | op=PUT_BLOCK {blockData=[blockId=conID: 3 locID: 102666068571587005 bcsId: 0,size=2097152]} | ret=SUCCESS |  
2019-08-23 11:31:28,777 | INFO  | DNAudit | user=null | ip=null | op=PUT_BLOCK {blockData=[blockId=conID: 3 locID: 102666068571587005 bcsId: 0,size=2097152]} | ret=SUCCESS |  
2019-08-23 11:31:28,778 [grpc-default-executor-4] INFO  client.GrpcClientProtocolClient (GrpcClientProtocolClient.java:onNext(255)) - client-C9E345EC67ED->244f13ac-34be-4c4e-8e45-0c0272edbbb2: receive RaftClientReply:client-C9E345EC67ED->244f13ac-34be-4c4e-8e45-0c0272edbbb2@group-FE77C852EF02, cid=1020, SUCCESS, logIndex=0, commits[244f13ac-34be-4c4e-8e45-0c0272edbbb2:c1345, 6287e41a-5356-4f55-84f2-270816d53e84:c1344, a2c18d3d-e79d-47c9-88fe-d8a1d195302b:c1344]
2019-08-23 11:31:28,785 | INFO  | DNAudit | user=null | ip=null | op=WRITE_CHUNK {blockData=conID: 3 locID: 102666068571587005 bcsId: 1344} | ret=SUCCESS |  
2019-08-23 11:31:28,786 | INFO  | DNAudit | user=null | ip=null | op=WRITE_CHUNK {blockData=conID: 3 locID: 102666068571587005 bcsId: 1344} | ret=SUCCESS |  
2019-08-23 11:31:28,786 | INFO  | DNAudit | user=null | ip=null | op=WRITE_CHUNK {blockData=conID: 3 locID: 102666068571587005 bcsId: 1344} | ret=SUCCESS |  
2019-08-23 11:31:28,796 | INFO  | DNAudit | user=null | ip=null | op=WRITE_CHUNK {blockData=conID: 3 locID: 102666068571587005 bcsId: 1344} | ret=SUCCESS |  
2019-08-23 11:31:28,796 | INFO  | DNAudit | user=null | ip=null | op=PUT_BLOCK {blockData=[blockId=conID: 3 locID: 102666068571587005 bcsId: 0,size=3145728]} | ret=SUCCESS |  
2019-08-23 11:31:28,796 [grpc-default-executor-5] INFO  client.GrpcClientProtocolClient (GrpcClientProtocolClient.java:onNext(255)) - client-C9E345EC67ED->244f13ac-34be-4c4e-8e45-0c0272edbbb2: receive RaftClientReply:client-C9E345EC67ED->244f13ac-34be-4c4e-8e45-0c0272edbbb2@group-FE77C852EF02, cid=1021, SUCCESS, logIndex=1347, commits[244f13ac-34be-4c4e-8e45-0c0272edbbb2:c1348, 6287e41a-5356-4f55-84f2-270816d53e84:c1346, a2c18d3d-e79d-47c9-88fe-d8a1d195302b:c1346]
2019-08-23 11:31:28,797 [grpc-default-executor-5] INFO  client.GrpcClientProtocolClient (GrpcClientProtocolClient.java:onNext(255)) - client-C9E345EC67ED->244f13ac-34be-4c4e-8e45-0c0272edbbb2: receive RaftClientReply:client-C9E345EC67ED->244f13ac-34be-4c4e-8e45-0c0272edbbb2@group-FE77C852EF02, cid=1022, SUCCESS, logIndex=1348, commits[244f13ac-34be-4c4e-8e45-0c0272edbbb2:c1348, 6287e41a-5356-4f55-84f2-270816d53e84:c1346, a2c18d3d-e79d-47c9-88fe-d8a1d195302b:c1346]
2019-08-23 11:31:28,798 | INFO  | DNAudit | user=null | ip=null | op=WRITE_CHUNK {blockData=conID: 3 locID: 102666068571587005 bcsId: 1344} | ret=SUCCESS |  
2019-08-23 11:31:28,798 | INFO  | DNAudit | user=null | ip=null | op=WRITE_CHUNK {blockData=conID: 3 locID: 102666068571587005 bcsId: 1344} | ret=SUCCESS |  
2019-08-23 11:31:28,800 | INFO  | DNAudit | user=null | ip=null | op=PUT_BLOCK {blockData=[blockId=conID: 3 locID: 102666068571587005 bcsId: 0,size=3145728]} | ret=SUCCESS |  
2019-08-23 11:31:28,800 | INFO  | DNAudit | user=null | ip=null | op=PUT_BLOCK {blockData=[blockId=conID: 3 locID: 102666068571587005 bcsId: 0,size=3145728]} | ret=SUCCESS |  
2019-08-23 11:31:28,804 | INFO  | DNAudit | user=null | ip=null | op=WRITE_CHUNK {blockData=conID: 3 locID: 102666068571587005 bcsId: 1348} | ret=SUCCESS |  
2019-08-23 11:31:28,806 | INFO  | DNAudit | user=null | ip=null | op=WRITE_CHUNK {blockData=conID: 3 locID: 102666068571587005 bcsId: 1348} | ret=SUCCESS |  
2019-08-23 11:31:28,806 | INFO  | DNAudit | user=null | ip=null | op=WRITE_CHUNK {blockData=conID: 3 locID: 102666068571587005 bcsId: 1348} | ret=SUCCESS |  
2019-08-23 11:31:28,814 | INFO  | DNAudit | user=null | ip=null | op=WRITE_CHUNK {blockData=conID: 3 locID: 102666068571587005 bcsId: 1348} | ret=SUCCESS |  
2019-08-23 11:31:28,815 | INFO  | DNAudit | user=null | ip=null | op=PUT_BLOCK {blockData=[blockId=conID: 3 locID: 102666068571587005 bcsId: 0,size=4194304]} | ret=SUCCESS |  
2019-08-23 11:31:28,815 [grpc-default-executor-1] INFO  client.GrpcClientProtocolClient (GrpcClientProtocolClient.java:onNext(255)) - client-C9E345EC67ED->244f13ac-34be-4c4e-8e45-0c0272edbbb2: receive RaftClientReply:client-C9E345EC67ED->244f13ac-34be-4c4e-8e45-0c0272edbbb2@group-FE77C852EF02, cid=1023, SUCCESS, logIndex=1351, commits[244f13ac-34be-4c4e-8e45-0c0272edbbb2:c1352, 6287e41a-5356-4f55-84f2-270816d53e84:c1350, a2c18d3d-e79d-47c9-88fe-d8a1d195302b:c1350]
2019-08-23 11:31:28,815 [grpc-default-executor-1] INFO  client.GrpcClientProtocolClient (GrpcClientProtocolClient.java:onNext(255)) - client-C9E345EC67ED->244f13ac-34be-4c4e-8e45-0c0272edbbb2: receive RaftClientReply:client-C9E345EC67ED->244f13ac-34be-4c4e-8e45-0c0272edbbb2@group-FE77C852EF02, cid=1024, SUCCESS, logIndex=1352, commits[244f13ac-34be-4c4e-8e45-0c0272edbbb2:c1352, 6287e41a-5356-4f55-84f2-270816d53e84:c1350, a2c18d3d-e79d-47c9-88fe-d8a1d195302b:c1350]
2019-08-23 11:31:28,825 | INFO  | DNAudit | user=null | ip=null | op=WRITE_CHUNK {blockData=conID: 3 locID: 102666068571587005 bcsId: 1348} | ret=SUCCESS |  
2019-08-23 11:31:28,825 | INFO  | DNAudit | user=null | ip=null | op=WRITE_CHUNK {blockData=conID: 3 locID: 102666068571587005 bcsId: 1348} | ret=SUCCESS |  
2019-08-23 11:31:28,829 | INFO  | DNAudit | user=null | ip=null | op=PUT_BLOCK {blockData=[blockId=conID: 3 locID: 102666068571587005 bcsId: 0,size=4194304]} | ret=SUCCESS |  
2019-08-23 11:31:28,830 | INFO  | DNAudit | user=null | ip=null | op=PUT_BLOCK {blockData=[blockId=conID: 3 locID: 102666068571587005 bcsId: 0,size=4194304]} | ret=SUCCESS |  
2019-08-23 11:31:28,831 [grpc-default-executor-4] INFO  client.GrpcClientProtocolClient (GrpcClientProtocolClient.java:onNext(255)) - client-C9E345EC67ED->244f13ac-34be-4c4e-8e45-0c0272edbbb2: receive RaftClientReply:client-C9E345EC67ED->244f13ac-34be-4c4e-8e45-0c0272edbbb2@group-FE77C852EF02, cid=1025, SUCCESS, logIndex=0, commits[244f13ac-34be-4c4e-8e45-0c0272edbbb2:c1354, 6287e41a-5356-4f55-84f2-270816d53e84:c1352, a2c18d3d-e79d-47c9-88fe-d8a1d195302b:c1352]
2019-08-23 11:31:28,839 | INFO  | DNAudit | user=null | ip=null | op=WRITE_CHUNK {blockData=conID: 1 locID: 102666068571587006 bcsId: 0} | ret=SUCCESS |  
2019-08-23 11:31:28,841 | INFO  | DNAudit | user=null | ip=null | op=WRITE_CHUNK {blockData=conID: 1 locID: 102666068571587006 bcsId: 0} | ret=SUCCESS |  
2019-08-23 11:31:28,841 | INFO  | DNAudit | user=null | ip=null | op=WRITE_CHUNK {blockData=conID: 1 locID: 102666068571587006 bcsId: 0} | ret=SUCCESS |  
2019-08-23 11:31:28,842 | INFO  | DNAudit | user=null | ip=null | op=WRITE_CHUNK {blockData=conID: 1 locID: 102666068571587006 bcsId: 0} | ret=SUCCESS |  
2019-08-23 11:31:28,844 | INFO  | DNAudit | user=null | ip=null | op=WRITE_CHUNK {blockData=conID: 1 locID: 102666068571587006 bcsId: 0} | ret=SUCCESS |  
2019-08-23 11:31:28,844 | INFO  | DNAudit | user=null | ip=null | op=WRITE_CHUNK {blockData=conID: 1 locID: 102666068571587006 bcsId: 0} | ret=SUCCESS |  
2019-08-23 11:31:28,856 | INFO  | DNAudit | user=null | ip=null | op=WRITE_CHUNK {blockData=conID: 1 locID: 102666068571587006 bcsId: 0} | ret=SUCCESS |  
2019-08-23 11:31:28,857 | INFO  | DNAudit | user=null | ip=null | op=PUT_BLOCK {blockData=[blockId=conID: 1 locID: 102666068571587006 bcsId: 0,size=1048576]} | ret=SUCCESS |  
2019-08-23 11:31:28,857 [grpc-default-executor-5] INFO  client.GrpcClientProtocolClient (GrpcClientProtocolClient.java:onNext(255)) - client-C9E345EC67ED->244f13ac-34be-4c4e-8e45-0c0272edbbb2: receive RaftClientReply:client-C9E345EC67ED->244f13ac-34be-4c4e-8e45-0c0272edbbb2@group-FE77C852EF02, cid=1026, SUCCESS, logIndex=1355, commits[244f13ac-34be-4c4e-8e45-0c0272edbbb2:c1356, 6287e41a-5356-4f55-84f2-270816d53e84:c1354, a2c18d3d-e79d-47c9-88fe-d8a1d195302b:c1354]
2019-08-23 11:31:28,857 | INFO  | DNAudit | user=null | ip=null | op=WRITE_CHUNK {blockData=conID: 1 locID: 102666068571587006 bcsId: 0} | ret=SUCCESS |  
2019-08-23 11:31:28,858 [grpc-default-executor-5] INFO  client.GrpcClientProtocolClient (GrpcClientProtocolClient.java:onNext(255)) - client-C9E345EC67ED->244f13ac-34be-4c4e-8e45-0c0272edbbb2: receive RaftClientReply:client-C9E345EC67ED->244f13ac-34be-4c4e-8e45-0c0272edbbb2@group-FE77C852EF02, cid=1027, SUCCESS, logIndex=1356, commits[244f13ac-34be-4c4e-8e45-0c0272edbbb2:c1356, 6287e41a-5356-4f55-84f2-270816d53e84:c1354, a2c18d3d-e79d-47c9-88fe-d8a1d195302b:c1354]
2019-08-23 11:31:28,858 | INFO  | DNAudit | user=null | ip=null | op=PUT_BLOCK {blockData=[blockId=conID: 1 locID: 102666068571587006 bcsId: 0,size=2097152]} | ret=SUCCESS |  
2019-08-23 11:31:28,858 [grpc-default-executor-5] INFO  client.GrpcClientProtocolClient (GrpcClientProtocolClient.java:onNext(255)) - client-C9E345EC67ED->244f13ac-34be-4c4e-8e45-0c0272edbbb2: receive RaftClientReply:client-C9E345EC67ED->244f13ac-34be-4c4e-8e45-0c0272edbbb2@group-FE77C852EF02, cid=1028, SUCCESS, logIndex=1357, commits[244f13ac-34be-4c4e-8e45-0c0272edbbb2:c1358, 6287e41a-5356-4f55-84f2-270816d53e84:c1354, a2c18d3d-e79d-47c9-88fe-d8a1d195302b:c1354]
2019-08-23 11:31:28,858 [grpc-default-executor-5] INFO  client.GrpcClientProtocolClient (GrpcClientProtocolClient.java:onNext(255)) - client-C9E345EC67ED->244f13ac-34be-4c4e-8e45-0c0272edbbb2: receive RaftClientReply:client-C9E345EC67ED->244f13ac-34be-4c4e-8e45-0c0272edbbb2@group-FE77C852EF02, cid=1029, SUCCESS, logIndex=1358, commits[244f13ac-34be-4c4e-8e45-0c0272edbbb2:c1358, 6287e41a-5356-4f55-84f2-270816d53e84:c1354, a2c18d3d-e79d-47c9-88fe-d8a1d195302b:c1354]
2019-08-23 11:31:28,870 | INFO  | DNAudit | user=null | ip=null | op=WRITE_CHUNK {blockData=conID: 1 locID: 102666068571587006 bcsId: 0} | ret=SUCCESS |  
2019-08-23 11:31:28,871 | INFO  | DNAudit | user=null | ip=null | op=PUT_BLOCK {blockData=[blockId=conID: 1 locID: 102666068571587006 bcsId: 0,size=1048576]} | ret=SUCCESS |  
2019-08-23 11:31:28,871 | INFO  | DNAudit | user=null | ip=null | op=WRITE_CHUNK {blockData=conID: 1 locID: 102666068571587006 bcsId: 0} | ret=SUCCESS |  
2019-08-23 11:31:28,871 | INFO  | DNAudit | user=null | ip=null | op=PUT_BLOCK {blockData=[blockId=conID: 1 locID: 102666068571587006 bcsId: 0,size=1048576]} | ret=SUCCESS |  
2019-08-23 11:31:28,871 | INFO  | DNAudit | user=null | ip=null | op=WRITE_CHUNK {blockData=conID: 1 locID: 102666068571587006 bcsId: 0} | ret=SUCCESS |  
2019-08-23 11:31:28,871 | INFO  | DNAudit | user=null | ip=null | op=WRITE_CHUNK {blockData=conID: 1 locID: 102666068571587006 bcsId: 0} | ret=SUCCESS |  
2019-08-23 11:31:28,871 | INFO  | DNAudit | user=null | ip=null | op=PUT_BLOCK {blockData=[blockId=conID: 1 locID: 102666068571587006 bcsId: 0,size=2097152]} | ret=SUCCESS |  
2019-08-23 11:31:28,871 | INFO  | DNAudit | user=null | ip=null | op=PUT_BLOCK {blockData=[blockId=conID: 1 locID: 102666068571587006 bcsId: 0,size=2097152]} | ret=SUCCESS |  
2019-08-23 11:31:28,872 [grpc-default-executor-5] INFO  client.GrpcClientProtocolClient (GrpcClientProtocolClient.java:onNext(255)) - client-C9E345EC67ED->244f13ac-34be-4c4e-8e45-0c0272edbbb2: receive RaftClientReply:client-C9E345EC67ED->244f13ac-34be-4c4e-8e45-0c0272edbbb2@group-FE77C852EF02, cid=1030, SUCCESS, logIndex=0, commits[244f13ac-34be-4c4e-8e45-0c0272edbbb2:c1360, 6287e41a-5356-4f55-84f2-270816d53e84:c1356, a2c18d3d-e79d-47c9-88fe-d8a1d195302b:c1356]
2019-08-23 11:31:28,878 | INFO  | DNAudit | user=null | ip=null | op=WRITE_CHUNK {blockData=conID: 1 locID: 102666068571587006 bcsId: 1358} | ret=SUCCESS |  
2019-08-23 11:31:28,880 | INFO  | DNAudit | user=null | ip=null | op=WRITE_CHUNK {blockData=conID: 1 locID: 102666068571587006 bcsId: 1358} | ret=SUCCESS |  
2019-08-23 11:31:28,886 | INFO  | DNAudit | user=null | ip=null | op=WRITE_CHUNK {blockData=conID: 1 locID: 102666068571587006 bcsId: 1358} | ret=SUCCESS |  
2019-08-23 11:31:28,888 | INFO  | DNAudit | user=null | ip=null | op=WRITE_CHUNK {blockData=conID: 1 locID: 102666068571587006 bcsId: 1358} | ret=SUCCESS |  
2019-08-23 11:31:28,888 | INFO  | DNAudit | user=null | ip=null | op=PUT_BLOCK {blockData=[blockId=conID: 1 locID: 102666068571587006 bcsId: 0,size=3145728]} | ret=SUCCESS |  
2019-08-23 11:31:28,888 [grpc-default-executor-4] INFO  client.GrpcClientProtocolClient (GrpcClientProtocolClient.java:onNext(255)) - client-C9E345EC67ED->244f13ac-34be-4c4e-8e45-0c0272edbbb2: receive RaftClientReply:client-C9E345EC67ED->244f13ac-34be-4c4e-8e45-0c0272edbbb2@group-FE77C852EF02, cid=1031, SUCCESS, logIndex=1363, commits[244f13ac-34be-4c4e-8e45-0c0272edbbb2:c1364, 6287e41a-5356-4f55-84f2-270816d53e84:c1358, a2c18d3d-e79d-47c9-88fe-d8a1d195302b:c1362]
2019-08-23 11:31:28,889 [grpc-default-executor-4] INFO  client.GrpcClientProtocolClient (GrpcClientProtocolClient.java:onNext(255)) - client-C9E345EC67ED->244f13ac-34be-4c4e-8e45-0c0272edbbb2: receive RaftClientReply:client-C9E345EC67ED->244f13ac-34be-4c4e-8e45-0c0272edbbb2@group-FE77C852EF02, cid=1032, SUCCESS, logIndex=1364, commits[244f13ac-34be-4c4e-8e45-0c0272edbbb2:c1364, 6287e41a-5356-4f55-84f2-270816d53e84:c1362, a2c18d3d-e79d-47c9-88fe-d8a1d195302b:c1362]
2019-08-23 11:31:28,891 | INFO  | DNAudit | user=null | ip=null | op=WRITE_CHUNK {blockData=conID: 1 locID: 102666068571587006 bcsId: 1358} | ret=SUCCESS |  
2019-08-23 11:31:28,891 | INFO  | DNAudit | user=null | ip=null | op=WRITE_CHUNK {blockData=conID: 1 locID: 102666068571587006 bcsId: 1358} | ret=SUCCESS |  
2019-08-23 11:31:28,892 | INFO  | DNAudit | user=null | ip=null | op=PUT_BLOCK {blockData=[blockId=conID: 1 locID: 102666068571587006 bcsId: 0,size=3145728]} | ret=SUCCESS |  
2019-08-23 11:31:28,892 | INFO  | DNAudit | user=null | ip=null | op=PUT_BLOCK {blockData=[blockId=conID: 1 locID: 102666068571587006 bcsId: 0,size=3145728]} | ret=SUCCESS |  
2019-08-23 11:31:28,898 | INFO  | DNAudit | user=null | ip=null | op=WRITE_CHUNK {blockData=conID: 1 locID: 102666068571587006 bcsId: 1364} | ret=SUCCESS |  
2019-08-23 11:31:28,901 | INFO  | DNAudit | user=null | ip=null | op=WRITE_CHUNK {blockData=conID: 1 locID: 102666068571587006 bcsId: 1364} | ret=SUCCESS |  
2019-08-23 11:31:28,901 | INFO  | DNAudit | user=null | ip=null | op=WRITE_CHUNK {blockData=conID: 1 locID: 102666068571587006 bcsId: 1364} | ret=SUCCESS |  
2019-08-23 11:31:28,904 | INFO  | DNAudit | user=null | ip=null | op=WRITE_CHUNK {blockData=conID: 1 locID: 102666068571587006 bcsId: 1364} | ret=SUCCESS |  
2019-08-23 11:31:28,904 | INFO  | DNAudit | user=null | ip=null | op=PUT_BLOCK {blockData=[blockId=conID: 1 locID: 102666068571587006 bcsId: 0,size=4194304]} | ret=SUCCESS |  
2019-08-23 11:31:28,905 [grpc-default-executor-5] INFO  client.GrpcClientProtocolClient (GrpcClientProtocolClient.java:onNext(255)) - client-C9E345EC67ED->244f13ac-34be-4c4e-8e45-0c0272edbbb2: receive RaftClientReply:client-C9E345EC67ED->244f13ac-34be-4c4e-8e45-0c0272edbbb2@group-FE77C852EF02, cid=1033, SUCCESS, logIndex=1367, commits[244f13ac-34be-4c4e-8e45-0c0272edbbb2:c1368, 6287e41a-5356-4f55-84f2-270816d53e84:c1365, a2c18d3d-e79d-47c9-88fe-d8a1d195302b:c1364]
2019-08-23 11:31:28,905 | INFO  | DNAudit | user=null | ip=null | op=WRITE_CHUNK {blockData=conID: 1 locID: 102666068571587006 bcsId: 1364} | ret=SUCCESS |  
2019-08-23 11:31:28,905 [grpc-default-executor-5] INFO  client.GrpcClientProtocolClient (GrpcClientProtocolClient.java:onNext(255)) - client-C9E345EC67ED->244f13ac-34be-4c4e-8e45-0c0272edbbb2: receive RaftClientReply:client-C9E345EC67ED->244f13ac-34be-4c4e-8e45-0c0272edbbb2@group-FE77C852EF02, cid=1034, SUCCESS, logIndex=1368, commits[244f13ac-34be-4c4e-8e45-0c0272edbbb2:c1368, 6287e41a-5356-4f55-84f2-270816d53e84:c1365, a2c18d3d-e79d-47c9-88fe-d8a1d195302b:c1365]
2019-08-23 11:31:28,905 | INFO  | DNAudit | user=null | ip=null | op=PUT_BLOCK {blockData=[blockId=conID: 1 locID: 102666068571587006 bcsId: 0,size=4194304]} | ret=SUCCESS |  
2019-08-23 11:31:28,914 | INFO  | DNAudit | user=null | ip=null | op=WRITE_CHUNK {blockData=conID: 1 locID: 102666068571587006 bcsId: 1364} | ret=SUCCESS |  
2019-08-23 11:31:28,914 | INFO  | DNAudit | user=null | ip=null | op=PUT_BLOCK {blockData=[blockId=conID: 1 locID: 102666068571587006 bcsId: 0,size=4194304]} | ret=SUCCESS |  
2019-08-23 11:31:28,915 [grpc-default-executor-5] INFO  client.GrpcClientProtocolClient (GrpcClientProtocolClient.java:onNext(255)) - client-C9E345EC67ED->244f13ac-34be-4c4e-8e45-0c0272edbbb2: receive RaftClientReply:client-C9E345EC67ED->244f13ac-34be-4c4e-8e45-0c0272edbbb2@group-FE77C852EF02, cid=1035, SUCCESS, logIndex=0, commits[244f13ac-34be-4c4e-8e45-0c0272edbbb2:c1369, 6287e41a-5356-4f55-84f2-270816d53e84:c1368, a2c18d3d-e79d-47c9-88fe-d8a1d195302b:c1368]
2019-08-23 11:31:28,923 | INFO  | DNAudit | user=null | ip=null | op=WRITE_CHUNK {blockData=conID: 2 locID: 102666068571587007 bcsId: 0} | ret=SUCCESS |  
2019-08-23 11:31:28,927 | INFO  | DNAudit | user=null | ip=null | op=WRITE_CHUNK {blockData=conID: 2 locID: 102666068571587007 bcsId: 0} | ret=SUCCESS |  
2019-08-23 11:31:28,927 | INFO  | DNAudit | user=null | ip=null | op=WRITE_CHUNK {blockData=conID: 2 locID: 102666068571587007 bcsId: 0} | ret=SUCCESS |  
2019-08-23 11:31:28,928 | INFO  | DNAudit | user=null | ip=null | op=WRITE_CHUNK {blockData=conID: 2 locID: 102666068571587007 bcsId: 0} | ret=SUCCESS |  
2019-08-23 11:31:28,931 | INFO  | DNAudit | user=null | ip=null | op=WRITE_CHUNK {blockData=conID: 2 locID: 102666068571587007 bcsId: 0} | ret=SUCCESS |  
2019-08-23 11:31:28,931 | INFO  | DNAudit | user=null | ip=null | op=WRITE_CHUNK {blockData=conID: 2 locID: 102666068571587007 bcsId: 0} | ret=SUCCESS |  
2019-08-23 11:31:28,940 | INFO  | DNAudit | user=null | ip=null | op=WRITE_CHUNK {blockData=conID: 2 locID: 102666068571587007 bcsId: 0} | ret=SUCCESS |  
2019-08-23 11:31:28,940 | INFO  | DNAudit | user=null | ip=null | op=PUT_BLOCK {blockData=[blockId=conID: 2 locID: 102666068571587007 bcsId: 0,size=1048576]} | ret=SUCCESS |  
2019-08-23 11:31:28,941 | INFO  | DNAudit | user=null | ip=null | op=WRITE_CHUNK {blockData=conID: 2 locID: 102666068571587007 bcsId: 0} | ret=SUCCESS |  
2019-08-23 11:31:28,941 [grpc-default-executor-1] INFO  client.GrpcClientProtocolClient (GrpcClientProtocolClient.java:onNext(255)) - client-C9E345EC67ED->244f13ac-34be-4c4e-8e45-0c0272edbbb2: receive RaftClientReply:client-C9E345EC67ED->244f13ac-34be-4c4e-8e45-0c0272edbbb2@group-FE77C852EF02, cid=1036, SUCCESS, logIndex=1371, commits[244f13ac-34be-4c4e-8e45-0c0272edbbb2:c1372, 6287e41a-5356-4f55-84f2-270816d53e84:c1369, a2c18d3d-e79d-47c9-88fe-d8a1d195302b:c1369]
2019-08-23 11:31:28,941 | INFO  | DNAudit | user=null | ip=null | op=PUT_BLOCK {blockData=[blockId=conID: 2 locID: 102666068571587007 bcsId: 0,size=2097152]} | ret=SUCCESS |  
2019-08-23 11:31:28,941 [grpc-default-executor-1] INFO  client.GrpcClientProtocolClient (GrpcClientProtocolClient.java:onNext(255)) - client-C9E345EC67ED->244f13ac-34be-4c4e-8e45-0c0272edbbb2: receive RaftClientReply:client-C9E345EC67ED->244f13ac-34be-4c4e-8e45-0c0272edbbb2@group-FE77C852EF02, cid=1037, SUCCESS, logIndex=1372, commits[244f13ac-34be-4c4e-8e45-0c0272edbbb2:c1374, 6287e41a-5356-4f55-84f2-270816d53e84:c1370, a2c18d3d-e79d-47c9-88fe-d8a1d195302b:c1370]
2019-08-23 11:31:28,941 [grpc-default-executor-1] INFO  client.GrpcClientProtocolClient (GrpcClientProtocolClient.java:onNext(255)) - client-C9E345EC67ED->244f13ac-34be-4c4e-8e45-0c0272edbbb2: receive RaftClientReply:client-C9E345EC67ED->244f13ac-34be-4c4e-8e45-0c0272edbbb2@group-FE77C852EF02, cid=1038, SUCCESS, logIndex=1373, commits[244f13ac-34be-4c4e-8e45-0c0272edbbb2:c1374, 6287e41a-5356-4f55-84f2-270816d53e84:c1370, a2c18d3d-e79d-47c9-88fe-d8a1d195302b:c1370]
2019-08-23 11:31:28,942 [grpc-default-executor-1] INFO  client.GrpcClientProtocolClient (GrpcClientProtocolClient.java:onNext(255)) - client-C9E345EC67ED->244f13ac-34be-4c4e-8e45-0c0272edbbb2: receive RaftClientReply:client-C9E345EC67ED->244f13ac-34be-4c4e-8e45-0c0272edbbb2@group-FE77C852EF02, cid=1039, SUCCESS, logIndex=1374, commits[244f13ac-34be-4c4e-8e45-0c0272edbbb2:c1374, 6287e41a-5356-4f55-84f2-270816d53e84:c1370, a2c18d3d-e79d-47c9-88fe-d8a1d195302b:c1370]
2019-08-23 11:31:28,943 | INFO  | DNAudit | user=null | ip=null | op=WRITE_CHUNK {blockData=conID: 2 locID: 102666068571587007 bcsId: 0} | ret=SUCCESS |  
2019-08-23 11:31:28,943 | INFO  | DNAudit | user=null | ip=null | op=WRITE_CHUNK {blockData=conID: 2 locID: 102666068571587007 bcsId: 0} | ret=SUCCESS |  
2019-08-23 11:31:28,943 | INFO  | DNAudit | user=null | ip=null | op=PUT_BLOCK {blockData=[blockId=conID: 2 locID: 102666068571587007 bcsId: 0,size=1048576]} | ret=SUCCESS |  
2019-08-23 11:31:28,954 | INFO  | DNAudit | user=null | ip=null | op=PUT_BLOCK {blockData=[blockId=conID: 2 locID: 102666068571587007 bcsId: 0,size=1048576]} | ret=SUCCESS |  
2019-08-23 11:31:28,954 | INFO  | DNAudit | user=null | ip=null | op=WRITE_CHUNK {blockData=conID: 2 locID: 102666068571587007 bcsId: 0} | ret=SUCCESS |  
2019-08-23 11:31:28,954 | INFO  | DNAudit | user=null | ip=null | op=WRITE_CHUNK {blockData=conID: 2 locID: 102666068571587007 bcsId: 0} | ret=SUCCESS |  
2019-08-23 11:31:28,954 | INFO  | DNAudit | user=null | ip=null | op=PUT_BLOCK {blockData=[blockId=conID: 2 locID: 102666068571587007 bcsId: 0,size=2097152]} | ret=SUCCESS |  
2019-08-23 11:31:28,955 | INFO  | DNAudit | user=null | ip=null | op=PUT_BLOCK {blockData=[blockId=conID: 2 locID: 102666068571587007 bcsId: 0,size=2097152]} | ret=SUCCESS |  
2019-08-23 11:31:28,955 [grpc-default-executor-1] INFO  client.GrpcClientProtocolClient (GrpcClientProtocolClient.java:onNext(255)) - client-C9E345EC67ED->244f13ac-34be-4c4e-8e45-0c0272edbbb2: receive RaftClientReply:client-C9E345EC67ED->244f13ac-34be-4c4e-8e45-0c0272edbbb2@group-FE77C852EF02, cid=1040, SUCCESS, logIndex=0, commits[244f13ac-34be-4c4e-8e45-0c0272edbbb2:c1376, 6287e41a-5356-4f55-84f2-270816d53e84:c1372, a2c18d3d-e79d-47c9-88fe-d8a1d195302b:c1372]
2019-08-23 11:31:28,962 | INFO  | DNAudit | user=null | ip=null | op=WRITE_CHUNK {blockData=conID: 2 locID: 102666068571587007 bcsId: 1374} | ret=SUCCESS |  
2019-08-23 11:31:28,964 | INFO  | DNAudit | user=null | ip=null | op=WRITE_CHUNK {blockData=conID: 2 locID: 102666068571587007 bcsId: 1374} | ret=SUCCESS |  
2019-08-23 11:31:28,964 | INFO  | DNAudit | user=null | ip=null | op=WRITE_CHUNK {blockData=conID: 2 locID: 102666068571587007 bcsId: 1374} | ret=SUCCESS |  
2019-08-23 11:31:28,974 | INFO  | DNAudit | user=null | ip=null | op=WRITE_CHUNK {blockData=conID: 2 locID: 102666068571587007 bcsId: 1374} | ret=SUCCESS |  
2019-08-23 11:31:28,975 | INFO  | DNAudit | user=null | ip=null | op=PUT_BLOCK {blockData=[blockId=conID: 2 locID: 102666068571587007 bcsId: 0,size=3145728]} | ret=SUCCESS |  
2019-08-23 11:31:28,975 [grpc-default-executor-5] INFO  client.GrpcClientProtocolClient (GrpcClientProtocolClient.java:onNext(255)) - client-C9E345EC67ED->244f13ac-34be-4c4e-8e45-0c0272edbbb2: receive RaftClientReply:client-C9E345EC67ED->244f13ac-34be-4c4e-8e45-0c0272edbbb2@group-FE77C852EF02, cid=1041, SUCCESS, logIndex=1379, commits[244f13ac-34be-4c4e-8e45-0c0272edbbb2:c1380, 6287e41a-5356-4f55-84f2-270816d53e84:c1378, a2c18d3d-e79d-47c9-88fe-d8a1d195302b:c1378]
2019-08-23 11:31:28,976 [grpc-default-executor-5] INFO  client.GrpcClientProtocolClient (GrpcClientProtocolClient.java:onNext(255)) - client-C9E345EC67ED->244f13ac-34be-4c4e-8e45-0c0272edbbb2: receive RaftClientReply:client-C9E345EC67ED->244f13ac-34be-4c4e-8e45-0c0272edbbb2@group-FE77C852EF02, cid=1042, SUCCESS, logIndex=1380, commits[244f13ac-34be-4c4e-8e45-0c0272edbbb2:c1380, 6287e41a-5356-4f55-84f2-270816d53e84:c1378, a2c18d3d-e79d-47c9-88fe-d8a1d195302b:c1378]
2019-08-23 11:31:28,983 | INFO  | DNAudit | user=null | ip=null | op=WRITE_CHUNK {blockData=conID: 2 locID: 102666068571587007 bcsId: 1380} | ret=SUCCESS |  
2019-08-23 11:31:28,985 | INFO  | DNAudit | user=null | ip=null | op=WRITE_CHUNK {blockData=conID: 2 locID: 102666068571587007 bcsId: 1380} | ret=SUCCESS |  
2019-08-23 11:31:28,986 | INFO  | DNAudit | user=null | ip=null | op=WRITE_CHUNK {blockData=conID: 2 locID: 102666068571587007 bcsId: 1380} | ret=SUCCESS |  
2019-08-23 11:31:28,986 | INFO  | DNAudit | user=null | ip=null | op=WRITE_CHUNK {blockData=conID: 2 locID: 102666068571587007 bcsId: 1374} | ret=SUCCESS |  
2019-08-23 11:31:28,986 | INFO  | DNAudit | user=null | ip=null | op=WRITE_CHUNK {blockData=conID: 2 locID: 102666068571587007 bcsId: 1374} | ret=SUCCESS |  
2019-08-23 11:31:28,987 | INFO  | DNAudit | user=null | ip=null | op=PUT_BLOCK {blockData=[blockId=conID: 2 locID: 102666068571587007 bcsId: 0,size=3145728]} | ret=SUCCESS |  
2019-08-23 11:31:28,987 | INFO  | DNAudit | user=null | ip=null | op=WRITE_CHUNK {blockData=conID: 2 locID: 102666068571587007 bcsId: 1380} | ret=SUCCESS |  
2019-08-23 11:31:28,988 | INFO  | DNAudit | user=null | ip=null | op=PUT_BLOCK {blockData=[blockId=conID: 2 locID: 102666068571587007 bcsId: 0,size=3145728]} | ret=SUCCESS |  
2019-08-23 11:31:28,988 | INFO  | DNAudit | user=null | ip=null | op=PUT_BLOCK {blockData=[blockId=conID: 2 locID: 102666068571587007 bcsId: 0,size=4194304]} | ret=SUCCESS |  
2019-08-23 11:31:28,988 [grpc-default-executor-1] INFO  client.GrpcClientProtocolClient (GrpcClientProtocolClient.java:onNext(255)) - client-C9E345EC67ED->244f13ac-34be-4c4e-8e45-0c0272edbbb2: receive RaftClientReply:client-C9E345EC67ED->244f13ac-34be-4c4e-8e45-0c0272edbbb2@group-FE77C852EF02, cid=1043, SUCCESS, logIndex=1383, commits[244f13ac-34be-4c4e-8e45-0c0272edbbb2:c1384, 6287e41a-5356-4f55-84f2-270816d53e84:c1379, a2c18d3d-e79d-47c9-88fe-d8a1d195302b:c1380]
2019-08-23 11:31:28,988 [grpc-default-executor-1] INFO  client.GrpcClientProtocolClient (GrpcClientProtocolClient.java:onNext(255)) - client-C9E345EC67ED->244f13ac-34be-4c4e-8e45-0c0272edbbb2: receive RaftClientReply:client-C9E345EC67ED->244f13ac-34be-4c4e-8e45-0c0272edbbb2@group-FE77C852EF02, cid=1044, SUCCESS, logIndex=1384, commits[244f13ac-34be-4c4e-8e45-0c0272edbbb2:c1384, 6287e41a-5356-4f55-84f2-270816d53e84:c1380, a2c18d3d-e79d-47c9-88fe-d8a1d195302b:c1380]
2019-08-23 11:31:28,989 | INFO  | DNAudit | user=null | ip=null | op=WRITE_CHUNK {blockData=conID: 2 locID: 102666068571587007 bcsId: 1380} | ret=SUCCESS |  
2019-08-23 11:31:28,989 | INFO  | DNAudit | user=null | ip=null | op=PUT_BLOCK {blockData=[blockId=conID: 2 locID: 102666068571587007 bcsId: 0,size=4194304]} | ret=SUCCESS |  
2019-08-23 11:31:28,991 | INFO  | DNAudit | user=null | ip=null | op=WRITE_CHUNK {blockData=conID: 2 locID: 102666068571587007 bcsId: 1380} | ret=SUCCESS |  
2019-08-23 11:31:28,991 | INFO  | DNAudit | user=null | ip=null | op=PUT_BLOCK {blockData=[blockId=conID: 2 locID: 102666068571587007 bcsId: 0,size=4194304]} | ret=SUCCESS |  
2019-08-23 11:31:28,991 [grpc-default-executor-4] INFO  client.GrpcClientProtocolClient (GrpcClientProtocolClient.java:onNext(255)) - client-C9E345EC67ED->244f13ac-34be-4c4e-8e45-0c0272edbbb2: receive RaftClientReply:client-C9E345EC67ED->244f13ac-34be-4c4e-8e45-0c0272edbbb2@group-FE77C852EF02, cid=1045, SUCCESS, logIndex=0, commits[244f13ac-34be-4c4e-8e45-0c0272edbbb2:c1385, 6287e41a-5356-4f55-84f2-270816d53e84:c1384, a2c18d3d-e79d-47c9-88fe-d8a1d195302b:c1384]
2019-08-23 11:31:28,998 | INFO  | DNAudit | user=null | ip=null | op=WRITE_CHUNK {blockData=conID: 3 locID: 102666068571587008 bcsId: 0} | ret=SUCCESS |  
2019-08-23 11:31:29,001 | INFO  | DNAudit | user=null | ip=null | op=WRITE_CHUNK {blockData=conID: 3 locID: 102666068571587008 bcsId: 0} | ret=SUCCESS |  
2019-08-23 11:31:29,001 | INFO  | DNAudit | user=null | ip=null | op=WRITE_CHUNK {blockData=conID: 3 locID: 102666068571587008 bcsId: 0} | ret=SUCCESS |  
2019-08-23 11:31:29,001 | INFO  | DNAudit | user=null | ip=null | op=WRITE_CHUNK {blockData=conID: 3 locID: 102666068571587008 bcsId: 0} | ret=SUCCESS |  
2019-08-23 11:31:29,003 | INFO  | DNAudit | user=null | ip=null | op=WRITE_CHUNK {blockData=conID: 3 locID: 102666068571587008 bcsId: 0} | ret=SUCCESS |  
2019-08-23 11:31:29,003 | INFO  | DNAudit | user=null | ip=null | op=WRITE_CHUNK {blockData=conID: 3 locID: 102666068571587008 bcsId: 0} | ret=SUCCESS |  
2019-08-23 11:31:29,004 | INFO  | DNAudit | user=null | ip=null | op=WRITE_CHUNK {blockData=conID: 3 locID: 102666068571587008 bcsId: 0} | ret=SUCCESS |  
2019-08-23 11:31:29,005 | INFO  | DNAudit | user=null | ip=null | op=PUT_BLOCK {blockData=[blockId=conID: 3 locID: 102666068571587008 bcsId: 0,size=1048576]} | ret=SUCCESS |  
2019-08-23 11:31:29,005 [grpc-default-executor-1] INFO  client.GrpcClientProtocolClient (GrpcClientProtocolClient.java:onNext(255)) - client-C9E345EC67ED->244f13ac-34be-4c4e-8e45-0c0272edbbb2: receive RaftClientReply:client-C9E345EC67ED->244f13ac-34be-4c4e-8e45-0c0272edbbb2@group-FE77C852EF02, cid=1046, SUCCESS, logIndex=1387, commits[244f13ac-34be-4c4e-8e45-0c0272edbbb2:c1390, 6287e41a-5356-4f55-84f2-270816d53e84:c1384, a2c18d3d-e79d-47c9-88fe-d8a1d195302b:c1385]
2019-08-23 11:31:29,005 | INFO  | DNAudit | user=null | ip=null | op=WRITE_CHUNK {blockData=conID: 3 locID: 102666068571587008 bcsId: 0} | ret=SUCCESS |  
2019-08-23 11:31:29,006 | INFO  | DNAudit | user=null | ip=null | op=WRITE_CHUNK {blockData=conID: 3 locID: 102666068571587008 bcsId: 0} | ret=SUCCESS |  
2019-08-23 11:31:29,006 [grpc-default-executor-1] INFO  client.GrpcClientProtocolClient (GrpcClientProtocolClient.java:onNext(255)) - client-C9E345EC67ED->244f13ac-34be-4c4e-8e45-0c0272edbbb2: receive RaftClientReply:client-C9E345EC67ED->244f13ac-34be-4c4e-8e45-0c0272edbbb2@group-FE77C852EF02, cid=1047, SUCCESS, logIndex=1388, commits[244f13ac-34be-4c4e-8e45-0c0272edbbb2:c1390, 6287e41a-5356-4f55-84f2-270816d53e84:c1385, a2c18d3d-e79d-47c9-88fe-d8a1d195302b:c1385]
2019-08-23 11:31:29,006 | INFO  | DNAudit | user=null | ip=null | op=PUT_BLOCK {blockData=[blockId=conID: 3 locID: 102666068571587008 bcsId: 0,size=2097152]} | ret=SUCCESS |  
2019-08-23 11:31:29,006 [grpc-default-executor-1] INFO  client.GrpcClientProtocolClient (GrpcClientProtocolClient.java:onNext(255)) - client-C9E345EC67ED->244f13ac-34be-4c4e-8e45-0c0272edbbb2: receive RaftClientReply:client-C9E345EC67ED->244f13ac-34be-4c4e-8e45-0c0272edbbb2@group-FE77C852EF02, cid=1048, SUCCESS, logIndex=1389, commits[244f13ac-34be-4c4e-8e45-0c0272edbbb2:c1390, 6287e41a-5356-4f55-84f2-270816d53e84:c1385, a2c18d3d-e79d-47c9-88fe-d8a1d195302b:c1385]
2019-08-23 11:31:29,006 [grpc-default-executor-1] INFO  client.GrpcClientProtocolClient (GrpcClientProtocolClient.java:onNext(255)) - client-C9E345EC67ED->244f13ac-34be-4c4e-8e45-0c0272edbbb2: receive RaftClientReply:client-C9E345EC67ED->244f13ac-34be-4c4e-8e45-0c0272edbbb2@group-FE77C852EF02, cid=1049, SUCCESS, logIndex=1390, commits[244f13ac-34be-4c4e-8e45-0c0272edbbb2:c1391, 6287e41a-5356-4f55-84f2-270816d53e84:c1385, a2c18d3d-e79d-47c9-88fe-d8a1d195302b:c1387]
2019-08-23 11:31:29,008 | INFO  | DNAudit | user=null | ip=null | op=WRITE_CHUNK {blockData=conID: 3 locID: 102666068571587008 bcsId: 0} | ret=SUCCESS |  
2019-08-23 11:31:29,008 | INFO  | DNAudit | user=null | ip=null | op=PUT_BLOCK {blockData=[blockId=conID: 3 locID: 102666068571587008 bcsId: 0,size=1048576]} | ret=SUCCESS |  
2019-08-23 11:31:29,008 | INFO  | DNAudit | user=null | ip=null | op=WRITE_CHUNK {blockData=conID: 3 locID: 102666068571587008 bcsId: 0} | ret=SUCCESS |  
2019-08-23 11:31:29,009 | INFO  | DNAudit | user=null | ip=null | op=PUT_BLOCK {blockData=[blockId=conID: 3 locID: 102666068571587008 bcsId: 0,size=2097152]} | ret=SUCCESS |  
2019-08-23 11:31:29,019 | INFO  | DNAudit | user=null | ip=null | op=PUT_BLOCK {blockData=[blockId=conID: 3 locID: 102666068571587008 bcsId: 0,size=1048576]} | ret=SUCCESS |  
2019-08-23 11:31:29,019 | INFO  | DNAudit | user=null | ip=null | op=WRITE_CHUNK {blockData=conID: 3 locID: 102666068571587008 bcsId: 0} | ret=SUCCESS |  
2019-08-23 11:31:29,019 | INFO  | DNAudit | user=null | ip=null | op=PUT_BLOCK {blockData=[blockId=conID: 3 locID: 102666068571587008 bcsId: 0,size=2097152]} | ret=SUCCESS |  
2019-08-23 11:31:29,019 [grpc-default-executor-1] INFO  client.GrpcClientProtocolClient (GrpcClientProtocolClient.java:onNext(255)) - client-C9E345EC67ED->244f13ac-34be-4c4e-8e45-0c0272edbbb2: receive RaftClientReply:client-C9E345EC67ED->244f13ac-34be-4c4e-8e45-0c0272edbbb2@group-FE77C852EF02, cid=1050, SUCCESS, logIndex=0, commits[244f13ac-34be-4c4e-8e45-0c0272edbbb2:c1394, 6287e41a-5356-4f55-84f2-270816d53e84:c1390, a2c18d3d-e79d-47c9-88fe-d8a1d195302b:c1388]
2019-08-23 11:31:29,035 | INFO  | DNAudit | user=null | ip=null | op=WRITE_CHUNK {blockData=conID: 3 locID: 102666068571587008 bcsId: 1390} | ret=SUCCESS |  
2019-08-23 11:31:29,038 | INFO  | DNAudit | user=null | ip=null | op=WRITE_CHUNK {blockData=conID: 3 locID: 102666068571587008 bcsId: 1390} | ret=SUCCESS |  
2019-08-23 11:31:29,039 | INFO  | DNAudit | user=null | ip=null | op=WRITE_CHUNK {blockData=conID: 3 locID: 102666068571587008 bcsId: 1390} | ret=SUCCESS |  
2019-08-23 11:31:29,049 | INFO  | DNAudit | user=null | ip=null | op=WRITE_CHUNK {blockData=conID: 3 locID: 102666068571587008 bcsId: 1390} | ret=SUCCESS |  
2019-08-23 11:31:29,049 | INFO  | DNAudit | user=null | ip=null | op=PUT_BLOCK {blockData=[blockId=conID: 3 locID: 102666068571587008 bcsId: 0,size=3145728]} | ret=SUCCESS |  
2019-08-23 11:31:29,050 [grpc-default-executor-2] INFO  client.GrpcClientProtocolClient (GrpcClientProtocolClient.java:onNext(255)) - client-C9E345EC67ED->244f13ac-34be-4c4e-8e45-0c0272edbbb2: receive RaftClientReply:client-C9E345EC67ED->244f13ac-34be-4c4e-8e45-0c0272edbbb2@group-FE77C852EF02, cid=1051, SUCCESS, logIndex=1395, commits[244f13ac-34be-4c4e-8e45-0c0272edbbb2:c1396, 6287e41a-5356-4f55-84f2-270816d53e84:c1394, a2c18d3d-e79d-47c9-88fe-d8a1d195302b:c1390]
2019-08-23 11:31:29,050 [grpc-default-executor-2] INFO  client.GrpcClientProtocolClient (GrpcClientProtocolClient.java:onNext(255)) - client-C9E345EC67ED->244f13ac-34be-4c4e-8e45-0c0272edbbb2: receive RaftClientReply:client-C9E345EC67ED->244f13ac-34be-4c4e-8e45-0c0272edbbb2@group-FE77C852EF02, cid=1052, SUCCESS, logIndex=1396, commits[244f13ac-34be-4c4e-8e45-0c0272edbbb2:c1396, 6287e41a-5356-4f55-84f2-270816d53e84:c1394, a2c18d3d-e79d-47c9-88fe-d8a1d195302b:c1394]
2019-08-23 11:31:29,058 | INFO  | DNAudit | user=null | ip=null | op=WRITE_CHUNK {blockData=conID: 3 locID: 102666068571587008 bcsId: 1396} | ret=SUCCESS |  
2019-08-23 11:31:29,059 | INFO  | DNAudit | user=null | ip=null | op=WRITE_CHUNK {blockData=conID: 3 locID: 102666068571587008 bcsId: 1390} | ret=SUCCESS |  
2019-08-23 11:31:29,059 | INFO  | DNAudit | user=null | ip=null | op=WRITE_CHUNK {blockData=conID: 3 locID: 102666068571587008 bcsId: 1390} | ret=SUCCESS |  
2019-08-23 11:31:29,059 | INFO  | DNAudit | user=null | ip=null | op=PUT_BLOCK {blockData=[blockId=conID: 3 locID: 102666068571587008 bcsId: 0,size=3145728]} | ret=SUCCESS |  
2019-08-23 11:31:29,059 | INFO  | DNAudit | user=null | ip=null | op=PUT_BLOCK {blockData=[blockId=conID: 3 locID: 102666068571587008 bcsId: 0,size=3145728]} | ret=SUCCESS |  
2019-08-23 11:31:29,062 | INFO  | DNAudit | user=null | ip=null | op=WRITE_CHUNK {blockData=conID: 3 locID: 102666068571587008 bcsId: 1396} | ret=SUCCESS |  
2019-08-23 11:31:29,062 | INFO  | DNAudit | user=null | ip=null | op=WRITE_CHUNK {blockData=conID: 3 locID: 102666068571587008 bcsId: 1396} | ret=SUCCESS |  
2019-08-23 11:31:29,073 | INFO  | DNAudit | user=null | ip=null | op=WRITE_CHUNK {blockData=conID: 3 locID: 102666068571587008 bcsId: 1396} | ret=SUCCESS |  
2019-08-23 11:31:29,073 | INFO  | DNAudit | user=null | ip=null | op=PUT_BLOCK {blockData=[blockId=conID: 3 locID: 102666068571587008 bcsId: 0,size=4194304]} | ret=SUCCESS |  
2019-08-23 11:31:29,073 [grpc-default-executor-2] INFO  client.GrpcClientProtocolClient (GrpcClientProtocolClient.java:onNext(255)) - client-C9E345EC67ED->244f13ac-34be-4c4e-8e45-0c0272edbbb2: receive RaftClientReply:client-C9E345EC67ED->244f13ac-34be-4c4e-8e45-0c0272edbbb2@group-FE77C852EF02, cid=1053, SUCCESS, logIndex=1399, commits[244f13ac-34be-4c4e-8e45-0c0272edbbb2:c1400, 6287e41a-5356-4f55-84f2-270816d53e84:c1396, a2c18d3d-e79d-47c9-88fe-d8a1d195302b:c1396]
2019-08-23 11:31:29,074 [grpc-default-executor-2] INFO  client.GrpcClientProtocolClient (GrpcClientProtocolClient.java:onNext(255)) - client-C9E345EC67ED->244f13ac-34be-4c4e-8e45-0c0272edbbb2: receive RaftClientReply:client-C9E345EC67ED->244f13ac-34be-4c4e-8e45-0c0272edbbb2@group-FE77C852EF02, cid=1054, SUCCESS, logIndex=1400, commits[244f13ac-34be-4c4e-8e45-0c0272edbbb2:c1400, 6287e41a-5356-4f55-84f2-270816d53e84:c1396, a2c18d3d-e79d-47c9-88fe-d8a1d195302b:c1396]
2019-08-23 11:31:29,083 | INFO  | DNAudit | user=null | ip=null | op=WRITE_CHUNK {blockData=conID: 3 locID: 102666068571587008 bcsId: 1396} | ret=SUCCESS |  
2019-08-23 11:31:29,083 | INFO  | DNAudit | user=null | ip=null | op=WRITE_CHUNK {blockData=conID: 3 locID: 102666068571587008 bcsId: 1396} | ret=SUCCESS |  
2019-08-23 11:31:29,083 | INFO  | DNAudit | user=null | ip=null | op=PUT_BLOCK {blockData=[blockId=conID: 3 locID: 102666068571587008 bcsId: 0,size=4194304]} | ret=SUCCESS |  
2019-08-23 11:31:29,083 | INFO  | DNAudit | user=null | ip=null | op=PUT_BLOCK {blockData=[blockId=conID: 3 locID: 102666068571587008 bcsId: 0,size=4194304]} | ret=SUCCESS |  
2019-08-23 11:31:29,084 [grpc-default-executor-2] INFO  client.GrpcClientProtocolClient (GrpcClientProtocolClient.java:onNext(255)) - client-C9E345EC67ED->244f13ac-34be-4c4e-8e45-0c0272edbbb2: receive RaftClientReply:client-C9E345EC67ED->244f13ac-34be-4c4e-8e45-0c0272edbbb2@group-FE77C852EF02, cid=1055, SUCCESS, logIndex=0, commits[244f13ac-34be-4c4e-8e45-0c0272edbbb2:c1401, 6287e41a-5356-4f55-84f2-270816d53e84:c1400, a2c18d3d-e79d-47c9-88fe-d8a1d195302b:c1400]
2019-08-23 11:31:29,094 | INFO  | DNAudit | user=null | ip=null | op=WRITE_CHUNK {blockData=conID: 1 locID: 102666068571587009 bcsId: 0} | ret=SUCCESS |  
2019-08-23 11:31:29,096 | INFO  | DNAudit | user=null | ip=null | op=WRITE_CHUNK {blockData=conID: 1 locID: 102666068571587009 bcsId: 0} | ret=SUCCESS |  
2019-08-23 11:31:29,096 | INFO  | DNAudit | user=null | ip=null | op=WRITE_CHUNK {blockData=conID: 1 locID: 102666068571587009 bcsId: 0} | ret=SUCCESS |  
2019-08-23 11:31:29,098 | INFO  | DNAudit | user=null | ip=null | op=WRITE_CHUNK {blockData=conID: 1 locID: 102666068571587009 bcsId: 0} | ret=SUCCESS |  
2019-08-23 11:31:29,099 | INFO  | DNAudit | user=null | ip=null | op=WRITE_CHUNK {blockData=conID: 1 locID: 102666068571587009 bcsId: 0} | ret=SUCCESS |  
2019-08-23 11:31:29,101 | INFO  | DNAudit | user=null | ip=null | op=WRITE_CHUNK {blockData=conID: 1 locID: 102666068571587009 bcsId: 0} | ret=SUCCESS |  
2019-08-23 11:31:29,116 | INFO  | DNAudit | user=null | ip=null | op=WRITE_CHUNK {blockData=conID: 1 locID: 102666068571587009 bcsId: 0} | ret=SUCCESS |  
2019-08-23 11:31:29,117 | INFO  | DNAudit | user=null | ip=null | op=PUT_BLOCK {blockData=[blockId=conID: 1 locID: 102666068571587009 bcsId: 0,size=1048576]} | ret=SUCCESS |  
2019-08-23 11:31:29,117 [grpc-default-executor-2] INFO  client.GrpcClientProtocolClient (GrpcClientProtocolClient.java:onNext(255)) - client-C9E345EC67ED->244f13ac-34be-4c4e-8e45-0c0272edbbb2: receive RaftClientReply:client-C9E345EC67ED->244f13ac-34be-4c4e-8e45-0c0272edbbb2@group-FE77C852EF02, cid=1056, SUCCESS, logIndex=1403, commits[244f13ac-34be-4c4e-8e45-0c0272edbbb2:c1404, 6287e41a-5356-4f55-84f2-270816d53e84:c1401, a2c18d3d-e79d-47c9-88fe-d8a1d195302b:c1401]
2019-08-23 11:31:29,118 [grpc-default-executor-2] INFO  client.GrpcClientProtocolClient (GrpcClientProtocolClient.java:onNext(255)) - client-C9E345EC67ED->244f13ac-34be-4c4e-8e45-0c0272edbbb2: receive RaftClientReply:client-C9E345EC67ED->244f13ac-34be-4c4e-8e45-0c0272edbbb2@group-FE77C852EF02, cid=1057, SUCCESS, logIndex=1404, commits[244f13ac-34be-4c4e-8e45-0c0272edbbb2:c1404, 6287e41a-5356-4f55-84f2-270816d53e84:c1401, a2c18d3d-e79d-47c9-88fe-d8a1d195302b:c1401]
2019-08-23 11:31:29,119 | INFO  | DNAudit | user=null | ip=null | op=WRITE_CHUNK {blockData=conID: 1 locID: 102666068571587009 bcsId: 0} | ret=SUCCESS |  
2019-08-23 11:31:29,120 | INFO  | DNAudit | user=null | ip=null | op=PUT_BLOCK {blockData=[blockId=conID: 1 locID: 102666068571587009 bcsId: 0,size=2097152]} | ret=SUCCESS |  
2019-08-23 11:31:29,120 [grpc-default-executor-2] INFO  client.GrpcClientProtocolClient (GrpcClientProtocolClient.java:onNext(255)) - client-C9E345EC67ED->244f13ac-34be-4c4e-8e45-0c0272edbbb2: receive RaftClientReply:client-C9E345EC67ED->244f13ac-34be-4c4e-8e45-0c0272edbbb2@group-FE77C852EF02, cid=1058, SUCCESS, logIndex=1405, commits[244f13ac-34be-4c4e-8e45-0c0272edbbb2:c1406, 6287e41a-5356-4f55-84f2-270816d53e84:c1402, a2c18d3d-e79d-47c9-88fe-d8a1d195302b:c1402]
2019-08-23 11:31:29,120 [grpc-default-executor-2] INFO  client.GrpcClientProtocolClient (GrpcClientProtocolClient.java:onNext(255)) - client-C9E345EC67ED->244f13ac-34be-4c4e-8e45-0c0272edbbb2: receive RaftClientReply:client-C9E345EC67ED->244f13ac-34be-4c4e-8e45-0c0272edbbb2@group-FE77C852EF02, cid=1059, SUCCESS, logIndex=1406, commits[244f13ac-34be-4c4e-8e45-0c0272edbbb2:c1406, 6287e41a-5356-4f55-84f2-270816d53e84:c1402, a2c18d3d-e79d-47c9-88fe-d8a1d195302b:c1402]
2019-08-23 11:31:29,130 | INFO  | DNAudit | user=null | ip=null | op=WRITE_CHUNK {blockData=conID: 1 locID: 102666068571587009 bcsId: 0} | ret=SUCCESS |  
2019-08-23 11:31:29,130 | INFO  | DNAudit | user=null | ip=null | op=WRITE_CHUNK {blockData=conID: 1 locID: 102666068571587009 bcsId: 0} | ret=SUCCESS |  
2019-08-23 11:31:29,130 | INFO  | DNAudit | user=null | ip=null | op=PUT_BLOCK {blockData=[blockId=conID: 1 locID: 102666068571587009 bcsId: 0,size=1048576]} | ret=SUCCESS |  
2019-08-23 11:31:29,130 | INFO  | DNAudit | user=null | ip=null | op=PUT_BLOCK {blockData=[blockId=conID: 1 locID: 102666068571587009 bcsId: 0,size=1048576]} | ret=SUCCESS |  
2019-08-23 11:31:29,131 [grpc-default-executor-4] INFO  client.GrpcClientProtocolClient (GrpcClientProtocolClient.java:onNext(255)) - client-C9E345EC67ED->244f13ac-34be-4c4e-8e45-0c0272edbbb2: receive RaftClientReply:client-C9E345EC67ED->244f13ac-34be-4c4e-8e45-0c0272edbbb2@group-FE77C852EF02, cid=1060, SUCCESS, logIndex=0, commits[244f13ac-34be-4c4e-8e45-0c0272edbbb2:c1408, 6287e41a-5356-4f55-84f2-270816d53e84:c1404, a2c18d3d-e79d-47c9-88fe-d8a1d195302b:c1404]
2019-08-23 11:31:29,133 | INFO  | DNAudit | user=null | ip=null | op=WRITE_CHUNK {blockData=conID: 1 locID: 102666068571587009 bcsId: 0} | ret=SUCCESS |  
2019-08-23 11:31:29,133 | INFO  | DNAudit | user=null | ip=null | op=WRITE_CHUNK {blockData=conID: 1 locID: 102666068571587009 bcsId: 0} | ret=SUCCESS |  
2019-08-23 11:31:29,133 | INFO  | DNAudit | user=null | ip=null | op=PUT_BLOCK {blockData=[blockId=conID: 1 locID: 102666068571587009 bcsId: 0,size=2097152]} | ret=SUCCESS |  
2019-08-23 11:31:29,133 | INFO  | DNAudit | user=null | ip=null | op=PUT_BLOCK {blockData=[blockId=conID: 1 locID: 102666068571587009 bcsId: 0,size=2097152]} | ret=SUCCESS |  
2019-08-23 11:31:29,140 | INFO  | DNAudit | user=null | ip=null | op=WRITE_CHUNK {blockData=conID: 1 locID: 102666068571587009 bcsId: 1406} | ret=SUCCESS |  
2019-08-23 11:31:29,143 | INFO  | DNAudit | user=null | ip=null | op=WRITE_CHUNK {blockData=conID: 1 locID: 102666068571587009 bcsId: 1406} | ret=SUCCESS |  
2019-08-23 11:31:29,143 | INFO  | DNAudit | user=null | ip=null | op=WRITE_CHUNK {blockData=conID: 1 locID: 102666068571587009 bcsId: 1406} | ret=SUCCESS |  
2019-08-23 11:31:29,155 | INFO  | DNAudit | user=null | ip=null | op=WRITE_CHUNK {blockData=conID: 1 locID: 102666068571587009 bcsId: 1406} | ret=SUCCESS |  
2019-08-23 11:31:29,155 | INFO  | DNAudit | user=null | ip=null | op=PUT_BLOCK {blockData=[blockId=conID: 1 locID: 102666068571587009 bcsId: 0,size=3145728]} | ret=SUCCESS |  
 0.00% |█                                                                                                    |  0/1 Time: 0:00:052019-08-23 11:31:29,156 [grpc-default-executor-2] INFO  client.GrpcClientProtocolClient (GrpcClientProtocolClient.java:onNext(255)) - client-C9E345EC67ED->244f13ac-34be-4c4e-8e45-0c0272edbbb2: receive RaftClientReply:client-C9E345EC67ED->244f13ac-34be-4c4e-8e45-0c0272edbbb2@group-FE77C852EF02, cid=1061, SUCCESS, logIndex=1411, commits[244f13ac-34be-4c4e-8e45-0c0272edbbb2:c1412, 6287e41a-5356-4f55-84f2-270816d53e84:c1410, a2c18d3d-e79d-47c9-88fe-d8a1d195302b:c1410]
2019-08-23 11:31:29,369 | INFO  | SCMAudit | user=jenkins1000 | ip=192.168.5.185 | op=SEND_HEARTBEAT {datanodeUUID=a2c18d3d-e79d-47c9-88fe-d8a1d195302b, command=[]} | ret=SUCCESS |  
2019-08-23 11:31:29,369 | INFO  | SCMAudit | user=jenkins1000 | ip=192.168.5.185 | op=SEND_HEARTBEAT {datanodeUUID=6287e41a-5356-4f55-84f2-270816d53e84, command=[]} | ret=SUCCESS |  
2019-08-23 11:31:29,373 | INFO  | SCMAudit | user=jenkins1000 | ip=192.168.5.185 | op=SEND_HEARTBEAT {datanodeUUID=244f13ac-34be-4c4e-8e45-0c0272edbbb2, command=[]} | ret=SUCCESS |  
2019-08-23 11:31:29,373 | INFO  | DNAudit | user=null | ip=null | op=WRITE_CHUNK {blockData=conID: 1 locID: 102666068571587009 bcsId: 1406} | ret=SUCCESS |  
2019-08-23 11:31:29,373 [grpc-default-executor-2] INFO  client.GrpcClientProtocolClient (GrpcClientProtocolClient.java:onNext(255)) - client-C9E345EC67ED->244f13ac-34be-4c4e-8e45-0c0272edbbb2: receive RaftClientReply:client-C9E345EC67ED->244f13ac-34be-4c4e-8e45-0c0272edbbb2@group-FE77C852EF02, cid=1062, SUCCESS, logIndex=1412, commits[244f13ac-34be-4c4e-8e45-0c0272edbbb2:c1412, 6287e41a-5356-4f55-84f2-270816d53e84:c1410, a2c18d3d-e79d-47c9-88fe-d8a1d195302b:c1410]
2019-08-23 11:31:29,373 | INFO  | DNAudit | user=null | ip=null | op=PUT_BLOCK {blockData=[blockId=conID: 1 locID: 102666068571587009 bcsId: 0,size=3145728]} | ret=SUCCESS |  
2019-08-23 11:31:29,373 | INFO  | DNAudit | user=null | ip=null | op=WRITE_CHUNK {blockData=conID: 1 locID: 102666068571587009 bcsId: 1406} | ret=SUCCESS |  
2019-08-23 11:31:29,374 | INFO  | DNAudit | user=null | ip=null | op=PUT_BLOCK {blockData=[blockId=conID: 1 locID: 102666068571587009 bcsId: 0,size=3145728]} | ret=SUCCESS |  
2019-08-23 11:31:29,381 | INFO  | DNAudit | user=null | ip=null | op=WRITE_CHUNK {blockData=conID: 1 locID: 102666068571587009 bcsId: 1412} | ret=SUCCESS |  
2019-08-23 11:31:29,383 | INFO  | DNAudit | user=null | ip=null | op=WRITE_CHUNK {blockData=conID: 1 locID: 102666068571587009 bcsId: 1412} | ret=SUCCESS |  
2019-08-23 11:31:29,383 | INFO  | DNAudit | user=null | ip=null | op=WRITE_CHUNK {blockData=conID: 1 locID: 102666068571587009 bcsId: 1412} | ret=SUCCESS |  
2019-08-23 11:31:29,405 | INFO  | DNAudit | user=null | ip=null | op=WRITE_CHUNK {blockData=conID: 1 locID: 102666068571587009 bcsId: 1412} | ret=SUCCESS |  
2019-08-23 11:31:29,406 | INFO  | DNAudit | user=null | ip=null | op=PUT_BLOCK {blockData=[blockId=conID: 1 locID: 102666068571587009 bcsId: 0,size=4194304]} | ret=SUCCESS |  
2019-08-23 11:31:29,406 [grpc-default-executor-1] INFO  client.GrpcClientProtocolClient (GrpcClientProtocolClient.java:onNext(255)) - client-C9E345EC67ED->244f13ac-34be-4c4e-8e45-0c0272edbbb2: receive RaftClientReply:client-C9E345EC67ED->244f13ac-34be-4c4e-8e45-0c0272edbbb2@group-FE77C852EF02, cid=1063, SUCCESS, logIndex=1414, commits[244f13ac-34be-4c4e-8e45-0c0272edbbb2:c1415, 6287e41a-5356-4f55-84f2-270816d53e84:c1412, a2c18d3d-e79d-47c9-88fe-d8a1d195302b:c1413]
2019-08-23 11:31:29,407 [grpc-default-executor-1] INFO  client.GrpcClientProtocolClient (GrpcClientProtocolClient.java:onNext(255)) - client-C9E345EC67ED->244f13ac-34be-4c4e-8e45-0c0272edbbb2: receive RaftClientReply:client-C9E345EC67ED->244f13ac-34be-4c4e-8e45-0c0272edbbb2@group-FE77C852EF02, cid=1064, SUCCESS, logIndex=1415, commits[244f13ac-34be-4c4e-8e45-0c0272edbbb2:c1415, 6287e41a-5356-4f55-84f2-270816d53e84:c1413, a2c18d3d-e79d-47c9-88fe-d8a1d195302b:c1413]
2019-08-23 11:31:29,417 | INFO  | DNAudit | user=null | ip=null | op=WRITE_CHUNK {blockData=conID: 1 locID: 102666068571587009 bcsId: 1412} | ret=SUCCESS |  
2019-08-23 11:31:29,417 | INFO  | DNAudit | user=null | ip=null | op=WRITE_CHUNK {blockData=conID: 1 locID: 102666068571587009 bcsId: 1412} | ret=SUCCESS |  
2019-08-23 11:31:29,417 | INFO  | DNAudit | user=null | ip=null | op=PUT_BLOCK {blockData=[blockId=conID: 1 locID: 102666068571587009 bcsId: 0,size=4194304]} | ret=SUCCESS |  
2019-08-23 11:31:29,417 | INFO  | DNAudit | user=null | ip=null | op=PUT_BLOCK {blockData=[blockId=conID: 1 locID: 102666068571587009 bcsId: 0,size=4194304]} | ret=SUCCESS |  
2019-08-23 11:31:29,418 [grpc-default-executor-1] INFO  client.GrpcClientProtocolClient (GrpcClientProtocolClient.java:onNext(255)) - client-C9E345EC67ED->244f13ac-34be-4c4e-8e45-0c0272edbbb2: receive RaftClientReply:client-C9E345EC67ED->244f13ac-34be-4c4e-8e45-0c0272edbbb2@group-FE77C852EF02, cid=1065, SUCCESS, logIndex=0, commits[244f13ac-34be-4c4e-8e45-0c0272edbbb2:c1416, 6287e41a-5356-4f55-84f2-270816d53e84:c1415, a2c18d3d-e79d-47c9-88fe-d8a1d195302b:c1415]
2019-08-23 11:31:29,426 | INFO  | DNAudit | user=null | ip=null | op=WRITE_CHUNK {blockData=conID: 2 locID: 102666068571587010 bcsId: 0} | ret=SUCCESS |  
2019-08-23 11:31:29,429 | INFO  | DNAudit | user=null | ip=null | op=WRITE_CHUNK {blockData=conID: 2 locID: 102666068571587010 bcsId: 0} | ret=SUCCESS |  
2019-08-23 11:31:29,430 | INFO  | DNAudit | user=null | ip=null | op=WRITE_CHUNK {blockData=conID: 2 locID: 102666068571587010 bcsId: 0} | ret=SUCCESS |  
2019-08-23 11:31:29,430 | INFO  | DNAudit | user=null | ip=null | op=WRITE_CHUNK {blockData=conID: 2 locID: 102666068571587010 bcsId: 0} | ret=SUCCESS |  
2019-08-23 11:31:29,432 | INFO  | DNAudit | user=null | ip=null | op=WRITE_CHUNK {blockData=conID: 2 locID: 102666068571587010 bcsId: 0} | ret=SUCCESS |  
2019-08-23 11:31:29,433 | INFO  | DNAudit | user=null | ip=null | op=WRITE_CHUNK {blockData=conID: 2 locID: 102666068571587010 bcsId: 0} | ret=SUCCESS |  
2019-08-23 11:31:29,439 | INFO  | DNAudit | user=null | ip=null | op=WRITE_CHUNK {blockData=conID: 2 locID: 102666068571587010 bcsId: 0} | ret=SUCCESS |  
2019-08-23 11:31:29,440 | INFO  | DNAudit | user=null | ip=null | op=PUT_BLOCK {blockData=[blockId=conID: 2 locID: 102666068571587010 bcsId: 0,size=1048576]} | ret=SUCCESS |  
2019-08-23 11:31:29,440 [grpc-default-executor-4] INFO  client.GrpcClientProtocolClient (GrpcClientProtocolClient.java:onNext(255)) - client-C9E345EC67ED->244f13ac-34be-4c4e-8e45-0c0272edbbb2: receive RaftClientReply:client-C9E345EC67ED->244f13ac-34be-4c4e-8e45-0c0272edbbb2@group-FE77C852EF02, cid=1066, SUCCESS, logIndex=1418, commits[244f13ac-34be-4c4e-8e45-0c0272edbbb2:c1419, 6287e41a-5356-4f55-84f2-270816d53e84:c1417, a2c18d3d-e79d-47c9-88fe-d8a1d195302b:c1417]
2019-08-23 11:31:29,441 | INFO  | DNAudit | user=null | ip=null | op=WRITE_CHUNK {blockData=conID: 2 locID: 102666068571587010 bcsId: 0} | ret=SUCCESS |  
2019-08-23 11:31:29,441 | INFO  | DNAudit | user=null | ip=null | op=PUT_BLOCK {blockData=[blockId=conID: 2 locID: 102666068571587010 bcsId: 0,size=2097152]} | ret=SUCCESS |  
2019-08-23 11:31:29,441 [grpc-default-executor-4] INFO  client.GrpcClientProtocolClient (GrpcClientProtocolClient.java:onNext(255)) - client-C9E345EC67ED->244f13ac-34be-4c4e-8e45-0c0272edbbb2: receive RaftClientReply:client-C9E345EC67ED->244f13ac-34be-4c4e-8e45-0c0272edbbb2@group-FE77C852EF02, cid=1067, SUCCESS, logIndex=1419, commits[244f13ac-34be-4c4e-8e45-0c0272edbbb2:c1421, 6287e41a-5356-4f55-84f2-270816d53e84:c1417, a2c18d3d-e79d-47c9-88fe-d8a1d195302b:c1417]
2019-08-23 11:31:29,441 | INFO  | DNAudit | user=null | ip=null | op=WRITE_CHUNK {blockData=conID: 2 locID: 102666068571587010 bcsId: 0} | ret=SUCCESS |  
2019-08-23 11:31:29,441 [grpc-default-executor-4] INFO  client.GrpcClientProtocolClient (GrpcClientProtocolClient.java:onNext(255)) - client-C9E345EC67ED->244f13ac-34be-4c4e-8e45-0c0272edbbb2: receive RaftClientReply:client-C9E345EC67ED->244f13ac-34be-4c4e-8e45-0c0272edbbb2@group-FE77C852EF02, cid=1068, SUCCESS, logIndex=1420, commits[244f13ac-34be-4c4e-8e45-0c0272edbbb2:c1421, 6287e41a-5356-4f55-84f2-270816d53e84:c1417, a2c18d3d-e79d-47c9-88fe-d8a1d195302b:c1417]
2019-08-23 11:31:29,442 | INFO  | DNAudit | user=null | ip=null | op=PUT_BLOCK {blockData=[blockId=conID: 2 locID: 102666068571587010 bcsId: 0,size=1048576]} | ret=SUCCESS |  
2019-08-23 11:31:29,442 [grpc-default-executor-4] INFO  client.GrpcClientProtocolClient (GrpcClientProtocolClient.java:onNext(255)) - client-C9E345EC67ED->244f13ac-34be-4c4e-8e45-0c0272edbbb2: receive RaftClientReply:client-C9E345EC67ED->244f13ac-34be-4c4e-8e45-0c0272edbbb2@group-FE77C852EF02, cid=1069, SUCCESS, logIndex=1421, commits[244f13ac-34be-4c4e-8e45-0c0272edbbb2:c1421, 6287e41a-5356-4f55-84f2-270816d53e84:c1419, a2c18d3d-e79d-47c9-88fe-d8a1d195302b:c1417]
2019-08-23 11:31:29,443 | INFO  | DNAudit | user=null | ip=null | op=WRITE_CHUNK {blockData=conID: 2 locID: 102666068571587010 bcsId: 0} | ret=SUCCESS |  
2019-08-23 11:31:29,443 | INFO  | DNAudit | user=null | ip=null | op=PUT_BLOCK {blockData=[blockId=conID: 2 locID: 102666068571587010 bcsId: 0,size=1048576]} | ret=SUCCESS |  
2019-08-23 11:31:29,444 [grpc-default-executor-4] INFO  client.GrpcClientProtocolClient (GrpcClientProtocolClient.java:onNext(255)) - client-C9E345EC67ED->244f13ac-34be-4c4e-8e45-0c0272edbbb2: receive RaftClientReply:client-C9E345EC67ED->244f13ac-34be-4c4e-8e45-0c0272edbbb2@group-FE77C852EF02, cid=1070, SUCCESS, logIndex=0, commits[244f13ac-34be-4c4e-8e45-0c0272edbbb2:c1422, 6287e41a-5356-4f55-84f2-270816d53e84:c1419, a2c18d3d-e79d-47c9-88fe-d8a1d195302b:c1419]
2019-08-23 11:31:29,451 | INFO  | DNAudit | user=null | ip=null | op=WRITE_CHUNK {blockData=conID: 2 locID: 102666068571587010 bcsId: 1421} | ret=SUCCESS |  
2019-08-23 11:31:29,453 | INFO  | DNAudit | user=null | ip=null | op=WRITE_CHUNK {blockData=conID: 2 locID: 102666068571587010 bcsId: 1421} | ret=SUCCESS |  
2019-08-23 11:31:29,453 | INFO  | DNAudit | user=null | ip=null | op=WRITE_CHUNK {blockData=conID: 2 locID: 102666068571587010 bcsId: 1421} | ret=SUCCESS |  
2019-08-23 11:31:29,454 | INFO  | DNAudit | user=null | ip=null | op=WRITE_CHUNK {blockData=conID: 2 locID: 102666068571587010 bcsId: 0} | ret=SUCCESS |  
2019-08-23 11:31:29,455 | INFO  | DNAudit | user=null | ip=null | op=WRITE_CHUNK {blockData=conID: 2 locID: 102666068571587010 bcsId: 0} | ret=SUCCESS |  
2019-08-23 11:31:29,455 | INFO  | DNAudit | user=null | ip=null | op=PUT_BLOCK {blockData=[blockId=conID: 2 locID: 102666068571587010 bcsId: 0,size=2097152]} | ret=SUCCESS |  
2019-08-23 11:31:29,455 | INFO  | DNAudit | user=null | ip=null | op=PUT_BLOCK {blockData=[blockId=conID: 2 locID: 102666068571587010 bcsId: 0,size=2097152]} | ret=SUCCESS |  
2019-08-23 11:31:29,456 | INFO  | DNAudit | user=null | ip=null | op=WRITE_CHUNK {blockData=conID: 2 locID: 102666068571587010 bcsId: 1421} | ret=SUCCESS |  
2019-08-23 11:31:29,457 | INFO  | DNAudit | user=null | ip=null | op=PUT_BLOCK {blockData=[blockId=conID: 2 locID: 102666068571587010 bcsId: 0,size=3145728]} | ret=SUCCESS |  
2019-08-23 11:31:29,457 [grpc-default-executor-4] INFO  client.GrpcClientProtocolClient (GrpcClientProtocolClient.java:onNext(255)) - client-C9E345EC67ED->244f13ac-34be-4c4e-8e45-0c0272edbbb2: receive RaftClientReply:client-C9E345EC67ED->244f13ac-34be-4c4e-8e45-0c0272edbbb2@group-FE77C852EF02, cid=1071, SUCCESS, logIndex=1425, commits[244f13ac-34be-4c4e-8e45-0c0272edbbb2:c1426, 6287e41a-5356-4f55-84f2-270816d53e84:c1423, a2c18d3d-e79d-47c9-88fe-d8a1d195302b:c1423]
2019-08-23 11:31:29,457 [grpc-default-executor-4] INFO  client.GrpcClientProtocolClient (GrpcClientProtocolClient.java:onNext(255)) - client-C9E345EC67ED->244f13ac-34be-4c4e-8e45-0c0272edbbb2: receive RaftClientReply:client-C9E345EC67ED->244f13ac-34be-4c4e-8e45-0c0272edbbb2@group-FE77C852EF02, cid=1072, SUCCESS, logIndex=1426, commits[244f13ac-34be-4c4e-8e45-0c0272edbbb2:c1426, 6287e41a-5356-4f55-84f2-270816d53e84:c1423, a2c18d3d-e79d-47c9-88fe-d8a1d195302b:c1423]
2019-08-23 11:31:29,457 | INFO  | DNAudit | user=null | ip=null | op=WRITE_CHUNK {blockData=conID: 2 locID: 102666068571587010 bcsId: 1421} | ret=SUCCESS |  
2019-08-23 11:31:29,458 | INFO  | DNAudit | user=null | ip=null | op=WRITE_CHUNK {blockData=conID: 2 locID: 102666068571587010 bcsId: 1421} | ret=SUCCESS |  
2019-08-23 11:31:29,458 | INFO  | DNAudit | user=null | ip=null | op=PUT_BLOCK {blockData=[blockId=conID: 2 locID: 102666068571587010 bcsId: 0,size=3145728]} | ret=SUCCESS |  
2019-08-23 11:31:29,458 | INFO  | DNAudit | user=null | ip=null | op=PUT_BLOCK {blockData=[blockId=conID: 2 locID: 102666068571587010 bcsId: 0,size=3145728]} | ret=SUCCESS |  
2019-08-23 11:31:29,464 | INFO  | DNAudit | user=null | ip=null | op=WRITE_CHUNK {blockData=conID: 2 locID: 102666068571587010 bcsId: 1426} | ret=SUCCESS |  
2019-08-23 11:31:29,467 | INFO  | DNAudit | user=null | ip=null | op=WRITE_CHUNK {blockData=conID: 2 locID: 102666068571587010 bcsId: 1426} | ret=SUCCESS |  
2019-08-23 11:31:29,467 | INFO  | DNAudit | user=null | ip=null | op=WRITE_CHUNK {blockData=conID: 2 locID: 102666068571587010 bcsId: 1426} | ret=SUCCESS |  
2019-08-23 11:31:29,477 | INFO  | DNAudit | user=null | ip=null | op=WRITE_CHUNK {blockData=conID: 2 locID: 102666068571587010 bcsId: 1426} | ret=SUCCESS |  
2019-08-23 11:31:29,477 | INFO  | DNAudit | user=null | ip=null | op=PUT_BLOCK {blockData=[blockId=conID: 2 locID: 102666068571587010 bcsId: 0,size=4194304]} | ret=SUCCESS |  
2019-08-23 11:31:29,477 [grpc-default-executor-1] INFO  client.GrpcClientProtocolClient (GrpcClientProtocolClient.java:onNext(255)) - client-C9E345EC67ED->244f13ac-34be-4c4e-8e45-0c0272edbbb2: receive RaftClientReply:client-C9E345EC67ED->244f13ac-34be-4c4e-8e45-0c0272edbbb2@group-FE77C852EF02, cid=1073, SUCCESS, logIndex=1429, commits[244f13ac-34be-4c4e-8e45-0c0272edbbb2:c1430, 6287e41a-5356-4f55-84f2-270816d53e84:c1428, a2c18d3d-e79d-47c9-88fe-d8a1d195302b:c1428]
2019-08-23 11:31:29,478 [grpc-default-executor-1] INFO  client.GrpcClientProtocolClient (GrpcClientProtocolClient.java:onNext(255)) - client-C9E345EC67ED->244f13ac-34be-4c4e-8e45-0c0272edbbb2: receive RaftClientReply:client-C9E345EC67ED->244f13ac-34be-4c4e-8e45-0c0272edbbb2@group-FE77C852EF02, cid=1074, SUCCESS, logIndex=1430, commits[244f13ac-34be-4c4e-8e45-0c0272edbbb2:c1430, 6287e41a-5356-4f55-84f2-270816d53e84:c1428, a2c18d3d-e79d-47c9-88fe-d8a1d195302b:c1428]
2019-08-23 11:31:29,488 | INFO  | DNAudit | user=null | ip=null | op=WRITE_CHUNK {blockData=conID: 2 locID: 102666068571587010 bcsId: 1426} | ret=SUCCESS |  
2019-08-23 11:31:29,488 | INFO  | DNAudit | user=null | ip=null | op=WRITE_CHUNK {blockData=conID: 2 locID: 102666068571587010 bcsId: 1426} | ret=SUCCESS |  
2019-08-23 11:31:29,489 | INFO  | DNAudit | user=null | ip=null | op=PUT_BLOCK {blockData=[blockId=conID: 2 locID: 102666068571587010 bcsId: 0,size=4194304]} | ret=SUCCESS |  
2019-08-23 11:31:29,489 | INFO  | DNAudit | user=null | ip=null | op=PUT_BLOCK {blockData=[blockId=conID: 2 locID: 102666068571587010 bcsId: 0,size=4194304]} | ret=SUCCESS |  
2019-08-23 11:31:29,490 [grpc-default-executor-1] INFO  client.GrpcClientProtocolClient (GrpcClientProtocolClient.java:onNext(255)) - client-C9E345EC67ED->244f13ac-34be-4c4e-8e45-0c0272edbbb2: receive RaftClientReply:client-C9E345EC67ED->244f13ac-34be-4c4e-8e45-0c0272edbbb2@group-FE77C852EF02, cid=1075, SUCCESS, logIndex=0, commits[244f13ac-34be-4c4e-8e45-0c0272edbbb2:c1432, 6287e41a-5356-4f55-84f2-270816d53e84:c1430, a2c18d3d-e79d-47c9-88fe-d8a1d195302b:c1430]
2019-08-23 11:31:29,497 | INFO  | DNAudit | user=null | ip=null | op=WRITE_CHUNK {blockData=conID: 3 locID: 102666068571587011 bcsId: 0} | ret=SUCCESS |  
2019-08-23 11:31:29,500 | INFO  | DNAudit | user=null | ip=null | op=WRITE_CHUNK {blockData=conID: 3 locID: 102666068571587011 bcsId: 0} | ret=SUCCESS |  
2019-08-23 11:31:29,500 | INFO  | DNAudit | user=null | ip=null | op=WRITE_CHUNK {blockData=conID: 3 locID: 102666068571587011 bcsId: 0} | ret=SUCCESS |  
2019-08-23 11:31:29,500 | INFO  | DNAudit | user=null | ip=null | op=WRITE_CHUNK {blockData=conID: 3 locID: 102666068571587011 bcsId: 0} | ret=SUCCESS |  
2019-08-23 11:31:29,502 | INFO  | DNAudit | user=null | ip=null | op=WRITE_CHUNK {blockData=conID: 3 locID: 102666068571587011 bcsId: 0} | ret=SUCCESS |  
2019-08-23 11:31:29,502 | INFO  | DNAudit | user=null | ip=null | op=WRITE_CHUNK {blockData=conID: 3 locID: 102666068571587011 bcsId: 0} | ret=SUCCESS |  
2019-08-23 11:31:29,510 | INFO  | DNAudit | user=null | ip=null | op=WRITE_CHUNK {blockData=conID: 3 locID: 102666068571587011 bcsId: 0} | ret=SUCCESS |  
2019-08-23 11:31:29,511 | INFO  | DNAudit | user=null | ip=null | op=PUT_BLOCK {blockData=[blockId=conID: 3 locID: 102666068571587011 bcsId: 0,size=1048576]} | ret=SUCCESS |  
2019-08-23 11:31:29,512 | INFO  | DNAudit | user=null | ip=null | op=WRITE_CHUNK {blockData=conID: 3 locID: 102666068571587011 bcsId: 0} | ret=SUCCESS |  
2019-08-23 11:31:29,512 | INFO  | DNAudit | user=null | ip=null | op=PUT_BLOCK {blockData=[blockId=conID: 3 locID: 102666068571587011 bcsId: 0,size=2097152]} | ret=SUCCESS |  
2019-08-23 11:31:29,512 | INFO  | DNAudit | user=null | ip=null | op=WRITE_CHUNK {blockData=conID: 3 locID: 102666068571587011 bcsId: 0} | ret=SUCCESS |  
2019-08-23 11:31:29,512 [grpc-default-executor-4] INFO  client.GrpcClientProtocolClient (GrpcClientProtocolClient.java:onNext(255)) - client-C9E345EC67ED->244f13ac-34be-4c4e-8e45-0c0272edbbb2: receive RaftClientReply:client-C9E345EC67ED->244f13ac-34be-4c4e-8e45-0c0272edbbb2@group-FE77C852EF02, cid=1076, SUCCESS, logIndex=1433, commits[244f13ac-34be-4c4e-8e45-0c0272edbbb2:c1434, 6287e41a-5356-4f55-84f2-270816d53e84:c1432, a2c18d3d-e79d-47c9-88fe-d8a1d195302b:c1430]
2019-08-23 11:31:29,513 | INFO  | DNAudit | user=null | ip=null | op=PUT_BLOCK {blockData=[blockId=conID: 3 locID: 102666068571587011 bcsId: 0,size=1048576]} | ret=SUCCESS |  
2019-08-23 11:31:29,513 [grpc-default-executor-1] INFO  client.GrpcClientProtocolClient (GrpcClientProtocolClient.java:onNext(255)) - client-C9E345EC67ED->244f13ac-34be-4c4e-8e45-0c0272edbbb2: receive RaftClientReply:client-C9E345EC67ED->244f13ac-34be-4c4e-8e45-0c0272edbbb2@group-FE77C852EF02, cid=1077, SUCCESS, logIndex=1434, commits[244f13ac-34be-4c4e-8e45-0c0272edbbb2:c1434, 6287e41a-5356-4f55-84f2-270816d53e84:c1432, a2c18d3d-e79d-47c9-88fe-d8a1d195302b:c1432]
2019-08-23 11:31:29,513 [grpc-default-executor-1] INFO  client.GrpcClientProtocolClient (GrpcClientProtocolClient.java:onNext(255)) - client-C9E345EC67ED->244f13ac-34be-4c4e-8e45-0c0272edbbb2: receive RaftClientReply:client-C9E345EC67ED->244f13ac-34be-4c4e-8e45-0c0272edbbb2@group-FE77C852EF02, cid=1078, SUCCESS, logIndex=1435, commits[244f13ac-34be-4c4e-8e45-0c0272edbbb2:c1436, 6287e41a-5356-4f55-84f2-270816d53e84:c1432, a2c18d3d-e79d-47c9-88fe-d8a1d195302b:c1432]
2019-08-23 11:31:29,514 [grpc-default-executor-1] INFO  client.GrpcClientProtocolClient (GrpcClientProtocolClient.java:onNext(255)) - client-C9E345EC67ED->244f13ac-34be-4c4e-8e45-0c0272edbbb2: receive RaftClientReply:client-C9E345EC67ED->244f13ac-34be-4c4e-8e45-0c0272edbbb2@group-FE77C852EF02, cid=1079, SUCCESS, logIndex=1436, commits[244f13ac-34be-4c4e-8e45-0c0272edbbb2:c1436, 6287e41a-5356-4f55-84f2-270816d53e84:c1432, a2c18d3d-e79d-47c9-88fe-d8a1d195302b:c1432]
2019-08-23 11:31:29,514 | INFO  | DNAudit | user=null | ip=null | op=WRITE_CHUNK {blockData=conID: 3 locID: 102666068571587011 bcsId: 0} | ret=SUCCESS |  
2019-08-23 11:31:29,514 | INFO  | DNAudit | user=null | ip=null | op=PUT_BLOCK {blockData=[blockId=conID: 3 locID: 102666068571587011 bcsId: 0,size=1048576]} | ret=SUCCESS |  
2019-08-23 11:31:29,515 [grpc-default-executor-4] INFO  client.GrpcClientProtocolClient (GrpcClientProtocolClient.java:onNext(255)) - client-C9E345EC67ED->244f13ac-34be-4c4e-8e45-0c0272edbbb2: receive RaftClientReply:client-C9E345EC67ED->244f13ac-34be-4c4e-8e45-0c0272edbbb2@group-FE77C852EF02, cid=1080, SUCCESS, logIndex=0, commits[244f13ac-34be-4c4e-8e45-0c0272edbbb2:c1438, 6287e41a-5356-4f55-84f2-270816d53e84:c1434, a2c18d3d-e79d-47c9-88fe-d8a1d195302b:c1434]
2019-08-23 11:31:29,521 | INFO  | DNAudit | user=null | ip=null | op=WRITE_CHUNK {blockData=conID: 3 locID: 102666068571587011 bcsId: 1436} | ret=SUCCESS |  
2019-08-23 11:31:29,523 | INFO  | DNAudit | user=null | ip=null | op=WRITE_CHUNK {blockData=conID: 3 locID: 102666068571587011 bcsId: 1436} | ret=SUCCESS |  
2019-08-23 11:31:29,524 | INFO  | DNAudit | user=null | ip=null | op=WRITE_CHUNK {blockData=conID: 3 locID: 102666068571587011 bcsId: 1436} | ret=SUCCESS |  
2019-08-23 11:31:29,525 | INFO  | DNAudit | user=null | ip=null | op=WRITE_CHUNK {blockData=conID: 3 locID: 102666068571587011 bcsId: 0} | ret=SUCCESS |  
2019-08-23 11:31:29,526 | INFO  | DNAudit | user=null | ip=null | op=WRITE_CHUNK {blockData=conID: 3 locID: 102666068571587011 bcsId: 0} | ret=SUCCESS |  
2019-08-23 11:31:29,526 | INFO  | DNAudit | user=null | ip=null | op=PUT_BLOCK {blockData=[blockId=conID: 3 locID: 102666068571587011 bcsId: 0,size=2097152]} | ret=SUCCESS |  
2019-08-23 11:31:29,526 | INFO  | DNAudit | user=null | ip=null | op=PUT_BLOCK {blockData=[blockId=conID: 3 locID: 102666068571587011 bcsId: 0,size=2097152]} | ret=SUCCESS |  
2019-08-23 11:31:29,527 | INFO  | DNAudit | user=null | ip=null | op=WRITE_CHUNK {blockData=conID: 3 locID: 102666068571587011 bcsId: 1436} | ret=SUCCESS |  
2019-08-23 11:31:29,527 | INFO  | DNAudit | user=null | ip=null | op=PUT_BLOCK {blockData=[blockId=conID: 3 locID: 102666068571587011 bcsId: 0,size=3145728]} | ret=SUCCESS |  
2019-08-23 11:31:29,528 [grpc-default-executor-4] INFO  client.GrpcClientProtocolClient (GrpcClientProtocolClient.java:onNext(255)) - client-C9E345EC67ED->244f13ac-34be-4c4e-8e45-0c0272edbbb2: receive RaftClientReply:client-C9E345EC67ED->244f13ac-34be-4c4e-8e45-0c0272edbbb2@group-FE77C852EF02, cid=1081, SUCCESS, logIndex=1441, commits[244f13ac-34be-4c4e-8e45-0c0272edbbb2:c1442, 6287e41a-5356-4f55-84f2-270816d53e84:c1438, a2c18d3d-e79d-47c9-88fe-d8a1d195302b:c1438]
2019-08-23 11:31:29,528 [grpc-default-executor-4] INFO  client.GrpcClientProtocolClient (GrpcClientProtocolClient.java:onNext(255)) - client-C9E345EC67ED->244f13ac-34be-4c4e-8e45-0c0272edbbb2: receive RaftClientReply:client-C9E345EC67ED->244f13ac-34be-4c4e-8e45-0c0272edbbb2@group-FE77C852EF02, cid=1082, SUCCESS, logIndex=1442, commits[244f13ac-34be-4c4e-8e45-0c0272edbbb2:c1442, 6287e41a-5356-4f55-84f2-270816d53e84:c1438, a2c18d3d-e79d-47c9-88fe-d8a1d195302b:c1438]
2019-08-23 11:31:29,529 | INFO  | DNAudit | user=null | ip=null | op=WRITE_CHUNK {blockData=conID: 3 locID: 102666068571587011 bcsId: 1436} | ret=SUCCESS |  
2019-08-23 11:31:29,529 | INFO  | DNAudit | user=null | ip=null | op=WRITE_CHUNK {blockData=conID: 3 locID: 102666068571587011 bcsId: 1436} | ret=SUCCESS |  
2019-08-23 11:31:29,529 | INFO  | DNAudit | user=null | ip=null | op=PUT_BLOCK {blockData=[blockId=conID: 3 locID: 102666068571587011 bcsId: 0,size=3145728]} | ret=SUCCESS |  
2019-08-23 11:31:29,529 | INFO  | DNAudit | user=null | ip=null | op=PUT_BLOCK {blockData=[blockId=conID: 3 locID: 102666068571587011 bcsId: 0,size=3145728]} | ret=SUCCESS |  
2019-08-23 11:31:29,534 | INFO  | DNAudit | user=null | ip=null | op=WRITE_CHUNK {blockData=conID: 3 locID: 102666068571587011 bcsId: 1442} | ret=SUCCESS |  
2019-08-23 11:31:29,537 | INFO  | DNAudit | user=null | ip=null | op=WRITE_CHUNK {blockData=conID: 3 locID: 102666068571587011 bcsId: 1442} | ret=SUCCESS |  
2019-08-23 11:31:29,537 | INFO  | DNAudit | user=null | ip=null | op=WRITE_CHUNK {blockData=conID: 3 locID: 102666068571587011 bcsId: 1442} | ret=SUCCESS |  
2019-08-23 11:31:29,547 | INFO  | DNAudit | user=null | ip=null | op=WRITE_CHUNK {blockData=conID: 3 locID: 102666068571587011 bcsId: 1442} | ret=SUCCESS |  
2019-08-23 11:31:29,547 | INFO  | DNAudit | user=null | ip=null | op=PUT_BLOCK {blockData=[blockId=conID: 3 locID: 102666068571587011 bcsId: 0,size=4194304]} | ret=SUCCESS |  
2019-08-23 11:31:29,547 [grpc-default-executor-1] INFO  client.GrpcClientProtocolClient (GrpcClientProtocolClient.java:onNext(255)) - client-C9E345EC67ED->244f13ac-34be-4c4e-8e45-0c0272edbbb2: receive RaftClientReply:client-C9E345EC67ED->244f13ac-34be-4c4e-8e45-0c0272edbbb2@group-FE77C852EF02, cid=1083, SUCCESS, logIndex=1445, commits[244f13ac-34be-4c4e-8e45-0c0272edbbb2:c1446, 6287e41a-5356-4f55-84f2-270816d53e84:c1444, a2c18d3d-e79d-47c9-88fe-d8a1d195302b:c1444]
2019-08-23 11:31:29,548 [grpc-default-executor-1] INFO  client.GrpcClientProtocolClient (GrpcClientProtocolClient.java:onNext(255)) - client-C9E345EC67ED->244f13ac-34be-4c4e-8e45-0c0272edbbb2: receive RaftClientReply:client-C9E345EC67ED->244f13ac-34be-4c4e-8e45-0c0272edbbb2@group-FE77C852EF02, cid=1084, SUCCESS, logIndex=1446, commits[244f13ac-34be-4c4e-8e45-0c0272edbbb2:c1446, 6287e41a-5356-4f55-84f2-270816d53e84:c1444, a2c18d3d-e79d-47c9-88fe-d8a1d195302b:c1444]
2019-08-23 11:31:29,557 | INFO  | SCMAudit | user=jenkins1000 | ip=192.168.5.185 | op=SEND_HEARTBEAT {datanodeUUID=0d166765-8492-4439-8677-f737a7bc54ca, command=[]} | ret=SUCCESS |  
2019-08-23 11:31:29,557 | INFO  | SCMAudit | user=jenkins1000 | ip=192.168.5.185 | op=SEND_HEARTBEAT {datanodeUUID=b2c34899-c5c3-4720-9d95-984efeabf4a7, command=[]} | ret=SUCCESS |  
2019-08-23 11:31:29,558 | INFO  | DNAudit | user=null | ip=null | op=WRITE_CHUNK {blockData=conID: 3 locID: 102666068571587011 bcsId: 1442} | ret=SUCCESS |  
2019-08-23 11:31:29,558 | INFO  | DNAudit | user=null | ip=null | op=WRITE_CHUNK {blockData=conID: 3 locID: 102666068571587011 bcsId: 1442} | ret=SUCCESS |  
2019-08-23 11:31:29,559 | INFO  | DNAudit | user=null | ip=null | op=PUT_BLOCK {blockData=[blockId=conID: 3 locID: 102666068571587011 bcsId: 0,size=4194304]} | ret=SUCCESS |  
2019-08-23 11:31:29,559 | INFO  | DNAudit | user=null | ip=null | op=PUT_BLOCK {blockData=[blockId=conID: 3 locID: 102666068571587011 bcsId: 0,size=4194304]} | ret=SUCCESS |  
2019-08-23 11:31:29,559 [grpc-default-executor-4] INFO  client.GrpcClientProtocolClient (GrpcClientProtocolClient.java:onNext(255)) - client-C9E345EC67ED->244f13ac-34be-4c4e-8e45-0c0272edbbb2: receive RaftClientReply:client-C9E345EC67ED->244f13ac-34be-4c4e-8e45-0c0272edbbb2@group-FE77C852EF02, cid=1085, SUCCESS, logIndex=0, commits[244f13ac-34be-4c4e-8e45-0c0272edbbb2:c1447, 6287e41a-5356-4f55-84f2-270816d53e84:c1446, a2c18d3d-e79d-47c9-88fe-d8a1d195302b:c1446]
2019-08-23 11:31:29,565 | INFO  | DNAudit | user=null | ip=null | op=WRITE_CHUNK {blockData=conID: 1 locID: 102666068571587012 bcsId: 0} | ret=SUCCESS |  
2019-08-23 11:31:29,568 | INFO  | DNAudit | user=null | ip=null | op=WRITE_CHUNK {blockData=conID: 1 locID: 102666068571587012 bcsId: 0} | ret=SUCCESS |  
2019-08-23 11:31:29,568 | INFO  | DNAudit | user=null | ip=null | op=WRITE_CHUNK {blockData=conID: 1 locID: 102666068571587012 bcsId: 0} | ret=SUCCESS |  
2019-08-23 11:31:29,569 | INFO  | DNAudit | user=null | ip=null | op=WRITE_CHUNK {blockData=conID: 1 locID: 102666068571587012 bcsId: 0} | ret=SUCCESS |  
2019-08-23 11:31:29,570 | INFO  | DNAudit | user=null | ip=null | op=WRITE_CHUNK {blockData=conID: 1 locID: 102666068571587012 bcsId: 0} | ret=SUCCESS |  
2019-08-23 11:31:29,571 | INFO  | DNAudit | user=null | ip=null | op=WRITE_CHUNK {blockData=conID: 1 locID: 102666068571587012 bcsId: 0} | ret=SUCCESS |  
2019-08-23 11:31:29,581 | INFO  | DNAudit | user=null | ip=null | op=WRITE_CHUNK {blockData=conID: 1 locID: 102666068571587012 bcsId: 0} | ret=SUCCESS |  
2019-08-23 11:31:29,581 | INFO  | DNAudit | user=null | ip=null | op=PUT_BLOCK {blockData=[blockId=conID: 1 locID: 102666068571587012 bcsId: 0,size=1048576]} | ret=SUCCESS |  
2019-08-23 11:31:29,581 [grpc-default-executor-4] INFO  client.GrpcClientProtocolClient (GrpcClientProtocolClient.java:onNext(255)) - client-C9E345EC67ED->244f13ac-34be-4c4e-8e45-0c0272edbbb2: receive RaftClientReply:client-C9E345EC67ED->244f13ac-34be-4c4e-8e45-0c0272edbbb2@group-FE77C852EF02, cid=1086, SUCCESS, logIndex=1449, commits[244f13ac-34be-4c4e-8e45-0c0272edbbb2:c1450, 6287e41a-5356-4f55-84f2-270816d53e84:c1447, a2c18d3d-e79d-47c9-88fe-d8a1d195302b:c1447]
2019-08-23 11:31:29,582 | INFO  | DNAudit | user=null | ip=null | op=WRITE_CHUNK {blockData=conID: 1 locID: 102666068571587012 bcsId: 0} | ret=SUCCESS |  
2019-08-23 11:31:29,582 [grpc-default-executor-4] INFO  client.GrpcClientProtocolClient (GrpcClientProtocolClient.java:onNext(255)) - client-C9E345EC67ED->244f13ac-34be-4c4e-8e45-0c0272edbbb2: receive RaftClientReply:client-C9E345EC67ED->244f13ac-34be-4c4e-8e45-0c0272edbbb2@group-FE77C852EF02, cid=1087, SUCCESS, logIndex=1450, commits[244f13ac-34be-4c4e-8e45-0c0272edbbb2:c1450, 6287e41a-5356-4f55-84f2-270816d53e84:c1447, a2c18d3d-e79d-47c9-88fe-d8a1d195302b:c1447]
2019-08-23 11:31:29,582 | INFO  | DNAudit | user=null | ip=null | op=PUT_BLOCK {blockData=[blockId=conID: 1 locID: 102666068571587012 bcsId: 0,size=2097152]} | ret=SUCCESS |  
2019-08-23 11:31:29,583 [grpc-default-executor-4] INFO  client.GrpcClientProtocolClient (GrpcClientProtocolClient.java:onNext(255)) - client-C9E345EC67ED->244f13ac-34be-4c4e-8e45-0c0272edbbb2: receive RaftClientReply:client-C9E345EC67ED->244f13ac-34be-4c4e-8e45-0c0272edbbb2@group-FE77C852EF02, cid=1088, SUCCESS, logIndex=1451, commits[244f13ac-34be-4c4e-8e45-0c0272edbbb2:c1452, 6287e41a-5356-4f55-84f2-270816d53e84:c1447, a2c18d3d-e79d-47c9-88fe-d8a1d195302b:c1447]
2019-08-23 11:31:29,583 [grpc-default-executor-4] INFO  client.GrpcClientProtocolClient (GrpcClientProtocolClient.java:onNext(255)) - client-C9E345EC67ED->244f13ac-34be-4c4e-8e45-0c0272edbbb2: receive RaftClientReply:client-C9E345EC67ED->244f13ac-34be-4c4e-8e45-0c0272edbbb2@group-FE77C852EF02, cid=1089, SUCCESS, logIndex=1452, commits[244f13ac-34be-4c4e-8e45-0c0272edbbb2:c1452, 6287e41a-5356-4f55-84f2-270816d53e84:c1447, a2c18d3d-e79d-47c9-88fe-d8a1d195302b:c1447]
2019-08-23 11:31:29,585 | INFO  | DNAudit | user=null | ip=null | op=WRITE_CHUNK {blockData=conID: 1 locID: 102666068571587012 bcsId: 0} | ret=SUCCESS |  
2019-08-23 11:31:29,586 | INFO  | DNAudit | user=null | ip=null | op=WRITE_CHUNK {blockData=conID: 1 locID: 102666068571587012 bcsId: 0} | ret=SUCCESS |  
2019-08-23 11:31:29,586 | INFO  | DNAudit | user=null | ip=null | op=PUT_BLOCK {blockData=[blockId=conID: 1 locID: 102666068571587012 bcsId: 0,size=1048576]} | ret=SUCCESS |  
2019-08-23 11:31:29,586 | INFO  | DNAudit | user=null | ip=null | op=PUT_BLOCK {blockData=[blockId=conID: 1 locID: 102666068571587012 bcsId: 0,size=1048576]} | ret=SUCCESS |  
2019-08-23 11:31:29,586 | INFO  | DNAudit | user=null | ip=null | op=WRITE_CHUNK {blockData=conID: 1 locID: 102666068571587012 bcsId: 0} | ret=SUCCESS |  
2019-08-23 11:31:29,586 | INFO  | DNAudit | user=null | ip=null | op=WRITE_CHUNK {blockData=conID: 1 locID: 102666068571587012 bcsId: 0} | ret=SUCCESS |  
2019-08-23 11:31:29,587 | INFO  | DNAudit | user=null | ip=null | op=PUT_BLOCK {blockData=[blockId=conID: 1 locID: 102666068571587012 bcsId: 0,size=2097152]} | ret=SUCCESS |  
2019-08-23 11:31:29,587 | INFO  | DNAudit | user=null | ip=null | op=PUT_BLOCK {blockData=[blockId=conID: 1 locID: 102666068571587012 bcsId: 0,size=2097152]} | ret=SUCCESS |  
2019-08-23 11:31:29,587 [grpc-default-executor-4] INFO  client.GrpcClientProtocolClient (GrpcClientProtocolClient.java:onNext(255)) - client-C9E345EC67ED->244f13ac-34be-4c4e-8e45-0c0272edbbb2: receive RaftClientReply:client-C9E345EC67ED->244f13ac-34be-4c4e-8e45-0c0272edbbb2@group-FE77C852EF02, cid=1090, SUCCESS, logIndex=0, commits[244f13ac-34be-4c4e-8e45-0c0272edbbb2:c1454, 6287e41a-5356-4f55-84f2-270816d53e84:c1450, a2c18d3d-e79d-47c9-88fe-d8a1d195302b:c1450]
2019-08-23 11:31:29,594 | INFO  | DNAudit | user=null | ip=null | op=WRITE_CHUNK {blockData=conID: 1 locID: 102666068571587012 bcsId: 1452} | ret=SUCCESS |  
2019-08-23 11:31:29,597 | INFO  | DNAudit | user=null | ip=null | op=WRITE_CHUNK {blockData=conID: 1 locID: 102666068571587012 bcsId: 1452} | ret=SUCCESS |  
2019-08-23 11:31:29,597 | INFO  | DNAudit | user=null | ip=null | op=WRITE_CHUNK {blockData=conID: 1 locID: 102666068571587012 bcsId: 1452} | ret=SUCCESS |  
2019-08-23 11:31:29,606 | INFO  | DNAudit | user=null | ip=null | op=WRITE_CHUNK {blockData=conID: 1 locID: 102666068571587012 bcsId: 1452} | ret=SUCCESS |  
2019-08-23 11:31:29,606 | INFO  | DNAudit | user=null | ip=null | op=PUT_BLOCK {blockData=[blockId=conID: 1 locID: 102666068571587012 bcsId: 0,size=3145728]} | ret=SUCCESS |  
2019-08-23 11:31:29,606 [grpc-default-executor-2] INFO  client.GrpcClientProtocolClient (GrpcClientProtocolClient.java:onNext(255)) - client-C9E345EC67ED->244f13ac-34be-4c4e-8e45-0c0272edbbb2: receive RaftClientReply:client-C9E345EC67ED->244f13ac-34be-4c4e-8e45-0c0272edbbb2@group-FE77C852EF02, cid=1091, SUCCESS, logIndex=1457, commits[244f13ac-34be-4c4e-8e45-0c0272edbbb2:c1458, 6287e41a-5356-4f55-84f2-270816d53e84:c1456, a2c18d3d-e79d-47c9-88fe-d8a1d195302b:c1456]
2019-08-23 11:31:29,607 [grpc-default-executor-2] INFO  client.GrpcClientProtocolClient (GrpcClientProtocolClient.java:onNext(255)) - client-C9E345EC67ED->244f13ac-34be-4c4e-8e45-0c0272edbbb2: receive RaftClientReply:client-C9E345EC67ED->244f13ac-34be-4c4e-8e45-0c0272edbbb2@group-FE77C852EF02, cid=1092, SUCCESS, logIndex=1458, commits[244f13ac-34be-4c4e-8e45-0c0272edbbb2:c1458, 6287e41a-5356-4f55-84f2-270816d53e84:c1456, a2c18d3d-e79d-47c9-88fe-d8a1d195302b:c1456]
2019-08-23 11:31:29,608 | INFO  | DNAudit | user=null | ip=null | op=WRITE_CHUNK {blockData=conID: 1 locID: 102666068571587012 bcsId: 1452} | ret=SUCCESS |  
2019-08-23 11:31:29,609 | INFO  | DNAudit | user=null | ip=null | op=WRITE_CHUNK {blockData=conID: 1 locID: 102666068571587012 bcsId: 1452} | ret=SUCCESS |  
2019-08-23 11:31:29,616 | INFO  | DNAudit | user=null | ip=null | op=WRITE_CHUNK {blockData=conID: 1 locID: 102666068571587012 bcsId: 1458} | ret=SUCCESS |  
2019-08-23 11:31:29,618 | INFO  | DNAudit | user=null | ip=null | op=WRITE_CHUNK {blockData=conID: 1 locID: 102666068571587012 bcsId: 1458} | ret=SUCCESS |  
2019-08-23 11:31:29,618 | INFO  | DNAudit | user=null | ip=null | op=PUT_BLOCK {blockData=[blockId=conID: 1 locID: 102666068571587012 bcsId: 0,size=3145728]} | ret=SUCCESS |  
2019-08-23 11:31:29,618 | INFO  | DNAudit | user=null | ip=null | op=WRITE_CHUNK {blockData=conID: 1 locID: 102666068571587012 bcsId: 1458} | ret=SUCCESS |  
2019-08-23 11:31:29,619 | INFO  | DNAudit | user=null | ip=null | op=PUT_BLOCK {blockData=[blockId=conID: 1 locID: 102666068571587012 bcsId: 0,size=3145728]} | ret=SUCCESS |  
2019-08-23 11:31:29,620 | INFO  | DNAudit | user=null | ip=null | op=WRITE_CHUNK {blockData=conID: 1 locID: 102666068571587012 bcsId: 1458} | ret=SUCCESS |  
2019-08-23 11:31:29,621 | INFO  | DNAudit | user=null | ip=null | op=PUT_BLOCK {blockData=[blockId=conID: 1 locID: 102666068571587012 bcsId: 0,size=4194304]} | ret=SUCCESS |  
2019-08-23 11:31:29,621 [grpc-default-executor-2] INFO  client.GrpcClientProtocolClient (GrpcClientProtocolClient.java:onNext(255)) - client-C9E345EC67ED->244f13ac-34be-4c4e-8e45-0c0272edbbb2: receive RaftClientReply:client-C9E345EC67ED->244f13ac-34be-4c4e-8e45-0c0272edbbb2@group-FE77C852EF02, cid=1093, SUCCESS, logIndex=1461, commits[244f13ac-34be-4c4e-8e45-0c0272edbbb2:c1462, 6287e41a-5356-4f55-84f2-270816d53e84:c1458, a2c18d3d-e79d-47c9-88fe-d8a1d195302b:c1459]
2019-08-23 11:31:29,621 [grpc-default-executor-2] INFO  client.GrpcClientProtocolClient (GrpcClientProtocolClient.java:onNext(255)) - client-C9E345EC67ED->244f13ac-34be-4c4e-8e45-0c0272edbbb2: receive RaftClientReply:client-C9E345EC67ED->244f13ac-34be-4c4e-8e45-0c0272edbbb2@group-FE77C852EF02, cid=1094, SUCCESS, logIndex=1462, commits[244f13ac-34be-4c4e-8e45-0c0272edbbb2:c1462, 6287e41a-5356-4f55-84f2-270816d53e84:c1458, a2c18d3d-e79d-47c9-88fe-d8a1d195302b:c1459]
2019-08-23 11:31:29,623 | INFO  | DNAudit | user=null | ip=null | op=WRITE_CHUNK {blockData=conID: 1 locID: 102666068571587012 bcsId: 1458} | ret=SUCCESS |  
2019-08-23 11:31:29,624 | INFO  | DNAudit | user=null | ip=null | op=PUT_BLOCK {blockData=[blockId=conID: 1 locID: 102666068571587012 bcsId: 0,size=4194304]} | ret=SUCCESS |  
2019-08-23 11:31:29,633 | INFO  | DNAudit | user=null | ip=null | op=WRITE_CHUNK {blockData=conID: 1 locID: 102666068571587012 bcsId: 1458} | ret=SUCCESS |  
2019-08-23 11:31:29,633 | INFO  | DNAudit | user=null | ip=null | op=PUT_BLOCK {blockData=[blockId=conID: 1 locID: 102666068571587012 bcsId: 0,size=4194304]} | ret=SUCCESS |  
2019-08-23 11:31:29,633 [grpc-default-executor-1] INFO  client.GrpcClientProtocolClient (GrpcClientProtocolClient.java:onNext(255)) - client-C9E345EC67ED->244f13ac-34be-4c4e-8e45-0c0272edbbb2: receive RaftClientReply:client-C9E345EC67ED->244f13ac-34be-4c4e-8e45-0c0272edbbb2@group-FE77C852EF02, cid=1095, SUCCESS, logIndex=0, commits[244f13ac-34be-4c4e-8e45-0c0272edbbb2:c1463, 6287e41a-5356-4f55-84f2-270816d53e84:c1462, a2c18d3d-e79d-47c9-88fe-d8a1d195302b:c1462]
2019-08-23 11:31:29,641 | INFO  | DNAudit | user=null | ip=null | op=WRITE_CHUNK {blockData=conID: 2 locID: 102666068571652549 bcsId: 0} | ret=SUCCESS |  
2019-08-23 11:31:29,643 | INFO  | DNAudit | user=null | ip=null | op=WRITE_CHUNK {blockData=conID: 2 locID: 102666068571652549 bcsId: 0} | ret=SUCCESS |  
2019-08-23 11:31:29,644 | INFO  | DNAudit | user=null | ip=null | op=WRITE_CHUNK {blockData=conID: 2 locID: 102666068571652549 bcsId: 0} | ret=SUCCESS |  
2019-08-23 11:31:29,645 | INFO  | DNAudit | user=null | ip=null | op=WRITE_CHUNK {blockData=conID: 2 locID: 102666068571652549 bcsId: 0} | ret=SUCCESS |  
2019-08-23 11:31:29,646 | INFO  | DNAudit | user=null | ip=null | op=WRITE_CHUNK {blockData=conID: 2 locID: 102666068571652549 bcsId: 0} | ret=SUCCESS |  
2019-08-23 11:31:29,647 | INFO  | DNAudit | user=null | ip=null | op=WRITE_CHUNK {blockData=conID: 2 locID: 102666068571652549 bcsId: 0} | ret=SUCCESS |  
2019-08-23 11:31:29,660 | INFO  | DNAudit | user=null | ip=null | op=WRITE_CHUNK {blockData=conID: 2 locID: 102666068571652549 bcsId: 0} | ret=SUCCESS |  
2019-08-23 11:31:29,660 | INFO  | DNAudit | user=null | ip=null | op=PUT_BLOCK {blockData=[blockId=conID: 2 locID: 102666068571652549 bcsId: 0,size=1048576]} | ret=SUCCESS |  
2019-08-23 11:31:29,660 [grpc-default-executor-1] INFO  client.GrpcClientProtocolClient (GrpcClientProtocolClient.java:onNext(255)) - client-C9E345EC67ED->244f13ac-34be-4c4e-8e45-0c0272edbbb2: receive RaftClientReply:client-C9E345EC67ED->244f13ac-34be-4c4e-8e45-0c0272edbbb2@group-FE77C852EF02, cid=1096, SUCCESS, logIndex=1465, commits[244f13ac-34be-4c4e-8e45-0c0272edbbb2:c1466, 6287e41a-5356-4f55-84f2-270816d53e84:c1464, a2c18d3d-e79d-47c9-88fe-d8a1d195302b:c1464]
2019-08-23 11:31:29,661 | INFO  | DNAudit | user=null | ip=null | op=WRITE_CHUNK {blockData=conID: 2 locID: 102666068571652549 bcsId: 0} | ret=SUCCESS |  
2019-08-23 11:31:29,661 [grpc-default-executor-1] INFO  client.GrpcClientProtocolClient (GrpcClientProtocolClient.java:onNext(255)) - client-C9E345EC67ED->244f13ac-34be-4c4e-8e45-0c0272edbbb2: receive RaftClientReply:client-C9E345EC67ED->244f13ac-34be-4c4e-8e45-0c0272edbbb2@group-FE77C852EF02, cid=1097, SUCCESS, logIndex=1466, commits[244f13ac-34be-4c4e-8e45-0c0272edbbb2:c1468, 6287e41a-5356-4f55-84f2-270816d53e84:c1464, a2c18d3d-e79d-47c9-88fe-d8a1d195302b:c1464]
2019-08-23 11:31:29,661 | INFO  | DNAudit | user=null | ip=null | op=WRITE_CHUNK {blockData=conID: 2 locID: 102666068571652549 bcsId: 0} | ret=SUCCESS |  
2019-08-23 11:31:29,662 | INFO  | DNAudit | user=null | ip=null | op=PUT_BLOCK {blockData=[blockId=conID: 2 locID: 102666068571652549 bcsId: 0,size=2097152]} | ret=SUCCESS |  
2019-08-23 11:31:29,662 | INFO  | DNAudit | user=null | ip=null | op=PUT_BLOCK {blockData=[blockId=conID: 2 locID: 102666068571652549 bcsId: 0,size=1048576]} | ret=SUCCESS |  
2019-08-23 11:31:29,662 [grpc-default-executor-1] INFO  client.GrpcClientProtocolClient (GrpcClientProtocolClient.java:onNext(255)) - client-C9E345EC67ED->244f13ac-34be-4c4e-8e45-0c0272edbbb2: receive RaftClientReply:client-C9E345EC67ED->244f13ac-34be-4c4e-8e45-0c0272edbbb2@group-FE77C852EF02, cid=1098, SUCCESS, logIndex=1467, commits[244f13ac-34be-4c4e-8e45-0c0272edbbb2:c1468, 6287e41a-5356-4f55-84f2-270816d53e84:c1464, a2c18d3d-e79d-47c9-88fe-d8a1d195302b:c1464]
2019-08-23 11:31:29,662 [grpc-default-executor-1] INFO  client.GrpcClientProtocolClient (GrpcClientProtocolClient.java:onNext(255)) - client-C9E345EC67ED->244f13ac-34be-4c4e-8e45-0c0272edbbb2: receive RaftClientReply:client-C9E345EC67ED->244f13ac-34be-4c4e-8e45-0c0272edbbb2@group-FE77C852EF02, cid=1099, SUCCESS, logIndex=1468, commits[244f13ac-34be-4c4e-8e45-0c0272edbbb2:c1469, 6287e41a-5356-4f55-84f2-270816d53e84:c1466, a2c18d3d-e79d-47c9-88fe-d8a1d195302b:c1464]
2019-08-23 11:31:29,664 | INFO  | DNAudit | user=null | ip=null | op=WRITE_CHUNK {blockData=conID: 2 locID: 102666068571652549 bcsId: 0} | ret=SUCCESS |  
2019-08-23 11:31:29,664 | INFO  | DNAudit | user=null | ip=null | op=PUT_BLOCK {blockData=[blockId=conID: 2 locID: 102666068571652549 bcsId: 0,size=1048576]} | ret=SUCCESS |  
2019-08-23 11:31:29,665 | INFO  | DNAudit | user=null | ip=null | op=WRITE_CHUNK {blockData=conID: 2 locID: 102666068571652549 bcsId: 0} | ret=SUCCESS |  
2019-08-23 11:31:29,665 [grpc-default-executor-1] INFO  client.GrpcClientProtocolClient (GrpcClientProtocolClient.java:onNext(255)) - client-C9E345EC67ED->244f13ac-34be-4c4e-8e45-0c0272edbbb2: receive RaftClientReply:client-C9E345EC67ED->244f13ac-34be-4c4e-8e45-0c0272edbbb2@group-FE77C852EF02, cid=1100, SUCCESS, logIndex=0, commits[244f13ac-34be-4c4e-8e45-0c0272edbbb2:c1469, 6287e41a-5356-4f55-84f2-270816d53e84:c1466, a2c18d3d-e79d-47c9-88fe-d8a1d195302b:c1466]
2019-08-23 11:31:29,665 | INFO  | DNAudit | user=null | ip=null | op=PUT_BLOCK {blockData=[blockId=conID: 2 locID: 102666068571652549 bcsId: 0,size=2097152]} | ret=SUCCESS |  
2019-08-23 11:31:29,672 | INFO  | DNAudit | user=null | ip=null | op=WRITE_CHUNK {blockData=conID: 2 locID: 102666068571652549 bcsId: 1468} | ret=SUCCESS |  
2019-08-23 11:31:29,677 | INFO  | DNAudit | user=null | ip=null | op=WRITE_CHUNK {blockData=conID: 2 locID: 102666068571652549 bcsId: 1468} | ret=SUCCESS |  
2019-08-23 11:31:29,677 | INFO  | DNAudit | user=null | ip=null | op=WRITE_CHUNK {blockData=conID: 2 locID: 102666068571652549 bcsId: 1468} | ret=SUCCESS |  
2019-08-23 11:31:29,678 | INFO  | DNAudit | user=null | ip=null | op=WRITE_CHUNK {blockData=conID: 2 locID: 102666068571652549 bcsId: 0} | ret=SUCCESS |  
2019-08-23 11:31:29,679 | INFO  | DNAudit | user=null | ip=null | op=PUT_BLOCK {blockData=[blockId=conID: 2 locID: 102666068571652549 bcsId: 0,size=2097152]} | ret=SUCCESS |  
2019-08-23 11:31:29,706 | INFO  | DNAudit | user=null | ip=null | op=WRITE_CHUNK {blockData=conID: 2 locID: 102666068571652549 bcsId: 1468} | ret=SUCCESS |  
2019-08-23 11:31:29,706 | INFO  | DNAudit | user=null | ip=null | op=PUT_BLOCK {blockData=[blockId=conID: 2 locID: 102666068571652549 bcsId: 0,size=3145728]} | ret=SUCCESS |  
2019-08-23 11:31:29,707 [grpc-default-executor-4] INFO  client.GrpcClientProtocolClient (GrpcClientProtocolClient.java:onNext(255)) - client-C9E345EC67ED->244f13ac-34be-4c4e-8e45-0c0272edbbb2: receive RaftClientReply:client-C9E345EC67ED->244f13ac-34be-4c4e-8e45-0c0272edbbb2@group-FE77C852EF02, cid=1101, SUCCESS, logIndex=1473, commits[244f13ac-34be-4c4e-8e45-0c0272edbbb2:c1474, 6287e41a-5356-4f55-84f2-270816d53e84:c1472, a2c18d3d-e79d-47c9-88fe-d8a1d195302b:c1472]
2019-08-23 11:31:29,707 [grpc-default-executor-4] INFO  client.GrpcClientProtocolClient (GrpcClientProtocolClient.java:onNext(255)) - client-C9E345EC67ED->244f13ac-34be-4c4e-8e45-0c0272edbbb2: receive RaftClientReply:client-C9E345EC67ED->244f13ac-34be-4c4e-8e45-0c0272edbbb2@group-FE77C852EF02, cid=1102, SUCCESS, logIndex=1474, commits[244f13ac-34be-4c4e-8e45-0c0272edbbb2:c1474, 6287e41a-5356-4f55-84f2-270816d53e84:c1472, a2c18d3d-e79d-47c9-88fe-d8a1d195302b:c1472]
2019-08-23 11:31:29,716 | INFO  | DNAudit | user=null | ip=null | op=WRITE_CHUNK {blockData=conID: 2 locID: 102666068571652549 bcsId: 1474} | ret=SUCCESS |  
2019-08-23 11:31:29,717 | INFO  | DNAudit | user=null | ip=null | op=WRITE_CHUNK {blockData=conID: 2 locID: 102666068571652549 bcsId: 1468} | ret=SUCCESS |  
2019-08-23 11:31:29,718 | INFO  | DNAudit | user=null | ip=null | op=WRITE_CHUNK {blockData=conID: 2 locID: 102666068571652549 bcsId: 1468} | ret=SUCCESS |  
2019-08-23 11:31:29,718 | INFO  | DNAudit | user=null | ip=null | op=PUT_BLOCK {blockData=[blockId=conID: 2 locID: 102666068571652549 bcsId: 0,size=3145728]} | ret=SUCCESS |  
2019-08-23 11:31:29,718 | INFO  | DNAudit | user=null | ip=null | op=PUT_BLOCK {blockData=[blockId=conID: 2 locID: 102666068571652549 bcsId: 0,size=3145728]} | ret=SUCCESS |  
2019-08-23 11:31:29,719 | INFO  | DNAudit | user=null | ip=null | op=WRITE_CHUNK {blockData=conID: 2 locID: 102666068571652549 bcsId: 1474} | ret=SUCCESS |  
2019-08-23 11:31:29,719 | INFO  | DNAudit | user=null | ip=null | op=WRITE_CHUNK {blockData=conID: 2 locID: 102666068571652549 bcsId: 1474} | ret=SUCCESS |  
2019-08-23 11:31:29,731 | INFO  | DNAudit | user=null | ip=null | op=WRITE_CHUNK {blockData=conID: 2 locID: 102666068571652549 bcsId: 1474} | ret=SUCCESS |  
2019-08-23 11:31:29,732 | INFO  | DNAudit | user=null | ip=null | op=PUT_BLOCK {blockData=[blockId=conID: 2 locID: 102666068571652549 bcsId: 0,size=4194304]} | ret=SUCCESS |  
2019-08-23 11:31:29,732 [grpc-default-executor-1] INFO  client.GrpcClientProtocolClient (GrpcClientProtocolClient.java:onNext(255)) - client-C9E345EC67ED->244f13ac-34be-4c4e-8e45-0c0272edbbb2: receive RaftClientReply:client-C9E345EC67ED->244f13ac-34be-4c4e-8e45-0c0272edbbb2@group-FE77C852EF02, cid=1103, SUCCESS, logIndex=1477, commits[244f13ac-34be-4c4e-8e45-0c0272edbbb2:c1478, 6287e41a-5356-4f55-84f2-270816d53e84:c1474, a2c18d3d-e79d-47c9-88fe-d8a1d195302b:c1474]
2019-08-23 11:31:29,733 [grpc-default-executor-1] INFO  client.GrpcClientProtocolClient (GrpcClientProtocolClient.java:onNext(255)) - client-C9E345EC67ED->244f13ac-34be-4c4e-8e45-0c0272edbbb2: receive RaftClientReply:client-C9E345EC67ED->244f13ac-34be-4c4e-8e45-0c0272edbbb2@group-FE77C852EF02, cid=1104, SUCCESS, logIndex=1478, commits[244f13ac-34be-4c4e-8e45-0c0272edbbb2:c1478, 6287e41a-5356-4f55-84f2-270816d53e84:c1474, a2c18d3d-e79d-47c9-88fe-d8a1d195302b:c1474]
2019-08-23 11:31:29,743 | INFO  | DNAudit | user=null | ip=null | op=WRITE_CHUNK {blockData=conID: 2 locID: 102666068571652549 bcsId: 1474} | ret=SUCCESS |  
2019-08-23 11:31:29,743 | INFO  | DNAudit | user=null | ip=null | op=WRITE_CHUNK {blockData=conID: 2 locID: 102666068571652549 bcsId: 1474} | ret=SUCCESS |  
2019-08-23 11:31:29,743 | INFO  | DNAudit | user=null | ip=null | op=PUT_BLOCK {blockData=[blockId=conID: 2 locID: 102666068571652549 bcsId: 0,size=4194304]} | ret=SUCCESS |  
2019-08-23 11:31:29,744 | INFO  | DNAudit | user=null | ip=null | op=PUT_BLOCK {blockData=[blockId=conID: 2 locID: 102666068571652549 bcsId: 0,size=4194304]} | ret=SUCCESS |  
2019-08-23 11:31:29,744 [grpc-default-executor-1] INFO  client.GrpcClientProtocolClient (GrpcClientProtocolClient.java:onNext(255)) - client-C9E345EC67ED->244f13ac-34be-4c4e-8e45-0c0272edbbb2: receive RaftClientReply:client-C9E345EC67ED->244f13ac-34be-4c4e-8e45-0c0272edbbb2@group-FE77C852EF02, cid=1105, SUCCESS, logIndex=0, commits[244f13ac-34be-4c4e-8e45-0c0272edbbb2:c1479, 6287e41a-5356-4f55-84f2-270816d53e84:c1478, a2c18d3d-e79d-47c9-88fe-d8a1d195302b:c1478]
2019-08-23 11:31:29,751 | INFO  | DNAudit | user=null | ip=null | op=WRITE_CHUNK {blockData=conID: 3 locID: 102666068571652550 bcsId: 0} | ret=SUCCESS |  
2019-08-23 11:31:29,755 | INFO  | DNAudit | user=null | ip=null | op=WRITE_CHUNK {blockData=conID: 3 locID: 102666068571652550 bcsId: 0} | ret=SUCCESS |  
2019-08-23 11:31:29,755 | INFO  | DNAudit | user=null | ip=null | op=WRITE_CHUNK {blockData=conID: 3 locID: 102666068571652550 bcsId: 0} | ret=SUCCESS |  
2019-08-23 11:31:29,755 | INFO  | DNAudit | user=null | ip=null | op=WRITE_CHUNK {blockData=conID: 3 locID: 102666068571652550 bcsId: 0} | ret=SUCCESS |  
2019-08-23 11:31:29,758 | INFO  | DNAudit | user=null | ip=null | op=WRITE_CHUNK {blockData=conID: 3 locID: 102666068571652550 bcsId: 0} | ret=SUCCESS |  
2019-08-23 11:31:29,758 | INFO  | DNAudit | user=null | ip=null | op=WRITE_CHUNK {blockData=conID: 3 locID: 102666068571652550 bcsId: 0} | ret=SUCCESS |  
2019-08-23 11:31:29,763 | INFO  | DNAudit | user=null | ip=null | op=WRITE_CHUNK {blockData=conID: 3 locID: 102666068571652550 bcsId: 0} | ret=SUCCESS |  
2019-08-23 11:31:29,764 | INFO  | DNAudit | user=null | ip=null | op=PUT_BLOCK {blockData=[blockId=conID: 3 locID: 102666068571652550 bcsId: 0,size=1048576]} | ret=SUCCESS |  
2019-08-23 11:31:29,764 [grpc-default-executor-1] INFO  client.GrpcClientProtocolClient (GrpcClientProtocolClient.java:onNext(255)) - client-C9E345EC67ED->244f13ac-34be-4c4e-8e45-0c0272edbbb2: receive RaftClientReply:client-C9E345EC67ED->244f13ac-34be-4c4e-8e45-0c0272edbbb2@group-FE77C852EF02, cid=1106, SUCCESS, logIndex=1481, commits[244f13ac-34be-4c4e-8e45-0c0272edbbb2:c1482, 6287e41a-5356-4f55-84f2-270816d53e84:c1480, a2c18d3d-e79d-47c9-88fe-d8a1d195302b:c1480]
2019-08-23 11:31:29,765 | INFO  | DNAudit | user=null | ip=null | op=WRITE_CHUNK {blockData=conID: 3 locID: 102666068571652550 bcsId: 0} | ret=SUCCESS |  
2019-08-23 11:31:29,765 [grpc-default-executor-1] INFO  client.GrpcClientProtocolClient (GrpcClientProtocolClient.java:onNext(255)) - client-C9E345EC67ED->244f13ac-34be-4c4e-8e45-0c0272edbbb2: receive RaftClientReply:client-C9E345EC67ED->244f13ac-34be-4c4e-8e45-0c0272edbbb2@group-FE77C852EF02, cid=1107, SUCCESS, logIndex=1482, commits[244f13ac-34be-4c4e-8e45-0c0272edbbb2:c1482, 6287e41a-5356-4f55-84f2-270816d53e84:c1480, a2c18d3d-e79d-47c9-88fe-d8a1d195302b:c1480]
2019-08-23 11:31:29,765 | INFO  | DNAudit | user=null | ip=null | op=PUT_BLOCK {blockData=[blockId=conID: 3 locID: 102666068571652550 bcsId: 0,size=2097152]} | ret=SUCCESS |  
2019-08-23 11:31:29,765 [grpc-default-executor-5] INFO  client.GrpcClientProtocolClient (GrpcClientProtocolClient.java:onNext(255)) - client-C9E345EC67ED->244f13ac-34be-4c4e-8e45-0c0272edbbb2: receive RaftClientReply:client-C9E345EC67ED->244f13ac-34be-4c4e-8e45-0c0272edbbb2@group-FE77C852EF02, cid=1108, SUCCESS, logIndex=1483, commits[244f13ac-34be-4c4e-8e45-0c0272edbbb2:c1483, 6287e41a-5356-4f55-84f2-270816d53e84:c1480, a2c18d3d-e79d-47c9-88fe-d8a1d195302b:c1480]
2019-08-23 11:31:29,766 | INFO  | DNAudit | user=null | ip=null | op=WRITE_CHUNK {blockData=conID: 3 locID: 102666068571652550 bcsId: 0} | ret=SUCCESS |  
2019-08-23 11:31:29,766 | INFO  | DNAudit | user=null | ip=null | op=PUT_BLOCK {blockData=[blockId=conID: 3 locID: 102666068571652550 bcsId: 0,size=1048576]} | ret=SUCCESS |  
2019-08-23 11:31:29,766 [grpc-default-executor-5] INFO  client.GrpcClientProtocolClient (GrpcClientProtocolClient.java:onNext(255)) - client-C9E345EC67ED->244f13ac-34be-4c4e-8e45-0c0272edbbb2: receive RaftClientReply:client-C9E345EC67ED->244f13ac-34be-4c4e-8e45-0c0272edbbb2@group-FE77C852EF02, cid=1109, SUCCESS, logIndex=1484, commits[244f13ac-34be-4c4e-8e45-0c0272edbbb2:c1484, 6287e41a-5356-4f55-84f2-270816d53e84:c1480, a2c18d3d-e79d-47c9-88fe-d8a1d195302b:c1480]
2019-08-23 11:31:29,768 | INFO  | DNAudit | user=null | ip=null | op=WRITE_CHUNK {blockData=conID: 3 locID: 102666068571652550 bcsId: 0} | ret=SUCCESS |  
2019-08-23 11:31:29,768 | INFO  | DNAudit | user=null | ip=null | op=PUT_BLOCK {blockData=[blockId=conID: 3 locID: 102666068571652550 bcsId: 0,size=1048576]} | ret=SUCCESS |  
2019-08-23 11:31:29,768 | INFO  | DNAudit | user=null | ip=null | op=WRITE_CHUNK {blockData=conID: 3 locID: 102666068571652550 bcsId: 0} | ret=SUCCESS |  
2019-08-23 11:31:29,768 [grpc-default-executor-5] INFO  client.GrpcClientProtocolClient (GrpcClientProtocolClient.java:onNext(255)) - client-C9E345EC67ED->244f13ac-34be-4c4e-8e45-0c0272edbbb2: receive RaftClientReply:client-C9E345EC67ED->244f13ac-34be-4c4e-8e45-0c0272edbbb2@group-FE77C852EF02, cid=1110, SUCCESS, logIndex=0, commits[244f13ac-34be-4c4e-8e45-0c0272edbbb2:c1486, 6287e41a-5356-4f55-84f2-270816d53e84:c1482, a2c18d3d-e79d-47c9-88fe-d8a1d195302b:c1482]
2019-08-23 11:31:29,775 | INFO  | DNAudit | user=null | ip=null | op=WRITE_CHUNK {blockData=conID: 3 locID: 102666068571652550 bcsId: 1484} | ret=SUCCESS |  
2019-08-23 11:31:29,777 | INFO  | DNAudit | user=null | ip=null | op=WRITE_CHUNK {blockData=conID: 3 locID: 102666068571652550 bcsId: 1484} | ret=SUCCESS |  
2019-08-23 11:31:29,778 | INFO  | DNAudit | user=null | ip=null | op=WRITE_CHUNK {blockData=conID: 3 locID: 102666068571652550 bcsId: 1484} | ret=SUCCESS |  
2019-08-23 11:31:29,781 | INFO  | DNAudit | user=null | ip=null | op=WRITE_CHUNK {blockData=conID: 3 locID: 102666068571652550 bcsId: 0} | ret=SUCCESS |  
2019-08-23 11:31:29,781 | INFO  | DNAudit | user=null | ip=null | op=PUT_BLOCK {blockData=[blockId=conID: 3 locID: 102666068571652550 bcsId: 0,size=2097152]} | ret=SUCCESS |  
2019-08-23 11:31:29,781 | INFO  | DNAudit | user=null | ip=null | op=PUT_BLOCK {blockData=[blockId=conID: 3 locID: 102666068571652550 bcsId: 0,size=2097152]} | ret=SUCCESS |  
2019-08-23 11:31:29,781 | INFO  | DNAudit | user=null | ip=null | op=WRITE_CHUNK {blockData=conID: 3 locID: 102666068571652550 bcsId: 1484} | ret=SUCCESS |  
2019-08-23 11:31:29,782 | INFO  | DNAudit | user=null | ip=null | op=PUT_BLOCK {blockData=[blockId=conID: 3 locID: 102666068571652550 bcsId: 0,size=3145728]} | ret=SUCCESS |  
2019-08-23 11:31:29,782 [grpc-default-executor-1] INFO  client.GrpcClientProtocolClient (GrpcClientProtocolClient.java:onNext(255)) - client-C9E345EC67ED->244f13ac-34be-4c4e-8e45-0c0272edbbb2: receive RaftClientReply:client-C9E345EC67ED->244f13ac-34be-4c4e-8e45-0c0272edbbb2@group-FE77C852EF02, cid=1111, SUCCESS, logIndex=1489, commits[244f13ac-34be-4c4e-8e45-0c0272edbbb2:c1490, 6287e41a-5356-4f55-84f2-270816d53e84:c1487, a2c18d3d-e79d-47c9-88fe-d8a1d195302b:c1484]
2019-08-23 11:31:29,782 | INFO  | DNAudit | user=null | ip=null | op=WRITE_CHUNK {blockData=conID: 3 locID: 102666068571652550 bcsId: 1484} | ret=SUCCESS |  
2019-08-23 11:31:29,782 [grpc-default-executor-1] INFO  client.GrpcClientProtocolClient (GrpcClientProtocolClient.java:onNext(255)) - client-C9E345EC67ED->244f13ac-34be-4c4e-8e45-0c0272edbbb2: receive RaftClientReply:client-C9E345EC67ED->244f13ac-34be-4c4e-8e45-0c0272edbbb2@group-FE77C852EF02, cid=1112, SUCCESS, logIndex=1490, commits[244f13ac-34be-4c4e-8e45-0c0272edbbb2:c1490, 6287e41a-5356-4f55-84f2-270816d53e84:c1487, a2c18d3d-e79d-47c9-88fe-d8a1d195302b:c1484]
2019-08-23 11:31:29,783 | INFO  | DNAudit | user=null | ip=null | op=WRITE_CHUNK {blockData=conID: 3 locID: 102666068571652550 bcsId: 1484} | ret=SUCCESS |  
2019-08-23 11:31:29,784 | INFO  | DNAudit | user=null | ip=null | op=PUT_BLOCK {blockData=[blockId=conID: 3 locID: 102666068571652550 bcsId: 0,size=3145728]} | ret=SUCCESS |  
2019-08-23 11:31:29,792 | INFO  | DNAudit | user=null | ip=null | op=WRITE_CHUNK {blockData=conID: 3 locID: 102666068571652550 bcsId: 1490} | ret=SUCCESS |  
2019-08-23 11:31:29,793 | INFO  | DNAudit | user=null | ip=null | op=WRITE_CHUNK {blockData=conID: 3 locID: 102666068571652550 bcsId: 1490} | ret=SUCCESS |  
2019-08-23 11:31:29,794 | INFO  | DNAudit | user=null | ip=null | op=PUT_BLOCK {blockData=[blockId=conID: 3 locID: 102666068571652550 bcsId: 0,size=3145728]} | ret=SUCCESS |  
2019-08-23 11:31:29,795 | INFO  | DNAudit | user=null | ip=null | op=WRITE_CHUNK {blockData=conID: 3 locID: 102666068571652550 bcsId: 1490} | ret=SUCCESS |  
2019-08-23 11:31:29,795 | INFO  | DNAudit | user=null | ip=null | op=WRITE_CHUNK {blockData=conID: 3 locID: 102666068571652550 bcsId: 1490} | ret=SUCCESS |  
2019-08-23 11:31:29,796 | INFO  | DNAudit | user=null | ip=null | op=PUT_BLOCK {blockData=[blockId=conID: 3 locID: 102666068571652550 bcsId: 0,size=4194304]} | ret=SUCCESS |  
2019-08-23 11:31:29,796 [grpc-default-executor-1] INFO  client.GrpcClientProtocolClient (GrpcClientProtocolClient.java:onNext(255)) - client-C9E345EC67ED->244f13ac-34be-4c4e-8e45-0c0272edbbb2: receive RaftClientReply:client-C9E345EC67ED->244f13ac-34be-4c4e-8e45-0c0272edbbb2@group-FE77C852EF02, cid=1113, SUCCESS, logIndex=1493, commits[244f13ac-34be-4c4e-8e45-0c0272edbbb2:c1494, 6287e41a-5356-4f55-84f2-270816d53e84:c1490, a2c18d3d-e79d-47c9-88fe-d8a1d195302b:c1492]
2019-08-23 11:31:29,796 [grpc-default-executor-1] INFO  client.GrpcClientProtocolClient (GrpcClientProtocolClient.java:onNext(255)) - client-C9E345EC67ED->244f13ac-34be-4c4e-8e45-0c0272edbbb2: receive RaftClientReply:client-C9E345EC67ED->244f13ac-34be-4c4e-8e45-0c0272edbbb2@group-FE77C852EF02, cid=1114, SUCCESS, logIndex=1494, commits[244f13ac-34be-4c4e-8e45-0c0272edbbb2:c1494, 6287e41a-5356-4f55-84f2-270816d53e84:c1490, a2c18d3d-e79d-47c9-88fe-d8a1d195302b:c1492]
2019-08-23 11:31:29,797 | INFO  | DNAudit | user=null | ip=null | op=WRITE_CHUNK {blockData=conID: 3 locID: 102666068571652550 bcsId: 1490} | ret=SUCCESS |  
2019-08-23 11:31:29,797 | INFO  | DNAudit | user=null | ip=null | op=PUT_BLOCK {blockData=[blockId=conID: 3 locID: 102666068571652550 bcsId: 0,size=4194304]} | ret=SUCCESS |  
2019-08-23 11:31:29,797 | INFO  | DNAudit | user=null | ip=null | op=WRITE_CHUNK {blockData=conID: 3 locID: 102666068571652550 bcsId: 1490} | ret=SUCCESS |  
2019-08-23 11:31:29,798 | INFO  | DNAudit | user=null | ip=null | op=PUT_BLOCK {blockData=[blockId=conID: 3 locID: 102666068571652550 bcsId: 0,size=4194304]} | ret=SUCCESS |  
2019-08-23 11:31:29,799 [grpc-default-executor-1] INFO  client.GrpcClientProtocolClient (GrpcClientProtocolClient.java:onNext(255)) - client-C9E345EC67ED->244f13ac-34be-4c4e-8e45-0c0272edbbb2: receive RaftClientReply:client-C9E345EC67ED->244f13ac-34be-4c4e-8e45-0c0272edbbb2@group-FE77C852EF02, cid=1115, SUCCESS, logIndex=0, commits[244f13ac-34be-4c4e-8e45-0c0272edbbb2:c1496, 6287e41a-5356-4f55-84f2-270816d53e84:c1494, a2c18d3d-e79d-47c9-88fe-d8a1d195302b:c1494]
2019-08-23 11:31:29,805 | INFO  | DNAudit | user=null | ip=null | op=WRITE_CHUNK {blockData=conID: 1 locID: 102666068571652551 bcsId: 0} | ret=SUCCESS |  
2019-08-23 11:31:29,808 | INFO  | DNAudit | user=null | ip=null | op=WRITE_CHUNK {blockData=conID: 1 locID: 102666068571652551 bcsId: 0} | ret=SUCCESS |  
2019-08-23 11:31:29,809 | INFO  | DNAudit | user=null | ip=null | op=WRITE_CHUNK {blockData=conID: 1 locID: 102666068571652551 bcsId: 0} | ret=SUCCESS |  
2019-08-23 11:31:29,809 | INFO  | DNAudit | user=null | ip=null | op=WRITE_CHUNK {blockData=conID: 1 locID: 102666068571652551 bcsId: 0} | ret=SUCCESS |  
2019-08-23 11:31:29,811 | INFO  | DNAudit | user=null | ip=null | op=WRITE_CHUNK {blockData=conID: 1 locID: 102666068571652551 bcsId: 0} | ret=SUCCESS |  
2019-08-23 11:31:29,811 | INFO  | DNAudit | user=null | ip=null | op=WRITE_CHUNK {blockData=conID: 1 locID: 102666068571652551 bcsId: 0} | ret=SUCCESS |  
2019-08-23 11:31:29,818 | INFO  | DNAudit | user=null | ip=null | op=WRITE_CHUNK {blockData=conID: 1 locID: 102666068571652551 bcsId: 0} | ret=SUCCESS |  
2019-08-23 11:31:29,818 | INFO  | DNAudit | user=null | ip=null | op=PUT_BLOCK {blockData=[blockId=conID: 1 locID: 102666068571652551 bcsId: 0,size=1048576]} | ret=SUCCESS |  
2019-08-23 11:31:29,819 | INFO  | DNAudit | user=null | ip=null | op=WRITE_CHUNK {blockData=conID: 1 locID: 102666068571652551 bcsId: 0} | ret=SUCCESS |  
2019-08-23 11:31:29,818 [grpc-default-executor-2] INFO  client.GrpcClientProtocolClient (GrpcClientProtocolClient.java:onNext(255)) - client-C9E345EC67ED->244f13ac-34be-4c4e-8e45-0c0272edbbb2: receive RaftClientReply:client-C9E345EC67ED->244f13ac-34be-4c4e-8e45-0c0272edbbb2@group-FE77C852EF02, cid=1116, SUCCESS, logIndex=1497, commits[244f13ac-34be-4c4e-8e45-0c0272edbbb2:c1498, 6287e41a-5356-4f55-84f2-270816d53e84:c1496, a2c18d3d-e79d-47c9-88fe-d8a1d195302b:c1496]
2019-08-23 11:31:29,819 | INFO  | DNAudit | user=null | ip=null | op=PUT_BLOCK {blockData=[blockId=conID: 1 locID: 102666068571652551 bcsId: 0,size=2097152]} | ret=SUCCESS |  
2019-08-23 11:31:29,819 [grpc-default-executor-2] INFO  client.GrpcClientProtocolClient (GrpcClientProtocolClient.java:onNext(255)) - client-C9E345EC67ED->244f13ac-34be-4c4e-8e45-0c0272edbbb2: receive RaftClientReply:client-C9E345EC67ED->244f13ac-34be-4c4e-8e45-0c0272edbbb2@group-FE77C852EF02, cid=1117, SUCCESS, logIndex=1498, commits[244f13ac-34be-4c4e-8e45-0c0272edbbb2:c1498, 6287e41a-5356-4f55-84f2-270816d53e84:c1496, a2c18d3d-e79d-47c9-88fe-d8a1d195302b:c1496]
2019-08-23 11:31:29,819 [grpc-default-executor-2] INFO  client.GrpcClientProtocolClient (GrpcClientProtocolClient.java:onNext(255)) - client-C9E345EC67ED->244f13ac-34be-4c4e-8e45-0c0272edbbb2: receive RaftClientReply:client-C9E345EC67ED->244f13ac-34be-4c4e-8e45-0c0272edbbb2@group-FE77C852EF02, cid=1118, SUCCESS, logIndex=1499, commits[244f13ac-34be-4c4e-8e45-0c0272edbbb2:c1500, 6287e41a-5356-4f55-84f2-270816d53e84:c1496, a2c18d3d-e79d-47c9-88fe-d8a1d195302b:c1496]
2019-08-23 11:31:29,819 [grpc-default-executor-2] INFO  client.GrpcClientProtocolClient (GrpcClientProtocolClient.java:onNext(255)) - client-C9E345EC67ED->244f13ac-34be-4c4e-8e45-0c0272edbbb2: receive RaftClientReply:client-C9E345EC67ED->244f13ac-34be-4c4e-8e45-0c0272edbbb2@group-FE77C852EF02, cid=1119, SUCCESS, logIndex=1500, commits[244f13ac-34be-4c4e-8e45-0c0272edbbb2:c1500, 6287e41a-5356-4f55-84f2-270816d53e84:c1496, a2c18d3d-e79d-47c9-88fe-d8a1d195302b:c1496]
2019-08-23 11:31:29,832 | INFO  | DNAudit | user=null | ip=null | op=WRITE_CHUNK {blockData=conID: 1 locID: 102666068571652551 bcsId: 0} | ret=SUCCESS |  
2019-08-23 11:31:29,832 | INFO  | DNAudit | user=null | ip=null | op=PUT_BLOCK {blockData=[blockId=conID: 1 locID: 102666068571652551 bcsId: 0,size=1048576]} | ret=SUCCESS |  
2019-08-23 11:31:29,832 | INFO  | DNAudit | user=null | ip=null | op=WRITE_CHUNK {blockData=conID: 1 locID: 102666068571652551 bcsId: 0} | ret=SUCCESS |  
2019-08-23 11:31:29,833 | INFO  | DNAudit | user=null | ip=null | op=PUT_BLOCK {blockData=[blockId=conID: 1 locID: 102666068571652551 bcsId: 0,size=1048576]} | ret=SUCCESS |  
2019-08-23 11:31:29,833 | INFO  | DNAudit | user=null | ip=null | op=WRITE_CHUNK {blockData=conID: 1 locID: 102666068571652551 bcsId: 0} | ret=SUCCESS |  
2019-08-23 11:31:29,833 | INFO  | DNAudit | user=null | ip=null | op=WRITE_CHUNK {blockData=conID: 1 locID: 102666068571652551 bcsId: 0} | ret=SUCCESS |  
2019-08-23 11:31:29,833 | INFO  | DNAudit | user=null | ip=null | op=PUT_BLOCK {blockData=[blockId=conID: 1 locID: 102666068571652551 bcsId: 0,size=2097152]} | ret=SUCCESS |  
2019-08-23 11:31:29,833 | INFO  | DNAudit | user=null | ip=null | op=PUT_BLOCK {blockData=[blockId=conID: 1 locID: 102666068571652551 bcsId: 0,size=2097152]} | ret=SUCCESS |  
2019-08-23 11:31:29,833 [grpc-default-executor-2] INFO  client.GrpcClientProtocolClient (GrpcClientProtocolClient.java:onNext(255)) - client-C9E345EC67ED->244f13ac-34be-4c4e-8e45-0c0272edbbb2: receive RaftClientReply:client-C9E345EC67ED->244f13ac-34be-4c4e-8e45-0c0272edbbb2@group-FE77C852EF02, cid=1120, SUCCESS, logIndex=0, commits[244f13ac-34be-4c4e-8e45-0c0272edbbb2:c1502, 6287e41a-5356-4f55-84f2-270816d53e84:c1498, a2c18d3d-e79d-47c9-88fe-d8a1d195302b:c1498]
2019-08-23 11:31:29,839 | INFO  | DNAudit | user=null | ip=null | op=WRITE_CHUNK {blockData=conID: 1 locID: 102666068571652551 bcsId: 1500} | ret=SUCCESS |  
2019-08-23 11:31:29,841 | INFO  | DNAudit | user=null | ip=null | op=WRITE_CHUNK {blockData=conID: 1 locID: 102666068571652551 bcsId: 1500} | ret=SUCCESS |  
2019-08-23 11:31:29,842 | INFO  | DNAudit | user=null | ip=null | op=WRITE_CHUNK {blockData=conID: 1 locID: 102666068571652551 bcsId: 1500} | ret=SUCCESS |  
2019-08-23 11:31:29,852 | INFO  | DNAudit | user=null | ip=null | op=WRITE_CHUNK {blockData=conID: 1 locID: 102666068571652551 bcsId: 1500} | ret=SUCCESS |  
2019-08-23 11:31:29,852 | INFO  | DNAudit | user=null | ip=null | op=PUT_BLOCK {blockData=[blockId=conID: 1 locID: 102666068571652551 bcsId: 0,size=3145728]} | ret=SUCCESS |  
2019-08-23 11:31:29,852 [grpc-default-executor-5] INFO  client.GrpcClientProtocolClient (GrpcClientProtocolClient.java:onNext(255)) - client-C9E345EC67ED->244f13ac-34be-4c4e-8e45-0c0272edbbb2: receive RaftClientReply:client-C9E345EC67ED->244f13ac-34be-4c4e-8e45-0c0272edbbb2@group-FE77C852EF02, cid=1121, SUCCESS, logIndex=1505, commits[244f13ac-34be-4c4e-8e45-0c0272edbbb2:c1506, 6287e41a-5356-4f55-84f2-270816d53e84:c1504, a2c18d3d-e79d-47c9-88fe-d8a1d195302b:c1504]
2019-08-23 11:31:29,853 [grpc-default-executor-5] INFO  client.GrpcClientProtocolClient (GrpcClientProtocolClient.java:onNext(255)) - client-C9E345EC67ED->244f13ac-34be-4c4e-8e45-0c0272edbbb2: receive RaftClientReply:client-C9E345EC67ED->244f13ac-34be-4c4e-8e45-0c0272edbbb2@group-FE77C852EF02, cid=1122, SUCCESS, logIndex=1506, commits[244f13ac-34be-4c4e-8e45-0c0272edbbb2:c1506, 6287e41a-5356-4f55-84f2-270816d53e84:c1504, a2c18d3d-e79d-47c9-88fe-d8a1d195302b:c1504]
2019-08-23 11:31:29,860 | INFO  | DNAudit | user=null | ip=null | op=WRITE_CHUNK {blockData=conID: 1 locID: 102666068571652551 bcsId: 1506} | ret=SUCCESS |  
2019-08-23 11:31:29,862 | INFO  | DNAudit | user=null | ip=null | op=WRITE_CHUNK {blockData=conID: 1 locID: 102666068571652551 bcsId: 1500} | ret=SUCCESS |  
2019-08-23 11:31:29,862 | INFO  | DNAudit | user=null | ip=null | op=WRITE_CHUNK {blockData=conID: 1 locID: 102666068571652551 bcsId: 1500} | ret=SUCCESS |  
2019-08-23 11:31:29,862 | INFO  | DNAudit | user=null | ip=null | op=PUT_BLOCK {blockData=[blockId=conID: 1 locID: 102666068571652551 bcsId: 0,size=3145728]} | ret=SUCCESS |  
2019-08-23 11:31:29,862 | INFO  | DNAudit | user=null | ip=null | op=PUT_BLOCK {blockData=[blockId=conID: 1 locID: 102666068571652551 bcsId: 0,size=3145728]} | ret=SUCCESS |  
2019-08-23 11:31:29,864 | INFO  | DNAudit | user=null | ip=null | op=WRITE_CHUNK {blockData=conID: 1 locID: 102666068571652551 bcsId: 1506} | ret=SUCCESS |  
2019-08-23 11:31:29,864 | INFO  | DNAudit | user=null | ip=null | op=WRITE_CHUNK {blockData=conID: 1 locID: 102666068571652551 bcsId: 1506} | ret=SUCCESS |  
2019-08-23 11:31:29,874 | INFO  | DNAudit | user=null | ip=null | op=WRITE_CHUNK {blockData=conID: 1 locID: 102666068571652551 bcsId: 1506} | ret=SUCCESS |  
2019-08-23 11:31:29,875 | INFO  | DNAudit | user=null | ip=null | op=PUT_BLOCK {blockData=[blockId=conID: 1 locID: 102666068571652551 bcsId: 0,size=4194304]} | ret=SUCCESS |  
2019-08-23 11:31:29,875 [grpc-default-executor-2] INFO  client.GrpcClientProtocolClient (GrpcClientProtocolClient.java:onNext(255)) - client-C9E345EC67ED->244f13ac-34be-4c4e-8e45-0c0272edbbb2: receive RaftClientReply:client-C9E345EC67ED->244f13ac-34be-4c4e-8e45-0c0272edbbb2@group-FE77C852EF02, cid=1123, SUCCESS, logIndex=1509, commits[244f13ac-34be-4c4e-8e45-0c0272edbbb2:c1510, 6287e41a-5356-4f55-84f2-270816d53e84:c1506, a2c18d3d-e79d-47c9-88fe-d8a1d195302b:c1506]
2019-08-23 11:31:29,875 [grpc-default-executor-2] INFO  client.GrpcClientProtocolClient (GrpcClientProtocolClient.java:onNext(255)) - client-C9E345EC67ED->244f13ac-34be-4c4e-8e45-0c0272edbbb2: receive RaftClientReply:client-C9E345EC67ED->244f13ac-34be-4c4e-8e45-0c0272edbbb2@group-FE77C852EF02, cid=1124, SUCCESS, logIndex=1510, commits[244f13ac-34be-4c4e-8e45-0c0272edbbb2:c1510, 6287e41a-5356-4f55-84f2-270816d53e84:c1506, a2c18d3d-e79d-47c9-88fe-d8a1d195302b:c1506]
2019-08-23 11:31:29,876 | INFO  | DNAudit | user=null | ip=null | op=WRITE_CHUNK {blockData=conID: 1 locID: 102666068571652551 bcsId: 1506} | ret=SUCCESS |  
2019-08-23 11:31:29,876 | INFO  | DNAudit | user=null | ip=null | op=WRITE_CHUNK {blockData=conID: 1 locID: 102666068571652551 bcsId: 1506} | ret=SUCCESS |  
2019-08-23 11:31:29,876 | INFO  | DNAudit | user=null | ip=null | op=PUT_BLOCK {blockData=[blockId=conID: 1 locID: 102666068571652551 bcsId: 0,size=4194304]} | ret=SUCCESS |  
2019-08-23 11:31:29,876 | INFO  | DNAudit | user=null | ip=null | op=PUT_BLOCK {blockData=[blockId=conID: 1 locID: 102666068571652551 bcsId: 0,size=4194304]} | ret=SUCCESS |  
2019-08-23 11:31:29,877 [grpc-default-executor-1] INFO  client.GrpcClientProtocolClient (GrpcClientProtocolClient.java:onNext(255)) - client-C9E345EC67ED->244f13ac-34be-4c4e-8e45-0c0272edbbb2: receive RaftClientReply:client-C9E345EC67ED->244f13ac-34be-4c4e-8e45-0c0272edbbb2@group-FE77C852EF02, cid=1125, SUCCESS, logIndex=0, commits[244f13ac-34be-4c4e-8e45-0c0272edbbb2:c1511, 6287e41a-5356-4f55-84f2-270816d53e84:c1510, a2c18d3d-e79d-47c9-88fe-d8a1d195302b:c1510]
2019-08-23 11:31:29,883 | INFO  | DNAudit | user=null | ip=null | op=WRITE_CHUNK {blockData=conID: 2 locID: 102666068571652552 bcsId: 0} | ret=SUCCESS |  
2019-08-23 11:31:29,885 | INFO  | DNAudit | user=null | ip=null | op=WRITE_CHUNK {blockData=conID: 2 locID: 102666068571652552 bcsId: 0} | ret=SUCCESS |  
2019-08-23 11:31:29,885 | INFO  | DNAudit | user=null | ip=null | op=WRITE_CHUNK {blockData=conID: 2 locID: 102666068571652552 bcsId: 0} | ret=SUCCESS |  
2019-08-23 11:31:29,886 | INFO  | DNAudit | user=null | ip=null | op=WRITE_CHUNK {blockData=conID: 2 locID: 102666068571652552 bcsId: 0} | ret=SUCCESS |  
2019-08-23 11:31:29,887 | INFO  | DNAudit | user=null | ip=null | op=WRITE_CHUNK {blockData=conID: 2 locID: 102666068571652552 bcsId: 0} | ret=SUCCESS |  
2019-08-23 11:31:29,887 | INFO  | DNAudit | user=null | ip=null | op=WRITE_CHUNK {blockData=conID: 2 locID: 102666068571652552 bcsId: 0} | ret=SUCCESS |  
2019-08-23 11:31:29,904 | INFO  | DNAudit | user=null | ip=null | op=WRITE_CHUNK {blockData=conID: 2 locID: 102666068571652552 bcsId: 0} | ret=SUCCESS |  
2019-08-23 11:31:29,904 | INFO  | DNAudit | user=null | ip=null | op=PUT_BLOCK {blockData=[blockId=conID: 2 locID: 102666068571652552 bcsId: 0,size=1048576]} | ret=SUCCESS |  
2019-08-23 11:31:29,904 [grpc-default-executor-5] INFO  client.GrpcClientProtocolClient (GrpcClientProtocolClient.java:onNext(255)) - client-C9E345EC67ED->244f13ac-34be-4c4e-8e45-0c0272edbbb2: receive RaftClientReply:client-C9E345EC67ED->244f13ac-34be-4c4e-8e45-0c0272edbbb2@group-FE77C852EF02, cid=1126, SUCCESS, logIndex=1513, commits[244f13ac-34be-4c4e-8e45-0c0272edbbb2:c1516, 6287e41a-5356-4f55-84f2-270816d53e84:c1512, a2c18d3d-e79d-47c9-88fe-d8a1d195302b:c1512]
2019-08-23 11:31:29,905 | INFO  | DNAudit | user=null | ip=null | op=WRITE_CHUNK {blockData=conID: 2 locID: 102666068571652552 bcsId: 0} | ret=SUCCESS |  
2019-08-23 11:31:29,905 | INFO  | DNAudit | user=null | ip=null | op=PUT_BLOCK {blockData=[blockId=conID: 2 locID: 102666068571652552 bcsId: 0,size=2097152]} | ret=SUCCESS |  
2019-08-23 11:31:29,905 | INFO  | DNAudit | user=null | ip=null | op=WRITE_CHUNK {blockData=conID: 2 locID: 102666068571652552 bcsId: 0} | ret=SUCCESS |  
2019-08-23 11:31:29,905 | INFO  | DNAudit | user=null | ip=null | op=WRITE_CHUNK {blockData=conID: 2 locID: 102666068571652552 bcsId: 0} | ret=SUCCESS |  
2019-08-23 11:31:29,905 | INFO  | DNAudit | user=null | ip=null | op=PUT_BLOCK {blockData=[blockId=conID: 2 locID: 102666068571652552 bcsId: 0,size=1048576]} | ret=SUCCESS |  
2019-08-23 11:31:29,905 | INFO  | DNAudit | user=null | ip=null | op=PUT_BLOCK {blockData=[blockId=conID: 2 locID: 102666068571652552 bcsId: 0,size=1048576]} | ret=SUCCESS |  
2019-08-23 11:31:29,905 [grpc-default-executor-5] INFO  client.GrpcClientProtocolClient (GrpcClientProtocolClient.java:onNext(255)) - client-C9E345EC67ED->244f13ac-34be-4c4e-8e45-0c0272edbbb2: receive RaftClientReply:client-C9E345EC67ED->244f13ac-34be-4c4e-8e45-0c0272edbbb2@group-FE77C852EF02, cid=1127, SUCCESS, logIndex=1514, commits[244f13ac-34be-4c4e-8e45-0c0272edbbb2:c1516, 6287e41a-5356-4f55-84f2-270816d53e84:c1512, a2c18d3d-e79d-47c9-88fe-d8a1d195302b:c1512]
2019-08-23 11:31:29,906 [grpc-default-executor-5] INFO  client.GrpcClientProtocolClient (GrpcClientProtocolClient.java:onNext(255)) - client-C9E345EC67ED->244f13ac-34be-4c4e-8e45-0c0272edbbb2: receive RaftClientReply:client-C9E345EC67ED->244f13ac-34be-4c4e-8e45-0c0272edbbb2@group-FE77C852EF02, cid=1128, SUCCESS, logIndex=1515, commits[244f13ac-34be-4c4e-8e45-0c0272edbbb2:c1516, 6287e41a-5356-4f55-84f2-270816d53e84:c1512, a2c18d3d-e79d-47c9-88fe-d8a1d195302b:c1512]
2019-08-23 11:31:29,906 | INFO  | DNAudit | user=null | ip=null | op=WRITE_CHUNK {blockData=conID: 2 locID: 102666068571652552 bcsId: 0} | ret=SUCCESS |  
2019-08-23 11:31:29,906 | INFO  | DNAudit | user=null | ip=null | op=PUT_BLOCK {blockData=[blockId=conID: 2 locID: 102666068571652552 bcsId: 0,size=2097152]} | ret=SUCCESS |  
2019-08-23 11:31:29,906 [grpc-default-executor-5] INFO  client.GrpcClientProtocolClient (GrpcClientProtocolClient.java:onNext(255)) - client-C9E345EC67ED->244f13ac-34be-4c4e-8e45-0c0272edbbb2: receive RaftClientReply:client-C9E345EC67ED->244f13ac-34be-4c4e-8e45-0c0272edbbb2@group-FE77C852EF02, cid=1129, SUCCESS, logIndex=1516, commits[244f13ac-34be-4c4e-8e45-0c0272edbbb2:c1517, 6287e41a-5356-4f55-84f2-270816d53e84:c1514, a2c18d3d-e79d-47c9-88fe-d8a1d195302b:c1514]
2019-08-23 11:31:29,907 | INFO  | DNAudit | user=null | ip=null | op=WRITE_CHUNK {blockData=conID: 2 locID: 102666068571652552 bcsId: 0} | ret=SUCCESS |  
2019-08-23 11:31:29,907 | INFO  | DNAudit | user=null | ip=null | op=PUT_BLOCK {blockData=[blockId=conID: 2 locID: 102666068571652552 bcsId: 0,size=2097152]} | ret=SUCCESS |  
2019-08-23 11:31:29,913 | INFO  | DNAudit | user=null | ip=null | op=WRITE_CHUNK {blockData=conID: 2 locID: 102666068571652552 bcsId: 1516} | ret=SUCCESS |  
2019-08-23 11:31:29,916 | INFO  | DNAudit | user=null | ip=null | op=WRITE_CHUNK {blockData=conID: 2 locID: 102666068571652552 bcsId: 1516} | ret=SUCCESS |  
2019-08-23 11:31:29,916 | INFO  | DNAudit | user=null | ip=null | op=WRITE_CHUNK {blockData=conID: 2 locID: 102666068571652552 bcsId: 1516} | ret=SUCCESS |  
2019-08-23 11:31:29,919 | INFO  | DNAudit | user=null | ip=null | op=WRITE_CHUNK {blockData=conID: 2 locID: 102666068571652552 bcsId: 1516} | ret=SUCCESS |  
2019-08-23 11:31:29,920 | INFO  | DNAudit | user=null | ip=null | op=PUT_BLOCK {blockData=[blockId=conID: 2 locID: 102666068571652552 bcsId: 0,size=3145728]} | ret=SUCCESS |  
2019-08-23 11:31:29,920 [grpc-default-executor-5] INFO  client.GrpcClientProtocolClient (GrpcClientProtocolClient.java:onNext(255)) - client-C9E345EC67ED->244f13ac-34be-4c4e-8e45-0c0272edbbb2: receive RaftClientReply:client-C9E345EC67ED->244f13ac-34be-4c4e-8e45-0c0272edbbb2@group-FE77C852EF02, cid=1130, SUCCESS, logIndex=1521, commits[244f13ac-34be-4c4e-8e45-0c0272edbbb2:c1522, 6287e41a-5356-4f55-84f2-270816d53e84:c1520, a2c18d3d-e79d-47c9-88fe-d8a1d195302b:c1520]
2019-08-23 11:31:29,920 [grpc-default-executor-5] INFO  client.GrpcClientProtocolClient (GrpcClientProtocolClient.java:onNext(255)) - client-C9E345EC67ED->244f13ac-34be-4c4e-8e45-0c0272edbbb2: receive RaftClientReply:client-C9E345EC67ED->244f13ac-34be-4c4e-8e45-0c0272edbbb2@group-FE77C852EF02, cid=1131, SUCCESS, logIndex=1522, commits[244f13ac-34be-4c4e-8e45-0c0272edbbb2:c1522, 6287e41a-5356-4f55-84f2-270816d53e84:c1520, a2c18d3d-e79d-47c9-88fe-d8a1d195302b:c1520]
2019-08-23 11:31:29,929 | INFO  | DNAudit | user=null | ip=null | op=WRITE_CHUNK {blockData=conID: 2 locID: 102666068571652552 bcsId: 1522} | ret=SUCCESS |  
2019-08-23 11:31:29,929 | INFO  | DNAudit | user=null | ip=null | op=WRITE_CHUNK {blockData=conID: 2 locID: 102666068571652552 bcsId: 1522} | ret=SUCCESS |  
2019-08-23 11:31:29,930 | INFO  | DNAudit | user=null | ip=null | op=WRITE_CHUNK {blockData=conID: 2 locID: 102666068571652552 bcsId: 1522} | ret=SUCCESS |  
2019-08-23 11:31:29,931 | INFO  | DNAudit | user=null | ip=null | op=WRITE_CHUNK {blockData=conID: 2 locID: 102666068571652552 bcsId: 1516} | ret=SUCCESS |  
2019-08-23 11:31:29,931 | INFO  | DNAudit | user=null | ip=null | op=WRITE_CHUNK {blockData=conID: 2 locID: 102666068571652552 bcsId: 1516} | ret=SUCCESS |  
2019-08-23 11:31:29,934 | INFO  | DNAudit | user=null | ip=null | op=PUT_BLOCK {blockData=[blockId=conID: 2 locID: 102666068571652552 bcsId: 0,size=3145728]} | ret=SUCCESS |  
2019-08-23 11:31:29,934 | INFO  | DNAudit | user=null | ip=null | op=PUT_BLOCK {blockData=[blockId=conID: 2 locID: 102666068571652552 bcsId: 0,size=3145728]} | ret=SUCCESS |  
2019-08-23 11:31:29,934 | INFO  | DNAudit | user=null | ip=null | op=WRITE_CHUNK {blockData=conID: 2 locID: 102666068571652552 bcsId: 1522} | ret=SUCCESS |  
2019-08-23 11:31:29,935 | INFO  | DNAudit | user=null | ip=null | op=PUT_BLOCK {blockData=[blockId=conID: 2 locID: 102666068571652552 bcsId: 0,size=4194304]} | ret=SUCCESS |  
2019-08-23 11:31:29,935 [grpc-default-executor-2] INFO  client.GrpcClientProtocolClient (GrpcClientProtocolClient.java:onNext(255)) - client-C9E345EC67ED->244f13ac-34be-4c4e-8e45-0c0272edbbb2: receive RaftClientReply:client-C9E345EC67ED->244f13ac-34be-4c4e-8e45-0c0272edbbb2@group-FE77C852EF02, cid=1132, SUCCESS, logIndex=1525, commits[244f13ac-34be-4c4e-8e45-0c0272edbbb2:c1526, 6287e41a-5356-4f55-84f2-270816d53e84:c1522, a2c18d3d-e79d-47c9-88fe-d8a1d195302b:c1522]
2019-08-23 11:31:29,935 [grpc-default-executor-2] INFO  client.GrpcClientProtocolClient (GrpcClientProtocolClient.java:onNext(255)) - client-C9E345EC67ED->244f13ac-34be-4c4e-8e45-0c0272edbbb2: receive RaftClientReply:client-C9E345EC67ED->244f13ac-34be-4c4e-8e45-0c0272edbbb2@group-FE77C852EF02, cid=1133, SUCCESS, logIndex=1526, commits[244f13ac-34be-4c4e-8e45-0c0272edbbb2:c1526, 6287e41a-5356-4f55-84f2-270816d53e84:c1522, a2c18d3d-e79d-47c9-88fe-d8a1d195302b:c1522]
2019-08-23 11:31:29,946 | INFO  | DNAudit | user=null | ip=null | op=WRITE_CHUNK {blockData=conID: 2 locID: 102666068571652552 bcsId: 1522} | ret=SUCCESS |  
2019-08-23 11:31:29,946 | INFO  | DNAudit | user=null | ip=null | op=WRITE_CHUNK {blockData=conID: 2 locID: 102666068571652552 bcsId: 1522} | ret=SUCCESS |  
2019-08-23 11:31:29,949 | INFO  | DNAudit | user=null | ip=null | op=PUT_BLOCK {blockData=[blockId=conID: 2 locID: 102666068571652552 bcsId: 0,size=4194304]} | ret=SUCCESS |  
2019-08-23 11:31:29,949 | INFO  | DNAudit | user=null | ip=null | op=PUT_BLOCK {blockData=[blockId=conID: 2 locID: 102666068571652552 bcsId: 0,size=4194304]} | ret=SUCCESS |  
2019-08-23 11:31:29,949 [grpc-default-executor-2] INFO  client.GrpcClientProtocolClient (GrpcClientProtocolClient.java:onNext(255)) - client-C9E345EC67ED->244f13ac-34be-4c4e-8e45-0c0272edbbb2: receive RaftClientReply:client-C9E345EC67ED->244f13ac-34be-4c4e-8e45-0c0272edbbb2@group-FE77C852EF02, cid=1134, SUCCESS, logIndex=0, commits[244f13ac-34be-4c4e-8e45-0c0272edbbb2:c1527, 6287e41a-5356-4f55-84f2-270816d53e84:c1526, a2c18d3d-e79d-47c9-88fe-d8a1d195302b:c1526]
2019-08-23 11:31:29,956 | INFO  | DNAudit | user=null | ip=null | op=WRITE_CHUNK {blockData=conID: 3 locID: 102666068571652553 bcsId: 0} | ret=SUCCESS |  
2019-08-23 11:31:30,129 | INFO  | DNAudit | user=null | ip=null | op=WRITE_CHUNK {blockData=conID: 3 locID: 102666068571652553 bcsId: 0} | ret=SUCCESS |  
2019-08-23 11:31:30,132 | INFO  | DNAudit | user=null | ip=null | op=WRITE_CHUNK {blockData=conID: 3 locID: 102666068571652553 bcsId: 0} | ret=SUCCESS |  
2019-08-23 11:31:30,135 | INFO  | DNAudit | user=null | ip=null | op=WRITE_CHUNK {blockData=conID: 3 locID: 102666068571652553 bcsId: 0} | ret=SUCCESS |  
2019-08-23 11:31:30,136 | INFO  | DNAudit | user=null | ip=null | op=WRITE_CHUNK {blockData=conID: 3 locID: 102666068571652553 bcsId: 0} | ret=SUCCESS |  
2019-08-23 11:31:30,137 | INFO  | DNAudit | user=null | ip=null | op=WRITE_CHUNK {blockData=conID: 3 locID: 102666068571652553 bcsId: 0} | ret=SUCCESS |  
2019-08-23 11:31:30,141 | INFO  | DNAudit | user=null | ip=null | op=WRITE_CHUNK {blockData=conID: 3 locID: 102666068571652553 bcsId: 0} | ret=SUCCESS |  
2019-08-23 11:31:30,142 | INFO  | DNAudit | user=null | ip=null | op=PUT_BLOCK {blockData=[blockId=conID: 3 locID: 102666068571652553 bcsId: 0,size=1048576]} | ret=SUCCESS |  
2019-08-23 11:31:30,142 [grpc-default-executor-5] INFO  client.GrpcClientProtocolClient (GrpcClientProtocolClient.java:onNext(255)) - client-C9E345EC67ED->244f13ac-34be-4c4e-8e45-0c0272edbbb2: receive RaftClientReply:client-C9E345EC67ED->244f13ac-34be-4c4e-8e45-0c0272edbbb2@group-FE77C852EF02, cid=1135, SUCCESS, logIndex=1529, commits[244f13ac-34be-4c4e-8e45-0c0272edbbb2:c1530, 6287e41a-5356-4f55-84f2-270816d53e84:c1526, a2c18d3d-e79d-47c9-88fe-d8a1d195302b:c1528]
2019-08-23 11:31:30,143 | INFO  | DNAudit | user=null | ip=null | op=WRITE_CHUNK {blockData=conID: 3 locID: 102666068571652553 bcsId: 0} | ret=SUCCESS |  
2019-08-23 11:31:30,144 | INFO  | DNAudit | user=null | ip=null | op=PUT_BLOCK {blockData=[blockId=conID: 3 locID: 102666068571652553 bcsId: 0,size=2097152]} | ret=SUCCESS |  
2019-08-23 11:31:30,144 [grpc-default-executor-2] INFO  client.GrpcClientProtocolClient (GrpcClientProtocolClient.java:onNext(255)) - client-C9E345EC67ED->244f13ac-34be-4c4e-8e45-0c0272edbbb2: receive RaftClientReply:client-C9E345EC67ED->244f13ac-34be-4c4e-8e45-0c0272edbbb2@group-FE77C852EF02, cid=1136, SUCCESS, logIndex=1530, commits[244f13ac-34be-4c4e-8e45-0c0272edbbb2:c1531, 6287e41a-5356-4f55-84f2-270816d53e84:c1528, a2c18d3d-e79d-47c9-88fe-d8a1d195302b:c1528]
2019-08-23 11:31:30,145 [grpc-default-executor-2] INFO  client.GrpcClientProtocolClient (GrpcClientProtocolClient.java:onNext(255)) - client-C9E345EC67ED->244f13ac-34be-4c4e-8e45-0c0272edbbb2: receive RaftClientReply:client-C9E345EC67ED->244f13ac-34be-4c4e-8e45-0c0272edbbb2@group-FE77C852EF02, cid=1137, SUCCESS, logIndex=1531, commits[244f13ac-34be-4c4e-8e45-0c0272edbbb2:c1532, 6287e41a-5356-4f55-84f2-270816d53e84:c1528, a2c18d3d-e79d-47c9-88fe-d8a1d195302b:c1528]
2019-08-23 11:31:30,145 [grpc-default-executor-2] INFO  client.GrpcClientProtocolClient (GrpcClientProtocolClient.java:onNext(255)) - client-C9E345EC67ED->244f13ac-34be-4c4e-8e45-0c0272edbbb2: receive RaftClientReply:client-C9E345EC67ED->244f13ac-34be-4c4e-8e45-0c0272edbbb2@group-FE77C852EF02, cid=1138, SUCCESS, logIndex=1532, commits[244f13ac-34be-4c4e-8e45-0c0272edbbb2:c1532, 6287e41a-5356-4f55-84f2-270816d53e84:c1528, a2c18d3d-e79d-47c9-88fe-d8a1d195302b:c1528]
2019-08-23 11:31:30,152 | INFO  | DNAudit | user=null | ip=null | op=WRITE_CHUNK {blockData=conID: 3 locID: 102666068571652553 bcsId: 0} | ret=SUCCESS |  
2019-08-23 11:31:30,152 | INFO  | DNAudit | user=null | ip=null | op=WRITE_CHUNK {blockData=conID: 3 locID: 102666068571652553 bcsId: 0} | ret=SUCCESS |  
2019-08-23 11:31:30,152 | INFO  | DNAudit | user=null | ip=null | op=PUT_BLOCK {blockData=[blockId=conID: 3 locID: 102666068571652553 bcsId: 0,size=1048576]} | ret=SUCCESS |  
2019-08-23 11:31:30,152 | INFO  | DNAudit | user=null | ip=null | op=PUT_BLOCK {blockData=[blockId=conID: 3 locID: 102666068571652553 bcsId: 0,size=1048576]} | ret=SUCCESS |  
2019-08-23 11:31:30,152 [grpc-default-executor-2] INFO  client.GrpcClientProtocolClient (GrpcClientProtocolClient.java:onNext(255)) - client-C9E345EC67ED->244f13ac-34be-4c4e-8e45-0c0272edbbb2: receive RaftClientReply:client-C9E345EC67ED->244f13ac-34be-4c4e-8e45-0c0272edbbb2@group-FE77C852EF02, cid=1139, SUCCESS, logIndex=0, commits[244f13ac-34be-4c4e-8e45-0c0272edbbb2:c1533, 6287e41a-5356-4f55-84f2-270816d53e84:c1530, a2c18d3d-e79d-47c9-88fe-d8a1d195302b:c1530]
2019-08-23 11:31:30,160 | INFO  | DNAudit | user=null | ip=null | op=WRITE_CHUNK {blockData=conID: 3 locID: 102666068571652553 bcsId: 1532} | ret=SUCCESS |  
2019-08-23 11:31:30,162 | INFO  | DNAudit | user=null | ip=null | op=WRITE_CHUNK {blockData=conID: 3 locID: 102666068571652553 bcsId: 0} | ret=SUCCESS |  
2019-08-23 11:31:30,162 | INFO  | DNAudit | user=null | ip=null | op=WRITE_CHUNK {blockData=conID: 3 locID: 102666068571652553 bcsId: 0} | ret=SUCCESS |  
2019-08-23 11:31:30,162 | INFO  | DNAudit | user=null | ip=null | op=PUT_BLOCK {blockData=[blockId=conID: 3 locID: 102666068571652553 bcsId: 0,size=2097152]} | ret=SUCCESS |  
2019-08-23 11:31:30,162 | INFO  | DNAudit | user=null | ip=null | op=PUT_BLOCK {blockData=[blockId=conID: 3 locID: 102666068571652553 bcsId: 0,size=2097152]} | ret=SUCCESS |  
2019-08-23 11:31:30,164 | INFO  | DNAudit | user=null | ip=null | op=WRITE_CHUNK {blockData=conID: 3 locID: 102666068571652553 bcsId: 1532} | ret=SUCCESS |  
2019-08-23 11:31:30,164 | INFO  | DNAudit | user=null | ip=null | op=WRITE_CHUNK {blockData=conID: 3 locID: 102666068571652553 bcsId: 1532} | ret=SUCCESS |  
2019-08-23 11:31:30,179 | INFO  | DNAudit | user=null | ip=null | op=WRITE_CHUNK {blockData=conID: 3 locID: 102666068571652553 bcsId: 1532} | ret=SUCCESS |  
2019-08-23 11:31:30,180 | INFO  | DNAudit | user=null | ip=null | op=PUT_BLOCK {blockData=[blockId=conID: 3 locID: 102666068571652553 bcsId: 0,size=3145728]} | ret=SUCCESS |  
2019-08-23 11:31:30,180 [grpc-default-executor-1] INFO  client.GrpcClientProtocolClient (GrpcClientProtocolClient.java:onNext(255)) - client-C9E345EC67ED->244f13ac-34be-4c4e-8e45-0c0272edbbb2: receive RaftClientReply:client-C9E345EC67ED->244f13ac-34be-4c4e-8e45-0c0272edbbb2@group-FE77C852EF02, cid=1140, SUCCESS, logIndex=1537, commits[244f13ac-34be-4c4e-8e45-0c0272edbbb2:c1538, 6287e41a-5356-4f55-84f2-270816d53e84:c1533, a2c18d3d-e79d-47c9-88fe-d8a1d195302b:c1533]
2019-08-23 11:31:30,180 | INFO  | DNAudit | user=null | ip=null | op=WRITE_CHUNK {blockData=conID: 3 locID: 102666068571652553 bcsId: 1532} | ret=SUCCESS |  
2019-08-23 11:31:30,180 | INFO  | DNAudit | user=null | ip=null | op=WRITE_CHUNK {blockData=conID: 3 locID: 102666068571652553 bcsId: 1532} | ret=SUCCESS |  
2019-08-23 11:31:30,180 [grpc-default-executor-1] INFO  client.GrpcClientProtocolClient (GrpcClientProtocolClient.java:onNext(255)) - client-C9E345EC67ED->244f13ac-34be-4c4e-8e45-0c0272edbbb2: receive RaftClientReply:client-C9E345EC67ED->244f13ac-34be-4c4e-8e45-0c0272edbbb2@group-FE77C852EF02, cid=1141, SUCCESS, logIndex=1538, commits[244f13ac-34be-4c4e-8e45-0c0272edbbb2:c1538, 6287e41a-5356-4f55-84f2-270816d53e84:c1533, a2c18d3d-e79d-47c9-88fe-d8a1d195302b:c1533]
2019-08-23 11:31:30,181 | INFO  | DNAudit | user=null | ip=null | op=PUT_BLOCK {blockData=[blockId=conID: 3 locID: 102666068571652553 bcsId: 0,size=3145728]} | ret=SUCCESS |  
2019-08-23 11:31:30,182 | INFO  | DNAudit | user=null | ip=null | op=PUT_BLOCK {blockData=[blockId=conID: 3 locID: 102666068571652553 bcsId: 0,size=3145728]} | ret=SUCCESS |  
2019-08-23 11:31:30,189 | INFO  | DNAudit | user=null | ip=null | op=WRITE_CHUNK {blockData=conID: 3 locID: 102666068571652553 bcsId: 1538} | ret=SUCCESS |  
2019-08-23 11:31:30,191 | INFO  | DNAudit | user=null | ip=null | op=WRITE_CHUNK {blockData=conID: 3 locID: 102666068571652553 bcsId: 1538} | ret=SUCCESS |  
2019-08-23 11:31:30,192 | INFO  | DNAudit | user=null | ip=null | op=WRITE_CHUNK {blockData=conID: 3 locID: 102666068571652553 bcsId: 1538} | ret=SUCCESS |  
2019-08-23 11:31:30,201 | INFO  | DNAudit | user=null | ip=null | op=WRITE_CHUNK {blockData=conID: 3 locID: 102666068571652553 bcsId: 1538} | ret=SUCCESS |  
2019-08-23 11:31:30,202 | INFO  | DNAudit | user=null | ip=null | op=PUT_BLOCK {blockData=[blockId=conID: 3 locID: 102666068571652553 bcsId: 0,size=4194304]} | ret=SUCCESS |  
2019-08-23 11:31:30,202 [grpc-default-executor-1] INFO  client.GrpcClientProtocolClient (GrpcClientProtocolClient.java:onNext(255)) - client-C9E345EC67ED->244f13ac-34be-4c4e-8e45-0c0272edbbb2: receive RaftClientReply:client-C9E345EC67ED->244f13ac-34be-4c4e-8e45-0c0272edbbb2@group-FE77C852EF02, cid=1142, SUCCESS, logIndex=1541, commits[244f13ac-34be-4c4e-8e45-0c0272edbbb2:c1542, 6287e41a-5356-4f55-84f2-270816d53e84:c1540, a2c18d3d-e79d-47c9-88fe-d8a1d195302b:c1540]
2019-08-23 11:31:30,202 [grpc-default-executor-1] INFO  client.GrpcClientProtocolClient (GrpcClientProtocolClient.java:onNext(255)) - client-C9E345EC67ED->244f13ac-34be-4c4e-8e45-0c0272edbbb2: receive RaftClientReply:client-C9E345EC67ED->244f13ac-34be-4c4e-8e45-0c0272edbbb2@group-FE77C852EF02, cid=1143, SUCCESS, logIndex=1542, commits[244f13ac-34be-4c4e-8e45-0c0272edbbb2:c1542, 6287e41a-5356-4f55-84f2-270816d53e84:c1540, a2c18d3d-e79d-47c9-88fe-d8a1d195302b:c1540]
2019-08-23 11:31:30,213 | INFO  | DNAudit | user=null | ip=null | op=WRITE_CHUNK {blockData=conID: 3 locID: 102666068571652553 bcsId: 1538} | ret=SUCCESS |  
2019-08-23 11:31:30,213 | INFO  | DNAudit | user=null | ip=null | op=WRITE_CHUNK {blockData=conID: 3 locID: 102666068571652553 bcsId: 1538} | ret=SUCCESS |  
2019-08-23 11:31:30,214 | INFO  | DNAudit | user=null | ip=null | op=PUT_BLOCK {blockData=[blockId=conID: 3 locID: 102666068571652553 bcsId: 0,size=4194304]} | ret=SUCCESS |  
2019-08-23 11:31:30,214 | INFO  | DNAudit | user=null | ip=null | op=PUT_BLOCK {blockData=[blockId=conID: 3 locID: 102666068571652553 bcsId: 0,size=4194304]} | ret=SUCCESS |  
2019-08-23 11:31:30,215 [grpc-default-executor-1] INFO  client.GrpcClientProtocolClient (GrpcClientProtocolClient.java:onNext(255)) - client-C9E345EC67ED->244f13ac-34be-4c4e-8e45-0c0272edbbb2: receive RaftClientReply:client-C9E345EC67ED->244f13ac-34be-4c4e-8e45-0c0272edbbb2@group-FE77C852EF02, cid=1144, SUCCESS, logIndex=0, commits[244f13ac-34be-4c4e-8e45-0c0272edbbb2:c1544, 6287e41a-5356-4f55-84f2-270816d53e84:c1542, a2c18d3d-e79d-47c9-88fe-d8a1d195302b:c1542]
2019-08-23 11:31:30,223 | INFO  | DNAudit | user=null | ip=null | op=WRITE_CHUNK {blockData=conID: 1 locID: 102666068571652554 bcsId: 0} | ret=SUCCESS |  
2019-08-23 11:31:30,226 | INFO  | DNAudit | user=null | ip=null | op=WRITE_CHUNK {blockData=conID: 1 locID: 102666068571652554 bcsId: 0} | ret=SUCCESS |  
2019-08-23 11:31:30,226 | INFO  | DNAudit | user=null | ip=null | op=WRITE_CHUNK {blockData=conID: 1 locID: 102666068571652554 bcsId: 0} | ret=SUCCESS |  
2019-08-23 11:31:30,226 | INFO  | DNAudit | user=null | ip=null | op=WRITE_CHUNK {blockData=conID: 1 locID: 102666068571652554 bcsId: 0} | ret=SUCCESS |  
2019-08-23 11:31:30,229 | INFO  | DNAudit | user=null | ip=null | op=WRITE_CHUNK {blockData=conID: 1 locID: 102666068571652554 bcsId: 0} | ret=SUCCESS |  
2019-08-23 11:31:30,229 | INFO  | DNAudit | user=null | ip=null | op=WRITE_CHUNK {blockData=conID: 1 locID: 102666068571652554 bcsId: 0} | ret=SUCCESS |  
2019-08-23 11:31:30,236 | INFO  | DNAudit | user=null | ip=null | op=WRITE_CHUNK {blockData=conID: 1 locID: 102666068571652554 bcsId: 0} | ret=SUCCESS |  
2019-08-23 11:31:30,236 | INFO  | DNAudit | user=null | ip=null | op=PUT_BLOCK {blockData=[blockId=conID: 1 locID: 102666068571652554 bcsId: 0,size=1048576]} | ret=SUCCESS |  
2019-08-23 11:31:30,236 [grpc-default-executor-2] INFO  client.GrpcClientProtocolClient (GrpcClientProtocolClient.java:onNext(255)) - client-C9E345EC67ED->244f13ac-34be-4c4e-8e45-0c0272edbbb2: receive RaftClientReply:client-C9E345EC67ED->244f13ac-34be-4c4e-8e45-0c0272edbbb2@group-FE77C852EF02, cid=1145, SUCCESS, logIndex=1545, commits[244f13ac-34be-4c4e-8e45-0c0272edbbb2:c1546, 6287e41a-5356-4f55-84f2-270816d53e84:c1544, a2c18d3d-e79d-47c9-88fe-d8a1d195302b:c1544]
2019-08-23 11:31:30,237 [grpc-default-executor-2] INFO  client.GrpcClientProtocolClient (GrpcClientProtocolClient.java:onNext(255)) - client-C9E345EC67ED->244f13ac-34be-4c4e-8e45-0c0272edbbb2: receive RaftClientReply:client-C9E345EC67ED->244f13ac-34be-4c4e-8e45-0c0272edbbb2@group-FE77C852EF02, cid=1146, SUCCESS, logIndex=1546, commits[244f13ac-34be-4c4e-8e45-0c0272edbbb2:c1546, 6287e41a-5356-4f55-84f2-270816d53e84:c1544, a2c18d3d-e79d-47c9-88fe-d8a1d195302b:c1544]
2019-08-23 11:31:30,237 | INFO  | DNAudit | user=null | ip=null | op=WRITE_CHUNK {blockData=conID: 1 locID: 102666068571652554 bcsId: 0} | ret=SUCCESS |  
2019-08-23 11:31:30,238 | INFO  | DNAudit | user=null | ip=null | op=PUT_BLOCK {blockData=[blockId=conID: 1 locID: 102666068571652554 bcsId: 0,size=2097152]} | ret=SUCCESS |  
2019-08-23 11:31:30,237 [grpc-default-executor-2] INFO  client.GrpcClientProtocolClient (GrpcClientProtocolClient.java:onNext(255)) - client-C9E345EC67ED->244f13ac-34be-4c4e-8e45-0c0272edbbb2: receive RaftClientReply:client-C9E345EC67ED->244f13ac-34be-4c4e-8e45-0c0272edbbb2@group-FE77C852EF02, cid=1147, SUCCESS, logIndex=1547, commits[244f13ac-34be-4c4e-8e45-0c0272edbbb2:c1548, 6287e41a-5356-4f55-84f2-270816d53e84:c1544, a2c18d3d-e79d-47c9-88fe-d8a1d195302b:c1544]
2019-08-23 11:31:30,240 [grpc-default-executor-5] INFO  client.GrpcClientProtocolClient (GrpcClientProtocolClient.java:onNext(255)) - client-C9E345EC67ED->244f13ac-34be-4c4e-8e45-0c0272edbbb2: receive RaftClientReply:client-C9E345EC67ED->244f13ac-34be-4c4e-8e45-0c0272edbbb2@group-FE77C852EF02, cid=1148, SUCCESS, logIndex=1548, commits[244f13ac-34be-4c4e-8e45-0c0272edbbb2:c1548, 6287e41a-5356-4f55-84f2-270816d53e84:c1544, a2c18d3d-e79d-47c9-88fe-d8a1d195302b:c1544]
2019-08-23 11:31:30,250 | INFO  | DNAudit | user=null | ip=null | op=WRITE_CHUNK {blockData=conID: 1 locID: 102666068571652554 bcsId: 0} | ret=SUCCESS |  
2019-08-23 11:31:30,250 | INFO  | DNAudit | user=null | ip=null | op=WRITE_CHUNK {blockData=conID: 1 locID: 102666068571652554 bcsId: 0} | ret=SUCCESS |  
2019-08-23 11:31:30,250 | INFO  | DNAudit | user=null | ip=null | op=PUT_BLOCK {blockData=[blockId=conID: 1 locID: 102666068571652554 bcsId: 0,size=1048576]} | ret=SUCCESS |  
2019-08-23 11:31:30,251 | INFO  | DNAudit | user=null | ip=null | op=PUT_BLOCK {blockData=[blockId=conID: 1 locID: 102666068571652554 bcsId: 0,size=1048576]} | ret=SUCCESS |  
2019-08-23 11:31:30,251 | INFO  | DNAudit | user=null | ip=null | op=WRITE_CHUNK {blockData=conID: 1 locID: 102666068571652554 bcsId: 0} | ret=SUCCESS |  
2019-08-23 11:31:30,251 | INFO  | DNAudit | user=null | ip=null | op=WRITE_CHUNK {blockData=conID: 1 locID: 102666068571652554 bcsId: 0} | ret=SUCCESS |  
2019-08-23 11:31:30,251 | INFO  | DNAudit | user=null | ip=null | op=PUT_BLOCK {blockData=[blockId=conID: 1 locID: 102666068571652554 bcsId: 0,size=2097152]} | ret=SUCCESS |  
2019-08-23 11:31:30,251 [grpc-default-executor-2] INFO  client.GrpcClientProtocolClient (GrpcClientProtocolClient.java:onNext(255)) - client-C9E345EC67ED->244f13ac-34be-4c4e-8e45-0c0272edbbb2: receive RaftClientReply:client-C9E345EC67ED->244f13ac-34be-4c4e-8e45-0c0272edbbb2@group-FE77C852EF02, cid=1149, SUCCESS, logIndex=0, commits[244f13ac-34be-4c4e-8e45-0c0272edbbb2:c1550, 6287e41a-5356-4f55-84f2-270816d53e84:c1546, a2c18d3d-e79d-47c9-88fe-d8a1d195302b:c1546]
2019-08-23 11:31:30,252 | INFO  | DNAudit | user=null | ip=null | op=PUT_BLOCK {blockData=[blockId=conID: 1 locID: 102666068571652554 bcsId: 0,size=2097152]} | ret=SUCCESS |  
2019-08-23 11:31:30,261 | INFO  | DNAudit | user=null | ip=null | op=WRITE_CHUNK {blockData=conID: 1 locID: 102666068571652554 bcsId: 1548} | ret=SUCCESS |  
2019-08-23 11:31:30,263 | INFO  | DNAudit | user=null | ip=null | op=WRITE_CHUNK {blockData=conID: 1 locID: 102666068571652554 bcsId: 1548} | ret=SUCCESS |  
2019-08-23 11:31:30,264 | INFO  | DNAudit | user=null | ip=null | op=WRITE_CHUNK {blockData=conID: 1 locID: 102666068571652554 bcsId: 1548} | ret=SUCCESS |  
2019-08-23 11:31:30,273 | INFO  | DNAudit | user=null | ip=null | op=WRITE_CHUNK {blockData=conID: 1 locID: 102666068571652554 bcsId: 1548} | ret=SUCCESS |  
2019-08-23 11:31:30,274 | INFO  | DNAudit | user=null | ip=null | op=PUT_BLOCK {blockData=[blockId=conID: 1 locID: 102666068571652554 bcsId: 0,size=3145728]} | ret=SUCCESS |  
2019-08-23 11:31:30,274 [grpc-default-executor-2] INFO  client.GrpcClientProtocolClient (GrpcClientProtocolClient.java:onNext(255)) - client-C9E345EC67ED->244f13ac-34be-4c4e-8e45-0c0272edbbb2: receive RaftClientReply:client-C9E345EC67ED->244f13ac-34be-4c4e-8e45-0c0272edbbb2@group-FE77C852EF02, cid=1150, SUCCESS, logIndex=1553, commits[244f13ac-34be-4c4e-8e45-0c0272edbbb2:c1554, 6287e41a-5356-4f55-84f2-270816d53e84:c1552, a2c18d3d-e79d-47c9-88fe-d8a1d195302b:c1552]
2019-08-23 11:31:30,275 [grpc-default-executor-2] INFO  client.GrpcClientProtocolClient (GrpcClientProtocolClient.java:onNext(255)) - client-C9E345EC67ED->244f13ac-34be-4c4e-8e45-0c0272edbbb2: receive RaftClientReply:client-C9E345EC67ED->244f13ac-34be-4c4e-8e45-0c0272edbbb2@group-FE77C852EF02, cid=1151, SUCCESS, logIndex=1554, commits[244f13ac-34be-4c4e-8e45-0c0272edbbb2:c1554, 6287e41a-5356-4f55-84f2-270816d53e84:c1552, a2c18d3d-e79d-47c9-88fe-d8a1d195302b:c1552]
2019-08-23 11:31:30,281 | INFO  | DNAudit | user=null | ip=null | op=WRITE_CHUNK {blockData=conID: 1 locID: 102666068571652554 bcsId: 1554} | ret=SUCCESS |  
2019-08-23 11:31:30,284 | INFO  | DNAudit | user=null | ip=null | op=WRITE_CHUNK {blockData=conID: 1 locID: 102666068571652554 bcsId: 1554} | ret=SUCCESS |  
2019-08-23 11:31:30,285 | INFO  | DNAudit | user=null | ip=null | op=WRITE_CHUNK {blockData=conID: 1 locID: 102666068571652554 bcsId: 1554} | ret=SUCCESS |  
2019-08-23 11:31:30,285 | INFO  | DNAudit | user=null | ip=null | op=WRITE_CHUNK {blockData=conID: 1 locID: 102666068571652554 bcsId: 1548} | ret=SUCCESS |  
2019-08-23 11:31:30,285 | INFO  | DNAudit | user=null | ip=null | op=WRITE_CHUNK {blockData=conID: 1 locID: 102666068571652554 bcsId: 1548} | ret=SUCCESS |  
2019-08-23 11:31:30,286 | INFO  | DNAudit | user=null | ip=null | op=PUT_BLOCK {blockData=[blockId=conID: 1 locID: 102666068571652554 bcsId: 0,size=3145728]} | ret=SUCCESS |  
2019-08-23 11:31:30,286 | INFO  | DNAudit | user=null | ip=null | op=WRITE_CHUNK {blockData=conID: 1 locID: 102666068571652554 bcsId: 1554} | ret=SUCCESS |  
2019-08-23 11:31:30,286 | INFO  | DNAudit | user=null | ip=null | op=PUT_BLOCK {blockData=[blockId=conID: 1 locID: 102666068571652554 bcsId: 0,size=3145728]} | ret=SUCCESS |  
2019-08-23 11:31:30,287 | INFO  | DNAudit | user=null | ip=null | op=PUT_BLOCK {blockData=[blockId=conID: 1 locID: 102666068571652554 bcsId: 0,size=4194304]} | ret=SUCCESS |  
2019-08-23 11:31:30,287 [grpc-default-executor-1] INFO  client.GrpcClientProtocolClient (GrpcClientProtocolClient.java:onNext(255)) - client-C9E345EC67ED->244f13ac-34be-4c4e-8e45-0c0272edbbb2: receive RaftClientReply:client-C9E345EC67ED->244f13ac-34be-4c4e-8e45-0c0272edbbb2@group-FE77C852EF02, cid=1152, SUCCESS, logIndex=1557, commits[244f13ac-34be-4c4e-8e45-0c0272edbbb2:c1558, 6287e41a-5356-4f55-84f2-270816d53e84:c1553, a2c18d3d-e79d-47c9-88fe-d8a1d195302b:c1554]
2019-08-23 11:31:30,287 [grpc-default-executor-1] INFO  client.GrpcClientProtocolClient (GrpcClientProtocolClient.java:onNext(255)) - client-C9E345EC67ED->244f13ac-34be-4c4e-8e45-0c0272edbbb2: receive RaftClientReply:client-C9E345EC67ED->244f13ac-34be-4c4e-8e45-0c0272edbbb2@group-FE77C852EF02, cid=1153, SUCCESS, logIndex=1558, commits[244f13ac-34be-4c4e-8e45-0c0272edbbb2:c1558, 6287e41a-5356-4f55-84f2-270816d53e84:c1554, a2c18d3d-e79d-47c9-88fe-d8a1d195302b:c1554]
2019-08-23 11:31:30,290 | INFO  | DNAudit | user=null | ip=null | op=WRITE_CHUNK {blockData=conID: 1 locID: 102666068571652554 bcsId: 1554} | ret=SUCCESS |  
2019-08-23 11:31:30,290 | INFO  | DNAudit | user=null | ip=null | op=WRITE_CHUNK {blockData=conID: 1 locID: 102666068571652554 bcsId: 1554} | ret=SUCCESS |  
2019-08-23 11:31:30,301 | INFO  | DNAudit | user=null | ip=null | op=PUT_BLOCK {blockData=[blockId=conID: 1 locID: 102666068571652554 bcsId: 0,size=4194304]} | ret=SUCCESS |  
2019-08-23 11:31:30,301 | INFO  | DNAudit | user=null | ip=null | op=PUT_BLOCK {blockData=[blockId=conID: 1 locID: 102666068571652554 bcsId: 0,size=4194304]} | ret=SUCCESS |  
2019-08-23 11:31:30,302 [grpc-default-executor-2] INFO  client.GrpcClientProtocolClient (GrpcClientProtocolClient.java:onNext(255)) - client-C9E345EC67ED->244f13ac-34be-4c4e-8e45-0c0272edbbb2: receive RaftClientReply:client-C9E345EC67ED->244f13ac-34be-4c4e-8e45-0c0272edbbb2@group-FE77C852EF02, cid=1154, SUCCESS, logIndex=0, commits[244f13ac-34be-4c4e-8e45-0c0272edbbb2:c1560, 6287e41a-5356-4f55-84f2-270816d53e84:c1558, a2c18d3d-e79d-47c9-88fe-d8a1d195302b:c1558]
2019-08-23 11:31:30,309 | INFO  | DNAudit | user=null | ip=null | op=WRITE_CHUNK {blockData=conID: 2 locID: 102666068571652555 bcsId: 0} | ret=SUCCESS |  
2019-08-23 11:31:30,312 | INFO  | DNAudit | user=null | ip=null | op=WRITE_CHUNK {blockData=conID: 2 locID: 102666068571652555 bcsId: 0} | ret=SUCCESS |  
2019-08-23 11:31:30,312 | INFO  | DNAudit | user=null | ip=null | op=WRITE_CHUNK {blockData=conID: 2 locID: 102666068571652555 bcsId: 0} | ret=SUCCESS |  
2019-08-23 11:31:30,312 | INFO  | DNAudit | user=null | ip=null | op=WRITE_CHUNK {blockData=conID: 2 locID: 102666068571652555 bcsId: 0} | ret=SUCCESS |  
2019-08-23 11:31:30,314 | INFO  | DNAudit | user=null | ip=null | op=WRITE_CHUNK {blockData=conID: 2 locID: 102666068571652555 bcsId: 0} | ret=SUCCESS |  
2019-08-23 11:31:30,315 | INFO  | DNAudit | user=null | ip=null | op=WRITE_CHUNK {blockData=conID: 2 locID: 102666068571652555 bcsId: 0} | ret=SUCCESS |  
2019-08-23 11:31:30,324 | INFO  | DNAudit | user=null | ip=null | op=WRITE_CHUNK {blockData=conID: 2 locID: 102666068571652555 bcsId: 0} | ret=SUCCESS |  
2019-08-23 11:31:30,324 [grpc-default-executor-1] INFO  client.GrpcClientProtocolClient (GrpcClientProtocolClient.java:onNext(255)) - client-C9E345EC67ED->244f13ac-34be-4c4e-8e45-0c0272edbbb2: receive RaftClientReply:client-C9E345EC67ED->244f13ac-34be-4c4e-8e45-0c0272edbbb2@group-FE77C852EF02, cid=1155, SUCCESS, logIndex=1561, commits[244f13ac-34be-4c4e-8e45-0c0272edbbb2:c1564, 6287e41a-5356-4f55-84f2-270816d53e84:c1560, a2c18d3d-e79d-47c9-88fe-d8a1d195302b:c1560]
2019-08-23 11:31:30,325 | INFO  | DNAudit | user=null | ip=null | op=PUT_BLOCK {blockData=[blockId=conID: 2 locID: 102666068571652555 bcsId: 0,size=1048576]} | ret=SUCCESS |  
2019-08-23 11:31:30,325 | INFO  | DNAudit | user=null | ip=null | op=WRITE_CHUNK {blockData=conID: 2 locID: 102666068571652555 bcsId: 0} | ret=SUCCESS |  
2019-08-23 11:31:30,326 | INFO  | DNAudit | user=null | ip=null | op=WRITE_CHUNK {blockData=conID: 2 locID: 102666068571652555 bcsId: 0} | ret=SUCCESS |  
2019-08-23 11:31:30,326 | INFO  | DNAudit | user=null | ip=null | op=WRITE_CHUNK {blockData=conID: 2 locID: 102666068571652555 bcsId: 0} | ret=SUCCESS |  
2019-08-23 11:31:30,326 | INFO  | DNAudit | user=null | ip=null | op=PUT_BLOCK {blockData=[blockId=conID: 2 locID: 102666068571652555 bcsId: 0,size=2097152]} | ret=SUCCESS |  
2019-08-23 11:31:30,326 [grpc-default-executor-1] INFO  client.GrpcClientProtocolClient (GrpcClientProtocolClient.java:onNext(255)) - client-C9E345EC67ED->244f13ac-34be-4c4e-8e45-0c0272edbbb2: receive RaftClientReply:client-C9E345EC67ED->244f13ac-34be-4c4e-8e45-0c0272edbbb2@group-FE77C852EF02, cid=1156, SUCCESS, logIndex=1562, commits[244f13ac-34be-4c4e-8e45-0c0272edbbb2:c1564, 6287e41a-5356-4f55-84f2-270816d53e84:c1561, a2c18d3d-e79d-47c9-88fe-d8a1d195302b:c1560]
2019-08-23 11:31:30,326 [grpc-default-executor-1] INFO  client.GrpcClientProtocolClient (GrpcClientProtocolClient.java:onNext(255)) - client-C9E345EC67ED->244f13ac-34be-4c4e-8e45-0c0272edbbb2: receive RaftClientReply:client-C9E345EC67ED->244f13ac-34be-4c4e-8e45-0c0272edbbb2@group-FE77C852EF02, cid=1157, SUCCESS, logIndex=1563, commits[244f13ac-34be-4c4e-8e45-0c0272edbbb2:c1565, 6287e41a-5356-4f55-84f2-270816d53e84:c1561, a2c18d3d-e79d-47c9-88fe-d8a1d195302b:c1561]
2019-08-23 11:31:30,327 [grpc-default-executor-1] INFO  client.GrpcClientProtocolClient (GrpcClientProtocolClient.java:onNext(255)) - client-C9E345EC67ED->244f13ac-34be-4c4e-8e45-0c0272edbbb2: receive RaftClientReply:client-C9E345EC67ED->244f13ac-34be-4c4e-8e45-0c0272edbbb2@group-FE77C852EF02, cid=1158, SUCCESS, logIndex=1564, commits[244f13ac-34be-4c4e-8e45-0c0272edbbb2:c1565, 6287e41a-5356-4f55-84f2-270816d53e84:c1561, a2c18d3d-e79d-47c9-88fe-d8a1d195302b:c1561]
2019-08-23 11:31:30,328 [grpc-default-executor-1] INFO  client.GrpcClientProtocolClient (GrpcClientProtocolClient.java:onNext(255)) - client-C9E345EC67ED->244f13ac-34be-4c4e-8e45-0c0272edbbb2: receive RaftClientReply:client-C9E345EC67ED->244f13ac-34be-4c4e-8e45-0c0272edbbb2@group-FE77C852EF02, cid=1159, SUCCESS, logIndex=0, commits[244f13ac-34be-4c4e-8e45-0c0272edbbb2:c1565, 6287e41a-5356-4f55-84f2-270816d53e84:c1564, a2c18d3d-e79d-47c9-88fe-d8a1d195302b:c1564]
2019-08-23 11:31:30,336 | INFO  | DNAudit | user=null | ip=null | op=PUT_BLOCK {blockData=[blockId=conID: 2 locID: 102666068571652555 bcsId: 0,size=1048576]} | ret=SUCCESS |  
2019-08-23 11:31:30,336 | INFO  | DNAudit | user=null | ip=null | op=PUT_BLOCK {blockData=[blockId=conID: 2 locID: 102666068571652555 bcsId: 0,size=1048576]} | ret=SUCCESS |  
2019-08-23 11:31:30,336 | INFO  | DNAudit | user=null | ip=null | op=WRITE_CHUNK {blockData=conID: 2 locID: 102666068571652555 bcsId: 0} | ret=SUCCESS |  
2019-08-23 11:31:30,336 | INFO  | DNAudit | user=null | ip=null | op=WRITE_CHUNK {blockData=conID: 2 locID: 102666068571652555 bcsId: 0} | ret=SUCCESS |  
2019-08-23 11:31:30,336 | INFO  | DNAudit | user=null | ip=null | op=PUT_BLOCK {blockData=[blockId=conID: 2 locID: 102666068571652555 bcsId: 0,size=2097152]} | ret=SUCCESS |  
2019-08-23 11:31:30,337 | INFO  | DNAudit | user=null | ip=null | op=PUT_BLOCK {blockData=[blockId=conID: 2 locID: 102666068571652555 bcsId: 0,size=2097152]} | ret=SUCCESS |  
2019-08-23 11:31:30,337 | INFO  | DNAudit | user=null | ip=null | op=WRITE_CHUNK {blockData=conID: 2 locID: 102666068571652555 bcsId: 1564} | ret=SUCCESS |  
2019-08-23 11:31:30,337 | INFO  | DNAudit | user=null | ip=null | op=WRITE_CHUNK {blockData=conID: 2 locID: 102666068571652555 bcsId: 1564} | ret=SUCCESS |  
2019-08-23 11:31:30,338 | INFO  | DNAudit | user=null | ip=null | op=WRITE_CHUNK {blockData=conID: 2 locID: 102666068571652555 bcsId: 1564} | ret=SUCCESS |  
2019-08-23 11:31:30,340 | INFO  | DNAudit | user=null | ip=null | op=WRITE_CHUNK {blockData=conID: 2 locID: 102666068571652555 bcsId: 1564} | ret=SUCCESS |  
2019-08-23 11:31:30,340 | INFO  | DNAudit | user=null | ip=null | op=PUT_BLOCK {blockData=[blockId=conID: 2 locID: 102666068571652555 bcsId: 0,size=3145728]} | ret=SUCCESS |  
2019-08-23 11:31:30,341 [grpc-default-executor-2] INFO  client.GrpcClientProtocolClient (GrpcClientProtocolClient.java:onNext(255)) - client-C9E345EC67ED->244f13ac-34be-4c4e-8e45-0c0272edbbb2: receive RaftClientReply:client-C9E345EC67ED->244f13ac-34be-4c4e-8e45-0c0272edbbb2@group-FE77C852EF02, cid=1160, SUCCESS, logIndex=1569, commits[244f13ac-34be-4c4e-8e45-0c0272edbbb2:c1570, 6287e41a-5356-4f55-84f2-270816d53e84:c1564, a2c18d3d-e79d-47c9-88fe-d8a1d195302b:c1565]
2019-08-23 11:31:30,341 [grpc-default-executor-2] INFO  client.GrpcClientProtocolClient (GrpcClientProtocolClient.java:onNext(255)) - client-C9E345EC67ED->244f13ac-34be-4c4e-8e45-0c0272edbbb2: receive RaftClientReply:client-C9E345EC67ED->244f13ac-34be-4c4e-8e45-0c0272edbbb2@group-FE77C852EF02, cid=1161, SUCCESS, logIndex=1570, commits[244f13ac-34be-4c4e-8e45-0c0272edbbb2:c1570, 6287e41a-5356-4f55-84f2-270816d53e84:c1565, a2c18d3d-e79d-47c9-88fe-d8a1d195302b:c1565]
2019-08-23 11:31:30,345 | INFO  | DNAudit | user=null | ip=null | op=WRITE_CHUNK {blockData=conID: 2 locID: 102666068571652555 bcsId: 1564} | ret=SUCCESS |  
2019-08-23 11:31:30,345 | INFO  | DNAudit | user=null | ip=null | op=WRITE_CHUNK {blockData=conID: 2 locID: 102666068571652555 bcsId: 1564} | ret=SUCCESS |  
2019-08-23 11:31:30,345 | INFO  | DNAudit | user=null | ip=null | op=PUT_BLOCK {blockData=[blockId=conID: 2 locID: 102666068571652555 bcsId: 0,size=3145728]} | ret=SUCCESS |  
2019-08-23 11:31:30,345 | INFO  | DNAudit | user=null | ip=null | op=PUT_BLOCK {blockData=[blockId=conID: 2 locID: 102666068571652555 bcsId: 0,size=3145728]} | ret=SUCCESS |  
2019-08-23 11:31:30,347 | INFO  | DNAudit | user=null | ip=null | op=WRITE_CHUNK {blockData=conID: 2 locID: 102666068571652555 bcsId: 1570} | ret=SUCCESS |  
2019-08-23 11:31:30,349 | INFO  | DNAudit | user=null | ip=null | op=WRITE_CHUNK {blockData=conID: 2 locID: 102666068571652555 bcsId: 1570} | ret=SUCCESS |  
2019-08-23 11:31:30,350 | INFO  | DNAudit | user=null | ip=null | op=WRITE_CHUNK {blockData=conID: 2 locID: 102666068571652555 bcsId: 1570} | ret=SUCCESS |  
2019-08-23 11:31:30,357 | INFO  | DNAudit | user=null | ip=null | op=WRITE_CHUNK {blockData=conID: 2 locID: 102666068571652555 bcsId: 1570} | ret=SUCCESS |  
2019-08-23 11:31:30,358 | INFO  | DNAudit | user=null | ip=null | op=PUT_BLOCK {blockData=[blockId=conID: 2 locID: 102666068571652555 bcsId: 0,size=4194304]} | ret=SUCCESS |  
2019-08-23 11:31:30,358 [grpc-default-executor-1] INFO  client.GrpcClientProtocolClient (GrpcClientProtocolClient.java:onNext(255)) - client-C9E345EC67ED->244f13ac-34be-4c4e-8e45-0c0272edbbb2: receive RaftClientReply:client-C9E345EC67ED->244f13ac-34be-4c4e-8e45-0c0272edbbb2@group-FE77C852EF02, cid=1162, SUCCESS, logIndex=1573, commits[244f13ac-34be-4c4e-8e45-0c0272edbbb2:c1574, 6287e41a-5356-4f55-84f2-270816d53e84:c1571, a2c18d3d-e79d-47c9-88fe-d8a1d195302b:c1570]
2019-08-23 11:31:30,358 [grpc-default-executor-1] INFO  client.GrpcClientProtocolClient (GrpcClientProtocolClient.java:onNext(255)) - client-C9E345EC67ED->244f13ac-34be-4c4e-8e45-0c0272edbbb2: receive RaftClientReply:client-C9E345EC67ED->244f13ac-34be-4c4e-8e45-0c0272edbbb2@group-FE77C852EF02, cid=1163, SUCCESS, logIndex=1574, commits[244f13ac-34be-4c4e-8e45-0c0272edbbb2:c1574, 6287e41a-5356-4f55-84f2-270816d53e84:c1571, a2c18d3d-e79d-47c9-88fe-d8a1d195302b:c1571]
2019-08-23 11:31:30,359 | INFO  | DNAudit | user=null | ip=null | op=WRITE_CHUNK {blockData=conID: 2 locID: 102666068571652555 bcsId: 1570} | ret=SUCCESS |  
2019-08-23 11:31:30,359 | INFO  | DNAudit | user=null | ip=null | op=PUT_BLOCK {blockData=[blockId=conID: 2 locID: 102666068571652555 bcsId: 0,size=4194304]} | ret=SUCCESS |  
2019-08-23 11:31:30,361 | INFO  | DNAudit | user=null | ip=null | op=WRITE_CHUNK {blockData=conID: 2 locID: 102666068571652555 bcsId: 1570} | ret=SUCCESS |  
2019-08-23 11:31:30,361 | INFO  | DNAudit | user=null | ip=null | op=PUT_BLOCK {blockData=[blockId=conID: 2 locID: 102666068571652555 bcsId: 0,size=4194304]} | ret=SUCCESS |  
2019-08-23 11:31:30,362 [grpc-default-executor-2] INFO  client.GrpcClientProtocolClient (GrpcClientProtocolClient.java:onNext(255)) - client-C9E345EC67ED->244f13ac-34be-4c4e-8e45-0c0272edbbb2: receive RaftClientReply:client-C9E345EC67ED->244f13ac-34be-4c4e-8e45-0c0272edbbb2@group-FE77C852EF02, cid=1164, SUCCESS, logIndex=0, commits[244f13ac-34be-4c4e-8e45-0c0272edbbb2:c1575, 6287e41a-5356-4f55-84f2-270816d53e84:c1574, a2c18d3d-e79d-47c9-88fe-d8a1d195302b:c1574]
 0.00% |█                                                                                                    |  0/1 Time: 0:00:062019-08-23 11:31:30,369 | INFO  | DNAudit | user=null | ip=null | op=WRITE_CHUNK {blockData=conID: 3 locID: 102666068571652556 bcsId: 0} | ret=SUCCESS |  
2019-08-23 11:31:30,369 | INFO  | SCMAudit | user=jenkins1000 | ip=192.168.5.185 | op=SEND_HEARTBEAT {datanodeUUID=244f13ac-34be-4c4e-8e45-0c0272edbbb2, command=[]} | ret=SUCCESS |  
2019-08-23 11:31:30,369 | INFO  | SCMAudit | user=jenkins1000 | ip=192.168.5.185 | op=SEND_HEARTBEAT {datanodeUUID=a2c18d3d-e79d-47c9-88fe-d8a1d195302b, command=[]} | ret=SUCCESS |  
2019-08-23 11:31:30,369 | INFO  | SCMAudit | user=jenkins1000 | ip=192.168.5.185 | op=SEND_HEARTBEAT {datanodeUUID=6287e41a-5356-4f55-84f2-270816d53e84, command=[]} | ret=SUCCESS |  
2019-08-23 11:31:30,372 | INFO  | DNAudit | user=null | ip=null | op=WRITE_CHUNK {blockData=conID: 3 locID: 102666068571652556 bcsId: 0} | ret=SUCCESS |  
2019-08-23 11:31:30,372 | INFO  | DNAudit | user=null | ip=null | op=WRITE_CHUNK {blockData=conID: 3 locID: 102666068571652556 bcsId: 0} | ret=SUCCESS |  
2019-08-23 11:31:30,372 | INFO  | DNAudit | user=null | ip=null | op=WRITE_CHUNK {blockData=conID: 3 locID: 102666068571652556 bcsId: 0} | ret=SUCCESS |  
2019-08-23 11:31:30,373 | INFO  | DNAudit | user=null | ip=null | op=WRITE_CHUNK {blockData=conID: 3 locID: 102666068571652556 bcsId: 0} | ret=SUCCESS |  
2019-08-23 11:31:30,374 | INFO  | DNAudit | user=null | ip=null | op=WRITE_CHUNK {blockData=conID: 3 locID: 102666068571652556 bcsId: 0} | ret=SUCCESS |  
2019-08-23 11:31:30,384 | INFO  | DNAudit | user=null | ip=null | op=WRITE_CHUNK {blockData=conID: 3 locID: 102666068571652556 bcsId: 0} | ret=SUCCESS |  
2019-08-23 11:31:30,385 | INFO  | DNAudit | user=null | ip=null | op=PUT_BLOCK {blockData=[blockId=conID: 3 locID: 102666068571652556 bcsId: 0,size=1048576]} | ret=SUCCESS |  
2019-08-23 11:31:30,385 [grpc-default-executor-5] INFO  client.GrpcClientProtocolClient (GrpcClientProtocolClient.java:onNext(255)) - client-C9E345EC67ED->244f13ac-34be-4c4e-8e45-0c0272edbbb2: receive RaftClientReply:client-C9E345EC67ED->244f13ac-34be-4c4e-8e45-0c0272edbbb2@group-FE77C852EF02, cid=1165, SUCCESS, logIndex=1577, commits[244f13ac-34be-4c4e-8e45-0c0272edbbb2:c1580, 6287e41a-5356-4f55-84f2-270816d53e84:c1574, a2c18d3d-e79d-47c9-88fe-d8a1d195302b:c1575]
2019-08-23 11:31:30,385 | INFO  | DNAudit | user=null | ip=null | op=WRITE_CHUNK {blockData=conID: 3 locID: 102666068571652556 bcsId: 0} | ret=SUCCESS |  
2019-08-23 11:31:30,386 | INFO  | DNAudit | user=null | ip=null | op=PUT_BLOCK {blockData=[blockId=conID: 3 locID: 102666068571652556 bcsId: 0,size=2097152]} | ret=SUCCESS |  
2019-08-23 11:31:30,386 [grpc-default-executor-5] INFO  client.GrpcClientProtocolClient (GrpcClientProtocolClient.java:onNext(255)) - client-C9E345EC67ED->244f13ac-34be-4c4e-8e45-0c0272edbbb2: receive RaftClientReply:client-C9E345EC67ED->244f13ac-34be-4c4e-8e45-0c0272edbbb2@group-FE77C852EF02, cid=1166, SUCCESS, logIndex=1578, commits[244f13ac-34be-4c4e-8e45-0c0272edbbb2:c1580, 6287e41a-5356-4f55-84f2-270816d53e84:c1575, a2c18d3d-e79d-47c9-88fe-d8a1d195302b:c1575]
2019-08-23 11:31:30,386 [grpc-default-executor-5] INFO  client.GrpcClientProtocolClient (GrpcClientProtocolClient.java:onNext(255)) - client-C9E345EC67ED->244f13ac-34be-4c4e-8e45-0c0272edbbb2: receive RaftClientReply:client-C9E345EC67ED->244f13ac-34be-4c4e-8e45-0c0272edbbb2@group-FE77C852EF02, cid=1167, SUCCESS, logIndex=1579, commits[244f13ac-34be-4c4e-8e45-0c0272edbbb2:c1580, 6287e41a-5356-4f55-84f2-270816d53e84:c1575, a2c18d3d-e79d-47c9-88fe-d8a1d195302b:c1575]
2019-08-23 11:31:30,386 [grpc-default-executor-5] INFO  client.GrpcClientProtocolClient (GrpcClientProtocolClient.java:onNext(255)) - client-C9E345EC67ED->244f13ac-34be-4c4e-8e45-0c0272edbbb2: receive RaftClientReply:client-C9E345EC67ED->244f13ac-34be-4c4e-8e45-0c0272edbbb2@group-FE77C852EF02, cid=1168, SUCCESS, logIndex=1580, commits[244f13ac-34be-4c4e-8e45-0c0272edbbb2:c1580, 6287e41a-5356-4f55-84f2-270816d53e84:c1575, a2c18d3d-e79d-47c9-88fe-d8a1d195302b:c1575]
2019-08-23 11:31:30,388 | INFO  | DNAudit | user=null | ip=null | op=WRITE_CHUNK {blockData=conID: 3 locID: 102666068571652556 bcsId: 0} | ret=SUCCESS |  
2019-08-23 11:31:30,388 | INFO  | DNAudit | user=null | ip=null | op=WRITE_CHUNK {blockData=conID: 3 locID: 102666068571652556 bcsId: 0} | ret=SUCCESS |  
2019-08-23 11:31:30,388 | INFO  | DNAudit | user=null | ip=null | op=PUT_BLOCK {blockData=[blockId=conID: 3 locID: 102666068571652556 bcsId: 0,size=1048576]} | ret=SUCCESS |  
2019-08-23 11:31:30,388 | INFO  | DNAudit | user=null | ip=null | op=PUT_BLOCK {blockData=[blockId=conID: 3 locID: 102666068571652556 bcsId: 0,size=1048576]} | ret=SUCCESS |  
2019-08-23 11:31:30,388 [grpc-default-executor-5] INFO  client.GrpcClientProtocolClient (GrpcClientProtocolClient.java:onNext(255)) - client-C9E345EC67ED->244f13ac-34be-4c4e-8e45-0c0272edbbb2: receive RaftClientReply:client-C9E345EC67ED->244f13ac-34be-4c4e-8e45-0c0272edbbb2@group-FE77C852EF02, cid=1169, SUCCESS, logIndex=0, commits[244f13ac-34be-4c4e-8e45-0c0272edbbb2:c1581, 6287e41a-5356-4f55-84f2-270816d53e84:c1578, a2c18d3d-e79d-47c9-88fe-d8a1d195302b:c1578]
2019-08-23 11:31:30,394 | INFO  | DNAudit | user=null | ip=null | op=WRITE_CHUNK {blockData=conID: 3 locID: 102666068571652556 bcsId: 1580} | ret=SUCCESS |  
2019-08-23 11:31:30,396 | INFO  | DNAudit | user=null | ip=null | op=WRITE_CHUNK {blockData=conID: 3 locID: 102666068571652556 bcsId: 1580} | ret=SUCCESS |  
2019-08-23 11:31:30,397 | INFO  | DNAudit | user=null | ip=null | op=WRITE_CHUNK {blockData=conID: 3 locID: 102666068571652556 bcsId: 1580} | ret=SUCCESS |  
2019-08-23 11:31:30,399 | INFO  | DNAudit | user=null | ip=null | op=WRITE_CHUNK {blockData=conID: 3 locID: 102666068571652556 bcsId: 0} | ret=SUCCESS |  
2019-08-23 11:31:30,399 | INFO  | DNAudit | user=null | ip=null | op=WRITE_CHUNK {blockData=conID: 3 locID: 102666068571652556 bcsId: 0} | ret=SUCCESS |  
2019-08-23 11:31:30,399 | INFO  | DNAudit | user=null | ip=null | op=PUT_BLOCK {blockData=[blockId=conID: 3 locID: 102666068571652556 bcsId: 0,size=2097152]} | ret=SUCCESS |  
2019-08-23 11:31:30,399 | INFO  | DNAudit | user=null | ip=null | op=PUT_BLOCK {blockData=[blockId=conID: 3 locID: 102666068571652556 bcsId: 0,size=2097152]} | ret=SUCCESS |  
2019-08-23 11:31:30,400 | INFO  | DNAudit | user=null | ip=null | op=WRITE_CHUNK {blockData=conID: 3 locID: 102666068571652556 bcsId: 1580} | ret=SUCCESS |  
2019-08-23 11:31:30,400 [grpc-default-executor-5] INFO  client.GrpcClientProtocolClient (GrpcClientProtocolClient.java:onNext(255)) - client-C9E345EC67ED->244f13ac-34be-4c4e-8e45-0c0272edbbb2: receive RaftClientReply:client-C9E345EC67ED->244f13ac-34be-4c4e-8e45-0c0272edbbb2@group-FE77C852EF02, cid=1170, SUCCESS, logIndex=1585, commits[244f13ac-34be-4c4e-8e45-0c0272edbbb2:c1586, 6287e41a-5356-4f55-84f2-270816d53e84:c1581, a2c18d3d-e79d-47c9-88fe-d8a1d195302b:c1581]
2019-08-23 11:31:30,412 | INFO  | DNAudit | user=null | ip=null | op=WRITE_CHUNK {blockData=conID: 3 locID: 102666068571652556 bcsId: 1580} | ret=SUCCESS |  
2019-08-23 11:31:30,413 | INFO  | DNAudit | user=null | ip=null | op=WRITE_CHUNK {blockData=conID: 3 locID: 102666068571652556 bcsId: 1580} | ret=SUCCESS |  
2019-08-23 11:31:30,413 | INFO  | DNAudit | user=null | ip=null | op=PUT_BLOCK {blockData=[blockId=conID: 3 locID: 102666068571652556 bcsId: 0,size=3145728]} | ret=SUCCESS |  
2019-08-23 11:31:30,413 [grpc-default-executor-5] INFO  client.GrpcClientProtocolClient (GrpcClientProtocolClient.java:onNext(255)) - client-C9E345EC67ED->244f13ac-34be-4c4e-8e45-0c0272edbbb2: receive RaftClientReply:client-C9E345EC67ED->244f13ac-34be-4c4e-8e45-0c0272edbbb2@group-FE77C852EF02, cid=1171, SUCCESS, logIndex=1586, commits[244f13ac-34be-4c4e-8e45-0c0272edbbb2:c1587, 6287e41a-5356-4f55-84f2-270816d53e84:c1585, a2c18d3d-e79d-47c9-88fe-d8a1d195302b:c1585]
2019-08-23 11:31:30,416 | INFO  | DNAudit | user=null | ip=null | op=PUT_BLOCK {blockData=[blockId=conID: 3 locID: 102666068571652556 bcsId: 0,size=3145728]} | ret=SUCCESS |  
2019-08-23 11:31:30,425 | INFO  | DNAudit | user=null | ip=null | op=PUT_BLOCK {blockData=[blockId=conID: 3 locID: 102666068571652556 bcsId: 0,size=3145728]} | ret=SUCCESS |  
2019-08-23 11:31:30,428 | INFO  | DNAudit | user=null | ip=null | op=WRITE_CHUNK {blockData=conID: 3 locID: 102666068571652556 bcsId: 1586} | ret=SUCCESS |  
2019-08-23 11:31:30,464 | INFO  | DNAudit | user=null | ip=null | op=WRITE_CHUNK {blockData=conID: 3 locID: 102666068571652556 bcsId: 1586} | ret=SUCCESS |  
2019-08-23 11:31:30,467 | INFO  | DNAudit | user=null | ip=null | op=WRITE_CHUNK {blockData=conID: 3 locID: 102666068571652556 bcsId: 1586} | ret=SUCCESS |  
2019-08-23 11:31:30,480 | INFO  | DNAudit | user=null | ip=null | op=WRITE_CHUNK {blockData=conID: 3 locID: 102666068571652556 bcsId: 1586} | ret=SUCCESS |  
2019-08-23 11:31:30,481 | INFO  | DNAudit | user=null | ip=null | op=PUT_BLOCK {blockData=[blockId=conID: 3 locID: 102666068571652556 bcsId: 0,size=4194304]} | ret=SUCCESS |  
2019-08-23 11:31:30,481 [grpc-default-executor-5] INFO  client.GrpcClientProtocolClient (GrpcClientProtocolClient.java:onNext(255)) - client-C9E345EC67ED->244f13ac-34be-4c4e-8e45-0c0272edbbb2: receive RaftClientReply:client-C9E345EC67ED->244f13ac-34be-4c4e-8e45-0c0272edbbb2@group-FE77C852EF02, cid=1172, SUCCESS, logIndex=1589, commits[244f13ac-34be-4c4e-8e45-0c0272edbbb2:c1590, 6287e41a-5356-4f55-84f2-270816d53e84:c1588, a2c18d3d-e79d-47c9-88fe-d8a1d195302b:c1588]
2019-08-23 11:31:30,482 [grpc-default-executor-5] INFO  client.GrpcClientProtocolClient (GrpcClientProtocolClient.java:onNext(255)) - client-C9E345EC67ED->244f13ac-34be-4c4e-8e45-0c0272edbbb2: receive RaftClientReply:client-C9E345EC67ED->244f13ac-34be-4c4e-8e45-0c0272edbbb2@group-FE77C852EF02, cid=1173, SUCCESS, logIndex=1590, commits[244f13ac-34be-4c4e-8e45-0c0272edbbb2:c1590, 6287e41a-5356-4f55-84f2-270816d53e84:c1588, a2c18d3d-e79d-47c9-88fe-d8a1d195302b:c1588]
2019-08-23 11:31:30,482 | INFO  | DNAudit | user=null | ip=null | op=WRITE_CHUNK {blockData=conID: 3 locID: 102666068571652556 bcsId: 1586} | ret=SUCCESS |  
2019-08-23 11:31:30,482 | INFO  | DNAudit | user=null | ip=null | op=PUT_BLOCK {blockData=[blockId=conID: 3 locID: 102666068571652556 bcsId: 0,size=4194304]} | ret=SUCCESS |  
2019-08-23 11:31:30,482 | INFO  | DNAudit | user=null | ip=null | op=WRITE_CHUNK {blockData=conID: 3 locID: 102666068571652556 bcsId: 1586} | ret=SUCCESS |  
2019-08-23 11:31:30,483 | INFO  | DNAudit | user=null | ip=null | op=PUT_BLOCK {blockData=[blockId=conID: 3 locID: 102666068571652556 bcsId: 0,size=4194304]} | ret=SUCCESS |  
2019-08-23 11:31:30,483 [grpc-default-executor-5] INFO  client.GrpcClientProtocolClient (GrpcClientProtocolClient.java:onNext(255)) - client-C9E345EC67ED->244f13ac-34be-4c4e-8e45-0c0272edbbb2: receive RaftClientReply:client-C9E345EC67ED->244f13ac-34be-4c4e-8e45-0c0272edbbb2@group-FE77C852EF02, cid=1174, SUCCESS, logIndex=0, commits[244f13ac-34be-4c4e-8e45-0c0272edbbb2:c1591, 6287e41a-5356-4f55-84f2-270816d53e84:c1590, a2c18d3d-e79d-47c9-88fe-d8a1d195302b:c1590]
2019-08-23 11:31:30,493 | INFO  | DNAudit | user=null | ip=null | op=WRITE_CHUNK {blockData=conID: 1 locID: 102666068571652557 bcsId: 0} | ret=SUCCESS |  
2019-08-23 11:31:30,494 | INFO  | DNAudit | user=null | ip=null | op=WRITE_CHUNK {blockData=conID: 1 locID: 102666068571652557 bcsId: 0} | ret=SUCCESS |  
2019-08-23 11:31:30,496 | INFO  | DNAudit | user=null | ip=null | op=WRITE_CHUNK {blockData=conID: 1 locID: 102666068571652557 bcsId: 0} | ret=SUCCESS |  
2019-08-23 11:31:30,496 | INFO  | DNAudit | user=null | ip=null | op=WRITE_CHUNK {blockData=conID: 1 locID: 102666068571652557 bcsId: 0} | ret=SUCCESS |  
2019-08-23 11:31:30,497 | INFO  | DNAudit | user=null | ip=null | op=WRITE_CHUNK {blockData=conID: 1 locID: 102666068571652557 bcsId: 0} | ret=SUCCESS |  
2019-08-23 11:31:30,497 | INFO  | DNAudit | user=null | ip=null | op=WRITE_CHUNK {blockData=conID: 1 locID: 102666068571652557 bcsId: 0} | ret=SUCCESS |  
2019-08-23 11:31:30,507 | INFO  | DNAudit | user=null | ip=null | op=WRITE_CHUNK {blockData=conID: 1 locID: 102666068571652557 bcsId: 0} | ret=SUCCESS |  
2019-08-23 11:31:30,510 | INFO  | DNAudit | user=null | ip=null | op=PUT_BLOCK {blockData=[blockId=conID: 1 locID: 102666068571652557 bcsId: 0,size=1048576]} | ret=SUCCESS |  
2019-08-23 11:31:30,510 | INFO  | DNAudit | user=null | ip=null | op=WRITE_CHUNK {blockData=conID: 1 locID: 102666068571652557 bcsId: 0} | ret=SUCCESS |  
2019-08-23 11:31:30,510 [grpc-default-executor-5] INFO  client.GrpcClientProtocolClient (GrpcClientProtocolClient.java:onNext(255)) - client-C9E345EC67ED->244f13ac-34be-4c4e-8e45-0c0272edbbb2: receive RaftClientReply:client-C9E345EC67ED->244f13ac-34be-4c4e-8e45-0c0272edbbb2@group-FE77C852EF02, cid=1175, SUCCESS, logIndex=1593, commits[244f13ac-34be-4c4e-8e45-0c0272edbbb2:c1594, 6287e41a-5356-4f55-84f2-270816d53e84:c1592, a2c18d3d-e79d-47c9-88fe-d8a1d195302b:c1592]
2019-08-23 11:31:30,510 | INFO  | DNAudit | user=null | ip=null | op=PUT_BLOCK {blockData=[blockId=conID: 1 locID: 102666068571652557 bcsId: 0,size=2097152]} | ret=SUCCESS |  
2019-08-23 11:31:30,510 [grpc-default-executor-5] INFO  client.GrpcClientProtocolClient (GrpcClientProtocolClient.java:onNext(255)) - client-C9E345EC67ED->244f13ac-34be-4c4e-8e45-0c0272edbbb2: receive RaftClientReply:client-C9E345EC67ED->244f13ac-34be-4c4e-8e45-0c0272edbbb2@group-FE77C852EF02, cid=1176, SUCCESS, logIndex=1594, commits[244f13ac-34be-4c4e-8e45-0c0272edbbb2:c1596, 6287e41a-5356-4f55-84f2-270816d53e84:c1592, a2c18d3d-e79d-47c9-88fe-d8a1d195302b:c1592]
2019-08-23 11:31:30,511 [grpc-default-executor-5] INFO  client.GrpcClientProtocolClient (GrpcClientProtocolClient.java:onNext(255)) - client-C9E345EC67ED->244f13ac-34be-4c4e-8e45-0c0272edbbb2: receive RaftClientReply:client-C9E345EC67ED->244f13ac-34be-4c4e-8e45-0c0272edbbb2@group-FE77C852EF02, cid=1177, SUCCESS, logIndex=1595, commits[244f13ac-34be-4c4e-8e45-0c0272edbbb2:c1596, 6287e41a-5356-4f55-84f2-270816d53e84:c1592, a2c18d3d-e79d-47c9-88fe-d8a1d195302b:c1592]
2019-08-23 11:31:30,511 [grpc-default-executor-5] INFO  client.GrpcClientProtocolClient (GrpcClientProtocolClient.java:onNext(255)) - client-C9E345EC67ED->244f13ac-34be-4c4e-8e45-0c0272edbbb2: receive RaftClientReply:client-C9E345EC67ED->244f13ac-34be-4c4e-8e45-0c0272edbbb2@group-FE77C852EF02, cid=1178, SUCCESS, logIndex=1596, commits[244f13ac-34be-4c4e-8e45-0c0272edbbb2:c1596, 6287e41a-5356-4f55-84f2-270816d53e84:c1592, a2c18d3d-e79d-47c9-88fe-d8a1d195302b:c1592]
2019-08-23 11:31:30,518 | INFO  | DNAudit | user=null | ip=null | op=WRITE_CHUNK {blockData=conID: 1 locID: 102666068571652557 bcsId: 0} | ret=SUCCESS |  
2019-08-23 11:31:30,518 | INFO  | DNAudit | user=null | ip=null | op=WRITE_CHUNK {blockData=conID: 1 locID: 102666068571652557 bcsId: 0} | ret=SUCCESS |  
2019-08-23 11:31:30,519 | INFO  | DNAudit | user=null | ip=null | op=PUT_BLOCK {blockData=[blockId=conID: 1 locID: 102666068571652557 bcsId: 0,size=1048576]} | ret=SUCCESS |  
2019-08-23 11:31:30,520 | INFO  | DNAudit | user=null | ip=null | op=PUT_BLOCK {blockData=[blockId=conID: 1 locID: 102666068571652557 bcsId: 0,size=1048576]} | ret=SUCCESS |  
2019-08-23 11:31:30,520 | INFO  | DNAudit | user=null | ip=null | op=WRITE_CHUNK {blockData=conID: 1 locID: 102666068571652557 bcsId: 0} | ret=SUCCESS |  
2019-08-23 11:31:30,520 | INFO  | DNAudit | user=null | ip=null | op=WRITE_CHUNK {blockData=conID: 1 locID: 102666068571652557 bcsId: 0} | ret=SUCCESS |  
2019-08-23 11:31:30,520 | INFO  | DNAudit | user=null | ip=null | op=PUT_BLOCK {blockData=[blockId=conID: 1 locID: 102666068571652557 bcsId: 0,size=2097152]} | ret=SUCCESS |  
2019-08-23 11:31:30,520 | INFO  | DNAudit | user=null | ip=null | op=PUT_BLOCK {blockData=[blockId=conID: 1 locID: 102666068571652557 bcsId: 0,size=2097152]} | ret=SUCCESS |  
2019-08-23 11:31:30,521 [grpc-default-executor-4] INFO  client.GrpcClientProtocolClient (GrpcClientProtocolClient.java:onNext(255)) - client-C9E345EC67ED->244f13ac-34be-4c4e-8e45-0c0272edbbb2: receive RaftClientReply:client-C9E345EC67ED->244f13ac-34be-4c4e-8e45-0c0272edbbb2@group-FE77C852EF02, cid=1179, SUCCESS, logIndex=0, commits[244f13ac-34be-4c4e-8e45-0c0272edbbb2:c1598, 6287e41a-5356-4f55-84f2-270816d53e84:c1594, a2c18d3d-e79d-47c9-88fe-d8a1d195302b:c1594]
2019-08-23 11:31:30,527 | INFO  | DNAudit | user=null | ip=null | op=WRITE_CHUNK {blockData=conID: 1 locID: 102666068571652557 bcsId: 1596} | ret=SUCCESS |  
2019-08-23 11:31:30,530 | INFO  | DNAudit | user=null | ip=null | op=WRITE_CHUNK {blockData=conID: 1 locID: 102666068571652557 bcsId: 1596} | ret=SUCCESS |  
2019-08-23 11:31:30,530 | INFO  | DNAudit | user=null | ip=null | op=WRITE_CHUNK {blockData=conID: 1 locID: 102666068571652557 bcsId: 1596} | ret=SUCCESS |  
2019-08-23 11:31:30,540 | INFO  | DNAudit | user=null | ip=null | op=WRITE_CHUNK {blockData=conID: 1 locID: 102666068571652557 bcsId: 1596} | ret=SUCCESS |  
2019-08-23 11:31:30,540 | INFO  | DNAudit | user=null | ip=null | op=PUT_BLOCK {blockData=[blockId=conID: 1 locID: 102666068571652557 bcsId: 0,size=3145728]} | ret=SUCCESS |  
2019-08-23 11:31:30,540 [grpc-default-executor-2] INFO  client.GrpcClientProtocolClient (GrpcClientProtocolClient.java:onNext(255)) - client-C9E345EC67ED->244f13ac-34be-4c4e-8e45-0c0272edbbb2: receive RaftClientReply:client-C9E345EC67ED->244f13ac-34be-4c4e-8e45-0c0272edbbb2@group-FE77C852EF02, cid=1180, SUCCESS, logIndex=1601, commits[244f13ac-34be-4c4e-8e45-0c0272edbbb2:c1602, 6287e41a-5356-4f55-84f2-270816d53e84:c1600, a2c18d3d-e79d-47c9-88fe-d8a1d195302b:c1600]
2019-08-23 11:31:30,541 [grpc-default-executor-2] INFO  client.GrpcClientProtocolClient (GrpcClientProtocolClient.java:onNext(255)) - client-C9E345EC67ED->244f13ac-34be-4c4e-8e45-0c0272edbbb2: receive RaftClientReply:client-C9E345EC67ED->244f13ac-34be-4c4e-8e45-0c0272edbbb2@group-FE77C852EF02, cid=1181, SUCCESS, logIndex=1602, commits[244f13ac-34be-4c4e-8e45-0c0272edbbb2:c1602, 6287e41a-5356-4f55-84f2-270816d53e84:c1600, a2c18d3d-e79d-47c9-88fe-d8a1d195302b:c1600]
2019-08-23 11:31:30,548 | INFO  | DNAudit | user=null | ip=null | op=WRITE_CHUNK {blockData=conID: 1 locID: 102666068571652557 bcsId: 1602} | ret=SUCCESS |  
2019-08-23 11:31:30,550 | INFO  | DNAudit | user=null | ip=null | op=WRITE_CHUNK {blockData=conID: 1 locID: 102666068571652557 bcsId: 1602} | ret=SUCCESS |  
2019-08-23 11:31:30,551 | INFO  | DNAudit | user=null | ip=null | op=WRITE_CHUNK {blockData=conID: 1 locID: 102666068571652557 bcsId: 1602} | ret=SUCCESS |  
2019-08-23 11:31:30,551 | INFO  | DNAudit | user=null | ip=null | op=WRITE_CHUNK {blockData=conID: 1 locID: 102666068571652557 bcsId: 1596} | ret=SUCCESS |  
2019-08-23 11:31:30,551 | INFO  | DNAudit | user=null | ip=null | op=WRITE_CHUNK {blockData=conID: 1 locID: 102666068571652557 bcsId: 1596} | ret=SUCCESS |  
2019-08-23 11:31:30,552 | INFO  | DNAudit | user=null | ip=null | op=PUT_BLOCK {blockData=[blockId=conID: 1 locID: 102666068571652557 bcsId: 0,size=3145728]} | ret=SUCCESS |  
2019-08-23 11:31:30,552 | INFO  | DNAudit | user=null | ip=null | op=WRITE_CHUNK {blockData=conID: 1 locID: 102666068571652557 bcsId: 1602} | ret=SUCCESS |  
2019-08-23 11:31:30,553 | INFO  | DNAudit | user=null | ip=null | op=PUT_BLOCK {blockData=[blockId=conID: 1 locID: 102666068571652557 bcsId: 0,size=3145728]} | ret=SUCCESS |  
2019-08-23 11:31:30,553 | INFO  | DNAudit | user=null | ip=null | op=PUT_BLOCK {blockData=[blockId=conID: 1 locID: 102666068571652557 bcsId: 0,size=4194304]} | ret=SUCCESS |  
2019-08-23 11:31:30,553 [grpc-default-executor-2] INFO  client.GrpcClientProtocolClient (GrpcClientProtocolClient.java:onNext(255)) - client-C9E345EC67ED->244f13ac-34be-4c4e-8e45-0c0272edbbb2: receive RaftClientReply:client-C9E345EC67ED->244f13ac-34be-4c4e-8e45-0c0272edbbb2@group-FE77C852EF02, cid=1182, SUCCESS, logIndex=1605, commits[244f13ac-34be-4c4e-8e45-0c0272edbbb2:c1606, 6287e41a-5356-4f55-84f2-270816d53e84:c1601, a2c18d3d-e79d-47c9-88fe-d8a1d195302b:c1602]
2019-08-23 11:31:30,554 [grpc-default-executor-2] INFO  client.GrpcClientProtocolClient (GrpcClientProtocolClient.java:onNext(255)) - client-C9E345EC67ED->244f13ac-34be-4c4e-8e45-0c0272edbbb2: receive RaftClientReply:client-C9E345EC67ED->244f13ac-34be-4c4e-8e45-0c0272edbbb2@group-FE77C852EF02, cid=1183, SUCCESS, logIndex=1606, commits[244f13ac-34be-4c4e-8e45-0c0272edbbb2:c1606, 6287e41a-5356-4f55-84f2-270816d53e84:c1602, a2c18d3d-e79d-47c9-88fe-d8a1d195302b:c1602]
2019-08-23 11:31:30,554 | INFO  | DNAudit | user=null | ip=null | op=WRITE_CHUNK {blockData=conID: 1 locID: 102666068571652557 bcsId: 1602} | ret=SUCCESS |  
2019-08-23 11:31:30,554 | INFO  | DNAudit | user=null | ip=null | op=PUT_BLOCK {blockData=[blockId=conID: 1 locID: 102666068571652557 bcsId: 0,size=4194304]} | ret=SUCCESS |  
2019-08-23 11:31:30,555 | INFO  | DNAudit | user=null | ip=null | op=WRITE_CHUNK {blockData=conID: 1 locID: 102666068571652557 bcsId: 1602} | ret=SUCCESS |  
2019-08-23 11:31:30,555 | INFO  | DNAudit | user=null | ip=null | op=PUT_BLOCK {blockData=[blockId=conID: 1 locID: 102666068571652557 bcsId: 0,size=4194304]} | ret=SUCCESS |  
2019-08-23 11:31:30,555 [grpc-default-executor-1] INFO  client.GrpcClientProtocolClient (GrpcClientProtocolClient.java:onNext(255)) - client-C9E345EC67ED->244f13ac-34be-4c4e-8e45-0c0272edbbb2: receive RaftClientReply:client-C9E345EC67ED->244f13ac-34be-4c4e-8e45-0c0272edbbb2@group-FE77C852EF02, cid=1184, SUCCESS, logIndex=0, commits[244f13ac-34be-4c4e-8e45-0c0272edbbb2:c1607, 6287e41a-5356-4f55-84f2-270816d53e84:c1606, a2c18d3d-e79d-47c9-88fe-d8a1d195302b:c1606]
2019-08-23 11:31:30,558 | INFO  | SCMAudit | user=jenkins1000 | ip=192.168.5.185 | op=SEND_HEARTBEAT {datanodeUUID=0d166765-8492-4439-8677-f737a7bc54ca, command=[]} | ret=SUCCESS |  
2019-08-23 11:31:30,558 | INFO  | SCMAudit | user=jenkins1000 | ip=192.168.5.185 | op=SEND_HEARTBEAT {datanodeUUID=b2c34899-c5c3-4720-9d95-984efeabf4a7, command=[]} | ret=SUCCESS |  
2019-08-23 11:31:30,561 | INFO  | DNAudit | user=null | ip=null | op=WRITE_CHUNK {blockData=conID: 2 locID: 102666068571652558 bcsId: 0} | ret=SUCCESS |  
2019-08-23 11:31:30,564 | INFO  | DNAudit | user=null | ip=null | op=WRITE_CHUNK {blockData=conID: 2 locID: 102666068571652558 bcsId: 0} | ret=SUCCESS |  
2019-08-23 11:31:30,564 | INFO  | DNAudit | user=null | ip=null | op=WRITE_CHUNK {blockData=conID: 2 locID: 102666068571652558 bcsId: 0} | ret=SUCCESS |  
2019-08-23 11:31:30,564 | INFO  | DNAudit | user=null | ip=null | op=WRITE_CHUNK {blockData=conID: 2 locID: 102666068571652558 bcsId: 0} | ret=SUCCESS |  
2019-08-23 11:31:30,566 | INFO  | DNAudit | user=null | ip=null | op=WRITE_CHUNK {blockData=conID: 2 locID: 102666068571652558 bcsId: 0} | ret=SUCCESS |  
2019-08-23 11:31:30,566 | INFO  | DNAudit | user=null | ip=null | op=WRITE_CHUNK {blockData=conID: 2 locID: 102666068571652558 bcsId: 0} | ret=SUCCESS |  
2019-08-23 11:31:30,574 | INFO  | DNAudit | user=null | ip=null | op=WRITE_CHUNK {blockData=conID: 2 locID: 102666068571652558 bcsId: 0} | ret=SUCCESS |  
2019-08-23 11:31:30,574 | INFO  | DNAudit | user=null | ip=null | op=PUT_BLOCK {blockData=[blockId=conID: 2 locID: 102666068571652558 bcsId: 0,size=1048576]} | ret=SUCCESS |  
2019-08-23 11:31:30,575 | INFO  | DNAudit | user=null | ip=null | op=WRITE_CHUNK {blockData=conID: 2 locID: 102666068571652558 bcsId: 0} | ret=SUCCESS |  
2019-08-23 11:31:30,575 [grpc-default-executor-2] INFO  client.GrpcClientProtocolClient (GrpcClientProtocolClient.java:onNext(255)) - client-C9E345EC67ED->244f13ac-34be-4c4e-8e45-0c0272edbbb2: receive RaftClientReply:client-C9E345EC67ED->244f13ac-34be-4c4e-8e45-0c0272edbbb2@group-FE77C852EF02, cid=1185, SUCCESS, logIndex=1609, commits[244f13ac-34be-4c4e-8e45-0c0272edbbb2:c1612, 6287e41a-5356-4f55-84f2-270816d53e84:c1608, a2c18d3d-e79d-47c9-88fe-d8a1d195302b:c1608]
2019-08-23 11:31:30,575 | INFO  | DNAudit | user=null | ip=null | op=WRITE_CHUNK {blockData=conID: 2 locID: 102666068571652558 bcsId: 0} | ret=SUCCESS |  
2019-08-23 11:31:30,575 | INFO  | DNAudit | user=null | ip=null | op=PUT_BLOCK {blockData=[blockId=conID: 2 locID: 102666068571652558 bcsId: 0,size=2097152]} | ret=SUCCESS |  
2019-08-23 11:31:30,575 | INFO  | DNAudit | user=null | ip=null | op=PUT_BLOCK {blockData=[blockId=conID: 2 locID: 102666068571652558 bcsId: 0,size=1048576]} | ret=SUCCESS |  
2019-08-23 11:31:30,575 [grpc-default-executor-2] INFO  client.GrpcClientProtocolClient (GrpcClientProtocolClient.java:onNext(255)) - client-C9E345EC67ED->244f13ac-34be-4c4e-8e45-0c0272edbbb2: receive RaftClientReply:client-C9E345EC67ED->244f13ac-34be-4c4e-8e45-0c0272edbbb2@group-FE77C852EF02, cid=1186, SUCCESS, logIndex=1610, commits[244f13ac-34be-4c4e-8e45-0c0272edbbb2:c1612, 6287e41a-5356-4f55-84f2-270816d53e84:c1608, a2c18d3d-e79d-47c9-88fe-d8a1d195302b:c1608]
2019-08-23 11:31:30,576 | INFO  | DNAudit | user=null | ip=null | op=WRITE_CHUNK {blockData=conID: 2 locID: 102666068571652558 bcsId: 0} | ret=SUCCESS |  
2019-08-23 11:31:30,576 [grpc-default-executor-2] INFO  client.GrpcClientProtocolClient (GrpcClientProtocolClient.java:onNext(255)) - client-C9E345EC67ED->244f13ac-34be-4c4e-8e45-0c0272edbbb2: receive RaftClientReply:client-C9E345EC67ED->244f13ac-34be-4c4e-8e45-0c0272edbbb2@group-FE77C852EF02, cid=1187, SUCCESS, logIndex=1611, commits[244f13ac-34be-4c4e-8e45-0c0272edbbb2:c1612, 6287e41a-5356-4f55-84f2-270816d53e84:c1608, a2c18d3d-e79d-47c9-88fe-d8a1d195302b:c1608]
2019-08-23 11:31:30,576 | INFO  | DNAudit | user=null | ip=null | op=PUT_BLOCK {blockData=[blockId=conID: 2 locID: 102666068571652558 bcsId: 0,size=1048576]} | ret=SUCCESS |  
2019-08-23 11:31:30,576 [grpc-default-executor-2] INFO  client.GrpcClientProtocolClient (GrpcClientProtocolClient.java:onNext(255)) - client-C9E345EC67ED->244f13ac-34be-4c4e-8e45-0c0272edbbb2: receive RaftClientReply:client-C9E345EC67ED->244f13ac-34be-4c4e-8e45-0c0272edbbb2@group-FE77C852EF02, cid=1188, SUCCESS, logIndex=1612, commits[244f13ac-34be-4c4e-8e45-0c0272edbbb2:c1613, 6287e41a-5356-4f55-84f2-270816d53e84:c1610, a2c18d3d-e79d-47c9-88fe-d8a1d195302b:c1608]
2019-08-23 11:31:30,576 | INFO  | DNAudit | user=null | ip=null | op=WRITE_CHUNK {blockData=conID: 2 locID: 102666068571652558 bcsId: 0} | ret=SUCCESS |  
2019-08-23 11:31:30,576 | INFO  | DNAudit | user=null | ip=null | op=WRITE_CHUNK {blockData=conID: 2 locID: 102666068571652558 bcsId: 0} | ret=SUCCESS |  
2019-08-23 11:31:30,576 | INFO  | DNAudit | user=null | ip=null | op=PUT_BLOCK {blockData=[blockId=conID: 2 locID: 102666068571652558 bcsId: 0,size=2097152]} | ret=SUCCESS |  
2019-08-23 11:31:30,577 | INFO  | DNAudit | user=null | ip=null | op=PUT_BLOCK {blockData=[blockId=conID: 2 locID: 102666068571652558 bcsId: 0,size=2097152]} | ret=SUCCESS |  
2019-08-23 11:31:30,577 [grpc-default-executor-5] INFO  client.GrpcClientProtocolClient (GrpcClientProtocolClient.java:onNext(255)) - client-C9E345EC67ED->244f13ac-34be-4c4e-8e45-0c0272edbbb2: receive RaftClientReply:client-C9E345EC67ED->244f13ac-34be-4c4e-8e45-0c0272edbbb2@group-FE77C852EF02, cid=1189, SUCCESS, logIndex=0, commits[244f13ac-34be-4c4e-8e45-0c0272edbbb2:c1615, 6287e41a-5356-4f55-84f2-270816d53e84:c1611, a2c18d3d-e79d-47c9-88fe-d8a1d195302b:c1612]
2019-08-23 11:31:30,583 | INFO  | DNAudit | user=null | ip=null | op=WRITE_CHUNK {blockData=conID: 2 locID: 102666068571652558 bcsId: 1612} | ret=SUCCESS |  
2019-08-23 11:31:30,585 | INFO  | DNAudit | user=null | ip=null | op=WRITE_CHUNK {blockData=conID: 2 locID: 102666068571652558 bcsId: 1612} | ret=SUCCESS |  
2019-08-23 11:31:30,585 | INFO  | DNAudit | user=null | ip=null | op=WRITE_CHUNK {blockData=conID: 2 locID: 102666068571652558 bcsId: 1612} | ret=SUCCESS |  
2019-08-23 11:31:30,595 | INFO  | DNAudit | user=null | ip=null | op=WRITE_CHUNK {blockData=conID: 2 locID: 102666068571652558 bcsId: 1612} | ret=SUCCESS |  
2019-08-23 11:31:30,596 | INFO  | DNAudit | user=null | ip=null | op=PUT_BLOCK {blockData=[blockId=conID: 2 locID: 102666068571652558 bcsId: 0,size=3145728]} | ret=SUCCESS |  
2019-08-23 11:31:30,596 [grpc-default-executor-5] INFO  client.GrpcClientProtocolClient (GrpcClientProtocolClient.java:onNext(255)) - client-C9E345EC67ED->244f13ac-34be-4c4e-8e45-0c0272edbbb2: receive RaftClientReply:client-C9E345EC67ED->244f13ac-34be-4c4e-8e45-0c0272edbbb2@group-FE77C852EF02, cid=1190, SUCCESS, logIndex=1617, commits[244f13ac-34be-4c4e-8e45-0c0272edbbb2:c1618, 6287e41a-5356-4f55-84f2-270816d53e84:c1616, a2c18d3d-e79d-47c9-88fe-d8a1d195302b:c1616]
2019-08-23 11:31:30,596 [grpc-default-executor-5] INFO  client.GrpcClientProtocolClient (GrpcClientProtocolClient.java:onNext(255)) - client-C9E345EC67ED->244f13ac-34be-4c4e-8e45-0c0272edbbb2: receive RaftClientReply:client-C9E345EC67ED->244f13ac-34be-4c4e-8e45-0c0272edbbb2@group-FE77C852EF02, cid=1191, SUCCESS, logIndex=1618, commits[244f13ac-34be-4c4e-8e45-0c0272edbbb2:c1618, 6287e41a-5356-4f55-84f2-270816d53e84:c1616, a2c18d3d-e79d-47c9-88fe-d8a1d195302b:c1616]
2019-08-23 11:31:30,603 | INFO  | DNAudit | user=null | ip=null | op=WRITE_CHUNK {blockData=conID: 2 locID: 102666068571652558 bcsId: 1618} | ret=SUCCESS |  
2019-08-23 11:31:30,605 | INFO  | DNAudit | user=null | ip=null | op=WRITE_CHUNK {blockData=conID: 2 locID: 102666068571652558 bcsId: 1618} | ret=SUCCESS |  
2019-08-23 11:31:30,605 | INFO  | DNAudit | user=null | ip=null | op=WRITE_CHUNK {blockData=conID: 2 locID: 102666068571652558 bcsId: 1618} | ret=SUCCESS |  
2019-08-23 11:31:30,607 | INFO  | DNAudit | user=null | ip=null | op=WRITE_CHUNK {blockData=conID: 2 locID: 102666068571652558 bcsId: 1612} | ret=SUCCESS |  
2019-08-23 11:31:30,607 | INFO  | DNAudit | user=null | ip=null | op=WRITE_CHUNK {blockData=conID: 2 locID: 102666068571652558 bcsId: 1612} | ret=SUCCESS |  
2019-08-23 11:31:30,607 | INFO  | DNAudit | user=null | ip=null | op=PUT_BLOCK {blockData=[blockId=conID: 2 locID: 102666068571652558 bcsId: 0,size=3145728]} | ret=SUCCESS |  
2019-08-23 11:31:30,607 | INFO  | DNAudit | user=null | ip=null | op=PUT_BLOCK {blockData=[blockId=conID: 2 locID: 102666068571652558 bcsId: 0,size=3145728]} | ret=SUCCESS |  
2019-08-23 11:31:30,608 | INFO  | DNAudit | user=null | ip=null | op=WRITE_CHUNK {blockData=conID: 2 locID: 102666068571652558 bcsId: 1618} | ret=SUCCESS |  
2019-08-23 11:31:30,609 | INFO  | DNAudit | user=null | ip=null | op=PUT_BLOCK {blockData=[blockId=conID: 2 locID: 102666068571652558 bcsId: 0,size=4194304]} | ret=SUCCESS |  
2019-08-23 11:31:30,609 [grpc-default-executor-5] INFO  client.GrpcClientProtocolClient (GrpcClientProtocolClient.java:onNext(255)) - client-C9E345EC67ED->244f13ac-34be-4c4e-8e45-0c0272edbbb2: receive RaftClientReply:client-C9E345EC67ED->244f13ac-34be-4c4e-8e45-0c0272edbbb2@group-FE77C852EF02, cid=1192, SUCCESS, logIndex=1621, commits[244f13ac-34be-4c4e-8e45-0c0272edbbb2:c1622, 6287e41a-5356-4f55-84f2-270816d53e84:c1618, a2c18d3d-e79d-47c9-88fe-d8a1d195302b:c1618]
2019-08-23 11:31:30,609 [grpc-default-executor-5] INFO  client.GrpcClientProtocolClient (GrpcClientProtocolClient.java:onNext(255)) - client-C9E345EC67ED->244f13ac-34be-4c4e-8e45-0c0272edbbb2: receive RaftClientReply:client-C9E345EC67ED->244f13ac-34be-4c4e-8e45-0c0272edbbb2@group-FE77C852EF02, cid=1193, SUCCESS, logIndex=1622, commits[244f13ac-34be-4c4e-8e45-0c0272edbbb2:c1622, 6287e41a-5356-4f55-84f2-270816d53e84:c1618, a2c18d3d-e79d-47c9-88fe-d8a1d195302b:c1618]
2019-08-23 11:31:30,620 | INFO  | DNAudit | user=null | ip=null | op=WRITE_CHUNK {blockData=conID: 2 locID: 102666068571652558 bcsId: 1618} | ret=SUCCESS |  
2019-08-23 11:31:30,620 | INFO  | DNAudit | user=null | ip=null | op=WRITE_CHUNK {blockData=conID: 2 locID: 102666068571652558 bcsId: 1618} | ret=SUCCESS |  
2019-08-23 11:31:30,621 | INFO  | DNAudit | user=null | ip=null | op=PUT_BLOCK {blockData=[blockId=conID: 2 locID: 102666068571652558 bcsId: 0,size=4194304]} | ret=SUCCESS |  
2019-08-23 11:31:30,621 | INFO  | DNAudit | user=null | ip=null | op=PUT_BLOCK {blockData=[blockId=conID: 2 locID: 102666068571652558 bcsId: 0,size=4194304]} | ret=SUCCESS |  
2019-08-23 11:31:30,622 [grpc-default-executor-4] INFO  client.GrpcClientProtocolClient (GrpcClientProtocolClient.java:onNext(255)) - client-C9E345EC67ED->244f13ac-34be-4c4e-8e45-0c0272edbbb2: receive RaftClientReply:client-C9E345EC67ED->244f13ac-34be-4c4e-8e45-0c0272edbbb2@group-FE77C852EF02, cid=1194, SUCCESS, logIndex=0, commits[244f13ac-34be-4c4e-8e45-0c0272edbbb2:c1624, 6287e41a-5356-4f55-84f2-270816d53e84:c1622, a2c18d3d-e79d-47c9-88fe-d8a1d195302b:c1622]
2019-08-23 11:31:30,628 | INFO  | DNAudit | user=null | ip=null | op=WRITE_CHUNK {blockData=conID: 3 locID: 102666068571652559 bcsId: 0} | ret=SUCCESS |  
2019-08-23 11:31:30,630 | INFO  | DNAudit | user=null | ip=null | op=WRITE_CHUNK {blockData=conID: 3 locID: 102666068571652559 bcsId: 0} | ret=SUCCESS |  
2019-08-23 11:31:30,630 | INFO  | DNAudit | user=null | ip=null | op=WRITE_CHUNK {blockData=conID: 3 locID: 102666068571652559 bcsId: 0} | ret=SUCCESS |  
2019-08-23 11:31:30,631 | INFO  | DNAudit | user=null | ip=null | op=WRITE_CHUNK {blockData=conID: 3 locID: 102666068571652559 bcsId: 0} | ret=SUCCESS |  
2019-08-23 11:31:30,633 | INFO  | DNAudit | user=null | ip=null | op=WRITE_CHUNK {blockData=conID: 3 locID: 102666068571652559 bcsId: 0} | ret=SUCCESS |  
2019-08-23 11:31:30,633 | INFO  | DNAudit | user=null | ip=null | op=WRITE_CHUNK {blockData=conID: 3 locID: 102666068571652559 bcsId: 0} | ret=SUCCESS |  
2019-08-23 11:31:30,641 | INFO  | DNAudit | user=null | ip=null | op=WRITE_CHUNK {blockData=conID: 3 locID: 102666068571652559 bcsId: 0} | ret=SUCCESS |  
2019-08-23 11:31:30,641 | INFO  | DNAudit | user=null | ip=null | op=PUT_BLOCK {blockData=[blockId=conID: 3 locID: 102666068571652559 bcsId: 0,size=1048576]} | ret=SUCCESS |  
2019-08-23 11:31:30,642 [grpc-default-executor-5] INFO  client.GrpcClientProtocolClient (GrpcClientProtocolClient.java:onNext(255)) - client-C9E345EC67ED->244f13ac-34be-4c4e-8e45-0c0272edbbb2: receive RaftClientReply:client-C9E345EC67ED->244f13ac-34be-4c4e-8e45-0c0272edbbb2@group-FE77C852EF02, cid=1195, SUCCESS, logIndex=1625, commits[244f13ac-34be-4c4e-8e45-0c0272edbbb2:c1628, 6287e41a-5356-4f55-84f2-270816d53e84:c1624, a2c18d3d-e79d-47c9-88fe-d8a1d195302b:c1624]
2019-08-23 11:31:30,642 | INFO  | DNAudit | user=null | ip=null | op=WRITE_CHUNK {blockData=conID: 3 locID: 102666068571652559 bcsId: 0} | ret=SUCCESS |  
2019-08-23 11:31:30,642 | INFO  | DNAudit | user=null | ip=null | op=WRITE_CHUNK {blockData=conID: 3 locID: 102666068571652559 bcsId: 0} | ret=SUCCESS |  
2019-08-23 11:31:30,642 [grpc-default-executor-5] INFO  client.GrpcClientProtocolClient (GrpcClientProtocolClient.java:onNext(255)) - client-C9E345EC67ED->244f13ac-34be-4c4e-8e45-0c0272edbbb2: receive RaftClientReply:client-C9E345EC67ED->244f13ac-34be-4c4e-8e45-0c0272edbbb2@group-FE77C852EF02, cid=1196, SUCCESS, logIndex=1626, commits[244f13ac-34be-4c4e-8e45-0c0272edbbb2:c1628, 6287e41a-5356-4f55-84f2-270816d53e84:c1624, a2c18d3d-e79d-47c9-88fe-d8a1d195302b:c1624]
2019-08-23 11:31:30,643 | INFO  | DNAudit | user=null | ip=null | op=WRITE_CHUNK {blockData=conID: 3 locID: 102666068571652559 bcsId: 0} | ret=SUCCESS |  
2019-08-23 11:31:30,643 | INFO  | DNAudit | user=null | ip=null | op=PUT_BLOCK {blockData=[blockId=conID: 3 locID: 102666068571652559 bcsId: 0,size=2097152]} | ret=SUCCESS |  
2019-08-23 11:31:30,643 | INFO  | DNAudit | user=null | ip=null | op=PUT_BLOCK {blockData=[blockId=conID: 3 locID: 102666068571652559 bcsId: 0,size=1048576]} | ret=SUCCESS |  
2019-08-23 11:31:30,643 [grpc-default-executor-5] INFO  client.GrpcClientProtocolClient (GrpcClientProtocolClient.java:onNext(255)) - client-C9E345EC67ED->244f13ac-34be-4c4e-8e45-0c0272edbbb2: receive RaftClientReply:client-C9E345EC67ED->244f13ac-34be-4c4e-8e45-0c0272edbbb2@group-FE77C852EF02, cid=1197, SUCCESS, logIndex=1627, commits[244f13ac-34be-4c4e-8e45-0c0272edbbb2:c1629, 6287e41a-5356-4f55-84f2-270816d53e84:c1625, a2c18d3d-e79d-47c9-88fe-d8a1d195302b:c1624]
2019-08-23 11:31:30,643 | INFO  | DNAudit | user=null | ip=null | op=PUT_BLOCK {blockData=[blockId=conID: 3 locID: 102666068571652559 bcsId: 0,size=1048576]} | ret=SUCCESS |  
2019-08-23 11:31:30,643 | INFO  | DNAudit | user=null | ip=null | op=WRITE_CHUNK {blockData=conID: 3 locID: 102666068571652559 bcsId: 0} | ret=SUCCESS |  
2019-08-23 11:31:30,644 | INFO  | DNAudit | user=null | ip=null | op=PUT_BLOCK {blockData=[blockId=conID: 3 locID: 102666068571652559 bcsId: 0,size=2097152]} | ret=SUCCESS |  
2019-08-23 11:31:30,644 [grpc-default-executor-5] INFO  client.GrpcClientProtocolClient (GrpcClientProtocolClient.java:onNext(255)) - client-C9E345EC67ED->244f13ac-34be-4c4e-8e45-0c0272edbbb2: receive RaftClientReply:client-C9E345EC67ED->244f13ac-34be-4c4e-8e45-0c0272edbbb2@group-FE77C852EF02, cid=1198, SUCCESS, logIndex=1628, commits[244f13ac-34be-4c4e-8e45-0c0272edbbb2:c1629, 6287e41a-5356-4f55-84f2-270816d53e84:c1625, a2c18d3d-e79d-47c9-88fe-d8a1d195302b:c1626]
2019-08-23 11:31:30,644 | INFO  | DNAudit | user=null | ip=null | op=WRITE_CHUNK {blockData=conID: 3 locID: 102666068571652559 bcsId: 0} | ret=SUCCESS |  
2019-08-23 11:31:30,644 | INFO  | DNAudit | user=null | ip=null | op=PUT_BLOCK {blockData=[blockId=conID: 3 locID: 102666068571652559 bcsId: 0,size=2097152]} | ret=SUCCESS |  
2019-08-23 11:31:30,645 [grpc-default-executor-2] INFO  client.GrpcClientProtocolClient (GrpcClientProtocolClient.java:onNext(255)) - client-C9E345EC67ED->244f13ac-34be-4c4e-8e45-0c0272edbbb2: receive RaftClientReply:client-C9E345EC67ED->244f13ac-34be-4c4e-8e45-0c0272edbbb2@group-FE77C852EF02, cid=1199, SUCCESS, logIndex=0, commits[244f13ac-34be-4c4e-8e45-0c0272edbbb2:c1632, 6287e41a-5356-4f55-84f2-270816d53e84:c1628, a2c18d3d-e79d-47c9-88fe-d8a1d195302b:c1628]
2019-08-23 11:31:30,652 | INFO  | DNAudit | user=null | ip=null | op=WRITE_CHUNK {blockData=conID: 3 locID: 102666068571652559 bcsId: 1628} | ret=SUCCESS |  
2019-08-23 11:31:30,656 | INFO  | DNAudit | user=null | ip=null | op=WRITE_CHUNK {blockData=conID: 3 locID: 102666068571652559 bcsId: 1628} | ret=SUCCESS |  
2019-08-23 11:31:30,658 | INFO  | DNAudit | user=null | ip=null | op=WRITE_CHUNK {blockData=conID: 3 locID: 102666068571652559 bcsId: 1628} | ret=SUCCESS |  
2019-08-23 11:31:30,663 | INFO  | DNAudit | user=null | ip=null | op=WRITE_CHUNK {blockData=conID: 3 locID: 102666068571652559 bcsId: 1628} | ret=SUCCESS |  
2019-08-23 11:31:30,664 | INFO  | DNAudit | user=null | ip=null | op=PUT_BLOCK {blockData=[blockId=conID: 3 locID: 102666068571652559 bcsId: 0,size=3145728]} | ret=SUCCESS |  
2019-08-23 11:31:30,664 [grpc-default-executor-2] INFO  client.GrpcClientProtocolClient (GrpcClientProtocolClient.java:onNext(255)) - client-C9E345EC67ED->244f13ac-34be-4c4e-8e45-0c0272edbbb2: receive RaftClientReply:client-C9E345EC67ED->244f13ac-34be-4c4e-8e45-0c0272edbbb2@group-FE77C852EF02, cid=1200, SUCCESS, logIndex=1633, commits[244f13ac-34be-4c4e-8e45-0c0272edbbb2:c1634, 6287e41a-5356-4f55-84f2-270816d53e84:c1632, a2c18d3d-e79d-47c9-88fe-d8a1d195302b:c1632]
2019-08-23 11:31:30,665 [grpc-default-executor-2] INFO  client.GrpcClientProtocolClient (GrpcClientProtocolClient.java:onNext(255)) - client-C9E345EC67ED->244f13ac-34be-4c4e-8e45-0c0272edbbb2: receive RaftClientReply:client-C9E345EC67ED->244f13ac-34be-4c4e-8e45-0c0272edbbb2@group-FE77C852EF02, cid=1201, SUCCESS, logIndex=1634, commits[244f13ac-34be-4c4e-8e45-0c0272edbbb2:c1634, 6287e41a-5356-4f55-84f2-270816d53e84:c1632, a2c18d3d-e79d-47c9-88fe-d8a1d195302b:c1632]
2019-08-23 11:31:30,672 | INFO  | DNAudit | user=null | ip=null | op=WRITE_CHUNK {blockData=conID: 3 locID: 102666068571652559 bcsId: 1634} | ret=SUCCESS |  
2019-08-23 11:31:30,675 | INFO  | DNAudit | user=null | ip=null | op=WRITE_CHUNK {blockData=conID: 3 locID: 102666068571652559 bcsId: 1634} | ret=SUCCESS |  
2019-08-23 11:31:30,675 | INFO  | DNAudit | user=null | ip=null | op=WRITE_CHUNK {blockData=conID: 3 locID: 102666068571652559 bcsId: 1634} | ret=SUCCESS |  
2019-08-23 11:31:30,681 | INFO  | DNAudit | user=null | ip=null | op=WRITE_CHUNK {blockData=conID: 3 locID: 102666068571652559 bcsId: 1628} | ret=SUCCESS |  
2019-08-23 11:31:30,681 | INFO  | DNAudit | user=null | ip=null | op=WRITE_CHUNK {blockData=conID: 3 locID: 102666068571652559 bcsId: 1628} | ret=SUCCESS |  
2019-08-23 11:31:30,682 | INFO  | DNAudit | user=null | ip=null | op=PUT_BLOCK {blockData=[blockId=conID: 3 locID: 102666068571652559 bcsId: 0,size=3145728]} | ret=SUCCESS |  
2019-08-23 11:31:30,682 | INFO  | DNAudit | user=null | ip=null | op=PUT_BLOCK {blockData=[blockId=conID: 3 locID: 102666068571652559 bcsId: 0,size=3145728]} | ret=SUCCESS |  
2019-08-23 11:31:30,684 | INFO  | DNAudit | user=null | ip=null | op=WRITE_CHUNK {blockData=conID: 3 locID: 102666068571652559 bcsId: 1634} | ret=SUCCESS |  
2019-08-23 11:31:30,684 | INFO  | DNAudit | user=null | ip=null | op=PUT_BLOCK {blockData=[blockId=conID: 3 locID: 102666068571652559 bcsId: 0,size=4194304]} | ret=SUCCESS |  
2019-08-23 11:31:30,684 [grpc-default-executor-5] INFO  client.GrpcClientProtocolClient (GrpcClientProtocolClient.java:onNext(255)) - client-C9E345EC67ED->244f13ac-34be-4c4e-8e45-0c0272edbbb2: receive RaftClientReply:client-C9E345EC67ED->244f13ac-34be-4c4e-8e45-0c0272edbbb2@group-FE77C852EF02, cid=1202, SUCCESS, logIndex=1637, commits[244f13ac-34be-4c4e-8e45-0c0272edbbb2:c1638, 6287e41a-5356-4f55-84f2-270816d53e84:c1634, a2c18d3d-e79d-47c9-88fe-d8a1d195302b:c1634]
2019-08-23 11:31:30,685 [grpc-default-executor-5] INFO  client.GrpcClientProtocolClient (GrpcClientProtocolClient.java:onNext(255)) - client-C9E345EC67ED->244f13ac-34be-4c4e-8e45-0c0272edbbb2: receive RaftClientReply:client-C9E345EC67ED->244f13ac-34be-4c4e-8e45-0c0272edbbb2@group-FE77C852EF02, cid=1203, SUCCESS, logIndex=1638, commits[244f13ac-34be-4c4e-8e45-0c0272edbbb2:c1638, 6287e41a-5356-4f55-84f2-270816d53e84:c1634, a2c18d3d-e79d-47c9-88fe-d8a1d195302b:c1634]
2019-08-23 11:31:30,695 | INFO  | DNAudit | user=null | ip=null | op=WRITE_CHUNK {blockData=conID: 3 locID: 102666068571652559 bcsId: 1634} | ret=SUCCESS |  
2019-08-23 11:31:30,695 | INFO  | DNAudit | user=null | ip=null | op=WRITE_CHUNK {blockData=conID: 3 locID: 102666068571652559 bcsId: 1634} | ret=SUCCESS |  
2019-08-23 11:31:30,695 | INFO  | DNAudit | user=null | ip=null | op=PUT_BLOCK {blockData=[blockId=conID: 3 locID: 102666068571652559 bcsId: 0,size=4194304]} | ret=SUCCESS |  
2019-08-23 11:31:30,696 | INFO  | DNAudit | user=null | ip=null | op=PUT_BLOCK {blockData=[blockId=conID: 3 locID: 102666068571652559 bcsId: 0,size=4194304]} | ret=SUCCESS |  
2019-08-23 11:31:30,697 [grpc-default-executor-5] INFO  client.GrpcClientProtocolClient (GrpcClientProtocolClient.java:onNext(255)) - client-C9E345EC67ED->244f13ac-34be-4c4e-8e45-0c0272edbbb2: receive RaftClientReply:client-C9E345EC67ED->244f13ac-34be-4c4e-8e45-0c0272edbbb2@group-FE77C852EF02, cid=1204, SUCCESS, logIndex=0, commits[244f13ac-34be-4c4e-8e45-0c0272edbbb2:c1640, 6287e41a-5356-4f55-84f2-270816d53e84:c1638, a2c18d3d-e79d-47c9-88fe-d8a1d195302b:c1638]
2019-08-23 11:31:30,704 | INFO  | DNAudit | user=null | ip=null | op=WRITE_CHUNK {blockData=conID: 1 locID: 102666068571652560 bcsId: 0} | ret=SUCCESS |  
2019-08-23 11:31:30,706 | INFO  | DNAudit | user=null | ip=null | op=WRITE_CHUNK {blockData=conID: 1 locID: 102666068571652560 bcsId: 0} | ret=SUCCESS |  
2019-08-23 11:31:30,706 | INFO  | DNAudit | user=null | ip=null | op=WRITE_CHUNK {blockData=conID: 1 locID: 102666068571652560 bcsId: 0} | ret=SUCCESS |  
2019-08-23 11:31:30,707 | INFO  | DNAudit | user=null | ip=null | op=WRITE_CHUNK {blockData=conID: 1 locID: 102666068571652560 bcsId: 0} | ret=SUCCESS |  
2019-08-23 11:31:30,707 | INFO  | DNAudit | user=null | ip=null | op=WRITE_CHUNK {blockData=conID: 1 locID: 102666068571652560 bcsId: 0} | ret=SUCCESS |  
2019-08-23 11:31:30,708 | INFO  | DNAudit | user=null | ip=null | op=WRITE_CHUNK {blockData=conID: 1 locID: 102666068571652560 bcsId: 0} | ret=SUCCESS |  
2019-08-23 11:31:30,713 | INFO  | DNAudit | user=null | ip=null | op=WRITE_CHUNK {blockData=conID: 1 locID: 102666068571652560 bcsId: 0} | ret=SUCCESS |  
2019-08-23 11:31:30,714 | INFO  | DNAudit | user=null | ip=null | op=PUT_BLOCK {blockData=[blockId=conID: 1 locID: 102666068571652560 bcsId: 0,size=1048576]} | ret=SUCCESS |  
2019-08-23 11:31:30,714 [grpc-default-executor-1] INFO  client.GrpcClientProtocolClient (GrpcClientProtocolClient.java:onNext(255)) - client-C9E345EC67ED->244f13ac-34be-4c4e-8e45-0c0272edbbb2: receive RaftClientReply:client-C9E345EC67ED->244f13ac-34be-4c4e-8e45-0c0272edbbb2@group-FE77C852EF02, cid=1205, SUCCESS, logIndex=1641, commits[244f13ac-34be-4c4e-8e45-0c0272edbbb2:c1643, 6287e41a-5356-4f55-84f2-270816d53e84:c1640, a2c18d3d-e79d-47c9-88fe-d8a1d195302b:c1640]
2019-08-23 11:31:30,714 | INFO  | DNAudit | user=null | ip=null | op=WRITE_CHUNK {blockData=conID: 1 locID: 102666068571652560 bcsId: 0} | ret=SUCCESS |  
2019-08-23 11:31:30,714 | INFO  | DNAudit | user=null | ip=null | op=PUT_BLOCK {blockData=[blockId=conID: 1 locID: 102666068571652560 bcsId: 0,size=2097152]} | ret=SUCCESS |  
2019-08-23 11:31:30,714 [grpc-default-executor-1] INFO  client.GrpcClientProtocolClient (GrpcClientProtocolClient.java:onNext(255)) - client-C9E345EC67ED->244f13ac-34be-4c4e-8e45-0c0272edbbb2: receive RaftClientReply:client-C9E345EC67ED->244f13ac-34be-4c4e-8e45-0c0272edbbb2@group-FE77C852EF02, cid=1206, SUCCESS, logIndex=1642, commits[244f13ac-34be-4c4e-8e45-0c0272edbbb2:c1644, 6287e41a-5356-4f55-84f2-270816d53e84:c1640, a2c18d3d-e79d-47c9-88fe-d8a1d195302b:c1640]
2019-08-23 11:31:30,715 [grpc-default-executor-1] INFO  client.GrpcClientProtocolClient (GrpcClientProtocolClient.java:onNext(255)) - client-C9E345EC67ED->244f13ac-34be-4c4e-8e45-0c0272edbbb2: receive RaftClientReply:client-C9E345EC67ED->244f13ac-34be-4c4e-8e45-0c0272edbbb2@group-FE77C852EF02, cid=1207, SUCCESS, logIndex=1643, commits[244f13ac-34be-4c4e-8e45-0c0272edbbb2:c1644, 6287e41a-5356-4f55-84f2-270816d53e84:c1640, a2c18d3d-e79d-47c9-88fe-d8a1d195302b:c1640]
2019-08-23 11:31:30,715 [grpc-default-executor-1] INFO  client.GrpcClientProtocolClient (GrpcClientProtocolClient.java:onNext(255)) - client-C9E345EC67ED->244f13ac-34be-4c4e-8e45-0c0272edbbb2: receive RaftClientReply:client-C9E345EC67ED->244f13ac-34be-4c4e-8e45-0c0272edbbb2@group-FE77C852EF02, cid=1208, SUCCESS, logIndex=1644, commits[244f13ac-34be-4c4e-8e45-0c0272edbbb2:c1644, 6287e41a-5356-4f55-84f2-270816d53e84:c1640, a2c18d3d-e79d-47c9-88fe-d8a1d195302b:c1640]
2019-08-23 11:31:30,725 | INFO  | DNAudit | user=null | ip=null | op=WRITE_CHUNK {blockData=conID: 1 locID: 102666068571652560 bcsId: 0} | ret=SUCCESS |  
2019-08-23 11:31:30,725 | INFO  | DNAudit | user=null | ip=null | op=WRITE_CHUNK {blockData=conID: 1 locID: 102666068571652560 bcsId: 0} | ret=SUCCESS |  
2019-08-23 11:31:30,725 | INFO  | DNAudit | user=null | ip=null | op=PUT_BLOCK {blockData=[blockId=conID: 1 locID: 102666068571652560 bcsId: 0,size=1048576]} | ret=SUCCESS |  
2019-08-23 11:31:30,725 | INFO  | DNAudit | user=null | ip=null | op=PUT_BLOCK {blockData=[blockId=conID: 1 locID: 102666068571652560 bcsId: 0,size=1048576]} | ret=SUCCESS |  
2019-08-23 11:31:30,725 [grpc-default-executor-1] INFO  client.GrpcClientProtocolClient (GrpcClientProtocolClient.java:onNext(255)) - client-C9E345EC67ED->244f13ac-34be-4c4e-8e45-0c0272edbbb2: receive RaftClientReply:client-C9E345EC67ED->244f13ac-34be-4c4e-8e45-0c0272edbbb2@group-FE77C852EF02, cid=1209, SUCCESS, logIndex=0, commits[244f13ac-34be-4c4e-8e45-0c0272edbbb2:c1645, 6287e41a-5356-4f55-84f2-270816d53e84:c1642, a2c18d3d-e79d-47c9-88fe-d8a1d195302b:c1642]
2019-08-23 11:31:30,726 | INFO  | DNAudit | user=null | ip=null | op=WRITE_CHUNK {blockData=conID: 1 locID: 102666068571652560 bcsId: 0} | ret=SUCCESS |  
2019-08-23 11:31:30,726 | INFO  | DNAudit | user=null | ip=null | op=WRITE_CHUNK {blockData=conID: 1 locID: 102666068571652560 bcsId: 0} | ret=SUCCESS |  
2019-08-23 11:31:30,727 | INFO  | DNAudit | user=null | ip=null | op=PUT_BLOCK {blockData=[blockId=conID: 1 locID: 102666068571652560 bcsId: 0,size=2097152]} | ret=SUCCESS |  
2019-08-23 11:31:30,727 | INFO  | DNAudit | user=null | ip=null | op=PUT_BLOCK {blockData=[blockId=conID: 1 locID: 102666068571652560 bcsId: 0,size=2097152]} | ret=SUCCESS |  
2019-08-23 11:31:30,844 | INFO  | DNAudit | user=null | ip=null | op=WRITE_CHUNK {blockData=conID: 1 locID: 102666068571652560 bcsId: 1644} | ret=SUCCESS |  
2019-08-23 11:31:30,847 | INFO  | DNAudit | user=null | ip=null | op=WRITE_CHUNK {blockData=conID: 1 locID: 102666068571652560 bcsId: 1644} | ret=SUCCESS |  
2019-08-23 11:31:30,847 | INFO  | DNAudit | user=null | ip=null | op=WRITE_CHUNK {blockData=conID: 1 locID: 102666068571652560 bcsId: 1644} | ret=SUCCESS |  
2019-08-23 11:31:30,857 | INFO  | DNAudit | user=null | ip=null | op=WRITE_CHUNK {blockData=conID: 1 locID: 102666068571652560 bcsId: 1644} | ret=SUCCESS |  
2019-08-23 11:31:30,857 | INFO  | DNAudit | user=null | ip=null | op=PUT_BLOCK {blockData=[blockId=conID: 1 locID: 102666068571652560 bcsId: 0,size=3145728]} | ret=SUCCESS |  
2019-08-23 11:31:30,857 [grpc-default-executor-4] INFO  client.GrpcClientProtocolClient (GrpcClientProtocolClient.java:onNext(255)) - client-C9E345EC67ED->244f13ac-34be-4c4e-8e45-0c0272edbbb2: receive RaftClientReply:client-C9E345EC67ED->244f13ac-34be-4c4e-8e45-0c0272edbbb2@group-FE77C852EF02, cid=1210, SUCCESS, logIndex=1649, commits[244f13ac-34be-4c4e-8e45-0c0272edbbb2:c1650, 6287e41a-5356-4f55-84f2-270816d53e84:c1648, a2c18d3d-e79d-47c9-88fe-d8a1d195302b:c1648]
2019-08-23 11:31:30,858 [grpc-default-executor-4] INFO  client.GrpcClientProtocolClient (GrpcClientProtocolClient.java:onNext(255)) - client-C9E345EC67ED->244f13ac-34be-4c4e-8e45-0c0272edbbb2: receive RaftClientReply:client-C9E345EC67ED->244f13ac-34be-4c4e-8e45-0c0272edbbb2@group-FE77C852EF02, cid=1211, SUCCESS, logIndex=1650, commits[244f13ac-34be-4c4e-8e45-0c0272edbbb2:c1650, 6287e41a-5356-4f55-84f2-270816d53e84:c1648, a2c18d3d-e79d-47c9-88fe-d8a1d195302b:c1648]
2019-08-23 11:31:30,864 | INFO  | DNAudit | user=null | ip=null | op=WRITE_CHUNK {blockData=conID: 1 locID: 102666068571652560 bcsId: 1650} | ret=SUCCESS |  
2019-08-23 11:31:30,868 | INFO  | DNAudit | user=null | ip=null | op=WRITE_CHUNK {blockData=conID: 1 locID: 102666068571652560 bcsId: 1650} | ret=SUCCESS |  
2019-08-23 11:31:30,868 | INFO  | DNAudit | user=null | ip=null | op=WRITE_CHUNK {blockData=conID: 1 locID: 102666068571652560 bcsId: 1650} | ret=SUCCESS |  
2019-08-23 11:31:30,868 | INFO  | DNAudit | user=null | ip=null | op=WRITE_CHUNK {blockData=conID: 1 locID: 102666068571652560 bcsId: 1644} | ret=SUCCESS |  
2019-08-23 11:31:30,868 | INFO  | DNAudit | user=null | ip=null | op=WRITE_CHUNK {blockData=conID: 1 locID: 102666068571652560 bcsId: 1644} | ret=SUCCESS |  
2019-08-23 11:31:30,869 | INFO  | DNAudit | user=null | ip=null | op=PUT_BLOCK {blockData=[blockId=conID: 1 locID: 102666068571652560 bcsId: 0,size=3145728]} | ret=SUCCESS |  
2019-08-23 11:31:30,869 | INFO  | DNAudit | user=null | ip=null | op=PUT_BLOCK {blockData=[blockId=conID: 1 locID: 102666068571652560 bcsId: 0,size=3145728]} | ret=SUCCESS |  
2019-08-23 11:31:30,870 | INFO  | DNAudit | user=null | ip=null | op=WRITE_CHUNK {blockData=conID: 1 locID: 102666068571652560 bcsId: 1650} | ret=SUCCESS |  
2019-08-23 11:31:30,870 | INFO  | DNAudit | user=null | ip=null | op=PUT_BLOCK {blockData=[blockId=conID: 1 locID: 102666068571652560 bcsId: 0,size=4194304]} | ret=SUCCESS |  
2019-08-23 11:31:30,870 [grpc-default-executor-4] INFO  client.GrpcClientProtocolClient (GrpcClientProtocolClient.java:onNext(255)) - client-C9E345EC67ED->244f13ac-34be-4c4e-8e45-0c0272edbbb2: receive RaftClientReply:client-C9E345EC67ED->244f13ac-34be-4c4e-8e45-0c0272edbbb2@group-FE77C852EF02, cid=1212, SUCCESS, logIndex=1653, commits[244f13ac-34be-4c4e-8e45-0c0272edbbb2:c1653, 6287e41a-5356-4f55-84f2-270816d53e84:c1650, a2c18d3d-e79d-47c9-88fe-d8a1d195302b:c1650]
2019-08-23 11:31:30,871 [grpc-default-executor-4] INFO  client.GrpcClientProtocolClient (GrpcClientProtocolClient.java:onNext(255)) - client-C9E345EC67ED->244f13ac-34be-4c4e-8e45-0c0272edbbb2: receive RaftClientReply:client-C9E345EC67ED->244f13ac-34be-4c4e-8e45-0c0272edbbb2@group-FE77C852EF02, cid=1213, SUCCESS, logIndex=1654, commits[244f13ac-34be-4c4e-8e45-0c0272edbbb2:c1654, 6287e41a-5356-4f55-84f2-270816d53e84:c1650, a2c18d3d-e79d-47c9-88fe-d8a1d195302b:c1650]
2019-08-23 11:31:30,881 | INFO  | DNAudit | user=null | ip=null | op=WRITE_CHUNK {blockData=conID: 1 locID: 102666068571652560 bcsId: 1650} | ret=SUCCESS |  
2019-08-23 11:31:30,881 | INFO  | DNAudit | user=null | ip=null | op=WRITE_CHUNK {blockData=conID: 1 locID: 102666068571652560 bcsId: 1650} | ret=SUCCESS |  
2019-08-23 11:31:30,882 | INFO  | DNAudit | user=null | ip=null | op=PUT_BLOCK {blockData=[blockId=conID: 1 locID: 102666068571652560 bcsId: 0,size=4194304]} | ret=SUCCESS |  
2019-08-23 11:31:30,883 | INFO  | DNAudit | user=null | ip=null | op=PUT_BLOCK {blockData=[blockId=conID: 1 locID: 102666068571652560 bcsId: 0,size=4194304]} | ret=SUCCESS |  
2019-08-23 11:31:30,883 [grpc-default-executor-4] INFO  client.GrpcClientProtocolClient (GrpcClientProtocolClient.java:onNext(255)) - client-C9E345EC67ED->244f13ac-34be-4c4e-8e45-0c0272edbbb2: receive RaftClientReply:client-C9E345EC67ED->244f13ac-34be-4c4e-8e45-0c0272edbbb2@group-FE77C852EF02, cid=1214, SUCCESS, logIndex=0, commits[244f13ac-34be-4c4e-8e45-0c0272edbbb2:c1656, 6287e41a-5356-4f55-84f2-270816d53e84:c1654, a2c18d3d-e79d-47c9-88fe-d8a1d195302b:c1654]
2019-08-23 11:31:30,890 | INFO  | DNAudit | user=null | ip=null | op=WRITE_CHUNK {blockData=conID: 2 locID: 102666068571652561 bcsId: 0} | ret=SUCCESS |  
2019-08-23 11:31:30,892 | INFO  | DNAudit | user=null | ip=null | op=WRITE_CHUNK {blockData=conID: 2 locID: 102666068571652561 bcsId: 0} | ret=SUCCESS |  
2019-08-23 11:31:30,893 | INFO  | DNAudit | user=null | ip=null | op=WRITE_CHUNK {blockData=conID: 2 locID: 102666068571652561 bcsId: 0} | ret=SUCCESS |  
2019-08-23 11:31:30,893 | INFO  | DNAudit | user=null | ip=null | op=WRITE_CHUNK {blockData=conID: 2 locID: 102666068571652561 bcsId: 0} | ret=SUCCESS |  
2019-08-23 11:31:30,895 | INFO  | DNAudit | user=null | ip=null | op=WRITE_CHUNK {blockData=conID: 2 locID: 102666068571652561 bcsId: 0} | ret=SUCCESS |  
2019-08-23 11:31:30,895 | INFO  | DNAudit | user=null | ip=null | op=WRITE_CHUNK {blockData=conID: 2 locID: 102666068571652561 bcsId: 0} | ret=SUCCESS |  
2019-08-23 11:31:30,905 | INFO  | DNAudit | user=null | ip=null | op=WRITE_CHUNK {blockData=conID: 2 locID: 102666068571652561 bcsId: 0} | ret=SUCCESS |  
2019-08-23 11:31:30,906 | INFO  | DNAudit | user=null | ip=null | op=PUT_BLOCK {blockData=[blockId=conID: 2 locID: 102666068571652561 bcsId: 0,size=1048576]} | ret=SUCCESS |  
2019-08-23 11:31:30,906 [grpc-default-executor-2] INFO  client.GrpcClientProtocolClient (GrpcClientProtocolClient.java:onNext(255)) - client-C9E345EC67ED->244f13ac-34be-4c4e-8e45-0c0272edbbb2: receive RaftClientReply:client-C9E345EC67ED->244f13ac-34be-4c4e-8e45-0c0272edbbb2@group-FE77C852EF02, cid=1215, SUCCESS, logIndex=1657, commits[244f13ac-34be-4c4e-8e45-0c0272edbbb2:c1660, 6287e41a-5356-4f55-84f2-270816d53e84:c1656, a2c18d3d-e79d-47c9-88fe-d8a1d195302b:c1656]
2019-08-23 11:31:30,906 | INFO  | DNAudit | user=null | ip=null | op=WRITE_CHUNK {blockData=conID: 2 locID: 102666068571652561 bcsId: 0} | ret=SUCCESS |  
2019-08-23 11:31:30,906 | INFO  | DNAudit | user=null | ip=null | op=PUT_BLOCK {blockData=[blockId=conID: 2 locID: 102666068571652561 bcsId: 0,size=2097152]} | ret=SUCCESS |  
2019-08-23 11:31:30,906 [grpc-default-executor-2] INFO  client.GrpcClientProtocolClient (GrpcClientProtocolClient.java:onNext(255)) - client-C9E345EC67ED->244f13ac-34be-4c4e-8e45-0c0272edbbb2: receive RaftClientReply:client-C9E345EC67ED->244f13ac-34be-4c4e-8e45-0c0272edbbb2@group-FE77C852EF02, cid=1216, SUCCESS, logIndex=1658, commits[244f13ac-34be-4c4e-8e45-0c0272edbbb2:c1660, 6287e41a-5356-4f55-84f2-270816d53e84:c1656, a2c18d3d-e79d-47c9-88fe-d8a1d195302b:c1656]
2019-08-23 11:31:30,907 [grpc-default-executor-2] INFO  client.GrpcClientProtocolClient (GrpcClientProtocolClient.java:onNext(255)) - client-C9E345EC67ED->244f13ac-34be-4c4e-8e45-0c0272edbbb2: receive RaftClientReply:client-C9E345EC67ED->244f13ac-34be-4c4e-8e45-0c0272edbbb2@group-FE77C852EF02, cid=1217, SUCCESS, logIndex=1659, commits[244f13ac-34be-4c4e-8e45-0c0272edbbb2:c1660, 6287e41a-5356-4f55-84f2-270816d53e84:c1656, a2c18d3d-e79d-47c9-88fe-d8a1d195302b:c1656]
2019-08-23 11:31:30,907 [grpc-default-executor-2] INFO  client.GrpcClientProtocolClient (GrpcClientProtocolClient.java:onNext(255)) - client-C9E345EC67ED->244f13ac-34be-4c4e-8e45-0c0272edbbb2: receive RaftClientReply:client-C9E345EC67ED->244f13ac-34be-4c4e-8e45-0c0272edbbb2@group-FE77C852EF02, cid=1218, SUCCESS, logIndex=1660, commits[244f13ac-34be-4c4e-8e45-0c0272edbbb2:c1660, 6287e41a-5356-4f55-84f2-270816d53e84:c1656, a2c18d3d-e79d-47c9-88fe-d8a1d195302b:c1656]
2019-08-23 11:31:30,927 | INFO  | DNAudit | user=null | ip=null | op=WRITE_CHUNK {blockData=conID: 2 locID: 102666068571652561 bcsId: 0} | ret=SUCCESS |  
2019-08-23 11:31:30,928 | INFO  | DNAudit | user=null | ip=null | op=PUT_BLOCK {blockData=[blockId=conID: 2 locID: 102666068571652561 bcsId: 0,size=1048576]} | ret=SUCCESS |  
2019-08-23 11:31:30,928 | INFO  | DNAudit | user=null | ip=null | op=WRITE_CHUNK {blockData=conID: 2 locID: 102666068571652561 bcsId: 0} | ret=SUCCESS |  
2019-08-23 11:31:30,928 | INFO  | DNAudit | user=null | ip=null | op=WRITE_CHUNK {blockData=conID: 2 locID: 102666068571652561 bcsId: 0} | ret=SUCCESS |  
2019-08-23 11:31:30,928 | INFO  | DNAudit | user=null | ip=null | op=PUT_BLOCK {blockData=[blockId=conID: 2 locID: 102666068571652561 bcsId: 0,size=1048576]} | ret=SUCCESS |  
2019-08-23 11:31:30,928 [grpc-default-executor-2] INFO  client.GrpcClientProtocolClient (GrpcClientProtocolClient.java:onNext(255)) - client-C9E345EC67ED->244f13ac-34be-4c4e-8e45-0c0272edbbb2: receive RaftClientReply:client-C9E345EC67ED->244f13ac-34be-4c4e-8e45-0c0272edbbb2@group-FE77C852EF02, cid=1219, SUCCESS, logIndex=0, commits[244f13ac-34be-4c4e-8e45-0c0272edbbb2:c1661, 6287e41a-5356-4f55-84f2-270816d53e84:c1659, a2c18d3d-e79d-47c9-88fe-d8a1d195302b:c1659]
2019-08-23 11:31:30,928 | INFO  | DNAudit | user=null | ip=null | op=WRITE_CHUNK {blockData=conID: 2 locID: 102666068571652561 bcsId: 0} | ret=SUCCESS |  
2019-08-23 11:31:30,929 | INFO  | DNAudit | user=null | ip=null | op=PUT_BLOCK {blockData=[blockId=conID: 2 locID: 102666068571652561 bcsId: 0,size=2097152]} | ret=SUCCESS |  
2019-08-23 11:31:30,929 | INFO  | DNAudit | user=null | ip=null | op=PUT_BLOCK {blockData=[blockId=conID: 2 locID: 102666068571652561 bcsId: 0,size=2097152]} | ret=SUCCESS |  
2019-08-23 11:31:30,935 | INFO  | DNAudit | user=null | ip=null | op=WRITE_CHUNK {blockData=conID: 2 locID: 102666068571652561 bcsId: 1660} | ret=SUCCESS |  
2019-08-23 11:31:30,937 | INFO  | DNAudit | user=null | ip=null | op=WRITE_CHUNK {blockData=conID: 2 locID: 102666068571652561 bcsId: 1660} | ret=SUCCESS |  
2019-08-23 11:31:30,937 | INFO  | DNAudit | user=null | ip=null | op=WRITE_CHUNK {blockData=conID: 2 locID: 102666068571652561 bcsId: 1660} | ret=SUCCESS |  
2019-08-23 11:31:30,946 | INFO  | DNAudit | user=null | ip=null | op=WRITE_CHUNK {blockData=conID: 2 locID: 102666068571652561 bcsId: 1660} | ret=SUCCESS |  
2019-08-23 11:31:30,947 | INFO  | DNAudit | user=null | ip=null | op=PUT_BLOCK {blockData=[blockId=conID: 2 locID: 102666068571652561 bcsId: 0,size=3145728]} | ret=SUCCESS |  
2019-08-23 11:31:30,947 [grpc-default-executor-2] INFO  client.GrpcClientProtocolClient (GrpcClientProtocolClient.java:onNext(255)) - client-C9E345EC67ED->244f13ac-34be-4c4e-8e45-0c0272edbbb2: receive RaftClientReply:client-C9E345EC67ED->244f13ac-34be-4c4e-8e45-0c0272edbbb2@group-FE77C852EF02, cid=1220, SUCCESS, logIndex=1664, commits[244f13ac-34be-4c4e-8e45-0c0272edbbb2:c1665, 6287e41a-5356-4f55-84f2-270816d53e84:c1663, a2c18d3d-e79d-47c9-88fe-d8a1d195302b:c1663]
2019-08-23 11:31:30,947 [grpc-default-executor-2] INFO  client.GrpcClientProtocolClient (GrpcClientProtocolClient.java:onNext(255)) - client-C9E345EC67ED->244f13ac-34be-4c4e-8e45-0c0272edbbb2: receive RaftClientReply:client-C9E345EC67ED->244f13ac-34be-4c4e-8e45-0c0272edbbb2@group-FE77C852EF02, cid=1221, SUCCESS, logIndex=1665, commits[244f13ac-34be-4c4e-8e45-0c0272edbbb2:c1665, 6287e41a-5356-4f55-84f2-270816d53e84:c1663, a2c18d3d-e79d-47c9-88fe-d8a1d195302b:c1663]
2019-08-23 11:31:30,953 | INFO  | DNAudit | user=null | ip=null | op=WRITE_CHUNK {blockData=conID: 2 locID: 102666068571652561 bcsId: 1665} | ret=SUCCESS |  
2019-08-23 11:31:30,955 | INFO  | DNAudit | user=null | ip=null | op=WRITE_CHUNK {blockData=conID: 2 locID: 102666068571652561 bcsId: 1665} | ret=SUCCESS |  
2019-08-23 11:31:30,956 | INFO  | DNAudit | user=null | ip=null | op=WRITE_CHUNK {blockData=conID: 2 locID: 102666068571652561 bcsId: 1665} | ret=SUCCESS |  
2019-08-23 11:31:30,957 | INFO  | DNAudit | user=null | ip=null | op=WRITE_CHUNK {blockData=conID: 2 locID: 102666068571652561 bcsId: 1660} | ret=SUCCESS |  
2019-08-23 11:31:30,957 | INFO  | DNAudit | user=null | ip=null | op=WRITE_CHUNK {blockData=conID: 2 locID: 102666068571652561 bcsId: 1660} | ret=SUCCESS |  
2019-08-23 11:31:30,958 | INFO  | DNAudit | user=null | ip=null | op=PUT_BLOCK {blockData=[blockId=conID: 2 locID: 102666068571652561 bcsId: 0,size=3145728]} | ret=SUCCESS |  
2019-08-23 11:31:30,958 | INFO  | DNAudit | user=null | ip=null | op=PUT_BLOCK {blockData=[blockId=conID: 2 locID: 102666068571652561 bcsId: 0,size=3145728]} | ret=SUCCESS |  
2019-08-23 11:31:30,959 | INFO  | DNAudit | user=null | ip=null | op=WRITE_CHUNK {blockData=conID: 2 locID: 102666068571652561 bcsId: 1665} | ret=SUCCESS |  
2019-08-23 11:31:30,959 | INFO  | DNAudit | user=null | ip=null | op=PUT_BLOCK {blockData=[blockId=conID: 2 locID: 102666068571652561 bcsId: 0,size=4194304]} | ret=SUCCESS |  
2019-08-23 11:31:30,959 [grpc-default-executor-4] INFO  client.GrpcClientProtocolClient (GrpcClientProtocolClient.java:onNext(255)) - client-C9E345EC67ED->244f13ac-34be-4c4e-8e45-0c0272edbbb2: receive RaftClientReply:client-C9E345EC67ED->244f13ac-34be-4c4e-8e45-0c0272edbbb2@group-FE77C852EF02, cid=1222, SUCCESS, logIndex=1668, commits[244f13ac-34be-4c4e-8e45-0c0272edbbb2:c1669, 6287e41a-5356-4f55-84f2-270816d53e84:c1665, a2c18d3d-e79d-47c9-88fe-d8a1d195302b:c1665]
2019-08-23 11:31:30,960 [grpc-default-executor-4] INFO  client.GrpcClientProtocolClient (GrpcClientProtocolClient.java:onNext(255)) - client-C9E345EC67ED->244f13ac-34be-4c4e-8e45-0c0272edbbb2: receive RaftClientReply:client-C9E345EC67ED->244f13ac-34be-4c4e-8e45-0c0272edbbb2@group-FE77C852EF02, cid=1223, SUCCESS, logIndex=1669, commits[244f13ac-34be-4c4e-8e45-0c0272edbbb2:c1669, 6287e41a-5356-4f55-84f2-270816d53e84:c1665, a2c18d3d-e79d-47c9-88fe-d8a1d195302b:c1665]
2019-08-23 11:31:30,970 | INFO  | DNAudit | user=null | ip=null | op=WRITE_CHUNK {blockData=conID: 2 locID: 102666068571652561 bcsId: 1665} | ret=SUCCESS |  
2019-08-23 11:31:30,970 | INFO  | DNAudit | user=null | ip=null | op=WRITE_CHUNK {blockData=conID: 2 locID: 102666068571652561 bcsId: 1665} | ret=SUCCESS |  
2019-08-23 11:31:30,970 | INFO  | DNAudit | user=null | ip=null | op=PUT_BLOCK {blockData=[blockId=conID: 2 locID: 102666068571652561 bcsId: 0,size=4194304]} | ret=SUCCESS |  
2019-08-23 11:31:30,971 | INFO  | DNAudit | user=null | ip=null | op=PUT_BLOCK {blockData=[blockId=conID: 2 locID: 102666068571652561 bcsId: 0,size=4194304]} | ret=SUCCESS |  
2019-08-23 11:31:30,972 [grpc-default-executor-4] INFO  client.GrpcClientProtocolClient (GrpcClientProtocolClient.java:onNext(255)) - client-C9E345EC67ED->244f13ac-34be-4c4e-8e45-0c0272edbbb2: receive RaftClientReply:client-C9E345EC67ED->244f13ac-34be-4c4e-8e45-0c0272edbbb2@group-FE77C852EF02, cid=1224, SUCCESS, logIndex=0, commits[244f13ac-34be-4c4e-8e45-0c0272edbbb2:c1670, 6287e41a-5356-4f55-84f2-270816d53e84:c1669, a2c18d3d-e79d-47c9-88fe-d8a1d195302b:c1669]
2019-08-23 11:31:30,979 | INFO  | DNAudit | user=null | ip=null | op=WRITE_CHUNK {blockData=conID: 3 locID: 102666068571718098 bcsId: 0} | ret=SUCCESS |  
2019-08-23 11:31:30,981 | INFO  | DNAudit | user=null | ip=null | op=WRITE_CHUNK {blockData=conID: 3 locID: 102666068571718098 bcsId: 0} | ret=SUCCESS |  
2019-08-23 11:31:30,981 | INFO  | DNAudit | user=null | ip=null | op=WRITE_CHUNK {blockData=conID: 3 locID: 102666068571718098 bcsId: 0} | ret=SUCCESS |  
2019-08-23 11:31:30,982 | INFO  | DNAudit | user=null | ip=null | op=WRITE_CHUNK {blockData=conID: 3 locID: 102666068571718098 bcsId: 0} | ret=SUCCESS |  
2019-08-23 11:31:30,983 | INFO  | DNAudit | user=null | ip=null | op=WRITE_CHUNK {blockData=conID: 3 locID: 102666068571718098 bcsId: 0} | ret=SUCCESS |  
2019-08-23 11:31:30,984 | INFO  | DNAudit | user=null | ip=null | op=WRITE_CHUNK {blockData=conID: 3 locID: 102666068571718098 bcsId: 0} | ret=SUCCESS |  
2019-08-23 11:31:30,994 | INFO  | DNAudit | user=null | ip=null | op=WRITE_CHUNK {blockData=conID: 3 locID: 102666068571718098 bcsId: 0} | ret=SUCCESS |  
2019-08-23 11:31:30,995 | INFO  | DNAudit | user=null | ip=null | op=PUT_BLOCK {blockData=[blockId=conID: 3 locID: 102666068571718098 bcsId: 0,size=1048576]} | ret=SUCCESS |  
2019-08-23 11:31:30,995 [grpc-default-executor-2] INFO  client.GrpcClientProtocolClient (GrpcClientProtocolClient.java:onNext(255)) - client-C9E345EC67ED->244f13ac-34be-4c4e-8e45-0c0272edbbb2: receive RaftClientReply:client-C9E345EC67ED->244f13ac-34be-4c4e-8e45-0c0272edbbb2@group-FE77C852EF02, cid=1225, SUCCESS, logIndex=1672, commits[244f13ac-34be-4c4e-8e45-0c0272edbbb2:c1675, 6287e41a-5356-4f55-84f2-270816d53e84:c1671, a2c18d3d-e79d-47c9-88fe-d8a1d195302b:c1671]
2019-08-23 11:31:30,995 | INFO  | DNAudit | user=null | ip=null | op=WRITE_CHUNK {blockData=conID: 3 locID: 102666068571718098 bcsId: 0} | ret=SUCCESS |  
2019-08-23 11:31:30,996 | INFO  | DNAudit | user=null | ip=null | op=PUT_BLOCK {blockData=[blockId=conID: 3 locID: 102666068571718098 bcsId: 0,size=2097152]} | ret=SUCCESS |  
2019-08-23 11:31:30,996 [grpc-default-executor-2] INFO  client.GrpcClientProtocolClient (GrpcClientProtocolClient.java:onNext(255)) - client-C9E345EC67ED->244f13ac-34be-4c4e-8e45-0c0272edbbb2: receive RaftClientReply:client-C9E345EC67ED->244f13ac-34be-4c4e-8e45-0c0272edbbb2@group-FE77C852EF02, cid=1226, SUCCESS, logIndex=1673, commits[244f13ac-34be-4c4e-8e45-0c0272edbbb2:c1675, 6287e41a-5356-4f55-84f2-270816d53e84:c1671, a2c18d3d-e79d-47c9-88fe-d8a1d195302b:c1671]
2019-08-23 11:31:30,996 | INFO  | DNAudit | user=null | ip=null | op=WRITE_CHUNK {blockData=conID: 3 locID: 102666068571718098 bcsId: 0} | ret=SUCCESS |  
2019-08-23 11:31:30,996 [grpc-default-executor-2] INFO  client.GrpcClientProtocolClient (GrpcClientProtocolClient.java:onNext(255)) - client-C9E345EC67ED->244f13ac-34be-4c4e-8e45-0c0272edbbb2: receive RaftClientReply:client-C9E345EC67ED->244f13ac-34be-4c4e-8e45-0c0272edbbb2@group-FE77C852EF02, cid=1227, SUCCESS, logIndex=1674, commits[244f13ac-34be-4c4e-8e45-0c0272edbbb2:c1675, 6287e41a-5356-4f55-84f2-270816d53e84:c1671, a2c18d3d-e79d-47c9-88fe-d8a1d195302b:c1671]
2019-08-23 11:31:30,996 | INFO  | DNAudit | user=null | ip=null | op=WRITE_CHUNK {blockData=conID: 3 locID: 102666068571718098 bcsId: 0} | ret=SUCCESS |  
2019-08-23 11:31:30,996 | INFO  | DNAudit | user=null | ip=null | op=PUT_BLOCK {blockData=[blockId=conID: 3 locID: 102666068571718098 bcsId: 0,size=1048576]} | ret=SUCCESS |  
2019-08-23 11:31:30,996 [grpc-default-executor-4] INFO  client.GrpcClientProtocolClient (GrpcClientProtocolClient.java:onNext(255)) - client-C9E345EC67ED->244f13ac-34be-4c4e-8e45-0c0272edbbb2: receive RaftClientReply:client-C9E345EC67ED->244f13ac-34be-4c4e-8e45-0c0272edbbb2@group-FE77C852EF02, cid=1228, SUCCESS, logIndex=1675, commits[244f13ac-34be-4c4e-8e45-0c0272edbbb2:c1675, 6287e41a-5356-4f55-84f2-270816d53e84:c1671, a2c18d3d-e79d-47c9-88fe-d8a1d195302b:c1671]
2019-08-23 11:31:30,997 | INFO  | DNAudit | user=null | ip=null | op=WRITE_CHUNK {blockData=conID: 3 locID: 102666068571718098 bcsId: 0} | ret=SUCCESS |  
2019-08-23 11:31:30,997 | INFO  | DNAudit | user=null | ip=null | op=PUT_BLOCK {blockData=[blockId=conID: 3 locID: 102666068571718098 bcsId: 0,size=1048576]} | ret=SUCCESS |  
2019-08-23 11:31:30,997 | INFO  | DNAudit | user=null | ip=null | op=PUT_BLOCK {blockData=[blockId=conID: 3 locID: 102666068571718098 bcsId: 0,size=2097152]} | ret=SUCCESS |  
2019-08-23 11:31:30,997 | INFO  | DNAudit | user=null | ip=null | op=WRITE_CHUNK {blockData=conID: 3 locID: 102666068571718098 bcsId: 0} | ret=SUCCESS |  
2019-08-23 11:31:30,997 | INFO  | DNAudit | user=null | ip=null | op=PUT_BLOCK {blockData=[blockId=conID: 3 locID: 102666068571718098 bcsId: 0,size=2097152]} | ret=SUCCESS |  
2019-08-23 11:31:30,998 [grpc-default-executor-2] INFO  client.GrpcClientProtocolClient (GrpcClientProtocolClient.java:onNext(255)) - client-C9E345EC67ED->244f13ac-34be-4c4e-8e45-0c0272edbbb2: receive RaftClientReply:client-C9E345EC67ED->244f13ac-34be-4c4e-8e45-0c0272edbbb2@group-FE77C852EF02, cid=1229, SUCCESS, logIndex=0, commits[244f13ac-34be-4c4e-8e45-0c0272edbbb2:c1677, 6287e41a-5356-4f55-84f2-270816d53e84:c1675, a2c18d3d-e79d-47c9-88fe-d8a1d195302b:c1674]
2019-08-23 11:31:31,004 | INFO  | DNAudit | user=null | ip=null | op=WRITE_CHUNK {blockData=conID: 3 locID: 102666068571718098 bcsId: 1675} | ret=SUCCESS |  
2019-08-23 11:31:31,006 | INFO  | DNAudit | user=null | ip=null | op=WRITE_CHUNK {blockData=conID: 3 locID: 102666068571718098 bcsId: 1675} | ret=SUCCESS |  
2019-08-23 11:31:31,006 | INFO  | DNAudit | user=null | ip=null | op=WRITE_CHUNK {blockData=conID: 3 locID: 102666068571718098 bcsId: 1675} | ret=SUCCESS |  
2019-08-23 11:31:31,016 | INFO  | DNAudit | user=null | ip=null | op=WRITE_CHUNK {blockData=conID: 3 locID: 102666068571718098 bcsId: 1675} | ret=SUCCESS |  
2019-08-23 11:31:31,017 | INFO  | DNAudit | user=null | ip=null | op=PUT_BLOCK {blockData=[blockId=conID: 3 locID: 102666068571718098 bcsId: 0,size=3145728]} | ret=SUCCESS |  
2019-08-23 11:31:31,017 [grpc-default-executor-4] INFO  client.GrpcClientProtocolClient (GrpcClientProtocolClient.java:onNext(255)) - client-C9E345EC67ED->244f13ac-34be-4c4e-8e45-0c0272edbbb2: receive RaftClientReply:client-C9E345EC67ED->244f13ac-34be-4c4e-8e45-0c0272edbbb2@group-FE77C852EF02, cid=1230, SUCCESS, logIndex=1680, commits[244f13ac-34be-4c4e-8e45-0c0272edbbb2:c1681, 6287e41a-5356-4f55-84f2-270816d53e84:c1679, a2c18d3d-e79d-47c9-88fe-d8a1d195302b:c1679]
2019-08-23 11:31:31,017 [grpc-default-executor-4] INFO  client.GrpcClientProtocolClient (GrpcClientProtocolClient.java:onNext(255)) - client-C9E345EC67ED->244f13ac-34be-4c4e-8e45-0c0272edbbb2: receive RaftClientReply:client-C9E345EC67ED->244f13ac-34be-4c4e-8e45-0c0272edbbb2@group-FE77C852EF02, cid=1231, SUCCESS, logIndex=1681, commits[244f13ac-34be-4c4e-8e45-0c0272edbbb2:c1681, 6287e41a-5356-4f55-84f2-270816d53e84:c1679, a2c18d3d-e79d-47c9-88fe-d8a1d195302b:c1679]
2019-08-23 11:31:31,023 | INFO  | DNAudit | user=null | ip=null | op=WRITE_CHUNK {blockData=conID: 3 locID: 102666068571718098 bcsId: 1681} | ret=SUCCESS |  
2019-08-23 11:31:31,025 | INFO  | DNAudit | user=null | ip=null | op=WRITE_CHUNK {blockData=conID: 3 locID: 102666068571718098 bcsId: 1681} | ret=SUCCESS |  
2019-08-23 11:31:31,025 | INFO  | DNAudit | user=null | ip=null | op=WRITE_CHUNK {blockData=conID: 3 locID: 102666068571718098 bcsId: 1681} | ret=SUCCESS |  
2019-08-23 11:31:31,028 | INFO  | DNAudit | user=null | ip=null | op=WRITE_CHUNK {blockData=conID: 3 locID: 102666068571718098 bcsId: 1675} | ret=SUCCESS |  
2019-08-23 11:31:31,028 | INFO  | DNAudit | user=null | ip=null | op=WRITE_CHUNK {blockData=conID: 3 locID: 102666068571718098 bcsId: 1675} | ret=SUCCESS |  
2019-08-23 11:31:31,030 | INFO  | DNAudit | user=null | ip=null | op=PUT_BLOCK {blockData=[blockId=conID: 3 locID: 102666068571718098 bcsId: 0,size=3145728]} | ret=SUCCESS |  
2019-08-23 11:31:31,030 | INFO  | DNAudit | user=null | ip=null | op=PUT_BLOCK {blockData=[blockId=conID: 3 locID: 102666068571718098 bcsId: 0,size=3145728]} | ret=SUCCESS |  
2019-08-23 11:31:31,033 | INFO  | DNAudit | user=null | ip=null | op=WRITE_CHUNK {blockData=conID: 3 locID: 102666068571718098 bcsId: 1681} | ret=SUCCESS |  
2019-08-23 11:31:31,035 | INFO  | DNAudit | user=null | ip=null | op=PUT_BLOCK {blockData=[blockId=conID: 3 locID: 102666068571718098 bcsId: 0,size=4194304]} | ret=SUCCESS |  
2019-08-23 11:31:31,035 [grpc-default-executor-4] INFO  client.GrpcClientProtocolClient (GrpcClientProtocolClient.java:onNext(255)) - client-C9E345EC67ED->244f13ac-34be-4c4e-8e45-0c0272edbbb2: receive RaftClientReply:client-C9E345EC67ED->244f13ac-34be-4c4e-8e45-0c0272edbbb2@group-FE77C852EF02, cid=1232, SUCCESS, logIndex=1684, commits[244f13ac-34be-4c4e-8e45-0c0272edbbb2:c1685, 6287e41a-5356-4f55-84f2-270816d53e84:c1681, a2c18d3d-e79d-47c9-88fe-d8a1d195302b:c1681]
2019-08-23 11:31:31,035 [grpc-default-executor-4] INFO  client.GrpcClientProtocolClient (GrpcClientProtocolClient.java:onNext(255)) - client-C9E345EC67ED->244f13ac-34be-4c4e-8e45-0c0272edbbb2: receive RaftClientReply:client-C9E345EC67ED->244f13ac-34be-4c4e-8e45-0c0272edbbb2@group-FE77C852EF02, cid=1233, SUCCESS, logIndex=1685, commits[244f13ac-34be-4c4e-8e45-0c0272edbbb2:c1685, 6287e41a-5356-4f55-84f2-270816d53e84:c1681, a2c18d3d-e79d-47c9-88fe-d8a1d195302b:c1681]
2019-08-23 11:31:31,051 | INFO  | DNAudit | user=null | ip=null | op=WRITE_CHUNK {blockData=conID: 3 locID: 102666068571718098 bcsId: 1681} | ret=SUCCESS |  
2019-08-23 11:31:31,051 | INFO  | DNAudit | user=null | ip=null | op=WRITE_CHUNK {blockData=conID: 3 locID: 102666068571718098 bcsId: 1681} | ret=SUCCESS |  
2019-08-23 11:31:31,052 | INFO  | DNAudit | user=null | ip=null | op=PUT_BLOCK {blockData=[blockId=conID: 3 locID: 102666068571718098 bcsId: 0,size=4194304]} | ret=SUCCESS |  
2019-08-23 11:31:31,052 | INFO  | DNAudit | user=null | ip=null | op=PUT_BLOCK {blockData=[blockId=conID: 3 locID: 102666068571718098 bcsId: 0,size=4194304]} | ret=SUCCESS |  
2019-08-23 11:31:31,052 [grpc-default-executor-1] INFO  client.GrpcClientProtocolClient (GrpcClientProtocolClient.java:onNext(255)) - client-C9E345EC67ED->244f13ac-34be-4c4e-8e45-0c0272edbbb2: receive RaftClientReply:client-C9E345EC67ED->244f13ac-34be-4c4e-8e45-0c0272edbbb2@group-FE77C852EF02, cid=1234, SUCCESS, logIndex=0, commits[244f13ac-34be-4c4e-8e45-0c0272edbbb2:c1685, 6287e41a-5356-4f55-84f2-270816d53e84:c1685, a2c18d3d-e79d-47c9-88fe-d8a1d195302b:c1685]
2019-08-23 11:31:31,065 | INFO  | SCMAudit | user=jenkins1000 | ip=192.168.5.185 | op=ALLOCATE_BLOCK {owner=00a23185-76ea-47b5-a641-ad3cfbe5521a, size=4194304, type=RATIS, factor=THREE} | ret=SUCCESS |  
2019-08-23 11:31:31,068 | INFO  | OMAudit | user=jenkins1000 | ip=127.0.0.1 | op=ALLOCATE_BLOCK {volume=vol-0-37508, bucket=bucket-0-50919, key=key-0-57313, dataSize=0, replicationType=null, replicationFactor=null, keyLocationInfo=null, clientID=102666068570931602} | ret=SUCCESS |  
2019-08-23 11:31:31,075 | INFO  | DNAudit | user=null | ip=null | op=WRITE_CHUNK {blockData=conID: 1 locID: 102666069020770771 bcsId: 0} | ret=SUCCESS |  
2019-08-23 11:31:31,078 | INFO  | DNAudit | user=null | ip=null | op=WRITE_CHUNK {blockData=conID: 1 locID: 102666069020770771 bcsId: 0} | ret=SUCCESS |  
2019-08-23 11:31:31,078 | INFO  | DNAudit | user=null | ip=null | op=WRITE_CHUNK {blockData=conID: 1 locID: 102666069020770771 bcsId: 0} | ret=SUCCESS |  
2019-08-23 11:31:31,079 | INFO  | DNAudit | user=null | ip=null | op=WRITE_CHUNK {blockData=conID: 1 locID: 102666069020770771 bcsId: 0} | ret=SUCCESS |  
2019-08-23 11:31:31,079 | INFO  | DNAudit | user=null | ip=null | op=WRITE_CHUNK {blockData=conID: 1 locID: 102666069020770771 bcsId: 0} | ret=SUCCESS |  
2019-08-23 11:31:31,079 | INFO  | DNAudit | user=null | ip=null | op=WRITE_CHUNK {blockData=conID: 1 locID: 102666069020770771 bcsId: 0} | ret=SUCCESS |  
2019-08-23 11:31:31,088 | INFO  | DNAudit | user=null | ip=null | op=WRITE_CHUNK {blockData=conID: 1 locID: 102666069020770771 bcsId: 0} | ret=SUCCESS |  
2019-08-23 11:31:31,088 | INFO  | DNAudit | user=null | ip=null | op=PUT_BLOCK {blockData=[blockId=conID: 1 locID: 102666069020770771 bcsId: 0,size=1048576]} | ret=SUCCESS |  
2019-08-23 11:31:31,089 | INFO  | DNAudit | user=null | ip=null | op=WRITE_CHUNK {blockData=conID: 1 locID: 102666069020770771 bcsId: 0} | ret=SUCCESS |  
2019-08-23 11:31:31,088 [grpc-default-executor-2] INFO  client.GrpcClientProtocolClient (GrpcClientProtocolClient.java:onNext(255)) - client-C9E345EC67ED->244f13ac-34be-4c4e-8e45-0c0272edbbb2: receive RaftClientReply:client-C9E345EC67ED->244f13ac-34be-4c4e-8e45-0c0272edbbb2@group-FE77C852EF02, cid=1235, SUCCESS, logIndex=1688, commits[244f13ac-34be-4c4e-8e45-0c0272edbbb2:c1690, 6287e41a-5356-4f55-84f2-270816d53e84:c1687, a2c18d3d-e79d-47c9-88fe-d8a1d195302b:c1687]
2019-08-23 11:31:31,089 | INFO  | DNAudit | user=null | ip=null | op=PUT_BLOCK {blockData=[blockId=conID: 1 locID: 102666069020770771 bcsId: 0,size=2097152]} | ret=SUCCESS |  
2019-08-23 11:31:31,089 [grpc-default-executor-2] INFO  client.GrpcClientProtocolClient (GrpcClientProtocolClient.java:onNext(255)) - client-C9E345EC67ED->244f13ac-34be-4c4e-8e45-0c0272edbbb2: receive RaftClientReply:client-C9E345EC67ED->244f13ac-34be-4c4e-8e45-0c0272edbbb2@group-FE77C852EF02, cid=1236, SUCCESS, logIndex=1689, commits[244f13ac-34be-4c4e-8e45-0c0272edbbb2:c1691, 6287e41a-5356-4f55-84f2-270816d53e84:c1687, a2c18d3d-e79d-47c9-88fe-d8a1d195302b:c1687]
2019-08-23 11:31:31,089 [grpc-default-executor-2] INFO  client.GrpcClientProtocolClient (GrpcClientProtocolClient.java:onNext(255)) - client-C9E345EC67ED->244f13ac-34be-4c4e-8e45-0c0272edbbb2: receive RaftClientReply:client-C9E345EC67ED->244f13ac-34be-4c4e-8e45-0c0272edbbb2@group-FE77C852EF02, cid=1237, SUCCESS, logIndex=1690, commits[244f13ac-34be-4c4e-8e45-0c0272edbbb2:c1691, 6287e41a-5356-4f55-84f2-270816d53e84:c1687, a2c18d3d-e79d-47c9-88fe-d8a1d195302b:c1687]
2019-08-23 11:31:31,089 | INFO  | DNAudit | user=null | ip=null | op=WRITE_CHUNK {blockData=conID: 1 locID: 102666069020770771 bcsId: 0} | ret=SUCCESS |  
2019-08-23 11:31:31,089 | INFO  | DNAudit | user=null | ip=null | op=PUT_BLOCK {blockData=[blockId=conID: 1 locID: 102666069020770771 bcsId: 0,size=1048576]} | ret=SUCCESS |  
2019-08-23 11:31:31,089 [grpc-default-executor-1] INFO  client.GrpcClientProtocolClient (GrpcClientProtocolClient.java:onNext(255)) - client-C9E345EC67ED->244f13ac-34be-4c4e-8e45-0c0272edbbb2: receive RaftClientReply:client-C9E345EC67ED->244f13ac-34be-4c4e-8e45-0c0272edbbb2@group-FE77C852EF02, cid=1238, SUCCESS, logIndex=1691, commits[244f13ac-34be-4c4e-8e45-0c0272edbbb2:c1691, 6287e41a-5356-4f55-84f2-270816d53e84:c1687, a2c18d3d-e79d-47c9-88fe-d8a1d195302b:c1687]
2019-08-23 11:31:31,090 | INFO  | DNAudit | user=null | ip=null | op=WRITE_CHUNK {blockData=conID: 1 locID: 102666069020770771 bcsId: 0} | ret=SUCCESS |  
2019-08-23 11:31:31,090 | INFO  | DNAudit | user=null | ip=null | op=PUT_BLOCK {blockData=[blockId=conID: 1 locID: 102666069020770771 bcsId: 0,size=1048576]} | ret=SUCCESS |  
2019-08-23 11:31:31,090 | INFO  | DNAudit | user=null | ip=null | op=WRITE_CHUNK {blockData=conID: 1 locID: 102666069020770771 bcsId: 0} | ret=SUCCESS |  
2019-08-23 11:31:31,091 [grpc-default-executor-2] INFO  client.GrpcClientProtocolClient (GrpcClientProtocolClient.java:onNext(255)) - client-C9E345EC67ED->244f13ac-34be-4c4e-8e45-0c0272edbbb2: receive RaftClientReply:client-C9E345EC67ED->244f13ac-34be-4c4e-8e45-0c0272edbbb2@group-FE77C852EF02, cid=1239, SUCCESS, logIndex=0, commits[244f13ac-34be-4c4e-8e45-0c0272edbbb2:c1692, 6287e41a-5356-4f55-84f2-270816d53e84:c1689, a2c18d3d-e79d-47c9-88fe-d8a1d195302b:c1689]
2019-08-23 11:31:31,091 | INFO  | DNAudit | user=null | ip=null | op=PUT_BLOCK {blockData=[blockId=conID: 1 locID: 102666069020770771 bcsId: 0,size=2097152]} | ret=SUCCESS |  
2019-08-23 11:31:31,091 | INFO  | DNAudit | user=null | ip=null | op=WRITE_CHUNK {blockData=conID: 1 locID: 102666069020770771 bcsId: 0} | ret=SUCCESS |  
2019-08-23 11:31:31,091 | INFO  | DNAudit | user=null | ip=null | op=PUT_BLOCK {blockData=[blockId=conID: 1 locID: 102666069020770771 bcsId: 0,size=2097152]} | ret=SUCCESS |  
2019-08-23 11:31:31,096 | INFO  | DNAudit | user=null | ip=null | op=WRITE_CHUNK {blockData=conID: 1 locID: 102666069020770771 bcsId: 1691} | ret=SUCCESS |  
2019-08-23 11:31:31,098 | INFO  | DNAudit | user=null | ip=null | op=WRITE_CHUNK {blockData=conID: 1 locID: 102666069020770771 bcsId: 1691} | ret=SUCCESS |  
2019-08-23 11:31:31,098 | INFO  | DNAudit | user=null | ip=null | op=WRITE_CHUNK {blockData=conID: 1 locID: 102666069020770771 bcsId: 1691} | ret=SUCCESS |  
2019-08-23 11:31:31,109 | INFO  | DNAudit | user=null | ip=null | op=WRITE_CHUNK {blockData=conID: 1 locID: 102666069020770771 bcsId: 1691} | ret=SUCCESS |  
2019-08-23 11:31:31,110 | INFO  | DNAudit | user=null | ip=null | op=PUT_BLOCK {blockData=[blockId=conID: 1 locID: 102666069020770771 bcsId: 0,size=3145728]} | ret=SUCCESS |  
2019-08-23 11:31:31,110 [grpc-default-executor-2] INFO  client.GrpcClientProtocolClient (GrpcClientProtocolClient.java:onNext(255)) - client-C9E345EC67ED->244f13ac-34be-4c4e-8e45-0c0272edbbb2: receive RaftClientReply:client-C9E345EC67ED->244f13ac-34be-4c4e-8e45-0c0272edbbb2@group-FE77C852EF02, cid=1240, SUCCESS, logIndex=1696, commits[244f13ac-34be-4c4e-8e45-0c0272edbbb2:c1697, 6287e41a-5356-4f55-84f2-270816d53e84:c1695, a2c18d3d-e79d-47c9-88fe-d8a1d195302b:c1695]
2019-08-23 11:31:31,110 [grpc-default-executor-2] INFO  client.GrpcClientProtocolClient (GrpcClientProtocolClient.java:onNext(255)) - client-C9E345EC67ED->244f13ac-34be-4c4e-8e45-0c0272edbbb2: receive RaftClientReply:client-C9E345EC67ED->244f13ac-34be-4c4e-8e45-0c0272edbbb2@group-FE77C852EF02, cid=1241, SUCCESS, logIndex=1697, commits[244f13ac-34be-4c4e-8e45-0c0272edbbb2:c1697, 6287e41a-5356-4f55-84f2-270816d53e84:c1695, a2c18d3d-e79d-47c9-88fe-d8a1d195302b:c1695]
2019-08-23 11:31:31,116 | INFO  | DNAudit | user=null | ip=null | op=WRITE_CHUNK {blockData=conID: 1 locID: 102666069020770771 bcsId: 1697} | ret=SUCCESS |  
2019-08-23 11:31:31,118 | INFO  | DNAudit | user=null | ip=null | op=WRITE_CHUNK {blockData=conID: 1 locID: 102666069020770771 bcsId: 1697} | ret=SUCCESS |  
2019-08-23 11:31:31,118 | INFO  | DNAudit | user=null | ip=null | op=WRITE_CHUNK {blockData=conID: 1 locID: 102666069020770771 bcsId: 1697} | ret=SUCCESS |  
2019-08-23 11:31:31,121 | INFO  | DNAudit | user=null | ip=null | op=WRITE_CHUNK {blockData=conID: 1 locID: 102666069020770771 bcsId: 1691} | ret=SUCCESS |  
2019-08-23 11:31:31,121 | INFO  | DNAudit | user=null | ip=null | op=WRITE_CHUNK {blockData=conID: 1 locID: 102666069020770771 bcsId: 1691} | ret=SUCCESS |  
2019-08-23 11:31:31,121 | INFO  | DNAudit | user=null | ip=null | op=PUT_BLOCK {blockData=[blockId=conID: 1 locID: 102666069020770771 bcsId: 0,size=3145728]} | ret=SUCCESS |  
2019-08-23 11:31:31,121 | INFO  | DNAudit | user=null | ip=null | op=PUT_BLOCK {blockData=[blockId=conID: 1 locID: 102666069020770771 bcsId: 0,size=3145728]} | ret=SUCCESS |  
2019-08-23 11:31:31,122 | INFO  | DNAudit | user=null | ip=null | op=WRITE_CHUNK {blockData=conID: 1 locID: 102666069020770771 bcsId: 1697} | ret=SUCCESS |  
2019-08-23 11:31:31,123 | INFO  | DNAudit | user=null | ip=null | op=PUT_BLOCK {blockData=[blockId=conID: 1 locID: 102666069020770771 bcsId: 0,size=4194304]} | ret=SUCCESS |  
2019-08-23 11:31:31,123 [grpc-default-executor-1] INFO  client.GrpcClientProtocolClient (GrpcClientProtocolClient.java:onNext(255)) - client-C9E345EC67ED->244f13ac-34be-4c4e-8e45-0c0272edbbb2: receive RaftClientReply:client-C9E345EC67ED->244f13ac-34be-4c4e-8e45-0c0272edbbb2@group-FE77C852EF02, cid=1242, SUCCESS, logIndex=1700, commits[244f13ac-34be-4c4e-8e45-0c0272edbbb2:c1701, 6287e41a-5356-4f55-84f2-270816d53e84:c1697, a2c18d3d-e79d-47c9-88fe-d8a1d195302b:c1697]
2019-08-23 11:31:31,123 [grpc-default-executor-1] INFO  client.GrpcClientProtocolClient (GrpcClientProtocolClient.java:onNext(255)) - client-C9E345EC67ED->244f13ac-34be-4c4e-8e45-0c0272edbbb2: receive RaftClientReply:client-C9E345EC67ED->244f13ac-34be-4c4e-8e45-0c0272edbbb2@group-FE77C852EF02, cid=1243, SUCCESS, logIndex=1701, commits[244f13ac-34be-4c4e-8e45-0c0272edbbb2:c1701, 6287e41a-5356-4f55-84f2-270816d53e84:c1697, a2c18d3d-e79d-47c9-88fe-d8a1d195302b:c1697]
2019-08-23 11:31:31,133 | INFO  | DNAudit | user=null | ip=null | op=WRITE_CHUNK {blockData=conID: 1 locID: 102666069020770771 bcsId: 1697} | ret=SUCCESS |  
2019-08-23 11:31:31,133 | INFO  | DNAudit | user=null | ip=null | op=WRITE_CHUNK {blockData=conID: 1 locID: 102666069020770771 bcsId: 1697} | ret=SUCCESS |  
2019-08-23 11:31:31,134 | INFO  | DNAudit | user=null | ip=null | op=PUT_BLOCK {blockData=[blockId=conID: 1 locID: 102666069020770771 bcsId: 0,size=4194304]} | ret=SUCCESS |  
2019-08-23 11:31:31,134 | INFO  | DNAudit | user=null | ip=null | op=PUT_BLOCK {blockData=[blockId=conID: 1 locID: 102666069020770771 bcsId: 0,size=4194304]} | ret=SUCCESS |  
2019-08-23 11:31:31,135 [grpc-default-executor-2] INFO  client.GrpcClientProtocolClient (GrpcClientProtocolClient.java:onNext(255)) - client-C9E345EC67ED->244f13ac-34be-4c4e-8e45-0c0272edbbb2: receive RaftClientReply:client-C9E345EC67ED->244f13ac-34be-4c4e-8e45-0c0272edbbb2@group-FE77C852EF02, cid=1244, SUCCESS, logIndex=0, commits[244f13ac-34be-4c4e-8e45-0c0272edbbb2:c1703, 6287e41a-5356-4f55-84f2-270816d53e84:c1701, a2c18d3d-e79d-47c9-88fe-d8a1d195302b:c1701]
2019-08-23 11:31:31,139 | INFO  | SCMAudit | user=jenkins1000 | ip=192.168.5.185 | op=ALLOCATE_BLOCK {owner=00a23185-76ea-47b5-a641-ad3cfbe5521a, size=4194304, type=RATIS, factor=THREE} | ret=SUCCESS |  
2019-08-23 11:31:31,144 | INFO  | OMAudit | user=jenkins1000 | ip=127.0.0.1 | op=ALLOCATE_BLOCK {volume=vol-0-37508, bucket=bucket-0-50919, key=key-0-57313, dataSize=0, replicationType=null, replicationFactor=null, keyLocationInfo=null, clientID=102666068570931602} | ret=SUCCESS |  
2019-08-23 11:31:31,151 | INFO  | DNAudit | user=null | ip=null | op=WRITE_CHUNK {blockData=conID: 2 locID: 102666069025685972 bcsId: 0} | ret=SUCCESS |  
2019-08-23 11:31:31,153 | INFO  | DNAudit | user=null | ip=null | op=WRITE_CHUNK {blockData=conID: 2 locID: 102666069025685972 bcsId: 0} | ret=SUCCESS |  
2019-08-23 11:31:31,154 | INFO  | DNAudit | user=null | ip=null | op=WRITE_CHUNK {blockData=conID: 2 locID: 102666069025685972 bcsId: 0} | ret=SUCCESS |  
2019-08-23 11:31:31,156 | INFO  | DNAudit | user=null | ip=null | op=WRITE_CHUNK {blockData=conID: 2 locID: 102666069025685972 bcsId: 0} | ret=SUCCESS |  
2019-08-23 11:31:31,157 | INFO  | DNAudit | user=null | ip=null | op=PUT_BLOCK {blockData=[blockId=conID: 2 locID: 102666069025685972 bcsId: 0,size=1048576]} | ret=SUCCESS |  
2019-08-23 11:31:31,157 [grpc-default-executor-5] INFO  client.GrpcClientProtocolClient (GrpcClientProtocolClient.java:onNext(255)) - client-C9E345EC67ED->244f13ac-34be-4c4e-8e45-0c0272edbbb2: receive RaftClientReply:client-C9E345EC67ED->244f13ac-34be-4c4e-8e45-0c0272edbbb2@group-FE77C852EF02, cid=1245, SUCCESS, logIndex=1704, commits[244f13ac-34be-4c4e-8e45-0c0272edbbb2:c1705, 6287e41a-5356-4f55-84f2-270816d53e84:c1703, a2c18d3d-e79d-47c9-88fe-d8a1d195302b:c1701]
2019-08-23 11:31:31,157 | INFO  | DNAudit | user=null | ip=null | op=WRITE_CHUNK {blockData=conID: 2 locID: 102666069025685972 bcsId: 0} | ret=SUCCESS |  
2019-08-23 11:31:31,157 | INFO  | DNAudit | user=null | ip=null | op=WRITE_CHUNK {blockData=conID: 2 locID: 102666069025685972 bcsId: 0} | ret=SUCCESS |  
2019-08-23 11:31:31,157 [grpc-default-executor-5] INFO  client.GrpcClientProtocolClient (GrpcClientProtocolClient.java:onNext(255)) - client-C9E345EC67ED->244f13ac-34be-4c4e-8e45-0c0272edbbb2: receive RaftClientReply:client-C9E345EC67ED->244f13ac-34be-4c4e-8e45-0c0272edbbb2@group-FE77C852EF02, cid=1246, SUCCESS, logIndex=1705, commits[244f13ac-34be-4c4e-8e45-0c0272edbbb2:c1705, 6287e41a-5356-4f55-84f2-270816d53e84:c1703, a2c18d3d-e79d-47c9-88fe-d8a1d195302b:c1701]
2019-08-23 11:31:31,158 | INFO  | DNAudit | user=null | ip=null | op=WRITE_CHUNK {blockData=conID: 2 locID: 102666069025685972 bcsId: 0} | ret=SUCCESS |  
2019-08-23 11:31:31,158 | INFO  | DNAudit | user=null | ip=null | op=WRITE_CHUNK {blockData=conID: 2 locID: 102666069025685972 bcsId: 0} | ret=SUCCESS |  
2019-08-23 11:31:31,158 | INFO  | DNAudit | user=null | ip=null | op=WRITE_CHUNK {blockData=conID: 2 locID: 102666069025685972 bcsId: 0} | ret=SUCCESS |  
2019-08-23 11:31:31,159 | INFO  | DNAudit | user=null | ip=null | op=PUT_BLOCK {blockData=[blockId=conID: 2 locID: 102666069025685972 bcsId: 0,size=1048576]} | ret=SUCCESS |  
2019-08-23 11:31:31,159 | INFO  | DNAudit | user=null | ip=null | op=PUT_BLOCK {blockData=[blockId=conID: 2 locID: 102666069025685972 bcsId: 0,size=2097152]} | ret=SUCCESS |  
2019-08-23 11:31:31,159 [grpc-default-executor-5] INFO  client.GrpcClientProtocolClient (GrpcClientProtocolClient.java:onNext(255)) - client-C9E345EC67ED->244f13ac-34be-4c4e-8e45-0c0272edbbb2: receive RaftClientReply:client-C9E345EC67ED->244f13ac-34be-4c4e-8e45-0c0272edbbb2@group-FE77C852EF02, cid=1247, SUCCESS, logIndex=1706, commits[244f13ac-34be-4c4e-8e45-0c0272edbbb2:c1709, 6287e41a-5356-4f55-84f2-270816d53e84:c1705, a2c18d3d-e79d-47c9-88fe-d8a1d195302b:c1701]
2019-08-23 11:31:31,159 [grpc-default-executor-5] INFO  client.GrpcClientProtocolClient (GrpcClientProtocolClient.java:onNext(255)) - client-C9E345EC67ED->244f13ac-34be-4c4e-8e45-0c0272edbbb2: receive RaftClientReply:client-C9E345EC67ED->244f13ac-34be-4c4e-8e45-0c0272edbbb2@group-FE77C852EF02, cid=1248, SUCCESS, logIndex=1707, commits[244f13ac-34be-4c4e-8e45-0c0272edbbb2:c1709, 6287e41a-5356-4f55-84f2-270816d53e84:c1705, a2c18d3d-e79d-47c9-88fe-d8a1d195302b:c1701]
2019-08-23 11:31:31,160 | INFO  | DNAudit | user=null | ip=null | op=WRITE_CHUNK {blockData=conID: 2 locID: 102666069025685972 bcsId: 0} | ret=SUCCESS |  
2019-08-23 11:31:31,160 | INFO  | DNAudit | user=null | ip=null | op=PUT_BLOCK {blockData=[blockId=conID: 2 locID: 102666069025685972 bcsId: 0,size=1048576]} | ret=SUCCESS |  
2019-08-23 11:31:31,160 | INFO  | DNAudit | user=null | ip=null | op=WRITE_CHUNK {blockData=conID: 2 locID: 102666069025685972 bcsId: 0} | ret=SUCCESS |  
2019-08-23 11:31:31,161 | INFO  | DNAudit | user=null | ip=null | op=PUT_BLOCK {blockData=[blockId=conID: 2 locID: 102666069025685972 bcsId: 0,size=2097152]} | ret=SUCCESS |  
2019-08-23 11:31:31,161 [grpc-default-executor-5] INFO  client.GrpcClientProtocolClient (GrpcClientProtocolClient.java:onNext(255)) - client-C9E345EC67ED->244f13ac-34be-4c4e-8e45-0c0272edbbb2: receive RaftClientReply:client-C9E345EC67ED->244f13ac-34be-4c4e-8e45-0c0272edbbb2@group-FE77C852EF02, cid=1249, SUCCESS, logIndex=0, commits[244f13ac-34be-4c4e-8e45-0c0272edbbb2:c1709, 6287e41a-5356-4f55-84f2-270816d53e84:c1705, a2c18d3d-e79d-47c9-88fe-d8a1d195302b:c1705]
2019-08-23 11:31:31,161 | INFO  | DNAudit | user=null | ip=null | op=WRITE_CHUNK {blockData=conID: 2 locID: 102666069025685972 bcsId: 0} | ret=SUCCESS |  
2019-08-23 11:31:31,161 | INFO  | DNAudit | user=null | ip=null | op=PUT_BLOCK {blockData=[blockId=conID: 2 locID: 102666069025685972 bcsId: 0,size=2097152]} | ret=SUCCESS |  
2019-08-23 11:31:31,166 | INFO  | DNAudit | user=null | ip=null | op=WRITE_CHUNK {blockData=conID: 2 locID: 102666069025685972 bcsId: 1707} | ret=SUCCESS |  
2019-08-23 11:31:31,168 | INFO  | DNAudit | user=null | ip=null | op=WRITE_CHUNK {blockData=conID: 2 locID: 102666069025685972 bcsId: 1707} | ret=SUCCESS |  
2019-08-23 11:31:31,168 | INFO  | DNAudit | user=null | ip=null | op=WRITE_CHUNK {blockData=conID: 2 locID: 102666069025685972 bcsId: 1707} | ret=SUCCESS |  
2019-08-23 11:31:31,172 | INFO  | DNAudit | user=null | ip=null | op=WRITE_CHUNK {blockData=conID: 2 locID: 102666069025685972 bcsId: 1707} | ret=SUCCESS |  
2019-08-23 11:31:31,173 | INFO  | DNAudit | user=null | ip=null | op=PUT_BLOCK {blockData=[blockId=conID: 2 locID: 102666069025685972 bcsId: 0,size=3145728]} | ret=SUCCESS |  
2019-08-23 11:31:31,173 [grpc-default-executor-2] INFO  client.GrpcClientProtocolClient (GrpcClientProtocolClient.java:onNext(255)) - client-C9E345EC67ED->244f13ac-34be-4c4e-8e45-0c0272edbbb2: receive RaftClientReply:client-C9E345EC67ED->244f13ac-34be-4c4e-8e45-0c0272edbbb2@group-FE77C852EF02, cid=1250, SUCCESS, logIndex=1712, commits[244f13ac-34be-4c4e-8e45-0c0272edbbb2:c1713, 6287e41a-5356-4f55-84f2-270816d53e84:c1711, a2c18d3d-e79d-47c9-88fe-d8a1d195302b:c1711]
2019-08-23 11:31:31,173 [grpc-default-executor-2] INFO  client.GrpcClientProtocolClient (GrpcClientProtocolClient.java:onNext(255)) - client-C9E345EC67ED->244f13ac-34be-4c4e-8e45-0c0272edbbb2: receive RaftClientReply:client-C9E345EC67ED->244f13ac-34be-4c4e-8e45-0c0272edbbb2@group-FE77C852EF02, cid=1251, SUCCESS, logIndex=1713, commits[244f13ac-34be-4c4e-8e45-0c0272edbbb2:c1713, 6287e41a-5356-4f55-84f2-270816d53e84:c1711, a2c18d3d-e79d-47c9-88fe-d8a1d195302b:c1711]
2019-08-23 11:31:31,178 | INFO  | DNAudit | user=null | ip=null | op=WRITE_CHUNK {blockData=conID: 2 locID: 102666069025685972 bcsId: 1713} | ret=SUCCESS |  
2019-08-23 11:31:31,180 | INFO  | DNAudit | user=null | ip=null | op=WRITE_CHUNK {blockData=conID: 2 locID: 102666069025685972 bcsId: 1713} | ret=SUCCESS |  
2019-08-23 11:31:31,180 | INFO  | DNAudit | user=null | ip=null | op=WRITE_CHUNK {blockData=conID: 2 locID: 102666069025685972 bcsId: 1713} | ret=SUCCESS |  
2019-08-23 11:31:31,184 | INFO  | DNAudit | user=null | ip=null | op=WRITE_CHUNK {blockData=conID: 2 locID: 102666069025685972 bcsId: 1707} | ret=SUCCESS |  
2019-08-23 11:31:31,184 | INFO  | DNAudit | user=null | ip=null | op=WRITE_CHUNK {blockData=conID: 2 locID: 102666069025685972 bcsId: 1707} | ret=SUCCESS |  
2019-08-23 11:31:31,184 | INFO  | DNAudit | user=null | ip=null | op=PUT_BLOCK {blockData=[blockId=conID: 2 locID: 102666069025685972 bcsId: 0,size=3145728]} | ret=SUCCESS |  
2019-08-23 11:31:31,185 | INFO  | DNAudit | user=null | ip=null | op=PUT_BLOCK {blockData=[blockId=conID: 2 locID: 102666069025685972 bcsId: 0,size=3145728]} | ret=SUCCESS |  
2019-08-23 11:31:31,186 | INFO  | DNAudit | user=null | ip=null | op=WRITE_CHUNK {blockData=conID: 2 locID: 102666069025685972 bcsId: 1713} | ret=SUCCESS |  
2019-08-23 11:31:31,186 | INFO  | DNAudit | user=null | ip=null | op=PUT_BLOCK {blockData=[blockId=conID: 2 locID: 102666069025685972 bcsId: 0,size=4194304]} | ret=SUCCESS |  
2019-08-23 11:31:31,186 [grpc-default-executor-2] INFO  client.GrpcClientProtocolClient (GrpcClientProtocolClient.java:onNext(255)) - client-C9E345EC67ED->244f13ac-34be-4c4e-8e45-0c0272edbbb2: receive RaftClientReply:client-C9E345EC67ED->244f13ac-34be-4c4e-8e45-0c0272edbbb2@group-FE77C852EF02, cid=1252, SUCCESS, logIndex=1716, commits[244f13ac-34be-4c4e-8e45-0c0272edbbb2:c1716, 6287e41a-5356-4f55-84f2-270816d53e84:c1713, a2c18d3d-e79d-47c9-88fe-d8a1d195302b:c1713]
2019-08-23 11:31:31,186 [grpc-default-executor-2] INFO  client.GrpcClientProtocolClient (GrpcClientProtocolClient.java:onNext(255)) - client-C9E345EC67ED->244f13ac-34be-4c4e-8e45-0c0272edbbb2: receive RaftClientReply:client-C9E345EC67ED->244f13ac-34be-4c4e-8e45-0c0272edbbb2@group-FE77C852EF02, cid=1253, SUCCESS, logIndex=1717, commits[244f13ac-34be-4c4e-8e45-0c0272edbbb2:c1717, 6287e41a-5356-4f55-84f2-270816d53e84:c1713, a2c18d3d-e79d-47c9-88fe-d8a1d195302b:c1713]
2019-08-23 11:31:31,197 | INFO  | DNAudit | user=null | ip=null | op=WRITE_CHUNK {blockData=conID: 2 locID: 102666069025685972 bcsId: 1713} | ret=SUCCESS |  
2019-08-23 11:31:31,197 | INFO  | DNAudit | user=null | ip=null | op=WRITE_CHUNK {blockData=conID: 2 locID: 102666069025685972 bcsId: 1713} | ret=SUCCESS |  
2019-08-23 11:31:31,198 | INFO  | DNAudit | user=null | ip=null | op=PUT_BLOCK {blockData=[blockId=conID: 2 locID: 102666069025685972 bcsId: 0,size=4194304]} | ret=SUCCESS |  
2019-08-23 11:31:31,198 | INFO  | DNAudit | user=null | ip=null | op=PUT_BLOCK {blockData=[blockId=conID: 2 locID: 102666069025685972 bcsId: 0,size=4194304]} | ret=SUCCESS |  
2019-08-23 11:31:31,199 [grpc-default-executor-5] INFO  client.GrpcClientProtocolClient (GrpcClientProtocolClient.java:onNext(255)) - client-C9E345EC67ED->244f13ac-34be-4c4e-8e45-0c0272edbbb2: receive RaftClientReply:client-C9E345EC67ED->244f13ac-34be-4c4e-8e45-0c0272edbbb2@group-FE77C852EF02, cid=1254, SUCCESS, logIndex=0, commits[244f13ac-34be-4c4e-8e45-0c0272edbbb2:c1718, 6287e41a-5356-4f55-84f2-270816d53e84:c1717, a2c18d3d-e79d-47c9-88fe-d8a1d195302b:c1717]
2019-08-23 11:31:31,203 | INFO  | SCMAudit | user=jenkins1000 | ip=192.168.5.185 | op=ALLOCATE_BLOCK {owner=00a23185-76ea-47b5-a641-ad3cfbe5521a, size=4194304, type=RATIS, factor=THREE} | ret=SUCCESS |  
2019-08-23 11:31:31,206 | INFO  | OMAudit | user=jenkins1000 | ip=127.0.0.1 | op=ALLOCATE_BLOCK {volume=vol-0-37508, bucket=bucket-0-50919, key=key-0-57313, dataSize=0, replicationType=null, replicationFactor=null, keyLocationInfo=null, clientID=102666068570931602} | ret=SUCCESS |  
2019-08-23 11:31:31,212 | INFO  | DNAudit | user=null | ip=null | op=WRITE_CHUNK {blockData=conID: 3 locID: 102666069029880277 bcsId: 0} | ret=SUCCESS |  
2019-08-23 11:31:31,214 | INFO  | DNAudit | user=null | ip=null | op=WRITE_CHUNK {blockData=conID: 3 locID: 102666069029880277 bcsId: 0} | ret=SUCCESS |  
2019-08-23 11:31:31,214 | INFO  | DNAudit | user=null | ip=null | op=WRITE_CHUNK {blockData=conID: 3 locID: 102666069029880277 bcsId: 0} | ret=SUCCESS |  
2019-08-23 11:31:31,215 | INFO  | DNAudit | user=null | ip=null | op=WRITE_CHUNK {blockData=conID: 3 locID: 102666069029880277 bcsId: 0} | ret=SUCCESS |  
2019-08-23 11:31:31,215 | INFO  | DNAudit | user=null | ip=null | op=WRITE_CHUNK {blockData=conID: 3 locID: 102666069029880277 bcsId: 0} | ret=SUCCESS |  
2019-08-23 11:31:31,215 | INFO  | DNAudit | user=null | ip=null | op=WRITE_CHUNK {blockData=conID: 3 locID: 102666069029880277 bcsId: 0} | ret=SUCCESS |  
2019-08-23 11:31:31,224 | INFO  | DNAudit | user=null | ip=null | op=WRITE_CHUNK {blockData=conID: 3 locID: 102666069029880277 bcsId: 0} | ret=SUCCESS |  
2019-08-23 11:31:31,224 | INFO  | DNAudit | user=null | ip=null | op=PUT_BLOCK {blockData=[blockId=conID: 3 locID: 102666069029880277 bcsId: 0,size=1048576]} | ret=SUCCESS |  
2019-08-23 11:31:31,225 | INFO  | DNAudit | user=null | ip=null | op=WRITE_CHUNK {blockData=conID: 3 locID: 102666069029880277 bcsId: 0} | ret=SUCCESS |  
2019-08-23 11:31:31,224 [grpc-default-executor-1] INFO  client.GrpcClientProtocolClient (GrpcClientProtocolClient.java:onNext(255)) - client-C9E345EC67ED->244f13ac-34be-4c4e-8e45-0c0272edbbb2: receive RaftClientReply:client-C9E345EC67ED->244f13ac-34be-4c4e-8e45-0c0272edbbb2@group-FE77C852EF02, cid=1255, SUCCESS, logIndex=1720, commits[244f13ac-34be-4c4e-8e45-0c0272edbbb2:c1723, 6287e41a-5356-4f55-84f2-270816d53e84:c1719, a2c18d3d-e79d-47c9-88fe-d8a1d195302b:c1719]
2019-08-23 11:31:31,225 | INFO  | DNAudit | user=null | ip=null | op=PUT_BLOCK {blockData=[blockId=conID: 3 locID: 102666069029880277 bcsId: 0,size=2097152]} | ret=SUCCESS |  
2019-08-23 11:31:31,225 | INFO  | DNAudit | user=null | ip=null | op=WRITE_CHUNK {blockData=conID: 3 locID: 102666069029880277 bcsId: 0} | ret=SUCCESS |  
2019-08-23 11:31:31,225 [grpc-default-executor-1] INFO  client.GrpcClientProtocolClient (GrpcClientProtocolClient.java:onNext(255)) - client-C9E345EC67ED->244f13ac-34be-4c4e-8e45-0c0272edbbb2: receive RaftClientReply:client-C9E345EC67ED->244f13ac-34be-4c4e-8e45-0c0272edbbb2@group-FE77C852EF02, cid=1256, SUCCESS, logIndex=1721, commits[244f13ac-34be-4c4e-8e45-0c0272edbbb2:c1723, 6287e41a-5356-4f55-84f2-270816d53e84:c1719, a2c18d3d-e79d-47c9-88fe-d8a1d195302b:c1719]
2019-08-23 11:31:31,225 | INFO  | DNAudit | user=null | ip=null | op=WRITE_CHUNK {blockData=conID: 3 locID: 102666069029880277 bcsId: 0} | ret=SUCCESS |  
2019-08-23 11:31:31,225 [grpc-default-executor-1] INFO  client.GrpcClientProtocolClient (GrpcClientProtocolClient.java:onNext(255)) - client-C9E345EC67ED->244f13ac-34be-4c4e-8e45-0c0272edbbb2: receive RaftClientReply:client-C9E345EC67ED->244f13ac-34be-4c4e-8e45-0c0272edbbb2@group-FE77C852EF02, cid=1257, SUCCESS, logIndex=1722, commits[244f13ac-34be-4c4e-8e45-0c0272edbbb2:c1723, 6287e41a-5356-4f55-84f2-270816d53e84:c1719, a2c18d3d-e79d-47c9-88fe-d8a1d195302b:c1719]
2019-08-23 11:31:31,225 | INFO  | DNAudit | user=null | ip=null | op=PUT_BLOCK {blockData=[blockId=conID: 3 locID: 102666069029880277 bcsId: 0,size=1048576]} | ret=SUCCESS |  
2019-08-23 11:31:31,225 | INFO  | DNAudit | user=null | ip=null | op=PUT_BLOCK {blockData=[blockId=conID: 3 locID: 102666069029880277 bcsId: 0,size=1048576]} | ret=SUCCESS |  
2019-08-23 11:31:31,226 [grpc-default-executor-1] INFO  client.GrpcClientProtocolClient (GrpcClientProtocolClient.java:onNext(255)) - client-C9E345EC67ED->244f13ac-34be-4c4e-8e45-0c0272edbbb2: receive RaftClientReply:client-C9E345EC67ED->244f13ac-34be-4c4e-8e45-0c0272edbbb2@group-FE77C852EF02, cid=1258, SUCCESS, logIndex=1723, commits[244f13ac-34be-4c4e-8e45-0c0272edbbb2:c1723, 6287e41a-5356-4f55-84f2-270816d53e84:c1719, a2c18d3d-e79d-47c9-88fe-d8a1d195302b:c1719]
2019-08-23 11:31:31,226 | INFO  | DNAudit | user=null | ip=null | op=WRITE_CHUNK {blockData=conID: 3 locID: 102666069029880277 bcsId: 0} | ret=SUCCESS |  
2019-08-23 11:31:31,226 | INFO  | DNAudit | user=null | ip=null | op=WRITE_CHUNK {blockData=conID: 3 locID: 102666069029880277 bcsId: 0} | ret=SUCCESS |  
2019-08-23 11:31:31,227 | INFO  | DNAudit | user=null | ip=null | op=PUT_BLOCK {blockData=[blockId=conID: 3 locID: 102666069029880277 bcsId: 0,size=2097152]} | ret=SUCCESS |  
2019-08-23 11:31:31,227 | INFO  | DNAudit | user=null | ip=null | op=PUT_BLOCK {blockData=[blockId=conID: 3 locID: 102666069029880277 bcsId: 0,size=2097152]} | ret=SUCCESS |  
2019-08-23 11:31:31,227 [grpc-default-executor-5] INFO  client.GrpcClientProtocolClient (GrpcClientProtocolClient.java:onNext(255)) - client-C9E345EC67ED->244f13ac-34be-4c4e-8e45-0c0272edbbb2: receive RaftClientReply:client-C9E345EC67ED->244f13ac-34be-4c4e-8e45-0c0272edbbb2@group-FE77C852EF02, cid=1259, SUCCESS, logIndex=0, commits[244f13ac-34be-4c4e-8e45-0c0272edbbb2:c1724, 6287e41a-5356-4f55-84f2-270816d53e84:c1721, a2c18d3d-e79d-47c9-88fe-d8a1d195302b:c1721]
2019-08-23 11:31:31,232 | INFO  | DNAudit | user=null | ip=null | op=WRITE_CHUNK {blockData=conID: 3 locID: 102666069029880277 bcsId: 1723} | ret=SUCCESS |  
2019-08-23 11:31:31,233 | INFO  | DNAudit | user=null | ip=null | op=WRITE_CHUNK {blockData=conID: 3 locID: 102666069029880277 bcsId: 1723} | ret=SUCCESS |  
2019-08-23 11:31:31,234 | INFO  | DNAudit | user=null | ip=null | op=WRITE_CHUNK {blockData=conID: 3 locID: 102666069029880277 bcsId: 1723} | ret=SUCCESS |  
2019-08-23 11:31:31,244 | INFO  | DNAudit | user=null | ip=null | op=WRITE_CHUNK {blockData=conID: 3 locID: 102666069029880277 bcsId: 1723} | ret=SUCCESS |  
2019-08-23 11:31:31,245 | INFO  | DNAudit | user=null | ip=null | op=PUT_BLOCK {blockData=[blockId=conID: 3 locID: 102666069029880277 bcsId: 0,size=3145728]} | ret=SUCCESS |  
2019-08-23 11:31:31,245 [grpc-default-executor-5] INFO  client.GrpcClientProtocolClient (GrpcClientProtocolClient.java:onNext(255)) - client-C9E345EC67ED->244f13ac-34be-4c4e-8e45-0c0272edbbb2: receive RaftClientReply:client-C9E345EC67ED->244f13ac-34be-4c4e-8e45-0c0272edbbb2@group-FE77C852EF02, cid=1260, SUCCESS, logIndex=1728, commits[244f13ac-34be-4c4e-8e45-0c0272edbbb2:c1729, 6287e41a-5356-4f55-84f2-270816d53e84:c1727, a2c18d3d-e79d-47c9-88fe-d8a1d195302b:c1727]
2019-08-23 11:31:31,245 [grpc-default-executor-5] INFO  client.GrpcClientProtocolClient (GrpcClientProtocolClient.java:onNext(255)) - client-C9E345EC67ED->244f13ac-34be-4c4e-8e45-0c0272edbbb2: receive RaftClientReply:client-C9E345EC67ED->244f13ac-34be-4c4e-8e45-0c0272edbbb2@group-FE77C852EF02, cid=1261, SUCCESS, logIndex=1729, commits[244f13ac-34be-4c4e-8e45-0c0272edbbb2:c1729, 6287e41a-5356-4f55-84f2-270816d53e84:c1727, a2c18d3d-e79d-47c9-88fe-d8a1d195302b:c1727]
2019-08-23 11:31:31,251 | INFO  | DNAudit | user=null | ip=null | op=WRITE_CHUNK {blockData=conID: 3 locID: 102666069029880277 bcsId: 1729} | ret=SUCCESS |  
2019-08-23 11:31:31,252 | INFO  | DNAudit | user=null | ip=null | op=WRITE_CHUNK {blockData=conID: 3 locID: 102666069029880277 bcsId: 1729} | ret=SUCCESS |  
2019-08-23 11:31:31,252 | INFO  | DNAudit | user=null | ip=null | op=WRITE_CHUNK {blockData=conID: 3 locID: 102666069029880277 bcsId: 1729} | ret=SUCCESS |  
2019-08-23 11:31:31,256 | INFO  | DNAudit | user=null | ip=null | op=WRITE_CHUNK {blockData=conID: 3 locID: 102666069029880277 bcsId: 1723} | ret=SUCCESS |  
2019-08-23 11:31:31,256 | INFO  | DNAudit | user=null | ip=null | op=WRITE_CHUNK {blockData=conID: 3 locID: 102666069029880277 bcsId: 1723} | ret=SUCCESS |  
2019-08-23 11:31:31,257 | INFO  | DNAudit | user=null | ip=null | op=PUT_BLOCK {blockData=[blockId=conID: 3 locID: 102666069029880277 bcsId: 0,size=3145728]} | ret=SUCCESS |  
2019-08-23 11:31:31,257 | INFO  | DNAudit | user=null | ip=null | op=PUT_BLOCK {blockData=[blockId=conID: 3 locID: 102666069029880277 bcsId: 0,size=3145728]} | ret=SUCCESS |  
2019-08-23 11:31:31,257 | INFO  | DNAudit | user=null | ip=null | op=WRITE_CHUNK {blockData=conID: 3 locID: 102666069029880277 bcsId: 1729} | ret=SUCCESS |  
2019-08-23 11:31:31,258 | INFO  | DNAudit | user=null | ip=null | op=PUT_BLOCK {blockData=[blockId=conID: 3 locID: 102666069029880277 bcsId: 0,size=4194304]} | ret=SUCCESS |  
2019-08-23 11:31:31,258 [grpc-default-executor-1] INFO  client.GrpcClientProtocolClient (GrpcClientProtocolClient.java:onNext(255)) - client-C9E345EC67ED->244f13ac-34be-4c4e-8e45-0c0272edbbb2: receive RaftClientReply:client-C9E345EC67ED->244f13ac-34be-4c4e-8e45-0c0272edbbb2@group-FE77C852EF02, cid=1262, SUCCESS, logIndex=1732, commits[244f13ac-34be-4c4e-8e45-0c0272edbbb2:c1733, 6287e41a-5356-4f55-84f2-270816d53e84:c1729, a2c18d3d-e79d-47c9-88fe-d8a1d195302b:c1729]
2019-08-23 11:31:31,258 [grpc-default-executor-1] INFO  client.GrpcClientProtocolClient (GrpcClientProtocolClient.java:onNext(255)) - client-C9E345EC67ED->244f13ac-34be-4c4e-8e45-0c0272edbbb2: receive RaftClientReply:client-C9E345EC67ED->244f13ac-34be-4c4e-8e45-0c0272edbbb2@group-FE77C852EF02, cid=1263, SUCCESS, logIndex=1733, commits[244f13ac-34be-4c4e-8e45-0c0272edbbb2:c1733, 6287e41a-5356-4f55-84f2-270816d53e84:c1729, a2c18d3d-e79d-47c9-88fe-d8a1d195302b:c1729]
2019-08-23 11:31:31,269 | INFO  | DNAudit | user=null | ip=null | op=WRITE_CHUNK {blockData=conID: 3 locID: 102666069029880277 bcsId: 1729} | ret=SUCCESS |  
2019-08-23 11:31:31,269 | INFO  | DNAudit | user=null | ip=null | op=WRITE_CHUNK {blockData=conID: 3 locID: 102666069029880277 bcsId: 1729} | ret=SUCCESS |  
2019-08-23 11:31:31,270 | INFO  | DNAudit | user=null | ip=null | op=PUT_BLOCK {blockData=[blockId=conID: 3 locID: 102666069029880277 bcsId: 0,size=4194304]} | ret=SUCCESS |  
2019-08-23 11:31:31,271 | INFO  | DNAudit | user=null | ip=null | op=PUT_BLOCK {blockData=[blockId=conID: 3 locID: 102666069029880277 bcsId: 0,size=4194304]} | ret=SUCCESS |  
2019-08-23 11:31:31,271 [grpc-default-executor-1] INFO  client.GrpcClientProtocolClient (GrpcClientProtocolClient.java:onNext(255)) - client-C9E345EC67ED->244f13ac-34be-4c4e-8e45-0c0272edbbb2: receive RaftClientReply:client-C9E345EC67ED->244f13ac-34be-4c4e-8e45-0c0272edbbb2@group-FE77C852EF02, cid=1264, SUCCESS, logIndex=0, commits[244f13ac-34be-4c4e-8e45-0c0272edbbb2:c1735, 6287e41a-5356-4f55-84f2-270816d53e84:c1733, a2c18d3d-e79d-47c9-88fe-d8a1d195302b:c1733]
2019-08-23 11:31:31,275 | INFO  | SCMAudit | user=jenkins1000 | ip=192.168.5.185 | op=ALLOCATE_BLOCK {owner=00a23185-76ea-47b5-a641-ad3cfbe5521a, size=4194304, type=RATIS, factor=THREE} | ret=SUCCESS |  
2019-08-23 11:31:31,278 | INFO  | OMAudit | user=jenkins1000 | ip=127.0.0.1 | op=ALLOCATE_BLOCK {volume=vol-0-37508, bucket=bucket-0-50919, key=key-0-57313, dataSize=0, replicationType=null, replicationFactor=null, keyLocationInfo=null, clientID=102666068570931602} | ret=SUCCESS |  
2019-08-23 11:31:31,284 | INFO  | DNAudit | user=null | ip=null | op=WRITE_CHUNK {blockData=conID: 1 locID: 102666069034598870 bcsId: 0} | ret=SUCCESS |  
2019-08-23 11:31:31,286 | INFO  | DNAudit | user=null | ip=null | op=WRITE_CHUNK {blockData=conID: 1 locID: 102666069034598870 bcsId: 0} | ret=SUCCESS |  
2019-08-23 11:31:31,286 | INFO  | DNAudit | user=null | ip=null | op=WRITE_CHUNK {blockData=conID: 1 locID: 102666069034598870 bcsId: 0} | ret=SUCCESS |  
2019-08-23 11:31:31,286 | INFO  | DNAudit | user=null | ip=null | op=WRITE_CHUNK {blockData=conID: 1 locID: 102666069034598870 bcsId: 0} | ret=SUCCESS |  
2019-08-23 11:31:31,288 | INFO  | DNAudit | user=null | ip=null | op=WRITE_CHUNK {blockData=conID: 1 locID: 102666069034598870 bcsId: 0} | ret=SUCCESS |  
2019-08-23 11:31:31,288 | INFO  | DNAudit | user=null | ip=null | op=WRITE_CHUNK {blockData=conID: 1 locID: 102666069034598870 bcsId: 0} | ret=SUCCESS |  
2019-08-23 11:31:31,296 | INFO  | DNAudit | user=null | ip=null | op=WRITE_CHUNK {blockData=conID: 1 locID: 102666069034598870 bcsId: 0} | ret=SUCCESS |  
2019-08-23 11:31:31,296 | INFO  | DNAudit | user=null | ip=null | op=PUT_BLOCK {blockData=[blockId=conID: 1 locID: 102666069034598870 bcsId: 0,size=1048576]} | ret=SUCCESS |  
2019-08-23 11:31:31,297 [grpc-default-executor-1] INFO  client.GrpcClientProtocolClient (GrpcClientProtocolClient.java:onNext(255)) - client-C9E345EC67ED->244f13ac-34be-4c4e-8e45-0c0272edbbb2: receive RaftClientReply:client-C9E345EC67ED->244f13ac-34be-4c4e-8e45-0c0272edbbb2@group-FE77C852EF02, cid=1265, SUCCESS, logIndex=1736, commits[244f13ac-34be-4c4e-8e45-0c0272edbbb2:c1738, 6287e41a-5356-4f55-84f2-270816d53e84:c1735, a2c18d3d-e79d-47c9-88fe-d8a1d195302b:c1735]
2019-08-23 11:31:31,297 | INFO  | DNAudit | user=null | ip=null | op=WRITE_CHUNK {blockData=conID: 1 locID: 102666069034598870 bcsId: 0} | ret=SUCCESS |  
2019-08-23 11:31:31,297 | INFO  | DNAudit | user=null | ip=null | op=PUT_BLOCK {blockData=[blockId=conID: 1 locID: 102666069034598870 bcsId: 0,size=2097152]} | ret=SUCCESS |  
2019-08-23 11:31:31,297 [grpc-default-executor-1] INFO  client.GrpcClientProtocolClient (GrpcClientProtocolClient.java:onNext(255)) - client-C9E345EC67ED->244f13ac-34be-4c4e-8e45-0c0272edbbb2: receive RaftClientReply:client-C9E345EC67ED->244f13ac-34be-4c4e-8e45-0c0272edbbb2@group-FE77C852EF02, cid=1266, SUCCESS, logIndex=1737, commits[244f13ac-34be-4c4e-8e45-0c0272edbbb2:c1739, 6287e41a-5356-4f55-84f2-270816d53e84:c1735, a2c18d3d-e79d-47c9-88fe-d8a1d195302b:c1735]
2019-08-23 11:31:31,297 [grpc-default-executor-1] INFO  client.GrpcClientProtocolClient (GrpcClientProtocolClient.java:onNext(255)) - client-C9E345EC67ED->244f13ac-34be-4c4e-8e45-0c0272edbbb2: receive RaftClientReply:client-C9E345EC67ED->244f13ac-34be-4c4e-8e45-0c0272edbbb2@group-FE77C852EF02, cid=1267, SUCCESS, logIndex=1738, commits[244f13ac-34be-4c4e-8e45-0c0272edbbb2:c1739, 6287e41a-5356-4f55-84f2-270816d53e84:c1735, a2c18d3d-e79d-47c9-88fe-d8a1d195302b:c1735]
2019-08-23 11:31:31,297 | INFO  | DNAudit | user=null | ip=null | op=WRITE_CHUNK {blockData=conID: 1 locID: 102666069034598870 bcsId: 0} | ret=SUCCESS |  
2019-08-23 11:31:31,297 [grpc-default-executor-1] INFO  client.GrpcClientProtocolClient (GrpcClientProtocolClient.java:onNext(255)) - client-C9E345EC67ED->244f13ac-34be-4c4e-8e45-0c0272edbbb2: receive RaftClientReply:client-C9E345EC67ED->244f13ac-34be-4c4e-8e45-0c0272edbbb2@group-FE77C852EF02, cid=1268, SUCCESS, logIndex=1739, commits[244f13ac-34be-4c4e-8e45-0c0272edbbb2:c1739, 6287e41a-5356-4f55-84f2-270816d53e84:c1735, a2c18d3d-e79d-47c9-88fe-d8a1d195302b:c1735]
2019-08-23 11:31:31,298 | INFO  | DNAudit | user=null | ip=null | op=WRITE_CHUNK {blockData=conID: 1 locID: 102666069034598870 bcsId: 0} | ret=SUCCESS |  
2019-08-23 11:31:31,298 | INFO  | DNAudit | user=null | ip=null | op=PUT_BLOCK {blockData=[blockId=conID: 1 locID: 102666069034598870 bcsId: 0,size=1048576]} | ret=SUCCESS |  
2019-08-23 11:31:31,299 | INFO  | DNAudit | user=null | ip=null | op=WRITE_CHUNK {blockData=conID: 1 locID: 102666069034598870 bcsId: 0} | ret=SUCCESS |  
2019-08-23 11:31:31,299 | INFO  | DNAudit | user=null | ip=null | op=PUT_BLOCK {blockData=[blockId=conID: 1 locID: 102666069034598870 bcsId: 0,size=2097152]} | ret=SUCCESS |  
2019-08-23 11:31:31,299 | INFO  | DNAudit | user=null | ip=null | op=PUT_BLOCK {blockData=[blockId=conID: 1 locID: 102666069034598870 bcsId: 0,size=1048576]} | ret=SUCCESS |  
2019-08-23 11:31:31,299 | INFO  | DNAudit | user=null | ip=null | op=WRITE_CHUNK {blockData=conID: 1 locID: 102666069034598870 bcsId: 0} | ret=SUCCESS |  
2019-08-23 11:31:31,299 | INFO  | DNAudit | user=null | ip=null | op=PUT_BLOCK {blockData=[blockId=conID: 1 locID: 102666069034598870 bcsId: 0,size=2097152]} | ret=SUCCESS |  
2019-08-23 11:31:31,300 [grpc-default-executor-5] INFO  client.GrpcClientProtocolClient (GrpcClientProtocolClient.java:onNext(255)) - client-C9E345EC67ED->244f13ac-34be-4c4e-8e45-0c0272edbbb2: receive RaftClientReply:client-C9E345EC67ED->244f13ac-34be-4c4e-8e45-0c0272edbbb2@group-FE77C852EF02, cid=1269, SUCCESS, logIndex=0, commits[244f13ac-34be-4c4e-8e45-0c0272edbbb2:c1743, 6287e41a-5356-4f55-84f2-270816d53e84:c1739, a2c18d3d-e79d-47c9-88fe-d8a1d195302b:c1738]
2019-08-23 11:31:31,305 | INFO  | DNAudit | user=null | ip=null | op=WRITE_CHUNK {blockData=conID: 1 locID: 102666069034598870 bcsId: 1739} | ret=SUCCESS |  
2019-08-23 11:31:31,307 | INFO  | DNAudit | user=null | ip=null | op=WRITE_CHUNK {blockData=conID: 1 locID: 102666069034598870 bcsId: 1739} | ret=SUCCESS |  
2019-08-23 11:31:31,307 | INFO  | DNAudit | user=null | ip=null | op=WRITE_CHUNK {blockData=conID: 1 locID: 102666069034598870 bcsId: 1739} | ret=SUCCESS |  
2019-08-23 11:31:31,317 | INFO  | DNAudit | user=null | ip=null | op=WRITE_CHUNK {blockData=conID: 1 locID: 102666069034598870 bcsId: 1739} | ret=SUCCESS |  
2019-08-23 11:31:31,317 | INFO  | DNAudit | user=null | ip=null | op=PUT_BLOCK {blockData=[blockId=conID: 1 locID: 102666069034598870 bcsId: 0,size=3145728]} | ret=SUCCESS |  
2019-08-23 11:31:31,317 [grpc-default-executor-1] INFO  client.GrpcClientProtocolClient (GrpcClientProtocolClient.java:onNext(255)) - client-C9E345EC67ED->244f13ac-34be-4c4e-8e45-0c0272edbbb2: receive RaftClientReply:client-C9E345EC67ED->244f13ac-34be-4c4e-8e45-0c0272edbbb2@group-FE77C852EF02, cid=1270, SUCCESS, logIndex=1744, commits[244f13ac-34be-4c4e-8e45-0c0272edbbb2:c1745, 6287e41a-5356-4f55-84f2-270816d53e84:c1743, a2c18d3d-e79d-47c9-88fe-d8a1d195302b:c1743]
2019-08-23 11:31:31,318 [grpc-default-executor-1] INFO  client.GrpcClientProtocolClient (GrpcClientProtocolClient.java:onNext(255)) - client-C9E345EC67ED->244f13ac-34be-4c4e-8e45-0c0272edbbb2: receive RaftClientReply:client-C9E345EC67ED->244f13ac-34be-4c4e-8e45-0c0272edbbb2@group-FE77C852EF02, cid=1271, SUCCESS, logIndex=1745, commits[244f13ac-34be-4c4e-8e45-0c0272edbbb2:c1745, 6287e41a-5356-4f55-84f2-270816d53e84:c1743, a2c18d3d-e79d-47c9-88fe-d8a1d195302b:c1743]
2019-08-23 11:31:31,323 | INFO  | DNAudit | user=null | ip=null | op=WRITE_CHUNK {blockData=conID: 1 locID: 102666069034598870 bcsId: 1745} | ret=SUCCESS |  
2019-08-23 11:31:31,325 | INFO  | DNAudit | user=null | ip=null | op=WRITE_CHUNK {blockData=conID: 1 locID: 102666069034598870 bcsId: 1745} | ret=SUCCESS |  
2019-08-23 11:31:31,325 | INFO  | DNAudit | user=null | ip=null | op=WRITE_CHUNK {blockData=conID: 1 locID: 102666069034598870 bcsId: 1745} | ret=SUCCESS |  
2019-08-23 11:31:31,329 | INFO  | DNAudit | user=null | ip=null | op=WRITE_CHUNK {blockData=conID: 1 locID: 102666069034598870 bcsId: 1739} | ret=SUCCESS |  
2019-08-23 11:31:31,329 | INFO  | DNAudit | user=null | ip=null | op=WRITE_CHUNK {blockData=conID: 1 locID: 102666069034598870 bcsId: 1739} | ret=SUCCESS |  
2019-08-23 11:31:31,330 | INFO  | DNAudit | user=null | ip=null | op=PUT_BLOCK {blockData=[blockId=conID: 1 locID: 102666069034598870 bcsId: 0,size=3145728]} | ret=SUCCESS |  
2019-08-23 11:31:31,330 | INFO  | DNAudit | user=null | ip=null | op=PUT_BLOCK {blockData=[blockId=conID: 1 locID: 102666069034598870 bcsId: 0,size=3145728]} | ret=SUCCESS |  
2019-08-23 11:31:31,330 | INFO  | DNAudit | user=null | ip=null | op=WRITE_CHUNK {blockData=conID: 1 locID: 102666069034598870 bcsId: 1745} | ret=SUCCESS |  
2019-08-23 11:31:31,331 | INFO  | DNAudit | user=null | ip=null | op=PUT_BLOCK {blockData=[blockId=conID: 1 locID: 102666069034598870 bcsId: 0,size=4194304]} | ret=SUCCESS |  
2019-08-23 11:31:31,331 [grpc-default-executor-5] INFO  client.GrpcClientProtocolClient (GrpcClientProtocolClient.java:onNext(255)) - client-C9E345EC67ED->244f13ac-34be-4c4e-8e45-0c0272edbbb2: receive RaftClientReply:client-C9E345EC67ED->244f13ac-34be-4c4e-8e45-0c0272edbbb2@group-FE77C852EF02, cid=1272, SUCCESS, logIndex=1748, commits[244f13ac-34be-4c4e-8e45-0c0272edbbb2:c1748, 6287e41a-5356-4f55-84f2-270816d53e84:c1745, a2c18d3d-e79d-47c9-88fe-d8a1d195302b:c1745]
2019-08-23 11:31:31,331 [grpc-default-executor-5] INFO  client.GrpcClientProtocolClient (GrpcClientProtocolClient.java:onNext(255)) - client-C9E345EC67ED->244f13ac-34be-4c4e-8e45-0c0272edbbb2: receive RaftClientReply:client-C9E345EC67ED->244f13ac-34be-4c4e-8e45-0c0272edbbb2@group-FE77C852EF02, cid=1273, SUCCESS, logIndex=1749, commits[244f13ac-34be-4c4e-8e45-0c0272edbbb2:c1749, 6287e41a-5356-4f55-84f2-270816d53e84:c1745, a2c18d3d-e79d-47c9-88fe-d8a1d195302b:c1745]
2019-08-23 11:31:31,332 | INFO  | DNAudit | user=null | ip=null | op=WRITE_CHUNK {blockData=conID: 1 locID: 102666069034598870 bcsId: 1745} | ret=SUCCESS |  
2019-08-23 11:31:31,332 | INFO  | DNAudit | user=null | ip=null | op=WRITE_CHUNK {blockData=conID: 1 locID: 102666069034598870 bcsId: 1745} | ret=SUCCESS |  
2019-08-23 11:31:31,333 | INFO  | DNAudit | user=null | ip=null | op=PUT_BLOCK {blockData=[blockId=conID: 1 locID: 102666069034598870 bcsId: 0,size=4194304]} | ret=SUCCESS |  
2019-08-23 11:31:31,334 | INFO  | DNAudit | user=null | ip=null | op=PUT_BLOCK {blockData=[blockId=conID: 1 locID: 102666069034598870 bcsId: 0,size=4194304]} | ret=SUCCESS |  
2019-08-23 11:31:31,334 [grpc-default-executor-5] INFO  client.GrpcClientProtocolClient (GrpcClientProtocolClient.java:onNext(255)) - client-C9E345EC67ED->244f13ac-34be-4c4e-8e45-0c0272edbbb2: receive RaftClientReply:client-C9E345EC67ED->244f13ac-34be-4c4e-8e45-0c0272edbbb2@group-FE77C852EF02, cid=1274, SUCCESS, logIndex=0, commits[244f13ac-34be-4c4e-8e45-0c0272edbbb2:c1751, 6287e41a-5356-4f55-84f2-270816d53e84:c1749, a2c18d3d-e79d-47c9-88fe-d8a1d195302b:c1749]
2019-08-23 11:31:31,338 | INFO  | SCMAudit | user=jenkins1000 | ip=192.168.5.185 | op=ALLOCATE_BLOCK {owner=00a23185-76ea-47b5-a641-ad3cfbe5521a, size=4194304, type=RATIS, factor=THREE} | ret=SUCCESS |  
2019-08-23 11:31:31,341 | INFO  | OMAudit | user=jenkins1000 | ip=127.0.0.1 | op=ALLOCATE_BLOCK {volume=vol-0-37508, bucket=bucket-0-50919, key=key-0-57313, dataSize=0, replicationType=null, replicationFactor=null, keyLocationInfo=null, clientID=102666068570931602} | ret=SUCCESS |  
2019-08-23 11:31:31,346 | INFO  | DNAudit | user=null | ip=null | op=WRITE_CHUNK {blockData=conID: 2 locID: 102666069038727639 bcsId: 0} | ret=SUCCESS |  
2019-08-23 11:31:31,348 | INFO  | DNAudit | user=null | ip=null | op=WRITE_CHUNK {blockData=conID: 2 locID: 102666069038727639 bcsId: 0} | ret=SUCCESS |  
2019-08-23 11:31:31,348 | INFO  | DNAudit | user=null | ip=null | op=WRITE_CHUNK {blockData=conID: 2 locID: 102666069038727639 bcsId: 0} | ret=SUCCESS |  
2019-08-23 11:31:31,349 | INFO  | DNAudit | user=null | ip=null | op=WRITE_CHUNK {blockData=conID: 2 locID: 102666069038727639 bcsId: 0} | ret=SUCCESS |  
2019-08-23 11:31:31,350 | INFO  | DNAudit | user=null | ip=null | op=WRITE_CHUNK {blockData=conID: 2 locID: 102666069038727639 bcsId: 0} | ret=SUCCESS |  
2019-08-23 11:31:31,350 | INFO  | DNAudit | user=null | ip=null | op=WRITE_CHUNK {blockData=conID: 2 locID: 102666069038727639 bcsId: 0} | ret=SUCCESS |  
2019-08-23 11:31:31,357 | INFO  | DNAudit | user=null | ip=null | op=WRITE_CHUNK {blockData=conID: 2 locID: 102666069038727639 bcsId: 0} | ret=SUCCESS |  
2019-08-23 11:31:31,358 | INFO  | DNAudit | user=null | ip=null | op=PUT_BLOCK {blockData=[blockId=conID: 2 locID: 102666069038727639 bcsId: 0,size=1048576]} | ret=SUCCESS |  
2019-08-23 11:31:31,358 [grpc-default-executor-4] INFO  client.GrpcClientProtocolClient (GrpcClientProtocolClient.java:onNext(255)) - client-C9E345EC67ED->244f13ac-34be-4c4e-8e45-0c0272edbbb2: receive RaftClientReply:client-C9E345EC67ED->244f13ac-34be-4c4e-8e45-0c0272edbbb2@group-FE77C852EF02, cid=1275, SUCCESS, logIndex=1752, commits[244f13ac-34be-4c4e-8e45-0c0272edbbb2:c1754, 6287e41a-5356-4f55-84f2-270816d53e84:c1751, a2c18d3d-e79d-47c9-88fe-d8a1d195302b:c1751]
2019-08-23 11:31:31,358 | INFO  | DNAudit | user=null | ip=null | op=WRITE_CHUNK {blockData=conID: 2 locID: 102666069038727639 bcsId: 0} | ret=SUCCESS |  
2019-08-23 11:31:31,358 [grpc-default-executor-4] INFO  client.GrpcClientProtocolClient (GrpcClientProtocolClient.java:onNext(255)) - client-C9E345EC67ED->244f13ac-34be-4c4e-8e45-0c0272edbbb2: receive RaftClientReply:client-C9E345EC67ED->244f13ac-34be-4c4e-8e45-0c0272edbbb2@group-FE77C852EF02, cid=1276, SUCCESS, logIndex=1753, commits[244f13ac-34be-4c4e-8e45-0c0272edbbb2:c1755, 6287e41a-5356-4f55-84f2-270816d53e84:c1751, a2c18d3d-e79d-47c9-88fe-d8a1d195302b:c1751]
2019-08-23 11:31:31,358 | INFO  | DNAudit | user=null | ip=null | op=PUT_BLOCK {blockData=[blockId=conID: 2 locID: 102666069038727639 bcsId: 0,size=2097152]} | ret=SUCCESS |  
2019-08-23 11:31:31,358 [grpc-default-executor-4] INFO  client.GrpcClientProtocolClient (GrpcClientProtocolClient.java:onNext(255)) - client-C9E345EC67ED->244f13ac-34be-4c4e-8e45-0c0272edbbb2: receive RaftClientReply:client-C9E345EC67ED->244f13ac-34be-4c4e-8e45-0c0272edbbb2@group-FE77C852EF02, cid=1277, SUCCESS, logIndex=1754, commits[244f13ac-34be-4c4e-8e45-0c0272edbbb2:c1755, 6287e41a-5356-4f55-84f2-270816d53e84:c1751, a2c18d3d-e79d-47c9-88fe-d8a1d195302b:c1751]
2019-08-23 11:31:31,359 | INFO  | DNAudit | user=null | ip=null | op=WRITE_CHUNK {blockData=conID: 2 locID: 102666069038727639 bcsId: 0} | ret=SUCCESS |  
2019-08-23 11:31:31,359 [grpc-default-executor-4] INFO  client.GrpcClientProtocolClient (GrpcClientProtocolClient.java:onNext(255)) - client-C9E345EC67ED->244f13ac-34be-4c4e-8e45-0c0272edbbb2: receive RaftClientReply:client-C9E345EC67ED->244f13ac-34be-4c4e-8e45-0c0272edbbb2@group-FE77C852EF02, cid=1278, SUCCESS, logIndex=1755, commits[244f13ac-34be-4c4e-8e45-0c0272edbbb2:c1755, 6287e41a-5356-4f55-84f2-270816d53e84:c1751, a2c18d3d-e79d-47c9-88fe-d8a1d195302b:c1751]
2019-08-23 11:31:31,359 | INFO  | DNAudit | user=null | ip=null | op=WRITE_CHUNK {blockData=conID: 2 locID: 102666069038727639 bcsId: 0} | ret=SUCCESS |  
2019-08-23 11:31:31,359 | INFO  | DNAudit | user=null | ip=null | op=PUT_BLOCK {blockData=[blockId=conID: 2 locID: 102666069038727639 bcsId: 0,size=1048576]} | ret=SUCCESS |  
2019-08-23 11:31:31,360 | INFO  | DNAudit | user=null | ip=null | op=WRITE_CHUNK {blockData=conID: 2 locID: 102666069038727639 bcsId: 0} | ret=SUCCESS |  
2019-08-23 11:31:31,360 | INFO  | DNAudit | user=null | ip=null | op=PUT_BLOCK {blockData=[blockId=conID: 2 locID: 102666069038727639 bcsId: 0,size=1048576]} | ret=SUCCESS |  
2019-08-23 11:31:31,360 | INFO  | DNAudit | user=null | ip=null | op=PUT_BLOCK {blockData=[blockId=conID: 2 locID: 102666069038727639 bcsId: 0,size=2097152]} | ret=SUCCESS |  
2019-08-23 11:31:31,360 | INFO  | DNAudit | user=null | ip=null | op=WRITE_CHUNK {blockData=conID: 2 locID: 102666069038727639 bcsId: 0} | ret=SUCCESS |  
2019-08-23 11:31:31,360 | INFO  | DNAudit | user=null | ip=null | op=PUT_BLOCK {blockData=[blockId=conID: 2 locID: 102666069038727639 bcsId: 0,size=2097152]} | ret=SUCCESS |  
2019-08-23 11:31:31,360 [grpc-default-executor-4] INFO  client.GrpcClientProtocolClient (GrpcClientProtocolClient.java:onNext(255)) - client-C9E345EC67ED->244f13ac-34be-4c4e-8e45-0c0272edbbb2: receive RaftClientReply:client-C9E345EC67ED->244f13ac-34be-4c4e-8e45-0c0272edbbb2@group-FE77C852EF02, cid=1279, SUCCESS, logIndex=0, commits[244f13ac-34be-4c4e-8e45-0c0272edbbb2:c1758, 6287e41a-5356-4f55-84f2-270816d53e84:c1753, a2c18d3d-e79d-47c9-88fe-d8a1d195302b:c1755]
 0.00% |█                                                                                                    |  0/1 Time: 0:00:072019-08-23 11:31:31,456 | INFO  | SCMAudit | user=jenkins1000 | ip=192.168.5.185 | op=SEND_HEARTBEAT {datanodeUUID=6287e41a-5356-4f55-84f2-270816d53e84, command=[]} | ret=SUCCESS |  
2019-08-23 11:31:31,456 | INFO  | SCMAudit | user=jenkins1000 | ip=192.168.5.185 | op=SEND_HEARTBEAT {datanodeUUID=a2c18d3d-e79d-47c9-88fe-d8a1d195302b, command=[]} | ret=SUCCESS |  
2019-08-23 11:31:31,456 | INFO  | SCMAudit | user=jenkins1000 | ip=192.168.5.185 | op=SEND_HEARTBEAT {datanodeUUID=244f13ac-34be-4c4e-8e45-0c0272edbbb2, command=[]} | ret=SUCCESS |  
2019-08-23 11:31:31,457 | INFO  | DNAudit | user=null | ip=null | op=WRITE_CHUNK {blockData=conID: 2 locID: 102666069038727639 bcsId: 1755} | ret=SUCCESS |  
2019-08-23 11:31:31,460 | INFO  | DNAudit | user=null | ip=null | op=WRITE_CHUNK {blockData=conID: 2 locID: 102666069038727639 bcsId: 1755} | ret=SUCCESS |  
2019-08-23 11:31:31,460 | INFO  | DNAudit | user=null | ip=null | op=WRITE_CHUNK {blockData=conID: 2 locID: 102666069038727639 bcsId: 1755} | ret=SUCCESS |  
2019-08-23 11:31:31,483 | INFO  | DNAudit | user=null | ip=null | op=WRITE_CHUNK {blockData=conID: 2 locID: 102666069038727639 bcsId: 1755} | ret=SUCCESS |  
2019-08-23 11:31:31,483 | INFO  | DNAudit | user=null | ip=null | op=PUT_BLOCK {blockData=[blockId=conID: 2 locID: 102666069038727639 bcsId: 0,size=3145728]} | ret=SUCCESS |  
2019-08-23 11:31:31,484 [grpc-default-executor-5] INFO  client.GrpcClientProtocolClient (GrpcClientProtocolClient.java:onNext(255)) - client-C9E345EC67ED->244f13ac-34be-4c4e-8e45-0c0272edbbb2: receive RaftClientReply:client-C9E345EC67ED->244f13ac-34be-4c4e-8e45-0c0272edbbb2@group-FE77C852EF02, cid=1280, SUCCESS, logIndex=1760, commits[244f13ac-34be-4c4e-8e45-0c0272edbbb2:c1761, 6287e41a-5356-4f55-84f2-270816d53e84:c1759, a2c18d3d-e79d-47c9-88fe-d8a1d195302b:c1759]
2019-08-23 11:31:31,484 [grpc-default-executor-5] INFO  client.GrpcClientProtocolClient (GrpcClientProtocolClient.java:onNext(255)) - client-C9E345EC67ED->244f13ac-34be-4c4e-8e45-0c0272edbbb2: receive RaftClientReply:client-C9E345EC67ED->244f13ac-34be-4c4e-8e45-0c0272edbbb2@group-FE77C852EF02, cid=1281, SUCCESS, logIndex=1761, commits[244f13ac-34be-4c4e-8e45-0c0272edbbb2:c1761, 6287e41a-5356-4f55-84f2-270816d53e84:c1759, a2c18d3d-e79d-47c9-88fe-d8a1d195302b:c1759]
2019-08-23 11:31:31,491 | INFO  | DNAudit | user=null | ip=null | op=WRITE_CHUNK {blockData=conID: 2 locID: 102666069038727639 bcsId: 1761} | ret=SUCCESS |  
2019-08-23 11:31:31,492 | INFO  | DNAudit | user=null | ip=null | op=WRITE_CHUNK {blockData=conID: 2 locID: 102666069038727639 bcsId: 1755} | ret=SUCCESS |  
2019-08-23 11:31:31,492 | INFO  | DNAudit | user=null | ip=null | op=WRITE_CHUNK {blockData=conID: 2 locID: 102666069038727639 bcsId: 1755} | ret=SUCCESS |  
2019-08-23 11:31:31,492 | INFO  | DNAudit | user=null | ip=null | op=PUT_BLOCK {blockData=[blockId=conID: 2 locID: 102666069038727639 bcsId: 0,size=3145728]} | ret=SUCCESS |  
2019-08-23 11:31:31,492 | INFO  | DNAudit | user=null | ip=null | op=PUT_BLOCK {blockData=[blockId=conID: 2 locID: 102666069038727639 bcsId: 0,size=3145728]} | ret=SUCCESS |  
2019-08-23 11:31:31,494 | INFO  | DNAudit | user=null | ip=null | op=WRITE_CHUNK {blockData=conID: 2 locID: 102666069038727639 bcsId: 1761} | ret=SUCCESS |  
2019-08-23 11:31:31,494 | INFO  | DNAudit | user=null | ip=null | op=WRITE_CHUNK {blockData=conID: 2 locID: 102666069038727639 bcsId: 1761} | ret=SUCCESS |  
2019-08-23 11:31:31,506 | INFO  | DNAudit | user=null | ip=null | op=WRITE_CHUNK {blockData=conID: 2 locID: 102666069038727639 bcsId: 1761} | ret=SUCCESS |  
2019-08-23 11:31:31,507 | INFO  | DNAudit | user=null | ip=null | op=PUT_BLOCK {blockData=[blockId=conID: 2 locID: 102666069038727639 bcsId: 0,size=4194304]} | ret=SUCCESS |  
2019-08-23 11:31:31,507 [grpc-default-executor-4] INFO  client.GrpcClientProtocolClient (GrpcClientProtocolClient.java:onNext(255)) - client-C9E345EC67ED->244f13ac-34be-4c4e-8e45-0c0272edbbb2: receive RaftClientReply:client-C9E345EC67ED->244f13ac-34be-4c4e-8e45-0c0272edbbb2@group-FE77C852EF02, cid=1282, SUCCESS, logIndex=1764, commits[244f13ac-34be-4c4e-8e45-0c0272edbbb2:c1765, 6287e41a-5356-4f55-84f2-270816d53e84:c1761, a2c18d3d-e79d-47c9-88fe-d8a1d195302b:c1761]
2019-08-23 11:31:31,507 [grpc-default-executor-4] INFO  client.GrpcClientProtocolClient (GrpcClientProtocolClient.java:onNext(255)) - client-C9E345EC67ED->244f13ac-34be-4c4e-8e45-0c0272edbbb2: receive RaftClientReply:client-C9E345EC67ED->244f13ac-34be-4c4e-8e45-0c0272edbbb2@group-FE77C852EF02, cid=1283, SUCCESS, logIndex=1765, commits[244f13ac-34be-4c4e-8e45-0c0272edbbb2:c1765, 6287e41a-5356-4f55-84f2-270816d53e84:c1761, a2c18d3d-e79d-47c9-88fe-d8a1d195302b:c1761]
2019-08-23 11:31:31,508 | INFO  | DNAudit | user=null | ip=null | op=WRITE_CHUNK {blockData=conID: 2 locID: 102666069038727639 bcsId: 1761} | ret=SUCCESS |  
2019-08-23 11:31:31,508 | INFO  | DNAudit | user=null | ip=null | op=WRITE_CHUNK {blockData=conID: 2 locID: 102666069038727639 bcsId: 1761} | ret=SUCCESS |  
2019-08-23 11:31:31,509 | INFO  | DNAudit | user=null | ip=null | op=PUT_BLOCK {blockData=[blockId=conID: 2 locID: 102666069038727639 bcsId: 0,size=4194304]} | ret=SUCCESS |  
2019-08-23 11:31:31,509 | INFO  | DNAudit | user=null | ip=null | op=PUT_BLOCK {blockData=[blockId=conID: 2 locID: 102666069038727639 bcsId: 0,size=4194304]} | ret=SUCCESS |  
2019-08-23 11:31:31,510 [grpc-default-executor-4] INFO  client.GrpcClientProtocolClient (GrpcClientProtocolClient.java:onNext(255)) - client-C9E345EC67ED->244f13ac-34be-4c4e-8e45-0c0272edbbb2: receive RaftClientReply:client-C9E345EC67ED->244f13ac-34be-4c4e-8e45-0c0272edbbb2@group-FE77C852EF02, cid=1284, SUCCESS, logIndex=0, commits[244f13ac-34be-4c4e-8e45-0c0272edbbb2:c1767, 6287e41a-5356-4f55-84f2-270816d53e84:c1765, a2c18d3d-e79d-47c9-88fe-d8a1d195302b:c1765]
2019-08-23 11:31:31,514 | INFO  | SCMAudit | user=jenkins1000 | ip=192.168.5.185 | op=ALLOCATE_BLOCK {owner=00a23185-76ea-47b5-a641-ad3cfbe5521a, size=4194304, type=RATIS, factor=THREE} | ret=SUCCESS |  
2019-08-23 11:31:31,517 | INFO  | OMAudit | user=jenkins1000 | ip=127.0.0.1 | op=ALLOCATE_BLOCK {volume=vol-0-37508, bucket=bucket-0-50919, key=key-0-57313, dataSize=0, replicationType=null, replicationFactor=null, keyLocationInfo=null, clientID=102666068570931602} | ret=SUCCESS |  
2019-08-23 11:31:31,525 | INFO  | DNAudit | user=null | ip=null | op=WRITE_CHUNK {blockData=conID: 3 locID: 102666069050261976 bcsId: 0} | ret=SUCCESS |  
2019-08-23 11:31:31,528 | INFO  | DNAudit | user=null | ip=null | op=WRITE_CHUNK {blockData=conID: 3 locID: 102666069050261976 bcsId: 0} | ret=SUCCESS |  
2019-08-23 11:31:31,528 | INFO  | DNAudit | user=null | ip=null | op=WRITE_CHUNK {blockData=conID: 3 locID: 102666069050261976 bcsId: 0} | ret=SUCCESS |  
2019-08-23 11:31:31,529 | INFO  | DNAudit | user=null | ip=null | op=WRITE_CHUNK {blockData=conID: 3 locID: 102666069050261976 bcsId: 0} | ret=SUCCESS |  
2019-08-23 11:31:31,531 | INFO  | DNAudit | user=null | ip=null | op=WRITE_CHUNK {blockData=conID: 3 locID: 102666069050261976 bcsId: 0} | ret=SUCCESS |  
2019-08-23 11:31:31,531 | INFO  | DNAudit | user=null | ip=null | op=WRITE_CHUNK {blockData=conID: 3 locID: 102666069050261976 bcsId: 0} | ret=SUCCESS |  
2019-08-23 11:31:31,538 | INFO  | DNAudit | user=null | ip=null | op=WRITE_CHUNK {blockData=conID: 3 locID: 102666069050261976 bcsId: 0} | ret=SUCCESS |  
2019-08-23 11:31:31,539 | INFO  | DNAudit | user=null | ip=null | op=PUT_BLOCK {blockData=[blockId=conID: 3 locID: 102666069050261976 bcsId: 0,size=1048576]} | ret=SUCCESS |  
2019-08-23 11:31:31,539 [grpc-default-executor-4] INFO  client.GrpcClientProtocolClient (GrpcClientProtocolClient.java:onNext(255)) - client-C9E345EC67ED->244f13ac-34be-4c4e-8e45-0c0272edbbb2: receive RaftClientReply:client-C9E345EC67ED->244f13ac-34be-4c4e-8e45-0c0272edbbb2@group-FE77C852EF02, cid=1285, SUCCESS, logIndex=1768, commits[244f13ac-34be-4c4e-8e45-0c0272edbbb2:c1769, 6287e41a-5356-4f55-84f2-270816d53e84:c1767, a2c18d3d-e79d-47c9-88fe-d8a1d195302b:c1767]
2019-08-23 11:31:31,539 | INFO  | DNAudit | user=null | ip=null | op=WRITE_CHUNK {blockData=conID: 3 locID: 102666069050261976 bcsId: 0} | ret=SUCCESS |  
2019-08-23 11:31:31,540 | INFO  | DNAudit | user=null | ip=null | op=WRITE_CHUNK {blockData=conID: 3 locID: 102666069050261976 bcsId: 0} | ret=SUCCESS |  
2019-08-23 11:31:31,540 | INFO  | DNAudit | user=null | ip=null | op=WRITE_CHUNK {blockData=conID: 3 locID: 102666069050261976 bcsId: 0} | ret=SUCCESS |  
2019-08-23 11:31:31,540 | INFO  | DNAudit | user=null | ip=null | op=PUT_BLOCK {blockData=[blockId=conID: 3 locID: 102666069050261976 bcsId: 0,size=2097152]} | ret=SUCCESS |  
2019-08-23 11:31:31,540 | INFO  | DNAudit | user=null | ip=null | op=PUT_BLOCK {blockData=[blockId=conID: 3 locID: 102666069050261976 bcsId: 0,size=1048576]} | ret=SUCCESS |  
2019-08-23 11:31:31,540 [grpc-default-executor-5] INFO  client.GrpcClientProtocolClient (GrpcClientProtocolClient.java:onNext(255)) - client-C9E345EC67ED->244f13ac-34be-4c4e-8e45-0c0272edbbb2: receive RaftClientReply:client-C9E345EC67ED->244f13ac-34be-4c4e-8e45-0c0272edbbb2@group-FE77C852EF02, cid=1286, SUCCESS, logIndex=1769, commits[244f13ac-34be-4c4e-8e45-0c0272edbbb2:c1771, 6287e41a-5356-4f55-84f2-270816d53e84:c1767, a2c18d3d-e79d-47c9-88fe-d8a1d195302b:c1767]
2019-08-23 11:31:31,540 | INFO  | DNAudit | user=null | ip=null | op=PUT_BLOCK {blockData=[blockId=conID: 3 locID: 102666069050261976 bcsId: 0,size=1048576]} | ret=SUCCESS |  
2019-08-23 11:31:31,540 [grpc-default-executor-5] INFO  client.GrpcClientProtocolClient (GrpcClientProtocolClient.java:onNext(255)) - client-C9E345EC67ED->244f13ac-34be-4c4e-8e45-0c0272edbbb2: receive RaftClientReply:client-C9E345EC67ED->244f13ac-34be-4c4e-8e45-0c0272edbbb2@group-FE77C852EF02, cid=1287, SUCCESS, logIndex=1770, commits[244f13ac-34be-4c4e-8e45-0c0272edbbb2:c1771, 6287e41a-5356-4f55-84f2-270816d53e84:c1767, a2c18d3d-e79d-47c9-88fe-d8a1d195302b:c1767]
2019-08-23 11:31:31,541 [grpc-default-executor-5] INFO  client.GrpcClientProtocolClient (GrpcClientProtocolClient.java:onNext(255)) - client-C9E345EC67ED->244f13ac-34be-4c4e-8e45-0c0272edbbb2: receive RaftClientReply:client-C9E345EC67ED->244f13ac-34be-4c4e-8e45-0c0272edbbb2@group-FE77C852EF02, cid=1288, SUCCESS, logIndex=1771, commits[244f13ac-34be-4c4e-8e45-0c0272edbbb2:c1772, 6287e41a-5356-4f55-84f2-270816d53e84:c1768, a2c18d3d-e79d-47c9-88fe-d8a1d195302b:c1768]
2019-08-23 11:31:31,541 | INFO  | DNAudit | user=null | ip=null | op=WRITE_CHUNK {blockData=conID: 3 locID: 102666069050261976 bcsId: 0} | ret=SUCCESS |  
2019-08-23 11:31:31,541 | INFO  | DNAudit | user=null | ip=null | op=PUT_BLOCK {blockData=[blockId=conID: 3 locID: 102666069050261976 bcsId: 0,size=2097152]} | ret=SUCCESS |  
2019-08-23 11:31:31,541 | INFO  | DNAudit | user=null | ip=null | op=WRITE_CHUNK {blockData=conID: 3 locID: 102666069050261976 bcsId: 0} | ret=SUCCESS |  
2019-08-23 11:31:31,542 | INFO  | DNAudit | user=null | ip=null | op=PUT_BLOCK {blockData=[blockId=conID: 3 locID: 102666069050261976 bcsId: 0,size=2097152]} | ret=SUCCESS |  
2019-08-23 11:31:31,542 [grpc-default-executor-4] INFO  client.GrpcClientProtocolClient (GrpcClientProtocolClient.java:onNext(255)) - client-C9E345EC67ED->244f13ac-34be-4c4e-8e45-0c0272edbbb2: receive RaftClientReply:client-C9E345EC67ED->244f13ac-34be-4c4e-8e45-0c0272edbbb2@group-FE77C852EF02, cid=1289, SUCCESS, logIndex=0, commits[244f13ac-34be-4c4e-8e45-0c0272edbbb2:c1775, 6287e41a-5356-4f55-84f2-270816d53e84:c1771, a2c18d3d-e79d-47c9-88fe-d8a1d195302b:c1769]
2019-08-23 11:31:31,547 | INFO  | DNAudit | user=null | ip=null | op=WRITE_CHUNK {blockData=conID: 3 locID: 102666069050261976 bcsId: 1771} | ret=SUCCESS |  
2019-08-23 11:31:31,550 | INFO  | DNAudit | user=null | ip=null | op=WRITE_CHUNK {blockData=conID: 3 locID: 102666069050261976 bcsId: 1771} | ret=SUCCESS |  
2019-08-23 11:31:31,550 | INFO  | DNAudit | user=null | ip=null | op=WRITE_CHUNK {blockData=conID: 3 locID: 102666069050261976 bcsId: 1771} | ret=SUCCESS |  
2019-08-23 11:31:31,557 | INFO  | SCMAudit | user=jenkins1000 | ip=192.168.5.185 | op=SEND_HEARTBEAT {datanodeUUID=b2c34899-c5c3-4720-9d95-984efeabf4a7, command=[]} | ret=SUCCESS |  
2019-08-23 11:31:31,557 | INFO  | SCMAudit | user=jenkins1000 | ip=192.168.5.185 | op=SEND_HEARTBEAT {datanodeUUID=0d166765-8492-4439-8677-f737a7bc54ca, command=[]} | ret=SUCCESS |  
2019-08-23 11:31:31,561 | INFO  | DNAudit | user=null | ip=null | op=WRITE_CHUNK {blockData=conID: 3 locID: 102666069050261976 bcsId: 1771} | ret=SUCCESS |  
2019-08-23 11:31:31,562 | INFO  | DNAudit | user=null | ip=null | op=PUT_BLOCK {blockData=[blockId=conID: 3 locID: 102666069050261976 bcsId: 0,size=3145728]} | ret=SUCCESS |  
2019-08-23 11:31:31,562 [grpc-default-executor-4] INFO  client.GrpcClientProtocolClient (GrpcClientProtocolClient.java:onNext(255)) - client-C9E345EC67ED->244f13ac-34be-4c4e-8e45-0c0272edbbb2: receive RaftClientReply:client-C9E345EC67ED->244f13ac-34be-4c4e-8e45-0c0272edbbb2@group-FE77C852EF02, cid=1290, SUCCESS, logIndex=1776, commits[244f13ac-34be-4c4e-8e45-0c0272edbbb2:c1777, 6287e41a-5356-4f55-84f2-270816d53e84:c1775, a2c18d3d-e79d-47c9-88fe-d8a1d195302b:c1775]
2019-08-23 11:31:31,562 [grpc-default-executor-4] INFO  client.GrpcClientProtocolClient (GrpcClientProtocolClient.java:onNext(255)) - client-C9E345EC67ED->244f13ac-34be-4c4e-8e45-0c0272edbbb2: receive RaftClientReply:client-C9E345EC67ED->244f13ac-34be-4c4e-8e45-0c0272edbbb2@group-FE77C852EF02, cid=1291, SUCCESS, logIndex=1777, commits[244f13ac-34be-4c4e-8e45-0c0272edbbb2:c1777, 6287e41a-5356-4f55-84f2-270816d53e84:c1775, a2c18d3d-e79d-47c9-88fe-d8a1d195302b:c1775]
2019-08-23 11:31:31,569 | INFO  | DNAudit | user=null | ip=null | op=WRITE_CHUNK {blockData=conID: 3 locID: 102666069050261976 bcsId: 1777} | ret=SUCCESS |  
2019-08-23 11:31:31,571 | INFO  | DNAudit | user=null | ip=null | op=WRITE_CHUNK {blockData=conID: 3 locID: 102666069050261976 bcsId: 1777} | ret=SUCCESS |  
2019-08-23 11:31:31,571 | INFO  | DNAudit | user=null | ip=null | op=WRITE_CHUNK {blockData=conID: 3 locID: 102666069050261976 bcsId: 1777} | ret=SUCCESS |  
2019-08-23 11:31:31,573 | INFO  | DNAudit | user=null | ip=null | op=WRITE_CHUNK {blockData=conID: 3 locID: 102666069050261976 bcsId: 1771} | ret=SUCCESS |  
2019-08-23 11:31:31,573 | INFO  | DNAudit | user=null | ip=null | op=WRITE_CHUNK {blockData=conID: 3 locID: 102666069050261976 bcsId: 1771} | ret=SUCCESS |  
2019-08-23 11:31:31,574 | INFO  | DNAudit | user=null | ip=null | op=PUT_BLOCK {blockData=[blockId=conID: 3 locID: 102666069050261976 bcsId: 0,size=3145728]} | ret=SUCCESS |  
2019-08-23 11:31:31,574 | INFO  | DNAudit | user=null | ip=null | op=PUT_BLOCK {blockData=[blockId=conID: 3 locID: 102666069050261976 bcsId: 0,size=3145728]} | ret=SUCCESS |  
2019-08-23 11:31:31,574 | INFO  | DNAudit | user=null | ip=null | op=WRITE_CHUNK {blockData=conID: 3 locID: 102666069050261976 bcsId: 1777} | ret=SUCCESS |  
2019-08-23 11:31:31,575 | INFO  | DNAudit | user=null | ip=null | op=PUT_BLOCK {blockData=[blockId=conID: 3 locID: 102666069050261976 bcsId: 0,size=4194304]} | ret=SUCCESS |  
2019-08-23 11:31:31,575 [grpc-default-executor-1] INFO  client.GrpcClientProtocolClient (GrpcClientProtocolClient.java:onNext(255)) - client-C9E345EC67ED->244f13ac-34be-4c4e-8e45-0c0272edbbb2: receive RaftClientReply:client-C9E345EC67ED->244f13ac-34be-4c4e-8e45-0c0272edbbb2@group-FE77C852EF02, cid=1292, SUCCESS, logIndex=1780, commits[244f13ac-34be-4c4e-8e45-0c0272edbbb2:c1781, 6287e41a-5356-4f55-84f2-270816d53e84:c1777, a2c18d3d-e79d-47c9-88fe-d8a1d195302b:c1777]
2019-08-23 11:31:31,575 [grpc-default-executor-1] INFO  client.GrpcClientProtocolClient (GrpcClientProtocolClient.java:onNext(255)) - client-C9E345EC67ED->244f13ac-34be-4c4e-8e45-0c0272edbbb2: receive RaftClientReply:client-C9E345EC67ED->244f13ac-34be-4c4e-8e45-0c0272edbbb2@group-FE77C852EF02, cid=1293, SUCCESS, logIndex=1781, commits[244f13ac-34be-4c4e-8e45-0c0272edbbb2:c1781, 6287e41a-5356-4f55-84f2-270816d53e84:c1777, a2c18d3d-e79d-47c9-88fe-d8a1d195302b:c1777]
2019-08-23 11:31:31,586 | INFO  | DNAudit | user=null | ip=null | op=WRITE_CHUNK {blockData=conID: 3 locID: 102666069050261976 bcsId: 1777} | ret=SUCCESS |  
2019-08-23 11:31:31,586 | INFO  | DNAudit | user=null | ip=null | op=WRITE_CHUNK {blockData=conID: 3 locID: 102666069050261976 bcsId: 1777} | ret=SUCCESS |  
2019-08-23 11:31:31,587 | INFO  | DNAudit | user=null | ip=null | op=PUT_BLOCK {blockData=[blockId=conID: 3 locID: 102666069050261976 bcsId: 0,size=4194304]} | ret=SUCCESS |  
2019-08-23 11:31:31,587 | INFO  | DNAudit | user=null | ip=null | op=PUT_BLOCK {blockData=[blockId=conID: 3 locID: 102666069050261976 bcsId: 0,size=4194304]} | ret=SUCCESS |  
2019-08-23 11:31:31,588 [grpc-default-executor-1] INFO  client.GrpcClientProtocolClient (GrpcClientProtocolClient.java:onNext(255)) - client-C9E345EC67ED->244f13ac-34be-4c4e-8e45-0c0272edbbb2: receive RaftClientReply:client-C9E345EC67ED->244f13ac-34be-4c4e-8e45-0c0272edbbb2@group-FE77C852EF02, cid=1294, SUCCESS, logIndex=0, commits[244f13ac-34be-4c4e-8e45-0c0272edbbb2:c1783, 6287e41a-5356-4f55-84f2-270816d53e84:c1781, a2c18d3d-e79d-47c9-88fe-d8a1d195302b:c1781]
2019-08-23 11:31:31,592 | INFO  | SCMAudit | user=jenkins1000 | ip=192.168.5.185 | op=ALLOCATE_BLOCK {owner=00a23185-76ea-47b5-a641-ad3cfbe5521a, size=4194304, type=RATIS, factor=THREE} | ret=SUCCESS |  
2019-08-23 11:31:31,595 | INFO  | OMAudit | user=jenkins1000 | ip=127.0.0.1 | op=ALLOCATE_BLOCK {volume=vol-0-37508, bucket=bucket-0-50919, key=key-0-57313, dataSize=0, replicationType=null, replicationFactor=null, keyLocationInfo=null, clientID=102666068570931602} | ret=SUCCESS |  
2019-08-23 11:31:31,601 | INFO  | DNAudit | user=null | ip=null | op=WRITE_CHUNK {blockData=conID: 1 locID: 102666069055373785 bcsId: 0} | ret=SUCCESS |  
2019-08-23 11:31:31,604 | INFO  | DNAudit | user=null | ip=null | op=WRITE_CHUNK {blockData=conID: 1 locID: 102666069055373785 bcsId: 0} | ret=SUCCESS |  
2019-08-23 11:31:31,604 | INFO  | DNAudit | user=null | ip=null | op=WRITE_CHUNK {blockData=conID: 1 locID: 102666069055373785 bcsId: 0} | ret=SUCCESS |  
2019-08-23 11:31:31,605 | INFO  | DNAudit | user=null | ip=null | op=WRITE_CHUNK {blockData=conID: 1 locID: 102666069055373785 bcsId: 0} | ret=SUCCESS |  
2019-08-23 11:31:31,606 | INFO  | DNAudit | user=null | ip=null | op=WRITE_CHUNK {blockData=conID: 1 locID: 102666069055373785 bcsId: 0} | ret=SUCCESS |  
2019-08-23 11:31:31,606 | INFO  | DNAudit | user=null | ip=null | op=WRITE_CHUNK {blockData=conID: 1 locID: 102666069055373785 bcsId: 0} | ret=SUCCESS |  
2019-08-23 11:31:31,617 | INFO  | DNAudit | user=null | ip=null | op=WRITE_CHUNK {blockData=conID: 1 locID: 102666069055373785 bcsId: 0} | ret=SUCCESS |  
2019-08-23 11:31:31,617 | INFO  | DNAudit | user=null | ip=null | op=PUT_BLOCK {blockData=[blockId=conID: 1 locID: 102666069055373785 bcsId: 0,size=1048576]} | ret=SUCCESS |  
2019-08-23 11:31:31,617 [grpc-default-executor-1] INFO  client.GrpcClientProtocolClient (GrpcClientProtocolClient.java:onNext(255)) - client-C9E345EC67ED->244f13ac-34be-4c4e-8e45-0c0272edbbb2: receive RaftClientReply:client-C9E345EC67ED->244f13ac-34be-4c4e-8e45-0c0272edbbb2@group-FE77C852EF02, cid=1295, SUCCESS, logIndex=1784, commits[244f13ac-34be-4c4e-8e45-0c0272edbbb2:c1786, 6287e41a-5356-4f55-84f2-270816d53e84:c1783, a2c18d3d-e79d-47c9-88fe-d8a1d195302b:c1783]
2019-08-23 11:31:31,617 | INFO  | DNAudit | user=null | ip=null | op=WRITE_CHUNK {blockData=conID: 1 locID: 102666069055373785 bcsId: 0} | ret=SUCCESS |  
2019-08-23 11:31:31,618 | INFO  | DNAudit | user=null | ip=null | op=PUT_BLOCK {blockData=[blockId=conID: 1 locID: 102666069055373785 bcsId: 0,size=2097152]} | ret=SUCCESS |  
2019-08-23 11:31:31,618 [grpc-default-executor-1] INFO  client.GrpcClientProtocolClient (GrpcClientProtocolClient.java:onNext(255)) - client-C9E345EC67ED->244f13ac-34be-4c4e-8e45-0c0272edbbb2: receive RaftClientReply:client-C9E345EC67ED->244f13ac-34be-4c4e-8e45-0c0272edbbb2@group-FE77C852EF02, cid=1296, SUCCESS, logIndex=1785, commits[244f13ac-34be-4c4e-8e45-0c0272edbbb2:c1787, 6287e41a-5356-4f55-84f2-270816d53e84:c1783, a2c18d3d-e79d-47c9-88fe-d8a1d195302b:c1783]
2019-08-23 11:31:31,618 | INFO  | DNAudit | user=null | ip=null | op=WRITE_CHUNK {blockData=conID: 1 locID: 102666069055373785 bcsId: 0} | ret=SUCCESS |  
2019-08-23 11:31:31,618 [grpc-default-executor-1] INFO  client.GrpcClientProtocolClient (GrpcClientProtocolClient.java:onNext(255)) - client-C9E345EC67ED->244f13ac-34be-4c4e-8e45-0c0272edbbb2: receive RaftClientReply:client-C9E345EC67ED->244f13ac-34be-4c4e-8e45-0c0272edbbb2@group-FE77C852EF02, cid=1297, SUCCESS, logIndex=1786, commits[244f13ac-34be-4c4e-8e45-0c0272edbbb2:c1787, 6287e41a-5356-4f55-84f2-270816d53e84:c1783, a2c18d3d-e79d-47c9-88fe-d8a1d195302b:c1783]
2019-08-23 11:31:31,618 [grpc-default-executor-1] INFO  client.GrpcClientProtocolClient (GrpcClientProtocolClient.java:onNext(255)) - client-C9E345EC67ED->244f13ac-34be-4c4e-8e45-0c0272edbbb2: receive RaftClientReply:client-C9E345EC67ED->244f13ac-34be-4c4e-8e45-0c0272edbbb2@group-FE77C852EF02, cid=1298, SUCCESS, logIndex=1787, commits[244f13ac-34be-4c4e-8e45-0c0272edbbb2:c1787, 6287e41a-5356-4f55-84f2-270816d53e84:c1783, a2c18d3d-e79d-47c9-88fe-d8a1d195302b:c1783]
2019-08-23 11:31:31,618 | INFO  | DNAudit | user=null | ip=null | op=WRITE_CHUNK {blockData=conID: 1 locID: 102666069055373785 bcsId: 0} | ret=SUCCESS |  
2019-08-23 11:31:31,619 | INFO  | DNAudit | user=null | ip=null | op=PUT_BLOCK {blockData=[blockId=conID: 1 locID: 102666069055373785 bcsId: 0,size=1048576]} | ret=SUCCESS |  
2019-08-23 11:31:31,619 | INFO  | DNAudit | user=null | ip=null | op=WRITE_CHUNK {blockData=conID: 1 locID: 102666069055373785 bcsId: 0} | ret=SUCCESS |  
2019-08-23 11:31:31,619 | INFO  | DNAudit | user=null | ip=null | op=PUT_BLOCK {blockData=[blockId=conID: 1 locID: 102666069055373785 bcsId: 0,size=2097152]} | ret=SUCCESS |  
2019-08-23 11:31:31,619 | INFO  | DNAudit | user=null | ip=null | op=PUT_BLOCK {blockData=[blockId=conID: 1 locID: 102666069055373785 bcsId: 0,size=1048576]} | ret=SUCCESS |  
2019-08-23 11:31:31,620 | INFO  | DNAudit | user=null | ip=null | op=WRITE_CHUNK {blockData=conID: 1 locID: 102666069055373785 bcsId: 0} | ret=SUCCESS |  
2019-08-23 11:31:31,620 | INFO  | DNAudit | user=null | ip=null | op=PUT_BLOCK {blockData=[blockId=conID: 1 locID: 102666069055373785 bcsId: 0,size=2097152]} | ret=SUCCESS |  
2019-08-23 11:31:31,620 [grpc-default-executor-1] INFO  client.GrpcClientProtocolClient (GrpcClientProtocolClient.java:onNext(255)) - client-C9E345EC67ED->244f13ac-34be-4c4e-8e45-0c0272edbbb2: receive RaftClientReply:client-C9E345EC67ED->244f13ac-34be-4c4e-8e45-0c0272edbbb2@group-FE77C852EF02, cid=1299, SUCCESS, logIndex=0, commits[244f13ac-34be-4c4e-8e45-0c0272edbbb2:c1791, 6287e41a-5356-4f55-84f2-270816d53e84:c1785, a2c18d3d-e79d-47c9-88fe-d8a1d195302b:c1787]
2019-08-23 11:31:31,626 | INFO  | DNAudit | user=null | ip=null | op=WRITE_CHUNK {blockData=conID: 1 locID: 102666069055373785 bcsId: 1787} | ret=SUCCESS |  
2019-08-23 11:31:31,628 | INFO  | DNAudit | user=null | ip=null | op=WRITE_CHUNK {blockData=conID: 1 locID: 102666069055373785 bcsId: 1787} | ret=SUCCESS |  
2019-08-23 11:31:31,629 | INFO  | DNAudit | user=null | ip=null | op=WRITE_CHUNK {blockData=conID: 1 locID: 102666069055373785 bcsId: 1787} | ret=SUCCESS |  
2019-08-23 11:31:31,638 | INFO  | DNAudit | user=null | ip=null | op=WRITE_CHUNK {blockData=conID: 1 locID: 102666069055373785 bcsId: 1787} | ret=SUCCESS |  
2019-08-23 11:31:31,639 | INFO  | DNAudit | user=null | ip=null | op=PUT_BLOCK {blockData=[blockId=conID: 1 locID: 102666069055373785 bcsId: 0,size=3145728]} | ret=SUCCESS |  
2019-08-23 11:31:31,639 [grpc-default-executor-2] INFO  client.GrpcClientProtocolClient (GrpcClientProtocolClient.java:onNext(255)) - client-C9E345EC67ED->244f13ac-34be-4c4e-8e45-0c0272edbbb2: receive RaftClientReply:client-C9E345EC67ED->244f13ac-34be-4c4e-8e45-0c0272edbbb2@group-FE77C852EF02, cid=1300, SUCCESS, logIndex=1792, commits[244f13ac-34be-4c4e-8e45-0c0272edbbb2:c1793, 6287e41a-5356-4f55-84f2-270816d53e84:c1791, a2c18d3d-e79d-47c9-88fe-d8a1d195302b:c1791]
2019-08-23 11:31:31,639 [grpc-default-executor-2] INFO  client.GrpcClientProtocolClient (GrpcClientProtocolClient.java:onNext(255)) - client-C9E345EC67ED->244f13ac-34be-4c4e-8e45-0c0272edbbb2: receive RaftClientReply:client-C9E345EC67ED->244f13ac-34be-4c4e-8e45-0c0272edbbb2@group-FE77C852EF02, cid=1301, SUCCESS, logIndex=1793, commits[244f13ac-34be-4c4e-8e45-0c0272edbbb2:c1793, 6287e41a-5356-4f55-84f2-270816d53e84:c1791, a2c18d3d-e79d-47c9-88fe-d8a1d195302b:c1791]
2019-08-23 11:31:31,645 | INFO  | DNAudit | user=null | ip=null | op=WRITE_CHUNK {blockData=conID: 1 locID: 102666069055373785 bcsId: 1793} | ret=SUCCESS |  
2019-08-23 11:31:31,647 | INFO  | DNAudit | user=null | ip=null | op=WRITE_CHUNK {blockData=conID: 1 locID: 102666069055373785 bcsId: 1793} | ret=SUCCESS |  
2019-08-23 11:31:31,648 | INFO  | DNAudit | user=null | ip=null | op=WRITE_CHUNK {blockData=conID: 1 locID: 102666069055373785 bcsId: 1793} | ret=SUCCESS |  
2019-08-23 11:31:31,650 | INFO  | DNAudit | user=null | ip=null | op=WRITE_CHUNK {blockData=conID: 1 locID: 102666069055373785 bcsId: 1787} | ret=SUCCESS |  
2019-08-23 11:31:31,650 | INFO  | DNAudit | user=null | ip=null | op=WRITE_CHUNK {blockData=conID: 1 locID: 102666069055373785 bcsId: 1787} | ret=SUCCESS |  
2019-08-23 11:31:31,650 | INFO  | DNAudit | user=null | ip=null | op=PUT_BLOCK {blockData=[blockId=conID: 1 locID: 102666069055373785 bcsId: 0,size=3145728]} | ret=SUCCESS |  
2019-08-23 11:31:31,650 | INFO  | DNAudit | user=null | ip=null | op=PUT_BLOCK {blockData=[blockId=conID: 1 locID: 102666069055373785 bcsId: 0,size=3145728]} | ret=SUCCESS |  
2019-08-23 11:31:31,652 | INFO  | DNAudit | user=null | ip=null | op=WRITE_CHUNK {blockData=conID: 1 locID: 102666069055373785 bcsId: 1793} | ret=SUCCESS |  
2019-08-23 11:31:31,652 | INFO  | DNAudit | user=null | ip=null | op=PUT_BLOCK {blockData=[blockId=conID: 1 locID: 102666069055373785 bcsId: 0,size=4194304]} | ret=SUCCESS |  
2019-08-23 11:31:31,652 [grpc-default-executor-2] INFO  client.GrpcClientProtocolClient (GrpcClientProtocolClient.java:onNext(255)) - client-C9E345EC67ED->244f13ac-34be-4c4e-8e45-0c0272edbbb2: receive RaftClientReply:client-C9E345EC67ED->244f13ac-34be-4c4e-8e45-0c0272edbbb2@group-FE77C852EF02, cid=1302, SUCCESS, logIndex=1796, commits[244f13ac-34be-4c4e-8e45-0c0272edbbb2:c1797, 6287e41a-5356-4f55-84f2-270816d53e84:c1793, a2c18d3d-e79d-47c9-88fe-d8a1d195302b:c1793]
2019-08-23 11:31:31,652 [grpc-default-executor-2] INFO  client.GrpcClientProtocolClient (GrpcClientProtocolClient.java:onNext(255)) - client-C9E345EC67ED->244f13ac-34be-4c4e-8e45-0c0272edbbb2: receive RaftClientReply:client-C9E345EC67ED->244f13ac-34be-4c4e-8e45-0c0272edbbb2@group-FE77C852EF02, cid=1303, SUCCESS, logIndex=1797, commits[244f13ac-34be-4c4e-8e45-0c0272edbbb2:c1797, 6287e41a-5356-4f55-84f2-270816d53e84:c1793, a2c18d3d-e79d-47c9-88fe-d8a1d195302b:c1793]
2019-08-23 11:31:31,663 | INFO  | DNAudit | user=null | ip=null | op=WRITE_CHUNK {blockData=conID: 1 locID: 102666069055373785 bcsId: 1793} | ret=SUCCESS |  
2019-08-23 11:31:31,663 | INFO  | DNAudit | user=null | ip=null | op=WRITE_CHUNK {blockData=conID: 1 locID: 102666069055373785 bcsId: 1793} | ret=SUCCESS |  
2019-08-23 11:31:31,664 | INFO  | DNAudit | user=null | ip=null | op=PUT_BLOCK {blockData=[blockId=conID: 1 locID: 102666069055373785 bcsId: 0,size=4194304]} | ret=SUCCESS |  
2019-08-23 11:31:31,664 | INFO  | DNAudit | user=null | ip=null | op=PUT_BLOCK {blockData=[blockId=conID: 1 locID: 102666069055373785 bcsId: 0,size=4194304]} | ret=SUCCESS |  
2019-08-23 11:31:31,665 [grpc-default-executor-2] INFO  client.GrpcClientProtocolClient (GrpcClientProtocolClient.java:onNext(255)) - client-C9E345EC67ED->244f13ac-34be-4c4e-8e45-0c0272edbbb2: receive RaftClientReply:client-C9E345EC67ED->244f13ac-34be-4c4e-8e45-0c0272edbbb2@group-FE77C852EF02, cid=1304, SUCCESS, logIndex=0, commits[244f13ac-34be-4c4e-8e45-0c0272edbbb2:c1798, 6287e41a-5356-4f55-84f2-270816d53e84:c1797, a2c18d3d-e79d-47c9-88fe-d8a1d195302b:c1797]
2019-08-23 11:31:31,669 | INFO  | SCMAudit | user=jenkins1000 | ip=192.168.5.185 | op=ALLOCATE_BLOCK {owner=00a23185-76ea-47b5-a641-ad3cfbe5521a, size=4194304, type=RATIS, factor=THREE} | ret=SUCCESS |  
2019-08-23 11:31:31,671 | INFO  | OMAudit | user=jenkins1000 | ip=127.0.0.1 | op=ALLOCATE_BLOCK {volume=vol-0-37508, bucket=bucket-0-50919, key=key-0-57313, dataSize=0, replicationType=null, replicationFactor=null, keyLocationInfo=null, clientID=102666068570931602} | ret=SUCCESS |  
2019-08-23 11:31:31,677 | INFO  | DNAudit | user=null | ip=null | op=WRITE_CHUNK {blockData=conID: 2 locID: 102666069060420058 bcsId: 0} | ret=SUCCESS |  
2019-08-23 11:31:31,679 | INFO  | DNAudit | user=null | ip=null | op=WRITE_CHUNK {blockData=conID: 2 locID: 102666069060420058 bcsId: 0} | ret=SUCCESS |  
2019-08-23 11:31:31,679 | INFO  | DNAudit | user=null | ip=null | op=WRITE_CHUNK {blockData=conID: 2 locID: 102666069060420058 bcsId: 0} | ret=SUCCESS |  
2019-08-23 11:31:31,680 | INFO  | DNAudit | user=null | ip=null | op=WRITE_CHUNK {blockData=conID: 2 locID: 102666069060420058 bcsId: 0} | ret=SUCCESS |  
2019-08-23 11:31:31,681 | INFO  | DNAudit | user=null | ip=null | op=WRITE_CHUNK {blockData=conID: 2 locID: 102666069060420058 bcsId: 0} | ret=SUCCESS |  
2019-08-23 11:31:31,681 | INFO  | DNAudit | user=null | ip=null | op=WRITE_CHUNK {blockData=conID: 2 locID: 102666069060420058 bcsId: 0} | ret=SUCCESS |  
2019-08-23 11:31:31,689 | INFO  | DNAudit | user=null | ip=null | op=WRITE_CHUNK {blockData=conID: 2 locID: 102666069060420058 bcsId: 0} | ret=SUCCESS |  
2019-08-23 11:31:31,690 | INFO  | DNAudit | user=null | ip=null | op=PUT_BLOCK {blockData=[blockId=conID: 2 locID: 102666069060420058 bcsId: 0,size=1048576]} | ret=SUCCESS |  
2019-08-23 11:31:31,690 [grpc-default-executor-5] INFO  client.GrpcClientProtocolClient (GrpcClientProtocolClient.java:onNext(255)) - client-C9E345EC67ED->244f13ac-34be-4c4e-8e45-0c0272edbbb2: receive RaftClientReply:client-C9E345EC67ED->244f13ac-34be-4c4e-8e45-0c0272edbbb2@group-FE77C852EF02, cid=1305, SUCCESS, logIndex=1800, commits[244f13ac-34be-4c4e-8e45-0c0272edbbb2:c1801, 6287e41a-5356-4f55-84f2-270816d53e84:c1799, a2c18d3d-e79d-47c9-88fe-d8a1d195302b:c1799]
2019-08-23 11:31:31,691 | INFO  | DNAudit | user=null | ip=null | op=WRITE_CHUNK {blockData=conID: 2 locID: 102666069060420058 bcsId: 0} | ret=SUCCESS |  
2019-08-23 11:31:31,691 [grpc-default-executor-5] INFO  client.GrpcClientProtocolClient (GrpcClientProtocolClient.java:onNext(255)) - client-C9E345EC67ED->244f13ac-34be-4c4e-8e45-0c0272edbbb2: receive RaftClientReply:client-C9E345EC67ED->244f13ac-34be-4c4e-8e45-0c0272edbbb2@group-FE77C852EF02, cid=1306, SUCCESS, logIndex=1801, commits[244f13ac-34be-4c4e-8e45-0c0272edbbb2:c1801, 6287e41a-5356-4f55-84f2-270816d53e84:c1799, a2c18d3d-e79d-47c9-88fe-d8a1d195302b:c1799]
2019-08-23 11:31:31,691 | INFO  | DNAudit | user=null | ip=null | op=PUT_BLOCK {blockData=[blockId=conID: 2 locID: 102666069060420058 bcsId: 0,size=2097152]} | ret=SUCCESS |  
2019-08-23 11:31:31,691 [grpc-default-executor-5] INFO  client.GrpcClientProtocolClient (GrpcClientProtocolClient.java:onNext(255)) - client-C9E345EC67ED->244f13ac-34be-4c4e-8e45-0c0272edbbb2: receive RaftClientReply:client-C9E345EC67ED->244f13ac-34be-4c4e-8e45-0c0272edbbb2@group-FE77C852EF02, cid=1307, SUCCESS, logIndex=1802, commits[244f13ac-34be-4c4e-8e45-0c0272edbbb2:c1803, 6287e41a-5356-4f55-84f2-270816d53e84:c1799, a2c18d3d-e79d-47c9-88fe-d8a1d195302b:c1799]
2019-08-23 11:31:31,691 | INFO  | DNAudit | user=null | ip=null | op=WRITE_CHUNK {blockData=conID: 2 locID: 102666069060420058 bcsId: 0} | ret=SUCCESS |  
2019-08-23 11:31:31,691 | INFO  | DNAudit | user=null | ip=null | op=WRITE_CHUNK {blockData=conID: 2 locID: 102666069060420058 bcsId: 0} | ret=SUCCESS |  
2019-08-23 11:31:31,691 | INFO  | DNAudit | user=null | ip=null | op=PUT_BLOCK {blockData=[blockId=conID: 2 locID: 102666069060420058 bcsId: 0,size=1048576]} | ret=SUCCESS |  
2019-08-23 11:31:31,692 | INFO  | DNAudit | user=null | ip=null | op=PUT_BLOCK {blockData=[blockId=conID: 2 locID: 102666069060420058 bcsId: 0,size=1048576]} | ret=SUCCESS |  
2019-08-23 11:31:31,692 [grpc-default-executor-5] INFO  client.GrpcClientProtocolClient (GrpcClientProtocolClient.java:onNext(255)) - client-C9E345EC67ED->244f13ac-34be-4c4e-8e45-0c0272edbbb2: receive RaftClientReply:client-C9E345EC67ED->244f13ac-34be-4c4e-8e45-0c0272edbbb2@group-FE77C852EF02, cid=1308, SUCCESS, logIndex=1803, commits[244f13ac-34be-4c4e-8e45-0c0272edbbb2:c1803, 6287e41a-5356-4f55-84f2-270816d53e84:c1799, a2c18d3d-e79d-47c9-88fe-d8a1d195302b:c1799]
2019-08-23 11:31:31,693 | INFO  | DNAudit | user=null | ip=null | op=WRITE_CHUNK {blockData=conID: 2 locID: 102666069060420058 bcsId: 0} | ret=SUCCESS |  
2019-08-23 11:31:31,693 | INFO  | DNAudit | user=null | ip=null | op=WRITE_CHUNK {blockData=conID: 2 locID: 102666069060420058 bcsId: 0} | ret=SUCCESS |  
2019-08-23 11:31:31,693 | INFO  | DNAudit | user=null | ip=null | op=PUT_BLOCK {blockData=[blockId=conID: 2 locID: 102666069060420058 bcsId: 0,size=2097152]} | ret=SUCCESS |  
2019-08-23 11:31:31,693 | INFO  | DNAudit | user=null | ip=null | op=PUT_BLOCK {blockData=[blockId=conID: 2 locID: 102666069060420058 bcsId: 0,size=2097152]} | ret=SUCCESS |  
2019-08-23 11:31:31,693 [grpc-default-executor-5] INFO  client.GrpcClientProtocolClient (GrpcClientProtocolClient.java:onNext(255)) - client-C9E345EC67ED->244f13ac-34be-4c4e-8e45-0c0272edbbb2: receive RaftClientReply:client-C9E345EC67ED->244f13ac-34be-4c4e-8e45-0c0272edbbb2@group-FE77C852EF02, cid=1309, SUCCESS, logIndex=0, commits[244f13ac-34be-4c4e-8e45-0c0272edbbb2:c1805, 6287e41a-5356-4f55-84f2-270816d53e84:c1801, a2c18d3d-e79d-47c9-88fe-d8a1d195302b:c1801]
2019-08-23 11:31:31,698 | INFO  | DNAudit | user=null | ip=null | op=WRITE_CHUNK {blockData=conID: 2 locID: 102666069060420058 bcsId: 1803} | ret=SUCCESS |  
2019-08-23 11:31:31,700 | INFO  | DNAudit | user=null | ip=null | op=WRITE_CHUNK {blockData=conID: 2 locID: 102666069060420058 bcsId: 1803} | ret=SUCCESS |  
2019-08-23 11:31:31,700 | INFO  | DNAudit | user=null | ip=null | op=WRITE_CHUNK {blockData=conID: 2 locID: 102666069060420058 bcsId: 1803} | ret=SUCCESS |  
2019-08-23 11:31:31,713 | INFO  | DNAudit | user=null | ip=null | op=WRITE_CHUNK {blockData=conID: 2 locID: 102666069060420058 bcsId: 1803} | ret=SUCCESS |  
2019-08-23 11:31:31,714 | INFO  | DNAudit | user=null | ip=null | op=PUT_BLOCK {blockData=[blockId=conID: 2 locID: 102666069060420058 bcsId: 0,size=3145728]} | ret=SUCCESS |  
2019-08-23 11:31:31,714 [grpc-default-executor-4] INFO  client.GrpcClientProtocolClient (GrpcClientProtocolClient.java:onNext(255)) - client-C9E345EC67ED->244f13ac-34be-4c4e-8e45-0c0272edbbb2: receive RaftClientReply:client-C9E345EC67ED->244f13ac-34be-4c4e-8e45-0c0272edbbb2@group-FE77C852EF02, cid=1310, SUCCESS, logIndex=1808, commits[244f13ac-34be-4c4e-8e45-0c0272edbbb2:c1809, 6287e41a-5356-4f55-84f2-270816d53e84:c1807, a2c18d3d-e79d-47c9-88fe-d8a1d195302b:c1807]
2019-08-23 11:31:31,714 [grpc-default-executor-4] INFO  client.GrpcClientProtocolClient (GrpcClientProtocolClient.java:onNext(255)) - client-C9E345EC67ED->244f13ac-34be-4c4e-8e45-0c0272edbbb2: receive RaftClientReply:client-C9E345EC67ED->244f13ac-34be-4c4e-8e45-0c0272edbbb2@group-FE77C852EF02, cid=1311, SUCCESS, logIndex=1809, commits[244f13ac-34be-4c4e-8e45-0c0272edbbb2:c1809, 6287e41a-5356-4f55-84f2-270816d53e84:c1807, a2c18d3d-e79d-47c9-88fe-d8a1d195302b:c1807]
2019-08-23 11:31:31,720 | INFO  | DNAudit | user=null | ip=null | op=WRITE_CHUNK {blockData=conID: 2 locID: 102666069060420058 bcsId: 1809} | ret=SUCCESS |  
2019-08-23 11:31:31,722 | INFO  | DNAudit | user=null | ip=null | op=WRITE_CHUNK {blockData=conID: 2 locID: 102666069060420058 bcsId: 1809} | ret=SUCCESS |  
2019-08-23 11:31:31,722 | INFO  | DNAudit | user=null | ip=null | op=WRITE_CHUNK {blockData=conID: 2 locID: 102666069060420058 bcsId: 1809} | ret=SUCCESS |  
2019-08-23 11:31:31,725 | INFO  | DNAudit | user=null | ip=null | op=WRITE_CHUNK {blockData=conID: 2 locID: 102666069060420058 bcsId: 1803} | ret=SUCCESS |  
2019-08-23 11:31:31,725 | INFO  | DNAudit | user=null | ip=null | op=WRITE_CHUNK {blockData=conID: 2 locID: 102666069060420058 bcsId: 1803} | ret=SUCCESS |  
2019-08-23 11:31:31,725 | INFO  | DNAudit | user=null | ip=null | op=PUT_BLOCK {blockData=[blockId=conID: 2 locID: 102666069060420058 bcsId: 0,size=3145728]} | ret=SUCCESS |  
2019-08-23 11:31:31,726 | INFO  | DNAudit | user=null | ip=null | op=PUT_BLOCK {blockData=[blockId=conID: 2 locID: 102666069060420058 bcsId: 0,size=3145728]} | ret=SUCCESS |  
2019-08-23 11:31:31,726 | INFO  | DNAudit | user=null | ip=null | op=WRITE_CHUNK {blockData=conID: 2 locID: 102666069060420058 bcsId: 1809} | ret=SUCCESS |  
2019-08-23 11:31:31,727 | INFO  | DNAudit | user=null | ip=null | op=PUT_BLOCK {blockData=[blockId=conID: 2 locID: 102666069060420058 bcsId: 0,size=4194304]} | ret=SUCCESS |  
2019-08-23 11:31:31,727 [grpc-default-executor-5] INFO  client.GrpcClientProtocolClient (GrpcClientProtocolClient.java:onNext(255)) - client-C9E345EC67ED->244f13ac-34be-4c4e-8e45-0c0272edbbb2: receive RaftClientReply:client-C9E345EC67ED->244f13ac-34be-4c4e-8e45-0c0272edbbb2@group-FE77C852EF02, cid=1312, SUCCESS, logIndex=1812, commits[244f13ac-34be-4c4e-8e45-0c0272edbbb2:c1813, 6287e41a-5356-4f55-84f2-270816d53e84:c1809, a2c18d3d-e79d-47c9-88fe-d8a1d195302b:c1809]
2019-08-23 11:31:31,727 [grpc-default-executor-5] INFO  client.GrpcClientProtocolClient (GrpcClientProtocolClient.java:onNext(255)) - client-C9E345EC67ED->244f13ac-34be-4c4e-8e45-0c0272edbbb2: receive RaftClientReply:client-C9E345EC67ED->244f13ac-34be-4c4e-8e45-0c0272edbbb2@group-FE77C852EF02, cid=1313, SUCCESS, logIndex=1813, commits[244f13ac-34be-4c4e-8e45-0c0272edbbb2:c1813, 6287e41a-5356-4f55-84f2-270816d53e84:c1809, a2c18d3d-e79d-47c9-88fe-d8a1d195302b:c1809]
2019-08-23 11:31:31,738 | INFO  | DNAudit | user=null | ip=null | op=WRITE_CHUNK {blockData=conID: 2 locID: 102666069060420058 bcsId: 1809} | ret=SUCCESS |  
2019-08-23 11:31:31,738 | INFO  | DNAudit | user=null | ip=null | op=WRITE_CHUNK {blockData=conID: 2 locID: 102666069060420058 bcsId: 1809} | ret=SUCCESS |  
2019-08-23 11:31:31,739 | INFO  | DNAudit | user=null | ip=null | op=PUT_BLOCK {blockData=[blockId=conID: 2 locID: 102666069060420058 bcsId: 0,size=4194304]} | ret=SUCCESS |  
2019-08-23 11:31:31,739 | INFO  | DNAudit | user=null | ip=null | op=PUT_BLOCK {blockData=[blockId=conID: 2 locID: 102666069060420058 bcsId: 0,size=4194304]} | ret=SUCCESS |  
2019-08-23 11:31:31,740 [grpc-default-executor-5] INFO  client.GrpcClientProtocolClient (GrpcClientProtocolClient.java:onNext(255)) - client-C9E345EC67ED->244f13ac-34be-4c4e-8e45-0c0272edbbb2: receive RaftClientReply:client-C9E345EC67ED->244f13ac-34be-4c4e-8e45-0c0272edbbb2@group-FE77C852EF02, cid=1314, SUCCESS, logIndex=0, commits[244f13ac-34be-4c4e-8e45-0c0272edbbb2:c1815, 6287e41a-5356-4f55-84f2-270816d53e84:c1813, a2c18d3d-e79d-47c9-88fe-d8a1d195302b:c1813]
2019-08-23 11:31:31,743 | INFO  | SCMAudit | user=jenkins1000 | ip=192.168.5.185 | op=ALLOCATE_BLOCK {owner=00a23185-76ea-47b5-a641-ad3cfbe5521a, size=4194304, type=RATIS, factor=THREE} | ret=SUCCESS |  
2019-08-23 11:31:31,745 | INFO  | OMAudit | user=jenkins1000 | ip=127.0.0.1 | op=ALLOCATE_BLOCK {volume=vol-0-37508, bucket=bucket-0-50919, key=key-0-57313, dataSize=0, replicationType=null, replicationFactor=null, keyLocationInfo=null, clientID=102666068570931602} | ret=SUCCESS |  
2019-08-23 11:31:31,751 | INFO  | DNAudit | user=null | ip=null | op=WRITE_CHUNK {blockData=conID: 3 locID: 102666069065269723 bcsId: 0} | ret=SUCCESS |  
2019-08-23 11:31:31,753 | INFO  | DNAudit | user=null | ip=null | op=WRITE_CHUNK {blockData=conID: 3 locID: 102666069065269723 bcsId: 0} | ret=SUCCESS |  
2019-08-23 11:31:31,754 | INFO  | DNAudit | user=null | ip=null | op=WRITE_CHUNK {blockData=conID: 3 locID: 102666069065269723 bcsId: 0} | ret=SUCCESS |  
2019-08-23 11:31:31,754 | INFO  | DNAudit | user=null | ip=null | op=WRITE_CHUNK {blockData=conID: 3 locID: 102666069065269723 bcsId: 0} | ret=SUCCESS |  
2019-08-23 11:31:31,756 | INFO  | DNAudit | user=null | ip=null | op=WRITE_CHUNK {blockData=conID: 3 locID: 102666069065269723 bcsId: 0} | ret=SUCCESS |  
2019-08-23 11:31:31,756 | INFO  | DNAudit | user=null | ip=null | op=WRITE_CHUNK {blockData=conID: 3 locID: 102666069065269723 bcsId: 0} | ret=SUCCESS |  
2019-08-23 11:31:31,756 | INFO  | DNAudit | user=null | ip=null | op=PUT_BLOCK {blockData=[blockId=conID: 3 locID: 102666069065269723 bcsId: 0,size=1048576]} | ret=SUCCESS |  
2019-08-23 11:31:31,756 | INFO  | DNAudit | user=null | ip=null | op=WRITE_CHUNK {blockData=conID: 3 locID: 102666069065269723 bcsId: 0} | ret=SUCCESS |  
2019-08-23 11:31:31,756 [grpc-default-executor-4] INFO  client.GrpcClientProtocolClient (GrpcClientProtocolClient.java:onNext(255)) - client-C9E345EC67ED->244f13ac-34be-4c4e-8e45-0c0272edbbb2: receive RaftClientReply:client-C9E345EC67ED->244f13ac-34be-4c4e-8e45-0c0272edbbb2@group-FE77C852EF02, cid=1315, SUCCESS, logIndex=1816, commits[244f13ac-34be-4c4e-8e45-0c0272edbbb2:c1817, 6287e41a-5356-4f55-84f2-270816d53e84:c1813, a2c18d3d-e79d-47c9-88fe-d8a1d195302b:c1815]
2019-08-23 11:31:31,757 [grpc-default-executor-4] INFO  client.GrpcClientProtocolClient (GrpcClientProtocolClient.java:onNext(255)) - client-C9E345EC67ED->244f13ac-34be-4c4e-8e45-0c0272edbbb2: receive RaftClientReply:client-C9E345EC67ED->244f13ac-34be-4c4e-8e45-0c0272edbbb2@group-FE77C852EF02, cid=1316, SUCCESS, logIndex=1817, commits[244f13ac-34be-4c4e-8e45-0c0272edbbb2:c1817, 6287e41a-5356-4f55-84f2-270816d53e84:c1813, a2c18d3d-e79d-47c9-88fe-d8a1d195302b:c1815]
2019-08-23 11:31:31,768 | INFO  | DNAudit | user=null | ip=null | op=WRITE_CHUNK {blockData=conID: 3 locID: 102666069065269723 bcsId: 0} | ret=SUCCESS |  
2019-08-23 11:31:31,768 | INFO  | DNAudit | user=null | ip=null | op=WRITE_CHUNK {blockData=conID: 3 locID: 102666069065269723 bcsId: 0} | ret=SUCCESS |  
2019-08-23 11:31:31,768 | INFO  | DNAudit | user=null | ip=null | op=WRITE_CHUNK {blockData=conID: 3 locID: 102666069065269723 bcsId: 0} | ret=SUCCESS |  
2019-08-23 11:31:31,768 | INFO  | DNAudit | user=null | ip=null | op=PUT_BLOCK {blockData=[blockId=conID: 3 locID: 102666069065269723 bcsId: 0,size=1048576]} | ret=SUCCESS |  
2019-08-23 11:31:31,768 | INFO  | DNAudit | user=null | ip=null | op=PUT_BLOCK {blockData=[blockId=conID: 3 locID: 102666069065269723 bcsId: 0,size=1048576]} | ret=SUCCESS |  
2019-08-23 11:31:31,768 | INFO  | DNAudit | user=null | ip=null | op=PUT_BLOCK {blockData=[blockId=conID: 3 locID: 102666069065269723 bcsId: 0,size=2097152]} | ret=SUCCESS |  
2019-08-23 11:31:31,768 [grpc-default-executor-5] INFO  client.GrpcClientProtocolClient (GrpcClientProtocolClient.java:onNext(255)) - client-C9E345EC67ED->244f13ac-34be-4c4e-8e45-0c0272edbbb2: receive RaftClientReply:client-C9E345EC67ED->244f13ac-34be-4c4e-8e45-0c0272edbbb2@group-FE77C852EF02, cid=1317, SUCCESS, logIndex=1818, commits[244f13ac-34be-4c4e-8e45-0c0272edbbb2:c1820, 6287e41a-5356-4f55-84f2-270816d53e84:c1815, a2c18d3d-e79d-47c9-88fe-d8a1d195302b:c1817]
2019-08-23 11:31:31,769 [grpc-default-executor-5] INFO  client.GrpcClientProtocolClient (GrpcClientProtocolClient.java:onNext(255)) - client-C9E345EC67ED->244f13ac-34be-4c4e-8e45-0c0272edbbb2: receive RaftClientReply:client-C9E345EC67ED->244f13ac-34be-4c4e-8e45-0c0272edbbb2@group-FE77C852EF02, cid=1318, SUCCESS, logIndex=1819, commits[244f13ac-34be-4c4e-8e45-0c0272edbbb2:c1821, 6287e41a-5356-4f55-84f2-270816d53e84:c1817, a2c18d3d-e79d-47c9-88fe-d8a1d195302b:c1817]
2019-08-23 11:31:31,769 | INFO  | DNAudit | user=null | ip=null | op=WRITE_CHUNK {blockData=conID: 3 locID: 102666069065269723 bcsId: 0} | ret=SUCCESS |  
2019-08-23 11:31:31,769 | INFO  | DNAudit | user=null | ip=null | op=WRITE_CHUNK {blockData=conID: 3 locID: 102666069065269723 bcsId: 0} | ret=SUCCESS |  
2019-08-23 11:31:31,769 | INFO  | DNAudit | user=null | ip=null | op=PUT_BLOCK {blockData=[blockId=conID: 3 locID: 102666069065269723 bcsId: 0,size=2097152]} | ret=SUCCESS |  
2019-08-23 11:31:31,769 | INFO  | DNAudit | user=null | ip=null | op=PUT_BLOCK {blockData=[blockId=conID: 3 locID: 102666069065269723 bcsId: 0,size=2097152]} | ret=SUCCESS |  
2019-08-23 11:31:31,774 | INFO  | DNAudit | user=null | ip=null | op=WRITE_CHUNK {blockData=conID: 3 locID: 102666069065269723 bcsId: 1819} | ret=SUCCESS |  
2019-08-23 11:31:31,776 | INFO  | DNAudit | user=null | ip=null | op=WRITE_CHUNK {blockData=conID: 3 locID: 102666069065269723 bcsId: 1819} | ret=SUCCESS |  
2019-08-23 11:31:31,776 | INFO  | DNAudit | user=null | ip=null | op=WRITE_CHUNK {blockData=conID: 3 locID: 102666069065269723 bcsId: 1819} | ret=SUCCESS |  
2019-08-23 11:31:31,787 | INFO  | DNAudit | user=null | ip=null | op=WRITE_CHUNK {blockData=conID: 3 locID: 102666069065269723 bcsId: 1819} | ret=SUCCESS |  
2019-08-23 11:31:31,787 | INFO  | DNAudit | user=null | ip=null | op=PUT_BLOCK {blockData=[blockId=conID: 3 locID: 102666069065269723 bcsId: 0,size=3145728]} | ret=SUCCESS |  
2019-08-23 11:31:31,787 [grpc-default-executor-5] INFO  client.GrpcClientProtocolClient (GrpcClientProtocolClient.java:onNext(255)) - client-C9E345EC67ED->244f13ac-34be-4c4e-8e45-0c0272edbbb2: receive RaftClientReply:client-C9E345EC67ED->244f13ac-34be-4c4e-8e45-0c0272edbbb2@group-FE77C852EF02, cid=1319, SUCCESS, logIndex=1824, commits[244f13ac-34be-4c4e-8e45-0c0272edbbb2:c1825, 6287e41a-5356-4f55-84f2-270816d53e84:c1823, a2c18d3d-e79d-47c9-88fe-d8a1d195302b:c1823]
2019-08-23 11:31:31,788 [grpc-default-executor-5] INFO  client.GrpcClientProtocolClient (GrpcClientProtocolClient.java:onNext(255)) - client-C9E345EC67ED->244f13ac-34be-4c4e-8e45-0c0272edbbb2: receive RaftClientReply:client-C9E345EC67ED->244f13ac-34be-4c4e-8e45-0c0272edbbb2@group-FE77C852EF02, cid=1320, SUCCESS, logIndex=1825, commits[244f13ac-34be-4c4e-8e45-0c0272edbbb2:c1825, 6287e41a-5356-4f55-84f2-270816d53e84:c1823, a2c18d3d-e79d-47c9-88fe-d8a1d195302b:c1823]
2019-08-23 11:31:31,794 | INFO  | DNAudit | user=null | ip=null | op=WRITE_CHUNK {blockData=conID: 3 locID: 102666069065269723 bcsId: 1825} | ret=SUCCESS |  
2019-08-23 11:31:31,796 | INFO  | DNAudit | user=null | ip=null | op=WRITE_CHUNK {blockData=conID: 3 locID: 102666069065269723 bcsId: 1825} | ret=SUCCESS |  
2019-08-23 11:31:31,796 | INFO  | DNAudit | user=null | ip=null | op=WRITE_CHUNK {blockData=conID: 3 locID: 102666069065269723 bcsId: 1825} | ret=SUCCESS |  
2019-08-23 11:31:31,798 | INFO  | DNAudit | user=null | ip=null | op=WRITE_CHUNK {blockData=conID: 3 locID: 102666069065269723 bcsId: 1819} | ret=SUCCESS |  
2019-08-23 11:31:31,798 | INFO  | DNAudit | user=null | ip=null | op=WRITE_CHUNK {blockData=conID: 3 locID: 102666069065269723 bcsId: 1819} | ret=SUCCESS |  
2019-08-23 11:31:31,798 | INFO  | DNAudit | user=null | ip=null | op=PUT_BLOCK {blockData=[blockId=conID: 3 locID: 102666069065269723 bcsId: 0,size=3145728]} | ret=SUCCESS |  
2019-08-23 11:31:31,799 | INFO  | DNAudit | user=null | ip=null | op=PUT_BLOCK {blockData=[blockId=conID: 3 locID: 102666069065269723 bcsId: 0,size=3145728]} | ret=SUCCESS |  
2019-08-23 11:31:31,800 | INFO  | DNAudit | user=null | ip=null | op=WRITE_CHUNK {blockData=conID: 3 locID: 102666069065269723 bcsId: 1825} | ret=SUCCESS |  
2019-08-23 11:31:31,801 | INFO  | DNAudit | user=null | ip=null | op=PUT_BLOCK {blockData=[blockId=conID: 3 locID: 102666069065269723 bcsId: 0,size=4194304]} | ret=SUCCESS |  
2019-08-23 11:31:31,801 [grpc-default-executor-2] INFO  client.GrpcClientProtocolClient (GrpcClientProtocolClient.java:onNext(255)) - client-C9E345EC67ED->244f13ac-34be-4c4e-8e45-0c0272edbbb2: receive RaftClientReply:client-C9E345EC67ED->244f13ac-34be-4c4e-8e45-0c0272edbbb2@group-FE77C852EF02, cid=1321, SUCCESS, logIndex=1828, commits[244f13ac-34be-4c4e-8e45-0c0272edbbb2:c1829, 6287e41a-5356-4f55-84f2-270816d53e84:c1825, a2c18d3d-e79d-47c9-88fe-d8a1d195302b:c1825]
2019-08-23 11:31:31,801 [grpc-default-executor-2] INFO  client.GrpcClientProtocolClient (GrpcClientProtocolClient.java:onNext(255)) - client-C9E345EC67ED->244f13ac-34be-4c4e-8e45-0c0272edbbb2: receive RaftClientReply:client-C9E345EC67ED->244f13ac-34be-4c4e-8e45-0c0272edbbb2@group-FE77C852EF02, cid=1322, SUCCESS, logIndex=1829, commits[244f13ac-34be-4c4e-8e45-0c0272edbbb2:c1829, 6287e41a-5356-4f55-84f2-270816d53e84:c1825, a2c18d3d-e79d-47c9-88fe-d8a1d195302b:c1825]
2019-08-23 11:31:31,811 | INFO  | DNAudit | user=null | ip=null | op=WRITE_CHUNK {blockData=conID: 3 locID: 102666069065269723 bcsId: 1825} | ret=SUCCESS |  
2019-08-23 11:31:31,811 | INFO  | DNAudit | user=null | ip=null | op=WRITE_CHUNK {blockData=conID: 3 locID: 102666069065269723 bcsId: 1825} | ret=SUCCESS |  
2019-08-23 11:31:31,812 | INFO  | DNAudit | user=null | ip=null | op=PUT_BLOCK {blockData=[blockId=conID: 3 locID: 102666069065269723 bcsId: 0,size=4194304]} | ret=SUCCESS |  
2019-08-23 11:31:31,812 | INFO  | DNAudit | user=null | ip=null | op=PUT_BLOCK {blockData=[blockId=conID: 3 locID: 102666069065269723 bcsId: 0,size=4194304]} | ret=SUCCESS |  
2019-08-23 11:31:31,813 [grpc-default-executor-5] INFO  client.GrpcClientProtocolClient (GrpcClientProtocolClient.java:onNext(255)) - client-C9E345EC67ED->244f13ac-34be-4c4e-8e45-0c0272edbbb2: receive RaftClientReply:client-C9E345EC67ED->244f13ac-34be-4c4e-8e45-0c0272edbbb2@group-FE77C852EF02, cid=1323, SUCCESS, logIndex=0, commits[244f13ac-34be-4c4e-8e45-0c0272edbbb2:c1831, 6287e41a-5356-4f55-84f2-270816d53e84:c1829, a2c18d3d-e79d-47c9-88fe-d8a1d195302b:c1829]
2019-08-23 11:31:31,819 | INFO  | SCMAudit | user=jenkins1000 | ip=192.168.5.185 | op=ALLOCATE_BLOCK {owner=00a23185-76ea-47b5-a641-ad3cfbe5521a, size=4194304, type=RATIS, factor=THREE} | ret=SUCCESS |  
2019-08-23 11:31:31,822 | INFO  | OMAudit | user=jenkins1000 | ip=127.0.0.1 | op=ALLOCATE_BLOCK {volume=vol-0-37508, bucket=bucket-0-50919, key=key-0-57313, dataSize=0, replicationType=null, replicationFactor=null, keyLocationInfo=null, clientID=102666068570931602} | ret=SUCCESS |  
2019-08-23 11:31:31,829 | INFO  | DNAudit | user=null | ip=null | op=WRITE_CHUNK {blockData=conID: 1 locID: 102666069070184924 bcsId: 0} | ret=SUCCESS |  
2019-08-23 11:31:31,831 | INFO  | DNAudit | user=null | ip=null | op=WRITE_CHUNK {blockData=conID: 1 locID: 102666069070184924 bcsId: 0} | ret=SUCCESS |  
2019-08-23 11:31:31,831 | INFO  | DNAudit | user=null | ip=null | op=WRITE_CHUNK {blockData=conID: 1 locID: 102666069070184924 bcsId: 0} | ret=SUCCESS |  
2019-08-23 11:31:31,831 | INFO  | DNAudit | user=null | ip=null | op=WRITE_CHUNK {blockData=conID: 1 locID: 102666069070184924 bcsId: 0} | ret=SUCCESS |  
2019-08-23 11:31:31,832 | INFO  | DNAudit | user=null | ip=null | op=WRITE_CHUNK {blockData=conID: 1 locID: 102666069070184924 bcsId: 0} | ret=SUCCESS |  
2019-08-23 11:31:31,833 | INFO  | DNAudit | user=null | ip=null | op=WRITE_CHUNK {blockData=conID: 1 locID: 102666069070184924 bcsId: 0} | ret=SUCCESS |  
2019-08-23 11:31:31,843 | INFO  | DNAudit | user=null | ip=null | op=WRITE_CHUNK {blockData=conID: 1 locID: 102666069070184924 bcsId: 0} | ret=SUCCESS |  
2019-08-23 11:31:31,844 | INFO  | DNAudit | user=null | ip=null | op=PUT_BLOCK {blockData=[blockId=conID: 1 locID: 102666069070184924 bcsId: 0,size=1048576]} | ret=SUCCESS |  
2019-08-23 11:31:31,844 [grpc-default-executor-5] INFO  client.GrpcClientProtocolClient (GrpcClientProtocolClient.java:onNext(255)) - client-C9E345EC67ED->244f13ac-34be-4c4e-8e45-0c0272edbbb2: receive RaftClientReply:client-C9E345EC67ED->244f13ac-34be-4c4e-8e45-0c0272edbbb2@group-FE77C852EF02, cid=1324, SUCCESS, logIndex=1832, commits[244f13ac-34be-4c4e-8e45-0c0272edbbb2:c1834, 6287e41a-5356-4f55-84f2-270816d53e84:c1831, a2c18d3d-e79d-47c9-88fe-d8a1d195302b:c1831]
2019-08-23 11:31:31,844 | INFO  | DNAudit | user=null | ip=null | op=WRITE_CHUNK {blockData=conID: 1 locID: 102666069070184924 bcsId: 0} | ret=SUCCESS |  
2019-08-23 11:31:31,844 | INFO  | DNAudit | user=null | ip=null | op=PUT_BLOCK {blockData=[blockId=conID: 1 locID: 102666069070184924 bcsId: 0,size=2097152]} | ret=SUCCESS |  
2019-08-23 11:31:31,844 [grpc-default-executor-5] INFO  client.GrpcClientProtocolClient (GrpcClientProtocolClient.java:onNext(255)) - client-C9E345EC67ED->244f13ac-34be-4c4e-8e45-0c0272edbbb2: receive RaftClientReply:client-C9E345EC67ED->244f13ac-34be-4c4e-8e45-0c0272edbbb2@group-FE77C852EF02, cid=1325, SUCCESS, logIndex=1833, commits[244f13ac-34be-4c4e-8e45-0c0272edbbb2:c1835, 6287e41a-5356-4f55-84f2-270816d53e84:c1831, a2c18d3d-e79d-47c9-88fe-d8a1d195302b:c1831]
2019-08-23 11:31:31,845 [grpc-default-executor-5] INFO  client.GrpcClientProtocolClient (GrpcClientProtocolClient.java:onNext(255)) - client-C9E345EC67ED->244f13ac-34be-4c4e-8e45-0c0272edbbb2: receive RaftClientReply:client-C9E345EC67ED->244f13ac-34be-4c4e-8e45-0c0272edbbb2@group-FE77C852EF02, cid=1326, SUCCESS, logIndex=1834, commits[244f13ac-34be-4c4e-8e45-0c0272edbbb2:c1835, 6287e41a-5356-4f55-84f2-270816d53e84:c1831, a2c18d3d-e79d-47c9-88fe-d8a1d195302b:c1831]
2019-08-23 11:31:31,845 [grpc-default-executor-5] INFO  client.GrpcClientProtocolClient (GrpcClientProtocolClient.java:onNext(255)) - client-C9E345EC67ED->244f13ac-34be-4c4e-8e45-0c0272edbbb2: receive RaftClientReply:client-C9E345EC67ED->244f13ac-34be-4c4e-8e45-0c0272edbbb2@group-FE77C852EF02, cid=1327, SUCCESS, logIndex=1835, commits[244f13ac-34be-4c4e-8e45-0c0272edbbb2:c1835, 6287e41a-5356-4f55-84f2-270816d53e84:c1831, a2c18d3d-e79d-47c9-88fe-d8a1d195302b:c1831]
2019-08-23 11:31:31,854 | INFO  | DNAudit | user=null | ip=null | op=WRITE_CHUNK {blockData=conID: 1 locID: 102666069070184924 bcsId: 0} | ret=SUCCESS |  
2019-08-23 11:31:31,855 | INFO  | DNAudit | user=null | ip=null | op=WRITE_CHUNK {blockData=conID: 1 locID: 102666069070184924 bcsId: 0} | ret=SUCCESS |  
2019-08-23 11:31:31,856 | INFO  | DNAudit | user=null | ip=null | op=PUT_BLOCK {blockData=[blockId=conID: 1 locID: 102666069070184924 bcsId: 0,size=1048576]} | ret=SUCCESS |  
2019-08-23 11:31:31,856 | INFO  | DNAudit | user=null | ip=null | op=PUT_BLOCK {blockData=[blockId=conID: 1 locID: 102666069070184924 bcsId: 0,size=1048576]} | ret=SUCCESS |  
2019-08-23 11:31:31,856 | INFO  | DNAudit | user=null | ip=null | op=WRITE_CHUNK {blockData=conID: 1 locID: 102666069070184924 bcsId: 0} | ret=SUCCESS |  
2019-08-23 11:31:31,856 | INFO  | DNAudit | user=null | ip=null | op=WRITE_CHUNK {blockData=conID: 1 locID: 102666069070184924 bcsId: 0} | ret=SUCCESS |  
2019-08-23 11:31:31,856 | INFO  | DNAudit | user=null | ip=null | op=PUT_BLOCK {blockData=[blockId=conID: 1 locID: 102666069070184924 bcsId: 0,size=2097152]} | ret=SUCCESS |  
2019-08-23 11:31:31,856 | INFO  | DNAudit | user=null | ip=null | op=PUT_BLOCK {blockData=[blockId=conID: 1 locID: 102666069070184924 bcsId: 0,size=2097152]} | ret=SUCCESS |  
2019-08-23 11:31:31,857 [grpc-default-executor-4] INFO  client.GrpcClientProtocolClient (GrpcClientProtocolClient.java:onNext(255)) - client-C9E345EC67ED->244f13ac-34be-4c4e-8e45-0c0272edbbb2: receive RaftClientReply:client-C9E345EC67ED->244f13ac-34be-4c4e-8e45-0c0272edbbb2@group-FE77C852EF02, cid=1328, SUCCESS, logIndex=0, commits[244f13ac-34be-4c4e-8e45-0c0272edbbb2:c1838, 6287e41a-5356-4f55-84f2-270816d53e84:c1835, a2c18d3d-e79d-47c9-88fe-d8a1d195302b:c1833]
2019-08-23 11:31:31,863 | INFO  | DNAudit | user=null | ip=null | op=WRITE_CHUNK {blockData=conID: 1 locID: 102666069070184924 bcsId: 1835} | ret=SUCCESS |  
2019-08-23 11:31:31,865 | INFO  | DNAudit | user=null | ip=null | op=WRITE_CHUNK {blockData=conID: 1 locID: 102666069070184924 bcsId: 1835} | ret=SUCCESS |  
2019-08-23 11:31:31,865 | INFO  | DNAudit | user=null | ip=null | op=WRITE_CHUNK {blockData=conID: 1 locID: 102666069070184924 bcsId: 1835} | ret=SUCCESS |  
2019-08-23 11:31:31,875 | INFO  | DNAudit | user=null | ip=null | op=WRITE_CHUNK {blockData=conID: 1 locID: 102666069070184924 bcsId: 1835} | ret=SUCCESS |  
2019-08-23 11:31:31,876 | INFO  | DNAudit | user=null | ip=null | op=PUT_BLOCK {blockData=[blockId=conID: 1 locID: 102666069070184924 bcsId: 0,size=3145728]} | ret=SUCCESS |  
2019-08-23 11:31:31,876 [grpc-default-executor-4] INFO  client.GrpcClientProtocolClient (GrpcClientProtocolClient.java:onNext(255)) - client-C9E345EC67ED->244f13ac-34be-4c4e-8e45-0c0272edbbb2: receive RaftClientReply:client-C9E345EC67ED->244f13ac-34be-4c4e-8e45-0c0272edbbb2@group-FE77C852EF02, cid=1329, SUCCESS, logIndex=1840, commits[244f13ac-34be-4c4e-8e45-0c0272edbbb2:c1841, 6287e41a-5356-4f55-84f2-270816d53e84:c1839, a2c18d3d-e79d-47c9-88fe-d8a1d195302b:c1839]
2019-08-23 11:31:31,876 [grpc-default-executor-4] INFO  client.GrpcClientProtocolClient (GrpcClientProtocolClient.java:onNext(255)) - client-C9E345EC67ED->244f13ac-34be-4c4e-8e45-0c0272edbbb2: receive RaftClientReply:client-C9E345EC67ED->244f13ac-34be-4c4e-8e45-0c0272edbbb2@group-FE77C852EF02, cid=1330, SUCCESS, logIndex=1841, commits[244f13ac-34be-4c4e-8e45-0c0272edbbb2:c1841, 6287e41a-5356-4f55-84f2-270816d53e84:c1839, a2c18d3d-e79d-47c9-88fe-d8a1d195302b:c1839]
2019-08-23 11:31:31,881 | INFO  | DNAudit | user=null | ip=null | op=WRITE_CHUNK {blockData=conID: 1 locID: 102666069070184924 bcsId: 1841} | ret=SUCCESS |  
2019-08-23 11:31:31,884 | INFO  | DNAudit | user=null | ip=null | op=WRITE_CHUNK {blockData=conID: 1 locID: 102666069070184924 bcsId: 1841} | ret=SUCCESS |  
2019-08-23 11:31:31,884 | INFO  | DNAudit | user=null | ip=null | op=WRITE_CHUNK {blockData=conID: 1 locID: 102666069070184924 bcsId: 1841} | ret=SUCCESS |  
2019-08-23 11:31:31,887 | INFO  | DNAudit | user=null | ip=null | op=WRITE_CHUNK {blockData=conID: 1 locID: 102666069070184924 bcsId: 1835} | ret=SUCCESS |  
2019-08-23 11:31:31,887 | INFO  | DNAudit | user=null | ip=null | op=WRITE_CHUNK {blockData=conID: 1 locID: 102666069070184924 bcsId: 1835} | ret=SUCCESS |  
2019-08-23 11:31:31,888 | INFO  | DNAudit | user=null | ip=null | op=PUT_BLOCK {blockData=[blockId=conID: 1 locID: 102666069070184924 bcsId: 0,size=3145728]} | ret=SUCCESS |  
2019-08-23 11:31:31,888 | INFO  | DNAudit | user=null | ip=null | op=PUT_BLOCK {blockData=[blockId=conID: 1 locID: 102666069070184924 bcsId: 0,size=3145728]} | ret=SUCCESS |  
2019-08-23 11:31:31,888 | INFO  | DNAudit | user=null | ip=null | op=WRITE_CHUNK {blockData=conID: 1 locID: 102666069070184924 bcsId: 1841} | ret=SUCCESS |  
2019-08-23 11:31:31,889 | INFO  | DNAudit | user=null | ip=null | op=PUT_BLOCK {blockData=[blockId=conID: 1 locID: 102666069070184924 bcsId: 0,size=4194304]} | ret=SUCCESS |  
2019-08-23 11:31:31,889 [grpc-default-executor-4] INFO  client.GrpcClientProtocolClient (GrpcClientProtocolClient.java:onNext(255)) - client-C9E345EC67ED->244f13ac-34be-4c4e-8e45-0c0272edbbb2: receive RaftClientReply:client-C9E345EC67ED->244f13ac-34be-4c4e-8e45-0c0272edbbb2@group-FE77C852EF02, cid=1331, SUCCESS, logIndex=1844, commits[244f13ac-34be-4c4e-8e45-0c0272edbbb2:c1844, 6287e41a-5356-4f55-84f2-270816d53e84:c1841, a2c18d3d-e79d-47c9-88fe-d8a1d195302b:c1841]
2019-08-23 11:31:31,889 [grpc-default-executor-4] INFO  client.GrpcClientProtocolClient (GrpcClientProtocolClient.java:onNext(255)) - client-C9E345EC67ED->244f13ac-34be-4c4e-8e45-0c0272edbbb2: receive RaftClientReply:client-C9E345EC67ED->244f13ac-34be-4c4e-8e45-0c0272edbbb2@group-FE77C852EF02, cid=1332, SUCCESS, logIndex=1845, commits[244f13ac-34be-4c4e-8e45-0c0272edbbb2:c1845, 6287e41a-5356-4f55-84f2-270816d53e84:c1841, a2c18d3d-e79d-47c9-88fe-d8a1d195302b:c1841]
2019-08-23 11:31:31,900 | INFO  | DNAudit | user=null | ip=null | op=WRITE_CHUNK {blockData=conID: 1 locID: 102666069070184924 bcsId: 1841} | ret=SUCCESS |  
2019-08-23 11:31:31,900 | INFO  | DNAudit | user=null | ip=null | op=WRITE_CHUNK {blockData=conID: 1 locID: 102666069070184924 bcsId: 1841} | ret=SUCCESS |  
2019-08-23 11:31:31,901 | INFO  | DNAudit | user=null | ip=null | op=PUT_BLOCK {blockData=[blockId=conID: 1 locID: 102666069070184924 bcsId: 0,size=4194304]} | ret=SUCCESS |  
2019-08-23 11:31:31,901 | INFO  | DNAudit | user=null | ip=null | op=PUT_BLOCK {blockData=[blockId=conID: 1 locID: 102666069070184924 bcsId: 0,size=4194304]} | ret=SUCCESS |  
2019-08-23 11:31:31,901 [grpc-default-executor-4] INFO  client.GrpcClientProtocolClient (GrpcClientProtocolClient.java:onNext(255)) - client-C9E345EC67ED->244f13ac-34be-4c4e-8e45-0c0272edbbb2: receive RaftClientReply:client-C9E345EC67ED->244f13ac-34be-4c4e-8e45-0c0272edbbb2@group-FE77C852EF02, cid=1333, SUCCESS, logIndex=0, commits[244f13ac-34be-4c4e-8e45-0c0272edbbb2:c1847, 6287e41a-5356-4f55-84f2-270816d53e84:c1845, a2c18d3d-e79d-47c9-88fe-d8a1d195302b:c1845]
2019-08-23 11:31:31,905 | INFO  | SCMAudit | user=jenkins1000 | ip=192.168.5.185 | op=ALLOCATE_BLOCK {owner=00a23185-76ea-47b5-a641-ad3cfbe5521a, size=4194304, type=RATIS, factor=THREE} | ret=SUCCESS |  
2019-08-23 11:31:31,907 | INFO  | OMAudit | user=jenkins1000 | ip=127.0.0.1 | op=ALLOCATE_BLOCK {volume=vol-0-37508, bucket=bucket-0-50919, key=key-0-57313, dataSize=0, replicationType=null, replicationFactor=null, keyLocationInfo=null, clientID=102666068570931602} | ret=SUCCESS |  
2019-08-23 11:31:31,913 | INFO  | DNAudit | user=null | ip=null | op=WRITE_CHUNK {blockData=conID: 2 locID: 102666069075886557 bcsId: 0} | ret=SUCCESS |  
2019-08-23 11:31:31,915 | INFO  | DNAudit | user=null | ip=null | op=WRITE_CHUNK {blockData=conID: 2 locID: 102666069075886557 bcsId: 0} | ret=SUCCESS |  
2019-08-23 11:31:31,915 | INFO  | DNAudit | user=null | ip=null | op=WRITE_CHUNK {blockData=conID: 2 locID: 102666069075886557 bcsId: 0} | ret=SUCCESS |  
2019-08-23 11:31:31,915 | INFO  | DNAudit | user=null | ip=null | op=WRITE_CHUNK {blockData=conID: 2 locID: 102666069075886557 bcsId: 0} | ret=SUCCESS |  
2019-08-23 11:31:31,917 | INFO  | DNAudit | user=null | ip=null | op=WRITE_CHUNK {blockData=conID: 2 locID: 102666069075886557 bcsId: 0} | ret=SUCCESS |  
2019-08-23 11:31:31,917 | INFO  | DNAudit | user=null | ip=null | op=WRITE_CHUNK {blockData=conID: 2 locID: 102666069075886557 bcsId: 0} | ret=SUCCESS |  
2019-08-23 11:31:31,925 | INFO  | DNAudit | user=null | ip=null | op=WRITE_CHUNK {blockData=conID: 2 locID: 102666069075886557 bcsId: 0} | ret=SUCCESS |  
2019-08-23 11:31:31,926 | INFO  | DNAudit | user=null | ip=null | op=PUT_BLOCK {blockData=[blockId=conID: 2 locID: 102666069075886557 bcsId: 0,size=1048576]} | ret=SUCCESS |  
2019-08-23 11:31:31,926 [grpc-default-executor-4] INFO  client.GrpcClientProtocolClient (GrpcClientProtocolClient.java:onNext(255)) - client-C9E345EC67ED->244f13ac-34be-4c4e-8e45-0c0272edbbb2: receive RaftClientReply:client-C9E345EC67ED->244f13ac-34be-4c4e-8e45-0c0272edbbb2@group-FE77C852EF02, cid=1334, SUCCESS, logIndex=1848, commits[244f13ac-34be-4c4e-8e45-0c0272edbbb2:c1849, 6287e41a-5356-4f55-84f2-270816d53e84:c1847, a2c18d3d-e79d-47c9-88fe-d8a1d195302b:c1847]
2019-08-23 11:31:31,926 | INFO  | DNAudit | user=null | ip=null | op=WRITE_CHUNK {blockData=conID: 2 locID: 102666069075886557 bcsId: 0} | ret=SUCCESS |  
2019-08-23 11:31:31,927 [grpc-default-executor-4] INFO  client.GrpcClientProtocolClient (GrpcClientProtocolClient.java:onNext(255)) - client-C9E345EC67ED->244f13ac-34be-4c4e-8e45-0c0272edbbb2: receive RaftClientReply:client-C9E345EC67ED->244f13ac-34be-4c4e-8e45-0c0272edbbb2@group-FE77C852EF02, cid=1335, SUCCESS, logIndex=1849, commits[244f13ac-34be-4c4e-8e45-0c0272edbbb2:c1850, 6287e41a-5356-4f55-84f2-270816d53e84:c1847, a2c18d3d-e79d-47c9-88fe-d8a1d195302b:c1847]
2019-08-23 11:31:31,927 | INFO  | DNAudit | user=null | ip=null | op=PUT_BLOCK {blockData=[blockId=conID: 2 locID: 102666069075886557 bcsId: 0,size=2097152]} | ret=SUCCESS |  
2019-08-23 11:31:31,927 [grpc-default-executor-4] INFO  client.GrpcClientProtocolClient (GrpcClientProtocolClient.java:onNext(255)) - client-C9E345EC67ED->244f13ac-34be-4c4e-8e45-0c0272edbbb2: receive RaftClientReply:client-C9E345EC67ED->244f13ac-34be-4c4e-8e45-0c0272edbbb2@group-FE77C852EF02, cid=1336, SUCCESS, logIndex=1850, commits[244f13ac-34be-4c4e-8e45-0c0272edbbb2:c1851, 6287e41a-5356-4f55-84f2-270816d53e84:c1847, a2c18d3d-e79d-47c9-88fe-d8a1d195302b:c1847]
2019-08-23 11:31:31,927 | INFO  | DNAudit | user=null | ip=null | op=WRITE_CHUNK {blockData=conID: 2 locID: 102666069075886557 bcsId: 0} | ret=SUCCESS |  
2019-08-23 11:31:31,927 | INFO  | DNAudit | user=null | ip=null | op=PUT_BLOCK {blockData=[blockId=conID: 2 locID: 102666069075886557 bcsId: 0,size=1048576]} | ret=SUCCESS |  
2019-08-23 11:31:31,927 [grpc-default-executor-4] INFO  client.GrpcClientProtocolClient (GrpcClientProtocolClient.java:onNext(255)) - client-C9E345EC67ED->244f13ac-34be-4c4e-8e45-0c0272edbbb2: receive RaftClientReply:client-C9E345EC67ED->244f13ac-34be-4c4e-8e45-0c0272edbbb2@group-FE77C852EF02, cid=1337, SUCCESS, logIndex=1851, commits[244f13ac-34be-4c4e-8e45-0c0272edbbb2:c1851, 6287e41a-5356-4f55-84f2-270816d53e84:c1847, a2c18d3d-e79d-47c9-88fe-d8a1d195302b:c1847]
2019-08-23 11:31:31,928 | INFO  | DNAudit | user=null | ip=null | op=WRITE_CHUNK {blockData=conID: 2 locID: 102666069075886557 bcsId: 0} | ret=SUCCESS |  
2019-08-23 11:31:31,928 | INFO  | DNAudit | user=null | ip=null | op=PUT_BLOCK {blockData=[blockId=conID: 2 locID: 102666069075886557 bcsId: 0,size=1048576]} | ret=SUCCESS |  
2019-08-23 11:31:31,928 | INFO  | DNAudit | user=null | ip=null | op=WRITE_CHUNK {blockData=conID: 2 locID: 102666069075886557 bcsId: 0} | ret=SUCCESS |  
2019-08-23 11:31:31,928 [grpc-default-executor-1] INFO  client.GrpcClientProtocolClient (GrpcClientProtocolClient.java:onNext(255)) - client-C9E345EC67ED->244f13ac-34be-4c4e-8e45-0c0272edbbb2: receive RaftClientReply:client-C9E345EC67ED->244f13ac-34be-4c4e-8e45-0c0272edbbb2@group-FE77C852EF02, cid=1338, SUCCESS, logIndex=0, commits[244f13ac-34be-4c4e-8e45-0c0272edbbb2:c1853, 6287e41a-5356-4f55-84f2-270816d53e84:c1849, a2c18d3d-e79d-47c9-88fe-d8a1d195302b:c1849]
2019-08-23 11:31:31,928 | INFO  | DNAudit | user=null | ip=null | op=WRITE_CHUNK {blockData=conID: 2 locID: 102666069075886557 bcsId: 0} | ret=SUCCESS |  
2019-08-23 11:31:31,928 | INFO  | DNAudit | user=null | ip=null | op=PUT_BLOCK {blockData=[blockId=conID: 2 locID: 102666069075886557 bcsId: 0,size=2097152]} | ret=SUCCESS |  
2019-08-23 11:31:31,929 | INFO  | DNAudit | user=null | ip=null | op=PUT_BLOCK {blockData=[blockId=conID: 2 locID: 102666069075886557 bcsId: 0,size=2097152]} | ret=SUCCESS |  
2019-08-23 11:31:31,933 | INFO  | DNAudit | user=null | ip=null | op=WRITE_CHUNK {blockData=conID: 2 locID: 102666069075886557 bcsId: 1851} | ret=SUCCESS |  
2019-08-23 11:31:31,935 | INFO  | DNAudit | user=null | ip=null | op=WRITE_CHUNK {blockData=conID: 2 locID: 102666069075886557 bcsId: 1851} | ret=SUCCESS |  
2019-08-23 11:31:31,936 | INFO  | DNAudit | user=null | ip=null | op=WRITE_CHUNK {blockData=conID: 2 locID: 102666069075886557 bcsId: 1851} | ret=SUCCESS |  
2019-08-23 11:31:31,953 | INFO  | DNAudit | user=null | ip=null | op=WRITE_CHUNK {blockData=conID: 2 locID: 102666069075886557 bcsId: 1851} | ret=SUCCESS |  
2019-08-23 11:31:31,953 | INFO  | DNAudit | user=null | ip=null | op=PUT_BLOCK {blockData=[blockId=conID: 2 locID: 102666069075886557 bcsId: 0,size=3145728]} | ret=SUCCESS |  
2019-08-23 11:31:31,953 [grpc-default-executor-4] INFO  client.GrpcClientProtocolClient (GrpcClientProtocolClient.java:onNext(255)) - client-C9E345EC67ED->244f13ac-34be-4c4e-8e45-0c0272edbbb2: receive RaftClientReply:client-C9E345EC67ED->244f13ac-34be-4c4e-8e45-0c0272edbbb2@group-FE77C852EF02, cid=1339, SUCCESS, logIndex=1856, commits[244f13ac-34be-4c4e-8e45-0c0272edbbb2:c1857, 6287e41a-5356-4f55-84f2-270816d53e84:c1855, a2c18d3d-e79d-47c9-88fe-d8a1d195302b:c1855]
2019-08-23 11:31:31,954 [grpc-default-executor-4] INFO  client.GrpcClientProtocolClient (GrpcClientProtocolClient.java:onNext(255)) - client-C9E345EC67ED->244f13ac-34be-4c4e-8e45-0c0272edbbb2: receive RaftClientReply:client-C9E345EC67ED->244f13ac-34be-4c4e-8e45-0c0272edbbb2@group-FE77C852EF02, cid=1340, SUCCESS, logIndex=1857, commits[244f13ac-34be-4c4e-8e45-0c0272edbbb2:c1857, 6287e41a-5356-4f55-84f2-270816d53e84:c1855, a2c18d3d-e79d-47c9-88fe-d8a1d195302b:c1855]
2019-08-23 11:31:31,959 | INFO  | DNAudit | user=null | ip=null | op=WRITE_CHUNK {blockData=conID: 2 locID: 102666069075886557 bcsId: 1857} | ret=SUCCESS |  
2019-08-23 11:31:31,961 | INFO  | DNAudit | user=null | ip=null | op=WRITE_CHUNK {blockData=conID: 2 locID: 102666069075886557 bcsId: 1857} | ret=SUCCESS |  
2019-08-23 11:31:31,961 | INFO  | DNAudit | user=null | ip=null | op=WRITE_CHUNK {blockData=conID: 2 locID: 102666069075886557 bcsId: 1857} | ret=SUCCESS |  
2019-08-23 11:31:31,965 | INFO  | DNAudit | user=null | ip=null | op=WRITE_CHUNK {blockData=conID: 2 locID: 102666069075886557 bcsId: 1851} | ret=SUCCESS |  
2019-08-23 11:31:31,965 | INFO  | DNAudit | user=null | ip=null | op=WRITE_CHUNK {blockData=conID: 2 locID: 102666069075886557 bcsId: 1851} | ret=SUCCESS |  
2019-08-23 11:31:31,965 | INFO  | DNAudit | user=null | ip=null | op=PUT_BLOCK {blockData=[blockId=conID: 2 locID: 102666069075886557 bcsId: 0,size=3145728]} | ret=SUCCESS |  
2019-08-23 11:31:31,965 | INFO  | DNAudit | user=null | ip=null | op=PUT_BLOCK {blockData=[blockId=conID: 2 locID: 102666069075886557 bcsId: 0,size=3145728]} | ret=SUCCESS |  
2019-08-23 11:31:31,966 | INFO  | DNAudit | user=null | ip=null | op=WRITE_CHUNK {blockData=conID: 2 locID: 102666069075886557 bcsId: 1857} | ret=SUCCESS |  
2019-08-23 11:31:31,967 | INFO  | DNAudit | user=null | ip=null | op=PUT_BLOCK {blockData=[blockId=conID: 2 locID: 102666069075886557 bcsId: 0,size=4194304]} | ret=SUCCESS |  
2019-08-23 11:31:31,967 [grpc-default-executor-5] INFO  client.GrpcClientProtocolClient (GrpcClientProtocolClient.java:onNext(255)) - client-C9E345EC67ED->244f13ac-34be-4c4e-8e45-0c0272edbbb2: receive RaftClientReply:client-C9E345EC67ED->244f13ac-34be-4c4e-8e45-0c0272edbbb2@group-FE77C852EF02, cid=1341, SUCCESS, logIndex=1860, commits[244f13ac-34be-4c4e-8e45-0c0272edbbb2:c1861, 6287e41a-5356-4f55-84f2-270816d53e84:c1857, a2c18d3d-e79d-47c9-88fe-d8a1d195302b:c1857]
2019-08-23 11:31:31,967 [grpc-default-executor-5] INFO  client.GrpcClientProtocolClient (GrpcClientProtocolClient.java:onNext(255)) - client-C9E345EC67ED->244f13ac-34be-4c4e-8e45-0c0272edbbb2: receive RaftClientReply:client-C9E345EC67ED->244f13ac-34be-4c4e-8e45-0c0272edbbb2@group-FE77C852EF02, cid=1342, SUCCESS, logIndex=1861, commits[244f13ac-34be-4c4e-8e45-0c0272edbbb2:c1861, 6287e41a-5356-4f55-84f2-270816d53e84:c1857, a2c18d3d-e79d-47c9-88fe-d8a1d195302b:c1857]
2019-08-23 11:31:31,980 | INFO  | DNAudit | user=null | ip=null | op=WRITE_CHUNK {blockData=conID: 2 locID: 102666069075886557 bcsId: 1857} | ret=SUCCESS |  
2019-08-23 11:31:31,980 | INFO  | DNAudit | user=null | ip=null | op=WRITE_CHUNK {blockData=conID: 2 locID: 102666069075886557 bcsId: 1857} | ret=SUCCESS |  
2019-08-23 11:31:31,980 | INFO  | DNAudit | user=null | ip=null | op=PUT_BLOCK {blockData=[blockId=conID: 2 locID: 102666069075886557 bcsId: 0,size=4194304]} | ret=SUCCESS |  
2019-08-23 11:31:31,981 | INFO  | DNAudit | user=null | ip=null | op=PUT_BLOCK {blockData=[blockId=conID: 2 locID: 102666069075886557 bcsId: 0,size=4194304]} | ret=SUCCESS |  
2019-08-23 11:31:31,981 [grpc-default-executor-5] INFO  client.GrpcClientProtocolClient (GrpcClientProtocolClient.java:onNext(255)) - client-C9E345EC67ED->244f13ac-34be-4c4e-8e45-0c0272edbbb2: receive RaftClientReply:client-C9E345EC67ED->244f13ac-34be-4c4e-8e45-0c0272edbbb2@group-FE77C852EF02, cid=1343, SUCCESS, logIndex=0, commits[244f13ac-34be-4c4e-8e45-0c0272edbbb2:c1863, 6287e41a-5356-4f55-84f2-270816d53e84:c1861, a2c18d3d-e79d-47c9-88fe-d8a1d195302b:c1861]
2019-08-23 11:31:31,984 | INFO  | SCMAudit | user=jenkins1000 | ip=192.168.5.185 | op=ALLOCATE_BLOCK {owner=00a23185-76ea-47b5-a641-ad3cfbe5521a, size=4194304, type=RATIS, factor=THREE} | ret=SUCCESS |  
2019-08-23 11:31:31,986 | INFO  | OMAudit | user=jenkins1000 | ip=127.0.0.1 | op=ALLOCATE_BLOCK {volume=vol-0-37508, bucket=bucket-0-50919, key=key-0-57313, dataSize=0, replicationType=null, replicationFactor=null, keyLocationInfo=null, clientID=102666068570931602} | ret=SUCCESS |  
2019-08-23 11:31:31,992 | INFO  | DNAudit | user=null | ip=null | op=WRITE_CHUNK {blockData=conID: 3 locID: 102666069081063902 bcsId: 0} | ret=SUCCESS |  
2019-08-23 11:31:31,994 | INFO  | DNAudit | user=null | ip=null | op=WRITE_CHUNK {blockData=conID: 3 locID: 102666069081063902 bcsId: 0} | ret=SUCCESS |  
2019-08-23 11:31:31,994 | INFO  | DNAudit | user=null | ip=null | op=WRITE_CHUNK {blockData=conID: 3 locID: 102666069081063902 bcsId: 0} | ret=SUCCESS |  
2019-08-23 11:31:31,995 | INFO  | DNAudit | user=null | ip=null | op=WRITE_CHUNK {blockData=conID: 3 locID: 102666069081063902 bcsId: 0} | ret=SUCCESS |  
2019-08-23 11:31:31,996 | INFO  | DNAudit | user=null | ip=null | op=WRITE_CHUNK {blockData=conID: 3 locID: 102666069081063902 bcsId: 0} | ret=SUCCESS |  
2019-08-23 11:31:31,996 | INFO  | DNAudit | user=null | ip=null | op=WRITE_CHUNK {blockData=conID: 3 locID: 102666069081063902 bcsId: 0} | ret=SUCCESS |  
2019-08-23 11:31:32,000 | INFO  | DNAudit | user=null | ip=null | op=WRITE_CHUNK {blockData=conID: 3 locID: 102666069081063902 bcsId: 0} | ret=SUCCESS |  
2019-08-23 11:31:32,000 | INFO  | DNAudit | user=null | ip=null | op=PUT_BLOCK {blockData=[blockId=conID: 3 locID: 102666069081063902 bcsId: 0,size=1048576]} | ret=SUCCESS |  
2019-08-23 11:31:32,000 [grpc-default-executor-5] INFO  client.GrpcClientProtocolClient (GrpcClientProtocolClient.java:onNext(255)) - client-C9E345EC67ED->244f13ac-34be-4c4e-8e45-0c0272edbbb2: receive RaftClientReply:client-C9E345EC67ED->244f13ac-34be-4c4e-8e45-0c0272edbbb2@group-FE77C852EF02, cid=1344, SUCCESS, logIndex=1864, commits[244f13ac-34be-4c4e-8e45-0c0272edbbb2:c1865, 6287e41a-5356-4f55-84f2-270816d53e84:c1863, a2c18d3d-e79d-47c9-88fe-d8a1d195302b:c1863]
2019-08-23 11:31:32,001 | INFO  | DNAudit | user=null | ip=null | op=WRITE_CHUNK {blockData=conID: 3 locID: 102666069081063902 bcsId: 0} | ret=SUCCESS |  
2019-08-23 11:31:32,001 [grpc-default-executor-5] INFO  client.GrpcClientProtocolClient (GrpcClientProtocolClient.java:onNext(255)) - client-C9E345EC67ED->244f13ac-34be-4c4e-8e45-0c0272edbbb2: receive RaftClientReply:client-C9E345EC67ED->244f13ac-34be-4c4e-8e45-0c0272edbbb2@group-FE77C852EF02, cid=1345, SUCCESS, logIndex=1865, commits[244f13ac-34be-4c4e-8e45-0c0272edbbb2:c1865, 6287e41a-5356-4f55-84f2-270816d53e84:c1863, a2c18d3d-e79d-47c9-88fe-d8a1d195302b:c1863]
2019-08-23 11:31:32,001 | INFO  | DNAudit | user=null | ip=null | op=PUT_BLOCK {blockData=[blockId=conID: 3 locID: 102666069081063902 bcsId: 0,size=2097152]} | ret=SUCCESS |  
2019-08-23 11:31:32,001 [grpc-default-executor-5] INFO  client.GrpcClientProtocolClient (GrpcClientProtocolClient.java:onNext(255)) - client-C9E345EC67ED->244f13ac-34be-4c4e-8e45-0c0272edbbb2: receive RaftClientReply:client-C9E345EC67ED->244f13ac-34be-4c4e-8e45-0c0272edbbb2@group-FE77C852EF02, cid=1346, SUCCESS, logIndex=1866, commits[244f13ac-34be-4c4e-8e45-0c0272edbbb2:c1867, 6287e41a-5356-4f55-84f2-270816d53e84:c1863, a2c18d3d-e79d-47c9-88fe-d8a1d195302b:c1863]
2019-08-23 11:31:32,001 | INFO  | DNAudit | user=null | ip=null | op=WRITE_CHUNK {blockData=conID: 3 locID: 102666069081063902 bcsId: 0} | ret=SUCCESS |  
2019-08-23 11:31:32,001 | INFO  | DNAudit | user=null | ip=null | op=WRITE_CHUNK {blockData=conID: 3 locID: 102666069081063902 bcsId: 0} | ret=SUCCESS |  
2019-08-23 11:31:32,100 | INFO  | DNAudit | user=null | ip=null | op=PUT_BLOCK {blockData=[blockId=conID: 3 locID: 102666069081063902 bcsId: 0,size=1048576]} | ret=SUCCESS |  
2019-08-23 11:31:32,100 [grpc-default-executor-5] INFO  client.GrpcClientProtocolClient (GrpcClientProtocolClient.java:onNext(255)) - client-C9E345EC67ED->244f13ac-34be-4c4e-8e45-0c0272edbbb2: receive RaftClientReply:client-C9E345EC67ED->244f13ac-34be-4c4e-8e45-0c0272edbbb2@group-FE77C852EF02, cid=1347, SUCCESS, logIndex=1867, commits[244f13ac-34be-4c4e-8e45-0c0272edbbb2:c1867, 6287e41a-5356-4f55-84f2-270816d53e84:c1863, a2c18d3d-e79d-47c9-88fe-d8a1d195302b:c1863]
2019-08-23 11:31:32,101 | INFO  | DNAudit | user=null | ip=null | op=PUT_BLOCK {blockData=[blockId=conID: 3 locID: 102666069081063902 bcsId: 0,size=1048576]} | ret=SUCCESS |  
2019-08-23 11:31:32,101 | INFO  | DNAudit | user=null | ip=null | op=WRITE_CHUNK {blockData=conID: 3 locID: 102666069081063902 bcsId: 0} | ret=SUCCESS |  
2019-08-23 11:31:32,101 | INFO  | DNAudit | user=null | ip=null | op=PUT_BLOCK {blockData=[blockId=conID: 3 locID: 102666069081063902 bcsId: 0,size=2097152]} | ret=SUCCESS |  
2019-08-23 11:31:32,102 [grpc-default-executor-5] INFO  client.GrpcClientProtocolClient (GrpcClientProtocolClient.java:onNext(255)) - client-C9E345EC67ED->244f13ac-34be-4c4e-8e45-0c0272edbbb2: receive RaftClientReply:client-C9E345EC67ED->244f13ac-34be-4c4e-8e45-0c0272edbbb2@group-FE77C852EF02, cid=1348, SUCCESS, logIndex=0, commits[244f13ac-34be-4c4e-8e45-0c0272edbbb2:c1869, 6287e41a-5356-4f55-84f2-270816d53e84:c1867, a2c18d3d-e79d-47c9-88fe-d8a1d195302b:c1865]
2019-08-23 11:31:32,107 | INFO  | DNAudit | user=null | ip=null | op=WRITE_CHUNK {blockData=conID: 3 locID: 102666069081063902 bcsId: 1867} | ret=SUCCESS |  
2019-08-23 11:31:32,110 | INFO  | DNAudit | user=null | ip=null | op=WRITE_CHUNK {blockData=conID: 3 locID: 102666069081063902 bcsId: 1867} | ret=SUCCESS |  
2019-08-23 11:31:32,110 | INFO  | DNAudit | user=null | ip=null | op=WRITE_CHUNK {blockData=conID: 3 locID: 102666069081063902 bcsId: 1867} | ret=SUCCESS |  
2019-08-23 11:31:32,112 | INFO  | DNAudit | user=null | ip=null | op=WRITE_CHUNK {blockData=conID: 3 locID: 102666069081063902 bcsId: 0} | ret=SUCCESS |  
2019-08-23 11:31:32,112 | INFO  | DNAudit | user=null | ip=null | op=PUT_BLOCK {blockData=[blockId=conID: 3 locID: 102666069081063902 bcsId: 0,size=2097152]} | ret=SUCCESS |  
2019-08-23 11:31:32,113 | INFO  | DNAudit | user=null | ip=null | op=WRITE_CHUNK {blockData=conID: 3 locID: 102666069081063902 bcsId: 1867} | ret=SUCCESS |  
2019-08-23 11:31:32,114 | INFO  | DNAudit | user=null | ip=null | op=PUT_BLOCK {blockData=[blockId=conID: 3 locID: 102666069081063902 bcsId: 0,size=3145728]} | ret=SUCCESS |  
2019-08-23 11:31:32,114 [grpc-default-executor-4] INFO  client.GrpcClientProtocolClient (GrpcClientProtocolClient.java:onNext(255)) - client-C9E345EC67ED->244f13ac-34be-4c4e-8e45-0c0272edbbb2: receive RaftClientReply:client-C9E345EC67ED->244f13ac-34be-4c4e-8e45-0c0272edbbb2@group-FE77C852EF02, cid=1349, SUCCESS, logIndex=1871, commits[244f13ac-34be-4c4e-8e45-0c0272edbbb2:c1872, 6287e41a-5356-4f55-84f2-270816d53e84:c1869, a2c18d3d-e79d-47c9-88fe-d8a1d195302b:c1869]
2019-08-23 11:31:32,114 [grpc-default-executor-4] INFO  client.GrpcClientProtocolClient (GrpcClientProtocolClient.java:onNext(255)) - client-C9E345EC67ED->244f13ac-34be-4c4e-8e45-0c0272edbbb2: receive RaftClientReply:client-C9E345EC67ED->244f13ac-34be-4c4e-8e45-0c0272edbbb2@group-FE77C852EF02, cid=1350, SUCCESS, logIndex=1872, commits[244f13ac-34be-4c4e-8e45-0c0272edbbb2:c1872, 6287e41a-5356-4f55-84f2-270816d53e84:c1869, a2c18d3d-e79d-47c9-88fe-d8a1d195302b:c1869]
2019-08-23 11:31:32,117 | INFO  | DNAudit | user=null | ip=null | op=WRITE_CHUNK {blockData=conID: 3 locID: 102666069081063902 bcsId: 1867} | ret=SUCCESS |  
2019-08-23 11:31:32,117 | INFO  | DNAudit | user=null | ip=null | op=PUT_BLOCK {blockData=[blockId=conID: 3 locID: 102666069081063902 bcsId: 0,size=3145728]} | ret=SUCCESS |  
2019-08-23 11:31:32,120 | INFO  | DNAudit | user=null | ip=null | op=WRITE_CHUNK {blockData=conID: 3 locID: 102666069081063902 bcsId: 1872} | ret=SUCCESS |  
2019-08-23 11:31:32,122 | INFO  | DNAudit | user=null | ip=null | op=WRITE_CHUNK {blockData=conID: 3 locID: 102666069081063902 bcsId: 1872} | ret=SUCCESS |  
2019-08-23 11:31:32,122 | INFO  | DNAudit | user=null | ip=null | op=WRITE_CHUNK {blockData=conID: 3 locID: 102666069081063902 bcsId: 1872} | ret=SUCCESS |  
2019-08-23 11:31:32,132 | INFO  | DNAudit | user=null | ip=null | op=WRITE_CHUNK {blockData=conID: 3 locID: 102666069081063902 bcsId: 1867} | ret=SUCCESS |  
2019-08-23 11:31:32,133 | INFO  | DNAudit | user=null | ip=null | op=PUT_BLOCK {blockData=[blockId=conID: 3 locID: 102666069081063902 bcsId: 0,size=3145728]} | ret=SUCCESS |  
2019-08-23 11:31:32,133 | INFO  | DNAudit | user=null | ip=null | op=WRITE_CHUNK {blockData=conID: 3 locID: 102666069081063902 bcsId: 1872} | ret=SUCCESS |  
2019-08-23 11:31:32,133 | INFO  | DNAudit | user=null | ip=null | op=PUT_BLOCK {blockData=[blockId=conID: 3 locID: 102666069081063902 bcsId: 0,size=4194304]} | ret=SUCCESS |  
2019-08-23 11:31:32,133 [grpc-default-executor-5] INFO  client.GrpcClientProtocolClient (GrpcClientProtocolClient.java:onNext(255)) - client-C9E345EC67ED->244f13ac-34be-4c4e-8e45-0c0272edbbb2: receive RaftClientReply:client-C9E345EC67ED->244f13ac-34be-4c4e-8e45-0c0272edbbb2@group-FE77C852EF02, cid=1351, SUCCESS, logIndex=1875, commits[244f13ac-34be-4c4e-8e45-0c0272edbbb2:c1876, 6287e41a-5356-4f55-84f2-270816d53e84:c1874, a2c18d3d-e79d-47c9-88fe-d8a1d195302b:c1874]
2019-08-23 11:31:32,134 [grpc-default-executor-5] INFO  client.GrpcClientProtocolClient (GrpcClientProtocolClient.java:onNext(255)) - client-C9E345EC67ED->244f13ac-34be-4c4e-8e45-0c0272edbbb2: receive RaftClientReply:client-C9E345EC67ED->244f13ac-34be-4c4e-8e45-0c0272edbbb2@group-FE77C852EF02, cid=1352, SUCCESS, logIndex=1876, commits[244f13ac-34be-4c4e-8e45-0c0272edbbb2:c1876, 6287e41a-5356-4f55-84f2-270816d53e84:c1874, a2c18d3d-e79d-47c9-88fe-d8a1d195302b:c1874]
2019-08-23 11:31:32,144 | INFO  | DNAudit | user=null | ip=null | op=WRITE_CHUNK {blockData=conID: 3 locID: 102666069081063902 bcsId: 1872} | ret=SUCCESS |  
2019-08-23 11:31:32,144 | INFO  | DNAudit | user=null | ip=null | op=WRITE_CHUNK {blockData=conID: 3 locID: 102666069081063902 bcsId: 1872} | ret=SUCCESS |  
2019-08-23 11:31:32,144 | INFO  | DNAudit | user=null | ip=null | op=PUT_BLOCK {blockData=[blockId=conID: 3 locID: 102666069081063902 bcsId: 0,size=4194304]} | ret=SUCCESS |  
2019-08-23 11:31:32,144 | INFO  | DNAudit | user=null | ip=null | op=PUT_BLOCK {blockData=[blockId=conID: 3 locID: 102666069081063902 bcsId: 0,size=4194304]} | ret=SUCCESS |  
2019-08-23 11:31:32,145 [grpc-default-executor-5] INFO  client.GrpcClientProtocolClient (GrpcClientProtocolClient.java:onNext(255)) - client-C9E345EC67ED->244f13ac-34be-4c4e-8e45-0c0272edbbb2: receive RaftClientReply:client-C9E345EC67ED->244f13ac-34be-4c4e-8e45-0c0272edbbb2@group-FE77C852EF02, cid=1353, SUCCESS, logIndex=0, commits[244f13ac-34be-4c4e-8e45-0c0272edbbb2:c1877, 6287e41a-5356-4f55-84f2-270816d53e84:c1876, a2c18d3d-e79d-47c9-88fe-d8a1d195302b:c1876]
2019-08-23 11:31:32,149 | INFO  | SCMAudit | user=jenkins1000 | ip=192.168.5.185 | op=ALLOCATE_BLOCK {owner=00a23185-76ea-47b5-a641-ad3cfbe5521a, size=4194304, type=RATIS, factor=THREE} | ret=SUCCESS |  
2019-08-23 11:31:32,152 | INFO  | OMAudit | user=jenkins1000 | ip=127.0.0.1 | op=ALLOCATE_BLOCK {volume=vol-0-37508, bucket=bucket-0-50919, key=key-0-57313, dataSize=0, replicationType=null, replicationFactor=null, keyLocationInfo=null, clientID=102666068570931602} | ret=SUCCESS |  
2019-08-23 11:31:32,159 | INFO  | DNAudit | user=null | ip=null | op=WRITE_CHUNK {blockData=conID: 1 locID: 102666069091877343 bcsId: 0} | ret=SUCCESS |  
2019-08-23 11:31:32,160 | INFO  | DNAudit | user=null | ip=null | op=WRITE_CHUNK {blockData=conID: 1 locID: 102666069091877343 bcsId: 0} | ret=SUCCESS |  
2019-08-23 11:31:32,161 | INFO  | DNAudit | user=null | ip=null | op=WRITE_CHUNK {blockData=conID: 1 locID: 102666069091877343 bcsId: 0} | ret=SUCCESS |  
2019-08-23 11:31:32,162 | INFO  | DNAudit | user=null | ip=null | op=WRITE_CHUNK {blockData=conID: 1 locID: 102666069091877343 bcsId: 0} | ret=SUCCESS |  
2019-08-23 11:31:32,163 | INFO  | DNAudit | user=null | ip=null | op=WRITE_CHUNK {blockData=conID: 1 locID: 102666069091877343 bcsId: 0} | ret=SUCCESS |  
2019-08-23 11:31:32,164 | INFO  | DNAudit | user=null | ip=null | op=WRITE_CHUNK {blockData=conID: 1 locID: 102666069091877343 bcsId: 0} | ret=SUCCESS |  
2019-08-23 11:31:32,171 | INFO  | DNAudit | user=null | ip=null | op=WRITE_CHUNK {blockData=conID: 1 locID: 102666069091877343 bcsId: 0} | ret=SUCCESS |  
2019-08-23 11:31:32,172 | INFO  | DNAudit | user=null | ip=null | op=PUT_BLOCK {blockData=[blockId=conID: 1 locID: 102666069091877343 bcsId: 0,size=1048576]} | ret=SUCCESS |  
2019-08-23 11:31:32,172 [grpc-default-executor-4] INFO  client.GrpcClientProtocolClient (GrpcClientProtocolClient.java:onNext(255)) - client-C9E345EC67ED->244f13ac-34be-4c4e-8e45-0c0272edbbb2: receive RaftClientReply:client-C9E345EC67ED->244f13ac-34be-4c4e-8e45-0c0272edbbb2@group-FE77C852EF02, cid=1354, SUCCESS, logIndex=1879, commits[244f13ac-34be-4c4e-8e45-0c0272edbbb2:c1880, 6287e41a-5356-4f55-84f2-270816d53e84:c1878, a2c18d3d-e79d-47c9-88fe-d8a1d195302b:c1878]
2019-08-23 11:31:32,172 | INFO  | DNAudit | user=null | ip=null | op=WRITE_CHUNK {blockData=conID: 1 locID: 102666069091877343 bcsId: 0} | ret=SUCCESS |  
2019-08-23 11:31:32,173 | INFO  | DNAudit | user=null | ip=null | op=PUT_BLOCK {blockData=[blockId=conID: 1 locID: 102666069091877343 bcsId: 0,size=2097152]} | ret=SUCCESS |  
2019-08-23 11:31:32,173 [grpc-default-executor-4] INFO  client.GrpcClientProtocolClient (GrpcClientProtocolClient.java:onNext(255)) - client-C9E345EC67ED->244f13ac-34be-4c4e-8e45-0c0272edbbb2: receive RaftClientReply:client-C9E345EC67ED->244f13ac-34be-4c4e-8e45-0c0272edbbb2@group-FE77C852EF02, cid=1355, SUCCESS, logIndex=1880, commits[244f13ac-34be-4c4e-8e45-0c0272edbbb2:c1880, 6287e41a-5356-4f55-84f2-270816d53e84:c1878, a2c18d3d-e79d-47c9-88fe-d8a1d195302b:c1878]
2019-08-23 11:31:32,173 | INFO  | DNAudit | user=null | ip=null | op=WRITE_CHUNK {blockData=conID: 1 locID: 102666069091877343 bcsId: 0} | ret=SUCCESS |  
2019-08-23 11:31:32,173 [grpc-default-executor-4] INFO  client.GrpcClientProtocolClient (GrpcClientProtocolClient.java:onNext(255)) - client-C9E345EC67ED->244f13ac-34be-4c4e-8e45-0c0272edbbb2: receive RaftClientReply:client-C9E345EC67ED->244f13ac-34be-4c4e-8e45-0c0272edbbb2@group-FE77C852EF02, cid=1356, SUCCESS, logIndex=1881, commits[244f13ac-34be-4c4e-8e45-0c0272edbbb2:c1882, 6287e41a-5356-4f55-84f2-270816d53e84:c1878, a2c18d3d-e79d-47c9-88fe-d8a1d195302b:c1878]
2019-08-23 11:31:32,173 | INFO  | DNAudit | user=null | ip=null | op=PUT_BLOCK {blockData=[blockId=conID: 1 locID: 102666069091877343 bcsId: 0,size=1048576]} | ret=SUCCESS |  
2019-08-23 11:31:32,173 [grpc-default-executor-4] INFO  client.GrpcClientProtocolClient (GrpcClientProtocolClient.java:onNext(255)) - client-C9E345EC67ED->244f13ac-34be-4c4e-8e45-0c0272edbbb2: receive RaftClientReply:client-C9E345EC67ED->244f13ac-34be-4c4e-8e45-0c0272edbbb2@group-FE77C852EF02, cid=1357, SUCCESS, logIndex=1882, commits[244f13ac-34be-4c4e-8e45-0c0272edbbb2:c1882, 6287e41a-5356-4f55-84f2-270816d53e84:c1878, a2c18d3d-e79d-47c9-88fe-d8a1d195302b:c1878]
2019-08-23 11:31:32,174 | INFO  | DNAudit | user=null | ip=null | op=WRITE_CHUNK {blockData=conID: 1 locID: 102666069091877343 bcsId: 0} | ret=SUCCESS |  
2019-08-23 11:31:32,174 | INFO  | DNAudit | user=null | ip=null | op=PUT_BLOCK {blockData=[blockId=conID: 1 locID: 102666069091877343 bcsId: 0,size=1048576]} | ret=SUCCESS |  
2019-08-23 11:31:32,174 | INFO  | DNAudit | user=null | ip=null | op=WRITE_CHUNK {blockData=conID: 1 locID: 102666069091877343 bcsId: 0} | ret=SUCCESS |  
2019-08-23 11:31:32,174 | INFO  | DNAudit | user=null | ip=null | op=WRITE_CHUNK {blockData=conID: 1 locID: 102666069091877343 bcsId: 0} | ret=SUCCESS |  
2019-08-23 11:31:32,174 | INFO  | DNAudit | user=null | ip=null | op=PUT_BLOCK {blockData=[blockId=conID: 1 locID: 102666069091877343 bcsId: 0,size=2097152]} | ret=SUCCESS |  
2019-08-23 11:31:32,175 [grpc-default-executor-5] INFO  client.GrpcClientProtocolClient (GrpcClientProtocolClient.java:onNext(255)) - client-C9E345EC67ED->244f13ac-34be-4c4e-8e45-0c0272edbbb2: receive RaftClientReply:client-C9E345EC67ED->244f13ac-34be-4c4e-8e45-0c0272edbbb2@group-FE77C852EF02, cid=1358, SUCCESS, logIndex=0, commits[244f13ac-34be-4c4e-8e45-0c0272edbbb2:c1884, 6287e41a-5356-4f55-84f2-270816d53e84:c1880, a2c18d3d-e79d-47c9-88fe-d8a1d195302b:c1880]
2019-08-23 11:31:32,175 | INFO  | DNAudit | user=null | ip=null | op=PUT_BLOCK {blockData=[blockId=conID: 1 locID: 102666069091877343 bcsId: 0,size=2097152]} | ret=SUCCESS |  
2019-08-23 11:31:32,180 | INFO  | DNAudit | user=null | ip=null | op=WRITE_CHUNK {blockData=conID: 1 locID: 102666069091877343 bcsId: 1882} | ret=SUCCESS |  
2019-08-23 11:31:32,181 | INFO  | DNAudit | user=null | ip=null | op=WRITE_CHUNK {blockData=conID: 1 locID: 102666069091877343 bcsId: 1882} | ret=SUCCESS |  
2019-08-23 11:31:32,183 | INFO  | DNAudit | user=null | ip=null | op=WRITE_CHUNK {blockData=conID: 1 locID: 102666069091877343 bcsId: 1882} | ret=SUCCESS |  
2019-08-23 11:31:32,192 | INFO  | DNAudit | user=null | ip=null | op=WRITE_CHUNK {blockData=conID: 1 locID: 102666069091877343 bcsId: 1882} | ret=SUCCESS |  
2019-08-23 11:31:32,192 | INFO  | DNAudit | user=null | ip=null | op=PUT_BLOCK {blockData=[blockId=conID: 1 locID: 102666069091877343 bcsId: 0,size=3145728]} | ret=SUCCESS |  
2019-08-23 11:31:32,193 [grpc-default-executor-1] INFO  client.GrpcClientProtocolClient (GrpcClientProtocolClient.java:onNext(255)) - client-C9E345EC67ED->244f13ac-34be-4c4e-8e45-0c0272edbbb2: receive RaftClientReply:client-C9E345EC67ED->244f13ac-34be-4c4e-8e45-0c0272edbbb2@group-FE77C852EF02, cid=1359, SUCCESS, logIndex=1887, commits[244f13ac-34be-4c4e-8e45-0c0272edbbb2:c1888, 6287e41a-5356-4f55-84f2-270816d53e84:c1886, a2c18d3d-e79d-47c9-88fe-d8a1d195302b:c1886]
2019-08-23 11:31:32,193 [grpc-default-executor-1] INFO  client.GrpcClientProtocolClient (GrpcClientProtocolClient.java:onNext(255)) - client-C9E345EC67ED->244f13ac-34be-4c4e-8e45-0c0272edbbb2: receive RaftClientReply:client-C9E345EC67ED->244f13ac-34be-4c4e-8e45-0c0272edbbb2@group-FE77C852EF02, cid=1360, SUCCESS, logIndex=1888, commits[244f13ac-34be-4c4e-8e45-0c0272edbbb2:c1888, 6287e41a-5356-4f55-84f2-270816d53e84:c1886, a2c18d3d-e79d-47c9-88fe-d8a1d195302b:c1886]
2019-08-23 11:31:32,198 | INFO  | DNAudit | user=null | ip=null | op=WRITE_CHUNK {blockData=conID: 1 locID: 102666069091877343 bcsId: 1888} | ret=SUCCESS |  
2019-08-23 11:31:32,200 | INFO  | DNAudit | user=null | ip=null | op=WRITE_CHUNK {blockData=conID: 1 locID: 102666069091877343 bcsId: 1888} | ret=SUCCESS |  
2019-08-23 11:31:32,201 | INFO  | DNAudit | user=null | ip=null | op=WRITE_CHUNK {blockData=conID: 1 locID: 102666069091877343 bcsId: 1888} | ret=SUCCESS |  
2019-08-23 11:31:32,203 | INFO  | DNAudit | user=null | ip=null | op=WRITE_CHUNK {blockData=conID: 1 locID: 102666069091877343 bcsId: 1882} | ret=SUCCESS |  
2019-08-23 11:31:32,203 | INFO  | DNAudit | user=null | ip=null | op=WRITE_CHUNK {blockData=conID: 1 locID: 102666069091877343 bcsId: 1882} | ret=SUCCESS |  
2019-08-23 11:31:32,205 | INFO  | DNAudit | user=null | ip=null | op=PUT_BLOCK {blockData=[blockId=conID: 1 locID: 102666069091877343 bcsId: 0,size=3145728]} | ret=SUCCESS |  
2019-08-23 11:31:32,205 | INFO  | DNAudit | user=null | ip=null | op=PUT_BLOCK {blockData=[blockId=conID: 1 locID: 102666069091877343 bcsId: 0,size=3145728]} | ret=SUCCESS |  
2019-08-23 11:31:32,205 | INFO  | DNAudit | user=null | ip=null | op=WRITE_CHUNK {blockData=conID: 1 locID: 102666069091877343 bcsId: 1888} | ret=SUCCESS |  
2019-08-23 11:31:32,206 | INFO  | DNAudit | user=null | ip=null | op=PUT_BLOCK {blockData=[blockId=conID: 1 locID: 102666069091877343 bcsId: 0,size=4194304]} | ret=SUCCESS |  
2019-08-23 11:31:32,206 [grpc-default-executor-5] INFO  client.GrpcClientProtocolClient (GrpcClientProtocolClient.java:onNext(255)) - client-C9E345EC67ED->244f13ac-34be-4c4e-8e45-0c0272edbbb2: receive RaftClientReply:client-C9E345EC67ED->244f13ac-34be-4c4e-8e45-0c0272edbbb2@group-FE77C852EF02, cid=1361, SUCCESS, logIndex=1891, commits[244f13ac-34be-4c4e-8e45-0c0272edbbb2:c1892, 6287e41a-5356-4f55-84f2-270816d53e84:c1888, a2c18d3d-e79d-47c9-88fe-d8a1d195302b:c1888]
2019-08-23 11:31:32,206 [grpc-default-executor-5] INFO  client.GrpcClientProtocolClient (GrpcClientProtocolClient.java:onNext(255)) - client-C9E345EC67ED->244f13ac-34be-4c4e-8e45-0c0272edbbb2: receive RaftClientReply:client-C9E345EC67ED->244f13ac-34be-4c4e-8e45-0c0272edbbb2@group-FE77C852EF02, cid=1362, SUCCESS, logIndex=1892, commits[244f13ac-34be-4c4e-8e45-0c0272edbbb2:c1892, 6287e41a-5356-4f55-84f2-270816d53e84:c1888, a2c18d3d-e79d-47c9-88fe-d8a1d195302b:c1888]
2019-08-23 11:31:32,217 | INFO  | DNAudit | user=null | ip=null | op=WRITE_CHUNK {blockData=conID: 1 locID: 102666069091877343 bcsId: 1888} | ret=SUCCESS |  
2019-08-23 11:31:32,217 | INFO  | DNAudit | user=null | ip=null | op=WRITE_CHUNK {blockData=conID: 1 locID: 102666069091877343 bcsId: 1888} | ret=SUCCESS |  
2019-08-23 11:31:32,218 | INFO  | DNAudit | user=null | ip=null | op=PUT_BLOCK {blockData=[blockId=conID: 1 locID: 102666069091877343 bcsId: 0,size=4194304]} | ret=SUCCESS |  
2019-08-23 11:31:32,218 | INFO  | DNAudit | user=null | ip=null | op=PUT_BLOCK {blockData=[blockId=conID: 1 locID: 102666069091877343 bcsId: 0,size=4194304]} | ret=SUCCESS |  
2019-08-23 11:31:32,219 [grpc-default-executor-1] INFO  client.GrpcClientProtocolClient (GrpcClientProtocolClient.java:onNext(255)) - client-C9E345EC67ED->244f13ac-34be-4c4e-8e45-0c0272edbbb2: receive RaftClientReply:client-C9E345EC67ED->244f13ac-34be-4c4e-8e45-0c0272edbbb2@group-FE77C852EF02, cid=1363, SUCCESS, logIndex=0, commits[244f13ac-34be-4c4e-8e45-0c0272edbbb2:c1893, 6287e41a-5356-4f55-84f2-270816d53e84:c1892, a2c18d3d-e79d-47c9-88fe-d8a1d195302b:c1892]
2019-08-23 11:31:32,223 | INFO  | SCMAudit | user=jenkins1000 | ip=192.168.5.185 | op=ALLOCATE_BLOCK {owner=00a23185-76ea-47b5-a641-ad3cfbe5521a, size=4194304, type=RATIS, factor=THREE} | ret=SUCCESS |  
2019-08-23 11:31:32,225 | INFO  | OMAudit | user=jenkins1000 | ip=127.0.0.1 | op=ALLOCATE_BLOCK {volume=vol-0-37508, bucket=bucket-0-50919, key=key-0-57313, dataSize=0, replicationType=null, replicationFactor=null, keyLocationInfo=null, clientID=102666068570931602} | ret=SUCCESS |  
2019-08-23 11:31:32,231 | INFO  | DNAudit | user=null | ip=null | op=WRITE_CHUNK {blockData=conID: 2 locID: 102666069096661472 bcsId: 0} | ret=SUCCESS |  
2019-08-23 11:31:32,233 | INFO  | DNAudit | user=null | ip=null | op=WRITE_CHUNK {blockData=conID: 2 locID: 102666069096661472 bcsId: 0} | ret=SUCCESS |  
2019-08-23 11:31:32,233 | INFO  | DNAudit | user=null | ip=null | op=WRITE_CHUNK {blockData=conID: 2 locID: 102666069096661472 bcsId: 0} | ret=SUCCESS |  
2019-08-23 11:31:32,233 | INFO  | DNAudit | user=null | ip=null | op=WRITE_CHUNK {blockData=conID: 2 locID: 102666069096661472 bcsId: 0} | ret=SUCCESS |  
2019-08-23 11:31:32,234 | INFO  | DNAudit | user=null | ip=null | op=WRITE_CHUNK {blockData=conID: 2 locID: 102666069096661472 bcsId: 0} | ret=SUCCESS |  
2019-08-23 11:31:32,236 | INFO  | DNAudit | user=null | ip=null | op=WRITE_CHUNK {blockData=conID: 2 locID: 102666069096661472 bcsId: 0} | ret=SUCCESS |  
2019-08-23 11:31:32,241 | INFO  | DNAudit | user=null | ip=null | op=WRITE_CHUNK {blockData=conID: 2 locID: 102666069096661472 bcsId: 0} | ret=SUCCESS |  
2019-08-23 11:31:32,241 | INFO  | DNAudit | user=null | ip=null | op=PUT_BLOCK {blockData=[blockId=conID: 2 locID: 102666069096661472 bcsId: 0,size=1048576]} | ret=SUCCESS |  
2019-08-23 11:31:32,241 [grpc-default-executor-1] INFO  client.GrpcClientProtocolClient (GrpcClientProtocolClient.java:onNext(255)) - client-C9E345EC67ED->244f13ac-34be-4c4e-8e45-0c0272edbbb2: receive RaftClientReply:client-C9E345EC67ED->244f13ac-34be-4c4e-8e45-0c0272edbbb2@group-FE77C852EF02, cid=1364, SUCCESS, logIndex=1895, commits[244f13ac-34be-4c4e-8e45-0c0272edbbb2:c1897, 6287e41a-5356-4f55-84f2-270816d53e84:c1894, a2c18d3d-e79d-47c9-88fe-d8a1d195302b:c1894]
2019-08-23 11:31:32,241 | INFO  | DNAudit | user=null | ip=null | op=WRITE_CHUNK {blockData=conID: 2 locID: 102666069096661472 bcsId: 0} | ret=SUCCESS |  
2019-08-23 11:31:32,242 [grpc-default-executor-1] INFO  client.GrpcClientProtocolClient (GrpcClientProtocolClient.java:onNext(255)) - client-C9E345EC67ED->244f13ac-34be-4c4e-8e45-0c0272edbbb2: receive RaftClientReply:client-C9E345EC67ED->244f13ac-34be-4c4e-8e45-0c0272edbbb2@group-FE77C852EF02, cid=1365, SUCCESS, logIndex=1896, commits[244f13ac-34be-4c4e-8e45-0c0272edbbb2:c1898, 6287e41a-5356-4f55-84f2-270816d53e84:c1894, a2c18d3d-e79d-47c9-88fe-d8a1d195302b:c1894]
2019-08-23 11:31:32,242 | INFO  | DNAudit | user=null | ip=null | op=PUT_BLOCK {blockData=[blockId=conID: 2 locID: 102666069096661472 bcsId: 0,size=2097152]} | ret=SUCCESS |  
2019-08-23 11:31:32,242 [grpc-default-executor-1] INFO  client.GrpcClientProtocolClient (GrpcClientProtocolClient.java:onNext(255)) - client-C9E345EC67ED->244f13ac-34be-4c4e-8e45-0c0272edbbb2: receive RaftClientReply:client-C9E345EC67ED->244f13ac-34be-4c4e-8e45-0c0272edbbb2@group-FE77C852EF02, cid=1366, SUCCESS, logIndex=1897, commits[244f13ac-34be-4c4e-8e45-0c0272edbbb2:c1898, 6287e41a-5356-4f55-84f2-270816d53e84:c1894, a2c18d3d-e79d-47c9-88fe-d8a1d195302b:c1894]
2019-08-23 11:31:32,242 [grpc-default-executor-1] INFO  client.GrpcClientProtocolClient (GrpcClientProtocolClient.java:onNext(255)) - client-C9E345EC67ED->244f13ac-34be-4c4e-8e45-0c0272edbbb2: receive RaftClientReply:client-C9E345EC67ED->244f13ac-34be-4c4e-8e45-0c0272edbbb2@group-FE77C852EF02, cid=1367, SUCCESS, logIndex=1898, commits[244f13ac-34be-4c4e-8e45-0c0272edbbb2:c1898, 6287e41a-5356-4f55-84f2-270816d53e84:c1894, a2c18d3d-e79d-47c9-88fe-d8a1d195302b:c1894]
2019-08-23 11:31:32,242 | INFO  | DNAudit | user=null | ip=null | op=WRITE_CHUNK {blockData=conID: 2 locID: 102666069096661472 bcsId: 0} | ret=SUCCESS |  
2019-08-23 11:31:32,243 | INFO  | DNAudit | user=null | ip=null | op=WRITE_CHUNK {blockData=conID: 2 locID: 102666069096661472 bcsId: 0} | ret=SUCCESS |  
2019-08-23 11:31:32,243 | INFO  | DNAudit | user=null | ip=null | op=PUT_BLOCK {blockData=[blockId=conID: 2 locID: 102666069096661472 bcsId: 0,size=1048576]} | ret=SUCCESS |  
2019-08-23 11:31:32,243 | INFO  | DNAudit | user=null | ip=null | op=WRITE_CHUNK {blockData=conID: 2 locID: 102666069096661472 bcsId: 0} | ret=SUCCESS |  
2019-08-23 11:31:32,244 | INFO  | DNAudit | user=null | ip=null | op=PUT_BLOCK {blockData=[blockId=conID: 2 locID: 102666069096661472 bcsId: 0,size=1048576]} | ret=SUCCESS |  
2019-08-23 11:31:32,244 | INFO  | DNAudit | user=null | ip=null | op=PUT_BLOCK {blockData=[blockId=conID: 2 locID: 102666069096661472 bcsId: 0,size=2097152]} | ret=SUCCESS |  
2019-08-23 11:31:32,244 | INFO  | DNAudit | user=null | ip=null | op=WRITE_CHUNK {blockData=conID: 2 locID: 102666069096661472 bcsId: 0} | ret=SUCCESS |  
2019-08-23 11:31:32,244 | INFO  | DNAudit | user=null | ip=null | op=PUT_BLOCK {blockData=[blockId=conID: 2 locID: 102666069096661472 bcsId: 0,size=2097152]} | ret=SUCCESS |  
2019-08-23 11:31:32,245 [grpc-default-executor-4] INFO  client.GrpcClientProtocolClient (GrpcClientProtocolClient.java:onNext(255)) - client-C9E345EC67ED->244f13ac-34be-4c4e-8e45-0c0272edbbb2: receive RaftClientReply:client-C9E345EC67ED->244f13ac-34be-4c4e-8e45-0c0272edbbb2@group-FE77C852EF02, cid=1368, SUCCESS, logIndex=0, commits[244f13ac-34be-4c4e-8e45-0c0272edbbb2:c1901, 6287e41a-5356-4f55-84f2-270816d53e84:c1896, a2c18d3d-e79d-47c9-88fe-d8a1d195302b:c1897]
2019-08-23 11:31:32,250 | INFO  | DNAudit | user=null | ip=null | op=WRITE_CHUNK {blockData=conID: 2 locID: 102666069096661472 bcsId: 1898} | ret=SUCCESS |  
2019-08-23 11:31:32,252 | INFO  | DNAudit | user=null | ip=null | op=WRITE_CHUNK {blockData=conID: 2 locID: 102666069096661472 bcsId: 1898} | ret=SUCCESS |  
2019-08-23 11:31:32,252 | INFO  | DNAudit | user=null | ip=null | op=WRITE_CHUNK {blockData=conID: 2 locID: 102666069096661472 bcsId: 1898} | ret=SUCCESS |  
2019-08-23 11:31:32,256 | INFO  | DNAudit | user=null | ip=null | op=WRITE_CHUNK {blockData=conID: 2 locID: 102666069096661472 bcsId: 1898} | ret=SUCCESS |  
2019-08-23 11:31:32,257 | INFO  | DNAudit | user=null | ip=null | op=PUT_BLOCK {blockData=[blockId=conID: 2 locID: 102666069096661472 bcsId: 0,size=3145728]} | ret=SUCCESS |  
2019-08-23 11:31:32,257 [grpc-default-executor-1] INFO  client.GrpcClientProtocolClient (GrpcClientProtocolClient.java:onNext(255)) - client-C9E345EC67ED->244f13ac-34be-4c4e-8e45-0c0272edbbb2: receive RaftClientReply:client-C9E345EC67ED->244f13ac-34be-4c4e-8e45-0c0272edbbb2@group-FE77C852EF02, cid=1369, SUCCESS, logIndex=1903, commits[244f13ac-34be-4c4e-8e45-0c0272edbbb2:c1904, 6287e41a-5356-4f55-84f2-270816d53e84:c1902, a2c18d3d-e79d-47c9-88fe-d8a1d195302b:c1902]
2019-08-23 11:31:32,257 [grpc-default-executor-1] INFO  client.GrpcClientProtocolClient (GrpcClientProtocolClient.java:onNext(255)) - client-C9E345EC67ED->244f13ac-34be-4c4e-8e45-0c0272edbbb2: receive RaftClientReply:client-C9E345EC67ED->244f13ac-34be-4c4e-8e45-0c0272edbbb2@group-FE77C852EF02, cid=1370, SUCCESS, logIndex=1904, commits[244f13ac-34be-4c4e-8e45-0c0272edbbb2:c1904, 6287e41a-5356-4f55-84f2-270816d53e84:c1902, a2c18d3d-e79d-47c9-88fe-d8a1d195302b:c1902]
2019-08-23 11:31:32,263 | INFO  | DNAudit | user=null | ip=null | op=WRITE_CHUNK {blockData=conID: 2 locID: 102666069096661472 bcsId: 1904} | ret=SUCCESS |  
2019-08-23 11:31:32,265 | INFO  | DNAudit | user=null | ip=null | op=WRITE_CHUNK {blockData=conID: 2 locID: 102666069096661472 bcsId: 1904} | ret=SUCCESS |  
2019-08-23 11:31:32,265 | INFO  | DNAudit | user=null | ip=null | op=WRITE_CHUNK {blockData=conID: 2 locID: 102666069096661472 bcsId: 1904} | ret=SUCCESS |  
2019-08-23 11:31:32,268 | INFO  | DNAudit | user=null | ip=null | op=WRITE_CHUNK {blockData=conID: 2 locID: 102666069096661472 bcsId: 1898} | ret=SUCCESS |  
2019-08-23 11:31:32,268 | INFO  | DNAudit | user=null | ip=null | op=WRITE_CHUNK {blockData=conID: 2 locID: 102666069096661472 bcsId: 1898} | ret=SUCCESS |  
2019-08-23 11:31:32,270 | INFO  | DNAudit | user=null | ip=null | op=PUT_BLOCK {blockData=[blockId=conID: 2 locID: 102666069096661472 bcsId: 0,size=3145728]} | ret=SUCCESS |  
2019-08-23 11:31:32,270 | INFO  | DNAudit | user=null | ip=null | op=PUT_BLOCK {blockData=[blockId=conID: 2 locID: 102666069096661472 bcsId: 0,size=3145728]} | ret=SUCCESS |  
2019-08-23 11:31:32,270 | INFO  | DNAudit | user=null | ip=null | op=WRITE_CHUNK {blockData=conID: 2 locID: 102666069096661472 bcsId: 1904} | ret=SUCCESS |  
2019-08-23 11:31:32,271 | INFO  | DNAudit | user=null | ip=null | op=PUT_BLOCK {blockData=[blockId=conID: 2 locID: 102666069096661472 bcsId: 0,size=4194304]} | ret=SUCCESS |  
2019-08-23 11:31:32,271 [grpc-default-executor-5] INFO  client.GrpcClientProtocolClient (GrpcClientProtocolClient.java:onNext(255)) - client-C9E345EC67ED->244f13ac-34be-4c4e-8e45-0c0272edbbb2: receive RaftClientReply:client-C9E345EC67ED->244f13ac-34be-4c4e-8e45-0c0272edbbb2@group-FE77C852EF02, cid=1371, SUCCESS, logIndex=1907, commits[244f13ac-34be-4c4e-8e45-0c0272edbbb2:c1908, 6287e41a-5356-4f55-84f2-270816d53e84:c1904, a2c18d3d-e79d-47c9-88fe-d8a1d195302b:c1904]
2019-08-23 11:31:32,271 [grpc-default-executor-5] INFO  client.GrpcClientProtocolClient (GrpcClientProtocolClient.java:onNext(255)) - client-C9E345EC67ED->244f13ac-34be-4c4e-8e45-0c0272edbbb2: receive RaftClientReply:client-C9E345EC67ED->244f13ac-34be-4c4e-8e45-0c0272edbbb2@group-FE77C852EF02, cid=1372, SUCCESS, logIndex=1908, commits[244f13ac-34be-4c4e-8e45-0c0272edbbb2:c1908, 6287e41a-5356-4f55-84f2-270816d53e84:c1904, a2c18d3d-e79d-47c9-88fe-d8a1d195302b:c1904]
2019-08-23 11:31:32,284 | INFO  | DNAudit | user=null | ip=null | op=WRITE_CHUNK {blockData=conID: 2 locID: 102666069096661472 bcsId: 1904} | ret=SUCCESS |  
2019-08-23 11:31:32,284 | INFO  | DNAudit | user=null | ip=null | op=WRITE_CHUNK {blockData=conID: 2 locID: 102666069096661472 bcsId: 1904} | ret=SUCCESS |  
2019-08-23 11:31:32,285 | INFO  | DNAudit | user=null | ip=null | op=PUT_BLOCK {blockData=[blockId=conID: 2 locID: 102666069096661472 bcsId: 0,size=4194304]} | ret=SUCCESS |  
2019-08-23 11:31:32,285 | INFO  | DNAudit | user=null | ip=null | op=PUT_BLOCK {blockData=[blockId=conID: 2 locID: 102666069096661472 bcsId: 0,size=4194304]} | ret=SUCCESS |  
2019-08-23 11:31:32,285 [grpc-default-executor-1] INFO  client.GrpcClientProtocolClient (GrpcClientProtocolClient.java:onNext(255)) - client-C9E345EC67ED->244f13ac-34be-4c4e-8e45-0c0272edbbb2: receive RaftClientReply:client-C9E345EC67ED->244f13ac-34be-4c4e-8e45-0c0272edbbb2@group-FE77C852EF02, cid=1373, SUCCESS, logIndex=0, commits[244f13ac-34be-4c4e-8e45-0c0272edbbb2:c1910, 6287e41a-5356-4f55-84f2-270816d53e84:c1908, a2c18d3d-e79d-47c9-88fe-d8a1d195302b:c1908]
2019-08-23 11:31:32,289 | INFO  | SCMAudit | user=jenkins1000 | ip=192.168.5.185 | op=ALLOCATE_BLOCK {owner=00a23185-76ea-47b5-a641-ad3cfbe5521a, size=4194304, type=RATIS, factor=THREE} | ret=SUCCESS |  
2019-08-23 11:31:32,292 | INFO  | OMAudit | user=jenkins1000 | ip=127.0.0.1 | op=ALLOCATE_BLOCK {volume=vol-0-37508, bucket=bucket-0-50919, key=key-0-57313, dataSize=0, replicationType=null, replicationFactor=null, keyLocationInfo=null, clientID=102666068570931602} | ret=SUCCESS |  
2019-08-23 11:31:32,298 | INFO  | DNAudit | user=null | ip=null | op=WRITE_CHUNK {blockData=conID: 3 locID: 102666069101052385 bcsId: 0} | ret=SUCCESS |  
2019-08-23 11:31:32,300 | INFO  | DNAudit | user=null | ip=null | op=WRITE_CHUNK {blockData=conID: 3 locID: 102666069101052385 bcsId: 0} | ret=SUCCESS |  
2019-08-23 11:31:32,300 | INFO  | DNAudit | user=null | ip=null | op=WRITE_CHUNK {blockData=conID: 3 locID: 102666069101052385 bcsId: 0} | ret=SUCCESS |  
2019-08-23 11:31:32,300 | INFO  | DNAudit | user=null | ip=null | op=WRITE_CHUNK {blockData=conID: 3 locID: 102666069101052385 bcsId: 0} | ret=SUCCESS |  
2019-08-23 11:31:32,301 | INFO  | DNAudit | user=null | ip=null | op=WRITE_CHUNK {blockData=conID: 3 locID: 102666069101052385 bcsId: 0} | ret=SUCCESS |  
2019-08-23 11:31:32,301 | INFO  | DNAudit | user=null | ip=null | op=WRITE_CHUNK {blockData=conID: 3 locID: 102666069101052385 bcsId: 0} | ret=SUCCESS |  
2019-08-23 11:31:32,310 | INFO  | DNAudit | user=null | ip=null | op=WRITE_CHUNK {blockData=conID: 3 locID: 102666069101052385 bcsId: 0} | ret=SUCCESS |  
2019-08-23 11:31:32,310 | INFO  | DNAudit | user=null | ip=null | op=PUT_BLOCK {blockData=[blockId=conID: 3 locID: 102666069101052385 bcsId: 0,size=1048576]} | ret=SUCCESS |  
2019-08-23 11:31:32,310 [grpc-default-executor-1] INFO  client.GrpcClientProtocolClient (GrpcClientProtocolClient.java:onNext(255)) - client-C9E345EC67ED->244f13ac-34be-4c4e-8e45-0c0272edbbb2: receive RaftClientReply:client-C9E345EC67ED->244f13ac-34be-4c4e-8e45-0c0272edbbb2@group-FE77C852EF02, cid=1374, SUCCESS, logIndex=1911, commits[244f13ac-34be-4c4e-8e45-0c0272edbbb2:c1913, 6287e41a-5356-4f55-84f2-270816d53e84:c1910, a2c18d3d-e79d-47c9-88fe-d8a1d195302b:c1910]
2019-08-23 11:31:32,310 | INFO  | DNAudit | user=null | ip=null | op=WRITE_CHUNK {blockData=conID: 3 locID: 102666069101052385 bcsId: 0} | ret=SUCCESS |  
2019-08-23 11:31:32,311 | INFO  | DNAudit | user=null | ip=null | op=PUT_BLOCK {blockData=[blockId=conID: 3 locID: 102666069101052385 bcsId: 0,size=2097152]} | ret=SUCCESS |  
2019-08-23 11:31:32,311 [grpc-default-executor-1] INFO  client.GrpcClientProtocolClient (GrpcClientProtocolClient.java:onNext(255)) - client-C9E345EC67ED->244f13ac-34be-4c4e-8e45-0c0272edbbb2: receive RaftClientReply:client-C9E345EC67ED->244f13ac-34be-4c4e-8e45-0c0272edbbb2@group-FE77C852EF02, cid=1375, SUCCESS, logIndex=1912, commits[244f13ac-34be-4c4e-8e45-0c0272edbbb2:c1914, 6287e41a-5356-4f55-84f2-270816d53e84:c1910, a2c18d3d-e79d-47c9-88fe-d8a1d195302b:c1910]
2019-08-23 11:31:32,311 [grpc-default-executor-1] INFO  client.GrpcClientProtocolClient (GrpcClientProtocolClient.java:onNext(255)) - client-C9E345EC67ED->244f13ac-34be-4c4e-8e45-0c0272edbbb2: receive RaftClientReply:client-C9E345EC67ED->244f13ac-34be-4c4e-8e45-0c0272edbbb2@group-FE77C852EF02, cid=1376, SUCCESS, logIndex=1913, commits[244f13ac-34be-4c4e-8e45-0c0272edbbb2:c1914, 6287e41a-5356-4f55-84f2-270816d53e84:c1910, a2c18d3d-e79d-47c9-88fe-d8a1d195302b:c1910]
2019-08-23 11:31:32,311 | INFO  | DNAudit | user=null | ip=null | op=WRITE_CHUNK {blockData=conID: 3 locID: 102666069101052385 bcsId: 0} | ret=SUCCESS |  
2019-08-23 11:31:32,311 | INFO  | DNAudit | user=null | ip=null | op=WRITE_CHUNK {blockData=conID: 3 locID: 102666069101052385 bcsId: 0} | ret=SUCCESS |  
2019-08-23 11:31:32,311 [grpc-default-executor-1] INFO  client.GrpcClientProtocolClient (GrpcClientProtocolClient.java:onNext(255)) - client-C9E345EC67ED->244f13ac-34be-4c4e-8e45-0c0272edbbb2: receive RaftClientReply:client-C9E345EC67ED->244f13ac-34be-4c4e-8e45-0c0272edbbb2@group-FE77C852EF02, cid=1377, SUCCESS, logIndex=1914, commits[244f13ac-34be-4c4e-8e45-0c0272edbbb2:c1914, 6287e41a-5356-4f55-84f2-270816d53e84:c1910, a2c18d3d-e79d-47c9-88fe-d8a1d195302b:c1910]
2019-08-23 11:31:32,312 | INFO  | DNAudit | user=null | ip=null | op=PUT_BLOCK {blockData=[blockId=conID: 3 locID: 102666069101052385 bcsId: 0,size=1048576]} | ret=SUCCESS |  
2019-08-23 11:31:32,312 | INFO  | DNAudit | user=null | ip=null | op=PUT_BLOCK {blockData=[blockId=conID: 3 locID: 102666069101052385 bcsId: 0,size=1048576]} | ret=SUCCESS |  
2019-08-23 11:31:32,312 | INFO  | DNAudit | user=null | ip=null | op=WRITE_CHUNK {blockData=conID: 3 locID: 102666069101052385 bcsId: 0} | ret=SUCCESS |  
2019-08-23 11:31:32,312 | INFO  | DNAudit | user=null | ip=null | op=WRITE_CHUNK {blockData=conID: 3 locID: 102666069101052385 bcsId: 0} | ret=SUCCESS |  
2019-08-23 11:31:32,313 | INFO  | DNAudit | user=null | ip=null | op=PUT_BLOCK {blockData=[blockId=conID: 3 locID: 102666069101052385 bcsId: 0,size=2097152]} | ret=SUCCESS |  
2019-08-23 11:31:32,313 | INFO  | DNAudit | user=null | ip=null | op=PUT_BLOCK {blockData=[blockId=conID: 3 locID: 102666069101052385 bcsId: 0,size=2097152]} | ret=SUCCESS |  
2019-08-23 11:31:32,313 [grpc-default-executor-5] INFO  client.GrpcClientProtocolClient (GrpcClientProtocolClient.java:onNext(255)) - client-C9E345EC67ED->244f13ac-34be-4c4e-8e45-0c0272edbbb2: receive RaftClientReply:client-C9E345EC67ED->244f13ac-34be-4c4e-8e45-0c0272edbbb2@group-FE77C852EF02, cid=1378, SUCCESS, logIndex=0, commits[244f13ac-34be-4c4e-8e45-0c0272edbbb2:c1916, 6287e41a-5356-4f55-84f2-270816d53e84:c1912, a2c18d3d-e79d-47c9-88fe-d8a1d195302b:c1912]
2019-08-23 11:31:32,318 | INFO  | DNAudit | user=null | ip=null | op=WRITE_CHUNK {blockData=conID: 3 locID: 102666069101052385 bcsId: 1914} | ret=SUCCESS |  
2019-08-23 11:31:32,320 | INFO  | DNAudit | user=null | ip=null | op=WRITE_CHUNK {blockData=conID: 3 locID: 102666069101052385 bcsId: 1914} | ret=SUCCESS |  
2019-08-23 11:31:32,320 | INFO  | DNAudit | user=null | ip=null | op=WRITE_CHUNK {blockData=conID: 3 locID: 102666069101052385 bcsId: 1914} | ret=SUCCESS |  
2019-08-23 11:31:32,330 | INFO  | DNAudit | user=null | ip=null | op=WRITE_CHUNK {blockData=conID: 3 locID: 102666069101052385 bcsId: 1914} | ret=SUCCESS |  
2019-08-23 11:31:32,331 | INFO  | DNAudit | user=null | ip=null | op=PUT_BLOCK {blockData=[blockId=conID: 3 locID: 102666069101052385 bcsId: 0,size=3145728]} | ret=SUCCESS |  
2019-08-23 11:31:32,331 [grpc-default-executor-5] INFO  client.GrpcClientProtocolClient (GrpcClientProtocolClient.java:onNext(255)) - client-C9E345EC67ED->244f13ac-34be-4c4e-8e45-0c0272edbbb2: receive RaftClientReply:client-C9E345EC67ED->244f13ac-34be-4c4e-8e45-0c0272edbbb2@group-FE77C852EF02, cid=1379, SUCCESS, logIndex=1919, commits[244f13ac-34be-4c4e-8e45-0c0272edbbb2:c1920, 6287e41a-5356-4f55-84f2-270816d53e84:c1918, a2c18d3d-e79d-47c9-88fe-d8a1d195302b:c1918]
2019-08-23 11:31:32,331 [grpc-default-executor-5] INFO  client.GrpcClientProtocolClient (GrpcClientProtocolClient.java:onNext(255)) - client-C9E345EC67ED->244f13ac-34be-4c4e-8e45-0c0272edbbb2: receive RaftClientReply:client-C9E345EC67ED->244f13ac-34be-4c4e-8e45-0c0272edbbb2@group-FE77C852EF02, cid=1380, SUCCESS, logIndex=1920, commits[244f13ac-34be-4c4e-8e45-0c0272edbbb2:c1920, 6287e41a-5356-4f55-84f2-270816d53e84:c1918, a2c18d3d-e79d-47c9-88fe-d8a1d195302b:c1918]
2019-08-23 11:31:32,336 | INFO  | DNAudit | user=null | ip=null | op=WRITE_CHUNK {blockData=conID: 3 locID: 102666069101052385 bcsId: 1920} | ret=SUCCESS |  
2019-08-23 11:31:32,338 | INFO  | DNAudit | user=null | ip=null | op=WRITE_CHUNK {blockData=conID: 3 locID: 102666069101052385 bcsId: 1920} | ret=SUCCESS |  
2019-08-23 11:31:32,338 | INFO  | DNAudit | user=null | ip=null | op=WRITE_CHUNK {blockData=conID: 3 locID: 102666069101052385 bcsId: 1920} | ret=SUCCESS |  
2019-08-23 11:31:32,342 | INFO  | DNAudit | user=null | ip=null | op=WRITE_CHUNK {blockData=conID: 3 locID: 102666069101052385 bcsId: 1914} | ret=SUCCESS |  
2019-08-23 11:31:32,342 | INFO  | DNAudit | user=null | ip=null | op=WRITE_CHUNK {blockData=conID: 3 locID: 102666069101052385 bcsId: 1914} | ret=SUCCESS |  
2019-08-23 11:31:32,342 | INFO  | DNAudit | user=null | ip=null | op=PUT_BLOCK {blockData=[blockId=conID: 3 locID: 102666069101052385 bcsId: 0,size=3145728]} | ret=SUCCESS |  
2019-08-23 11:31:32,342 | INFO  | DNAudit | user=null | ip=null | op=PUT_BLOCK {blockData=[blockId=conID: 3 locID: 102666069101052385 bcsId: 0,size=3145728]} | ret=SUCCESS |  
2019-08-23 11:31:32,343 | INFO  | DNAudit | user=null | ip=null | op=WRITE_CHUNK {blockData=conID: 3 locID: 102666069101052385 bcsId: 1920} | ret=SUCCESS |  
2019-08-23 11:31:32,344 | INFO  | DNAudit | user=null | ip=null | op=PUT_BLOCK {blockData=[blockId=conID: 3 locID: 102666069101052385 bcsId: 0,size=4194304]} | ret=SUCCESS |  
2019-08-23 11:31:32,344 [grpc-default-executor-1] INFO  client.GrpcClientProtocolClient (GrpcClientProtocolClient.java:onNext(255)) - client-C9E345EC67ED->244f13ac-34be-4c4e-8e45-0c0272edbbb2: receive RaftClientReply:client-C9E345EC67ED->244f13ac-34be-4c4e-8e45-0c0272edbbb2@group-FE77C852EF02, cid=1381, SUCCESS, logIndex=1923, commits[244f13ac-34be-4c4e-8e45-0c0272edbbb2:c1924, 6287e41a-5356-4f55-84f2-270816d53e84:c1920, a2c18d3d-e79d-47c9-88fe-d8a1d195302b:c1920]
2019-08-23 11:31:32,344 [grpc-default-executor-1] INFO  client.GrpcClientProtocolClient (GrpcClientProtocolClient.java:onNext(255)) - client-C9E345EC67ED->244f13ac-34be-4c4e-8e45-0c0272edbbb2: receive RaftClientReply:client-C9E345EC67ED->244f13ac-34be-4c4e-8e45-0c0272edbbb2@group-FE77C852EF02, cid=1382, SUCCESS, logIndex=1924, commits[244f13ac-34be-4c4e-8e45-0c0272edbbb2:c1924, 6287e41a-5356-4f55-84f2-270816d53e84:c1920, a2c18d3d-e79d-47c9-88fe-d8a1d195302b:c1920]
2019-08-23 11:31:32,355 | INFO  | DNAudit | user=null | ip=null | op=WRITE_CHUNK {blockData=conID: 3 locID: 102666069101052385 bcsId: 1920} | ret=SUCCESS |  
2019-08-23 11:31:32,355 | INFO  | DNAudit | user=null | ip=null | op=WRITE_CHUNK {blockData=conID: 3 locID: 102666069101052385 bcsId: 1920} | ret=SUCCESS |  
2019-08-23 11:31:32,355 | INFO  | DNAudit | user=null | ip=null | op=PUT_BLOCK {blockData=[blockId=conID: 3 locID: 102666069101052385 bcsId: 0,size=4194304]} | ret=SUCCESS |  
2019-08-23 11:31:32,355 | INFO  | DNAudit | user=null | ip=null | op=PUT_BLOCK {blockData=[blockId=conID: 3 locID: 102666069101052385 bcsId: 0,size=4194304]} | ret=SUCCESS |  
2019-08-23 11:31:32,356 [grpc-default-executor-1] INFO  client.GrpcClientProtocolClient (GrpcClientProtocolClient.java:onNext(255)) - client-C9E345EC67ED->244f13ac-34be-4c4e-8e45-0c0272edbbb2: receive RaftClientReply:client-C9E345EC67ED->244f13ac-34be-4c4e-8e45-0c0272edbbb2@group-FE77C852EF02, cid=1383, SUCCESS, logIndex=0, commits[244f13ac-34be-4c4e-8e45-0c0272edbbb2:c1925, 6287e41a-5356-4f55-84f2-270816d53e84:c1924, a2c18d3d-e79d-47c9-88fe-d8a1d195302b:c1924]
2019-08-23 11:31:32,359 | INFO  | SCMAudit | user=jenkins1000 | ip=192.168.5.185 | op=ALLOCATE_BLOCK {owner=00a23185-76ea-47b5-a641-ad3cfbe5521a, size=4194304, type=RATIS, factor=THREE} | ret=SUCCESS |  
2019-08-23 11:31:32,361 | INFO  | OMAudit | user=jenkins1000 | ip=127.0.0.1 | op=ALLOCATE_BLOCK {volume=vol-0-37508, bucket=bucket-0-50919, key=key-0-57313, dataSize=0, replicationType=null, replicationFactor=null, keyLocationInfo=null, clientID=102666068570931602} | ret=SUCCESS |  
2019-08-23 11:31:32,367 | INFO  | DNAudit | user=null | ip=null | op=WRITE_CHUNK {blockData=conID: 1 locID: 102666069105639906 bcsId: 0} | ret=SUCCESS |  
2019-08-23 11:31:32,369 | INFO  | DNAudit | user=null | ip=null | op=WRITE_CHUNK {blockData=conID: 1 locID: 102666069105639906 bcsId: 0} | ret=SUCCESS |  
2019-08-23 11:31:32,369 | INFO  | DNAudit | user=null | ip=null | op=WRITE_CHUNK {blockData=conID: 1 locID: 102666069105639906 bcsId: 0} | ret=SUCCESS |  
2019-08-23 11:31:32,370 | INFO  | DNAudit | user=null | ip=null | op=WRITE_CHUNK {blockData=conID: 1 locID: 102666069105639906 bcsId: 0} | ret=SUCCESS |  
2019-08-23 11:31:32,371 | INFO  | DNAudit | user=null | ip=null | op=WRITE_CHUNK {blockData=conID: 1 locID: 102666069105639906 bcsId: 0} | ret=SUCCESS |  
2019-08-23 11:31:32,371 | INFO  | DNAudit | user=null | ip=null | op=WRITE_CHUNK {blockData=conID: 1 locID: 102666069105639906 bcsId: 0} | ret=SUCCESS |  
2019-08-23 11:31:32,382 | INFO  | DNAudit | user=null | ip=null | op=WRITE_CHUNK {blockData=conID: 1 locID: 102666069105639906 bcsId: 0} | ret=SUCCESS |  
2019-08-23 11:31:32,382 | INFO  | DNAudit | user=null | ip=null | op=PUT_BLOCK {blockData=[blockId=conID: 1 locID: 102666069105639906 bcsId: 0,size=1048576]} | ret=SUCCESS |  
2019-08-23 11:31:32,383 | INFO  | DNAudit | user=null | ip=null | op=WRITE_CHUNK {blockData=conID: 1 locID: 102666069105639906 bcsId: 0} | ret=SUCCESS |  
2019-08-23 11:31:32,383 [grpc-default-executor-1] INFO  client.GrpcClientProtocolClient (GrpcClientProtocolClient.java:onNext(255)) - client-C9E345EC67ED->244f13ac-34be-4c4e-8e45-0c0272edbbb2: receive RaftClientReply:client-C9E345EC67ED->244f13ac-34be-4c4e-8e45-0c0272edbbb2@group-FE77C852EF02, cid=1384, SUCCESS, logIndex=1927, commits[244f13ac-34be-4c4e-8e45-0c0272edbbb2:c1930, 6287e41a-5356-4f55-84f2-270816d53e84:c1926, a2c18d3d-e79d-47c9-88fe-d8a1d195302b:c1926]
2019-08-23 11:31:32,383 | INFO  | DNAudit | user=null | ip=null | op=PUT_BLOCK {blockData=[blockId=conID: 1 locID: 102666069105639906 bcsId: 0,size=2097152]} | ret=SUCCESS |  
2019-08-23 11:31:32,383 [grpc-default-executor-1] INFO  client.GrpcClientProtocolClient (GrpcClientProtocolClient.java:onNext(255)) - client-C9E345EC67ED->244f13ac-34be-4c4e-8e45-0c0272edbbb2: receive RaftClientReply:client-C9E345EC67ED->244f13ac-34be-4c4e-8e45-0c0272edbbb2@group-FE77C852EF02, cid=1385, SUCCESS, logIndex=1928, commits[244f13ac-34be-4c4e-8e45-0c0272edbbb2:c1930, 6287e41a-5356-4f55-84f2-270816d53e84:c1926, a2c18d3d-e79d-47c9-88fe-d8a1d195302b:c1926]
2019-08-23 11:31:32,383 [grpc-default-executor-1] INFO  client.GrpcClientProtocolClient (GrpcClientProtocolClient.java:onNext(255)) - client-C9E345EC67ED->244f13ac-34be-4c4e-8e45-0c0272edbbb2: receive RaftClientReply:client-C9E345EC67ED->244f13ac-34be-4c4e-8e45-0c0272edbbb2@group-FE77C852EF02, cid=1386, SUCCESS, logIndex=1929, commits[244f13ac-34be-4c4e-8e45-0c0272edbbb2:c1930, 6287e41a-5356-4f55-84f2-270816d53e84:c1926, a2c18d3d-e79d-47c9-88fe-d8a1d195302b:c1926]
2019-08-23 11:31:32,384 [grpc-default-executor-1] INFO  client.GrpcClientProtocolClient (GrpcClientProtocolClient.java:onNext(255)) - client-C9E345EC67ED->244f13ac-34be-4c4e-8e45-0c0272edbbb2: receive RaftClientReply:client-C9E345EC67ED->244f13ac-34be-4c4e-8e45-0c0272edbbb2@group-FE77C852EF02, cid=1387, SUCCESS, logIndex=1930, commits[244f13ac-34be-4c4e-8e45-0c0272edbbb2:c1930, 6287e41a-5356-4f55-84f2-270816d53e84:c1926, a2c18d3d-e79d-47c9-88fe-d8a1d195302b:c1926]
2019-08-23 11:31:32,393 | INFO  | DNAudit | user=null | ip=null | op=WRITE_CHUNK {blockData=conID: 1 locID: 102666069105639906 bcsId: 0} | ret=SUCCESS |  
2019-08-23 11:31:32,393 | INFO  | DNAudit | user=null | ip=null | op=WRITE_CHUNK {blockData=conID: 1 locID: 102666069105639906 bcsId: 0} | ret=SUCCESS |  
2019-08-23 11:31:32,393 | INFO  | DNAudit | user=null | ip=null | op=PUT_BLOCK {blockData=[blockId=conID: 1 locID: 102666069105639906 bcsId: 0,size=1048576]} | ret=SUCCESS |  
2019-08-23 11:31:32,394 | INFO  | DNAudit | user=null | ip=null | op=PUT_BLOCK {blockData=[blockId=conID: 1 locID: 102666069105639906 bcsId: 0,size=1048576]} | ret=SUCCESS |  
2019-08-23 11:31:32,394 [grpc-default-executor-1] INFO  client.GrpcClientProtocolClient (GrpcClientProtocolClient.java:onNext(255)) - client-C9E345EC67ED->244f13ac-34be-4c4e-8e45-0c0272edbbb2: receive RaftClientReply:client-C9E345EC67ED->244f13ac-34be-4c4e-8e45-0c0272edbbb2@group-FE77C852EF02, cid=1388, SUCCESS, logIndex=0, commits[244f13ac-34be-4c4e-8e45-0c0272edbbb2:c1931, 6287e41a-5356-4f55-84f2-270816d53e84:c1928, a2c18d3d-e79d-47c9-88fe-d8a1d195302b:c1928]
2019-08-23 11:31:32,394 | INFO  | DNAudit | user=null | ip=null | op=WRITE_CHUNK {blockData=conID: 1 locID: 102666069105639906 bcsId: 0} | ret=SUCCESS |  
2019-08-23 11:31:32,394 | INFO  | DNAudit | user=null | ip=null | op=WRITE_CHUNK {blockData=conID: 1 locID: 102666069105639906 bcsId: 0} | ret=SUCCESS |  
2019-08-23 11:31:32,395 | INFO  | DNAudit | user=null | ip=null | op=PUT_BLOCK {blockData=[blockId=conID: 1 locID: 102666069105639906 bcsId: 0,size=2097152]} | ret=SUCCESS |  
2019-08-23 11:31:32,395 | INFO  | DNAudit | user=null | ip=null | op=PUT_BLOCK {blockData=[blockId=conID: 1 locID: 102666069105639906 bcsId: 0,size=2097152]} | ret=SUCCESS |  
2019-08-23 11:31:32,399 | INFO  | DNAudit | user=null | ip=null | op=WRITE_CHUNK {blockData=conID: 1 locID: 102666069105639906 bcsId: 1930} | ret=SUCCESS |  
2019-08-23 11:31:32,402 | INFO  | DNAudit | user=null | ip=null | op=WRITE_CHUNK {blockData=conID: 1 locID: 102666069105639906 bcsId: 1930} | ret=SUCCESS |  
2019-08-23 11:31:32,402 | INFO  | DNAudit | user=null | ip=null | op=WRITE_CHUNK {blockData=conID: 1 locID: 102666069105639906 bcsId: 1930} | ret=SUCCESS |  
2019-08-23 11:31:32,412 | INFO  | DNAudit | user=null | ip=null | op=WRITE_CHUNK {blockData=conID: 1 locID: 102666069105639906 bcsId: 1930} | ret=SUCCESS |  
2019-08-23 11:31:32,413 | INFO  | DNAudit | user=null | ip=null | op=PUT_BLOCK {blockData=[blockId=conID: 1 locID: 102666069105639906 bcsId: 0,size=3145728]} | ret=SUCCESS |  
2019-08-23 11:31:32,413 [grpc-default-executor-2] INFO  client.GrpcClientProtocolClient (GrpcClientProtocolClient.java:onNext(255)) - client-C9E345EC67ED->244f13ac-34be-4c4e-8e45-0c0272edbbb2: receive RaftClientReply:client-C9E345EC67ED->244f13ac-34be-4c4e-8e45-0c0272edbbb2@group-FE77C852EF02, cid=1389, SUCCESS, logIndex=1934, commits[244f13ac-34be-4c4e-8e45-0c0272edbbb2:c1935, 6287e41a-5356-4f55-84f2-270816d53e84:c1933, a2c18d3d-e79d-47c9-88fe-d8a1d195302b:c1933]
2019-08-23 11:31:32,413 [grpc-default-executor-2] INFO  client.GrpcClientProtocolClient (GrpcClientProtocolClient.java:onNext(255)) - client-C9E345EC67ED->244f13ac-34be-4c4e-8e45-0c0272edbbb2: receive RaftClientReply:client-C9E345EC67ED->244f13ac-34be-4c4e-8e45-0c0272edbbb2@group-FE77C852EF02, cid=1390, SUCCESS, logIndex=1935, commits[244f13ac-34be-4c4e-8e45-0c0272edbbb2:c1935, 6287e41a-5356-4f55-84f2-270816d53e84:c1933, a2c18d3d-e79d-47c9-88fe-d8a1d195302b:c1933]
2019-08-23 11:31:32,419 | INFO  | DNAudit | user=null | ip=null | op=WRITE_CHUNK {blockData=conID: 1 locID: 102666069105639906 bcsId: 1935} | ret=SUCCESS |  
2019-08-23 11:31:32,420 | INFO  | DNAudit | user=null | ip=null | op=WRITE_CHUNK {blockData=conID: 1 locID: 102666069105639906 bcsId: 1935} | ret=SUCCESS |  
2019-08-23 11:31:32,421 | INFO  | DNAudit | user=null | ip=null | op=WRITE_CHUNK {blockData=conID: 1 locID: 102666069105639906 bcsId: 1935} | ret=SUCCESS |  
2019-08-23 11:31:32,423 | INFO  | DNAudit | user=null | ip=null | op=WRITE_CHUNK {blockData=conID: 1 locID: 102666069105639906 bcsId: 1930} | ret=SUCCESS |  
2019-08-23 11:31:32,423 | INFO  | DNAudit | user=null | ip=null | op=WRITE_CHUNK {blockData=conID: 1 locID: 102666069105639906 bcsId: 1930} | ret=SUCCESS |  
2019-08-23 11:31:32,424 | INFO  | DNAudit | user=null | ip=null | op=PUT_BLOCK {blockData=[blockId=conID: 1 locID: 102666069105639906 bcsId: 0,size=3145728]} | ret=SUCCESS |  
2019-08-23 11:31:32,424 | INFO  | DNAudit | user=null | ip=null | op=PUT_BLOCK {blockData=[blockId=conID: 1 locID: 102666069105639906 bcsId: 0,size=3145728]} | ret=SUCCESS |  
2019-08-23 11:31:32,425 | INFO  | DNAudit | user=null | ip=null | op=WRITE_CHUNK {blockData=conID: 1 locID: 102666069105639906 bcsId: 1935} | ret=SUCCESS |  
2019-08-23 11:31:32,425 | INFO  | DNAudit | user=null | ip=null | op=PUT_BLOCK {blockData=[blockId=conID: 1 locID: 102666069105639906 bcsId: 0,size=4194304]} | ret=SUCCESS |  
2019-08-23 11:31:32,425 [grpc-default-executor-1] INFO  client.GrpcClientProtocolClient (GrpcClientProtocolClient.java:onNext(255)) - client-C9E345EC67ED->244f13ac-34be-4c4e-8e45-0c0272edbbb2: receive RaftClientReply:client-C9E345EC67ED->244f13ac-34be-4c4e-8e45-0c0272edbbb2@group-FE77C852EF02, cid=1391, SUCCESS, logIndex=1938, commits[244f13ac-34be-4c4e-8e45-0c0272edbbb2:c1939, 6287e41a-5356-4f55-84f2-270816d53e84:c1935, a2c18d3d-e79d-47c9-88fe-d8a1d195302b:c1935]
2019-08-23 11:31:32,426 [grpc-default-executor-1] INFO  client.GrpcClientProtocolClient (GrpcClientProtocolClient.java:onNext(255)) - client-C9E345EC67ED->244f13ac-34be-4c4e-8e45-0c0272edbbb2: receive RaftClientReply:client-C9E345EC67ED->244f13ac-34be-4c4e-8e45-0c0272edbbb2@group-FE77C852EF02, cid=1392, SUCCESS, logIndex=1939, commits[244f13ac-34be-4c4e-8e45-0c0272edbbb2:c1939, 6287e41a-5356-4f55-84f2-270816d53e84:c1935, a2c18d3d-e79d-47c9-88fe-d8a1d195302b:c1935]
2019-08-23 11:31:32,435 | INFO  | DNAudit | user=null | ip=null | op=WRITE_CHUNK {blockData=conID: 1 locID: 102666069105639906 bcsId: 1935} | ret=SUCCESS |  
2019-08-23 11:31:32,435 | INFO  | DNAudit | user=null | ip=null | op=WRITE_CHUNK {blockData=conID: 1 locID: 102666069105639906 bcsId: 1935} | ret=SUCCESS |  
2019-08-23 11:31:32,436 | INFO  | DNAudit | user=null | ip=null | op=PUT_BLOCK {blockData=[blockId=conID: 1 locID: 102666069105639906 bcsId: 0,size=4194304]} | ret=SUCCESS |  
2019-08-23 11:31:32,436 | INFO  | DNAudit | user=null | ip=null | op=PUT_BLOCK {blockData=[blockId=conID: 1 locID: 102666069105639906 bcsId: 0,size=4194304]} | ret=SUCCESS |  
2019-08-23 11:31:32,437 [grpc-default-executor-1] INFO  client.GrpcClientProtocolClient (GrpcClientProtocolClient.java:onNext(255)) - client-C9E345EC67ED->244f13ac-34be-4c4e-8e45-0c0272edbbb2: receive RaftClientReply:client-C9E345EC67ED->244f13ac-34be-4c4e-8e45-0c0272edbbb2@group-FE77C852EF02, cid=1393, SUCCESS, logIndex=0, commits[244f13ac-34be-4c4e-8e45-0c0272edbbb2:c1941, 6287e41a-5356-4f55-84f2-270816d53e84:c1939, a2c18d3d-e79d-47c9-88fe-d8a1d195302b:c1939]
2019-08-23 11:31:32,440 | INFO  | SCMAudit | user=jenkins1000 | ip=192.168.5.185 | op=ALLOCATE_BLOCK {owner=00a23185-76ea-47b5-a641-ad3cfbe5521a, size=4194304, type=RATIS, factor=THREE} | ret=SUCCESS |  
2019-08-23 11:31:32,442 | INFO  | OMAudit | user=jenkins1000 | ip=127.0.0.1 | op=ALLOCATE_BLOCK {volume=vol-0-37508, bucket=bucket-0-50919, key=key-0-57313, dataSize=0, replicationType=null, replicationFactor=null, keyLocationInfo=null, clientID=102666068570931602} | ret=SUCCESS |  
2019-08-23 11:31:32,448 | INFO  | DNAudit | user=null | ip=null | op=WRITE_CHUNK {blockData=conID: 2 locID: 102666069110948323 bcsId: 0} | ret=SUCCESS |  
2019-08-23 11:31:32,450 | INFO  | DNAudit | user=null | ip=null | op=WRITE_CHUNK {blockData=conID: 2 locID: 102666069110948323 bcsId: 0} | ret=SUCCESS |  
2019-08-23 11:31:32,450 | INFO  | DNAudit | user=null | ip=null | op=WRITE_CHUNK {blockData=conID: 2 locID: 102666069110948323 bcsId: 0} | ret=SUCCESS |  
2019-08-23 11:31:32,451 | INFO  | DNAudit | user=null | ip=null | op=WRITE_CHUNK {blockData=conID: 2 locID: 102666069110948323 bcsId: 0} | ret=SUCCESS |  
2019-08-23 11:31:32,452 | INFO  | DNAudit | user=null | ip=null | op=WRITE_CHUNK {blockData=conID: 2 locID: 102666069110948323 bcsId: 0} | ret=SUCCESS |  
2019-08-23 11:31:32,452 | INFO  | DNAudit | user=null | ip=null | op=WRITE_CHUNK {blockData=conID: 2 locID: 102666069110948323 bcsId: 0} | ret=SUCCESS |  
 0.00% |█                                                                                                    |  0/1 Time: 0:00:082019-08-23 11:31:32,456 | INFO  | SCMAudit | user=jenkins1000 | ip=192.168.5.185 | op=SEND_HEARTBEAT {datanodeUUID=244f13ac-34be-4c4e-8e45-0c0272edbbb2, command=[]} | ret=SUCCESS |  
2019-08-23 11:31:32,456 | INFO  | SCMAudit | user=jenkins1000 | ip=192.168.5.185 | op=SEND_HEARTBEAT {datanodeUUID=6287e41a-5356-4f55-84f2-270816d53e84, command=[]} | ret=SUCCESS |  
2019-08-23 11:31:32,456 | INFO  | SCMAudit | user=jenkins1000 | ip=192.168.5.185 | op=SEND_HEARTBEAT {datanodeUUID=a2c18d3d-e79d-47c9-88fe-d8a1d195302b, command=[]} | ret=SUCCESS |  
2019-08-23 11:31:32,464 | INFO  | DNAudit | user=null | ip=null | op=WRITE_CHUNK {blockData=conID: 2 locID: 102666069110948323 bcsId: 0} | ret=SUCCESS |  
2019-08-23 11:31:32,465 | INFO  | DNAudit | user=null | ip=null | op=PUT_BLOCK {blockData=[blockId=conID: 2 locID: 102666069110948323 bcsId: 0,size=1048576]} | ret=SUCCESS |  
2019-08-23 11:31:32,465 [grpc-default-executor-1] INFO  client.GrpcClientProtocolClient (GrpcClientProtocolClient.java:onNext(255)) - client-C9E345EC67ED->244f13ac-34be-4c4e-8e45-0c0272edbbb2: receive RaftClientReply:client-C9E345EC67ED->244f13ac-34be-4c4e-8e45-0c0272edbbb2@group-FE77C852EF02, cid=1394, SUCCESS, logIndex=1942, commits[244f13ac-34be-4c4e-8e45-0c0272edbbb2:c1943, 6287e41a-5356-4f55-84f2-270816d53e84:c1941, a2c18d3d-e79d-47c9-88fe-d8a1d195302b:c1941]
2019-08-23 11:31:32,465 | INFO  | DNAudit | user=null | ip=null | op=WRITE_CHUNK {blockData=conID: 2 locID: 102666069110948323 bcsId: 0} | ret=SUCCESS |  
2019-08-23 11:31:32,465 [grpc-default-executor-1] INFO  client.GrpcClientProtocolClient (GrpcClientProtocolClient.java:onNext(255)) - client-C9E345EC67ED->244f13ac-34be-4c4e-8e45-0c0272edbbb2: receive RaftClientReply:client-C9E345EC67ED->244f13ac-34be-4c4e-8e45-0c0272edbbb2@group-FE77C852EF02, cid=1395, SUCCESS, logIndex=1943, commits[244f13ac-34be-4c4e-8e45-0c0272edbbb2:c1943, 6287e41a-5356-4f55-84f2-270816d53e84:c1941, a2c18d3d-e79d-47c9-88fe-d8a1d195302b:c1941]
2019-08-23 11:31:32,465 | INFO  | DNAudit | user=null | ip=null | op=PUT_BLOCK {blockData=[blockId=conID: 2 locID: 102666069110948323 bcsId: 0,size=2097152]} | ret=SUCCESS |  
2019-08-23 11:31:32,466 [grpc-default-executor-5] INFO  client.GrpcClientProtocolClient (GrpcClientProtocolClient.java:onNext(255)) - client-C9E345EC67ED->244f13ac-34be-4c4e-8e45-0c0272edbbb2: receive RaftClientReply:client-C9E345EC67ED->244f13ac-34be-4c4e-8e45-0c0272edbbb2@group-FE77C852EF02, cid=1396, SUCCESS, logIndex=1944, commits[244f13ac-34be-4c4e-8e45-0c0272edbbb2:c1945, 6287e41a-5356-4f55-84f2-270816d53e84:c1941, a2c18d3d-e79d-47c9-88fe-d8a1d195302b:c1941]
2019-08-23 11:31:32,466 [grpc-default-executor-5] INFO  client.GrpcClientProtocolClient (GrpcClientProtocolClient.java:onNext(255)) - client-C9E345EC67ED->244f13ac-34be-4c4e-8e45-0c0272edbbb2: receive RaftClientReply:client-C9E345EC67ED->244f13ac-34be-4c4e-8e45-0c0272edbbb2@group-FE77C852EF02, cid=1397, SUCCESS, logIndex=1945, commits[244f13ac-34be-4c4e-8e45-0c0272edbbb2:c1945, 6287e41a-5356-4f55-84f2-270816d53e84:c1941, a2c18d3d-e79d-47c9-88fe-d8a1d195302b:c1941]
2019-08-23 11:31:32,466 | INFO  | DNAudit | user=null | ip=null | op=WRITE_CHUNK {blockData=conID: 2 locID: 102666069110948323 bcsId: 0} | ret=SUCCESS |  
2019-08-23 11:31:32,466 | INFO  | DNAudit | user=null | ip=null | op=PUT_BLOCK {blockData=[blockId=conID: 2 locID: 102666069110948323 bcsId: 0,size=1048576]} | ret=SUCCESS |  
2019-08-23 11:31:32,467 | INFO  | DNAudit | user=null | ip=null | op=WRITE_CHUNK {blockData=conID: 2 locID: 102666069110948323 bcsId: 0} | ret=SUCCESS |  
2019-08-23 11:31:32,467 | INFO  | DNAudit | user=null | ip=null | op=PUT_BLOCK {blockData=[blockId=conID: 2 locID: 102666069110948323 bcsId: 0,size=1048576]} | ret=SUCCESS |  
2019-08-23 11:31:32,467 | INFO  | DNAudit | user=null | ip=null | op=WRITE_CHUNK {blockData=conID: 2 locID: 102666069110948323 bcsId: 0} | ret=SUCCESS |  
2019-08-23 11:31:32,467 [grpc-default-executor-1] INFO  client.GrpcClientProtocolClient (GrpcClientProtocolClient.java:onNext(255)) - client-C9E345EC67ED->244f13ac-34be-4c4e-8e45-0c0272edbbb2: receive RaftClientReply:client-C9E345EC67ED->244f13ac-34be-4c4e-8e45-0c0272edbbb2@group-FE77C852EF02, cid=1398, SUCCESS, logIndex=0, commits[244f13ac-34be-4c4e-8e45-0c0272edbbb2:c1947, 6287e41a-5356-4f55-84f2-270816d53e84:c1943, a2c18d3d-e79d-47c9-88fe-d8a1d195302b:c1943]
2019-08-23 11:31:32,467 | INFO  | DNAudit | user=null | ip=null | op=PUT_BLOCK {blockData=[blockId=conID: 2 locID: 102666069110948323 bcsId: 0,size=2097152]} | ret=SUCCESS |  
2019-08-23 11:31:32,467 | INFO  | DNAudit | user=null | ip=null | op=WRITE_CHUNK {blockData=conID: 2 locID: 102666069110948323 bcsId: 0} | ret=SUCCESS |  
2019-08-23 11:31:32,467 | INFO  | DNAudit | user=null | ip=null | op=PUT_BLOCK {blockData=[blockId=conID: 2 locID: 102666069110948323 bcsId: 0,size=2097152]} | ret=SUCCESS |  
2019-08-23 11:31:32,473 | INFO  | DNAudit | user=null | ip=null | op=WRITE_CHUNK {blockData=conID: 2 locID: 102666069110948323 bcsId: 1945} | ret=SUCCESS |  
2019-08-23 11:31:32,474 | INFO  | DNAudit | user=null | ip=null | op=WRITE_CHUNK {blockData=conID: 2 locID: 102666069110948323 bcsId: 1945} | ret=SUCCESS |  
2019-08-23 11:31:32,474 | INFO  | DNAudit | user=null | ip=null | op=WRITE_CHUNK {blockData=conID: 2 locID: 102666069110948323 bcsId: 1945} | ret=SUCCESS |  
2019-08-23 11:31:32,483 | INFO  | DNAudit | user=null | ip=null | op=WRITE_CHUNK {blockData=conID: 2 locID: 102666069110948323 bcsId: 1945} | ret=SUCCESS |  
2019-08-23 11:31:32,483 | INFO  | DNAudit | user=null | ip=null | op=PUT_BLOCK {blockData=[blockId=conID: 2 locID: 102666069110948323 bcsId: 0,size=3145728]} | ret=SUCCESS |  
2019-08-23 11:31:32,484 [grpc-default-executor-1] INFO  client.GrpcClientProtocolClient (GrpcClientProtocolClient.java:onNext(255)) - client-C9E345EC67ED->244f13ac-34be-4c4e-8e45-0c0272edbbb2: receive RaftClientReply:client-C9E345EC67ED->244f13ac-34be-4c4e-8e45-0c0272edbbb2@group-FE77C852EF02, cid=1399, SUCCESS, logIndex=1950, commits[244f13ac-34be-4c4e-8e45-0c0272edbbb2:c1951, 6287e41a-5356-4f55-84f2-270816d53e84:c1949, a2c18d3d-e79d-47c9-88fe-d8a1d195302b:c1949]
2019-08-23 11:31:32,484 [grpc-default-executor-1] INFO  client.GrpcClientProtocolClient (GrpcClientProtocolClient.java:onNext(255)) - client-C9E345EC67ED->244f13ac-34be-4c4e-8e45-0c0272edbbb2: receive RaftClientReply:client-C9E345EC67ED->244f13ac-34be-4c4e-8e45-0c0272edbbb2@group-FE77C852EF02, cid=1400, SUCCESS, logIndex=1951, commits[244f13ac-34be-4c4e-8e45-0c0272edbbb2:c1951, 6287e41a-5356-4f55-84f2-270816d53e84:c1949, a2c18d3d-e79d-47c9-88fe-d8a1d195302b:c1949]
2019-08-23 11:31:32,484 | INFO  | DNAudit | user=null | ip=null | op=WRITE_CHUNK {blockData=conID: 2 locID: 102666069110948323 bcsId: 1945} | ret=SUCCESS |  
2019-08-23 11:31:32,484 | INFO  | DNAudit | user=null | ip=null | op=PUT_BLOCK {blockData=[blockId=conID: 2 locID: 102666069110948323 bcsId: 0,size=3145728]} | ret=SUCCESS |  
2019-08-23 11:31:32,485 | INFO  | DNAudit | user=null | ip=null | op=WRITE_CHUNK {blockData=conID: 2 locID: 102666069110948323 bcsId: 1945} | ret=SUCCESS |  
2019-08-23 11:31:32,485 | INFO  | DNAudit | user=null | ip=null | op=PUT_BLOCK {blockData=[blockId=conID: 2 locID: 102666069110948323 bcsId: 0,size=3145728]} | ret=SUCCESS |  
2019-08-23 11:31:32,489 | INFO  | DNAudit | user=null | ip=null | op=WRITE_CHUNK {blockData=conID: 2 locID: 102666069110948323 bcsId: 1951} | ret=SUCCESS |  
2019-08-23 11:31:32,491 | INFO  | DNAudit | user=null | ip=null | op=WRITE_CHUNK {blockData=conID: 2 locID: 102666069110948323 bcsId: 1951} | ret=SUCCESS |  
2019-08-23 11:31:32,491 | INFO  | DNAudit | user=null | ip=null | op=WRITE_CHUNK {blockData=conID: 2 locID: 102666069110948323 bcsId: 1951} | ret=SUCCESS |  
2019-08-23 11:31:32,502 | INFO  | DNAudit | user=null | ip=null | op=WRITE_CHUNK {blockData=conID: 2 locID: 102666069110948323 bcsId: 1951} | ret=SUCCESS |  
2019-08-23 11:31:32,502 | INFO  | DNAudit | user=null | ip=null | op=PUT_BLOCK {blockData=[blockId=conID: 2 locID: 102666069110948323 bcsId: 0,size=4194304]} | ret=SUCCESS |  
2019-08-23 11:31:32,502 [grpc-default-executor-1] INFO  client.GrpcClientProtocolClient (GrpcClientProtocolClient.java:onNext(255)) - client-C9E345EC67ED->244f13ac-34be-4c4e-8e45-0c0272edbbb2: receive RaftClientReply:client-C9E345EC67ED->244f13ac-34be-4c4e-8e45-0c0272edbbb2@group-FE77C852EF02, cid=1401, SUCCESS, logIndex=1953, commits[244f13ac-34be-4c4e-8e45-0c0272edbbb2:c1954, 6287e41a-5356-4f55-84f2-270816d53e84:c1952, a2c18d3d-e79d-47c9-88fe-d8a1d195302b:c1952]
2019-08-23 11:31:32,502 [grpc-default-executor-1] INFO  client.GrpcClientProtocolClient (GrpcClientProtocolClient.java:onNext(255)) - client-C9E345EC67ED->244f13ac-34be-4c4e-8e45-0c0272edbbb2: receive RaftClientReply:client-C9E345EC67ED->244f13ac-34be-4c4e-8e45-0c0272edbbb2@group-FE77C852EF02, cid=1402, SUCCESS, logIndex=1954, commits[244f13ac-34be-4c4e-8e45-0c0272edbbb2:c1954, 6287e41a-5356-4f55-84f2-270816d53e84:c1952, a2c18d3d-e79d-47c9-88fe-d8a1d195302b:c1952]
2019-08-23 11:31:32,513 | INFO  | DNAudit | user=null | ip=null | op=WRITE_CHUNK {blockData=conID: 2 locID: 102666069110948323 bcsId: 1951} | ret=SUCCESS |  
2019-08-23 11:31:32,513 | INFO  | DNAudit | user=null | ip=null | op=WRITE_CHUNK {blockData=conID: 2 locID: 102666069110948323 bcsId: 1951} | ret=SUCCESS |  
2019-08-23 11:31:32,514 | INFO  | DNAudit | user=null | ip=null | op=PUT_BLOCK {blockData=[blockId=conID: 2 locID: 102666069110948323 bcsId: 0,size=4194304]} | ret=SUCCESS |  
2019-08-23 11:31:32,514 | INFO  | DNAudit | user=null | ip=null | op=PUT_BLOCK {blockData=[blockId=conID: 2 locID: 102666069110948323 bcsId: 0,size=4194304]} | ret=SUCCESS |  
2019-08-23 11:31:32,514 [grpc-default-executor-1] INFO  client.GrpcClientProtocolClient (GrpcClientProtocolClient.java:onNext(255)) - client-C9E345EC67ED->244f13ac-34be-4c4e-8e45-0c0272edbbb2: receive RaftClientReply:client-C9E345EC67ED->244f13ac-34be-4c4e-8e45-0c0272edbbb2@group-FE77C852EF02, cid=1403, SUCCESS, logIndex=0, commits[244f13ac-34be-4c4e-8e45-0c0272edbbb2:c1956, 6287e41a-5356-4f55-84f2-270816d53e84:c1954, a2c18d3d-e79d-47c9-88fe-d8a1d195302b:c1954]
2019-08-23 11:31:32,518 | INFO  | SCMAudit | user=jenkins1000 | ip=192.168.5.185 | op=ALLOCATE_BLOCK {owner=00a23185-76ea-47b5-a641-ad3cfbe5521a, size=4194304, type=RATIS, factor=THREE} | ret=SUCCESS |  
2019-08-23 11:31:32,520 | INFO  | OMAudit | user=jenkins1000 | ip=127.0.0.1 | op=ALLOCATE_BLOCK {volume=vol-0-37508, bucket=bucket-0-50919, key=key-0-57313, dataSize=0, replicationType=null, replicationFactor=null, keyLocationInfo=null, clientID=102666068570931602} | ret=SUCCESS |  
2019-08-23 11:31:32,526 | INFO  | DNAudit | user=null | ip=null | op=WRITE_CHUNK {blockData=conID: 3 locID: 102666069116060132 bcsId: 0} | ret=SUCCESS |  
2019-08-23 11:31:32,528 | INFO  | DNAudit | user=null | ip=null | op=WRITE_CHUNK {blockData=conID: 3 locID: 102666069116060132 bcsId: 0} | ret=SUCCESS |  
2019-08-23 11:31:32,528 | INFO  | DNAudit | user=null | ip=null | op=WRITE_CHUNK {blockData=conID: 3 locID: 102666069116060132 bcsId: 0} | ret=SUCCESS |  
2019-08-23 11:31:32,528 | INFO  | DNAudit | user=null | ip=null | op=WRITE_CHUNK {blockData=conID: 3 locID: 102666069116060132 bcsId: 0} | ret=SUCCESS |  
2019-08-23 11:31:32,530 | INFO  | DNAudit | user=null | ip=null | op=WRITE_CHUNK {blockData=conID: 3 locID: 102666069116060132 bcsId: 0} | ret=SUCCESS |  
2019-08-23 11:31:32,530 | INFO  | DNAudit | user=null | ip=null | op=WRITE_CHUNK {blockData=conID: 3 locID: 102666069116060132 bcsId: 0} | ret=SUCCESS |  
2019-08-23 11:31:32,539 | INFO  | DNAudit | user=null | ip=null | op=WRITE_CHUNK {blockData=conID: 3 locID: 102666069116060132 bcsId: 0} | ret=SUCCESS |  
2019-08-23 11:31:32,539 | INFO  | DNAudit | user=null | ip=null | op=PUT_BLOCK {blockData=[blockId=conID: 3 locID: 102666069116060132 bcsId: 0,size=1048576]} | ret=SUCCESS |  
2019-08-23 11:31:32,539 [grpc-default-executor-2] INFO  client.GrpcClientProtocolClient (GrpcClientProtocolClient.java:onNext(255)) - client-C9E345EC67ED->244f13ac-34be-4c4e-8e45-0c0272edbbb2: receive RaftClientReply:client-C9E345EC67ED->244f13ac-34be-4c4e-8e45-0c0272edbbb2@group-FE77C852EF02, cid=1404, SUCCESS, logIndex=1957, commits[244f13ac-34be-4c4e-8e45-0c0272edbbb2:c1958, 6287e41a-5356-4f55-84f2-270816d53e84:c1956, a2c18d3d-e79d-47c9-88fe-d8a1d195302b:c1956]
2019-08-23 11:31:32,540 | INFO  | DNAudit | user=null | ip=null | op=WRITE_CHUNK {blockData=conID: 3 locID: 102666069116060132 bcsId: 0} | ret=SUCCESS |  
2019-08-23 11:31:32,540 [grpc-default-executor-2] INFO  client.GrpcClientProtocolClient (GrpcClientProtocolClient.java:onNext(255)) - client-C9E345EC67ED->244f13ac-34be-4c4e-8e45-0c0272edbbb2: receive RaftClientReply:client-C9E345EC67ED->244f13ac-34be-4c4e-8e45-0c0272edbbb2@group-FE77C852EF02, cid=1405, SUCCESS, logIndex=1958, commits[244f13ac-34be-4c4e-8e45-0c0272edbbb2:c1958, 6287e41a-5356-4f55-84f2-270816d53e84:c1956, a2c18d3d-e79d-47c9-88fe-d8a1d195302b:c1956]
2019-08-23 11:31:32,540 | INFO  | DNAudit | user=null | ip=null | op=PUT_BLOCK {blockData=[blockId=conID: 3 locID: 102666069116060132 bcsId: 0,size=2097152]} | ret=SUCCESS |  
2019-08-23 11:31:32,540 [grpc-default-executor-1] INFO  client.GrpcClientProtocolClient (GrpcClientProtocolClient.java:onNext(255)) - client-C9E345EC67ED->244f13ac-34be-4c4e-8e45-0c0272edbbb2: receive RaftClientReply:client-C9E345EC67ED->244f13ac-34be-4c4e-8e45-0c0272edbbb2@group-FE77C852EF02, cid=1406, SUCCESS, logIndex=1959, commits[244f13ac-34be-4c4e-8e45-0c0272edbbb2:c1960, 6287e41a-5356-4f55-84f2-270816d53e84:c1956, a2c18d3d-e79d-47c9-88fe-d8a1d195302b:c1956]
2019-08-23 11:31:32,540 [grpc-default-executor-1] INFO  client.GrpcClientProtocolClient (GrpcClientProtocolClient.java:onNext(255)) - client-C9E345EC67ED->244f13ac-34be-4c4e-8e45-0c0272edbbb2: receive RaftClientReply:client-C9E345EC67ED->244f13ac-34be-4c4e-8e45-0c0272edbbb2@group-FE77C852EF02, cid=1407, SUCCESS, logIndex=1960, commits[244f13ac-34be-4c4e-8e45-0c0272edbbb2:c1960, 6287e41a-5356-4f55-84f2-270816d53e84:c1956, a2c18d3d-e79d-47c9-88fe-d8a1d195302b:c1956]
2019-08-23 11:31:32,541 | INFO  | DNAudit | user=null | ip=null | op=WRITE_CHUNK {blockData=conID: 3 locID: 102666069116060132 bcsId: 0} | ret=SUCCESS |  
2019-08-23 11:31:32,541 | INFO  | DNAudit | user=null | ip=null | op=WRITE_CHUNK {blockData=conID: 3 locID: 102666069116060132 bcsId: 0} | ret=SUCCESS |  
2019-08-23 11:31:32,541 | INFO  | DNAudit | user=null | ip=null | op=PUT_BLOCK {blockData=[blockId=conID: 3 locID: 102666069116060132 bcsId: 0,size=1048576]} | ret=SUCCESS |  
2019-08-23 11:31:32,541 | INFO  | DNAudit | user=null | ip=null | op=PUT_BLOCK {blockData=[blockId=conID: 3 locID: 102666069116060132 bcsId: 0,size=1048576]} | ret=SUCCESS |  
2019-08-23 11:31:32,541 [grpc-default-executor-2] INFO  client.GrpcClientProtocolClient (GrpcClientProtocolClient.java:onNext(255)) - client-C9E345EC67ED->244f13ac-34be-4c4e-8e45-0c0272edbbb2: receive RaftClientReply:client-C9E345EC67ED->244f13ac-34be-4c4e-8e45-0c0272edbbb2@group-FE77C852EF02, cid=1408, SUCCESS, logIndex=0, commits[244f13ac-34be-4c4e-8e45-0c0272edbbb2:c1961, 6287e41a-5356-4f55-84f2-270816d53e84:c1958, a2c18d3d-e79d-47c9-88fe-d8a1d195302b:c1958]
2019-08-23 11:31:32,542 | INFO  | DNAudit | user=null | ip=null | op=WRITE_CHUNK {blockData=conID: 3 locID: 102666069116060132 bcsId: 0} | ret=SUCCESS |  
2019-08-23 11:31:32,542 | INFO  | DNAudit | user=null | ip=null | op=WRITE_CHUNK {blockData=conID: 3 locID: 102666069116060132 bcsId: 0} | ret=SUCCESS |  
2019-08-23 11:31:32,542 | INFO  | DNAudit | user=null | ip=null | op=PUT_BLOCK {blockData=[blockId=conID: 3 locID: 102666069116060132 bcsId: 0,size=2097152]} | ret=SUCCESS |  
2019-08-23 11:31:32,542 | INFO  | DNAudit | user=null | ip=null | op=PUT_BLOCK {blockData=[blockId=conID: 3 locID: 102666069116060132 bcsId: 0,size=2097152]} | ret=SUCCESS |  
2019-08-23 11:31:32,546 | INFO  | DNAudit | user=null | ip=null | op=WRITE_CHUNK {blockData=conID: 3 locID: 102666069116060132 bcsId: 1960} | ret=SUCCESS |  
2019-08-23 11:31:32,548 | INFO  | DNAudit | user=null | ip=null | op=WRITE_CHUNK {blockData=conID: 3 locID: 102666069116060132 bcsId: 1960} | ret=SUCCESS |  
2019-08-23 11:31:32,548 | INFO  | DNAudit | user=null | ip=null | op=WRITE_CHUNK {blockData=conID: 3 locID: 102666069116060132 bcsId: 1960} | ret=SUCCESS |  
2019-08-23 11:31:32,557 | INFO  | SCMAudit | user=jenkins1000 | ip=192.168.5.185 | op=SEND_HEARTBEAT {datanodeUUID=b2c34899-c5c3-4720-9d95-984efeabf4a7, command=[]} | ret=SUCCESS |  
2019-08-23 11:31:32,557 | INFO  | SCMAudit | user=jenkins1000 | ip=192.168.5.185 | op=SEND_HEARTBEAT {datanodeUUID=0d166765-8492-4439-8677-f737a7bc54ca, command=[]} | ret=SUCCESS |  
2019-08-23 11:31:32,558 | INFO  | DNAudit | user=null | ip=null | op=WRITE_CHUNK {blockData=conID: 3 locID: 102666069116060132 bcsId: 1960} | ret=SUCCESS |  
2019-08-23 11:31:32,559 | INFO  | DNAudit | user=null | ip=null | op=PUT_BLOCK {blockData=[blockId=conID: 3 locID: 102666069116060132 bcsId: 0,size=3145728]} | ret=SUCCESS |  
2019-08-23 11:31:32,559 [grpc-default-executor-2] INFO  client.GrpcClientProtocolClient (GrpcClientProtocolClient.java:onNext(255)) - client-C9E345EC67ED->244f13ac-34be-4c4e-8e45-0c0272edbbb2: receive RaftClientReply:client-C9E345EC67ED->244f13ac-34be-4c4e-8e45-0c0272edbbb2@group-FE77C852EF02, cid=1409, SUCCESS, logIndex=1965, commits[244f13ac-34be-4c4e-8e45-0c0272edbbb2:c1966, 6287e41a-5356-4f55-84f2-270816d53e84:c1964, a2c18d3d-e79d-47c9-88fe-d8a1d195302b:c1964]
2019-08-23 11:31:32,559 [grpc-default-executor-2] INFO  client.GrpcClientProtocolClient (GrpcClientProtocolClient.java:onNext(255)) - client-C9E345EC67ED->244f13ac-34be-4c4e-8e45-0c0272edbbb2: receive RaftClientReply:client-C9E345EC67ED->244f13ac-34be-4c4e-8e45-0c0272edbbb2@group-FE77C852EF02, cid=1410, SUCCESS, logIndex=1966, commits[244f13ac-34be-4c4e-8e45-0c0272edbbb2:c1966, 6287e41a-5356-4f55-84f2-270816d53e84:c1964, a2c18d3d-e79d-47c9-88fe-d8a1d195302b:c1964]
2019-08-23 11:31:32,564 | INFO  | DNAudit | user=null | ip=null | op=WRITE_CHUNK {blockData=conID: 3 locID: 102666069116060132 bcsId: 1966} | ret=SUCCESS |  
2019-08-23 11:31:32,566 | INFO  | DNAudit | user=null | ip=null | op=WRITE_CHUNK {blockData=conID: 3 locID: 102666069116060132 bcsId: 1966} | ret=SUCCESS |  
2019-08-23 11:31:32,566 | INFO  | DNAudit | user=null | ip=null | op=WRITE_CHUNK {blockData=conID: 3 locID: 102666069116060132 bcsId: 1966} | ret=SUCCESS |  
2019-08-23 11:31:32,570 | INFO  | DNAudit | user=null | ip=null | op=WRITE_CHUNK {blockData=conID: 3 locID: 102666069116060132 bcsId: 1960} | ret=SUCCESS |  
2019-08-23 11:31:32,570 | INFO  | DNAudit | user=null | ip=null | op=WRITE_CHUNK {blockData=conID: 3 locID: 102666069116060132 bcsId: 1960} | ret=SUCCESS |  
2019-08-23 11:31:32,571 | INFO  | DNAudit | user=null | ip=null | op=PUT_BLOCK {blockData=[blockId=conID: 3 locID: 102666069116060132 bcsId: 0,size=3145728]} | ret=SUCCESS |  
2019-08-23 11:31:32,571 | INFO  | DNAudit | user=null | ip=null | op=PUT_BLOCK {blockData=[blockId=conID: 3 locID: 102666069116060132 bcsId: 0,size=3145728]} | ret=SUCCESS |  
2019-08-23 11:31:32,571 | INFO  | DNAudit | user=null | ip=null | op=WRITE_CHUNK {blockData=conID: 3 locID: 102666069116060132 bcsId: 1966} | ret=SUCCESS |  
2019-08-23 11:31:32,571 | INFO  | DNAudit | user=null | ip=null | op=PUT_BLOCK {blockData=[blockId=conID: 3 locID: 102666069116060132 bcsId: 0,size=4194304]} | ret=SUCCESS |  
2019-08-23 11:31:32,572 [grpc-default-executor-5] INFO  client.GrpcClientProtocolClient (GrpcClientProtocolClient.java:onNext(255)) - client-C9E345EC67ED->244f13ac-34be-4c4e-8e45-0c0272edbbb2: receive RaftClientReply:client-C9E345EC67ED->244f13ac-34be-4c4e-8e45-0c0272edbbb2@group-FE77C852EF02, cid=1411, SUCCESS, logIndex=1969, commits[244f13ac-34be-4c4e-8e45-0c0272edbbb2:c1970, 6287e41a-5356-4f55-84f2-270816d53e84:c1966, a2c18d3d-e79d-47c9-88fe-d8a1d195302b:c1966]
2019-08-23 11:31:32,572 [grpc-default-executor-5] INFO  client.GrpcClientProtocolClient (GrpcClientProtocolClient.java:onNext(255)) - client-C9E345EC67ED->244f13ac-34be-4c4e-8e45-0c0272edbbb2: receive RaftClientReply:client-C9E345EC67ED->244f13ac-34be-4c4e-8e45-0c0272edbbb2@group-FE77C852EF02, cid=1412, SUCCESS, logIndex=1970, commits[244f13ac-34be-4c4e-8e45-0c0272edbbb2:c1970, 6287e41a-5356-4f55-84f2-270816d53e84:c1966, a2c18d3d-e79d-47c9-88fe-d8a1d195302b:c1966]
2019-08-23 11:31:32,583 | INFO  | DNAudit | user=null | ip=null | op=WRITE_CHUNK {blockData=conID: 3 locID: 102666069116060132 bcsId: 1966} | ret=SUCCESS |  
2019-08-23 11:31:32,583 | INFO  | DNAudit | user=null | ip=null | op=WRITE_CHUNK {blockData=conID: 3 locID: 102666069116060132 bcsId: 1966} | ret=SUCCESS |  
2019-08-23 11:31:32,583 | INFO  | DNAudit | user=null | ip=null | op=PUT_BLOCK {blockData=[blockId=conID: 3 locID: 102666069116060132 bcsId: 0,size=4194304]} | ret=SUCCESS |  
2019-08-23 11:31:32,583 | INFO  | DNAudit | user=null | ip=null | op=PUT_BLOCK {blockData=[blockId=conID: 3 locID: 102666069116060132 bcsId: 0,size=4194304]} | ret=SUCCESS |  
2019-08-23 11:31:32,583 [grpc-default-executor-1] INFO  client.GrpcClientProtocolClient (GrpcClientProtocolClient.java:onNext(255)) - client-C9E345EC67ED->244f13ac-34be-4c4e-8e45-0c0272edbbb2: receive RaftClientReply:client-C9E345EC67ED->244f13ac-34be-4c4e-8e45-0c0272edbbb2@group-FE77C852EF02, cid=1413, SUCCESS, logIndex=0, commits[244f13ac-34be-4c4e-8e45-0c0272edbbb2:c1971, 6287e41a-5356-4f55-84f2-270816d53e84:c1970, a2c18d3d-e79d-47c9-88fe-d8a1d195302b:c1970]
2019-08-23 11:31:32,588 | INFO  | SCMAudit | user=jenkins1000 | ip=192.168.5.185 | op=ALLOCATE_BLOCK {owner=00a23185-76ea-47b5-a641-ad3cfbe5521a, size=4194304, type=RATIS, factor=THREE} | ret=SUCCESS |  
2019-08-23 11:31:32,590 | INFO  | OMAudit | user=jenkins1000 | ip=127.0.0.1 | op=ALLOCATE_BLOCK {volume=vol-0-37508, bucket=bucket-0-50919, key=key-0-57313, dataSize=0, replicationType=null, replicationFactor=null, keyLocationInfo=null, clientID=102666068570931602} | ret=SUCCESS |  
2019-08-23 11:31:32,597 | INFO  | DNAudit | user=null | ip=null | op=WRITE_CHUNK {blockData=conID: 1 locID: 102666069120647653 bcsId: 0} | ret=SUCCESS |  
2019-08-23 11:31:32,680 | INFO  | DNAudit | user=null | ip=null | op=WRITE_CHUNK {blockData=conID: 1 locID: 102666069120647653 bcsId: 0} | ret=SUCCESS |  
2019-08-23 11:31:32,680 | INFO  | DNAudit | user=null | ip=null | op=WRITE_CHUNK {blockData=conID: 1 locID: 102666069120647653 bcsId: 0} | ret=SUCCESS |  
2019-08-23 11:31:32,680 | INFO  | DNAudit | user=null | ip=null | op=WRITE_CHUNK {blockData=conID: 1 locID: 102666069120647653 bcsId: 0} | ret=SUCCESS |  
2019-08-23 11:31:32,681 | INFO  | DNAudit | user=null | ip=null | op=WRITE_CHUNK {blockData=conID: 1 locID: 102666069120647653 bcsId: 0} | ret=SUCCESS |  
2019-08-23 11:31:32,682 | INFO  | DNAudit | user=null | ip=null | op=WRITE_CHUNK {blockData=conID: 1 locID: 102666069120647653 bcsId: 0} | ret=SUCCESS |  
2019-08-23 11:31:32,692 | INFO  | DNAudit | user=null | ip=null | op=WRITE_CHUNK {blockData=conID: 1 locID: 102666069120647653 bcsId: 0} | ret=SUCCESS |  
2019-08-23 11:31:32,693 | INFO  | DNAudit | user=null | ip=null | op=PUT_BLOCK {blockData=[blockId=conID: 1 locID: 102666069120647653 bcsId: 0,size=1048576]} | ret=SUCCESS |  
2019-08-23 11:31:32,693 | INFO  | DNAudit | user=null | ip=null | op=WRITE_CHUNK {blockData=conID: 1 locID: 102666069120647653 bcsId: 0} | ret=SUCCESS |  
2019-08-23 11:31:32,693 [grpc-default-executor-4] INFO  client.GrpcClientProtocolClient (GrpcClientProtocolClient.java:onNext(255)) - client-C9E345EC67ED->244f13ac-34be-4c4e-8e45-0c0272edbbb2: receive RaftClientReply:client-C9E345EC67ED->244f13ac-34be-4c4e-8e45-0c0272edbbb2@group-FE77C852EF02, cid=1414, SUCCESS, logIndex=1973, commits[244f13ac-34be-4c4e-8e45-0c0272edbbb2:c1974, 6287e41a-5356-4f55-84f2-270816d53e84:c1972, a2c18d3d-e79d-47c9-88fe-d8a1d195302b:c1970]
2019-08-23 11:31:32,693 | INFO  | DNAudit | user=null | ip=null | op=PUT_BLOCK {blockData=[blockId=conID: 1 locID: 102666069120647653 bcsId: 0,size=2097152]} | ret=SUCCESS |  
2019-08-23 11:31:32,694 [grpc-default-executor-4] INFO  client.GrpcClientProtocolClient (GrpcClientProtocolClient.java:onNext(255)) - client-C9E345EC67ED->244f13ac-34be-4c4e-8e45-0c0272edbbb2: receive RaftClientReply:client-C9E345EC67ED->244f13ac-34be-4c4e-8e45-0c0272edbbb2@group-FE77C852EF02, cid=1415, SUCCESS, logIndex=1974, commits[244f13ac-34be-4c4e-8e45-0c0272edbbb2:c1976, 6287e41a-5356-4f55-84f2-270816d53e84:c1972, a2c18d3d-e79d-47c9-88fe-d8a1d195302b:c1972]
2019-08-23 11:31:32,694 | INFO  | DNAudit | user=null | ip=null | op=WRITE_CHUNK {blockData=conID: 1 locID: 102666069120647653 bcsId: 0} | ret=SUCCESS |  
2019-08-23 11:31:32,694 [grpc-default-executor-4] INFO  client.GrpcClientProtocolClient (GrpcClientProtocolClient.java:onNext(255)) - client-C9E345EC67ED->244f13ac-34be-4c4e-8e45-0c0272edbbb2: receive RaftClientReply:client-C9E345EC67ED->244f13ac-34be-4c4e-8e45-0c0272edbbb2@group-FE77C852EF02, cid=1416, SUCCESS, logIndex=1975, commits[244f13ac-34be-4c4e-8e45-0c0272edbbb2:c1976, 6287e41a-5356-4f55-84f2-270816d53e84:c1972, a2c18d3d-e79d-47c9-88fe-d8a1d195302b:c1972]
2019-08-23 11:31:32,694 | INFO  | DNAudit | user=null | ip=null | op=PUT_BLOCK {blockData=[blockId=conID: 1 locID: 102666069120647653 bcsId: 0,size=1048576]} | ret=SUCCESS |  
2019-08-23 11:31:32,694 [grpc-default-executor-4] INFO  client.GrpcClientProtocolClient (GrpcClientProtocolClient.java:onNext(255)) - client-C9E345EC67ED->244f13ac-34be-4c4e-8e45-0c0272edbbb2: receive RaftClientReply:client-C9E345EC67ED->244f13ac-34be-4c4e-8e45-0c0272edbbb2@group-FE77C852EF02, cid=1417, SUCCESS, logIndex=1976, commits[244f13ac-34be-4c4e-8e45-0c0272edbbb2:c1976, 6287e41a-5356-4f55-84f2-270816d53e84:c1972, a2c18d3d-e79d-47c9-88fe-d8a1d195302b:c1972]
2019-08-23 11:31:32,695 | INFO  | DNAudit | user=null | ip=null | op=WRITE_CHUNK {blockData=conID: 1 locID: 102666069120647653 bcsId: 0} | ret=SUCCESS |  
2019-08-23 11:31:32,695 | INFO  | DNAudit | user=null | ip=null | op=PUT_BLOCK {blockData=[blockId=conID: 1 locID: 102666069120647653 bcsId: 0,size=1048576]} | ret=SUCCESS |  
2019-08-23 11:31:32,696 | INFO  | DNAudit | user=null | ip=null | op=WRITE_CHUNK {blockData=conID: 1 locID: 102666069120647653 bcsId: 0} | ret=SUCCESS |  
2019-08-23 11:31:32,696 [grpc-default-executor-4] INFO  client.GrpcClientProtocolClient (GrpcClientProtocolClient.java:onNext(255)) - client-C9E345EC67ED->244f13ac-34be-4c4e-8e45-0c0272edbbb2: receive RaftClientReply:client-C9E345EC67ED->244f13ac-34be-4c4e-8e45-0c0272edbbb2@group-FE77C852EF02, cid=1418, SUCCESS, logIndex=0, commits[244f13ac-34be-4c4e-8e45-0c0272edbbb2:c1978, 6287e41a-5356-4f55-84f2-270816d53e84:c1974, a2c18d3d-e79d-47c9-88fe-d8a1d195302b:c1974]
2019-08-23 11:31:32,696 | INFO  | DNAudit | user=null | ip=null | op=PUT_BLOCK {blockData=[blockId=conID: 1 locID: 102666069120647653 bcsId: 0,size=2097152]} | ret=SUCCESS |  
2019-08-23 11:31:32,696 | INFO  | DNAudit | user=null | ip=null | op=WRITE_CHUNK {blockData=conID: 1 locID: 102666069120647653 bcsId: 0} | ret=SUCCESS |  
2019-08-23 11:31:32,696 | INFO  | DNAudit | user=null | ip=null | op=PUT_BLOCK {blockData=[blockId=conID: 1 locID: 102666069120647653 bcsId: 0,size=2097152]} | ret=SUCCESS |  
2019-08-23 11:31:32,702 | INFO  | DNAudit | user=null | ip=null | op=WRITE_CHUNK {blockData=conID: 1 locID: 102666069120647653 bcsId: 1976} | ret=SUCCESS |  
2019-08-23 11:31:32,705 | INFO  | DNAudit | user=null | ip=null | op=WRITE_CHUNK {blockData=conID: 1 locID: 102666069120647653 bcsId: 1976} | ret=SUCCESS |  
2019-08-23 11:31:32,706 | INFO  | DNAudit | user=null | ip=null | op=WRITE_CHUNK {blockData=conID: 1 locID: 102666069120647653 bcsId: 1976} | ret=SUCCESS |  
2019-08-23 11:31:32,724 | INFO  | DNAudit | user=null | ip=null | op=WRITE_CHUNK {blockData=conID: 1 locID: 102666069120647653 bcsId: 1976} | ret=SUCCESS |  
2019-08-23 11:31:32,725 | INFO  | DNAudit | user=null | ip=null | op=PUT_BLOCK {blockData=[blockId=conID: 1 locID: 102666069120647653 bcsId: 0,size=3145728]} | ret=SUCCESS |  
2019-08-23 11:31:32,725 [grpc-default-executor-5] INFO  client.GrpcClientProtocolClient (GrpcClientProtocolClient.java:onNext(255)) - client-C9E345EC67ED->244f13ac-34be-4c4e-8e45-0c0272edbbb2: receive RaftClientReply:client-C9E345EC67ED->244f13ac-34be-4c4e-8e45-0c0272edbbb2@group-FE77C852EF02, cid=1419, SUCCESS, logIndex=1980, commits[244f13ac-34be-4c4e-8e45-0c0272edbbb2:c1981, 6287e41a-5356-4f55-84f2-270816d53e84:c1976, a2c18d3d-e79d-47c9-88fe-d8a1d195302b:c1979]
2019-08-23 11:31:32,725 [grpc-default-executor-5] INFO  client.GrpcClientProtocolClient (GrpcClientProtocolClient.java:onNext(255)) - client-C9E345EC67ED->244f13ac-34be-4c4e-8e45-0c0272edbbb2: receive RaftClientReply:client-C9E345EC67ED->244f13ac-34be-4c4e-8e45-0c0272edbbb2@group-FE77C852EF02, cid=1420, SUCCESS, logIndex=1981, commits[244f13ac-34be-4c4e-8e45-0c0272edbbb2:c1981, 6287e41a-5356-4f55-84f2-270816d53e84:c1979, a2c18d3d-e79d-47c9-88fe-d8a1d195302b:c1979]
2019-08-23 11:31:32,726 | INFO  | DNAudit | user=null | ip=null | op=WRITE_CHUNK {blockData=conID: 1 locID: 102666069120647653 bcsId: 1976} | ret=SUCCESS |  
2019-08-23 11:31:32,726 | INFO  | DNAudit | user=null | ip=null | op=WRITE_CHUNK {blockData=conID: 1 locID: 102666069120647653 bcsId: 1976} | ret=SUCCESS |  
2019-08-23 11:31:32,726 | INFO  | DNAudit | user=null | ip=null | op=PUT_BLOCK {blockData=[blockId=conID: 1 locID: 102666069120647653 bcsId: 0,size=3145728]} | ret=SUCCESS |  
2019-08-23 11:31:32,726 | INFO  | DNAudit | user=null | ip=null | op=PUT_BLOCK {blockData=[blockId=conID: 1 locID: 102666069120647653 bcsId: 0,size=3145728]} | ret=SUCCESS |  
2019-08-23 11:31:32,732 | INFO  | DNAudit | user=null | ip=null | op=WRITE_CHUNK {blockData=conID: 1 locID: 102666069120647653 bcsId: 1981} | ret=SUCCESS |  
2019-08-23 11:31:32,734 | INFO  | DNAudit | user=null | ip=null | op=WRITE_CHUNK {blockData=conID: 1 locID: 102666069120647653 bcsId: 1981} | ret=SUCCESS |  
2019-08-23 11:31:32,735 | INFO  | DNAudit | user=null | ip=null | op=WRITE_CHUNK {blockData=conID: 1 locID: 102666069120647653 bcsId: 1981} | ret=SUCCESS |  
2019-08-23 11:31:32,745 | INFO  | DNAudit | user=null | ip=null | op=WRITE_CHUNK {blockData=conID: 1 locID: 102666069120647653 bcsId: 1981} | ret=SUCCESS |  
2019-08-23 11:31:32,745 | INFO  | DNAudit | user=null | ip=null | op=PUT_BLOCK {blockData=[blockId=conID: 1 locID: 102666069120647653 bcsId: 0,size=4194304]} | ret=SUCCESS |  
2019-08-23 11:31:32,745 [grpc-default-executor-1] INFO  client.GrpcClientProtocolClient (GrpcClientProtocolClient.java:onNext(255)) - client-C9E345EC67ED->244f13ac-34be-4c4e-8e45-0c0272edbbb2: receive RaftClientReply:client-C9E345EC67ED->244f13ac-34be-4c4e-8e45-0c0272edbbb2@group-FE77C852EF02, cid=1421, SUCCESS, logIndex=1984, commits[244f13ac-34be-4c4e-8e45-0c0272edbbb2:c1985, 6287e41a-5356-4f55-84f2-270816d53e84:c1983, a2c18d3d-e79d-47c9-88fe-d8a1d195302b:c1983]
2019-08-23 11:31:32,746 [grpc-default-executor-1] INFO  client.GrpcClientProtocolClient (GrpcClientProtocolClient.java:onNext(255)) - client-C9E345EC67ED->244f13ac-34be-4c4e-8e45-0c0272edbbb2: receive RaftClientReply:client-C9E345EC67ED->244f13ac-34be-4c4e-8e45-0c0272edbbb2@group-FE77C852EF02, cid=1422, SUCCESS, logIndex=1985, commits[244f13ac-34be-4c4e-8e45-0c0272edbbb2:c1985, 6287e41a-5356-4f55-84f2-270816d53e84:c1983, a2c18d3d-e79d-47c9-88fe-d8a1d195302b:c1983]
2019-08-23 11:31:32,756 | INFO  | DNAudit | user=null | ip=null | op=WRITE_CHUNK {blockData=conID: 1 locID: 102666069120647653 bcsId: 1981} | ret=SUCCESS |  
2019-08-23 11:31:32,756 | INFO  | DNAudit | user=null | ip=null | op=WRITE_CHUNK {blockData=conID: 1 locID: 102666069120647653 bcsId: 1981} | ret=SUCCESS |  
2019-08-23 11:31:32,758 | INFO  | DNAudit | user=null | ip=null | op=PUT_BLOCK {blockData=[blockId=conID: 1 locID: 102666069120647653 bcsId: 0,size=4194304]} | ret=SUCCESS |  
2019-08-23 11:31:32,758 | INFO  | DNAudit | user=null | ip=null | op=PUT_BLOCK {blockData=[blockId=conID: 1 locID: 102666069120647653 bcsId: 0,size=4194304]} | ret=SUCCESS |  
2019-08-23 11:31:32,758 [grpc-default-executor-5] INFO  client.GrpcClientProtocolClient (GrpcClientProtocolClient.java:onNext(255)) - client-C9E345EC67ED->244f13ac-34be-4c4e-8e45-0c0272edbbb2: receive RaftClientReply:client-C9E345EC67ED->244f13ac-34be-4c4e-8e45-0c0272edbbb2@group-FE77C852EF02, cid=1423, SUCCESS, logIndex=0, commits[244f13ac-34be-4c4e-8e45-0c0272edbbb2:c1987, 6287e41a-5356-4f55-84f2-270816d53e84:c1985, a2c18d3d-e79d-47c9-88fe-d8a1d195302b:c1985]
2019-08-23 11:31:32,762 | INFO  | SCMAudit | user=jenkins1000 | ip=192.168.5.185 | op=ALLOCATE_BLOCK {owner=00a23185-76ea-47b5-a641-ad3cfbe5521a, size=4194304, type=RATIS, factor=THREE} | ret=SUCCESS |  
2019-08-23 11:31:32,764 | INFO  | OMAudit | user=jenkins1000 | ip=127.0.0.1 | op=ALLOCATE_BLOCK {volume=vol-0-37508, bucket=bucket-0-50919, key=key-0-57313, dataSize=0, replicationType=null, replicationFactor=null, keyLocationInfo=null, clientID=102666068570931602} | ret=SUCCESS |  
2019-08-23 11:31:32,771 | INFO  | DNAudit | user=null | ip=null | op=WRITE_CHUNK {blockData=conID: 2 locID: 102666069132050918 bcsId: 0} | ret=SUCCESS |  
2019-08-23 11:31:32,773 | INFO  | DNAudit | user=null | ip=null | op=WRITE_CHUNK {blockData=conID: 2 locID: 102666069132050918 bcsId: 0} | ret=SUCCESS |  
2019-08-23 11:31:32,774 | INFO  | DNAudit | user=null | ip=null | op=WRITE_CHUNK {blockData=conID: 2 locID: 102666069132050918 bcsId: 0} | ret=SUCCESS |  
2019-08-23 11:31:32,774 | INFO  | DNAudit | user=null | ip=null | op=WRITE_CHUNK {blockData=conID: 2 locID: 102666069132050918 bcsId: 0} | ret=SUCCESS |  
2019-08-23 11:31:32,775 | INFO  | DNAudit | user=null | ip=null | op=WRITE_CHUNK {blockData=conID: 2 locID: 102666069132050918 bcsId: 0} | ret=SUCCESS |  
2019-08-23 11:31:32,776 | INFO  | DNAudit | user=null | ip=null | op=WRITE_CHUNK {blockData=conID: 2 locID: 102666069132050918 bcsId: 0} | ret=SUCCESS |  
2019-08-23 11:31:32,784 | INFO  | DNAudit | user=null | ip=null | op=WRITE_CHUNK {blockData=conID: 2 locID: 102666069132050918 bcsId: 0} | ret=SUCCESS |  
2019-08-23 11:31:32,784 | INFO  | DNAudit | user=null | ip=null | op=PUT_BLOCK {blockData=[blockId=conID: 2 locID: 102666069132050918 bcsId: 0,size=1048576]} | ret=SUCCESS |  
2019-08-23 11:31:32,785 | INFO  | DNAudit | user=null | ip=null | op=WRITE_CHUNK {blockData=conID: 2 locID: 102666069132050918 bcsId: 0} | ret=SUCCESS |  
2019-08-23 11:31:32,784 [grpc-default-executor-5] INFO  client.GrpcClientProtocolClient (GrpcClientProtocolClient.java:onNext(255)) - client-C9E345EC67ED->244f13ac-34be-4c4e-8e45-0c0272edbbb2: receive RaftClientReply:client-C9E345EC67ED->244f13ac-34be-4c4e-8e45-0c0272edbbb2@group-FE77C852EF02, cid=1424, SUCCESS, logIndex=1988, commits[244f13ac-34be-4c4e-8e45-0c0272edbbb2:c1991, 6287e41a-5356-4f55-84f2-270816d53e84:c1987, a2c18d3d-e79d-47c9-88fe-d8a1d195302b:c1987]
2019-08-23 11:31:32,785 | INFO  | DNAudit | user=null | ip=null | op=PUT_BLOCK {blockData=[blockId=conID: 2 locID: 102666069132050918 bcsId: 0,size=2097152]} | ret=SUCCESS |  
2019-08-23 11:31:32,785 [grpc-default-executor-5] INFO  client.GrpcClientProtocolClient (GrpcClientProtocolClient.java:onNext(255)) - client-C9E345EC67ED->244f13ac-34be-4c4e-8e45-0c0272edbbb2: receive RaftClientReply:client-C9E345EC67ED->244f13ac-34be-4c4e-8e45-0c0272edbbb2@group-FE77C852EF02, cid=1425, SUCCESS, logIndex=1989, commits[244f13ac-34be-4c4e-8e45-0c0272edbbb2:c1991, 6287e41a-5356-4f55-84f2-270816d53e84:c1987, a2c18d3d-e79d-47c9-88fe-d8a1d195302b:c1987]
2019-08-23 11:31:32,785 [grpc-default-executor-5] INFO  client.GrpcClientProtocolClient (GrpcClientProtocolClient.java:onNext(255)) - client-C9E345EC67ED->244f13ac-34be-4c4e-8e45-0c0272edbbb2: receive RaftClientReply:client-C9E345EC67ED->244f13ac-34be-4c4e-8e45-0c0272edbbb2@group-FE77C852EF02, cid=1426, SUCCESS, logIndex=1990, commits[244f13ac-34be-4c4e-8e45-0c0272edbbb2:c1991, 6287e41a-5356-4f55-84f2-270816d53e84:c1987, a2c18d3d-e79d-47c9-88fe-d8a1d195302b:c1987]
2019-08-23 11:31:32,786 | INFO  | DNAudit | user=null | ip=null | op=WRITE_CHUNK {blockData=conID: 2 locID: 102666069132050918 bcsId: 0} | ret=SUCCESS |  
2019-08-23 11:31:32,786 [grpc-default-executor-5] INFO  client.GrpcClientProtocolClient (GrpcClientProtocolClient.java:onNext(255)) - client-C9E345EC67ED->244f13ac-34be-4c4e-8e45-0c0272edbbb2: receive RaftClientReply:client-C9E345EC67ED->244f13ac-34be-4c4e-8e45-0c0272edbbb2@group-FE77C852EF02, cid=1427, SUCCESS, logIndex=1991, commits[244f13ac-34be-4c4e-8e45-0c0272edbbb2:c1991, 6287e41a-5356-4f55-84f2-270816d53e84:c1987, a2c18d3d-e79d-47c9-88fe-d8a1d195302b:c1987]
2019-08-23 11:31:32,786 | INFO  | DNAudit | user=null | ip=null | op=WRITE_CHUNK {blockData=conID: 2 locID: 102666069132050918 bcsId: 0} | ret=SUCCESS |  
2019-08-23 11:31:32,786 | INFO  | DNAudit | user=null | ip=null | op=PUT_BLOCK {blockData=[blockId=conID: 2 locID: 102666069132050918 bcsId: 0,size=1048576]} | ret=SUCCESS |  
2019-08-23 11:31:32,786 | INFO  | DNAudit | user=null | ip=null | op=WRITE_CHUNK {blockData=conID: 2 locID: 102666069132050918 bcsId: 0} | ret=SUCCESS |  
2019-08-23 11:31:32,786 | INFO  | DNAudit | user=null | ip=null | op=PUT_BLOCK {blockData=[blockId=conID: 2 locID: 102666069132050918 bcsId: 0,size=2097152]} | ret=SUCCESS |  
2019-08-23 11:31:32,787 | INFO  | DNAudit | user=null | ip=null | op=PUT_BLOCK {blockData=[blockId=conID: 2 locID: 102666069132050918 bcsId: 0,size=1048576]} | ret=SUCCESS |  
2019-08-23 11:31:32,787 | INFO  | DNAudit | user=null | ip=null | op=WRITE_CHUNK {blockData=conID: 2 locID: 102666069132050918 bcsId: 0} | ret=SUCCESS |  
2019-08-23 11:31:32,787 | INFO  | DNAudit | user=null | ip=null | op=PUT_BLOCK {blockData=[blockId=conID: 2 locID: 102666069132050918 bcsId: 0,size=2097152]} | ret=SUCCESS |  
2019-08-23 11:31:32,787 [grpc-default-executor-5] INFO  client.GrpcClientProtocolClient (GrpcClientProtocolClient.java:onNext(255)) - client-C9E345EC67ED->244f13ac-34be-4c4e-8e45-0c0272edbbb2: receive RaftClientReply:client-C9E345EC67ED->244f13ac-34be-4c4e-8e45-0c0272edbbb2@group-FE77C852EF02, cid=1428, SUCCESS, logIndex=0, commits[244f13ac-34be-4c4e-8e45-0c0272edbbb2:c1995, 6287e41a-5356-4f55-84f2-270816d53e84:c1989, a2c18d3d-e79d-47c9-88fe-d8a1d195302b:c1991]
2019-08-23 11:31:32,793 | INFO  | DNAudit | user=null | ip=null | op=WRITE_CHUNK {blockData=conID: 2 locID: 102666069132050918 bcsId: 1991} | ret=SUCCESS |  
2019-08-23 11:31:32,795 | INFO  | DNAudit | user=null | ip=null | op=WRITE_CHUNK {blockData=conID: 2 locID: 102666069132050918 bcsId: 1991} | ret=SUCCESS |  
2019-08-23 11:31:32,796 | INFO  | DNAudit | user=null | ip=null | op=WRITE_CHUNK {blockData=conID: 2 locID: 102666069132050918 bcsId: 1991} | ret=SUCCESS |  
2019-08-23 11:31:32,805 | INFO  | DNAudit | user=null | ip=null | op=WRITE_CHUNK {blockData=conID: 2 locID: 102666069132050918 bcsId: 1991} | ret=SUCCESS |  
2019-08-23 11:31:32,806 | INFO  | DNAudit | user=null | ip=null | op=PUT_BLOCK {blockData=[blockId=conID: 2 locID: 102666069132050918 bcsId: 0,size=3145728]} | ret=SUCCESS |  
2019-08-23 11:31:32,806 [grpc-default-executor-1] INFO  client.GrpcClientProtocolClient (GrpcClientProtocolClient.java:onNext(255)) - client-C9E345EC67ED->244f13ac-34be-4c4e-8e45-0c0272edbbb2: receive RaftClientReply:client-C9E345EC67ED->244f13ac-34be-4c4e-8e45-0c0272edbbb2@group-FE77C852EF02, cid=1429, SUCCESS, logIndex=1996, commits[244f13ac-34be-4c4e-8e45-0c0272edbbb2:c1997, 6287e41a-5356-4f55-84f2-270816d53e84:c1995, a2c18d3d-e79d-47c9-88fe-d8a1d195302b:c1995]
2019-08-23 11:31:32,806 [grpc-default-executor-1] INFO  client.GrpcClientProtocolClient (GrpcClientProtocolClient.java:onNext(255)) - client-C9E345EC67ED->244f13ac-34be-4c4e-8e45-0c0272edbbb2: receive RaftClientReply:client-C9E345EC67ED->244f13ac-34be-4c4e-8e45-0c0272edbbb2@group-FE77C852EF02, cid=1430, SUCCESS, logIndex=1997, commits[244f13ac-34be-4c4e-8e45-0c0272edbbb2:c1997, 6287e41a-5356-4f55-84f2-270816d53e84:c1995, a2c18d3d-e79d-47c9-88fe-d8a1d195302b:c1995]
2019-08-23 11:31:32,812 | INFO  | DNAudit | user=null | ip=null | op=WRITE_CHUNK {blockData=conID: 2 locID: 102666069132050918 bcsId: 1997} | ret=SUCCESS |  
2019-08-23 11:31:32,813 | INFO  | DNAudit | user=null | ip=null | op=WRITE_CHUNK {blockData=conID: 2 locID: 102666069132050918 bcsId: 1997} | ret=SUCCESS |  
2019-08-23 11:31:32,813 | INFO  | DNAudit | user=null | ip=null | op=WRITE_CHUNK {blockData=conID: 2 locID: 102666069132050918 bcsId: 1997} | ret=SUCCESS |  
2019-08-23 11:31:32,818 | INFO  | DNAudit | user=null | ip=null | op=WRITE_CHUNK {blockData=conID: 2 locID: 102666069132050918 bcsId: 1991} | ret=SUCCESS |  
2019-08-23 11:31:32,818 | INFO  | DNAudit | user=null | ip=null | op=WRITE_CHUNK {blockData=conID: 2 locID: 102666069132050918 bcsId: 1991} | ret=SUCCESS |  
2019-08-23 11:31:32,820 | INFO  | DNAudit | user=null | ip=null | op=PUT_BLOCK {blockData=[blockId=conID: 2 locID: 102666069132050918 bcsId: 0,size=3145728]} | ret=SUCCESS |  
2019-08-23 11:31:32,820 | INFO  | DNAudit | user=null | ip=null | op=PUT_BLOCK {blockData=[blockId=conID: 2 locID: 102666069132050918 bcsId: 0,size=3145728]} | ret=SUCCESS |  
2019-08-23 11:31:32,821 | INFO  | DNAudit | user=null | ip=null | op=WRITE_CHUNK {blockData=conID: 2 locID: 102666069132050918 bcsId: 1997} | ret=SUCCESS |  
2019-08-23 11:31:32,822 | INFO  | DNAudit | user=null | ip=null | op=PUT_BLOCK {blockData=[blockId=conID: 2 locID: 102666069132050918 bcsId: 0,size=4194304]} | ret=SUCCESS |  
2019-08-23 11:31:32,822 [grpc-default-executor-5] INFO  client.GrpcClientProtocolClient (GrpcClientProtocolClient.java:onNext(255)) - client-C9E345EC67ED->244f13ac-34be-4c4e-8e45-0c0272edbbb2: receive RaftClientReply:client-C9E345EC67ED->244f13ac-34be-4c4e-8e45-0c0272edbbb2@group-FE77C852EF02, cid=1431, SUCCESS, logIndex=2000, commits[244f13ac-34be-4c4e-8e45-0c0272edbbb2:c2001, 6287e41a-5356-4f55-84f2-270816d53e84:c1997, a2c18d3d-e79d-47c9-88fe-d8a1d195302b:c1997]
2019-08-23 11:31:32,822 [grpc-default-executor-5] INFO  client.GrpcClientProtocolClient (GrpcClientProtocolClient.java:onNext(255)) - client-C9E345EC67ED->244f13ac-34be-4c4e-8e45-0c0272edbbb2: receive RaftClientReply:client-C9E345EC67ED->244f13ac-34be-4c4e-8e45-0c0272edbbb2@group-FE77C852EF02, cid=1432, SUCCESS, logIndex=2001, commits[244f13ac-34be-4c4e-8e45-0c0272edbbb2:c2001, 6287e41a-5356-4f55-84f2-270816d53e84:c1997, a2c18d3d-e79d-47c9-88fe-d8a1d195302b:c1997]
2019-08-23 11:31:32,824 | INFO  | DNAudit | user=null | ip=null | op=WRITE_CHUNK {blockData=conID: 2 locID: 102666069132050918 bcsId: 1997} | ret=SUCCESS |  
2019-08-23 11:31:32,824 | INFO  | DNAudit | user=null | ip=null | op=WRITE_CHUNK {blockData=conID: 2 locID: 102666069132050918 bcsId: 1997} | ret=SUCCESS |  
2019-08-23 11:31:32,825 | INFO  | DNAudit | user=null | ip=null | op=PUT_BLOCK {blockData=[blockId=conID: 2 locID: 102666069132050918 bcsId: 0,size=4194304]} | ret=SUCCESS |  
2019-08-23 11:31:32,825 | INFO  | DNAudit | user=null | ip=null | op=PUT_BLOCK {blockData=[blockId=conID: 2 locID: 102666069132050918 bcsId: 0,size=4194304]} | ret=SUCCESS |  
2019-08-23 11:31:32,825 [grpc-default-executor-1] INFO  client.GrpcClientProtocolClient (GrpcClientProtocolClient.java:onNext(255)) - client-C9E345EC67ED->244f13ac-34be-4c4e-8e45-0c0272edbbb2: receive RaftClientReply:client-C9E345EC67ED->244f13ac-34be-4c4e-8e45-0c0272edbbb2@group-FE77C852EF02, cid=1433, SUCCESS, logIndex=0, commits[244f13ac-34be-4c4e-8e45-0c0272edbbb2:c2003, 6287e41a-5356-4f55-84f2-270816d53e84:c2001, a2c18d3d-e79d-47c9-88fe-d8a1d195302b:c2001]
2019-08-23 11:31:32,829 | INFO  | SCMAudit | user=jenkins1000 | ip=192.168.5.185 | op=ALLOCATE_BLOCK {owner=00a23185-76ea-47b5-a641-ad3cfbe5521a, size=4194304, type=RATIS, factor=THREE} | ret=SUCCESS |  
2019-08-23 11:31:32,830 | INFO  | OMAudit | user=jenkins1000 | ip=127.0.0.1 | op=ALLOCATE_BLOCK {volume=vol-0-37508, bucket=bucket-0-50919, key=key-0-57313, dataSize=0, replicationType=null, replicationFactor=null, keyLocationInfo=null, clientID=102666068570931602} | ret=SUCCESS |  
2019-08-23 11:31:32,836 | INFO  | DNAudit | user=null | ip=null | op=WRITE_CHUNK {blockData=conID: 3 locID: 102666069136376295 bcsId: 0} | ret=SUCCESS |  
2019-08-23 11:31:32,838 | INFO  | DNAudit | user=null | ip=null | op=WRITE_CHUNK {blockData=conID: 3 locID: 102666069136376295 bcsId: 0} | ret=SUCCESS |  
2019-08-23 11:31:32,838 | INFO  | DNAudit | user=null | ip=null | op=WRITE_CHUNK {blockData=conID: 3 locID: 102666069136376295 bcsId: 0} | ret=SUCCESS |  
2019-08-23 11:31:32,838 | INFO  | DNAudit | user=null | ip=null | op=WRITE_CHUNK {blockData=conID: 3 locID: 102666069136376295 bcsId: 0} | ret=SUCCESS |  
2019-08-23 11:31:32,839 | INFO  | DNAudit | user=null | ip=null | op=WRITE_CHUNK {blockData=conID: 3 locID: 102666069136376295 bcsId: 0} | ret=SUCCESS |  
2019-08-23 11:31:32,839 | INFO  | DNAudit | user=null | ip=null | op=WRITE_CHUNK {blockData=conID: 3 locID: 102666069136376295 bcsId: 0} | ret=SUCCESS |  
2019-08-23 11:31:32,844 | INFO  | DNAudit | user=null | ip=null | op=WRITE_CHUNK {blockData=conID: 3 locID: 102666069136376295 bcsId: 0} | ret=SUCCESS |  
2019-08-23 11:31:32,844 | INFO  | DNAudit | user=null | ip=null | op=PUT_BLOCK {blockData=[blockId=conID: 3 locID: 102666069136376295 bcsId: 0,size=1048576]} | ret=SUCCESS |  
2019-08-23 11:31:32,844 [grpc-default-executor-1] INFO  client.GrpcClientProtocolClient (GrpcClientProtocolClient.java:onNext(255)) - client-C9E345EC67ED->244f13ac-34be-4c4e-8e45-0c0272edbbb2: receive RaftClientReply:client-C9E345EC67ED->244f13ac-34be-4c4e-8e45-0c0272edbbb2@group-FE77C852EF02, cid=1434, SUCCESS, logIndex=2004, commits[244f13ac-34be-4c4e-8e45-0c0272edbbb2:c2006, 6287e41a-5356-4f55-84f2-270816d53e84:c2003, a2c18d3d-e79d-47c9-88fe-d8a1d195302b:c2003]
2019-08-23 11:31:32,845 [grpc-default-executor-1] INFO  client.GrpcClientProtocolClient (GrpcClientProtocolClient.java:onNext(255)) - client-C9E345EC67ED->244f13ac-34be-4c4e-8e45-0c0272edbbb2: receive RaftClientReply:client-C9E345EC67ED->244f13ac-34be-4c4e-8e45-0c0272edbbb2@group-FE77C852EF02, cid=1435, SUCCESS, logIndex=2005, commits[244f13ac-34be-4c4e-8e45-0c0272edbbb2:c2007, 6287e41a-5356-4f55-84f2-270816d53e84:c2003, a2c18d3d-e79d-47c9-88fe-d8a1d195302b:c2003]
2019-08-23 11:31:32,846 | INFO  | DNAudit | user=null | ip=null | op=WRITE_CHUNK {blockData=conID: 3 locID: 102666069136376295 bcsId: 0} | ret=SUCCESS |  
2019-08-23 11:31:32,846 | INFO  | DNAudit | user=null | ip=null | op=WRITE_CHUNK {blockData=conID: 3 locID: 102666069136376295 bcsId: 0} | ret=SUCCESS |  
2019-08-23 11:31:32,846 | INFO  | DNAudit | user=null | ip=null | op=WRITE_CHUNK {blockData=conID: 3 locID: 102666069136376295 bcsId: 0} | ret=SUCCESS |  
2019-08-23 11:31:32,846 | INFO  | DNAudit | user=null | ip=null | op=PUT_BLOCK {blockData=[blockId=conID: 3 locID: 102666069136376295 bcsId: 0,size=2097152]} | ret=SUCCESS |  
2019-08-23 11:31:32,846 | INFO  | DNAudit | user=null | ip=null | op=PUT_BLOCK {blockData=[blockId=conID: 3 locID: 102666069136376295 bcsId: 0,size=1048576]} | ret=SUCCESS |  
2019-08-23 11:31:32,846 [grpc-default-executor-1] INFO  client.GrpcClientProtocolClient (GrpcClientProtocolClient.java:onNext(255)) - client-C9E345EC67ED->244f13ac-34be-4c4e-8e45-0c0272edbbb2: receive RaftClientReply:client-C9E345EC67ED->244f13ac-34be-4c4e-8e45-0c0272edbbb2@group-FE77C852EF02, cid=1436, SUCCESS, logIndex=2006, commits[244f13ac-34be-4c4e-8e45-0c0272edbbb2:c2008, 6287e41a-5356-4f55-84f2-270816d53e84:c2005, a2c18d3d-e79d-47c9-88fe-d8a1d195302b:c2004]
2019-08-23 11:31:32,847 [grpc-default-executor-1] INFO  client.GrpcClientProtocolClient (GrpcClientProtocolClient.java:onNext(255)) - client-C9E345EC67ED->244f13ac-34be-4c4e-8e45-0c0272edbbb2: receive RaftClientReply:client-C9E345EC67ED->244f13ac-34be-4c4e-8e45-0c0272edbbb2@group-FE77C852EF02, cid=1437, SUCCESS, logIndex=2007, commits[244f13ac-34be-4c4e-8e45-0c0272edbbb2:c2008, 6287e41a-5356-4f55-84f2-270816d53e84:c2005, a2c18d3d-e79d-47c9-88fe-d8a1d195302b:c2004]
2019-08-23 11:31:32,848 [grpc-default-executor-1] INFO  client.GrpcClientProtocolClient (GrpcClientProtocolClient.java:onNext(255)) - client-C9E345EC67ED->244f13ac-34be-4c4e-8e45-0c0272edbbb2: receive RaftClientReply:client-C9E345EC67ED->244f13ac-34be-4c4e-8e45-0c0272edbbb2@group-FE77C852EF02, cid=1438, SUCCESS, logIndex=0, commits[244f13ac-34be-4c4e-8e45-0c0272edbbb2:c2008, 6287e41a-5356-4f55-84f2-270816d53e84:c2005, a2c18d3d-e79d-47c9-88fe-d8a1d195302b:c2005]
2019-08-23 11:31:32,859 | INFO  | DNAudit | user=null | ip=null | op=WRITE_CHUNK {blockData=conID: 3 locID: 102666069136376295 bcsId: 0} | ret=SUCCESS |  
2019-08-23 11:31:32,859 | INFO  | DNAudit | user=null | ip=null | op=PUT_BLOCK {blockData=[blockId=conID: 3 locID: 102666069136376295 bcsId: 0,size=1048576]} | ret=SUCCESS |  
2019-08-23 11:31:32,859 | INFO  | DNAudit | user=null | ip=null | op=PUT_BLOCK {blockData=[blockId=conID: 3 locID: 102666069136376295 bcsId: 0,size=2097152]} | ret=SUCCESS |  
2019-08-23 11:31:32,859 | INFO  | DNAudit | user=null | ip=null | op=WRITE_CHUNK {blockData=conID: 3 locID: 102666069136376295 bcsId: 0} | ret=SUCCESS |  
2019-08-23 11:31:32,859 | INFO  | DNAudit | user=null | ip=null | op=PUT_BLOCK {blockData=[blockId=conID: 3 locID: 102666069136376295 bcsId: 0,size=2097152]} | ret=SUCCESS |  
2019-08-23 11:31:32,860 | INFO  | DNAudit | user=null | ip=null | op=WRITE_CHUNK {blockData=conID: 3 locID: 102666069136376295 bcsId: 2007} | ret=SUCCESS |  
2019-08-23 11:31:32,860 | INFO  | DNAudit | user=null | ip=null | op=WRITE_CHUNK {blockData=conID: 3 locID: 102666069136376295 bcsId: 2007} | ret=SUCCESS |  
2019-08-23 11:31:32,860 | INFO  | DNAudit | user=null | ip=null | op=WRITE_CHUNK {blockData=conID: 3 locID: 102666069136376295 bcsId: 2007} | ret=SUCCESS |  
2019-08-23 11:31:32,872 | INFO  | DNAudit | user=null | ip=null | op=WRITE_CHUNK {blockData=conID: 3 locID: 102666069136376295 bcsId: 2007} | ret=SUCCESS |  
2019-08-23 11:31:32,873 | INFO  | DNAudit | user=null | ip=null | op=PUT_BLOCK {blockData=[blockId=conID: 3 locID: 102666069136376295 bcsId: 0,size=3145728]} | ret=SUCCESS |  
2019-08-23 11:31:32,873 [grpc-default-executor-4] INFO  client.GrpcClientProtocolClient (GrpcClientProtocolClient.java:onNext(255)) - client-C9E345EC67ED->244f13ac-34be-4c4e-8e45-0c0272edbbb2: receive RaftClientReply:client-C9E345EC67ED->244f13ac-34be-4c4e-8e45-0c0272edbbb2@group-FE77C852EF02, cid=1439, SUCCESS, logIndex=2012, commits[244f13ac-34be-4c4e-8e45-0c0272edbbb2:c2013, 6287e41a-5356-4f55-84f2-270816d53e84:c2011, a2c18d3d-e79d-47c9-88fe-d8a1d195302b:c2011]
2019-08-23 11:31:32,873 [grpc-default-executor-4] INFO  client.GrpcClientProtocolClient (GrpcClientProtocolClient.java:onNext(255)) - client-C9E345EC67ED->244f13ac-34be-4c4e-8e45-0c0272edbbb2: receive RaftClientReply:client-C9E345EC67ED->244f13ac-34be-4c4e-8e45-0c0272edbbb2@group-FE77C852EF02, cid=1440, SUCCESS, logIndex=2013, commits[244f13ac-34be-4c4e-8e45-0c0272edbbb2:c2013, 6287e41a-5356-4f55-84f2-270816d53e84:c2011, a2c18d3d-e79d-47c9-88fe-d8a1d195302b:c2011]
2019-08-23 11:31:32,873 | INFO  | DNAudit | user=null | ip=null | op=WRITE_CHUNK {blockData=conID: 3 locID: 102666069136376295 bcsId: 2007} | ret=SUCCESS |  
2019-08-23 11:31:32,873 | INFO  | DNAudit | user=null | ip=null | op=WRITE_CHUNK {blockData=conID: 3 locID: 102666069136376295 bcsId: 2007} | ret=SUCCESS |  
2019-08-23 11:31:32,874 | INFO  | DNAudit | user=null | ip=null | op=PUT_BLOCK {blockData=[blockId=conID: 3 locID: 102666069136376295 bcsId: 0,size=3145728]} | ret=SUCCESS |  
2019-08-23 11:31:32,874 | INFO  | DNAudit | user=null | ip=null | op=PUT_BLOCK {blockData=[blockId=conID: 3 locID: 102666069136376295 bcsId: 0,size=3145728]} | ret=SUCCESS |  
2019-08-23 11:31:32,879 | INFO  | DNAudit | user=null | ip=null | op=WRITE_CHUNK {blockData=conID: 3 locID: 102666069136376295 bcsId: 2013} | ret=SUCCESS |  
2019-08-23 11:31:32,880 | INFO  | DNAudit | user=null | ip=null | op=WRITE_CHUNK {blockData=conID: 3 locID: 102666069136376295 bcsId: 2013} | ret=SUCCESS |  
2019-08-23 11:31:32,881 | INFO  | DNAudit | user=null | ip=null | op=WRITE_CHUNK {blockData=conID: 3 locID: 102666069136376295 bcsId: 2013} | ret=SUCCESS |  
2019-08-23 11:31:32,886 | INFO  | DNAudit | user=null | ip=null | op=WRITE_CHUNK {blockData=conID: 3 locID: 102666069136376295 bcsId: 2013} | ret=SUCCESS |  
2019-08-23 11:31:32,886 | INFO  | DNAudit | user=null | ip=null | op=PUT_BLOCK {blockData=[blockId=conID: 3 locID: 102666069136376295 bcsId: 0,size=4194304]} | ret=SUCCESS |  
2019-08-23 11:31:32,886 [grpc-default-executor-5] INFO  client.GrpcClientProtocolClient (GrpcClientProtocolClient.java:onNext(255)) - client-C9E345EC67ED->244f13ac-34be-4c4e-8e45-0c0272edbbb2: receive RaftClientReply:client-C9E345EC67ED->244f13ac-34be-4c4e-8e45-0c0272edbbb2@group-FE77C852EF02, cid=1441, SUCCESS, logIndex=2015, commits[244f13ac-34be-4c4e-8e45-0c0272edbbb2:c2016, 6287e41a-5356-4f55-84f2-270816d53e84:c2014, a2c18d3d-e79d-47c9-88fe-d8a1d195302b:c2014]
2019-08-23 11:31:32,887 [grpc-default-executor-5] INFO  client.GrpcClientProtocolClient (GrpcClientProtocolClient.java:onNext(255)) - client-C9E345EC67ED->244f13ac-34be-4c4e-8e45-0c0272edbbb2: receive RaftClientReply:client-C9E345EC67ED->244f13ac-34be-4c4e-8e45-0c0272edbbb2@group-FE77C852EF02, cid=1442, SUCCESS, logIndex=2016, commits[244f13ac-34be-4c4e-8e45-0c0272edbbb2:c2016, 6287e41a-5356-4f55-84f2-270816d53e84:c2014, a2c18d3d-e79d-47c9-88fe-d8a1d195302b:c2014]
2019-08-23 11:31:32,887 | INFO  | DNAudit | user=null | ip=null | op=WRITE_CHUNK {blockData=conID: 3 locID: 102666069136376295 bcsId: 2013} | ret=SUCCESS |  
2019-08-23 11:31:32,887 | INFO  | DNAudit | user=null | ip=null | op=WRITE_CHUNK {blockData=conID: 3 locID: 102666069136376295 bcsId: 2013} | ret=SUCCESS |  
2019-08-23 11:31:32,889 | INFO  | DNAudit | user=null | ip=null | op=PUT_BLOCK {blockData=[blockId=conID: 3 locID: 102666069136376295 bcsId: 0,size=4194304]} | ret=SUCCESS |  
2019-08-23 11:31:32,889 | INFO  | DNAudit | user=null | ip=null | op=PUT_BLOCK {blockData=[blockId=conID: 3 locID: 102666069136376295 bcsId: 0,size=4194304]} | ret=SUCCESS |  
2019-08-23 11:31:32,890 [grpc-default-executor-5] INFO  client.GrpcClientProtocolClient (GrpcClientProtocolClient.java:onNext(255)) - client-C9E345EC67ED->244f13ac-34be-4c4e-8e45-0c0272edbbb2: receive RaftClientReply:client-C9E345EC67ED->244f13ac-34be-4c4e-8e45-0c0272edbbb2@group-FE77C852EF02, cid=1443, SUCCESS, logIndex=0, commits[244f13ac-34be-4c4e-8e45-0c0272edbbb2:c2018, 6287e41a-5356-4f55-84f2-270816d53e84:c2016, a2c18d3d-e79d-47c9-88fe-d8a1d195302b:c2016]
2019-08-23 11:31:32,893 | INFO  | SCMAudit | user=jenkins1000 | ip=192.168.5.185 | op=ALLOCATE_BLOCK {owner=00a23185-76ea-47b5-a641-ad3cfbe5521a, size=4194304, type=RATIS, factor=THREE} | ret=SUCCESS |  
2019-08-23 11:31:32,895 | INFO  | OMAudit | user=jenkins1000 | ip=127.0.0.1 | op=ALLOCATE_BLOCK {volume=vol-0-37508, bucket=bucket-0-50919, key=key-0-57313, dataSize=0, replicationType=null, replicationFactor=null, keyLocationInfo=null, clientID=102666068570931602} | ret=SUCCESS |  
2019-08-23 11:31:32,902 | INFO  | DNAudit | user=null | ip=null | op=WRITE_CHUNK {blockData=conID: 1 locID: 102666069140636136 bcsId: 0} | ret=SUCCESS |  
2019-08-23 11:31:32,903 | INFO  | DNAudit | user=null | ip=null | op=WRITE_CHUNK {blockData=conID: 1 locID: 102666069140636136 bcsId: 0} | ret=SUCCESS |  
2019-08-23 11:31:32,903 | INFO  | DNAudit | user=null | ip=null | op=WRITE_CHUNK {blockData=conID: 1 locID: 102666069140636136 bcsId: 0} | ret=SUCCESS |  
2019-08-23 11:31:32,903 | INFO  | DNAudit | user=null | ip=null | op=WRITE_CHUNK {blockData=conID: 1 locID: 102666069140636136 bcsId: 0} | ret=SUCCESS |  
2019-08-23 11:31:32,905 | INFO  | DNAudit | user=null | ip=null | op=WRITE_CHUNK {blockData=conID: 1 locID: 102666069140636136 bcsId: 0} | ret=SUCCESS |  
2019-08-23 11:31:32,905 | INFO  | DNAudit | user=null | ip=null | op=WRITE_CHUNK {blockData=conID: 1 locID: 102666069140636136 bcsId: 0} | ret=SUCCESS |  
2019-08-23 11:31:32,914 | INFO  | DNAudit | user=null | ip=null | op=WRITE_CHUNK {blockData=conID: 1 locID: 102666069140636136 bcsId: 0} | ret=SUCCESS |  
2019-08-23 11:31:32,914 | INFO  | DNAudit | user=null | ip=null | op=PUT_BLOCK {blockData=[blockId=conID: 1 locID: 102666069140636136 bcsId: 0,size=1048576]} | ret=SUCCESS |  
2019-08-23 11:31:32,915 | INFO  | DNAudit | user=null | ip=null | op=WRITE_CHUNK {blockData=conID: 1 locID: 102666069140636136 bcsId: 0} | ret=SUCCESS |  
2019-08-23 11:31:32,915 [grpc-default-executor-1] INFO  client.GrpcClientProtocolClient (GrpcClientProtocolClient.java:onNext(255)) - client-C9E345EC67ED->244f13ac-34be-4c4e-8e45-0c0272edbbb2: receive RaftClientReply:client-C9E345EC67ED->244f13ac-34be-4c4e-8e45-0c0272edbbb2@group-FE77C852EF02, cid=1444, SUCCESS, logIndex=2019, commits[244f13ac-34be-4c4e-8e45-0c0272edbbb2:c2021, 6287e41a-5356-4f55-84f2-270816d53e84:c2018, a2c18d3d-e79d-47c9-88fe-d8a1d195302b:c2018]
2019-08-23 11:31:32,915 | INFO  | DNAudit | user=null | ip=null | op=WRITE_CHUNK {blockData=conID: 1 locID: 102666069140636136 bcsId: 0} | ret=SUCCESS |  
2019-08-23 11:31:32,915 | INFO  | DNAudit | user=null | ip=null | op=PUT_BLOCK {blockData=[blockId=conID: 1 locID: 102666069140636136 bcsId: 0,size=2097152]} | ret=SUCCESS |  
2019-08-23 11:31:32,915 [grpc-default-executor-1] INFO  client.GrpcClientProtocolClient (GrpcClientProtocolClient.java:onNext(255)) - client-C9E345EC67ED->244f13ac-34be-4c4e-8e45-0c0272edbbb2: receive RaftClientReply:client-C9E345EC67ED->244f13ac-34be-4c4e-8e45-0c0272edbbb2@group-FE77C852EF02, cid=1445, SUCCESS, logIndex=2020, commits[244f13ac-34be-4c4e-8e45-0c0272edbbb2:c2022, 6287e41a-5356-4f55-84f2-270816d53e84:c2018, a2c18d3d-e79d-47c9-88fe-d8a1d195302b:c2018]
2019-08-23 11:31:32,916 | INFO  | DNAudit | user=null | ip=null | op=WRITE_CHUNK {blockData=conID: 1 locID: 102666069140636136 bcsId: 0} | ret=SUCCESS |  
2019-08-23 11:31:32,916 [grpc-default-executor-1] INFO  client.GrpcClientProtocolClient (GrpcClientProtocolClient.java:onNext(255)) - client-C9E345EC67ED->244f13ac-34be-4c4e-8e45-0c0272edbbb2: receive RaftClientReply:client-C9E345EC67ED->244f13ac-34be-4c4e-8e45-0c0272edbbb2@group-FE77C852EF02, cid=1446, SUCCESS, logIndex=2021, commits[244f13ac-34be-4c4e-8e45-0c0272edbbb2:c2022, 6287e41a-5356-4f55-84f2-270816d53e84:c2018, a2c18d3d-e79d-47c9-88fe-d8a1d195302b:c2018]
2019-08-23 11:31:32,916 | INFO  | DNAudit | user=null | ip=null | op=PUT_BLOCK {blockData=[blockId=conID: 1 locID: 102666069140636136 bcsId: 0,size=1048576]} | ret=SUCCESS |  
2019-08-23 11:31:32,916 [grpc-default-executor-1] INFO  client.GrpcClientProtocolClient (GrpcClientProtocolClient.java:onNext(255)) - client-C9E345EC67ED->244f13ac-34be-4c4e-8e45-0c0272edbbb2: receive RaftClientReply:client-C9E345EC67ED->244f13ac-34be-4c4e-8e45-0c0272edbbb2@group-FE77C852EF02, cid=1447, SUCCESS, logIndex=2022, commits[244f13ac-34be-4c4e-8e45-0c0272edbbb2:c2023, 6287e41a-5356-4f55-84f2-270816d53e84:c2019, a2c18d3d-e79d-47c9-88fe-d8a1d195302b:c2018]
2019-08-23 11:31:32,916 | INFO  | DNAudit | user=null | ip=null | op=PUT_BLOCK {blockData=[blockId=conID: 1 locID: 102666069140636136 bcsId: 0,size=1048576]} | ret=SUCCESS |  
2019-08-23 11:31:32,916 | INFO  | DNAudit | user=null | ip=null | op=WRITE_CHUNK {blockData=conID: 1 locID: 102666069140636136 bcsId: 0} | ret=SUCCESS |  
2019-08-23 11:31:32,916 | INFO  | DNAudit | user=null | ip=null | op=PUT_BLOCK {blockData=[blockId=conID: 1 locID: 102666069140636136 bcsId: 0,size=2097152]} | ret=SUCCESS |  
2019-08-23 11:31:32,917 [grpc-default-executor-5] INFO  client.GrpcClientProtocolClient (GrpcClientProtocolClient.java:onNext(255)) - client-C9E345EC67ED->244f13ac-34be-4c4e-8e45-0c0272edbbb2: receive RaftClientReply:client-C9E345EC67ED->244f13ac-34be-4c4e-8e45-0c0272edbbb2@group-FE77C852EF02, cid=1448, SUCCESS, logIndex=0, commits[244f13ac-34be-4c4e-8e45-0c0272edbbb2:c2025, 6287e41a-5356-4f55-84f2-270816d53e84:c2021, a2c18d3d-e79d-47c9-88fe-d8a1d195302b:c2020]
2019-08-23 11:31:32,917 | INFO  | DNAudit | user=null | ip=null | op=WRITE_CHUNK {blockData=conID: 1 locID: 102666069140636136 bcsId: 0} | ret=SUCCESS |  
2019-08-23 11:31:32,917 | INFO  | DNAudit | user=null | ip=null | op=PUT_BLOCK {blockData=[blockId=conID: 1 locID: 102666069140636136 bcsId: 0,size=2097152]} | ret=SUCCESS |  
2019-08-23 11:31:32,922 | INFO  | DNAudit | user=null | ip=null | op=WRITE_CHUNK {blockData=conID: 1 locID: 102666069140636136 bcsId: 2022} | ret=SUCCESS |  
2019-08-23 11:31:32,924 | INFO  | DNAudit | user=null | ip=null | op=WRITE_CHUNK {blockData=conID: 1 locID: 102666069140636136 bcsId: 2022} | ret=SUCCESS |  
2019-08-23 11:31:32,924 | INFO  | DNAudit | user=null | ip=null | op=WRITE_CHUNK {blockData=conID: 1 locID: 102666069140636136 bcsId: 2022} | ret=SUCCESS |  
2019-08-23 11:31:32,931 | INFO  | DNAudit | user=null | ip=null | op=WRITE_CHUNK {blockData=conID: 1 locID: 102666069140636136 bcsId: 2022} | ret=SUCCESS |  
2019-08-23 11:31:32,931 | INFO  | DNAudit | user=null | ip=null | op=PUT_BLOCK {blockData=[blockId=conID: 1 locID: 102666069140636136 bcsId: 0,size=3145728]} | ret=SUCCESS |  
2019-08-23 11:31:32,931 [grpc-default-executor-2] INFO  client.GrpcClientProtocolClient (GrpcClientProtocolClient.java:onNext(255)) - client-C9E345EC67ED->244f13ac-34be-4c4e-8e45-0c0272edbbb2: receive RaftClientReply:client-C9E345EC67ED->244f13ac-34be-4c4e-8e45-0c0272edbbb2@group-FE77C852EF02, cid=1449, SUCCESS, logIndex=2027, commits[244f13ac-34be-4c4e-8e45-0c0272edbbb2:c2028, 6287e41a-5356-4f55-84f2-270816d53e84:c2026, a2c18d3d-e79d-47c9-88fe-d8a1d195302b:c2026]
2019-08-23 11:31:32,932 [grpc-default-executor-2] INFO  client.GrpcClientProtocolClient (GrpcClientProtocolClient.java:onNext(255)) - client-C9E345EC67ED->244f13ac-34be-4c4e-8e45-0c0272edbbb2: receive RaftClientReply:client-C9E345EC67ED->244f13ac-34be-4c4e-8e45-0c0272edbbb2@group-FE77C852EF02, cid=1450, SUCCESS, logIndex=2028, commits[244f13ac-34be-4c4e-8e45-0c0272edbbb2:c2028, 6287e41a-5356-4f55-84f2-270816d53e84:c2026, a2c18d3d-e79d-47c9-88fe-d8a1d195302b:c2026]
2019-08-23 11:31:32,932 | INFO  | DNAudit | user=null | ip=null | op=WRITE_CHUNK {blockData=conID: 1 locID: 102666069140636136 bcsId: 2022} | ret=SUCCESS |  
2019-08-23 11:31:32,932 | INFO  | DNAudit | user=null | ip=null | op=WRITE_CHUNK {blockData=conID: 1 locID: 102666069140636136 bcsId: 2022} | ret=SUCCESS |  
2019-08-23 11:31:32,933 | INFO  | DNAudit | user=null | ip=null | op=PUT_BLOCK {blockData=[blockId=conID: 1 locID: 102666069140636136 bcsId: 0,size=3145728]} | ret=SUCCESS |  
2019-08-23 11:31:32,933 | INFO  | DNAudit | user=null | ip=null | op=PUT_BLOCK {blockData=[blockId=conID: 1 locID: 102666069140636136 bcsId: 0,size=3145728]} | ret=SUCCESS |  
2019-08-23 11:31:32,937 | INFO  | DNAudit | user=null | ip=null | op=WRITE_CHUNK {blockData=conID: 1 locID: 102666069140636136 bcsId: 2028} | ret=SUCCESS |  
2019-08-23 11:31:32,938 | INFO  | DNAudit | user=null | ip=null | op=WRITE_CHUNK {blockData=conID: 1 locID: 102666069140636136 bcsId: 2028} | ret=SUCCESS |  
2019-08-23 11:31:32,939 | INFO  | DNAudit | user=null | ip=null | op=WRITE_CHUNK {blockData=conID: 1 locID: 102666069140636136 bcsId: 2028} | ret=SUCCESS |  
2019-08-23 11:31:32,945 | INFO  | DNAudit | user=null | ip=null | op=WRITE_CHUNK {blockData=conID: 1 locID: 102666069140636136 bcsId: 2028} | ret=SUCCESS |  
2019-08-23 11:31:32,945 | INFO  | DNAudit | user=null | ip=null | op=PUT_BLOCK {blockData=[blockId=conID: 1 locID: 102666069140636136 bcsId: 0,size=4194304]} | ret=SUCCESS |  
2019-08-23 11:31:32,945 [grpc-default-executor-5] INFO  client.GrpcClientProtocolClient (GrpcClientProtocolClient.java:onNext(255)) - client-C9E345EC67ED->244f13ac-34be-4c4e-8e45-0c0272edbbb2: receive RaftClientReply:client-C9E345EC67ED->244f13ac-34be-4c4e-8e45-0c0272edbbb2@group-FE77C852EF02, cid=1451, SUCCESS, logIndex=2031, commits[244f13ac-34be-4c4e-8e45-0c0272edbbb2:c2032, 6287e41a-5356-4f55-84f2-270816d53e84:c2030, a2c18d3d-e79d-47c9-88fe-d8a1d195302b:c2030]
2019-08-23 11:31:32,945 [grpc-default-executor-5] INFO  client.GrpcClientProtocolClient (GrpcClientProtocolClient.java:onNext(255)) - client-C9E345EC67ED->244f13ac-34be-4c4e-8e45-0c0272edbbb2: receive RaftClientReply:client-C9E345EC67ED->244f13ac-34be-4c4e-8e45-0c0272edbbb2@group-FE77C852EF02, cid=1452, SUCCESS, logIndex=2032, commits[244f13ac-34be-4c4e-8e45-0c0272edbbb2:c2032, 6287e41a-5356-4f55-84f2-270816d53e84:c2030, a2c18d3d-e79d-47c9-88fe-d8a1d195302b:c2030]
2019-08-23 11:31:32,947 | INFO  | DNAudit | user=null | ip=null | op=WRITE_CHUNK {blockData=conID: 1 locID: 102666069140636136 bcsId: 2028} | ret=SUCCESS |  
2019-08-23 11:31:32,947 | INFO  | DNAudit | user=null | ip=null | op=WRITE_CHUNK {blockData=conID: 1 locID: 102666069140636136 bcsId: 2028} | ret=SUCCESS |  
2019-08-23 11:31:32,948 | INFO  | DNAudit | user=null | ip=null | op=PUT_BLOCK {blockData=[blockId=conID: 1 locID: 102666069140636136 bcsId: 0,size=4194304]} | ret=SUCCESS |  
2019-08-23 11:31:32,948 | INFO  | DNAudit | user=null | ip=null | op=PUT_BLOCK {blockData=[blockId=conID: 1 locID: 102666069140636136 bcsId: 0,size=4194304]} | ret=SUCCESS |  
2019-08-23 11:31:32,949 [grpc-default-executor-1] INFO  client.GrpcClientProtocolClient (GrpcClientProtocolClient.java:onNext(255)) - client-C9E345EC67ED->244f13ac-34be-4c4e-8e45-0c0272edbbb2: receive RaftClientReply:client-C9E345EC67ED->244f13ac-34be-4c4e-8e45-0c0272edbbb2@group-FE77C852EF02, cid=1453, SUCCESS, logIndex=0, commits[244f13ac-34be-4c4e-8e45-0c0272edbbb2:c2034, 6287e41a-5356-4f55-84f2-270816d53e84:c2032, a2c18d3d-e79d-47c9-88fe-d8a1d195302b:c2032]
2019-08-23 11:31:32,952 | INFO  | SCMAudit | user=jenkins1000 | ip=192.168.5.185 | op=ALLOCATE_BLOCK {owner=00a23185-76ea-47b5-a641-ad3cfbe5521a, size=4194304, type=RATIS, factor=THREE} | ret=SUCCESS |  
2019-08-23 11:31:32,954 | INFO  | OMAudit | user=jenkins1000 | ip=127.0.0.1 | op=ALLOCATE_BLOCK {volume=vol-0-37508, bucket=bucket-0-50919, key=key-0-57313, dataSize=0, replicationType=null, replicationFactor=null, keyLocationInfo=null, clientID=102666068570931602} | ret=SUCCESS |  
2019-08-23 11:31:32,959 | INFO  | DNAudit | user=null | ip=null | op=WRITE_CHUNK {blockData=conID: 2 locID: 102666069144502761 bcsId: 0} | ret=SUCCESS |  
2019-08-23 11:31:32,960 | INFO  | DNAudit | user=null | ip=null | op=WRITE_CHUNK {blockData=conID: 2 locID: 102666069144502761 bcsId: 0} | ret=SUCCESS |  
2019-08-23 11:31:32,961 | INFO  | DNAudit | user=null | ip=null | op=WRITE_CHUNK {blockData=conID: 2 locID: 102666069144502761 bcsId: 0} | ret=SUCCESS |  
2019-08-23 11:31:32,961 | INFO  | DNAudit | user=null | ip=null | op=WRITE_CHUNK {blockData=conID: 2 locID: 102666069144502761 bcsId: 0} | ret=SUCCESS |  
2019-08-23 11:31:32,961 | INFO  | DNAudit | user=null | ip=null | op=WRITE_CHUNK {blockData=conID: 2 locID: 102666069144502761 bcsId: 0} | ret=SUCCESS |  
2019-08-23 11:31:32,962 | INFO  | DNAudit | user=null | ip=null | op=WRITE_CHUNK {blockData=conID: 2 locID: 102666069144502761 bcsId: 0} | ret=SUCCESS |  
2019-08-23 11:31:32,971 | INFO  | DNAudit | user=null | ip=null | op=WRITE_CHUNK {blockData=conID: 2 locID: 102666069144502761 bcsId: 0} | ret=SUCCESS |  
2019-08-23 11:31:32,972 | INFO  | DNAudit | user=null | ip=null | op=PUT_BLOCK {blockData=[blockId=conID: 2 locID: 102666069144502761 bcsId: 0,size=1048576]} | ret=SUCCESS |  
2019-08-23 11:31:32,972 [grpc-default-executor-2] INFO  client.GrpcClientProtocolClient (GrpcClientProtocolClient.java:onNext(255)) - client-C9E345EC67ED->244f13ac-34be-4c4e-8e45-0c0272edbbb2: receive RaftClientReply:client-C9E345EC67ED->244f13ac-34be-4c4e-8e45-0c0272edbbb2@group-FE77C852EF02, cid=1454, SUCCESS, logIndex=2035, commits[244f13ac-34be-4c4e-8e45-0c0272edbbb2:c2036, 6287e41a-5356-4f55-84f2-270816d53e84:c2034, a2c18d3d-e79d-47c9-88fe-d8a1d195302b:c2034]
2019-08-23 11:31:32,972 [grpc-default-executor-2] INFO  client.GrpcClientProtocolClient (GrpcClientProtocolClient.java:onNext(255)) - client-C9E345EC67ED->244f13ac-34be-4c4e-8e45-0c0272edbbb2: receive RaftClientReply:client-C9E345EC67ED->244f13ac-34be-4c4e-8e45-0c0272edbbb2@group-FE77C852EF02, cid=1455, SUCCESS, logIndex=2036, commits[244f13ac-34be-4c4e-8e45-0c0272edbbb2:c2036, 6287e41a-5356-4f55-84f2-270816d53e84:c2034, a2c18d3d-e79d-47c9-88fe-d8a1d195302b:c2034]
2019-08-23 11:31:32,972 | INFO  | DNAudit | user=null | ip=null | op=WRITE_CHUNK {blockData=conID: 2 locID: 102666069144502761 bcsId: 0} | ret=SUCCESS |  
2019-08-23 11:31:32,973 | INFO  | DNAudit | user=null | ip=null | op=WRITE_CHUNK {blockData=conID: 2 locID: 102666069144502761 bcsId: 0} | ret=SUCCESS |  
2019-08-23 11:31:32,973 | INFO  | DNAudit | user=null | ip=null | op=WRITE_CHUNK {blockData=conID: 2 locID: 102666069144502761 bcsId: 0} | ret=SUCCESS |  
2019-08-23 11:31:32,973 | INFO  | DNAudit | user=null | ip=null | op=PUT_BLOCK {blockData=[blockId=conID: 2 locID: 102666069144502761 bcsId: 0,size=2097152]} | ret=SUCCESS |  
2019-08-23 11:31:32,973 | INFO  | DNAudit | user=null | ip=null | op=PUT_BLOCK {blockData=[blockId=conID: 2 locID: 102666069144502761 bcsId: 0,size=1048576]} | ret=SUCCESS |  
2019-08-23 11:31:32,973 [grpc-default-executor-2] INFO  client.GrpcClientProtocolClient (GrpcClientProtocolClient.java:onNext(255)) - client-C9E345EC67ED->244f13ac-34be-4c4e-8e45-0c0272edbbb2: receive RaftClientReply:client-C9E345EC67ED->244f13ac-34be-4c4e-8e45-0c0272edbbb2@group-FE77C852EF02, cid=1456, SUCCESS, logIndex=2037, commits[244f13ac-34be-4c4e-8e45-0c0272edbbb2:c2038, 6287e41a-5356-4f55-84f2-270816d53e84:c2034, a2c18d3d-e79d-47c9-88fe-d8a1d195302b:c2034]
2019-08-23 11:31:32,973 | INFO  | DNAudit | user=null | ip=null | op=PUT_BLOCK {blockData=[blockId=conID: 2 locID: 102666069144502761 bcsId: 0,size=1048576]} | ret=SUCCESS |  
2019-08-23 11:31:32,973 [grpc-default-executor-2] INFO  client.GrpcClientProtocolClient (GrpcClientProtocolClient.java:onNext(255)) - client-C9E345EC67ED->244f13ac-34be-4c4e-8e45-0c0272edbbb2: receive RaftClientReply:client-C9E345EC67ED->244f13ac-34be-4c4e-8e45-0c0272edbbb2@group-FE77C852EF02, cid=1457, SUCCESS, logIndex=2038, commits[244f13ac-34be-4c4e-8e45-0c0272edbbb2:c2038, 6287e41a-5356-4f55-84f2-270816d53e84:c2036, a2c18d3d-e79d-47c9-88fe-d8a1d195302b:c2036]
2019-08-23 11:31:32,978 | INFO  | DNAudit | user=null | ip=null | op=WRITE_CHUNK {blockData=conID: 2 locID: 102666069144502761 bcsId: 2038} | ret=SUCCESS |  
2019-08-23 11:31:32,979 | INFO  | DNAudit | user=null | ip=null | op=WRITE_CHUNK {blockData=conID: 2 locID: 102666069144502761 bcsId: 2038} | ret=SUCCESS |  
2019-08-23 11:31:32,979 | INFO  | DNAudit | user=null | ip=null | op=WRITE_CHUNK {blockData=conID: 2 locID: 102666069144502761 bcsId: 2038} | ret=SUCCESS |  
2019-08-23 11:31:32,988 | INFO  | DNAudit | user=null | ip=null | op=WRITE_CHUNK {blockData=conID: 2 locID: 102666069144502761 bcsId: 2038} | ret=SUCCESS |  
2019-08-23 11:31:32,988 | INFO  | DNAudit | user=null | ip=null | op=WRITE_CHUNK {blockData=conID: 2 locID: 102666069144502761 bcsId: 0} | ret=SUCCESS |  
2019-08-23 11:31:32,988 | INFO  | DNAudit | user=null | ip=null | op=WRITE_CHUNK {blockData=conID: 2 locID: 102666069144502761 bcsId: 0} | ret=SUCCESS |  
2019-08-23 11:31:32,988 | INFO  | DNAudit | user=null | ip=null | op=PUT_BLOCK {blockData=[blockId=conID: 2 locID: 102666069144502761 bcsId: 0,size=2097152]} | ret=SUCCESS |  
2019-08-23 11:31:32,988 | INFO  | DNAudit | user=null | ip=null | op=PUT_BLOCK {blockData=[blockId=conID: 2 locID: 102666069144502761 bcsId: 0,size=3145728]} | ret=SUCCESS |  
2019-08-23 11:31:32,988 | INFO  | DNAudit | user=null | ip=null | op=PUT_BLOCK {blockData=[blockId=conID: 2 locID: 102666069144502761 bcsId: 0,size=2097152]} | ret=SUCCESS |  
2019-08-23 11:31:32,989 [grpc-default-executor-2] INFO  client.GrpcClientProtocolClient (GrpcClientProtocolClient.java:onNext(255)) - client-C9E345EC67ED->244f13ac-34be-4c4e-8e45-0c0272edbbb2: receive RaftClientReply:client-C9E345EC67ED->244f13ac-34be-4c4e-8e45-0c0272edbbb2@group-FE77C852EF02, cid=1458, SUCCESS, logIndex=2043, commits[244f13ac-34be-4c4e-8e45-0c0272edbbb2:c2044, 6287e41a-5356-4f55-84f2-270816d53e84:c2042, a2c18d3d-e79d-47c9-88fe-d8a1d195302b:c2042]
2019-08-23 11:31:32,989 [grpc-default-executor-2] INFO  client.GrpcClientProtocolClient (GrpcClientProtocolClient.java:onNext(255)) - client-C9E345EC67ED->244f13ac-34be-4c4e-8e45-0c0272edbbb2: receive RaftClientReply:client-C9E345EC67ED->244f13ac-34be-4c4e-8e45-0c0272edbbb2@group-FE77C852EF02, cid=1459, SUCCESS, logIndex=2044, commits[244f13ac-34be-4c4e-8e45-0c0272edbbb2:c2044, 6287e41a-5356-4f55-84f2-270816d53e84:c2042, a2c18d3d-e79d-47c9-88fe-d8a1d195302b:c2042]
2019-08-23 11:31:32,989 | INFO  | DNAudit | user=null | ip=null | op=WRITE_CHUNK {blockData=conID: 2 locID: 102666069144502761 bcsId: 2038} | ret=SUCCESS |  
2019-08-23 11:31:32,989 | INFO  | DNAudit | user=null | ip=null | op=PUT_BLOCK {blockData=[blockId=conID: 2 locID: 102666069144502761 bcsId: 0,size=3145728]} | ret=SUCCESS |  
2019-08-23 11:31:32,989 | INFO  | DNAudit | user=null | ip=null | op=WRITE_CHUNK {blockData=conID: 2 locID: 102666069144502761 bcsId: 2038} | ret=SUCCESS |  
2019-08-23 11:31:32,990 | INFO  | DNAudit | user=null | ip=null | op=PUT_BLOCK {blockData=[blockId=conID: 2 locID: 102666069144502761 bcsId: 0,size=3145728]} | ret=SUCCESS |  
2019-08-23 11:31:32,995 | INFO  | DNAudit | user=null | ip=null | op=WRITE_CHUNK {blockData=conID: 2 locID: 102666069144502761 bcsId: 2044} | ret=SUCCESS |  
2019-08-23 11:31:32,996 | INFO  | DNAudit | user=null | ip=null | op=WRITE_CHUNK {blockData=conID: 2 locID: 102666069144502761 bcsId: 2044} | ret=SUCCESS |  
2019-08-23 11:31:32,996 | INFO  | DNAudit | user=null | ip=null | op=WRITE_CHUNK {blockData=conID: 2 locID: 102666069144502761 bcsId: 2044} | ret=SUCCESS |  
2019-08-23 11:31:33,004 | INFO  | DNAudit | user=null | ip=null | op=WRITE_CHUNK {blockData=conID: 2 locID: 102666069144502761 bcsId: 2044} | ret=SUCCESS |  
2019-08-23 11:31:33,004 | INFO  | DNAudit | user=null | ip=null | op=PUT_BLOCK {blockData=[blockId=conID: 2 locID: 102666069144502761 bcsId: 0,size=4194304]} | ret=SUCCESS |  
2019-08-23 11:31:33,004 [grpc-default-executor-4] INFO  client.GrpcClientProtocolClient (GrpcClientProtocolClient.java:onNext(255)) - client-C9E345EC67ED->244f13ac-34be-4c4e-8e45-0c0272edbbb2: receive RaftClientReply:client-C9E345EC67ED->244f13ac-34be-4c4e-8e45-0c0272edbbb2@group-FE77C852EF02, cid=1460, SUCCESS, logIndex=2047, commits[244f13ac-34be-4c4e-8e45-0c0272edbbb2:c2048, 6287e41a-5356-4f55-84f2-270816d53e84:c2046, a2c18d3d-e79d-47c9-88fe-d8a1d195302b:c2046]
2019-08-23 11:31:33,004 [grpc-default-executor-4] INFO  client.GrpcClientProtocolClient (GrpcClientProtocolClient.java:onNext(255)) - client-C9E345EC67ED->244f13ac-34be-4c4e-8e45-0c0272edbbb2: receive RaftClientReply:client-C9E345EC67ED->244f13ac-34be-4c4e-8e45-0c0272edbbb2@group-FE77C852EF02, cid=1461, SUCCESS, logIndex=2048, commits[244f13ac-34be-4c4e-8e45-0c0272edbbb2:c2048, 6287e41a-5356-4f55-84f2-270816d53e84:c2046, a2c18d3d-e79d-47c9-88fe-d8a1d195302b:c2046]
2019-08-23 11:31:33,005 | INFO  | DNAudit | user=null | ip=null | op=WRITE_CHUNK {blockData=conID: 2 locID: 102666069144502761 bcsId: 2044} | ret=SUCCESS |  
2019-08-23 11:31:33,005 | INFO  | DNAudit | user=null | ip=null | op=WRITE_CHUNK {blockData=conID: 2 locID: 102666069144502761 bcsId: 2044} | ret=SUCCESS |  
2019-08-23 11:31:33,006 | INFO  | DNAudit | user=null | ip=null | op=PUT_BLOCK {blockData=[blockId=conID: 2 locID: 102666069144502761 bcsId: 0,size=4194304]} | ret=SUCCESS |  
2019-08-23 11:31:33,006 | INFO  | DNAudit | user=null | ip=null | op=PUT_BLOCK {blockData=[blockId=conID: 2 locID: 102666069144502761 bcsId: 0,size=4194304]} | ret=SUCCESS |  
2019-08-23 11:31:33,007 [grpc-default-executor-4] INFO  client.GrpcClientProtocolClient (GrpcClientProtocolClient.java:onNext(255)) - client-C9E345EC67ED->244f13ac-34be-4c4e-8e45-0c0272edbbb2: receive RaftClientReply:client-C9E345EC67ED->244f13ac-34be-4c4e-8e45-0c0272edbbb2@group-FE77C852EF02, cid=1462, SUCCESS, logIndex=0, commits[244f13ac-34be-4c4e-8e45-0c0272edbbb2:c2050, 6287e41a-5356-4f55-84f2-270816d53e84:c2048, a2c18d3d-e79d-47c9-88fe-d8a1d195302b:c2048]
2019-08-23 11:31:33,010 | INFO  | SCMAudit | user=jenkins1000 | ip=192.168.5.185 | op=ALLOCATE_BLOCK {owner=00a23185-76ea-47b5-a641-ad3cfbe5521a, size=4194304, type=RATIS, factor=THREE} | ret=SUCCESS |  
2019-08-23 11:31:33,013 | INFO  | OMAudit | user=jenkins1000 | ip=127.0.0.1 | op=ALLOCATE_BLOCK {volume=vol-0-37508, bucket=bucket-0-50919, key=key-0-57313, dataSize=0, replicationType=null, replicationFactor=null, keyLocationInfo=null, clientID=102666068570931602} | ret=SUCCESS |  
2019-08-23 11:31:33,018 | INFO  | DNAudit | user=null | ip=null | op=WRITE_CHUNK {blockData=conID: 3 locID: 102666069148303850 bcsId: 0} | ret=SUCCESS |  
2019-08-23 11:31:33,020 | INFO  | DNAudit | user=null | ip=null | op=WRITE_CHUNK {blockData=conID: 3 locID: 102666069148303850 bcsId: 0} | ret=SUCCESS |  
2019-08-23 11:31:33,020 | INFO  | DNAudit | user=null | ip=null | op=WRITE_CHUNK {blockData=conID: 3 locID: 102666069148303850 bcsId: 0} | ret=SUCCESS |  
2019-08-23 11:31:33,021 | INFO  | DNAudit | user=null | ip=null | op=WRITE_CHUNK {blockData=conID: 3 locID: 102666069148303850 bcsId: 0} | ret=SUCCESS |  
2019-08-23 11:31:33,021 | INFO  | DNAudit | user=null | ip=null | op=WRITE_CHUNK {blockData=conID: 3 locID: 102666069148303850 bcsId: 0} | ret=SUCCESS |  
2019-08-23 11:31:33,022 | INFO  | DNAudit | user=null | ip=null | op=WRITE_CHUNK {blockData=conID: 3 locID: 102666069148303850 bcsId: 0} | ret=SUCCESS |  
2019-08-23 11:31:33,024 | INFO  | DNAudit | user=null | ip=null | op=WRITE_CHUNK {blockData=conID: 3 locID: 102666069148303850 bcsId: 0} | ret=SUCCESS |  
2019-08-23 11:31:33,024 | INFO  | DNAudit | user=null | ip=null | op=PUT_BLOCK {blockData=[blockId=conID: 3 locID: 102666069148303850 bcsId: 0,size=1048576]} | ret=SUCCESS |  
2019-08-23 11:31:33,024 [grpc-default-executor-2] INFO  client.GrpcClientProtocolClient (GrpcClientProtocolClient.java:onNext(255)) - client-C9E345EC67ED->244f13ac-34be-4c4e-8e45-0c0272edbbb2: receive RaftClientReply:client-C9E345EC67ED->244f13ac-34be-4c4e-8e45-0c0272edbbb2@group-FE77C852EF02, cid=1463, SUCCESS, logIndex=2051, commits[244f13ac-34be-4c4e-8e45-0c0272edbbb2:c2052, 6287e41a-5356-4f55-84f2-270816d53e84:c2050, a2c18d3d-e79d-47c9-88fe-d8a1d195302b:c2050]
2019-08-23 11:31:33,025 [grpc-default-executor-2] INFO  client.GrpcClientProtocolClient (GrpcClientProtocolClient.java:onNext(255)) - client-C9E345EC67ED->244f13ac-34be-4c4e-8e45-0c0272edbbb2: receive RaftClientReply:client-C9E345EC67ED->244f13ac-34be-4c4e-8e45-0c0272edbbb2@group-FE77C852EF02, cid=1464, SUCCESS, logIndex=2052, commits[244f13ac-34be-4c4e-8e45-0c0272edbbb2:c2052, 6287e41a-5356-4f55-84f2-270816d53e84:c2050, a2c18d3d-e79d-47c9-88fe-d8a1d195302b:c2050]
2019-08-23 11:31:33,025 | INFO  | DNAudit | user=null | ip=null | op=WRITE_CHUNK {blockData=conID: 3 locID: 102666069148303850 bcsId: 0} | ret=SUCCESS |  
2019-08-23 11:31:33,025 | INFO  | DNAudit | user=null | ip=null | op=WRITE_CHUNK {blockData=conID: 3 locID: 102666069148303850 bcsId: 0} | ret=SUCCESS |  
2019-08-23 11:31:33,025 | INFO  | DNAudit | user=null | ip=null | op=PUT_BLOCK {blockData=[blockId=conID: 3 locID: 102666069148303850 bcsId: 0,size=2097152]} | ret=SUCCESS |  
2019-08-23 11:31:33,025 | INFO  | DNAudit | user=null | ip=null | op=WRITE_CHUNK {blockData=conID: 3 locID: 102666069148303850 bcsId: 0} | ret=SUCCESS |  
2019-08-23 11:31:33,025 | INFO  | DNAudit | user=null | ip=null | op=PUT_BLOCK {blockData=[blockId=conID: 3 locID: 102666069148303850 bcsId: 0,size=1048576]} | ret=SUCCESS |  
2019-08-23 11:31:33,025 [grpc-default-executor-2] INFO  client.GrpcClientProtocolClient (GrpcClientProtocolClient.java:onNext(255)) - client-C9E345EC67ED->244f13ac-34be-4c4e-8e45-0c0272edbbb2: receive RaftClientReply:client-C9E345EC67ED->244f13ac-34be-4c4e-8e45-0c0272edbbb2@group-FE77C852EF02, cid=1465, SUCCESS, logIndex=2053, commits[244f13ac-34be-4c4e-8e45-0c0272edbbb2:c2054, 6287e41a-5356-4f55-84f2-270816d53e84:c2050, a2c18d3d-e79d-47c9-88fe-d8a1d195302b:c2050]
2019-08-23 11:31:33,025 [grpc-default-executor-2] INFO  client.GrpcClientProtocolClient (GrpcClientProtocolClient.java:onNext(255)) - client-C9E345EC67ED->244f13ac-34be-4c4e-8e45-0c0272edbbb2: receive RaftClientReply:client-C9E345EC67ED->244f13ac-34be-4c4e-8e45-0c0272edbbb2@group-FE77C852EF02, cid=1466, SUCCESS, logIndex=2054, commits[244f13ac-34be-4c4e-8e45-0c0272edbbb2:c2054, 6287e41a-5356-4f55-84f2-270816d53e84:c2052, a2c18d3d-e79d-47c9-88fe-d8a1d195302b:c2052]
2019-08-23 11:31:33,026 | INFO  | DNAudit | user=null | ip=null | op=PUT_BLOCK {blockData=[blockId=conID: 3 locID: 102666069148303850 bcsId: 0,size=1048576]} | ret=SUCCESS |  
2019-08-23 11:31:33,031 | INFO  | DNAudit | user=null | ip=null | op=WRITE_CHUNK {blockData=conID: 3 locID: 102666069148303850 bcsId: 2054} | ret=SUCCESS |  
2019-08-23 11:31:33,032 | INFO  | DNAudit | user=null | ip=null | op=WRITE_CHUNK {blockData=conID: 3 locID: 102666069148303850 bcsId: 2054} | ret=SUCCESS |  
2019-08-23 11:31:33,033 | INFO  | DNAudit | user=null | ip=null | op=WRITE_CHUNK {blockData=conID: 3 locID: 102666069148303850 bcsId: 2054} | ret=SUCCESS |  
2019-08-23 11:31:33,041 | INFO  | DNAudit | user=null | ip=null | op=WRITE_CHUNK {blockData=conID: 3 locID: 102666069148303850 bcsId: 2054} | ret=SUCCESS |  
2019-08-23 11:31:33,041 | INFO  | DNAudit | user=null | ip=null | op=WRITE_CHUNK {blockData=conID: 3 locID: 102666069148303850 bcsId: 0} | ret=SUCCESS |  
2019-08-23 11:31:33,041 | INFO  | DNAudit | user=null | ip=null | op=WRITE_CHUNK {blockData=conID: 3 locID: 102666069148303850 bcsId: 0} | ret=SUCCESS |  
2019-08-23 11:31:33,041 | INFO  | DNAudit | user=null | ip=null | op=PUT_BLOCK {blockData=[blockId=conID: 3 locID: 102666069148303850 bcsId: 0,size=2097152]} | ret=SUCCESS |  
2019-08-23 11:31:33,041 | INFO  | DNAudit | user=null | ip=null | op=PUT_BLOCK {blockData=[blockId=conID: 3 locID: 102666069148303850 bcsId: 0,size=3145728]} | ret=SUCCESS |  
2019-08-23 11:31:33,042 | INFO  | DNAudit | user=null | ip=null | op=PUT_BLOCK {blockData=[blockId=conID: 3 locID: 102666069148303850 bcsId: 0,size=2097152]} | ret=SUCCESS |  
2019-08-23 11:31:33,042 [grpc-default-executor-4] INFO  client.GrpcClientProtocolClient (GrpcClientProtocolClient.java:onNext(255)) - client-C9E345EC67ED->244f13ac-34be-4c4e-8e45-0c0272edbbb2: receive RaftClientReply:client-C9E345EC67ED->244f13ac-34be-4c4e-8e45-0c0272edbbb2@group-FE77C852EF02, cid=1467, SUCCESS, logIndex=2059, commits[244f13ac-34be-4c4e-8e45-0c0272edbbb2:c2060, 6287e41a-5356-4f55-84f2-270816d53e84:c2058, a2c18d3d-e79d-47c9-88fe-d8a1d195302b:c2058]
2019-08-23 11:31:33,042 [grpc-default-executor-4] INFO  client.GrpcClientProtocolClient (GrpcClientProtocolClient.java:onNext(255)) - client-C9E345EC67ED->244f13ac-34be-4c4e-8e45-0c0272edbbb2: receive RaftClientReply:client-C9E345EC67ED->244f13ac-34be-4c4e-8e45-0c0272edbbb2@group-FE77C852EF02, cid=1468, SUCCESS, logIndex=2060, commits[244f13ac-34be-4c4e-8e45-0c0272edbbb2:c2060, 6287e41a-5356-4f55-84f2-270816d53e84:c2058, a2c18d3d-e79d-47c9-88fe-d8a1d195302b:c2058]
2019-08-23 11:31:33,042 | INFO  | DNAudit | user=null | ip=null | op=WRITE_CHUNK {blockData=conID: 3 locID: 102666069148303850 bcsId: 2054} | ret=SUCCESS |  
2019-08-23 11:31:33,042 | INFO  | DNAudit | user=null | ip=null | op=WRITE_CHUNK {blockData=conID: 3 locID: 102666069148303850 bcsId: 2054} | ret=SUCCESS |  
2019-08-23 11:31:33,045 | INFO  | DNAudit | user=null | ip=null | op=PUT_BLOCK {blockData=[blockId=conID: 3 locID: 102666069148303850 bcsId: 0,size=3145728]} | ret=SUCCESS |  
2019-08-23 11:31:33,047 | INFO  | DNAudit | user=null | ip=null | op=WRITE_CHUNK {blockData=conID: 3 locID: 102666069148303850 bcsId: 2060} | ret=SUCCESS |  
2019-08-23 11:31:33,048 | INFO  | DNAudit | user=null | ip=null | op=WRITE_CHUNK {blockData=conID: 3 locID: 102666069148303850 bcsId: 2060} | ret=SUCCESS |  
2019-08-23 11:31:33,048 | INFO  | DNAudit | user=null | ip=null | op=WRITE_CHUNK {blockData=conID: 3 locID: 102666069148303850 bcsId: 2060} | ret=SUCCESS |  
2019-08-23 11:31:33,057 | INFO  | DNAudit | user=null | ip=null | op=WRITE_CHUNK {blockData=conID: 3 locID: 102666069148303850 bcsId: 2060} | ret=SUCCESS |  
2019-08-23 11:31:33,058 | INFO  | DNAudit | user=null | ip=null | op=PUT_BLOCK {blockData=[blockId=conID: 3 locID: 102666069148303850 bcsId: 0,size=3145728]} | ret=SUCCESS |  
2019-08-23 11:31:33,058 | INFO  | DNAudit | user=null | ip=null | op=PUT_BLOCK {blockData=[blockId=conID: 3 locID: 102666069148303850 bcsId: 0,size=4194304]} | ret=SUCCESS |  
2019-08-23 11:31:33,058 [grpc-default-executor-2] INFO  client.GrpcClientProtocolClient (GrpcClientProtocolClient.java:onNext(255)) - client-C9E345EC67ED->244f13ac-34be-4c4e-8e45-0c0272edbbb2: receive RaftClientReply:client-C9E345EC67ED->244f13ac-34be-4c4e-8e45-0c0272edbbb2@group-FE77C852EF02, cid=1469, SUCCESS, logIndex=2063, commits[244f13ac-34be-4c4e-8e45-0c0272edbbb2:c2064, 6287e41a-5356-4f55-84f2-270816d53e84:c2062, a2c18d3d-e79d-47c9-88fe-d8a1d195302b:c2062]
2019-08-23 11:31:33,059 [grpc-default-executor-2] INFO  client.GrpcClientProtocolClient (GrpcClientProtocolClient.java:onNext(255)) - client-C9E345EC67ED->244f13ac-34be-4c4e-8e45-0c0272edbbb2: receive RaftClientReply:client-C9E345EC67ED->244f13ac-34be-4c4e-8e45-0c0272edbbb2@group-FE77C852EF02, cid=1470, SUCCESS, logIndex=2064, commits[244f13ac-34be-4c4e-8e45-0c0272edbbb2:c2064, 6287e41a-5356-4f55-84f2-270816d53e84:c2062, a2c18d3d-e79d-47c9-88fe-d8a1d195302b:c2062]
2019-08-23 11:31:33,060 | INFO  | DNAudit | user=null | ip=null | op=WRITE_CHUNK {blockData=conID: 3 locID: 102666069148303850 bcsId: 2060} | ret=SUCCESS |  
2019-08-23 11:31:33,060 | INFO  | DNAudit | user=null | ip=null | op=WRITE_CHUNK {blockData=conID: 3 locID: 102666069148303850 bcsId: 2060} | ret=SUCCESS |  
2019-08-23 11:31:33,060 | INFO  | DNAudit | user=null | ip=null | op=PUT_BLOCK {blockData=[blockId=conID: 3 locID: 102666069148303850 bcsId: 0,size=4194304]} | ret=SUCCESS |  
2019-08-23 11:31:33,061 | INFO  | DNAudit | user=null | ip=null | op=PUT_BLOCK {blockData=[blockId=conID: 3 locID: 102666069148303850 bcsId: 0,size=4194304]} | ret=SUCCESS |  
2019-08-23 11:31:33,061 [grpc-default-executor-2] INFO  client.GrpcClientProtocolClient (GrpcClientProtocolClient.java:onNext(255)) - client-C9E345EC67ED->244f13ac-34be-4c4e-8e45-0c0272edbbb2: receive RaftClientReply:client-C9E345EC67ED->244f13ac-34be-4c4e-8e45-0c0272edbbb2@group-FE77C852EF02, cid=1471, SUCCESS, logIndex=0, commits[244f13ac-34be-4c4e-8e45-0c0272edbbb2:c2065, 6287e41a-5356-4f55-84f2-270816d53e84:c2064, a2c18d3d-e79d-47c9-88fe-d8a1d195302b:c2064]
2019-08-23 11:31:33,066 | INFO  | SCMAudit | user=jenkins1000 | ip=192.168.5.185 | op=ALLOCATE_BLOCK {owner=00a23185-76ea-47b5-a641-ad3cfbe5521a, size=4194304, type=RATIS, factor=THREE} | ret=SUCCESS |  
2019-08-23 11:31:33,070 | INFO  | OMAudit | user=jenkins1000 | ip=127.0.0.1 | op=ALLOCATE_BLOCK {volume=vol-0-37508, bucket=bucket-0-50919, key=key-0-57313, dataSize=0, replicationType=null, replicationFactor=null, keyLocationInfo=null, clientID=102666068570931602} | ret=SUCCESS |  
2019-08-23 11:31:33,075 | INFO  | DNAudit | user=null | ip=null | op=WRITE_CHUNK {blockData=conID: 1 locID: 102666069151973867 bcsId: 0} | ret=SUCCESS |  
2019-08-23 11:31:33,077 | INFO  | DNAudit | user=null | ip=null | op=WRITE_CHUNK {blockData=conID: 1 locID: 102666069151973867 bcsId: 0} | ret=SUCCESS |  
2019-08-23 11:31:33,077 | INFO  | DNAudit | user=null | ip=null | op=WRITE_CHUNK {blockData=conID: 1 locID: 102666069151973867 bcsId: 0} | ret=SUCCESS |  
2019-08-23 11:31:33,079 | INFO  | DNAudit | user=null | ip=null | op=WRITE_CHUNK {blockData=conID: 1 locID: 102666069151973867 bcsId: 0} | ret=SUCCESS |  
2019-08-23 11:31:33,079 | INFO  | DNAudit | user=null | ip=null | op=WRITE_CHUNK {blockData=conID: 1 locID: 102666069151973867 bcsId: 0} | ret=SUCCESS |  
2019-08-23 11:31:33,080 | INFO  | DNAudit | user=null | ip=null | op=WRITE_CHUNK {blockData=conID: 1 locID: 102666069151973867 bcsId: 0} | ret=SUCCESS |  
2019-08-23 11:31:33,089 | INFO  | DNAudit | user=null | ip=null | op=WRITE_CHUNK {blockData=conID: 1 locID: 102666069151973867 bcsId: 0} | ret=SUCCESS |  
2019-08-23 11:31:33,089 | INFO  | DNAudit | user=null | ip=null | op=PUT_BLOCK {blockData=[blockId=conID: 1 locID: 102666069151973867 bcsId: 0,size=1048576]} | ret=SUCCESS |  
2019-08-23 11:31:33,090 | INFO  | DNAudit | user=null | ip=null | op=WRITE_CHUNK {blockData=conID: 1 locID: 102666069151973867 bcsId: 0} | ret=SUCCESS |  
2019-08-23 11:31:33,090 [grpc-default-executor-1] INFO  client.GrpcClientProtocolClient (GrpcClientProtocolClient.java:onNext(255)) - client-C9E345EC67ED->244f13ac-34be-4c4e-8e45-0c0272edbbb2: receive RaftClientReply:client-C9E345EC67ED->244f13ac-34be-4c4e-8e45-0c0272edbbb2@group-FE77C852EF02, cid=1472, SUCCESS, logIndex=2067, commits[244f13ac-34be-4c4e-8e45-0c0272edbbb2:c2070, 6287e41a-5356-4f55-84f2-270816d53e84:c2066, a2c18d3d-e79d-47c9-88fe-d8a1d195302b:c2066]
2019-08-23 11:31:33,090 | INFO  | DNAudit | user=null | ip=null | op=PUT_BLOCK {blockData=[blockId=conID: 1 locID: 102666069151973867 bcsId: 0,size=2097152]} | ret=SUCCESS |  
2019-08-23 11:31:33,090 | INFO  | DNAudit | user=null | ip=null | op=WRITE_CHUNK {blockData=conID: 1 locID: 102666069151973867 bcsId: 0} | ret=SUCCESS |  
2019-08-23 11:31:33,090 [grpc-default-executor-1] INFO  client.GrpcClientProtocolClient (GrpcClientProtocolClient.java:onNext(255)) - client-C9E345EC67ED->244f13ac-34be-4c4e-8e45-0c0272edbbb2: receive RaftClientReply:client-C9E345EC67ED->244f13ac-34be-4c4e-8e45-0c0272edbbb2@group-FE77C852EF02, cid=1473, SUCCESS, logIndex=2068, commits[244f13ac-34be-4c4e-8e45-0c0272edbbb2:c2070, 6287e41a-5356-4f55-84f2-270816d53e84:c2066, a2c18d3d-e79d-47c9-88fe-d8a1d195302b:c2066]
2019-08-23 11:31:33,090 | INFO  | DNAudit | user=null | ip=null | op=PUT_BLOCK {blockData=[blockId=conID: 1 locID: 102666069151973867 bcsId: 0,size=1048576]} | ret=SUCCESS |  
2019-08-23 11:31:33,090 [grpc-default-executor-1] INFO  client.GrpcClientProtocolClient (GrpcClientProtocolClient.java:onNext(255)) - client-C9E345EC67ED->244f13ac-34be-4c4e-8e45-0c0272edbbb2: receive RaftClientReply:client-C9E345EC67ED->244f13ac-34be-4c4e-8e45-0c0272edbbb2@group-FE77C852EF02, cid=1474, SUCCESS, logIndex=2069, commits[244f13ac-34be-4c4e-8e45-0c0272edbbb2:c2070, 6287e41a-5356-4f55-84f2-270816d53e84:c2066, a2c18d3d-e79d-47c9-88fe-d8a1d195302b:c2066]
2019-08-23 11:31:33,091 [grpc-default-executor-4] INFO  client.GrpcClientProtocolClient (GrpcClientProtocolClient.java:onNext(255)) - client-C9E345EC67ED->244f13ac-34be-4c4e-8e45-0c0272edbbb2: receive RaftClientReply:client-C9E345EC67ED->244f13ac-34be-4c4e-8e45-0c0272edbbb2@group-FE77C852EF02, cid=1475, SUCCESS, logIndex=2070, commits[244f13ac-34be-4c4e-8e45-0c0272edbbb2:c2071, 6287e41a-5356-4f55-84f2-270816d53e84:c2068, a2c18d3d-e79d-47c9-88fe-d8a1d195302b:c2066]
2019-08-23 11:31:33,091 | INFO  | DNAudit | user=null | ip=null | op=WRITE_CHUNK {blockData=conID: 1 locID: 102666069151973867 bcsId: 0} | ret=SUCCESS |  
2019-08-23 11:31:33,091 | INFO  | DNAudit | user=null | ip=null | op=PUT_BLOCK {blockData=[blockId=conID: 1 locID: 102666069151973867 bcsId: 0,size=2097152]} | ret=SUCCESS |  
2019-08-23 11:31:33,091 | INFO  | DNAudit | user=null | ip=null | op=WRITE_CHUNK {blockData=conID: 1 locID: 102666069151973867 bcsId: 0} | ret=SUCCESS |  
2019-08-23 11:31:33,091 | INFO  | DNAudit | user=null | ip=null | op=PUT_BLOCK {blockData=[blockId=conID: 1 locID: 102666069151973867 bcsId: 0,size=1048576]} | ret=SUCCESS |  
2019-08-23 11:31:33,092 [grpc-default-executor-4] INFO  client.GrpcClientProtocolClient (GrpcClientProtocolClient.java:onNext(255)) - client-C9E345EC67ED->244f13ac-34be-4c4e-8e45-0c0272edbbb2: receive RaftClientReply:client-C9E345EC67ED->244f13ac-34be-4c4e-8e45-0c0272edbbb2@group-FE77C852EF02, cid=1476, SUCCESS, logIndex=0, commits[244f13ac-34be-4c4e-8e45-0c0272edbbb2:c2074, 6287e41a-5356-4f55-84f2-270816d53e84:c2070, a2c18d3d-e79d-47c9-88fe-d8a1d195302b:c2068]
2019-08-23 11:31:33,092 | INFO  | DNAudit | user=null | ip=null | op=WRITE_CHUNK {blockData=conID: 1 locID: 102666069151973867 bcsId: 0} | ret=SUCCESS |  
2019-08-23 11:31:33,092 | INFO  | DNAudit | user=null | ip=null | op=PUT_BLOCK {blockData=[blockId=conID: 1 locID: 102666069151973867 bcsId: 0,size=2097152]} | ret=SUCCESS |  
2019-08-23 11:31:33,097 | INFO  | DNAudit | user=null | ip=null | op=WRITE_CHUNK {blockData=conID: 1 locID: 102666069151973867 bcsId: 2070} | ret=SUCCESS |  
2019-08-23 11:31:33,098 | INFO  | DNAudit | user=null | ip=null | op=WRITE_CHUNK {blockData=conID: 1 locID: 102666069151973867 bcsId: 2070} | ret=SUCCESS |  
2019-08-23 11:31:33,098 | INFO  | DNAudit | user=null | ip=null | op=WRITE_CHUNK {blockData=conID: 1 locID: 102666069151973867 bcsId: 2070} | ret=SUCCESS |  
2019-08-23 11:31:33,108 | INFO  | DNAudit | user=null | ip=null | op=WRITE_CHUNK {blockData=conID: 1 locID: 102666069151973867 bcsId: 2070} | ret=SUCCESS |  
2019-08-23 11:31:33,108 | INFO  | DNAudit | user=null | ip=null | op=PUT_BLOCK {blockData=[blockId=conID: 1 locID: 102666069151973867 bcsId: 0,size=3145728]} | ret=SUCCESS |  
2019-08-23 11:31:33,108 [grpc-default-executor-4] INFO  client.GrpcClientProtocolClient (GrpcClientProtocolClient.java:onNext(255)) - client-C9E345EC67ED->244f13ac-34be-4c4e-8e45-0c0272edbbb2: receive RaftClientReply:client-C9E345EC67ED->244f13ac-34be-4c4e-8e45-0c0272edbbb2@group-FE77C852EF02, cid=1477, SUCCESS, logIndex=2075, commits[244f13ac-34be-4c4e-8e45-0c0272edbbb2:c2076, 6287e41a-5356-4f55-84f2-270816d53e84:c2074, a2c18d3d-e79d-47c9-88fe-d8a1d195302b:c2074]
2019-08-23 11:31:33,109 [grpc-default-executor-4] INFO  client.GrpcClientProtocolClient (GrpcClientProtocolClient.java:onNext(255)) - client-C9E345EC67ED->244f13ac-34be-4c4e-8e45-0c0272edbbb2: receive RaftClientReply:client-C9E345EC67ED->244f13ac-34be-4c4e-8e45-0c0272edbbb2@group-FE77C852EF02, cid=1478, SUCCESS, logIndex=2076, commits[244f13ac-34be-4c4e-8e45-0c0272edbbb2:c2076, 6287e41a-5356-4f55-84f2-270816d53e84:c2074, a2c18d3d-e79d-47c9-88fe-d8a1d195302b:c2074]
2019-08-23 11:31:33,109 | INFO  | DNAudit | user=null | ip=null | op=WRITE_CHUNK {blockData=conID: 1 locID: 102666069151973867 bcsId: 2070} | ret=SUCCESS |  
2019-08-23 11:31:33,109 | INFO  | DNAudit | user=null | ip=null | op=PUT_BLOCK {blockData=[blockId=conID: 1 locID: 102666069151973867 bcsId: 0,size=3145728]} | ret=SUCCESS |  
2019-08-23 11:31:33,109 | INFO  | DNAudit | user=null | ip=null | op=WRITE_CHUNK {blockData=conID: 1 locID: 102666069151973867 bcsId: 2070} | ret=SUCCESS |  
2019-08-23 11:31:33,109 | INFO  | DNAudit | user=null | ip=null | op=PUT_BLOCK {blockData=[blockId=conID: 1 locID: 102666069151973867 bcsId: 0,size=3145728]} | ret=SUCCESS |  
2019-08-23 11:31:33,114 | INFO  | DNAudit | user=null | ip=null | op=WRITE_CHUNK {blockData=conID: 1 locID: 102666069151973867 bcsId: 2076} | ret=SUCCESS |  
2019-08-23 11:31:33,115 | INFO  | DNAudit | user=null | ip=null | op=WRITE_CHUNK {blockData=conID: 1 locID: 102666069151973867 bcsId: 2076} | ret=SUCCESS |  
2019-08-23 11:31:33,116 | INFO  | DNAudit | user=null | ip=null | op=WRITE_CHUNK {blockData=conID: 1 locID: 102666069151973867 bcsId: 2076} | ret=SUCCESS |  
2019-08-23 11:31:33,127 | INFO  | DNAudit | user=null | ip=null | op=WRITE_CHUNK {blockData=conID: 1 locID: 102666069151973867 bcsId: 2076} | ret=SUCCESS |  
2019-08-23 11:31:33,127 | INFO  | DNAudit | user=null | ip=null | op=PUT_BLOCK {blockData=[blockId=conID: 1 locID: 102666069151973867 bcsId: 0,size=4194304]} | ret=SUCCESS |  
2019-08-23 11:31:33,127 [grpc-default-executor-5] INFO  client.GrpcClientProtocolClient (GrpcClientProtocolClient.java:onNext(255)) - client-C9E345EC67ED->244f13ac-34be-4c4e-8e45-0c0272edbbb2: receive RaftClientReply:client-C9E345EC67ED->244f13ac-34be-4c4e-8e45-0c0272edbbb2@group-FE77C852EF02, cid=1479, SUCCESS, logIndex=2079, commits[244f13ac-34be-4c4e-8e45-0c0272edbbb2:c2080, 6287e41a-5356-4f55-84f2-270816d53e84:c2078, a2c18d3d-e79d-47c9-88fe-d8a1d195302b:c2078]
2019-08-23 11:31:33,128 [grpc-default-executor-5] INFO  client.GrpcClientProtocolClient (GrpcClientProtocolClient.java:onNext(255)) - client-C9E345EC67ED->244f13ac-34be-4c4e-8e45-0c0272edbbb2: receive RaftClientReply:client-C9E345EC67ED->244f13ac-34be-4c4e-8e45-0c0272edbbb2@group-FE77C852EF02, cid=1480, SUCCESS, logIndex=2080, commits[244f13ac-34be-4c4e-8e45-0c0272edbbb2:c2080, 6287e41a-5356-4f55-84f2-270816d53e84:c2078, a2c18d3d-e79d-47c9-88fe-d8a1d195302b:c2078]
2019-08-23 11:31:33,128 | INFO  | DNAudit | user=null | ip=null | op=WRITE_CHUNK {blockData=conID: 1 locID: 102666069151973867 bcsId: 2076} | ret=SUCCESS |  
2019-08-23 11:31:33,128 | INFO  | DNAudit | user=null | ip=null | op=WRITE_CHUNK {blockData=conID: 1 locID: 102666069151973867 bcsId: 2076} | ret=SUCCESS |  
2019-08-23 11:31:33,129 | INFO  | DNAudit | user=null | ip=null | op=PUT_BLOCK {blockData=[blockId=conID: 1 locID: 102666069151973867 bcsId: 0,size=4194304]} | ret=SUCCESS |  
2019-08-23 11:31:33,129 | INFO  | DNAudit | user=null | ip=null | op=PUT_BLOCK {blockData=[blockId=conID: 1 locID: 102666069151973867 bcsId: 0,size=4194304]} | ret=SUCCESS |  
2019-08-23 11:31:33,129 [grpc-default-executor-1] INFO  client.GrpcClientProtocolClient (GrpcClientProtocolClient.java:onNext(255)) - client-C9E345EC67ED->244f13ac-34be-4c4e-8e45-0c0272edbbb2: receive RaftClientReply:client-C9E345EC67ED->244f13ac-34be-4c4e-8e45-0c0272edbbb2@group-FE77C852EF02, cid=1481, SUCCESS, logIndex=0, commits[244f13ac-34be-4c4e-8e45-0c0272edbbb2:c2082, 6287e41a-5356-4f55-84f2-270816d53e84:c2080, a2c18d3d-e79d-47c9-88fe-d8a1d195302b:c2080]
2019-08-23 11:31:33,133 | INFO  | SCMAudit | user=jenkins1000 | ip=192.168.5.185 | op=ALLOCATE_BLOCK {owner=00a23185-76ea-47b5-a641-ad3cfbe5521a, size=4194304, type=RATIS, factor=THREE} | ret=SUCCESS |  
2019-08-23 11:31:33,136 | INFO  | OMAudit | user=jenkins1000 | ip=127.0.0.1 | op=ALLOCATE_BLOCK {volume=vol-0-37508, bucket=bucket-0-50919, key=key-0-57313, dataSize=0, replicationType=null, replicationFactor=null, keyLocationInfo=null, clientID=102666068570931602} | ret=SUCCESS |  
2019-08-23 11:31:33,141 | INFO  | DNAudit | user=null | ip=null | op=WRITE_CHUNK {blockData=conID: 2 locID: 102666069156364780 bcsId: 0} | ret=SUCCESS |  
2019-08-23 11:31:33,239 | INFO  | DNAudit | user=null | ip=null | op=WRITE_CHUNK {blockData=conID: 2 locID: 102666069156364780 bcsId: 0} | ret=SUCCESS |  
2019-08-23 11:31:33,239 | INFO  | DNAudit | user=null | ip=null | op=WRITE_CHUNK {blockData=conID: 2 locID: 102666069156364780 bcsId: 0} | ret=SUCCESS |  
2019-08-23 11:31:33,239 | INFO  | DNAudit | user=null | ip=null | op=WRITE_CHUNK {blockData=conID: 2 locID: 102666069156364780 bcsId: 0} | ret=SUCCESS |  
2019-08-23 11:31:33,241 | INFO  | DNAudit | user=null | ip=null | op=WRITE_CHUNK {blockData=conID: 2 locID: 102666069156364780 bcsId: 0} | ret=SUCCESS |  
2019-08-23 11:31:33,241 | INFO  | DNAudit | user=null | ip=null | op=WRITE_CHUNK {blockData=conID: 2 locID: 102666069156364780 bcsId: 0} | ret=SUCCESS |  
2019-08-23 11:31:33,270 | INFO  | DNAudit | user=null | ip=null | op=WRITE_CHUNK {blockData=conID: 2 locID: 102666069156364780 bcsId: 0} | ret=SUCCESS |  
2019-08-23 11:31:33,270 | INFO  | DNAudit | user=null | ip=null | op=PUT_BLOCK {blockData=[blockId=conID: 2 locID: 102666069156364780 bcsId: 0,size=1048576]} | ret=SUCCESS |  
2019-08-23 11:31:33,270 [grpc-default-executor-4] INFO  client.GrpcClientProtocolClient (GrpcClientProtocolClient.java:onNext(255)) - client-C9E345EC67ED->244f13ac-34be-4c4e-8e45-0c0272edbbb2: receive RaftClientReply:client-C9E345EC67ED->244f13ac-34be-4c4e-8e45-0c0272edbbb2@group-FE77C852EF02, cid=1482, SUCCESS, logIndex=2083, commits[244f13ac-34be-4c4e-8e45-0c0272edbbb2:c2086, 6287e41a-5356-4f55-84f2-270816d53e84:c2082, a2c18d3d-e79d-47c9-88fe-d8a1d195302b:c2082]
2019-08-23 11:31:33,271 | INFO  | DNAudit | user=null | ip=null | op=WRITE_CHUNK {blockData=conID: 2 locID: 102666069156364780 bcsId: 0} | ret=SUCCESS |  
2019-08-23 11:31:33,271 | INFO  | DNAudit | user=null | ip=null | op=PUT_BLOCK {blockData=[blockId=conID: 2 locID: 102666069156364780 bcsId: 0,size=2097152]} | ret=SUCCESS |  
2019-08-23 11:31:33,271 [grpc-default-executor-4] INFO  client.GrpcClientProtocolClient (GrpcClientProtocolClient.java:onNext(255)) - client-C9E345EC67ED->244f13ac-34be-4c4e-8e45-0c0272edbbb2: receive RaftClientReply:client-C9E345EC67ED->244f13ac-34be-4c4e-8e45-0c0272edbbb2@group-FE77C852EF02, cid=1483, SUCCESS, logIndex=2084, commits[244f13ac-34be-4c4e-8e45-0c0272edbbb2:c2086, 6287e41a-5356-4f55-84f2-270816d53e84:c2082, a2c18d3d-e79d-47c9-88fe-d8a1d195302b:c2082]
2019-08-23 11:31:33,271 [grpc-default-executor-4] INFO  client.GrpcClientProtocolClient (GrpcClientProtocolClient.java:onNext(255)) - client-C9E345EC67ED->244f13ac-34be-4c4e-8e45-0c0272edbbb2: receive RaftClientReply:client-C9E345EC67ED->244f13ac-34be-4c4e-8e45-0c0272edbbb2@group-FE77C852EF02, cid=1484, SUCCESS, logIndex=2085, commits[244f13ac-34be-4c4e-8e45-0c0272edbbb2:c2086, 6287e41a-5356-4f55-84f2-270816d53e84:c2082, a2c18d3d-e79d-47c9-88fe-d8a1d195302b:c2082]
2019-08-23 11:31:33,272 [grpc-default-executor-4] INFO  client.GrpcClientProtocolClient (GrpcClientProtocolClient.java:onNext(255)) - client-C9E345EC67ED->244f13ac-34be-4c4e-8e45-0c0272edbbb2: receive RaftClientReply:client-C9E345EC67ED->244f13ac-34be-4c4e-8e45-0c0272edbbb2@group-FE77C852EF02, cid=1485, SUCCESS, logIndex=2086, commits[244f13ac-34be-4c4e-8e45-0c0272edbbb2:c2086, 6287e41a-5356-4f55-84f2-270816d53e84:c2082, a2c18d3d-e79d-47c9-88fe-d8a1d195302b:c2082]
2019-08-23 11:31:33,280 | INFO  | DNAudit | user=null | ip=null | op=WRITE_CHUNK {blockData=conID: 2 locID: 102666069156364780 bcsId: 0} | ret=SUCCESS |  
2019-08-23 11:31:33,280 | INFO  | DNAudit | user=null | ip=null | op=WRITE_CHUNK {blockData=conID: 2 locID: 102666069156364780 bcsId: 0} | ret=SUCCESS |  
2019-08-23 11:31:33,280 | INFO  | DNAudit | user=null | ip=null | op=PUT_BLOCK {blockData=[blockId=conID: 2 locID: 102666069156364780 bcsId: 0,size=1048576]} | ret=SUCCESS |  
2019-08-23 11:31:33,280 | INFO  | DNAudit | user=null | ip=null | op=PUT_BLOCK {blockData=[blockId=conID: 2 locID: 102666069156364780 bcsId: 0,size=1048576]} | ret=SUCCESS |  
2019-08-23 11:31:33,281 [grpc-default-executor-4] INFO  client.GrpcClientProtocolClient (GrpcClientProtocolClient.java:onNext(255)) - client-C9E345EC67ED->244f13ac-34be-4c4e-8e45-0c0272edbbb2: receive RaftClientReply:client-C9E345EC67ED->244f13ac-34be-4c4e-8e45-0c0272edbbb2@group-FE77C852EF02, cid=1486, SUCCESS, logIndex=0, commits[244f13ac-34be-4c4e-8e45-0c0272edbbb2:c2087, 6287e41a-5356-4f55-84f2-270816d53e84:c2084, a2c18d3d-e79d-47c9-88fe-d8a1d195302b:c2084]
2019-08-23 11:31:33,288 | INFO  | DNAudit | user=null | ip=null | op=WRITE_CHUNK {blockData=conID: 2 locID: 102666069156364780 bcsId: 2086} | ret=SUCCESS |  
2019-08-23 11:31:33,291 | INFO  | DNAudit | user=null | ip=null | op=WRITE_CHUNK {blockData=conID: 2 locID: 102666069156364780 bcsId: 2086} | ret=SUCCESS |  
2019-08-23 11:31:33,291 | INFO  | DNAudit | user=null | ip=null | op=WRITE_CHUNK {blockData=conID: 2 locID: 102666069156364780 bcsId: 2086} | ret=SUCCESS |  
2019-08-23 11:31:33,292 | INFO  | DNAudit | user=null | ip=null | op=WRITE_CHUNK {blockData=conID: 2 locID: 102666069156364780 bcsId: 0} | ret=SUCCESS |  
2019-08-23 11:31:33,292 | INFO  | DNAudit | user=null | ip=null | op=WRITE_CHUNK {blockData=conID: 2 locID: 102666069156364780 bcsId: 0} | ret=SUCCESS |  
2019-08-23 11:31:33,292 | INFO  | DNAudit | user=null | ip=null | op=PUT_BLOCK {blockData=[blockId=conID: 2 locID: 102666069156364780 bcsId: 0,size=2097152]} | ret=SUCCESS |  
2019-08-23 11:31:33,292 | INFO  | DNAudit | user=null | ip=null | op=PUT_BLOCK {blockData=[blockId=conID: 2 locID: 102666069156364780 bcsId: 0,size=2097152]} | ret=SUCCESS |  
2019-08-23 11:31:33,294 | INFO  | DNAudit | user=null | ip=null | op=WRITE_CHUNK {blockData=conID: 2 locID: 102666069156364780 bcsId: 2086} | ret=SUCCESS |  
2019-08-23 11:31:33,294 | INFO  | DNAudit | user=null | ip=null | op=PUT_BLOCK {blockData=[blockId=conID: 2 locID: 102666069156364780 bcsId: 0,size=3145728]} | ret=SUCCESS |  
2019-08-23 11:31:33,294 [grpc-default-executor-4] INFO  client.GrpcClientProtocolClient (GrpcClientProtocolClient.java:onNext(255)) - client-C9E345EC67ED->244f13ac-34be-4c4e-8e45-0c0272edbbb2: receive RaftClientReply:client-C9E345EC67ED->244f13ac-34be-4c4e-8e45-0c0272edbbb2@group-FE77C852EF02, cid=1487, SUCCESS, logIndex=2091, commits[244f13ac-34be-4c4e-8e45-0c0272edbbb2:c2092, 6287e41a-5356-4f55-84f2-270816d53e84:c2086, a2c18d3d-e79d-47c9-88fe-d8a1d195302b:c2087]
2019-08-23 11:31:33,295 [grpc-default-executor-4] INFO  client.GrpcClientProtocolClient (GrpcClientProtocolClient.java:onNext(255)) - client-C9E345EC67ED->244f13ac-34be-4c4e-8e45-0c0272edbbb2: receive RaftClientReply:client-C9E345EC67ED->244f13ac-34be-4c4e-8e45-0c0272edbbb2@group-FE77C852EF02, cid=1488, SUCCESS, logIndex=2092, commits[244f13ac-34be-4c4e-8e45-0c0272edbbb2:c2092, 6287e41a-5356-4f55-84f2-270816d53e84:c2087, a2c18d3d-e79d-47c9-88fe-d8a1d195302b:c2087]
2019-08-23 11:31:33,295 | INFO  | DNAudit | user=null | ip=null | op=WRITE_CHUNK {blockData=conID: 2 locID: 102666069156364780 bcsId: 2086} | ret=SUCCESS |  
2019-08-23 11:31:33,296 | INFO  | DNAudit | user=null | ip=null | op=WRITE_CHUNK {blockData=conID: 2 locID: 102666069156364780 bcsId: 2086} | ret=SUCCESS |  
2019-08-23 11:31:33,296 | INFO  | DNAudit | user=null | ip=null | op=PUT_BLOCK {blockData=[blockId=conID: 2 locID: 102666069156364780 bcsId: 0,size=3145728]} | ret=SUCCESS |  
2019-08-23 11:31:33,296 | INFO  | DNAudit | user=null | ip=null | op=PUT_BLOCK {blockData=[blockId=conID: 2 locID: 102666069156364780 bcsId: 0,size=3145728]} | ret=SUCCESS |  
2019-08-23 11:31:33,301 | INFO  | DNAudit | user=null | ip=null | op=WRITE_CHUNK {blockData=conID: 2 locID: 102666069156364780 bcsId: 2092} | ret=SUCCESS |  
2019-08-23 11:31:33,303 | INFO  | DNAudit | user=null | ip=null | op=WRITE_CHUNK {blockData=conID: 2 locID: 102666069156364780 bcsId: 2092} | ret=SUCCESS |  
2019-08-23 11:31:33,304 | INFO  | DNAudit | user=null | ip=null | op=WRITE_CHUNK {blockData=conID: 2 locID: 102666069156364780 bcsId: 2092} | ret=SUCCESS |  
2019-08-23 11:31:33,314 | INFO  | DNAudit | user=null | ip=null | op=WRITE_CHUNK {blockData=conID: 2 locID: 102666069156364780 bcsId: 2092} | ret=SUCCESS |  
2019-08-23 11:31:33,314 | INFO  | DNAudit | user=null | ip=null | op=PUT_BLOCK {blockData=[blockId=conID: 2 locID: 102666069156364780 bcsId: 0,size=4194304]} | ret=SUCCESS |  
2019-08-23 11:31:33,314 [grpc-default-executor-5] INFO  client.GrpcClientProtocolClient (GrpcClientProtocolClient.java:onNext(255)) - client-C9E345EC67ED->244f13ac-34be-4c4e-8e45-0c0272edbbb2: receive RaftClientReply:client-C9E345EC67ED->244f13ac-34be-4c4e-8e45-0c0272edbbb2@group-FE77C852EF02, cid=1489, SUCCESS, logIndex=2095, commits[244f13ac-34be-4c4e-8e45-0c0272edbbb2:c2096, 6287e41a-5356-4f55-84f2-270816d53e84:c2094, a2c18d3d-e79d-47c9-88fe-d8a1d195302b:c2094]
2019-08-23 11:31:33,315 [grpc-default-executor-5] INFO  client.GrpcClientProtocolClient (GrpcClientProtocolClient.java:onNext(255)) - client-C9E345EC67ED->244f13ac-34be-4c4e-8e45-0c0272edbbb2: receive RaftClientReply:client-C9E345EC67ED->244f13ac-34be-4c4e-8e45-0c0272edbbb2@group-FE77C852EF02, cid=1490, SUCCESS, logIndex=2096, commits[244f13ac-34be-4c4e-8e45-0c0272edbbb2:c2096, 6287e41a-5356-4f55-84f2-270816d53e84:c2094, a2c18d3d-e79d-47c9-88fe-d8a1d195302b:c2094]
2019-08-23 11:31:33,326 | INFO  | DNAudit | user=null | ip=null | op=WRITE_CHUNK {blockData=conID: 2 locID: 102666069156364780 bcsId: 2092} | ret=SUCCESS |  
2019-08-23 11:31:33,326 | INFO  | DNAudit | user=null | ip=null | op=WRITE_CHUNK {blockData=conID: 2 locID: 102666069156364780 bcsId: 2092} | ret=SUCCESS |  
2019-08-23 11:31:33,327 | INFO  | DNAudit | user=null | ip=null | op=PUT_BLOCK {blockData=[blockId=conID: 2 locID: 102666069156364780 bcsId: 0,size=4194304]} | ret=SUCCESS |  
2019-08-23 11:31:33,327 | INFO  | DNAudit | user=null | ip=null | op=PUT_BLOCK {blockData=[blockId=conID: 2 locID: 102666069156364780 bcsId: 0,size=4194304]} | ret=SUCCESS |  
2019-08-23 11:31:33,328 [grpc-default-executor-5] INFO  client.GrpcClientProtocolClient (GrpcClientProtocolClient.java:onNext(255)) - client-C9E345EC67ED->244f13ac-34be-4c4e-8e45-0c0272edbbb2: receive RaftClientReply:client-C9E345EC67ED->244f13ac-34be-4c4e-8e45-0c0272edbbb2@group-FE77C852EF02, cid=1491, SUCCESS, logIndex=0, commits[244f13ac-34be-4c4e-8e45-0c0272edbbb2:c2098, 6287e41a-5356-4f55-84f2-270816d53e84:c2096, a2c18d3d-e79d-47c9-88fe-d8a1d195302b:c2096]
2019-08-23 11:31:33,332 | INFO  | SCMAudit | user=jenkins1000 | ip=192.168.5.185 | op=ALLOCATE_BLOCK {owner=00a23185-76ea-47b5-a641-ad3cfbe5521a, size=4194304, type=RATIS, factor=THREE} | ret=SUCCESS |  
2019-08-23 11:31:33,334 | INFO  | OMAudit | user=jenkins1000 | ip=127.0.0.1 | op=ALLOCATE_BLOCK {volume=vol-0-37508, bucket=bucket-0-50919, key=key-0-57313, dataSize=0, replicationType=null, replicationFactor=null, keyLocationInfo=null, clientID=102666068570931602} | ret=SUCCESS |  
2019-08-23 11:31:33,341 | INFO  | DNAudit | user=null | ip=null | op=WRITE_CHUNK {blockData=conID: 3 locID: 102666069169406445 bcsId: 0} | ret=SUCCESS |  
2019-08-23 11:31:33,342 | INFO  | DNAudit | user=null | ip=null | op=WRITE_CHUNK {blockData=conID: 3 locID: 102666069169406445 bcsId: 0} | ret=SUCCESS |  
2019-08-23 11:31:33,343 | INFO  | DNAudit | user=null | ip=null | op=WRITE_CHUNK {blockData=conID: 3 locID: 102666069169406445 bcsId: 0} | ret=SUCCESS |  
2019-08-23 11:31:33,343 | INFO  | DNAudit | user=null | ip=null | op=WRITE_CHUNK {blockData=conID: 3 locID: 102666069169406445 bcsId: 0} | ret=SUCCESS |  
2019-08-23 11:31:33,344 | INFO  | DNAudit | user=null | ip=null | op=WRITE_CHUNK {blockData=conID: 3 locID: 102666069169406445 bcsId: 0} | ret=SUCCESS |  
2019-08-23 11:31:33,345 | INFO  | DNAudit | user=null | ip=null | op=WRITE_CHUNK {blockData=conID: 3 locID: 102666069169406445 bcsId: 0} | ret=SUCCESS |  
2019-08-23 11:31:33,353 | INFO  | DNAudit | user=null | ip=null | op=WRITE_CHUNK {blockData=conID: 3 locID: 102666069169406445 bcsId: 0} | ret=SUCCESS |  
2019-08-23 11:31:33,354 | INFO  | DNAudit | user=null | ip=null | op=PUT_BLOCK {blockData=[blockId=conID: 3 locID: 102666069169406445 bcsId: 0,size=1048576]} | ret=SUCCESS |  
2019-08-23 11:31:33,355 | INFO  | DNAudit | user=null | ip=null | op=WRITE_CHUNK {blockData=conID: 3 locID: 102666069169406445 bcsId: 0} | ret=SUCCESS |  
2019-08-23 11:31:33,354 [grpc-default-executor-1] INFO  client.GrpcClientProtocolClient (GrpcClientProtocolClient.java:onNext(255)) - client-C9E345EC67ED->244f13ac-34be-4c4e-8e45-0c0272edbbb2: receive RaftClientReply:client-C9E345EC67ED->244f13ac-34be-4c4e-8e45-0c0272edbbb2@group-FE77C852EF02, cid=1492, SUCCESS, logIndex=2099, commits[244f13ac-34be-4c4e-8e45-0c0272edbbb2:c2100, 6287e41a-5356-4f55-84f2-270816d53e84:c2098, a2c18d3d-e79d-47c9-88fe-d8a1d195302b:c2098]
2019-08-23 11:31:33,355 [grpc-default-executor-1] INFO  client.GrpcClientProtocolClient (GrpcClientProtocolClient.java:onNext(255)) - client-C9E345EC67ED->244f13ac-34be-4c4e-8e45-0c0272edbbb2: receive RaftClientReply:client-C9E345EC67ED->244f13ac-34be-4c4e-8e45-0c0272edbbb2@group-FE77C852EF02, cid=1493, SUCCESS, logIndex=2100, commits[244f13ac-34be-4c4e-8e45-0c0272edbbb2:c2102, 6287e41a-5356-4f55-84f2-270816d53e84:c2098, a2c18d3d-e79d-47c9-88fe-d8a1d195302b:c2098]
2019-08-23 11:31:33,355 | INFO  | DNAudit | user=null | ip=null | op=WRITE_CHUNK {blockData=conID: 3 locID: 102666069169406445 bcsId: 0} | ret=SUCCESS |  
2019-08-23 11:31:33,355 [grpc-default-executor-5] INFO  client.GrpcClientProtocolClient (GrpcClientProtocolClient.java:onNext(255)) - client-C9E345EC67ED->244f13ac-34be-4c4e-8e45-0c0272edbbb2: receive RaftClientReply:client-C9E345EC67ED->244f13ac-34be-4c4e-8e45-0c0272edbbb2@group-FE77C852EF02, cid=1494, SUCCESS, logIndex=2101, commits[244f13ac-34be-4c4e-8e45-0c0272edbbb2:c2102, 6287e41a-5356-4f55-84f2-270816d53e84:c2098, a2c18d3d-e79d-47c9-88fe-d8a1d195302b:c2098]
2019-08-23 11:31:33,355 | INFO  | DNAudit | user=null | ip=null | op=PUT_BLOCK {blockData=[blockId=conID: 3 locID: 102666069169406445 bcsId: 0,size=1048576]} | ret=SUCCESS |  
2019-08-23 11:31:33,356 | INFO  | DNAudit | user=null | ip=null | op=PUT_BLOCK {blockData=[blockId=conID: 3 locID: 102666069169406445 bcsId: 0,size=2097152]} | ret=SUCCESS |  
2019-08-23 11:31:33,356 | INFO  | DNAudit | user=null | ip=null | op=WRITE_CHUNK {blockData=conID: 3 locID: 102666069169406445 bcsId: 0} | ret=SUCCESS |  
2019-08-23 11:31:33,356 | INFO  | DNAudit | user=null | ip=null | op=PUT_BLOCK {blockData=[blockId=conID: 3 locID: 102666069169406445 bcsId: 0,size=1048576]} | ret=SUCCESS |  
2019-08-23 11:31:33,356 [grpc-default-executor-5] INFO  client.GrpcClientProtocolClient (GrpcClientProtocolClient.java:onNext(255)) - client-C9E345EC67ED->244f13ac-34be-4c4e-8e45-0c0272edbbb2: receive RaftClientReply:client-C9E345EC67ED->244f13ac-34be-4c4e-8e45-0c0272edbbb2@group-FE77C852EF02, cid=1495, SUCCESS, logIndex=2102, commits[244f13ac-34be-4c4e-8e45-0c0272edbbb2:c2103, 6287e41a-5356-4f55-84f2-270816d53e84:c2100, a2c18d3d-e79d-47c9-88fe-d8a1d195302b:c2098]
2019-08-23 11:31:33,356 | INFO  | DNAudit | user=null | ip=null | op=WRITE_CHUNK {blockData=conID: 3 locID: 102666069169406445 bcsId: 0} | ret=SUCCESS |  
2019-08-23 11:31:33,357 | INFO  | DNAudit | user=null | ip=null | op=WRITE_CHUNK {blockData=conID: 3 locID: 102666069169406445 bcsId: 0} | ret=SUCCESS |  
2019-08-23 11:31:33,357 | INFO  | DNAudit | user=null | ip=null | op=PUT_BLOCK {blockData=[blockId=conID: 3 locID: 102666069169406445 bcsId: 0,size=2097152]} | ret=SUCCESS |  
2019-08-23 11:31:33,357 | INFO  | DNAudit | user=null | ip=null | op=PUT_BLOCK {blockData=[blockId=conID: 3 locID: 102666069169406445 bcsId: 0,size=2097152]} | ret=SUCCESS |  
2019-08-23 11:31:33,357 [grpc-default-executor-1] INFO  client.GrpcClientProtocolClient (GrpcClientProtocolClient.java:onNext(255)) - client-C9E345EC67ED->244f13ac-34be-4c4e-8e45-0c0272edbbb2: receive RaftClientReply:client-C9E345EC67ED->244f13ac-34be-4c4e-8e45-0c0272edbbb2@group-FE77C852EF02, cid=1496, SUCCESS, logIndex=0, commits[244f13ac-34be-4c4e-8e45-0c0272edbbb2:c2105, 6287e41a-5356-4f55-84f2-270816d53e84:c2102, a2c18d3d-e79d-47c9-88fe-d8a1d195302b:c2102]
2019-08-23 11:31:33,363 | INFO  | DNAudit | user=null | ip=null | op=WRITE_CHUNK {blockData=conID: 3 locID: 102666069169406445 bcsId: 2102} | ret=SUCCESS |  
2019-08-23 11:31:33,365 | INFO  | DNAudit | user=null | ip=null | op=WRITE_CHUNK {blockData=conID: 3 locID: 102666069169406445 bcsId: 2102} | ret=SUCCESS |  
2019-08-23 11:31:33,365 | INFO  | DNAudit | user=null | ip=null | op=WRITE_CHUNK {blockData=conID: 3 locID: 102666069169406445 bcsId: 2102} | ret=SUCCESS |  
2019-08-23 11:31:33,375 | INFO  | DNAudit | user=null | ip=null | op=WRITE_CHUNK {blockData=conID: 3 locID: 102666069169406445 bcsId: 2102} | ret=SUCCESS |  
2019-08-23 11:31:33,376 | INFO  | DNAudit | user=null | ip=null | op=PUT_BLOCK {blockData=[blockId=conID: 3 locID: 102666069169406445 bcsId: 0,size=3145728]} | ret=SUCCESS |  
2019-08-23 11:31:33,376 [grpc-default-executor-1] INFO  client.GrpcClientProtocolClient (GrpcClientProtocolClient.java:onNext(255)) - client-C9E345EC67ED->244f13ac-34be-4c4e-8e45-0c0272edbbb2: receive RaftClientReply:client-C9E345EC67ED->244f13ac-34be-4c4e-8e45-0c0272edbbb2@group-FE77C852EF02, cid=1497, SUCCESS, logIndex=2107, commits[244f13ac-34be-4c4e-8e45-0c0272edbbb2:c2108, 6287e41a-5356-4f55-84f2-270816d53e84:c2106, a2c18d3d-e79d-47c9-88fe-d8a1d195302b:c2106]
2019-08-23 11:31:33,376 [grpc-default-executor-1] INFO  client.GrpcClientProtocolClient (GrpcClientProtocolClient.java:onNext(255)) - client-C9E345EC67ED->244f13ac-34be-4c4e-8e45-0c0272edbbb2: receive RaftClientReply:client-C9E345EC67ED->244f13ac-34be-4c4e-8e45-0c0272edbbb2@group-FE77C852EF02, cid=1498, SUCCESS, logIndex=2108, commits[244f13ac-34be-4c4e-8e45-0c0272edbbb2:c2108, 6287e41a-5356-4f55-84f2-270816d53e84:c2106, a2c18d3d-e79d-47c9-88fe-d8a1d195302b:c2106]
2019-08-23 11:31:33,382 | INFO  | DNAudit | user=null | ip=null | op=WRITE_CHUNK {blockData=conID: 3 locID: 102666069169406445 bcsId: 2108} | ret=SUCCESS |  
2019-08-23 11:31:33,383 | INFO  | DNAudit | user=null | ip=null | op=WRITE_CHUNK {blockData=conID: 3 locID: 102666069169406445 bcsId: 2108} | ret=SUCCESS |  
2019-08-23 11:31:33,384 | INFO  | DNAudit | user=null | ip=null | op=WRITE_CHUNK {blockData=conID: 3 locID: 102666069169406445 bcsId: 2108} | ret=SUCCESS |  
2019-08-23 11:31:33,387 | INFO  | DNAudit | user=null | ip=null | op=WRITE_CHUNK {blockData=conID: 3 locID: 102666069169406445 bcsId: 2102} | ret=SUCCESS |  
2019-08-23 11:31:33,387 | INFO  | DNAudit | user=null | ip=null | op=WRITE_CHUNK {blockData=conID: 3 locID: 102666069169406445 bcsId: 2102} | ret=SUCCESS |  
2019-08-23 11:31:33,388 | INFO  | DNAudit | user=null | ip=null | op=PUT_BLOCK {blockData=[blockId=conID: 3 locID: 102666069169406445 bcsId: 0,size=3145728]} | ret=SUCCESS |  
2019-08-23 11:31:33,388 | INFO  | DNAudit | user=null | ip=null | op=PUT_BLOCK {blockData=[blockId=conID: 3 locID: 102666069169406445 bcsId: 0,size=3145728]} | ret=SUCCESS |  
2019-08-23 11:31:33,389 | INFO  | DNAudit | user=null | ip=null | op=WRITE_CHUNK {blockData=conID: 3 locID: 102666069169406445 bcsId: 2108} | ret=SUCCESS |  
2019-08-23 11:31:33,389 | INFO  | DNAudit | user=null | ip=null | op=PUT_BLOCK {blockData=[blockId=conID: 3 locID: 102666069169406445 bcsId: 0,size=4194304]} | ret=SUCCESS |  
2019-08-23 11:31:33,389 [grpc-default-executor-5] INFO  client.GrpcClientProtocolClient (GrpcClientProtocolClient.java:onNext(255)) - client-C9E345EC67ED->244f13ac-34be-4c4e-8e45-0c0272edbbb2: receive RaftClientReply:client-C9E345EC67ED->244f13ac-34be-4c4e-8e45-0c0272edbbb2@group-FE77C852EF02, cid=1499, SUCCESS, logIndex=2111, commits[244f13ac-34be-4c4e-8e45-0c0272edbbb2:c2112, 6287e41a-5356-4f55-84f2-270816d53e84:c2108, a2c18d3d-e79d-47c9-88fe-d8a1d195302b:c2108]
2019-08-23 11:31:33,390 [grpc-default-executor-5] INFO  client.GrpcClientProtocolClient (GrpcClientProtocolClient.java:onNext(255)) - client-C9E345EC67ED->244f13ac-34be-4c4e-8e45-0c0272edbbb2: receive RaftClientReply:client-C9E345EC67ED->244f13ac-34be-4c4e-8e45-0c0272edbbb2@group-FE77C852EF02, cid=1500, SUCCESS, logIndex=2112, commits[244f13ac-34be-4c4e-8e45-0c0272edbbb2:c2112, 6287e41a-5356-4f55-84f2-270816d53e84:c2108, a2c18d3d-e79d-47c9-88fe-d8a1d195302b:c2108]
2019-08-23 11:31:33,390 | INFO  | DNAudit | user=null | ip=null | op=WRITE_CHUNK {blockData=conID: 3 locID: 102666069169406445 bcsId: 2108} | ret=SUCCESS |  
2019-08-23 11:31:33,390 | INFO  | DNAudit | user=null | ip=null | op=WRITE_CHUNK {blockData=conID: 3 locID: 102666069169406445 bcsId: 2108} | ret=SUCCESS |  
2019-08-23 11:31:33,390 | INFO  | DNAudit | user=null | ip=null | op=PUT_BLOCK {blockData=[blockId=conID: 3 locID: 102666069169406445 bcsId: 0,size=4194304]} | ret=SUCCESS |  
2019-08-23 11:31:33,390 | INFO  | DNAudit | user=null | ip=null | op=PUT_BLOCK {blockData=[blockId=conID: 3 locID: 102666069169406445 bcsId: 0,size=4194304]} | ret=SUCCESS |  
2019-08-23 11:31:33,391 [grpc-default-executor-2] INFO  client.GrpcClientProtocolClient (GrpcClientProtocolClient.java:onNext(255)) - client-C9E345EC67ED->244f13ac-34be-4c4e-8e45-0c0272edbbb2: receive RaftClientReply:client-C9E345EC67ED->244f13ac-34be-4c4e-8e45-0c0272edbbb2@group-FE77C852EF02, cid=1501, SUCCESS, logIndex=0, commits[244f13ac-34be-4c4e-8e45-0c0272edbbb2:c2113, 6287e41a-5356-4f55-84f2-270816d53e84:c2112, a2c18d3d-e79d-47c9-88fe-d8a1d195302b:c2112]
2019-08-23 11:31:33,394 | INFO  | SCMAudit | user=jenkins1000 | ip=192.168.5.185 | op=ALLOCATE_BLOCK {owner=00a23185-76ea-47b5-a641-ad3cfbe5521a, size=4194304, type=RATIS, factor=THREE} | ret=SUCCESS |  
2019-08-23 11:31:33,396 | INFO  | OMAudit | user=jenkins1000 | ip=127.0.0.1 | op=ALLOCATE_BLOCK {volume=vol-0-37508, bucket=bucket-0-50919, key=key-0-57313, dataSize=0, replicationType=null, replicationFactor=null, keyLocationInfo=null, clientID=102666068570931602} | ret=SUCCESS |  
2019-08-23 11:31:33,402 | INFO  | DNAudit | user=null | ip=null | op=WRITE_CHUNK {blockData=conID: 1 locID: 102666069173469678 bcsId: 0} | ret=SUCCESS |  
2019-08-23 11:31:33,404 | INFO  | DNAudit | user=null | ip=null | op=WRITE_CHUNK {blockData=conID: 1 locID: 102666069173469678 bcsId: 0} | ret=SUCCESS |  
2019-08-23 11:31:33,404 | INFO  | DNAudit | user=null | ip=null | op=WRITE_CHUNK {blockData=conID: 1 locID: 102666069173469678 bcsId: 0} | ret=SUCCESS |  
2019-08-23 11:31:33,404 | INFO  | DNAudit | user=null | ip=null | op=WRITE_CHUNK {blockData=conID: 1 locID: 102666069173469678 bcsId: 0} | ret=SUCCESS |  
2019-08-23 11:31:33,406 | INFO  | DNAudit | user=null | ip=null | op=WRITE_CHUNK {blockData=conID: 1 locID: 102666069173469678 bcsId: 0} | ret=SUCCESS |  
2019-08-23 11:31:33,406 | INFO  | DNAudit | user=null | ip=null | op=WRITE_CHUNK {blockData=conID: 1 locID: 102666069173469678 bcsId: 0} | ret=SUCCESS |  
2019-08-23 11:31:33,417 | INFO  | DNAudit | user=null | ip=null | op=WRITE_CHUNK {blockData=conID: 1 locID: 102666069173469678 bcsId: 0} | ret=SUCCESS |  
2019-08-23 11:31:33,417 | INFO  | DNAudit | user=null | ip=null | op=PUT_BLOCK {blockData=[blockId=conID: 1 locID: 102666069173469678 bcsId: 0,size=1048576]} | ret=SUCCESS |  
2019-08-23 11:31:33,417 [grpc-default-executor-5] INFO  client.GrpcClientProtocolClient (GrpcClientProtocolClient.java:onNext(255)) - client-C9E345EC67ED->244f13ac-34be-4c4e-8e45-0c0272edbbb2: receive RaftClientReply:client-C9E345EC67ED->244f13ac-34be-4c4e-8e45-0c0272edbbb2@group-FE77C852EF02, cid=1502, SUCCESS, logIndex=2115, commits[244f13ac-34be-4c4e-8e45-0c0272edbbb2:c2116, 6287e41a-5356-4f55-84f2-270816d53e84:c2114, a2c18d3d-e79d-47c9-88fe-d8a1d195302b:c2114]
2019-08-23 11:31:33,418 | INFO  | DNAudit | user=null | ip=null | op=WRITE_CHUNK {blockData=conID: 1 locID: 102666069173469678 bcsId: 0} | ret=SUCCESS |  
2019-08-23 11:31:33,418 [grpc-default-executor-1] INFO  client.GrpcClientProtocolClient (GrpcClientProtocolClient.java:onNext(255)) - client-C9E345EC67ED->244f13ac-34be-4c4e-8e45-0c0272edbbb2: receive RaftClientReply:client-C9E345EC67ED->244f13ac-34be-4c4e-8e45-0c0272edbbb2@group-FE77C852EF02, cid=1503, SUCCESS, logIndex=2116, commits[244f13ac-34be-4c4e-8e45-0c0272edbbb2:c2116, 6287e41a-5356-4f55-84f2-270816d53e84:c2114, a2c18d3d-e79d-47c9-88fe-d8a1d195302b:c2114]
2019-08-23 11:31:33,418 | INFO  | DNAudit | user=null | ip=null | op=PUT_BLOCK {blockData=[blockId=conID: 1 locID: 102666069173469678 bcsId: 0,size=2097152]} | ret=SUCCESS |  
2019-08-23 11:31:33,418 [grpc-default-executor-1] INFO  client.GrpcClientProtocolClient (GrpcClientProtocolClient.java:onNext(255)) - client-C9E345EC67ED->244f13ac-34be-4c4e-8e45-0c0272edbbb2: receive RaftClientReply:client-C9E345EC67ED->244f13ac-34be-4c4e-8e45-0c0272edbbb2@group-FE77C852EF02, cid=1504, SUCCESS, logIndex=2117, commits[244f13ac-34be-4c4e-8e45-0c0272edbbb2:c2118, 6287e41a-5356-4f55-84f2-270816d53e84:c2114, a2c18d3d-e79d-47c9-88fe-d8a1d195302b:c2114]
2019-08-23 11:31:33,419 [grpc-default-executor-1] INFO  client.GrpcClientProtocolClient (GrpcClientProtocolClient.java:onNext(255)) - client-C9E345EC67ED->244f13ac-34be-4c4e-8e45-0c0272edbbb2: receive RaftClientReply:client-C9E345EC67ED->244f13ac-34be-4c4e-8e45-0c0272edbbb2@group-FE77C852EF02, cid=1505, SUCCESS, logIndex=2118, commits[244f13ac-34be-4c4e-8e45-0c0272edbbb2:c2118, 6287e41a-5356-4f55-84f2-270816d53e84:c2114, a2c18d3d-e79d-47c9-88fe-d8a1d195302b:c2114]
2019-08-23 11:31:33,419 | INFO  | DNAudit | user=null | ip=null | op=WRITE_CHUNK {blockData=conID: 1 locID: 102666069173469678 bcsId: 0} | ret=SUCCESS |  
2019-08-23 11:31:33,419 | INFO  | DNAudit | user=null | ip=null | op=PUT_BLOCK {blockData=[blockId=conID: 1 locID: 102666069173469678 bcsId: 0,size=1048576]} | ret=SUCCESS |  
2019-08-23 11:31:33,420 | INFO  | DNAudit | user=null | ip=null | op=WRITE_CHUNK {blockData=conID: 1 locID: 102666069173469678 bcsId: 0} | ret=SUCCESS |  
2019-08-23 11:31:33,420 | INFO  | DNAudit | user=null | ip=null | op=PUT_BLOCK {blockData=[blockId=conID: 1 locID: 102666069173469678 bcsId: 0,size=1048576]} | ret=SUCCESS |  
2019-08-23 11:31:33,420 | INFO  | DNAudit | user=null | ip=null | op=WRITE_CHUNK {blockData=conID: 1 locID: 102666069173469678 bcsId: 0} | ret=SUCCESS |  
2019-08-23 11:31:33,421 | INFO  | DNAudit | user=null | ip=null | op=PUT_BLOCK {blockData=[blockId=conID: 1 locID: 102666069173469678 bcsId: 0,size=2097152]} | ret=SUCCESS |  
2019-08-23 11:31:33,421 | INFO  | DNAudit | user=null | ip=null | op=WRITE_CHUNK {blockData=conID: 1 locID: 102666069173469678 bcsId: 0} | ret=SUCCESS |  
2019-08-23 11:31:33,421 [grpc-default-executor-1] INFO  client.GrpcClientProtocolClient (GrpcClientProtocolClient.java:onNext(255)) - client-C9E345EC67ED->244f13ac-34be-4c4e-8e45-0c0272edbbb2: receive RaftClientReply:client-C9E345EC67ED->244f13ac-34be-4c4e-8e45-0c0272edbbb2@group-FE77C852EF02, cid=1506, SUCCESS, logIndex=0, commits[244f13ac-34be-4c4e-8e45-0c0272edbbb2:c2120, 6287e41a-5356-4f55-84f2-270816d53e84:c2116, a2c18d3d-e79d-47c9-88fe-d8a1d195302b:c2116]
2019-08-23 11:31:33,421 | INFO  | DNAudit | user=null | ip=null | op=PUT_BLOCK {blockData=[blockId=conID: 1 locID: 102666069173469678 bcsId: 0,size=2097152]} | ret=SUCCESS |  
2019-08-23 11:31:33,426 | INFO  | DNAudit | user=null | ip=null | op=WRITE_CHUNK {blockData=conID: 1 locID: 102666069173469678 bcsId: 2118} | ret=SUCCESS |  
2019-08-23 11:31:33,427 | INFO  | DNAudit | user=null | ip=null | op=WRITE_CHUNK {blockData=conID: 1 locID: 102666069173469678 bcsId: 2118} | ret=SUCCESS |  
2019-08-23 11:31:33,428 | INFO  | DNAudit | user=null | ip=null | op=WRITE_CHUNK {blockData=conID: 1 locID: 102666069173469678 bcsId: 2118} | ret=SUCCESS |  
2019-08-23 11:31:33,438 | INFO  | DNAudit | user=null | ip=null | op=WRITE_CHUNK {blockData=conID: 1 locID: 102666069173469678 bcsId: 2118} | ret=SUCCESS |  
2019-08-23 11:31:33,439 | INFO  | DNAudit | user=null | ip=null | op=PUT_BLOCK {blockData=[blockId=conID: 1 locID: 102666069173469678 bcsId: 0,size=3145728]} | ret=SUCCESS |  
2019-08-23 11:31:33,439 [grpc-default-executor-1] INFO  client.GrpcClientProtocolClient (GrpcClientProtocolClient.java:onNext(255)) - client-C9E345EC67ED->244f13ac-34be-4c4e-8e45-0c0272edbbb2: receive RaftClientReply:client-C9E345EC67ED->244f13ac-34be-4c4e-8e45-0c0272edbbb2@group-FE77C852EF02, cid=1507, SUCCESS, logIndex=2123, commits[244f13ac-34be-4c4e-8e45-0c0272edbbb2:c2124, 6287e41a-5356-4f55-84f2-270816d53e84:c2122, a2c18d3d-e79d-47c9-88fe-d8a1d195302b:c2122]
2019-08-23 11:31:33,439 [grpc-default-executor-1] INFO  client.GrpcClientProtocolClient (GrpcClientProtocolClient.java:onNext(255)) - client-C9E345EC67ED->244f13ac-34be-4c4e-8e45-0c0272edbbb2: receive RaftClientReply:client-C9E345EC67ED->244f13ac-34be-4c4e-8e45-0c0272edbbb2@group-FE77C852EF02, cid=1508, SUCCESS, logIndex=2124, commits[244f13ac-34be-4c4e-8e45-0c0272edbbb2:c2124, 6287e41a-5356-4f55-84f2-270816d53e84:c2122, a2c18d3d-e79d-47c9-88fe-d8a1d195302b:c2122]
2019-08-23 11:31:33,444 | INFO  | DNAudit | user=null | ip=null | op=WRITE_CHUNK {blockData=conID: 1 locID: 102666069173469678 bcsId: 2124} | ret=SUCCESS |  
2019-08-23 11:31:33,445 | INFO  | DNAudit | user=null | ip=null | op=WRITE_CHUNK {blockData=conID: 1 locID: 102666069173469678 bcsId: 2124} | ret=SUCCESS |  
2019-08-23 11:31:33,446 | INFO  | DNAudit | user=null | ip=null | op=WRITE_CHUNK {blockData=conID: 1 locID: 102666069173469678 bcsId: 2124} | ret=SUCCESS |  
2019-08-23 11:31:33,450 | INFO  | DNAudit | user=null | ip=null | op=WRITE_CHUNK {blockData=conID: 1 locID: 102666069173469678 bcsId: 2118} | ret=SUCCESS |  
2019-08-23 11:31:33,450 | INFO  | DNAudit | user=null | ip=null | op=WRITE_CHUNK {blockData=conID: 1 locID: 102666069173469678 bcsId: 2118} | ret=SUCCESS |  
2019-08-23 11:31:33,451 | INFO  | DNAudit | user=null | ip=null | op=PUT_BLOCK {blockData=[blockId=conID: 1 locID: 102666069173469678 bcsId: 0,size=3145728]} | ret=SUCCESS |  
2019-08-23 11:31:33,451 | INFO  | DNAudit | user=null | ip=null | op=PUT_BLOCK {blockData=[blockId=conID: 1 locID: 102666069173469678 bcsId: 0,size=3145728]} | ret=SUCCESS |  
2019-08-23 11:31:33,452 | INFO  | DNAudit | user=null | ip=null | op=WRITE_CHUNK {blockData=conID: 1 locID: 102666069173469678 bcsId: 2124} | ret=SUCCESS |  
2019-08-23 11:31:33,452 | INFO  | DNAudit | user=null | ip=null | op=PUT_BLOCK {blockData=[blockId=conID: 1 locID: 102666069173469678 bcsId: 0,size=4194304]} | ret=SUCCESS |  
2019-08-23 11:31:33,452 [grpc-default-executor-4] INFO  client.GrpcClientProtocolClient (GrpcClientProtocolClient.java:onNext(255)) - client-C9E345EC67ED->244f13ac-34be-4c4e-8e45-0c0272edbbb2: receive RaftClientReply:client-C9E345EC67ED->244f13ac-34be-4c4e-8e45-0c0272edbbb2@group-FE77C852EF02, cid=1509, SUCCESS, logIndex=2127, commits[244f13ac-34be-4c4e-8e45-0c0272edbbb2:c2128, 6287e41a-5356-4f55-84f2-270816d53e84:c2124, a2c18d3d-e79d-47c9-88fe-d8a1d195302b:c2124]
2019-08-23 11:31:33,453 [grpc-default-executor-4] INFO  client.GrpcClientProtocolClient (GrpcClientProtocolClient.java:onNext(255)) - client-C9E345EC67ED->244f13ac-34be-4c4e-8e45-0c0272edbbb2: receive RaftClientReply:client-C9E345EC67ED->244f13ac-34be-4c4e-8e45-0c0272edbbb2@group-FE77C852EF02, cid=1510, SUCCESS, logIndex=2128, commits[244f13ac-34be-4c4e-8e45-0c0272edbbb2:c2128, 6287e41a-5356-4f55-84f2-270816d53e84:c2124, a2c18d3d-e79d-47c9-88fe-d8a1d195302b:c2124]
 0.00% |█                                                                                                    |  0/1 Time: 0:00:092019-08-23 11:31:33,456 | INFO  | SCMAudit | user=jenkins1000 | ip=192.168.5.185 | op=SEND_HEARTBEAT {datanodeUUID=244f13ac-34be-4c4e-8e45-0c0272edbbb2, command=[]} | ret=SUCCESS |  
2019-08-23 11:31:33,456 | INFO  | SCMAudit | user=jenkins1000 | ip=192.168.5.185 | op=SEND_HEARTBEAT {datanodeUUID=a2c18d3d-e79d-47c9-88fe-d8a1d195302b, command=[]} | ret=SUCCESS |  
2019-08-23 11:31:33,456 | INFO  | SCMAudit | user=jenkins1000 | ip=192.168.5.185 | op=SEND_HEARTBEAT {datanodeUUID=6287e41a-5356-4f55-84f2-270816d53e84, command=[]} | ret=SUCCESS |  
2019-08-23 11:31:33,462 | INFO  | DNAudit | user=null | ip=null | op=WRITE_CHUNK {blockData=conID: 1 locID: 102666069173469678 bcsId: 2124} | ret=SUCCESS |  
2019-08-23 11:31:33,462 | INFO  | DNAudit | user=null | ip=null | op=WRITE_CHUNK {blockData=conID: 1 locID: 102666069173469678 bcsId: 2124} | ret=SUCCESS |  
2019-08-23 11:31:33,463 | INFO  | DNAudit | user=null | ip=null | op=PUT_BLOCK {blockData=[blockId=conID: 1 locID: 102666069173469678 bcsId: 0,size=4194304]} | ret=SUCCESS |  
2019-08-23 11:31:33,463 | INFO  | DNAudit | user=null | ip=null | op=PUT_BLOCK {blockData=[blockId=conID: 1 locID: 102666069173469678 bcsId: 0,size=4194304]} | ret=SUCCESS |  
2019-08-23 11:31:33,464 [grpc-default-executor-4] INFO  client.GrpcClientProtocolClient (GrpcClientProtocolClient.java:onNext(255)) - client-C9E345EC67ED->244f13ac-34be-4c4e-8e45-0c0272edbbb2: receive RaftClientReply:client-C9E345EC67ED->244f13ac-34be-4c4e-8e45-0c0272edbbb2@group-FE77C852EF02, cid=1511, SUCCESS, logIndex=0, commits[244f13ac-34be-4c4e-8e45-0c0272edbbb2:c2130, 6287e41a-5356-4f55-84f2-270816d53e84:c2128, a2c18d3d-e79d-47c9-88fe-d8a1d195302b:c2128]
2019-08-23 11:31:33,467 | INFO  | SCMAudit | user=jenkins1000 | ip=192.168.5.185 | op=ALLOCATE_BLOCK {owner=00a23185-76ea-47b5-a641-ad3cfbe5521a, size=4194304, type=RATIS, factor=THREE} | ret=SUCCESS |  
2019-08-23 11:31:33,468 | INFO  | OMAudit | user=jenkins1000 | ip=127.0.0.1 | op=ALLOCATE_BLOCK {volume=vol-0-37508, bucket=bucket-0-50919, key=key-0-57313, dataSize=0, replicationType=null, replicationFactor=null, keyLocationInfo=null, clientID=102666068570931602} | ret=SUCCESS |  
2019-08-23 11:31:33,476 | INFO  | DNAudit | user=null | ip=null | op=WRITE_CHUNK {blockData=conID: 2 locID: 102666069178253807 bcsId: 0} | ret=SUCCESS |  
2019-08-23 11:31:33,476 | INFO  | DNAudit | user=null | ip=null | op=WRITE_CHUNK {blockData=conID: 2 locID: 102666069178253807 bcsId: 0} | ret=SUCCESS |  
2019-08-23 11:31:33,477 | INFO  | DNAudit | user=null | ip=null | op=WRITE_CHUNK {blockData=conID: 2 locID: 102666069178253807 bcsId: 0} | ret=SUCCESS |  
2019-08-23 11:31:33,477 | INFO  | DNAudit | user=null | ip=null | op=WRITE_CHUNK {blockData=conID: 2 locID: 102666069178253807 bcsId: 0} | ret=SUCCESS |  
2019-08-23 11:31:33,479 | INFO  | DNAudit | user=null | ip=null | op=WRITE_CHUNK {blockData=conID: 2 locID: 102666069178253807 bcsId: 0} | ret=SUCCESS |  
2019-08-23 11:31:33,479 | INFO  | DNAudit | user=null | ip=null | op=WRITE_CHUNK {blockData=conID: 2 locID: 102666069178253807 bcsId: 0} | ret=SUCCESS |  
2019-08-23 11:31:33,484 | INFO  | DNAudit | user=null | ip=null | op=WRITE_CHUNK {blockData=conID: 2 locID: 102666069178253807 bcsId: 0} | ret=SUCCESS |  
2019-08-23 11:31:33,484 | INFO  | DNAudit | user=null | ip=null | op=PUT_BLOCK {blockData=[blockId=conID: 2 locID: 102666069178253807 bcsId: 0,size=1048576]} | ret=SUCCESS |  
2019-08-23 11:31:33,484 [grpc-default-executor-2] INFO  client.GrpcClientProtocolClient (GrpcClientProtocolClient.java:onNext(255)) - client-C9E345EC67ED->244f13ac-34be-4c4e-8e45-0c0272edbbb2: receive RaftClientReply:client-C9E345EC67ED->244f13ac-34be-4c4e-8e45-0c0272edbbb2@group-FE77C852EF02, cid=1512, SUCCESS, logIndex=2131, commits[244f13ac-34be-4c4e-8e45-0c0272edbbb2:c2132, 6287e41a-5356-4f55-84f2-270816d53e84:c2130, a2c18d3d-e79d-47c9-88fe-d8a1d195302b:c2130]
2019-08-23 11:31:33,485 | INFO  | DNAudit | user=null | ip=null | op=WRITE_CHUNK {blockData=conID: 2 locID: 102666069178253807 bcsId: 0} | ret=SUCCESS |  
2019-08-23 11:31:33,485 [grpc-default-executor-2] INFO  client.GrpcClientProtocolClient (GrpcClientProtocolClient.java:onNext(255)) - client-C9E345EC67ED->244f13ac-34be-4c4e-8e45-0c0272edbbb2: receive RaftClientReply:client-C9E345EC67ED->244f13ac-34be-4c4e-8e45-0c0272edbbb2@group-FE77C852EF02, cid=1513, SUCCESS, logIndex=2132, commits[244f13ac-34be-4c4e-8e45-0c0272edbbb2:c2133, 6287e41a-5356-4f55-84f2-270816d53e84:c2130, a2c18d3d-e79d-47c9-88fe-d8a1d195302b:c2130]
2019-08-23 11:31:33,485 | INFO  | DNAudit | user=null | ip=null | op=WRITE_CHUNK {blockData=conID: 2 locID: 102666069178253807 bcsId: 0} | ret=SUCCESS |  
2019-08-23 11:31:33,485 | INFO  | DNAudit | user=null | ip=null | op=PUT_BLOCK {blockData=[blockId=conID: 2 locID: 102666069178253807 bcsId: 0,size=2097152]} | ret=SUCCESS |  
2019-08-23 11:31:33,485 [grpc-default-executor-2] INFO  client.GrpcClientProtocolClient (GrpcClientProtocolClient.java:onNext(255)) - client-C9E345EC67ED->244f13ac-34be-4c4e-8e45-0c0272edbbb2: receive RaftClientReply:client-C9E345EC67ED->244f13ac-34be-4c4e-8e45-0c0272edbbb2@group-FE77C852EF02, cid=1514, SUCCESS, logIndex=2133, commits[244f13ac-34be-4c4e-8e45-0c0272edbbb2:c2134, 6287e41a-5356-4f55-84f2-270816d53e84:c2130, a2c18d3d-e79d-47c9-88fe-d8a1d195302b:c2130]
2019-08-23 11:31:33,485 | INFO  | DNAudit | user=null | ip=null | op=PUT_BLOCK {blockData=[blockId=conID: 2 locID: 102666069178253807 bcsId: 0,size=1048576]} | ret=SUCCESS |  
2019-08-23 11:31:33,486 [grpc-default-executor-2] INFO  client.GrpcClientProtocolClient (GrpcClientProtocolClient.java:onNext(255)) - client-C9E345EC67ED->244f13ac-34be-4c4e-8e45-0c0272edbbb2: receive RaftClientReply:client-C9E345EC67ED->244f13ac-34be-4c4e-8e45-0c0272edbbb2@group-FE77C852EF02, cid=1515, SUCCESS, logIndex=2134, commits[244f13ac-34be-4c4e-8e45-0c0272edbbb2:c2135, 6287e41a-5356-4f55-84f2-270816d53e84:c2130, a2c18d3d-e79d-47c9-88fe-d8a1d195302b:c2132]
2019-08-23 11:31:33,486 | INFO  | DNAudit | user=null | ip=null | op=WRITE_CHUNK {blockData=conID: 2 locID: 102666069178253807 bcsId: 0} | ret=SUCCESS |  
2019-08-23 11:31:33,486 | INFO  | DNAudit | user=null | ip=null | op=PUT_BLOCK {blockData=[blockId=conID: 2 locID: 102666069178253807 bcsId: 0,size=1048576]} | ret=SUCCESS |  
2019-08-23 11:31:33,486 | INFO  | DNAudit | user=null | ip=null | op=WRITE_CHUNK {blockData=conID: 2 locID: 102666069178253807 bcsId: 0} | ret=SUCCESS |  
2019-08-23 11:31:33,487 | INFO  | DNAudit | user=null | ip=null | op=PUT_BLOCK {blockData=[blockId=conID: 2 locID: 102666069178253807 bcsId: 0,size=2097152]} | ret=SUCCESS |  
2019-08-23 11:31:33,487 [grpc-default-executor-5] INFO  client.GrpcClientProtocolClient (GrpcClientProtocolClient.java:onNext(255)) - client-C9E345EC67ED->244f13ac-34be-4c4e-8e45-0c0272edbbb2: receive RaftClientReply:client-C9E345EC67ED->244f13ac-34be-4c4e-8e45-0c0272edbbb2@group-FE77C852EF02, cid=1516, SUCCESS, logIndex=0, commits[244f13ac-34be-4c4e-8e45-0c0272edbbb2:c2136, 6287e41a-5356-4f55-84f2-270816d53e84:c2132, a2c18d3d-e79d-47c9-88fe-d8a1d195302b:c2132]
2019-08-23 11:31:33,487 | INFO  | DNAudit | user=null | ip=null | op=WRITE_CHUNK {blockData=conID: 2 locID: 102666069178253807 bcsId: 0} | ret=SUCCESS |  
2019-08-23 11:31:33,487 | INFO  | DNAudit | user=null | ip=null | op=PUT_BLOCK {blockData=[blockId=conID: 2 locID: 102666069178253807 bcsId: 0,size=2097152]} | ret=SUCCESS |  
2019-08-23 11:31:33,492 | INFO  | DNAudit | user=null | ip=null | op=WRITE_CHUNK {blockData=conID: 2 locID: 102666069178253807 bcsId: 2134} | ret=SUCCESS |  
2019-08-23 11:31:33,494 | INFO  | DNAudit | user=null | ip=null | op=WRITE_CHUNK {blockData=conID: 2 locID: 102666069178253807 bcsId: 2134} | ret=SUCCESS |  
2019-08-23 11:31:33,494 | INFO  | DNAudit | user=null | ip=null | op=WRITE_CHUNK {blockData=conID: 2 locID: 102666069178253807 bcsId: 2134} | ret=SUCCESS |  
2019-08-23 11:31:33,505 | INFO  | DNAudit | user=null | ip=null | op=WRITE_CHUNK {blockData=conID: 2 locID: 102666069178253807 bcsId: 2134} | ret=SUCCESS |  
2019-08-23 11:31:33,505 | INFO  | DNAudit | user=null | ip=null | op=PUT_BLOCK {blockData=[blockId=conID: 2 locID: 102666069178253807 bcsId: 0,size=3145728]} | ret=SUCCESS |  
2019-08-23 11:31:33,506 [grpc-default-executor-2] INFO  client.GrpcClientProtocolClient (GrpcClientProtocolClient.java:onNext(255)) - client-C9E345EC67ED->244f13ac-34be-4c4e-8e45-0c0272edbbb2: receive RaftClientReply:client-C9E345EC67ED->244f13ac-34be-4c4e-8e45-0c0272edbbb2@group-FE77C852EF02, cid=1517, SUCCESS, logIndex=2139, commits[244f13ac-34be-4c4e-8e45-0c0272edbbb2:c2140, 6287e41a-5356-4f55-84f2-270816d53e84:c2138, a2c18d3d-e79d-47c9-88fe-d8a1d195302b:c2138]
2019-08-23 11:31:33,506 [grpc-default-executor-2] INFO  client.GrpcClientProtocolClient (GrpcClientProtocolClient.java:onNext(255)) - client-C9E345EC67ED->244f13ac-34be-4c4e-8e45-0c0272edbbb2: receive RaftClientReply:client-C9E345EC67ED->244f13ac-34be-4c4e-8e45-0c0272edbbb2@group-FE77C852EF02, cid=1518, SUCCESS, logIndex=2140, commits[244f13ac-34be-4c4e-8e45-0c0272edbbb2:c2140, 6287e41a-5356-4f55-84f2-270816d53e84:c2138, a2c18d3d-e79d-47c9-88fe-d8a1d195302b:c2138]
2019-08-23 11:31:33,511 | INFO  | DNAudit | user=null | ip=null | op=WRITE_CHUNK {blockData=conID: 2 locID: 102666069178253807 bcsId: 2140} | ret=SUCCESS |  
2019-08-23 11:31:33,513 | INFO  | DNAudit | user=null | ip=null | op=WRITE_CHUNK {blockData=conID: 2 locID: 102666069178253807 bcsId: 2140} | ret=SUCCESS |  
2019-08-23 11:31:33,513 | INFO  | DNAudit | user=null | ip=null | op=WRITE_CHUNK {blockData=conID: 2 locID: 102666069178253807 bcsId: 2140} | ret=SUCCESS |  
2019-08-23 11:31:33,516 | INFO  | DNAudit | user=null | ip=null | op=WRITE_CHUNK {blockData=conID: 2 locID: 102666069178253807 bcsId: 2134} | ret=SUCCESS |  
2019-08-23 11:31:33,516 | INFO  | DNAudit | user=null | ip=null | op=WRITE_CHUNK {blockData=conID: 2 locID: 102666069178253807 bcsId: 2134} | ret=SUCCESS |  
2019-08-23 11:31:33,516 | INFO  | DNAudit | user=null | ip=null | op=PUT_BLOCK {blockData=[blockId=conID: 2 locID: 102666069178253807 bcsId: 0,size=3145728]} | ret=SUCCESS |  
2019-08-23 11:31:33,516 | INFO  | DNAudit | user=null | ip=null | op=PUT_BLOCK {blockData=[blockId=conID: 2 locID: 102666069178253807 bcsId: 0,size=3145728]} | ret=SUCCESS |  
2019-08-23 11:31:33,518 | INFO  | DNAudit | user=null | ip=null | op=WRITE_CHUNK {blockData=conID: 2 locID: 102666069178253807 bcsId: 2140} | ret=SUCCESS |  
2019-08-23 11:31:33,518 | INFO  | DNAudit | user=null | ip=null | op=PUT_BLOCK {blockData=[blockId=conID: 2 locID: 102666069178253807 bcsId: 0,size=4194304]} | ret=SUCCESS |  
2019-08-23 11:31:33,519 [grpc-default-executor-5] INFO  client.GrpcClientProtocolClient (GrpcClientProtocolClient.java:onNext(255)) - client-C9E345EC67ED->244f13ac-34be-4c4e-8e45-0c0272edbbb2: receive RaftClientReply:client-C9E345EC67ED->244f13ac-34be-4c4e-8e45-0c0272edbbb2@group-FE77C852EF02, cid=1519, SUCCESS, logIndex=2143, commits[244f13ac-34be-4c4e-8e45-0c0272edbbb2:c2144, 6287e41a-5356-4f55-84f2-270816d53e84:c2140, a2c18d3d-e79d-47c9-88fe-d8a1d195302b:c2140]
2019-08-23 11:31:33,519 [grpc-default-executor-5] INFO  client.GrpcClientProtocolClient (GrpcClientProtocolClient.java:onNext(255)) - client-C9E345EC67ED->244f13ac-34be-4c4e-8e45-0c0272edbbb2: receive RaftClientReply:client-C9E345EC67ED->244f13ac-34be-4c4e-8e45-0c0272edbbb2@group-FE77C852EF02, cid=1520, SUCCESS, logIndex=2144, commits[244f13ac-34be-4c4e-8e45-0c0272edbbb2:c2144, 6287e41a-5356-4f55-84f2-270816d53e84:c2140, a2c18d3d-e79d-47c9-88fe-d8a1d195302b:c2140]
2019-08-23 11:31:33,529 | INFO  | DNAudit | user=null | ip=null | op=WRITE_CHUNK {blockData=conID: 2 locID: 102666069178253807 bcsId: 2140} | ret=SUCCESS |  
2019-08-23 11:31:33,529 | INFO  | DNAudit | user=null | ip=null | op=WRITE_CHUNK {blockData=conID: 2 locID: 102666069178253807 bcsId: 2140} | ret=SUCCESS |  
2019-08-23 11:31:33,530 | INFO  | DNAudit | user=null | ip=null | op=PUT_BLOCK {blockData=[blockId=conID: 2 locID: 102666069178253807 bcsId: 0,size=4194304]} | ret=SUCCESS |  
2019-08-23 11:31:33,530 | INFO  | DNAudit | user=null | ip=null | op=PUT_BLOCK {blockData=[blockId=conID: 2 locID: 102666069178253807 bcsId: 0,size=4194304]} | ret=SUCCESS |  
2019-08-23 11:31:33,531 [grpc-default-executor-5] INFO  client.GrpcClientProtocolClient (GrpcClientProtocolClient.java:onNext(255)) - client-C9E345EC67ED->244f13ac-34be-4c4e-8e45-0c0272edbbb2: receive RaftClientReply:client-C9E345EC67ED->244f13ac-34be-4c4e-8e45-0c0272edbbb2@group-FE77C852EF02, cid=1521, SUCCESS, logIndex=0, commits[244f13ac-34be-4c4e-8e45-0c0272edbbb2:c2146, 6287e41a-5356-4f55-84f2-270816d53e84:c2144, a2c18d3d-e79d-47c9-88fe-d8a1d195302b:c2144]
2019-08-23 11:31:33,534 | INFO  | SCMAudit | user=jenkins1000 | ip=192.168.5.185 | op=ALLOCATE_BLOCK {owner=00a23185-76ea-47b5-a641-ad3cfbe5521a, size=4194304, type=RATIS, factor=THREE} | ret=SUCCESS |  
2019-08-23 11:31:33,536 | INFO  | OMAudit | user=jenkins1000 | ip=127.0.0.1 | op=ALLOCATE_BLOCK {volume=vol-0-37508, bucket=bucket-0-50919, key=key-0-57313, dataSize=0, replicationType=null, replicationFactor=null, keyLocationInfo=null, clientID=102666068570931602} | ret=SUCCESS |  
2019-08-23 11:31:33,542 | INFO  | DNAudit | user=null | ip=null | op=WRITE_CHUNK {blockData=conID: 3 locID: 102666069182644720 bcsId: 0} | ret=SUCCESS |  
2019-08-23 11:31:33,544 | INFO  | DNAudit | user=null | ip=null | op=WRITE_CHUNK {blockData=conID: 3 locID: 102666069182644720 bcsId: 0} | ret=SUCCESS |  
2019-08-23 11:31:33,544 | INFO  | DNAudit | user=null | ip=null | op=WRITE_CHUNK {blockData=conID: 3 locID: 102666069182644720 bcsId: 0} | ret=SUCCESS |  
2019-08-23 11:31:33,544 | INFO  | DNAudit | user=null | ip=null | op=WRITE_CHUNK {blockData=conID: 3 locID: 102666069182644720 bcsId: 0} | ret=SUCCESS |  
2019-08-23 11:31:33,545 | INFO  | DNAudit | user=null | ip=null | op=WRITE_CHUNK {blockData=conID: 3 locID: 102666069182644720 bcsId: 0} | ret=SUCCESS |  
2019-08-23 11:31:33,549 | INFO  | DNAudit | user=null | ip=null | op=WRITE_CHUNK {blockData=conID: 3 locID: 102666069182644720 bcsId: 0} | ret=SUCCESS |  
2019-08-23 11:31:33,555 | INFO  | DNAudit | user=null | ip=null | op=WRITE_CHUNK {blockData=conID: 3 locID: 102666069182644720 bcsId: 0} | ret=SUCCESS |  
2019-08-23 11:31:33,555 | INFO  | DNAudit | user=null | ip=null | op=PUT_BLOCK {blockData=[blockId=conID: 3 locID: 102666069182644720 bcsId: 0,size=1048576]} | ret=SUCCESS |  
2019-08-23 11:31:33,555 [grpc-default-executor-5] INFO  client.GrpcClientProtocolClient (GrpcClientProtocolClient.java:onNext(255)) - client-C9E345EC67ED->244f13ac-34be-4c4e-8e45-0c0272edbbb2: receive RaftClientReply:client-C9E345EC67ED->244f13ac-34be-4c4e-8e45-0c0272edbbb2@group-FE77C852EF02, cid=1522, SUCCESS, logIndex=2147, commits[244f13ac-34be-4c4e-8e45-0c0272edbbb2:c2149, 6287e41a-5356-4f55-84f2-270816d53e84:c2146, a2c18d3d-e79d-47c9-88fe-d8a1d195302b:c2146]
2019-08-23 11:31:33,555 | INFO  | DNAudit | user=null | ip=null | op=WRITE_CHUNK {blockData=conID: 3 locID: 102666069182644720 bcsId: 0} | ret=SUCCESS |  
2019-08-23 11:31:33,555 [grpc-default-executor-5] INFO  client.GrpcClientProtocolClient (GrpcClientProtocolClient.java:onNext(255)) - client-C9E345EC67ED->244f13ac-34be-4c4e-8e45-0c0272edbbb2: receive RaftClientReply:client-C9E345EC67ED->244f13ac-34be-4c4e-8e45-0c0272edbbb2@group-FE77C852EF02, cid=1523, SUCCESS, logIndex=2148, commits[244f13ac-34be-4c4e-8e45-0c0272edbbb2:c2150, 6287e41a-5356-4f55-84f2-270816d53e84:c2146, a2c18d3d-e79d-47c9-88fe-d8a1d195302b:c2146]
2019-08-23 11:31:33,556 | INFO  | DNAudit | user=null | ip=null | op=PUT_BLOCK {blockData=[blockId=conID: 3 locID: 102666069182644720 bcsId: 0,size=2097152]} | ret=SUCCESS |  
2019-08-23 11:31:33,556 [grpc-default-executor-5] INFO  client.GrpcClientProtocolClient (GrpcClientProtocolClient.java:onNext(255)) - client-C9E345EC67ED->244f13ac-34be-4c4e-8e45-0c0272edbbb2: receive RaftClientReply:client-C9E345EC67ED->244f13ac-34be-4c4e-8e45-0c0272edbbb2@group-FE77C852EF02, cid=1524, SUCCESS, logIndex=2149, commits[244f13ac-34be-4c4e-8e45-0c0272edbbb2:c2150, 6287e41a-5356-4f55-84f2-270816d53e84:c2146, a2c18d3d-e79d-47c9-88fe-d8a1d195302b:c2146]
2019-08-23 11:31:33,556 | INFO  | DNAudit | user=null | ip=null | op=WRITE_CHUNK {blockData=conID: 3 locID: 102666069182644720 bcsId: 0} | ret=SUCCESS |  
2019-08-23 11:31:33,556 [grpc-default-executor-5] INFO  client.GrpcClientProtocolClient (GrpcClientProtocolClient.java:onNext(255)) - client-C9E345EC67ED->244f13ac-34be-4c4e-8e45-0c0272edbbb2: receive RaftClientReply:client-C9E345EC67ED->244f13ac-34be-4c4e-8e45-0c0272edbbb2@group-FE77C852EF02, cid=1525, SUCCESS, logIndex=2150, commits[244f13ac-34be-4c4e-8e45-0c0272edbbb2:c2150, 6287e41a-5356-4f55-84f2-270816d53e84:c2146, a2c18d3d-e79d-47c9-88fe-d8a1d195302b:c2146]
2019-08-23 11:31:33,557 | INFO  | SCMAudit | user=jenkins1000 | ip=192.168.5.185 | op=SEND_HEARTBEAT {datanodeUUID=0d166765-8492-4439-8677-f737a7bc54ca, command=[]} | ret=SUCCESS |  
2019-08-23 11:31:33,557 | INFO  | SCMAudit | user=jenkins1000 | ip=192.168.5.185 | op=SEND_HEARTBEAT {datanodeUUID=b2c34899-c5c3-4720-9d95-984efeabf4a7, command=[]} | ret=SUCCESS |  
2019-08-23 11:31:33,557 | INFO  | DNAudit | user=null | ip=null | op=WRITE_CHUNK {blockData=conID: 3 locID: 102666069182644720 bcsId: 0} | ret=SUCCESS |  
2019-08-23 11:31:33,557 | INFO  | DNAudit | user=null | ip=null | op=PUT_BLOCK {blockData=[blockId=conID: 3 locID: 102666069182644720 bcsId: 0,size=1048576]} | ret=SUCCESS |  
2019-08-23 11:31:33,557 | INFO  | DNAudit | user=null | ip=null | op=WRITE_CHUNK {blockData=conID: 3 locID: 102666069182644720 bcsId: 0} | ret=SUCCESS |  
2019-08-23 11:31:33,557 | INFO  | DNAudit | user=null | ip=null | op=PUT_BLOCK {blockData=[blockId=conID: 3 locID: 102666069182644720 bcsId: 0,size=1048576]} | ret=SUCCESS |  
2019-08-23 11:31:33,557 | INFO  | DNAudit | user=null | ip=null | op=WRITE_CHUNK {blockData=conID: 3 locID: 102666069182644720 bcsId: 0} | ret=SUCCESS |  
2019-08-23 11:31:33,558 | INFO  | DNAudit | user=null | ip=null | op=PUT_BLOCK {blockData=[blockId=conID: 3 locID: 102666069182644720 bcsId: 0,size=2097152]} | ret=SUCCESS |  
2019-08-23 11:31:33,558 [grpc-default-executor-2] INFO  client.GrpcClientProtocolClient (GrpcClientProtocolClient.java:onNext(255)) - client-C9E345EC67ED->244f13ac-34be-4c4e-8e45-0c0272edbbb2: receive RaftClientReply:client-C9E345EC67ED->244f13ac-34be-4c4e-8e45-0c0272edbbb2@group-FE77C852EF02, cid=1526, SUCCESS, logIndex=0, commits[244f13ac-34be-4c4e-8e45-0c0272edbbb2:c2153, 6287e41a-5356-4f55-84f2-270816d53e84:c2148, a2c18d3d-e79d-47c9-88fe-d8a1d195302b:c2149]
2019-08-23 11:31:33,558 | INFO  | DNAudit | user=null | ip=null | op=PUT_BLOCK {blockData=[blockId=conID: 3 locID: 102666069182644720 bcsId: 0,size=2097152]} | ret=SUCCESS |  
2019-08-23 11:31:33,563 | INFO  | DNAudit | user=null | ip=null | op=WRITE_CHUNK {blockData=conID: 3 locID: 102666069182644720 bcsId: 2150} | ret=SUCCESS |  
2019-08-23 11:31:33,564 | INFO  | DNAudit | user=null | ip=null | op=WRITE_CHUNK {blockData=conID: 3 locID: 102666069182644720 bcsId: 2150} | ret=SUCCESS |  
2019-08-23 11:31:33,565 | INFO  | DNAudit | user=null | ip=null | op=WRITE_CHUNK {blockData=conID: 3 locID: 102666069182644720 bcsId: 2150} | ret=SUCCESS |  
2019-08-23 11:31:33,576 | INFO  | DNAudit | user=null | ip=null | op=WRITE_CHUNK {blockData=conID: 3 locID: 102666069182644720 bcsId: 2150} | ret=SUCCESS |  
2019-08-23 11:31:33,576 | INFO  | DNAudit | user=null | ip=null | op=PUT_BLOCK {blockData=[blockId=conID: 3 locID: 102666069182644720 bcsId: 0,size=3145728]} | ret=SUCCESS |  
2019-08-23 11:31:33,576 [grpc-default-executor-5] INFO  client.GrpcClientProtocolClient (GrpcClientProtocolClient.java:onNext(255)) - client-C9E345EC67ED->244f13ac-34be-4c4e-8e45-0c0272edbbb2: receive RaftClientReply:client-C9E345EC67ED->244f13ac-34be-4c4e-8e45-0c0272edbbb2@group-FE77C852EF02, cid=1527, SUCCESS, logIndex=2155, commits[244f13ac-34be-4c4e-8e45-0c0272edbbb2:c2156, 6287e41a-5356-4f55-84f2-270816d53e84:c2154, a2c18d3d-e79d-47c9-88fe-d8a1d195302b:c2154]
2019-08-23 11:31:33,577 [grpc-default-executor-5] INFO  client.GrpcClientProtocolClient (GrpcClientProtocolClient.java:onNext(255)) - client-C9E345EC67ED->244f13ac-34be-4c4e-8e45-0c0272edbbb2: receive RaftClientReply:client-C9E345EC67ED->244f13ac-34be-4c4e-8e45-0c0272edbbb2@group-FE77C852EF02, cid=1528, SUCCESS, logIndex=2156, commits[244f13ac-34be-4c4e-8e45-0c0272edbbb2:c2156, 6287e41a-5356-4f55-84f2-270816d53e84:c2154, a2c18d3d-e79d-47c9-88fe-d8a1d195302b:c2154]
2019-08-23 11:31:33,582 | INFO  | DNAudit | user=null | ip=null | op=WRITE_CHUNK {blockData=conID: 3 locID: 102666069182644720 bcsId: 2156} | ret=SUCCESS |  
2019-08-23 11:31:33,583 | INFO  | DNAudit | user=null | ip=null | op=WRITE_CHUNK {blockData=conID: 3 locID: 102666069182644720 bcsId: 2156} | ret=SUCCESS |  
2019-08-23 11:31:33,585 | INFO  | DNAudit | user=null | ip=null | op=WRITE_CHUNK {blockData=conID: 3 locID: 102666069182644720 bcsId: 2156} | ret=SUCCESS |  
2019-08-23 11:31:33,587 | INFO  | DNAudit | user=null | ip=null | op=WRITE_CHUNK {blockData=conID: 3 locID: 102666069182644720 bcsId: 2150} | ret=SUCCESS |  
2019-08-23 11:31:33,587 | INFO  | DNAudit | user=null | ip=null | op=WRITE_CHUNK {blockData=conID: 3 locID: 102666069182644720 bcsId: 2150} | ret=SUCCESS |  
2019-08-23 11:31:33,588 | INFO  | DNAudit | user=null | ip=null | op=PUT_BLOCK {blockData=[blockId=conID: 3 locID: 102666069182644720 bcsId: 0,size=3145728]} | ret=SUCCESS |  
2019-08-23 11:31:33,588 | INFO  | DNAudit | user=null | ip=null | op=PUT_BLOCK {blockData=[blockId=conID: 3 locID: 102666069182644720 bcsId: 0,size=3145728]} | ret=SUCCESS |  
2019-08-23 11:31:33,589 | INFO  | DNAudit | user=null | ip=null | op=WRITE_CHUNK {blockData=conID: 3 locID: 102666069182644720 bcsId: 2156} | ret=SUCCESS |  
2019-08-23 11:31:33,589 | INFO  | DNAudit | user=null | ip=null | op=PUT_BLOCK {blockData=[blockId=conID: 3 locID: 102666069182644720 bcsId: 0,size=4194304]} | ret=SUCCESS |  
2019-08-23 11:31:33,589 [grpc-default-executor-1] INFO  client.GrpcClientProtocolClient (GrpcClientProtocolClient.java:onNext(255)) - client-C9E345EC67ED->244f13ac-34be-4c4e-8e45-0c0272edbbb2: receive RaftClientReply:client-C9E345EC67ED->244f13ac-34be-4c4e-8e45-0c0272edbbb2@group-FE77C852EF02, cid=1529, SUCCESS, logIndex=2159, commits[244f13ac-34be-4c4e-8e45-0c0272edbbb2:c2160, 6287e41a-5356-4f55-84f2-270816d53e84:c2156, a2c18d3d-e79d-47c9-88fe-d8a1d195302b:c2156]
2019-08-23 11:31:33,590 [grpc-default-executor-1] INFO  client.GrpcClientProtocolClient (GrpcClientProtocolClient.java:onNext(255)) - client-C9E345EC67ED->244f13ac-34be-4c4e-8e45-0c0272edbbb2: receive RaftClientReply:client-C9E345EC67ED->244f13ac-34be-4c4e-8e45-0c0272edbbb2@group-FE77C852EF02, cid=1530, SUCCESS, logIndex=2160, commits[244f13ac-34be-4c4e-8e45-0c0272edbbb2:c2160, 6287e41a-5356-4f55-84f2-270816d53e84:c2156, a2c18d3d-e79d-47c9-88fe-d8a1d195302b:c2156]
2019-08-23 11:31:33,600 | INFO  | DNAudit | user=null | ip=null | op=WRITE_CHUNK {blockData=conID: 3 locID: 102666069182644720 bcsId: 2156} | ret=SUCCESS |  
2019-08-23 11:31:33,600 | INFO  | DNAudit | user=null | ip=null | op=WRITE_CHUNK {blockData=conID: 3 locID: 102666069182644720 bcsId: 2156} | ret=SUCCESS |  
2019-08-23 11:31:33,601 | INFO  | DNAudit | user=null | ip=null | op=PUT_BLOCK {blockData=[blockId=conID: 3 locID: 102666069182644720 bcsId: 0,size=4194304]} | ret=SUCCESS |  
2019-08-23 11:31:33,602 | INFO  | DNAudit | user=null | ip=null | op=PUT_BLOCK {blockData=[blockId=conID: 3 locID: 102666069182644720 bcsId: 0,size=4194304]} | ret=SUCCESS |  
2019-08-23 11:31:33,602 [grpc-default-executor-1] INFO  client.GrpcClientProtocolClient (GrpcClientProtocolClient.java:onNext(255)) - client-C9E345EC67ED->244f13ac-34be-4c4e-8e45-0c0272edbbb2: receive RaftClientReply:client-C9E345EC67ED->244f13ac-34be-4c4e-8e45-0c0272edbbb2@group-FE77C852EF02, cid=1531, SUCCESS, logIndex=0, commits[244f13ac-34be-4c4e-8e45-0c0272edbbb2:c2162, 6287e41a-5356-4f55-84f2-270816d53e84:c2160, a2c18d3d-e79d-47c9-88fe-d8a1d195302b:c2160]
2019-08-23 11:31:33,607 | INFO  | SCMAudit | user=jenkins1000 | ip=192.168.5.185 | op=ALLOCATE_BLOCK {owner=00a23185-76ea-47b5-a641-ad3cfbe5521a, size=4194304, type=RATIS, factor=THREE} | ret=SUCCESS |  
2019-08-23 11:31:33,609 | INFO  | OMAudit | user=jenkins1000 | ip=127.0.0.1 | op=ALLOCATE_BLOCK {volume=vol-0-37508, bucket=bucket-0-50919, key=key-0-57313, dataSize=0, replicationType=null, replicationFactor=null, keyLocationInfo=null, clientID=102666068570931602} | ret=SUCCESS |  
2019-08-23 11:31:33,616 | INFO  | DNAudit | user=null | ip=null | op=WRITE_CHUNK {blockData=conID: 1 locID: 102666069187428849 bcsId: 0} | ret=SUCCESS |  
2019-08-23 11:31:33,618 | INFO  | DNAudit | user=null | ip=null | op=WRITE_CHUNK {blockData=conID: 1 locID: 102666069187428849 bcsId: 0} | ret=SUCCESS |  
2019-08-23 11:31:33,618 | INFO  | DNAudit | user=null | ip=null | op=WRITE_CHUNK {blockData=conID: 1 locID: 102666069187428849 bcsId: 0} | ret=SUCCESS |  
2019-08-23 11:31:33,618 | INFO  | DNAudit | user=null | ip=null | op=WRITE_CHUNK {blockData=conID: 1 locID: 102666069187428849 bcsId: 0} | ret=SUCCESS |  
2019-08-23 11:31:33,619 | INFO  | DNAudit | user=null | ip=null | op=WRITE_CHUNK {blockData=conID: 1 locID: 102666069187428849 bcsId: 0} | ret=SUCCESS |  
2019-08-23 11:31:33,620 | INFO  | DNAudit | user=null | ip=null | op=WRITE_CHUNK {blockData=conID: 1 locID: 102666069187428849 bcsId: 0} | ret=SUCCESS |  
2019-08-23 11:31:33,628 | INFO  | DNAudit | user=null | ip=null | op=WRITE_CHUNK {blockData=conID: 1 locID: 102666069187428849 bcsId: 0} | ret=SUCCESS |  
2019-08-23 11:31:33,629 | INFO  | DNAudit | user=null | ip=null | op=PUT_BLOCK {blockData=[blockId=conID: 1 locID: 102666069187428849 bcsId: 0,size=1048576]} | ret=SUCCESS |  
2019-08-23 11:31:33,629 [grpc-default-executor-5] INFO  client.GrpcClientProtocolClient (GrpcClientProtocolClient.java:onNext(255)) - client-C9E345EC67ED->244f13ac-34be-4c4e-8e45-0c0272edbbb2: receive RaftClientReply:client-C9E345EC67ED->244f13ac-34be-4c4e-8e45-0c0272edbbb2@group-FE77C852EF02, cid=1532, SUCCESS, logIndex=2163, commits[244f13ac-34be-4c4e-8e45-0c0272edbbb2:c2165, 6287e41a-5356-4f55-84f2-270816d53e84:c2162, a2c18d3d-e79d-47c9-88fe-d8a1d195302b:c2162]
2019-08-23 11:31:33,629 | INFO  | DNAudit | user=null | ip=null | op=WRITE_CHUNK {blockData=conID: 1 locID: 102666069187428849 bcsId: 0} | ret=SUCCESS |  
2019-08-23 11:31:33,629 [grpc-default-executor-5] INFO  client.GrpcClientProtocolClient (GrpcClientProtocolClient.java:onNext(255)) - client-C9E345EC67ED->244f13ac-34be-4c4e-8e45-0c0272edbbb2: receive RaftClientReply:client-C9E345EC67ED->244f13ac-34be-4c4e-8e45-0c0272edbbb2@group-FE77C852EF02, cid=1533, SUCCESS, logIndex=2164, commits[244f13ac-34be-4c4e-8e45-0c0272edbbb2:c2166, 6287e41a-5356-4f55-84f2-270816d53e84:c2162, a2c18d3d-e79d-47c9-88fe-d8a1d195302b:c2162]
2019-08-23 11:31:33,629 | INFO  | DNAudit | user=null | ip=null | op=PUT_BLOCK {blockData=[blockId=conID: 1 locID: 102666069187428849 bcsId: 0,size=2097152]} | ret=SUCCESS |  
2019-08-23 11:31:33,630 [grpc-default-executor-5] INFO  client.GrpcClientProtocolClient (GrpcClientProtocolClient.java:onNext(255)) - client-C9E345EC67ED->244f13ac-34be-4c4e-8e45-0c0272edbbb2: receive RaftClientReply:client-C9E345EC67ED->244f13ac-34be-4c4e-8e45-0c0272edbbb2@group-FE77C852EF02, cid=1534, SUCCESS, logIndex=2165, commits[244f13ac-34be-4c4e-8e45-0c0272edbbb2:c2166, 6287e41a-5356-4f55-84f2-270816d53e84:c2162, a2c18d3d-e79d-47c9-88fe-d8a1d195302b:c2162]
2019-08-23 11:31:33,630 | INFO  | DNAudit | user=null | ip=null | op=WRITE_CHUNK {blockData=conID: 1 locID: 102666069187428849 bcsId: 0} | ret=SUCCESS |  
2019-08-23 11:31:33,630 | INFO  | DNAudit | user=null | ip=null | op=WRITE_CHUNK {blockData=conID: 1 locID: 102666069187428849 bcsId: 0} | ret=SUCCESS |  
2019-08-23 11:31:33,630 | INFO  | DNAudit | user=null | ip=null | op=PUT_BLOCK {blockData=[blockId=conID: 1 locID: 102666069187428849 bcsId: 0,size=1048576]} | ret=SUCCESS |  
2019-08-23 11:31:33,630 [grpc-default-executor-5] INFO  client.GrpcClientProtocolClient (GrpcClientProtocolClient.java:onNext(255)) - client-C9E345EC67ED->244f13ac-34be-4c4e-8e45-0c0272edbbb2: receive RaftClientReply:client-C9E345EC67ED->244f13ac-34be-4c4e-8e45-0c0272edbbb2@group-FE77C852EF02, cid=1535, SUCCESS, logIndex=2166, commits[244f13ac-34be-4c4e-8e45-0c0272edbbb2:c2166, 6287e41a-5356-4f55-84f2-270816d53e84:c2162, a2c18d3d-e79d-47c9-88fe-d8a1d195302b:c2162]
2019-08-23 11:31:33,630 | INFO  | DNAudit | user=null | ip=null | op=PUT_BLOCK {blockData=[blockId=conID: 1 locID: 102666069187428849 bcsId: 0,size=1048576]} | ret=SUCCESS |  
2019-08-23 11:31:33,631 [grpc-default-executor-5] INFO  client.GrpcClientProtocolClient (GrpcClientProtocolClient.java:onNext(255)) - client-C9E345EC67ED->244f13ac-34be-4c4e-8e45-0c0272edbbb2: receive RaftClientReply:client-C9E345EC67ED->244f13ac-34be-4c4e-8e45-0c0272edbbb2@group-FE77C852EF02, cid=1536, SUCCESS, logIndex=0, commits[244f13ac-34be-4c4e-8e45-0c0272edbbb2:c2168, 6287e41a-5356-4f55-84f2-270816d53e84:c2164, a2c18d3d-e79d-47c9-88fe-d8a1d195302b:c2164]
2019-08-23 11:31:33,631 | INFO  | DNAudit | user=null | ip=null | op=WRITE_CHUNK {blockData=conID: 1 locID: 102666069187428849 bcsId: 0} | ret=SUCCESS |  
2019-08-23 11:31:33,631 | INFO  | DNAudit | user=null | ip=null | op=PUT_BLOCK {blockData=[blockId=conID: 1 locID: 102666069187428849 bcsId: 0,size=2097152]} | ret=SUCCESS |  
2019-08-23 11:31:33,632 | INFO  | DNAudit | user=null | ip=null | op=WRITE_CHUNK {blockData=conID: 1 locID: 102666069187428849 bcsId: 0} | ret=SUCCESS |  
2019-08-23 11:31:33,632 | INFO  | DNAudit | user=null | ip=null | op=PUT_BLOCK {blockData=[blockId=conID: 1 locID: 102666069187428849 bcsId: 0,size=2097152]} | ret=SUCCESS |  
2019-08-23 11:31:33,637 | INFO  | DNAudit | user=null | ip=null | op=WRITE_CHUNK {blockData=conID: 1 locID: 102666069187428849 bcsId: 2166} | ret=SUCCESS |  
2019-08-23 11:31:33,638 | INFO  | DNAudit | user=null | ip=null | op=WRITE_CHUNK {blockData=conID: 1 locID: 102666069187428849 bcsId: 2166} | ret=SUCCESS |  
2019-08-23 11:31:33,638 | INFO  | DNAudit | user=null | ip=null | op=WRITE_CHUNK {blockData=conID: 1 locID: 102666069187428849 bcsId: 2166} | ret=SUCCESS |  
2019-08-23 11:31:33,649 | INFO  | DNAudit | user=null | ip=null | op=WRITE_CHUNK {blockData=conID: 1 locID: 102666069187428849 bcsId: 2166} | ret=SUCCESS |  
2019-08-23 11:31:33,650 | INFO  | DNAudit | user=null | ip=null | op=PUT_BLOCK {blockData=[blockId=conID: 1 locID: 102666069187428849 bcsId: 0,size=3145728]} | ret=SUCCESS |  
2019-08-23 11:31:33,650 [grpc-default-executor-2] INFO  client.GrpcClientProtocolClient (GrpcClientProtocolClient.java:onNext(255)) - client-C9E345EC67ED->244f13ac-34be-4c4e-8e45-0c0272edbbb2: receive RaftClientReply:client-C9E345EC67ED->244f13ac-34be-4c4e-8e45-0c0272edbbb2@group-FE77C852EF02, cid=1537, SUCCESS, logIndex=2171, commits[244f13ac-34be-4c4e-8e45-0c0272edbbb2:c2172, 6287e41a-5356-4f55-84f2-270816d53e84:c2170, a2c18d3d-e79d-47c9-88fe-d8a1d195302b:c2170]
2019-08-23 11:31:33,650 [grpc-default-executor-2] INFO  client.GrpcClientProtocolClient (GrpcClientProtocolClient.java:onNext(255)) - client-C9E345EC67ED->244f13ac-34be-4c4e-8e45-0c0272edbbb2: receive RaftClientReply:client-C9E345EC67ED->244f13ac-34be-4c4e-8e45-0c0272edbbb2@group-FE77C852EF02, cid=1538, SUCCESS, logIndex=2172, commits[244f13ac-34be-4c4e-8e45-0c0272edbbb2:c2172, 6287e41a-5356-4f55-84f2-270816d53e84:c2170, a2c18d3d-e79d-47c9-88fe-d8a1d195302b:c2170]
2019-08-23 11:31:33,655 | INFO  | DNAudit | user=null | ip=null | op=WRITE_CHUNK {blockData=conID: 1 locID: 102666069187428849 bcsId: 2172} | ret=SUCCESS |  
2019-08-23 11:31:33,657 | INFO  | DNAudit | user=null | ip=null | op=WRITE_CHUNK {blockData=conID: 1 locID: 102666069187428849 bcsId: 2172} | ret=SUCCESS |  
2019-08-23 11:31:33,657 | INFO  | DNAudit | user=null | ip=null | op=WRITE_CHUNK {blockData=conID: 1 locID: 102666069187428849 bcsId: 2172} | ret=SUCCESS |  
2019-08-23 11:31:33,661 | INFO  | DNAudit | user=null | ip=null | op=WRITE_CHUNK {blockData=conID: 1 locID: 102666069187428849 bcsId: 2166} | ret=SUCCESS |  
2019-08-23 11:31:33,661 | INFO  | DNAudit | user=null | ip=null | op=WRITE_CHUNK {blockData=conID: 1 locID: 102666069187428849 bcsId: 2166} | ret=SUCCESS |  
2019-08-23 11:31:33,662 | INFO  | DNAudit | user=null | ip=null | op=PUT_BLOCK {blockData=[blockId=conID: 1 locID: 102666069187428849 bcsId: 0,size=3145728]} | ret=SUCCESS |  
2019-08-23 11:31:33,662 | INFO  | DNAudit | user=null | ip=null | op=PUT_BLOCK {blockData=[blockId=conID: 1 locID: 102666069187428849 bcsId: 0,size=3145728]} | ret=SUCCESS |  
2019-08-23 11:31:33,663 | INFO  | DNAudit | user=null | ip=null | op=WRITE_CHUNK {blockData=conID: 1 locID: 102666069187428849 bcsId: 2172} | ret=SUCCESS |  
2019-08-23 11:31:33,663 | INFO  | DNAudit | user=null | ip=null | op=PUT_BLOCK {blockData=[blockId=conID: 1 locID: 102666069187428849 bcsId: 0,size=4194304]} | ret=SUCCESS |  
2019-08-23 11:31:33,663 [grpc-default-executor-1] INFO  client.GrpcClientProtocolClient (GrpcClientProtocolClient.java:onNext(255)) - client-C9E345EC67ED->244f13ac-34be-4c4e-8e45-0c0272edbbb2: receive RaftClientReply:client-C9E345EC67ED->244f13ac-34be-4c4e-8e45-0c0272edbbb2@group-FE77C852EF02, cid=1539, SUCCESS, logIndex=2175, commits[244f13ac-34be-4c4e-8e45-0c0272edbbb2:c2176, 6287e41a-5356-4f55-84f2-270816d53e84:c2172, a2c18d3d-e79d-47c9-88fe-d8a1d195302b:c2172]
2019-08-23 11:31:33,664 [grpc-default-executor-1] INFO  client.GrpcClientProtocolClient (GrpcClientProtocolClient.java:onNext(255)) - client-C9E345EC67ED->244f13ac-34be-4c4e-8e45-0c0272edbbb2: receive RaftClientReply:client-C9E345EC67ED->244f13ac-34be-4c4e-8e45-0c0272edbbb2@group-FE77C852EF02, cid=1540, SUCCESS, logIndex=2176, commits[244f13ac-34be-4c4e-8e45-0c0272edbbb2:c2176, 6287e41a-5356-4f55-84f2-270816d53e84:c2172, a2c18d3d-e79d-47c9-88fe-d8a1d195302b:c2172]
2019-08-23 11:31:33,672 | INFO  | DNAudit | user=null | ip=null | op=WRITE_CHUNK {blockData=conID: 1 locID: 102666069187428849 bcsId: 2172} | ret=SUCCESS |  
2019-08-23 11:31:33,672 | INFO  | DNAudit | user=null | ip=null | op=WRITE_CHUNK {blockData=conID: 1 locID: 102666069187428849 bcsId: 2172} | ret=SUCCESS |  
2019-08-23 11:31:33,674 | INFO  | DNAudit | user=null | ip=null | op=PUT_BLOCK {blockData=[blockId=conID: 1 locID: 102666069187428849 bcsId: 0,size=4194304]} | ret=SUCCESS |  
2019-08-23 11:31:33,674 | INFO  | DNAudit | user=null | ip=null | op=PUT_BLOCK {blockData=[blockId=conID: 1 locID: 102666069187428849 bcsId: 0,size=4194304]} | ret=SUCCESS |  
2019-08-23 11:31:33,674 [grpc-default-executor-1] INFO  client.GrpcClientProtocolClient (GrpcClientProtocolClient.java:onNext(255)) - client-C9E345EC67ED->244f13ac-34be-4c4e-8e45-0c0272edbbb2: receive RaftClientReply:client-C9E345EC67ED->244f13ac-34be-4c4e-8e45-0c0272edbbb2@group-FE77C852EF02, cid=1541, SUCCESS, logIndex=0, commits[244f13ac-34be-4c4e-8e45-0c0272edbbb2:c2178, 6287e41a-5356-4f55-84f2-270816d53e84:c2176, a2c18d3d-e79d-47c9-88fe-d8a1d195302b:c2176]
2019-08-23 11:31:33,677 | INFO  | SCMAudit | user=jenkins1000 | ip=192.168.5.185 | op=ALLOCATE_BLOCK {owner=00a23185-76ea-47b5-a641-ad3cfbe5521a, size=4194304, type=RATIS, factor=THREE} | ret=SUCCESS |  
2019-08-23 11:31:33,679 | INFO  | OMAudit | user=jenkins1000 | ip=127.0.0.1 | op=ALLOCATE_BLOCK {volume=vol-0-37508, bucket=bucket-0-50919, key=key-0-57313, dataSize=0, replicationType=null, replicationFactor=null, keyLocationInfo=null, clientID=102666068570931602} | ret=SUCCESS |  
2019-08-23 11:31:33,684 | INFO  | DNAudit | user=null | ip=null | op=WRITE_CHUNK {blockData=conID: 2 locID: 102666069192016370 bcsId: 0} | ret=SUCCESS |  
2019-08-23 11:31:33,687 | INFO  | DNAudit | user=null | ip=null | op=WRITE_CHUNK {blockData=conID: 2 locID: 102666069192016370 bcsId: 0} | ret=SUCCESS |  
2019-08-23 11:31:33,687 | INFO  | DNAudit | user=null | ip=null | op=WRITE_CHUNK {blockData=conID: 2 locID: 102666069192016370 bcsId: 0} | ret=SUCCESS |  
2019-08-23 11:31:33,687 | INFO  | DNAudit | user=null | ip=null | op=WRITE_CHUNK {blockData=conID: 2 locID: 102666069192016370 bcsId: 0} | ret=SUCCESS |  
2019-08-23 11:31:33,688 | INFO  | DNAudit | user=null | ip=null | op=WRITE_CHUNK {blockData=conID: 2 locID: 102666069192016370 bcsId: 0} | ret=SUCCESS |  
2019-08-23 11:31:33,688 | INFO  | DNAudit | user=null | ip=null | op=WRITE_CHUNK {blockData=conID: 2 locID: 102666069192016370 bcsId: 0} | ret=SUCCESS |  
2019-08-23 11:31:33,695 | INFO  | DNAudit | user=null | ip=null | op=WRITE_CHUNK {blockData=conID: 2 locID: 102666069192016370 bcsId: 0} | ret=SUCCESS |  
2019-08-23 11:31:33,696 | INFO  | DNAudit | user=null | ip=null | op=PUT_BLOCK {blockData=[blockId=conID: 2 locID: 102666069192016370 bcsId: 0,size=1048576]} | ret=SUCCESS |  
2019-08-23 11:31:33,696 [grpc-default-executor-5] INFO  client.GrpcClientProtocolClient (GrpcClientProtocolClient.java:onNext(255)) - client-C9E345EC67ED->244f13ac-34be-4c4e-8e45-0c0272edbbb2: receive RaftClientReply:client-C9E345EC67ED->244f13ac-34be-4c4e-8e45-0c0272edbbb2@group-FE77C852EF02, cid=1542, SUCCESS, logIndex=2179, commits[244f13ac-34be-4c4e-8e45-0c0272edbbb2:c2180, 6287e41a-5356-4f55-84f2-270816d53e84:c2178, a2c18d3d-e79d-47c9-88fe-d8a1d195302b:c2178]
2019-08-23 11:31:33,696 | INFO  | DNAudit | user=null | ip=null | op=WRITE_CHUNK {blockData=conID: 2 locID: 102666069192016370 bcsId: 0} | ret=SUCCESS |  
2019-08-23 11:31:33,697 [grpc-default-executor-5] INFO  client.GrpcClientProtocolClient (GrpcClientProtocolClient.java:onNext(255)) - client-C9E345EC67ED->244f13ac-34be-4c4e-8e45-0c0272edbbb2: receive RaftClientReply:client-C9E345EC67ED->244f13ac-34be-4c4e-8e45-0c0272edbbb2@group-FE77C852EF02, cid=1543, SUCCESS, logIndex=2180, commits[244f13ac-34be-4c4e-8e45-0c0272edbbb2:c2182, 6287e41a-5356-4f55-84f2-270816d53e84:c2178, a2c18d3d-e79d-47c9-88fe-d8a1d195302b:c2178]
2019-08-23 11:31:33,697 | INFO  | DNAudit | user=null | ip=null | op=PUT_BLOCK {blockData=[blockId=conID: 2 locID: 102666069192016370 bcsId: 0,size=2097152]} | ret=SUCCESS |  
2019-08-23 11:31:33,697 [grpc-default-executor-5] INFO  client.GrpcClientProtocolClient (GrpcClientProtocolClient.java:onNext(255)) - client-C9E345EC67ED->244f13ac-34be-4c4e-8e45-0c0272edbbb2: receive RaftClientReply:client-C9E345EC67ED->244f13ac-34be-4c4e-8e45-0c0272edbbb2@group-FE77C852EF02, cid=1544, SUCCESS, logIndex=2181, commits[244f13ac-34be-4c4e-8e45-0c0272edbbb2:c2182, 6287e41a-5356-4f55-84f2-270816d53e84:c2178, a2c18d3d-e79d-47c9-88fe-d8a1d195302b:c2178]
2019-08-23 11:31:33,697 | INFO  | DNAudit | user=null | ip=null | op=WRITE_CHUNK {blockData=conID: 2 locID: 102666069192016370 bcsId: 0} | ret=SUCCESS |  
2019-08-23 11:31:33,697 | INFO  | DNAudit | user=null | ip=null | op=WRITE_CHUNK {blockData=conID: 2 locID: 102666069192016370 bcsId: 0} | ret=SUCCESS |  
2019-08-23 11:31:33,697 | INFO  | DNAudit | user=null | ip=null | op=PUT_BLOCK {blockData=[blockId=conID: 2 locID: 102666069192016370 bcsId: 0,size=1048576]} | ret=SUCCESS |  
2019-08-23 11:31:33,697 [grpc-default-executor-1] INFO  client.GrpcClientProtocolClient (GrpcClientProtocolClient.java:onNext(255)) - client-C9E345EC67ED->244f13ac-34be-4c4e-8e45-0c0272edbbb2: receive RaftClientReply:client-C9E345EC67ED->244f13ac-34be-4c4e-8e45-0c0272edbbb2@group-FE77C852EF02, cid=1545, SUCCESS, logIndex=2182, commits[244f13ac-34be-4c4e-8e45-0c0272edbbb2:c2182, 6287e41a-5356-4f55-84f2-270816d53e84:c2178, a2c18d3d-e79d-47c9-88fe-d8a1d195302b:c2178]
2019-08-23 11:31:33,698 | INFO  | DNAudit | user=null | ip=null | op=PUT_BLOCK {blockData=[blockId=conID: 2 locID: 102666069192016370 bcsId: 0,size=1048576]} | ret=SUCCESS |  
2019-08-23 11:31:33,698 | INFO  | DNAudit | user=null | ip=null | op=WRITE_CHUNK {blockData=conID: 2 locID: 102666069192016370 bcsId: 0} | ret=SUCCESS |  
2019-08-23 11:31:33,699 | INFO  | DNAudit | user=null | ip=null | op=WRITE_CHUNK {blockData=conID: 2 locID: 102666069192016370 bcsId: 0} | ret=SUCCESS |  
2019-08-23 11:31:33,699 | INFO  | DNAudit | user=null | ip=null | op=PUT_BLOCK {blockData=[blockId=conID: 2 locID: 102666069192016370 bcsId: 0,size=2097152]} | ret=SUCCESS |  
2019-08-23 11:31:33,699 | INFO  | DNAudit | user=null | ip=null | op=PUT_BLOCK {blockData=[blockId=conID: 2 locID: 102666069192016370 bcsId: 0,size=2097152]} | ret=SUCCESS |  
2019-08-23 11:31:33,699 [grpc-default-executor-5] INFO  client.GrpcClientProtocolClient (GrpcClientProtocolClient.java:onNext(255)) - client-C9E345EC67ED->244f13ac-34be-4c4e-8e45-0c0272edbbb2: receive RaftClientReply:client-C9E345EC67ED->244f13ac-34be-4c4e-8e45-0c0272edbbb2@group-FE77C852EF02, cid=1546, SUCCESS, logIndex=0, commits[244f13ac-34be-4c4e-8e45-0c0272edbbb2:c2184, 6287e41a-5356-4f55-84f2-270816d53e84:c2180, a2c18d3d-e79d-47c9-88fe-d8a1d195302b:c2180]
2019-08-23 11:31:33,704 | INFO  | DNAudit | user=null | ip=null | op=WRITE_CHUNK {blockData=conID: 2 locID: 102666069192016370 bcsId: 2182} | ret=SUCCESS |  
2019-08-23 11:31:33,706 | INFO  | DNAudit | user=null | ip=null | op=WRITE_CHUNK {blockData=conID: 2 locID: 102666069192016370 bcsId: 2182} | ret=SUCCESS |  
2019-08-23 11:31:33,706 | INFO  | DNAudit | user=null | ip=null | op=WRITE_CHUNK {blockData=conID: 2 locID: 102666069192016370 bcsId: 2182} | ret=SUCCESS |  
2019-08-23 11:31:33,715 | INFO  | DNAudit | user=null | ip=null | op=WRITE_CHUNK {blockData=conID: 2 locID: 102666069192016370 bcsId: 2182} | ret=SUCCESS |  
2019-08-23 11:31:33,715 | INFO  | DNAudit | user=null | ip=null | op=PUT_BLOCK {blockData=[blockId=conID: 2 locID: 102666069192016370 bcsId: 0,size=3145728]} | ret=SUCCESS |  
2019-08-23 11:31:33,715 [grpc-default-executor-5] INFO  client.GrpcClientProtocolClient (GrpcClientProtocolClient.java:onNext(255)) - client-C9E345EC67ED->244f13ac-34be-4c4e-8e45-0c0272edbbb2: receive RaftClientReply:client-C9E345EC67ED->244f13ac-34be-4c4e-8e45-0c0272edbbb2@group-FE77C852EF02, cid=1547, SUCCESS, logIndex=2187, commits[244f13ac-34be-4c4e-8e45-0c0272edbbb2:c2188, 6287e41a-5356-4f55-84f2-270816d53e84:c2186, a2c18d3d-e79d-47c9-88fe-d8a1d195302b:c2186]
2019-08-23 11:31:33,716 [grpc-default-executor-5] INFO  client.GrpcClientProtocolClient (GrpcClientProtocolClient.java:onNext(255)) - client-C9E345EC67ED->244f13ac-34be-4c4e-8e45-0c0272edbbb2: receive RaftClientReply:client-C9E345EC67ED->244f13ac-34be-4c4e-8e45-0c0272edbbb2@group-FE77C852EF02, cid=1548, SUCCESS, logIndex=2188, commits[244f13ac-34be-4c4e-8e45-0c0272edbbb2:c2188, 6287e41a-5356-4f55-84f2-270816d53e84:c2186, a2c18d3d-e79d-47c9-88fe-d8a1d195302b:c2186]
2019-08-23 11:31:33,721 | INFO  | DNAudit | user=null | ip=null | op=WRITE_CHUNK {blockData=conID: 2 locID: 102666069192016370 bcsId: 2188} | ret=SUCCESS |  
2019-08-23 11:31:33,723 | INFO  | DNAudit | user=null | ip=null | op=WRITE_CHUNK {blockData=conID: 2 locID: 102666069192016370 bcsId: 2188} | ret=SUCCESS |  
2019-08-23 11:31:33,726 | INFO  | DNAudit | user=null | ip=null | op=WRITE_CHUNK {blockData=conID: 2 locID: 102666069192016370 bcsId: 2188} | ret=SUCCESS |  
2019-08-23 11:31:33,734 | INFO  | DNAudit | user=null | ip=null | op=WRITE_CHUNK {blockData=conID: 2 locID: 102666069192016370 bcsId: 2182} | ret=SUCCESS |  
2019-08-23 11:31:33,734 | INFO  | DNAudit | user=null | ip=null | op=WRITE_CHUNK {blockData=conID: 2 locID: 102666069192016370 bcsId: 2182} | ret=SUCCESS |  
2019-08-23 11:31:33,734 | INFO  | DNAudit | user=null | ip=null | op=PUT_BLOCK {blockData=[blockId=conID: 2 locID: 102666069192016370 bcsId: 0,size=3145728]} | ret=SUCCESS |  
2019-08-23 11:31:33,734 | INFO  | DNAudit | user=null | ip=null | op=PUT_BLOCK {blockData=[blockId=conID: 2 locID: 102666069192016370 bcsId: 0,size=3145728]} | ret=SUCCESS |  
2019-08-23 11:31:33,735 | INFO  | DNAudit | user=null | ip=null | op=WRITE_CHUNK {blockData=conID: 2 locID: 102666069192016370 bcsId: 2188} | ret=SUCCESS |  
2019-08-23 11:31:33,736 | INFO  | DNAudit | user=null | ip=null | op=PUT_BLOCK {blockData=[blockId=conID: 2 locID: 102666069192016370 bcsId: 0,size=4194304]} | ret=SUCCESS |  
2019-08-23 11:31:33,736 [grpc-default-executor-2] INFO  client.GrpcClientProtocolClient (GrpcClientProtocolClient.java:onNext(255)) - client-C9E345EC67ED->244f13ac-34be-4c4e-8e45-0c0272edbbb2: receive RaftClientReply:client-C9E345EC67ED->244f13ac-34be-4c4e-8e45-0c0272edbbb2@group-FE77C852EF02, cid=1549, SUCCESS, logIndex=2191, commits[244f13ac-34be-4c4e-8e45-0c0272edbbb2:c2192, 6287e41a-5356-4f55-84f2-270816d53e84:c2188, a2c18d3d-e79d-47c9-88fe-d8a1d195302b:c2188]
2019-08-23 11:31:33,736 [grpc-default-executor-2] INFO  client.GrpcClientProtocolClient (GrpcClientProtocolClient.java:onNext(255)) - client-C9E345EC67ED->244f13ac-34be-4c4e-8e45-0c0272edbbb2: receive RaftClientReply:client-C9E345EC67ED->244f13ac-34be-4c4e-8e45-0c0272edbbb2@group-FE77C852EF02, cid=1550, SUCCESS, logIndex=2192, commits[244f13ac-34be-4c4e-8e45-0c0272edbbb2:c2192, 6287e41a-5356-4f55-84f2-270816d53e84:c2188, a2c18d3d-e79d-47c9-88fe-d8a1d195302b:c2188]
2019-08-23 11:31:33,747 | INFO  | DNAudit | user=null | ip=null | op=WRITE_CHUNK {blockData=conID: 2 locID: 102666069192016370 bcsId: 2188} | ret=SUCCESS |  
2019-08-23 11:31:33,747 | INFO  | DNAudit | user=null | ip=null | op=WRITE_CHUNK {blockData=conID: 2 locID: 102666069192016370 bcsId: 2188} | ret=SUCCESS |  
2019-08-23 11:31:33,748 | INFO  | DNAudit | user=null | ip=null | op=PUT_BLOCK {blockData=[blockId=conID: 2 locID: 102666069192016370 bcsId: 0,size=4194304]} | ret=SUCCESS |  
2019-08-23 11:31:33,748 | INFO  | DNAudit | user=null | ip=null | op=PUT_BLOCK {blockData=[blockId=conID: 2 locID: 102666069192016370 bcsId: 0,size=4194304]} | ret=SUCCESS |  
2019-08-23 11:31:33,749 [grpc-default-executor-2] INFO  client.GrpcClientProtocolClient (GrpcClientProtocolClient.java:onNext(255)) - client-C9E345EC67ED->244f13ac-34be-4c4e-8e45-0c0272edbbb2: receive RaftClientReply:client-C9E345EC67ED->244f13ac-34be-4c4e-8e45-0c0272edbbb2@group-FE77C852EF02, cid=1551, SUCCESS, logIndex=0, commits[244f13ac-34be-4c4e-8e45-0c0272edbbb2:c2194, 6287e41a-5356-4f55-84f2-270816d53e84:c2192, a2c18d3d-e79d-47c9-88fe-d8a1d195302b:c2192]
2019-08-23 11:31:33,850 | INFO  | SCMAudit | user=jenkins1000 | ip=192.168.5.185 | op=ALLOCATE_BLOCK {owner=00a23185-76ea-47b5-a641-ad3cfbe5521a, size=4194304, type=RATIS, factor=THREE} | ret=SUCCESS |  
2019-08-23 11:31:33,854 | INFO  | OMAudit | user=jenkins1000 | ip=127.0.0.1 | op=ALLOCATE_BLOCK {volume=vol-0-37508, bucket=bucket-0-50919, key=key-0-57313, dataSize=0, replicationType=null, replicationFactor=null, keyLocationInfo=null, clientID=102666068570931602} | ret=SUCCESS |  
2019-08-23 11:31:33,862 | INFO  | DNAudit | user=null | ip=null | op=WRITE_CHUNK {blockData=conID: 3 locID: 102666069203354099 bcsId: 0} | ret=SUCCESS |  
2019-08-23 11:31:33,864 | INFO  | DNAudit | user=null | ip=null | op=WRITE_CHUNK {blockData=conID: 3 locID: 102666069203354099 bcsId: 0} | ret=SUCCESS |  
2019-08-23 11:31:33,866 | INFO  | DNAudit | user=null | ip=null | op=WRITE_CHUNK {blockData=conID: 3 locID: 102666069203354099 bcsId: 0} | ret=SUCCESS |  
2019-08-23 11:31:33,866 | INFO  | DNAudit | user=null | ip=null | op=WRITE_CHUNK {blockData=conID: 3 locID: 102666069203354099 bcsId: 0} | ret=SUCCESS |  
2019-08-23 11:31:33,868 | INFO  | DNAudit | user=null | ip=null | op=WRITE_CHUNK {blockData=conID: 3 locID: 102666069203354099 bcsId: 0} | ret=SUCCESS |  
2019-08-23 11:31:33,869 | INFO  | DNAudit | user=null | ip=null | op=WRITE_CHUNK {blockData=conID: 3 locID: 102666069203354099 bcsId: 0} | ret=SUCCESS |  
2019-08-23 11:31:33,875 | INFO  | DNAudit | user=null | ip=null | op=WRITE_CHUNK {blockData=conID: 3 locID: 102666069203354099 bcsId: 0} | ret=SUCCESS |  
2019-08-23 11:31:33,875 | INFO  | DNAudit | user=null | ip=null | op=PUT_BLOCK {blockData=[blockId=conID: 3 locID: 102666069203354099 bcsId: 0,size=1048576]} | ret=SUCCESS |  
2019-08-23 11:31:33,876 | INFO  | DNAudit | user=null | ip=null | op=WRITE_CHUNK {blockData=conID: 3 locID: 102666069203354099 bcsId: 0} | ret=SUCCESS |  
2019-08-23 11:31:33,876 [grpc-default-executor-2] INFO  client.GrpcClientProtocolClient (GrpcClientProtocolClient.java:onNext(255)) - client-C9E345EC67ED->244f13ac-34be-4c4e-8e45-0c0272edbbb2: receive RaftClientReply:client-C9E345EC67ED->244f13ac-34be-4c4e-8e45-0c0272edbbb2@group-FE77C852EF02, cid=1552, SUCCESS, logIndex=2195, commits[244f13ac-34be-4c4e-8e45-0c0272edbbb2:c2196, 6287e41a-5356-4f55-84f2-270816d53e84:c2194, a2c18d3d-e79d-47c9-88fe-d8a1d195302b:c2194]
2019-08-23 11:31:33,876 | INFO  | DNAudit | user=null | ip=null | op=PUT_BLOCK {blockData=[blockId=conID: 3 locID: 102666069203354099 bcsId: 0,size=2097152]} | ret=SUCCESS |  
2019-08-23 11:31:33,876 [grpc-default-executor-5] INFO  client.GrpcClientProtocolClient (GrpcClientProtocolClient.java:onNext(255)) - client-C9E345EC67ED->244f13ac-34be-4c4e-8e45-0c0272edbbb2: receive RaftClientReply:client-C9E345EC67ED->244f13ac-34be-4c4e-8e45-0c0272edbbb2@group-FE77C852EF02, cid=1553, SUCCESS, logIndex=2196, commits[244f13ac-34be-4c4e-8e45-0c0272edbbb2:c2197, 6287e41a-5356-4f55-84f2-270816d53e84:c2194, a2c18d3d-e79d-47c9-88fe-d8a1d195302b:c2194]
2019-08-23 11:31:33,876 [grpc-default-executor-5] INFO  client.GrpcClientProtocolClient (GrpcClientProtocolClient.java:onNext(255)) - client-C9E345EC67ED->244f13ac-34be-4c4e-8e45-0c0272edbbb2: receive RaftClientReply:client-C9E345EC67ED->244f13ac-34be-4c4e-8e45-0c0272edbbb2@group-FE77C852EF02, cid=1554, SUCCESS, logIndex=2197, commits[244f13ac-34be-4c4e-8e45-0c0272edbbb2:c2198, 6287e41a-5356-4f55-84f2-270816d53e84:c2194, a2c18d3d-e79d-47c9-88fe-d8a1d195302b:c2194]
2019-08-23 11:31:33,877 | INFO  | DNAudit | user=null | ip=null | op=WRITE_CHUNK {blockData=conID: 3 locID: 102666069203354099 bcsId: 0} | ret=SUCCESS |  
2019-08-23 11:31:33,877 | INFO  | DNAudit | user=null | ip=null | op=PUT_BLOCK {blockData=[blockId=conID: 3 locID: 102666069203354099 bcsId: 0,size=1048576]} | ret=SUCCESS |  
2019-08-23 11:31:33,877 [grpc-default-executor-5] INFO  client.GrpcClientProtocolClient (GrpcClientProtocolClient.java:onNext(255)) - client-C9E345EC67ED->244f13ac-34be-4c4e-8e45-0c0272edbbb2: receive RaftClientReply:client-C9E345EC67ED->244f13ac-34be-4c4e-8e45-0c0272edbbb2@group-FE77C852EF02, cid=1555, SUCCESS, logIndex=2198, commits[244f13ac-34be-4c4e-8e45-0c0272edbbb2:c2198, 6287e41a-5356-4f55-84f2-270816d53e84:c2194, a2c18d3d-e79d-47c9-88fe-d8a1d195302b:c2194]
2019-08-23 11:31:33,877 | INFO  | DNAudit | user=null | ip=null | op=WRITE_CHUNK {blockData=conID: 3 locID: 102666069203354099 bcsId: 0} | ret=SUCCESS |  
2019-08-23 11:31:33,877 | INFO  | DNAudit | user=null | ip=null | op=PUT_BLOCK {blockData=[blockId=conID: 3 locID: 102666069203354099 bcsId: 0,size=1048576]} | ret=SUCCESS |  
2019-08-23 11:31:33,878 | INFO  | DNAudit | user=null | ip=null | op=WRITE_CHUNK {blockData=conID: 3 locID: 102666069203354099 bcsId: 0} | ret=SUCCESS |  
2019-08-23 11:31:33,878 [grpc-default-executor-2] INFO  client.GrpcClientProtocolClient (GrpcClientProtocolClient.java:onNext(255)) - client-C9E345EC67ED->244f13ac-34be-4c4e-8e45-0c0272edbbb2: receive RaftClientReply:client-C9E345EC67ED->244f13ac-34be-4c4e-8e45-0c0272edbbb2@group-FE77C852EF02, cid=1556, SUCCESS, logIndex=0, commits[244f13ac-34be-4c4e-8e45-0c0272edbbb2:c2200, 6287e41a-5356-4f55-84f2-270816d53e84:c2196, a2c18d3d-e79d-47c9-88fe-d8a1d195302b:c2196]
2019-08-23 11:31:33,878 | INFO  | DNAudit | user=null | ip=null | op=WRITE_CHUNK {blockData=conID: 3 locID: 102666069203354099 bcsId: 0} | ret=SUCCESS |  
2019-08-23 11:31:33,878 | INFO  | DNAudit | user=null | ip=null | op=PUT_BLOCK {blockData=[blockId=conID: 3 locID: 102666069203354099 bcsId: 0,size=2097152]} | ret=SUCCESS |  
2019-08-23 11:31:33,879 | INFO  | DNAudit | user=null | ip=null | op=PUT_BLOCK {blockData=[blockId=conID: 3 locID: 102666069203354099 bcsId: 0,size=2097152]} | ret=SUCCESS |  
2019-08-23 11:31:33,885 | INFO  | DNAudit | user=null | ip=null | op=WRITE_CHUNK {blockData=conID: 3 locID: 102666069203354099 bcsId: 2198} | ret=SUCCESS |  
2019-08-23 11:31:33,886 | INFO  | DNAudit | user=null | ip=null | op=WRITE_CHUNK {blockData=conID: 3 locID: 102666069203354099 bcsId: 2198} | ret=SUCCESS |  
2019-08-23 11:31:33,887 | INFO  | DNAudit | user=null | ip=null | op=WRITE_CHUNK {blockData=conID: 3 locID: 102666069203354099 bcsId: 2198} | ret=SUCCESS |  
2019-08-23 11:31:33,899 | INFO  | DNAudit | user=null | ip=null | op=WRITE_CHUNK {blockData=conID: 3 locID: 102666069203354099 bcsId: 2198} | ret=SUCCESS |  
2019-08-23 11:31:33,899 | INFO  | DNAudit | user=null | ip=null | op=PUT_BLOCK {blockData=[blockId=conID: 3 locID: 102666069203354099 bcsId: 0,size=3145728]} | ret=SUCCESS |  
2019-08-23 11:31:33,899 [grpc-default-executor-5] INFO  client.GrpcClientProtocolClient (GrpcClientProtocolClient.java:onNext(255)) - client-C9E345EC67ED->244f13ac-34be-4c4e-8e45-0c0272edbbb2: receive RaftClientReply:client-C9E345EC67ED->244f13ac-34be-4c4e-8e45-0c0272edbbb2@group-FE77C852EF02, cid=1557, SUCCESS, logIndex=2203, commits[244f13ac-34be-4c4e-8e45-0c0272edbbb2:c2204, 6287e41a-5356-4f55-84f2-270816d53e84:c2202, a2c18d3d-e79d-47c9-88fe-d8a1d195302b:c2202]
2019-08-23 11:31:33,900 | INFO  | DNAudit | user=null | ip=null | op=WRITE_CHUNK {blockData=conID: 3 locID: 102666069203354099 bcsId: 2198} | ret=SUCCESS |  
2019-08-23 11:31:33,900 | INFO  | DNAudit | user=null | ip=null | op=WRITE_CHUNK {blockData=conID: 3 locID: 102666069203354099 bcsId: 2198} | ret=SUCCESS |  
2019-08-23 11:31:33,900 | INFO  | DNAudit | user=null | ip=null | op=PUT_BLOCK {blockData=[blockId=conID: 3 locID: 102666069203354099 bcsId: 0,size=3145728]} | ret=SUCCESS |  
2019-08-23 11:31:33,900 | INFO  | DNAudit | user=null | ip=null | op=PUT_BLOCK {blockData=[blockId=conID: 3 locID: 102666069203354099 bcsId: 0,size=3145728]} | ret=SUCCESS |  
2019-08-23 11:31:33,900 [grpc-default-executor-5] INFO  client.GrpcClientProtocolClient (GrpcClientProtocolClient.java:onNext(255)) - client-C9E345EC67ED->244f13ac-34be-4c4e-8e45-0c0272edbbb2: receive RaftClientReply:client-C9E345EC67ED->244f13ac-34be-4c4e-8e45-0c0272edbbb2@group-FE77C852EF02, cid=1558, SUCCESS, logIndex=2204, commits[244f13ac-34be-4c4e-8e45-0c0272edbbb2:c2204, 6287e41a-5356-4f55-84f2-270816d53e84:c2202, a2c18d3d-e79d-47c9-88fe-d8a1d195302b:c2202]
2019-08-23 11:31:33,907 | INFO  | DNAudit | user=null | ip=null | op=WRITE_CHUNK {blockData=conID: 3 locID: 102666069203354099 bcsId: 2204} | ret=SUCCESS |  
2019-08-23 11:31:33,909 | INFO  | DNAudit | user=null | ip=null | op=WRITE_CHUNK {blockData=conID: 3 locID: 102666069203354099 bcsId: 2204} | ret=SUCCESS |  
2019-08-23 11:31:33,909 | INFO  | DNAudit | user=null | ip=null | op=WRITE_CHUNK {blockData=conID: 3 locID: 102666069203354099 bcsId: 2204} | ret=SUCCESS |  
2019-08-23 11:31:33,915 | INFO  | DNAudit | user=null | ip=null | op=WRITE_CHUNK {blockData=conID: 3 locID: 102666069203354099 bcsId: 2204} | ret=SUCCESS |  
2019-08-23 11:31:33,916 | INFO  | DNAudit | user=null | ip=null | op=PUT_BLOCK {blockData=[blockId=conID: 3 locID: 102666069203354099 bcsId: 0,size=4194304]} | ret=SUCCESS |  
2019-08-23 11:31:33,916 [grpc-default-executor-1] INFO  client.GrpcClientProtocolClient (GrpcClientProtocolClient.java:onNext(255)) - client-C9E345EC67ED->244f13ac-34be-4c4e-8e45-0c0272edbbb2: receive RaftClientReply:client-C9E345EC67ED->244f13ac-34be-4c4e-8e45-0c0272edbbb2@group-FE77C852EF02, cid=1559, SUCCESS, logIndex=2207, commits[244f13ac-34be-4c4e-8e45-0c0272edbbb2:c2208, 6287e41a-5356-4f55-84f2-270816d53e84:c2206, a2c18d3d-e79d-47c9-88fe-d8a1d195302b:c2206]
2019-08-23 11:31:33,916 [grpc-default-executor-1] INFO  client.GrpcClientProtocolClient (GrpcClientProtocolClient.java:onNext(255)) - client-C9E345EC67ED->244f13ac-34be-4c4e-8e45-0c0272edbbb2: receive RaftClientReply:client-C9E345EC67ED->244f13ac-34be-4c4e-8e45-0c0272edbbb2@group-FE77C852EF02, cid=1560, SUCCESS, logIndex=2208, commits[244f13ac-34be-4c4e-8e45-0c0272edbbb2:c2208, 6287e41a-5356-4f55-84f2-270816d53e84:c2206, a2c18d3d-e79d-47c9-88fe-d8a1d195302b:c2206]
2019-08-23 11:31:33,916 | INFO  | DNAudit | user=null | ip=null | op=WRITE_CHUNK {blockData=conID: 3 locID: 102666069203354099 bcsId: 2204} | ret=SUCCESS |  
2019-08-23 11:31:33,917 | INFO  | DNAudit | user=null | ip=null | op=WRITE_CHUNK {blockData=conID: 3 locID: 102666069203354099 bcsId: 2204} | ret=SUCCESS |  
2019-08-23 11:31:33,917 | INFO  | DNAudit | user=null | ip=null | op=PUT_BLOCK {blockData=[blockId=conID: 3 locID: 102666069203354099 bcsId: 0,size=4194304]} | ret=SUCCESS |  
2019-08-23 11:31:33,917 | INFO  | DNAudit | user=null | ip=null | op=PUT_BLOCK {blockData=[blockId=conID: 3 locID: 102666069203354099 bcsId: 0,size=4194304]} | ret=SUCCESS |  
2019-08-23 11:31:33,918 [grpc-default-executor-1] INFO  client.GrpcClientProtocolClient (GrpcClientProtocolClient.java:onNext(255)) - client-C9E345EC67ED->244f13ac-34be-4c4e-8e45-0c0272edbbb2: receive RaftClientReply:client-C9E345EC67ED->244f13ac-34be-4c4e-8e45-0c0272edbbb2@group-FE77C852EF02, cid=1561, SUCCESS, logIndex=0, commits[244f13ac-34be-4c4e-8e45-0c0272edbbb2:c2209, 6287e41a-5356-4f55-84f2-270816d53e84:c2208, a2c18d3d-e79d-47c9-88fe-d8a1d195302b:c2208]
2019-08-23 11:31:33,923 | INFO  | SCMAudit | user=jenkins1000 | ip=192.168.5.185 | op=ALLOCATE_BLOCK {owner=00a23185-76ea-47b5-a641-ad3cfbe5521a, size=4194304, type=RATIS, factor=THREE} | ret=SUCCESS |  
2019-08-23 11:31:33,926 | INFO  | OMAudit | user=jenkins1000 | ip=127.0.0.1 | op=ALLOCATE_BLOCK {volume=vol-0-37508, bucket=bucket-0-50919, key=key-0-57313, dataSize=0, replicationType=null, replicationFactor=null, keyLocationInfo=null, clientID=102666068570931602} | ret=SUCCESS |  
2019-08-23 11:31:33,932 | INFO  | DNAudit | user=null | ip=null | op=WRITE_CHUNK {blockData=conID: 1 locID: 102666069208138228 bcsId: 0} | ret=SUCCESS |  
2019-08-23 11:31:33,934 | INFO  | DNAudit | user=null | ip=null | op=WRITE_CHUNK {blockData=conID: 1 locID: 102666069208138228 bcsId: 0} | ret=SUCCESS |  
2019-08-23 11:31:33,935 | INFO  | DNAudit | user=null | ip=null | op=WRITE_CHUNK {blockData=conID: 1 locID: 102666069208138228 bcsId: 0} | ret=SUCCESS |  
2019-08-23 11:31:33,935 | INFO  | DNAudit | user=null | ip=null | op=WRITE_CHUNK {blockData=conID: 1 locID: 102666069208138228 bcsId: 0} | ret=SUCCESS |  
2019-08-23 11:31:33,936 | INFO  | DNAudit | user=null | ip=null | op=WRITE_CHUNK {blockData=conID: 1 locID: 102666069208138228 bcsId: 0} | ret=SUCCESS |  
2019-08-23 11:31:33,937 | INFO  | DNAudit | user=null | ip=null | op=WRITE_CHUNK {blockData=conID: 1 locID: 102666069208138228 bcsId: 0} | ret=SUCCESS |  
2019-08-23 11:31:33,945 | INFO  | DNAudit | user=null | ip=null | op=WRITE_CHUNK {blockData=conID: 1 locID: 102666069208138228 bcsId: 0} | ret=SUCCESS |  
2019-08-23 11:31:33,945 | INFO  | DNAudit | user=null | ip=null | op=PUT_BLOCK {blockData=[blockId=conID: 1 locID: 102666069208138228 bcsId: 0,size=1048576]} | ret=SUCCESS |  
2019-08-23 11:31:33,946 [grpc-default-executor-5] INFO  client.GrpcClientProtocolClient (GrpcClientProtocolClient.java:onNext(255)) - client-C9E345EC67ED->244f13ac-34be-4c4e-8e45-0c0272edbbb2: receive RaftClientReply:client-C9E345EC67ED->244f13ac-34be-4c4e-8e45-0c0272edbbb2@group-FE77C852EF02, cid=1562, SUCCESS, logIndex=2211, commits[244f13ac-34be-4c4e-8e45-0c0272edbbb2:c2212, 6287e41a-5356-4f55-84f2-270816d53e84:c2210, a2c18d3d-e79d-47c9-88fe-d8a1d195302b:c2210]
2019-08-23 11:31:33,946 | INFO  | DNAudit | user=null | ip=null | op=WRITE_CHUNK {blockData=conID: 1 locID: 102666069208138228 bcsId: 0} | ret=SUCCESS |  
2019-08-23 11:31:33,946 [grpc-default-executor-5] INFO  client.GrpcClientProtocolClient (GrpcClientProtocolClient.java:onNext(255)) - client-C9E345EC67ED->244f13ac-34be-4c4e-8e45-0c0272edbbb2: receive RaftClientReply:client-C9E345EC67ED->244f13ac-34be-4c4e-8e45-0c0272edbbb2@group-FE77C852EF02, cid=1563, SUCCESS, logIndex=2212, commits[244f13ac-34be-4c4e-8e45-0c0272edbbb2:c2212, 6287e41a-5356-4f55-84f2-270816d53e84:c2210, a2c18d3d-e79d-47c9-88fe-d8a1d195302b:c2210]
2019-08-23 11:31:33,946 | INFO  | DNAudit | user=null | ip=null | op=PUT_BLOCK {blockData=[blockId=conID: 1 locID: 102666069208138228 bcsId: 0,size=2097152]} | ret=SUCCESS |  
2019-08-23 11:31:33,946 [grpc-default-executor-5] INFO  client.GrpcClientProtocolClient (GrpcClientProtocolClient.java:onNext(255)) - client-C9E345EC67ED->244f13ac-34be-4c4e-8e45-0c0272edbbb2: receive RaftClientReply:client-C9E345EC67ED->244f13ac-34be-4c4e-8e45-0c0272edbbb2@group-FE77C852EF02, cid=1564, SUCCESS, logIndex=2213, commits[244f13ac-34be-4c4e-8e45-0c0272edbbb2:c2214, 6287e41a-5356-4f55-84f2-270816d53e84:c2210, a2c18d3d-e79d-47c9-88fe-d8a1d195302b:c2210]
2019-08-23 11:31:33,947 | INFO  | DNAudit | user=null | ip=null | op=WRITE_CHUNK {blockData=conID: 1 locID: 102666069208138228 bcsId: 0} | ret=SUCCESS |  
2019-08-23 11:31:33,947 | INFO  | DNAudit | user=null | ip=null | op=WRITE_CHUNK {blockData=conID: 1 locID: 102666069208138228 bcsId: 0} | ret=SUCCESS |  
2019-08-23 11:31:33,947 | INFO  | DNAudit | user=null | ip=null | op=PUT_BLOCK {blockData=[blockId=conID: 1 locID: 102666069208138228 bcsId: 0,size=1048576]} | ret=SUCCESS |  
2019-08-23 11:31:33,947 [grpc-default-executor-5] INFO  client.GrpcClientProtocolClient (GrpcClientProtocolClient.java:onNext(255)) - client-C9E345EC67ED->244f13ac-34be-4c4e-8e45-0c0272edbbb2: receive RaftClientReply:client-C9E345EC67ED->244f13ac-34be-4c4e-8e45-0c0272edbbb2@group-FE77C852EF02, cid=1565, SUCCESS, logIndex=2214, commits[244f13ac-34be-4c4e-8e45-0c0272edbbb2:c2214, 6287e41a-5356-4f55-84f2-270816d53e84:c2210, a2c18d3d-e79d-47c9-88fe-d8a1d195302b:c2210]
2019-08-23 11:31:33,947 | INFO  | DNAudit | user=null | ip=null | op=PUT_BLOCK {blockData=[blockId=conID: 1 locID: 102666069208138228 bcsId: 0,size=1048576]} | ret=SUCCESS |  
2019-08-23 11:31:33,948 | INFO  | DNAudit | user=null | ip=null | op=WRITE_CHUNK {blockData=conID: 1 locID: 102666069208138228 bcsId: 0} | ret=SUCCESS |  
2019-08-23 11:31:33,948 | INFO  | DNAudit | user=null | ip=null | op=WRITE_CHUNK {blockData=conID: 1 locID: 102666069208138228 bcsId: 0} | ret=SUCCESS |  
2019-08-23 11:31:33,948 [grpc-default-executor-5] INFO  client.GrpcClientProtocolClient (GrpcClientProtocolClient.java:onNext(255)) - client-C9E345EC67ED->244f13ac-34be-4c4e-8e45-0c0272edbbb2: receive RaftClientReply:client-C9E345EC67ED->244f13ac-34be-4c4e-8e45-0c0272edbbb2@group-FE77C852EF02, cid=1566, SUCCESS, logIndex=0, commits[244f13ac-34be-4c4e-8e45-0c0272edbbb2:c2216, 6287e41a-5356-4f55-84f2-270816d53e84:c2212, a2c18d3d-e79d-47c9-88fe-d8a1d195302b:c2212]
2019-08-23 11:31:33,948 | INFO  | DNAudit | user=null | ip=null | op=PUT_BLOCK {blockData=[blockId=conID: 1 locID: 102666069208138228 bcsId: 0,size=2097152]} | ret=SUCCESS |  
2019-08-23 11:31:33,948 | INFO  | DNAudit | user=null | ip=null | op=PUT_BLOCK {blockData=[blockId=conID: 1 locID: 102666069208138228 bcsId: 0,size=2097152]} | ret=SUCCESS |  
2019-08-23 11:31:33,953 | INFO  | DNAudit | user=null | ip=null | op=WRITE_CHUNK {blockData=conID: 1 locID: 102666069208138228 bcsId: 2214} | ret=SUCCESS |  
2019-08-23 11:31:33,955 | INFO  | DNAudit | user=null | ip=null | op=WRITE_CHUNK {blockData=conID: 1 locID: 102666069208138228 bcsId: 2214} | ret=SUCCESS |  
2019-08-23 11:31:33,955 | INFO  | DNAudit | user=null | ip=null | op=WRITE_CHUNK {blockData=conID: 1 locID: 102666069208138228 bcsId: 2214} | ret=SUCCESS |  
2019-08-23 11:31:33,966 | INFO  | DNAudit | user=null | ip=null | op=WRITE_CHUNK {blockData=conID: 1 locID: 102666069208138228 bcsId: 2214} | ret=SUCCESS |  
2019-08-23 11:31:33,966 | INFO  | DNAudit | user=null | ip=null | op=PUT_BLOCK {blockData=[blockId=conID: 1 locID: 102666069208138228 bcsId: 0,size=3145728]} | ret=SUCCESS |  
2019-08-23 11:31:33,966 [grpc-default-executor-5] INFO  client.GrpcClientProtocolClient (GrpcClientProtocolClient.java:onNext(255)) - client-C9E345EC67ED->244f13ac-34be-4c4e-8e45-0c0272edbbb2: receive RaftClientReply:client-C9E345EC67ED->244f13ac-34be-4c4e-8e45-0c0272edbbb2@group-FE77C852EF02, cid=1567, SUCCESS, logIndex=2218, commits[244f13ac-34be-4c4e-8e45-0c0272edbbb2:c2219, 6287e41a-5356-4f55-84f2-270816d53e84:c2217, a2c18d3d-e79d-47c9-88fe-d8a1d195302b:c2217]
2019-08-23 11:31:33,967 [grpc-default-executor-5] INFO  client.GrpcClientProtocolClient (GrpcClientProtocolClient.java:onNext(255)) - client-C9E345EC67ED->244f13ac-34be-4c4e-8e45-0c0272edbbb2: receive RaftClientReply:client-C9E345EC67ED->244f13ac-34be-4c4e-8e45-0c0272edbbb2@group-FE77C852EF02, cid=1568, SUCCESS, logIndex=2219, commits[244f13ac-34be-4c4e-8e45-0c0272edbbb2:c2219, 6287e41a-5356-4f55-84f2-270816d53e84:c2217, a2c18d3d-e79d-47c9-88fe-d8a1d195302b:c2217]
2019-08-23 11:31:33,972 | INFO  | DNAudit | user=null | ip=null | op=WRITE_CHUNK {blockData=conID: 1 locID: 102666069208138228 bcsId: 2219} | ret=SUCCESS |  
2019-08-23 11:31:33,974 | INFO  | DNAudit | user=null | ip=null | op=WRITE_CHUNK {blockData=conID: 1 locID: 102666069208138228 bcsId: 2219} | ret=SUCCESS |  
2019-08-23 11:31:33,974 | INFO  | DNAudit | user=null | ip=null | op=WRITE_CHUNK {blockData=conID: 1 locID: 102666069208138228 bcsId: 2219} | ret=SUCCESS |  
2019-08-23 11:31:33,986 | INFO  | DNAudit | user=null | ip=null | op=WRITE_CHUNK {blockData=conID: 1 locID: 102666069208138228 bcsId: 2214} | ret=SUCCESS |  
2019-08-23 11:31:33,986 | INFO  | DNAudit | user=null | ip=null | op=WRITE_CHUNK {blockData=conID: 1 locID: 102666069208138228 bcsId: 2214} | ret=SUCCESS |  
2019-08-23 11:31:33,986 | INFO  | DNAudit | user=null | ip=null | op=PUT_BLOCK {blockData=[blockId=conID: 1 locID: 102666069208138228 bcsId: 0,size=3145728]} | ret=SUCCESS |  
2019-08-23 11:31:33,986 | INFO  | DNAudit | user=null | ip=null | op=PUT_BLOCK {blockData=[blockId=conID: 1 locID: 102666069208138228 bcsId: 0,size=3145728]} | ret=SUCCESS |  
2019-08-23 11:31:33,988 | INFO  | DNAudit | user=null | ip=null | op=WRITE_CHUNK {blockData=conID: 1 locID: 102666069208138228 bcsId: 2219} | ret=SUCCESS |  
2019-08-23 11:31:33,988 | INFO  | DNAudit | user=null | ip=null | op=PUT_BLOCK {blockData=[blockId=conID: 1 locID: 102666069208138228 bcsId: 0,size=4194304]} | ret=SUCCESS |  
2019-08-23 11:31:33,988 [grpc-default-executor-5] INFO  client.GrpcClientProtocolClient (GrpcClientProtocolClient.java:onNext(255)) - client-C9E345EC67ED->244f13ac-34be-4c4e-8e45-0c0272edbbb2: receive RaftClientReply:client-C9E345EC67ED->244f13ac-34be-4c4e-8e45-0c0272edbbb2@group-FE77C852EF02, cid=1569, SUCCESS, logIndex=2222, commits[244f13ac-34be-4c4e-8e45-0c0272edbbb2:c2223, 6287e41a-5356-4f55-84f2-270816d53e84:c2219, a2c18d3d-e79d-47c9-88fe-d8a1d195302b:c2219]
2019-08-23 11:31:33,988 [grpc-default-executor-5] INFO  client.GrpcClientProtocolClient (GrpcClientProtocolClient.java:onNext(255)) - client-C9E345EC67ED->244f13ac-34be-4c4e-8e45-0c0272edbbb2: receive RaftClientReply:client-C9E345EC67ED->244f13ac-34be-4c4e-8e45-0c0272edbbb2@group-FE77C852EF02, cid=1570, SUCCESS, logIndex=2223, commits[244f13ac-34be-4c4e-8e45-0c0272edbbb2:c2223, 6287e41a-5356-4f55-84f2-270816d53e84:c2219, a2c18d3d-e79d-47c9-88fe-d8a1d195302b:c2219]
2019-08-23 11:31:33,999 | INFO  | DNAudit | user=null | ip=null | op=WRITE_CHUNK {blockData=conID: 1 locID: 102666069208138228 bcsId: 2219} | ret=SUCCESS |  
2019-08-23 11:31:33,999 | INFO  | DNAudit | user=null | ip=null | op=WRITE_CHUNK {blockData=conID: 1 locID: 102666069208138228 bcsId: 2219} | ret=SUCCESS |  
2019-08-23 11:31:34,000 | INFO  | DNAudit | user=null | ip=null | op=PUT_BLOCK {blockData=[blockId=conID: 1 locID: 102666069208138228 bcsId: 0,size=4194304]} | ret=SUCCESS |  
2019-08-23 11:31:34,000 | INFO  | DNAudit | user=null | ip=null | op=PUT_BLOCK {blockData=[blockId=conID: 1 locID: 102666069208138228 bcsId: 0,size=4194304]} | ret=SUCCESS |  
2019-08-23 11:31:34,001 [grpc-default-executor-1] INFO  client.GrpcClientProtocolClient (GrpcClientProtocolClient.java:onNext(255)) - client-C9E345EC67ED->244f13ac-34be-4c4e-8e45-0c0272edbbb2: receive RaftClientReply:client-C9E345EC67ED->244f13ac-34be-4c4e-8e45-0c0272edbbb2@group-FE77C852EF02, cid=1571, SUCCESS, logIndex=0, commits[244f13ac-34be-4c4e-8e45-0c0272edbbb2:c2225, 6287e41a-5356-4f55-84f2-270816d53e84:c2223, a2c18d3d-e79d-47c9-88fe-d8a1d195302b:c2223]
2019-08-23 11:31:34,004 | INFO  | SCMAudit | user=jenkins1000 | ip=192.168.5.185 | op=ALLOCATE_BLOCK {owner=00a23185-76ea-47b5-a641-ad3cfbe5521a, size=4194304, type=RATIS, factor=THREE} | ret=SUCCESS |  
2019-08-23 11:31:34,007 | INFO  | OMAudit | user=jenkins1000 | ip=127.0.0.1 | op=ALLOCATE_BLOCK {volume=vol-0-37508, bucket=bucket-0-50919, key=key-0-57313, dataSize=0, replicationType=null, replicationFactor=null, keyLocationInfo=null, clientID=102666068570931602} | ret=SUCCESS |  
2019-08-23 11:31:34,012 | INFO  | DNAudit | user=null | ip=null | op=WRITE_CHUNK {blockData=conID: 2 locID: 102666069213446645 bcsId: 0} | ret=SUCCESS |  
2019-08-23 11:31:34,014 | INFO  | DNAudit | user=null | ip=null | op=WRITE_CHUNK {blockData=conID: 2 locID: 102666069213446645 bcsId: 0} | ret=SUCCESS |  
2019-08-23 11:31:34,015 | INFO  | DNAudit | user=null | ip=null | op=WRITE_CHUNK {blockData=conID: 2 locID: 102666069213446645 bcsId: 0} | ret=SUCCESS |  
2019-08-23 11:31:34,015 | INFO  | DNAudit | user=null | ip=null | op=WRITE_CHUNK {blockData=conID: 2 locID: 102666069213446645 bcsId: 0} | ret=SUCCESS |  
2019-08-23 11:31:34,016 | INFO  | DNAudit | user=null | ip=null | op=WRITE_CHUNK {blockData=conID: 2 locID: 102666069213446645 bcsId: 0} | ret=SUCCESS |  
2019-08-23 11:31:34,016 | INFO  | DNAudit | user=null | ip=null | op=WRITE_CHUNK {blockData=conID: 2 locID: 102666069213446645 bcsId: 0} | ret=SUCCESS |  
2019-08-23 11:31:34,023 | INFO  | DNAudit | user=null | ip=null | op=WRITE_CHUNK {blockData=conID: 2 locID: 102666069213446645 bcsId: 0} | ret=SUCCESS |  
2019-08-23 11:31:34,023 | INFO  | DNAudit | user=null | ip=null | op=PUT_BLOCK {blockData=[blockId=conID: 2 locID: 102666069213446645 bcsId: 0,size=1048576]} | ret=SUCCESS |  
2019-08-23 11:31:34,023 [grpc-default-executor-1] INFO  client.GrpcClientProtocolClient (GrpcClientProtocolClient.java:onNext(255)) - client-C9E345EC67ED->244f13ac-34be-4c4e-8e45-0c0272edbbb2: receive RaftClientReply:client-C9E345EC67ED->244f13ac-34be-4c4e-8e45-0c0272edbbb2@group-FE77C852EF02, cid=1572, SUCCESS, logIndex=2226, commits[244f13ac-34be-4c4e-8e45-0c0272edbbb2:c2227, 6287e41a-5356-4f55-84f2-270816d53e84:c2225, a2c18d3d-e79d-47c9-88fe-d8a1d195302b:c2225]
2019-08-23 11:31:34,024 | INFO  | DNAudit | user=null | ip=null | op=WRITE_CHUNK {blockData=conID: 2 locID: 102666069213446645 bcsId: 0} | ret=SUCCESS |  
2019-08-23 11:31:34,024 [grpc-default-executor-5] INFO  client.GrpcClientProtocolClient (GrpcClientProtocolClient.java:onNext(255)) - client-C9E345EC67ED->244f13ac-34be-4c4e-8e45-0c0272edbbb2: receive RaftClientReply:client-C9E345EC67ED->244f13ac-34be-4c4e-8e45-0c0272edbbb2@group-FE77C852EF02, cid=1573, SUCCESS, logIndex=2227, commits[244f13ac-34be-4c4e-8e45-0c0272edbbb2:c2227, 6287e41a-5356-4f55-84f2-270816d53e84:c2225, a2c18d3d-e79d-47c9-88fe-d8a1d195302b:c2225]
2019-08-23 11:31:34,024 | INFO  | DNAudit | user=null | ip=null | op=PUT_BLOCK {blockData=[blockId=conID: 2 locID: 102666069213446645 bcsId: 0,size=2097152]} | ret=SUCCESS |  
2019-08-23 11:31:34,024 [grpc-default-executor-5] INFO  client.GrpcClientProtocolClient (GrpcClientProtocolClient.java:onNext(255)) - client-C9E345EC67ED->244f13ac-34be-4c4e-8e45-0c0272edbbb2: receive RaftClientReply:client-C9E345EC67ED->244f13ac-34be-4c4e-8e45-0c0272edbbb2@group-FE77C852EF02, cid=1574, SUCCESS, logIndex=2228, commits[244f13ac-34be-4c4e-8e45-0c0272edbbb2:c2229, 6287e41a-5356-4f55-84f2-270816d53e84:c2225, a2c18d3d-e79d-47c9-88fe-d8a1d195302b:c2225]
2019-08-23 11:31:34,025 [grpc-default-executor-5] INFO  client.GrpcClientProtocolClient (GrpcClientProtocolClient.java:onNext(255)) - client-C9E345EC67ED->244f13ac-34be-4c4e-8e45-0c0272edbbb2: receive RaftClientReply:client-C9E345EC67ED->244f13ac-34be-4c4e-8e45-0c0272edbbb2@group-FE77C852EF02, cid=1575, SUCCESS, logIndex=2229, commits[244f13ac-34be-4c4e-8e45-0c0272edbbb2:c2229, 6287e41a-5356-4f55-84f2-270816d53e84:c2225, a2c18d3d-e79d-47c9-88fe-d8a1d195302b:c2225]
2019-08-23 11:31:34,025 | INFO  | DNAudit | user=null | ip=null | op=WRITE_CHUNK {blockData=conID: 2 locID: 102666069213446645 bcsId: 0} | ret=SUCCESS |  
2019-08-23 11:31:34,025 | INFO  | DNAudit | user=null | ip=null | op=WRITE_CHUNK {blockData=conID: 2 locID: 102666069213446645 bcsId: 0} | ret=SUCCESS |  
2019-08-23 11:31:34,025 | INFO  | DNAudit | user=null | ip=null | op=PUT_BLOCK {blockData=[blockId=conID: 2 locID: 102666069213446645 bcsId: 0,size=1048576]} | ret=SUCCESS |  
2019-08-23 11:31:34,025 | INFO  | DNAudit | user=null | ip=null | op=PUT_BLOCK {blockData=[blockId=conID: 2 locID: 102666069213446645 bcsId: 0,size=1048576]} | ret=SUCCESS |  
2019-08-23 11:31:34,025 [grpc-default-executor-5] INFO  client.GrpcClientProtocolClient (GrpcClientProtocolClient.java:onNext(255)) - client-C9E345EC67ED->244f13ac-34be-4c4e-8e45-0c0272edbbb2: receive RaftClientReply:client-C9E345EC67ED->244f13ac-34be-4c4e-8e45-0c0272edbbb2@group-FE77C852EF02, cid=1576, SUCCESS, logIndex=0, commits[244f13ac-34be-4c4e-8e45-0c0272edbbb2:c2231, 6287e41a-5356-4f55-84f2-270816d53e84:c2227, a2c18d3d-e79d-47c9-88fe-d8a1d195302b:c2227]
2019-08-23 11:31:34,026 | INFO  | DNAudit | user=null | ip=null | op=WRITE_CHUNK {blockData=conID: 2 locID: 102666069213446645 bcsId: 0} | ret=SUCCESS |  
2019-08-23 11:31:34,026 | INFO  | DNAudit | user=null | ip=null | op=WRITE_CHUNK {blockData=conID: 2 locID: 102666069213446645 bcsId: 0} | ret=SUCCESS |  
2019-08-23 11:31:34,026 | INFO  | DNAudit | user=null | ip=null | op=PUT_BLOCK {blockData=[blockId=conID: 2 locID: 102666069213446645 bcsId: 0,size=2097152]} | ret=SUCCESS |  
2019-08-23 11:31:34,026 | INFO  | DNAudit | user=null | ip=null | op=PUT_BLOCK {blockData=[blockId=conID: 2 locID: 102666069213446645 bcsId: 0,size=2097152]} | ret=SUCCESS |  
2019-08-23 11:31:34,030 | INFO  | DNAudit | user=null | ip=null | op=WRITE_CHUNK {blockData=conID: 2 locID: 102666069213446645 bcsId: 2229} | ret=SUCCESS |  
2019-08-23 11:31:34,032 | INFO  | DNAudit | user=null | ip=null | op=WRITE_CHUNK {blockData=conID: 2 locID: 102666069213446645 bcsId: 2229} | ret=SUCCESS |  
2019-08-23 11:31:34,033 | INFO  | DNAudit | user=null | ip=null | op=WRITE_CHUNK {blockData=conID: 2 locID: 102666069213446645 bcsId: 2229} | ret=SUCCESS |  
2019-08-23 11:31:34,043 | INFO  | DNAudit | user=null | ip=null | op=WRITE_CHUNK {blockData=conID: 2 locID: 102666069213446645 bcsId: 2229} | ret=SUCCESS |  
2019-08-23 11:31:34,043 | INFO  | DNAudit | user=null | ip=null | op=PUT_BLOCK {blockData=[blockId=conID: 2 locID: 102666069213446645 bcsId: 0,size=3145728]} | ret=SUCCESS |  
2019-08-23 11:31:34,044 [grpc-default-executor-4] INFO  client.GrpcClientProtocolClient (GrpcClientProtocolClient.java:onNext(255)) - client-C9E345EC67ED->244f13ac-34be-4c4e-8e45-0c0272edbbb2: receive RaftClientReply:client-C9E345EC67ED->244f13ac-34be-4c4e-8e45-0c0272edbbb2@group-FE77C852EF02, cid=1577, SUCCESS, logIndex=2234, commits[244f13ac-34be-4c4e-8e45-0c0272edbbb2:c2235, 6287e41a-5356-4f55-84f2-270816d53e84:c2233, a2c18d3d-e79d-47c9-88fe-d8a1d195302b:c2233]
2019-08-23 11:31:34,044 [grpc-default-executor-4] INFO  client.GrpcClientProtocolClient (GrpcClientProtocolClient.java:onNext(255)) - client-C9E345EC67ED->244f13ac-34be-4c4e-8e45-0c0272edbbb2: receive RaftClientReply:client-C9E345EC67ED->244f13ac-34be-4c4e-8e45-0c0272edbbb2@group-FE77C852EF02, cid=1578, SUCCESS, logIndex=2235, commits[244f13ac-34be-4c4e-8e45-0c0272edbbb2:c2235, 6287e41a-5356-4f55-84f2-270816d53e84:c2233, a2c18d3d-e79d-47c9-88fe-d8a1d195302b:c2233]
2019-08-23 11:31:34,049 | INFO  | DNAudit | user=null | ip=null | op=WRITE_CHUNK {blockData=conID: 2 locID: 102666069213446645 bcsId: 2235} | ret=SUCCESS |  
2019-08-23 11:31:34,051 | INFO  | DNAudit | user=null | ip=null | op=WRITE_CHUNK {blockData=conID: 2 locID: 102666069213446645 bcsId: 2235} | ret=SUCCESS |  
2019-08-23 11:31:34,051 | INFO  | DNAudit | user=null | ip=null | op=WRITE_CHUNK {blockData=conID: 2 locID: 102666069213446645 bcsId: 2235} | ret=SUCCESS |  
2019-08-23 11:31:34,054 | INFO  | DNAudit | user=null | ip=null | op=WRITE_CHUNK {blockData=conID: 2 locID: 102666069213446645 bcsId: 2229} | ret=SUCCESS |  
2019-08-23 11:31:34,054 | INFO  | DNAudit | user=null | ip=null | op=WRITE_CHUNK {blockData=conID: 2 locID: 102666069213446645 bcsId: 2229} | ret=SUCCESS |  
2019-08-23 11:31:34,055 | INFO  | DNAudit | user=null | ip=null | op=PUT_BLOCK {blockData=[blockId=conID: 2 locID: 102666069213446645 bcsId: 0,size=3145728]} | ret=SUCCESS |  
2019-08-23 11:31:34,055 | INFO  | DNAudit | user=null | ip=null | op=PUT_BLOCK {blockData=[blockId=conID: 2 locID: 102666069213446645 bcsId: 0,size=3145728]} | ret=SUCCESS |  
2019-08-23 11:31:34,056 | INFO  | DNAudit | user=null | ip=null | op=WRITE_CHUNK {blockData=conID: 2 locID: 102666069213446645 bcsId: 2235} | ret=SUCCESS |  
2019-08-23 11:31:34,056 | INFO  | DNAudit | user=null | ip=null | op=PUT_BLOCK {blockData=[blockId=conID: 2 locID: 102666069213446645 bcsId: 0,size=4194304]} | ret=SUCCESS |  
2019-08-23 11:31:34,056 [grpc-default-executor-5] INFO  client.GrpcClientProtocolClient (GrpcClientProtocolClient.java:onNext(255)) - client-C9E345EC67ED->244f13ac-34be-4c4e-8e45-0c0272edbbb2: receive RaftClientReply:client-C9E345EC67ED->244f13ac-34be-4c4e-8e45-0c0272edbbb2@group-FE77C852EF02, cid=1579, SUCCESS, logIndex=2238, commits[244f13ac-34be-4c4e-8e45-0c0272edbbb2:c2238, 6287e41a-5356-4f55-84f2-270816d53e84:c2235, a2c18d3d-e79d-47c9-88fe-d8a1d195302b:c2235]
2019-08-23 11:31:34,057 [grpc-default-executor-5] INFO  client.GrpcClientProtocolClient (GrpcClientProtocolClient.java:onNext(255)) - client-C9E345EC67ED->244f13ac-34be-4c4e-8e45-0c0272edbbb2: receive RaftClientReply:client-C9E345EC67ED->244f13ac-34be-4c4e-8e45-0c0272edbbb2@group-FE77C852EF02, cid=1580, SUCCESS, logIndex=2239, commits[244f13ac-34be-4c4e-8e45-0c0272edbbb2:c2239, 6287e41a-5356-4f55-84f2-270816d53e84:c2235, a2c18d3d-e79d-47c9-88fe-d8a1d195302b:c2235]
2019-08-23 11:31:34,068 | INFO  | DNAudit | user=null | ip=null | op=WRITE_CHUNK {blockData=conID: 2 locID: 102666069213446645 bcsId: 2235} | ret=SUCCESS |  
2019-08-23 11:31:34,068 | INFO  | DNAudit | user=null | ip=null | op=WRITE_CHUNK {blockData=conID: 2 locID: 102666069213446645 bcsId: 2235} | ret=SUCCESS |  
2019-08-23 11:31:34,069 | INFO  | DNAudit | user=null | ip=null | op=PUT_BLOCK {blockData=[blockId=conID: 2 locID: 102666069213446645 bcsId: 0,size=4194304]} | ret=SUCCESS |  
2019-08-23 11:31:34,069 | INFO  | DNAudit | user=null | ip=null | op=PUT_BLOCK {blockData=[blockId=conID: 2 locID: 102666069213446645 bcsId: 0,size=4194304]} | ret=SUCCESS |  
2019-08-23 11:31:34,069 [grpc-default-executor-4] INFO  client.GrpcClientProtocolClient (GrpcClientProtocolClient.java:onNext(255)) - client-C9E345EC67ED->244f13ac-34be-4c4e-8e45-0c0272edbbb2: receive RaftClientReply:client-C9E345EC67ED->244f13ac-34be-4c4e-8e45-0c0272edbbb2@group-FE77C852EF02, cid=1581, SUCCESS, logIndex=0, commits[244f13ac-34be-4c4e-8e45-0c0272edbbb2:c2241, 6287e41a-5356-4f55-84f2-270816d53e84:c2239, a2c18d3d-e79d-47c9-88fe-d8a1d195302b:c2239]
2019-08-23 11:31:34,073 | INFO  | SCMAudit | user=jenkins1000 | ip=192.168.5.185 | op=ALLOCATE_BLOCK {owner=00a23185-76ea-47b5-a641-ad3cfbe5521a, size=4194304, type=RATIS, factor=THREE} | ret=SUCCESS |  
2019-08-23 11:31:34,075 | INFO  | OMAudit | user=jenkins1000 | ip=127.0.0.1 | op=ALLOCATE_BLOCK {volume=vol-0-37508, bucket=bucket-0-50919, key=key-0-57313, dataSize=0, replicationType=null, replicationFactor=null, keyLocationInfo=null, clientID=102666068570931602} | ret=SUCCESS |  
2019-08-23 11:31:34,082 | INFO  | DNAudit | user=null | ip=null | op=WRITE_CHUNK {blockData=conID: 3 locID: 102666069217968630 bcsId: 0} | ret=SUCCESS |  
2019-08-23 11:31:34,084 | INFO  | DNAudit | user=null | ip=null | op=WRITE_CHUNK {blockData=conID: 3 locID: 102666069217968630 bcsId: 0} | ret=SUCCESS |  
2019-08-23 11:31:34,084 | INFO  | DNAudit | user=null | ip=null | op=WRITE_CHUNK {blockData=conID: 3 locID: 102666069217968630 bcsId: 0} | ret=SUCCESS |  
2019-08-23 11:31:34,084 | INFO  | DNAudit | user=null | ip=null | op=WRITE_CHUNK {blockData=conID: 3 locID: 102666069217968630 bcsId: 0} | ret=SUCCESS |  
2019-08-23 11:31:34,085 | INFO  | DNAudit | user=null | ip=null | op=WRITE_CHUNK {blockData=conID: 3 locID: 102666069217968630 bcsId: 0} | ret=SUCCESS |  
2019-08-23 11:31:34,086 | INFO  | DNAudit | user=null | ip=null | op=WRITE_CHUNK {blockData=conID: 3 locID: 102666069217968630 bcsId: 0} | ret=SUCCESS |  
2019-08-23 11:31:34,094 | INFO  | DNAudit | user=null | ip=null | op=WRITE_CHUNK {blockData=conID: 3 locID: 102666069217968630 bcsId: 0} | ret=SUCCESS |  
2019-08-23 11:31:34,095 | INFO  | DNAudit | user=null | ip=null | op=PUT_BLOCK {blockData=[blockId=conID: 3 locID: 102666069217968630 bcsId: 0,size=1048576]} | ret=SUCCESS |  
2019-08-23 11:31:34,095 | INFO  | DNAudit | user=null | ip=null | op=WRITE_CHUNK {blockData=conID: 3 locID: 102666069217968630 bcsId: 0} | ret=SUCCESS |  
2019-08-23 11:31:34,095 [grpc-default-executor-2] INFO  client.GrpcClientProtocolClient (GrpcClientProtocolClient.java:onNext(255)) - client-C9E345EC67ED->244f13ac-34be-4c4e-8e45-0c0272edbbb2: receive RaftClientReply:client-C9E345EC67ED->244f13ac-34be-4c4e-8e45-0c0272edbbb2@group-FE77C852EF02, cid=1582, SUCCESS, logIndex=2242, commits[244f13ac-34be-4c4e-8e45-0c0272edbbb2:c2243, 6287e41a-5356-4f55-84f2-270816d53e84:c2241, a2c18d3d-e79d-47c9-88fe-d8a1d195302b:c2241]
2019-08-23 11:31:34,095 | INFO  | DNAudit | user=null | ip=null | op=PUT_BLOCK {blockData=[blockId=conID: 3 locID: 102666069217968630 bcsId: 0,size=2097152]} | ret=SUCCESS |  
2019-08-23 11:31:34,095 | INFO  | DNAudit | user=null | ip=null | op=WRITE_CHUNK {blockData=conID: 3 locID: 102666069217968630 bcsId: 0} | ret=SUCCESS |  
2019-08-23 11:31:34,096 | INFO  | DNAudit | user=null | ip=null | op=WRITE_CHUNK {blockData=conID: 3 locID: 102666069217968630 bcsId: 0} | ret=SUCCESS |  
2019-08-23 11:31:34,096 [grpc-default-executor-2] INFO  client.GrpcClientProtocolClient (GrpcClientProtocolClient.java:onNext(255)) - client-C9E345EC67ED->244f13ac-34be-4c4e-8e45-0c0272edbbb2: receive RaftClientReply:client-C9E345EC67ED->244f13ac-34be-4c4e-8e45-0c0272edbbb2@group-FE77C852EF02, cid=1583, SUCCESS, logIndex=2243, commits[244f13ac-34be-4c4e-8e45-0c0272edbbb2:c2245, 6287e41a-5356-4f55-84f2-270816d53e84:c2241, a2c18d3d-e79d-47c9-88fe-d8a1d195302b:c2241]
2019-08-23 11:31:34,096 [grpc-default-executor-2] INFO  client.GrpcClientProtocolClient (GrpcClientProtocolClient.java:onNext(255)) - client-C9E345EC67ED->244f13ac-34be-4c4e-8e45-0c0272edbbb2: receive RaftClientReply:client-C9E345EC67ED->244f13ac-34be-4c4e-8e45-0c0272edbbb2@group-FE77C852EF02, cid=1584, SUCCESS, logIndex=2244, commits[244f13ac-34be-4c4e-8e45-0c0272edbbb2:c2245, 6287e41a-5356-4f55-84f2-270816d53e84:c2241, a2c18d3d-e79d-47c9-88fe-d8a1d195302b:c2241]
2019-08-23 11:31:34,096 [grpc-default-executor-2] INFO  client.GrpcClientProtocolClient (GrpcClientProtocolClient.java:onNext(255)) - client-C9E345EC67ED->244f13ac-34be-4c4e-8e45-0c0272edbbb2: receive RaftClientReply:client-C9E345EC67ED->244f13ac-34be-4c4e-8e45-0c0272edbbb2@group-FE77C852EF02, cid=1585, SUCCESS, logIndex=2245, commits[244f13ac-34be-4c4e-8e45-0c0272edbbb2:c2245, 6287e41a-5356-4f55-84f2-270816d53e84:c2241, a2c18d3d-e79d-47c9-88fe-d8a1d195302b:c2241]
2019-08-23 11:31:34,097 | INFO  | DNAudit | user=null | ip=null | op=PUT_BLOCK {blockData=[blockId=conID: 3 locID: 102666069217968630 bcsId: 0,size=1048576]} | ret=SUCCESS |  
2019-08-23 11:31:34,097 | INFO  | DNAudit | user=null | ip=null | op=PUT_BLOCK {blockData=[blockId=conID: 3 locID: 102666069217968630 bcsId: 0,size=1048576]} | ret=SUCCESS |  
2019-08-23 11:31:34,097 | INFO  | DNAudit | user=null | ip=null | op=WRITE_CHUNK {blockData=conID: 3 locID: 102666069217968630 bcsId: 0} | ret=SUCCESS |  
2019-08-23 11:31:34,097 | INFO  | DNAudit | user=null | ip=null | op=WRITE_CHUNK {blockData=conID: 3 locID: 102666069217968630 bcsId: 0} | ret=SUCCESS |  
2019-08-23 11:31:34,097 | INFO  | DNAudit | user=null | ip=null | op=PUT_BLOCK {blockData=[blockId=conID: 3 locID: 102666069217968630 bcsId: 0,size=2097152]} | ret=SUCCESS |  
2019-08-23 11:31:34,097 | INFO  | DNAudit | user=null | ip=null | op=PUT_BLOCK {blockData=[blockId=conID: 3 locID: 102666069217968630 bcsId: 0,size=2097152]} | ret=SUCCESS |  
2019-08-23 11:31:34,098 [grpc-default-executor-4] INFO  client.GrpcClientProtocolClient (GrpcClientProtocolClient.java:onNext(255)) - client-C9E345EC67ED->244f13ac-34be-4c4e-8e45-0c0272edbbb2: receive RaftClientReply:client-C9E345EC67ED->244f13ac-34be-4c4e-8e45-0c0272edbbb2@group-FE77C852EF02, cid=1586, SUCCESS, logIndex=0, commits[244f13ac-34be-4c4e-8e45-0c0272edbbb2:c2248, 6287e41a-5356-4f55-84f2-270816d53e84:c2245, a2c18d3d-e79d-47c9-88fe-d8a1d195302b:c2243]
2019-08-23 11:31:34,103 | INFO  | DNAudit | user=null | ip=null | op=WRITE_CHUNK {blockData=conID: 3 locID: 102666069217968630 bcsId: 2245} | ret=SUCCESS |  
2019-08-23 11:31:34,105 | INFO  | DNAudit | user=null | ip=null | op=WRITE_CHUNK {blockData=conID: 3 locID: 102666069217968630 bcsId: 2245} | ret=SUCCESS |  
2019-08-23 11:31:34,105 | INFO  | DNAudit | user=null | ip=null | op=WRITE_CHUNK {blockData=conID: 3 locID: 102666069217968630 bcsId: 2245} | ret=SUCCESS |  
2019-08-23 11:31:34,116 | INFO  | DNAudit | user=null | ip=null | op=WRITE_CHUNK {blockData=conID: 3 locID: 102666069217968630 bcsId: 2245} | ret=SUCCESS |  
2019-08-23 11:31:34,116 | INFO  | DNAudit | user=null | ip=null | op=PUT_BLOCK {blockData=[blockId=conID: 3 locID: 102666069217968630 bcsId: 0,size=3145728]} | ret=SUCCESS |  
2019-08-23 11:31:34,116 [grpc-default-executor-2] INFO  client.GrpcClientProtocolClient (GrpcClientProtocolClient.java:onNext(255)) - client-C9E345EC67ED->244f13ac-34be-4c4e-8e45-0c0272edbbb2: receive RaftClientReply:client-C9E345EC67ED->244f13ac-34be-4c4e-8e45-0c0272edbbb2@group-FE77C852EF02, cid=1587, SUCCESS, logIndex=2250, commits[244f13ac-34be-4c4e-8e45-0c0272edbbb2:c2251, 6287e41a-5356-4f55-84f2-270816d53e84:c2249, a2c18d3d-e79d-47c9-88fe-d8a1d195302b:c2249]
2019-08-23 11:31:34,117 [grpc-default-executor-2] INFO  client.GrpcClientProtocolClient (GrpcClientProtocolClient.java:onNext(255)) - client-C9E345EC67ED->244f13ac-34be-4c4e-8e45-0c0272edbbb2: receive RaftClientReply:client-C9E345EC67ED->244f13ac-34be-4c4e-8e45-0c0272edbbb2@group-FE77C852EF02, cid=1588, SUCCESS, logIndex=2251, commits[244f13ac-34be-4c4e-8e45-0c0272edbbb2:c2251, 6287e41a-5356-4f55-84f2-270816d53e84:c2249, a2c18d3d-e79d-47c9-88fe-d8a1d195302b:c2249]
2019-08-23 11:31:34,122 | INFO  | DNAudit | user=null | ip=null | op=WRITE_CHUNK {blockData=conID: 3 locID: 102666069217968630 bcsId: 2251} | ret=SUCCESS |  
2019-08-23 11:31:34,124 | INFO  | DNAudit | user=null | ip=null | op=WRITE_CHUNK {blockData=conID: 3 locID: 102666069217968630 bcsId: 2251} | ret=SUCCESS |  
2019-08-23 11:31:34,124 | INFO  | DNAudit | user=null | ip=null | op=WRITE_CHUNK {blockData=conID: 3 locID: 102666069217968630 bcsId: 2251} | ret=SUCCESS |  
2019-08-23 11:31:34,127 | INFO  | DNAudit | user=null | ip=null | op=WRITE_CHUNK {blockData=conID: 3 locID: 102666069217968630 bcsId: 2245} | ret=SUCCESS |  
2019-08-23 11:31:34,127 | INFO  | DNAudit | user=null | ip=null | op=WRITE_CHUNK {blockData=conID: 3 locID: 102666069217968630 bcsId: 2245} | ret=SUCCESS |  
2019-08-23 11:31:34,128 | INFO  | DNAudit | user=null | ip=null | op=PUT_BLOCK {blockData=[blockId=conID: 3 locID: 102666069217968630 bcsId: 0,size=3145728]} | ret=SUCCESS |  
2019-08-23 11:31:34,128 | INFO  | DNAudit | user=null | ip=null | op=PUT_BLOCK {blockData=[blockId=conID: 3 locID: 102666069217968630 bcsId: 0,size=3145728]} | ret=SUCCESS |  
2019-08-23 11:31:34,129 | INFO  | DNAudit | user=null | ip=null | op=WRITE_CHUNK {blockData=conID: 3 locID: 102666069217968630 bcsId: 2251} | ret=SUCCESS |  
2019-08-23 11:31:34,129 | INFO  | DNAudit | user=null | ip=null | op=PUT_BLOCK {blockData=[blockId=conID: 3 locID: 102666069217968630 bcsId: 0,size=4194304]} | ret=SUCCESS |  
2019-08-23 11:31:34,129 [grpc-default-executor-2] INFO  client.GrpcClientProtocolClient (GrpcClientProtocolClient.java:onNext(255)) - client-C9E345EC67ED->244f13ac-34be-4c4e-8e45-0c0272edbbb2: receive RaftClientReply:client-C9E345EC67ED->244f13ac-34be-4c4e-8e45-0c0272edbbb2@group-FE77C852EF02, cid=1589, SUCCESS, logIndex=2254, commits[244f13ac-34be-4c4e-8e45-0c0272edbbb2:c2255, 6287e41a-5356-4f55-84f2-270816d53e84:c2251, a2c18d3d-e79d-47c9-88fe-d8a1d195302b:c2251]
2019-08-23 11:31:34,130 [grpc-default-executor-2] INFO  client.GrpcClientProtocolClient (GrpcClientProtocolClient.java:onNext(255)) - client-C9E345EC67ED->244f13ac-34be-4c4e-8e45-0c0272edbbb2: receive RaftClientReply:client-C9E345EC67ED->244f13ac-34be-4c4e-8e45-0c0272edbbb2@group-FE77C852EF02, cid=1590, SUCCESS, logIndex=2255, commits[244f13ac-34be-4c4e-8e45-0c0272edbbb2:c2255, 6287e41a-5356-4f55-84f2-270816d53e84:c2251, a2c18d3d-e79d-47c9-88fe-d8a1d195302b:c2251]
2019-08-23 11:31:34,143 | INFO  | DNAudit | user=null | ip=null | op=WRITE_CHUNK {blockData=conID: 3 locID: 102666069217968630 bcsId: 2251} | ret=SUCCESS |  
2019-08-23 11:31:34,143 | INFO  | DNAudit | user=null | ip=null | op=WRITE_CHUNK {blockData=conID: 3 locID: 102666069217968630 bcsId: 2251} | ret=SUCCESS |  
2019-08-23 11:31:34,144 | INFO  | DNAudit | user=null | ip=null | op=PUT_BLOCK {blockData=[blockId=conID: 3 locID: 102666069217968630 bcsId: 0,size=4194304]} | ret=SUCCESS |  
2019-08-23 11:31:34,144 | INFO  | DNAudit | user=null | ip=null | op=PUT_BLOCK {blockData=[blockId=conID: 3 locID: 102666069217968630 bcsId: 0,size=4194304]} | ret=SUCCESS |  
2019-08-23 11:31:34,144 [grpc-default-executor-2] INFO  client.GrpcClientProtocolClient (GrpcClientProtocolClient.java:onNext(255)) - client-C9E345EC67ED->244f13ac-34be-4c4e-8e45-0c0272edbbb2: receive RaftClientReply:client-C9E345EC67ED->244f13ac-34be-4c4e-8e45-0c0272edbbb2@group-FE77C852EF02, cid=1591, SUCCESS, logIndex=0, commits[244f13ac-34be-4c4e-8e45-0c0272edbbb2:c2257, 6287e41a-5356-4f55-84f2-270816d53e84:c2255, a2c18d3d-e79d-47c9-88fe-d8a1d195302b:c2255]
2019-08-23 11:31:34,148 | INFO  | SCMAudit | user=jenkins1000 | ip=192.168.5.185 | op=ALLOCATE_BLOCK {owner=00a23185-76ea-47b5-a641-ad3cfbe5521a, size=4194304, type=RATIS, factor=THREE} | ret=SUCCESS |  
2019-08-23 11:31:34,150 | INFO  | OMAudit | user=jenkins1000 | ip=127.0.0.1 | op=ALLOCATE_BLOCK {volume=vol-0-37508, bucket=bucket-0-50919, key=key-0-57313, dataSize=0, replicationType=null, replicationFactor=null, keyLocationInfo=null, clientID=102666068570931602} | ret=SUCCESS |  
2019-08-23 11:31:34,156 | INFO  | DNAudit | user=null | ip=null | op=WRITE_CHUNK {blockData=conID: 1 locID: 102666069222883831 bcsId: 0} | ret=SUCCESS |  
2019-08-23 11:31:34,158 | INFO  | DNAudit | user=null | ip=null | op=WRITE_CHUNK {blockData=conID: 1 locID: 102666069222883831 bcsId: 0} | ret=SUCCESS |  
2019-08-23 11:31:34,159 | INFO  | DNAudit | user=null | ip=null | op=WRITE_CHUNK {blockData=conID: 1 locID: 102666069222883831 bcsId: 0} | ret=SUCCESS |  
2019-08-23 11:31:34,159 | INFO  | DNAudit | user=null | ip=null | op=WRITE_CHUNK {blockData=conID: 1 locID: 102666069222883831 bcsId: 0} | ret=SUCCESS |  
2019-08-23 11:31:34,161 | INFO  | DNAudit | user=null | ip=null | op=WRITE_CHUNK {blockData=conID: 1 locID: 102666069222883831 bcsId: 0} | ret=SUCCESS |  
2019-08-23 11:31:34,161 | INFO  | DNAudit | user=null | ip=null | op=WRITE_CHUNK {blockData=conID: 1 locID: 102666069222883831 bcsId: 0} | ret=SUCCESS |  
2019-08-23 11:31:34,169 | INFO  | DNAudit | user=null | ip=null | op=WRITE_CHUNK {blockData=conID: 1 locID: 102666069222883831 bcsId: 0} | ret=SUCCESS |  
2019-08-23 11:31:34,169 | INFO  | DNAudit | user=null | ip=null | op=PUT_BLOCK {blockData=[blockId=conID: 1 locID: 102666069222883831 bcsId: 0,size=1048576]} | ret=SUCCESS |  
2019-08-23 11:31:34,169 [grpc-default-executor-5] INFO  client.GrpcClientProtocolClient (GrpcClientProtocolClient.java:onNext(255)) - client-C9E345EC67ED->244f13ac-34be-4c4e-8e45-0c0272edbbb2: receive RaftClientReply:client-C9E345EC67ED->244f13ac-34be-4c4e-8e45-0c0272edbbb2@group-FE77C852EF02, cid=1592, SUCCESS, logIndex=2258, commits[244f13ac-34be-4c4e-8e45-0c0272edbbb2:c2259, 6287e41a-5356-4f55-84f2-270816d53e84:c2257, a2c18d3d-e79d-47c9-88fe-d8a1d195302b:c2257]
2019-08-23 11:31:34,170 | INFO  | DNAudit | user=null | ip=null | op=WRITE_CHUNK {blockData=conID: 1 locID: 102666069222883831 bcsId: 0} | ret=SUCCESS |  
2019-08-23 11:31:34,170 [grpc-default-executor-5] INFO  client.GrpcClientProtocolClient (GrpcClientProtocolClient.java:onNext(255)) - client-C9E345EC67ED->244f13ac-34be-4c4e-8e45-0c0272edbbb2: receive RaftClientReply:client-C9E345EC67ED->244f13ac-34be-4c4e-8e45-0c0272edbbb2@group-FE77C852EF02, cid=1593, SUCCESS, logIndex=2259, commits[244f13ac-34be-4c4e-8e45-0c0272edbbb2:c2259, 6287e41a-5356-4f55-84f2-270816d53e84:c2257, a2c18d3d-e79d-47c9-88fe-d8a1d195302b:c2257]
2019-08-23 11:31:34,170 | INFO  | DNAudit | user=null | ip=null | op=PUT_BLOCK {blockData=[blockId=conID: 1 locID: 102666069222883831 bcsId: 0,size=2097152]} | ret=SUCCESS |  
2019-08-23 11:31:34,171 [grpc-default-executor-2] INFO  client.GrpcClientProtocolClient (GrpcClientProtocolClient.java:onNext(255)) - client-C9E345EC67ED->244f13ac-34be-4c4e-8e45-0c0272edbbb2: receive RaftClientReply:client-C9E345EC67ED->244f13ac-34be-4c4e-8e45-0c0272edbbb2@group-FE77C852EF02, cid=1594, SUCCESS, logIndex=2260, commits[244f13ac-34be-4c4e-8e45-0c0272edbbb2:c2261, 6287e41a-5356-4f55-84f2-270816d53e84:c2257, a2c18d3d-e79d-47c9-88fe-d8a1d195302b:c2257]
2019-08-23 11:31:34,171 [grpc-default-executor-2] INFO  client.GrpcClientProtocolClient (GrpcClientProtocolClient.java:onNext(255)) - client-C9E345EC67ED->244f13ac-34be-4c4e-8e45-0c0272edbbb2: receive RaftClientReply:client-C9E345EC67ED->244f13ac-34be-4c4e-8e45-0c0272edbbb2@group-FE77C852EF02, cid=1595, SUCCESS, logIndex=2261, commits[244f13ac-34be-4c4e-8e45-0c0272edbbb2:c2261, 6287e41a-5356-4f55-84f2-270816d53e84:c2257, a2c18d3d-e79d-47c9-88fe-d8a1d195302b:c2257]
2019-08-23 11:31:34,172 [grpc-default-executor-2] INFO  client.GrpcClientProtocolClient (GrpcClientProtocolClient.java:onNext(255)) - client-C9E345EC67ED->244f13ac-34be-4c4e-8e45-0c0272edbbb2: receive RaftClientReply:client-C9E345EC67ED->244f13ac-34be-4c4e-8e45-0c0272edbbb2@group-FE77C852EF02, cid=1596, SUCCESS, logIndex=0, commits[244f13ac-34be-4c4e-8e45-0c0272edbbb2:c2263, 6287e41a-5356-4f55-84f2-270816d53e84:c2259, a2c18d3d-e79d-47c9-88fe-d8a1d195302b:c2259]
2019-08-23 11:31:34,173 | INFO  | DNAudit | user=null | ip=null | op=WRITE_CHUNK {blockData=conID: 1 locID: 102666069222883831 bcsId: 0} | ret=SUCCESS |  
2019-08-23 11:31:34,173 | INFO  | DNAudit | user=null | ip=null | op=WRITE_CHUNK {blockData=conID: 1 locID: 102666069222883831 bcsId: 0} | ret=SUCCESS |  
2019-08-23 11:31:34,173 | INFO  | DNAudit | user=null | ip=null | op=PUT_BLOCK {blockData=[blockId=conID: 1 locID: 102666069222883831 bcsId: 0,size=1048576]} | ret=SUCCESS |  
2019-08-23 11:31:34,173 | INFO  | DNAudit | user=null | ip=null | op=PUT_BLOCK {blockData=[blockId=conID: 1 locID: 102666069222883831 bcsId: 0,size=1048576]} | ret=SUCCESS |  
2019-08-23 11:31:34,175 | INFO  | DNAudit | user=null | ip=null | op=WRITE_CHUNK {blockData=conID: 1 locID: 102666069222883831 bcsId: 0} | ret=SUCCESS |  
2019-08-23 11:31:34,175 | INFO  | DNAudit | user=null | ip=null | op=WRITE_CHUNK {blockData=conID: 1 locID: 102666069222883831 bcsId: 0} | ret=SUCCESS |  
2019-08-23 11:31:34,175 | INFO  | DNAudit | user=null | ip=null | op=PUT_BLOCK {blockData=[blockId=conID: 1 locID: 102666069222883831 bcsId: 0,size=2097152]} | ret=SUCCESS |  
2019-08-23 11:31:34,175 | INFO  | DNAudit | user=null | ip=null | op=PUT_BLOCK {blockData=[blockId=conID: 1 locID: 102666069222883831 bcsId: 0,size=2097152]} | ret=SUCCESS |  
2019-08-23 11:31:34,178 | INFO  | DNAudit | user=null | ip=null | op=WRITE_CHUNK {blockData=conID: 1 locID: 102666069222883831 bcsId: 2261} | ret=SUCCESS |  
2019-08-23 11:31:34,179 | INFO  | DNAudit | user=null | ip=null | op=WRITE_CHUNK {blockData=conID: 1 locID: 102666069222883831 bcsId: 2261} | ret=SUCCESS |  
2019-08-23 11:31:34,180 | INFO  | DNAudit | user=null | ip=null | op=WRITE_CHUNK {blockData=conID: 1 locID: 102666069222883831 bcsId: 2261} | ret=SUCCESS |  
2019-08-23 11:31:34,190 | INFO  | DNAudit | user=null | ip=null | op=WRITE_CHUNK {blockData=conID: 1 locID: 102666069222883831 bcsId: 2261} | ret=SUCCESS |  
2019-08-23 11:31:34,191 | INFO  | DNAudit | user=null | ip=null | op=PUT_BLOCK {blockData=[blockId=conID: 1 locID: 102666069222883831 bcsId: 0,size=3145728]} | ret=SUCCESS |  
2019-08-23 11:31:34,191 [grpc-default-executor-1] INFO  client.GrpcClientProtocolClient (GrpcClientProtocolClient.java:onNext(255)) - client-C9E345EC67ED->244f13ac-34be-4c4e-8e45-0c0272edbbb2: receive RaftClientReply:client-C9E345EC67ED->244f13ac-34be-4c4e-8e45-0c0272edbbb2@group-FE77C852EF02, cid=1597, SUCCESS, logIndex=2266, commits[244f13ac-34be-4c4e-8e45-0c0272edbbb2:c2267, 6287e41a-5356-4f55-84f2-270816d53e84:c2265, a2c18d3d-e79d-47c9-88fe-d8a1d195302b:c2265]
2019-08-23 11:31:34,191 [grpc-default-executor-1] INFO  client.GrpcClientProtocolClient (GrpcClientProtocolClient.java:onNext(255)) - client-C9E345EC67ED->244f13ac-34be-4c4e-8e45-0c0272edbbb2: receive RaftClientReply:client-C9E345EC67ED->244f13ac-34be-4c4e-8e45-0c0272edbbb2@group-FE77C852EF02, cid=1598, SUCCESS, logIndex=2267, commits[244f13ac-34be-4c4e-8e45-0c0272edbbb2:c2267, 6287e41a-5356-4f55-84f2-270816d53e84:c2265, a2c18d3d-e79d-47c9-88fe-d8a1d195302b:c2265]
2019-08-23 11:31:34,191 | INFO  | DNAudit | user=null | ip=null | op=WRITE_CHUNK {blockData=conID: 1 locID: 102666069222883831 bcsId: 2261} | ret=SUCCESS |  
2019-08-23 11:31:34,191 | INFO  | DNAudit | user=null | ip=null | op=WRITE_CHUNK {blockData=conID: 1 locID: 102666069222883831 bcsId: 2261} | ret=SUCCESS |  
2019-08-23 11:31:34,193 | INFO  | DNAudit | user=null | ip=null | op=PUT_BLOCK {blockData=[blockId=conID: 1 locID: 102666069222883831 bcsId: 0,size=3145728]} | ret=SUCCESS |  
2019-08-23 11:31:34,193 | INFO  | DNAudit | user=null | ip=null | op=PUT_BLOCK {blockData=[blockId=conID: 1 locID: 102666069222883831 bcsId: 0,size=3145728]} | ret=SUCCESS |  
2019-08-23 11:31:34,199 | INFO  | DNAudit | user=null | ip=null | op=WRITE_CHUNK {blockData=conID: 1 locID: 102666069222883831 bcsId: 2267} | ret=SUCCESS |  
2019-08-23 11:31:34,200 | INFO  | DNAudit | user=null | ip=null | op=WRITE_CHUNK {blockData=conID: 1 locID: 102666069222883831 bcsId: 2267} | ret=SUCCESS |  
2019-08-23 11:31:34,201 | INFO  | DNAudit | user=null | ip=null | op=WRITE_CHUNK {blockData=conID: 1 locID: 102666069222883831 bcsId: 2267} | ret=SUCCESS |  
2019-08-23 11:31:34,206 | INFO  | DNAudit | user=null | ip=null | op=WRITE_CHUNK {blockData=conID: 1 locID: 102666069222883831 bcsId: 2267} | ret=SUCCESS |  
2019-08-23 11:31:34,207 | INFO  | DNAudit | user=null | ip=null | op=PUT_BLOCK {blockData=[blockId=conID: 1 locID: 102666069222883831 bcsId: 0,size=4194304]} | ret=SUCCESS |  
2019-08-23 11:31:34,207 [grpc-default-executor-2] INFO  client.GrpcClientProtocolClient (GrpcClientProtocolClient.java:onNext(255)) - client-C9E345EC67ED->244f13ac-34be-4c4e-8e45-0c0272edbbb2: receive RaftClientReply:client-C9E345EC67ED->244f13ac-34be-4c4e-8e45-0c0272edbbb2@group-FE77C852EF02, cid=1599, SUCCESS, logIndex=2270, commits[244f13ac-34be-4c4e-8e45-0c0272edbbb2:c2271, 6287e41a-5356-4f55-84f2-270816d53e84:c2269, a2c18d3d-e79d-47c9-88fe-d8a1d195302b:c2269]
2019-08-23 11:31:34,207 [grpc-default-executor-2] INFO  client.GrpcClientProtocolClient (GrpcClientProtocolClient.java:onNext(255)) - client-C9E345EC67ED->244f13ac-34be-4c4e-8e45-0c0272edbbb2: receive RaftClientReply:client-C9E345EC67ED->244f13ac-34be-4c4e-8e45-0c0272edbbb2@group-FE77C852EF02, cid=1600, SUCCESS, logIndex=2271, commits[244f13ac-34be-4c4e-8e45-0c0272edbbb2:c2271, 6287e41a-5356-4f55-84f2-270816d53e84:c2269, a2c18d3d-e79d-47c9-88fe-d8a1d195302b:c2269]
2019-08-23 11:31:34,217 | INFO  | DNAudit | user=null | ip=null | op=WRITE_CHUNK {blockData=conID: 1 locID: 102666069222883831 bcsId: 2267} | ret=SUCCESS |  
2019-08-23 11:31:34,217 | INFO  | DNAudit | user=null | ip=null | op=WRITE_CHUNK {blockData=conID: 1 locID: 102666069222883831 bcsId: 2267} | ret=SUCCESS |  
2019-08-23 11:31:34,218 | INFO  | DNAudit | user=null | ip=null | op=PUT_BLOCK {blockData=[blockId=conID: 1 locID: 102666069222883831 bcsId: 0,size=4194304]} | ret=SUCCESS |  
2019-08-23 11:31:34,219 | INFO  | DNAudit | user=null | ip=null | op=PUT_BLOCK {blockData=[blockId=conID: 1 locID: 102666069222883831 bcsId: 0,size=4194304]} | ret=SUCCESS |  
2019-08-23 11:31:34,219 [grpc-default-executor-1] INFO  client.GrpcClientProtocolClient (GrpcClientProtocolClient.java:onNext(255)) - client-C9E345EC67ED->244f13ac-34be-4c4e-8e45-0c0272edbbb2: receive RaftClientReply:client-C9E345EC67ED->244f13ac-34be-4c4e-8e45-0c0272edbbb2@group-FE77C852EF02, cid=1601, SUCCESS, logIndex=0, commits[244f13ac-34be-4c4e-8e45-0c0272edbbb2:c2272, 6287e41a-5356-4f55-84f2-270816d53e84:c2271, a2c18d3d-e79d-47c9-88fe-d8a1d195302b:c2271]
2019-08-23 11:31:34,222 | INFO  | SCMAudit | user=jenkins1000 | ip=192.168.5.185 | op=ALLOCATE_BLOCK {owner=00a23185-76ea-47b5-a641-ad3cfbe5521a, size=4194304, type=RATIS, factor=THREE} | ret=SUCCESS |  
2019-08-23 11:31:34,225 | INFO  | OMAudit | user=jenkins1000 | ip=127.0.0.1 | op=ALLOCATE_BLOCK {volume=vol-0-37508, bucket=bucket-0-50919, key=key-0-57313, dataSize=0, replicationType=null, replicationFactor=null, keyLocationInfo=null, clientID=102666068570931602} | ret=SUCCESS |  
2019-08-23 11:31:34,230 | INFO  | DNAudit | user=null | ip=null | op=WRITE_CHUNK {blockData=conID: 2 locID: 102666069227733496 bcsId: 0} | ret=SUCCESS |  
2019-08-23 11:31:34,232 | INFO  | DNAudit | user=null | ip=null | op=WRITE_CHUNK {blockData=conID: 2 locID: 102666069227733496 bcsId: 0} | ret=SUCCESS |  
2019-08-23 11:31:34,233 | INFO  | DNAudit | user=null | ip=null | op=WRITE_CHUNK {blockData=conID: 2 locID: 102666069227733496 bcsId: 0} | ret=SUCCESS |  
2019-08-23 11:31:34,233 | INFO  | DNAudit | user=null | ip=null | op=WRITE_CHUNK {blockData=conID: 2 locID: 102666069227733496 bcsId: 0} | ret=SUCCESS |  
2019-08-23 11:31:34,234 | INFO  | DNAudit | user=null | ip=null | op=WRITE_CHUNK {blockData=conID: 2 locID: 102666069227733496 bcsId: 0} | ret=SUCCESS |  
2019-08-23 11:31:34,235 | INFO  | DNAudit | user=null | ip=null | op=WRITE_CHUNK {blockData=conID: 2 locID: 102666069227733496 bcsId: 0} | ret=SUCCESS |  
2019-08-23 11:31:34,240 | INFO  | DNAudit | user=null | ip=null | op=WRITE_CHUNK {blockData=conID: 2 locID: 102666069227733496 bcsId: 0} | ret=SUCCESS |  
2019-08-23 11:31:34,241 | INFO  | DNAudit | user=null | ip=null | op=PUT_BLOCK {blockData=[blockId=conID: 2 locID: 102666069227733496 bcsId: 0,size=1048576]} | ret=SUCCESS |  
2019-08-23 11:31:34,241 [grpc-default-executor-5] INFO  client.GrpcClientProtocolClient (GrpcClientProtocolClient.java:onNext(255)) - client-C9E345EC67ED->244f13ac-34be-4c4e-8e45-0c0272edbbb2: receive RaftClientReply:client-C9E345EC67ED->244f13ac-34be-4c4e-8e45-0c0272edbbb2@group-FE77C852EF02, cid=1602, SUCCESS, logIndex=2274, commits[244f13ac-34be-4c4e-8e45-0c0272edbbb2:c2275, 6287e41a-5356-4f55-84f2-270816d53e84:c2273, a2c18d3d-e79d-47c9-88fe-d8a1d195302b:c2273]
2019-08-23 11:31:34,242 | INFO  | DNAudit | user=null | ip=null | op=WRITE_CHUNK {blockData=conID: 2 locID: 102666069227733496 bcsId: 0} | ret=SUCCESS |  
2019-08-23 11:31:34,242 | INFO  | DNAudit | user=null | ip=null | op=WRITE_CHUNK {blockData=conID: 2 locID: 102666069227733496 bcsId: 0} | ret=SUCCESS |  
2019-08-23 11:31:34,242 [grpc-default-executor-5] INFO  client.GrpcClientProtocolClient (GrpcClientProtocolClient.java:onNext(255)) - client-C9E345EC67ED->244f13ac-34be-4c4e-8e45-0c0272edbbb2: receive RaftClientReply:client-C9E345EC67ED->244f13ac-34be-4c4e-8e45-0c0272edbbb2@group-FE77C852EF02, cid=1603, SUCCESS, logIndex=2275, commits[244f13ac-34be-4c4e-8e45-0c0272edbbb2:c2275, 6287e41a-5356-4f55-84f2-270816d53e84:c2273, a2c18d3d-e79d-47c9-88fe-d8a1d195302b:c2273]
2019-08-23 11:31:34,242 | INFO  | DNAudit | user=null | ip=null | op=PUT_BLOCK {blockData=[blockId=conID: 2 locID: 102666069227733496 bcsId: 0,size=2097152]} | ret=SUCCESS |  
2019-08-23 11:31:34,242 [grpc-default-executor-5] INFO  client.GrpcClientProtocolClient (GrpcClientProtocolClient.java:onNext(255)) - client-C9E345EC67ED->244f13ac-34be-4c4e-8e45-0c0272edbbb2: receive RaftClientReply:client-C9E345EC67ED->244f13ac-34be-4c4e-8e45-0c0272edbbb2@group-FE77C852EF02, cid=1604, SUCCESS, logIndex=2276, commits[244f13ac-34be-4c4e-8e45-0c0272edbbb2:c2277, 6287e41a-5356-4f55-84f2-270816d53e84:c2274, a2c18d3d-e79d-47c9-88fe-d8a1d195302b:c2273]
2019-08-23 11:31:34,242 | INFO  | DNAudit | user=null | ip=null | op=PUT_BLOCK {blockData=[blockId=conID: 2 locID: 102666069227733496 bcsId: 0,size=1048576]} | ret=SUCCESS |  
2019-08-23 11:31:34,242 [grpc-default-executor-5] INFO  client.GrpcClientProtocolClient (GrpcClientProtocolClient.java:onNext(255)) - client-C9E345EC67ED->244f13ac-34be-4c4e-8e45-0c0272edbbb2: receive RaftClientReply:client-C9E345EC67ED->244f13ac-34be-4c4e-8e45-0c0272edbbb2@group-FE77C852EF02, cid=1605, SUCCESS, logIndex=2277, commits[244f13ac-34be-4c4e-8e45-0c0272edbbb2:c2277, 6287e41a-5356-4f55-84f2-270816d53e84:c2274, a2c18d3d-e79d-47c9-88fe-d8a1d195302b:c2273]
2019-08-23 11:31:34,243 | INFO  | DNAudit | user=null | ip=null | op=WRITE_CHUNK {blockData=conID: 2 locID: 102666069227733496 bcsId: 0} | ret=SUCCESS |  
2019-08-23 11:31:34,243 | INFO  | DNAudit | user=null | ip=null | op=PUT_BLOCK {blockData=[blockId=conID: 2 locID: 102666069227733496 bcsId: 0,size=1048576]} | ret=SUCCESS |  
2019-08-23 11:31:34,243 | INFO  | DNAudit | user=null | ip=null | op=WRITE_CHUNK {blockData=conID: 2 locID: 102666069227733496 bcsId: 0} | ret=SUCCESS |  
2019-08-23 11:31:34,244 | INFO  | DNAudit | user=null | ip=null | op=PUT_BLOCK {blockData=[blockId=conID: 2 locID: 102666069227733496 bcsId: 0,size=2097152]} | ret=SUCCESS |  
2019-08-23 11:31:34,244 [grpc-default-executor-5] INFO  client.GrpcClientProtocolClient (GrpcClientProtocolClient.java:onNext(255)) - client-C9E345EC67ED->244f13ac-34be-4c4e-8e45-0c0272edbbb2: receive RaftClientReply:client-C9E345EC67ED->244f13ac-34be-4c4e-8e45-0c0272edbbb2@group-FE77C852EF02, cid=1606, SUCCESS, logIndex=0, commits[244f13ac-34be-4c4e-8e45-0c0272edbbb2:c2279, 6287e41a-5356-4f55-84f2-270816d53e84:c2275, a2c18d3d-e79d-47c9-88fe-d8a1d195302b:c2275]
2019-08-23 11:31:34,244 | INFO  | DNAudit | user=null | ip=null | op=WRITE_CHUNK {blockData=conID: 2 locID: 102666069227733496 bcsId: 0} | ret=SUCCESS |  
2019-08-23 11:31:34,244 | INFO  | DNAudit | user=null | ip=null | op=PUT_BLOCK {blockData=[blockId=conID: 2 locID: 102666069227733496 bcsId: 0,size=2097152]} | ret=SUCCESS |  
2019-08-23 11:31:34,249 | INFO  | DNAudit | user=null | ip=null | op=WRITE_CHUNK {blockData=conID: 2 locID: 102666069227733496 bcsId: 2277} | ret=SUCCESS |  
2019-08-23 11:31:34,251 | INFO  | DNAudit | user=null | ip=null | op=WRITE_CHUNK {blockData=conID: 2 locID: 102666069227733496 bcsId: 2277} | ret=SUCCESS |  
2019-08-23 11:31:34,251 | INFO  | DNAudit | user=null | ip=null | op=WRITE_CHUNK {blockData=conID: 2 locID: 102666069227733496 bcsId: 2277} | ret=SUCCESS |  
2019-08-23 11:31:34,286 | INFO  | DNAudit | user=null | ip=null | op=WRITE_CHUNK {blockData=conID: 2 locID: 102666069227733496 bcsId: 2277} | ret=SUCCESS |  
2019-08-23 11:31:34,286 | INFO  | DNAudit | user=null | ip=null | op=PUT_BLOCK {blockData=[blockId=conID: 2 locID: 102666069227733496 bcsId: 0,size=3145728]} | ret=SUCCESS |  
2019-08-23 11:31:34,287 [grpc-default-executor-1] INFO  client.GrpcClientProtocolClient (GrpcClientProtocolClient.java:onNext(255)) - client-C9E345EC67ED->244f13ac-34be-4c4e-8e45-0c0272edbbb2: receive RaftClientReply:client-C9E345EC67ED->244f13ac-34be-4c4e-8e45-0c0272edbbb2@group-FE77C852EF02, cid=1607, SUCCESS, logIndex=2281, commits[244f13ac-34be-4c4e-8e45-0c0272edbbb2:c2282, 6287e41a-5356-4f55-84f2-270816d53e84:c2280, a2c18d3d-e79d-47c9-88fe-d8a1d195302b:c2280]
2019-08-23 11:31:34,287 [grpc-default-executor-1] INFO  client.GrpcClientProtocolClient (GrpcClientProtocolClient.java:onNext(255)) - client-C9E345EC67ED->244f13ac-34be-4c4e-8e45-0c0272edbbb2: receive RaftClientReply:client-C9E345EC67ED->244f13ac-34be-4c4e-8e45-0c0272edbbb2@group-FE77C852EF02, cid=1608, SUCCESS, logIndex=2282, commits[244f13ac-34be-4c4e-8e45-0c0272edbbb2:c2282, 6287e41a-5356-4f55-84f2-270816d53e84:c2280, a2c18d3d-e79d-47c9-88fe-d8a1d195302b:c2280]
2019-08-23 11:31:34,287 | INFO  | DNAudit | user=null | ip=null | op=WRITE_CHUNK {blockData=conID: 2 locID: 102666069227733496 bcsId: 2277} | ret=SUCCESS |  
2019-08-23 11:31:34,288 | INFO  | DNAudit | user=null | ip=null | op=WRITE_CHUNK {blockData=conID: 2 locID: 102666069227733496 bcsId: 2277} | ret=SUCCESS |  
2019-08-23 11:31:34,288 | INFO  | DNAudit | user=null | ip=null | op=PUT_BLOCK {blockData=[blockId=conID: 2 locID: 102666069227733496 bcsId: 0,size=3145728]} | ret=SUCCESS |  
2019-08-23 11:31:34,289 | INFO  | DNAudit | user=null | ip=null | op=PUT_BLOCK {blockData=[blockId=conID: 2 locID: 102666069227733496 bcsId: 0,size=3145728]} | ret=SUCCESS |  
2019-08-23 11:31:34,292 | INFO  | DNAudit | user=null | ip=null | op=WRITE_CHUNK {blockData=conID: 2 locID: 102666069227733496 bcsId: 2282} | ret=SUCCESS |  
2019-08-23 11:31:34,295 | INFO  | DNAudit | user=null | ip=null | op=WRITE_CHUNK {blockData=conID: 2 locID: 102666069227733496 bcsId: 2282} | ret=SUCCESS |  
2019-08-23 11:31:34,295 | INFO  | DNAudit | user=null | ip=null | op=WRITE_CHUNK {blockData=conID: 2 locID: 102666069227733496 bcsId: 2282} | ret=SUCCESS |  
2019-08-23 11:31:34,301 | INFO  | DNAudit | user=null | ip=null | op=WRITE_CHUNK {blockData=conID: 2 locID: 102666069227733496 bcsId: 2282} | ret=SUCCESS |  
2019-08-23 11:31:34,302 | INFO  | DNAudit | user=null | ip=null | op=PUT_BLOCK {blockData=[blockId=conID: 2 locID: 102666069227733496 bcsId: 0,size=4194304]} | ret=SUCCESS |  
2019-08-23 11:31:34,302 [grpc-default-executor-2] INFO  client.GrpcClientProtocolClient (GrpcClientProtocolClient.java:onNext(255)) - client-C9E345EC67ED->244f13ac-34be-4c4e-8e45-0c0272edbbb2: receive RaftClientReply:client-C9E345EC67ED->244f13ac-34be-4c4e-8e45-0c0272edbbb2@group-FE77C852EF02, cid=1609, SUCCESS, logIndex=2285, commits[244f13ac-34be-4c4e-8e45-0c0272edbbb2:c2286, 6287e41a-5356-4f55-84f2-270816d53e84:c2284, a2c18d3d-e79d-47c9-88fe-d8a1d195302b:c2284]
2019-08-23 11:31:34,302 | INFO  | DNAudit | user=null | ip=null | op=WRITE_CHUNK {blockData=conID: 2 locID: 102666069227733496 bcsId: 2282} | ret=SUCCESS |  
2019-08-23 11:31:34,302 [grpc-default-executor-2] INFO  client.GrpcClientProtocolClient (GrpcClientProtocolClient.java:onNext(255)) - client-C9E345EC67ED->244f13ac-34be-4c4e-8e45-0c0272edbbb2: receive RaftClientReply:client-C9E345EC67ED->244f13ac-34be-4c4e-8e45-0c0272edbbb2@group-FE77C852EF02, cid=1610, SUCCESS, logIndex=2286, commits[244f13ac-34be-4c4e-8e45-0c0272edbbb2:c2286, 6287e41a-5356-4f55-84f2-270816d53e84:c2284, a2c18d3d-e79d-47c9-88fe-d8a1d195302b:c2284]
2019-08-23 11:31:34,303 | INFO  | DNAudit | user=null | ip=null | op=WRITE_CHUNK {blockData=conID: 2 locID: 102666069227733496 bcsId: 2282} | ret=SUCCESS |  
2019-08-23 11:31:34,303 | INFO  | DNAudit | user=null | ip=null | op=PUT_BLOCK {blockData=[blockId=conID: 2 locID: 102666069227733496 bcsId: 0,size=4194304]} | ret=SUCCESS |  
2019-08-23 11:31:34,304 | INFO  | DNAudit | user=null | ip=null | op=PUT_BLOCK {blockData=[blockId=conID: 2 locID: 102666069227733496 bcsId: 0,size=4194304]} | ret=SUCCESS |  
2019-08-23 11:31:34,305 [grpc-default-executor-2] INFO  client.GrpcClientProtocolClient (GrpcClientProtocolClient.java:onNext(255)) - client-C9E345EC67ED->244f13ac-34be-4c4e-8e45-0c0272edbbb2: receive RaftClientReply:client-C9E345EC67ED->244f13ac-34be-4c4e-8e45-0c0272edbbb2@group-FE77C852EF02, cid=1611, SUCCESS, logIndex=0, commits[244f13ac-34be-4c4e-8e45-0c0272edbbb2:c2288, 6287e41a-5356-4f55-84f2-270816d53e84:c2286, a2c18d3d-e79d-47c9-88fe-d8a1d195302b:c2286]
2019-08-23 11:31:34,308 | INFO  | SCMAudit | user=jenkins1000 | ip=192.168.5.185 | op=ALLOCATE_BLOCK {owner=00a23185-76ea-47b5-a641-ad3cfbe5521a, size=4194304, type=RATIS, factor=THREE} | ret=SUCCESS |  
2019-08-23 11:31:34,310 | INFO  | OMAudit | user=jenkins1000 | ip=127.0.0.1 | op=ALLOCATE_BLOCK {volume=vol-0-37508, bucket=bucket-0-50919, key=key-0-57313, dataSize=0, replicationType=null, replicationFactor=null, keyLocationInfo=null, clientID=102666068570931602} | ret=SUCCESS |  
2019-08-23 11:31:34,316 | INFO  | DNAudit | user=null | ip=null | op=WRITE_CHUNK {blockData=conID: 3 locID: 102666069233369593 bcsId: 0} | ret=SUCCESS |  
2019-08-23 11:31:34,318 | INFO  | DNAudit | user=null | ip=null | op=WRITE_CHUNK {blockData=conID: 3 locID: 102666069233369593 bcsId: 0} | ret=SUCCESS |  
2019-08-23 11:31:34,318 | INFO  | DNAudit | user=null | ip=null | op=WRITE_CHUNK {blockData=conID: 3 locID: 102666069233369593 bcsId: 0} | ret=SUCCESS |  
2019-08-23 11:31:34,319 | INFO  | DNAudit | user=null | ip=null | op=WRITE_CHUNK {blockData=conID: 3 locID: 102666069233369593 bcsId: 0} | ret=SUCCESS |  
2019-08-23 11:31:34,320 | INFO  | DNAudit | user=null | ip=null | op=WRITE_CHUNK {blockData=conID: 3 locID: 102666069233369593 bcsId: 0} | ret=SUCCESS |  
2019-08-23 11:31:34,320 | INFO  | DNAudit | user=null | ip=null | op=WRITE_CHUNK {blockData=conID: 3 locID: 102666069233369593 bcsId: 0} | ret=SUCCESS |  
2019-08-23 11:31:34,322 | INFO  | DNAudit | user=null | ip=null | op=WRITE_CHUNK {blockData=conID: 3 locID: 102666069233369593 bcsId: 0} | ret=SUCCESS |  
2019-08-23 11:31:34,322 | INFO  | DNAudit | user=null | ip=null | op=PUT_BLOCK {blockData=[blockId=conID: 3 locID: 102666069233369593 bcsId: 0,size=1048576]} | ret=SUCCESS |  
2019-08-23 11:31:34,323 [grpc-default-executor-2] INFO  client.GrpcClientProtocolClient (GrpcClientProtocolClient.java:onNext(255)) - client-C9E345EC67ED->244f13ac-34be-4c4e-8e45-0c0272edbbb2: receive RaftClientReply:client-C9E345EC67ED->244f13ac-34be-4c4e-8e45-0c0272edbbb2@group-FE77C852EF02, cid=1612, SUCCESS, logIndex=2289, commits[244f13ac-34be-4c4e-8e45-0c0272edbbb2:c2290, 6287e41a-5356-4f55-84f2-270816d53e84:c2288, a2c18d3d-e79d-47c9-88fe-d8a1d195302b:c2288]
2019-08-23 11:31:34,323 [grpc-default-executor-2] INFO  client.GrpcClientProtocolClient (GrpcClientProtocolClient.java:onNext(255)) - client-C9E345EC67ED->244f13ac-34be-4c4e-8e45-0c0272edbbb2: receive RaftClientReply:client-C9E345EC67ED->244f13ac-34be-4c4e-8e45-0c0272edbbb2@group-FE77C852EF02, cid=1613, SUCCESS, logIndex=2290, commits[244f13ac-34be-4c4e-8e45-0c0272edbbb2:c2290, 6287e41a-5356-4f55-84f2-270816d53e84:c2288, a2c18d3d-e79d-47c9-88fe-d8a1d195302b:c2288]
2019-08-23 11:31:34,323 | INFO  | DNAudit | user=null | ip=null | op=WRITE_CHUNK {blockData=conID: 3 locID: 102666069233369593 bcsId: 0} | ret=SUCCESS |  
2019-08-23 11:31:34,324 | INFO  | DNAudit | user=null | ip=null | op=WRITE_CHUNK {blockData=conID: 3 locID: 102666069233369593 bcsId: 0} | ret=SUCCESS |  
2019-08-23 11:31:34,324 | INFO  | DNAudit | user=null | ip=null | op=PUT_BLOCK {blockData=[blockId=conID: 3 locID: 102666069233369593 bcsId: 0,size=2097152]} | ret=SUCCESS |  
2019-08-23 11:31:34,324 [grpc-default-executor-2] INFO  client.GrpcClientProtocolClient (GrpcClientProtocolClient.java:onNext(255)) - client-C9E345EC67ED->244f13ac-34be-4c4e-8e45-0c0272edbbb2: receive RaftClientReply:client-C9E345EC67ED->244f13ac-34be-4c4e-8e45-0c0272edbbb2@group-FE77C852EF02, cid=1614, SUCCESS, logIndex=2291, commits[244f13ac-34be-4c4e-8e45-0c0272edbbb2:c2292, 6287e41a-5356-4f55-84f2-270816d53e84:c2288, a2c18d3d-e79d-47c9-88fe-d8a1d195302b:c2288]
2019-08-23 11:31:34,324 [grpc-default-executor-2] INFO  client.GrpcClientProtocolClient (GrpcClientProtocolClient.java:onNext(255)) - client-C9E345EC67ED->244f13ac-34be-4c4e-8e45-0c0272edbbb2: receive RaftClientReply:client-C9E345EC67ED->244f13ac-34be-4c4e-8e45-0c0272edbbb2@group-FE77C852EF02, cid=1615, SUCCESS, logIndex=2292, commits[244f13ac-34be-4c4e-8e45-0c0272edbbb2:c2292, 6287e41a-5356-4f55-84f2-270816d53e84:c2288, a2c18d3d-e79d-47c9-88fe-d8a1d195302b:c2288]
2019-08-23 11:31:34,325 | INFO  | DNAudit | user=null | ip=null | op=PUT_BLOCK {blockData=[blockId=conID: 3 locID: 102666069233369593 bcsId: 0,size=1048576]} | ret=SUCCESS |  
2019-08-23 11:31:34,325 | INFO  | DNAudit | user=null | ip=null | op=WRITE_CHUNK {blockData=conID: 3 locID: 102666069233369593 bcsId: 0} | ret=SUCCESS |  
2019-08-23 11:31:34,325 | INFO  | DNAudit | user=null | ip=null | op=PUT_BLOCK {blockData=[blockId=conID: 3 locID: 102666069233369593 bcsId: 0,size=1048576]} | ret=SUCCESS |  
2019-08-23 11:31:34,325 | INFO  | DNAudit | user=null | ip=null | op=WRITE_CHUNK {blockData=conID: 3 locID: 102666069233369593 bcsId: 0} | ret=SUCCESS |  
2019-08-23 11:31:34,326 | INFO  | DNAudit | user=null | ip=null | op=PUT_BLOCK {blockData=[blockId=conID: 3 locID: 102666069233369593 bcsId: 0,size=2097152]} | ret=SUCCESS |  
2019-08-23 11:31:34,326 [grpc-default-executor-2] INFO  client.GrpcClientProtocolClient (GrpcClientProtocolClient.java:onNext(255)) - client-C9E345EC67ED->244f13ac-34be-4c4e-8e45-0c0272edbbb2: receive RaftClientReply:client-C9E345EC67ED->244f13ac-34be-4c4e-8e45-0c0272edbbb2@group-FE77C852EF02, cid=1616, SUCCESS, logIndex=0, commits[244f13ac-34be-4c4e-8e45-0c0272edbbb2:c2294, 6287e41a-5356-4f55-84f2-270816d53e84:c2290, a2c18d3d-e79d-47c9-88fe-d8a1d195302b:c2290]
2019-08-23 11:31:34,326 | INFO  | DNAudit | user=null | ip=null | op=WRITE_CHUNK {blockData=conID: 3 locID: 102666069233369593 bcsId: 0} | ret=SUCCESS |  
2019-08-23 11:31:34,327 | INFO  | DNAudit | user=null | ip=null | op=PUT_BLOCK {blockData=[blockId=conID: 3 locID: 102666069233369593 bcsId: 0,size=2097152]} | ret=SUCCESS |  
2019-08-23 11:31:34,332 | INFO  | DNAudit | user=null | ip=null | op=WRITE_CHUNK {blockData=conID: 3 locID: 102666069233369593 bcsId: 2292} | ret=SUCCESS |  
2019-08-23 11:31:34,334 | INFO  | DNAudit | user=null | ip=null | op=WRITE_CHUNK {blockData=conID: 3 locID: 102666069233369593 bcsId: 2292} | ret=SUCCESS |  
2019-08-23 11:31:34,334 | INFO  | DNAudit | user=null | ip=null | op=WRITE_CHUNK {blockData=conID: 3 locID: 102666069233369593 bcsId: 2292} | ret=SUCCESS |  
2019-08-23 11:31:34,339 | INFO  | DNAudit | user=null | ip=null | op=WRITE_CHUNK {blockData=conID: 3 locID: 102666069233369593 bcsId: 2292} | ret=SUCCESS |  
2019-08-23 11:31:34,340 | INFO  | DNAudit | user=null | ip=null | op=PUT_BLOCK {blockData=[blockId=conID: 3 locID: 102666069233369593 bcsId: 0,size=3145728]} | ret=SUCCESS |  
2019-08-23 11:31:34,340 [grpc-default-executor-2] INFO  client.GrpcClientProtocolClient (GrpcClientProtocolClient.java:onNext(255)) - client-C9E345EC67ED->244f13ac-34be-4c4e-8e45-0c0272edbbb2: receive RaftClientReply:client-C9E345EC67ED->244f13ac-34be-4c4e-8e45-0c0272edbbb2@group-FE77C852EF02, cid=1617, SUCCESS, logIndex=2296, commits[244f13ac-34be-4c4e-8e45-0c0272edbbb2:c2297, 6287e41a-5356-4f55-84f2-270816d53e84:c2295, a2c18d3d-e79d-47c9-88fe-d8a1d195302b:c2295]
2019-08-23 11:31:34,340 [grpc-default-executor-2] INFO  client.GrpcClientProtocolClient (GrpcClientProtocolClient.java:onNext(255)) - client-C9E345EC67ED->244f13ac-34be-4c4e-8e45-0c0272edbbb2: receive RaftClientReply:client-C9E345EC67ED->244f13ac-34be-4c4e-8e45-0c0272edbbb2@group-FE77C852EF02, cid=1618, SUCCESS, logIndex=2297, commits[244f13ac-34be-4c4e-8e45-0c0272edbbb2:c2297, 6287e41a-5356-4f55-84f2-270816d53e84:c2295, a2c18d3d-e79d-47c9-88fe-d8a1d195302b:c2295]
2019-08-23 11:31:34,346 | INFO  | DNAudit | user=null | ip=null | op=WRITE_CHUNK {blockData=conID: 3 locID: 102666069233369593 bcsId: 2297} | ret=SUCCESS |  
2019-08-23 11:31:34,432 | INFO  | DNAudit | user=null | ip=null | op=WRITE_CHUNK {blockData=conID: 3 locID: 102666069233369593 bcsId: 2292} | ret=SUCCESS |  
2019-08-23 11:31:34,433 | INFO  | DNAudit | user=null | ip=null | op=WRITE_CHUNK {blockData=conID: 3 locID: 102666069233369593 bcsId: 2297} | ret=SUCCESS |  
2019-08-23 11:31:34,433 | INFO  | DNAudit | user=null | ip=null | op=WRITE_CHUNK {blockData=conID: 3 locID: 102666069233369593 bcsId: 2297} | ret=SUCCESS |  
2019-08-23 11:31:34,435 | INFO  | DNAudit | user=null | ip=null | op=WRITE_CHUNK {blockData=conID: 3 locID: 102666069233369593 bcsId: 2292} | ret=SUCCESS |  
2019-08-23 11:31:34,439 | INFO  | DNAudit | user=null | ip=null | op=PUT_BLOCK {blockData=[blockId=conID: 3 locID: 102666069233369593 bcsId: 0,size=3145728]} | ret=SUCCESS |  
2019-08-23 11:31:34,439 | INFO  | DNAudit | user=null | ip=null | op=PUT_BLOCK {blockData=[blockId=conID: 3 locID: 102666069233369593 bcsId: 0,size=3145728]} | ret=SUCCESS |  
2019-08-23 11:31:34,440 | INFO  | DNAudit | user=null | ip=null | op=WRITE_CHUNK {blockData=conID: 3 locID: 102666069233369593 bcsId: 2297} | ret=SUCCESS |  
2019-08-23 11:31:34,441 | INFO  | DNAudit | user=null | ip=null | op=PUT_BLOCK {blockData=[blockId=conID: 3 locID: 102666069233369593 bcsId: 0,size=4194304]} | ret=SUCCESS |  
2019-08-23 11:31:34,441 [grpc-default-executor-1] INFO  client.GrpcClientProtocolClient (GrpcClientProtocolClient.java:onNext(255)) - client-C9E345EC67ED->244f13ac-34be-4c4e-8e45-0c0272edbbb2: receive RaftClientReply:client-C9E345EC67ED->244f13ac-34be-4c4e-8e45-0c0272edbbb2@group-FE77C852EF02, cid=1619, SUCCESS, logIndex=2300, commits[244f13ac-34be-4c4e-8e45-0c0272edbbb2:c2301, 6287e41a-5356-4f55-84f2-270816d53e84:c2297, a2c18d3d-e79d-47c9-88fe-d8a1d195302b:c2297]
2019-08-23 11:31:34,442 [grpc-default-executor-1] INFO  client.GrpcClientProtocolClient (GrpcClientProtocolClient.java:onNext(255)) - client-C9E345EC67ED->244f13ac-34be-4c4e-8e45-0c0272edbbb2: receive RaftClientReply:client-C9E345EC67ED->244f13ac-34be-4c4e-8e45-0c0272edbbb2@group-FE77C852EF02, cid=1620, SUCCESS, logIndex=2301, commits[244f13ac-34be-4c4e-8e45-0c0272edbbb2:c2301, 6287e41a-5356-4f55-84f2-270816d53e84:c2297, a2c18d3d-e79d-47c9-88fe-d8a1d195302b:c2297]
2019-08-23 11:31:34,443 | INFO  | DNAudit | user=null | ip=null | op=WRITE_CHUNK {blockData=conID: 3 locID: 102666069233369593 bcsId: 2297} | ret=SUCCESS |  
2019-08-23 11:31:34,443 | INFO  | DNAudit | user=null | ip=null | op=WRITE_CHUNK {blockData=conID: 3 locID: 102666069233369593 bcsId: 2297} | ret=SUCCESS |  
2019-08-23 11:31:34,443 | INFO  | DNAudit | user=null | ip=null | op=PUT_BLOCK {blockData=[blockId=conID: 3 locID: 102666069233369593 bcsId: 0,size=4194304]} | ret=SUCCESS |  
2019-08-23 11:31:34,443 | INFO  | DNAudit | user=null | ip=null | op=PUT_BLOCK {blockData=[blockId=conID: 3 locID: 102666069233369593 bcsId: 0,size=4194304]} | ret=SUCCESS |  
2019-08-23 11:31:34,445 [grpc-default-executor-1] INFO  client.GrpcClientProtocolClient (GrpcClientProtocolClient.java:onNext(255)) - client-C9E345EC67ED->244f13ac-34be-4c4e-8e45-0c0272edbbb2: receive RaftClientReply:client-C9E345EC67ED->244f13ac-34be-4c4e-8e45-0c0272edbbb2@group-FE77C852EF02, cid=1621, SUCCESS, logIndex=0, commits[244f13ac-34be-4c4e-8e45-0c0272edbbb2:c2302, 6287e41a-5356-4f55-84f2-270816d53e84:c2301, a2c18d3d-e79d-47c9-88fe-d8a1d195302b:c2301]
2019-08-23 11:31:34,453 | INFO  | SCMAudit | user=jenkins1000 | ip=192.168.5.185 | op=ALLOCATE_BLOCK {owner=00a23185-76ea-47b5-a641-ad3cfbe5521a, size=4194304, type=RATIS, factor=THREE} | ret=SUCCESS |  
 0.00% |█                                                                                                    |  0/1 Time: 0:00:102019-08-23 11:31:34,457 | INFO  | SCMAudit | user=jenkins1000 | ip=192.168.5.185 | op=SEND_HEARTBEAT {datanodeUUID=6287e41a-5356-4f55-84f2-270816d53e84, command=[]} | ret=SUCCESS |  
2019-08-23 11:31:34,457 | INFO  | SCMAudit | user=jenkins1000 | ip=192.168.5.185 | op=SEND_HEARTBEAT {datanodeUUID=a2c18d3d-e79d-47c9-88fe-d8a1d195302b, command=[]} | ret=SUCCESS |  
2019-08-23 11:31:34,457 | INFO  | SCMAudit | user=jenkins1000 | ip=192.168.5.185 | op=SEND_HEARTBEAT {datanodeUUID=244f13ac-34be-4c4e-8e45-0c0272edbbb2, command=[]} | ret=SUCCESS |  
2019-08-23 11:31:34,458 | INFO  | OMAudit | user=jenkins1000 | ip=127.0.0.1 | op=ALLOCATE_BLOCK {volume=vol-0-37508, bucket=bucket-0-50919, key=key-0-57313, dataSize=0, replicationType=null, replicationFactor=null, keyLocationInfo=null, clientID=102666068570931602} | ret=SUCCESS |  
2019-08-23 11:31:34,469 | INFO  | DNAudit | user=null | ip=null | op=WRITE_CHUNK {blockData=conID: 1 locID: 102666069242872314 bcsId: 0} | ret=SUCCESS |  
2019-08-23 11:31:34,473 | INFO  | DNAudit | user=null | ip=null | op=WRITE_CHUNK {blockData=conID: 1 locID: 102666069242872314 bcsId: 0} | ret=SUCCESS |  
2019-08-23 11:31:34,473 | INFO  | DNAudit | user=null | ip=null | op=WRITE_CHUNK {blockData=conID: 1 locID: 102666069242872314 bcsId: 0} | ret=SUCCESS |  
2019-08-23 11:31:34,473 | INFO  | DNAudit | user=null | ip=null | op=WRITE_CHUNK {blockData=conID: 1 locID: 102666069242872314 bcsId: 0} | ret=SUCCESS |  
2019-08-23 11:31:34,474 | INFO  | DNAudit | user=null | ip=null | op=WRITE_CHUNK {blockData=conID: 1 locID: 102666069242872314 bcsId: 0} | ret=SUCCESS |  
2019-08-23 11:31:34,475 | INFO  | DNAudit | user=null | ip=null | op=WRITE_CHUNK {blockData=conID: 1 locID: 102666069242872314 bcsId: 0} | ret=SUCCESS |  
2019-08-23 11:31:34,478 | INFO  | DNAudit | user=null | ip=null | op=WRITE_CHUNK {blockData=conID: 1 locID: 102666069242872314 bcsId: 0} | ret=SUCCESS |  
2019-08-23 11:31:34,478 | INFO  | DNAudit | user=null | ip=null | op=PUT_BLOCK {blockData=[blockId=conID: 1 locID: 102666069242872314 bcsId: 0,size=1048576]} | ret=SUCCESS |  
2019-08-23 11:31:34,478 [grpc-default-executor-4] INFO  client.GrpcClientProtocolClient (GrpcClientProtocolClient.java:onNext(255)) - client-C9E345EC67ED->244f13ac-34be-4c4e-8e45-0c0272edbbb2: receive RaftClientReply:client-C9E345EC67ED->244f13ac-34be-4c4e-8e45-0c0272edbbb2@group-FE77C852EF02, cid=1622, SUCCESS, logIndex=2304, commits[244f13ac-34be-4c4e-8e45-0c0272edbbb2:c2307, 6287e41a-5356-4f55-84f2-270816d53e84:c2303, a2c18d3d-e79d-47c9-88fe-d8a1d195302b:c2303]
2019-08-23 11:31:34,479 | INFO  | DNAudit | user=null | ip=null | op=WRITE_CHUNK {blockData=conID: 1 locID: 102666069242872314 bcsId: 0} | ret=SUCCESS |  
2019-08-23 11:31:34,479 [grpc-default-executor-4] INFO  client.GrpcClientProtocolClient (GrpcClientProtocolClient.java:onNext(255)) - client-C9E345EC67ED->244f13ac-34be-4c4e-8e45-0c0272edbbb2: receive RaftClientReply:client-C9E345EC67ED->244f13ac-34be-4c4e-8e45-0c0272edbbb2@group-FE77C852EF02, cid=1623, SUCCESS, logIndex=2305, commits[244f13ac-34be-4c4e-8e45-0c0272edbbb2:c2307, 6287e41a-5356-4f55-84f2-270816d53e84:c2303, a2c18d3d-e79d-47c9-88fe-d8a1d195302b:c2303]
2019-08-23 11:31:34,479 | INFO  | DNAudit | user=null | ip=null | op=PUT_BLOCK {blockData=[blockId=conID: 1 locID: 102666069242872314 bcsId: 0,size=2097152]} | ret=SUCCESS |  
2019-08-23 11:31:34,479 [grpc-default-executor-4] INFO  client.GrpcClientProtocolClient (GrpcClientProtocolClient.java:onNext(255)) - client-C9E345EC67ED->244f13ac-34be-4c4e-8e45-0c0272edbbb2: receive RaftClientReply:client-C9E345EC67ED->244f13ac-34be-4c4e-8e45-0c0272edbbb2@group-FE77C852EF02, cid=1624, SUCCESS, logIndex=2306, commits[244f13ac-34be-4c4e-8e45-0c0272edbbb2:c2307, 6287e41a-5356-4f55-84f2-270816d53e84:c2303, a2c18d3d-e79d-47c9-88fe-d8a1d195302b:c2303]
2019-08-23 11:31:34,480 [grpc-default-executor-4] INFO  client.GrpcClientProtocolClient (GrpcClientProtocolClient.java:onNext(255)) - client-C9E345EC67ED->244f13ac-34be-4c4e-8e45-0c0272edbbb2: receive RaftClientReply:client-C9E345EC67ED->244f13ac-34be-4c4e-8e45-0c0272edbbb2@group-FE77C852EF02, cid=1625, SUCCESS, logIndex=2307, commits[244f13ac-34be-4c4e-8e45-0c0272edbbb2:c2307, 6287e41a-5356-4f55-84f2-270816d53e84:c2303, a2c18d3d-e79d-47c9-88fe-d8a1d195302b:c2303]
2019-08-23 11:31:34,480 | INFO  | DNAudit | user=null | ip=null | op=WRITE_CHUNK {blockData=conID: 1 locID: 102666069242872314 bcsId: 0} | ret=SUCCESS |  
2019-08-23 11:31:34,481 | INFO  | DNAudit | user=null | ip=null | op=WRITE_CHUNK {blockData=conID: 1 locID: 102666069242872314 bcsId: 0} | ret=SUCCESS |  
2019-08-23 11:31:34,481 | INFO  | DNAudit | user=null | ip=null | op=PUT_BLOCK {blockData=[blockId=conID: 1 locID: 102666069242872314 bcsId: 0,size=1048576]} | ret=SUCCESS |  
2019-08-23 11:31:34,481 | INFO  | DNAudit | user=null | ip=null | op=PUT_BLOCK {blockData=[blockId=conID: 1 locID: 102666069242872314 bcsId: 0,size=1048576]} | ret=SUCCESS |  
2019-08-23 11:31:34,482 | INFO  | DNAudit | user=null | ip=null | op=WRITE_CHUNK {blockData=conID: 1 locID: 102666069242872314 bcsId: 0} | ret=SUCCESS |  
2019-08-23 11:31:34,482 | INFO  | DNAudit | user=null | ip=null | op=WRITE_CHUNK {blockData=conID: 1 locID: 102666069242872314 bcsId: 0} | ret=SUCCESS |  
2019-08-23 11:31:34,482 | INFO  | DNAudit | user=null | ip=null | op=PUT_BLOCK {blockData=[blockId=conID: 1 locID: 102666069242872314 bcsId: 0,size=2097152]} | ret=SUCCESS |  
2019-08-23 11:31:34,482 | INFO  | DNAudit | user=null | ip=null | op=PUT_BLOCK {blockData=[blockId=conID: 1 locID: 102666069242872314 bcsId: 0,size=2097152]} | ret=SUCCESS |  
2019-08-23 11:31:34,483 [grpc-default-executor-4] INFO  client.GrpcClientProtocolClient (GrpcClientProtocolClient.java:onNext(255)) - client-C9E345EC67ED->244f13ac-34be-4c4e-8e45-0c0272edbbb2: receive RaftClientReply:client-C9E345EC67ED->244f13ac-34be-4c4e-8e45-0c0272edbbb2@group-FE77C852EF02, cid=1626, SUCCESS, logIndex=0, commits[244f13ac-34be-4c4e-8e45-0c0272edbbb2:c2308, 6287e41a-5356-4f55-84f2-270816d53e84:c2305, a2c18d3d-e79d-47c9-88fe-d8a1d195302b:c2305]
2019-08-23 11:31:34,492 | INFO  | DNAudit | user=null | ip=null | op=WRITE_CHUNK {blockData=conID: 1 locID: 102666069242872314 bcsId: 2307} | ret=SUCCESS |  
2019-08-23 11:31:34,495 | INFO  | DNAudit | user=null | ip=null | op=WRITE_CHUNK {blockData=conID: 1 locID: 102666069242872314 bcsId: 2307} | ret=SUCCESS |  
2019-08-23 11:31:34,495 | INFO  | DNAudit | user=null | ip=null | op=WRITE_CHUNK {blockData=conID: 1 locID: 102666069242872314 bcsId: 2307} | ret=SUCCESS |  
2019-08-23 11:31:34,505 | INFO  | DNAudit | user=null | ip=null | op=WRITE_CHUNK {blockData=conID: 1 locID: 102666069242872314 bcsId: 2307} | ret=SUCCESS |  
2019-08-23 11:31:34,505 | INFO  | DNAudit | user=null | ip=null | op=PUT_BLOCK {blockData=[blockId=conID: 1 locID: 102666069242872314 bcsId: 0,size=3145728]} | ret=SUCCESS |  
2019-08-23 11:31:34,506 [grpc-default-executor-1] INFO  client.GrpcClientProtocolClient (GrpcClientProtocolClient.java:onNext(255)) - client-C9E345EC67ED->244f13ac-34be-4c4e-8e45-0c0272edbbb2: receive RaftClientReply:client-C9E345EC67ED->244f13ac-34be-4c4e-8e45-0c0272edbbb2@group-FE77C852EF02, cid=1627, SUCCESS, logIndex=2311, commits[244f13ac-34be-4c4e-8e45-0c0272edbbb2:c2312, 6287e41a-5356-4f55-84f2-270816d53e84:c2310, a2c18d3d-e79d-47c9-88fe-d8a1d195302b:c2310]
2019-08-23 11:31:34,506 [grpc-default-executor-1] INFO  client.GrpcClientProtocolClient (GrpcClientProtocolClient.java:onNext(255)) - client-C9E345EC67ED->244f13ac-34be-4c4e-8e45-0c0272edbbb2: receive RaftClientReply:client-C9E345EC67ED->244f13ac-34be-4c4e-8e45-0c0272edbbb2@group-FE77C852EF02, cid=1628, SUCCESS, logIndex=2312, commits[244f13ac-34be-4c4e-8e45-0c0272edbbb2:c2312, 6287e41a-5356-4f55-84f2-270816d53e84:c2310, a2c18d3d-e79d-47c9-88fe-d8a1d195302b:c2310]
2019-08-23 11:31:34,507 | INFO  | DNAudit | user=null | ip=null | op=WRITE_CHUNK {blockData=conID: 1 locID: 102666069242872314 bcsId: 2307} | ret=SUCCESS |  
2019-08-23 11:31:34,507 | INFO  | DNAudit | user=null | ip=null | op=WRITE_CHUNK {blockData=conID: 1 locID: 102666069242872314 bcsId: 2307} | ret=SUCCESS |  
2019-08-23 11:31:34,507 | INFO  | DNAudit | user=null | ip=null | op=PUT_BLOCK {blockData=[blockId=conID: 1 locID: 102666069242872314 bcsId: 0,size=3145728]} | ret=SUCCESS |  
2019-08-23 11:31:34,507 | INFO  | DNAudit | user=null | ip=null | op=PUT_BLOCK {blockData=[blockId=conID: 1 locID: 102666069242872314 bcsId: 0,size=3145728]} | ret=SUCCESS |  
2019-08-23 11:31:34,517 | INFO  | DNAudit | user=null | ip=null | op=WRITE_CHUNK {blockData=conID: 1 locID: 102666069242872314 bcsId: 2312} | ret=SUCCESS |  
2019-08-23 11:31:34,520 | INFO  | DNAudit | user=null | ip=null | op=WRITE_CHUNK {blockData=conID: 1 locID: 102666069242872314 bcsId: 2312} | ret=SUCCESS |  
2019-08-23 11:31:34,520 | INFO  | DNAudit | user=null | ip=null | op=WRITE_CHUNK {blockData=conID: 1 locID: 102666069242872314 bcsId: 2312} | ret=SUCCESS |  
2019-08-23 11:31:34,523 | INFO  | DNAudit | user=null | ip=null | op=WRITE_CHUNK {blockData=conID: 1 locID: 102666069242872314 bcsId: 2312} | ret=SUCCESS |  
2019-08-23 11:31:34,524 | INFO  | DNAudit | user=null | ip=null | op=PUT_BLOCK {blockData=[blockId=conID: 1 locID: 102666069242872314 bcsId: 0,size=4194304]} | ret=SUCCESS |  
2019-08-23 11:31:34,524 [grpc-default-executor-1] INFO  client.GrpcClientProtocolClient (GrpcClientProtocolClient.java:onNext(255)) - client-C9E345EC67ED->244f13ac-34be-4c4e-8e45-0c0272edbbb2: receive RaftClientReply:client-C9E345EC67ED->244f13ac-34be-4c4e-8e45-0c0272edbbb2@group-FE77C852EF02, cid=1629, SUCCESS, logIndex=2315, commits[244f13ac-34be-4c4e-8e45-0c0272edbbb2:c2316, 6287e41a-5356-4f55-84f2-270816d53e84:c2314, a2c18d3d-e79d-47c9-88fe-d8a1d195302b:c2314]
2019-08-23 11:31:34,525 [grpc-default-executor-1] INFO  client.GrpcClientProtocolClient (GrpcClientProtocolClient.java:onNext(255)) - client-C9E345EC67ED->244f13ac-34be-4c4e-8e45-0c0272edbbb2: receive RaftClientReply:client-C9E345EC67ED->244f13ac-34be-4c4e-8e45-0c0272edbbb2@group-FE77C852EF02, cid=1630, SUCCESS, logIndex=2316, commits[244f13ac-34be-4c4e-8e45-0c0272edbbb2:c2316, 6287e41a-5356-4f55-84f2-270816d53e84:c2314, a2c18d3d-e79d-47c9-88fe-d8a1d195302b:c2314]
2019-08-23 11:31:34,526 | INFO  | DNAudit | user=null | ip=null | op=WRITE_CHUNK {blockData=conID: 1 locID: 102666069242872314 bcsId: 2312} | ret=SUCCESS |  
2019-08-23 11:31:34,526 | INFO  | DNAudit | user=null | ip=null | op=WRITE_CHUNK {blockData=conID: 1 locID: 102666069242872314 bcsId: 2312} | ret=SUCCESS |  
2019-08-23 11:31:34,527 | INFO  | DNAudit | user=null | ip=null | op=PUT_BLOCK {blockData=[blockId=conID: 1 locID: 102666069242872314 bcsId: 0,size=4194304]} | ret=SUCCESS |  
2019-08-23 11:31:34,538 | INFO  | DNAudit | user=null | ip=null | op=PUT_BLOCK {blockData=[blockId=conID: 1 locID: 102666069242872314 bcsId: 0,size=4194304]} | ret=SUCCESS |  
2019-08-23 11:31:34,539 [grpc-default-executor-1] INFO  client.GrpcClientProtocolClient (GrpcClientProtocolClient.java:onNext(255)) - client-C9E345EC67ED->244f13ac-34be-4c4e-8e45-0c0272edbbb2: receive RaftClientReply:client-C9E345EC67ED->244f13ac-34be-4c4e-8e45-0c0272edbbb2@group-FE77C852EF02, cid=1631, SUCCESS, logIndex=0, commits[244f13ac-34be-4c4e-8e45-0c0272edbbb2:c2318, 6287e41a-5356-4f55-84f2-270816d53e84:c2316, a2c18d3d-e79d-47c9-88fe-d8a1d195302b:c2316]
2019-08-23 11:31:34,546 | INFO  | SCMAudit | user=jenkins1000 | ip=192.168.5.185 | op=ALLOCATE_BLOCK {owner=00a23185-76ea-47b5-a641-ad3cfbe5521a, size=4194304, type=RATIS, factor=THREE} | ret=SUCCESS |  
2019-08-23 11:31:34,550 | INFO  | OMAudit | user=jenkins1000 | ip=127.0.0.1 | op=ALLOCATE_BLOCK {volume=vol-0-37508, bucket=bucket-0-50919, key=key-0-57313, dataSize=0, replicationType=null, replicationFactor=null, keyLocationInfo=null, clientID=102666068570931602} | ret=SUCCESS |  
2019-08-23 11:31:34,557 | INFO  | SCMAudit | user=jenkins1000 | ip=192.168.5.185 | op=SEND_HEARTBEAT {datanodeUUID=0d166765-8492-4439-8677-f737a7bc54ca, command=[]} | ret=SUCCESS |  
2019-08-23 11:31:34,557 | INFO  | SCMAudit | user=jenkins1000 | ip=192.168.5.185 | op=SEND_HEARTBEAT {datanodeUUID=b2c34899-c5c3-4720-9d95-984efeabf4a7, command=[]} | ret=SUCCESS |  
2019-08-23 11:31:34,558 | INFO  | DNAudit | user=null | ip=null | op=WRITE_CHUNK {blockData=conID: 2 locID: 102666069248967163 bcsId: 0} | ret=SUCCESS |  
2019-08-23 11:31:34,562 | INFO  | DNAudit | user=null | ip=null | op=WRITE_CHUNK {blockData=conID: 2 locID: 102666069248967163 bcsId: 0} | ret=SUCCESS |  
2019-08-23 11:31:34,562 | INFO  | DNAudit | user=null | ip=null | op=WRITE_CHUNK {blockData=conID: 2 locID: 102666069248967163 bcsId: 0} | ret=SUCCESS |  
2019-08-23 11:31:34,562 | INFO  | DNAudit | user=null | ip=null | op=WRITE_CHUNK {blockData=conID: 2 locID: 102666069248967163 bcsId: 0} | ret=SUCCESS |  
2019-08-23 11:31:34,564 | INFO  | DNAudit | user=null | ip=null | op=WRITE_CHUNK {blockData=conID: 2 locID: 102666069248967163 bcsId: 0} | ret=SUCCESS |  
2019-08-23 11:31:34,565 | INFO  | DNAudit | user=null | ip=null | op=WRITE_CHUNK {blockData=conID: 2 locID: 102666069248967163 bcsId: 0} | ret=SUCCESS |  
2019-08-23 11:31:34,570 | INFO  | DNAudit | user=null | ip=null | op=WRITE_CHUNK {blockData=conID: 2 locID: 102666069248967163 bcsId: 0} | ret=SUCCESS |  
2019-08-23 11:31:34,571 | INFO  | DNAudit | user=null | ip=null | op=PUT_BLOCK {blockData=[blockId=conID: 2 locID: 102666069248967163 bcsId: 0,size=1048576]} | ret=SUCCESS |  
2019-08-23 11:31:34,572 | INFO  | DNAudit | user=null | ip=null | op=WRITE_CHUNK {blockData=conID: 2 locID: 102666069248967163 bcsId: 0} | ret=SUCCESS |  
2019-08-23 11:31:34,572 [grpc-default-executor-5] INFO  client.GrpcClientProtocolClient (GrpcClientProtocolClient.java:onNext(255)) - client-C9E345EC67ED->244f13ac-34be-4c4e-8e45-0c0272edbbb2: receive RaftClientReply:client-C9E345EC67ED->244f13ac-34be-4c4e-8e45-0c0272edbbb2@group-FE77C852EF02, cid=1632, SUCCESS, logIndex=2319, commits[244f13ac-34be-4c4e-8e45-0c0272edbbb2:c2320, 6287e41a-5356-4f55-84f2-270816d53e84:c2318, a2c18d3d-e79d-47c9-88fe-d8a1d195302b:c2318]
2019-08-23 11:31:34,572 | INFO  | DNAudit | user=null | ip=null | op=PUT_BLOCK {blockData=[blockId=conID: 2 locID: 102666069248967163 bcsId: 0,size=2097152]} | ret=SUCCESS |  
2019-08-23 11:31:34,573 | INFO  | DNAudit | user=null | ip=null | op=WRITE_CHUNK {blockData=conID: 2 locID: 102666069248967163 bcsId: 0} | ret=SUCCESS |  
2019-08-23 11:31:34,573 | INFO  | DNAudit | user=null | ip=null | op=WRITE_CHUNK {blockData=conID: 2 locID: 102666069248967163 bcsId: 0} | ret=SUCCESS |  
2019-08-23 11:31:34,573 | INFO  | DNAudit | user=null | ip=null | op=PUT_BLOCK {blockData=[blockId=conID: 2 locID: 102666069248967163 bcsId: 0,size=1048576]} | ret=SUCCESS |  
2019-08-23 11:31:34,573 | INFO  | DNAudit | user=null | ip=null | op=PUT_BLOCK {blockData=[blockId=conID: 2 locID: 102666069248967163 bcsId: 0,size=1048576]} | ret=SUCCESS |  
2019-08-23 11:31:34,573 [grpc-default-executor-5] INFO  client.GrpcClientProtocolClient (GrpcClientProtocolClient.java:onNext(255)) - client-C9E345EC67ED->244f13ac-34be-4c4e-8e45-0c0272edbbb2: receive RaftClientReply:client-C9E345EC67ED->244f13ac-34be-4c4e-8e45-0c0272edbbb2@group-FE77C852EF02, cid=1633, SUCCESS, logIndex=2320, commits[244f13ac-34be-4c4e-8e45-0c0272edbbb2:c2321, 6287e41a-5356-4f55-84f2-270816d53e84:c2318, a2c18d3d-e79d-47c9-88fe-d8a1d195302b:c2318]
2019-08-23 11:31:34,573 [grpc-default-executor-2] INFO  client.GrpcClientProtocolClient (GrpcClientProtocolClient.java:onNext(255)) - client-C9E345EC67ED->244f13ac-34be-4c4e-8e45-0c0272edbbb2: receive RaftClientReply:client-C9E345EC67ED->244f13ac-34be-4c4e-8e45-0c0272edbbb2@group-FE77C852EF02, cid=1634, SUCCESS, logIndex=2321, commits[244f13ac-34be-4c4e-8e45-0c0272edbbb2:c2322, 6287e41a-5356-4f55-84f2-270816d53e84:c2318, a2c18d3d-e79d-47c9-88fe-d8a1d195302b:c2318]
2019-08-23 11:31:34,574 [grpc-default-executor-2] INFO  client.GrpcClientProtocolClient (GrpcClientProtocolClient.java:onNext(255)) - client-C9E345EC67ED->244f13ac-34be-4c4e-8e45-0c0272edbbb2: receive RaftClientReply:client-C9E345EC67ED->244f13ac-34be-4c4e-8e45-0c0272edbbb2@group-FE77C852EF02, cid=1635, SUCCESS, logIndex=2322, commits[244f13ac-34be-4c4e-8e45-0c0272edbbb2:c2322, 6287e41a-5356-4f55-84f2-270816d53e84:c2318, a2c18d3d-e79d-47c9-88fe-d8a1d195302b:c2318]
2019-08-23 11:31:34,574 | INFO  | DNAudit | user=null | ip=null | op=WRITE_CHUNK {blockData=conID: 2 locID: 102666069248967163 bcsId: 0} | ret=SUCCESS |  
2019-08-23 11:31:34,574 | INFO  | DNAudit | user=null | ip=null | op=PUT_BLOCK {blockData=[blockId=conID: 2 locID: 102666069248967163 bcsId: 0,size=2097152]} | ret=SUCCESS |  
2019-08-23 11:31:34,574 | INFO  | DNAudit | user=null | ip=null | op=WRITE_CHUNK {blockData=conID: 2 locID: 102666069248967163 bcsId: 0} | ret=SUCCESS |  
2019-08-23 11:31:34,575 | INFO  | DNAudit | user=null | ip=null | op=PUT_BLOCK {blockData=[blockId=conID: 2 locID: 102666069248967163 bcsId: 0,size=2097152]} | ret=SUCCESS |  
2019-08-23 11:31:34,575 [grpc-default-executor-2] INFO  client.GrpcClientProtocolClient (GrpcClientProtocolClient.java:onNext(255)) - client-C9E345EC67ED->244f13ac-34be-4c4e-8e45-0c0272edbbb2: receive RaftClientReply:client-C9E345EC67ED->244f13ac-34be-4c4e-8e45-0c0272edbbb2@group-FE77C852EF02, cid=1636, SUCCESS, logIndex=0, commits[244f13ac-34be-4c4e-8e45-0c0272edbbb2:c2326, 6287e41a-5356-4f55-84f2-270816d53e84:c2320, a2c18d3d-e79d-47c9-88fe-d8a1d195302b:c2322]
2019-08-23 11:31:34,582 | INFO  | DNAudit | user=null | ip=null | op=WRITE_CHUNK {blockData=conID: 2 locID: 102666069248967163 bcsId: 2322} | ret=SUCCESS |  
2019-08-23 11:31:34,584 | INFO  | DNAudit | user=null | ip=null | op=WRITE_CHUNK {blockData=conID: 2 locID: 102666069248967163 bcsId: 2322} | ret=SUCCESS |  
2019-08-23 11:31:34,585 | INFO  | DNAudit | user=null | ip=null | op=WRITE_CHUNK {blockData=conID: 2 locID: 102666069248967163 bcsId: 2322} | ret=SUCCESS |  
2019-08-23 11:31:34,594 | INFO  | DNAudit | user=null | ip=null | op=WRITE_CHUNK {blockData=conID: 2 locID: 102666069248967163 bcsId: 2322} | ret=SUCCESS |  
2019-08-23 11:31:34,595 | INFO  | DNAudit | user=null | ip=null | op=PUT_BLOCK {blockData=[blockId=conID: 2 locID: 102666069248967163 bcsId: 0,size=3145728]} | ret=SUCCESS |  
2019-08-23 11:31:34,595 [grpc-default-executor-2] INFO  client.GrpcClientProtocolClient (GrpcClientProtocolClient.java:onNext(255)) - client-C9E345EC67ED->244f13ac-34be-4c4e-8e45-0c0272edbbb2: receive RaftClientReply:client-C9E345EC67ED->244f13ac-34be-4c4e-8e45-0c0272edbbb2@group-FE77C852EF02, cid=1637, SUCCESS, logIndex=2327, commits[244f13ac-34be-4c4e-8e45-0c0272edbbb2:c2328, 6287e41a-5356-4f55-84f2-270816d53e84:c2326, a2c18d3d-e79d-47c9-88fe-d8a1d195302b:c2326]
2019-08-23 11:31:34,595 [grpc-default-executor-2] INFO  client.GrpcClientProtocolClient (GrpcClientProtocolClient.java:onNext(255)) - client-C9E345EC67ED->244f13ac-34be-4c4e-8e45-0c0272edbbb2: receive RaftClientReply:client-C9E345EC67ED->244f13ac-34be-4c4e-8e45-0c0272edbbb2@group-FE77C852EF02, cid=1638, SUCCESS, logIndex=2328, commits[244f13ac-34be-4c4e-8e45-0c0272edbbb2:c2328, 6287e41a-5356-4f55-84f2-270816d53e84:c2326, a2c18d3d-e79d-47c9-88fe-d8a1d195302b:c2326]
2019-08-23 11:31:34,596 | INFO  | DNAudit | user=null | ip=null | op=WRITE_CHUNK {blockData=conID: 2 locID: 102666069248967163 bcsId: 2322} | ret=SUCCESS |  
2019-08-23 11:31:34,596 | INFO  | DNAudit | user=null | ip=null | op=WRITE_CHUNK {blockData=conID: 2 locID: 102666069248967163 bcsId: 2322} | ret=SUCCESS |  
2019-08-23 11:31:34,596 | INFO  | DNAudit | user=null | ip=null | op=PUT_BLOCK {blockData=[blockId=conID: 2 locID: 102666069248967163 bcsId: 0,size=3145728]} | ret=SUCCESS |  
2019-08-23 11:31:34,597 | INFO  | DNAudit | user=null | ip=null | op=PUT_BLOCK {blockData=[blockId=conID: 2 locID: 102666069248967163 bcsId: 0,size=3145728]} | ret=SUCCESS |  
2019-08-23 11:31:34,604 | INFO  | DNAudit | user=null | ip=null | op=WRITE_CHUNK {blockData=conID: 2 locID: 102666069248967163 bcsId: 2328} | ret=SUCCESS |  
2019-08-23 11:31:34,606 | INFO  | DNAudit | user=null | ip=null | op=WRITE_CHUNK {blockData=conID: 2 locID: 102666069248967163 bcsId: 2328} | ret=SUCCESS |  
2019-08-23 11:31:34,606 | INFO  | DNAudit | user=null | ip=null | op=WRITE_CHUNK {blockData=conID: 2 locID: 102666069248967163 bcsId: 2328} | ret=SUCCESS |  
2019-08-23 11:31:34,613 | INFO  | DNAudit | user=null | ip=null | op=WRITE_CHUNK {blockData=conID: 2 locID: 102666069248967163 bcsId: 2328} | ret=SUCCESS |  
2019-08-23 11:31:34,614 | INFO  | DNAudit | user=null | ip=null | op=PUT_BLOCK {blockData=[blockId=conID: 2 locID: 102666069248967163 bcsId: 0,size=4194304]} | ret=SUCCESS |  
2019-08-23 11:31:34,614 [grpc-default-executor-5] INFO  client.GrpcClientProtocolClient (GrpcClientProtocolClient.java:onNext(255)) - client-C9E345EC67ED->244f13ac-34be-4c4e-8e45-0c0272edbbb2: receive RaftClientReply:client-C9E345EC67ED->244f13ac-34be-4c4e-8e45-0c0272edbbb2@group-FE77C852EF02, cid=1639, SUCCESS, logIndex=2331, commits[244f13ac-34be-4c4e-8e45-0c0272edbbb2:c2332, 6287e41a-5356-4f55-84f2-270816d53e84:c2330, a2c18d3d-e79d-47c9-88fe-d8a1d195302b:c2330]
2019-08-23 11:31:34,615 [grpc-default-executor-5] INFO  client.GrpcClientProtocolClient (GrpcClientProtocolClient.java:onNext(255)) - client-C9E345EC67ED->244f13ac-34be-4c4e-8e45-0c0272edbbb2: receive RaftClientReply:client-C9E345EC67ED->244f13ac-34be-4c4e-8e45-0c0272edbbb2@group-FE77C852EF02, cid=1640, SUCCESS, logIndex=2332, commits[244f13ac-34be-4c4e-8e45-0c0272edbbb2:c2332, 6287e41a-5356-4f55-84f2-270816d53e84:c2330, a2c18d3d-e79d-47c9-88fe-d8a1d195302b:c2330]
2019-08-23 11:31:34,615 | INFO  | DNAudit | user=null | ip=null | op=WRITE_CHUNK {blockData=conID: 2 locID: 102666069248967163 bcsId: 2328} | ret=SUCCESS |  
2019-08-23 11:31:34,615 | INFO  | DNAudit | user=null | ip=null | op=WRITE_CHUNK {blockData=conID: 2 locID: 102666069248967163 bcsId: 2328} | ret=SUCCESS |  
2019-08-23 11:31:34,615 | INFO  | DNAudit | user=null | ip=null | op=PUT_BLOCK {blockData=[blockId=conID: 2 locID: 102666069248967163 bcsId: 0,size=4194304]} | ret=SUCCESS |  
2019-08-23 11:31:34,617 | INFO  | DNAudit | user=null | ip=null | op=PUT_BLOCK {blockData=[blockId=conID: 2 locID: 102666069248967163 bcsId: 0,size=4194304]} | ret=SUCCESS |  
2019-08-23 11:31:34,617 [grpc-default-executor-5] INFO  client.GrpcClientProtocolClient (GrpcClientProtocolClient.java:onNext(255)) - client-C9E345EC67ED->244f13ac-34be-4c4e-8e45-0c0272edbbb2: receive RaftClientReply:client-C9E345EC67ED->244f13ac-34be-4c4e-8e45-0c0272edbbb2@group-FE77C852EF02, cid=1641, SUCCESS, logIndex=0, commits[244f13ac-34be-4c4e-8e45-0c0272edbbb2:c2334, 6287e41a-5356-4f55-84f2-270816d53e84:c2332, a2c18d3d-e79d-47c9-88fe-d8a1d195302b:c2332]
2019-08-23 11:31:34,623 | INFO  | SCMAudit | user=jenkins1000 | ip=192.168.5.185 | op=ALLOCATE_BLOCK {owner=00a23185-76ea-47b5-a641-ad3cfbe5521a, size=4194304, type=RATIS, factor=THREE} | ret=SUCCESS |  
2019-08-23 11:31:34,626 | INFO  | OMAudit | user=jenkins1000 | ip=127.0.0.1 | op=ALLOCATE_BLOCK {volume=vol-0-37508, bucket=bucket-0-50919, key=key-0-57313, dataSize=0, replicationType=null, replicationFactor=null, keyLocationInfo=null, clientID=102666068570931602} | ret=SUCCESS |  
2019-08-23 11:31:34,634 | INFO  | DNAudit | user=null | ip=null | op=WRITE_CHUNK {blockData=conID: 3 locID: 102666069254013436 bcsId: 0} | ret=SUCCESS |  
2019-08-23 11:31:34,636 | INFO  | DNAudit | user=null | ip=null | op=WRITE_CHUNK {blockData=conID: 3 locID: 102666069254013436 bcsId: 0} | ret=SUCCESS |  
2019-08-23 11:31:34,636 | INFO  | DNAudit | user=null | ip=null | op=WRITE_CHUNK {blockData=conID: 3 locID: 102666069254013436 bcsId: 0} | ret=SUCCESS |  
2019-08-23 11:31:34,636 | INFO  | DNAudit | user=null | ip=null | op=WRITE_CHUNK {blockData=conID: 3 locID: 102666069254013436 bcsId: 0} | ret=SUCCESS |  
2019-08-23 11:31:34,638 | INFO  | DNAudit | user=null | ip=null | op=WRITE_CHUNK {blockData=conID: 3 locID: 102666069254013436 bcsId: 0} | ret=SUCCESS |  
2019-08-23 11:31:34,638 | INFO  | DNAudit | user=null | ip=null | op=WRITE_CHUNK {blockData=conID: 3 locID: 102666069254013436 bcsId: 0} | ret=SUCCESS |  
2019-08-23 11:31:34,645 | INFO  | DNAudit | user=null | ip=null | op=WRITE_CHUNK {blockData=conID: 3 locID: 102666069254013436 bcsId: 0} | ret=SUCCESS |  
2019-08-23 11:31:34,645 | INFO  | DNAudit | user=null | ip=null | op=PUT_BLOCK {blockData=[blockId=conID: 3 locID: 102666069254013436 bcsId: 0,size=1048576]} | ret=SUCCESS |  
2019-08-23 11:31:34,646 [grpc-default-executor-5] INFO  client.GrpcClientProtocolClient (GrpcClientProtocolClient.java:onNext(255)) - client-C9E345EC67ED->244f13ac-34be-4c4e-8e45-0c0272edbbb2: receive RaftClientReply:client-C9E345EC67ED->244f13ac-34be-4c4e-8e45-0c0272edbbb2@group-FE77C852EF02, cid=1642, SUCCESS, logIndex=2335, commits[244f13ac-34be-4c4e-8e45-0c0272edbbb2:c2336, 6287e41a-5356-4f55-84f2-270816d53e84:c2334, a2c18d3d-e79d-47c9-88fe-d8a1d195302b:c2332]
2019-08-23 11:31:34,646 [grpc-default-executor-5] INFO  client.GrpcClientProtocolClient (GrpcClientProtocolClient.java:onNext(255)) - client-C9E345EC67ED->244f13ac-34be-4c4e-8e45-0c0272edbbb2: receive RaftClientReply:client-C9E345EC67ED->244f13ac-34be-4c4e-8e45-0c0272edbbb2@group-FE77C852EF02, cid=1643, SUCCESS, logIndex=2336, commits[244f13ac-34be-4c4e-8e45-0c0272edbbb2:c2338, 6287e41a-5356-4f55-84f2-270816d53e84:c2334, a2c18d3d-e79d-47c9-88fe-d8a1d195302b:c2334]
2019-08-23 11:31:34,646 | INFO  | DNAudit | user=null | ip=null | op=WRITE_CHUNK {blockData=conID: 3 locID: 102666069254013436 bcsId: 0} | ret=SUCCESS |  
2019-08-23 11:31:34,647 | INFO  | DNAudit | user=null | ip=null | op=PUT_BLOCK {blockData=[blockId=conID: 3 locID: 102666069254013436 bcsId: 0,size=2097152]} | ret=SUCCESS |  
2019-08-23 11:31:34,647 | INFO  | DNAudit | user=null | ip=null | op=WRITE_CHUNK {blockData=conID: 3 locID: 102666069254013436 bcsId: 0} | ret=SUCCESS |  
2019-08-23 11:31:34,647 [grpc-default-executor-5] INFO  client.GrpcClientProtocolClient (GrpcClientProtocolClient.java:onNext(255)) - client-C9E345EC67ED->244f13ac-34be-4c4e-8e45-0c0272edbbb2: receive RaftClientReply:client-C9E345EC67ED->244f13ac-34be-4c4e-8e45-0c0272edbbb2@group-FE77C852EF02, cid=1644, SUCCESS, logIndex=2337, commits[244f13ac-34be-4c4e-8e45-0c0272edbbb2:c2338, 6287e41a-5356-4f55-84f2-270816d53e84:c2334, a2c18d3d-e79d-47c9-88fe-d8a1d195302b:c2334]
2019-08-23 11:31:34,647 | INFO  | DNAudit | user=null | ip=null | op=PUT_BLOCK {blockData=[blockId=conID: 3 locID: 102666069254013436 bcsId: 0,size=1048576]} | ret=SUCCESS |  
2019-08-23 11:31:34,648 [grpc-default-executor-5] INFO  client.GrpcClientProtocolClient (GrpcClientProtocolClient.java:onNext(255)) - client-C9E345EC67ED->244f13ac-34be-4c4e-8e45-0c0272edbbb2: receive RaftClientReply:client-C9E345EC67ED->244f13ac-34be-4c4e-8e45-0c0272edbbb2@group-FE77C852EF02, cid=1645, SUCCESS, logIndex=2338, commits[244f13ac-34be-4c4e-8e45-0c0272edbbb2:c2338, 6287e41a-5356-4f55-84f2-270816d53e84:c2334, a2c18d3d-e79d-47c9-88fe-d8a1d195302b:c2334]
2019-08-23 11:31:34,648 | INFO  | DNAudit | user=null | ip=null | op=WRITE_CHUNK {blockData=conID: 3 locID: 102666069254013436 bcsId: 0} | ret=SUCCESS |  
2019-08-23 11:31:34,648 | INFO  | DNAudit | user=null | ip=null | op=PUT_BLOCK {blockData=[blockId=conID: 3 locID: 102666069254013436 bcsId: 0,size=2097152]} | ret=SUCCESS |  
2019-08-23 11:31:34,660 | INFO  | DNAudit | user=null | ip=null | op=WRITE_CHUNK {blockData=conID: 3 locID: 102666069254013436 bcsId: 0} | ret=SUCCESS |  
2019-08-23 11:31:34,660 | INFO  | DNAudit | user=null | ip=null | op=PUT_BLOCK {blockData=[blockId=conID: 3 locID: 102666069254013436 bcsId: 0,size=1048576]} | ret=SUCCESS |  
2019-08-23 11:31:34,660 | INFO  | DNAudit | user=null | ip=null | op=WRITE_CHUNK {blockData=conID: 3 locID: 102666069254013436 bcsId: 0} | ret=SUCCESS |  
2019-08-23 11:31:34,660 [grpc-default-executor-2] INFO  client.GrpcClientProtocolClient (GrpcClientProtocolClient.java:onNext(255)) - client-C9E345EC67ED->244f13ac-34be-4c4e-8e45-0c0272edbbb2: receive RaftClientReply:client-C9E345EC67ED->244f13ac-34be-4c4e-8e45-0c0272edbbb2@group-FE77C852EF02, cid=1646, SUCCESS, logIndex=0, commits[244f13ac-34be-4c4e-8e45-0c0272edbbb2:c2341, 6287e41a-5356-4f55-84f2-270816d53e84:c2336, a2c18d3d-e79d-47c9-88fe-d8a1d195302b:c2338]
2019-08-23 11:31:34,660 | INFO  | DNAudit | user=null | ip=null | op=PUT_BLOCK {blockData=[blockId=conID: 3 locID: 102666069254013436 bcsId: 0,size=2097152]} | ret=SUCCESS |  
2019-08-23 11:31:34,667 | INFO  | DNAudit | user=null | ip=null | op=WRITE_CHUNK {blockData=conID: 3 locID: 102666069254013436 bcsId: 2338} | ret=SUCCESS |  
2019-08-23 11:31:34,669 | INFO  | DNAudit | user=null | ip=null | op=WRITE_CHUNK {blockData=conID: 3 locID: 102666069254013436 bcsId: 2338} | ret=SUCCESS |  
2019-08-23 11:31:34,670 | INFO  | DNAudit | user=null | ip=null | op=WRITE_CHUNK {blockData=conID: 3 locID: 102666069254013436 bcsId: 2338} | ret=SUCCESS |  
2019-08-23 11:31:34,681 | INFO  | DNAudit | user=null | ip=null | op=WRITE_CHUNK {blockData=conID: 3 locID: 102666069254013436 bcsId: 2338} | ret=SUCCESS |  
2019-08-23 11:31:34,684 | INFO  | DNAudit | user=null | ip=null | op=PUT_BLOCK {blockData=[blockId=conID: 3 locID: 102666069254013436 bcsId: 0,size=3145728]} | ret=SUCCESS |  
2019-08-23 11:31:34,684 | INFO  | DNAudit | user=null | ip=null | op=WRITE_CHUNK {blockData=conID: 3 locID: 102666069254013436 bcsId: 2338} | ret=SUCCESS |  
2019-08-23 11:31:34,684 [grpc-default-executor-4] INFO  client.GrpcClientProtocolClient (GrpcClientProtocolClient.java:onNext(255)) - client-C9E345EC67ED->244f13ac-34be-4c4e-8e45-0c0272edbbb2: receive RaftClientReply:client-C9E345EC67ED->244f13ac-34be-4c4e-8e45-0c0272edbbb2@group-FE77C852EF02, cid=1647, SUCCESS, logIndex=2342, commits[244f13ac-34be-4c4e-8e45-0c0272edbbb2:c2343, 6287e41a-5356-4f55-84f2-270816d53e84:c2341, a2c18d3d-e79d-47c9-88fe-d8a1d195302b:c2341]
2019-08-23 11:31:34,685 | INFO  | DNAudit | user=null | ip=null | op=WRITE_CHUNK {blockData=conID: 3 locID: 102666069254013436 bcsId: 2338} | ret=SUCCESS |  
2019-08-23 11:31:34,685 | INFO  | DNAudit | user=null | ip=null | op=PUT_BLOCK {blockData=[blockId=conID: 3 locID: 102666069254013436 bcsId: 0,size=3145728]} | ret=SUCCESS |  
2019-08-23 11:31:34,685 | INFO  | DNAudit | user=null | ip=null | op=PUT_BLOCK {blockData=[blockId=conID: 3 locID: 102666069254013436 bcsId: 0,size=3145728]} | ret=SUCCESS |  
2019-08-23 11:31:34,685 [grpc-default-executor-4] INFO  client.GrpcClientProtocolClient (GrpcClientProtocolClient.java:onNext(255)) - client-C9E345EC67ED->244f13ac-34be-4c4e-8e45-0c0272edbbb2: receive RaftClientReply:client-C9E345EC67ED->244f13ac-34be-4c4e-8e45-0c0272edbbb2@group-FE77C852EF02, cid=1648, SUCCESS, logIndex=2343, commits[244f13ac-34be-4c4e-8e45-0c0272edbbb2:c2343, 6287e41a-5356-4f55-84f2-270816d53e84:c2341, a2c18d3d-e79d-47c9-88fe-d8a1d195302b:c2341]
2019-08-23 11:31:34,692 | INFO  | DNAudit | user=null | ip=null | op=WRITE_CHUNK {blockData=conID: 3 locID: 102666069254013436 bcsId: 2343} | ret=SUCCESS |  
2019-08-23 11:31:34,694 | INFO  | DNAudit | user=null | ip=null | op=WRITE_CHUNK {blockData=conID: 3 locID: 102666069254013436 bcsId: 2343} | ret=SUCCESS |  
2019-08-23 11:31:34,695 | INFO  | DNAudit | user=null | ip=null | op=WRITE_CHUNK {blockData=conID: 3 locID: 102666069254013436 bcsId: 2343} | ret=SUCCESS |  
2019-08-23 11:31:34,698 | INFO  | DNAudit | user=null | ip=null | op=WRITE_CHUNK {blockData=conID: 3 locID: 102666069254013436 bcsId: 2343} | ret=SUCCESS |  
2019-08-23 11:31:34,699 | INFO  | DNAudit | user=null | ip=null | op=PUT_BLOCK {blockData=[blockId=conID: 3 locID: 102666069254013436 bcsId: 0,size=4194304]} | ret=SUCCESS |  
2019-08-23 11:31:34,699 [grpc-default-executor-2] INFO  client.GrpcClientProtocolClient (GrpcClientProtocolClient.java:onNext(255)) - client-C9E345EC67ED->244f13ac-34be-4c4e-8e45-0c0272edbbb2: receive RaftClientReply:client-C9E345EC67ED->244f13ac-34be-4c4e-8e45-0c0272edbbb2@group-FE77C852EF02, cid=1649, SUCCESS, logIndex=2346, commits[244f13ac-34be-4c4e-8e45-0c0272edbbb2:c2347, 6287e41a-5356-4f55-84f2-270816d53e84:c2344, a2c18d3d-e79d-47c9-88fe-d8a1d195302b:c2344]
2019-08-23 11:31:34,699 [grpc-default-executor-2] INFO  client.GrpcClientProtocolClient (GrpcClientProtocolClient.java:onNext(255)) - client-C9E345EC67ED->244f13ac-34be-4c4e-8e45-0c0272edbbb2: receive RaftClientReply:client-C9E345EC67ED->244f13ac-34be-4c4e-8e45-0c0272edbbb2@group-FE77C852EF02, cid=1650, SUCCESS, logIndex=2347, commits[244f13ac-34be-4c4e-8e45-0c0272edbbb2:c2347, 6287e41a-5356-4f55-84f2-270816d53e84:c2344, a2c18d3d-e79d-47c9-88fe-d8a1d195302b:c2344]
2019-08-23 11:31:34,710 | INFO  | DNAudit | user=null | ip=null | op=WRITE_CHUNK {blockData=conID: 3 locID: 102666069254013436 bcsId: 2343} | ret=SUCCESS |  
2019-08-23 11:31:34,710 | INFO  | DNAudit | user=null | ip=null | op=WRITE_CHUNK {blockData=conID: 3 locID: 102666069254013436 bcsId: 2343} | ret=SUCCESS |  
2019-08-23 11:31:34,712 | INFO  | DNAudit | user=null | ip=null | op=PUT_BLOCK {blockData=[blockId=conID: 3 locID: 102666069254013436 bcsId: 0,size=4194304]} | ret=SUCCESS |  
2019-08-23 11:31:34,712 | INFO  | DNAudit | user=null | ip=null | op=PUT_BLOCK {blockData=[blockId=conID: 3 locID: 102666069254013436 bcsId: 0,size=4194304]} | ret=SUCCESS |  
2019-08-23 11:31:34,713 [grpc-default-executor-2] INFO  client.GrpcClientProtocolClient (GrpcClientProtocolClient.java:onNext(255)) - client-C9E345EC67ED->244f13ac-34be-4c4e-8e45-0c0272edbbb2: receive RaftClientReply:client-C9E345EC67ED->244f13ac-34be-4c4e-8e45-0c0272edbbb2@group-FE77C852EF02, cid=1651, SUCCESS, logIndex=0, commits[244f13ac-34be-4c4e-8e45-0c0272edbbb2:c2349, 6287e41a-5356-4f55-84f2-270816d53e84:c2347, a2c18d3d-e79d-47c9-88fe-d8a1d195302b:c2347]
2019-08-23 11:31:34,719 | INFO  | SCMAudit | user=jenkins1000 | ip=192.168.5.185 | op=ALLOCATE_BLOCK {owner=00a23185-76ea-47b5-a641-ad3cfbe5521a, size=4194304, type=RATIS, factor=THREE} | ret=SUCCESS |  
2019-08-23 11:31:34,722 | INFO  | OMAudit | user=jenkins1000 | ip=127.0.0.1 | op=ALLOCATE_BLOCK {volume=vol-0-37508, bucket=bucket-0-50919, key=key-0-57313, dataSize=0, replicationType=null, replicationFactor=null, keyLocationInfo=null, clientID=102666068570931602} | ret=SUCCESS |  
2019-08-23 11:31:34,732 | INFO  | DNAudit | user=null | ip=null | op=WRITE_CHUNK {blockData=conID: 1 locID: 102666069260304893 bcsId: 0} | ret=SUCCESS |  
2019-08-23 11:31:34,735 | INFO  | DNAudit | user=null | ip=null | op=WRITE_CHUNK {blockData=conID: 1 locID: 102666069260304893 bcsId: 0} | ret=SUCCESS |  
2019-08-23 11:31:34,736 | INFO  | DNAudit | user=null | ip=null | op=WRITE_CHUNK {blockData=conID: 1 locID: 102666069260304893 bcsId: 0} | ret=SUCCESS |  
2019-08-23 11:31:34,738 | INFO  | DNAudit | user=null | ip=null | op=WRITE_CHUNK {blockData=conID: 1 locID: 102666069260304893 bcsId: 0} | ret=SUCCESS |  
2019-08-23 11:31:34,740 | INFO  | DNAudit | user=null | ip=null | op=WRITE_CHUNK {blockData=conID: 1 locID: 102666069260304893 bcsId: 0} | ret=SUCCESS |  
2019-08-23 11:31:34,740 | INFO  | DNAudit | user=null | ip=null | op=WRITE_CHUNK {blockData=conID: 1 locID: 102666069260304893 bcsId: 0} | ret=SUCCESS |  
2019-08-23 11:31:34,753 | INFO  | DNAudit | user=null | ip=null | op=WRITE_CHUNK {blockData=conID: 1 locID: 102666069260304893 bcsId: 0} | ret=SUCCESS |  
2019-08-23 11:31:34,754 | INFO  | DNAudit | user=null | ip=null | op=PUT_BLOCK {blockData=[blockId=conID: 1 locID: 102666069260304893 bcsId: 0,size=1048576]} | ret=SUCCESS |  
2019-08-23 11:31:34,754 | INFO  | DNAudit | user=null | ip=null | op=WRITE_CHUNK {blockData=conID: 1 locID: 102666069260304893 bcsId: 0} | ret=SUCCESS |  
2019-08-23 11:31:34,754 [grpc-default-executor-2] INFO  client.GrpcClientProtocolClient (GrpcClientProtocolClient.java:onNext(255)) - client-C9E345EC67ED->244f13ac-34be-4c4e-8e45-0c0272edbbb2: receive RaftClientReply:client-C9E345EC67ED->244f13ac-34be-4c4e-8e45-0c0272edbbb2@group-FE77C852EF02, cid=1652, SUCCESS, logIndex=2350, commits[244f13ac-34be-4c4e-8e45-0c0272edbbb2:c2351, 6287e41a-5356-4f55-84f2-270816d53e84:c2349, a2c18d3d-e79d-47c9-88fe-d8a1d195302b:c2349]
2019-08-23 11:31:34,754 | INFO  | DNAudit | user=null | ip=null | op=PUT_BLOCK {blockData=[blockId=conID: 1 locID: 102666069260304893 bcsId: 0,size=2097152]} | ret=SUCCESS |  
2019-08-23 11:31:34,755 | INFO  | DNAudit | user=null | ip=null | op=WRITE_CHUNK {blockData=conID: 1 locID: 102666069260304893 bcsId: 0} | ret=SUCCESS |  
2019-08-23 11:31:34,755 | INFO  | DNAudit | user=null | ip=null | op=PUT_BLOCK {blockData=[blockId=conID: 1 locID: 102666069260304893 bcsId: 0,size=1048576]} | ret=SUCCESS |  
2019-08-23 11:31:34,755 | INFO  | DNAudit | user=null | ip=null | op=WRITE_CHUNK {blockData=conID: 1 locID: 102666069260304893 bcsId: 0} | ret=SUCCESS |  
2019-08-23 11:31:34,755 | INFO  | DNAudit | user=null | ip=null | op=PUT_BLOCK {blockData=[blockId=conID: 1 locID: 102666069260304893 bcsId: 0,size=1048576]} | ret=SUCCESS |  
2019-08-23 11:31:34,755 [grpc-default-executor-2] INFO  client.GrpcClientProtocolClient (GrpcClientProtocolClient.java:onNext(255)) - client-C9E345EC67ED->244f13ac-34be-4c4e-8e45-0c0272edbbb2: receive RaftClientReply:client-C9E345EC67ED->244f13ac-34be-4c4e-8e45-0c0272edbbb2@group-FE77C852EF02, cid=1653, SUCCESS, logIndex=2351, commits[244f13ac-34be-4c4e-8e45-0c0272edbbb2:c2353, 6287e41a-5356-4f55-84f2-270816d53e84:c2349, a2c18d3d-e79d-47c9-88fe-d8a1d195302b:c2349]
2019-08-23 11:31:34,756 [grpc-default-executor-2] INFO  client.GrpcClientProtocolClient (GrpcClientProtocolClient.java:onNext(255)) - client-C9E345EC67ED->244f13ac-34be-4c4e-8e45-0c0272edbbb2: receive RaftClientReply:client-C9E345EC67ED->244f13ac-34be-4c4e-8e45-0c0272edbbb2@group-FE77C852EF02, cid=1654, SUCCESS, logIndex=2352, commits[244f13ac-34be-4c4e-8e45-0c0272edbbb2:c2353, 6287e41a-5356-4f55-84f2-270816d53e84:c2349, a2c18d3d-e79d-47c9-88fe-d8a1d195302b:c2349]
2019-08-23 11:31:34,756 | INFO  | DNAudit | user=null | ip=null | op=WRITE_CHUNK {blockData=conID: 1 locID: 102666069260304893 bcsId: 0} | ret=SUCCESS |  
2019-08-23 11:31:34,756 | INFO  | DNAudit | user=null | ip=null | op=WRITE_CHUNK {blockData=conID: 1 locID: 102666069260304893 bcsId: 0} | ret=SUCCESS |  
2019-08-23 11:31:34,756 | INFO  | DNAudit | user=null | ip=null | op=PUT_BLOCK {blockData=[blockId=conID: 1 locID: 102666069260304893 bcsId: 0,size=2097152]} | ret=SUCCESS |  
2019-08-23 11:31:34,756 [grpc-default-executor-2] INFO  client.GrpcClientProtocolClient (GrpcClientProtocolClient.java:onNext(255)) - client-C9E345EC67ED->244f13ac-34be-4c4e-8e45-0c0272edbbb2: receive RaftClientReply:client-C9E345EC67ED->244f13ac-34be-4c4e-8e45-0c0272edbbb2@group-FE77C852EF02, cid=1655, SUCCESS, logIndex=2353, commits[244f13ac-34be-4c4e-8e45-0c0272edbbb2:c2353, 6287e41a-5356-4f55-84f2-270816d53e84:c2349, a2c18d3d-e79d-47c9-88fe-d8a1d195302b:c2349]
2019-08-23 11:31:34,756 | INFO  | DNAudit | user=null | ip=null | op=PUT_BLOCK {blockData=[blockId=conID: 1 locID: 102666069260304893 bcsId: 0,size=2097152]} | ret=SUCCESS |  
2019-08-23 11:31:34,757 [grpc-default-executor-2] INFO  client.GrpcClientProtocolClient (GrpcClientProtocolClient.java:onNext(255)) - client-C9E345EC67ED->244f13ac-34be-4c4e-8e45-0c0272edbbb2: receive RaftClientReply:client-C9E345EC67ED->244f13ac-34be-4c4e-8e45-0c0272edbbb2@group-FE77C852EF02, cid=1656, SUCCESS, logIndex=0, commits[244f13ac-34be-4c4e-8e45-0c0272edbbb2:c2357, 6287e41a-5356-4f55-84f2-270816d53e84:c2353, a2c18d3d-e79d-47c9-88fe-d8a1d195302b:c2353]
2019-08-23 11:31:34,766 | INFO  | DNAudit | user=null | ip=null | op=WRITE_CHUNK {blockData=conID: 1 locID: 102666069260304893 bcsId: 2353} | ret=SUCCESS |  
2019-08-23 11:31:34,769 | INFO  | DNAudit | user=null | ip=null | op=WRITE_CHUNK {blockData=conID: 1 locID: 102666069260304893 bcsId: 2353} | ret=SUCCESS |  
2019-08-23 11:31:34,769 | INFO  | DNAudit | user=null | ip=null | op=WRITE_CHUNK {blockData=conID: 1 locID: 102666069260304893 bcsId: 2353} | ret=SUCCESS |  
2019-08-23 11:31:34,781 | INFO  | DNAudit | user=null | ip=null | op=WRITE_CHUNK {blockData=conID: 1 locID: 102666069260304893 bcsId: 2353} | ret=SUCCESS |  
2019-08-23 11:31:34,782 | INFO  | DNAudit | user=null | ip=null | op=PUT_BLOCK {blockData=[blockId=conID: 1 locID: 102666069260304893 bcsId: 0,size=3145728]} | ret=SUCCESS |  
2019-08-23 11:31:34,782 [grpc-default-executor-4] INFO  client.GrpcClientProtocolClient (GrpcClientProtocolClient.java:onNext(255)) - client-C9E345EC67ED->244f13ac-34be-4c4e-8e45-0c0272edbbb2: receive RaftClientReply:client-C9E345EC67ED->244f13ac-34be-4c4e-8e45-0c0272edbbb2@group-FE77C852EF02, cid=1657, SUCCESS, logIndex=2358, commits[244f13ac-34be-4c4e-8e45-0c0272edbbb2:c2359, 6287e41a-5356-4f55-84f2-270816d53e84:c2357, a2c18d3d-e79d-47c9-88fe-d8a1d195302b:c2357]
2019-08-23 11:31:34,782 [grpc-default-executor-4] INFO  client.GrpcClientProtocolClient (GrpcClientProtocolClient.java:onNext(255)) - client-C9E345EC67ED->244f13ac-34be-4c4e-8e45-0c0272edbbb2: receive RaftClientReply:client-C9E345EC67ED->244f13ac-34be-4c4e-8e45-0c0272edbbb2@group-FE77C852EF02, cid=1658, SUCCESS, logIndex=2359, commits[244f13ac-34be-4c4e-8e45-0c0272edbbb2:c2359, 6287e41a-5356-4f55-84f2-270816d53e84:c2357, a2c18d3d-e79d-47c9-88fe-d8a1d195302b:c2357]
2019-08-23 11:31:34,790 | INFO  | DNAudit | user=null | ip=null | op=WRITE_CHUNK {blockData=conID: 1 locID: 102666069260304893 bcsId: 2359} | ret=SUCCESS |  
2019-08-23 11:31:34,793 | INFO  | DNAudit | user=null | ip=null | op=WRITE_CHUNK {blockData=conID: 1 locID: 102666069260304893 bcsId: 2359} | ret=SUCCESS |  
2019-08-23 11:31:34,793 | INFO  | DNAudit | user=null | ip=null | op=WRITE_CHUNK {blockData=conID: 1 locID: 102666069260304893 bcsId: 2359} | ret=SUCCESS |  
2019-08-23 11:31:34,794 | INFO  | DNAudit | user=null | ip=null | op=WRITE_CHUNK {blockData=conID: 1 locID: 102666069260304893 bcsId: 2353} | ret=SUCCESS |  
2019-08-23 11:31:34,794 | INFO  | DNAudit | user=null | ip=null | op=WRITE_CHUNK {blockData=conID: 1 locID: 102666069260304893 bcsId: 2353} | ret=SUCCESS |  
2019-08-23 11:31:34,795 | INFO  | DNAudit | user=null | ip=null | op=PUT_BLOCK {blockData=[blockId=conID: 1 locID: 102666069260304893 bcsId: 0,size=3145728]} | ret=SUCCESS |  
2019-08-23 11:31:34,795 | INFO  | DNAudit | user=null | ip=null | op=PUT_BLOCK {blockData=[blockId=conID: 1 locID: 102666069260304893 bcsId: 0,size=3145728]} | ret=SUCCESS |  
2019-08-23 11:31:34,797 | INFO  | DNAudit | user=null | ip=null | op=WRITE_CHUNK {blockData=conID: 1 locID: 102666069260304893 bcsId: 2359} | ret=SUCCESS |  
2019-08-23 11:31:34,797 | INFO  | DNAudit | user=null | ip=null | op=PUT_BLOCK {blockData=[blockId=conID: 1 locID: 102666069260304893 bcsId: 0,size=4194304]} | ret=SUCCESS |  
2019-08-23 11:31:34,798 [grpc-default-executor-5] INFO  client.GrpcClientProtocolClient (GrpcClientProtocolClient.java:onNext(255)) - client-C9E345EC67ED->244f13ac-34be-4c4e-8e45-0c0272edbbb2: receive RaftClientReply:client-C9E345EC67ED->244f13ac-34be-4c4e-8e45-0c0272edbbb2@group-FE77C852EF02, cid=1659, SUCCESS, logIndex=2362, commits[244f13ac-34be-4c4e-8e45-0c0272edbbb2:c2363, 6287e41a-5356-4f55-84f2-270816d53e84:c2359, a2c18d3d-e79d-47c9-88fe-d8a1d195302b:c2359]
2019-08-23 11:31:34,798 [grpc-default-executor-5] INFO  client.GrpcClientProtocolClient (GrpcClientProtocolClient.java:onNext(255)) - client-C9E345EC67ED->244f13ac-34be-4c4e-8e45-0c0272edbbb2: receive RaftClientReply:client-C9E345EC67ED->244f13ac-34be-4c4e-8e45-0c0272edbbb2@group-FE77C852EF02, cid=1660, SUCCESS, logIndex=2363, commits[244f13ac-34be-4c4e-8e45-0c0272edbbb2:c2363, 6287e41a-5356-4f55-84f2-270816d53e84:c2359, a2c18d3d-e79d-47c9-88fe-d8a1d195302b:c2359]
2019-08-23 11:31:34,808 | INFO  | DNAudit | user=null | ip=null | op=WRITE_CHUNK {blockData=conID: 1 locID: 102666069260304893 bcsId: 2359} | ret=SUCCESS |  
2019-08-23 11:31:34,808 | INFO  | DNAudit | user=null | ip=null | op=WRITE_CHUNK {blockData=conID: 1 locID: 102666069260304893 bcsId: 2359} | ret=SUCCESS |  
2019-08-23 11:31:34,809 | INFO  | DNAudit | user=null | ip=null | op=PUT_BLOCK {blockData=[blockId=conID: 1 locID: 102666069260304893 bcsId: 0,size=4194304]} | ret=SUCCESS |  
2019-08-23 11:31:34,810 | INFO  | DNAudit | user=null | ip=null | op=PUT_BLOCK {blockData=[blockId=conID: 1 locID: 102666069260304893 bcsId: 0,size=4194304]} | ret=SUCCESS |  
2019-08-23 11:31:34,811 [grpc-default-executor-5] INFO  client.GrpcClientProtocolClient (GrpcClientProtocolClient.java:onNext(255)) - client-C9E345EC67ED->244f13ac-34be-4c4e-8e45-0c0272edbbb2: receive RaftClientReply:client-C9E345EC67ED->244f13ac-34be-4c4e-8e45-0c0272edbbb2@group-FE77C852EF02, cid=1661, SUCCESS, logIndex=0, commits[244f13ac-34be-4c4e-8e45-0c0272edbbb2:c2365, 6287e41a-5356-4f55-84f2-270816d53e84:c2363, a2c18d3d-e79d-47c9-88fe-d8a1d195302b:c2363]
2019-08-23 11:31:34,815 | INFO  | SCMAudit | user=jenkins1000 | ip=192.168.5.185 | op=ALLOCATE_BLOCK {owner=00a23185-76ea-47b5-a641-ad3cfbe5521a, size=4194304, type=RATIS, factor=THREE} | ret=SUCCESS |  
2019-08-23 11:31:34,818 | INFO  | OMAudit | user=jenkins1000 | ip=127.0.0.1 | op=ALLOCATE_BLOCK {volume=vol-0-37508, bucket=bucket-0-50919, key=key-0-57313, dataSize=0, replicationType=null, replicationFactor=null, keyLocationInfo=null, clientID=102666068570931602} | ret=SUCCESS |  
2019-08-23 11:31:34,825 | INFO  | DNAudit | user=null | ip=null | op=WRITE_CHUNK {blockData=conID: 2 locID: 102666069266596350 bcsId: 0} | ret=SUCCESS |  
2019-08-23 11:31:34,828 | INFO  | DNAudit | user=null | ip=null | op=WRITE_CHUNK {blockData=conID: 2 locID: 102666069266596350 bcsId: 0} | ret=SUCCESS |  
2019-08-23 11:31:34,828 | INFO  | DNAudit | user=null | ip=null | op=WRITE_CHUNK {blockData=conID: 2 locID: 102666069266596350 bcsId: 0} | ret=SUCCESS |  
2019-08-23 11:31:34,829 | INFO  | DNAudit | user=null | ip=null | op=WRITE_CHUNK {blockData=conID: 2 locID: 102666069266596350 bcsId: 0} | ret=SUCCESS |  
2019-08-23 11:31:34,830 | INFO  | DNAudit | user=null | ip=null | op=WRITE_CHUNK {blockData=conID: 2 locID: 102666069266596350 bcsId: 0} | ret=SUCCESS |  
2019-08-23 11:31:34,831 | INFO  | DNAudit | user=null | ip=null | op=PUT_BLOCK {blockData=[blockId=conID: 2 locID: 102666069266596350 bcsId: 0,size=1048576]} | ret=SUCCESS |  
2019-08-23 11:31:34,831 [grpc-default-executor-5] INFO  client.GrpcClientProtocolClient (GrpcClientProtocolClient.java:onNext(255)) - client-C9E345EC67ED->244f13ac-34be-4c4e-8e45-0c0272edbbb2: receive RaftClientReply:client-C9E345EC67ED->244f13ac-34be-4c4e-8e45-0c0272edbbb2@group-FE77C852EF02, cid=1662, SUCCESS, logIndex=2366, commits[244f13ac-34be-4c4e-8e45-0c0272edbbb2:c2367, 6287e41a-5356-4f55-84f2-270816d53e84:c2363, a2c18d3d-e79d-47c9-88fe-d8a1d195302b:c2365]
2019-08-23 11:31:34,832 | INFO  | DNAudit | user=null | ip=null | op=WRITE_CHUNK {blockData=conID: 2 locID: 102666069266596350 bcsId: 0} | ret=SUCCESS |  
2019-08-23 11:31:34,832 [grpc-default-executor-5] INFO  client.GrpcClientProtocolClient (GrpcClientProtocolClient.java:onNext(255)) - client-C9E345EC67ED->244f13ac-34be-4c4e-8e45-0c0272edbbb2: receive RaftClientReply:client-C9E345EC67ED->244f13ac-34be-4c4e-8e45-0c0272edbbb2@group-FE77C852EF02, cid=1663, SUCCESS, logIndex=2367, commits[244f13ac-34be-4c4e-8e45-0c0272edbbb2:c2367, 6287e41a-5356-4f55-84f2-270816d53e84:c2363, a2c18d3d-e79d-47c9-88fe-d8a1d195302b:c2365]
2019-08-23 11:31:34,832 | INFO  | DNAudit | user=null | ip=null | op=WRITE_CHUNK {blockData=conID: 2 locID: 102666069266596350 bcsId: 0} | ret=SUCCESS |  
2019-08-23 11:31:34,835 | INFO  | DNAudit | user=null | ip=null | op=WRITE_CHUNK {blockData=conID: 2 locID: 102666069266596350 bcsId: 0} | ret=SUCCESS |  
2019-08-23 11:31:34,835 | INFO  | DNAudit | user=null | ip=null | op=WRITE_CHUNK {blockData=conID: 2 locID: 102666069266596350 bcsId: 0} | ret=SUCCESS |  
2019-08-23 11:31:34,835 | INFO  | DNAudit | user=null | ip=null | op=PUT_BLOCK {blockData=[blockId=conID: 2 locID: 102666069266596350 bcsId: 0,size=1048576]} | ret=SUCCESS |  
2019-08-23 11:31:34,836 | INFO  | DNAudit | user=null | ip=null | op=PUT_BLOCK {blockData=[blockId=conID: 2 locID: 102666069266596350 bcsId: 0,size=1048576]} | ret=SUCCESS |  
2019-08-23 11:31:34,836 | INFO  | DNAudit | user=null | ip=null | op=WRITE_CHUNK {blockData=conID: 2 locID: 102666069266596350 bcsId: 0} | ret=SUCCESS |  
2019-08-23 11:31:34,837 | INFO  | DNAudit | user=null | ip=null | op=PUT_BLOCK {blockData=[blockId=conID: 2 locID: 102666069266596350 bcsId: 0,size=2097152]} | ret=SUCCESS |  
2019-08-23 11:31:34,837 [grpc-default-executor-4] INFO  client.GrpcClientProtocolClient (GrpcClientProtocolClient.java:onNext(255)) - client-C9E345EC67ED->244f13ac-34be-4c4e-8e45-0c0272edbbb2: receive RaftClientReply:client-C9E345EC67ED->244f13ac-34be-4c4e-8e45-0c0272edbbb2@group-FE77C852EF02, cid=1664, SUCCESS, logIndex=2368, commits[244f13ac-34be-4c4e-8e45-0c0272edbbb2:c2371, 6287e41a-5356-4f55-84f2-270816d53e84:c2367, a2c18d3d-e79d-47c9-88fe-d8a1d195302b:c2367]
2019-08-23 11:31:34,837 [grpc-default-executor-4] INFO  client.GrpcClientProtocolClient (GrpcClientProtocolClient.java:onNext(255)) - client-C9E345EC67ED->244f13ac-34be-4c4e-8e45-0c0272edbbb2: receive RaftClientReply:client-C9E345EC67ED->244f13ac-34be-4c4e-8e45-0c0272edbbb2@group-FE77C852EF02, cid=1665, SUCCESS, logIndex=2369, commits[244f13ac-34be-4c4e-8e45-0c0272edbbb2:c2371, 6287e41a-5356-4f55-84f2-270816d53e84:c2367, a2c18d3d-e79d-47c9-88fe-d8a1d195302b:c2367]
2019-08-23 11:31:34,844 | INFO  | DNAudit | user=null | ip=null | op=WRITE_CHUNK {blockData=conID: 2 locID: 102666069266596350 bcsId: 2369} | ret=SUCCESS |  
2019-08-23 11:31:34,846 | INFO  | DNAudit | user=null | ip=null | op=WRITE_CHUNK {blockData=conID: 2 locID: 102666069266596350 bcsId: 2369} | ret=SUCCESS |  
2019-08-23 11:31:34,847 | INFO  | DNAudit | user=null | ip=null | op=WRITE_CHUNK {blockData=conID: 2 locID: 102666069266596350 bcsId: 2369} | ret=SUCCESS |  
2019-08-23 11:31:34,849 | INFO  | DNAudit | user=null | ip=null | op=WRITE_CHUNK {blockData=conID: 2 locID: 102666069266596350 bcsId: 0} | ret=SUCCESS |  
2019-08-23 11:31:34,849 | INFO  | DNAudit | user=null | ip=null | op=WRITE_CHUNK {blockData=conID: 2 locID: 102666069266596350 bcsId: 0} | ret=SUCCESS |  
2019-08-23 11:31:34,849 | INFO  | DNAudit | user=null | ip=null | op=PUT_BLOCK {blockData=[blockId=conID: 2 locID: 102666069266596350 bcsId: 0,size=2097152]} | ret=SUCCESS |  
2019-08-23 11:31:34,849 | INFO  | DNAudit | user=null | ip=null | op=PUT_BLOCK {blockData=[blockId=conID: 2 locID: 102666069266596350 bcsId: 0,size=2097152]} | ret=SUCCESS |  
2019-08-23 11:31:34,850 | INFO  | DNAudit | user=null | ip=null | op=WRITE_CHUNK {blockData=conID: 2 locID: 102666069266596350 bcsId: 2369} | ret=SUCCESS |  
2019-08-23 11:31:34,851 | INFO  | DNAudit | user=null | ip=null | op=PUT_BLOCK {blockData=[blockId=conID: 2 locID: 102666069266596350 bcsId: 0,size=3145728]} | ret=SUCCESS |  
2019-08-23 11:31:34,851 [grpc-default-executor-2] INFO  client.GrpcClientProtocolClient (GrpcClientProtocolClient.java:onNext(255)) - client-C9E345EC67ED->244f13ac-34be-4c4e-8e45-0c0272edbbb2: receive RaftClientReply:client-C9E345EC67ED->244f13ac-34be-4c4e-8e45-0c0272edbbb2@group-FE77C852EF02, cid=1666, SUCCESS, logIndex=2373, commits[244f13ac-34be-4c4e-8e45-0c0272edbbb2:c2374, 6287e41a-5356-4f55-84f2-270816d53e84:c2371, a2c18d3d-e79d-47c9-88fe-d8a1d195302b:c2371]
2019-08-23 11:31:34,852 [grpc-default-executor-2] INFO  client.GrpcClientProtocolClient (GrpcClientProtocolClient.java:onNext(255)) - client-C9E345EC67ED->244f13ac-34be-4c4e-8e45-0c0272edbbb2: receive RaftClientReply:client-C9E345EC67ED->244f13ac-34be-4c4e-8e45-0c0272edbbb2@group-FE77C852EF02, cid=1667, SUCCESS, logIndex=2374, commits[244f13ac-34be-4c4e-8e45-0c0272edbbb2:c2374, 6287e41a-5356-4f55-84f2-270816d53e84:c2371, a2c18d3d-e79d-47c9-88fe-d8a1d195302b:c2371]
2019-08-23 11:31:34,859 | INFO  | DNAudit | user=null | ip=null | op=WRITE_CHUNK {blockData=conID: 2 locID: 102666069266596350 bcsId: 2374} | ret=SUCCESS |  
2019-08-23 11:31:34,862 | INFO  | DNAudit | user=null | ip=null | op=WRITE_CHUNK {blockData=conID: 2 locID: 102666069266596350 bcsId: 2374} | ret=SUCCESS |  
2019-08-23 11:31:34,862 | INFO  | DNAudit | user=null | ip=null | op=WRITE_CHUNK {blockData=conID: 2 locID: 102666069266596350 bcsId: 2374} | ret=SUCCESS |  
2019-08-23 11:31:34,863 | INFO  | DNAudit | user=null | ip=null | op=WRITE_CHUNK {blockData=conID: 2 locID: 102666069266596350 bcsId: 2369} | ret=SUCCESS |  
2019-08-23 11:31:34,863 | INFO  | DNAudit | user=null | ip=null | op=WRITE_CHUNK {blockData=conID: 2 locID: 102666069266596350 bcsId: 2369} | ret=SUCCESS |  
2019-08-23 11:31:34,864 | INFO  | DNAudit | user=null | ip=null | op=PUT_BLOCK {blockData=[blockId=conID: 2 locID: 102666069266596350 bcsId: 0,size=3145728]} | ret=SUCCESS |  
2019-08-23 11:31:34,864 | INFO  | DNAudit | user=null | ip=null | op=PUT_BLOCK {blockData=[blockId=conID: 2 locID: 102666069266596350 bcsId: 0,size=3145728]} | ret=SUCCESS |  
2019-08-23 11:31:34,865 | INFO  | DNAudit | user=null | ip=null | op=WRITE_CHUNK {blockData=conID: 2 locID: 102666069266596350 bcsId: 2374} | ret=SUCCESS |  
2019-08-23 11:31:34,866 | INFO  | DNAudit | user=null | ip=null | op=PUT_BLOCK {blockData=[blockId=conID: 2 locID: 102666069266596350 bcsId: 0,size=4194304]} | ret=SUCCESS |  
2019-08-23 11:31:34,866 [grpc-default-executor-4] INFO  client.GrpcClientProtocolClient (GrpcClientProtocolClient.java:onNext(255)) - client-C9E345EC67ED->244f13ac-34be-4c4e-8e45-0c0272edbbb2: receive RaftClientReply:client-C9E345EC67ED->244f13ac-34be-4c4e-8e45-0c0272edbbb2@group-FE77C852EF02, cid=1668, SUCCESS, logIndex=2377, commits[244f13ac-34be-4c4e-8e45-0c0272edbbb2:c2378, 6287e41a-5356-4f55-84f2-270816d53e84:c2374, a2c18d3d-e79d-47c9-88fe-d8a1d195302b:c2374]
2019-08-23 11:31:34,867 [grpc-default-executor-4] INFO  client.GrpcClientProtocolClient (GrpcClientProtocolClient.java:onNext(255)) - client-C9E345EC67ED->244f13ac-34be-4c4e-8e45-0c0272edbbb2: receive RaftClientReply:client-C9E345EC67ED->244f13ac-34be-4c4e-8e45-0c0272edbbb2@group-FE77C852EF02, cid=1669, SUCCESS, logIndex=2378, commits[244f13ac-34be-4c4e-8e45-0c0272edbbb2:c2378, 6287e41a-5356-4f55-84f2-270816d53e84:c2374, a2c18d3d-e79d-47c9-88fe-d8a1d195302b:c2374]
2019-08-23 11:31:34,878 | INFO  | DNAudit | user=null | ip=null | op=WRITE_CHUNK {blockData=conID: 2 locID: 102666069266596350 bcsId: 2374} | ret=SUCCESS |  
2019-08-23 11:31:34,878 | INFO  | DNAudit | user=null | ip=null | op=WRITE_CHUNK {blockData=conID: 2 locID: 102666069266596350 bcsId: 2374} | ret=SUCCESS |  
2019-08-23 11:31:34,880 | INFO  | DNAudit | user=null | ip=null | op=PUT_BLOCK {blockData=[blockId=conID: 2 locID: 102666069266596350 bcsId: 0,size=4194304]} | ret=SUCCESS |  
2019-08-23 11:31:34,880 | INFO  | DNAudit | user=null | ip=null | op=PUT_BLOCK {blockData=[blockId=conID: 2 locID: 102666069266596350 bcsId: 0,size=4194304]} | ret=SUCCESS |  
2019-08-23 11:31:34,880 [grpc-default-executor-4] INFO  client.GrpcClientProtocolClient (GrpcClientProtocolClient.java:onNext(255)) - client-C9E345EC67ED->244f13ac-34be-4c4e-8e45-0c0272edbbb2: receive RaftClientReply:client-C9E345EC67ED->244f13ac-34be-4c4e-8e45-0c0272edbbb2@group-FE77C852EF02, cid=1670, SUCCESS, logIndex=0, commits[244f13ac-34be-4c4e-8e45-0c0272edbbb2:c2380, 6287e41a-5356-4f55-84f2-270816d53e84:c2378, a2c18d3d-e79d-47c9-88fe-d8a1d195302b:c2378]
2019-08-23 11:31:34,885 | INFO  | SCMAudit | user=jenkins1000 | ip=192.168.5.185 | op=ALLOCATE_BLOCK {owner=00a23185-76ea-47b5-a641-ad3cfbe5521a, size=4194304, type=RATIS, factor=THREE} | ret=SUCCESS |  
2019-08-23 11:31:34,888 | INFO  | OMAudit | user=jenkins1000 | ip=127.0.0.1 | op=ALLOCATE_BLOCK {volume=vol-0-37508, bucket=bucket-0-50919, key=key-0-57313, dataSize=0, replicationType=null, replicationFactor=null, keyLocationInfo=null, clientID=102666068570931602} | ret=SUCCESS |  
2019-08-23 11:31:34,895 | INFO  | DNAudit | user=null | ip=null | op=WRITE_CHUNK {blockData=conID: 3 locID: 102666069271183871 bcsId: 0} | ret=SUCCESS |  
2019-08-23 11:31:34,897 | INFO  | DNAudit | user=null | ip=null | op=WRITE_CHUNK {blockData=conID: 3 locID: 102666069271183871 bcsId: 0} | ret=SUCCESS |  
2019-08-23 11:31:34,897 | INFO  | DNAudit | user=null | ip=null | op=WRITE_CHUNK {blockData=conID: 3 locID: 102666069271183871 bcsId: 0} | ret=SUCCESS |  
2019-08-23 11:31:34,898 | INFO  | DNAudit | user=null | ip=null | op=WRITE_CHUNK {blockData=conID: 3 locID: 102666069271183871 bcsId: 0} | ret=SUCCESS |  
2019-08-23 11:31:34,900 | INFO  | DNAudit | user=null | ip=null | op=WRITE_CHUNK {blockData=conID: 3 locID: 102666069271183871 bcsId: 0} | ret=SUCCESS |  
2019-08-23 11:31:34,901 | INFO  | DNAudit | user=null | ip=null | op=WRITE_CHUNK {blockData=conID: 3 locID: 102666069271183871 bcsId: 0} | ret=SUCCESS |  
2019-08-23 11:31:34,908 | INFO  | DNAudit | user=null | ip=null | op=WRITE_CHUNK {blockData=conID: 3 locID: 102666069271183871 bcsId: 0} | ret=SUCCESS |  
2019-08-23 11:31:34,908 | INFO  | DNAudit | user=null | ip=null | op=PUT_BLOCK {blockData=[blockId=conID: 3 locID: 102666069271183871 bcsId: 0,size=1048576]} | ret=SUCCESS |  
2019-08-23 11:31:34,909 [grpc-default-executor-4] INFO  client.GrpcClientProtocolClient (GrpcClientProtocolClient.java:onNext(255)) - client-C9E345EC67ED->244f13ac-34be-4c4e-8e45-0c0272edbbb2: receive RaftClientReply:client-C9E345EC67ED->244f13ac-34be-4c4e-8e45-0c0272edbbb2@group-FE77C852EF02, cid=1671, SUCCESS, logIndex=2381, commits[244f13ac-34be-4c4e-8e45-0c0272edbbb2:c2382, 6287e41a-5356-4f55-84f2-270816d53e84:c2380, a2c18d3d-e79d-47c9-88fe-d8a1d195302b:c2380]
2019-08-23 11:31:34,910 [grpc-default-executor-4] INFO  client.GrpcClientProtocolClient (GrpcClientProtocolClient.java:onNext(255)) - client-C9E345EC67ED->244f13ac-34be-4c4e-8e45-0c0272edbbb2: receive RaftClientReply:client-C9E345EC67ED->244f13ac-34be-4c4e-8e45-0c0272edbbb2@group-FE77C852EF02, cid=1672, SUCCESS, logIndex=2382, commits[244f13ac-34be-4c4e-8e45-0c0272edbbb2:c2382, 6287e41a-5356-4f55-84f2-270816d53e84:c2380, a2c18d3d-e79d-47c9-88fe-d8a1d195302b:c2380]
2019-08-23 11:31:34,910 | INFO  | DNAudit | user=null | ip=null | op=WRITE_CHUNK {blockData=conID: 3 locID: 102666069271183871 bcsId: 0} | ret=SUCCESS |  
2019-08-23 11:31:34,910 | INFO  | DNAudit | user=null | ip=null | op=WRITE_CHUNK {blockData=conID: 3 locID: 102666069271183871 bcsId: 0} | ret=SUCCESS |  
2019-08-23 11:31:34,911 | INFO  | DNAudit | user=null | ip=null | op=WRITE_CHUNK {blockData=conID: 3 locID: 102666069271183871 bcsId: 0} | ret=SUCCESS |  
2019-08-23 11:31:34,911 | INFO  | DNAudit | user=null | ip=null | op=PUT_BLOCK {blockData=[blockId=conID: 3 locID: 102666069271183871 bcsId: 0,size=1048576]} | ret=SUCCESS |  
2019-08-23 11:31:34,911 | INFO  | DNAudit | user=null | ip=null | op=PUT_BLOCK {blockData=[blockId=conID: 3 locID: 102666069271183871 bcsId: 0,size=2097152]} | ret=SUCCESS |  
2019-08-23 11:31:34,911 | INFO  | DNAudit | user=null | ip=null | op=PUT_BLOCK {blockData=[blockId=conID: 3 locID: 102666069271183871 bcsId: 0,size=1048576]} | ret=SUCCESS |  
2019-08-23 11:31:34,911 [grpc-default-executor-4] INFO  client.GrpcClientProtocolClient (GrpcClientProtocolClient.java:onNext(255)) - client-C9E345EC67ED->244f13ac-34be-4c4e-8e45-0c0272edbbb2: receive RaftClientReply:client-C9E345EC67ED->244f13ac-34be-4c4e-8e45-0c0272edbbb2@group-FE77C852EF02, cid=1673, SUCCESS, logIndex=2383, commits[244f13ac-34be-4c4e-8e45-0c0272edbbb2:c2384, 6287e41a-5356-4f55-84f2-270816d53e84:c2380, a2c18d3d-e79d-47c9-88fe-d8a1d195302b:c2380]
2019-08-23 11:31:34,912 [grpc-default-executor-4] INFO  client.GrpcClientProtocolClient (GrpcClientProtocolClient.java:onNext(255)) - client-C9E345EC67ED->244f13ac-34be-4c4e-8e45-0c0272edbbb2: receive RaftClientReply:client-C9E345EC67ED->244f13ac-34be-4c4e-8e45-0c0272edbbb2@group-FE77C852EF02, cid=1674, SUCCESS, logIndex=2384, commits[244f13ac-34be-4c4e-8e45-0c0272edbbb2:c2386, 6287e41a-5356-4f55-84f2-270816d53e84:c2382, a2c18d3d-e79d-47c9-88fe-d8a1d195302b:c2380]
2019-08-23 11:31:34,913 | INFO  | DNAudit | user=null | ip=null | op=WRITE_CHUNK {blockData=conID: 3 locID: 102666069271183871 bcsId: 0} | ret=SUCCESS |  
2019-08-23 11:31:34,913 | INFO  | DNAudit | user=null | ip=null | op=WRITE_CHUNK {blockData=conID: 3 locID: 102666069271183871 bcsId: 0} | ret=SUCCESS |  
2019-08-23 11:31:34,913 [grpc-default-executor-4] INFO  client.GrpcClientProtocolClient (GrpcClientProtocolClient.java:onNext(255)) - client-C9E345EC67ED->244f13ac-34be-4c4e-8e45-0c0272edbbb2: receive RaftClientReply:client-C9E345EC67ED->244f13ac-34be-4c4e-8e45-0c0272edbbb2@group-FE77C852EF02, cid=1675, SUCCESS, logIndex=0, commits[244f13ac-34be-4c4e-8e45-0c0272edbbb2:c2387, 6287e41a-5356-4f55-84f2-270816d53e84:c2384, a2c18d3d-e79d-47c9-88fe-d8a1d195302b:c2382]
2019-08-23 11:31:34,913 | INFO  | DNAudit | user=null | ip=null | op=PUT_BLOCK {blockData=[blockId=conID: 3 locID: 102666069271183871 bcsId: 0,size=2097152]} | ret=SUCCESS |  
2019-08-23 11:31:34,913 | INFO  | DNAudit | user=null | ip=null | op=PUT_BLOCK {blockData=[blockId=conID: 3 locID: 102666069271183871 bcsId: 0,size=2097152]} | ret=SUCCESS |  
2019-08-23 11:31:34,920 | INFO  | DNAudit | user=null | ip=null | op=WRITE_CHUNK {blockData=conID: 3 locID: 102666069271183871 bcsId: 2384} | ret=SUCCESS |  
2019-08-23 11:31:34,922 | INFO  | DNAudit | user=null | ip=null | op=WRITE_CHUNK {blockData=conID: 3 locID: 102666069271183871 bcsId: 2384} | ret=SUCCESS |  
2019-08-23 11:31:34,923 | INFO  | DNAudit | user=null | ip=null | op=WRITE_CHUNK {blockData=conID: 3 locID: 102666069271183871 bcsId: 2384} | ret=SUCCESS |  
2019-08-23 11:31:34,932 | INFO  | DNAudit | user=null | ip=null | op=WRITE_CHUNK {blockData=conID: 3 locID: 102666069271183871 bcsId: 2384} | ret=SUCCESS |  
2019-08-23 11:31:34,932 | INFO  | DNAudit | user=null | ip=null | op=PUT_BLOCK {blockData=[blockId=conID: 3 locID: 102666069271183871 bcsId: 0,size=3145728]} | ret=SUCCESS |  
2019-08-23 11:31:34,932 [grpc-default-executor-5] INFO  client.GrpcClientProtocolClient (GrpcClientProtocolClient.java:onNext(255)) - client-C9E345EC67ED->244f13ac-34be-4c4e-8e45-0c0272edbbb2: receive RaftClientReply:client-C9E345EC67ED->244f13ac-34be-4c4e-8e45-0c0272edbbb2@group-FE77C852EF02, cid=1676, SUCCESS, logIndex=2389, commits[244f13ac-34be-4c4e-8e45-0c0272edbbb2:c2390, 6287e41a-5356-4f55-84f2-270816d53e84:c2388, a2c18d3d-e79d-47c9-88fe-d8a1d195302b:c2388]
2019-08-23 11:31:34,933 [grpc-default-executor-5] INFO  client.GrpcClientProtocolClient (GrpcClientProtocolClient.java:onNext(255)) - client-C9E345EC67ED->244f13ac-34be-4c4e-8e45-0c0272edbbb2: receive RaftClientReply:client-C9E345EC67ED->244f13ac-34be-4c4e-8e45-0c0272edbbb2@group-FE77C852EF02, cid=1677, SUCCESS, logIndex=2390, commits[244f13ac-34be-4c4e-8e45-0c0272edbbb2:c2390, 6287e41a-5356-4f55-84f2-270816d53e84:c2388, a2c18d3d-e79d-47c9-88fe-d8a1d195302b:c2388]
2019-08-23 11:31:34,933 | INFO  | DNAudit | user=null | ip=null | op=WRITE_CHUNK {blockData=conID: 3 locID: 102666069271183871 bcsId: 2384} | ret=SUCCESS |  
2019-08-23 11:31:34,933 | INFO  | DNAudit | user=null | ip=null | op=WRITE_CHUNK {blockData=conID: 3 locID: 102666069271183871 bcsId: 2384} | ret=SUCCESS |  
2019-08-23 11:31:34,934 | INFO  | DNAudit | user=null | ip=null | op=PUT_BLOCK {blockData=[blockId=conID: 3 locID: 102666069271183871 bcsId: 0,size=3145728]} | ret=SUCCESS |  
2019-08-23 11:31:34,934 | INFO  | DNAudit | user=null | ip=null | op=PUT_BLOCK {blockData=[blockId=conID: 3 locID: 102666069271183871 bcsId: 0,size=3145728]} | ret=SUCCESS |  
2019-08-23 11:31:34,940 | INFO  | DNAudit | user=null | ip=null | op=WRITE_CHUNK {blockData=conID: 3 locID: 102666069271183871 bcsId: 2390} | ret=SUCCESS |  
2019-08-23 11:31:34,942 | INFO  | DNAudit | user=null | ip=null | op=WRITE_CHUNK {blockData=conID: 3 locID: 102666069271183871 bcsId: 2390} | ret=SUCCESS |  
2019-08-23 11:31:34,942 | INFO  | DNAudit | user=null | ip=null | op=WRITE_CHUNK {blockData=conID: 3 locID: 102666069271183871 bcsId: 2390} | ret=SUCCESS |  
2019-08-23 11:31:34,952 | INFO  | DNAudit | user=null | ip=null | op=WRITE_CHUNK {blockData=conID: 3 locID: 102666069271183871 bcsId: 2390} | ret=SUCCESS |  
2019-08-23 11:31:34,953 | INFO  | DNAudit | user=null | ip=null | op=PUT_BLOCK {blockData=[blockId=conID: 3 locID: 102666069271183871 bcsId: 0,size=4194304]} | ret=SUCCESS |  
2019-08-23 11:31:34,953 [grpc-default-executor-4] INFO  client.GrpcClientProtocolClient (GrpcClientProtocolClient.java:onNext(255)) - client-C9E345EC67ED->244f13ac-34be-4c4e-8e45-0c0272edbbb2: receive RaftClientReply:client-C9E345EC67ED->244f13ac-34be-4c4e-8e45-0c0272edbbb2@group-FE77C852EF02, cid=1678, SUCCESS, logIndex=2393, commits[244f13ac-34be-4c4e-8e45-0c0272edbbb2:c2394, 6287e41a-5356-4f55-84f2-270816d53e84:c2392, a2c18d3d-e79d-47c9-88fe-d8a1d195302b:c2392]
2019-08-23 11:31:34,954 [grpc-default-executor-4] INFO  client.GrpcClientProtocolClient (GrpcClientProtocolClient.java:onNext(255)) - client-C9E345EC67ED->244f13ac-34be-4c4e-8e45-0c0272edbbb2: receive RaftClientReply:client-C9E345EC67ED->244f13ac-34be-4c4e-8e45-0c0272edbbb2@group-FE77C852EF02, cid=1679, SUCCESS, logIndex=2394, commits[244f13ac-34be-4c4e-8e45-0c0272edbbb2:c2394, 6287e41a-5356-4f55-84f2-270816d53e84:c2392, a2c18d3d-e79d-47c9-88fe-d8a1d195302b:c2392]
2019-08-23 11:31:34,954 | INFO  | DNAudit | user=null | ip=null | op=WRITE_CHUNK {blockData=conID: 3 locID: 102666069271183871 bcsId: 2390} | ret=SUCCESS |  
2019-08-23 11:31:34,954 | INFO  | DNAudit | user=null | ip=null | op=WRITE_CHUNK {blockData=conID: 3 locID: 102666069271183871 bcsId: 2390} | ret=SUCCESS |  
2019-08-23 11:31:34,954 | INFO  | DNAudit | user=null | ip=null | op=PUT_BLOCK {blockData=[blockId=conID: 3 locID: 102666069271183871 bcsId: 0,size=4194304]} | ret=SUCCESS |  
2019-08-23 11:31:34,954 | INFO  | DNAudit | user=null | ip=null | op=PUT_BLOCK {blockData=[blockId=conID: 3 locID: 102666069271183871 bcsId: 0,size=4194304]} | ret=SUCCESS |  
2019-08-23 11:31:34,955 [grpc-default-executor-5] INFO  client.GrpcClientProtocolClient (GrpcClientProtocolClient.java:onNext(255)) - client-C9E345EC67ED->244f13ac-34be-4c4e-8e45-0c0272edbbb2: receive RaftClientReply:client-C9E345EC67ED->244f13ac-34be-4c4e-8e45-0c0272edbbb2@group-FE77C852EF02, cid=1680, SUCCESS, logIndex=0, commits[244f13ac-34be-4c4e-8e45-0c0272edbbb2:c2395, 6287e41a-5356-4f55-84f2-270816d53e84:c2394, a2c18d3d-e79d-47c9-88fe-d8a1d195302b:c2394]
2019-08-23 11:31:34,959 | INFO  | SCMAudit | user=jenkins1000 | ip=192.168.5.185 | op=ALLOCATE_BLOCK {owner=00a23185-76ea-47b5-a641-ad3cfbe5521a, size=4194304, type=RATIS, factor=THREE} | ret=SUCCESS |  
2019-08-23 11:31:34,962 | INFO  | OMAudit | user=jenkins1000 | ip=127.0.0.1 | op=ALLOCATE_BLOCK {volume=vol-0-37508, bucket=bucket-0-50919, key=key-0-57313, dataSize=0, replicationType=null, replicationFactor=null, keyLocationInfo=null, clientID=102666068570931602} | ret=SUCCESS |  
2019-08-23 11:31:34,968 | INFO  | DNAudit | user=null | ip=null | op=WRITE_CHUNK {blockData=conID: 1 locID: 102666069276033536 bcsId: 0} | ret=SUCCESS |  
2019-08-23 11:31:34,971 | INFO  | DNAudit | user=null | ip=null | op=WRITE_CHUNK {blockData=conID: 1 locID: 102666069276033536 bcsId: 0} | ret=SUCCESS |  
2019-08-23 11:31:34,971 | INFO  | DNAudit | user=null | ip=null | op=WRITE_CHUNK {blockData=conID: 1 locID: 102666069276033536 bcsId: 0} | ret=SUCCESS |  
2019-08-23 11:31:34,972 | INFO  | DNAudit | user=null | ip=null | op=WRITE_CHUNK {blockData=conID: 1 locID: 102666069276033536 bcsId: 0} | ret=SUCCESS |  
2019-08-23 11:31:34,973 | INFO  | DNAudit | user=null | ip=null | op=WRITE_CHUNK {blockData=conID: 1 locID: 102666069276033536 bcsId: 0} | ret=SUCCESS |  
2019-08-23 11:31:34,973 | INFO  | DNAudit | user=null | ip=null | op=WRITE_CHUNK {blockData=conID: 1 locID: 102666069276033536 bcsId: 0} | ret=SUCCESS |  
2019-08-23 11:31:34,980 | INFO  | DNAudit | user=null | ip=null | op=WRITE_CHUNK {blockData=conID: 1 locID: 102666069276033536 bcsId: 0} | ret=SUCCESS |  
2019-08-23 11:31:34,981 | INFO  | DNAudit | user=null | ip=null | op=PUT_BLOCK {blockData=[blockId=conID: 1 locID: 102666069276033536 bcsId: 0,size=1048576]} | ret=SUCCESS |  
2019-08-23 11:31:34,981 | INFO  | DNAudit | user=null | ip=null | op=WRITE_CHUNK {blockData=conID: 1 locID: 102666069276033536 bcsId: 0} | ret=SUCCESS |  
2019-08-23 11:31:34,981 [grpc-default-executor-2] INFO  client.GrpcClientProtocolClient (GrpcClientProtocolClient.java:onNext(255)) - client-C9E345EC67ED->244f13ac-34be-4c4e-8e45-0c0272edbbb2: receive RaftClientReply:client-C9E345EC67ED->244f13ac-34be-4c4e-8e45-0c0272edbbb2@group-FE77C852EF02, cid=1681, SUCCESS, logIndex=2397, commits[244f13ac-34be-4c4e-8e45-0c0272edbbb2:c2400, 6287e41a-5356-4f55-84f2-270816d53e84:c2396, a2c18d3d-e79d-47c9-88fe-d8a1d195302b:c2396]
2019-08-23 11:31:34,982 | INFO  | DNAudit | user=null | ip=null | op=PUT_BLOCK {blockData=[blockId=conID: 1 locID: 102666069276033536 bcsId: 0,size=2097152]} | ret=SUCCESS |  
2019-08-23 11:31:34,982 [grpc-default-executor-2] INFO  client.GrpcClientProtocolClient (GrpcClientProtocolClient.java:onNext(255)) - client-C9E345EC67ED->244f13ac-34be-4c4e-8e45-0c0272edbbb2: receive RaftClientReply:client-C9E345EC67ED->244f13ac-34be-4c4e-8e45-0c0272edbbb2@group-FE77C852EF02, cid=1682, SUCCESS, logIndex=2398, commits[244f13ac-34be-4c4e-8e45-0c0272edbbb2:c2400, 6287e41a-5356-4f55-84f2-270816d53e84:c2396, a2c18d3d-e79d-47c9-88fe-d8a1d195302b:c2396]
2019-08-23 11:31:34,982 | INFO  | DNAudit | user=null | ip=null | op=WRITE_CHUNK {blockData=conID: 1 locID: 102666069276033536 bcsId: 0} | ret=SUCCESS |  
2019-08-23 11:31:34,982 | INFO  | DNAudit | user=null | ip=null | op=WRITE_CHUNK {blockData=conID: 1 locID: 102666069276033536 bcsId: 0} | ret=SUCCESS |  
2019-08-23 11:31:34,982 | INFO  | DNAudit | user=null | ip=null | op=PUT_BLOCK {blockData=[blockId=conID: 1 locID: 102666069276033536 bcsId: 0,size=1048576]} | ret=SUCCESS |  
2019-08-23 11:31:34,982 | INFO  | DNAudit | user=null | ip=null | op=PUT_BLOCK {blockData=[blockId=conID: 1 locID: 102666069276033536 bcsId: 0,size=1048576]} | ret=SUCCESS |  
2019-08-23 11:31:34,982 [grpc-default-executor-2] INFO  client.GrpcClientProtocolClient (GrpcClientProtocolClient.java:onNext(255)) - client-C9E345EC67ED->244f13ac-34be-4c4e-8e45-0c0272edbbb2: receive RaftClientReply:client-C9E345EC67ED->244f13ac-34be-4c4e-8e45-0c0272edbbb2@group-FE77C852EF02, cid=1683, SUCCESS, logIndex=2399, commits[244f13ac-34be-4c4e-8e45-0c0272edbbb2:c2400, 6287e41a-5356-4f55-84f2-270816d53e84:c2396, a2c18d3d-e79d-47c9-88fe-d8a1d195302b:c2396]
2019-08-23 11:31:34,983 [grpc-default-executor-4] INFO  client.GrpcClientProtocolClient (GrpcClientProtocolClient.java:onNext(255)) - client-C9E345EC67ED->244f13ac-34be-4c4e-8e45-0c0272edbbb2: receive RaftClientReply:client-C9E345EC67ED->244f13ac-34be-4c4e-8e45-0c0272edbbb2@group-FE77C852EF02, cid=1684, SUCCESS, logIndex=2400, commits[244f13ac-34be-4c4e-8e45-0c0272edbbb2:c2400, 6287e41a-5356-4f55-84f2-270816d53e84:c2396, a2c18d3d-e79d-47c9-88fe-d8a1d195302b:c2396]
2019-08-23 11:31:34,983 | INFO  | DNAudit | user=null | ip=null | op=WRITE_CHUNK {blockData=conID: 1 locID: 102666069276033536 bcsId: 0} | ret=SUCCESS |  
2019-08-23 11:31:34,983 | INFO  | DNAudit | user=null | ip=null | op=PUT_BLOCK {blockData=[blockId=conID: 1 locID: 102666069276033536 bcsId: 0,size=2097152]} | ret=SUCCESS |  
2019-08-23 11:31:34,984 | INFO  | DNAudit | user=null | ip=null | op=WRITE_CHUNK {blockData=conID: 1 locID: 102666069276033536 bcsId: 0} | ret=SUCCESS |  
2019-08-23 11:31:34,984 | INFO  | DNAudit | user=null | ip=null | op=PUT_BLOCK {blockData=[blockId=conID: 1 locID: 102666069276033536 bcsId: 0,size=2097152]} | ret=SUCCESS |  
2019-08-23 11:31:34,984 [grpc-default-executor-4] INFO  client.GrpcClientProtocolClient (GrpcClientProtocolClient.java:onNext(255)) - client-C9E345EC67ED->244f13ac-34be-4c4e-8e45-0c0272edbbb2: receive RaftClientReply:client-C9E345EC67ED->244f13ac-34be-4c4e-8e45-0c0272edbbb2@group-FE77C852EF02, cid=1685, SUCCESS, logIndex=0, commits[244f13ac-34be-4c4e-8e45-0c0272edbbb2:c2401, 6287e41a-5356-4f55-84f2-270816d53e84:c2398, a2c18d3d-e79d-47c9-88fe-d8a1d195302b:c2398]
2019-08-23 11:31:34,990 | INFO  | DNAudit | user=null | ip=null | op=WRITE_CHUNK {blockData=conID: 1 locID: 102666069276033536 bcsId: 2400} | ret=SUCCESS |  
2019-08-23 11:31:34,993 | INFO  | DNAudit | user=null | ip=null | op=WRITE_CHUNK {blockData=conID: 1 locID: 102666069276033536 bcsId: 2400} | ret=SUCCESS |  
2019-08-23 11:31:34,993 | INFO  | DNAudit | user=null | ip=null | op=WRITE_CHUNK {blockData=conID: 1 locID: 102666069276033536 bcsId: 2400} | ret=SUCCESS |  
2019-08-23 11:31:35,009 | INFO  | DNAudit | user=null | ip=null | op=WRITE_CHUNK {blockData=conID: 1 locID: 102666069276033536 bcsId: 2400} | ret=SUCCESS |  
2019-08-23 11:31:35,010 | INFO  | DNAudit | user=null | ip=null | op=PUT_BLOCK {blockData=[blockId=conID: 1 locID: 102666069276033536 bcsId: 0,size=3145728]} | ret=SUCCESS |  
2019-08-23 11:31:35,010 [grpc-default-executor-5] INFO  client.GrpcClientProtocolClient (GrpcClientProtocolClient.java:onNext(255)) - client-C9E345EC67ED->244f13ac-34be-4c4e-8e45-0c0272edbbb2: receive RaftClientReply:client-C9E345EC67ED->244f13ac-34be-4c4e-8e45-0c0272edbbb2@group-FE77C852EF02, cid=1686, SUCCESS, logIndex=2405, commits[244f13ac-34be-4c4e-8e45-0c0272edbbb2:c2406, 6287e41a-5356-4f55-84f2-270816d53e84:c2404, a2c18d3d-e79d-47c9-88fe-d8a1d195302b:c2404]
2019-08-23 11:31:35,011 | INFO  | DNAudit | user=null | ip=null | op=WRITE_CHUNK {blockData=conID: 1 locID: 102666069276033536 bcsId: 2400} | ret=SUCCESS |  
2019-08-23 11:31:35,011 | INFO  | DNAudit | user=null | ip=null | op=WRITE_CHUNK {blockData=conID: 1 locID: 102666069276033536 bcsId: 2400} | ret=SUCCESS |  
2019-08-23 11:31:35,011 [grpc-default-executor-5] INFO  client.GrpcClientProtocolClient (GrpcClientProtocolClient.java:onNext(255)) - client-C9E345EC67ED->244f13ac-34be-4c4e-8e45-0c0272edbbb2: receive RaftClientReply:client-C9E345EC67ED->244f13ac-34be-4c4e-8e45-0c0272edbbb2@group-FE77C852EF02, cid=1687, SUCCESS, logIndex=2406, commits[244f13ac-34be-4c4e-8e45-0c0272edbbb2:c2406, 6287e41a-5356-4f55-84f2-270816d53e84:c2404, a2c18d3d-e79d-47c9-88fe-d8a1d195302b:c2404]
2019-08-23 11:31:35,011 | INFO  | DNAudit | user=null | ip=null | op=PUT_BLOCK {blockData=[blockId=conID: 1 locID: 102666069276033536 bcsId: 0,size=3145728]} | ret=SUCCESS |  
2019-08-23 11:31:35,011 | INFO  | DNAudit | user=null | ip=null | op=PUT_BLOCK {blockData=[blockId=conID: 1 locID: 102666069276033536 bcsId: 0,size=3145728]} | ret=SUCCESS |  
2019-08-23 11:31:35,018 | INFO  | DNAudit | user=null | ip=null | op=WRITE_CHUNK {blockData=conID: 1 locID: 102666069276033536 bcsId: 2406} | ret=SUCCESS |  
2019-08-23 11:31:35,019 | INFO  | DNAudit | user=null | ip=null | op=WRITE_CHUNK {blockData=conID: 1 locID: 102666069276033536 bcsId: 2406} | ret=SUCCESS |  
2019-08-23 11:31:35,020 | INFO  | DNAudit | user=null | ip=null | op=WRITE_CHUNK {blockData=conID: 1 locID: 102666069276033536 bcsId: 2406} | ret=SUCCESS |  
2019-08-23 11:31:35,055 | INFO  | DNAudit | user=null | ip=null | op=WRITE_CHUNK {blockData=conID: 1 locID: 102666069276033536 bcsId: 2406} | ret=SUCCESS |  
2019-08-23 11:31:35,056 | INFO  | DNAudit | user=null | ip=null | op=PUT_BLOCK {blockData=[blockId=conID: 1 locID: 102666069276033536 bcsId: 0,size=4194304]} | ret=SUCCESS |  
2019-08-23 11:31:35,056 [grpc-default-executor-2] INFO  client.GrpcClientProtocolClient (GrpcClientProtocolClient.java:onNext(255)) - client-C9E345EC67ED->244f13ac-34be-4c4e-8e45-0c0272edbbb2: receive RaftClientReply:client-C9E345EC67ED->244f13ac-34be-4c4e-8e45-0c0272edbbb2@group-FE77C852EF02, cid=1688, SUCCESS, logIndex=2409, commits[244f13ac-34be-4c4e-8e45-0c0272edbbb2:c2410, 6287e41a-5356-4f55-84f2-270816d53e84:c2408, a2c18d3d-e79d-47c9-88fe-d8a1d195302b:c2408]
2019-08-23 11:31:35,056 | INFO  | DNAudit | user=null | ip=null | op=WRITE_CHUNK {blockData=conID: 1 locID: 102666069276033536 bcsId: 2406} | ret=SUCCESS |  
2019-08-23 11:31:35,056 | INFO  | DNAudit | user=null | ip=null | op=WRITE_CHUNK {blockData=conID: 1 locID: 102666069276033536 bcsId: 2406} | ret=SUCCESS |  
2019-08-23 11:31:35,056 | INFO  | DNAudit | user=null | ip=null | op=PUT_BLOCK {blockData=[blockId=conID: 1 locID: 102666069276033536 bcsId: 0,size=4194304]} | ret=SUCCESS |  
2019-08-23 11:31:35,057 | INFO  | DNAudit | user=null | ip=null | op=PUT_BLOCK {blockData=[blockId=conID: 1 locID: 102666069276033536 bcsId: 0,size=4194304]} | ret=SUCCESS |  
2019-08-23 11:31:35,058 [grpc-default-executor-2] INFO  client.GrpcClientProtocolClient (GrpcClientProtocolClient.java:onNext(255)) - client-C9E345EC67ED->244f13ac-34be-4c4e-8e45-0c0272edbbb2: receive RaftClientReply:client-C9E345EC67ED->244f13ac-34be-4c4e-8e45-0c0272edbbb2@group-FE77C852EF02, cid=1689, SUCCESS, logIndex=2410, commits[244f13ac-34be-4c4e-8e45-0c0272edbbb2:c2410, 6287e41a-5356-4f55-84f2-270816d53e84:c2408, a2c18d3d-e79d-47c9-88fe-d8a1d195302b:c2408]
2019-08-23 11:31:35,059 [grpc-default-executor-2] INFO  client.GrpcClientProtocolClient (GrpcClientProtocolClient.java:onNext(255)) - client-C9E345EC67ED->244f13ac-34be-4c4e-8e45-0c0272edbbb2: receive RaftClientReply:client-C9E345EC67ED->244f13ac-34be-4c4e-8e45-0c0272edbbb2@group-FE77C852EF02, cid=1690, SUCCESS, logIndex=0, commits[244f13ac-34be-4c4e-8e45-0c0272edbbb2:c2411, 6287e41a-5356-4f55-84f2-270816d53e84:c2410, a2c18d3d-e79d-47c9-88fe-d8a1d195302b:c2410]
2019-08-23 11:31:35,219 | INFO  | SCMAudit | user=jenkins1000 | ip=192.168.5.185 | op=ALLOCATE_BLOCK {owner=00a23185-76ea-47b5-a641-ad3cfbe5521a, size=4194304, type=RATIS, factor=THREE} | ret=SUCCESS |  
2019-08-23 11:31:35,222 | INFO  | OMAudit | user=jenkins1000 | ip=127.0.0.1 | op=ALLOCATE_BLOCK {volume=vol-0-37508, bucket=bucket-0-50919, key=key-0-57313, dataSize=0, replicationType=null, replicationFactor=null, keyLocationInfo=null, clientID=102666068570931602} | ret=SUCCESS |  
2019-08-23 11:31:35,230 | INFO  | DNAudit | user=null | ip=null | op=WRITE_CHUNK {blockData=conID: 2 locID: 102666069293072897 bcsId: 0} | ret=SUCCESS |  
2019-08-23 11:31:35,243 | INFO  | DNAudit | user=null | ip=null | op=WRITE_CHUNK {blockData=conID: 2 locID: 102666069293072897 bcsId: 0} | ret=SUCCESS |  
2019-08-23 11:31:35,243 | INFO  | DNAudit | user=null | ip=null | op=WRITE_CHUNK {blockData=conID: 2 locID: 102666069293072897 bcsId: 0} | ret=SUCCESS |  
2019-08-23 11:31:35,243 | INFO  | DNAudit | user=null | ip=null | op=WRITE_CHUNK {blockData=conID: 2 locID: 102666069293072897 bcsId: 0} | ret=SUCCESS |  
2019-08-23 11:31:35,243 | INFO  | DNAudit | user=null | ip=null | op=WRITE_CHUNK {blockData=conID: 2 locID: 102666069293072897 bcsId: 0} | ret=SUCCESS |  
2019-08-23 11:31:35,244 | INFO  | DNAudit | user=null | ip=null | op=WRITE_CHUNK {blockData=conID: 2 locID: 102666069293072897 bcsId: 0} | ret=SUCCESS |  
2019-08-23 11:31:35,265 | INFO  | DNAudit | user=null | ip=null | op=WRITE_CHUNK {blockData=conID: 2 locID: 102666069293072897 bcsId: 0} | ret=SUCCESS |  
2019-08-23 11:31:35,265 | INFO  | DNAudit | user=null | ip=null | op=PUT_BLOCK {blockData=[blockId=conID: 2 locID: 102666069293072897 bcsId: 0,size=1048576]} | ret=SUCCESS |  
2019-08-23 11:31:35,265 | INFO  | DNAudit | user=null | ip=null | op=WRITE_CHUNK {blockData=conID: 2 locID: 102666069293072897 bcsId: 0} | ret=SUCCESS |  
2019-08-23 11:31:35,265 [grpc-default-executor-5] INFO  client.GrpcClientProtocolClient (GrpcClientProtocolClient.java:onNext(255)) - client-C9E345EC67ED->244f13ac-34be-4c4e-8e45-0c0272edbbb2: receive RaftClientReply:client-C9E345EC67ED->244f13ac-34be-4c4e-8e45-0c0272edbbb2@group-FE77C852EF02, cid=1691, SUCCESS, logIndex=2412, commits[244f13ac-34be-4c4e-8e45-0c0272edbbb2:c2415, 6287e41a-5356-4f55-84f2-270816d53e84:c2411, a2c18d3d-e79d-47c9-88fe-d8a1d195302b:c2411]
2019-08-23 11:31:35,266 | INFO  | DNAudit | user=null | ip=null | op=PUT_BLOCK {blockData=[blockId=conID: 2 locID: 102666069293072897 bcsId: 0,size=2097152]} | ret=SUCCESS |  
2019-08-23 11:31:35,266 | INFO  | DNAudit | user=null | ip=null | op=WRITE_CHUNK {blockData=conID: 2 locID: 102666069293072897 bcsId: 0} | ret=SUCCESS |  
2019-08-23 11:31:35,266 | INFO  | DNAudit | user=null | ip=null | op=WRITE_CHUNK {blockData=conID: 2 locID: 102666069293072897 bcsId: 0} | ret=SUCCESS |  
2019-08-23 11:31:35,266 | INFO  | DNAudit | user=null | ip=null | op=PUT_BLOCK {blockData=[blockId=conID: 2 locID: 102666069293072897 bcsId: 0,size=1048576]} | ret=SUCCESS |  
2019-08-23 11:31:35,266 [grpc-default-executor-5] INFO  client.GrpcClientProtocolClient (GrpcClientProtocolClient.java:onNext(255)) - client-C9E345EC67ED->244f13ac-34be-4c4e-8e45-0c0272edbbb2: receive RaftClientReply:client-C9E345EC67ED->244f13ac-34be-4c4e-8e45-0c0272edbbb2@group-FE77C852EF02, cid=1692, SUCCESS, logIndex=2413, commits[244f13ac-34be-4c4e-8e45-0c0272edbbb2:c2415, 6287e41a-5356-4f55-84f2-270816d53e84:c2411, a2c18d3d-e79d-47c9-88fe-d8a1d195302b:c2411]
2019-08-23 11:31:35,267 | INFO  | DNAudit | user=null | ip=null | op=PUT_BLOCK {blockData=[blockId=conID: 2 locID: 102666069293072897 bcsId: 0,size=1048576]} | ret=SUCCESS |  
2019-08-23 11:31:35,267 | INFO  | DNAudit | user=null | ip=null | op=WRITE_CHUNK {blockData=conID: 2 locID: 102666069293072897 bcsId: 0} | ret=SUCCESS |  
2019-08-23 11:31:35,267 | INFO  | DNAudit | user=null | ip=null | op=PUT_BLOCK {blockData=[blockId=conID: 2 locID: 102666069293072897 bcsId: 0,size=2097152]} | ret=SUCCESS |  
2019-08-23 11:31:35,267 [grpc-default-executor-5] INFO  client.GrpcClientProtocolClient (GrpcClientProtocolClient.java:onNext(255)) - client-C9E345EC67ED->244f13ac-34be-4c4e-8e45-0c0272edbbb2: receive RaftClientReply:client-C9E345EC67ED->244f13ac-34be-4c4e-8e45-0c0272edbbb2@group-FE77C852EF02, cid=1693, SUCCESS, logIndex=2414, commits[244f13ac-34be-4c4e-8e45-0c0272edbbb2:c2415, 6287e41a-5356-4f55-84f2-270816d53e84:c2411, a2c18d3d-e79d-47c9-88fe-d8a1d195302b:c2411]
2019-08-23 11:31:35,267 [grpc-default-executor-5] INFO  client.GrpcClientProtocolClient (GrpcClientProtocolClient.java:onNext(255)) - client-C9E345EC67ED->244f13ac-34be-4c4e-8e45-0c0272edbbb2: receive RaftClientReply:client-C9E345EC67ED->244f13ac-34be-4c4e-8e45-0c0272edbbb2@group-FE77C852EF02, cid=1694, SUCCESS, logIndex=2415, commits[244f13ac-34be-4c4e-8e45-0c0272edbbb2:c2415, 6287e41a-5356-4f55-84f2-270816d53e84:c2411, a2c18d3d-e79d-47c9-88fe-d8a1d195302b:c2411]
2019-08-23 11:31:35,268 | INFO  | DNAudit | user=null | ip=null | op=WRITE_CHUNK {blockData=conID: 2 locID: 102666069293072897 bcsId: 0} | ret=SUCCESS |  
2019-08-23 11:31:35,268 | INFO  | DNAudit | user=null | ip=null | op=PUT_BLOCK {blockData=[blockId=conID: 2 locID: 102666069293072897 bcsId: 0,size=2097152]} | ret=SUCCESS |  
2019-08-23 11:31:35,268 [grpc-default-executor-5] INFO  client.GrpcClientProtocolClient (GrpcClientProtocolClient.java:onNext(255)) - client-C9E345EC67ED->244f13ac-34be-4c4e-8e45-0c0272edbbb2: receive RaftClientReply:client-C9E345EC67ED->244f13ac-34be-4c4e-8e45-0c0272edbbb2@group-FE77C852EF02, cid=1695, SUCCESS, logIndex=0, commits[244f13ac-34be-4c4e-8e45-0c0272edbbb2:c2419, 6287e41a-5356-4f55-84f2-270816d53e84:c2415, a2c18d3d-e79d-47c9-88fe-d8a1d195302b:c2415]
2019-08-23 11:31:35,276 | INFO  | DNAudit | user=null | ip=null | op=WRITE_CHUNK {blockData=conID: 2 locID: 102666069293072897 bcsId: 2415} | ret=SUCCESS |  
2019-08-23 11:31:35,277 | INFO  | DNAudit | user=null | ip=null | op=WRITE_CHUNK {blockData=conID: 2 locID: 102666069293072897 bcsId: 2415} | ret=SUCCESS |  
2019-08-23 11:31:35,279 | INFO  | DNAudit | user=null | ip=null | op=WRITE_CHUNK {blockData=conID: 2 locID: 102666069293072897 bcsId: 2415} | ret=SUCCESS |  
2019-08-23 11:31:35,289 | INFO  | DNAudit | user=null | ip=null | op=WRITE_CHUNK {blockData=conID: 2 locID: 102666069293072897 bcsId: 2415} | ret=SUCCESS |  
2019-08-23 11:31:35,290 | INFO  | DNAudit | user=null | ip=null | op=PUT_BLOCK {blockData=[blockId=conID: 2 locID: 102666069293072897 bcsId: 0,size=3145728]} | ret=SUCCESS |  
2019-08-23 11:31:35,290 [grpc-default-executor-2] INFO  client.GrpcClientProtocolClient (GrpcClientProtocolClient.java:onNext(255)) - client-C9E345EC67ED->244f13ac-34be-4c4e-8e45-0c0272edbbb2: receive RaftClientReply:client-C9E345EC67ED->244f13ac-34be-4c4e-8e45-0c0272edbbb2@group-FE77C852EF02, cid=1696, SUCCESS, logIndex=2420, commits[244f13ac-34be-4c4e-8e45-0c0272edbbb2:c2421, 6287e41a-5356-4f55-84f2-270816d53e84:c2419, a2c18d3d-e79d-47c9-88fe-d8a1d195302b:c2419]
2019-08-23 11:31:35,290 | INFO  | DNAudit | user=null | ip=null | op=WRITE_CHUNK {blockData=conID: 2 locID: 102666069293072897 bcsId: 2415} | ret=SUCCESS |  
2019-08-23 11:31:35,290 [grpc-default-executor-2] INFO  client.GrpcClientProtocolClient (GrpcClientProtocolClient.java:onNext(255)) - client-C9E345EC67ED->244f13ac-34be-4c4e-8e45-0c0272edbbb2: receive RaftClientReply:client-C9E345EC67ED->244f13ac-34be-4c4e-8e45-0c0272edbbb2@group-FE77C852EF02, cid=1697, SUCCESS, logIndex=2421, commits[244f13ac-34be-4c4e-8e45-0c0272edbbb2:c2421, 6287e41a-5356-4f55-84f2-270816d53e84:c2419, a2c18d3d-e79d-47c9-88fe-d8a1d195302b:c2419]
2019-08-23 11:31:35,290 | INFO  | DNAudit | user=null | ip=null | op=WRITE_CHUNK {blockData=conID: 2 locID: 102666069293072897 bcsId: 2415} | ret=SUCCESS |  
2019-08-23 11:31:35,291 | INFO  | DNAudit | user=null | ip=null | op=PUT_BLOCK {blockData=[blockId=conID: 2 locID: 102666069293072897 bcsId: 0,size=3145728]} | ret=SUCCESS |  
2019-08-23 11:31:35,291 | INFO  | DNAudit | user=null | ip=null | op=PUT_BLOCK {blockData=[blockId=conID: 2 locID: 102666069293072897 bcsId: 0,size=3145728]} | ret=SUCCESS |  
2019-08-23 11:31:35,298 | INFO  | DNAudit | user=null | ip=null | op=WRITE_CHUNK {blockData=conID: 2 locID: 102666069293072897 bcsId: 2421} | ret=SUCCESS |  
2019-08-23 11:31:35,299 | INFO  | DNAudit | user=null | ip=null | op=WRITE_CHUNK {blockData=conID: 2 locID: 102666069293072897 bcsId: 2421} | ret=SUCCESS |  
2019-08-23 11:31:35,301 | INFO  | DNAudit | user=null | ip=null | op=WRITE_CHUNK {blockData=conID: 2 locID: 102666069293072897 bcsId: 2421} | ret=SUCCESS |  
2019-08-23 11:31:35,310 | INFO  | DNAudit | user=null | ip=null | op=WRITE_CHUNK {blockData=conID: 2 locID: 102666069293072897 bcsId: 2421} | ret=SUCCESS |  
2019-08-23 11:31:35,311 | INFO  | DNAudit | user=null | ip=null | op=PUT_BLOCK {blockData=[blockId=conID: 2 locID: 102666069293072897 bcsId: 0,size=4194304]} | ret=SUCCESS |  
2019-08-23 11:31:35,311 [grpc-default-executor-5] INFO  client.GrpcClientProtocolClient (GrpcClientProtocolClient.java:onNext(255)) - client-C9E345EC67ED->244f13ac-34be-4c4e-8e45-0c0272edbbb2: receive RaftClientReply:client-C9E345EC67ED->244f13ac-34be-4c4e-8e45-0c0272edbbb2@group-FE77C852EF02, cid=1698, SUCCESS, logIndex=2424, commits[244f13ac-34be-4c4e-8e45-0c0272edbbb2:c2425, 6287e41a-5356-4f55-84f2-270816d53e84:c2423, a2c18d3d-e79d-47c9-88fe-d8a1d195302b:c2423]
2019-08-23 11:31:35,311 [grpc-default-executor-5] INFO  client.GrpcClientProtocolClient (GrpcClientProtocolClient.java:onNext(255)) - client-C9E345EC67ED->244f13ac-34be-4c4e-8e45-0c0272edbbb2: receive RaftClientReply:client-C9E345EC67ED->244f13ac-34be-4c4e-8e45-0c0272edbbb2@group-FE77C852EF02, cid=1699, SUCCESS, logIndex=2425, commits[244f13ac-34be-4c4e-8e45-0c0272edbbb2:c2425, 6287e41a-5356-4f55-84f2-270816d53e84:c2423, a2c18d3d-e79d-47c9-88fe-d8a1d195302b:c2423]
2019-08-23 11:31:35,322 | INFO  | DNAudit | user=null | ip=null | op=WRITE_CHUNK {blockData=conID: 2 locID: 102666069293072897 bcsId: 2421} | ret=SUCCESS |  
2019-08-23 11:31:35,322 | INFO  | DNAudit | user=null | ip=null | op=WRITE_CHUNK {blockData=conID: 2 locID: 102666069293072897 bcsId: 2421} | ret=SUCCESS |  
2019-08-23 11:31:35,323 | INFO  | DNAudit | user=null | ip=null | op=PUT_BLOCK {blockData=[blockId=conID: 2 locID: 102666069293072897 bcsId: 0,size=4194304]} | ret=SUCCESS |  
2019-08-23 11:31:35,323 | INFO  | DNAudit | user=null | ip=null | op=PUT_BLOCK {blockData=[blockId=conID: 2 locID: 102666069293072897 bcsId: 0,size=4194304]} | ret=SUCCESS |  
2019-08-23 11:31:35,323 [grpc-default-executor-5] INFO  client.GrpcClientProtocolClient (GrpcClientProtocolClient.java:onNext(255)) - client-C9E345EC67ED->244f13ac-34be-4c4e-8e45-0c0272edbbb2: receive RaftClientReply:client-C9E345EC67ED->244f13ac-34be-4c4e-8e45-0c0272edbbb2@group-FE77C852EF02, cid=1700, SUCCESS, logIndex=0, commits[244f13ac-34be-4c4e-8e45-0c0272edbbb2:c2427, 6287e41a-5356-4f55-84f2-270816d53e84:c2425, a2c18d3d-e79d-47c9-88fe-d8a1d195302b:c2425]
2019-08-23 11:31:35,328 | INFO  | SCMAudit | user=jenkins1000 | ip=192.168.5.185 | op=ALLOCATE_BLOCK {owner=00a23185-76ea-47b5-a641-ad3cfbe5521a, size=4194304, type=RATIS, factor=THREE} | ret=SUCCESS |  
2019-08-23 11:31:35,333 | INFO  | OMAudit | user=jenkins1000 | ip=127.0.0.1 | op=ALLOCATE_BLOCK {volume=vol-0-37508, bucket=bucket-0-50919, key=key-0-57313, dataSize=0, replicationType=null, replicationFactor=null, keyLocationInfo=null, clientID=102666068570931602} | ret=SUCCESS |  
2019-08-23 11:31:35,341 | INFO  | DNAudit | user=null | ip=null | op=WRITE_CHUNK {blockData=conID: 3 locID: 102666069300216322 bcsId: 0} | ret=SUCCESS |  
2019-08-23 11:31:35,343 | INFO  | DNAudit | user=null | ip=null | op=WRITE_CHUNK {blockData=conID: 3 locID: 102666069300216322 bcsId: 0} | ret=SUCCESS |  
2019-08-23 11:31:35,343 | INFO  | DNAudit | user=null | ip=null | op=WRITE_CHUNK {blockData=conID: 3 locID: 102666069300216322 bcsId: 0} | ret=SUCCESS |  
2019-08-23 11:31:35,343 | INFO  | DNAudit | user=null | ip=null | op=WRITE_CHUNK {blockData=conID: 3 locID: 102666069300216322 bcsId: 0} | ret=SUCCESS |  
2019-08-23 11:31:35,345 | INFO  | DNAudit | user=null | ip=null | op=WRITE_CHUNK {blockData=conID: 3 locID: 102666069300216322 bcsId: 0} | ret=SUCCESS |  
2019-08-23 11:31:35,345 | INFO  | DNAudit | user=null | ip=null | op=WRITE_CHUNK {blockData=conID: 3 locID: 102666069300216322 bcsId: 0} | ret=SUCCESS |  
2019-08-23 11:31:35,353 | INFO  | DNAudit | user=null | ip=null | op=WRITE_CHUNK {blockData=conID: 3 locID: 102666069300216322 bcsId: 0} | ret=SUCCESS |  
2019-08-23 11:31:35,354 | INFO  | DNAudit | user=null | ip=null | op=PUT_BLOCK {blockData=[blockId=conID: 3 locID: 102666069300216322 bcsId: 0,size=1048576]} | ret=SUCCESS |  
2019-08-23 11:31:35,354 [grpc-default-executor-1] INFO  client.GrpcClientProtocolClient (GrpcClientProtocolClient.java:onNext(255)) - client-C9E345EC67ED->244f13ac-34be-4c4e-8e45-0c0272edbbb2: receive RaftClientReply:client-C9E345EC67ED->244f13ac-34be-4c4e-8e45-0c0272edbbb2@group-FE77C852EF02, cid=1701, SUCCESS, logIndex=2428, commits[244f13ac-34be-4c4e-8e45-0c0272edbbb2:c2429, 6287e41a-5356-4f55-84f2-270816d53e84:c2427, a2c18d3d-e79d-47c9-88fe-d8a1d195302b:c2427]
2019-08-23 11:31:35,354 | INFO  | DNAudit | user=null | ip=null | op=WRITE_CHUNK {blockData=conID: 3 locID: 102666069300216322 bcsId: 0} | ret=SUCCESS |  
2019-08-23 11:31:35,355 | INFO  | DNAudit | user=null | ip=null | op=PUT_BLOCK {blockData=[blockId=conID: 3 locID: 102666069300216322 bcsId: 0,size=2097152]} | ret=SUCCESS |  
2019-08-23 11:31:35,355 [grpc-default-executor-1] INFO  client.GrpcClientProtocolClient (GrpcClientProtocolClient.java:onNext(255)) - client-C9E345EC67ED->244f13ac-34be-4c4e-8e45-0c0272edbbb2: receive RaftClientReply:client-C9E345EC67ED->244f13ac-34be-4c4e-8e45-0c0272edbbb2@group-FE77C852EF02, cid=1702, SUCCESS, logIndex=2429, commits[244f13ac-34be-4c4e-8e45-0c0272edbbb2:c2431, 6287e41a-5356-4f55-84f2-270816d53e84:c2427, a2c18d3d-e79d-47c9-88fe-d8a1d195302b:c2427]
2019-08-23 11:31:35,355 [grpc-default-executor-1] INFO  client.GrpcClientProtocolClient (GrpcClientProtocolClient.java:onNext(255)) - client-C9E345EC67ED->244f13ac-34be-4c4e-8e45-0c0272edbbb2: receive RaftClientReply:client-C9E345EC67ED->244f13ac-34be-4c4e-8e45-0c0272edbbb2@group-FE77C852EF02, cid=1703, SUCCESS, logIndex=2430, commits[244f13ac-34be-4c4e-8e45-0c0272edbbb2:c2431, 6287e41a-5356-4f55-84f2-270816d53e84:c2427, a2c18d3d-e79d-47c9-88fe-d8a1d195302b:c2427]
2019-08-23 11:31:35,355 [grpc-default-executor-1] INFO  client.GrpcClientProtocolClient (GrpcClientProtocolClient.java:onNext(255)) - client-C9E345EC67ED->244f13ac-34be-4c4e-8e45-0c0272edbbb2: receive RaftClientReply:client-C9E345EC67ED->244f13ac-34be-4c4e-8e45-0c0272edbbb2@group-FE77C852EF02, cid=1704, SUCCESS, logIndex=2431, commits[244f13ac-34be-4c4e-8e45-0c0272edbbb2:c2431, 6287e41a-5356-4f55-84f2-270816d53e84:c2427, a2c18d3d-e79d-47c9-88fe-d8a1d195302b:c2427]
2019-08-23 11:31:35,355 | INFO  | DNAudit | user=null | ip=null | op=WRITE_CHUNK {blockData=conID: 3 locID: 102666069300216322 bcsId: 0} | ret=SUCCESS |  
2019-08-23 11:31:35,355 | INFO  | DNAudit | user=null | ip=null | op=WRITE_CHUNK {blockData=conID: 3 locID: 102666069300216322 bcsId: 0} | ret=SUCCESS |  
2019-08-23 11:31:35,356 | INFO  | DNAudit | user=null | ip=null | op=PUT_BLOCK {blockData=[blockId=conID: 3 locID: 102666069300216322 bcsId: 0,size=1048576]} | ret=SUCCESS |  
2019-08-23 11:31:35,356 | INFO  | DNAudit | user=null | ip=null | op=PUT_BLOCK {blockData=[blockId=conID: 3 locID: 102666069300216322 bcsId: 0,size=1048576]} | ret=SUCCESS |  
2019-08-23 11:31:35,356 [grpc-default-executor-4] INFO  client.GrpcClientProtocolClient (GrpcClientProtocolClient.java:onNext(255)) - client-C9E345EC67ED->244f13ac-34be-4c4e-8e45-0c0272edbbb2: receive RaftClientReply:client-C9E345EC67ED->244f13ac-34be-4c4e-8e45-0c0272edbbb2@group-FE77C852EF02, cid=1705, SUCCESS, logIndex=0, commits[244f13ac-34be-4c4e-8e45-0c0272edbbb2:c2433, 6287e41a-5356-4f55-84f2-270816d53e84:c2429, a2c18d3d-e79d-47c9-88fe-d8a1d195302b:c2429]
2019-08-23 11:31:35,356 | INFO  | DNAudit | user=null | ip=null | op=WRITE_CHUNK {blockData=conID: 3 locID: 102666069300216322 bcsId: 0} | ret=SUCCESS |  
2019-08-23 11:31:35,356 | INFO  | DNAudit | user=null | ip=null | op=WRITE_CHUNK {blockData=conID: 3 locID: 102666069300216322 bcsId: 0} | ret=SUCCESS |  
2019-08-23 11:31:35,357 | INFO  | DNAudit | user=null | ip=null | op=PUT_BLOCK {blockData=[blockId=conID: 3 locID: 102666069300216322 bcsId: 0,size=2097152]} | ret=SUCCESS |  
2019-08-23 11:31:35,357 | INFO  | DNAudit | user=null | ip=null | op=PUT_BLOCK {blockData=[blockId=conID: 3 locID: 102666069300216322 bcsId: 0,size=2097152]} | ret=SUCCESS |  
2019-08-23 11:31:35,362 | INFO  | DNAudit | user=null | ip=null | op=WRITE_CHUNK {blockData=conID: 3 locID: 102666069300216322 bcsId: 2431} | ret=SUCCESS |  
2019-08-23 11:31:35,364 | INFO  | DNAudit | user=null | ip=null | op=WRITE_CHUNK {blockData=conID: 3 locID: 102666069300216322 bcsId: 2431} | ret=SUCCESS |  
2019-08-23 11:31:35,364 | INFO  | DNAudit | user=null | ip=null | op=WRITE_CHUNK {blockData=conID: 3 locID: 102666069300216322 bcsId: 2431} | ret=SUCCESS |  
2019-08-23 11:31:35,375 | INFO  | DNAudit | user=null | ip=null | op=WRITE_CHUNK {blockData=conID: 3 locID: 102666069300216322 bcsId: 2431} | ret=SUCCESS |  
2019-08-23 11:31:35,375 | INFO  | DNAudit | user=null | ip=null | op=PUT_BLOCK {blockData=[blockId=conID: 3 locID: 102666069300216322 bcsId: 0,size=3145728]} | ret=SUCCESS |  
2019-08-23 11:31:35,375 [grpc-default-executor-1] INFO  client.GrpcClientProtocolClient (GrpcClientProtocolClient.java:onNext(255)) - client-C9E345EC67ED->244f13ac-34be-4c4e-8e45-0c0272edbbb2: receive RaftClientReply:client-C9E345EC67ED->244f13ac-34be-4c4e-8e45-0c0272edbbb2@group-FE77C852EF02, cid=1706, SUCCESS, logIndex=2436, commits[244f13ac-34be-4c4e-8e45-0c0272edbbb2:c2437, 6287e41a-5356-4f55-84f2-270816d53e84:c2435, a2c18d3d-e79d-47c9-88fe-d8a1d195302b:c2435]
2019-08-23 11:31:35,376 [grpc-default-executor-1] INFO  client.GrpcClientProtocolClient (GrpcClientProtocolClient.java:onNext(255)) - client-C9E345EC67ED->244f13ac-34be-4c4e-8e45-0c0272edbbb2: receive RaftClientReply:client-C9E345EC67ED->244f13ac-34be-4c4e-8e45-0c0272edbbb2@group-FE77C852EF02, cid=1707, SUCCESS, logIndex=2437, commits[244f13ac-34be-4c4e-8e45-0c0272edbbb2:c2437, 6287e41a-5356-4f55-84f2-270816d53e84:c2435, a2c18d3d-e79d-47c9-88fe-d8a1d195302b:c2435]
2019-08-23 11:31:35,381 | INFO  | DNAudit | user=null | ip=null | op=WRITE_CHUNK {blockData=conID: 3 locID: 102666069300216322 bcsId: 2437} | ret=SUCCESS |  
2019-08-23 11:31:35,383 | INFO  | DNAudit | user=null | ip=null | op=WRITE_CHUNK {blockData=conID: 3 locID: 102666069300216322 bcsId: 2437} | ret=SUCCESS |  
2019-08-23 11:31:35,383 | INFO  | DNAudit | user=null | ip=null | op=WRITE_CHUNK {blockData=conID: 3 locID: 102666069300216322 bcsId: 2437} | ret=SUCCESS |  
2019-08-23 11:31:35,386 | INFO  | DNAudit | user=null | ip=null | op=WRITE_CHUNK {blockData=conID: 3 locID: 102666069300216322 bcsId: 2431} | ret=SUCCESS |  
2019-08-23 11:31:35,386 | INFO  | DNAudit | user=null | ip=null | op=WRITE_CHUNK {blockData=conID: 3 locID: 102666069300216322 bcsId: 2431} | ret=SUCCESS |  
2019-08-23 11:31:35,387 | INFO  | DNAudit | user=null | ip=null | op=PUT_BLOCK {blockData=[blockId=conID: 3 locID: 102666069300216322 bcsId: 0,size=3145728]} | ret=SUCCESS |  
2019-08-23 11:31:35,387 | INFO  | DNAudit | user=null | ip=null | op=PUT_BLOCK {blockData=[blockId=conID: 3 locID: 102666069300216322 bcsId: 0,size=3145728]} | ret=SUCCESS |  
2019-08-23 11:31:35,388 | INFO  | DNAudit | user=null | ip=null | op=WRITE_CHUNK {blockData=conID: 3 locID: 102666069300216322 bcsId: 2437} | ret=SUCCESS |  
2019-08-23 11:31:35,388 | INFO  | DNAudit | user=null | ip=null | op=PUT_BLOCK {blockData=[blockId=conID: 3 locID: 102666069300216322 bcsId: 0,size=4194304]} | ret=SUCCESS |  
2019-08-23 11:31:35,389 [grpc-default-executor-1] INFO  client.GrpcClientProtocolClient (GrpcClientProtocolClient.java:onNext(255)) - client-C9E345EC67ED->244f13ac-34be-4c4e-8e45-0c0272edbbb2: receive RaftClientReply:client-C9E345EC67ED->244f13ac-34be-4c4e-8e45-0c0272edbbb2@group-FE77C852EF02, cid=1708, SUCCESS, logIndex=2440, commits[244f13ac-34be-4c4e-8e45-0c0272edbbb2:c2441, 6287e41a-5356-4f55-84f2-270816d53e84:c2437, a2c18d3d-e79d-47c9-88fe-d8a1d195302b:c2437]
2019-08-23 11:31:35,389 [grpc-default-executor-1] INFO  client.GrpcClientProtocolClient (GrpcClientProtocolClient.java:onNext(255)) - client-C9E345EC67ED->244f13ac-34be-4c4e-8e45-0c0272edbbb2: receive RaftClientReply:client-C9E345EC67ED->244f13ac-34be-4c4e-8e45-0c0272edbbb2@group-FE77C852EF02, cid=1709, SUCCESS, logIndex=2441, commits[244f13ac-34be-4c4e-8e45-0c0272edbbb2:c2441, 6287e41a-5356-4f55-84f2-270816d53e84:c2437, a2c18d3d-e79d-47c9-88fe-d8a1d195302b:c2437]
2019-08-23 11:31:35,399 | INFO  | DNAudit | user=null | ip=null | op=WRITE_CHUNK {blockData=conID: 3 locID: 102666069300216322 bcsId: 2437} | ret=SUCCESS |  
2019-08-23 11:31:35,400 | INFO  | DNAudit | user=null | ip=null | op=WRITE_CHUNK {blockData=conID: 3 locID: 102666069300216322 bcsId: 2437} | ret=SUCCESS |  
2019-08-23 11:31:35,400 | INFO  | DNAudit | user=null | ip=null | op=PUT_BLOCK {blockData=[blockId=conID: 3 locID: 102666069300216322 bcsId: 0,size=4194304]} | ret=SUCCESS |  
2019-08-23 11:31:35,400 | INFO  | DNAudit | user=null | ip=null | op=PUT_BLOCK {blockData=[blockId=conID: 3 locID: 102666069300216322 bcsId: 0,size=4194304]} | ret=SUCCESS |  
2019-08-23 11:31:35,400 [grpc-default-executor-1] INFO  client.GrpcClientProtocolClient (GrpcClientProtocolClient.java:onNext(255)) - client-C9E345EC67ED->244f13ac-34be-4c4e-8e45-0c0272edbbb2: receive RaftClientReply:client-C9E345EC67ED->244f13ac-34be-4c4e-8e45-0c0272edbbb2@group-FE77C852EF02, cid=1710, SUCCESS, logIndex=0, commits[244f13ac-34be-4c4e-8e45-0c0272edbbb2:c2442, 6287e41a-5356-4f55-84f2-270816d53e84:c2441, a2c18d3d-e79d-47c9-88fe-d8a1d195302b:c2441]
2019-08-23 11:31:35,403 | INFO  | SCMAudit | user=jenkins1000 | ip=192.168.5.185 | op=ALLOCATE_BLOCK {owner=00a23185-76ea-47b5-a641-ad3cfbe5521a, size=4194304, type=RATIS, factor=THREE} | ret=SUCCESS |  
2019-08-23 11:31:35,405 | INFO  | OMAudit | user=jenkins1000 | ip=127.0.0.1 | op=ALLOCATE_BLOCK {volume=vol-0-37508, bucket=bucket-0-50919, key=key-0-57313, dataSize=0, replicationType=null, replicationFactor=null, keyLocationInfo=null, clientID=102666068570931602} | ret=SUCCESS |  
2019-08-23 11:31:35,411 | INFO  | DNAudit | user=null | ip=null | op=WRITE_CHUNK {blockData=conID: 1 locID: 102666069305131523 bcsId: 0} | ret=SUCCESS |  
2019-08-23 11:31:35,413 | INFO  | DNAudit | user=null | ip=null | op=WRITE_CHUNK {blockData=conID: 1 locID: 102666069305131523 bcsId: 0} | ret=SUCCESS |  
2019-08-23 11:31:35,413 | INFO  | DNAudit | user=null | ip=null | op=WRITE_CHUNK {blockData=conID: 1 locID: 102666069305131523 bcsId: 0} | ret=SUCCESS |  
2019-08-23 11:31:35,413 | INFO  | DNAudit | user=null | ip=null | op=WRITE_CHUNK {blockData=conID: 1 locID: 102666069305131523 bcsId: 0} | ret=SUCCESS |  
2019-08-23 11:31:35,415 | INFO  | DNAudit | user=null | ip=null | op=WRITE_CHUNK {blockData=conID: 1 locID: 102666069305131523 bcsId: 0} | ret=SUCCESS |  
2019-08-23 11:31:35,415 | INFO  | DNAudit | user=null | ip=null | op=WRITE_CHUNK {blockData=conID: 1 locID: 102666069305131523 bcsId: 0} | ret=SUCCESS |  
2019-08-23 11:31:35,429 | INFO  | DNAudit | user=null | ip=null | op=WRITE_CHUNK {blockData=conID: 1 locID: 102666069305131523 bcsId: 0} | ret=SUCCESS |  
2019-08-23 11:31:35,429 | INFO  | DNAudit | user=null | ip=null | op=PUT_BLOCK {blockData=[blockId=conID: 1 locID: 102666069305131523 bcsId: 0,size=1048576]} | ret=SUCCESS |  
2019-08-23 11:31:35,429 [grpc-default-executor-4] INFO  client.GrpcClientProtocolClient (GrpcClientProtocolClient.java:onNext(255)) - client-C9E345EC67ED->244f13ac-34be-4c4e-8e45-0c0272edbbb2: receive RaftClientReply:client-C9E345EC67ED->244f13ac-34be-4c4e-8e45-0c0272edbbb2@group-FE77C852EF02, cid=1711, SUCCESS, logIndex=2444, commits[244f13ac-34be-4c4e-8e45-0c0272edbbb2:c2446, 6287e41a-5356-4f55-84f2-270816d53e84:c2443, a2c18d3d-e79d-47c9-88fe-d8a1d195302b:c2443]
2019-08-23 11:31:35,430 | INFO  | DNAudit | user=null | ip=null | op=WRITE_CHUNK {blockData=conID: 1 locID: 102666069305131523 bcsId: 0} | ret=SUCCESS |  
2019-08-23 11:31:35,430 [grpc-default-executor-4] INFO  client.GrpcClientProtocolClient (GrpcClientProtocolClient.java:onNext(255)) - client-C9E345EC67ED->244f13ac-34be-4c4e-8e45-0c0272edbbb2: receive RaftClientReply:client-C9E345EC67ED->244f13ac-34be-4c4e-8e45-0c0272edbbb2@group-FE77C852EF02, cid=1712, SUCCESS, logIndex=2445, commits[244f13ac-34be-4c4e-8e45-0c0272edbbb2:c2447, 6287e41a-5356-4f55-84f2-270816d53e84:c2443, a2c18d3d-e79d-47c9-88fe-d8a1d195302b:c2443]
2019-08-23 11:31:35,430 | INFO  | DNAudit | user=null | ip=null | op=PUT_BLOCK {blockData=[blockId=conID: 1 locID: 102666069305131523 bcsId: 0,size=2097152]} | ret=SUCCESS |  
2019-08-23 11:31:35,430 [grpc-default-executor-4] INFO  client.GrpcClientProtocolClient (GrpcClientProtocolClient.java:onNext(255)) - client-C9E345EC67ED->244f13ac-34be-4c4e-8e45-0c0272edbbb2: receive RaftClientReply:client-C9E345EC67ED->244f13ac-34be-4c4e-8e45-0c0272edbbb2@group-FE77C852EF02, cid=1713, SUCCESS, logIndex=2446, commits[244f13ac-34be-4c4e-8e45-0c0272edbbb2:c2447, 6287e41a-5356-4f55-84f2-270816d53e84:c2443, a2c18d3d-e79d-47c9-88fe-d8a1d195302b:c2443]
2019-08-23 11:31:35,430 [grpc-default-executor-4] INFO  client.GrpcClientProtocolClient (GrpcClientProtocolClient.java:onNext(255)) - client-C9E345EC67ED->244f13ac-34be-4c4e-8e45-0c0272edbbb2: receive RaftClientReply:client-C9E345EC67ED->244f13ac-34be-4c4e-8e45-0c0272edbbb2@group-FE77C852EF02, cid=1714, SUCCESS, logIndex=2447, commits[244f13ac-34be-4c4e-8e45-0c0272edbbb2:c2447, 6287e41a-5356-4f55-84f2-270816d53e84:c2443, a2c18d3d-e79d-47c9-88fe-d8a1d195302b:c2443]
2019-08-23 11:31:35,440 | INFO  | DNAudit | user=null | ip=null | op=WRITE_CHUNK {blockData=conID: 1 locID: 102666069305131523 bcsId: 0} | ret=SUCCESS |  
2019-08-23 11:31:35,440 | INFO  | DNAudit | user=null | ip=null | op=WRITE_CHUNK {blockData=conID: 1 locID: 102666069305131523 bcsId: 0} | ret=SUCCESS |  
2019-08-23 11:31:35,441 | INFO  | DNAudit | user=null | ip=null | op=PUT_BLOCK {blockData=[blockId=conID: 1 locID: 102666069305131523 bcsId: 0,size=1048576]} | ret=SUCCESS |  
2019-08-23 11:31:35,441 | INFO  | DNAudit | user=null | ip=null | op=PUT_BLOCK {blockData=[blockId=conID: 1 locID: 102666069305131523 bcsId: 0,size=1048576]} | ret=SUCCESS |  
2019-08-23 11:31:35,441 [grpc-default-executor-4] INFO  client.GrpcClientProtocolClient (GrpcClientProtocolClient.java:onNext(255)) - client-C9E345EC67ED->244f13ac-34be-4c4e-8e45-0c0272edbbb2: receive RaftClientReply:client-C9E345EC67ED->244f13ac-34be-4c4e-8e45-0c0272edbbb2@group-FE77C852EF02, cid=1715, SUCCESS, logIndex=0, commits[244f13ac-34be-4c4e-8e45-0c0272edbbb2:c2448, 6287e41a-5356-4f55-84f2-270816d53e84:c2445, a2c18d3d-e79d-47c9-88fe-d8a1d195302b:c2445]
2019-08-23 11:31:35,442 | INFO  | DNAudit | user=null | ip=null | op=WRITE_CHUNK {blockData=conID: 1 locID: 102666069305131523 bcsId: 0} | ret=SUCCESS |  
2019-08-23 11:31:35,442 | INFO  | DNAudit | user=null | ip=null | op=WRITE_CHUNK {blockData=conID: 1 locID: 102666069305131523 bcsId: 0} | ret=SUCCESS |  
2019-08-23 11:31:35,442 | INFO  | DNAudit | user=null | ip=null | op=PUT_BLOCK {blockData=[blockId=conID: 1 locID: 102666069305131523 bcsId: 0,size=2097152]} | ret=SUCCESS |  
2019-08-23 11:31:35,442 | INFO  | DNAudit | user=null | ip=null | op=PUT_BLOCK {blockData=[blockId=conID: 1 locID: 102666069305131523 bcsId: 0,size=2097152]} | ret=SUCCESS |  
2019-08-23 11:31:35,446 | INFO  | DNAudit | user=null | ip=null | op=WRITE_CHUNK {blockData=conID: 1 locID: 102666069305131523 bcsId: 2447} | ret=SUCCESS |  
2019-08-23 11:31:35,448 | INFO  | DNAudit | user=null | ip=null | op=WRITE_CHUNK {blockData=conID: 1 locID: 102666069305131523 bcsId: 2447} | ret=SUCCESS |  
2019-08-23 11:31:35,449 | INFO  | DNAudit | user=null | ip=null | op=WRITE_CHUNK {blockData=conID: 1 locID: 102666069305131523 bcsId: 2447} | ret=SUCCESS |  
 0.00% |█                                                                                                    |  0/1 Time: 0:00:112019-08-23 11:31:35,457 | INFO  | SCMAudit | user=jenkins1000 | ip=192.168.5.185 | op=SEND_HEARTBEAT {datanodeUUID=244f13ac-34be-4c4e-8e45-0c0272edbbb2, command=[]} | ret=SUCCESS |  
2019-08-23 11:31:35,457 | INFO  | SCMAudit | user=jenkins1000 | ip=192.168.5.185 | op=SEND_HEARTBEAT {datanodeUUID=6287e41a-5356-4f55-84f2-270816d53e84, command=[]} | ret=SUCCESS |  
2019-08-23 11:31:35,457 | INFO  | SCMAudit | user=jenkins1000 | ip=192.168.5.185 | op=SEND_HEARTBEAT {datanodeUUID=a2c18d3d-e79d-47c9-88fe-d8a1d195302b, command=[]} | ret=SUCCESS |  
2019-08-23 11:31:35,457 | INFO  | DNAudit | user=null | ip=null | op=WRITE_CHUNK {blockData=conID: 1 locID: 102666069305131523 bcsId: 2447} | ret=SUCCESS |  
2019-08-23 11:31:35,458 | INFO  | DNAudit | user=null | ip=null | op=PUT_BLOCK {blockData=[blockId=conID: 1 locID: 102666069305131523 bcsId: 0,size=3145728]} | ret=SUCCESS |  
2019-08-23 11:31:35,458 [grpc-default-executor-5] INFO  client.GrpcClientProtocolClient (GrpcClientProtocolClient.java:onNext(255)) - client-C9E345EC67ED->244f13ac-34be-4c4e-8e45-0c0272edbbb2: receive RaftClientReply:client-C9E345EC67ED->244f13ac-34be-4c4e-8e45-0c0272edbbb2@group-FE77C852EF02, cid=1716, SUCCESS, logIndex=2452, commits[244f13ac-34be-4c4e-8e45-0c0272edbbb2:c2453, 6287e41a-5356-4f55-84f2-270816d53e84:c2451, a2c18d3d-e79d-47c9-88fe-d8a1d195302b:c2451]
2019-08-23 11:31:35,458 [grpc-default-executor-5] INFO  client.GrpcClientProtocolClient (GrpcClientProtocolClient.java:onNext(255)) - client-C9E345EC67ED->244f13ac-34be-4c4e-8e45-0c0272edbbb2: receive RaftClientReply:client-C9E345EC67ED->244f13ac-34be-4c4e-8e45-0c0272edbbb2@group-FE77C852EF02, cid=1717, SUCCESS, logIndex=2453, commits[244f13ac-34be-4c4e-8e45-0c0272edbbb2:c2453, 6287e41a-5356-4f55-84f2-270816d53e84:c2451, a2c18d3d-e79d-47c9-88fe-d8a1d195302b:c2451]
2019-08-23 11:31:35,464 | INFO  | DNAudit | user=null | ip=null | op=WRITE_CHUNK {blockData=conID: 1 locID: 102666069305131523 bcsId: 2453} | ret=SUCCESS |  
2019-08-23 11:31:35,466 | INFO  | DNAudit | user=null | ip=null | op=WRITE_CHUNK {blockData=conID: 1 locID: 102666069305131523 bcsId: 2453} | ret=SUCCESS |  
2019-08-23 11:31:35,467 | INFO  | DNAudit | user=null | ip=null | op=WRITE_CHUNK {blockData=conID: 1 locID: 102666069305131523 bcsId: 2453} | ret=SUCCESS |  
2019-08-23 11:31:35,467 | INFO  | DNAudit | user=null | ip=null | op=WRITE_CHUNK {blockData=conID: 1 locID: 102666069305131523 bcsId: 2447} | ret=SUCCESS |  
2019-08-23 11:31:35,467 | INFO  | DNAudit | user=null | ip=null | op=WRITE_CHUNK {blockData=conID: 1 locID: 102666069305131523 bcsId: 2447} | ret=SUCCESS |  
2019-08-23 11:31:35,469 | INFO  | DNAudit | user=null | ip=null | op=PUT_BLOCK {blockData=[blockId=conID: 1 locID: 102666069305131523 bcsId: 0,size=3145728]} | ret=SUCCESS |  
2019-08-23 11:31:35,469 | INFO  | DNAudit | user=null | ip=null | op=PUT_BLOCK {blockData=[blockId=conID: 1 locID: 102666069305131523 bcsId: 0,size=3145728]} | ret=SUCCESS |  
2019-08-23 11:31:35,469 | INFO  | DNAudit | user=null | ip=null | op=WRITE_CHUNK {blockData=conID: 1 locID: 102666069305131523 bcsId: 2453} | ret=SUCCESS |  
2019-08-23 11:31:35,469 | INFO  | DNAudit | user=null | ip=null | op=PUT_BLOCK {blockData=[blockId=conID: 1 locID: 102666069305131523 bcsId: 0,size=4194304]} | ret=SUCCESS |  
2019-08-23 11:31:35,470 [grpc-default-executor-5] INFO  client.GrpcClientProtocolClient (GrpcClientProtocolClient.java:onNext(255)) - client-C9E345EC67ED->244f13ac-34be-4c4e-8e45-0c0272edbbb2: receive RaftClientReply:client-C9E345EC67ED->244f13ac-34be-4c4e-8e45-0c0272edbbb2@group-FE77C852EF02, cid=1718, SUCCESS, logIndex=2456, commits[244f13ac-34be-4c4e-8e45-0c0272edbbb2:c2457, 6287e41a-5356-4f55-84f2-270816d53e84:c2453, a2c18d3d-e79d-47c9-88fe-d8a1d195302b:c2453]
2019-08-23 11:31:35,470 [grpc-default-executor-5] INFO  client.GrpcClientProtocolClient (GrpcClientProtocolClient.java:onNext(255)) - client-C9E345EC67ED->244f13ac-34be-4c4e-8e45-0c0272edbbb2: receive RaftClientReply:client-C9E345EC67ED->244f13ac-34be-4c4e-8e45-0c0272edbbb2@group-FE77C852EF02, cid=1719, SUCCESS, logIndex=2457, commits[244f13ac-34be-4c4e-8e45-0c0272edbbb2:c2457, 6287e41a-5356-4f55-84f2-270816d53e84:c2453, a2c18d3d-e79d-47c9-88fe-d8a1d195302b:c2453]
2019-08-23 11:31:35,479 | INFO  | DNAudit | user=null | ip=null | op=WRITE_CHUNK {blockData=conID: 1 locID: 102666069305131523 bcsId: 2453} | ret=SUCCESS |  
2019-08-23 11:31:35,479 | INFO  | DNAudit | user=null | ip=null | op=WRITE_CHUNK {blockData=conID: 1 locID: 102666069305131523 bcsId: 2453} | ret=SUCCESS |  
2019-08-23 11:31:35,479 | INFO  | DNAudit | user=null | ip=null | op=PUT_BLOCK {blockData=[blockId=conID: 1 locID: 102666069305131523 bcsId: 0,size=4194304]} | ret=SUCCESS |  
2019-08-23 11:31:35,480 | INFO  | DNAudit | user=null | ip=null | op=PUT_BLOCK {blockData=[blockId=conID: 1 locID: 102666069305131523 bcsId: 0,size=4194304]} | ret=SUCCESS |  
2019-08-23 11:31:35,480 [grpc-default-executor-5] INFO  client.GrpcClientProtocolClient (GrpcClientProtocolClient.java:onNext(255)) - client-C9E345EC67ED->244f13ac-34be-4c4e-8e45-0c0272edbbb2: receive RaftClientReply:client-C9E345EC67ED->244f13ac-34be-4c4e-8e45-0c0272edbbb2@group-FE77C852EF02, cid=1720, SUCCESS, logIndex=0, commits[244f13ac-34be-4c4e-8e45-0c0272edbbb2:c2458, 6287e41a-5356-4f55-84f2-270816d53e84:c2457, a2c18d3d-e79d-47c9-88fe-d8a1d195302b:c2457]
2019-08-23 11:31:35,483 | INFO  | SCMAudit | user=jenkins1000 | ip=192.168.5.185 | op=ALLOCATE_BLOCK {owner=00a23185-76ea-47b5-a641-ad3cfbe5521a, size=4194304, type=RATIS, factor=THREE} | ret=SUCCESS |  
2019-08-23 11:31:35,485 | INFO  | OMAudit | user=jenkins1000 | ip=127.0.0.1 | op=ALLOCATE_BLOCK {volume=vol-0-37508, bucket=bucket-0-50919, key=key-0-57313, dataSize=0, replicationType=null, replicationFactor=null, keyLocationInfo=null, clientID=102666068570931602} | ret=SUCCESS |  
2019-08-23 11:31:35,491 | INFO  | DNAudit | user=null | ip=null | op=WRITE_CHUNK {blockData=conID: 2 locID: 102666069310374404 bcsId: 0} | ret=SUCCESS |  
2019-08-23 11:31:35,493 | INFO  | DNAudit | user=null | ip=null | op=WRITE_CHUNK {blockData=conID: 2 locID: 102666069310374404 bcsId: 0} | ret=SUCCESS |  
2019-08-23 11:31:35,493 | INFO  | DNAudit | user=null | ip=null | op=WRITE_CHUNK {blockData=conID: 2 locID: 102666069310374404 bcsId: 0} | ret=SUCCESS |  
2019-08-23 11:31:35,493 | INFO  | DNAudit | user=null | ip=null | op=WRITE_CHUNK {blockData=conID: 2 locID: 102666069310374404 bcsId: 0} | ret=SUCCESS |  
2019-08-23 11:31:35,494 | INFO  | DNAudit | user=null | ip=null | op=WRITE_CHUNK {blockData=conID: 2 locID: 102666069310374404 bcsId: 0} | ret=SUCCESS |  
2019-08-23 11:31:35,494 | INFO  | DNAudit | user=null | ip=null | op=WRITE_CHUNK {blockData=conID: 2 locID: 102666069310374404 bcsId: 0} | ret=SUCCESS |  
2019-08-23 11:31:35,502 | INFO  | DNAudit | user=null | ip=null | op=WRITE_CHUNK {blockData=conID: 2 locID: 102666069310374404 bcsId: 0} | ret=SUCCESS |  
2019-08-23 11:31:35,502 | INFO  | DNAudit | user=null | ip=null | op=PUT_BLOCK {blockData=[blockId=conID: 2 locID: 102666069310374404 bcsId: 0,size=1048576]} | ret=SUCCESS |  
2019-08-23 11:31:35,503 | INFO  | DNAudit | user=null | ip=null | op=WRITE_CHUNK {blockData=conID: 2 locID: 102666069310374404 bcsId: 0} | ret=SUCCESS |  
2019-08-23 11:31:35,503 [grpc-default-executor-4] INFO  client.GrpcClientProtocolClient (GrpcClientProtocolClient.java:onNext(255)) - client-C9E345EC67ED->244f13ac-34be-4c4e-8e45-0c0272edbbb2: receive RaftClientReply:client-C9E345EC67ED->244f13ac-34be-4c4e-8e45-0c0272edbbb2@group-FE77C852EF02, cid=1721, SUCCESS, logIndex=2460, commits[244f13ac-34be-4c4e-8e45-0c0272edbbb2:c2463, 6287e41a-5356-4f55-84f2-270816d53e84:c2459, a2c18d3d-e79d-47c9-88fe-d8a1d195302b:c2459]
2019-08-23 11:31:35,503 | INFO  | DNAudit | user=null | ip=null | op=PUT_BLOCK {blockData=[blockId=conID: 2 locID: 102666069310374404 bcsId: 0,size=2097152]} | ret=SUCCESS |  
2019-08-23 11:31:35,503 [grpc-default-executor-4] INFO  client.GrpcClientProtocolClient (GrpcClientProtocolClient.java:onNext(255)) - client-C9E345EC67ED->244f13ac-34be-4c4e-8e45-0c0272edbbb2: receive RaftClientReply:client-C9E345EC67ED->244f13ac-34be-4c4e-8e45-0c0272edbbb2@group-FE77C852EF02, cid=1722, SUCCESS, logIndex=2461, commits[244f13ac-34be-4c4e-8e45-0c0272edbbb2:c2463, 6287e41a-5356-4f55-84f2-270816d53e84:c2459, a2c18d3d-e79d-47c9-88fe-d8a1d195302b:c2459]
2019-08-23 11:31:35,504 [grpc-default-executor-4] INFO  client.GrpcClientProtocolClient (GrpcClientProtocolClient.java:onNext(255)) - client-C9E345EC67ED->244f13ac-34be-4c4e-8e45-0c0272edbbb2: receive RaftClientReply:client-C9E345EC67ED->244f13ac-34be-4c4e-8e45-0c0272edbbb2@group-FE77C852EF02, cid=1723, SUCCESS, logIndex=2462, commits[244f13ac-34be-4c4e-8e45-0c0272edbbb2:c2463, 6287e41a-5356-4f55-84f2-270816d53e84:c2459, a2c18d3d-e79d-47c9-88fe-d8a1d195302b:c2459]
2019-08-23 11:31:35,504 | INFO  | DNAudit | user=null | ip=null | op=WRITE_CHUNK {blockData=conID: 2 locID: 102666069310374404 bcsId: 0} | ret=SUCCESS |  
2019-08-23 11:31:35,504 [grpc-default-executor-4] INFO  client.GrpcClientProtocolClient (GrpcClientProtocolClient.java:onNext(255)) - client-C9E345EC67ED->244f13ac-34be-4c4e-8e45-0c0272edbbb2: receive RaftClientReply:client-C9E345EC67ED->244f13ac-34be-4c4e-8e45-0c0272edbbb2@group-FE77C852EF02, cid=1724, SUCCESS, logIndex=2463, commits[244f13ac-34be-4c4e-8e45-0c0272edbbb2:c2463, 6287e41a-5356-4f55-84f2-270816d53e84:c2459, a2c18d3d-e79d-47c9-88fe-d8a1d195302b:c2459]
2019-08-23 11:31:35,504 | INFO  | DNAudit | user=null | ip=null | op=WRITE_CHUNK {blockData=conID: 2 locID: 102666069310374404 bcsId: 0} | ret=SUCCESS |  
2019-08-23 11:31:35,505 | INFO  | DNAudit | user=null | ip=null | op=PUT_BLOCK {blockData=[blockId=conID: 2 locID: 102666069310374404 bcsId: 0,size=1048576]} | ret=SUCCESS |  
2019-08-23 11:31:35,505 | INFO  | DNAudit | user=null | ip=null | op=PUT_BLOCK {blockData=[blockId=conID: 2 locID: 102666069310374404 bcsId: 0,size=1048576]} | ret=SUCCESS |  
2019-08-23 11:31:35,505 | INFO  | DNAudit | user=null | ip=null | op=WRITE_CHUNK {blockData=conID: 2 locID: 102666069310374404 bcsId: 0} | ret=SUCCESS |  
2019-08-23 11:31:35,505 | INFO  | DNAudit | user=null | ip=null | op=WRITE_CHUNK {blockData=conID: 2 locID: 102666069310374404 bcsId: 0} | ret=SUCCESS |  
2019-08-23 11:31:35,505 | INFO  | DNAudit | user=null | ip=null | op=PUT_BLOCK {blockData=[blockId=conID: 2 locID: 102666069310374404 bcsId: 0,size=2097152]} | ret=SUCCESS |  
2019-08-23 11:31:35,505 [grpc-default-executor-4] INFO  client.GrpcClientProtocolClient (GrpcClientProtocolClient.java:onNext(255)) - client-C9E345EC67ED->244f13ac-34be-4c4e-8e45-0c0272edbbb2: receive RaftClientReply:client-C9E345EC67ED->244f13ac-34be-4c4e-8e45-0c0272edbbb2@group-FE77C852EF02, cid=1725, SUCCESS, logIndex=0, commits[244f13ac-34be-4c4e-8e45-0c0272edbbb2:c2465, 6287e41a-5356-4f55-84f2-270816d53e84:c2462, a2c18d3d-e79d-47c9-88fe-d8a1d195302b:c2462]
2019-08-23 11:31:35,506 | INFO  | DNAudit | user=null | ip=null | op=PUT_BLOCK {blockData=[blockId=conID: 2 locID: 102666069310374404 bcsId: 0,size=2097152]} | ret=SUCCESS |  
2019-08-23 11:31:35,511 | INFO  | DNAudit | user=null | ip=null | op=WRITE_CHUNK {blockData=conID: 2 locID: 102666069310374404 bcsId: 2463} | ret=SUCCESS |  
2019-08-23 11:31:35,513 | INFO  | DNAudit | user=null | ip=null | op=WRITE_CHUNK {blockData=conID: 2 locID: 102666069310374404 bcsId: 2463} | ret=SUCCESS |  
2019-08-23 11:31:35,513 | INFO  | DNAudit | user=null | ip=null | op=WRITE_CHUNK {blockData=conID: 2 locID: 102666069310374404 bcsId: 2463} | ret=SUCCESS |  
2019-08-23 11:31:35,528 | INFO  | DNAudit | user=null | ip=null | op=WRITE_CHUNK {blockData=conID: 2 locID: 102666069310374404 bcsId: 2463} | ret=SUCCESS |  
2019-08-23 11:31:35,528 | INFO  | DNAudit | user=null | ip=null | op=PUT_BLOCK {blockData=[blockId=conID: 2 locID: 102666069310374404 bcsId: 0,size=3145728]} | ret=SUCCESS |  
2019-08-23 11:31:35,529 [grpc-default-executor-4] INFO  client.GrpcClientProtocolClient (GrpcClientProtocolClient.java:onNext(255)) - client-C9E345EC67ED->244f13ac-34be-4c4e-8e45-0c0272edbbb2: receive RaftClientReply:client-C9E345EC67ED->244f13ac-34be-4c4e-8e45-0c0272edbbb2@group-FE77C852EF02, cid=1726, SUCCESS, logIndex=2467, commits[244f13ac-34be-4c4e-8e45-0c0272edbbb2:c2468, 6287e41a-5356-4f55-84f2-270816d53e84:c2466, a2c18d3d-e79d-47c9-88fe-d8a1d195302b:c2466]
2019-08-23 11:31:35,529 [grpc-default-executor-4] INFO  client.GrpcClientProtocolClient (GrpcClientProtocolClient.java:onNext(255)) - client-C9E345EC67ED->244f13ac-34be-4c4e-8e45-0c0272edbbb2: receive RaftClientReply:client-C9E345EC67ED->244f13ac-34be-4c4e-8e45-0c0272edbbb2@group-FE77C852EF02, cid=1727, SUCCESS, logIndex=2468, commits[244f13ac-34be-4c4e-8e45-0c0272edbbb2:c2468, 6287e41a-5356-4f55-84f2-270816d53e84:c2466, a2c18d3d-e79d-47c9-88fe-d8a1d195302b:c2466]
2019-08-23 11:31:35,534 | INFO  | DNAudit | user=null | ip=null | op=WRITE_CHUNK {blockData=conID: 2 locID: 102666069310374404 bcsId: 2468} | ret=SUCCESS |  
2019-08-23 11:31:35,536 | INFO  | DNAudit | user=null | ip=null | op=WRITE_CHUNK {blockData=conID: 2 locID: 102666069310374404 bcsId: 2468} | ret=SUCCESS |  
2019-08-23 11:31:35,536 | INFO  | DNAudit | user=null | ip=null | op=WRITE_CHUNK {blockData=conID: 2 locID: 102666069310374404 bcsId: 2468} | ret=SUCCESS |  
2019-08-23 11:31:35,541 | INFO  | DNAudit | user=null | ip=null | op=WRITE_CHUNK {blockData=conID: 2 locID: 102666069310374404 bcsId: 2463} | ret=SUCCESS |  
2019-08-23 11:31:35,541 | INFO  | DNAudit | user=null | ip=null | op=WRITE_CHUNK {blockData=conID: 2 locID: 102666069310374404 bcsId: 2463} | ret=SUCCESS |  
2019-08-23 11:31:35,542 | INFO  | DNAudit | user=null | ip=null | op=PUT_BLOCK {blockData=[blockId=conID: 2 locID: 102666069310374404 bcsId: 0,size=3145728]} | ret=SUCCESS |  
2019-08-23 11:31:35,542 | INFO  | DNAudit | user=null | ip=null | op=PUT_BLOCK {blockData=[blockId=conID: 2 locID: 102666069310374404 bcsId: 0,size=3145728]} | ret=SUCCESS |  
2019-08-23 11:31:35,543 | INFO  | DNAudit | user=null | ip=null | op=WRITE_CHUNK {blockData=conID: 2 locID: 102666069310374404 bcsId: 2468} | ret=SUCCESS |  
2019-08-23 11:31:35,543 | INFO  | DNAudit | user=null | ip=null | op=PUT_BLOCK {blockData=[blockId=conID: 2 locID: 102666069310374404 bcsId: 0,size=4194304]} | ret=SUCCESS |  
2019-08-23 11:31:35,543 [grpc-default-executor-1] INFO  client.GrpcClientProtocolClient (GrpcClientProtocolClient.java:onNext(255)) - client-C9E345EC67ED->244f13ac-34be-4c4e-8e45-0c0272edbbb2: receive RaftClientReply:client-C9E345EC67ED->244f13ac-34be-4c4e-8e45-0c0272edbbb2@group-FE77C852EF02, cid=1728, SUCCESS, logIndex=2471, commits[244f13ac-34be-4c4e-8e45-0c0272edbbb2:c2472, 6287e41a-5356-4f55-84f2-270816d53e84:c2468, a2c18d3d-e79d-47c9-88fe-d8a1d195302b:c2468]
2019-08-23 11:31:35,543 [grpc-default-executor-1] INFO  client.GrpcClientProtocolClient (GrpcClientProtocolClient.java:onNext(255)) - client-C9E345EC67ED->244f13ac-34be-4c4e-8e45-0c0272edbbb2: receive RaftClientReply:client-C9E345EC67ED->244f13ac-34be-4c4e-8e45-0c0272edbbb2@group-FE77C852EF02, cid=1729, SUCCESS, logIndex=2472, commits[244f13ac-34be-4c4e-8e45-0c0272edbbb2:c2472, 6287e41a-5356-4f55-84f2-270816d53e84:c2468, a2c18d3d-e79d-47c9-88fe-d8a1d195302b:c2468]
2019-08-23 11:31:35,554 | INFO  | DNAudit | user=null | ip=null | op=WRITE_CHUNK {blockData=conID: 2 locID: 102666069310374404 bcsId: 2468} | ret=SUCCESS |  
2019-08-23 11:31:35,554 | INFO  | DNAudit | user=null | ip=null | op=WRITE_CHUNK {blockData=conID: 2 locID: 102666069310374404 bcsId: 2468} | ret=SUCCESS |  
2019-08-23 11:31:35,556 | INFO  | DNAudit | user=null | ip=null | op=PUT_BLOCK {blockData=[blockId=conID: 2 locID: 102666069310374404 bcsId: 0,size=4194304]} | ret=SUCCESS |  
2019-08-23 11:31:35,556 | INFO  | DNAudit | user=null | ip=null | op=PUT_BLOCK {blockData=[blockId=conID: 2 locID: 102666069310374404 bcsId: 0,size=4194304]} | ret=SUCCESS |  
2019-08-23 11:31:35,556 [grpc-default-executor-4] INFO  client.GrpcClientProtocolClient (GrpcClientProtocolClient.java:onNext(255)) - client-C9E345EC67ED->244f13ac-34be-4c4e-8e45-0c0272edbbb2: receive RaftClientReply:client-C9E345EC67ED->244f13ac-34be-4c4e-8e45-0c0272edbbb2@group-FE77C852EF02, cid=1730, SUCCESS, logIndex=0, commits[244f13ac-34be-4c4e-8e45-0c0272edbbb2:c2474, 6287e41a-5356-4f55-84f2-270816d53e84:c2472, a2c18d3d-e79d-47c9-88fe-d8a1d195302b:c2472]
2019-08-23 11:31:35,557 | INFO  | SCMAudit | user=jenkins1000 | ip=192.168.5.185 | op=SEND_HEARTBEAT {datanodeUUID=0d166765-8492-4439-8677-f737a7bc54ca, command=[]} | ret=SUCCESS |  
2019-08-23 11:31:35,557 | INFO  | SCMAudit | user=jenkins1000 | ip=192.168.5.185 | op=SEND_HEARTBEAT {datanodeUUID=b2c34899-c5c3-4720-9d95-984efeabf4a7, command=[]} | ret=SUCCESS |  
2019-08-23 11:31:35,559 | INFO  | SCMAudit | user=jenkins1000 | ip=192.168.5.185 | op=ALLOCATE_BLOCK {owner=00a23185-76ea-47b5-a641-ad3cfbe5521a, size=4194304, type=RATIS, factor=THREE} | ret=SUCCESS |  
2019-08-23 11:31:35,561 | INFO  | OMAudit | user=jenkins1000 | ip=127.0.0.1 | op=ALLOCATE_BLOCK {volume=vol-0-37508, bucket=bucket-0-50919, key=key-0-57313, dataSize=0, replicationType=null, replicationFactor=null, keyLocationInfo=null, clientID=102666068570931602} | ret=SUCCESS |  
2019-08-23 11:31:35,567 | INFO  | DNAudit | user=null | ip=null | op=WRITE_CHUNK {blockData=conID: 3 locID: 102666069315355141 bcsId: 0} | ret=SUCCESS |  
2019-08-23 11:31:35,570 | INFO  | DNAudit | user=null | ip=null | op=WRITE_CHUNK {blockData=conID: 3 locID: 102666069315355141 bcsId: 0} | ret=SUCCESS |  
2019-08-23 11:31:35,570 | INFO  | DNAudit | user=null | ip=null | op=WRITE_CHUNK {blockData=conID: 3 locID: 102666069315355141 bcsId: 0} | ret=SUCCESS |  
2019-08-23 11:31:35,570 | INFO  | DNAudit | user=null | ip=null | op=WRITE_CHUNK {blockData=conID: 3 locID: 102666069315355141 bcsId: 0} | ret=SUCCESS |  
2019-08-23 11:31:35,571 | INFO  | DNAudit | user=null | ip=null | op=WRITE_CHUNK {blockData=conID: 3 locID: 102666069315355141 bcsId: 0} | ret=SUCCESS |  
2019-08-23 11:31:35,572 | INFO  | DNAudit | user=null | ip=null | op=WRITE_CHUNK {blockData=conID: 3 locID: 102666069315355141 bcsId: 0} | ret=SUCCESS |  
2019-08-23 11:31:35,592 | INFO  | DNAudit | user=null | ip=null | op=WRITE_CHUNK {blockData=conID: 3 locID: 102666069315355141 bcsId: 0} | ret=SUCCESS |  
2019-08-23 11:31:35,593 | INFO  | DNAudit | user=null | ip=null | op=PUT_BLOCK {blockData=[blockId=conID: 3 locID: 102666069315355141 bcsId: 0,size=1048576]} | ret=SUCCESS |  
2019-08-23 11:31:35,593 | INFO  | DNAudit | user=null | ip=null | op=WRITE_CHUNK {blockData=conID: 3 locID: 102666069315355141 bcsId: 0} | ret=SUCCESS |  
2019-08-23 11:31:35,593 [grpc-default-executor-5] INFO  client.GrpcClientProtocolClient (GrpcClientProtocolClient.java:onNext(255)) - client-C9E345EC67ED->244f13ac-34be-4c4e-8e45-0c0272edbbb2: receive RaftClientReply:client-C9E345EC67ED->244f13ac-34be-4c4e-8e45-0c0272edbbb2@group-FE77C852EF02, cid=1731, SUCCESS, logIndex=2475, commits[244f13ac-34be-4c4e-8e45-0c0272edbbb2:c2477, 6287e41a-5356-4f55-84f2-270816d53e84:c2474, a2c18d3d-e79d-47c9-88fe-d8a1d195302b:c2474]
2019-08-23 11:31:35,593 | INFO  | DNAudit | user=null | ip=null | op=PUT_BLOCK {blockData=[blockId=conID: 3 locID: 102666069315355141 bcsId: 0,size=2097152]} | ret=SUCCESS |  
2019-08-23 11:31:35,593 [grpc-default-executor-5] INFO  client.GrpcClientProtocolClient (GrpcClientProtocolClient.java:onNext(255)) - client-C9E345EC67ED->244f13ac-34be-4c4e-8e45-0c0272edbbb2: receive RaftClientReply:client-C9E345EC67ED->244f13ac-34be-4c4e-8e45-0c0272edbbb2@group-FE77C852EF02, cid=1732, SUCCESS, logIndex=2476, commits[244f13ac-34be-4c4e-8e45-0c0272edbbb2:c2478, 6287e41a-5356-4f55-84f2-270816d53e84:c2474, a2c18d3d-e79d-47c9-88fe-d8a1d195302b:c2474]
2019-08-23 11:31:35,594 [grpc-default-executor-5] INFO  client.GrpcClientProtocolClient (GrpcClientProtocolClient.java:onNext(255)) - client-C9E345EC67ED->244f13ac-34be-4c4e-8e45-0c0272edbbb2: receive RaftClientReply:client-C9E345EC67ED->244f13ac-34be-4c4e-8e45-0c0272edbbb2@group-FE77C852EF02, cid=1733, SUCCESS, logIndex=2477, commits[244f13ac-34be-4c4e-8e45-0c0272edbbb2:c2478, 6287e41a-5356-4f55-84f2-270816d53e84:c2474, a2c18d3d-e79d-47c9-88fe-d8a1d195302b:c2474]
2019-08-23 11:31:35,594 [grpc-default-executor-5] INFO  client.GrpcClientProtocolClient (GrpcClientProtocolClient.java:onNext(255)) - client-C9E345EC67ED->244f13ac-34be-4c4e-8e45-0c0272edbbb2: receive RaftClientReply:client-C9E345EC67ED->244f13ac-34be-4c4e-8e45-0c0272edbbb2@group-FE77C852EF02, cid=1734, SUCCESS, logIndex=2478, commits[244f13ac-34be-4c4e-8e45-0c0272edbbb2:c2478, 6287e41a-5356-4f55-84f2-270816d53e84:c2474, a2c18d3d-e79d-47c9-88fe-d8a1d195302b:c2474]
2019-08-23 11:31:35,594 | INFO  | DNAudit | user=null | ip=null | op=WRITE_CHUNK {blockData=conID: 3 locID: 102666069315355141 bcsId: 0} | ret=SUCCESS |  
2019-08-23 11:31:35,595 | INFO  | DNAudit | user=null | ip=null | op=WRITE_CHUNK {blockData=conID: 3 locID: 102666069315355141 bcsId: 0} | ret=SUCCESS |  
2019-08-23 11:31:35,595 | INFO  | DNAudit | user=null | ip=null | op=PUT_BLOCK {blockData=[blockId=conID: 3 locID: 102666069315355141 bcsId: 0,size=1048576]} | ret=SUCCESS |  
2019-08-23 11:31:35,595 | INFO  | DNAudit | user=null | ip=null | op=WRITE_CHUNK {blockData=conID: 3 locID: 102666069315355141 bcsId: 0} | ret=SUCCESS |  
2019-08-23 11:31:35,595 | INFO  | DNAudit | user=null | ip=null | op=PUT_BLOCK {blockData=[blockId=conID: 3 locID: 102666069315355141 bcsId: 0,size=1048576]} | ret=SUCCESS |  
2019-08-23 11:31:35,596 | INFO  | DNAudit | user=null | ip=null | op=PUT_BLOCK {blockData=[blockId=conID: 3 locID: 102666069315355141 bcsId: 0,size=2097152]} | ret=SUCCESS |  
2019-08-23 11:31:35,596 | INFO  | DNAudit | user=null | ip=null | op=WRITE_CHUNK {blockData=conID: 3 locID: 102666069315355141 bcsId: 0} | ret=SUCCESS |  
2019-08-23 11:31:35,596 [grpc-default-executor-5] INFO  client.GrpcClientProtocolClient (GrpcClientProtocolClient.java:onNext(255)) - client-C9E345EC67ED->244f13ac-34be-4c4e-8e45-0c0272edbbb2: receive RaftClientReply:client-C9E345EC67ED->244f13ac-34be-4c4e-8e45-0c0272edbbb2@group-FE77C852EF02, cid=1735, SUCCESS, logIndex=0, commits[244f13ac-34be-4c4e-8e45-0c0272edbbb2:c2482, 6287e41a-5356-4f55-84f2-270816d53e84:c2476, a2c18d3d-e79d-47c9-88fe-d8a1d195302b:c2478]
2019-08-23 11:31:35,596 | INFO  | DNAudit | user=null | ip=null | op=PUT_BLOCK {blockData=[blockId=conID: 3 locID: 102666069315355141 bcsId: 0,size=2097152]} | ret=SUCCESS |  
2019-08-23 11:31:35,602 | INFO  | DNAudit | user=null | ip=null | op=WRITE_CHUNK {blockData=conID: 3 locID: 102666069315355141 bcsId: 2478} | ret=SUCCESS |  
2019-08-23 11:31:35,604 | INFO  | DNAudit | user=null | ip=null | op=WRITE_CHUNK {blockData=conID: 3 locID: 102666069315355141 bcsId: 2478} | ret=SUCCESS |  
2019-08-23 11:31:35,604 | INFO  | DNAudit | user=null | ip=null | op=WRITE_CHUNK {blockData=conID: 3 locID: 102666069315355141 bcsId: 2478} | ret=SUCCESS |  
2019-08-23 11:31:35,614 | INFO  | DNAudit | user=null | ip=null | op=WRITE_CHUNK {blockData=conID: 3 locID: 102666069315355141 bcsId: 2478} | ret=SUCCESS |  
2019-08-23 11:31:35,615 | INFO  | DNAudit | user=null | ip=null | op=PUT_BLOCK {blockData=[blockId=conID: 3 locID: 102666069315355141 bcsId: 0,size=3145728]} | ret=SUCCESS |  
2019-08-23 11:31:35,615 [grpc-default-executor-5] INFO  client.GrpcClientProtocolClient (GrpcClientProtocolClient.java:onNext(255)) - client-C9E345EC67ED->244f13ac-34be-4c4e-8e45-0c0272edbbb2: receive RaftClientReply:client-C9E345EC67ED->244f13ac-34be-4c4e-8e45-0c0272edbbb2@group-FE77C852EF02, cid=1736, SUCCESS, logIndex=2483, commits[244f13ac-34be-4c4e-8e45-0c0272edbbb2:c2484, 6287e41a-5356-4f55-84f2-270816d53e84:c2482, a2c18d3d-e79d-47c9-88fe-d8a1d195302b:c2482]
2019-08-23 11:31:35,615 [grpc-default-executor-5] INFO  client.GrpcClientProtocolClient (GrpcClientProtocolClient.java:onNext(255)) - client-C9E345EC67ED->244f13ac-34be-4c4e-8e45-0c0272edbbb2: receive RaftClientReply:client-C9E345EC67ED->244f13ac-34be-4c4e-8e45-0c0272edbbb2@group-FE77C852EF02, cid=1737, SUCCESS, logIndex=2484, commits[244f13ac-34be-4c4e-8e45-0c0272edbbb2:c2484, 6287e41a-5356-4f55-84f2-270816d53e84:c2482, a2c18d3d-e79d-47c9-88fe-d8a1d195302b:c2482]
2019-08-23 11:31:35,622 | INFO  | DNAudit | user=null | ip=null | op=WRITE_CHUNK {blockData=conID: 3 locID: 102666069315355141 bcsId: 2484} | ret=SUCCESS |  
2019-08-23 11:31:35,624 | INFO  | DNAudit | user=null | ip=null | op=WRITE_CHUNK {blockData=conID: 3 locID: 102666069315355141 bcsId: 2484} | ret=SUCCESS |  
2019-08-23 11:31:35,624 | INFO  | DNAudit | user=null | ip=null | op=WRITE_CHUNK {blockData=conID: 3 locID: 102666069315355141 bcsId: 2484} | ret=SUCCESS |  
2019-08-23 11:31:35,626 | INFO  | DNAudit | user=null | ip=null | op=WRITE_CHUNK {blockData=conID: 3 locID: 102666069315355141 bcsId: 2478} | ret=SUCCESS |  
2019-08-23 11:31:35,626 | INFO  | DNAudit | user=null | ip=null | op=WRITE_CHUNK {blockData=conID: 3 locID: 102666069315355141 bcsId: 2478} | ret=SUCCESS |  
2019-08-23 11:31:35,626 | INFO  | DNAudit | user=null | ip=null | op=PUT_BLOCK {blockData=[blockId=conID: 3 locID: 102666069315355141 bcsId: 0,size=3145728]} | ret=SUCCESS |  
2019-08-23 11:31:35,626 | INFO  | DNAudit | user=null | ip=null | op=PUT_BLOCK {blockData=[blockId=conID: 3 locID: 102666069315355141 bcsId: 0,size=3145728]} | ret=SUCCESS |  
2019-08-23 11:31:35,627 | INFO  | DNAudit | user=null | ip=null | op=WRITE_CHUNK {blockData=conID: 3 locID: 102666069315355141 bcsId: 2484} | ret=SUCCESS |  
2019-08-23 11:31:35,628 [grpc-default-executor-5] INFO  client.GrpcClientProtocolClient (GrpcClientProtocolClient.java:onNext(255)) - client-C9E345EC67ED->244f13ac-34be-4c4e-8e45-0c0272edbbb2: receive RaftClientReply:client-C9E345EC67ED->244f13ac-34be-4c4e-8e45-0c0272edbbb2@group-FE77C852EF02, cid=1738, SUCCESS, logIndex=2487, commits[244f13ac-34be-4c4e-8e45-0c0272edbbb2:c2488, 6287e41a-5356-4f55-84f2-270816d53e84:c2484, a2c18d3d-e79d-47c9-88fe-d8a1d195302b:c2484]
2019-08-23 11:31:35,628 | INFO  | DNAudit | user=null | ip=null | op=PUT_BLOCK {blockData=[blockId=conID: 3 locID: 102666069315355141 bcsId: 0,size=4194304]} | ret=SUCCESS |  
2019-08-23 11:31:35,629 [grpc-default-executor-5] INFO  client.GrpcClientProtocolClient (GrpcClientProtocolClient.java:onNext(255)) - client-C9E345EC67ED->244f13ac-34be-4c4e-8e45-0c0272edbbb2: receive RaftClientReply:client-C9E345EC67ED->244f13ac-34be-4c4e-8e45-0c0272edbbb2@group-FE77C852EF02, cid=1739, SUCCESS, logIndex=2488, commits[244f13ac-34be-4c4e-8e45-0c0272edbbb2:c2488, 6287e41a-5356-4f55-84f2-270816d53e84:c2484, a2c18d3d-e79d-47c9-88fe-d8a1d195302b:c2484]
2019-08-23 11:31:35,639 | INFO  | DNAudit | user=null | ip=null | op=WRITE_CHUNK {blockData=conID: 3 locID: 102666069315355141 bcsId: 2484} | ret=SUCCESS |  
2019-08-23 11:31:35,639 | INFO  | DNAudit | user=null | ip=null | op=WRITE_CHUNK {blockData=conID: 3 locID: 102666069315355141 bcsId: 2484} | ret=SUCCESS |  
2019-08-23 11:31:35,640 | INFO  | DNAudit | user=null | ip=null | op=PUT_BLOCK {blockData=[blockId=conID: 3 locID: 102666069315355141 bcsId: 0,size=4194304]} | ret=SUCCESS |  
2019-08-23 11:31:35,640 | INFO  | DNAudit | user=null | ip=null | op=PUT_BLOCK {blockData=[blockId=conID: 3 locID: 102666069315355141 bcsId: 0,size=4194304]} | ret=SUCCESS |  
2019-08-23 11:31:35,640 [grpc-default-executor-5] INFO  client.GrpcClientProtocolClient (GrpcClientProtocolClient.java:onNext(255)) - client-C9E345EC67ED->244f13ac-34be-4c4e-8e45-0c0272edbbb2: receive RaftClientReply:client-C9E345EC67ED->244f13ac-34be-4c4e-8e45-0c0272edbbb2@group-FE77C852EF02, cid=1740, SUCCESS, logIndex=0, commits[244f13ac-34be-4c4e-8e45-0c0272edbbb2:c2490, 6287e41a-5356-4f55-84f2-270816d53e84:c2488, a2c18d3d-e79d-47c9-88fe-d8a1d195302b:c2488]
2019-08-23 11:31:35,644 | INFO  | SCMAudit | user=jenkins1000 | ip=192.168.5.185 | op=ALLOCATE_BLOCK {owner=00a23185-76ea-47b5-a641-ad3cfbe5521a, size=4194304, type=RATIS, factor=THREE} | ret=SUCCESS |  
2019-08-23 11:31:35,646 | INFO  | OMAudit | user=jenkins1000 | ip=127.0.0.1 | op=ALLOCATE_BLOCK {volume=vol-0-37508, bucket=bucket-0-50919, key=key-0-57313, dataSize=0, replicationType=null, replicationFactor=null, keyLocationInfo=null, clientID=102666068570931602} | ret=SUCCESS |  
2019-08-23 11:31:35,653 | INFO  | DNAudit | user=null | ip=null | op=WRITE_CHUNK {blockData=conID: 1 locID: 102666069320925702 bcsId: 0} | ret=SUCCESS |  
2019-08-23 11:31:35,655 | INFO  | DNAudit | user=null | ip=null | op=WRITE_CHUNK {blockData=conID: 1 locID: 102666069320925702 bcsId: 0} | ret=SUCCESS |  
2019-08-23 11:31:35,656 | INFO  | DNAudit | user=null | ip=null | op=WRITE_CHUNK {blockData=conID: 1 locID: 102666069320925702 bcsId: 0} | ret=SUCCESS |  
2019-08-23 11:31:35,656 | INFO  | DNAudit | user=null | ip=null | op=WRITE_CHUNK {blockData=conID: 1 locID: 102666069320925702 bcsId: 0} | ret=SUCCESS |  
2019-08-23 11:31:35,658 | INFO  | DNAudit | user=null | ip=null | op=WRITE_CHUNK {blockData=conID: 1 locID: 102666069320925702 bcsId: 0} | ret=SUCCESS |  
2019-08-23 11:31:35,658 | INFO  | DNAudit | user=null | ip=null | op=WRITE_CHUNK {blockData=conID: 1 locID: 102666069320925702 bcsId: 0} | ret=SUCCESS |  
2019-08-23 11:31:35,665 | INFO  | DNAudit | user=null | ip=null | op=WRITE_CHUNK {blockData=conID: 1 locID: 102666069320925702 bcsId: 0} | ret=SUCCESS |  
2019-08-23 11:31:35,666 | INFO  | DNAudit | user=null | ip=null | op=PUT_BLOCK {blockData=[blockId=conID: 1 locID: 102666069320925702 bcsId: 0,size=1048576]} | ret=SUCCESS |  
2019-08-23 11:31:35,666 [grpc-default-executor-1] INFO  client.GrpcClientProtocolClient (GrpcClientProtocolClient.java:onNext(255)) - client-C9E345EC67ED->244f13ac-34be-4c4e-8e45-0c0272edbbb2: receive RaftClientReply:client-C9E345EC67ED->244f13ac-34be-4c4e-8e45-0c0272edbbb2@group-FE77C852EF02, cid=1741, SUCCESS, logIndex=2491, commits[244f13ac-34be-4c4e-8e45-0c0272edbbb2:c2492, 6287e41a-5356-4f55-84f2-270816d53e84:c2490, a2c18d3d-e79d-47c9-88fe-d8a1d195302b:c2490]
2019-08-23 11:31:35,666 | INFO  | DNAudit | user=null | ip=null | op=WRITE_CHUNK {blockData=conID: 1 locID: 102666069320925702 bcsId: 0} | ret=SUCCESS |  
2019-08-23 11:31:35,666 [grpc-default-executor-1] INFO  client.GrpcClientProtocolClient (GrpcClientProtocolClient.java:onNext(255)) - client-C9E345EC67ED->244f13ac-34be-4c4e-8e45-0c0272edbbb2: receive RaftClientReply:client-C9E345EC67ED->244f13ac-34be-4c4e-8e45-0c0272edbbb2@group-FE77C852EF02, cid=1742, SUCCESS, logIndex=2492, commits[244f13ac-34be-4c4e-8e45-0c0272edbbb2:c2492, 6287e41a-5356-4f55-84f2-270816d53e84:c2490, a2c18d3d-e79d-47c9-88fe-d8a1d195302b:c2490]
2019-08-23 11:31:35,667 | INFO  | DNAudit | user=null | ip=null | op=PUT_BLOCK {blockData=[blockId=conID: 1 locID: 102666069320925702 bcsId: 0,size=2097152]} | ret=SUCCESS |  
2019-08-23 11:31:35,667 [grpc-default-executor-1] INFO  client.GrpcClientProtocolClient (GrpcClientProtocolClient.java:onNext(255)) - client-C9E345EC67ED->244f13ac-34be-4c4e-8e45-0c0272edbbb2: receive RaftClientReply:client-C9E345EC67ED->244f13ac-34be-4c4e-8e45-0c0272edbbb2@group-FE77C852EF02, cid=1743, SUCCESS, logIndex=2493, commits[244f13ac-34be-4c4e-8e45-0c0272edbbb2:c2494, 6287e41a-5356-4f55-84f2-270816d53e84:c2490, a2c18d3d-e79d-47c9-88fe-d8a1d195302b:c2490]
2019-08-23 11:31:35,667 [grpc-default-executor-1] INFO  client.GrpcClientProtocolClient (GrpcClientProtocolClient.java:onNext(255)) - client-C9E345EC67ED->244f13ac-34be-4c4e-8e45-0c0272edbbb2: receive RaftClientReply:client-C9E345EC67ED->244f13ac-34be-4c4e-8e45-0c0272edbbb2@group-FE77C852EF02, cid=1744, SUCCESS, logIndex=2494, commits[244f13ac-34be-4c4e-8e45-0c0272edbbb2:c2494, 6287e41a-5356-4f55-84f2-270816d53e84:c2490, a2c18d3d-e79d-47c9-88fe-d8a1d195302b:c2490]
2019-08-23 11:31:35,669 | INFO  | DNAudit | user=null | ip=null | op=WRITE_CHUNK {blockData=conID: 1 locID: 102666069320925702 bcsId: 0} | ret=SUCCESS |  
2019-08-23 11:31:35,669 | INFO  | DNAudit | user=null | ip=null | op=PUT_BLOCK {blockData=[blockId=conID: 1 locID: 102666069320925702 bcsId: 0,size=1048576]} | ret=SUCCESS |  
2019-08-23 11:31:35,669 | INFO  | DNAudit | user=null | ip=null | op=WRITE_CHUNK {blockData=conID: 1 locID: 102666069320925702 bcsId: 0} | ret=SUCCESS |  
2019-08-23 11:31:35,669 | INFO  | DNAudit | user=null | ip=null | op=PUT_BLOCK {blockData=[blockId=conID: 1 locID: 102666069320925702 bcsId: 0,size=1048576]} | ret=SUCCESS |  
2019-08-23 11:31:35,670 | INFO  | DNAudit | user=null | ip=null | op=WRITE_CHUNK {blockData=conID: 1 locID: 102666069320925702 bcsId: 0} | ret=SUCCESS |  
2019-08-23 11:31:35,670 | INFO  | DNAudit | user=null | ip=null | op=PUT_BLOCK {blockData=[blockId=conID: 1 locID: 102666069320925702 bcsId: 0,size=2097152]} | ret=SUCCESS |  
2019-08-23 11:31:35,670 | INFO  | DNAudit | user=null | ip=null | op=WRITE_CHUNK {blockData=conID: 1 locID: 102666069320925702 bcsId: 0} | ret=SUCCESS |  
2019-08-23 11:31:35,670 [grpc-default-executor-1] INFO  client.GrpcClientProtocolClient (GrpcClientProtocolClient.java:onNext(255)) - client-C9E345EC67ED->244f13ac-34be-4c4e-8e45-0c0272edbbb2: receive RaftClientReply:client-C9E345EC67ED->244f13ac-34be-4c4e-8e45-0c0272edbbb2@group-FE77C852EF02, cid=1745, SUCCESS, logIndex=0, commits[244f13ac-34be-4c4e-8e45-0c0272edbbb2:c2496, 6287e41a-5356-4f55-84f2-270816d53e84:c2492, a2c18d3d-e79d-47c9-88fe-d8a1d195302b:c2492]
2019-08-23 11:31:35,670 | INFO  | DNAudit | user=null | ip=null | op=PUT_BLOCK {blockData=[blockId=conID: 1 locID: 102666069320925702 bcsId: 0,size=2097152]} | ret=SUCCESS |  
2019-08-23 11:31:35,677 | INFO  | DNAudit | user=null | ip=null | op=WRITE_CHUNK {blockData=conID: 1 locID: 102666069320925702 bcsId: 2494} | ret=SUCCESS |  
2019-08-23 11:31:35,678 | INFO  | DNAudit | user=null | ip=null | op=WRITE_CHUNK {blockData=conID: 1 locID: 102666069320925702 bcsId: 2494} | ret=SUCCESS |  
2019-08-23 11:31:35,679 | INFO  | DNAudit | user=null | ip=null | op=WRITE_CHUNK {blockData=conID: 1 locID: 102666069320925702 bcsId: 2494} | ret=SUCCESS |  
2019-08-23 11:31:35,689 | INFO  | DNAudit | user=null | ip=null | op=WRITE_CHUNK {blockData=conID: 1 locID: 102666069320925702 bcsId: 2494} | ret=SUCCESS |  
2019-08-23 11:31:35,690 | INFO  | DNAudit | user=null | ip=null | op=PUT_BLOCK {blockData=[blockId=conID: 1 locID: 102666069320925702 bcsId: 0,size=3145728]} | ret=SUCCESS |  
2019-08-23 11:31:35,690 [grpc-default-executor-2] INFO  client.GrpcClientProtocolClient (GrpcClientProtocolClient.java:onNext(255)) - client-C9E345EC67ED->244f13ac-34be-4c4e-8e45-0c0272edbbb2: receive RaftClientReply:client-C9E345EC67ED->244f13ac-34be-4c4e-8e45-0c0272edbbb2@group-FE77C852EF02, cid=1746, SUCCESS, logIndex=2499, commits[244f13ac-34be-4c4e-8e45-0c0272edbbb2:c2500, 6287e41a-5356-4f55-84f2-270816d53e84:c2498, a2c18d3d-e79d-47c9-88fe-d8a1d195302b:c2498]
2019-08-23 11:31:35,690 [grpc-default-executor-2] INFO  client.GrpcClientProtocolClient (GrpcClientProtocolClient.java:onNext(255)) - client-C9E345EC67ED->244f13ac-34be-4c4e-8e45-0c0272edbbb2: receive RaftClientReply:client-C9E345EC67ED->244f13ac-34be-4c4e-8e45-0c0272edbbb2@group-FE77C852EF02, cid=1747, SUCCESS, logIndex=2500, commits[244f13ac-34be-4c4e-8e45-0c0272edbbb2:c2500, 6287e41a-5356-4f55-84f2-270816d53e84:c2498, a2c18d3d-e79d-47c9-88fe-d8a1d195302b:c2498]
2019-08-23 11:31:35,696 | INFO  | DNAudit | user=null | ip=null | op=WRITE_CHUNK {blockData=conID: 1 locID: 102666069320925702 bcsId: 2500} | ret=SUCCESS |  
2019-08-23 11:31:35,698 | INFO  | DNAudit | user=null | ip=null | op=WRITE_CHUNK {blockData=conID: 1 locID: 102666069320925702 bcsId: 2500} | ret=SUCCESS |  
2019-08-23 11:31:35,698 | INFO  | DNAudit | user=null | ip=null | op=WRITE_CHUNK {blockData=conID: 1 locID: 102666069320925702 bcsId: 2500} | ret=SUCCESS |  
2019-08-23 11:31:35,701 | INFO  | DNAudit | user=null | ip=null | op=WRITE_CHUNK {blockData=conID: 1 locID: 102666069320925702 bcsId: 2494} | ret=SUCCESS |  
2019-08-23 11:31:35,701 | INFO  | DNAudit | user=null | ip=null | op=WRITE_CHUNK {blockData=conID: 1 locID: 102666069320925702 bcsId: 2494} | ret=SUCCESS |  
2019-08-23 11:31:35,702 | INFO  | DNAudit | user=null | ip=null | op=PUT_BLOCK {blockData=[blockId=conID: 1 locID: 102666069320925702 bcsId: 0,size=3145728]} | ret=SUCCESS |  
2019-08-23 11:31:35,702 | INFO  | DNAudit | user=null | ip=null | op=PUT_BLOCK {blockData=[blockId=conID: 1 locID: 102666069320925702 bcsId: 0,size=3145728]} | ret=SUCCESS |  
2019-08-23 11:31:35,702 | INFO  | DNAudit | user=null | ip=null | op=WRITE_CHUNK {blockData=conID: 1 locID: 102666069320925702 bcsId: 2500} | ret=SUCCESS |  
2019-08-23 11:31:35,703 | INFO  | DNAudit | user=null | ip=null | op=PUT_BLOCK {blockData=[blockId=conID: 1 locID: 102666069320925702 bcsId: 0,size=4194304]} | ret=SUCCESS |  
2019-08-23 11:31:35,703 [grpc-default-executor-2] INFO  client.GrpcClientProtocolClient (GrpcClientProtocolClient.java:onNext(255)) - client-C9E345EC67ED->244f13ac-34be-4c4e-8e45-0c0272edbbb2: receive RaftClientReply:client-C9E345EC67ED->244f13ac-34be-4c4e-8e45-0c0272edbbb2@group-FE77C852EF02, cid=1748, SUCCESS, logIndex=2503, commits[244f13ac-34be-4c4e-8e45-0c0272edbbb2:c2503, 6287e41a-5356-4f55-84f2-270816d53e84:c2500, a2c18d3d-e79d-47c9-88fe-d8a1d195302b:c2500]
2019-08-23 11:31:35,703 [grpc-default-executor-2] INFO  client.GrpcClientProtocolClient (GrpcClientProtocolClient.java:onNext(255)) - client-C9E345EC67ED->244f13ac-34be-4c4e-8e45-0c0272edbbb2: receive RaftClientReply:client-C9E345EC67ED->244f13ac-34be-4c4e-8e45-0c0272edbbb2@group-FE77C852EF02, cid=1749, SUCCESS, logIndex=2504, commits[244f13ac-34be-4c4e-8e45-0c0272edbbb2:c2504, 6287e41a-5356-4f55-84f2-270816d53e84:c2500, a2c18d3d-e79d-47c9-88fe-d8a1d195302b:c2500]
2019-08-23 11:31:35,714 | INFO  | DNAudit | user=null | ip=null | op=WRITE_CHUNK {blockData=conID: 1 locID: 102666069320925702 bcsId: 2500} | ret=SUCCESS |  
2019-08-23 11:31:35,714 | INFO  | DNAudit | user=null | ip=null | op=WRITE_CHUNK {blockData=conID: 1 locID: 102666069320925702 bcsId: 2500} | ret=SUCCESS |  
2019-08-23 11:31:35,715 | INFO  | DNAudit | user=null | ip=null | op=PUT_BLOCK {blockData=[blockId=conID: 1 locID: 102666069320925702 bcsId: 0,size=4194304]} | ret=SUCCESS |  
2019-08-23 11:31:35,716 | INFO  | DNAudit | user=null | ip=null | op=PUT_BLOCK {blockData=[blockId=conID: 1 locID: 102666069320925702 bcsId: 0,size=4194304]} | ret=SUCCESS |  
2019-08-23 11:31:35,716 [grpc-default-executor-2] INFO  client.GrpcClientProtocolClient (GrpcClientProtocolClient.java:onNext(255)) - client-C9E345EC67ED->244f13ac-34be-4c4e-8e45-0c0272edbbb2: receive RaftClientReply:client-C9E345EC67ED->244f13ac-34be-4c4e-8e45-0c0272edbbb2@group-FE77C852EF02, cid=1750, SUCCESS, logIndex=0, commits[244f13ac-34be-4c4e-8e45-0c0272edbbb2:c2506, 6287e41a-5356-4f55-84f2-270816d53e84:c2504, a2c18d3d-e79d-47c9-88fe-d8a1d195302b:c2504]
2019-08-23 11:31:35,720 | INFO  | SCMAudit | user=jenkins1000 | ip=192.168.5.185 | op=ALLOCATE_BLOCK {owner=00a23185-76ea-47b5-a641-ad3cfbe5521a, size=4194304, type=RATIS, factor=THREE} | ret=SUCCESS |  
2019-08-23 11:31:35,722 | INFO  | OMAudit | user=jenkins1000 | ip=127.0.0.1 | op=ALLOCATE_BLOCK {volume=vol-0-37508, bucket=bucket-0-50919, key=key-0-57313, dataSize=0, replicationType=null, replicationFactor=null, keyLocationInfo=null, clientID=102666068570931602} | ret=SUCCESS |  
2019-08-23 11:31:35,728 | INFO  | DNAudit | user=null | ip=null | op=WRITE_CHUNK {blockData=conID: 2 locID: 102666069325906439 bcsId: 0} | ret=SUCCESS |  
2019-08-23 11:31:35,729 | INFO  | DNAudit | user=null | ip=null | op=WRITE_CHUNK {blockData=conID: 2 locID: 102666069325906439 bcsId: 0} | ret=SUCCESS |  
2019-08-23 11:31:35,731 | INFO  | DNAudit | user=null | ip=null | op=WRITE_CHUNK {blockData=conID: 2 locID: 102666069325906439 bcsId: 0} | ret=SUCCESS |  
2019-08-23 11:31:35,731 | INFO  | DNAudit | user=null | ip=null | op=WRITE_CHUNK {blockData=conID: 2 locID: 102666069325906439 bcsId: 0} | ret=SUCCESS |  
2019-08-23 11:31:35,732 | INFO  | DNAudit | user=null | ip=null | op=WRITE_CHUNK {blockData=conID: 2 locID: 102666069325906439 bcsId: 0} | ret=SUCCESS |  
2019-08-23 11:31:35,732 | INFO  | DNAudit | user=null | ip=null | op=WRITE_CHUNK {blockData=conID: 2 locID: 102666069325906439 bcsId: 0} | ret=SUCCESS |  
2019-08-23 11:31:35,741 | INFO  | DNAudit | user=null | ip=null | op=WRITE_CHUNK {blockData=conID: 2 locID: 102666069325906439 bcsId: 0} | ret=SUCCESS |  
2019-08-23 11:31:35,742 | INFO  | DNAudit | user=null | ip=null | op=PUT_BLOCK {blockData=[blockId=conID: 2 locID: 102666069325906439 bcsId: 0,size=1048576]} | ret=SUCCESS |  
2019-08-23 11:31:35,742 [grpc-default-executor-2] INFO  client.GrpcClientProtocolClient (GrpcClientProtocolClient.java:onNext(255)) - client-C9E345EC67ED->244f13ac-34be-4c4e-8e45-0c0272edbbb2: receive RaftClientReply:client-C9E345EC67ED->244f13ac-34be-4c4e-8e45-0c0272edbbb2@group-FE77C852EF02, cid=1751, SUCCESS, logIndex=2507, commits[244f13ac-34be-4c4e-8e45-0c0272edbbb2:c2508, 6287e41a-5356-4f55-84f2-270816d53e84:c2506, a2c18d3d-e79d-47c9-88fe-d8a1d195302b:c2506]
2019-08-23 11:31:35,742 [grpc-default-executor-4] INFO  client.GrpcClientProtocolClient (GrpcClientProtocolClient.java:onNext(255)) - client-C9E345EC67ED->244f13ac-34be-4c4e-8e45-0c0272edbbb2: receive RaftClientReply:client-C9E345EC67ED->244f13ac-34be-4c4e-8e45-0c0272edbbb2@group-FE77C852EF02, cid=1752, SUCCESS, logIndex=2508, commits[244f13ac-34be-4c4e-8e45-0c0272edbbb2:c2508, 6287e41a-5356-4f55-84f2-270816d53e84:c2506, a2c18d3d-e79d-47c9-88fe-d8a1d195302b:c2506]
2019-08-23 11:31:35,742 | INFO  | DNAudit | user=null | ip=null | op=WRITE_CHUNK {blockData=conID: 2 locID: 102666069325906439 bcsId: 0} | ret=SUCCESS |  
2019-08-23 11:31:35,743 | INFO  | DNAudit | user=null | ip=null | op=PUT_BLOCK {blockData=[blockId=conID: 2 locID: 102666069325906439 bcsId: 0,size=2097152]} | ret=SUCCESS |  
2019-08-23 11:31:35,743 [grpc-default-executor-4] INFO  client.GrpcClientProtocolClient (GrpcClientProtocolClient.java:onNext(255)) - client-C9E345EC67ED->244f13ac-34be-4c4e-8e45-0c0272edbbb2: receive RaftClientReply:client-C9E345EC67ED->244f13ac-34be-4c4e-8e45-0c0272edbbb2@group-FE77C852EF02, cid=1753, SUCCESS, logIndex=2509, commits[244f13ac-34be-4c4e-8e45-0c0272edbbb2:c2510, 6287e41a-5356-4f55-84f2-270816d53e84:c2506, a2c18d3d-e79d-47c9-88fe-d8a1d195302b:c2506]
2019-08-23 11:31:35,743 [grpc-default-executor-4] INFO  client.GrpcClientProtocolClient (GrpcClientProtocolClient.java:onNext(255)) - client-C9E345EC67ED->244f13ac-34be-4c4e-8e45-0c0272edbbb2: receive RaftClientReply:client-C9E345EC67ED->244f13ac-34be-4c4e-8e45-0c0272edbbb2@group-FE77C852EF02, cid=1754, SUCCESS, logIndex=2510, commits[244f13ac-34be-4c4e-8e45-0c0272edbbb2:c2510, 6287e41a-5356-4f55-84f2-270816d53e84:c2506, a2c18d3d-e79d-47c9-88fe-d8a1d195302b:c2506]
2019-08-23 11:31:35,743 | INFO  | DNAudit | user=null | ip=null | op=WRITE_CHUNK {blockData=conID: 2 locID: 102666069325906439 bcsId: 0} | ret=SUCCESS |  
2019-08-23 11:31:35,744 | INFO  | DNAudit | user=null | ip=null | op=PUT_BLOCK {blockData=[blockId=conID: 2 locID: 102666069325906439 bcsId: 0,size=1048576]} | ret=SUCCESS |  
2019-08-23 11:31:35,744 | INFO  | DNAudit | user=null | ip=null | op=WRITE_CHUNK {blockData=conID: 2 locID: 102666069325906439 bcsId: 0} | ret=SUCCESS |  
2019-08-23 11:31:35,744 | INFO  | DNAudit | user=null | ip=null | op=PUT_BLOCK {blockData=[blockId=conID: 2 locID: 102666069325906439 bcsId: 0,size=1048576]} | ret=SUCCESS |  
2019-08-23 11:31:35,744 [grpc-default-executor-4] INFO  client.GrpcClientProtocolClient (GrpcClientProtocolClient.java:onNext(255)) - client-C9E345EC67ED->244f13ac-34be-4c4e-8e45-0c0272edbbb2: receive RaftClientReply:client-C9E345EC67ED->244f13ac-34be-4c4e-8e45-0c0272edbbb2@group-FE77C852EF02, cid=1755, SUCCESS, logIndex=0, commits[244f13ac-34be-4c4e-8e45-0c0272edbbb2:c2512, 6287e41a-5356-4f55-84f2-270816d53e84:c2508, a2c18d3d-e79d-47c9-88fe-d8a1d195302b:c2508]
2019-08-23 11:31:35,744 | INFO  | DNAudit | user=null | ip=null | op=WRITE_CHUNK {blockData=conID: 2 locID: 102666069325906439 bcsId: 0} | ret=SUCCESS |  
2019-08-23 11:31:35,745 | INFO  | DNAudit | user=null | ip=null | op=PUT_BLOCK {blockData=[blockId=conID: 2 locID: 102666069325906439 bcsId: 0,size=2097152]} | ret=SUCCESS |  
2019-08-23 11:31:35,745 | INFO  | DNAudit | user=null | ip=null | op=WRITE_CHUNK {blockData=conID: 2 locID: 102666069325906439 bcsId: 0} | ret=SUCCESS |  
2019-08-23 11:31:35,745 | INFO  | DNAudit | user=null | ip=null | op=PUT_BLOCK {blockData=[blockId=conID: 2 locID: 102666069325906439 bcsId: 0,size=2097152]} | ret=SUCCESS |  
2019-08-23 11:31:35,750 | INFO  | DNAudit | user=null | ip=null | op=WRITE_CHUNK {blockData=conID: 2 locID: 102666069325906439 bcsId: 2510} | ret=SUCCESS |  
2019-08-23 11:31:35,751 | INFO  | DNAudit | user=null | ip=null | op=WRITE_CHUNK {blockData=conID: 2 locID: 102666069325906439 bcsId: 2510} | ret=SUCCESS |  
2019-08-23 11:31:35,751 | INFO  | DNAudit | user=null | ip=null | op=WRITE_CHUNK {blockData=conID: 2 locID: 102666069325906439 bcsId: 2510} | ret=SUCCESS |  
2019-08-23 11:31:35,762 | INFO  | DNAudit | user=null | ip=null | op=WRITE_CHUNK {blockData=conID: 2 locID: 102666069325906439 bcsId: 2510} | ret=SUCCESS |  
2019-08-23 11:31:35,762 | INFO  | DNAudit | user=null | ip=null | op=PUT_BLOCK {blockData=[blockId=conID: 2 locID: 102666069325906439 bcsId: 0,size=3145728]} | ret=SUCCESS |  
2019-08-23 11:31:35,762 [grpc-default-executor-1] INFO  client.GrpcClientProtocolClient (GrpcClientProtocolClient.java:onNext(255)) - client-C9E345EC67ED->244f13ac-34be-4c4e-8e45-0c0272edbbb2: receive RaftClientReply:client-C9E345EC67ED->244f13ac-34be-4c4e-8e45-0c0272edbbb2@group-FE77C852EF02, cid=1756, SUCCESS, logIndex=2515, commits[244f13ac-34be-4c4e-8e45-0c0272edbbb2:c2516, 6287e41a-5356-4f55-84f2-270816d53e84:c2514, a2c18d3d-e79d-47c9-88fe-d8a1d195302b:c2514]
2019-08-23 11:31:35,763 [grpc-default-executor-1] INFO  client.GrpcClientProtocolClient (GrpcClientProtocolClient.java:onNext(255)) - client-C9E345EC67ED->244f13ac-34be-4c4e-8e45-0c0272edbbb2: receive RaftClientReply:client-C9E345EC67ED->244f13ac-34be-4c4e-8e45-0c0272edbbb2@group-FE77C852EF02, cid=1757, SUCCESS, logIndex=2516, commits[244f13ac-34be-4c4e-8e45-0c0272edbbb2:c2516, 6287e41a-5356-4f55-84f2-270816d53e84:c2514, a2c18d3d-e79d-47c9-88fe-d8a1d195302b:c2514]
2019-08-23 11:31:35,768 | INFO  | DNAudit | user=null | ip=null | op=WRITE_CHUNK {blockData=conID: 2 locID: 102666069325906439 bcsId: 2516} | ret=SUCCESS |  
2019-08-23 11:31:35,770 | INFO  | DNAudit | user=null | ip=null | op=WRITE_CHUNK {blockData=conID: 2 locID: 102666069325906439 bcsId: 2516} | ret=SUCCESS |  
2019-08-23 11:31:35,770 | INFO  | DNAudit | user=null | ip=null | op=WRITE_CHUNK {blockData=conID: 2 locID: 102666069325906439 bcsId: 2516} | ret=SUCCESS |  
2019-08-23 11:31:35,787 | INFO  | DNAudit | user=null | ip=null | op=WRITE_CHUNK {blockData=conID: 2 locID: 102666069325906439 bcsId: 2510} | ret=SUCCESS |  
2019-08-23 11:31:35,787 | INFO  | DNAudit | user=null | ip=null | op=WRITE_CHUNK {blockData=conID: 2 locID: 102666069325906439 bcsId: 2510} | ret=SUCCESS |  
2019-08-23 11:31:35,787 | INFO  | DNAudit | user=null | ip=null | op=PUT_BLOCK {blockData=[blockId=conID: 2 locID: 102666069325906439 bcsId: 0,size=3145728]} | ret=SUCCESS |  
2019-08-23 11:31:35,787 | INFO  | DNAudit | user=null | ip=null | op=PUT_BLOCK {blockData=[blockId=conID: 2 locID: 102666069325906439 bcsId: 0,size=3145728]} | ret=SUCCESS |  
2019-08-23 11:31:35,789 | INFO  | DNAudit | user=null | ip=null | op=WRITE_CHUNK {blockData=conID: 2 locID: 102666069325906439 bcsId: 2516} | ret=SUCCESS |  
2019-08-23 11:31:35,789 | INFO  | DNAudit | user=null | ip=null | op=PUT_BLOCK {blockData=[blockId=conID: 2 locID: 102666069325906439 bcsId: 0,size=4194304]} | ret=SUCCESS |  
2019-08-23 11:31:35,789 [grpc-default-executor-2] INFO  client.GrpcClientProtocolClient (GrpcClientProtocolClient.java:onNext(255)) - client-C9E345EC67ED->244f13ac-34be-4c4e-8e45-0c0272edbbb2: receive RaftClientReply:client-C9E345EC67ED->244f13ac-34be-4c4e-8e45-0c0272edbbb2@group-FE77C852EF02, cid=1758, SUCCESS, logIndex=2519, commits[244f13ac-34be-4c4e-8e45-0c0272edbbb2:c2520, 6287e41a-5356-4f55-84f2-270816d53e84:c2516, a2c18d3d-e79d-47c9-88fe-d8a1d195302b:c2516]
2019-08-23 11:31:35,790 [grpc-default-executor-2] INFO  client.GrpcClientProtocolClient (GrpcClientProtocolClient.java:onNext(255)) - client-C9E345EC67ED->244f13ac-34be-4c4e-8e45-0c0272edbbb2: receive RaftClientReply:client-C9E345EC67ED->244f13ac-34be-4c4e-8e45-0c0272edbbb2@group-FE77C852EF02, cid=1759, SUCCESS, logIndex=2520, commits[244f13ac-34be-4c4e-8e45-0c0272edbbb2:c2520, 6287e41a-5356-4f55-84f2-270816d53e84:c2516, a2c18d3d-e79d-47c9-88fe-d8a1d195302b:c2516]
2019-08-23 11:31:35,797 | INFO  | DNAudit | user=null | ip=null | op=WRITE_CHUNK {blockData=conID: 2 locID: 102666069325906439 bcsId: 2516} | ret=SUCCESS |  
2019-08-23 11:31:35,914 | INFO  | DNAudit | user=null | ip=null | op=WRITE_CHUNK {blockData=conID: 2 locID: 102666069325906439 bcsId: 2516} | ret=SUCCESS |  
2019-08-23 11:31:35,914 | INFO  | DNAudit | user=null | ip=null | op=PUT_BLOCK {blockData=[blockId=conID: 2 locID: 102666069325906439 bcsId: 0,size=4194304]} | ret=SUCCESS |  
2019-08-23 11:31:35,914 | INFO  | DNAudit | user=null | ip=null | op=PUT_BLOCK {blockData=[blockId=conID: 2 locID: 102666069325906439 bcsId: 0,size=4194304]} | ret=SUCCESS |  
2019-08-23 11:31:35,914 [grpc-default-executor-2] INFO  client.GrpcClientProtocolClient (GrpcClientProtocolClient.java:onNext(255)) - client-C9E345EC67ED->244f13ac-34be-4c4e-8e45-0c0272edbbb2: receive RaftClientReply:client-C9E345EC67ED->244f13ac-34be-4c4e-8e45-0c0272edbbb2@group-FE77C852EF02, cid=1760, SUCCESS, logIndex=0, commits[244f13ac-34be-4c4e-8e45-0c0272edbbb2:c2522, 6287e41a-5356-4f55-84f2-270816d53e84:c2520, a2c18d3d-e79d-47c9-88fe-d8a1d195302b:c2520]
2019-08-23 11:31:35,920 | INFO  | SCMAudit | user=jenkins1000 | ip=192.168.5.185 | op=ALLOCATE_BLOCK {owner=00a23185-76ea-47b5-a641-ad3cfbe5521a, size=4194304, type=RATIS, factor=THREE} | ret=SUCCESS |  
2019-08-23 11:31:35,924 | INFO  | OMAudit | user=jenkins1000 | ip=127.0.0.1 | op=ALLOCATE_BLOCK {volume=vol-0-37508, bucket=bucket-0-50919, key=key-0-57313, dataSize=0, replicationType=null, replicationFactor=null, keyLocationInfo=null, clientID=102666068570931602} | ret=SUCCESS |  
2019-08-23 11:31:35,930 | INFO  | DNAudit | user=null | ip=null | op=WRITE_CHUNK {blockData=conID: 3 locID: 102666069339013640 bcsId: 0} | ret=SUCCESS |  
2019-08-23 11:31:35,932 | INFO  | DNAudit | user=null | ip=null | op=WRITE_CHUNK {blockData=conID: 3 locID: 102666069339013640 bcsId: 0} | ret=SUCCESS |  
2019-08-23 11:31:35,933 | INFO  | DNAudit | user=null | ip=null | op=WRITE_CHUNK {blockData=conID: 3 locID: 102666069339013640 bcsId: 0} | ret=SUCCESS |  
2019-08-23 11:31:35,934 | INFO  | DNAudit | user=null | ip=null | op=WRITE_CHUNK {blockData=conID: 3 locID: 102666069339013640 bcsId: 0} | ret=SUCCESS |  
2019-08-23 11:31:35,935 | INFO  | DNAudit | user=null | ip=null | op=WRITE_CHUNK {blockData=conID: 3 locID: 102666069339013640 bcsId: 0} | ret=SUCCESS |  
2019-08-23 11:31:35,935 | INFO  | DNAudit | user=null | ip=null | op=WRITE_CHUNK {blockData=conID: 3 locID: 102666069339013640 bcsId: 0} | ret=SUCCESS |  
2019-08-23 11:31:35,944 | INFO  | DNAudit | user=null | ip=null | op=WRITE_CHUNK {blockData=conID: 3 locID: 102666069339013640 bcsId: 0} | ret=SUCCESS |  
2019-08-23 11:31:35,945 | INFO  | DNAudit | user=null | ip=null | op=PUT_BLOCK {blockData=[blockId=conID: 3 locID: 102666069339013640 bcsId: 0,size=1048576]} | ret=SUCCESS |  
2019-08-23 11:31:35,945 [grpc-default-executor-2] INFO  client.GrpcClientProtocolClient (GrpcClientProtocolClient.java:onNext(255)) - client-C9E345EC67ED->244f13ac-34be-4c4e-8e45-0c0272edbbb2: receive RaftClientReply:client-C9E345EC67ED->244f13ac-34be-4c4e-8e45-0c0272edbbb2@group-FE77C852EF02, cid=1761, SUCCESS, logIndex=2523, commits[244f13ac-34be-4c4e-8e45-0c0272edbbb2:c2525, 6287e41a-5356-4f55-84f2-270816d53e84:c2522, a2c18d3d-e79d-47c9-88fe-d8a1d195302b:c2522]
2019-08-23 11:31:35,945 | INFO  | DNAudit | user=null | ip=null | op=WRITE_CHUNK {blockData=conID: 3 locID: 102666069339013640 bcsId: 0} | ret=SUCCESS |  
2019-08-23 11:31:35,945 [grpc-default-executor-4] INFO  client.GrpcClientProtocolClient (GrpcClientProtocolClient.java:onNext(255)) - client-C9E345EC67ED->244f13ac-34be-4c4e-8e45-0c0272edbbb2: receive RaftClientReply:client-C9E345EC67ED->244f13ac-34be-4c4e-8e45-0c0272edbbb2@group-FE77C852EF02, cid=1762, SUCCESS, logIndex=2524, commits[244f13ac-34be-4c4e-8e45-0c0272edbbb2:c2526, 6287e41a-5356-4f55-84f2-270816d53e84:c2522, a2c18d3d-e79d-47c9-88fe-d8a1d195302b:c2522]
2019-08-23 11:31:35,946 | INFO  | DNAudit | user=null | ip=null | op=PUT_BLOCK {blockData=[blockId=conID: 3 locID: 102666069339013640 bcsId: 0,size=2097152]} | ret=SUCCESS |  
2019-08-23 11:31:35,946 [grpc-default-executor-4] INFO  client.GrpcClientProtocolClient (GrpcClientProtocolClient.java:onNext(255)) - client-C9E345EC67ED->244f13ac-34be-4c4e-8e45-0c0272edbbb2: receive RaftClientReply:client-C9E345EC67ED->244f13ac-34be-4c4e-8e45-0c0272edbbb2@group-FE77C852EF02, cid=1763, SUCCESS, logIndex=2525, commits[244f13ac-34be-4c4e-8e45-0c0272edbbb2:c2526, 6287e41a-5356-4f55-84f2-270816d53e84:c2522, a2c18d3d-e79d-47c9-88fe-d8a1d195302b:c2522]
2019-08-23 11:31:35,946 [grpc-default-executor-4] INFO  client.GrpcClientProtocolClient (GrpcClientProtocolClient.java:onNext(255)) - client-C9E345EC67ED->244f13ac-34be-4c4e-8e45-0c0272edbbb2: receive RaftClientReply:client-C9E345EC67ED->244f13ac-34be-4c4e-8e45-0c0272edbbb2@group-FE77C852EF02, cid=1764, SUCCESS, logIndex=2526, commits[244f13ac-34be-4c4e-8e45-0c0272edbbb2:c2526, 6287e41a-5356-4f55-84f2-270816d53e84:c2522, a2c18d3d-e79d-47c9-88fe-d8a1d195302b:c2522]
2019-08-23 11:31:35,956 | INFO  | DNAudit | user=null | ip=null | op=WRITE_CHUNK {blockData=conID: 3 locID: 102666069339013640 bcsId: 0} | ret=SUCCESS |  
2019-08-23 11:31:35,956 | INFO  | DNAudit | user=null | ip=null | op=WRITE_CHUNK {blockData=conID: 3 locID: 102666069339013640 bcsId: 0} | ret=SUCCESS |  
2019-08-23 11:31:35,956 | INFO  | DNAudit | user=null | ip=null | op=PUT_BLOCK {blockData=[blockId=conID: 3 locID: 102666069339013640 bcsId: 0,size=1048576]} | ret=SUCCESS |  
2019-08-23 11:31:35,957 | INFO  | DNAudit | user=null | ip=null | op=PUT_BLOCK {blockData=[blockId=conID: 3 locID: 102666069339013640 bcsId: 0,size=1048576]} | ret=SUCCESS |  
2019-08-23 11:31:35,957 | INFO  | DNAudit | user=null | ip=null | op=WRITE_CHUNK {blockData=conID: 3 locID: 102666069339013640 bcsId: 0} | ret=SUCCESS |  
2019-08-23 11:31:35,957 | INFO  | DNAudit | user=null | ip=null | op=WRITE_CHUNK {blockData=conID: 3 locID: 102666069339013640 bcsId: 0} | ret=SUCCESS |  
2019-08-23 11:31:35,957 | INFO  | DNAudit | user=null | ip=null | op=PUT_BLOCK {blockData=[blockId=conID: 3 locID: 102666069339013640 bcsId: 0,size=2097152]} | ret=SUCCESS |  
2019-08-23 11:31:35,957 | INFO  | DNAudit | user=null | ip=null | op=PUT_BLOCK {blockData=[blockId=conID: 3 locID: 102666069339013640 bcsId: 0,size=2097152]} | ret=SUCCESS |  
2019-08-23 11:31:35,958 [grpc-default-executor-4] INFO  client.GrpcClientProtocolClient (GrpcClientProtocolClient.java:onNext(255)) - client-C9E345EC67ED->244f13ac-34be-4c4e-8e45-0c0272edbbb2: receive RaftClientReply:client-C9E345EC67ED->244f13ac-34be-4c4e-8e45-0c0272edbbb2@group-FE77C852EF02, cid=1765, SUCCESS, logIndex=0, commits[244f13ac-34be-4c4e-8e45-0c0272edbbb2:c2528, 6287e41a-5356-4f55-84f2-270816d53e84:c2524, a2c18d3d-e79d-47c9-88fe-d8a1d195302b:c2524]
2019-08-23 11:31:35,964 | INFO  | DNAudit | user=null | ip=null | op=WRITE_CHUNK {blockData=conID: 3 locID: 102666069339013640 bcsId: 2526} | ret=SUCCESS |  
2019-08-23 11:31:35,965 | INFO  | DNAudit | user=null | ip=null | op=WRITE_CHUNK {blockData=conID: 3 locID: 102666069339013640 bcsId: 2526} | ret=SUCCESS |  
2019-08-23 11:31:35,966 | INFO  | DNAudit | user=null | ip=null | op=WRITE_CHUNK {blockData=conID: 3 locID: 102666069339013640 bcsId: 2526} | ret=SUCCESS |  
2019-08-23 11:31:35,978 | INFO  | DNAudit | user=null | ip=null | op=WRITE_CHUNK {blockData=conID: 3 locID: 102666069339013640 bcsId: 2526} | ret=SUCCESS |  
2019-08-23 11:31:35,978 | INFO  | DNAudit | user=null | ip=null | op=PUT_BLOCK {blockData=[blockId=conID: 3 locID: 102666069339013640 bcsId: 0,size=3145728]} | ret=SUCCESS |  
2019-08-23 11:31:35,978 [grpc-default-executor-4] INFO  client.GrpcClientProtocolClient (GrpcClientProtocolClient.java:onNext(255)) - client-C9E345EC67ED->244f13ac-34be-4c4e-8e45-0c0272edbbb2: receive RaftClientReply:client-C9E345EC67ED->244f13ac-34be-4c4e-8e45-0c0272edbbb2@group-FE77C852EF02, cid=1766, SUCCESS, logIndex=2531, commits[244f13ac-34be-4c4e-8e45-0c0272edbbb2:c2532, 6287e41a-5356-4f55-84f2-270816d53e84:c2530, a2c18d3d-e79d-47c9-88fe-d8a1d195302b:c2530]
2019-08-23 11:31:35,979 [grpc-default-executor-4] INFO  client.GrpcClientProtocolClient (GrpcClientProtocolClient.java:onNext(255)) - client-C9E345EC67ED->244f13ac-34be-4c4e-8e45-0c0272edbbb2: receive RaftClientReply:client-C9E345EC67ED->244f13ac-34be-4c4e-8e45-0c0272edbbb2@group-FE77C852EF02, cid=1767, SUCCESS, logIndex=2532, commits[244f13ac-34be-4c4e-8e45-0c0272edbbb2:c2532, 6287e41a-5356-4f55-84f2-270816d53e84:c2530, a2c18d3d-e79d-47c9-88fe-d8a1d195302b:c2530]
2019-08-23 11:31:35,984 | INFO  | DNAudit | user=null | ip=null | op=WRITE_CHUNK {blockData=conID: 3 locID: 102666069339013640 bcsId: 2532} | ret=SUCCESS |  
2019-08-23 11:31:35,986 | INFO  | DNAudit | user=null | ip=null | op=WRITE_CHUNK {blockData=conID: 3 locID: 102666069339013640 bcsId: 2532} | ret=SUCCESS |  
2019-08-23 11:31:35,987 | INFO  | DNAudit | user=null | ip=null | op=WRITE_CHUNK {blockData=conID: 3 locID: 102666069339013640 bcsId: 2532} | ret=SUCCESS |  
2019-08-23 11:31:35,989 | INFO  | DNAudit | user=null | ip=null | op=WRITE_CHUNK {blockData=conID: 3 locID: 102666069339013640 bcsId: 2526} | ret=SUCCESS |  
2019-08-23 11:31:35,989 | INFO  | DNAudit | user=null | ip=null | op=WRITE_CHUNK {blockData=conID: 3 locID: 102666069339013640 bcsId: 2526} | ret=SUCCESS |  
2019-08-23 11:31:35,990 | INFO  | DNAudit | user=null | ip=null | op=PUT_BLOCK {blockData=[blockId=conID: 3 locID: 102666069339013640 bcsId: 0,size=3145728]} | ret=SUCCESS |  
2019-08-23 11:31:35,990 | INFO  | DNAudit | user=null | ip=null | op=PUT_BLOCK {blockData=[blockId=conID: 3 locID: 102666069339013640 bcsId: 0,size=3145728]} | ret=SUCCESS |  
2019-08-23 11:31:35,991 | INFO  | DNAudit | user=null | ip=null | op=WRITE_CHUNK {blockData=conID: 3 locID: 102666069339013640 bcsId: 2532} | ret=SUCCESS |  
2019-08-23 11:31:35,991 | INFO  | DNAudit | user=null | ip=null | op=PUT_BLOCK {blockData=[blockId=conID: 3 locID: 102666069339013640 bcsId: 0,size=4194304]} | ret=SUCCESS |  
2019-08-23 11:31:35,991 [grpc-default-executor-1] INFO  client.GrpcClientProtocolClient (GrpcClientProtocolClient.java:onNext(255)) - client-C9E345EC67ED->244f13ac-34be-4c4e-8e45-0c0272edbbb2: receive RaftClientReply:client-C9E345EC67ED->244f13ac-34be-4c4e-8e45-0c0272edbbb2@group-FE77C852EF02, cid=1768, SUCCESS, logIndex=2535, commits[244f13ac-34be-4c4e-8e45-0c0272edbbb2:c2536, 6287e41a-5356-4f55-84f2-270816d53e84:c2532, a2c18d3d-e79d-47c9-88fe-d8a1d195302b:c2532]
2019-08-23 11:31:35,992 [grpc-default-executor-1] INFO  client.GrpcClientProtocolClient (GrpcClientProtocolClient.java:onNext(255)) - client-C9E345EC67ED->244f13ac-34be-4c4e-8e45-0c0272edbbb2: receive RaftClientReply:client-C9E345EC67ED->244f13ac-34be-4c4e-8e45-0c0272edbbb2@group-FE77C852EF02, cid=1769, SUCCESS, logIndex=2536, commits[244f13ac-34be-4c4e-8e45-0c0272edbbb2:c2536, 6287e41a-5356-4f55-84f2-270816d53e84:c2532, a2c18d3d-e79d-47c9-88fe-d8a1d195302b:c2532]
2019-08-23 11:31:36,002 | INFO  | DNAudit | user=null | ip=null | op=WRITE_CHUNK {blockData=conID: 3 locID: 102666069339013640 bcsId: 2532} | ret=SUCCESS |  
2019-08-23 11:31:36,003 | INFO  | DNAudit | user=null | ip=null | op=WRITE_CHUNK {blockData=conID: 3 locID: 102666069339013640 bcsId: 2532} | ret=SUCCESS |  
2019-08-23 11:31:36,004 | INFO  | DNAudit | user=null | ip=null | op=PUT_BLOCK {blockData=[blockId=conID: 3 locID: 102666069339013640 bcsId: 0,size=4194304]} | ret=SUCCESS |  
2019-08-23 11:31:36,004 | INFO  | DNAudit | user=null | ip=null | op=PUT_BLOCK {blockData=[blockId=conID: 3 locID: 102666069339013640 bcsId: 0,size=4194304]} | ret=SUCCESS |  
2019-08-23 11:31:36,004 [grpc-default-executor-2] INFO  client.GrpcClientProtocolClient (GrpcClientProtocolClient.java:onNext(255)) - client-C9E345EC67ED->244f13ac-34be-4c4e-8e45-0c0272edbbb2: receive RaftClientReply:client-C9E345EC67ED->244f13ac-34be-4c4e-8e45-0c0272edbbb2@group-FE77C852EF02, cid=1770, SUCCESS, logIndex=0, commits[244f13ac-34be-4c4e-8e45-0c0272edbbb2:c2538, 6287e41a-5356-4f55-84f2-270816d53e84:c2536, a2c18d3d-e79d-47c9-88fe-d8a1d195302b:c2536]
2019-08-23 11:31:36,009 | INFO  | SCMAudit | user=jenkins1000 | ip=192.168.5.185 | op=ALLOCATE_BLOCK {owner=00a23185-76ea-47b5-a641-ad3cfbe5521a, size=4194304, type=RATIS, factor=THREE} | ret=SUCCESS |  
2019-08-23 11:31:36,011 | INFO  | OMAudit | user=jenkins1000 | ip=127.0.0.1 | op=ALLOCATE_BLOCK {volume=vol-0-37508, bucket=bucket-0-50919, key=key-0-57313, dataSize=0, replicationType=null, replicationFactor=null, keyLocationInfo=null, clientID=102666068570931602} | ret=SUCCESS |  
2019-08-23 11:31:36,017 | INFO  | DNAudit | user=null | ip=null | op=WRITE_CHUNK {blockData=conID: 1 locID: 102666069344780809 bcsId: 0} | ret=SUCCESS |  
2019-08-23 11:31:36,019 | INFO  | DNAudit | user=null | ip=null | op=WRITE_CHUNK {blockData=conID: 1 locID: 102666069344780809 bcsId: 0} | ret=SUCCESS |  
2019-08-23 11:31:36,020 | INFO  | DNAudit | user=null | ip=null | op=WRITE_CHUNK {blockData=conID: 1 locID: 102666069344780809 bcsId: 0} | ret=SUCCESS |  
2019-08-23 11:31:36,021 | INFO  | DNAudit | user=null | ip=null | op=WRITE_CHUNK {blockData=conID: 1 locID: 102666069344780809 bcsId: 0} | ret=SUCCESS |  
2019-08-23 11:31:36,022 | INFO  | DNAudit | user=null | ip=null | op=WRITE_CHUNK {blockData=conID: 1 locID: 102666069344780809 bcsId: 0} | ret=SUCCESS |  
2019-08-23 11:31:36,022 | INFO  | DNAudit | user=null | ip=null | op=WRITE_CHUNK {blockData=conID: 1 locID: 102666069344780809 bcsId: 0} | ret=SUCCESS |  
2019-08-23 11:31:36,029 | INFO  | DNAudit | user=null | ip=null | op=WRITE_CHUNK {blockData=conID: 1 locID: 102666069344780809 bcsId: 0} | ret=SUCCESS |  
2019-08-23 11:31:36,029 | INFO  | DNAudit | user=null | ip=null | op=PUT_BLOCK {blockData=[blockId=conID: 1 locID: 102666069344780809 bcsId: 0,size=1048576]} | ret=SUCCESS |  
2019-08-23 11:31:36,030 [grpc-default-executor-1] INFO  client.GrpcClientProtocolClient (GrpcClientProtocolClient.java:onNext(255)) - client-C9E345EC67ED->244f13ac-34be-4c4e-8e45-0c0272edbbb2: receive RaftClientReply:client-C9E345EC67ED->244f13ac-34be-4c4e-8e45-0c0272edbbb2@group-FE77C852EF02, cid=1771, SUCCESS, logIndex=2539, commits[244f13ac-34be-4c4e-8e45-0c0272edbbb2:c2542, 6287e41a-5356-4f55-84f2-270816d53e84:c2538, a2c18d3d-e79d-47c9-88fe-d8a1d195302b:c2538]
2019-08-23 11:31:36,030 | INFO  | DNAudit | user=null | ip=null | op=WRITE_CHUNK {blockData=conID: 1 locID: 102666069344780809 bcsId: 0} | ret=SUCCESS |  
2019-08-23 11:31:36,030 [grpc-default-executor-1] INFO  client.GrpcClientProtocolClient (GrpcClientProtocolClient.java:onNext(255)) - client-C9E345EC67ED->244f13ac-34be-4c4e-8e45-0c0272edbbb2: receive RaftClientReply:client-C9E345EC67ED->244f13ac-34be-4c4e-8e45-0c0272edbbb2@group-FE77C852EF02, cid=1772, SUCCESS, logIndex=2540, commits[244f13ac-34be-4c4e-8e45-0c0272edbbb2:c2542, 6287e41a-5356-4f55-84f2-270816d53e84:c2538, a2c18d3d-e79d-47c9-88fe-d8a1d195302b:c2538]
2019-08-23 11:31:36,030 | INFO  | DNAudit | user=null | ip=null | op=PUT_BLOCK {blockData=[blockId=conID: 1 locID: 102666069344780809 bcsId: 0,size=2097152]} | ret=SUCCESS |  
2019-08-23 11:31:36,030 [grpc-default-executor-1] INFO  client.GrpcClientProtocolClient (GrpcClientProtocolClient.java:onNext(255)) - client-C9E345EC67ED->244f13ac-34be-4c4e-8e45-0c0272edbbb2: receive RaftClientReply:client-C9E345EC67ED->244f13ac-34be-4c4e-8e45-0c0272edbbb2@group-FE77C852EF02, cid=1773, SUCCESS, logIndex=2541, commits[244f13ac-34be-4c4e-8e45-0c0272edbbb2:c2542, 6287e41a-5356-4f55-84f2-270816d53e84:c2538, a2c18d3d-e79d-47c9-88fe-d8a1d195302b:c2538]
2019-08-23 11:31:36,030 [grpc-default-executor-1] INFO  client.GrpcClientProtocolClient (GrpcClientProtocolClient.java:onNext(255)) - client-C9E345EC67ED->244f13ac-34be-4c4e-8e45-0c0272edbbb2: receive RaftClientReply:client-C9E345EC67ED->244f13ac-34be-4c4e-8e45-0c0272edbbb2@group-FE77C852EF02, cid=1774, SUCCESS, logIndex=2542, commits[244f13ac-34be-4c4e-8e45-0c0272edbbb2:c2542, 6287e41a-5356-4f55-84f2-270816d53e84:c2538, a2c18d3d-e79d-47c9-88fe-d8a1d195302b:c2538]
2019-08-23 11:31:36,031 | INFO  | DNAudit | user=null | ip=null | op=WRITE_CHUNK {blockData=conID: 1 locID: 102666069344780809 bcsId: 0} | ret=SUCCESS |  
2019-08-23 11:31:36,032 | INFO  | DNAudit | user=null | ip=null | op=PUT_BLOCK {blockData=[blockId=conID: 1 locID: 102666069344780809 bcsId: 0,size=1048576]} | ret=SUCCESS |  
2019-08-23 11:31:36,032 | INFO  | DNAudit | user=null | ip=null | op=WRITE_CHUNK {blockData=conID: 1 locID: 102666069344780809 bcsId: 0} | ret=SUCCESS |  
2019-08-23 11:31:36,032 | INFO  | DNAudit | user=null | ip=null | op=PUT_BLOCK {blockData=[blockId=conID: 1 locID: 102666069344780809 bcsId: 0,size=1048576]} | ret=SUCCESS |  
2019-08-23 11:31:36,032 | INFO  | DNAudit | user=null | ip=null | op=WRITE_CHUNK {blockData=conID: 1 locID: 102666069344780809 bcsId: 0} | ret=SUCCESS |  
2019-08-23 11:31:36,032 [grpc-default-executor-2] INFO  client.GrpcClientProtocolClient (GrpcClientProtocolClient.java:onNext(255)) - client-C9E345EC67ED->244f13ac-34be-4c4e-8e45-0c0272edbbb2: receive RaftClientReply:client-C9E345EC67ED->244f13ac-34be-4c4e-8e45-0c0272edbbb2@group-FE77C852EF02, cid=1775, SUCCESS, logIndex=0, commits[244f13ac-34be-4c4e-8e45-0c0272edbbb2:c2543, 6287e41a-5356-4f55-84f2-270816d53e84:c2540, a2c18d3d-e79d-47c9-88fe-d8a1d195302b:c2540]
2019-08-23 11:31:36,032 | INFO  | DNAudit | user=null | ip=null | op=PUT_BLOCK {blockData=[blockId=conID: 1 locID: 102666069344780809 bcsId: 0,size=2097152]} | ret=SUCCESS |  
2019-08-23 11:31:36,033 | INFO  | DNAudit | user=null | ip=null | op=WRITE_CHUNK {blockData=conID: 1 locID: 102666069344780809 bcsId: 0} | ret=SUCCESS |  
2019-08-23 11:31:36,033 | INFO  | DNAudit | user=null | ip=null | op=PUT_BLOCK {blockData=[blockId=conID: 1 locID: 102666069344780809 bcsId: 0,size=2097152]} | ret=SUCCESS |  
2019-08-23 11:31:36,038 | INFO  | DNAudit | user=null | ip=null | op=WRITE_CHUNK {blockData=conID: 1 locID: 102666069344780809 bcsId: 2542} | ret=SUCCESS |  
2019-08-23 11:31:36,039 | INFO  | DNAudit | user=null | ip=null | op=WRITE_CHUNK {blockData=conID: 1 locID: 102666069344780809 bcsId: 2542} | ret=SUCCESS |  
2019-08-23 11:31:36,039 | INFO  | DNAudit | user=null | ip=null | op=WRITE_CHUNK {blockData=conID: 1 locID: 102666069344780809 bcsId: 2542} | ret=SUCCESS |  
2019-08-23 11:31:36,066 | INFO  | DNAudit | user=null | ip=null | op=WRITE_CHUNK {blockData=conID: 1 locID: 102666069344780809 bcsId: 2542} | ret=SUCCESS |  
2019-08-23 11:31:36,066 | INFO  | DNAudit | user=null | ip=null | op=PUT_BLOCK {blockData=[blockId=conID: 1 locID: 102666069344780809 bcsId: 0,size=3145728]} | ret=SUCCESS |  
2019-08-23 11:31:36,066 [grpc-default-executor-1] INFO  client.GrpcClientProtocolClient (GrpcClientProtocolClient.java:onNext(255)) - client-C9E345EC67ED->244f13ac-34be-4c4e-8e45-0c0272edbbb2: receive RaftClientReply:client-C9E345EC67ED->244f13ac-34be-4c4e-8e45-0c0272edbbb2@group-FE77C852EF02, cid=1776, SUCCESS, logIndex=2547, commits[244f13ac-34be-4c4e-8e45-0c0272edbbb2:c2548, 6287e41a-5356-4f55-84f2-270816d53e84:c2546, a2c18d3d-e79d-47c9-88fe-d8a1d195302b:c2546]
2019-08-23 11:31:36,067 [grpc-default-executor-1] INFO  client.GrpcClientProtocolClient (GrpcClientProtocolClient.java:onNext(255)) - client-C9E345EC67ED->244f13ac-34be-4c4e-8e45-0c0272edbbb2: receive RaftClientReply:client-C9E345EC67ED->244f13ac-34be-4c4e-8e45-0c0272edbbb2@group-FE77C852EF02, cid=1777, SUCCESS, logIndex=2548, commits[244f13ac-34be-4c4e-8e45-0c0272edbbb2:c2548, 6287e41a-5356-4f55-84f2-270816d53e84:c2546, a2c18d3d-e79d-47c9-88fe-d8a1d195302b:c2546]
2019-08-23 11:31:36,075 | INFO  | DNAudit | user=null | ip=null | op=WRITE_CHUNK {blockData=conID: 1 locID: 102666069344780809 bcsId: 2548} | ret=SUCCESS |  
2019-08-23 11:31:36,076 | INFO  | DNAudit | user=null | ip=null | op=WRITE_CHUNK {blockData=conID: 1 locID: 102666069344780809 bcsId: 2548} | ret=SUCCESS |  
2019-08-23 11:31:36,076 | INFO  | DNAudit | user=null | ip=null | op=WRITE_CHUNK {blockData=conID: 1 locID: 102666069344780809 bcsId: 2548} | ret=SUCCESS |  
2019-08-23 11:31:36,078 | INFO  | DNAudit | user=null | ip=null | op=WRITE_CHUNK {blockData=conID: 1 locID: 102666069344780809 bcsId: 2542} | ret=SUCCESS |  
2019-08-23 11:31:36,078 | INFO  | DNAudit | user=null | ip=null | op=WRITE_CHUNK {blockData=conID: 1 locID: 102666069344780809 bcsId: 2542} | ret=SUCCESS |  
2019-08-23 11:31:36,078 | INFO  | DNAudit | user=null | ip=null | op=PUT_BLOCK {blockData=[blockId=conID: 1 locID: 102666069344780809 bcsId: 0,size=3145728]} | ret=SUCCESS |  
2019-08-23 11:31:36,078 | INFO  | DNAudit | user=null | ip=null | op=PUT_BLOCK {blockData=[blockId=conID: 1 locID: 102666069344780809 bcsId: 0,size=3145728]} | ret=SUCCESS |  
2019-08-23 11:31:36,079 | INFO  | DNAudit | user=null | ip=null | op=WRITE_CHUNK {blockData=conID: 1 locID: 102666069344780809 bcsId: 2548} | ret=SUCCESS |  
2019-08-23 11:31:36,079 | INFO  | DNAudit | user=null | ip=null | op=PUT_BLOCK {blockData=[blockId=conID: 1 locID: 102666069344780809 bcsId: 0,size=4194304]} | ret=SUCCESS |  
2019-08-23 11:31:36,080 [grpc-default-executor-2] INFO  client.GrpcClientProtocolClient (GrpcClientProtocolClient.java:onNext(255)) - client-C9E345EC67ED->244f13ac-34be-4c4e-8e45-0c0272edbbb2: receive RaftClientReply:client-C9E345EC67ED->244f13ac-34be-4c4e-8e45-0c0272edbbb2@group-FE77C852EF02, cid=1778, SUCCESS, logIndex=2551, commits[244f13ac-34be-4c4e-8e45-0c0272edbbb2:c2552, 6287e41a-5356-4f55-84f2-270816d53e84:c2548, a2c18d3d-e79d-47c9-88fe-d8a1d195302b:c2548]
2019-08-23 11:31:36,080 [grpc-default-executor-2] INFO  client.GrpcClientProtocolClient (GrpcClientProtocolClient.java:onNext(255)) - client-C9E345EC67ED->244f13ac-34be-4c4e-8e45-0c0272edbbb2: receive RaftClientReply:client-C9E345EC67ED->244f13ac-34be-4c4e-8e45-0c0272edbbb2@group-FE77C852EF02, cid=1779, SUCCESS, logIndex=2552, commits[244f13ac-34be-4c4e-8e45-0c0272edbbb2:c2552, 6287e41a-5356-4f55-84f2-270816d53e84:c2548, a2c18d3d-e79d-47c9-88fe-d8a1d195302b:c2548]
2019-08-23 11:31:36,090 | INFO  | DNAudit | user=null | ip=null | op=WRITE_CHUNK {blockData=conID: 1 locID: 102666069344780809 bcsId: 2548} | ret=SUCCESS |  
2019-08-23 11:31:36,090 | INFO  | DNAudit | user=null | ip=null | op=WRITE_CHUNK {blockData=conID: 1 locID: 102666069344780809 bcsId: 2548} | ret=SUCCESS |  
2019-08-23 11:31:36,091 | INFO  | DNAudit | user=null | ip=null | op=PUT_BLOCK {blockData=[blockId=conID: 1 locID: 102666069344780809 bcsId: 0,size=4194304]} | ret=SUCCESS |  
2019-08-23 11:31:36,091 | INFO  | DNAudit | user=null | ip=null | op=PUT_BLOCK {blockData=[blockId=conID: 1 locID: 102666069344780809 bcsId: 0,size=4194304]} | ret=SUCCESS |  
2019-08-23 11:31:36,091 [grpc-default-executor-2] INFO  client.GrpcClientProtocolClient (GrpcClientProtocolClient.java:onNext(255)) - client-C9E345EC67ED->244f13ac-34be-4c4e-8e45-0c0272edbbb2: receive RaftClientReply:client-C9E345EC67ED->244f13ac-34be-4c4e-8e45-0c0272edbbb2@group-FE77C852EF02, cid=1780, SUCCESS, logIndex=0, commits[244f13ac-34be-4c4e-8e45-0c0272edbbb2:c2553, 6287e41a-5356-4f55-84f2-270816d53e84:c2552, a2c18d3d-e79d-47c9-88fe-d8a1d195302b:c2552]
2019-08-23 11:31:36,097 | INFO  | SCMAudit | user=jenkins1000 | ip=192.168.5.185 | op=ALLOCATE_BLOCK {owner=00a23185-76ea-47b5-a641-ad3cfbe5521a, size=4194304, type=RATIS, factor=THREE} | ret=SUCCESS |  
2019-08-23 11:31:36,100 | INFO  | OMAudit | user=jenkins1000 | ip=127.0.0.1 | op=ALLOCATE_BLOCK {volume=vol-0-37508, bucket=bucket-0-50919, key=key-0-57313, dataSize=0, replicationType=null, replicationFactor=null, keyLocationInfo=null, clientID=102666068570931602} | ret=SUCCESS |  
2019-08-23 11:31:36,107 | INFO  | DNAudit | user=null | ip=null | op=WRITE_CHUNK {blockData=conID: 2 locID: 102666069350613514 bcsId: 0} | ret=SUCCESS |  
2019-08-23 11:31:36,107 | INFO  | DNAudit | user=null | ip=null | op=WRITE_CHUNK {blockData=conID: 2 locID: 102666069350613514 bcsId: 0} | ret=SUCCESS |  
2019-08-23 11:31:36,108 | INFO  | DNAudit | user=null | ip=null | op=WRITE_CHUNK {blockData=conID: 2 locID: 102666069350613514 bcsId: 0} | ret=SUCCESS |  
2019-08-23 11:31:36,108 | INFO  | DNAudit | user=null | ip=null | op=WRITE_CHUNK {blockData=conID: 2 locID: 102666069350613514 bcsId: 0} | ret=SUCCESS |  
2019-08-23 11:31:36,110 | INFO  | DNAudit | user=null | ip=null | op=WRITE_CHUNK {blockData=conID: 2 locID: 102666069350613514 bcsId: 0} | ret=SUCCESS |  
2019-08-23 11:31:36,110 | INFO  | DNAudit | user=null | ip=null | op=WRITE_CHUNK {blockData=conID: 2 locID: 102666069350613514 bcsId: 0} | ret=SUCCESS |  
2019-08-23 11:31:36,116 | INFO  | DNAudit | user=null | ip=null | op=WRITE_CHUNK {blockData=conID: 2 locID: 102666069350613514 bcsId: 0} | ret=SUCCESS |  
2019-08-23 11:31:36,116 | INFO  | DNAudit | user=null | ip=null | op=PUT_BLOCK {blockData=[blockId=conID: 2 locID: 102666069350613514 bcsId: 0,size=1048576]} | ret=SUCCESS |  
2019-08-23 11:31:36,116 [grpc-default-executor-4] INFO  client.GrpcClientProtocolClient (GrpcClientProtocolClient.java:onNext(255)) - client-C9E345EC67ED->244f13ac-34be-4c4e-8e45-0c0272edbbb2: receive RaftClientReply:client-C9E345EC67ED->244f13ac-34be-4c4e-8e45-0c0272edbbb2@group-FE77C852EF02, cid=1781, SUCCESS, logIndex=2555, commits[244f13ac-34be-4c4e-8e45-0c0272edbbb2:c2556, 6287e41a-5356-4f55-84f2-270816d53e84:c2554, a2c18d3d-e79d-47c9-88fe-d8a1d195302b:c2554]
2019-08-23 11:31:36,117 [grpc-default-executor-4] INFO  client.GrpcClientProtocolClient (GrpcClientProtocolClient.java:onNext(255)) - client-C9E345EC67ED->244f13ac-34be-4c4e-8e45-0c0272edbbb2: receive RaftClientReply:client-C9E345EC67ED->244f13ac-34be-4c4e-8e45-0c0272edbbb2@group-FE77C852EF02, cid=1782, SUCCESS, logIndex=2556, commits[244f13ac-34be-4c4e-8e45-0c0272edbbb2:c2556, 6287e41a-5356-4f55-84f2-270816d53e84:c2554, a2c18d3d-e79d-47c9-88fe-d8a1d195302b:c2554]
2019-08-23 11:31:36,118 | INFO  | DNAudit | user=null | ip=null | op=WRITE_CHUNK {blockData=conID: 2 locID: 102666069350613514 bcsId: 0} | ret=SUCCESS |  
2019-08-23 11:31:36,118 | INFO  | DNAudit | user=null | ip=null | op=PUT_BLOCK {blockData=[blockId=conID: 2 locID: 102666069350613514 bcsId: 0,size=2097152]} | ret=SUCCESS |  
2019-08-23 11:31:36,118 [grpc-default-executor-4] INFO  client.GrpcClientProtocolClient (GrpcClientProtocolClient.java:onNext(255)) - client-C9E345EC67ED->244f13ac-34be-4c4e-8e45-0c0272edbbb2: receive RaftClientReply:client-C9E345EC67ED->244f13ac-34be-4c4e-8e45-0c0272edbbb2@group-FE77C852EF02, cid=1783, SUCCESS, logIndex=2557, commits[244f13ac-34be-4c4e-8e45-0c0272edbbb2:c2558, 6287e41a-5356-4f55-84f2-270816d53e84:c2554, a2c18d3d-e79d-47c9-88fe-d8a1d195302b:c2554]
2019-08-23 11:31:36,119 [grpc-default-executor-4] INFO  client.GrpcClientProtocolClient (GrpcClientProtocolClient.java:onNext(255)) - client-C9E345EC67ED->244f13ac-34be-4c4e-8e45-0c0272edbbb2: receive RaftClientReply:client-C9E345EC67ED->244f13ac-34be-4c4e-8e45-0c0272edbbb2@group-FE77C852EF02, cid=1784, SUCCESS, logIndex=2558, commits[244f13ac-34be-4c4e-8e45-0c0272edbbb2:c2558, 6287e41a-5356-4f55-84f2-270816d53e84:c2554, a2c18d3d-e79d-47c9-88fe-d8a1d195302b:c2554]
2019-08-23 11:31:36,119 | INFO  | DNAudit | user=null | ip=null | op=WRITE_CHUNK {blockData=conID: 2 locID: 102666069350613514 bcsId: 0} | ret=SUCCESS |  
2019-08-23 11:31:36,119 | INFO  | DNAudit | user=null | ip=null | op=WRITE_CHUNK {blockData=conID: 2 locID: 102666069350613514 bcsId: 0} | ret=SUCCESS |  
2019-08-23 11:31:36,119 | INFO  | DNAudit | user=null | ip=null | op=PUT_BLOCK {blockData=[blockId=conID: 2 locID: 102666069350613514 bcsId: 0,size=1048576]} | ret=SUCCESS |  
2019-08-23 11:31:36,119 | INFO  | DNAudit | user=null | ip=null | op=PUT_BLOCK {blockData=[blockId=conID: 2 locID: 102666069350613514 bcsId: 0,size=1048576]} | ret=SUCCESS |  
2019-08-23 11:31:36,120 [grpc-default-executor-4] INFO  client.GrpcClientProtocolClient (GrpcClientProtocolClient.java:onNext(255)) - client-C9E345EC67ED->244f13ac-34be-4c4e-8e45-0c0272edbbb2: receive RaftClientReply:client-C9E345EC67ED->244f13ac-34be-4c4e-8e45-0c0272edbbb2@group-FE77C852EF02, cid=1785, SUCCESS, logIndex=0, commits[244f13ac-34be-4c4e-8e45-0c0272edbbb2:c2560, 6287e41a-5356-4f55-84f2-270816d53e84:c2556, a2c18d3d-e79d-47c9-88fe-d8a1d195302b:c2556]
2019-08-23 11:31:36,122 | INFO  | DNAudit | user=null | ip=null | op=WRITE_CHUNK {blockData=conID: 2 locID: 102666069350613514 bcsId: 0} | ret=SUCCESS |  
2019-08-23 11:31:36,122 | INFO  | DNAudit | user=null | ip=null | op=PUT_BLOCK {blockData=[blockId=conID: 2 locID: 102666069350613514 bcsId: 0,size=2097152]} | ret=SUCCESS |  
2019-08-23 11:31:36,122 | INFO  | DNAudit | user=null | ip=null | op=WRITE_CHUNK {blockData=conID: 2 locID: 102666069350613514 bcsId: 0} | ret=SUCCESS |  
2019-08-23 11:31:36,123 | INFO  | DNAudit | user=null | ip=null | op=PUT_BLOCK {blockData=[blockId=conID: 2 locID: 102666069350613514 bcsId: 0,size=2097152]} | ret=SUCCESS |  
2019-08-23 11:31:36,126 | INFO  | DNAudit | user=null | ip=null | op=WRITE_CHUNK {blockData=conID: 2 locID: 102666069350613514 bcsId: 2558} | ret=SUCCESS |  
2019-08-23 11:31:36,127 | INFO  | DNAudit | user=null | ip=null | op=WRITE_CHUNK {blockData=conID: 2 locID: 102666069350613514 bcsId: 2558} | ret=SUCCESS |  
2019-08-23 11:31:36,127 | INFO  | DNAudit | user=null | ip=null | op=WRITE_CHUNK {blockData=conID: 2 locID: 102666069350613514 bcsId: 2558} | ret=SUCCESS |  
2019-08-23 11:31:36,138 | INFO  | DNAudit | user=null | ip=null | op=WRITE_CHUNK {blockData=conID: 2 locID: 102666069350613514 bcsId: 2558} | ret=SUCCESS |  
2019-08-23 11:31:36,139 | INFO  | DNAudit | user=null | ip=null | op=PUT_BLOCK {blockData=[blockId=conID: 2 locID: 102666069350613514 bcsId: 0,size=3145728]} | ret=SUCCESS |  
2019-08-23 11:31:36,139 [grpc-default-executor-1] INFO  client.GrpcClientProtocolClient (GrpcClientProtocolClient.java:onNext(255)) - client-C9E345EC67ED->244f13ac-34be-4c4e-8e45-0c0272edbbb2: receive RaftClientReply:client-C9E345EC67ED->244f13ac-34be-4c4e-8e45-0c0272edbbb2@group-FE77C852EF02, cid=1786, SUCCESS, logIndex=2563, commits[244f13ac-34be-4c4e-8e45-0c0272edbbb2:c2564, 6287e41a-5356-4f55-84f2-270816d53e84:c2562, a2c18d3d-e79d-47c9-88fe-d8a1d195302b:c2562]
2019-08-23 11:31:36,139 [grpc-default-executor-1] INFO  client.GrpcClientProtocolClient (GrpcClientProtocolClient.java:onNext(255)) - client-C9E345EC67ED->244f13ac-34be-4c4e-8e45-0c0272edbbb2: receive RaftClientReply:client-C9E345EC67ED->244f13ac-34be-4c4e-8e45-0c0272edbbb2@group-FE77C852EF02, cid=1787, SUCCESS, logIndex=2564, commits[244f13ac-34be-4c4e-8e45-0c0272edbbb2:c2564, 6287e41a-5356-4f55-84f2-270816d53e84:c2562, a2c18d3d-e79d-47c9-88fe-d8a1d195302b:c2562]
2019-08-23 11:31:36,146 | INFO  | DNAudit | user=null | ip=null | op=WRITE_CHUNK {blockData=conID: 2 locID: 102666069350613514 bcsId: 2564} | ret=SUCCESS |  
2019-08-23 11:31:36,147 | INFO  | DNAudit | user=null | ip=null | op=WRITE_CHUNK {blockData=conID: 2 locID: 102666069350613514 bcsId: 2564} | ret=SUCCESS |  
2019-08-23 11:31:36,147 | INFO  | DNAudit | user=null | ip=null | op=WRITE_CHUNK {blockData=conID: 2 locID: 102666069350613514 bcsId: 2564} | ret=SUCCESS |  
2019-08-23 11:31:36,150 | INFO  | DNAudit | user=null | ip=null | op=WRITE_CHUNK {blockData=conID: 2 locID: 102666069350613514 bcsId: 2558} | ret=SUCCESS |  
2019-08-23 11:31:36,150 | INFO  | DNAudit | user=null | ip=null | op=WRITE_CHUNK {blockData=conID: 2 locID: 102666069350613514 bcsId: 2558} | ret=SUCCESS |  
2019-08-23 11:31:36,150 | INFO  | DNAudit | user=null | ip=null | op=PUT_BLOCK {blockData=[blockId=conID: 2 locID: 102666069350613514 bcsId: 0,size=3145728]} | ret=SUCCESS |  
2019-08-23 11:31:36,150 | INFO  | DNAudit | user=null | ip=null | op=PUT_BLOCK {blockData=[blockId=conID: 2 locID: 102666069350613514 bcsId: 0,size=3145728]} | ret=SUCCESS |  
2019-08-23 11:31:36,151 | INFO  | DNAudit | user=null | ip=null | op=WRITE_CHUNK {blockData=conID: 2 locID: 102666069350613514 bcsId: 2564} | ret=SUCCESS |  
2019-08-23 11:31:36,152 | INFO  | DNAudit | user=null | ip=null | op=PUT_BLOCK {blockData=[blockId=conID: 2 locID: 102666069350613514 bcsId: 0,size=4194304]} | ret=SUCCESS |  
2019-08-23 11:31:36,152 [grpc-default-executor-2] INFO  client.GrpcClientProtocolClient (GrpcClientProtocolClient.java:onNext(255)) - client-C9E345EC67ED->244f13ac-34be-4c4e-8e45-0c0272edbbb2: receive RaftClientReply:client-C9E345EC67ED->244f13ac-34be-4c4e-8e45-0c0272edbbb2@group-FE77C852EF02, cid=1788, SUCCESS, logIndex=2567, commits[244f13ac-34be-4c4e-8e45-0c0272edbbb2:c2568, 6287e41a-5356-4f55-84f2-270816d53e84:c2564, a2c18d3d-e79d-47c9-88fe-d8a1d195302b:c2564]
2019-08-23 11:31:36,152 [grpc-default-executor-2] INFO  client.GrpcClientProtocolClient (GrpcClientProtocolClient.java:onNext(255)) - client-C9E345EC67ED->244f13ac-34be-4c4e-8e45-0c0272edbbb2: receive RaftClientReply:client-C9E345EC67ED->244f13ac-34be-4c4e-8e45-0c0272edbbb2@group-FE77C852EF02, cid=1789, SUCCESS, logIndex=2568, commits[244f13ac-34be-4c4e-8e45-0c0272edbbb2:c2568, 6287e41a-5356-4f55-84f2-270816d53e84:c2564, a2c18d3d-e79d-47c9-88fe-d8a1d195302b:c2564]
2019-08-23 11:31:36,163 | INFO  | DNAudit | user=null | ip=null | op=WRITE_CHUNK {blockData=conID: 2 locID: 102666069350613514 bcsId: 2564} | ret=SUCCESS |  
2019-08-23 11:31:36,163 | INFO  | DNAudit | user=null | ip=null | op=WRITE_CHUNK {blockData=conID: 2 locID: 102666069350613514 bcsId: 2564} | ret=SUCCESS |  
2019-08-23 11:31:36,164 | INFO  | DNAudit | user=null | ip=null | op=PUT_BLOCK {blockData=[blockId=conID: 2 locID: 102666069350613514 bcsId: 0,size=4194304]} | ret=SUCCESS |  
2019-08-23 11:31:36,164 | INFO  | DNAudit | user=null | ip=null | op=PUT_BLOCK {blockData=[blockId=conID: 2 locID: 102666069350613514 bcsId: 0,size=4194304]} | ret=SUCCESS |  
2019-08-23 11:31:36,164 [grpc-default-executor-2] INFO  client.GrpcClientProtocolClient (GrpcClientProtocolClient.java:onNext(255)) - client-C9E345EC67ED->244f13ac-34be-4c4e-8e45-0c0272edbbb2: receive RaftClientReply:client-C9E345EC67ED->244f13ac-34be-4c4e-8e45-0c0272edbbb2@group-FE77C852EF02, cid=1790, SUCCESS, logIndex=0, commits[244f13ac-34be-4c4e-8e45-0c0272edbbb2:c2570, 6287e41a-5356-4f55-84f2-270816d53e84:c2568, a2c18d3d-e79d-47c9-88fe-d8a1d195302b:c2568]
2019-08-23 11:31:36,169 | INFO  | SCMAudit | user=jenkins1000 | ip=192.168.5.185 | op=ALLOCATE_BLOCK {owner=00a23185-76ea-47b5-a641-ad3cfbe5521a, size=4194304, type=RATIS, factor=THREE} | ret=SUCCESS |  
2019-08-23 11:31:36,171 | INFO  | OMAudit | user=jenkins1000 | ip=127.0.0.1 | op=ALLOCATE_BLOCK {volume=vol-0-37508, bucket=bucket-0-50919, key=key-0-57313, dataSize=0, replicationType=null, replicationFactor=null, keyLocationInfo=null, clientID=102666068570931602} | ret=SUCCESS |  
2019-08-23 11:31:36,177 | INFO  | DNAudit | user=null | ip=null | op=WRITE_CHUNK {blockData=conID: 3 locID: 102666069355332107 bcsId: 0} | ret=SUCCESS |  
2019-08-23 11:31:36,179 | INFO  | DNAudit | user=null | ip=null | op=WRITE_CHUNK {blockData=conID: 3 locID: 102666069355332107 bcsId: 0} | ret=SUCCESS |  
2019-08-23 11:31:36,179 | INFO  | DNAudit | user=null | ip=null | op=WRITE_CHUNK {blockData=conID: 3 locID: 102666069355332107 bcsId: 0} | ret=SUCCESS |  
2019-08-23 11:31:36,180 | INFO  | DNAudit | user=null | ip=null | op=WRITE_CHUNK {blockData=conID: 3 locID: 102666069355332107 bcsId: 0} | ret=SUCCESS |  
2019-08-23 11:31:36,181 | INFO  | DNAudit | user=null | ip=null | op=WRITE_CHUNK {blockData=conID: 3 locID: 102666069355332107 bcsId: 0} | ret=SUCCESS |  
2019-08-23 11:31:36,181 | INFO  | DNAudit | user=null | ip=null | op=WRITE_CHUNK {blockData=conID: 3 locID: 102666069355332107 bcsId: 0} | ret=SUCCESS |  
2019-08-23 11:31:36,190 | INFO  | DNAudit | user=null | ip=null | op=WRITE_CHUNK {blockData=conID: 3 locID: 102666069355332107 bcsId: 0} | ret=SUCCESS |  
2019-08-23 11:31:36,190 | INFO  | DNAudit | user=null | ip=null | op=PUT_BLOCK {blockData=[blockId=conID: 3 locID: 102666069355332107 bcsId: 0,size=1048576]} | ret=SUCCESS |  
2019-08-23 11:31:36,191 | INFO  | DNAudit | user=null | ip=null | op=WRITE_CHUNK {blockData=conID: 3 locID: 102666069355332107 bcsId: 0} | ret=SUCCESS |  
2019-08-23 11:31:36,191 [grpc-default-executor-4] INFO  client.GrpcClientProtocolClient (GrpcClientProtocolClient.java:onNext(255)) - client-C9E345EC67ED->244f13ac-34be-4c4e-8e45-0c0272edbbb2: receive RaftClientReply:client-C9E345EC67ED->244f13ac-34be-4c4e-8e45-0c0272edbbb2@group-FE77C852EF02, cid=1791, SUCCESS, logIndex=2571, commits[244f13ac-34be-4c4e-8e45-0c0272edbbb2:c2574, 6287e41a-5356-4f55-84f2-270816d53e84:c2570, a2c18d3d-e79d-47c9-88fe-d8a1d195302b:c2570]
2019-08-23 11:31:36,191 | INFO  | DNAudit | user=null | ip=null | op=PUT_BLOCK {blockData=[blockId=conID: 3 locID: 102666069355332107 bcsId: 0,size=2097152]} | ret=SUCCESS |  
2019-08-23 11:31:36,191 [grpc-default-executor-4] INFO  client.GrpcClientProtocolClient (GrpcClientProtocolClient.java:onNext(255)) - client-C9E345EC67ED->244f13ac-34be-4c4e-8e45-0c0272edbbb2: receive RaftClientReply:client-C9E345EC67ED->244f13ac-34be-4c4e-8e45-0c0272edbbb2@group-FE77C852EF02, cid=1792, SUCCESS, logIndex=2572, commits[244f13ac-34be-4c4e-8e45-0c0272edbbb2:c2574, 6287e41a-5356-4f55-84f2-270816d53e84:c2570, a2c18d3d-e79d-47c9-88fe-d8a1d195302b:c2570]
2019-08-23 11:31:36,191 | INFO  | DNAudit | user=null | ip=null | op=WRITE_CHUNK {blockData=conID: 3 locID: 102666069355332107 bcsId: 0} | ret=SUCCESS |  
2019-08-23 11:31:36,191 [grpc-default-executor-4] INFO  client.GrpcClientProtocolClient (GrpcClientProtocolClient.java:onNext(255)) - client-C9E345EC67ED->244f13ac-34be-4c4e-8e45-0c0272edbbb2: receive RaftClientReply:client-C9E345EC67ED->244f13ac-34be-4c4e-8e45-0c0272edbbb2@group-FE77C852EF02, cid=1793, SUCCESS, logIndex=2573, commits[244f13ac-34be-4c4e-8e45-0c0272edbbb2:c2574, 6287e41a-5356-4f55-84f2-270816d53e84:c2570, a2c18d3d-e79d-47c9-88fe-d8a1d195302b:c2570]
2019-08-23 11:31:36,191 | INFO  | DNAudit | user=null | ip=null | op=PUT_BLOCK {blockData=[blockId=conID: 3 locID: 102666069355332107 bcsId: 0,size=1048576]} | ret=SUCCESS |  
2019-08-23 11:31:36,192 | INFO  | DNAudit | user=null | ip=null | op=WRITE_CHUNK {blockData=conID: 3 locID: 102666069355332107 bcsId: 0} | ret=SUCCESS |  
2019-08-23 11:31:36,192 [grpc-default-executor-4] INFO  client.GrpcClientProtocolClient (GrpcClientProtocolClient.java:onNext(255)) - client-C9E345EC67ED->244f13ac-34be-4c4e-8e45-0c0272edbbb2: receive RaftClientReply:client-C9E345EC67ED->244f13ac-34be-4c4e-8e45-0c0272edbbb2@group-FE77C852EF02, cid=1794, SUCCESS, logIndex=2574, commits[244f13ac-34be-4c4e-8e45-0c0272edbbb2:c2575, 6287e41a-5356-4f55-84f2-270816d53e84:c2572, a2c18d3d-e79d-47c9-88fe-d8a1d195302b:c2570]
2019-08-23 11:31:36,192 | INFO  | DNAudit | user=null | ip=null | op=PUT_BLOCK {blockData=[blockId=conID: 3 locID: 102666069355332107 bcsId: 0,size=1048576]} | ret=SUCCESS |  
2019-08-23 11:31:36,192 | INFO  | DNAudit | user=null | ip=null | op=WRITE_CHUNK {blockData=conID: 3 locID: 102666069355332107 bcsId: 0} | ret=SUCCESS |  
2019-08-23 11:31:36,192 | INFO  | DNAudit | user=null | ip=null | op=PUT_BLOCK {blockData=[blockId=conID: 3 locID: 102666069355332107 bcsId: 0,size=2097152]} | ret=SUCCESS |  
2019-08-23 11:31:36,192 | INFO  | DNAudit | user=null | ip=null | op=WRITE_CHUNK {blockData=conID: 3 locID: 102666069355332107 bcsId: 0} | ret=SUCCESS |  
2019-08-23 11:31:36,193 | INFO  | DNAudit | user=null | ip=null | op=PUT_BLOCK {blockData=[blockId=conID: 3 locID: 102666069355332107 bcsId: 0,size=2097152]} | ret=SUCCESS |  
2019-08-23 11:31:36,192 [grpc-default-executor-2] INFO  client.GrpcClientProtocolClient (GrpcClientProtocolClient.java:onNext(255)) - client-C9E345EC67ED->244f13ac-34be-4c4e-8e45-0c0272edbbb2: receive RaftClientReply:client-C9E345EC67ED->244f13ac-34be-4c4e-8e45-0c0272edbbb2@group-FE77C852EF02, cid=1795, SUCCESS, logIndex=0, commits[244f13ac-34be-4c4e-8e45-0c0272edbbb2:c2578, 6287e41a-5356-4f55-84f2-270816d53e84:c2572, a2c18d3d-e79d-47c9-88fe-d8a1d195302b:c2574]
2019-08-23 11:31:36,197 | INFO  | DNAudit | user=null | ip=null | op=WRITE_CHUNK {blockData=conID: 3 locID: 102666069355332107 bcsId: 2574} | ret=SUCCESS |  
2019-08-23 11:31:36,199 | INFO  | DNAudit | user=null | ip=null | op=WRITE_CHUNK {blockData=conID: 3 locID: 102666069355332107 bcsId: 2574} | ret=SUCCESS |  
2019-08-23 11:31:36,200 | INFO  | DNAudit | user=null | ip=null | op=WRITE_CHUNK {blockData=conID: 3 locID: 102666069355332107 bcsId: 2574} | ret=SUCCESS |  
2019-08-23 11:31:36,210 | INFO  | DNAudit | user=null | ip=null | op=WRITE_CHUNK {blockData=conID: 3 locID: 102666069355332107 bcsId: 2574} | ret=SUCCESS |  
2019-08-23 11:31:36,210 | INFO  | DNAudit | user=null | ip=null | op=PUT_BLOCK {blockData=[blockId=conID: 3 locID: 102666069355332107 bcsId: 0,size=3145728]} | ret=SUCCESS |  
2019-08-23 11:31:36,211 [grpc-default-executor-4] INFO  client.GrpcClientProtocolClient (GrpcClientProtocolClient.java:onNext(255)) - client-C9E345EC67ED->244f13ac-34be-4c4e-8e45-0c0272edbbb2: receive RaftClientReply:client-C9E345EC67ED->244f13ac-34be-4c4e-8e45-0c0272edbbb2@group-FE77C852EF02, cid=1796, SUCCESS, logIndex=2579, commits[244f13ac-34be-4c4e-8e45-0c0272edbbb2:c2580, 6287e41a-5356-4f55-84f2-270816d53e84:c2578, a2c18d3d-e79d-47c9-88fe-d8a1d195302b:c2578]
2019-08-23 11:31:36,211 [grpc-default-executor-4] INFO  client.GrpcClientProtocolClient (GrpcClientProtocolClient.java:onNext(255)) - client-C9E345EC67ED->244f13ac-34be-4c4e-8e45-0c0272edbbb2: receive RaftClientReply:client-C9E345EC67ED->244f13ac-34be-4c4e-8e45-0c0272edbbb2@group-FE77C852EF02, cid=1797, SUCCESS, logIndex=2580, commits[244f13ac-34be-4c4e-8e45-0c0272edbbb2:c2580, 6287e41a-5356-4f55-84f2-270816d53e84:c2578, a2c18d3d-e79d-47c9-88fe-d8a1d195302b:c2578]
2019-08-23 11:31:36,216 | INFO  | DNAudit | user=null | ip=null | op=WRITE_CHUNK {blockData=conID: 3 locID: 102666069355332107 bcsId: 2580} | ret=SUCCESS |  
2019-08-23 11:31:36,218 | INFO  | DNAudit | user=null | ip=null | op=WRITE_CHUNK {blockData=conID: 3 locID: 102666069355332107 bcsId: 2580} | ret=SUCCESS |  
2019-08-23 11:31:36,218 | INFO  | DNAudit | user=null | ip=null | op=WRITE_CHUNK {blockData=conID: 3 locID: 102666069355332107 bcsId: 2580} | ret=SUCCESS |  
2019-08-23 11:31:36,222 | INFO  | DNAudit | user=null | ip=null | op=WRITE_CHUNK {blockData=conID: 3 locID: 102666069355332107 bcsId: 2574} | ret=SUCCESS |  
2019-08-23 11:31:36,222 | INFO  | DNAudit | user=null | ip=null | op=WRITE_CHUNK {blockData=conID: 3 locID: 102666069355332107 bcsId: 2574} | ret=SUCCESS |  
2019-08-23 11:31:36,223 | INFO  | DNAudit | user=null | ip=null | op=PUT_BLOCK {blockData=[blockId=conID: 3 locID: 102666069355332107 bcsId: 0,size=3145728]} | ret=SUCCESS |  
2019-08-23 11:31:36,223 | INFO  | DNAudit | user=null | ip=null | op=PUT_BLOCK {blockData=[blockId=conID: 3 locID: 102666069355332107 bcsId: 0,size=3145728]} | ret=SUCCESS |  
2019-08-23 11:31:36,223 | INFO  | DNAudit | user=null | ip=null | op=WRITE_CHUNK {blockData=conID: 3 locID: 102666069355332107 bcsId: 2580} | ret=SUCCESS |  
2019-08-23 11:31:36,224 | INFO  | DNAudit | user=null | ip=null | op=PUT_BLOCK {blockData=[blockId=conID: 3 locID: 102666069355332107 bcsId: 0,size=4194304]} | ret=SUCCESS |  
2019-08-23 11:31:36,224 [grpc-default-executor-2] INFO  client.GrpcClientProtocolClient (GrpcClientProtocolClient.java:onNext(255)) - client-C9E345EC67ED->244f13ac-34be-4c4e-8e45-0c0272edbbb2: receive RaftClientReply:client-C9E345EC67ED->244f13ac-34be-4c4e-8e45-0c0272edbbb2@group-FE77C852EF02, cid=1798, SUCCESS, logIndex=2583, commits[244f13ac-34be-4c4e-8e45-0c0272edbbb2:c2584, 6287e41a-5356-4f55-84f2-270816d53e84:c2580, a2c18d3d-e79d-47c9-88fe-d8a1d195302b:c2580]
2019-08-23 11:31:36,224 [grpc-default-executor-2] INFO  client.GrpcClientProtocolClient (GrpcClientProtocolClient.java:onNext(255)) - client-C9E345EC67ED->244f13ac-34be-4c4e-8e45-0c0272edbbb2: receive RaftClientReply:client-C9E345EC67ED->244f13ac-34be-4c4e-8e45-0c0272edbbb2@group-FE77C852EF02, cid=1799, SUCCESS, logIndex=2584, commits[244f13ac-34be-4c4e-8e45-0c0272edbbb2:c2584, 6287e41a-5356-4f55-84f2-270816d53e84:c2580, a2c18d3d-e79d-47c9-88fe-d8a1d195302b:c2580]
2019-08-23 11:31:36,235 | INFO  | DNAudit | user=null | ip=null | op=WRITE_CHUNK {blockData=conID: 3 locID: 102666069355332107 bcsId: 2580} | ret=SUCCESS |  
2019-08-23 11:31:36,235 | INFO  | DNAudit | user=null | ip=null | op=WRITE_CHUNK {blockData=conID: 3 locID: 102666069355332107 bcsId: 2580} | ret=SUCCESS |  
2019-08-23 11:31:36,236 | INFO  | DNAudit | user=null | ip=null | op=PUT_BLOCK {blockData=[blockId=conID: 3 locID: 102666069355332107 bcsId: 0,size=4194304]} | ret=SUCCESS |  
2019-08-23 11:31:36,236 | INFO  | DNAudit | user=null | ip=null | op=PUT_BLOCK {blockData=[blockId=conID: 3 locID: 102666069355332107 bcsId: 0,size=4194304]} | ret=SUCCESS |  
2019-08-23 11:31:36,236 [grpc-default-executor-2] INFO  client.GrpcClientProtocolClient (GrpcClientProtocolClient.java:onNext(255)) - client-C9E345EC67ED->244f13ac-34be-4c4e-8e45-0c0272edbbb2: receive RaftClientReply:client-C9E345EC67ED->244f13ac-34be-4c4e-8e45-0c0272edbbb2@group-FE77C852EF02, cid=1800, SUCCESS, logIndex=0, commits[244f13ac-34be-4c4e-8e45-0c0272edbbb2:c2586, 6287e41a-5356-4f55-84f2-270816d53e84:c2584, a2c18d3d-e79d-47c9-88fe-d8a1d195302b:c2584]
2019-08-23 11:31:36,240 | INFO  | SCMAudit | user=jenkins1000 | ip=192.168.5.185 | op=ALLOCATE_BLOCK {owner=00a23185-76ea-47b5-a641-ad3cfbe5521a, size=4194304, type=RATIS, factor=THREE} | ret=SUCCESS |  
2019-08-23 11:31:36,242 | INFO  | OMAudit | user=jenkins1000 | ip=127.0.0.1 | op=ALLOCATE_BLOCK {volume=vol-0-37508, bucket=bucket-0-50919, key=key-0-57313, dataSize=0, replicationType=null, replicationFactor=null, keyLocationInfo=null, clientID=102666068570931602} | ret=SUCCESS |  
2019-08-23 11:31:36,247 | INFO  | DNAudit | user=null | ip=null | op=WRITE_CHUNK {blockData=conID: 1 locID: 102666069359985164 bcsId: 0} | ret=SUCCESS |  
2019-08-23 11:31:36,249 | INFO  | DNAudit | user=null | ip=null | op=WRITE_CHUNK {blockData=conID: 1 locID: 102666069359985164 bcsId: 0} | ret=SUCCESS |  
2019-08-23 11:31:36,249 | INFO  | DNAudit | user=null | ip=null | op=WRITE_CHUNK {blockData=conID: 1 locID: 102666069359985164 bcsId: 0} | ret=SUCCESS |  
2019-08-23 11:31:36,250 | INFO  | DNAudit | user=null | ip=null | op=WRITE_CHUNK {blockData=conID: 1 locID: 102666069359985164 bcsId: 0} | ret=SUCCESS |  
2019-08-23 11:31:36,251 | INFO  | DNAudit | user=null | ip=null | op=WRITE_CHUNK {blockData=conID: 1 locID: 102666069359985164 bcsId: 0} | ret=SUCCESS |  
2019-08-23 11:31:36,251 | INFO  | DNAudit | user=null | ip=null | op=WRITE_CHUNK {blockData=conID: 1 locID: 102666069359985164 bcsId: 0} | ret=SUCCESS |  
2019-08-23 11:31:36,259 | INFO  | DNAudit | user=null | ip=null | op=WRITE_CHUNK {blockData=conID: 1 locID: 102666069359985164 bcsId: 0} | ret=SUCCESS |  
2019-08-23 11:31:36,260 | INFO  | DNAudit | user=null | ip=null | op=PUT_BLOCK {blockData=[blockId=conID: 1 locID: 102666069359985164 bcsId: 0,size=1048576]} | ret=SUCCESS |  
2019-08-23 11:31:36,260 [grpc-default-executor-1] INFO  client.GrpcClientProtocolClient (GrpcClientProtocolClient.java:onNext(255)) - client-C9E345EC67ED->244f13ac-34be-4c4e-8e45-0c0272edbbb2: receive RaftClientReply:client-C9E345EC67ED->244f13ac-34be-4c4e-8e45-0c0272edbbb2@group-FE77C852EF02, cid=1801, SUCCESS, logIndex=2587, commits[244f13ac-34be-4c4e-8e45-0c0272edbbb2:c2588, 6287e41a-5356-4f55-84f2-270816d53e84:c2586, a2c18d3d-e79d-47c9-88fe-d8a1d195302b:c2586]
2019-08-23 11:31:36,260 [grpc-default-executor-1] INFO  client.GrpcClientProtocolClient (GrpcClientProtocolClient.java:onNext(255)) - client-C9E345EC67ED->244f13ac-34be-4c4e-8e45-0c0272edbbb2: receive RaftClientReply:client-C9E345EC67ED->244f13ac-34be-4c4e-8e45-0c0272edbbb2@group-FE77C852EF02, cid=1802, SUCCESS, logIndex=2588, commits[244f13ac-34be-4c4e-8e45-0c0272edbbb2:c2588, 6287e41a-5356-4f55-84f2-270816d53e84:c2586, a2c18d3d-e79d-47c9-88fe-d8a1d195302b:c2586]
2019-08-23 11:31:36,260 | INFO  | DNAudit | user=null | ip=null | op=WRITE_CHUNK {blockData=conID: 1 locID: 102666069359985164 bcsId: 0} | ret=SUCCESS |  
2019-08-23 11:31:36,261 | INFO  | DNAudit | user=null | ip=null | op=PUT_BLOCK {blockData=[blockId=conID: 1 locID: 102666069359985164 bcsId: 0,size=2097152]} | ret=SUCCESS |  
2019-08-23 11:31:36,261 [grpc-default-executor-5] INFO  client.GrpcClientProtocolClient (GrpcClientProtocolClient.java:onNext(255)) - client-C9E345EC67ED->244f13ac-34be-4c4e-8e45-0c0272edbbb2: receive RaftClientReply:client-C9E345EC67ED->244f13ac-34be-4c4e-8e45-0c0272edbbb2@group-FE77C852EF02, cid=1803, SUCCESS, logIndex=2589, commits[244f13ac-34be-4c4e-8e45-0c0272edbbb2:c2590, 6287e41a-5356-4f55-84f2-270816d53e84:c2586, a2c18d3d-e79d-47c9-88fe-d8a1d195302b:c2586]
2019-08-23 11:31:36,261 [grpc-default-executor-5] INFO  client.GrpcClientProtocolClient (GrpcClientProtocolClient.java:onNext(255)) - client-C9E345EC67ED->244f13ac-34be-4c4e-8e45-0c0272edbbb2: receive RaftClientReply:client-C9E345EC67ED->244f13ac-34be-4c4e-8e45-0c0272edbbb2@group-FE77C852EF02, cid=1804, SUCCESS, logIndex=2590, commits[244f13ac-34be-4c4e-8e45-0c0272edbbb2:c2590, 6287e41a-5356-4f55-84f2-270816d53e84:c2586, a2c18d3d-e79d-47c9-88fe-d8a1d195302b:c2586]
2019-08-23 11:31:36,262 | INFO  | DNAudit | user=null | ip=null | op=WRITE_CHUNK {blockData=conID: 1 locID: 102666069359985164 bcsId: 0} | ret=SUCCESS |  
2019-08-23 11:31:36,262 | INFO  | DNAudit | user=null | ip=null | op=WRITE_CHUNK {blockData=conID: 1 locID: 102666069359985164 bcsId: 0} | ret=SUCCESS |  
2019-08-23 11:31:36,262 | INFO  | DNAudit | user=null | ip=null | op=PUT_BLOCK {blockData=[blockId=conID: 1 locID: 102666069359985164 bcsId: 0,size=1048576]} | ret=SUCCESS |  
2019-08-23 11:31:36,262 | INFO  | DNAudit | user=null | ip=null | op=PUT_BLOCK {blockData=[blockId=conID: 1 locID: 102666069359985164 bcsId: 0,size=1048576]} | ret=SUCCESS |  
2019-08-23 11:31:36,262 [grpc-default-executor-5] INFO  client.GrpcClientProtocolClient (GrpcClientProtocolClient.java:onNext(255)) - client-C9E345EC67ED->244f13ac-34be-4c4e-8e45-0c0272edbbb2: receive RaftClientReply:client-C9E345EC67ED->244f13ac-34be-4c4e-8e45-0c0272edbbb2@group-FE77C852EF02, cid=1805, SUCCESS, logIndex=0, commits[244f13ac-34be-4c4e-8e45-0c0272edbbb2:c2592, 6287e41a-5356-4f55-84f2-270816d53e84:c2588, a2c18d3d-e79d-47c9-88fe-d8a1d195302b:c2588]
2019-08-23 11:31:36,264 | INFO  | DNAudit | user=null | ip=null | op=WRITE_CHUNK {blockData=conID: 1 locID: 102666069359985164 bcsId: 0} | ret=SUCCESS |  
2019-08-23 11:31:36,264 | INFO  | DNAudit | user=null | ip=null | op=WRITE_CHUNK {blockData=conID: 1 locID: 102666069359985164 bcsId: 0} | ret=SUCCESS |  
2019-08-23 11:31:36,264 | INFO  | DNAudit | user=null | ip=null | op=PUT_BLOCK {blockData=[blockId=conID: 1 locID: 102666069359985164 bcsId: 0,size=2097152]} | ret=SUCCESS |  
2019-08-23 11:31:36,264 | INFO  | DNAudit | user=null | ip=null | op=PUT_BLOCK {blockData=[blockId=conID: 1 locID: 102666069359985164 bcsId: 0,size=2097152]} | ret=SUCCESS |  
2019-08-23 11:31:36,267 | INFO  | DNAudit | user=null | ip=null | op=WRITE_CHUNK {blockData=conID: 1 locID: 102666069359985164 bcsId: 2590} | ret=SUCCESS |  
2019-08-23 11:31:36,269 | INFO  | DNAudit | user=null | ip=null | op=WRITE_CHUNK {blockData=conID: 1 locID: 102666069359985164 bcsId: 2590} | ret=SUCCESS |  
2019-08-23 11:31:36,270 | INFO  | DNAudit | user=null | ip=null | op=WRITE_CHUNK {blockData=conID: 1 locID: 102666069359985164 bcsId: 2590} | ret=SUCCESS |  
2019-08-23 11:31:36,280 | INFO  | DNAudit | user=null | ip=null | op=WRITE_CHUNK {blockData=conID: 1 locID: 102666069359985164 bcsId: 2590} | ret=SUCCESS |  
2019-08-23 11:31:36,280 | INFO  | DNAudit | user=null | ip=null | op=PUT_BLOCK {blockData=[blockId=conID: 1 locID: 102666069359985164 bcsId: 0,size=3145728]} | ret=SUCCESS |  
2019-08-23 11:31:36,280 [grpc-default-executor-1] INFO  client.GrpcClientProtocolClient (GrpcClientProtocolClient.java:onNext(255)) - client-C9E345EC67ED->244f13ac-34be-4c4e-8e45-0c0272edbbb2: receive RaftClientReply:client-C9E345EC67ED->244f13ac-34be-4c4e-8e45-0c0272edbbb2@group-FE77C852EF02, cid=1806, SUCCESS, logIndex=2595, commits[244f13ac-34be-4c4e-8e45-0c0272edbbb2:c2596, 6287e41a-5356-4f55-84f2-270816d53e84:c2594, a2c18d3d-e79d-47c9-88fe-d8a1d195302b:c2594]
2019-08-23 11:31:36,281 [grpc-default-executor-1] INFO  client.GrpcClientProtocolClient (GrpcClientProtocolClient.java:onNext(255)) - client-C9E345EC67ED->244f13ac-34be-4c4e-8e45-0c0272edbbb2: receive RaftClientReply:client-C9E345EC67ED->244f13ac-34be-4c4e-8e45-0c0272edbbb2@group-FE77C852EF02, cid=1807, SUCCESS, logIndex=2596, commits[244f13ac-34be-4c4e-8e45-0c0272edbbb2:c2596, 6287e41a-5356-4f55-84f2-270816d53e84:c2594, a2c18d3d-e79d-47c9-88fe-d8a1d195302b:c2594]
2019-08-23 11:31:36,282 | INFO  | DNAudit | user=null | ip=null | op=WRITE_CHUNK {blockData=conID: 1 locID: 102666069359985164 bcsId: 2590} | ret=SUCCESS |  
2019-08-23 11:31:36,282 | INFO  | DNAudit | user=null | ip=null | op=WRITE_CHUNK {blockData=conID: 1 locID: 102666069359985164 bcsId: 2590} | ret=SUCCESS |  
2019-08-23 11:31:36,283 | INFO  | DNAudit | user=null | ip=null | op=PUT_BLOCK {blockData=[blockId=conID: 1 locID: 102666069359985164 bcsId: 0,size=3145728]} | ret=SUCCESS |  
2019-08-23 11:31:36,283 | INFO  | DNAudit | user=null | ip=null | op=PUT_BLOCK {blockData=[blockId=conID: 1 locID: 102666069359985164 bcsId: 0,size=3145728]} | ret=SUCCESS |  
2019-08-23 11:31:36,285 | INFO  | DNAudit | user=null | ip=null | op=WRITE_CHUNK {blockData=conID: 1 locID: 102666069359985164 bcsId: 2596} | ret=SUCCESS |  
2019-08-23 11:31:36,287 | INFO  | DNAudit | user=null | ip=null | op=WRITE_CHUNK {blockData=conID: 1 locID: 102666069359985164 bcsId: 2596} | ret=SUCCESS |  
2019-08-23 11:31:36,287 | INFO  | DNAudit | user=null | ip=null | op=WRITE_CHUNK {blockData=conID: 1 locID: 102666069359985164 bcsId: 2596} | ret=SUCCESS |  
2019-08-23 11:31:36,303 | INFO  | DNAudit | user=null | ip=null | op=WRITE_CHUNK {blockData=conID: 1 locID: 102666069359985164 bcsId: 2596} | ret=SUCCESS |  
2019-08-23 11:31:36,304 | INFO  | DNAudit | user=null | ip=null | op=PUT_BLOCK {blockData=[blockId=conID: 1 locID: 102666069359985164 bcsId: 0,size=4194304]} | ret=SUCCESS |  
2019-08-23 11:31:36,304 [grpc-default-executor-1] INFO  client.GrpcClientProtocolClient (GrpcClientProtocolClient.java:onNext(255)) - client-C9E345EC67ED->244f13ac-34be-4c4e-8e45-0c0272edbbb2: receive RaftClientReply:client-C9E345EC67ED->244f13ac-34be-4c4e-8e45-0c0272edbbb2@group-FE77C852EF02, cid=1808, SUCCESS, logIndex=2599, commits[244f13ac-34be-4c4e-8e45-0c0272edbbb2:c2600, 6287e41a-5356-4f55-84f2-270816d53e84:c2598, a2c18d3d-e79d-47c9-88fe-d8a1d195302b:c2598]
2019-08-23 11:31:36,304 [grpc-default-executor-1] INFO  client.GrpcClientProtocolClient (GrpcClientProtocolClient.java:onNext(255)) - client-C9E345EC67ED->244f13ac-34be-4c4e-8e45-0c0272edbbb2: receive RaftClientReply:client-C9E345EC67ED->244f13ac-34be-4c4e-8e45-0c0272edbbb2@group-FE77C852EF02, cid=1809, SUCCESS, logIndex=2600, commits[244f13ac-34be-4c4e-8e45-0c0272edbbb2:c2600, 6287e41a-5356-4f55-84f2-270816d53e84:c2598, a2c18d3d-e79d-47c9-88fe-d8a1d195302b:c2598]
2019-08-23 11:31:36,315 | INFO  | DNAudit | user=null | ip=null | op=WRITE_CHUNK {blockData=conID: 1 locID: 102666069359985164 bcsId: 2596} | ret=SUCCESS |  
2019-08-23 11:31:36,315 | INFO  | DNAudit | user=null | ip=null | op=WRITE_CHUNK {blockData=conID: 1 locID: 102666069359985164 bcsId: 2596} | ret=SUCCESS |  
2019-08-23 11:31:36,316 | INFO  | DNAudit | user=null | ip=null | op=PUT_BLOCK {blockData=[blockId=conID: 1 locID: 102666069359985164 bcsId: 0,size=4194304]} | ret=SUCCESS |  
2019-08-23 11:31:36,316 | INFO  | DNAudit | user=null | ip=null | op=PUT_BLOCK {blockData=[blockId=conID: 1 locID: 102666069359985164 bcsId: 0,size=4194304]} | ret=SUCCESS |  
2019-08-23 11:31:36,316 [grpc-default-executor-1] INFO  client.GrpcClientProtocolClient (GrpcClientProtocolClient.java:onNext(255)) - client-C9E345EC67ED->244f13ac-34be-4c4e-8e45-0c0272edbbb2: receive RaftClientReply:client-C9E345EC67ED->244f13ac-34be-4c4e-8e45-0c0272edbbb2@group-FE77C852EF02, cid=1810, SUCCESS, logIndex=0, commits[244f13ac-34be-4c4e-8e45-0c0272edbbb2:c2602, 6287e41a-5356-4f55-84f2-270816d53e84:c2600, a2c18d3d-e79d-47c9-88fe-d8a1d195302b:c2600]
2019-08-23 11:31:36,322 | INFO  | SCMAudit | user=jenkins1000 | ip=192.168.5.185 | op=ALLOCATE_BLOCK {owner=00a23185-76ea-47b5-a641-ad3cfbe5521a, size=4194304, type=RATIS, factor=THREE} | ret=SUCCESS |  
2019-08-23 11:31:36,325 | INFO  | OMAudit | user=jenkins1000 | ip=127.0.0.1 | op=ALLOCATE_BLOCK {volume=vol-0-37508, bucket=bucket-0-50919, key=key-0-57313, dataSize=0, replicationType=null, replicationFactor=null, keyLocationInfo=null, clientID=102666068570931602} | ret=SUCCESS |  
2019-08-23 11:31:36,331 | INFO  | DNAudit | user=null | ip=null | op=WRITE_CHUNK {blockData=conID: 2 locID: 102666069365293581 bcsId: 0} | ret=SUCCESS |  
2019-08-23 11:31:36,332 | INFO  | DNAudit | user=null | ip=null | op=WRITE_CHUNK {blockData=conID: 2 locID: 102666069365293581 bcsId: 0} | ret=SUCCESS |  
2019-08-23 11:31:36,333 | INFO  | DNAudit | user=null | ip=null | op=WRITE_CHUNK {blockData=conID: 2 locID: 102666069365293581 bcsId: 0} | ret=SUCCESS |  
2019-08-23 11:31:36,333 | INFO  | DNAudit | user=null | ip=null | op=WRITE_CHUNK {blockData=conID: 2 locID: 102666069365293581 bcsId: 0} | ret=SUCCESS |  
2019-08-23 11:31:36,334 | INFO  | DNAudit | user=null | ip=null | op=WRITE_CHUNK {blockData=conID: 2 locID: 102666069365293581 bcsId: 0} | ret=SUCCESS |  
2019-08-23 11:31:36,335 | INFO  | DNAudit | user=null | ip=null | op=WRITE_CHUNK {blockData=conID: 2 locID: 102666069365293581 bcsId: 0} | ret=SUCCESS |  
2019-08-23 11:31:36,356 | INFO  | DNAudit | user=null | ip=null | op=WRITE_CHUNK {blockData=conID: 2 locID: 102666069365293581 bcsId: 0} | ret=SUCCESS |  
2019-08-23 11:31:36,356 | INFO  | DNAudit | user=null | ip=null | op=PUT_BLOCK {blockData=[blockId=conID: 2 locID: 102666069365293581 bcsId: 0,size=1048576]} | ret=SUCCESS |  
2019-08-23 11:31:36,356 [grpc-default-executor-5] INFO  client.GrpcClientProtocolClient (GrpcClientProtocolClient.java:onNext(255)) - client-C9E345EC67ED->244f13ac-34be-4c4e-8e45-0c0272edbbb2: receive RaftClientReply:client-C9E345EC67ED->244f13ac-34be-4c4e-8e45-0c0272edbbb2@group-FE77C852EF02, cid=1811, SUCCESS, logIndex=2603, commits[244f13ac-34be-4c4e-8e45-0c0272edbbb2:c2604, 6287e41a-5356-4f55-84f2-270816d53e84:c2602, a2c18d3d-e79d-47c9-88fe-d8a1d195302b:c2602]
2019-08-23 11:31:36,356 | INFO  | DNAudit | user=null | ip=null | op=WRITE_CHUNK {blockData=conID: 2 locID: 102666069365293581 bcsId: 0} | ret=SUCCESS |  
2019-08-23 11:31:36,357 [grpc-default-executor-2] INFO  client.GrpcClientProtocolClient (GrpcClientProtocolClient.java:onNext(255)) - client-C9E345EC67ED->244f13ac-34be-4c4e-8e45-0c0272edbbb2: receive RaftClientReply:client-C9E345EC67ED->244f13ac-34be-4c4e-8e45-0c0272edbbb2@group-FE77C852EF02, cid=1812, SUCCESS, logIndex=2604, commits[244f13ac-34be-4c4e-8e45-0c0272edbbb2:c2604, 6287e41a-5356-4f55-84f2-270816d53e84:c2602, a2c18d3d-e79d-47c9-88fe-d8a1d195302b:c2602]
2019-08-23 11:31:36,357 | INFO  | DNAudit | user=null | ip=null | op=PUT_BLOCK {blockData=[blockId=conID: 2 locID: 102666069365293581 bcsId: 0,size=2097152]} | ret=SUCCESS |  
2019-08-23 11:31:36,357 [grpc-default-executor-2] INFO  client.GrpcClientProtocolClient (GrpcClientProtocolClient.java:onNext(255)) - client-C9E345EC67ED->244f13ac-34be-4c4e-8e45-0c0272edbbb2: receive RaftClientReply:client-C9E345EC67ED->244f13ac-34be-4c4e-8e45-0c0272edbbb2@group-FE77C852EF02, cid=1813, SUCCESS, logIndex=2605, commits[244f13ac-34be-4c4e-8e45-0c0272edbbb2:c2606, 6287e41a-5356-4f55-84f2-270816d53e84:c2602, a2c18d3d-e79d-47c9-88fe-d8a1d195302b:c2602]
2019-08-23 11:31:36,357 | INFO  | DNAudit | user=null | ip=null | op=WRITE_CHUNK {blockData=conID: 2 locID: 102666069365293581 bcsId: 0} | ret=SUCCESS |  
2019-08-23 11:31:36,357 | INFO  | DNAudit | user=null | ip=null | op=WRITE_CHUNK {blockData=conID: 2 locID: 102666069365293581 bcsId: 0} | ret=SUCCESS |  
2019-08-23 11:31:36,358 | INFO  | DNAudit | user=null | ip=null | op=PUT_BLOCK {blockData=[blockId=conID: 2 locID: 102666069365293581 bcsId: 0,size=1048576]} | ret=SUCCESS |  
2019-08-23 11:31:36,358 | INFO  | DNAudit | user=null | ip=null | op=PUT_BLOCK {blockData=[blockId=conID: 2 locID: 102666069365293581 bcsId: 0,size=1048576]} | ret=SUCCESS |  
2019-08-23 11:31:36,358 [grpc-default-executor-2] INFO  client.GrpcClientProtocolClient (GrpcClientProtocolClient.java:onNext(255)) - client-C9E345EC67ED->244f13ac-34be-4c4e-8e45-0c0272edbbb2: receive RaftClientReply:client-C9E345EC67ED->244f13ac-34be-4c4e-8e45-0c0272edbbb2@group-FE77C852EF02, cid=1814, SUCCESS, logIndex=2606, commits[244f13ac-34be-4c4e-8e45-0c0272edbbb2:c2606, 6287e41a-5356-4f55-84f2-270816d53e84:c2602, a2c18d3d-e79d-47c9-88fe-d8a1d195302b:c2602]
2019-08-23 11:31:36,358 | INFO  | DNAudit | user=null | ip=null | op=WRITE_CHUNK {blockData=conID: 2 locID: 102666069365293581 bcsId: 0} | ret=SUCCESS |  
2019-08-23 11:31:36,359 | INFO  | DNAudit | user=null | ip=null | op=WRITE_CHUNK {blockData=conID: 2 locID: 102666069365293581 bcsId: 0} | ret=SUCCESS |  
2019-08-23 11:31:36,359 [grpc-default-executor-5] INFO  client.GrpcClientProtocolClient (GrpcClientProtocolClient.java:onNext(255)) - client-C9E345EC67ED->244f13ac-34be-4c4e-8e45-0c0272edbbb2: receive RaftClientReply:client-C9E345EC67ED->244f13ac-34be-4c4e-8e45-0c0272edbbb2@group-FE77C852EF02, cid=1815, SUCCESS, logIndex=0, commits[244f13ac-34be-4c4e-8e45-0c0272edbbb2:c2608, 6287e41a-5356-4f55-84f2-270816d53e84:c2604, a2c18d3d-e79d-47c9-88fe-d8a1d195302b:c2604]
2019-08-23 11:31:36,359 | INFO  | DNAudit | user=null | ip=null | op=PUT_BLOCK {blockData=[blockId=conID: 2 locID: 102666069365293581 bcsId: 0,size=2097152]} | ret=SUCCESS |  
2019-08-23 11:31:36,359 | INFO  | DNAudit | user=null | ip=null | op=PUT_BLOCK {blockData=[blockId=conID: 2 locID: 102666069365293581 bcsId: 0,size=2097152]} | ret=SUCCESS |  
2019-08-23 11:31:36,364 | INFO  | DNAudit | user=null | ip=null | op=WRITE_CHUNK {blockData=conID: 2 locID: 102666069365293581 bcsId: 2606} | ret=SUCCESS |  
2019-08-23 11:31:36,365 | INFO  | DNAudit | user=null | ip=null | op=WRITE_CHUNK {blockData=conID: 2 locID: 102666069365293581 bcsId: 2606} | ret=SUCCESS |  
2019-08-23 11:31:36,365 | INFO  | DNAudit | user=null | ip=null | op=WRITE_CHUNK {blockData=conID: 2 locID: 102666069365293581 bcsId: 2606} | ret=SUCCESS |  
2019-08-23 11:31:36,376 | INFO  | DNAudit | user=null | ip=null | op=WRITE_CHUNK {blockData=conID: 2 locID: 102666069365293581 bcsId: 2606} | ret=SUCCESS |  
2019-08-23 11:31:36,376 | INFO  | DNAudit | user=null | ip=null | op=PUT_BLOCK {blockData=[blockId=conID: 2 locID: 102666069365293581 bcsId: 0,size=3145728]} | ret=SUCCESS |  
2019-08-23 11:31:36,376 [grpc-default-executor-2] INFO  client.GrpcClientProtocolClient (GrpcClientProtocolClient.java:onNext(255)) - client-C9E345EC67ED->244f13ac-34be-4c4e-8e45-0c0272edbbb2: receive RaftClientReply:client-C9E345EC67ED->244f13ac-34be-4c4e-8e45-0c0272edbbb2@group-FE77C852EF02, cid=1816, SUCCESS, logIndex=2611, commits[244f13ac-34be-4c4e-8e45-0c0272edbbb2:c2612, 6287e41a-5356-4f55-84f2-270816d53e84:c2610, a2c18d3d-e79d-47c9-88fe-d8a1d195302b:c2610]
2019-08-23 11:31:36,377 [grpc-default-executor-2] INFO  client.GrpcClientProtocolClient (GrpcClientProtocolClient.java:onNext(255)) - client-C9E345EC67ED->244f13ac-34be-4c4e-8e45-0c0272edbbb2: receive RaftClientReply:client-C9E345EC67ED->244f13ac-34be-4c4e-8e45-0c0272edbbb2@group-FE77C852EF02, cid=1817, SUCCESS, logIndex=2612, commits[244f13ac-34be-4c4e-8e45-0c0272edbbb2:c2612, 6287e41a-5356-4f55-84f2-270816d53e84:c2610, a2c18d3d-e79d-47c9-88fe-d8a1d195302b:c2610]
2019-08-23 11:31:36,382 | INFO  | DNAudit | user=null | ip=null | op=WRITE_CHUNK {blockData=conID: 2 locID: 102666069365293581 bcsId: 2612} | ret=SUCCESS |  
2019-08-23 11:31:36,383 | INFO  | DNAudit | user=null | ip=null | op=WRITE_CHUNK {blockData=conID: 2 locID: 102666069365293581 bcsId: 2612} | ret=SUCCESS |  
2019-08-23 11:31:36,383 | INFO  | DNAudit | user=null | ip=null | op=WRITE_CHUNK {blockData=conID: 2 locID: 102666069365293581 bcsId: 2612} | ret=SUCCESS |  
2019-08-23 11:31:36,387 | INFO  | DNAudit | user=null | ip=null | op=WRITE_CHUNK {blockData=conID: 2 locID: 102666069365293581 bcsId: 2606} | ret=SUCCESS |  
2019-08-23 11:31:36,387 | INFO  | DNAudit | user=null | ip=null | op=WRITE_CHUNK {blockData=conID: 2 locID: 102666069365293581 bcsId: 2606} | ret=SUCCESS |  
2019-08-23 11:31:36,388 | INFO  | DNAudit | user=null | ip=null | op=PUT_BLOCK {blockData=[blockId=conID: 2 locID: 102666069365293581 bcsId: 0,size=3145728]} | ret=SUCCESS |  
2019-08-23 11:31:36,388 | INFO  | DNAudit | user=null | ip=null | op=PUT_BLOCK {blockData=[blockId=conID: 2 locID: 102666069365293581 bcsId: 0,size=3145728]} | ret=SUCCESS |  
2019-08-23 11:31:36,389 | INFO  | DNAudit | user=null | ip=null | op=WRITE_CHUNK {blockData=conID: 2 locID: 102666069365293581 bcsId: 2612} | ret=SUCCESS |  
2019-08-23 11:31:36,389 | INFO  | DNAudit | user=null | ip=null | op=PUT_BLOCK {blockData=[blockId=conID: 2 locID: 102666069365293581 bcsId: 0,size=4194304]} | ret=SUCCESS |  
2019-08-23 11:31:36,389 [grpc-default-executor-2] INFO  client.GrpcClientProtocolClient (GrpcClientProtocolClient.java:onNext(255)) - client-C9E345EC67ED->244f13ac-34be-4c4e-8e45-0c0272edbbb2: receive RaftClientReply:client-C9E345EC67ED->244f13ac-34be-4c4e-8e45-0c0272edbbb2@group-FE77C852EF02, cid=1818, SUCCESS, logIndex=2615, commits[244f13ac-34be-4c4e-8e45-0c0272edbbb2:c2616, 6287e41a-5356-4f55-84f2-270816d53e84:c2612, a2c18d3d-e79d-47c9-88fe-d8a1d195302b:c2612]
2019-08-23 11:31:36,390 [grpc-default-executor-2] INFO  client.GrpcClientProtocolClient (GrpcClientProtocolClient.java:onNext(255)) - client-C9E345EC67ED->244f13ac-34be-4c4e-8e45-0c0272edbbb2: receive RaftClientReply:client-C9E345EC67ED->244f13ac-34be-4c4e-8e45-0c0272edbbb2@group-FE77C852EF02, cid=1819, SUCCESS, logIndex=2616, commits[244f13ac-34be-4c4e-8e45-0c0272edbbb2:c2616, 6287e41a-5356-4f55-84f2-270816d53e84:c2612, a2c18d3d-e79d-47c9-88fe-d8a1d195302b:c2612]
2019-08-23 11:31:36,400 | INFO  | DNAudit | user=null | ip=null | op=WRITE_CHUNK {blockData=conID: 2 locID: 102666069365293581 bcsId: 2612} | ret=SUCCESS |  
2019-08-23 11:31:36,400 | INFO  | DNAudit | user=null | ip=null | op=WRITE_CHUNK {blockData=conID: 2 locID: 102666069365293581 bcsId: 2612} | ret=SUCCESS |  
2019-08-23 11:31:36,402 | INFO  | DNAudit | user=null | ip=null | op=PUT_BLOCK {blockData=[blockId=conID: 2 locID: 102666069365293581 bcsId: 0,size=4194304]} | ret=SUCCESS |  
2019-08-23 11:31:36,402 | INFO  | DNAudit | user=null | ip=null | op=PUT_BLOCK {blockData=[blockId=conID: 2 locID: 102666069365293581 bcsId: 0,size=4194304]} | ret=SUCCESS |  
2019-08-23 11:31:36,402 [grpc-default-executor-5] INFO  client.GrpcClientProtocolClient (GrpcClientProtocolClient.java:onNext(255)) - client-C9E345EC67ED->244f13ac-34be-4c4e-8e45-0c0272edbbb2: receive RaftClientReply:client-C9E345EC67ED->244f13ac-34be-4c4e-8e45-0c0272edbbb2@group-FE77C852EF02, cid=1820, SUCCESS, logIndex=0, commits[244f13ac-34be-4c4e-8e45-0c0272edbbb2:c2618, 6287e41a-5356-4f55-84f2-270816d53e84:c2616, a2c18d3d-e79d-47c9-88fe-d8a1d195302b:c2616]
2019-08-23 11:31:36,406 | INFO  | SCMAudit | user=jenkins1000 | ip=192.168.5.185 | op=ALLOCATE_BLOCK {owner=00a23185-76ea-47b5-a641-ad3cfbe5521a, size=4194304, type=RATIS, factor=THREE} | ret=SUCCESS |  
2019-08-23 11:31:36,408 | INFO  | OMAudit | user=jenkins1000 | ip=127.0.0.1 | op=ALLOCATE_BLOCK {volume=vol-0-37508, bucket=bucket-0-50919, key=key-0-57313, dataSize=0, replicationType=null, replicationFactor=null, keyLocationInfo=null, clientID=102666068570931602} | ret=SUCCESS |  
2019-08-23 11:31:36,413 | INFO  | DNAudit | user=null | ip=null | op=WRITE_CHUNK {blockData=conID: 3 locID: 102666069370798606 bcsId: 0} | ret=SUCCESS |  
2019-08-23 11:31:36,416 | INFO  | DNAudit | user=null | ip=null | op=WRITE_CHUNK {blockData=conID: 3 locID: 102666069370798606 bcsId: 0} | ret=SUCCESS |  
2019-08-23 11:31:36,416 | INFO  | DNAudit | user=null | ip=null | op=WRITE_CHUNK {blockData=conID: 3 locID: 102666069370798606 bcsId: 0} | ret=SUCCESS |  
2019-08-23 11:31:36,416 | INFO  | DNAudit | user=null | ip=null | op=WRITE_CHUNK {blockData=conID: 3 locID: 102666069370798606 bcsId: 0} | ret=SUCCESS |  
2019-08-23 11:31:36,417 | INFO  | DNAudit | user=null | ip=null | op=WRITE_CHUNK {blockData=conID: 3 locID: 102666069370798606 bcsId: 0} | ret=SUCCESS |  
2019-08-23 11:31:36,417 | INFO  | DNAudit | user=null | ip=null | op=WRITE_CHUNK {blockData=conID: 3 locID: 102666069370798606 bcsId: 0} | ret=SUCCESS |  
2019-08-23 11:31:36,425 | INFO  | DNAudit | user=null | ip=null | op=WRITE_CHUNK {blockData=conID: 3 locID: 102666069370798606 bcsId: 0} | ret=SUCCESS |  
2019-08-23 11:31:36,426 | INFO  | DNAudit | user=null | ip=null | op=PUT_BLOCK {blockData=[blockId=conID: 3 locID: 102666069370798606 bcsId: 0,size=1048576]} | ret=SUCCESS |  
2019-08-23 11:31:36,426 [grpc-default-executor-5] INFO  client.GrpcClientProtocolClient (GrpcClientProtocolClient.java:onNext(255)) - client-C9E345EC67ED->244f13ac-34be-4c4e-8e45-0c0272edbbb2: receive RaftClientReply:client-C9E345EC67ED->244f13ac-34be-4c4e-8e45-0c0272edbbb2@group-FE77C852EF02, cid=1821, SUCCESS, logIndex=2619, commits[244f13ac-34be-4c4e-8e45-0c0272edbbb2:c2621, 6287e41a-5356-4f55-84f2-270816d53e84:c2618, a2c18d3d-e79d-47c9-88fe-d8a1d195302b:c2618]
2019-08-23 11:31:36,426 | INFO  | DNAudit | user=null | ip=null | op=WRITE_CHUNK {blockData=conID: 3 locID: 102666069370798606 bcsId: 0} | ret=SUCCESS |  
2019-08-23 11:31:36,427 | INFO  | DNAudit | user=null | ip=null | op=WRITE_CHUNK {blockData=conID: 3 locID: 102666069370798606 bcsId: 0} | ret=SUCCESS |  
2019-08-23 11:31:36,427 | INFO  | DNAudit | user=null | ip=null | op=PUT_BLOCK {blockData=[blockId=conID: 3 locID: 102666069370798606 bcsId: 0,size=2097152]} | ret=SUCCESS |  
2019-08-23 11:31:36,427 | INFO  | DNAudit | user=null | ip=null | op=WRITE_CHUNK {blockData=conID: 3 locID: 102666069370798606 bcsId: 0} | ret=SUCCESS |  
2019-08-23 11:31:36,427 [grpc-default-executor-5] INFO  client.GrpcClientProtocolClient (GrpcClientProtocolClient.java:onNext(255)) - client-C9E345EC67ED->244f13ac-34be-4c4e-8e45-0c0272edbbb2: receive RaftClientReply:client-C9E345EC67ED->244f13ac-34be-4c4e-8e45-0c0272edbbb2@group-FE77C852EF02, cid=1822, SUCCESS, logIndex=2620, commits[244f13ac-34be-4c4e-8e45-0c0272edbbb2:c2622, 6287e41a-5356-4f55-84f2-270816d53e84:c2618, a2c18d3d-e79d-47c9-88fe-d8a1d195302b:c2618]
2019-08-23 11:31:36,427 | INFO  | DNAudit | user=null | ip=null | op=PUT_BLOCK {blockData=[blockId=conID: 3 locID: 102666069370798606 bcsId: 0,size=1048576]} | ret=SUCCESS |  
2019-08-23 11:31:36,427 [grpc-default-executor-5] INFO  client.GrpcClientProtocolClient (GrpcClientProtocolClient.java:onNext(255)) - client-C9E345EC67ED->244f13ac-34be-4c4e-8e45-0c0272edbbb2: receive RaftClientReply:client-C9E345EC67ED->244f13ac-34be-4c4e-8e45-0c0272edbbb2@group-FE77C852EF02, cid=1823, SUCCESS, logIndex=2621, commits[244f13ac-34be-4c4e-8e45-0c0272edbbb2:c2622, 6287e41a-5356-4f55-84f2-270816d53e84:c2618, a2c18d3d-e79d-47c9-88fe-d8a1d195302b:c2618]
2019-08-23 11:31:36,427 | INFO  | DNAudit | user=null | ip=null | op=WRITE_CHUNK {blockData=conID: 3 locID: 102666069370798606 bcsId: 0} | ret=SUCCESS |  
2019-08-23 11:31:36,427 [grpc-default-executor-5] INFO  client.GrpcClientProtocolClient (GrpcClientProtocolClient.java:onNext(255)) - client-C9E345EC67ED->244f13ac-34be-4c4e-8e45-0c0272edbbb2: receive RaftClientReply:client-C9E345EC67ED->244f13ac-34be-4c4e-8e45-0c0272edbbb2@group-FE77C852EF02, cid=1824, SUCCESS, logIndex=2622, commits[244f13ac-34be-4c4e-8e45-0c0272edbbb2:c2623, 6287e41a-5356-4f55-84f2-270816d53e84:c2619, a2c18d3d-e79d-47c9-88fe-d8a1d195302b:c2619]
2019-08-23 11:31:36,428 | INFO  | DNAudit | user=null | ip=null | op=PUT_BLOCK {blockData=[blockId=conID: 3 locID: 102666069370798606 bcsId: 0,size=1048576]} | ret=SUCCESS |  
2019-08-23 11:31:36,428 | INFO  | DNAudit | user=null | ip=null | op=WRITE_CHUNK {blockData=conID: 3 locID: 102666069370798606 bcsId: 0} | ret=SUCCESS |  
2019-08-23 11:31:36,428 | INFO  | DNAudit | user=null | ip=null | op=PUT_BLOCK {blockData=[blockId=conID: 3 locID: 102666069370798606 bcsId: 0,size=2097152]} | ret=SUCCESS |  
2019-08-23 11:31:36,428 [grpc-default-executor-1] INFO  client.GrpcClientProtocolClient (GrpcClientProtocolClient.java:onNext(255)) - client-C9E345EC67ED->244f13ac-34be-4c4e-8e45-0c0272edbbb2: receive RaftClientReply:client-C9E345EC67ED->244f13ac-34be-4c4e-8e45-0c0272edbbb2@group-FE77C852EF02, cid=1825, SUCCESS, logIndex=0, commits[244f13ac-34be-4c4e-8e45-0c0272edbbb2:c2625, 6287e41a-5356-4f55-84f2-270816d53e84:c2621, a2c18d3d-e79d-47c9-88fe-d8a1d195302b:c2620]
2019-08-23 11:31:36,429 | INFO  | DNAudit | user=null | ip=null | op=PUT_BLOCK {blockData=[blockId=conID: 3 locID: 102666069370798606 bcsId: 0,size=2097152]} | ret=SUCCESS |  
2019-08-23 11:31:36,433 | INFO  | DNAudit | user=null | ip=null | op=WRITE_CHUNK {blockData=conID: 3 locID: 102666069370798606 bcsId: 2622} | ret=SUCCESS |  
2019-08-23 11:31:36,435 | INFO  | DNAudit | user=null | ip=null | op=WRITE_CHUNK {blockData=conID: 3 locID: 102666069370798606 bcsId: 2622} | ret=SUCCESS |  
2019-08-23 11:31:36,435 | INFO  | DNAudit | user=null | ip=null | op=WRITE_CHUNK {blockData=conID: 3 locID: 102666069370798606 bcsId: 2622} | ret=SUCCESS |  
2019-08-23 11:31:36,446 | INFO  | DNAudit | user=null | ip=null | op=WRITE_CHUNK {blockData=conID: 3 locID: 102666069370798606 bcsId: 2622} | ret=SUCCESS |  
2019-08-23 11:31:36,446 | INFO  | DNAudit | user=null | ip=null | op=PUT_BLOCK {blockData=[blockId=conID: 3 locID: 102666069370798606 bcsId: 0,size=3145728]} | ret=SUCCESS |  
2019-08-23 11:31:36,446 [grpc-default-executor-1] INFO  client.GrpcClientProtocolClient (GrpcClientProtocolClient.java:onNext(255)) - client-C9E345EC67ED->244f13ac-34be-4c4e-8e45-0c0272edbbb2: receive RaftClientReply:client-C9E345EC67ED->244f13ac-34be-4c4e-8e45-0c0272edbbb2@group-FE77C852EF02, cid=1826, SUCCESS, logIndex=2627, commits[244f13ac-34be-4c4e-8e45-0c0272edbbb2:c2628, 6287e41a-5356-4f55-84f2-270816d53e84:c2626, a2c18d3d-e79d-47c9-88fe-d8a1d195302b:c2626]
2019-08-23 11:31:36,447 [grpc-default-executor-1] INFO  client.GrpcClientProtocolClient (GrpcClientProtocolClient.java:onNext(255)) - client-C9E345EC67ED->244f13ac-34be-4c4e-8e45-0c0272edbbb2: receive RaftClientReply:client-C9E345EC67ED->244f13ac-34be-4c4e-8e45-0c0272edbbb2@group-FE77C852EF02, cid=1827, SUCCESS, logIndex=2628, commits[244f13ac-34be-4c4e-8e45-0c0272edbbb2:c2628, 6287e41a-5356-4f55-84f2-270816d53e84:c2626, a2c18d3d-e79d-47c9-88fe-d8a1d195302b:c2626]
2019-08-23 11:31:36,452 | INFO  | DNAudit | user=null | ip=null | op=WRITE_CHUNK {blockData=conID: 3 locID: 102666069370798606 bcsId: 2628} | ret=SUCCESS |  
 0.00% |█                                                                                                    |  0/1 Time: 0:00:122019-08-23 11:31:37,047 | INFO  | SCMAudit | user=jenkins1000 | ip=192.168.5.185 | op=SEND_HEARTBEAT {datanodeUUID=244f13ac-34be-4c4e-8e45-0c0272edbbb2, command=[]} | ret=SUCCESS |  
2019-08-23 11:31:37,047 | INFO  | SCMAudit | user=jenkins1000 | ip=192.168.5.185 | op=SEND_HEARTBEAT {datanodeUUID=0d166765-8492-4439-8677-f737a7bc54ca, command=[]} | ret=SUCCESS |  
2019-08-23 11:31:37,047 | INFO  | SCMAudit | user=jenkins1000 | ip=192.168.5.185 | op=SEND_HEARTBEAT {datanodeUUID=a2c18d3d-e79d-47c9-88fe-d8a1d195302b, command=[]} | ret=SUCCESS |  
2019-08-23 11:31:37,047 | INFO  | SCMAudit | user=jenkins1000 | ip=192.168.5.185 | op=SEND_HEARTBEAT {datanodeUUID=6287e41a-5356-4f55-84f2-270816d53e84, command=[]} | ret=SUCCESS |  
2019-08-23 11:31:37,047 | INFO  | SCMAudit | user=jenkins1000 | ip=192.168.5.185 | op=SEND_HEARTBEAT {datanodeUUID=b2c34899-c5c3-4720-9d95-984efeabf4a7, command=[]} | ret=SUCCESS |  
2019-08-23 11:31:37,048 | INFO  | DNAudit | user=null | ip=null | op=WRITE_CHUNK {blockData=conID: 3 locID: 102666069370798606 bcsId: 2622} | ret=SUCCESS |  
2019-08-23 11:31:37,048 | INFO  | DNAudit | user=null | ip=null | op=WRITE_CHUNK {blockData=conID: 3 locID: 102666069370798606 bcsId: 2622} | ret=SUCCESS |  
2019-08-23 11:31:37,049 | INFO  | DNAudit | user=null | ip=null | op=WRITE_CHUNK {blockData=conID: 3 locID: 102666069370798606 bcsId: 2628} | ret=SUCCESS |  
2019-08-23 11:31:37,049 | INFO  | DNAudit | user=null | ip=null | op=WRITE_CHUNK {blockData=conID: 3 locID: 102666069370798606 bcsId: 2628} | ret=SUCCESS |  
2019-08-23 11:31:37,058 | INFO  | DNAudit | user=null | ip=null | op=PUT_BLOCK {blockData=[blockId=conID: 3 locID: 102666069370798606 bcsId: 0,size=3145728]} | ret=SUCCESS |  
2019-08-23 11:31:37,058 | INFO  | DNAudit | user=null | ip=null | op=PUT_BLOCK {blockData=[blockId=conID: 3 locID: 102666069370798606 bcsId: 0,size=3145728]} | ret=SUCCESS |  
2019-08-23 11:31:37,070 | INFO  | DNAudit | user=null | ip=null | op=WRITE_CHUNK {blockData=conID: 3 locID: 102666069370798606 bcsId: 2628} | ret=SUCCESS |  
2019-08-23 11:31:37,070 | INFO  | DNAudit | user=null | ip=null | op=PUT_BLOCK {blockData=[blockId=conID: 3 locID: 102666069370798606 bcsId: 0,size=4194304]} | ret=SUCCESS |  
2019-08-23 11:31:37,071 [grpc-default-executor-2] INFO  client.GrpcClientProtocolClient (GrpcClientProtocolClient.java:onNext(255)) - client-C9E345EC67ED->244f13ac-34be-4c4e-8e45-0c0272edbbb2: receive RaftClientReply:client-C9E345EC67ED->244f13ac-34be-4c4e-8e45-0c0272edbbb2@group-FE77C852EF02, cid=1828, SUCCESS, logIndex=2631, commits[244f13ac-34be-4c4e-8e45-0c0272edbbb2:c2632, 6287e41a-5356-4f55-84f2-270816d53e84:c2628, a2c18d3d-e79d-47c9-88fe-d8a1d195302b:c2628]
2019-08-23 11:31:37,071 [grpc-default-executor-2] INFO  client.GrpcClientProtocolClient (GrpcClientProtocolClient.java:onNext(255)) - client-C9E345EC67ED->244f13ac-34be-4c4e-8e45-0c0272edbbb2: receive RaftClientReply:client-C9E345EC67ED->244f13ac-34be-4c4e-8e45-0c0272edbbb2@group-FE77C852EF02, cid=1829, SUCCESS, logIndex=2632, commits[244f13ac-34be-4c4e-8e45-0c0272edbbb2:c2632, 6287e41a-5356-4f55-84f2-270816d53e84:c2628, a2c18d3d-e79d-47c9-88fe-d8a1d195302b:c2628]
2019-08-23 11:31:37,081 | INFO  | DNAudit | user=null | ip=null | op=WRITE_CHUNK {blockData=conID: 3 locID: 102666069370798606 bcsId: 2628} | ret=SUCCESS |  
2019-08-23 11:31:37,081 | INFO  | DNAudit | user=null | ip=null | op=WRITE_CHUNK {blockData=conID: 3 locID: 102666069370798606 bcsId: 2628} | ret=SUCCESS |  
2019-08-23 11:31:37,082 | INFO  | DNAudit | user=null | ip=null | op=PUT_BLOCK {blockData=[blockId=conID: 3 locID: 102666069370798606 bcsId: 0,size=4194304]} | ret=SUCCESS |  
2019-08-23 11:31:37,082 | INFO  | DNAudit | user=null | ip=null | op=PUT_BLOCK {blockData=[blockId=conID: 3 locID: 102666069370798606 bcsId: 0,size=4194304]} | ret=SUCCESS |  
2019-08-23 11:31:37,082 [grpc-default-executor-2] INFO  client.GrpcClientProtocolClient (GrpcClientProtocolClient.java:onNext(255)) - client-C9E345EC67ED->244f13ac-34be-4c4e-8e45-0c0272edbbb2: receive RaftClientReply:client-C9E345EC67ED->244f13ac-34be-4c4e-8e45-0c0272edbbb2@group-FE77C852EF02, cid=1830, SUCCESS, logIndex=0, commits[244f13ac-34be-4c4e-8e45-0c0272edbbb2:c2633, 6287e41a-5356-4f55-84f2-270816d53e84:c2632, a2c18d3d-e79d-47c9-88fe-d8a1d195302b:c2632]
2019-08-23 11:31:37,087 | INFO  | SCMAudit | user=jenkins1000 | ip=192.168.5.185 | op=ALLOCATE_BLOCK {owner=00a23185-76ea-47b5-a641-ad3cfbe5521a, size=4194304, type=RATIS, factor=THREE} | ret=SUCCESS |  
2019-08-23 11:31:37,090 | INFO  | OMAudit | user=jenkins1000 | ip=127.0.0.1 | op=ALLOCATE_BLOCK {volume=vol-0-37508, bucket=bucket-0-50919, key=key-0-57313, dataSize=0, replicationType=null, replicationFactor=null, keyLocationInfo=null, clientID=102666068570931602} | ret=SUCCESS |  
2019-08-23 11:31:37,096 | INFO  | DNAudit | user=null | ip=null | op=WRITE_CHUNK {blockData=conID: 1 locID: 102666069415494159 bcsId: 0} | ret=SUCCESS |  
2019-08-23 11:31:37,099 | INFO  | DNAudit | user=null | ip=null | op=WRITE_CHUNK {blockData=conID: 1 locID: 102666069415494159 bcsId: 0} | ret=SUCCESS |  
2019-08-23 11:31:37,099 | INFO  | DNAudit | user=null | ip=null | op=WRITE_CHUNK {blockData=conID: 1 locID: 102666069415494159 bcsId: 0} | ret=SUCCESS |  
2019-08-23 11:31:37,099 | INFO  | DNAudit | user=null | ip=null | op=WRITE_CHUNK {blockData=conID: 1 locID: 102666069415494159 bcsId: 0} | ret=SUCCESS |  
2019-08-23 11:31:37,100 | INFO  | DNAudit | user=null | ip=null | op=WRITE_CHUNK {blockData=conID: 1 locID: 102666069415494159 bcsId: 0} | ret=SUCCESS |  
2019-08-23 11:31:37,100 | INFO  | DNAudit | user=null | ip=null | op=WRITE_CHUNK {blockData=conID: 1 locID: 102666069415494159 bcsId: 0} | ret=SUCCESS |  
2019-08-23 11:31:37,134 | INFO  | DNAudit | user=null | ip=null | op=WRITE_CHUNK {blockData=conID: 1 locID: 102666069415494159 bcsId: 0} | ret=SUCCESS |  
2019-08-23 11:31:37,135 | INFO  | DNAudit | user=null | ip=null | op=PUT_BLOCK {blockData=[blockId=conID: 1 locID: 102666069415494159 bcsId: 0,size=1048576]} | ret=SUCCESS |  
2019-08-23 11:31:37,135 [grpc-default-executor-4] INFO  client.GrpcClientProtocolClient (GrpcClientProtocolClient.java:onNext(255)) - client-C9E345EC67ED->244f13ac-34be-4c4e-8e45-0c0272edbbb2: receive RaftClientReply:client-C9E345EC67ED->244f13ac-34be-4c4e-8e45-0c0272edbbb2@group-FE77C852EF02, cid=1831, SUCCESS, logIndex=2635, commits[244f13ac-34be-4c4e-8e45-0c0272edbbb2:c2638, 6287e41a-5356-4f55-84f2-270816d53e84:c2634, a2c18d3d-e79d-47c9-88fe-d8a1d195302b:c2634]
2019-08-23 11:31:37,135 | INFO  | DNAudit | user=null | ip=null | op=WRITE_CHUNK {blockData=conID: 1 locID: 102666069415494159 bcsId: 0} | ret=SUCCESS |  
2019-08-23 11:31:37,135 [grpc-default-executor-4] INFO  client.GrpcClientProtocolClient (GrpcClientProtocolClient.java:onNext(255)) - client-C9E345EC67ED->244f13ac-34be-4c4e-8e45-0c0272edbbb2: receive RaftClientReply:client-C9E345EC67ED->244f13ac-34be-4c4e-8e45-0c0272edbbb2@group-FE77C852EF02, cid=1832, SUCCESS, logIndex=2636, commits[244f13ac-34be-4c4e-8e45-0c0272edbbb2:c2638, 6287e41a-5356-4f55-84f2-270816d53e84:c2634, a2c18d3d-e79d-47c9-88fe-d8a1d195302b:c2634]
2019-08-23 11:31:37,136 | INFO  | DNAudit | user=null | ip=null | op=PUT_BLOCK {blockData=[blockId=conID: 1 locID: 102666069415494159 bcsId: 0,size=2097152]} | ret=SUCCESS |  
2019-08-23 11:31:37,136 [grpc-default-executor-4] INFO  client.GrpcClientProtocolClient (GrpcClientProtocolClient.java:onNext(255)) - client-C9E345EC67ED->244f13ac-34be-4c4e-8e45-0c0272edbbb2: receive RaftClientReply:client-C9E345EC67ED->244f13ac-34be-4c4e-8e45-0c0272edbbb2@group-FE77C852EF02, cid=1833, SUCCESS, logIndex=2637, commits[244f13ac-34be-4c4e-8e45-0c0272edbbb2:c2638, 6287e41a-5356-4f55-84f2-270816d53e84:c2634, a2c18d3d-e79d-47c9-88fe-d8a1d195302b:c2634]
2019-08-23 11:31:37,136 [grpc-default-executor-4] INFO  client.GrpcClientProtocolClient (GrpcClientProtocolClient.java:onNext(255)) - client-C9E345EC67ED->244f13ac-34be-4c4e-8e45-0c0272edbbb2: receive RaftClientReply:client-C9E345EC67ED->244f13ac-34be-4c4e-8e45-0c0272edbbb2@group-FE77C852EF02, cid=1834, SUCCESS, logIndex=2638, commits[244f13ac-34be-4c4e-8e45-0c0272edbbb2:c2638, 6287e41a-5356-4f55-84f2-270816d53e84:c2634, a2c18d3d-e79d-47c9-88fe-d8a1d195302b:c2634]
2019-08-23 11:31:37,145 | INFO  | DNAudit | user=null | ip=null | op=WRITE_CHUNK {blockData=conID: 1 locID: 102666069415494159 bcsId: 0} | ret=SUCCESS |  
2019-08-23 11:31:37,146 | INFO  | DNAudit | user=null | ip=null | op=WRITE_CHUNK {blockData=conID: 1 locID: 102666069415494159 bcsId: 0} | ret=SUCCESS |  
2019-08-23 11:31:37,146 | INFO  | DNAudit | user=null | ip=null | op=PUT_BLOCK {blockData=[blockId=conID: 1 locID: 102666069415494159 bcsId: 0,size=1048576]} | ret=SUCCESS |  
2019-08-23 11:31:37,146 [grpc-default-executor-5] INFO  client.GrpcClientProtocolClient (GrpcClientProtocolClient.java:onNext(255)) - client-C9E345EC67ED->244f13ac-34be-4c4e-8e45-0c0272edbbb2: receive RaftClientReply:client-C9E345EC67ED->244f13ac-34be-4c4e-8e45-0c0272edbbb2@group-FE77C852EF02, cid=1835, SUCCESS, logIndex=0, commits[244f13ac-34be-4c4e-8e45-0c0272edbbb2:c2638, 6287e41a-5356-4f55-84f2-270816d53e84:c2636, a2c18d3d-e79d-47c9-88fe-d8a1d195302b:c2636]
2019-08-23 11:31:37,146 | INFO  | DNAudit | user=null | ip=null | op=PUT_BLOCK {blockData=[blockId=conID: 1 locID: 102666069415494159 bcsId: 0,size=1048576]} | ret=SUCCESS |  
2019-08-23 11:31:37,147 | INFO  | DNAudit | user=null | ip=null | op=WRITE_CHUNK {blockData=conID: 1 locID: 102666069415494159 bcsId: 0} | ret=SUCCESS |  
2019-08-23 11:31:37,147 | INFO  | DNAudit | user=null | ip=null | op=WRITE_CHUNK {blockData=conID: 1 locID: 102666069415494159 bcsId: 0} | ret=SUCCESS |  
2019-08-23 11:31:37,147 | INFO  | DNAudit | user=null | ip=null | op=PUT_BLOCK {blockData=[blockId=conID: 1 locID: 102666069415494159 bcsId: 0,size=2097152]} | ret=SUCCESS |  
2019-08-23 11:31:37,147 | INFO  | DNAudit | user=null | ip=null | op=PUT_BLOCK {blockData=[blockId=conID: 1 locID: 102666069415494159 bcsId: 0,size=2097152]} | ret=SUCCESS |  
2019-08-23 11:31:37,154 | INFO  | DNAudit | user=null | ip=null | op=WRITE_CHUNK {blockData=conID: 1 locID: 102666069415494159 bcsId: 2638} | ret=SUCCESS |  
2019-08-23 11:31:37,155 | INFO  | DNAudit | user=null | ip=null | op=WRITE_CHUNK {blockData=conID: 1 locID: 102666069415494159 bcsId: 2638} | ret=SUCCESS |  
2019-08-23 11:31:37,156 | INFO  | DNAudit | user=null | ip=null | op=WRITE_CHUNK {blockData=conID: 1 locID: 102666069415494159 bcsId: 2638} | ret=SUCCESS |  
2019-08-23 11:31:37,166 | INFO  | DNAudit | user=null | ip=null | op=WRITE_CHUNK {blockData=conID: 1 locID: 102666069415494159 bcsId: 2638} | ret=SUCCESS |  
2019-08-23 11:31:37,167 | INFO  | DNAudit | user=null | ip=null | op=PUT_BLOCK {blockData=[blockId=conID: 1 locID: 102666069415494159 bcsId: 0,size=3145728]} | ret=SUCCESS |  
2019-08-23 11:31:37,167 [grpc-default-executor-4] INFO  client.GrpcClientProtocolClient (GrpcClientProtocolClient.java:onNext(255)) - client-C9E345EC67ED->244f13ac-34be-4c4e-8e45-0c0272edbbb2: receive RaftClientReply:client-C9E345EC67ED->244f13ac-34be-4c4e-8e45-0c0272edbbb2@group-FE77C852EF02, cid=1836, SUCCESS, logIndex=2643, commits[244f13ac-34be-4c4e-8e45-0c0272edbbb2:c2644, 6287e41a-5356-4f55-84f2-270816d53e84:c2642, a2c18d3d-e79d-47c9-88fe-d8a1d195302b:c2642]
2019-08-23 11:31:37,167 [grpc-default-executor-4] INFO  client.GrpcClientProtocolClient (GrpcClientProtocolClient.java:onNext(255)) - client-C9E345EC67ED->244f13ac-34be-4c4e-8e45-0c0272edbbb2: receive RaftClientReply:client-C9E345EC67ED->244f13ac-34be-4c4e-8e45-0c0272edbbb2@group-FE77C852EF02, cid=1837, SUCCESS, logIndex=2644, commits[244f13ac-34be-4c4e-8e45-0c0272edbbb2:c2644, 6287e41a-5356-4f55-84f2-270816d53e84:c2642, a2c18d3d-e79d-47c9-88fe-d8a1d195302b:c2642]
2019-08-23 11:31:37,174 | INFO  | DNAudit | user=null | ip=null | op=WRITE_CHUNK {blockData=conID: 1 locID: 102666069415494159 bcsId: 2644} | ret=SUCCESS |  
2019-08-23 11:31:37,176 | INFO  | DNAudit | user=null | ip=null | op=WRITE_CHUNK {blockData=conID: 1 locID: 102666069415494159 bcsId: 2644} | ret=SUCCESS |  
2019-08-23 11:31:37,177 | INFO  | DNAudit | user=null | ip=null | op=WRITE_CHUNK {blockData=conID: 1 locID: 102666069415494159 bcsId: 2644} | ret=SUCCESS |  
2019-08-23 11:31:37,178 | INFO  | DNAudit | user=null | ip=null | op=WRITE_CHUNK {blockData=conID: 1 locID: 102666069415494159 bcsId: 2638} | ret=SUCCESS |  
2019-08-23 11:31:37,178 | INFO  | DNAudit | user=null | ip=null | op=WRITE_CHUNK {blockData=conID: 1 locID: 102666069415494159 bcsId: 2638} | ret=SUCCESS |  
2019-08-23 11:31:37,179 | INFO  | DNAudit | user=null | ip=null | op=PUT_BLOCK {blockData=[blockId=conID: 1 locID: 102666069415494159 bcsId: 0,size=3145728]} | ret=SUCCESS |  
2019-08-23 11:31:37,180 | INFO  | DNAudit | user=null | ip=null | op=PUT_BLOCK {blockData=[blockId=conID: 1 locID: 102666069415494159 bcsId: 0,size=3145728]} | ret=SUCCESS |  
2019-08-23 11:31:37,180 | INFO  | DNAudit | user=null | ip=null | op=WRITE_CHUNK {blockData=conID: 1 locID: 102666069415494159 bcsId: 2644} | ret=SUCCESS |  
2019-08-23 11:31:37,180 | INFO  | DNAudit | user=null | ip=null | op=PUT_BLOCK {blockData=[blockId=conID: 1 locID: 102666069415494159 bcsId: 0,size=4194304]} | ret=SUCCESS |  
2019-08-23 11:31:37,181 [grpc-default-executor-4] INFO  client.GrpcClientProtocolClient (GrpcClientProtocolClient.java:onNext(255)) - client-C9E345EC67ED->244f13ac-34be-4c4e-8e45-0c0272edbbb2: receive RaftClientReply:client-C9E345EC67ED->244f13ac-34be-4c4e-8e45-0c0272edbbb2@group-FE77C852EF02, cid=1838, SUCCESS, logIndex=2647, commits[244f13ac-34be-4c4e-8e45-0c0272edbbb2:c2648, 6287e41a-5356-4f55-84f2-270816d53e84:c2644, a2c18d3d-e79d-47c9-88fe-d8a1d195302b:c2644]
2019-08-23 11:31:37,181 [grpc-default-executor-4] INFO  client.GrpcClientProtocolClient (GrpcClientProtocolClient.java:onNext(255)) - client-C9E345EC67ED->244f13ac-34be-4c4e-8e45-0c0272edbbb2: receive RaftClientReply:client-C9E345EC67ED->244f13ac-34be-4c4e-8e45-0c0272edbbb2@group-FE77C852EF02, cid=1839, SUCCESS, logIndex=2648, commits[244f13ac-34be-4c4e-8e45-0c0272edbbb2:c2648, 6287e41a-5356-4f55-84f2-270816d53e84:c2644, a2c18d3d-e79d-47c9-88fe-d8a1d195302b:c2644]
2019-08-23 11:31:37,191 | INFO  | DNAudit | user=null | ip=null | op=WRITE_CHUNK {blockData=conID: 1 locID: 102666069415494159 bcsId: 2644} | ret=SUCCESS |  
2019-08-23 11:31:37,191 | INFO  | DNAudit | user=null | ip=null | op=WRITE_CHUNK {blockData=conID: 1 locID: 102666069415494159 bcsId: 2644} | ret=SUCCESS |  
2019-08-23 11:31:37,191 | INFO  | DNAudit | user=null | ip=null | op=PUT_BLOCK {blockData=[blockId=conID: 1 locID: 102666069415494159 bcsId: 0,size=4194304]} | ret=SUCCESS |  
2019-08-23 11:31:37,192 | INFO  | DNAudit | user=null | ip=null | op=PUT_BLOCK {blockData=[blockId=conID: 1 locID: 102666069415494159 bcsId: 0,size=4194304]} | ret=SUCCESS |  
2019-08-23 11:31:37,192 [grpc-default-executor-4] INFO  client.GrpcClientProtocolClient (GrpcClientProtocolClient.java:onNext(255)) - client-C9E345EC67ED->244f13ac-34be-4c4e-8e45-0c0272edbbb2: receive RaftClientReply:client-C9E345EC67ED->244f13ac-34be-4c4e-8e45-0c0272edbbb2@group-FE77C852EF02, cid=1840, SUCCESS, logIndex=0, commits[244f13ac-34be-4c4e-8e45-0c0272edbbb2:c2649, 6287e41a-5356-4f55-84f2-270816d53e84:c2648, a2c18d3d-e79d-47c9-88fe-d8a1d195302b:c2648]
2019-08-23 11:31:37,196 | INFO  | SCMAudit | user=jenkins1000 | ip=192.168.5.185 | op=ALLOCATE_BLOCK {owner=00a23185-76ea-47b5-a641-ad3cfbe5521a, size=4194304, type=RATIS, factor=THREE} | ret=SUCCESS |  
2019-08-23 11:31:37,199 | INFO  | OMAudit | user=jenkins1000 | ip=127.0.0.1 | op=ALLOCATE_BLOCK {volume=vol-0-37508, bucket=bucket-0-50919, key=key-0-57313, dataSize=0, replicationType=null, replicationFactor=null, keyLocationInfo=null, clientID=102666068570931602} | ret=SUCCESS |  
2019-08-23 11:31:37,205 | INFO  | DNAudit | user=null | ip=null | op=WRITE_CHUNK {blockData=conID: 2 locID: 102666069422637584 bcsId: 0} | ret=SUCCESS |  
2019-08-23 11:31:37,209 | INFO  | DNAudit | user=null | ip=null | op=WRITE_CHUNK {blockData=conID: 2 locID: 102666069422637584 bcsId: 0} | ret=SUCCESS |  
2019-08-23 11:31:37,209 | INFO  | DNAudit | user=null | ip=null | op=WRITE_CHUNK {blockData=conID: 2 locID: 102666069422637584 bcsId: 0} | ret=SUCCESS |  
2019-08-23 11:31:37,209 | INFO  | DNAudit | user=null | ip=null | op=WRITE_CHUNK {blockData=conID: 2 locID: 102666069422637584 bcsId: 0} | ret=SUCCESS |  
2019-08-23 11:31:37,210 | INFO  | DNAudit | user=null | ip=null | op=WRITE_CHUNK {blockData=conID: 2 locID: 102666069422637584 bcsId: 0} | ret=SUCCESS |  
2019-08-23 11:31:37,210 | INFO  | DNAudit | user=null | ip=null | op=WRITE_CHUNK {blockData=conID: 2 locID: 102666069422637584 bcsId: 0} | ret=SUCCESS |  
2019-08-23 11:31:37,218 | INFO  | DNAudit | user=null | ip=null | op=WRITE_CHUNK {blockData=conID: 2 locID: 102666069422637584 bcsId: 0} | ret=SUCCESS |  
2019-08-23 11:31:37,219 | INFO  | DNAudit | user=null | ip=null | op=PUT_BLOCK {blockData=[blockId=conID: 2 locID: 102666069422637584 bcsId: 0,size=1048576]} | ret=SUCCESS |  
2019-08-23 11:31:37,219 [grpc-default-executor-2] INFO  client.GrpcClientProtocolClient (GrpcClientProtocolClient.java:onNext(255)) - client-C9E345EC67ED->244f13ac-34be-4c4e-8e45-0c0272edbbb2: receive RaftClientReply:client-C9E345EC67ED->244f13ac-34be-4c4e-8e45-0c0272edbbb2@group-FE77C852EF02, cid=1841, SUCCESS, logIndex=2651, commits[244f13ac-34be-4c4e-8e45-0c0272edbbb2:c2653, 6287e41a-5356-4f55-84f2-270816d53e84:c2650, a2c18d3d-e79d-47c9-88fe-d8a1d195302b:c2650]
2019-08-23 11:31:37,219 | INFO  | DNAudit | user=null | ip=null | op=WRITE_CHUNK {blockData=conID: 2 locID: 102666069422637584 bcsId: 0} | ret=SUCCESS |  
2019-08-23 11:31:37,220 | INFO  | DNAudit | user=null | ip=null | op=PUT_BLOCK {blockData=[blockId=conID: 2 locID: 102666069422637584 bcsId: 0,size=2097152]} | ret=SUCCESS |  
2019-08-23 11:31:37,220 [grpc-default-executor-2] INFO  client.GrpcClientProtocolClient (GrpcClientProtocolClient.java:onNext(255)) - client-C9E345EC67ED->244f13ac-34be-4c4e-8e45-0c0272edbbb2: receive RaftClientReply:client-C9E345EC67ED->244f13ac-34be-4c4e-8e45-0c0272edbbb2@group-FE77C852EF02, cid=1842, SUCCESS, logIndex=2652, commits[244f13ac-34be-4c4e-8e45-0c0272edbbb2:c2654, 6287e41a-5356-4f55-84f2-270816d53e84:c2650, a2c18d3d-e79d-47c9-88fe-d8a1d195302b:c2650]
2019-08-23 11:31:37,220 [grpc-default-executor-2] INFO  client.GrpcClientProtocolClient (GrpcClientProtocolClient.java:onNext(255)) - client-C9E345EC67ED->244f13ac-34be-4c4e-8e45-0c0272edbbb2: receive RaftClientReply:client-C9E345EC67ED->244f13ac-34be-4c4e-8e45-0c0272edbbb2@group-FE77C852EF02, cid=1843, SUCCESS, logIndex=2653, commits[244f13ac-34be-4c4e-8e45-0c0272edbbb2:c2654, 6287e41a-5356-4f55-84f2-270816d53e84:c2650, a2c18d3d-e79d-47c9-88fe-d8a1d195302b:c2650]
2019-08-23 11:31:37,220 | INFO  | DNAudit | user=null | ip=null | op=WRITE_CHUNK {blockData=conID: 2 locID: 102666069422637584 bcsId: 0} | ret=SUCCESS |  
2019-08-23 11:31:37,220 [grpc-default-executor-2] INFO  client.GrpcClientProtocolClient (GrpcClientProtocolClient.java:onNext(255)) - client-C9E345EC67ED->244f13ac-34be-4c4e-8e45-0c0272edbbb2: receive RaftClientReply:client-C9E345EC67ED->244f13ac-34be-4c4e-8e45-0c0272edbbb2@group-FE77C852EF02, cid=1844, SUCCESS, logIndex=2654, commits[244f13ac-34be-4c4e-8e45-0c0272edbbb2:c2654, 6287e41a-5356-4f55-84f2-270816d53e84:c2650, a2c18d3d-e79d-47c9-88fe-d8a1d195302b:c2650]
2019-08-23 11:31:37,220 | INFO  | DNAudit | user=null | ip=null | op=WRITE_CHUNK {blockData=conID: 2 locID: 102666069422637584 bcsId: 0} | ret=SUCCESS |  
2019-08-23 11:31:37,221 | INFO  | DNAudit | user=null | ip=null | op=PUT_BLOCK {blockData=[blockId=conID: 2 locID: 102666069422637584 bcsId: 0,size=1048576]} | ret=SUCCESS |  
2019-08-23 11:31:37,221 | INFO  | DNAudit | user=null | ip=null | op=WRITE_CHUNK {blockData=conID: 2 locID: 102666069422637584 bcsId: 0} | ret=SUCCESS |  
2019-08-23 11:31:37,222 | INFO  | DNAudit | user=null | ip=null | op=PUT_BLOCK {blockData=[blockId=conID: 2 locID: 102666069422637584 bcsId: 0,size=2097152]} | ret=SUCCESS |  
2019-08-23 11:31:37,222 | INFO  | DNAudit | user=null | ip=null | op=PUT_BLOCK {blockData=[blockId=conID: 2 locID: 102666069422637584 bcsId: 0,size=1048576]} | ret=SUCCESS |  
2019-08-23 11:31:37,222 | INFO  | DNAudit | user=null | ip=null | op=WRITE_CHUNK {blockData=conID: 2 locID: 102666069422637584 bcsId: 0} | ret=SUCCESS |  
2019-08-23 11:31:37,222 [grpc-default-executor-5] INFO  client.GrpcClientProtocolClient (GrpcClientProtocolClient.java:onNext(255)) - client-C9E345EC67ED->244f13ac-34be-4c4e-8e45-0c0272edbbb2: receive RaftClientReply:client-C9E345EC67ED->244f13ac-34be-4c4e-8e45-0c0272edbbb2@group-FE77C852EF02, cid=1845, SUCCESS, logIndex=0, commits[244f13ac-34be-4c4e-8e45-0c0272edbbb2:c2658, 6287e41a-5356-4f55-84f2-270816d53e84:c2654, a2c18d3d-e79d-47c9-88fe-d8a1d195302b:c2652]
2019-08-23 11:31:37,222 | INFO  | DNAudit | user=null | ip=null | op=PUT_BLOCK {blockData=[blockId=conID: 2 locID: 102666069422637584 bcsId: 0,size=2097152]} | ret=SUCCESS |  
2019-08-23 11:31:37,228 | INFO  | DNAudit | user=null | ip=null | op=WRITE_CHUNK {blockData=conID: 2 locID: 102666069422637584 bcsId: 2654} | ret=SUCCESS |  
2019-08-23 11:31:37,230 | INFO  | DNAudit | user=null | ip=null | op=WRITE_CHUNK {blockData=conID: 2 locID: 102666069422637584 bcsId: 2654} | ret=SUCCESS |  
2019-08-23 11:31:37,230 | INFO  | DNAudit | user=null | ip=null | op=WRITE_CHUNK {blockData=conID: 2 locID: 102666069422637584 bcsId: 2654} | ret=SUCCESS |  
2019-08-23 11:31:37,241 | INFO  | DNAudit | user=null | ip=null | op=WRITE_CHUNK {blockData=conID: 2 locID: 102666069422637584 bcsId: 2654} | ret=SUCCESS |  
2019-08-23 11:31:37,241 | INFO  | DNAudit | user=null | ip=null | op=PUT_BLOCK {blockData=[blockId=conID: 2 locID: 102666069422637584 bcsId: 0,size=3145728]} | ret=SUCCESS |  
2019-08-23 11:31:37,241 [grpc-default-executor-4] INFO  client.GrpcClientProtocolClient (GrpcClientProtocolClient.java:onNext(255)) - client-C9E345EC67ED->244f13ac-34be-4c4e-8e45-0c0272edbbb2: receive RaftClientReply:client-C9E345EC67ED->244f13ac-34be-4c4e-8e45-0c0272edbbb2@group-FE77C852EF02, cid=1846, SUCCESS, logIndex=2659, commits[244f13ac-34be-4c4e-8e45-0c0272edbbb2:c2660, 6287e41a-5356-4f55-84f2-270816d53e84:c2658, a2c18d3d-e79d-47c9-88fe-d8a1d195302b:c2658]
2019-08-23 11:31:37,242 [grpc-default-executor-4] INFO  client.GrpcClientProtocolClient (GrpcClientProtocolClient.java:onNext(255)) - client-C9E345EC67ED->244f13ac-34be-4c4e-8e45-0c0272edbbb2: receive RaftClientReply:client-C9E345EC67ED->244f13ac-34be-4c4e-8e45-0c0272edbbb2@group-FE77C852EF02, cid=1847, SUCCESS, logIndex=2660, commits[244f13ac-34be-4c4e-8e45-0c0272edbbb2:c2660, 6287e41a-5356-4f55-84f2-270816d53e84:c2658, a2c18d3d-e79d-47c9-88fe-d8a1d195302b:c2658]
2019-08-23 11:31:37,250 | INFO  | DNAudit | user=null | ip=null | op=WRITE_CHUNK {blockData=conID: 2 locID: 102666069422637584 bcsId: 2660} | ret=SUCCESS |  
2019-08-23 11:31:37,252 | INFO  | DNAudit | user=null | ip=null | op=WRITE_CHUNK {blockData=conID: 2 locID: 102666069422637584 bcsId: 2654} | ret=SUCCESS |  
2019-08-23 11:31:37,253 | INFO  | DNAudit | user=null | ip=null | op=WRITE_CHUNK {blockData=conID: 2 locID: 102666069422637584 bcsId: 2660} | ret=SUCCESS |  
2019-08-23 11:31:37,253 | INFO  | DNAudit | user=null | ip=null | op=WRITE_CHUNK {blockData=conID: 2 locID: 102666069422637584 bcsId: 2654} | ret=SUCCESS |  
2019-08-23 11:31:37,254 | INFO  | DNAudit | user=null | ip=null | op=WRITE_CHUNK {blockData=conID: 2 locID: 102666069422637584 bcsId: 2660} | ret=SUCCESS |  
2019-08-23 11:31:37,265 | INFO  | DNAudit | user=null | ip=null | op=PUT_BLOCK {blockData=[blockId=conID: 2 locID: 102666069422637584 bcsId: 0,size=3145728]} | ret=SUCCESS |  
2019-08-23 11:31:37,265 | INFO  | DNAudit | user=null | ip=null | op=PUT_BLOCK {blockData=[blockId=conID: 2 locID: 102666069422637584 bcsId: 0,size=3145728]} | ret=SUCCESS |  
2019-08-23 11:31:37,266 | INFO  | DNAudit | user=null | ip=null | op=WRITE_CHUNK {blockData=conID: 2 locID: 102666069422637584 bcsId: 2660} | ret=SUCCESS |  
2019-08-23 11:31:37,266 | INFO  | DNAudit | user=null | ip=null | op=PUT_BLOCK {blockData=[blockId=conID: 2 locID: 102666069422637584 bcsId: 0,size=4194304]} | ret=SUCCESS |  
2019-08-23 11:31:37,266 [grpc-default-executor-4] INFO  client.GrpcClientProtocolClient (GrpcClientProtocolClient.java:onNext(255)) - client-C9E345EC67ED->244f13ac-34be-4c4e-8e45-0c0272edbbb2: receive RaftClientReply:client-C9E345EC67ED->244f13ac-34be-4c4e-8e45-0c0272edbbb2@group-FE77C852EF02, cid=1848, SUCCESS, logIndex=2663, commits[244f13ac-34be-4c4e-8e45-0c0272edbbb2:c2664, 6287e41a-5356-4f55-84f2-270816d53e84:c2660, a2c18d3d-e79d-47c9-88fe-d8a1d195302b:c2660]
2019-08-23 11:31:37,267 | INFO  | DNAudit | user=null | ip=null | op=WRITE_CHUNK {blockData=conID: 2 locID: 102666069422637584 bcsId: 2660} | ret=SUCCESS |  
2019-08-23 11:31:37,267 | INFO  | DNAudit | user=null | ip=null | op=WRITE_CHUNK {blockData=conID: 2 locID: 102666069422637584 bcsId: 2660} | ret=SUCCESS |  
2019-08-23 11:31:37,267 [grpc-default-executor-5] INFO  client.GrpcClientProtocolClient (GrpcClientProtocolClient.java:onNext(255)) - client-C9E345EC67ED->244f13ac-34be-4c4e-8e45-0c0272edbbb2: receive RaftClientReply:client-C9E345EC67ED->244f13ac-34be-4c4e-8e45-0c0272edbbb2@group-FE77C852EF02, cid=1849, SUCCESS, logIndex=2664, commits[244f13ac-34be-4c4e-8e45-0c0272edbbb2:c2664, 6287e41a-5356-4f55-84f2-270816d53e84:c2660, a2c18d3d-e79d-47c9-88fe-d8a1d195302b:c2660]
2019-08-23 11:31:37,267 | INFO  | DNAudit | user=null | ip=null | op=PUT_BLOCK {blockData=[blockId=conID: 2 locID: 102666069422637584 bcsId: 0,size=4194304]} | ret=SUCCESS |  
2019-08-23 11:31:37,267 | INFO  | DNAudit | user=null | ip=null | op=PUT_BLOCK {blockData=[blockId=conID: 2 locID: 102666069422637584 bcsId: 0,size=4194304]} | ret=SUCCESS |  
2019-08-23 11:31:37,268 [grpc-default-executor-5] INFO  client.GrpcClientProtocolClient (GrpcClientProtocolClient.java:onNext(255)) - client-C9E345EC67ED->244f13ac-34be-4c4e-8e45-0c0272edbbb2: receive RaftClientReply:client-C9E345EC67ED->244f13ac-34be-4c4e-8e45-0c0272edbbb2@group-FE77C852EF02, cid=1850, SUCCESS, logIndex=0, commits[244f13ac-34be-4c4e-8e45-0c0272edbbb2:c2666, 6287e41a-5356-4f55-84f2-270816d53e84:c2664, a2c18d3d-e79d-47c9-88fe-d8a1d195302b:c2664]
2019-08-23 11:31:37,273 | INFO  | SCMAudit | user=jenkins1000 | ip=192.168.5.185 | op=ALLOCATE_BLOCK {owner=00a23185-76ea-47b5-a641-ad3cfbe5521a, size=4194304, type=RATIS, factor=THREE} | ret=SUCCESS |  
2019-08-23 11:31:37,277 | INFO  | OMAudit | user=jenkins1000 | ip=127.0.0.1 | op=ALLOCATE_BLOCK {volume=vol-0-37508, bucket=bucket-0-50919, key=key-0-57313, dataSize=0, replicationType=null, replicationFactor=null, keyLocationInfo=null, clientID=102666068570931602} | ret=SUCCESS |  
2019-08-23 11:31:37,283 | INFO  | DNAudit | user=null | ip=null | op=WRITE_CHUNK {blockData=conID: 3 locID: 102666069427683857 bcsId: 0} | ret=SUCCESS |  
2019-08-23 11:31:37,285 | INFO  | DNAudit | user=null | ip=null | op=WRITE_CHUNK {blockData=conID: 3 locID: 102666069427683857 bcsId: 0} | ret=SUCCESS |  
2019-08-23 11:31:37,285 | INFO  | DNAudit | user=null | ip=null | op=WRITE_CHUNK {blockData=conID: 3 locID: 102666069427683857 bcsId: 0} | ret=SUCCESS |  
2019-08-23 11:31:37,285 | INFO  | DNAudit | user=null | ip=null | op=WRITE_CHUNK {blockData=conID: 3 locID: 102666069427683857 bcsId: 0} | ret=SUCCESS |  
2019-08-23 11:31:37,286 | INFO  | DNAudit | user=null | ip=null | op=WRITE_CHUNK {blockData=conID: 3 locID: 102666069427683857 bcsId: 0} | ret=SUCCESS |  
2019-08-23 11:31:37,286 | INFO  | DNAudit | user=null | ip=null | op=WRITE_CHUNK {blockData=conID: 3 locID: 102666069427683857 bcsId: 0} | ret=SUCCESS |  
2019-08-23 11:31:37,299 | INFO  | DNAudit | user=null | ip=null | op=WRITE_CHUNK {blockData=conID: 3 locID: 102666069427683857 bcsId: 0} | ret=SUCCESS |  
2019-08-23 11:31:37,300 | INFO  | DNAudit | user=null | ip=null | op=PUT_BLOCK {blockData=[blockId=conID: 3 locID: 102666069427683857 bcsId: 0,size=1048576]} | ret=SUCCESS |  
2019-08-23 11:31:37,300 [grpc-default-executor-4] INFO  client.GrpcClientProtocolClient (GrpcClientProtocolClient.java:onNext(255)) - client-C9E345EC67ED->244f13ac-34be-4c4e-8e45-0c0272edbbb2: receive RaftClientReply:client-C9E345EC67ED->244f13ac-34be-4c4e-8e45-0c0272edbbb2@group-FE77C852EF02, cid=1851, SUCCESS, logIndex=2667, commits[244f13ac-34be-4c4e-8e45-0c0272edbbb2:c2670, 6287e41a-5356-4f55-84f2-270816d53e84:c2666, a2c18d3d-e79d-47c9-88fe-d8a1d195302b:c2666]
2019-08-23 11:31:37,300 | INFO  | DNAudit | user=null | ip=null | op=WRITE_CHUNK {blockData=conID: 3 locID: 102666069427683857 bcsId: 0} | ret=SUCCESS |  
2019-08-23 11:31:37,300 | INFO  | DNAudit | user=null | ip=null | op=PUT_BLOCK {blockData=[blockId=conID: 3 locID: 102666069427683857 bcsId: 0,size=2097152]} | ret=SUCCESS |  
2019-08-23 11:31:37,300 [grpc-default-executor-4] INFO  client.GrpcClientProtocolClient (GrpcClientProtocolClient.java:onNext(255)) - client-C9E345EC67ED->244f13ac-34be-4c4e-8e45-0c0272edbbb2: receive RaftClientReply:client-C9E345EC67ED->244f13ac-34be-4c4e-8e45-0c0272edbbb2@group-FE77C852EF02, cid=1852, SUCCESS, logIndex=2668, commits[244f13ac-34be-4c4e-8e45-0c0272edbbb2:c2670, 6287e41a-5356-4f55-84f2-270816d53e84:c2666, a2c18d3d-e79d-47c9-88fe-d8a1d195302b:c2666]
2019-08-23 11:31:37,300 [grpc-default-executor-4] INFO  client.GrpcClientProtocolClient (GrpcClientProtocolClient.java:onNext(255)) - client-C9E345EC67ED->244f13ac-34be-4c4e-8e45-0c0272edbbb2: receive RaftClientReply:client-C9E345EC67ED->244f13ac-34be-4c4e-8e45-0c0272edbbb2@group-FE77C852EF02, cid=1853, SUCCESS, logIndex=2669, commits[244f13ac-34be-4c4e-8e45-0c0272edbbb2:c2670, 6287e41a-5356-4f55-84f2-270816d53e84:c2666, a2c18d3d-e79d-47c9-88fe-d8a1d195302b:c2666]
2019-08-23 11:31:37,301 [grpc-default-executor-4] INFO  client.GrpcClientProtocolClient (GrpcClientProtocolClient.java:onNext(255)) - client-C9E345EC67ED->244f13ac-34be-4c4e-8e45-0c0272edbbb2: receive RaftClientReply:client-C9E345EC67ED->244f13ac-34be-4c4e-8e45-0c0272edbbb2@group-FE77C852EF02, cid=1854, SUCCESS, logIndex=2670, commits[244f13ac-34be-4c4e-8e45-0c0272edbbb2:c2670, 6287e41a-5356-4f55-84f2-270816d53e84:c2666, a2c18d3d-e79d-47c9-88fe-d8a1d195302b:c2666]
2019-08-23 11:31:37,309 | INFO  | DNAudit | user=null | ip=null | op=WRITE_CHUNK {blockData=conID: 3 locID: 102666069427683857 bcsId: 0} | ret=SUCCESS |  
2019-08-23 11:31:37,309 | INFO  | DNAudit | user=null | ip=null | op=WRITE_CHUNK {blockData=conID: 3 locID: 102666069427683857 bcsId: 0} | ret=SUCCESS |  
2019-08-23 11:31:37,309 | INFO  | DNAudit | user=null | ip=null | op=PUT_BLOCK {blockData=[blockId=conID: 3 locID: 102666069427683857 bcsId: 0,size=1048576]} | ret=SUCCESS |  
2019-08-23 11:31:37,310 | INFO  | DNAudit | user=null | ip=null | op=WRITE_CHUNK {blockData=conID: 3 locID: 102666069427683857 bcsId: 0} | ret=SUCCESS |  
2019-08-23 11:31:37,310 | INFO  | DNAudit | user=null | ip=null | op=PUT_BLOCK {blockData=[blockId=conID: 3 locID: 102666069427683857 bcsId: 0,size=1048576]} | ret=SUCCESS |  
2019-08-23 11:31:37,310 | INFO  | DNAudit | user=null | ip=null | op=PUT_BLOCK {blockData=[blockId=conID: 3 locID: 102666069427683857 bcsId: 0,size=2097152]} | ret=SUCCESS |  
2019-08-23 11:31:37,311 | INFO  | DNAudit | user=null | ip=null | op=WRITE_CHUNK {blockData=conID: 3 locID: 102666069427683857 bcsId: 0} | ret=SUCCESS |  
2019-08-23 11:31:37,311 | INFO  | DNAudit | user=null | ip=null | op=PUT_BLOCK {blockData=[blockId=conID: 3 locID: 102666069427683857 bcsId: 0,size=2097152]} | ret=SUCCESS |  
2019-08-23 11:31:37,311 [grpc-default-executor-5] INFO  client.GrpcClientProtocolClient (GrpcClientProtocolClient.java:onNext(255)) - client-C9E345EC67ED->244f13ac-34be-4c4e-8e45-0c0272edbbb2: receive RaftClientReply:client-C9E345EC67ED->244f13ac-34be-4c4e-8e45-0c0272edbbb2@group-FE77C852EF02, cid=1855, SUCCESS, logIndex=0, commits[244f13ac-34be-4c4e-8e45-0c0272edbbb2:c2673, 6287e41a-5356-4f55-84f2-270816d53e84:c2670, a2c18d3d-e79d-47c9-88fe-d8a1d195302b:c2668]
2019-08-23 11:31:37,317 | INFO  | DNAudit | user=null | ip=null | op=WRITE_CHUNK {blockData=conID: 3 locID: 102666069427683857 bcsId: 2670} | ret=SUCCESS |  
2019-08-23 11:31:37,318 | INFO  | DNAudit | user=null | ip=null | op=WRITE_CHUNK {blockData=conID: 3 locID: 102666069427683857 bcsId: 2670} | ret=SUCCESS |  
2019-08-23 11:31:37,319 | INFO  | DNAudit | user=null | ip=null | op=WRITE_CHUNK {blockData=conID: 3 locID: 102666069427683857 bcsId: 2670} | ret=SUCCESS |  
2019-08-23 11:31:37,328 | INFO  | DNAudit | user=null | ip=null | op=WRITE_CHUNK {blockData=conID: 3 locID: 102666069427683857 bcsId: 2670} | ret=SUCCESS |  
2019-08-23 11:31:37,329 | INFO  | DNAudit | user=null | ip=null | op=PUT_BLOCK {blockData=[blockId=conID: 3 locID: 102666069427683857 bcsId: 0,size=3145728]} | ret=SUCCESS |  
2019-08-23 11:31:37,329 [grpc-default-executor-5] INFO  client.GrpcClientProtocolClient (GrpcClientProtocolClient.java:onNext(255)) - client-C9E345EC67ED->244f13ac-34be-4c4e-8e45-0c0272edbbb2: receive RaftClientReply:client-C9E345EC67ED->244f13ac-34be-4c4e-8e45-0c0272edbbb2@group-FE77C852EF02, cid=1856, SUCCESS, logIndex=2675, commits[244f13ac-34be-4c4e-8e45-0c0272edbbb2:c2676, 6287e41a-5356-4f55-84f2-270816d53e84:c2670, a2c18d3d-e79d-47c9-88fe-d8a1d195302b:c2674]
2019-08-23 11:31:37,329 [grpc-default-executor-5] INFO  client.GrpcClientProtocolClient (GrpcClientProtocolClient.java:onNext(255)) - client-C9E345EC67ED->244f13ac-34be-4c4e-8e45-0c0272edbbb2: receive RaftClientReply:client-C9E345EC67ED->244f13ac-34be-4c4e-8e45-0c0272edbbb2@group-FE77C852EF02, cid=1857, SUCCESS, logIndex=2676, commits[244f13ac-34be-4c4e-8e45-0c0272edbbb2:c2676, 6287e41a-5356-4f55-84f2-270816d53e84:c2674, a2c18d3d-e79d-47c9-88fe-d8a1d195302b:c2674]
2019-08-23 11:31:37,330 | INFO  | DNAudit | user=null | ip=null | op=WRITE_CHUNK {blockData=conID: 3 locID: 102666069427683857 bcsId: 2670} | ret=SUCCESS |  
2019-08-23 11:31:37,330 | INFO  | DNAudit | user=null | ip=null | op=WRITE_CHUNK {blockData=conID: 3 locID: 102666069427683857 bcsId: 2670} | ret=SUCCESS |  
2019-08-23 11:31:37,330 | INFO  | DNAudit | user=null | ip=null | op=PUT_BLOCK {blockData=[blockId=conID: 3 locID: 102666069427683857 bcsId: 0,size=3145728]} | ret=SUCCESS |  
2019-08-23 11:31:37,332 | INFO  | DNAudit | user=null | ip=null | op=PUT_BLOCK {blockData=[blockId=conID: 3 locID: 102666069427683857 bcsId: 0,size=3145728]} | ret=SUCCESS |  
2019-08-23 11:31:37,335 | INFO  | DNAudit | user=null | ip=null | op=WRITE_CHUNK {blockData=conID: 3 locID: 102666069427683857 bcsId: 2676} | ret=SUCCESS |  
2019-08-23 11:31:37,337 | INFO  | DNAudit | user=null | ip=null | op=WRITE_CHUNK {blockData=conID: 3 locID: 102666069427683857 bcsId: 2676} | ret=SUCCESS |  
2019-08-23 11:31:37,337 | INFO  | DNAudit | user=null | ip=null | op=WRITE_CHUNK {blockData=conID: 3 locID: 102666069427683857 bcsId: 2676} | ret=SUCCESS |  
2019-08-23 11:31:37,339 | INFO  | DNAudit | user=null | ip=null | op=WRITE_CHUNK {blockData=conID: 3 locID: 102666069427683857 bcsId: 2676} | ret=SUCCESS |  
2019-08-23 11:31:37,339 | INFO  | DNAudit | user=null | ip=null | op=PUT_BLOCK {blockData=[blockId=conID: 3 locID: 102666069427683857 bcsId: 0,size=4194304]} | ret=SUCCESS |  
2019-08-23 11:31:37,339 [grpc-default-executor-2] INFO  client.GrpcClientProtocolClient (GrpcClientProtocolClient.java:onNext(255)) - client-C9E345EC67ED->244f13ac-34be-4c4e-8e45-0c0272edbbb2: receive RaftClientReply:client-C9E345EC67ED->244f13ac-34be-4c4e-8e45-0c0272edbbb2@group-FE77C852EF02, cid=1858, SUCCESS, logIndex=2679, commits[244f13ac-34be-4c4e-8e45-0c0272edbbb2:c2680, 6287e41a-5356-4f55-84f2-270816d53e84:c2676, a2c18d3d-e79d-47c9-88fe-d8a1d195302b:c2678]
2019-08-23 11:31:37,339 [grpc-default-executor-2] INFO  client.GrpcClientProtocolClient (GrpcClientProtocolClient.java:onNext(255)) - client-C9E345EC67ED->244f13ac-34be-4c4e-8e45-0c0272edbbb2: receive RaftClientReply:client-C9E345EC67ED->244f13ac-34be-4c4e-8e45-0c0272edbbb2@group-FE77C852EF02, cid=1859, SUCCESS, logIndex=2680, commits[244f13ac-34be-4c4e-8e45-0c0272edbbb2:c2680, 6287e41a-5356-4f55-84f2-270816d53e84:c2676, a2c18d3d-e79d-47c9-88fe-d8a1d195302b:c2678]
2019-08-23 11:31:37,340 | INFO  | DNAudit | user=null | ip=null | op=WRITE_CHUNK {blockData=conID: 3 locID: 102666069427683857 bcsId: 2676} | ret=SUCCESS |  
2019-08-23 11:31:37,341 | INFO  | DNAudit | user=null | ip=null | op=WRITE_CHUNK {blockData=conID: 3 locID: 102666069427683857 bcsId: 2676} | ret=SUCCESS |  
2019-08-23 11:31:37,341 | INFO  | DNAudit | user=null | ip=null | op=PUT_BLOCK {blockData=[blockId=conID: 3 locID: 102666069427683857 bcsId: 0,size=4194304]} | ret=SUCCESS |  
2019-08-23 11:31:37,341 | INFO  | DNAudit | user=null | ip=null | op=PUT_BLOCK {blockData=[blockId=conID: 3 locID: 102666069427683857 bcsId: 0,size=4194304]} | ret=SUCCESS |  
2019-08-23 11:31:37,342 [grpc-default-executor-4] INFO  client.GrpcClientProtocolClient (GrpcClientProtocolClient.java:onNext(255)) - client-C9E345EC67ED->244f13ac-34be-4c4e-8e45-0c0272edbbb2: receive RaftClientReply:client-C9E345EC67ED->244f13ac-34be-4c4e-8e45-0c0272edbbb2@group-FE77C852EF02, cid=1860, SUCCESS, logIndex=0, commits[244f13ac-34be-4c4e-8e45-0c0272edbbb2:c2682, 6287e41a-5356-4f55-84f2-270816d53e84:c2680, a2c18d3d-e79d-47c9-88fe-d8a1d195302b:c2680]
2019-08-23 11:31:37,345 | INFO  | SCMAudit | user=jenkins1000 | ip=192.168.5.185 | op=ALLOCATE_BLOCK {owner=00a23185-76ea-47b5-a641-ad3cfbe5521a, size=4194304, type=RATIS, factor=THREE} | ret=SUCCESS |  
2019-08-23 11:31:37,347 | INFO  | OMAudit | user=jenkins1000 | ip=127.0.0.1 | op=ALLOCATE_BLOCK {volume=vol-0-37508, bucket=bucket-0-50919, key=key-0-57313, dataSize=0, replicationType=null, replicationFactor=null, keyLocationInfo=null, clientID=102666068570931602} | ret=SUCCESS |  
2019-08-23 11:31:37,354 | INFO  | DNAudit | user=null | ip=null | op=WRITE_CHUNK {blockData=conID: 1 locID: 102666069432402450 bcsId: 0} | ret=SUCCESS |  
2019-08-23 11:31:37,356 | INFO  | DNAudit | user=null | ip=null | op=WRITE_CHUNK {blockData=conID: 1 locID: 102666069432402450 bcsId: 0} | ret=SUCCESS |  
2019-08-23 11:31:37,357 | INFO  | DNAudit | user=null | ip=null | op=WRITE_CHUNK {blockData=conID: 1 locID: 102666069432402450 bcsId: 0} | ret=SUCCESS |  
2019-08-23 11:31:37,357 | INFO  | DNAudit | user=null | ip=null | op=WRITE_CHUNK {blockData=conID: 1 locID: 102666069432402450 bcsId: 0} | ret=SUCCESS |  
2019-08-23 11:31:37,358 | INFO  | DNAudit | user=null | ip=null | op=WRITE_CHUNK {blockData=conID: 1 locID: 102666069432402450 bcsId: 0} | ret=SUCCESS |  
2019-08-23 11:31:37,358 | INFO  | DNAudit | user=null | ip=null | op=WRITE_CHUNK {blockData=conID: 1 locID: 102666069432402450 bcsId: 0} | ret=SUCCESS |  
2019-08-23 11:31:37,363 | INFO  | DNAudit | user=null | ip=null | op=WRITE_CHUNK {blockData=conID: 1 locID: 102666069432402450 bcsId: 0} | ret=SUCCESS |  
2019-08-23 11:31:37,363 | INFO  | DNAudit | user=null | ip=null | op=PUT_BLOCK {blockData=[blockId=conID: 1 locID: 102666069432402450 bcsId: 0,size=1048576]} | ret=SUCCESS |  
2019-08-23 11:31:37,363 [grpc-default-executor-5] INFO  client.GrpcClientProtocolClient (GrpcClientProtocolClient.java:onNext(255)) - client-C9E345EC67ED->244f13ac-34be-4c4e-8e45-0c0272edbbb2: receive RaftClientReply:client-C9E345EC67ED->244f13ac-34be-4c4e-8e45-0c0272edbbb2@group-FE77C852EF02, cid=1861, SUCCESS, logIndex=2683, commits[244f13ac-34be-4c4e-8e45-0c0272edbbb2:c2685, 6287e41a-5356-4f55-84f2-270816d53e84:c2682, a2c18d3d-e79d-47c9-88fe-d8a1d195302b:c2682]
2019-08-23 11:31:37,363 | INFO  | DNAudit | user=null | ip=null | op=WRITE_CHUNK {blockData=conID: 1 locID: 102666069432402450 bcsId: 0} | ret=SUCCESS |  
2019-08-23 11:31:37,364 [grpc-default-executor-5] INFO  client.GrpcClientProtocolClient (GrpcClientProtocolClient.java:onNext(255)) - client-C9E345EC67ED->244f13ac-34be-4c4e-8e45-0c0272edbbb2: receive RaftClientReply:client-C9E345EC67ED->244f13ac-34be-4c4e-8e45-0c0272edbbb2@group-FE77C852EF02, cid=1862, SUCCESS, logIndex=2684, commits[244f13ac-34be-4c4e-8e45-0c0272edbbb2:c2686, 6287e41a-5356-4f55-84f2-270816d53e84:c2682, a2c18d3d-e79d-47c9-88fe-d8a1d195302b:c2682]
2019-08-23 11:31:37,364 | INFO  | DNAudit | user=null | ip=null | op=PUT_BLOCK {blockData=[blockId=conID: 1 locID: 102666069432402450 bcsId: 0,size=2097152]} | ret=SUCCESS |  
2019-08-23 11:31:37,364 [grpc-default-executor-5] INFO  client.GrpcClientProtocolClient (GrpcClientProtocolClient.java:onNext(255)) - client-C9E345EC67ED->244f13ac-34be-4c4e-8e45-0c0272edbbb2: receive RaftClientReply:client-C9E345EC67ED->244f13ac-34be-4c4e-8e45-0c0272edbbb2@group-FE77C852EF02, cid=1863, SUCCESS, logIndex=2685, commits[244f13ac-34be-4c4e-8e45-0c0272edbbb2:c2686, 6287e41a-5356-4f55-84f2-270816d53e84:c2682, a2c18d3d-e79d-47c9-88fe-d8a1d195302b:c2682]
2019-08-23 11:31:37,364 [grpc-default-executor-5] INFO  client.GrpcClientProtocolClient (GrpcClientProtocolClient.java:onNext(255)) - client-C9E345EC67ED->244f13ac-34be-4c4e-8e45-0c0272edbbb2: receive RaftClientReply:client-C9E345EC67ED->244f13ac-34be-4c4e-8e45-0c0272edbbb2@group-FE77C852EF02, cid=1864, SUCCESS, logIndex=2686, commits[244f13ac-34be-4c4e-8e45-0c0272edbbb2:c2686, 6287e41a-5356-4f55-84f2-270816d53e84:c2682, a2c18d3d-e79d-47c9-88fe-d8a1d195302b:c2682]
2019-08-23 11:31:37,364 | INFO  | DNAudit | user=null | ip=null | op=WRITE_CHUNK {blockData=conID: 1 locID: 102666069432402450 bcsId: 0} | ret=SUCCESS |  
2019-08-23 11:31:37,365 | INFO  | DNAudit | user=null | ip=null | op=WRITE_CHUNK {blockData=conID: 1 locID: 102666069432402450 bcsId: 0} | ret=SUCCESS |  
2019-08-23 11:31:37,365 | INFO  | DNAudit | user=null | ip=null | op=PUT_BLOCK {blockData=[blockId=conID: 1 locID: 102666069432402450 bcsId: 0,size=1048576]} | ret=SUCCESS |  
2019-08-23 11:31:37,365 | INFO  | DNAudit | user=null | ip=null | op=WRITE_CHUNK {blockData=conID: 1 locID: 102666069432402450 bcsId: 0} | ret=SUCCESS |  
2019-08-23 11:31:37,365 | INFO  | DNAudit | user=null | ip=null | op=PUT_BLOCK {blockData=[blockId=conID: 1 locID: 102666069432402450 bcsId: 0,size=2097152]} | ret=SUCCESS |  
2019-08-23 11:31:37,366 | INFO  | DNAudit | user=null | ip=null | op=PUT_BLOCK {blockData=[blockId=conID: 1 locID: 102666069432402450 bcsId: 0,size=1048576]} | ret=SUCCESS |  
2019-08-23 11:31:37,366 | INFO  | DNAudit | user=null | ip=null | op=WRITE_CHUNK {blockData=conID: 1 locID: 102666069432402450 bcsId: 0} | ret=SUCCESS |  
2019-08-23 11:31:37,366 | INFO  | DNAudit | user=null | ip=null | op=PUT_BLOCK {blockData=[blockId=conID: 1 locID: 102666069432402450 bcsId: 0,size=2097152]} | ret=SUCCESS |  
2019-08-23 11:31:37,366 [grpc-default-executor-5] INFO  client.GrpcClientProtocolClient (GrpcClientProtocolClient.java:onNext(255)) - client-C9E345EC67ED->244f13ac-34be-4c4e-8e45-0c0272edbbb2: receive RaftClientReply:client-C9E345EC67ED->244f13ac-34be-4c4e-8e45-0c0272edbbb2@group-FE77C852EF02, cid=1865, SUCCESS, logIndex=0, commits[244f13ac-34be-4c4e-8e45-0c0272edbbb2:c2690, 6287e41a-5356-4f55-84f2-270816d53e84:c2684, a2c18d3d-e79d-47c9-88fe-d8a1d195302b:c2686]
2019-08-23 11:31:37,372 | INFO  | DNAudit | user=null | ip=null | op=WRITE_CHUNK {blockData=conID: 1 locID: 102666069432402450 bcsId: 2686} | ret=SUCCESS |  
2019-08-23 11:31:37,374 | INFO  | DNAudit | user=null | ip=null | op=WRITE_CHUNK {blockData=conID: 1 locID: 102666069432402450 bcsId: 2686} | ret=SUCCESS |  
2019-08-23 11:31:37,375 | INFO  | DNAudit | user=null | ip=null | op=WRITE_CHUNK {blockData=conID: 1 locID: 102666069432402450 bcsId: 2686} | ret=SUCCESS |  
2019-08-23 11:31:37,376 | INFO  | DNAudit | user=null | ip=null | op=WRITE_CHUNK {blockData=conID: 1 locID: 102666069432402450 bcsId: 2686} | ret=SUCCESS |  
2019-08-23 11:31:37,377 | INFO  | DNAudit | user=null | ip=null | op=PUT_BLOCK {blockData=[blockId=conID: 1 locID: 102666069432402450 bcsId: 0,size=3145728]} | ret=SUCCESS |  
2019-08-23 11:31:37,377 [grpc-default-executor-5] INFO  client.GrpcClientProtocolClient (GrpcClientProtocolClient.java:onNext(255)) - client-C9E345EC67ED->244f13ac-34be-4c4e-8e45-0c0272edbbb2: receive RaftClientReply:client-C9E345EC67ED->244f13ac-34be-4c4e-8e45-0c0272edbbb2@group-FE77C852EF02, cid=1866, SUCCESS, logIndex=2691, commits[244f13ac-34be-4c4e-8e45-0c0272edbbb2:c2692, 6287e41a-5356-4f55-84f2-270816d53e84:c2690, a2c18d3d-e79d-47c9-88fe-d8a1d195302b:c2690]
2019-08-23 11:31:37,377 [grpc-default-executor-5] INFO  client.GrpcClientProtocolClient (GrpcClientProtocolClient.java:onNext(255)) - client-C9E345EC67ED->244f13ac-34be-4c4e-8e45-0c0272edbbb2: receive RaftClientReply:client-C9E345EC67ED->244f13ac-34be-4c4e-8e45-0c0272edbbb2@group-FE77C852EF02, cid=1867, SUCCESS, logIndex=2692, commits[244f13ac-34be-4c4e-8e45-0c0272edbbb2:c2692, 6287e41a-5356-4f55-84f2-270816d53e84:c2690, a2c18d3d-e79d-47c9-88fe-d8a1d195302b:c2690]
2019-08-23 11:31:37,384 | INFO  | DNAudit | user=null | ip=null | op=WRITE_CHUNK {blockData=conID: 1 locID: 102666069432402450 bcsId: 2692} | ret=SUCCESS |  
2019-08-23 11:31:37,385 | INFO  | DNAudit | user=null | ip=null | op=WRITE_CHUNK {blockData=conID: 1 locID: 102666069432402450 bcsId: 2692} | ret=SUCCESS |  
2019-08-23 11:31:37,386 | INFO  | DNAudit | user=null | ip=null | op=WRITE_CHUNK {blockData=conID: 1 locID: 102666069432402450 bcsId: 2692} | ret=SUCCESS |  
2019-08-23 11:31:37,389 | INFO  | DNAudit | user=null | ip=null | op=WRITE_CHUNK {blockData=conID: 1 locID: 102666069432402450 bcsId: 2686} | ret=SUCCESS |  
2019-08-23 11:31:37,389 | INFO  | DNAudit | user=null | ip=null | op=WRITE_CHUNK {blockData=conID: 1 locID: 102666069432402450 bcsId: 2686} | ret=SUCCESS |  
2019-08-23 11:31:37,390 | INFO  | DNAudit | user=null | ip=null | op=PUT_BLOCK {blockData=[blockId=conID: 1 locID: 102666069432402450 bcsId: 0,size=3145728]} | ret=SUCCESS |  
2019-08-23 11:31:37,390 | INFO  | DNAudit | user=null | ip=null | op=PUT_BLOCK {blockData=[blockId=conID: 1 locID: 102666069432402450 bcsId: 0,size=3145728]} | ret=SUCCESS |  
2019-08-23 11:31:37,400 | INFO  | DNAudit | user=null | ip=null | op=WRITE_CHUNK {blockData=conID: 1 locID: 102666069432402450 bcsId: 2692} | ret=SUCCESS |  
2019-08-23 11:31:37,401 | INFO  | DNAudit | user=null | ip=null | op=PUT_BLOCK {blockData=[blockId=conID: 1 locID: 102666069432402450 bcsId: 0,size=4194304]} | ret=SUCCESS |  
2019-08-23 11:31:37,401 [grpc-default-executor-5] INFO  client.GrpcClientProtocolClient (GrpcClientProtocolClient.java:onNext(255)) - client-C9E345EC67ED->244f13ac-34be-4c4e-8e45-0c0272edbbb2: receive RaftClientReply:client-C9E345EC67ED->244f13ac-34be-4c4e-8e45-0c0272edbbb2@group-FE77C852EF02, cid=1868, SUCCESS, logIndex=2695, commits[244f13ac-34be-4c4e-8e45-0c0272edbbb2:c2696, 6287e41a-5356-4f55-84f2-270816d53e84:c2692, a2c18d3d-e79d-47c9-88fe-d8a1d195302b:c2692]
2019-08-23 11:31:37,401 [grpc-default-executor-5] INFO  client.GrpcClientProtocolClient (GrpcClientProtocolClient.java:onNext(255)) - client-C9E345EC67ED->244f13ac-34be-4c4e-8e45-0c0272edbbb2: receive RaftClientReply:client-C9E345EC67ED->244f13ac-34be-4c4e-8e45-0c0272edbbb2@group-FE77C852EF02, cid=1869, SUCCESS, logIndex=2696, commits[244f13ac-34be-4c4e-8e45-0c0272edbbb2:c2696, 6287e41a-5356-4f55-84f2-270816d53e84:c2692, a2c18d3d-e79d-47c9-88fe-d8a1d195302b:c2692]
2019-08-23 11:31:37,402 | INFO  | DNAudit | user=null | ip=null | op=WRITE_CHUNK {blockData=conID: 1 locID: 102666069432402450 bcsId: 2692} | ret=SUCCESS |  
2019-08-23 11:31:37,402 | INFO  | DNAudit | user=null | ip=null | op=WRITE_CHUNK {blockData=conID: 1 locID: 102666069432402450 bcsId: 2692} | ret=SUCCESS |  
2019-08-23 11:31:37,402 | INFO  | DNAudit | user=null | ip=null | op=PUT_BLOCK {blockData=[blockId=conID: 1 locID: 102666069432402450 bcsId: 0,size=4194304]} | ret=SUCCESS |  
2019-08-23 11:31:37,402 | INFO  | DNAudit | user=null | ip=null | op=PUT_BLOCK {blockData=[blockId=conID: 1 locID: 102666069432402450 bcsId: 0,size=4194304]} | ret=SUCCESS |  
2019-08-23 11:31:37,403 [grpc-default-executor-2] INFO  client.GrpcClientProtocolClient (GrpcClientProtocolClient.java:onNext(255)) - client-C9E345EC67ED->244f13ac-34be-4c4e-8e45-0c0272edbbb2: receive RaftClientReply:client-C9E345EC67ED->244f13ac-34be-4c4e-8e45-0c0272edbbb2@group-FE77C852EF02, cid=1870, SUCCESS, logIndex=0, commits[244f13ac-34be-4c4e-8e45-0c0272edbbb2:c2697, 6287e41a-5356-4f55-84f2-270816d53e84:c2696, a2c18d3d-e79d-47c9-88fe-d8a1d195302b:c2696]
2019-08-23 11:31:37,407 | INFO  | SCMAudit | user=jenkins1000 | ip=192.168.5.185 | op=ALLOCATE_BLOCK {owner=00a23185-76ea-47b5-a641-ad3cfbe5521a, size=4194304, type=RATIS, factor=THREE} | ret=SUCCESS |  
2019-08-23 11:31:37,409 | INFO  | OMAudit | user=jenkins1000 | ip=127.0.0.1 | op=ALLOCATE_BLOCK {volume=vol-0-37508, bucket=bucket-0-50919, key=key-0-57313, dataSize=0, replicationType=null, replicationFactor=null, keyLocationInfo=null, clientID=102666068570931602} | ret=SUCCESS |  
2019-08-23 11:31:37,417 | INFO  | DNAudit | user=null | ip=null | op=WRITE_CHUNK {blockData=conID: 2 locID: 102666069436465683 bcsId: 0} | ret=SUCCESS |  
2019-08-23 11:31:37,419 | INFO  | DNAudit | user=null | ip=null | op=WRITE_CHUNK {blockData=conID: 2 locID: 102666069436465683 bcsId: 0} | ret=SUCCESS |  
2019-08-23 11:31:37,419 | INFO  | DNAudit | user=null | ip=null | op=WRITE_CHUNK {blockData=conID: 2 locID: 102666069436465683 bcsId: 0} | ret=SUCCESS |  
2019-08-23 11:31:37,420 | INFO  | DNAudit | user=null | ip=null | op=WRITE_CHUNK {blockData=conID: 2 locID: 102666069436465683 bcsId: 0} | ret=SUCCESS |  
2019-08-23 11:31:37,421 | INFO  | DNAudit | user=null | ip=null | op=WRITE_CHUNK {blockData=conID: 2 locID: 102666069436465683 bcsId: 0} | ret=SUCCESS |  
2019-08-23 11:31:37,422 | INFO  | DNAudit | user=null | ip=null | op=WRITE_CHUNK {blockData=conID: 2 locID: 102666069436465683 bcsId: 0} | ret=SUCCESS |  
2019-08-23 11:31:37,430 | INFO  | DNAudit | user=null | ip=null | op=WRITE_CHUNK {blockData=conID: 2 locID: 102666069436465683 bcsId: 0} | ret=SUCCESS |  
2019-08-23 11:31:37,431 | INFO  | DNAudit | user=null | ip=null | op=PUT_BLOCK {blockData=[blockId=conID: 2 locID: 102666069436465683 bcsId: 0,size=1048576]} | ret=SUCCESS |  
2019-08-23 11:31:37,431 [grpc-default-executor-2] INFO  client.GrpcClientProtocolClient (GrpcClientProtocolClient.java:onNext(255)) - client-C9E345EC67ED->244f13ac-34be-4c4e-8e45-0c0272edbbb2: receive RaftClientReply:client-C9E345EC67ED->244f13ac-34be-4c4e-8e45-0c0272edbbb2@group-FE77C852EF02, cid=1871, SUCCESS, logIndex=2699, commits[244f13ac-34be-4c4e-8e45-0c0272edbbb2:c2700, 6287e41a-5356-4f55-84f2-270816d53e84:c2698, a2c18d3d-e79d-47c9-88fe-d8a1d195302b:c2698]
2019-08-23 11:31:37,431 | INFO  | DNAudit | user=null | ip=null | op=WRITE_CHUNK {blockData=conID: 2 locID: 102666069436465683 bcsId: 0} | ret=SUCCESS |  
2019-08-23 11:31:37,431 [grpc-default-executor-2] INFO  client.GrpcClientProtocolClient (GrpcClientProtocolClient.java:onNext(255)) - client-C9E345EC67ED->244f13ac-34be-4c4e-8e45-0c0272edbbb2: receive RaftClientReply:client-C9E345EC67ED->244f13ac-34be-4c4e-8e45-0c0272edbbb2@group-FE77C852EF02, cid=1872, SUCCESS, logIndex=2700, commits[244f13ac-34be-4c4e-8e45-0c0272edbbb2:c2702, 6287e41a-5356-4f55-84f2-270816d53e84:c2698, a2c18d3d-e79d-47c9-88fe-d8a1d195302b:c2698]
2019-08-23 11:31:37,431 | INFO  | DNAudit | user=null | ip=null | op=PUT_BLOCK {blockData=[blockId=conID: 2 locID: 102666069436465683 bcsId: 0,size=2097152]} | ret=SUCCESS |  
2019-08-23 11:31:37,431 [grpc-default-executor-2] INFO  client.GrpcClientProtocolClient (GrpcClientProtocolClient.java:onNext(255)) - client-C9E345EC67ED->244f13ac-34be-4c4e-8e45-0c0272edbbb2: receive RaftClientReply:client-C9E345EC67ED->244f13ac-34be-4c4e-8e45-0c0272edbbb2@group-FE77C852EF02, cid=1873, SUCCESS, logIndex=2701, commits[244f13ac-34be-4c4e-8e45-0c0272edbbb2:c2702, 6287e41a-5356-4f55-84f2-270816d53e84:c2698, a2c18d3d-e79d-47c9-88fe-d8a1d195302b:c2698]
2019-08-23 11:31:37,432 | INFO  | DNAudit | user=null | ip=null | op=WRITE_CHUNK {blockData=conID: 2 locID: 102666069436465683 bcsId: 0} | ret=SUCCESS |  
2019-08-23 11:31:37,432 | INFO  | DNAudit | user=null | ip=null | op=PUT_BLOCK {blockData=[blockId=conID: 2 locID: 102666069436465683 bcsId: 0,size=1048576]} | ret=SUCCESS |  
2019-08-23 11:31:37,432 [grpc-default-executor-2] INFO  client.GrpcClientProtocolClient (GrpcClientProtocolClient.java:onNext(255)) - client-C9E345EC67ED->244f13ac-34be-4c4e-8e45-0c0272edbbb2: receive RaftClientReply:client-C9E345EC67ED->244f13ac-34be-4c4e-8e45-0c0272edbbb2@group-FE77C852EF02, cid=1874, SUCCESS, logIndex=2702, commits[244f13ac-34be-4c4e-8e45-0c0272edbbb2:c2702, 6287e41a-5356-4f55-84f2-270816d53e84:c2698, a2c18d3d-e79d-47c9-88fe-d8a1d195302b:c2698]
2019-08-23 11:31:37,432 | INFO  | DNAudit | user=null | ip=null | op=WRITE_CHUNK {blockData=conID: 2 locID: 102666069436465683 bcsId: 0} | ret=SUCCESS |  
2019-08-23 11:31:37,432 | INFO  | DNAudit | user=null | ip=null | op=PUT_BLOCK {blockData=[blockId=conID: 2 locID: 102666069436465683 bcsId: 0,size=1048576]} | ret=SUCCESS |  
2019-08-23 11:31:37,432 | INFO  | DNAudit | user=null | ip=null | op=WRITE_CHUNK {blockData=conID: 2 locID: 102666069436465683 bcsId: 0} | ret=SUCCESS |  
2019-08-23 11:31:37,433 | INFO  | DNAudit | user=null | ip=null | op=PUT_BLOCK {blockData=[blockId=conID: 2 locID: 102666069436465683 bcsId: 0,size=2097152]} | ret=SUCCESS |  
2019-08-23 11:31:37,433 [grpc-default-executor-5] INFO  client.GrpcClientProtocolClient (GrpcClientProtocolClient.java:onNext(255)) - client-C9E345EC67ED->244f13ac-34be-4c4e-8e45-0c0272edbbb2: receive RaftClientReply:client-C9E345EC67ED->244f13ac-34be-4c4e-8e45-0c0272edbbb2@group-FE77C852EF02, cid=1875, SUCCESS, logIndex=0, commits[244f13ac-34be-4c4e-8e45-0c0272edbbb2:c2704, 6287e41a-5356-4f55-84f2-270816d53e84:c2700, a2c18d3d-e79d-47c9-88fe-d8a1d195302b:c2700]
2019-08-23 11:31:37,433 | INFO  | DNAudit | user=null | ip=null | op=WRITE_CHUNK {blockData=conID: 2 locID: 102666069436465683 bcsId: 0} | ret=SUCCESS |  
2019-08-23 11:31:37,433 | INFO  | DNAudit | user=null | ip=null | op=PUT_BLOCK {blockData=[blockId=conID: 2 locID: 102666069436465683 bcsId: 0,size=2097152]} | ret=SUCCESS |  
2019-08-23 11:31:37,440 | INFO  | DNAudit | user=null | ip=null | op=WRITE_CHUNK {blockData=conID: 2 locID: 102666069436465683 bcsId: 2702} | ret=SUCCESS |  
2019-08-23 11:31:37,442 | INFO  | DNAudit | user=null | ip=null | op=WRITE_CHUNK {blockData=conID: 2 locID: 102666069436465683 bcsId: 2702} | ret=SUCCESS |  
2019-08-23 11:31:37,442 | INFO  | DNAudit | user=null | ip=null | op=WRITE_CHUNK {blockData=conID: 2 locID: 102666069436465683 bcsId: 2702} | ret=SUCCESS |  
2019-08-23 11:31:37,452 | INFO  | DNAudit | user=null | ip=null | op=WRITE_CHUNK {blockData=conID: 2 locID: 102666069436465683 bcsId: 2702} | ret=SUCCESS |  
2019-08-23 11:31:37,453 | INFO  | DNAudit | user=null | ip=null | op=PUT_BLOCK {blockData=[blockId=conID: 2 locID: 102666069436465683 bcsId: 0,size=3145728]} | ret=SUCCESS |  
2019-08-23 11:31:37,453 [grpc-default-executor-2] INFO  client.GrpcClientProtocolClient (GrpcClientProtocolClient.java:onNext(255)) - client-C9E345EC67ED->244f13ac-34be-4c4e-8e45-0c0272edbbb2: receive RaftClientReply:client-C9E345EC67ED->244f13ac-34be-4c4e-8e45-0c0272edbbb2@group-FE77C852EF02, cid=1876, SUCCESS, logIndex=2707, commits[244f13ac-34be-4c4e-8e45-0c0272edbbb2:c2708, 6287e41a-5356-4f55-84f2-270816d53e84:c2706, a2c18d3d-e79d-47c9-88fe-d8a1d195302b:c2706]
2019-08-23 11:31:37,453 [grpc-default-executor-2] INFO  client.GrpcClientProtocolClient (GrpcClientProtocolClient.java:onNext(255)) - client-C9E345EC67ED->244f13ac-34be-4c4e-8e45-0c0272edbbb2: receive RaftClientReply:client-C9E345EC67ED->244f13ac-34be-4c4e-8e45-0c0272edbbb2@group-FE77C852EF02, cid=1877, SUCCESS, logIndex=2708, commits[244f13ac-34be-4c4e-8e45-0c0272edbbb2:c2708, 6287e41a-5356-4f55-84f2-270816d53e84:c2706, a2c18d3d-e79d-47c9-88fe-d8a1d195302b:c2706]
2019-08-23 11:31:37,460 | INFO  | DNAudit | user=null | ip=null | op=WRITE_CHUNK {blockData=conID: 2 locID: 102666069436465683 bcsId: 2708} | ret=SUCCESS |  
2019-08-23 11:31:37,462 | INFO  | DNAudit | user=null | ip=null | op=WRITE_CHUNK {blockData=conID: 2 locID: 102666069436465683 bcsId: 2708} | ret=SUCCESS |  
2019-08-23 11:31:37,462 | INFO  | DNAudit | user=null | ip=null | op=WRITE_CHUNK {blockData=conID: 2 locID: 102666069436465683 bcsId: 2708} | ret=SUCCESS |  
2019-08-23 11:31:37,464 | INFO  | DNAudit | user=null | ip=null | op=WRITE_CHUNK {blockData=conID: 2 locID: 102666069436465683 bcsId: 2702} | ret=SUCCESS |  
2019-08-23 11:31:37,464 | INFO  | DNAudit | user=null | ip=null | op=WRITE_CHUNK {blockData=conID: 2 locID: 102666069436465683 bcsId: 2702} | ret=SUCCESS |  
2019-08-23 11:31:37,464 | INFO  | DNAudit | user=null | ip=null | op=PUT_BLOCK {blockData=[blockId=conID: 2 locID: 102666069436465683 bcsId: 0,size=3145728]} | ret=SUCCESS |  
2019-08-23 11:31:37,464 | INFO  | DNAudit | user=null | ip=null | op=PUT_BLOCK {blockData=[blockId=conID: 2 locID: 102666069436465683 bcsId: 0,size=3145728]} | ret=SUCCESS |  
2019-08-23 11:31:37,466 | INFO  | DNAudit | user=null | ip=null | op=WRITE_CHUNK {blockData=conID: 2 locID: 102666069436465683 bcsId: 2708} | ret=SUCCESS |  
2019-08-23 11:31:37,466 | INFO  | DNAudit | user=null | ip=null | op=PUT_BLOCK {blockData=[blockId=conID: 2 locID: 102666069436465683 bcsId: 0,size=4194304]} | ret=SUCCESS |  
2019-08-23 11:31:37,466 [grpc-default-executor-5] INFO  client.GrpcClientProtocolClient (GrpcClientProtocolClient.java:onNext(255)) - client-C9E345EC67ED->244f13ac-34be-4c4e-8e45-0c0272edbbb2: receive RaftClientReply:client-C9E345EC67ED->244f13ac-34be-4c4e-8e45-0c0272edbbb2@group-FE77C852EF02, cid=1878, SUCCESS, logIndex=2711, commits[244f13ac-34be-4c4e-8e45-0c0272edbbb2:c2712, 6287e41a-5356-4f55-84f2-270816d53e84:c2708, a2c18d3d-e79d-47c9-88fe-d8a1d195302b:c2708]
2019-08-23 11:31:37,466 [grpc-default-executor-5] INFO  client.GrpcClientProtocolClient (GrpcClientProtocolClient.java:onNext(255)) - client-C9E345EC67ED->244f13ac-34be-4c4e-8e45-0c0272edbbb2: receive RaftClientReply:client-C9E345EC67ED->244f13ac-34be-4c4e-8e45-0c0272edbbb2@group-FE77C852EF02, cid=1879, SUCCESS, logIndex=2712, commits[244f13ac-34be-4c4e-8e45-0c0272edbbb2:c2712, 6287e41a-5356-4f55-84f2-270816d53e84:c2708, a2c18d3d-e79d-47c9-88fe-d8a1d195302b:c2708]
2019-08-23 11:31:37,477 | INFO  | DNAudit | user=null | ip=null | op=WRITE_CHUNK {blockData=conID: 2 locID: 102666069436465683 bcsId: 2708} | ret=SUCCESS |  
2019-08-23 11:31:37,477 | INFO  | DNAudit | user=null | ip=null | op=WRITE_CHUNK {blockData=conID: 2 locID: 102666069436465683 bcsId: 2708} | ret=SUCCESS |  
2019-08-23 11:31:37,478 | INFO  | DNAudit | user=null | ip=null | op=PUT_BLOCK {blockData=[blockId=conID: 2 locID: 102666069436465683 bcsId: 0,size=4194304]} | ret=SUCCESS |  
2019-08-23 11:31:37,478 | INFO  | DNAudit | user=null | ip=null | op=PUT_BLOCK {blockData=[blockId=conID: 2 locID: 102666069436465683 bcsId: 0,size=4194304]} | ret=SUCCESS |  
2019-08-23 11:31:37,479 [grpc-default-executor-2] INFO  client.GrpcClientProtocolClient (GrpcClientProtocolClient.java:onNext(255)) - client-C9E345EC67ED->244f13ac-34be-4c4e-8e45-0c0272edbbb2: receive RaftClientReply:client-C9E345EC67ED->244f13ac-34be-4c4e-8e45-0c0272edbbb2@group-FE77C852EF02, cid=1880, SUCCESS, logIndex=0, commits[244f13ac-34be-4c4e-8e45-0c0272edbbb2:c2714, 6287e41a-5356-4f55-84f2-270816d53e84:c2712, a2c18d3d-e79d-47c9-88fe-d8a1d195302b:c2712]
2019-08-23 11:31:37,482 | INFO  | SCMAudit | user=jenkins1000 | ip=192.168.5.185 | op=ALLOCATE_BLOCK {owner=00a23185-76ea-47b5-a641-ad3cfbe5521a, size=4194304, type=RATIS, factor=THREE} | ret=SUCCESS |  
2019-08-23 11:31:37,484 | INFO  | OMAudit | user=jenkins1000 | ip=127.0.0.1 | op=ALLOCATE_BLOCK {volume=vol-0-37508, bucket=bucket-0-50919, key=key-0-57313, dataSize=0, replicationType=null, replicationFactor=null, keyLocationInfo=null, clientID=102666068570931602} | ret=SUCCESS |  
2019-08-23 11:31:37,491 | INFO  | DNAudit | user=null | ip=null | op=WRITE_CHUNK {blockData=conID: 3 locID: 102666069441380884 bcsId: 0} | ret=SUCCESS |  
2019-08-23 11:31:37,494 | INFO  | DNAudit | user=null | ip=null | op=WRITE_CHUNK {blockData=conID: 3 locID: 102666069441380884 bcsId: 0} | ret=SUCCESS |  
2019-08-23 11:31:37,494 | INFO  | DNAudit | user=null | ip=null | op=WRITE_CHUNK {blockData=conID: 3 locID: 102666069441380884 bcsId: 0} | ret=SUCCESS |  
2019-08-23 11:31:37,494 | INFO  | DNAudit | user=null | ip=null | op=WRITE_CHUNK {blockData=conID: 3 locID: 102666069441380884 bcsId: 0} | ret=SUCCESS |  
2019-08-23 11:31:37,496 | INFO  | DNAudit | user=null | ip=null | op=WRITE_CHUNK {blockData=conID: 3 locID: 102666069441380884 bcsId: 0} | ret=SUCCESS |  
2019-08-23 11:31:37,496 | INFO  | DNAudit | user=null | ip=null | op=WRITE_CHUNK {blockData=conID: 3 locID: 102666069441380884 bcsId: 0} | ret=SUCCESS |  
2019-08-23 11:31:37,503 | INFO  | DNAudit | user=null | ip=null | op=WRITE_CHUNK {blockData=conID: 3 locID: 102666069441380884 bcsId: 0} | ret=SUCCESS |  
2019-08-23 11:31:37,504 | INFO  | DNAudit | user=null | ip=null | op=PUT_BLOCK {blockData=[blockId=conID: 3 locID: 102666069441380884 bcsId: 0,size=1048576]} | ret=SUCCESS |  
2019-08-23 11:31:37,504 [grpc-default-executor-4] INFO  client.GrpcClientProtocolClient (GrpcClientProtocolClient.java:onNext(255)) - client-C9E345EC67ED->244f13ac-34be-4c4e-8e45-0c0272edbbb2: receive RaftClientReply:client-C9E345EC67ED->244f13ac-34be-4c4e-8e45-0c0272edbbb2@group-FE77C852EF02, cid=1881, SUCCESS, logIndex=2715, commits[244f13ac-34be-4c4e-8e45-0c0272edbbb2:c2716, 6287e41a-5356-4f55-84f2-270816d53e84:c2714, a2c18d3d-e79d-47c9-88fe-d8a1d195302b:c2714]
2019-08-23 11:31:37,505 | INFO  | DNAudit | user=null | ip=null | op=WRITE_CHUNK {blockData=conID: 3 locID: 102666069441380884 bcsId: 0} | ret=SUCCESS |  
2019-08-23 11:31:37,504 [grpc-default-executor-4] INFO  client.GrpcClientProtocolClient (GrpcClientProtocolClient.java:onNext(255)) - client-C9E345EC67ED->244f13ac-34be-4c4e-8e45-0c0272edbbb2: receive RaftClientReply:client-C9E345EC67ED->244f13ac-34be-4c4e-8e45-0c0272edbbb2@group-FE77C852EF02, cid=1882, SUCCESS, logIndex=2716, commits[244f13ac-34be-4c4e-8e45-0c0272edbbb2:c2716, 6287e41a-5356-4f55-84f2-270816d53e84:c2714, a2c18d3d-e79d-47c9-88fe-d8a1d195302b:c2714]
2019-08-23 11:31:37,505 | INFO  | DNAudit | user=null | ip=null | op=PUT_BLOCK {blockData=[blockId=conID: 3 locID: 102666069441380884 bcsId: 0,size=2097152]} | ret=SUCCESS |  
2019-08-23 11:31:37,505 [grpc-default-executor-4] INFO  client.GrpcClientProtocolClient (GrpcClientProtocolClient.java:onNext(255)) - client-C9E345EC67ED->244f13ac-34be-4c4e-8e45-0c0272edbbb2: receive RaftClientReply:client-C9E345EC67ED->244f13ac-34be-4c4e-8e45-0c0272edbbb2@group-FE77C852EF02, cid=1883, SUCCESS, logIndex=2717, commits[244f13ac-34be-4c4e-8e45-0c0272edbbb2:c2718, 6287e41a-5356-4f55-84f2-270816d53e84:c2714, a2c18d3d-e79d-47c9-88fe-d8a1d195302b:c2714]
2019-08-23 11:31:37,505 [grpc-default-executor-4] INFO  client.GrpcClientProtocolClient (GrpcClientProtocolClient.java:onNext(255)) - client-C9E345EC67ED->244f13ac-34be-4c4e-8e45-0c0272edbbb2: receive RaftClientReply:client-C9E345EC67ED->244f13ac-34be-4c4e-8e45-0c0272edbbb2@group-FE77C852EF02, cid=1884, SUCCESS, logIndex=2718, commits[244f13ac-34be-4c4e-8e45-0c0272edbbb2:c2718, 6287e41a-5356-4f55-84f2-270816d53e84:c2714, a2c18d3d-e79d-47c9-88fe-d8a1d195302b:c2714]
2019-08-23 11:31:37,506 | INFO  | DNAudit | user=null | ip=null | op=WRITE_CHUNK {blockData=conID: 3 locID: 102666069441380884 bcsId: 0} | ret=SUCCESS |  
2019-08-23 11:31:37,506 | INFO  | DNAudit | user=null | ip=null | op=PUT_BLOCK {blockData=[blockId=conID: 3 locID: 102666069441380884 bcsId: 0,size=1048576]} | ret=SUCCESS |  
2019-08-23 11:31:37,506 | INFO  | DNAudit | user=null | ip=null | op=WRITE_CHUNK {blockData=conID: 3 locID: 102666069441380884 bcsId: 0} | ret=SUCCESS |  
2019-08-23 11:31:37,506 | INFO  | DNAudit | user=null | ip=null | op=PUT_BLOCK {blockData=[blockId=conID: 3 locID: 102666069441380884 bcsId: 0,size=1048576]} | ret=SUCCESS |  
2019-08-23 11:31:37,506 | INFO  | DNAudit | user=null | ip=null | op=WRITE_CHUNK {blockData=conID: 3 locID: 102666069441380884 bcsId: 0} | ret=SUCCESS |  
2019-08-23 11:31:37,506 | INFO  | DNAudit | user=null | ip=null | op=PUT_BLOCK {blockData=[blockId=conID: 3 locID: 102666069441380884 bcsId: 0,size=2097152]} | ret=SUCCESS |  
2019-08-23 11:31:37,506 [grpc-default-executor-4] INFO  client.GrpcClientProtocolClient (GrpcClientProtocolClient.java:onNext(255)) - client-C9E345EC67ED->244f13ac-34be-4c4e-8e45-0c0272edbbb2: receive RaftClientReply:client-C9E345EC67ED->244f13ac-34be-4c4e-8e45-0c0272edbbb2@group-FE77C852EF02, cid=1885, SUCCESS, logIndex=0, commits[244f13ac-34be-4c4e-8e45-0c0272edbbb2:c2720, 6287e41a-5356-4f55-84f2-270816d53e84:c2716, a2c18d3d-e79d-47c9-88fe-d8a1d195302b:c2716]
2019-08-23 11:31:37,507 | INFO  | DNAudit | user=null | ip=null | op=WRITE_CHUNK {blockData=conID: 3 locID: 102666069441380884 bcsId: 0} | ret=SUCCESS |  
2019-08-23 11:31:37,507 | INFO  | DNAudit | user=null | ip=null | op=PUT_BLOCK {blockData=[blockId=conID: 3 locID: 102666069441380884 bcsId: 0,size=2097152]} | ret=SUCCESS |  
2019-08-23 11:31:37,514 | INFO  | DNAudit | user=null | ip=null | op=WRITE_CHUNK {blockData=conID: 3 locID: 102666069441380884 bcsId: 2718} | ret=SUCCESS |  
2019-08-23 11:31:37,515 | INFO  | DNAudit | user=null | ip=null | op=WRITE_CHUNK {blockData=conID: 3 locID: 102666069441380884 bcsId: 2718} | ret=SUCCESS |  
2019-08-23 11:31:37,515 | INFO  | DNAudit | user=null | ip=null | op=WRITE_CHUNK {blockData=conID: 3 locID: 102666069441380884 bcsId: 2718} | ret=SUCCESS |  
2019-08-23 11:31:37,526 | INFO  | DNAudit | user=null | ip=null | op=WRITE_CHUNK {blockData=conID: 3 locID: 102666069441380884 bcsId: 2718} | ret=SUCCESS |  
2019-08-23 11:31:37,526 | INFO  | DNAudit | user=null | ip=null | op=PUT_BLOCK {blockData=[blockId=conID: 3 locID: 102666069441380884 bcsId: 0,size=3145728]} | ret=SUCCESS |  
2019-08-23 11:31:37,527 [grpc-default-executor-2] INFO  client.GrpcClientProtocolClient (GrpcClientProtocolClient.java:onNext(255)) - client-C9E345EC67ED->244f13ac-34be-4c4e-8e45-0c0272edbbb2: receive RaftClientReply:client-C9E345EC67ED->244f13ac-34be-4c4e-8e45-0c0272edbbb2@group-FE77C852EF02, cid=1886, SUCCESS, logIndex=2723, commits[244f13ac-34be-4c4e-8e45-0c0272edbbb2:c2724, 6287e41a-5356-4f55-84f2-270816d53e84:c2722, a2c18d3d-e79d-47c9-88fe-d8a1d195302b:c2722]
2019-08-23 11:31:37,527 [grpc-default-executor-2] INFO  client.GrpcClientProtocolClient (GrpcClientProtocolClient.java:onNext(255)) - client-C9E345EC67ED->244f13ac-34be-4c4e-8e45-0c0272edbbb2: receive RaftClientReply:client-C9E345EC67ED->244f13ac-34be-4c4e-8e45-0c0272edbbb2@group-FE77C852EF02, cid=1887, SUCCESS, logIndex=2724, commits[244f13ac-34be-4c4e-8e45-0c0272edbbb2:c2724, 6287e41a-5356-4f55-84f2-270816d53e84:c2722, a2c18d3d-e79d-47c9-88fe-d8a1d195302b:c2722]
2019-08-23 11:31:37,534 | INFO  | DNAudit | user=null | ip=null | op=WRITE_CHUNK {blockData=conID: 3 locID: 102666069441380884 bcsId: 2724} | ret=SUCCESS |  
2019-08-23 11:31:37,534 | INFO  | DNAudit | user=null | ip=null | op=WRITE_CHUNK {blockData=conID: 3 locID: 102666069441380884 bcsId: 2724} | ret=SUCCESS |  
2019-08-23 11:31:37,536 | INFO  | DNAudit | user=null | ip=null | op=WRITE_CHUNK {blockData=conID: 3 locID: 102666069441380884 bcsId: 2724} | ret=SUCCESS |  
2019-08-23 11:31:37,538 | INFO  | DNAudit | user=null | ip=null | op=WRITE_CHUNK {blockData=conID: 3 locID: 102666069441380884 bcsId: 2718} | ret=SUCCESS |  
2019-08-23 11:31:37,538 | INFO  | DNAudit | user=null | ip=null | op=WRITE_CHUNK {blockData=conID: 3 locID: 102666069441380884 bcsId: 2718} | ret=SUCCESS |  
2019-08-23 11:31:37,538 | INFO  | DNAudit | user=null | ip=null | op=PUT_BLOCK {blockData=[blockId=conID: 3 locID: 102666069441380884 bcsId: 0,size=3145728]} | ret=SUCCESS |  
2019-08-23 11:31:37,538 | INFO  | DNAudit | user=null | ip=null | op=PUT_BLOCK {blockData=[blockId=conID: 3 locID: 102666069441380884 bcsId: 0,size=3145728]} | ret=SUCCESS |  
2019-08-23 11:31:37,539 | INFO  | DNAudit | user=null | ip=null | op=WRITE_CHUNK {blockData=conID: 3 locID: 102666069441380884 bcsId: 2724} | ret=SUCCESS |  
2019-08-23 11:31:37,539 | INFO  | DNAudit | user=null | ip=null | op=PUT_BLOCK {blockData=[blockId=conID: 3 locID: 102666069441380884 bcsId: 0,size=4194304]} | ret=SUCCESS |  
2019-08-23 11:31:37,540 [grpc-default-executor-2] INFO  client.GrpcClientProtocolClient (GrpcClientProtocolClient.java:onNext(255)) - client-C9E345EC67ED->244f13ac-34be-4c4e-8e45-0c0272edbbb2: receive RaftClientReply:client-C9E345EC67ED->244f13ac-34be-4c4e-8e45-0c0272edbbb2@group-FE77C852EF02, cid=1888, SUCCESS, logIndex=2727, commits[244f13ac-34be-4c4e-8e45-0c0272edbbb2:c2728, 6287e41a-5356-4f55-84f2-270816d53e84:c2724, a2c18d3d-e79d-47c9-88fe-d8a1d195302b:c2724]
2019-08-23 11:31:37,540 [grpc-default-executor-2] INFO  client.GrpcClientProtocolClient (GrpcClientProtocolClient.java:onNext(255)) - client-C9E345EC67ED->244f13ac-34be-4c4e-8e45-0c0272edbbb2: receive RaftClientReply:client-C9E345EC67ED->244f13ac-34be-4c4e-8e45-0c0272edbbb2@group-FE77C852EF02, cid=1889, SUCCESS, logIndex=2728, commits[244f13ac-34be-4c4e-8e45-0c0272edbbb2:c2728, 6287e41a-5356-4f55-84f2-270816d53e84:c2724, a2c18d3d-e79d-47c9-88fe-d8a1d195302b:c2724]
2019-08-23 11:31:37,551 | INFO  | DNAudit | user=null | ip=null | op=WRITE_CHUNK {blockData=conID: 3 locID: 102666069441380884 bcsId: 2724} | ret=SUCCESS |  
2019-08-23 11:31:37,551 | INFO  | DNAudit | user=null | ip=null | op=WRITE_CHUNK {blockData=conID: 3 locID: 102666069441380884 bcsId: 2724} | ret=SUCCESS |  
2019-08-23 11:31:37,552 | INFO  | DNAudit | user=null | ip=null | op=PUT_BLOCK {blockData=[blockId=conID: 3 locID: 102666069441380884 bcsId: 0,size=4194304]} | ret=SUCCESS |  
2019-08-23 11:31:37,552 | INFO  | DNAudit | user=null | ip=null | op=PUT_BLOCK {blockData=[blockId=conID: 3 locID: 102666069441380884 bcsId: 0,size=4194304]} | ret=SUCCESS |  
2019-08-23 11:31:37,552 [grpc-default-executor-5] INFO  client.GrpcClientProtocolClient (GrpcClientProtocolClient.java:onNext(255)) - client-C9E345EC67ED->244f13ac-34be-4c4e-8e45-0c0272edbbb2: receive RaftClientReply:client-C9E345EC67ED->244f13ac-34be-4c4e-8e45-0c0272edbbb2@group-FE77C852EF02, cid=1890, SUCCESS, logIndex=0, commits[244f13ac-34be-4c4e-8e45-0c0272edbbb2:c2730, 6287e41a-5356-4f55-84f2-270816d53e84:c2728, a2c18d3d-e79d-47c9-88fe-d8a1d195302b:c2728]
2019-08-23 11:31:37,556 | INFO  | SCMAudit | user=jenkins1000 | ip=192.168.5.185 | op=ALLOCATE_BLOCK {owner=00a23185-76ea-47b5-a641-ad3cfbe5521a, size=4194304, type=RATIS, factor=THREE} | ret=SUCCESS |  
2019-08-23 11:31:37,558 | INFO  | OMAudit | user=jenkins1000 | ip=127.0.0.1 | op=ALLOCATE_BLOCK {volume=vol-0-37508, bucket=bucket-0-50919, key=key-0-57313, dataSize=0, replicationType=null, replicationFactor=null, keyLocationInfo=null, clientID=102666068570931602} | ret=SUCCESS |  
2019-08-23 11:31:37,565 | INFO  | DNAudit | user=null | ip=null | op=WRITE_CHUNK {blockData=conID: 1 locID: 102666069446230549 bcsId: 0} | ret=SUCCESS |  
2019-08-23 11:31:37,567 | INFO  | DNAudit | user=null | ip=null | op=WRITE_CHUNK {blockData=conID: 1 locID: 102666069446230549 bcsId: 0} | ret=SUCCESS |  
2019-08-23 11:31:37,567 | INFO  | DNAudit | user=null | ip=null | op=WRITE_CHUNK {blockData=conID: 1 locID: 102666069446230549 bcsId: 0} | ret=SUCCESS |  
2019-08-23 11:31:37,568 | INFO  | DNAudit | user=null | ip=null | op=WRITE_CHUNK {blockData=conID: 1 locID: 102666069446230549 bcsId: 0} | ret=SUCCESS |  
2019-08-23 11:31:37,569 | INFO  | DNAudit | user=null | ip=null | op=WRITE_CHUNK {blockData=conID: 1 locID: 102666069446230549 bcsId: 0} | ret=SUCCESS |  
2019-08-23 11:31:37,570 | INFO  | DNAudit | user=null | ip=null | op=WRITE_CHUNK {blockData=conID: 1 locID: 102666069446230549 bcsId: 0} | ret=SUCCESS |  
2019-08-23 11:31:37,576 | INFO  | DNAudit | user=null | ip=null | op=WRITE_CHUNK {blockData=conID: 1 locID: 102666069446230549 bcsId: 0} | ret=SUCCESS |  
2019-08-23 11:31:37,576 | INFO  | DNAudit | user=null | ip=null | op=PUT_BLOCK {blockData=[blockId=conID: 1 locID: 102666069446230549 bcsId: 0,size=1048576]} | ret=SUCCESS |  
2019-08-23 11:31:37,577 | INFO  | DNAudit | user=null | ip=null | op=WRITE_CHUNK {blockData=conID: 1 locID: 102666069446230549 bcsId: 0} | ret=SUCCESS |  
2019-08-23 11:31:37,577 [grpc-default-executor-1] INFO  client.GrpcClientProtocolClient (GrpcClientProtocolClient.java:onNext(255)) - client-C9E345EC67ED->244f13ac-34be-4c4e-8e45-0c0272edbbb2: receive RaftClientReply:client-C9E345EC67ED->244f13ac-34be-4c4e-8e45-0c0272edbbb2@group-FE77C852EF02, cid=1891, SUCCESS, logIndex=2731, commits[244f13ac-34be-4c4e-8e45-0c0272edbbb2:c2733, 6287e41a-5356-4f55-84f2-270816d53e84:c2730, a2c18d3d-e79d-47c9-88fe-d8a1d195302b:c2730]
2019-08-23 11:31:37,577 | INFO  | DNAudit | user=null | ip=null | op=PUT_BLOCK {blockData=[blockId=conID: 1 locID: 102666069446230549 bcsId: 0,size=2097152]} | ret=SUCCESS |  
2019-08-23 11:31:37,577 [grpc-default-executor-1] INFO  client.GrpcClientProtocolClient (GrpcClientProtocolClient.java:onNext(255)) - client-C9E345EC67ED->244f13ac-34be-4c4e-8e45-0c0272edbbb2: receive RaftClientReply:client-C9E345EC67ED->244f13ac-34be-4c4e-8e45-0c0272edbbb2@group-FE77C852EF02, cid=1892, SUCCESS, logIndex=2732, commits[244f13ac-34be-4c4e-8e45-0c0272edbbb2:c2734, 6287e41a-5356-4f55-84f2-270816d53e84:c2730, a2c18d3d-e79d-47c9-88fe-d8a1d195302b:c2730]
2019-08-23 11:31:37,577 [grpc-default-executor-1] INFO  client.GrpcClientProtocolClient (GrpcClientProtocolClient.java:onNext(255)) - client-C9E345EC67ED->244f13ac-34be-4c4e-8e45-0c0272edbbb2: receive RaftClientReply:client-C9E345EC67ED->244f13ac-34be-4c4e-8e45-0c0272edbbb2@group-FE77C852EF02, cid=1893, SUCCESS, logIndex=2733, commits[244f13ac-34be-4c4e-8e45-0c0272edbbb2:c2734, 6287e41a-5356-4f55-84f2-270816d53e84:c2730, a2c18d3d-e79d-47c9-88fe-d8a1d195302b:c2730]
2019-08-23 11:31:37,578 | INFO  | DNAudit | user=null | ip=null | op=WRITE_CHUNK {blockData=conID: 1 locID: 102666069446230549 bcsId: 0} | ret=SUCCESS |  
2019-08-23 11:31:37,578 | INFO  | DNAudit | user=null | ip=null | op=WRITE_CHUNK {blockData=conID: 1 locID: 102666069446230549 bcsId: 0} | ret=SUCCESS |  
2019-08-23 11:31:37,578 [grpc-default-executor-1] INFO  client.GrpcClientProtocolClient (GrpcClientProtocolClient.java:onNext(255)) - client-C9E345EC67ED->244f13ac-34be-4c4e-8e45-0c0272edbbb2: receive RaftClientReply:client-C9E345EC67ED->244f13ac-34be-4c4e-8e45-0c0272edbbb2@group-FE77C852EF02, cid=1894, SUCCESS, logIndex=2734, commits[244f13ac-34be-4c4e-8e45-0c0272edbbb2:c2734, 6287e41a-5356-4f55-84f2-270816d53e84:c2730, a2c18d3d-e79d-47c9-88fe-d8a1d195302b:c2730]
2019-08-23 11:31:37,578 | INFO  | DNAudit | user=null | ip=null | op=PUT_BLOCK {blockData=[blockId=conID: 1 locID: 102666069446230549 bcsId: 0,size=1048576]} | ret=SUCCESS |  
2019-08-23 11:31:37,578 | INFO  | DNAudit | user=null | ip=null | op=PUT_BLOCK {blockData=[blockId=conID: 1 locID: 102666069446230549 bcsId: 0,size=1048576]} | ret=SUCCESS |  
2019-08-23 11:31:37,578 [grpc-default-executor-1] INFO  client.GrpcClientProtocolClient (GrpcClientProtocolClient.java:onNext(255)) - client-C9E345EC67ED->244f13ac-34be-4c4e-8e45-0c0272edbbb2: receive RaftClientReply:client-C9E345EC67ED->244f13ac-34be-4c4e-8e45-0c0272edbbb2@group-FE77C852EF02, cid=1895, SUCCESS, logIndex=0, commits[244f13ac-34be-4c4e-8e45-0c0272edbbb2:c2735, 6287e41a-5356-4f55-84f2-270816d53e84:c2732, a2c18d3d-e79d-47c9-88fe-d8a1d195302b:c2732]
2019-08-23 11:31:37,579 | INFO  | DNAudit | user=null | ip=null | op=WRITE_CHUNK {blockData=conID: 1 locID: 102666069446230549 bcsId: 0} | ret=SUCCESS |  
2019-08-23 11:31:37,579 | INFO  | DNAudit | user=null | ip=null | op=WRITE_CHUNK {blockData=conID: 1 locID: 102666069446230549 bcsId: 0} | ret=SUCCESS |  
2019-08-23 11:31:37,579 | INFO  | DNAudit | user=null | ip=null | op=PUT_BLOCK {blockData=[blockId=conID: 1 locID: 102666069446230549 bcsId: 0,size=2097152]} | ret=SUCCESS |  
2019-08-23 11:31:37,579 | INFO  | DNAudit | user=null | ip=null | op=PUT_BLOCK {blockData=[blockId=conID: 1 locID: 102666069446230549 bcsId: 0,size=2097152]} | ret=SUCCESS |  
2019-08-23 11:31:37,584 | INFO  | DNAudit | user=null | ip=null | op=WRITE_CHUNK {blockData=conID: 1 locID: 102666069446230549 bcsId: 2734} | ret=SUCCESS |  
2019-08-23 11:31:37,586 | INFO  | DNAudit | user=null | ip=null | op=WRITE_CHUNK {blockData=conID: 1 locID: 102666069446230549 bcsId: 2734} | ret=SUCCESS |  
2019-08-23 11:31:37,586 | INFO  | DNAudit | user=null | ip=null | op=WRITE_CHUNK {blockData=conID: 1 locID: 102666069446230549 bcsId: 2734} | ret=SUCCESS |  
2019-08-23 11:31:37,595 | INFO  | DNAudit | user=null | ip=null | op=WRITE_CHUNK {blockData=conID: 1 locID: 102666069446230549 bcsId: 2734} | ret=SUCCESS |  
2019-08-23 11:31:37,595 | INFO  | DNAudit | user=null | ip=null | op=PUT_BLOCK {blockData=[blockId=conID: 1 locID: 102666069446230549 bcsId: 0,size=3145728]} | ret=SUCCESS |  
2019-08-23 11:31:37,595 [grpc-default-executor-2] INFO  client.GrpcClientProtocolClient (GrpcClientProtocolClient.java:onNext(255)) - client-C9E345EC67ED->244f13ac-34be-4c4e-8e45-0c0272edbbb2: receive RaftClientReply:client-C9E345EC67ED->244f13ac-34be-4c4e-8e45-0c0272edbbb2@group-FE77C852EF02, cid=1896, SUCCESS, logIndex=2739, commits[244f13ac-34be-4c4e-8e45-0c0272edbbb2:c2740, 6287e41a-5356-4f55-84f2-270816d53e84:c2738, a2c18d3d-e79d-47c9-88fe-d8a1d195302b:c2738]
2019-08-23 11:31:37,596 [grpc-default-executor-2] INFO  client.GrpcClientProtocolClient (GrpcClientProtocolClient.java:onNext(255)) - client-C9E345EC67ED->244f13ac-34be-4c4e-8e45-0c0272edbbb2: receive RaftClientReply:client-C9E345EC67ED->244f13ac-34be-4c4e-8e45-0c0272edbbb2@group-FE77C852EF02, cid=1897, SUCCESS, logIndex=2740, commits[244f13ac-34be-4c4e-8e45-0c0272edbbb2:c2740, 6287e41a-5356-4f55-84f2-270816d53e84:c2738, a2c18d3d-e79d-47c9-88fe-d8a1d195302b:c2738]
2019-08-23 11:31:37,601 | INFO  | DNAudit | user=null | ip=null | op=WRITE_CHUNK {blockData=conID: 1 locID: 102666069446230549 bcsId: 2740} | ret=SUCCESS |  
2019-08-23 11:31:37,603 | INFO  | DNAudit | user=null | ip=null | op=WRITE_CHUNK {blockData=conID: 1 locID: 102666069446230549 bcsId: 2740} | ret=SUCCESS |  
2019-08-23 11:31:37,603 | INFO  | DNAudit | user=null | ip=null | op=WRITE_CHUNK {blockData=conID: 1 locID: 102666069446230549 bcsId: 2740} | ret=SUCCESS |  
2019-08-23 11:31:37,605 | INFO  | DNAudit | user=null | ip=null | op=WRITE_CHUNK {blockData=conID: 1 locID: 102666069446230549 bcsId: 2734} | ret=SUCCESS |  
2019-08-23 11:31:37,605 | INFO  | DNAudit | user=null | ip=null | op=WRITE_CHUNK {blockData=conID: 1 locID: 102666069446230549 bcsId: 2734} | ret=SUCCESS |  
2019-08-23 11:31:37,675 | INFO  | DNAudit | user=null | ip=null | op=PUT_BLOCK {blockData=[blockId=conID: 1 locID: 102666069446230549 bcsId: 0,size=3145728]} | ret=SUCCESS |  
2019-08-23 11:31:37,675 | INFO  | DNAudit | user=null | ip=null | op=PUT_BLOCK {blockData=[blockId=conID: 1 locID: 102666069446230549 bcsId: 0,size=3145728]} | ret=SUCCESS |  
2019-08-23 11:31:37,676 | INFO  | DNAudit | user=null | ip=null | op=WRITE_CHUNK {blockData=conID: 1 locID: 102666069446230549 bcsId: 2740} | ret=SUCCESS |  
2019-08-23 11:31:37,676 | INFO  | DNAudit | user=null | ip=null | op=PUT_BLOCK {blockData=[blockId=conID: 1 locID: 102666069446230549 bcsId: 0,size=4194304]} | ret=SUCCESS |  
2019-08-23 11:31:37,677 [grpc-default-executor-2] INFO  client.GrpcClientProtocolClient (GrpcClientProtocolClient.java:onNext(255)) - client-C9E345EC67ED->244f13ac-34be-4c4e-8e45-0c0272edbbb2: receive RaftClientReply:client-C9E345EC67ED->244f13ac-34be-4c4e-8e45-0c0272edbbb2@group-FE77C852EF02, cid=1898, SUCCESS, logIndex=2743, commits[244f13ac-34be-4c4e-8e45-0c0272edbbb2:c2744, 6287e41a-5356-4f55-84f2-270816d53e84:c2740, a2c18d3d-e79d-47c9-88fe-d8a1d195302b:c2740]
2019-08-23 11:31:37,677 [grpc-default-executor-2] INFO  client.GrpcClientProtocolClient (GrpcClientProtocolClient.java:onNext(255)) - client-C9E345EC67ED->244f13ac-34be-4c4e-8e45-0c0272edbbb2: receive RaftClientReply:client-C9E345EC67ED->244f13ac-34be-4c4e-8e45-0c0272edbbb2@group-FE77C852EF02, cid=1899, SUCCESS, logIndex=2744, commits[244f13ac-34be-4c4e-8e45-0c0272edbbb2:c2744, 6287e41a-5356-4f55-84f2-270816d53e84:c2740, a2c18d3d-e79d-47c9-88fe-d8a1d195302b:c2740]
2019-08-23 11:31:37,687 | INFO  | DNAudit | user=null | ip=null | op=WRITE_CHUNK {blockData=conID: 1 locID: 102666069446230549 bcsId: 2740} | ret=SUCCESS |  
2019-08-23 11:31:37,687 | INFO  | DNAudit | user=null | ip=null | op=WRITE_CHUNK {blockData=conID: 1 locID: 102666069446230549 bcsId: 2740} | ret=SUCCESS |  
2019-08-23 11:31:37,688 | INFO  | DNAudit | user=null | ip=null | op=PUT_BLOCK {blockData=[blockId=conID: 1 locID: 102666069446230549 bcsId: 0,size=4194304]} | ret=SUCCESS |  
2019-08-23 11:31:37,689 | INFO  | DNAudit | user=null | ip=null | op=PUT_BLOCK {blockData=[blockId=conID: 1 locID: 102666069446230549 bcsId: 0,size=4194304]} | ret=SUCCESS |  
2019-08-23 11:31:37,689 [grpc-default-executor-5] INFO  client.GrpcClientProtocolClient (GrpcClientProtocolClient.java:onNext(255)) - client-C9E345EC67ED->244f13ac-34be-4c4e-8e45-0c0272edbbb2: receive RaftClientReply:client-C9E345EC67ED->244f13ac-34be-4c4e-8e45-0c0272edbbb2@group-FE77C852EF02, cid=1900, SUCCESS, logIndex=0, commits[244f13ac-34be-4c4e-8e45-0c0272edbbb2:c2746, 6287e41a-5356-4f55-84f2-270816d53e84:c2744, a2c18d3d-e79d-47c9-88fe-d8a1d195302b:c2744]
2019-08-23 11:31:37,695 | INFO  | SCMAudit | user=jenkins1000 | ip=192.168.5.185 | op=ALLOCATE_BLOCK {owner=00a23185-76ea-47b5-a641-ad3cfbe5521a, size=4194304, type=RATIS, factor=THREE} | ret=SUCCESS |  
2019-08-23 11:31:37,698 | INFO  | OMAudit | user=jenkins1000 | ip=127.0.0.1 | op=ALLOCATE_BLOCK {volume=vol-0-37508, bucket=bucket-0-50919, key=key-0-57313, dataSize=0, replicationType=null, replicationFactor=null, keyLocationInfo=null, clientID=102666068570931602} | ret=SUCCESS |  
2019-08-23 11:31:37,707 | INFO  | DNAudit | user=null | ip=null | op=WRITE_CHUNK {blockData=conID: 2 locID: 102666069455340054 bcsId: 0} | ret=SUCCESS |  
2019-08-23 11:31:37,711 | INFO  | DNAudit | user=null | ip=null | op=WRITE_CHUNK {blockData=conID: 2 locID: 102666069455340054 bcsId: 0} | ret=SUCCESS |  
2019-08-23 11:31:37,711 | INFO  | DNAudit | user=null | ip=null | op=WRITE_CHUNK {blockData=conID: 2 locID: 102666069455340054 bcsId: 0} | ret=SUCCESS |  
2019-08-23 11:31:37,711 | INFO  | DNAudit | user=null | ip=null | op=WRITE_CHUNK {blockData=conID: 2 locID: 102666069455340054 bcsId: 0} | ret=SUCCESS |  
2019-08-23 11:31:37,713 | INFO  | DNAudit | user=null | ip=null | op=WRITE_CHUNK {blockData=conID: 2 locID: 102666069455340054 bcsId: 0} | ret=SUCCESS |  
2019-08-23 11:31:37,715 | INFO  | DNAudit | user=null | ip=null | op=WRITE_CHUNK {blockData=conID: 2 locID: 102666069455340054 bcsId: 0} | ret=SUCCESS |  
2019-08-23 11:31:37,721 | INFO  | DNAudit | user=null | ip=null | op=WRITE_CHUNK {blockData=conID: 2 locID: 102666069455340054 bcsId: 0} | ret=SUCCESS |  
2019-08-23 11:31:37,721 | INFO  | DNAudit | user=null | ip=null | op=PUT_BLOCK {blockData=[blockId=conID: 2 locID: 102666069455340054 bcsId: 0,size=1048576]} | ret=SUCCESS |  
2019-08-23 11:31:37,722 | INFO  | DNAudit | user=null | ip=null | op=WRITE_CHUNK {blockData=conID: 2 locID: 102666069455340054 bcsId: 0} | ret=SUCCESS |  
2019-08-23 11:31:37,721 [grpc-default-executor-5] INFO  client.GrpcClientProtocolClient (GrpcClientProtocolClient.java:onNext(255)) - client-C9E345EC67ED->244f13ac-34be-4c4e-8e45-0c0272edbbb2: receive RaftClientReply:client-C9E345EC67ED->244f13ac-34be-4c4e-8e45-0c0272edbbb2@group-FE77C852EF02, cid=1901, SUCCESS, logIndex=2747, commits[244f13ac-34be-4c4e-8e45-0c0272edbbb2:c2748, 6287e41a-5356-4f55-84f2-270816d53e84:c2746, a2c18d3d-e79d-47c9-88fe-d8a1d195302b:c2746]
2019-08-23 11:31:37,722 [grpc-default-executor-5] INFO  client.GrpcClientProtocolClient (GrpcClientProtocolClient.java:onNext(255)) - client-C9E345EC67ED->244f13ac-34be-4c4e-8e45-0c0272edbbb2: receive RaftClientReply:client-C9E345EC67ED->244f13ac-34be-4c4e-8e45-0c0272edbbb2@group-FE77C852EF02, cid=1902, SUCCESS, logIndex=2748, commits[244f13ac-34be-4c4e-8e45-0c0272edbbb2:c2749, 6287e41a-5356-4f55-84f2-270816d53e84:c2746, a2c18d3d-e79d-47c9-88fe-d8a1d195302b:c2746]
2019-08-23 11:31:37,723 | INFO  | DNAudit | user=null | ip=null | op=PUT_BLOCK {blockData=[blockId=conID: 2 locID: 102666069455340054 bcsId: 0,size=2097152]} | ret=SUCCESS |  
2019-08-23 11:31:37,723 | INFO  | DNAudit | user=null | ip=null | op=WRITE_CHUNK {blockData=conID: 2 locID: 102666069455340054 bcsId: 0} | ret=SUCCESS |  
2019-08-23 11:31:37,723 [grpc-default-executor-5] INFO  client.GrpcClientProtocolClient (GrpcClientProtocolClient.java:onNext(255)) - client-C9E345EC67ED->244f13ac-34be-4c4e-8e45-0c0272edbbb2: receive RaftClientReply:client-C9E345EC67ED->244f13ac-34be-4c4e-8e45-0c0272edbbb2@group-FE77C852EF02, cid=1903, SUCCESS, logIndex=2749, commits[244f13ac-34be-4c4e-8e45-0c0272edbbb2:c2750, 6287e41a-5356-4f55-84f2-270816d53e84:c2746, a2c18d3d-e79d-47c9-88fe-d8a1d195302b:c2746]
2019-08-23 11:31:37,723 | INFO  | DNAudit | user=null | ip=null | op=PUT_BLOCK {blockData=[blockId=conID: 2 locID: 102666069455340054 bcsId: 0,size=1048576]} | ret=SUCCESS |  
2019-08-23 11:31:37,723 [grpc-default-executor-5] INFO  client.GrpcClientProtocolClient (GrpcClientProtocolClient.java:onNext(255)) - client-C9E345EC67ED->244f13ac-34be-4c4e-8e45-0c0272edbbb2: receive RaftClientReply:client-C9E345EC67ED->244f13ac-34be-4c4e-8e45-0c0272edbbb2@group-FE77C852EF02, cid=1904, SUCCESS, logIndex=2750, commits[244f13ac-34be-4c4e-8e45-0c0272edbbb2:c2750, 6287e41a-5356-4f55-84f2-270816d53e84:c2746, a2c18d3d-e79d-47c9-88fe-d8a1d195302b:c2746]
2019-08-23 11:31:37,724 | INFO  | DNAudit | user=null | ip=null | op=WRITE_CHUNK {blockData=conID: 2 locID: 102666069455340054 bcsId: 0} | ret=SUCCESS |  
2019-08-23 11:31:37,724 | INFO  | DNAudit | user=null | ip=null | op=PUT_BLOCK {blockData=[blockId=conID: 2 locID: 102666069455340054 bcsId: 0,size=1048576]} | ret=SUCCESS |  
2019-08-23 11:31:37,724 | INFO  | DNAudit | user=null | ip=null | op=WRITE_CHUNK {blockData=conID: 2 locID: 102666069455340054 bcsId: 0} | ret=SUCCESS |  
2019-08-23 11:31:37,724 | INFO  | DNAudit | user=null | ip=null | op=WRITE_CHUNK {blockData=conID: 2 locID: 102666069455340054 bcsId: 0} | ret=SUCCESS |  
2019-08-23 11:31:37,724 | INFO  | DNAudit | user=null | ip=null | op=PUT_BLOCK {blockData=[blockId=conID: 2 locID: 102666069455340054 bcsId: 0,size=2097152]} | ret=SUCCESS |  
2019-08-23 11:31:37,724 | INFO  | DNAudit | user=null | ip=null | op=PUT_BLOCK {blockData=[blockId=conID: 2 locID: 102666069455340054 bcsId: 0,size=2097152]} | ret=SUCCESS |  
2019-08-23 11:31:37,724 [grpc-default-executor-5] INFO  client.GrpcClientProtocolClient (GrpcClientProtocolClient.java:onNext(255)) - client-C9E345EC67ED->244f13ac-34be-4c4e-8e45-0c0272edbbb2: receive RaftClientReply:client-C9E345EC67ED->244f13ac-34be-4c4e-8e45-0c0272edbbb2@group-FE77C852EF02, cid=1905, SUCCESS, logIndex=0, commits[244f13ac-34be-4c4e-8e45-0c0272edbbb2:c2753, 6287e41a-5356-4f55-84f2-270816d53e84:c2748, a2c18d3d-e79d-47c9-88fe-d8a1d195302b:c2749]
2019-08-23 11:31:37,732 | INFO  | DNAudit | user=null | ip=null | op=WRITE_CHUNK {blockData=conID: 2 locID: 102666069455340054 bcsId: 2750} | ret=SUCCESS |  
2019-08-23 11:31:37,734 | INFO  | DNAudit | user=null | ip=null | op=WRITE_CHUNK {blockData=conID: 2 locID: 102666069455340054 bcsId: 2750} | ret=SUCCESS |  
2019-08-23 11:31:37,735 | INFO  | DNAudit | user=null | ip=null | op=WRITE_CHUNK {blockData=conID: 2 locID: 102666069455340054 bcsId: 2750} | ret=SUCCESS |  
2019-08-23 11:31:37,745 | INFO  | DNAudit | user=null | ip=null | op=WRITE_CHUNK {blockData=conID: 2 locID: 102666069455340054 bcsId: 2750} | ret=SUCCESS |  
2019-08-23 11:31:37,746 | INFO  | DNAudit | user=null | ip=null | op=PUT_BLOCK {blockData=[blockId=conID: 2 locID: 102666069455340054 bcsId: 0,size=3145728]} | ret=SUCCESS |  
2019-08-23 11:31:37,746 [grpc-default-executor-5] INFO  client.GrpcClientProtocolClient (GrpcClientProtocolClient.java:onNext(255)) - client-C9E345EC67ED->244f13ac-34be-4c4e-8e45-0c0272edbbb2: receive RaftClientReply:client-C9E345EC67ED->244f13ac-34be-4c4e-8e45-0c0272edbbb2@group-FE77C852EF02, cid=1906, SUCCESS, logIndex=2755, commits[244f13ac-34be-4c4e-8e45-0c0272edbbb2:c2756, 6287e41a-5356-4f55-84f2-270816d53e84:c2754, a2c18d3d-e79d-47c9-88fe-d8a1d195302b:c2754]
2019-08-23 11:31:37,746 [grpc-default-executor-5] INFO  client.GrpcClientProtocolClient (GrpcClientProtocolClient.java:onNext(255)) - client-C9E345EC67ED->244f13ac-34be-4c4e-8e45-0c0272edbbb2: receive RaftClientReply:client-C9E345EC67ED->244f13ac-34be-4c4e-8e45-0c0272edbbb2@group-FE77C852EF02, cid=1907, SUCCESS, logIndex=2756, commits[244f13ac-34be-4c4e-8e45-0c0272edbbb2:c2756, 6287e41a-5356-4f55-84f2-270816d53e84:c2754, a2c18d3d-e79d-47c9-88fe-d8a1d195302b:c2754]
2019-08-23 11:31:37,752 | INFO  | DNAudit | user=null | ip=null | op=WRITE_CHUNK {blockData=conID: 2 locID: 102666069455340054 bcsId: 2756} | ret=SUCCESS |  
2019-08-23 11:31:37,755 | INFO  | DNAudit | user=null | ip=null | op=WRITE_CHUNK {blockData=conID: 2 locID: 102666069455340054 bcsId: 2756} | ret=SUCCESS |  
2019-08-23 11:31:37,755 | INFO  | DNAudit | user=null | ip=null | op=WRITE_CHUNK {blockData=conID: 2 locID: 102666069455340054 bcsId: 2756} | ret=SUCCESS |  
2019-08-23 11:31:37,756 | INFO  | DNAudit | user=null | ip=null | op=WRITE_CHUNK {blockData=conID: 2 locID: 102666069455340054 bcsId: 2750} | ret=SUCCESS |  
2019-08-23 11:31:37,756 | INFO  | DNAudit | user=null | ip=null | op=WRITE_CHUNK {blockData=conID: 2 locID: 102666069455340054 bcsId: 2750} | ret=SUCCESS |  
2019-08-23 11:31:37,757 | INFO  | DNAudit | user=null | ip=null | op=PUT_BLOCK {blockData=[blockId=conID: 2 locID: 102666069455340054 bcsId: 0,size=3145728]} | ret=SUCCESS |  
2019-08-23 11:31:37,757 | INFO  | DNAudit | user=null | ip=null | op=PUT_BLOCK {blockData=[blockId=conID: 2 locID: 102666069455340054 bcsId: 0,size=3145728]} | ret=SUCCESS |  
2019-08-23 11:31:37,758 | INFO  | DNAudit | user=null | ip=null | op=WRITE_CHUNK {blockData=conID: 2 locID: 102666069455340054 bcsId: 2756} | ret=SUCCESS |  
2019-08-23 11:31:37,759 | INFO  | DNAudit | user=null | ip=null | op=PUT_BLOCK {blockData=[blockId=conID: 2 locID: 102666069455340054 bcsId: 0,size=4194304]} | ret=SUCCESS |  
2019-08-23 11:31:37,759 [grpc-default-executor-1] INFO  client.GrpcClientProtocolClient (GrpcClientProtocolClient.java:onNext(255)) - client-C9E345EC67ED->244f13ac-34be-4c4e-8e45-0c0272edbbb2: receive RaftClientReply:client-C9E345EC67ED->244f13ac-34be-4c4e-8e45-0c0272edbbb2@group-FE77C852EF02, cid=1908, SUCCESS, logIndex=2759, commits[244f13ac-34be-4c4e-8e45-0c0272edbbb2:c2760, 6287e41a-5356-4f55-84f2-270816d53e84:c2756, a2c18d3d-e79d-47c9-88fe-d8a1d195302b:c2756]
2019-08-23 11:31:37,759 [grpc-default-executor-1] INFO  client.GrpcClientProtocolClient (GrpcClientProtocolClient.java:onNext(255)) - client-C9E345EC67ED->244f13ac-34be-4c4e-8e45-0c0272edbbb2: receive RaftClientReply:client-C9E345EC67ED->244f13ac-34be-4c4e-8e45-0c0272edbbb2@group-FE77C852EF02, cid=1909, SUCCESS, logIndex=2760, commits[244f13ac-34be-4c4e-8e45-0c0272edbbb2:c2760, 6287e41a-5356-4f55-84f2-270816d53e84:c2756, a2c18d3d-e79d-47c9-88fe-d8a1d195302b:c2756]
2019-08-23 11:31:37,770 | INFO  | DNAudit | user=null | ip=null | op=WRITE_CHUNK {blockData=conID: 2 locID: 102666069455340054 bcsId: 2756} | ret=SUCCESS |  
2019-08-23 11:31:37,770 | INFO  | DNAudit | user=null | ip=null | op=WRITE_CHUNK {blockData=conID: 2 locID: 102666069455340054 bcsId: 2756} | ret=SUCCESS |  
2019-08-23 11:31:37,770 | INFO  | DNAudit | user=null | ip=null | op=PUT_BLOCK {blockData=[blockId=conID: 2 locID: 102666069455340054 bcsId: 0,size=4194304]} | ret=SUCCESS |  
2019-08-23 11:31:37,770 | INFO  | DNAudit | user=null | ip=null | op=PUT_BLOCK {blockData=[blockId=conID: 2 locID: 102666069455340054 bcsId: 0,size=4194304]} | ret=SUCCESS |  
2019-08-23 11:31:37,770 [grpc-default-executor-1] INFO  client.GrpcClientProtocolClient (GrpcClientProtocolClient.java:onNext(255)) - client-C9E345EC67ED->244f13ac-34be-4c4e-8e45-0c0272edbbb2: receive RaftClientReply:client-C9E345EC67ED->244f13ac-34be-4c4e-8e45-0c0272edbbb2@group-FE77C852EF02, cid=1910, SUCCESS, logIndex=0, commits[244f13ac-34be-4c4e-8e45-0c0272edbbb2:c2761, 6287e41a-5356-4f55-84f2-270816d53e84:c2760, a2c18d3d-e79d-47c9-88fe-d8a1d195302b:c2760]
2019-08-23 11:31:37,776 | INFO  | SCMAudit | user=jenkins1000 | ip=192.168.5.185 | op=ALLOCATE_BLOCK {owner=00a23185-76ea-47b5-a641-ad3cfbe5521a, size=4194304, type=RATIS, factor=THREE} | ret=SUCCESS |  
2019-08-23 11:31:37,780 | INFO  | OMAudit | user=jenkins1000 | ip=127.0.0.1 | op=ALLOCATE_BLOCK {volume=vol-0-37508, bucket=bucket-0-50919, key=key-0-57313, dataSize=0, replicationType=null, replicationFactor=null, keyLocationInfo=null, clientID=102666068570931602} | ret=SUCCESS |  
2019-08-23 11:31:37,787 | INFO  | DNAudit | user=null | ip=null | op=WRITE_CHUNK {blockData=conID: 3 locID: 102666069460648471 bcsId: 0} | ret=SUCCESS |  
2019-08-23 11:31:37,790 | INFO  | DNAudit | user=null | ip=null | op=WRITE_CHUNK {blockData=conID: 3 locID: 102666069460648471 bcsId: 0} | ret=SUCCESS |  
2019-08-23 11:31:37,790 | INFO  | DNAudit | user=null | ip=null | op=WRITE_CHUNK {blockData=conID: 3 locID: 102666069460648471 bcsId: 0} | ret=SUCCESS |  
2019-08-23 11:31:37,791 | INFO  | DNAudit | user=null | ip=null | op=WRITE_CHUNK {blockData=conID: 3 locID: 102666069460648471 bcsId: 0} | ret=SUCCESS |  
2019-08-23 11:31:37,792 | INFO  | DNAudit | user=null | ip=null | op=WRITE_CHUNK {blockData=conID: 3 locID: 102666069460648471 bcsId: 0} | ret=SUCCESS |  
2019-08-23 11:31:37,792 | INFO  | DNAudit | user=null | ip=null | op=WRITE_CHUNK {blockData=conID: 3 locID: 102666069460648471 bcsId: 0} | ret=SUCCESS |  
2019-08-23 11:31:37,802 | INFO  | DNAudit | user=null | ip=null | op=WRITE_CHUNK {blockData=conID: 3 locID: 102666069460648471 bcsId: 0} | ret=SUCCESS |  
2019-08-23 11:31:37,803 | INFO  | DNAudit | user=null | ip=null | op=PUT_BLOCK {blockData=[blockId=conID: 3 locID: 102666069460648471 bcsId: 0,size=1048576]} | ret=SUCCESS |  
2019-08-23 11:31:37,803 | INFO  | DNAudit | user=null | ip=null | op=WRITE_CHUNK {blockData=conID: 3 locID: 102666069460648471 bcsId: 0} | ret=SUCCESS |  
2019-08-23 11:31:37,803 [grpc-default-executor-1] INFO  client.GrpcClientProtocolClient (GrpcClientProtocolClient.java:onNext(255)) - client-C9E345EC67ED->244f13ac-34be-4c4e-8e45-0c0272edbbb2: receive RaftClientReply:client-C9E345EC67ED->244f13ac-34be-4c4e-8e45-0c0272edbbb2@group-FE77C852EF02, cid=1911, SUCCESS, logIndex=2763, commits[244f13ac-34be-4c4e-8e45-0c0272edbbb2:c2765, 6287e41a-5356-4f55-84f2-270816d53e84:c2762, a2c18d3d-e79d-47c9-88fe-d8a1d195302b:c2762]
2019-08-23 11:31:37,803 | INFO  | DNAudit | user=null | ip=null | op=PUT_BLOCK {blockData=[blockId=conID: 3 locID: 102666069460648471 bcsId: 0,size=2097152]} | ret=SUCCESS |  
2019-08-23 11:31:37,804 [grpc-default-executor-1] INFO  client.GrpcClientProtocolClient (GrpcClientProtocolClient.java:onNext(255)) - client-C9E345EC67ED->244f13ac-34be-4c4e-8e45-0c0272edbbb2: receive RaftClientReply:client-C9E345EC67ED->244f13ac-34be-4c4e-8e45-0c0272edbbb2@group-FE77C852EF02, cid=1912, SUCCESS, logIndex=2764, commits[244f13ac-34be-4c4e-8e45-0c0272edbbb2:c2766, 6287e41a-5356-4f55-84f2-270816d53e84:c2762, a2c18d3d-e79d-47c9-88fe-d8a1d195302b:c2762]
2019-08-23 11:31:37,804 [grpc-default-executor-1] INFO  client.GrpcClientProtocolClient (GrpcClientProtocolClient.java:onNext(255)) - client-C9E345EC67ED->244f13ac-34be-4c4e-8e45-0c0272edbbb2: receive RaftClientReply:client-C9E345EC67ED->244f13ac-34be-4c4e-8e45-0c0272edbbb2@group-FE77C852EF02, cid=1913, SUCCESS, logIndex=2765, commits[244f13ac-34be-4c4e-8e45-0c0272edbbb2:c2766, 6287e41a-5356-4f55-84f2-270816d53e84:c2762, a2c18d3d-e79d-47c9-88fe-d8a1d195302b:c2762]
2019-08-23 11:31:37,804 [grpc-default-executor-1] INFO  client.GrpcClientProtocolClient (GrpcClientProtocolClient.java:onNext(255)) - client-C9E345EC67ED->244f13ac-34be-4c4e-8e45-0c0272edbbb2: receive RaftClientReply:client-C9E345EC67ED->244f13ac-34be-4c4e-8e45-0c0272edbbb2@group-FE77C852EF02, cid=1914, SUCCESS, logIndex=2766, commits[244f13ac-34be-4c4e-8e45-0c0272edbbb2:c2766, 6287e41a-5356-4f55-84f2-270816d53e84:c2762, a2c18d3d-e79d-47c9-88fe-d8a1d195302b:c2762]
2019-08-23 11:31:37,813 | INFO  | DNAudit | user=null | ip=null | op=WRITE_CHUNK {blockData=conID: 3 locID: 102666069460648471 bcsId: 0} | ret=SUCCESS |  
2019-08-23 11:31:37,813 | INFO  | DNAudit | user=null | ip=null | op=WRITE_CHUNK {blockData=conID: 3 locID: 102666069460648471 bcsId: 0} | ret=SUCCESS |  
2019-08-23 11:31:37,815 | INFO  | DNAudit | user=null | ip=null | op=PUT_BLOCK {blockData=[blockId=conID: 3 locID: 102666069460648471 bcsId: 0,size=1048576]} | ret=SUCCESS |  
2019-08-23 11:31:37,815 | INFO  | DNAudit | user=null | ip=null | op=PUT_BLOCK {blockData=[blockId=conID: 3 locID: 102666069460648471 bcsId: 0,size=1048576]} | ret=SUCCESS |  
2019-08-23 11:31:37,815 | INFO  | DNAudit | user=null | ip=null | op=WRITE_CHUNK {blockData=conID: 3 locID: 102666069460648471 bcsId: 0} | ret=SUCCESS |  
2019-08-23 11:31:37,815 | INFO  | DNAudit | user=null | ip=null | op=PUT_BLOCK {blockData=[blockId=conID: 3 locID: 102666069460648471 bcsId: 0,size=2097152]} | ret=SUCCESS |  
2019-08-23 11:31:37,815 | INFO  | DNAudit | user=null | ip=null | op=WRITE_CHUNK {blockData=conID: 3 locID: 102666069460648471 bcsId: 0} | ret=SUCCESS |  
2019-08-23 11:31:37,815 | INFO  | DNAudit | user=null | ip=null | op=PUT_BLOCK {blockData=[blockId=conID: 3 locID: 102666069460648471 bcsId: 0,size=2097152]} | ret=SUCCESS |  
2019-08-23 11:31:37,815 [grpc-default-executor-5] INFO  client.GrpcClientProtocolClient (GrpcClientProtocolClient.java:onNext(255)) - client-C9E345EC67ED->244f13ac-34be-4c4e-8e45-0c0272edbbb2: receive RaftClientReply:client-C9E345EC67ED->244f13ac-34be-4c4e-8e45-0c0272edbbb2@group-FE77C852EF02, cid=1915, SUCCESS, logIndex=0, commits[244f13ac-34be-4c4e-8e45-0c0272edbbb2:c2768, 6287e41a-5356-4f55-84f2-270816d53e84:c2764, a2c18d3d-e79d-47c9-88fe-d8a1d195302b:c2764]
2019-08-23 11:31:37,821 | INFO  | DNAudit | user=null | ip=null | op=WRITE_CHUNK {blockData=conID: 3 locID: 102666069460648471 bcsId: 2766} | ret=SUCCESS |  
2019-08-23 11:31:37,823 | INFO  | DNAudit | user=null | ip=null | op=WRITE_CHUNK {blockData=conID: 3 locID: 102666069460648471 bcsId: 2766} | ret=SUCCESS |  
2019-08-23 11:31:37,824 | INFO  | DNAudit | user=null | ip=null | op=WRITE_CHUNK {blockData=conID: 3 locID: 102666069460648471 bcsId: 2766} | ret=SUCCESS |  
2019-08-23 11:31:37,835 | INFO  | DNAudit | user=null | ip=null | op=WRITE_CHUNK {blockData=conID: 3 locID: 102666069460648471 bcsId: 2766} | ret=SUCCESS |  
2019-08-23 11:31:37,835 | INFO  | DNAudit | user=null | ip=null | op=PUT_BLOCK {blockData=[blockId=conID: 3 locID: 102666069460648471 bcsId: 0,size=3145728]} | ret=SUCCESS |  
2019-08-23 11:31:37,836 [grpc-default-executor-5] INFO  client.GrpcClientProtocolClient (GrpcClientProtocolClient.java:onNext(255)) - client-C9E345EC67ED->244f13ac-34be-4c4e-8e45-0c0272edbbb2: receive RaftClientReply:client-C9E345EC67ED->244f13ac-34be-4c4e-8e45-0c0272edbbb2@group-FE77C852EF02, cid=1916, SUCCESS, logIndex=2771, commits[244f13ac-34be-4c4e-8e45-0c0272edbbb2:c2772, 6287e41a-5356-4f55-84f2-270816d53e84:c2770, a2c18d3d-e79d-47c9-88fe-d8a1d195302b:c2770]
2019-08-23 11:31:37,836 [grpc-default-executor-5] INFO  client.GrpcClientProtocolClient (GrpcClientProtocolClient.java:onNext(255)) - client-C9E345EC67ED->244f13ac-34be-4c4e-8e45-0c0272edbbb2: receive RaftClientReply:client-C9E345EC67ED->244f13ac-34be-4c4e-8e45-0c0272edbbb2@group-FE77C852EF02, cid=1917, SUCCESS, logIndex=2772, commits[244f13ac-34be-4c4e-8e45-0c0272edbbb2:c2772, 6287e41a-5356-4f55-84f2-270816d53e84:c2770, a2c18d3d-e79d-47c9-88fe-d8a1d195302b:c2770]
2019-08-23 11:31:37,842 | INFO  | DNAudit | user=null | ip=null | op=WRITE_CHUNK {blockData=conID: 3 locID: 102666069460648471 bcsId: 2772} | ret=SUCCESS |  
2019-08-23 11:31:37,845 | INFO  | DNAudit | user=null | ip=null | op=WRITE_CHUNK {blockData=conID: 3 locID: 102666069460648471 bcsId: 2772} | ret=SUCCESS |  
2019-08-23 11:31:37,845 | INFO  | DNAudit | user=null | ip=null | op=WRITE_CHUNK {blockData=conID: 3 locID: 102666069460648471 bcsId: 2772} | ret=SUCCESS |  
2019-08-23 11:31:37,846 | INFO  | DNAudit | user=null | ip=null | op=WRITE_CHUNK {blockData=conID: 3 locID: 102666069460648471 bcsId: 2766} | ret=SUCCESS |  
2019-08-23 11:31:37,846 | INFO  | DNAudit | user=null | ip=null | op=WRITE_CHUNK {blockData=conID: 3 locID: 102666069460648471 bcsId: 2766} | ret=SUCCESS |  
2019-08-23 11:31:37,846 | INFO  | DNAudit | user=null | ip=null | op=PUT_BLOCK {blockData=[blockId=conID: 3 locID: 102666069460648471 bcsId: 0,size=3145728]} | ret=SUCCESS |  
2019-08-23 11:31:37,846 | INFO  | DNAudit | user=null | ip=null | op=PUT_BLOCK {blockData=[blockId=conID: 3 locID: 102666069460648471 bcsId: 0,size=3145728]} | ret=SUCCESS |  
2019-08-23 11:31:37,848 | INFO  | DNAudit | user=null | ip=null | op=WRITE_CHUNK {blockData=conID: 3 locID: 102666069460648471 bcsId: 2772} | ret=SUCCESS |  
2019-08-23 11:31:37,848 | INFO  | DNAudit | user=null | ip=null | op=PUT_BLOCK {blockData=[blockId=conID: 3 locID: 102666069460648471 bcsId: 0,size=4194304]} | ret=SUCCESS |  
2019-08-23 11:31:37,848 [grpc-default-executor-4] INFO  client.GrpcClientProtocolClient (GrpcClientProtocolClient.java:onNext(255)) - client-C9E345EC67ED->244f13ac-34be-4c4e-8e45-0c0272edbbb2: receive RaftClientReply:client-C9E345EC67ED->244f13ac-34be-4c4e-8e45-0c0272edbbb2@group-FE77C852EF02, cid=1918, SUCCESS, logIndex=2775, commits[244f13ac-34be-4c4e-8e45-0c0272edbbb2:c2776, 6287e41a-5356-4f55-84f2-270816d53e84:c2772, a2c18d3d-e79d-47c9-88fe-d8a1d195302b:c2772]
2019-08-23 11:31:37,848 [grpc-default-executor-4] INFO  client.GrpcClientProtocolClient (GrpcClientProtocolClient.java:onNext(255)) - client-C9E345EC67ED->244f13ac-34be-4c4e-8e45-0c0272edbbb2: receive RaftClientReply:client-C9E345EC67ED->244f13ac-34be-4c4e-8e45-0c0272edbbb2@group-FE77C852EF02, cid=1919, SUCCESS, logIndex=2776, commits[244f13ac-34be-4c4e-8e45-0c0272edbbb2:c2776, 6287e41a-5356-4f55-84f2-270816d53e84:c2772, a2c18d3d-e79d-47c9-88fe-d8a1d195302b:c2772]
2019-08-23 11:31:37,874 | INFO  | DNAudit | user=null | ip=null | op=WRITE_CHUNK {blockData=conID: 3 locID: 102666069460648471 bcsId: 2772} | ret=SUCCESS |  
2019-08-23 11:31:37,874 | INFO  | DNAudit | user=null | ip=null | op=WRITE_CHUNK {blockData=conID: 3 locID: 102666069460648471 bcsId: 2772} | ret=SUCCESS |  
2019-08-23 11:31:37,875 | INFO  | DNAudit | user=null | ip=null | op=PUT_BLOCK {blockData=[blockId=conID: 3 locID: 102666069460648471 bcsId: 0,size=4194304]} | ret=SUCCESS |  
2019-08-23 11:31:37,875 | INFO  | DNAudit | user=null | ip=null | op=PUT_BLOCK {blockData=[blockId=conID: 3 locID: 102666069460648471 bcsId: 0,size=4194304]} | ret=SUCCESS |  
2019-08-23 11:31:37,875 [grpc-default-executor-5] INFO  client.GrpcClientProtocolClient (GrpcClientProtocolClient.java:onNext(255)) - client-C9E345EC67ED->244f13ac-34be-4c4e-8e45-0c0272edbbb2: receive RaftClientReply:client-C9E345EC67ED->244f13ac-34be-4c4e-8e45-0c0272edbbb2@group-FE77C852EF02, cid=1920, SUCCESS, logIndex=0, commits[244f13ac-34be-4c4e-8e45-0c0272edbbb2:c2778, 6287e41a-5356-4f55-84f2-270816d53e84:c2776, a2c18d3d-e79d-47c9-88fe-d8a1d195302b:c2776]
2019-08-23 11:31:37,882 | INFO  | SCMAudit | user=jenkins1000 | ip=192.168.5.185 | op=ALLOCATE_BLOCK {owner=00a23185-76ea-47b5-a641-ad3cfbe5521a, size=4194304, type=RATIS, factor=THREE} | ret=SUCCESS |  
2019-08-23 11:31:37,886 | INFO  | OMAudit | user=jenkins1000 | ip=127.0.0.1 | op=ALLOCATE_BLOCK {volume=vol-0-37508, bucket=bucket-0-50919, key=key-0-57313, dataSize=0, replicationType=null, replicationFactor=null, keyLocationInfo=null, clientID=102666068570931602} | ret=SUCCESS |  
2019-08-23 11:31:37,893 | INFO  | DNAudit | user=null | ip=null | op=WRITE_CHUNK {blockData=conID: 1 locID: 102666069467595288 bcsId: 0} | ret=SUCCESS |  
2019-08-23 11:31:37,895 | INFO  | DNAudit | user=null | ip=null | op=WRITE_CHUNK {blockData=conID: 1 locID: 102666069467595288 bcsId: 0} | ret=SUCCESS |  
2019-08-23 11:31:37,896 | INFO  | DNAudit | user=null | ip=null | op=WRITE_CHUNK {blockData=conID: 1 locID: 102666069467595288 bcsId: 0} | ret=SUCCESS |  
2019-08-23 11:31:37,897 | INFO  | DNAudit | user=null | ip=null | op=WRITE_CHUNK {blockData=conID: 1 locID: 102666069467595288 bcsId: 0} | ret=SUCCESS |  
2019-08-23 11:31:37,897 | INFO  | DNAudit | user=null | ip=null | op=WRITE_CHUNK {blockData=conID: 1 locID: 102666069467595288 bcsId: 0} | ret=SUCCESS |  
2019-08-23 11:31:37,897 | INFO  | DNAudit | user=null | ip=null | op=WRITE_CHUNK {blockData=conID: 1 locID: 102666069467595288 bcsId: 0} | ret=SUCCESS |  
2019-08-23 11:31:37,907 | INFO  | DNAudit | user=null | ip=null | op=WRITE_CHUNK {blockData=conID: 1 locID: 102666069467595288 bcsId: 0} | ret=SUCCESS |  
2019-08-23 11:31:37,907 | INFO  | DNAudit | user=null | ip=null | op=PUT_BLOCK {blockData=[blockId=conID: 1 locID: 102666069467595288 bcsId: 0,size=1048576]} | ret=SUCCESS |  
2019-08-23 11:31:37,908 [grpc-default-executor-1] INFO  client.GrpcClientProtocolClient (GrpcClientProtocolClient.java:onNext(255)) - client-C9E345EC67ED->244f13ac-34be-4c4e-8e45-0c0272edbbb2: receive RaftClientReply:client-C9E345EC67ED->244f13ac-34be-4c4e-8e45-0c0272edbbb2@group-FE77C852EF02, cid=1921, SUCCESS, logIndex=2779, commits[244f13ac-34be-4c4e-8e45-0c0272edbbb2:c2780, 6287e41a-5356-4f55-84f2-270816d53e84:c2776, a2c18d3d-e79d-47c9-88fe-d8a1d195302b:c2778]
2019-08-23 11:31:37,908 [grpc-default-executor-1] INFO  client.GrpcClientProtocolClient (GrpcClientProtocolClient.java:onNext(255)) - client-C9E345EC67ED->244f13ac-34be-4c4e-8e45-0c0272edbbb2: receive RaftClientReply:client-C9E345EC67ED->244f13ac-34be-4c4e-8e45-0c0272edbbb2@group-FE77C852EF02, cid=1922, SUCCESS, logIndex=2780, commits[244f13ac-34be-4c4e-8e45-0c0272edbbb2:c2780, 6287e41a-5356-4f55-84f2-270816d53e84:c2776, a2c18d3d-e79d-47c9-88fe-d8a1d195302b:c2778]
2019-08-23 11:31:37,909 | INFO  | DNAudit | user=null | ip=null | op=WRITE_CHUNK {blockData=conID: 1 locID: 102666069467595288 bcsId: 0} | ret=SUCCESS |  
2019-08-23 11:31:37,909 | INFO  | DNAudit | user=null | ip=null | op=PUT_BLOCK {blockData=[blockId=conID: 1 locID: 102666069467595288 bcsId: 0,size=2097152]} | ret=SUCCESS |  
2019-08-23 11:31:37,909 [grpc-default-executor-4] INFO  client.GrpcClientProtocolClient (GrpcClientProtocolClient.java:onNext(255)) - client-C9E345EC67ED->244f13ac-34be-4c4e-8e45-0c0272edbbb2: receive RaftClientReply:client-C9E345EC67ED->244f13ac-34be-4c4e-8e45-0c0272edbbb2@group-FE77C852EF02, cid=1923, SUCCESS, logIndex=2781, commits[244f13ac-34be-4c4e-8e45-0c0272edbbb2:c2782, 6287e41a-5356-4f55-84f2-270816d53e84:c2778, a2c18d3d-e79d-47c9-88fe-d8a1d195302b:c2778]
2019-08-23 11:31:37,910 [grpc-default-executor-4] INFO  client.GrpcClientProtocolClient (GrpcClientProtocolClient.java:onNext(255)) - client-C9E345EC67ED->244f13ac-34be-4c4e-8e45-0c0272edbbb2: receive RaftClientReply:client-C9E345EC67ED->244f13ac-34be-4c4e-8e45-0c0272edbbb2@group-FE77C852EF02, cid=1924, SUCCESS, logIndex=2782, commits[244f13ac-34be-4c4e-8e45-0c0272edbbb2:c2782, 6287e41a-5356-4f55-84f2-270816d53e84:c2778, a2c18d3d-e79d-47c9-88fe-d8a1d195302b:c2778]
2019-08-23 11:31:37,910 | INFO  | DNAudit | user=null | ip=null | op=WRITE_CHUNK {blockData=conID: 1 locID: 102666069467595288 bcsId: 0} | ret=SUCCESS |  
2019-08-23 11:31:37,910 | INFO  | DNAudit | user=null | ip=null | op=PUT_BLOCK {blockData=[blockId=conID: 1 locID: 102666069467595288 bcsId: 0,size=1048576]} | ret=SUCCESS |  
2019-08-23 11:31:37,911 | INFO  | DNAudit | user=null | ip=null | op=WRITE_CHUNK {blockData=conID: 1 locID: 102666069467595288 bcsId: 0} | ret=SUCCESS |  
2019-08-23 11:31:37,911 | INFO  | DNAudit | user=null | ip=null | op=PUT_BLOCK {blockData=[blockId=conID: 1 locID: 102666069467595288 bcsId: 0,size=1048576]} | ret=SUCCESS |  
2019-08-23 11:31:37,911 | INFO  | DNAudit | user=null | ip=null | op=WRITE_CHUNK {blockData=conID: 1 locID: 102666069467595288 bcsId: 0} | ret=SUCCESS |  
2019-08-23 11:31:37,912 | INFO  | DNAudit | user=null | ip=null | op=PUT_BLOCK {blockData=[blockId=conID: 1 locID: 102666069467595288 bcsId: 0,size=2097152]} | ret=SUCCESS |  
2019-08-23 11:31:37,912 [grpc-default-executor-1] INFO  client.GrpcClientProtocolClient (GrpcClientProtocolClient.java:onNext(255)) - client-C9E345EC67ED->244f13ac-34be-4c4e-8e45-0c0272edbbb2: receive RaftClientReply:client-C9E345EC67ED->244f13ac-34be-4c4e-8e45-0c0272edbbb2@group-FE77C852EF02, cid=1925, SUCCESS, logIndex=0, commits[244f13ac-34be-4c4e-8e45-0c0272edbbb2:c2784, 6287e41a-5356-4f55-84f2-270816d53e84:c2780, a2c18d3d-e79d-47c9-88fe-d8a1d195302b:c2780]
2019-08-23 11:31:37,912 | INFO  | DNAudit | user=null | ip=null | op=WRITE_CHUNK {blockData=conID: 1 locID: 102666069467595288 bcsId: 0} | ret=SUCCESS |  
2019-08-23 11:31:37,913 | INFO  | DNAudit | user=null | ip=null | op=PUT_BLOCK {blockData=[blockId=conID: 1 locID: 102666069467595288 bcsId: 0,size=2097152]} | ret=SUCCESS |  
2019-08-23 11:31:37,918 | INFO  | DNAudit | user=null | ip=null | op=WRITE_CHUNK {blockData=conID: 1 locID: 102666069467595288 bcsId: 2782} | ret=SUCCESS |  
2019-08-23 11:31:37,919 | INFO  | DNAudit | user=null | ip=null | op=WRITE_CHUNK {blockData=conID: 1 locID: 102666069467595288 bcsId: 2782} | ret=SUCCESS |  
2019-08-23 11:31:37,919 | INFO  | DNAudit | user=null | ip=null | op=WRITE_CHUNK {blockData=conID: 1 locID: 102666069467595288 bcsId: 2782} | ret=SUCCESS |  
2019-08-23 11:31:37,930 | INFO  | DNAudit | user=null | ip=null | op=WRITE_CHUNK {blockData=conID: 1 locID: 102666069467595288 bcsId: 2782} | ret=SUCCESS |  
2019-08-23 11:31:37,930 | INFO  | DNAudit | user=null | ip=null | op=PUT_BLOCK {blockData=[blockId=conID: 1 locID: 102666069467595288 bcsId: 0,size=3145728]} | ret=SUCCESS |  
2019-08-23 11:31:37,930 [grpc-default-executor-5] INFO  client.GrpcClientProtocolClient (GrpcClientProtocolClient.java:onNext(255)) - client-C9E345EC67ED->244f13ac-34be-4c4e-8e45-0c0272edbbb2: receive RaftClientReply:client-C9E345EC67ED->244f13ac-34be-4c4e-8e45-0c0272edbbb2@group-FE77C852EF02, cid=1926, SUCCESS, logIndex=2787, commits[244f13ac-34be-4c4e-8e45-0c0272edbbb2:c2788, 6287e41a-5356-4f55-84f2-270816d53e84:c2786, a2c18d3d-e79d-47c9-88fe-d8a1d195302b:c2786]
2019-08-23 11:31:37,931 [grpc-default-executor-5] INFO  client.GrpcClientProtocolClient (GrpcClientProtocolClient.java:onNext(255)) - client-C9E345EC67ED->244f13ac-34be-4c4e-8e45-0c0272edbbb2: receive RaftClientReply:client-C9E345EC67ED->244f13ac-34be-4c4e-8e45-0c0272edbbb2@group-FE77C852EF02, cid=1927, SUCCESS, logIndex=2788, commits[244f13ac-34be-4c4e-8e45-0c0272edbbb2:c2788, 6287e41a-5356-4f55-84f2-270816d53e84:c2786, a2c18d3d-e79d-47c9-88fe-d8a1d195302b:c2786]
2019-08-23 11:31:37,936 | INFO  | DNAudit | user=null | ip=null | op=WRITE_CHUNK {blockData=conID: 1 locID: 102666069467595288 bcsId: 2788} | ret=SUCCESS |  
2019-08-23 11:31:37,938 | INFO  | DNAudit | user=null | ip=null | op=WRITE_CHUNK {blockData=conID: 1 locID: 102666069467595288 bcsId: 2788} | ret=SUCCESS |  
2019-08-23 11:31:37,938 | INFO  | DNAudit | user=null | ip=null | op=WRITE_CHUNK {blockData=conID: 1 locID: 102666069467595288 bcsId: 2788} | ret=SUCCESS |  
2019-08-23 11:31:37,941 | INFO  | DNAudit | user=null | ip=null | op=WRITE_CHUNK {blockData=conID: 1 locID: 102666069467595288 bcsId: 2782} | ret=SUCCESS |  
2019-08-23 11:31:37,941 | INFO  | DNAudit | user=null | ip=null | op=WRITE_CHUNK {blockData=conID: 1 locID: 102666069467595288 bcsId: 2782} | ret=SUCCESS |  
2019-08-23 11:31:37,942 | INFO  | DNAudit | user=null | ip=null | op=PUT_BLOCK {blockData=[blockId=conID: 1 locID: 102666069467595288 bcsId: 0,size=3145728]} | ret=SUCCESS |  
2019-08-23 11:31:37,942 | INFO  | DNAudit | user=null | ip=null | op=PUT_BLOCK {blockData=[blockId=conID: 1 locID: 102666069467595288 bcsId: 0,size=3145728]} | ret=SUCCESS |  
2019-08-23 11:31:37,943 | INFO  | DNAudit | user=null | ip=null | op=WRITE_CHUNK {blockData=conID: 1 locID: 102666069467595288 bcsId: 2788} | ret=SUCCESS |  
2019-08-23 11:31:37,943 | INFO  | DNAudit | user=null | ip=null | op=PUT_BLOCK {blockData=[blockId=conID: 1 locID: 102666069467595288 bcsId: 0,size=4194304]} | ret=SUCCESS |  
2019-08-23 11:31:37,943 [grpc-default-executor-1] INFO  client.GrpcClientProtocolClient (GrpcClientProtocolClient.java:onNext(255)) - client-C9E345EC67ED->244f13ac-34be-4c4e-8e45-0c0272edbbb2: receive RaftClientReply:client-C9E345EC67ED->244f13ac-34be-4c4e-8e45-0c0272edbbb2@group-FE77C852EF02, cid=1928, SUCCESS, logIndex=2791, commits[244f13ac-34be-4c4e-8e45-0c0272edbbb2:c2792, 6287e41a-5356-4f55-84f2-270816d53e84:c2788, a2c18d3d-e79d-47c9-88fe-d8a1d195302b:c2788]
2019-08-23 11:31:37,944 [grpc-default-executor-1] INFO  client.GrpcClientProtocolClient (GrpcClientProtocolClient.java:onNext(255)) - client-C9E345EC67ED->244f13ac-34be-4c4e-8e45-0c0272edbbb2: receive RaftClientReply:client-C9E345EC67ED->244f13ac-34be-4c4e-8e45-0c0272edbbb2@group-FE77C852EF02, cid=1929, SUCCESS, logIndex=2792, commits[244f13ac-34be-4c4e-8e45-0c0272edbbb2:c2792, 6287e41a-5356-4f55-84f2-270816d53e84:c2788, a2c18d3d-e79d-47c9-88fe-d8a1d195302b:c2788]
2019-08-23 11:31:37,954 | INFO  | DNAudit | user=null | ip=null | op=WRITE_CHUNK {blockData=conID: 1 locID: 102666069467595288 bcsId: 2788} | ret=SUCCESS |  
2019-08-23 11:31:37,954 | INFO  | DNAudit | user=null | ip=null | op=WRITE_CHUNK {blockData=conID: 1 locID: 102666069467595288 bcsId: 2788} | ret=SUCCESS |  
2019-08-23 11:31:37,956 | INFO  | DNAudit | user=null | ip=null | op=PUT_BLOCK {blockData=[blockId=conID: 1 locID: 102666069467595288 bcsId: 0,size=4194304]} | ret=SUCCESS |  
2019-08-23 11:31:37,956 | INFO  | DNAudit | user=null | ip=null | op=PUT_BLOCK {blockData=[blockId=conID: 1 locID: 102666069467595288 bcsId: 0,size=4194304]} | ret=SUCCESS |  
2019-08-23 11:31:37,956 [grpc-default-executor-1] INFO  client.GrpcClientProtocolClient (GrpcClientProtocolClient.java:onNext(255)) - client-C9E345EC67ED->244f13ac-34be-4c4e-8e45-0c0272edbbb2: receive RaftClientReply:client-C9E345EC67ED->244f13ac-34be-4c4e-8e45-0c0272edbbb2@group-FE77C852EF02, cid=1930, SUCCESS, logIndex=0, commits[244f13ac-34be-4c4e-8e45-0c0272edbbb2:c2794, 6287e41a-5356-4f55-84f2-270816d53e84:c2792, a2c18d3d-e79d-47c9-88fe-d8a1d195302b:c2792]
2019-08-23 11:31:37,960 | INFO  | SCMAudit | user=jenkins1000 | ip=192.168.5.185 | op=ALLOCATE_BLOCK {owner=00a23185-76ea-47b5-a641-ad3cfbe5521a, size=4194304, type=RATIS, factor=THREE} | ret=SUCCESS |  
2019-08-23 11:31:37,963 | INFO  | OMAudit | user=jenkins1000 | ip=127.0.0.1 | op=ALLOCATE_BLOCK {volume=vol-0-37508, bucket=bucket-0-50919, key=key-0-57313, dataSize=0, replicationType=null, replicationFactor=null, keyLocationInfo=null, clientID=102666068570931602} | ret=SUCCESS |  
2019-08-23 11:31:37,969 | INFO  | DNAudit | user=null | ip=null | op=WRITE_CHUNK {blockData=conID: 2 locID: 102666069472707097 bcsId: 0} | ret=SUCCESS |  
2019-08-23 11:31:37,970 | INFO  | DNAudit | user=null | ip=null | op=WRITE_CHUNK {blockData=conID: 2 locID: 102666069472707097 bcsId: 0} | ret=SUCCESS |  
2019-08-23 11:31:37,970 | INFO  | DNAudit | user=null | ip=null | op=WRITE_CHUNK {blockData=conID: 2 locID: 102666069472707097 bcsId: 0} | ret=SUCCESS |  
2019-08-23 11:31:37,971 | INFO  | DNAudit | user=null | ip=null | op=WRITE_CHUNK {blockData=conID: 2 locID: 102666069472707097 bcsId: 0} | ret=SUCCESS |  
2019-08-23 11:31:37,973 | INFO  | DNAudit | user=null | ip=null | op=WRITE_CHUNK {blockData=conID: 2 locID: 102666069472707097 bcsId: 0} | ret=SUCCESS |  
2019-08-23 11:31:37,973 | INFO  | DNAudit | user=null | ip=null | op=WRITE_CHUNK {blockData=conID: 2 locID: 102666069472707097 bcsId: 0} | ret=SUCCESS |  
2019-08-23 11:31:37,983 | INFO  | DNAudit | user=null | ip=null | op=WRITE_CHUNK {blockData=conID: 2 locID: 102666069472707097 bcsId: 0} | ret=SUCCESS |  
2019-08-23 11:31:37,983 | INFO  | DNAudit | user=null | ip=null | op=PUT_BLOCK {blockData=[blockId=conID: 2 locID: 102666069472707097 bcsId: 0,size=1048576]} | ret=SUCCESS |  
2019-08-23 11:31:37,983 [grpc-default-executor-2] INFO  client.GrpcClientProtocolClient (GrpcClientProtocolClient.java:onNext(255)) - client-C9E345EC67ED->244f13ac-34be-4c4e-8e45-0c0272edbbb2: receive RaftClientReply:client-C9E345EC67ED->244f13ac-34be-4c4e-8e45-0c0272edbbb2@group-FE77C852EF02, cid=1931, SUCCESS, logIndex=2795, commits[244f13ac-34be-4c4e-8e45-0c0272edbbb2:c2797, 6287e41a-5356-4f55-84f2-270816d53e84:c2794, a2c18d3d-e79d-47c9-88fe-d8a1d195302b:c2794]
2019-08-23 11:31:37,983 | INFO  | DNAudit | user=null | ip=null | op=WRITE_CHUNK {blockData=conID: 2 locID: 102666069472707097 bcsId: 0} | ret=SUCCESS |  
2019-08-23 11:31:37,983 [grpc-default-executor-2] INFO  client.GrpcClientProtocolClient (GrpcClientProtocolClient.java:onNext(255)) - client-C9E345EC67ED->244f13ac-34be-4c4e-8e45-0c0272edbbb2: receive RaftClientReply:client-C9E345EC67ED->244f13ac-34be-4c4e-8e45-0c0272edbbb2@group-FE77C852EF02, cid=1932, SUCCESS, logIndex=2796, commits[244f13ac-34be-4c4e-8e45-0c0272edbbb2:c2798, 6287e41a-5356-4f55-84f2-270816d53e84:c2794, a2c18d3d-e79d-47c9-88fe-d8a1d195302b:c2794]
2019-08-23 11:31:37,984 | INFO  | DNAudit | user=null | ip=null | op=PUT_BLOCK {blockData=[blockId=conID: 2 locID: 102666069472707097 bcsId: 0,size=2097152]} | ret=SUCCESS |  
2019-08-23 11:31:37,984 [grpc-default-executor-2] INFO  client.GrpcClientProtocolClient (GrpcClientProtocolClient.java:onNext(255)) - client-C9E345EC67ED->244f13ac-34be-4c4e-8e45-0c0272edbbb2: receive RaftClientReply:client-C9E345EC67ED->244f13ac-34be-4c4e-8e45-0c0272edbbb2@group-FE77C852EF02, cid=1933, SUCCESS, logIndex=2797, commits[244f13ac-34be-4c4e-8e45-0c0272edbbb2:c2798, 6287e41a-5356-4f55-84f2-270816d53e84:c2794, a2c18d3d-e79d-47c9-88fe-d8a1d195302b:c2794]
2019-08-23 11:31:37,984 [grpc-default-executor-2] INFO  client.GrpcClientProtocolClient (GrpcClientProtocolClient.java:onNext(255)) - client-C9E345EC67ED->244f13ac-34be-4c4e-8e45-0c0272edbbb2: receive RaftClientReply:client-C9E345EC67ED->244f13ac-34be-4c4e-8e45-0c0272edbbb2@group-FE77C852EF02, cid=1934, SUCCESS, logIndex=2798, commits[244f13ac-34be-4c4e-8e45-0c0272edbbb2:c2798, 6287e41a-5356-4f55-84f2-270816d53e84:c2794, a2c18d3d-e79d-47c9-88fe-d8a1d195302b:c2794]
2019-08-23 11:31:37,994 | INFO  | DNAudit | user=null | ip=null | op=WRITE_CHUNK {blockData=conID: 2 locID: 102666069472707097 bcsId: 0} | ret=SUCCESS |  
2019-08-23 11:31:37,995 | INFO  | DNAudit | user=null | ip=null | op=PUT_BLOCK {blockData=[blockId=conID: 2 locID: 102666069472707097 bcsId: 0,size=1048576]} | ret=SUCCESS |  
2019-08-23 11:31:37,995 | INFO  | DNAudit | user=null | ip=null | op=WRITE_CHUNK {blockData=conID: 2 locID: 102666069472707097 bcsId: 0} | ret=SUCCESS |  
2019-08-23 11:31:37,995 | INFO  | DNAudit | user=null | ip=null | op=WRITE_CHUNK {blockData=conID: 2 locID: 102666069472707097 bcsId: 0} | ret=SUCCESS |  
2019-08-23 11:31:37,995 | INFO  | DNAudit | user=null | ip=null | op=PUT_BLOCK {blockData=[blockId=conID: 2 locID: 102666069472707097 bcsId: 0,size=1048576]} | ret=SUCCESS |  
2019-08-23 11:31:37,995 | INFO  | DNAudit | user=null | ip=null | op=PUT_BLOCK {blockData=[blockId=conID: 2 locID: 102666069472707097 bcsId: 0,size=2097152]} | ret=SUCCESS |  
2019-08-23 11:31:37,995 | INFO  | DNAudit | user=null | ip=null | op=WRITE_CHUNK {blockData=conID: 2 locID: 102666069472707097 bcsId: 0} | ret=SUCCESS |  
2019-08-23 11:31:37,996 | INFO  | DNAudit | user=null | ip=null | op=PUT_BLOCK {blockData=[blockId=conID: 2 locID: 102666069472707097 bcsId: 0,size=2097152]} | ret=SUCCESS |  
2019-08-23 11:31:37,996 [grpc-default-executor-2] INFO  client.GrpcClientProtocolClient (GrpcClientProtocolClient.java:onNext(255)) - client-C9E345EC67ED->244f13ac-34be-4c4e-8e45-0c0272edbbb2: receive RaftClientReply:client-C9E345EC67ED->244f13ac-34be-4c4e-8e45-0c0272edbbb2@group-FE77C852EF02, cid=1935, SUCCESS, logIndex=0, commits[244f13ac-34be-4c4e-8e45-0c0272edbbb2:c2801, 6287e41a-5356-4f55-84f2-270816d53e84:c2798, a2c18d3d-e79d-47c9-88fe-d8a1d195302b:c2797]
2019-08-23 11:31:38,001 | INFO  | DNAudit | user=null | ip=null | op=WRITE_CHUNK {blockData=conID: 2 locID: 102666069472707097 bcsId: 2798} | ret=SUCCESS |  
2019-08-23 11:31:38,003 | INFO  | DNAudit | user=null | ip=null | op=WRITE_CHUNK {blockData=conID: 2 locID: 102666069472707097 bcsId: 2798} | ret=SUCCESS |  
2019-08-23 11:31:38,004 | INFO  | DNAudit | user=null | ip=null | op=WRITE_CHUNK {blockData=conID: 2 locID: 102666069472707097 bcsId: 2798} | ret=SUCCESS |  
2019-08-23 11:31:38,014 | INFO  | DNAudit | user=null | ip=null | op=WRITE_CHUNK {blockData=conID: 2 locID: 102666069472707097 bcsId: 2798} | ret=SUCCESS |  
2019-08-23 11:31:38,014 | INFO  | DNAudit | user=null | ip=null | op=PUT_BLOCK {blockData=[blockId=conID: 2 locID: 102666069472707097 bcsId: 0,size=3145728]} | ret=SUCCESS |  
2019-08-23 11:31:38,014 [grpc-default-executor-2] INFO  client.GrpcClientProtocolClient (GrpcClientProtocolClient.java:onNext(255)) - client-C9E345EC67ED->244f13ac-34be-4c4e-8e45-0c0272edbbb2: receive RaftClientReply:client-C9E345EC67ED->244f13ac-34be-4c4e-8e45-0c0272edbbb2@group-FE77C852EF02, cid=1936, SUCCESS, logIndex=2802, commits[244f13ac-34be-4c4e-8e45-0c0272edbbb2:c2803, 6287e41a-5356-4f55-84f2-270816d53e84:c2801, a2c18d3d-e79d-47c9-88fe-d8a1d195302b:c2801]
2019-08-23 11:31:38,015 [grpc-default-executor-2] INFO  client.GrpcClientProtocolClient (GrpcClientProtocolClient.java:onNext(255)) - client-C9E345EC67ED->244f13ac-34be-4c4e-8e45-0c0272edbbb2: receive RaftClientReply:client-C9E345EC67ED->244f13ac-34be-4c4e-8e45-0c0272edbbb2@group-FE77C852EF02, cid=1937, SUCCESS, logIndex=2803, commits[244f13ac-34be-4c4e-8e45-0c0272edbbb2:c2803, 6287e41a-5356-4f55-84f2-270816d53e84:c2801, a2c18d3d-e79d-47c9-88fe-d8a1d195302b:c2801]
2019-08-23 11:31:38,021 | INFO  | DNAudit | user=null | ip=null | op=WRITE_CHUNK {blockData=conID: 2 locID: 102666069472707097 bcsId: 2803} | ret=SUCCESS |  
2019-08-23 11:31:38,024 | INFO  | DNAudit | user=null | ip=null | op=WRITE_CHUNK {blockData=conID: 2 locID: 102666069472707097 bcsId: 2803} | ret=SUCCESS |  
2019-08-23 11:31:38,024 | INFO  | DNAudit | user=null | ip=null | op=WRITE_CHUNK {blockData=conID: 2 locID: 102666069472707097 bcsId: 2803} | ret=SUCCESS |  
2019-08-23 11:31:38,025 | INFO  | DNAudit | user=null | ip=null | op=WRITE_CHUNK {blockData=conID: 2 locID: 102666069472707097 bcsId: 2798} | ret=SUCCESS |  
2019-08-23 11:31:38,025 | INFO  | DNAudit | user=null | ip=null | op=WRITE_CHUNK {blockData=conID: 2 locID: 102666069472707097 bcsId: 2798} | ret=SUCCESS |  
2019-08-23 11:31:38,025 | INFO  | DNAudit | user=null | ip=null | op=PUT_BLOCK {blockData=[blockId=conID: 2 locID: 102666069472707097 bcsId: 0,size=3145728]} | ret=SUCCESS |  
2019-08-23 11:31:38,025 | INFO  | DNAudit | user=null | ip=null | op=PUT_BLOCK {blockData=[blockId=conID: 2 locID: 102666069472707097 bcsId: 0,size=3145728]} | ret=SUCCESS |  
2019-08-23 11:31:38,027 | INFO  | DNAudit | user=null | ip=null | op=WRITE_CHUNK {blockData=conID: 2 locID: 102666069472707097 bcsId: 2803} | ret=SUCCESS |  
2019-08-23 11:31:38,027 | INFO  | DNAudit | user=null | ip=null | op=PUT_BLOCK {blockData=[blockId=conID: 2 locID: 102666069472707097 bcsId: 0,size=4194304]} | ret=SUCCESS |  
2019-08-23 11:31:38,027 [grpc-default-executor-1] INFO  client.GrpcClientProtocolClient (GrpcClientProtocolClient.java:onNext(255)) - client-C9E345EC67ED->244f13ac-34be-4c4e-8e45-0c0272edbbb2: receive RaftClientReply:client-C9E345EC67ED->244f13ac-34be-4c4e-8e45-0c0272edbbb2@group-FE77C852EF02, cid=1938, SUCCESS, logIndex=2806, commits[244f13ac-34be-4c4e-8e45-0c0272edbbb2:c2807, 6287e41a-5356-4f55-84f2-270816d53e84:c2803, a2c18d3d-e79d-47c9-88fe-d8a1d195302b:c2803]
2019-08-23 11:31:38,028 [grpc-default-executor-1] INFO  client.GrpcClientProtocolClient (GrpcClientProtocolClient.java:onNext(255)) - client-C9E345EC67ED->244f13ac-34be-4c4e-8e45-0c0272edbbb2: receive RaftClientReply:client-C9E345EC67ED->244f13ac-34be-4c4e-8e45-0c0272edbbb2@group-FE77C852EF02, cid=1939, SUCCESS, logIndex=2807, commits[244f13ac-34be-4c4e-8e45-0c0272edbbb2:c2807, 6287e41a-5356-4f55-84f2-270816d53e84:c2803, a2c18d3d-e79d-47c9-88fe-d8a1d195302b:c2803]
2019-08-23 11:31:38,038 | INFO  | DNAudit | user=null | ip=null | op=WRITE_CHUNK {blockData=conID: 2 locID: 102666069472707097 bcsId: 2803} | ret=SUCCESS |  
2019-08-23 11:31:38,038 | INFO  | DNAudit | user=null | ip=null | op=WRITE_CHUNK {blockData=conID: 2 locID: 102666069472707097 bcsId: 2803} | ret=SUCCESS |  
2019-08-23 11:31:38,040 | INFO  | DNAudit | user=null | ip=null | op=PUT_BLOCK {blockData=[blockId=conID: 2 locID: 102666069472707097 bcsId: 0,size=4194304]} | ret=SUCCESS |  
2019-08-23 11:31:38,040 | INFO  | DNAudit | user=null | ip=null | op=PUT_BLOCK {blockData=[blockId=conID: 2 locID: 102666069472707097 bcsId: 0,size=4194304]} | ret=SUCCESS |  
2019-08-23 11:31:38,040 [grpc-default-executor-1] INFO  client.GrpcClientProtocolClient (GrpcClientProtocolClient.java:onNext(255)) - client-C9E345EC67ED->244f13ac-34be-4c4e-8e45-0c0272edbbb2: receive RaftClientReply:client-C9E345EC67ED->244f13ac-34be-4c4e-8e45-0c0272edbbb2@group-FE77C852EF02, cid=1940, SUCCESS, logIndex=0, commits[244f13ac-34be-4c4e-8e45-0c0272edbbb2:c2809, 6287e41a-5356-4f55-84f2-270816d53e84:c2807, a2c18d3d-e79d-47c9-88fe-d8a1d195302b:c2807]
2019-08-23 11:31:38,044 | INFO  | SCMAudit | user=jenkins1000 | ip=192.168.5.185 | op=ALLOCATE_BLOCK {owner=00a23185-76ea-47b5-a641-ad3cfbe5521a, size=4194304, type=RATIS, factor=THREE} | ret=SUCCESS |  
2019-08-23 11:31:38,046 | INFO  | OMAudit | user=jenkins1000 | ip=127.0.0.1 | op=ALLOCATE_BLOCK {volume=vol-0-37508, bucket=bucket-0-50919, key=key-0-57313, dataSize=0, replicationType=null, replicationFactor=null, keyLocationInfo=null, clientID=102666068570931602} | ret=SUCCESS |  
 0.00% |█                                                                                                    |  0/1 Time: 0:00:132019-08-23 11:31:38,048 | INFO  | SCMAudit | user=jenkins1000 | ip=192.168.5.185 | op=SEND_HEARTBEAT {datanodeUUID=244f13ac-34be-4c4e-8e45-0c0272edbbb2, command=[]} | ret=SUCCESS |  
2019-08-23 11:31:38,048 | INFO  | SCMAudit | user=jenkins1000 | ip=192.168.5.185 | op=SEND_HEARTBEAT {datanodeUUID=b2c34899-c5c3-4720-9d95-984efeabf4a7, command=[]} | ret=SUCCESS |  
2019-08-23 11:31:38,048 | INFO  | SCMAudit | user=jenkins1000 | ip=192.168.5.185 | op=SEND_HEARTBEAT {datanodeUUID=a2c18d3d-e79d-47c9-88fe-d8a1d195302b, command=[]} | ret=SUCCESS |  
2019-08-23 11:31:38,048 | INFO  | SCMAudit | user=jenkins1000 | ip=192.168.5.185 | op=SEND_HEARTBEAT {datanodeUUID=0d166765-8492-4439-8677-f737a7bc54ca, command=[]} | ret=SUCCESS |  
2019-08-23 11:31:38,048 | INFO  | SCMAudit | user=jenkins1000 | ip=192.168.5.185 | op=SEND_HEARTBEAT {datanodeUUID=6287e41a-5356-4f55-84f2-270816d53e84, command=[]} | ret=SUCCESS |  
2019-08-23 11:31:38,052 | INFO  | DNAudit | user=null | ip=null | op=WRITE_CHUNK {blockData=conID: 3 locID: 102666069478212122 bcsId: 0} | ret=SUCCESS |  
2019-08-23 11:31:38,056 | INFO  | DNAudit | user=null | ip=null | op=WRITE_CHUNK {blockData=conID: 3 locID: 102666069478212122 bcsId: 0} | ret=SUCCESS |  
2019-08-23 11:31:38,056 | INFO  | DNAudit | user=null | ip=null | op=WRITE_CHUNK {blockData=conID: 3 locID: 102666069478212122 bcsId: 0} | ret=SUCCESS |  
2019-08-23 11:31:38,056 | INFO  | DNAudit | user=null | ip=null | op=WRITE_CHUNK {blockData=conID: 3 locID: 102666069478212122 bcsId: 0} | ret=SUCCESS |  
2019-08-23 11:31:38,058 | INFO  | DNAudit | user=null | ip=null | op=WRITE_CHUNK {blockData=conID: 3 locID: 102666069478212122 bcsId: 0} | ret=SUCCESS |  
2019-08-23 11:31:38,058 | INFO  | DNAudit | user=null | ip=null | op=WRITE_CHUNK {blockData=conID: 3 locID: 102666069478212122 bcsId: 0} | ret=SUCCESS |  
2019-08-23 11:31:38,066 | INFO  | DNAudit | user=null | ip=null | op=WRITE_CHUNK {blockData=conID: 3 locID: 102666069478212122 bcsId: 0} | ret=SUCCESS |  
2019-08-23 11:31:38,067 | INFO  | DNAudit | user=null | ip=null | op=PUT_BLOCK {blockData=[blockId=conID: 3 locID: 102666069478212122 bcsId: 0,size=1048576]} | ret=SUCCESS |  
2019-08-23 11:31:38,068 | INFO  | DNAudit | user=null | ip=null | op=WRITE_CHUNK {blockData=conID: 3 locID: 102666069478212122 bcsId: 0} | ret=SUCCESS |  
2019-08-23 11:31:38,067 [grpc-default-executor-1] INFO  client.GrpcClientProtocolClient (GrpcClientProtocolClient.java:onNext(255)) - client-C9E345EC67ED->244f13ac-34be-4c4e-8e45-0c0272edbbb2: receive RaftClientReply:client-C9E345EC67ED->244f13ac-34be-4c4e-8e45-0c0272edbbb2@group-FE77C852EF02, cid=1941, SUCCESS, logIndex=2810, commits[244f13ac-34be-4c4e-8e45-0c0272edbbb2:c2813, 6287e41a-5356-4f55-84f2-270816d53e84:c2809, a2c18d3d-e79d-47c9-88fe-d8a1d195302b:c2809]
2019-08-23 11:31:38,068 | INFO  | DNAudit | user=null | ip=null | op=WRITE_CHUNK {blockData=conID: 3 locID: 102666069478212122 bcsId: 0} | ret=SUCCESS |  
2019-08-23 11:31:38,068 | INFO  | DNAudit | user=null | ip=null | op=PUT_BLOCK {blockData=[blockId=conID: 3 locID: 102666069478212122 bcsId: 0,size=2097152]} | ret=SUCCESS |  
2019-08-23 11:31:38,068 | INFO  | DNAudit | user=null | ip=null | op=PUT_BLOCK {blockData=[blockId=conID: 3 locID: 102666069478212122 bcsId: 0,size=1048576]} | ret=SUCCESS |  
2019-08-23 11:31:38,068 | INFO  | DNAudit | user=null | ip=null | op=WRITE_CHUNK {blockData=conID: 3 locID: 102666069478212122 bcsId: 0} | ret=SUCCESS |  
2019-08-23 11:31:38,068 | INFO  | DNAudit | user=null | ip=null | op=PUT_BLOCK {blockData=[blockId=conID: 3 locID: 102666069478212122 bcsId: 0,size=1048576]} | ret=SUCCESS |  
2019-08-23 11:31:38,069 | INFO  | DNAudit | user=null | ip=null | op=WRITE_CHUNK {blockData=conID: 3 locID: 102666069478212122 bcsId: 0} | ret=SUCCESS |  
2019-08-23 11:31:38,069 [grpc-default-executor-1] INFO  client.GrpcClientProtocolClient (GrpcClientProtocolClient.java:onNext(255)) - client-C9E345EC67ED->244f13ac-34be-4c4e-8e45-0c0272edbbb2: receive RaftClientReply:client-C9E345EC67ED->244f13ac-34be-4c4e-8e45-0c0272edbbb2@group-FE77C852EF02, cid=1942, SUCCESS, logIndex=2811, commits[244f13ac-34be-4c4e-8e45-0c0272edbbb2:c2813, 6287e41a-5356-4f55-84f2-270816d53e84:c2809, a2c18d3d-e79d-47c9-88fe-d8a1d195302b:c2809]
2019-08-23 11:31:38,069 | INFO  | DNAudit | user=null | ip=null | op=PUT_BLOCK {blockData=[blockId=conID: 3 locID: 102666069478212122 bcsId: 0,size=2097152]} | ret=SUCCESS |  
2019-08-23 11:31:38,069 [grpc-default-executor-1] INFO  client.GrpcClientProtocolClient (GrpcClientProtocolClient.java:onNext(255)) - client-C9E345EC67ED->244f13ac-34be-4c4e-8e45-0c0272edbbb2: receive RaftClientReply:client-C9E345EC67ED->244f13ac-34be-4c4e-8e45-0c0272edbbb2@group-FE77C852EF02, cid=1943, SUCCESS, logIndex=2812, commits[244f13ac-34be-4c4e-8e45-0c0272edbbb2:c2814, 6287e41a-5356-4f55-84f2-270816d53e84:c2811, a2c18d3d-e79d-47c9-88fe-d8a1d195302b:c2809]
2019-08-23 11:31:38,069 | INFO  | DNAudit | user=null | ip=null | op=WRITE_CHUNK {blockData=conID: 3 locID: 102666069478212122 bcsId: 0} | ret=SUCCESS |  
2019-08-23 11:31:38,069 [grpc-default-executor-1] INFO  client.GrpcClientProtocolClient (GrpcClientProtocolClient.java:onNext(255)) - client-C9E345EC67ED->244f13ac-34be-4c4e-8e45-0c0272edbbb2: receive RaftClientReply:client-C9E345EC67ED->244f13ac-34be-4c4e-8e45-0c0272edbbb2@group-FE77C852EF02, cid=1944, SUCCESS, logIndex=2813, commits[244f13ac-34be-4c4e-8e45-0c0272edbbb2:c2814, 6287e41a-5356-4f55-84f2-270816d53e84:c2811, a2c18d3d-e79d-47c9-88fe-d8a1d195302b:c2809]
2019-08-23 11:31:38,069 | INFO  | DNAudit | user=null | ip=null | op=PUT_BLOCK {blockData=[blockId=conID: 3 locID: 102666069478212122 bcsId: 0,size=2097152]} | ret=SUCCESS |  
2019-08-23 11:31:38,070 [grpc-default-executor-1] INFO  client.GrpcClientProtocolClient (GrpcClientProtocolClient.java:onNext(255)) - client-C9E345EC67ED->244f13ac-34be-4c4e-8e45-0c0272edbbb2: receive RaftClientReply:client-C9E345EC67ED->244f13ac-34be-4c4e-8e45-0c0272edbbb2@group-FE77C852EF02, cid=1945, SUCCESS, logIndex=0, commits[244f13ac-34be-4c4e-8e45-0c0272edbbb2:c2817, 6287e41a-5356-4f55-84f2-270816d53e84:c2813, a2c18d3d-e79d-47c9-88fe-d8a1d195302b:c2813]
2019-08-23 11:31:38,076 | INFO  | DNAudit | user=null | ip=null | op=WRITE_CHUNK {blockData=conID: 3 locID: 102666069478212122 bcsId: 2813} | ret=SUCCESS |  
2019-08-23 11:31:38,079 | INFO  | DNAudit | user=null | ip=null | op=WRITE_CHUNK {blockData=conID: 3 locID: 102666069478212122 bcsId: 2813} | ret=SUCCESS |  
2019-08-23 11:31:38,079 | INFO  | DNAudit | user=null | ip=null | op=WRITE_CHUNK {blockData=conID: 3 locID: 102666069478212122 bcsId: 2813} | ret=SUCCESS |  
2019-08-23 11:31:38,087 | INFO  | DNAudit | user=null | ip=null | op=WRITE_CHUNK {blockData=conID: 3 locID: 102666069478212122 bcsId: 2813} | ret=SUCCESS |  
2019-08-23 11:31:38,088 | INFO  | DNAudit | user=null | ip=null | op=PUT_BLOCK {blockData=[blockId=conID: 3 locID: 102666069478212122 bcsId: 0,size=3145728]} | ret=SUCCESS |  
2019-08-23 11:31:38,088 [grpc-default-executor-5] INFO  client.GrpcClientProtocolClient (GrpcClientProtocolClient.java:onNext(255)) - client-C9E345EC67ED->244f13ac-34be-4c4e-8e45-0c0272edbbb2: receive RaftClientReply:client-C9E345EC67ED->244f13ac-34be-4c4e-8e45-0c0272edbbb2@group-FE77C852EF02, cid=1946, SUCCESS, logIndex=2818, commits[244f13ac-34be-4c4e-8e45-0c0272edbbb2:c2819, 6287e41a-5356-4f55-84f2-270816d53e84:c2817, a2c18d3d-e79d-47c9-88fe-d8a1d195302b:c2817]
2019-08-23 11:31:38,088 [grpc-default-executor-5] INFO  client.GrpcClientProtocolClient (GrpcClientProtocolClient.java:onNext(255)) - client-C9E345EC67ED->244f13ac-34be-4c4e-8e45-0c0272edbbb2: receive RaftClientReply:client-C9E345EC67ED->244f13ac-34be-4c4e-8e45-0c0272edbbb2@group-FE77C852EF02, cid=1947, SUCCESS, logIndex=2819, commits[244f13ac-34be-4c4e-8e45-0c0272edbbb2:c2819, 6287e41a-5356-4f55-84f2-270816d53e84:c2817, a2c18d3d-e79d-47c9-88fe-d8a1d195302b:c2817]
2019-08-23 11:31:38,094 | INFO  | DNAudit | user=null | ip=null | op=WRITE_CHUNK {blockData=conID: 3 locID: 102666069478212122 bcsId: 2819} | ret=SUCCESS |  
2019-08-23 11:31:38,097 | INFO  | DNAudit | user=null | ip=null | op=WRITE_CHUNK {blockData=conID: 3 locID: 102666069478212122 bcsId: 2819} | ret=SUCCESS |  
2019-08-23 11:31:38,097 | INFO  | DNAudit | user=null | ip=null | op=WRITE_CHUNK {blockData=conID: 3 locID: 102666069478212122 bcsId: 2819} | ret=SUCCESS |  
2019-08-23 11:31:38,097 | INFO  | DNAudit | user=null | ip=null | op=WRITE_CHUNK {blockData=conID: 3 locID: 102666069478212122 bcsId: 2813} | ret=SUCCESS |  
2019-08-23 11:31:38,097 | INFO  | DNAudit | user=null | ip=null | op=WRITE_CHUNK {blockData=conID: 3 locID: 102666069478212122 bcsId: 2813} | ret=SUCCESS |  
2019-08-23 11:31:38,099 | INFO  | DNAudit | user=null | ip=null | op=PUT_BLOCK {blockData=[blockId=conID: 3 locID: 102666069478212122 bcsId: 0,size=3145728]} | ret=SUCCESS |  
2019-08-23 11:31:38,099 | INFO  | DNAudit | user=null | ip=null | op=PUT_BLOCK {blockData=[blockId=conID: 3 locID: 102666069478212122 bcsId: 0,size=3145728]} | ret=SUCCESS |  
2019-08-23 11:31:38,099 | INFO  | DNAudit | user=null | ip=null | op=WRITE_CHUNK {blockData=conID: 3 locID: 102666069478212122 bcsId: 2819} | ret=SUCCESS |  
2019-08-23 11:31:38,100 | INFO  | DNAudit | user=null | ip=null | op=PUT_BLOCK {blockData=[blockId=conID: 3 locID: 102666069478212122 bcsId: 0,size=4194304]} | ret=SUCCESS |  
2019-08-23 11:31:38,100 [grpc-default-executor-1] INFO  client.GrpcClientProtocolClient (GrpcClientProtocolClient.java:onNext(255)) - client-C9E345EC67ED->244f13ac-34be-4c4e-8e45-0c0272edbbb2: receive RaftClientReply:client-C9E345EC67ED->244f13ac-34be-4c4e-8e45-0c0272edbbb2@group-FE77C852EF02, cid=1948, SUCCESS, logIndex=2822, commits[244f13ac-34be-4c4e-8e45-0c0272edbbb2:c2822, 6287e41a-5356-4f55-84f2-270816d53e84:c2819, a2c18d3d-e79d-47c9-88fe-d8a1d195302b:c2819]
2019-08-23 11:31:38,100 [grpc-default-executor-1] INFO  client.GrpcClientProtocolClient (GrpcClientProtocolClient.java:onNext(255)) - client-C9E345EC67ED->244f13ac-34be-4c4e-8e45-0c0272edbbb2: receive RaftClientReply:client-C9E345EC67ED->244f13ac-34be-4c4e-8e45-0c0272edbbb2@group-FE77C852EF02, cid=1949, SUCCESS, logIndex=2823, commits[244f13ac-34be-4c4e-8e45-0c0272edbbb2:c2823, 6287e41a-5356-4f55-84f2-270816d53e84:c2819, a2c18d3d-e79d-47c9-88fe-d8a1d195302b:c2819]
2019-08-23 11:31:38,126 | INFO  | DNAudit | user=null | ip=null | op=WRITE_CHUNK {blockData=conID: 3 locID: 102666069478212122 bcsId: 2819} | ret=SUCCESS |  
2019-08-23 11:31:38,126 | INFO  | DNAudit | user=null | ip=null | op=WRITE_CHUNK {blockData=conID: 3 locID: 102666069478212122 bcsId: 2819} | ret=SUCCESS |  
2019-08-23 11:31:38,127 | INFO  | DNAudit | user=null | ip=null | op=PUT_BLOCK {blockData=[blockId=conID: 3 locID: 102666069478212122 bcsId: 0,size=4194304]} | ret=SUCCESS |  
2019-08-23 11:31:38,127 | INFO  | DNAudit | user=null | ip=null | op=PUT_BLOCK {blockData=[blockId=conID: 3 locID: 102666069478212122 bcsId: 0,size=4194304]} | ret=SUCCESS |  
2019-08-23 11:31:38,128 [grpc-default-executor-1] INFO  client.GrpcClientProtocolClient (GrpcClientProtocolClient.java:onNext(255)) - client-C9E345EC67ED->244f13ac-34be-4c4e-8e45-0c0272edbbb2: receive RaftClientReply:client-C9E345EC67ED->244f13ac-34be-4c4e-8e45-0c0272edbbb2@group-FE77C852EF02, cid=1950, SUCCESS, logIndex=0, commits[244f13ac-34be-4c4e-8e45-0c0272edbbb2:c2825, 6287e41a-5356-4f55-84f2-270816d53e84:c2823, a2c18d3d-e79d-47c9-88fe-d8a1d195302b:c2823]
2019-08-23 11:31:38,133 | INFO  | SCMAudit | user=jenkins1000 | ip=192.168.5.185 | op=ALLOCATE_BLOCK {owner=00a23185-76ea-47b5-a641-ad3cfbe5521a, size=4194304, type=RATIS, factor=THREE} | ret=SUCCESS |  
2019-08-23 11:31:38,136 | INFO  | OMAudit | user=jenkins1000 | ip=127.0.0.1 | op=ALLOCATE_BLOCK {volume=vol-0-37508, bucket=bucket-0-50919, key=key-0-57313, dataSize=0, replicationType=null, replicationFactor=null, keyLocationInfo=null, clientID=102666068570931602} | ret=SUCCESS |  
2019-08-23 11:31:38,143 | INFO  | DNAudit | user=null | ip=null | op=WRITE_CHUNK {blockData=conID: 1 locID: 102666069484044827 bcsId: 0} | ret=SUCCESS |  
2019-08-23 11:31:38,144 | INFO  | DNAudit | user=null | ip=null | op=WRITE_CHUNK {blockData=conID: 1 locID: 102666069484044827 bcsId: 0} | ret=SUCCESS |  
2019-08-23 11:31:38,145 | INFO  | DNAudit | user=null | ip=null | op=WRITE_CHUNK {blockData=conID: 1 locID: 102666069484044827 bcsId: 0} | ret=SUCCESS |  
2019-08-23 11:31:38,145 | INFO  | DNAudit | user=null | ip=null | op=WRITE_CHUNK {blockData=conID: 1 locID: 102666069484044827 bcsId: 0} | ret=SUCCESS |  
2019-08-23 11:31:38,146 | INFO  | DNAudit | user=null | ip=null | op=WRITE_CHUNK {blockData=conID: 1 locID: 102666069484044827 bcsId: 0} | ret=SUCCESS |  
2019-08-23 11:31:38,147 | INFO  | DNAudit | user=null | ip=null | op=WRITE_CHUNK {blockData=conID: 1 locID: 102666069484044827 bcsId: 0} | ret=SUCCESS |  
2019-08-23 11:31:38,156 | INFO  | DNAudit | user=null | ip=null | op=WRITE_CHUNK {blockData=conID: 1 locID: 102666069484044827 bcsId: 0} | ret=SUCCESS |  
2019-08-23 11:31:38,157 | INFO  | DNAudit | user=null | ip=null | op=PUT_BLOCK {blockData=[blockId=conID: 1 locID: 102666069484044827 bcsId: 0,size=1048576]} | ret=SUCCESS |  
2019-08-23 11:31:38,157 [grpc-default-executor-5] INFO  client.GrpcClientProtocolClient (GrpcClientProtocolClient.java:onNext(255)) - client-C9E345EC67ED->244f13ac-34be-4c4e-8e45-0c0272edbbb2: receive RaftClientReply:client-C9E345EC67ED->244f13ac-34be-4c4e-8e45-0c0272edbbb2@group-FE77C852EF02, cid=1951, SUCCESS, logIndex=2826, commits[244f13ac-34be-4c4e-8e45-0c0272edbbb2:c2828, 6287e41a-5356-4f55-84f2-270816d53e84:c2825, a2c18d3d-e79d-47c9-88fe-d8a1d195302b:c2825]
2019-08-23 11:31:38,158 | INFO  | DNAudit | user=null | ip=null | op=WRITE_CHUNK {blockData=conID: 1 locID: 102666069484044827 bcsId: 0} | ret=SUCCESS |  
2019-08-23 11:31:38,158 [grpc-default-executor-5] INFO  client.GrpcClientProtocolClient (GrpcClientProtocolClient.java:onNext(255)) - client-C9E345EC67ED->244f13ac-34be-4c4e-8e45-0c0272edbbb2: receive RaftClientReply:client-C9E345EC67ED->244f13ac-34be-4c4e-8e45-0c0272edbbb2@group-FE77C852EF02, cid=1952, SUCCESS, logIndex=2827, commits[244f13ac-34be-4c4e-8e45-0c0272edbbb2:c2829, 6287e41a-5356-4f55-84f2-270816d53e84:c2825, a2c18d3d-e79d-47c9-88fe-d8a1d195302b:c2825]
2019-08-23 11:31:38,158 | INFO  | DNAudit | user=null | ip=null | op=PUT_BLOCK {blockData=[blockId=conID: 1 locID: 102666069484044827 bcsId: 0,size=2097152]} | ret=SUCCESS |  
2019-08-23 11:31:38,158 [grpc-default-executor-5] INFO  client.GrpcClientProtocolClient (GrpcClientProtocolClient.java:onNext(255)) - client-C9E345EC67ED->244f13ac-34be-4c4e-8e45-0c0272edbbb2: receive RaftClientReply:client-C9E345EC67ED->244f13ac-34be-4c4e-8e45-0c0272edbbb2@group-FE77C852EF02, cid=1953, SUCCESS, logIndex=2828, commits[244f13ac-34be-4c4e-8e45-0c0272edbbb2:c2829, 6287e41a-5356-4f55-84f2-270816d53e84:c2825, a2c18d3d-e79d-47c9-88fe-d8a1d195302b:c2825]
2019-08-23 11:31:38,158 [grpc-default-executor-5] INFO  client.GrpcClientProtocolClient (GrpcClientProtocolClient.java:onNext(255)) - client-C9E345EC67ED->244f13ac-34be-4c4e-8e45-0c0272edbbb2: receive RaftClientReply:client-C9E345EC67ED->244f13ac-34be-4c4e-8e45-0c0272edbbb2@group-FE77C852EF02, cid=1954, SUCCESS, logIndex=2829, commits[244f13ac-34be-4c4e-8e45-0c0272edbbb2:c2829, 6287e41a-5356-4f55-84f2-270816d53e84:c2825, a2c18d3d-e79d-47c9-88fe-d8a1d195302b:c2825]
2019-08-23 11:31:38,168 | INFO  | DNAudit | user=null | ip=null | op=WRITE_CHUNK {blockData=conID: 1 locID: 102666069484044827 bcsId: 0} | ret=SUCCESS |  
2019-08-23 11:31:38,168 | INFO  | DNAudit | user=null | ip=null | op=WRITE_CHUNK {blockData=conID: 1 locID: 102666069484044827 bcsId: 0} | ret=SUCCESS |  
2019-08-23 11:31:38,168 | INFO  | DNAudit | user=null | ip=null | op=PUT_BLOCK {blockData=[blockId=conID: 1 locID: 102666069484044827 bcsId: 0,size=1048576]} | ret=SUCCESS |  
2019-08-23 11:31:38,168 | INFO  | DNAudit | user=null | ip=null | op=PUT_BLOCK {blockData=[blockId=conID: 1 locID: 102666069484044827 bcsId: 0,size=1048576]} | ret=SUCCESS |  
2019-08-23 11:31:38,169 [grpc-default-executor-1] INFO  client.GrpcClientProtocolClient (GrpcClientProtocolClient.java:onNext(255)) - client-C9E345EC67ED->244f13ac-34be-4c4e-8e45-0c0272edbbb2: receive RaftClientReply:client-C9E345EC67ED->244f13ac-34be-4c4e-8e45-0c0272edbbb2@group-FE77C852EF02, cid=1955, SUCCESS, logIndex=0, commits[244f13ac-34be-4c4e-8e45-0c0272edbbb2:c2831, 6287e41a-5356-4f55-84f2-270816d53e84:c2827, a2c18d3d-e79d-47c9-88fe-d8a1d195302b:c2827]
2019-08-23 11:31:38,169 | INFO  | DNAudit | user=null | ip=null | op=WRITE_CHUNK {blockData=conID: 1 locID: 102666069484044827 bcsId: 0} | ret=SUCCESS |  
2019-08-23 11:31:38,169 | INFO  | DNAudit | user=null | ip=null | op=WRITE_CHUNK {blockData=conID: 1 locID: 102666069484044827 bcsId: 0} | ret=SUCCESS |  
2019-08-23 11:31:38,169 | INFO  | DNAudit | user=null | ip=null | op=PUT_BLOCK {blockData=[blockId=conID: 1 locID: 102666069484044827 bcsId: 0,size=2097152]} | ret=SUCCESS |  
2019-08-23 11:31:38,170 | INFO  | DNAudit | user=null | ip=null | op=PUT_BLOCK {blockData=[blockId=conID: 1 locID: 102666069484044827 bcsId: 0,size=2097152]} | ret=SUCCESS |  
2019-08-23 11:31:38,176 | INFO  | DNAudit | user=null | ip=null | op=WRITE_CHUNK {blockData=conID: 1 locID: 102666069484044827 bcsId: 2829} | ret=SUCCESS |  
2019-08-23 11:31:38,177 | INFO  | DNAudit | user=null | ip=null | op=WRITE_CHUNK {blockData=conID: 1 locID: 102666069484044827 bcsId: 2829} | ret=SUCCESS |  
2019-08-23 11:31:38,178 | INFO  | DNAudit | user=null | ip=null | op=WRITE_CHUNK {blockData=conID: 1 locID: 102666069484044827 bcsId: 2829} | ret=SUCCESS |  
2019-08-23 11:31:38,188 | INFO  | DNAudit | user=null | ip=null | op=WRITE_CHUNK {blockData=conID: 1 locID: 102666069484044827 bcsId: 2829} | ret=SUCCESS |  
2019-08-23 11:31:38,189 | INFO  | DNAudit | user=null | ip=null | op=PUT_BLOCK {blockData=[blockId=conID: 1 locID: 102666069484044827 bcsId: 0,size=3145728]} | ret=SUCCESS |  
2019-08-23 11:31:38,189 [grpc-default-executor-2] INFO  client.GrpcClientProtocolClient (GrpcClientProtocolClient.java:onNext(255)) - client-C9E345EC67ED->244f13ac-34be-4c4e-8e45-0c0272edbbb2: receive RaftClientReply:client-C9E345EC67ED->244f13ac-34be-4c4e-8e45-0c0272edbbb2@group-FE77C852EF02, cid=1956, SUCCESS, logIndex=2834, commits[244f13ac-34be-4c4e-8e45-0c0272edbbb2:c2835, 6287e41a-5356-4f55-84f2-270816d53e84:c2833, a2c18d3d-e79d-47c9-88fe-d8a1d195302b:c2829]
2019-08-23 11:31:38,189 [grpc-default-executor-2] INFO  client.GrpcClientProtocolClient (GrpcClientProtocolClient.java:onNext(255)) - client-C9E345EC67ED->244f13ac-34be-4c4e-8e45-0c0272edbbb2: receive RaftClientReply:client-C9E345EC67ED->244f13ac-34be-4c4e-8e45-0c0272edbbb2@group-FE77C852EF02, cid=1957, SUCCESS, logIndex=2835, commits[244f13ac-34be-4c4e-8e45-0c0272edbbb2:c2835, 6287e41a-5356-4f55-84f2-270816d53e84:c2833, a2c18d3d-e79d-47c9-88fe-d8a1d195302b:c2833]
2019-08-23 11:31:38,195 | INFO  | DNAudit | user=null | ip=null | op=WRITE_CHUNK {blockData=conID: 1 locID: 102666069484044827 bcsId: 2835} | ret=SUCCESS |  
2019-08-23 11:31:38,197 | INFO  | DNAudit | user=null | ip=null | op=WRITE_CHUNK {blockData=conID: 1 locID: 102666069484044827 bcsId: 2835} | ret=SUCCESS |  
2019-08-23 11:31:38,199 | INFO  | DNAudit | user=null | ip=null | op=WRITE_CHUNK {blockData=conID: 1 locID: 102666069484044827 bcsId: 2835} | ret=SUCCESS |  
2019-08-23 11:31:38,200 | INFO  | DNAudit | user=null | ip=null | op=WRITE_CHUNK {blockData=conID: 1 locID: 102666069484044827 bcsId: 2829} | ret=SUCCESS |  
2019-08-23 11:31:38,200 | INFO  | DNAudit | user=null | ip=null | op=WRITE_CHUNK {blockData=conID: 1 locID: 102666069484044827 bcsId: 2829} | ret=SUCCESS |  
2019-08-23 11:31:38,200 | INFO  | DNAudit | user=null | ip=null | op=PUT_BLOCK {blockData=[blockId=conID: 1 locID: 102666069484044827 bcsId: 0,size=3145728]} | ret=SUCCESS |  
2019-08-23 11:31:38,200 | INFO  | DNAudit | user=null | ip=null | op=PUT_BLOCK {blockData=[blockId=conID: 1 locID: 102666069484044827 bcsId: 0,size=3145728]} | ret=SUCCESS |  
2019-08-23 11:31:38,202 | INFO  | DNAudit | user=null | ip=null | op=WRITE_CHUNK {blockData=conID: 1 locID: 102666069484044827 bcsId: 2835} | ret=SUCCESS |  
2019-08-23 11:31:38,202 | INFO  | DNAudit | user=null | ip=null | op=PUT_BLOCK {blockData=[blockId=conID: 1 locID: 102666069484044827 bcsId: 0,size=4194304]} | ret=SUCCESS |  
2019-08-23 11:31:38,202 [grpc-default-executor-1] INFO  client.GrpcClientProtocolClient (GrpcClientProtocolClient.java:onNext(255)) - client-C9E345EC67ED->244f13ac-34be-4c4e-8e45-0c0272edbbb2: receive RaftClientReply:client-C9E345EC67ED->244f13ac-34be-4c4e-8e45-0c0272edbbb2@group-FE77C852EF02, cid=1958, SUCCESS, logIndex=2838, commits[244f13ac-34be-4c4e-8e45-0c0272edbbb2:c2839, 6287e41a-5356-4f55-84f2-270816d53e84:c2835, a2c18d3d-e79d-47c9-88fe-d8a1d195302b:c2835]
2019-08-23 11:31:38,202 [grpc-default-executor-1] INFO  client.GrpcClientProtocolClient (GrpcClientProtocolClient.java:onNext(255)) - client-C9E345EC67ED->244f13ac-34be-4c4e-8e45-0c0272edbbb2: receive RaftClientReply:client-C9E345EC67ED->244f13ac-34be-4c4e-8e45-0c0272edbbb2@group-FE77C852EF02, cid=1959, SUCCESS, logIndex=2839, commits[244f13ac-34be-4c4e-8e45-0c0272edbbb2:c2839, 6287e41a-5356-4f55-84f2-270816d53e84:c2835, a2c18d3d-e79d-47c9-88fe-d8a1d195302b:c2835]
2019-08-23 11:31:38,213 | INFO  | DNAudit | user=null | ip=null | op=WRITE_CHUNK {blockData=conID: 1 locID: 102666069484044827 bcsId: 2835} | ret=SUCCESS |  
2019-08-23 11:31:38,213 | INFO  | DNAudit | user=null | ip=null | op=WRITE_CHUNK {blockData=conID: 1 locID: 102666069484044827 bcsId: 2835} | ret=SUCCESS |  
2019-08-23 11:31:38,213 | INFO  | DNAudit | user=null | ip=null | op=PUT_BLOCK {blockData=[blockId=conID: 1 locID: 102666069484044827 bcsId: 0,size=4194304]} | ret=SUCCESS |  
2019-08-23 11:31:38,214 | INFO  | DNAudit | user=null | ip=null | op=PUT_BLOCK {blockData=[blockId=conID: 1 locID: 102666069484044827 bcsId: 0,size=4194304]} | ret=SUCCESS |  
2019-08-23 11:31:38,215 [grpc-default-executor-1] INFO  client.GrpcClientProtocolClient (GrpcClientProtocolClient.java:onNext(255)) - client-C9E345EC67ED->244f13ac-34be-4c4e-8e45-0c0272edbbb2: receive RaftClientReply:client-C9E345EC67ED->244f13ac-34be-4c4e-8e45-0c0272edbbb2@group-FE77C852EF02, cid=1960, SUCCESS, logIndex=0, commits[244f13ac-34be-4c4e-8e45-0c0272edbbb2:c2840, 6287e41a-5356-4f55-84f2-270816d53e84:c2839, a2c18d3d-e79d-47c9-88fe-d8a1d195302b:c2839]
2019-08-23 11:31:38,218 | INFO  | SCMAudit | user=jenkins1000 | ip=192.168.5.185 | op=ALLOCATE_BLOCK {owner=00a23185-76ea-47b5-a641-ad3cfbe5521a, size=4194304, type=RATIS, factor=THREE} | ret=SUCCESS |  
2019-08-23 11:31:38,220 | INFO  | OMAudit | user=jenkins1000 | ip=127.0.0.1 | op=ALLOCATE_BLOCK {volume=vol-0-37508, bucket=bucket-0-50919, key=key-0-57313, dataSize=0, replicationType=null, replicationFactor=null, keyLocationInfo=null, clientID=102666068570931602} | ret=SUCCESS |  
2019-08-23 11:31:38,226 | INFO  | DNAudit | user=null | ip=null | op=WRITE_CHUNK {blockData=conID: 2 locID: 102666069489615388 bcsId: 0} | ret=SUCCESS |  
2019-08-23 11:31:38,228 | INFO  | DNAudit | user=null | ip=null | op=WRITE_CHUNK {blockData=conID: 2 locID: 102666069489615388 bcsId: 0} | ret=SUCCESS |  
2019-08-23 11:31:38,229 | INFO  | DNAudit | user=null | ip=null | op=WRITE_CHUNK {blockData=conID: 2 locID: 102666069489615388 bcsId: 0} | ret=SUCCESS |  
2019-08-23 11:31:38,229 | INFO  | DNAudit | user=null | ip=null | op=WRITE_CHUNK {blockData=conID: 2 locID: 102666069489615388 bcsId: 0} | ret=SUCCESS |  
2019-08-23 11:31:38,230 | INFO  | DNAudit | user=null | ip=null | op=WRITE_CHUNK {blockData=conID: 2 locID: 102666069489615388 bcsId: 0} | ret=SUCCESS |  
2019-08-23 11:31:38,230 | INFO  | DNAudit | user=null | ip=null | op=WRITE_CHUNK {blockData=conID: 2 locID: 102666069489615388 bcsId: 0} | ret=SUCCESS |  
2019-08-23 11:31:38,241 | INFO  | DNAudit | user=null | ip=null | op=WRITE_CHUNK {blockData=conID: 2 locID: 102666069489615388 bcsId: 0} | ret=SUCCESS |  
2019-08-23 11:31:38,241 | INFO  | DNAudit | user=null | ip=null | op=PUT_BLOCK {blockData=[blockId=conID: 2 locID: 102666069489615388 bcsId: 0,size=1048576]} | ret=SUCCESS |  
2019-08-23 11:31:38,241 [grpc-default-executor-5] INFO  client.GrpcClientProtocolClient (GrpcClientProtocolClient.java:onNext(255)) - client-C9E345EC67ED->244f13ac-34be-4c4e-8e45-0c0272edbbb2: receive RaftClientReply:client-C9E345EC67ED->244f13ac-34be-4c4e-8e45-0c0272edbbb2@group-FE77C852EF02, cid=1961, SUCCESS, logIndex=2842, commits[244f13ac-34be-4c4e-8e45-0c0272edbbb2:c2843, 6287e41a-5356-4f55-84f2-270816d53e84:c2841, a2c18d3d-e79d-47c9-88fe-d8a1d195302b:c2841]
2019-08-23 11:31:38,242 | INFO  | DNAudit | user=null | ip=null | op=WRITE_CHUNK {blockData=conID: 2 locID: 102666069489615388 bcsId: 0} | ret=SUCCESS |  
2019-08-23 11:31:38,242 | INFO  | DNAudit | user=null | ip=null | op=PUT_BLOCK {blockData=[blockId=conID: 2 locID: 102666069489615388 bcsId: 0,size=2097152]} | ret=SUCCESS |  
2019-08-23 11:31:38,242 [grpc-default-executor-5] INFO  client.GrpcClientProtocolClient (GrpcClientProtocolClient.java:onNext(255)) - client-C9E345EC67ED->244f13ac-34be-4c4e-8e45-0c0272edbbb2: receive RaftClientReply:client-C9E345EC67ED->244f13ac-34be-4c4e-8e45-0c0272edbbb2@group-FE77C852EF02, cid=1962, SUCCESS, logIndex=2843, commits[244f13ac-34be-4c4e-8e45-0c0272edbbb2:c2845, 6287e41a-5356-4f55-84f2-270816d53e84:c2841, a2c18d3d-e79d-47c9-88fe-d8a1d195302b:c2841]
2019-08-23 11:31:38,242 [grpc-default-executor-5] INFO  client.GrpcClientProtocolClient (GrpcClientProtocolClient.java:onNext(255)) - client-C9E345EC67ED->244f13ac-34be-4c4e-8e45-0c0272edbbb2: receive RaftClientReply:client-C9E345EC67ED->244f13ac-34be-4c4e-8e45-0c0272edbbb2@group-FE77C852EF02, cid=1963, SUCCESS, logIndex=2844, commits[244f13ac-34be-4c4e-8e45-0c0272edbbb2:c2845, 6287e41a-5356-4f55-84f2-270816d53e84:c2841, a2c18d3d-e79d-47c9-88fe-d8a1d195302b:c2841]
2019-08-23 11:31:38,242 [grpc-default-executor-5] INFO  client.GrpcClientProtocolClient (GrpcClientProtocolClient.java:onNext(255)) - client-C9E345EC67ED->244f13ac-34be-4c4e-8e45-0c0272edbbb2: receive RaftClientReply:client-C9E345EC67ED->244f13ac-34be-4c4e-8e45-0c0272edbbb2@group-FE77C852EF02, cid=1964, SUCCESS, logIndex=2845, commits[244f13ac-34be-4c4e-8e45-0c0272edbbb2:c2845, 6287e41a-5356-4f55-84f2-270816d53e84:c2841, a2c18d3d-e79d-47c9-88fe-d8a1d195302b:c2841]
2019-08-23 11:31:38,252 | INFO  | DNAudit | user=null | ip=null | op=WRITE_CHUNK {blockData=conID: 2 locID: 102666069489615388 bcsId: 0} | ret=SUCCESS |  
2019-08-23 11:31:38,252 | INFO  | DNAudit | user=null | ip=null | op=WRITE_CHUNK {blockData=conID: 2 locID: 102666069489615388 bcsId: 0} | ret=SUCCESS |  
2019-08-23 11:31:38,253 | INFO  | DNAudit | user=null | ip=null | op=PUT_BLOCK {blockData=[blockId=conID: 2 locID: 102666069489615388 bcsId: 0,size=1048576]} | ret=SUCCESS |  
2019-08-23 11:31:38,253 | INFO  | DNAudit | user=null | ip=null | op=WRITE_CHUNK {blockData=conID: 2 locID: 102666069489615388 bcsId: 0} | ret=SUCCESS |  
2019-08-23 11:31:38,253 | INFO  | DNAudit | user=null | ip=null | op=PUT_BLOCK {blockData=[blockId=conID: 2 locID: 102666069489615388 bcsId: 0,size=1048576]} | ret=SUCCESS |  
2019-08-23 11:31:38,253 | INFO  | DNAudit | user=null | ip=null | op=WRITE_CHUNK {blockData=conID: 2 locID: 102666069489615388 bcsId: 0} | ret=SUCCESS |  
2019-08-23 11:31:38,253 | INFO  | DNAudit | user=null | ip=null | op=PUT_BLOCK {blockData=[blockId=conID: 2 locID: 102666069489615388 bcsId: 0,size=2097152]} | ret=SUCCESS |  
2019-08-23 11:31:38,254 | INFO  | DNAudit | user=null | ip=null | op=PUT_BLOCK {blockData=[blockId=conID: 2 locID: 102666069489615388 bcsId: 0,size=2097152]} | ret=SUCCESS |  
2019-08-23 11:31:38,254 [grpc-default-executor-5] INFO  client.GrpcClientProtocolClient (GrpcClientProtocolClient.java:onNext(255)) - client-C9E345EC67ED->244f13ac-34be-4c4e-8e45-0c0272edbbb2: receive RaftClientReply:client-C9E345EC67ED->244f13ac-34be-4c4e-8e45-0c0272edbbb2@group-FE77C852EF02, cid=1965, SUCCESS, logIndex=0, commits[244f13ac-34be-4c4e-8e45-0c0272edbbb2:c2848, 6287e41a-5356-4f55-84f2-270816d53e84:c2845, a2c18d3d-e79d-47c9-88fe-d8a1d195302b:c2843]
2019-08-23 11:31:38,259 | INFO  | DNAudit | user=null | ip=null | op=WRITE_CHUNK {blockData=conID: 2 locID: 102666069489615388 bcsId: 2845} | ret=SUCCESS |  
2019-08-23 11:31:38,260 | INFO  | DNAudit | user=null | ip=null | op=WRITE_CHUNK {blockData=conID: 2 locID: 102666069489615388 bcsId: 2845} | ret=SUCCESS |  
2019-08-23 11:31:38,261 | INFO  | DNAudit | user=null | ip=null | op=WRITE_CHUNK {blockData=conID: 2 locID: 102666069489615388 bcsId: 2845} | ret=SUCCESS |  
2019-08-23 11:31:38,271 | INFO  | DNAudit | user=null | ip=null | op=WRITE_CHUNK {blockData=conID: 2 locID: 102666069489615388 bcsId: 2845} | ret=SUCCESS |  
2019-08-23 11:31:38,271 | INFO  | DNAudit | user=null | ip=null | op=PUT_BLOCK {blockData=[blockId=conID: 2 locID: 102666069489615388 bcsId: 0,size=3145728]} | ret=SUCCESS |  
2019-08-23 11:31:38,272 [grpc-default-executor-1] INFO  client.GrpcClientProtocolClient (GrpcClientProtocolClient.java:onNext(255)) - client-C9E345EC67ED->244f13ac-34be-4c4e-8e45-0c0272edbbb2: receive RaftClientReply:client-C9E345EC67ED->244f13ac-34be-4c4e-8e45-0c0272edbbb2@group-FE77C852EF02, cid=1966, SUCCESS, logIndex=2849, commits[244f13ac-34be-4c4e-8e45-0c0272edbbb2:c2850, 6287e41a-5356-4f55-84f2-270816d53e84:c2848, a2c18d3d-e79d-47c9-88fe-d8a1d195302b:c2848]
2019-08-23 11:31:38,272 [grpc-default-executor-1] INFO  client.GrpcClientProtocolClient (GrpcClientProtocolClient.java:onNext(255)) - client-C9E345EC67ED->244f13ac-34be-4c4e-8e45-0c0272edbbb2: receive RaftClientReply:client-C9E345EC67ED->244f13ac-34be-4c4e-8e45-0c0272edbbb2@group-FE77C852EF02, cid=1967, SUCCESS, logIndex=2850, commits[244f13ac-34be-4c4e-8e45-0c0272edbbb2:c2850, 6287e41a-5356-4f55-84f2-270816d53e84:c2848, a2c18d3d-e79d-47c9-88fe-d8a1d195302b:c2848]
2019-08-23 11:31:38,277 | INFO  | DNAudit | user=null | ip=null | op=WRITE_CHUNK {blockData=conID: 2 locID: 102666069489615388 bcsId: 2850} | ret=SUCCESS |  
2019-08-23 11:31:38,279 | INFO  | DNAudit | user=null | ip=null | op=WRITE_CHUNK {blockData=conID: 2 locID: 102666069489615388 bcsId: 2850} | ret=SUCCESS |  
2019-08-23 11:31:38,279 | INFO  | DNAudit | user=null | ip=null | op=WRITE_CHUNK {blockData=conID: 2 locID: 102666069489615388 bcsId: 2850} | ret=SUCCESS |  
2019-08-23 11:31:38,371 | INFO  | DNAudit | user=null | ip=null | op=WRITE_CHUNK {blockData=conID: 2 locID: 102666069489615388 bcsId: 2845} | ret=SUCCESS |  
2019-08-23 11:31:38,371 | INFO  | DNAudit | user=null | ip=null | op=WRITE_CHUNK {blockData=conID: 2 locID: 102666069489615388 bcsId: 2845} | ret=SUCCESS |  
2019-08-23 11:31:38,372 | INFO  | DNAudit | user=null | ip=null | op=PUT_BLOCK {blockData=[blockId=conID: 2 locID: 102666069489615388 bcsId: 0,size=3145728]} | ret=SUCCESS |  
2019-08-23 11:31:38,372 | INFO  | DNAudit | user=null | ip=null | op=PUT_BLOCK {blockData=[blockId=conID: 2 locID: 102666069489615388 bcsId: 0,size=3145728]} | ret=SUCCESS |  
2019-08-23 11:31:38,372 | INFO  | DNAudit | user=null | ip=null | op=WRITE_CHUNK {blockData=conID: 2 locID: 102666069489615388 bcsId: 2850} | ret=SUCCESS |  
2019-08-23 11:31:38,373 | INFO  | DNAudit | user=null | ip=null | op=PUT_BLOCK {blockData=[blockId=conID: 2 locID: 102666069489615388 bcsId: 0,size=4194304]} | ret=SUCCESS |  
2019-08-23 11:31:38,373 [grpc-default-executor-1] INFO  client.GrpcClientProtocolClient (GrpcClientProtocolClient.java:onNext(255)) - client-C9E345EC67ED->244f13ac-34be-4c4e-8e45-0c0272edbbb2: receive RaftClientReply:client-C9E345EC67ED->244f13ac-34be-4c4e-8e45-0c0272edbbb2@group-FE77C852EF02, cid=1968, SUCCESS, logIndex=2853, commits[244f13ac-34be-4c4e-8e45-0c0272edbbb2:c2854, 6287e41a-5356-4f55-84f2-270816d53e84:c2850, a2c18d3d-e79d-47c9-88fe-d8a1d195302b:c2850]
2019-08-23 11:31:38,373 [grpc-default-executor-1] INFO  client.GrpcClientProtocolClient (GrpcClientProtocolClient.java:onNext(255)) - client-C9E345EC67ED->244f13ac-34be-4c4e-8e45-0c0272edbbb2: receive RaftClientReply:client-C9E345EC67ED->244f13ac-34be-4c4e-8e45-0c0272edbbb2@group-FE77C852EF02, cid=1969, SUCCESS, logIndex=2854, commits[244f13ac-34be-4c4e-8e45-0c0272edbbb2:c2854, 6287e41a-5356-4f55-84f2-270816d53e84:c2850, a2c18d3d-e79d-47c9-88fe-d8a1d195302b:c2850]
2019-08-23 11:31:38,383 | INFO  | DNAudit | user=null | ip=null | op=WRITE_CHUNK {blockData=conID: 2 locID: 102666069489615388 bcsId: 2850} | ret=SUCCESS |  
2019-08-23 11:31:38,383 | INFO  | DNAudit | user=null | ip=null | op=WRITE_CHUNK {blockData=conID: 2 locID: 102666069489615388 bcsId: 2850} | ret=SUCCESS |  
2019-08-23 11:31:38,385 | INFO  | DNAudit | user=null | ip=null | op=PUT_BLOCK {blockData=[blockId=conID: 2 locID: 102666069489615388 bcsId: 0,size=4194304]} | ret=SUCCESS |  
2019-08-23 11:31:38,385 | INFO  | DNAudit | user=null | ip=null | op=PUT_BLOCK {blockData=[blockId=conID: 2 locID: 102666069489615388 bcsId: 0,size=4194304]} | ret=SUCCESS |  
2019-08-23 11:31:38,385 [grpc-default-executor-5] INFO  client.GrpcClientProtocolClient (GrpcClientProtocolClient.java:onNext(255)) - client-C9E345EC67ED->244f13ac-34be-4c4e-8e45-0c0272edbbb2: receive RaftClientReply:client-C9E345EC67ED->244f13ac-34be-4c4e-8e45-0c0272edbbb2@group-FE77C852EF02, cid=1970, SUCCESS, logIndex=0, commits[244f13ac-34be-4c4e-8e45-0c0272edbbb2:c2856, 6287e41a-5356-4f55-84f2-270816d53e84:c2854, a2c18d3d-e79d-47c9-88fe-d8a1d195302b:c2854]
2019-08-23 11:31:38,389 | INFO  | SCMAudit | user=jenkins1000 | ip=192.168.5.185 | op=ALLOCATE_BLOCK {owner=00a23185-76ea-47b5-a641-ad3cfbe5521a, size=4194304, type=RATIS, factor=THREE} | ret=SUCCESS |  
2019-08-23 11:31:38,392 | INFO  | OMAudit | user=jenkins1000 | ip=127.0.0.1 | op=ALLOCATE_BLOCK {volume=vol-0-37508, bucket=bucket-0-50919, key=key-0-57313, dataSize=0, replicationType=null, replicationFactor=null, keyLocationInfo=null, clientID=102666068570931602} | ret=SUCCESS |  
2019-08-23 11:31:38,398 | INFO  | DNAudit | user=null | ip=null | op=WRITE_CHUNK {blockData=conID: 3 locID: 102666069500822045 bcsId: 0} | ret=SUCCESS |  
2019-08-23 11:31:38,401 | INFO  | DNAudit | user=null | ip=null | op=WRITE_CHUNK {blockData=conID: 3 locID: 102666069500822045 bcsId: 0} | ret=SUCCESS |  
2019-08-23 11:31:38,401 | INFO  | DNAudit | user=null | ip=null | op=WRITE_CHUNK {blockData=conID: 3 locID: 102666069500822045 bcsId: 0} | ret=SUCCESS |  
2019-08-23 11:31:38,401 | INFO  | DNAudit | user=null | ip=null | op=WRITE_CHUNK {blockData=conID: 3 locID: 102666069500822045 bcsId: 0} | ret=SUCCESS |  
2019-08-23 11:31:38,402 | INFO  | DNAudit | user=null | ip=null | op=WRITE_CHUNK {blockData=conID: 3 locID: 102666069500822045 bcsId: 0} | ret=SUCCESS |  
2019-08-23 11:31:38,403 | INFO  | DNAudit | user=null | ip=null | op=WRITE_CHUNK {blockData=conID: 3 locID: 102666069500822045 bcsId: 0} | ret=SUCCESS |  
2019-08-23 11:31:38,418 | INFO  | DNAudit | user=null | ip=null | op=WRITE_CHUNK {blockData=conID: 3 locID: 102666069500822045 bcsId: 0} | ret=SUCCESS |  
2019-08-23 11:31:38,419 | INFO  | DNAudit | user=null | ip=null | op=PUT_BLOCK {blockData=[blockId=conID: 3 locID: 102666069500822045 bcsId: 0,size=1048576]} | ret=SUCCESS |  
2019-08-23 11:31:38,419 [grpc-default-executor-1] INFO  client.GrpcClientProtocolClient (GrpcClientProtocolClient.java:onNext(255)) - client-C9E345EC67ED->244f13ac-34be-4c4e-8e45-0c0272edbbb2: receive RaftClientReply:client-C9E345EC67ED->244f13ac-34be-4c4e-8e45-0c0272edbbb2@group-FE77C852EF02, cid=1971, SUCCESS, logIndex=2857, commits[244f13ac-34be-4c4e-8e45-0c0272edbbb2:c2859, 6287e41a-5356-4f55-84f2-270816d53e84:c2856, a2c18d3d-e79d-47c9-88fe-d8a1d195302b:c2856]
2019-08-23 11:31:38,419 | INFO  | DNAudit | user=null | ip=null | op=WRITE_CHUNK {blockData=conID: 3 locID: 102666069500822045 bcsId: 0} | ret=SUCCESS |  
2019-08-23 11:31:38,419 [grpc-default-executor-1] INFO  client.GrpcClientProtocolClient (GrpcClientProtocolClient.java:onNext(255)) - client-C9E345EC67ED->244f13ac-34be-4c4e-8e45-0c0272edbbb2: receive RaftClientReply:client-C9E345EC67ED->244f13ac-34be-4c4e-8e45-0c0272edbbb2@group-FE77C852EF02, cid=1972, SUCCESS, logIndex=2858, commits[244f13ac-34be-4c4e-8e45-0c0272edbbb2:c2860, 6287e41a-5356-4f55-84f2-270816d53e84:c2856, a2c18d3d-e79d-47c9-88fe-d8a1d195302b:c2856]
2019-08-23 11:31:38,420 | INFO  | DNAudit | user=null | ip=null | op=WRITE_CHUNK {blockData=conID: 3 locID: 102666069500822045 bcsId: 0} | ret=SUCCESS |  
2019-08-23 11:31:38,420 | INFO  | DNAudit | user=null | ip=null | op=WRITE_CHUNK {blockData=conID: 3 locID: 102666069500822045 bcsId: 0} | ret=SUCCESS |  
2019-08-23 11:31:38,420 | INFO  | DNAudit | user=null | ip=null | op=PUT_BLOCK {blockData=[blockId=conID: 3 locID: 102666069500822045 bcsId: 0,size=2097152]} | ret=SUCCESS |  
2019-08-23 11:31:38,420 | INFO  | DNAudit | user=null | ip=null | op=PUT_BLOCK {blockData=[blockId=conID: 3 locID: 102666069500822045 bcsId: 0,size=1048576]} | ret=SUCCESS |  
2019-08-23 11:31:38,420 [grpc-default-executor-5] INFO  client.GrpcClientProtocolClient (GrpcClientProtocolClient.java:onNext(255)) - client-C9E345EC67ED->244f13ac-34be-4c4e-8e45-0c0272edbbb2: receive RaftClientReply:client-C9E345EC67ED->244f13ac-34be-4c4e-8e45-0c0272edbbb2@group-FE77C852EF02, cid=1973, SUCCESS, logIndex=2859, commits[244f13ac-34be-4c4e-8e45-0c0272edbbb2:c2860, 6287e41a-5356-4f55-84f2-270816d53e84:c2856, a2c18d3d-e79d-47c9-88fe-d8a1d195302b:c2856]
2019-08-23 11:31:38,420 [grpc-default-executor-5] INFO  client.GrpcClientProtocolClient (GrpcClientProtocolClient.java:onNext(255)) - client-C9E345EC67ED->244f13ac-34be-4c4e-8e45-0c0272edbbb2: receive RaftClientReply:client-C9E345EC67ED->244f13ac-34be-4c4e-8e45-0c0272edbbb2@group-FE77C852EF02, cid=1974, SUCCESS, logIndex=2860, commits[244f13ac-34be-4c4e-8e45-0c0272edbbb2:c2861, 6287e41a-5356-4f55-84f2-270816d53e84:c2857, a2c18d3d-e79d-47c9-88fe-d8a1d195302b:c2857]
2019-08-23 11:31:38,421 | INFO  | DNAudit | user=null | ip=null | op=WRITE_CHUNK {blockData=conID: 3 locID: 102666069500822045 bcsId: 0} | ret=SUCCESS |  
2019-08-23 11:31:38,421 | INFO  | DNAudit | user=null | ip=null | op=PUT_BLOCK {blockData=[blockId=conID: 3 locID: 102666069500822045 bcsId: 0,size=1048576]} | ret=SUCCESS |  
2019-08-23 11:31:38,421 | INFO  | DNAudit | user=null | ip=null | op=PUT_BLOCK {blockData=[blockId=conID: 3 locID: 102666069500822045 bcsId: 0,size=2097152]} | ret=SUCCESS |  
2019-08-23 11:31:38,421 | INFO  | DNAudit | user=null | ip=null | op=WRITE_CHUNK {blockData=conID: 3 locID: 102666069500822045 bcsId: 0} | ret=SUCCESS |  
2019-08-23 11:31:38,421 | INFO  | DNAudit | user=null | ip=null | op=PUT_BLOCK {blockData=[blockId=conID: 3 locID: 102666069500822045 bcsId: 0,size=2097152]} | ret=SUCCESS |  
2019-08-23 11:31:38,421 [grpc-default-executor-5] INFO  client.GrpcClientProtocolClient (GrpcClientProtocolClient.java:onNext(255)) - client-C9E345EC67ED->244f13ac-34be-4c4e-8e45-0c0272edbbb2: receive RaftClientReply:client-C9E345EC67ED->244f13ac-34be-4c4e-8e45-0c0272edbbb2@group-FE77C852EF02, cid=1975, SUCCESS, logIndex=0, commits[244f13ac-34be-4c4e-8e45-0c0272edbbb2:c2863, 6287e41a-5356-4f55-84f2-270816d53e84:c2859, a2c18d3d-e79d-47c9-88fe-d8a1d195302b:c2858]
2019-08-23 11:31:38,427 | INFO  | DNAudit | user=null | ip=null | op=WRITE_CHUNK {blockData=conID: 3 locID: 102666069500822045 bcsId: 2860} | ret=SUCCESS |  
2019-08-23 11:31:38,428 | INFO  | DNAudit | user=null | ip=null | op=WRITE_CHUNK {blockData=conID: 3 locID: 102666069500822045 bcsId: 2860} | ret=SUCCESS |  
2019-08-23 11:31:38,429 | INFO  | DNAudit | user=null | ip=null | op=WRITE_CHUNK {blockData=conID: 3 locID: 102666069500822045 bcsId: 2860} | ret=SUCCESS |  
2019-08-23 11:31:38,433 | INFO  | DNAudit | user=null | ip=null | op=WRITE_CHUNK {blockData=conID: 3 locID: 102666069500822045 bcsId: 2860} | ret=SUCCESS |  
2019-08-23 11:31:38,434 | INFO  | DNAudit | user=null | ip=null | op=PUT_BLOCK {blockData=[blockId=conID: 3 locID: 102666069500822045 bcsId: 0,size=3145728]} | ret=SUCCESS |  
2019-08-23 11:31:38,434 [grpc-default-executor-5] INFO  client.GrpcClientProtocolClient (GrpcClientProtocolClient.java:onNext(255)) - client-C9E345EC67ED->244f13ac-34be-4c4e-8e45-0c0272edbbb2: receive RaftClientReply:client-C9E345EC67ED->244f13ac-34be-4c4e-8e45-0c0272edbbb2@group-FE77C852EF02, cid=1976, SUCCESS, logIndex=2865, commits[244f13ac-34be-4c4e-8e45-0c0272edbbb2:c2866, 6287e41a-5356-4f55-84f2-270816d53e84:c2864, a2c18d3d-e79d-47c9-88fe-d8a1d195302b:c2864]
2019-08-23 11:31:38,434 [grpc-default-executor-5] INFO  client.GrpcClientProtocolClient (GrpcClientProtocolClient.java:onNext(255)) - client-C9E345EC67ED->244f13ac-34be-4c4e-8e45-0c0272edbbb2: receive RaftClientReply:client-C9E345EC67ED->244f13ac-34be-4c4e-8e45-0c0272edbbb2@group-FE77C852EF02, cid=1977, SUCCESS, logIndex=2866, commits[244f13ac-34be-4c4e-8e45-0c0272edbbb2:c2866, 6287e41a-5356-4f55-84f2-270816d53e84:c2864, a2c18d3d-e79d-47c9-88fe-d8a1d195302b:c2864]
2019-08-23 11:31:38,435 | INFO  | DNAudit | user=null | ip=null | op=WRITE_CHUNK {blockData=conID: 3 locID: 102666069500822045 bcsId: 2860} | ret=SUCCESS |  
2019-08-23 11:31:38,435 | INFO  | DNAudit | user=null | ip=null | op=WRITE_CHUNK {blockData=conID: 3 locID: 102666069500822045 bcsId: 2860} | ret=SUCCESS |  
2019-08-23 11:31:38,435 | INFO  | DNAudit | user=null | ip=null | op=PUT_BLOCK {blockData=[blockId=conID: 3 locID: 102666069500822045 bcsId: 0,size=3145728]} | ret=SUCCESS |  
2019-08-23 11:31:38,435 | INFO  | DNAudit | user=null | ip=null | op=PUT_BLOCK {blockData=[blockId=conID: 3 locID: 102666069500822045 bcsId: 0,size=3145728]} | ret=SUCCESS |  
2019-08-23 11:31:38,440 | INFO  | DNAudit | user=null | ip=null | op=WRITE_CHUNK {blockData=conID: 3 locID: 102666069500822045 bcsId: 2866} | ret=SUCCESS |  
2019-08-23 11:31:38,442 | INFO  | DNAudit | user=null | ip=null | op=WRITE_CHUNK {blockData=conID: 3 locID: 102666069500822045 bcsId: 2866} | ret=SUCCESS |  
2019-08-23 11:31:38,442 | INFO  | DNAudit | user=null | ip=null | op=WRITE_CHUNK {blockData=conID: 3 locID: 102666069500822045 bcsId: 2866} | ret=SUCCESS |  
2019-08-23 11:31:38,453 | INFO  | DNAudit | user=null | ip=null | op=WRITE_CHUNK {blockData=conID: 3 locID: 102666069500822045 bcsId: 2866} | ret=SUCCESS |  
2019-08-23 11:31:38,454 | INFO  | DNAudit | user=null | ip=null | op=PUT_BLOCK {blockData=[blockId=conID: 3 locID: 102666069500822045 bcsId: 0,size=4194304]} | ret=SUCCESS |  
2019-08-23 11:31:38,453 [grpc-default-executor-5] INFO  client.GrpcClientProtocolClient (GrpcClientProtocolClient.java:onNext(255)) - client-C9E345EC67ED->244f13ac-34be-4c4e-8e45-0c0272edbbb2: receive RaftClientReply:client-C9E345EC67ED->244f13ac-34be-4c4e-8e45-0c0272edbbb2@group-FE77C852EF02, cid=1978, SUCCESS, logIndex=2869, commits[244f13ac-34be-4c4e-8e45-0c0272edbbb2:c2870, 6287e41a-5356-4f55-84f2-270816d53e84:c2868, a2c18d3d-e79d-47c9-88fe-d8a1d195302b:c2868]
2019-08-23 11:31:38,454 [grpc-default-executor-5] INFO  client.GrpcClientProtocolClient (GrpcClientProtocolClient.java:onNext(255)) - client-C9E345EC67ED->244f13ac-34be-4c4e-8e45-0c0272edbbb2: receive RaftClientReply:client-C9E345EC67ED->244f13ac-34be-4c4e-8e45-0c0272edbbb2@group-FE77C852EF02, cid=1979, SUCCESS, logIndex=2870, commits[244f13ac-34be-4c4e-8e45-0c0272edbbb2:c2870, 6287e41a-5356-4f55-84f2-270816d53e84:c2868, a2c18d3d-e79d-47c9-88fe-d8a1d195302b:c2868]
2019-08-23 11:31:38,464 | INFO  | DNAudit | user=null | ip=null | op=WRITE_CHUNK {blockData=conID: 3 locID: 102666069500822045 bcsId: 2866} | ret=SUCCESS |  
2019-08-23 11:31:38,464 | INFO  | DNAudit | user=null | ip=null | op=WRITE_CHUNK {blockData=conID: 3 locID: 102666069500822045 bcsId: 2866} | ret=SUCCESS |  
2019-08-23 11:31:38,465 | INFO  | DNAudit | user=null | ip=null | op=PUT_BLOCK {blockData=[blockId=conID: 3 locID: 102666069500822045 bcsId: 0,size=4194304]} | ret=SUCCESS |  
2019-08-23 11:31:38,465 | INFO  | DNAudit | user=null | ip=null | op=PUT_BLOCK {blockData=[blockId=conID: 3 locID: 102666069500822045 bcsId: 0,size=4194304]} | ret=SUCCESS |  
2019-08-23 11:31:38,466 [grpc-default-executor-5] INFO  client.GrpcClientProtocolClient (GrpcClientProtocolClient.java:onNext(255)) - client-C9E345EC67ED->244f13ac-34be-4c4e-8e45-0c0272edbbb2: receive RaftClientReply:client-C9E345EC67ED->244f13ac-34be-4c4e-8e45-0c0272edbbb2@group-FE77C852EF02, cid=1980, SUCCESS, logIndex=0, commits[244f13ac-34be-4c4e-8e45-0c0272edbbb2:c2872, 6287e41a-5356-4f55-84f2-270816d53e84:c2870, a2c18d3d-e79d-47c9-88fe-d8a1d195302b:c2870]
2019-08-23 11:31:38,469 | INFO  | SCMAudit | user=jenkins1000 | ip=192.168.5.185 | op=ALLOCATE_BLOCK {owner=00a23185-76ea-47b5-a641-ad3cfbe5521a, size=4194304, type=RATIS, factor=THREE} | ret=SUCCESS |  
2019-08-23 11:31:38,471 | INFO  | OMAudit | user=jenkins1000 | ip=127.0.0.1 | op=ALLOCATE_BLOCK {volume=vol-0-37508, bucket=bucket-0-50919, key=key-0-57313, dataSize=0, replicationType=null, replicationFactor=null, keyLocationInfo=null, clientID=102666068570931602} | ret=SUCCESS |  
2019-08-23 11:31:38,477 | INFO  | DNAudit | user=null | ip=null | op=WRITE_CHUNK {blockData=conID: 1 locID: 102666069506064926 bcsId: 0} | ret=SUCCESS |  
2019-08-23 11:31:38,479 | INFO  | DNAudit | user=null | ip=null | op=WRITE_CHUNK {blockData=conID: 1 locID: 102666069506064926 bcsId: 0} | ret=SUCCESS |  
2019-08-23 11:31:38,479 | INFO  | DNAudit | user=null | ip=null | op=WRITE_CHUNK {blockData=conID: 1 locID: 102666069506064926 bcsId: 0} | ret=SUCCESS |  
2019-08-23 11:31:38,479 | INFO  | DNAudit | user=null | ip=null | op=WRITE_CHUNK {blockData=conID: 1 locID: 102666069506064926 bcsId: 0} | ret=SUCCESS |  
2019-08-23 11:31:38,480 | INFO  | DNAudit | user=null | ip=null | op=WRITE_CHUNK {blockData=conID: 1 locID: 102666069506064926 bcsId: 0} | ret=SUCCESS |  
2019-08-23 11:31:38,481 | INFO  | DNAudit | user=null | ip=null | op=WRITE_CHUNK {blockData=conID: 1 locID: 102666069506064926 bcsId: 0} | ret=SUCCESS |  
2019-08-23 11:31:38,489 | INFO  | DNAudit | user=null | ip=null | op=WRITE_CHUNK {blockData=conID: 1 locID: 102666069506064926 bcsId: 0} | ret=SUCCESS |  
2019-08-23 11:31:38,490 | INFO  | DNAudit | user=null | ip=null | op=PUT_BLOCK {blockData=[blockId=conID: 1 locID: 102666069506064926 bcsId: 0,size=1048576]} | ret=SUCCESS |  
2019-08-23 11:31:38,490 [grpc-default-executor-4] INFO  client.GrpcClientProtocolClient (GrpcClientProtocolClient.java:onNext(255)) - client-C9E345EC67ED->244f13ac-34be-4c4e-8e45-0c0272edbbb2: receive RaftClientReply:client-C9E345EC67ED->244f13ac-34be-4c4e-8e45-0c0272edbbb2@group-FE77C852EF02, cid=1981, SUCCESS, logIndex=2873, commits[244f13ac-34be-4c4e-8e45-0c0272edbbb2:c2875, 6287e41a-5356-4f55-84f2-270816d53e84:c2872, a2c18d3d-e79d-47c9-88fe-d8a1d195302b:c2872]
2019-08-23 11:31:38,490 | INFO  | DNAudit | user=null | ip=null | op=WRITE_CHUNK {blockData=conID: 1 locID: 102666069506064926 bcsId: 0} | ret=SUCCESS |  
2019-08-23 11:31:38,490 [grpc-default-executor-4] INFO  client.GrpcClientProtocolClient (GrpcClientProtocolClient.java:onNext(255)) - client-C9E345EC67ED->244f13ac-34be-4c4e-8e45-0c0272edbbb2: receive RaftClientReply:client-C9E345EC67ED->244f13ac-34be-4c4e-8e45-0c0272edbbb2@group-FE77C852EF02, cid=1982, SUCCESS, logIndex=2874, commits[244f13ac-34be-4c4e-8e45-0c0272edbbb2:c2876, 6287e41a-5356-4f55-84f2-270816d53e84:c2872, a2c18d3d-e79d-47c9-88fe-d8a1d195302b:c2872]
2019-08-23 11:31:38,491 | INFO  | DNAudit | user=null | ip=null | op=PUT_BLOCK {blockData=[blockId=conID: 1 locID: 102666069506064926 bcsId: 0,size=2097152]} | ret=SUCCESS |  
2019-08-23 11:31:38,491 [grpc-default-executor-4] INFO  client.GrpcClientProtocolClient (GrpcClientProtocolClient.java:onNext(255)) - client-C9E345EC67ED->244f13ac-34be-4c4e-8e45-0c0272edbbb2: receive RaftClientReply:client-C9E345EC67ED->244f13ac-34be-4c4e-8e45-0c0272edbbb2@group-FE77C852EF02, cid=1983, SUCCESS, logIndex=2875, commits[244f13ac-34be-4c4e-8e45-0c0272edbbb2:c2876, 6287e41a-5356-4f55-84f2-270816d53e84:c2872, a2c18d3d-e79d-47c9-88fe-d8a1d195302b:c2872]
2019-08-23 11:31:38,491 | INFO  | DNAudit | user=null | ip=null | op=WRITE_CHUNK {blockData=conID: 1 locID: 102666069506064926 bcsId: 0} | ret=SUCCESS |  
2019-08-23 11:31:38,491 [grpc-default-executor-4] INFO  client.GrpcClientProtocolClient (GrpcClientProtocolClient.java:onNext(255)) - client-C9E345EC67ED->244f13ac-34be-4c4e-8e45-0c0272edbbb2: receive RaftClientReply:client-C9E345EC67ED->244f13ac-34be-4c4e-8e45-0c0272edbbb2@group-FE77C852EF02, cid=1984, SUCCESS, logIndex=2876, commits[244f13ac-34be-4c4e-8e45-0c0272edbbb2:c2876, 6287e41a-5356-4f55-84f2-270816d53e84:c2872, a2c18d3d-e79d-47c9-88fe-d8a1d195302b:c2872]
2019-08-23 11:31:38,491 | INFO  | DNAudit | user=null | ip=null | op=WRITE_CHUNK {blockData=conID: 1 locID: 102666069506064926 bcsId: 0} | ret=SUCCESS |  
2019-08-23 11:31:38,492 | INFO  | DNAudit | user=null | ip=null | op=PUT_BLOCK {blockData=[blockId=conID: 1 locID: 102666069506064926 bcsId: 0,size=1048576]} | ret=SUCCESS |  
2019-08-23 11:31:38,492 | INFO  | DNAudit | user=null | ip=null | op=WRITE_CHUNK {blockData=conID: 1 locID: 102666069506064926 bcsId: 0} | ret=SUCCESS |  
2019-08-23 11:31:38,492 | INFO  | DNAudit | user=null | ip=null | op=PUT_BLOCK {blockData=[blockId=conID: 1 locID: 102666069506064926 bcsId: 0,size=2097152]} | ret=SUCCESS |  
2019-08-23 11:31:38,492 | INFO  | DNAudit | user=null | ip=null | op=PUT_BLOCK {blockData=[blockId=conID: 1 locID: 102666069506064926 bcsId: 0,size=1048576]} | ret=SUCCESS |  
2019-08-23 11:31:38,492 | INFO  | DNAudit | user=null | ip=null | op=WRITE_CHUNK {blockData=conID: 1 locID: 102666069506064926 bcsId: 0} | ret=SUCCESS |  
2019-08-23 11:31:38,492 | INFO  | DNAudit | user=null | ip=null | op=PUT_BLOCK {blockData=[blockId=conID: 1 locID: 102666069506064926 bcsId: 0,size=2097152]} | ret=SUCCESS |  
2019-08-23 11:31:38,492 [grpc-default-executor-1] INFO  client.GrpcClientProtocolClient (GrpcClientProtocolClient.java:onNext(255)) - client-C9E345EC67ED->244f13ac-34be-4c4e-8e45-0c0272edbbb2: receive RaftClientReply:client-C9E345EC67ED->244f13ac-34be-4c4e-8e45-0c0272edbbb2@group-FE77C852EF02, cid=1985, SUCCESS, logIndex=0, commits[244f13ac-34be-4c4e-8e45-0c0272edbbb2:c2880, 6287e41a-5356-4f55-84f2-270816d53e84:c2876, a2c18d3d-e79d-47c9-88fe-d8a1d195302b:c2874]
2019-08-23 11:31:38,497 | INFO  | DNAudit | user=null | ip=null | op=WRITE_CHUNK {blockData=conID: 1 locID: 102666069506064926 bcsId: 2876} | ret=SUCCESS |  
2019-08-23 11:31:38,499 | INFO  | DNAudit | user=null | ip=null | op=WRITE_CHUNK {blockData=conID: 1 locID: 102666069506064926 bcsId: 2876} | ret=SUCCESS |  
2019-08-23 11:31:38,502 | INFO  | DNAudit | user=null | ip=null | op=WRITE_CHUNK {blockData=conID: 1 locID: 102666069506064926 bcsId: 2876} | ret=SUCCESS |  
2019-08-23 11:31:38,510 | INFO  | DNAudit | user=null | ip=null | op=WRITE_CHUNK {blockData=conID: 1 locID: 102666069506064926 bcsId: 2876} | ret=SUCCESS |  
2019-08-23 11:31:38,510 | INFO  | DNAudit | user=null | ip=null | op=PUT_BLOCK {blockData=[blockId=conID: 1 locID: 102666069506064926 bcsId: 0,size=3145728]} | ret=SUCCESS |  
2019-08-23 11:31:38,510 [grpc-default-executor-4] INFO  client.GrpcClientProtocolClient (GrpcClientProtocolClient.java:onNext(255)) - client-C9E345EC67ED->244f13ac-34be-4c4e-8e45-0c0272edbbb2: receive RaftClientReply:client-C9E345EC67ED->244f13ac-34be-4c4e-8e45-0c0272edbbb2@group-FE77C852EF02, cid=1986, SUCCESS, logIndex=2881, commits[244f13ac-34be-4c4e-8e45-0c0272edbbb2:c2882, 6287e41a-5356-4f55-84f2-270816d53e84:c2880, a2c18d3d-e79d-47c9-88fe-d8a1d195302b:c2880]
2019-08-23 11:31:38,510 [grpc-default-executor-4] INFO  client.GrpcClientProtocolClient (GrpcClientProtocolClient.java:onNext(255)) - client-C9E345EC67ED->244f13ac-34be-4c4e-8e45-0c0272edbbb2: receive RaftClientReply:client-C9E345EC67ED->244f13ac-34be-4c4e-8e45-0c0272edbbb2@group-FE77C852EF02, cid=1987, SUCCESS, logIndex=2882, commits[244f13ac-34be-4c4e-8e45-0c0272edbbb2:c2882, 6287e41a-5356-4f55-84f2-270816d53e84:c2880, a2c18d3d-e79d-47c9-88fe-d8a1d195302b:c2880]
2019-08-23 11:31:38,515 | INFO  | DNAudit | user=null | ip=null | op=WRITE_CHUNK {blockData=conID: 1 locID: 102666069506064926 bcsId: 2882} | ret=SUCCESS |  
2019-08-23 11:31:38,516 | INFO  | DNAudit | user=null | ip=null | op=WRITE_CHUNK {blockData=conID: 1 locID: 102666069506064926 bcsId: 2882} | ret=SUCCESS |  
2019-08-23 11:31:38,518 | INFO  | DNAudit | user=null | ip=null | op=WRITE_CHUNK {blockData=conID: 1 locID: 102666069506064926 bcsId: 2882} | ret=SUCCESS |  
2019-08-23 11:31:38,523 | INFO  | DNAudit | user=null | ip=null | op=WRITE_CHUNK {blockData=conID: 1 locID: 102666069506064926 bcsId: 2876} | ret=SUCCESS |  
2019-08-23 11:31:38,523 | INFO  | DNAudit | user=null | ip=null | op=WRITE_CHUNK {blockData=conID: 1 locID: 102666069506064926 bcsId: 2876} | ret=SUCCESS |  
2019-08-23 11:31:38,524 | INFO  | DNAudit | user=null | ip=null | op=PUT_BLOCK {blockData=[blockId=conID: 1 locID: 102666069506064926 bcsId: 0,size=3145728]} | ret=SUCCESS |  
2019-08-23 11:31:38,524 | INFO  | DNAudit | user=null | ip=null | op=PUT_BLOCK {blockData=[blockId=conID: 1 locID: 102666069506064926 bcsId: 0,size=3145728]} | ret=SUCCESS |  
2019-08-23 11:31:38,525 | INFO  | DNAudit | user=null | ip=null | op=WRITE_CHUNK {blockData=conID: 1 locID: 102666069506064926 bcsId: 2882} | ret=SUCCESS |  
2019-08-23 11:31:38,525 | INFO  | DNAudit | user=null | ip=null | op=PUT_BLOCK {blockData=[blockId=conID: 1 locID: 102666069506064926 bcsId: 0,size=4194304]} | ret=SUCCESS |  
2019-08-23 11:31:38,525 [grpc-default-executor-5] INFO  client.GrpcClientProtocolClient (GrpcClientProtocolClient.java:onNext(255)) - client-C9E345EC67ED->244f13ac-34be-4c4e-8e45-0c0272edbbb2: receive RaftClientReply:client-C9E345EC67ED->244f13ac-34be-4c4e-8e45-0c0272edbbb2@group-FE77C852EF02, cid=1988, SUCCESS, logIndex=2885, commits[244f13ac-34be-4c4e-8e45-0c0272edbbb2:c2886, 6287e41a-5356-4f55-84f2-270816d53e84:c2882, a2c18d3d-e79d-47c9-88fe-d8a1d195302b:c2882]
2019-08-23 11:31:38,525 [grpc-default-executor-5] INFO  client.GrpcClientProtocolClient (GrpcClientProtocolClient.java:onNext(255)) - client-C9E345EC67ED->244f13ac-34be-4c4e-8e45-0c0272edbbb2: receive RaftClientReply:client-C9E345EC67ED->244f13ac-34be-4c4e-8e45-0c0272edbbb2@group-FE77C852EF02, cid=1989, SUCCESS, logIndex=2886, commits[244f13ac-34be-4c4e-8e45-0c0272edbbb2:c2886, 6287e41a-5356-4f55-84f2-270816d53e84:c2882, a2c18d3d-e79d-47c9-88fe-d8a1d195302b:c2882]
2019-08-23 11:31:38,536 | INFO  | DNAudit | user=null | ip=null | op=WRITE_CHUNK {blockData=conID: 1 locID: 102666069506064926 bcsId: 2882} | ret=SUCCESS |  
2019-08-23 11:31:38,536 | INFO  | DNAudit | user=null | ip=null | op=WRITE_CHUNK {blockData=conID: 1 locID: 102666069506064926 bcsId: 2882} | ret=SUCCESS |  
2019-08-23 11:31:38,537 | INFO  | DNAudit | user=null | ip=null | op=PUT_BLOCK {blockData=[blockId=conID: 1 locID: 102666069506064926 bcsId: 0,size=4194304]} | ret=SUCCESS |  
2019-08-23 11:31:38,537 | INFO  | DNAudit | user=null | ip=null | op=PUT_BLOCK {blockData=[blockId=conID: 1 locID: 102666069506064926 bcsId: 0,size=4194304]} | ret=SUCCESS |  
2019-08-23 11:31:38,538 [grpc-default-executor-4] INFO  client.GrpcClientProtocolClient (GrpcClientProtocolClient.java:onNext(255)) - client-C9E345EC67ED->244f13ac-34be-4c4e-8e45-0c0272edbbb2: receive RaftClientReply:client-C9E345EC67ED->244f13ac-34be-4c4e-8e45-0c0272edbbb2@group-FE77C852EF02, cid=1990, SUCCESS, logIndex=0, commits[244f13ac-34be-4c4e-8e45-0c0272edbbb2:c2888, 6287e41a-5356-4f55-84f2-270816d53e84:c2886, a2c18d3d-e79d-47c9-88fe-d8a1d195302b:c2886]
2019-08-23 11:31:38,541 | INFO  | SCMAudit | user=jenkins1000 | ip=192.168.5.185 | op=ALLOCATE_BLOCK {owner=00a23185-76ea-47b5-a641-ad3cfbe5521a, size=4194304, type=RATIS, factor=THREE} | ret=SUCCESS |  
2019-08-23 11:31:38,543 | INFO  | OMAudit | user=jenkins1000 | ip=127.0.0.1 | op=ALLOCATE_BLOCK {volume=vol-0-37508, bucket=bucket-0-50919, key=key-0-57313, dataSize=0, replicationType=null, replicationFactor=null, keyLocationInfo=null, clientID=102666068570931602} | ret=SUCCESS |  
2019-08-23 11:31:38,549 | INFO  | DNAudit | user=null | ip=null | op=WRITE_CHUNK {blockData=conID: 2 locID: 102666069510783519 bcsId: 0} | ret=SUCCESS |  
2019-08-23 11:31:38,551 | INFO  | DNAudit | user=null | ip=null | op=WRITE_CHUNK {blockData=conID: 2 locID: 102666069510783519 bcsId: 0} | ret=SUCCESS |  
2019-08-23 11:31:38,551 | INFO  | DNAudit | user=null | ip=null | op=WRITE_CHUNK {blockData=conID: 2 locID: 102666069510783519 bcsId: 0} | ret=SUCCESS |  
2019-08-23 11:31:38,551 | INFO  | DNAudit | user=null | ip=null | op=WRITE_CHUNK {blockData=conID: 2 locID: 102666069510783519 bcsId: 0} | ret=SUCCESS |  
2019-08-23 11:31:38,552 | INFO  | DNAudit | user=null | ip=null | op=WRITE_CHUNK {blockData=conID: 2 locID: 102666069510783519 bcsId: 0} | ret=SUCCESS |  
2019-08-23 11:31:38,553 | INFO  | DNAudit | user=null | ip=null | op=WRITE_CHUNK {blockData=conID: 2 locID: 102666069510783519 bcsId: 0} | ret=SUCCESS |  
2019-08-23 11:31:38,563 | INFO  | DNAudit | user=null | ip=null | op=WRITE_CHUNK {blockData=conID: 2 locID: 102666069510783519 bcsId: 0} | ret=SUCCESS |  
2019-08-23 11:31:38,563 | INFO  | DNAudit | user=null | ip=null | op=PUT_BLOCK {blockData=[blockId=conID: 2 locID: 102666069510783519 bcsId: 0,size=1048576]} | ret=SUCCESS |  
2019-08-23 11:31:38,563 [grpc-default-executor-4] INFO  client.GrpcClientProtocolClient (GrpcClientProtocolClient.java:onNext(255)) - client-C9E345EC67ED->244f13ac-34be-4c4e-8e45-0c0272edbbb2: receive RaftClientReply:client-C9E345EC67ED->244f13ac-34be-4c4e-8e45-0c0272edbbb2@group-FE77C852EF02, cid=1991, SUCCESS, logIndex=2889, commits[244f13ac-34be-4c4e-8e45-0c0272edbbb2:c2890, 6287e41a-5356-4f55-84f2-270816d53e84:c2888, a2c18d3d-e79d-47c9-88fe-d8a1d195302b:c2886]
2019-08-23 11:31:38,564 [grpc-default-executor-4] INFO  client.GrpcClientProtocolClient (GrpcClientProtocolClient.java:onNext(255)) - client-C9E345EC67ED->244f13ac-34be-4c4e-8e45-0c0272edbbb2: receive RaftClientReply:client-C9E345EC67ED->244f13ac-34be-4c4e-8e45-0c0272edbbb2@group-FE77C852EF02, cid=1992, SUCCESS, logIndex=2890, commits[244f13ac-34be-4c4e-8e45-0c0272edbbb2:c2890, 6287e41a-5356-4f55-84f2-270816d53e84:c2888, a2c18d3d-e79d-47c9-88fe-d8a1d195302b:c2886]
2019-08-23 11:31:38,565 | INFO  | DNAudit | user=null | ip=null | op=WRITE_CHUNK {blockData=conID: 2 locID: 102666069510783519 bcsId: 0} | ret=SUCCESS |  
2019-08-23 11:31:38,566 | INFO  | DNAudit | user=null | ip=null | op=PUT_BLOCK {blockData=[blockId=conID: 2 locID: 102666069510783519 bcsId: 0,size=2097152]} | ret=SUCCESS |  
2019-08-23 11:31:38,566 [grpc-default-executor-2] INFO  client.GrpcClientProtocolClient (GrpcClientProtocolClient.java:onNext(255)) - client-C9E345EC67ED->244f13ac-34be-4c4e-8e45-0c0272edbbb2: receive RaftClientReply:client-C9E345EC67ED->244f13ac-34be-4c4e-8e45-0c0272edbbb2@group-FE77C852EF02, cid=1993, SUCCESS, logIndex=2891, commits[244f13ac-34be-4c4e-8e45-0c0272edbbb2:c2892, 6287e41a-5356-4f55-84f2-270816d53e84:c2888, a2c18d3d-e79d-47c9-88fe-d8a1d195302b:c2888]
2019-08-23 11:31:38,566 [grpc-default-executor-2] INFO  client.GrpcClientProtocolClient (GrpcClientProtocolClient.java:onNext(255)) - client-C9E345EC67ED->244f13ac-34be-4c4e-8e45-0c0272edbbb2: receive RaftClientReply:client-C9E345EC67ED->244f13ac-34be-4c4e-8e45-0c0272edbbb2@group-FE77C852EF02, cid=1994, SUCCESS, logIndex=2892, commits[244f13ac-34be-4c4e-8e45-0c0272edbbb2:c2892, 6287e41a-5356-4f55-84f2-270816d53e84:c2888, a2c18d3d-e79d-47c9-88fe-d8a1d195302b:c2888]
2019-08-23 11:31:38,567 | INFO  | DNAudit | user=null | ip=null | op=WRITE_CHUNK {blockData=conID: 2 locID: 102666069510783519 bcsId: 0} | ret=SUCCESS |  
2019-08-23 11:31:38,567 | INFO  | DNAudit | user=null | ip=null | op=PUT_BLOCK {blockData=[blockId=conID: 2 locID: 102666069510783519 bcsId: 0,size=1048576]} | ret=SUCCESS |  
2019-08-23 11:31:38,567 | INFO  | DNAudit | user=null | ip=null | op=WRITE_CHUNK {blockData=conID: 2 locID: 102666069510783519 bcsId: 0} | ret=SUCCESS |  
2019-08-23 11:31:38,567 | INFO  | DNAudit | user=null | ip=null | op=PUT_BLOCK {blockData=[blockId=conID: 2 locID: 102666069510783519 bcsId: 0,size=1048576]} | ret=SUCCESS |  
2019-08-23 11:31:38,567 [grpc-default-executor-2] INFO  client.GrpcClientProtocolClient (GrpcClientProtocolClient.java:onNext(255)) - client-C9E345EC67ED->244f13ac-34be-4c4e-8e45-0c0272edbbb2: receive RaftClientReply:client-C9E345EC67ED->244f13ac-34be-4c4e-8e45-0c0272edbbb2@group-FE77C852EF02, cid=1995, SUCCESS, logIndex=0, commits[244f13ac-34be-4c4e-8e45-0c0272edbbb2:c2894, 6287e41a-5356-4f55-84f2-270816d53e84:c2890, a2c18d3d-e79d-47c9-88fe-d8a1d195302b:c2890]
2019-08-23 11:31:38,567 | INFO  | DNAudit | user=null | ip=null | op=WRITE_CHUNK {blockData=conID: 2 locID: 102666069510783519 bcsId: 0} | ret=SUCCESS |  
2019-08-23 11:31:38,568 | INFO  | DNAudit | user=null | ip=null | op=WRITE_CHUNK {blockData=conID: 2 locID: 102666069510783519 bcsId: 0} | ret=SUCCESS |  
2019-08-23 11:31:38,568 | INFO  | DNAudit | user=null | ip=null | op=PUT_BLOCK {blockData=[blockId=conID: 2 locID: 102666069510783519 bcsId: 0,size=2097152]} | ret=SUCCESS |  
2019-08-23 11:31:38,568 | INFO  | DNAudit | user=null | ip=null | op=PUT_BLOCK {blockData=[blockId=conID: 2 locID: 102666069510783519 bcsId: 0,size=2097152]} | ret=SUCCESS |  
2019-08-23 11:31:38,572 | INFO  | DNAudit | user=null | ip=null | op=WRITE_CHUNK {blockData=conID: 2 locID: 102666069510783519 bcsId: 2892} | ret=SUCCESS |  
2019-08-23 11:31:38,574 | INFO  | DNAudit | user=null | ip=null | op=WRITE_CHUNK {blockData=conID: 2 locID: 102666069510783519 bcsId: 2892} | ret=SUCCESS |  
2019-08-23 11:31:38,574 | INFO  | DNAudit | user=null | ip=null | op=WRITE_CHUNK {blockData=conID: 2 locID: 102666069510783519 bcsId: 2892} | ret=SUCCESS |  
2019-08-23 11:31:38,584 | INFO  | DNAudit | user=null | ip=null | op=WRITE_CHUNK {blockData=conID: 2 locID: 102666069510783519 bcsId: 2892} | ret=SUCCESS |  
2019-08-23 11:31:38,585 | INFO  | DNAudit | user=null | ip=null | op=PUT_BLOCK {blockData=[blockId=conID: 2 locID: 102666069510783519 bcsId: 0,size=3145728]} | ret=SUCCESS |  
2019-08-23 11:31:38,585 [grpc-default-executor-5] INFO  client.GrpcClientProtocolClient (GrpcClientProtocolClient.java:onNext(255)) - client-C9E345EC67ED->244f13ac-34be-4c4e-8e45-0c0272edbbb2: receive RaftClientReply:client-C9E345EC67ED->244f13ac-34be-4c4e-8e45-0c0272edbbb2@group-FE77C852EF02, cid=1996, SUCCESS, logIndex=2897, commits[244f13ac-34be-4c4e-8e45-0c0272edbbb2:c2898, 6287e41a-5356-4f55-84f2-270816d53e84:c2896, a2c18d3d-e79d-47c9-88fe-d8a1d195302b:c2896]
2019-08-23 11:31:38,585 [grpc-default-executor-5] INFO  client.GrpcClientProtocolClient (GrpcClientProtocolClient.java:onNext(255)) - client-C9E345EC67ED->244f13ac-34be-4c4e-8e45-0c0272edbbb2: receive RaftClientReply:client-C9E345EC67ED->244f13ac-34be-4c4e-8e45-0c0272edbbb2@group-FE77C852EF02, cid=1997, SUCCESS, logIndex=2898, commits[244f13ac-34be-4c4e-8e45-0c0272edbbb2:c2898, 6287e41a-5356-4f55-84f2-270816d53e84:c2896, a2c18d3d-e79d-47c9-88fe-d8a1d195302b:c2896]
2019-08-23 11:31:38,590 | INFO  | DNAudit | user=null | ip=null | op=WRITE_CHUNK {blockData=conID: 2 locID: 102666069510783519 bcsId: 2898} | ret=SUCCESS |  
2019-08-23 11:31:38,591 | INFO  | DNAudit | user=null | ip=null | op=WRITE_CHUNK {blockData=conID: 2 locID: 102666069510783519 bcsId: 2898} | ret=SUCCESS |  
2019-08-23 11:31:38,592 | INFO  | DNAudit | user=null | ip=null | op=WRITE_CHUNK {blockData=conID: 2 locID: 102666069510783519 bcsId: 2898} | ret=SUCCESS |  
2019-08-23 11:31:38,595 | INFO  | DNAudit | user=null | ip=null | op=WRITE_CHUNK {blockData=conID: 2 locID: 102666069510783519 bcsId: 2892} | ret=SUCCESS |  
2019-08-23 11:31:38,595 | INFO  | DNAudit | user=null | ip=null | op=WRITE_CHUNK {blockData=conID: 2 locID: 102666069510783519 bcsId: 2892} | ret=SUCCESS |  
2019-08-23 11:31:38,596 | INFO  | DNAudit | user=null | ip=null | op=PUT_BLOCK {blockData=[blockId=conID: 2 locID: 102666069510783519 bcsId: 0,size=3145728]} | ret=SUCCESS |  
2019-08-23 11:31:38,597 | INFO  | DNAudit | user=null | ip=null | op=PUT_BLOCK {blockData=[blockId=conID: 2 locID: 102666069510783519 bcsId: 0,size=3145728]} | ret=SUCCESS |  
2019-08-23 11:31:38,597 | INFO  | DNAudit | user=null | ip=null | op=WRITE_CHUNK {blockData=conID: 2 locID: 102666069510783519 bcsId: 2898} | ret=SUCCESS |  
2019-08-23 11:31:38,598 | INFO  | DNAudit | user=null | ip=null | op=PUT_BLOCK {blockData=[blockId=conID: 2 locID: 102666069510783519 bcsId: 0,size=4194304]} | ret=SUCCESS |  
2019-08-23 11:31:38,598 [grpc-default-executor-4] INFO  client.GrpcClientProtocolClient (GrpcClientProtocolClient.java:onNext(255)) - client-C9E345EC67ED->244f13ac-34be-4c4e-8e45-0c0272edbbb2: receive RaftClientReply:client-C9E345EC67ED->244f13ac-34be-4c4e-8e45-0c0272edbbb2@group-FE77C852EF02, cid=1998, SUCCESS, logIndex=2901, commits[244f13ac-34be-4c4e-8e45-0c0272edbbb2:c2902, 6287e41a-5356-4f55-84f2-270816d53e84:c2898, a2c18d3d-e79d-47c9-88fe-d8a1d195302b:c2898]
2019-08-23 11:31:38,598 [grpc-default-executor-4] INFO  client.GrpcClientProtocolClient (GrpcClientProtocolClient.java:onNext(255)) - client-C9E345EC67ED->244f13ac-34be-4c4e-8e45-0c0272edbbb2: receive RaftClientReply:client-C9E345EC67ED->244f13ac-34be-4c4e-8e45-0c0272edbbb2@group-FE77C852EF02, cid=1999, SUCCESS, logIndex=2902, commits[244f13ac-34be-4c4e-8e45-0c0272edbbb2:c2902, 6287e41a-5356-4f55-84f2-270816d53e84:c2898, a2c18d3d-e79d-47c9-88fe-d8a1d195302b:c2898]
2019-08-23 11:31:38,607 | INFO  | DNAudit | user=null | ip=null | op=WRITE_CHUNK {blockData=conID: 2 locID: 102666069510783519 bcsId: 2898} | ret=SUCCESS |  
2019-08-23 11:31:38,607 | INFO  | DNAudit | user=null | ip=null | op=WRITE_CHUNK {blockData=conID: 2 locID: 102666069510783519 bcsId: 2898} | ret=SUCCESS |  
2019-08-23 11:31:38,607 | INFO  | DNAudit | user=null | ip=null | op=PUT_BLOCK {blockData=[blockId=conID: 2 locID: 102666069510783519 bcsId: 0,size=4194304]} | ret=SUCCESS |  
2019-08-23 11:31:38,608 | INFO  | DNAudit | user=null | ip=null | op=PUT_BLOCK {blockData=[blockId=conID: 2 locID: 102666069510783519 bcsId: 0,size=4194304]} | ret=SUCCESS |  
2019-08-23 11:31:38,608 [grpc-default-executor-4] INFO  client.GrpcClientProtocolClient (GrpcClientProtocolClient.java:onNext(255)) - client-C9E345EC67ED->244f13ac-34be-4c4e-8e45-0c0272edbbb2: receive RaftClientReply:client-C9E345EC67ED->244f13ac-34be-4c4e-8e45-0c0272edbbb2@group-FE77C852EF02, cid=2000, SUCCESS, logIndex=0, commits[244f13ac-34be-4c4e-8e45-0c0272edbbb2:c2903, 6287e41a-5356-4f55-84f2-270816d53e84:c2902, a2c18d3d-e79d-47c9-88fe-d8a1d195302b:c2902]
2019-08-23 11:31:38,611 | INFO  | SCMAudit | user=jenkins1000 | ip=192.168.5.185 | op=ALLOCATE_BLOCK {owner=00a23185-76ea-47b5-a641-ad3cfbe5521a, size=4194304, type=RATIS, factor=THREE} | ret=SUCCESS |  
2019-08-23 11:31:38,613 | INFO  | OMAudit | user=jenkins1000 | ip=127.0.0.1 | op=ALLOCATE_BLOCK {volume=vol-0-37508, bucket=bucket-0-50919, key=key-0-57313, dataSize=0, replicationType=null, replicationFactor=null, keyLocationInfo=null, clientID=102666068570931602} | ret=SUCCESS |  
2019-08-23 11:31:38,619 | INFO  | DNAudit | user=null | ip=null | op=WRITE_CHUNK {blockData=conID: 3 locID: 102666069515371040 bcsId: 0} | ret=SUCCESS |  
2019-08-23 11:31:38,621 | INFO  | DNAudit | user=null | ip=null | op=WRITE_CHUNK {blockData=conID: 3 locID: 102666069515371040 bcsId: 0} | ret=SUCCESS |  
2019-08-23 11:31:38,621 | INFO  | DNAudit | user=null | ip=null | op=WRITE_CHUNK {blockData=conID: 3 locID: 102666069515371040 bcsId: 0} | ret=SUCCESS |  
2019-08-23 11:31:38,621 | INFO  | DNAudit | user=null | ip=null | op=WRITE_CHUNK {blockData=conID: 3 locID: 102666069515371040 bcsId: 0} | ret=SUCCESS |  
2019-08-23 11:31:38,622 | INFO  | DNAudit | user=null | ip=null | op=WRITE_CHUNK {blockData=conID: 3 locID: 102666069515371040 bcsId: 0} | ret=SUCCESS |  
2019-08-23 11:31:38,623 | INFO  | DNAudit | user=null | ip=null | op=WRITE_CHUNK {blockData=conID: 3 locID: 102666069515371040 bcsId: 0} | ret=SUCCESS |  
2019-08-23 11:31:38,630 | INFO  | DNAudit | user=null | ip=null | op=WRITE_CHUNK {blockData=conID: 3 locID: 102666069515371040 bcsId: 0} | ret=SUCCESS |  
2019-08-23 11:31:38,630 | INFO  | DNAudit | user=null | ip=null | op=PUT_BLOCK {blockData=[blockId=conID: 3 locID: 102666069515371040 bcsId: 0,size=1048576]} | ret=SUCCESS |  
2019-08-23 11:31:38,630 [grpc-default-executor-4] INFO  client.GrpcClientProtocolClient (GrpcClientProtocolClient.java:onNext(255)) - client-C9E345EC67ED->244f13ac-34be-4c4e-8e45-0c0272edbbb2: receive RaftClientReply:client-C9E345EC67ED->244f13ac-34be-4c4e-8e45-0c0272edbbb2@group-FE77C852EF02, cid=2001, SUCCESS, logIndex=2905, commits[244f13ac-34be-4c4e-8e45-0c0272edbbb2:c2908, 6287e41a-5356-4f55-84f2-270816d53e84:c2904, a2c18d3d-e79d-47c9-88fe-d8a1d195302b:c2904]
2019-08-23 11:31:38,631 | INFO  | DNAudit | user=null | ip=null | op=WRITE_CHUNK {blockData=conID: 3 locID: 102666069515371040 bcsId: 0} | ret=SUCCESS |  
2019-08-23 11:31:38,631 [grpc-default-executor-4] INFO  client.GrpcClientProtocolClient (GrpcClientProtocolClient.java:onNext(255)) - client-C9E345EC67ED->244f13ac-34be-4c4e-8e45-0c0272edbbb2: receive RaftClientReply:client-C9E345EC67ED->244f13ac-34be-4c4e-8e45-0c0272edbbb2@group-FE77C852EF02, cid=2002, SUCCESS, logIndex=2906, commits[244f13ac-34be-4c4e-8e45-0c0272edbbb2:c2908, 6287e41a-5356-4f55-84f2-270816d53e84:c2904, a2c18d3d-e79d-47c9-88fe-d8a1d195302b:c2904]
2019-08-23 11:31:38,631 | INFO  | DNAudit | user=null | ip=null | op=WRITE_CHUNK {blockData=conID: 3 locID: 102666069515371040 bcsId: 0} | ret=SUCCESS |  
2019-08-23 11:31:38,631 | INFO  | DNAudit | user=null | ip=null | op=PUT_BLOCK {blockData=[blockId=conID: 3 locID: 102666069515371040 bcsId: 0,size=2097152]} | ret=SUCCESS |  
2019-08-23 11:31:38,631 [grpc-default-executor-4] INFO  client.GrpcClientProtocolClient (GrpcClientProtocolClient.java:onNext(255)) - client-C9E345EC67ED->244f13ac-34be-4c4e-8e45-0c0272edbbb2: receive RaftClientReply:client-C9E345EC67ED->244f13ac-34be-4c4e-8e45-0c0272edbbb2@group-FE77C852EF02, cid=2003, SUCCESS, logIndex=2907, commits[244f13ac-34be-4c4e-8e45-0c0272edbbb2:c2908, 6287e41a-5356-4f55-84f2-270816d53e84:c2904, a2c18d3d-e79d-47c9-88fe-d8a1d195302b:c2904]
2019-08-23 11:31:38,632 [grpc-default-executor-4] INFO  client.GrpcClientProtocolClient (GrpcClientProtocolClient.java:onNext(255)) - client-C9E345EC67ED->244f13ac-34be-4c4e-8e45-0c0272edbbb2: receive RaftClientReply:client-C9E345EC67ED->244f13ac-34be-4c4e-8e45-0c0272edbbb2@group-FE77C852EF02, cid=2004, SUCCESS, logIndex=2908, commits[244f13ac-34be-4c4e-8e45-0c0272edbbb2:c2909, 6287e41a-5356-4f55-84f2-270816d53e84:c2904, a2c18d3d-e79d-47c9-88fe-d8a1d195302b:c2905]
2019-08-23 11:31:38,632 | INFO  | DNAudit | user=null | ip=null | op=WRITE_CHUNK {blockData=conID: 3 locID: 102666069515371040 bcsId: 0} | ret=SUCCESS |  
2019-08-23 11:31:38,632 | INFO  | DNAudit | user=null | ip=null | op=PUT_BLOCK {blockData=[blockId=conID: 3 locID: 102666069515371040 bcsId: 0,size=1048576]} | ret=SUCCESS |  
2019-08-23 11:31:38,632 | INFO  | DNAudit | user=null | ip=null | op=WRITE_CHUNK {blockData=conID: 3 locID: 102666069515371040 bcsId: 0} | ret=SUCCESS |  
2019-08-23 11:31:38,632 | INFO  | DNAudit | user=null | ip=null | op=PUT_BLOCK {blockData=[blockId=conID: 3 locID: 102666069515371040 bcsId: 0,size=2097152]} | ret=SUCCESS |  
2019-08-23 11:31:38,632 | INFO  | DNAudit | user=null | ip=null | op=PUT_BLOCK {blockData=[blockId=conID: 3 locID: 102666069515371040 bcsId: 0,size=1048576]} | ret=SUCCESS |  
2019-08-23 11:31:38,633 | INFO  | DNAudit | user=null | ip=null | op=WRITE_CHUNK {blockData=conID: 3 locID: 102666069515371040 bcsId: 0} | ret=SUCCESS |  
2019-08-23 11:31:38,633 | INFO  | DNAudit | user=null | ip=null | op=PUT_BLOCK {blockData=[blockId=conID: 3 locID: 102666069515371040 bcsId: 0,size=2097152]} | ret=SUCCESS |  
2019-08-23 11:31:38,633 [grpc-default-executor-2] INFO  client.GrpcClientProtocolClient (GrpcClientProtocolClient.java:onNext(255)) - client-C9E345EC67ED->244f13ac-34be-4c4e-8e45-0c0272edbbb2: receive RaftClientReply:client-C9E345EC67ED->244f13ac-34be-4c4e-8e45-0c0272edbbb2@group-FE77C852EF02, cid=2005, SUCCESS, logIndex=0, commits[244f13ac-34be-4c4e-8e45-0c0272edbbb2:c2911, 6287e41a-5356-4f55-84f2-270816d53e84:c2908, a2c18d3d-e79d-47c9-88fe-d8a1d195302b:c2906]
2019-08-23 11:31:38,638 | INFO  | DNAudit | user=null | ip=null | op=WRITE_CHUNK {blockData=conID: 3 locID: 102666069515371040 bcsId: 2908} | ret=SUCCESS |  
2019-08-23 11:31:38,639 | INFO  | DNAudit | user=null | ip=null | op=WRITE_CHUNK {blockData=conID: 3 locID: 102666069515371040 bcsId: 2908} | ret=SUCCESS |  
2019-08-23 11:31:38,640 | INFO  | DNAudit | user=null | ip=null | op=WRITE_CHUNK {blockData=conID: 3 locID: 102666069515371040 bcsId: 2908} | ret=SUCCESS |  
2019-08-23 11:31:38,671 | INFO  | DNAudit | user=null | ip=null | op=WRITE_CHUNK {blockData=conID: 3 locID: 102666069515371040 bcsId: 2908} | ret=SUCCESS |  
2019-08-23 11:31:38,672 | INFO  | DNAudit | user=null | ip=null | op=PUT_BLOCK {blockData=[blockId=conID: 3 locID: 102666069515371040 bcsId: 0,size=3145728]} | ret=SUCCESS |  
2019-08-23 11:31:38,672 [grpc-default-executor-5] INFO  client.GrpcClientProtocolClient (GrpcClientProtocolClient.java:onNext(255)) - client-C9E345EC67ED->244f13ac-34be-4c4e-8e45-0c0272edbbb2: receive RaftClientReply:client-C9E345EC67ED->244f13ac-34be-4c4e-8e45-0c0272edbbb2@group-FE77C852EF02, cid=2006, SUCCESS, logIndex=2913, commits[244f13ac-34be-4c4e-8e45-0c0272edbbb2:c2914, 6287e41a-5356-4f55-84f2-270816d53e84:c2912, a2c18d3d-e79d-47c9-88fe-d8a1d195302b:c2912]
2019-08-23 11:31:38,672 [grpc-default-executor-5] INFO  client.GrpcClientProtocolClient (GrpcClientProtocolClient.java:onNext(255)) - client-C9E345EC67ED->244f13ac-34be-4c4e-8e45-0c0272edbbb2: receive RaftClientReply:client-C9E345EC67ED->244f13ac-34be-4c4e-8e45-0c0272edbbb2@group-FE77C852EF02, cid=2007, SUCCESS, logIndex=2914, commits[244f13ac-34be-4c4e-8e45-0c0272edbbb2:c2914, 6287e41a-5356-4f55-84f2-270816d53e84:c2912, a2c18d3d-e79d-47c9-88fe-d8a1d195302b:c2912]
2019-08-23 11:31:38,673 | INFO  | DNAudit | user=null | ip=null | op=WRITE_CHUNK {blockData=conID: 3 locID: 102666069515371040 bcsId: 2908} | ret=SUCCESS |  
2019-08-23 11:31:38,673 | INFO  | DNAudit | user=null | ip=null | op=WRITE_CHUNK {blockData=conID: 3 locID: 102666069515371040 bcsId: 2908} | ret=SUCCESS |  
2019-08-23 11:31:38,673 | INFO  | DNAudit | user=null | ip=null | op=PUT_BLOCK {blockData=[blockId=conID: 3 locID: 102666069515371040 bcsId: 0,size=3145728]} | ret=SUCCESS |  
2019-08-23 11:31:38,673 | INFO  | DNAudit | user=null | ip=null | op=PUT_BLOCK {blockData=[blockId=conID: 3 locID: 102666069515371040 bcsId: 0,size=3145728]} | ret=SUCCESS |  
2019-08-23 11:31:38,678 | INFO  | DNAudit | user=null | ip=null | op=WRITE_CHUNK {blockData=conID: 3 locID: 102666069515371040 bcsId: 2914} | ret=SUCCESS |  
2019-08-23 11:31:38,679 | INFO  | DNAudit | user=null | ip=null | op=WRITE_CHUNK {blockData=conID: 3 locID: 102666069515371040 bcsId: 2914} | ret=SUCCESS |  
2019-08-23 11:31:38,679 | INFO  | DNAudit | user=null | ip=null | op=WRITE_CHUNK {blockData=conID: 3 locID: 102666069515371040 bcsId: 2914} | ret=SUCCESS |  
2019-08-23 11:31:38,690 | INFO  | DNAudit | user=null | ip=null | op=WRITE_CHUNK {blockData=conID: 3 locID: 102666069515371040 bcsId: 2914} | ret=SUCCESS |  
2019-08-23 11:31:38,691 | INFO  | DNAudit | user=null | ip=null | op=PUT_BLOCK {blockData=[blockId=conID: 3 locID: 102666069515371040 bcsId: 0,size=4194304]} | ret=SUCCESS |  
2019-08-23 11:31:38,690 [grpc-default-executor-5] INFO  client.GrpcClientProtocolClient (GrpcClientProtocolClient.java:onNext(255)) - client-C9E345EC67ED->244f13ac-34be-4c4e-8e45-0c0272edbbb2: receive RaftClientReply:client-C9E345EC67ED->244f13ac-34be-4c4e-8e45-0c0272edbbb2@group-FE77C852EF02, cid=2008, SUCCESS, logIndex=2917, commits[244f13ac-34be-4c4e-8e45-0c0272edbbb2:c2918, 6287e41a-5356-4f55-84f2-270816d53e84:c2916, a2c18d3d-e79d-47c9-88fe-d8a1d195302b:c2916]
2019-08-23 11:31:38,691 [grpc-default-executor-5] INFO  client.GrpcClientProtocolClient (GrpcClientProtocolClient.java:onNext(255)) - client-C9E345EC67ED->244f13ac-34be-4c4e-8e45-0c0272edbbb2: receive RaftClientReply:client-C9E345EC67ED->244f13ac-34be-4c4e-8e45-0c0272edbbb2@group-FE77C852EF02, cid=2009, SUCCESS, logIndex=2918, commits[244f13ac-34be-4c4e-8e45-0c0272edbbb2:c2918, 6287e41a-5356-4f55-84f2-270816d53e84:c2916, a2c18d3d-e79d-47c9-88fe-d8a1d195302b:c2916]
2019-08-23 11:31:38,702 | INFO  | DNAudit | user=null | ip=null | op=WRITE_CHUNK {blockData=conID: 3 locID: 102666069515371040 bcsId: 2914} | ret=SUCCESS |  
2019-08-23 11:31:38,702 | INFO  | DNAudit | user=null | ip=null | op=WRITE_CHUNK {blockData=conID: 3 locID: 102666069515371040 bcsId: 2914} | ret=SUCCESS |  
2019-08-23 11:31:38,703 | INFO  | DNAudit | user=null | ip=null | op=PUT_BLOCK {blockData=[blockId=conID: 3 locID: 102666069515371040 bcsId: 0,size=4194304]} | ret=SUCCESS |  
2019-08-23 11:31:38,703 | INFO  | DNAudit | user=null | ip=null | op=PUT_BLOCK {blockData=[blockId=conID: 3 locID: 102666069515371040 bcsId: 0,size=4194304]} | ret=SUCCESS |  
2019-08-23 11:31:38,703 [grpc-default-executor-5] INFO  client.GrpcClientProtocolClient (GrpcClientProtocolClient.java:onNext(255)) - client-C9E345EC67ED->244f13ac-34be-4c4e-8e45-0c0272edbbb2: receive RaftClientReply:client-C9E345EC67ED->244f13ac-34be-4c4e-8e45-0c0272edbbb2@group-FE77C852EF02, cid=2010, SUCCESS, logIndex=0, commits[244f13ac-34be-4c4e-8e45-0c0272edbbb2:c2920, 6287e41a-5356-4f55-84f2-270816d53e84:c2918, a2c18d3d-e79d-47c9-88fe-d8a1d195302b:c2918]
2019-08-23 11:31:38,707 | INFO  | SCMAudit | user=jenkins1000 | ip=192.168.5.185 | op=ALLOCATE_BLOCK {owner=00a23185-76ea-47b5-a641-ad3cfbe5521a, size=4194304, type=RATIS, factor=THREE} | ret=SUCCESS |  
2019-08-23 11:31:38,709 | INFO  | OMAudit | user=jenkins1000 | ip=127.0.0.1 | op=ALLOCATE_BLOCK {volume=vol-0-37508, bucket=bucket-0-50919, key=key-0-57313, dataSize=0, replicationType=null, replicationFactor=null, keyLocationInfo=null, clientID=102666068570931602} | ret=SUCCESS |  
2019-08-23 11:31:38,714 | INFO  | DNAudit | user=null | ip=null | op=WRITE_CHUNK {blockData=conID: 1 locID: 102666069521662497 bcsId: 0} | ret=SUCCESS |  
2019-08-23 11:31:38,716 | INFO  | DNAudit | user=null | ip=null | op=WRITE_CHUNK {blockData=conID: 1 locID: 102666069521662497 bcsId: 0} | ret=SUCCESS |  
2019-08-23 11:31:38,717 | INFO  | DNAudit | user=null | ip=null | op=WRITE_CHUNK {blockData=conID: 1 locID: 102666069521662497 bcsId: 0} | ret=SUCCESS |  
2019-08-23 11:31:38,717 | INFO  | DNAudit | user=null | ip=null | op=WRITE_CHUNK {blockData=conID: 1 locID: 102666069521662497 bcsId: 0} | ret=SUCCESS |  
2019-08-23 11:31:38,718 | INFO  | DNAudit | user=null | ip=null | op=WRITE_CHUNK {blockData=conID: 1 locID: 102666069521662497 bcsId: 0} | ret=SUCCESS |  
2019-08-23 11:31:38,718 | INFO  | DNAudit | user=null | ip=null | op=WRITE_CHUNK {blockData=conID: 1 locID: 102666069521662497 bcsId: 0} | ret=SUCCESS |  
2019-08-23 11:31:38,727 | INFO  | DNAudit | user=null | ip=null | op=WRITE_CHUNK {blockData=conID: 1 locID: 102666069521662497 bcsId: 0} | ret=SUCCESS |  
2019-08-23 11:31:38,727 [grpc-default-executor-5] INFO  client.GrpcClientProtocolClient (GrpcClientProtocolClient.java:onNext(255)) - client-C9E345EC67ED->244f13ac-34be-4c4e-8e45-0c0272edbbb2: receive RaftClientReply:client-C9E345EC67ED->244f13ac-34be-4c4e-8e45-0c0272edbbb2@group-FE77C852EF02, cid=2011, SUCCESS, logIndex=2921, commits[244f13ac-34be-4c4e-8e45-0c0272edbbb2:c2924, 6287e41a-5356-4f55-84f2-270816d53e84:c2920, a2c18d3d-e79d-47c9-88fe-d8a1d195302b:c2920]
2019-08-23 11:31:38,727 | INFO  | DNAudit | user=null | ip=null | op=PUT_BLOCK {blockData=[blockId=conID: 1 locID: 102666069521662497 bcsId: 0,size=1048576]} | ret=SUCCESS |  
2019-08-23 11:31:38,728 | INFO  | DNAudit | user=null | ip=null | op=WRITE_CHUNK {blockData=conID: 1 locID: 102666069521662497 bcsId: 0} | ret=SUCCESS |  
2019-08-23 11:31:38,728 [grpc-default-executor-5] INFO  client.GrpcClientProtocolClient (GrpcClientProtocolClient.java:onNext(255)) - client-C9E345EC67ED->244f13ac-34be-4c4e-8e45-0c0272edbbb2: receive RaftClientReply:client-C9E345EC67ED->244f13ac-34be-4c4e-8e45-0c0272edbbb2@group-FE77C852EF02, cid=2012, SUCCESS, logIndex=2922, commits[244f13ac-34be-4c4e-8e45-0c0272edbbb2:c2924, 6287e41a-5356-4f55-84f2-270816d53e84:c2920, a2c18d3d-e79d-47c9-88fe-d8a1d195302b:c2920]
2019-08-23 11:31:38,728 | INFO  | DNAudit | user=null | ip=null | op=PUT_BLOCK {blockData=[blockId=conID: 1 locID: 102666069521662497 bcsId: 0,size=2097152]} | ret=SUCCESS |  
2019-08-23 11:31:38,728 [grpc-default-executor-5] INFO  client.GrpcClientProtocolClient (GrpcClientProtocolClient.java:onNext(255)) - client-C9E345EC67ED->244f13ac-34be-4c4e-8e45-0c0272edbbb2: receive RaftClientReply:client-C9E345EC67ED->244f13ac-34be-4c4e-8e45-0c0272edbbb2@group-FE77C852EF02, cid=2013, SUCCESS, logIndex=2923, commits[244f13ac-34be-4c4e-8e45-0c0272edbbb2:c2924, 6287e41a-5356-4f55-84f2-270816d53e84:c2920, a2c18d3d-e79d-47c9-88fe-d8a1d195302b:c2920]
2019-08-23 11:31:38,728 | INFO  | DNAudit | user=null | ip=null | op=WRITE_CHUNK {blockData=conID: 1 locID: 102666069521662497 bcsId: 0} | ret=SUCCESS |  
2019-08-23 11:31:38,728 | INFO  | DNAudit | user=null | ip=null | op=PUT_BLOCK {blockData=[blockId=conID: 1 locID: 102666069521662497 bcsId: 0,size=1048576]} | ret=SUCCESS |  
2019-08-23 11:31:38,728 [grpc-default-executor-5] INFO  client.GrpcClientProtocolClient (GrpcClientProtocolClient.java:onNext(255)) - client-C9E345EC67ED->244f13ac-34be-4c4e-8e45-0c0272edbbb2: receive RaftClientReply:client-C9E345EC67ED->244f13ac-34be-4c4e-8e45-0c0272edbbb2@group-FE77C852EF02, cid=2014, SUCCESS, logIndex=2924, commits[244f13ac-34be-4c4e-8e45-0c0272edbbb2:c2924, 6287e41a-5356-4f55-84f2-270816d53e84:c2920, a2c18d3d-e79d-47c9-88fe-d8a1d195302b:c2920]
2019-08-23 11:31:38,729 | INFO  | DNAudit | user=null | ip=null | op=WRITE_CHUNK {blockData=conID: 1 locID: 102666069521662497 bcsId: 0} | ret=SUCCESS |  
2019-08-23 11:31:38,729 | INFO  | DNAudit | user=null | ip=null | op=PUT_BLOCK {blockData=[blockId=conID: 1 locID: 102666069521662497 bcsId: 0,size=1048576]} | ret=SUCCESS |  
2019-08-23 11:31:38,729 | INFO  | DNAudit | user=null | ip=null | op=WRITE_CHUNK {blockData=conID: 1 locID: 102666069521662497 bcsId: 0} | ret=SUCCESS |  
2019-08-23 11:31:38,729 | INFO  | DNAudit | user=null | ip=null | op=PUT_BLOCK {blockData=[blockId=conID: 1 locID: 102666069521662497 bcsId: 0,size=2097152]} | ret=SUCCESS |  
2019-08-23 11:31:38,729 [grpc-default-executor-5] INFO  client.GrpcClientProtocolClient (GrpcClientProtocolClient.java:onNext(255)) - client-C9E345EC67ED->244f13ac-34be-4c4e-8e45-0c0272edbbb2: receive RaftClientReply:client-C9E345EC67ED->244f13ac-34be-4c4e-8e45-0c0272edbbb2@group-FE77C852EF02, cid=2015, SUCCESS, logIndex=0, commits[244f13ac-34be-4c4e-8e45-0c0272edbbb2:c2925, 6287e41a-5356-4f55-84f2-270816d53e84:c2922, a2c18d3d-e79d-47c9-88fe-d8a1d195302b:c2922]
2019-08-23 11:31:38,729 | INFO  | DNAudit | user=null | ip=null | op=WRITE_CHUNK {blockData=conID: 1 locID: 102666069521662497 bcsId: 0} | ret=SUCCESS |  
2019-08-23 11:31:38,730 | INFO  | DNAudit | user=null | ip=null | op=PUT_BLOCK {blockData=[blockId=conID: 1 locID: 102666069521662497 bcsId: 0,size=2097152]} | ret=SUCCESS |  
2019-08-23 11:31:38,734 | INFO  | DNAudit | user=null | ip=null | op=WRITE_CHUNK {blockData=conID: 1 locID: 102666069521662497 bcsId: 2924} | ret=SUCCESS |  
2019-08-23 11:31:38,736 | INFO  | DNAudit | user=null | ip=null | op=WRITE_CHUNK {blockData=conID: 1 locID: 102666069521662497 bcsId: 2924} | ret=SUCCESS |  
2019-08-23 11:31:38,736 | INFO  | DNAudit | user=null | ip=null | op=WRITE_CHUNK {blockData=conID: 1 locID: 102666069521662497 bcsId: 2924} | ret=SUCCESS |  
2019-08-23 11:31:38,746 | INFO  | DNAudit | user=null | ip=null | op=WRITE_CHUNK {blockData=conID: 1 locID: 102666069521662497 bcsId: 2924} | ret=SUCCESS |  
2019-08-23 11:31:38,747 | INFO  | DNAudit | user=null | ip=null | op=PUT_BLOCK {blockData=[blockId=conID: 1 locID: 102666069521662497 bcsId: 0,size=3145728]} | ret=SUCCESS |  
2019-08-23 11:31:38,747 [grpc-default-executor-2] INFO  client.GrpcClientProtocolClient (GrpcClientProtocolClient.java:onNext(255)) - client-C9E345EC67ED->244f13ac-34be-4c4e-8e45-0c0272edbbb2: receive RaftClientReply:client-C9E345EC67ED->244f13ac-34be-4c4e-8e45-0c0272edbbb2@group-FE77C852EF02, cid=2016, SUCCESS, logIndex=2929, commits[244f13ac-34be-4c4e-8e45-0c0272edbbb2:c2930, 6287e41a-5356-4f55-84f2-270816d53e84:c2928, a2c18d3d-e79d-47c9-88fe-d8a1d195302b:c2928]
2019-08-23 11:31:38,747 [grpc-default-executor-2] INFO  client.GrpcClientProtocolClient (GrpcClientProtocolClient.java:onNext(255)) - client-C9E345EC67ED->244f13ac-34be-4c4e-8e45-0c0272edbbb2: receive RaftClientReply:client-C9E345EC67ED->244f13ac-34be-4c4e-8e45-0c0272edbbb2@group-FE77C852EF02, cid=2017, SUCCESS, logIndex=2930, commits[244f13ac-34be-4c4e-8e45-0c0272edbbb2:c2930, 6287e41a-5356-4f55-84f2-270816d53e84:c2928, a2c18d3d-e79d-47c9-88fe-d8a1d195302b:c2928]
2019-08-23 11:31:38,748 | INFO  | DNAudit | user=null | ip=null | op=WRITE_CHUNK {blockData=conID: 1 locID: 102666069521662497 bcsId: 2924} | ret=SUCCESS |  
2019-08-23 11:31:38,748 | INFO  | DNAudit | user=null | ip=null | op=WRITE_CHUNK {blockData=conID: 1 locID: 102666069521662497 bcsId: 2924} | ret=SUCCESS |  
2019-08-23 11:31:38,749 | INFO  | DNAudit | user=null | ip=null | op=PUT_BLOCK {blockData=[blockId=conID: 1 locID: 102666069521662497 bcsId: 0,size=3145728]} | ret=SUCCESS |  
2019-08-23 11:31:38,749 | INFO  | DNAudit | user=null | ip=null | op=PUT_BLOCK {blockData=[blockId=conID: 1 locID: 102666069521662497 bcsId: 0,size=3145728]} | ret=SUCCESS |  
2019-08-23 11:31:38,752 | INFO  | DNAudit | user=null | ip=null | op=WRITE_CHUNK {blockData=conID: 1 locID: 102666069521662497 bcsId: 2930} | ret=SUCCESS |  
2019-08-23 11:31:38,754 | INFO  | DNAudit | user=null | ip=null | op=WRITE_CHUNK {blockData=conID: 1 locID: 102666069521662497 bcsId: 2930} | ret=SUCCESS |  
2019-08-23 11:31:38,754 | INFO  | DNAudit | user=null | ip=null | op=WRITE_CHUNK {blockData=conID: 1 locID: 102666069521662497 bcsId: 2930} | ret=SUCCESS |  
2019-08-23 11:31:38,765 | INFO  | DNAudit | user=null | ip=null | op=WRITE_CHUNK {blockData=conID: 1 locID: 102666069521662497 bcsId: 2930} | ret=SUCCESS |  
2019-08-23 11:31:38,765 | INFO  | DNAudit | user=null | ip=null | op=PUT_BLOCK {blockData=[blockId=conID: 1 locID: 102666069521662497 bcsId: 0,size=4194304]} | ret=SUCCESS |  
2019-08-23 11:31:38,765 [grpc-default-executor-2] INFO  client.GrpcClientProtocolClient (GrpcClientProtocolClient.java:onNext(255)) - client-C9E345EC67ED->244f13ac-34be-4c4e-8e45-0c0272edbbb2: receive RaftClientReply:client-C9E345EC67ED->244f13ac-34be-4c4e-8e45-0c0272edbbb2@group-FE77C852EF02, cid=2018, SUCCESS, logIndex=2933, commits[244f13ac-34be-4c4e-8e45-0c0272edbbb2:c2934, 6287e41a-5356-4f55-84f2-270816d53e84:c2932, a2c18d3d-e79d-47c9-88fe-d8a1d195302b:c2932]
2019-08-23 11:31:38,765 [grpc-default-executor-2] INFO  client.GrpcClientProtocolClient (GrpcClientProtocolClient.java:onNext(255)) - client-C9E345EC67ED->244f13ac-34be-4c4e-8e45-0c0272edbbb2: receive RaftClientReply:client-C9E345EC67ED->244f13ac-34be-4c4e-8e45-0c0272edbbb2@group-FE77C852EF02, cid=2019, SUCCESS, logIndex=2934, commits[244f13ac-34be-4c4e-8e45-0c0272edbbb2:c2934, 6287e41a-5356-4f55-84f2-270816d53e84:c2932, a2c18d3d-e79d-47c9-88fe-d8a1d195302b:c2932]
2019-08-23 11:31:38,776 | INFO  | DNAudit | user=null | ip=null | op=WRITE_CHUNK {blockData=conID: 1 locID: 102666069521662497 bcsId: 2930} | ret=SUCCESS |  
2019-08-23 11:31:38,776 | INFO  | DNAudit | user=null | ip=null | op=WRITE_CHUNK {blockData=conID: 1 locID: 102666069521662497 bcsId: 2930} | ret=SUCCESS |  
2019-08-23 11:31:38,777 | INFO  | DNAudit | user=null | ip=null | op=PUT_BLOCK {blockData=[blockId=conID: 1 locID: 102666069521662497 bcsId: 0,size=4194304]} | ret=SUCCESS |  
2019-08-23 11:31:38,777 | INFO  | DNAudit | user=null | ip=null | op=PUT_BLOCK {blockData=[blockId=conID: 1 locID: 102666069521662497 bcsId: 0,size=4194304]} | ret=SUCCESS |  
2019-08-23 11:31:38,778 [grpc-default-executor-2] INFO  client.GrpcClientProtocolClient (GrpcClientProtocolClient.java:onNext(255)) - client-C9E345EC67ED->244f13ac-34be-4c4e-8e45-0c0272edbbb2: receive RaftClientReply:client-C9E345EC67ED->244f13ac-34be-4c4e-8e45-0c0272edbbb2@group-FE77C852EF02, cid=2020, SUCCESS, logIndex=0, commits[244f13ac-34be-4c4e-8e45-0c0272edbbb2:c2936, 6287e41a-5356-4f55-84f2-270816d53e84:c2934, a2c18d3d-e79d-47c9-88fe-d8a1d195302b:c2934]
2019-08-23 11:31:38,781 | INFO  | SCMAudit | user=jenkins1000 | ip=192.168.5.185 | op=ALLOCATE_BLOCK {owner=00a23185-76ea-47b5-a641-ad3cfbe5521a, size=4194304, type=RATIS, factor=THREE} | ret=SUCCESS |  
2019-08-23 11:31:38,784 | INFO  | OMAudit | user=jenkins1000 | ip=127.0.0.1 | op=ALLOCATE_BLOCK {volume=vol-0-37508, bucket=bucket-0-50919, key=key-0-57313, dataSize=0, replicationType=null, replicationFactor=null, keyLocationInfo=null, clientID=102666068570931602} | ret=SUCCESS |  
2019-08-23 11:31:38,790 | INFO  | DNAudit | user=null | ip=null | op=WRITE_CHUNK {blockData=conID: 2 locID: 102666069526512162 bcsId: 0} | ret=SUCCESS |  
2019-08-23 11:31:38,792 | INFO  | DNAudit | user=null | ip=null | op=WRITE_CHUNK {blockData=conID: 2 locID: 102666069526512162 bcsId: 0} | ret=SUCCESS |  
2019-08-23 11:31:38,792 | INFO  | DNAudit | user=null | ip=null | op=WRITE_CHUNK {blockData=conID: 2 locID: 102666069526512162 bcsId: 0} | ret=SUCCESS |  
2019-08-23 11:31:38,792 | INFO  | DNAudit | user=null | ip=null | op=WRITE_CHUNK {blockData=conID: 2 locID: 102666069526512162 bcsId: 0} | ret=SUCCESS |  
2019-08-23 11:31:38,794 | INFO  | DNAudit | user=null | ip=null | op=WRITE_CHUNK {blockData=conID: 2 locID: 102666069526512162 bcsId: 0} | ret=SUCCESS |  
2019-08-23 11:31:38,794 | INFO  | DNAudit | user=null | ip=null | op=WRITE_CHUNK {blockData=conID: 2 locID: 102666069526512162 bcsId: 0} | ret=SUCCESS |  
2019-08-23 11:31:38,802 | INFO  | DNAudit | user=null | ip=null | op=WRITE_CHUNK {blockData=conID: 2 locID: 102666069526512162 bcsId: 0} | ret=SUCCESS |  
2019-08-23 11:31:38,803 | INFO  | DNAudit | user=null | ip=null | op=PUT_BLOCK {blockData=[blockId=conID: 2 locID: 102666069526512162 bcsId: 0,size=1048576]} | ret=SUCCESS |  
2019-08-23 11:31:38,803 [grpc-default-executor-5] INFO  client.GrpcClientProtocolClient (GrpcClientProtocolClient.java:onNext(255)) - client-C9E345EC67ED->244f13ac-34be-4c4e-8e45-0c0272edbbb2: receive RaftClientReply:client-C9E345EC67ED->244f13ac-34be-4c4e-8e45-0c0272edbbb2@group-FE77C852EF02, cid=2021, SUCCESS, logIndex=2937, commits[244f13ac-34be-4c4e-8e45-0c0272edbbb2:c2938, 6287e41a-5356-4f55-84f2-270816d53e84:c2936, a2c18d3d-e79d-47c9-88fe-d8a1d195302b:c2936]
2019-08-23 11:31:38,803 | INFO  | DNAudit | user=null | ip=null | op=WRITE_CHUNK {blockData=conID: 2 locID: 102666069526512162 bcsId: 0} | ret=SUCCESS |  
2019-08-23 11:31:38,803 [grpc-default-executor-5] INFO  client.GrpcClientProtocolClient (GrpcClientProtocolClient.java:onNext(255)) - client-C9E345EC67ED->244f13ac-34be-4c4e-8e45-0c0272edbbb2: receive RaftClientReply:client-C9E345EC67ED->244f13ac-34be-4c4e-8e45-0c0272edbbb2@group-FE77C852EF02, cid=2022, SUCCESS, logIndex=2938, commits[244f13ac-34be-4c4e-8e45-0c0272edbbb2:c2938, 6287e41a-5356-4f55-84f2-270816d53e84:c2936, a2c18d3d-e79d-47c9-88fe-d8a1d195302b:c2936]
2019-08-23 11:31:38,804 | INFO  | DNAudit | user=null | ip=null | op=PUT_BLOCK {blockData=[blockId=conID: 2 locID: 102666069526512162 bcsId: 0,size=2097152]} | ret=SUCCESS |  
2019-08-23 11:31:38,804 [grpc-default-executor-2] INFO  client.GrpcClientProtocolClient (GrpcClientProtocolClient.java:onNext(255)) - client-C9E345EC67ED->244f13ac-34be-4c4e-8e45-0c0272edbbb2: receive RaftClientReply:client-C9E345EC67ED->244f13ac-34be-4c4e-8e45-0c0272edbbb2@group-FE77C852EF02, cid=2023, SUCCESS, logIndex=2939, commits[244f13ac-34be-4c4e-8e45-0c0272edbbb2:c2939, 6287e41a-5356-4f55-84f2-270816d53e84:c2936, a2c18d3d-e79d-47c9-88fe-d8a1d195302b:c2936]
2019-08-23 11:31:38,804 [grpc-default-executor-2] INFO  client.GrpcClientProtocolClient (GrpcClientProtocolClient.java:onNext(255)) - client-C9E345EC67ED->244f13ac-34be-4c4e-8e45-0c0272edbbb2: receive RaftClientReply:client-C9E345EC67ED->244f13ac-34be-4c4e-8e45-0c0272edbbb2@group-FE77C852EF02, cid=2024, SUCCESS, logIndex=2940, commits[244f13ac-34be-4c4e-8e45-0c0272edbbb2:c2940, 6287e41a-5356-4f55-84f2-270816d53e84:c2936, a2c18d3d-e79d-47c9-88fe-d8a1d195302b:c2936]
2019-08-23 11:31:38,804 | INFO  | DNAudit | user=null | ip=null | op=WRITE_CHUNK {blockData=conID: 2 locID: 102666069526512162 bcsId: 0} | ret=SUCCESS |  
2019-08-23 11:31:38,804 | INFO  | DNAudit | user=null | ip=null | op=WRITE_CHUNK {blockData=conID: 2 locID: 102666069526512162 bcsId: 0} | ret=SUCCESS |  
2019-08-23 11:31:38,804 | INFO  | DNAudit | user=null | ip=null | op=PUT_BLOCK {blockData=[blockId=conID: 2 locID: 102666069526512162 bcsId: 0,size=1048576]} | ret=SUCCESS |  
2019-08-23 11:31:38,805 | INFO  | DNAudit | user=null | ip=null | op=PUT_BLOCK {blockData=[blockId=conID: 2 locID: 102666069526512162 bcsId: 0,size=1048576]} | ret=SUCCESS |  
2019-08-23 11:31:38,805 [grpc-default-executor-4] INFO  client.GrpcClientProtocolClient (GrpcClientProtocolClient.java:onNext(255)) - client-C9E345EC67ED->244f13ac-34be-4c4e-8e45-0c0272edbbb2: receive RaftClientReply:client-C9E345EC67ED->244f13ac-34be-4c4e-8e45-0c0272edbbb2@group-FE77C852EF02, cid=2025, SUCCESS, logIndex=0, commits[244f13ac-34be-4c4e-8e45-0c0272edbbb2:c2942, 6287e41a-5356-4f55-84f2-270816d53e84:c2938, a2c18d3d-e79d-47c9-88fe-d8a1d195302b:c2938]
2019-08-23 11:31:38,806 | INFO  | DNAudit | user=null | ip=null | op=WRITE_CHUNK {blockData=conID: 2 locID: 102666069526512162 bcsId: 0} | ret=SUCCESS |  
2019-08-23 11:31:38,806 | INFO  | DNAudit | user=null | ip=null | op=WRITE_CHUNK {blockData=conID: 2 locID: 102666069526512162 bcsId: 0} | ret=SUCCESS |  
2019-08-23 11:31:38,806 | INFO  | DNAudit | user=null | ip=null | op=PUT_BLOCK {blockData=[blockId=conID: 2 locID: 102666069526512162 bcsId: 0,size=2097152]} | ret=SUCCESS |  
2019-08-23 11:31:38,806 | INFO  | DNAudit | user=null | ip=null | op=PUT_BLOCK {blockData=[blockId=conID: 2 locID: 102666069526512162 bcsId: 0,size=2097152]} | ret=SUCCESS |  
2019-08-23 11:31:38,810 | INFO  | DNAudit | user=null | ip=null | op=WRITE_CHUNK {blockData=conID: 2 locID: 102666069526512162 bcsId: 2940} | ret=SUCCESS |  
2019-08-23 11:31:38,813 | INFO  | DNAudit | user=null | ip=null | op=WRITE_CHUNK {blockData=conID: 2 locID: 102666069526512162 bcsId: 2940} | ret=SUCCESS |  
2019-08-23 11:31:38,813 | INFO  | DNAudit | user=null | ip=null | op=WRITE_CHUNK {blockData=conID: 2 locID: 102666069526512162 bcsId: 2940} | ret=SUCCESS |  
2019-08-23 11:31:38,822 | INFO  | DNAudit | user=null | ip=null | op=WRITE_CHUNK {blockData=conID: 2 locID: 102666069526512162 bcsId: 2940} | ret=SUCCESS |  
2019-08-23 11:31:38,823 | INFO  | DNAudit | user=null | ip=null | op=PUT_BLOCK {blockData=[blockId=conID: 2 locID: 102666069526512162 bcsId: 0,size=3145728]} | ret=SUCCESS |  
2019-08-23 11:31:38,823 [grpc-default-executor-5] INFO  client.GrpcClientProtocolClient (GrpcClientProtocolClient.java:onNext(255)) - client-C9E345EC67ED->244f13ac-34be-4c4e-8e45-0c0272edbbb2: receive RaftClientReply:client-C9E345EC67ED->244f13ac-34be-4c4e-8e45-0c0272edbbb2@group-FE77C852EF02, cid=2026, SUCCESS, logIndex=2945, commits[244f13ac-34be-4c4e-8e45-0c0272edbbb2:c2946, 6287e41a-5356-4f55-84f2-270816d53e84:c2944, a2c18d3d-e79d-47c9-88fe-d8a1d195302b:c2944]
2019-08-23 11:31:38,823 [grpc-default-executor-5] INFO  client.GrpcClientProtocolClient (GrpcClientProtocolClient.java:onNext(255)) - client-C9E345EC67ED->244f13ac-34be-4c4e-8e45-0c0272edbbb2: receive RaftClientReply:client-C9E345EC67ED->244f13ac-34be-4c4e-8e45-0c0272edbbb2@group-FE77C852EF02, cid=2027, SUCCESS, logIndex=2946, commits[244f13ac-34be-4c4e-8e45-0c0272edbbb2:c2946, 6287e41a-5356-4f55-84f2-270816d53e84:c2944, a2c18d3d-e79d-47c9-88fe-d8a1d195302b:c2944]
2019-08-23 11:31:38,828 | INFO  | DNAudit | user=null | ip=null | op=WRITE_CHUNK {blockData=conID: 2 locID: 102666069526512162 bcsId: 2946} | ret=SUCCESS |  
2019-08-23 11:31:38,830 | INFO  | DNAudit | user=null | ip=null | op=WRITE_CHUNK {blockData=conID: 2 locID: 102666069526512162 bcsId: 2946} | ret=SUCCESS |  
2019-08-23 11:31:38,830 | INFO  | DNAudit | user=null | ip=null | op=WRITE_CHUNK {blockData=conID: 2 locID: 102666069526512162 bcsId: 2946} | ret=SUCCESS |  
2019-08-23 11:31:38,834 | INFO  | DNAudit | user=null | ip=null | op=WRITE_CHUNK {blockData=conID: 2 locID: 102666069526512162 bcsId: 2940} | ret=SUCCESS |  
2019-08-23 11:31:38,835 | INFO  | DNAudit | user=null | ip=null | op=WRITE_CHUNK {blockData=conID: 2 locID: 102666069526512162 bcsId: 2940} | ret=SUCCESS |  
2019-08-23 11:31:38,835 | INFO  | DNAudit | user=null | ip=null | op=PUT_BLOCK {blockData=[blockId=conID: 2 locID: 102666069526512162 bcsId: 0,size=3145728]} | ret=SUCCESS |  
2019-08-23 11:31:38,836 | INFO  | DNAudit | user=null | ip=null | op=WRITE_CHUNK {blockData=conID: 2 locID: 102666069526512162 bcsId: 2946} | ret=SUCCESS |  
2019-08-23 11:31:38,836 | INFO  | DNAudit | user=null | ip=null | op=PUT_BLOCK {blockData=[blockId=conID: 2 locID: 102666069526512162 bcsId: 0,size=3145728]} | ret=SUCCESS |  
2019-08-23 11:31:38,836 | INFO  | DNAudit | user=null | ip=null | op=PUT_BLOCK {blockData=[blockId=conID: 2 locID: 102666069526512162 bcsId: 0,size=4194304]} | ret=SUCCESS |  
2019-08-23 11:31:38,837 [grpc-default-executor-2] INFO  client.GrpcClientProtocolClient (GrpcClientProtocolClient.java:onNext(255)) - client-C9E345EC67ED->244f13ac-34be-4c4e-8e45-0c0272edbbb2: receive RaftClientReply:client-C9E345EC67ED->244f13ac-34be-4c4e-8e45-0c0272edbbb2@group-FE77C852EF02, cid=2028, SUCCESS, logIndex=2949, commits[244f13ac-34be-4c4e-8e45-0c0272edbbb2:c2950, 6287e41a-5356-4f55-84f2-270816d53e84:c2946, a2c18d3d-e79d-47c9-88fe-d8a1d195302b:c2945]
2019-08-23 11:31:38,837 [grpc-default-executor-2] INFO  client.GrpcClientProtocolClient (GrpcClientProtocolClient.java:onNext(255)) - client-C9E345EC67ED->244f13ac-34be-4c4e-8e45-0c0272edbbb2: receive RaftClientReply:client-C9E345EC67ED->244f13ac-34be-4c4e-8e45-0c0272edbbb2@group-FE77C852EF02, cid=2029, SUCCESS, logIndex=2950, commits[244f13ac-34be-4c4e-8e45-0c0272edbbb2:c2950, 6287e41a-5356-4f55-84f2-270816d53e84:c2946, a2c18d3d-e79d-47c9-88fe-d8a1d195302b:c2946]
2019-08-23 11:31:38,837 | INFO  | DNAudit | user=null | ip=null | op=WRITE_CHUNK {blockData=conID: 2 locID: 102666069526512162 bcsId: 2946} | ret=SUCCESS |  
2019-08-23 11:31:38,837 | INFO  | DNAudit | user=null | ip=null | op=WRITE_CHUNK {blockData=conID: 2 locID: 102666069526512162 bcsId: 2946} | ret=SUCCESS |  
2019-08-23 11:31:38,839 | INFO  | DNAudit | user=null | ip=null | op=PUT_BLOCK {blockData=[blockId=conID: 2 locID: 102666069526512162 bcsId: 0,size=4194304]} | ret=SUCCESS |  
2019-08-23 11:31:38,839 | INFO  | DNAudit | user=null | ip=null | op=PUT_BLOCK {blockData=[blockId=conID: 2 locID: 102666069526512162 bcsId: 0,size=4194304]} | ret=SUCCESS |  
2019-08-23 11:31:38,839 [grpc-default-executor-5] INFO  client.GrpcClientProtocolClient (GrpcClientProtocolClient.java:onNext(255)) - client-C9E345EC67ED->244f13ac-34be-4c4e-8e45-0c0272edbbb2: receive RaftClientReply:client-C9E345EC67ED->244f13ac-34be-4c4e-8e45-0c0272edbbb2@group-FE77C852EF02, cid=2030, SUCCESS, logIndex=0, commits[244f13ac-34be-4c4e-8e45-0c0272edbbb2:c2952, 6287e41a-5356-4f55-84f2-270816d53e84:c2950, a2c18d3d-e79d-47c9-88fe-d8a1d195302b:c2950]
2019-08-23 11:31:38,843 | INFO  | SCMAudit | user=jenkins1000 | ip=192.168.5.185 | op=ALLOCATE_BLOCK {owner=00a23185-76ea-47b5-a641-ad3cfbe5521a, size=4194304, type=RATIS, factor=THREE} | ret=SUCCESS |  
2019-08-23 11:31:38,845 | INFO  | OMAudit | user=jenkins1000 | ip=127.0.0.1 | op=ALLOCATE_BLOCK {volume=vol-0-37508, bucket=bucket-0-50919, key=key-0-57313, dataSize=0, replicationType=null, replicationFactor=null, keyLocationInfo=null, clientID=102666068570931602} | ret=SUCCESS |  
2019-08-23 11:31:38,850 | INFO  | DNAudit | user=null | ip=null | op=WRITE_CHUNK {blockData=conID: 3 locID: 102666069530575395 bcsId: 0} | ret=SUCCESS |  
2019-08-23 11:31:38,852 | INFO  | DNAudit | user=null | ip=null | op=WRITE_CHUNK {blockData=conID: 3 locID: 102666069530575395 bcsId: 0} | ret=SUCCESS |  
2019-08-23 11:31:38,853 | INFO  | DNAudit | user=null | ip=null | op=WRITE_CHUNK {blockData=conID: 3 locID: 102666069530575395 bcsId: 0} | ret=SUCCESS |  
2019-08-23 11:31:38,853 | INFO  | DNAudit | user=null | ip=null | op=WRITE_CHUNK {blockData=conID: 3 locID: 102666069530575395 bcsId: 0} | ret=SUCCESS |  
2019-08-23 11:31:38,854 | INFO  | DNAudit | user=null | ip=null | op=WRITE_CHUNK {blockData=conID: 3 locID: 102666069530575395 bcsId: 0} | ret=SUCCESS |  
2019-08-23 11:31:38,855 | INFO  | DNAudit | user=null | ip=null | op=WRITE_CHUNK {blockData=conID: 3 locID: 102666069530575395 bcsId: 0} | ret=SUCCESS |  
2019-08-23 11:31:38,863 | INFO  | DNAudit | user=null | ip=null | op=WRITE_CHUNK {blockData=conID: 3 locID: 102666069530575395 bcsId: 0} | ret=SUCCESS |  
2019-08-23 11:31:38,863 | INFO  | DNAudit | user=null | ip=null | op=PUT_BLOCK {blockData=[blockId=conID: 3 locID: 102666069530575395 bcsId: 0,size=1048576]} | ret=SUCCESS |  
2019-08-23 11:31:38,863 [grpc-default-executor-2] INFO  client.GrpcClientProtocolClient (GrpcClientProtocolClient.java:onNext(255)) - client-C9E345EC67ED->244f13ac-34be-4c4e-8e45-0c0272edbbb2: receive RaftClientReply:client-C9E345EC67ED->244f13ac-34be-4c4e-8e45-0c0272edbbb2@group-FE77C852EF02, cid=2031, SUCCESS, logIndex=2953, commits[244f13ac-34be-4c4e-8e45-0c0272edbbb2:c2954, 6287e41a-5356-4f55-84f2-270816d53e84:c2952, a2c18d3d-e79d-47c9-88fe-d8a1d195302b:c2952]
2019-08-23 11:31:38,864 | INFO  | DNAudit | user=null | ip=null | op=WRITE_CHUNK {blockData=conID: 3 locID: 102666069530575395 bcsId: 0} | ret=SUCCESS |  
2019-08-23 11:31:38,864 [grpc-default-executor-2] INFO  client.GrpcClientProtocolClient (GrpcClientProtocolClient.java:onNext(255)) - client-C9E345EC67ED->244f13ac-34be-4c4e-8e45-0c0272edbbb2: receive RaftClientReply:client-C9E345EC67ED->244f13ac-34be-4c4e-8e45-0c0272edbbb2@group-FE77C852EF02, cid=2032, SUCCESS, logIndex=2954, commits[244f13ac-34be-4c4e-8e45-0c0272edbbb2:c2954, 6287e41a-5356-4f55-84f2-270816d53e84:c2952, a2c18d3d-e79d-47c9-88fe-d8a1d195302b:c2952]
2019-08-23 11:31:38,864 | INFO  | DNAudit | user=null | ip=null | op=PUT_BLOCK {blockData=[blockId=conID: 3 locID: 102666069530575395 bcsId: 0,size=2097152]} | ret=SUCCESS |  
2019-08-23 11:31:38,864 [grpc-default-executor-2] INFO  client.GrpcClientProtocolClient (GrpcClientProtocolClient.java:onNext(255)) - client-C9E345EC67ED->244f13ac-34be-4c4e-8e45-0c0272edbbb2: receive RaftClientReply:client-C9E345EC67ED->244f13ac-34be-4c4e-8e45-0c0272edbbb2@group-FE77C852EF02, cid=2033, SUCCESS, logIndex=2955, commits[244f13ac-34be-4c4e-8e45-0c0272edbbb2:c2956, 6287e41a-5356-4f55-84f2-270816d53e84:c2952, a2c18d3d-e79d-47c9-88fe-d8a1d195302b:c2952]
2019-08-23 11:31:38,864 [grpc-default-executor-2] INFO  client.GrpcClientProtocolClient (GrpcClientProtocolClient.java:onNext(255)) - client-C9E345EC67ED->244f13ac-34be-4c4e-8e45-0c0272edbbb2: receive RaftClientReply:client-C9E345EC67ED->244f13ac-34be-4c4e-8e45-0c0272edbbb2@group-FE77C852EF02, cid=2034, SUCCESS, logIndex=2956, commits[244f13ac-34be-4c4e-8e45-0c0272edbbb2:c2956, 6287e41a-5356-4f55-84f2-270816d53e84:c2952, a2c18d3d-e79d-47c9-88fe-d8a1d195302b:c2952]
2019-08-23 11:31:38,865 | INFO  | DNAudit | user=null | ip=null | op=WRITE_CHUNK {blockData=conID: 3 locID: 102666069530575395 bcsId: 0} | ret=SUCCESS |  
2019-08-23 11:31:38,865 | INFO  | DNAudit | user=null | ip=null | op=WRITE_CHUNK {blockData=conID: 3 locID: 102666069530575395 bcsId: 0} | ret=SUCCESS |  
2019-08-23 11:31:38,865 | INFO  | DNAudit | user=null | ip=null | op=PUT_BLOCK {blockData=[blockId=conID: 3 locID: 102666069530575395 bcsId: 0,size=1048576]} | ret=SUCCESS |  
2019-08-23 11:31:38,865 | INFO  | DNAudit | user=null | ip=null | op=PUT_BLOCK {blockData=[blockId=conID: 3 locID: 102666069530575395 bcsId: 0,size=1048576]} | ret=SUCCESS |  
2019-08-23 11:31:38,865 [grpc-default-executor-5] INFO  client.GrpcClientProtocolClient (GrpcClientProtocolClient.java:onNext(255)) - client-C9E345EC67ED->244f13ac-34be-4c4e-8e45-0c0272edbbb2: receive RaftClientReply:client-C9E345EC67ED->244f13ac-34be-4c4e-8e45-0c0272edbbb2@group-FE77C852EF02, cid=2035, SUCCESS, logIndex=0, commits[244f13ac-34be-4c4e-8e45-0c0272edbbb2:c2958, 6287e41a-5356-4f55-84f2-270816d53e84:c2954, a2c18d3d-e79d-47c9-88fe-d8a1d195302b:c2954]
2019-08-23 11:31:38,866 | INFO  | DNAudit | user=null | ip=null | op=WRITE_CHUNK {blockData=conID: 3 locID: 102666069530575395 bcsId: 0} | ret=SUCCESS |  
2019-08-23 11:31:38,866 | INFO  | DNAudit | user=null | ip=null | op=WRITE_CHUNK {blockData=conID: 3 locID: 102666069530575395 bcsId: 0} | ret=SUCCESS |  
2019-08-23 11:31:38,866 | INFO  | DNAudit | user=null | ip=null | op=PUT_BLOCK {blockData=[blockId=conID: 3 locID: 102666069530575395 bcsId: 0,size=2097152]} | ret=SUCCESS |  
2019-08-23 11:31:38,866 | INFO  | DNAudit | user=null | ip=null | op=PUT_BLOCK {blockData=[blockId=conID: 3 locID: 102666069530575395 bcsId: 0,size=2097152]} | ret=SUCCESS |  
2019-08-23 11:31:38,870 | INFO  | DNAudit | user=null | ip=null | op=WRITE_CHUNK {blockData=conID: 3 locID: 102666069530575395 bcsId: 2956} | ret=SUCCESS |  
2019-08-23 11:31:38,872 | INFO  | DNAudit | user=null | ip=null | op=WRITE_CHUNK {blockData=conID: 3 locID: 102666069530575395 bcsId: 2956} | ret=SUCCESS |  
2019-08-23 11:31:38,872 | INFO  | DNAudit | user=null | ip=null | op=WRITE_CHUNK {blockData=conID: 3 locID: 102666069530575395 bcsId: 2956} | ret=SUCCESS |  
2019-08-23 11:31:38,882 | INFO  | DNAudit | user=null | ip=null | op=WRITE_CHUNK {blockData=conID: 3 locID: 102666069530575395 bcsId: 2956} | ret=SUCCESS |  
2019-08-23 11:31:38,883 | INFO  | DNAudit | user=null | ip=null | op=PUT_BLOCK {blockData=[blockId=conID: 3 locID: 102666069530575395 bcsId: 0,size=3145728]} | ret=SUCCESS |  
2019-08-23 11:31:38,883 [grpc-default-executor-5] INFO  client.GrpcClientProtocolClient (GrpcClientProtocolClient.java:onNext(255)) - client-C9E345EC67ED->244f13ac-34be-4c4e-8e45-0c0272edbbb2: receive RaftClientReply:client-C9E345EC67ED->244f13ac-34be-4c4e-8e45-0c0272edbbb2@group-FE77C852EF02, cid=2036, SUCCESS, logIndex=2961, commits[244f13ac-34be-4c4e-8e45-0c0272edbbb2:c2962, 6287e41a-5356-4f55-84f2-270816d53e84:c2960, a2c18d3d-e79d-47c9-88fe-d8a1d195302b:c2960]
2019-08-23 11:31:38,883 [grpc-default-executor-5] INFO  client.GrpcClientProtocolClient (GrpcClientProtocolClient.java:onNext(255)) - client-C9E345EC67ED->244f13ac-34be-4c4e-8e45-0c0272edbbb2: receive RaftClientReply:client-C9E345EC67ED->244f13ac-34be-4c4e-8e45-0c0272edbbb2@group-FE77C852EF02, cid=2037, SUCCESS, logIndex=2962, commits[244f13ac-34be-4c4e-8e45-0c0272edbbb2:c2962, 6287e41a-5356-4f55-84f2-270816d53e84:c2960, a2c18d3d-e79d-47c9-88fe-d8a1d195302b:c2960]
2019-08-23 11:31:38,884 | INFO  | DNAudit | user=null | ip=null | op=WRITE_CHUNK {blockData=conID: 3 locID: 102666069530575395 bcsId: 2956} | ret=SUCCESS |  
2019-08-23 11:31:38,884 | INFO  | DNAudit | user=null | ip=null | op=WRITE_CHUNK {blockData=conID: 3 locID: 102666069530575395 bcsId: 2956} | ret=SUCCESS |  
2019-08-23 11:31:38,884 | INFO  | DNAudit | user=null | ip=null | op=PUT_BLOCK {blockData=[blockId=conID: 3 locID: 102666069530575395 bcsId: 0,size=3145728]} | ret=SUCCESS |  
2019-08-23 11:31:38,884 | INFO  | DNAudit | user=null | ip=null | op=PUT_BLOCK {blockData=[blockId=conID: 3 locID: 102666069530575395 bcsId: 0,size=3145728]} | ret=SUCCESS |  
2019-08-23 11:31:38,889 | INFO  | DNAudit | user=null | ip=null | op=WRITE_CHUNK {blockData=conID: 3 locID: 102666069530575395 bcsId: 2962} | ret=SUCCESS |  
2019-08-23 11:31:38,890 | INFO  | DNAudit | user=null | ip=null | op=WRITE_CHUNK {blockData=conID: 3 locID: 102666069530575395 bcsId: 2962} | ret=SUCCESS |  
2019-08-23 11:31:38,890 | INFO  | DNAudit | user=null | ip=null | op=WRITE_CHUNK {blockData=conID: 3 locID: 102666069530575395 bcsId: 2962} | ret=SUCCESS |  
2019-08-23 11:31:38,917 | INFO  | DNAudit | user=null | ip=null | op=WRITE_CHUNK {blockData=conID: 3 locID: 102666069530575395 bcsId: 2962} | ret=SUCCESS |  
2019-08-23 11:31:38,917 | INFO  | DNAudit | user=null | ip=null | op=PUT_BLOCK {blockData=[blockId=conID: 3 locID: 102666069530575395 bcsId: 0,size=4194304]} | ret=SUCCESS |  
2019-08-23 11:31:38,917 [grpc-default-executor-2] INFO  client.GrpcClientProtocolClient (GrpcClientProtocolClient.java:onNext(255)) - client-C9E345EC67ED->244f13ac-34be-4c4e-8e45-0c0272edbbb2: receive RaftClientReply:client-C9E345EC67ED->244f13ac-34be-4c4e-8e45-0c0272edbbb2@group-FE77C852EF02, cid=2038, SUCCESS, logIndex=2965, commits[244f13ac-34be-4c4e-8e45-0c0272edbbb2:c2966, 6287e41a-5356-4f55-84f2-270816d53e84:c2964, a2c18d3d-e79d-47c9-88fe-d8a1d195302b:c2964]
2019-08-23 11:31:38,918 | INFO  | DNAudit | user=null | ip=null | op=WRITE_CHUNK {blockData=conID: 3 locID: 102666069530575395 bcsId: 2962} | ret=SUCCESS |  
2019-08-23 11:31:38,918 [grpc-default-executor-2] INFO  client.GrpcClientProtocolClient (GrpcClientProtocolClient.java:onNext(255)) - client-C9E345EC67ED->244f13ac-34be-4c4e-8e45-0c0272edbbb2: receive RaftClientReply:client-C9E345EC67ED->244f13ac-34be-4c4e-8e45-0c0272edbbb2@group-FE77C852EF02, cid=2039, SUCCESS, logIndex=2966, commits[244f13ac-34be-4c4e-8e45-0c0272edbbb2:c2966, 6287e41a-5356-4f55-84f2-270816d53e84:c2964, a2c18d3d-e79d-47c9-88fe-d8a1d195302b:c2964]
2019-08-23 11:31:38,918 | INFO  | DNAudit | user=null | ip=null | op=WRITE_CHUNK {blockData=conID: 3 locID: 102666069530575395 bcsId: 2962} | ret=SUCCESS |  
2019-08-23 11:31:38,918 | INFO  | DNAudit | user=null | ip=null | op=PUT_BLOCK {blockData=[blockId=conID: 3 locID: 102666069530575395 bcsId: 0,size=4194304]} | ret=SUCCESS |  
2019-08-23 11:31:38,918 | INFO  | DNAudit | user=null | ip=null | op=PUT_BLOCK {blockData=[blockId=conID: 3 locID: 102666069530575395 bcsId: 0,size=4194304]} | ret=SUCCESS |  
2019-08-23 11:31:38,919 [grpc-default-executor-2] INFO  client.GrpcClientProtocolClient (GrpcClientProtocolClient.java:onNext(255)) - client-C9E345EC67ED->244f13ac-34be-4c4e-8e45-0c0272edbbb2: receive RaftClientReply:client-C9E345EC67ED->244f13ac-34be-4c4e-8e45-0c0272edbbb2@group-FE77C852EF02, cid=2040, SUCCESS, logIndex=0, commits[244f13ac-34be-4c4e-8e45-0c0272edbbb2:c2967, 6287e41a-5356-4f55-84f2-270816d53e84:c2966, a2c18d3d-e79d-47c9-88fe-d8a1d195302b:c2966]
2019-08-23 11:31:38,924 | INFO  | SCMAudit | user=jenkins1000 | ip=192.168.5.185 | op=ALLOCATE_BLOCK {owner=00a23185-76ea-47b5-a641-ad3cfbe5521a, size=4194304, type=RATIS, factor=THREE} | ret=SUCCESS |  
2019-08-23 11:31:38,926 | INFO  | OMAudit | user=jenkins1000 | ip=127.0.0.1 | op=ALLOCATE_BLOCK {volume=vol-0-37508, bucket=bucket-0-50919, key=key-0-57313, dataSize=0, replicationType=null, replicationFactor=null, keyLocationInfo=null, clientID=102666068570931602} | ret=SUCCESS |  
2019-08-23 11:31:38,932 | INFO  | DNAudit | user=null | ip=null | op=WRITE_CHUNK {blockData=conID: 1 locID: 102666069535883812 bcsId: 0} | ret=SUCCESS |  
2019-08-23 11:31:38,933 | INFO  | DNAudit | user=null | ip=null | op=WRITE_CHUNK {blockData=conID: 1 locID: 102666069535883812 bcsId: 0} | ret=SUCCESS |  
2019-08-23 11:31:38,934 | INFO  | DNAudit | user=null | ip=null | op=WRITE_CHUNK {blockData=conID: 1 locID: 102666069535883812 bcsId: 0} | ret=SUCCESS |  
2019-08-23 11:31:38,934 | INFO  | DNAudit | user=null | ip=null | op=WRITE_CHUNK {blockData=conID: 1 locID: 102666069535883812 bcsId: 0} | ret=SUCCESS |  
2019-08-23 11:31:38,935 | INFO  | DNAudit | user=null | ip=null | op=WRITE_CHUNK {blockData=conID: 1 locID: 102666069535883812 bcsId: 0} | ret=SUCCESS |  
2019-08-23 11:31:38,935 | INFO  | DNAudit | user=null | ip=null | op=WRITE_CHUNK {blockData=conID: 1 locID: 102666069535883812 bcsId: 0} | ret=SUCCESS |  
2019-08-23 11:31:38,946 | INFO  | DNAudit | user=null | ip=null | op=WRITE_CHUNK {blockData=conID: 1 locID: 102666069535883812 bcsId: 0} | ret=SUCCESS |  
2019-08-23 11:31:38,946 | INFO  | DNAudit | user=null | ip=null | op=PUT_BLOCK {blockData=[blockId=conID: 1 locID: 102666069535883812 bcsId: 0,size=1048576]} | ret=SUCCESS |  
2019-08-23 11:31:38,946 [grpc-default-executor-4] INFO  client.GrpcClientProtocolClient (GrpcClientProtocolClient.java:onNext(255)) - client-C9E345EC67ED->244f13ac-34be-4c4e-8e45-0c0272edbbb2: receive RaftClientReply:client-C9E345EC67ED->244f13ac-34be-4c4e-8e45-0c0272edbbb2@group-FE77C852EF02, cid=2041, SUCCESS, logIndex=2969, commits[244f13ac-34be-4c4e-8e45-0c0272edbbb2:c2970, 6287e41a-5356-4f55-84f2-270816d53e84:c2968, a2c18d3d-e79d-47c9-88fe-d8a1d195302b:c2968]
2019-08-23 11:31:38,947 | INFO  | DNAudit | user=null | ip=null | op=WRITE_CHUNK {blockData=conID: 1 locID: 102666069535883812 bcsId: 0} | ret=SUCCESS |  
2019-08-23 11:31:38,947 [grpc-default-executor-4] INFO  client.GrpcClientProtocolClient (GrpcClientProtocolClient.java:onNext(255)) - client-C9E345EC67ED->244f13ac-34be-4c4e-8e45-0c0272edbbb2: receive RaftClientReply:client-C9E345EC67ED->244f13ac-34be-4c4e-8e45-0c0272edbbb2@group-FE77C852EF02, cid=2042, SUCCESS, logIndex=2970, commits[244f13ac-34be-4c4e-8e45-0c0272edbbb2:c2972, 6287e41a-5356-4f55-84f2-270816d53e84:c2968, a2c18d3d-e79d-47c9-88fe-d8a1d195302b:c2968]
2019-08-23 11:31:38,947 | INFO  | DNAudit | user=null | ip=null | op=PUT_BLOCK {blockData=[blockId=conID: 1 locID: 102666069535883812 bcsId: 0,size=2097152]} | ret=SUCCESS |  
2019-08-23 11:31:38,947 [grpc-default-executor-4] INFO  client.GrpcClientProtocolClient (GrpcClientProtocolClient.java:onNext(255)) - client-C9E345EC67ED->244f13ac-34be-4c4e-8e45-0c0272edbbb2: receive RaftClientReply:client-C9E345EC67ED->244f13ac-34be-4c4e-8e45-0c0272edbbb2@group-FE77C852EF02, cid=2043, SUCCESS, logIndex=2971, commits[244f13ac-34be-4c4e-8e45-0c0272edbbb2:c2972, 6287e41a-5356-4f55-84f2-270816d53e84:c2968, a2c18d3d-e79d-47c9-88fe-d8a1d195302b:c2968]
2019-08-23 11:31:38,948 [grpc-default-executor-4] INFO  client.GrpcClientProtocolClient (GrpcClientProtocolClient.java:onNext(255)) - client-C9E345EC67ED->244f13ac-34be-4c4e-8e45-0c0272edbbb2: receive RaftClientReply:client-C9E345EC67ED->244f13ac-34be-4c4e-8e45-0c0272edbbb2@group-FE77C852EF02, cid=2044, SUCCESS, logIndex=2972, commits[244f13ac-34be-4c4e-8e45-0c0272edbbb2:c2972, 6287e41a-5356-4f55-84f2-270816d53e84:c2968, a2c18d3d-e79d-47c9-88fe-d8a1d195302b:c2968]
2019-08-23 11:31:38,957 | INFO  | DNAudit | user=null | ip=null | op=WRITE_CHUNK {blockData=conID: 1 locID: 102666069535883812 bcsId: 0} | ret=SUCCESS |  
2019-08-23 11:31:38,957 | INFO  | DNAudit | user=null | ip=null | op=WRITE_CHUNK {blockData=conID: 1 locID: 102666069535883812 bcsId: 0} | ret=SUCCESS |  
2019-08-23 11:31:38,957 | INFO  | DNAudit | user=null | ip=null | op=PUT_BLOCK {blockData=[blockId=conID: 1 locID: 102666069535883812 bcsId: 0,size=1048576]} | ret=SUCCESS |  
2019-08-23 11:31:38,958 | INFO  | DNAudit | user=null | ip=null | op=PUT_BLOCK {blockData=[blockId=conID: 1 locID: 102666069535883812 bcsId: 0,size=1048576]} | ret=SUCCESS |  
2019-08-23 11:31:38,959 | INFO  | DNAudit | user=null | ip=null | op=WRITE_CHUNK {blockData=conID: 1 locID: 102666069535883812 bcsId: 0} | ret=SUCCESS |  
2019-08-23 11:31:38,959 | INFO  | DNAudit | user=null | ip=null | op=WRITE_CHUNK {blockData=conID: 1 locID: 102666069535883812 bcsId: 0} | ret=SUCCESS |  
2019-08-23 11:31:38,959 | INFO  | DNAudit | user=null | ip=null | op=PUT_BLOCK {blockData=[blockId=conID: 1 locID: 102666069535883812 bcsId: 0,size=2097152]} | ret=SUCCESS |  
2019-08-23 11:31:38,959 | INFO  | DNAudit | user=null | ip=null | op=PUT_BLOCK {blockData=[blockId=conID: 1 locID: 102666069535883812 bcsId: 0,size=2097152]} | ret=SUCCESS |  
2019-08-23 11:31:38,959 [grpc-default-executor-5] INFO  client.GrpcClientProtocolClient (GrpcClientProtocolClient.java:onNext(255)) - client-C9E345EC67ED->244f13ac-34be-4c4e-8e45-0c0272edbbb2: receive RaftClientReply:client-C9E345EC67ED->244f13ac-34be-4c4e-8e45-0c0272edbbb2@group-FE77C852EF02, cid=2045, SUCCESS, logIndex=0, commits[244f13ac-34be-4c4e-8e45-0c0272edbbb2:c2974, 6287e41a-5356-4f55-84f2-270816d53e84:c2970, a2c18d3d-e79d-47c9-88fe-d8a1d195302b:c2970]
2019-08-23 11:31:38,964 | INFO  | DNAudit | user=null | ip=null | op=WRITE_CHUNK {blockData=conID: 1 locID: 102666069535883812 bcsId: 2972} | ret=SUCCESS |  
2019-08-23 11:31:38,966 | INFO  | DNAudit | user=null | ip=null | op=WRITE_CHUNK {blockData=conID: 1 locID: 102666069535883812 bcsId: 2972} | ret=SUCCESS |  
2019-08-23 11:31:38,966 | INFO  | DNAudit | user=null | ip=null | op=WRITE_CHUNK {blockData=conID: 1 locID: 102666069535883812 bcsId: 2972} | ret=SUCCESS |  
2019-08-23 11:31:38,976 | INFO  | DNAudit | user=null | ip=null | op=WRITE_CHUNK {blockData=conID: 1 locID: 102666069535883812 bcsId: 2972} | ret=SUCCESS |  
2019-08-23 11:31:38,976 | INFO  | DNAudit | user=null | ip=null | op=PUT_BLOCK {blockData=[blockId=conID: 1 locID: 102666069535883812 bcsId: 0,size=3145728]} | ret=SUCCESS |  
2019-08-23 11:31:38,976 [grpc-default-executor-5] INFO  client.GrpcClientProtocolClient (GrpcClientProtocolClient.java:onNext(255)) - client-C9E345EC67ED->244f13ac-34be-4c4e-8e45-0c0272edbbb2: receive RaftClientReply:client-C9E345EC67ED->244f13ac-34be-4c4e-8e45-0c0272edbbb2@group-FE77C852EF02, cid=2046, SUCCESS, logIndex=2977, commits[244f13ac-34be-4c4e-8e45-0c0272edbbb2:c2978, 6287e41a-5356-4f55-84f2-270816d53e84:c2976, a2c18d3d-e79d-47c9-88fe-d8a1d195302b:c2976]
2019-08-23 11:31:38,977 [grpc-default-executor-5] INFO  client.GrpcClientProtocolClient (GrpcClientProtocolClient.java:onNext(255)) - client-C9E345EC67ED->244f13ac-34be-4c4e-8e45-0c0272edbbb2: receive RaftClientReply:client-C9E345EC67ED->244f13ac-34be-4c4e-8e45-0c0272edbbb2@group-FE77C852EF02, cid=2047, SUCCESS, logIndex=2978, commits[244f13ac-34be-4c4e-8e45-0c0272edbbb2:c2978, 6287e41a-5356-4f55-84f2-270816d53e84:c2976, a2c18d3d-e79d-47c9-88fe-d8a1d195302b:c2976]
2019-08-23 11:31:38,977 | INFO  | DNAudit | user=null | ip=null | op=WRITE_CHUNK {blockData=conID: 1 locID: 102666069535883812 bcsId: 2972} | ret=SUCCESS |  
2019-08-23 11:31:38,977 | INFO  | DNAudit | user=null | ip=null | op=WRITE_CHUNK {blockData=conID: 1 locID: 102666069535883812 bcsId: 2972} | ret=SUCCESS |  
2019-08-23 11:31:38,978 | INFO  | DNAudit | user=null | ip=null | op=PUT_BLOCK {blockData=[blockId=conID: 1 locID: 102666069535883812 bcsId: 0,size=3145728]} | ret=SUCCESS |  
2019-08-23 11:31:38,979 | INFO  | DNAudit | user=null | ip=null | op=PUT_BLOCK {blockData=[blockId=conID: 1 locID: 102666069535883812 bcsId: 0,size=3145728]} | ret=SUCCESS |  
 0.00% |█                                                                                                    |  0/1 Time: 0:00:142019-08-23 11:31:39,085 | INFO  | SCMAudit | user=jenkins1000 | ip=192.168.5.185 | op=SEND_HEARTBEAT {datanodeUUID=6287e41a-5356-4f55-84f2-270816d53e84, command=[]} | ret=SUCCESS |  
2019-08-23 11:31:39,085 | INFO  | SCMAudit | user=jenkins1000 | ip=192.168.5.185 | op=SEND_HEARTBEAT {datanodeUUID=244f13ac-34be-4c4e-8e45-0c0272edbbb2, command=[]} | ret=SUCCESS |  
2019-08-23 11:31:39,085 | INFO  | SCMAudit | user=jenkins1000 | ip=192.168.5.185 | op=SEND_HEARTBEAT {datanodeUUID=0d166765-8492-4439-8677-f737a7bc54ca, command=[]} | ret=SUCCESS |  
2019-08-23 11:31:39,085 | INFO  | SCMAudit | user=jenkins1000 | ip=192.168.5.185 | op=SEND_HEARTBEAT {datanodeUUID=b2c34899-c5c3-4720-9d95-984efeabf4a7, command=[]} | ret=SUCCESS |  
2019-08-23 11:31:39,085 | INFO  | SCMAudit | user=jenkins1000 | ip=192.168.5.185 | op=SEND_HEARTBEAT {datanodeUUID=a2c18d3d-e79d-47c9-88fe-d8a1d195302b, command=[]} | ret=SUCCESS |  
2019-08-23 11:31:39,086 | INFO  | DNAudit | user=null | ip=null | op=WRITE_CHUNK {blockData=conID: 1 locID: 102666069535883812 bcsId: 2978} | ret=SUCCESS |  
2019-08-23 11:31:39,088 | INFO  | DNAudit | user=null | ip=null | op=WRITE_CHUNK {blockData=conID: 1 locID: 102666069535883812 bcsId: 2978} | ret=SUCCESS |  
2019-08-23 11:31:39,089 | INFO  | DNAudit | user=null | ip=null | op=WRITE_CHUNK {blockData=conID: 1 locID: 102666069535883812 bcsId: 2978} | ret=SUCCESS |  
2019-08-23 11:31:39,099 | INFO  | DNAudit | user=null | ip=null | op=WRITE_CHUNK {blockData=conID: 1 locID: 102666069535883812 bcsId: 2978} | ret=SUCCESS |  
2019-08-23 11:31:39,099 | INFO  | DNAudit | user=null | ip=null | op=PUT_BLOCK {blockData=[blockId=conID: 1 locID: 102666069535883812 bcsId: 0,size=4194304]} | ret=SUCCESS |  
2019-08-23 11:31:39,099 [grpc-default-executor-4] INFO  client.GrpcClientProtocolClient (GrpcClientProtocolClient.java:onNext(255)) - client-C9E345EC67ED->244f13ac-34be-4c4e-8e45-0c0272edbbb2: receive RaftClientReply:client-C9E345EC67ED->244f13ac-34be-4c4e-8e45-0c0272edbbb2@group-FE77C852EF02, cid=2048, SUCCESS, logIndex=2981, commits[244f13ac-34be-4c4e-8e45-0c0272edbbb2:c2982, 6287e41a-5356-4f55-84f2-270816d53e84:c2980, a2c18d3d-e79d-47c9-88fe-d8a1d195302b:c2980]
2019-08-23 11:31:39,099 [grpc-default-executor-4] INFO  client.GrpcClientProtocolClient (GrpcClientProtocolClient.java:onNext(255)) - client-C9E345EC67ED->244f13ac-34be-4c4e-8e45-0c0272edbbb2: receive RaftClientReply:client-C9E345EC67ED->244f13ac-34be-4c4e-8e45-0c0272edbbb2@group-FE77C852EF02, cid=2049, SUCCESS, logIndex=2982, commits[244f13ac-34be-4c4e-8e45-0c0272edbbb2:c2982, 6287e41a-5356-4f55-84f2-270816d53e84:c2980, a2c18d3d-e79d-47c9-88fe-d8a1d195302b:c2980]
2019-08-23 11:31:39,110 | INFO  | DNAudit | user=null | ip=null | op=WRITE_CHUNK {blockData=conID: 1 locID: 102666069535883812 bcsId: 2978} | ret=SUCCESS |  
2019-08-23 11:31:39,110 | INFO  | DNAudit | user=null | ip=null | op=WRITE_CHUNK {blockData=conID: 1 locID: 102666069535883812 bcsId: 2978} | ret=SUCCESS |  
2019-08-23 11:31:39,110 | INFO  | DNAudit | user=null | ip=null | op=PUT_BLOCK {blockData=[blockId=conID: 1 locID: 102666069535883812 bcsId: 0,size=4194304]} | ret=SUCCESS |  
2019-08-23 11:31:39,110 | INFO  | DNAudit | user=null | ip=null | op=PUT_BLOCK {blockData=[blockId=conID: 1 locID: 102666069535883812 bcsId: 0,size=4194304]} | ret=SUCCESS |  
2019-08-23 11:31:39,110 [grpc-default-executor-4] INFO  client.GrpcClientProtocolClient (GrpcClientProtocolClient.java:onNext(255)) - client-C9E345EC67ED->244f13ac-34be-4c4e-8e45-0c0272edbbb2: receive RaftClientReply:client-C9E345EC67ED->244f13ac-34be-4c4e-8e45-0c0272edbbb2@group-FE77C852EF02, cid=2050, SUCCESS, logIndex=0, commits[244f13ac-34be-4c4e-8e45-0c0272edbbb2:c2983, 6287e41a-5356-4f55-84f2-270816d53e84:c2982, a2c18d3d-e79d-47c9-88fe-d8a1d195302b:c2982]
2019-08-23 11:31:39,114 | INFO  | SCMAudit | user=jenkins1000 | ip=192.168.5.185 | op=ALLOCATE_BLOCK {owner=00a23185-76ea-47b5-a641-ad3cfbe5521a, size=4194304, type=RATIS, factor=THREE} | ret=SUCCESS |  
2019-08-23 11:31:39,116 | INFO  | OMAudit | user=jenkins1000 | ip=127.0.0.1 | op=ALLOCATE_BLOCK {volume=vol-0-37508, bucket=bucket-0-50919, key=key-0-57313, dataSize=0, replicationType=null, replicationFactor=null, keyLocationInfo=null, clientID=102666068570931602} | ret=SUCCESS |  
2019-08-23 11:31:39,126 | INFO  | DNAudit | user=null | ip=null | op=WRITE_CHUNK {blockData=conID: 2 locID: 102666069548335653 bcsId: 0} | ret=SUCCESS |  
2019-08-23 11:31:39,126 | INFO  | DNAudit | user=null | ip=null | op=WRITE_CHUNK {blockData=conID: 2 locID: 102666069548335653 bcsId: 0} | ret=SUCCESS |  
2019-08-23 11:31:39,126 | INFO  | DNAudit | user=null | ip=null | op=WRITE_CHUNK {blockData=conID: 2 locID: 102666069548335653 bcsId: 0} | ret=SUCCESS |  
2019-08-23 11:31:39,126 | INFO  | DNAudit | user=null | ip=null | op=WRITE_CHUNK {blockData=conID: 2 locID: 102666069548335653 bcsId: 0} | ret=SUCCESS |  
2019-08-23 11:31:39,127 | INFO  | DNAudit | user=null | ip=null | op=WRITE_CHUNK {blockData=conID: 2 locID: 102666069548335653 bcsId: 0} | ret=SUCCESS |  
2019-08-23 11:31:39,127 | INFO  | DNAudit | user=null | ip=null | op=WRITE_CHUNK {blockData=conID: 2 locID: 102666069548335653 bcsId: 0} | ret=SUCCESS |  
2019-08-23 11:31:39,138 | INFO  | DNAudit | user=null | ip=null | op=WRITE_CHUNK {blockData=conID: 2 locID: 102666069548335653 bcsId: 0} | ret=SUCCESS |  
2019-08-23 11:31:39,139 | INFO  | DNAudit | user=null | ip=null | op=PUT_BLOCK {blockData=[blockId=conID: 2 locID: 102666069548335653 bcsId: 0,size=1048576]} | ret=SUCCESS |  
2019-08-23 11:31:39,139 | INFO  | DNAudit | user=null | ip=null | op=WRITE_CHUNK {blockData=conID: 2 locID: 102666069548335653 bcsId: 0} | ret=SUCCESS |  
2019-08-23 11:31:39,139 [grpc-default-executor-5] INFO  client.GrpcClientProtocolClient (GrpcClientProtocolClient.java:onNext(255)) - client-C9E345EC67ED->244f13ac-34be-4c4e-8e45-0c0272edbbb2: receive RaftClientReply:client-C9E345EC67ED->244f13ac-34be-4c4e-8e45-0c0272edbbb2@group-FE77C852EF02, cid=2051, SUCCESS, logIndex=2985, commits[244f13ac-34be-4c4e-8e45-0c0272edbbb2:c2988, 6287e41a-5356-4f55-84f2-270816d53e84:c2984, a2c18d3d-e79d-47c9-88fe-d8a1d195302b:c2984]
2019-08-23 11:31:39,139 | INFO  | DNAudit | user=null | ip=null | op=PUT_BLOCK {blockData=[blockId=conID: 2 locID: 102666069548335653 bcsId: 0,size=2097152]} | ret=SUCCESS |  
2019-08-23 11:31:39,139 [grpc-default-executor-5] INFO  client.GrpcClientProtocolClient (GrpcClientProtocolClient.java:onNext(255)) - client-C9E345EC67ED->244f13ac-34be-4c4e-8e45-0c0272edbbb2: receive RaftClientReply:client-C9E345EC67ED->244f13ac-34be-4c4e-8e45-0c0272edbbb2@group-FE77C852EF02, cid=2052, SUCCESS, logIndex=2986, commits[244f13ac-34be-4c4e-8e45-0c0272edbbb2:c2988, 6287e41a-5356-4f55-84f2-270816d53e84:c2984, a2c18d3d-e79d-47c9-88fe-d8a1d195302b:c2984]
2019-08-23 11:31:39,139 [grpc-default-executor-5] INFO  client.GrpcClientProtocolClient (GrpcClientProtocolClient.java:onNext(255)) - client-C9E345EC67ED->244f13ac-34be-4c4e-8e45-0c0272edbbb2: receive RaftClientReply:client-C9E345EC67ED->244f13ac-34be-4c4e-8e45-0c0272edbbb2@group-FE77C852EF02, cid=2053, SUCCESS, logIndex=2987, commits[244f13ac-34be-4c4e-8e45-0c0272edbbb2:c2988, 6287e41a-5356-4f55-84f2-270816d53e84:c2984, a2c18d3d-e79d-47c9-88fe-d8a1d195302b:c2984]
2019-08-23 11:31:39,140 | INFO  | DNAudit | user=null | ip=null | op=WRITE_CHUNK {blockData=conID: 2 locID: 102666069548335653 bcsId: 0} | ret=SUCCESS |  
2019-08-23 11:31:39,140 | INFO  | DNAudit | user=null | ip=null | op=WRITE_CHUNK {blockData=conID: 2 locID: 102666069548335653 bcsId: 0} | ret=SUCCESS |  
2019-08-23 11:31:39,140 [grpc-default-executor-5] INFO  client.GrpcClientProtocolClient (GrpcClientProtocolClient.java:onNext(255)) - client-C9E345EC67ED->244f13ac-34be-4c4e-8e45-0c0272edbbb2: receive RaftClientReply:client-C9E345EC67ED->244f13ac-34be-4c4e-8e45-0c0272edbbb2@group-FE77C852EF02, cid=2054, SUCCESS, logIndex=2988, commits[244f13ac-34be-4c4e-8e45-0c0272edbbb2:c2988, 6287e41a-5356-4f55-84f2-270816d53e84:c2984, a2c18d3d-e79d-47c9-88fe-d8a1d195302b:c2984]
2019-08-23 11:31:39,140 | INFO  | DNAudit | user=null | ip=null | op=PUT_BLOCK {blockData=[blockId=conID: 2 locID: 102666069548335653 bcsId: 0,size=1048576]} | ret=SUCCESS |  
2019-08-23 11:31:39,140 | INFO  | DNAudit | user=null | ip=null | op=PUT_BLOCK {blockData=[blockId=conID: 2 locID: 102666069548335653 bcsId: 0,size=1048576]} | ret=SUCCESS |  
2019-08-23 11:31:39,140 | INFO  | DNAudit | user=null | ip=null | op=WRITE_CHUNK {blockData=conID: 2 locID: 102666069548335653 bcsId: 0} | ret=SUCCESS |  
2019-08-23 11:31:39,140 | INFO  | DNAudit | user=null | ip=null | op=WRITE_CHUNK {blockData=conID: 2 locID: 102666069548335653 bcsId: 0} | ret=SUCCESS |  
2019-08-23 11:31:39,140 | INFO  | DNAudit | user=null | ip=null | op=PUT_BLOCK {blockData=[blockId=conID: 2 locID: 102666069548335653 bcsId: 0,size=2097152]} | ret=SUCCESS |  
2019-08-23 11:31:39,140 | INFO  | DNAudit | user=null | ip=null | op=PUT_BLOCK {blockData=[blockId=conID: 2 locID: 102666069548335653 bcsId: 0,size=2097152]} | ret=SUCCESS |  
2019-08-23 11:31:39,140 [grpc-default-executor-5] INFO  client.GrpcClientProtocolClient (GrpcClientProtocolClient.java:onNext(255)) - client-C9E345EC67ED->244f13ac-34be-4c4e-8e45-0c0272edbbb2: receive RaftClientReply:client-C9E345EC67ED->244f13ac-34be-4c4e-8e45-0c0272edbbb2@group-FE77C852EF02, cid=2055, SUCCESS, logIndex=0, commits[244f13ac-34be-4c4e-8e45-0c0272edbbb2:c2989, 6287e41a-5356-4f55-84f2-270816d53e84:c2988, a2c18d3d-e79d-47c9-88fe-d8a1d195302b:c2988]
2019-08-23 11:31:39,146 | INFO  | DNAudit | user=null | ip=null | op=WRITE_CHUNK {blockData=conID: 2 locID: 102666069548335653 bcsId: 2988} | ret=SUCCESS |  
2019-08-23 11:31:39,148 | INFO  | DNAudit | user=null | ip=null | op=WRITE_CHUNK {blockData=conID: 2 locID: 102666069548335653 bcsId: 2988} | ret=SUCCESS |  
2019-08-23 11:31:39,148 | INFO  | DNAudit | user=null | ip=null | op=WRITE_CHUNK {blockData=conID: 2 locID: 102666069548335653 bcsId: 2988} | ret=SUCCESS |  
2019-08-23 11:31:39,167 | INFO  | DNAudit | user=null | ip=null | op=WRITE_CHUNK {blockData=conID: 2 locID: 102666069548335653 bcsId: 2988} | ret=SUCCESS |  
2019-08-23 11:31:39,167 | INFO  | DNAudit | user=null | ip=null | op=PUT_BLOCK {blockData=[blockId=conID: 2 locID: 102666069548335653 bcsId: 0,size=3145728]} | ret=SUCCESS |  
2019-08-23 11:31:39,167 [grpc-default-executor-2] INFO  client.GrpcClientProtocolClient (GrpcClientProtocolClient.java:onNext(255)) - client-C9E345EC67ED->244f13ac-34be-4c4e-8e45-0c0272edbbb2: receive RaftClientReply:client-C9E345EC67ED->244f13ac-34be-4c4e-8e45-0c0272edbbb2@group-FE77C852EF02, cid=2056, SUCCESS, logIndex=2991, commits[244f13ac-34be-4c4e-8e45-0c0272edbbb2:c2992, 6287e41a-5356-4f55-84f2-270816d53e84:c2988, a2c18d3d-e79d-47c9-88fe-d8a1d195302b:c2990]
2019-08-23 11:31:39,168 [grpc-default-executor-2] INFO  client.GrpcClientProtocolClient (GrpcClientProtocolClient.java:onNext(255)) - client-C9E345EC67ED->244f13ac-34be-4c4e-8e45-0c0272edbbb2: receive RaftClientReply:client-C9E345EC67ED->244f13ac-34be-4c4e-8e45-0c0272edbbb2@group-FE77C852EF02, cid=2057, SUCCESS, logIndex=2992, commits[244f13ac-34be-4c4e-8e45-0c0272edbbb2:c2992, 6287e41a-5356-4f55-84f2-270816d53e84:c2990, a2c18d3d-e79d-47c9-88fe-d8a1d195302b:c2990]
2019-08-23 11:31:39,168 | INFO  | DNAudit | user=null | ip=null | op=WRITE_CHUNK {blockData=conID: 2 locID: 102666069548335653 bcsId: 2988} | ret=SUCCESS |  
2019-08-23 11:31:39,169 | INFO  | DNAudit | user=null | ip=null | op=PUT_BLOCK {blockData=[blockId=conID: 2 locID: 102666069548335653 bcsId: 0,size=3145728]} | ret=SUCCESS |  
2019-08-23 11:31:39,169 | INFO  | DNAudit | user=null | ip=null | op=WRITE_CHUNK {blockData=conID: 2 locID: 102666069548335653 bcsId: 2988} | ret=SUCCESS |  
2019-08-23 11:31:39,169 | INFO  | DNAudit | user=null | ip=null | op=PUT_BLOCK {blockData=[blockId=conID: 2 locID: 102666069548335653 bcsId: 0,size=3145728]} | ret=SUCCESS |  
2019-08-23 11:31:39,173 | INFO  | DNAudit | user=null | ip=null | op=WRITE_CHUNK {blockData=conID: 2 locID: 102666069548335653 bcsId: 2992} | ret=SUCCESS |  
2019-08-23 11:31:39,175 | INFO  | DNAudit | user=null | ip=null | op=WRITE_CHUNK {blockData=conID: 2 locID: 102666069548335653 bcsId: 2992} | ret=SUCCESS |  
2019-08-23 11:31:39,175 | INFO  | DNAudit | user=null | ip=null | op=WRITE_CHUNK {blockData=conID: 2 locID: 102666069548335653 bcsId: 2992} | ret=SUCCESS |  
2019-08-23 11:31:39,185 | INFO  | DNAudit | user=null | ip=null | op=WRITE_CHUNK {blockData=conID: 2 locID: 102666069548335653 bcsId: 2992} | ret=SUCCESS |  
2019-08-23 11:31:39,186 | INFO  | DNAudit | user=null | ip=null | op=PUT_BLOCK {blockData=[blockId=conID: 2 locID: 102666069548335653 bcsId: 0,size=4194304]} | ret=SUCCESS |  
2019-08-23 11:31:39,186 [grpc-default-executor-4] INFO  client.GrpcClientProtocolClient (GrpcClientProtocolClient.java:onNext(255)) - client-C9E345EC67ED->244f13ac-34be-4c4e-8e45-0c0272edbbb2: receive RaftClientReply:client-C9E345EC67ED->244f13ac-34be-4c4e-8e45-0c0272edbbb2@group-FE77C852EF02, cid=2058, SUCCESS, logIndex=2995, commits[244f13ac-34be-4c4e-8e45-0c0272edbbb2:c2996, 6287e41a-5356-4f55-84f2-270816d53e84:c2994, a2c18d3d-e79d-47c9-88fe-d8a1d195302b:c2994]
2019-08-23 11:31:39,186 [grpc-default-executor-4] INFO  client.GrpcClientProtocolClient (GrpcClientProtocolClient.java:onNext(255)) - client-C9E345EC67ED->244f13ac-34be-4c4e-8e45-0c0272edbbb2: receive RaftClientReply:client-C9E345EC67ED->244f13ac-34be-4c4e-8e45-0c0272edbbb2@group-FE77C852EF02, cid=2059, SUCCESS, logIndex=2996, commits[244f13ac-34be-4c4e-8e45-0c0272edbbb2:c2996, 6287e41a-5356-4f55-84f2-270816d53e84:c2994, a2c18d3d-e79d-47c9-88fe-d8a1d195302b:c2994]
2019-08-23 11:31:39,196 | INFO  | DNAudit | user=null | ip=null | op=WRITE_CHUNK {blockData=conID: 2 locID: 102666069548335653 bcsId: 2992} | ret=SUCCESS |  
2019-08-23 11:31:39,197 | INFO  | DNAudit | user=null | ip=null | op=WRITE_CHUNK {blockData=conID: 2 locID: 102666069548335653 bcsId: 2992} | ret=SUCCESS |  
2019-08-23 11:31:39,197 | INFO  | DNAudit | user=null | ip=null | op=PUT_BLOCK {blockData=[blockId=conID: 2 locID: 102666069548335653 bcsId: 0,size=4194304]} | ret=SUCCESS |  
2019-08-23 11:31:39,197 | INFO  | DNAudit | user=null | ip=null | op=PUT_BLOCK {blockData=[blockId=conID: 2 locID: 102666069548335653 bcsId: 0,size=4194304]} | ret=SUCCESS |  
2019-08-23 11:31:39,197 [grpc-default-executor-4] INFO  client.GrpcClientProtocolClient (GrpcClientProtocolClient.java:onNext(255)) - client-C9E345EC67ED->244f13ac-34be-4c4e-8e45-0c0272edbbb2: receive RaftClientReply:client-C9E345EC67ED->244f13ac-34be-4c4e-8e45-0c0272edbbb2@group-FE77C852EF02, cid=2060, SUCCESS, logIndex=0, commits[244f13ac-34be-4c4e-8e45-0c0272edbbb2:c2997, 6287e41a-5356-4f55-84f2-270816d53e84:c2996, a2c18d3d-e79d-47c9-88fe-d8a1d195302b:c2996]
2019-08-23 11:31:39,201 | INFO  | SCMAudit | user=jenkins1000 | ip=192.168.5.185 | op=ALLOCATE_BLOCK {owner=00a23185-76ea-47b5-a641-ad3cfbe5521a, size=4194304, type=RATIS, factor=THREE} | ret=SUCCESS |  
2019-08-23 11:31:39,203 | INFO  | OMAudit | user=jenkins1000 | ip=127.0.0.1 | op=ALLOCATE_BLOCK {volume=vol-0-37508, bucket=bucket-0-50919, key=key-0-57313, dataSize=0, replicationType=null, replicationFactor=null, keyLocationInfo=null, clientID=102666068570931602} | ret=SUCCESS |  
2019-08-23 11:31:39,208 | INFO  | DNAudit | user=null | ip=null | op=WRITE_CHUNK {blockData=conID: 3 locID: 102666069554037286 bcsId: 0} | ret=SUCCESS |  
2019-08-23 11:31:39,211 | INFO  | DNAudit | user=null | ip=null | op=WRITE_CHUNK {blockData=conID: 3 locID: 102666069554037286 bcsId: 0} | ret=SUCCESS |  
2019-08-23 11:31:39,211 | INFO  | DNAudit | user=null | ip=null | op=WRITE_CHUNK {blockData=conID: 3 locID: 102666069554037286 bcsId: 0} | ret=SUCCESS |  
2019-08-23 11:31:39,213 | INFO  | DNAudit | user=null | ip=null | op=WRITE_CHUNK {blockData=conID: 3 locID: 102666069554037286 bcsId: 0} | ret=SUCCESS |  
2019-08-23 11:31:39,214 | INFO  | DNAudit | user=null | ip=null | op=WRITE_CHUNK {blockData=conID: 3 locID: 102666069554037286 bcsId: 0} | ret=SUCCESS |  
2019-08-23 11:31:39,214 | INFO  | DNAudit | user=null | ip=null | op=WRITE_CHUNK {blockData=conID: 3 locID: 102666069554037286 bcsId: 0} | ret=SUCCESS |  
2019-08-23 11:31:39,222 | INFO  | DNAudit | user=null | ip=null | op=WRITE_CHUNK {blockData=conID: 3 locID: 102666069554037286 bcsId: 0} | ret=SUCCESS |  
2019-08-23 11:31:39,223 | INFO  | DNAudit | user=null | ip=null | op=PUT_BLOCK {blockData=[blockId=conID: 3 locID: 102666069554037286 bcsId: 0,size=1048576]} | ret=SUCCESS |  
2019-08-23 11:31:39,223 [grpc-default-executor-2] INFO  client.GrpcClientProtocolClient (GrpcClientProtocolClient.java:onNext(255)) - client-C9E345EC67ED->244f13ac-34be-4c4e-8e45-0c0272edbbb2: receive RaftClientReply:client-C9E345EC67ED->244f13ac-34be-4c4e-8e45-0c0272edbbb2@group-FE77C852EF02, cid=2061, SUCCESS, logIndex=2999, commits[244f13ac-34be-4c4e-8e45-0c0272edbbb2:c3000, 6287e41a-5356-4f55-84f2-270816d53e84:c2996, a2c18d3d-e79d-47c9-88fe-d8a1d195302b:c2998]
2019-08-23 11:31:39,224 [grpc-default-executor-2] INFO  client.GrpcClientProtocolClient (GrpcClientProtocolClient.java:onNext(255)) - client-C9E345EC67ED->244f13ac-34be-4c4e-8e45-0c0272edbbb2: receive RaftClientReply:client-C9E345EC67ED->244f13ac-34be-4c4e-8e45-0c0272edbbb2@group-FE77C852EF02, cid=2062, SUCCESS, logIndex=3000, commits[244f13ac-34be-4c4e-8e45-0c0272edbbb2:c3000, 6287e41a-5356-4f55-84f2-270816d53e84:c2996, a2c18d3d-e79d-47c9-88fe-d8a1d195302b:c2998]
2019-08-23 11:31:39,225 | INFO  | DNAudit | user=null | ip=null | op=WRITE_CHUNK {blockData=conID: 3 locID: 102666069554037286 bcsId: 0} | ret=SUCCESS |  
2019-08-23 11:31:39,225 | INFO  | DNAudit | user=null | ip=null | op=WRITE_CHUNK {blockData=conID: 3 locID: 102666069554037286 bcsId: 0} | ret=SUCCESS |  
2019-08-23 11:31:39,226 | INFO  | DNAudit | user=null | ip=null | op=PUT_BLOCK {blockData=[blockId=conID: 3 locID: 102666069554037286 bcsId: 0,size=1048576]} | ret=SUCCESS |  
2019-08-23 11:31:39,226 | INFO  | DNAudit | user=null | ip=null | op=PUT_BLOCK {blockData=[blockId=conID: 3 locID: 102666069554037286 bcsId: 0,size=2097152]} | ret=SUCCESS |  
2019-08-23 11:31:39,226 [grpc-default-executor-2] INFO  client.GrpcClientProtocolClient (GrpcClientProtocolClient.java:onNext(255)) - client-C9E345EC67ED->244f13ac-34be-4c4e-8e45-0c0272edbbb2: receive RaftClientReply:client-C9E345EC67ED->244f13ac-34be-4c4e-8e45-0c0272edbbb2@group-FE77C852EF02, cid=2063, SUCCESS, logIndex=3001, commits[244f13ac-34be-4c4e-8e45-0c0272edbbb2:c3002, 6287e41a-5356-4f55-84f2-270816d53e84:c2998, a2c18d3d-e79d-47c9-88fe-d8a1d195302b:c2998]
2019-08-23 11:31:39,226 | INFO  | DNAudit | user=null | ip=null | op=WRITE_CHUNK {blockData=conID: 3 locID: 102666069554037286 bcsId: 0} | ret=SUCCESS |  
2019-08-23 11:31:39,226 [grpc-default-executor-2] INFO  client.GrpcClientProtocolClient (GrpcClientProtocolClient.java:onNext(255)) - client-C9E345EC67ED->244f13ac-34be-4c4e-8e45-0c0272edbbb2: receive RaftClientReply:client-C9E345EC67ED->244f13ac-34be-4c4e-8e45-0c0272edbbb2@group-FE77C852EF02, cid=2064, SUCCESS, logIndex=3002, commits[244f13ac-34be-4c4e-8e45-0c0272edbbb2:c3004, 6287e41a-5356-4f55-84f2-270816d53e84:c3000, a2c18d3d-e79d-47c9-88fe-d8a1d195302b:c2998]
2019-08-23 11:31:39,227 | INFO  | DNAudit | user=null | ip=null | op=PUT_BLOCK {blockData=[blockId=conID: 3 locID: 102666069554037286 bcsId: 0,size=2097152]} | ret=SUCCESS |  
2019-08-23 11:31:39,227 | INFO  | DNAudit | user=null | ip=null | op=WRITE_CHUNK {blockData=conID: 3 locID: 102666069554037286 bcsId: 0} | ret=SUCCESS |  
2019-08-23 11:31:39,227 | INFO  | DNAudit | user=null | ip=null | op=PUT_BLOCK {blockData=[blockId=conID: 3 locID: 102666069554037286 bcsId: 0,size=1048576]} | ret=SUCCESS |  
2019-08-23 11:31:39,228 [grpc-default-executor-2] INFO  client.GrpcClientProtocolClient (GrpcClientProtocolClient.java:onNext(255)) - client-C9E345EC67ED->244f13ac-34be-4c4e-8e45-0c0272edbbb2: receive RaftClientReply:client-C9E345EC67ED->244f13ac-34be-4c4e-8e45-0c0272edbbb2@group-FE77C852EF02, cid=2065, SUCCESS, logIndex=0, commits[244f13ac-34be-4c4e-8e45-0c0272edbbb2:c3006, 6287e41a-5356-4f55-84f2-270816d53e84:c3002, a2c18d3d-e79d-47c9-88fe-d8a1d195302b:c3000]
2019-08-23 11:31:39,234 | INFO  | DNAudit | user=null | ip=null | op=WRITE_CHUNK {blockData=conID: 3 locID: 102666069554037286 bcsId: 3002} | ret=SUCCESS |  
2019-08-23 11:31:39,237 | INFO  | DNAudit | user=null | ip=null | op=WRITE_CHUNK {blockData=conID: 3 locID: 102666069554037286 bcsId: 3002} | ret=SUCCESS |  
2019-08-23 11:31:39,237 | INFO  | DNAudit | user=null | ip=null | op=WRITE_CHUNK {blockData=conID: 3 locID: 102666069554037286 bcsId: 3002} | ret=SUCCESS |  
2019-08-23 11:31:39,238 | INFO  | DNAudit | user=null | ip=null | op=WRITE_CHUNK {blockData=conID: 3 locID: 102666069554037286 bcsId: 0} | ret=SUCCESS |  
2019-08-23 11:31:39,238 | INFO  | DNAudit | user=null | ip=null | op=PUT_BLOCK {blockData=[blockId=conID: 3 locID: 102666069554037286 bcsId: 0,size=2097152]} | ret=SUCCESS |  
2019-08-23 11:31:39,238 | INFO  | DNAudit | user=null | ip=null | op=WRITE_CHUNK {blockData=conID: 3 locID: 102666069554037286 bcsId: 3002} | ret=SUCCESS |  
2019-08-23 11:31:39,239 | INFO  | DNAudit | user=null | ip=null | op=PUT_BLOCK {blockData=[blockId=conID: 3 locID: 102666069554037286 bcsId: 0,size=3145728]} | ret=SUCCESS |  
2019-08-23 11:31:39,239 [grpc-default-executor-4] INFO  client.GrpcClientProtocolClient (GrpcClientProtocolClient.java:onNext(255)) - client-C9E345EC67ED->244f13ac-34be-4c4e-8e45-0c0272edbbb2: receive RaftClientReply:client-C9E345EC67ED->244f13ac-34be-4c4e-8e45-0c0272edbbb2@group-FE77C852EF02, cid=2066, SUCCESS, logIndex=3007, commits[244f13ac-34be-4c4e-8e45-0c0272edbbb2:c3008, 6287e41a-5356-4f55-84f2-270816d53e84:c3006, a2c18d3d-e79d-47c9-88fe-d8a1d195302b:c3002]
2019-08-23 11:31:39,239 [grpc-default-executor-4] INFO  client.GrpcClientProtocolClient (GrpcClientProtocolClient.java:onNext(255)) - client-C9E345EC67ED->244f13ac-34be-4c4e-8e45-0c0272edbbb2: receive RaftClientReply:client-C9E345EC67ED->244f13ac-34be-4c4e-8e45-0c0272edbbb2@group-FE77C852EF02, cid=2067, SUCCESS, logIndex=3008, commits[244f13ac-34be-4c4e-8e45-0c0272edbbb2:c3008, 6287e41a-5356-4f55-84f2-270816d53e84:c3006, a2c18d3d-e79d-47c9-88fe-d8a1d195302b:c3006]
2019-08-23 11:31:39,240 | INFO  | DNAudit | user=null | ip=null | op=WRITE_CHUNK {blockData=conID: 3 locID: 102666069554037286 bcsId: 3002} | ret=SUCCESS |  
2019-08-23 11:31:39,240 | INFO  | DNAudit | user=null | ip=null | op=WRITE_CHUNK {blockData=conID: 3 locID: 102666069554037286 bcsId: 3002} | ret=SUCCESS |  
2019-08-23 11:31:39,240 | INFO  | DNAudit | user=null | ip=null | op=PUT_BLOCK {blockData=[blockId=conID: 3 locID: 102666069554037286 bcsId: 0,size=3145728]} | ret=SUCCESS |  
2019-08-23 11:31:39,240 | INFO  | DNAudit | user=null | ip=null | op=PUT_BLOCK {blockData=[blockId=conID: 3 locID: 102666069554037286 bcsId: 0,size=3145728]} | ret=SUCCESS |  
2019-08-23 11:31:39,246 | INFO  | DNAudit | user=null | ip=null | op=WRITE_CHUNK {blockData=conID: 3 locID: 102666069554037286 bcsId: 3008} | ret=SUCCESS |  
2019-08-23 11:31:39,248 | INFO  | DNAudit | user=null | ip=null | op=WRITE_CHUNK {blockData=conID: 3 locID: 102666069554037286 bcsId: 3008} | ret=SUCCESS |  
2019-08-23 11:31:39,248 | INFO  | DNAudit | user=null | ip=null | op=WRITE_CHUNK {blockData=conID: 3 locID: 102666069554037286 bcsId: 3008} | ret=SUCCESS |  
2019-08-23 11:31:39,258 | INFO  | DNAudit | user=null | ip=null | op=WRITE_CHUNK {blockData=conID: 3 locID: 102666069554037286 bcsId: 3008} | ret=SUCCESS |  
2019-08-23 11:31:39,259 | INFO  | DNAudit | user=null | ip=null | op=PUT_BLOCK {blockData=[blockId=conID: 3 locID: 102666069554037286 bcsId: 0,size=4194304]} | ret=SUCCESS |  
2019-08-23 11:31:39,259 [grpc-default-executor-4] INFO  client.GrpcClientProtocolClient (GrpcClientProtocolClient.java:onNext(255)) - client-C9E345EC67ED->244f13ac-34be-4c4e-8e45-0c0272edbbb2: receive RaftClientReply:client-C9E345EC67ED->244f13ac-34be-4c4e-8e45-0c0272edbbb2@group-FE77C852EF02, cid=2068, SUCCESS, logIndex=3011, commits[244f13ac-34be-4c4e-8e45-0c0272edbbb2:c3012, 6287e41a-5356-4f55-84f2-270816d53e84:c3010, a2c18d3d-e79d-47c9-88fe-d8a1d195302b:c3010]
2019-08-23 11:31:39,259 [grpc-default-executor-4] INFO  client.GrpcClientProtocolClient (GrpcClientProtocolClient.java:onNext(255)) - client-C9E345EC67ED->244f13ac-34be-4c4e-8e45-0c0272edbbb2: receive RaftClientReply:client-C9E345EC67ED->244f13ac-34be-4c4e-8e45-0c0272edbbb2@group-FE77C852EF02, cid=2069, SUCCESS, logIndex=3012, commits[244f13ac-34be-4c4e-8e45-0c0272edbbb2:c3012, 6287e41a-5356-4f55-84f2-270816d53e84:c3010, a2c18d3d-e79d-47c9-88fe-d8a1d195302b:c3010]
2019-08-23 11:31:39,270 | INFO  | DNAudit | user=null | ip=null | op=WRITE_CHUNK {blockData=conID: 3 locID: 102666069554037286 bcsId: 3008} | ret=SUCCESS |  
2019-08-23 11:31:39,270 | INFO  | DNAudit | user=null | ip=null | op=PUT_BLOCK {blockData=[blockId=conID: 3 locID: 102666069554037286 bcsId: 0,size=4194304]} | ret=SUCCESS |  
2019-08-23 11:31:39,270 | INFO  | DNAudit | user=null | ip=null | op=WRITE_CHUNK {blockData=conID: 3 locID: 102666069554037286 bcsId: 3008} | ret=SUCCESS |  
2019-08-23 11:31:39,270 | INFO  | DNAudit | user=null | ip=null | op=PUT_BLOCK {blockData=[blockId=conID: 3 locID: 102666069554037286 bcsId: 0,size=4194304]} | ret=SUCCESS |  
2019-08-23 11:31:39,272 [grpc-default-executor-4] INFO  client.GrpcClientProtocolClient (GrpcClientProtocolClient.java:onNext(255)) - client-C9E345EC67ED->244f13ac-34be-4c4e-8e45-0c0272edbbb2: receive RaftClientReply:client-C9E345EC67ED->244f13ac-34be-4c4e-8e45-0c0272edbbb2@group-FE77C852EF02, cid=2070, SUCCESS, logIndex=0, commits[244f13ac-34be-4c4e-8e45-0c0272edbbb2:c3013, 6287e41a-5356-4f55-84f2-270816d53e84:c3012, a2c18d3d-e79d-47c9-88fe-d8a1d195302b:c3012]
2019-08-23 11:31:39,276 | INFO  | SCMAudit | user=jenkins1000 | ip=192.168.5.185 | op=ALLOCATE_BLOCK {owner=00a23185-76ea-47b5-a641-ad3cfbe5521a, size=4194304, type=RATIS, factor=THREE} | ret=SUCCESS |  
2019-08-23 11:31:39,279 | INFO  | OMAudit | user=jenkins1000 | ip=127.0.0.1 | op=ALLOCATE_BLOCK {volume=vol-0-37508, bucket=bucket-0-50919, key=key-0-57313, dataSize=0, replicationType=null, replicationFactor=null, keyLocationInfo=null, clientID=102666068570931602} | ret=SUCCESS |  
2019-08-23 11:31:39,285 | INFO  | DNAudit | user=null | ip=null | op=WRITE_CHUNK {blockData=conID: 1 locID: 102666069558952487 bcsId: 0} | ret=SUCCESS |  
2019-08-23 11:31:39,288 | INFO  | DNAudit | user=null | ip=null | op=WRITE_CHUNK {blockData=conID: 1 locID: 102666069558952487 bcsId: 0} | ret=SUCCESS |  
2019-08-23 11:31:39,288 | INFO  | DNAudit | user=null | ip=null | op=WRITE_CHUNK {blockData=conID: 1 locID: 102666069558952487 bcsId: 0} | ret=SUCCESS |  
2019-08-23 11:31:39,288 | INFO  | DNAudit | user=null | ip=null | op=WRITE_CHUNK {blockData=conID: 1 locID: 102666069558952487 bcsId: 0} | ret=SUCCESS |  
2019-08-23 11:31:39,290 | INFO  | DNAudit | user=null | ip=null | op=WRITE_CHUNK {blockData=conID: 1 locID: 102666069558952487 bcsId: 0} | ret=SUCCESS |  
2019-08-23 11:31:39,290 | INFO  | DNAudit | user=null | ip=null | op=WRITE_CHUNK {blockData=conID: 1 locID: 102666069558952487 bcsId: 0} | ret=SUCCESS |  
2019-08-23 11:31:39,298 | INFO  | DNAudit | user=null | ip=null | op=WRITE_CHUNK {blockData=conID: 1 locID: 102666069558952487 bcsId: 0} | ret=SUCCESS |  
2019-08-23 11:31:39,299 | INFO  | DNAudit | user=null | ip=null | op=PUT_BLOCK {blockData=[blockId=conID: 1 locID: 102666069558952487 bcsId: 0,size=1048576]} | ret=SUCCESS |  
2019-08-23 11:31:39,299 | INFO  | DNAudit | user=null | ip=null | op=WRITE_CHUNK {blockData=conID: 1 locID: 102666069558952487 bcsId: 0} | ret=SUCCESS |  
2019-08-23 11:31:39,299 [grpc-default-executor-4] INFO  client.GrpcClientProtocolClient (GrpcClientProtocolClient.java:onNext(255)) - client-C9E345EC67ED->244f13ac-34be-4c4e-8e45-0c0272edbbb2: receive RaftClientReply:client-C9E345EC67ED->244f13ac-34be-4c4e-8e45-0c0272edbbb2@group-FE77C852EF02, cid=2071, SUCCESS, logIndex=3015, commits[244f13ac-34be-4c4e-8e45-0c0272edbbb2:c3017, 6287e41a-5356-4f55-84f2-270816d53e84:c3014, a2c18d3d-e79d-47c9-88fe-d8a1d195302b:c3014]
2019-08-23 11:31:39,299 | INFO  | DNAudit | user=null | ip=null | op=PUT_BLOCK {blockData=[blockId=conID: 1 locID: 102666069558952487 bcsId: 0,size=2097152]} | ret=SUCCESS |  
2019-08-23 11:31:39,300 [grpc-default-executor-4] INFO  client.GrpcClientProtocolClient (GrpcClientProtocolClient.java:onNext(255)) - client-C9E345EC67ED->244f13ac-34be-4c4e-8e45-0c0272edbbb2: receive RaftClientReply:client-C9E345EC67ED->244f13ac-34be-4c4e-8e45-0c0272edbbb2@group-FE77C852EF02, cid=2072, SUCCESS, logIndex=3016, commits[244f13ac-34be-4c4e-8e45-0c0272edbbb2:c3018, 6287e41a-5356-4f55-84f2-270816d53e84:c3014, a2c18d3d-e79d-47c9-88fe-d8a1d195302b:c3014]
2019-08-23 11:31:39,300 [grpc-default-executor-4] INFO  client.GrpcClientProtocolClient (GrpcClientProtocolClient.java:onNext(255)) - client-C9E345EC67ED->244f13ac-34be-4c4e-8e45-0c0272edbbb2: receive RaftClientReply:client-C9E345EC67ED->244f13ac-34be-4c4e-8e45-0c0272edbbb2@group-FE77C852EF02, cid=2073, SUCCESS, logIndex=3017, commits[244f13ac-34be-4c4e-8e45-0c0272edbbb2:c3018, 6287e41a-5356-4f55-84f2-270816d53e84:c3014, a2c18d3d-e79d-47c9-88fe-d8a1d195302b:c3014]
2019-08-23 11:31:39,300 [grpc-default-executor-4] INFO  client.GrpcClientProtocolClient (GrpcClientProtocolClient.java:onNext(255)) - client-C9E345EC67ED->244f13ac-34be-4c4e-8e45-0c0272edbbb2: receive RaftClientReply:client-C9E345EC67ED->244f13ac-34be-4c4e-8e45-0c0272edbbb2@group-FE77C852EF02, cid=2074, SUCCESS, logIndex=3018, commits[244f13ac-34be-4c4e-8e45-0c0272edbbb2:c3018, 6287e41a-5356-4f55-84f2-270816d53e84:c3014, a2c18d3d-e79d-47c9-88fe-d8a1d195302b:c3014]
2019-08-23 11:31:39,310 | INFO  | DNAudit | user=null | ip=null | op=WRITE_CHUNK {blockData=conID: 1 locID: 102666069558952487 bcsId: 0} | ret=SUCCESS |  
2019-08-23 11:31:39,310 | INFO  | DNAudit | user=null | ip=null | op=WRITE_CHUNK {blockData=conID: 1 locID: 102666069558952487 bcsId: 0} | ret=SUCCESS |  
2019-08-23 11:31:39,310 | INFO  | DNAudit | user=null | ip=null | op=PUT_BLOCK {blockData=[blockId=conID: 1 locID: 102666069558952487 bcsId: 0,size=1048576]} | ret=SUCCESS |  
2019-08-23 11:31:39,310 | INFO  | DNAudit | user=null | ip=null | op=PUT_BLOCK {blockData=[blockId=conID: 1 locID: 102666069558952487 bcsId: 0,size=1048576]} | ret=SUCCESS |  
2019-08-23 11:31:39,310 [grpc-default-executor-4] INFO  client.GrpcClientProtocolClient (GrpcClientProtocolClient.java:onNext(255)) - client-C9E345EC67ED->244f13ac-34be-4c4e-8e45-0c0272edbbb2: receive RaftClientReply:client-C9E345EC67ED->244f13ac-34be-4c4e-8e45-0c0272edbbb2@group-FE77C852EF02, cid=2075, SUCCESS, logIndex=0, commits[244f13ac-34be-4c4e-8e45-0c0272edbbb2:c3019, 6287e41a-5356-4f55-84f2-270816d53e84:c3016, a2c18d3d-e79d-47c9-88fe-d8a1d195302b:c3016]
2019-08-23 11:31:39,311 | INFO  | DNAudit | user=null | ip=null | op=WRITE_CHUNK {blockData=conID: 1 locID: 102666069558952487 bcsId: 0} | ret=SUCCESS |  
2019-08-23 11:31:39,311 | INFO  | DNAudit | user=null | ip=null | op=WRITE_CHUNK {blockData=conID: 1 locID: 102666069558952487 bcsId: 0} | ret=SUCCESS |  
2019-08-23 11:31:39,311 | INFO  | DNAudit | user=null | ip=null | op=PUT_BLOCK {blockData=[blockId=conID: 1 locID: 102666069558952487 bcsId: 0,size=2097152]} | ret=SUCCESS |  
2019-08-23 11:31:39,311 | INFO  | DNAudit | user=null | ip=null | op=PUT_BLOCK {blockData=[blockId=conID: 1 locID: 102666069558952487 bcsId: 0,size=2097152]} | ret=SUCCESS |  
2019-08-23 11:31:39,317 | INFO  | DNAudit | user=null | ip=null | op=WRITE_CHUNK {blockData=conID: 1 locID: 102666069558952487 bcsId: 3018} | ret=SUCCESS |  
2019-08-23 11:31:39,319 | INFO  | DNAudit | user=null | ip=null | op=WRITE_CHUNK {blockData=conID: 1 locID: 102666069558952487 bcsId: 3018} | ret=SUCCESS |  
2019-08-23 11:31:39,320 | INFO  | DNAudit | user=null | ip=null | op=WRITE_CHUNK {blockData=conID: 1 locID: 102666069558952487 bcsId: 3018} | ret=SUCCESS |  
2019-08-23 11:31:39,330 | INFO  | DNAudit | user=null | ip=null | op=WRITE_CHUNK {blockData=conID: 1 locID: 102666069558952487 bcsId: 3018} | ret=SUCCESS |  
2019-08-23 11:31:39,330 | INFO  | DNAudit | user=null | ip=null | op=PUT_BLOCK {blockData=[blockId=conID: 1 locID: 102666069558952487 bcsId: 0,size=3145728]} | ret=SUCCESS |  
2019-08-23 11:31:39,331 [grpc-default-executor-1] INFO  client.GrpcClientProtocolClient (GrpcClientProtocolClient.java:onNext(255)) - client-C9E345EC67ED->244f13ac-34be-4c4e-8e45-0c0272edbbb2: receive RaftClientReply:client-C9E345EC67ED->244f13ac-34be-4c4e-8e45-0c0272edbbb2@group-FE77C852EF02, cid=2076, SUCCESS, logIndex=3023, commits[244f13ac-34be-4c4e-8e45-0c0272edbbb2:c3024, 6287e41a-5356-4f55-84f2-270816d53e84:c3022, a2c18d3d-e79d-47c9-88fe-d8a1d195302b:c3022]
2019-08-23 11:31:39,331 [grpc-default-executor-1] INFO  client.GrpcClientProtocolClient (GrpcClientProtocolClient.java:onNext(255)) - client-C9E345EC67ED->244f13ac-34be-4c4e-8e45-0c0272edbbb2: receive RaftClientReply:client-C9E345EC67ED->244f13ac-34be-4c4e-8e45-0c0272edbbb2@group-FE77C852EF02, cid=2077, SUCCESS, logIndex=3024, commits[244f13ac-34be-4c4e-8e45-0c0272edbbb2:c3024, 6287e41a-5356-4f55-84f2-270816d53e84:c3022, a2c18d3d-e79d-47c9-88fe-d8a1d195302b:c3022]
2019-08-23 11:31:39,332 | INFO  | DNAudit | user=null | ip=null | op=WRITE_CHUNK {blockData=conID: 1 locID: 102666069558952487 bcsId: 3018} | ret=SUCCESS |  
2019-08-23 11:31:39,332 | INFO  | DNAudit | user=null | ip=null | op=PUT_BLOCK {blockData=[blockId=conID: 1 locID: 102666069558952487 bcsId: 0,size=3145728]} | ret=SUCCESS |  
2019-08-23 11:31:39,333 | INFO  | DNAudit | user=null | ip=null | op=WRITE_CHUNK {blockData=conID: 1 locID: 102666069558952487 bcsId: 3018} | ret=SUCCESS |  
2019-08-23 11:31:39,333 | INFO  | DNAudit | user=null | ip=null | op=PUT_BLOCK {blockData=[blockId=conID: 1 locID: 102666069558952487 bcsId: 0,size=3145728]} | ret=SUCCESS |  
2019-08-23 11:31:39,339 | INFO  | DNAudit | user=null | ip=null | op=WRITE_CHUNK {blockData=conID: 1 locID: 102666069558952487 bcsId: 3024} | ret=SUCCESS |  
2019-08-23 11:31:39,340 | INFO  | DNAudit | user=null | ip=null | op=WRITE_CHUNK {blockData=conID: 1 locID: 102666069558952487 bcsId: 3024} | ret=SUCCESS |  
2019-08-23 11:31:39,341 | INFO  | DNAudit | user=null | ip=null | op=WRITE_CHUNK {blockData=conID: 1 locID: 102666069558952487 bcsId: 3024} | ret=SUCCESS |  
2019-08-23 11:31:39,342 | INFO  | DNAudit | user=null | ip=null | op=WRITE_CHUNK {blockData=conID: 1 locID: 102666069558952487 bcsId: 3024} | ret=SUCCESS |  
2019-08-23 11:31:39,343 | INFO  | DNAudit | user=null | ip=null | op=PUT_BLOCK {blockData=[blockId=conID: 1 locID: 102666069558952487 bcsId: 0,size=4194304]} | ret=SUCCESS |  
2019-08-23 11:31:39,343 [grpc-default-executor-1] INFO  client.GrpcClientProtocolClient (GrpcClientProtocolClient.java:onNext(255)) - client-C9E345EC67ED->244f13ac-34be-4c4e-8e45-0c0272edbbb2: receive RaftClientReply:client-C9E345EC67ED->244f13ac-34be-4c4e-8e45-0c0272edbbb2@group-FE77C852EF02, cid=2078, SUCCESS, logIndex=3027, commits[244f13ac-34be-4c4e-8e45-0c0272edbbb2:c3028, 6287e41a-5356-4f55-84f2-270816d53e84:c3024, a2c18d3d-e79d-47c9-88fe-d8a1d195302b:c3026]
2019-08-23 11:31:39,343 [grpc-default-executor-1] INFO  client.GrpcClientProtocolClient (GrpcClientProtocolClient.java:onNext(255)) - client-C9E345EC67ED->244f13ac-34be-4c4e-8e45-0c0272edbbb2: receive RaftClientReply:client-C9E345EC67ED->244f13ac-34be-4c4e-8e45-0c0272edbbb2@group-FE77C852EF02, cid=2079, SUCCESS, logIndex=3028, commits[244f13ac-34be-4c4e-8e45-0c0272edbbb2:c3028, 6287e41a-5356-4f55-84f2-270816d53e84:c3026, a2c18d3d-e79d-47c9-88fe-d8a1d195302b:c3026]
2019-08-23 11:31:39,344 | INFO  | DNAudit | user=null | ip=null | op=WRITE_CHUNK {blockData=conID: 1 locID: 102666069558952487 bcsId: 3024} | ret=SUCCESS |  
2019-08-23 11:31:39,344 | INFO  | DNAudit | user=null | ip=null | op=WRITE_CHUNK {blockData=conID: 1 locID: 102666069558952487 bcsId: 3024} | ret=SUCCESS |  
2019-08-23 11:31:39,344 | INFO  | DNAudit | user=null | ip=null | op=PUT_BLOCK {blockData=[blockId=conID: 1 locID: 102666069558952487 bcsId: 0,size=4194304]} | ret=SUCCESS |  
2019-08-23 11:31:39,344 | INFO  | DNAudit | user=null | ip=null | op=PUT_BLOCK {blockData=[blockId=conID: 1 locID: 102666069558952487 bcsId: 0,size=4194304]} | ret=SUCCESS |  
2019-08-23 11:31:39,345 [grpc-default-executor-1] INFO  client.GrpcClientProtocolClient (GrpcClientProtocolClient.java:onNext(255)) - client-C9E345EC67ED->244f13ac-34be-4c4e-8e45-0c0272edbbb2: receive RaftClientReply:client-C9E345EC67ED->244f13ac-34be-4c4e-8e45-0c0272edbbb2@group-FE77C852EF02, cid=2080, SUCCESS, logIndex=0, commits[244f13ac-34be-4c4e-8e45-0c0272edbbb2:c3029, 6287e41a-5356-4f55-84f2-270816d53e84:c3028, a2c18d3d-e79d-47c9-88fe-d8a1d195302b:c3028]
2019-08-23 11:31:39,350 | INFO  | SCMAudit | user=jenkins1000 | ip=192.168.5.185 | op=ALLOCATE_BLOCK {owner=00a23185-76ea-47b5-a641-ad3cfbe5521a, size=4194304, type=RATIS, factor=THREE} | ret=SUCCESS |  
2019-08-23 11:31:39,353 | INFO  | OMAudit | user=jenkins1000 | ip=127.0.0.1 | op=ALLOCATE_BLOCK {volume=vol-0-37508, bucket=bucket-0-50919, key=key-0-57313, dataSize=0, replicationType=null, replicationFactor=null, keyLocationInfo=null, clientID=102666068570931602} | ret=SUCCESS |  
2019-08-23 11:31:39,361 | INFO  | DNAudit | user=null | ip=null | op=WRITE_CHUNK {blockData=conID: 2 locID: 102666069563802152 bcsId: 0} | ret=SUCCESS |  
2019-08-23 11:31:39,364 | INFO  | DNAudit | user=null | ip=null | op=WRITE_CHUNK {blockData=conID: 2 locID: 102666069563802152 bcsId: 0} | ret=SUCCESS |  
2019-08-23 11:31:39,364 | INFO  | DNAudit | user=null | ip=null | op=WRITE_CHUNK {blockData=conID: 2 locID: 102666069563802152 bcsId: 0} | ret=SUCCESS |  
2019-08-23 11:31:39,364 | INFO  | DNAudit | user=null | ip=null | op=WRITE_CHUNK {blockData=conID: 2 locID: 102666069563802152 bcsId: 0} | ret=SUCCESS |  
2019-08-23 11:31:39,366 | INFO  | DNAudit | user=null | ip=null | op=WRITE_CHUNK {blockData=conID: 2 locID: 102666069563802152 bcsId: 0} | ret=SUCCESS |  
2019-08-23 11:31:39,366 | INFO  | DNAudit | user=null | ip=null | op=WRITE_CHUNK {blockData=conID: 2 locID: 102666069563802152 bcsId: 0} | ret=SUCCESS |  
2019-08-23 11:31:39,373 | INFO  | DNAudit | user=null | ip=null | op=WRITE_CHUNK {blockData=conID: 2 locID: 102666069563802152 bcsId: 0} | ret=SUCCESS |  
2019-08-23 11:31:39,373 | INFO  | DNAudit | user=null | ip=null | op=PUT_BLOCK {blockData=[blockId=conID: 2 locID: 102666069563802152 bcsId: 0,size=1048576]} | ret=SUCCESS |  
2019-08-23 11:31:39,373 | INFO  | DNAudit | user=null | ip=null | op=WRITE_CHUNK {blockData=conID: 2 locID: 102666069563802152 bcsId: 0} | ret=SUCCESS |  
2019-08-23 11:31:39,373 [grpc-default-executor-1] INFO  client.GrpcClientProtocolClient (GrpcClientProtocolClient.java:onNext(255)) - client-C9E345EC67ED->244f13ac-34be-4c4e-8e45-0c0272edbbb2: receive RaftClientReply:client-C9E345EC67ED->244f13ac-34be-4c4e-8e45-0c0272edbbb2@group-FE77C852EF02, cid=2081, SUCCESS, logIndex=3031, commits[244f13ac-34be-4c4e-8e45-0c0272edbbb2:c3032, 6287e41a-5356-4f55-84f2-270816d53e84:c3030, a2c18d3d-e79d-47c9-88fe-d8a1d195302b:c3030]
2019-08-23 11:31:39,374 | INFO  | DNAudit | user=null | ip=null | op=PUT_BLOCK {blockData=[blockId=conID: 2 locID: 102666069563802152 bcsId: 0,size=2097152]} | ret=SUCCESS |  
2019-08-23 11:31:39,374 [grpc-default-executor-4] INFO  client.GrpcClientProtocolClient (GrpcClientProtocolClient.java:onNext(255)) - client-C9E345EC67ED->244f13ac-34be-4c4e-8e45-0c0272edbbb2: receive RaftClientReply:client-C9E345EC67ED->244f13ac-34be-4c4e-8e45-0c0272edbbb2@group-FE77C852EF02, cid=2082, SUCCESS, logIndex=3032, commits[244f13ac-34be-4c4e-8e45-0c0272edbbb2:c3033, 6287e41a-5356-4f55-84f2-270816d53e84:c3030, a2c18d3d-e79d-47c9-88fe-d8a1d195302b:c3030]
2019-08-23 11:31:39,374 [grpc-default-executor-1] INFO  client.GrpcClientProtocolClient (GrpcClientProtocolClient.java:onNext(255)) - client-C9E345EC67ED->244f13ac-34be-4c4e-8e45-0c0272edbbb2: receive RaftClientReply:client-C9E345EC67ED->244f13ac-34be-4c4e-8e45-0c0272edbbb2@group-FE77C852EF02, cid=2083, SUCCESS, logIndex=3033, commits[244f13ac-34be-4c4e-8e45-0c0272edbbb2:c3033, 6287e41a-5356-4f55-84f2-270816d53e84:c3030, a2c18d3d-e79d-47c9-88fe-d8a1d195302b:c3030]
2019-08-23 11:31:39,375 [grpc-default-executor-1] INFO  client.GrpcClientProtocolClient (GrpcClientProtocolClient.java:onNext(255)) - client-C9E345EC67ED->244f13ac-34be-4c4e-8e45-0c0272edbbb2: receive RaftClientReply:client-C9E345EC67ED->244f13ac-34be-4c4e-8e45-0c0272edbbb2@group-FE77C852EF02, cid=2084, SUCCESS, logIndex=3034, commits[244f13ac-34be-4c4e-8e45-0c0272edbbb2:c3034, 6287e41a-5356-4f55-84f2-270816d53e84:c3030, a2c18d3d-e79d-47c9-88fe-d8a1d195302b:c3030]
2019-08-23 11:31:39,375 | INFO  | DNAudit | user=null | ip=null | op=WRITE_CHUNK {blockData=conID: 2 locID: 102666069563802152 bcsId: 0} | ret=SUCCESS |  
2019-08-23 11:31:39,375 | INFO  | DNAudit | user=null | ip=null | op=PUT_BLOCK {blockData=[blockId=conID: 2 locID: 102666069563802152 bcsId: 0,size=1048576]} | ret=SUCCESS |  
2019-08-23 11:31:39,375 | INFO  | DNAudit | user=null | ip=null | op=WRITE_CHUNK {blockData=conID: 2 locID: 102666069563802152 bcsId: 0} | ret=SUCCESS |  
2019-08-23 11:31:39,376 | INFO  | DNAudit | user=null | ip=null | op=PUT_BLOCK {blockData=[blockId=conID: 2 locID: 102666069563802152 bcsId: 0,size=1048576]} | ret=SUCCESS |  
2019-08-23 11:31:39,376 [grpc-default-executor-1] INFO  client.GrpcClientProtocolClient (GrpcClientProtocolClient.java:onNext(255)) - client-C9E345EC67ED->244f13ac-34be-4c4e-8e45-0c0272edbbb2: receive RaftClientReply:client-C9E345EC67ED->244f13ac-34be-4c4e-8e45-0c0272edbbb2@group-FE77C852EF02, cid=2085, SUCCESS, logIndex=0, commits[244f13ac-34be-4c4e-8e45-0c0272edbbb2:c3036, 6287e41a-5356-4f55-84f2-270816d53e84:c3032, a2c18d3d-e79d-47c9-88fe-d8a1d195302b:c3032]
2019-08-23 11:31:39,376 | INFO  | DNAudit | user=null | ip=null | op=WRITE_CHUNK {blockData=conID: 2 locID: 102666069563802152 bcsId: 0} | ret=SUCCESS |  
2019-08-23 11:31:39,376 | INFO  | DNAudit | user=null | ip=null | op=PUT_BLOCK {blockData=[blockId=conID: 2 locID: 102666069563802152 bcsId: 0,size=2097152]} | ret=SUCCESS |  
2019-08-23 11:31:39,377 | INFO  | DNAudit | user=null | ip=null | op=WRITE_CHUNK {blockData=conID: 2 locID: 102666069563802152 bcsId: 0} | ret=SUCCESS |  
2019-08-23 11:31:39,377 | INFO  | DNAudit | user=null | ip=null | op=PUT_BLOCK {blockData=[blockId=conID: 2 locID: 102666069563802152 bcsId: 0,size=2097152]} | ret=SUCCESS |  
2019-08-23 11:31:39,384 | INFO  | DNAudit | user=null | ip=null | op=WRITE_CHUNK {blockData=conID: 2 locID: 102666069563802152 bcsId: 3034} | ret=SUCCESS |  
2019-08-23 11:31:39,386 | INFO  | DNAudit | user=null | ip=null | op=WRITE_CHUNK {blockData=conID: 2 locID: 102666069563802152 bcsId: 3034} | ret=SUCCESS |  
2019-08-23 11:31:39,386 | INFO  | DNAudit | user=null | ip=null | op=WRITE_CHUNK {blockData=conID: 2 locID: 102666069563802152 bcsId: 3034} | ret=SUCCESS |  
2019-08-23 11:31:39,395 | INFO  | DNAudit | user=null | ip=null | op=WRITE_CHUNK {blockData=conID: 2 locID: 102666069563802152 bcsId: 3034} | ret=SUCCESS |  
2019-08-23 11:31:39,395 | INFO  | DNAudit | user=null | ip=null | op=PUT_BLOCK {blockData=[blockId=conID: 2 locID: 102666069563802152 bcsId: 0,size=3145728]} | ret=SUCCESS |  
2019-08-23 11:31:39,396 [grpc-default-executor-4] INFO  client.GrpcClientProtocolClient (GrpcClientProtocolClient.java:onNext(255)) - client-C9E345EC67ED->244f13ac-34be-4c4e-8e45-0c0272edbbb2: receive RaftClientReply:client-C9E345EC67ED->244f13ac-34be-4c4e-8e45-0c0272edbbb2@group-FE77C852EF02, cid=2086, SUCCESS, logIndex=3039, commits[244f13ac-34be-4c4e-8e45-0c0272edbbb2:c3040, 6287e41a-5356-4f55-84f2-270816d53e84:c3038, a2c18d3d-e79d-47c9-88fe-d8a1d195302b:c3038]
2019-08-23 11:31:39,396 [grpc-default-executor-4] INFO  client.GrpcClientProtocolClient (GrpcClientProtocolClient.java:onNext(255)) - client-C9E345EC67ED->244f13ac-34be-4c4e-8e45-0c0272edbbb2: receive RaftClientReply:client-C9E345EC67ED->244f13ac-34be-4c4e-8e45-0c0272edbbb2@group-FE77C852EF02, cid=2087, SUCCESS, logIndex=3040, commits[244f13ac-34be-4c4e-8e45-0c0272edbbb2:c3040, 6287e41a-5356-4f55-84f2-270816d53e84:c3038, a2c18d3d-e79d-47c9-88fe-d8a1d195302b:c3038]
2019-08-23 11:31:39,403 | INFO  | DNAudit | user=null | ip=null | op=WRITE_CHUNK {blockData=conID: 2 locID: 102666069563802152 bcsId: 3040} | ret=SUCCESS |  
2019-08-23 11:31:39,405 | INFO  | DNAudit | user=null | ip=null | op=WRITE_CHUNK {blockData=conID: 2 locID: 102666069563802152 bcsId: 3040} | ret=SUCCESS |  
2019-08-23 11:31:39,405 | INFO  | DNAudit | user=null | ip=null | op=WRITE_CHUNK {blockData=conID: 2 locID: 102666069563802152 bcsId: 3040} | ret=SUCCESS |  
2019-08-23 11:31:39,415 | INFO  | DNAudit | user=null | ip=null | op=WRITE_CHUNK {blockData=conID: 2 locID: 102666069563802152 bcsId: 3034} | ret=SUCCESS |  
2019-08-23 11:31:39,415 | INFO  | DNAudit | user=null | ip=null | op=WRITE_CHUNK {blockData=conID: 2 locID: 102666069563802152 bcsId: 3034} | ret=SUCCESS |  
2019-08-23 11:31:39,416 | INFO  | DNAudit | user=null | ip=null | op=PUT_BLOCK {blockData=[blockId=conID: 2 locID: 102666069563802152 bcsId: 0,size=3145728]} | ret=SUCCESS |  
2019-08-23 11:31:39,416 | INFO  | DNAudit | user=null | ip=null | op=PUT_BLOCK {blockData=[blockId=conID: 2 locID: 102666069563802152 bcsId: 0,size=3145728]} | ret=SUCCESS |  
2019-08-23 11:31:39,417 | INFO  | DNAudit | user=null | ip=null | op=WRITE_CHUNK {blockData=conID: 2 locID: 102666069563802152 bcsId: 3040} | ret=SUCCESS |  
2019-08-23 11:31:39,417 | INFO  | DNAudit | user=null | ip=null | op=PUT_BLOCK {blockData=[blockId=conID: 2 locID: 102666069563802152 bcsId: 0,size=4194304]} | ret=SUCCESS |  
2019-08-23 11:31:39,418 [grpc-default-executor-1] INFO  client.GrpcClientProtocolClient (GrpcClientProtocolClient.java:onNext(255)) - client-C9E345EC67ED->244f13ac-34be-4c4e-8e45-0c0272edbbb2: receive RaftClientReply:client-C9E345EC67ED->244f13ac-34be-4c4e-8e45-0c0272edbbb2@group-FE77C852EF02, cid=2088, SUCCESS, logIndex=3043, commits[244f13ac-34be-4c4e-8e45-0c0272edbbb2:c3044, 6287e41a-5356-4f55-84f2-270816d53e84:c3040, a2c18d3d-e79d-47c9-88fe-d8a1d195302b:c3040]
2019-08-23 11:31:39,418 [grpc-default-executor-1] INFO  client.GrpcClientProtocolClient (GrpcClientProtocolClient.java:onNext(255)) - client-C9E345EC67ED->244f13ac-34be-4c4e-8e45-0c0272edbbb2: receive RaftClientReply:client-C9E345EC67ED->244f13ac-34be-4c4e-8e45-0c0272edbbb2@group-FE77C852EF02, cid=2089, SUCCESS, logIndex=3044, commits[244f13ac-34be-4c4e-8e45-0c0272edbbb2:c3044, 6287e41a-5356-4f55-84f2-270816d53e84:c3040, a2c18d3d-e79d-47c9-88fe-d8a1d195302b:c3040]
2019-08-23 11:31:39,425 | INFO  | DNAudit | user=null | ip=null | op=WRITE_CHUNK {blockData=conID: 2 locID: 102666069563802152 bcsId: 3040} | ret=SUCCESS |  
2019-08-23 11:31:39,426 | INFO  | DNAudit | user=null | ip=null | op=WRITE_CHUNK {blockData=conID: 2 locID: 102666069563802152 bcsId: 3040} | ret=SUCCESS |  
2019-08-23 11:31:39,426 | INFO  | DNAudit | user=null | ip=null | op=PUT_BLOCK {blockData=[blockId=conID: 2 locID: 102666069563802152 bcsId: 0,size=4194304]} | ret=SUCCESS |  
2019-08-23 11:31:39,427 | INFO  | DNAudit | user=null | ip=null | op=PUT_BLOCK {blockData=[blockId=conID: 2 locID: 102666069563802152 bcsId: 0,size=4194304]} | ret=SUCCESS |  
2019-08-23 11:31:39,427 [grpc-default-executor-1] INFO  client.GrpcClientProtocolClient (GrpcClientProtocolClient.java:onNext(255)) - client-C9E345EC67ED->244f13ac-34be-4c4e-8e45-0c0272edbbb2: receive RaftClientReply:client-C9E345EC67ED->244f13ac-34be-4c4e-8e45-0c0272edbbb2@group-FE77C852EF02, cid=2090, SUCCESS, logIndex=0, commits[244f13ac-34be-4c4e-8e45-0c0272edbbb2:c3046, 6287e41a-5356-4f55-84f2-270816d53e84:c3044, a2c18d3d-e79d-47c9-88fe-d8a1d195302b:c3044]
2019-08-23 11:31:39,433 | INFO  | SCMAudit | user=jenkins1000 | ip=192.168.5.185 | op=ALLOCATE_BLOCK {owner=00a23185-76ea-47b5-a641-ad3cfbe5521a, size=4194304, type=RATIS, factor=THREE} | ret=SUCCESS |  
2019-08-23 11:31:39,435 | INFO  | OMAudit | user=jenkins1000 | ip=127.0.0.1 | op=ALLOCATE_BLOCK {volume=vol-0-37508, bucket=bucket-0-50919, key=key-0-57313, dataSize=0, replicationType=null, replicationFactor=null, keyLocationInfo=null, clientID=102666068570931602} | ret=SUCCESS |  
2019-08-23 11:31:39,442 | INFO  | DNAudit | user=null | ip=null | op=WRITE_CHUNK {blockData=conID: 3 locID: 102666069569176105 bcsId: 0} | ret=SUCCESS |  
2019-08-23 11:31:39,444 | INFO  | DNAudit | user=null | ip=null | op=WRITE_CHUNK {blockData=conID: 3 locID: 102666069569176105 bcsId: 0} | ret=SUCCESS |  
2019-08-23 11:31:39,444 | INFO  | DNAudit | user=null | ip=null | op=WRITE_CHUNK {blockData=conID: 3 locID: 102666069569176105 bcsId: 0} | ret=SUCCESS |  
2019-08-23 11:31:39,444 | INFO  | DNAudit | user=null | ip=null | op=WRITE_CHUNK {blockData=conID: 3 locID: 102666069569176105 bcsId: 0} | ret=SUCCESS |  
2019-08-23 11:31:39,446 | INFO  | DNAudit | user=null | ip=null | op=WRITE_CHUNK {blockData=conID: 3 locID: 102666069569176105 bcsId: 0} | ret=SUCCESS |  
2019-08-23 11:31:39,446 | INFO  | DNAudit | user=null | ip=null | op=WRITE_CHUNK {blockData=conID: 3 locID: 102666069569176105 bcsId: 0} | ret=SUCCESS |  
2019-08-23 11:31:39,455 | INFO  | DNAudit | user=null | ip=null | op=WRITE_CHUNK {blockData=conID: 3 locID: 102666069569176105 bcsId: 0} | ret=SUCCESS |  
2019-08-23 11:31:39,455 | INFO  | DNAudit | user=null | ip=null | op=PUT_BLOCK {blockData=[blockId=conID: 3 locID: 102666069569176105 bcsId: 0,size=1048576]} | ret=SUCCESS |  
2019-08-23 11:31:39,456 | INFO  | DNAudit | user=null | ip=null | op=WRITE_CHUNK {blockData=conID: 3 locID: 102666069569176105 bcsId: 0} | ret=SUCCESS |  
2019-08-23 11:31:39,456 [grpc-default-executor-2] INFO  client.GrpcClientProtocolClient (GrpcClientProtocolClient.java:onNext(255)) - client-C9E345EC67ED->244f13ac-34be-4c4e-8e45-0c0272edbbb2: receive RaftClientReply:client-C9E345EC67ED->244f13ac-34be-4c4e-8e45-0c0272edbbb2@group-FE77C852EF02, cid=2091, SUCCESS, logIndex=3047, commits[244f13ac-34be-4c4e-8e45-0c0272edbbb2:c3048, 6287e41a-5356-4f55-84f2-270816d53e84:c3046, a2c18d3d-e79d-47c9-88fe-d8a1d195302b:c3046]
2019-08-23 11:31:39,456 | INFO  | DNAudit | user=null | ip=null | op=PUT_BLOCK {blockData=[blockId=conID: 3 locID: 102666069569176105 bcsId: 0,size=2097152]} | ret=SUCCESS |  
2019-08-23 11:31:39,456 [grpc-default-executor-2] INFO  client.GrpcClientProtocolClient (GrpcClientProtocolClient.java:onNext(255)) - client-C9E345EC67ED->244f13ac-34be-4c4e-8e45-0c0272edbbb2: receive RaftClientReply:client-C9E345EC67ED->244f13ac-34be-4c4e-8e45-0c0272edbbb2@group-FE77C852EF02, cid=2092, SUCCESS, logIndex=3048, commits[244f13ac-34be-4c4e-8e45-0c0272edbbb2:c3048, 6287e41a-5356-4f55-84f2-270816d53e84:c3046, a2c18d3d-e79d-47c9-88fe-d8a1d195302b:c3046]
2019-08-23 11:31:39,457 | INFO  | DNAudit | user=null | ip=null | op=WRITE_CHUNK {blockData=conID: 3 locID: 102666069569176105 bcsId: 0} | ret=SUCCESS |  
2019-08-23 11:31:39,457 | INFO  | DNAudit | user=null | ip=null | op=PUT_BLOCK {blockData=[blockId=conID: 3 locID: 102666069569176105 bcsId: 0,size=1048576]} | ret=SUCCESS |  
2019-08-23 11:31:39,457 [grpc-default-executor-1] INFO  client.GrpcClientProtocolClient (GrpcClientProtocolClient.java:onNext(255)) - client-C9E345EC67ED->244f13ac-34be-4c4e-8e45-0c0272edbbb2: receive RaftClientReply:client-C9E345EC67ED->244f13ac-34be-4c4e-8e45-0c0272edbbb2@group-FE77C852EF02, cid=2093, SUCCESS, logIndex=3049, commits[244f13ac-34be-4c4e-8e45-0c0272edbbb2:c3050, 6287e41a-5356-4f55-84f2-270816d53e84:c3046, a2c18d3d-e79d-47c9-88fe-d8a1d195302b:c3046]
2019-08-23 11:31:39,457 | INFO  | DNAudit | user=null | ip=null | op=WRITE_CHUNK {blockData=conID: 3 locID: 102666069569176105 bcsId: 0} | ret=SUCCESS |  
2019-08-23 11:31:39,457 [grpc-default-executor-2] INFO  client.GrpcClientProtocolClient (GrpcClientProtocolClient.java:onNext(255)) - client-C9E345EC67ED->244f13ac-34be-4c4e-8e45-0c0272edbbb2: receive RaftClientReply:client-C9E345EC67ED->244f13ac-34be-4c4e-8e45-0c0272edbbb2@group-FE77C852EF02, cid=2094, SUCCESS, logIndex=3050, commits[244f13ac-34be-4c4e-8e45-0c0272edbbb2:c3050, 6287e41a-5356-4f55-84f2-270816d53e84:c3046, a2c18d3d-e79d-47c9-88fe-d8a1d195302b:c3046]
2019-08-23 11:31:39,457 | INFO  | DNAudit | user=null | ip=null | op=PUT_BLOCK {blockData=[blockId=conID: 3 locID: 102666069569176105 bcsId: 0,size=1048576]} | ret=SUCCESS |  
2019-08-23 11:31:39,458 | INFO  | DNAudit | user=null | ip=null | op=WRITE_CHUNK {blockData=conID: 3 locID: 102666069569176105 bcsId: 0} | ret=SUCCESS |  
2019-08-23 11:31:39,458 | INFO  | DNAudit | user=null | ip=null | op=PUT_BLOCK {blockData=[blockId=conID: 3 locID: 102666069569176105 bcsId: 0,size=2097152]} | ret=SUCCESS |  
2019-08-23 11:31:39,458 [grpc-default-executor-2] INFO  client.GrpcClientProtocolClient (GrpcClientProtocolClient.java:onNext(255)) - client-C9E345EC67ED->244f13ac-34be-4c4e-8e45-0c0272edbbb2: receive RaftClientReply:client-C9E345EC67ED->244f13ac-34be-4c4e-8e45-0c0272edbbb2@group-FE77C852EF02, cid=2095, SUCCESS, logIndex=0, commits[244f13ac-34be-4c4e-8e45-0c0272edbbb2:c3052, 6287e41a-5356-4f55-84f2-270816d53e84:c3048, a2c18d3d-e79d-47c9-88fe-d8a1d195302b:c3048]
2019-08-23 11:31:39,458 | INFO  | DNAudit | user=null | ip=null | op=WRITE_CHUNK {blockData=conID: 3 locID: 102666069569176105 bcsId: 0} | ret=SUCCESS |  
2019-08-23 11:31:39,459 | INFO  | DNAudit | user=null | ip=null | op=PUT_BLOCK {blockData=[blockId=conID: 3 locID: 102666069569176105 bcsId: 0,size=2097152]} | ret=SUCCESS |  
2019-08-23 11:31:39,465 | INFO  | DNAudit | user=null | ip=null | op=WRITE_CHUNK {blockData=conID: 3 locID: 102666069569176105 bcsId: 3050} | ret=SUCCESS |  
2019-08-23 11:31:39,467 | INFO  | DNAudit | user=null | ip=null | op=WRITE_CHUNK {blockData=conID: 3 locID: 102666069569176105 bcsId: 3050} | ret=SUCCESS |  
2019-08-23 11:31:39,467 | INFO  | DNAudit | user=null | ip=null | op=WRITE_CHUNK {blockData=conID: 3 locID: 102666069569176105 bcsId: 3050} | ret=SUCCESS |  
2019-08-23 11:31:39,477 | INFO  | DNAudit | user=null | ip=null | op=WRITE_CHUNK {blockData=conID: 3 locID: 102666069569176105 bcsId: 3050} | ret=SUCCESS |  
2019-08-23 11:31:39,477 | INFO  | DNAudit | user=null | ip=null | op=PUT_BLOCK {blockData=[blockId=conID: 3 locID: 102666069569176105 bcsId: 0,size=3145728]} | ret=SUCCESS |  
2019-08-23 11:31:39,478 [grpc-default-executor-4] INFO  client.GrpcClientProtocolClient (GrpcClientProtocolClient.java:onNext(255)) - client-C9E345EC67ED->244f13ac-34be-4c4e-8e45-0c0272edbbb2: receive RaftClientReply:client-C9E345EC67ED->244f13ac-34be-4c4e-8e45-0c0272edbbb2@group-FE77C852EF02, cid=2096, SUCCESS, logIndex=3054, commits[244f13ac-34be-4c4e-8e45-0c0272edbbb2:c3055, 6287e41a-5356-4f55-84f2-270816d53e84:c3053, a2c18d3d-e79d-47c9-88fe-d8a1d195302b:c3053]
2019-08-23 11:31:39,478 [grpc-default-executor-4] INFO  client.GrpcClientProtocolClient (GrpcClientProtocolClient.java:onNext(255)) - client-C9E345EC67ED->244f13ac-34be-4c4e-8e45-0c0272edbbb2: receive RaftClientReply:client-C9E345EC67ED->244f13ac-34be-4c4e-8e45-0c0272edbbb2@group-FE77C852EF02, cid=2097, SUCCESS, logIndex=3055, commits[244f13ac-34be-4c4e-8e45-0c0272edbbb2:c3055, 6287e41a-5356-4f55-84f2-270816d53e84:c3053, a2c18d3d-e79d-47c9-88fe-d8a1d195302b:c3053]
2019-08-23 11:31:39,484 | INFO  | DNAudit | user=null | ip=null | op=WRITE_CHUNK {blockData=conID: 3 locID: 102666069569176105 bcsId: 3055} | ret=SUCCESS |  
2019-08-23 11:31:39,487 | INFO  | DNAudit | user=null | ip=null | op=WRITE_CHUNK {blockData=conID: 3 locID: 102666069569176105 bcsId: 3055} | ret=SUCCESS |  
2019-08-23 11:31:39,487 | INFO  | DNAudit | user=null | ip=null | op=WRITE_CHUNK {blockData=conID: 3 locID: 102666069569176105 bcsId: 3055} | ret=SUCCESS |  
2019-08-23 11:31:39,488 | INFO  | DNAudit | user=null | ip=null | op=WRITE_CHUNK {blockData=conID: 3 locID: 102666069569176105 bcsId: 3050} | ret=SUCCESS |  
2019-08-23 11:31:39,489 | INFO  | DNAudit | user=null | ip=null | op=WRITE_CHUNK {blockData=conID: 3 locID: 102666069569176105 bcsId: 3050} | ret=SUCCESS |  
2019-08-23 11:31:39,489 | INFO  | DNAudit | user=null | ip=null | op=PUT_BLOCK {blockData=[blockId=conID: 3 locID: 102666069569176105 bcsId: 0,size=3145728]} | ret=SUCCESS |  
2019-08-23 11:31:39,489 | INFO  | DNAudit | user=null | ip=null | op=PUT_BLOCK {blockData=[blockId=conID: 3 locID: 102666069569176105 bcsId: 0,size=3145728]} | ret=SUCCESS |  
2019-08-23 11:31:39,490 | INFO  | DNAudit | user=null | ip=null | op=WRITE_CHUNK {blockData=conID: 3 locID: 102666069569176105 bcsId: 3055} | ret=SUCCESS |  
2019-08-23 11:31:39,491 | INFO  | DNAudit | user=null | ip=null | op=PUT_BLOCK {blockData=[blockId=conID: 3 locID: 102666069569176105 bcsId: 0,size=4194304]} | ret=SUCCESS |  
2019-08-23 11:31:39,491 [grpc-default-executor-2] INFO  client.GrpcClientProtocolClient (GrpcClientProtocolClient.java:onNext(255)) - client-C9E345EC67ED->244f13ac-34be-4c4e-8e45-0c0272edbbb2: receive RaftClientReply:client-C9E345EC67ED->244f13ac-34be-4c4e-8e45-0c0272edbbb2@group-FE77C852EF02, cid=2098, SUCCESS, logIndex=3058, commits[244f13ac-34be-4c4e-8e45-0c0272edbbb2:c3058, 6287e41a-5356-4f55-84f2-270816d53e84:c3055, a2c18d3d-e79d-47c9-88fe-d8a1d195302b:c3055]
2019-08-23 11:31:39,491 [grpc-default-executor-2] INFO  client.GrpcClientProtocolClient (GrpcClientProtocolClient.java:onNext(255)) - client-C9E345EC67ED->244f13ac-34be-4c4e-8e45-0c0272edbbb2: receive RaftClientReply:client-C9E345EC67ED->244f13ac-34be-4c4e-8e45-0c0272edbbb2@group-FE77C852EF02, cid=2099, SUCCESS, logIndex=3059, commits[244f13ac-34be-4c4e-8e45-0c0272edbbb2:c3059, 6287e41a-5356-4f55-84f2-270816d53e84:c3055, a2c18d3d-e79d-47c9-88fe-d8a1d195302b:c3055]
2019-08-23 11:31:39,501 | INFO  | DNAudit | user=null | ip=null | op=WRITE_CHUNK {blockData=conID: 3 locID: 102666069569176105 bcsId: 3055} | ret=SUCCESS |  
2019-08-23 11:31:39,502 | INFO  | DNAudit | user=null | ip=null | op=WRITE_CHUNK {blockData=conID: 3 locID: 102666069569176105 bcsId: 3055} | ret=SUCCESS |  
2019-08-23 11:31:39,503 | INFO  | DNAudit | user=null | ip=null | op=PUT_BLOCK {blockData=[blockId=conID: 3 locID: 102666069569176105 bcsId: 0,size=4194304]} | ret=SUCCESS |  
2019-08-23 11:31:39,503 | INFO  | DNAudit | user=null | ip=null | op=PUT_BLOCK {blockData=[blockId=conID: 3 locID: 102666069569176105 bcsId: 0,size=4194304]} | ret=SUCCESS |  
2019-08-23 11:31:39,504 [grpc-default-executor-2] INFO  client.GrpcClientProtocolClient (GrpcClientProtocolClient.java:onNext(255)) - client-C9E345EC67ED->244f13ac-34be-4c4e-8e45-0c0272edbbb2: receive RaftClientReply:client-C9E345EC67ED->244f13ac-34be-4c4e-8e45-0c0272edbbb2@group-FE77C852EF02, cid=2100, SUCCESS, logIndex=0, commits[244f13ac-34be-4c4e-8e45-0c0272edbbb2:c3061, 6287e41a-5356-4f55-84f2-270816d53e84:c3059, a2c18d3d-e79d-47c9-88fe-d8a1d195302b:c3059]
2019-08-23 11:31:39,509 | INFO  | SCMAudit | user=jenkins1000 | ip=192.168.5.185 | op=ALLOCATE_BLOCK {owner=00a23185-76ea-47b5-a641-ad3cfbe5521a, size=4194304, type=RATIS, factor=THREE} | ret=SUCCESS |  
2019-08-23 11:31:39,512 | INFO  | OMAudit | user=jenkins1000 | ip=127.0.0.1 | op=ALLOCATE_BLOCK {volume=vol-0-37508, bucket=bucket-0-50919, key=key-0-57313, dataSize=0, replicationType=null, replicationFactor=null, keyLocationInfo=null, clientID=102666068570931602} | ret=SUCCESS |  
2019-08-23 11:31:39,518 | INFO  | DNAudit | user=null | ip=null | op=WRITE_CHUNK {blockData=conID: 1 locID: 102666069574222378 bcsId: 0} | ret=SUCCESS |  
2019-08-23 11:31:39,520 | INFO  | DNAudit | user=null | ip=null | op=WRITE_CHUNK {blockData=conID: 1 locID: 102666069574222378 bcsId: 0} | ret=SUCCESS |  
2019-08-23 11:31:39,521 | INFO  | DNAudit | user=null | ip=null | op=WRITE_CHUNK {blockData=conID: 1 locID: 102666069574222378 bcsId: 0} | ret=SUCCESS |  
2019-08-23 11:31:39,521 | INFO  | DNAudit | user=null | ip=null | op=WRITE_CHUNK {blockData=conID: 1 locID: 102666069574222378 bcsId: 0} | ret=SUCCESS |  
2019-08-23 11:31:39,523 | INFO  | DNAudit | user=null | ip=null | op=WRITE_CHUNK {blockData=conID: 1 locID: 102666069574222378 bcsId: 0} | ret=SUCCESS |  
2019-08-23 11:31:39,523 | INFO  | DNAudit | user=null | ip=null | op=WRITE_CHUNK {blockData=conID: 1 locID: 102666069574222378 bcsId: 0} | ret=SUCCESS |  
2019-08-23 11:31:39,531 | INFO  | DNAudit | user=null | ip=null | op=WRITE_CHUNK {blockData=conID: 1 locID: 102666069574222378 bcsId: 0} | ret=SUCCESS |  
2019-08-23 11:31:39,531 | INFO  | DNAudit | user=null | ip=null | op=PUT_BLOCK {blockData=[blockId=conID: 1 locID: 102666069574222378 bcsId: 0,size=1048576]} | ret=SUCCESS |  
2019-08-23 11:31:39,532 | INFO  | DNAudit | user=null | ip=null | op=WRITE_CHUNK {blockData=conID: 1 locID: 102666069574222378 bcsId: 0} | ret=SUCCESS |  
2019-08-23 11:31:39,532 | INFO  | DNAudit | user=null | ip=null | op=PUT_BLOCK {blockData=[blockId=conID: 1 locID: 102666069574222378 bcsId: 0,size=2097152]} | ret=SUCCESS |  
2019-08-23 11:31:39,532 | INFO  | DNAudit | user=null | ip=null | op=WRITE_CHUNK {blockData=conID: 1 locID: 102666069574222378 bcsId: 0} | ret=SUCCESS |  
2019-08-23 11:31:39,533 | INFO  | DNAudit | user=null | ip=null | op=PUT_BLOCK {blockData=[blockId=conID: 1 locID: 102666069574222378 bcsId: 0,size=1048576]} | ret=SUCCESS |  
2019-08-23 11:31:39,533 | INFO  | DNAudit | user=null | ip=null | op=WRITE_CHUNK {blockData=conID: 1 locID: 102666069574222378 bcsId: 0} | ret=SUCCESS |  
2019-08-23 11:31:39,533 | INFO  | DNAudit | user=null | ip=null | op=PUT_BLOCK {blockData=[blockId=conID: 1 locID: 102666069574222378 bcsId: 0,size=1048576]} | ret=SUCCESS |  
2019-08-23 11:31:39,533 | INFO  | DNAudit | user=null | ip=null | op=WRITE_CHUNK {blockData=conID: 1 locID: 102666069574222378 bcsId: 0} | ret=SUCCESS |  
2019-08-23 11:31:39,533 | INFO  | DNAudit | user=null | ip=null | op=WRITE_CHUNK {blockData=conID: 1 locID: 102666069574222378 bcsId: 0} | ret=SUCCESS |  
2019-08-23 11:31:39,534 [grpc-default-executor-4] INFO  client.GrpcClientProtocolClient (GrpcClientProtocolClient.java:onNext(255)) - client-C9E345EC67ED->244f13ac-34be-4c4e-8e45-0c0272edbbb2: receive RaftClientReply:client-C9E345EC67ED->244f13ac-34be-4c4e-8e45-0c0272edbbb2@group-FE77C852EF02, cid=2101, SUCCESS, logIndex=3062, commits[244f13ac-34be-4c4e-8e45-0c0272edbbb2:c3064, 6287e41a-5356-4f55-84f2-270816d53e84:c3061, a2c18d3d-e79d-47c9-88fe-d8a1d195302b:c3059]
2019-08-23 11:31:39,534 | INFO  | DNAudit | user=null | ip=null | op=PUT_BLOCK {blockData=[blockId=conID: 1 locID: 102666069574222378 bcsId: 0,size=2097152]} | ret=SUCCESS |  
2019-08-23 11:31:39,535 | INFO  | DNAudit | user=null | ip=null | op=PUT_BLOCK {blockData=[blockId=conID: 1 locID: 102666069574222378 bcsId: 0,size=2097152]} | ret=SUCCESS |  
2019-08-23 11:31:39,535 [grpc-default-executor-1] INFO  client.GrpcClientProtocolClient (GrpcClientProtocolClient.java:onNext(255)) - client-C9E345EC67ED->244f13ac-34be-4c4e-8e45-0c0272edbbb2: receive RaftClientReply:client-C9E345EC67ED->244f13ac-34be-4c4e-8e45-0c0272edbbb2@group-FE77C852EF02, cid=2102, SUCCESS, logIndex=3063, commits[244f13ac-34be-4c4e-8e45-0c0272edbbb2:c3064, 6287e41a-5356-4f55-84f2-270816d53e84:c3061, a2c18d3d-e79d-47c9-88fe-d8a1d195302b:c3061]
2019-08-23 11:31:39,535 [grpc-default-executor-1] INFO  client.GrpcClientProtocolClient (GrpcClientProtocolClient.java:onNext(255)) - client-C9E345EC67ED->244f13ac-34be-4c4e-8e45-0c0272edbbb2: receive RaftClientReply:client-C9E345EC67ED->244f13ac-34be-4c4e-8e45-0c0272edbbb2@group-FE77C852EF02, cid=2103, SUCCESS, logIndex=3064, commits[244f13ac-34be-4c4e-8e45-0c0272edbbb2:c3065, 6287e41a-5356-4f55-84f2-270816d53e84:c3061, a2c18d3d-e79d-47c9-88fe-d8a1d195302b:c3061]
2019-08-23 11:31:39,535 [grpc-default-executor-1] INFO  client.GrpcClientProtocolClient (GrpcClientProtocolClient.java:onNext(255)) - client-C9E345EC67ED->244f13ac-34be-4c4e-8e45-0c0272edbbb2: receive RaftClientReply:client-C9E345EC67ED->244f13ac-34be-4c4e-8e45-0c0272edbbb2@group-FE77C852EF02, cid=2104, SUCCESS, logIndex=3065, commits[244f13ac-34be-4c4e-8e45-0c0272edbbb2:c3065, 6287e41a-5356-4f55-84f2-270816d53e84:c3061, a2c18d3d-e79d-47c9-88fe-d8a1d195302b:c3061]
2019-08-23 11:31:39,536 [grpc-default-executor-1] INFO  client.GrpcClientProtocolClient (GrpcClientProtocolClient.java:onNext(255)) - client-C9E345EC67ED->244f13ac-34be-4c4e-8e45-0c0272edbbb2: receive RaftClientReply:client-C9E345EC67ED->244f13ac-34be-4c4e-8e45-0c0272edbbb2@group-FE77C852EF02, cid=2105, SUCCESS, logIndex=0, commits[244f13ac-34be-4c4e-8e45-0c0272edbbb2:c3069, 6287e41a-5356-4f55-84f2-270816d53e84:c3065, a2c18d3d-e79d-47c9-88fe-d8a1d195302b:c3065]
2019-08-23 11:31:39,542 | INFO  | DNAudit | user=null | ip=null | op=WRITE_CHUNK {blockData=conID: 1 locID: 102666069574222378 bcsId: 3065} | ret=SUCCESS |  
2019-08-23 11:31:39,545 | INFO  | DNAudit | user=null | ip=null | op=WRITE_CHUNK {blockData=conID: 1 locID: 102666069574222378 bcsId: 3065} | ret=SUCCESS |  
2019-08-23 11:31:39,545 | INFO  | DNAudit | user=null | ip=null | op=WRITE_CHUNK {blockData=conID: 1 locID: 102666069574222378 bcsId: 3065} | ret=SUCCESS |  
2019-08-23 11:31:39,554 | INFO  | DNAudit | user=null | ip=null | op=WRITE_CHUNK {blockData=conID: 1 locID: 102666069574222378 bcsId: 3065} | ret=SUCCESS |  
2019-08-23 11:31:39,554 | INFO  | DNAudit | user=null | ip=null | op=PUT_BLOCK {blockData=[blockId=conID: 1 locID: 102666069574222378 bcsId: 0,size=3145728]} | ret=SUCCESS |  
2019-08-23 11:31:39,554 [grpc-default-executor-2] INFO  client.GrpcClientProtocolClient (GrpcClientProtocolClient.java:onNext(255)) - client-C9E345EC67ED->244f13ac-34be-4c4e-8e45-0c0272edbbb2: receive RaftClientReply:client-C9E345EC67ED->244f13ac-34be-4c4e-8e45-0c0272edbbb2@group-FE77C852EF02, cid=2106, SUCCESS, logIndex=3070, commits[244f13ac-34be-4c4e-8e45-0c0272edbbb2:c3071, 6287e41a-5356-4f55-84f2-270816d53e84:c3069, a2c18d3d-e79d-47c9-88fe-d8a1d195302b:c3069]
2019-08-23 11:31:39,555 [grpc-default-executor-2] INFO  client.GrpcClientProtocolClient (GrpcClientProtocolClient.java:onNext(255)) - client-C9E345EC67ED->244f13ac-34be-4c4e-8e45-0c0272edbbb2: receive RaftClientReply:client-C9E345EC67ED->244f13ac-34be-4c4e-8e45-0c0272edbbb2@group-FE77C852EF02, cid=2107, SUCCESS, logIndex=3071, commits[244f13ac-34be-4c4e-8e45-0c0272edbbb2:c3071, 6287e41a-5356-4f55-84f2-270816d53e84:c3069, a2c18d3d-e79d-47c9-88fe-d8a1d195302b:c3069]
2019-08-23 11:31:39,555 | INFO  | DNAudit | user=null | ip=null | op=WRITE_CHUNK {blockData=conID: 1 locID: 102666069574222378 bcsId: 3065} | ret=SUCCESS |  
2019-08-23 11:31:39,556 | INFO  | DNAudit | user=null | ip=null | op=WRITE_CHUNK {blockData=conID: 1 locID: 102666069574222378 bcsId: 3065} | ret=SUCCESS |  
2019-08-23 11:31:39,556 | INFO  | DNAudit | user=null | ip=null | op=PUT_BLOCK {blockData=[blockId=conID: 1 locID: 102666069574222378 bcsId: 0,size=3145728]} | ret=SUCCESS |  
2019-08-23 11:31:39,557 | INFO  | DNAudit | user=null | ip=null | op=PUT_BLOCK {blockData=[blockId=conID: 1 locID: 102666069574222378 bcsId: 0,size=3145728]} | ret=SUCCESS |  
2019-08-23 11:31:39,561 | INFO  | DNAudit | user=null | ip=null | op=WRITE_CHUNK {blockData=conID: 1 locID: 102666069574222378 bcsId: 3071} | ret=SUCCESS |  
2019-08-23 11:31:39,563 | INFO  | DNAudit | user=null | ip=null | op=WRITE_CHUNK {blockData=conID: 1 locID: 102666069574222378 bcsId: 3071} | ret=SUCCESS |  
2019-08-23 11:31:39,564 | INFO  | DNAudit | user=null | ip=null | op=WRITE_CHUNK {blockData=conID: 1 locID: 102666069574222378 bcsId: 3071} | ret=SUCCESS |  
2019-08-23 11:31:39,574 | INFO  | DNAudit | user=null | ip=null | op=WRITE_CHUNK {blockData=conID: 1 locID: 102666069574222378 bcsId: 3071} | ret=SUCCESS |  
2019-08-23 11:31:39,574 | INFO  | DNAudit | user=null | ip=null | op=PUT_BLOCK {blockData=[blockId=conID: 1 locID: 102666069574222378 bcsId: 0,size=4194304]} | ret=SUCCESS |  
2019-08-23 11:31:39,575 [grpc-default-executor-1] INFO  client.GrpcClientProtocolClient (GrpcClientProtocolClient.java:onNext(255)) - client-C9E345EC67ED->244f13ac-34be-4c4e-8e45-0c0272edbbb2: receive RaftClientReply:client-C9E345EC67ED->244f13ac-34be-4c4e-8e45-0c0272edbbb2@group-FE77C852EF02, cid=2108, SUCCESS, logIndex=3074, commits[244f13ac-34be-4c4e-8e45-0c0272edbbb2:c3075, 6287e41a-5356-4f55-84f2-270816d53e84:c3073, a2c18d3d-e79d-47c9-88fe-d8a1d195302b:c3073]
2019-08-23 11:31:39,575 [grpc-default-executor-1] INFO  client.GrpcClientProtocolClient (GrpcClientProtocolClient.java:onNext(255)) - client-C9E345EC67ED->244f13ac-34be-4c4e-8e45-0c0272edbbb2: receive RaftClientReply:client-C9E345EC67ED->244f13ac-34be-4c4e-8e45-0c0272edbbb2@group-FE77C852EF02, cid=2109, SUCCESS, logIndex=3075, commits[244f13ac-34be-4c4e-8e45-0c0272edbbb2:c3075, 6287e41a-5356-4f55-84f2-270816d53e84:c3073, a2c18d3d-e79d-47c9-88fe-d8a1d195302b:c3073]
2019-08-23 11:31:39,585 | INFO  | DNAudit | user=null | ip=null | op=WRITE_CHUNK {blockData=conID: 1 locID: 102666069574222378 bcsId: 3071} | ret=SUCCESS |  
2019-08-23 11:31:39,585 | INFO  | DNAudit | user=null | ip=null | op=WRITE_CHUNK {blockData=conID: 1 locID: 102666069574222378 bcsId: 3071} | ret=SUCCESS |  
2019-08-23 11:31:39,585 | INFO  | DNAudit | user=null | ip=null | op=PUT_BLOCK {blockData=[blockId=conID: 1 locID: 102666069574222378 bcsId: 0,size=4194304]} | ret=SUCCESS |  
2019-08-23 11:31:39,585 | INFO  | DNAudit | user=null | ip=null | op=PUT_BLOCK {blockData=[blockId=conID: 1 locID: 102666069574222378 bcsId: 0,size=4194304]} | ret=SUCCESS |  
2019-08-23 11:31:39,586 [grpc-default-executor-1] INFO  client.GrpcClientProtocolClient (GrpcClientProtocolClient.java:onNext(255)) - client-C9E345EC67ED->244f13ac-34be-4c4e-8e45-0c0272edbbb2: receive RaftClientReply:client-C9E345EC67ED->244f13ac-34be-4c4e-8e45-0c0272edbbb2@group-FE77C852EF02, cid=2110, SUCCESS, logIndex=0, commits[244f13ac-34be-4c4e-8e45-0c0272edbbb2:c3076, 6287e41a-5356-4f55-84f2-270816d53e84:c3075, a2c18d3d-e79d-47c9-88fe-d8a1d195302b:c3075]
2019-08-23 11:31:39,592 | INFO  | SCMAudit | user=jenkins1000 | ip=192.168.5.185 | op=ALLOCATE_BLOCK {owner=00a23185-76ea-47b5-a641-ad3cfbe5521a, size=4194304, type=RATIS, factor=THREE} | ret=SUCCESS |  
2019-08-23 11:31:39,595 | INFO  | OMAudit | user=jenkins1000 | ip=127.0.0.1 | op=ALLOCATE_BLOCK {volume=vol-0-37508, bucket=bucket-0-50919, key=key-0-57313, dataSize=0, replicationType=null, replicationFactor=null, keyLocationInfo=null, clientID=102666068570931602} | ret=SUCCESS |  
2019-08-23 11:31:39,602 | INFO  | DNAudit | user=null | ip=null | op=WRITE_CHUNK {blockData=conID: 2 locID: 102666069579661867 bcsId: 0} | ret=SUCCESS |  
2019-08-23 11:31:39,604 | INFO  | DNAudit | user=null | ip=null | op=WRITE_CHUNK {blockData=conID: 2 locID: 102666069579661867 bcsId: 0} | ret=SUCCESS |  
2019-08-23 11:31:39,605 | INFO  | DNAudit | user=null | ip=null | op=WRITE_CHUNK {blockData=conID: 2 locID: 102666069579661867 bcsId: 0} | ret=SUCCESS |  
2019-08-23 11:31:39,607 | INFO  | DNAudit | user=null | ip=null | op=WRITE_CHUNK {blockData=conID: 2 locID: 102666069579661867 bcsId: 0} | ret=SUCCESS |  
2019-08-23 11:31:39,608 | INFO  | DNAudit | user=null | ip=null | op=WRITE_CHUNK {blockData=conID: 2 locID: 102666069579661867 bcsId: 0} | ret=SUCCESS |  
2019-08-23 11:31:39,609 | INFO  | DNAudit | user=null | ip=null | op=WRITE_CHUNK {blockData=conID: 2 locID: 102666069579661867 bcsId: 0} | ret=SUCCESS |  
2019-08-23 11:31:39,615 | INFO  | DNAudit | user=null | ip=null | op=WRITE_CHUNK {blockData=conID: 2 locID: 102666069579661867 bcsId: 0} | ret=SUCCESS |  
2019-08-23 11:31:39,615 | INFO  | DNAudit | user=null | ip=null | op=PUT_BLOCK {blockData=[blockId=conID: 2 locID: 102666069579661867 bcsId: 0,size=1048576]} | ret=SUCCESS |  
2019-08-23 11:31:39,615 [grpc-default-executor-2] INFO  client.GrpcClientProtocolClient (GrpcClientProtocolClient.java:onNext(255)) - client-C9E345EC67ED->244f13ac-34be-4c4e-8e45-0c0272edbbb2: receive RaftClientReply:client-C9E345EC67ED->244f13ac-34be-4c4e-8e45-0c0272edbbb2@group-FE77C852EF02, cid=2111, SUCCESS, logIndex=3078, commits[244f13ac-34be-4c4e-8e45-0c0272edbbb2:c3079, 6287e41a-5356-4f55-84f2-270816d53e84:c3077, a2c18d3d-e79d-47c9-88fe-d8a1d195302b:c3077]
2019-08-23 11:31:39,616 | INFO  | DNAudit | user=null | ip=null | op=WRITE_CHUNK {blockData=conID: 2 locID: 102666069579661867 bcsId: 0} | ret=SUCCESS |  
2019-08-23 11:31:39,616 | INFO  | DNAudit | user=null | ip=null | op=PUT_BLOCK {blockData=[blockId=conID: 2 locID: 102666069579661867 bcsId: 0,size=2097152]} | ret=SUCCESS |  
2019-08-23 11:31:39,616 [grpc-default-executor-4] INFO  client.GrpcClientProtocolClient (GrpcClientProtocolClient.java:onNext(255)) - client-C9E345EC67ED->244f13ac-34be-4c4e-8e45-0c0272edbbb2: receive RaftClientReply:client-C9E345EC67ED->244f13ac-34be-4c4e-8e45-0c0272edbbb2@group-FE77C852EF02, cid=2112, SUCCESS, logIndex=3079, commits[244f13ac-34be-4c4e-8e45-0c0272edbbb2:c3079, 6287e41a-5356-4f55-84f2-270816d53e84:c3077, a2c18d3d-e79d-47c9-88fe-d8a1d195302b:c3077]
2019-08-23 11:31:39,616 [grpc-default-executor-4] INFO  client.GrpcClientProtocolClient (GrpcClientProtocolClient.java:onNext(255)) - client-C9E345EC67ED->244f13ac-34be-4c4e-8e45-0c0272edbbb2: receive RaftClientReply:client-C9E345EC67ED->244f13ac-34be-4c4e-8e45-0c0272edbbb2@group-FE77C852EF02, cid=2113, SUCCESS, logIndex=3080, commits[244f13ac-34be-4c4e-8e45-0c0272edbbb2:c3081, 6287e41a-5356-4f55-84f2-270816d53e84:c3077, a2c18d3d-e79d-47c9-88fe-d8a1d195302b:c3077]
2019-08-23 11:31:39,617 | INFO  | DNAudit | user=null | ip=null | op=WRITE_CHUNK {blockData=conID: 2 locID: 102666069579661867 bcsId: 0} | ret=SUCCESS |  
2019-08-23 11:31:39,617 | INFO  | DNAudit | user=null | ip=null | op=WRITE_CHUNK {blockData=conID: 2 locID: 102666069579661867 bcsId: 0} | ret=SUCCESS |  
2019-08-23 11:31:39,617 | INFO  | DNAudit | user=null | ip=null | op=PUT_BLOCK {blockData=[blockId=conID: 2 locID: 102666069579661867 bcsId: 0,size=1048576]} | ret=SUCCESS |  
2019-08-23 11:31:39,617 | INFO  | DNAudit | user=null | ip=null | op=PUT_BLOCK {blockData=[blockId=conID: 2 locID: 102666069579661867 bcsId: 0,size=1048576]} | ret=SUCCESS |  
2019-08-23 11:31:39,617 [grpc-default-executor-4] INFO  client.GrpcClientProtocolClient (GrpcClientProtocolClient.java:onNext(255)) - client-C9E345EC67ED->244f13ac-34be-4c4e-8e45-0c0272edbbb2: receive RaftClientReply:client-C9E345EC67ED->244f13ac-34be-4c4e-8e45-0c0272edbbb2@group-FE77C852EF02, cid=2114, SUCCESS, logIndex=3081, commits[244f13ac-34be-4c4e-8e45-0c0272edbbb2:c3081, 6287e41a-5356-4f55-84f2-270816d53e84:c3077, a2c18d3d-e79d-47c9-88fe-d8a1d195302b:c3077]
2019-08-23 11:31:39,618 | INFO  | DNAudit | user=null | ip=null | op=WRITE_CHUNK {blockData=conID: 2 locID: 102666069579661867 bcsId: 0} | ret=SUCCESS |  
2019-08-23 11:31:39,618 | INFO  | DNAudit | user=null | ip=null | op=WRITE_CHUNK {blockData=conID: 2 locID: 102666069579661867 bcsId: 0} | ret=SUCCESS |  
2019-08-23 11:31:39,618 | INFO  | DNAudit | user=null | ip=null | op=PUT_BLOCK {blockData=[blockId=conID: 2 locID: 102666069579661867 bcsId: 0,size=2097152]} | ret=SUCCESS |  
2019-08-23 11:31:39,618 | INFO  | DNAudit | user=null | ip=null | op=PUT_BLOCK {blockData=[blockId=conID: 2 locID: 102666069579661867 bcsId: 0,size=2097152]} | ret=SUCCESS |  
2019-08-23 11:31:39,618 [grpc-default-executor-1] INFO  client.GrpcClientProtocolClient (GrpcClientProtocolClient.java:onNext(255)) - client-C9E345EC67ED->244f13ac-34be-4c4e-8e45-0c0272edbbb2: receive RaftClientReply:client-C9E345EC67ED->244f13ac-34be-4c4e-8e45-0c0272edbbb2@group-FE77C852EF02, cid=2115, SUCCESS, logIndex=0, commits[244f13ac-34be-4c4e-8e45-0c0272edbbb2:c3083, 6287e41a-5356-4f55-84f2-270816d53e84:c3079, a2c18d3d-e79d-47c9-88fe-d8a1d195302b:c3079]
2019-08-23 11:31:39,624 | INFO  | DNAudit | user=null | ip=null | op=WRITE_CHUNK {blockData=conID: 2 locID: 102666069579661867 bcsId: 3081} | ret=SUCCESS |  
2019-08-23 11:31:39,626 | INFO  | DNAudit | user=null | ip=null | op=WRITE_CHUNK {blockData=conID: 2 locID: 102666069579661867 bcsId: 3081} | ret=SUCCESS |  
2019-08-23 11:31:39,626 | INFO  | DNAudit | user=null | ip=null | op=WRITE_CHUNK {blockData=conID: 2 locID: 102666069579661867 bcsId: 3081} | ret=SUCCESS |  
2019-08-23 11:31:39,635 | INFO  | DNAudit | user=null | ip=null | op=WRITE_CHUNK {blockData=conID: 2 locID: 102666069579661867 bcsId: 3081} | ret=SUCCESS |  
2019-08-23 11:31:39,636 | INFO  | DNAudit | user=null | ip=null | op=PUT_BLOCK {blockData=[blockId=conID: 2 locID: 102666069579661867 bcsId: 0,size=3145728]} | ret=SUCCESS |  
2019-08-23 11:31:39,636 [grpc-default-executor-2] INFO  client.GrpcClientProtocolClient (GrpcClientProtocolClient.java:onNext(255)) - client-C9E345EC67ED->244f13ac-34be-4c4e-8e45-0c0272edbbb2: receive RaftClientReply:client-C9E345EC67ED->244f13ac-34be-4c4e-8e45-0c0272edbbb2@group-FE77C852EF02, cid=2116, SUCCESS, logIndex=3086, commits[244f13ac-34be-4c4e-8e45-0c0272edbbb2:c3087, 6287e41a-5356-4f55-84f2-270816d53e84:c3085, a2c18d3d-e79d-47c9-88fe-d8a1d195302b:c3085]
2019-08-23 11:31:39,636 [grpc-default-executor-2] INFO  client.GrpcClientProtocolClient (GrpcClientProtocolClient.java:onNext(255)) - client-C9E345EC67ED->244f13ac-34be-4c4e-8e45-0c0272edbbb2: receive RaftClientReply:client-C9E345EC67ED->244f13ac-34be-4c4e-8e45-0c0272edbbb2@group-FE77C852EF02, cid=2117, SUCCESS, logIndex=3087, commits[244f13ac-34be-4c4e-8e45-0c0272edbbb2:c3087, 6287e41a-5356-4f55-84f2-270816d53e84:c3085, a2c18d3d-e79d-47c9-88fe-d8a1d195302b:c3085]
2019-08-23 11:31:39,642 | INFO  | DNAudit | user=null | ip=null | op=WRITE_CHUNK {blockData=conID: 2 locID: 102666069579661867 bcsId: 3087} | ret=SUCCESS |  
2019-08-23 11:31:39,644 | INFO  | DNAudit | user=null | ip=null | op=WRITE_CHUNK {blockData=conID: 2 locID: 102666069579661867 bcsId: 3087} | ret=SUCCESS |  
2019-08-23 11:31:39,644 | INFO  | DNAudit | user=null | ip=null | op=WRITE_CHUNK {blockData=conID: 2 locID: 102666069579661867 bcsId: 3087} | ret=SUCCESS |  
2019-08-23 11:31:39,645 | INFO  | DNAudit | user=null | ip=null | op=WRITE_CHUNK {blockData=conID: 2 locID: 102666069579661867 bcsId: 3081} | ret=SUCCESS |  
2019-08-23 11:31:39,645 | INFO  | DNAudit | user=null | ip=null | op=WRITE_CHUNK {blockData=conID: 2 locID: 102666069579661867 bcsId: 3081} | ret=SUCCESS |  
2019-08-23 11:31:39,646 | INFO  | DNAudit | user=null | ip=null | op=PUT_BLOCK {blockData=[blockId=conID: 2 locID: 102666069579661867 bcsId: 0,size=3145728]} | ret=SUCCESS |  
2019-08-23 11:31:39,646 | INFO  | DNAudit | user=null | ip=null | op=PUT_BLOCK {blockData=[blockId=conID: 2 locID: 102666069579661867 bcsId: 0,size=3145728]} | ret=SUCCESS |  
2019-08-23 11:31:39,647 | INFO  | DNAudit | user=null | ip=null | op=WRITE_CHUNK {blockData=conID: 2 locID: 102666069579661867 bcsId: 3087} | ret=SUCCESS |  
2019-08-23 11:31:39,647 | INFO  | DNAudit | user=null | ip=null | op=PUT_BLOCK {blockData=[blockId=conID: 2 locID: 102666069579661867 bcsId: 0,size=4194304]} | ret=SUCCESS |  
2019-08-23 11:31:39,647 [grpc-default-executor-4] INFO  client.GrpcClientProtocolClient (GrpcClientProtocolClient.java:onNext(255)) - client-C9E345EC67ED->244f13ac-34be-4c4e-8e45-0c0272edbbb2: receive RaftClientReply:client-C9E345EC67ED->244f13ac-34be-4c4e-8e45-0c0272edbbb2@group-FE77C852EF02, cid=2118, SUCCESS, logIndex=3090, commits[244f13ac-34be-4c4e-8e45-0c0272edbbb2:c3090, 6287e41a-5356-4f55-84f2-270816d53e84:c3087, a2c18d3d-e79d-47c9-88fe-d8a1d195302b:c3087]
2019-08-23 11:31:39,648 [grpc-default-executor-4] INFO  client.GrpcClientProtocolClient (GrpcClientProtocolClient.java:onNext(255)) - client-C9E345EC67ED->244f13ac-34be-4c4e-8e45-0c0272edbbb2: receive RaftClientReply:client-C9E345EC67ED->244f13ac-34be-4c4e-8e45-0c0272edbbb2@group-FE77C852EF02, cid=2119, SUCCESS, logIndex=3091, commits[244f13ac-34be-4c4e-8e45-0c0272edbbb2:c3091, 6287e41a-5356-4f55-84f2-270816d53e84:c3087, a2c18d3d-e79d-47c9-88fe-d8a1d195302b:c3087]
2019-08-23 11:31:39,657 | INFO  | DNAudit | user=null | ip=null | op=WRITE_CHUNK {blockData=conID: 2 locID: 102666069579661867 bcsId: 3087} | ret=SUCCESS |  
2019-08-23 11:31:39,657 | INFO  | DNAudit | user=null | ip=null | op=WRITE_CHUNK {blockData=conID: 2 locID: 102666069579661867 bcsId: 3087} | ret=SUCCESS |  
2019-08-23 11:31:39,658 | INFO  | DNAudit | user=null | ip=null | op=PUT_BLOCK {blockData=[blockId=conID: 2 locID: 102666069579661867 bcsId: 0,size=4194304]} | ret=SUCCESS |  
2019-08-23 11:31:39,658 | INFO  | DNAudit | user=null | ip=null | op=PUT_BLOCK {blockData=[blockId=conID: 2 locID: 102666069579661867 bcsId: 0,size=4194304]} | ret=SUCCESS |  
2019-08-23 11:31:39,659 [grpc-default-executor-4] INFO  client.GrpcClientProtocolClient (GrpcClientProtocolClient.java:onNext(255)) - client-C9E345EC67ED->244f13ac-34be-4c4e-8e45-0c0272edbbb2: receive RaftClientReply:client-C9E345EC67ED->244f13ac-34be-4c4e-8e45-0c0272edbbb2@group-FE77C852EF02, cid=2120, SUCCESS, logIndex=0, commits[244f13ac-34be-4c4e-8e45-0c0272edbbb2:c3093, 6287e41a-5356-4f55-84f2-270816d53e84:c3091, a2c18d3d-e79d-47c9-88fe-d8a1d195302b:c3091]
2019-08-23 11:31:39,664 | INFO  | SCMAudit | user=jenkins1000 | ip=192.168.5.185 | op=ALLOCATE_BLOCK {owner=00a23185-76ea-47b5-a641-ad3cfbe5521a, size=4194304, type=RATIS, factor=THREE} | ret=SUCCESS |  
2019-08-23 11:31:39,667 | INFO  | OMAudit | user=jenkins1000 | ip=127.0.0.1 | op=ALLOCATE_BLOCK {volume=vol-0-37508, bucket=bucket-0-50919, key=key-0-57313, dataSize=0, replicationType=null, replicationFactor=null, keyLocationInfo=null, clientID=102666068570931602} | ret=SUCCESS |  
2019-08-23 11:31:39,673 | INFO  | DNAudit | user=null | ip=null | op=WRITE_CHUNK {blockData=conID: 3 locID: 102666069584380460 bcsId: 0} | ret=SUCCESS |  
2019-08-23 11:31:39,675 | INFO  | DNAudit | user=null | ip=null | op=WRITE_CHUNK {blockData=conID: 3 locID: 102666069584380460 bcsId: 0} | ret=SUCCESS |  
2019-08-23 11:31:39,675 | INFO  | DNAudit | user=null | ip=null | op=WRITE_CHUNK {blockData=conID: 3 locID: 102666069584380460 bcsId: 0} | ret=SUCCESS |  
2019-08-23 11:31:39,675 | INFO  | DNAudit | user=null | ip=null | op=WRITE_CHUNK {blockData=conID: 3 locID: 102666069584380460 bcsId: 0} | ret=SUCCESS |  
2019-08-23 11:31:39,677 | INFO  | DNAudit | user=null | ip=null | op=WRITE_CHUNK {blockData=conID: 3 locID: 102666069584380460 bcsId: 0} | ret=SUCCESS |  
2019-08-23 11:31:39,677 | INFO  | DNAudit | user=null | ip=null | op=WRITE_CHUNK {blockData=conID: 3 locID: 102666069584380460 bcsId: 0} | ret=SUCCESS |  
2019-08-23 11:31:39,681 | INFO  | DNAudit | user=null | ip=null | op=WRITE_CHUNK {blockData=conID: 3 locID: 102666069584380460 bcsId: 0} | ret=SUCCESS |  
2019-08-23 11:31:39,681 | INFO  | DNAudit | user=null | ip=null | op=PUT_BLOCK {blockData=[blockId=conID: 3 locID: 102666069584380460 bcsId: 0,size=1048576]} | ret=SUCCESS |  
2019-08-23 11:31:39,682 | INFO  | DNAudit | user=null | ip=null | op=WRITE_CHUNK {blockData=conID: 3 locID: 102666069584380460 bcsId: 0} | ret=SUCCESS |  
2019-08-23 11:31:39,682 [grpc-default-executor-4] INFO  client.GrpcClientProtocolClient (GrpcClientProtocolClient.java:onNext(255)) - client-C9E345EC67ED->244f13ac-34be-4c4e-8e45-0c0272edbbb2: receive RaftClientReply:client-C9E345EC67ED->244f13ac-34be-4c4e-8e45-0c0272edbbb2@group-FE77C852EF02, cid=2121, SUCCESS, logIndex=3094, commits[244f13ac-34be-4c4e-8e45-0c0272edbbb2:c3096, 6287e41a-5356-4f55-84f2-270816d53e84:c3093, a2c18d3d-e79d-47c9-88fe-d8a1d195302b:c3093]
2019-08-23 11:31:39,682 | INFO  | DNAudit | user=null | ip=null | op=PUT_BLOCK {blockData=[blockId=conID: 3 locID: 102666069584380460 bcsId: 0,size=2097152]} | ret=SUCCESS |  
2019-08-23 11:31:39,682 [grpc-default-executor-4] INFO  client.GrpcClientProtocolClient (GrpcClientProtocolClient.java:onNext(255)) - client-C9E345EC67ED->244f13ac-34be-4c4e-8e45-0c0272edbbb2: receive RaftClientReply:client-C9E345EC67ED->244f13ac-34be-4c4e-8e45-0c0272edbbb2@group-FE77C852EF02, cid=2122, SUCCESS, logIndex=3095, commits[244f13ac-34be-4c4e-8e45-0c0272edbbb2:c3097, 6287e41a-5356-4f55-84f2-270816d53e84:c3093, a2c18d3d-e79d-47c9-88fe-d8a1d195302b:c3093]
2019-08-23 11:31:39,682 [grpc-default-executor-4] INFO  client.GrpcClientProtocolClient (GrpcClientProtocolClient.java:onNext(255)) - client-C9E345EC67ED->244f13ac-34be-4c4e-8e45-0c0272edbbb2: receive RaftClientReply:client-C9E345EC67ED->244f13ac-34be-4c4e-8e45-0c0272edbbb2@group-FE77C852EF02, cid=2123, SUCCESS, logIndex=3096, commits[244f13ac-34be-4c4e-8e45-0c0272edbbb2:c3097, 6287e41a-5356-4f55-84f2-270816d53e84:c3093, a2c18d3d-e79d-47c9-88fe-d8a1d195302b:c3093]
2019-08-23 11:31:39,683 [grpc-default-executor-4] INFO  client.GrpcClientProtocolClient (GrpcClientProtocolClient.java:onNext(255)) - client-C9E345EC67ED->244f13ac-34be-4c4e-8e45-0c0272edbbb2: receive RaftClientReply:client-C9E345EC67ED->244f13ac-34be-4c4e-8e45-0c0272edbbb2@group-FE77C852EF02, cid=2124, SUCCESS, logIndex=3097, commits[244f13ac-34be-4c4e-8e45-0c0272edbbb2:c3097, 6287e41a-5356-4f55-84f2-270816d53e84:c3093, a2c18d3d-e79d-47c9-88fe-d8a1d195302b:c3093]
2019-08-23 11:31:39,693 | INFO  | DNAudit | user=null | ip=null | op=WRITE_CHUNK {blockData=conID: 3 locID: 102666069584380460 bcsId: 0} | ret=SUCCESS |  
2019-08-23 11:31:39,693 | INFO  | DNAudit | user=null | ip=null | op=WRITE_CHUNK {blockData=conID: 3 locID: 102666069584380460 bcsId: 0} | ret=SUCCESS |  
2019-08-23 11:31:39,694 | INFO  | DNAudit | user=null | ip=null | op=PUT_BLOCK {blockData=[blockId=conID: 3 locID: 102666069584380460 bcsId: 0,size=1048576]} | ret=SUCCESS |  
2019-08-23 11:31:39,694 | INFO  | DNAudit | user=null | ip=null | op=WRITE_CHUNK {blockData=conID: 3 locID: 102666069584380460 bcsId: 0} | ret=SUCCESS |  
2019-08-23 11:31:39,694 | INFO  | DNAudit | user=null | ip=null | op=PUT_BLOCK {blockData=[blockId=conID: 3 locID: 102666069584380460 bcsId: 0,size=1048576]} | ret=SUCCESS |  
2019-08-23 11:31:39,694 | INFO  | DNAudit | user=null | ip=null | op=PUT_BLOCK {blockData=[blockId=conID: 3 locID: 102666069584380460 bcsId: 0,size=2097152]} | ret=SUCCESS |  
2019-08-23 11:31:39,694 | INFO  | DNAudit | user=null | ip=null | op=WRITE_CHUNK {blockData=conID: 3 locID: 102666069584380460 bcsId: 0} | ret=SUCCESS |  
2019-08-23 11:31:39,694 | INFO  | DNAudit | user=null | ip=null | op=PUT_BLOCK {blockData=[blockId=conID: 3 locID: 102666069584380460 bcsId: 0,size=2097152]} | ret=SUCCESS |  
2019-08-23 11:31:39,695 [grpc-default-executor-4] INFO  client.GrpcClientProtocolClient (GrpcClientProtocolClient.java:onNext(255)) - client-C9E345EC67ED->244f13ac-34be-4c4e-8e45-0c0272edbbb2: receive RaftClientReply:client-C9E345EC67ED->244f13ac-34be-4c4e-8e45-0c0272edbbb2@group-FE77C852EF02, cid=2125, SUCCESS, logIndex=0, commits[244f13ac-34be-4c4e-8e45-0c0272edbbb2:c3101, 6287e41a-5356-4f55-84f2-270816d53e84:c3095, a2c18d3d-e79d-47c9-88fe-d8a1d195302b:c3097]
2019-08-23 11:31:39,704 | INFO  | DNAudit | user=null | ip=null | op=WRITE_CHUNK {blockData=conID: 3 locID: 102666069584380460 bcsId: 3097} | ret=SUCCESS |  
2019-08-23 11:31:39,706 | INFO  | DNAudit | user=null | ip=null | op=WRITE_CHUNK {blockData=conID: 3 locID: 102666069584380460 bcsId: 3097} | ret=SUCCESS |  
2019-08-23 11:31:39,706 | INFO  | DNAudit | user=null | ip=null | op=WRITE_CHUNK {blockData=conID: 3 locID: 102666069584380460 bcsId: 3097} | ret=SUCCESS |  
2019-08-23 11:31:39,709 | INFO  | DNAudit | user=null | ip=null | op=WRITE_CHUNK {blockData=conID: 3 locID: 102666069584380460 bcsId: 3097} | ret=SUCCESS |  
2019-08-23 11:31:39,710 | INFO  | DNAudit | user=null | ip=null | op=PUT_BLOCK {blockData=[blockId=conID: 3 locID: 102666069584380460 bcsId: 0,size=3145728]} | ret=SUCCESS |  
2019-08-23 11:31:39,710 [grpc-default-executor-4] INFO  client.GrpcClientProtocolClient (GrpcClientProtocolClient.java:onNext(255)) - client-C9E345EC67ED->244f13ac-34be-4c4e-8e45-0c0272edbbb2: receive RaftClientReply:client-C9E345EC67ED->244f13ac-34be-4c4e-8e45-0c0272edbbb2@group-FE77C852EF02, cid=2126, SUCCESS, logIndex=3102, commits[244f13ac-34be-4c4e-8e45-0c0272edbbb2:c3103, 6287e41a-5356-4f55-84f2-270816d53e84:c3101, a2c18d3d-e79d-47c9-88fe-d8a1d195302b:c3101]
2019-08-23 11:31:39,711 [grpc-default-executor-4] INFO  client.GrpcClientProtocolClient (GrpcClientProtocolClient.java:onNext(255)) - client-C9E345EC67ED->244f13ac-34be-4c4e-8e45-0c0272edbbb2: receive RaftClientReply:client-C9E345EC67ED->244f13ac-34be-4c4e-8e45-0c0272edbbb2@group-FE77C852EF02, cid=2127, SUCCESS, logIndex=3103, commits[244f13ac-34be-4c4e-8e45-0c0272edbbb2:c3103, 6287e41a-5356-4f55-84f2-270816d53e84:c3101, a2c18d3d-e79d-47c9-88fe-d8a1d195302b:c3101]
2019-08-23 11:31:39,717 | INFO  | DNAudit | user=null | ip=null | op=WRITE_CHUNK {blockData=conID: 3 locID: 102666069584380460 bcsId: 3103} | ret=SUCCESS |  
2019-08-23 11:31:39,719 | INFO  | DNAudit | user=null | ip=null | op=WRITE_CHUNK {blockData=conID: 3 locID: 102666069584380460 bcsId: 3103} | ret=SUCCESS |  
2019-08-23 11:31:39,719 | INFO  | DNAudit | user=null | ip=null | op=WRITE_CHUNK {blockData=conID: 3 locID: 102666069584380460 bcsId: 3103} | ret=SUCCESS |  
2019-08-23 11:31:39,721 | INFO  | DNAudit | user=null | ip=null | op=WRITE_CHUNK {blockData=conID: 3 locID: 102666069584380460 bcsId: 3097} | ret=SUCCESS |  
2019-08-23 11:31:39,721 | INFO  | DNAudit | user=null | ip=null | op=WRITE_CHUNK {blockData=conID: 3 locID: 102666069584380460 bcsId: 3097} | ret=SUCCESS |  
2019-08-23 11:31:39,721 | INFO  | DNAudit | user=null | ip=null | op=PUT_BLOCK {blockData=[blockId=conID: 3 locID: 102666069584380460 bcsId: 0,size=3145728]} | ret=SUCCESS |  
2019-08-23 11:31:39,721 | INFO  | DNAudit | user=null | ip=null | op=PUT_BLOCK {blockData=[blockId=conID: 3 locID: 102666069584380460 bcsId: 0,size=3145728]} | ret=SUCCESS |  
2019-08-23 11:31:39,723 | INFO  | DNAudit | user=null | ip=null | op=WRITE_CHUNK {blockData=conID: 3 locID: 102666069584380460 bcsId: 3103} | ret=SUCCESS |  
2019-08-23 11:31:39,723 | INFO  | DNAudit | user=null | ip=null | op=PUT_BLOCK {blockData=[blockId=conID: 3 locID: 102666069584380460 bcsId: 0,size=4194304]} | ret=SUCCESS |  
2019-08-23 11:31:39,723 [grpc-default-executor-2] INFO  client.GrpcClientProtocolClient (GrpcClientProtocolClient.java:onNext(255)) - client-C9E345EC67ED->244f13ac-34be-4c4e-8e45-0c0272edbbb2: receive RaftClientReply:client-C9E345EC67ED->244f13ac-34be-4c4e-8e45-0c0272edbbb2@group-FE77C852EF02, cid=2128, SUCCESS, logIndex=3106, commits[244f13ac-34be-4c4e-8e45-0c0272edbbb2:c3106, 6287e41a-5356-4f55-84f2-270816d53e84:c3103, a2c18d3d-e79d-47c9-88fe-d8a1d195302b:c3103]
2019-08-23 11:31:39,724 [grpc-default-executor-2] INFO  client.GrpcClientProtocolClient (GrpcClientProtocolClient.java:onNext(255)) - client-C9E345EC67ED->244f13ac-34be-4c4e-8e45-0c0272edbbb2: receive RaftClientReply:client-C9E345EC67ED->244f13ac-34be-4c4e-8e45-0c0272edbbb2@group-FE77C852EF02, cid=2129, SUCCESS, logIndex=3107, commits[244f13ac-34be-4c4e-8e45-0c0272edbbb2:c3107, 6287e41a-5356-4f55-84f2-270816d53e84:c3103, a2c18d3d-e79d-47c9-88fe-d8a1d195302b:c3103]
2019-08-23 11:31:39,734 | INFO  | DNAudit | user=null | ip=null | op=WRITE_CHUNK {blockData=conID: 3 locID: 102666069584380460 bcsId: 3103} | ret=SUCCESS |  
2019-08-23 11:31:39,734 | INFO  | DNAudit | user=null | ip=null | op=WRITE_CHUNK {blockData=conID: 3 locID: 102666069584380460 bcsId: 3103} | ret=SUCCESS |  
2019-08-23 11:31:39,736 | INFO  | DNAudit | user=null | ip=null | op=PUT_BLOCK {blockData=[blockId=conID: 3 locID: 102666069584380460 bcsId: 0,size=4194304]} | ret=SUCCESS |  
2019-08-23 11:31:39,736 | INFO  | DNAudit | user=null | ip=null | op=PUT_BLOCK {blockData=[blockId=conID: 3 locID: 102666069584380460 bcsId: 0,size=4194304]} | ret=SUCCESS |  
2019-08-23 11:31:39,736 [grpc-default-executor-2] INFO  client.GrpcClientProtocolClient (GrpcClientProtocolClient.java:onNext(255)) - client-C9E345EC67ED->244f13ac-34be-4c4e-8e45-0c0272edbbb2: receive RaftClientReply:client-C9E345EC67ED->244f13ac-34be-4c4e-8e45-0c0272edbbb2@group-FE77C852EF02, cid=2130, SUCCESS, logIndex=0, commits[244f13ac-34be-4c4e-8e45-0c0272edbbb2:c3109, 6287e41a-5356-4f55-84f2-270816d53e84:c3107, a2c18d3d-e79d-47c9-88fe-d8a1d195302b:c3107]
2019-08-23 11:31:39,741 | INFO  | SCMAudit | user=jenkins1000 | ip=192.168.5.185 | op=ALLOCATE_BLOCK {owner=00a23185-76ea-47b5-a641-ad3cfbe5521a, size=4194304, type=RATIS, factor=THREE} | ret=SUCCESS |  
2019-08-23 11:31:39,891 | INFO  | OMAudit | user=jenkins1000 | ip=127.0.0.1 | op=ALLOCATE_BLOCK {volume=vol-0-37508, bucket=bucket-0-50919, key=key-0-57313, dataSize=0, replicationType=null, replicationFactor=null, keyLocationInfo=null, clientID=102666068570931602} | ret=SUCCESS |  
2019-08-23 11:31:39,898 | INFO  | DNAudit | user=null | ip=null | op=WRITE_CHUNK {blockData=conID: 1 locID: 102666069589426733 bcsId: 0} | ret=SUCCESS |  
2019-08-23 11:31:39,899 | INFO  | DNAudit | user=null | ip=null | op=WRITE_CHUNK {blockData=conID: 1 locID: 102666069589426733 bcsId: 0} | ret=SUCCESS |  
2019-08-23 11:31:39,901 | INFO  | DNAudit | user=null | ip=null | op=WRITE_CHUNK {blockData=conID: 1 locID: 102666069589426733 bcsId: 0} | ret=SUCCESS |  
2019-08-23 11:31:39,902 | INFO  | DNAudit | user=null | ip=null | op=WRITE_CHUNK {blockData=conID: 1 locID: 102666069589426733 bcsId: 0} | ret=SUCCESS |  
2019-08-23 11:31:39,902 | INFO  | DNAudit | user=null | ip=null | op=WRITE_CHUNK {blockData=conID: 1 locID: 102666069589426733 bcsId: 0} | ret=SUCCESS |  
2019-08-23 11:31:39,902 | INFO  | DNAudit | user=null | ip=null | op=WRITE_CHUNK {blockData=conID: 1 locID: 102666069589426733 bcsId: 0} | ret=SUCCESS |  
2019-08-23 11:31:39,915 | INFO  | DNAudit | user=null | ip=null | op=WRITE_CHUNK {blockData=conID: 1 locID: 102666069589426733 bcsId: 0} | ret=SUCCESS |  
2019-08-23 11:31:39,916 | INFO  | DNAudit | user=null | ip=null | op=PUT_BLOCK {blockData=[blockId=conID: 1 locID: 102666069589426733 bcsId: 0,size=1048576]} | ret=SUCCESS |  
2019-08-23 11:31:39,916 [grpc-default-executor-2] INFO  client.GrpcClientProtocolClient (GrpcClientProtocolClient.java:onNext(255)) - client-C9E345EC67ED->244f13ac-34be-4c4e-8e45-0c0272edbbb2: receive RaftClientReply:client-C9E345EC67ED->244f13ac-34be-4c4e-8e45-0c0272edbbb2@group-FE77C852EF02, cid=2131, SUCCESS, logIndex=3110, commits[244f13ac-34be-4c4e-8e45-0c0272edbbb2:c3113, 6287e41a-5356-4f55-84f2-270816d53e84:c3109, a2c18d3d-e79d-47c9-88fe-d8a1d195302b:c3109]
2019-08-23 11:31:39,917 | INFO  | DNAudit | user=null | ip=null | op=WRITE_CHUNK {blockData=conID: 1 locID: 102666069589426733 bcsId: 0} | ret=SUCCESS |  
2019-08-23 11:31:39,917 [grpc-default-executor-2] INFO  client.GrpcClientProtocolClient (GrpcClientProtocolClient.java:onNext(255)) - client-C9E345EC67ED->244f13ac-34be-4c4e-8e45-0c0272edbbb2: receive RaftClientReply:client-C9E345EC67ED->244f13ac-34be-4c4e-8e45-0c0272edbbb2@group-FE77C852EF02, cid=2132, SUCCESS, logIndex=3111, commits[244f13ac-34be-4c4e-8e45-0c0272edbbb2:c3113, 6287e41a-5356-4f55-84f2-270816d53e84:c3109, a2c18d3d-e79d-47c9-88fe-d8a1d195302b:c3109]
2019-08-23 11:31:39,917 | INFO  | DNAudit | user=null | ip=null | op=PUT_BLOCK {blockData=[blockId=conID: 1 locID: 102666069589426733 bcsId: 0,size=2097152]} | ret=SUCCESS |  
2019-08-23 11:31:39,917 [grpc-default-executor-2] INFO  client.GrpcClientProtocolClient (GrpcClientProtocolClient.java:onNext(255)) - client-C9E345EC67ED->244f13ac-34be-4c4e-8e45-0c0272edbbb2: receive RaftClientReply:client-C9E345EC67ED->244f13ac-34be-4c4e-8e45-0c0272edbbb2@group-FE77C852EF02, cid=2133, SUCCESS, logIndex=3112, commits[244f13ac-34be-4c4e-8e45-0c0272edbbb2:c3113, 6287e41a-5356-4f55-84f2-270816d53e84:c3109, a2c18d3d-e79d-47c9-88fe-d8a1d195302b:c3109]
2019-08-23 11:31:39,917 [grpc-default-executor-2] INFO  client.GrpcClientProtocolClient (GrpcClientProtocolClient.java:onNext(255)) - client-C9E345EC67ED->244f13ac-34be-4c4e-8e45-0c0272edbbb2: receive RaftClientReply:client-C9E345EC67ED->244f13ac-34be-4c4e-8e45-0c0272edbbb2@group-FE77C852EF02, cid=2134, SUCCESS, logIndex=3113, commits[244f13ac-34be-4c4e-8e45-0c0272edbbb2:c3113, 6287e41a-5356-4f55-84f2-270816d53e84:c3109, a2c18d3d-e79d-47c9-88fe-d8a1d195302b:c3109]
2019-08-23 11:31:39,934 | INFO  | DNAudit | user=null | ip=null | op=WRITE_CHUNK {blockData=conID: 1 locID: 102666069589426733 bcsId: 0} | ret=SUCCESS |  
2019-08-23 11:31:39,934 | INFO  | DNAudit | user=null | ip=null | op=WRITE_CHUNK {blockData=conID: 1 locID: 102666069589426733 bcsId: 0} | ret=SUCCESS |  
2019-08-23 11:31:39,934 | INFO  | DNAudit | user=null | ip=null | op=PUT_BLOCK {blockData=[blockId=conID: 1 locID: 102666069589426733 bcsId: 0,size=1048576]} | ret=SUCCESS |  
2019-08-23 11:31:39,934 | INFO  | DNAudit | user=null | ip=null | op=PUT_BLOCK {blockData=[blockId=conID: 1 locID: 102666069589426733 bcsId: 0,size=1048576]} | ret=SUCCESS |  
2019-08-23 11:31:39,935 [grpc-default-executor-2] INFO  client.GrpcClientProtocolClient (GrpcClientProtocolClient.java:onNext(255)) - client-C9E345EC67ED->244f13ac-34be-4c4e-8e45-0c0272edbbb2: receive RaftClientReply:client-C9E345EC67ED->244f13ac-34be-4c4e-8e45-0c0272edbbb2@group-FE77C852EF02, cid=2135, SUCCESS, logIndex=0, commits[244f13ac-34be-4c4e-8e45-0c0272edbbb2:c3114, 6287e41a-5356-4f55-84f2-270816d53e84:c3111, a2c18d3d-e79d-47c9-88fe-d8a1d195302b:c3111]
2019-08-23 11:31:39,935 | INFO  | DNAudit | user=null | ip=null | op=WRITE_CHUNK {blockData=conID: 1 locID: 102666069589426733 bcsId: 0} | ret=SUCCESS |  
2019-08-23 11:31:39,935 | INFO  | DNAudit | user=null | ip=null | op=WRITE_CHUNK {blockData=conID: 1 locID: 102666069589426733 bcsId: 0} | ret=SUCCESS |  
2019-08-23 11:31:39,936 | INFO  | DNAudit | user=null | ip=null | op=PUT_BLOCK {blockData=[blockId=conID: 1 locID: 102666069589426733 bcsId: 0,size=2097152]} | ret=SUCCESS |  
2019-08-23 11:31:39,936 | INFO  | DNAudit | user=null | ip=null | op=PUT_BLOCK {blockData=[blockId=conID: 1 locID: 102666069589426733 bcsId: 0,size=2097152]} | ret=SUCCESS |  
2019-08-23 11:31:39,942 | INFO  | DNAudit | user=null | ip=null | op=WRITE_CHUNK {blockData=conID: 1 locID: 102666069589426733 bcsId: 3113} | ret=SUCCESS |  
2019-08-23 11:31:39,947 | INFO  | DNAudit | user=null | ip=null | op=WRITE_CHUNK {blockData=conID: 1 locID: 102666069589426733 bcsId: 3113} | ret=SUCCESS |  
2019-08-23 11:31:39,947 | INFO  | DNAudit | user=null | ip=null | op=WRITE_CHUNK {blockData=conID: 1 locID: 102666069589426733 bcsId: 3113} | ret=SUCCESS |  
2019-08-23 11:31:39,954 | INFO  | DNAudit | user=null | ip=null | op=WRITE_CHUNK {blockData=conID: 1 locID: 102666069589426733 bcsId: 3113} | ret=SUCCESS |  
2019-08-23 11:31:39,955 | INFO  | DNAudit | user=null | ip=null | op=PUT_BLOCK {blockData=[blockId=conID: 1 locID: 102666069589426733 bcsId: 0,size=3145728]} | ret=SUCCESS |  
2019-08-23 11:31:39,955 [grpc-default-executor-2] INFO  client.GrpcClientProtocolClient (GrpcClientProtocolClient.java:onNext(255)) - client-C9E345EC67ED->244f13ac-34be-4c4e-8e45-0c0272edbbb2: receive RaftClientReply:client-C9E345EC67ED->244f13ac-34be-4c4e-8e45-0c0272edbbb2@group-FE77C852EF02, cid=2136, SUCCESS, logIndex=3118, commits[244f13ac-34be-4c4e-8e45-0c0272edbbb2:c3119, 6287e41a-5356-4f55-84f2-270816d53e84:c3117, a2c18d3d-e79d-47c9-88fe-d8a1d195302b:c3117]
2019-08-23 11:31:39,955 [grpc-default-executor-2] INFO  client.GrpcClientProtocolClient (GrpcClientProtocolClient.java:onNext(255)) - client-C9E345EC67ED->244f13ac-34be-4c4e-8e45-0c0272edbbb2: receive RaftClientReply:client-C9E345EC67ED->244f13ac-34be-4c4e-8e45-0c0272edbbb2@group-FE77C852EF02, cid=2137, SUCCESS, logIndex=3119, commits[244f13ac-34be-4c4e-8e45-0c0272edbbb2:c3119, 6287e41a-5356-4f55-84f2-270816d53e84:c3117, a2c18d3d-e79d-47c9-88fe-d8a1d195302b:c3117]
2019-08-23 11:31:39,962 | INFO  | DNAudit | user=null | ip=null | op=WRITE_CHUNK {blockData=conID: 1 locID: 102666069589426733 bcsId: 3119} | ret=SUCCESS |  
2019-08-23 11:31:39,963 | INFO  | DNAudit | user=null | ip=null | op=WRITE_CHUNK {blockData=conID: 1 locID: 102666069589426733 bcsId: 3119} | ret=SUCCESS |  
2019-08-23 11:31:39,964 | INFO  | DNAudit | user=null | ip=null | op=WRITE_CHUNK {blockData=conID: 1 locID: 102666069589426733 bcsId: 3119} | ret=SUCCESS |  
2019-08-23 11:31:39,966 | INFO  | DNAudit | user=null | ip=null | op=WRITE_CHUNK {blockData=conID: 1 locID: 102666069589426733 bcsId: 3113} | ret=SUCCESS |  
2019-08-23 11:31:39,966 | INFO  | DNAudit | user=null | ip=null | op=WRITE_CHUNK {blockData=conID: 1 locID: 102666069589426733 bcsId: 3113} | ret=SUCCESS |  
2019-08-23 11:31:39,966 | INFO  | DNAudit | user=null | ip=null | op=PUT_BLOCK {blockData=[blockId=conID: 1 locID: 102666069589426733 bcsId: 0,size=3145728]} | ret=SUCCESS |  
2019-08-23 11:31:39,966 | INFO  | DNAudit | user=null | ip=null | op=PUT_BLOCK {blockData=[blockId=conID: 1 locID: 102666069589426733 bcsId: 0,size=3145728]} | ret=SUCCESS |  
2019-08-23 11:31:39,968 | INFO  | DNAudit | user=null | ip=null | op=WRITE_CHUNK {blockData=conID: 1 locID: 102666069589426733 bcsId: 3119} | ret=SUCCESS |  
2019-08-23 11:31:39,968 | INFO  | DNAudit | user=null | ip=null | op=PUT_BLOCK {blockData=[blockId=conID: 1 locID: 102666069589426733 bcsId: 0,size=4194304]} | ret=SUCCESS |  
2019-08-23 11:31:39,968 [grpc-default-executor-5] INFO  client.GrpcClientProtocolClient (GrpcClientProtocolClient.java:onNext(255)) - client-C9E345EC67ED->244f13ac-34be-4c4e-8e45-0c0272edbbb2: receive RaftClientReply:client-C9E345EC67ED->244f13ac-34be-4c4e-8e45-0c0272edbbb2@group-FE77C852EF02, cid=2138, SUCCESS, logIndex=3122, commits[244f13ac-34be-4c4e-8e45-0c0272edbbb2:c3123, 6287e41a-5356-4f55-84f2-270816d53e84:c3119, a2c18d3d-e79d-47c9-88fe-d8a1d195302b:c3119]
2019-08-23 11:31:39,968 [grpc-default-executor-5] INFO  client.GrpcClientProtocolClient (GrpcClientProtocolClient.java:onNext(255)) - client-C9E345EC67ED->244f13ac-34be-4c4e-8e45-0c0272edbbb2: receive RaftClientReply:client-C9E345EC67ED->244f13ac-34be-4c4e-8e45-0c0272edbbb2@group-FE77C852EF02, cid=2139, SUCCESS, logIndex=3123, commits[244f13ac-34be-4c4e-8e45-0c0272edbbb2:c3123, 6287e41a-5356-4f55-84f2-270816d53e84:c3119, a2c18d3d-e79d-47c9-88fe-d8a1d195302b:c3119]
2019-08-23 11:31:39,979 | INFO  | DNAudit | user=null | ip=null | op=WRITE_CHUNK {blockData=conID: 1 locID: 102666069589426733 bcsId: 3119} | ret=SUCCESS |  
2019-08-23 11:31:39,979 | INFO  | DNAudit | user=null | ip=null | op=WRITE_CHUNK {blockData=conID: 1 locID: 102666069589426733 bcsId: 3119} | ret=SUCCESS |  
2019-08-23 11:31:39,979 | INFO  | DNAudit | user=null | ip=null | op=PUT_BLOCK {blockData=[blockId=conID: 1 locID: 102666069589426733 bcsId: 0,size=4194304]} | ret=SUCCESS |  
2019-08-23 11:31:39,979 | INFO  | DNAudit | user=null | ip=null | op=PUT_BLOCK {blockData=[blockId=conID: 1 locID: 102666069589426733 bcsId: 0,size=4194304]} | ret=SUCCESS |  
2019-08-23 11:31:39,979 [grpc-default-executor-5] INFO  client.GrpcClientProtocolClient (GrpcClientProtocolClient.java:onNext(255)) - client-C9E345EC67ED->244f13ac-34be-4c4e-8e45-0c0272edbbb2: receive RaftClientReply:client-C9E345EC67ED->244f13ac-34be-4c4e-8e45-0c0272edbbb2@group-FE77C852EF02, cid=2140, SUCCESS, logIndex=0, commits[244f13ac-34be-4c4e-8e45-0c0272edbbb2:c3124, 6287e41a-5356-4f55-84f2-270816d53e84:c3123, a2c18d3d-e79d-47c9-88fe-d8a1d195302b:c3123]
2019-08-23 11:31:39,985 | INFO  | SCMAudit | user=jenkins1000 | ip=192.168.5.185 | op=ALLOCATE_BLOCK {owner=00a23185-76ea-47b5-a641-ad3cfbe5521a, size=4194304, type=RATIS, factor=THREE} | ret=SUCCESS |  
2019-08-23 11:31:39,988 | INFO  | OMAudit | user=jenkins1000 | ip=127.0.0.1 | op=ALLOCATE_BLOCK {volume=vol-0-37508, bucket=bucket-0-50919, key=key-0-57313, dataSize=0, replicationType=null, replicationFactor=null, keyLocationInfo=null, clientID=102666068570931602} | ret=SUCCESS |  
2019-08-23 11:31:39,994 | INFO  | DNAudit | user=null | ip=null | op=WRITE_CHUNK {blockData=conID: 2 locID: 102666069605417518 bcsId: 0} | ret=SUCCESS |  
2019-08-23 11:31:39,997 | INFO  | DNAudit | user=null | ip=null | op=WRITE_CHUNK {blockData=conID: 2 locID: 102666069605417518 bcsId: 0} | ret=SUCCESS |  
2019-08-23 11:31:39,997 | INFO  | DNAudit | user=null | ip=null | op=WRITE_CHUNK {blockData=conID: 2 locID: 102666069605417518 bcsId: 0} | ret=SUCCESS |  
2019-08-23 11:31:39,997 | INFO  | DNAudit | user=null | ip=null | op=WRITE_CHUNK {blockData=conID: 2 locID: 102666069605417518 bcsId: 0} | ret=SUCCESS |  
2019-08-23 11:31:39,999 | INFO  | DNAudit | user=null | ip=null | op=WRITE_CHUNK {blockData=conID: 2 locID: 102666069605417518 bcsId: 0} | ret=SUCCESS |  
2019-08-23 11:31:40,000 | INFO  | DNAudit | user=null | ip=null | op=WRITE_CHUNK {blockData=conID: 2 locID: 102666069605417518 bcsId: 0} | ret=SUCCESS |  
2019-08-23 11:31:40,009 | INFO  | DNAudit | user=null | ip=null | op=WRITE_CHUNK {blockData=conID: 2 locID: 102666069605417518 bcsId: 0} | ret=SUCCESS |  
2019-08-23 11:31:40,010 | INFO  | DNAudit | user=null | ip=null | op=PUT_BLOCK {blockData=[blockId=conID: 2 locID: 102666069605417518 bcsId: 0,size=1048576]} | ret=SUCCESS |  
2019-08-23 11:31:40,010 [grpc-default-executor-5] INFO  client.GrpcClientProtocolClient (GrpcClientProtocolClient.java:onNext(255)) - client-C9E345EC67ED->244f13ac-34be-4c4e-8e45-0c0272edbbb2: receive RaftClientReply:client-C9E345EC67ED->244f13ac-34be-4c4e-8e45-0c0272edbbb2@group-FE77C852EF02, cid=2141, SUCCESS, logIndex=3126, commits[244f13ac-34be-4c4e-8e45-0c0272edbbb2:c3128, 6287e41a-5356-4f55-84f2-270816d53e84:c3125, a2c18d3d-e79d-47c9-88fe-d8a1d195302b:c3125]
2019-08-23 11:31:40,010 | INFO  | DNAudit | user=null | ip=null | op=WRITE_CHUNK {blockData=conID: 2 locID: 102666069605417518 bcsId: 0} | ret=SUCCESS |  
2019-08-23 11:31:40,010 | INFO  | DNAudit | user=null | ip=null | op=PUT_BLOCK {blockData=[blockId=conID: 2 locID: 102666069605417518 bcsId: 0,size=2097152]} | ret=SUCCESS |  
2019-08-23 11:31:40,010 [grpc-default-executor-5] INFO  client.GrpcClientProtocolClient (GrpcClientProtocolClient.java:onNext(255)) - client-C9E345EC67ED->244f13ac-34be-4c4e-8e45-0c0272edbbb2: receive RaftClientReply:client-C9E345EC67ED->244f13ac-34be-4c4e-8e45-0c0272edbbb2@group-FE77C852EF02, cid=2142, SUCCESS, logIndex=3127, commits[244f13ac-34be-4c4e-8e45-0c0272edbbb2:c3129, 6287e41a-5356-4f55-84f2-270816d53e84:c3125, a2c18d3d-e79d-47c9-88fe-d8a1d195302b:c3125]
2019-08-23 11:31:40,011 [grpc-default-executor-5] INFO  client.GrpcClientProtocolClient (GrpcClientProtocolClient.java:onNext(255)) - client-C9E345EC67ED->244f13ac-34be-4c4e-8e45-0c0272edbbb2: receive RaftClientReply:client-C9E345EC67ED->244f13ac-34be-4c4e-8e45-0c0272edbbb2@group-FE77C852EF02, cid=2143, SUCCESS, logIndex=3128, commits[244f13ac-34be-4c4e-8e45-0c0272edbbb2:c3129, 6287e41a-5356-4f55-84f2-270816d53e84:c3125, a2c18d3d-e79d-47c9-88fe-d8a1d195302b:c3125]
2019-08-23 11:31:40,011 [grpc-default-executor-5] INFO  client.GrpcClientProtocolClient (GrpcClientProtocolClient.java:onNext(255)) - client-C9E345EC67ED->244f13ac-34be-4c4e-8e45-0c0272edbbb2: receive RaftClientReply:client-C9E345EC67ED->244f13ac-34be-4c4e-8e45-0c0272edbbb2@group-FE77C852EF02, cid=2144, SUCCESS, logIndex=3129, commits[244f13ac-34be-4c4e-8e45-0c0272edbbb2:c3129, 6287e41a-5356-4f55-84f2-270816d53e84:c3125, a2c18d3d-e79d-47c9-88fe-d8a1d195302b:c3125]
2019-08-23 11:31:40,021 | INFO  | DNAudit | user=null | ip=null | op=WRITE_CHUNK {blockData=conID: 2 locID: 102666069605417518 bcsId: 0} | ret=SUCCESS |  
2019-08-23 11:31:40,023 | INFO  | DNAudit | user=null | ip=null | op=PUT_BLOCK {blockData=[blockId=conID: 2 locID: 102666069605417518 bcsId: 0,size=1048576]} | ret=SUCCESS |  
2019-08-23 11:31:40,024 | INFO  | DNAudit | user=null | ip=null | op=WRITE_CHUNK {blockData=conID: 2 locID: 102666069605417518 bcsId: 0} | ret=SUCCESS |  
2019-08-23 11:31:40,024 | INFO  | DNAudit | user=null | ip=null | op=PUT_BLOCK {blockData=[blockId=conID: 2 locID: 102666069605417518 bcsId: 0,size=2097152]} | ret=SUCCESS |  
2019-08-23 11:31:40,024 | INFO  | DNAudit | user=null | ip=null | op=WRITE_CHUNK {blockData=conID: 2 locID: 102666069605417518 bcsId: 0} | ret=SUCCESS |  
2019-08-23 11:31:40,024 | INFO  | DNAudit | user=null | ip=null | op=PUT_BLOCK {blockData=[blockId=conID: 2 locID: 102666069605417518 bcsId: 0,size=1048576]} | ret=SUCCESS |  
2019-08-23 11:31:40,024 | INFO  | DNAudit | user=null | ip=null | op=WRITE_CHUNK {blockData=conID: 2 locID: 102666069605417518 bcsId: 0} | ret=SUCCESS |  
2019-08-23 11:31:40,024 [grpc-default-executor-5] INFO  client.GrpcClientProtocolClient (GrpcClientProtocolClient.java:onNext(255)) - client-C9E345EC67ED->244f13ac-34be-4c4e-8e45-0c0272edbbb2: receive RaftClientReply:client-C9E345EC67ED->244f13ac-34be-4c4e-8e45-0c0272edbbb2@group-FE77C852EF02, cid=2145, SUCCESS, logIndex=0, commits[244f13ac-34be-4c4e-8e45-0c0272edbbb2:c3133, 6287e41a-5356-4f55-84f2-270816d53e84:c3129, a2c18d3d-e79d-47c9-88fe-d8a1d195302b:c3127]
2019-08-23 11:31:40,024 | INFO  | DNAudit | user=null | ip=null | op=PUT_BLOCK {blockData=[blockId=conID: 2 locID: 102666069605417518 bcsId: 0,size=2097152]} | ret=SUCCESS |  
2019-08-23 11:31:40,030 | INFO  | DNAudit | user=null | ip=null | op=WRITE_CHUNK {blockData=conID: 2 locID: 102666069605417518 bcsId: 3129} | ret=SUCCESS |  
2019-08-23 11:31:40,031 | INFO  | DNAudit | user=null | ip=null | op=WRITE_CHUNK {blockData=conID: 2 locID: 102666069605417518 bcsId: 3129} | ret=SUCCESS |  
2019-08-23 11:31:40,031 | INFO  | DNAudit | user=null | ip=null | op=WRITE_CHUNK {blockData=conID: 2 locID: 102666069605417518 bcsId: 3129} | ret=SUCCESS |  
2019-08-23 11:31:40,042 | INFO  | DNAudit | user=null | ip=null | op=WRITE_CHUNK {blockData=conID: 2 locID: 102666069605417518 bcsId: 3129} | ret=SUCCESS |  
2019-08-23 11:31:40,042 | INFO  | DNAudit | user=null | ip=null | op=PUT_BLOCK {blockData=[blockId=conID: 2 locID: 102666069605417518 bcsId: 0,size=3145728]} | ret=SUCCESS |  
2019-08-23 11:31:40,042 [grpc-default-executor-2] INFO  client.GrpcClientProtocolClient (GrpcClientProtocolClient.java:onNext(255)) - client-C9E345EC67ED->244f13ac-34be-4c4e-8e45-0c0272edbbb2: receive RaftClientReply:client-C9E345EC67ED->244f13ac-34be-4c4e-8e45-0c0272edbbb2@group-FE77C852EF02, cid=2146, SUCCESS, logIndex=3134, commits[244f13ac-34be-4c4e-8e45-0c0272edbbb2:c3135, 6287e41a-5356-4f55-84f2-270816d53e84:c3133, a2c18d3d-e79d-47c9-88fe-d8a1d195302b:c3133]
2019-08-23 11:31:40,043 [grpc-default-executor-2] INFO  client.GrpcClientProtocolClient (GrpcClientProtocolClient.java:onNext(255)) - client-C9E345EC67ED->244f13ac-34be-4c4e-8e45-0c0272edbbb2: receive RaftClientReply:client-C9E345EC67ED->244f13ac-34be-4c4e-8e45-0c0272edbbb2@group-FE77C852EF02, cid=2147, SUCCESS, logIndex=3135, commits[244f13ac-34be-4c4e-8e45-0c0272edbbb2:c3135, 6287e41a-5356-4f55-84f2-270816d53e84:c3133, a2c18d3d-e79d-47c9-88fe-d8a1d195302b:c3133]
2019-08-23 11:31:40,048 | INFO  | DNAudit | user=null | ip=null | op=WRITE_CHUNK {blockData=conID: 2 locID: 102666069605417518 bcsId: 3135} | ret=SUCCESS |  
2019-08-23 11:31:40,050 | INFO  | DNAudit | user=null | ip=null | op=WRITE_CHUNK {blockData=conID: 2 locID: 102666069605417518 bcsId: 3135} | ret=SUCCESS |  
2019-08-23 11:31:40,050 | INFO  | DNAudit | user=null | ip=null | op=WRITE_CHUNK {blockData=conID: 2 locID: 102666069605417518 bcsId: 3135} | ret=SUCCESS |  
2019-08-23 11:31:40,054 | INFO  | DNAudit | user=null | ip=null | op=WRITE_CHUNK {blockData=conID: 2 locID: 102666069605417518 bcsId: 3129} | ret=SUCCESS |  
2019-08-23 11:31:40,054 | INFO  | DNAudit | user=null | ip=null | op=WRITE_CHUNK {blockData=conID: 2 locID: 102666069605417518 bcsId: 3129} | ret=SUCCESS |  
2019-08-23 11:31:40,056 | INFO  | DNAudit | user=null | ip=null | op=PUT_BLOCK {blockData=[blockId=conID: 2 locID: 102666069605417518 bcsId: 0,size=3145728]} | ret=SUCCESS |  
2019-08-23 11:31:40,056 | INFO  | DNAudit | user=null | ip=null | op=PUT_BLOCK {blockData=[blockId=conID: 2 locID: 102666069605417518 bcsId: 0,size=3145728]} | ret=SUCCESS |  
2019-08-23 11:31:40,057 | INFO  | DNAudit | user=null | ip=null | op=WRITE_CHUNK {blockData=conID: 2 locID: 102666069605417518 bcsId: 3135} | ret=SUCCESS |  
2019-08-23 11:31:40,057 | INFO  | DNAudit | user=null | ip=null | op=PUT_BLOCK {blockData=[blockId=conID: 2 locID: 102666069605417518 bcsId: 0,size=4194304]} | ret=SUCCESS |  
2019-08-23 11:31:40,057 [grpc-default-executor-4] INFO  client.GrpcClientProtocolClient (GrpcClientProtocolClient.java:onNext(255)) - client-C9E345EC67ED->244f13ac-34be-4c4e-8e45-0c0272edbbb2: receive RaftClientReply:client-C9E345EC67ED->244f13ac-34be-4c4e-8e45-0c0272edbbb2@group-FE77C852EF02, cid=2148, SUCCESS, logIndex=3138, commits[244f13ac-34be-4c4e-8e45-0c0272edbbb2:c3139, 6287e41a-5356-4f55-84f2-270816d53e84:c3135, a2c18d3d-e79d-47c9-88fe-d8a1d195302b:c3135]
2019-08-23 11:31:40,058 [grpc-default-executor-4] INFO  client.GrpcClientProtocolClient (GrpcClientProtocolClient.java:onNext(255)) - client-C9E345EC67ED->244f13ac-34be-4c4e-8e45-0c0272edbbb2: receive RaftClientReply:client-C9E345EC67ED->244f13ac-34be-4c4e-8e45-0c0272edbbb2@group-FE77C852EF02, cid=2149, SUCCESS, logIndex=3139, commits[244f13ac-34be-4c4e-8e45-0c0272edbbb2:c3139, 6287e41a-5356-4f55-84f2-270816d53e84:c3135, a2c18d3d-e79d-47c9-88fe-d8a1d195302b:c3135]
2019-08-23 11:31:40,068 | INFO  | DNAudit | user=null | ip=null | op=WRITE_CHUNK {blockData=conID: 2 locID: 102666069605417518 bcsId: 3135} | ret=SUCCESS |  
2019-08-23 11:31:40,068 | INFO  | DNAudit | user=null | ip=null | op=WRITE_CHUNK {blockData=conID: 2 locID: 102666069605417518 bcsId: 3135} | ret=SUCCESS |  
2019-08-23 11:31:40,068 | INFO  | DNAudit | user=null | ip=null | op=PUT_BLOCK {blockData=[blockId=conID: 2 locID: 102666069605417518 bcsId: 0,size=4194304]} | ret=SUCCESS |  
2019-08-23 11:31:40,071 | INFO  | DNAudit | user=null | ip=null | op=PUT_BLOCK {blockData=[blockId=conID: 2 locID: 102666069605417518 bcsId: 0,size=4194304]} | ret=SUCCESS |  
2019-08-23 11:31:40,071 [grpc-default-executor-4] INFO  client.GrpcClientProtocolClient (GrpcClientProtocolClient.java:onNext(255)) - client-C9E345EC67ED->244f13ac-34be-4c4e-8e45-0c0272edbbb2: receive RaftClientReply:client-C9E345EC67ED->244f13ac-34be-4c4e-8e45-0c0272edbbb2@group-FE77C852EF02, cid=2150, SUCCESS, logIndex=0, commits[244f13ac-34be-4c4e-8e45-0c0272edbbb2:c3141, 6287e41a-5356-4f55-84f2-270816d53e84:c3139, a2c18d3d-e79d-47c9-88fe-d8a1d195302b:c3139]
2019-08-23 11:31:40,075 | INFO  | SCMAudit | user=jenkins1000 | ip=192.168.5.185 | op=ALLOCATE_BLOCK {owner=00a23185-76ea-47b5-a641-ad3cfbe5521a, size=4194304, type=RATIS, factor=THREE} | ret=SUCCESS |  
2019-08-23 11:31:40,077 | INFO  | OMAudit | user=jenkins1000 | ip=127.0.0.1 | op=ALLOCATE_BLOCK {volume=vol-0-37508, bucket=bucket-0-50919, key=key-0-57313, dataSize=0, replicationType=null, replicationFactor=null, keyLocationInfo=null, clientID=102666068570931602} | ret=SUCCESS |  
2019-08-23 11:31:40,083 | INFO  | DNAudit | user=null | ip=null | op=WRITE_CHUNK {blockData=conID: 3 locID: 102666069611315759 bcsId: 0} | ret=SUCCESS |  
2019-08-23 11:31:40,084 | INFO  | DNAudit | user=null | ip=null | op=WRITE_CHUNK {blockData=conID: 3 locID: 102666069611315759 bcsId: 0} | ret=SUCCESS |  
 0.00% |█                                                                                                    |  0/1 Time: 0:00:152019-08-23 11:31:40,085 | INFO  | DNAudit | user=null | ip=null | op=WRITE_CHUNK {blockData=conID: 3 locID: 102666069611315759 bcsId: 0} | ret=SUCCESS |  
2019-08-23 11:31:40,085 | INFO  | DNAudit | user=null | ip=null | op=WRITE_CHUNK {blockData=conID: 3 locID: 102666069611315759 bcsId: 0} | ret=SUCCESS |  
2019-08-23 11:31:40,085 | INFO  | SCMAudit | user=jenkins1000 | ip=192.168.5.185 | op=SEND_HEARTBEAT {datanodeUUID=244f13ac-34be-4c4e-8e45-0c0272edbbb2, command=[]} | ret=SUCCESS |  
2019-08-23 11:31:40,085 | INFO  | SCMAudit | user=jenkins1000 | ip=192.168.5.185 | op=SEND_HEARTBEAT {datanodeUUID=b2c34899-c5c3-4720-9d95-984efeabf4a7, command=[]} | ret=SUCCESS |  
2019-08-23 11:31:40,085 | INFO  | SCMAudit | user=jenkins1000 | ip=192.168.5.185 | op=SEND_HEARTBEAT {datanodeUUID=0d166765-8492-4439-8677-f737a7bc54ca, command=[]} | ret=SUCCESS |  
2019-08-23 11:31:40,085 | INFO  | SCMAudit | user=jenkins1000 | ip=192.168.5.185 | op=SEND_HEARTBEAT {datanodeUUID=6287e41a-5356-4f55-84f2-270816d53e84, command=[]} | ret=SUCCESS |  
2019-08-23 11:31:40,085 | INFO  | SCMAudit | user=jenkins1000 | ip=192.168.5.185 | op=SEND_HEARTBEAT {datanodeUUID=a2c18d3d-e79d-47c9-88fe-d8a1d195302b, command=[]} | ret=SUCCESS |  
2019-08-23 11:31:40,086 | INFO  | DNAudit | user=null | ip=null | op=WRITE_CHUNK {blockData=conID: 3 locID: 102666069611315759 bcsId: 0} | ret=SUCCESS |  
2019-08-23 11:31:40,086 | INFO  | DNAudit | user=null | ip=null | op=WRITE_CHUNK {blockData=conID: 3 locID: 102666069611315759 bcsId: 0} | ret=SUCCESS |  
2019-08-23 11:31:40,097 | INFO  | DNAudit | user=null | ip=null | op=WRITE_CHUNK {blockData=conID: 3 locID: 102666069611315759 bcsId: 0} | ret=SUCCESS |  
2019-08-23 11:31:40,098 | INFO  | DNAudit | user=null | ip=null | op=PUT_BLOCK {blockData=[blockId=conID: 3 locID: 102666069611315759 bcsId: 0,size=1048576]} | ret=SUCCESS |  
2019-08-23 11:31:40,098 | INFO  | DNAudit | user=null | ip=null | op=WRITE_CHUNK {blockData=conID: 3 locID: 102666069611315759 bcsId: 0} | ret=SUCCESS |  
2019-08-23 11:31:40,098 [grpc-default-executor-5] INFO  client.GrpcClientProtocolClient (GrpcClientProtocolClient.java:onNext(255)) - client-C9E345EC67ED->244f13ac-34be-4c4e-8e45-0c0272edbbb2: receive RaftClientReply:client-C9E345EC67ED->244f13ac-34be-4c4e-8e45-0c0272edbbb2@group-FE77C852EF02, cid=2151, SUCCESS, logIndex=3142, commits[244f13ac-34be-4c4e-8e45-0c0272edbbb2:c3145, 6287e41a-5356-4f55-84f2-270816d53e84:c3141, a2c18d3d-e79d-47c9-88fe-d8a1d195302b:c3141]
2019-08-23 11:31:40,098 | INFO  | DNAudit | user=null | ip=null | op=PUT_BLOCK {blockData=[blockId=conID: 3 locID: 102666069611315759 bcsId: 0,size=2097152]} | ret=SUCCESS |  
2019-08-23 11:31:40,099 [grpc-default-executor-5] INFO  client.GrpcClientProtocolClient (GrpcClientProtocolClient.java:onNext(255)) - client-C9E345EC67ED->244f13ac-34be-4c4e-8e45-0c0272edbbb2: receive RaftClientReply:client-C9E345EC67ED->244f13ac-34be-4c4e-8e45-0c0272edbbb2@group-FE77C852EF02, cid=2152, SUCCESS, logIndex=3143, commits[244f13ac-34be-4c4e-8e45-0c0272edbbb2:c3145, 6287e41a-5356-4f55-84f2-270816d53e84:c3141, a2c18d3d-e79d-47c9-88fe-d8a1d195302b:c3141]
2019-08-23 11:31:40,099 [grpc-default-executor-5] INFO  client.GrpcClientProtocolClient (GrpcClientProtocolClient.java:onNext(255)) - client-C9E345EC67ED->244f13ac-34be-4c4e-8e45-0c0272edbbb2: receive RaftClientReply:client-C9E345EC67ED->244f13ac-34be-4c4e-8e45-0c0272edbbb2@group-FE77C852EF02, cid=2153, SUCCESS, logIndex=3144, commits[244f13ac-34be-4c4e-8e45-0c0272edbbb2:c3145, 6287e41a-5356-4f55-84f2-270816d53e84:c3141, a2c18d3d-e79d-47c9-88fe-d8a1d195302b:c3141]
2019-08-23 11:31:40,099 [grpc-default-executor-5] INFO  client.GrpcClientProtocolClient (GrpcClientProtocolClient.java:onNext(255)) - client-C9E345EC67ED->244f13ac-34be-4c4e-8e45-0c0272edbbb2: receive RaftClientReply:client-C9E345EC67ED->244f13ac-34be-4c4e-8e45-0c0272edbbb2@group-FE77C852EF02, cid=2154, SUCCESS, logIndex=3145, commits[244f13ac-34be-4c4e-8e45-0c0272edbbb2:c3145, 6287e41a-5356-4f55-84f2-270816d53e84:c3141, a2c18d3d-e79d-47c9-88fe-d8a1d195302b:c3141]
2019-08-23 11:31:40,109 | INFO  | DNAudit | user=null | ip=null | op=WRITE_CHUNK {blockData=conID: 3 locID: 102666069611315759 bcsId: 0} | ret=SUCCESS |  
2019-08-23 11:31:40,109 | INFO  | DNAudit | user=null | ip=null | op=WRITE_CHUNK {blockData=conID: 3 locID: 102666069611315759 bcsId: 0} | ret=SUCCESS |  
2019-08-23 11:31:40,112 | INFO  | DNAudit | user=null | ip=null | op=PUT_BLOCK {blockData=[blockId=conID: 3 locID: 102666069611315759 bcsId: 0,size=1048576]} | ret=SUCCESS |  
2019-08-23 11:31:40,112 | INFO  | DNAudit | user=null | ip=null | op=PUT_BLOCK {blockData=[blockId=conID: 3 locID: 102666069611315759 bcsId: 0,size=1048576]} | ret=SUCCESS |  
2019-08-23 11:31:40,112 | INFO  | DNAudit | user=null | ip=null | op=WRITE_CHUNK {blockData=conID: 3 locID: 102666069611315759 bcsId: 0} | ret=SUCCESS |  
2019-08-23 11:31:40,112 | INFO  | DNAudit | user=null | ip=null | op=WRITE_CHUNK {blockData=conID: 3 locID: 102666069611315759 bcsId: 0} | ret=SUCCESS |  
2019-08-23 11:31:40,112 | INFO  | DNAudit | user=null | ip=null | op=PUT_BLOCK {blockData=[blockId=conID: 3 locID: 102666069611315759 bcsId: 0,size=2097152]} | ret=SUCCESS |  
2019-08-23 11:31:40,112 | INFO  | DNAudit | user=null | ip=null | op=PUT_BLOCK {blockData=[blockId=conID: 3 locID: 102666069611315759 bcsId: 0,size=2097152]} | ret=SUCCESS |  
2019-08-23 11:31:40,112 [grpc-default-executor-5] INFO  client.GrpcClientProtocolClient (GrpcClientProtocolClient.java:onNext(255)) - client-C9E345EC67ED->244f13ac-34be-4c4e-8e45-0c0272edbbb2: receive RaftClientReply:client-C9E345EC67ED->244f13ac-34be-4c4e-8e45-0c0272edbbb2@group-FE77C852EF02, cid=2155, SUCCESS, logIndex=0, commits[244f13ac-34be-4c4e-8e45-0c0272edbbb2:c3147, 6287e41a-5356-4f55-84f2-270816d53e84:c3144, a2c18d3d-e79d-47c9-88fe-d8a1d195302b:c3144]
2019-08-23 11:31:40,118 | INFO  | DNAudit | user=null | ip=null | op=WRITE_CHUNK {blockData=conID: 3 locID: 102666069611315759 bcsId: 3145} | ret=SUCCESS |  
2019-08-23 11:31:40,119 | INFO  | DNAudit | user=null | ip=null | op=WRITE_CHUNK {blockData=conID: 3 locID: 102666069611315759 bcsId: 3145} | ret=SUCCESS |  
2019-08-23 11:31:40,119 | INFO  | DNAudit | user=null | ip=null | op=WRITE_CHUNK {blockData=conID: 3 locID: 102666069611315759 bcsId: 3145} | ret=SUCCESS |  
2019-08-23 11:31:40,128 | INFO  | DNAudit | user=null | ip=null | op=WRITE_CHUNK {blockData=conID: 3 locID: 102666069611315759 bcsId: 3145} | ret=SUCCESS |  
2019-08-23 11:31:40,128 | INFO  | DNAudit | user=null | ip=null | op=PUT_BLOCK {blockData=[blockId=conID: 3 locID: 102666069611315759 bcsId: 0,size=3145728]} | ret=SUCCESS |  
2019-08-23 11:31:40,129 [grpc-default-executor-4] INFO  client.GrpcClientProtocolClient (GrpcClientProtocolClient.java:onNext(255)) - client-C9E345EC67ED->244f13ac-34be-4c4e-8e45-0c0272edbbb2: receive RaftClientReply:client-C9E345EC67ED->244f13ac-34be-4c4e-8e45-0c0272edbbb2@group-FE77C852EF02, cid=2156, SUCCESS, logIndex=3149, commits[244f13ac-34be-4c4e-8e45-0c0272edbbb2:c3150, 6287e41a-5356-4f55-84f2-270816d53e84:c3148, a2c18d3d-e79d-47c9-88fe-d8a1d195302b:c3148]
2019-08-23 11:31:40,129 [grpc-default-executor-4] INFO  client.GrpcClientProtocolClient (GrpcClientProtocolClient.java:onNext(255)) - client-C9E345EC67ED->244f13ac-34be-4c4e-8e45-0c0272edbbb2: receive RaftClientReply:client-C9E345EC67ED->244f13ac-34be-4c4e-8e45-0c0272edbbb2@group-FE77C852EF02, cid=2157, SUCCESS, logIndex=3150, commits[244f13ac-34be-4c4e-8e45-0c0272edbbb2:c3150, 6287e41a-5356-4f55-84f2-270816d53e84:c3148, a2c18d3d-e79d-47c9-88fe-d8a1d195302b:c3148]
2019-08-23 11:31:40,134 | INFO  | DNAudit | user=null | ip=null | op=WRITE_CHUNK {blockData=conID: 3 locID: 102666069611315759 bcsId: 3150} | ret=SUCCESS |  
2019-08-23 11:31:40,135 | INFO  | DNAudit | user=null | ip=null | op=WRITE_CHUNK {blockData=conID: 3 locID: 102666069611315759 bcsId: 3150} | ret=SUCCESS |  
2019-08-23 11:31:40,135 | INFO  | DNAudit | user=null | ip=null | op=WRITE_CHUNK {blockData=conID: 3 locID: 102666069611315759 bcsId: 3150} | ret=SUCCESS |  
2019-08-23 11:31:40,138 | INFO  | DNAudit | user=null | ip=null | op=WRITE_CHUNK {blockData=conID: 3 locID: 102666069611315759 bcsId: 3145} | ret=SUCCESS |  
2019-08-23 11:31:40,138 | INFO  | DNAudit | user=null | ip=null | op=WRITE_CHUNK {blockData=conID: 3 locID: 102666069611315759 bcsId: 3145} | ret=SUCCESS |  
2019-08-23 11:31:40,138 | INFO  | DNAudit | user=null | ip=null | op=PUT_BLOCK {blockData=[blockId=conID: 3 locID: 102666069611315759 bcsId: 0,size=3145728]} | ret=SUCCESS |  
2019-08-23 11:31:40,138 | INFO  | DNAudit | user=null | ip=null | op=PUT_BLOCK {blockData=[blockId=conID: 3 locID: 102666069611315759 bcsId: 0,size=3145728]} | ret=SUCCESS |  
2019-08-23 11:31:40,141 | INFO  | DNAudit | user=null | ip=null | op=WRITE_CHUNK {blockData=conID: 3 locID: 102666069611315759 bcsId: 3150} | ret=SUCCESS |  
2019-08-23 11:31:40,142 | INFO  | DNAudit | user=null | ip=null | op=PUT_BLOCK {blockData=[blockId=conID: 3 locID: 102666069611315759 bcsId: 0,size=4194304]} | ret=SUCCESS |  
2019-08-23 11:31:40,142 [grpc-default-executor-4] INFO  client.GrpcClientProtocolClient (GrpcClientProtocolClient.java:onNext(255)) - client-C9E345EC67ED->244f13ac-34be-4c4e-8e45-0c0272edbbb2: receive RaftClientReply:client-C9E345EC67ED->244f13ac-34be-4c4e-8e45-0c0272edbbb2@group-FE77C852EF02, cid=2158, SUCCESS, logIndex=3153, commits[244f13ac-34be-4c4e-8e45-0c0272edbbb2:c3153, 6287e41a-5356-4f55-84f2-270816d53e84:c3150, a2c18d3d-e79d-47c9-88fe-d8a1d195302b:c3150]
2019-08-23 11:31:40,142 [grpc-default-executor-4] INFO  client.GrpcClientProtocolClient (GrpcClientProtocolClient.java:onNext(255)) - client-C9E345EC67ED->244f13ac-34be-4c4e-8e45-0c0272edbbb2: receive RaftClientReply:client-C9E345EC67ED->244f13ac-34be-4c4e-8e45-0c0272edbbb2@group-FE77C852EF02, cid=2159, SUCCESS, logIndex=3154, commits[244f13ac-34be-4c4e-8e45-0c0272edbbb2:c3154, 6287e41a-5356-4f55-84f2-270816d53e84:c3150, a2c18d3d-e79d-47c9-88fe-d8a1d195302b:c3150]
2019-08-23 11:31:40,151 | INFO  | DNAudit | user=null | ip=null | op=WRITE_CHUNK {blockData=conID: 3 locID: 102666069611315759 bcsId: 3150} | ret=SUCCESS |  
2019-08-23 11:31:40,151 | INFO  | DNAudit | user=null | ip=null | op=WRITE_CHUNK {blockData=conID: 3 locID: 102666069611315759 bcsId: 3150} | ret=SUCCESS |  
2019-08-23 11:31:40,153 | INFO  | DNAudit | user=null | ip=null | op=PUT_BLOCK {blockData=[blockId=conID: 3 locID: 102666069611315759 bcsId: 0,size=4194304]} | ret=SUCCESS |  
2019-08-23 11:31:40,153 | INFO  | DNAudit | user=null | ip=null | op=PUT_BLOCK {blockData=[blockId=conID: 3 locID: 102666069611315759 bcsId: 0,size=4194304]} | ret=SUCCESS |  
2019-08-23 11:31:40,153 [grpc-default-executor-4] INFO  client.GrpcClientProtocolClient (GrpcClientProtocolClient.java:onNext(255)) - client-C9E345EC67ED->244f13ac-34be-4c4e-8e45-0c0272edbbb2: receive RaftClientReply:client-C9E345EC67ED->244f13ac-34be-4c4e-8e45-0c0272edbbb2@group-FE77C852EF02, cid=2160, SUCCESS, logIndex=0, commits[244f13ac-34be-4c4e-8e45-0c0272edbbb2:c3156, 6287e41a-5356-4f55-84f2-270816d53e84:c3154, a2c18d3d-e79d-47c9-88fe-d8a1d195302b:c3154]
2019-08-23 11:31:40,157 | INFO  | SCMAudit | user=jenkins1000 | ip=192.168.5.185 | op=ALLOCATE_BLOCK {owner=00a23185-76ea-47b5-a641-ad3cfbe5521a, size=4194304, type=RATIS, factor=THREE} | ret=SUCCESS |  
2019-08-23 11:31:40,159 | INFO  | OMAudit | user=jenkins1000 | ip=127.0.0.1 | op=ALLOCATE_BLOCK {volume=vol-0-37508, bucket=bucket-0-50919, key=key-0-57313, dataSize=0, replicationType=null, replicationFactor=null, keyLocationInfo=null, clientID=102666068570931602} | ret=SUCCESS |  
2019-08-23 11:31:40,165 | INFO  | DNAudit | user=null | ip=null | op=WRITE_CHUNK {blockData=conID: 1 locID: 102666069616689712 bcsId: 0} | ret=SUCCESS |  
2019-08-23 11:31:40,167 | INFO  | DNAudit | user=null | ip=null | op=WRITE_CHUNK {blockData=conID: 1 locID: 102666069616689712 bcsId: 0} | ret=SUCCESS |  
2019-08-23 11:31:40,167 | INFO  | DNAudit | user=null | ip=null | op=WRITE_CHUNK {blockData=conID: 1 locID: 102666069616689712 bcsId: 0} | ret=SUCCESS |  
2019-08-23 11:31:40,167 | INFO  | DNAudit | user=null | ip=null | op=WRITE_CHUNK {blockData=conID: 1 locID: 102666069616689712 bcsId: 0} | ret=SUCCESS |  
2019-08-23 11:31:40,168 | INFO  | DNAudit | user=null | ip=null | op=WRITE_CHUNK {blockData=conID: 1 locID: 102666069616689712 bcsId: 0} | ret=SUCCESS |  
2019-08-23 11:31:40,170 | INFO  | DNAudit | user=null | ip=null | op=WRITE_CHUNK {blockData=conID: 1 locID: 102666069616689712 bcsId: 0} | ret=SUCCESS |  
2019-08-23 11:31:40,178 | INFO  | DNAudit | user=null | ip=null | op=WRITE_CHUNK {blockData=conID: 1 locID: 102666069616689712 bcsId: 0} | ret=SUCCESS |  
2019-08-23 11:31:40,178 | INFO  | DNAudit | user=null | ip=null | op=PUT_BLOCK {blockData=[blockId=conID: 1 locID: 102666069616689712 bcsId: 0,size=1048576]} | ret=SUCCESS |  
2019-08-23 11:31:40,178 | INFO  | DNAudit | user=null | ip=null | op=WRITE_CHUNK {blockData=conID: 1 locID: 102666069616689712 bcsId: 0} | ret=SUCCESS |  
2019-08-23 11:31:40,178 [grpc-default-executor-4] INFO  client.GrpcClientProtocolClient (GrpcClientProtocolClient.java:onNext(255)) - client-C9E345EC67ED->244f13ac-34be-4c4e-8e45-0c0272edbbb2: receive RaftClientReply:client-C9E345EC67ED->244f13ac-34be-4c4e-8e45-0c0272edbbb2@group-FE77C852EF02, cid=2161, SUCCESS, logIndex=3157, commits[244f13ac-34be-4c4e-8e45-0c0272edbbb2:c3159, 6287e41a-5356-4f55-84f2-270816d53e84:c3156, a2c18d3d-e79d-47c9-88fe-d8a1d195302b:c3156]
2019-08-23 11:31:40,179 | INFO  | DNAudit | user=null | ip=null | op=PUT_BLOCK {blockData=[blockId=conID: 1 locID: 102666069616689712 bcsId: 0,size=2097152]} | ret=SUCCESS |  
2019-08-23 11:31:40,179 [grpc-default-executor-4] INFO  client.GrpcClientProtocolClient (GrpcClientProtocolClient.java:onNext(255)) - client-C9E345EC67ED->244f13ac-34be-4c4e-8e45-0c0272edbbb2: receive RaftClientReply:client-C9E345EC67ED->244f13ac-34be-4c4e-8e45-0c0272edbbb2@group-FE77C852EF02, cid=2162, SUCCESS, logIndex=3158, commits[244f13ac-34be-4c4e-8e45-0c0272edbbb2:c3160, 6287e41a-5356-4f55-84f2-270816d53e84:c3156, a2c18d3d-e79d-47c9-88fe-d8a1d195302b:c3156]
2019-08-23 11:31:40,179 [grpc-default-executor-4] INFO  client.GrpcClientProtocolClient (GrpcClientProtocolClient.java:onNext(255)) - client-C9E345EC67ED->244f13ac-34be-4c4e-8e45-0c0272edbbb2: receive RaftClientReply:client-C9E345EC67ED->244f13ac-34be-4c4e-8e45-0c0272edbbb2@group-FE77C852EF02, cid=2163, SUCCESS, logIndex=3159, commits[244f13ac-34be-4c4e-8e45-0c0272edbbb2:c3160, 6287e41a-5356-4f55-84f2-270816d53e84:c3156, a2c18d3d-e79d-47c9-88fe-d8a1d195302b:c3156]
2019-08-23 11:31:40,179 [grpc-default-executor-4] INFO  client.GrpcClientProtocolClient (GrpcClientProtocolClient.java:onNext(255)) - client-C9E345EC67ED->244f13ac-34be-4c4e-8e45-0c0272edbbb2: receive RaftClientReply:client-C9E345EC67ED->244f13ac-34be-4c4e-8e45-0c0272edbbb2@group-FE77C852EF02, cid=2164, SUCCESS, logIndex=3160, commits[244f13ac-34be-4c4e-8e45-0c0272edbbb2:c3160, 6287e41a-5356-4f55-84f2-270816d53e84:c3156, a2c18d3d-e79d-47c9-88fe-d8a1d195302b:c3156]
2019-08-23 11:31:40,190 | INFO  | DNAudit | user=null | ip=null | op=WRITE_CHUNK {blockData=conID: 1 locID: 102666069616689712 bcsId: 0} | ret=SUCCESS |  
2019-08-23 11:31:40,190 | INFO  | DNAudit | user=null | ip=null | op=WRITE_CHUNK {blockData=conID: 1 locID: 102666069616689712 bcsId: 0} | ret=SUCCESS |  
2019-08-23 11:31:40,190 | INFO  | DNAudit | user=null | ip=null | op=PUT_BLOCK {blockData=[blockId=conID: 1 locID: 102666069616689712 bcsId: 0,size=1048576]} | ret=SUCCESS |  
2019-08-23 11:31:40,190 | INFO  | DNAudit | user=null | ip=null | op=PUT_BLOCK {blockData=[blockId=conID: 1 locID: 102666069616689712 bcsId: 0,size=1048576]} | ret=SUCCESS |  
2019-08-23 11:31:40,190 [grpc-default-executor-4] INFO  client.GrpcClientProtocolClient (GrpcClientProtocolClient.java:onNext(255)) - client-C9E345EC67ED->244f13ac-34be-4c4e-8e45-0c0272edbbb2: receive RaftClientReply:client-C9E345EC67ED->244f13ac-34be-4c4e-8e45-0c0272edbbb2@group-FE77C852EF02, cid=2165, SUCCESS, logIndex=0, commits[244f13ac-34be-4c4e-8e45-0c0272edbbb2:c3161, 6287e41a-5356-4f55-84f2-270816d53e84:c3158, a2c18d3d-e79d-47c9-88fe-d8a1d195302b:c3158]
2019-08-23 11:31:40,191 | INFO  | DNAudit | user=null | ip=null | op=WRITE_CHUNK {blockData=conID: 1 locID: 102666069616689712 bcsId: 0} | ret=SUCCESS |  
2019-08-23 11:31:40,191 | INFO  | DNAudit | user=null | ip=null | op=PUT_BLOCK {blockData=[blockId=conID: 1 locID: 102666069616689712 bcsId: 0,size=2097152]} | ret=SUCCESS |  
2019-08-23 11:31:40,191 | INFO  | DNAudit | user=null | ip=null | op=WRITE_CHUNK {blockData=conID: 1 locID: 102666069616689712 bcsId: 0} | ret=SUCCESS |  
2019-08-23 11:31:40,191 | INFO  | DNAudit | user=null | ip=null | op=PUT_BLOCK {blockData=[blockId=conID: 1 locID: 102666069616689712 bcsId: 0,size=2097152]} | ret=SUCCESS |  
2019-08-23 11:31:40,196 | INFO  | DNAudit | user=null | ip=null | op=WRITE_CHUNK {blockData=conID: 1 locID: 102666069616689712 bcsId: 3160} | ret=SUCCESS |  
2019-08-23 11:31:40,197 | INFO  | DNAudit | user=null | ip=null | op=WRITE_CHUNK {blockData=conID: 1 locID: 102666069616689712 bcsId: 3160} | ret=SUCCESS |  
2019-08-23 11:31:40,197 | INFO  | DNAudit | user=null | ip=null | op=WRITE_CHUNK {blockData=conID: 1 locID: 102666069616689712 bcsId: 3160} | ret=SUCCESS |  
2019-08-23 11:31:40,209 | INFO  | DNAudit | user=null | ip=null | op=WRITE_CHUNK {blockData=conID: 1 locID: 102666069616689712 bcsId: 3160} | ret=SUCCESS |  
2019-08-23 11:31:40,209 | INFO  | DNAudit | user=null | ip=null | op=PUT_BLOCK {blockData=[blockId=conID: 1 locID: 102666069616689712 bcsId: 0,size=3145728]} | ret=SUCCESS |  
2019-08-23 11:31:40,210 [grpc-default-executor-4] INFO  client.GrpcClientProtocolClient (GrpcClientProtocolClient.java:onNext(255)) - client-C9E345EC67ED->244f13ac-34be-4c4e-8e45-0c0272edbbb2: receive RaftClientReply:client-C9E345EC67ED->244f13ac-34be-4c4e-8e45-0c0272edbbb2@group-FE77C852EF02, cid=2166, SUCCESS, logIndex=3165, commits[244f13ac-34be-4c4e-8e45-0c0272edbbb2:c3166, 6287e41a-5356-4f55-84f2-270816d53e84:c3164, a2c18d3d-e79d-47c9-88fe-d8a1d195302b:c3160]
2019-08-23 11:31:40,210 [grpc-default-executor-4] INFO  client.GrpcClientProtocolClient (GrpcClientProtocolClient.java:onNext(255)) - client-C9E345EC67ED->244f13ac-34be-4c4e-8e45-0c0272edbbb2: receive RaftClientReply:client-C9E345EC67ED->244f13ac-34be-4c4e-8e45-0c0272edbbb2@group-FE77C852EF02, cid=2167, SUCCESS, logIndex=3166, commits[244f13ac-34be-4c4e-8e45-0c0272edbbb2:c3166, 6287e41a-5356-4f55-84f2-270816d53e84:c3164, a2c18d3d-e79d-47c9-88fe-d8a1d195302b:c3164]
2019-08-23 11:31:40,210 | INFO  | DNAudit | user=null | ip=null | op=WRITE_CHUNK {blockData=conID: 1 locID: 102666069616689712 bcsId: 3160} | ret=SUCCESS |  
2019-08-23 11:31:40,210 | INFO  | DNAudit | user=null | ip=null | op=WRITE_CHUNK {blockData=conID: 1 locID: 102666069616689712 bcsId: 3160} | ret=SUCCESS |  
2019-08-23 11:31:40,210 | INFO  | DNAudit | user=null | ip=null | op=PUT_BLOCK {blockData=[blockId=conID: 1 locID: 102666069616689712 bcsId: 0,size=3145728]} | ret=SUCCESS |  
2019-08-23 11:31:40,212 | INFO  | DNAudit | user=null | ip=null | op=PUT_BLOCK {blockData=[blockId=conID: 1 locID: 102666069616689712 bcsId: 0,size=3145728]} | ret=SUCCESS |  
2019-08-23 11:31:40,215 | INFO  | DNAudit | user=null | ip=null | op=WRITE_CHUNK {blockData=conID: 1 locID: 102666069616689712 bcsId: 3166} | ret=SUCCESS |  
2019-08-23 11:31:40,217 | INFO  | DNAudit | user=null | ip=null | op=WRITE_CHUNK {blockData=conID: 1 locID: 102666069616689712 bcsId: 3166} | ret=SUCCESS |  
2019-08-23 11:31:40,217 | INFO  | DNAudit | user=null | ip=null | op=WRITE_CHUNK {blockData=conID: 1 locID: 102666069616689712 bcsId: 3166} | ret=SUCCESS |  
2019-08-23 11:31:40,228 | INFO  | DNAudit | user=null | ip=null | op=WRITE_CHUNK {blockData=conID: 1 locID: 102666069616689712 bcsId: 3166} | ret=SUCCESS |  
2019-08-23 11:31:40,229 | INFO  | DNAudit | user=null | ip=null | op=PUT_BLOCK {blockData=[blockId=conID: 1 locID: 102666069616689712 bcsId: 0,size=4194304]} | ret=SUCCESS |  
2019-08-23 11:31:40,229 [grpc-default-executor-2] INFO  client.GrpcClientProtocolClient (GrpcClientProtocolClient.java:onNext(255)) - client-C9E345EC67ED->244f13ac-34be-4c4e-8e45-0c0272edbbb2: receive RaftClientReply:client-C9E345EC67ED->244f13ac-34be-4c4e-8e45-0c0272edbbb2@group-FE77C852EF02, cid=2168, SUCCESS, logIndex=3169, commits[244f13ac-34be-4c4e-8e45-0c0272edbbb2:c3170, 6287e41a-5356-4f55-84f2-270816d53e84:c3168, a2c18d3d-e79d-47c9-88fe-d8a1d195302b:c3168]
2019-08-23 11:31:40,229 [grpc-default-executor-2] INFO  client.GrpcClientProtocolClient (GrpcClientProtocolClient.java:onNext(255)) - client-C9E345EC67ED->244f13ac-34be-4c4e-8e45-0c0272edbbb2: receive RaftClientReply:client-C9E345EC67ED->244f13ac-34be-4c4e-8e45-0c0272edbbb2@group-FE77C852EF02, cid=2169, SUCCESS, logIndex=3170, commits[244f13ac-34be-4c4e-8e45-0c0272edbbb2:c3170, 6287e41a-5356-4f55-84f2-270816d53e84:c3168, a2c18d3d-e79d-47c9-88fe-d8a1d195302b:c3168]
2019-08-23 11:31:40,239 | INFO  | DNAudit | user=null | ip=null | op=WRITE_CHUNK {blockData=conID: 1 locID: 102666069616689712 bcsId: 3166} | ret=SUCCESS |  
2019-08-23 11:31:40,239 | INFO  | DNAudit | user=null | ip=null | op=WRITE_CHUNK {blockData=conID: 1 locID: 102666069616689712 bcsId: 3166} | ret=SUCCESS |  
2019-08-23 11:31:40,242 | INFO  | DNAudit | user=null | ip=null | op=PUT_BLOCK {blockData=[blockId=conID: 1 locID: 102666069616689712 bcsId: 0,size=4194304]} | ret=SUCCESS |  
2019-08-23 11:31:40,242 | INFO  | DNAudit | user=null | ip=null | op=PUT_BLOCK {blockData=[blockId=conID: 1 locID: 102666069616689712 bcsId: 0,size=4194304]} | ret=SUCCESS |  
2019-08-23 11:31:40,242 [grpc-default-executor-2] INFO  client.GrpcClientProtocolClient (GrpcClientProtocolClient.java:onNext(255)) - client-C9E345EC67ED->244f13ac-34be-4c4e-8e45-0c0272edbbb2: receive RaftClientReply:client-C9E345EC67ED->244f13ac-34be-4c4e-8e45-0c0272edbbb2@group-FE77C852EF02, cid=2170, SUCCESS, logIndex=0, commits[244f13ac-34be-4c4e-8e45-0c0272edbbb2:c3172, 6287e41a-5356-4f55-84f2-270816d53e84:c3170, a2c18d3d-e79d-47c9-88fe-d8a1d195302b:c3170]
2019-08-23 11:31:40,247 | INFO  | SCMAudit | user=jenkins1000 | ip=192.168.5.185 | op=ALLOCATE_BLOCK {owner=00a23185-76ea-47b5-a641-ad3cfbe5521a, size=4194304, type=RATIS, factor=THREE} | ret=SUCCESS |  
2019-08-23 11:31:40,252 | INFO  | OMAudit | user=jenkins1000 | ip=127.0.0.1 | op=ALLOCATE_BLOCK {volume=vol-0-37508, bucket=bucket-0-50919, key=key-0-57313, dataSize=0, replicationType=null, replicationFactor=null, keyLocationInfo=null, clientID=102666068570931602} | ret=SUCCESS |  
2019-08-23 11:31:40,259 | INFO  | DNAudit | user=null | ip=null | op=WRITE_CHUNK {blockData=conID: 2 locID: 102666069622587953 bcsId: 0} | ret=SUCCESS |  
2019-08-23 11:31:40,260 | INFO  | DNAudit | user=null | ip=null | op=WRITE_CHUNK {blockData=conID: 2 locID: 102666069622587953 bcsId: 0} | ret=SUCCESS |  
2019-08-23 11:31:40,261 | INFO  | DNAudit | user=null | ip=null | op=WRITE_CHUNK {blockData=conID: 2 locID: 102666069622587953 bcsId: 0} | ret=SUCCESS |  
2019-08-23 11:31:40,261 | INFO  | DNAudit | user=null | ip=null | op=WRITE_CHUNK {blockData=conID: 2 locID: 102666069622587953 bcsId: 0} | ret=SUCCESS |  
2019-08-23 11:31:40,262 | INFO  | DNAudit | user=null | ip=null | op=WRITE_CHUNK {blockData=conID: 2 locID: 102666069622587953 bcsId: 0} | ret=SUCCESS |  
2019-08-23 11:31:40,263 | INFO  | DNAudit | user=null | ip=null | op=WRITE_CHUNK {blockData=conID: 2 locID: 102666069622587953 bcsId: 0} | ret=SUCCESS |  
2019-08-23 11:31:40,272 | INFO  | DNAudit | user=null | ip=null | op=WRITE_CHUNK {blockData=conID: 2 locID: 102666069622587953 bcsId: 0} | ret=SUCCESS |  
2019-08-23 11:31:40,273 | INFO  | DNAudit | user=null | ip=null | op=PUT_BLOCK {blockData=[blockId=conID: 2 locID: 102666069622587953 bcsId: 0,size=1048576]} | ret=SUCCESS |  
2019-08-23 11:31:40,273 | INFO  | DNAudit | user=null | ip=null | op=WRITE_CHUNK {blockData=conID: 2 locID: 102666069622587953 bcsId: 0} | ret=SUCCESS |  
2019-08-23 11:31:40,273 [grpc-default-executor-1] INFO  client.GrpcClientProtocolClient (GrpcClientProtocolClient.java:onNext(255)) - client-C9E345EC67ED->244f13ac-34be-4c4e-8e45-0c0272edbbb2: receive RaftClientReply:client-C9E345EC67ED->244f13ac-34be-4c4e-8e45-0c0272edbbb2@group-FE77C852EF02, cid=2171, SUCCESS, logIndex=3173, commits[244f13ac-34be-4c4e-8e45-0c0272edbbb2:c3174, 6287e41a-5356-4f55-84f2-270816d53e84:c3172, a2c18d3d-e79d-47c9-88fe-d8a1d195302b:c3172]
2019-08-23 11:31:40,273 | INFO  | DNAudit | user=null | ip=null | op=PUT_BLOCK {blockData=[blockId=conID: 2 locID: 102666069622587953 bcsId: 0,size=2097152]} | ret=SUCCESS |  
2019-08-23 11:31:40,273 [grpc-default-executor-1] INFO  client.GrpcClientProtocolClient (GrpcClientProtocolClient.java:onNext(255)) - client-C9E345EC67ED->244f13ac-34be-4c4e-8e45-0c0272edbbb2: receive RaftClientReply:client-C9E345EC67ED->244f13ac-34be-4c4e-8e45-0c0272edbbb2@group-FE77C852EF02, cid=2172, SUCCESS, logIndex=3174, commits[244f13ac-34be-4c4e-8e45-0c0272edbbb2:c3176, 6287e41a-5356-4f55-84f2-270816d53e84:c3172, a2c18d3d-e79d-47c9-88fe-d8a1d195302b:c3172]
2019-08-23 11:31:40,274 [grpc-default-executor-1] INFO  client.GrpcClientProtocolClient (GrpcClientProtocolClient.java:onNext(255)) - client-C9E345EC67ED->244f13ac-34be-4c4e-8e45-0c0272edbbb2: receive RaftClientReply:client-C9E345EC67ED->244f13ac-34be-4c4e-8e45-0c0272edbbb2@group-FE77C852EF02, cid=2173, SUCCESS, logIndex=3175, commits[244f13ac-34be-4c4e-8e45-0c0272edbbb2:c3176, 6287e41a-5356-4f55-84f2-270816d53e84:c3172, a2c18d3d-e79d-47c9-88fe-d8a1d195302b:c3172]
2019-08-23 11:31:40,274 [grpc-default-executor-1] INFO  client.GrpcClientProtocolClient (GrpcClientProtocolClient.java:onNext(255)) - client-C9E345EC67ED->244f13ac-34be-4c4e-8e45-0c0272edbbb2: receive RaftClientReply:client-C9E345EC67ED->244f13ac-34be-4c4e-8e45-0c0272edbbb2@group-FE77C852EF02, cid=2174, SUCCESS, logIndex=3176, commits[244f13ac-34be-4c4e-8e45-0c0272edbbb2:c3176, 6287e41a-5356-4f55-84f2-270816d53e84:c3172, a2c18d3d-e79d-47c9-88fe-d8a1d195302b:c3172]
2019-08-23 11:31:40,284 | INFO  | DNAudit | user=null | ip=null | op=WRITE_CHUNK {blockData=conID: 2 locID: 102666069622587953 bcsId: 0} | ret=SUCCESS |  
2019-08-23 11:31:40,284 | INFO  | DNAudit | user=null | ip=null | op=WRITE_CHUNK {blockData=conID: 2 locID: 102666069622587953 bcsId: 0} | ret=SUCCESS |  
2019-08-23 11:31:40,286 | INFO  | DNAudit | user=null | ip=null | op=PUT_BLOCK {blockData=[blockId=conID: 2 locID: 102666069622587953 bcsId: 0,size=1048576]} | ret=SUCCESS |  
2019-08-23 11:31:40,286 | INFO  | DNAudit | user=null | ip=null | op=WRITE_CHUNK {blockData=conID: 2 locID: 102666069622587953 bcsId: 0} | ret=SUCCESS |  
2019-08-23 11:31:40,286 | INFO  | DNAudit | user=null | ip=null | op=PUT_BLOCK {blockData=[blockId=conID: 2 locID: 102666069622587953 bcsId: 0,size=1048576]} | ret=SUCCESS |  
2019-08-23 11:31:40,287 | INFO  | DNAudit | user=null | ip=null | op=WRITE_CHUNK {blockData=conID: 2 locID: 102666069622587953 bcsId: 0} | ret=SUCCESS |  
2019-08-23 11:31:40,287 | INFO  | DNAudit | user=null | ip=null | op=PUT_BLOCK {blockData=[blockId=conID: 2 locID: 102666069622587953 bcsId: 0,size=2097152]} | ret=SUCCESS |  
2019-08-23 11:31:40,287 | INFO  | DNAudit | user=null | ip=null | op=PUT_BLOCK {blockData=[blockId=conID: 2 locID: 102666069622587953 bcsId: 0,size=2097152]} | ret=SUCCESS |  
2019-08-23 11:31:40,287 [grpc-default-executor-1] INFO  client.GrpcClientProtocolClient (GrpcClientProtocolClient.java:onNext(255)) - client-C9E345EC67ED->244f13ac-34be-4c4e-8e45-0c0272edbbb2: receive RaftClientReply:client-C9E345EC67ED->244f13ac-34be-4c4e-8e45-0c0272edbbb2@group-FE77C852EF02, cid=2175, SUCCESS, logIndex=0, commits[244f13ac-34be-4c4e-8e45-0c0272edbbb2:c3179, 6287e41a-5356-4f55-84f2-270816d53e84:c3175, a2c18d3d-e79d-47c9-88fe-d8a1d195302b:c3175]
2019-08-23 11:31:40,292 | INFO  | DNAudit | user=null | ip=null | op=WRITE_CHUNK {blockData=conID: 2 locID: 102666069622587953 bcsId: 3176} | ret=SUCCESS |  
2019-08-23 11:31:40,294 | INFO  | DNAudit | user=null | ip=null | op=WRITE_CHUNK {blockData=conID: 2 locID: 102666069622587953 bcsId: 3176} | ret=SUCCESS |  
2019-08-23 11:31:40,294 | INFO  | DNAudit | user=null | ip=null | op=WRITE_CHUNK {blockData=conID: 2 locID: 102666069622587953 bcsId: 3176} | ret=SUCCESS |  
2019-08-23 11:31:40,305 | INFO  | DNAudit | user=null | ip=null | op=WRITE_CHUNK {blockData=conID: 2 locID: 102666069622587953 bcsId: 3176} | ret=SUCCESS |  
2019-08-23 11:31:40,305 | INFO  | DNAudit | user=null | ip=null | op=PUT_BLOCK {blockData=[blockId=conID: 2 locID: 102666069622587953 bcsId: 0,size=3145728]} | ret=SUCCESS |  
2019-08-23 11:31:40,305 [grpc-default-executor-1] INFO  client.GrpcClientProtocolClient (GrpcClientProtocolClient.java:onNext(255)) - client-C9E345EC67ED->244f13ac-34be-4c4e-8e45-0c0272edbbb2: receive RaftClientReply:client-C9E345EC67ED->244f13ac-34be-4c4e-8e45-0c0272edbbb2@group-FE77C852EF02, cid=2176, SUCCESS, logIndex=3181, commits[244f13ac-34be-4c4e-8e45-0c0272edbbb2:c3182, 6287e41a-5356-4f55-84f2-270816d53e84:c3180, a2c18d3d-e79d-47c9-88fe-d8a1d195302b:c3180]
2019-08-23 11:31:40,305 [grpc-default-executor-1] INFO  client.GrpcClientProtocolClient (GrpcClientProtocolClient.java:onNext(255)) - client-C9E345EC67ED->244f13ac-34be-4c4e-8e45-0c0272edbbb2: receive RaftClientReply:client-C9E345EC67ED->244f13ac-34be-4c4e-8e45-0c0272edbbb2@group-FE77C852EF02, cid=2177, SUCCESS, logIndex=3182, commits[244f13ac-34be-4c4e-8e45-0c0272edbbb2:c3182, 6287e41a-5356-4f55-84f2-270816d53e84:c3180, a2c18d3d-e79d-47c9-88fe-d8a1d195302b:c3180]
2019-08-23 11:31:40,310 | INFO  | DNAudit | user=null | ip=null | op=WRITE_CHUNK {blockData=conID: 2 locID: 102666069622587953 bcsId: 3182} | ret=SUCCESS |  
2019-08-23 11:31:40,312 | INFO  | DNAudit | user=null | ip=null | op=WRITE_CHUNK {blockData=conID: 2 locID: 102666069622587953 bcsId: 3182} | ret=SUCCESS |  
2019-08-23 11:31:40,313 | INFO  | DNAudit | user=null | ip=null | op=WRITE_CHUNK {blockData=conID: 2 locID: 102666069622587953 bcsId: 3182} | ret=SUCCESS |  
2019-08-23 11:31:40,316 | INFO  | DNAudit | user=null | ip=null | op=WRITE_CHUNK {blockData=conID: 2 locID: 102666069622587953 bcsId: 3176} | ret=SUCCESS |  
2019-08-23 11:31:40,316 | INFO  | DNAudit | user=null | ip=null | op=WRITE_CHUNK {blockData=conID: 2 locID: 102666069622587953 bcsId: 3176} | ret=SUCCESS |  
2019-08-23 11:31:40,319 | INFO  | DNAudit | user=null | ip=null | op=PUT_BLOCK {blockData=[blockId=conID: 2 locID: 102666069622587953 bcsId: 0,size=3145728]} | ret=SUCCESS |  
2019-08-23 11:31:40,319 | INFO  | DNAudit | user=null | ip=null | op=PUT_BLOCK {blockData=[blockId=conID: 2 locID: 102666069622587953 bcsId: 0,size=3145728]} | ret=SUCCESS |  
2019-08-23 11:31:40,319 | INFO  | DNAudit | user=null | ip=null | op=WRITE_CHUNK {blockData=conID: 2 locID: 102666069622587953 bcsId: 3182} | ret=SUCCESS |  
2019-08-23 11:31:40,319 | INFO  | DNAudit | user=null | ip=null | op=PUT_BLOCK {blockData=[blockId=conID: 2 locID: 102666069622587953 bcsId: 0,size=4194304]} | ret=SUCCESS |  
2019-08-23 11:31:40,320 [grpc-default-executor-5] INFO  client.GrpcClientProtocolClient (GrpcClientProtocolClient.java:onNext(255)) - client-C9E345EC67ED->244f13ac-34be-4c4e-8e45-0c0272edbbb2: receive RaftClientReply:client-C9E345EC67ED->244f13ac-34be-4c4e-8e45-0c0272edbbb2@group-FE77C852EF02, cid=2178, SUCCESS, logIndex=3185, commits[244f13ac-34be-4c4e-8e45-0c0272edbbb2:c3185, 6287e41a-5356-4f55-84f2-270816d53e84:c3182, a2c18d3d-e79d-47c9-88fe-d8a1d195302b:c3182]
2019-08-23 11:31:40,320 [grpc-default-executor-5] INFO  client.GrpcClientProtocolClient (GrpcClientProtocolClient.java:onNext(255)) - client-C9E345EC67ED->244f13ac-34be-4c4e-8e45-0c0272edbbb2: receive RaftClientReply:client-C9E345EC67ED->244f13ac-34be-4c4e-8e45-0c0272edbbb2@group-FE77C852EF02, cid=2179, SUCCESS, logIndex=3186, commits[244f13ac-34be-4c4e-8e45-0c0272edbbb2:c3186, 6287e41a-5356-4f55-84f2-270816d53e84:c3182, a2c18d3d-e79d-47c9-88fe-d8a1d195302b:c3182]
2019-08-23 11:31:40,331 | INFO  | DNAudit | user=null | ip=null | op=WRITE_CHUNK {blockData=conID: 2 locID: 102666069622587953 bcsId: 3182} | ret=SUCCESS |  
2019-08-23 11:31:40,331 | INFO  | DNAudit | user=null | ip=null | op=WRITE_CHUNK {blockData=conID: 2 locID: 102666069622587953 bcsId: 3182} | ret=SUCCESS |  
2019-08-23 11:31:40,334 | INFO  | DNAudit | user=null | ip=null | op=PUT_BLOCK {blockData=[blockId=conID: 2 locID: 102666069622587953 bcsId: 0,size=4194304]} | ret=SUCCESS |  
2019-08-23 11:31:40,334 | INFO  | DNAudit | user=null | ip=null | op=PUT_BLOCK {blockData=[blockId=conID: 2 locID: 102666069622587953 bcsId: 0,size=4194304]} | ret=SUCCESS |  
2019-08-23 11:31:40,334 [grpc-default-executor-5] INFO  client.GrpcClientProtocolClient (GrpcClientProtocolClient.java:onNext(255)) - client-C9E345EC67ED->244f13ac-34be-4c4e-8e45-0c0272edbbb2: receive RaftClientReply:client-C9E345EC67ED->244f13ac-34be-4c4e-8e45-0c0272edbbb2@group-FE77C852EF02, cid=2180, SUCCESS, logIndex=0, commits[244f13ac-34be-4c4e-8e45-0c0272edbbb2:c3188, 6287e41a-5356-4f55-84f2-270816d53e84:c3186, a2c18d3d-e79d-47c9-88fe-d8a1d195302b:c3186]
2019-08-23 11:31:40,338 | INFO  | SCMAudit | user=jenkins1000 | ip=192.168.5.185 | op=ALLOCATE_BLOCK {owner=00a23185-76ea-47b5-a641-ad3cfbe5521a, size=4194304, type=RATIS, factor=THREE} | ret=SUCCESS |  
2019-08-23 11:31:40,340 | INFO  | OMAudit | user=jenkins1000 | ip=127.0.0.1 | op=ALLOCATE_BLOCK {volume=vol-0-37508, bucket=bucket-0-50919, key=key-0-57313, dataSize=0, replicationType=null, replicationFactor=null, keyLocationInfo=null, clientID=102666068570931602} | ret=SUCCESS |  
2019-08-23 11:31:40,345 | INFO  | DNAudit | user=null | ip=null | op=WRITE_CHUNK {blockData=conID: 3 locID: 102666069628486194 bcsId: 0} | ret=SUCCESS |  
2019-08-23 11:31:40,347 | INFO  | DNAudit | user=null | ip=null | op=WRITE_CHUNK {blockData=conID: 3 locID: 102666069628486194 bcsId: 0} | ret=SUCCESS |  
2019-08-23 11:31:40,347 | INFO  | DNAudit | user=null | ip=null | op=WRITE_CHUNK {blockData=conID: 3 locID: 102666069628486194 bcsId: 0} | ret=SUCCESS |  
2019-08-23 11:31:40,348 | INFO  | DNAudit | user=null | ip=null | op=WRITE_CHUNK {blockData=conID: 3 locID: 102666069628486194 bcsId: 0} | ret=SUCCESS |  
2019-08-23 11:31:40,349 | INFO  | DNAudit | user=null | ip=null | op=WRITE_CHUNK {blockData=conID: 3 locID: 102666069628486194 bcsId: 0} | ret=SUCCESS |  
2019-08-23 11:31:40,350 | INFO  | DNAudit | user=null | ip=null | op=WRITE_CHUNK {blockData=conID: 3 locID: 102666069628486194 bcsId: 0} | ret=SUCCESS |  
2019-08-23 11:31:40,367 | INFO  | DNAudit | user=null | ip=null | op=WRITE_CHUNK {blockData=conID: 3 locID: 102666069628486194 bcsId: 0} | ret=SUCCESS |  
2019-08-23 11:31:40,367 | INFO  | DNAudit | user=null | ip=null | op=PUT_BLOCK {blockData=[blockId=conID: 3 locID: 102666069628486194 bcsId: 0,size=1048576]} | ret=SUCCESS |  
2019-08-23 11:31:40,367 [grpc-default-executor-5] INFO  client.GrpcClientProtocolClient (GrpcClientProtocolClient.java:onNext(255)) - client-C9E345EC67ED->244f13ac-34be-4c4e-8e45-0c0272edbbb2: receive RaftClientReply:client-C9E345EC67ED->244f13ac-34be-4c4e-8e45-0c0272edbbb2@group-FE77C852EF02, cid=2181, SUCCESS, logIndex=3189, commits[244f13ac-34be-4c4e-8e45-0c0272edbbb2:c3190, 6287e41a-5356-4f55-84f2-270816d53e84:c3188, a2c18d3d-e79d-47c9-88fe-d8a1d195302b:c3188]
2019-08-23 11:31:40,368 [grpc-default-executor-5] INFO  client.GrpcClientProtocolClient (GrpcClientProtocolClient.java:onNext(255)) - client-C9E345EC67ED->244f13ac-34be-4c4e-8e45-0c0272edbbb2: receive RaftClientReply:client-C9E345EC67ED->244f13ac-34be-4c4e-8e45-0c0272edbbb2@group-FE77C852EF02, cid=2182, SUCCESS, logIndex=3190, commits[244f13ac-34be-4c4e-8e45-0c0272edbbb2:c3190, 6287e41a-5356-4f55-84f2-270816d53e84:c3188, a2c18d3d-e79d-47c9-88fe-d8a1d195302b:c3188]
2019-08-23 11:31:40,371 | INFO  | DNAudit | user=null | ip=null | op=WRITE_CHUNK {blockData=conID: 3 locID: 102666069628486194 bcsId: 0} | ret=SUCCESS |  
2019-08-23 11:31:40,371 | INFO  | DNAudit | user=null | ip=null | op=WRITE_CHUNK {blockData=conID: 3 locID: 102666069628486194 bcsId: 0} | ret=SUCCESS |  
2019-08-23 11:31:40,371 | INFO  | DNAudit | user=null | ip=null | op=WRITE_CHUNK {blockData=conID: 3 locID: 102666069628486194 bcsId: 0} | ret=SUCCESS |  
2019-08-23 11:31:40,371 | INFO  | DNAudit | user=null | ip=null | op=PUT_BLOCK {blockData=[blockId=conID: 3 locID: 102666069628486194 bcsId: 0,size=2097152]} | ret=SUCCESS |  
2019-08-23 11:31:40,371 | INFO  | DNAudit | user=null | ip=null | op=PUT_BLOCK {blockData=[blockId=conID: 3 locID: 102666069628486194 bcsId: 0,size=1048576]} | ret=SUCCESS |  
2019-08-23 11:31:40,371 | INFO  | DNAudit | user=null | ip=null | op=PUT_BLOCK {blockData=[blockId=conID: 3 locID: 102666069628486194 bcsId: 0,size=1048576]} | ret=SUCCESS |  
2019-08-23 11:31:40,371 [grpc-default-executor-5] INFO  client.GrpcClientProtocolClient (GrpcClientProtocolClient.java:onNext(255)) - client-C9E345EC67ED->244f13ac-34be-4c4e-8e45-0c0272edbbb2: receive RaftClientReply:client-C9E345EC67ED->244f13ac-34be-4c4e-8e45-0c0272edbbb2@group-FE77C852EF02, cid=2183, SUCCESS, logIndex=3191, commits[244f13ac-34be-4c4e-8e45-0c0272edbbb2:c3192, 6287e41a-5356-4f55-84f2-270816d53e84:c3188, a2c18d3d-e79d-47c9-88fe-d8a1d195302b:c3188]
2019-08-23 11:31:40,372 [grpc-default-executor-5] INFO  client.GrpcClientProtocolClient (GrpcClientProtocolClient.java:onNext(255)) - client-C9E345EC67ED->244f13ac-34be-4c4e-8e45-0c0272edbbb2: receive RaftClientReply:client-C9E345EC67ED->244f13ac-34be-4c4e-8e45-0c0272edbbb2@group-FE77C852EF02, cid=2184, SUCCESS, logIndex=3192, commits[244f13ac-34be-4c4e-8e45-0c0272edbbb2:c3193, 6287e41a-5356-4f55-84f2-270816d53e84:c3189, a2c18d3d-e79d-47c9-88fe-d8a1d195302b:c3189]
2019-08-23 11:31:40,372 [grpc-default-executor-5] INFO  client.GrpcClientProtocolClient (GrpcClientProtocolClient.java:onNext(255)) - client-C9E345EC67ED->244f13ac-34be-4c4e-8e45-0c0272edbbb2: receive RaftClientReply:client-C9E345EC67ED->244f13ac-34be-4c4e-8e45-0c0272edbbb2@group-FE77C852EF02, cid=2185, SUCCESS, logIndex=0, commits[244f13ac-34be-4c4e-8e45-0c0272edbbb2:c3194, 6287e41a-5356-4f55-84f2-270816d53e84:c3190, a2c18d3d-e79d-47c9-88fe-d8a1d195302b:c3190]
2019-08-23 11:31:40,373 | INFO  | DNAudit | user=null | ip=null | op=WRITE_CHUNK {blockData=conID: 3 locID: 102666069628486194 bcsId: 0} | ret=SUCCESS |  
2019-08-23 11:31:40,373 | INFO  | DNAudit | user=null | ip=null | op=WRITE_CHUNK {blockData=conID: 3 locID: 102666069628486194 bcsId: 0} | ret=SUCCESS |  
2019-08-23 11:31:40,373 | INFO  | DNAudit | user=null | ip=null | op=PUT_BLOCK {blockData=[blockId=conID: 3 locID: 102666069628486194 bcsId: 0,size=2097152]} | ret=SUCCESS |  
2019-08-23 11:31:40,373 | INFO  | DNAudit | user=null | ip=null | op=PUT_BLOCK {blockData=[blockId=conID: 3 locID: 102666069628486194 bcsId: 0,size=2097152]} | ret=SUCCESS |  
2019-08-23 11:31:40,377 | INFO  | DNAudit | user=null | ip=null | op=WRITE_CHUNK {blockData=conID: 3 locID: 102666069628486194 bcsId: 3192} | ret=SUCCESS |  
2019-08-23 11:31:40,379 | INFO  | DNAudit | user=null | ip=null | op=WRITE_CHUNK {blockData=conID: 3 locID: 102666069628486194 bcsId: 3192} | ret=SUCCESS |  
2019-08-23 11:31:40,380 | INFO  | DNAudit | user=null | ip=null | op=WRITE_CHUNK {blockData=conID: 3 locID: 102666069628486194 bcsId: 3192} | ret=SUCCESS |  
2019-08-23 11:31:40,388 | INFO  | DNAudit | user=null | ip=null | op=WRITE_CHUNK {blockData=conID: 3 locID: 102666069628486194 bcsId: 3192} | ret=SUCCESS |  
2019-08-23 11:31:40,389 | INFO  | DNAudit | user=null | ip=null | op=PUT_BLOCK {blockData=[blockId=conID: 3 locID: 102666069628486194 bcsId: 0,size=3145728]} | ret=SUCCESS |  
2019-08-23 11:31:40,389 [grpc-default-executor-1] INFO  client.GrpcClientProtocolClient (GrpcClientProtocolClient.java:onNext(255)) - client-C9E345EC67ED->244f13ac-34be-4c4e-8e45-0c0272edbbb2: receive RaftClientReply:client-C9E345EC67ED->244f13ac-34be-4c4e-8e45-0c0272edbbb2@group-FE77C852EF02, cid=2186, SUCCESS, logIndex=3197, commits[244f13ac-34be-4c4e-8e45-0c0272edbbb2:c3198, 6287e41a-5356-4f55-84f2-270816d53e84:c3196, a2c18d3d-e79d-47c9-88fe-d8a1d195302b:c3196]
2019-08-23 11:31:40,389 [grpc-default-executor-1] INFO  client.GrpcClientProtocolClient (GrpcClientProtocolClient.java:onNext(255)) - client-C9E345EC67ED->244f13ac-34be-4c4e-8e45-0c0272edbbb2: receive RaftClientReply:client-C9E345EC67ED->244f13ac-34be-4c4e-8e45-0c0272edbbb2@group-FE77C852EF02, cid=2187, SUCCESS, logIndex=3198, commits[244f13ac-34be-4c4e-8e45-0c0272edbbb2:c3198, 6287e41a-5356-4f55-84f2-270816d53e84:c3196, a2c18d3d-e79d-47c9-88fe-d8a1d195302b:c3196]
2019-08-23 11:31:40,394 | INFO  | DNAudit | user=null | ip=null | op=WRITE_CHUNK {blockData=conID: 3 locID: 102666069628486194 bcsId: 3198} | ret=SUCCESS |  
2019-08-23 11:31:40,396 | INFO  | DNAudit | user=null | ip=null | op=WRITE_CHUNK {blockData=conID: 3 locID: 102666069628486194 bcsId: 3198} | ret=SUCCESS |  
2019-08-23 11:31:40,396 | INFO  | DNAudit | user=null | ip=null | op=WRITE_CHUNK {blockData=conID: 3 locID: 102666069628486194 bcsId: 3198} | ret=SUCCESS |  
2019-08-23 11:31:40,398 | INFO  | DNAudit | user=null | ip=null | op=WRITE_CHUNK {blockData=conID: 3 locID: 102666069628486194 bcsId: 3192} | ret=SUCCESS |  
2019-08-23 11:31:40,398 | INFO  | DNAudit | user=null | ip=null | op=WRITE_CHUNK {blockData=conID: 3 locID: 102666069628486194 bcsId: 3192} | ret=SUCCESS |  
2019-08-23 11:31:40,399 | INFO  | DNAudit | user=null | ip=null | op=PUT_BLOCK {blockData=[blockId=conID: 3 locID: 102666069628486194 bcsId: 0,size=3145728]} | ret=SUCCESS |  
2019-08-23 11:31:40,399 | INFO  | DNAudit | user=null | ip=null | op=PUT_BLOCK {blockData=[blockId=conID: 3 locID: 102666069628486194 bcsId: 0,size=3145728]} | ret=SUCCESS |  
2019-08-23 11:31:40,400 | INFO  | DNAudit | user=null | ip=null | op=WRITE_CHUNK {blockData=conID: 3 locID: 102666069628486194 bcsId: 3198} | ret=SUCCESS |  
2019-08-23 11:31:40,401 | INFO  | DNAudit | user=null | ip=null | op=PUT_BLOCK {blockData=[blockId=conID: 3 locID: 102666069628486194 bcsId: 0,size=4194304]} | ret=SUCCESS |  
2019-08-23 11:31:40,401 [grpc-default-executor-5] INFO  client.GrpcClientProtocolClient (GrpcClientProtocolClient.java:onNext(255)) - client-C9E345EC67ED->244f13ac-34be-4c4e-8e45-0c0272edbbb2: receive RaftClientReply:client-C9E345EC67ED->244f13ac-34be-4c4e-8e45-0c0272edbbb2@group-FE77C852EF02, cid=2188, SUCCESS, logIndex=3201, commits[244f13ac-34be-4c4e-8e45-0c0272edbbb2:c3202, 6287e41a-5356-4f55-84f2-270816d53e84:c3198, a2c18d3d-e79d-47c9-88fe-d8a1d195302b:c3198]
2019-08-23 11:31:40,401 [grpc-default-executor-5] INFO  client.GrpcClientProtocolClient (GrpcClientProtocolClient.java:onNext(255)) - client-C9E345EC67ED->244f13ac-34be-4c4e-8e45-0c0272edbbb2: receive RaftClientReply:client-C9E345EC67ED->244f13ac-34be-4c4e-8e45-0c0272edbbb2@group-FE77C852EF02, cid=2189, SUCCESS, logIndex=3202, commits[244f13ac-34be-4c4e-8e45-0c0272edbbb2:c3202, 6287e41a-5356-4f55-84f2-270816d53e84:c3198, a2c18d3d-e79d-47c9-88fe-d8a1d195302b:c3198]
2019-08-23 11:31:40,410 | INFO  | DNAudit | user=null | ip=null | op=WRITE_CHUNK {blockData=conID: 3 locID: 102666069628486194 bcsId: 3198} | ret=SUCCESS |  
2019-08-23 11:31:40,410 | INFO  | DNAudit | user=null | ip=null | op=WRITE_CHUNK {blockData=conID: 3 locID: 102666069628486194 bcsId: 3198} | ret=SUCCESS |  
2019-08-23 11:31:40,410 | INFO  | DNAudit | user=null | ip=null | op=PUT_BLOCK {blockData=[blockId=conID: 3 locID: 102666069628486194 bcsId: 0,size=4194304]} | ret=SUCCESS |  
2019-08-23 11:31:40,410 | INFO  | DNAudit | user=null | ip=null | op=PUT_BLOCK {blockData=[blockId=conID: 3 locID: 102666069628486194 bcsId: 0,size=4194304]} | ret=SUCCESS |  
2019-08-23 11:31:40,411 [grpc-default-executor-5] INFO  client.GrpcClientProtocolClient (GrpcClientProtocolClient.java:onNext(255)) - client-C9E345EC67ED->244f13ac-34be-4c4e-8e45-0c0272edbbb2: receive RaftClientReply:client-C9E345EC67ED->244f13ac-34be-4c4e-8e45-0c0272edbbb2@group-FE77C852EF02, cid=2190, SUCCESS, logIndex=0, commits[244f13ac-34be-4c4e-8e45-0c0272edbbb2:c3203, 6287e41a-5356-4f55-84f2-270816d53e84:c3202, a2c18d3d-e79d-47c9-88fe-d8a1d195302b:c3202]
2019-08-23 11:31:40,415 | INFO  | SCMAudit | user=jenkins1000 | ip=192.168.5.185 | op=ALLOCATE_BLOCK {owner=00a23185-76ea-47b5-a641-ad3cfbe5521a, size=4194304, type=RATIS, factor=THREE} | ret=SUCCESS |  
2019-08-23 11:31:40,417 | INFO  | OMAudit | user=jenkins1000 | ip=127.0.0.1 | op=ALLOCATE_BLOCK {volume=vol-0-37508, bucket=bucket-0-50919, key=key-0-57313, dataSize=0, replicationType=null, replicationFactor=null, keyLocationInfo=null, clientID=102666068570931602} | ret=SUCCESS |  
2019-08-23 11:31:40,423 | INFO  | DNAudit | user=null | ip=null | op=WRITE_CHUNK {blockData=conID: 1 locID: 102666069633598003 bcsId: 0} | ret=SUCCESS |  
2019-08-23 11:31:40,425 | INFO  | DNAudit | user=null | ip=null | op=WRITE_CHUNK {blockData=conID: 1 locID: 102666069633598003 bcsId: 0} | ret=SUCCESS |  
2019-08-23 11:31:40,425 | INFO  | DNAudit | user=null | ip=null | op=WRITE_CHUNK {blockData=conID: 1 locID: 102666069633598003 bcsId: 0} | ret=SUCCESS |  
2019-08-23 11:31:40,426 | INFO  | DNAudit | user=null | ip=null | op=WRITE_CHUNK {blockData=conID: 1 locID: 102666069633598003 bcsId: 0} | ret=SUCCESS |  
2019-08-23 11:31:40,426 | INFO  | DNAudit | user=null | ip=null | op=WRITE_CHUNK {blockData=conID: 1 locID: 102666069633598003 bcsId: 0} | ret=SUCCESS |  
2019-08-23 11:31:40,427 | INFO  | DNAudit | user=null | ip=null | op=WRITE_CHUNK {blockData=conID: 1 locID: 102666069633598003 bcsId: 0} | ret=SUCCESS |  
2019-08-23 11:31:40,443 | INFO  | DNAudit | user=null | ip=null | op=WRITE_CHUNK {blockData=conID: 1 locID: 102666069633598003 bcsId: 0} | ret=SUCCESS |  
2019-08-23 11:31:40,443 | INFO  | DNAudit | user=null | ip=null | op=PUT_BLOCK {blockData=[blockId=conID: 1 locID: 102666069633598003 bcsId: 0,size=1048576]} | ret=SUCCESS |  
2019-08-23 11:31:40,444 [grpc-default-executor-4] INFO  client.GrpcClientProtocolClient (GrpcClientProtocolClient.java:onNext(255)) - client-C9E345EC67ED->244f13ac-34be-4c4e-8e45-0c0272edbbb2: receive RaftClientReply:client-C9E345EC67ED->244f13ac-34be-4c4e-8e45-0c0272edbbb2@group-FE77C852EF02, cid=2191, SUCCESS, logIndex=3205, commits[244f13ac-34be-4c4e-8e45-0c0272edbbb2:c3208, 6287e41a-5356-4f55-84f2-270816d53e84:c3204, a2c18d3d-e79d-47c9-88fe-d8a1d195302b:c3204]
2019-08-23 11:31:40,444 | INFO  | DNAudit | user=null | ip=null | op=WRITE_CHUNK {blockData=conID: 1 locID: 102666069633598003 bcsId: 0} | ret=SUCCESS |  
2019-08-23 11:31:40,444 [grpc-default-executor-4] INFO  client.GrpcClientProtocolClient (GrpcClientProtocolClient.java:onNext(255)) - client-C9E345EC67ED->244f13ac-34be-4c4e-8e45-0c0272edbbb2: receive RaftClientReply:client-C9E345EC67ED->244f13ac-34be-4c4e-8e45-0c0272edbbb2@group-FE77C852EF02, cid=2192, SUCCESS, logIndex=3206, commits[244f13ac-34be-4c4e-8e45-0c0272edbbb2:c3208, 6287e41a-5356-4f55-84f2-270816d53e84:c3204, a2c18d3d-e79d-47c9-88fe-d8a1d195302b:c3204]
2019-08-23 11:31:40,444 | INFO  | DNAudit | user=null | ip=null | op=PUT_BLOCK {blockData=[blockId=conID: 1 locID: 102666069633598003 bcsId: 0,size=2097152]} | ret=SUCCESS |  
2019-08-23 11:31:40,444 [grpc-default-executor-4] INFO  client.GrpcClientProtocolClient (GrpcClientProtocolClient.java:onNext(255)) - client-C9E345EC67ED->244f13ac-34be-4c4e-8e45-0c0272edbbb2: receive RaftClientReply:client-C9E345EC67ED->244f13ac-34be-4c4e-8e45-0c0272edbbb2@group-FE77C852EF02, cid=2193, SUCCESS, logIndex=3207, commits[244f13ac-34be-4c4e-8e45-0c0272edbbb2:c3208, 6287e41a-5356-4f55-84f2-270816d53e84:c3204, a2c18d3d-e79d-47c9-88fe-d8a1d195302b:c3204]
2019-08-23 11:31:40,445 | INFO  | DNAudit | user=null | ip=null | op=WRITE_CHUNK {blockData=conID: 1 locID: 102666069633598003 bcsId: 0} | ret=SUCCESS |  
2019-08-23 11:31:40,445 | INFO  | DNAudit | user=null | ip=null | op=PUT_BLOCK {blockData=[blockId=conID: 1 locID: 102666069633598003 bcsId: 0,size=1048576]} | ret=SUCCESS |  
2019-08-23 11:31:40,445 [grpc-default-executor-4] INFO  client.GrpcClientProtocolClient (GrpcClientProtocolClient.java:onNext(255)) - client-C9E345EC67ED->244f13ac-34be-4c4e-8e45-0c0272edbbb2: receive RaftClientReply:client-C9E345EC67ED->244f13ac-34be-4c4e-8e45-0c0272edbbb2@group-FE77C852EF02, cid=2194, SUCCESS, logIndex=3208, commits[244f13ac-34be-4c4e-8e45-0c0272edbbb2:c3208, 6287e41a-5356-4f55-84f2-270816d53e84:c3204, a2c18d3d-e79d-47c9-88fe-d8a1d195302b:c3204]
2019-08-23 11:31:40,445 | INFO  | DNAudit | user=null | ip=null | op=WRITE_CHUNK {blockData=conID: 1 locID: 102666069633598003 bcsId: 0} | ret=SUCCESS |  
2019-08-23 11:31:40,445 | INFO  | DNAudit | user=null | ip=null | op=PUT_BLOCK {blockData=[blockId=conID: 1 locID: 102666069633598003 bcsId: 0,size=1048576]} | ret=SUCCESS |  
2019-08-23 11:31:40,445 [grpc-default-executor-1] INFO  client.GrpcClientProtocolClient (GrpcClientProtocolClient.java:onNext(255)) - client-C9E345EC67ED->244f13ac-34be-4c4e-8e45-0c0272edbbb2: receive RaftClientReply:client-C9E345EC67ED->244f13ac-34be-4c4e-8e45-0c0272edbbb2@group-FE77C852EF02, cid=2195, SUCCESS, logIndex=0, commits[244f13ac-34be-4c4e-8e45-0c0272edbbb2:c3209, 6287e41a-5356-4f55-84f2-270816d53e84:c3206, a2c18d3d-e79d-47c9-88fe-d8a1d195302b:c3206]
2019-08-23 11:31:40,446 | INFO  | DNAudit | user=null | ip=null | op=WRITE_CHUNK {blockData=conID: 1 locID: 102666069633598003 bcsId: 0} | ret=SUCCESS |  
2019-08-23 11:31:40,446 | INFO  | DNAudit | user=null | ip=null | op=WRITE_CHUNK {blockData=conID: 1 locID: 102666069633598003 bcsId: 0} | ret=SUCCESS |  
2019-08-23 11:31:40,446 | INFO  | DNAudit | user=null | ip=null | op=PUT_BLOCK {blockData=[blockId=conID: 1 locID: 102666069633598003 bcsId: 0,size=2097152]} | ret=SUCCESS |  
2019-08-23 11:31:40,446 | INFO  | DNAudit | user=null | ip=null | op=PUT_BLOCK {blockData=[blockId=conID: 1 locID: 102666069633598003 bcsId: 0,size=2097152]} | ret=SUCCESS |  
2019-08-23 11:31:40,451 | INFO  | DNAudit | user=null | ip=null | op=WRITE_CHUNK {blockData=conID: 1 locID: 102666069633598003 bcsId: 3208} | ret=SUCCESS |  
2019-08-23 11:31:40,453 | INFO  | DNAudit | user=null | ip=null | op=WRITE_CHUNK {blockData=conID: 1 locID: 102666069633598003 bcsId: 3208} | ret=SUCCESS |  
2019-08-23 11:31:40,453 | INFO  | DNAudit | user=null | ip=null | op=WRITE_CHUNK {blockData=conID: 1 locID: 102666069633598003 bcsId: 3208} | ret=SUCCESS |  
2019-08-23 11:31:40,463 | INFO  | DNAudit | user=null | ip=null | op=WRITE_CHUNK {blockData=conID: 1 locID: 102666069633598003 bcsId: 3208} | ret=SUCCESS |  
2019-08-23 11:31:40,463 | INFO  | DNAudit | user=null | ip=null | op=PUT_BLOCK {blockData=[blockId=conID: 1 locID: 102666069633598003 bcsId: 0,size=3145728]} | ret=SUCCESS |  
2019-08-23 11:31:40,464 [grpc-default-executor-5] INFO  client.GrpcClientProtocolClient (GrpcClientProtocolClient.java:onNext(255)) - client-C9E345EC67ED->244f13ac-34be-4c4e-8e45-0c0272edbbb2: receive RaftClientReply:client-C9E345EC67ED->244f13ac-34be-4c4e-8e45-0c0272edbbb2@group-FE77C852EF02, cid=2196, SUCCESS, logIndex=3212, commits[244f13ac-34be-4c4e-8e45-0c0272edbbb2:c3213, 6287e41a-5356-4f55-84f2-270816d53e84:c3211, a2c18d3d-e79d-47c9-88fe-d8a1d195302b:c3211]
2019-08-23 11:31:40,464 [grpc-default-executor-5] INFO  client.GrpcClientProtocolClient (GrpcClientProtocolClient.java:onNext(255)) - client-C9E345EC67ED->244f13ac-34be-4c4e-8e45-0c0272edbbb2: receive RaftClientReply:client-C9E345EC67ED->244f13ac-34be-4c4e-8e45-0c0272edbbb2@group-FE77C852EF02, cid=2197, SUCCESS, logIndex=3213, commits[244f13ac-34be-4c4e-8e45-0c0272edbbb2:c3213, 6287e41a-5356-4f55-84f2-270816d53e84:c3211, a2c18d3d-e79d-47c9-88fe-d8a1d195302b:c3211]
2019-08-23 11:31:40,469 | INFO  | DNAudit | user=null | ip=null | op=WRITE_CHUNK {blockData=conID: 1 locID: 102666069633598003 bcsId: 3213} | ret=SUCCESS |  
2019-08-23 11:31:40,471 | INFO  | DNAudit | user=null | ip=null | op=WRITE_CHUNK {blockData=conID: 1 locID: 102666069633598003 bcsId: 3213} | ret=SUCCESS |  
2019-08-23 11:31:40,471 | INFO  | DNAudit | user=null | ip=null | op=WRITE_CHUNK {blockData=conID: 1 locID: 102666069633598003 bcsId: 3213} | ret=SUCCESS |  
2019-08-23 11:31:40,475 | INFO  | DNAudit | user=null | ip=null | op=WRITE_CHUNK {blockData=conID: 1 locID: 102666069633598003 bcsId: 3208} | ret=SUCCESS |  
2019-08-23 11:31:40,475 | INFO  | DNAudit | user=null | ip=null | op=WRITE_CHUNK {blockData=conID: 1 locID: 102666069633598003 bcsId: 3208} | ret=SUCCESS |  
2019-08-23 11:31:40,476 | INFO  | DNAudit | user=null | ip=null | op=PUT_BLOCK {blockData=[blockId=conID: 1 locID: 102666069633598003 bcsId: 0,size=3145728]} | ret=SUCCESS |  
2019-08-23 11:31:40,476 | INFO  | DNAudit | user=null | ip=null | op=PUT_BLOCK {blockData=[blockId=conID: 1 locID: 102666069633598003 bcsId: 0,size=3145728]} | ret=SUCCESS |  
2019-08-23 11:31:40,476 | INFO  | DNAudit | user=null | ip=null | op=WRITE_CHUNK {blockData=conID: 1 locID: 102666069633598003 bcsId: 3213} | ret=SUCCESS |  
2019-08-23 11:31:40,477 | INFO  | DNAudit | user=null | ip=null | op=PUT_BLOCK {blockData=[blockId=conID: 1 locID: 102666069633598003 bcsId: 0,size=4194304]} | ret=SUCCESS |  
2019-08-23 11:31:40,477 [grpc-default-executor-5] INFO  client.GrpcClientProtocolClient (GrpcClientProtocolClient.java:onNext(255)) - client-C9E345EC67ED->244f13ac-34be-4c4e-8e45-0c0272edbbb2: receive RaftClientReply:client-C9E345EC67ED->244f13ac-34be-4c4e-8e45-0c0272edbbb2@group-FE77C852EF02, cid=2198, SUCCESS, logIndex=3216, commits[244f13ac-34be-4c4e-8e45-0c0272edbbb2:c3217, 6287e41a-5356-4f55-84f2-270816d53e84:c3213, a2c18d3d-e79d-47c9-88fe-d8a1d195302b:c3213]
2019-08-23 11:31:40,477 [grpc-default-executor-5] INFO  client.GrpcClientProtocolClient (GrpcClientProtocolClient.java:onNext(255)) - client-C9E345EC67ED->244f13ac-34be-4c4e-8e45-0c0272edbbb2: receive RaftClientReply:client-C9E345EC67ED->244f13ac-34be-4c4e-8e45-0c0272edbbb2@group-FE77C852EF02, cid=2199, SUCCESS, logIndex=3217, commits[244f13ac-34be-4c4e-8e45-0c0272edbbb2:c3217, 6287e41a-5356-4f55-84f2-270816d53e84:c3213, a2c18d3d-e79d-47c9-88fe-d8a1d195302b:c3213]
2019-08-23 11:31:40,488 | INFO  | DNAudit | user=null | ip=null | op=WRITE_CHUNK {blockData=conID: 1 locID: 102666069633598003 bcsId: 3213} | ret=SUCCESS |  
2019-08-23 11:31:40,488 | INFO  | DNAudit | user=null | ip=null | op=WRITE_CHUNK {blockData=conID: 1 locID: 102666069633598003 bcsId: 3213} | ret=SUCCESS |  
2019-08-23 11:31:40,490 | INFO  | DNAudit | user=null | ip=null | op=PUT_BLOCK {blockData=[blockId=conID: 1 locID: 102666069633598003 bcsId: 0,size=4194304]} | ret=SUCCESS |  
2019-08-23 11:31:40,490 | INFO  | DNAudit | user=null | ip=null | op=PUT_BLOCK {blockData=[blockId=conID: 1 locID: 102666069633598003 bcsId: 0,size=4194304]} | ret=SUCCESS |  
2019-08-23 11:31:40,490 [grpc-default-executor-5] INFO  client.GrpcClientProtocolClient (GrpcClientProtocolClient.java:onNext(255)) - client-C9E345EC67ED->244f13ac-34be-4c4e-8e45-0c0272edbbb2: receive RaftClientReply:client-C9E345EC67ED->244f13ac-34be-4c4e-8e45-0c0272edbbb2@group-FE77C852EF02, cid=2200, SUCCESS, logIndex=0, commits[244f13ac-34be-4c4e-8e45-0c0272edbbb2:c3219, 6287e41a-5356-4f55-84f2-270816d53e84:c3217, a2c18d3d-e79d-47c9-88fe-d8a1d195302b:c3217]
2019-08-23 11:31:40,494 | INFO  | SCMAudit | user=jenkins1000 | ip=192.168.5.185 | op=ALLOCATE_BLOCK {owner=00a23185-76ea-47b5-a641-ad3cfbe5521a, size=4194304, type=RATIS, factor=THREE} | ret=SUCCESS |  
2019-08-23 11:31:40,496 | INFO  | OMAudit | user=jenkins1000 | ip=127.0.0.1 | op=ALLOCATE_BLOCK {volume=vol-0-37508, bucket=bucket-0-50919, key=key-0-57313, dataSize=0, replicationType=null, replicationFactor=null, keyLocationInfo=null, clientID=102666068570931602} | ret=SUCCESS |  
2019-08-23 11:31:40,502 | INFO  | DNAudit | user=null | ip=null | op=WRITE_CHUNK {blockData=conID: 2 locID: 102666069638775348 bcsId: 0} | ret=SUCCESS |  
2019-08-23 11:31:40,504 | INFO  | DNAudit | user=null | ip=null | op=WRITE_CHUNK {blockData=conID: 2 locID: 102666069638775348 bcsId: 0} | ret=SUCCESS |  
2019-08-23 11:31:40,505 | INFO  | DNAudit | user=null | ip=null | op=WRITE_CHUNK {blockData=conID: 2 locID: 102666069638775348 bcsId: 0} | ret=SUCCESS |  
2019-08-23 11:31:40,505 | INFO  | DNAudit | user=null | ip=null | op=WRITE_CHUNK {blockData=conID: 2 locID: 102666069638775348 bcsId: 0} | ret=SUCCESS |  
2019-08-23 11:31:40,506 | INFO  | DNAudit | user=null | ip=null | op=WRITE_CHUNK {blockData=conID: 2 locID: 102666069638775348 bcsId: 0} | ret=SUCCESS |  
2019-08-23 11:31:40,506 | INFO  | DNAudit | user=null | ip=null | op=WRITE_CHUNK {blockData=conID: 2 locID: 102666069638775348 bcsId: 0} | ret=SUCCESS |  
2019-08-23 11:31:40,518 | INFO  | DNAudit | user=null | ip=null | op=WRITE_CHUNK {blockData=conID: 2 locID: 102666069638775348 bcsId: 0} | ret=SUCCESS |  
2019-08-23 11:31:40,519 | INFO  | DNAudit | user=null | ip=null | op=PUT_BLOCK {blockData=[blockId=conID: 2 locID: 102666069638775348 bcsId: 0,size=1048576]} | ret=SUCCESS |  
2019-08-23 11:31:40,519 [grpc-default-executor-4] INFO  client.GrpcClientProtocolClient (GrpcClientProtocolClient.java:onNext(255)) - client-C9E345EC67ED->244f13ac-34be-4c4e-8e45-0c0272edbbb2: receive RaftClientReply:client-C9E345EC67ED->244f13ac-34be-4c4e-8e45-0c0272edbbb2@group-FE77C852EF02, cid=2201, SUCCESS, logIndex=3220, commits[244f13ac-34be-4c4e-8e45-0c0272edbbb2:c3223, 6287e41a-5356-4f55-84f2-270816d53e84:c3217, a2c18d3d-e79d-47c9-88fe-d8a1d195302b:c3219]
2019-08-23 11:31:40,519 | INFO  | DNAudit | user=null | ip=null | op=WRITE_CHUNK {blockData=conID: 2 locID: 102666069638775348 bcsId: 0} | ret=SUCCESS |  
2019-08-23 11:31:40,519 [grpc-default-executor-4] INFO  client.GrpcClientProtocolClient (GrpcClientProtocolClient.java:onNext(255)) - client-C9E345EC67ED->244f13ac-34be-4c4e-8e45-0c0272edbbb2: receive RaftClientReply:client-C9E345EC67ED->244f13ac-34be-4c4e-8e45-0c0272edbbb2@group-FE77C852EF02, cid=2202, SUCCESS, logIndex=3221, commits[244f13ac-34be-4c4e-8e45-0c0272edbbb2:c3223, 6287e41a-5356-4f55-84f2-270816d53e84:c3219, a2c18d3d-e79d-47c9-88fe-d8a1d195302b:c3219]
2019-08-23 11:31:40,519 | INFO  | DNAudit | user=null | ip=null | op=PUT_BLOCK {blockData=[blockId=conID: 2 locID: 102666069638775348 bcsId: 0,size=2097152]} | ret=SUCCESS |  
2019-08-23 11:31:40,519 [grpc-default-executor-4] INFO  client.GrpcClientProtocolClient (GrpcClientProtocolClient.java:onNext(255)) - client-C9E345EC67ED->244f13ac-34be-4c4e-8e45-0c0272edbbb2: receive RaftClientReply:client-C9E345EC67ED->244f13ac-34be-4c4e-8e45-0c0272edbbb2@group-FE77C852EF02, cid=2203, SUCCESS, logIndex=3222, commits[244f13ac-34be-4c4e-8e45-0c0272edbbb2:c3223, 6287e41a-5356-4f55-84f2-270816d53e84:c3219, a2c18d3d-e79d-47c9-88fe-d8a1d195302b:c3219]
2019-08-23 11:31:40,520 [grpc-default-executor-4] INFO  client.GrpcClientProtocolClient (GrpcClientProtocolClient.java:onNext(255)) - client-C9E345EC67ED->244f13ac-34be-4c4e-8e45-0c0272edbbb2: receive RaftClientReply:client-C9E345EC67ED->244f13ac-34be-4c4e-8e45-0c0272edbbb2@group-FE77C852EF02, cid=2204, SUCCESS, logIndex=3223, commits[244f13ac-34be-4c4e-8e45-0c0272edbbb2:c3223, 6287e41a-5356-4f55-84f2-270816d53e84:c3219, a2c18d3d-e79d-47c9-88fe-d8a1d195302b:c3219]
2019-08-23 11:31:40,530 | INFO  | DNAudit | user=null | ip=null | op=WRITE_CHUNK {blockData=conID: 2 locID: 102666069638775348 bcsId: 0} | ret=SUCCESS |  
2019-08-23 11:31:40,530 | INFO  | DNAudit | user=null | ip=null | op=WRITE_CHUNK {blockData=conID: 2 locID: 102666069638775348 bcsId: 0} | ret=SUCCESS |  
2019-08-23 11:31:40,530 | INFO  | DNAudit | user=null | ip=null | op=PUT_BLOCK {blockData=[blockId=conID: 2 locID: 102666069638775348 bcsId: 0,size=1048576]} | ret=SUCCESS |  
2019-08-23 11:31:40,530 | INFO  | DNAudit | user=null | ip=null | op=PUT_BLOCK {blockData=[blockId=conID: 2 locID: 102666069638775348 bcsId: 0,size=1048576]} | ret=SUCCESS |  
2019-08-23 11:31:40,530 [grpc-default-executor-4] INFO  client.GrpcClientProtocolClient (GrpcClientProtocolClient.java:onNext(255)) - client-C9E345EC67ED->244f13ac-34be-4c4e-8e45-0c0272edbbb2: receive RaftClientReply:client-C9E345EC67ED->244f13ac-34be-4c4e-8e45-0c0272edbbb2@group-FE77C852EF02, cid=2205, SUCCESS, logIndex=0, commits[244f13ac-34be-4c4e-8e45-0c0272edbbb2:c3224, 6287e41a-5356-4f55-84f2-270816d53e84:c3221, a2c18d3d-e79d-47c9-88fe-d8a1d195302b:c3221]
2019-08-23 11:31:40,531 | INFO  | DNAudit | user=null | ip=null | op=WRITE_CHUNK {blockData=conID: 2 locID: 102666069638775348 bcsId: 0} | ret=SUCCESS |  
2019-08-23 11:31:40,531 | INFO  | DNAudit | user=null | ip=null | op=WRITE_CHUNK {blockData=conID: 2 locID: 102666069638775348 bcsId: 0} | ret=SUCCESS |  
2019-08-23 11:31:40,532 | INFO  | DNAudit | user=null | ip=null | op=PUT_BLOCK {blockData=[blockId=conID: 2 locID: 102666069638775348 bcsId: 0,size=2097152]} | ret=SUCCESS |  
2019-08-23 11:31:40,532 | INFO  | DNAudit | user=null | ip=null | op=PUT_BLOCK {blockData=[blockId=conID: 2 locID: 102666069638775348 bcsId: 0,size=2097152]} | ret=SUCCESS |  
2019-08-23 11:31:40,536 | INFO  | DNAudit | user=null | ip=null | op=WRITE_CHUNK {blockData=conID: 2 locID: 102666069638775348 bcsId: 3223} | ret=SUCCESS |  
2019-08-23 11:31:40,538 | INFO  | DNAudit | user=null | ip=null | op=WRITE_CHUNK {blockData=conID: 2 locID: 102666069638775348 bcsId: 3223} | ret=SUCCESS |  
2019-08-23 11:31:40,538 | INFO  | DNAudit | user=null | ip=null | op=WRITE_CHUNK {blockData=conID: 2 locID: 102666069638775348 bcsId: 3223} | ret=SUCCESS |  
2019-08-23 11:31:40,549 | INFO  | DNAudit | user=null | ip=null | op=WRITE_CHUNK {blockData=conID: 2 locID: 102666069638775348 bcsId: 3223} | ret=SUCCESS |  
2019-08-23 11:31:40,550 | INFO  | DNAudit | user=null | ip=null | op=PUT_BLOCK {blockData=[blockId=conID: 2 locID: 102666069638775348 bcsId: 0,size=3145728]} | ret=SUCCESS |  
2019-08-23 11:31:40,550 [grpc-default-executor-4] INFO  client.GrpcClientProtocolClient (GrpcClientProtocolClient.java:onNext(255)) - client-C9E345EC67ED->244f13ac-34be-4c4e-8e45-0c0272edbbb2: receive RaftClientReply:client-C9E345EC67ED->244f13ac-34be-4c4e-8e45-0c0272edbbb2@group-FE77C852EF02, cid=2206, SUCCESS, logIndex=3228, commits[244f13ac-34be-4c4e-8e45-0c0272edbbb2:c3229, 6287e41a-5356-4f55-84f2-270816d53e84:c3227, a2c18d3d-e79d-47c9-88fe-d8a1d195302b:c3227]
2019-08-23 11:31:40,550 [grpc-default-executor-4] INFO  client.GrpcClientProtocolClient (GrpcClientProtocolClient.java:onNext(255)) - client-C9E345EC67ED->244f13ac-34be-4c4e-8e45-0c0272edbbb2: receive RaftClientReply:client-C9E345EC67ED->244f13ac-34be-4c4e-8e45-0c0272edbbb2@group-FE77C852EF02, cid=2207, SUCCESS, logIndex=3229, commits[244f13ac-34be-4c4e-8e45-0c0272edbbb2:c3229, 6287e41a-5356-4f55-84f2-270816d53e84:c3227, a2c18d3d-e79d-47c9-88fe-d8a1d195302b:c3227]
2019-08-23 11:31:40,557 | INFO  | DNAudit | user=null | ip=null | op=WRITE_CHUNK {blockData=conID: 2 locID: 102666069638775348 bcsId: 3229} | ret=SUCCESS |  
2019-08-23 11:31:40,558 | INFO  | DNAudit | user=null | ip=null | op=WRITE_CHUNK {blockData=conID: 2 locID: 102666069638775348 bcsId: 3229} | ret=SUCCESS |  
2019-08-23 11:31:40,559 | INFO  | DNAudit | user=null | ip=null | op=WRITE_CHUNK {blockData=conID: 2 locID: 102666069638775348 bcsId: 3229} | ret=SUCCESS |  
2019-08-23 11:31:40,561 | INFO  | DNAudit | user=null | ip=null | op=WRITE_CHUNK {blockData=conID: 2 locID: 102666069638775348 bcsId: 3223} | ret=SUCCESS |  
2019-08-23 11:31:40,561 | INFO  | DNAudit | user=null | ip=null | op=WRITE_CHUNK {blockData=conID: 2 locID: 102666069638775348 bcsId: 3223} | ret=SUCCESS |  
2019-08-23 11:31:40,561 | INFO  | DNAudit | user=null | ip=null | op=PUT_BLOCK {blockData=[blockId=conID: 2 locID: 102666069638775348 bcsId: 0,size=3145728]} | ret=SUCCESS |  
2019-08-23 11:31:40,561 | INFO  | DNAudit | user=null | ip=null | op=PUT_BLOCK {blockData=[blockId=conID: 2 locID: 102666069638775348 bcsId: 0,size=3145728]} | ret=SUCCESS |  
2019-08-23 11:31:40,563 | INFO  | DNAudit | user=null | ip=null | op=WRITE_CHUNK {blockData=conID: 2 locID: 102666069638775348 bcsId: 3229} | ret=SUCCESS |  
2019-08-23 11:31:40,563 | INFO  | DNAudit | user=null | ip=null | op=PUT_BLOCK {blockData=[blockId=conID: 2 locID: 102666069638775348 bcsId: 0,size=4194304]} | ret=SUCCESS |  
2019-08-23 11:31:40,563 [grpc-default-executor-4] INFO  client.GrpcClientProtocolClient (GrpcClientProtocolClient.java:onNext(255)) - client-C9E345EC67ED->244f13ac-34be-4c4e-8e45-0c0272edbbb2: receive RaftClientReply:client-C9E345EC67ED->244f13ac-34be-4c4e-8e45-0c0272edbbb2@group-FE77C852EF02, cid=2208, SUCCESS, logIndex=3232, commits[244f13ac-34be-4c4e-8e45-0c0272edbbb2:c3233, 6287e41a-5356-4f55-84f2-270816d53e84:c3229, a2c18d3d-e79d-47c9-88fe-d8a1d195302b:c3229]
2019-08-23 11:31:40,563 [grpc-default-executor-4] INFO  client.GrpcClientProtocolClient (GrpcClientProtocolClient.java:onNext(255)) - client-C9E345EC67ED->244f13ac-34be-4c4e-8e45-0c0272edbbb2: receive RaftClientReply:client-C9E345EC67ED->244f13ac-34be-4c4e-8e45-0c0272edbbb2@group-FE77C852EF02, cid=2209, SUCCESS, logIndex=3233, commits[244f13ac-34be-4c4e-8e45-0c0272edbbb2:c3233, 6287e41a-5356-4f55-84f2-270816d53e84:c3229, a2c18d3d-e79d-47c9-88fe-d8a1d195302b:c3229]
2019-08-23 11:31:40,574 | INFO  | DNAudit | user=null | ip=null | op=WRITE_CHUNK {blockData=conID: 2 locID: 102666069638775348 bcsId: 3229} | ret=SUCCESS |  
2019-08-23 11:31:40,574 | INFO  | DNAudit | user=null | ip=null | op=WRITE_CHUNK {blockData=conID: 2 locID: 102666069638775348 bcsId: 3229} | ret=SUCCESS |  
2019-08-23 11:31:40,575 | INFO  | DNAudit | user=null | ip=null | op=PUT_BLOCK {blockData=[blockId=conID: 2 locID: 102666069638775348 bcsId: 0,size=4194304]} | ret=SUCCESS |  
2019-08-23 11:31:40,575 | INFO  | DNAudit | user=null | ip=null | op=PUT_BLOCK {blockData=[blockId=conID: 2 locID: 102666069638775348 bcsId: 0,size=4194304]} | ret=SUCCESS |  
2019-08-23 11:31:40,576 [grpc-default-executor-4] INFO  client.GrpcClientProtocolClient (GrpcClientProtocolClient.java:onNext(255)) - client-C9E345EC67ED->244f13ac-34be-4c4e-8e45-0c0272edbbb2: receive RaftClientReply:client-C9E345EC67ED->244f13ac-34be-4c4e-8e45-0c0272edbbb2@group-FE77C852EF02, cid=2210, SUCCESS, logIndex=0, commits[244f13ac-34be-4c4e-8e45-0c0272edbbb2:c3235, 6287e41a-5356-4f55-84f2-270816d53e84:c3233, a2c18d3d-e79d-47c9-88fe-d8a1d195302b:c3233]
2019-08-23 11:31:40,581 | INFO  | SCMAudit | user=jenkins1000 | ip=192.168.5.185 | op=ALLOCATE_BLOCK {owner=00a23185-76ea-47b5-a641-ad3cfbe5521a, size=4194304, type=RATIS, factor=THREE} | ret=SUCCESS |  
2019-08-23 11:31:40,583 | INFO  | OMAudit | user=jenkins1000 | ip=127.0.0.1 | op=ALLOCATE_BLOCK {volume=vol-0-37508, bucket=bucket-0-50919, key=key-0-57313, dataSize=0, replicationType=null, replicationFactor=null, keyLocationInfo=null, clientID=102666068570931602} | ret=SUCCESS |  
2019-08-23 11:31:40,589 | INFO  | DNAudit | user=null | ip=null | op=WRITE_CHUNK {blockData=conID: 3 locID: 102666069644411445 bcsId: 0} | ret=SUCCESS |  
2019-08-23 11:31:40,590 | INFO  | DNAudit | user=null | ip=null | op=WRITE_CHUNK {blockData=conID: 3 locID: 102666069644411445 bcsId: 0} | ret=SUCCESS |  
2019-08-23 11:31:40,591 | INFO  | DNAudit | user=null | ip=null | op=WRITE_CHUNK {blockData=conID: 3 locID: 102666069644411445 bcsId: 0} | ret=SUCCESS |  
2019-08-23 11:31:40,591 | INFO  | DNAudit | user=null | ip=null | op=WRITE_CHUNK {blockData=conID: 3 locID: 102666069644411445 bcsId: 0} | ret=SUCCESS |  
2019-08-23 11:31:40,592 | INFO  | DNAudit | user=null | ip=null | op=WRITE_CHUNK {blockData=conID: 3 locID: 102666069644411445 bcsId: 0} | ret=SUCCESS |  
2019-08-23 11:31:40,592 | INFO  | DNAudit | user=null | ip=null | op=WRITE_CHUNK {blockData=conID: 3 locID: 102666069644411445 bcsId: 0} | ret=SUCCESS |  
2019-08-23 11:31:40,603 | INFO  | DNAudit | user=null | ip=null | op=WRITE_CHUNK {blockData=conID: 3 locID: 102666069644411445 bcsId: 0} | ret=SUCCESS |  
2019-08-23 11:31:40,603 | INFO  | DNAudit | user=null | ip=null | op=PUT_BLOCK {blockData=[blockId=conID: 3 locID: 102666069644411445 bcsId: 0,size=1048576]} | ret=SUCCESS |  
2019-08-23 11:31:40,604 [grpc-default-executor-4] INFO  client.GrpcClientProtocolClient (GrpcClientProtocolClient.java:onNext(255)) - client-C9E345EC67ED->244f13ac-34be-4c4e-8e45-0c0272edbbb2: receive RaftClientReply:client-C9E345EC67ED->244f13ac-34be-4c4e-8e45-0c0272edbbb2@group-FE77C852EF02, cid=2211, SUCCESS, logIndex=3236, commits[244f13ac-34be-4c4e-8e45-0c0272edbbb2:c3238, 6287e41a-5356-4f55-84f2-270816d53e84:c3235, a2c18d3d-e79d-47c9-88fe-d8a1d195302b:c3235]
2019-08-23 11:31:40,604 | INFO  | DNAudit | user=null | ip=null | op=WRITE_CHUNK {blockData=conID: 3 locID: 102666069644411445 bcsId: 0} | ret=SUCCESS |  
2019-08-23 11:31:40,604 | INFO  | DNAudit | user=null | ip=null | op=PUT_BLOCK {blockData=[blockId=conID: 3 locID: 102666069644411445 bcsId: 0,size=2097152]} | ret=SUCCESS |  
2019-08-23 11:31:40,604 [grpc-default-executor-4] INFO  client.GrpcClientProtocolClient (GrpcClientProtocolClient.java:onNext(255)) - client-C9E345EC67ED->244f13ac-34be-4c4e-8e45-0c0272edbbb2: receive RaftClientReply:client-C9E345EC67ED->244f13ac-34be-4c4e-8e45-0c0272edbbb2@group-FE77C852EF02, cid=2212, SUCCESS, logIndex=3237, commits[244f13ac-34be-4c4e-8e45-0c0272edbbb2:c3239, 6287e41a-5356-4f55-84f2-270816d53e84:c3235, a2c18d3d-e79d-47c9-88fe-d8a1d195302b:c3235]
2019-08-23 11:31:40,604 [grpc-default-executor-4] INFO  client.GrpcClientProtocolClient (GrpcClientProtocolClient.java:onNext(255)) - client-C9E345EC67ED->244f13ac-34be-4c4e-8e45-0c0272edbbb2: receive RaftClientReply:client-C9E345EC67ED->244f13ac-34be-4c4e-8e45-0c0272edbbb2@group-FE77C852EF02, cid=2213, SUCCESS, logIndex=3238, commits[244f13ac-34be-4c4e-8e45-0c0272edbbb2:c3239, 6287e41a-5356-4f55-84f2-270816d53e84:c3235, a2c18d3d-e79d-47c9-88fe-d8a1d195302b:c3235]
2019-08-23 11:31:40,604 [grpc-default-executor-4] INFO  client.GrpcClientProtocolClient (GrpcClientProtocolClient.java:onNext(255)) - client-C9E345EC67ED->244f13ac-34be-4c4e-8e45-0c0272edbbb2: receive RaftClientReply:client-C9E345EC67ED->244f13ac-34be-4c4e-8e45-0c0272edbbb2@group-FE77C852EF02, cid=2214, SUCCESS, logIndex=3239, commits[244f13ac-34be-4c4e-8e45-0c0272edbbb2:c3239, 6287e41a-5356-4f55-84f2-270816d53e84:c3235, a2c18d3d-e79d-47c9-88fe-d8a1d195302b:c3235]
2019-08-23 11:31:40,613 | INFO  | DNAudit | user=null | ip=null | op=WRITE_CHUNK {blockData=conID: 3 locID: 102666069644411445 bcsId: 0} | ret=SUCCESS |  
2019-08-23 11:31:40,613 | INFO  | DNAudit | user=null | ip=null | op=WRITE_CHUNK {blockData=conID: 3 locID: 102666069644411445 bcsId: 0} | ret=SUCCESS |  
2019-08-23 11:31:40,614 | INFO  | DNAudit | user=null | ip=null | op=PUT_BLOCK {blockData=[blockId=conID: 3 locID: 102666069644411445 bcsId: 0,size=1048576]} | ret=SUCCESS |  
2019-08-23 11:31:40,614 | INFO  | DNAudit | user=null | ip=null | op=PUT_BLOCK {blockData=[blockId=conID: 3 locID: 102666069644411445 bcsId: 0,size=1048576]} | ret=SUCCESS |  
2019-08-23 11:31:40,615 | INFO  | DNAudit | user=null | ip=null | op=WRITE_CHUNK {blockData=conID: 3 locID: 102666069644411445 bcsId: 0} | ret=SUCCESS |  
2019-08-23 11:31:40,615 | INFO  | DNAudit | user=null | ip=null | op=PUT_BLOCK {blockData=[blockId=conID: 3 locID: 102666069644411445 bcsId: 0,size=2097152]} | ret=SUCCESS |  
2019-08-23 11:31:40,615 | INFO  | DNAudit | user=null | ip=null | op=WRITE_CHUNK {blockData=conID: 3 locID: 102666069644411445 bcsId: 0} | ret=SUCCESS |  
2019-08-23 11:31:40,615 | INFO  | DNAudit | user=null | ip=null | op=PUT_BLOCK {blockData=[blockId=conID: 3 locID: 102666069644411445 bcsId: 0,size=2097152]} | ret=SUCCESS |  
2019-08-23 11:31:40,615 [grpc-default-executor-1] INFO  client.GrpcClientProtocolClient (GrpcClientProtocolClient.java:onNext(255)) - client-C9E345EC67ED->244f13ac-34be-4c4e-8e45-0c0272edbbb2: receive RaftClientReply:client-C9E345EC67ED->244f13ac-34be-4c4e-8e45-0c0272edbbb2@group-FE77C852EF02, cid=2215, SUCCESS, logIndex=0, commits[244f13ac-34be-4c4e-8e45-0c0272edbbb2:c3241, 6287e41a-5356-4f55-84f2-270816d53e84:c3237, a2c18d3d-e79d-47c9-88fe-d8a1d195302b:c3237]
2019-08-23 11:31:40,620 | INFO  | DNAudit | user=null | ip=null | op=WRITE_CHUNK {blockData=conID: 3 locID: 102666069644411445 bcsId: 3239} | ret=SUCCESS |  
2019-08-23 11:31:40,622 | INFO  | DNAudit | user=null | ip=null | op=WRITE_CHUNK {blockData=conID: 3 locID: 102666069644411445 bcsId: 3239} | ret=SUCCESS |  
2019-08-23 11:31:40,622 | INFO  | DNAudit | user=null | ip=null | op=WRITE_CHUNK {blockData=conID: 3 locID: 102666069644411445 bcsId: 3239} | ret=SUCCESS |  
2019-08-23 11:31:40,624 | INFO  | DNAudit | user=null | ip=null | op=WRITE_CHUNK {blockData=conID: 3 locID: 102666069644411445 bcsId: 3239} | ret=SUCCESS |  
2019-08-23 11:31:40,624 | INFO  | DNAudit | user=null | ip=null | op=PUT_BLOCK {blockData=[blockId=conID: 3 locID: 102666069644411445 bcsId: 0,size=3145728]} | ret=SUCCESS |  
2019-08-23 11:31:40,624 [grpc-default-executor-1] INFO  client.GrpcClientProtocolClient (GrpcClientProtocolClient.java:onNext(255)) - client-C9E345EC67ED->244f13ac-34be-4c4e-8e45-0c0272edbbb2: receive RaftClientReply:client-C9E345EC67ED->244f13ac-34be-4c4e-8e45-0c0272edbbb2@group-FE77C852EF02, cid=2216, SUCCESS, logIndex=3244, commits[244f13ac-34be-4c4e-8e45-0c0272edbbb2:c3245, 6287e41a-5356-4f55-84f2-270816d53e84:c3239, a2c18d3d-e79d-47c9-88fe-d8a1d195302b:c3243]
2019-08-23 11:31:40,624 [grpc-default-executor-1] INFO  client.GrpcClientProtocolClient (GrpcClientProtocolClient.java:onNext(255)) - client-C9E345EC67ED->244f13ac-34be-4c4e-8e45-0c0272edbbb2: receive RaftClientReply:client-C9E345EC67ED->244f13ac-34be-4c4e-8e45-0c0272edbbb2@group-FE77C852EF02, cid=2217, SUCCESS, logIndex=3245, commits[244f13ac-34be-4c4e-8e45-0c0272edbbb2:c3245, 6287e41a-5356-4f55-84f2-270816d53e84:c3243, a2c18d3d-e79d-47c9-88fe-d8a1d195302b:c3243]
2019-08-23 11:31:40,625 | INFO  | DNAudit | user=null | ip=null | op=WRITE_CHUNK {blockData=conID: 3 locID: 102666069644411445 bcsId: 3239} | ret=SUCCESS |  
2019-08-23 11:31:40,625 | INFO  | DNAudit | user=null | ip=null | op=WRITE_CHUNK {blockData=conID: 3 locID: 102666069644411445 bcsId: 3239} | ret=SUCCESS |  
2019-08-23 11:31:40,625 | INFO  | DNAudit | user=null | ip=null | op=PUT_BLOCK {blockData=[blockId=conID: 3 locID: 102666069644411445 bcsId: 0,size=3145728]} | ret=SUCCESS |  
2019-08-23 11:31:40,625 | INFO  | DNAudit | user=null | ip=null | op=PUT_BLOCK {blockData=[blockId=conID: 3 locID: 102666069644411445 bcsId: 0,size=3145728]} | ret=SUCCESS |  
2019-08-23 11:31:40,749 | INFO  | DNAudit | user=null | ip=null | op=WRITE_CHUNK {blockData=conID: 3 locID: 102666069644411445 bcsId: 3245} | ret=SUCCESS |  
2019-08-23 11:31:40,751 | INFO  | DNAudit | user=null | ip=null | op=WRITE_CHUNK {blockData=conID: 3 locID: 102666069644411445 bcsId: 3245} | ret=SUCCESS |  
2019-08-23 11:31:40,751 | INFO  | DNAudit | user=null | ip=null | op=WRITE_CHUNK {blockData=conID: 3 locID: 102666069644411445 bcsId: 3245} | ret=SUCCESS |  
2019-08-23 11:31:40,762 | INFO  | DNAudit | user=null | ip=null | op=WRITE_CHUNK {blockData=conID: 3 locID: 102666069644411445 bcsId: 3245} | ret=SUCCESS |  
2019-08-23 11:31:40,762 | INFO  | DNAudit | user=null | ip=null | op=PUT_BLOCK {blockData=[blockId=conID: 3 locID: 102666069644411445 bcsId: 0,size=4194304]} | ret=SUCCESS |  
2019-08-23 11:31:40,762 [grpc-default-executor-4] INFO  client.GrpcClientProtocolClient (GrpcClientProtocolClient.java:onNext(255)) - client-C9E345EC67ED->244f13ac-34be-4c4e-8e45-0c0272edbbb2: receive RaftClientReply:client-C9E345EC67ED->244f13ac-34be-4c4e-8e45-0c0272edbbb2@group-FE77C852EF02, cid=2218, SUCCESS, logIndex=3248, commits[244f13ac-34be-4c4e-8e45-0c0272edbbb2:c3249, 6287e41a-5356-4f55-84f2-270816d53e84:c3247, a2c18d3d-e79d-47c9-88fe-d8a1d195302b:c3247]
2019-08-23 11:31:40,762 [grpc-default-executor-4] INFO  client.GrpcClientProtocolClient (GrpcClientProtocolClient.java:onNext(255)) - client-C9E345EC67ED->244f13ac-34be-4c4e-8e45-0c0272edbbb2: receive RaftClientReply:client-C9E345EC67ED->244f13ac-34be-4c4e-8e45-0c0272edbbb2@group-FE77C852EF02, cid=2219, SUCCESS, logIndex=3249, commits[244f13ac-34be-4c4e-8e45-0c0272edbbb2:c3249, 6287e41a-5356-4f55-84f2-270816d53e84:c3247, a2c18d3d-e79d-47c9-88fe-d8a1d195302b:c3247]
2019-08-23 11:31:40,773 | INFO  | DNAudit | user=null | ip=null | op=WRITE_CHUNK {blockData=conID: 3 locID: 102666069644411445 bcsId: 3245} | ret=SUCCESS |  
2019-08-23 11:31:40,773 | INFO  | DNAudit | user=null | ip=null | op=WRITE_CHUNK {blockData=conID: 3 locID: 102666069644411445 bcsId: 3245} | ret=SUCCESS |  
2019-08-23 11:31:40,774 | INFO  | DNAudit | user=null | ip=null | op=PUT_BLOCK {blockData=[blockId=conID: 3 locID: 102666069644411445 bcsId: 0,size=4194304]} | ret=SUCCESS |  
2019-08-23 11:31:40,774 | INFO  | DNAudit | user=null | ip=null | op=PUT_BLOCK {blockData=[blockId=conID: 3 locID: 102666069644411445 bcsId: 0,size=4194304]} | ret=SUCCESS |  
2019-08-23 11:31:40,775 [grpc-default-executor-4] INFO  client.GrpcClientProtocolClient (GrpcClientProtocolClient.java:onNext(255)) - client-C9E345EC67ED->244f13ac-34be-4c4e-8e45-0c0272edbbb2: receive RaftClientReply:client-C9E345EC67ED->244f13ac-34be-4c4e-8e45-0c0272edbbb2@group-FE77C852EF02, cid=2220, SUCCESS, logIndex=0, commits[244f13ac-34be-4c4e-8e45-0c0272edbbb2:c3251, 6287e41a-5356-4f55-84f2-270816d53e84:c3249, a2c18d3d-e79d-47c9-88fe-d8a1d195302b:c3249]
2019-08-23 11:31:40,780 | INFO  | SCMAudit | user=jenkins1000 | ip=192.168.5.185 | op=ALLOCATE_BLOCK {owner=00a23185-76ea-47b5-a641-ad3cfbe5521a, size=4194304, type=RATIS, factor=THREE} | ret=SUCCESS |  
2019-08-23 11:31:40,783 | INFO  | OMAudit | user=jenkins1000 | ip=127.0.0.1 | op=ALLOCATE_BLOCK {volume=vol-0-37508, bucket=bucket-0-50919, key=key-0-57313, dataSize=0, replicationType=null, replicationFactor=null, keyLocationInfo=null, clientID=102666068570931602} | ret=SUCCESS |  
2019-08-23 11:31:40,795 | INFO  | DNAudit | user=null | ip=null | op=WRITE_CHUNK {blockData=conID: 1 locID: 102666069657518646 bcsId: 0} | ret=SUCCESS |  
2019-08-23 11:31:40,797 | INFO  | DNAudit | user=null | ip=null | op=WRITE_CHUNK {blockData=conID: 1 locID: 102666069657518646 bcsId: 0} | ret=SUCCESS |  
2019-08-23 11:31:40,798 | INFO  | DNAudit | user=null | ip=null | op=WRITE_CHUNK {blockData=conID: 1 locID: 102666069657518646 bcsId: 0} | ret=SUCCESS |  
2019-08-23 11:31:40,798 | INFO  | DNAudit | user=null | ip=null | op=WRITE_CHUNK {blockData=conID: 1 locID: 102666069657518646 bcsId: 0} | ret=SUCCESS |  
2019-08-23 11:31:40,799 | INFO  | DNAudit | user=null | ip=null | op=WRITE_CHUNK {blockData=conID: 1 locID: 102666069657518646 bcsId: 0} | ret=SUCCESS |  
2019-08-23 11:31:40,799 | INFO  | DNAudit | user=null | ip=null | op=WRITE_CHUNK {blockData=conID: 1 locID: 102666069657518646 bcsId: 0} | ret=SUCCESS |  
2019-08-23 11:31:40,811 | INFO  | DNAudit | user=null | ip=null | op=WRITE_CHUNK {blockData=conID: 1 locID: 102666069657518646 bcsId: 0} | ret=SUCCESS |  
2019-08-23 11:31:40,811 | INFO  | DNAudit | user=null | ip=null | op=PUT_BLOCK {blockData=[blockId=conID: 1 locID: 102666069657518646 bcsId: 0,size=1048576]} | ret=SUCCESS |  
2019-08-23 11:31:40,812 | INFO  | DNAudit | user=null | ip=null | op=WRITE_CHUNK {blockData=conID: 1 locID: 102666069657518646 bcsId: 0} | ret=SUCCESS |  
2019-08-23 11:31:40,812 | INFO  | DNAudit | user=null | ip=null | op=PUT_BLOCK {blockData=[blockId=conID: 1 locID: 102666069657518646 bcsId: 0,size=2097152]} | ret=SUCCESS |  
2019-08-23 11:31:40,812 [grpc-default-executor-4] INFO  client.GrpcClientProtocolClient (GrpcClientProtocolClient.java:onNext(255)) - client-C9E345EC67ED->244f13ac-34be-4c4e-8e45-0c0272edbbb2: receive RaftClientReply:client-C9E345EC67ED->244f13ac-34be-4c4e-8e45-0c0272edbbb2@group-FE77C852EF02, cid=2221, SUCCESS, logIndex=3252, commits[244f13ac-34be-4c4e-8e45-0c0272edbbb2:c3255, 6287e41a-5356-4f55-84f2-270816d53e84:c3251, a2c18d3d-e79d-47c9-88fe-d8a1d195302b:c3251]
2019-08-23 11:31:40,813 [grpc-default-executor-4] INFO  client.GrpcClientProtocolClient (GrpcClientProtocolClient.java:onNext(255)) - client-C9E345EC67ED->244f13ac-34be-4c4e-8e45-0c0272edbbb2: receive RaftClientReply:client-C9E345EC67ED->244f13ac-34be-4c4e-8e45-0c0272edbbb2@group-FE77C852EF02, cid=2222, SUCCESS, logIndex=3253, commits[244f13ac-34be-4c4e-8e45-0c0272edbbb2:c3255, 6287e41a-5356-4f55-84f2-270816d53e84:c3251, a2c18d3d-e79d-47c9-88fe-d8a1d195302b:c3251]
2019-08-23 11:31:40,813 [grpc-default-executor-4] INFO  client.GrpcClientProtocolClient (GrpcClientProtocolClient.java:onNext(255)) - client-C9E345EC67ED->244f13ac-34be-4c4e-8e45-0c0272edbbb2: receive RaftClientReply:client-C9E345EC67ED->244f13ac-34be-4c4e-8e45-0c0272edbbb2@group-FE77C852EF02, cid=2223, SUCCESS, logIndex=3254, commits[244f13ac-34be-4c4e-8e45-0c0272edbbb2:c3255, 6287e41a-5356-4f55-84f2-270816d53e84:c3251, a2c18d3d-e79d-47c9-88fe-d8a1d195302b:c3251]
2019-08-23 11:31:40,813 [grpc-default-executor-4] INFO  client.GrpcClientProtocolClient (GrpcClientProtocolClient.java:onNext(255)) - client-C9E345EC67ED->244f13ac-34be-4c4e-8e45-0c0272edbbb2: receive RaftClientReply:client-C9E345EC67ED->244f13ac-34be-4c4e-8e45-0c0272edbbb2@group-FE77C852EF02, cid=2224, SUCCESS, logIndex=3255, commits[244f13ac-34be-4c4e-8e45-0c0272edbbb2:c3255, 6287e41a-5356-4f55-84f2-270816d53e84:c3251, a2c18d3d-e79d-47c9-88fe-d8a1d195302b:c3251]
2019-08-23 11:31:40,822 | INFO  | DNAudit | user=null | ip=null | op=WRITE_CHUNK {blockData=conID: 1 locID: 102666069657518646 bcsId: 0} | ret=SUCCESS |  
2019-08-23 11:31:40,822 | INFO  | DNAudit | user=null | ip=null | op=WRITE_CHUNK {blockData=conID: 1 locID: 102666069657518646 bcsId: 0} | ret=SUCCESS |  
2019-08-23 11:31:40,822 | INFO  | DNAudit | user=null | ip=null | op=PUT_BLOCK {blockData=[blockId=conID: 1 locID: 102666069657518646 bcsId: 0,size=1048576]} | ret=SUCCESS |  
2019-08-23 11:31:40,822 | INFO  | DNAudit | user=null | ip=null | op=PUT_BLOCK {blockData=[blockId=conID: 1 locID: 102666069657518646 bcsId: 0,size=1048576]} | ret=SUCCESS |  
2019-08-23 11:31:40,822 | INFO  | DNAudit | user=null | ip=null | op=WRITE_CHUNK {blockData=conID: 1 locID: 102666069657518646 bcsId: 0} | ret=SUCCESS |  
2019-08-23 11:31:40,822 | INFO  | DNAudit | user=null | ip=null | op=WRITE_CHUNK {blockData=conID: 1 locID: 102666069657518646 bcsId: 0} | ret=SUCCESS |  
2019-08-23 11:31:40,823 | INFO  | DNAudit | user=null | ip=null | op=PUT_BLOCK {blockData=[blockId=conID: 1 locID: 102666069657518646 bcsId: 0,size=2097152]} | ret=SUCCESS |  
2019-08-23 11:31:40,822 [grpc-default-executor-1] INFO  client.GrpcClientProtocolClient (GrpcClientProtocolClient.java:onNext(255)) - client-C9E345EC67ED->244f13ac-34be-4c4e-8e45-0c0272edbbb2: receive RaftClientReply:client-C9E345EC67ED->244f13ac-34be-4c4e-8e45-0c0272edbbb2@group-FE77C852EF02, cid=2225, SUCCESS, logIndex=0, commits[244f13ac-34be-4c4e-8e45-0c0272edbbb2:c3256, 6287e41a-5356-4f55-84f2-270816d53e84:c3255, a2c18d3d-e79d-47c9-88fe-d8a1d195302b:c3255]
2019-08-23 11:31:40,823 | INFO  | DNAudit | user=null | ip=null | op=PUT_BLOCK {blockData=[blockId=conID: 1 locID: 102666069657518646 bcsId: 0,size=2097152]} | ret=SUCCESS |  
2019-08-23 11:31:40,828 | INFO  | DNAudit | user=null | ip=null | op=WRITE_CHUNK {blockData=conID: 1 locID: 102666069657518646 bcsId: 3255} | ret=SUCCESS |  
2019-08-23 11:31:40,830 | INFO  | DNAudit | user=null | ip=null | op=WRITE_CHUNK {blockData=conID: 1 locID: 102666069657518646 bcsId: 3255} | ret=SUCCESS |  
2019-08-23 11:31:40,830 | INFO  | DNAudit | user=null | ip=null | op=WRITE_CHUNK {blockData=conID: 1 locID: 102666069657518646 bcsId: 3255} | ret=SUCCESS |  
2019-08-23 11:31:40,841 | INFO  | DNAudit | user=null | ip=null | op=WRITE_CHUNK {blockData=conID: 1 locID: 102666069657518646 bcsId: 3255} | ret=SUCCESS |  
2019-08-23 11:31:40,841 | INFO  | DNAudit | user=null | ip=null | op=PUT_BLOCK {blockData=[blockId=conID: 1 locID: 102666069657518646 bcsId: 0,size=3145728]} | ret=SUCCESS |  
2019-08-23 11:31:40,841 [grpc-default-executor-4] INFO  client.GrpcClientProtocolClient (GrpcClientProtocolClient.java:onNext(255)) - client-C9E345EC67ED->244f13ac-34be-4c4e-8e45-0c0272edbbb2: receive RaftClientReply:client-C9E345EC67ED->244f13ac-34be-4c4e-8e45-0c0272edbbb2@group-FE77C852EF02, cid=2226, SUCCESS, logIndex=3258, commits[244f13ac-34be-4c4e-8e45-0c0272edbbb2:c3259, 6287e41a-5356-4f55-84f2-270816d53e84:c3257, a2c18d3d-e79d-47c9-88fe-d8a1d195302b:c3257]
2019-08-23 11:31:40,842 [grpc-default-executor-4] INFO  client.GrpcClientProtocolClient (GrpcClientProtocolClient.java:onNext(255)) - client-C9E345EC67ED->244f13ac-34be-4c4e-8e45-0c0272edbbb2: receive RaftClientReply:client-C9E345EC67ED->244f13ac-34be-4c4e-8e45-0c0272edbbb2@group-FE77C852EF02, cid=2227, SUCCESS, logIndex=3259, commits[244f13ac-34be-4c4e-8e45-0c0272edbbb2:c3259, 6287e41a-5356-4f55-84f2-270816d53e84:c3257, a2c18d3d-e79d-47c9-88fe-d8a1d195302b:c3257]
2019-08-23 11:31:40,847 | INFO  | DNAudit | user=null | ip=null | op=WRITE_CHUNK {blockData=conID: 1 locID: 102666069657518646 bcsId: 3259} | ret=SUCCESS |  
2019-08-23 11:31:40,850 | INFO  | DNAudit | user=null | ip=null | op=WRITE_CHUNK {blockData=conID: 1 locID: 102666069657518646 bcsId: 3259} | ret=SUCCESS |  
2019-08-23 11:31:40,850 | INFO  | DNAudit | user=null | ip=null | op=WRITE_CHUNK {blockData=conID: 1 locID: 102666069657518646 bcsId: 3259} | ret=SUCCESS |  
2019-08-23 11:31:40,852 | INFO  | DNAudit | user=null | ip=null | op=WRITE_CHUNK {blockData=conID: 1 locID: 102666069657518646 bcsId: 3255} | ret=SUCCESS |  
2019-08-23 11:31:40,852 | INFO  | DNAudit | user=null | ip=null | op=WRITE_CHUNK {blockData=conID: 1 locID: 102666069657518646 bcsId: 3255} | ret=SUCCESS |  
2019-08-23 11:31:40,853 | INFO  | DNAudit | user=null | ip=null | op=PUT_BLOCK {blockData=[blockId=conID: 1 locID: 102666069657518646 bcsId: 0,size=3145728]} | ret=SUCCESS |  
2019-08-23 11:31:40,853 | INFO  | DNAudit | user=null | ip=null | op=PUT_BLOCK {blockData=[blockId=conID: 1 locID: 102666069657518646 bcsId: 0,size=3145728]} | ret=SUCCESS |  
2019-08-23 11:31:40,854 | INFO  | DNAudit | user=null | ip=null | op=WRITE_CHUNK {blockData=conID: 1 locID: 102666069657518646 bcsId: 3259} | ret=SUCCESS |  
2019-08-23 11:31:40,854 | INFO  | DNAudit | user=null | ip=null | op=PUT_BLOCK {blockData=[blockId=conID: 1 locID: 102666069657518646 bcsId: 0,size=4194304]} | ret=SUCCESS |  
2019-08-23 11:31:40,854 [grpc-default-executor-4] INFO  client.GrpcClientProtocolClient (GrpcClientProtocolClient.java:onNext(255)) - client-C9E345EC67ED->244f13ac-34be-4c4e-8e45-0c0272edbbb2: receive RaftClientReply:client-C9E345EC67ED->244f13ac-34be-4c4e-8e45-0c0272edbbb2@group-FE77C852EF02, cid=2228, SUCCESS, logIndex=3261, commits[244f13ac-34be-4c4e-8e45-0c0272edbbb2:c3262, 6287e41a-5356-4f55-84f2-270816d53e84:c3259, a2c18d3d-e79d-47c9-88fe-d8a1d195302b:c3259]
2019-08-23 11:31:40,855 [grpc-default-executor-4] INFO  client.GrpcClientProtocolClient (GrpcClientProtocolClient.java:onNext(255)) - client-C9E345EC67ED->244f13ac-34be-4c4e-8e45-0c0272edbbb2: receive RaftClientReply:client-C9E345EC67ED->244f13ac-34be-4c4e-8e45-0c0272edbbb2@group-FE77C852EF02, cid=2229, SUCCESS, logIndex=3262, commits[244f13ac-34be-4c4e-8e45-0c0272edbbb2:c3262, 6287e41a-5356-4f55-84f2-270816d53e84:c3259, a2c18d3d-e79d-47c9-88fe-d8a1d195302b:c3259]
2019-08-23 11:31:40,865 | INFO  | DNAudit | user=null | ip=null | op=WRITE_CHUNK {blockData=conID: 1 locID: 102666069657518646 bcsId: 3259} | ret=SUCCESS |  
2019-08-23 11:31:40,865 | INFO  | DNAudit | user=null | ip=null | op=WRITE_CHUNK {blockData=conID: 1 locID: 102666069657518646 bcsId: 3259} | ret=SUCCESS |  
2019-08-23 11:31:40,867 | INFO  | DNAudit | user=null | ip=null | op=PUT_BLOCK {blockData=[blockId=conID: 1 locID: 102666069657518646 bcsId: 0,size=4194304]} | ret=SUCCESS |  
2019-08-23 11:31:40,867 | INFO  | DNAudit | user=null | ip=null | op=PUT_BLOCK {blockData=[blockId=conID: 1 locID: 102666069657518646 bcsId: 0,size=4194304]} | ret=SUCCESS |  
2019-08-23 11:31:40,867 [grpc-default-executor-5] INFO  client.GrpcClientProtocolClient (GrpcClientProtocolClient.java:onNext(255)) - client-C9E345EC67ED->244f13ac-34be-4c4e-8e45-0c0272edbbb2: receive RaftClientReply:client-C9E345EC67ED->244f13ac-34be-4c4e-8e45-0c0272edbbb2@group-FE77C852EF02, cid=2230, SUCCESS, logIndex=0, commits[244f13ac-34be-4c4e-8e45-0c0272edbbb2:c3264, 6287e41a-5356-4f55-84f2-270816d53e84:c3262, a2c18d3d-e79d-47c9-88fe-d8a1d195302b:c3262]
2019-08-23 11:31:40,874 | INFO  | SCMAudit | user=jenkins1000 | ip=192.168.5.185 | op=ALLOCATE_BLOCK {owner=00a23185-76ea-47b5-a641-ad3cfbe5521a, size=4194304, type=RATIS, factor=THREE} | ret=SUCCESS |  
2019-08-23 11:31:40,876 | INFO  | OMAudit | user=jenkins1000 | ip=127.0.0.1 | op=ALLOCATE_BLOCK {volume=vol-0-37508, bucket=bucket-0-50919, key=key-0-57313, dataSize=0, replicationType=null, replicationFactor=null, keyLocationInfo=null, clientID=102666068570931602} | ret=SUCCESS |  
2019-08-23 11:31:40,882 | INFO  | DNAudit | user=null | ip=null | op=WRITE_CHUNK {blockData=conID: 2 locID: 102666069663679031 bcsId: 0} | ret=SUCCESS |  
2019-08-23 11:31:40,883 | INFO  | DNAudit | user=null | ip=null | op=WRITE_CHUNK {blockData=conID: 2 locID: 102666069663679031 bcsId: 0} | ret=SUCCESS |  
2019-08-23 11:31:40,884 | INFO  | DNAudit | user=null | ip=null | op=WRITE_CHUNK {blockData=conID: 2 locID: 102666069663679031 bcsId: 0} | ret=SUCCESS |  
2019-08-23 11:31:40,884 | INFO  | DNAudit | user=null | ip=null | op=WRITE_CHUNK {blockData=conID: 2 locID: 102666069663679031 bcsId: 0} | ret=SUCCESS |  
2019-08-23 11:31:40,885 | INFO  | DNAudit | user=null | ip=null | op=WRITE_CHUNK {blockData=conID: 2 locID: 102666069663679031 bcsId: 0} | ret=SUCCESS |  
2019-08-23 11:31:40,885 | INFO  | DNAudit | user=null | ip=null | op=WRITE_CHUNK {blockData=conID: 2 locID: 102666069663679031 bcsId: 0} | ret=SUCCESS |  
2019-08-23 11:31:40,895 | INFO  | DNAudit | user=null | ip=null | op=WRITE_CHUNK {blockData=conID: 2 locID: 102666069663679031 bcsId: 0} | ret=SUCCESS |  
2019-08-23 11:31:40,895 | INFO  | DNAudit | user=null | ip=null | op=PUT_BLOCK {blockData=[blockId=conID: 2 locID: 102666069663679031 bcsId: 0,size=1048576]} | ret=SUCCESS |  
2019-08-23 11:31:40,896 [grpc-default-executor-0] INFO  client.GrpcClientProtocolClient (GrpcClientProtocolClient.java:onNext(255)) - client-C9E345EC67ED->244f13ac-34be-4c4e-8e45-0c0272edbbb2: receive RaftClientReply:client-C9E345EC67ED->244f13ac-34be-4c4e-8e45-0c0272edbbb2@group-FE77C852EF02, cid=2231, SUCCESS, logIndex=3265, commits[244f13ac-34be-4c4e-8e45-0c0272edbbb2:c3267, 6287e41a-5356-4f55-84f2-270816d53e84:c3264, a2c18d3d-e79d-47c9-88fe-d8a1d195302b:c3264]
2019-08-23 11:31:40,896 | INFO  | DNAudit | user=null | ip=null | op=WRITE_CHUNK {blockData=conID: 2 locID: 102666069663679031 bcsId: 0} | ret=SUCCESS |  
2019-08-23 11:31:40,896 [grpc-default-executor-0] INFO  client.GrpcClientProtocolClient (GrpcClientProtocolClient.java:onNext(255)) - client-C9E345EC67ED->244f13ac-34be-4c4e-8e45-0c0272edbbb2: receive RaftClientReply:client-C9E345EC67ED->244f13ac-34be-4c4e-8e45-0c0272edbbb2@group-FE77C852EF02, cid=2232, SUCCESS, logIndex=3266, commits[244f13ac-34be-4c4e-8e45-0c0272edbbb2:c3268, 6287e41a-5356-4f55-84f2-270816d53e84:c3264, a2c18d3d-e79d-47c9-88fe-d8a1d195302b:c3264]
2019-08-23 11:31:40,896 | INFO  | DNAudit | user=null | ip=null | op=PUT_BLOCK {blockData=[blockId=conID: 2 locID: 102666069663679031 bcsId: 0,size=2097152]} | ret=SUCCESS |  
2019-08-23 11:31:40,896 [grpc-default-executor-0] INFO  client.GrpcClientProtocolClient (GrpcClientProtocolClient.java:onNext(255)) - client-C9E345EC67ED->244f13ac-34be-4c4e-8e45-0c0272edbbb2: receive RaftClientReply:client-C9E345EC67ED->244f13ac-34be-4c4e-8e45-0c0272edbbb2@group-FE77C852EF02, cid=2233, SUCCESS, logIndex=3267, commits[244f13ac-34be-4c4e-8e45-0c0272edbbb2:c3268, 6287e41a-5356-4f55-84f2-270816d53e84:c3264, a2c18d3d-e79d-47c9-88fe-d8a1d195302b:c3264]
2019-08-23 11:31:40,897 [grpc-default-executor-0] INFO  client.GrpcClientProtocolClient (GrpcClientProtocolClient.java:onNext(255)) - client-C9E345EC67ED->244f13ac-34be-4c4e-8e45-0c0272edbbb2: receive RaftClientReply:client-C9E345EC67ED->244f13ac-34be-4c4e-8e45-0c0272edbbb2@group-FE77C852EF02, cid=2234, SUCCESS, logIndex=3268, commits[244f13ac-34be-4c4e-8e45-0c0272edbbb2:c3268, 6287e41a-5356-4f55-84f2-270816d53e84:c3264, a2c18d3d-e79d-47c9-88fe-d8a1d195302b:c3264]
2019-08-23 11:31:40,908 | INFO  | DNAudit | user=null | ip=null | op=WRITE_CHUNK {blockData=conID: 2 locID: 102666069663679031 bcsId: 0} | ret=SUCCESS |  
2019-08-23 11:31:40,908 | INFO  | DNAudit | user=null | ip=null | op=WRITE_CHUNK {blockData=conID: 2 locID: 102666069663679031 bcsId: 0} | ret=SUCCESS |  
2019-08-23 11:31:40,908 | INFO  | DNAudit | user=null | ip=null | op=PUT_BLOCK {blockData=[blockId=conID: 2 locID: 102666069663679031 bcsId: 0,size=1048576]} | ret=SUCCESS |  
2019-08-23 11:31:40,920 | INFO  | DNAudit | user=null | ip=null | op=PUT_BLOCK {blockData=[blockId=conID: 2 locID: 102666069663679031 bcsId: 0,size=1048576]} | ret=SUCCESS |  
2019-08-23 11:31:40,920 | INFO  | DNAudit | user=null | ip=null | op=WRITE_CHUNK {blockData=conID: 2 locID: 102666069663679031 bcsId: 0} | ret=SUCCESS |  
2019-08-23 11:31:40,920 | INFO  | DNAudit | user=null | ip=null | op=WRITE_CHUNK {blockData=conID: 2 locID: 102666069663679031 bcsId: 0} | ret=SUCCESS |  
2019-08-23 11:31:40,920 | INFO  | DNAudit | user=null | ip=null | op=PUT_BLOCK {blockData=[blockId=conID: 2 locID: 102666069663679031 bcsId: 0,size=2097152]} | ret=SUCCESS |  
2019-08-23 11:31:40,920 | INFO  | DNAudit | user=null | ip=null | op=PUT_BLOCK {blockData=[blockId=conID: 2 locID: 102666069663679031 bcsId: 0,size=2097152]} | ret=SUCCESS |  
2019-08-23 11:31:40,920 [grpc-default-executor-1] INFO  client.GrpcClientProtocolClient (GrpcClientProtocolClient.java:onNext(255)) - client-C9E345EC67ED->244f13ac-34be-4c4e-8e45-0c0272edbbb2: receive RaftClientReply:client-C9E345EC67ED->244f13ac-34be-4c4e-8e45-0c0272edbbb2@group-FE77C852EF02, cid=2235, SUCCESS, logIndex=0, commits[244f13ac-34be-4c4e-8e45-0c0272edbbb2:c3270, 6287e41a-5356-4f55-84f2-270816d53e84:c3266, a2c18d3d-e79d-47c9-88fe-d8a1d195302b:c3266]
2019-08-23 11:31:40,925 | INFO  | DNAudit | user=null | ip=null | op=WRITE_CHUNK {blockData=conID: 2 locID: 102666069663679031 bcsId: 3268} | ret=SUCCESS |  
2019-08-23 11:31:40,928 | INFO  | DNAudit | user=null | ip=null | op=WRITE_CHUNK {blockData=conID: 2 locID: 102666069663679031 bcsId: 3268} | ret=SUCCESS |  
2019-08-23 11:31:40,928 | INFO  | DNAudit | user=null | ip=null | op=WRITE_CHUNK {blockData=conID: 2 locID: 102666069663679031 bcsId: 3268} | ret=SUCCESS |  
2019-08-23 11:31:40,937 | INFO  | DNAudit | user=null | ip=null | op=WRITE_CHUNK {blockData=conID: 2 locID: 102666069663679031 bcsId: 3268} | ret=SUCCESS |  
2019-08-23 11:31:40,937 | INFO  | DNAudit | user=null | ip=null | op=PUT_BLOCK {blockData=[blockId=conID: 2 locID: 102666069663679031 bcsId: 0,size=3145728]} | ret=SUCCESS |  
2019-08-23 11:31:40,937 [grpc-default-executor-1] INFO  client.GrpcClientProtocolClient (GrpcClientProtocolClient.java:onNext(255)) - client-C9E345EC67ED->244f13ac-34be-4c4e-8e45-0c0272edbbb2: receive RaftClientReply:client-C9E345EC67ED->244f13ac-34be-4c4e-8e45-0c0272edbbb2@group-FE77C852EF02, cid=2236, SUCCESS, logIndex=3273, commits[244f13ac-34be-4c4e-8e45-0c0272edbbb2:c3274, 6287e41a-5356-4f55-84f2-270816d53e84:c3272, a2c18d3d-e79d-47c9-88fe-d8a1d195302b:c3272]
2019-08-23 11:31:40,937 [grpc-default-executor-1] INFO  client.GrpcClientProtocolClient (GrpcClientProtocolClient.java:onNext(255)) - client-C9E345EC67ED->244f13ac-34be-4c4e-8e45-0c0272edbbb2: receive RaftClientReply:client-C9E345EC67ED->244f13ac-34be-4c4e-8e45-0c0272edbbb2@group-FE77C852EF02, cid=2237, SUCCESS, logIndex=3274, commits[244f13ac-34be-4c4e-8e45-0c0272edbbb2:c3274, 6287e41a-5356-4f55-84f2-270816d53e84:c3272, a2c18d3d-e79d-47c9-88fe-d8a1d195302b:c3272]
2019-08-23 11:31:40,942 | INFO  | DNAudit | user=null | ip=null | op=WRITE_CHUNK {blockData=conID: 2 locID: 102666069663679031 bcsId: 3274} | ret=SUCCESS |  
2019-08-23 11:31:40,944 | INFO  | DNAudit | user=null | ip=null | op=WRITE_CHUNK {blockData=conID: 2 locID: 102666069663679031 bcsId: 3274} | ret=SUCCESS |  
2019-08-23 11:31:40,944 | INFO  | DNAudit | user=null | ip=null | op=WRITE_CHUNK {blockData=conID: 2 locID: 102666069663679031 bcsId: 3274} | ret=SUCCESS |  
2019-08-23 11:31:40,947 | INFO  | DNAudit | user=null | ip=null | op=WRITE_CHUNK {blockData=conID: 2 locID: 102666069663679031 bcsId: 3268} | ret=SUCCESS |  
2019-08-23 11:31:40,947 | INFO  | DNAudit | user=null | ip=null | op=WRITE_CHUNK {blockData=conID: 2 locID: 102666069663679031 bcsId: 3268} | ret=SUCCESS |  
2019-08-23 11:31:40,948 | INFO  | DNAudit | user=null | ip=null | op=PUT_BLOCK {blockData=[blockId=conID: 2 locID: 102666069663679031 bcsId: 0,size=3145728]} | ret=SUCCESS |  
2019-08-23 11:31:40,948 | INFO  | DNAudit | user=null | ip=null | op=PUT_BLOCK {blockData=[blockId=conID: 2 locID: 102666069663679031 bcsId: 0,size=3145728]} | ret=SUCCESS |  
2019-08-23 11:31:40,948 | INFO  | DNAudit | user=null | ip=null | op=WRITE_CHUNK {blockData=conID: 2 locID: 102666069663679031 bcsId: 3274} | ret=SUCCESS |  
2019-08-23 11:31:40,949 | INFO  | DNAudit | user=null | ip=null | op=PUT_BLOCK {blockData=[blockId=conID: 2 locID: 102666069663679031 bcsId: 0,size=4194304]} | ret=SUCCESS |  
2019-08-23 11:31:40,949 [grpc-default-executor-0] INFO  client.GrpcClientProtocolClient (GrpcClientProtocolClient.java:onNext(255)) - client-C9E345EC67ED->244f13ac-34be-4c4e-8e45-0c0272edbbb2: receive RaftClientReply:client-C9E345EC67ED->244f13ac-34be-4c4e-8e45-0c0272edbbb2@group-FE77C852EF02, cid=2238, SUCCESS, logIndex=3277, commits[244f13ac-34be-4c4e-8e45-0c0272edbbb2:c3278, 6287e41a-5356-4f55-84f2-270816d53e84:c3274, a2c18d3d-e79d-47c9-88fe-d8a1d195302b:c3274]
2019-08-23 11:31:40,949 [grpc-default-executor-0] INFO  client.GrpcClientProtocolClient (GrpcClientProtocolClient.java:onNext(255)) - client-C9E345EC67ED->244f13ac-34be-4c4e-8e45-0c0272edbbb2: receive RaftClientReply:client-C9E345EC67ED->244f13ac-34be-4c4e-8e45-0c0272edbbb2@group-FE77C852EF02, cid=2239, SUCCESS, logIndex=3278, commits[244f13ac-34be-4c4e-8e45-0c0272edbbb2:c3278, 6287e41a-5356-4f55-84f2-270816d53e84:c3274, a2c18d3d-e79d-47c9-88fe-d8a1d195302b:c3274]
2019-08-23 11:31:40,959 | INFO  | DNAudit | user=null | ip=null | op=WRITE_CHUNK {blockData=conID: 2 locID: 102666069663679031 bcsId: 3274} | ret=SUCCESS |  
2019-08-23 11:31:40,959 | INFO  | DNAudit | user=null | ip=null | op=WRITE_CHUNK {blockData=conID: 2 locID: 102666069663679031 bcsId: 3274} | ret=SUCCESS |  
2019-08-23 11:31:40,959 | INFO  | DNAudit | user=null | ip=null | op=PUT_BLOCK {blockData=[blockId=conID: 2 locID: 102666069663679031 bcsId: 0,size=4194304]} | ret=SUCCESS |  
2019-08-23 11:31:40,959 | INFO  | DNAudit | user=null | ip=null | op=PUT_BLOCK {blockData=[blockId=conID: 2 locID: 102666069663679031 bcsId: 0,size=4194304]} | ret=SUCCESS |  
2019-08-23 11:31:40,959 [grpc-default-executor-0] INFO  client.GrpcClientProtocolClient (GrpcClientProtocolClient.java:onNext(255)) - client-C9E345EC67ED->244f13ac-34be-4c4e-8e45-0c0272edbbb2: receive RaftClientReply:client-C9E345EC67ED->244f13ac-34be-4c4e-8e45-0c0272edbbb2@group-FE77C852EF02, cid=2240, SUCCESS, logIndex=0, commits[244f13ac-34be-4c4e-8e45-0c0272edbbb2:c3279, 6287e41a-5356-4f55-84f2-270816d53e84:c3278, a2c18d3d-e79d-47c9-88fe-d8a1d195302b:c3278]
2019-08-23 11:31:40,963 | INFO  | SCMAudit | user=jenkins1000 | ip=192.168.5.185 | op=ALLOCATE_BLOCK {owner=00a23185-76ea-47b5-a641-ad3cfbe5521a, size=4194304, type=RATIS, factor=THREE} | ret=SUCCESS |  
2019-08-23 11:31:40,965 | INFO  | OMAudit | user=jenkins1000 | ip=127.0.0.1 | op=ALLOCATE_BLOCK {volume=vol-0-37508, bucket=bucket-0-50919, key=key-0-57313, dataSize=0, replicationType=null, replicationFactor=null, keyLocationInfo=null, clientID=102666068570931602} | ret=SUCCESS |  
2019-08-23 11:31:40,970 | INFO  | DNAudit | user=null | ip=null | op=WRITE_CHUNK {blockData=conID: 3 locID: 102666069669511736 bcsId: 0} | ret=SUCCESS |  
2019-08-23 11:31:40,972 | INFO  | DNAudit | user=null | ip=null | op=WRITE_CHUNK {blockData=conID: 3 locID: 102666069669511736 bcsId: 0} | ret=SUCCESS |  
2019-08-23 11:31:40,972 | INFO  | DNAudit | user=null | ip=null | op=WRITE_CHUNK {blockData=conID: 3 locID: 102666069669511736 bcsId: 0} | ret=SUCCESS |  
2019-08-23 11:31:40,973 | INFO  | DNAudit | user=null | ip=null | op=WRITE_CHUNK {blockData=conID: 3 locID: 102666069669511736 bcsId: 0} | ret=SUCCESS |  
2019-08-23 11:31:40,973 | INFO  | DNAudit | user=null | ip=null | op=WRITE_CHUNK {blockData=conID: 3 locID: 102666069669511736 bcsId: 0} | ret=SUCCESS |  
2019-08-23 11:31:40,974 | INFO  | DNAudit | user=null | ip=null | op=WRITE_CHUNK {blockData=conID: 3 locID: 102666069669511736 bcsId: 0} | ret=SUCCESS |  
2019-08-23 11:31:40,984 | INFO  | DNAudit | user=null | ip=null | op=WRITE_CHUNK {blockData=conID: 3 locID: 102666069669511736 bcsId: 0} | ret=SUCCESS |  
2019-08-23 11:31:40,985 | INFO  | DNAudit | user=null | ip=null | op=PUT_BLOCK {blockData=[blockId=conID: 3 locID: 102666069669511736 bcsId: 0,size=1048576]} | ret=SUCCESS |  
2019-08-23 11:31:40,985 [grpc-default-executor-2] INFO  client.GrpcClientProtocolClient (GrpcClientProtocolClient.java:onNext(255)) - client-C9E345EC67ED->244f13ac-34be-4c4e-8e45-0c0272edbbb2: receive RaftClientReply:client-C9E345EC67ED->244f13ac-34be-4c4e-8e45-0c0272edbbb2@group-FE77C852EF02, cid=2241, SUCCESS, logIndex=3281, commits[244f13ac-34be-4c4e-8e45-0c0272edbbb2:c3283, 6287e41a-5356-4f55-84f2-270816d53e84:c3280, a2c18d3d-e79d-47c9-88fe-d8a1d195302b:c3280]
2019-08-23 11:31:40,985 | INFO  | DNAudit | user=null | ip=null | op=WRITE_CHUNK {blockData=conID: 3 locID: 102666069669511736 bcsId: 0} | ret=SUCCESS |  
2019-08-23 11:31:40,985 [grpc-default-executor-2] INFO  client.GrpcClientProtocolClient (GrpcClientProtocolClient.java:onNext(255)) - client-C9E345EC67ED->244f13ac-34be-4c4e-8e45-0c0272edbbb2: receive RaftClientReply:client-C9E345EC67ED->244f13ac-34be-4c4e-8e45-0c0272edbbb2@group-FE77C852EF02, cid=2242, SUCCESS, logIndex=3282, commits[244f13ac-34be-4c4e-8e45-0c0272edbbb2:c3284, 6287e41a-5356-4f55-84f2-270816d53e84:c3280, a2c18d3d-e79d-47c9-88fe-d8a1d195302b:c3280]
2019-08-23 11:31:40,986 | INFO  | DNAudit | user=null | ip=null | op=PUT_BLOCK {blockData=[blockId=conID: 3 locID: 102666069669511736 bcsId: 0,size=2097152]} | ret=SUCCESS |  
2019-08-23 11:31:40,986 [grpc-default-executor-2] INFO  client.GrpcClientProtocolClient (GrpcClientProtocolClient.java:onNext(255)) - client-C9E345EC67ED->244f13ac-34be-4c4e-8e45-0c0272edbbb2: receive RaftClientReply:client-C9E345EC67ED->244f13ac-34be-4c4e-8e45-0c0272edbbb2@group-FE77C852EF02, cid=2243, SUCCESS, logIndex=3283, commits[244f13ac-34be-4c4e-8e45-0c0272edbbb2:c3284, 6287e41a-5356-4f55-84f2-270816d53e84:c3280, a2c18d3d-e79d-47c9-88fe-d8a1d195302b:c3280]
2019-08-23 11:31:40,986 [grpc-default-executor-2] INFO  client.GrpcClientProtocolClient (GrpcClientProtocolClient.java:onNext(255)) - client-C9E345EC67ED->244f13ac-34be-4c4e-8e45-0c0272edbbb2: receive RaftClientReply:client-C9E345EC67ED->244f13ac-34be-4c4e-8e45-0c0272edbbb2@group-FE77C852EF02, cid=2244, SUCCESS, logIndex=3284, commits[244f13ac-34be-4c4e-8e45-0c0272edbbb2:c3284, 6287e41a-5356-4f55-84f2-270816d53e84:c3280, a2c18d3d-e79d-47c9-88fe-d8a1d195302b:c3280]
2019-08-23 11:31:40,996 | INFO  | DNAudit | user=null | ip=null | op=WRITE_CHUNK {blockData=conID: 3 locID: 102666069669511736 bcsId: 0} | ret=SUCCESS |  
2019-08-23 11:31:40,996 | INFO  | DNAudit | user=null | ip=null | op=WRITE_CHUNK {blockData=conID: 3 locID: 102666069669511736 bcsId: 0} | ret=SUCCESS |  
2019-08-23 11:31:40,997 | INFO  | DNAudit | user=null | ip=null | op=PUT_BLOCK {blockData=[blockId=conID: 3 locID: 102666069669511736 bcsId: 0,size=1048576]} | ret=SUCCESS |  
2019-08-23 11:31:40,997 | INFO  | DNAudit | user=null | ip=null | op=WRITE_CHUNK {blockData=conID: 3 locID: 102666069669511736 bcsId: 0} | ret=SUCCESS |  
2019-08-23 11:31:40,997 | INFO  | DNAudit | user=null | ip=null | op=PUT_BLOCK {blockData=[blockId=conID: 3 locID: 102666069669511736 bcsId: 0,size=1048576]} | ret=SUCCESS |  
2019-08-23 11:31:40,998 | INFO  | DNAudit | user=null | ip=null | op=WRITE_CHUNK {blockData=conID: 3 locID: 102666069669511736 bcsId: 0} | ret=SUCCESS |  
2019-08-23 11:31:40,998 | INFO  | DNAudit | user=null | ip=null | op=PUT_BLOCK {blockData=[blockId=conID: 3 locID: 102666069669511736 bcsId: 0,size=2097152]} | ret=SUCCESS |  
2019-08-23 11:31:40,998 [grpc-default-executor-2] INFO  client.GrpcClientProtocolClient (GrpcClientProtocolClient.java:onNext(255)) - client-C9E345EC67ED->244f13ac-34be-4c4e-8e45-0c0272edbbb2: receive RaftClientReply:client-C9E345EC67ED->244f13ac-34be-4c4e-8e45-0c0272edbbb2@group-FE77C852EF02, cid=2245, SUCCESS, logIndex=0, commits[244f13ac-34be-4c4e-8e45-0c0272edbbb2:c3287, 6287e41a-5356-4f55-84f2-270816d53e84:c3282, a2c18d3d-e79d-47c9-88fe-d8a1d195302b:c3283]
2019-08-23 11:31:40,998 | INFO  | DNAudit | user=null | ip=null | op=PUT_BLOCK {blockData=[blockId=conID: 3 locID: 102666069669511736 bcsId: 0,size=2097152]} | ret=SUCCESS |  
2019-08-23 11:31:41,002 | INFO  | DNAudit | user=null | ip=null | op=WRITE_CHUNK {blockData=conID: 3 locID: 102666069669511736 bcsId: 3284} | ret=SUCCESS |  
2019-08-23 11:31:41,005 | INFO  | DNAudit | user=null | ip=null | op=WRITE_CHUNK {blockData=conID: 3 locID: 102666069669511736 bcsId: 3284} | ret=SUCCESS |  
2019-08-23 11:31:41,005 | INFO  | DNAudit | user=null | ip=null | op=WRITE_CHUNK {blockData=conID: 3 locID: 102666069669511736 bcsId: 3284} | ret=SUCCESS |  
2019-08-23 11:31:41,010 | INFO  | DNAudit | user=null | ip=null | op=WRITE_CHUNK {blockData=conID: 3 locID: 102666069669511736 bcsId: 3284} | ret=SUCCESS |  
2019-08-23 11:31:41,010 | INFO  | DNAudit | user=null | ip=null | op=PUT_BLOCK {blockData=[blockId=conID: 3 locID: 102666069669511736 bcsId: 0,size=3145728]} | ret=SUCCESS |  
2019-08-23 11:31:41,010 [grpc-default-executor-0] INFO  client.GrpcClientProtocolClient (GrpcClientProtocolClient.java:onNext(255)) - client-C9E345EC67ED->244f13ac-34be-4c4e-8e45-0c0272edbbb2: receive RaftClientReply:client-C9E345EC67ED->244f13ac-34be-4c4e-8e45-0c0272edbbb2@group-FE77C852EF02, cid=2246, SUCCESS, logIndex=3289, commits[244f13ac-34be-4c4e-8e45-0c0272edbbb2:c3290, 6287e41a-5356-4f55-84f2-270816d53e84:c3288, a2c18d3d-e79d-47c9-88fe-d8a1d195302b:c3284]
2019-08-23 11:31:41,010 [grpc-default-executor-0] INFO  client.GrpcClientProtocolClient (GrpcClientProtocolClient.java:onNext(255)) - client-C9E345EC67ED->244f13ac-34be-4c4e-8e45-0c0272edbbb2: receive RaftClientReply:client-C9E345EC67ED->244f13ac-34be-4c4e-8e45-0c0272edbbb2@group-FE77C852EF02, cid=2247, SUCCESS, logIndex=3290, commits[244f13ac-34be-4c4e-8e45-0c0272edbbb2:c3290, 6287e41a-5356-4f55-84f2-270816d53e84:c3288, a2c18d3d-e79d-47c9-88fe-d8a1d195302b:c3288]
2019-08-23 11:31:41,011 | INFO  | DNAudit | user=null | ip=null | op=WRITE_CHUNK {blockData=conID: 3 locID: 102666069669511736 bcsId: 3284} | ret=SUCCESS |  
2019-08-23 11:31:41,011 | INFO  | DNAudit | user=null | ip=null | op=PUT_BLOCK {blockData=[blockId=conID: 3 locID: 102666069669511736 bcsId: 0,size=3145728]} | ret=SUCCESS |  
2019-08-23 11:31:41,011 | INFO  | DNAudit | user=null | ip=null | op=WRITE_CHUNK {blockData=conID: 3 locID: 102666069669511736 bcsId: 3284} | ret=SUCCESS |  
2019-08-23 11:31:41,012 | INFO  | DNAudit | user=null | ip=null | op=PUT_BLOCK {blockData=[blockId=conID: 3 locID: 102666069669511736 bcsId: 0,size=3145728]} | ret=SUCCESS |  
2019-08-23 11:31:41,015 | INFO  | DNAudit | user=null | ip=null | op=WRITE_CHUNK {blockData=conID: 3 locID: 102666069669511736 bcsId: 3290} | ret=SUCCESS |  
2019-08-23 11:31:41,018 | INFO  | DNAudit | user=null | ip=null | op=WRITE_CHUNK {blockData=conID: 3 locID: 102666069669511736 bcsId: 3290} | ret=SUCCESS |  
2019-08-23 11:31:41,018 | INFO  | DNAudit | user=null | ip=null | op=WRITE_CHUNK {blockData=conID: 3 locID: 102666069669511736 bcsId: 3290} | ret=SUCCESS |  
2019-08-23 11:31:41,028 | INFO  | DNAudit | user=null | ip=null | op=WRITE_CHUNK {blockData=conID: 3 locID: 102666069669511736 bcsId: 3290} | ret=SUCCESS |  
2019-08-23 11:31:41,029 | INFO  | DNAudit | user=null | ip=null | op=PUT_BLOCK {blockData=[blockId=conID: 3 locID: 102666069669511736 bcsId: 0,size=4194304]} | ret=SUCCESS |  
2019-08-23 11:31:41,029 [grpc-default-executor-0] INFO  client.GrpcClientProtocolClient (GrpcClientProtocolClient.java:onNext(255)) - client-C9E345EC67ED->244f13ac-34be-4c4e-8e45-0c0272edbbb2: receive RaftClientReply:client-C9E345EC67ED->244f13ac-34be-4c4e-8e45-0c0272edbbb2@group-FE77C852EF02, cid=2248, SUCCESS, logIndex=3293, commits[244f13ac-34be-4c4e-8e45-0c0272edbbb2:c3294, 6287e41a-5356-4f55-84f2-270816d53e84:c3292, a2c18d3d-e79d-47c9-88fe-d8a1d195302b:c3292]
2019-08-23 11:31:41,029 [grpc-default-executor-0] INFO  client.GrpcClientProtocolClient (GrpcClientProtocolClient.java:onNext(255)) - client-C9E345EC67ED->244f13ac-34be-4c4e-8e45-0c0272edbbb2: receive RaftClientReply:client-C9E345EC67ED->244f13ac-34be-4c4e-8e45-0c0272edbbb2@group-FE77C852EF02, cid=2249, SUCCESS, logIndex=3294, commits[244f13ac-34be-4c4e-8e45-0c0272edbbb2:c3294, 6287e41a-5356-4f55-84f2-270816d53e84:c3292, a2c18d3d-e79d-47c9-88fe-d8a1d195302b:c3292]
2019-08-23 11:31:41,048 | INFO  | DNAudit | user=null | ip=null | op=WRITE_CHUNK {blockData=conID: 3 locID: 102666069669511736 bcsId: 3290} | ret=SUCCESS |  
2019-08-23 11:31:41,048 | INFO  | DNAudit | user=null | ip=null | op=WRITE_CHUNK {blockData=conID: 3 locID: 102666069669511736 bcsId: 3290} | ret=SUCCESS |  
2019-08-23 11:31:41,049 | INFO  | DNAudit | user=null | ip=null | op=PUT_BLOCK {blockData=[blockId=conID: 3 locID: 102666069669511736 bcsId: 0,size=4194304]} | ret=SUCCESS |  
2019-08-23 11:31:41,049 | INFO  | DNAudit | user=null | ip=null | op=PUT_BLOCK {blockData=[blockId=conID: 3 locID: 102666069669511736 bcsId: 0,size=4194304]} | ret=SUCCESS |  
2019-08-23 11:31:41,050 [grpc-default-executor-0] INFO  client.GrpcClientProtocolClient (GrpcClientProtocolClient.java:onNext(255)) - client-C9E345EC67ED->244f13ac-34be-4c4e-8e45-0c0272edbbb2: receive RaftClientReply:client-C9E345EC67ED->244f13ac-34be-4c4e-8e45-0c0272edbbb2@group-FE77C852EF02, cid=2250, SUCCESS, logIndex=0, commits[244f13ac-34be-4c4e-8e45-0c0272edbbb2:c3296, 6287e41a-5356-4f55-84f2-270816d53e84:c3294, a2c18d3d-e79d-47c9-88fe-d8a1d195302b:c3294]
2019-08-23 11:31:41,054 | INFO  | SCMAudit | user=jenkins1000 | ip=192.168.5.185 | op=ALLOCATE_BLOCK {owner=00a23185-76ea-47b5-a641-ad3cfbe5521a, size=4194304, type=RATIS, factor=THREE} | ret=SUCCESS |  
2019-08-23 11:31:41,056 | INFO  | OMAudit | user=jenkins1000 | ip=127.0.0.1 | op=ALLOCATE_BLOCK {volume=vol-0-37508, bucket=bucket-0-50919, key=key-0-57313, dataSize=0, replicationType=null, replicationFactor=null, keyLocationInfo=null, clientID=102666068570931602} | ret=SUCCESS |  
2019-08-23 11:31:41,064 | INFO  | DNAudit | user=null | ip=null | op=WRITE_CHUNK {blockData=conID: 1 locID: 102666069675475513 bcsId: 0} | ret=SUCCESS |  
2019-08-23 11:31:41,065 | INFO  | DNAudit | user=null | ip=null | op=WRITE_CHUNK {blockData=conID: 1 locID: 102666069675475513 bcsId: 0} | ret=SUCCESS |  
2019-08-23 11:31:41,065 | INFO  | DNAudit | user=null | ip=null | op=WRITE_CHUNK {blockData=conID: 1 locID: 102666069675475513 bcsId: 0} | ret=SUCCESS |  
2019-08-23 11:31:41,066 | INFO  | DNAudit | user=null | ip=null | op=WRITE_CHUNK {blockData=conID: 1 locID: 102666069675475513 bcsId: 0} | ret=SUCCESS |  
2019-08-23 11:31:41,068 | INFO  | DNAudit | user=null | ip=null | op=WRITE_CHUNK {blockData=conID: 1 locID: 102666069675475513 bcsId: 0} | ret=SUCCESS |  
2019-08-23 11:31:41,068 | INFO  | DNAudit | user=null | ip=null | op=WRITE_CHUNK {blockData=conID: 1 locID: 102666069675475513 bcsId: 0} | ret=SUCCESS |  
2019-08-23 11:31:41,076 | INFO  | DNAudit | user=null | ip=null | op=WRITE_CHUNK {blockData=conID: 1 locID: 102666069675475513 bcsId: 0} | ret=SUCCESS |  
2019-08-23 11:31:41,076 | INFO  | DNAudit | user=null | ip=null | op=PUT_BLOCK {blockData=[blockId=conID: 1 locID: 102666069675475513 bcsId: 0,size=1048576]} | ret=SUCCESS |  
2019-08-23 11:31:41,076 [grpc-default-executor-0] INFO  client.GrpcClientProtocolClient (GrpcClientProtocolClient.java:onNext(255)) - client-C9E345EC67ED->244f13ac-34be-4c4e-8e45-0c0272edbbb2: receive RaftClientReply:client-C9E345EC67ED->244f13ac-34be-4c4e-8e45-0c0272edbbb2@group-FE77C852EF02, cid=2251, SUCCESS, logIndex=3297, commits[244f13ac-34be-4c4e-8e45-0c0272edbbb2:c3299, 6287e41a-5356-4f55-84f2-270816d53e84:c3296, a2c18d3d-e79d-47c9-88fe-d8a1d195302b:c3296]
2019-08-23 11:31:41,077 | INFO  | DNAudit | user=null | ip=null | op=WRITE_CHUNK {blockData=conID: 1 locID: 102666069675475513 bcsId: 0} | ret=SUCCESS |  
2019-08-23 11:31:41,077 | INFO  | DNAudit | user=null | ip=null | op=WRITE_CHUNK {blockData=conID: 1 locID: 102666069675475513 bcsId: 0} | ret=SUCCESS |  
2019-08-23 11:31:41,077 [grpc-default-executor-0] INFO  client.GrpcClientProtocolClient (GrpcClientProtocolClient.java:onNext(255)) - client-C9E345EC67ED->244f13ac-34be-4c4e-8e45-0c0272edbbb2: receive RaftClientReply:client-C9E345EC67ED->244f13ac-34be-4c4e-8e45-0c0272edbbb2@group-FE77C852EF02, cid=2252, SUCCESS, logIndex=3298, commits[244f13ac-34be-4c4e-8e45-0c0272edbbb2:c3300, 6287e41a-5356-4f55-84f2-270816d53e84:c3296, a2c18d3d-e79d-47c9-88fe-d8a1d195302b:c3296]
2019-08-23 11:31:41,077 | INFO  | DNAudit | user=null | ip=null | op=WRITE_CHUNK {blockData=conID: 1 locID: 102666069675475513 bcsId: 0} | ret=SUCCESS |  
2019-08-23 11:31:41,077 | INFO  | DNAudit | user=null | ip=null | op=PUT_BLOCK {blockData=[blockId=conID: 1 locID: 102666069675475513 bcsId: 0,size=1048576]} | ret=SUCCESS |  
2019-08-23 11:31:41,078 | INFO  | DNAudit | user=null | ip=null | op=PUT_BLOCK {blockData=[blockId=conID: 1 locID: 102666069675475513 bcsId: 0,size=2097152]} | ret=SUCCESS |  
2019-08-23 11:31:41,078 [grpc-default-executor-1] INFO  client.GrpcClientProtocolClient (GrpcClientProtocolClient.java:onNext(255)) - client-C9E345EC67ED->244f13ac-34be-4c4e-8e45-0c0272edbbb2: receive RaftClientReply:client-C9E345EC67ED->244f13ac-34be-4c4e-8e45-0c0272edbbb2@group-FE77C852EF02, cid=2253, SUCCESS, logIndex=3299, commits[244f13ac-34be-4c4e-8e45-0c0272edbbb2:c3301, 6287e41a-5356-4f55-84f2-270816d53e84:c3297, a2c18d3d-e79d-47c9-88fe-d8a1d195302b:c3296]
2019-08-23 11:31:41,078 | INFO  | DNAudit | user=null | ip=null | op=WRITE_CHUNK {blockData=conID: 1 locID: 102666069675475513 bcsId: 0} | ret=SUCCESS |  
2019-08-23 11:31:41,078 [grpc-default-executor-1] INFO  client.GrpcClientProtocolClient (GrpcClientProtocolClient.java:onNext(255)) - client-C9E345EC67ED->244f13ac-34be-4c4e-8e45-0c0272edbbb2: receive RaftClientReply:client-C9E345EC67ED->244f13ac-34be-4c4e-8e45-0c0272edbbb2@group-FE77C852EF02, cid=2254, SUCCESS, logIndex=3300, commits[244f13ac-34be-4c4e-8e45-0c0272edbbb2:c3303, 6287e41a-5356-4f55-84f2-270816d53e84:c3299, a2c18d3d-e79d-47c9-88fe-d8a1d195302b:c3297]
 0.00% |█                                                                                                    |  0/1 Time: 0:00:162019-08-23 11:31:41,086 | INFO  | SCMAudit | user=jenkins1000 | ip=192.168.5.185 | op=SEND_HEARTBEAT {datanodeUUID=244f13ac-34be-4c4e-8e45-0c0272edbbb2, command=[]} | ret=SUCCESS |  
2019-08-23 11:31:41,086 | INFO  | SCMAudit | user=jenkins1000 | ip=192.168.5.185 | op=SEND_HEARTBEAT {datanodeUUID=6287e41a-5356-4f55-84f2-270816d53e84, command=[]} | ret=SUCCESS |  
2019-08-23 11:31:41,086 | INFO  | SCMAudit | user=jenkins1000 | ip=192.168.5.185 | op=SEND_HEARTBEAT {datanodeUUID=b2c34899-c5c3-4720-9d95-984efeabf4a7, command=[]} | ret=SUCCESS |  
2019-08-23 11:31:41,086 | INFO  | SCMAudit | user=jenkins1000 | ip=192.168.5.185 | op=SEND_HEARTBEAT {datanodeUUID=a2c18d3d-e79d-47c9-88fe-d8a1d195302b, command=[]} | ret=SUCCESS |  
2019-08-23 11:31:41,086 | INFO  | SCMAudit | user=jenkins1000 | ip=192.168.5.185 | op=SEND_HEARTBEAT {datanodeUUID=0d166765-8492-4439-8677-f737a7bc54ca, command=[]} | ret=SUCCESS |  
2019-08-23 11:31:41,088 | INFO  | DNAudit | user=null | ip=null | op=PUT_BLOCK {blockData=[blockId=conID: 1 locID: 102666069675475513 bcsId: 0,size=1048576]} | ret=SUCCESS |  
2019-08-23 11:31:41,088 | INFO  | DNAudit | user=null | ip=null | op=WRITE_CHUNK {blockData=conID: 1 locID: 102666069675475513 bcsId: 0} | ret=SUCCESS |  
2019-08-23 11:31:41,088 | INFO  | DNAudit | user=null | ip=null | op=PUT_BLOCK {blockData=[blockId=conID: 1 locID: 102666069675475513 bcsId: 0,size=2097152]} | ret=SUCCESS |  
2019-08-23 11:31:41,089 | INFO  | DNAudit | user=null | ip=null | op=PUT_BLOCK {blockData=[blockId=conID: 1 locID: 102666069675475513 bcsId: 0,size=2097152]} | ret=SUCCESS |  
2019-08-23 11:31:41,089 [grpc-default-executor-1] INFO  client.GrpcClientProtocolClient (GrpcClientProtocolClient.java:onNext(255)) - client-C9E345EC67ED->244f13ac-34be-4c4e-8e45-0c0272edbbb2: receive RaftClientReply:client-C9E345EC67ED->244f13ac-34be-4c4e-8e45-0c0272edbbb2@group-FE77C852EF02, cid=2255, SUCCESS, logIndex=0, commits[244f13ac-34be-4c4e-8e45-0c0272edbbb2:c3303, 6287e41a-5356-4f55-84f2-270816d53e84:c3299, a2c18d3d-e79d-47c9-88fe-d8a1d195302b:c3298]
2019-08-23 11:31:41,094 | INFO  | DNAudit | user=null | ip=null | op=WRITE_CHUNK {blockData=conID: 1 locID: 102666069675475513 bcsId: 3300} | ret=SUCCESS |  
2019-08-23 11:31:41,096 | INFO  | DNAudit | user=null | ip=null | op=WRITE_CHUNK {blockData=conID: 1 locID: 102666069675475513 bcsId: 3300} | ret=SUCCESS |  
2019-08-23 11:31:41,097 | INFO  | DNAudit | user=null | ip=null | op=WRITE_CHUNK {blockData=conID: 1 locID: 102666069675475513 bcsId: 3300} | ret=SUCCESS |  
2019-08-23 11:31:41,106 | INFO  | DNAudit | user=null | ip=null | op=WRITE_CHUNK {blockData=conID: 1 locID: 102666069675475513 bcsId: 3300} | ret=SUCCESS |  
2019-08-23 11:31:41,107 | INFO  | DNAudit | user=null | ip=null | op=PUT_BLOCK {blockData=[blockId=conID: 1 locID: 102666069675475513 bcsId: 0,size=3145728]} | ret=SUCCESS |  
2019-08-23 11:31:41,107 [grpc-default-executor-1] INFO  client.GrpcClientProtocolClient (GrpcClientProtocolClient.java:onNext(255)) - client-C9E345EC67ED->244f13ac-34be-4c4e-8e45-0c0272edbbb2: receive RaftClientReply:client-C9E345EC67ED->244f13ac-34be-4c4e-8e45-0c0272edbbb2@group-FE77C852EF02, cid=2256, SUCCESS, logIndex=3305, commits[244f13ac-34be-4c4e-8e45-0c0272edbbb2:c3306, 6287e41a-5356-4f55-84f2-270816d53e84:c3304, a2c18d3d-e79d-47c9-88fe-d8a1d195302b:c3304]
2019-08-23 11:31:41,107 [grpc-default-executor-1] INFO  client.GrpcClientProtocolClient (GrpcClientProtocolClient.java:onNext(255)) - client-C9E345EC67ED->244f13ac-34be-4c4e-8e45-0c0272edbbb2: receive RaftClientReply:client-C9E345EC67ED->244f13ac-34be-4c4e-8e45-0c0272edbbb2@group-FE77C852EF02, cid=2257, SUCCESS, logIndex=3306, commits[244f13ac-34be-4c4e-8e45-0c0272edbbb2:c3306, 6287e41a-5356-4f55-84f2-270816d53e84:c3304, a2c18d3d-e79d-47c9-88fe-d8a1d195302b:c3304]
2019-08-23 11:31:41,112 | INFO  | DNAudit | user=null | ip=null | op=WRITE_CHUNK {blockData=conID: 1 locID: 102666069675475513 bcsId: 3306} | ret=SUCCESS |  
2019-08-23 11:31:41,114 | INFO  | DNAudit | user=null | ip=null | op=WRITE_CHUNK {blockData=conID: 1 locID: 102666069675475513 bcsId: 3306} | ret=SUCCESS |  
2019-08-23 11:31:41,115 | INFO  | DNAudit | user=null | ip=null | op=WRITE_CHUNK {blockData=conID: 1 locID: 102666069675475513 bcsId: 3306} | ret=SUCCESS |  
2019-08-23 11:31:41,118 | INFO  | DNAudit | user=null | ip=null | op=WRITE_CHUNK {blockData=conID: 1 locID: 102666069675475513 bcsId: 3300} | ret=SUCCESS |  
2019-08-23 11:31:41,118 | INFO  | DNAudit | user=null | ip=null | op=WRITE_CHUNK {blockData=conID: 1 locID: 102666069675475513 bcsId: 3300} | ret=SUCCESS |  
2019-08-23 11:31:41,119 | INFO  | DNAudit | user=null | ip=null | op=PUT_BLOCK {blockData=[blockId=conID: 1 locID: 102666069675475513 bcsId: 0,size=3145728]} | ret=SUCCESS |  
2019-08-23 11:31:41,119 | INFO  | DNAudit | user=null | ip=null | op=PUT_BLOCK {blockData=[blockId=conID: 1 locID: 102666069675475513 bcsId: 0,size=3145728]} | ret=SUCCESS |  
2019-08-23 11:31:41,120 | INFO  | DNAudit | user=null | ip=null | op=WRITE_CHUNK {blockData=conID: 1 locID: 102666069675475513 bcsId: 3306} | ret=SUCCESS |  
2019-08-23 11:31:41,120 | INFO  | DNAudit | user=null | ip=null | op=PUT_BLOCK {blockData=[blockId=conID: 1 locID: 102666069675475513 bcsId: 0,size=4194304]} | ret=SUCCESS |  
2019-08-23 11:31:41,120 [grpc-default-executor-0] INFO  client.GrpcClientProtocolClient (GrpcClientProtocolClient.java:onNext(255)) - client-C9E345EC67ED->244f13ac-34be-4c4e-8e45-0c0272edbbb2: receive RaftClientReply:client-C9E345EC67ED->244f13ac-34be-4c4e-8e45-0c0272edbbb2@group-FE77C852EF02, cid=2258, SUCCESS, logIndex=3309, commits[244f13ac-34be-4c4e-8e45-0c0272edbbb2:c3310, 6287e41a-5356-4f55-84f2-270816d53e84:c3306, a2c18d3d-e79d-47c9-88fe-d8a1d195302b:c3306]
2019-08-23 11:31:41,120 [grpc-default-executor-0] INFO  client.GrpcClientProtocolClient (GrpcClientProtocolClient.java:onNext(255)) - client-C9E345EC67ED->244f13ac-34be-4c4e-8e45-0c0272edbbb2: receive RaftClientReply:client-C9E345EC67ED->244f13ac-34be-4c4e-8e45-0c0272edbbb2@group-FE77C852EF02, cid=2259, SUCCESS, logIndex=3310, commits[244f13ac-34be-4c4e-8e45-0c0272edbbb2:c3310, 6287e41a-5356-4f55-84f2-270816d53e84:c3306, a2c18d3d-e79d-47c9-88fe-d8a1d195302b:c3306]
2019-08-23 11:31:41,131 | INFO  | DNAudit | user=null | ip=null | op=WRITE_CHUNK {blockData=conID: 1 locID: 102666069675475513 bcsId: 3306} | ret=SUCCESS |  
2019-08-23 11:31:41,131 | INFO  | DNAudit | user=null | ip=null | op=WRITE_CHUNK {blockData=conID: 1 locID: 102666069675475513 bcsId: 3306} | ret=SUCCESS |  
2019-08-23 11:31:41,132 | INFO  | DNAudit | user=null | ip=null | op=PUT_BLOCK {blockData=[blockId=conID: 1 locID: 102666069675475513 bcsId: 0,size=4194304]} | ret=SUCCESS |  
2019-08-23 11:31:41,132 | INFO  | DNAudit | user=null | ip=null | op=PUT_BLOCK {blockData=[blockId=conID: 1 locID: 102666069675475513 bcsId: 0,size=4194304]} | ret=SUCCESS |  
2019-08-23 11:31:41,132 [grpc-default-executor-1] INFO  client.GrpcClientProtocolClient (GrpcClientProtocolClient.java:onNext(255)) - client-C9E345EC67ED->244f13ac-34be-4c4e-8e45-0c0272edbbb2: receive RaftClientReply:client-C9E345EC67ED->244f13ac-34be-4c4e-8e45-0c0272edbbb2@group-FE77C852EF02, cid=2260, SUCCESS, logIndex=0, commits[244f13ac-34be-4c4e-8e45-0c0272edbbb2:c3312, 6287e41a-5356-4f55-84f2-270816d53e84:c3310, a2c18d3d-e79d-47c9-88fe-d8a1d195302b:c3310]
2019-08-23 11:31:41,136 | INFO  | SCMAudit | user=jenkins1000 | ip=192.168.5.185 | op=ALLOCATE_BLOCK {owner=00a23185-76ea-47b5-a641-ad3cfbe5521a, size=4194304, type=RATIS, factor=THREE} | ret=SUCCESS |  
2019-08-23 11:31:41,138 | INFO  | OMAudit | user=jenkins1000 | ip=127.0.0.1 | op=ALLOCATE_BLOCK {volume=vol-0-37508, bucket=bucket-0-50919, key=key-0-57313, dataSize=0, replicationType=null, replicationFactor=null, keyLocationInfo=null, clientID=102666068570931602} | ret=SUCCESS |  
2019-08-23 11:31:41,144 | INFO  | DNAudit | user=null | ip=null | op=WRITE_CHUNK {blockData=conID: 2 locID: 102666069680849466 bcsId: 0} | ret=SUCCESS |  
2019-08-23 11:31:41,146 | INFO  | DNAudit | user=null | ip=null | op=WRITE_CHUNK {blockData=conID: 2 locID: 102666069680849466 bcsId: 0} | ret=SUCCESS |  
2019-08-23 11:31:41,146 | INFO  | DNAudit | user=null | ip=null | op=WRITE_CHUNK {blockData=conID: 2 locID: 102666069680849466 bcsId: 0} | ret=SUCCESS |  
2019-08-23 11:31:41,146 | INFO  | DNAudit | user=null | ip=null | op=WRITE_CHUNK {blockData=conID: 2 locID: 102666069680849466 bcsId: 0} | ret=SUCCESS |  
2019-08-23 11:31:41,148 | INFO  | DNAudit | user=null | ip=null | op=WRITE_CHUNK {blockData=conID: 2 locID: 102666069680849466 bcsId: 0} | ret=SUCCESS |  
2019-08-23 11:31:41,149 | INFO  | DNAudit | user=null | ip=null | op=WRITE_CHUNK {blockData=conID: 2 locID: 102666069680849466 bcsId: 0} | ret=SUCCESS |  
2019-08-23 11:31:41,159 | INFO  | DNAudit | user=null | ip=null | op=WRITE_CHUNK {blockData=conID: 2 locID: 102666069680849466 bcsId: 0} | ret=SUCCESS |  
2019-08-23 11:31:41,160 | INFO  | DNAudit | user=null | ip=null | op=PUT_BLOCK {blockData=[blockId=conID: 2 locID: 102666069680849466 bcsId: 0,size=1048576]} | ret=SUCCESS |  
2019-08-23 11:31:41,160 | INFO  | DNAudit | user=null | ip=null | op=WRITE_CHUNK {blockData=conID: 2 locID: 102666069680849466 bcsId: 0} | ret=SUCCESS |  
2019-08-23 11:31:41,160 | INFO  | DNAudit | user=null | ip=null | op=PUT_BLOCK {blockData=[blockId=conID: 2 locID: 102666069680849466 bcsId: 0,size=2097152]} | ret=SUCCESS |  
2019-08-23 11:31:41,160 [grpc-default-executor-4] INFO  client.GrpcClientProtocolClient (GrpcClientProtocolClient.java:onNext(255)) - client-C9E345EC67ED->244f13ac-34be-4c4e-8e45-0c0272edbbb2: receive RaftClientReply:client-C9E345EC67ED->244f13ac-34be-4c4e-8e45-0c0272edbbb2@group-FE77C852EF02, cid=2261, SUCCESS, logIndex=3313, commits[244f13ac-34be-4c4e-8e45-0c0272edbbb2:c3315, 6287e41a-5356-4f55-84f2-270816d53e84:c3312, a2c18d3d-e79d-47c9-88fe-d8a1d195302b:c3312]
2019-08-23 11:31:41,160 | INFO  | DNAudit | user=null | ip=null | op=WRITE_CHUNK {blockData=conID: 2 locID: 102666069680849466 bcsId: 0} | ret=SUCCESS |  
2019-08-23 11:31:41,160 [grpc-default-executor-4] INFO  client.GrpcClientProtocolClient (GrpcClientProtocolClient.java:onNext(255)) - client-C9E345EC67ED->244f13ac-34be-4c4e-8e45-0c0272edbbb2: receive RaftClientReply:client-C9E345EC67ED->244f13ac-34be-4c4e-8e45-0c0272edbbb2@group-FE77C852EF02, cid=2262, SUCCESS, logIndex=3314, commits[244f13ac-34be-4c4e-8e45-0c0272edbbb2:c3316, 6287e41a-5356-4f55-84f2-270816d53e84:c3312, a2c18d3d-e79d-47c9-88fe-d8a1d195302b:c3312]
2019-08-23 11:31:41,161 [grpc-default-executor-4] INFO  client.GrpcClientProtocolClient (GrpcClientProtocolClient.java:onNext(255)) - client-C9E345EC67ED->244f13ac-34be-4c4e-8e45-0c0272edbbb2: receive RaftClientReply:client-C9E345EC67ED->244f13ac-34be-4c4e-8e45-0c0272edbbb2@group-FE77C852EF02, cid=2263, SUCCESS, logIndex=3315, commits[244f13ac-34be-4c4e-8e45-0c0272edbbb2:c3316, 6287e41a-5356-4f55-84f2-270816d53e84:c3312, a2c18d3d-e79d-47c9-88fe-d8a1d195302b:c3312]
2019-08-23 11:31:41,161 [grpc-default-executor-4] INFO  client.GrpcClientProtocolClient (GrpcClientProtocolClient.java:onNext(255)) - client-C9E345EC67ED->244f13ac-34be-4c4e-8e45-0c0272edbbb2: receive RaftClientReply:client-C9E345EC67ED->244f13ac-34be-4c4e-8e45-0c0272edbbb2@group-FE77C852EF02, cid=2264, SUCCESS, logIndex=3316, commits[244f13ac-34be-4c4e-8e45-0c0272edbbb2:c3316, 6287e41a-5356-4f55-84f2-270816d53e84:c3312, a2c18d3d-e79d-47c9-88fe-d8a1d195302b:c3312]
2019-08-23 11:31:41,161 | INFO  | DNAudit | user=null | ip=null | op=WRITE_CHUNK {blockData=conID: 2 locID: 102666069680849466 bcsId: 0} | ret=SUCCESS |  
2019-08-23 11:31:41,161 | INFO  | DNAudit | user=null | ip=null | op=PUT_BLOCK {blockData=[blockId=conID: 2 locID: 102666069680849466 bcsId: 0,size=1048576]} | ret=SUCCESS |  
2019-08-23 11:31:41,162 | INFO  | DNAudit | user=null | ip=null | op=PUT_BLOCK {blockData=[blockId=conID: 2 locID: 102666069680849466 bcsId: 0,size=1048576]} | ret=SUCCESS |  
2019-08-23 11:31:41,162 | INFO  | DNAudit | user=null | ip=null | op=WRITE_CHUNK {blockData=conID: 2 locID: 102666069680849466 bcsId: 0} | ret=SUCCESS |  
2019-08-23 11:31:41,162 | INFO  | DNAudit | user=null | ip=null | op=PUT_BLOCK {blockData=[blockId=conID: 2 locID: 102666069680849466 bcsId: 0,size=2097152]} | ret=SUCCESS |  
2019-08-23 11:31:41,162 [grpc-default-executor-4] INFO  client.GrpcClientProtocolClient (GrpcClientProtocolClient.java:onNext(255)) - client-C9E345EC67ED->244f13ac-34be-4c4e-8e45-0c0272edbbb2: receive RaftClientReply:client-C9E345EC67ED->244f13ac-34be-4c4e-8e45-0c0272edbbb2@group-FE77C852EF02, cid=2265, SUCCESS, logIndex=0, commits[244f13ac-34be-4c4e-8e45-0c0272edbbb2:c3317, 6287e41a-5356-4f55-84f2-270816d53e84:c3314, a2c18d3d-e79d-47c9-88fe-d8a1d195302b:c3314]
2019-08-23 11:31:41,162 | INFO  | DNAudit | user=null | ip=null | op=WRITE_CHUNK {blockData=conID: 2 locID: 102666069680849466 bcsId: 0} | ret=SUCCESS |  
2019-08-23 11:31:41,163 | INFO  | DNAudit | user=null | ip=null | op=PUT_BLOCK {blockData=[blockId=conID: 2 locID: 102666069680849466 bcsId: 0,size=2097152]} | ret=SUCCESS |  
2019-08-23 11:31:41,169 | INFO  | DNAudit | user=null | ip=null | op=WRITE_CHUNK {blockData=conID: 2 locID: 102666069680849466 bcsId: 3316} | ret=SUCCESS |  
2019-08-23 11:31:41,171 | INFO  | DNAudit | user=null | ip=null | op=WRITE_CHUNK {blockData=conID: 2 locID: 102666069680849466 bcsId: 3316} | ret=SUCCESS |  
2019-08-23 11:31:41,172 | INFO  | DNAudit | user=null | ip=null | op=WRITE_CHUNK {blockData=conID: 2 locID: 102666069680849466 bcsId: 3316} | ret=SUCCESS |  
2019-08-23 11:31:41,182 | INFO  | DNAudit | user=null | ip=null | op=WRITE_CHUNK {blockData=conID: 2 locID: 102666069680849466 bcsId: 3316} | ret=SUCCESS |  
2019-08-23 11:31:41,182 | INFO  | DNAudit | user=null | ip=null | op=PUT_BLOCK {blockData=[blockId=conID: 2 locID: 102666069680849466 bcsId: 0,size=3145728]} | ret=SUCCESS |  
2019-08-23 11:31:41,182 [grpc-default-executor-1] INFO  client.GrpcClientProtocolClient (GrpcClientProtocolClient.java:onNext(255)) - client-C9E345EC67ED->244f13ac-34be-4c4e-8e45-0c0272edbbb2: receive RaftClientReply:client-C9E345EC67ED->244f13ac-34be-4c4e-8e45-0c0272edbbb2@group-FE77C852EF02, cid=2266, SUCCESS, logIndex=3321, commits[244f13ac-34be-4c4e-8e45-0c0272edbbb2:c3322, 6287e41a-5356-4f55-84f2-270816d53e84:c3320, a2c18d3d-e79d-47c9-88fe-d8a1d195302b:c3320]
2019-08-23 11:31:41,183 [grpc-default-executor-1] INFO  client.GrpcClientProtocolClient (GrpcClientProtocolClient.java:onNext(255)) - client-C9E345EC67ED->244f13ac-34be-4c4e-8e45-0c0272edbbb2: receive RaftClientReply:client-C9E345EC67ED->244f13ac-34be-4c4e-8e45-0c0272edbbb2@group-FE77C852EF02, cid=2267, SUCCESS, logIndex=3322, commits[244f13ac-34be-4c4e-8e45-0c0272edbbb2:c3322, 6287e41a-5356-4f55-84f2-270816d53e84:c3320, a2c18d3d-e79d-47c9-88fe-d8a1d195302b:c3320]
2019-08-23 11:31:41,189 | INFO  | DNAudit | user=null | ip=null | op=WRITE_CHUNK {blockData=conID: 2 locID: 102666069680849466 bcsId: 3322} | ret=SUCCESS |  
2019-08-23 11:31:41,191 | INFO  | DNAudit | user=null | ip=null | op=WRITE_CHUNK {blockData=conID: 2 locID: 102666069680849466 bcsId: 3322} | ret=SUCCESS |  
2019-08-23 11:31:41,192 | INFO  | DNAudit | user=null | ip=null | op=WRITE_CHUNK {blockData=conID: 2 locID: 102666069680849466 bcsId: 3316} | ret=SUCCESS |  
2019-08-23 11:31:41,192 | INFO  | DNAudit | user=null | ip=null | op=WRITE_CHUNK {blockData=conID: 2 locID: 102666069680849466 bcsId: 3316} | ret=SUCCESS |  
2019-08-23 11:31:41,192 | INFO  | DNAudit | user=null | ip=null | op=PUT_BLOCK {blockData=[blockId=conID: 2 locID: 102666069680849466 bcsId: 0,size=3145728]} | ret=SUCCESS |  
2019-08-23 11:31:41,192 | INFO  | DNAudit | user=null | ip=null | op=WRITE_CHUNK {blockData=conID: 2 locID: 102666069680849466 bcsId: 3322} | ret=SUCCESS |  
2019-08-23 11:31:41,192 | INFO  | DNAudit | user=null | ip=null | op=PUT_BLOCK {blockData=[blockId=conID: 2 locID: 102666069680849466 bcsId: 0,size=3145728]} | ret=SUCCESS |  
2019-08-23 11:31:41,193 | INFO  | DNAudit | user=null | ip=null | op=WRITE_CHUNK {blockData=conID: 2 locID: 102666069680849466 bcsId: 3322} | ret=SUCCESS |  
2019-08-23 11:31:41,194 | INFO  | DNAudit | user=null | ip=null | op=PUT_BLOCK {blockData=[blockId=conID: 2 locID: 102666069680849466 bcsId: 0,size=4194304]} | ret=SUCCESS |  
2019-08-23 11:31:41,194 [grpc-default-executor-2] INFO  client.GrpcClientProtocolClient (GrpcClientProtocolClient.java:onNext(255)) - client-C9E345EC67ED->244f13ac-34be-4c4e-8e45-0c0272edbbb2: receive RaftClientReply:client-C9E345EC67ED->244f13ac-34be-4c4e-8e45-0c0272edbbb2@group-FE77C852EF02, cid=2268, SUCCESS, logIndex=3325, commits[244f13ac-34be-4c4e-8e45-0c0272edbbb2:c3325, 6287e41a-5356-4f55-84f2-270816d53e84:c3322, a2c18d3d-e79d-47c9-88fe-d8a1d195302b:c3322]
2019-08-23 11:31:41,194 [grpc-default-executor-2] INFO  client.GrpcClientProtocolClient (GrpcClientProtocolClient.java:onNext(255)) - client-C9E345EC67ED->244f13ac-34be-4c4e-8e45-0c0272edbbb2: receive RaftClientReply:client-C9E345EC67ED->244f13ac-34be-4c4e-8e45-0c0272edbbb2@group-FE77C852EF02, cid=2269, SUCCESS, logIndex=3326, commits[244f13ac-34be-4c4e-8e45-0c0272edbbb2:c3326, 6287e41a-5356-4f55-84f2-270816d53e84:c3322, a2c18d3d-e79d-47c9-88fe-d8a1d195302b:c3322]
2019-08-23 11:31:41,195 | INFO  | DNAudit | user=null | ip=null | op=WRITE_CHUNK {blockData=conID: 2 locID: 102666069680849466 bcsId: 3322} | ret=SUCCESS |  
2019-08-23 11:31:41,195 | INFO  | DNAudit | user=null | ip=null | op=WRITE_CHUNK {blockData=conID: 2 locID: 102666069680849466 bcsId: 3322} | ret=SUCCESS |  
2019-08-23 11:31:41,196 | INFO  | DNAudit | user=null | ip=null | op=PUT_BLOCK {blockData=[blockId=conID: 2 locID: 102666069680849466 bcsId: 0,size=4194304]} | ret=SUCCESS |  
2019-08-23 11:31:41,196 | INFO  | DNAudit | user=null | ip=null | op=PUT_BLOCK {blockData=[blockId=conID: 2 locID: 102666069680849466 bcsId: 0,size=4194304]} | ret=SUCCESS |  
2019-08-23 11:31:41,197 [grpc-default-executor-2] INFO  client.GrpcClientProtocolClient (GrpcClientProtocolClient.java:onNext(255)) - client-C9E345EC67ED->244f13ac-34be-4c4e-8e45-0c0272edbbb2: receive RaftClientReply:client-C9E345EC67ED->244f13ac-34be-4c4e-8e45-0c0272edbbb2@group-FE77C852EF02, cid=2270, SUCCESS, logIndex=0, commits[244f13ac-34be-4c4e-8e45-0c0272edbbb2:c3328, 6287e41a-5356-4f55-84f2-270816d53e84:c3326, a2c18d3d-e79d-47c9-88fe-d8a1d195302b:c3326]
2019-08-23 11:31:41,201 | INFO  | SCMAudit | user=jenkins1000 | ip=192.168.5.185 | op=ALLOCATE_BLOCK {owner=00a23185-76ea-47b5-a641-ad3cfbe5521a, size=4194304, type=RATIS, factor=THREE} | ret=SUCCESS |  
2019-08-23 11:31:41,202 | INFO  | OMAudit | user=jenkins1000 | ip=127.0.0.1 | op=ALLOCATE_BLOCK {volume=vol-0-37508, bucket=bucket-0-50919, key=key-0-57313, dataSize=0, replicationType=null, replicationFactor=null, keyLocationInfo=null, clientID=102666068570931602} | ret=SUCCESS |  
2019-08-23 11:31:41,208 | INFO  | DNAudit | user=null | ip=null | op=WRITE_CHUNK {blockData=conID: 3 locID: 102666069685043771 bcsId: 0} | ret=SUCCESS |  
2019-08-23 11:31:41,209 | INFO  | DNAudit | user=null | ip=null | op=WRITE_CHUNK {blockData=conID: 3 locID: 102666069685043771 bcsId: 0} | ret=SUCCESS |  
2019-08-23 11:31:41,212 | INFO  | DNAudit | user=null | ip=null | op=WRITE_CHUNK {blockData=conID: 3 locID: 102666069685043771 bcsId: 0} | ret=SUCCESS |  
2019-08-23 11:31:41,212 | INFO  | DNAudit | user=null | ip=null | op=WRITE_CHUNK {blockData=conID: 3 locID: 102666069685043771 bcsId: 0} | ret=SUCCESS |  
2019-08-23 11:31:41,212 | INFO  | DNAudit | user=null | ip=null | op=WRITE_CHUNK {blockData=conID: 3 locID: 102666069685043771 bcsId: 0} | ret=SUCCESS |  
2019-08-23 11:31:41,212 | INFO  | DNAudit | user=null | ip=null | op=WRITE_CHUNK {blockData=conID: 3 locID: 102666069685043771 bcsId: 0} | ret=SUCCESS |  
2019-08-23 11:31:41,229 | INFO  | DNAudit | user=null | ip=null | op=WRITE_CHUNK {blockData=conID: 3 locID: 102666069685043771 bcsId: 0} | ret=SUCCESS |  
2019-08-23 11:31:41,230 | INFO  | DNAudit | user=null | ip=null | op=PUT_BLOCK {blockData=[blockId=conID: 3 locID: 102666069685043771 bcsId: 0,size=1048576]} | ret=SUCCESS |  
2019-08-23 11:31:41,230 [grpc-default-executor-2] INFO  client.GrpcClientProtocolClient (GrpcClientProtocolClient.java:onNext(255)) - client-C9E345EC67ED->244f13ac-34be-4c4e-8e45-0c0272edbbb2: receive RaftClientReply:client-C9E345EC67ED->244f13ac-34be-4c4e-8e45-0c0272edbbb2@group-FE77C852EF02, cid=2271, SUCCESS, logIndex=3329, commits[244f13ac-34be-4c4e-8e45-0c0272edbbb2:c3330, 6287e41a-5356-4f55-84f2-270816d53e84:c3328, a2c18d3d-e79d-47c9-88fe-d8a1d195302b:c3328]
2019-08-23 11:31:41,230 | INFO  | DNAudit | user=null | ip=null | op=WRITE_CHUNK {blockData=conID: 3 locID: 102666069685043771 bcsId: 0} | ret=SUCCESS |  
2019-08-23 11:31:41,230 [grpc-default-executor-2] INFO  client.GrpcClientProtocolClient (GrpcClientProtocolClient.java:onNext(255)) - client-C9E345EC67ED->244f13ac-34be-4c4e-8e45-0c0272edbbb2: receive RaftClientReply:client-C9E345EC67ED->244f13ac-34be-4c4e-8e45-0c0272edbbb2@group-FE77C852EF02, cid=2272, SUCCESS, logIndex=3330, commits[244f13ac-34be-4c4e-8e45-0c0272edbbb2:c3332, 6287e41a-5356-4f55-84f2-270816d53e84:c3328, a2c18d3d-e79d-47c9-88fe-d8a1d195302b:c3328]
2019-08-23 11:31:41,231 | INFO  | DNAudit | user=null | ip=null | op=PUT_BLOCK {blockData=[blockId=conID: 3 locID: 102666069685043771 bcsId: 0,size=2097152]} | ret=SUCCESS |  
2019-08-23 11:31:41,231 [grpc-default-executor-2] INFO  client.GrpcClientProtocolClient (GrpcClientProtocolClient.java:onNext(255)) - client-C9E345EC67ED->244f13ac-34be-4c4e-8e45-0c0272edbbb2: receive RaftClientReply:client-C9E345EC67ED->244f13ac-34be-4c4e-8e45-0c0272edbbb2@group-FE77C852EF02, cid=2273, SUCCESS, logIndex=3331, commits[244f13ac-34be-4c4e-8e45-0c0272edbbb2:c3332, 6287e41a-5356-4f55-84f2-270816d53e84:c3328, a2c18d3d-e79d-47c9-88fe-d8a1d195302b:c3328]
2019-08-23 11:31:41,231 [grpc-default-executor-2] INFO  client.GrpcClientProtocolClient (GrpcClientProtocolClient.java:onNext(255)) - client-C9E345EC67ED->244f13ac-34be-4c4e-8e45-0c0272edbbb2: receive RaftClientReply:client-C9E345EC67ED->244f13ac-34be-4c4e-8e45-0c0272edbbb2@group-FE77C852EF02, cid=2274, SUCCESS, logIndex=3332, commits[244f13ac-34be-4c4e-8e45-0c0272edbbb2:c3332, 6287e41a-5356-4f55-84f2-270816d53e84:c3328, a2c18d3d-e79d-47c9-88fe-d8a1d195302b:c3328]
2019-08-23 11:31:41,241 | INFO  | DNAudit | user=null | ip=null | op=WRITE_CHUNK {blockData=conID: 3 locID: 102666069685043771 bcsId: 0} | ret=SUCCESS |  
2019-08-23 11:31:41,241 | INFO  | DNAudit | user=null | ip=null | op=WRITE_CHUNK {blockData=conID: 3 locID: 102666069685043771 bcsId: 0} | ret=SUCCESS |  
2019-08-23 11:31:41,241 | INFO  | DNAudit | user=null | ip=null | op=PUT_BLOCK {blockData=[blockId=conID: 3 locID: 102666069685043771 bcsId: 0,size=1048576]} | ret=SUCCESS |  
2019-08-23 11:31:41,242 | INFO  | DNAudit | user=null | ip=null | op=PUT_BLOCK {blockData=[blockId=conID: 3 locID: 102666069685043771 bcsId: 0,size=1048576]} | ret=SUCCESS |  
2019-08-23 11:31:41,242 | INFO  | DNAudit | user=null | ip=null | op=WRITE_CHUNK {blockData=conID: 3 locID: 102666069685043771 bcsId: 0} | ret=SUCCESS |  
2019-08-23 11:31:41,242 | INFO  | DNAudit | user=null | ip=null | op=WRITE_CHUNK {blockData=conID: 3 locID: 102666069685043771 bcsId: 0} | ret=SUCCESS |  
2019-08-23 11:31:41,242 | INFO  | DNAudit | user=null | ip=null | op=PUT_BLOCK {blockData=[blockId=conID: 3 locID: 102666069685043771 bcsId: 0,size=2097152]} | ret=SUCCESS |  
2019-08-23 11:31:41,242 | INFO  | DNAudit | user=null | ip=null | op=PUT_BLOCK {blockData=[blockId=conID: 3 locID: 102666069685043771 bcsId: 0,size=2097152]} | ret=SUCCESS |  
2019-08-23 11:31:41,242 [grpc-default-executor-2] INFO  client.GrpcClientProtocolClient (GrpcClientProtocolClient.java:onNext(255)) - client-C9E345EC67ED->244f13ac-34be-4c4e-8e45-0c0272edbbb2: receive RaftClientReply:client-C9E345EC67ED->244f13ac-34be-4c4e-8e45-0c0272edbbb2@group-FE77C852EF02, cid=2275, SUCCESS, logIndex=0, commits[244f13ac-34be-4c4e-8e45-0c0272edbbb2:c3335, 6287e41a-5356-4f55-84f2-270816d53e84:c3330, a2c18d3d-e79d-47c9-88fe-d8a1d195302b:c3331]
2019-08-23 11:31:41,248 | INFO  | DNAudit | user=null | ip=null | op=WRITE_CHUNK {blockData=conID: 3 locID: 102666069685043771 bcsId: 3332} | ret=SUCCESS |  
2019-08-23 11:31:41,250 | INFO  | DNAudit | user=null | ip=null | op=WRITE_CHUNK {blockData=conID: 3 locID: 102666069685043771 bcsId: 3332} | ret=SUCCESS |  
2019-08-23 11:31:41,250 | INFO  | DNAudit | user=null | ip=null | op=WRITE_CHUNK {blockData=conID: 3 locID: 102666069685043771 bcsId: 3332} | ret=SUCCESS |  
2019-08-23 11:31:41,260 | INFO  | DNAudit | user=null | ip=null | op=WRITE_CHUNK {blockData=conID: 3 locID: 102666069685043771 bcsId: 3332} | ret=SUCCESS |  
2019-08-23 11:31:41,261 | INFO  | DNAudit | user=null | ip=null | op=PUT_BLOCK {blockData=[blockId=conID: 3 locID: 102666069685043771 bcsId: 0,size=3145728]} | ret=SUCCESS |  
2019-08-23 11:31:41,261 [grpc-default-executor-1] INFO  client.GrpcClientProtocolClient (GrpcClientProtocolClient.java:onNext(255)) - client-C9E345EC67ED->244f13ac-34be-4c4e-8e45-0c0272edbbb2: receive RaftClientReply:client-C9E345EC67ED->244f13ac-34be-4c4e-8e45-0c0272edbbb2@group-FE77C852EF02, cid=2276, SUCCESS, logIndex=3337, commits[244f13ac-34be-4c4e-8e45-0c0272edbbb2:c3338, 6287e41a-5356-4f55-84f2-270816d53e84:c3336, a2c18d3d-e79d-47c9-88fe-d8a1d195302b:c3336]
2019-08-23 11:31:41,261 [grpc-default-executor-1] INFO  client.GrpcClientProtocolClient (GrpcClientProtocolClient.java:onNext(255)) - client-C9E345EC67ED->244f13ac-34be-4c4e-8e45-0c0272edbbb2: receive RaftClientReply:client-C9E345EC67ED->244f13ac-34be-4c4e-8e45-0c0272edbbb2@group-FE77C852EF02, cid=2277, SUCCESS, logIndex=3338, commits[244f13ac-34be-4c4e-8e45-0c0272edbbb2:c3338, 6287e41a-5356-4f55-84f2-270816d53e84:c3336, a2c18d3d-e79d-47c9-88fe-d8a1d195302b:c3336]
2019-08-23 11:31:41,267 | INFO  | DNAudit | user=null | ip=null | op=WRITE_CHUNK {blockData=conID: 3 locID: 102666069685043771 bcsId: 3338} | ret=SUCCESS |  
2019-08-23 11:31:41,268 | INFO  | DNAudit | user=null | ip=null | op=WRITE_CHUNK {blockData=conID: 3 locID: 102666069685043771 bcsId: 3338} | ret=SUCCESS |  
2019-08-23 11:31:41,268 | INFO  | DNAudit | user=null | ip=null | op=WRITE_CHUNK {blockData=conID: 3 locID: 102666069685043771 bcsId: 3338} | ret=SUCCESS |  
2019-08-23 11:31:41,272 | INFO  | DNAudit | user=null | ip=null | op=WRITE_CHUNK {blockData=conID: 3 locID: 102666069685043771 bcsId: 3332} | ret=SUCCESS |  
2019-08-23 11:31:41,272 | INFO  | DNAudit | user=null | ip=null | op=WRITE_CHUNK {blockData=conID: 3 locID: 102666069685043771 bcsId: 3332} | ret=SUCCESS |  
2019-08-23 11:31:41,275 | INFO  | DNAudit | user=null | ip=null | op=PUT_BLOCK {blockData=[blockId=conID: 3 locID: 102666069685043771 bcsId: 0,size=3145728]} | ret=SUCCESS |  
2019-08-23 11:31:41,275 | INFO  | DNAudit | user=null | ip=null | op=PUT_BLOCK {blockData=[blockId=conID: 3 locID: 102666069685043771 bcsId: 0,size=3145728]} | ret=SUCCESS |  
2019-08-23 11:31:41,275 | INFO  | DNAudit | user=null | ip=null | op=WRITE_CHUNK {blockData=conID: 3 locID: 102666069685043771 bcsId: 3338} | ret=SUCCESS |  
2019-08-23 11:31:41,276 | INFO  | DNAudit | user=null | ip=null | op=PUT_BLOCK {blockData=[blockId=conID: 3 locID: 102666069685043771 bcsId: 0,size=4194304]} | ret=SUCCESS |  
2019-08-23 11:31:41,276 [grpc-default-executor-1] INFO  client.GrpcClientProtocolClient (GrpcClientProtocolClient.java:onNext(255)) - client-C9E345EC67ED->244f13ac-34be-4c4e-8e45-0c0272edbbb2: receive RaftClientReply:client-C9E345EC67ED->244f13ac-34be-4c4e-8e45-0c0272edbbb2@group-FE77C852EF02, cid=2278, SUCCESS, logIndex=3341, commits[244f13ac-34be-4c4e-8e45-0c0272edbbb2:c3342, 6287e41a-5356-4f55-84f2-270816d53e84:c3338, a2c18d3d-e79d-47c9-88fe-d8a1d195302b:c3338]
2019-08-23 11:31:41,276 [grpc-default-executor-1] INFO  client.GrpcClientProtocolClient (GrpcClientProtocolClient.java:onNext(255)) - client-C9E345EC67ED->244f13ac-34be-4c4e-8e45-0c0272edbbb2: receive RaftClientReply:client-C9E345EC67ED->244f13ac-34be-4c4e-8e45-0c0272edbbb2@group-FE77C852EF02, cid=2279, SUCCESS, logIndex=3342, commits[244f13ac-34be-4c4e-8e45-0c0272edbbb2:c3342, 6287e41a-5356-4f55-84f2-270816d53e84:c3338, a2c18d3d-e79d-47c9-88fe-d8a1d195302b:c3338]
2019-08-23 11:31:41,286 | INFO  | DNAudit | user=null | ip=null | op=WRITE_CHUNK {blockData=conID: 3 locID: 102666069685043771 bcsId: 3338} | ret=SUCCESS |  
2019-08-23 11:31:41,286 | INFO  | DNAudit | user=null | ip=null | op=WRITE_CHUNK {blockData=conID: 3 locID: 102666069685043771 bcsId: 3338} | ret=SUCCESS |  
2019-08-23 11:31:41,287 | INFO  | DNAudit | user=null | ip=null | op=PUT_BLOCK {blockData=[blockId=conID: 3 locID: 102666069685043771 bcsId: 0,size=4194304]} | ret=SUCCESS |  
2019-08-23 11:31:41,287 | INFO  | DNAudit | user=null | ip=null | op=PUT_BLOCK {blockData=[blockId=conID: 3 locID: 102666069685043771 bcsId: 0,size=4194304]} | ret=SUCCESS |  
2019-08-23 11:31:41,288 [grpc-default-executor-1] INFO  client.GrpcClientProtocolClient (GrpcClientProtocolClient.java:onNext(255)) - client-C9E345EC67ED->244f13ac-34be-4c4e-8e45-0c0272edbbb2: receive RaftClientReply:client-C9E345EC67ED->244f13ac-34be-4c4e-8e45-0c0272edbbb2@group-FE77C852EF02, cid=2280, SUCCESS, logIndex=0, commits[244f13ac-34be-4c4e-8e45-0c0272edbbb2:c3344, 6287e41a-5356-4f55-84f2-270816d53e84:c3342, a2c18d3d-e79d-47c9-88fe-d8a1d195302b:c3342]
2019-08-23 11:31:41,293 | INFO  | SCMAudit | user=jenkins1000 | ip=192.168.5.185 | op=ALLOCATE_BLOCK {owner=00a23185-76ea-47b5-a641-ad3cfbe5521a, size=4194304, type=RATIS, factor=THREE} | ret=SUCCESS |  
2019-08-23 11:31:41,297 | INFO  | OMAudit | user=jenkins1000 | ip=127.0.0.1 | op=ALLOCATE_BLOCK {volume=vol-0-37508, bucket=bucket-0-50919, key=key-0-57313, dataSize=0, replicationType=null, replicationFactor=null, keyLocationInfo=null, clientID=102666068570931602} | ret=SUCCESS |  
2019-08-23 11:31:41,302 | INFO  | DNAudit | user=null | ip=null | op=WRITE_CHUNK {blockData=conID: 1 locID: 102666069691138620 bcsId: 0} | ret=SUCCESS |  
2019-08-23 11:31:41,304 | INFO  | DNAudit | user=null | ip=null | op=WRITE_CHUNK {blockData=conID: 1 locID: 102666069691138620 bcsId: 0} | ret=SUCCESS |  
2019-08-23 11:31:41,305 | INFO  | DNAudit | user=null | ip=null | op=WRITE_CHUNK {blockData=conID: 1 locID: 102666069691138620 bcsId: 0} | ret=SUCCESS |  
2019-08-23 11:31:41,306 | INFO  | DNAudit | user=null | ip=null | op=WRITE_CHUNK {blockData=conID: 1 locID: 102666069691138620 bcsId: 0} | ret=SUCCESS |  
2019-08-23 11:31:41,306 | INFO  | DNAudit | user=null | ip=null | op=WRITE_CHUNK {blockData=conID: 1 locID: 102666069691138620 bcsId: 0} | ret=SUCCESS |  
2019-08-23 11:31:41,306 | INFO  | DNAudit | user=null | ip=null | op=WRITE_CHUNK {blockData=conID: 1 locID: 102666069691138620 bcsId: 0} | ret=SUCCESS |  
2019-08-23 11:31:41,317 | INFO  | DNAudit | user=null | ip=null | op=WRITE_CHUNK {blockData=conID: 1 locID: 102666069691138620 bcsId: 0} | ret=SUCCESS |  
2019-08-23 11:31:41,318 | INFO  | DNAudit | user=null | ip=null | op=PUT_BLOCK {blockData=[blockId=conID: 1 locID: 102666069691138620 bcsId: 0,size=1048576]} | ret=SUCCESS |  
2019-08-23 11:31:41,318 | INFO  | DNAudit | user=null | ip=null | op=WRITE_CHUNK {blockData=conID: 1 locID: 102666069691138620 bcsId: 0} | ret=SUCCESS |  
2019-08-23 11:31:41,318 [grpc-default-executor-4] INFO  client.GrpcClientProtocolClient (GrpcClientProtocolClient.java:onNext(255)) - client-C9E345EC67ED->244f13ac-34be-4c4e-8e45-0c0272edbbb2: receive RaftClientReply:client-C9E345EC67ED->244f13ac-34be-4c4e-8e45-0c0272edbbb2@group-FE77C852EF02, cid=2281, SUCCESS, logIndex=3345, commits[244f13ac-34be-4c4e-8e45-0c0272edbbb2:c3347, 6287e41a-5356-4f55-84f2-270816d53e84:c3344, a2c18d3d-e79d-47c9-88fe-d8a1d195302b:c3344]
2019-08-23 11:31:41,318 | INFO  | DNAudit | user=null | ip=null | op=PUT_BLOCK {blockData=[blockId=conID: 1 locID: 102666069691138620 bcsId: 0,size=2097152]} | ret=SUCCESS |  
2019-08-23 11:31:41,318 [grpc-default-executor-4] INFO  client.GrpcClientProtocolClient (GrpcClientProtocolClient.java:onNext(255)) - client-C9E345EC67ED->244f13ac-34be-4c4e-8e45-0c0272edbbb2: receive RaftClientReply:client-C9E345EC67ED->244f13ac-34be-4c4e-8e45-0c0272edbbb2@group-FE77C852EF02, cid=2282, SUCCESS, logIndex=3346, commits[244f13ac-34be-4c4e-8e45-0c0272edbbb2:c3348, 6287e41a-5356-4f55-84f2-270816d53e84:c3344, a2c18d3d-e79d-47c9-88fe-d8a1d195302b:c3344]
2019-08-23 11:31:41,319 [grpc-default-executor-4] INFO  client.GrpcClientProtocolClient (GrpcClientProtocolClient.java:onNext(255)) - client-C9E345EC67ED->244f13ac-34be-4c4e-8e45-0c0272edbbb2: receive RaftClientReply:client-C9E345EC67ED->244f13ac-34be-4c4e-8e45-0c0272edbbb2@group-FE77C852EF02, cid=2283, SUCCESS, logIndex=3347, commits[244f13ac-34be-4c4e-8e45-0c0272edbbb2:c3348, 6287e41a-5356-4f55-84f2-270816d53e84:c3344, a2c18d3d-e79d-47c9-88fe-d8a1d195302b:c3344]
2019-08-23 11:31:41,319 [grpc-default-executor-4] INFO  client.GrpcClientProtocolClient (GrpcClientProtocolClient.java:onNext(255)) - client-C9E345EC67ED->244f13ac-34be-4c4e-8e45-0c0272edbbb2: receive RaftClientReply:client-C9E345EC67ED->244f13ac-34be-4c4e-8e45-0c0272edbbb2@group-FE77C852EF02, cid=2284, SUCCESS, logIndex=3348, commits[244f13ac-34be-4c4e-8e45-0c0272edbbb2:c3348, 6287e41a-5356-4f55-84f2-270816d53e84:c3344, a2c18d3d-e79d-47c9-88fe-d8a1d195302b:c3344]
2019-08-23 11:31:41,328 | INFO  | DNAudit | user=null | ip=null | op=WRITE_CHUNK {blockData=conID: 1 locID: 102666069691138620 bcsId: 0} | ret=SUCCESS |  
2019-08-23 11:31:41,328 | INFO  | DNAudit | user=null | ip=null | op=WRITE_CHUNK {blockData=conID: 1 locID: 102666069691138620 bcsId: 0} | ret=SUCCESS |  
2019-08-23 11:31:41,329 | INFO  | DNAudit | user=null | ip=null | op=PUT_BLOCK {blockData=[blockId=conID: 1 locID: 102666069691138620 bcsId: 0,size=1048576]} | ret=SUCCESS |  
2019-08-23 11:31:41,329 | INFO  | DNAudit | user=null | ip=null | op=WRITE_CHUNK {blockData=conID: 1 locID: 102666069691138620 bcsId: 0} | ret=SUCCESS |  
2019-08-23 11:31:41,331 | INFO  | DNAudit | user=null | ip=null | op=PUT_BLOCK {blockData=[blockId=conID: 1 locID: 102666069691138620 bcsId: 0,size=1048576]} | ret=SUCCESS |  
2019-08-23 11:31:41,331 | INFO  | DNAudit | user=null | ip=null | op=WRITE_CHUNK {blockData=conID: 1 locID: 102666069691138620 bcsId: 0} | ret=SUCCESS |  
2019-08-23 11:31:41,331 | INFO  | DNAudit | user=null | ip=null | op=PUT_BLOCK {blockData=[blockId=conID: 1 locID: 102666069691138620 bcsId: 0,size=2097152]} | ret=SUCCESS |  
2019-08-23 11:31:41,331 | INFO  | DNAudit | user=null | ip=null | op=PUT_BLOCK {blockData=[blockId=conID: 1 locID: 102666069691138620 bcsId: 0,size=2097152]} | ret=SUCCESS |  
2019-08-23 11:31:41,332 [grpc-default-executor-4] INFO  client.GrpcClientProtocolClient (GrpcClientProtocolClient.java:onNext(255)) - client-C9E345EC67ED->244f13ac-34be-4c4e-8e45-0c0272edbbb2: receive RaftClientReply:client-C9E345EC67ED->244f13ac-34be-4c4e-8e45-0c0272edbbb2@group-FE77C852EF02, cid=2285, SUCCESS, logIndex=0, commits[244f13ac-34be-4c4e-8e45-0c0272edbbb2:c3349, 6287e41a-5356-4f55-84f2-270816d53e84:c3346, a2c18d3d-e79d-47c9-88fe-d8a1d195302b:c3347]
2019-08-23 11:31:41,337 | INFO  | DNAudit | user=null | ip=null | op=WRITE_CHUNK {blockData=conID: 1 locID: 102666069691138620 bcsId: 3348} | ret=SUCCESS |  
2019-08-23 11:31:41,339 | INFO  | DNAudit | user=null | ip=null | op=WRITE_CHUNK {blockData=conID: 1 locID: 102666069691138620 bcsId: 3348} | ret=SUCCESS |  
2019-08-23 11:31:41,340 | INFO  | DNAudit | user=null | ip=null | op=WRITE_CHUNK {blockData=conID: 1 locID: 102666069691138620 bcsId: 3348} | ret=SUCCESS |  
2019-08-23 11:31:41,350 | INFO  | DNAudit | user=null | ip=null | op=WRITE_CHUNK {blockData=conID: 1 locID: 102666069691138620 bcsId: 3348} | ret=SUCCESS |  
2019-08-23 11:31:41,350 | INFO  | DNAudit | user=null | ip=null | op=PUT_BLOCK {blockData=[blockId=conID: 1 locID: 102666069691138620 bcsId: 0,size=3145728]} | ret=SUCCESS |  
2019-08-23 11:31:41,350 [grpc-default-executor-4] INFO  client.GrpcClientProtocolClient (GrpcClientProtocolClient.java:onNext(255)) - client-C9E345EC67ED->244f13ac-34be-4c4e-8e45-0c0272edbbb2: receive RaftClientReply:client-C9E345EC67ED->244f13ac-34be-4c4e-8e45-0c0272edbbb2@group-FE77C852EF02, cid=2286, SUCCESS, logIndex=3353, commits[244f13ac-34be-4c4e-8e45-0c0272edbbb2:c3354, 6287e41a-5356-4f55-84f2-270816d53e84:c3352, a2c18d3d-e79d-47c9-88fe-d8a1d195302b:c3352]
2019-08-23 11:31:41,351 [grpc-default-executor-4] INFO  client.GrpcClientProtocolClient (GrpcClientProtocolClient.java:onNext(255)) - client-C9E345EC67ED->244f13ac-34be-4c4e-8e45-0c0272edbbb2: receive RaftClientReply:client-C9E345EC67ED->244f13ac-34be-4c4e-8e45-0c0272edbbb2@group-FE77C852EF02, cid=2287, SUCCESS, logIndex=3354, commits[244f13ac-34be-4c4e-8e45-0c0272edbbb2:c3354, 6287e41a-5356-4f55-84f2-270816d53e84:c3352, a2c18d3d-e79d-47c9-88fe-d8a1d195302b:c3352]
2019-08-23 11:31:41,356 | INFO  | DNAudit | user=null | ip=null | op=WRITE_CHUNK {blockData=conID: 1 locID: 102666069691138620 bcsId: 3354} | ret=SUCCESS |  
2019-08-23 11:31:41,357 | INFO  | DNAudit | user=null | ip=null | op=WRITE_CHUNK {blockData=conID: 1 locID: 102666069691138620 bcsId: 3354} | ret=SUCCESS |  
2019-08-23 11:31:41,358 | INFO  | DNAudit | user=null | ip=null | op=WRITE_CHUNK {blockData=conID: 1 locID: 102666069691138620 bcsId: 3354} | ret=SUCCESS |  
2019-08-23 11:31:41,361 | INFO  | DNAudit | user=null | ip=null | op=WRITE_CHUNK {blockData=conID: 1 locID: 102666069691138620 bcsId: 3348} | ret=SUCCESS |  
2019-08-23 11:31:41,361 | INFO  | DNAudit | user=null | ip=null | op=WRITE_CHUNK {blockData=conID: 1 locID: 102666069691138620 bcsId: 3348} | ret=SUCCESS |  
2019-08-23 11:31:41,361 | INFO  | DNAudit | user=null | ip=null | op=PUT_BLOCK {blockData=[blockId=conID: 1 locID: 102666069691138620 bcsId: 0,size=3145728]} | ret=SUCCESS |  
2019-08-23 11:31:41,361 | INFO  | DNAudit | user=null | ip=null | op=PUT_BLOCK {blockData=[blockId=conID: 1 locID: 102666069691138620 bcsId: 0,size=3145728]} | ret=SUCCESS |  
2019-08-23 11:31:41,362 | INFO  | DNAudit | user=null | ip=null | op=WRITE_CHUNK {blockData=conID: 1 locID: 102666069691138620 bcsId: 3354} | ret=SUCCESS |  
2019-08-23 11:31:41,363 | INFO  | DNAudit | user=null | ip=null | op=PUT_BLOCK {blockData=[blockId=conID: 1 locID: 102666069691138620 bcsId: 0,size=4194304]} | ret=SUCCESS |  
2019-08-23 11:31:41,363 [grpc-default-executor-2] INFO  client.GrpcClientProtocolClient (GrpcClientProtocolClient.java:onNext(255)) - client-C9E345EC67ED->244f13ac-34be-4c4e-8e45-0c0272edbbb2: receive RaftClientReply:client-C9E345EC67ED->244f13ac-34be-4c4e-8e45-0c0272edbbb2@group-FE77C852EF02, cid=2288, SUCCESS, logIndex=3357, commits[244f13ac-34be-4c4e-8e45-0c0272edbbb2:c3358, 6287e41a-5356-4f55-84f2-270816d53e84:c3354, a2c18d3d-e79d-47c9-88fe-d8a1d195302b:c3354]
2019-08-23 11:31:41,363 [grpc-default-executor-2] INFO  client.GrpcClientProtocolClient (GrpcClientProtocolClient.java:onNext(255)) - client-C9E345EC67ED->244f13ac-34be-4c4e-8e45-0c0272edbbb2: receive RaftClientReply:client-C9E345EC67ED->244f13ac-34be-4c4e-8e45-0c0272edbbb2@group-FE77C852EF02, cid=2289, SUCCESS, logIndex=3358, commits[244f13ac-34be-4c4e-8e45-0c0272edbbb2:c3358, 6287e41a-5356-4f55-84f2-270816d53e84:c3354, a2c18d3d-e79d-47c9-88fe-d8a1d195302b:c3354]
2019-08-23 11:31:41,374 | INFO  | DNAudit | user=null | ip=null | op=WRITE_CHUNK {blockData=conID: 1 locID: 102666069691138620 bcsId: 3354} | ret=SUCCESS |  
2019-08-23 11:31:41,374 | INFO  | DNAudit | user=null | ip=null | op=WRITE_CHUNK {blockData=conID: 1 locID: 102666069691138620 bcsId: 3354} | ret=SUCCESS |  
2019-08-23 11:31:41,375 | INFO  | DNAudit | user=null | ip=null | op=PUT_BLOCK {blockData=[blockId=conID: 1 locID: 102666069691138620 bcsId: 0,size=4194304]} | ret=SUCCESS |  
2019-08-23 11:31:41,375 | INFO  | DNAudit | user=null | ip=null | op=PUT_BLOCK {blockData=[blockId=conID: 1 locID: 102666069691138620 bcsId: 0,size=4194304]} | ret=SUCCESS |  
2019-08-23 11:31:41,376 [grpc-default-executor-2] INFO  client.GrpcClientProtocolClient (GrpcClientProtocolClient.java:onNext(255)) - client-C9E345EC67ED->244f13ac-34be-4c4e-8e45-0c0272edbbb2: receive RaftClientReply:client-C9E345EC67ED->244f13ac-34be-4c4e-8e45-0c0272edbbb2@group-FE77C852EF02, cid=2290, SUCCESS, logIndex=0, commits[244f13ac-34be-4c4e-8e45-0c0272edbbb2:c3359, 6287e41a-5356-4f55-84f2-270816d53e84:c3358, a2c18d3d-e79d-47c9-88fe-d8a1d195302b:c3358]
2019-08-23 11:31:41,381 | INFO  | SCMAudit | user=jenkins1000 | ip=192.168.5.185 | op=ALLOCATE_BLOCK {owner=00a23185-76ea-47b5-a641-ad3cfbe5521a, size=4194304, type=RATIS, factor=THREE} | ret=SUCCESS |  
2019-08-23 11:31:41,383 | INFO  | OMAudit | user=jenkins1000 | ip=127.0.0.1 | op=ALLOCATE_BLOCK {volume=vol-0-37508, bucket=bucket-0-50919, key=key-0-57313, dataSize=0, replicationType=null, replicationFactor=null, keyLocationInfo=null, clientID=102666068570931602} | ret=SUCCESS |  
2019-08-23 11:31:41,389 | INFO  | DNAudit | user=null | ip=null | op=WRITE_CHUNK {blockData=conID: 2 locID: 102666069696905789 bcsId: 0} | ret=SUCCESS |  
2019-08-23 11:31:41,391 | INFO  | DNAudit | user=null | ip=null | op=WRITE_CHUNK {blockData=conID: 2 locID: 102666069696905789 bcsId: 0} | ret=SUCCESS |  
2019-08-23 11:31:41,391 | INFO  | DNAudit | user=null | ip=null | op=WRITE_CHUNK {blockData=conID: 2 locID: 102666069696905789 bcsId: 0} | ret=SUCCESS |  
2019-08-23 11:31:41,392 | INFO  | DNAudit | user=null | ip=null | op=WRITE_CHUNK {blockData=conID: 2 locID: 102666069696905789 bcsId: 0} | ret=SUCCESS |  
2019-08-23 11:31:41,392 | INFO  | DNAudit | user=null | ip=null | op=WRITE_CHUNK {blockData=conID: 2 locID: 102666069696905789 bcsId: 0} | ret=SUCCESS |  
2019-08-23 11:31:41,393 | INFO  | DNAudit | user=null | ip=null | op=WRITE_CHUNK {blockData=conID: 2 locID: 102666069696905789 bcsId: 0} | ret=SUCCESS |  
2019-08-23 11:31:41,402 | INFO  | DNAudit | user=null | ip=null | op=WRITE_CHUNK {blockData=conID: 2 locID: 102666069696905789 bcsId: 0} | ret=SUCCESS |  
2019-08-23 11:31:41,402 | INFO  | DNAudit | user=null | ip=null | op=PUT_BLOCK {blockData=[blockId=conID: 2 locID: 102666069696905789 bcsId: 0,size=1048576]} | ret=SUCCESS |  
2019-08-23 11:31:41,403 [grpc-default-executor-2] INFO  client.GrpcClientProtocolClient (GrpcClientProtocolClient.java:onNext(255)) - client-C9E345EC67ED->244f13ac-34be-4c4e-8e45-0c0272edbbb2: receive RaftClientReply:client-C9E345EC67ED->244f13ac-34be-4c4e-8e45-0c0272edbbb2@group-FE77C852EF02, cid=2291, SUCCESS, logIndex=3361, commits[244f13ac-34be-4c4e-8e45-0c0272edbbb2:c3362, 6287e41a-5356-4f55-84f2-270816d53e84:c3360, a2c18d3d-e79d-47c9-88fe-d8a1d195302b:c3360]
2019-08-23 11:31:41,403 | INFO  | DNAudit | user=null | ip=null | op=WRITE_CHUNK {blockData=conID: 2 locID: 102666069696905789 bcsId: 0} | ret=SUCCESS |  
2019-08-23 11:31:41,403 | INFO  | DNAudit | user=null | ip=null | op=PUT_BLOCK {blockData=[blockId=conID: 2 locID: 102666069696905789 bcsId: 0,size=2097152]} | ret=SUCCESS |  
2019-08-23 11:31:41,403 [grpc-default-executor-2] INFO  client.GrpcClientProtocolClient (GrpcClientProtocolClient.java:onNext(255)) - client-C9E345EC67ED->244f13ac-34be-4c4e-8e45-0c0272edbbb2: receive RaftClientReply:client-C9E345EC67ED->244f13ac-34be-4c4e-8e45-0c0272edbbb2@group-FE77C852EF02, cid=2292, SUCCESS, logIndex=3362, commits[244f13ac-34be-4c4e-8e45-0c0272edbbb2:c3364, 6287e41a-5356-4f55-84f2-270816d53e84:c3360, a2c18d3d-e79d-47c9-88fe-d8a1d195302b:c3360]
2019-08-23 11:31:41,403 [grpc-default-executor-2] INFO  client.GrpcClientProtocolClient (GrpcClientProtocolClient.java:onNext(255)) - client-C9E345EC67ED->244f13ac-34be-4c4e-8e45-0c0272edbbb2: receive RaftClientReply:client-C9E345EC67ED->244f13ac-34be-4c4e-8e45-0c0272edbbb2@group-FE77C852EF02, cid=2293, SUCCESS, logIndex=3363, commits[244f13ac-34be-4c4e-8e45-0c0272edbbb2:c3364, 6287e41a-5356-4f55-84f2-270816d53e84:c3360, a2c18d3d-e79d-47c9-88fe-d8a1d195302b:c3360]
2019-08-23 11:31:41,404 [grpc-default-executor-2] INFO  client.GrpcClientProtocolClient (GrpcClientProtocolClient.java:onNext(255)) - client-C9E345EC67ED->244f13ac-34be-4c4e-8e45-0c0272edbbb2: receive RaftClientReply:client-C9E345EC67ED->244f13ac-34be-4c4e-8e45-0c0272edbbb2@group-FE77C852EF02, cid=2294, SUCCESS, logIndex=3364, commits[244f13ac-34be-4c4e-8e45-0c0272edbbb2:c3364, 6287e41a-5356-4f55-84f2-270816d53e84:c3360, a2c18d3d-e79d-47c9-88fe-d8a1d195302b:c3360]
2019-08-23 11:31:41,412 | INFO  | DNAudit | user=null | ip=null | op=WRITE_CHUNK {blockData=conID: 2 locID: 102666069696905789 bcsId: 0} | ret=SUCCESS |  
2019-08-23 11:31:41,412 | INFO  | DNAudit | user=null | ip=null | op=WRITE_CHUNK {blockData=conID: 2 locID: 102666069696905789 bcsId: 0} | ret=SUCCESS |  
2019-08-23 11:31:41,412 | INFO  | DNAudit | user=null | ip=null | op=PUT_BLOCK {blockData=[blockId=conID: 2 locID: 102666069696905789 bcsId: 0,size=1048576]} | ret=SUCCESS |  
2019-08-23 11:31:41,413 | INFO  | DNAudit | user=null | ip=null | op=WRITE_CHUNK {blockData=conID: 2 locID: 102666069696905789 bcsId: 0} | ret=SUCCESS |  
2019-08-23 11:31:41,413 | INFO  | DNAudit | user=null | ip=null | op=PUT_BLOCK {blockData=[blockId=conID: 2 locID: 102666069696905789 bcsId: 0,size=1048576]} | ret=SUCCESS |  
2019-08-23 11:31:41,413 | INFO  | DNAudit | user=null | ip=null | op=PUT_BLOCK {blockData=[blockId=conID: 2 locID: 102666069696905789 bcsId: 0,size=2097152]} | ret=SUCCESS |  
2019-08-23 11:31:41,413 | INFO  | DNAudit | user=null | ip=null | op=WRITE_CHUNK {blockData=conID: 2 locID: 102666069696905789 bcsId: 0} | ret=SUCCESS |  
2019-08-23 11:31:41,414 | INFO  | DNAudit | user=null | ip=null | op=PUT_BLOCK {blockData=[blockId=conID: 2 locID: 102666069696905789 bcsId: 0,size=2097152]} | ret=SUCCESS |  
2019-08-23 11:31:41,414 [grpc-default-executor-2] INFO  client.GrpcClientProtocolClient (GrpcClientProtocolClient.java:onNext(255)) - client-C9E345EC67ED->244f13ac-34be-4c4e-8e45-0c0272edbbb2: receive RaftClientReply:client-C9E345EC67ED->244f13ac-34be-4c4e-8e45-0c0272edbbb2@group-FE77C852EF02, cid=2295, SUCCESS, logIndex=0, commits[244f13ac-34be-4c4e-8e45-0c0272edbbb2:c3367, 6287e41a-5356-4f55-84f2-270816d53e84:c3363, a2c18d3d-e79d-47c9-88fe-d8a1d195302b:c3362]
2019-08-23 11:31:41,420 | INFO  | DNAudit | user=null | ip=null | op=WRITE_CHUNK {blockData=conID: 2 locID: 102666069696905789 bcsId: 3364} | ret=SUCCESS |  
2019-08-23 11:31:41,421 | INFO  | DNAudit | user=null | ip=null | op=WRITE_CHUNK {blockData=conID: 2 locID: 102666069696905789 bcsId: 3364} | ret=SUCCESS |  
2019-08-23 11:31:41,421 | INFO  | DNAudit | user=null | ip=null | op=WRITE_CHUNK {blockData=conID: 2 locID: 102666069696905789 bcsId: 3364} | ret=SUCCESS |  
2019-08-23 11:31:41,423 | INFO  | DNAudit | user=null | ip=null | op=WRITE_CHUNK {blockData=conID: 2 locID: 102666069696905789 bcsId: 3364} | ret=SUCCESS |  
2019-08-23 11:31:41,423 | INFO  | DNAudit | user=null | ip=null | op=PUT_BLOCK {blockData=[blockId=conID: 2 locID: 102666069696905789 bcsId: 0,size=3145728]} | ret=SUCCESS |  
2019-08-23 11:31:41,423 [grpc-default-executor-0] INFO  client.GrpcClientProtocolClient (GrpcClientProtocolClient.java:onNext(255)) - client-C9E345EC67ED->244f13ac-34be-4c4e-8e45-0c0272edbbb2: receive RaftClientReply:client-C9E345EC67ED->244f13ac-34be-4c4e-8e45-0c0272edbbb2@group-FE77C852EF02, cid=2296, SUCCESS, logIndex=3369, commits[244f13ac-34be-4c4e-8e45-0c0272edbbb2:c3370, 6287e41a-5356-4f55-84f2-270816d53e84:c3368, a2c18d3d-e79d-47c9-88fe-d8a1d195302b:c3368]
2019-08-23 11:31:41,424 [grpc-default-executor-0] INFO  client.GrpcClientProtocolClient (GrpcClientProtocolClient.java:onNext(255)) - client-C9E345EC67ED->244f13ac-34be-4c4e-8e45-0c0272edbbb2: receive RaftClientReply:client-C9E345EC67ED->244f13ac-34be-4c4e-8e45-0c0272edbbb2@group-FE77C852EF02, cid=2297, SUCCESS, logIndex=3370, commits[244f13ac-34be-4c4e-8e45-0c0272edbbb2:c3370, 6287e41a-5356-4f55-84f2-270816d53e84:c3368, a2c18d3d-e79d-47c9-88fe-d8a1d195302b:c3368]
2019-08-23 11:31:41,425 | INFO  | DNAudit | user=null | ip=null | op=WRITE_CHUNK {blockData=conID: 2 locID: 102666069696905789 bcsId: 3364} | ret=SUCCESS |  
2019-08-23 11:31:41,425 | INFO  | DNAudit | user=null | ip=null | op=WRITE_CHUNK {blockData=conID: 2 locID: 102666069696905789 bcsId: 3364} | ret=SUCCESS |  
2019-08-23 11:31:41,426 | INFO  | DNAudit | user=null | ip=null | op=PUT_BLOCK {blockData=[blockId=conID: 2 locID: 102666069696905789 bcsId: 0,size=3145728]} | ret=SUCCESS |  
2019-08-23 11:31:41,426 | INFO  | DNAudit | user=null | ip=null | op=PUT_BLOCK {blockData=[blockId=conID: 2 locID: 102666069696905789 bcsId: 0,size=3145728]} | ret=SUCCESS |  
2019-08-23 11:31:41,429 | INFO  | DNAudit | user=null | ip=null | op=WRITE_CHUNK {blockData=conID: 2 locID: 102666069696905789 bcsId: 3370} | ret=SUCCESS |  
2019-08-23 11:31:41,431 | INFO  | DNAudit | user=null | ip=null | op=WRITE_CHUNK {blockData=conID: 2 locID: 102666069696905789 bcsId: 3370} | ret=SUCCESS |  
2019-08-23 11:31:41,431 | INFO  | DNAudit | user=null | ip=null | op=WRITE_CHUNK {blockData=conID: 2 locID: 102666069696905789 bcsId: 3370} | ret=SUCCESS |  
2019-08-23 11:31:41,441 | INFO  | DNAudit | user=null | ip=null | op=WRITE_CHUNK {blockData=conID: 2 locID: 102666069696905789 bcsId: 3370} | ret=SUCCESS |  
2019-08-23 11:31:41,441 | INFO  | DNAudit | user=null | ip=null | op=PUT_BLOCK {blockData=[blockId=conID: 2 locID: 102666069696905789 bcsId: 0,size=4194304]} | ret=SUCCESS |  
2019-08-23 11:31:41,442 [grpc-default-executor-4] INFO  client.GrpcClientProtocolClient (GrpcClientProtocolClient.java:onNext(255)) - client-C9E345EC67ED->244f13ac-34be-4c4e-8e45-0c0272edbbb2: receive RaftClientReply:client-C9E345EC67ED->244f13ac-34be-4c4e-8e45-0c0272edbbb2@group-FE77C852EF02, cid=2298, SUCCESS, logIndex=3373, commits[244f13ac-34be-4c4e-8e45-0c0272edbbb2:c3374, 6287e41a-5356-4f55-84f2-270816d53e84:c3372, a2c18d3d-e79d-47c9-88fe-d8a1d195302b:c3372]
2019-08-23 11:31:41,442 [grpc-default-executor-4] INFO  client.GrpcClientProtocolClient (GrpcClientProtocolClient.java:onNext(255)) - client-C9E345EC67ED->244f13ac-34be-4c4e-8e45-0c0272edbbb2: receive RaftClientReply:client-C9E345EC67ED->244f13ac-34be-4c4e-8e45-0c0272edbbb2@group-FE77C852EF02, cid=2299, SUCCESS, logIndex=3374, commits[244f13ac-34be-4c4e-8e45-0c0272edbbb2:c3374, 6287e41a-5356-4f55-84f2-270816d53e84:c3372, a2c18d3d-e79d-47c9-88fe-d8a1d195302b:c3372]
2019-08-23 11:31:41,443 | INFO  | DNAudit | user=null | ip=null | op=WRITE_CHUNK {blockData=conID: 2 locID: 102666069696905789 bcsId: 3370} | ret=SUCCESS |  
2019-08-23 11:31:41,443 | INFO  | DNAudit | user=null | ip=null | op=PUT_BLOCK {blockData=[blockId=conID: 2 locID: 102666069696905789 bcsId: 0,size=4194304]} | ret=SUCCESS |  
2019-08-23 11:31:41,443 | INFO  | DNAudit | user=null | ip=null | op=WRITE_CHUNK {blockData=conID: 2 locID: 102666069696905789 bcsId: 3370} | ret=SUCCESS |  
2019-08-23 11:31:41,443 | INFO  | DNAudit | user=null | ip=null | op=PUT_BLOCK {blockData=[blockId=conID: 2 locID: 102666069696905789 bcsId: 0,size=4194304]} | ret=SUCCESS |  
2019-08-23 11:31:41,443 [grpc-default-executor-4] INFO  client.GrpcClientProtocolClient (GrpcClientProtocolClient.java:onNext(255)) - client-C9E345EC67ED->244f13ac-34be-4c4e-8e45-0c0272edbbb2: receive RaftClientReply:client-C9E345EC67ED->244f13ac-34be-4c4e-8e45-0c0272edbbb2@group-FE77C852EF02, cid=2300, SUCCESS, logIndex=0, commits[244f13ac-34be-4c4e-8e45-0c0272edbbb2:c3375, 6287e41a-5356-4f55-84f2-270816d53e84:c3374, a2c18d3d-e79d-47c9-88fe-d8a1d195302b:c3374]
2019-08-23 11:31:41,447 | INFO  | SCMAudit | user=jenkins1000 | ip=192.168.5.185 | op=ALLOCATE_BLOCK {owner=00a23185-76ea-47b5-a641-ad3cfbe5521a, size=4194304, type=RATIS, factor=THREE} | ret=SUCCESS |  
2019-08-23 11:31:41,450 | INFO  | OMAudit | user=jenkins1000 | ip=127.0.0.1 | op=ALLOCATE_BLOCK {volume=vol-0-37508, bucket=bucket-0-50919, key=key-0-57313, dataSize=0, replicationType=null, replicationFactor=null, keyLocationInfo=null, clientID=102666068570931602} | ret=SUCCESS |  
2019-08-23 11:31:41,456 | INFO  | DNAudit | user=null | ip=null | op=WRITE_CHUNK {blockData=conID: 3 locID: 102666069701231166 bcsId: 0} | ret=SUCCESS |  
2019-08-23 11:31:41,458 | INFO  | DNAudit | user=null | ip=null | op=WRITE_CHUNK {blockData=conID: 3 locID: 102666069701231166 bcsId: 0} | ret=SUCCESS |  
2019-08-23 11:31:41,458 | INFO  | DNAudit | user=null | ip=null | op=WRITE_CHUNK {blockData=conID: 3 locID: 102666069701231166 bcsId: 0} | ret=SUCCESS |  
2019-08-23 11:31:41,458 | INFO  | DNAudit | user=null | ip=null | op=WRITE_CHUNK {blockData=conID: 3 locID: 102666069701231166 bcsId: 0} | ret=SUCCESS |  
2019-08-23 11:31:41,459 | INFO  | DNAudit | user=null | ip=null | op=WRITE_CHUNK {blockData=conID: 3 locID: 102666069701231166 bcsId: 0} | ret=SUCCESS |  
2019-08-23 11:31:41,459 | INFO  | DNAudit | user=null | ip=null | op=WRITE_CHUNK {blockData=conID: 3 locID: 102666069701231166 bcsId: 0} | ret=SUCCESS |  
2019-08-23 11:31:41,460 | INFO  | DNAudit | user=null | ip=null | op=WRITE_CHUNK {blockData=conID: 3 locID: 102666069701231166 bcsId: 0} | ret=SUCCESS |  
2019-08-23 11:31:41,461 | INFO  | DNAudit | user=null | ip=null | op=PUT_BLOCK {blockData=[blockId=conID: 3 locID: 102666069701231166 bcsId: 0,size=1048576]} | ret=SUCCESS |  
2019-08-23 11:31:41,461 [grpc-default-executor-2] INFO  client.GrpcClientProtocolClient (GrpcClientProtocolClient.java:onNext(255)) - client-C9E345EC67ED->244f13ac-34be-4c4e-8e45-0c0272edbbb2: receive RaftClientReply:client-C9E345EC67ED->244f13ac-34be-4c4e-8e45-0c0272edbbb2@group-FE77C852EF02, cid=2301, SUCCESS, logIndex=3377, commits[244f13ac-34be-4c4e-8e45-0c0272edbbb2:c3380, 6287e41a-5356-4f55-84f2-270816d53e84:c3374, a2c18d3d-e79d-47c9-88fe-d8a1d195302b:c3376]
2019-08-23 11:31:41,461 | INFO  | DNAudit | user=null | ip=null | op=WRITE_CHUNK {blockData=conID: 3 locID: 102666069701231166 bcsId: 0} | ret=SUCCESS |  
2019-08-23 11:31:41,462 [grpc-default-executor-2] INFO  client.GrpcClientProtocolClient (GrpcClientProtocolClient.java:onNext(255)) - client-C9E345EC67ED->244f13ac-34be-4c4e-8e45-0c0272edbbb2: receive RaftClientReply:client-C9E345EC67ED->244f13ac-34be-4c4e-8e45-0c0272edbbb2@group-FE77C852EF02, cid=2302, SUCCESS, logIndex=3378, commits[244f13ac-34be-4c4e-8e45-0c0272edbbb2:c3380, 6287e41a-5356-4f55-84f2-270816d53e84:c3376, a2c18d3d-e79d-47c9-88fe-d8a1d195302b:c3376]
2019-08-23 11:31:41,462 | INFO  | DNAudit | user=null | ip=null | op=PUT_BLOCK {blockData=[blockId=conID: 3 locID: 102666069701231166 bcsId: 0,size=2097152]} | ret=SUCCESS |  
2019-08-23 11:31:41,462 [grpc-default-executor-2] INFO  client.GrpcClientProtocolClient (GrpcClientProtocolClient.java:onNext(255)) - client-C9E345EC67ED->244f13ac-34be-4c4e-8e45-0c0272edbbb2: receive RaftClientReply:client-C9E345EC67ED->244f13ac-34be-4c4e-8e45-0c0272edbbb2@group-FE77C852EF02, cid=2303, SUCCESS, logIndex=3379, commits[244f13ac-34be-4c4e-8e45-0c0272edbbb2:c3380, 6287e41a-5356-4f55-84f2-270816d53e84:c3376, a2c18d3d-e79d-47c9-88fe-d8a1d195302b:c3376]
2019-08-23 11:31:41,462 | INFO  | DNAudit | user=null | ip=null | op=WRITE_CHUNK {blockData=conID: 3 locID: 102666069701231166 bcsId: 0} | ret=SUCCESS |  
2019-08-23 11:31:41,462 | INFO  | DNAudit | user=null | ip=null | op=PUT_BLOCK {blockData=[blockId=conID: 3 locID: 102666069701231166 bcsId: 0,size=1048576]} | ret=SUCCESS |  
2019-08-23 11:31:41,462 [grpc-default-executor-0] INFO  client.GrpcClientProtocolClient (GrpcClientProtocolClient.java:onNext(255)) - client-C9E345EC67ED->244f13ac-34be-4c4e-8e45-0c0272edbbb2: receive RaftClientReply:client-C9E345EC67ED->244f13ac-34be-4c4e-8e45-0c0272edbbb2@group-FE77C852EF02, cid=2304, SUCCESS, logIndex=3380, commits[244f13ac-34be-4c4e-8e45-0c0272edbbb2:c3380, 6287e41a-5356-4f55-84f2-270816d53e84:c3376, a2c18d3d-e79d-47c9-88fe-d8a1d195302b:c3376]
2019-08-23 11:31:41,463 | INFO  | DNAudit | user=null | ip=null | op=WRITE_CHUNK {blockData=conID: 3 locID: 102666069701231166 bcsId: 0} | ret=SUCCESS |  
2019-08-23 11:31:41,463 | INFO  | DNAudit | user=null | ip=null | op=PUT_BLOCK {blockData=[blockId=conID: 3 locID: 102666069701231166 bcsId: 0,size=1048576]} | ret=SUCCESS |  
2019-08-23 11:31:41,463 | INFO  | DNAudit | user=null | ip=null | op=WRITE_CHUNK {blockData=conID: 3 locID: 102666069701231166 bcsId: 0} | ret=SUCCESS |  
2019-08-23 11:31:41,463 [grpc-default-executor-0] INFO  client.GrpcClientProtocolClient (GrpcClientProtocolClient.java:onNext(255)) - client-C9E345EC67ED->244f13ac-34be-4c4e-8e45-0c0272edbbb2: receive RaftClientReply:client-C9E345EC67ED->244f13ac-34be-4c4e-8e45-0c0272edbbb2@group-FE77C852EF02, cid=2305, SUCCESS, logIndex=0, commits[244f13ac-34be-4c4e-8e45-0c0272edbbb2:c3381, 6287e41a-5356-4f55-84f2-270816d53e84:c3378, a2c18d3d-e79d-47c9-88fe-d8a1d195302b:c3378]
2019-08-23 11:31:41,464 | INFO  | DNAudit | user=null | ip=null | op=PUT_BLOCK {blockData=[blockId=conID: 3 locID: 102666069701231166 bcsId: 0,size=2097152]} | ret=SUCCESS |  
2019-08-23 11:31:41,464 | INFO  | DNAudit | user=null | ip=null | op=WRITE_CHUNK {blockData=conID: 3 locID: 102666069701231166 bcsId: 0} | ret=SUCCESS |  
2019-08-23 11:31:41,464 | INFO  | DNAudit | user=null | ip=null | op=PUT_BLOCK {blockData=[blockId=conID: 3 locID: 102666069701231166 bcsId: 0,size=2097152]} | ret=SUCCESS |  
2019-08-23 11:31:41,584 | INFO  | DNAudit | user=null | ip=null | op=WRITE_CHUNK {blockData=conID: 3 locID: 102666069701231166 bcsId: 3380} | ret=SUCCESS |  
2019-08-23 11:31:41,585 | INFO  | DNAudit | user=null | ip=null | op=WRITE_CHUNK {blockData=conID: 3 locID: 102666069701231166 bcsId: 3380} | ret=SUCCESS |  
2019-08-23 11:31:41,585 | INFO  | DNAudit | user=null | ip=null | op=WRITE_CHUNK {blockData=conID: 3 locID: 102666069701231166 bcsId: 3380} | ret=SUCCESS |  
2019-08-23 11:31:41,596 | INFO  | DNAudit | user=null | ip=null | op=WRITE_CHUNK {blockData=conID: 3 locID: 102666069701231166 bcsId: 3380} | ret=SUCCESS |  
2019-08-23 11:31:41,597 | INFO  | DNAudit | user=null | ip=null | op=PUT_BLOCK {blockData=[blockId=conID: 3 locID: 102666069701231166 bcsId: 0,size=3145728]} | ret=SUCCESS |  
2019-08-23 11:31:41,597 [grpc-default-executor-4] INFO  client.GrpcClientProtocolClient (GrpcClientProtocolClient.java:onNext(255)) - client-C9E345EC67ED->244f13ac-34be-4c4e-8e45-0c0272edbbb2: receive RaftClientReply:client-C9E345EC67ED->244f13ac-34be-4c4e-8e45-0c0272edbbb2@group-FE77C852EF02, cid=2306, SUCCESS, logIndex=3385, commits[244f13ac-34be-4c4e-8e45-0c0272edbbb2:c3386, 6287e41a-5356-4f55-84f2-270816d53e84:c3384, a2c18d3d-e79d-47c9-88fe-d8a1d195302b:c3384]
2019-08-23 11:31:41,597 [grpc-default-executor-4] INFO  client.GrpcClientProtocolClient (GrpcClientProtocolClient.java:onNext(255)) - client-C9E345EC67ED->244f13ac-34be-4c4e-8e45-0c0272edbbb2: receive RaftClientReply:client-C9E345EC67ED->244f13ac-34be-4c4e-8e45-0c0272edbbb2@group-FE77C852EF02, cid=2307, SUCCESS, logIndex=3386, commits[244f13ac-34be-4c4e-8e45-0c0272edbbb2:c3386, 6287e41a-5356-4f55-84f2-270816d53e84:c3384, a2c18d3d-e79d-47c9-88fe-d8a1d195302b:c3384]
2019-08-23 11:31:41,604 | INFO  | DNAudit | user=null | ip=null | op=WRITE_CHUNK {blockData=conID: 3 locID: 102666069701231166 bcsId: 3386} | ret=SUCCESS |  
2019-08-23 11:31:41,605 | INFO  | DNAudit | user=null | ip=null | op=WRITE_CHUNK {blockData=conID: 3 locID: 102666069701231166 bcsId: 3386} | ret=SUCCESS |  
2019-08-23 11:31:41,606 | INFO  | DNAudit | user=null | ip=null | op=WRITE_CHUNK {blockData=conID: 3 locID: 102666069701231166 bcsId: 3386} | ret=SUCCESS |  
2019-08-23 11:31:41,607 | INFO  | DNAudit | user=null | ip=null | op=WRITE_CHUNK {blockData=conID: 3 locID: 102666069701231166 bcsId: 3380} | ret=SUCCESS |  
2019-08-23 11:31:41,608 | INFO  | DNAudit | user=null | ip=null | op=WRITE_CHUNK {blockData=conID: 3 locID: 102666069701231166 bcsId: 3380} | ret=SUCCESS |  
2019-08-23 11:31:41,609 | INFO  | DNAudit | user=null | ip=null | op=PUT_BLOCK {blockData=[blockId=conID: 3 locID: 102666069701231166 bcsId: 0,size=3145728]} | ret=SUCCESS |  
2019-08-23 11:31:41,609 | INFO  | DNAudit | user=null | ip=null | op=PUT_BLOCK {blockData=[blockId=conID: 3 locID: 102666069701231166 bcsId: 0,size=3145728]} | ret=SUCCESS |  
2019-08-23 11:31:41,618 | INFO  | DNAudit | user=null | ip=null | op=WRITE_CHUNK {blockData=conID: 3 locID: 102666069701231166 bcsId: 3386} | ret=SUCCESS |  
2019-08-23 11:31:41,619 | INFO  | DNAudit | user=null | ip=null | op=PUT_BLOCK {blockData=[blockId=conID: 3 locID: 102666069701231166 bcsId: 0,size=4194304]} | ret=SUCCESS |  
2019-08-23 11:31:41,619 [grpc-default-executor-0] INFO  client.GrpcClientProtocolClient (GrpcClientProtocolClient.java:onNext(255)) - client-C9E345EC67ED->244f13ac-34be-4c4e-8e45-0c0272edbbb2: receive RaftClientReply:client-C9E345EC67ED->244f13ac-34be-4c4e-8e45-0c0272edbbb2@group-FE77C852EF02, cid=2308, SUCCESS, logIndex=3389, commits[244f13ac-34be-4c4e-8e45-0c0272edbbb2:c3389, 6287e41a-5356-4f55-84f2-270816d53e84:c3386, a2c18d3d-e79d-47c9-88fe-d8a1d195302b:c3386]
2019-08-23 11:31:41,620 [grpc-default-executor-0] INFO  client.GrpcClientProtocolClient (GrpcClientProtocolClient.java:onNext(255)) - client-C9E345EC67ED->244f13ac-34be-4c4e-8e45-0c0272edbbb2: receive RaftClientReply:client-C9E345EC67ED->244f13ac-34be-4c4e-8e45-0c0272edbbb2@group-FE77C852EF02, cid=2309, SUCCESS, logIndex=3390, commits[244f13ac-34be-4c4e-8e45-0c0272edbbb2:c3390, 6287e41a-5356-4f55-84f2-270816d53e84:c3386, a2c18d3d-e79d-47c9-88fe-d8a1d195302b:c3386]
2019-08-23 11:31:41,621 | INFO  | DNAudit | user=null | ip=null | op=WRITE_CHUNK {blockData=conID: 3 locID: 102666069701231166 bcsId: 3386} | ret=SUCCESS |  
2019-08-23 11:31:41,621 | INFO  | DNAudit | user=null | ip=null | op=WRITE_CHUNK {blockData=conID: 3 locID: 102666069701231166 bcsId: 3386} | ret=SUCCESS |  
2019-08-23 11:31:41,622 | INFO  | DNAudit | user=null | ip=null | op=PUT_BLOCK {blockData=[blockId=conID: 3 locID: 102666069701231166 bcsId: 0,size=4194304]} | ret=SUCCESS |  
2019-08-23 11:31:41,622 | INFO  | DNAudit | user=null | ip=null | op=PUT_BLOCK {blockData=[blockId=conID: 3 locID: 102666069701231166 bcsId: 0,size=4194304]} | ret=SUCCESS |  
2019-08-23 11:31:41,623 [grpc-default-executor-0] INFO  client.GrpcClientProtocolClient (GrpcClientProtocolClient.java:onNext(255)) - client-C9E345EC67ED->244f13ac-34be-4c4e-8e45-0c0272edbbb2: receive RaftClientReply:client-C9E345EC67ED->244f13ac-34be-4c4e-8e45-0c0272edbbb2@group-FE77C852EF02, cid=2310, SUCCESS, logIndex=0, commits[244f13ac-34be-4c4e-8e45-0c0272edbbb2:c3392, 6287e41a-5356-4f55-84f2-270816d53e84:c3390, a2c18d3d-e79d-47c9-88fe-d8a1d195302b:c3390]
2019-08-23 11:31:41,632 | INFO  | SCMAudit | user=jenkins1000 | ip=192.168.5.185 | op=ALLOCATE_BLOCK {owner=00a23185-76ea-47b5-a641-ad3cfbe5521a, size=4194304, type=RATIS, factor=THREE} | ret=SUCCESS |  
2019-08-23 11:31:41,639 | INFO  | OMAudit | user=jenkins1000 | ip=127.0.0.1 | op=ALLOCATE_BLOCK {volume=vol-0-37508, bucket=bucket-0-50919, key=key-0-57313, dataSize=0, replicationType=null, replicationFactor=null, keyLocationInfo=null, clientID=102666068570931602} | ret=SUCCESS |  
2019-08-23 11:31:41,649 | INFO  | DNAudit | user=null | ip=null | op=WRITE_CHUNK {blockData=conID: 1 locID: 102666069713355327 bcsId: 0} | ret=SUCCESS |  
2019-08-23 11:31:41,652 | INFO  | DNAudit | user=null | ip=null | op=WRITE_CHUNK {blockData=conID: 1 locID: 102666069713355327 bcsId: 0} | ret=SUCCESS |  
2019-08-23 11:31:41,653 | INFO  | DNAudit | user=null | ip=null | op=WRITE_CHUNK {blockData=conID: 1 locID: 102666069713355327 bcsId: 0} | ret=SUCCESS |  
2019-08-23 11:31:41,654 | INFO  | DNAudit | user=null | ip=null | op=WRITE_CHUNK {blockData=conID: 1 locID: 102666069713355327 bcsId: 0} | ret=SUCCESS |  
2019-08-23 11:31:41,656 | INFO  | DNAudit | user=null | ip=null | op=WRITE_CHUNK {blockData=conID: 1 locID: 102666069713355327 bcsId: 0} | ret=SUCCESS |  
2019-08-23 11:31:41,658 | INFO  | DNAudit | user=null | ip=null | op=WRITE_CHUNK {blockData=conID: 1 locID: 102666069713355327 bcsId: 0} | ret=SUCCESS |  
2019-08-23 11:31:41,661 | INFO  | DNAudit | user=null | ip=null | op=WRITE_CHUNK {blockData=conID: 1 locID: 102666069713355327 bcsId: 0} | ret=SUCCESS |  
2019-08-23 11:31:41,661 | INFO  | DNAudit | user=null | ip=null | op=PUT_BLOCK {blockData=[blockId=conID: 1 locID: 102666069713355327 bcsId: 0,size=1048576]} | ret=SUCCESS |  
2019-08-23 11:31:41,662 [grpc-default-executor-1] INFO  client.GrpcClientProtocolClient (GrpcClientProtocolClient.java:onNext(255)) - client-C9E345EC67ED->244f13ac-34be-4c4e-8e45-0c0272edbbb2: receive RaftClientReply:client-C9E345EC67ED->244f13ac-34be-4c4e-8e45-0c0272edbbb2@group-FE77C852EF02, cid=2311, SUCCESS, logIndex=3393, commits[244f13ac-34be-4c4e-8e45-0c0272edbbb2:c3394, 6287e41a-5356-4f55-84f2-270816d53e84:c3392, a2c18d3d-e79d-47c9-88fe-d8a1d195302b:c3392]
2019-08-23 11:31:41,663 [grpc-default-executor-1] INFO  client.GrpcClientProtocolClient (GrpcClientProtocolClient.java:onNext(255)) - client-C9E345EC67ED->244f13ac-34be-4c4e-8e45-0c0272edbbb2: receive RaftClientReply:client-C9E345EC67ED->244f13ac-34be-4c4e-8e45-0c0272edbbb2@group-FE77C852EF02, cid=2312, SUCCESS, logIndex=3394, commits[244f13ac-34be-4c4e-8e45-0c0272edbbb2:c3394, 6287e41a-5356-4f55-84f2-270816d53e84:c3392, a2c18d3d-e79d-47c9-88fe-d8a1d195302b:c3392]
2019-08-23 11:31:41,664 | INFO  | DNAudit | user=null | ip=null | op=WRITE_CHUNK {blockData=conID: 1 locID: 102666069713355327 bcsId: 0} | ret=SUCCESS |  
2019-08-23 11:31:41,664 | INFO  | DNAudit | user=null | ip=null | op=PUT_BLOCK {blockData=[blockId=conID: 1 locID: 102666069713355327 bcsId: 0,size=2097152]} | ret=SUCCESS |  
2019-08-23 11:31:41,664 [grpc-default-executor-1] INFO  client.GrpcClientProtocolClient (GrpcClientProtocolClient.java:onNext(255)) - client-C9E345EC67ED->244f13ac-34be-4c4e-8e45-0c0272edbbb2: receive RaftClientReply:client-C9E345EC67ED->244f13ac-34be-4c4e-8e45-0c0272edbbb2@group-FE77C852EF02, cid=2313, SUCCESS, logIndex=3395, commits[244f13ac-34be-4c4e-8e45-0c0272edbbb2:c3396, 6287e41a-5356-4f55-84f2-270816d53e84:c3392, a2c18d3d-e79d-47c9-88fe-d8a1d195302b:c3392]
2019-08-23 11:31:41,665 [grpc-default-executor-1] INFO  client.GrpcClientProtocolClient (GrpcClientProtocolClient.java:onNext(255)) - client-C9E345EC67ED->244f13ac-34be-4c4e-8e45-0c0272edbbb2: receive RaftClientReply:client-C9E345EC67ED->244f13ac-34be-4c4e-8e45-0c0272edbbb2@group-FE77C852EF02, cid=2314, SUCCESS, logIndex=3396, commits[244f13ac-34be-4c4e-8e45-0c0272edbbb2:c3396, 6287e41a-5356-4f55-84f2-270816d53e84:c3392, a2c18d3d-e79d-47c9-88fe-d8a1d195302b:c3392]
2019-08-23 11:31:41,673 | INFO  | DNAudit | user=null | ip=null | op=WRITE_CHUNK {blockData=conID: 1 locID: 102666069713355327 bcsId: 0} | ret=SUCCESS |  
2019-08-23 11:31:41,675 | INFO  | DNAudit | user=null | ip=null | op=WRITE_CHUNK {blockData=conID: 1 locID: 102666069713355327 bcsId: 0} | ret=SUCCESS |  
2019-08-23 11:31:41,675 | INFO  | DNAudit | user=null | ip=null | op=PUT_BLOCK {blockData=[blockId=conID: 1 locID: 102666069713355327 bcsId: 0,size=1048576]} | ret=SUCCESS |  
2019-08-23 11:31:41,675 [grpc-default-executor-1] INFO  client.GrpcClientProtocolClient (GrpcClientProtocolClient.java:onNext(255)) - client-C9E345EC67ED->244f13ac-34be-4c4e-8e45-0c0272edbbb2: receive RaftClientReply:client-C9E345EC67ED->244f13ac-34be-4c4e-8e45-0c0272edbbb2@group-FE77C852EF02, cid=2315, SUCCESS, logIndex=0, commits[244f13ac-34be-4c4e-8e45-0c0272edbbb2:c3398, 6287e41a-5356-4f55-84f2-270816d53e84:c3394, a2c18d3d-e79d-47c9-88fe-d8a1d195302b:c3394]
2019-08-23 11:31:41,675 | INFO  | DNAudit | user=null | ip=null | op=PUT_BLOCK {blockData=[blockId=conID: 1 locID: 102666069713355327 bcsId: 0,size=1048576]} | ret=SUCCESS |  
2019-08-23 11:31:41,675 | INFO  | DNAudit | user=null | ip=null | op=WRITE_CHUNK {blockData=conID: 1 locID: 102666069713355327 bcsId: 0} | ret=SUCCESS |  
2019-08-23 11:31:41,675 | INFO  | DNAudit | user=null | ip=null | op=PUT_BLOCK {blockData=[blockId=conID: 1 locID: 102666069713355327 bcsId: 0,size=2097152]} | ret=SUCCESS |  
2019-08-23 11:31:41,676 | INFO  | DNAudit | user=null | ip=null | op=WRITE_CHUNK {blockData=conID: 1 locID: 102666069713355327 bcsId: 0} | ret=SUCCESS |  
2019-08-23 11:31:41,676 | INFO  | DNAudit | user=null | ip=null | op=PUT_BLOCK {blockData=[blockId=conID: 1 locID: 102666069713355327 bcsId: 0,size=2097152]} | ret=SUCCESS |  
2019-08-23 11:31:41,682 | INFO  | DNAudit | user=null | ip=null | op=WRITE_CHUNK {blockData=conID: 1 locID: 102666069713355327 bcsId: 3396} | ret=SUCCESS |  
2019-08-23 11:31:41,684 | INFO  | DNAudit | user=null | ip=null | op=WRITE_CHUNK {blockData=conID: 1 locID: 102666069713355327 bcsId: 3396} | ret=SUCCESS |  
2019-08-23 11:31:41,685 | INFO  | DNAudit | user=null | ip=null | op=WRITE_CHUNK {blockData=conID: 1 locID: 102666069713355327 bcsId: 3396} | ret=SUCCESS |  
2019-08-23 11:31:41,695 | INFO  | DNAudit | user=null | ip=null | op=WRITE_CHUNK {blockData=conID: 1 locID: 102666069713355327 bcsId: 3396} | ret=SUCCESS |  
2019-08-23 11:31:41,695 | INFO  | DNAudit | user=null | ip=null | op=PUT_BLOCK {blockData=[blockId=conID: 1 locID: 102666069713355327 bcsId: 0,size=3145728]} | ret=SUCCESS |  
2019-08-23 11:31:41,696 [grpc-default-executor-2] INFO  client.GrpcClientProtocolClient (GrpcClientProtocolClient.java:onNext(255)) - client-C9E345EC67ED->244f13ac-34be-4c4e-8e45-0c0272edbbb2: receive RaftClientReply:client-C9E345EC67ED->244f13ac-34be-4c4e-8e45-0c0272edbbb2@group-FE77C852EF02, cid=2316, SUCCESS, logIndex=3401, commits[244f13ac-34be-4c4e-8e45-0c0272edbbb2:c3402, 6287e41a-5356-4f55-84f2-270816d53e84:c3400, a2c18d3d-e79d-47c9-88fe-d8a1d195302b:c3400]
2019-08-23 11:31:41,696 [grpc-default-executor-2] INFO  client.GrpcClientProtocolClient (GrpcClientProtocolClient.java:onNext(255)) - client-C9E345EC67ED->244f13ac-34be-4c4e-8e45-0c0272edbbb2: receive RaftClientReply:client-C9E345EC67ED->244f13ac-34be-4c4e-8e45-0c0272edbbb2@group-FE77C852EF02, cid=2317, SUCCESS, logIndex=3402, commits[244f13ac-34be-4c4e-8e45-0c0272edbbb2:c3402, 6287e41a-5356-4f55-84f2-270816d53e84:c3400, a2c18d3d-e79d-47c9-88fe-d8a1d195302b:c3400]
2019-08-23 11:31:41,704 | INFO  | DNAudit | user=null | ip=null | op=WRITE_CHUNK {blockData=conID: 1 locID: 102666069713355327 bcsId: 3402} | ret=SUCCESS |  
2019-08-23 11:31:41,706 | INFO  | DNAudit | user=null | ip=null | op=WRITE_CHUNK {blockData=conID: 1 locID: 102666069713355327 bcsId: 3396} | ret=SUCCESS |  
2019-08-23 11:31:41,707 | INFO  | DNAudit | user=null | ip=null | op=WRITE_CHUNK {blockData=conID: 1 locID: 102666069713355327 bcsId: 3396} | ret=SUCCESS |  
2019-08-23 11:31:41,707 | INFO  | DNAudit | user=null | ip=null | op=WRITE_CHUNK {blockData=conID: 1 locID: 102666069713355327 bcsId: 3402} | ret=SUCCESS |  
2019-08-23 11:31:41,707 | INFO  | DNAudit | user=null | ip=null | op=PUT_BLOCK {blockData=[blockId=conID: 1 locID: 102666069713355327 bcsId: 0,size=3145728]} | ret=SUCCESS |  
2019-08-23 11:31:41,708 | INFO  | DNAudit | user=null | ip=null | op=WRITE_CHUNK {blockData=conID: 1 locID: 102666069713355327 bcsId: 3402} | ret=SUCCESS |  
2019-08-23 11:31:41,718 | INFO  | DNAudit | user=null | ip=null | op=PUT_BLOCK {blockData=[blockId=conID: 1 locID: 102666069713355327 bcsId: 0,size=3145728]} | ret=SUCCESS |  
2019-08-23 11:31:41,719 | INFO  | DNAudit | user=null | ip=null | op=WRITE_CHUNK {blockData=conID: 1 locID: 102666069713355327 bcsId: 3402} | ret=SUCCESS |  
2019-08-23 11:31:41,719 | INFO  | DNAudit | user=null | ip=null | op=PUT_BLOCK {blockData=[blockId=conID: 1 locID: 102666069713355327 bcsId: 0,size=4194304]} | ret=SUCCESS |  
2019-08-23 11:31:41,720 [grpc-default-executor-2] INFO  client.GrpcClientProtocolClient (GrpcClientProtocolClient.java:onNext(255)) - client-C9E345EC67ED->244f13ac-34be-4c4e-8e45-0c0272edbbb2: receive RaftClientReply:client-C9E345EC67ED->244f13ac-34be-4c4e-8e45-0c0272edbbb2@group-FE77C852EF02, cid=2318, SUCCESS, logIndex=3405, commits[244f13ac-34be-4c4e-8e45-0c0272edbbb2:c3406, 6287e41a-5356-4f55-84f2-270816d53e84:c3402, a2c18d3d-e79d-47c9-88fe-d8a1d195302b:c3402]
2019-08-23 11:31:41,723 [grpc-default-executor-2] INFO  client.GrpcClientProtocolClient (GrpcClientProtocolClient.java:onNext(255)) - client-C9E345EC67ED->244f13ac-34be-4c4e-8e45-0c0272edbbb2: receive RaftClientReply:client-C9E345EC67ED->244f13ac-34be-4c4e-8e45-0c0272edbbb2@group-FE77C852EF02, cid=2319, SUCCESS, logIndex=3406, commits[244f13ac-34be-4c4e-8e45-0c0272edbbb2:c3406, 6287e41a-5356-4f55-84f2-270816d53e84:c3402, a2c18d3d-e79d-47c9-88fe-d8a1d195302b:c3402]
2019-08-23 11:31:41,730 | INFO  | DNAudit | user=null | ip=null | op=WRITE_CHUNK {blockData=conID: 1 locID: 102666069713355327 bcsId: 3402} | ret=SUCCESS |  
2019-08-23 11:31:41,730 | INFO  | DNAudit | user=null | ip=null | op=WRITE_CHUNK {blockData=conID: 1 locID: 102666069713355327 bcsId: 3402} | ret=SUCCESS |  
2019-08-23 11:31:41,731 | INFO  | DNAudit | user=null | ip=null | op=PUT_BLOCK {blockData=[blockId=conID: 1 locID: 102666069713355327 bcsId: 0,size=4194304]} | ret=SUCCESS |  
2019-08-23 11:31:41,731 | INFO  | DNAudit | user=null | ip=null | op=PUT_BLOCK {blockData=[blockId=conID: 1 locID: 102666069713355327 bcsId: 0,size=4194304]} | ret=SUCCESS |  
2019-08-23 11:31:41,732 [grpc-default-executor-2] INFO  client.GrpcClientProtocolClient (GrpcClientProtocolClient.java:onNext(255)) - client-C9E345EC67ED->244f13ac-34be-4c4e-8e45-0c0272edbbb2: receive RaftClientReply:client-C9E345EC67ED->244f13ac-34be-4c4e-8e45-0c0272edbbb2@group-FE77C852EF02, cid=2320, SUCCESS, logIndex=0, commits[244f13ac-34be-4c4e-8e45-0c0272edbbb2:c3407, 6287e41a-5356-4f55-84f2-270816d53e84:c3406, a2c18d3d-e79d-47c9-88fe-d8a1d195302b:c3406]
2019-08-23 11:31:41,738 | INFO  | SCMAudit | user=jenkins1000 | ip=192.168.5.185 | op=ALLOCATE_BLOCK {owner=00a23185-76ea-47b5-a641-ad3cfbe5521a, size=4194304, type=RATIS, factor=THREE} | ret=SUCCESS |  
2019-08-23 11:31:41,741 | INFO  | OMAudit | user=jenkins1000 | ip=127.0.0.1 | op=ALLOCATE_BLOCK {volume=vol-0-37508, bucket=bucket-0-50919, key=key-0-57313, dataSize=0, replicationType=null, replicationFactor=null, keyLocationInfo=null, clientID=102666068570931602} | ret=SUCCESS |  
2019-08-23 11:31:41,748 | INFO  | DNAudit | user=null | ip=null | op=WRITE_CHUNK {blockData=conID: 2 locID: 102666069720302144 bcsId: 0} | ret=SUCCESS |  
2019-08-23 11:31:41,751 | INFO  | DNAudit | user=null | ip=null | op=WRITE_CHUNK {blockData=conID: 2 locID: 102666069720302144 bcsId: 0} | ret=SUCCESS |  
2019-08-23 11:31:41,752 | INFO  | DNAudit | user=null | ip=null | op=WRITE_CHUNK {blockData=conID: 2 locID: 102666069720302144 bcsId: 0} | ret=SUCCESS |  
2019-08-23 11:31:41,754 | INFO  | DNAudit | user=null | ip=null | op=WRITE_CHUNK {blockData=conID: 2 locID: 102666069720302144 bcsId: 0} | ret=SUCCESS |  
2019-08-23 11:31:41,756 | INFO  | DNAudit | user=null | ip=null | op=WRITE_CHUNK {blockData=conID: 2 locID: 102666069720302144 bcsId: 0} | ret=SUCCESS |  
2019-08-23 11:31:41,756 | INFO  | DNAudit | user=null | ip=null | op=WRITE_CHUNK {blockData=conID: 2 locID: 102666069720302144 bcsId: 0} | ret=SUCCESS |  
2019-08-23 11:31:41,757 | INFO  | DNAudit | user=null | ip=null | op=PUT_BLOCK {blockData=[blockId=conID: 2 locID: 102666069720302144 bcsId: 0,size=1048576]} | ret=SUCCESS |  
2019-08-23 11:31:41,757 [grpc-default-executor-2] INFO  client.GrpcClientProtocolClient (GrpcClientProtocolClient.java:onNext(255)) - client-C9E345EC67ED->244f13ac-34be-4c4e-8e45-0c0272edbbb2: receive RaftClientReply:client-C9E345EC67ED->244f13ac-34be-4c4e-8e45-0c0272edbbb2@group-FE77C852EF02, cid=2321, SUCCESS, logIndex=3409, commits[244f13ac-34be-4c4e-8e45-0c0272edbbb2:c3410, 6287e41a-5356-4f55-84f2-270816d53e84:c3408, a2c18d3d-e79d-47c9-88fe-d8a1d195302b:c3408]
2019-08-23 11:31:41,758 [grpc-default-executor-2] INFO  client.GrpcClientProtocolClient (GrpcClientProtocolClient.java:onNext(255)) - client-C9E345EC67ED->244f13ac-34be-4c4e-8e45-0c0272edbbb2: receive RaftClientReply:client-C9E345EC67ED->244f13ac-34be-4c4e-8e45-0c0272edbbb2@group-FE77C852EF02, cid=2322, SUCCESS, logIndex=3410, commits[244f13ac-34be-4c4e-8e45-0c0272edbbb2:c3410, 6287e41a-5356-4f55-84f2-270816d53e84:c3408, a2c18d3d-e79d-47c9-88fe-d8a1d195302b:c3408]
2019-08-23 11:31:41,758 | INFO  | DNAudit | user=null | ip=null | op=WRITE_CHUNK {blockData=conID: 2 locID: 102666069720302144 bcsId: 0} | ret=SUCCESS |  
2019-08-23 11:31:41,769 | INFO  | DNAudit | user=null | ip=null | op=WRITE_CHUNK {blockData=conID: 2 locID: 102666069720302144 bcsId: 0} | ret=SUCCESS |  
2019-08-23 11:31:41,769 | INFO  | DNAudit | user=null | ip=null | op=WRITE_CHUNK {blockData=conID: 2 locID: 102666069720302144 bcsId: 0} | ret=SUCCESS |  
2019-08-23 11:31:41,769 | INFO  | DNAudit | user=null | ip=null | op=WRITE_CHUNK {blockData=conID: 2 locID: 102666069720302144 bcsId: 0} | ret=SUCCESS |  
2019-08-23 11:31:41,769 | INFO  | DNAudit | user=null | ip=null | op=PUT_BLOCK {blockData=[blockId=conID: 2 locID: 102666069720302144 bcsId: 0,size=1048576]} | ret=SUCCESS |  
2019-08-23 11:31:41,769 | INFO  | DNAudit | user=null | ip=null | op=PUT_BLOCK {blockData=[blockId=conID: 2 locID: 102666069720302144 bcsId: 0,size=1048576]} | ret=SUCCESS |  
2019-08-23 11:31:41,769 | INFO  | DNAudit | user=null | ip=null | op=PUT_BLOCK {blockData=[blockId=conID: 2 locID: 102666069720302144 bcsId: 0,size=2097152]} | ret=SUCCESS |  
2019-08-23 11:31:41,770 [grpc-default-executor-2] INFO  client.GrpcClientProtocolClient (GrpcClientProtocolClient.java:onNext(255)) - client-C9E345EC67ED->244f13ac-34be-4c4e-8e45-0c0272edbbb2: receive RaftClientReply:client-C9E345EC67ED->244f13ac-34be-4c4e-8e45-0c0272edbbb2@group-FE77C852EF02, cid=2323, SUCCESS, logIndex=3411, commits[244f13ac-34be-4c4e-8e45-0c0272edbbb2:c3413, 6287e41a-5356-4f55-84f2-270816d53e84:c3410, a2c18d3d-e79d-47c9-88fe-d8a1d195302b:c3408]
2019-08-23 11:31:41,770 [grpc-default-executor-2] INFO  client.GrpcClientProtocolClient (GrpcClientProtocolClient.java:onNext(255)) - client-C9E345EC67ED->244f13ac-34be-4c4e-8e45-0c0272edbbb2: receive RaftClientReply:client-C9E345EC67ED->244f13ac-34be-4c4e-8e45-0c0272edbbb2@group-FE77C852EF02, cid=2324, SUCCESS, logIndex=3412, commits[244f13ac-34be-4c4e-8e45-0c0272edbbb2:c3413, 6287e41a-5356-4f55-84f2-270816d53e84:c3410, a2c18d3d-e79d-47c9-88fe-d8a1d195302b:c3408]
2019-08-23 11:31:41,771 [grpc-default-executor-2] INFO  client.GrpcClientProtocolClient (GrpcClientProtocolClient.java:onNext(255)) - client-C9E345EC67ED->244f13ac-34be-4c4e-8e45-0c0272edbbb2: receive RaftClientReply:client-C9E345EC67ED->244f13ac-34be-4c4e-8e45-0c0272edbbb2@group-FE77C852EF02, cid=2325, SUCCESS, logIndex=0, commits[244f13ac-34be-4c4e-8e45-0c0272edbbb2:c3414, 6287e41a-5356-4f55-84f2-270816d53e84:c3410, a2c18d3d-e79d-47c9-88fe-d8a1d195302b:c3410]
2019-08-23 11:31:41,778 | INFO  | DNAudit | user=null | ip=null | op=WRITE_CHUNK {blockData=conID: 2 locID: 102666069720302144 bcsId: 3412} | ret=SUCCESS |  
2019-08-23 11:31:41,780 | INFO  | DNAudit | user=null | ip=null | op=WRITE_CHUNK {blockData=conID: 2 locID: 102666069720302144 bcsId: 3412} | ret=SUCCESS |  
2019-08-23 11:31:41,780 | INFO  | DNAudit | user=null | ip=null | op=WRITE_CHUNK {blockData=conID: 2 locID: 102666069720302144 bcsId: 3412} | ret=SUCCESS |  
2019-08-23 11:31:41,780 | INFO  | DNAudit | user=null | ip=null | op=WRITE_CHUNK {blockData=conID: 2 locID: 102666069720302144 bcsId: 0} | ret=SUCCESS |  
2019-08-23 11:31:41,780 | INFO  | DNAudit | user=null | ip=null | op=WRITE_CHUNK {blockData=conID: 2 locID: 102666069720302144 bcsId: 0} | ret=SUCCESS |  
2019-08-23 11:31:41,781 | INFO  | DNAudit | user=null | ip=null | op=PUT_BLOCK {blockData=[blockId=conID: 2 locID: 102666069720302144 bcsId: 0,size=2097152]} | ret=SUCCESS |  
2019-08-23 11:31:41,781 | INFO  | DNAudit | user=null | ip=null | op=PUT_BLOCK {blockData=[blockId=conID: 2 locID: 102666069720302144 bcsId: 0,size=2097152]} | ret=SUCCESS |  
2019-08-23 11:31:41,782 | INFO  | DNAudit | user=null | ip=null | op=WRITE_CHUNK {blockData=conID: 2 locID: 102666069720302144 bcsId: 3412} | ret=SUCCESS |  
2019-08-23 11:31:41,782 | INFO  | DNAudit | user=null | ip=null | op=PUT_BLOCK {blockData=[blockId=conID: 2 locID: 102666069720302144 bcsId: 0,size=3145728]} | ret=SUCCESS |  
2019-08-23 11:31:41,783 [grpc-default-executor-0] INFO  client.GrpcClientProtocolClient (GrpcClientProtocolClient.java:onNext(255)) - client-C9E345EC67ED->244f13ac-34be-4c4e-8e45-0c0272edbbb2: receive RaftClientReply:client-C9E345EC67ED->244f13ac-34be-4c4e-8e45-0c0272edbbb2@group-FE77C852EF02, cid=2326, SUCCESS, logIndex=3417, commits[244f13ac-34be-4c4e-8e45-0c0272edbbb2:c3418, 6287e41a-5356-4f55-84f2-270816d53e84:c3414, a2c18d3d-e79d-47c9-88fe-d8a1d195302b:c3414]
2019-08-23 11:31:41,783 [grpc-default-executor-0] INFO  client.GrpcClientProtocolClient (GrpcClientProtocolClient.java:onNext(255)) - client-C9E345EC67ED->244f13ac-34be-4c4e-8e45-0c0272edbbb2: receive RaftClientReply:client-C9E345EC67ED->244f13ac-34be-4c4e-8e45-0c0272edbbb2@group-FE77C852EF02, cid=2327, SUCCESS, logIndex=3418, commits[244f13ac-34be-4c4e-8e45-0c0272edbbb2:c3418, 6287e41a-5356-4f55-84f2-270816d53e84:c3414, a2c18d3d-e79d-47c9-88fe-d8a1d195302b:c3414]
2019-08-23 11:31:41,790 | INFO  | DNAudit | user=null | ip=null | op=WRITE_CHUNK {blockData=conID: 2 locID: 102666069720302144 bcsId: 3418} | ret=SUCCESS |  
2019-08-23 11:31:41,792 | INFO  | DNAudit | user=null | ip=null | op=WRITE_CHUNK {blockData=conID: 2 locID: 102666069720302144 bcsId: 3418} | ret=SUCCESS |  
2019-08-23 11:31:41,792 | INFO  | DNAudit | user=null | ip=null | op=WRITE_CHUNK {blockData=conID: 2 locID: 102666069720302144 bcsId: 3418} | ret=SUCCESS |  
2019-08-23 11:31:41,794 | INFO  | DNAudit | user=null | ip=null | op=WRITE_CHUNK {blockData=conID: 2 locID: 102666069720302144 bcsId: 3412} | ret=SUCCESS |  
2019-08-23 11:31:41,794 | INFO  | DNAudit | user=null | ip=null | op=WRITE_CHUNK {blockData=conID: 2 locID: 102666069720302144 bcsId: 3412} | ret=SUCCESS |  
2019-08-23 11:31:41,794 | INFO  | DNAudit | user=null | ip=null | op=PUT_BLOCK {blockData=[blockId=conID: 2 locID: 102666069720302144 bcsId: 0,size=3145728]} | ret=SUCCESS |  
2019-08-23 11:31:41,794 | INFO  | DNAudit | user=null | ip=null | op=PUT_BLOCK {blockData=[blockId=conID: 2 locID: 102666069720302144 bcsId: 0,size=3145728]} | ret=SUCCESS |  
2019-08-23 11:31:41,796 | INFO  | DNAudit | user=null | ip=null | op=WRITE_CHUNK {blockData=conID: 2 locID: 102666069720302144 bcsId: 3418} | ret=SUCCESS |  
2019-08-23 11:31:41,796 | INFO  | DNAudit | user=null | ip=null | op=PUT_BLOCK {blockData=[blockId=conID: 2 locID: 102666069720302144 bcsId: 0,size=4194304]} | ret=SUCCESS |  
2019-08-23 11:31:41,797 [grpc-default-executor-4] INFO  client.GrpcClientProtocolClient (GrpcClientProtocolClient.java:onNext(255)) - client-C9E345EC67ED->244f13ac-34be-4c4e-8e45-0c0272edbbb2: receive RaftClientReply:client-C9E345EC67ED->244f13ac-34be-4c4e-8e45-0c0272edbbb2@group-FE77C852EF02, cid=2328, SUCCESS, logIndex=3421, commits[244f13ac-34be-4c4e-8e45-0c0272edbbb2:c3422, 6287e41a-5356-4f55-84f2-270816d53e84:c3418, a2c18d3d-e79d-47c9-88fe-d8a1d195302b:c3418]
2019-08-23 11:31:41,797 [grpc-default-executor-4] INFO  client.GrpcClientProtocolClient (GrpcClientProtocolClient.java:onNext(255)) - client-C9E345EC67ED->244f13ac-34be-4c4e-8e45-0c0272edbbb2: receive RaftClientReply:client-C9E345EC67ED->244f13ac-34be-4c4e-8e45-0c0272edbbb2@group-FE77C852EF02, cid=2329, SUCCESS, logIndex=3422, commits[244f13ac-34be-4c4e-8e45-0c0272edbbb2:c3422, 6287e41a-5356-4f55-84f2-270816d53e84:c3418, a2c18d3d-e79d-47c9-88fe-d8a1d195302b:c3418]
2019-08-23 11:31:41,808 | INFO  | DNAudit | user=null | ip=null | op=WRITE_CHUNK {blockData=conID: 2 locID: 102666069720302144 bcsId: 3418} | ret=SUCCESS |  
2019-08-23 11:31:41,808 | INFO  | DNAudit | user=null | ip=null | op=WRITE_CHUNK {blockData=conID: 2 locID: 102666069720302144 bcsId: 3418} | ret=SUCCESS |  
2019-08-23 11:31:41,808 | INFO  | DNAudit | user=null | ip=null | op=PUT_BLOCK {blockData=[blockId=conID: 2 locID: 102666069720302144 bcsId: 0,size=4194304]} | ret=SUCCESS |  
2019-08-23 11:31:41,808 | INFO  | DNAudit | user=null | ip=null | op=PUT_BLOCK {blockData=[blockId=conID: 2 locID: 102666069720302144 bcsId: 0,size=4194304]} | ret=SUCCESS |  
2019-08-23 11:31:41,809 [grpc-default-executor-4] INFO  client.GrpcClientProtocolClient (GrpcClientProtocolClient.java:onNext(255)) - client-C9E345EC67ED->244f13ac-34be-4c4e-8e45-0c0272edbbb2: receive RaftClientReply:client-C9E345EC67ED->244f13ac-34be-4c4e-8e45-0c0272edbbb2@group-FE77C852EF02, cid=2330, SUCCESS, logIndex=0, commits[244f13ac-34be-4c4e-8e45-0c0272edbbb2:c3423, 6287e41a-5356-4f55-84f2-270816d53e84:c3422, a2c18d3d-e79d-47c9-88fe-d8a1d195302b:c3422]
2019-08-23 11:31:41,814 | INFO  | SCMAudit | user=jenkins1000 | ip=192.168.5.185 | op=ALLOCATE_BLOCK {owner=00a23185-76ea-47b5-a641-ad3cfbe5521a, size=4194304, type=RATIS, factor=THREE} | ret=SUCCESS |  
2019-08-23 11:31:41,817 | INFO  | OMAudit | user=jenkins1000 | ip=127.0.0.1 | op=ALLOCATE_BLOCK {volume=vol-0-37508, bucket=bucket-0-50919, key=key-0-57313, dataSize=0, replicationType=null, replicationFactor=null, keyLocationInfo=null, clientID=102666068570931602} | ret=SUCCESS |  
2019-08-23 11:31:41,827 | INFO  | DNAudit | user=null | ip=null | op=WRITE_CHUNK {blockData=conID: 3 locID: 102666069725282881 bcsId: 0} | ret=SUCCESS |  
2019-08-23 11:31:41,830 | INFO  | DNAudit | user=null | ip=null | op=WRITE_CHUNK {blockData=conID: 3 locID: 102666069725282881 bcsId: 0} | ret=SUCCESS |  
2019-08-23 11:31:41,830 | INFO  | DNAudit | user=null | ip=null | op=WRITE_CHUNK {blockData=conID: 3 locID: 102666069725282881 bcsId: 0} | ret=SUCCESS |  
2019-08-23 11:31:41,831 | INFO  | DNAudit | user=null | ip=null | op=WRITE_CHUNK {blockData=conID: 3 locID: 102666069725282881 bcsId: 0} | ret=SUCCESS |  
2019-08-23 11:31:41,833 | INFO  | DNAudit | user=null | ip=null | op=WRITE_CHUNK {blockData=conID: 3 locID: 102666069725282881 bcsId: 0} | ret=SUCCESS |  
2019-08-23 11:31:41,833 | INFO  | DNAudit | user=null | ip=null | op=WRITE_CHUNK {blockData=conID: 3 locID: 102666069725282881 bcsId: 0} | ret=SUCCESS |  
2019-08-23 11:31:41,840 | INFO  | DNAudit | user=null | ip=null | op=WRITE_CHUNK {blockData=conID: 3 locID: 102666069725282881 bcsId: 0} | ret=SUCCESS |  
2019-08-23 11:31:41,840 | INFO  | DNAudit | user=null | ip=null | op=PUT_BLOCK {blockData=[blockId=conID: 3 locID: 102666069725282881 bcsId: 0,size=1048576]} | ret=SUCCESS |  
2019-08-23 11:31:41,841 [grpc-default-executor-2] INFO  client.GrpcClientProtocolClient (GrpcClientProtocolClient.java:onNext(255)) - client-C9E345EC67ED->244f13ac-34be-4c4e-8e45-0c0272edbbb2: receive RaftClientReply:client-C9E345EC67ED->244f13ac-34be-4c4e-8e45-0c0272edbbb2@group-FE77C852EF02, cid=2331, SUCCESS, logIndex=3425, commits[244f13ac-34be-4c4e-8e45-0c0272edbbb2:c3426, 6287e41a-5356-4f55-84f2-270816d53e84:c3424, a2c18d3d-e79d-47c9-88fe-d8a1d195302b:c3424]
2019-08-23 11:31:41,841 | INFO  | DNAudit | user=null | ip=null | op=WRITE_CHUNK {blockData=conID: 3 locID: 102666069725282881 bcsId: 0} | ret=SUCCESS |  
2019-08-23 11:31:41,842 [grpc-default-executor-0] INFO  client.GrpcClientProtocolClient (GrpcClientProtocolClient.java:onNext(255)) - client-C9E345EC67ED->244f13ac-34be-4c4e-8e45-0c0272edbbb2: receive RaftClientReply:client-C9E345EC67ED->244f13ac-34be-4c4e-8e45-0c0272edbbb2@group-FE77C852EF02, cid=2332, SUCCESS, logIndex=3426, commits[244f13ac-34be-4c4e-8e45-0c0272edbbb2:c3426, 6287e41a-5356-4f55-84f2-270816d53e84:c3424, a2c18d3d-e79d-47c9-88fe-d8a1d195302b:c3424]
2019-08-23 11:31:41,842 | INFO  | DNAudit | user=null | ip=null | op=WRITE_CHUNK {blockData=conID: 3 locID: 102666069725282881 bcsId: 0} | ret=SUCCESS |  
2019-08-23 11:31:41,842 | INFO  | DNAudit | user=null | ip=null | op=PUT_BLOCK {blockData=[blockId=conID: 3 locID: 102666069725282881 bcsId: 0,size=2097152]} | ret=SUCCESS |  
2019-08-23 11:31:41,843 | INFO  | DNAudit | user=null | ip=null | op=PUT_BLOCK {blockData=[blockId=conID: 3 locID: 102666069725282881 bcsId: 0,size=1048576]} | ret=SUCCESS |  
2019-08-23 11:31:41,843 | INFO  | DNAudit | user=null | ip=null | op=WRITE_CHUNK {blockData=conID: 3 locID: 102666069725282881 bcsId: 0} | ret=SUCCESS |  
2019-08-23 11:31:41,843 | INFO  | DNAudit | user=null | ip=null | op=PUT_BLOCK {blockData=[blockId=conID: 3 locID: 102666069725282881 bcsId: 0,size=1048576]} | ret=SUCCESS |  
2019-08-23 11:31:41,843 | INFO  | DNAudit | user=null | ip=null | op=WRITE_CHUNK {blockData=conID: 3 locID: 102666069725282881 bcsId: 0} | ret=SUCCESS |  
2019-08-23 11:31:41,844 | INFO  | DNAudit | user=null | ip=null | op=PUT_BLOCK {blockData=[blockId=conID: 3 locID: 102666069725282881 bcsId: 0,size=2097152]} | ret=SUCCESS |  
2019-08-23 11:31:41,844 [grpc-default-executor-0] INFO  client.GrpcClientProtocolClient (GrpcClientProtocolClient.java:onNext(255)) - client-C9E345EC67ED->244f13ac-34be-4c4e-8e45-0c0272edbbb2: receive RaftClientReply:client-C9E345EC67ED->244f13ac-34be-4c4e-8e45-0c0272edbbb2@group-FE77C852EF02, cid=2333, SUCCESS, logIndex=3427, commits[244f13ac-34be-4c4e-8e45-0c0272edbbb2:c3428, 6287e41a-5356-4f55-84f2-270816d53e84:c3424, a2c18d3d-e79d-47c9-88fe-d8a1d195302b:c3424]
2019-08-23 11:31:41,844 [grpc-default-executor-0] INFO  client.GrpcClientProtocolClient (GrpcClientProtocolClient.java:onNext(255)) - client-C9E345EC67ED->244f13ac-34be-4c4e-8e45-0c0272edbbb2: receive RaftClientReply:client-C9E345EC67ED->244f13ac-34be-4c4e-8e45-0c0272edbbb2@group-FE77C852EF02, cid=2334, SUCCESS, logIndex=3428, commits[244f13ac-34be-4c4e-8e45-0c0272edbbb2:c3428, 6287e41a-5356-4f55-84f2-270816d53e84:c3424, a2c18d3d-e79d-47c9-88fe-d8a1d195302b:c3424]
2019-08-23 11:31:41,845 | INFO  | DNAudit | user=null | ip=null | op=WRITE_CHUNK {blockData=conID: 3 locID: 102666069725282881 bcsId: 0} | ret=SUCCESS |  
2019-08-23 11:31:41,845 | INFO  | DNAudit | user=null | ip=null | op=PUT_BLOCK {blockData=[blockId=conID: 3 locID: 102666069725282881 bcsId: 0,size=2097152]} | ret=SUCCESS |  
2019-08-23 11:31:41,846 [grpc-default-executor-2] INFO  client.GrpcClientProtocolClient (GrpcClientProtocolClient.java:onNext(255)) - client-C9E345EC67ED->244f13ac-34be-4c4e-8e45-0c0272edbbb2: receive RaftClientReply:client-C9E345EC67ED->244f13ac-34be-4c4e-8e45-0c0272edbbb2@group-FE77C852EF02, cid=2335, SUCCESS, logIndex=0, commits[244f13ac-34be-4c4e-8e45-0c0272edbbb2:c3432, 6287e41a-5356-4f55-84f2-270816d53e84:c3428, a2c18d3d-e79d-47c9-88fe-d8a1d195302b:c3428]
2019-08-23 11:31:41,853 | INFO  | DNAudit | user=null | ip=null | op=WRITE_CHUNK {blockData=conID: 3 locID: 102666069725282881 bcsId: 3428} | ret=SUCCESS |  
2019-08-23 11:31:41,855 | INFO  | DNAudit | user=null | ip=null | op=WRITE_CHUNK {blockData=conID: 3 locID: 102666069725282881 bcsId: 3428} | ret=SUCCESS |  
2019-08-23 11:31:41,856 | INFO  | DNAudit | user=null | ip=null | op=WRITE_CHUNK {blockData=conID: 3 locID: 102666069725282881 bcsId: 3428} | ret=SUCCESS |  
2019-08-23 11:31:41,866 | INFO  | DNAudit | user=null | ip=null | op=WRITE_CHUNK {blockData=conID: 3 locID: 102666069725282881 bcsId: 3428} | ret=SUCCESS |  
2019-08-23 11:31:41,867 | INFO  | DNAudit | user=null | ip=null | op=PUT_BLOCK {blockData=[blockId=conID: 3 locID: 102666069725282881 bcsId: 0,size=3145728]} | ret=SUCCESS |  
2019-08-23 11:31:41,867 [grpc-default-executor-4] INFO  client.GrpcClientProtocolClient (GrpcClientProtocolClient.java:onNext(255)) - client-C9E345EC67ED->244f13ac-34be-4c4e-8e45-0c0272edbbb2: receive RaftClientReply:client-C9E345EC67ED->244f13ac-34be-4c4e-8e45-0c0272edbbb2@group-FE77C852EF02, cid=2336, SUCCESS, logIndex=3433, commits[244f13ac-34be-4c4e-8e45-0c0272edbbb2:c3434, 6287e41a-5356-4f55-84f2-270816d53e84:c3432, a2c18d3d-e79d-47c9-88fe-d8a1d195302b:c3432]
2019-08-23 11:31:41,867 [grpc-default-executor-4] INFO  client.GrpcClientProtocolClient (GrpcClientProtocolClient.java:onNext(255)) - client-C9E345EC67ED->244f13ac-34be-4c4e-8e45-0c0272edbbb2: receive RaftClientReply:client-C9E345EC67ED->244f13ac-34be-4c4e-8e45-0c0272edbbb2@group-FE77C852EF02, cid=2337, SUCCESS, logIndex=3434, commits[244f13ac-34be-4c4e-8e45-0c0272edbbb2:c3434, 6287e41a-5356-4f55-84f2-270816d53e84:c3432, a2c18d3d-e79d-47c9-88fe-d8a1d195302b:c3432]
2019-08-23 11:31:41,878 | INFO  | DNAudit | user=null | ip=null | op=WRITE_CHUNK {blockData=conID: 3 locID: 102666069725282881 bcsId: 3434} | ret=SUCCESS |  
2019-08-23 11:31:41,878 | INFO  | DNAudit | user=null | ip=null | op=WRITE_CHUNK {blockData=conID: 3 locID: 102666069725282881 bcsId: 3428} | ret=SUCCESS |  
2019-08-23 11:31:41,878 | INFO  | DNAudit | user=null | ip=null | op=WRITE_CHUNK {blockData=conID: 3 locID: 102666069725282881 bcsId: 3428} | ret=SUCCESS |  
2019-08-23 11:31:41,878 | INFO  | DNAudit | user=null | ip=null | op=PUT_BLOCK {blockData=[blockId=conID: 3 locID: 102666069725282881 bcsId: 0,size=3145728]} | ret=SUCCESS |  
2019-08-23 11:31:41,878 | INFO  | DNAudit | user=null | ip=null | op=PUT_BLOCK {blockData=[blockId=conID: 3 locID: 102666069725282881 bcsId: 0,size=3145728]} | ret=SUCCESS |  
2019-08-23 11:31:41,879 | INFO  | DNAudit | user=null | ip=null | op=WRITE_CHUNK {blockData=conID: 3 locID: 102666069725282881 bcsId: 3434} | ret=SUCCESS |  
2019-08-23 11:31:41,880 | INFO  | DNAudit | user=null | ip=null | op=WRITE_CHUNK {blockData=conID: 3 locID: 102666069725282881 bcsId: 3434} | ret=SUCCESS |  
2019-08-23 11:31:41,891 | INFO  | DNAudit | user=null | ip=null | op=WRITE_CHUNK {blockData=conID: 3 locID: 102666069725282881 bcsId: 3434} | ret=SUCCESS |  
2019-08-23 11:31:41,892 | INFO  | DNAudit | user=null | ip=null | op=PUT_BLOCK {blockData=[blockId=conID: 3 locID: 102666069725282881 bcsId: 0,size=4194304]} | ret=SUCCESS |  
2019-08-23 11:31:41,892 [grpc-default-executor-4] INFO  client.GrpcClientProtocolClient (GrpcClientProtocolClient.java:onNext(255)) - client-C9E345EC67ED->244f13ac-34be-4c4e-8e45-0c0272edbbb2: receive RaftClientReply:client-C9E345EC67ED->244f13ac-34be-4c4e-8e45-0c0272edbbb2@group-FE77C852EF02, cid=2338, SUCCESS, logIndex=3437, commits[244f13ac-34be-4c4e-8e45-0c0272edbbb2:c3438, 6287e41a-5356-4f55-84f2-270816d53e84:c3434, a2c18d3d-e79d-47c9-88fe-d8a1d195302b:c3434]
2019-08-23 11:31:41,892 [grpc-default-executor-4] INFO  client.GrpcClientProtocolClient (GrpcClientProtocolClient.java:onNext(255)) - client-C9E345EC67ED->244f13ac-34be-4c4e-8e45-0c0272edbbb2: receive RaftClientReply:client-C9E345EC67ED->244f13ac-34be-4c4e-8e45-0c0272edbbb2@group-FE77C852EF02, cid=2339, SUCCESS, logIndex=3438, commits[244f13ac-34be-4c4e-8e45-0c0272edbbb2:c3438, 6287e41a-5356-4f55-84f2-270816d53e84:c3434, a2c18d3d-e79d-47c9-88fe-d8a1d195302b:c3434]
2019-08-23 11:31:41,893 | INFO  | DNAudit | user=null | ip=null | op=WRITE_CHUNK {blockData=conID: 3 locID: 102666069725282881 bcsId: 3434} | ret=SUCCESS |  
2019-08-23 11:31:41,893 | INFO  | DNAudit | user=null | ip=null | op=WRITE_CHUNK {blockData=conID: 3 locID: 102666069725282881 bcsId: 3434} | ret=SUCCESS |  
2019-08-23 11:31:41,893 | INFO  | DNAudit | user=null | ip=null | op=PUT_BLOCK {blockData=[blockId=conID: 3 locID: 102666069725282881 bcsId: 0,size=4194304]} | ret=SUCCESS |  
2019-08-23 11:31:41,893 | INFO  | DNAudit | user=null | ip=null | op=PUT_BLOCK {blockData=[blockId=conID: 3 locID: 102666069725282881 bcsId: 0,size=4194304]} | ret=SUCCESS |  
2019-08-23 11:31:41,893 [grpc-default-executor-4] INFO  client.GrpcClientProtocolClient (GrpcClientProtocolClient.java:onNext(255)) - client-C9E345EC67ED->244f13ac-34be-4c4e-8e45-0c0272edbbb2: receive RaftClientReply:client-C9E345EC67ED->244f13ac-34be-4c4e-8e45-0c0272edbbb2@group-FE77C852EF02, cid=2340, SUCCESS, logIndex=0, commits[244f13ac-34be-4c4e-8e45-0c0272edbbb2:c3439, 6287e41a-5356-4f55-84f2-270816d53e84:c3438, a2c18d3d-e79d-47c9-88fe-d8a1d195302b:c3438]
2019-08-23 11:31:41,902 | INFO  | SCMAudit | user=jenkins1000 | ip=192.168.5.185 | op=ALLOCATE_BLOCK {owner=00a23185-76ea-47b5-a641-ad3cfbe5521a, size=4194304, type=RATIS, factor=THREE} | ret=SUCCESS |  
2019-08-23 11:31:41,908 | INFO  | OMAudit | user=jenkins1000 | ip=127.0.0.1 | op=ALLOCATE_BLOCK {volume=vol-0-37508, bucket=bucket-0-50919, key=key-0-57313, dataSize=0, replicationType=null, replicationFactor=null, keyLocationInfo=null, clientID=102666068570931602} | ret=SUCCESS |  
2019-08-23 11:31:41,918 | INFO  | DNAudit | user=null | ip=null | op=WRITE_CHUNK {blockData=conID: 1 locID: 102666069731050050 bcsId: 0} | ret=SUCCESS |  
2019-08-23 11:31:41,923 | INFO  | DNAudit | user=null | ip=null | op=WRITE_CHUNK {blockData=conID: 1 locID: 102666069731050050 bcsId: 0} | ret=SUCCESS |  
2019-08-23 11:31:41,925 | INFO  | DNAudit | user=null | ip=null | op=WRITE_CHUNK {blockData=conID: 1 locID: 102666069731050050 bcsId: 0} | ret=SUCCESS |  
2019-08-23 11:31:41,926 | INFO  | DNAudit | user=null | ip=null | op=WRITE_CHUNK {blockData=conID: 1 locID: 102666069731050050 bcsId: 0} | ret=SUCCESS |  
2019-08-23 11:31:41,929 | INFO  | DNAudit | user=null | ip=null | op=WRITE_CHUNK {blockData=conID: 1 locID: 102666069731050050 bcsId: 0} | ret=SUCCESS |  
2019-08-23 11:31:41,929 | INFO  | DNAudit | user=null | ip=null | op=WRITE_CHUNK {blockData=conID: 1 locID: 102666069731050050 bcsId: 0} | ret=SUCCESS |  
2019-08-23 11:31:41,943 | INFO  | DNAudit | user=null | ip=null | op=WRITE_CHUNK {blockData=conID: 1 locID: 102666069731050050 bcsId: 0} | ret=SUCCESS |  
2019-08-23 11:31:41,943 | INFO  | DNAudit | user=null | ip=null | op=PUT_BLOCK {blockData=[blockId=conID: 1 locID: 102666069731050050 bcsId: 0,size=1048576]} | ret=SUCCESS |  
2019-08-23 11:31:41,944 [grpc-default-executor-2] INFO  client.GrpcClientProtocolClient (GrpcClientProtocolClient.java:onNext(255)) - client-C9E345EC67ED->244f13ac-34be-4c4e-8e45-0c0272edbbb2: receive RaftClientReply:client-C9E345EC67ED->244f13ac-34be-4c4e-8e45-0c0272edbbb2@group-FE77C852EF02, cid=2341, SUCCESS, logIndex=3441, commits[244f13ac-34be-4c4e-8e45-0c0272edbbb2:c3442, 6287e41a-5356-4f55-84f2-270816d53e84:c3440, a2c18d3d-e79d-47c9-88fe-d8a1d195302b:c3440]
2019-08-23 11:31:41,945 [grpc-default-executor-2] INFO  client.GrpcClientProtocolClient (GrpcClientProtocolClient.java:onNext(255)) - client-C9E345EC67ED->244f13ac-34be-4c4e-8e45-0c0272edbbb2: receive RaftClientReply:client-C9E345EC67ED->244f13ac-34be-4c4e-8e45-0c0272edbbb2@group-FE77C852EF02, cid=2342, SUCCESS, logIndex=3442, commits[244f13ac-34be-4c4e-8e45-0c0272edbbb2:c3442, 6287e41a-5356-4f55-84f2-270816d53e84:c3440, a2c18d3d-e79d-47c9-88fe-d8a1d195302b:c3440]
2019-08-23 11:31:41,945 | INFO  | DNAudit | user=null | ip=null | op=WRITE_CHUNK {blockData=conID: 1 locID: 102666069731050050 bcsId: 0} | ret=SUCCESS |  
2019-08-23 11:31:41,945 | INFO  | DNAudit | user=null | ip=null | op=WRITE_CHUNK {blockData=conID: 1 locID: 102666069731050050 bcsId: 0} | ret=SUCCESS |  
2019-08-23 11:31:41,945 | INFO  | DNAudit | user=null | ip=null | op=PUT_BLOCK {blockData=[blockId=conID: 1 locID: 102666069731050050 bcsId: 0,size=2097152]} | ret=SUCCESS |  
2019-08-23 11:31:41,946 | INFO  | DNAudit | user=null | ip=null | op=PUT_BLOCK {blockData=[blockId=conID: 1 locID: 102666069731050050 bcsId: 0,size=1048576]} | ret=SUCCESS |  
2019-08-23 11:31:41,946 [grpc-default-executor-0] INFO  client.GrpcClientProtocolClient (GrpcClientProtocolClient.java:onNext(255)) - client-C9E345EC67ED->244f13ac-34be-4c4e-8e45-0c0272edbbb2: receive RaftClientReply:client-C9E345EC67ED->244f13ac-34be-4c4e-8e45-0c0272edbbb2@group-FE77C852EF02, cid=2343, SUCCESS, logIndex=3443, commits[244f13ac-34be-4c4e-8e45-0c0272edbbb2:c3444, 6287e41a-5356-4f55-84f2-270816d53e84:c3440, a2c18d3d-e79d-47c9-88fe-d8a1d195302b:c3440]
2019-08-23 11:31:41,946 | INFO  | DNAudit | user=null | ip=null | op=WRITE_CHUNK {blockData=conID: 1 locID: 102666069731050050 bcsId: 0} | ret=SUCCESS |  
2019-08-23 11:31:41,946 [grpc-default-executor-0] INFO  client.GrpcClientProtocolClient (GrpcClientProtocolClient.java:onNext(255)) - client-C9E345EC67ED->244f13ac-34be-4c4e-8e45-0c0272edbbb2: receive RaftClientReply:client-C9E345EC67ED->244f13ac-34be-4c4e-8e45-0c0272edbbb2@group-FE77C852EF02, cid=2344, SUCCESS, logIndex=3444, commits[244f13ac-34be-4c4e-8e45-0c0272edbbb2:c3445, 6287e41a-5356-4f55-84f2-270816d53e84:c3440, a2c18d3d-e79d-47c9-88fe-d8a1d195302b:c3441]
2019-08-23 11:31:41,946 | INFO  | DNAudit | user=null | ip=null | op=PUT_BLOCK {blockData=[blockId=conID: 1 locID: 102666069731050050 bcsId: 0,size=1048576]} | ret=SUCCESS |  
2019-08-23 11:31:41,946 | INFO  | DNAudit | user=null | ip=null | op=WRITE_CHUNK {blockData=conID: 1 locID: 102666069731050050 bcsId: 0} | ret=SUCCESS |  
2019-08-23 11:31:41,947 | INFO  | DNAudit | user=null | ip=null | op=PUT_BLOCK {blockData=[blockId=conID: 1 locID: 102666069731050050 bcsId: 0,size=2097152]} | ret=SUCCESS |  
2019-08-23 11:31:41,947 [grpc-default-executor-2] INFO  client.GrpcClientProtocolClient (GrpcClientProtocolClient.java:onNext(255)) - client-C9E345EC67ED->244f13ac-34be-4c4e-8e45-0c0272edbbb2: receive RaftClientReply:client-C9E345EC67ED->244f13ac-34be-4c4e-8e45-0c0272edbbb2@group-FE77C852EF02, cid=2345, SUCCESS, logIndex=0, commits[244f13ac-34be-4c4e-8e45-0c0272edbbb2:c3446, 6287e41a-5356-4f55-84f2-270816d53e84:c3442, a2c18d3d-e79d-47c9-88fe-d8a1d195302b:c3442]
2019-08-23 11:31:41,947 | INFO  | DNAudit | user=null | ip=null | op=WRITE_CHUNK {blockData=conID: 1 locID: 102666069731050050 bcsId: 0} | ret=SUCCESS |  
2019-08-23 11:31:41,948 | INFO  | DNAudit | user=null | ip=null | op=PUT_BLOCK {blockData=[blockId=conID: 1 locID: 102666069731050050 bcsId: 0,size=2097152]} | ret=SUCCESS |  
2019-08-23 11:31:41,955 | INFO  | DNAudit | user=null | ip=null | op=WRITE_CHUNK {blockData=conID: 1 locID: 102666069731050050 bcsId: 3444} | ret=SUCCESS |  
2019-08-23 11:31:41,958 | INFO  | DNAudit | user=null | ip=null | op=WRITE_CHUNK {blockData=conID: 1 locID: 102666069731050050 bcsId: 3444} | ret=SUCCESS |  
2019-08-23 11:31:41,958 | INFO  | DNAudit | user=null | ip=null | op=WRITE_CHUNK {blockData=conID: 1 locID: 102666069731050050 bcsId: 3444} | ret=SUCCESS |  
2019-08-23 11:31:41,966 | INFO  | DNAudit | user=null | ip=null | op=WRITE_CHUNK {blockData=conID: 1 locID: 102666069731050050 bcsId: 3444} | ret=SUCCESS |  
2019-08-23 11:31:41,967 | INFO  | DNAudit | user=null | ip=null | op=PUT_BLOCK {blockData=[blockId=conID: 1 locID: 102666069731050050 bcsId: 0,size=3145728]} | ret=SUCCESS |  
2019-08-23 11:31:41,967 [grpc-default-executor-0] INFO  client.GrpcClientProtocolClient (GrpcClientProtocolClient.java:onNext(255)) - client-C9E345EC67ED->244f13ac-34be-4c4e-8e45-0c0272edbbb2: receive RaftClientReply:client-C9E345EC67ED->244f13ac-34be-4c4e-8e45-0c0272edbbb2@group-FE77C852EF02, cid=2346, SUCCESS, logIndex=3449, commits[244f13ac-34be-4c4e-8e45-0c0272edbbb2:c3450, 6287e41a-5356-4f55-84f2-270816d53e84:c3448, a2c18d3d-e79d-47c9-88fe-d8a1d195302b:c3448]
2019-08-23 11:31:41,968 [grpc-default-executor-0] INFO  client.GrpcClientProtocolClient (GrpcClientProtocolClient.java:onNext(255)) - client-C9E345EC67ED->244f13ac-34be-4c4e-8e45-0c0272edbbb2: receive RaftClientReply:client-C9E345EC67ED->244f13ac-34be-4c4e-8e45-0c0272edbbb2@group-FE77C852EF02, cid=2347, SUCCESS, logIndex=3450, commits[244f13ac-34be-4c4e-8e45-0c0272edbbb2:c3450, 6287e41a-5356-4f55-84f2-270816d53e84:c3448, a2c18d3d-e79d-47c9-88fe-d8a1d195302b:c3448]
2019-08-23 11:31:41,976 | INFO  | DNAudit | user=null | ip=null | op=WRITE_CHUNK {blockData=conID: 1 locID: 102666069731050050 bcsId: 3450} | ret=SUCCESS |  
2019-08-23 11:31:41,979 | INFO  | DNAudit | user=null | ip=null | op=WRITE_CHUNK {blockData=conID: 1 locID: 102666069731050050 bcsId: 3450} | ret=SUCCESS |  
2019-08-23 11:31:41,979 | INFO  | DNAudit | user=null | ip=null | op=WRITE_CHUNK {blockData=conID: 1 locID: 102666069731050050 bcsId: 3450} | ret=SUCCESS |  
2019-08-23 11:31:41,988 | INFO  | DNAudit | user=null | ip=null | op=WRITE_CHUNK {blockData=conID: 1 locID: 102666069731050050 bcsId: 3444} | ret=SUCCESS |  
2019-08-23 11:31:41,988 | INFO  | DNAudit | user=null | ip=null | op=WRITE_CHUNK {blockData=conID: 1 locID: 102666069731050050 bcsId: 3444} | ret=SUCCESS |  
2019-08-23 11:31:41,988 | INFO  | DNAudit | user=null | ip=null | op=PUT_BLOCK {blockData=[blockId=conID: 1 locID: 102666069731050050 bcsId: 0,size=3145728]} | ret=SUCCESS |  
2019-08-23 11:31:41,988 | INFO  | DNAudit | user=null | ip=null | op=PUT_BLOCK {blockData=[blockId=conID: 1 locID: 102666069731050050 bcsId: 0,size=3145728]} | ret=SUCCESS |  
2019-08-23 11:31:41,989 | INFO  | DNAudit | user=null | ip=null | op=WRITE_CHUNK {blockData=conID: 1 locID: 102666069731050050 bcsId: 3450} | ret=SUCCESS |  
2019-08-23 11:31:41,989 | INFO  | DNAudit | user=null | ip=null | op=PUT_BLOCK {blockData=[blockId=conID: 1 locID: 102666069731050050 bcsId: 0,size=4194304]} | ret=SUCCESS |  
2019-08-23 11:31:41,990 [grpc-default-executor-4] INFO  client.GrpcClientProtocolClient (GrpcClientProtocolClient.java:onNext(255)) - client-C9E345EC67ED->244f13ac-34be-4c4e-8e45-0c0272edbbb2: receive RaftClientReply:client-C9E345EC67ED->244f13ac-34be-4c4e-8e45-0c0272edbbb2@group-FE77C852EF02, cid=2348, SUCCESS, logIndex=3453, commits[244f13ac-34be-4c4e-8e45-0c0272edbbb2:c3453, 6287e41a-5356-4f55-84f2-270816d53e84:c3450, a2c18d3d-e79d-47c9-88fe-d8a1d195302b:c3450]
2019-08-23 11:31:41,990 [grpc-default-executor-4] INFO  client.GrpcClientProtocolClient (GrpcClientProtocolClient.java:onNext(255)) - client-C9E345EC67ED->244f13ac-34be-4c4e-8e45-0c0272edbbb2: receive RaftClientReply:client-C9E345EC67ED->244f13ac-34be-4c4e-8e45-0c0272edbbb2@group-FE77C852EF02, cid=2349, SUCCESS, logIndex=3454, commits[244f13ac-34be-4c4e-8e45-0c0272edbbb2:c3454, 6287e41a-5356-4f55-84f2-270816d53e84:c3450, a2c18d3d-e79d-47c9-88fe-d8a1d195302b:c3450]
2019-08-23 11:31:42,000 | INFO  | DNAudit | user=null | ip=null | op=WRITE_CHUNK {blockData=conID: 1 locID: 102666069731050050 bcsId: 3450} | ret=SUCCESS |  
2019-08-23 11:31:42,001 | INFO  | DNAudit | user=null | ip=null | op=WRITE_CHUNK {blockData=conID: 1 locID: 102666069731050050 bcsId: 3450} | ret=SUCCESS |  
2019-08-23 11:31:42,002 | INFO  | DNAudit | user=null | ip=null | op=PUT_BLOCK {blockData=[blockId=conID: 1 locID: 102666069731050050 bcsId: 0,size=4194304]} | ret=SUCCESS |  
2019-08-23 11:31:42,002 | INFO  | DNAudit | user=null | ip=null | op=PUT_BLOCK {blockData=[blockId=conID: 1 locID: 102666069731050050 bcsId: 0,size=4194304]} | ret=SUCCESS |  
2019-08-23 11:31:42,003 [grpc-default-executor-4] INFO  client.GrpcClientProtocolClient (GrpcClientProtocolClient.java:onNext(255)) - client-C9E345EC67ED->244f13ac-34be-4c4e-8e45-0c0272edbbb2: receive RaftClientReply:client-C9E345EC67ED->244f13ac-34be-4c4e-8e45-0c0272edbbb2@group-FE77C852EF02, cid=2350, SUCCESS, logIndex=0, commits[244f13ac-34be-4c4e-8e45-0c0272edbbb2:c3456, 6287e41a-5356-4f55-84f2-270816d53e84:c3454, a2c18d3d-e79d-47c9-88fe-d8a1d195302b:c3454]
2019-08-23 11:31:42,009 | INFO  | SCMAudit | user=jenkins1000 | ip=192.168.5.185 | op=ALLOCATE_BLOCK {owner=00a23185-76ea-47b5-a641-ad3cfbe5521a, size=4194304, type=RATIS, factor=THREE} | ret=SUCCESS |  
2019-08-23 11:31:42,013 | INFO  | OMAudit | user=jenkins1000 | ip=127.0.0.1 | op=ALLOCATE_BLOCK {volume=vol-0-37508, bucket=bucket-0-50919, key=key-0-57313, dataSize=0, replicationType=null, replicationFactor=null, keyLocationInfo=null, clientID=102666068570931602} | ret=SUCCESS |  
2019-08-23 11:31:42,022 | INFO  | DNAudit | user=null | ip=null | op=WRITE_CHUNK {blockData=conID: 2 locID: 102666069738062403 bcsId: 0} | ret=SUCCESS |  
2019-08-23 11:31:42,023 | INFO  | DNAudit | user=null | ip=null | op=WRITE_CHUNK {blockData=conID: 2 locID: 102666069738062403 bcsId: 0} | ret=SUCCESS |  
2019-08-23 11:31:42,027 | INFO  | DNAudit | user=null | ip=null | op=WRITE_CHUNK {blockData=conID: 2 locID: 102666069738062403 bcsId: 0} | ret=SUCCESS |  
2019-08-23 11:31:42,028 | INFO  | DNAudit | user=null | ip=null | op=WRITE_CHUNK {blockData=conID: 2 locID: 102666069738062403 bcsId: 0} | ret=SUCCESS |  
2019-08-23 11:31:42,030 | INFO  | DNAudit | user=null | ip=null | op=WRITE_CHUNK {blockData=conID: 2 locID: 102666069738062403 bcsId: 0} | ret=SUCCESS |  
2019-08-23 11:31:42,030 | INFO  | DNAudit | user=null | ip=null | op=WRITE_CHUNK {blockData=conID: 2 locID: 102666069738062403 bcsId: 0} | ret=SUCCESS |  
2019-08-23 11:31:42,036 | INFO  | DNAudit | user=null | ip=null | op=WRITE_CHUNK {blockData=conID: 2 locID: 102666069738062403 bcsId: 0} | ret=SUCCESS |  
2019-08-23 11:31:42,037 | INFO  | DNAudit | user=null | ip=null | op=PUT_BLOCK {blockData=[blockId=conID: 2 locID: 102666069738062403 bcsId: 0,size=1048576]} | ret=SUCCESS |  
2019-08-23 11:31:42,037 | INFO  | DNAudit | user=null | ip=null | op=WRITE_CHUNK {blockData=conID: 2 locID: 102666069738062403 bcsId: 0} | ret=SUCCESS |  
2019-08-23 11:31:42,038 | INFO  | DNAudit | user=null | ip=null | op=PUT_BLOCK {blockData=[blockId=conID: 2 locID: 102666069738062403 bcsId: 0,size=2097152]} | ret=SUCCESS |  
2019-08-23 11:31:42,038 [grpc-default-executor-2] INFO  client.GrpcClientProtocolClient (GrpcClientProtocolClient.java:onNext(255)) - client-C9E345EC67ED->244f13ac-34be-4c4e-8e45-0c0272edbbb2: receive RaftClientReply:client-C9E345EC67ED->244f13ac-34be-4c4e-8e45-0c0272edbbb2@group-FE77C852EF02, cid=2351, SUCCESS, logIndex=3457, commits[244f13ac-34be-4c4e-8e45-0c0272edbbb2:c3458, 6287e41a-5356-4f55-84f2-270816d53e84:c3456, a2c18d3d-e79d-47c9-88fe-d8a1d195302b:c3456]
2019-08-23 11:31:42,039 [grpc-default-executor-2] INFO  client.GrpcClientProtocolClient (GrpcClientProtocolClient.java:onNext(255)) - client-C9E345EC67ED->244f13ac-34be-4c4e-8e45-0c0272edbbb2: receive RaftClientReply:client-C9E345EC67ED->244f13ac-34be-4c4e-8e45-0c0272edbbb2@group-FE77C852EF02, cid=2352, SUCCESS, logIndex=3458, commits[244f13ac-34be-4c4e-8e45-0c0272edbbb2:c3460, 6287e41a-5356-4f55-84f2-270816d53e84:c3456, a2c18d3d-e79d-47c9-88fe-d8a1d195302b:c3456]
2019-08-23 11:31:42,039 | INFO  | DNAudit | user=null | ip=null | op=WRITE_CHUNK {blockData=conID: 2 locID: 102666069738062403 bcsId: 0} | ret=SUCCESS |  
2019-08-23 11:31:42,039 [grpc-default-executor-2] INFO  client.GrpcClientProtocolClient (GrpcClientProtocolClient.java:onNext(255)) - client-C9E345EC67ED->244f13ac-34be-4c4e-8e45-0c0272edbbb2: receive RaftClientReply:client-C9E345EC67ED->244f13ac-34be-4c4e-8e45-0c0272edbbb2@group-FE77C852EF02, cid=2353, SUCCESS, logIndex=3459, commits[244f13ac-34be-4c4e-8e45-0c0272edbbb2:c3460, 6287e41a-5356-4f55-84f2-270816d53e84:c3456, a2c18d3d-e79d-47c9-88fe-d8a1d195302b:c3456]
2019-08-23 11:31:42,039 | INFO  | DNAudit | user=null | ip=null | op=WRITE_CHUNK {blockData=conID: 2 locID: 102666069738062403 bcsId: 0} | ret=SUCCESS |  
2019-08-23 11:31:42,039 | INFO  | DNAudit | user=null | ip=null | op=PUT_BLOCK {blockData=[blockId=conID: 2 locID: 102666069738062403 bcsId: 0,size=1048576]} | ret=SUCCESS |  
2019-08-23 11:31:42,039 [grpc-default-executor-2] INFO  client.GrpcClientProtocolClient (GrpcClientProtocolClient.java:onNext(255)) - client-C9E345EC67ED->244f13ac-34be-4c4e-8e45-0c0272edbbb2: receive RaftClientReply:client-C9E345EC67ED->244f13ac-34be-4c4e-8e45-0c0272edbbb2@group-FE77C852EF02, cid=2354, SUCCESS, logIndex=3460, commits[244f13ac-34be-4c4e-8e45-0c0272edbbb2:c3460, 6287e41a-5356-4f55-84f2-270816d53e84:c3456, a2c18d3d-e79d-47c9-88fe-d8a1d195302b:c3456]
2019-08-23 11:31:42,040 | INFO  | DNAudit | user=null | ip=null | op=PUT_BLOCK {blockData=[blockId=conID: 2 locID: 102666069738062403 bcsId: 0,size=1048576]} | ret=SUCCESS |  
2019-08-23 11:31:42,041 [grpc-default-executor-2] INFO  client.GrpcClientProtocolClient (GrpcClientProtocolClient.java:onNext(255)) - client-C9E345EC67ED->244f13ac-34be-4c4e-8e45-0c0272edbbb2: receive RaftClientReply:client-C9E345EC67ED->244f13ac-34be-4c4e-8e45-0c0272edbbb2@group-FE77C852EF02, cid=2355, SUCCESS, logIndex=0, commits[244f13ac-34be-4c4e-8e45-0c0272edbbb2:c3461, 6287e41a-5356-4f55-84f2-270816d53e84:c3458, a2c18d3d-e79d-47c9-88fe-d8a1d195302b:c3458]
2019-08-23 11:31:42,049 | INFO  | DNAudit | user=null | ip=null | op=WRITE_CHUNK {blockData=conID: 2 locID: 102666069738062403 bcsId: 3460} | ret=SUCCESS |  
2019-08-23 11:31:42,051 | INFO  | DNAudit | user=null | ip=null | op=WRITE_CHUNK {blockData=conID: 2 locID: 102666069738062403 bcsId: 0} | ret=SUCCESS |  
2019-08-23 11:31:42,051 | INFO  | DNAudit | user=null | ip=null | op=WRITE_CHUNK {blockData=conID: 2 locID: 102666069738062403 bcsId: 0} | ret=SUCCESS |  
2019-08-23 11:31:42,051 | INFO  | DNAudit | user=null | ip=null | op=PUT_BLOCK {blockData=[blockId=conID: 2 locID: 102666069738062403 bcsId: 0,size=2097152]} | ret=SUCCESS |  
2019-08-23 11:31:42,051 | INFO  | DNAudit | user=null | ip=null | op=PUT_BLOCK {blockData=[blockId=conID: 2 locID: 102666069738062403 bcsId: 0,size=2097152]} | ret=SUCCESS |  
2019-08-23 11:31:42,051 | INFO  | DNAudit | user=null | ip=null | op=WRITE_CHUNK {blockData=conID: 2 locID: 102666069738062403 bcsId: 3460} | ret=SUCCESS |  
2019-08-23 11:31:42,052 | INFO  | DNAudit | user=null | ip=null | op=WRITE_CHUNK {blockData=conID: 2 locID: 102666069738062403 bcsId: 3460} | ret=SUCCESS |  
2019-08-23 11:31:42,063 | INFO  | DNAudit | user=null | ip=null | op=WRITE_CHUNK {blockData=conID: 2 locID: 102666069738062403 bcsId: 3460} | ret=SUCCESS |  
2019-08-23 11:31:42,064 | INFO  | DNAudit | user=null | ip=null | op=PUT_BLOCK {blockData=[blockId=conID: 2 locID: 102666069738062403 bcsId: 0,size=3145728]} | ret=SUCCESS |  
2019-08-23 11:31:42,064 [grpc-default-executor-2] INFO  client.GrpcClientProtocolClient (GrpcClientProtocolClient.java:onNext(255)) - client-C9E345EC67ED->244f13ac-34be-4c4e-8e45-0c0272edbbb2: receive RaftClientReply:client-C9E345EC67ED->244f13ac-34be-4c4e-8e45-0c0272edbbb2@group-FE77C852EF02, cid=2356, SUCCESS, logIndex=3464, commits[244f13ac-34be-4c4e-8e45-0c0272edbbb2:c3465, 6287e41a-5356-4f55-84f2-270816d53e84:c3461, a2c18d3d-e79d-47c9-88fe-d8a1d195302b:c3460]
2019-08-23 11:31:42,065 | INFO  | DNAudit | user=null | ip=null | op=WRITE_CHUNK {blockData=conID: 2 locID: 102666069738062403 bcsId: 3460} | ret=SUCCESS |  
2019-08-23 11:31:42,065 [grpc-default-executor-2] INFO  client.GrpcClientProtocolClient (GrpcClientProtocolClient.java:onNext(255)) - client-C9E345EC67ED->244f13ac-34be-4c4e-8e45-0c0272edbbb2: receive RaftClientReply:client-C9E345EC67ED->244f13ac-34be-4c4e-8e45-0c0272edbbb2@group-FE77C852EF02, cid=2357, SUCCESS, logIndex=3465, commits[244f13ac-34be-4c4e-8e45-0c0272edbbb2:c3465, 6287e41a-5356-4f55-84f2-270816d53e84:c3461, a2c18d3d-e79d-47c9-88fe-d8a1d195302b:c3461]
2019-08-23 11:31:42,065 | INFO  | DNAudit | user=null | ip=null | op=WRITE_CHUNK {blockData=conID: 2 locID: 102666069738062403 bcsId: 3460} | ret=SUCCESS |  
2019-08-23 11:31:42,065 | INFO  | DNAudit | user=null | ip=null | op=PUT_BLOCK {blockData=[blockId=conID: 2 locID: 102666069738062403 bcsId: 0,size=3145728]} | ret=SUCCESS |  
2019-08-23 11:31:42,065 | INFO  | DNAudit | user=null | ip=null | op=PUT_BLOCK {blockData=[blockId=conID: 2 locID: 102666069738062403 bcsId: 0,size=3145728]} | ret=SUCCESS |  
2019-08-23 11:31:42,072 | INFO  | DNAudit | user=null | ip=null | op=WRITE_CHUNK {blockData=conID: 2 locID: 102666069738062403 bcsId: 3465} | ret=SUCCESS |  
2019-08-23 11:31:42,074 | INFO  | DNAudit | user=null | ip=null | op=WRITE_CHUNK {blockData=conID: 2 locID: 102666069738062403 bcsId: 3465} | ret=SUCCESS |  
2019-08-23 11:31:42,074 | INFO  | DNAudit | user=null | ip=null | op=WRITE_CHUNK {blockData=conID: 2 locID: 102666069738062403 bcsId: 3465} | ret=SUCCESS |  
2019-08-23 11:31:42,085 | INFO  | DNAudit | user=null | ip=null | op=WRITE_CHUNK {blockData=conID: 2 locID: 102666069738062403 bcsId: 3465} | ret=SUCCESS |  
2019-08-23 11:31:42,085 | INFO  | DNAudit | user=null | ip=null | op=PUT_BLOCK {blockData=[blockId=conID: 2 locID: 102666069738062403 bcsId: 0,size=4194304]} | ret=SUCCESS |  
2019-08-23 11:31:42,085 | INFO  | SCMAudit | user=jenkins1000 | ip=192.168.5.185 | op=SEND_HEARTBEAT {datanodeUUID=b2c34899-c5c3-4720-9d95-984efeabf4a7, command=[]} | ret=SUCCESS |  
2019-08-23 11:31:42,085 | INFO  | SCMAudit | user=jenkins1000 | ip=192.168.5.185 | op=SEND_HEARTBEAT {datanodeUUID=6287e41a-5356-4f55-84f2-270816d53e84, command=[]} | ret=SUCCESS |  
2019-08-23 11:31:42,085 | INFO  | SCMAudit | user=jenkins1000 | ip=192.168.5.185 | op=SEND_HEARTBEAT {datanodeUUID=244f13ac-34be-4c4e-8e45-0c0272edbbb2, command=[]} | ret=SUCCESS |  
2019-08-23 11:31:42,085 [grpc-default-executor-2] INFO  client.GrpcClientProtocolClient (GrpcClientProtocolClient.java:onNext(255)) - client-C9E345EC67ED->244f13ac-34be-4c4e-8e45-0c0272edbbb2: receive RaftClientReply:client-C9E345EC67ED->244f13ac-34be-4c4e-8e45-0c0272edbbb2@group-FE77C852EF02, cid=2358, SUCCESS, logIndex=3468, commits[244f13ac-34be-4c4e-8e45-0c0272edbbb2:c3469, 6287e41a-5356-4f55-84f2-270816d53e84:c3467, a2c18d3d-e79d-47c9-88fe-d8a1d195302b:c3467]
 0.00% |█                                                                                                    |  0/1 Time: 0:00:172019-08-23 11:31:42,086 | INFO  | SCMAudit | user=jenkins1000 | ip=192.168.5.185 | op=SEND_HEARTBEAT {datanodeUUID=a2c18d3d-e79d-47c9-88fe-d8a1d195302b, command=[]} | ret=SUCCESS |  
2019-08-23 11:31:42,086 | INFO  | SCMAudit | user=jenkins1000 | ip=192.168.5.185 | op=SEND_HEARTBEAT {datanodeUUID=0d166765-8492-4439-8677-f737a7bc54ca, command=[]} | ret=SUCCESS |  
2019-08-23 11:31:42,086 [grpc-default-executor-2] INFO  client.GrpcClientProtocolClient (GrpcClientProtocolClient.java:onNext(255)) - client-C9E345EC67ED->244f13ac-34be-4c4e-8e45-0c0272edbbb2: receive RaftClientReply:client-C9E345EC67ED->244f13ac-34be-4c4e-8e45-0c0272edbbb2@group-FE77C852EF02, cid=2359, SUCCESS, logIndex=3469, commits[244f13ac-34be-4c4e-8e45-0c0272edbbb2:c3469, 6287e41a-5356-4f55-84f2-270816d53e84:c3467, a2c18d3d-e79d-47c9-88fe-d8a1d195302b:c3467]
2019-08-23 11:31:42,096 | INFO  | DNAudit | user=null | ip=null | op=WRITE_CHUNK {blockData=conID: 2 locID: 102666069738062403 bcsId: 3465} | ret=SUCCESS |  
2019-08-23 11:31:42,096 | INFO  | DNAudit | user=null | ip=null | op=WRITE_CHUNK {blockData=conID: 2 locID: 102666069738062403 bcsId: 3465} | ret=SUCCESS |  
2019-08-23 11:31:42,096 | INFO  | DNAudit | user=null | ip=null | op=PUT_BLOCK {blockData=[blockId=conID: 2 locID: 102666069738062403 bcsId: 0,size=4194304]} | ret=SUCCESS |  
2019-08-23 11:31:42,096 | INFO  | DNAudit | user=null | ip=null | op=PUT_BLOCK {blockData=[blockId=conID: 2 locID: 102666069738062403 bcsId: 0,size=4194304]} | ret=SUCCESS |  
2019-08-23 11:31:42,097 [grpc-default-executor-2] INFO  client.GrpcClientProtocolClient (GrpcClientProtocolClient.java:onNext(255)) - client-C9E345EC67ED->244f13ac-34be-4c4e-8e45-0c0272edbbb2: receive RaftClientReply:client-C9E345EC67ED->244f13ac-34be-4c4e-8e45-0c0272edbbb2@group-FE77C852EF02, cid=2360, SUCCESS, logIndex=0, commits[244f13ac-34be-4c4e-8e45-0c0272edbbb2:c3470, 6287e41a-5356-4f55-84f2-270816d53e84:c3469, a2c18d3d-e79d-47c9-88fe-d8a1d195302b:c3469]
2019-08-23 11:31:42,103 | INFO  | SCMAudit | user=jenkins1000 | ip=192.168.5.185 | op=ALLOCATE_BLOCK {owner=00a23185-76ea-47b5-a641-ad3cfbe5521a, size=4194304, type=RATIS, factor=THREE} | ret=SUCCESS |  
2019-08-23 11:31:42,106 | INFO  | OMAudit | user=jenkins1000 | ip=127.0.0.1 | op=ALLOCATE_BLOCK {volume=vol-0-37508, bucket=bucket-0-50919, key=key-0-57313, dataSize=0, replicationType=null, replicationFactor=null, keyLocationInfo=null, clientID=102666068570931602} | ret=SUCCESS |  
2019-08-23 11:31:42,114 | INFO  | DNAudit | user=null | ip=null | op=WRITE_CHUNK {blockData=conID: 3 locID: 102666069744157252 bcsId: 0} | ret=SUCCESS |  
2019-08-23 11:31:42,118 | INFO  | DNAudit | user=null | ip=null | op=WRITE_CHUNK {blockData=conID: 3 locID: 102666069744157252 bcsId: 0} | ret=SUCCESS |  
2019-08-23 11:31:42,118 | INFO  | DNAudit | user=null | ip=null | op=WRITE_CHUNK {blockData=conID: 3 locID: 102666069744157252 bcsId: 0} | ret=SUCCESS |  
2019-08-23 11:31:42,120 | INFO  | DNAudit | user=null | ip=null | op=WRITE_CHUNK {blockData=conID: 3 locID: 102666069744157252 bcsId: 0} | ret=SUCCESS |  
2019-08-23 11:31:42,120 | INFO  | DNAudit | user=null | ip=null | op=WRITE_CHUNK {blockData=conID: 3 locID: 102666069744157252 bcsId: 0} | ret=SUCCESS |  
2019-08-23 11:31:42,123 | INFO  | DNAudit | user=null | ip=null | op=WRITE_CHUNK {blockData=conID: 3 locID: 102666069744157252 bcsId: 0} | ret=SUCCESS |  
2019-08-23 11:31:42,127 | INFO  | DNAudit | user=null | ip=null | op=WRITE_CHUNK {blockData=conID: 3 locID: 102666069744157252 bcsId: 0} | ret=SUCCESS |  
2019-08-23 11:31:42,128 | INFO  | DNAudit | user=null | ip=null | op=PUT_BLOCK {blockData=[blockId=conID: 3 locID: 102666069744157252 bcsId: 0,size=1048576]} | ret=SUCCESS |  
2019-08-23 11:31:42,128 | INFO  | DNAudit | user=null | ip=null | op=WRITE_CHUNK {blockData=conID: 3 locID: 102666069744157252 bcsId: 0} | ret=SUCCESS |  
2019-08-23 11:31:42,128 [grpc-default-executor-0] INFO  client.GrpcClientProtocolClient (GrpcClientProtocolClient.java:onNext(255)) - client-C9E345EC67ED->244f13ac-34be-4c4e-8e45-0c0272edbbb2: receive RaftClientReply:client-C9E345EC67ED->244f13ac-34be-4c4e-8e45-0c0272edbbb2@group-FE77C852EF02, cid=2361, SUCCESS, logIndex=3472, commits[244f13ac-34be-4c4e-8e45-0c0272edbbb2:c3475, 6287e41a-5356-4f55-84f2-270816d53e84:c3471, a2c18d3d-e79d-47c9-88fe-d8a1d195302b:c3471]
2019-08-23 11:31:42,128 | INFO  | DNAudit | user=null | ip=null | op=PUT_BLOCK {blockData=[blockId=conID: 3 locID: 102666069744157252 bcsId: 0,size=2097152]} | ret=SUCCESS |  
2019-08-23 11:31:42,129 | INFO  | DNAudit | user=null | ip=null | op=WRITE_CHUNK {blockData=conID: 3 locID: 102666069744157252 bcsId: 0} | ret=SUCCESS |  
2019-08-23 11:31:42,129 [grpc-default-executor-0] INFO  client.GrpcClientProtocolClient (GrpcClientProtocolClient.java:onNext(255)) - client-C9E345EC67ED->244f13ac-34be-4c4e-8e45-0c0272edbbb2: receive RaftClientReply:client-C9E345EC67ED->244f13ac-34be-4c4e-8e45-0c0272edbbb2@group-FE77C852EF02, cid=2362, SUCCESS, logIndex=3473, commits[244f13ac-34be-4c4e-8e45-0c0272edbbb2:c3475, 6287e41a-5356-4f55-84f2-270816d53e84:c3471, a2c18d3d-e79d-47c9-88fe-d8a1d195302b:c3471]
2019-08-23 11:31:42,129 | INFO  | DNAudit | user=null | ip=null | op=WRITE_CHUNK {blockData=conID: 3 locID: 102666069744157252 bcsId: 0} | ret=SUCCESS |  
2019-08-23 11:31:42,129 | INFO  | DNAudit | user=null | ip=null | op=PUT_BLOCK {blockData=[blockId=conID: 3 locID: 102666069744157252 bcsId: 0,size=1048576]} | ret=SUCCESS |  
2019-08-23 11:31:42,130 [grpc-default-executor-0] INFO  client.GrpcClientProtocolClient (GrpcClientProtocolClient.java:onNext(255)) - client-C9E345EC67ED->244f13ac-34be-4c4e-8e45-0c0272edbbb2: receive RaftClientReply:client-C9E345EC67ED->244f13ac-34be-4c4e-8e45-0c0272edbbb2@group-FE77C852EF02, cid=2363, SUCCESS, logIndex=3474, commits[244f13ac-34be-4c4e-8e45-0c0272edbbb2:c3475, 6287e41a-5356-4f55-84f2-270816d53e84:c3471, a2c18d3d-e79d-47c9-88fe-d8a1d195302b:c3471]
2019-08-23 11:31:42,130 [grpc-default-executor-0] INFO  client.GrpcClientProtocolClient (GrpcClientProtocolClient.java:onNext(255)) - client-C9E345EC67ED->244f13ac-34be-4c4e-8e45-0c0272edbbb2: receive RaftClientReply:client-C9E345EC67ED->244f13ac-34be-4c4e-8e45-0c0272edbbb2@group-FE77C852EF02, cid=2364, SUCCESS, logIndex=3475, commits[244f13ac-34be-4c4e-8e45-0c0272edbbb2:c3475, 6287e41a-5356-4f55-84f2-270816d53e84:c3471, a2c18d3d-e79d-47c9-88fe-d8a1d195302b:c3471]
2019-08-23 11:31:42,131 | INFO  | DNAudit | user=null | ip=null | op=PUT_BLOCK {blockData=[blockId=conID: 3 locID: 102666069744157252 bcsId: 0,size=1048576]} | ret=SUCCESS |  
2019-08-23 11:31:42,131 | INFO  | DNAudit | user=null | ip=null | op=WRITE_CHUNK {blockData=conID: 3 locID: 102666069744157252 bcsId: 0} | ret=SUCCESS |  
2019-08-23 11:31:42,132 | INFO  | DNAudit | user=null | ip=null | op=WRITE_CHUNK {blockData=conID: 3 locID: 102666069744157252 bcsId: 0} | ret=SUCCESS |  
2019-08-23 11:31:42,132 | INFO  | DNAudit | user=null | ip=null | op=PUT_BLOCK {blockData=[blockId=conID: 3 locID: 102666069744157252 bcsId: 0,size=2097152]} | ret=SUCCESS |  
2019-08-23 11:31:42,132 | INFO  | DNAudit | user=null | ip=null | op=PUT_BLOCK {blockData=[blockId=conID: 3 locID: 102666069744157252 bcsId: 0,size=2097152]} | ret=SUCCESS |  
2019-08-23 11:31:42,132 [grpc-default-executor-4] INFO  client.GrpcClientProtocolClient (GrpcClientProtocolClient.java:onNext(255)) - client-C9E345EC67ED->244f13ac-34be-4c4e-8e45-0c0272edbbb2: receive RaftClientReply:client-C9E345EC67ED->244f13ac-34be-4c4e-8e45-0c0272edbbb2@group-FE77C852EF02, cid=2365, SUCCESS, logIndex=0, commits[244f13ac-34be-4c4e-8e45-0c0272edbbb2:c3476, 6287e41a-5356-4f55-84f2-270816d53e84:c3473, a2c18d3d-e79d-47c9-88fe-d8a1d195302b:c3473]
2019-08-23 11:31:42,140 | INFO  | DNAudit | user=null | ip=null | op=WRITE_CHUNK {blockData=conID: 3 locID: 102666069744157252 bcsId: 3475} | ret=SUCCESS |  
2019-08-23 11:31:42,143 | INFO  | DNAudit | user=null | ip=null | op=WRITE_CHUNK {blockData=conID: 3 locID: 102666069744157252 bcsId: 3475} | ret=SUCCESS |  
2019-08-23 11:31:42,143 | INFO  | DNAudit | user=null | ip=null | op=WRITE_CHUNK {blockData=conID: 3 locID: 102666069744157252 bcsId: 3475} | ret=SUCCESS |  
2019-08-23 11:31:42,153 | INFO  | DNAudit | user=null | ip=null | op=WRITE_CHUNK {blockData=conID: 3 locID: 102666069744157252 bcsId: 3475} | ret=SUCCESS |  
2019-08-23 11:31:42,154 | INFO  | DNAudit | user=null | ip=null | op=PUT_BLOCK {blockData=[blockId=conID: 3 locID: 102666069744157252 bcsId: 0,size=3145728]} | ret=SUCCESS |  
2019-08-23 11:31:42,154 [grpc-default-executor-0] INFO  client.GrpcClientProtocolClient (GrpcClientProtocolClient.java:onNext(255)) - client-C9E345EC67ED->244f13ac-34be-4c4e-8e45-0c0272edbbb2: receive RaftClientReply:client-C9E345EC67ED->244f13ac-34be-4c4e-8e45-0c0272edbbb2@group-FE77C852EF02, cid=2366, SUCCESS, logIndex=3480, commits[244f13ac-34be-4c4e-8e45-0c0272edbbb2:c3481, 6287e41a-5356-4f55-84f2-270816d53e84:c3479, a2c18d3d-e79d-47c9-88fe-d8a1d195302b:c3479]
2019-08-23 11:31:42,155 [grpc-default-executor-0] INFO  client.GrpcClientProtocolClient (GrpcClientProtocolClient.java:onNext(255)) - client-C9E345EC67ED->244f13ac-34be-4c4e-8e45-0c0272edbbb2: receive RaftClientReply:client-C9E345EC67ED->244f13ac-34be-4c4e-8e45-0c0272edbbb2@group-FE77C852EF02, cid=2367, SUCCESS, logIndex=3481, commits[244f13ac-34be-4c4e-8e45-0c0272edbbb2:c3481, 6287e41a-5356-4f55-84f2-270816d53e84:c3479, a2c18d3d-e79d-47c9-88fe-d8a1d195302b:c3479]
2019-08-23 11:31:42,162 | INFO  | DNAudit | user=null | ip=null | op=WRITE_CHUNK {blockData=conID: 3 locID: 102666069744157252 bcsId: 3481} | ret=SUCCESS |  
2019-08-23 11:31:42,164 | INFO  | DNAudit | user=null | ip=null | op=WRITE_CHUNK {blockData=conID: 3 locID: 102666069744157252 bcsId: 3475} | ret=SUCCESS |  
2019-08-23 11:31:42,164 | INFO  | DNAudit | user=null | ip=null | op=WRITE_CHUNK {blockData=conID: 3 locID: 102666069744157252 bcsId: 3475} | ret=SUCCESS |  
2019-08-23 11:31:42,164 | INFO  | DNAudit | user=null | ip=null | op=WRITE_CHUNK {blockData=conID: 3 locID: 102666069744157252 bcsId: 3481} | ret=SUCCESS |  
2019-08-23 11:31:42,165 | INFO  | DNAudit | user=null | ip=null | op=WRITE_CHUNK {blockData=conID: 3 locID: 102666069744157252 bcsId: 3481} | ret=SUCCESS |  
2019-08-23 11:31:42,166 | INFO  | DNAudit | user=null | ip=null | op=PUT_BLOCK {blockData=[blockId=conID: 3 locID: 102666069744157252 bcsId: 0,size=3145728]} | ret=SUCCESS |  
2019-08-23 11:31:42,166 | INFO  | DNAudit | user=null | ip=null | op=PUT_BLOCK {blockData=[blockId=conID: 3 locID: 102666069744157252 bcsId: 0,size=3145728]} | ret=SUCCESS |  
2019-08-23 11:31:42,166 | INFO  | DNAudit | user=null | ip=null | op=WRITE_CHUNK {blockData=conID: 3 locID: 102666069744157252 bcsId: 3481} | ret=SUCCESS |  
2019-08-23 11:31:42,167 | INFO  | DNAudit | user=null | ip=null | op=PUT_BLOCK {blockData=[blockId=conID: 3 locID: 102666069744157252 bcsId: 0,size=4194304]} | ret=SUCCESS |  
2019-08-23 11:31:42,167 [grpc-default-executor-0] INFO  client.GrpcClientProtocolClient (GrpcClientProtocolClient.java:onNext(255)) - client-C9E345EC67ED->244f13ac-34be-4c4e-8e45-0c0272edbbb2: receive RaftClientReply:client-C9E345EC67ED->244f13ac-34be-4c4e-8e45-0c0272edbbb2@group-FE77C852EF02, cid=2368, SUCCESS, logIndex=3484, commits[244f13ac-34be-4c4e-8e45-0c0272edbbb2:c3485, 6287e41a-5356-4f55-84f2-270816d53e84:c3481, a2c18d3d-e79d-47c9-88fe-d8a1d195302b:c3481]
2019-08-23 11:31:42,168 [grpc-default-executor-0] INFO  client.GrpcClientProtocolClient (GrpcClientProtocolClient.java:onNext(255)) - client-C9E345EC67ED->244f13ac-34be-4c4e-8e45-0c0272edbbb2: receive RaftClientReply:client-C9E345EC67ED->244f13ac-34be-4c4e-8e45-0c0272edbbb2@group-FE77C852EF02, cid=2369, SUCCESS, logIndex=3485, commits[244f13ac-34be-4c4e-8e45-0c0272edbbb2:c3485, 6287e41a-5356-4f55-84f2-270816d53e84:c3481, a2c18d3d-e79d-47c9-88fe-d8a1d195302b:c3481]
2019-08-23 11:31:42,168 | INFO  | DNAudit | user=null | ip=null | op=WRITE_CHUNK {blockData=conID: 3 locID: 102666069744157252 bcsId: 3481} | ret=SUCCESS |  
2019-08-23 11:31:42,168 | INFO  | DNAudit | user=null | ip=null | op=WRITE_CHUNK {blockData=conID: 3 locID: 102666069744157252 bcsId: 3481} | ret=SUCCESS |  
2019-08-23 11:31:42,169 | INFO  | DNAudit | user=null | ip=null | op=PUT_BLOCK {blockData=[blockId=conID: 3 locID: 102666069744157252 bcsId: 0,size=4194304]} | ret=SUCCESS |  
2019-08-23 11:31:42,169 | INFO  | DNAudit | user=null | ip=null | op=PUT_BLOCK {blockData=[blockId=conID: 3 locID: 102666069744157252 bcsId: 0,size=4194304]} | ret=SUCCESS |  
2019-08-23 11:31:42,170 [grpc-default-executor-4] INFO  client.GrpcClientProtocolClient (GrpcClientProtocolClient.java:onNext(255)) - client-C9E345EC67ED->244f13ac-34be-4c4e-8e45-0c0272edbbb2: receive RaftClientReply:client-C9E345EC67ED->244f13ac-34be-4c4e-8e45-0c0272edbbb2@group-FE77C852EF02, cid=2370, SUCCESS, logIndex=0, commits[244f13ac-34be-4c4e-8e45-0c0272edbbb2:c3487, 6287e41a-5356-4f55-84f2-270816d53e84:c3485, a2c18d3d-e79d-47c9-88fe-d8a1d195302b:c3485]
2019-08-23 11:31:42,175 | INFO  | SCMAudit | user=jenkins1000 | ip=192.168.5.185 | op=ALLOCATE_BLOCK {owner=00a23185-76ea-47b5-a641-ad3cfbe5521a, size=4194304, type=RATIS, factor=THREE} | ret=SUCCESS |  
2019-08-23 11:31:42,178 | INFO  | OMAudit | user=jenkins1000 | ip=127.0.0.1 | op=ALLOCATE_BLOCK {volume=vol-0-37508, bucket=bucket-0-50919, key=key-0-57313, dataSize=0, replicationType=null, replicationFactor=null, keyLocationInfo=null, clientID=102666068570931602} | ret=SUCCESS |  
2019-08-23 11:31:42,185 | INFO  | DNAudit | user=null | ip=null | op=WRITE_CHUNK {blockData=conID: 1 locID: 102666069748941381 bcsId: 0} | ret=SUCCESS |  
2019-08-23 11:31:42,188 | INFO  | DNAudit | user=null | ip=null | op=WRITE_CHUNK {blockData=conID: 1 locID: 102666069748941381 bcsId: 0} | ret=SUCCESS |  
2019-08-23 11:31:42,189 | INFO  | DNAudit | user=null | ip=null | op=WRITE_CHUNK {blockData=conID: 1 locID: 102666069748941381 bcsId: 0} | ret=SUCCESS |  
2019-08-23 11:31:42,189 | INFO  | DNAudit | user=null | ip=null | op=WRITE_CHUNK {blockData=conID: 1 locID: 102666069748941381 bcsId: 0} | ret=SUCCESS |  
2019-08-23 11:31:42,191 | INFO  | DNAudit | user=null | ip=null | op=WRITE_CHUNK {blockData=conID: 1 locID: 102666069748941381 bcsId: 0} | ret=SUCCESS |  
2019-08-23 11:31:42,191 | INFO  | DNAudit | user=null | ip=null | op=WRITE_CHUNK {blockData=conID: 1 locID: 102666069748941381 bcsId: 0} | ret=SUCCESS |  
2019-08-23 11:31:42,198 | INFO  | DNAudit | user=null | ip=null | op=WRITE_CHUNK {blockData=conID: 1 locID: 102666069748941381 bcsId: 0} | ret=SUCCESS |  
2019-08-23 11:31:42,199 | INFO  | DNAudit | user=null | ip=null | op=PUT_BLOCK {blockData=[blockId=conID: 1 locID: 102666069748941381 bcsId: 0,size=1048576]} | ret=SUCCESS |  
2019-08-23 11:31:42,199 [grpc-default-executor-1] INFO  client.GrpcClientProtocolClient (GrpcClientProtocolClient.java:onNext(255)) - client-C9E345EC67ED->244f13ac-34be-4c4e-8e45-0c0272edbbb2: receive RaftClientReply:client-C9E345EC67ED->244f13ac-34be-4c4e-8e45-0c0272edbbb2@group-FE77C852EF02, cid=2371, SUCCESS, logIndex=3488, commits[244f13ac-34be-4c4e-8e45-0c0272edbbb2:c3489, 6287e41a-5356-4f55-84f2-270816d53e84:c3487, a2c18d3d-e79d-47c9-88fe-d8a1d195302b:c3487]
2019-08-23 11:31:42,199 [grpc-default-executor-1] INFO  client.GrpcClientProtocolClient (GrpcClientProtocolClient.java:onNext(255)) - client-C9E345EC67ED->244f13ac-34be-4c4e-8e45-0c0272edbbb2: receive RaftClientReply:client-C9E345EC67ED->244f13ac-34be-4c4e-8e45-0c0272edbbb2@group-FE77C852EF02, cid=2372, SUCCESS, logIndex=3489, commits[244f13ac-34be-4c4e-8e45-0c0272edbbb2:c3489, 6287e41a-5356-4f55-84f2-270816d53e84:c3487, a2c18d3d-e79d-47c9-88fe-d8a1d195302b:c3487]
2019-08-23 11:31:42,200 | INFO  | DNAudit | user=null | ip=null | op=WRITE_CHUNK {blockData=conID: 1 locID: 102666069748941381 bcsId: 0} | ret=SUCCESS |  
2019-08-23 11:31:42,200 | INFO  | DNAudit | user=null | ip=null | op=PUT_BLOCK {blockData=[blockId=conID: 1 locID: 102666069748941381 bcsId: 0,size=2097152]} | ret=SUCCESS |  
2019-08-23 11:31:42,201 [grpc-default-executor-0] INFO  client.GrpcClientProtocolClient (GrpcClientProtocolClient.java:onNext(255)) - client-C9E345EC67ED->244f13ac-34be-4c4e-8e45-0c0272edbbb2: receive RaftClientReply:client-C9E345EC67ED->244f13ac-34be-4c4e-8e45-0c0272edbbb2@group-FE77C852EF02, cid=2373, SUCCESS, logIndex=3490, commits[244f13ac-34be-4c4e-8e45-0c0272edbbb2:c3491, 6287e41a-5356-4f55-84f2-270816d53e84:c3487, a2c18d3d-e79d-47c9-88fe-d8a1d195302b:c3487]
2019-08-23 11:31:42,201 [grpc-default-executor-0] INFO  client.GrpcClientProtocolClient (GrpcClientProtocolClient.java:onNext(255)) - client-C9E345EC67ED->244f13ac-34be-4c4e-8e45-0c0272edbbb2: receive RaftClientReply:client-C9E345EC67ED->244f13ac-34be-4c4e-8e45-0c0272edbbb2@group-FE77C852EF02, cid=2374, SUCCESS, logIndex=3491, commits[244f13ac-34be-4c4e-8e45-0c0272edbbb2:c3491, 6287e41a-5356-4f55-84f2-270816d53e84:c3487, a2c18d3d-e79d-47c9-88fe-d8a1d195302b:c3487]
2019-08-23 11:31:42,212 | INFO  | DNAudit | user=null | ip=null | op=WRITE_CHUNK {blockData=conID: 1 locID: 102666069748941381 bcsId: 0} | ret=SUCCESS |  
2019-08-23 11:31:42,212 | INFO  | DNAudit | user=null | ip=null | op=WRITE_CHUNK {blockData=conID: 1 locID: 102666069748941381 bcsId: 0} | ret=SUCCESS |  
2019-08-23 11:31:42,212 | INFO  | DNAudit | user=null | ip=null | op=PUT_BLOCK {blockData=[blockId=conID: 1 locID: 102666069748941381 bcsId: 0,size=1048576]} | ret=SUCCESS |  
2019-08-23 11:31:42,212 | INFO  | DNAudit | user=null | ip=null | op=PUT_BLOCK {blockData=[blockId=conID: 1 locID: 102666069748941381 bcsId: 0,size=1048576]} | ret=SUCCESS |  
2019-08-23 11:31:42,212 [grpc-default-executor-4] INFO  client.GrpcClientProtocolClient (GrpcClientProtocolClient.java:onNext(255)) - client-C9E345EC67ED->244f13ac-34be-4c4e-8e45-0c0272edbbb2: receive RaftClientReply:client-C9E345EC67ED->244f13ac-34be-4c4e-8e45-0c0272edbbb2@group-FE77C852EF02, cid=2375, SUCCESS, logIndex=0, commits[244f13ac-34be-4c4e-8e45-0c0272edbbb2:c3492, 6287e41a-5356-4f55-84f2-270816d53e84:c3489, a2c18d3d-e79d-47c9-88fe-d8a1d195302b:c3489]
2019-08-23 11:31:42,213 | INFO  | DNAudit | user=null | ip=null | op=WRITE_CHUNK {blockData=conID: 1 locID: 102666069748941381 bcsId: 0} | ret=SUCCESS |  
2019-08-23 11:31:42,213 | INFO  | DNAudit | user=null | ip=null | op=PUT_BLOCK {blockData=[blockId=conID: 1 locID: 102666069748941381 bcsId: 0,size=2097152]} | ret=SUCCESS |  
2019-08-23 11:31:42,213 | INFO  | DNAudit | user=null | ip=null | op=WRITE_CHUNK {blockData=conID: 1 locID: 102666069748941381 bcsId: 0} | ret=SUCCESS |  
2019-08-23 11:31:42,213 | INFO  | DNAudit | user=null | ip=null | op=PUT_BLOCK {blockData=[blockId=conID: 1 locID: 102666069748941381 bcsId: 0,size=2097152]} | ret=SUCCESS |  
2019-08-23 11:31:42,218 | INFO  | DNAudit | user=null | ip=null | op=WRITE_CHUNK {blockData=conID: 1 locID: 102666069748941381 bcsId: 3491} | ret=SUCCESS |  
2019-08-23 11:31:42,220 | INFO  | DNAudit | user=null | ip=null | op=WRITE_CHUNK {blockData=conID: 1 locID: 102666069748941381 bcsId: 3491} | ret=SUCCESS |  
2019-08-23 11:31:42,221 | INFO  | DNAudit | user=null | ip=null | op=WRITE_CHUNK {blockData=conID: 1 locID: 102666069748941381 bcsId: 3491} | ret=SUCCESS |  
2019-08-23 11:31:42,230 | INFO  | DNAudit | user=null | ip=null | op=WRITE_CHUNK {blockData=conID: 1 locID: 102666069748941381 bcsId: 3491} | ret=SUCCESS |  
2019-08-23 11:31:42,230 | INFO  | DNAudit | user=null | ip=null | op=PUT_BLOCK {blockData=[blockId=conID: 1 locID: 102666069748941381 bcsId: 0,size=3145728]} | ret=SUCCESS |  
2019-08-23 11:31:42,231 [grpc-default-executor-0] INFO  client.GrpcClientProtocolClient (GrpcClientProtocolClient.java:onNext(255)) - client-C9E345EC67ED->244f13ac-34be-4c4e-8e45-0c0272edbbb2: receive RaftClientReply:client-C9E345EC67ED->244f13ac-34be-4c4e-8e45-0c0272edbbb2@group-FE77C852EF02, cid=2376, SUCCESS, logIndex=3496, commits[244f13ac-34be-4c4e-8e45-0c0272edbbb2:c3497, 6287e41a-5356-4f55-84f2-270816d53e84:c3495, a2c18d3d-e79d-47c9-88fe-d8a1d195302b:c3495]
2019-08-23 11:31:42,231 [grpc-default-executor-0] INFO  client.GrpcClientProtocolClient (GrpcClientProtocolClient.java:onNext(255)) - client-C9E345EC67ED->244f13ac-34be-4c4e-8e45-0c0272edbbb2: receive RaftClientReply:client-C9E345EC67ED->244f13ac-34be-4c4e-8e45-0c0272edbbb2@group-FE77C852EF02, cid=2377, SUCCESS, logIndex=3497, commits[244f13ac-34be-4c4e-8e45-0c0272edbbb2:c3497, 6287e41a-5356-4f55-84f2-270816d53e84:c3495, a2c18d3d-e79d-47c9-88fe-d8a1d195302b:c3495]
2019-08-23 11:31:42,237 | INFO  | DNAudit | user=null | ip=null | op=WRITE_CHUNK {blockData=conID: 1 locID: 102666069748941381 bcsId: 3497} | ret=SUCCESS |  
2019-08-23 11:31:42,240 | INFO  | DNAudit | user=null | ip=null | op=WRITE_CHUNK {blockData=conID: 1 locID: 102666069748941381 bcsId: 3497} | ret=SUCCESS |  
2019-08-23 11:31:42,240 | INFO  | DNAudit | user=null | ip=null | op=WRITE_CHUNK {blockData=conID: 1 locID: 102666069748941381 bcsId: 3497} | ret=SUCCESS |  
2019-08-23 11:31:42,251 | INFO  | DNAudit | user=null | ip=null | op=WRITE_CHUNK {blockData=conID: 1 locID: 102666069748941381 bcsId: 3491} | ret=SUCCESS |  
2019-08-23 11:31:42,251 | INFO  | DNAudit | user=null | ip=null | op=WRITE_CHUNK {blockData=conID: 1 locID: 102666069748941381 bcsId: 3491} | ret=SUCCESS |  
2019-08-23 11:31:42,251 | INFO  | DNAudit | user=null | ip=null | op=PUT_BLOCK {blockData=[blockId=conID: 1 locID: 102666069748941381 bcsId: 0,size=3145728]} | ret=SUCCESS |  
2019-08-23 11:31:42,251 | INFO  | DNAudit | user=null | ip=null | op=PUT_BLOCK {blockData=[blockId=conID: 1 locID: 102666069748941381 bcsId: 0,size=3145728]} | ret=SUCCESS |  
2019-08-23 11:31:42,253 | INFO  | DNAudit | user=null | ip=null | op=WRITE_CHUNK {blockData=conID: 1 locID: 102666069748941381 bcsId: 3497} | ret=SUCCESS |  
2019-08-23 11:31:42,253 | INFO  | DNAudit | user=null | ip=null | op=PUT_BLOCK {blockData=[blockId=conID: 1 locID: 102666069748941381 bcsId: 0,size=4194304]} | ret=SUCCESS |  
2019-08-23 11:31:42,253 [grpc-default-executor-4] INFO  client.GrpcClientProtocolClient (GrpcClientProtocolClient.java:onNext(255)) - client-C9E345EC67ED->244f13ac-34be-4c4e-8e45-0c0272edbbb2: receive RaftClientReply:client-C9E345EC67ED->244f13ac-34be-4c4e-8e45-0c0272edbbb2@group-FE77C852EF02, cid=2378, SUCCESS, logIndex=3500, commits[244f13ac-34be-4c4e-8e45-0c0272edbbb2:c3501, 6287e41a-5356-4f55-84f2-270816d53e84:c3497, a2c18d3d-e79d-47c9-88fe-d8a1d195302b:c3497]
2019-08-23 11:31:42,254 [grpc-default-executor-4] INFO  client.GrpcClientProtocolClient (GrpcClientProtocolClient.java:onNext(255)) - client-C9E345EC67ED->244f13ac-34be-4c4e-8e45-0c0272edbbb2: receive RaftClientReply:client-C9E345EC67ED->244f13ac-34be-4c4e-8e45-0c0272edbbb2@group-FE77C852EF02, cid=2379, SUCCESS, logIndex=3501, commits[244f13ac-34be-4c4e-8e45-0c0272edbbb2:c3501, 6287e41a-5356-4f55-84f2-270816d53e84:c3497, a2c18d3d-e79d-47c9-88fe-d8a1d195302b:c3497]
2019-08-23 11:31:42,264 | INFO  | DNAudit | user=null | ip=null | op=WRITE_CHUNK {blockData=conID: 1 locID: 102666069748941381 bcsId: 3497} | ret=SUCCESS |  
2019-08-23 11:31:42,264 | INFO  | DNAudit | user=null | ip=null | op=WRITE_CHUNK {blockData=conID: 1 locID: 102666069748941381 bcsId: 3497} | ret=SUCCESS |  
2019-08-23 11:31:42,265 | INFO  | DNAudit | user=null | ip=null | op=PUT_BLOCK {blockData=[blockId=conID: 1 locID: 102666069748941381 bcsId: 0,size=4194304]} | ret=SUCCESS |  
2019-08-23 11:31:42,265 | INFO  | DNAudit | user=null | ip=null | op=PUT_BLOCK {blockData=[blockId=conID: 1 locID: 102666069748941381 bcsId: 0,size=4194304]} | ret=SUCCESS |  
2019-08-23 11:31:42,266 [grpc-default-executor-4] INFO  client.GrpcClientProtocolClient (GrpcClientProtocolClient.java:onNext(255)) - client-C9E345EC67ED->244f13ac-34be-4c4e-8e45-0c0272edbbb2: receive RaftClientReply:client-C9E345EC67ED->244f13ac-34be-4c4e-8e45-0c0272edbbb2@group-FE77C852EF02, cid=2380, SUCCESS, logIndex=0, commits[244f13ac-34be-4c4e-8e45-0c0272edbbb2:c3503, 6287e41a-5356-4f55-84f2-270816d53e84:c3501, a2c18d3d-e79d-47c9-88fe-d8a1d195302b:c3501]
2019-08-23 11:31:42,273 | INFO  | SCMAudit | user=jenkins1000 | ip=192.168.5.185 | op=ALLOCATE_BLOCK {owner=00a23185-76ea-47b5-a641-ad3cfbe5521a, size=4194304, type=RATIS, factor=THREE} | ret=SUCCESS |  
2019-08-23 11:31:42,276 | INFO  | OMAudit | user=jenkins1000 | ip=127.0.0.1 | op=ALLOCATE_BLOCK {volume=vol-0-37508, bucket=bucket-0-50919, key=key-0-57313, dataSize=0, replicationType=null, replicationFactor=null, keyLocationInfo=null, clientID=102666068570931602} | ret=SUCCESS |  
2019-08-23 11:31:42,285 | INFO  | DNAudit | user=null | ip=null | op=WRITE_CHUNK {blockData=conID: 2 locID: 102666069755298374 bcsId: 0} | ret=SUCCESS |  
2019-08-23 11:31:42,288 | INFO  | DNAudit | user=null | ip=null | op=WRITE_CHUNK {blockData=conID: 2 locID: 102666069755298374 bcsId: 0} | ret=SUCCESS |  
2019-08-23 11:31:42,288 | INFO  | DNAudit | user=null | ip=null | op=WRITE_CHUNK {blockData=conID: 2 locID: 102666069755298374 bcsId: 0} | ret=SUCCESS |  
2019-08-23 11:31:42,289 | INFO  | DNAudit | user=null | ip=null | op=WRITE_CHUNK {blockData=conID: 2 locID: 102666069755298374 bcsId: 0} | ret=SUCCESS |  
2019-08-23 11:31:42,289 | INFO  | DNAudit | user=null | ip=null | op=WRITE_CHUNK {blockData=conID: 2 locID: 102666069755298374 bcsId: 0} | ret=SUCCESS |  
2019-08-23 11:31:42,290 | INFO  | DNAudit | user=null | ip=null | op=WRITE_CHUNK {blockData=conID: 2 locID: 102666069755298374 bcsId: 0} | ret=SUCCESS |  
2019-08-23 11:31:42,297 | INFO  | DNAudit | user=null | ip=null | op=WRITE_CHUNK {blockData=conID: 2 locID: 102666069755298374 bcsId: 0} | ret=SUCCESS |  
2019-08-23 11:31:42,297 | INFO  | DNAudit | user=null | ip=null | op=PUT_BLOCK {blockData=[blockId=conID: 2 locID: 102666069755298374 bcsId: 0,size=1048576]} | ret=SUCCESS |  
2019-08-23 11:31:42,298 | INFO  | DNAudit | user=null | ip=null | op=WRITE_CHUNK {blockData=conID: 2 locID: 102666069755298374 bcsId: 0} | ret=SUCCESS |  
2019-08-23 11:31:42,298 | INFO  | DNAudit | user=null | ip=null | op=PUT_BLOCK {blockData=[blockId=conID: 2 locID: 102666069755298374 bcsId: 0,size=2097152]} | ret=SUCCESS |  
2019-08-23 11:31:42,298 [grpc-default-executor-0] INFO  client.GrpcClientProtocolClient (GrpcClientProtocolClient.java:onNext(255)) - client-C9E345EC67ED->244f13ac-34be-4c4e-8e45-0c0272edbbb2: receive RaftClientReply:client-C9E345EC67ED->244f13ac-34be-4c4e-8e45-0c0272edbbb2@group-FE77C852EF02, cid=2381, SUCCESS, logIndex=3504, commits[244f13ac-34be-4c4e-8e45-0c0272edbbb2:c3506, 6287e41a-5356-4f55-84f2-270816d53e84:c3503, a2c18d3d-e79d-47c9-88fe-d8a1d195302b:c3503]
2019-08-23 11:31:42,298 [grpc-default-executor-0] INFO  client.GrpcClientProtocolClient (GrpcClientProtocolClient.java:onNext(255)) - client-C9E345EC67ED->244f13ac-34be-4c4e-8e45-0c0272edbbb2: receive RaftClientReply:client-C9E345EC67ED->244f13ac-34be-4c4e-8e45-0c0272edbbb2@group-FE77C852EF02, cid=2382, SUCCESS, logIndex=3505, commits[244f13ac-34be-4c4e-8e45-0c0272edbbb2:c3507, 6287e41a-5356-4f55-84f2-270816d53e84:c3503, a2c18d3d-e79d-47c9-88fe-d8a1d195302b:c3503]
2019-08-23 11:31:42,298 [grpc-default-executor-0] INFO  client.GrpcClientProtocolClient (GrpcClientProtocolClient.java:onNext(255)) - client-C9E345EC67ED->244f13ac-34be-4c4e-8e45-0c0272edbbb2: receive RaftClientReply:client-C9E345EC67ED->244f13ac-34be-4c4e-8e45-0c0272edbbb2@group-FE77C852EF02, cid=2383, SUCCESS, logIndex=3506, commits[244f13ac-34be-4c4e-8e45-0c0272edbbb2:c3507, 6287e41a-5356-4f55-84f2-270816d53e84:c3503, a2c18d3d-e79d-47c9-88fe-d8a1d195302b:c3503]
2019-08-23 11:31:42,299 [grpc-default-executor-0] INFO  client.GrpcClientProtocolClient (GrpcClientProtocolClient.java:onNext(255)) - client-C9E345EC67ED->244f13ac-34be-4c4e-8e45-0c0272edbbb2: receive RaftClientReply:client-C9E345EC67ED->244f13ac-34be-4c4e-8e45-0c0272edbbb2@group-FE77C852EF02, cid=2384, SUCCESS, logIndex=3507, commits[244f13ac-34be-4c4e-8e45-0c0272edbbb2:c3507, 6287e41a-5356-4f55-84f2-270816d53e84:c3503, a2c18d3d-e79d-47c9-88fe-d8a1d195302b:c3503]
2019-08-23 11:31:42,308 | INFO  | DNAudit | user=null | ip=null | op=WRITE_CHUNK {blockData=conID: 2 locID: 102666069755298374 bcsId: 0} | ret=SUCCESS |  
2019-08-23 11:31:42,309 | INFO  | DNAudit | user=null | ip=null | op=PUT_BLOCK {blockData=[blockId=conID: 2 locID: 102666069755298374 bcsId: 0,size=1048576]} | ret=SUCCESS |  
2019-08-23 11:31:42,309 | INFO  | DNAudit | user=null | ip=null | op=WRITE_CHUNK {blockData=conID: 2 locID: 102666069755298374 bcsId: 0} | ret=SUCCESS |  
2019-08-23 11:31:42,310 | INFO  | DNAudit | user=null | ip=null | op=PUT_BLOCK {blockData=[blockId=conID: 2 locID: 102666069755298374 bcsId: 0,size=1048576]} | ret=SUCCESS |  
2019-08-23 11:31:42,310 | INFO  | DNAudit | user=null | ip=null | op=WRITE_CHUNK {blockData=conID: 2 locID: 102666069755298374 bcsId: 0} | ret=SUCCESS |  
2019-08-23 11:31:42,310 | INFO  | DNAudit | user=null | ip=null | op=WRITE_CHUNK {blockData=conID: 2 locID: 102666069755298374 bcsId: 0} | ret=SUCCESS |  
2019-08-23 11:31:42,310 | INFO  | DNAudit | user=null | ip=null | op=PUT_BLOCK {blockData=[blockId=conID: 2 locID: 102666069755298374 bcsId: 0,size=2097152]} | ret=SUCCESS |  
2019-08-23 11:31:42,310 | INFO  | DNAudit | user=null | ip=null | op=PUT_BLOCK {blockData=[blockId=conID: 2 locID: 102666069755298374 bcsId: 0,size=2097152]} | ret=SUCCESS |  
2019-08-23 11:31:42,311 [grpc-default-executor-0] INFO  client.GrpcClientProtocolClient (GrpcClientProtocolClient.java:onNext(255)) - client-C9E345EC67ED->244f13ac-34be-4c4e-8e45-0c0272edbbb2: receive RaftClientReply:client-C9E345EC67ED->244f13ac-34be-4c4e-8e45-0c0272edbbb2@group-FE77C852EF02, cid=2385, SUCCESS, logIndex=0, commits[244f13ac-34be-4c4e-8e45-0c0272edbbb2:c3508, 6287e41a-5356-4f55-84f2-270816d53e84:c3505, a2c18d3d-e79d-47c9-88fe-d8a1d195302b:c3505]
2019-08-23 11:31:42,319 | INFO  | DNAudit | user=null | ip=null | op=WRITE_CHUNK {blockData=conID: 2 locID: 102666069755298374 bcsId: 3507} | ret=SUCCESS |  
2019-08-23 11:31:42,320 | INFO  | DNAudit | user=null | ip=null | op=WRITE_CHUNK {blockData=conID: 2 locID: 102666069755298374 bcsId: 3507} | ret=SUCCESS |  
2019-08-23 11:31:42,320 | INFO  | DNAudit | user=null | ip=null | op=WRITE_CHUNK {blockData=conID: 2 locID: 102666069755298374 bcsId: 3507} | ret=SUCCESS |  
2019-08-23 11:31:42,333 | INFO  | DNAudit | user=null | ip=null | op=WRITE_CHUNK {blockData=conID: 2 locID: 102666069755298374 bcsId: 3507} | ret=SUCCESS |  
2019-08-23 11:31:42,333 | INFO  | DNAudit | user=null | ip=null | op=PUT_BLOCK {blockData=[blockId=conID: 2 locID: 102666069755298374 bcsId: 0,size=3145728]} | ret=SUCCESS |  
2019-08-23 11:31:42,334 [grpc-default-executor-1] INFO  client.GrpcClientProtocolClient (GrpcClientProtocolClient.java:onNext(255)) - client-C9E345EC67ED->244f13ac-34be-4c4e-8e45-0c0272edbbb2: receive RaftClientReply:client-C9E345EC67ED->244f13ac-34be-4c4e-8e45-0c0272edbbb2@group-FE77C852EF02, cid=2386, SUCCESS, logIndex=3512, commits[244f13ac-34be-4c4e-8e45-0c0272edbbb2:c3513, 6287e41a-5356-4f55-84f2-270816d53e84:c3511, a2c18d3d-e79d-47c9-88fe-d8a1d195302b:c3511]
2019-08-23 11:31:42,334 [grpc-default-executor-1] INFO  client.GrpcClientProtocolClient (GrpcClientProtocolClient.java:onNext(255)) - client-C9E345EC67ED->244f13ac-34be-4c4e-8e45-0c0272edbbb2: receive RaftClientReply:client-C9E345EC67ED->244f13ac-34be-4c4e-8e45-0c0272edbbb2@group-FE77C852EF02, cid=2387, SUCCESS, logIndex=3513, commits[244f13ac-34be-4c4e-8e45-0c0272edbbb2:c3513, 6287e41a-5356-4f55-84f2-270816d53e84:c3511, a2c18d3d-e79d-47c9-88fe-d8a1d195302b:c3511]
2019-08-23 11:31:42,340 | INFO  | DNAudit | user=null | ip=null | op=WRITE_CHUNK {blockData=conID: 2 locID: 102666069755298374 bcsId: 3513} | ret=SUCCESS |  
2019-08-23 11:31:42,342 | INFO  | DNAudit | user=null | ip=null | op=WRITE_CHUNK {blockData=conID: 2 locID: 102666069755298374 bcsId: 3513} | ret=SUCCESS |  
2019-08-23 11:31:42,343 | INFO  | DNAudit | user=null | ip=null | op=WRITE_CHUNK {blockData=conID: 2 locID: 102666069755298374 bcsId: 3513} | ret=SUCCESS |  
2019-08-23 11:31:42,344 | INFO  | DNAudit | user=null | ip=null | op=WRITE_CHUNK {blockData=conID: 2 locID: 102666069755298374 bcsId: 3507} | ret=SUCCESS |  
2019-08-23 11:31:42,344 | INFO  | DNAudit | user=null | ip=null | op=WRITE_CHUNK {blockData=conID: 2 locID: 102666069755298374 bcsId: 3507} | ret=SUCCESS |  
2019-08-23 11:31:42,344 | INFO  | DNAudit | user=null | ip=null | op=PUT_BLOCK {blockData=[blockId=conID: 2 locID: 102666069755298374 bcsId: 0,size=3145728]} | ret=SUCCESS |  
2019-08-23 11:31:42,344 | INFO  | DNAudit | user=null | ip=null | op=PUT_BLOCK {blockData=[blockId=conID: 2 locID: 102666069755298374 bcsId: 0,size=3145728]} | ret=SUCCESS |  
2019-08-23 11:31:42,347 | INFO  | DNAudit | user=null | ip=null | op=WRITE_CHUNK {blockData=conID: 2 locID: 102666069755298374 bcsId: 3513} | ret=SUCCESS |  
2019-08-23 11:31:42,348 | INFO  | DNAudit | user=null | ip=null | op=PUT_BLOCK {blockData=[blockId=conID: 2 locID: 102666069755298374 bcsId: 0,size=4194304]} | ret=SUCCESS |  
2019-08-23 11:31:42,348 [grpc-default-executor-0] INFO  client.GrpcClientProtocolClient (GrpcClientProtocolClient.java:onNext(255)) - client-C9E345EC67ED->244f13ac-34be-4c4e-8e45-0c0272edbbb2: receive RaftClientReply:client-C9E345EC67ED->244f13ac-34be-4c4e-8e45-0c0272edbbb2@group-FE77C852EF02, cid=2388, SUCCESS, logIndex=3516, commits[244f13ac-34be-4c4e-8e45-0c0272edbbb2:c3516, 6287e41a-5356-4f55-84f2-270816d53e84:c3513, a2c18d3d-e79d-47c9-88fe-d8a1d195302b:c3513]
2019-08-23 11:31:42,348 [grpc-default-executor-4] INFO  client.GrpcClientProtocolClient (GrpcClientProtocolClient.java:onNext(255)) - client-C9E345EC67ED->244f13ac-34be-4c4e-8e45-0c0272edbbb2: receive RaftClientReply:client-C9E345EC67ED->244f13ac-34be-4c4e-8e45-0c0272edbbb2@group-FE77C852EF02, cid=2389, SUCCESS, logIndex=3517, commits[244f13ac-34be-4c4e-8e45-0c0272edbbb2:c3517, 6287e41a-5356-4f55-84f2-270816d53e84:c3513, a2c18d3d-e79d-47c9-88fe-d8a1d195302b:c3513]
2019-08-23 11:31:42,359 | INFO  | DNAudit | user=null | ip=null | op=WRITE_CHUNK {blockData=conID: 2 locID: 102666069755298374 bcsId: 3513} | ret=SUCCESS |  
2019-08-23 11:31:42,359 | INFO  | DNAudit | user=null | ip=null | op=WRITE_CHUNK {blockData=conID: 2 locID: 102666069755298374 bcsId: 3513} | ret=SUCCESS |  
2019-08-23 11:31:42,361 | INFO  | DNAudit | user=null | ip=null | op=PUT_BLOCK {blockData=[blockId=conID: 2 locID: 102666069755298374 bcsId: 0,size=4194304]} | ret=SUCCESS |  
2019-08-23 11:31:42,362 | INFO  | DNAudit | user=null | ip=null | op=PUT_BLOCK {blockData=[blockId=conID: 2 locID: 102666069755298374 bcsId: 0,size=4194304]} | ret=SUCCESS |  
2019-08-23 11:31:42,363 [grpc-default-executor-4] INFO  client.GrpcClientProtocolClient (GrpcClientProtocolClient.java:onNext(255)) - client-C9E345EC67ED->244f13ac-34be-4c4e-8e45-0c0272edbbb2: receive RaftClientReply:client-C9E345EC67ED->244f13ac-34be-4c4e-8e45-0c0272edbbb2@group-FE77C852EF02, cid=2390, SUCCESS, logIndex=0, commits[244f13ac-34be-4c4e-8e45-0c0272edbbb2:c3519, 6287e41a-5356-4f55-84f2-270816d53e84:c3517, a2c18d3d-e79d-47c9-88fe-d8a1d195302b:c3517]
2019-08-23 11:31:42,368 | INFO  | SCMAudit | user=jenkins1000 | ip=192.168.5.185 | op=ALLOCATE_BLOCK {owner=00a23185-76ea-47b5-a641-ad3cfbe5521a, size=4194304, type=RATIS, factor=THREE} | ret=SUCCESS |  
2019-08-23 11:31:42,370 | INFO  | OMAudit | user=jenkins1000 | ip=127.0.0.1 | op=ALLOCATE_BLOCK {volume=vol-0-37508, bucket=bucket-0-50919, key=key-0-57313, dataSize=0, replicationType=null, replicationFactor=null, keyLocationInfo=null, clientID=102666068570931602} | ret=SUCCESS |  
2019-08-23 11:31:42,378 | INFO  | DNAudit | user=null | ip=null | op=WRITE_CHUNK {blockData=conID: 3 locID: 102666069761589831 bcsId: 0} | ret=SUCCESS |  
2019-08-23 11:31:42,380 | INFO  | DNAudit | user=null | ip=null | op=WRITE_CHUNK {blockData=conID: 3 locID: 102666069761589831 bcsId: 0} | ret=SUCCESS |  
2019-08-23 11:31:42,380 | INFO  | DNAudit | user=null | ip=null | op=WRITE_CHUNK {blockData=conID: 3 locID: 102666069761589831 bcsId: 0} | ret=SUCCESS |  
2019-08-23 11:31:42,380 | INFO  | DNAudit | user=null | ip=null | op=WRITE_CHUNK {blockData=conID: 3 locID: 102666069761589831 bcsId: 0} | ret=SUCCESS |  
2019-08-23 11:31:42,382 | INFO  | DNAudit | user=null | ip=null | op=WRITE_CHUNK {blockData=conID: 3 locID: 102666069761589831 bcsId: 0} | ret=SUCCESS |  
2019-08-23 11:31:42,382 | INFO  | DNAudit | user=null | ip=null | op=WRITE_CHUNK {blockData=conID: 3 locID: 102666069761589831 bcsId: 0} | ret=SUCCESS |  
2019-08-23 11:31:42,391 | INFO  | DNAudit | user=null | ip=null | op=WRITE_CHUNK {blockData=conID: 3 locID: 102666069761589831 bcsId: 0} | ret=SUCCESS |  
2019-08-23 11:31:42,391 | INFO  | DNAudit | user=null | ip=null | op=PUT_BLOCK {blockData=[blockId=conID: 3 locID: 102666069761589831 bcsId: 0,size=1048576]} | ret=SUCCESS |  
2019-08-23 11:31:42,391 [grpc-default-executor-4] INFO  client.GrpcClientProtocolClient (GrpcClientProtocolClient.java:onNext(255)) - client-C9E345EC67ED->244f13ac-34be-4c4e-8e45-0c0272edbbb2: receive RaftClientReply:client-C9E345EC67ED->244f13ac-34be-4c4e-8e45-0c0272edbbb2@group-FE77C852EF02, cid=2391, SUCCESS, logIndex=3520, commits[244f13ac-34be-4c4e-8e45-0c0272edbbb2:c3521, 6287e41a-5356-4f55-84f2-270816d53e84:c3519, a2c18d3d-e79d-47c9-88fe-d8a1d195302b:c3519]
2019-08-23 11:31:42,392 [grpc-default-executor-4] INFO  client.GrpcClientProtocolClient (GrpcClientProtocolClient.java:onNext(255)) - client-C9E345EC67ED->244f13ac-34be-4c4e-8e45-0c0272edbbb2: receive RaftClientReply:client-C9E345EC67ED->244f13ac-34be-4c4e-8e45-0c0272edbbb2@group-FE77C852EF02, cid=2392, SUCCESS, logIndex=3521, commits[244f13ac-34be-4c4e-8e45-0c0272edbbb2:c3521, 6287e41a-5356-4f55-84f2-270816d53e84:c3519, a2c18d3d-e79d-47c9-88fe-d8a1d195302b:c3519]
2019-08-23 11:31:42,393 | INFO  | DNAudit | user=null | ip=null | op=WRITE_CHUNK {blockData=conID: 3 locID: 102666069761589831 bcsId: 0} | ret=SUCCESS |  
2019-08-23 11:31:42,393 | INFO  | DNAudit | user=null | ip=null | op=PUT_BLOCK {blockData=[blockId=conID: 3 locID: 102666069761589831 bcsId: 0,size=2097152]} | ret=SUCCESS |  
2019-08-23 11:31:42,393 [grpc-default-executor-1] INFO  client.GrpcClientProtocolClient (GrpcClientProtocolClient.java:onNext(255)) - client-C9E345EC67ED->244f13ac-34be-4c4e-8e45-0c0272edbbb2: receive RaftClientReply:client-C9E345EC67ED->244f13ac-34be-4c4e-8e45-0c0272edbbb2@group-FE77C852EF02, cid=2393, SUCCESS, logIndex=3522, commits[244f13ac-34be-4c4e-8e45-0c0272edbbb2:c3523, 6287e41a-5356-4f55-84f2-270816d53e84:c3519, a2c18d3d-e79d-47c9-88fe-d8a1d195302b:c3519]
2019-08-23 11:31:42,394 [grpc-default-executor-1] INFO  client.GrpcClientProtocolClient (GrpcClientProtocolClient.java:onNext(255)) - client-C9E345EC67ED->244f13ac-34be-4c4e-8e45-0c0272edbbb2: receive RaftClientReply:client-C9E345EC67ED->244f13ac-34be-4c4e-8e45-0c0272edbbb2@group-FE77C852EF02, cid=2394, SUCCESS, logIndex=3523, commits[244f13ac-34be-4c4e-8e45-0c0272edbbb2:c3523, 6287e41a-5356-4f55-84f2-270816d53e84:c3519, a2c18d3d-e79d-47c9-88fe-d8a1d195302b:c3519]
2019-08-23 11:31:42,404 | INFO  | DNAudit | user=null | ip=null | op=WRITE_CHUNK {blockData=conID: 3 locID: 102666069761589831 bcsId: 0} | ret=SUCCESS |  
2019-08-23 11:31:42,405 | INFO  | DNAudit | user=null | ip=null | op=PUT_BLOCK {blockData=[blockId=conID: 3 locID: 102666069761589831 bcsId: 0,size=1048576]} | ret=SUCCESS |  
2019-08-23 11:31:42,405 | INFO  | DNAudit | user=null | ip=null | op=WRITE_CHUNK {blockData=conID: 3 locID: 102666069761589831 bcsId: 0} | ret=SUCCESS |  
2019-08-23 11:31:42,405 | INFO  | DNAudit | user=null | ip=null | op=PUT_BLOCK {blockData=[blockId=conID: 3 locID: 102666069761589831 bcsId: 0,size=2097152]} | ret=SUCCESS |  
2019-08-23 11:31:42,406 [grpc-default-executor-1] INFO  client.GrpcClientProtocolClient (GrpcClientProtocolClient.java:onNext(255)) - client-C9E345EC67ED->244f13ac-34be-4c4e-8e45-0c0272edbbb2: receive RaftClientReply:client-C9E345EC67ED->244f13ac-34be-4c4e-8e45-0c0272edbbb2@group-FE77C852EF02, cid=2395, SUCCESS, logIndex=0, commits[244f13ac-34be-4c4e-8e45-0c0272edbbb2:c3525, 6287e41a-5356-4f55-84f2-270816d53e84:c3521, a2c18d3d-e79d-47c9-88fe-d8a1d195302b:c3521]
2019-08-23 11:31:42,407 | INFO  | DNAudit | user=null | ip=null | op=WRITE_CHUNK {blockData=conID: 3 locID: 102666069761589831 bcsId: 0} | ret=SUCCESS |  
2019-08-23 11:31:42,407 | INFO  | DNAudit | user=null | ip=null | op=PUT_BLOCK {blockData=[blockId=conID: 3 locID: 102666069761589831 bcsId: 0,size=1048576]} | ret=SUCCESS |  
2019-08-23 11:31:42,407 | INFO  | DNAudit | user=null | ip=null | op=WRITE_CHUNK {blockData=conID: 3 locID: 102666069761589831 bcsId: 0} | ret=SUCCESS |  
2019-08-23 11:31:42,407 | INFO  | DNAudit | user=null | ip=null | op=PUT_BLOCK {blockData=[blockId=conID: 3 locID: 102666069761589831 bcsId: 0,size=2097152]} | ret=SUCCESS |  
2019-08-23 11:31:42,412 | INFO  | DNAudit | user=null | ip=null | op=WRITE_CHUNK {blockData=conID: 3 locID: 102666069761589831 bcsId: 3523} | ret=SUCCESS |  
2019-08-23 11:31:42,414 | INFO  | DNAudit | user=null | ip=null | op=WRITE_CHUNK {blockData=conID: 3 locID: 102666069761589831 bcsId: 3523} | ret=SUCCESS |  
2019-08-23 11:31:42,416 | INFO  | DNAudit | user=null | ip=null | op=WRITE_CHUNK {blockData=conID: 3 locID: 102666069761589831 bcsId: 3523} | ret=SUCCESS |  
2019-08-23 11:31:42,424 | INFO  | DNAudit | user=null | ip=null | op=WRITE_CHUNK {blockData=conID: 3 locID: 102666069761589831 bcsId: 3523} | ret=SUCCESS |  
2019-08-23 11:31:42,425 | INFO  | DNAudit | user=null | ip=null | op=PUT_BLOCK {blockData=[blockId=conID: 3 locID: 102666069761589831 bcsId: 0,size=3145728]} | ret=SUCCESS |  
2019-08-23 11:31:42,425 [grpc-default-executor-4] INFO  client.GrpcClientProtocolClient (GrpcClientProtocolClient.java:onNext(255)) - client-C9E345EC67ED->244f13ac-34be-4c4e-8e45-0c0272edbbb2: receive RaftClientReply:client-C9E345EC67ED->244f13ac-34be-4c4e-8e45-0c0272edbbb2@group-FE77C852EF02, cid=2396, SUCCESS, logIndex=3528, commits[244f13ac-34be-4c4e-8e45-0c0272edbbb2:c3529, 6287e41a-5356-4f55-84f2-270816d53e84:c3527, a2c18d3d-e79d-47c9-88fe-d8a1d195302b:c3527]
2019-08-23 11:31:42,425 [grpc-default-executor-4] INFO  client.GrpcClientProtocolClient (GrpcClientProtocolClient.java:onNext(255)) - client-C9E345EC67ED->244f13ac-34be-4c4e-8e45-0c0272edbbb2: receive RaftClientReply:client-C9E345EC67ED->244f13ac-34be-4c4e-8e45-0c0272edbbb2@group-FE77C852EF02, cid=2397, SUCCESS, logIndex=3529, commits[244f13ac-34be-4c4e-8e45-0c0272edbbb2:c3529, 6287e41a-5356-4f55-84f2-270816d53e84:c3527, a2c18d3d-e79d-47c9-88fe-d8a1d195302b:c3527]
2019-08-23 11:31:42,432 | INFO  | DNAudit | user=null | ip=null | op=WRITE_CHUNK {blockData=conID: 3 locID: 102666069761589831 bcsId: 3529} | ret=SUCCESS |  
2019-08-23 11:31:42,435 | INFO  | DNAudit | user=null | ip=null | op=WRITE_CHUNK {blockData=conID: 3 locID: 102666069761589831 bcsId: 3529} | ret=SUCCESS |  
2019-08-23 11:31:42,435 | INFO  | DNAudit | user=null | ip=null | op=WRITE_CHUNK {blockData=conID: 3 locID: 102666069761589831 bcsId: 3529} | ret=SUCCESS |  
2019-08-23 11:31:42,436 | INFO  | DNAudit | user=null | ip=null | op=WRITE_CHUNK {blockData=conID: 3 locID: 102666069761589831 bcsId: 3523} | ret=SUCCESS |  
2019-08-23 11:31:42,436 | INFO  | DNAudit | user=null | ip=null | op=WRITE_CHUNK {blockData=conID: 3 locID: 102666069761589831 bcsId: 3523} | ret=SUCCESS |  
2019-08-23 11:31:42,436 | INFO  | DNAudit | user=null | ip=null | op=PUT_BLOCK {blockData=[blockId=conID: 3 locID: 102666069761589831 bcsId: 0,size=3145728]} | ret=SUCCESS |  
2019-08-23 11:31:42,439 | INFO  | DNAudit | user=null | ip=null | op=PUT_BLOCK {blockData=[blockId=conID: 3 locID: 102666069761589831 bcsId: 0,size=3145728]} | ret=SUCCESS |  
2019-08-23 11:31:42,440 | INFO  | DNAudit | user=null | ip=null | op=WRITE_CHUNK {blockData=conID: 3 locID: 102666069761589831 bcsId: 3529} | ret=SUCCESS |  
2019-08-23 11:31:42,441 | INFO  | DNAudit | user=null | ip=null | op=PUT_BLOCK {blockData=[blockId=conID: 3 locID: 102666069761589831 bcsId: 0,size=4194304]} | ret=SUCCESS |  
2019-08-23 11:31:42,441 [grpc-default-executor-4] INFO  client.GrpcClientProtocolClient (GrpcClientProtocolClient.java:onNext(255)) - client-C9E345EC67ED->244f13ac-34be-4c4e-8e45-0c0272edbbb2: receive RaftClientReply:client-C9E345EC67ED->244f13ac-34be-4c4e-8e45-0c0272edbbb2@group-FE77C852EF02, cid=2398, SUCCESS, logIndex=3532, commits[244f13ac-34be-4c4e-8e45-0c0272edbbb2:c3532, 6287e41a-5356-4f55-84f2-270816d53e84:c3529, a2c18d3d-e79d-47c9-88fe-d8a1d195302b:c3529]
2019-08-23 11:31:42,441 [grpc-default-executor-4] INFO  client.GrpcClientProtocolClient (GrpcClientProtocolClient.java:onNext(255)) - client-C9E345EC67ED->244f13ac-34be-4c4e-8e45-0c0272edbbb2: receive RaftClientReply:client-C9E345EC67ED->244f13ac-34be-4c4e-8e45-0c0272edbbb2@group-FE77C852EF02, cid=2399, SUCCESS, logIndex=3533, commits[244f13ac-34be-4c4e-8e45-0c0272edbbb2:c3533, 6287e41a-5356-4f55-84f2-270816d53e84:c3529, a2c18d3d-e79d-47c9-88fe-d8a1d195302b:c3529]
2019-08-23 11:31:42,451 | INFO  | DNAudit | user=null | ip=null | op=WRITE_CHUNK {blockData=conID: 3 locID: 102666069761589831 bcsId: 3529} | ret=SUCCESS |  
2019-08-23 11:31:42,451 | INFO  | DNAudit | user=null | ip=null | op=WRITE_CHUNK {blockData=conID: 3 locID: 102666069761589831 bcsId: 3529} | ret=SUCCESS |  
2019-08-23 11:31:42,460 | INFO  | DNAudit | user=null | ip=null | op=PUT_BLOCK {blockData=[blockId=conID: 3 locID: 102666069761589831 bcsId: 0,size=4194304]} | ret=SUCCESS |  
2019-08-23 11:31:42,460 | INFO  | DNAudit | user=null | ip=null | op=PUT_BLOCK {blockData=[blockId=conID: 3 locID: 102666069761589831 bcsId: 0,size=4194304]} | ret=SUCCESS |  
2019-08-23 11:31:42,461 [grpc-default-executor-4] INFO  client.GrpcClientProtocolClient (GrpcClientProtocolClient.java:onNext(255)) - client-C9E345EC67ED->244f13ac-34be-4c4e-8e45-0c0272edbbb2: receive RaftClientReply:client-C9E345EC67ED->244f13ac-34be-4c4e-8e45-0c0272edbbb2@group-FE77C852EF02, cid=2400, SUCCESS, logIndex=0, commits[244f13ac-34be-4c4e-8e45-0c0272edbbb2:c3535, 6287e41a-5356-4f55-84f2-270816d53e84:c3533, a2c18d3d-e79d-47c9-88fe-d8a1d195302b:c3533]
2019-08-23 11:31:42,467 | INFO  | SCMAudit | user=jenkins1000 | ip=192.168.5.185 | op=ALLOCATE_BLOCK {owner=00a23185-76ea-47b5-a641-ad3cfbe5521a, size=4194304, type=RATIS, factor=THREE} | ret=SUCCESS |  
2019-08-23 11:31:42,471 | INFO  | OMAudit | user=jenkins1000 | ip=127.0.0.1 | op=ALLOCATE_BLOCK {volume=vol-0-37508, bucket=bucket-0-50919, key=key-0-57313, dataSize=0, replicationType=null, replicationFactor=null, keyLocationInfo=null, clientID=102666068570931602} | ret=SUCCESS |  
2019-08-23 11:31:42,480 | INFO  | DNAudit | user=null | ip=null | op=WRITE_CHUNK {blockData=conID: 1 locID: 102666069768077896 bcsId: 0} | ret=SUCCESS |  
2019-08-23 11:31:42,657 | INFO  | DNAudit | user=null | ip=null | op=WRITE_CHUNK {blockData=conID: 1 locID: 102666069768077896 bcsId: 0} | ret=SUCCESS |  
2019-08-23 11:31:42,660 | INFO  | DNAudit | user=null | ip=null | op=WRITE_CHUNK {blockData=conID: 1 locID: 102666069768077896 bcsId: 0} | ret=SUCCESS |  
2019-08-23 11:31:42,660 | INFO  | DNAudit | user=null | ip=null | op=WRITE_CHUNK {blockData=conID: 1 locID: 102666069768077896 bcsId: 0} | ret=SUCCESS |  
2019-08-23 11:31:42,663 | INFO  | DNAudit | user=null | ip=null | op=WRITE_CHUNK {blockData=conID: 1 locID: 102666069768077896 bcsId: 0} | ret=SUCCESS |  
2019-08-23 11:31:42,664 | INFO  | DNAudit | user=null | ip=null | op=WRITE_CHUNK {blockData=conID: 1 locID: 102666069768077896 bcsId: 0} | ret=SUCCESS |  
2019-08-23 11:31:42,671 | INFO  | DNAudit | user=null | ip=null | op=WRITE_CHUNK {blockData=conID: 1 locID: 102666069768077896 bcsId: 0} | ret=SUCCESS |  
2019-08-23 11:31:42,671 | INFO  | DNAudit | user=null | ip=null | op=PUT_BLOCK {blockData=[blockId=conID: 1 locID: 102666069768077896 bcsId: 0,size=1048576]} | ret=SUCCESS |  
2019-08-23 11:31:42,672 [grpc-default-executor-4] INFO  client.GrpcClientProtocolClient (GrpcClientProtocolClient.java:onNext(255)) - client-C9E345EC67ED->244f13ac-34be-4c4e-8e45-0c0272edbbb2: receive RaftClientReply:client-C9E345EC67ED->244f13ac-34be-4c4e-8e45-0c0272edbbb2@group-FE77C852EF02, cid=2401, SUCCESS, logIndex=3536, commits[244f13ac-34be-4c4e-8e45-0c0272edbbb2:c3537, 6287e41a-5356-4f55-84f2-270816d53e84:c3535, a2c18d3d-e79d-47c9-88fe-d8a1d195302b:c3535]
2019-08-23 11:31:42,672 | INFO  | DNAudit | user=null | ip=null | op=WRITE_CHUNK {blockData=conID: 1 locID: 102666069768077896 bcsId: 0} | ret=SUCCESS |  
2019-08-23 11:31:42,672 | INFO  | DNAudit | user=null | ip=null | op=WRITE_CHUNK {blockData=conID: 1 locID: 102666069768077896 bcsId: 0} | ret=SUCCESS |  
2019-08-23 11:31:42,672 [grpc-default-executor-4] INFO  client.GrpcClientProtocolClient (GrpcClientProtocolClient.java:onNext(255)) - client-C9E345EC67ED->244f13ac-34be-4c4e-8e45-0c0272edbbb2: receive RaftClientReply:client-C9E345EC67ED->244f13ac-34be-4c4e-8e45-0c0272edbbb2@group-FE77C852EF02, cid=2402, SUCCESS, logIndex=3537, commits[244f13ac-34be-4c4e-8e45-0c0272edbbb2:c3539, 6287e41a-5356-4f55-84f2-270816d53e84:c3535, a2c18d3d-e79d-47c9-88fe-d8a1d195302b:c3535]
2019-08-23 11:31:42,673 | INFO  | DNAudit | user=null | ip=null | op=PUT_BLOCK {blockData=[blockId=conID: 1 locID: 102666069768077896 bcsId: 0,size=2097152]} | ret=SUCCESS |  
2019-08-23 11:31:42,673 | INFO  | DNAudit | user=null | ip=null | op=WRITE_CHUNK {blockData=conID: 1 locID: 102666069768077896 bcsId: 0} | ret=SUCCESS |  
2019-08-23 11:31:42,673 [grpc-default-executor-4] INFO  client.GrpcClientProtocolClient (GrpcClientProtocolClient.java:onNext(255)) - client-C9E345EC67ED->244f13ac-34be-4c4e-8e45-0c0272edbbb2: receive RaftClientReply:client-C9E345EC67ED->244f13ac-34be-4c4e-8e45-0c0272edbbb2@group-FE77C852EF02, cid=2403, SUCCESS, logIndex=3538, commits[244f13ac-34be-4c4e-8e45-0c0272edbbb2:c3540, 6287e41a-5356-4f55-84f2-270816d53e84:c3535, a2c18d3d-e79d-47c9-88fe-d8a1d195302b:c3536]
2019-08-23 11:31:42,673 | INFO  | DNAudit | user=null | ip=null | op=PUT_BLOCK {blockData=[blockId=conID: 1 locID: 102666069768077896 bcsId: 0,size=1048576]} | ret=SUCCESS |  
2019-08-23 11:31:42,673 [grpc-default-executor-4] INFO  client.GrpcClientProtocolClient (GrpcClientProtocolClient.java:onNext(255)) - client-C9E345EC67ED->244f13ac-34be-4c4e-8e45-0c0272edbbb2: receive RaftClientReply:client-C9E345EC67ED->244f13ac-34be-4c4e-8e45-0c0272edbbb2@group-FE77C852EF02, cid=2404, SUCCESS, logIndex=3539, commits[244f13ac-34be-4c4e-8e45-0c0272edbbb2:c3540, 6287e41a-5356-4f55-84f2-270816d53e84:c3536, a2c18d3d-e79d-47c9-88fe-d8a1d195302b:c3536]
2019-08-23 11:31:42,682 | INFO  | DNAudit | user=null | ip=null | op=PUT_BLOCK {blockData=[blockId=conID: 1 locID: 102666069768077896 bcsId: 0,size=1048576]} | ret=SUCCESS |  
2019-08-23 11:31:42,682 | INFO  | DNAudit | user=null | ip=null | op=WRITE_CHUNK {blockData=conID: 1 locID: 102666069768077896 bcsId: 0} | ret=SUCCESS |  
2019-08-23 11:31:42,682 | INFO  | DNAudit | user=null | ip=null | op=PUT_BLOCK {blockData=[blockId=conID: 1 locID: 102666069768077896 bcsId: 0,size=2097152]} | ret=SUCCESS |  
2019-08-23 11:31:42,683 [grpc-default-executor-4] INFO  client.GrpcClientProtocolClient (GrpcClientProtocolClient.java:onNext(255)) - client-C9E345EC67ED->244f13ac-34be-4c4e-8e45-0c0272edbbb2: receive RaftClientReply:client-C9E345EC67ED->244f13ac-34be-4c4e-8e45-0c0272edbbb2@group-FE77C852EF02, cid=2405, SUCCESS, logIndex=0, commits[244f13ac-34be-4c4e-8e45-0c0272edbbb2:c3541, 6287e41a-5356-4f55-84f2-270816d53e84:c3537, a2c18d3d-e79d-47c9-88fe-d8a1d195302b:c3537]
2019-08-23 11:31:42,693 | INFO  | DNAudit | user=null | ip=null | op=WRITE_CHUNK {blockData=conID: 1 locID: 102666069768077896 bcsId: 3539} | ret=SUCCESS |  
2019-08-23 11:31:42,693 | INFO  | DNAudit | user=null | ip=null | op=WRITE_CHUNK {blockData=conID: 1 locID: 102666069768077896 bcsId: 0} | ret=SUCCESS |  
2019-08-23 11:31:42,694 | INFO  | DNAudit | user=null | ip=null | op=PUT_BLOCK {blockData=[blockId=conID: 1 locID: 102666069768077896 bcsId: 0,size=2097152]} | ret=SUCCESS |  
2019-08-23 11:31:42,696 | INFO  | DNAudit | user=null | ip=null | op=WRITE_CHUNK {blockData=conID: 1 locID: 102666069768077896 bcsId: 3539} | ret=SUCCESS |  
2019-08-23 11:31:42,697 | INFO  | DNAudit | user=null | ip=null | op=WRITE_CHUNK {blockData=conID: 1 locID: 102666069768077896 bcsId: 3539} | ret=SUCCESS |  
2019-08-23 11:31:42,705 | INFO  | DNAudit | user=null | ip=null | op=WRITE_CHUNK {blockData=conID: 1 locID: 102666069768077896 bcsId: 3539} | ret=SUCCESS |  
2019-08-23 11:31:42,706 | INFO  | DNAudit | user=null | ip=null | op=PUT_BLOCK {blockData=[blockId=conID: 1 locID: 102666069768077896 bcsId: 0,size=3145728]} | ret=SUCCESS |  
2019-08-23 11:31:42,706 [grpc-default-executor-0] INFO  client.GrpcClientProtocolClient (GrpcClientProtocolClient.java:onNext(255)) - client-C9E345EC67ED->244f13ac-34be-4c4e-8e45-0c0272edbbb2: receive RaftClientReply:client-C9E345EC67ED->244f13ac-34be-4c4e-8e45-0c0272edbbb2@group-FE77C852EF02, cid=2406, SUCCESS, logIndex=3544, commits[244f13ac-34be-4c4e-8e45-0c0272edbbb2:c3545, 6287e41a-5356-4f55-84f2-270816d53e84:c3543, a2c18d3d-e79d-47c9-88fe-d8a1d195302b:c3543]
2019-08-23 11:31:42,706 [grpc-default-executor-0] INFO  client.GrpcClientProtocolClient (GrpcClientProtocolClient.java:onNext(255)) - client-C9E345EC67ED->244f13ac-34be-4c4e-8e45-0c0272edbbb2: receive RaftClientReply:client-C9E345EC67ED->244f13ac-34be-4c4e-8e45-0c0272edbbb2@group-FE77C852EF02, cid=2407, SUCCESS, logIndex=3545, commits[244f13ac-34be-4c4e-8e45-0c0272edbbb2:c3545, 6287e41a-5356-4f55-84f2-270816d53e84:c3543, a2c18d3d-e79d-47c9-88fe-d8a1d195302b:c3543]
2019-08-23 11:31:42,713 | INFO  | DNAudit | user=null | ip=null | op=WRITE_CHUNK {blockData=conID: 1 locID: 102666069768077896 bcsId: 3545} | ret=SUCCESS |  
2019-08-23 11:31:42,716 | INFO  | DNAudit | user=null | ip=null | op=WRITE_CHUNK {blockData=conID: 1 locID: 102666069768077896 bcsId: 3545} | ret=SUCCESS |  
2019-08-23 11:31:42,716 | INFO  | DNAudit | user=null | ip=null | op=WRITE_CHUNK {blockData=conID: 1 locID: 102666069768077896 bcsId: 3545} | ret=SUCCESS |  
2019-08-23 11:31:42,716 | INFO  | DNAudit | user=null | ip=null | op=WRITE_CHUNK {blockData=conID: 1 locID: 102666069768077896 bcsId: 3539} | ret=SUCCESS |  
2019-08-23 11:31:42,717 | INFO  | DNAudit | user=null | ip=null | op=WRITE_CHUNK {blockData=conID: 1 locID: 102666069768077896 bcsId: 3539} | ret=SUCCESS |  
2019-08-23 11:31:42,719 | INFO  | DNAudit | user=null | ip=null | op=PUT_BLOCK {blockData=[blockId=conID: 1 locID: 102666069768077896 bcsId: 0,size=3145728]} | ret=SUCCESS |  
2019-08-23 11:31:42,719 | INFO  | DNAudit | user=null | ip=null | op=PUT_BLOCK {blockData=[blockId=conID: 1 locID: 102666069768077896 bcsId: 0,size=3145728]} | ret=SUCCESS |  
2019-08-23 11:31:42,720 | INFO  | DNAudit | user=null | ip=null | op=WRITE_CHUNK {blockData=conID: 1 locID: 102666069768077896 bcsId: 3545} | ret=SUCCESS |  
2019-08-23 11:31:42,720 | INFO  | DNAudit | user=null | ip=null | op=PUT_BLOCK {blockData=[blockId=conID: 1 locID: 102666069768077896 bcsId: 0,size=4194304]} | ret=SUCCESS |  
2019-08-23 11:31:42,720 [grpc-default-executor-0] INFO  client.GrpcClientProtocolClient (GrpcClientProtocolClient.java:onNext(255)) - client-C9E345EC67ED->244f13ac-34be-4c4e-8e45-0c0272edbbb2: receive RaftClientReply:client-C9E345EC67ED->244f13ac-34be-4c4e-8e45-0c0272edbbb2@group-FE77C852EF02, cid=2408, SUCCESS, logIndex=3548, commits[244f13ac-34be-4c4e-8e45-0c0272edbbb2:c3549, 6287e41a-5356-4f55-84f2-270816d53e84:c3545, a2c18d3d-e79d-47c9-88fe-d8a1d195302b:c3545]
2019-08-23 11:31:42,721 [grpc-default-executor-0] INFO  client.GrpcClientProtocolClient (GrpcClientProtocolClient.java:onNext(255)) - client-C9E345EC67ED->244f13ac-34be-4c4e-8e45-0c0272edbbb2: receive RaftClientReply:client-C9E345EC67ED->244f13ac-34be-4c4e-8e45-0c0272edbbb2@group-FE77C852EF02, cid=2409, SUCCESS, logIndex=3549, commits[244f13ac-34be-4c4e-8e45-0c0272edbbb2:c3549, 6287e41a-5356-4f55-84f2-270816d53e84:c3545, a2c18d3d-e79d-47c9-88fe-d8a1d195302b:c3545]
2019-08-23 11:31:42,731 | INFO  | DNAudit | user=null | ip=null | op=WRITE_CHUNK {blockData=conID: 1 locID: 102666069768077896 bcsId: 3545} | ret=SUCCESS |  
2019-08-23 11:31:42,731 | INFO  | DNAudit | user=null | ip=null | op=WRITE_CHUNK {blockData=conID: 1 locID: 102666069768077896 bcsId: 3545} | ret=SUCCESS |  
2019-08-23 11:31:42,732 | INFO  | DNAudit | user=null | ip=null | op=PUT_BLOCK {blockData=[blockId=conID: 1 locID: 102666069768077896 bcsId: 0,size=4194304]} | ret=SUCCESS |  
2019-08-23 11:31:42,732 | INFO  | DNAudit | user=null | ip=null | op=PUT_BLOCK {blockData=[blockId=conID: 1 locID: 102666069768077896 bcsId: 0,size=4194304]} | ret=SUCCESS |  
2019-08-23 11:31:42,732 [grpc-default-executor-0] INFO  client.GrpcClientProtocolClient (GrpcClientProtocolClient.java:onNext(255)) - client-C9E345EC67ED->244f13ac-34be-4c4e-8e45-0c0272edbbb2: receive RaftClientReply:client-C9E345EC67ED->244f13ac-34be-4c4e-8e45-0c0272edbbb2@group-FE77C852EF02, cid=2410, SUCCESS, logIndex=0, commits[244f13ac-34be-4c4e-8e45-0c0272edbbb2:c3550, 6287e41a-5356-4f55-84f2-270816d53e84:c3549, a2c18d3d-e79d-47c9-88fe-d8a1d195302b:c3549]
2019-08-23 11:31:42,739 | INFO  | SCMAudit | user=jenkins1000 | ip=192.168.5.185 | op=ALLOCATE_BLOCK {owner=00a23185-76ea-47b5-a641-ad3cfbe5521a, size=4194304, type=RATIS, factor=THREE} | ret=SUCCESS |  
2019-08-23 11:31:42,743 | INFO  | OMAudit | user=jenkins1000 | ip=127.0.0.1 | op=ALLOCATE_BLOCK {volume=vol-0-37508, bucket=bucket-0-50919, key=key-0-57313, dataSize=0, replicationType=null, replicationFactor=null, keyLocationInfo=null, clientID=102666068570931602} | ret=SUCCESS |  
2019-08-23 11:31:42,751 | INFO  | DNAudit | user=null | ip=null | op=WRITE_CHUNK {blockData=conID: 2 locID: 102666069785903689 bcsId: 0} | ret=SUCCESS |  
2019-08-23 11:31:42,755 | INFO  | DNAudit | user=null | ip=null | op=WRITE_CHUNK {blockData=conID: 2 locID: 102666069785903689 bcsId: 0} | ret=SUCCESS |  
2019-08-23 11:31:42,755 | INFO  | DNAudit | user=null | ip=null | op=WRITE_CHUNK {blockData=conID: 2 locID: 102666069785903689 bcsId: 0} | ret=SUCCESS |  
2019-08-23 11:31:42,755 | INFO  | DNAudit | user=null | ip=null | op=WRITE_CHUNK {blockData=conID: 2 locID: 102666069785903689 bcsId: 0} | ret=SUCCESS |  
2019-08-23 11:31:42,757 | INFO  | DNAudit | user=null | ip=null | op=WRITE_CHUNK {blockData=conID: 2 locID: 102666069785903689 bcsId: 0} | ret=SUCCESS |  
2019-08-23 11:31:42,757 | INFO  | DNAudit | user=null | ip=null | op=WRITE_CHUNK {blockData=conID: 2 locID: 102666069785903689 bcsId: 0} | ret=SUCCESS |  
2019-08-23 11:31:42,764 | INFO  | DNAudit | user=null | ip=null | op=WRITE_CHUNK {blockData=conID: 2 locID: 102666069785903689 bcsId: 0} | ret=SUCCESS |  
2019-08-23 11:31:42,764 | INFO  | DNAudit | user=null | ip=null | op=PUT_BLOCK {blockData=[blockId=conID: 2 locID: 102666069785903689 bcsId: 0,size=1048576]} | ret=SUCCESS |  
2019-08-23 11:31:42,764 | INFO  | DNAudit | user=null | ip=null | op=WRITE_CHUNK {blockData=conID: 2 locID: 102666069785903689 bcsId: 0} | ret=SUCCESS |  
2019-08-23 11:31:42,764 [grpc-default-executor-0] INFO  client.GrpcClientProtocolClient (GrpcClientProtocolClient.java:onNext(255)) - client-C9E345EC67ED->244f13ac-34be-4c4e-8e45-0c0272edbbb2: receive RaftClientReply:client-C9E345EC67ED->244f13ac-34be-4c4e-8e45-0c0272edbbb2@group-FE77C852EF02, cid=2411, SUCCESS, logIndex=3552, commits[244f13ac-34be-4c4e-8e45-0c0272edbbb2:c3553, 6287e41a-5356-4f55-84f2-270816d53e84:c3551, a2c18d3d-e79d-47c9-88fe-d8a1d195302b:c3551]
2019-08-23 11:31:42,765 | INFO  | DNAudit | user=null | ip=null | op=PUT_BLOCK {blockData=[blockId=conID: 2 locID: 102666069785903689 bcsId: 0,size=2097152]} | ret=SUCCESS |  
2019-08-23 11:31:42,765 [grpc-default-executor-0] INFO  client.GrpcClientProtocolClient (GrpcClientProtocolClient.java:onNext(255)) - client-C9E345EC67ED->244f13ac-34be-4c4e-8e45-0c0272edbbb2: receive RaftClientReply:client-C9E345EC67ED->244f13ac-34be-4c4e-8e45-0c0272edbbb2@group-FE77C852EF02, cid=2412, SUCCESS, logIndex=3553, commits[244f13ac-34be-4c4e-8e45-0c0272edbbb2:c3555, 6287e41a-5356-4f55-84f2-270816d53e84:c3551, a2c18d3d-e79d-47c9-88fe-d8a1d195302b:c3551]
2019-08-23 11:31:42,765 [grpc-default-executor-0] INFO  client.GrpcClientProtocolClient (GrpcClientProtocolClient.java:onNext(255)) - client-C9E345EC67ED->244f13ac-34be-4c4e-8e45-0c0272edbbb2: receive RaftClientReply:client-C9E345EC67ED->244f13ac-34be-4c4e-8e45-0c0272edbbb2@group-FE77C852EF02, cid=2413, SUCCESS, logIndex=3554, commits[244f13ac-34be-4c4e-8e45-0c0272edbbb2:c3555, 6287e41a-5356-4f55-84f2-270816d53e84:c3551, a2c18d3d-e79d-47c9-88fe-d8a1d195302b:c3551]
2019-08-23 11:31:42,765 [grpc-default-executor-0] INFO  client.GrpcClientProtocolClient (GrpcClientProtocolClient.java:onNext(255)) - client-C9E345EC67ED->244f13ac-34be-4c4e-8e45-0c0272edbbb2: receive RaftClientReply:client-C9E345EC67ED->244f13ac-34be-4c4e-8e45-0c0272edbbb2@group-FE77C852EF02, cid=2414, SUCCESS, logIndex=3555, commits[244f13ac-34be-4c4e-8e45-0c0272edbbb2:c3555, 6287e41a-5356-4f55-84f2-270816d53e84:c3551, a2c18d3d-e79d-47c9-88fe-d8a1d195302b:c3551]
2019-08-23 11:31:42,775 | INFO  | DNAudit | user=null | ip=null | op=WRITE_CHUNK {blockData=conID: 2 locID: 102666069785903689 bcsId: 0} | ret=SUCCESS |  
2019-08-23 11:31:42,775 | INFO  | DNAudit | user=null | ip=null | op=WRITE_CHUNK {blockData=conID: 2 locID: 102666069785903689 bcsId: 0} | ret=SUCCESS |  
2019-08-23 11:31:42,775 | INFO  | DNAudit | user=null | ip=null | op=PUT_BLOCK {blockData=[blockId=conID: 2 locID: 102666069785903689 bcsId: 0,size=1048576]} | ret=SUCCESS |  
2019-08-23 11:31:42,775 | INFO  | DNAudit | user=null | ip=null | op=PUT_BLOCK {blockData=[blockId=conID: 2 locID: 102666069785903689 bcsId: 0,size=1048576]} | ret=SUCCESS |  
2019-08-23 11:31:42,775 [grpc-default-executor-0] INFO  client.GrpcClientProtocolClient (GrpcClientProtocolClient.java:onNext(255)) - client-C9E345EC67ED->244f13ac-34be-4c4e-8e45-0c0272edbbb2: receive RaftClientReply:client-C9E345EC67ED->244f13ac-34be-4c4e-8e45-0c0272edbbb2@group-FE77C852EF02, cid=2415, SUCCESS, logIndex=0, commits[244f13ac-34be-4c4e-8e45-0c0272edbbb2:c3556, 6287e41a-5356-4f55-84f2-270816d53e84:c3553, a2c18d3d-e79d-47c9-88fe-d8a1d195302b:c3553]
2019-08-23 11:31:42,778 | INFO  | DNAudit | user=null | ip=null | op=WRITE_CHUNK {blockData=conID: 2 locID: 102666069785903689 bcsId: 0} | ret=SUCCESS |  
2019-08-23 11:31:42,778 | INFO  | DNAudit | user=null | ip=null | op=WRITE_CHUNK {blockData=conID: 2 locID: 102666069785903689 bcsId: 0} | ret=SUCCESS |  
2019-08-23 11:31:42,778 | INFO  | DNAudit | user=null | ip=null | op=PUT_BLOCK {blockData=[blockId=conID: 2 locID: 102666069785903689 bcsId: 0,size=2097152]} | ret=SUCCESS |  
2019-08-23 11:31:42,778 | INFO  | DNAudit | user=null | ip=null | op=PUT_BLOCK {blockData=[blockId=conID: 2 locID: 102666069785903689 bcsId: 0,size=2097152]} | ret=SUCCESS |  
2019-08-23 11:31:42,782 | INFO  | DNAudit | user=null | ip=null | op=WRITE_CHUNK {blockData=conID: 2 locID: 102666069785903689 bcsId: 3555} | ret=SUCCESS |  
2019-08-23 11:31:42,783 | INFO  | DNAudit | user=null | ip=null | op=WRITE_CHUNK {blockData=conID: 2 locID: 102666069785903689 bcsId: 3555} | ret=SUCCESS |  
2019-08-23 11:31:42,783 | INFO  | DNAudit | user=null | ip=null | op=WRITE_CHUNK {blockData=conID: 2 locID: 102666069785903689 bcsId: 3555} | ret=SUCCESS |  
2019-08-23 11:31:42,794 | INFO  | DNAudit | user=null | ip=null | op=WRITE_CHUNK {blockData=conID: 2 locID: 102666069785903689 bcsId: 3555} | ret=SUCCESS |  
2019-08-23 11:31:42,795 | INFO  | DNAudit | user=null | ip=null | op=PUT_BLOCK {blockData=[blockId=conID: 2 locID: 102666069785903689 bcsId: 0,size=3145728]} | ret=SUCCESS |  
2019-08-23 11:31:42,795 [grpc-default-executor-1] INFO  client.GrpcClientProtocolClient (GrpcClientProtocolClient.java:onNext(255)) - client-C9E345EC67ED->244f13ac-34be-4c4e-8e45-0c0272edbbb2: receive RaftClientReply:client-C9E345EC67ED->244f13ac-34be-4c4e-8e45-0c0272edbbb2@group-FE77C852EF02, cid=2416, SUCCESS, logIndex=3560, commits[244f13ac-34be-4c4e-8e45-0c0272edbbb2:c3561, 6287e41a-5356-4f55-84f2-270816d53e84:c3559, a2c18d3d-e79d-47c9-88fe-d8a1d195302b:c3559]
2019-08-23 11:31:42,795 [grpc-default-executor-1] INFO  client.GrpcClientProtocolClient (GrpcClientProtocolClient.java:onNext(255)) - client-C9E345EC67ED->244f13ac-34be-4c4e-8e45-0c0272edbbb2: receive RaftClientReply:client-C9E345EC67ED->244f13ac-34be-4c4e-8e45-0c0272edbbb2@group-FE77C852EF02, cid=2417, SUCCESS, logIndex=3561, commits[244f13ac-34be-4c4e-8e45-0c0272edbbb2:c3561, 6287e41a-5356-4f55-84f2-270816d53e84:c3559, a2c18d3d-e79d-47c9-88fe-d8a1d195302b:c3559]
2019-08-23 11:31:42,801 | INFO  | DNAudit | user=null | ip=null | op=WRITE_CHUNK {blockData=conID: 2 locID: 102666069785903689 bcsId: 3561} | ret=SUCCESS |  
2019-08-23 11:31:42,802 | INFO  | DNAudit | user=null | ip=null | op=WRITE_CHUNK {blockData=conID: 2 locID: 102666069785903689 bcsId: 3561} | ret=SUCCESS |  
2019-08-23 11:31:42,803 | INFO  | DNAudit | user=null | ip=null | op=WRITE_CHUNK {blockData=conID: 2 locID: 102666069785903689 bcsId: 3561} | ret=SUCCESS |  
2019-08-23 11:31:42,806 | INFO  | DNAudit | user=null | ip=null | op=WRITE_CHUNK {blockData=conID: 2 locID: 102666069785903689 bcsId: 3555} | ret=SUCCESS |  
2019-08-23 11:31:42,806 | INFO  | DNAudit | user=null | ip=null | op=WRITE_CHUNK {blockData=conID: 2 locID: 102666069785903689 bcsId: 3555} | ret=SUCCESS |  
2019-08-23 11:31:42,809 | INFO  | DNAudit | user=null | ip=null | op=PUT_BLOCK {blockData=[blockId=conID: 2 locID: 102666069785903689 bcsId: 0,size=3145728]} | ret=SUCCESS |  
2019-08-23 11:31:42,809 | INFO  | DNAudit | user=null | ip=null | op=PUT_BLOCK {blockData=[blockId=conID: 2 locID: 102666069785903689 bcsId: 0,size=3145728]} | ret=SUCCESS |  
2019-08-23 11:31:42,809 | INFO  | DNAudit | user=null | ip=null | op=WRITE_CHUNK {blockData=conID: 2 locID: 102666069785903689 bcsId: 3561} | ret=SUCCESS |  
2019-08-23 11:31:42,810 | INFO  | DNAudit | user=null | ip=null | op=PUT_BLOCK {blockData=[blockId=conID: 2 locID: 102666069785903689 bcsId: 0,size=4194304]} | ret=SUCCESS |  
2019-08-23 11:31:42,810 [grpc-default-executor-2] INFO  client.GrpcClientProtocolClient (GrpcClientProtocolClient.java:onNext(255)) - client-C9E345EC67ED->244f13ac-34be-4c4e-8e45-0c0272edbbb2: receive RaftClientReply:client-C9E345EC67ED->244f13ac-34be-4c4e-8e45-0c0272edbbb2@group-FE77C852EF02, cid=2418, SUCCESS, logIndex=3564, commits[244f13ac-34be-4c4e-8e45-0c0272edbbb2:c3565, 6287e41a-5356-4f55-84f2-270816d53e84:c3561, a2c18d3d-e79d-47c9-88fe-d8a1d195302b:c3561]
2019-08-23 11:31:42,810 [grpc-default-executor-2] INFO  client.GrpcClientProtocolClient (GrpcClientProtocolClient.java:onNext(255)) - client-C9E345EC67ED->244f13ac-34be-4c4e-8e45-0c0272edbbb2: receive RaftClientReply:client-C9E345EC67ED->244f13ac-34be-4c4e-8e45-0c0272edbbb2@group-FE77C852EF02, cid=2419, SUCCESS, logIndex=3565, commits[244f13ac-34be-4c4e-8e45-0c0272edbbb2:c3565, 6287e41a-5356-4f55-84f2-270816d53e84:c3561, a2c18d3d-e79d-47c9-88fe-d8a1d195302b:c3561]
2019-08-23 11:31:42,821 | INFO  | DNAudit | user=null | ip=null | op=WRITE_CHUNK {blockData=conID: 2 locID: 102666069785903689 bcsId: 3561} | ret=SUCCESS |  
2019-08-23 11:31:42,821 | INFO  | DNAudit | user=null | ip=null | op=WRITE_CHUNK {blockData=conID: 2 locID: 102666069785903689 bcsId: 3561} | ret=SUCCESS |  
2019-08-23 11:31:42,822 | INFO  | DNAudit | user=null | ip=null | op=PUT_BLOCK {blockData=[blockId=conID: 2 locID: 102666069785903689 bcsId: 0,size=4194304]} | ret=SUCCESS |  
2019-08-23 11:31:42,822 | INFO  | DNAudit | user=null | ip=null | op=PUT_BLOCK {blockData=[blockId=conID: 2 locID: 102666069785903689 bcsId: 0,size=4194304]} | ret=SUCCESS |  
2019-08-23 11:31:42,822 [grpc-default-executor-2] INFO  client.GrpcClientProtocolClient (GrpcClientProtocolClient.java:onNext(255)) - client-C9E345EC67ED->244f13ac-34be-4c4e-8e45-0c0272edbbb2: receive RaftClientReply:client-C9E345EC67ED->244f13ac-34be-4c4e-8e45-0c0272edbbb2@group-FE77C852EF02, cid=2420, SUCCESS, logIndex=0, commits[244f13ac-34be-4c4e-8e45-0c0272edbbb2:c3567, 6287e41a-5356-4f55-84f2-270816d53e84:c3565, a2c18d3d-e79d-47c9-88fe-d8a1d195302b:c3565]
2019-08-23 11:31:42,828 | INFO  | SCMAudit | user=jenkins1000 | ip=192.168.5.185 | op=ALLOCATE_BLOCK {owner=00a23185-76ea-47b5-a641-ad3cfbe5521a, size=4194304, type=RATIS, factor=THREE} | ret=SUCCESS |  
2019-08-23 11:31:42,832 | INFO  | OMAudit | user=jenkins1000 | ip=127.0.0.1 | op=ALLOCATE_BLOCK {volume=vol-0-37508, bucket=bucket-0-50919, key=key-0-57313, dataSize=0, replicationType=null, replicationFactor=null, keyLocationInfo=null, clientID=102666068570931602} | ret=SUCCESS |  
2019-08-23 11:31:42,838 | INFO  | DNAudit | user=null | ip=null | op=WRITE_CHUNK {blockData=conID: 3 locID: 102666069791736394 bcsId: 0} | ret=SUCCESS |  
2019-08-23 11:31:42,840 | INFO  | DNAudit | user=null | ip=null | op=WRITE_CHUNK {blockData=conID: 3 locID: 102666069791736394 bcsId: 0} | ret=SUCCESS |  
2019-08-23 11:31:42,840 | INFO  | DNAudit | user=null | ip=null | op=WRITE_CHUNK {blockData=conID: 3 locID: 102666069791736394 bcsId: 0} | ret=SUCCESS |  
2019-08-23 11:31:42,841 | INFO  | DNAudit | user=null | ip=null | op=WRITE_CHUNK {blockData=conID: 3 locID: 102666069791736394 bcsId: 0} | ret=SUCCESS |  
2019-08-23 11:31:42,842 | INFO  | DNAudit | user=null | ip=null | op=WRITE_CHUNK {blockData=conID: 3 locID: 102666069791736394 bcsId: 0} | ret=SUCCESS |  
2019-08-23 11:31:42,842 | INFO  | DNAudit | user=null | ip=null | op=WRITE_CHUNK {blockData=conID: 3 locID: 102666069791736394 bcsId: 0} | ret=SUCCESS |  
2019-08-23 11:31:42,850 | INFO  | DNAudit | user=null | ip=null | op=WRITE_CHUNK {blockData=conID: 3 locID: 102666069791736394 bcsId: 0} | ret=SUCCESS |  
2019-08-23 11:31:42,850 | INFO  | DNAudit | user=null | ip=null | op=PUT_BLOCK {blockData=[blockId=conID: 3 locID: 102666069791736394 bcsId: 0,size=1048576]} | ret=SUCCESS |  
2019-08-23 11:31:42,851 | INFO  | DNAudit | user=null | ip=null | op=WRITE_CHUNK {blockData=conID: 3 locID: 102666069791736394 bcsId: 0} | ret=SUCCESS |  
2019-08-23 11:31:42,851 [grpc-default-executor-1] INFO  client.GrpcClientProtocolClient (GrpcClientProtocolClient.java:onNext(255)) - client-C9E345EC67ED->244f13ac-34be-4c4e-8e45-0c0272edbbb2: receive RaftClientReply:client-C9E345EC67ED->244f13ac-34be-4c4e-8e45-0c0272edbbb2@group-FE77C852EF02, cid=2421, SUCCESS, logIndex=3568, commits[244f13ac-34be-4c4e-8e45-0c0272edbbb2:c3570, 6287e41a-5356-4f55-84f2-270816d53e84:c3567, a2c18d3d-e79d-47c9-88fe-d8a1d195302b:c3567]
2019-08-23 11:31:42,851 | INFO  | DNAudit | user=null | ip=null | op=PUT_BLOCK {blockData=[blockId=conID: 3 locID: 102666069791736394 bcsId: 0,size=2097152]} | ret=SUCCESS |  
2019-08-23 11:31:42,851 [grpc-default-executor-1] INFO  client.GrpcClientProtocolClient (GrpcClientProtocolClient.java:onNext(255)) - client-C9E345EC67ED->244f13ac-34be-4c4e-8e45-0c0272edbbb2: receive RaftClientReply:client-C9E345EC67ED->244f13ac-34be-4c4e-8e45-0c0272edbbb2@group-FE77C852EF02, cid=2422, SUCCESS, logIndex=3569, commits[244f13ac-34be-4c4e-8e45-0c0272edbbb2:c3571, 6287e41a-5356-4f55-84f2-270816d53e84:c3567, a2c18d3d-e79d-47c9-88fe-d8a1d195302b:c3567]
2019-08-23 11:31:42,851 [grpc-default-executor-1] INFO  client.GrpcClientProtocolClient (GrpcClientProtocolClient.java:onNext(255)) - client-C9E345EC67ED->244f13ac-34be-4c4e-8e45-0c0272edbbb2: receive RaftClientReply:client-C9E345EC67ED->244f13ac-34be-4c4e-8e45-0c0272edbbb2@group-FE77C852EF02, cid=2423, SUCCESS, logIndex=3570, commits[244f13ac-34be-4c4e-8e45-0c0272edbbb2:c3571, 6287e41a-5356-4f55-84f2-270816d53e84:c3567, a2c18d3d-e79d-47c9-88fe-d8a1d195302b:c3567]
2019-08-23 11:31:42,852 [grpc-default-executor-1] INFO  client.GrpcClientProtocolClient (GrpcClientProtocolClient.java:onNext(255)) - client-C9E345EC67ED->244f13ac-34be-4c4e-8e45-0c0272edbbb2: receive RaftClientReply:client-C9E345EC67ED->244f13ac-34be-4c4e-8e45-0c0272edbbb2@group-FE77C852EF02, cid=2424, SUCCESS, logIndex=3571, commits[244f13ac-34be-4c4e-8e45-0c0272edbbb2:c3571, 6287e41a-5356-4f55-84f2-270816d53e84:c3567, a2c18d3d-e79d-47c9-88fe-d8a1d195302b:c3567]
2019-08-23 11:31:42,853 | INFO  | DNAudit | user=null | ip=null | op=WRITE_CHUNK {blockData=conID: 3 locID: 102666069791736394 bcsId: 0} | ret=SUCCESS |  
2019-08-23 11:31:42,864 | INFO  | DNAudit | user=null | ip=null | op=WRITE_CHUNK {blockData=conID: 3 locID: 102666069791736394 bcsId: 0} | ret=SUCCESS |  
2019-08-23 11:31:42,864 | INFO  | DNAudit | user=null | ip=null | op=PUT_BLOCK {blockData=[blockId=conID: 3 locID: 102666069791736394 bcsId: 0,size=1048576]} | ret=SUCCESS |  
2019-08-23 11:31:42,864 | INFO  | DNAudit | user=null | ip=null | op=WRITE_CHUNK {blockData=conID: 3 locID: 102666069791736394 bcsId: 0} | ret=SUCCESS |  
2019-08-23 11:31:42,864 | INFO  | DNAudit | user=null | ip=null | op=PUT_BLOCK {blockData=[blockId=conID: 3 locID: 102666069791736394 bcsId: 0,size=1048576]} | ret=SUCCESS |  
2019-08-23 11:31:42,864 | INFO  | DNAudit | user=null | ip=null | op=WRITE_CHUNK {blockData=conID: 3 locID: 102666069791736394 bcsId: 0} | ret=SUCCESS |  
2019-08-23 11:31:42,864 | INFO  | DNAudit | user=null | ip=null | op=PUT_BLOCK {blockData=[blockId=conID: 3 locID: 102666069791736394 bcsId: 0,size=2097152]} | ret=SUCCESS |  
2019-08-23 11:31:42,865 [grpc-default-executor-1] INFO  client.GrpcClientProtocolClient (GrpcClientProtocolClient.java:onNext(255)) - client-C9E345EC67ED->244f13ac-34be-4c4e-8e45-0c0272edbbb2: receive RaftClientReply:client-C9E345EC67ED->244f13ac-34be-4c4e-8e45-0c0272edbbb2@group-FE77C852EF02, cid=2425, SUCCESS, logIndex=0, commits[244f13ac-34be-4c4e-8e45-0c0272edbbb2:c3574, 6287e41a-5356-4f55-84f2-270816d53e84:c3569, a2c18d3d-e79d-47c9-88fe-d8a1d195302b:c3570]
2019-08-23 11:31:42,865 | INFO  | DNAudit | user=null | ip=null | op=PUT_BLOCK {blockData=[blockId=conID: 3 locID: 102666069791736394 bcsId: 0,size=2097152]} | ret=SUCCESS |  
2019-08-23 11:31:42,870 | INFO  | DNAudit | user=null | ip=null | op=WRITE_CHUNK {blockData=conID: 3 locID: 102666069791736394 bcsId: 3571} | ret=SUCCESS |  
2019-08-23 11:31:42,872 | INFO  | DNAudit | user=null | ip=null | op=WRITE_CHUNK {blockData=conID: 3 locID: 102666069791736394 bcsId: 3571} | ret=SUCCESS |  
2019-08-23 11:31:42,872 | INFO  | DNAudit | user=null | ip=null | op=WRITE_CHUNK {blockData=conID: 3 locID: 102666069791736394 bcsId: 3571} | ret=SUCCESS |  
2019-08-23 11:31:42,882 | INFO  | DNAudit | user=null | ip=null | op=WRITE_CHUNK {blockData=conID: 3 locID: 102666069791736394 bcsId: 3571} | ret=SUCCESS |  
2019-08-23 11:31:42,883 | INFO  | DNAudit | user=null | ip=null | op=PUT_BLOCK {blockData=[blockId=conID: 3 locID: 102666069791736394 bcsId: 0,size=3145728]} | ret=SUCCESS |  
2019-08-23 11:31:42,883 [grpc-default-executor-0] INFO  client.GrpcClientProtocolClient (GrpcClientProtocolClient.java:onNext(255)) - client-C9E345EC67ED->244f13ac-34be-4c4e-8e45-0c0272edbbb2: receive RaftClientReply:client-C9E345EC67ED->244f13ac-34be-4c4e-8e45-0c0272edbbb2@group-FE77C852EF02, cid=2426, SUCCESS, logIndex=3576, commits[244f13ac-34be-4c4e-8e45-0c0272edbbb2:c3576, 6287e41a-5356-4f55-84f2-270816d53e84:c3575, a2c18d3d-e79d-47c9-88fe-d8a1d195302b:c3575]
2019-08-23 11:31:42,883 [grpc-default-executor-0] INFO  client.GrpcClientProtocolClient (GrpcClientProtocolClient.java:onNext(255)) - client-C9E345EC67ED->244f13ac-34be-4c4e-8e45-0c0272edbbb2: receive RaftClientReply:client-C9E345EC67ED->244f13ac-34be-4c4e-8e45-0c0272edbbb2@group-FE77C852EF02, cid=2427, SUCCESS, logIndex=3577, commits[244f13ac-34be-4c4e-8e45-0c0272edbbb2:c3577, 6287e41a-5356-4f55-84f2-270816d53e84:c3575, a2c18d3d-e79d-47c9-88fe-d8a1d195302b:c3575]
2019-08-23 11:31:42,888 | INFO  | DNAudit | user=null | ip=null | op=WRITE_CHUNK {blockData=conID: 3 locID: 102666069791736394 bcsId: 3577} | ret=SUCCESS |  
2019-08-23 11:31:42,890 | INFO  | DNAudit | user=null | ip=null | op=WRITE_CHUNK {blockData=conID: 3 locID: 102666069791736394 bcsId: 3577} | ret=SUCCESS |  
2019-08-23 11:31:42,890 | INFO  | DNAudit | user=null | ip=null | op=WRITE_CHUNK {blockData=conID: 3 locID: 102666069791736394 bcsId: 3577} | ret=SUCCESS |  
2019-08-23 11:31:42,894 | INFO  | DNAudit | user=null | ip=null | op=WRITE_CHUNK {blockData=conID: 3 locID: 102666069791736394 bcsId: 3571} | ret=SUCCESS |  
2019-08-23 11:31:42,894 | INFO  | DNAudit | user=null | ip=null | op=WRITE_CHUNK {blockData=conID: 3 locID: 102666069791736394 bcsId: 3571} | ret=SUCCESS |  
2019-08-23 11:31:42,896 | INFO  | DNAudit | user=null | ip=null | op=PUT_BLOCK {blockData=[blockId=conID: 3 locID: 102666069791736394 bcsId: 0,size=3145728]} | ret=SUCCESS |  
2019-08-23 11:31:42,896 | INFO  | DNAudit | user=null | ip=null | op=PUT_BLOCK {blockData=[blockId=conID: 3 locID: 102666069791736394 bcsId: 0,size=3145728]} | ret=SUCCESS |  
2019-08-23 11:31:42,896 | INFO  | DNAudit | user=null | ip=null | op=WRITE_CHUNK {blockData=conID: 3 locID: 102666069791736394 bcsId: 3577} | ret=SUCCESS |  
2019-08-23 11:31:42,897 | INFO  | DNAudit | user=null | ip=null | op=PUT_BLOCK {blockData=[blockId=conID: 3 locID: 102666069791736394 bcsId: 0,size=4194304]} | ret=SUCCESS |  
2019-08-23 11:31:42,897 [grpc-default-executor-2] INFO  client.GrpcClientProtocolClient (GrpcClientProtocolClient.java:onNext(255)) - client-C9E345EC67ED->244f13ac-34be-4c4e-8e45-0c0272edbbb2: receive RaftClientReply:client-C9E345EC67ED->244f13ac-34be-4c4e-8e45-0c0272edbbb2@group-FE77C852EF02, cid=2428, SUCCESS, logIndex=3580, commits[244f13ac-34be-4c4e-8e45-0c0272edbbb2:c3580, 6287e41a-5356-4f55-84f2-270816d53e84:c3577, a2c18d3d-e79d-47c9-88fe-d8a1d195302b:c3577]
2019-08-23 11:31:42,897 [grpc-default-executor-2] INFO  client.GrpcClientProtocolClient (GrpcClientProtocolClient.java:onNext(255)) - client-C9E345EC67ED->244f13ac-34be-4c4e-8e45-0c0272edbbb2: receive RaftClientReply:client-C9E345EC67ED->244f13ac-34be-4c4e-8e45-0c0272edbbb2@group-FE77C852EF02, cid=2429, SUCCESS, logIndex=3581, commits[244f13ac-34be-4c4e-8e45-0c0272edbbb2:c3581, 6287e41a-5356-4f55-84f2-270816d53e84:c3577, a2c18d3d-e79d-47c9-88fe-d8a1d195302b:c3577]
2019-08-23 11:31:42,908 | INFO  | DNAudit | user=null | ip=null | op=WRITE_CHUNK {blockData=conID: 3 locID: 102666069791736394 bcsId: 3577} | ret=SUCCESS |  
2019-08-23 11:31:42,908 | INFO  | DNAudit | user=null | ip=null | op=WRITE_CHUNK {blockData=conID: 3 locID: 102666069791736394 bcsId: 3577} | ret=SUCCESS |  
2019-08-23 11:31:42,911 | INFO  | DNAudit | user=null | ip=null | op=PUT_BLOCK {blockData=[blockId=conID: 3 locID: 102666069791736394 bcsId: 0,size=4194304]} | ret=SUCCESS |  
2019-08-23 11:31:42,911 | INFO  | DNAudit | user=null | ip=null | op=PUT_BLOCK {blockData=[blockId=conID: 3 locID: 102666069791736394 bcsId: 0,size=4194304]} | ret=SUCCESS |  
2019-08-23 11:31:42,911 [grpc-default-executor-2] INFO  client.GrpcClientProtocolClient (GrpcClientProtocolClient.java:onNext(255)) - client-C9E345EC67ED->244f13ac-34be-4c4e-8e45-0c0272edbbb2: receive RaftClientReply:client-C9E345EC67ED->244f13ac-34be-4c4e-8e45-0c0272edbbb2@group-FE77C852EF02, cid=2430, SUCCESS, logIndex=0, commits[244f13ac-34be-4c4e-8e45-0c0272edbbb2:c3583, 6287e41a-5356-4f55-84f2-270816d53e84:c3581, a2c18d3d-e79d-47c9-88fe-d8a1d195302b:c3581]
2019-08-23 11:31:42,917 | INFO  | SCMAudit | user=jenkins1000 | ip=192.168.5.185 | op=ALLOCATE_BLOCK {owner=00a23185-76ea-47b5-a641-ad3cfbe5521a, size=4194304, type=RATIS, factor=THREE} | ret=SUCCESS |  
2019-08-23 11:31:42,919 | INFO  | OMAudit | user=jenkins1000 | ip=127.0.0.1 | op=ALLOCATE_BLOCK {volume=vol-0-37508, bucket=bucket-0-50919, key=key-0-57313, dataSize=0, replicationType=null, replicationFactor=null, keyLocationInfo=null, clientID=102666068570931602} | ret=SUCCESS |  
2019-08-23 11:31:42,925 | INFO  | DNAudit | user=null | ip=null | op=WRITE_CHUNK {blockData=conID: 1 locID: 102666069797569099 bcsId: 0} | ret=SUCCESS |  
2019-08-23 11:31:42,927 | INFO  | DNAudit | user=null | ip=null | op=WRITE_CHUNK {blockData=conID: 1 locID: 102666069797569099 bcsId: 0} | ret=SUCCESS |  
2019-08-23 11:31:42,928 | INFO  | DNAudit | user=null | ip=null | op=WRITE_CHUNK {blockData=conID: 1 locID: 102666069797569099 bcsId: 0} | ret=SUCCESS |  
2019-08-23 11:31:42,928 | INFO  | DNAudit | user=null | ip=null | op=WRITE_CHUNK {blockData=conID: 1 locID: 102666069797569099 bcsId: 0} | ret=SUCCESS |  
2019-08-23 11:31:42,929 | INFO  | DNAudit | user=null | ip=null | op=WRITE_CHUNK {blockData=conID: 1 locID: 102666069797569099 bcsId: 0} | ret=SUCCESS |  
2019-08-23 11:31:42,929 | INFO  | DNAudit | user=null | ip=null | op=WRITE_CHUNK {blockData=conID: 1 locID: 102666069797569099 bcsId: 0} | ret=SUCCESS |  
2019-08-23 11:31:42,936 | INFO  | DNAudit | user=null | ip=null | op=WRITE_CHUNK {blockData=conID: 1 locID: 102666069797569099 bcsId: 0} | ret=SUCCESS |  
2019-08-23 11:31:42,937 | INFO  | DNAudit | user=null | ip=null | op=PUT_BLOCK {blockData=[blockId=conID: 1 locID: 102666069797569099 bcsId: 0,size=1048576]} | ret=SUCCESS |  
2019-08-23 11:31:42,937 | INFO  | DNAudit | user=null | ip=null | op=WRITE_CHUNK {blockData=conID: 1 locID: 102666069797569099 bcsId: 0} | ret=SUCCESS |  
2019-08-23 11:31:42,937 [grpc-default-executor-4] INFO  client.GrpcClientProtocolClient (GrpcClientProtocolClient.java:onNext(255)) - client-C9E345EC67ED->244f13ac-34be-4c4e-8e45-0c0272edbbb2: receive RaftClientReply:client-C9E345EC67ED->244f13ac-34be-4c4e-8e45-0c0272edbbb2@group-FE77C852EF02, cid=2431, SUCCESS, logIndex=3584, commits[244f13ac-34be-4c4e-8e45-0c0272edbbb2:c3585, 6287e41a-5356-4f55-84f2-270816d53e84:c3583, a2c18d3d-e79d-47c9-88fe-d8a1d195302b:c3583]
2019-08-23 11:31:42,937 | INFO  | DNAudit | user=null | ip=null | op=PUT_BLOCK {blockData=[blockId=conID: 1 locID: 102666069797569099 bcsId: 0,size=2097152]} | ret=SUCCESS |  
2019-08-23 11:31:42,938 [grpc-default-executor-4] INFO  client.GrpcClientProtocolClient (GrpcClientProtocolClient.java:onNext(255)) - client-C9E345EC67ED->244f13ac-34be-4c4e-8e45-0c0272edbbb2: receive RaftClientReply:client-C9E345EC67ED->244f13ac-34be-4c4e-8e45-0c0272edbbb2@group-FE77C852EF02, cid=2432, SUCCESS, logIndex=3585, commits[244f13ac-34be-4c4e-8e45-0c0272edbbb2:c3587, 6287e41a-5356-4f55-84f2-270816d53e84:c3583, a2c18d3d-e79d-47c9-88fe-d8a1d195302b:c3583]
2019-08-23 11:31:42,938 [grpc-default-executor-4] INFO  client.GrpcClientProtocolClient (GrpcClientProtocolClient.java:onNext(255)) - client-C9E345EC67ED->244f13ac-34be-4c4e-8e45-0c0272edbbb2: receive RaftClientReply:client-C9E345EC67ED->244f13ac-34be-4c4e-8e45-0c0272edbbb2@group-FE77C852EF02, cid=2433, SUCCESS, logIndex=3586, commits[244f13ac-34be-4c4e-8e45-0c0272edbbb2:c3587, 6287e41a-5356-4f55-84f2-270816d53e84:c3583, a2c18d3d-e79d-47c9-88fe-d8a1d195302b:c3583]
2019-08-23 11:31:42,938 [grpc-default-executor-4] INFO  client.GrpcClientProtocolClient (GrpcClientProtocolClient.java:onNext(255)) - client-C9E345EC67ED->244f13ac-34be-4c4e-8e45-0c0272edbbb2: receive RaftClientReply:client-C9E345EC67ED->244f13ac-34be-4c4e-8e45-0c0272edbbb2@group-FE77C852EF02, cid=2434, SUCCESS, logIndex=3587, commits[244f13ac-34be-4c4e-8e45-0c0272edbbb2:c3587, 6287e41a-5356-4f55-84f2-270816d53e84:c3583, a2c18d3d-e79d-47c9-88fe-d8a1d195302b:c3583]
2019-08-23 11:31:42,946 | INFO  | DNAudit | user=null | ip=null | op=WRITE_CHUNK {blockData=conID: 1 locID: 102666069797569099 bcsId: 0} | ret=SUCCESS |  
2019-08-23 11:31:42,956 | INFO  | DNAudit | user=null | ip=null | op=WRITE_CHUNK {blockData=conID: 1 locID: 102666069797569099 bcsId: 0} | ret=SUCCESS |  
2019-08-23 11:31:42,956 | INFO  | DNAudit | user=null | ip=null | op=PUT_BLOCK {blockData=[blockId=conID: 1 locID: 102666069797569099 bcsId: 0,size=1048576]} | ret=SUCCESS |  
2019-08-23 11:31:42,956 | INFO  | DNAudit | user=null | ip=null | op=PUT_BLOCK {blockData=[blockId=conID: 1 locID: 102666069797569099 bcsId: 0,size=1048576]} | ret=SUCCESS |  
2019-08-23 11:31:42,956 | INFO  | DNAudit | user=null | ip=null | op=WRITE_CHUNK {blockData=conID: 1 locID: 102666069797569099 bcsId: 0} | ret=SUCCESS |  
2019-08-23 11:31:42,956 | INFO  | DNAudit | user=null | ip=null | op=PUT_BLOCK {blockData=[blockId=conID: 1 locID: 102666069797569099 bcsId: 0,size=2097152]} | ret=SUCCESS |  
2019-08-23 11:31:42,957 | INFO  | DNAudit | user=null | ip=null | op=WRITE_CHUNK {blockData=conID: 1 locID: 102666069797569099 bcsId: 0} | ret=SUCCESS |  
2019-08-23 11:31:42,957 [grpc-default-executor-4] INFO  client.GrpcClientProtocolClient (GrpcClientProtocolClient.java:onNext(255)) - client-C9E345EC67ED->244f13ac-34be-4c4e-8e45-0c0272edbbb2: receive RaftClientReply:client-C9E345EC67ED->244f13ac-34be-4c4e-8e45-0c0272edbbb2@group-FE77C852EF02, cid=2435, SUCCESS, logIndex=0, commits[244f13ac-34be-4c4e-8e45-0c0272edbbb2:c3591, 6287e41a-5356-4f55-84f2-270816d53e84:c3587, a2c18d3d-e79d-47c9-88fe-d8a1d195302b:c3585]
2019-08-23 11:31:42,957 | INFO  | DNAudit | user=null | ip=null | op=PUT_BLOCK {blockData=[blockId=conID: 1 locID: 102666069797569099 bcsId: 0,size=2097152]} | ret=SUCCESS |  
2019-08-23 11:31:42,962 | INFO  | DNAudit | user=null | ip=null | op=WRITE_CHUNK {blockData=conID: 1 locID: 102666069797569099 bcsId: 3587} | ret=SUCCESS |  
2019-08-23 11:31:42,963 | INFO  | DNAudit | user=null | ip=null | op=WRITE_CHUNK {blockData=conID: 1 locID: 102666069797569099 bcsId: 3587} | ret=SUCCESS |  
2019-08-23 11:31:42,964 | INFO  | DNAudit | user=null | ip=null | op=WRITE_CHUNK {blockData=conID: 1 locID: 102666069797569099 bcsId: 3587} | ret=SUCCESS |  
2019-08-23 11:31:42,968 | INFO  | DNAudit | user=null | ip=null | op=WRITE_CHUNK {blockData=conID: 1 locID: 102666069797569099 bcsId: 3587} | ret=SUCCESS |  
2019-08-23 11:31:42,968 | INFO  | DNAudit | user=null | ip=null | op=PUT_BLOCK {blockData=[blockId=conID: 1 locID: 102666069797569099 bcsId: 0,size=3145728]} | ret=SUCCESS |  
2019-08-23 11:31:42,968 [grpc-default-executor-4] INFO  client.GrpcClientProtocolClient (GrpcClientProtocolClient.java:onNext(255)) - client-C9E345EC67ED->244f13ac-34be-4c4e-8e45-0c0272edbbb2: receive RaftClientReply:client-C9E345EC67ED->244f13ac-34be-4c4e-8e45-0c0272edbbb2@group-FE77C852EF02, cid=2436, SUCCESS, logIndex=3592, commits[244f13ac-34be-4c4e-8e45-0c0272edbbb2:c3593, 6287e41a-5356-4f55-84f2-270816d53e84:c3591, a2c18d3d-e79d-47c9-88fe-d8a1d195302b:c3591]
2019-08-23 11:31:42,968 [grpc-default-executor-4] INFO  client.GrpcClientProtocolClient (GrpcClientProtocolClient.java:onNext(255)) - client-C9E345EC67ED->244f13ac-34be-4c4e-8e45-0c0272edbbb2: receive RaftClientReply:client-C9E345EC67ED->244f13ac-34be-4c4e-8e45-0c0272edbbb2@group-FE77C852EF02, cid=2437, SUCCESS, logIndex=3593, commits[244f13ac-34be-4c4e-8e45-0c0272edbbb2:c3593, 6287e41a-5356-4f55-84f2-270816d53e84:c3591, a2c18d3d-e79d-47c9-88fe-d8a1d195302b:c3591]
2019-08-23 11:31:42,969 | INFO  | DNAudit | user=null | ip=null | op=WRITE_CHUNK {blockData=conID: 1 locID: 102666069797569099 bcsId: 3587} | ret=SUCCESS |  
2019-08-23 11:31:42,969 | INFO  | DNAudit | user=null | ip=null | op=WRITE_CHUNK {blockData=conID: 1 locID: 102666069797569099 bcsId: 3587} | ret=SUCCESS |  
2019-08-23 11:31:42,972 | INFO  | DNAudit | user=null | ip=null | op=PUT_BLOCK {blockData=[blockId=conID: 1 locID: 102666069797569099 bcsId: 0,size=3145728]} | ret=SUCCESS |  
2019-08-23 11:31:42,972 | INFO  | DNAudit | user=null | ip=null | op=PUT_BLOCK {blockData=[blockId=conID: 1 locID: 102666069797569099 bcsId: 0,size=3145728]} | ret=SUCCESS |  
2019-08-23 11:31:42,974 | INFO  | DNAudit | user=null | ip=null | op=WRITE_CHUNK {blockData=conID: 1 locID: 102666069797569099 bcsId: 3593} | ret=SUCCESS |  
2019-08-23 11:31:42,975 | INFO  | DNAudit | user=null | ip=null | op=WRITE_CHUNK {blockData=conID: 1 locID: 102666069797569099 bcsId: 3593} | ret=SUCCESS |  
2019-08-23 11:31:42,975 | INFO  | DNAudit | user=null | ip=null | op=WRITE_CHUNK {blockData=conID: 1 locID: 102666069797569099 bcsId: 3593} | ret=SUCCESS |  
2019-08-23 11:31:42,984 | INFO  | DNAudit | user=null | ip=null | op=WRITE_CHUNK {blockData=conID: 1 locID: 102666069797569099 bcsId: 3593} | ret=SUCCESS |  
2019-08-23 11:31:42,985 | INFO  | DNAudit | user=null | ip=null | op=PUT_BLOCK {blockData=[blockId=conID: 1 locID: 102666069797569099 bcsId: 0,size=4194304]} | ret=SUCCESS |  
2019-08-23 11:31:42,985 [grpc-default-executor-0] INFO  client.GrpcClientProtocolClient (GrpcClientProtocolClient.java:onNext(255)) - client-C9E345EC67ED->244f13ac-34be-4c4e-8e45-0c0272edbbb2: receive RaftClientReply:client-C9E345EC67ED->244f13ac-34be-4c4e-8e45-0c0272edbbb2@group-FE77C852EF02, cid=2438, SUCCESS, logIndex=3596, commits[244f13ac-34be-4c4e-8e45-0c0272edbbb2:c3597, 6287e41a-5356-4f55-84f2-270816d53e84:c3595, a2c18d3d-e79d-47c9-88fe-d8a1d195302b:c3595]
2019-08-23 11:31:42,985 [grpc-default-executor-0] INFO  client.GrpcClientProtocolClient (GrpcClientProtocolClient.java:onNext(255)) - client-C9E345EC67ED->244f13ac-34be-4c4e-8e45-0c0272edbbb2: receive RaftClientReply:client-C9E345EC67ED->244f13ac-34be-4c4e-8e45-0c0272edbbb2@group-FE77C852EF02, cid=2439, SUCCESS, logIndex=3597, commits[244f13ac-34be-4c4e-8e45-0c0272edbbb2:c3597, 6287e41a-5356-4f55-84f2-270816d53e84:c3595, a2c18d3d-e79d-47c9-88fe-d8a1d195302b:c3595]
2019-08-23 11:31:42,994 | INFO  | DNAudit | user=null | ip=null | op=WRITE_CHUNK {blockData=conID: 1 locID: 102666069797569099 bcsId: 3593} | ret=SUCCESS |  
2019-08-23 11:31:42,995 | INFO  | DNAudit | user=null | ip=null | op=WRITE_CHUNK {blockData=conID: 1 locID: 102666069797569099 bcsId: 3593} | ret=SUCCESS |  
2019-08-23 11:31:43,005 | INFO  | DNAudit | user=null | ip=null | op=PUT_BLOCK {blockData=[blockId=conID: 1 locID: 102666069797569099 bcsId: 0,size=4194304]} | ret=SUCCESS |  
2019-08-23 11:31:43,005 | INFO  | DNAudit | user=null | ip=null | op=PUT_BLOCK {blockData=[blockId=conID: 1 locID: 102666069797569099 bcsId: 0,size=4194304]} | ret=SUCCESS |  
2019-08-23 11:31:43,005 [grpc-default-executor-0] INFO  client.GrpcClientProtocolClient (GrpcClientProtocolClient.java:onNext(255)) - client-C9E345EC67ED->244f13ac-34be-4c4e-8e45-0c0272edbbb2: receive RaftClientReply:client-C9E345EC67ED->244f13ac-34be-4c4e-8e45-0c0272edbbb2@group-FE77C852EF02, cid=2440, SUCCESS, logIndex=0, commits[244f13ac-34be-4c4e-8e45-0c0272edbbb2:c3599, 6287e41a-5356-4f55-84f2-270816d53e84:c3597, a2c18d3d-e79d-47c9-88fe-d8a1d195302b:c3597]
2019-08-23 11:31:43,009 | INFO  | SCMAudit | user=jenkins1000 | ip=192.168.5.185 | op=ALLOCATE_BLOCK {owner=00a23185-76ea-47b5-a641-ad3cfbe5521a, size=4194304, type=RATIS, factor=THREE} | ret=SUCCESS |  
2019-08-23 11:31:43,011 | INFO  | OMAudit | user=jenkins1000 | ip=127.0.0.1 | op=ALLOCATE_BLOCK {volume=vol-0-37508, bucket=bucket-0-50919, key=key-0-57313, dataSize=0, replicationType=null, replicationFactor=null, keyLocationInfo=null, clientID=102666068570931602} | ret=SUCCESS |  
2019-08-23 11:31:43,017 | INFO  | DNAudit | user=null | ip=null | op=WRITE_CHUNK {blockData=conID: 2 locID: 102666069803598412 bcsId: 0} | ret=SUCCESS |  
2019-08-23 11:31:43,019 | INFO  | DNAudit | user=null | ip=null | op=WRITE_CHUNK {blockData=conID: 2 locID: 102666069803598412 bcsId: 0} | ret=SUCCESS |  
2019-08-23 11:31:43,019 | INFO  | DNAudit | user=null | ip=null | op=WRITE_CHUNK {blockData=conID: 2 locID: 102666069803598412 bcsId: 0} | ret=SUCCESS |  
2019-08-23 11:31:43,019 | INFO  | DNAudit | user=null | ip=null | op=WRITE_CHUNK {blockData=conID: 2 locID: 102666069803598412 bcsId: 0} | ret=SUCCESS |  
2019-08-23 11:31:43,021 | INFO  | DNAudit | user=null | ip=null | op=WRITE_CHUNK {blockData=conID: 2 locID: 102666069803598412 bcsId: 0} | ret=SUCCESS |  
2019-08-23 11:31:43,021 | INFO  | DNAudit | user=null | ip=null | op=WRITE_CHUNK {blockData=conID: 2 locID: 102666069803598412 bcsId: 0} | ret=SUCCESS |  
2019-08-23 11:31:43,026 | INFO  | DNAudit | user=null | ip=null | op=WRITE_CHUNK {blockData=conID: 2 locID: 102666069803598412 bcsId: 0} | ret=SUCCESS |  
2019-08-23 11:31:43,026 | INFO  | DNAudit | user=null | ip=null | op=PUT_BLOCK {blockData=[blockId=conID: 2 locID: 102666069803598412 bcsId: 0,size=1048576]} | ret=SUCCESS |  
2019-08-23 11:31:43,027 | INFO  | DNAudit | user=null | ip=null | op=WRITE_CHUNK {blockData=conID: 2 locID: 102666069803598412 bcsId: 0} | ret=SUCCESS |  
2019-08-23 11:31:43,027 [grpc-default-executor-2] INFO  client.GrpcClientProtocolClient (GrpcClientProtocolClient.java:onNext(255)) - client-C9E345EC67ED->244f13ac-34be-4c4e-8e45-0c0272edbbb2: receive RaftClientReply:client-C9E345EC67ED->244f13ac-34be-4c4e-8e45-0c0272edbbb2@group-FE77C852EF02, cid=2441, SUCCESS, logIndex=3600, commits[244f13ac-34be-4c4e-8e45-0c0272edbbb2:c3601, 6287e41a-5356-4f55-84f2-270816d53e84:c3599, a2c18d3d-e79d-47c9-88fe-d8a1d195302b:c3599]
2019-08-23 11:31:43,027 | INFO  | DNAudit | user=null | ip=null | op=PUT_BLOCK {blockData=[blockId=conID: 2 locID: 102666069803598412 bcsId: 0,size=2097152]} | ret=SUCCESS |  
2019-08-23 11:31:43,027 | INFO  | DNAudit | user=null | ip=null | op=WRITE_CHUNK {blockData=conID: 2 locID: 102666069803598412 bcsId: 0} | ret=SUCCESS |  
2019-08-23 11:31:43,027 | INFO  | DNAudit | user=null | ip=null | op=WRITE_CHUNK {blockData=conID: 2 locID: 102666069803598412 bcsId: 0} | ret=SUCCESS |  
2019-08-23 11:31:43,027 [grpc-default-executor-2] INFO  client.GrpcClientProtocolClient (GrpcClientProtocolClient.java:onNext(255)) - client-C9E345EC67ED->244f13ac-34be-4c4e-8e45-0c0272edbbb2: receive RaftClientReply:client-C9E345EC67ED->244f13ac-34be-4c4e-8e45-0c0272edbbb2@group-FE77C852EF02, cid=2442, SUCCESS, logIndex=3601, commits[244f13ac-34be-4c4e-8e45-0c0272edbbb2:c3603, 6287e41a-5356-4f55-84f2-270816d53e84:c3599, a2c18d3d-e79d-47c9-88fe-d8a1d195302b:c3599]
2019-08-23 11:31:43,027 [grpc-default-executor-2] INFO  client.GrpcClientProtocolClient (GrpcClientProtocolClient.java:onNext(255)) - client-C9E345EC67ED->244f13ac-34be-4c4e-8e45-0c0272edbbb2: receive RaftClientReply:client-C9E345EC67ED->244f13ac-34be-4c4e-8e45-0c0272edbbb2@group-FE77C852EF02, cid=2443, SUCCESS, logIndex=3602, commits[244f13ac-34be-4c4e-8e45-0c0272edbbb2:c3603, 6287e41a-5356-4f55-84f2-270816d53e84:c3599, a2c18d3d-e79d-47c9-88fe-d8a1d195302b:c3599]
2019-08-23 11:31:43,028 [grpc-default-executor-2] INFO  client.GrpcClientProtocolClient (GrpcClientProtocolClient.java:onNext(255)) - client-C9E345EC67ED->244f13ac-34be-4c4e-8e45-0c0272edbbb2: receive RaftClientReply:client-C9E345EC67ED->244f13ac-34be-4c4e-8e45-0c0272edbbb2@group-FE77C852EF02, cid=2444, SUCCESS, logIndex=3603, commits[244f13ac-34be-4c4e-8e45-0c0272edbbb2:c3603, 6287e41a-5356-4f55-84f2-270816d53e84:c3599, a2c18d3d-e79d-47c9-88fe-d8a1d195302b:c3599]
2019-08-23 11:31:43,028 | INFO  | DNAudit | user=null | ip=null | op=PUT_BLOCK {blockData=[blockId=conID: 2 locID: 102666069803598412 bcsId: 0,size=1048576]} | ret=SUCCESS |  
2019-08-23 11:31:43,028 | INFO  | DNAudit | user=null | ip=null | op=WRITE_CHUNK {blockData=conID: 2 locID: 102666069803598412 bcsId: 0} | ret=SUCCESS |  
2019-08-23 11:31:43,028 | INFO  | DNAudit | user=null | ip=null | op=PUT_BLOCK {blockData=[blockId=conID: 2 locID: 102666069803598412 bcsId: 0,size=1048576]} | ret=SUCCESS |  
2019-08-23 11:31:43,029 | INFO  | DNAudit | user=null | ip=null | op=PUT_BLOCK {blockData=[blockId=conID: 2 locID: 102666069803598412 bcsId: 0,size=2097152]} | ret=SUCCESS |  
2019-08-23 11:31:43,029 | INFO  | DNAudit | user=null | ip=null | op=WRITE_CHUNK {blockData=conID: 2 locID: 102666069803598412 bcsId: 0} | ret=SUCCESS |  
2019-08-23 11:31:43,029 [grpc-default-executor-2] INFO  client.GrpcClientProtocolClient (GrpcClientProtocolClient.java:onNext(255)) - client-C9E345EC67ED->244f13ac-34be-4c4e-8e45-0c0272edbbb2: receive RaftClientReply:client-C9E345EC67ED->244f13ac-34be-4c4e-8e45-0c0272edbbb2@group-FE77C852EF02, cid=2445, SUCCESS, logIndex=0, commits[244f13ac-34be-4c4e-8e45-0c0272edbbb2:c3605, 6287e41a-5356-4f55-84f2-270816d53e84:c3601, a2c18d3d-e79d-47c9-88fe-d8a1d195302b:c3601]
2019-08-23 11:31:43,029 | INFO  | DNAudit | user=null | ip=null | op=PUT_BLOCK {blockData=[blockId=conID: 2 locID: 102666069803598412 bcsId: 0,size=2097152]} | ret=SUCCESS |  
2019-08-23 11:31:43,034 | INFO  | DNAudit | user=null | ip=null | op=WRITE_CHUNK {blockData=conID: 2 locID: 102666069803598412 bcsId: 3603} | ret=SUCCESS |  
2019-08-23 11:31:43,035 | INFO  | DNAudit | user=null | ip=null | op=WRITE_CHUNK {blockData=conID: 2 locID: 102666069803598412 bcsId: 3603} | ret=SUCCESS |  
2019-08-23 11:31:43,036 | INFO  | DNAudit | user=null | ip=null | op=WRITE_CHUNK {blockData=conID: 2 locID: 102666069803598412 bcsId: 3603} | ret=SUCCESS |  
2019-08-23 11:31:43,050 | INFO  | DNAudit | user=null | ip=null | op=WRITE_CHUNK {blockData=conID: 2 locID: 102666069803598412 bcsId: 3603} | ret=SUCCESS |  
2019-08-23 11:31:43,051 | INFO  | DNAudit | user=null | ip=null | op=PUT_BLOCK {blockData=[blockId=conID: 2 locID: 102666069803598412 bcsId: 0,size=3145728]} | ret=SUCCESS |  
2019-08-23 11:31:43,051 [grpc-default-executor-2] INFO  client.GrpcClientProtocolClient (GrpcClientProtocolClient.java:onNext(255)) - client-C9E345EC67ED->244f13ac-34be-4c4e-8e45-0c0272edbbb2: receive RaftClientReply:client-C9E345EC67ED->244f13ac-34be-4c4e-8e45-0c0272edbbb2@group-FE77C852EF02, cid=2446, SUCCESS, logIndex=3608, commits[244f13ac-34be-4c4e-8e45-0c0272edbbb2:c3609, 6287e41a-5356-4f55-84f2-270816d53e84:c3607, a2c18d3d-e79d-47c9-88fe-d8a1d195302b:c3607]
2019-08-23 11:31:43,052 [grpc-default-executor-2] INFO  client.GrpcClientProtocolClient (GrpcClientProtocolClient.java:onNext(255)) - client-C9E345EC67ED->244f13ac-34be-4c4e-8e45-0c0272edbbb2: receive RaftClientReply:client-C9E345EC67ED->244f13ac-34be-4c4e-8e45-0c0272edbbb2@group-FE77C852EF02, cid=2447, SUCCESS, logIndex=3609, commits[244f13ac-34be-4c4e-8e45-0c0272edbbb2:c3609, 6287e41a-5356-4f55-84f2-270816d53e84:c3607, a2c18d3d-e79d-47c9-88fe-d8a1d195302b:c3607]
2019-08-23 11:31:43,058 | INFO  | DNAudit | user=null | ip=null | op=WRITE_CHUNK {blockData=conID: 2 locID: 102666069803598412 bcsId: 3609} | ret=SUCCESS |  
2019-08-23 11:31:43,060 | INFO  | DNAudit | user=null | ip=null | op=WRITE_CHUNK {blockData=conID: 2 locID: 102666069803598412 bcsId: 3609} | ret=SUCCESS |  
2019-08-23 11:31:43,060 | INFO  | DNAudit | user=null | ip=null | op=WRITE_CHUNK {blockData=conID: 2 locID: 102666069803598412 bcsId: 3609} | ret=SUCCESS |  
2019-08-23 11:31:43,062 | INFO  | DNAudit | user=null | ip=null | op=WRITE_CHUNK {blockData=conID: 2 locID: 102666069803598412 bcsId: 3603} | ret=SUCCESS |  
2019-08-23 11:31:43,062 | INFO  | DNAudit | user=null | ip=null | op=WRITE_CHUNK {blockData=conID: 2 locID: 102666069803598412 bcsId: 3603} | ret=SUCCESS |  
2019-08-23 11:31:43,062 | INFO  | DNAudit | user=null | ip=null | op=PUT_BLOCK {blockData=[blockId=conID: 2 locID: 102666069803598412 bcsId: 0,size=3145728]} | ret=SUCCESS |  
2019-08-23 11:31:43,062 | INFO  | DNAudit | user=null | ip=null | op=PUT_BLOCK {blockData=[blockId=conID: 2 locID: 102666069803598412 bcsId: 0,size=3145728]} | ret=SUCCESS |  
2019-08-23 11:31:43,063 | INFO  | DNAudit | user=null | ip=null | op=WRITE_CHUNK {blockData=conID: 2 locID: 102666069803598412 bcsId: 3609} | ret=SUCCESS |  
2019-08-23 11:31:43,063 | INFO  | DNAudit | user=null | ip=null | op=PUT_BLOCK {blockData=[blockId=conID: 2 locID: 102666069803598412 bcsId: 0,size=4194304]} | ret=SUCCESS |  
2019-08-23 11:31:43,063 [grpc-default-executor-2] INFO  client.GrpcClientProtocolClient (GrpcClientProtocolClient.java:onNext(255)) - client-C9E345EC67ED->244f13ac-34be-4c4e-8e45-0c0272edbbb2: receive RaftClientReply:client-C9E345EC67ED->244f13ac-34be-4c4e-8e45-0c0272edbbb2@group-FE77C852EF02, cid=2448, SUCCESS, logIndex=3612, commits[244f13ac-34be-4c4e-8e45-0c0272edbbb2:c3612, 6287e41a-5356-4f55-84f2-270816d53e84:c3609, a2c18d3d-e79d-47c9-88fe-d8a1d195302b:c3609]
2019-08-23 11:31:43,064 [grpc-default-executor-2] INFO  client.GrpcClientProtocolClient (GrpcClientProtocolClient.java:onNext(255)) - client-C9E345EC67ED->244f13ac-34be-4c4e-8e45-0c0272edbbb2: receive RaftClientReply:client-C9E345EC67ED->244f13ac-34be-4c4e-8e45-0c0272edbbb2@group-FE77C852EF02, cid=2449, SUCCESS, logIndex=3613, commits[244f13ac-34be-4c4e-8e45-0c0272edbbb2:c3613, 6287e41a-5356-4f55-84f2-270816d53e84:c3609, a2c18d3d-e79d-47c9-88fe-d8a1d195302b:c3609]
2019-08-23 11:31:43,075 | INFO  | DNAudit | user=null | ip=null | op=WRITE_CHUNK {blockData=conID: 2 locID: 102666069803598412 bcsId: 3609} | ret=SUCCESS |  
2019-08-23 11:31:43,075 | INFO  | DNAudit | user=null | ip=null | op=WRITE_CHUNK {blockData=conID: 2 locID: 102666069803598412 bcsId: 3609} | ret=SUCCESS |  
2019-08-23 11:31:43,077 | INFO  | DNAudit | user=null | ip=null | op=PUT_BLOCK {blockData=[blockId=conID: 2 locID: 102666069803598412 bcsId: 0,size=4194304]} | ret=SUCCESS |  
2019-08-23 11:31:43,078 | INFO  | DNAudit | user=null | ip=null | op=PUT_BLOCK {blockData=[blockId=conID: 2 locID: 102666069803598412 bcsId: 0,size=4194304]} | ret=SUCCESS |  
2019-08-23 11:31:43,078 [grpc-default-executor-0] INFO  client.GrpcClientProtocolClient (GrpcClientProtocolClient.java:onNext(255)) - client-C9E345EC67ED->244f13ac-34be-4c4e-8e45-0c0272edbbb2: receive RaftClientReply:client-C9E345EC67ED->244f13ac-34be-4c4e-8e45-0c0272edbbb2@group-FE77C852EF02, cid=2450, SUCCESS, logIndex=0, commits[244f13ac-34be-4c4e-8e45-0c0272edbbb2:c3615, 6287e41a-5356-4f55-84f2-270816d53e84:c3613, a2c18d3d-e79d-47c9-88fe-d8a1d195302b:c3613]
2019-08-23 11:31:43,083 | INFO  | SCMAudit | user=jenkins1000 | ip=192.168.5.185 | op=ALLOCATE_BLOCK {owner=00a23185-76ea-47b5-a641-ad3cfbe5521a, size=4194304, type=RATIS, factor=THREE} | ret=SUCCESS |  
2019-08-23 11:31:43,085 | INFO  | SCMAudit | user=jenkins1000 | ip=192.168.5.185 | op=SEND_HEARTBEAT {datanodeUUID=b2c34899-c5c3-4720-9d95-984efeabf4a7, command=[]} | ret=SUCCESS |  
2019-08-23 11:31:43,085 | INFO  | SCMAudit | user=jenkins1000 | ip=192.168.5.185 | op=SEND_HEARTBEAT {datanodeUUID=6287e41a-5356-4f55-84f2-270816d53e84, command=[]} | ret=SUCCESS |  
2019-08-23 11:31:43,085 | INFO  | SCMAudit | user=jenkins1000 | ip=192.168.5.185 | op=SEND_HEARTBEAT {datanodeUUID=244f13ac-34be-4c4e-8e45-0c0272edbbb2, command=[]} | ret=SUCCESS |  
2019-08-23 11:31:43,085 | INFO  | SCMAudit | user=jenkins1000 | ip=192.168.5.185 | op=SEND_HEARTBEAT {datanodeUUID=a2c18d3d-e79d-47c9-88fe-d8a1d195302b, command=[]} | ret=SUCCESS |  
2019-08-23 11:31:43,086 | INFO  | SCMAudit | user=jenkins1000 | ip=192.168.5.185 | op=SEND_HEARTBEAT {datanodeUUID=0d166765-8492-4439-8677-f737a7bc54ca, command=[]} | ret=SUCCESS |  
 0.00% |█                                                                                                    |  0/1 Time: 0:00:182019-08-23 11:31:43,086 | INFO  | OMAudit | user=jenkins1000 | ip=127.0.0.1 | op=ALLOCATE_BLOCK {volume=vol-0-37508, bucket=bucket-0-50919, key=key-0-57313, dataSize=0, replicationType=null, replicationFactor=null, keyLocationInfo=null, clientID=102666068570931602} | ret=SUCCESS |  
2019-08-23 11:31:43,092 | INFO  | DNAudit | user=null | ip=null | op=WRITE_CHUNK {blockData=conID: 3 locID: 102666069808448077 bcsId: 0} | ret=SUCCESS |  
2019-08-23 11:31:43,094 | INFO  | DNAudit | user=null | ip=null | op=WRITE_CHUNK {blockData=conID: 3 locID: 102666069808448077 bcsId: 0} | ret=SUCCESS |  
2019-08-23 11:31:43,095 | INFO  | DNAudit | user=null | ip=null | op=WRITE_CHUNK {blockData=conID: 3 locID: 102666069808448077 bcsId: 0} | ret=SUCCESS |  
2019-08-23 11:31:43,095 | INFO  | DNAudit | user=null | ip=null | op=WRITE_CHUNK {blockData=conID: 3 locID: 102666069808448077 bcsId: 0} | ret=SUCCESS |  
2019-08-23 11:31:43,096 | INFO  | DNAudit | user=null | ip=null | op=WRITE_CHUNK {blockData=conID: 3 locID: 102666069808448077 bcsId: 0} | ret=SUCCESS |  
2019-08-23 11:31:43,096 | INFO  | DNAudit | user=null | ip=null | op=WRITE_CHUNK {blockData=conID: 3 locID: 102666069808448077 bcsId: 0} | ret=SUCCESS |  
2019-08-23 11:31:43,107 | INFO  | DNAudit | user=null | ip=null | op=WRITE_CHUNK {blockData=conID: 3 locID: 102666069808448077 bcsId: 0} | ret=SUCCESS |  
2019-08-23 11:31:43,108 | INFO  | DNAudit | user=null | ip=null | op=PUT_BLOCK {blockData=[blockId=conID: 3 locID: 102666069808448077 bcsId: 0,size=1048576]} | ret=SUCCESS |  
2019-08-23 11:31:43,108 [grpc-default-executor-0] INFO  client.GrpcClientProtocolClient (GrpcClientProtocolClient.java:onNext(255)) - client-C9E345EC67ED->244f13ac-34be-4c4e-8e45-0c0272edbbb2: receive RaftClientReply:client-C9E345EC67ED->244f13ac-34be-4c4e-8e45-0c0272edbbb2@group-FE77C852EF02, cid=2451, SUCCESS, logIndex=3616, commits[244f13ac-34be-4c4e-8e45-0c0272edbbb2:c3619, 6287e41a-5356-4f55-84f2-270816d53e84:c3615, a2c18d3d-e79d-47c9-88fe-d8a1d195302b:c3615]
2019-08-23 11:31:43,108 | INFO  | DNAudit | user=null | ip=null | op=WRITE_CHUNK {blockData=conID: 3 locID: 102666069808448077 bcsId: 0} | ret=SUCCESS |  
2019-08-23 11:31:43,108 | INFO  | DNAudit | user=null | ip=null | op=PUT_BLOCK {blockData=[blockId=conID: 3 locID: 102666069808448077 bcsId: 0,size=2097152]} | ret=SUCCESS |  
2019-08-23 11:31:43,108 [grpc-default-executor-0] INFO  client.GrpcClientProtocolClient (GrpcClientProtocolClient.java:onNext(255)) - client-C9E345EC67ED->244f13ac-34be-4c4e-8e45-0c0272edbbb2: receive RaftClientReply:client-C9E345EC67ED->244f13ac-34be-4c4e-8e45-0c0272edbbb2@group-FE77C852EF02, cid=2452, SUCCESS, logIndex=3617, commits[244f13ac-34be-4c4e-8e45-0c0272edbbb2:c3619, 6287e41a-5356-4f55-84f2-270816d53e84:c3615, a2c18d3d-e79d-47c9-88fe-d8a1d195302b:c3615]
2019-08-23 11:31:43,109 | INFO  | DNAudit | user=null | ip=null | op=WRITE_CHUNK {blockData=conID: 3 locID: 102666069808448077 bcsId: 0} | ret=SUCCESS |  
2019-08-23 11:31:43,109 [grpc-default-executor-0] INFO  client.GrpcClientProtocolClient (GrpcClientProtocolClient.java:onNext(255)) - client-C9E345EC67ED->244f13ac-34be-4c4e-8e45-0c0272edbbb2: receive RaftClientReply:client-C9E345EC67ED->244f13ac-34be-4c4e-8e45-0c0272edbbb2@group-FE77C852EF02, cid=2453, SUCCESS, logIndex=3618, commits[244f13ac-34be-4c4e-8e45-0c0272edbbb2:c3619, 6287e41a-5356-4f55-84f2-270816d53e84:c3615, a2c18d3d-e79d-47c9-88fe-d8a1d195302b:c3615]
2019-08-23 11:31:43,109 | INFO  | DNAudit | user=null | ip=null | op=WRITE_CHUNK {blockData=conID: 3 locID: 102666069808448077 bcsId: 0} | ret=SUCCESS |  
2019-08-23 11:31:43,109 | INFO  | DNAudit | user=null | ip=null | op=PUT_BLOCK {blockData=[blockId=conID: 3 locID: 102666069808448077 bcsId: 0,size=1048576]} | ret=SUCCESS |  
2019-08-23 11:31:43,109 [grpc-default-executor-0] INFO  client.GrpcClientProtocolClient (GrpcClientProtocolClient.java:onNext(255)) - client-C9E345EC67ED->244f13ac-34be-4c4e-8e45-0c0272edbbb2: receive RaftClientReply:client-C9E345EC67ED->244f13ac-34be-4c4e-8e45-0c0272edbbb2@group-FE77C852EF02, cid=2454, SUCCESS, logIndex=3619, commits[244f13ac-34be-4c4e-8e45-0c0272edbbb2:c3619, 6287e41a-5356-4f55-84f2-270816d53e84:c3615, a2c18d3d-e79d-47c9-88fe-d8a1d195302b:c3615]
2019-08-23 11:31:43,109 | INFO  | DNAudit | user=null | ip=null | op=PUT_BLOCK {blockData=[blockId=conID: 3 locID: 102666069808448077 bcsId: 0,size=1048576]} | ret=SUCCESS |  
2019-08-23 11:31:43,109 | INFO  | DNAudit | user=null | ip=null | op=WRITE_CHUNK {blockData=conID: 3 locID: 102666069808448077 bcsId: 0} | ret=SUCCESS |  
2019-08-23 11:31:43,109 | INFO  | DNAudit | user=null | ip=null | op=PUT_BLOCK {blockData=[blockId=conID: 3 locID: 102666069808448077 bcsId: 0,size=2097152]} | ret=SUCCESS |  
2019-08-23 11:31:43,110 [grpc-default-executor-0] INFO  client.GrpcClientProtocolClient (GrpcClientProtocolClient.java:onNext(255)) - client-C9E345EC67ED->244f13ac-34be-4c4e-8e45-0c0272edbbb2: receive RaftClientReply:client-C9E345EC67ED->244f13ac-34be-4c4e-8e45-0c0272edbbb2@group-FE77C852EF02, cid=2455, SUCCESS, logIndex=0, commits[244f13ac-34be-4c4e-8e45-0c0272edbbb2:c3622, 6287e41a-5356-4f55-84f2-270816d53e84:c3618, a2c18d3d-e79d-47c9-88fe-d8a1d195302b:c3617]
2019-08-23 11:31:43,110 | INFO  | DNAudit | user=null | ip=null | op=WRITE_CHUNK {blockData=conID: 3 locID: 102666069808448077 bcsId: 0} | ret=SUCCESS |  
2019-08-23 11:31:43,110 | INFO  | DNAudit | user=null | ip=null | op=PUT_BLOCK {blockData=[blockId=conID: 3 locID: 102666069808448077 bcsId: 0,size=2097152]} | ret=SUCCESS |  
2019-08-23 11:31:43,115 | INFO  | DNAudit | user=null | ip=null | op=WRITE_CHUNK {blockData=conID: 3 locID: 102666069808448077 bcsId: 3619} | ret=SUCCESS |  
2019-08-23 11:31:43,116 | INFO  | DNAudit | user=null | ip=null | op=WRITE_CHUNK {blockData=conID: 3 locID: 102666069808448077 bcsId: 3619} | ret=SUCCESS |  
2019-08-23 11:31:43,116 | INFO  | DNAudit | user=null | ip=null | op=WRITE_CHUNK {blockData=conID: 3 locID: 102666069808448077 bcsId: 3619} | ret=SUCCESS |  
2019-08-23 11:31:43,127 | INFO  | DNAudit | user=null | ip=null | op=WRITE_CHUNK {blockData=conID: 3 locID: 102666069808448077 bcsId: 3619} | ret=SUCCESS |  
2019-08-23 11:31:43,127 | INFO  | DNAudit | user=null | ip=null | op=PUT_BLOCK {blockData=[blockId=conID: 3 locID: 102666069808448077 bcsId: 0,size=3145728]} | ret=SUCCESS |  
2019-08-23 11:31:43,127 [grpc-default-executor-0] INFO  client.GrpcClientProtocolClient (GrpcClientProtocolClient.java:onNext(255)) - client-C9E345EC67ED->244f13ac-34be-4c4e-8e45-0c0272edbbb2: receive RaftClientReply:client-C9E345EC67ED->244f13ac-34be-4c4e-8e45-0c0272edbbb2@group-FE77C852EF02, cid=2456, SUCCESS, logIndex=3624, commits[244f13ac-34be-4c4e-8e45-0c0272edbbb2:c3625, 6287e41a-5356-4f55-84f2-270816d53e84:c3623, a2c18d3d-e79d-47c9-88fe-d8a1d195302b:c3623]
2019-08-23 11:31:43,127 [grpc-default-executor-0] INFO  client.GrpcClientProtocolClient (GrpcClientProtocolClient.java:onNext(255)) - client-C9E345EC67ED->244f13ac-34be-4c4e-8e45-0c0272edbbb2: receive RaftClientReply:client-C9E345EC67ED->244f13ac-34be-4c4e-8e45-0c0272edbbb2@group-FE77C852EF02, cid=2457, SUCCESS, logIndex=3625, commits[244f13ac-34be-4c4e-8e45-0c0272edbbb2:c3625, 6287e41a-5356-4f55-84f2-270816d53e84:c3623, a2c18d3d-e79d-47c9-88fe-d8a1d195302b:c3623]
2019-08-23 11:31:43,132 | INFO  | DNAudit | user=null | ip=null | op=WRITE_CHUNK {blockData=conID: 3 locID: 102666069808448077 bcsId: 3625} | ret=SUCCESS |  
2019-08-23 11:31:43,134 | INFO  | DNAudit | user=null | ip=null | op=WRITE_CHUNK {blockData=conID: 3 locID: 102666069808448077 bcsId: 3625} | ret=SUCCESS |  
2019-08-23 11:31:43,134 | INFO  | DNAudit | user=null | ip=null | op=WRITE_CHUNK {blockData=conID: 3 locID: 102666069808448077 bcsId: 3625} | ret=SUCCESS |  
2019-08-23 11:31:43,138 | INFO  | DNAudit | user=null | ip=null | op=WRITE_CHUNK {blockData=conID: 3 locID: 102666069808448077 bcsId: 3619} | ret=SUCCESS |  
2019-08-23 11:31:43,138 | INFO  | DNAudit | user=null | ip=null | op=WRITE_CHUNK {blockData=conID: 3 locID: 102666069808448077 bcsId: 3619} | ret=SUCCESS |  
2019-08-23 11:31:43,138 | INFO  | DNAudit | user=null | ip=null | op=PUT_BLOCK {blockData=[blockId=conID: 3 locID: 102666069808448077 bcsId: 0,size=3145728]} | ret=SUCCESS |  
2019-08-23 11:31:43,138 | INFO  | DNAudit | user=null | ip=null | op=PUT_BLOCK {blockData=[blockId=conID: 3 locID: 102666069808448077 bcsId: 0,size=3145728]} | ret=SUCCESS |  
2019-08-23 11:31:43,140 | INFO  | DNAudit | user=null | ip=null | op=WRITE_CHUNK {blockData=conID: 3 locID: 102666069808448077 bcsId: 3625} | ret=SUCCESS |  
2019-08-23 11:31:43,140 | INFO  | DNAudit | user=null | ip=null | op=PUT_BLOCK {blockData=[blockId=conID: 3 locID: 102666069808448077 bcsId: 0,size=4194304]} | ret=SUCCESS |  
2019-08-23 11:31:43,140 [grpc-default-executor-0] INFO  client.GrpcClientProtocolClient (GrpcClientProtocolClient.java:onNext(255)) - client-C9E345EC67ED->244f13ac-34be-4c4e-8e45-0c0272edbbb2: receive RaftClientReply:client-C9E345EC67ED->244f13ac-34be-4c4e-8e45-0c0272edbbb2@group-FE77C852EF02, cid=2458, SUCCESS, logIndex=3628, commits[244f13ac-34be-4c4e-8e45-0c0272edbbb2:c3629, 6287e41a-5356-4f55-84f2-270816d53e84:c3625, a2c18d3d-e79d-47c9-88fe-d8a1d195302b:c3625]
2019-08-23 11:31:43,140 [grpc-default-executor-0] INFO  client.GrpcClientProtocolClient (GrpcClientProtocolClient.java:onNext(255)) - client-C9E345EC67ED->244f13ac-34be-4c4e-8e45-0c0272edbbb2: receive RaftClientReply:client-C9E345EC67ED->244f13ac-34be-4c4e-8e45-0c0272edbbb2@group-FE77C852EF02, cid=2459, SUCCESS, logIndex=3629, commits[244f13ac-34be-4c4e-8e45-0c0272edbbb2:c3629, 6287e41a-5356-4f55-84f2-270816d53e84:c3625, a2c18d3d-e79d-47c9-88fe-d8a1d195302b:c3625]
2019-08-23 11:31:43,151 | INFO  | DNAudit | user=null | ip=null | op=WRITE_CHUNK {blockData=conID: 3 locID: 102666069808448077 bcsId: 3625} | ret=SUCCESS |  
2019-08-23 11:31:43,151 | INFO  | DNAudit | user=null | ip=null | op=WRITE_CHUNK {blockData=conID: 3 locID: 102666069808448077 bcsId: 3625} | ret=SUCCESS |  
2019-08-23 11:31:43,154 | INFO  | DNAudit | user=null | ip=null | op=PUT_BLOCK {blockData=[blockId=conID: 3 locID: 102666069808448077 bcsId: 0,size=4194304]} | ret=SUCCESS |  
2019-08-23 11:31:43,154 | INFO  | DNAudit | user=null | ip=null | op=PUT_BLOCK {blockData=[blockId=conID: 3 locID: 102666069808448077 bcsId: 0,size=4194304]} | ret=SUCCESS |  
2019-08-23 11:31:43,154 [grpc-default-executor-4] INFO  client.GrpcClientProtocolClient (GrpcClientProtocolClient.java:onNext(255)) - client-C9E345EC67ED->244f13ac-34be-4c4e-8e45-0c0272edbbb2: receive RaftClientReply:client-C9E345EC67ED->244f13ac-34be-4c4e-8e45-0c0272edbbb2@group-FE77C852EF02, cid=2460, SUCCESS, logIndex=0, commits[244f13ac-34be-4c4e-8e45-0c0272edbbb2:c3631, 6287e41a-5356-4f55-84f2-270816d53e84:c3629, a2c18d3d-e79d-47c9-88fe-d8a1d195302b:c3629]
2019-08-23 11:31:43,158 | INFO  | SCMAudit | user=jenkins1000 | ip=192.168.5.185 | op=ALLOCATE_BLOCK {owner=00a23185-76ea-47b5-a641-ad3cfbe5521a, size=4194304, type=RATIS, factor=THREE} | ret=SUCCESS |  
2019-08-23 11:31:43,161 | INFO  | OMAudit | user=jenkins1000 | ip=127.0.0.1 | op=ALLOCATE_BLOCK {volume=vol-0-37508, bucket=bucket-0-50919, key=key-0-57313, dataSize=0, replicationType=null, replicationFactor=null, keyLocationInfo=null, clientID=102666068570931602} | ret=SUCCESS |  
2019-08-23 11:31:43,166 | INFO  | DNAudit | user=null | ip=null | op=WRITE_CHUNK {blockData=conID: 1 locID: 102666069813363278 bcsId: 0} | ret=SUCCESS |  
2019-08-23 11:31:43,167 | INFO  | DNAudit | user=null | ip=null | op=WRITE_CHUNK {blockData=conID: 1 locID: 102666069813363278 bcsId: 0} | ret=SUCCESS |  
2019-08-23 11:31:43,168 | INFO  | DNAudit | user=null | ip=null | op=WRITE_CHUNK {blockData=conID: 1 locID: 102666069813363278 bcsId: 0} | ret=SUCCESS |  
2019-08-23 11:31:43,169 | INFO  | DNAudit | user=null | ip=null | op=WRITE_CHUNK {blockData=conID: 1 locID: 102666069813363278 bcsId: 0} | ret=SUCCESS |  
2019-08-23 11:31:43,169 | INFO  | DNAudit | user=null | ip=null | op=WRITE_CHUNK {blockData=conID: 1 locID: 102666069813363278 bcsId: 0} | ret=SUCCESS |  
2019-08-23 11:31:43,170 | INFO  | DNAudit | user=null | ip=null | op=WRITE_CHUNK {blockData=conID: 1 locID: 102666069813363278 bcsId: 0} | ret=SUCCESS |  
2019-08-23 11:31:43,180 | INFO  | DNAudit | user=null | ip=null | op=WRITE_CHUNK {blockData=conID: 1 locID: 102666069813363278 bcsId: 0} | ret=SUCCESS |  
2019-08-23 11:31:43,180 | INFO  | DNAudit | user=null | ip=null | op=PUT_BLOCK {blockData=[blockId=conID: 1 locID: 102666069813363278 bcsId: 0,size=1048576]} | ret=SUCCESS |  
2019-08-23 11:31:43,180 | INFO  | DNAudit | user=null | ip=null | op=WRITE_CHUNK {blockData=conID: 1 locID: 102666069813363278 bcsId: 0} | ret=SUCCESS |  
2019-08-23 11:31:43,180 [grpc-default-executor-2] INFO  client.GrpcClientProtocolClient (GrpcClientProtocolClient.java:onNext(255)) - client-C9E345EC67ED->244f13ac-34be-4c4e-8e45-0c0272edbbb2: receive RaftClientReply:client-C9E345EC67ED->244f13ac-34be-4c4e-8e45-0c0272edbbb2@group-FE77C852EF02, cid=2461, SUCCESS, logIndex=3632, commits[244f13ac-34be-4c4e-8e45-0c0272edbbb2:c3633, 6287e41a-5356-4f55-84f2-270816d53e84:c3631, a2c18d3d-e79d-47c9-88fe-d8a1d195302b:c3631]
2019-08-23 11:31:43,180 | INFO  | DNAudit | user=null | ip=null | op=PUT_BLOCK {blockData=[blockId=conID: 1 locID: 102666069813363278 bcsId: 0,size=2097152]} | ret=SUCCESS |  
2019-08-23 11:31:43,180 [grpc-default-executor-2] INFO  client.GrpcClientProtocolClient (GrpcClientProtocolClient.java:onNext(255)) - client-C9E345EC67ED->244f13ac-34be-4c4e-8e45-0c0272edbbb2: receive RaftClientReply:client-C9E345EC67ED->244f13ac-34be-4c4e-8e45-0c0272edbbb2@group-FE77C852EF02, cid=2462, SUCCESS, logIndex=3633, commits[244f13ac-34be-4c4e-8e45-0c0272edbbb2:c3635, 6287e41a-5356-4f55-84f2-270816d53e84:c3631, a2c18d3d-e79d-47c9-88fe-d8a1d195302b:c3631]
2019-08-23 11:31:43,181 [grpc-default-executor-2] INFO  client.GrpcClientProtocolClient (GrpcClientProtocolClient.java:onNext(255)) - client-C9E345EC67ED->244f13ac-34be-4c4e-8e45-0c0272edbbb2: receive RaftClientReply:client-C9E345EC67ED->244f13ac-34be-4c4e-8e45-0c0272edbbb2@group-FE77C852EF02, cid=2463, SUCCESS, logIndex=3634, commits[244f13ac-34be-4c4e-8e45-0c0272edbbb2:c3635, 6287e41a-5356-4f55-84f2-270816d53e84:c3631, a2c18d3d-e79d-47c9-88fe-d8a1d195302b:c3631]
2019-08-23 11:31:43,181 [grpc-default-executor-2] INFO  client.GrpcClientProtocolClient (GrpcClientProtocolClient.java:onNext(255)) - client-C9E345EC67ED->244f13ac-34be-4c4e-8e45-0c0272edbbb2: receive RaftClientReply:client-C9E345EC67ED->244f13ac-34be-4c4e-8e45-0c0272edbbb2@group-FE77C852EF02, cid=2464, SUCCESS, logIndex=3635, commits[244f13ac-34be-4c4e-8e45-0c0272edbbb2:c3635, 6287e41a-5356-4f55-84f2-270816d53e84:c3631, a2c18d3d-e79d-47c9-88fe-d8a1d195302b:c3631]
2019-08-23 11:31:43,191 | INFO  | DNAudit | user=null | ip=null | op=WRITE_CHUNK {blockData=conID: 1 locID: 102666069813363278 bcsId: 0} | ret=SUCCESS |  
2019-08-23 11:31:43,191 | INFO  | DNAudit | user=null | ip=null | op=WRITE_CHUNK {blockData=conID: 1 locID: 102666069813363278 bcsId: 0} | ret=SUCCESS |  
2019-08-23 11:31:43,193 | INFO  | DNAudit | user=null | ip=null | op=PUT_BLOCK {blockData=[blockId=conID: 1 locID: 102666069813363278 bcsId: 0,size=1048576]} | ret=SUCCESS |  
2019-08-23 11:31:43,194 | INFO  | DNAudit | user=null | ip=null | op=PUT_BLOCK {blockData=[blockId=conID: 1 locID: 102666069813363278 bcsId: 0,size=1048576]} | ret=SUCCESS |  
2019-08-23 11:31:43,194 | INFO  | DNAudit | user=null | ip=null | op=WRITE_CHUNK {blockData=conID: 1 locID: 102666069813363278 bcsId: 0} | ret=SUCCESS |  
2019-08-23 11:31:43,194 | INFO  | DNAudit | user=null | ip=null | op=WRITE_CHUNK {blockData=conID: 1 locID: 102666069813363278 bcsId: 0} | ret=SUCCESS |  
2019-08-23 11:31:43,194 | INFO  | DNAudit | user=null | ip=null | op=PUT_BLOCK {blockData=[blockId=conID: 1 locID: 102666069813363278 bcsId: 0,size=2097152]} | ret=SUCCESS |  
2019-08-23 11:31:43,194 | INFO  | DNAudit | user=null | ip=null | op=PUT_BLOCK {blockData=[blockId=conID: 1 locID: 102666069813363278 bcsId: 0,size=2097152]} | ret=SUCCESS |  
2019-08-23 11:31:43,194 [grpc-default-executor-2] INFO  client.GrpcClientProtocolClient (GrpcClientProtocolClient.java:onNext(255)) - client-C9E345EC67ED->244f13ac-34be-4c4e-8e45-0c0272edbbb2: receive RaftClientReply:client-C9E345EC67ED->244f13ac-34be-4c4e-8e45-0c0272edbbb2@group-FE77C852EF02, cid=2465, SUCCESS, logIndex=0, commits[244f13ac-34be-4c4e-8e45-0c0272edbbb2:c3637, 6287e41a-5356-4f55-84f2-270816d53e84:c3633, a2c18d3d-e79d-47c9-88fe-d8a1d195302b:c3633]
2019-08-23 11:31:43,199 | INFO  | DNAudit | user=null | ip=null | op=WRITE_CHUNK {blockData=conID: 1 locID: 102666069813363278 bcsId: 3635} | ret=SUCCESS |  
2019-08-23 11:31:43,201 | INFO  | DNAudit | user=null | ip=null | op=WRITE_CHUNK {blockData=conID: 1 locID: 102666069813363278 bcsId: 3635} | ret=SUCCESS |  
2019-08-23 11:31:43,201 | INFO  | DNAudit | user=null | ip=null | op=WRITE_CHUNK {blockData=conID: 1 locID: 102666069813363278 bcsId: 3635} | ret=SUCCESS |  
2019-08-23 11:31:43,211 | INFO  | DNAudit | user=null | ip=null | op=WRITE_CHUNK {blockData=conID: 1 locID: 102666069813363278 bcsId: 3635} | ret=SUCCESS |  
2019-08-23 11:31:43,212 | INFO  | DNAudit | user=null | ip=null | op=PUT_BLOCK {blockData=[blockId=conID: 1 locID: 102666069813363278 bcsId: 0,size=3145728]} | ret=SUCCESS |  
2019-08-23 11:31:43,212 [grpc-default-executor-2] INFO  client.GrpcClientProtocolClient (GrpcClientProtocolClient.java:onNext(255)) - client-C9E345EC67ED->244f13ac-34be-4c4e-8e45-0c0272edbbb2: receive RaftClientReply:client-C9E345EC67ED->244f13ac-34be-4c4e-8e45-0c0272edbbb2@group-FE77C852EF02, cid=2466, SUCCESS, logIndex=3640, commits[244f13ac-34be-4c4e-8e45-0c0272edbbb2:c3641, 6287e41a-5356-4f55-84f2-270816d53e84:c3639, a2c18d3d-e79d-47c9-88fe-d8a1d195302b:c3639]
2019-08-23 11:31:43,212 [grpc-default-executor-2] INFO  client.GrpcClientProtocolClient (GrpcClientProtocolClient.java:onNext(255)) - client-C9E345EC67ED->244f13ac-34be-4c4e-8e45-0c0272edbbb2: receive RaftClientReply:client-C9E345EC67ED->244f13ac-34be-4c4e-8e45-0c0272edbbb2@group-FE77C852EF02, cid=2467, SUCCESS, logIndex=3641, commits[244f13ac-34be-4c4e-8e45-0c0272edbbb2:c3641, 6287e41a-5356-4f55-84f2-270816d53e84:c3639, a2c18d3d-e79d-47c9-88fe-d8a1d195302b:c3639]
2019-08-23 11:31:43,218 | INFO  | DNAudit | user=null | ip=null | op=WRITE_CHUNK {blockData=conID: 1 locID: 102666069813363278 bcsId: 3641} | ret=SUCCESS |  
2019-08-23 11:31:43,221 | INFO  | DNAudit | user=null | ip=null | op=WRITE_CHUNK {blockData=conID: 1 locID: 102666069813363278 bcsId: 3641} | ret=SUCCESS |  
2019-08-23 11:31:43,221 | INFO  | DNAudit | user=null | ip=null | op=WRITE_CHUNK {blockData=conID: 1 locID: 102666069813363278 bcsId: 3641} | ret=SUCCESS |  
2019-08-23 11:31:43,221 | INFO  | DNAudit | user=null | ip=null | op=WRITE_CHUNK {blockData=conID: 1 locID: 102666069813363278 bcsId: 3635} | ret=SUCCESS |  
2019-08-23 11:31:43,222 | INFO  | DNAudit | user=null | ip=null | op=WRITE_CHUNK {blockData=conID: 1 locID: 102666069813363278 bcsId: 3635} | ret=SUCCESS |  
2019-08-23 11:31:43,224 | INFO  | DNAudit | user=null | ip=null | op=PUT_BLOCK {blockData=[blockId=conID: 1 locID: 102666069813363278 bcsId: 0,size=3145728]} | ret=SUCCESS |  
2019-08-23 11:31:43,224 | INFO  | DNAudit | user=null | ip=null | op=PUT_BLOCK {blockData=[blockId=conID: 1 locID: 102666069813363278 bcsId: 0,size=3145728]} | ret=SUCCESS |  
2019-08-23 11:31:43,225 | INFO  | DNAudit | user=null | ip=null | op=WRITE_CHUNK {blockData=conID: 1 locID: 102666069813363278 bcsId: 3641} | ret=SUCCESS |  
2019-08-23 11:31:43,225 | INFO  | DNAudit | user=null | ip=null | op=PUT_BLOCK {blockData=[blockId=conID: 1 locID: 102666069813363278 bcsId: 0,size=4194304]} | ret=SUCCESS |  
2019-08-23 11:31:43,225 [grpc-default-executor-2] INFO  client.GrpcClientProtocolClient (GrpcClientProtocolClient.java:onNext(255)) - client-C9E345EC67ED->244f13ac-34be-4c4e-8e45-0c0272edbbb2: receive RaftClientReply:client-C9E345EC67ED->244f13ac-34be-4c4e-8e45-0c0272edbbb2@group-FE77C852EF02, cid=2468, SUCCESS, logIndex=3644, commits[244f13ac-34be-4c4e-8e45-0c0272edbbb2:c3645, 6287e41a-5356-4f55-84f2-270816d53e84:c3641, a2c18d3d-e79d-47c9-88fe-d8a1d195302b:c3641]
2019-08-23 11:31:43,225 [grpc-default-executor-2] INFO  client.GrpcClientProtocolClient (GrpcClientProtocolClient.java:onNext(255)) - client-C9E345EC67ED->244f13ac-34be-4c4e-8e45-0c0272edbbb2: receive RaftClientReply:client-C9E345EC67ED->244f13ac-34be-4c4e-8e45-0c0272edbbb2@group-FE77C852EF02, cid=2469, SUCCESS, logIndex=3645, commits[244f13ac-34be-4c4e-8e45-0c0272edbbb2:c3645, 6287e41a-5356-4f55-84f2-270816d53e84:c3641, a2c18d3d-e79d-47c9-88fe-d8a1d195302b:c3641]
2019-08-23 11:31:43,235 | INFO  | DNAudit | user=null | ip=null | op=WRITE_CHUNK {blockData=conID: 1 locID: 102666069813363278 bcsId: 3641} | ret=SUCCESS |  
2019-08-23 11:31:43,235 | INFO  | DNAudit | user=null | ip=null | op=WRITE_CHUNK {blockData=conID: 1 locID: 102666069813363278 bcsId: 3641} | ret=SUCCESS |  
2019-08-23 11:31:43,235 | INFO  | DNAudit | user=null | ip=null | op=PUT_BLOCK {blockData=[blockId=conID: 1 locID: 102666069813363278 bcsId: 0,size=4194304]} | ret=SUCCESS |  
2019-08-23 11:31:43,235 | INFO  | DNAudit | user=null | ip=null | op=PUT_BLOCK {blockData=[blockId=conID: 1 locID: 102666069813363278 bcsId: 0,size=4194304]} | ret=SUCCESS |  
2019-08-23 11:31:43,235 [grpc-default-executor-2] INFO  client.GrpcClientProtocolClient (GrpcClientProtocolClient.java:onNext(255)) - client-C9E345EC67ED->244f13ac-34be-4c4e-8e45-0c0272edbbb2: receive RaftClientReply:client-C9E345EC67ED->244f13ac-34be-4c4e-8e45-0c0272edbbb2@group-FE77C852EF02, cid=2470, SUCCESS, logIndex=0, commits[244f13ac-34be-4c4e-8e45-0c0272edbbb2:c3646, 6287e41a-5356-4f55-84f2-270816d53e84:c3645, a2c18d3d-e79d-47c9-88fe-d8a1d195302b:c3645]
2019-08-23 11:31:43,239 | INFO  | SCMAudit | user=jenkins1000 | ip=192.168.5.185 | op=ALLOCATE_BLOCK {owner=00a23185-76ea-47b5-a641-ad3cfbe5521a, size=4194304, type=RATIS, factor=THREE} | ret=SUCCESS |  
2019-08-23 11:31:43,241 | INFO  | OMAudit | user=jenkins1000 | ip=127.0.0.1 | op=ALLOCATE_BLOCK {volume=vol-0-37508, bucket=bucket-0-50919, key=key-0-57313, dataSize=0, replicationType=null, replicationFactor=null, keyLocationInfo=null, clientID=102666068570931602} | ret=SUCCESS |  
2019-08-23 11:31:43,247 | INFO  | DNAudit | user=null | ip=null | op=WRITE_CHUNK {blockData=conID: 2 locID: 102666069818671695 bcsId: 0} | ret=SUCCESS |  
2019-08-23 11:31:43,248 | INFO  | DNAudit | user=null | ip=null | op=WRITE_CHUNK {blockData=conID: 2 locID: 102666069818671695 bcsId: 0} | ret=SUCCESS |  
2019-08-23 11:31:43,249 | INFO  | DNAudit | user=null | ip=null | op=WRITE_CHUNK {blockData=conID: 2 locID: 102666069818671695 bcsId: 0} | ret=SUCCESS |  
2019-08-23 11:31:43,249 | INFO  | DNAudit | user=null | ip=null | op=WRITE_CHUNK {blockData=conID: 2 locID: 102666069818671695 bcsId: 0} | ret=SUCCESS |  
2019-08-23 11:31:43,250 | INFO  | DNAudit | user=null | ip=null | op=WRITE_CHUNK {blockData=conID: 2 locID: 102666069818671695 bcsId: 0} | ret=SUCCESS |  
2019-08-23 11:31:43,250 | INFO  | DNAudit | user=null | ip=null | op=WRITE_CHUNK {blockData=conID: 2 locID: 102666069818671695 bcsId: 0} | ret=SUCCESS |  
2019-08-23 11:31:43,268 | INFO  | DNAudit | user=null | ip=null | op=WRITE_CHUNK {blockData=conID: 2 locID: 102666069818671695 bcsId: 0} | ret=SUCCESS |  
2019-08-23 11:31:43,269 | INFO  | DNAudit | user=null | ip=null | op=PUT_BLOCK {blockData=[blockId=conID: 2 locID: 102666069818671695 bcsId: 0,size=1048576]} | ret=SUCCESS |  
2019-08-23 11:31:43,269 | INFO  | DNAudit | user=null | ip=null | op=WRITE_CHUNK {blockData=conID: 2 locID: 102666069818671695 bcsId: 0} | ret=SUCCESS |  
2019-08-23 11:31:43,269 [grpc-default-executor-1] INFO  client.GrpcClientProtocolClient (GrpcClientProtocolClient.java:onNext(255)) - client-C9E345EC67ED->244f13ac-34be-4c4e-8e45-0c0272edbbb2: receive RaftClientReply:client-C9E345EC67ED->244f13ac-34be-4c4e-8e45-0c0272edbbb2@group-FE77C852EF02, cid=2471, SUCCESS, logIndex=3648, commits[244f13ac-34be-4c4e-8e45-0c0272edbbb2:c3649, 6287e41a-5356-4f55-84f2-270816d53e84:c3646, a2c18d3d-e79d-47c9-88fe-d8a1d195302b:c3646]
2019-08-23 11:31:43,269 | INFO  | DNAudit | user=null | ip=null | op=PUT_BLOCK {blockData=[blockId=conID: 2 locID: 102666069818671695 bcsId: 0,size=2097152]} | ret=SUCCESS |  
2019-08-23 11:31:43,269 [grpc-default-executor-1] INFO  client.GrpcClientProtocolClient (GrpcClientProtocolClient.java:onNext(255)) - client-C9E345EC67ED->244f13ac-34be-4c4e-8e45-0c0272edbbb2: receive RaftClientReply:client-C9E345EC67ED->244f13ac-34be-4c4e-8e45-0c0272edbbb2@group-FE77C852EF02, cid=2472, SUCCESS, logIndex=3649, commits[244f13ac-34be-4c4e-8e45-0c0272edbbb2:c3650, 6287e41a-5356-4f55-84f2-270816d53e84:c3646, a2c18d3d-e79d-47c9-88fe-d8a1d195302b:c3647]
2019-08-23 11:31:43,269 [grpc-default-executor-1] INFO  client.GrpcClientProtocolClient (GrpcClientProtocolClient.java:onNext(255)) - client-C9E345EC67ED->244f13ac-34be-4c4e-8e45-0c0272edbbb2: receive RaftClientReply:client-C9E345EC67ED->244f13ac-34be-4c4e-8e45-0c0272edbbb2@group-FE77C852EF02, cid=2473, SUCCESS, logIndex=3650, commits[244f13ac-34be-4c4e-8e45-0c0272edbbb2:c3651, 6287e41a-5356-4f55-84f2-270816d53e84:c3646, a2c18d3d-e79d-47c9-88fe-d8a1d195302b:c3647]
2019-08-23 11:31:43,269 [grpc-default-executor-1] INFO  client.GrpcClientProtocolClient (GrpcClientProtocolClient.java:onNext(255)) - client-C9E345EC67ED->244f13ac-34be-4c4e-8e45-0c0272edbbb2: receive RaftClientReply:client-C9E345EC67ED->244f13ac-34be-4c4e-8e45-0c0272edbbb2@group-FE77C852EF02, cid=2474, SUCCESS, logIndex=3651, commits[244f13ac-34be-4c4e-8e45-0c0272edbbb2:c3651, 6287e41a-5356-4f55-84f2-270816d53e84:c3647, a2c18d3d-e79d-47c9-88fe-d8a1d195302b:c3647]
2019-08-23 11:31:43,271 | INFO  | DNAudit | user=null | ip=null | op=WRITE_CHUNK {blockData=conID: 2 locID: 102666069818671695 bcsId: 0} | ret=SUCCESS |  
2019-08-23 11:31:43,271 | INFO  | DNAudit | user=null | ip=null | op=PUT_BLOCK {blockData=[blockId=conID: 2 locID: 102666069818671695 bcsId: 0,size=1048576]} | ret=SUCCESS |  
2019-08-23 11:31:43,282 | INFO  | DNAudit | user=null | ip=null | op=WRITE_CHUNK {blockData=conID: 2 locID: 102666069818671695 bcsId: 0} | ret=SUCCESS |  
2019-08-23 11:31:43,283 | INFO  | DNAudit | user=null | ip=null | op=PUT_BLOCK {blockData=[blockId=conID: 2 locID: 102666069818671695 bcsId: 0,size=1048576]} | ret=SUCCESS |  
2019-08-23 11:31:43,283 [grpc-default-executor-1] INFO  client.GrpcClientProtocolClient (GrpcClientProtocolClient.java:onNext(255)) - client-C9E345EC67ED->244f13ac-34be-4c4e-8e45-0c0272edbbb2: receive RaftClientReply:client-C9E345EC67ED->244f13ac-34be-4c4e-8e45-0c0272edbbb2@group-FE77C852EF02, cid=2475, SUCCESS, logIndex=0, commits[244f13ac-34be-4c4e-8e45-0c0272edbbb2:c3652, 6287e41a-5356-4f55-84f2-270816d53e84:c3649, a2c18d3d-e79d-47c9-88fe-d8a1d195302b:c3649]
2019-08-23 11:31:43,283 | INFO  | DNAudit | user=null | ip=null | op=WRITE_CHUNK {blockData=conID: 2 locID: 102666069818671695 bcsId: 0} | ret=SUCCESS |  
2019-08-23 11:31:43,283 | INFO  | DNAudit | user=null | ip=null | op=WRITE_CHUNK {blockData=conID: 2 locID: 102666069818671695 bcsId: 0} | ret=SUCCESS |  
2019-08-23 11:31:43,283 | INFO  | DNAudit | user=null | ip=null | op=PUT_BLOCK {blockData=[blockId=conID: 2 locID: 102666069818671695 bcsId: 0,size=2097152]} | ret=SUCCESS |  
2019-08-23 11:31:43,283 | INFO  | DNAudit | user=null | ip=null | op=PUT_BLOCK {blockData=[blockId=conID: 2 locID: 102666069818671695 bcsId: 0,size=2097152]} | ret=SUCCESS |  
2019-08-23 11:31:43,288 | INFO  | DNAudit | user=null | ip=null | op=WRITE_CHUNK {blockData=conID: 2 locID: 102666069818671695 bcsId: 3651} | ret=SUCCESS |  
2019-08-23 11:31:43,290 | INFO  | DNAudit | user=null | ip=null | op=WRITE_CHUNK {blockData=conID: 2 locID: 102666069818671695 bcsId: 3651} | ret=SUCCESS |  
2019-08-23 11:31:43,290 | INFO  | DNAudit | user=null | ip=null | op=WRITE_CHUNK {blockData=conID: 2 locID: 102666069818671695 bcsId: 3651} | ret=SUCCESS |  
2019-08-23 11:31:43,296 | INFO  | DNAudit | user=null | ip=null | op=WRITE_CHUNK {blockData=conID: 2 locID: 102666069818671695 bcsId: 3651} | ret=SUCCESS |  
2019-08-23 11:31:43,297 | INFO  | DNAudit | user=null | ip=null | op=PUT_BLOCK {blockData=[blockId=conID: 2 locID: 102666069818671695 bcsId: 0,size=3145728]} | ret=SUCCESS |  
2019-08-23 11:31:43,297 [grpc-default-executor-1] INFO  client.GrpcClientProtocolClient (GrpcClientProtocolClient.java:onNext(255)) - client-C9E345EC67ED->244f13ac-34be-4c4e-8e45-0c0272edbbb2: receive RaftClientReply:client-C9E345EC67ED->244f13ac-34be-4c4e-8e45-0c0272edbbb2@group-FE77C852EF02, cid=2476, SUCCESS, logIndex=3656, commits[244f13ac-34be-4c4e-8e45-0c0272edbbb2:c3657, 6287e41a-5356-4f55-84f2-270816d53e84:c3655, a2c18d3d-e79d-47c9-88fe-d8a1d195302b:c3655]
2019-08-23 11:31:43,297 [grpc-default-executor-1] INFO  client.GrpcClientProtocolClient (GrpcClientProtocolClient.java:onNext(255)) - client-C9E345EC67ED->244f13ac-34be-4c4e-8e45-0c0272edbbb2: receive RaftClientReply:client-C9E345EC67ED->244f13ac-34be-4c4e-8e45-0c0272edbbb2@group-FE77C852EF02, cid=2477, SUCCESS, logIndex=3657, commits[244f13ac-34be-4c4e-8e45-0c0272edbbb2:c3657, 6287e41a-5356-4f55-84f2-270816d53e84:c3655, a2c18d3d-e79d-47c9-88fe-d8a1d195302b:c3655]
2019-08-23 11:31:43,297 | INFO  | DNAudit | user=null | ip=null | op=WRITE_CHUNK {blockData=conID: 2 locID: 102666069818671695 bcsId: 3651} | ret=SUCCESS |  
2019-08-23 11:31:43,297 | INFO  | DNAudit | user=null | ip=null | op=WRITE_CHUNK {blockData=conID: 2 locID: 102666069818671695 bcsId: 3651} | ret=SUCCESS |  
2019-08-23 11:31:43,300 | INFO  | DNAudit | user=null | ip=null | op=PUT_BLOCK {blockData=[blockId=conID: 2 locID: 102666069818671695 bcsId: 0,size=3145728]} | ret=SUCCESS |  
2019-08-23 11:31:43,300 | INFO  | DNAudit | user=null | ip=null | op=PUT_BLOCK {blockData=[blockId=conID: 2 locID: 102666069818671695 bcsId: 0,size=3145728]} | ret=SUCCESS |  
2019-08-23 11:31:43,303 | INFO  | DNAudit | user=null | ip=null | op=WRITE_CHUNK {blockData=conID: 2 locID: 102666069818671695 bcsId: 3657} | ret=SUCCESS |  
2019-08-23 11:31:43,304 | INFO  | DNAudit | user=null | ip=null | op=WRITE_CHUNK {blockData=conID: 2 locID: 102666069818671695 bcsId: 3657} | ret=SUCCESS |  
2019-08-23 11:31:43,304 | INFO  | DNAudit | user=null | ip=null | op=WRITE_CHUNK {blockData=conID: 2 locID: 102666069818671695 bcsId: 3657} | ret=SUCCESS |  
2019-08-23 11:31:43,316 | INFO  | DNAudit | user=null | ip=null | op=WRITE_CHUNK {blockData=conID: 2 locID: 102666069818671695 bcsId: 3657} | ret=SUCCESS |  
2019-08-23 11:31:43,316 | INFO  | DNAudit | user=null | ip=null | op=PUT_BLOCK {blockData=[blockId=conID: 2 locID: 102666069818671695 bcsId: 0,size=4194304]} | ret=SUCCESS |  
2019-08-23 11:31:43,316 [grpc-default-executor-0] INFO  client.GrpcClientProtocolClient (GrpcClientProtocolClient.java:onNext(255)) - client-C9E345EC67ED->244f13ac-34be-4c4e-8e45-0c0272edbbb2: receive RaftClientReply:client-C9E345EC67ED->244f13ac-34be-4c4e-8e45-0c0272edbbb2@group-FE77C852EF02, cid=2478, SUCCESS, logIndex=3660, commits[244f13ac-34be-4c4e-8e45-0c0272edbbb2:c3661, 6287e41a-5356-4f55-84f2-270816d53e84:c3659, a2c18d3d-e79d-47c9-88fe-d8a1d195302b:c3659]
2019-08-23 11:31:43,317 [grpc-default-executor-0] INFO  client.GrpcClientProtocolClient (GrpcClientProtocolClient.java:onNext(255)) - client-C9E345EC67ED->244f13ac-34be-4c4e-8e45-0c0272edbbb2: receive RaftClientReply:client-C9E345EC67ED->244f13ac-34be-4c4e-8e45-0c0272edbbb2@group-FE77C852EF02, cid=2479, SUCCESS, logIndex=3661, commits[244f13ac-34be-4c4e-8e45-0c0272edbbb2:c3661, 6287e41a-5356-4f55-84f2-270816d53e84:c3659, a2c18d3d-e79d-47c9-88fe-d8a1d195302b:c3659]
2019-08-23 11:31:43,327 | INFO  | DNAudit | user=null | ip=null | op=WRITE_CHUNK {blockData=conID: 2 locID: 102666069818671695 bcsId: 3657} | ret=SUCCESS |  
2019-08-23 11:31:43,327 | INFO  | DNAudit | user=null | ip=null | op=WRITE_CHUNK {blockData=conID: 2 locID: 102666069818671695 bcsId: 3657} | ret=SUCCESS |  
2019-08-23 11:31:43,327 | INFO  | DNAudit | user=null | ip=null | op=PUT_BLOCK {blockData=[blockId=conID: 2 locID: 102666069818671695 bcsId: 0,size=4194304]} | ret=SUCCESS |  
2019-08-23 11:31:43,328 | INFO  | DNAudit | user=null | ip=null | op=PUT_BLOCK {blockData=[blockId=conID: 2 locID: 102666069818671695 bcsId: 0,size=4194304]} | ret=SUCCESS |  
2019-08-23 11:31:43,329 [grpc-default-executor-0] INFO  client.GrpcClientProtocolClient (GrpcClientProtocolClient.java:onNext(255)) - client-C9E345EC67ED->244f13ac-34be-4c4e-8e45-0c0272edbbb2: receive RaftClientReply:client-C9E345EC67ED->244f13ac-34be-4c4e-8e45-0c0272edbbb2@group-FE77C852EF02, cid=2480, SUCCESS, logIndex=0, commits[244f13ac-34be-4c4e-8e45-0c0272edbbb2:c3662, 6287e41a-5356-4f55-84f2-270816d53e84:c3661, a2c18d3d-e79d-47c9-88fe-d8a1d195302b:c3661]
2019-08-23 11:31:43,332 | INFO  | SCMAudit | user=jenkins1000 | ip=192.168.5.185 | op=ALLOCATE_BLOCK {owner=00a23185-76ea-47b5-a641-ad3cfbe5521a, size=4194304, type=RATIS, factor=THREE} | ret=SUCCESS |  
2019-08-23 11:31:43,335 | INFO  | OMAudit | user=jenkins1000 | ip=127.0.0.1 | op=ALLOCATE_BLOCK {volume=vol-0-37508, bucket=bucket-0-50919, key=key-0-57313, dataSize=0, replicationType=null, replicationFactor=null, keyLocationInfo=null, clientID=102666068570931602} | ret=SUCCESS |  
2019-08-23 11:31:43,341 | INFO  | DNAudit | user=null | ip=null | op=WRITE_CHUNK {blockData=conID: 3 locID: 102666069824766544 bcsId: 0} | ret=SUCCESS |  
2019-08-23 11:31:43,343 | INFO  | DNAudit | user=null | ip=null | op=WRITE_CHUNK {blockData=conID: 3 locID: 102666069824766544 bcsId: 0} | ret=SUCCESS |  
2019-08-23 11:31:43,343 | INFO  | DNAudit | user=null | ip=null | op=WRITE_CHUNK {blockData=conID: 3 locID: 102666069824766544 bcsId: 0} | ret=SUCCESS |  
2019-08-23 11:31:43,343 | INFO  | DNAudit | user=null | ip=null | op=WRITE_CHUNK {blockData=conID: 3 locID: 102666069824766544 bcsId: 0} | ret=SUCCESS |  
2019-08-23 11:31:43,345 | INFO  | DNAudit | user=null | ip=null | op=WRITE_CHUNK {blockData=conID: 3 locID: 102666069824766544 bcsId: 0} | ret=SUCCESS |  
2019-08-23 11:31:43,345 | INFO  | DNAudit | user=null | ip=null | op=WRITE_CHUNK {blockData=conID: 3 locID: 102666069824766544 bcsId: 0} | ret=SUCCESS |  
2019-08-23 11:31:43,355 | INFO  | DNAudit | user=null | ip=null | op=WRITE_CHUNK {blockData=conID: 3 locID: 102666069824766544 bcsId: 0} | ret=SUCCESS |  
2019-08-23 11:31:43,356 | INFO  | DNAudit | user=null | ip=null | op=PUT_BLOCK {blockData=[blockId=conID: 3 locID: 102666069824766544 bcsId: 0,size=1048576]} | ret=SUCCESS |  
2019-08-23 11:31:43,356 [grpc-default-executor-1] INFO  client.GrpcClientProtocolClient (GrpcClientProtocolClient.java:onNext(255)) - client-C9E345EC67ED->244f13ac-34be-4c4e-8e45-0c0272edbbb2: receive RaftClientReply:client-C9E345EC67ED->244f13ac-34be-4c4e-8e45-0c0272edbbb2@group-FE77C852EF02, cid=2481, SUCCESS, logIndex=3664, commits[244f13ac-34be-4c4e-8e45-0c0272edbbb2:c3665, 6287e41a-5356-4f55-84f2-270816d53e84:c3663, a2c18d3d-e79d-47c9-88fe-d8a1d195302b:c3663]
2019-08-23 11:31:43,357 | INFO  | DNAudit | user=null | ip=null | op=WRITE_CHUNK {blockData=conID: 3 locID: 102666069824766544 bcsId: 0} | ret=SUCCESS |  
2019-08-23 11:31:43,356 [grpc-default-executor-0] INFO  client.GrpcClientProtocolClient (GrpcClientProtocolClient.java:onNext(255)) - client-C9E345EC67ED->244f13ac-34be-4c4e-8e45-0c0272edbbb2: receive RaftClientReply:client-C9E345EC67ED->244f13ac-34be-4c4e-8e45-0c0272edbbb2@group-FE77C852EF02, cid=2482, SUCCESS, logIndex=3665, commits[244f13ac-34be-4c4e-8e45-0c0272edbbb2:c3665, 6287e41a-5356-4f55-84f2-270816d53e84:c3663, a2c18d3d-e79d-47c9-88fe-d8a1d195302b:c3663]
2019-08-23 11:31:43,357 | INFO  | DNAudit | user=null | ip=null | op=PUT_BLOCK {blockData=[blockId=conID: 3 locID: 102666069824766544 bcsId: 0,size=2097152]} | ret=SUCCESS |  
2019-08-23 11:31:43,357 [grpc-default-executor-2] INFO  client.GrpcClientProtocolClient (GrpcClientProtocolClient.java:onNext(255)) - client-C9E345EC67ED->244f13ac-34be-4c4e-8e45-0c0272edbbb2: receive RaftClientReply:client-C9E345EC67ED->244f13ac-34be-4c4e-8e45-0c0272edbbb2@group-FE77C852EF02, cid=2483, SUCCESS, logIndex=3666, commits[244f13ac-34be-4c4e-8e45-0c0272edbbb2:c3667, 6287e41a-5356-4f55-84f2-270816d53e84:c3663, a2c18d3d-e79d-47c9-88fe-d8a1d195302b:c3663]
2019-08-23 11:31:43,357 [grpc-default-executor-2] INFO  client.GrpcClientProtocolClient (GrpcClientProtocolClient.java:onNext(255)) - client-C9E345EC67ED->244f13ac-34be-4c4e-8e45-0c0272edbbb2: receive RaftClientReply:client-C9E345EC67ED->244f13ac-34be-4c4e-8e45-0c0272edbbb2@group-FE77C852EF02, cid=2484, SUCCESS, logIndex=3667, commits[244f13ac-34be-4c4e-8e45-0c0272edbbb2:c3667, 6287e41a-5356-4f55-84f2-270816d53e84:c3663, a2c18d3d-e79d-47c9-88fe-d8a1d195302b:c3663]
2019-08-23 11:31:43,358 | INFO  | DNAudit | user=null | ip=null | op=WRITE_CHUNK {blockData=conID: 3 locID: 102666069824766544 bcsId: 0} | ret=SUCCESS |  
2019-08-23 11:31:43,358 | INFO  | DNAudit | user=null | ip=null | op=PUT_BLOCK {blockData=[blockId=conID: 3 locID: 102666069824766544 bcsId: 0,size=1048576]} | ret=SUCCESS |  
2019-08-23 11:31:43,358 | INFO  | DNAudit | user=null | ip=null | op=WRITE_CHUNK {blockData=conID: 3 locID: 102666069824766544 bcsId: 0} | ret=SUCCESS |  
2019-08-23 11:31:43,358 | INFO  | DNAudit | user=null | ip=null | op=PUT_BLOCK {blockData=[blockId=conID: 3 locID: 102666069824766544 bcsId: 0,size=1048576]} | ret=SUCCESS |  
2019-08-23 11:31:43,358 [grpc-default-executor-2] INFO  client.GrpcClientProtocolClient (GrpcClientProtocolClient.java:onNext(255)) - client-C9E345EC67ED->244f13ac-34be-4c4e-8e45-0c0272edbbb2: receive RaftClientReply:client-C9E345EC67ED->244f13ac-34be-4c4e-8e45-0c0272edbbb2@group-FE77C852EF02, cid=2485, SUCCESS, logIndex=0, commits[244f13ac-34be-4c4e-8e45-0c0272edbbb2:c3669, 6287e41a-5356-4f55-84f2-270816d53e84:c3665, a2c18d3d-e79d-47c9-88fe-d8a1d195302b:c3665]
2019-08-23 11:31:43,359 | INFO  | DNAudit | user=null | ip=null | op=WRITE_CHUNK {blockData=conID: 3 locID: 102666069824766544 bcsId: 0} | ret=SUCCESS |  
2019-08-23 11:31:43,359 | INFO  | DNAudit | user=null | ip=null | op=PUT_BLOCK {blockData=[blockId=conID: 3 locID: 102666069824766544 bcsId: 0,size=2097152]} | ret=SUCCESS |  
2019-08-23 11:31:43,363 | INFO  | DNAudit | user=null | ip=null | op=WRITE_CHUNK {blockData=conID: 3 locID: 102666069824766544 bcsId: 3667} | ret=SUCCESS |  
2019-08-23 11:31:43,365 | INFO  | DNAudit | user=null | ip=null | op=WRITE_CHUNK {blockData=conID: 3 locID: 102666069824766544 bcsId: 3667} | ret=SUCCESS |  
2019-08-23 11:31:43,365 | INFO  | DNAudit | user=null | ip=null | op=WRITE_CHUNK {blockData=conID: 3 locID: 102666069824766544 bcsId: 3667} | ret=SUCCESS |  
2019-08-23 11:31:43,368 | INFO  | DNAudit | user=null | ip=null | op=WRITE_CHUNK {blockData=conID: 3 locID: 102666069824766544 bcsId: 0} | ret=SUCCESS |  
2019-08-23 11:31:43,368 | INFO  | DNAudit | user=null | ip=null | op=PUT_BLOCK {blockData=[blockId=conID: 3 locID: 102666069824766544 bcsId: 0,size=2097152]} | ret=SUCCESS |  
2019-08-23 11:31:43,370 | INFO  | DNAudit | user=null | ip=null | op=WRITE_CHUNK {blockData=conID: 3 locID: 102666069824766544 bcsId: 3667} | ret=SUCCESS |  
2019-08-23 11:31:43,370 | INFO  | DNAudit | user=null | ip=null | op=PUT_BLOCK {blockData=[blockId=conID: 3 locID: 102666069824766544 bcsId: 0,size=3145728]} | ret=SUCCESS |  
2019-08-23 11:31:43,370 [grpc-default-executor-2] INFO  client.GrpcClientProtocolClient (GrpcClientProtocolClient.java:onNext(255)) - client-C9E345EC67ED->244f13ac-34be-4c4e-8e45-0c0272edbbb2: receive RaftClientReply:client-C9E345EC67ED->244f13ac-34be-4c4e-8e45-0c0272edbbb2@group-FE77C852EF02, cid=2486, SUCCESS, logIndex=3672, commits[244f13ac-34be-4c4e-8e45-0c0272edbbb2:c3673, 6287e41a-5356-4f55-84f2-270816d53e84:c3667, a2c18d3d-e79d-47c9-88fe-d8a1d195302b:c3670]
2019-08-23 11:31:43,371 [grpc-default-executor-1] INFO  client.GrpcClientProtocolClient (GrpcClientProtocolClient.java:onNext(255)) - client-C9E345EC67ED->244f13ac-34be-4c4e-8e45-0c0272edbbb2: receive RaftClientReply:client-C9E345EC67ED->244f13ac-34be-4c4e-8e45-0c0272edbbb2@group-FE77C852EF02, cid=2487, SUCCESS, logIndex=3673, commits[244f13ac-34be-4c4e-8e45-0c0272edbbb2:c3673, 6287e41a-5356-4f55-84f2-270816d53e84:c3667, a2c18d3d-e79d-47c9-88fe-d8a1d195302b:c3670]
2019-08-23 11:31:43,373 | INFO  | DNAudit | user=null | ip=null | op=WRITE_CHUNK {blockData=conID: 3 locID: 102666069824766544 bcsId: 3667} | ret=SUCCESS |  
2019-08-23 11:31:43,373 | INFO  | DNAudit | user=null | ip=null | op=PUT_BLOCK {blockData=[blockId=conID: 3 locID: 102666069824766544 bcsId: 0,size=3145728]} | ret=SUCCESS |  
2019-08-23 11:31:43,375 | INFO  | DNAudit | user=null | ip=null | op=WRITE_CHUNK {blockData=conID: 3 locID: 102666069824766544 bcsId: 3673} | ret=SUCCESS |  
2019-08-23 11:31:43,377 | INFO  | DNAudit | user=null | ip=null | op=WRITE_CHUNK {blockData=conID: 3 locID: 102666069824766544 bcsId: 3673} | ret=SUCCESS |  
2019-08-23 11:31:43,378 | INFO  | DNAudit | user=null | ip=null | op=WRITE_CHUNK {blockData=conID: 3 locID: 102666069824766544 bcsId: 3673} | ret=SUCCESS |  
2019-08-23 11:31:43,384 | INFO  | DNAudit | user=null | ip=null | op=WRITE_CHUNK {blockData=conID: 3 locID: 102666069824766544 bcsId: 3667} | ret=SUCCESS |  
2019-08-23 11:31:43,384 | INFO  | DNAudit | user=null | ip=null | op=PUT_BLOCK {blockData=[blockId=conID: 3 locID: 102666069824766544 bcsId: 0,size=3145728]} | ret=SUCCESS |  
2019-08-23 11:31:43,387 | INFO  | DNAudit | user=null | ip=null | op=WRITE_CHUNK {blockData=conID: 3 locID: 102666069824766544 bcsId: 3673} | ret=SUCCESS |  
2019-08-23 11:31:43,387 | INFO  | DNAudit | user=null | ip=null | op=PUT_BLOCK {blockData=[blockId=conID: 3 locID: 102666069824766544 bcsId: 0,size=4194304]} | ret=SUCCESS |  
2019-08-23 11:31:43,387 [grpc-default-executor-2] INFO  client.GrpcClientProtocolClient (GrpcClientProtocolClient.java:onNext(255)) - client-C9E345EC67ED->244f13ac-34be-4c4e-8e45-0c0272edbbb2: receive RaftClientReply:client-C9E345EC67ED->244f13ac-34be-4c4e-8e45-0c0272edbbb2@group-FE77C852EF02, cid=2488, SUCCESS, logIndex=3676, commits[244f13ac-34be-4c4e-8e45-0c0272edbbb2:c3677, 6287e41a-5356-4f55-84f2-270816d53e84:c3674, a2c18d3d-e79d-47c9-88fe-d8a1d195302b:c3674]
2019-08-23 11:31:43,387 [grpc-default-executor-2] INFO  client.GrpcClientProtocolClient (GrpcClientProtocolClient.java:onNext(255)) - client-C9E345EC67ED->244f13ac-34be-4c4e-8e45-0c0272edbbb2: receive RaftClientReply:client-C9E345EC67ED->244f13ac-34be-4c4e-8e45-0c0272edbbb2@group-FE77C852EF02, cid=2489, SUCCESS, logIndex=3677, commits[244f13ac-34be-4c4e-8e45-0c0272edbbb2:c3677, 6287e41a-5356-4f55-84f2-270816d53e84:c3674, a2c18d3d-e79d-47c9-88fe-d8a1d195302b:c3674]
2019-08-23 11:31:43,398 | INFO  | DNAudit | user=null | ip=null | op=WRITE_CHUNK {blockData=conID: 3 locID: 102666069824766544 bcsId: 3673} | ret=SUCCESS |  
2019-08-23 11:31:43,398 | INFO  | DNAudit | user=null | ip=null | op=WRITE_CHUNK {blockData=conID: 3 locID: 102666069824766544 bcsId: 3673} | ret=SUCCESS |  
2019-08-23 11:31:43,399 | INFO  | DNAudit | user=null | ip=null | op=PUT_BLOCK {blockData=[blockId=conID: 3 locID: 102666069824766544 bcsId: 0,size=4194304]} | ret=SUCCESS |  
2019-08-23 11:31:43,399 | INFO  | DNAudit | user=null | ip=null | op=PUT_BLOCK {blockData=[blockId=conID: 3 locID: 102666069824766544 bcsId: 0,size=4194304]} | ret=SUCCESS |  
2019-08-23 11:31:43,399 [grpc-default-executor-2] INFO  client.GrpcClientProtocolClient (GrpcClientProtocolClient.java:onNext(255)) - client-C9E345EC67ED->244f13ac-34be-4c4e-8e45-0c0272edbbb2: receive RaftClientReply:client-C9E345EC67ED->244f13ac-34be-4c4e-8e45-0c0272edbbb2@group-FE77C852EF02, cid=2490, SUCCESS, logIndex=0, commits[244f13ac-34be-4c4e-8e45-0c0272edbbb2:c3678, 6287e41a-5356-4f55-84f2-270816d53e84:c3677, a2c18d3d-e79d-47c9-88fe-d8a1d195302b:c3677]
2019-08-23 11:31:43,402 | INFO  | SCMAudit | user=jenkins1000 | ip=192.168.5.185 | op=ALLOCATE_BLOCK {owner=00a23185-76ea-47b5-a641-ad3cfbe5521a, size=4194304, type=RATIS, factor=THREE} | ret=SUCCESS |  
2019-08-23 11:31:43,405 | INFO  | OMAudit | user=jenkins1000 | ip=127.0.0.1 | op=ALLOCATE_BLOCK {volume=vol-0-37508, bucket=bucket-0-50919, key=key-0-57313, dataSize=0, replicationType=null, replicationFactor=null, keyLocationInfo=null, clientID=102666068570931602} | ret=SUCCESS |  
2019-08-23 11:31:43,410 | INFO  | DNAudit | user=null | ip=null | op=WRITE_CHUNK {blockData=conID: 1 locID: 102666069829354065 bcsId: 0} | ret=SUCCESS |  
2019-08-23 11:31:43,412 | INFO  | DNAudit | user=null | ip=null | op=WRITE_CHUNK {blockData=conID: 1 locID: 102666069829354065 bcsId: 0} | ret=SUCCESS |  
2019-08-23 11:31:43,413 | INFO  | DNAudit | user=null | ip=null | op=WRITE_CHUNK {blockData=conID: 1 locID: 102666069829354065 bcsId: 0} | ret=SUCCESS |  
2019-08-23 11:31:43,414 | INFO  | DNAudit | user=null | ip=null | op=WRITE_CHUNK {blockData=conID: 1 locID: 102666069829354065 bcsId: 0} | ret=SUCCESS |  
2019-08-23 11:31:43,415 | INFO  | DNAudit | user=null | ip=null | op=WRITE_CHUNK {blockData=conID: 1 locID: 102666069829354065 bcsId: 0} | ret=SUCCESS |  
2019-08-23 11:31:43,416 | INFO  | DNAudit | user=null | ip=null | op=WRITE_CHUNK {blockData=conID: 1 locID: 102666069829354065 bcsId: 0} | ret=SUCCESS |  
2019-08-23 11:31:43,425 | INFO  | DNAudit | user=null | ip=null | op=WRITE_CHUNK {blockData=conID: 1 locID: 102666069829354065 bcsId: 0} | ret=SUCCESS |  
2019-08-23 11:31:43,425 | INFO  | DNAudit | user=null | ip=null | op=PUT_BLOCK {blockData=[blockId=conID: 1 locID: 102666069829354065 bcsId: 0,size=1048576]} | ret=SUCCESS |  
2019-08-23 11:31:43,425 | INFO  | DNAudit | user=null | ip=null | op=WRITE_CHUNK {blockData=conID: 1 locID: 102666069829354065 bcsId: 0} | ret=SUCCESS |  
2019-08-23 11:31:43,425 [grpc-default-executor-1] INFO  client.GrpcClientProtocolClient (GrpcClientProtocolClient.java:onNext(255)) - client-C9E345EC67ED->244f13ac-34be-4c4e-8e45-0c0272edbbb2: receive RaftClientReply:client-C9E345EC67ED->244f13ac-34be-4c4e-8e45-0c0272edbbb2@group-FE77C852EF02, cid=2491, SUCCESS, logIndex=3679, commits[244f13ac-34be-4c4e-8e45-0c0272edbbb2:c3680, 6287e41a-5356-4f55-84f2-270816d53e84:c3678, a2c18d3d-e79d-47c9-88fe-d8a1d195302b:c3678]
2019-08-23 11:31:43,426 | INFO  | DNAudit | user=null | ip=null | op=PUT_BLOCK {blockData=[blockId=conID: 1 locID: 102666069829354065 bcsId: 0,size=2097152]} | ret=SUCCESS |  
2019-08-23 11:31:43,426 [grpc-default-executor-1] INFO  client.GrpcClientProtocolClient (GrpcClientProtocolClient.java:onNext(255)) - client-C9E345EC67ED->244f13ac-34be-4c4e-8e45-0c0272edbbb2: receive RaftClientReply:client-C9E345EC67ED->244f13ac-34be-4c4e-8e45-0c0272edbbb2@group-FE77C852EF02, cid=2492, SUCCESS, logIndex=3680, commits[244f13ac-34be-4c4e-8e45-0c0272edbbb2:c3682, 6287e41a-5356-4f55-84f2-270816d53e84:c3678, a2c18d3d-e79d-47c9-88fe-d8a1d195302b:c3678]
2019-08-23 11:31:43,426 [grpc-default-executor-1] INFO  client.GrpcClientProtocolClient (GrpcClientProtocolClient.java:onNext(255)) - client-C9E345EC67ED->244f13ac-34be-4c4e-8e45-0c0272edbbb2: receive RaftClientReply:client-C9E345EC67ED->244f13ac-34be-4c4e-8e45-0c0272edbbb2@group-FE77C852EF02, cid=2493, SUCCESS, logIndex=3681, commits[244f13ac-34be-4c4e-8e45-0c0272edbbb2:c3682, 6287e41a-5356-4f55-84f2-270816d53e84:c3678, a2c18d3d-e79d-47c9-88fe-d8a1d195302b:c3678]
2019-08-23 11:31:43,426 [grpc-default-executor-1] INFO  client.GrpcClientProtocolClient (GrpcClientProtocolClient.java:onNext(255)) - client-C9E345EC67ED->244f13ac-34be-4c4e-8e45-0c0272edbbb2: receive RaftClientReply:client-C9E345EC67ED->244f13ac-34be-4c4e-8e45-0c0272edbbb2@group-FE77C852EF02, cid=2494, SUCCESS, logIndex=3682, commits[244f13ac-34be-4c4e-8e45-0c0272edbbb2:c3682, 6287e41a-5356-4f55-84f2-270816d53e84:c3678, a2c18d3d-e79d-47c9-88fe-d8a1d195302b:c3678]
2019-08-23 11:31:43,426 | INFO  | DNAudit | user=null | ip=null | op=WRITE_CHUNK {blockData=conID: 1 locID: 102666069829354065 bcsId: 0} | ret=SUCCESS |  
2019-08-23 11:31:43,426 | INFO  | DNAudit | user=null | ip=null | op=WRITE_CHUNK {blockData=conID: 1 locID: 102666069829354065 bcsId: 0} | ret=SUCCESS |  
2019-08-23 11:31:43,427 | INFO  | DNAudit | user=null | ip=null | op=PUT_BLOCK {blockData=[blockId=conID: 1 locID: 102666069829354065 bcsId: 0,size=1048576]} | ret=SUCCESS |  
2019-08-23 11:31:43,427 | INFO  | DNAudit | user=null | ip=null | op=WRITE_CHUNK {blockData=conID: 1 locID: 102666069829354065 bcsId: 0} | ret=SUCCESS |  
2019-08-23 11:31:43,429 | INFO  | DNAudit | user=null | ip=null | op=PUT_BLOCK {blockData=[blockId=conID: 1 locID: 102666069829354065 bcsId: 0,size=2097152]} | ret=SUCCESS |  
2019-08-23 11:31:43,429 | INFO  | DNAudit | user=null | ip=null | op=PUT_BLOCK {blockData=[blockId=conID: 1 locID: 102666069829354065 bcsId: 0,size=1048576]} | ret=SUCCESS |  
2019-08-23 11:31:43,429 | INFO  | DNAudit | user=null | ip=null | op=WRITE_CHUNK {blockData=conID: 1 locID: 102666069829354065 bcsId: 0} | ret=SUCCESS |  
2019-08-23 11:31:43,429 | INFO  | DNAudit | user=null | ip=null | op=PUT_BLOCK {blockData=[blockId=conID: 1 locID: 102666069829354065 bcsId: 0,size=2097152]} | ret=SUCCESS |  
2019-08-23 11:31:43,429 [grpc-default-executor-1] INFO  client.GrpcClientProtocolClient (GrpcClientProtocolClient.java:onNext(255)) - client-C9E345EC67ED->244f13ac-34be-4c4e-8e45-0c0272edbbb2: receive RaftClientReply:client-C9E345EC67ED->244f13ac-34be-4c4e-8e45-0c0272edbbb2@group-FE77C852EF02, cid=2495, SUCCESS, logIndex=0, commits[244f13ac-34be-4c4e-8e45-0c0272edbbb2:c3686, 6287e41a-5356-4f55-84f2-270816d53e84:c3682, a2c18d3d-e79d-47c9-88fe-d8a1d195302b:c3680]
2019-08-23 11:31:43,580 | INFO  | DNAudit | user=null | ip=null | op=WRITE_CHUNK {blockData=conID: 1 locID: 102666069829354065 bcsId: 3682} | ret=SUCCESS |  
2019-08-23 11:31:43,582 | INFO  | DNAudit | user=null | ip=null | op=WRITE_CHUNK {blockData=conID: 1 locID: 102666069829354065 bcsId: 3682} | ret=SUCCESS |  
2019-08-23 11:31:43,584 | INFO  | DNAudit | user=null | ip=null | op=WRITE_CHUNK {blockData=conID: 1 locID: 102666069829354065 bcsId: 3682} | ret=SUCCESS |  
2019-08-23 11:31:43,592 | INFO  | DNAudit | user=null | ip=null | op=WRITE_CHUNK {blockData=conID: 1 locID: 102666069829354065 bcsId: 3682} | ret=SUCCESS |  
2019-08-23 11:31:43,593 | INFO  | DNAudit | user=null | ip=null | op=PUT_BLOCK {blockData=[blockId=conID: 1 locID: 102666069829354065 bcsId: 0,size=3145728]} | ret=SUCCESS |  
2019-08-23 11:31:43,593 [grpc-default-executor-1] INFO  client.GrpcClientProtocolClient (GrpcClientProtocolClient.java:onNext(255)) - client-C9E345EC67ED->244f13ac-34be-4c4e-8e45-0c0272edbbb2: receive RaftClientReply:client-C9E345EC67ED->244f13ac-34be-4c4e-8e45-0c0272edbbb2@group-FE77C852EF02, cid=2496, SUCCESS, logIndex=3687, commits[244f13ac-34be-4c4e-8e45-0c0272edbbb2:c3688, 6287e41a-5356-4f55-84f2-270816d53e84:c3686, a2c18d3d-e79d-47c9-88fe-d8a1d195302b:c3686]
2019-08-23 11:31:43,593 [grpc-default-executor-1] INFO  client.GrpcClientProtocolClient (GrpcClientProtocolClient.java:onNext(255)) - client-C9E345EC67ED->244f13ac-34be-4c4e-8e45-0c0272edbbb2: receive RaftClientReply:client-C9E345EC67ED->244f13ac-34be-4c4e-8e45-0c0272edbbb2@group-FE77C852EF02, cid=2497, SUCCESS, logIndex=3688, commits[244f13ac-34be-4c4e-8e45-0c0272edbbb2:c3688, 6287e41a-5356-4f55-84f2-270816d53e84:c3686, a2c18d3d-e79d-47c9-88fe-d8a1d195302b:c3686]
2019-08-23 11:31:43,601 | INFO  | DNAudit | user=null | ip=null | op=WRITE_CHUNK {blockData=conID: 1 locID: 102666069829354065 bcsId: 3688} | ret=SUCCESS |  
2019-08-23 11:31:43,604 | INFO  | DNAudit | user=null | ip=null | op=WRITE_CHUNK {blockData=conID: 1 locID: 102666069829354065 bcsId: 3682} | ret=SUCCESS |  
2019-08-23 11:31:43,604 | INFO  | DNAudit | user=null | ip=null | op=WRITE_CHUNK {blockData=conID: 1 locID: 102666069829354065 bcsId: 3682} | ret=SUCCESS |  
2019-08-23 11:31:43,605 | INFO  | DNAudit | user=null | ip=null | op=WRITE_CHUNK {blockData=conID: 1 locID: 102666069829354065 bcsId: 3688} | ret=SUCCESS |  
2019-08-23 11:31:43,605 | INFO  | DNAudit | user=null | ip=null | op=WRITE_CHUNK {blockData=conID: 1 locID: 102666069829354065 bcsId: 3688} | ret=SUCCESS |  
2019-08-23 11:31:43,616 | INFO  | DNAudit | user=null | ip=null | op=PUT_BLOCK {blockData=[blockId=conID: 1 locID: 102666069829354065 bcsId: 0,size=3145728]} | ret=SUCCESS |  
2019-08-23 11:31:43,617 | INFO  | DNAudit | user=null | ip=null | op=WRITE_CHUNK {blockData=conID: 1 locID: 102666069829354065 bcsId: 3688} | ret=SUCCESS |  
2019-08-23 11:31:43,617 | INFO  | DNAudit | user=null | ip=null | op=PUT_BLOCK {blockData=[blockId=conID: 1 locID: 102666069829354065 bcsId: 0,size=3145728]} | ret=SUCCESS |  
2019-08-23 11:31:43,617 | INFO  | DNAudit | user=null | ip=null | op=PUT_BLOCK {blockData=[blockId=conID: 1 locID: 102666069829354065 bcsId: 0,size=4194304]} | ret=SUCCESS |  
2019-08-23 11:31:43,617 [grpc-default-executor-4] INFO  client.GrpcClientProtocolClient (GrpcClientProtocolClient.java:onNext(255)) - client-C9E345EC67ED->244f13ac-34be-4c4e-8e45-0c0272edbbb2: receive RaftClientReply:client-C9E345EC67ED->244f13ac-34be-4c4e-8e45-0c0272edbbb2@group-FE77C852EF02, cid=2498, SUCCESS, logIndex=3691, commits[244f13ac-34be-4c4e-8e45-0c0272edbbb2:c3692, 6287e41a-5356-4f55-84f2-270816d53e84:c3688, a2c18d3d-e79d-47c9-88fe-d8a1d195302b:c3688]
2019-08-23 11:31:43,617 [grpc-default-executor-4] INFO  client.GrpcClientProtocolClient (GrpcClientProtocolClient.java:onNext(255)) - client-C9E345EC67ED->244f13ac-34be-4c4e-8e45-0c0272edbbb2: receive RaftClientReply:client-C9E345EC67ED->244f13ac-34be-4c4e-8e45-0c0272edbbb2@group-FE77C852EF02, cid=2499, SUCCESS, logIndex=3692, commits[244f13ac-34be-4c4e-8e45-0c0272edbbb2:c3692, 6287e41a-5356-4f55-84f2-270816d53e84:c3688, a2c18d3d-e79d-47c9-88fe-d8a1d195302b:c3688]
2019-08-23 11:31:43,618 | INFO  | DNAudit | user=null | ip=null | op=WRITE_CHUNK {blockData=conID: 1 locID: 102666069829354065 bcsId: 3688} | ret=SUCCESS |  
2019-08-23 11:31:43,618 | INFO  | DNAudit | user=null | ip=null | op=WRITE_CHUNK {blockData=conID: 1 locID: 102666069829354065 bcsId: 3688} | ret=SUCCESS |  
2019-08-23 11:31:43,619 | INFO  | DNAudit | user=null | ip=null | op=PUT_BLOCK {blockData=[blockId=conID: 1 locID: 102666069829354065 bcsId: 0,size=4194304]} | ret=SUCCESS |  
2019-08-23 11:31:43,619 | INFO  | DNAudit | user=null | ip=null | op=PUT_BLOCK {blockData=[blockId=conID: 1 locID: 102666069829354065 bcsId: 0,size=4194304]} | ret=SUCCESS |  
2019-08-23 11:31:43,620 [grpc-default-executor-1] INFO  client.GrpcClientProtocolClient (GrpcClientProtocolClient.java:onNext(255)) - client-C9E345EC67ED->244f13ac-34be-4c4e-8e45-0c0272edbbb2: receive RaftClientReply:client-C9E345EC67ED->244f13ac-34be-4c4e-8e45-0c0272edbbb2@group-FE77C852EF02, cid=2500, SUCCESS, logIndex=0, commits[244f13ac-34be-4c4e-8e45-0c0272edbbb2:c3694, 6287e41a-5356-4f55-84f2-270816d53e84:c3692, a2c18d3d-e79d-47c9-88fe-d8a1d195302b:c3692]
2019-08-23 11:31:43,624 | INFO  | SCMAudit | user=jenkins1000 | ip=192.168.5.185 | op=ALLOCATE_BLOCK {owner=00a23185-76ea-47b5-a641-ad3cfbe5521a, size=4194304, type=RATIS, factor=THREE} | ret=SUCCESS |  
2019-08-23 11:31:43,627 | INFO  | OMAudit | user=jenkins1000 | ip=127.0.0.1 | op=ALLOCATE_BLOCK {volume=vol-0-37508, bucket=bucket-0-50919, key=key-0-57313, dataSize=0, replicationType=null, replicationFactor=null, keyLocationInfo=null, clientID=102666068570931602} | ret=SUCCESS |  
2019-08-23 11:31:43,635 | INFO  | DNAudit | user=null | ip=null | op=WRITE_CHUNK {blockData=conID: 2 locID: 102666069843903058 bcsId: 0} | ret=SUCCESS |  
2019-08-23 11:31:43,637 | INFO  | DNAudit | user=null | ip=null | op=WRITE_CHUNK {blockData=conID: 2 locID: 102666069843903058 bcsId: 0} | ret=SUCCESS |  
2019-08-23 11:31:43,638 | INFO  | DNAudit | user=null | ip=null | op=WRITE_CHUNK {blockData=conID: 2 locID: 102666069843903058 bcsId: 0} | ret=SUCCESS |  
2019-08-23 11:31:43,639 | INFO  | DNAudit | user=null | ip=null | op=WRITE_CHUNK {blockData=conID: 2 locID: 102666069843903058 bcsId: 0} | ret=SUCCESS |  
2019-08-23 11:31:43,640 | INFO  | DNAudit | user=null | ip=null | op=WRITE_CHUNK {blockData=conID: 2 locID: 102666069843903058 bcsId: 0} | ret=SUCCESS |  
2019-08-23 11:31:43,640 | INFO  | DNAudit | user=null | ip=null | op=WRITE_CHUNK {blockData=conID: 2 locID: 102666069843903058 bcsId: 0} | ret=SUCCESS |  
2019-08-23 11:31:43,648 | INFO  | DNAudit | user=null | ip=null | op=WRITE_CHUNK {blockData=conID: 2 locID: 102666069843903058 bcsId: 0} | ret=SUCCESS |  
2019-08-23 11:31:43,648 | INFO  | DNAudit | user=null | ip=null | op=PUT_BLOCK {blockData=[blockId=conID: 2 locID: 102666069843903058 bcsId: 0,size=1048576]} | ret=SUCCESS |  
2019-08-23 11:31:43,648 [grpc-default-executor-4] INFO  client.GrpcClientProtocolClient (GrpcClientProtocolClient.java:onNext(255)) - client-C9E345EC67ED->244f13ac-34be-4c4e-8e45-0c0272edbbb2: receive RaftClientReply:client-C9E345EC67ED->244f13ac-34be-4c4e-8e45-0c0272edbbb2@group-FE77C852EF02, cid=2501, SUCCESS, logIndex=3695, commits[244f13ac-34be-4c4e-8e45-0c0272edbbb2:c3697, 6287e41a-5356-4f55-84f2-270816d53e84:c3694, a2c18d3d-e79d-47c9-88fe-d8a1d195302b:c3694]
2019-08-23 11:31:43,648 | INFO  | DNAudit | user=null | ip=null | op=WRITE_CHUNK {blockData=conID: 2 locID: 102666069843903058 bcsId: 0} | ret=SUCCESS |  
2019-08-23 11:31:43,648 [grpc-default-executor-4] INFO  client.GrpcClientProtocolClient (GrpcClientProtocolClient.java:onNext(255)) - client-C9E345EC67ED->244f13ac-34be-4c4e-8e45-0c0272edbbb2: receive RaftClientReply:client-C9E345EC67ED->244f13ac-34be-4c4e-8e45-0c0272edbbb2@group-FE77C852EF02, cid=2502, SUCCESS, logIndex=3696, commits[244f13ac-34be-4c4e-8e45-0c0272edbbb2:c3698, 6287e41a-5356-4f55-84f2-270816d53e84:c3694, a2c18d3d-e79d-47c9-88fe-d8a1d195302b:c3694]
2019-08-23 11:31:43,649 | INFO  | DNAudit | user=null | ip=null | op=PUT_BLOCK {blockData=[blockId=conID: 2 locID: 102666069843903058 bcsId: 0,size=2097152]} | ret=SUCCESS |  
2019-08-23 11:31:43,649 [grpc-default-executor-4] INFO  client.GrpcClientProtocolClient (GrpcClientProtocolClient.java:onNext(255)) - client-C9E345EC67ED->244f13ac-34be-4c4e-8e45-0c0272edbbb2: receive RaftClientReply:client-C9E345EC67ED->244f13ac-34be-4c4e-8e45-0c0272edbbb2@group-FE77C852EF02, cid=2503, SUCCESS, logIndex=3697, commits[244f13ac-34be-4c4e-8e45-0c0272edbbb2:c3698, 6287e41a-5356-4f55-84f2-270816d53e84:c3694, a2c18d3d-e79d-47c9-88fe-d8a1d195302b:c3694]
2019-08-23 11:31:43,649 [grpc-default-executor-4] INFO  client.GrpcClientProtocolClient (GrpcClientProtocolClient.java:onNext(255)) - client-C9E345EC67ED->244f13ac-34be-4c4e-8e45-0c0272edbbb2: receive RaftClientReply:client-C9E345EC67ED->244f13ac-34be-4c4e-8e45-0c0272edbbb2@group-FE77C852EF02, cid=2504, SUCCESS, logIndex=3698, commits[244f13ac-34be-4c4e-8e45-0c0272edbbb2:c3698, 6287e41a-5356-4f55-84f2-270816d53e84:c3694, a2c18d3d-e79d-47c9-88fe-d8a1d195302b:c3694]
2019-08-23 11:31:43,659 | INFO  | DNAudit | user=null | ip=null | op=WRITE_CHUNK {blockData=conID: 2 locID: 102666069843903058 bcsId: 0} | ret=SUCCESS |  
2019-08-23 11:31:43,659 | INFO  | DNAudit | user=null | ip=null | op=PUT_BLOCK {blockData=[blockId=conID: 2 locID: 102666069843903058 bcsId: 0,size=1048576]} | ret=SUCCESS |  
2019-08-23 11:31:43,659 | INFO  | DNAudit | user=null | ip=null | op=WRITE_CHUNK {blockData=conID: 2 locID: 102666069843903058 bcsId: 0} | ret=SUCCESS |  
2019-08-23 11:31:43,660 | INFO  | DNAudit | user=null | ip=null | op=PUT_BLOCK {blockData=[blockId=conID: 2 locID: 102666069843903058 bcsId: 0,size=1048576]} | ret=SUCCESS |  
2019-08-23 11:31:43,660 [grpc-default-executor-1] INFO  client.GrpcClientProtocolClient (GrpcClientProtocolClient.java:onNext(255)) - client-C9E345EC67ED->244f13ac-34be-4c4e-8e45-0c0272edbbb2: receive RaftClientReply:client-C9E345EC67ED->244f13ac-34be-4c4e-8e45-0c0272edbbb2@group-FE77C852EF02, cid=2505, SUCCESS, logIndex=0, commits[244f13ac-34be-4c4e-8e45-0c0272edbbb2:c3699, 6287e41a-5356-4f55-84f2-270816d53e84:c3696, a2c18d3d-e79d-47c9-88fe-d8a1d195302b:c3696]
2019-08-23 11:31:43,660 | INFO  | DNAudit | user=null | ip=null | op=WRITE_CHUNK {blockData=conID: 2 locID: 102666069843903058 bcsId: 0} | ret=SUCCESS |  
2019-08-23 11:31:43,660 | INFO  | DNAudit | user=null | ip=null | op=PUT_BLOCK {blockData=[blockId=conID: 2 locID: 102666069843903058 bcsId: 0,size=2097152]} | ret=SUCCESS |  
2019-08-23 11:31:43,661 | INFO  | DNAudit | user=null | ip=null | op=WRITE_CHUNK {blockData=conID: 2 locID: 102666069843903058 bcsId: 0} | ret=SUCCESS |  
2019-08-23 11:31:43,661 | INFO  | DNAudit | user=null | ip=null | op=PUT_BLOCK {blockData=[blockId=conID: 2 locID: 102666069843903058 bcsId: 0,size=2097152]} | ret=SUCCESS |  
2019-08-23 11:31:43,666 | INFO  | DNAudit | user=null | ip=null | op=WRITE_CHUNK {blockData=conID: 2 locID: 102666069843903058 bcsId: 3698} | ret=SUCCESS |  
2019-08-23 11:31:43,667 | INFO  | DNAudit | user=null | ip=null | op=WRITE_CHUNK {blockData=conID: 2 locID: 102666069843903058 bcsId: 3698} | ret=SUCCESS |  
2019-08-23 11:31:43,667 | INFO  | DNAudit | user=null | ip=null | op=WRITE_CHUNK {blockData=conID: 2 locID: 102666069843903058 bcsId: 3698} | ret=SUCCESS |  
2019-08-23 11:31:43,678 | INFO  | DNAudit | user=null | ip=null | op=WRITE_CHUNK {blockData=conID: 2 locID: 102666069843903058 bcsId: 3698} | ret=SUCCESS |  
2019-08-23 11:31:43,678 | INFO  | DNAudit | user=null | ip=null | op=PUT_BLOCK {blockData=[blockId=conID: 2 locID: 102666069843903058 bcsId: 0,size=3145728]} | ret=SUCCESS |  
2019-08-23 11:31:43,678 [grpc-default-executor-1] INFO  client.GrpcClientProtocolClient (GrpcClientProtocolClient.java:onNext(255)) - client-C9E345EC67ED->244f13ac-34be-4c4e-8e45-0c0272edbbb2: receive RaftClientReply:client-C9E345EC67ED->244f13ac-34be-4c4e-8e45-0c0272edbbb2@group-FE77C852EF02, cid=2506, SUCCESS, logIndex=3703, commits[244f13ac-34be-4c4e-8e45-0c0272edbbb2:c3704, 6287e41a-5356-4f55-84f2-270816d53e84:c3702, a2c18d3d-e79d-47c9-88fe-d8a1d195302b:c3702]
2019-08-23 11:31:43,679 [grpc-default-executor-1] INFO  client.GrpcClientProtocolClient (GrpcClientProtocolClient.java:onNext(255)) - client-C9E345EC67ED->244f13ac-34be-4c4e-8e45-0c0272edbbb2: receive RaftClientReply:client-C9E345EC67ED->244f13ac-34be-4c4e-8e45-0c0272edbbb2@group-FE77C852EF02, cid=2507, SUCCESS, logIndex=3704, commits[244f13ac-34be-4c4e-8e45-0c0272edbbb2:c3704, 6287e41a-5356-4f55-84f2-270816d53e84:c3702, a2c18d3d-e79d-47c9-88fe-d8a1d195302b:c3702]
2019-08-23 11:31:43,684 | INFO  | DNAudit | user=null | ip=null | op=WRITE_CHUNK {blockData=conID: 2 locID: 102666069843903058 bcsId: 3704} | ret=SUCCESS |  
2019-08-23 11:31:43,686 | INFO  | DNAudit | user=null | ip=null | op=WRITE_CHUNK {blockData=conID: 2 locID: 102666069843903058 bcsId: 3704} | ret=SUCCESS |  
2019-08-23 11:31:43,686 | INFO  | DNAudit | user=null | ip=null | op=WRITE_CHUNK {blockData=conID: 2 locID: 102666069843903058 bcsId: 3704} | ret=SUCCESS |  
2019-08-23 11:31:43,690 | INFO  | DNAudit | user=null | ip=null | op=WRITE_CHUNK {blockData=conID: 2 locID: 102666069843903058 bcsId: 3698} | ret=SUCCESS |  
2019-08-23 11:31:43,690 | INFO  | DNAudit | user=null | ip=null | op=WRITE_CHUNK {blockData=conID: 2 locID: 102666069843903058 bcsId: 3698} | ret=SUCCESS |  
2019-08-23 11:31:43,692 | INFO  | DNAudit | user=null | ip=null | op=PUT_BLOCK {blockData=[blockId=conID: 2 locID: 102666069843903058 bcsId: 0,size=3145728]} | ret=SUCCESS |  
2019-08-23 11:31:43,692 | INFO  | DNAudit | user=null | ip=null | op=PUT_BLOCK {blockData=[blockId=conID: 2 locID: 102666069843903058 bcsId: 0,size=3145728]} | ret=SUCCESS |  
2019-08-23 11:31:43,693 | INFO  | DNAudit | user=null | ip=null | op=WRITE_CHUNK {blockData=conID: 2 locID: 102666069843903058 bcsId: 3704} | ret=SUCCESS |  
2019-08-23 11:31:43,693 | INFO  | DNAudit | user=null | ip=null | op=PUT_BLOCK {blockData=[blockId=conID: 2 locID: 102666069843903058 bcsId: 0,size=4194304]} | ret=SUCCESS |  
2019-08-23 11:31:43,693 [grpc-default-executor-1] INFO  client.GrpcClientProtocolClient (GrpcClientProtocolClient.java:onNext(255)) - client-C9E345EC67ED->244f13ac-34be-4c4e-8e45-0c0272edbbb2: receive RaftClientReply:client-C9E345EC67ED->244f13ac-34be-4c4e-8e45-0c0272edbbb2@group-FE77C852EF02, cid=2508, SUCCESS, logIndex=3707, commits[244f13ac-34be-4c4e-8e45-0c0272edbbb2:c3708, 6287e41a-5356-4f55-84f2-270816d53e84:c3704, a2c18d3d-e79d-47c9-88fe-d8a1d195302b:c3704]
2019-08-23 11:31:43,693 [grpc-default-executor-1] INFO  client.GrpcClientProtocolClient (GrpcClientProtocolClient.java:onNext(255)) - client-C9E345EC67ED->244f13ac-34be-4c4e-8e45-0c0272edbbb2: receive RaftClientReply:client-C9E345EC67ED->244f13ac-34be-4c4e-8e45-0c0272edbbb2@group-FE77C852EF02, cid=2509, SUCCESS, logIndex=3708, commits[244f13ac-34be-4c4e-8e45-0c0272edbbb2:c3708, 6287e41a-5356-4f55-84f2-270816d53e84:c3704, a2c18d3d-e79d-47c9-88fe-d8a1d195302b:c3704]
2019-08-23 11:31:43,704 | INFO  | DNAudit | user=null | ip=null | op=WRITE_CHUNK {blockData=conID: 2 locID: 102666069843903058 bcsId: 3704} | ret=SUCCESS |  
2019-08-23 11:31:43,704 | INFO  | DNAudit | user=null | ip=null | op=WRITE_CHUNK {blockData=conID: 2 locID: 102666069843903058 bcsId: 3704} | ret=SUCCESS |  
2019-08-23 11:31:43,706 | INFO  | DNAudit | user=null | ip=null | op=PUT_BLOCK {blockData=[blockId=conID: 2 locID: 102666069843903058 bcsId: 0,size=4194304]} | ret=SUCCESS |  
2019-08-23 11:31:43,707 | INFO  | DNAudit | user=null | ip=null | op=PUT_BLOCK {blockData=[blockId=conID: 2 locID: 102666069843903058 bcsId: 0,size=4194304]} | ret=SUCCESS |  
2019-08-23 11:31:43,707 [grpc-default-executor-1] INFO  client.GrpcClientProtocolClient (GrpcClientProtocolClient.java:onNext(255)) - client-C9E345EC67ED->244f13ac-34be-4c4e-8e45-0c0272edbbb2: receive RaftClientReply:client-C9E345EC67ED->244f13ac-34be-4c4e-8e45-0c0272edbbb2@group-FE77C852EF02, cid=2510, SUCCESS, logIndex=0, commits[244f13ac-34be-4c4e-8e45-0c0272edbbb2:c3710, 6287e41a-5356-4f55-84f2-270816d53e84:c3708, a2c18d3d-e79d-47c9-88fe-d8a1d195302b:c3708]
2019-08-23 11:31:43,711 | INFO  | SCMAudit | user=jenkins1000 | ip=192.168.5.185 | op=ALLOCATE_BLOCK {owner=00a23185-76ea-47b5-a641-ad3cfbe5521a, size=4194304, type=RATIS, factor=THREE} | ret=SUCCESS |  
2019-08-23 11:31:43,713 | INFO  | OMAudit | user=jenkins1000 | ip=127.0.0.1 | op=ALLOCATE_BLOCK {volume=vol-0-37508, bucket=bucket-0-50919, key=key-0-57313, dataSize=0, replicationType=null, replicationFactor=null, keyLocationInfo=null, clientID=102666068570931602} | ret=SUCCESS |  
2019-08-23 11:31:43,721 | INFO  | DNAudit | user=null | ip=null | op=WRITE_CHUNK {blockData=conID: 3 locID: 102666069849604691 bcsId: 0} | ret=SUCCESS |  
2019-08-23 11:31:43,721 | INFO  | DNAudit | user=null | ip=null | op=WRITE_CHUNK {blockData=conID: 3 locID: 102666069849604691 bcsId: 0} | ret=SUCCESS |  
2019-08-23 11:31:43,722 | INFO  | DNAudit | user=null | ip=null | op=WRITE_CHUNK {blockData=conID: 3 locID: 102666069849604691 bcsId: 0} | ret=SUCCESS |  
2019-08-23 11:31:43,723 | INFO  | DNAudit | user=null | ip=null | op=WRITE_CHUNK {blockData=conID: 3 locID: 102666069849604691 bcsId: 0} | ret=SUCCESS |  
2019-08-23 11:31:43,724 | INFO  | DNAudit | user=null | ip=null | op=WRITE_CHUNK {blockData=conID: 3 locID: 102666069849604691 bcsId: 0} | ret=SUCCESS |  
2019-08-23 11:31:43,724 | INFO  | DNAudit | user=null | ip=null | op=WRITE_CHUNK {blockData=conID: 3 locID: 102666069849604691 bcsId: 0} | ret=SUCCESS |  
2019-08-23 11:31:43,733 | INFO  | DNAudit | user=null | ip=null | op=WRITE_CHUNK {blockData=conID: 3 locID: 102666069849604691 bcsId: 0} | ret=SUCCESS |  
2019-08-23 11:31:43,734 | INFO  | DNAudit | user=null | ip=null | op=PUT_BLOCK {blockData=[blockId=conID: 3 locID: 102666069849604691 bcsId: 0,size=1048576]} | ret=SUCCESS |  
2019-08-23 11:31:43,734 [grpc-default-executor-0] INFO  client.GrpcClientProtocolClient (GrpcClientProtocolClient.java:onNext(255)) - client-C9E345EC67ED->244f13ac-34be-4c4e-8e45-0c0272edbbb2: receive RaftClientReply:client-C9E345EC67ED->244f13ac-34be-4c4e-8e45-0c0272edbbb2@group-FE77C852EF02, cid=2511, SUCCESS, logIndex=3711, commits[244f13ac-34be-4c4e-8e45-0c0272edbbb2:c3712, 6287e41a-5356-4f55-84f2-270816d53e84:c3710, a2c18d3d-e79d-47c9-88fe-d8a1d195302b:c3710]
2019-08-23 11:31:43,734 | INFO  | DNAudit | user=null | ip=null | op=WRITE_CHUNK {blockData=conID: 3 locID: 102666069849604691 bcsId: 0} | ret=SUCCESS |  
2019-08-23 11:31:43,734 [grpc-default-executor-0] INFO  client.GrpcClientProtocolClient (GrpcClientProtocolClient.java:onNext(255)) - client-C9E345EC67ED->244f13ac-34be-4c4e-8e45-0c0272edbbb2: receive RaftClientReply:client-C9E345EC67ED->244f13ac-34be-4c4e-8e45-0c0272edbbb2@group-FE77C852EF02, cid=2512, SUCCESS, logIndex=3712, commits[244f13ac-34be-4c4e-8e45-0c0272edbbb2:c3713, 6287e41a-5356-4f55-84f2-270816d53e84:c3710, a2c18d3d-e79d-47c9-88fe-d8a1d195302b:c3710]
2019-08-23 11:31:43,735 | INFO  | DNAudit | user=null | ip=null | op=PUT_BLOCK {blockData=[blockId=conID: 3 locID: 102666069849604691 bcsId: 0,size=2097152]} | ret=SUCCESS |  
2019-08-23 11:31:43,735 [grpc-default-executor-0] INFO  client.GrpcClientProtocolClient (GrpcClientProtocolClient.java:onNext(255)) - client-C9E345EC67ED->244f13ac-34be-4c4e-8e45-0c0272edbbb2: receive RaftClientReply:client-C9E345EC67ED->244f13ac-34be-4c4e-8e45-0c0272edbbb2@group-FE77C852EF02, cid=2513, SUCCESS, logIndex=3713, commits[244f13ac-34be-4c4e-8e45-0c0272edbbb2:c3714, 6287e41a-5356-4f55-84f2-270816d53e84:c3710, a2c18d3d-e79d-47c9-88fe-d8a1d195302b:c3710]
2019-08-23 11:31:43,735 [grpc-default-executor-0] INFO  client.GrpcClientProtocolClient (GrpcClientProtocolClient.java:onNext(255)) - client-C9E345EC67ED->244f13ac-34be-4c4e-8e45-0c0272edbbb2: receive RaftClientReply:client-C9E345EC67ED->244f13ac-34be-4c4e-8e45-0c0272edbbb2@group-FE77C852EF02, cid=2514, SUCCESS, logIndex=3714, commits[244f13ac-34be-4c4e-8e45-0c0272edbbb2:c3714, 6287e41a-5356-4f55-84f2-270816d53e84:c3710, a2c18d3d-e79d-47c9-88fe-d8a1d195302b:c3710]
2019-08-23 11:31:43,747 | INFO  | DNAudit | user=null | ip=null | op=WRITE_CHUNK {blockData=conID: 3 locID: 102666069849604691 bcsId: 0} | ret=SUCCESS |  
2019-08-23 11:31:43,747 | INFO  | DNAudit | user=null | ip=null | op=PUT_BLOCK {blockData=[blockId=conID: 3 locID: 102666069849604691 bcsId: 0,size=1048576]} | ret=SUCCESS |  
2019-08-23 11:31:43,747 | INFO  | DNAudit | user=null | ip=null | op=WRITE_CHUNK {blockData=conID: 3 locID: 102666069849604691 bcsId: 0} | ret=SUCCESS |  
2019-08-23 11:31:43,747 | INFO  | DNAudit | user=null | ip=null | op=PUT_BLOCK {blockData=[blockId=conID: 3 locID: 102666069849604691 bcsId: 0,size=1048576]} | ret=SUCCESS |  
2019-08-23 11:31:43,747 | INFO  | DNAudit | user=null | ip=null | op=WRITE_CHUNK {blockData=conID: 3 locID: 102666069849604691 bcsId: 0} | ret=SUCCESS |  
2019-08-23 11:31:43,748 | INFO  | DNAudit | user=null | ip=null | op=PUT_BLOCK {blockData=[blockId=conID: 3 locID: 102666069849604691 bcsId: 0,size=2097152]} | ret=SUCCESS |  
2019-08-23 11:31:43,747 [grpc-default-executor-0] INFO  client.GrpcClientProtocolClient (GrpcClientProtocolClient.java:onNext(255)) - client-C9E345EC67ED->244f13ac-34be-4c4e-8e45-0c0272edbbb2: receive RaftClientReply:client-C9E345EC67ED->244f13ac-34be-4c4e-8e45-0c0272edbbb2@group-FE77C852EF02, cid=2515, SUCCESS, logIndex=0, commits[244f13ac-34be-4c4e-8e45-0c0272edbbb2:c3716, 6287e41a-5356-4f55-84f2-270816d53e84:c3712, a2c18d3d-e79d-47c9-88fe-d8a1d195302b:c3712]
2019-08-23 11:31:43,748 | INFO  | DNAudit | user=null | ip=null | op=WRITE_CHUNK {blockData=conID: 3 locID: 102666069849604691 bcsId: 0} | ret=SUCCESS |  
2019-08-23 11:31:43,748 | INFO  | DNAudit | user=null | ip=null | op=PUT_BLOCK {blockData=[blockId=conID: 3 locID: 102666069849604691 bcsId: 0,size=2097152]} | ret=SUCCESS |  
2019-08-23 11:31:43,753 | INFO  | DNAudit | user=null | ip=null | op=WRITE_CHUNK {blockData=conID: 3 locID: 102666069849604691 bcsId: 3714} | ret=SUCCESS |  
2019-08-23 11:31:43,754 | INFO  | DNAudit | user=null | ip=null | op=WRITE_CHUNK {blockData=conID: 3 locID: 102666069849604691 bcsId: 3714} | ret=SUCCESS |  
2019-08-23 11:31:43,754 | INFO  | DNAudit | user=null | ip=null | op=WRITE_CHUNK {blockData=conID: 3 locID: 102666069849604691 bcsId: 3714} | ret=SUCCESS |  
2019-08-23 11:31:43,764 | INFO  | DNAudit | user=null | ip=null | op=WRITE_CHUNK {blockData=conID: 3 locID: 102666069849604691 bcsId: 3714} | ret=SUCCESS |  
2019-08-23 11:31:43,764 | INFO  | DNAudit | user=null | ip=null | op=PUT_BLOCK {blockData=[blockId=conID: 3 locID: 102666069849604691 bcsId: 0,size=3145728]} | ret=SUCCESS |  
2019-08-23 11:31:43,765 [grpc-default-executor-4] INFO  client.GrpcClientProtocolClient (GrpcClientProtocolClient.java:onNext(255)) - client-C9E345EC67ED->244f13ac-34be-4c4e-8e45-0c0272edbbb2: receive RaftClientReply:client-C9E345EC67ED->244f13ac-34be-4c4e-8e45-0c0272edbbb2@group-FE77C852EF02, cid=2516, SUCCESS, logIndex=3719, commits[244f13ac-34be-4c4e-8e45-0c0272edbbb2:c3720, 6287e41a-5356-4f55-84f2-270816d53e84:c3718, a2c18d3d-e79d-47c9-88fe-d8a1d195302b:c3718]
2019-08-23 11:31:43,765 [grpc-default-executor-4] INFO  client.GrpcClientProtocolClient (GrpcClientProtocolClient.java:onNext(255)) - client-C9E345EC67ED->244f13ac-34be-4c4e-8e45-0c0272edbbb2: receive RaftClientReply:client-C9E345EC67ED->244f13ac-34be-4c4e-8e45-0c0272edbbb2@group-FE77C852EF02, cid=2517, SUCCESS, logIndex=3720, commits[244f13ac-34be-4c4e-8e45-0c0272edbbb2:c3720, 6287e41a-5356-4f55-84f2-270816d53e84:c3718, a2c18d3d-e79d-47c9-88fe-d8a1d195302b:c3718]
2019-08-23 11:31:43,769 | INFO  | DNAudit | user=null | ip=null | op=WRITE_CHUNK {blockData=conID: 3 locID: 102666069849604691 bcsId: 3720} | ret=SUCCESS |  
2019-08-23 11:31:43,771 | INFO  | DNAudit | user=null | ip=null | op=WRITE_CHUNK {blockData=conID: 3 locID: 102666069849604691 bcsId: 3720} | ret=SUCCESS |  
2019-08-23 11:31:43,771 | INFO  | DNAudit | user=null | ip=null | op=WRITE_CHUNK {blockData=conID: 3 locID: 102666069849604691 bcsId: 3720} | ret=SUCCESS |  
2019-08-23 11:31:43,774 | INFO  | DNAudit | user=null | ip=null | op=WRITE_CHUNK {blockData=conID: 3 locID: 102666069849604691 bcsId: 3714} | ret=SUCCESS |  
2019-08-23 11:31:43,774 | INFO  | DNAudit | user=null | ip=null | op=WRITE_CHUNK {blockData=conID: 3 locID: 102666069849604691 bcsId: 3714} | ret=SUCCESS |  
2019-08-23 11:31:43,775 | INFO  | DNAudit | user=null | ip=null | op=PUT_BLOCK {blockData=[blockId=conID: 3 locID: 102666069849604691 bcsId: 0,size=3145728]} | ret=SUCCESS |  
2019-08-23 11:31:43,775 | INFO  | DNAudit | user=null | ip=null | op=PUT_BLOCK {blockData=[blockId=conID: 3 locID: 102666069849604691 bcsId: 0,size=3145728]} | ret=SUCCESS |  
2019-08-23 11:31:43,775 | INFO  | DNAudit | user=null | ip=null | op=WRITE_CHUNK {blockData=conID: 3 locID: 102666069849604691 bcsId: 3720} | ret=SUCCESS |  
2019-08-23 11:31:43,776 | INFO  | DNAudit | user=null | ip=null | op=PUT_BLOCK {blockData=[blockId=conID: 3 locID: 102666069849604691 bcsId: 0,size=4194304]} | ret=SUCCESS |  
2019-08-23 11:31:43,776 [grpc-default-executor-4] INFO  client.GrpcClientProtocolClient (GrpcClientProtocolClient.java:onNext(255)) - client-C9E345EC67ED->244f13ac-34be-4c4e-8e45-0c0272edbbb2: receive RaftClientReply:client-C9E345EC67ED->244f13ac-34be-4c4e-8e45-0c0272edbbb2@group-FE77C852EF02, cid=2518, SUCCESS, logIndex=3723, commits[244f13ac-34be-4c4e-8e45-0c0272edbbb2:c3724, 6287e41a-5356-4f55-84f2-270816d53e84:c3720, a2c18d3d-e79d-47c9-88fe-d8a1d195302b:c3720]
2019-08-23 11:31:43,776 [grpc-default-executor-4] INFO  client.GrpcClientProtocolClient (GrpcClientProtocolClient.java:onNext(255)) - client-C9E345EC67ED->244f13ac-34be-4c4e-8e45-0c0272edbbb2: receive RaftClientReply:client-C9E345EC67ED->244f13ac-34be-4c4e-8e45-0c0272edbbb2@group-FE77C852EF02, cid=2519, SUCCESS, logIndex=3724, commits[244f13ac-34be-4c4e-8e45-0c0272edbbb2:c3724, 6287e41a-5356-4f55-84f2-270816d53e84:c3720, a2c18d3d-e79d-47c9-88fe-d8a1d195302b:c3720]
2019-08-23 11:31:43,785 | INFO  | DNAudit | user=null | ip=null | op=WRITE_CHUNK {blockData=conID: 3 locID: 102666069849604691 bcsId: 3720} | ret=SUCCESS |  
2019-08-23 11:31:43,785 | INFO  | DNAudit | user=null | ip=null | op=WRITE_CHUNK {blockData=conID: 3 locID: 102666069849604691 bcsId: 3720} | ret=SUCCESS |  
2019-08-23 11:31:43,795 | INFO  | DNAudit | user=null | ip=null | op=PUT_BLOCK {blockData=[blockId=conID: 3 locID: 102666069849604691 bcsId: 0,size=4194304]} | ret=SUCCESS |  
2019-08-23 11:31:43,795 | INFO  | DNAudit | user=null | ip=null | op=PUT_BLOCK {blockData=[blockId=conID: 3 locID: 102666069849604691 bcsId: 0,size=4194304]} | ret=SUCCESS |  
2019-08-23 11:31:43,795 [grpc-default-executor-4] INFO  client.GrpcClientProtocolClient (GrpcClientProtocolClient.java:onNext(255)) - client-C9E345EC67ED->244f13ac-34be-4c4e-8e45-0c0272edbbb2: receive RaftClientReply:client-C9E345EC67ED->244f13ac-34be-4c4e-8e45-0c0272edbbb2@group-FE77C852EF02, cid=2520, SUCCESS, logIndex=0, commits[244f13ac-34be-4c4e-8e45-0c0272edbbb2:c3726, 6287e41a-5356-4f55-84f2-270816d53e84:c3724, a2c18d3d-e79d-47c9-88fe-d8a1d195302b:c3724]
2019-08-23 11:31:43,799 | INFO  | SCMAudit | user=jenkins1000 | ip=192.168.5.185 | op=ALLOCATE_BLOCK {owner=00a23185-76ea-47b5-a641-ad3cfbe5521a, size=4194304, type=RATIS, factor=THREE} | ret=SUCCESS |  
2019-08-23 11:31:43,801 | INFO  | OMAudit | user=jenkins1000 | ip=127.0.0.1 | op=ALLOCATE_BLOCK {volume=vol-0-37508, bucket=bucket-0-50919, key=key-0-57313, dataSize=0, replicationType=null, replicationFactor=null, keyLocationInfo=null, clientID=102666068570931602} | ret=SUCCESS |  
2019-08-23 11:31:43,806 | INFO  | DNAudit | user=null | ip=null | op=WRITE_CHUNK {blockData=conID: 1 locID: 102666069855371860 bcsId: 0} | ret=SUCCESS |  
2019-08-23 11:31:43,808 | INFO  | DNAudit | user=null | ip=null | op=WRITE_CHUNK {blockData=conID: 1 locID: 102666069855371860 bcsId: 0} | ret=SUCCESS |  
2019-08-23 11:31:43,809 | INFO  | DNAudit | user=null | ip=null | op=WRITE_CHUNK {blockData=conID: 1 locID: 102666069855371860 bcsId: 0} | ret=SUCCESS |  
2019-08-23 11:31:43,810 | INFO  | DNAudit | user=null | ip=null | op=WRITE_CHUNK {blockData=conID: 1 locID: 102666069855371860 bcsId: 0} | ret=SUCCESS |  
2019-08-23 11:31:43,810 | INFO  | DNAudit | user=null | ip=null | op=WRITE_CHUNK {blockData=conID: 1 locID: 102666069855371860 bcsId: 0} | ret=SUCCESS |  
2019-08-23 11:31:43,810 | INFO  | DNAudit | user=null | ip=null | op=WRITE_CHUNK {blockData=conID: 1 locID: 102666069855371860 bcsId: 0} | ret=SUCCESS |  
2019-08-23 11:31:43,818 | INFO  | DNAudit | user=null | ip=null | op=WRITE_CHUNK {blockData=conID: 1 locID: 102666069855371860 bcsId: 0} | ret=SUCCESS |  
2019-08-23 11:31:43,818 | INFO  | DNAudit | user=null | ip=null | op=PUT_BLOCK {blockData=[blockId=conID: 1 locID: 102666069855371860 bcsId: 0,size=1048576]} | ret=SUCCESS |  
2019-08-23 11:31:43,819 [grpc-default-executor-2] INFO  client.GrpcClientProtocolClient (GrpcClientProtocolClient.java:onNext(255)) - client-C9E345EC67ED->244f13ac-34be-4c4e-8e45-0c0272edbbb2: receive RaftClientReply:client-C9E345EC67ED->244f13ac-34be-4c4e-8e45-0c0272edbbb2@group-FE77C852EF02, cid=2521, SUCCESS, logIndex=3727, commits[244f13ac-34be-4c4e-8e45-0c0272edbbb2:c3729, 6287e41a-5356-4f55-84f2-270816d53e84:c3726, a2c18d3d-e79d-47c9-88fe-d8a1d195302b:c3726]
2019-08-23 11:31:43,819 | INFO  | DNAudit | user=null | ip=null | op=WRITE_CHUNK {blockData=conID: 1 locID: 102666069855371860 bcsId: 0} | ret=SUCCESS |  
2019-08-23 11:31:43,819 [grpc-default-executor-2] INFO  client.GrpcClientProtocolClient (GrpcClientProtocolClient.java:onNext(255)) - client-C9E345EC67ED->244f13ac-34be-4c4e-8e45-0c0272edbbb2: receive RaftClientReply:client-C9E345EC67ED->244f13ac-34be-4c4e-8e45-0c0272edbbb2@group-FE77C852EF02, cid=2522, SUCCESS, logIndex=3728, commits[244f13ac-34be-4c4e-8e45-0c0272edbbb2:c3730, 6287e41a-5356-4f55-84f2-270816d53e84:c3726, a2c18d3d-e79d-47c9-88fe-d8a1d195302b:c3726]
2019-08-23 11:31:43,819 | INFO  | DNAudit | user=null | ip=null | op=PUT_BLOCK {blockData=[blockId=conID: 1 locID: 102666069855371860 bcsId: 0,size=2097152]} | ret=SUCCESS |  
2019-08-23 11:31:43,819 [grpc-default-executor-2] INFO  client.GrpcClientProtocolClient (GrpcClientProtocolClient.java:onNext(255)) - client-C9E345EC67ED->244f13ac-34be-4c4e-8e45-0c0272edbbb2: receive RaftClientReply:client-C9E345EC67ED->244f13ac-34be-4c4e-8e45-0c0272edbbb2@group-FE77C852EF02, cid=2523, SUCCESS, logIndex=3729, commits[244f13ac-34be-4c4e-8e45-0c0272edbbb2:c3730, 6287e41a-5356-4f55-84f2-270816d53e84:c3726, a2c18d3d-e79d-47c9-88fe-d8a1d195302b:c3726]
2019-08-23 11:31:43,819 [grpc-default-executor-2] INFO  client.GrpcClientProtocolClient (GrpcClientProtocolClient.java:onNext(255)) - client-C9E345EC67ED->244f13ac-34be-4c4e-8e45-0c0272edbbb2: receive RaftClientReply:client-C9E345EC67ED->244f13ac-34be-4c4e-8e45-0c0272edbbb2@group-FE77C852EF02, cid=2524, SUCCESS, logIndex=3730, commits[244f13ac-34be-4c4e-8e45-0c0272edbbb2:c3730, 6287e41a-5356-4f55-84f2-270816d53e84:c3726, a2c18d3d-e79d-47c9-88fe-d8a1d195302b:c3726]
2019-08-23 11:31:43,820 | INFO  | DNAudit | user=null | ip=null | op=WRITE_CHUNK {blockData=conID: 1 locID: 102666069855371860 bcsId: 0} | ret=SUCCESS |  
2019-08-23 11:31:43,820 | INFO  | DNAudit | user=null | ip=null | op=WRITE_CHUNK {blockData=conID: 1 locID: 102666069855371860 bcsId: 0} | ret=SUCCESS |  
2019-08-23 11:31:43,821 | INFO  | DNAudit | user=null | ip=null | op=PUT_BLOCK {blockData=[blockId=conID: 1 locID: 102666069855371860 bcsId: 0,size=1048576]} | ret=SUCCESS |  
2019-08-23 11:31:43,821 | INFO  | DNAudit | user=null | ip=null | op=WRITE_CHUNK {blockData=conID: 1 locID: 102666069855371860 bcsId: 0} | ret=SUCCESS |  
2019-08-23 11:31:43,821 | INFO  | DNAudit | user=null | ip=null | op=PUT_BLOCK {blockData=[blockId=conID: 1 locID: 102666069855371860 bcsId: 0,size=1048576]} | ret=SUCCESS |  
2019-08-23 11:31:43,821 | INFO  | DNAudit | user=null | ip=null | op=PUT_BLOCK {blockData=[blockId=conID: 1 locID: 102666069855371860 bcsId: 0,size=2097152]} | ret=SUCCESS |  
2019-08-23 11:31:43,821 | INFO  | DNAudit | user=null | ip=null | op=WRITE_CHUNK {blockData=conID: 1 locID: 102666069855371860 bcsId: 0} | ret=SUCCESS |  
2019-08-23 11:31:43,822 | INFO  | DNAudit | user=null | ip=null | op=PUT_BLOCK {blockData=[blockId=conID: 1 locID: 102666069855371860 bcsId: 0,size=2097152]} | ret=SUCCESS |  
2019-08-23 11:31:43,822 [grpc-default-executor-4] INFO  client.GrpcClientProtocolClient (GrpcClientProtocolClient.java:onNext(255)) - client-C9E345EC67ED->244f13ac-34be-4c4e-8e45-0c0272edbbb2: receive RaftClientReply:client-C9E345EC67ED->244f13ac-34be-4c4e-8e45-0c0272edbbb2@group-FE77C852EF02, cid=2525, SUCCESS, logIndex=0, commits[244f13ac-34be-4c4e-8e45-0c0272edbbb2:c3734, 6287e41a-5356-4f55-84f2-270816d53e84:c3730, a2c18d3d-e79d-47c9-88fe-d8a1d195302b:c3728]
2019-08-23 11:31:43,827 | INFO  | DNAudit | user=null | ip=null | op=WRITE_CHUNK {blockData=conID: 1 locID: 102666069855371860 bcsId: 3730} | ret=SUCCESS |  
2019-08-23 11:31:43,828 | INFO  | DNAudit | user=null | ip=null | op=WRITE_CHUNK {blockData=conID: 1 locID: 102666069855371860 bcsId: 3730} | ret=SUCCESS |  
2019-08-23 11:31:43,828 | INFO  | DNAudit | user=null | ip=null | op=WRITE_CHUNK {blockData=conID: 1 locID: 102666069855371860 bcsId: 3730} | ret=SUCCESS |  
2019-08-23 11:31:43,831 | INFO  | DNAudit | user=null | ip=null | op=WRITE_CHUNK {blockData=conID: 1 locID: 102666069855371860 bcsId: 3730} | ret=SUCCESS |  
2019-08-23 11:31:43,831 | INFO  | DNAudit | user=null | ip=null | op=PUT_BLOCK {blockData=[blockId=conID: 1 locID: 102666069855371860 bcsId: 0,size=3145728]} | ret=SUCCESS |  
2019-08-23 11:31:43,831 [grpc-default-executor-0] INFO  client.GrpcClientProtocolClient (GrpcClientProtocolClient.java:onNext(255)) - client-C9E345EC67ED->244f13ac-34be-4c4e-8e45-0c0272edbbb2: receive RaftClientReply:client-C9E345EC67ED->244f13ac-34be-4c4e-8e45-0c0272edbbb2@group-FE77C852EF02, cid=2526, SUCCESS, logIndex=3735, commits[244f13ac-34be-4c4e-8e45-0c0272edbbb2:c3736, 6287e41a-5356-4f55-84f2-270816d53e84:c3734, a2c18d3d-e79d-47c9-88fe-d8a1d195302b:c3734]
2019-08-23 11:31:43,832 [grpc-default-executor-0] INFO  client.GrpcClientProtocolClient (GrpcClientProtocolClient.java:onNext(255)) - client-C9E345EC67ED->244f13ac-34be-4c4e-8e45-0c0272edbbb2: receive RaftClientReply:client-C9E345EC67ED->244f13ac-34be-4c4e-8e45-0c0272edbbb2@group-FE77C852EF02, cid=2527, SUCCESS, logIndex=3736, commits[244f13ac-34be-4c4e-8e45-0c0272edbbb2:c3736, 6287e41a-5356-4f55-84f2-270816d53e84:c3734, a2c18d3d-e79d-47c9-88fe-d8a1d195302b:c3734]
2019-08-23 11:31:43,832 | INFO  | DNAudit | user=null | ip=null | op=WRITE_CHUNK {blockData=conID: 1 locID: 102666069855371860 bcsId: 3730} | ret=SUCCESS |  
2019-08-23 11:31:43,832 | INFO  | DNAudit | user=null | ip=null | op=WRITE_CHUNK {blockData=conID: 1 locID: 102666069855371860 bcsId: 3730} | ret=SUCCESS |  
2019-08-23 11:31:43,832 | INFO  | DNAudit | user=null | ip=null | op=PUT_BLOCK {blockData=[blockId=conID: 1 locID: 102666069855371860 bcsId: 0,size=3145728]} | ret=SUCCESS |  
2019-08-23 11:31:43,832 | INFO  | DNAudit | user=null | ip=null | op=PUT_BLOCK {blockData=[blockId=conID: 1 locID: 102666069855371860 bcsId: 0,size=3145728]} | ret=SUCCESS |  
2019-08-23 11:31:43,836 | INFO  | DNAudit | user=null | ip=null | op=WRITE_CHUNK {blockData=conID: 1 locID: 102666069855371860 bcsId: 3736} | ret=SUCCESS |  
2019-08-23 11:31:43,838 | INFO  | DNAudit | user=null | ip=null | op=WRITE_CHUNK {blockData=conID: 1 locID: 102666069855371860 bcsId: 3736} | ret=SUCCESS |  
2019-08-23 11:31:43,838 | INFO  | DNAudit | user=null | ip=null | op=WRITE_CHUNK {blockData=conID: 1 locID: 102666069855371860 bcsId: 3736} | ret=SUCCESS |  
2019-08-23 11:31:43,848 | INFO  | DNAudit | user=null | ip=null | op=WRITE_CHUNK {blockData=conID: 1 locID: 102666069855371860 bcsId: 3736} | ret=SUCCESS |  
2019-08-23 11:31:43,849 | INFO  | DNAudit | user=null | ip=null | op=PUT_BLOCK {blockData=[blockId=conID: 1 locID: 102666069855371860 bcsId: 0,size=4194304]} | ret=SUCCESS |  
2019-08-23 11:31:43,849 [grpc-default-executor-0] INFO  client.GrpcClientProtocolClient (GrpcClientProtocolClient.java:onNext(255)) - client-C9E345EC67ED->244f13ac-34be-4c4e-8e45-0c0272edbbb2: receive RaftClientReply:client-C9E345EC67ED->244f13ac-34be-4c4e-8e45-0c0272edbbb2@group-FE77C852EF02, cid=2528, SUCCESS, logIndex=3739, commits[244f13ac-34be-4c4e-8e45-0c0272edbbb2:c3740, 6287e41a-5356-4f55-84f2-270816d53e84:c3738, a2c18d3d-e79d-47c9-88fe-d8a1d195302b:c3738]
2019-08-23 11:31:43,849 [grpc-default-executor-0] INFO  client.GrpcClientProtocolClient (GrpcClientProtocolClient.java:onNext(255)) - client-C9E345EC67ED->244f13ac-34be-4c4e-8e45-0c0272edbbb2: receive RaftClientReply:client-C9E345EC67ED->244f13ac-34be-4c4e-8e45-0c0272edbbb2@group-FE77C852EF02, cid=2529, SUCCESS, logIndex=3740, commits[244f13ac-34be-4c4e-8e45-0c0272edbbb2:c3740, 6287e41a-5356-4f55-84f2-270816d53e84:c3738, a2c18d3d-e79d-47c9-88fe-d8a1d195302b:c3738]
2019-08-23 11:31:43,860 | INFO  | DNAudit | user=null | ip=null | op=WRITE_CHUNK {blockData=conID: 1 locID: 102666069855371860 bcsId: 3736} | ret=SUCCESS |  
2019-08-23 11:31:43,860 | INFO  | DNAudit | user=null | ip=null | op=WRITE_CHUNK {blockData=conID: 1 locID: 102666069855371860 bcsId: 3736} | ret=SUCCESS |  
2019-08-23 11:31:43,863 | INFO  | DNAudit | user=null | ip=null | op=PUT_BLOCK {blockData=[blockId=conID: 1 locID: 102666069855371860 bcsId: 0,size=4194304]} | ret=SUCCESS |  
2019-08-23 11:31:43,863 | INFO  | DNAudit | user=null | ip=null | op=PUT_BLOCK {blockData=[blockId=conID: 1 locID: 102666069855371860 bcsId: 0,size=4194304]} | ret=SUCCESS |  
2019-08-23 11:31:43,863 [grpc-default-executor-0] INFO  client.GrpcClientProtocolClient (GrpcClientProtocolClient.java:onNext(255)) - client-C9E345EC67ED->244f13ac-34be-4c4e-8e45-0c0272edbbb2: receive RaftClientReply:client-C9E345EC67ED->244f13ac-34be-4c4e-8e45-0c0272edbbb2@group-FE77C852EF02, cid=2530, SUCCESS, logIndex=0, commits[244f13ac-34be-4c4e-8e45-0c0272edbbb2:c3742, 6287e41a-5356-4f55-84f2-270816d53e84:c3740, a2c18d3d-e79d-47c9-88fe-d8a1d195302b:c3740]
2019-08-23 11:31:43,867 | INFO  | SCMAudit | user=jenkins1000 | ip=192.168.5.185 | op=ALLOCATE_BLOCK {owner=00a23185-76ea-47b5-a641-ad3cfbe5521a, size=4194304, type=RATIS, factor=THREE} | ret=SUCCESS |  
2019-08-23 11:31:43,869 | INFO  | OMAudit | user=jenkins1000 | ip=127.0.0.1 | op=ALLOCATE_BLOCK {volume=vol-0-37508, bucket=bucket-0-50919, key=key-0-57313, dataSize=0, replicationType=null, replicationFactor=null, keyLocationInfo=null, clientID=102666068570931602} | ret=SUCCESS |  
2019-08-23 11:31:43,876 | INFO  | DNAudit | user=null | ip=null | op=WRITE_CHUNK {blockData=conID: 2 locID: 102666069859828309 bcsId: 0} | ret=SUCCESS |  
2019-08-23 11:31:43,877 | INFO  | DNAudit | user=null | ip=null | op=WRITE_CHUNK {blockData=conID: 2 locID: 102666069859828309 bcsId: 0} | ret=SUCCESS |  
2019-08-23 11:31:43,877 | INFO  | DNAudit | user=null | ip=null | op=WRITE_CHUNK {blockData=conID: 2 locID: 102666069859828309 bcsId: 0} | ret=SUCCESS |  
2019-08-23 11:31:43,878 | INFO  | DNAudit | user=null | ip=null | op=WRITE_CHUNK {blockData=conID: 2 locID: 102666069859828309 bcsId: 0} | ret=SUCCESS |  
2019-08-23 11:31:43,880 | INFO  | DNAudit | user=null | ip=null | op=WRITE_CHUNK {blockData=conID: 2 locID: 102666069859828309 bcsId: 0} | ret=SUCCESS |  
2019-08-23 11:31:43,880 | INFO  | DNAudit | user=null | ip=null | op=WRITE_CHUNK {blockData=conID: 2 locID: 102666069859828309 bcsId: 0} | ret=SUCCESS |  
2019-08-23 11:31:43,888 | INFO  | DNAudit | user=null | ip=null | op=WRITE_CHUNK {blockData=conID: 2 locID: 102666069859828309 bcsId: 0} | ret=SUCCESS |  
2019-08-23 11:31:43,889 | INFO  | DNAudit | user=null | ip=null | op=PUT_BLOCK {blockData=[blockId=conID: 2 locID: 102666069859828309 bcsId: 0,size=1048576]} | ret=SUCCESS |  
2019-08-23 11:31:43,889 [grpc-default-executor-4] INFO  client.GrpcClientProtocolClient (GrpcClientProtocolClient.java:onNext(255)) - client-C9E345EC67ED->244f13ac-34be-4c4e-8e45-0c0272edbbb2: receive RaftClientReply:client-C9E345EC67ED->244f13ac-34be-4c4e-8e45-0c0272edbbb2@group-FE77C852EF02, cid=2531, SUCCESS, logIndex=3743, commits[244f13ac-34be-4c4e-8e45-0c0272edbbb2:c3744, 6287e41a-5356-4f55-84f2-270816d53e84:c3742, a2c18d3d-e79d-47c9-88fe-d8a1d195302b:c3742]
2019-08-23 11:31:43,889 [grpc-default-executor-4] INFO  client.GrpcClientProtocolClient (GrpcClientProtocolClient.java:onNext(255)) - client-C9E345EC67ED->244f13ac-34be-4c4e-8e45-0c0272edbbb2: receive RaftClientReply:client-C9E345EC67ED->244f13ac-34be-4c4e-8e45-0c0272edbbb2@group-FE77C852EF02, cid=2532, SUCCESS, logIndex=3744, commits[244f13ac-34be-4c4e-8e45-0c0272edbbb2:c3744, 6287e41a-5356-4f55-84f2-270816d53e84:c3742, a2c18d3d-e79d-47c9-88fe-d8a1d195302b:c3742]
2019-08-23 11:31:43,898 | INFO  | DNAudit | user=null | ip=null | op=WRITE_CHUNK {blockData=conID: 2 locID: 102666069859828309 bcsId: 0} | ret=SUCCESS |  
2019-08-23 11:31:43,899 | INFO  | DNAudit | user=null | ip=null | op=PUT_BLOCK {blockData=[blockId=conID: 2 locID: 102666069859828309 bcsId: 0,size=2097152]} | ret=SUCCESS |  
2019-08-23 11:31:43,899 [grpc-default-executor-1] INFO  client.GrpcClientProtocolClient (GrpcClientProtocolClient.java:onNext(255)) - client-C9E345EC67ED->244f13ac-34be-4c4e-8e45-0c0272edbbb2: receive RaftClientReply:client-C9E345EC67ED->244f13ac-34be-4c4e-8e45-0c0272edbbb2@group-FE77C852EF02, cid=2533, SUCCESS, logIndex=3745, commits[244f13ac-34be-4c4e-8e45-0c0272edbbb2:c3745, 6287e41a-5356-4f55-84f2-270816d53e84:c3742, a2c18d3d-e79d-47c9-88fe-d8a1d195302b:c3742]
2019-08-23 11:31:43,899 [grpc-default-executor-1] INFO  client.GrpcClientProtocolClient (GrpcClientProtocolClient.java:onNext(255)) - client-C9E345EC67ED->244f13ac-34be-4c4e-8e45-0c0272edbbb2: receive RaftClientReply:client-C9E345EC67ED->244f13ac-34be-4c4e-8e45-0c0272edbbb2@group-FE77C852EF02, cid=2534, SUCCESS, logIndex=3746, commits[244f13ac-34be-4c4e-8e45-0c0272edbbb2:c3746, 6287e41a-5356-4f55-84f2-270816d53e84:c3742, a2c18d3d-e79d-47c9-88fe-d8a1d195302b:c3742]
2019-08-23 11:31:43,909 | INFO  | DNAudit | user=null | ip=null | op=WRITE_CHUNK {blockData=conID: 2 locID: 102666069859828309 bcsId: 0} | ret=SUCCESS |  
2019-08-23 11:31:43,909 | INFO  | DNAudit | user=null | ip=null | op=PUT_BLOCK {blockData=[blockId=conID: 2 locID: 102666069859828309 bcsId: 0,size=1048576]} | ret=SUCCESS |  
2019-08-23 11:31:43,909 | INFO  | DNAudit | user=null | ip=null | op=WRITE_CHUNK {blockData=conID: 2 locID: 102666069859828309 bcsId: 0} | ret=SUCCESS |  
2019-08-23 11:31:43,910 | INFO  | DNAudit | user=null | ip=null | op=PUT_BLOCK {blockData=[blockId=conID: 2 locID: 102666069859828309 bcsId: 0,size=1048576]} | ret=SUCCESS |  
2019-08-23 11:31:43,910 [grpc-default-executor-1] INFO  client.GrpcClientProtocolClient (GrpcClientProtocolClient.java:onNext(255)) - client-C9E345EC67ED->244f13ac-34be-4c4e-8e45-0c0272edbbb2: receive RaftClientReply:client-C9E345EC67ED->244f13ac-34be-4c4e-8e45-0c0272edbbb2@group-FE77C852EF02, cid=2535, SUCCESS, logIndex=0, commits[244f13ac-34be-4c4e-8e45-0c0272edbbb2:c3747, 6287e41a-5356-4f55-84f2-270816d53e84:c3744, a2c18d3d-e79d-47c9-88fe-d8a1d195302b:c3744]
2019-08-23 11:31:43,912 | INFO  | DNAudit | user=null | ip=null | op=WRITE_CHUNK {blockData=conID: 2 locID: 102666069859828309 bcsId: 0} | ret=SUCCESS |  
2019-08-23 11:31:43,912 | INFO  | DNAudit | user=null | ip=null | op=WRITE_CHUNK {blockData=conID: 2 locID: 102666069859828309 bcsId: 0} | ret=SUCCESS |  
2019-08-23 11:31:43,912 | INFO  | DNAudit | user=null | ip=null | op=PUT_BLOCK {blockData=[blockId=conID: 2 locID: 102666069859828309 bcsId: 0,size=2097152]} | ret=SUCCESS |  
2019-08-23 11:31:43,912 | INFO  | DNAudit | user=null | ip=null | op=PUT_BLOCK {blockData=[blockId=conID: 2 locID: 102666069859828309 bcsId: 0,size=2097152]} | ret=SUCCESS |  
2019-08-23 11:31:43,916 | INFO  | DNAudit | user=null | ip=null | op=WRITE_CHUNK {blockData=conID: 2 locID: 102666069859828309 bcsId: 3746} | ret=SUCCESS |  
2019-08-23 11:31:43,917 | INFO  | DNAudit | user=null | ip=null | op=WRITE_CHUNK {blockData=conID: 2 locID: 102666069859828309 bcsId: 3746} | ret=SUCCESS |  
2019-08-23 11:31:43,920 | INFO  | DNAudit | user=null | ip=null | op=WRITE_CHUNK {blockData=conID: 2 locID: 102666069859828309 bcsId: 3746} | ret=SUCCESS |  
2019-08-23 11:31:43,928 | INFO  | DNAudit | user=null | ip=null | op=WRITE_CHUNK {blockData=conID: 2 locID: 102666069859828309 bcsId: 3746} | ret=SUCCESS |  
2019-08-23 11:31:43,928 | INFO  | DNAudit | user=null | ip=null | op=PUT_BLOCK {blockData=[blockId=conID: 2 locID: 102666069859828309 bcsId: 0,size=3145728]} | ret=SUCCESS |  
2019-08-23 11:31:43,929 [grpc-default-executor-4] INFO  client.GrpcClientProtocolClient (GrpcClientProtocolClient.java:onNext(255)) - client-C9E345EC67ED->244f13ac-34be-4c4e-8e45-0c0272edbbb2: receive RaftClientReply:client-C9E345EC67ED->244f13ac-34be-4c4e-8e45-0c0272edbbb2@group-FE77C852EF02, cid=2536, SUCCESS, logIndex=3751, commits[244f13ac-34be-4c4e-8e45-0c0272edbbb2:c3752, 6287e41a-5356-4f55-84f2-270816d53e84:c3750, a2c18d3d-e79d-47c9-88fe-d8a1d195302b:c3750]
2019-08-23 11:31:43,929 [grpc-default-executor-4] INFO  client.GrpcClientProtocolClient (GrpcClientProtocolClient.java:onNext(255)) - client-C9E345EC67ED->244f13ac-34be-4c4e-8e45-0c0272edbbb2: receive RaftClientReply:client-C9E345EC67ED->244f13ac-34be-4c4e-8e45-0c0272edbbb2@group-FE77C852EF02, cid=2537, SUCCESS, logIndex=3752, commits[244f13ac-34be-4c4e-8e45-0c0272edbbb2:c3752, 6287e41a-5356-4f55-84f2-270816d53e84:c3750, a2c18d3d-e79d-47c9-88fe-d8a1d195302b:c3750]
2019-08-23 11:31:43,936 | INFO  | DNAudit | user=null | ip=null | op=WRITE_CHUNK {blockData=conID: 2 locID: 102666069859828309 bcsId: 3752} | ret=SUCCESS |  
2019-08-23 11:31:43,936 | INFO  | DNAudit | user=null | ip=null | op=WRITE_CHUNK {blockData=conID: 2 locID: 102666069859828309 bcsId: 3752} | ret=SUCCESS |  
2019-08-23 11:31:43,936 | INFO  | DNAudit | user=null | ip=null | op=WRITE_CHUNK {blockData=conID: 2 locID: 102666069859828309 bcsId: 3752} | ret=SUCCESS |  
2019-08-23 11:31:43,940 | INFO  | DNAudit | user=null | ip=null | op=WRITE_CHUNK {blockData=conID: 2 locID: 102666069859828309 bcsId: 3746} | ret=SUCCESS |  
2019-08-23 11:31:43,940 | INFO  | DNAudit | user=null | ip=null | op=WRITE_CHUNK {blockData=conID: 2 locID: 102666069859828309 bcsId: 3746} | ret=SUCCESS |  
2019-08-23 11:31:43,940 | INFO  | DNAudit | user=null | ip=null | op=PUT_BLOCK {blockData=[blockId=conID: 2 locID: 102666069859828309 bcsId: 0,size=3145728]} | ret=SUCCESS |  
2019-08-23 11:31:43,940 | INFO  | DNAudit | user=null | ip=null | op=PUT_BLOCK {blockData=[blockId=conID: 2 locID: 102666069859828309 bcsId: 0,size=3145728]} | ret=SUCCESS |  
2019-08-23 11:31:43,942 | INFO  | DNAudit | user=null | ip=null | op=WRITE_CHUNK {blockData=conID: 2 locID: 102666069859828309 bcsId: 3752} | ret=SUCCESS |  
2019-08-23 11:31:43,943 | INFO  | DNAudit | user=null | ip=null | op=PUT_BLOCK {blockData=[blockId=conID: 2 locID: 102666069859828309 bcsId: 0,size=4194304]} | ret=SUCCESS |  
2019-08-23 11:31:43,943 [grpc-default-executor-1] INFO  client.GrpcClientProtocolClient (GrpcClientProtocolClient.java:onNext(255)) - client-C9E345EC67ED->244f13ac-34be-4c4e-8e45-0c0272edbbb2: receive RaftClientReply:client-C9E345EC67ED->244f13ac-34be-4c4e-8e45-0c0272edbbb2@group-FE77C852EF02, cid=2538, SUCCESS, logIndex=3755, commits[244f13ac-34be-4c4e-8e45-0c0272edbbb2:c3756, 6287e41a-5356-4f55-84f2-270816d53e84:c3752, a2c18d3d-e79d-47c9-88fe-d8a1d195302b:c3752]
2019-08-23 11:31:43,943 [grpc-default-executor-1] INFO  client.GrpcClientProtocolClient (GrpcClientProtocolClient.java:onNext(255)) - client-C9E345EC67ED->244f13ac-34be-4c4e-8e45-0c0272edbbb2: receive RaftClientReply:client-C9E345EC67ED->244f13ac-34be-4c4e-8e45-0c0272edbbb2@group-FE77C852EF02, cid=2539, SUCCESS, logIndex=3756, commits[244f13ac-34be-4c4e-8e45-0c0272edbbb2:c3756, 6287e41a-5356-4f55-84f2-270816d53e84:c3752, a2c18d3d-e79d-47c9-88fe-d8a1d195302b:c3752]
2019-08-23 11:31:43,954 | INFO  | DNAudit | user=null | ip=null | op=WRITE_CHUNK {blockData=conID: 2 locID: 102666069859828309 bcsId: 3752} | ret=SUCCESS |  
2019-08-23 11:31:43,954 | INFO  | DNAudit | user=null | ip=null | op=WRITE_CHUNK {blockData=conID: 2 locID: 102666069859828309 bcsId: 3752} | ret=SUCCESS |  
2019-08-23 11:31:43,957 | INFO  | DNAudit | user=null | ip=null | op=PUT_BLOCK {blockData=[blockId=conID: 2 locID: 102666069859828309 bcsId: 0,size=4194304]} | ret=SUCCESS |  
2019-08-23 11:31:43,957 | INFO  | DNAudit | user=null | ip=null | op=PUT_BLOCK {blockData=[blockId=conID: 2 locID: 102666069859828309 bcsId: 0,size=4194304]} | ret=SUCCESS |  
2019-08-23 11:31:43,957 [grpc-default-executor-1] INFO  client.GrpcClientProtocolClient (GrpcClientProtocolClient.java:onNext(255)) - client-C9E345EC67ED->244f13ac-34be-4c4e-8e45-0c0272edbbb2: receive RaftClientReply:client-C9E345EC67ED->244f13ac-34be-4c4e-8e45-0c0272edbbb2@group-FE77C852EF02, cid=2540, SUCCESS, logIndex=0, commits[244f13ac-34be-4c4e-8e45-0c0272edbbb2:c3758, 6287e41a-5356-4f55-84f2-270816d53e84:c3756, a2c18d3d-e79d-47c9-88fe-d8a1d195302b:c3756]
2019-08-23 11:31:43,961 | INFO  | SCMAudit | user=jenkins1000 | ip=192.168.5.185 | op=ALLOCATE_BLOCK {owner=00a23185-76ea-47b5-a641-ad3cfbe5521a, size=4194304, type=RATIS, factor=THREE} | ret=SUCCESS |  
2019-08-23 11:31:43,963 | INFO  | OMAudit | user=jenkins1000 | ip=127.0.0.1 | op=ALLOCATE_BLOCK {volume=vol-0-37508, bucket=bucket-0-50919, key=key-0-57313, dataSize=0, replicationType=null, replicationFactor=null, keyLocationInfo=null, clientID=102666068570931602} | ret=SUCCESS |  
2019-08-23 11:31:43,969 | INFO  | DNAudit | user=null | ip=null | op=WRITE_CHUNK {blockData=conID: 3 locID: 102666069865988694 bcsId: 0} | ret=SUCCESS |  
2019-08-23 11:31:43,971 | INFO  | DNAudit | user=null | ip=null | op=WRITE_CHUNK {blockData=conID: 3 locID: 102666069865988694 bcsId: 0} | ret=SUCCESS |  
2019-08-23 11:31:43,971 | INFO  | DNAudit | user=null | ip=null | op=WRITE_CHUNK {blockData=conID: 3 locID: 102666069865988694 bcsId: 0} | ret=SUCCESS |  
2019-08-23 11:31:43,971 | INFO  | DNAudit | user=null | ip=null | op=WRITE_CHUNK {blockData=conID: 3 locID: 102666069865988694 bcsId: 0} | ret=SUCCESS |  
2019-08-23 11:31:43,972 | INFO  | DNAudit | user=null | ip=null | op=WRITE_CHUNK {blockData=conID: 3 locID: 102666069865988694 bcsId: 0} | ret=SUCCESS |  
2019-08-23 11:31:43,973 | INFO  | DNAudit | user=null | ip=null | op=WRITE_CHUNK {blockData=conID: 3 locID: 102666069865988694 bcsId: 0} | ret=SUCCESS |  
2019-08-23 11:31:43,981 | INFO  | DNAudit | user=null | ip=null | op=WRITE_CHUNK {blockData=conID: 3 locID: 102666069865988694 bcsId: 0} | ret=SUCCESS |  
2019-08-23 11:31:43,981 | INFO  | DNAudit | user=null | ip=null | op=PUT_BLOCK {blockData=[blockId=conID: 3 locID: 102666069865988694 bcsId: 0,size=1048576]} | ret=SUCCESS |  
2019-08-23 11:31:43,981 [grpc-default-executor-4] INFO  client.GrpcClientProtocolClient (GrpcClientProtocolClient.java:onNext(255)) - client-C9E345EC67ED->244f13ac-34be-4c4e-8e45-0c0272edbbb2: receive RaftClientReply:client-C9E345EC67ED->244f13ac-34be-4c4e-8e45-0c0272edbbb2@group-FE77C852EF02, cid=2541, SUCCESS, logIndex=3759, commits[244f13ac-34be-4c4e-8e45-0c0272edbbb2:c3762, 6287e41a-5356-4f55-84f2-270816d53e84:c3758, a2c18d3d-e79d-47c9-88fe-d8a1d195302b:c3758]
2019-08-23 11:31:43,982 | INFO  | DNAudit | user=null | ip=null | op=WRITE_CHUNK {blockData=conID: 3 locID: 102666069865988694 bcsId: 0} | ret=SUCCESS |  
2019-08-23 11:31:43,982 [grpc-default-executor-4] INFO  client.GrpcClientProtocolClient (GrpcClientProtocolClient.java:onNext(255)) - client-C9E345EC67ED->244f13ac-34be-4c4e-8e45-0c0272edbbb2: receive RaftClientReply:client-C9E345EC67ED->244f13ac-34be-4c4e-8e45-0c0272edbbb2@group-FE77C852EF02, cid=2542, SUCCESS, logIndex=3760, commits[244f13ac-34be-4c4e-8e45-0c0272edbbb2:c3762, 6287e41a-5356-4f55-84f2-270816d53e84:c3758, a2c18d3d-e79d-47c9-88fe-d8a1d195302b:c3758]
2019-08-23 11:31:43,982 | INFO  | DNAudit | user=null | ip=null | op=PUT_BLOCK {blockData=[blockId=conID: 3 locID: 102666069865988694 bcsId: 0,size=2097152]} | ret=SUCCESS |  
2019-08-23 11:31:43,982 [grpc-default-executor-4] INFO  client.GrpcClientProtocolClient (GrpcClientProtocolClient.java:onNext(255)) - client-C9E345EC67ED->244f13ac-34be-4c4e-8e45-0c0272edbbb2: receive RaftClientReply:client-C9E345EC67ED->244f13ac-34be-4c4e-8e45-0c0272edbbb2@group-FE77C852EF02, cid=2543, SUCCESS, logIndex=3761, commits[244f13ac-34be-4c4e-8e45-0c0272edbbb2:c3762, 6287e41a-5356-4f55-84f2-270816d53e84:c3758, a2c18d3d-e79d-47c9-88fe-d8a1d195302b:c3758]
2019-08-23 11:31:43,982 | INFO  | DNAudit | user=null | ip=null | op=WRITE_CHUNK {blockData=conID: 3 locID: 102666069865988694 bcsId: 0} | ret=SUCCESS |  
2019-08-23 11:31:43,982 [grpc-default-executor-4] INFO  client.GrpcClientProtocolClient (GrpcClientProtocolClient.java:onNext(255)) - client-C9E345EC67ED->244f13ac-34be-4c4e-8e45-0c0272edbbb2: receive RaftClientReply:client-C9E345EC67ED->244f13ac-34be-4c4e-8e45-0c0272edbbb2@group-FE77C852EF02, cid=2544, SUCCESS, logIndex=3762, commits[244f13ac-34be-4c4e-8e45-0c0272edbbb2:c3762, 6287e41a-5356-4f55-84f2-270816d53e84:c3758, a2c18d3d-e79d-47c9-88fe-d8a1d195302b:c3758]
2019-08-23 11:31:43,983 | INFO  | DNAudit | user=null | ip=null | op=WRITE_CHUNK {blockData=conID: 3 locID: 102666069865988694 bcsId: 0} | ret=SUCCESS |  
2019-08-23 11:31:43,983 | INFO  | DNAudit | user=null | ip=null | op=PUT_BLOCK {blockData=[blockId=conID: 3 locID: 102666069865988694 bcsId: 0,size=1048576]} | ret=SUCCESS |  
2019-08-23 11:31:43,983 | INFO  | DNAudit | user=null | ip=null | op=WRITE_CHUNK {blockData=conID: 3 locID: 102666069865988694 bcsId: 0} | ret=SUCCESS |  
2019-08-23 11:31:43,983 | INFO  | DNAudit | user=null | ip=null | op=PUT_BLOCK {blockData=[blockId=conID: 3 locID: 102666069865988694 bcsId: 0,size=2097152]} | ret=SUCCESS |  
2019-08-23 11:31:43,984 | INFO  | DNAudit | user=null | ip=null | op=PUT_BLOCK {blockData=[blockId=conID: 3 locID: 102666069865988694 bcsId: 0,size=1048576]} | ret=SUCCESS |  
2019-08-23 11:31:43,984 | INFO  | DNAudit | user=null | ip=null | op=WRITE_CHUNK {blockData=conID: 3 locID: 102666069865988694 bcsId: 0} | ret=SUCCESS |  
2019-08-23 11:31:43,984 | INFO  | DNAudit | user=null | ip=null | op=PUT_BLOCK {blockData=[blockId=conID: 3 locID: 102666069865988694 bcsId: 0,size=2097152]} | ret=SUCCESS |  
2019-08-23 11:31:43,984 [grpc-default-executor-4] INFO  client.GrpcClientProtocolClient (GrpcClientProtocolClient.java:onNext(255)) - client-C9E345EC67ED->244f13ac-34be-4c4e-8e45-0c0272edbbb2: receive RaftClientReply:client-C9E345EC67ED->244f13ac-34be-4c4e-8e45-0c0272edbbb2@group-FE77C852EF02, cid=2545, SUCCESS, logIndex=0, commits[244f13ac-34be-4c4e-8e45-0c0272edbbb2:c3766, 6287e41a-5356-4f55-84f2-270816d53e84:c3760, a2c18d3d-e79d-47c9-88fe-d8a1d195302b:c3762]
2019-08-23 11:31:43,989 | INFO  | DNAudit | user=null | ip=null | op=WRITE_CHUNK {blockData=conID: 3 locID: 102666069865988694 bcsId: 3762} | ret=SUCCESS |  
2019-08-23 11:31:43,990 | INFO  | DNAudit | user=null | ip=null | op=WRITE_CHUNK {blockData=conID: 3 locID: 102666069865988694 bcsId: 3762} | ret=SUCCESS |  
2019-08-23 11:31:43,990 | INFO  | DNAudit | user=null | ip=null | op=WRITE_CHUNK {blockData=conID: 3 locID: 102666069865988694 bcsId: 3762} | ret=SUCCESS |  
2019-08-23 11:31:44,001 | INFO  | DNAudit | user=null | ip=null | op=WRITE_CHUNK {blockData=conID: 3 locID: 102666069865988694 bcsId: 3762} | ret=SUCCESS |  
2019-08-23 11:31:44,001 | INFO  | DNAudit | user=null | ip=null | op=PUT_BLOCK {blockData=[blockId=conID: 3 locID: 102666069865988694 bcsId: 0,size=3145728]} | ret=SUCCESS |  
2019-08-23 11:31:44,001 [grpc-default-executor-1] INFO  client.GrpcClientProtocolClient (GrpcClientProtocolClient.java:onNext(255)) - client-C9E345EC67ED->244f13ac-34be-4c4e-8e45-0c0272edbbb2: receive RaftClientReply:client-C9E345EC67ED->244f13ac-34be-4c4e-8e45-0c0272edbbb2@group-FE77C852EF02, cid=2546, SUCCESS, logIndex=3767, commits[244f13ac-34be-4c4e-8e45-0c0272edbbb2:c3768, 6287e41a-5356-4f55-84f2-270816d53e84:c3766, a2c18d3d-e79d-47c9-88fe-d8a1d195302b:c3766]
2019-08-23 11:31:44,002 [grpc-default-executor-1] INFO  client.GrpcClientProtocolClient (GrpcClientProtocolClient.java:onNext(255)) - client-C9E345EC67ED->244f13ac-34be-4c4e-8e45-0c0272edbbb2: receive RaftClientReply:client-C9E345EC67ED->244f13ac-34be-4c4e-8e45-0c0272edbbb2@group-FE77C852EF02, cid=2547, SUCCESS, logIndex=3768, commits[244f13ac-34be-4c4e-8e45-0c0272edbbb2:c3768, 6287e41a-5356-4f55-84f2-270816d53e84:c3766, a2c18d3d-e79d-47c9-88fe-d8a1d195302b:c3766]
2019-08-23 11:31:44,002 | INFO  | DNAudit | user=null | ip=null | op=WRITE_CHUNK {blockData=conID: 3 locID: 102666069865988694 bcsId: 3762} | ret=SUCCESS |  
2019-08-23 11:31:44,002 | INFO  | DNAudit | user=null | ip=null | op=WRITE_CHUNK {blockData=conID: 3 locID: 102666069865988694 bcsId: 3762} | ret=SUCCESS |  
2019-08-23 11:31:44,006 | INFO  | DNAudit | user=null | ip=null | op=WRITE_CHUNK {blockData=conID: 3 locID: 102666069865988694 bcsId: 3768} | ret=SUCCESS |  
2019-08-23 11:31:44,008 | INFO  | DNAudit | user=null | ip=null | op=WRITE_CHUNK {blockData=conID: 3 locID: 102666069865988694 bcsId: 3768} | ret=SUCCESS |  
2019-08-23 11:31:44,009 | INFO  | DNAudit | user=null | ip=null | op=WRITE_CHUNK {blockData=conID: 3 locID: 102666069865988694 bcsId: 3768} | ret=SUCCESS |  
2019-08-23 11:31:44,012 | INFO  | DNAudit | user=null | ip=null | op=PUT_BLOCK {blockData=[blockId=conID: 3 locID: 102666069865988694 bcsId: 0,size=3145728]} | ret=SUCCESS |  
2019-08-23 11:31:44,012 | INFO  | DNAudit | user=null | ip=null | op=PUT_BLOCK {blockData=[blockId=conID: 3 locID: 102666069865988694 bcsId: 0,size=3145728]} | ret=SUCCESS |  
2019-08-23 11:31:44,022 | INFO  | DNAudit | user=null | ip=null | op=WRITE_CHUNK {blockData=conID: 3 locID: 102666069865988694 bcsId: 3768} | ret=SUCCESS |  
2019-08-23 11:31:44,022 | INFO  | DNAudit | user=null | ip=null | op=PUT_BLOCK {blockData=[blockId=conID: 3 locID: 102666069865988694 bcsId: 0,size=4194304]} | ret=SUCCESS |  
2019-08-23 11:31:44,023 [grpc-default-executor-4] INFO  client.GrpcClientProtocolClient (GrpcClientProtocolClient.java:onNext(255)) - client-C9E345EC67ED->244f13ac-34be-4c4e-8e45-0c0272edbbb2: receive RaftClientReply:client-C9E345EC67ED->244f13ac-34be-4c4e-8e45-0c0272edbbb2@group-FE77C852EF02, cid=2548, SUCCESS, logIndex=3771, commits[244f13ac-34be-4c4e-8e45-0c0272edbbb2:c3772, 6287e41a-5356-4f55-84f2-270816d53e84:c3769, a2c18d3d-e79d-47c9-88fe-d8a1d195302b:c3769]
2019-08-23 11:31:44,023 [grpc-default-executor-4] INFO  client.GrpcClientProtocolClient (GrpcClientProtocolClient.java:onNext(255)) - client-C9E345EC67ED->244f13ac-34be-4c4e-8e45-0c0272edbbb2: receive RaftClientReply:client-C9E345EC67ED->244f13ac-34be-4c4e-8e45-0c0272edbbb2@group-FE77C852EF02, cid=2549, SUCCESS, logIndex=3772, commits[244f13ac-34be-4c4e-8e45-0c0272edbbb2:c3772, 6287e41a-5356-4f55-84f2-270816d53e84:c3769, a2c18d3d-e79d-47c9-88fe-d8a1d195302b:c3769]
2019-08-23 11:31:44,023 | INFO  | DNAudit | user=null | ip=null | op=WRITE_CHUNK {blockData=conID: 3 locID: 102666069865988694 bcsId: 3768} | ret=SUCCESS |  
2019-08-23 11:31:44,024 | INFO  | DNAudit | user=null | ip=null | op=WRITE_CHUNK {blockData=conID: 3 locID: 102666069865988694 bcsId: 3768} | ret=SUCCESS |  
2019-08-23 11:31:44,026 | INFO  | DNAudit | user=null | ip=null | op=PUT_BLOCK {blockData=[blockId=conID: 3 locID: 102666069865988694 bcsId: 0,size=4194304]} | ret=SUCCESS |  
2019-08-23 11:31:44,027 | INFO  | DNAudit | user=null | ip=null | op=PUT_BLOCK {blockData=[blockId=conID: 3 locID: 102666069865988694 bcsId: 0,size=4194304]} | ret=SUCCESS |  
2019-08-23 11:31:44,027 [grpc-default-executor-4] INFO  client.GrpcClientProtocolClient (GrpcClientProtocolClient.java:onNext(255)) - client-C9E345EC67ED->244f13ac-34be-4c4e-8e45-0c0272edbbb2: receive RaftClientReply:client-C9E345EC67ED->244f13ac-34be-4c4e-8e45-0c0272edbbb2@group-FE77C852EF02, cid=2550, SUCCESS, logIndex=0, commits[244f13ac-34be-4c4e-8e45-0c0272edbbb2:c3774, 6287e41a-5356-4f55-84f2-270816d53e84:c3772, a2c18d3d-e79d-47c9-88fe-d8a1d195302b:c3772]
2019-08-23 11:31:44,031 | INFO  | SCMAudit | user=jenkins1000 | ip=192.168.5.185 | op=ALLOCATE_BLOCK {owner=00a23185-76ea-47b5-a641-ad3cfbe5521a, size=4194304, type=RATIS, factor=THREE} | ret=SUCCESS |  
2019-08-23 11:31:44,033 | INFO  | OMAudit | user=jenkins1000 | ip=127.0.0.1 | op=ALLOCATE_BLOCK {volume=vol-0-37508, bucket=bucket-0-50919, key=key-0-57313, dataSize=0, replicationType=null, replicationFactor=null, keyLocationInfo=null, clientID=102666068570931602} | ret=SUCCESS |  
2019-08-23 11:31:44,038 | INFO  | DNAudit | user=null | ip=null | op=WRITE_CHUNK {blockData=conID: 1 locID: 102666069870576215 bcsId: 0} | ret=SUCCESS |  
2019-08-23 11:31:44,040 | INFO  | DNAudit | user=null | ip=null | op=WRITE_CHUNK {blockData=conID: 1 locID: 102666069870576215 bcsId: 0} | ret=SUCCESS |  
2019-08-23 11:31:44,040 | INFO  | DNAudit | user=null | ip=null | op=WRITE_CHUNK {blockData=conID: 1 locID: 102666069870576215 bcsId: 0} | ret=SUCCESS |  
2019-08-23 11:31:44,040 | INFO  | DNAudit | user=null | ip=null | op=WRITE_CHUNK {blockData=conID: 1 locID: 102666069870576215 bcsId: 0} | ret=SUCCESS |  
2019-08-23 11:31:44,041 | INFO  | DNAudit | user=null | ip=null | op=WRITE_CHUNK {blockData=conID: 1 locID: 102666069870576215 bcsId: 0} | ret=SUCCESS |  
2019-08-23 11:31:44,041 | INFO  | DNAudit | user=null | ip=null | op=WRITE_CHUNK {blockData=conID: 1 locID: 102666069870576215 bcsId: 0} | ret=SUCCESS |  
2019-08-23 11:31:44,051 | INFO  | DNAudit | user=null | ip=null | op=WRITE_CHUNK {blockData=conID: 1 locID: 102666069870576215 bcsId: 0} | ret=SUCCESS |  
2019-08-23 11:31:44,051 | INFO  | DNAudit | user=null | ip=null | op=PUT_BLOCK {blockData=[blockId=conID: 1 locID: 102666069870576215 bcsId: 0,size=1048576]} | ret=SUCCESS |  
2019-08-23 11:31:44,051 [grpc-default-executor-2] INFO  client.GrpcClientProtocolClient (GrpcClientProtocolClient.java:onNext(255)) - client-C9E345EC67ED->244f13ac-34be-4c4e-8e45-0c0272edbbb2: receive RaftClientReply:client-C9E345EC67ED->244f13ac-34be-4c4e-8e45-0c0272edbbb2@group-FE77C852EF02, cid=2551, SUCCESS, logIndex=3775, commits[244f13ac-34be-4c4e-8e45-0c0272edbbb2:c3776, 6287e41a-5356-4f55-84f2-270816d53e84:c3772, a2c18d3d-e79d-47c9-88fe-d8a1d195302b:c3774]
2019-08-23 11:31:44,052 [grpc-default-executor-2] INFO  client.GrpcClientProtocolClient (GrpcClientProtocolClient.java:onNext(255)) - client-C9E345EC67ED->244f13ac-34be-4c4e-8e45-0c0272edbbb2: receive RaftClientReply:client-C9E345EC67ED->244f13ac-34be-4c4e-8e45-0c0272edbbb2@group-FE77C852EF02, cid=2552, SUCCESS, logIndex=3776, commits[244f13ac-34be-4c4e-8e45-0c0272edbbb2:c3776, 6287e41a-5356-4f55-84f2-270816d53e84:c3772, a2c18d3d-e79d-47c9-88fe-d8a1d195302b:c3774]
2019-08-23 11:31:44,054 | INFO  | DNAudit | user=null | ip=null | op=WRITE_CHUNK {blockData=conID: 1 locID: 102666069870576215 bcsId: 0} | ret=SUCCESS |  
2019-08-23 11:31:44,054 | INFO  | DNAudit | user=null | ip=null | op=WRITE_CHUNK {blockData=conID: 1 locID: 102666069870576215 bcsId: 0} | ret=SUCCESS |  
2019-08-23 11:31:44,054 | INFO  | DNAudit | user=null | ip=null | op=PUT_BLOCK {blockData=[blockId=conID: 1 locID: 102666069870576215 bcsId: 0,size=2097152]} | ret=SUCCESS |  
2019-08-23 11:31:44,054 [grpc-default-executor-4] INFO  client.GrpcClientProtocolClient (GrpcClientProtocolClient.java:onNext(255)) - client-C9E345EC67ED->244f13ac-34be-4c4e-8e45-0c0272edbbb2: receive RaftClientReply:client-C9E345EC67ED->244f13ac-34be-4c4e-8e45-0c0272edbbb2@group-FE77C852EF02, cid=2553, SUCCESS, logIndex=3777, commits[244f13ac-34be-4c4e-8e45-0c0272edbbb2:c3778, 6287e41a-5356-4f55-84f2-270816d53e84:c3774, a2c18d3d-e79d-47c9-88fe-d8a1d195302b:c3774]
2019-08-23 11:31:44,054 | INFO  | DNAudit | user=null | ip=null | op=PUT_BLOCK {blockData=[blockId=conID: 1 locID: 102666069870576215 bcsId: 0,size=1048576]} | ret=SUCCESS |  
2019-08-23 11:31:44,054 [grpc-default-executor-4] INFO  client.GrpcClientProtocolClient (GrpcClientProtocolClient.java:onNext(255)) - client-C9E345EC67ED->244f13ac-34be-4c4e-8e45-0c0272edbbb2: receive RaftClientReply:client-C9E345EC67ED->244f13ac-34be-4c4e-8e45-0c0272edbbb2@group-FE77C852EF02, cid=2554, SUCCESS, logIndex=3778, commits[244f13ac-34be-4c4e-8e45-0c0272edbbb2:c3780, 6287e41a-5356-4f55-84f2-270816d53e84:c3776, a2c18d3d-e79d-47c9-88fe-d8a1d195302b:c3774]
2019-08-23 11:31:44,064 | INFO  | DNAudit | user=null | ip=null | op=WRITE_CHUNK {blockData=conID: 1 locID: 102666069870576215 bcsId: 0} | ret=SUCCESS |  
2019-08-23 11:31:44,064 | INFO  | DNAudit | user=null | ip=null | op=WRITE_CHUNK {blockData=conID: 1 locID: 102666069870576215 bcsId: 0} | ret=SUCCESS |  
2019-08-23 11:31:44,064 | INFO  | DNAudit | user=null | ip=null | op=PUT_BLOCK {blockData=[blockId=conID: 1 locID: 102666069870576215 bcsId: 0,size=2097152]} | ret=SUCCESS |  
2019-08-23 11:31:44,064 | INFO  | DNAudit | user=null | ip=null | op=PUT_BLOCK {blockData=[blockId=conID: 1 locID: 102666069870576215 bcsId: 0,size=1048576]} | ret=SUCCESS |  
2019-08-23 11:31:44,065 [grpc-default-executor-2] INFO  client.GrpcClientProtocolClient (GrpcClientProtocolClient.java:onNext(255)) - client-C9E345EC67ED->244f13ac-34be-4c4e-8e45-0c0272edbbb2: receive RaftClientReply:client-C9E345EC67ED->244f13ac-34be-4c4e-8e45-0c0272edbbb2@group-FE77C852EF02, cid=2555, SUCCESS, logIndex=0, commits[244f13ac-34be-4c4e-8e45-0c0272edbbb2:c3782, 6287e41a-5356-4f55-84f2-270816d53e84:c3778, a2c18d3d-e79d-47c9-88fe-d8a1d195302b:c3776]
2019-08-23 11:31:44,069 | INFO  | DNAudit | user=null | ip=null | op=WRITE_CHUNK {blockData=conID: 1 locID: 102666069870576215 bcsId: 3778} | ret=SUCCESS |  
2019-08-23 11:31:44,071 | INFO  | DNAudit | user=null | ip=null | op=WRITE_CHUNK {blockData=conID: 1 locID: 102666069870576215 bcsId: 3778} | ret=SUCCESS |  
2019-08-23 11:31:44,071 | INFO  | DNAudit | user=null | ip=null | op=WRITE_CHUNK {blockData=conID: 1 locID: 102666069870576215 bcsId: 3778} | ret=SUCCESS |  
2019-08-23 11:31:44,074 | INFO  | DNAudit | user=null | ip=null | op=WRITE_CHUNK {blockData=conID: 1 locID: 102666069870576215 bcsId: 0} | ret=SUCCESS |  
2019-08-23 11:31:44,074 | INFO  | DNAudit | user=null | ip=null | op=PUT_BLOCK {blockData=[blockId=conID: 1 locID: 102666069870576215 bcsId: 0,size=2097152]} | ret=SUCCESS |  
2019-08-23 11:31:44,074 | INFO  | DNAudit | user=null | ip=null | op=WRITE_CHUNK {blockData=conID: 1 locID: 102666069870576215 bcsId: 3778} | ret=SUCCESS |  
2019-08-23 11:31:44,075 | INFO  | DNAudit | user=null | ip=null | op=PUT_BLOCK {blockData=[blockId=conID: 1 locID: 102666069870576215 bcsId: 0,size=3145728]} | ret=SUCCESS |  
2019-08-23 11:31:44,075 [grpc-default-executor-2] INFO  client.GrpcClientProtocolClient (GrpcClientProtocolClient.java:onNext(255)) - client-C9E345EC67ED->244f13ac-34be-4c4e-8e45-0c0272edbbb2: receive RaftClientReply:client-C9E345EC67ED->244f13ac-34be-4c4e-8e45-0c0272edbbb2@group-FE77C852EF02, cid=2556, SUCCESS, logIndex=3783, commits[244f13ac-34be-4c4e-8e45-0c0272edbbb2:c3784, 6287e41a-5356-4f55-84f2-270816d53e84:c3782, a2c18d3d-e79d-47c9-88fe-d8a1d195302b:c3778]
2019-08-23 11:31:44,075 [grpc-default-executor-4] INFO  client.GrpcClientProtocolClient (GrpcClientProtocolClient.java:onNext(255)) - client-C9E345EC67ED->244f13ac-34be-4c4e-8e45-0c0272edbbb2: receive RaftClientReply:client-C9E345EC67ED->244f13ac-34be-4c4e-8e45-0c0272edbbb2@group-FE77C852EF02, cid=2557, SUCCESS, logIndex=3784, commits[244f13ac-34be-4c4e-8e45-0c0272edbbb2:c3784, 6287e41a-5356-4f55-84f2-270816d53e84:c3782, a2c18d3d-e79d-47c9-88fe-d8a1d195302b:c3778]
2019-08-23 11:31:44,077 | INFO  | DNAudit | user=null | ip=null | op=WRITE_CHUNK {blockData=conID: 1 locID: 102666069870576215 bcsId: 3778} | ret=SUCCESS |  
2019-08-23 11:31:44,077 | INFO  | DNAudit | user=null | ip=null | op=PUT_BLOCK {blockData=[blockId=conID: 1 locID: 102666069870576215 bcsId: 0,size=3145728]} | ret=SUCCESS |  
2019-08-23 11:31:44,078 | INFO  | DNAudit | user=null | ip=null | op=WRITE_CHUNK {blockData=conID: 1 locID: 102666069870576215 bcsId: 3778} | ret=SUCCESS |  
2019-08-23 11:31:44,078 | INFO  | DNAudit | user=null | ip=null | op=PUT_BLOCK {blockData=[blockId=conID: 1 locID: 102666069870576215 bcsId: 0,size=3145728]} | ret=SUCCESS |  
2019-08-23 11:31:44,079 | INFO  | DNAudit | user=null | ip=null | op=WRITE_CHUNK {blockData=conID: 1 locID: 102666069870576215 bcsId: 3784} | ret=SUCCESS |  
2019-08-23 11:31:44,081 | INFO  | DNAudit | user=null | ip=null | op=WRITE_CHUNK {blockData=conID: 1 locID: 102666069870576215 bcsId: 3784} | ret=SUCCESS |  
2019-08-23 11:31:44,081 | INFO  | DNAudit | user=null | ip=null | op=WRITE_CHUNK {blockData=conID: 1 locID: 102666069870576215 bcsId: 3784} | ret=SUCCESS |  
2019-08-23 11:31:44,083 | INFO  | DNAudit | user=null | ip=null | op=WRITE_CHUNK {blockData=conID: 1 locID: 102666069870576215 bcsId: 3784} | ret=SUCCESS |  
2019-08-23 11:31:44,083 | INFO  | DNAudit | user=null | ip=null | op=PUT_BLOCK {blockData=[blockId=conID: 1 locID: 102666069870576215 bcsId: 0,size=4194304]} | ret=SUCCESS |  
2019-08-23 11:31:44,083 [grpc-default-executor-4] INFO  client.GrpcClientProtocolClient (GrpcClientProtocolClient.java:onNext(255)) - client-C9E345EC67ED->244f13ac-34be-4c4e-8e45-0c0272edbbb2: receive RaftClientReply:client-C9E345EC67ED->244f13ac-34be-4c4e-8e45-0c0272edbbb2@group-FE77C852EF02, cid=2558, SUCCESS, logIndex=3787, commits[244f13ac-34be-4c4e-8e45-0c0272edbbb2:c3787, 6287e41a-5356-4f55-84f2-270816d53e84:c3785, a2c18d3d-e79d-47c9-88fe-d8a1d195302b:c3784]
2019-08-23 11:31:44,084 [grpc-default-executor-4] INFO  client.GrpcClientProtocolClient (GrpcClientProtocolClient.java:onNext(255)) - client-C9E345EC67ED->244f13ac-34be-4c4e-8e45-0c0272edbbb2: receive RaftClientReply:client-C9E345EC67ED->244f13ac-34be-4c4e-8e45-0c0272edbbb2@group-FE77C852EF02, cid=2559, SUCCESS, logIndex=3788, commits[244f13ac-34be-4c4e-8e45-0c0272edbbb2:c3788, 6287e41a-5356-4f55-84f2-270816d53e84:c3785, a2c18d3d-e79d-47c9-88fe-d8a1d195302b:c3785]
2019-08-23 11:31:44,084 | INFO  | DNAudit | user=null | ip=null | op=WRITE_CHUNK {blockData=conID: 1 locID: 102666069870576215 bcsId: 3784} | ret=SUCCESS |  
2019-08-23 11:31:44,084 | INFO  | DNAudit | user=null | ip=null | op=WRITE_CHUNK {blockData=conID: 1 locID: 102666069870576215 bcsId: 3784} | ret=SUCCESS |  
2019-08-23 11:31:44,085 | INFO  | SCMAudit | user=jenkins1000 | ip=192.168.5.185 | op=SEND_HEARTBEAT {datanodeUUID=b2c34899-c5c3-4720-9d95-984efeabf4a7, command=[]} | ret=SUCCESS |  
2019-08-23 11:31:44,085 | INFO  | SCMAudit | user=jenkins1000 | ip=192.168.5.185 | op=SEND_HEARTBEAT {datanodeUUID=0d166765-8492-4439-8677-f737a7bc54ca, command=[]} | ret=SUCCESS |  
2019-08-23 11:31:44,086 | INFO  | SCMAudit | user=jenkins1000 | ip=192.168.5.185 | op=SEND_HEARTBEAT {datanodeUUID=6287e41a-5356-4f55-84f2-270816d53e84, command=[]} | ret=SUCCESS |  
2019-08-23 11:31:44,086 | INFO  | SCMAudit | user=jenkins1000 | ip=192.168.5.185 | op=SEND_HEARTBEAT {datanodeUUID=244f13ac-34be-4c4e-8e45-0c0272edbbb2, command=[]} | ret=SUCCESS |  
 0.00% |█                                                                                                    |  0/1 Time: 0:00:192019-08-23 11:31:44,086 | INFO  | SCMAudit | user=jenkins1000 | ip=192.168.5.185 | op=SEND_HEARTBEAT {datanodeUUID=a2c18d3d-e79d-47c9-88fe-d8a1d195302b, command=[]} | ret=SUCCESS |  
2019-08-23 11:31:44,087 | INFO  | DNAudit | user=null | ip=null | op=PUT_BLOCK {blockData=[blockId=conID: 1 locID: 102666069870576215 bcsId: 0,size=4194304]} | ret=SUCCESS |  
2019-08-23 11:31:44,087 | INFO  | DNAudit | user=null | ip=null | op=PUT_BLOCK {blockData=[blockId=conID: 1 locID: 102666069870576215 bcsId: 0,size=4194304]} | ret=SUCCESS |  
2019-08-23 11:31:44,088 [grpc-default-executor-4] INFO  client.GrpcClientProtocolClient (GrpcClientProtocolClient.java:onNext(255)) - client-C9E345EC67ED->244f13ac-34be-4c4e-8e45-0c0272edbbb2: receive RaftClientReply:client-C9E345EC67ED->244f13ac-34be-4c4e-8e45-0c0272edbbb2@group-FE77C852EF02, cid=2560, SUCCESS, logIndex=0, commits[244f13ac-34be-4c4e-8e45-0c0272edbbb2:c3790, 6287e41a-5356-4f55-84f2-270816d53e84:c3788, a2c18d3d-e79d-47c9-88fe-d8a1d195302b:c3788]
2019-08-23 11:31:44,091 | INFO  | SCMAudit | user=jenkins1000 | ip=192.168.5.185 | op=ALLOCATE_BLOCK {owner=00a23185-76ea-47b5-a641-ad3cfbe5521a, size=4194304, type=RATIS, factor=THREE} | ret=SUCCESS |  
2019-08-23 11:31:44,094 | INFO  | OMAudit | user=jenkins1000 | ip=127.0.0.1 | op=ALLOCATE_BLOCK {volume=vol-0-37508, bucket=bucket-0-50919, key=key-0-57313, dataSize=0, replicationType=null, replicationFactor=null, keyLocationInfo=null, clientID=102666068570931602} | ret=SUCCESS |  
2019-08-23 11:31:44,098 | INFO  | DNAudit | user=null | ip=null | op=WRITE_CHUNK {blockData=conID: 2 locID: 102666069874508376 bcsId: 0} | ret=SUCCESS |  
2019-08-23 11:31:44,101 | INFO  | DNAudit | user=null | ip=null | op=WRITE_CHUNK {blockData=conID: 2 locID: 102666069874508376 bcsId: 0} | ret=SUCCESS |  
2019-08-23 11:31:44,101 | INFO  | DNAudit | user=null | ip=null | op=WRITE_CHUNK {blockData=conID: 2 locID: 102666069874508376 bcsId: 0} | ret=SUCCESS |  
2019-08-23 11:31:44,101 | INFO  | DNAudit | user=null | ip=null | op=WRITE_CHUNK {blockData=conID: 2 locID: 102666069874508376 bcsId: 0} | ret=SUCCESS |  
2019-08-23 11:31:44,102 | INFO  | DNAudit | user=null | ip=null | op=WRITE_CHUNK {blockData=conID: 2 locID: 102666069874508376 bcsId: 0} | ret=SUCCESS |  
2019-08-23 11:31:44,102 | INFO  | DNAudit | user=null | ip=null | op=WRITE_CHUNK {blockData=conID: 2 locID: 102666069874508376 bcsId: 0} | ret=SUCCESS |  
2019-08-23 11:31:44,110 | INFO  | DNAudit | user=null | ip=null | op=WRITE_CHUNK {blockData=conID: 2 locID: 102666069874508376 bcsId: 0} | ret=SUCCESS |  
2019-08-23 11:31:44,110 | INFO  | DNAudit | user=null | ip=null | op=PUT_BLOCK {blockData=[blockId=conID: 2 locID: 102666069874508376 bcsId: 0,size=1048576]} | ret=SUCCESS |  
2019-08-23 11:31:44,110 [grpc-default-executor-4] INFO  client.GrpcClientProtocolClient (GrpcClientProtocolClient.java:onNext(255)) - client-C9E345EC67ED->244f13ac-34be-4c4e-8e45-0c0272edbbb2: receive RaftClientReply:client-C9E345EC67ED->244f13ac-34be-4c4e-8e45-0c0272edbbb2@group-FE77C852EF02, cid=2561, SUCCESS, logIndex=3791, commits[244f13ac-34be-4c4e-8e45-0c0272edbbb2:c3794, 6287e41a-5356-4f55-84f2-270816d53e84:c3790, a2c18d3d-e79d-47c9-88fe-d8a1d195302b:c3790]
2019-08-23 11:31:44,110 | INFO  | DNAudit | user=null | ip=null | op=WRITE_CHUNK {blockData=conID: 2 locID: 102666069874508376 bcsId: 0} | ret=SUCCESS |  
2019-08-23 11:31:44,111 [grpc-default-executor-4] INFO  client.GrpcClientProtocolClient (GrpcClientProtocolClient.java:onNext(255)) - client-C9E345EC67ED->244f13ac-34be-4c4e-8e45-0c0272edbbb2: receive RaftClientReply:client-C9E345EC67ED->244f13ac-34be-4c4e-8e45-0c0272edbbb2@group-FE77C852EF02, cid=2562, SUCCESS, logIndex=3792, commits[244f13ac-34be-4c4e-8e45-0c0272edbbb2:c3794, 6287e41a-5356-4f55-84f2-270816d53e84:c3790, a2c18d3d-e79d-47c9-88fe-d8a1d195302b:c3790]
2019-08-23 11:31:44,111 | INFO  | DNAudit | user=null | ip=null | op=PUT_BLOCK {blockData=[blockId=conID: 2 locID: 102666069874508376 bcsId: 0,size=2097152]} | ret=SUCCESS |  
2019-08-23 11:31:44,111 [grpc-default-executor-4] INFO  client.GrpcClientProtocolClient (GrpcClientProtocolClient.java:onNext(255)) - client-C9E345EC67ED->244f13ac-34be-4c4e-8e45-0c0272edbbb2: receive RaftClientReply:client-C9E345EC67ED->244f13ac-34be-4c4e-8e45-0c0272edbbb2@group-FE77C852EF02, cid=2563, SUCCESS, logIndex=3793, commits[244f13ac-34be-4c4e-8e45-0c0272edbbb2:c3794, 6287e41a-5356-4f55-84f2-270816d53e84:c3790, a2c18d3d-e79d-47c9-88fe-d8a1d195302b:c3790]
2019-08-23 11:31:44,111 [grpc-default-executor-4] INFO  client.GrpcClientProtocolClient (GrpcClientProtocolClient.java:onNext(255)) - client-C9E345EC67ED->244f13ac-34be-4c4e-8e45-0c0272edbbb2: receive RaftClientReply:client-C9E345EC67ED->244f13ac-34be-4c4e-8e45-0c0272edbbb2@group-FE77C852EF02, cid=2564, SUCCESS, logIndex=3794, commits[244f13ac-34be-4c4e-8e45-0c0272edbbb2:c3794, 6287e41a-5356-4f55-84f2-270816d53e84:c3790, a2c18d3d-e79d-47c9-88fe-d8a1d195302b:c3790]
2019-08-23 11:31:44,120 | INFO  | DNAudit | user=null | ip=null | op=WRITE_CHUNK {blockData=conID: 2 locID: 102666069874508376 bcsId: 0} | ret=SUCCESS |  
2019-08-23 11:31:44,120 | INFO  | DNAudit | user=null | ip=null | op=PUT_BLOCK {blockData=[blockId=conID: 2 locID: 102666069874508376 bcsId: 0,size=1048576]} | ret=SUCCESS |  
2019-08-23 11:31:44,131 | INFO  | DNAudit | user=null | ip=null | op=WRITE_CHUNK {blockData=conID: 2 locID: 102666069874508376 bcsId: 0} | ret=SUCCESS |  
2019-08-23 11:31:44,131 | INFO  | DNAudit | user=null | ip=null | op=PUT_BLOCK {blockData=[blockId=conID: 2 locID: 102666069874508376 bcsId: 0,size=1048576]} | ret=SUCCESS |  
2019-08-23 11:31:44,131 | INFO  | DNAudit | user=null | ip=null | op=WRITE_CHUNK {blockData=conID: 2 locID: 102666069874508376 bcsId: 0} | ret=SUCCESS |  
2019-08-23 11:31:44,131 [grpc-default-executor-4] INFO  client.GrpcClientProtocolClient (GrpcClientProtocolClient.java:onNext(255)) - client-C9E345EC67ED->244f13ac-34be-4c4e-8e45-0c0272edbbb2: receive RaftClientReply:client-C9E345EC67ED->244f13ac-34be-4c4e-8e45-0c0272edbbb2@group-FE77C852EF02, cid=2565, SUCCESS, logIndex=0, commits[244f13ac-34be-4c4e-8e45-0c0272edbbb2:c3795, 6287e41a-5356-4f55-84f2-270816d53e84:c3792, a2c18d3d-e79d-47c9-88fe-d8a1d195302b:c3792]
2019-08-23 11:31:44,131 | INFO  | DNAudit | user=null | ip=null | op=PUT_BLOCK {blockData=[blockId=conID: 2 locID: 102666069874508376 bcsId: 0,size=2097152]} | ret=SUCCESS |  
2019-08-23 11:31:44,131 | INFO  | DNAudit | user=null | ip=null | op=WRITE_CHUNK {blockData=conID: 2 locID: 102666069874508376 bcsId: 0} | ret=SUCCESS |  
2019-08-23 11:31:44,132 | INFO  | DNAudit | user=null | ip=null | op=PUT_BLOCK {blockData=[blockId=conID: 2 locID: 102666069874508376 bcsId: 0,size=2097152]} | ret=SUCCESS |  
2019-08-23 11:31:44,136 | INFO  | DNAudit | user=null | ip=null | op=WRITE_CHUNK {blockData=conID: 2 locID: 102666069874508376 bcsId: 3794} | ret=SUCCESS |  
2019-08-23 11:31:44,137 | INFO  | DNAudit | user=null | ip=null | op=WRITE_CHUNK {blockData=conID: 2 locID: 102666069874508376 bcsId: 3794} | ret=SUCCESS |  
2019-08-23 11:31:44,137 | INFO  | DNAudit | user=null | ip=null | op=WRITE_CHUNK {blockData=conID: 2 locID: 102666069874508376 bcsId: 3794} | ret=SUCCESS |  
2019-08-23 11:31:44,148 | INFO  | DNAudit | user=null | ip=null | op=WRITE_CHUNK {blockData=conID: 2 locID: 102666069874508376 bcsId: 3794} | ret=SUCCESS |  
2019-08-23 11:31:44,148 | INFO  | DNAudit | user=null | ip=null | op=PUT_BLOCK {blockData=[blockId=conID: 2 locID: 102666069874508376 bcsId: 0,size=3145728]} | ret=SUCCESS |  
2019-08-23 11:31:44,148 [grpc-default-executor-1] INFO  client.GrpcClientProtocolClient (GrpcClientProtocolClient.java:onNext(255)) - client-C9E345EC67ED->244f13ac-34be-4c4e-8e45-0c0272edbbb2: receive RaftClientReply:client-C9E345EC67ED->244f13ac-34be-4c4e-8e45-0c0272edbbb2@group-FE77C852EF02, cid=2566, SUCCESS, logIndex=3799, commits[244f13ac-34be-4c4e-8e45-0c0272edbbb2:c3800, 6287e41a-5356-4f55-84f2-270816d53e84:c3798, a2c18d3d-e79d-47c9-88fe-d8a1d195302b:c3798]
2019-08-23 11:31:44,149 [grpc-default-executor-1] INFO  client.GrpcClientProtocolClient (GrpcClientProtocolClient.java:onNext(255)) - client-C9E345EC67ED->244f13ac-34be-4c4e-8e45-0c0272edbbb2: receive RaftClientReply:client-C9E345EC67ED->244f13ac-34be-4c4e-8e45-0c0272edbbb2@group-FE77C852EF02, cid=2567, SUCCESS, logIndex=3800, commits[244f13ac-34be-4c4e-8e45-0c0272edbbb2:c3800, 6287e41a-5356-4f55-84f2-270816d53e84:c3798, a2c18d3d-e79d-47c9-88fe-d8a1d195302b:c3798]
2019-08-23 11:31:44,153 | INFO  | DNAudit | user=null | ip=null | op=WRITE_CHUNK {blockData=conID: 2 locID: 102666069874508376 bcsId: 3800} | ret=SUCCESS |  
2019-08-23 11:31:44,155 | INFO  | DNAudit | user=null | ip=null | op=WRITE_CHUNK {blockData=conID: 2 locID: 102666069874508376 bcsId: 3800} | ret=SUCCESS |  
2019-08-23 11:31:44,155 | INFO  | DNAudit | user=null | ip=null | op=WRITE_CHUNK {blockData=conID: 2 locID: 102666069874508376 bcsId: 3800} | ret=SUCCESS |  
2019-08-23 11:31:44,159 | INFO  | DNAudit | user=null | ip=null | op=WRITE_CHUNK {blockData=conID: 2 locID: 102666069874508376 bcsId: 3794} | ret=SUCCESS |  
2019-08-23 11:31:44,160 | INFO  | DNAudit | user=null | ip=null | op=WRITE_CHUNK {blockData=conID: 2 locID: 102666069874508376 bcsId: 3794} | ret=SUCCESS |  
2019-08-23 11:31:44,160 | INFO  | DNAudit | user=null | ip=null | op=PUT_BLOCK {blockData=[blockId=conID: 2 locID: 102666069874508376 bcsId: 0,size=3145728]} | ret=SUCCESS |  
2019-08-23 11:31:44,160 | INFO  | DNAudit | user=null | ip=null | op=PUT_BLOCK {blockData=[blockId=conID: 2 locID: 102666069874508376 bcsId: 0,size=3145728]} | ret=SUCCESS |  
2019-08-23 11:31:44,162 | INFO  | DNAudit | user=null | ip=null | op=WRITE_CHUNK {blockData=conID: 2 locID: 102666069874508376 bcsId: 3800} | ret=SUCCESS |  
2019-08-23 11:31:44,163 | INFO  | DNAudit | user=null | ip=null | op=PUT_BLOCK {blockData=[blockId=conID: 2 locID: 102666069874508376 bcsId: 0,size=4194304]} | ret=SUCCESS |  
2019-08-23 11:31:44,163 [grpc-default-executor-1] INFO  client.GrpcClientProtocolClient (GrpcClientProtocolClient.java:onNext(255)) - client-C9E345EC67ED->244f13ac-34be-4c4e-8e45-0c0272edbbb2: receive RaftClientReply:client-C9E345EC67ED->244f13ac-34be-4c4e-8e45-0c0272edbbb2@group-FE77C852EF02, cid=2568, SUCCESS, logIndex=3803, commits[244f13ac-34be-4c4e-8e45-0c0272edbbb2:c3804, 6287e41a-5356-4f55-84f2-270816d53e84:c3800, a2c18d3d-e79d-47c9-88fe-d8a1d195302b:c3800]
2019-08-23 11:31:44,163 [grpc-default-executor-1] INFO  client.GrpcClientProtocolClient (GrpcClientProtocolClient.java:onNext(255)) - client-C9E345EC67ED->244f13ac-34be-4c4e-8e45-0c0272edbbb2: receive RaftClientReply:client-C9E345EC67ED->244f13ac-34be-4c4e-8e45-0c0272edbbb2@group-FE77C852EF02, cid=2569, SUCCESS, logIndex=3804, commits[244f13ac-34be-4c4e-8e45-0c0272edbbb2:c3804, 6287e41a-5356-4f55-84f2-270816d53e84:c3800, a2c18d3d-e79d-47c9-88fe-d8a1d195302b:c3800]
2019-08-23 11:31:44,173 | INFO  | DNAudit | user=null | ip=null | op=WRITE_CHUNK {blockData=conID: 2 locID: 102666069874508376 bcsId: 3800} | ret=SUCCESS |  
2019-08-23 11:31:44,173 | INFO  | DNAudit | user=null | ip=null | op=WRITE_CHUNK {blockData=conID: 2 locID: 102666069874508376 bcsId: 3800} | ret=SUCCESS |  
2019-08-23 11:31:44,176 | INFO  | DNAudit | user=null | ip=null | op=PUT_BLOCK {blockData=[blockId=conID: 2 locID: 102666069874508376 bcsId: 0,size=4194304]} | ret=SUCCESS |  
2019-08-23 11:31:44,176 | INFO  | DNAudit | user=null | ip=null | op=PUT_BLOCK {blockData=[blockId=conID: 2 locID: 102666069874508376 bcsId: 0,size=4194304]} | ret=SUCCESS |  
2019-08-23 11:31:44,177 [grpc-default-executor-2] INFO  client.GrpcClientProtocolClient (GrpcClientProtocolClient.java:onNext(255)) - client-C9E345EC67ED->244f13ac-34be-4c4e-8e45-0c0272edbbb2: receive RaftClientReply:client-C9E345EC67ED->244f13ac-34be-4c4e-8e45-0c0272edbbb2@group-FE77C852EF02, cid=2570, SUCCESS, logIndex=0, commits[244f13ac-34be-4c4e-8e45-0c0272edbbb2:c3806, 6287e41a-5356-4f55-84f2-270816d53e84:c3804, a2c18d3d-e79d-47c9-88fe-d8a1d195302b:c3804]
2019-08-23 11:31:44,180 | INFO  | SCMAudit | user=jenkins1000 | ip=192.168.5.185 | op=ALLOCATE_BLOCK {owner=00a23185-76ea-47b5-a641-ad3cfbe5521a, size=4194304, type=RATIS, factor=THREE} | ret=SUCCESS |  
2019-08-23 11:31:44,182 | INFO  | OMAudit | user=jenkins1000 | ip=127.0.0.1 | op=ALLOCATE_BLOCK {volume=vol-0-37508, bucket=bucket-0-50919, key=key-0-57313, dataSize=0, replicationType=null, replicationFactor=null, keyLocationInfo=null, clientID=102666068570931602} | ret=SUCCESS |  
2019-08-23 11:31:44,187 | INFO  | DNAudit | user=null | ip=null | op=WRITE_CHUNK {blockData=conID: 3 locID: 102666069880341081 bcsId: 0} | ret=SUCCESS |  
2019-08-23 11:31:44,189 | INFO  | DNAudit | user=null | ip=null | op=WRITE_CHUNK {blockData=conID: 3 locID: 102666069880341081 bcsId: 0} | ret=SUCCESS |  
2019-08-23 11:31:44,190 | INFO  | DNAudit | user=null | ip=null | op=WRITE_CHUNK {blockData=conID: 3 locID: 102666069880341081 bcsId: 0} | ret=SUCCESS |  
2019-08-23 11:31:44,190 | INFO  | DNAudit | user=null | ip=null | op=WRITE_CHUNK {blockData=conID: 3 locID: 102666069880341081 bcsId: 0} | ret=SUCCESS |  
2019-08-23 11:31:44,191 | INFO  | DNAudit | user=null | ip=null | op=WRITE_CHUNK {blockData=conID: 3 locID: 102666069880341081 bcsId: 0} | ret=SUCCESS |  
2019-08-23 11:31:44,191 | INFO  | DNAudit | user=null | ip=null | op=WRITE_CHUNK {blockData=conID: 3 locID: 102666069880341081 bcsId: 0} | ret=SUCCESS |  
2019-08-23 11:31:44,199 | INFO  | DNAudit | user=null | ip=null | op=WRITE_CHUNK {blockData=conID: 3 locID: 102666069880341081 bcsId: 0} | ret=SUCCESS |  
2019-08-23 11:31:44,200 | INFO  | DNAudit | user=null | ip=null | op=PUT_BLOCK {blockData=[blockId=conID: 3 locID: 102666069880341081 bcsId: 0,size=1048576]} | ret=SUCCESS |  
2019-08-23 11:31:44,200 [grpc-default-executor-2] INFO  client.GrpcClientProtocolClient (GrpcClientProtocolClient.java:onNext(255)) - client-C9E345EC67ED->244f13ac-34be-4c4e-8e45-0c0272edbbb2: receive RaftClientReply:client-C9E345EC67ED->244f13ac-34be-4c4e-8e45-0c0272edbbb2@group-FE77C852EF02, cid=2571, SUCCESS, logIndex=3807, commits[244f13ac-34be-4c4e-8e45-0c0272edbbb2:c3810, 6287e41a-5356-4f55-84f2-270816d53e84:c3806, a2c18d3d-e79d-47c9-88fe-d8a1d195302b:c3806]
2019-08-23 11:31:44,200 | INFO  | DNAudit | user=null | ip=null | op=WRITE_CHUNK {blockData=conID: 3 locID: 102666069880341081 bcsId: 0} | ret=SUCCESS |  
2019-08-23 11:31:44,200 [grpc-default-executor-2] INFO  client.GrpcClientProtocolClient (GrpcClientProtocolClient.java:onNext(255)) - client-C9E345EC67ED->244f13ac-34be-4c4e-8e45-0c0272edbbb2: receive RaftClientReply:client-C9E345EC67ED->244f13ac-34be-4c4e-8e45-0c0272edbbb2@group-FE77C852EF02, cid=2572, SUCCESS, logIndex=3808, commits[244f13ac-34be-4c4e-8e45-0c0272edbbb2:c3810, 6287e41a-5356-4f55-84f2-270816d53e84:c3806, a2c18d3d-e79d-47c9-88fe-d8a1d195302b:c3806]
2019-08-23 11:31:44,201 | INFO  | DNAudit | user=null | ip=null | op=WRITE_CHUNK {blockData=conID: 3 locID: 102666069880341081 bcsId: 0} | ret=SUCCESS |  
2019-08-23 11:31:44,201 | INFO  | DNAudit | user=null | ip=null | op=PUT_BLOCK {blockData=[blockId=conID: 3 locID: 102666069880341081 bcsId: 0,size=2097152]} | ret=SUCCESS |  
2019-08-23 11:31:44,201 [grpc-default-executor-2] INFO  client.GrpcClientProtocolClient (GrpcClientProtocolClient.java:onNext(255)) - client-C9E345EC67ED->244f13ac-34be-4c4e-8e45-0c0272edbbb2: receive RaftClientReply:client-C9E345EC67ED->244f13ac-34be-4c4e-8e45-0c0272edbbb2@group-FE77C852EF02, cid=2573, SUCCESS, logIndex=3809, commits[244f13ac-34be-4c4e-8e45-0c0272edbbb2:c3810, 6287e41a-5356-4f55-84f2-270816d53e84:c3806, a2c18d3d-e79d-47c9-88fe-d8a1d195302b:c3806]
2019-08-23 11:31:44,201 [grpc-default-executor-2] INFO  client.GrpcClientProtocolClient (GrpcClientProtocolClient.java:onNext(255)) - client-C9E345EC67ED->244f13ac-34be-4c4e-8e45-0c0272edbbb2: receive RaftClientReply:client-C9E345EC67ED->244f13ac-34be-4c4e-8e45-0c0272edbbb2@group-FE77C852EF02, cid=2574, SUCCESS, logIndex=3810, commits[244f13ac-34be-4c4e-8e45-0c0272edbbb2:c3811, 6287e41a-5356-4f55-84f2-270816d53e84:c3807, a2c18d3d-e79d-47c9-88fe-d8a1d195302b:c3806]
2019-08-23 11:31:44,201 | INFO  | DNAudit | user=null | ip=null | op=WRITE_CHUNK {blockData=conID: 3 locID: 102666069880341081 bcsId: 0} | ret=SUCCESS |  
2019-08-23 11:31:44,201 | INFO  | DNAudit | user=null | ip=null | op=PUT_BLOCK {blockData=[blockId=conID: 3 locID: 102666069880341081 bcsId: 0,size=1048576]} | ret=SUCCESS |  
2019-08-23 11:31:44,202 | INFO  | DNAudit | user=null | ip=null | op=WRITE_CHUNK {blockData=conID: 3 locID: 102666069880341081 bcsId: 0} | ret=SUCCESS |  
2019-08-23 11:31:44,202 | INFO  | DNAudit | user=null | ip=null | op=PUT_BLOCK {blockData=[blockId=conID: 3 locID: 102666069880341081 bcsId: 0,size=2097152]} | ret=SUCCESS |  
2019-08-23 11:31:44,210 | INFO  | DNAudit | user=null | ip=null | op=PUT_BLOCK {blockData=[blockId=conID: 3 locID: 102666069880341081 bcsId: 0,size=1048576]} | ret=SUCCESS |  
2019-08-23 11:31:44,210 | INFO  | DNAudit | user=null | ip=null | op=WRITE_CHUNK {blockData=conID: 3 locID: 102666069880341081 bcsId: 0} | ret=SUCCESS |  
2019-08-23 11:31:44,211 | INFO  | DNAudit | user=null | ip=null | op=PUT_BLOCK {blockData=[blockId=conID: 3 locID: 102666069880341081 bcsId: 0,size=2097152]} | ret=SUCCESS |  
2019-08-23 11:31:44,211 [grpc-default-executor-1] INFO  client.GrpcClientProtocolClient (GrpcClientProtocolClient.java:onNext(255)) - client-C9E345EC67ED->244f13ac-34be-4c4e-8e45-0c0272edbbb2: receive RaftClientReply:client-C9E345EC67ED->244f13ac-34be-4c4e-8e45-0c0272edbbb2@group-FE77C852EF02, cid=2575, SUCCESS, logIndex=0, commits[244f13ac-34be-4c4e-8e45-0c0272edbbb2:c3814, 6287e41a-5356-4f55-84f2-270816d53e84:c3808, a2c18d3d-e79d-47c9-88fe-d8a1d195302b:c3810]
2019-08-23 11:31:44,216 | INFO  | DNAudit | user=null | ip=null | op=WRITE_CHUNK {blockData=conID: 3 locID: 102666069880341081 bcsId: 3810} | ret=SUCCESS |  
2019-08-23 11:31:44,217 | INFO  | DNAudit | user=null | ip=null | op=WRITE_CHUNK {blockData=conID: 3 locID: 102666069880341081 bcsId: 3810} | ret=SUCCESS |  
2019-08-23 11:31:44,217 | INFO  | DNAudit | user=null | ip=null | op=WRITE_CHUNK {blockData=conID: 3 locID: 102666069880341081 bcsId: 3810} | ret=SUCCESS |  
2019-08-23 11:31:44,229 | INFO  | DNAudit | user=null | ip=null | op=WRITE_CHUNK {blockData=conID: 3 locID: 102666069880341081 bcsId: 3810} | ret=SUCCESS |  
2019-08-23 11:31:44,230 | INFO  | DNAudit | user=null | ip=null | op=PUT_BLOCK {blockData=[blockId=conID: 3 locID: 102666069880341081 bcsId: 0,size=3145728]} | ret=SUCCESS |  
2019-08-23 11:31:44,230 [grpc-default-executor-1] INFO  client.GrpcClientProtocolClient (GrpcClientProtocolClient.java:onNext(255)) - client-C9E345EC67ED->244f13ac-34be-4c4e-8e45-0c0272edbbb2: receive RaftClientReply:client-C9E345EC67ED->244f13ac-34be-4c4e-8e45-0c0272edbbb2@group-FE77C852EF02, cid=2576, SUCCESS, logIndex=3815, commits[244f13ac-34be-4c4e-8e45-0c0272edbbb2:c3816, 6287e41a-5356-4f55-84f2-270816d53e84:c3814, a2c18d3d-e79d-47c9-88fe-d8a1d195302b:c3814]
2019-08-23 11:31:44,230 [grpc-default-executor-1] INFO  client.GrpcClientProtocolClient (GrpcClientProtocolClient.java:onNext(255)) - client-C9E345EC67ED->244f13ac-34be-4c4e-8e45-0c0272edbbb2: receive RaftClientReply:client-C9E345EC67ED->244f13ac-34be-4c4e-8e45-0c0272edbbb2@group-FE77C852EF02, cid=2577, SUCCESS, logIndex=3816, commits[244f13ac-34be-4c4e-8e45-0c0272edbbb2:c3816, 6287e41a-5356-4f55-84f2-270816d53e84:c3814, a2c18d3d-e79d-47c9-88fe-d8a1d195302b:c3814]
2019-08-23 11:31:44,235 | INFO  | DNAudit | user=null | ip=null | op=WRITE_CHUNK {blockData=conID: 3 locID: 102666069880341081 bcsId: 3816} | ret=SUCCESS |  
2019-08-23 11:31:44,237 | INFO  | DNAudit | user=null | ip=null | op=WRITE_CHUNK {blockData=conID: 3 locID: 102666069880341081 bcsId: 3816} | ret=SUCCESS |  
2019-08-23 11:31:44,237 | INFO  | DNAudit | user=null | ip=null | op=WRITE_CHUNK {blockData=conID: 3 locID: 102666069880341081 bcsId: 3816} | ret=SUCCESS |  
2019-08-23 11:31:44,241 | INFO  | DNAudit | user=null | ip=null | op=WRITE_CHUNK {blockData=conID: 3 locID: 102666069880341081 bcsId: 3810} | ret=SUCCESS |  
2019-08-23 11:31:44,241 | INFO  | DNAudit | user=null | ip=null | op=WRITE_CHUNK {blockData=conID: 3 locID: 102666069880341081 bcsId: 3810} | ret=SUCCESS |  
2019-08-23 11:31:44,244 | INFO  | DNAudit | user=null | ip=null | op=PUT_BLOCK {blockData=[blockId=conID: 3 locID: 102666069880341081 bcsId: 0,size=3145728]} | ret=SUCCESS |  
2019-08-23 11:31:44,244 | INFO  | DNAudit | user=null | ip=null | op=PUT_BLOCK {blockData=[blockId=conID: 3 locID: 102666069880341081 bcsId: 0,size=3145728]} | ret=SUCCESS |  
2019-08-23 11:31:44,244 | INFO  | DNAudit | user=null | ip=null | op=WRITE_CHUNK {blockData=conID: 3 locID: 102666069880341081 bcsId: 3816} | ret=SUCCESS |  
2019-08-23 11:31:44,245 | INFO  | DNAudit | user=null | ip=null | op=PUT_BLOCK {blockData=[blockId=conID: 3 locID: 102666069880341081 bcsId: 0,size=4194304]} | ret=SUCCESS |  
2019-08-23 11:31:44,245 [grpc-default-executor-4] INFO  client.GrpcClientProtocolClient (GrpcClientProtocolClient.java:onNext(255)) - client-C9E345EC67ED->244f13ac-34be-4c4e-8e45-0c0272edbbb2: receive RaftClientReply:client-C9E345EC67ED->244f13ac-34be-4c4e-8e45-0c0272edbbb2@group-FE77C852EF02, cid=2578, SUCCESS, logIndex=3819, commits[244f13ac-34be-4c4e-8e45-0c0272edbbb2:c3820, 6287e41a-5356-4f55-84f2-270816d53e84:c3816, a2c18d3d-e79d-47c9-88fe-d8a1d195302b:c3816]
2019-08-23 11:31:44,245 [grpc-default-executor-4] INFO  client.GrpcClientProtocolClient (GrpcClientProtocolClient.java:onNext(255)) - client-C9E345EC67ED->244f13ac-34be-4c4e-8e45-0c0272edbbb2: receive RaftClientReply:client-C9E345EC67ED->244f13ac-34be-4c4e-8e45-0c0272edbbb2@group-FE77C852EF02, cid=2579, SUCCESS, logIndex=3820, commits[244f13ac-34be-4c4e-8e45-0c0272edbbb2:c3820, 6287e41a-5356-4f55-84f2-270816d53e84:c3816, a2c18d3d-e79d-47c9-88fe-d8a1d195302b:c3816]
2019-08-23 11:31:44,257 | INFO  | DNAudit | user=null | ip=null | op=WRITE_CHUNK {blockData=conID: 3 locID: 102666069880341081 bcsId: 3816} | ret=SUCCESS |  
2019-08-23 11:31:44,257 | INFO  | DNAudit | user=null | ip=null | op=WRITE_CHUNK {blockData=conID: 3 locID: 102666069880341081 bcsId: 3816} | ret=SUCCESS |  
2019-08-23 11:31:44,270 | INFO  | DNAudit | user=null | ip=null | op=PUT_BLOCK {blockData=[blockId=conID: 3 locID: 102666069880341081 bcsId: 0,size=4194304]} | ret=SUCCESS |  
2019-08-23 11:31:44,270 | INFO  | DNAudit | user=null | ip=null | op=PUT_BLOCK {blockData=[blockId=conID: 3 locID: 102666069880341081 bcsId: 0,size=4194304]} | ret=SUCCESS |  
2019-08-23 11:31:44,271 [grpc-default-executor-4] INFO  client.GrpcClientProtocolClient (GrpcClientProtocolClient.java:onNext(255)) - client-C9E345EC67ED->244f13ac-34be-4c4e-8e45-0c0272edbbb2: receive RaftClientReply:client-C9E345EC67ED->244f13ac-34be-4c4e-8e45-0c0272edbbb2@group-FE77C852EF02, cid=2580, SUCCESS, logIndex=0, commits[244f13ac-34be-4c4e-8e45-0c0272edbbb2:c3822, 6287e41a-5356-4f55-84f2-270816d53e84:c3820, a2c18d3d-e79d-47c9-88fe-d8a1d195302b:c3820]
2019-08-23 11:31:44,275 | INFO  | SCMAudit | user=jenkins1000 | ip=192.168.5.185 | op=ALLOCATE_BLOCK {owner=00a23185-76ea-47b5-a641-ad3cfbe5521a, size=4194304, type=RATIS, factor=THREE} | ret=SUCCESS |  
2019-08-23 11:31:44,277 | INFO  | OMAudit | user=jenkins1000 | ip=127.0.0.1 | op=ALLOCATE_BLOCK {volume=vol-0-37508, bucket=bucket-0-50919, key=key-0-57313, dataSize=0, replicationType=null, replicationFactor=null, keyLocationInfo=null, clientID=102666068570931602} | ret=SUCCESS |  
2019-08-23 11:31:44,283 | INFO  | DNAudit | user=null | ip=null | op=WRITE_CHUNK {blockData=conID: 1 locID: 102666069886501466 bcsId: 0} | ret=SUCCESS |  
2019-08-23 11:31:44,284 | INFO  | DNAudit | user=null | ip=null | op=WRITE_CHUNK {blockData=conID: 1 locID: 102666069886501466 bcsId: 0} | ret=SUCCESS |  
2019-08-23 11:31:44,285 | INFO  | DNAudit | user=null | ip=null | op=WRITE_CHUNK {blockData=conID: 1 locID: 102666069886501466 bcsId: 0} | ret=SUCCESS |  
2019-08-23 11:31:44,285 | INFO  | DNAudit | user=null | ip=null | op=WRITE_CHUNK {blockData=conID: 1 locID: 102666069886501466 bcsId: 0} | ret=SUCCESS |  
2019-08-23 11:31:44,286 | INFO  | DNAudit | user=null | ip=null | op=WRITE_CHUNK {blockData=conID: 1 locID: 102666069886501466 bcsId: 0} | ret=SUCCESS |  
2019-08-23 11:31:44,287 | INFO  | DNAudit | user=null | ip=null | op=WRITE_CHUNK {blockData=conID: 1 locID: 102666069886501466 bcsId: 0} | ret=SUCCESS |  
2019-08-23 11:31:44,297 | INFO  | DNAudit | user=null | ip=null | op=WRITE_CHUNK {blockData=conID: 1 locID: 102666069886501466 bcsId: 0} | ret=SUCCESS |  
2019-08-23 11:31:44,297 | INFO  | DNAudit | user=null | ip=null | op=PUT_BLOCK {blockData=[blockId=conID: 1 locID: 102666069886501466 bcsId: 0,size=1048576]} | ret=SUCCESS |  
2019-08-23 11:31:44,297 [grpc-default-executor-1] INFO  client.GrpcClientProtocolClient (GrpcClientProtocolClient.java:onNext(255)) - client-C9E345EC67ED->244f13ac-34be-4c4e-8e45-0c0272edbbb2: receive RaftClientReply:client-C9E345EC67ED->244f13ac-34be-4c4e-8e45-0c0272edbbb2@group-FE77C852EF02, cid=2581, SUCCESS, logIndex=3823, commits[244f13ac-34be-4c4e-8e45-0c0272edbbb2:c3826, 6287e41a-5356-4f55-84f2-270816d53e84:c3822, a2c18d3d-e79d-47c9-88fe-d8a1d195302b:c3822]
2019-08-23 11:31:44,297 | INFO  | DNAudit | user=null | ip=null | op=WRITE_CHUNK {blockData=conID: 1 locID: 102666069886501466 bcsId: 0} | ret=SUCCESS |  
2019-08-23 11:31:44,298 [grpc-default-executor-1] INFO  client.GrpcClientProtocolClient (GrpcClientProtocolClient.java:onNext(255)) - client-C9E345EC67ED->244f13ac-34be-4c4e-8e45-0c0272edbbb2: receive RaftClientReply:client-C9E345EC67ED->244f13ac-34be-4c4e-8e45-0c0272edbbb2@group-FE77C852EF02, cid=2582, SUCCESS, logIndex=3824, commits[244f13ac-34be-4c4e-8e45-0c0272edbbb2:c3826, 6287e41a-5356-4f55-84f2-270816d53e84:c3822, a2c18d3d-e79d-47c9-88fe-d8a1d195302b:c3822]
2019-08-23 11:31:44,298 | INFO  | DNAudit | user=null | ip=null | op=PUT_BLOCK {blockData=[blockId=conID: 1 locID: 102666069886501466 bcsId: 0,size=2097152]} | ret=SUCCESS |  
2019-08-23 11:31:44,298 [grpc-default-executor-1] INFO  client.GrpcClientProtocolClient (GrpcClientProtocolClient.java:onNext(255)) - client-C9E345EC67ED->244f13ac-34be-4c4e-8e45-0c0272edbbb2: receive RaftClientReply:client-C9E345EC67ED->244f13ac-34be-4c4e-8e45-0c0272edbbb2@group-FE77C852EF02, cid=2583, SUCCESS, logIndex=3825, commits[244f13ac-34be-4c4e-8e45-0c0272edbbb2:c3826, 6287e41a-5356-4f55-84f2-270816d53e84:c3822, a2c18d3d-e79d-47c9-88fe-d8a1d195302b:c3822]
2019-08-23 11:31:44,389 [grpc-default-executor-1] INFO  client.GrpcClientProtocolClient (GrpcClientProtocolClient.java:onNext(255)) - client-C9E345EC67ED->244f13ac-34be-4c4e-8e45-0c0272edbbb2: receive RaftClientReply:client-C9E345EC67ED->244f13ac-34be-4c4e-8e45-0c0272edbbb2@group-FE77C852EF02, cid=2584, SUCCESS, logIndex=3826, commits[244f13ac-34be-4c4e-8e45-0c0272edbbb2:c3826, 6287e41a-5356-4f55-84f2-270816d53e84:c3822, a2c18d3d-e79d-47c9-88fe-d8a1d195302b:c3822]
2019-08-23 11:31:44,389 | INFO  | DNAudit | user=null | ip=null | op=WRITE_CHUNK {blockData=conID: 1 locID: 102666069886501466 bcsId: 0} | ret=SUCCESS |  
2019-08-23 11:31:44,400 | INFO  | DNAudit | user=null | ip=null | op=PUT_BLOCK {blockData=[blockId=conID: 1 locID: 102666069886501466 bcsId: 0,size=1048576]} | ret=SUCCESS |  
2019-08-23 11:31:44,400 | INFO  | DNAudit | user=null | ip=null | op=WRITE_CHUNK {blockData=conID: 1 locID: 102666069886501466 bcsId: 0} | ret=SUCCESS |  
2019-08-23 11:31:44,401 | INFO  | DNAudit | user=null | ip=null | op=WRITE_CHUNK {blockData=conID: 1 locID: 102666069886501466 bcsId: 0} | ret=SUCCESS |  
2019-08-23 11:31:44,401 | INFO  | DNAudit | user=null | ip=null | op=PUT_BLOCK {blockData=[blockId=conID: 1 locID: 102666069886501466 bcsId: 0,size=1048576]} | ret=SUCCESS |  
2019-08-23 11:31:44,401 | INFO  | DNAudit | user=null | ip=null | op=PUT_BLOCK {blockData=[blockId=conID: 1 locID: 102666069886501466 bcsId: 0,size=2097152]} | ret=SUCCESS |  
2019-08-23 11:31:44,401 | INFO  | DNAudit | user=null | ip=null | op=WRITE_CHUNK {blockData=conID: 1 locID: 102666069886501466 bcsId: 0} | ret=SUCCESS |  
2019-08-23 11:31:44,401 [grpc-default-executor-1] INFO  client.GrpcClientProtocolClient (GrpcClientProtocolClient.java:onNext(255)) - client-C9E345EC67ED->244f13ac-34be-4c4e-8e45-0c0272edbbb2: receive RaftClientReply:client-C9E345EC67ED->244f13ac-34be-4c4e-8e45-0c0272edbbb2@group-FE77C852EF02, cid=2585, SUCCESS, logIndex=0, commits[244f13ac-34be-4c4e-8e45-0c0272edbbb2:c3827, 6287e41a-5356-4f55-84f2-270816d53e84:c3824, a2c18d3d-e79d-47c9-88fe-d8a1d195302b:c3824]
2019-08-23 11:31:44,401 | INFO  | DNAudit | user=null | ip=null | op=PUT_BLOCK {blockData=[blockId=conID: 1 locID: 102666069886501466 bcsId: 0,size=2097152]} | ret=SUCCESS |  
2019-08-23 11:31:44,407 | INFO  | DNAudit | user=null | ip=null | op=WRITE_CHUNK {blockData=conID: 1 locID: 102666069886501466 bcsId: 3826} | ret=SUCCESS |  
2019-08-23 11:31:44,409 | INFO  | DNAudit | user=null | ip=null | op=WRITE_CHUNK {blockData=conID: 1 locID: 102666069886501466 bcsId: 3826} | ret=SUCCESS |  
2019-08-23 11:31:44,409 | INFO  | DNAudit | user=null | ip=null | op=WRITE_CHUNK {blockData=conID: 1 locID: 102666069886501466 bcsId: 3826} | ret=SUCCESS |  
2019-08-23 11:31:44,419 | INFO  | DNAudit | user=null | ip=null | op=WRITE_CHUNK {blockData=conID: 1 locID: 102666069886501466 bcsId: 3826} | ret=SUCCESS |  
2019-08-23 11:31:44,419 | INFO  | DNAudit | user=null | ip=null | op=PUT_BLOCK {blockData=[blockId=conID: 1 locID: 102666069886501466 bcsId: 0,size=3145728]} | ret=SUCCESS |  
2019-08-23 11:31:44,420 [grpc-default-executor-4] INFO  client.GrpcClientProtocolClient (GrpcClientProtocolClient.java:onNext(255)) - client-C9E345EC67ED->244f13ac-34be-4c4e-8e45-0c0272edbbb2: receive RaftClientReply:client-C9E345EC67ED->244f13ac-34be-4c4e-8e45-0c0272edbbb2@group-FE77C852EF02, cid=2586, SUCCESS, logIndex=3831, commits[244f13ac-34be-4c4e-8e45-0c0272edbbb2:c3832, 6287e41a-5356-4f55-84f2-270816d53e84:c3830, a2c18d3d-e79d-47c9-88fe-d8a1d195302b:c3830]
2019-08-23 11:31:44,420 [grpc-default-executor-4] INFO  client.GrpcClientProtocolClient (GrpcClientProtocolClient.java:onNext(255)) - client-C9E345EC67ED->244f13ac-34be-4c4e-8e45-0c0272edbbb2: receive RaftClientReply:client-C9E345EC67ED->244f13ac-34be-4c4e-8e45-0c0272edbbb2@group-FE77C852EF02, cid=2587, SUCCESS, logIndex=3832, commits[244f13ac-34be-4c4e-8e45-0c0272edbbb2:c3832, 6287e41a-5356-4f55-84f2-270816d53e84:c3830, a2c18d3d-e79d-47c9-88fe-d8a1d195302b:c3830]
2019-08-23 11:31:44,426 | INFO  | DNAudit | user=null | ip=null | op=WRITE_CHUNK {blockData=conID: 1 locID: 102666069886501466 bcsId: 3832} | ret=SUCCESS |  
2019-08-23 11:31:44,428 | INFO  | DNAudit | user=null | ip=null | op=WRITE_CHUNK {blockData=conID: 1 locID: 102666069886501466 bcsId: 3832} | ret=SUCCESS |  
2019-08-23 11:31:44,429 | INFO  | DNAudit | user=null | ip=null | op=WRITE_CHUNK {blockData=conID: 1 locID: 102666069886501466 bcsId: 3832} | ret=SUCCESS |  
2019-08-23 11:31:44,430 | INFO  | DNAudit | user=null | ip=null | op=WRITE_CHUNK {blockData=conID: 1 locID: 102666069886501466 bcsId: 3826} | ret=SUCCESS |  
2019-08-23 11:31:44,431 | INFO  | DNAudit | user=null | ip=null | op=WRITE_CHUNK {blockData=conID: 1 locID: 102666069886501466 bcsId: 3826} | ret=SUCCESS |  
2019-08-23 11:31:44,433 | INFO  | DNAudit | user=null | ip=null | op=PUT_BLOCK {blockData=[blockId=conID: 1 locID: 102666069886501466 bcsId: 0,size=3145728]} | ret=SUCCESS |  
2019-08-23 11:31:44,434 | INFO  | DNAudit | user=null | ip=null | op=PUT_BLOCK {blockData=[blockId=conID: 1 locID: 102666069886501466 bcsId: 0,size=3145728]} | ret=SUCCESS |  
2019-08-23 11:31:44,434 | INFO  | DNAudit | user=null | ip=null | op=WRITE_CHUNK {blockData=conID: 1 locID: 102666069886501466 bcsId: 3832} | ret=SUCCESS |  
2019-08-23 11:31:44,434 | INFO  | DNAudit | user=null | ip=null | op=PUT_BLOCK {blockData=[blockId=conID: 1 locID: 102666069886501466 bcsId: 0,size=4194304]} | ret=SUCCESS |  
2019-08-23 11:31:44,434 [grpc-default-executor-1] INFO  client.GrpcClientProtocolClient (GrpcClientProtocolClient.java:onNext(255)) - client-C9E345EC67ED->244f13ac-34be-4c4e-8e45-0c0272edbbb2: receive RaftClientReply:client-C9E345EC67ED->244f13ac-34be-4c4e-8e45-0c0272edbbb2@group-FE77C852EF02, cid=2588, SUCCESS, logIndex=3835, commits[244f13ac-34be-4c4e-8e45-0c0272edbbb2:c3836, 6287e41a-5356-4f55-84f2-270816d53e84:c3832, a2c18d3d-e79d-47c9-88fe-d8a1d195302b:c3832]
2019-08-23 11:31:44,434 [grpc-default-executor-1] INFO  client.GrpcClientProtocolClient (GrpcClientProtocolClient.java:onNext(255)) - client-C9E345EC67ED->244f13ac-34be-4c4e-8e45-0c0272edbbb2: receive RaftClientReply:client-C9E345EC67ED->244f13ac-34be-4c4e-8e45-0c0272edbbb2@group-FE77C852EF02, cid=2589, SUCCESS, logIndex=3836, commits[244f13ac-34be-4c4e-8e45-0c0272edbbb2:c3836, 6287e41a-5356-4f55-84f2-270816d53e84:c3832, a2c18d3d-e79d-47c9-88fe-d8a1d195302b:c3832]
2019-08-23 11:31:44,445 | INFO  | DNAudit | user=null | ip=null | op=WRITE_CHUNK {blockData=conID: 1 locID: 102666069886501466 bcsId: 3832} | ret=SUCCESS |  
2019-08-23 11:31:44,445 | INFO  | DNAudit | user=null | ip=null | op=WRITE_CHUNK {blockData=conID: 1 locID: 102666069886501466 bcsId: 3832} | ret=SUCCESS |  
2019-08-23 11:31:44,448 | INFO  | DNAudit | user=null | ip=null | op=PUT_BLOCK {blockData=[blockId=conID: 1 locID: 102666069886501466 bcsId: 0,size=4194304]} | ret=SUCCESS |  
2019-08-23 11:31:44,448 | INFO  | DNAudit | user=null | ip=null | op=PUT_BLOCK {blockData=[blockId=conID: 1 locID: 102666069886501466 bcsId: 0,size=4194304]} | ret=SUCCESS |  
2019-08-23 11:31:44,449 [grpc-default-executor-1] INFO  client.GrpcClientProtocolClient (GrpcClientProtocolClient.java:onNext(255)) - client-C9E345EC67ED->244f13ac-34be-4c4e-8e45-0c0272edbbb2: receive RaftClientReply:client-C9E345EC67ED->244f13ac-34be-4c4e-8e45-0c0272edbbb2@group-FE77C852EF02, cid=2590, SUCCESS, logIndex=0, commits[244f13ac-34be-4c4e-8e45-0c0272edbbb2:c3838, 6287e41a-5356-4f55-84f2-270816d53e84:c3836, a2c18d3d-e79d-47c9-88fe-d8a1d195302b:c3836]
2019-08-23 11:31:44,454 | INFO  | SCMAudit | user=jenkins1000 | ip=192.168.5.185 | op=ALLOCATE_BLOCK {owner=00a23185-76ea-47b5-a641-ad3cfbe5521a, size=4194304, type=RATIS, factor=THREE} | ret=SUCCESS |  
2019-08-23 11:31:44,457 | INFO  | OMAudit | user=jenkins1000 | ip=127.0.0.1 | op=ALLOCATE_BLOCK {volume=vol-0-37508, bucket=bucket-0-50919, key=key-0-57313, dataSize=0, replicationType=null, replicationFactor=null, keyLocationInfo=null, clientID=102666068570931602} | ret=SUCCESS |  
2019-08-23 11:31:44,463 | INFO  | DNAudit | user=null | ip=null | op=WRITE_CHUNK {blockData=conID: 2 locID: 102666069898297947 bcsId: 0} | ret=SUCCESS |  
2019-08-23 11:31:44,466 | INFO  | DNAudit | user=null | ip=null | op=WRITE_CHUNK {blockData=conID: 2 locID: 102666069898297947 bcsId: 0} | ret=SUCCESS |  
2019-08-23 11:31:44,466 | INFO  | DNAudit | user=null | ip=null | op=WRITE_CHUNK {blockData=conID: 2 locID: 102666069898297947 bcsId: 0} | ret=SUCCESS |  
2019-08-23 11:31:44,466 | INFO  | DNAudit | user=null | ip=null | op=WRITE_CHUNK {blockData=conID: 2 locID: 102666069898297947 bcsId: 0} | ret=SUCCESS |  
2019-08-23 11:31:44,468 | INFO  | DNAudit | user=null | ip=null | op=WRITE_CHUNK {blockData=conID: 2 locID: 102666069898297947 bcsId: 0} | ret=SUCCESS |  
2019-08-23 11:31:44,468 | INFO  | DNAudit | user=null | ip=null | op=WRITE_CHUNK {blockData=conID: 2 locID: 102666069898297947 bcsId: 0} | ret=SUCCESS |  
2019-08-23 11:31:44,475 | INFO  | DNAudit | user=null | ip=null | op=WRITE_CHUNK {blockData=conID: 2 locID: 102666069898297947 bcsId: 0} | ret=SUCCESS |  
2019-08-23 11:31:44,476 | INFO  | DNAudit | user=null | ip=null | op=PUT_BLOCK {blockData=[blockId=conID: 2 locID: 102666069898297947 bcsId: 0,size=1048576]} | ret=SUCCESS |  
2019-08-23 11:31:44,476 [grpc-default-executor-0] INFO  client.GrpcClientProtocolClient (GrpcClientProtocolClient.java:onNext(255)) - client-C9E345EC67ED->244f13ac-34be-4c4e-8e45-0c0272edbbb2: receive RaftClientReply:client-C9E345EC67ED->244f13ac-34be-4c4e-8e45-0c0272edbbb2@group-FE77C852EF02, cid=2591, SUCCESS, logIndex=3839, commits[244f13ac-34be-4c4e-8e45-0c0272edbbb2:c3840, 6287e41a-5356-4f55-84f2-270816d53e84:c3838, a2c18d3d-e79d-47c9-88fe-d8a1d195302b:c3838]
2019-08-23 11:31:44,476 | INFO  | DNAudit | user=null | ip=null | op=WRITE_CHUNK {blockData=conID: 2 locID: 102666069898297947 bcsId: 0} | ret=SUCCESS |  
2019-08-23 11:31:44,476 [grpc-default-executor-0] INFO  client.GrpcClientProtocolClient (GrpcClientProtocolClient.java:onNext(255)) - client-C9E345EC67ED->244f13ac-34be-4c4e-8e45-0c0272edbbb2: receive RaftClientReply:client-C9E345EC67ED->244f13ac-34be-4c4e-8e45-0c0272edbbb2@group-FE77C852EF02, cid=2592, SUCCESS, logIndex=3840, commits[244f13ac-34be-4c4e-8e45-0c0272edbbb2:c3841, 6287e41a-5356-4f55-84f2-270816d53e84:c3838, a2c18d3d-e79d-47c9-88fe-d8a1d195302b:c3838]
2019-08-23 11:31:44,476 | INFO  | DNAudit | user=null | ip=null | op=PUT_BLOCK {blockData=[blockId=conID: 2 locID: 102666069898297947 bcsId: 0,size=2097152]} | ret=SUCCESS |  
2019-08-23 11:31:44,477 [grpc-default-executor-0] INFO  client.GrpcClientProtocolClient (GrpcClientProtocolClient.java:onNext(255)) - client-C9E345EC67ED->244f13ac-34be-4c4e-8e45-0c0272edbbb2: receive RaftClientReply:client-C9E345EC67ED->244f13ac-34be-4c4e-8e45-0c0272edbbb2@group-FE77C852EF02, cid=2593, SUCCESS, logIndex=3841, commits[244f13ac-34be-4c4e-8e45-0c0272edbbb2:c3842, 6287e41a-5356-4f55-84f2-270816d53e84:c3838, a2c18d3d-e79d-47c9-88fe-d8a1d195302b:c3838]
2019-08-23 11:31:44,477 | INFO  | DNAudit | user=null | ip=null | op=WRITE_CHUNK {blockData=conID: 2 locID: 102666069898297947 bcsId: 0} | ret=SUCCESS |  
2019-08-23 11:31:44,477 | INFO  | DNAudit | user=null | ip=null | op=PUT_BLOCK {blockData=[blockId=conID: 2 locID: 102666069898297947 bcsId: 0,size=1048576]} | ret=SUCCESS |  
2019-08-23 11:31:44,477 [grpc-default-executor-1] INFO  client.GrpcClientProtocolClient (GrpcClientProtocolClient.java:onNext(255)) - client-C9E345EC67ED->244f13ac-34be-4c4e-8e45-0c0272edbbb2: receive RaftClientReply:client-C9E345EC67ED->244f13ac-34be-4c4e-8e45-0c0272edbbb2@group-FE77C852EF02, cid=2594, SUCCESS, logIndex=3842, commits[244f13ac-34be-4c4e-8e45-0c0272edbbb2:c3842, 6287e41a-5356-4f55-84f2-270816d53e84:c3838, a2c18d3d-e79d-47c9-88fe-d8a1d195302b:c3838]
2019-08-23 11:31:44,477 | INFO  | DNAudit | user=null | ip=null | op=WRITE_CHUNK {blockData=conID: 2 locID: 102666069898297947 bcsId: 0} | ret=SUCCESS |  
2019-08-23 11:31:44,478 | INFO  | DNAudit | user=null | ip=null | op=PUT_BLOCK {blockData=[blockId=conID: 2 locID: 102666069898297947 bcsId: 0,size=1048576]} | ret=SUCCESS |  
2019-08-23 11:31:44,478 | INFO  | DNAudit | user=null | ip=null | op=WRITE_CHUNK {blockData=conID: 2 locID: 102666069898297947 bcsId: 0} | ret=SUCCESS |  
2019-08-23 11:31:44,478 [grpc-default-executor-0] INFO  client.GrpcClientProtocolClient (GrpcClientProtocolClient.java:onNext(255)) - client-C9E345EC67ED->244f13ac-34be-4c4e-8e45-0c0272edbbb2: receive RaftClientReply:client-C9E345EC67ED->244f13ac-34be-4c4e-8e45-0c0272edbbb2@group-FE77C852EF02, cid=2595, SUCCESS, logIndex=0, commits[244f13ac-34be-4c4e-8e45-0c0272edbbb2:c3845, 6287e41a-5356-4f55-84f2-270816d53e84:c3841, a2c18d3d-e79d-47c9-88fe-d8a1d195302b:c3840]
2019-08-23 11:31:44,479 | INFO  | DNAudit | user=null | ip=null | op=WRITE_CHUNK {blockData=conID: 2 locID: 102666069898297947 bcsId: 0} | ret=SUCCESS |  
2019-08-23 11:31:44,480 | INFO  | DNAudit | user=null | ip=null | op=PUT_BLOCK {blockData=[blockId=conID: 2 locID: 102666069898297947 bcsId: 0,size=2097152]} | ret=SUCCESS |  
2019-08-23 11:31:44,484 | INFO  | DNAudit | user=null | ip=null | op=WRITE_CHUNK {blockData=conID: 2 locID: 102666069898297947 bcsId: 3842} | ret=SUCCESS |  
2019-08-23 11:31:44,485 | INFO  | DNAudit | user=null | ip=null | op=WRITE_CHUNK {blockData=conID: 2 locID: 102666069898297947 bcsId: 3842} | ret=SUCCESS |  
2019-08-23 11:31:44,485 | INFO  | DNAudit | user=null | ip=null | op=WRITE_CHUNK {blockData=conID: 2 locID: 102666069898297947 bcsId: 3842} | ret=SUCCESS |  
2019-08-23 11:31:44,490 | INFO  | DNAudit | user=null | ip=null | op=PUT_BLOCK {blockData=[blockId=conID: 2 locID: 102666069898297947 bcsId: 0,size=2097152]} | ret=SUCCESS |  
2019-08-23 11:31:44,491 | INFO  | DNAudit | user=null | ip=null | op=WRITE_CHUNK {blockData=conID: 2 locID: 102666069898297947 bcsId: 3842} | ret=SUCCESS |  
2019-08-23 11:31:44,491 | INFO  | DNAudit | user=null | ip=null | op=PUT_BLOCK {blockData=[blockId=conID: 2 locID: 102666069898297947 bcsId: 0,size=3145728]} | ret=SUCCESS |  
2019-08-23 11:31:44,492 [grpc-default-executor-4] INFO  client.GrpcClientProtocolClient (GrpcClientProtocolClient.java:onNext(255)) - client-C9E345EC67ED->244f13ac-34be-4c4e-8e45-0c0272edbbb2: receive RaftClientReply:client-C9E345EC67ED->244f13ac-34be-4c4e-8e45-0c0272edbbb2@group-FE77C852EF02, cid=2596, SUCCESS, logIndex=3847, commits[244f13ac-34be-4c4e-8e45-0c0272edbbb2:c3848, 6287e41a-5356-4f55-84f2-270816d53e84:c3842, a2c18d3d-e79d-47c9-88fe-d8a1d195302b:c3846]
2019-08-23 11:31:44,492 [grpc-default-executor-4] INFO  client.GrpcClientProtocolClient (GrpcClientProtocolClient.java:onNext(255)) - client-C9E345EC67ED->244f13ac-34be-4c4e-8e45-0c0272edbbb2: receive RaftClientReply:client-C9E345EC67ED->244f13ac-34be-4c4e-8e45-0c0272edbbb2@group-FE77C852EF02, cid=2597, SUCCESS, logIndex=3848, commits[244f13ac-34be-4c4e-8e45-0c0272edbbb2:c3848, 6287e41a-5356-4f55-84f2-270816d53e84:c3846, a2c18d3d-e79d-47c9-88fe-d8a1d195302b:c3846]
2019-08-23 11:31:44,494 | INFO  | DNAudit | user=null | ip=null | op=WRITE_CHUNK {blockData=conID: 2 locID: 102666069898297947 bcsId: 3842} | ret=SUCCESS |  
2019-08-23 11:31:44,494 | INFO  | DNAudit | user=null | ip=null | op=WRITE_CHUNK {blockData=conID: 2 locID: 102666069898297947 bcsId: 3842} | ret=SUCCESS |  
2019-08-23 11:31:44,494 | INFO  | DNAudit | user=null | ip=null | op=PUT_BLOCK {blockData=[blockId=conID: 2 locID: 102666069898297947 bcsId: 0,size=3145728]} | ret=SUCCESS |  
2019-08-23 11:31:44,498 | INFO  | DNAudit | user=null | ip=null | op=WRITE_CHUNK {blockData=conID: 2 locID: 102666069898297947 bcsId: 3848} | ret=SUCCESS |  
2019-08-23 11:31:44,499 | INFO  | DNAudit | user=null | ip=null | op=WRITE_CHUNK {blockData=conID: 2 locID: 102666069898297947 bcsId: 3848} | ret=SUCCESS |  
2019-08-23 11:31:44,499 | INFO  | DNAudit | user=null | ip=null | op=WRITE_CHUNK {blockData=conID: 2 locID: 102666069898297947 bcsId: 3848} | ret=SUCCESS |  
2019-08-23 11:31:44,506 | INFO  | DNAudit | user=null | ip=null | op=PUT_BLOCK {blockData=[blockId=conID: 2 locID: 102666069898297947 bcsId: 0,size=3145728]} | ret=SUCCESS |  
2019-08-23 11:31:44,506 | INFO  | DNAudit | user=null | ip=null | op=WRITE_CHUNK {blockData=conID: 2 locID: 102666069898297947 bcsId: 3848} | ret=SUCCESS |  
2019-08-23 11:31:44,507 | INFO  | DNAudit | user=null | ip=null | op=PUT_BLOCK {blockData=[blockId=conID: 2 locID: 102666069898297947 bcsId: 0,size=4194304]} | ret=SUCCESS |  
2019-08-23 11:31:44,507 [grpc-default-executor-4] INFO  client.GrpcClientProtocolClient (GrpcClientProtocolClient.java:onNext(255)) - client-C9E345EC67ED->244f13ac-34be-4c4e-8e45-0c0272edbbb2: receive RaftClientReply:client-C9E345EC67ED->244f13ac-34be-4c4e-8e45-0c0272edbbb2@group-FE77C852EF02, cid=2598, SUCCESS, logIndex=3851, commits[244f13ac-34be-4c4e-8e45-0c0272edbbb2:c3852, 6287e41a-5356-4f55-84f2-270816d53e84:c3849, a2c18d3d-e79d-47c9-88fe-d8a1d195302b:c3848]
2019-08-23 11:31:44,507 [grpc-default-executor-4] INFO  client.GrpcClientProtocolClient (GrpcClientProtocolClient.java:onNext(255)) - client-C9E345EC67ED->244f13ac-34be-4c4e-8e45-0c0272edbbb2: receive RaftClientReply:client-C9E345EC67ED->244f13ac-34be-4c4e-8e45-0c0272edbbb2@group-FE77C852EF02, cid=2599, SUCCESS, logIndex=3852, commits[244f13ac-34be-4c4e-8e45-0c0272edbbb2:c3852, 6287e41a-5356-4f55-84f2-270816d53e84:c3849, a2c18d3d-e79d-47c9-88fe-d8a1d195302b:c3848]
2019-08-23 11:31:44,509 | INFO  | DNAudit | user=null | ip=null | op=WRITE_CHUNK {blockData=conID: 2 locID: 102666069898297947 bcsId: 3848} | ret=SUCCESS |  
2019-08-23 11:31:44,509 | INFO  | DNAudit | user=null | ip=null | op=PUT_BLOCK {blockData=[blockId=conID: 2 locID: 102666069898297947 bcsId: 0,size=4194304]} | ret=SUCCESS |  
2019-08-23 11:31:44,520 | INFO  | DNAudit | user=null | ip=null | op=WRITE_CHUNK {blockData=conID: 2 locID: 102666069898297947 bcsId: 3848} | ret=SUCCESS |  
2019-08-23 11:31:44,520 | INFO  | DNAudit | user=null | ip=null | op=PUT_BLOCK {blockData=[blockId=conID: 2 locID: 102666069898297947 bcsId: 0,size=4194304]} | ret=SUCCESS |  
2019-08-23 11:31:44,520 [grpc-default-executor-4] INFO  client.GrpcClientProtocolClient (GrpcClientProtocolClient.java:onNext(255)) - client-C9E345EC67ED->244f13ac-34be-4c4e-8e45-0c0272edbbb2: receive RaftClientReply:client-C9E345EC67ED->244f13ac-34be-4c4e-8e45-0c0272edbbb2@group-FE77C852EF02, cid=2600, SUCCESS, logIndex=0, commits[244f13ac-34be-4c4e-8e45-0c0272edbbb2:c3853, 6287e41a-5356-4f55-84f2-270816d53e84:c3852, a2c18d3d-e79d-47c9-88fe-d8a1d195302b:c3852]
2019-08-23 11:31:44,525 | INFO  | SCMAudit | user=jenkins1000 | ip=192.168.5.185 | op=ALLOCATE_BLOCK {owner=00a23185-76ea-47b5-a641-ad3cfbe5521a, size=4194304, type=RATIS, factor=THREE} | ret=SUCCESS |  
2019-08-23 11:31:44,529 | INFO  | OMAudit | user=jenkins1000 | ip=127.0.0.1 | op=ALLOCATE_BLOCK {volume=vol-0-37508, bucket=bucket-0-50919, key=key-0-57313, dataSize=0, replicationType=null, replicationFactor=null, keyLocationInfo=null, clientID=102666068570931602} | ret=SUCCESS |  
2019-08-23 11:31:44,534 | INFO  | DNAudit | user=null | ip=null | op=WRITE_CHUNK {blockData=conID: 3 locID: 102666069902951004 bcsId: 0} | ret=SUCCESS |  
2019-08-23 11:31:44,536 | INFO  | DNAudit | user=null | ip=null | op=WRITE_CHUNK {blockData=conID: 3 locID: 102666069902951004 bcsId: 0} | ret=SUCCESS |  
2019-08-23 11:31:44,536 | INFO  | DNAudit | user=null | ip=null | op=WRITE_CHUNK {blockData=conID: 3 locID: 102666069902951004 bcsId: 0} | ret=SUCCESS |  
2019-08-23 11:31:44,537 | INFO  | DNAudit | user=null | ip=null | op=WRITE_CHUNK {blockData=conID: 3 locID: 102666069902951004 bcsId: 0} | ret=SUCCESS |  
2019-08-23 11:31:44,538 | INFO  | DNAudit | user=null | ip=null | op=WRITE_CHUNK {blockData=conID: 3 locID: 102666069902951004 bcsId: 0} | ret=SUCCESS |  
2019-08-23 11:31:44,538 | INFO  | DNAudit | user=null | ip=null | op=WRITE_CHUNK {blockData=conID: 3 locID: 102666069902951004 bcsId: 0} | ret=SUCCESS |  
2019-08-23 11:31:44,548 | INFO  | DNAudit | user=null | ip=null | op=WRITE_CHUNK {blockData=conID: 3 locID: 102666069902951004 bcsId: 0} | ret=SUCCESS |  
2019-08-23 11:31:44,548 | INFO  | DNAudit | user=null | ip=null | op=PUT_BLOCK {blockData=[blockId=conID: 3 locID: 102666069902951004 bcsId: 0,size=1048576]} | ret=SUCCESS |  
2019-08-23 11:31:44,549 [grpc-default-executor-0] INFO  client.GrpcClientProtocolClient (GrpcClientProtocolClient.java:onNext(255)) - client-C9E345EC67ED->244f13ac-34be-4c4e-8e45-0c0272edbbb2: receive RaftClientReply:client-C9E345EC67ED->244f13ac-34be-4c4e-8e45-0c0272edbbb2@group-FE77C852EF02, cid=2601, SUCCESS, logIndex=3855, commits[244f13ac-34be-4c4e-8e45-0c0272edbbb2:c3856, 6287e41a-5356-4f55-84f2-270816d53e84:c3854, a2c18d3d-e79d-47c9-88fe-d8a1d195302b:c3854]
2019-08-23 11:31:44,549 [grpc-default-executor-0] INFO  client.GrpcClientProtocolClient (GrpcClientProtocolClient.java:onNext(255)) - client-C9E345EC67ED->244f13ac-34be-4c4e-8e45-0c0272edbbb2: receive RaftClientReply:client-C9E345EC67ED->244f13ac-34be-4c4e-8e45-0c0272edbbb2@group-FE77C852EF02, cid=2602, SUCCESS, logIndex=3856, commits[244f13ac-34be-4c4e-8e45-0c0272edbbb2:c3856, 6287e41a-5356-4f55-84f2-270816d53e84:c3854, a2c18d3d-e79d-47c9-88fe-d8a1d195302b:c3854]
2019-08-23 11:31:44,561 | INFO  | DNAudit | user=null | ip=null | op=WRITE_CHUNK {blockData=conID: 3 locID: 102666069902951004 bcsId: 0} | ret=SUCCESS |  
2019-08-23 11:31:44,561 | INFO  | DNAudit | user=null | ip=null | op=PUT_BLOCK {blockData=[blockId=conID: 3 locID: 102666069902951004 bcsId: 0,size=2097152]} | ret=SUCCESS |  
2019-08-23 11:31:44,561 [grpc-default-executor-4] INFO  client.GrpcClientProtocolClient (GrpcClientProtocolClient.java:onNext(255)) - client-C9E345EC67ED->244f13ac-34be-4c4e-8e45-0c0272edbbb2: receive RaftClientReply:client-C9E345EC67ED->244f13ac-34be-4c4e-8e45-0c0272edbbb2@group-FE77C852EF02, cid=2603, SUCCESS, logIndex=3857, commits[244f13ac-34be-4c4e-8e45-0c0272edbbb2:c3858, 6287e41a-5356-4f55-84f2-270816d53e84:c3854, a2c18d3d-e79d-47c9-88fe-d8a1d195302b:c3854]
2019-08-23 11:31:44,562 [grpc-default-executor-4] INFO  client.GrpcClientProtocolClient (GrpcClientProtocolClient.java:onNext(255)) - client-C9E345EC67ED->244f13ac-34be-4c4e-8e45-0c0272edbbb2: receive RaftClientReply:client-C9E345EC67ED->244f13ac-34be-4c4e-8e45-0c0272edbbb2@group-FE77C852EF02, cid=2604, SUCCESS, logIndex=3858, commits[244f13ac-34be-4c4e-8e45-0c0272edbbb2:c3858, 6287e41a-5356-4f55-84f2-270816d53e84:c3854, a2c18d3d-e79d-47c9-88fe-d8a1d195302b:c3854]
2019-08-23 11:31:44,562 | INFO  | DNAudit | user=null | ip=null | op=WRITE_CHUNK {blockData=conID: 3 locID: 102666069902951004 bcsId: 0} | ret=SUCCESS |  
2019-08-23 11:31:44,562 | INFO  | DNAudit | user=null | ip=null | op=PUT_BLOCK {blockData=[blockId=conID: 3 locID: 102666069902951004 bcsId: 0,size=1048576]} | ret=SUCCESS |  
2019-08-23 11:31:44,563 | INFO  | DNAudit | user=null | ip=null | op=WRITE_CHUNK {blockData=conID: 3 locID: 102666069902951004 bcsId: 0} | ret=SUCCESS |  
2019-08-23 11:31:44,563 | INFO  | DNAudit | user=null | ip=null | op=PUT_BLOCK {blockData=[blockId=conID: 3 locID: 102666069902951004 bcsId: 0,size=1048576]} | ret=SUCCESS |  
2019-08-23 11:31:44,563 [grpc-default-executor-4] INFO  client.GrpcClientProtocolClient (GrpcClientProtocolClient.java:onNext(255)) - client-C9E345EC67ED->244f13ac-34be-4c4e-8e45-0c0272edbbb2: receive RaftClientReply:client-C9E345EC67ED->244f13ac-34be-4c4e-8e45-0c0272edbbb2@group-FE77C852EF02, cid=2605, SUCCESS, logIndex=0, commits[244f13ac-34be-4c4e-8e45-0c0272edbbb2:c3859, 6287e41a-5356-4f55-84f2-270816d53e84:c3856, a2c18d3d-e79d-47c9-88fe-d8a1d195302b:c3856]
2019-08-23 11:31:44,563 | INFO  | DNAudit | user=null | ip=null | op=WRITE_CHUNK {blockData=conID: 3 locID: 102666069902951004 bcsId: 0} | ret=SUCCESS |  
2019-08-23 11:31:44,563 | INFO  | DNAudit | user=null | ip=null | op=PUT_BLOCK {blockData=[blockId=conID: 3 locID: 102666069902951004 bcsId: 0,size=2097152]} | ret=SUCCESS |  
2019-08-23 11:31:44,564 | INFO  | DNAudit | user=null | ip=null | op=WRITE_CHUNK {blockData=conID: 3 locID: 102666069902951004 bcsId: 0} | ret=SUCCESS |  
2019-08-23 11:31:44,564 | INFO  | DNAudit | user=null | ip=null | op=PUT_BLOCK {blockData=[blockId=conID: 3 locID: 102666069902951004 bcsId: 0,size=2097152]} | ret=SUCCESS |  
2019-08-23 11:31:44,568 | INFO  | DNAudit | user=null | ip=null | op=WRITE_CHUNK {blockData=conID: 3 locID: 102666069902951004 bcsId: 3858} | ret=SUCCESS |  
2019-08-23 11:31:44,569 | INFO  | DNAudit | user=null | ip=null | op=WRITE_CHUNK {blockData=conID: 3 locID: 102666069902951004 bcsId: 3858} | ret=SUCCESS |  
2019-08-23 11:31:44,570 | INFO  | DNAudit | user=null | ip=null | op=WRITE_CHUNK {blockData=conID: 3 locID: 102666069902951004 bcsId: 3858} | ret=SUCCESS |  
2019-08-23 11:31:44,584 | INFO  | DNAudit | user=null | ip=null | op=WRITE_CHUNK {blockData=conID: 3 locID: 102666069902951004 bcsId: 3858} | ret=SUCCESS |  
2019-08-23 11:31:44,585 | INFO  | DNAudit | user=null | ip=null | op=PUT_BLOCK {blockData=[blockId=conID: 3 locID: 102666069902951004 bcsId: 0,size=3145728]} | ret=SUCCESS |  
2019-08-23 11:31:44,585 [grpc-default-executor-1] INFO  client.GrpcClientProtocolClient (GrpcClientProtocolClient.java:onNext(255)) - client-C9E345EC67ED->244f13ac-34be-4c4e-8e45-0c0272edbbb2: receive RaftClientReply:client-C9E345EC67ED->244f13ac-34be-4c4e-8e45-0c0272edbbb2@group-FE77C852EF02, cid=2606, SUCCESS, logIndex=3863, commits[244f13ac-34be-4c4e-8e45-0c0272edbbb2:c3864, 6287e41a-5356-4f55-84f2-270816d53e84:c3862, a2c18d3d-e79d-47c9-88fe-d8a1d195302b:c3862]
2019-08-23 11:31:44,585 [grpc-default-executor-1] INFO  client.GrpcClientProtocolClient (GrpcClientProtocolClient.java:onNext(255)) - client-C9E345EC67ED->244f13ac-34be-4c4e-8e45-0c0272edbbb2: receive RaftClientReply:client-C9E345EC67ED->244f13ac-34be-4c4e-8e45-0c0272edbbb2@group-FE77C852EF02, cid=2607, SUCCESS, logIndex=3864, commits[244f13ac-34be-4c4e-8e45-0c0272edbbb2:c3864, 6287e41a-5356-4f55-84f2-270816d53e84:c3862, a2c18d3d-e79d-47c9-88fe-d8a1d195302b:c3862]
2019-08-23 11:31:44,590 | INFO  | DNAudit | user=null | ip=null | op=WRITE_CHUNK {blockData=conID: 3 locID: 102666069902951004 bcsId: 3864} | ret=SUCCESS |  
2019-08-23 11:31:44,592 | INFO  | DNAudit | user=null | ip=null | op=WRITE_CHUNK {blockData=conID: 3 locID: 102666069902951004 bcsId: 3864} | ret=SUCCESS |  
2019-08-23 11:31:44,592 | INFO  | DNAudit | user=null | ip=null | op=WRITE_CHUNK {blockData=conID: 3 locID: 102666069902951004 bcsId: 3864} | ret=SUCCESS |  
2019-08-23 11:31:44,598 | INFO  | DNAudit | user=null | ip=null | op=WRITE_CHUNK {blockData=conID: 3 locID: 102666069902951004 bcsId: 3858} | ret=SUCCESS |  
2019-08-23 11:31:44,598 | INFO  | DNAudit | user=null | ip=null | op=WRITE_CHUNK {blockData=conID: 3 locID: 102666069902951004 bcsId: 3858} | ret=SUCCESS |  
2019-08-23 11:31:44,599 | INFO  | DNAudit | user=null | ip=null | op=PUT_BLOCK {blockData=[blockId=conID: 3 locID: 102666069902951004 bcsId: 0,size=3145728]} | ret=SUCCESS |  
2019-08-23 11:31:44,601 | INFO  | DNAudit | user=null | ip=null | op=WRITE_CHUNK {blockData=conID: 3 locID: 102666069902951004 bcsId: 3864} | ret=SUCCESS |  
2019-08-23 11:31:44,601 | INFO  | DNAudit | user=null | ip=null | op=PUT_BLOCK {blockData=[blockId=conID: 3 locID: 102666069902951004 bcsId: 0,size=3145728]} | ret=SUCCESS |  
2019-08-23 11:31:44,601 | INFO  | DNAudit | user=null | ip=null | op=PUT_BLOCK {blockData=[blockId=conID: 3 locID: 102666069902951004 bcsId: 0,size=4194304]} | ret=SUCCESS |  
2019-08-23 11:31:44,601 [grpc-default-executor-4] INFO  client.GrpcClientProtocolClient (GrpcClientProtocolClient.java:onNext(255)) - client-C9E345EC67ED->244f13ac-34be-4c4e-8e45-0c0272edbbb2: receive RaftClientReply:client-C9E345EC67ED->244f13ac-34be-4c4e-8e45-0c0272edbbb2@group-FE77C852EF02, cid=2608, SUCCESS, logIndex=3867, commits[244f13ac-34be-4c4e-8e45-0c0272edbbb2:c3868, 6287e41a-5356-4f55-84f2-270816d53e84:c3864, a2c18d3d-e79d-47c9-88fe-d8a1d195302b:c3864]
2019-08-23 11:31:44,602 [grpc-default-executor-4] INFO  client.GrpcClientProtocolClient (GrpcClientProtocolClient.java:onNext(255)) - client-C9E345EC67ED->244f13ac-34be-4c4e-8e45-0c0272edbbb2: receive RaftClientReply:client-C9E345EC67ED->244f13ac-34be-4c4e-8e45-0c0272edbbb2@group-FE77C852EF02, cid=2609, SUCCESS, logIndex=3868, commits[244f13ac-34be-4c4e-8e45-0c0272edbbb2:c3868, 6287e41a-5356-4f55-84f2-270816d53e84:c3864, a2c18d3d-e79d-47c9-88fe-d8a1d195302b:c3864]
2019-08-23 11:31:44,613 | INFO  | DNAudit | user=null | ip=null | op=WRITE_CHUNK {blockData=conID: 3 locID: 102666069902951004 bcsId: 3864} | ret=SUCCESS |  
2019-08-23 11:31:44,613 | INFO  | DNAudit | user=null | ip=null | op=WRITE_CHUNK {blockData=conID: 3 locID: 102666069902951004 bcsId: 3864} | ret=SUCCESS |  
2019-08-23 11:31:44,613 | INFO  | DNAudit | user=null | ip=null | op=PUT_BLOCK {blockData=[blockId=conID: 3 locID: 102666069902951004 bcsId: 0,size=4194304]} | ret=SUCCESS |  
2019-08-23 11:31:44,613 | INFO  | DNAudit | user=null | ip=null | op=PUT_BLOCK {blockData=[blockId=conID: 3 locID: 102666069902951004 bcsId: 0,size=4194304]} | ret=SUCCESS |  
2019-08-23 11:31:44,613 [grpc-default-executor-4] INFO  client.GrpcClientProtocolClient (GrpcClientProtocolClient.java:onNext(255)) - client-C9E345EC67ED->244f13ac-34be-4c4e-8e45-0c0272edbbb2: receive RaftClientReply:client-C9E345EC67ED->244f13ac-34be-4c4e-8e45-0c0272edbbb2@group-FE77C852EF02, cid=2610, SUCCESS, logIndex=0, commits[244f13ac-34be-4c4e-8e45-0c0272edbbb2:c3869, 6287e41a-5356-4f55-84f2-270816d53e84:c3868, a2c18d3d-e79d-47c9-88fe-d8a1d195302b:c3868]
2019-08-23 11:31:44,617 | INFO  | SCMAudit | user=jenkins1000 | ip=192.168.5.185 | op=ALLOCATE_BLOCK {owner=00a23185-76ea-47b5-a641-ad3cfbe5521a, size=4194304, type=RATIS, factor=THREE} | ret=SUCCESS |  
2019-08-23 11:31:44,620 | INFO  | OMAudit | user=jenkins1000 | ip=127.0.0.1 | op=ALLOCATE_BLOCK {volume=vol-0-37508, bucket=bucket-0-50919, key=key-0-57313, dataSize=0, replicationType=null, replicationFactor=null, keyLocationInfo=null, clientID=102666068570931602} | ret=SUCCESS |  
2019-08-23 11:31:44,626 | INFO  | DNAudit | user=null | ip=null | op=WRITE_CHUNK {blockData=conID: 1 locID: 102666069908980317 bcsId: 0} | ret=SUCCESS |  
2019-08-23 11:31:44,628 | INFO  | DNAudit | user=null | ip=null | op=WRITE_CHUNK {blockData=conID: 1 locID: 102666069908980317 bcsId: 0} | ret=SUCCESS |  
2019-08-23 11:31:44,628 | INFO  | DNAudit | user=null | ip=null | op=WRITE_CHUNK {blockData=conID: 1 locID: 102666069908980317 bcsId: 0} | ret=SUCCESS |  
2019-08-23 11:31:44,628 | INFO  | DNAudit | user=null | ip=null | op=WRITE_CHUNK {blockData=conID: 1 locID: 102666069908980317 bcsId: 0} | ret=SUCCESS |  
2019-08-23 11:31:44,629 | INFO  | DNAudit | user=null | ip=null | op=WRITE_CHUNK {blockData=conID: 1 locID: 102666069908980317 bcsId: 0} | ret=SUCCESS |  
2019-08-23 11:31:44,629 | INFO  | DNAudit | user=null | ip=null | op=WRITE_CHUNK {blockData=conID: 1 locID: 102666069908980317 bcsId: 0} | ret=SUCCESS |  
2019-08-23 11:31:44,640 | INFO  | DNAudit | user=null | ip=null | op=WRITE_CHUNK {blockData=conID: 1 locID: 102666069908980317 bcsId: 0} | ret=SUCCESS |  
2019-08-23 11:31:44,640 | INFO  | DNAudit | user=null | ip=null | op=PUT_BLOCK {blockData=[blockId=conID: 1 locID: 102666069908980317 bcsId: 0,size=1048576]} | ret=SUCCESS |  
2019-08-23 11:31:44,640 [grpc-default-executor-1] INFO  client.GrpcClientProtocolClient (GrpcClientProtocolClient.java:onNext(255)) - client-C9E345EC67ED->244f13ac-34be-4c4e-8e45-0c0272edbbb2: receive RaftClientReply:client-C9E345EC67ED->244f13ac-34be-4c4e-8e45-0c0272edbbb2@group-FE77C852EF02, cid=2611, SUCCESS, logIndex=3870, commits[244f13ac-34be-4c4e-8e45-0c0272edbbb2:c3871, 6287e41a-5356-4f55-84f2-270816d53e84:c3869, a2c18d3d-e79d-47c9-88fe-d8a1d195302b:c3869]
2019-08-23 11:31:44,640 [grpc-default-executor-1] INFO  client.GrpcClientProtocolClient (GrpcClientProtocolClient.java:onNext(255)) - client-C9E345EC67ED->244f13ac-34be-4c4e-8e45-0c0272edbbb2: receive RaftClientReply:client-C9E345EC67ED->244f13ac-34be-4c4e-8e45-0c0272edbbb2@group-FE77C852EF02, cid=2612, SUCCESS, logIndex=3871, commits[244f13ac-34be-4c4e-8e45-0c0272edbbb2:c3871, 6287e41a-5356-4f55-84f2-270816d53e84:c3869, a2c18d3d-e79d-47c9-88fe-d8a1d195302b:c3869]
2019-08-23 11:31:44,650 | INFO  | DNAudit | user=null | ip=null | op=WRITE_CHUNK {blockData=conID: 1 locID: 102666069908980317 bcsId: 0} | ret=SUCCESS |  
2019-08-23 11:31:44,650 | INFO  | DNAudit | user=null | ip=null | op=PUT_BLOCK {blockData=[blockId=conID: 1 locID: 102666069908980317 bcsId: 0,size=2097152]} | ret=SUCCESS |  
2019-08-23 11:31:44,650 [grpc-default-executor-1] INFO  client.GrpcClientProtocolClient (GrpcClientProtocolClient.java:onNext(255)) - client-C9E345EC67ED->244f13ac-34be-4c4e-8e45-0c0272edbbb2: receive RaftClientReply:client-C9E345EC67ED->244f13ac-34be-4c4e-8e45-0c0272edbbb2@group-FE77C852EF02, cid=2613, SUCCESS, logIndex=3872, commits[244f13ac-34be-4c4e-8e45-0c0272edbbb2:c3873, 6287e41a-5356-4f55-84f2-270816d53e84:c3869, a2c18d3d-e79d-47c9-88fe-d8a1d195302b:c3869]
2019-08-23 11:31:44,650 [grpc-default-executor-1] INFO  client.GrpcClientProtocolClient (GrpcClientProtocolClient.java:onNext(255)) - client-C9E345EC67ED->244f13ac-34be-4c4e-8e45-0c0272edbbb2: receive RaftClientReply:client-C9E345EC67ED->244f13ac-34be-4c4e-8e45-0c0272edbbb2@group-FE77C852EF02, cid=2614, SUCCESS, logIndex=3873, commits[244f13ac-34be-4c4e-8e45-0c0272edbbb2:c3873, 6287e41a-5356-4f55-84f2-270816d53e84:c3869, a2c18d3d-e79d-47c9-88fe-d8a1d195302b:c3869]
2019-08-23 11:31:44,652 | INFO  | DNAudit | user=null | ip=null | op=WRITE_CHUNK {blockData=conID: 1 locID: 102666069908980317 bcsId: 0} | ret=SUCCESS |  
2019-08-23 11:31:44,652 | INFO  | DNAudit | user=null | ip=null | op=WRITE_CHUNK {blockData=conID: 1 locID: 102666069908980317 bcsId: 0} | ret=SUCCESS |  
2019-08-23 11:31:44,652 | INFO  | DNAudit | user=null | ip=null | op=PUT_BLOCK {blockData=[blockId=conID: 1 locID: 102666069908980317 bcsId: 0,size=1048576]} | ret=SUCCESS |  
2019-08-23 11:31:44,652 | INFO  | DNAudit | user=null | ip=null | op=PUT_BLOCK {blockData=[blockId=conID: 1 locID: 102666069908980317 bcsId: 0,size=1048576]} | ret=SUCCESS |  
2019-08-23 11:31:44,652 [grpc-default-executor-1] INFO  client.GrpcClientProtocolClient (GrpcClientProtocolClient.java:onNext(255)) - client-C9E345EC67ED->244f13ac-34be-4c4e-8e45-0c0272edbbb2: receive RaftClientReply:client-C9E345EC67ED->244f13ac-34be-4c4e-8e45-0c0272edbbb2@group-FE77C852EF02, cid=2615, SUCCESS, logIndex=0, commits[244f13ac-34be-4c4e-8e45-0c0272edbbb2:c3873, 6287e41a-5356-4f55-84f2-270816d53e84:c3871, a2c18d3d-e79d-47c9-88fe-d8a1d195302b:c3871]
2019-08-23 11:31:44,657 | INFO  | DNAudit | user=null | ip=null | op=WRITE_CHUNK {blockData=conID: 1 locID: 102666069908980317 bcsId: 3873} | ret=SUCCESS |  
2019-08-23 11:31:44,659 | INFO  | DNAudit | user=null | ip=null | op=WRITE_CHUNK {blockData=conID: 1 locID: 102666069908980317 bcsId: 3873} | ret=SUCCESS |  
2019-08-23 11:31:44,659 | INFO  | DNAudit | user=null | ip=null | op=WRITE_CHUNK {blockData=conID: 1 locID: 102666069908980317 bcsId: 3873} | ret=SUCCESS |  
2019-08-23 11:31:44,665 | INFO  | DNAudit | user=null | ip=null | op=WRITE_CHUNK {blockData=conID: 1 locID: 102666069908980317 bcsId: 0} | ret=SUCCESS |  
2019-08-23 11:31:44,665 | INFO  | DNAudit | user=null | ip=null | op=WRITE_CHUNK {blockData=conID: 1 locID: 102666069908980317 bcsId: 3873} | ret=SUCCESS |  
2019-08-23 11:31:44,665 | INFO  | DNAudit | user=null | ip=null | op=PUT_BLOCK {blockData=[blockId=conID: 1 locID: 102666069908980317 bcsId: 0,size=2097152]} | ret=SUCCESS |  
2019-08-23 11:31:44,665 | INFO  | DNAudit | user=null | ip=null | op=WRITE_CHUNK {blockData=conID: 1 locID: 102666069908980317 bcsId: 0} | ret=SUCCESS |  
2019-08-23 11:31:44,665 | INFO  | DNAudit | user=null | ip=null | op=PUT_BLOCK {blockData=[blockId=conID: 1 locID: 102666069908980317 bcsId: 0,size=3145728]} | ret=SUCCESS |  
2019-08-23 11:31:44,665 | INFO  | DNAudit | user=null | ip=null | op=PUT_BLOCK {blockData=[blockId=conID: 1 locID: 102666069908980317 bcsId: 0,size=2097152]} | ret=SUCCESS |  
2019-08-23 11:31:44,665 [grpc-default-executor-4] INFO  client.GrpcClientProtocolClient (GrpcClientProtocolClient.java:onNext(255)) - client-C9E345EC67ED->244f13ac-34be-4c4e-8e45-0c0272edbbb2: receive RaftClientReply:client-C9E345EC67ED->244f13ac-34be-4c4e-8e45-0c0272edbbb2@group-FE77C852EF02, cid=2616, SUCCESS, logIndex=3878, commits[244f13ac-34be-4c4e-8e45-0c0272edbbb2:c3879, 6287e41a-5356-4f55-84f2-270816d53e84:c3873, a2c18d3d-e79d-47c9-88fe-d8a1d195302b:c3873]
2019-08-23 11:31:44,665 [grpc-default-executor-4] INFO  client.GrpcClientProtocolClient (GrpcClientProtocolClient.java:onNext(255)) - client-C9E345EC67ED->244f13ac-34be-4c4e-8e45-0c0272edbbb2: receive RaftClientReply:client-C9E345EC67ED->244f13ac-34be-4c4e-8e45-0c0272edbbb2@group-FE77C852EF02, cid=2617, SUCCESS, logIndex=3879, commits[244f13ac-34be-4c4e-8e45-0c0272edbbb2:c3879, 6287e41a-5356-4f55-84f2-270816d53e84:c3873, a2c18d3d-e79d-47c9-88fe-d8a1d195302b:c3873]
2019-08-23 11:31:44,666 | INFO  | DNAudit | user=null | ip=null | op=WRITE_CHUNK {blockData=conID: 1 locID: 102666069908980317 bcsId: 3873} | ret=SUCCESS |  
2019-08-23 11:31:44,667 | INFO  | DNAudit | user=null | ip=null | op=WRITE_CHUNK {blockData=conID: 1 locID: 102666069908980317 bcsId: 3873} | ret=SUCCESS |  
2019-08-23 11:31:44,667 | INFO  | DNAudit | user=null | ip=null | op=PUT_BLOCK {blockData=[blockId=conID: 1 locID: 102666069908980317 bcsId: 0,size=3145728]} | ret=SUCCESS |  
2019-08-23 11:31:44,668 | INFO  | DNAudit | user=null | ip=null | op=PUT_BLOCK {blockData=[blockId=conID: 1 locID: 102666069908980317 bcsId: 0,size=3145728]} | ret=SUCCESS |  
2019-08-23 11:31:44,670 | INFO  | DNAudit | user=null | ip=null | op=WRITE_CHUNK {blockData=conID: 1 locID: 102666069908980317 bcsId: 3879} | ret=SUCCESS |  
2019-08-23 11:31:44,672 | INFO  | DNAudit | user=null | ip=null | op=WRITE_CHUNK {blockData=conID: 1 locID: 102666069908980317 bcsId: 3879} | ret=SUCCESS |  
2019-08-23 11:31:44,672 | INFO  | DNAudit | user=null | ip=null | op=WRITE_CHUNK {blockData=conID: 1 locID: 102666069908980317 bcsId: 3879} | ret=SUCCESS |  
2019-08-23 11:31:44,684 | INFO  | DNAudit | user=null | ip=null | op=WRITE_CHUNK {blockData=conID: 1 locID: 102666069908980317 bcsId: 3879} | ret=SUCCESS |  
2019-08-23 11:31:44,684 | INFO  | DNAudit | user=null | ip=null | op=PUT_BLOCK {blockData=[blockId=conID: 1 locID: 102666069908980317 bcsId: 0,size=4194304]} | ret=SUCCESS |  
2019-08-23 11:31:44,684 [grpc-default-executor-1] INFO  client.GrpcClientProtocolClient (GrpcClientProtocolClient.java:onNext(255)) - client-C9E345EC67ED->244f13ac-34be-4c4e-8e45-0c0272edbbb2: receive RaftClientReply:client-C9E345EC67ED->244f13ac-34be-4c4e-8e45-0c0272edbbb2@group-FE77C852EF02, cid=2618, SUCCESS, logIndex=3882, commits[244f13ac-34be-4c4e-8e45-0c0272edbbb2:c3883, 6287e41a-5356-4f55-84f2-270816d53e84:c3881, a2c18d3d-e79d-47c9-88fe-d8a1d195302b:c3881]
2019-08-23 11:31:44,685 [grpc-default-executor-1] INFO  client.GrpcClientProtocolClient (GrpcClientProtocolClient.java:onNext(255)) - client-C9E345EC67ED->244f13ac-34be-4c4e-8e45-0c0272edbbb2: receive RaftClientReply:client-C9E345EC67ED->244f13ac-34be-4c4e-8e45-0c0272edbbb2@group-FE77C852EF02, cid=2619, SUCCESS, logIndex=3883, commits[244f13ac-34be-4c4e-8e45-0c0272edbbb2:c3883, 6287e41a-5356-4f55-84f2-270816d53e84:c3881, a2c18d3d-e79d-47c9-88fe-d8a1d195302b:c3881]
2019-08-23 11:31:44,696 | INFO  | DNAudit | user=null | ip=null | op=WRITE_CHUNK {blockData=conID: 1 locID: 102666069908980317 bcsId: 3879} | ret=SUCCESS |  
2019-08-23 11:31:44,696 | INFO  | DNAudit | user=null | ip=null | op=WRITE_CHUNK {blockData=conID: 1 locID: 102666069908980317 bcsId: 3879} | ret=SUCCESS |  
2019-08-23 11:31:44,698 | INFO  | DNAudit | user=null | ip=null | op=PUT_BLOCK {blockData=[blockId=conID: 1 locID: 102666069908980317 bcsId: 0,size=4194304]} | ret=SUCCESS |  
2019-08-23 11:31:44,698 | INFO  | DNAudit | user=null | ip=null | op=PUT_BLOCK {blockData=[blockId=conID: 1 locID: 102666069908980317 bcsId: 0,size=4194304]} | ret=SUCCESS |  
2019-08-23 11:31:44,699 [grpc-default-executor-0] INFO  client.GrpcClientProtocolClient (GrpcClientProtocolClient.java:onNext(255)) - client-C9E345EC67ED->244f13ac-34be-4c4e-8e45-0c0272edbbb2: receive RaftClientReply:client-C9E345EC67ED->244f13ac-34be-4c4e-8e45-0c0272edbbb2@group-FE77C852EF02, cid=2620, SUCCESS, logIndex=0, commits[244f13ac-34be-4c4e-8e45-0c0272edbbb2:c3885, 6287e41a-5356-4f55-84f2-270816d53e84:c3883, a2c18d3d-e79d-47c9-88fe-d8a1d195302b:c3883]
2019-08-23 11:31:44,702 | INFO  | SCMAudit | user=jenkins1000 | ip=192.168.5.185 | op=ALLOCATE_BLOCK {owner=00a23185-76ea-47b5-a641-ad3cfbe5521a, size=4194304, type=RATIS, factor=THREE} | ret=SUCCESS |  
2019-08-23 11:31:44,705 | INFO  | OMAudit | user=jenkins1000 | ip=127.0.0.1 | op=ALLOCATE_BLOCK {volume=vol-0-37508, bucket=bucket-0-50919, key=key-0-57313, dataSize=0, replicationType=null, replicationFactor=null, keyLocationInfo=null, clientID=102666068570931602} | ret=SUCCESS |  
2019-08-23 11:31:44,710 | INFO  | DNAudit | user=null | ip=null | op=WRITE_CHUNK {blockData=conID: 2 locID: 102666069914550878 bcsId: 0} | ret=SUCCESS |  
2019-08-23 11:31:44,712 | INFO  | DNAudit | user=null | ip=null | op=WRITE_CHUNK {blockData=conID: 2 locID: 102666069914550878 bcsId: 0} | ret=SUCCESS |  
2019-08-23 11:31:44,712 | INFO  | DNAudit | user=null | ip=null | op=WRITE_CHUNK {blockData=conID: 2 locID: 102666069914550878 bcsId: 0} | ret=SUCCESS |  
2019-08-23 11:31:44,712 | INFO  | DNAudit | user=null | ip=null | op=WRITE_CHUNK {blockData=conID: 2 locID: 102666069914550878 bcsId: 0} | ret=SUCCESS |  
2019-08-23 11:31:44,713 | INFO  | DNAudit | user=null | ip=null | op=WRITE_CHUNK {blockData=conID: 2 locID: 102666069914550878 bcsId: 0} | ret=SUCCESS |  
2019-08-23 11:31:44,714 | INFO  | DNAudit | user=null | ip=null | op=WRITE_CHUNK {blockData=conID: 2 locID: 102666069914550878 bcsId: 0} | ret=SUCCESS |  
2019-08-23 11:31:44,724 | INFO  | DNAudit | user=null | ip=null | op=WRITE_CHUNK {blockData=conID: 2 locID: 102666069914550878 bcsId: 0} | ret=SUCCESS |  
2019-08-23 11:31:44,724 | INFO  | DNAudit | user=null | ip=null | op=PUT_BLOCK {blockData=[blockId=conID: 2 locID: 102666069914550878 bcsId: 0,size=1048576]} | ret=SUCCESS |  
2019-08-23 11:31:44,724 [grpc-default-executor-1] INFO  client.GrpcClientProtocolClient (GrpcClientProtocolClient.java:onNext(255)) - client-C9E345EC67ED->244f13ac-34be-4c4e-8e45-0c0272edbbb2: receive RaftClientReply:client-C9E345EC67ED->244f13ac-34be-4c4e-8e45-0c0272edbbb2@group-FE77C852EF02, cid=2621, SUCCESS, logIndex=3886, commits[244f13ac-34be-4c4e-8e45-0c0272edbbb2:c3887, 6287e41a-5356-4f55-84f2-270816d53e84:c3885, a2c18d3d-e79d-47c9-88fe-d8a1d195302b:c3885]
2019-08-23 11:31:44,725 [grpc-default-executor-1] INFO  client.GrpcClientProtocolClient (GrpcClientProtocolClient.java:onNext(255)) - client-C9E345EC67ED->244f13ac-34be-4c4e-8e45-0c0272edbbb2: receive RaftClientReply:client-C9E345EC67ED->244f13ac-34be-4c4e-8e45-0c0272edbbb2@group-FE77C852EF02, cid=2622, SUCCESS, logIndex=3887, commits[244f13ac-34be-4c4e-8e45-0c0272edbbb2:c3887, 6287e41a-5356-4f55-84f2-270816d53e84:c3885, a2c18d3d-e79d-47c9-88fe-d8a1d195302b:c3885]
2019-08-23 11:31:44,737 | INFO  | DNAudit | user=null | ip=null | op=WRITE_CHUNK {blockData=conID: 2 locID: 102666069914550878 bcsId: 0} | ret=SUCCESS |  
2019-08-23 11:31:44,737 | INFO  | DNAudit | user=null | ip=null | op=PUT_BLOCK {blockData=[blockId=conID: 2 locID: 102666069914550878 bcsId: 0,size=2097152]} | ret=SUCCESS |  
2019-08-23 11:31:44,737 [grpc-default-executor-0] INFO  client.GrpcClientProtocolClient (GrpcClientProtocolClient.java:onNext(255)) - client-C9E345EC67ED->244f13ac-34be-4c4e-8e45-0c0272edbbb2: receive RaftClientReply:client-C9E345EC67ED->244f13ac-34be-4c4e-8e45-0c0272edbbb2@group-FE77C852EF02, cid=2623, SUCCESS, logIndex=3888, commits[244f13ac-34be-4c4e-8e45-0c0272edbbb2:c3889, 6287e41a-5356-4f55-84f2-270816d53e84:c3885, a2c18d3d-e79d-47c9-88fe-d8a1d195302b:c3885]
2019-08-23 11:31:44,738 [grpc-default-executor-0] INFO  client.GrpcClientProtocolClient (GrpcClientProtocolClient.java:onNext(255)) - client-C9E345EC67ED->244f13ac-34be-4c4e-8e45-0c0272edbbb2: receive RaftClientReply:client-C9E345EC67ED->244f13ac-34be-4c4e-8e45-0c0272edbbb2@group-FE77C852EF02, cid=2624, SUCCESS, logIndex=3889, commits[244f13ac-34be-4c4e-8e45-0c0272edbbb2:c3889, 6287e41a-5356-4f55-84f2-270816d53e84:c3885, a2c18d3d-e79d-47c9-88fe-d8a1d195302b:c3885]
2019-08-23 11:31:44,738 | INFO  | DNAudit | user=null | ip=null | op=WRITE_CHUNK {blockData=conID: 2 locID: 102666069914550878 bcsId: 0} | ret=SUCCESS |  
2019-08-23 11:31:44,738 | INFO  | DNAudit | user=null | ip=null | op=PUT_BLOCK {blockData=[blockId=conID: 2 locID: 102666069914550878 bcsId: 0,size=1048576]} | ret=SUCCESS |  
2019-08-23 11:31:44,738 | INFO  | DNAudit | user=null | ip=null | op=WRITE_CHUNK {blockData=conID: 2 locID: 102666069914550878 bcsId: 0} | ret=SUCCESS |  
2019-08-23 11:31:44,739 | INFO  | DNAudit | user=null | ip=null | op=PUT_BLOCK {blockData=[blockId=conID: 2 locID: 102666069914550878 bcsId: 0,size=1048576]} | ret=SUCCESS |  
2019-08-23 11:31:44,739 [grpc-default-executor-0] INFO  client.GrpcClientProtocolClient (GrpcClientProtocolClient.java:onNext(255)) - client-C9E345EC67ED->244f13ac-34be-4c4e-8e45-0c0272edbbb2: receive RaftClientReply:client-C9E345EC67ED->244f13ac-34be-4c4e-8e45-0c0272edbbb2@group-FE77C852EF02, cid=2625, SUCCESS, logIndex=0, commits[244f13ac-34be-4c4e-8e45-0c0272edbbb2:c3891, 6287e41a-5356-4f55-84f2-270816d53e84:c3887, a2c18d3d-e79d-47c9-88fe-d8a1d195302b:c3887]
2019-08-23 11:31:44,741 | INFO  | DNAudit | user=null | ip=null | op=WRITE_CHUNK {blockData=conID: 2 locID: 102666069914550878 bcsId: 0} | ret=SUCCESS |  
2019-08-23 11:31:44,741 | INFO  | DNAudit | user=null | ip=null | op=PUT_BLOCK {blockData=[blockId=conID: 2 locID: 102666069914550878 bcsId: 0,size=2097152]} | ret=SUCCESS |  
2019-08-23 11:31:44,741 | INFO  | DNAudit | user=null | ip=null | op=WRITE_CHUNK {blockData=conID: 2 locID: 102666069914550878 bcsId: 0} | ret=SUCCESS |  
2019-08-23 11:31:44,742 | INFO  | DNAudit | user=null | ip=null | op=PUT_BLOCK {blockData=[blockId=conID: 2 locID: 102666069914550878 bcsId: 0,size=2097152]} | ret=SUCCESS |  
2019-08-23 11:31:44,743 | INFO  | DNAudit | user=null | ip=null | op=WRITE_CHUNK {blockData=conID: 2 locID: 102666069914550878 bcsId: 3889} | ret=SUCCESS |  
2019-08-23 11:31:44,745 | INFO  | DNAudit | user=null | ip=null | op=WRITE_CHUNK {blockData=conID: 2 locID: 102666069914550878 bcsId: 3889} | ret=SUCCESS |  
2019-08-23 11:31:44,746 | INFO  | DNAudit | user=null | ip=null | op=WRITE_CHUNK {blockData=conID: 2 locID: 102666069914550878 bcsId: 3889} | ret=SUCCESS |  
2019-08-23 11:31:44,747 | INFO  | DNAudit | user=null | ip=null | op=WRITE_CHUNK {blockData=conID: 2 locID: 102666069914550878 bcsId: 3889} | ret=SUCCESS |  
2019-08-23 11:31:44,748 | INFO  | DNAudit | user=null | ip=null | op=PUT_BLOCK {blockData=[blockId=conID: 2 locID: 102666069914550878 bcsId: 0,size=3145728]} | ret=SUCCESS |  
2019-08-23 11:31:44,748 [grpc-default-executor-0] INFO  client.GrpcClientProtocolClient (GrpcClientProtocolClient.java:onNext(255)) - client-C9E345EC67ED->244f13ac-34be-4c4e-8e45-0c0272edbbb2: receive RaftClientReply:client-C9E345EC67ED->244f13ac-34be-4c4e-8e45-0c0272edbbb2@group-FE77C852EF02, cid=2626, SUCCESS, logIndex=3894, commits[244f13ac-34be-4c4e-8e45-0c0272edbbb2:c3895, 6287e41a-5356-4f55-84f2-270816d53e84:c3893, a2c18d3d-e79d-47c9-88fe-d8a1d195302b:c3889]
2019-08-23 11:31:44,748 [grpc-default-executor-0] INFO  client.GrpcClientProtocolClient (GrpcClientProtocolClient.java:onNext(255)) - client-C9E345EC67ED->244f13ac-34be-4c4e-8e45-0c0272edbbb2: receive RaftClientReply:client-C9E345EC67ED->244f13ac-34be-4c4e-8e45-0c0272edbbb2@group-FE77C852EF02, cid=2627, SUCCESS, logIndex=3895, commits[244f13ac-34be-4c4e-8e45-0c0272edbbb2:c3895, 6287e41a-5356-4f55-84f2-270816d53e84:c3893, a2c18d3d-e79d-47c9-88fe-d8a1d195302b:c3893]
2019-08-23 11:31:44,751 | INFO  | DNAudit | user=null | ip=null | op=WRITE_CHUNK {blockData=conID: 2 locID: 102666069914550878 bcsId: 3889} | ret=SUCCESS |  
2019-08-23 11:31:44,751 | INFO  | DNAudit | user=null | ip=null | op=WRITE_CHUNK {blockData=conID: 2 locID: 102666069914550878 bcsId: 3889} | ret=SUCCESS |  
2019-08-23 11:31:44,751 | INFO  | DNAudit | user=null | ip=null | op=PUT_BLOCK {blockData=[blockId=conID: 2 locID: 102666069914550878 bcsId: 0,size=3145728]} | ret=SUCCESS |  
2019-08-23 11:31:44,752 | INFO  | DNAudit | user=null | ip=null | op=PUT_BLOCK {blockData=[blockId=conID: 2 locID: 102666069914550878 bcsId: 0,size=3145728]} | ret=SUCCESS |  
2019-08-23 11:31:44,753 | INFO  | DNAudit | user=null | ip=null | op=WRITE_CHUNK {blockData=conID: 2 locID: 102666069914550878 bcsId: 3895} | ret=SUCCESS |  
2019-08-23 11:31:44,754 | INFO  | DNAudit | user=null | ip=null | op=WRITE_CHUNK {blockData=conID: 2 locID: 102666069914550878 bcsId: 3895} | ret=SUCCESS |  
2019-08-23 11:31:44,754 | INFO  | DNAudit | user=null | ip=null | op=WRITE_CHUNK {blockData=conID: 2 locID: 102666069914550878 bcsId: 3895} | ret=SUCCESS |  
2019-08-23 11:31:44,765 | INFO  | DNAudit | user=null | ip=null | op=WRITE_CHUNK {blockData=conID: 2 locID: 102666069914550878 bcsId: 3895} | ret=SUCCESS |  
2019-08-23 11:31:44,766 | INFO  | DNAudit | user=null | ip=null | op=PUT_BLOCK {blockData=[blockId=conID: 2 locID: 102666069914550878 bcsId: 0,size=4194304]} | ret=SUCCESS |  
2019-08-23 11:31:44,766 [grpc-default-executor-4] INFO  client.GrpcClientProtocolClient (GrpcClientProtocolClient.java:onNext(255)) - client-C9E345EC67ED->244f13ac-34be-4c4e-8e45-0c0272edbbb2: receive RaftClientReply:client-C9E345EC67ED->244f13ac-34be-4c4e-8e45-0c0272edbbb2@group-FE77C852EF02, cid=2628, SUCCESS, logIndex=3898, commits[244f13ac-34be-4c4e-8e45-0c0272edbbb2:c3899, 6287e41a-5356-4f55-84f2-270816d53e84:c3897, a2c18d3d-e79d-47c9-88fe-d8a1d195302b:c3897]
2019-08-23 11:31:44,766 [grpc-default-executor-4] INFO  client.GrpcClientProtocolClient (GrpcClientProtocolClient.java:onNext(255)) - client-C9E345EC67ED->244f13ac-34be-4c4e-8e45-0c0272edbbb2: receive RaftClientReply:client-C9E345EC67ED->244f13ac-34be-4c4e-8e45-0c0272edbbb2@group-FE77C852EF02, cid=2629, SUCCESS, logIndex=3899, commits[244f13ac-34be-4c4e-8e45-0c0272edbbb2:c3899, 6287e41a-5356-4f55-84f2-270816d53e84:c3897, a2c18d3d-e79d-47c9-88fe-d8a1d195302b:c3897]
2019-08-23 11:31:44,777 | INFO  | DNAudit | user=null | ip=null | op=WRITE_CHUNK {blockData=conID: 2 locID: 102666069914550878 bcsId: 3895} | ret=SUCCESS |  
2019-08-23 11:31:44,777 | INFO  | DNAudit | user=null | ip=null | op=WRITE_CHUNK {blockData=conID: 2 locID: 102666069914550878 bcsId: 3895} | ret=SUCCESS |  
2019-08-23 11:31:44,787 | INFO  | DNAudit | user=null | ip=null | op=PUT_BLOCK {blockData=[blockId=conID: 2 locID: 102666069914550878 bcsId: 0,size=4194304]} | ret=SUCCESS |  
2019-08-23 11:31:44,787 | INFO  | DNAudit | user=null | ip=null | op=PUT_BLOCK {blockData=[blockId=conID: 2 locID: 102666069914550878 bcsId: 0,size=4194304]} | ret=SUCCESS |  
2019-08-23 11:31:44,787 [grpc-default-executor-4] INFO  client.GrpcClientProtocolClient (GrpcClientProtocolClient.java:onNext(255)) - client-C9E345EC67ED->244f13ac-34be-4c4e-8e45-0c0272edbbb2: receive RaftClientReply:client-C9E345EC67ED->244f13ac-34be-4c4e-8e45-0c0272edbbb2@group-FE77C852EF02, cid=2630, SUCCESS, logIndex=0, commits[244f13ac-34be-4c4e-8e45-0c0272edbbb2:c3901, 6287e41a-5356-4f55-84f2-270816d53e84:c3899, a2c18d3d-e79d-47c9-88fe-d8a1d195302b:c3899]
2019-08-23 11:31:44,791 | INFO  | SCMAudit | user=jenkins1000 | ip=192.168.5.185 | op=ALLOCATE_BLOCK {owner=00a23185-76ea-47b5-a641-ad3cfbe5521a, size=4194304, type=RATIS, factor=THREE} | ret=SUCCESS |  
2019-08-23 11:31:44,794 | INFO  | OMAudit | user=jenkins1000 | ip=127.0.0.1 | op=ALLOCATE_BLOCK {volume=vol-0-37508, bucket=bucket-0-50919, key=key-0-57313, dataSize=0, replicationType=null, replicationFactor=null, keyLocationInfo=null, clientID=102666068570931602} | ret=SUCCESS |  
2019-08-23 11:31:44,801 | INFO  | DNAudit | user=null | ip=null | op=WRITE_CHUNK {blockData=conID: 3 locID: 102666069920383583 bcsId: 0} | ret=SUCCESS |  
2019-08-23 11:31:44,803 | INFO  | DNAudit | user=null | ip=null | op=WRITE_CHUNK {blockData=conID: 3 locID: 102666069920383583 bcsId: 0} | ret=SUCCESS |  
2019-08-23 11:31:44,803 | INFO  | DNAudit | user=null | ip=null | op=WRITE_CHUNK {blockData=conID: 3 locID: 102666069920383583 bcsId: 0} | ret=SUCCESS |  
2019-08-23 11:31:44,803 | INFO  | DNAudit | user=null | ip=null | op=WRITE_CHUNK {blockData=conID: 3 locID: 102666069920383583 bcsId: 0} | ret=SUCCESS |  
2019-08-23 11:31:44,805 | INFO  | DNAudit | user=null | ip=null | op=WRITE_CHUNK {blockData=conID: 3 locID: 102666069920383583 bcsId: 0} | ret=SUCCESS |  
2019-08-23 11:31:44,805 | INFO  | DNAudit | user=null | ip=null | op=WRITE_CHUNK {blockData=conID: 3 locID: 102666069920383583 bcsId: 0} | ret=SUCCESS |  
2019-08-23 11:31:44,811 | INFO  | DNAudit | user=null | ip=null | op=WRITE_CHUNK {blockData=conID: 3 locID: 102666069920383583 bcsId: 0} | ret=SUCCESS |  
2019-08-23 11:31:44,812 | INFO  | DNAudit | user=null | ip=null | op=PUT_BLOCK {blockData=[blockId=conID: 3 locID: 102666069920383583 bcsId: 0,size=1048576]} | ret=SUCCESS |  
2019-08-23 11:31:44,812 [grpc-default-executor-1] INFO  client.GrpcClientProtocolClient (GrpcClientProtocolClient.java:onNext(255)) - client-C9E345EC67ED->244f13ac-34be-4c4e-8e45-0c0272edbbb2: receive RaftClientReply:client-C9E345EC67ED->244f13ac-34be-4c4e-8e45-0c0272edbbb2@group-FE77C852EF02, cid=2631, SUCCESS, logIndex=3902, commits[244f13ac-34be-4c4e-8e45-0c0272edbbb2:c3903, 6287e41a-5356-4f55-84f2-270816d53e84:c3901, a2c18d3d-e79d-47c9-88fe-d8a1d195302b:c3901]
2019-08-23 11:31:44,812 [grpc-default-executor-2] INFO  client.GrpcClientProtocolClient (GrpcClientProtocolClient.java:onNext(255)) - client-C9E345EC67ED->244f13ac-34be-4c4e-8e45-0c0272edbbb2: receive RaftClientReply:client-C9E345EC67ED->244f13ac-34be-4c4e-8e45-0c0272edbbb2@group-FE77C852EF02, cid=2632, SUCCESS, logIndex=3903, commits[244f13ac-34be-4c4e-8e45-0c0272edbbb2:c3903, 6287e41a-5356-4f55-84f2-270816d53e84:c3901, a2c18d3d-e79d-47c9-88fe-d8a1d195302b:c3901]
2019-08-23 11:31:44,812 | INFO  | DNAudit | user=null | ip=null | op=WRITE_CHUNK {blockData=conID: 3 locID: 102666069920383583 bcsId: 0} | ret=SUCCESS |  
2019-08-23 11:31:44,813 | INFO  | DNAudit | user=null | ip=null | op=PUT_BLOCK {blockData=[blockId=conID: 3 locID: 102666069920383583 bcsId: 0,size=2097152]} | ret=SUCCESS |  
2019-08-23 11:31:44,813 [grpc-default-executor-4] INFO  client.GrpcClientProtocolClient (GrpcClientProtocolClient.java:onNext(255)) - client-C9E345EC67ED->244f13ac-34be-4c4e-8e45-0c0272edbbb2: receive RaftClientReply:client-C9E345EC67ED->244f13ac-34be-4c4e-8e45-0c0272edbbb2@group-FE77C852EF02, cid=2633, SUCCESS, logIndex=3904, commits[244f13ac-34be-4c4e-8e45-0c0272edbbb2:c3905, 6287e41a-5356-4f55-84f2-270816d53e84:c3901, a2c18d3d-e79d-47c9-88fe-d8a1d195302b:c3901]
2019-08-23 11:31:44,813 [grpc-default-executor-4] INFO  client.GrpcClientProtocolClient (GrpcClientProtocolClient.java:onNext(255)) - client-C9E345EC67ED->244f13ac-34be-4c4e-8e45-0c0272edbbb2: receive RaftClientReply:client-C9E345EC67ED->244f13ac-34be-4c4e-8e45-0c0272edbbb2@group-FE77C852EF02, cid=2634, SUCCESS, logIndex=3905, commits[244f13ac-34be-4c4e-8e45-0c0272edbbb2:c3905, 6287e41a-5356-4f55-84f2-270816d53e84:c3901, a2c18d3d-e79d-47c9-88fe-d8a1d195302b:c3901]
2019-08-23 11:31:44,815 | INFO  | DNAudit | user=null | ip=null | op=WRITE_CHUNK {blockData=conID: 3 locID: 102666069920383583 bcsId: 0} | ret=SUCCESS |  
2019-08-23 11:31:44,815 | INFO  | DNAudit | user=null | ip=null | op=PUT_BLOCK {blockData=[blockId=conID: 3 locID: 102666069920383583 bcsId: 0,size=1048576]} | ret=SUCCESS |  
2019-08-23 11:31:44,816 | INFO  | DNAudit | user=null | ip=null | op=WRITE_CHUNK {blockData=conID: 3 locID: 102666069920383583 bcsId: 0} | ret=SUCCESS |  
2019-08-23 11:31:44,816 | INFO  | DNAudit | user=null | ip=null | op=PUT_BLOCK {blockData=[blockId=conID: 3 locID: 102666069920383583 bcsId: 0,size=1048576]} | ret=SUCCESS |  
2019-08-23 11:31:44,816 | INFO  | DNAudit | user=null | ip=null | op=WRITE_CHUNK {blockData=conID: 3 locID: 102666069920383583 bcsId: 0} | ret=SUCCESS |  
2019-08-23 11:31:44,816 | INFO  | DNAudit | user=null | ip=null | op=PUT_BLOCK {blockData=[blockId=conID: 3 locID: 102666069920383583 bcsId: 0,size=2097152]} | ret=SUCCESS |  
2019-08-23 11:31:44,816 [grpc-default-executor-4] INFO  client.GrpcClientProtocolClient (GrpcClientProtocolClient.java:onNext(255)) - client-C9E345EC67ED->244f13ac-34be-4c4e-8e45-0c0272edbbb2: receive RaftClientReply:client-C9E345EC67ED->244f13ac-34be-4c4e-8e45-0c0272edbbb2@group-FE77C852EF02, cid=2635, SUCCESS, logIndex=0, commits[244f13ac-34be-4c4e-8e45-0c0272edbbb2:c3907, 6287e41a-5356-4f55-84f2-270816d53e84:c3903, a2c18d3d-e79d-47c9-88fe-d8a1d195302b:c3903]
2019-08-23 11:31:44,816 | INFO  | DNAudit | user=null | ip=null | op=WRITE_CHUNK {blockData=conID: 3 locID: 102666069920383583 bcsId: 0} | ret=SUCCESS |  
2019-08-23 11:31:44,817 | INFO  | DNAudit | user=null | ip=null | op=PUT_BLOCK {blockData=[blockId=conID: 3 locID: 102666069920383583 bcsId: 0,size=2097152]} | ret=SUCCESS |  
2019-08-23 11:31:44,822 | INFO  | DNAudit | user=null | ip=null | op=WRITE_CHUNK {blockData=conID: 3 locID: 102666069920383583 bcsId: 3905} | ret=SUCCESS |  
2019-08-23 11:31:44,824 | INFO  | DNAudit | user=null | ip=null | op=WRITE_CHUNK {blockData=conID: 3 locID: 102666069920383583 bcsId: 3905} | ret=SUCCESS |  
2019-08-23 11:31:44,824 | INFO  | DNAudit | user=null | ip=null | op=WRITE_CHUNK {blockData=conID: 3 locID: 102666069920383583 bcsId: 3905} | ret=SUCCESS |  
2019-08-23 11:31:44,835 | INFO  | DNAudit | user=null | ip=null | op=WRITE_CHUNK {blockData=conID: 3 locID: 102666069920383583 bcsId: 3905} | ret=SUCCESS |  
2019-08-23 11:31:44,836 | INFO  | DNAudit | user=null | ip=null | op=PUT_BLOCK {blockData=[blockId=conID: 3 locID: 102666069920383583 bcsId: 0,size=3145728]} | ret=SUCCESS |  
2019-08-23 11:31:44,836 [grpc-default-executor-2] INFO  client.GrpcClientProtocolClient (GrpcClientProtocolClient.java:onNext(255)) - client-C9E345EC67ED->244f13ac-34be-4c4e-8e45-0c0272edbbb2: receive RaftClientReply:client-C9E345EC67ED->244f13ac-34be-4c4e-8e45-0c0272edbbb2@group-FE77C852EF02, cid=2636, SUCCESS, logIndex=3910, commits[244f13ac-34be-4c4e-8e45-0c0272edbbb2:c3911, 6287e41a-5356-4f55-84f2-270816d53e84:c3909, a2c18d3d-e79d-47c9-88fe-d8a1d195302b:c3909]
2019-08-23 11:31:44,836 [grpc-default-executor-2] INFO  client.GrpcClientProtocolClient (GrpcClientProtocolClient.java:onNext(255)) - client-C9E345EC67ED->244f13ac-34be-4c4e-8e45-0c0272edbbb2: receive RaftClientReply:client-C9E345EC67ED->244f13ac-34be-4c4e-8e45-0c0272edbbb2@group-FE77C852EF02, cid=2637, SUCCESS, logIndex=3911, commits[244f13ac-34be-4c4e-8e45-0c0272edbbb2:c3911, 6287e41a-5356-4f55-84f2-270816d53e84:c3909, a2c18d3d-e79d-47c9-88fe-d8a1d195302b:c3909]
2019-08-23 11:31:44,842 | INFO  | DNAudit | user=null | ip=null | op=WRITE_CHUNK {blockData=conID: 3 locID: 102666069920383583 bcsId: 3911} | ret=SUCCESS |  
2019-08-23 11:31:44,843 | INFO  | DNAudit | user=null | ip=null | op=WRITE_CHUNK {blockData=conID: 3 locID: 102666069920383583 bcsId: 3911} | ret=SUCCESS |  
2019-08-23 11:31:44,844 | INFO  | DNAudit | user=null | ip=null | op=WRITE_CHUNK {blockData=conID: 3 locID: 102666069920383583 bcsId: 3911} | ret=SUCCESS |  
2019-08-23 11:31:44,846 | INFO  | DNAudit | user=null | ip=null | op=WRITE_CHUNK {blockData=conID: 3 locID: 102666069920383583 bcsId: 3905} | ret=SUCCESS |  
2019-08-23 11:31:44,846 | INFO  | DNAudit | user=null | ip=null | op=WRITE_CHUNK {blockData=conID: 3 locID: 102666069920383583 bcsId: 3905} | ret=SUCCESS |  
2019-08-23 11:31:44,848 | INFO  | DNAudit | user=null | ip=null | op=PUT_BLOCK {blockData=[blockId=conID: 3 locID: 102666069920383583 bcsId: 0,size=3145728]} | ret=SUCCESS |  
2019-08-23 11:31:44,848 | INFO  | DNAudit | user=null | ip=null | op=PUT_BLOCK {blockData=[blockId=conID: 3 locID: 102666069920383583 bcsId: 0,size=3145728]} | ret=SUCCESS |  
2019-08-23 11:31:44,848 | INFO  | DNAudit | user=null | ip=null | op=WRITE_CHUNK {blockData=conID: 3 locID: 102666069920383583 bcsId: 3911} | ret=SUCCESS |  
2019-08-23 11:31:44,848 | INFO  | DNAudit | user=null | ip=null | op=PUT_BLOCK {blockData=[blockId=conID: 3 locID: 102666069920383583 bcsId: 0,size=4194304]} | ret=SUCCESS |  
2019-08-23 11:31:44,848 [grpc-default-executor-2] INFO  client.GrpcClientProtocolClient (GrpcClientProtocolClient.java:onNext(255)) - client-C9E345EC67ED->244f13ac-34be-4c4e-8e45-0c0272edbbb2: receive RaftClientReply:client-C9E345EC67ED->244f13ac-34be-4c4e-8e45-0c0272edbbb2@group-FE77C852EF02, cid=2638, SUCCESS, logIndex=3914, commits[244f13ac-34be-4c4e-8e45-0c0272edbbb2:c3914, 6287e41a-5356-4f55-84f2-270816d53e84:c3911, a2c18d3d-e79d-47c9-88fe-d8a1d195302b:c3911]
2019-08-23 11:31:44,849 [grpc-default-executor-2] INFO  client.GrpcClientProtocolClient (GrpcClientProtocolClient.java:onNext(255)) - client-C9E345EC67ED->244f13ac-34be-4c4e-8e45-0c0272edbbb2: receive RaftClientReply:client-C9E345EC67ED->244f13ac-34be-4c4e-8e45-0c0272edbbb2@group-FE77C852EF02, cid=2639, SUCCESS, logIndex=3915, commits[244f13ac-34be-4c4e-8e45-0c0272edbbb2:c3915, 6287e41a-5356-4f55-84f2-270816d53e84:c3911, a2c18d3d-e79d-47c9-88fe-d8a1d195302b:c3911]
2019-08-23 11:31:44,860 | INFO  | DNAudit | user=null | ip=null | op=WRITE_CHUNK {blockData=conID: 3 locID: 102666069920383583 bcsId: 3911} | ret=SUCCESS |  
2019-08-23 11:31:44,860 | INFO  | DNAudit | user=null | ip=null | op=WRITE_CHUNK {blockData=conID: 3 locID: 102666069920383583 bcsId: 3911} | ret=SUCCESS |  
2019-08-23 11:31:44,862 | INFO  | DNAudit | user=null | ip=null | op=PUT_BLOCK {blockData=[blockId=conID: 3 locID: 102666069920383583 bcsId: 0,size=4194304]} | ret=SUCCESS |  
2019-08-23 11:31:44,862 | INFO  | DNAudit | user=null | ip=null | op=PUT_BLOCK {blockData=[blockId=conID: 3 locID: 102666069920383583 bcsId: 0,size=4194304]} | ret=SUCCESS |  
2019-08-23 11:31:44,863 [grpc-default-executor-2] INFO  client.GrpcClientProtocolClient (GrpcClientProtocolClient.java:onNext(255)) - client-C9E345EC67ED->244f13ac-34be-4c4e-8e45-0c0272edbbb2: receive RaftClientReply:client-C9E345EC67ED->244f13ac-34be-4c4e-8e45-0c0272edbbb2@group-FE77C852EF02, cid=2640, SUCCESS, logIndex=0, commits[244f13ac-34be-4c4e-8e45-0c0272edbbb2:c3917, 6287e41a-5356-4f55-84f2-270816d53e84:c3915, a2c18d3d-e79d-47c9-88fe-d8a1d195302b:c3915]
2019-08-23 11:31:44,866 | INFO  | SCMAudit | user=jenkins1000 | ip=192.168.5.185 | op=ALLOCATE_BLOCK {owner=00a23185-76ea-47b5-a641-ad3cfbe5521a, size=4194304, type=RATIS, factor=THREE} | ret=SUCCESS |  
2019-08-23 11:31:44,869 | INFO  | OMAudit | user=jenkins1000 | ip=127.0.0.1 | op=ALLOCATE_BLOCK {volume=vol-0-37508, bucket=bucket-0-50919, key=key-0-57313, dataSize=0, replicationType=null, replicationFactor=null, keyLocationInfo=null, clientID=102666068570931602} | ret=SUCCESS |  
2019-08-23 11:31:44,875 | INFO  | DNAudit | user=null | ip=null | op=WRITE_CHUNK {blockData=conID: 1 locID: 102666069925298784 bcsId: 0} | ret=SUCCESS |  
2019-08-23 11:31:44,876 | INFO  | DNAudit | user=null | ip=null | op=WRITE_CHUNK {blockData=conID: 1 locID: 102666069925298784 bcsId: 0} | ret=SUCCESS |  
2019-08-23 11:31:44,877 | INFO  | DNAudit | user=null | ip=null | op=WRITE_CHUNK {blockData=conID: 1 locID: 102666069925298784 bcsId: 0} | ret=SUCCESS |  
2019-08-23 11:31:44,877 | INFO  | DNAudit | user=null | ip=null | op=WRITE_CHUNK {blockData=conID: 1 locID: 102666069925298784 bcsId: 0} | ret=SUCCESS |  
2019-08-23 11:31:44,879 | INFO  | DNAudit | user=null | ip=null | op=WRITE_CHUNK {blockData=conID: 1 locID: 102666069925298784 bcsId: 0} | ret=SUCCESS |  
2019-08-23 11:31:44,879 | INFO  | DNAudit | user=null | ip=null | op=WRITE_CHUNK {blockData=conID: 1 locID: 102666069925298784 bcsId: 0} | ret=SUCCESS |  
2019-08-23 11:31:44,881 | INFO  | DNAudit | user=null | ip=null | op=WRITE_CHUNK {blockData=conID: 1 locID: 102666069925298784 bcsId: 0} | ret=SUCCESS |  
2019-08-23 11:31:44,881 | INFO  | DNAudit | user=null | ip=null | op=PUT_BLOCK {blockData=[blockId=conID: 1 locID: 102666069925298784 bcsId: 0,size=1048576]} | ret=SUCCESS |  
2019-08-23 11:31:44,882 [grpc-default-executor-2] INFO  client.GrpcClientProtocolClient (GrpcClientProtocolClient.java:onNext(255)) - client-C9E345EC67ED->244f13ac-34be-4c4e-8e45-0c0272edbbb2: receive RaftClientReply:client-C9E345EC67ED->244f13ac-34be-4c4e-8e45-0c0272edbbb2@group-FE77C852EF02, cid=2641, SUCCESS, logIndex=3918, commits[244f13ac-34be-4c4e-8e45-0c0272edbbb2:c3919, 6287e41a-5356-4f55-84f2-270816d53e84:c3917, a2c18d3d-e79d-47c9-88fe-d8a1d195302b:c3917]
2019-08-23 11:31:44,882 [grpc-default-executor-0] INFO  client.GrpcClientProtocolClient (GrpcClientProtocolClient.java:onNext(255)) - client-C9E345EC67ED->244f13ac-34be-4c4e-8e45-0c0272edbbb2: receive RaftClientReply:client-C9E345EC67ED->244f13ac-34be-4c4e-8e45-0c0272edbbb2@group-FE77C852EF02, cid=2642, SUCCESS, logIndex=3919, commits[244f13ac-34be-4c4e-8e45-0c0272edbbb2:c3919, 6287e41a-5356-4f55-84f2-270816d53e84:c3917, a2c18d3d-e79d-47c9-88fe-d8a1d195302b:c3917]
2019-08-23 11:31:44,882 | INFO  | DNAudit | user=null | ip=null | op=WRITE_CHUNK {blockData=conID: 1 locID: 102666069925298784 bcsId: 0} | ret=SUCCESS |  
2019-08-23 11:31:44,882 | INFO  | DNAudit | user=null | ip=null | op=PUT_BLOCK {blockData=[blockId=conID: 1 locID: 102666069925298784 bcsId: 0,size=2097152]} | ret=SUCCESS |  
2019-08-23 11:31:44,882 [grpc-default-executor-2] INFO  client.GrpcClientProtocolClient (GrpcClientProtocolClient.java:onNext(255)) - client-C9E345EC67ED->244f13ac-34be-4c4e-8e45-0c0272edbbb2: receive RaftClientReply:client-C9E345EC67ED->244f13ac-34be-4c4e-8e45-0c0272edbbb2@group-FE77C852EF02, cid=2643, SUCCESS, logIndex=3920, commits[244f13ac-34be-4c4e-8e45-0c0272edbbb2:c3921, 6287e41a-5356-4f55-84f2-270816d53e84:c3917, a2c18d3d-e79d-47c9-88fe-d8a1d195302b:c3917]
2019-08-23 11:31:44,883 [grpc-default-executor-2] INFO  client.GrpcClientProtocolClient (GrpcClientProtocolClient.java:onNext(255)) - client-C9E345EC67ED->244f13ac-34be-4c4e-8e45-0c0272edbbb2: receive RaftClientReply:client-C9E345EC67ED->244f13ac-34be-4c4e-8e45-0c0272edbbb2@group-FE77C852EF02, cid=2644, SUCCESS, logIndex=3921, commits[244f13ac-34be-4c4e-8e45-0c0272edbbb2:c3921, 6287e41a-5356-4f55-84f2-270816d53e84:c3917, a2c18d3d-e79d-47c9-88fe-d8a1d195302b:c3917]
2019-08-23 11:31:44,883 | INFO  | DNAudit | user=null | ip=null | op=WRITE_CHUNK {blockData=conID: 1 locID: 102666069925298784 bcsId: 0} | ret=SUCCESS |  
2019-08-23 11:31:44,883 | INFO  | DNAudit | user=null | ip=null | op=WRITE_CHUNK {blockData=conID: 1 locID: 102666069925298784 bcsId: 0} | ret=SUCCESS |  
2019-08-23 11:31:44,884 | INFO  | DNAudit | user=null | ip=null | op=PUT_BLOCK {blockData=[blockId=conID: 1 locID: 102666069925298784 bcsId: 0,size=1048576]} | ret=SUCCESS |  
2019-08-23 11:31:44,884 | INFO  | DNAudit | user=null | ip=null | op=PUT_BLOCK {blockData=[blockId=conID: 1 locID: 102666069925298784 bcsId: 0,size=1048576]} | ret=SUCCESS |  
2019-08-23 11:31:44,884 [grpc-default-executor-0] INFO  client.GrpcClientProtocolClient (GrpcClientProtocolClient.java:onNext(255)) - client-C9E345EC67ED->244f13ac-34be-4c4e-8e45-0c0272edbbb2: receive RaftClientReply:client-C9E345EC67ED->244f13ac-34be-4c4e-8e45-0c0272edbbb2@group-FE77C852EF02, cid=2645, SUCCESS, logIndex=0, commits[244f13ac-34be-4c4e-8e45-0c0272edbbb2:c3923, 6287e41a-5356-4f55-84f2-270816d53e84:c3919, a2c18d3d-e79d-47c9-88fe-d8a1d195302b:c3919]
2019-08-23 11:31:44,886 | INFO  | DNAudit | user=null | ip=null | op=WRITE_CHUNK {blockData=conID: 1 locID: 102666069925298784 bcsId: 0} | ret=SUCCESS |  
2019-08-23 11:31:44,886 | INFO  | DNAudit | user=null | ip=null | op=PUT_BLOCK {blockData=[blockId=conID: 1 locID: 102666069925298784 bcsId: 0,size=2097152]} | ret=SUCCESS |  
2019-08-23 11:31:44,886 | INFO  | DNAudit | user=null | ip=null | op=WRITE_CHUNK {blockData=conID: 1 locID: 102666069925298784 bcsId: 0} | ret=SUCCESS |  
2019-08-23 11:31:44,886 | INFO  | DNAudit | user=null | ip=null | op=PUT_BLOCK {blockData=[blockId=conID: 1 locID: 102666069925298784 bcsId: 0,size=2097152]} | ret=SUCCESS |  
2019-08-23 11:31:44,889 | INFO  | DNAudit | user=null | ip=null | op=WRITE_CHUNK {blockData=conID: 1 locID: 102666069925298784 bcsId: 3921} | ret=SUCCESS |  
2019-08-23 11:31:44,891 | INFO  | DNAudit | user=null | ip=null | op=WRITE_CHUNK {blockData=conID: 1 locID: 102666069925298784 bcsId: 3921} | ret=SUCCESS |  
2019-08-23 11:31:44,891 | INFO  | DNAudit | user=null | ip=null | op=WRITE_CHUNK {blockData=conID: 1 locID: 102666069925298784 bcsId: 3921} | ret=SUCCESS |  
2019-08-23 11:31:44,902 | INFO  | DNAudit | user=null | ip=null | op=WRITE_CHUNK {blockData=conID: 1 locID: 102666069925298784 bcsId: 3921} | ret=SUCCESS |  
2019-08-23 11:31:44,902 | INFO  | DNAudit | user=null | ip=null | op=PUT_BLOCK {blockData=[blockId=conID: 1 locID: 102666069925298784 bcsId: 0,size=3145728]} | ret=SUCCESS |  
2019-08-23 11:31:44,902 [grpc-default-executor-2] INFO  client.GrpcClientProtocolClient (GrpcClientProtocolClient.java:onNext(255)) - client-C9E345EC67ED->244f13ac-34be-4c4e-8e45-0c0272edbbb2: receive RaftClientReply:client-C9E345EC67ED->244f13ac-34be-4c4e-8e45-0c0272edbbb2@group-FE77C852EF02, cid=2646, SUCCESS, logIndex=3926, commits[244f13ac-34be-4c4e-8e45-0c0272edbbb2:c3927, 6287e41a-5356-4f55-84f2-270816d53e84:c3925, a2c18d3d-e79d-47c9-88fe-d8a1d195302b:c3925]
2019-08-23 11:31:44,903 [grpc-default-executor-2] INFO  client.GrpcClientProtocolClient (GrpcClientProtocolClient.java:onNext(255)) - client-C9E345EC67ED->244f13ac-34be-4c4e-8e45-0c0272edbbb2: receive RaftClientReply:client-C9E345EC67ED->244f13ac-34be-4c4e-8e45-0c0272edbbb2@group-FE77C852EF02, cid=2647, SUCCESS, logIndex=3927, commits[244f13ac-34be-4c4e-8e45-0c0272edbbb2:c3927, 6287e41a-5356-4f55-84f2-270816d53e84:c3925, a2c18d3d-e79d-47c9-88fe-d8a1d195302b:c3925]
2019-08-23 11:31:44,908 | INFO  | DNAudit | user=null | ip=null | op=WRITE_CHUNK {blockData=conID: 1 locID: 102666069925298784 bcsId: 3927} | ret=SUCCESS |  
2019-08-23 11:31:44,909 | INFO  | DNAudit | user=null | ip=null | op=WRITE_CHUNK {blockData=conID: 1 locID: 102666069925298784 bcsId: 3927} | ret=SUCCESS |  
2019-08-23 11:31:44,910 | INFO  | DNAudit | user=null | ip=null | op=WRITE_CHUNK {blockData=conID: 1 locID: 102666069925298784 bcsId: 3927} | ret=SUCCESS |  
2019-08-23 11:31:44,913 | INFO  | DNAudit | user=null | ip=null | op=WRITE_CHUNK {blockData=conID: 1 locID: 102666069925298784 bcsId: 3921} | ret=SUCCESS |  
2019-08-23 11:31:44,913 | INFO  | DNAudit | user=null | ip=null | op=WRITE_CHUNK {blockData=conID: 1 locID: 102666069925298784 bcsId: 3921} | ret=SUCCESS |  
2019-08-23 11:31:44,916 | INFO  | DNAudit | user=null | ip=null | op=PUT_BLOCK {blockData=[blockId=conID: 1 locID: 102666069925298784 bcsId: 0,size=3145728]} | ret=SUCCESS |  
2019-08-23 11:31:44,917 | INFO  | DNAudit | user=null | ip=null | op=PUT_BLOCK {blockData=[blockId=conID: 1 locID: 102666069925298784 bcsId: 0,size=3145728]} | ret=SUCCESS |  
2019-08-23 11:31:44,917 | INFO  | DNAudit | user=null | ip=null | op=WRITE_CHUNK {blockData=conID: 1 locID: 102666069925298784 bcsId: 3927} | ret=SUCCESS |  
2019-08-23 11:31:44,917 | INFO  | DNAudit | user=null | ip=null | op=PUT_BLOCK {blockData=[blockId=conID: 1 locID: 102666069925298784 bcsId: 0,size=4194304]} | ret=SUCCESS |  
2019-08-23 11:31:44,917 [grpc-default-executor-2] INFO  client.GrpcClientProtocolClient (GrpcClientProtocolClient.java:onNext(255)) - client-C9E345EC67ED->244f13ac-34be-4c4e-8e45-0c0272edbbb2: receive RaftClientReply:client-C9E345EC67ED->244f13ac-34be-4c4e-8e45-0c0272edbbb2@group-FE77C852EF02, cid=2648, SUCCESS, logIndex=3930, commits[244f13ac-34be-4c4e-8e45-0c0272edbbb2:c3931, 6287e41a-5356-4f55-84f2-270816d53e84:c3927, a2c18d3d-e79d-47c9-88fe-d8a1d195302b:c3927]
2019-08-23 11:31:44,918 [grpc-default-executor-2] INFO  client.GrpcClientProtocolClient (GrpcClientProtocolClient.java:onNext(255)) - client-C9E345EC67ED->244f13ac-34be-4c4e-8e45-0c0272edbbb2: receive RaftClientReply:client-C9E345EC67ED->244f13ac-34be-4c4e-8e45-0c0272edbbb2@group-FE77C852EF02, cid=2649, SUCCESS, logIndex=3931, commits[244f13ac-34be-4c4e-8e45-0c0272edbbb2:c3931, 6287e41a-5356-4f55-84f2-270816d53e84:c3927, a2c18d3d-e79d-47c9-88fe-d8a1d195302b:c3927]
2019-08-23 11:31:44,928 | INFO  | DNAudit | user=null | ip=null | op=WRITE_CHUNK {blockData=conID: 1 locID: 102666069925298784 bcsId: 3927} | ret=SUCCESS |  
2019-08-23 11:31:44,928 | INFO  | DNAudit | user=null | ip=null | op=WRITE_CHUNK {blockData=conID: 1 locID: 102666069925298784 bcsId: 3927} | ret=SUCCESS |  
2019-08-23 11:31:44,941 | INFO  | DNAudit | user=null | ip=null | op=PUT_BLOCK {blockData=[blockId=conID: 1 locID: 102666069925298784 bcsId: 0,size=4194304]} | ret=SUCCESS |  
2019-08-23 11:31:44,942 | INFO  | DNAudit | user=null | ip=null | op=PUT_BLOCK {blockData=[blockId=conID: 1 locID: 102666069925298784 bcsId: 0,size=4194304]} | ret=SUCCESS |  
2019-08-23 11:31:44,942 [grpc-default-executor-2] INFO  client.GrpcClientProtocolClient (GrpcClientProtocolClient.java:onNext(255)) - client-C9E345EC67ED->244f13ac-34be-4c4e-8e45-0c0272edbbb2: receive RaftClientReply:client-C9E345EC67ED->244f13ac-34be-4c4e-8e45-0c0272edbbb2@group-FE77C852EF02, cid=2650, SUCCESS, logIndex=0, commits[244f13ac-34be-4c4e-8e45-0c0272edbbb2:c3933, 6287e41a-5356-4f55-84f2-270816d53e84:c3931, a2c18d3d-e79d-47c9-88fe-d8a1d195302b:c3931]
2019-08-23 11:31:44,945 | INFO  | SCMAudit | user=jenkins1000 | ip=192.168.5.185 | op=ALLOCATE_BLOCK {owner=00a23185-76ea-47b5-a641-ad3cfbe5521a, size=4194304, type=RATIS, factor=THREE} | ret=SUCCESS |  
2019-08-23 11:31:44,948 | INFO  | OMAudit | user=jenkins1000 | ip=127.0.0.1 | op=ALLOCATE_BLOCK {volume=vol-0-37508, bucket=bucket-0-50919, key=key-0-57313, dataSize=0, replicationType=null, replicationFactor=null, keyLocationInfo=null, clientID=102666068570931602} | ret=SUCCESS |  
2019-08-23 11:31:44,954 | INFO  | DNAudit | user=null | ip=null | op=WRITE_CHUNK {blockData=conID: 2 locID: 102666069930476129 bcsId: 0} | ret=SUCCESS |  
2019-08-23 11:31:44,955 | INFO  | DNAudit | user=null | ip=null | op=WRITE_CHUNK {blockData=conID: 2 locID: 102666069930476129 bcsId: 0} | ret=SUCCESS |  
2019-08-23 11:31:44,955 | INFO  | DNAudit | user=null | ip=null | op=WRITE_CHUNK {blockData=conID: 2 locID: 102666069930476129 bcsId: 0} | ret=SUCCESS |  
2019-08-23 11:31:44,955 | INFO  | DNAudit | user=null | ip=null | op=WRITE_CHUNK {blockData=conID: 2 locID: 102666069930476129 bcsId: 0} | ret=SUCCESS |  
2019-08-23 11:31:44,956 | INFO  | DNAudit | user=null | ip=null | op=WRITE_CHUNK {blockData=conID: 2 locID: 102666069930476129 bcsId: 0} | ret=SUCCESS |  
2019-08-23 11:31:44,956 | INFO  | DNAudit | user=null | ip=null | op=WRITE_CHUNK {blockData=conID: 2 locID: 102666069930476129 bcsId: 0} | ret=SUCCESS |  
2019-08-23 11:31:44,967 | INFO  | DNAudit | user=null | ip=null | op=WRITE_CHUNK {blockData=conID: 2 locID: 102666069930476129 bcsId: 0} | ret=SUCCESS |  
2019-08-23 11:31:44,967 | INFO  | DNAudit | user=null | ip=null | op=PUT_BLOCK {blockData=[blockId=conID: 2 locID: 102666069930476129 bcsId: 0,size=1048576]} | ret=SUCCESS |  
2019-08-23 11:31:44,967 [grpc-default-executor-1] INFO  client.GrpcClientProtocolClient (GrpcClientProtocolClient.java:onNext(255)) - client-C9E345EC67ED->244f13ac-34be-4c4e-8e45-0c0272edbbb2: receive RaftClientReply:client-C9E345EC67ED->244f13ac-34be-4c4e-8e45-0c0272edbbb2@group-FE77C852EF02, cid=2651, SUCCESS, logIndex=3934, commits[244f13ac-34be-4c4e-8e45-0c0272edbbb2:c3935, 6287e41a-5356-4f55-84f2-270816d53e84:c3933, a2c18d3d-e79d-47c9-88fe-d8a1d195302b:c3933]
2019-08-23 11:31:44,968 | INFO  | DNAudit | user=null | ip=null | op=WRITE_CHUNK {blockData=conID: 2 locID: 102666069930476129 bcsId: 0} | ret=SUCCESS |  
2019-08-23 11:31:44,968 | INFO  | DNAudit | user=null | ip=null | op=PUT_BLOCK {blockData=[blockId=conID: 2 locID: 102666069930476129 bcsId: 0,size=2097152]} | ret=SUCCESS |  
2019-08-23 11:31:44,968 [grpc-default-executor-1] INFO  client.GrpcClientProtocolClient (GrpcClientProtocolClient.java:onNext(255)) - client-C9E345EC67ED->244f13ac-34be-4c4e-8e45-0c0272edbbb2: receive RaftClientReply:client-C9E345EC67ED->244f13ac-34be-4c4e-8e45-0c0272edbbb2@group-FE77C852EF02, cid=2652, SUCCESS, logIndex=3935, commits[244f13ac-34be-4c4e-8e45-0c0272edbbb2:c3937, 6287e41a-5356-4f55-84f2-270816d53e84:c3933, a2c18d3d-e79d-47c9-88fe-d8a1d195302b:c3933]
2019-08-23 11:31:44,968 [grpc-default-executor-1] INFO  client.GrpcClientProtocolClient (GrpcClientProtocolClient.java:onNext(255)) - client-C9E345EC67ED->244f13ac-34be-4c4e-8e45-0c0272edbbb2: receive RaftClientReply:client-C9E345EC67ED->244f13ac-34be-4c4e-8e45-0c0272edbbb2@group-FE77C852EF02, cid=2653, SUCCESS, logIndex=3936, commits[244f13ac-34be-4c4e-8e45-0c0272edbbb2:c3937, 6287e41a-5356-4f55-84f2-270816d53e84:c3933, a2c18d3d-e79d-47c9-88fe-d8a1d195302b:c3933]
2019-08-23 11:31:44,968 [grpc-default-executor-1] INFO  client.GrpcClientProtocolClient (GrpcClientProtocolClient.java:onNext(255)) - client-C9E345EC67ED->244f13ac-34be-4c4e-8e45-0c0272edbbb2: receive RaftClientReply:client-C9E345EC67ED->244f13ac-34be-4c4e-8e45-0c0272edbbb2@group-FE77C852EF02, cid=2654, SUCCESS, logIndex=3937, commits[244f13ac-34be-4c4e-8e45-0c0272edbbb2:c3937, 6287e41a-5356-4f55-84f2-270816d53e84:c3933, a2c18d3d-e79d-47c9-88fe-d8a1d195302b:c3933]
2019-08-23 11:31:44,980 | INFO  | DNAudit | user=null | ip=null | op=WRITE_CHUNK {blockData=conID: 2 locID: 102666069930476129 bcsId: 0} | ret=SUCCESS |  
2019-08-23 11:31:44,980 | INFO  | DNAudit | user=null | ip=null | op=WRITE_CHUNK {blockData=conID: 2 locID: 102666069930476129 bcsId: 0} | ret=SUCCESS |  
2019-08-23 11:31:44,993 | INFO  | DNAudit | user=null | ip=null | op=PUT_BLOCK {blockData=[blockId=conID: 2 locID: 102666069930476129 bcsId: 0,size=1048576]} | ret=SUCCESS |  
2019-08-23 11:31:44,993 | INFO  | DNAudit | user=null | ip=null | op=PUT_BLOCK {blockData=[blockId=conID: 2 locID: 102666069930476129 bcsId: 0,size=1048576]} | ret=SUCCESS |  
2019-08-23 11:31:44,993 | INFO  | DNAudit | user=null | ip=null | op=WRITE_CHUNK {blockData=conID: 2 locID: 102666069930476129 bcsId: 0} | ret=SUCCESS |  
2019-08-23 11:31:44,993 | INFO  | DNAudit | user=null | ip=null | op=WRITE_CHUNK {blockData=conID: 2 locID: 102666069930476129 bcsId: 0} | ret=SUCCESS |  
2019-08-23 11:31:44,994 | INFO  | DNAudit | user=null | ip=null | op=PUT_BLOCK {blockData=[blockId=conID: 2 locID: 102666069930476129 bcsId: 0,size=2097152]} | ret=SUCCESS |  
2019-08-23 11:31:44,994 | INFO  | DNAudit | user=null | ip=null | op=PUT_BLOCK {blockData=[blockId=conID: 2 locID: 102666069930476129 bcsId: 0,size=2097152]} | ret=SUCCESS |  
2019-08-23 11:31:44,994 [grpc-default-executor-1] INFO  client.GrpcClientProtocolClient (GrpcClientProtocolClient.java:onNext(255)) - client-C9E345EC67ED->244f13ac-34be-4c4e-8e45-0c0272edbbb2: receive RaftClientReply:client-C9E345EC67ED->244f13ac-34be-4c4e-8e45-0c0272edbbb2@group-FE77C852EF02, cid=2655, SUCCESS, logIndex=0, commits[244f13ac-34be-4c4e-8e45-0c0272edbbb2:c3939, 6287e41a-5356-4f55-84f2-270816d53e84:c3935, a2c18d3d-e79d-47c9-88fe-d8a1d195302b:c3935]
2019-08-23 11:31:44,999 | INFO  | DNAudit | user=null | ip=null | op=WRITE_CHUNK {blockData=conID: 2 locID: 102666069930476129 bcsId: 3937} | ret=SUCCESS |  
2019-08-23 11:31:45,001 | INFO  | DNAudit | user=null | ip=null | op=WRITE_CHUNK {blockData=conID: 2 locID: 102666069930476129 bcsId: 3937} | ret=SUCCESS |  
2019-08-23 11:31:45,001 | INFO  | DNAudit | user=null | ip=null | op=WRITE_CHUNK {blockData=conID: 2 locID: 102666069930476129 bcsId: 3937} | ret=SUCCESS |  
2019-08-23 11:31:45,012 | INFO  | DNAudit | user=null | ip=null | op=WRITE_CHUNK {blockData=conID: 2 locID: 102666069930476129 bcsId: 3937} | ret=SUCCESS |  
2019-08-23 11:31:45,013 | INFO  | DNAudit | user=null | ip=null | op=PUT_BLOCK {blockData=[blockId=conID: 2 locID: 102666069930476129 bcsId: 0,size=3145728]} | ret=SUCCESS |  
2019-08-23 11:31:45,013 [grpc-default-executor-0] INFO  client.GrpcClientProtocolClient (GrpcClientProtocolClient.java:onNext(255)) - client-C9E345EC67ED->244f13ac-34be-4c4e-8e45-0c0272edbbb2: receive RaftClientReply:client-C9E345EC67ED->244f13ac-34be-4c4e-8e45-0c0272edbbb2@group-FE77C852EF02, cid=2656, SUCCESS, logIndex=3942, commits[244f13ac-34be-4c4e-8e45-0c0272edbbb2:c3943, 6287e41a-5356-4f55-84f2-270816d53e84:c3941, a2c18d3d-e79d-47c9-88fe-d8a1d195302b:c3941]
2019-08-23 11:31:45,013 [grpc-default-executor-0] INFO  client.GrpcClientProtocolClient (GrpcClientProtocolClient.java:onNext(255)) - client-C9E345EC67ED->244f13ac-34be-4c4e-8e45-0c0272edbbb2: receive RaftClientReply:client-C9E345EC67ED->244f13ac-34be-4c4e-8e45-0c0272edbbb2@group-FE77C852EF02, cid=2657, SUCCESS, logIndex=3943, commits[244f13ac-34be-4c4e-8e45-0c0272edbbb2:c3943, 6287e41a-5356-4f55-84f2-270816d53e84:c3941, a2c18d3d-e79d-47c9-88fe-d8a1d195302b:c3941]
2019-08-23 11:31:45,018 | INFO  | DNAudit | user=null | ip=null | op=WRITE_CHUNK {blockData=conID: 2 locID: 102666069930476129 bcsId: 3943} | ret=SUCCESS |  
2019-08-23 11:31:45,020 | INFO  | DNAudit | user=null | ip=null | op=WRITE_CHUNK {blockData=conID: 2 locID: 102666069930476129 bcsId: 3943} | ret=SUCCESS |  
2019-08-23 11:31:45,020 | INFO  | DNAudit | user=null | ip=null | op=WRITE_CHUNK {blockData=conID: 2 locID: 102666069930476129 bcsId: 3943} | ret=SUCCESS |  
2019-08-23 11:31:45,024 | INFO  | DNAudit | user=null | ip=null | op=WRITE_CHUNK {blockData=conID: 2 locID: 102666069930476129 bcsId: 3937} | ret=SUCCESS |  
2019-08-23 11:31:45,024 | INFO  | DNAudit | user=null | ip=null | op=WRITE_CHUNK {blockData=conID: 2 locID: 102666069930476129 bcsId: 3937} | ret=SUCCESS |  
2019-08-23 11:31:45,027 | INFO  | DNAudit | user=null | ip=null | op=PUT_BLOCK {blockData=[blockId=conID: 2 locID: 102666069930476129 bcsId: 0,size=3145728]} | ret=SUCCESS |  
2019-08-23 11:31:45,027 | INFO  | DNAudit | user=null | ip=null | op=PUT_BLOCK {blockData=[blockId=conID: 2 locID: 102666069930476129 bcsId: 0,size=3145728]} | ret=SUCCESS |  
2019-08-23 11:31:45,027 | INFO  | DNAudit | user=null | ip=null | op=WRITE_CHUNK {blockData=conID: 2 locID: 102666069930476129 bcsId: 3943} | ret=SUCCESS |  
2019-08-23 11:31:45,028 | INFO  | DNAudit | user=null | ip=null | op=PUT_BLOCK {blockData=[blockId=conID: 2 locID: 102666069930476129 bcsId: 0,size=4194304]} | ret=SUCCESS |  
2019-08-23 11:31:45,028 [grpc-default-executor-0] INFO  client.GrpcClientProtocolClient (GrpcClientProtocolClient.java:onNext(255)) - client-C9E345EC67ED->244f13ac-34be-4c4e-8e45-0c0272edbbb2: receive RaftClientReply:client-C9E345EC67ED->244f13ac-34be-4c4e-8e45-0c0272edbbb2@group-FE77C852EF02, cid=2658, SUCCESS, logIndex=3946, commits[244f13ac-34be-4c4e-8e45-0c0272edbbb2:c3947, 6287e41a-5356-4f55-84f2-270816d53e84:c3943, a2c18d3d-e79d-47c9-88fe-d8a1d195302b:c3943]
2019-08-23 11:31:45,028 [grpc-default-executor-0] INFO  client.GrpcClientProtocolClient (GrpcClientProtocolClient.java:onNext(255)) - client-C9E345EC67ED->244f13ac-34be-4c4e-8e45-0c0272edbbb2: receive RaftClientReply:client-C9E345EC67ED->244f13ac-34be-4c4e-8e45-0c0272edbbb2@group-FE77C852EF02, cid=2659, SUCCESS, logIndex=3947, commits[244f13ac-34be-4c4e-8e45-0c0272edbbb2:c3947, 6287e41a-5356-4f55-84f2-270816d53e84:c3943, a2c18d3d-e79d-47c9-88fe-d8a1d195302b:c3943]
2019-08-23 11:31:45,039 | INFO  | DNAudit | user=null | ip=null | op=WRITE_CHUNK {blockData=conID: 2 locID: 102666069930476129 bcsId: 3943} | ret=SUCCESS |  
2019-08-23 11:31:45,039 | INFO  | DNAudit | user=null | ip=null | op=WRITE_CHUNK {blockData=conID: 2 locID: 102666069930476129 bcsId: 3943} | ret=SUCCESS |  
2019-08-23 11:31:45,039 | INFO  | DNAudit | user=null | ip=null | op=PUT_BLOCK {blockData=[blockId=conID: 2 locID: 102666069930476129 bcsId: 0,size=4194304]} | ret=SUCCESS |  
2019-08-23 11:31:45,039 | INFO  | DNAudit | user=null | ip=null | op=PUT_BLOCK {blockData=[blockId=conID: 2 locID: 102666069930476129 bcsId: 0,size=4194304]} | ret=SUCCESS |  
2019-08-23 11:31:45,039 [grpc-default-executor-0] INFO  client.GrpcClientProtocolClient (GrpcClientProtocolClient.java:onNext(255)) - client-C9E345EC67ED->244f13ac-34be-4c4e-8e45-0c0272edbbb2: receive RaftClientReply:client-C9E345EC67ED->244f13ac-34be-4c4e-8e45-0c0272edbbb2@group-FE77C852EF02, cid=2660, SUCCESS, logIndex=0, commits[244f13ac-34be-4c4e-8e45-0c0272edbbb2:c3948, 6287e41a-5356-4f55-84f2-270816d53e84:c3947, a2c18d3d-e79d-47c9-88fe-d8a1d195302b:c3947]
2019-08-23 11:31:45,044 | INFO  | SCMAudit | user=jenkins1000 | ip=192.168.5.185 | op=ALLOCATE_BLOCK {owner=00a23185-76ea-47b5-a641-ad3cfbe5521a, size=4194304, type=RATIS, factor=THREE} | ret=SUCCESS |  
2019-08-23 11:31:45,046 | INFO  | OMAudit | user=jenkins1000 | ip=127.0.0.1 | op=ALLOCATE_BLOCK {volume=vol-0-37508, bucket=bucket-0-50919, key=key-0-57313, dataSize=0, replicationType=null, replicationFactor=null, keyLocationInfo=null, clientID=102666068570931602} | ret=SUCCESS |  
2019-08-23 11:31:45,052 | INFO  | DNAudit | user=null | ip=null | op=WRITE_CHUNK {blockData=conID: 3 locID: 102666069936964194 bcsId: 0} | ret=SUCCESS |  
2019-08-23 11:31:45,054 | INFO  | DNAudit | user=null | ip=null | op=WRITE_CHUNK {blockData=conID: 3 locID: 102666069936964194 bcsId: 0} | ret=SUCCESS |  
2019-08-23 11:31:45,054 | INFO  | DNAudit | user=null | ip=null | op=WRITE_CHUNK {blockData=conID: 3 locID: 102666069936964194 bcsId: 0} | ret=SUCCESS |  
2019-08-23 11:31:45,054 | INFO  | DNAudit | user=null | ip=null | op=WRITE_CHUNK {blockData=conID: 3 locID: 102666069936964194 bcsId: 0} | ret=SUCCESS |  
2019-08-23 11:31:45,055 | INFO  | DNAudit | user=null | ip=null | op=WRITE_CHUNK {blockData=conID: 3 locID: 102666069936964194 bcsId: 0} | ret=SUCCESS |  
2019-08-23 11:31:45,055 | INFO  | DNAudit | user=null | ip=null | op=WRITE_CHUNK {blockData=conID: 3 locID: 102666069936964194 bcsId: 0} | ret=SUCCESS |  
2019-08-23 11:31:45,064 | INFO  | DNAudit | user=null | ip=null | op=WRITE_CHUNK {blockData=conID: 3 locID: 102666069936964194 bcsId: 0} | ret=SUCCESS |  
2019-08-23 11:31:45,065 | INFO  | DNAudit | user=null | ip=null | op=PUT_BLOCK {blockData=[blockId=conID: 3 locID: 102666069936964194 bcsId: 0,size=1048576]} | ret=SUCCESS |  
2019-08-23 11:31:45,065 [grpc-default-executor-0] INFO  client.GrpcClientProtocolClient (GrpcClientProtocolClient.java:onNext(255)) - client-C9E345EC67ED->244f13ac-34be-4c4e-8e45-0c0272edbbb2: receive RaftClientReply:client-C9E345EC67ED->244f13ac-34be-4c4e-8e45-0c0272edbbb2@group-FE77C852EF02, cid=2661, SUCCESS, logIndex=3950, commits[244f13ac-34be-4c4e-8e45-0c0272edbbb2:c3953, 6287e41a-5356-4f55-84f2-270816d53e84:c3949, a2c18d3d-e79d-47c9-88fe-d8a1d195302b:c3949]
2019-08-23 11:31:45,065 | INFO  | DNAudit | user=null | ip=null | op=WRITE_CHUNK {blockData=conID: 3 locID: 102666069936964194 bcsId: 0} | ret=SUCCESS |  
2019-08-23 11:31:45,065 [grpc-default-executor-0] INFO  client.GrpcClientProtocolClient (GrpcClientProtocolClient.java:onNext(255)) - client-C9E345EC67ED->244f13ac-34be-4c4e-8e45-0c0272edbbb2: receive RaftClientReply:client-C9E345EC67ED->244f13ac-34be-4c4e-8e45-0c0272edbbb2@group-FE77C852EF02, cid=2662, SUCCESS, logIndex=3951, commits[244f13ac-34be-4c4e-8e45-0c0272edbbb2:c3953, 6287e41a-5356-4f55-84f2-270816d53e84:c3949, a2c18d3d-e79d-47c9-88fe-d8a1d195302b:c3949]
2019-08-23 11:31:45,066 | INFO  | DNAudit | user=null | ip=null | op=PUT_BLOCK {blockData=[blockId=conID: 3 locID: 102666069936964194 bcsId: 0,size=2097152]} | ret=SUCCESS |  
2019-08-23 11:31:45,066 [grpc-default-executor-0] INFO  client.GrpcClientProtocolClient (GrpcClientProtocolClient.java:onNext(255)) - client-C9E345EC67ED->244f13ac-34be-4c4e-8e45-0c0272edbbb2: receive RaftClientReply:client-C9E345EC67ED->244f13ac-34be-4c4e-8e45-0c0272edbbb2@group-FE77C852EF02, cid=2663, SUCCESS, logIndex=3952, commits[244f13ac-34be-4c4e-8e45-0c0272edbbb2:c3953, 6287e41a-5356-4f55-84f2-270816d53e84:c3949, a2c18d3d-e79d-47c9-88fe-d8a1d195302b:c3949]
2019-08-23 11:31:45,066 [grpc-default-executor-0] INFO  client.GrpcClientProtocolClient (GrpcClientProtocolClient.java:onNext(255)) - client-C9E345EC67ED->244f13ac-34be-4c4e-8e45-0c0272edbbb2: receive RaftClientReply:client-C9E345EC67ED->244f13ac-34be-4c4e-8e45-0c0272edbbb2@group-FE77C852EF02, cid=2664, SUCCESS, logIndex=3953, commits[244f13ac-34be-4c4e-8e45-0c0272edbbb2:c3953, 6287e41a-5356-4f55-84f2-270816d53e84:c3949, a2c18d3d-e79d-47c9-88fe-d8a1d195302b:c3949]
2019-08-23 11:31:45,068 | INFO  | DNAudit | user=null | ip=null | op=WRITE_CHUNK {blockData=conID: 3 locID: 102666069936964194 bcsId: 0} | ret=SUCCESS |  
2019-08-23 11:31:45,068 | INFO  | DNAudit | user=null | ip=null | op=WRITE_CHUNK {blockData=conID: 3 locID: 102666069936964194 bcsId: 0} | ret=SUCCESS |  
2019-08-23 11:31:45,068 | INFO  | DNAudit | user=null | ip=null | op=PUT_BLOCK {blockData=[blockId=conID: 3 locID: 102666069936964194 bcsId: 0,size=1048576]} | ret=SUCCESS |  
2019-08-23 11:31:45,068 | INFO  | DNAudit | user=null | ip=null | op=PUT_BLOCK {blockData=[blockId=conID: 3 locID: 102666069936964194 bcsId: 0,size=1048576]} | ret=SUCCESS |  
2019-08-23 11:31:45,068 [grpc-default-executor-0] INFO  client.GrpcClientProtocolClient (GrpcClientProtocolClient.java:onNext(255)) - client-C9E345EC67ED->244f13ac-34be-4c4e-8e45-0c0272edbbb2: receive RaftClientReply:client-C9E345EC67ED->244f13ac-34be-4c4e-8e45-0c0272edbbb2@group-FE77C852EF02, cid=2665, SUCCESS, logIndex=0, commits[244f13ac-34be-4c4e-8e45-0c0272edbbb2:c3954, 6287e41a-5356-4f55-84f2-270816d53e84:c3951, a2c18d3d-e79d-47c9-88fe-d8a1d195302b:c3951]
2019-08-23 11:31:45,070 | INFO  | DNAudit | user=null | ip=null | op=WRITE_CHUNK {blockData=conID: 3 locID: 102666069936964194 bcsId: 0} | ret=SUCCESS |  
2019-08-23 11:31:45,070 | INFO  | DNAudit | user=null | ip=null | op=PUT_BLOCK {blockData=[blockId=conID: 3 locID: 102666069936964194 bcsId: 0,size=2097152]} | ret=SUCCESS |  
2019-08-23 11:31:45,070 | INFO  | DNAudit | user=null | ip=null | op=WRITE_CHUNK {blockData=conID: 3 locID: 102666069936964194 bcsId: 0} | ret=SUCCESS |  
2019-08-23 11:31:45,070 | INFO  | DNAudit | user=null | ip=null | op=PUT_BLOCK {blockData=[blockId=conID: 3 locID: 102666069936964194 bcsId: 0,size=2097152]} | ret=SUCCESS |  
2019-08-23 11:31:45,074 | INFO  | DNAudit | user=null | ip=null | op=WRITE_CHUNK {blockData=conID: 3 locID: 102666069936964194 bcsId: 3953} | ret=SUCCESS |  
2019-08-23 11:31:45,076 | INFO  | DNAudit | user=null | ip=null | op=WRITE_CHUNK {blockData=conID: 3 locID: 102666069936964194 bcsId: 3953} | ret=SUCCESS |  
2019-08-23 11:31:45,076 | INFO  | DNAudit | user=null | ip=null | op=WRITE_CHUNK {blockData=conID: 3 locID: 102666069936964194 bcsId: 3953} | ret=SUCCESS |  
2019-08-23 11:31:45,085 | INFO  | SCMAudit | user=jenkins1000 | ip=192.168.5.185 | op=SEND_HEARTBEAT {datanodeUUID=b2c34899-c5c3-4720-9d95-984efeabf4a7, command=[]} | ret=SUCCESS |  
2019-08-23 11:31:45,085 | INFO  | SCMAudit | user=jenkins1000 | ip=192.168.5.185 | op=SEND_HEARTBEAT {datanodeUUID=6287e41a-5356-4f55-84f2-270816d53e84, command=[]} | ret=SUCCESS |  
2019-08-23 11:31:45,085 | INFO  | SCMAudit | user=jenkins1000 | ip=192.168.5.185 | op=SEND_HEARTBEAT {datanodeUUID=244f13ac-34be-4c4e-8e45-0c0272edbbb2, command=[]} | ret=SUCCESS |  
2019-08-23 11:31:45,086 | INFO  | SCMAudit | user=jenkins1000 | ip=192.168.5.185 | op=SEND_HEARTBEAT {datanodeUUID=0d166765-8492-4439-8677-f737a7bc54ca, command=[]} | ret=SUCCESS |  
 0.00% |█                                                                                                    |  0/1 Time: 0:00:202019-08-23 11:31:45,087 | INFO  | SCMAudit | user=jenkins1000 | ip=192.168.5.185 | op=SEND_HEARTBEAT {datanodeUUID=a2c18d3d-e79d-47c9-88fe-d8a1d195302b, command=[]} | ret=SUCCESS |  
2019-08-23 11:31:45,093 | INFO  | DNAudit | user=null | ip=null | op=WRITE_CHUNK {blockData=conID: 3 locID: 102666069936964194 bcsId: 3953} | ret=SUCCESS |  
2019-08-23 11:31:45,105 | INFO  | DNAudit | user=null | ip=null | op=PUT_BLOCK {blockData=[blockId=conID: 3 locID: 102666069936964194 bcsId: 0,size=3145728]} | ret=SUCCESS |  
2019-08-23 11:31:45,105 [grpc-default-executor-2] INFO  client.GrpcClientProtocolClient (GrpcClientProtocolClient.java:onNext(255)) - client-C9E345EC67ED->244f13ac-34be-4c4e-8e45-0c0272edbbb2: receive RaftClientReply:client-C9E345EC67ED->244f13ac-34be-4c4e-8e45-0c0272edbbb2@group-FE77C852EF02, cid=2666, SUCCESS, logIndex=3958, commits[244f13ac-34be-4c4e-8e45-0c0272edbbb2:c3959, 6287e41a-5356-4f55-84f2-270816d53e84:c3953, a2c18d3d-e79d-47c9-88fe-d8a1d195302b:c3957]
2019-08-23 11:31:45,106 [grpc-default-executor-2] INFO  client.GrpcClientProtocolClient (GrpcClientProtocolClient.java:onNext(255)) - client-C9E345EC67ED->244f13ac-34be-4c4e-8e45-0c0272edbbb2: receive RaftClientReply:client-C9E345EC67ED->244f13ac-34be-4c4e-8e45-0c0272edbbb2@group-FE77C852EF02, cid=2667, SUCCESS, logIndex=3959, commits[244f13ac-34be-4c4e-8e45-0c0272edbbb2:c3959, 6287e41a-5356-4f55-84f2-270816d53e84:c3953, a2c18d3d-e79d-47c9-88fe-d8a1d195302b:c3957]
2019-08-23 11:31:45,106 | INFO  | DNAudit | user=null | ip=null | op=WRITE_CHUNK {blockData=conID: 3 locID: 102666069936964194 bcsId: 3953} | ret=SUCCESS |  
2019-08-23 11:31:45,107 | INFO  | DNAudit | user=null | ip=null | op=WRITE_CHUNK {blockData=conID: 3 locID: 102666069936964194 bcsId: 3953} | ret=SUCCESS |  
2019-08-23 11:31:45,107 | INFO  | DNAudit | user=null | ip=null | op=PUT_BLOCK {blockData=[blockId=conID: 3 locID: 102666069936964194 bcsId: 0,size=3145728]} | ret=SUCCESS |  
2019-08-23 11:31:45,107 | INFO  | DNAudit | user=null | ip=null | op=PUT_BLOCK {blockData=[blockId=conID: 3 locID: 102666069936964194 bcsId: 0,size=3145728]} | ret=SUCCESS |  
2019-08-23 11:31:45,111 | INFO  | DNAudit | user=null | ip=null | op=WRITE_CHUNK {blockData=conID: 3 locID: 102666069936964194 bcsId: 3959} | ret=SUCCESS |  
2019-08-23 11:31:45,113 | INFO  | DNAudit | user=null | ip=null | op=WRITE_CHUNK {blockData=conID: 3 locID: 102666069936964194 bcsId: 3959} | ret=SUCCESS |  
2019-08-23 11:31:45,113 | INFO  | DNAudit | user=null | ip=null | op=WRITE_CHUNK {blockData=conID: 3 locID: 102666069936964194 bcsId: 3959} | ret=SUCCESS |  
2019-08-23 11:31:45,123 | INFO  | DNAudit | user=null | ip=null | op=WRITE_CHUNK {blockData=conID: 3 locID: 102666069936964194 bcsId: 3959} | ret=SUCCESS |  
2019-08-23 11:31:45,124 | INFO  | DNAudit | user=null | ip=null | op=PUT_BLOCK {blockData=[blockId=conID: 3 locID: 102666069936964194 bcsId: 0,size=4194304]} | ret=SUCCESS |  
2019-08-23 11:31:45,124 [grpc-default-executor-2] INFO  client.GrpcClientProtocolClient (GrpcClientProtocolClient.java:onNext(255)) - client-C9E345EC67ED->244f13ac-34be-4c4e-8e45-0c0272edbbb2: receive RaftClientReply:client-C9E345EC67ED->244f13ac-34be-4c4e-8e45-0c0272edbbb2@group-FE77C852EF02, cid=2668, SUCCESS, logIndex=3962, commits[244f13ac-34be-4c4e-8e45-0c0272edbbb2:c3963, 6287e41a-5356-4f55-84f2-270816d53e84:c3961, a2c18d3d-e79d-47c9-88fe-d8a1d195302b:c3961]
2019-08-23 11:31:45,124 [grpc-default-executor-2] INFO  client.GrpcClientProtocolClient (GrpcClientProtocolClient.java:onNext(255)) - client-C9E345EC67ED->244f13ac-34be-4c4e-8e45-0c0272edbbb2: receive RaftClientReply:client-C9E345EC67ED->244f13ac-34be-4c4e-8e45-0c0272edbbb2@group-FE77C852EF02, cid=2669, SUCCESS, logIndex=3963, commits[244f13ac-34be-4c4e-8e45-0c0272edbbb2:c3963, 6287e41a-5356-4f55-84f2-270816d53e84:c3961, a2c18d3d-e79d-47c9-88fe-d8a1d195302b:c3961]
2019-08-23 11:31:45,137 | INFO  | DNAudit | user=null | ip=null | op=WRITE_CHUNK {blockData=conID: 3 locID: 102666069936964194 bcsId: 3959} | ret=SUCCESS |  
2019-08-23 11:31:45,137 | INFO  | DNAudit | user=null | ip=null | op=WRITE_CHUNK {blockData=conID: 3 locID: 102666069936964194 bcsId: 3959} | ret=SUCCESS |  
2019-08-23 11:31:45,148 | INFO  | DNAudit | user=null | ip=null | op=PUT_BLOCK {blockData=[blockId=conID: 3 locID: 102666069936964194 bcsId: 0,size=4194304]} | ret=SUCCESS |  
2019-08-23 11:31:45,148 | INFO  | DNAudit | user=null | ip=null | op=PUT_BLOCK {blockData=[blockId=conID: 3 locID: 102666069936964194 bcsId: 0,size=4194304]} | ret=SUCCESS |  
2019-08-23 11:31:45,148 [grpc-default-executor-0] INFO  client.GrpcClientProtocolClient (GrpcClientProtocolClient.java:onNext(255)) - client-C9E345EC67ED->244f13ac-34be-4c4e-8e45-0c0272edbbb2: receive RaftClientReply:client-C9E345EC67ED->244f13ac-34be-4c4e-8e45-0c0272edbbb2@group-FE77C852EF02, cid=2670, SUCCESS, logIndex=0, commits[244f13ac-34be-4c4e-8e45-0c0272edbbb2:c3965, 6287e41a-5356-4f55-84f2-270816d53e84:c3963, a2c18d3d-e79d-47c9-88fe-d8a1d195302b:c3963]
2019-08-23 11:31:45,153 | INFO  | SCMAudit | user=jenkins1000 | ip=192.168.5.185 | op=ALLOCATE_BLOCK {owner=00a23185-76ea-47b5-a641-ad3cfbe5521a, size=4194304, type=RATIS, factor=THREE} | ret=SUCCESS |  
2019-08-23 11:31:45,155 | INFO  | OMAudit | user=jenkins1000 | ip=127.0.0.1 | op=ALLOCATE_BLOCK {volume=vol-0-37508, bucket=bucket-0-50919, key=key-0-57313, dataSize=0, replicationType=null, replicationFactor=null, keyLocationInfo=null, clientID=102666068570931602} | ret=SUCCESS |  
2019-08-23 11:31:45,161 | INFO  | DNAudit | user=null | ip=null | op=WRITE_CHUNK {blockData=conID: 1 locID: 102666069944107619 bcsId: 0} | ret=SUCCESS |  
2019-08-23 11:31:45,163 | INFO  | DNAudit | user=null | ip=null | op=WRITE_CHUNK {blockData=conID: 1 locID: 102666069944107619 bcsId: 0} | ret=SUCCESS |  
2019-08-23 11:31:45,163 | INFO  | DNAudit | user=null | ip=null | op=WRITE_CHUNK {blockData=conID: 1 locID: 102666069944107619 bcsId: 0} | ret=SUCCESS |  
2019-08-23 11:31:45,163 | INFO  | DNAudit | user=null | ip=null | op=WRITE_CHUNK {blockData=conID: 1 locID: 102666069944107619 bcsId: 0} | ret=SUCCESS |  
2019-08-23 11:31:45,164 | INFO  | DNAudit | user=null | ip=null | op=WRITE_CHUNK {blockData=conID: 1 locID: 102666069944107619 bcsId: 0} | ret=SUCCESS |  
2019-08-23 11:31:45,164 | INFO  | DNAudit | user=null | ip=null | op=WRITE_CHUNK {blockData=conID: 1 locID: 102666069944107619 bcsId: 0} | ret=SUCCESS |  
2019-08-23 11:31:45,174 | INFO  | DNAudit | user=null | ip=null | op=WRITE_CHUNK {blockData=conID: 1 locID: 102666069944107619 bcsId: 0} | ret=SUCCESS |  
2019-08-23 11:31:45,273 | INFO  | DNAudit | user=null | ip=null | op=PUT_BLOCK {blockData=[blockId=conID: 1 locID: 102666069944107619 bcsId: 0,size=1048576]} | ret=SUCCESS |  
2019-08-23 11:31:45,273 | INFO  | DNAudit | user=null | ip=null | op=WRITE_CHUNK {blockData=conID: 1 locID: 102666069944107619 bcsId: 0} | ret=SUCCESS |  
2019-08-23 11:31:45,273 [grpc-default-executor-4] INFO  client.GrpcClientProtocolClient (GrpcClientProtocolClient.java:onNext(255)) - client-C9E345EC67ED->244f13ac-34be-4c4e-8e45-0c0272edbbb2: receive RaftClientReply:client-C9E345EC67ED->244f13ac-34be-4c4e-8e45-0c0272edbbb2@group-FE77C852EF02, cid=2671, SUCCESS, logIndex=3966, commits[244f13ac-34be-4c4e-8e45-0c0272edbbb2:c3967, 6287e41a-5356-4f55-84f2-270816d53e84:c3965, a2c18d3d-e79d-47c9-88fe-d8a1d195302b:c3965]
2019-08-23 11:31:45,274 | INFO  | DNAudit | user=null | ip=null | op=WRITE_CHUNK {blockData=conID: 1 locID: 102666069944107619 bcsId: 0} | ret=SUCCESS |  
2019-08-23 11:31:45,274 | INFO  | DNAudit | user=null | ip=null | op=WRITE_CHUNK {blockData=conID: 1 locID: 102666069944107619 bcsId: 0} | ret=SUCCESS |  
2019-08-23 11:31:45,274 | INFO  | DNAudit | user=null | ip=null | op=PUT_BLOCK {blockData=[blockId=conID: 1 locID: 102666069944107619 bcsId: 0,size=1048576]} | ret=SUCCESS |  
2019-08-23 11:31:45,274 | INFO  | DNAudit | user=null | ip=null | op=PUT_BLOCK {blockData=[blockId=conID: 1 locID: 102666069944107619 bcsId: 0,size=2097152]} | ret=SUCCESS |  
2019-08-23 11:31:45,274 [grpc-default-executor-4] INFO  client.GrpcClientProtocolClient (GrpcClientProtocolClient.java:onNext(255)) - client-C9E345EC67ED->244f13ac-34be-4c4e-8e45-0c0272edbbb2: receive RaftClientReply:client-C9E345EC67ED->244f13ac-34be-4c4e-8e45-0c0272edbbb2@group-FE77C852EF02, cid=2672, SUCCESS, logIndex=3967, commits[244f13ac-34be-4c4e-8e45-0c0272edbbb2:c3969, 6287e41a-5356-4f55-84f2-270816d53e84:c3967, a2c18d3d-e79d-47c9-88fe-d8a1d195302b:c3965]
2019-08-23 11:31:45,274 [grpc-default-executor-4] INFO  client.GrpcClientProtocolClient (GrpcClientProtocolClient.java:onNext(255)) - client-C9E345EC67ED->244f13ac-34be-4c4e-8e45-0c0272edbbb2: receive RaftClientReply:client-C9E345EC67ED->244f13ac-34be-4c4e-8e45-0c0272edbbb2@group-FE77C852EF02, cid=2673, SUCCESS, logIndex=3968, commits[244f13ac-34be-4c4e-8e45-0c0272edbbb2:c3969, 6287e41a-5356-4f55-84f2-270816d53e84:c3967, a2c18d3d-e79d-47c9-88fe-d8a1d195302b:c3966]
2019-08-23 11:31:45,274 [grpc-default-executor-4] INFO  client.GrpcClientProtocolClient (GrpcClientProtocolClient.java:onNext(255)) - client-C9E345EC67ED->244f13ac-34be-4c4e-8e45-0c0272edbbb2: receive RaftClientReply:client-C9E345EC67ED->244f13ac-34be-4c4e-8e45-0c0272edbbb2@group-FE77C852EF02, cid=2674, SUCCESS, logIndex=3969, commits[244f13ac-34be-4c4e-8e45-0c0272edbbb2:c3969, 6287e41a-5356-4f55-84f2-270816d53e84:c3967, a2c18d3d-e79d-47c9-88fe-d8a1d195302b:c3966]
2019-08-23 11:31:45,286 | INFO  | DNAudit | user=null | ip=null | op=PUT_BLOCK {blockData=[blockId=conID: 1 locID: 102666069944107619 bcsId: 0,size=1048576]} | ret=SUCCESS |  
2019-08-23 11:31:45,287 | INFO  | DNAudit | user=null | ip=null | op=WRITE_CHUNK {blockData=conID: 1 locID: 102666069944107619 bcsId: 0} | ret=SUCCESS |  
2019-08-23 11:31:45,287 | INFO  | DNAudit | user=null | ip=null | op=PUT_BLOCK {blockData=[blockId=conID: 1 locID: 102666069944107619 bcsId: 0,size=2097152]} | ret=SUCCESS |  
2019-08-23 11:31:45,287 [grpc-default-executor-4] INFO  client.GrpcClientProtocolClient (GrpcClientProtocolClient.java:onNext(255)) - client-C9E345EC67ED->244f13ac-34be-4c4e-8e45-0c0272edbbb2: receive RaftClientReply:client-C9E345EC67ED->244f13ac-34be-4c4e-8e45-0c0272edbbb2@group-FE77C852EF02, cid=2675, SUCCESS, logIndex=0, commits[244f13ac-34be-4c4e-8e45-0c0272edbbb2:c3971, 6287e41a-5356-4f55-84f2-270816d53e84:c3967, a2c18d3d-e79d-47c9-88fe-d8a1d195302b:c3967]
2019-08-23 11:31:45,292 | INFO  | DNAudit | user=null | ip=null | op=WRITE_CHUNK {blockData=conID: 1 locID: 102666069944107619 bcsId: 3969} | ret=SUCCESS |  
2019-08-23 11:31:45,293 | INFO  | DNAudit | user=null | ip=null | op=WRITE_CHUNK {blockData=conID: 1 locID: 102666069944107619 bcsId: 3969} | ret=SUCCESS |  
2019-08-23 11:31:45,293 | INFO  | DNAudit | user=null | ip=null | op=WRITE_CHUNK {blockData=conID: 1 locID: 102666069944107619 bcsId: 3969} | ret=SUCCESS |  
2019-08-23 11:31:45,299 | INFO  | DNAudit | user=null | ip=null | op=WRITE_CHUNK {blockData=conID: 1 locID: 102666069944107619 bcsId: 0} | ret=SUCCESS |  
2019-08-23 11:31:45,300 | INFO  | DNAudit | user=null | ip=null | op=PUT_BLOCK {blockData=[blockId=conID: 1 locID: 102666069944107619 bcsId: 0,size=2097152]} | ret=SUCCESS |  
2019-08-23 11:31:45,310 | INFO  | DNAudit | user=null | ip=null | op=WRITE_CHUNK {blockData=conID: 1 locID: 102666069944107619 bcsId: 3969} | ret=SUCCESS |  
2019-08-23 11:31:45,310 | INFO  | DNAudit | user=null | ip=null | op=PUT_BLOCK {blockData=[blockId=conID: 1 locID: 102666069944107619 bcsId: 0,size=3145728]} | ret=SUCCESS |  
2019-08-23 11:31:45,310 [grpc-default-executor-0] INFO  client.GrpcClientProtocolClient (GrpcClientProtocolClient.java:onNext(255)) - client-C9E345EC67ED->244f13ac-34be-4c4e-8e45-0c0272edbbb2: receive RaftClientReply:client-C9E345EC67ED->244f13ac-34be-4c4e-8e45-0c0272edbbb2@group-FE77C852EF02, cid=2676, SUCCESS, logIndex=3974, commits[244f13ac-34be-4c4e-8e45-0c0272edbbb2:c3975, 6287e41a-5356-4f55-84f2-270816d53e84:c3969, a2c18d3d-e79d-47c9-88fe-d8a1d195302b:c3972]
2019-08-23 11:31:45,310 [grpc-default-executor-0] INFO  client.GrpcClientProtocolClient (GrpcClientProtocolClient.java:onNext(255)) - client-C9E345EC67ED->244f13ac-34be-4c4e-8e45-0c0272edbbb2: receive RaftClientReply:client-C9E345EC67ED->244f13ac-34be-4c4e-8e45-0c0272edbbb2@group-FE77C852EF02, cid=2677, SUCCESS, logIndex=3975, commits[244f13ac-34be-4c4e-8e45-0c0272edbbb2:c3975, 6287e41a-5356-4f55-84f2-270816d53e84:c3969, a2c18d3d-e79d-47c9-88fe-d8a1d195302b:c3972]
2019-08-23 11:31:45,313 | INFO  | DNAudit | user=null | ip=null | op=WRITE_CHUNK {blockData=conID: 1 locID: 102666069944107619 bcsId: 3969} | ret=SUCCESS |  
2019-08-23 11:31:45,313 | INFO  | DNAudit | user=null | ip=null | op=PUT_BLOCK {blockData=[blockId=conID: 1 locID: 102666069944107619 bcsId: 0,size=3145728]} | ret=SUCCESS |  
2019-08-23 11:31:45,315 | INFO  | DNAudit | user=null | ip=null | op=WRITE_CHUNK {blockData=conID: 1 locID: 102666069944107619 bcsId: 3975} | ret=SUCCESS |  
2019-08-23 11:31:45,317 | INFO  | DNAudit | user=null | ip=null | op=WRITE_CHUNK {blockData=conID: 1 locID: 102666069944107619 bcsId: 3975} | ret=SUCCESS |  
2019-08-23 11:31:45,317 | INFO  | DNAudit | user=null | ip=null | op=WRITE_CHUNK {blockData=conID: 1 locID: 102666069944107619 bcsId: 3975} | ret=SUCCESS |  
2019-08-23 11:31:45,323 | INFO  | DNAudit | user=null | ip=null | op=WRITE_CHUNK {blockData=conID: 1 locID: 102666069944107619 bcsId: 3969} | ret=SUCCESS |  
2019-08-23 11:31:45,323 | INFO  | DNAudit | user=null | ip=null | op=PUT_BLOCK {blockData=[blockId=conID: 1 locID: 102666069944107619 bcsId: 0,size=3145728]} | ret=SUCCESS |  
2019-08-23 11:31:45,323 | INFO  | DNAudit | user=null | ip=null | op=WRITE_CHUNK {blockData=conID: 1 locID: 102666069944107619 bcsId: 3975} | ret=SUCCESS |  
2019-08-23 11:31:45,324 | INFO  | DNAudit | user=null | ip=null | op=PUT_BLOCK {blockData=[blockId=conID: 1 locID: 102666069944107619 bcsId: 0,size=4194304]} | ret=SUCCESS |  
2019-08-23 11:31:45,324 [grpc-default-executor-0] INFO  client.GrpcClientProtocolClient (GrpcClientProtocolClient.java:onNext(255)) - client-C9E345EC67ED->244f13ac-34be-4c4e-8e45-0c0272edbbb2: receive RaftClientReply:client-C9E345EC67ED->244f13ac-34be-4c4e-8e45-0c0272edbbb2@group-FE77C852EF02, cid=2678, SUCCESS, logIndex=3977, commits[244f13ac-34be-4c4e-8e45-0c0272edbbb2:c3978, 6287e41a-5356-4f55-84f2-270816d53e84:c3975, a2c18d3d-e79d-47c9-88fe-d8a1d195302b:c3976]
2019-08-23 11:31:45,324 [grpc-default-executor-0] INFO  client.GrpcClientProtocolClient (GrpcClientProtocolClient.java:onNext(255)) - client-C9E345EC67ED->244f13ac-34be-4c4e-8e45-0c0272edbbb2: receive RaftClientReply:client-C9E345EC67ED->244f13ac-34be-4c4e-8e45-0c0272edbbb2@group-FE77C852EF02, cid=2679, SUCCESS, logIndex=3978, commits[244f13ac-34be-4c4e-8e45-0c0272edbbb2:c3978, 6287e41a-5356-4f55-84f2-270816d53e84:c3976, a2c18d3d-e79d-47c9-88fe-d8a1d195302b:c3976]
2019-08-23 11:31:45,325 | INFO  | DNAudit | user=null | ip=null | op=WRITE_CHUNK {blockData=conID: 1 locID: 102666069944107619 bcsId: 3975} | ret=SUCCESS |  
2019-08-23 11:31:45,325 | INFO  | DNAudit | user=null | ip=null | op=WRITE_CHUNK {blockData=conID: 1 locID: 102666069944107619 bcsId: 3975} | ret=SUCCESS |  
2019-08-23 11:31:45,325 | INFO  | DNAudit | user=null | ip=null | op=PUT_BLOCK {blockData=[blockId=conID: 1 locID: 102666069944107619 bcsId: 0,size=4194304]} | ret=SUCCESS |  
2019-08-23 11:31:45,328 | INFO  | DNAudit | user=null | ip=null | op=PUT_BLOCK {blockData=[blockId=conID: 1 locID: 102666069944107619 bcsId: 0,size=4194304]} | ret=SUCCESS |  
2019-08-23 11:31:45,328 [grpc-default-executor-0] INFO  client.GrpcClientProtocolClient (GrpcClientProtocolClient.java:onNext(255)) - client-C9E345EC67ED->244f13ac-34be-4c4e-8e45-0c0272edbbb2: receive RaftClientReply:client-C9E345EC67ED->244f13ac-34be-4c4e-8e45-0c0272edbbb2@group-FE77C852EF02, cid=2680, SUCCESS, logIndex=0, commits[244f13ac-34be-4c4e-8e45-0c0272edbbb2:c3980, 6287e41a-5356-4f55-84f2-270816d53e84:c3978, a2c18d3d-e79d-47c9-88fe-d8a1d195302b:c3978]
2019-08-23 11:31:45,332 | INFO  | SCMAudit | user=jenkins1000 | ip=192.168.5.185 | op=ALLOCATE_BLOCK {owner=00a23185-76ea-47b5-a641-ad3cfbe5521a, size=4194304, type=RATIS, factor=THREE} | ret=SUCCESS |  
2019-08-23 11:31:45,334 | INFO  | OMAudit | user=jenkins1000 | ip=127.0.0.1 | op=ALLOCATE_BLOCK {volume=vol-0-37508, bucket=bucket-0-50919, key=key-0-57313, dataSize=0, replicationType=null, replicationFactor=null, keyLocationInfo=null, clientID=102666068570931602} | ret=SUCCESS |  
2019-08-23 11:31:45,340 | INFO  | DNAudit | user=null | ip=null | op=WRITE_CHUNK {blockData=conID: 2 locID: 102666069955838564 bcsId: 0} | ret=SUCCESS |  
2019-08-23 11:31:45,341 | INFO  | DNAudit | user=null | ip=null | op=WRITE_CHUNK {blockData=conID: 2 locID: 102666069955838564 bcsId: 0} | ret=SUCCESS |  
2019-08-23 11:31:45,342 | INFO  | DNAudit | user=null | ip=null | op=WRITE_CHUNK {blockData=conID: 2 locID: 102666069955838564 bcsId: 0} | ret=SUCCESS |  
2019-08-23 11:31:45,342 | INFO  | DNAudit | user=null | ip=null | op=WRITE_CHUNK {blockData=conID: 2 locID: 102666069955838564 bcsId: 0} | ret=SUCCESS |  
2019-08-23 11:31:45,343 | INFO  | DNAudit | user=null | ip=null | op=WRITE_CHUNK {blockData=conID: 2 locID: 102666069955838564 bcsId: 0} | ret=SUCCESS |  
2019-08-23 11:31:45,343 | INFO  | DNAudit | user=null | ip=null | op=WRITE_CHUNK {blockData=conID: 2 locID: 102666069955838564 bcsId: 0} | ret=SUCCESS |  
2019-08-23 11:31:45,352 | INFO  | DNAudit | user=null | ip=null | op=WRITE_CHUNK {blockData=conID: 2 locID: 102666069955838564 bcsId: 0} | ret=SUCCESS |  
2019-08-23 11:31:45,352 | INFO  | DNAudit | user=null | ip=null | op=PUT_BLOCK {blockData=[blockId=conID: 2 locID: 102666069955838564 bcsId: 0,size=1048576]} | ret=SUCCESS |  
2019-08-23 11:31:45,352 [grpc-default-executor-4] INFO  client.GrpcClientProtocolClient (GrpcClientProtocolClient.java:onNext(255)) - client-C9E345EC67ED->244f13ac-34be-4c4e-8e45-0c0272edbbb2: receive RaftClientReply:client-C9E345EC67ED->244f13ac-34be-4c4e-8e45-0c0272edbbb2@group-FE77C852EF02, cid=2681, SUCCESS, logIndex=3981, commits[244f13ac-34be-4c4e-8e45-0c0272edbbb2:c3982, 6287e41a-5356-4f55-84f2-270816d53e84:c3980, a2c18d3d-e79d-47c9-88fe-d8a1d195302b:c3980]
2019-08-23 11:31:45,353 [grpc-default-executor-4] INFO  client.GrpcClientProtocolClient (GrpcClientProtocolClient.java:onNext(255)) - client-C9E345EC67ED->244f13ac-34be-4c4e-8e45-0c0272edbbb2: receive RaftClientReply:client-C9E345EC67ED->244f13ac-34be-4c4e-8e45-0c0272edbbb2@group-FE77C852EF02, cid=2682, SUCCESS, logIndex=3982, commits[244f13ac-34be-4c4e-8e45-0c0272edbbb2:c3982, 6287e41a-5356-4f55-84f2-270816d53e84:c3980, a2c18d3d-e79d-47c9-88fe-d8a1d195302b:c3980]
2019-08-23 11:31:45,353 | INFO  | DNAudit | user=null | ip=null | op=WRITE_CHUNK {blockData=conID: 2 locID: 102666069955838564 bcsId: 0} | ret=SUCCESS |  
2019-08-23 11:31:45,353 | INFO  | DNAudit | user=null | ip=null | op=WRITE_CHUNK {blockData=conID: 2 locID: 102666069955838564 bcsId: 0} | ret=SUCCESS |  
2019-08-23 11:31:45,353 | INFO  | DNAudit | user=null | ip=null | op=PUT_BLOCK {blockData=[blockId=conID: 2 locID: 102666069955838564 bcsId: 0,size=2097152]} | ret=SUCCESS |  
2019-08-23 11:31:45,353 | INFO  | DNAudit | user=null | ip=null | op=PUT_BLOCK {blockData=[blockId=conID: 2 locID: 102666069955838564 bcsId: 0,size=1048576]} | ret=SUCCESS |  
2019-08-23 11:31:45,353 [grpc-default-executor-4] INFO  client.GrpcClientProtocolClient (GrpcClientProtocolClient.java:onNext(255)) - client-C9E345EC67ED->244f13ac-34be-4c4e-8e45-0c0272edbbb2: receive RaftClientReply:client-C9E345EC67ED->244f13ac-34be-4c4e-8e45-0c0272edbbb2@group-FE77C852EF02, cid=2683, SUCCESS, logIndex=3983, commits[244f13ac-34be-4c4e-8e45-0c0272edbbb2:c3984, 6287e41a-5356-4f55-84f2-270816d53e84:c3980, a2c18d3d-e79d-47c9-88fe-d8a1d195302b:c3980]
2019-08-23 11:31:45,353 [grpc-default-executor-4] INFO  client.GrpcClientProtocolClient (GrpcClientProtocolClient.java:onNext(255)) - client-C9E345EC67ED->244f13ac-34be-4c4e-8e45-0c0272edbbb2: receive RaftClientReply:client-C9E345EC67ED->244f13ac-34be-4c4e-8e45-0c0272edbbb2@group-FE77C852EF02, cid=2684, SUCCESS, logIndex=3984, commits[244f13ac-34be-4c4e-8e45-0c0272edbbb2:c3984, 6287e41a-5356-4f55-84f2-270816d53e84:c3982, a2c18d3d-e79d-47c9-88fe-d8a1d195302b:c3980]
2019-08-23 11:31:45,354 | INFO  | DNAudit | user=null | ip=null | op=WRITE_CHUNK {blockData=conID: 2 locID: 102666069955838564 bcsId: 0} | ret=SUCCESS |  
2019-08-23 11:31:45,354 | INFO  | DNAudit | user=null | ip=null | op=PUT_BLOCK {blockData=[blockId=conID: 2 locID: 102666069955838564 bcsId: 0,size=1048576]} | ret=SUCCESS |  
2019-08-23 11:31:45,354 [grpc-default-executor-4] INFO  client.GrpcClientProtocolClient (GrpcClientProtocolClient.java:onNext(255)) - client-C9E345EC67ED->244f13ac-34be-4c4e-8e45-0c0272edbbb2: receive RaftClientReply:client-C9E345EC67ED->244f13ac-34be-4c4e-8e45-0c0272edbbb2@group-FE77C852EF02, cid=2685, SUCCESS, logIndex=0, commits[244f13ac-34be-4c4e-8e45-0c0272edbbb2:c3984, 6287e41a-5356-4f55-84f2-270816d53e84:c3982, a2c18d3d-e79d-47c9-88fe-d8a1d195302b:c3982]
2019-08-23 11:31:45,358 | INFO  | DNAudit | user=null | ip=null | op=WRITE_CHUNK {blockData=conID: 2 locID: 102666069955838564 bcsId: 3984} | ret=SUCCESS |  
2019-08-23 11:31:45,360 | INFO  | DNAudit | user=null | ip=null | op=WRITE_CHUNK {blockData=conID: 2 locID: 102666069955838564 bcsId: 3984} | ret=SUCCESS |  
2019-08-23 11:31:45,360 | INFO  | DNAudit | user=null | ip=null | op=WRITE_CHUNK {blockData=conID: 2 locID: 102666069955838564 bcsId: 3984} | ret=SUCCESS |  
2019-08-23 11:31:45,370 | INFO  | DNAudit | user=null | ip=null | op=WRITE_CHUNK {blockData=conID: 2 locID: 102666069955838564 bcsId: 0} | ret=SUCCESS |  
2019-08-23 11:31:45,370 | INFO  | DNAudit | user=null | ip=null | op=WRITE_CHUNK {blockData=conID: 2 locID: 102666069955838564 bcsId: 0} | ret=SUCCESS |  
2019-08-23 11:31:45,371 | INFO  | DNAudit | user=null | ip=null | op=PUT_BLOCK {blockData=[blockId=conID: 2 locID: 102666069955838564 bcsId: 0,size=2097152]} | ret=SUCCESS |  
2019-08-23 11:31:45,371 | INFO  | DNAudit | user=null | ip=null | op=WRITE_CHUNK {blockData=conID: 2 locID: 102666069955838564 bcsId: 3984} | ret=SUCCESS |  
2019-08-23 11:31:45,371 | INFO  | DNAudit | user=null | ip=null | op=PUT_BLOCK {blockData=[blockId=conID: 2 locID: 102666069955838564 bcsId: 0,size=2097152]} | ret=SUCCESS |  
2019-08-23 11:31:45,371 | INFO  | DNAudit | user=null | ip=null | op=PUT_BLOCK {blockData=[blockId=conID: 2 locID: 102666069955838564 bcsId: 0,size=3145728]} | ret=SUCCESS |  
2019-08-23 11:31:45,371 [grpc-default-executor-0] INFO  client.GrpcClientProtocolClient (GrpcClientProtocolClient.java:onNext(255)) - client-C9E345EC67ED->244f13ac-34be-4c4e-8e45-0c0272edbbb2: receive RaftClientReply:client-C9E345EC67ED->244f13ac-34be-4c4e-8e45-0c0272edbbb2@group-FE77C852EF02, cid=2686, SUCCESS, logIndex=3988, commits[244f13ac-34be-4c4e-8e45-0c0272edbbb2:c3989, 6287e41a-5356-4f55-84f2-270816d53e84:c3987, a2c18d3d-e79d-47c9-88fe-d8a1d195302b:c3987]
2019-08-23 11:31:45,371 [grpc-default-executor-0] INFO  client.GrpcClientProtocolClient (GrpcClientProtocolClient.java:onNext(255)) - client-C9E345EC67ED->244f13ac-34be-4c4e-8e45-0c0272edbbb2: receive RaftClientReply:client-C9E345EC67ED->244f13ac-34be-4c4e-8e45-0c0272edbbb2@group-FE77C852EF02, cid=2687, SUCCESS, logIndex=3989, commits[244f13ac-34be-4c4e-8e45-0c0272edbbb2:c3989, 6287e41a-5356-4f55-84f2-270816d53e84:c3987, a2c18d3d-e79d-47c9-88fe-d8a1d195302b:c3987]
2019-08-23 11:31:45,376 | INFO  | DNAudit | user=null | ip=null | op=WRITE_CHUNK {blockData=conID: 2 locID: 102666069955838564 bcsId: 3989} | ret=SUCCESS |  
2019-08-23 11:31:45,377 | INFO  | DNAudit | user=null | ip=null | op=WRITE_CHUNK {blockData=conID: 2 locID: 102666069955838564 bcsId: 3989} | ret=SUCCESS |  
2019-08-23 11:31:45,377 | INFO  | DNAudit | user=null | ip=null | op=WRITE_CHUNK {blockData=conID: 2 locID: 102666069955838564 bcsId: 3989} | ret=SUCCESS |  
2019-08-23 11:31:45,382 | INFO  | DNAudit | user=null | ip=null | op=WRITE_CHUNK {blockData=conID: 2 locID: 102666069955838564 bcsId: 3984} | ret=SUCCESS |  
2019-08-23 11:31:45,382 | INFO  | DNAudit | user=null | ip=null | op=WRITE_CHUNK {blockData=conID: 2 locID: 102666069955838564 bcsId: 3984} | ret=SUCCESS |  
2019-08-23 11:31:45,385 | INFO  | DNAudit | user=null | ip=null | op=PUT_BLOCK {blockData=[blockId=conID: 2 locID: 102666069955838564 bcsId: 0,size=3145728]} | ret=SUCCESS |  
2019-08-23 11:31:45,385 | INFO  | DNAudit | user=null | ip=null | op=PUT_BLOCK {blockData=[blockId=conID: 2 locID: 102666069955838564 bcsId: 0,size=3145728]} | ret=SUCCESS |  
2019-08-23 11:31:45,385 | INFO  | DNAudit | user=null | ip=null | op=WRITE_CHUNK {blockData=conID: 2 locID: 102666069955838564 bcsId: 3989} | ret=SUCCESS |  
2019-08-23 11:31:45,386 | INFO  | DNAudit | user=null | ip=null | op=PUT_BLOCK {blockData=[blockId=conID: 2 locID: 102666069955838564 bcsId: 0,size=4194304]} | ret=SUCCESS |  
2019-08-23 11:31:45,386 [grpc-default-executor-4] INFO  client.GrpcClientProtocolClient (GrpcClientProtocolClient.java:onNext(255)) - client-C9E345EC67ED->244f13ac-34be-4c4e-8e45-0c0272edbbb2: receive RaftClientReply:client-C9E345EC67ED->244f13ac-34be-4c4e-8e45-0c0272edbbb2@group-FE77C852EF02, cid=2688, SUCCESS, logIndex=3992, commits[244f13ac-34be-4c4e-8e45-0c0272edbbb2:c3992, 6287e41a-5356-4f55-84f2-270816d53e84:c3989, a2c18d3d-e79d-47c9-88fe-d8a1d195302b:c3989]
2019-08-23 11:31:45,386 [grpc-default-executor-4] INFO  client.GrpcClientProtocolClient (GrpcClientProtocolClient.java:onNext(255)) - client-C9E345EC67ED->244f13ac-34be-4c4e-8e45-0c0272edbbb2: receive RaftClientReply:client-C9E345EC67ED->244f13ac-34be-4c4e-8e45-0c0272edbbb2@group-FE77C852EF02, cid=2689, SUCCESS, logIndex=3993, commits[244f13ac-34be-4c4e-8e45-0c0272edbbb2:c3993, 6287e41a-5356-4f55-84f2-270816d53e84:c3989, a2c18d3d-e79d-47c9-88fe-d8a1d195302b:c3989]
2019-08-23 11:31:45,398 | INFO  | DNAudit | user=null | ip=null | op=WRITE_CHUNK {blockData=conID: 2 locID: 102666069955838564 bcsId: 3989} | ret=SUCCESS |  
2019-08-23 11:31:45,398 | INFO  | DNAudit | user=null | ip=null | op=WRITE_CHUNK {blockData=conID: 2 locID: 102666069955838564 bcsId: 3989} | ret=SUCCESS |  
2019-08-23 11:31:45,410 | INFO  | DNAudit | user=null | ip=null | op=PUT_BLOCK {blockData=[blockId=conID: 2 locID: 102666069955838564 bcsId: 0,size=4194304]} | ret=SUCCESS |  
2019-08-23 11:31:45,410 | INFO  | DNAudit | user=null | ip=null | op=PUT_BLOCK {blockData=[blockId=conID: 2 locID: 102666069955838564 bcsId: 0,size=4194304]} | ret=SUCCESS |  
2019-08-23 11:31:45,410 [grpc-default-executor-4] INFO  client.GrpcClientProtocolClient (GrpcClientProtocolClient.java:onNext(255)) - client-C9E345EC67ED->244f13ac-34be-4c4e-8e45-0c0272edbbb2: receive RaftClientReply:client-C9E345EC67ED->244f13ac-34be-4c4e-8e45-0c0272edbbb2@group-FE77C852EF02, cid=2690, SUCCESS, logIndex=0, commits[244f13ac-34be-4c4e-8e45-0c0272edbbb2:c3995, 6287e41a-5356-4f55-84f2-270816d53e84:c3993, a2c18d3d-e79d-47c9-88fe-d8a1d195302b:c3993]
2019-08-23 11:31:45,414 | INFO  | SCMAudit | user=jenkins1000 | ip=192.168.5.185 | op=ALLOCATE_BLOCK {owner=00a23185-76ea-47b5-a641-ad3cfbe5521a, size=4194304, type=RATIS, factor=THREE} | ret=SUCCESS |  
2019-08-23 11:31:45,416 | INFO  | OMAudit | user=jenkins1000 | ip=127.0.0.1 | op=ALLOCATE_BLOCK {volume=vol-0-37508, bucket=bucket-0-50919, key=key-0-57313, dataSize=0, replicationType=null, replicationFactor=null, keyLocationInfo=null, clientID=102666068570931602} | ret=SUCCESS |  
2019-08-23 11:31:45,422 | INFO  | DNAudit | user=null | ip=null | op=WRITE_CHUNK {blockData=conID: 3 locID: 102666069961212517 bcsId: 0} | ret=SUCCESS |  
2019-08-23 11:31:45,423 | INFO  | DNAudit | user=null | ip=null | op=WRITE_CHUNK {blockData=conID: 3 locID: 102666069961212517 bcsId: 0} | ret=SUCCESS |  
2019-08-23 11:31:45,423 | INFO  | DNAudit | user=null | ip=null | op=WRITE_CHUNK {blockData=conID: 3 locID: 102666069961212517 bcsId: 0} | ret=SUCCESS |  
2019-08-23 11:31:45,423 | INFO  | DNAudit | user=null | ip=null | op=WRITE_CHUNK {blockData=conID: 3 locID: 102666069961212517 bcsId: 0} | ret=SUCCESS |  
2019-08-23 11:31:45,424 | INFO  | DNAudit | user=null | ip=null | op=WRITE_CHUNK {blockData=conID: 3 locID: 102666069961212517 bcsId: 0} | ret=SUCCESS |  
2019-08-23 11:31:45,424 | INFO  | DNAudit | user=null | ip=null | op=WRITE_CHUNK {blockData=conID: 3 locID: 102666069961212517 bcsId: 0} | ret=SUCCESS |  
2019-08-23 11:31:45,438 | INFO  | DNAudit | user=null | ip=null | op=WRITE_CHUNK {blockData=conID: 3 locID: 102666069961212517 bcsId: 0} | ret=SUCCESS |  
2019-08-23 11:31:45,438 | INFO  | DNAudit | user=null | ip=null | op=PUT_BLOCK {blockData=[blockId=conID: 3 locID: 102666069961212517 bcsId: 0,size=1048576]} | ret=SUCCESS |  
2019-08-23 11:31:45,438 [grpc-default-executor-0] INFO  client.GrpcClientProtocolClient (GrpcClientProtocolClient.java:onNext(255)) - client-C9E345EC67ED->244f13ac-34be-4c4e-8e45-0c0272edbbb2: receive RaftClientReply:client-C9E345EC67ED->244f13ac-34be-4c4e-8e45-0c0272edbbb2@group-FE77C852EF02, cid=2691, SUCCESS, logIndex=3996, commits[244f13ac-34be-4c4e-8e45-0c0272edbbb2:c3999, 6287e41a-5356-4f55-84f2-270816d53e84:c3995, a2c18d3d-e79d-47c9-88fe-d8a1d195302b:c3995]
2019-08-23 11:31:45,439 [grpc-default-executor-0] INFO  client.GrpcClientProtocolClient (GrpcClientProtocolClient.java:onNext(255)) - client-C9E345EC67ED->244f13ac-34be-4c4e-8e45-0c0272edbbb2: receive RaftClientReply:client-C9E345EC67ED->244f13ac-34be-4c4e-8e45-0c0272edbbb2@group-FE77C852EF02, cid=2692, SUCCESS, logIndex=3997, commits[244f13ac-34be-4c4e-8e45-0c0272edbbb2:c3999, 6287e41a-5356-4f55-84f2-270816d53e84:c3995, a2c18d3d-e79d-47c9-88fe-d8a1d195302b:c3995]
2019-08-23 11:31:45,439 | INFO  | DNAudit | user=null | ip=null | op=WRITE_CHUNK {blockData=conID: 3 locID: 102666069961212517 bcsId: 0} | ret=SUCCESS |  
2019-08-23 11:31:45,439 | INFO  | DNAudit | user=null | ip=null | op=PUT_BLOCK {blockData=[blockId=conID: 3 locID: 102666069961212517 bcsId: 0,size=2097152]} | ret=SUCCESS |  
2019-08-23 11:31:45,439 [grpc-default-executor-0] INFO  client.GrpcClientProtocolClient (GrpcClientProtocolClient.java:onNext(255)) - client-C9E345EC67ED->244f13ac-34be-4c4e-8e45-0c0272edbbb2: receive RaftClientReply:client-C9E345EC67ED->244f13ac-34be-4c4e-8e45-0c0272edbbb2@group-FE77C852EF02, cid=2693, SUCCESS, logIndex=3998, commits[244f13ac-34be-4c4e-8e45-0c0272edbbb2:c3999, 6287e41a-5356-4f55-84f2-270816d53e84:c3995, a2c18d3d-e79d-47c9-88fe-d8a1d195302b:c3995]
2019-08-23 11:31:45,440 [grpc-default-executor-0] INFO  client.GrpcClientProtocolClient (GrpcClientProtocolClient.java:onNext(255)) - client-C9E345EC67ED->244f13ac-34be-4c4e-8e45-0c0272edbbb2: receive RaftClientReply:client-C9E345EC67ED->244f13ac-34be-4c4e-8e45-0c0272edbbb2@group-FE77C852EF02, cid=2694, SUCCESS, logIndex=3999, commits[244f13ac-34be-4c4e-8e45-0c0272edbbb2:c3999, 6287e41a-5356-4f55-84f2-270816d53e84:c3995, a2c18d3d-e79d-47c9-88fe-d8a1d195302b:c3995]
2019-08-23 11:31:45,451 | INFO  | DNAudit | user=null | ip=null | op=WRITE_CHUNK {blockData=conID: 3 locID: 102666069961212517 bcsId: 0} | ret=SUCCESS |  
2019-08-23 11:31:45,451 | INFO  | DNAudit | user=null | ip=null | op=WRITE_CHUNK {blockData=conID: 3 locID: 102666069961212517 bcsId: 0} | ret=SUCCESS |  
2019-08-23 11:31:45,451 | INFO  | DNAudit | user=null | ip=null | op=PUT_BLOCK {blockData=[blockId=conID: 3 locID: 102666069961212517 bcsId: 0,size=1048576]} | ret=SUCCESS |  
2019-08-23 11:31:45,462 | INFO  | DNAudit | user=null | ip=null | op=PUT_BLOCK {blockData=[blockId=conID: 3 locID: 102666069961212517 bcsId: 0,size=1048576]} | ret=SUCCESS |  
2019-08-23 11:31:45,462 | INFO  | DNAudit | user=null | ip=null | op=WRITE_CHUNK {blockData=conID: 3 locID: 102666069961212517 bcsId: 0} | ret=SUCCESS |  
2019-08-23 11:31:45,462 | INFO  | DNAudit | user=null | ip=null | op=WRITE_CHUNK {blockData=conID: 3 locID: 102666069961212517 bcsId: 0} | ret=SUCCESS |  
2019-08-23 11:31:45,462 | INFO  | DNAudit | user=null | ip=null | op=PUT_BLOCK {blockData=[blockId=conID: 3 locID: 102666069961212517 bcsId: 0,size=2097152]} | ret=SUCCESS |  
2019-08-23 11:31:45,462 | INFO  | DNAudit | user=null | ip=null | op=PUT_BLOCK {blockData=[blockId=conID: 3 locID: 102666069961212517 bcsId: 0,size=2097152]} | ret=SUCCESS |  
2019-08-23 11:31:45,463 [grpc-default-executor-2] INFO  client.GrpcClientProtocolClient (GrpcClientProtocolClient.java:onNext(255)) - client-C9E345EC67ED->244f13ac-34be-4c4e-8e45-0c0272edbbb2: receive RaftClientReply:client-C9E345EC67ED->244f13ac-34be-4c4e-8e45-0c0272edbbb2@group-FE77C852EF02, cid=2695, SUCCESS, logIndex=0, commits[244f13ac-34be-4c4e-8e45-0c0272edbbb2:c4001, 6287e41a-5356-4f55-84f2-270816d53e84:c3997, a2c18d3d-e79d-47c9-88fe-d8a1d195302b:c3997]
2019-08-23 11:31:45,468 | INFO  | DNAudit | user=null | ip=null | op=WRITE_CHUNK {blockData=conID: 3 locID: 102666069961212517 bcsId: 3999} | ret=SUCCESS |  
2019-08-23 11:31:45,469 | INFO  | DNAudit | user=null | ip=null | op=WRITE_CHUNK {blockData=conID: 3 locID: 102666069961212517 bcsId: 3999} | ret=SUCCESS |  
2019-08-23 11:31:45,470 | INFO  | DNAudit | user=null | ip=null | op=WRITE_CHUNK {blockData=conID: 3 locID: 102666069961212517 bcsId: 3999} | ret=SUCCESS |  
2019-08-23 11:31:45,513 | INFO  | DNAudit | user=null | ip=null | op=WRITE_CHUNK {blockData=conID: 3 locID: 102666069961212517 bcsId: 3999} | ret=SUCCESS |  
2019-08-23 11:31:45,514 [grpc-default-executor-0] INFO  client.GrpcClientProtocolClient (GrpcClientProtocolClient.java:onNext(255)) - client-C9E345EC67ED->244f13ac-34be-4c4e-8e45-0c0272edbbb2: receive RaftClientReply:client-C9E345EC67ED->244f13ac-34be-4c4e-8e45-0c0272edbbb2@group-FE77C852EF02, cid=2696, SUCCESS, logIndex=4004, commits[244f13ac-34be-4c4e-8e45-0c0272edbbb2:c4005, 6287e41a-5356-4f55-84f2-270816d53e84:c4003, a2c18d3d-e79d-47c9-88fe-d8a1d195302b:c4003]
2019-08-23 11:31:45,514 | INFO  | DNAudit | user=null | ip=null | op=PUT_BLOCK {blockData=[blockId=conID: 3 locID: 102666069961212517 bcsId: 0,size=3145728]} | ret=SUCCESS |  
2019-08-23 11:31:45,515 [grpc-default-executor-0] INFO  client.GrpcClientProtocolClient (GrpcClientProtocolClient.java:onNext(255)) - client-C9E345EC67ED->244f13ac-34be-4c4e-8e45-0c0272edbbb2: receive RaftClientReply:client-C9E345EC67ED->244f13ac-34be-4c4e-8e45-0c0272edbbb2@group-FE77C852EF02, cid=2697, SUCCESS, logIndex=4005, commits[244f13ac-34be-4c4e-8e45-0c0272edbbb2:c4005, 6287e41a-5356-4f55-84f2-270816d53e84:c4003, a2c18d3d-e79d-47c9-88fe-d8a1d195302b:c4003]
2019-08-23 11:31:45,521 | INFO  | DNAudit | user=null | ip=null | op=WRITE_CHUNK {blockData=conID: 3 locID: 102666069961212517 bcsId: 4005} | ret=SUCCESS |  
2019-08-23 11:31:45,524 | INFO  | DNAudit | user=null | ip=null | op=WRITE_CHUNK {blockData=conID: 3 locID: 102666069961212517 bcsId: 4005} | ret=SUCCESS |  
2019-08-23 11:31:45,524 | INFO  | DNAudit | user=null | ip=null | op=WRITE_CHUNK {blockData=conID: 3 locID: 102666069961212517 bcsId: 4005} | ret=SUCCESS |  
2019-08-23 11:31:45,524 | INFO  | DNAudit | user=null | ip=null | op=WRITE_CHUNK {blockData=conID: 3 locID: 102666069961212517 bcsId: 3999} | ret=SUCCESS |  
2019-08-23 11:31:45,525 | INFO  | DNAudit | user=null | ip=null | op=WRITE_CHUNK {blockData=conID: 3 locID: 102666069961212517 bcsId: 3999} | ret=SUCCESS |  
2019-08-23 11:31:45,525 | INFO  | DNAudit | user=null | ip=null | op=PUT_BLOCK {blockData=[blockId=conID: 3 locID: 102666069961212517 bcsId: 0,size=3145728]} | ret=SUCCESS |  
2019-08-23 11:31:45,534 | INFO  | DNAudit | user=null | ip=null | op=WRITE_CHUNK {blockData=conID: 3 locID: 102666069961212517 bcsId: 4005} | ret=SUCCESS |  
2019-08-23 11:31:45,535 | INFO  | DNAudit | user=null | ip=null | op=PUT_BLOCK {blockData=[blockId=conID: 3 locID: 102666069961212517 bcsId: 0,size=4194304]} | ret=SUCCESS |  
2019-08-23 11:31:45,535 [grpc-default-executor-0] INFO  client.GrpcClientProtocolClient (GrpcClientProtocolClient.java:onNext(255)) - client-C9E345EC67ED->244f13ac-34be-4c4e-8e45-0c0272edbbb2: receive RaftClientReply:client-C9E345EC67ED->244f13ac-34be-4c4e-8e45-0c0272edbbb2@group-FE77C852EF02, cid=2698, SUCCESS, logIndex=4008, commits[244f13ac-34be-4c4e-8e45-0c0272edbbb2:c4009, 6287e41a-5356-4f55-84f2-270816d53e84:c4004, a2c18d3d-e79d-47c9-88fe-d8a1d195302b:c4005]
2019-08-23 11:31:45,535 [grpc-default-executor-0] INFO  client.GrpcClientProtocolClient (GrpcClientProtocolClient.java:onNext(255)) - client-C9E345EC67ED->244f13ac-34be-4c4e-8e45-0c0272edbbb2: receive RaftClientReply:client-C9E345EC67ED->244f13ac-34be-4c4e-8e45-0c0272edbbb2@group-FE77C852EF02, cid=2699, SUCCESS, logIndex=4009, commits[244f13ac-34be-4c4e-8e45-0c0272edbbb2:c4009, 6287e41a-5356-4f55-84f2-270816d53e84:c4004, a2c18d3d-e79d-47c9-88fe-d8a1d195302b:c4005]
2019-08-23 11:31:45,544 | INFO  | DNAudit | user=null | ip=null | op=PUT_BLOCK {blockData=[blockId=conID: 3 locID: 102666069961212517 bcsId: 0,size=3145728]} | ret=SUCCESS |  
2019-08-23 11:31:45,544 [grpc-default-executor-0] INFO  client.GrpcClientProtocolClient (GrpcClientProtocolClient.java:onNext(255)) - client-C9E345EC67ED->244f13ac-34be-4c4e-8e45-0c0272edbbb2: receive RaftClientReply:client-C9E345EC67ED->244f13ac-34be-4c4e-8e45-0c0272edbbb2@group-FE77C852EF02, cid=2700, SUCCESS, logIndex=0, commits[244f13ac-34be-4c4e-8e45-0c0272edbbb2:c4009, 6287e41a-5356-4f55-84f2-270816d53e84:c4005, a2c18d3d-e79d-47c9-88fe-d8a1d195302b:c4005]
2019-08-23 11:31:45,544 | INFO  | DNAudit | user=null | ip=null | op=WRITE_CHUNK {blockData=conID: 3 locID: 102666069961212517 bcsId: 4005} | ret=SUCCESS |  
2019-08-23 11:31:45,553 | INFO  | DNAudit | user=null | ip=null | op=WRITE_CHUNK {blockData=conID: 3 locID: 102666069961212517 bcsId: 4005} | ret=SUCCESS |  
2019-08-23 11:31:45,554 | INFO  | DNAudit | user=null | ip=null | op=PUT_BLOCK {blockData=[blockId=conID: 3 locID: 102666069961212517 bcsId: 0,size=4194304]} | ret=SUCCESS |  
2019-08-23 11:31:45,554 | INFO  | DNAudit | user=null | ip=null | op=PUT_BLOCK {blockData=[blockId=conID: 3 locID: 102666069961212517 bcsId: 0,size=4194304]} | ret=SUCCESS |  
2019-08-23 11:31:45,554 [grpc-default-executor-4] INFO  client.GrpcClientProtocolClient (GrpcClientProtocolClient.java:onNext(255)) - client-C9E345EC67ED->244f13ac-34be-4c4e-8e45-0c0272edbbb2: receive RaftClientReply:client-C9E345EC67ED->244f13ac-34be-4c4e-8e45-0c0272edbbb2@group-FE77C852EF02, cid=2701, SUCCESS, logIndex=0, commits[244f13ac-34be-4c4e-8e45-0c0272edbbb2:c4011, 6287e41a-5356-4f55-84f2-270816d53e84:c4009, a2c18d3d-e79d-47c9-88fe-d8a1d195302b:c4009]
2019-08-23 11:31:45,559 | INFO  | SCMAudit | user=jenkins1000 | ip=192.168.5.185 | op=ALLOCATE_BLOCK {owner=00a23185-76ea-47b5-a641-ad3cfbe5521a, size=4194304, type=RATIS, factor=THREE} | ret=SUCCESS |  
2019-08-23 11:31:45,562 | INFO  | OMAudit | user=jenkins1000 | ip=127.0.0.1 | op=ALLOCATE_BLOCK {volume=vol-0-37508, bucket=bucket-0-50919, key=key-0-57313, dataSize=0, replicationType=null, replicationFactor=null, keyLocationInfo=null, clientID=102666068570931602} | ret=SUCCESS |  
2019-08-23 11:31:45,568 | INFO  | DNAudit | user=null | ip=null | op=WRITE_CHUNK {blockData=conID: 1 locID: 102666069970715238 bcsId: 0} | ret=SUCCESS |  
2019-08-23 11:31:45,570 | INFO  | DNAudit | user=null | ip=null | op=WRITE_CHUNK {blockData=conID: 1 locID: 102666069970715238 bcsId: 0} | ret=SUCCESS |  
2019-08-23 11:31:45,570 | INFO  | DNAudit | user=null | ip=null | op=WRITE_CHUNK {blockData=conID: 1 locID: 102666069970715238 bcsId: 0} | ret=SUCCESS |  
2019-08-23 11:31:45,570 | INFO  | DNAudit | user=null | ip=null | op=WRITE_CHUNK {blockData=conID: 1 locID: 102666069970715238 bcsId: 0} | ret=SUCCESS |  
2019-08-23 11:31:45,571 | INFO  | DNAudit | user=null | ip=null | op=WRITE_CHUNK {blockData=conID: 1 locID: 102666069970715238 bcsId: 0} | ret=SUCCESS |  
2019-08-23 11:31:45,571 | INFO  | DNAudit | user=null | ip=null | op=WRITE_CHUNK {blockData=conID: 1 locID: 102666069970715238 bcsId: 0} | ret=SUCCESS |  
2019-08-23 11:31:45,580 | INFO  | DNAudit | user=null | ip=null | op=WRITE_CHUNK {blockData=conID: 1 locID: 102666069970715238 bcsId: 0} | ret=SUCCESS |  
2019-08-23 11:31:45,580 | INFO  | DNAudit | user=null | ip=null | op=PUT_BLOCK {blockData=[blockId=conID: 1 locID: 102666069970715238 bcsId: 0,size=1048576]} | ret=SUCCESS |  
2019-08-23 11:31:45,581 [grpc-default-executor-2] INFO  client.GrpcClientProtocolClient (GrpcClientProtocolClient.java:onNext(255)) - client-C9E345EC67ED->244f13ac-34be-4c4e-8e45-0c0272edbbb2: receive RaftClientReply:client-C9E345EC67ED->244f13ac-34be-4c4e-8e45-0c0272edbbb2@group-FE77C852EF02, cid=2702, SUCCESS, logIndex=4012, commits[244f13ac-34be-4c4e-8e45-0c0272edbbb2:c4013, 6287e41a-5356-4f55-84f2-270816d53e84:c4011, a2c18d3d-e79d-47c9-88fe-d8a1d195302b:c4011]
2019-08-23 11:31:45,581 [grpc-default-executor-2] INFO  client.GrpcClientProtocolClient (GrpcClientProtocolClient.java:onNext(255)) - client-C9E345EC67ED->244f13ac-34be-4c4e-8e45-0c0272edbbb2: receive RaftClientReply:client-C9E345EC67ED->244f13ac-34be-4c4e-8e45-0c0272edbbb2@group-FE77C852EF02, cid=2703, SUCCESS, logIndex=4013, commits[244f13ac-34be-4c4e-8e45-0c0272edbbb2:c4013, 6287e41a-5356-4f55-84f2-270816d53e84:c4011, a2c18d3d-e79d-47c9-88fe-d8a1d195302b:c4011]
2019-08-23 11:31:45,589 | INFO  | DNAudit | user=null | ip=null | op=WRITE_CHUNK {blockData=conID: 1 locID: 102666069970715238 bcsId: 0} | ret=SUCCESS |  
2019-08-23 11:31:45,589 | INFO  | DNAudit | user=null | ip=null | op=PUT_BLOCK {blockData=[blockId=conID: 1 locID: 102666069970715238 bcsId: 0,size=2097152]} | ret=SUCCESS |  
2019-08-23 11:31:45,590 [grpc-default-executor-4] INFO  client.GrpcClientProtocolClient (GrpcClientProtocolClient.java:onNext(255)) - client-C9E345EC67ED->244f13ac-34be-4c4e-8e45-0c0272edbbb2: receive RaftClientReply:client-C9E345EC67ED->244f13ac-34be-4c4e-8e45-0c0272edbbb2@group-FE77C852EF02, cid=2704, SUCCESS, logIndex=4014, commits[244f13ac-34be-4c4e-8e45-0c0272edbbb2:c4015, 6287e41a-5356-4f55-84f2-270816d53e84:c4011, a2c18d3d-e79d-47c9-88fe-d8a1d195302b:c4011]
2019-08-23 11:31:45,590 [grpc-default-executor-4] INFO  client.GrpcClientProtocolClient (GrpcClientProtocolClient.java:onNext(255)) - client-C9E345EC67ED->244f13ac-34be-4c4e-8e45-0c0272edbbb2: receive RaftClientReply:client-C9E345EC67ED->244f13ac-34be-4c4e-8e45-0c0272edbbb2@group-FE77C852EF02, cid=2705, SUCCESS, logIndex=4015, commits[244f13ac-34be-4c4e-8e45-0c0272edbbb2:c4015, 6287e41a-5356-4f55-84f2-270816d53e84:c4011, a2c18d3d-e79d-47c9-88fe-d8a1d195302b:c4011]
2019-08-23 11:31:45,590 | INFO  | DNAudit | user=null | ip=null | op=WRITE_CHUNK {blockData=conID: 1 locID: 102666069970715238 bcsId: 0} | ret=SUCCESS |  
2019-08-23 11:31:45,600 | INFO  | DNAudit | user=null | ip=null | op=WRITE_CHUNK {blockData=conID: 1 locID: 102666069970715238 bcsId: 0} | ret=SUCCESS |  
2019-08-23 11:31:45,600 | INFO  | DNAudit | user=null | ip=null | op=PUT_BLOCK {blockData=[blockId=conID: 1 locID: 102666069970715238 bcsId: 0,size=1048576]} | ret=SUCCESS |  
2019-08-23 11:31:45,600 | INFO  | DNAudit | user=null | ip=null | op=WRITE_CHUNK {blockData=conID: 1 locID: 102666069970715238 bcsId: 0} | ret=SUCCESS |  
2019-08-23 11:31:45,600 | INFO  | DNAudit | user=null | ip=null | op=PUT_BLOCK {blockData=[blockId=conID: 1 locID: 102666069970715238 bcsId: 0,size=1048576]} | ret=SUCCESS |  
2019-08-23 11:31:45,600 | INFO  | DNAudit | user=null | ip=null | op=PUT_BLOCK {blockData=[blockId=conID: 1 locID: 102666069970715238 bcsId: 0,size=2097152]} | ret=SUCCESS |  
2019-08-23 11:31:45,600 | INFO  | DNAudit | user=null | ip=null | op=WRITE_CHUNK {blockData=conID: 1 locID: 102666069970715238 bcsId: 0} | ret=SUCCESS |  
2019-08-23 11:31:45,601 | INFO  | DNAudit | user=null | ip=null | op=PUT_BLOCK {blockData=[blockId=conID: 1 locID: 102666069970715238 bcsId: 0,size=2097152]} | ret=SUCCESS |  
2019-08-23 11:31:45,601 [grpc-default-executor-2] INFO  client.GrpcClientProtocolClient (GrpcClientProtocolClient.java:onNext(255)) - client-C9E345EC67ED->244f13ac-34be-4c4e-8e45-0c0272edbbb2: receive RaftClientReply:client-C9E345EC67ED->244f13ac-34be-4c4e-8e45-0c0272edbbb2@group-FE77C852EF02, cid=2706, SUCCESS, logIndex=0, commits[244f13ac-34be-4c4e-8e45-0c0272edbbb2:c4018, 6287e41a-5356-4f55-84f2-270816d53e84:c4013, a2c18d3d-e79d-47c9-88fe-d8a1d195302b:c4015]
2019-08-23 11:31:45,606 | INFO  | DNAudit | user=null | ip=null | op=WRITE_CHUNK {blockData=conID: 1 locID: 102666069970715238 bcsId: 4015} | ret=SUCCESS |  
2019-08-23 11:31:45,608 | INFO  | DNAudit | user=null | ip=null | op=WRITE_CHUNK {blockData=conID: 1 locID: 102666069970715238 bcsId: 4015} | ret=SUCCESS |  
2019-08-23 11:31:45,608 | INFO  | DNAudit | user=null | ip=null | op=WRITE_CHUNK {blockData=conID: 1 locID: 102666069970715238 bcsId: 4015} | ret=SUCCESS |  
2019-08-23 11:31:45,614 | INFO  | DNAudit | user=null | ip=null | op=WRITE_CHUNK {blockData=conID: 1 locID: 102666069970715238 bcsId: 4015} | ret=SUCCESS |  
2019-08-23 11:31:45,614 | INFO  | DNAudit | user=null | ip=null | op=PUT_BLOCK {blockData=[blockId=conID: 1 locID: 102666069970715238 bcsId: 0,size=3145728]} | ret=SUCCESS |  
2019-08-23 11:31:45,615 [grpc-default-executor-0] INFO  client.GrpcClientProtocolClient (GrpcClientProtocolClient.java:onNext(255)) - client-C9E345EC67ED->244f13ac-34be-4c4e-8e45-0c0272edbbb2: receive RaftClientReply:client-C9E345EC67ED->244f13ac-34be-4c4e-8e45-0c0272edbbb2@group-FE77C852EF02, cid=2707, SUCCESS, logIndex=4019, commits[244f13ac-34be-4c4e-8e45-0c0272edbbb2:c4020, 6287e41a-5356-4f55-84f2-270816d53e84:c4018, a2c18d3d-e79d-47c9-88fe-d8a1d195302b:c4018]
2019-08-23 11:31:45,615 [grpc-default-executor-0] INFO  client.GrpcClientProtocolClient (GrpcClientProtocolClient.java:onNext(255)) - client-C9E345EC67ED->244f13ac-34be-4c4e-8e45-0c0272edbbb2: receive RaftClientReply:client-C9E345EC67ED->244f13ac-34be-4c4e-8e45-0c0272edbbb2@group-FE77C852EF02, cid=2708, SUCCESS, logIndex=4020, commits[244f13ac-34be-4c4e-8e45-0c0272edbbb2:c4020, 6287e41a-5356-4f55-84f2-270816d53e84:c4018, a2c18d3d-e79d-47c9-88fe-d8a1d195302b:c4018]
2019-08-23 11:31:45,619 | INFO  | DNAudit | user=null | ip=null | op=WRITE_CHUNK {blockData=conID: 1 locID: 102666069970715238 bcsId: 4020} | ret=SUCCESS |  
2019-08-23 11:31:45,621 | INFO  | DNAudit | user=null | ip=null | op=WRITE_CHUNK {blockData=conID: 1 locID: 102666069970715238 bcsId: 4020} | ret=SUCCESS |  
2019-08-23 11:31:45,621 | INFO  | DNAudit | user=null | ip=null | op=WRITE_CHUNK {blockData=conID: 1 locID: 102666069970715238 bcsId: 4020} | ret=SUCCESS |  
2019-08-23 11:31:45,634 | INFO  | DNAudit | user=null | ip=null | op=WRITE_CHUNK {blockData=conID: 1 locID: 102666069970715238 bcsId: 4015} | ret=SUCCESS |  
2019-08-23 11:31:45,634 | INFO  | DNAudit | user=null | ip=null | op=WRITE_CHUNK {blockData=conID: 1 locID: 102666069970715238 bcsId: 4015} | ret=SUCCESS |  
2019-08-23 11:31:45,636 | INFO  | DNAudit | user=null | ip=null | op=PUT_BLOCK {blockData=[blockId=conID: 1 locID: 102666069970715238 bcsId: 0,size=3145728]} | ret=SUCCESS |  
2019-08-23 11:31:45,636 | INFO  | DNAudit | user=null | ip=null | op=PUT_BLOCK {blockData=[blockId=conID: 1 locID: 102666069970715238 bcsId: 0,size=3145728]} | ret=SUCCESS |  
2019-08-23 11:31:45,637 | INFO  | DNAudit | user=null | ip=null | op=WRITE_CHUNK {blockData=conID: 1 locID: 102666069970715238 bcsId: 4020} | ret=SUCCESS |  
2019-08-23 11:31:45,637 | INFO  | DNAudit | user=null | ip=null | op=PUT_BLOCK {blockData=[blockId=conID: 1 locID: 102666069970715238 bcsId: 0,size=4194304]} | ret=SUCCESS |  
2019-08-23 11:31:45,637 [grpc-default-executor-2] INFO  client.GrpcClientProtocolClient (GrpcClientProtocolClient.java:onNext(255)) - client-C9E345EC67ED->244f13ac-34be-4c4e-8e45-0c0272edbbb2: receive RaftClientReply:client-C9E345EC67ED->244f13ac-34be-4c4e-8e45-0c0272edbbb2@group-FE77C852EF02, cid=2709, SUCCESS, logIndex=4023, commits[244f13ac-34be-4c4e-8e45-0c0272edbbb2:c4024, 6287e41a-5356-4f55-84f2-270816d53e84:c4020, a2c18d3d-e79d-47c9-88fe-d8a1d195302b:c4020]
2019-08-23 11:31:45,638 [grpc-default-executor-2] INFO  client.GrpcClientProtocolClient (GrpcClientProtocolClient.java:onNext(255)) - client-C9E345EC67ED->244f13ac-34be-4c4e-8e45-0c0272edbbb2: receive RaftClientReply:client-C9E345EC67ED->244f13ac-34be-4c4e-8e45-0c0272edbbb2@group-FE77C852EF02, cid=2710, SUCCESS, logIndex=4024, commits[244f13ac-34be-4c4e-8e45-0c0272edbbb2:c4024, 6287e41a-5356-4f55-84f2-270816d53e84:c4020, a2c18d3d-e79d-47c9-88fe-d8a1d195302b:c4020]
2019-08-23 11:31:45,648 | INFO  | DNAudit | user=null | ip=null | op=WRITE_CHUNK {blockData=conID: 1 locID: 102666069970715238 bcsId: 4020} | ret=SUCCESS |  
2019-08-23 11:31:45,648 | INFO  | DNAudit | user=null | ip=null | op=WRITE_CHUNK {blockData=conID: 1 locID: 102666069970715238 bcsId: 4020} | ret=SUCCESS |  
2019-08-23 11:31:45,651 | INFO  | DNAudit | user=null | ip=null | op=PUT_BLOCK {blockData=[blockId=conID: 1 locID: 102666069970715238 bcsId: 0,size=4194304]} | ret=SUCCESS |  
2019-08-23 11:31:45,651 | INFO  | DNAudit | user=null | ip=null | op=PUT_BLOCK {blockData=[blockId=conID: 1 locID: 102666069970715238 bcsId: 0,size=4194304]} | ret=SUCCESS |  
2019-08-23 11:31:45,652 [grpc-default-executor-4] INFO  client.GrpcClientProtocolClient (GrpcClientProtocolClient.java:onNext(255)) - client-C9E345EC67ED->244f13ac-34be-4c4e-8e45-0c0272edbbb2: receive RaftClientReply:client-C9E345EC67ED->244f13ac-34be-4c4e-8e45-0c0272edbbb2@group-FE77C852EF02, cid=2711, SUCCESS, logIndex=0, commits[244f13ac-34be-4c4e-8e45-0c0272edbbb2:c4025, 6287e41a-5356-4f55-84f2-270816d53e84:c4024, a2c18d3d-e79d-47c9-88fe-d8a1d195302b:c4024]
2019-08-23 11:31:45,656 | INFO  | SCMAudit | user=jenkins1000 | ip=192.168.5.185 | op=ALLOCATE_BLOCK {owner=00a23185-76ea-47b5-a641-ad3cfbe5521a, size=4194304, type=RATIS, factor=THREE} | ret=SUCCESS |  
2019-08-23 11:31:45,658 | INFO  | OMAudit | user=jenkins1000 | ip=127.0.0.1 | op=ALLOCATE_BLOCK {volume=vol-0-37508, bucket=bucket-0-50919, key=key-0-57313, dataSize=0, replicationType=null, replicationFactor=null, keyLocationInfo=null, clientID=102666068570931602} | ret=SUCCESS |  
2019-08-23 11:31:45,663 | INFO  | DNAudit | user=null | ip=null | op=WRITE_CHUNK {blockData=conID: 2 locID: 102666069977072231 bcsId: 0} | ret=SUCCESS |  
2019-08-23 11:31:45,665 | INFO  | DNAudit | user=null | ip=null | op=WRITE_CHUNK {blockData=conID: 2 locID: 102666069977072231 bcsId: 0} | ret=SUCCESS |  
2019-08-23 11:31:45,665 | INFO  | DNAudit | user=null | ip=null | op=WRITE_CHUNK {blockData=conID: 2 locID: 102666069977072231 bcsId: 0} | ret=SUCCESS |  
2019-08-23 11:31:45,666 | INFO  | DNAudit | user=null | ip=null | op=WRITE_CHUNK {blockData=conID: 2 locID: 102666069977072231 bcsId: 0} | ret=SUCCESS |  
2019-08-23 11:31:45,667 | INFO  | DNAudit | user=null | ip=null | op=WRITE_CHUNK {blockData=conID: 2 locID: 102666069977072231 bcsId: 0} | ret=SUCCESS |  
2019-08-23 11:31:45,668 | INFO  | DNAudit | user=null | ip=null | op=WRITE_CHUNK {blockData=conID: 2 locID: 102666069977072231 bcsId: 0} | ret=SUCCESS |  
2019-08-23 11:31:45,676 | INFO  | DNAudit | user=null | ip=null | op=WRITE_CHUNK {blockData=conID: 2 locID: 102666069977072231 bcsId: 0} | ret=SUCCESS |  
2019-08-23 11:31:45,676 | INFO  | DNAudit | user=null | ip=null | op=PUT_BLOCK {blockData=[blockId=conID: 2 locID: 102666069977072231 bcsId: 0,size=1048576]} | ret=SUCCESS |  
2019-08-23 11:31:45,676 [grpc-default-executor-2] INFO  client.GrpcClientProtocolClient (GrpcClientProtocolClient.java:onNext(255)) - client-C9E345EC67ED->244f13ac-34be-4c4e-8e45-0c0272edbbb2: receive RaftClientReply:client-C9E345EC67ED->244f13ac-34be-4c4e-8e45-0c0272edbbb2@group-FE77C852EF02, cid=2712, SUCCESS, logIndex=4027, commits[244f13ac-34be-4c4e-8e45-0c0272edbbb2:c4028, 6287e41a-5356-4f55-84f2-270816d53e84:c4026, a2c18d3d-e79d-47c9-88fe-d8a1d195302b:c4026]
2019-08-23 11:31:45,677 | INFO  | DNAudit | user=null | ip=null | op=WRITE_CHUNK {blockData=conID: 2 locID: 102666069977072231 bcsId: 0} | ret=SUCCESS |  
2019-08-23 11:31:45,677 [grpc-default-executor-2] INFO  client.GrpcClientProtocolClient (GrpcClientProtocolClient.java:onNext(255)) - client-C9E345EC67ED->244f13ac-34be-4c4e-8e45-0c0272edbbb2: receive RaftClientReply:client-C9E345EC67ED->244f13ac-34be-4c4e-8e45-0c0272edbbb2@group-FE77C852EF02, cid=2713, SUCCESS, logIndex=4028, commits[244f13ac-34be-4c4e-8e45-0c0272edbbb2:c4028, 6287e41a-5356-4f55-84f2-270816d53e84:c4026, a2c18d3d-e79d-47c9-88fe-d8a1d195302b:c4026]
2019-08-23 11:31:45,677 | INFO  | DNAudit | user=null | ip=null | op=PUT_BLOCK {blockData=[blockId=conID: 2 locID: 102666069977072231 bcsId: 0,size=2097152]} | ret=SUCCESS |  
2019-08-23 11:31:45,677 [grpc-default-executor-2] INFO  client.GrpcClientProtocolClient (GrpcClientProtocolClient.java:onNext(255)) - client-C9E345EC67ED->244f13ac-34be-4c4e-8e45-0c0272edbbb2: receive RaftClientReply:client-C9E345EC67ED->244f13ac-34be-4c4e-8e45-0c0272edbbb2@group-FE77C852EF02, cid=2714, SUCCESS, logIndex=4029, commits[244f13ac-34be-4c4e-8e45-0c0272edbbb2:c4030, 6287e41a-5356-4f55-84f2-270816d53e84:c4026, a2c18d3d-e79d-47c9-88fe-d8a1d195302b:c4026]
2019-08-23 11:31:45,678 [grpc-default-executor-2] INFO  client.GrpcClientProtocolClient (GrpcClientProtocolClient.java:onNext(255)) - client-C9E345EC67ED->244f13ac-34be-4c4e-8e45-0c0272edbbb2: receive RaftClientReply:client-C9E345EC67ED->244f13ac-34be-4c4e-8e45-0c0272edbbb2@group-FE77C852EF02, cid=2715, SUCCESS, logIndex=4030, commits[244f13ac-34be-4c4e-8e45-0c0272edbbb2:c4030, 6287e41a-5356-4f55-84f2-270816d53e84:c4026, a2c18d3d-e79d-47c9-88fe-d8a1d195302b:c4026]
2019-08-23 11:31:45,689 | INFO  | DNAudit | user=null | ip=null | op=WRITE_CHUNK {blockData=conID: 2 locID: 102666069977072231 bcsId: 0} | ret=SUCCESS |  
2019-08-23 11:31:45,690 | INFO  | DNAudit | user=null | ip=null | op=PUT_BLOCK {blockData=[blockId=conID: 2 locID: 102666069977072231 bcsId: 0,size=1048576]} | ret=SUCCESS |  
2019-08-23 11:31:45,692 | INFO  | DNAudit | user=null | ip=null | op=WRITE_CHUNK {blockData=conID: 2 locID: 102666069977072231 bcsId: 0} | ret=SUCCESS |  
2019-08-23 11:31:45,692 | INFO  | DNAudit | user=null | ip=null | op=PUT_BLOCK {blockData=[blockId=conID: 2 locID: 102666069977072231 bcsId: 0,size=1048576]} | ret=SUCCESS |  
2019-08-23 11:31:45,692 | INFO  | DNAudit | user=null | ip=null | op=WRITE_CHUNK {blockData=conID: 2 locID: 102666069977072231 bcsId: 0} | ret=SUCCESS |  
2019-08-23 11:31:45,692 | INFO  | DNAudit | user=null | ip=null | op=PUT_BLOCK {blockData=[blockId=conID: 2 locID: 102666069977072231 bcsId: 0,size=2097152]} | ret=SUCCESS |  
2019-08-23 11:31:45,692 [grpc-default-executor-2] INFO  client.GrpcClientProtocolClient (GrpcClientProtocolClient.java:onNext(255)) - client-C9E345EC67ED->244f13ac-34be-4c4e-8e45-0c0272edbbb2: receive RaftClientReply:client-C9E345EC67ED->244f13ac-34be-4c4e-8e45-0c0272edbbb2@group-FE77C852EF02, cid=2716, SUCCESS, logIndex=0, commits[244f13ac-34be-4c4e-8e45-0c0272edbbb2:c4032, 6287e41a-5356-4f55-84f2-270816d53e84:c4028, a2c18d3d-e79d-47c9-88fe-d8a1d195302b:c4028]
2019-08-23 11:31:45,698 | INFO  | DNAudit | user=null | ip=null | op=WRITE_CHUNK {blockData=conID: 2 locID: 102666069977072231 bcsId: 4030} | ret=SUCCESS |  
2019-08-23 11:31:45,699 | INFO  | DNAudit | user=null | ip=null | op=WRITE_CHUNK {blockData=conID: 2 locID: 102666069977072231 bcsId: 4030} | ret=SUCCESS |  
2019-08-23 11:31:45,700 | INFO  | DNAudit | user=null | ip=null | op=WRITE_CHUNK {blockData=conID: 2 locID: 102666069977072231 bcsId: 4030} | ret=SUCCESS |  
2019-08-23 11:31:45,703 | INFO  | DNAudit | user=null | ip=null | op=WRITE_CHUNK {blockData=conID: 2 locID: 102666069977072231 bcsId: 0} | ret=SUCCESS |  
2019-08-23 11:31:45,703 | INFO  | DNAudit | user=null | ip=null | op=PUT_BLOCK {blockData=[blockId=conID: 2 locID: 102666069977072231 bcsId: 0,size=2097152]} | ret=SUCCESS |  
2019-08-23 11:31:45,703 | INFO  | DNAudit | user=null | ip=null | op=WRITE_CHUNK {blockData=conID: 2 locID: 102666069977072231 bcsId: 4030} | ret=SUCCESS |  
2019-08-23 11:31:45,704 | INFO  | DNAudit | user=null | ip=null | op=PUT_BLOCK {blockData=[blockId=conID: 2 locID: 102666069977072231 bcsId: 0,size=3145728]} | ret=SUCCESS |  
2019-08-23 11:31:45,704 [grpc-default-executor-0] INFO  client.GrpcClientProtocolClient (GrpcClientProtocolClient.java:onNext(255)) - client-C9E345EC67ED->244f13ac-34be-4c4e-8e45-0c0272edbbb2: receive RaftClientReply:client-C9E345EC67ED->244f13ac-34be-4c4e-8e45-0c0272edbbb2@group-FE77C852EF02, cid=2717, SUCCESS, logIndex=4035, commits[244f13ac-34be-4c4e-8e45-0c0272edbbb2:c4036, 6287e41a-5356-4f55-84f2-270816d53e84:c4034, a2c18d3d-e79d-47c9-88fe-d8a1d195302b:c4030]
2019-08-23 11:31:45,704 [grpc-default-executor-0] INFO  client.GrpcClientProtocolClient (GrpcClientProtocolClient.java:onNext(255)) - client-C9E345EC67ED->244f13ac-34be-4c4e-8e45-0c0272edbbb2: receive RaftClientReply:client-C9E345EC67ED->244f13ac-34be-4c4e-8e45-0c0272edbbb2@group-FE77C852EF02, cid=2718, SUCCESS, logIndex=4036, commits[244f13ac-34be-4c4e-8e45-0c0272edbbb2:c4036, 6287e41a-5356-4f55-84f2-270816d53e84:c4034, a2c18d3d-e79d-47c9-88fe-d8a1d195302b:c4034]
2019-08-23 11:31:45,705 | INFO  | DNAudit | user=null | ip=null | op=WRITE_CHUNK {blockData=conID: 2 locID: 102666069977072231 bcsId: 4030} | ret=SUCCESS |  
2019-08-23 11:31:45,705 | INFO  | DNAudit | user=null | ip=null | op=WRITE_CHUNK {blockData=conID: 2 locID: 102666069977072231 bcsId: 4030} | ret=SUCCESS |  
2019-08-23 11:31:45,705 | INFO  | DNAudit | user=null | ip=null | op=PUT_BLOCK {blockData=[blockId=conID: 2 locID: 102666069977072231 bcsId: 0,size=3145728]} | ret=SUCCESS |  
2019-08-23 11:31:45,705 | INFO  | DNAudit | user=null | ip=null | op=PUT_BLOCK {blockData=[blockId=conID: 2 locID: 102666069977072231 bcsId: 0,size=3145728]} | ret=SUCCESS |  
2019-08-23 11:31:45,710 | INFO  | DNAudit | user=null | ip=null | op=WRITE_CHUNK {blockData=conID: 2 locID: 102666069977072231 bcsId: 4036} | ret=SUCCESS |  
2019-08-23 11:31:45,711 | INFO  | DNAudit | user=null | ip=null | op=WRITE_CHUNK {blockData=conID: 2 locID: 102666069977072231 bcsId: 4036} | ret=SUCCESS |  
2019-08-23 11:31:45,712 | INFO  | DNAudit | user=null | ip=null | op=WRITE_CHUNK {blockData=conID: 2 locID: 102666069977072231 bcsId: 4036} | ret=SUCCESS |  
2019-08-23 11:31:45,724 | INFO  | DNAudit | user=null | ip=null | op=WRITE_CHUNK {blockData=conID: 2 locID: 102666069977072231 bcsId: 4036} | ret=SUCCESS |  
2019-08-23 11:31:45,724 | INFO  | DNAudit | user=null | ip=null | op=PUT_BLOCK {blockData=[blockId=conID: 2 locID: 102666069977072231 bcsId: 0,size=4194304]} | ret=SUCCESS |  
2019-08-23 11:31:45,724 [grpc-default-executor-4] INFO  client.GrpcClientProtocolClient (GrpcClientProtocolClient.java:onNext(255)) - client-C9E345EC67ED->244f13ac-34be-4c4e-8e45-0c0272edbbb2: receive RaftClientReply:client-C9E345EC67ED->244f13ac-34be-4c4e-8e45-0c0272edbbb2@group-FE77C852EF02, cid=2719, SUCCESS, logIndex=4039, commits[244f13ac-34be-4c4e-8e45-0c0272edbbb2:c4040, 6287e41a-5356-4f55-84f2-270816d53e84:c4038, a2c18d3d-e79d-47c9-88fe-d8a1d195302b:c4038]
2019-08-23 11:31:45,725 [grpc-default-executor-4] INFO  client.GrpcClientProtocolClient (GrpcClientProtocolClient.java:onNext(255)) - client-C9E345EC67ED->244f13ac-34be-4c4e-8e45-0c0272edbbb2: receive RaftClientReply:client-C9E345EC67ED->244f13ac-34be-4c4e-8e45-0c0272edbbb2@group-FE77C852EF02, cid=2720, SUCCESS, logIndex=4040, commits[244f13ac-34be-4c4e-8e45-0c0272edbbb2:c4040, 6287e41a-5356-4f55-84f2-270816d53e84:c4038, a2c18d3d-e79d-47c9-88fe-d8a1d195302b:c4038]
2019-08-23 11:31:45,737 | INFO  | DNAudit | user=null | ip=null | op=WRITE_CHUNK {blockData=conID: 2 locID: 102666069977072231 bcsId: 4036} | ret=SUCCESS |  
2019-08-23 11:31:45,737 | INFO  | DNAudit | user=null | ip=null | op=WRITE_CHUNK {blockData=conID: 2 locID: 102666069977072231 bcsId: 4036} | ret=SUCCESS |  
2019-08-23 11:31:45,750 | INFO  | DNAudit | user=null | ip=null | op=PUT_BLOCK {blockData=[blockId=conID: 2 locID: 102666069977072231 bcsId: 0,size=4194304]} | ret=SUCCESS |  
2019-08-23 11:31:45,750 | INFO  | DNAudit | user=null | ip=null | op=PUT_BLOCK {blockData=[blockId=conID: 2 locID: 102666069977072231 bcsId: 0,size=4194304]} | ret=SUCCESS |  
2019-08-23 11:31:45,750 [grpc-default-executor-4] INFO  client.GrpcClientProtocolClient (GrpcClientProtocolClient.java:onNext(255)) - client-C9E345EC67ED->244f13ac-34be-4c4e-8e45-0c0272edbbb2: receive RaftClientReply:client-C9E345EC67ED->244f13ac-34be-4c4e-8e45-0c0272edbbb2@group-FE77C852EF02, cid=2721, SUCCESS, logIndex=0, commits[244f13ac-34be-4c4e-8e45-0c0272edbbb2:c4042, 6287e41a-5356-4f55-84f2-270816d53e84:c4040, a2c18d3d-e79d-47c9-88fe-d8a1d195302b:c4040]
2019-08-23 11:31:45,754 | INFO  | SCMAudit | user=jenkins1000 | ip=192.168.5.185 | op=ALLOCATE_BLOCK {owner=00a23185-76ea-47b5-a641-ad3cfbe5521a, size=4194304, type=RATIS, factor=THREE} | ret=SUCCESS |  
2019-08-23 11:31:45,757 | INFO  | OMAudit | user=jenkins1000 | ip=127.0.0.1 | op=ALLOCATE_BLOCK {volume=vol-0-37508, bucket=bucket-0-50919, key=key-0-57313, dataSize=0, replicationType=null, replicationFactor=null, keyLocationInfo=null, clientID=102666068570931602} | ret=SUCCESS |  
2019-08-23 11:31:45,763 | INFO  | DNAudit | user=null | ip=null | op=WRITE_CHUNK {blockData=conID: 3 locID: 102666069983494760 bcsId: 0} | ret=SUCCESS |  
2019-08-23 11:31:45,765 | INFO  | DNAudit | user=null | ip=null | op=WRITE_CHUNK {blockData=conID: 3 locID: 102666069983494760 bcsId: 0} | ret=SUCCESS |  
2019-08-23 11:31:45,765 | INFO  | DNAudit | user=null | ip=null | op=WRITE_CHUNK {blockData=conID: 3 locID: 102666069983494760 bcsId: 0} | ret=SUCCESS |  
2019-08-23 11:31:45,766 | INFO  | DNAudit | user=null | ip=null | op=WRITE_CHUNK {blockData=conID: 3 locID: 102666069983494760 bcsId: 0} | ret=SUCCESS |  
2019-08-23 11:31:45,768 | INFO  | DNAudit | user=null | ip=null | op=WRITE_CHUNK {blockData=conID: 3 locID: 102666069983494760 bcsId: 0} | ret=SUCCESS |  
2019-08-23 11:31:45,768 | INFO  | DNAudit | user=null | ip=null | op=WRITE_CHUNK {blockData=conID: 3 locID: 102666069983494760 bcsId: 0} | ret=SUCCESS |  
2019-08-23 11:31:45,777 | INFO  | DNAudit | user=null | ip=null | op=WRITE_CHUNK {blockData=conID: 3 locID: 102666069983494760 bcsId: 0} | ret=SUCCESS |  
2019-08-23 11:31:45,777 | INFO  | DNAudit | user=null | ip=null | op=PUT_BLOCK {blockData=[blockId=conID: 3 locID: 102666069983494760 bcsId: 0,size=1048576]} | ret=SUCCESS |  
2019-08-23 11:31:45,777 [grpc-default-executor-2] INFO  client.GrpcClientProtocolClient (GrpcClientProtocolClient.java:onNext(255)) - client-C9E345EC67ED->244f13ac-34be-4c4e-8e45-0c0272edbbb2: receive RaftClientReply:client-C9E345EC67ED->244f13ac-34be-4c4e-8e45-0c0272edbbb2@group-FE77C852EF02, cid=2722, SUCCESS, logIndex=4043, commits[244f13ac-34be-4c4e-8e45-0c0272edbbb2:c4044, 6287e41a-5356-4f55-84f2-270816d53e84:c4042, a2c18d3d-e79d-47c9-88fe-d8a1d195302b:c4042]
2019-08-23 11:31:45,778 [grpc-default-executor-2] INFO  client.GrpcClientProtocolClient (GrpcClientProtocolClient.java:onNext(255)) - client-C9E345EC67ED->244f13ac-34be-4c4e-8e45-0c0272edbbb2: receive RaftClientReply:client-C9E345EC67ED->244f13ac-34be-4c4e-8e45-0c0272edbbb2@group-FE77C852EF02, cid=2723, SUCCESS, logIndex=4044, commits[244f13ac-34be-4c4e-8e45-0c0272edbbb2:c4044, 6287e41a-5356-4f55-84f2-270816d53e84:c4042, a2c18d3d-e79d-47c9-88fe-d8a1d195302b:c4042]
2019-08-23 11:31:45,788 | INFO  | DNAudit | user=null | ip=null | op=WRITE_CHUNK {blockData=conID: 3 locID: 102666069983494760 bcsId: 0} | ret=SUCCESS |  
2019-08-23 11:31:45,789 | INFO  | DNAudit | user=null | ip=null | op=PUT_BLOCK {blockData=[blockId=conID: 3 locID: 102666069983494760 bcsId: 0,size=2097152]} | ret=SUCCESS |  
2019-08-23 11:31:45,789 | INFO  | DNAudit | user=null | ip=null | op=WRITE_CHUNK {blockData=conID: 3 locID: 102666069983494760 bcsId: 0} | ret=SUCCESS |  
2019-08-23 11:31:45,789 [grpc-default-executor-0] INFO  client.GrpcClientProtocolClient (GrpcClientProtocolClient.java:onNext(255)) - client-C9E345EC67ED->244f13ac-34be-4c4e-8e45-0c0272edbbb2: receive RaftClientReply:client-C9E345EC67ED->244f13ac-34be-4c4e-8e45-0c0272edbbb2@group-FE77C852EF02, cid=2724, SUCCESS, logIndex=4045, commits[244f13ac-34be-4c4e-8e45-0c0272edbbb2:c4046, 6287e41a-5356-4f55-84f2-270816d53e84:c4042, a2c18d3d-e79d-47c9-88fe-d8a1d195302b:c4042]
2019-08-23 11:31:45,789 | INFO  | DNAudit | user=null | ip=null | op=PUT_BLOCK {blockData=[blockId=conID: 3 locID: 102666069983494760 bcsId: 0,size=1048576]} | ret=SUCCESS |  
2019-08-23 11:31:45,789 [grpc-default-executor-0] INFO  client.GrpcClientProtocolClient (GrpcClientProtocolClient.java:onNext(255)) - client-C9E345EC67ED->244f13ac-34be-4c4e-8e45-0c0272edbbb2: receive RaftClientReply:client-C9E345EC67ED->244f13ac-34be-4c4e-8e45-0c0272edbbb2@group-FE77C852EF02, cid=2725, SUCCESS, logIndex=4046, commits[244f13ac-34be-4c4e-8e45-0c0272edbbb2:c4046, 6287e41a-5356-4f55-84f2-270816d53e84:c4042, a2c18d3d-e79d-47c9-88fe-d8a1d195302b:c4042]
2019-08-23 11:31:45,791 | INFO  | DNAudit | user=null | ip=null | op=WRITE_CHUNK {blockData=conID: 3 locID: 102666069983494760 bcsId: 0} | ret=SUCCESS |  
2019-08-23 11:31:45,791 | INFO  | DNAudit | user=null | ip=null | op=PUT_BLOCK {blockData=[blockId=conID: 3 locID: 102666069983494760 bcsId: 0,size=1048576]} | ret=SUCCESS |  
2019-08-23 11:31:45,792 [grpc-default-executor-0] INFO  client.GrpcClientProtocolClient (GrpcClientProtocolClient.java:onNext(255)) - client-C9E345EC67ED->244f13ac-34be-4c4e-8e45-0c0272edbbb2: receive RaftClientReply:client-C9E345EC67ED->244f13ac-34be-4c4e-8e45-0c0272edbbb2@group-FE77C852EF02, cid=2726, SUCCESS, logIndex=0, commits[244f13ac-34be-4c4e-8e45-0c0272edbbb2:c4048, 6287e41a-5356-4f55-84f2-270816d53e84:c4044, a2c18d3d-e79d-47c9-88fe-d8a1d195302b:c4044]
2019-08-23 11:31:45,798 | INFO  | DNAudit | user=null | ip=null | op=WRITE_CHUNK {blockData=conID: 3 locID: 102666069983494760 bcsId: 4046} | ret=SUCCESS |  
2019-08-23 11:31:45,800 | INFO  | DNAudit | user=null | ip=null | op=WRITE_CHUNK {blockData=conID: 3 locID: 102666069983494760 bcsId: 4046} | ret=SUCCESS |  
2019-08-23 11:31:45,802 | INFO  | DNAudit | user=null | ip=null | op=WRITE_CHUNK {blockData=conID: 3 locID: 102666069983494760 bcsId: 0} | ret=SUCCESS |  
2019-08-23 11:31:45,803 | INFO  | DNAudit | user=null | ip=null | op=WRITE_CHUNK {blockData=conID: 3 locID: 102666069983494760 bcsId: 4046} | ret=SUCCESS |  
2019-08-23 11:31:45,803 | INFO  | DNAudit | user=null | ip=null | op=PUT_BLOCK {blockData=[blockId=conID: 3 locID: 102666069983494760 bcsId: 0,size=2097152]} | ret=SUCCESS |  
2019-08-23 11:31:45,803 | INFO  | DNAudit | user=null | ip=null | op=WRITE_CHUNK {blockData=conID: 3 locID: 102666069983494760 bcsId: 0} | ret=SUCCESS |  
2019-08-23 11:31:45,803 | INFO  | DNAudit | user=null | ip=null | op=PUT_BLOCK {blockData=[blockId=conID: 3 locID: 102666069983494760 bcsId: 0,size=2097152]} | ret=SUCCESS |  
2019-08-23 11:31:45,806 | INFO  | DNAudit | user=null | ip=null | op=WRITE_CHUNK {blockData=conID: 3 locID: 102666069983494760 bcsId: 4046} | ret=SUCCESS |  
2019-08-23 11:31:45,806 | INFO  | DNAudit | user=null | ip=null | op=PUT_BLOCK {blockData=[blockId=conID: 3 locID: 102666069983494760 bcsId: 0,size=3145728]} | ret=SUCCESS |  
2019-08-23 11:31:45,806 [grpc-default-executor-4] INFO  client.GrpcClientProtocolClient (GrpcClientProtocolClient.java:onNext(255)) - client-C9E345EC67ED->244f13ac-34be-4c4e-8e45-0c0272edbbb2: receive RaftClientReply:client-C9E345EC67ED->244f13ac-34be-4c4e-8e45-0c0272edbbb2@group-FE77C852EF02, cid=2727, SUCCESS, logIndex=4051, commits[244f13ac-34be-4c4e-8e45-0c0272edbbb2:c4052, 6287e41a-5356-4f55-84f2-270816d53e84:c4048, a2c18d3d-e79d-47c9-88fe-d8a1d195302b:c4048]
2019-08-23 11:31:45,807 [grpc-default-executor-4] INFO  client.GrpcClientProtocolClient (GrpcClientProtocolClient.java:onNext(255)) - client-C9E345EC67ED->244f13ac-34be-4c4e-8e45-0c0272edbbb2: receive RaftClientReply:client-C9E345EC67ED->244f13ac-34be-4c4e-8e45-0c0272edbbb2@group-FE77C852EF02, cid=2728, SUCCESS, logIndex=4052, commits[244f13ac-34be-4c4e-8e45-0c0272edbbb2:c4052, 6287e41a-5356-4f55-84f2-270816d53e84:c4048, a2c18d3d-e79d-47c9-88fe-d8a1d195302b:c4048]
2019-08-23 11:31:45,807 | INFO  | DNAudit | user=null | ip=null | op=WRITE_CHUNK {blockData=conID: 3 locID: 102666069983494760 bcsId: 4046} | ret=SUCCESS |  
2019-08-23 11:31:45,807 | INFO  | DNAudit | user=null | ip=null | op=WRITE_CHUNK {blockData=conID: 3 locID: 102666069983494760 bcsId: 4046} | ret=SUCCESS |  
2019-08-23 11:31:45,807 | INFO  | DNAudit | user=null | ip=null | op=PUT_BLOCK {blockData=[blockId=conID: 3 locID: 102666069983494760 bcsId: 0,size=3145728]} | ret=SUCCESS |  
2019-08-23 11:31:45,808 | INFO  | DNAudit | user=null | ip=null | op=PUT_BLOCK {blockData=[blockId=conID: 3 locID: 102666069983494760 bcsId: 0,size=3145728]} | ret=SUCCESS |  
2019-08-23 11:31:45,813 | INFO  | DNAudit | user=null | ip=null | op=WRITE_CHUNK {blockData=conID: 3 locID: 102666069983494760 bcsId: 4052} | ret=SUCCESS |  
2019-08-23 11:31:45,814 | INFO  | DNAudit | user=null | ip=null | op=WRITE_CHUNK {blockData=conID: 3 locID: 102666069983494760 bcsId: 4052} | ret=SUCCESS |  
2019-08-23 11:31:45,815 | INFO  | DNAudit | user=null | ip=null | op=WRITE_CHUNK {blockData=conID: 3 locID: 102666069983494760 bcsId: 4052} | ret=SUCCESS |  
2019-08-23 11:31:45,823 | INFO  | DNAudit | user=null | ip=null | op=WRITE_CHUNK {blockData=conID: 3 locID: 102666069983494760 bcsId: 4052} | ret=SUCCESS |  
2019-08-23 11:31:45,824 | INFO  | DNAudit | user=null | ip=null | op=PUT_BLOCK {blockData=[blockId=conID: 3 locID: 102666069983494760 bcsId: 0,size=4194304]} | ret=SUCCESS |  
2019-08-23 11:31:45,824 [grpc-default-executor-4] INFO  client.GrpcClientProtocolClient (GrpcClientProtocolClient.java:onNext(255)) - client-C9E345EC67ED->244f13ac-34be-4c4e-8e45-0c0272edbbb2: receive RaftClientReply:client-C9E345EC67ED->244f13ac-34be-4c4e-8e45-0c0272edbbb2@group-FE77C852EF02, cid=2729, SUCCESS, logIndex=4054, commits[244f13ac-34be-4c4e-8e45-0c0272edbbb2:c4055, 6287e41a-5356-4f55-84f2-270816d53e84:c4053, a2c18d3d-e79d-47c9-88fe-d8a1d195302b:c4053]
2019-08-23 11:31:45,824 [grpc-default-executor-4] INFO  client.GrpcClientProtocolClient (GrpcClientProtocolClient.java:onNext(255)) - client-C9E345EC67ED->244f13ac-34be-4c4e-8e45-0c0272edbbb2: receive RaftClientReply:client-C9E345EC67ED->244f13ac-34be-4c4e-8e45-0c0272edbbb2@group-FE77C852EF02, cid=2730, SUCCESS, logIndex=4055, commits[244f13ac-34be-4c4e-8e45-0c0272edbbb2:c4055, 6287e41a-5356-4f55-84f2-270816d53e84:c4053, a2c18d3d-e79d-47c9-88fe-d8a1d195302b:c4053]
2019-08-23 11:31:45,833 | INFO  | DNAudit | user=null | ip=null | op=WRITE_CHUNK {blockData=conID: 3 locID: 102666069983494760 bcsId: 4052} | ret=SUCCESS |  
2019-08-23 11:31:45,833 | INFO  | DNAudit | user=null | ip=null | op=WRITE_CHUNK {blockData=conID: 3 locID: 102666069983494760 bcsId: 4052} | ret=SUCCESS |  
2019-08-23 11:31:45,835 | INFO  | DNAudit | user=null | ip=null | op=PUT_BLOCK {blockData=[blockId=conID: 3 locID: 102666069983494760 bcsId: 0,size=4194304]} | ret=SUCCESS |  
2019-08-23 11:31:45,835 | INFO  | DNAudit | user=null | ip=null | op=PUT_BLOCK {blockData=[blockId=conID: 3 locID: 102666069983494760 bcsId: 0,size=4194304]} | ret=SUCCESS |  
2019-08-23 11:31:45,835 [grpc-default-executor-4] INFO  client.GrpcClientProtocolClient (GrpcClientProtocolClient.java:onNext(255)) - client-C9E345EC67ED->244f13ac-34be-4c4e-8e45-0c0272edbbb2: receive RaftClientReply:client-C9E345EC67ED->244f13ac-34be-4c4e-8e45-0c0272edbbb2@group-FE77C852EF02, cid=2731, SUCCESS, logIndex=0, commits[244f13ac-34be-4c4e-8e45-0c0272edbbb2:c4057, 6287e41a-5356-4f55-84f2-270816d53e84:c4055, a2c18d3d-e79d-47c9-88fe-d8a1d195302b:c4055]
2019-08-23 11:31:45,840 | INFO  | SCMAudit | user=jenkins1000 | ip=192.168.5.185 | op=ALLOCATE_BLOCK {owner=00a23185-76ea-47b5-a641-ad3cfbe5521a, size=4194304, type=RATIS, factor=THREE} | ret=SUCCESS |  
2019-08-23 11:31:45,843 | INFO  | OMAudit | user=jenkins1000 | ip=127.0.0.1 | op=ALLOCATE_BLOCK {volume=vol-0-37508, bucket=bucket-0-50919, key=key-0-57313, dataSize=0, replicationType=null, replicationFactor=null, keyLocationInfo=null, clientID=102666068570931602} | ret=SUCCESS |  
2019-08-23 11:31:45,849 | INFO  | DNAudit | user=null | ip=null | op=WRITE_CHUNK {blockData=conID: 1 locID: 102666069989130857 bcsId: 0} | ret=SUCCESS |  
2019-08-23 11:31:45,854 | INFO  | DNAudit | user=null | ip=null | op=WRITE_CHUNK {blockData=conID: 1 locID: 102666069989130857 bcsId: 0} | ret=SUCCESS |  
2019-08-23 11:31:45,854 | INFO  | DNAudit | user=null | ip=null | op=WRITE_CHUNK {blockData=conID: 1 locID: 102666069989130857 bcsId: 0} | ret=SUCCESS |  
2019-08-23 11:31:45,854 | INFO  | DNAudit | user=null | ip=null | op=WRITE_CHUNK {blockData=conID: 1 locID: 102666069989130857 bcsId: 0} | ret=SUCCESS |  
2019-08-23 11:31:45,855 | INFO  | DNAudit | user=null | ip=null | op=WRITE_CHUNK {blockData=conID: 1 locID: 102666069989130857 bcsId: 0} | ret=SUCCESS |  
2019-08-23 11:31:45,856 | INFO  | DNAudit | user=null | ip=null | op=WRITE_CHUNK {blockData=conID: 1 locID: 102666069989130857 bcsId: 0} | ret=SUCCESS |  
2019-08-23 11:31:45,869 | INFO  | DNAudit | user=null | ip=null | op=WRITE_CHUNK {blockData=conID: 1 locID: 102666069989130857 bcsId: 0} | ret=SUCCESS |  
2019-08-23 11:31:45,869 | INFO  | DNAudit | user=null | ip=null | op=PUT_BLOCK {blockData=[blockId=conID: 1 locID: 102666069989130857 bcsId: 0,size=1048576]} | ret=SUCCESS |  
2019-08-23 11:31:45,870 [grpc-default-executor-0] INFO  client.GrpcClientProtocolClient (GrpcClientProtocolClient.java:onNext(255)) - client-C9E345EC67ED->244f13ac-34be-4c4e-8e45-0c0272edbbb2: receive RaftClientReply:client-C9E345EC67ED->244f13ac-34be-4c4e-8e45-0c0272edbbb2@group-FE77C852EF02, cid=2732, SUCCESS, logIndex=4058, commits[244f13ac-34be-4c4e-8e45-0c0272edbbb2:c4059, 6287e41a-5356-4f55-84f2-270816d53e84:c4057, a2c18d3d-e79d-47c9-88fe-d8a1d195302b:c4057]
2019-08-23 11:31:45,870 | INFO  | DNAudit | user=null | ip=null | op=WRITE_CHUNK {blockData=conID: 1 locID: 102666069989130857 bcsId: 0} | ret=SUCCESS |  
2019-08-23 11:31:45,870 | INFO  | DNAudit | user=null | ip=null | op=PUT_BLOCK {blockData=[blockId=conID: 1 locID: 102666069989130857 bcsId: 0,size=2097152]} | ret=SUCCESS |  
2019-08-23 11:31:45,870 [grpc-default-executor-0] INFO  client.GrpcClientProtocolClient (GrpcClientProtocolClient.java:onNext(255)) - client-C9E345EC67ED->244f13ac-34be-4c4e-8e45-0c0272edbbb2: receive RaftClientReply:client-C9E345EC67ED->244f13ac-34be-4c4e-8e45-0c0272edbbb2@group-FE77C852EF02, cid=2733, SUCCESS, logIndex=4059, commits[244f13ac-34be-4c4e-8e45-0c0272edbbb2:c4061, 6287e41a-5356-4f55-84f2-270816d53e84:c4057, a2c18d3d-e79d-47c9-88fe-d8a1d195302b:c4057]
2019-08-23 11:31:45,870 [grpc-default-executor-0] INFO  client.GrpcClientProtocolClient (GrpcClientProtocolClient.java:onNext(255)) - client-C9E345EC67ED->244f13ac-34be-4c4e-8e45-0c0272edbbb2: receive RaftClientReply:client-C9E345EC67ED->244f13ac-34be-4c4e-8e45-0c0272edbbb2@group-FE77C852EF02, cid=2734, SUCCESS, logIndex=4060, commits[244f13ac-34be-4c4e-8e45-0c0272edbbb2:c4061, 6287e41a-5356-4f55-84f2-270816d53e84:c4057, a2c18d3d-e79d-47c9-88fe-d8a1d195302b:c4057]
2019-08-23 11:31:45,870 [grpc-default-executor-0] INFO  client.GrpcClientProtocolClient (GrpcClientProtocolClient.java:onNext(255)) - client-C9E345EC67ED->244f13ac-34be-4c4e-8e45-0c0272edbbb2: receive RaftClientReply:client-C9E345EC67ED->244f13ac-34be-4c4e-8e45-0c0272edbbb2@group-FE77C852EF02, cid=2735, SUCCESS, logIndex=4061, commits[244f13ac-34be-4c4e-8e45-0c0272edbbb2:c4061, 6287e41a-5356-4f55-84f2-270816d53e84:c4057, a2c18d3d-e79d-47c9-88fe-d8a1d195302b:c4057]
2019-08-23 11:31:45,880 | INFO  | DNAudit | user=null | ip=null | op=WRITE_CHUNK {blockData=conID: 1 locID: 102666069989130857 bcsId: 0} | ret=SUCCESS |  
2019-08-23 11:31:45,881 | INFO  | DNAudit | user=null | ip=null | op=PUT_BLOCK {blockData=[blockId=conID: 1 locID: 102666069989130857 bcsId: 0,size=1048576]} | ret=SUCCESS |  
2019-08-23 11:31:45,881 | INFO  | DNAudit | user=null | ip=null | op=WRITE_CHUNK {blockData=conID: 1 locID: 102666069989130857 bcsId: 0} | ret=SUCCESS |  
2019-08-23 11:31:45,881 | INFO  | DNAudit | user=null | ip=null | op=PUT_BLOCK {blockData=[blockId=conID: 1 locID: 102666069989130857 bcsId: 0,size=1048576]} | ret=SUCCESS |  
2019-08-23 11:31:45,881 | INFO  | DNAudit | user=null | ip=null | op=WRITE_CHUNK {blockData=conID: 1 locID: 102666069989130857 bcsId: 0} | ret=SUCCESS |  
2019-08-23 11:31:45,881 | INFO  | DNAudit | user=null | ip=null | op=PUT_BLOCK {blockData=[blockId=conID: 1 locID: 102666069989130857 bcsId: 0,size=2097152]} | ret=SUCCESS |  
2019-08-23 11:31:45,881 [grpc-default-executor-0] INFO  client.GrpcClientProtocolClient (GrpcClientProtocolClient.java:onNext(255)) - client-C9E345EC67ED->244f13ac-34be-4c4e-8e45-0c0272edbbb2: receive RaftClientReply:client-C9E345EC67ED->244f13ac-34be-4c4e-8e45-0c0272edbbb2@group-FE77C852EF02, cid=2736, SUCCESS, logIndex=0, commits[244f13ac-34be-4c4e-8e45-0c0272edbbb2:c4062, 6287e41a-5356-4f55-84f2-270816d53e84:c4059, a2c18d3d-e79d-47c9-88fe-d8a1d195302b:c4059]
2019-08-23 11:31:45,883 | INFO  | DNAudit | user=null | ip=null | op=WRITE_CHUNK {blockData=conID: 1 locID: 102666069989130857 bcsId: 0} | ret=SUCCESS |  
2019-08-23 11:31:45,883 | INFO  | DNAudit | user=null | ip=null | op=PUT_BLOCK {blockData=[blockId=conID: 1 locID: 102666069989130857 bcsId: 0,size=2097152]} | ret=SUCCESS |  
2019-08-23 11:31:45,887 | INFO  | DNAudit | user=null | ip=null | op=WRITE_CHUNK {blockData=conID: 1 locID: 102666069989130857 bcsId: 4061} | ret=SUCCESS |  
2019-08-23 11:31:45,889 | INFO  | DNAudit | user=null | ip=null | op=WRITE_CHUNK {blockData=conID: 1 locID: 102666069989130857 bcsId: 4061} | ret=SUCCESS |  
2019-08-23 11:31:45,889 | INFO  | DNAudit | user=null | ip=null | op=WRITE_CHUNK {blockData=conID: 1 locID: 102666069989130857 bcsId: 4061} | ret=SUCCESS |  
2019-08-23 11:31:45,900 | INFO  | DNAudit | user=null | ip=null | op=WRITE_CHUNK {blockData=conID: 1 locID: 102666069989130857 bcsId: 4061} | ret=SUCCESS |  
2019-08-23 11:31:45,900 | INFO  | DNAudit | user=null | ip=null | op=PUT_BLOCK {blockData=[blockId=conID: 1 locID: 102666069989130857 bcsId: 0,size=3145728]} | ret=SUCCESS |  
2019-08-23 11:31:45,900 [grpc-default-executor-0] INFO  client.GrpcClientProtocolClient (GrpcClientProtocolClient.java:onNext(255)) - client-C9E345EC67ED->244f13ac-34be-4c4e-8e45-0c0272edbbb2: receive RaftClientReply:client-C9E345EC67ED->244f13ac-34be-4c4e-8e45-0c0272edbbb2@group-FE77C852EF02, cid=2737, SUCCESS, logIndex=4065, commits[244f13ac-34be-4c4e-8e45-0c0272edbbb2:c4066, 6287e41a-5356-4f55-84f2-270816d53e84:c4064, a2c18d3d-e79d-47c9-88fe-d8a1d195302b:c4064]
2019-08-23 11:31:45,901 [grpc-default-executor-0] INFO  client.GrpcClientProtocolClient (GrpcClientProtocolClient.java:onNext(255)) - client-C9E345EC67ED->244f13ac-34be-4c4e-8e45-0c0272edbbb2: receive RaftClientReply:client-C9E345EC67ED->244f13ac-34be-4c4e-8e45-0c0272edbbb2@group-FE77C852EF02, cid=2738, SUCCESS, logIndex=4066, commits[244f13ac-34be-4c4e-8e45-0c0272edbbb2:c4066, 6287e41a-5356-4f55-84f2-270816d53e84:c4064, a2c18d3d-e79d-47c9-88fe-d8a1d195302b:c4064]
2019-08-23 11:31:45,906 | INFO  | DNAudit | user=null | ip=null | op=WRITE_CHUNK {blockData=conID: 1 locID: 102666069989130857 bcsId: 4066} | ret=SUCCESS |  
2019-08-23 11:31:45,908 | INFO  | DNAudit | user=null | ip=null | op=WRITE_CHUNK {blockData=conID: 1 locID: 102666069989130857 bcsId: 4066} | ret=SUCCESS |  
2019-08-23 11:31:45,908 | INFO  | DNAudit | user=null | ip=null | op=WRITE_CHUNK {blockData=conID: 1 locID: 102666069989130857 bcsId: 4066} | ret=SUCCESS |  
2019-08-23 11:31:45,911 | INFO  | DNAudit | user=null | ip=null | op=WRITE_CHUNK {blockData=conID: 1 locID: 102666069989130857 bcsId: 4061} | ret=SUCCESS |  
2019-08-23 11:31:45,911 | INFO  | DNAudit | user=null | ip=null | op=WRITE_CHUNK {blockData=conID: 1 locID: 102666069989130857 bcsId: 4061} | ret=SUCCESS |  
2019-08-23 11:31:45,921 | INFO  | DNAudit | user=null | ip=null | op=PUT_BLOCK {blockData=[blockId=conID: 1 locID: 102666069989130857 bcsId: 0,size=3145728]} | ret=SUCCESS |  
2019-08-23 11:31:45,921 | INFO  | DNAudit | user=null | ip=null | op=PUT_BLOCK {blockData=[blockId=conID: 1 locID: 102666069989130857 bcsId: 0,size=3145728]} | ret=SUCCESS |  
2019-08-23 11:31:45,924 | INFO  | DNAudit | user=null | ip=null | op=WRITE_CHUNK {blockData=conID: 1 locID: 102666069989130857 bcsId: 4066} | ret=SUCCESS |  
2019-08-23 11:31:45,924 | INFO  | DNAudit | user=null | ip=null | op=PUT_BLOCK {blockData=[blockId=conID: 1 locID: 102666069989130857 bcsId: 0,size=4194304]} | ret=SUCCESS |  
2019-08-23 11:31:45,924 [grpc-default-executor-4] INFO  client.GrpcClientProtocolClient (GrpcClientProtocolClient.java:onNext(255)) - client-C9E345EC67ED->244f13ac-34be-4c4e-8e45-0c0272edbbb2: receive RaftClientReply:client-C9E345EC67ED->244f13ac-34be-4c4e-8e45-0c0272edbbb2@group-FE77C852EF02, cid=2739, SUCCESS, logIndex=4069, commits[244f13ac-34be-4c4e-8e45-0c0272edbbb2:c4070, 6287e41a-5356-4f55-84f2-270816d53e84:c4066, a2c18d3d-e79d-47c9-88fe-d8a1d195302b:c4066]
2019-08-23 11:31:45,925 [grpc-default-executor-4] INFO  client.GrpcClientProtocolClient (GrpcClientProtocolClient.java:onNext(255)) - client-C9E345EC67ED->244f13ac-34be-4c4e-8e45-0c0272edbbb2: receive RaftClientReply:client-C9E345EC67ED->244f13ac-34be-4c4e-8e45-0c0272edbbb2@group-FE77C852EF02, cid=2740, SUCCESS, logIndex=4070, commits[244f13ac-34be-4c4e-8e45-0c0272edbbb2:c4070, 6287e41a-5356-4f55-84f2-270816d53e84:c4066, a2c18d3d-e79d-47c9-88fe-d8a1d195302b:c4066]
2019-08-23 11:31:45,933 | INFO  | DNAudit | user=null | ip=null | op=WRITE_CHUNK {blockData=conID: 1 locID: 102666069989130857 bcsId: 4066} | ret=SUCCESS |  
2019-08-23 11:31:45,933 | INFO  | DNAudit | user=null | ip=null | op=WRITE_CHUNK {blockData=conID: 1 locID: 102666069989130857 bcsId: 4066} | ret=SUCCESS |  
2019-08-23 11:31:45,934 | INFO  | DNAudit | user=null | ip=null | op=PUT_BLOCK {blockData=[blockId=conID: 1 locID: 102666069989130857 bcsId: 0,size=4194304]} | ret=SUCCESS |  
2019-08-23 11:31:45,934 | INFO  | DNAudit | user=null | ip=null | op=PUT_BLOCK {blockData=[blockId=conID: 1 locID: 102666069989130857 bcsId: 0,size=4194304]} | ret=SUCCESS |  
2019-08-23 11:31:45,935 [grpc-default-executor-4] INFO  client.GrpcClientProtocolClient (GrpcClientProtocolClient.java:onNext(255)) - client-C9E345EC67ED->244f13ac-34be-4c4e-8e45-0c0272edbbb2: receive RaftClientReply:client-C9E345EC67ED->244f13ac-34be-4c4e-8e45-0c0272edbbb2@group-FE77C852EF02, cid=2741, SUCCESS, logIndex=0, commits[244f13ac-34be-4c4e-8e45-0c0272edbbb2:c4072, 6287e41a-5356-4f55-84f2-270816d53e84:c4070, a2c18d3d-e79d-47c9-88fe-d8a1d195302b:c4070]
2019-08-23 11:31:45,941 | INFO  | SCMAudit | user=jenkins1000 | ip=192.168.5.185 | op=ALLOCATE_BLOCK {owner=00a23185-76ea-47b5-a641-ad3cfbe5521a, size=4194304, type=RATIS, factor=THREE} | ret=SUCCESS |  
2019-08-23 11:31:45,946 | INFO  | OMAudit | user=jenkins1000 | ip=127.0.0.1 | op=ALLOCATE_BLOCK {volume=vol-0-37508, bucket=bucket-0-50919, key=key-0-57313, dataSize=0, replicationType=null, replicationFactor=null, keyLocationInfo=null, clientID=102666068570931602} | ret=SUCCESS |  
2019-08-23 11:31:45,951 | INFO  | DNAudit | user=null | ip=null | op=WRITE_CHUNK {blockData=conID: 2 locID: 102666069995749994 bcsId: 0} | ret=SUCCESS |  
2019-08-23 11:31:45,954 | INFO  | DNAudit | user=null | ip=null | op=WRITE_CHUNK {blockData=conID: 2 locID: 102666069995749994 bcsId: 0} | ret=SUCCESS |  
2019-08-23 11:31:45,954 | INFO  | DNAudit | user=null | ip=null | op=WRITE_CHUNK {blockData=conID: 2 locID: 102666069995749994 bcsId: 0} | ret=SUCCESS |  
2019-08-23 11:31:45,955 | INFO  | DNAudit | user=null | ip=null | op=WRITE_CHUNK {blockData=conID: 2 locID: 102666069995749994 bcsId: 0} | ret=SUCCESS |  
2019-08-23 11:31:45,956 | INFO  | DNAudit | user=null | ip=null | op=WRITE_CHUNK {blockData=conID: 2 locID: 102666069995749994 bcsId: 0} | ret=SUCCESS |  
2019-08-23 11:31:45,956 | INFO  | DNAudit | user=null | ip=null | op=WRITE_CHUNK {blockData=conID: 2 locID: 102666069995749994 bcsId: 0} | ret=SUCCESS |  
2019-08-23 11:31:45,964 | INFO  | DNAudit | user=null | ip=null | op=WRITE_CHUNK {blockData=conID: 2 locID: 102666069995749994 bcsId: 0} | ret=SUCCESS |  
2019-08-23 11:31:45,964 | INFO  | DNAudit | user=null | ip=null | op=PUT_BLOCK {blockData=[blockId=conID: 2 locID: 102666069995749994 bcsId: 0,size=1048576]} | ret=SUCCESS |  
2019-08-23 11:31:45,964 [grpc-default-executor-2] INFO  client.GrpcClientProtocolClient (GrpcClientProtocolClient.java:onNext(255)) - client-C9E345EC67ED->244f13ac-34be-4c4e-8e45-0c0272edbbb2: receive RaftClientReply:client-C9E345EC67ED->244f13ac-34be-4c4e-8e45-0c0272edbbb2@group-FE77C852EF02, cid=2742, SUCCESS, logIndex=4073, commits[244f13ac-34be-4c4e-8e45-0c0272edbbb2:c4074, 6287e41a-5356-4f55-84f2-270816d53e84:c4072, a2c18d3d-e79d-47c9-88fe-d8a1d195302b:c4072]
2019-08-23 11:31:45,965 | INFO  | DNAudit | user=null | ip=null | op=WRITE_CHUNK {blockData=conID: 2 locID: 102666069995749994 bcsId: 0} | ret=SUCCESS |  
2019-08-23 11:31:45,965 [grpc-default-executor-4] INFO  client.GrpcClientProtocolClient (GrpcClientProtocolClient.java:onNext(255)) - client-C9E345EC67ED->244f13ac-34be-4c4e-8e45-0c0272edbbb2: receive RaftClientReply:client-C9E345EC67ED->244f13ac-34be-4c4e-8e45-0c0272edbbb2@group-FE77C852EF02, cid=2743, SUCCESS, logIndex=4074, commits[244f13ac-34be-4c4e-8e45-0c0272edbbb2:c4074, 6287e41a-5356-4f55-84f2-270816d53e84:c4072, a2c18d3d-e79d-47c9-88fe-d8a1d195302b:c4072]
2019-08-23 11:31:45,965 | INFO  | DNAudit | user=null | ip=null | op=PUT_BLOCK {blockData=[blockId=conID: 2 locID: 102666069995749994 bcsId: 0,size=2097152]} | ret=SUCCESS |  
2019-08-23 11:31:45,965 [grpc-default-executor-4] INFO  client.GrpcClientProtocolClient (GrpcClientProtocolClient.java:onNext(255)) - client-C9E345EC67ED->244f13ac-34be-4c4e-8e45-0c0272edbbb2: receive RaftClientReply:client-C9E345EC67ED->244f13ac-34be-4c4e-8e45-0c0272edbbb2@group-FE77C852EF02, cid=2744, SUCCESS, logIndex=4075, commits[244f13ac-34be-4c4e-8e45-0c0272edbbb2:c4076, 6287e41a-5356-4f55-84f2-270816d53e84:c4072, a2c18d3d-e79d-47c9-88fe-d8a1d195302b:c4072]
2019-08-23 11:31:45,965 [grpc-default-executor-4] INFO  client.GrpcClientProtocolClient (GrpcClientProtocolClient.java:onNext(255)) - client-C9E345EC67ED->244f13ac-34be-4c4e-8e45-0c0272edbbb2: receive RaftClientReply:client-C9E345EC67ED->244f13ac-34be-4c4e-8e45-0c0272edbbb2@group-FE77C852EF02, cid=2745, SUCCESS, logIndex=4076, commits[244f13ac-34be-4c4e-8e45-0c0272edbbb2:c4076, 6287e41a-5356-4f55-84f2-270816d53e84:c4072, a2c18d3d-e79d-47c9-88fe-d8a1d195302b:c4072]
2019-08-23 11:31:45,985 | INFO  | DNAudit | user=null | ip=null | op=WRITE_CHUNK {blockData=conID: 2 locID: 102666069995749994 bcsId: 0} | ret=SUCCESS |  
2019-08-23 11:31:45,985 | INFO  | DNAudit | user=null | ip=null | op=PUT_BLOCK {blockData=[blockId=conID: 2 locID: 102666069995749994 bcsId: 0,size=1048576]} | ret=SUCCESS |  
2019-08-23 11:31:45,987 | INFO  | DNAudit | user=null | ip=null | op=WRITE_CHUNK {blockData=conID: 2 locID: 102666069995749994 bcsId: 0} | ret=SUCCESS |  
2019-08-23 11:31:45,987 | INFO  | DNAudit | user=null | ip=null | op=PUT_BLOCK {blockData=[blockId=conID: 2 locID: 102666069995749994 bcsId: 0,size=1048576]} | ret=SUCCESS |  
2019-08-23 11:31:45,987 | INFO  | DNAudit | user=null | ip=null | op=WRITE_CHUNK {blockData=conID: 2 locID: 102666069995749994 bcsId: 0} | ret=SUCCESS |  
2019-08-23 11:31:45,987 [grpc-default-executor-4] INFO  client.GrpcClientProtocolClient (GrpcClientProtocolClient.java:onNext(255)) - client-C9E345EC67ED->244f13ac-34be-4c4e-8e45-0c0272edbbb2: receive RaftClientReply:client-C9E345EC67ED->244f13ac-34be-4c4e-8e45-0c0272edbbb2@group-FE77C852EF02, cid=2746, SUCCESS, logIndex=0, commits[244f13ac-34be-4c4e-8e45-0c0272edbbb2:c4078, 6287e41a-5356-4f55-84f2-270816d53e84:c4074, a2c18d3d-e79d-47c9-88fe-d8a1d195302b:c4074]
2019-08-23 11:31:45,988 | INFO  | DNAudit | user=null | ip=null | op=PUT_BLOCK {blockData=[blockId=conID: 2 locID: 102666069995749994 bcsId: 0,size=2097152]} | ret=SUCCESS |  
2019-08-23 11:31:45,993 | INFO  | DNAudit | user=null | ip=null | op=WRITE_CHUNK {blockData=conID: 2 locID: 102666069995749994 bcsId: 4076} | ret=SUCCESS |  
2019-08-23 11:31:45,994 | INFO  | DNAudit | user=null | ip=null | op=WRITE_CHUNK {blockData=conID: 2 locID: 102666069995749994 bcsId: 4076} | ret=SUCCESS |  
2019-08-23 11:31:45,995 | INFO  | DNAudit | user=null | ip=null | op=WRITE_CHUNK {blockData=conID: 2 locID: 102666069995749994 bcsId: 4076} | ret=SUCCESS |  
2019-08-23 11:31:45,998 | INFO  | DNAudit | user=null | ip=null | op=WRITE_CHUNK {blockData=conID: 2 locID: 102666069995749994 bcsId: 0} | ret=SUCCESS |  
2019-08-23 11:31:45,998 | INFO  | DNAudit | user=null | ip=null | op=PUT_BLOCK {blockData=[blockId=conID: 2 locID: 102666069995749994 bcsId: 0,size=2097152]} | ret=SUCCESS |  
2019-08-23 11:31:45,998 | INFO  | DNAudit | user=null | ip=null | op=WRITE_CHUNK {blockData=conID: 2 locID: 102666069995749994 bcsId: 4076} | ret=SUCCESS |  
2019-08-23 11:31:45,999 | INFO  | DNAudit | user=null | ip=null | op=PUT_BLOCK {blockData=[blockId=conID: 2 locID: 102666069995749994 bcsId: 0,size=3145728]} | ret=SUCCESS |  
2019-08-23 11:31:45,999 [grpc-default-executor-4] INFO  client.GrpcClientProtocolClient (GrpcClientProtocolClient.java:onNext(255)) - client-C9E345EC67ED->244f13ac-34be-4c4e-8e45-0c0272edbbb2: receive RaftClientReply:client-C9E345EC67ED->244f13ac-34be-4c4e-8e45-0c0272edbbb2@group-FE77C852EF02, cid=2747, SUCCESS, logIndex=4081, commits[244f13ac-34be-4c4e-8e45-0c0272edbbb2:c4082, 6287e41a-5356-4f55-84f2-270816d53e84:c4076, a2c18d3d-e79d-47c9-88fe-d8a1d195302b:c4080]
2019-08-23 11:31:45,999 [grpc-default-executor-4] INFO  client.GrpcClientProtocolClient (GrpcClientProtocolClient.java:onNext(255)) - client-C9E345EC67ED->244f13ac-34be-4c4e-8e45-0c0272edbbb2: receive RaftClientReply:client-C9E345EC67ED->244f13ac-34be-4c4e-8e45-0c0272edbbb2@group-FE77C852EF02, cid=2748, SUCCESS, logIndex=4082, commits[244f13ac-34be-4c4e-8e45-0c0272edbbb2:c4082, 6287e41a-5356-4f55-84f2-270816d53e84:c4080, a2c18d3d-e79d-47c9-88fe-d8a1d195302b:c4080]
2019-08-23 11:31:46,001 | INFO  | DNAudit | user=null | ip=null | op=WRITE_CHUNK {blockData=conID: 2 locID: 102666069995749994 bcsId: 4076} | ret=SUCCESS |  
2019-08-23 11:31:46,002 | INFO  | DNAudit | user=null | ip=null | op=WRITE_CHUNK {blockData=conID: 2 locID: 102666069995749994 bcsId: 4076} | ret=SUCCESS |  
2019-08-23 11:31:46,005 | INFO  | DNAudit | user=null | ip=null | op=WRITE_CHUNK {blockData=conID: 2 locID: 102666069995749994 bcsId: 4082} | ret=SUCCESS |  
2019-08-23 11:31:46,007 | INFO  | DNAudit | user=null | ip=null | op=WRITE_CHUNK {blockData=conID: 2 locID: 102666069995749994 bcsId: 4082} | ret=SUCCESS |  
2019-08-23 11:31:46,007 | INFO  | DNAudit | user=null | ip=null | op=WRITE_CHUNK {blockData=conID: 2 locID: 102666069995749994 bcsId: 4082} | ret=SUCCESS |  
2019-08-23 11:31:46,015 | INFO  | DNAudit | user=null | ip=null | op=PUT_BLOCK {blockData=[blockId=conID: 2 locID: 102666069995749994 bcsId: 0,size=3145728]} | ret=SUCCESS |  
2019-08-23 11:31:46,015 | INFO  | DNAudit | user=null | ip=null | op=PUT_BLOCK {blockData=[blockId=conID: 2 locID: 102666069995749994 bcsId: 0,size=3145728]} | ret=SUCCESS |  
2019-08-23 11:31:46,026 | INFO  | DNAudit | user=null | ip=null | op=WRITE_CHUNK {blockData=conID: 2 locID: 102666069995749994 bcsId: 4082} | ret=SUCCESS |  
2019-08-23 11:31:46,027 | INFO  | DNAudit | user=null | ip=null | op=PUT_BLOCK {blockData=[blockId=conID: 2 locID: 102666069995749994 bcsId: 0,size=4194304]} | ret=SUCCESS |  
2019-08-23 11:31:46,027 [grpc-default-executor-0] INFO  client.GrpcClientProtocolClient (GrpcClientProtocolClient.java:onNext(255)) - client-C9E345EC67ED->244f13ac-34be-4c4e-8e45-0c0272edbbb2: receive RaftClientReply:client-C9E345EC67ED->244f13ac-34be-4c4e-8e45-0c0272edbbb2@group-FE77C852EF02, cid=2749, SUCCESS, logIndex=4085, commits[244f13ac-34be-4c4e-8e45-0c0272edbbb2:c4086, 6287e41a-5356-4f55-84f2-270816d53e84:c4083, a2c18d3d-e79d-47c9-88fe-d8a1d195302b:c4083]
2019-08-23 11:31:46,027 [grpc-default-executor-0] INFO  client.GrpcClientProtocolClient (GrpcClientProtocolClient.java:onNext(255)) - client-C9E345EC67ED->244f13ac-34be-4c4e-8e45-0c0272edbbb2: receive RaftClientReply:client-C9E345EC67ED->244f13ac-34be-4c4e-8e45-0c0272edbbb2@group-FE77C852EF02, cid=2750, SUCCESS, logIndex=4086, commits[244f13ac-34be-4c4e-8e45-0c0272edbbb2:c4086, 6287e41a-5356-4f55-84f2-270816d53e84:c4083, a2c18d3d-e79d-47c9-88fe-d8a1d195302b:c4083]
2019-08-23 11:31:46,036 | INFO  | DNAudit | user=null | ip=null | op=WRITE_CHUNK {blockData=conID: 2 locID: 102666069995749994 bcsId: 4082} | ret=SUCCESS |  
2019-08-23 11:31:46,037 | INFO  | DNAudit | user=null | ip=null | op=WRITE_CHUNK {blockData=conID: 2 locID: 102666069995749994 bcsId: 4082} | ret=SUCCESS |  
2019-08-23 11:31:46,039 | INFO  | DNAudit | user=null | ip=null | op=PUT_BLOCK {blockData=[blockId=conID: 2 locID: 102666069995749994 bcsId: 0,size=4194304]} | ret=SUCCESS |  
2019-08-23 11:31:46,039 | INFO  | DNAudit | user=null | ip=null | op=PUT_BLOCK {blockData=[blockId=conID: 2 locID: 102666069995749994 bcsId: 0,size=4194304]} | ret=SUCCESS |  
2019-08-23 11:31:46,040 [grpc-default-executor-0] INFO  client.GrpcClientProtocolClient (GrpcClientProtocolClient.java:onNext(255)) - client-C9E345EC67ED->244f13ac-34be-4c4e-8e45-0c0272edbbb2: receive RaftClientReply:client-C9E345EC67ED->244f13ac-34be-4c4e-8e45-0c0272edbbb2@group-FE77C852EF02, cid=2751, SUCCESS, logIndex=0, commits[244f13ac-34be-4c4e-8e45-0c0272edbbb2:c4088, 6287e41a-5356-4f55-84f2-270816d53e84:c4086, a2c18d3d-e79d-47c9-88fe-d8a1d195302b:c4086]
2019-08-23 11:31:46,045 | INFO  | SCMAudit | user=jenkins1000 | ip=192.168.5.185 | op=ALLOCATE_BLOCK {owner=00a23185-76ea-47b5-a641-ad3cfbe5521a, size=4194304, type=RATIS, factor=THREE} | ret=SUCCESS |  
2019-08-23 11:31:46,048 | INFO  | OMAudit | user=jenkins1000 | ip=127.0.0.1 | op=ALLOCATE_BLOCK {volume=vol-0-37508, bucket=bucket-0-50919, key=key-0-57313, dataSize=0, replicationType=null, replicationFactor=null, keyLocationInfo=null, clientID=102666068570931602} | ret=SUCCESS |  
2019-08-23 11:31:46,053 | INFO  | DNAudit | user=null | ip=null | op=WRITE_CHUNK {blockData=conID: 3 locID: 102666070002565739 bcsId: 0} | ret=SUCCESS |  
2019-08-23 11:31:46,056 | INFO  | DNAudit | user=null | ip=null | op=WRITE_CHUNK {blockData=conID: 3 locID: 102666070002565739 bcsId: 0} | ret=SUCCESS |  
2019-08-23 11:31:46,056 | INFO  | DNAudit | user=null | ip=null | op=WRITE_CHUNK {blockData=conID: 3 locID: 102666070002565739 bcsId: 0} | ret=SUCCESS |  
2019-08-23 11:31:46,058 | INFO  | DNAudit | user=null | ip=null | op=WRITE_CHUNK {blockData=conID: 3 locID: 102666070002565739 bcsId: 0} | ret=SUCCESS |  
2019-08-23 11:31:46,060 | INFO  | DNAudit | user=null | ip=null | op=WRITE_CHUNK {blockData=conID: 3 locID: 102666070002565739 bcsId: 0} | ret=SUCCESS |  
2019-08-23 11:31:46,060 | INFO  | DNAudit | user=null | ip=null | op=WRITE_CHUNK {blockData=conID: 3 locID: 102666070002565739 bcsId: 0} | ret=SUCCESS |  
2019-08-23 11:31:46,073 | INFO  | DNAudit | user=null | ip=null | op=WRITE_CHUNK {blockData=conID: 3 locID: 102666070002565739 bcsId: 0} | ret=SUCCESS |  
2019-08-23 11:31:46,073 | INFO  | DNAudit | user=null | ip=null | op=PUT_BLOCK {blockData=[blockId=conID: 3 locID: 102666070002565739 bcsId: 0,size=1048576]} | ret=SUCCESS |  
2019-08-23 11:31:46,074 [grpc-default-executor-2] INFO  client.GrpcClientProtocolClient (GrpcClientProtocolClient.java:onNext(255)) - client-C9E345EC67ED->244f13ac-34be-4c4e-8e45-0c0272edbbb2: receive RaftClientReply:client-C9E345EC67ED->244f13ac-34be-4c4e-8e45-0c0272edbbb2@group-FE77C852EF02, cid=2752, SUCCESS, logIndex=4089, commits[244f13ac-34be-4c4e-8e45-0c0272edbbb2:c4090, 6287e41a-5356-4f55-84f2-270816d53e84:c4088, a2c18d3d-e79d-47c9-88fe-d8a1d195302b:c4088]
2019-08-23 11:31:46,074 | INFO  | DNAudit | user=null | ip=null | op=WRITE_CHUNK {blockData=conID: 3 locID: 102666070002565739 bcsId: 0} | ret=SUCCESS |  
2019-08-23 11:31:46,074 [grpc-default-executor-4] INFO  client.GrpcClientProtocolClient (GrpcClientProtocolClient.java:onNext(255)) - client-C9E345EC67ED->244f13ac-34be-4c4e-8e45-0c0272edbbb2: receive RaftClientReply:client-C9E345EC67ED->244f13ac-34be-4c4e-8e45-0c0272edbbb2@group-FE77C852EF02, cid=2753, SUCCESS, logIndex=4090, commits[244f13ac-34be-4c4e-8e45-0c0272edbbb2:c4091, 6287e41a-5356-4f55-84f2-270816d53e84:c4088, a2c18d3d-e79d-47c9-88fe-d8a1d195302b:c4088]
2019-08-23 11:31:46,074 | INFO  | DNAudit | user=null | ip=null | op=PUT_BLOCK {blockData=[blockId=conID: 3 locID: 102666070002565739 bcsId: 0,size=2097152]} | ret=SUCCESS |  
2019-08-23 11:31:46,075 [grpc-default-executor-4] INFO  client.GrpcClientProtocolClient (GrpcClientProtocolClient.java:onNext(255)) - client-C9E345EC67ED->244f13ac-34be-4c4e-8e45-0c0272edbbb2: receive RaftClientReply:client-C9E345EC67ED->244f13ac-34be-4c4e-8e45-0c0272edbbb2@group-FE77C852EF02, cid=2754, SUCCESS, logIndex=4091, commits[244f13ac-34be-4c4e-8e45-0c0272edbbb2:c4092, 6287e41a-5356-4f55-84f2-270816d53e84:c4088, a2c18d3d-e79d-47c9-88fe-d8a1d195302b:c4088]
2019-08-23 11:31:46,075 [grpc-default-executor-4] INFO  client.GrpcClientProtocolClient (GrpcClientProtocolClient.java:onNext(255)) - client-C9E345EC67ED->244f13ac-34be-4c4e-8e45-0c0272edbbb2: receive RaftClientReply:client-C9E345EC67ED->244f13ac-34be-4c4e-8e45-0c0272edbbb2@group-FE77C852EF02, cid=2755, SUCCESS, logIndex=4092, commits[244f13ac-34be-4c4e-8e45-0c0272edbbb2:c4092, 6287e41a-5356-4f55-84f2-270816d53e84:c4088, a2c18d3d-e79d-47c9-88fe-d8a1d195302b:c4088]
2019-08-23 11:31:46,076 | INFO  | DNAudit | user=null | ip=null | op=WRITE_CHUNK {blockData=conID: 3 locID: 102666070002565739 bcsId: 0} | ret=SUCCESS |  
2019-08-23 11:31:46,077 | INFO  | DNAudit | user=null | ip=null | op=PUT_BLOCK {blockData=[blockId=conID: 3 locID: 102666070002565739 bcsId: 0,size=1048576]} | ret=SUCCESS |  
2019-08-23 11:31:46,079 | INFO  | DNAudit | user=null | ip=null | op=WRITE_CHUNK {blockData=conID: 3 locID: 102666070002565739 bcsId: 0} | ret=SUCCESS |  
2019-08-23 11:31:46,079 | INFO  | DNAudit | user=null | ip=null | op=PUT_BLOCK {blockData=[blockId=conID: 3 locID: 102666070002565739 bcsId: 0,size=1048576]} | ret=SUCCESS |  
2019-08-23 11:31:46,079 | INFO  | DNAudit | user=null | ip=null | op=WRITE_CHUNK {blockData=conID: 3 locID: 102666070002565739 bcsId: 0} | ret=SUCCESS |  
2019-08-23 11:31:46,079 | INFO  | DNAudit | user=null | ip=null | op=PUT_BLOCK {blockData=[blockId=conID: 3 locID: 102666070002565739 bcsId: 0,size=2097152]} | ret=SUCCESS |  
2019-08-23 11:31:46,079 [grpc-default-executor-4] INFO  client.GrpcClientProtocolClient (GrpcClientProtocolClient.java:onNext(255)) - client-C9E345EC67ED->244f13ac-34be-4c4e-8e45-0c0272edbbb2: receive RaftClientReply:client-C9E345EC67ED->244f13ac-34be-4c4e-8e45-0c0272edbbb2@group-FE77C852EF02, cid=2756, SUCCESS, logIndex=0, commits[244f13ac-34be-4c4e-8e45-0c0272edbbb2:c4094, 6287e41a-5356-4f55-84f2-270816d53e84:c4090, a2c18d3d-e79d-47c9-88fe-d8a1d195302b:c4090]
2019-08-23 11:31:46,085 | INFO  | DNAudit | user=null | ip=null | op=WRITE_CHUNK {blockData=conID: 3 locID: 102666070002565739 bcsId: 4092} | ret=SUCCESS |  
2019-08-23 11:31:46,085 | INFO  | SCMAudit | user=jenkins1000 | ip=192.168.5.185 | op=SEND_HEARTBEAT {datanodeUUID=244f13ac-34be-4c4e-8e45-0c0272edbbb2, command=[]} | ret=SUCCESS |  
2019-08-23 11:31:46,085 | INFO  | SCMAudit | user=jenkins1000 | ip=192.168.5.185 | op=SEND_HEARTBEAT {datanodeUUID=b2c34899-c5c3-4720-9d95-984efeabf4a7, command=[]} | ret=SUCCESS |  
2019-08-23 11:31:46,085 | INFO  | SCMAudit | user=jenkins1000 | ip=192.168.5.185 | op=SEND_HEARTBEAT {datanodeUUID=6287e41a-5356-4f55-84f2-270816d53e84, command=[]} | ret=SUCCESS |  
2019-08-23 11:31:46,086 | INFO  | SCMAudit | user=jenkins1000 | ip=192.168.5.185 | op=SEND_HEARTBEAT {datanodeUUID=0d166765-8492-4439-8677-f737a7bc54ca, command=[]} | ret=SUCCESS |  
 0.00% |█                                                                                                    |  0/1 Time: 0:00:212019-08-23 11:31:46,086 | INFO  | DNAudit | user=null | ip=null | op=WRITE_CHUNK {blockData=conID: 3 locID: 102666070002565739 bcsId: 4092} | ret=SUCCESS |  
2019-08-23 11:31:46,086 | INFO  | SCMAudit | user=jenkins1000 | ip=192.168.5.185 | op=SEND_HEARTBEAT {datanodeUUID=a2c18d3d-e79d-47c9-88fe-d8a1d195302b, command=[]} | ret=SUCCESS |  
2019-08-23 11:31:46,087 | INFO  | DNAudit | user=null | ip=null | op=WRITE_CHUNK {blockData=conID: 3 locID: 102666070002565739 bcsId: 4092} | ret=SUCCESS |  
2019-08-23 11:31:46,088 | INFO  | DNAudit | user=null | ip=null | op=WRITE_CHUNK {blockData=conID: 3 locID: 102666070002565739 bcsId: 0} | ret=SUCCESS |  
2019-08-23 11:31:46,088 | INFO  | DNAudit | user=null | ip=null | op=PUT_BLOCK {blockData=[blockId=conID: 3 locID: 102666070002565739 bcsId: 0,size=2097152]} | ret=SUCCESS |  
2019-08-23 11:31:46,089 | INFO  | DNAudit | user=null | ip=null | op=WRITE_CHUNK {blockData=conID: 3 locID: 102666070002565739 bcsId: 4092} | ret=SUCCESS |  
2019-08-23 11:31:46,089 | INFO  | DNAudit | user=null | ip=null | op=PUT_BLOCK {blockData=[blockId=conID: 3 locID: 102666070002565739 bcsId: 0,size=3145728]} | ret=SUCCESS |  
2019-08-23 11:31:46,090 [grpc-default-executor-2] INFO  client.GrpcClientProtocolClient (GrpcClientProtocolClient.java:onNext(255)) - client-C9E345EC67ED->244f13ac-34be-4c4e-8e45-0c0272edbbb2: receive RaftClientReply:client-C9E345EC67ED->244f13ac-34be-4c4e-8e45-0c0272edbbb2@group-FE77C852EF02, cid=2757, SUCCESS, logIndex=4097, commits[244f13ac-34be-4c4e-8e45-0c0272edbbb2:c4098, 6287e41a-5356-4f55-84f2-270816d53e84:c4092, a2c18d3d-e79d-47c9-88fe-d8a1d195302b:c4096]
2019-08-23 11:31:46,090 [grpc-default-executor-2] INFO  client.GrpcClientProtocolClient (GrpcClientProtocolClient.java:onNext(255)) - client-C9E345EC67ED->244f13ac-34be-4c4e-8e45-0c0272edbbb2: receive RaftClientReply:client-C9E345EC67ED->244f13ac-34be-4c4e-8e45-0c0272edbbb2@group-FE77C852EF02, cid=2758, SUCCESS, logIndex=4098, commits[244f13ac-34be-4c4e-8e45-0c0272edbbb2:c4098, 6287e41a-5356-4f55-84f2-270816d53e84:c4096, a2c18d3d-e79d-47c9-88fe-d8a1d195302b:c4096]
2019-08-23 11:31:46,090 | INFO  | DNAudit | user=null | ip=null | op=WRITE_CHUNK {blockData=conID: 3 locID: 102666070002565739 bcsId: 4092} | ret=SUCCESS |  
2019-08-23 11:31:46,090 | INFO  | DNAudit | user=null | ip=null | op=WRITE_CHUNK {blockData=conID: 3 locID: 102666070002565739 bcsId: 4092} | ret=SUCCESS |  
2019-08-23 11:31:46,091 | INFO  | DNAudit | user=null | ip=null | op=PUT_BLOCK {blockData=[blockId=conID: 3 locID: 102666070002565739 bcsId: 0,size=3145728]} | ret=SUCCESS |  
2019-08-23 11:31:46,091 | INFO  | DNAudit | user=null | ip=null | op=PUT_BLOCK {blockData=[blockId=conID: 3 locID: 102666070002565739 bcsId: 0,size=3145728]} | ret=SUCCESS |  
2019-08-23 11:31:46,096 | INFO  | DNAudit | user=null | ip=null | op=WRITE_CHUNK {blockData=conID: 3 locID: 102666070002565739 bcsId: 4098} | ret=SUCCESS |  
2019-08-23 11:31:46,098 | INFO  | DNAudit | user=null | ip=null | op=WRITE_CHUNK {blockData=conID: 3 locID: 102666070002565739 bcsId: 4098} | ret=SUCCESS |  
2019-08-23 11:31:46,098 | INFO  | DNAudit | user=null | ip=null | op=WRITE_CHUNK {blockData=conID: 3 locID: 102666070002565739 bcsId: 4098} | ret=SUCCESS |  
2019-08-23 11:31:46,118 | INFO  | DNAudit | user=null | ip=null | op=WRITE_CHUNK {blockData=conID: 3 locID: 102666070002565739 bcsId: 4098} | ret=SUCCESS |  
2019-08-23 11:31:46,119 | INFO  | DNAudit | user=null | ip=null | op=PUT_BLOCK {blockData=[blockId=conID: 3 locID: 102666070002565739 bcsId: 0,size=4194304]} | ret=SUCCESS |  
2019-08-23 11:31:46,119 [grpc-default-executor-4] INFO  client.GrpcClientProtocolClient (GrpcClientProtocolClient.java:onNext(255)) - client-C9E345EC67ED->244f13ac-34be-4c4e-8e45-0c0272edbbb2: receive RaftClientReply:client-C9E345EC67ED->244f13ac-34be-4c4e-8e45-0c0272edbbb2@group-FE77C852EF02, cid=2759, SUCCESS, logIndex=4101, commits[244f13ac-34be-4c4e-8e45-0c0272edbbb2:c4102, 6287e41a-5356-4f55-84f2-270816d53e84:c4100, a2c18d3d-e79d-47c9-88fe-d8a1d195302b:c4100]
2019-08-23 11:31:46,119 [grpc-default-executor-4] INFO  client.GrpcClientProtocolClient (GrpcClientProtocolClient.java:onNext(255)) - client-C9E345EC67ED->244f13ac-34be-4c4e-8e45-0c0272edbbb2: receive RaftClientReply:client-C9E345EC67ED->244f13ac-34be-4c4e-8e45-0c0272edbbb2@group-FE77C852EF02, cid=2760, SUCCESS, logIndex=4102, commits[244f13ac-34be-4c4e-8e45-0c0272edbbb2:c4102, 6287e41a-5356-4f55-84f2-270816d53e84:c4100, a2c18d3d-e79d-47c9-88fe-d8a1d195302b:c4100]
2019-08-23 11:31:46,130 | INFO  | DNAudit | user=null | ip=null | op=WRITE_CHUNK {blockData=conID: 3 locID: 102666070002565739 bcsId: 4098} | ret=SUCCESS |  
2019-08-23 11:31:46,130 | INFO  | DNAudit | user=null | ip=null | op=WRITE_CHUNK {blockData=conID: 3 locID: 102666070002565739 bcsId: 4098} | ret=SUCCESS |  
2019-08-23 11:31:46,140 | INFO  | DNAudit | user=null | ip=null | op=PUT_BLOCK {blockData=[blockId=conID: 3 locID: 102666070002565739 bcsId: 0,size=4194304]} | ret=SUCCESS |  
2019-08-23 11:31:46,140 | INFO  | DNAudit | user=null | ip=null | op=PUT_BLOCK {blockData=[blockId=conID: 3 locID: 102666070002565739 bcsId: 0,size=4194304]} | ret=SUCCESS |  
2019-08-23 11:31:46,140 [grpc-default-executor-4] INFO  client.GrpcClientProtocolClient (GrpcClientProtocolClient.java:onNext(255)) - client-C9E345EC67ED->244f13ac-34be-4c4e-8e45-0c0272edbbb2: receive RaftClientReply:client-C9E345EC67ED->244f13ac-34be-4c4e-8e45-0c0272edbbb2@group-FE77C852EF02, cid=2761, SUCCESS, logIndex=0, commits[244f13ac-34be-4c4e-8e45-0c0272edbbb2:c4104, 6287e41a-5356-4f55-84f2-270816d53e84:c4102, a2c18d3d-e79d-47c9-88fe-d8a1d195302b:c4102]
2019-08-23 11:31:46,146 | INFO  | SCMAudit | user=jenkins1000 | ip=192.168.5.185 | op=ALLOCATE_BLOCK {owner=00a23185-76ea-47b5-a641-ad3cfbe5521a, size=4194304, type=RATIS, factor=THREE} | ret=SUCCESS |  
2019-08-23 11:31:46,149 | INFO  | OMAudit | user=jenkins1000 | ip=127.0.0.1 | op=ALLOCATE_BLOCK {volume=vol-0-37508, bucket=bucket-0-50919, key=key-0-57313, dataSize=0, replicationType=null, replicationFactor=null, keyLocationInfo=null, clientID=102666068570931602} | ret=SUCCESS |  
2019-08-23 11:31:46,156 | INFO  | DNAudit | user=null | ip=null | op=WRITE_CHUNK {blockData=conID: 1 locID: 102666070009184876 bcsId: 0} | ret=SUCCESS |  
2019-08-23 11:31:46,259 | INFO  | DNAudit | user=null | ip=null | op=WRITE_CHUNK {blockData=conID: 1 locID: 102666070009184876 bcsId: 0} | ret=SUCCESS |  
2019-08-23 11:31:46,260 | INFO  | DNAudit | user=null | ip=null | op=WRITE_CHUNK {blockData=conID: 1 locID: 102666070009184876 bcsId: 0} | ret=SUCCESS |  
2019-08-23 11:31:46,260 | INFO  | DNAudit | user=null | ip=null | op=WRITE_CHUNK {blockData=conID: 1 locID: 102666070009184876 bcsId: 0} | ret=SUCCESS |  
2019-08-23 11:31:46,262 | INFO  | DNAudit | user=null | ip=null | op=WRITE_CHUNK {blockData=conID: 1 locID: 102666070009184876 bcsId: 0} | ret=SUCCESS |  
2019-08-23 11:31:46,262 | INFO  | DNAudit | user=null | ip=null | op=WRITE_CHUNK {blockData=conID: 1 locID: 102666070009184876 bcsId: 0} | ret=SUCCESS |  
2019-08-23 11:31:46,273 | INFO  | DNAudit | user=null | ip=null | op=WRITE_CHUNK {blockData=conID: 1 locID: 102666070009184876 bcsId: 0} | ret=SUCCESS |  
2019-08-23 11:31:46,274 | INFO  | DNAudit | user=null | ip=null | op=PUT_BLOCK {blockData=[blockId=conID: 1 locID: 102666070009184876 bcsId: 0,size=1048576]} | ret=SUCCESS |  
2019-08-23 11:31:46,274 [grpc-default-executor-0] INFO  client.GrpcClientProtocolClient (GrpcClientProtocolClient.java:onNext(255)) - client-C9E345EC67ED->244f13ac-34be-4c4e-8e45-0c0272edbbb2: receive RaftClientReply:client-C9E345EC67ED->244f13ac-34be-4c4e-8e45-0c0272edbbb2@group-FE77C852EF02, cid=2762, SUCCESS, logIndex=4105, commits[244f13ac-34be-4c4e-8e45-0c0272edbbb2:c4106, 6287e41a-5356-4f55-84f2-270816d53e84:c4104, a2c18d3d-e79d-47c9-88fe-d8a1d195302b:c4104]
2019-08-23 11:31:46,275 [grpc-default-executor-0] INFO  client.GrpcClientProtocolClient (GrpcClientProtocolClient.java:onNext(255)) - client-C9E345EC67ED->244f13ac-34be-4c4e-8e45-0c0272edbbb2: receive RaftClientReply:client-C9E345EC67ED->244f13ac-34be-4c4e-8e45-0c0272edbbb2@group-FE77C852EF02, cid=2763, SUCCESS, logIndex=4106, commits[244f13ac-34be-4c4e-8e45-0c0272edbbb2:c4106, 6287e41a-5356-4f55-84f2-270816d53e84:c4104, a2c18d3d-e79d-47c9-88fe-d8a1d195302b:c4104]
2019-08-23 11:31:46,277 | INFO  | DNAudit | user=null | ip=null | op=WRITE_CHUNK {blockData=conID: 1 locID: 102666070009184876 bcsId: 0} | ret=SUCCESS |  
2019-08-23 11:31:46,277 | INFO  | DNAudit | user=null | ip=null | op=WRITE_CHUNK {blockData=conID: 1 locID: 102666070009184876 bcsId: 0} | ret=SUCCESS |  
2019-08-23 11:31:46,277 | INFO  | DNAudit | user=null | ip=null | op=PUT_BLOCK {blockData=[blockId=conID: 1 locID: 102666070009184876 bcsId: 0,size=1048576]} | ret=SUCCESS |  
2019-08-23 11:31:46,277 | INFO  | DNAudit | user=null | ip=null | op=PUT_BLOCK {blockData=[blockId=conID: 1 locID: 102666070009184876 bcsId: 0,size=2097152]} | ret=SUCCESS |  
2019-08-23 11:31:46,277 [grpc-default-executor-0] INFO  client.GrpcClientProtocolClient (GrpcClientProtocolClient.java:onNext(255)) - client-C9E345EC67ED->244f13ac-34be-4c4e-8e45-0c0272edbbb2: receive RaftClientReply:client-C9E345EC67ED->244f13ac-34be-4c4e-8e45-0c0272edbbb2@group-FE77C852EF02, cid=2764, SUCCESS, logIndex=4107, commits[244f13ac-34be-4c4e-8e45-0c0272edbbb2:c4109, 6287e41a-5356-4f55-84f2-270816d53e84:c4106, a2c18d3d-e79d-47c9-88fe-d8a1d195302b:c4104]
2019-08-23 11:31:46,278 [grpc-default-executor-0] INFO  client.GrpcClientProtocolClient (GrpcClientProtocolClient.java:onNext(255)) - client-C9E345EC67ED->244f13ac-34be-4c4e-8e45-0c0272edbbb2: receive RaftClientReply:client-C9E345EC67ED->244f13ac-34be-4c4e-8e45-0c0272edbbb2@group-FE77C852EF02, cid=2765, SUCCESS, logIndex=4108, commits[244f13ac-34be-4c4e-8e45-0c0272edbbb2:c4110, 6287e41a-5356-4f55-84f2-270816d53e84:c4106, a2c18d3d-e79d-47c9-88fe-d8a1d195302b:c4104]
2019-08-23 11:31:46,288 | INFO  | DNAudit | user=null | ip=null | op=WRITE_CHUNK {blockData=conID: 1 locID: 102666070009184876 bcsId: 0} | ret=SUCCESS |  
2019-08-23 11:31:46,289 | INFO  | DNAudit | user=null | ip=null | op=PUT_BLOCK {blockData=[blockId=conID: 1 locID: 102666070009184876 bcsId: 0,size=1048576]} | ret=SUCCESS |  
2019-08-23 11:31:46,289 | INFO  | DNAudit | user=null | ip=null | op=WRITE_CHUNK {blockData=conID: 1 locID: 102666070009184876 bcsId: 0} | ret=SUCCESS |  
2019-08-23 11:31:46,289 [grpc-default-executor-0] INFO  client.GrpcClientProtocolClient (GrpcClientProtocolClient.java:onNext(255)) - client-C9E345EC67ED->244f13ac-34be-4c4e-8e45-0c0272edbbb2: receive RaftClientReply:client-C9E345EC67ED->244f13ac-34be-4c4e-8e45-0c0272edbbb2@group-FE77C852EF02, cid=2766, SUCCESS, logIndex=0, commits[244f13ac-34be-4c4e-8e45-0c0272edbbb2:c4110, 6287e41a-5356-4f55-84f2-270816d53e84:c4106, a2c18d3d-e79d-47c9-88fe-d8a1d195302b:c4106]
2019-08-23 11:31:46,289 | INFO  | DNAudit | user=null | ip=null | op=PUT_BLOCK {blockData=[blockId=conID: 1 locID: 102666070009184876 bcsId: 0,size=2097152]} | ret=SUCCESS |  
2019-08-23 11:31:46,289 | INFO  | DNAudit | user=null | ip=null | op=WRITE_CHUNK {blockData=conID: 1 locID: 102666070009184876 bcsId: 0} | ret=SUCCESS |  
2019-08-23 11:31:46,290 | INFO  | DNAudit | user=null | ip=null | op=PUT_BLOCK {blockData=[blockId=conID: 1 locID: 102666070009184876 bcsId: 0,size=2097152]} | ret=SUCCESS |  
2019-08-23 11:31:46,295 | INFO  | DNAudit | user=null | ip=null | op=WRITE_CHUNK {blockData=conID: 1 locID: 102666070009184876 bcsId: 4108} | ret=SUCCESS |  
2019-08-23 11:31:46,297 | INFO  | DNAudit | user=null | ip=null | op=WRITE_CHUNK {blockData=conID: 1 locID: 102666070009184876 bcsId: 4108} | ret=SUCCESS |  
2019-08-23 11:31:46,297 | INFO  | DNAudit | user=null | ip=null | op=WRITE_CHUNK {blockData=conID: 1 locID: 102666070009184876 bcsId: 4108} | ret=SUCCESS |  
2019-08-23 11:31:46,308 | INFO  | DNAudit | user=null | ip=null | op=WRITE_CHUNK {blockData=conID: 1 locID: 102666070009184876 bcsId: 4108} | ret=SUCCESS |  
2019-08-23 11:31:46,308 | INFO  | DNAudit | user=null | ip=null | op=PUT_BLOCK {blockData=[blockId=conID: 1 locID: 102666070009184876 bcsId: 0,size=3145728]} | ret=SUCCESS |  
2019-08-23 11:31:46,308 [grpc-default-executor-4] INFO  client.GrpcClientProtocolClient (GrpcClientProtocolClient.java:onNext(255)) - client-C9E345EC67ED->244f13ac-34be-4c4e-8e45-0c0272edbbb2: receive RaftClientReply:client-C9E345EC67ED->244f13ac-34be-4c4e-8e45-0c0272edbbb2@group-FE77C852EF02, cid=2767, SUCCESS, logIndex=4113, commits[244f13ac-34be-4c4e-8e45-0c0272edbbb2:c4114, 6287e41a-5356-4f55-84f2-270816d53e84:c4112, a2c18d3d-e79d-47c9-88fe-d8a1d195302b:c4112]
2019-08-23 11:31:46,308 [grpc-default-executor-4] INFO  client.GrpcClientProtocolClient (GrpcClientProtocolClient.java:onNext(255)) - client-C9E345EC67ED->244f13ac-34be-4c4e-8e45-0c0272edbbb2: receive RaftClientReply:client-C9E345EC67ED->244f13ac-34be-4c4e-8e45-0c0272edbbb2@group-FE77C852EF02, cid=2768, SUCCESS, logIndex=4114, commits[244f13ac-34be-4c4e-8e45-0c0272edbbb2:c4114, 6287e41a-5356-4f55-84f2-270816d53e84:c4112, a2c18d3d-e79d-47c9-88fe-d8a1d195302b:c4112]
2019-08-23 11:31:46,315 | INFO  | DNAudit | user=null | ip=null | op=WRITE_CHUNK {blockData=conID: 1 locID: 102666070009184876 bcsId: 4114} | ret=SUCCESS |  
2019-08-23 11:31:46,317 | INFO  | DNAudit | user=null | ip=null | op=WRITE_CHUNK {blockData=conID: 1 locID: 102666070009184876 bcsId: 4114} | ret=SUCCESS |  
2019-08-23 11:31:46,317 | INFO  | DNAudit | user=null | ip=null | op=WRITE_CHUNK {blockData=conID: 1 locID: 102666070009184876 bcsId: 4114} | ret=SUCCESS |  
2019-08-23 11:31:46,319 | INFO  | DNAudit | user=null | ip=null | op=WRITE_CHUNK {blockData=conID: 1 locID: 102666070009184876 bcsId: 4108} | ret=SUCCESS |  
2019-08-23 11:31:46,319 | INFO  | DNAudit | user=null | ip=null | op=WRITE_CHUNK {blockData=conID: 1 locID: 102666070009184876 bcsId: 4108} | ret=SUCCESS |  
2019-08-23 11:31:46,322 | INFO  | DNAudit | user=null | ip=null | op=PUT_BLOCK {blockData=[blockId=conID: 1 locID: 102666070009184876 bcsId: 0,size=3145728]} | ret=SUCCESS |  
2019-08-23 11:31:46,322 | INFO  | DNAudit | user=null | ip=null | op=PUT_BLOCK {blockData=[blockId=conID: 1 locID: 102666070009184876 bcsId: 0,size=3145728]} | ret=SUCCESS |  
2019-08-23 11:31:46,323 | INFO  | DNAudit | user=null | ip=null | op=WRITE_CHUNK {blockData=conID: 1 locID: 102666070009184876 bcsId: 4114} | ret=SUCCESS |  
2019-08-23 11:31:46,323 | INFO  | DNAudit | user=null | ip=null | op=PUT_BLOCK {blockData=[blockId=conID: 1 locID: 102666070009184876 bcsId: 0,size=4194304]} | ret=SUCCESS |  
2019-08-23 11:31:46,323 [grpc-default-executor-1] INFO  client.GrpcClientProtocolClient (GrpcClientProtocolClient.java:onNext(255)) - client-C9E345EC67ED->244f13ac-34be-4c4e-8e45-0c0272edbbb2: receive RaftClientReply:client-C9E345EC67ED->244f13ac-34be-4c4e-8e45-0c0272edbbb2@group-FE77C852EF02, cid=2769, SUCCESS, logIndex=4117, commits[244f13ac-34be-4c4e-8e45-0c0272edbbb2:c4118, 6287e41a-5356-4f55-84f2-270816d53e84:c4114, a2c18d3d-e79d-47c9-88fe-d8a1d195302b:c4114]
2019-08-23 11:31:46,323 [grpc-default-executor-1] INFO  client.GrpcClientProtocolClient (GrpcClientProtocolClient.java:onNext(255)) - client-C9E345EC67ED->244f13ac-34be-4c4e-8e45-0c0272edbbb2: receive RaftClientReply:client-C9E345EC67ED->244f13ac-34be-4c4e-8e45-0c0272edbbb2@group-FE77C852EF02, cid=2770, SUCCESS, logIndex=4118, commits[244f13ac-34be-4c4e-8e45-0c0272edbbb2:c4118, 6287e41a-5356-4f55-84f2-270816d53e84:c4114, a2c18d3d-e79d-47c9-88fe-d8a1d195302b:c4114]
2019-08-23 11:31:46,334 | INFO  | DNAudit | user=null | ip=null | op=WRITE_CHUNK {blockData=conID: 1 locID: 102666070009184876 bcsId: 4114} | ret=SUCCESS |  
2019-08-23 11:31:46,334 | INFO  | DNAudit | user=null | ip=null | op=WRITE_CHUNK {blockData=conID: 1 locID: 102666070009184876 bcsId: 4114} | ret=SUCCESS |  
2019-08-23 11:31:46,337 | INFO  | DNAudit | user=null | ip=null | op=PUT_BLOCK {blockData=[blockId=conID: 1 locID: 102666070009184876 bcsId: 0,size=4194304]} | ret=SUCCESS |  
2019-08-23 11:31:46,337 | INFO  | DNAudit | user=null | ip=null | op=PUT_BLOCK {blockData=[blockId=conID: 1 locID: 102666070009184876 bcsId: 0,size=4194304]} | ret=SUCCESS |  
2019-08-23 11:31:46,337 [grpc-default-executor-1] INFO  client.GrpcClientProtocolClient (GrpcClientProtocolClient.java:onNext(255)) - client-C9E345EC67ED->244f13ac-34be-4c4e-8e45-0c0272edbbb2: receive RaftClientReply:client-C9E345EC67ED->244f13ac-34be-4c4e-8e45-0c0272edbbb2@group-FE77C852EF02, cid=2771, SUCCESS, logIndex=0, commits[244f13ac-34be-4c4e-8e45-0c0272edbbb2:c4120, 6287e41a-5356-4f55-84f2-270816d53e84:c4118, a2c18d3d-e79d-47c9-88fe-d8a1d195302b:c4118]
2019-08-23 11:31:46,343 | INFO  | SCMAudit | user=jenkins1000 | ip=192.168.5.185 | op=ALLOCATE_BLOCK {owner=00a23185-76ea-47b5-a641-ad3cfbe5521a, size=4194304, type=RATIS, factor=THREE} | ret=SUCCESS |  
2019-08-23 11:31:46,347 | INFO  | OMAudit | user=jenkins1000 | ip=127.0.0.1 | op=ALLOCATE_BLOCK {volume=vol-0-37508, bucket=bucket-0-50919, key=key-0-57313, dataSize=0, replicationType=null, replicationFactor=null, keyLocationInfo=null, clientID=102666068570931602} | ret=SUCCESS |  
2019-08-23 11:31:46,354 | INFO  | DNAudit | user=null | ip=null | op=WRITE_CHUNK {blockData=conID: 2 locID: 102666070022095469 bcsId: 0} | ret=SUCCESS |  
2019-08-23 11:31:46,357 | INFO  | DNAudit | user=null | ip=null | op=WRITE_CHUNK {blockData=conID: 2 locID: 102666070022095469 bcsId: 0} | ret=SUCCESS |  
2019-08-23 11:31:46,357 | INFO  | DNAudit | user=null | ip=null | op=WRITE_CHUNK {blockData=conID: 2 locID: 102666070022095469 bcsId: 0} | ret=SUCCESS |  
2019-08-23 11:31:46,357 | INFO  | DNAudit | user=null | ip=null | op=WRITE_CHUNK {blockData=conID: 2 locID: 102666070022095469 bcsId: 0} | ret=SUCCESS |  
2019-08-23 11:31:46,359 | INFO  | DNAudit | user=null | ip=null | op=WRITE_CHUNK {blockData=conID: 2 locID: 102666070022095469 bcsId: 0} | ret=SUCCESS |  
2019-08-23 11:31:46,360 | INFO  | DNAudit | user=null | ip=null | op=WRITE_CHUNK {blockData=conID: 2 locID: 102666070022095469 bcsId: 0} | ret=SUCCESS |  
2019-08-23 11:31:46,366 | INFO  | DNAudit | user=null | ip=null | op=WRITE_CHUNK {blockData=conID: 2 locID: 102666070022095469 bcsId: 0} | ret=SUCCESS |  
2019-08-23 11:31:46,367 | INFO  | DNAudit | user=null | ip=null | op=PUT_BLOCK {blockData=[blockId=conID: 2 locID: 102666070022095469 bcsId: 0,size=1048576]} | ret=SUCCESS |  
2019-08-23 11:31:46,367 [grpc-default-executor-0] INFO  client.GrpcClientProtocolClient (GrpcClientProtocolClient.java:onNext(255)) - client-C9E345EC67ED->244f13ac-34be-4c4e-8e45-0c0272edbbb2: receive RaftClientReply:client-C9E345EC67ED->244f13ac-34be-4c4e-8e45-0c0272edbbb2@group-FE77C852EF02, cid=2772, SUCCESS, logIndex=4121, commits[244f13ac-34be-4c4e-8e45-0c0272edbbb2:c4122, 6287e41a-5356-4f55-84f2-270816d53e84:c4120, a2c18d3d-e79d-47c9-88fe-d8a1d195302b:c4120]
2019-08-23 11:31:46,367 [grpc-default-executor-0] INFO  client.GrpcClientProtocolClient (GrpcClientProtocolClient.java:onNext(255)) - client-C9E345EC67ED->244f13ac-34be-4c4e-8e45-0c0272edbbb2: receive RaftClientReply:client-C9E345EC67ED->244f13ac-34be-4c4e-8e45-0c0272edbbb2@group-FE77C852EF02, cid=2773, SUCCESS, logIndex=4122, commits[244f13ac-34be-4c4e-8e45-0c0272edbbb2:c4122, 6287e41a-5356-4f55-84f2-270816d53e84:c4120, a2c18d3d-e79d-47c9-88fe-d8a1d195302b:c4120]
2019-08-23 11:31:46,369 | INFO  | DNAudit | user=null | ip=null | op=WRITE_CHUNK {blockData=conID: 2 locID: 102666070022095469 bcsId: 0} | ret=SUCCESS |  
2019-08-23 11:31:46,369 | INFO  | DNAudit | user=null | ip=null | op=PUT_BLOCK {blockData=[blockId=conID: 2 locID: 102666070022095469 bcsId: 0,size=2097152]} | ret=SUCCESS |  
2019-08-23 11:31:46,369 [grpc-default-executor-1] INFO  client.GrpcClientProtocolClient (GrpcClientProtocolClient.java:onNext(255)) - client-C9E345EC67ED->244f13ac-34be-4c4e-8e45-0c0272edbbb2: receive RaftClientReply:client-C9E345EC67ED->244f13ac-34be-4c4e-8e45-0c0272edbbb2@group-FE77C852EF02, cid=2774, SUCCESS, logIndex=4123, commits[244f13ac-34be-4c4e-8e45-0c0272edbbb2:c4124, 6287e41a-5356-4f55-84f2-270816d53e84:c4120, a2c18d3d-e79d-47c9-88fe-d8a1d195302b:c4120]
2019-08-23 11:31:46,369 [grpc-default-executor-1] INFO  client.GrpcClientProtocolClient (GrpcClientProtocolClient.java:onNext(255)) - client-C9E345EC67ED->244f13ac-34be-4c4e-8e45-0c0272edbbb2: receive RaftClientReply:client-C9E345EC67ED->244f13ac-34be-4c4e-8e45-0c0272edbbb2@group-FE77C852EF02, cid=2775, SUCCESS, logIndex=4124, commits[244f13ac-34be-4c4e-8e45-0c0272edbbb2:c4124, 6287e41a-5356-4f55-84f2-270816d53e84:c4120, a2c18d3d-e79d-47c9-88fe-d8a1d195302b:c4120]
2019-08-23 11:31:46,380 | INFO  | DNAudit | user=null | ip=null | op=WRITE_CHUNK {blockData=conID: 2 locID: 102666070022095469 bcsId: 0} | ret=SUCCESS |  
2019-08-23 11:31:46,380 | INFO  | DNAudit | user=null | ip=null | op=WRITE_CHUNK {blockData=conID: 2 locID: 102666070022095469 bcsId: 0} | ret=SUCCESS |  
2019-08-23 11:31:46,380 | INFO  | DNAudit | user=null | ip=null | op=PUT_BLOCK {blockData=[blockId=conID: 2 locID: 102666070022095469 bcsId: 0,size=1048576]} | ret=SUCCESS |  
2019-08-23 11:31:46,380 | INFO  | DNAudit | user=null | ip=null | op=PUT_BLOCK {blockData=[blockId=conID: 2 locID: 102666070022095469 bcsId: 0,size=1048576]} | ret=SUCCESS |  
2019-08-23 11:31:46,381 | INFO  | DNAudit | user=null | ip=null | op=WRITE_CHUNK {blockData=conID: 2 locID: 102666070022095469 bcsId: 0} | ret=SUCCESS |  
2019-08-23 11:31:46,381 | INFO  | DNAudit | user=null | ip=null | op=PUT_BLOCK {blockData=[blockId=conID: 2 locID: 102666070022095469 bcsId: 0,size=2097152]} | ret=SUCCESS |  
2019-08-23 11:31:46,381 | INFO  | DNAudit | user=null | ip=null | op=WRITE_CHUNK {blockData=conID: 2 locID: 102666070022095469 bcsId: 0} | ret=SUCCESS |  
2019-08-23 11:31:46,381 | INFO  | DNAudit | user=null | ip=null | op=PUT_BLOCK {blockData=[blockId=conID: 2 locID: 102666070022095469 bcsId: 0,size=2097152]} | ret=SUCCESS |  
2019-08-23 11:31:46,381 [grpc-default-executor-1] INFO  client.GrpcClientProtocolClient (GrpcClientProtocolClient.java:onNext(255)) - client-C9E345EC67ED->244f13ac-34be-4c4e-8e45-0c0272edbbb2: receive RaftClientReply:client-C9E345EC67ED->244f13ac-34be-4c4e-8e45-0c0272edbbb2@group-FE77C852EF02, cid=2776, SUCCESS, logIndex=0, commits[244f13ac-34be-4c4e-8e45-0c0272edbbb2:c4126, 6287e41a-5356-4f55-84f2-270816d53e84:c4122, a2c18d3d-e79d-47c9-88fe-d8a1d195302b:c4122]
2019-08-23 11:31:46,388 | INFO  | DNAudit | user=null | ip=null | op=WRITE_CHUNK {blockData=conID: 2 locID: 102666070022095469 bcsId: 4124} | ret=SUCCESS |  
2019-08-23 11:31:46,390 | INFO  | DNAudit | user=null | ip=null | op=WRITE_CHUNK {blockData=conID: 2 locID: 102666070022095469 bcsId: 4124} | ret=SUCCESS |  
2019-08-23 11:31:46,391 | INFO  | DNAudit | user=null | ip=null | op=WRITE_CHUNK {blockData=conID: 2 locID: 102666070022095469 bcsId: 4124} | ret=SUCCESS |  
2019-08-23 11:31:46,404 | INFO  | DNAudit | user=null | ip=null | op=WRITE_CHUNK {blockData=conID: 2 locID: 102666070022095469 bcsId: 4124} | ret=SUCCESS |  
2019-08-23 11:31:46,404 | INFO  | DNAudit | user=null | ip=null | op=PUT_BLOCK {blockData=[blockId=conID: 2 locID: 102666070022095469 bcsId: 0,size=3145728]} | ret=SUCCESS |  
2019-08-23 11:31:46,404 [grpc-default-executor-4] INFO  client.GrpcClientProtocolClient (GrpcClientProtocolClient.java:onNext(255)) - client-C9E345EC67ED->244f13ac-34be-4c4e-8e45-0c0272edbbb2: receive RaftClientReply:client-C9E345EC67ED->244f13ac-34be-4c4e-8e45-0c0272edbbb2@group-FE77C852EF02, cid=2777, SUCCESS, logIndex=4129, commits[244f13ac-34be-4c4e-8e45-0c0272edbbb2:c4130, 6287e41a-5356-4f55-84f2-270816d53e84:c4128, a2c18d3d-e79d-47c9-88fe-d8a1d195302b:c4128]
2019-08-23 11:31:46,405 [grpc-default-executor-4] INFO  client.GrpcClientProtocolClient (GrpcClientProtocolClient.java:onNext(255)) - client-C9E345EC67ED->244f13ac-34be-4c4e-8e45-0c0272edbbb2: receive RaftClientReply:client-C9E345EC67ED->244f13ac-34be-4c4e-8e45-0c0272edbbb2@group-FE77C852EF02, cid=2778, SUCCESS, logIndex=4130, commits[244f13ac-34be-4c4e-8e45-0c0272edbbb2:c4130, 6287e41a-5356-4f55-84f2-270816d53e84:c4128, a2c18d3d-e79d-47c9-88fe-d8a1d195302b:c4128]
2019-08-23 11:31:46,411 | INFO  | DNAudit | user=null | ip=null | op=WRITE_CHUNK {blockData=conID: 2 locID: 102666070022095469 bcsId: 4130} | ret=SUCCESS |  
2019-08-23 11:31:46,413 | INFO  | DNAudit | user=null | ip=null | op=WRITE_CHUNK {blockData=conID: 2 locID: 102666070022095469 bcsId: 4130} | ret=SUCCESS |  
2019-08-23 11:31:46,413 | INFO  | DNAudit | user=null | ip=null | op=WRITE_CHUNK {blockData=conID: 2 locID: 102666070022095469 bcsId: 4130} | ret=SUCCESS |  
2019-08-23 11:31:46,415 | INFO  | DNAudit | user=null | ip=null | op=WRITE_CHUNK {blockData=conID: 2 locID: 102666070022095469 bcsId: 4124} | ret=SUCCESS |  
2019-08-23 11:31:46,415 | INFO  | DNAudit | user=null | ip=null | op=WRITE_CHUNK {blockData=conID: 2 locID: 102666070022095469 bcsId: 4124} | ret=SUCCESS |  
2019-08-23 11:31:46,416 | INFO  | DNAudit | user=null | ip=null | op=PUT_BLOCK {blockData=[blockId=conID: 2 locID: 102666070022095469 bcsId: 0,size=3145728]} | ret=SUCCESS |  
2019-08-23 11:31:46,416 | INFO  | DNAudit | user=null | ip=null | op=PUT_BLOCK {blockData=[blockId=conID: 2 locID: 102666070022095469 bcsId: 0,size=3145728]} | ret=SUCCESS |  
2019-08-23 11:31:46,419 | INFO  | DNAudit | user=null | ip=null | op=WRITE_CHUNK {blockData=conID: 2 locID: 102666070022095469 bcsId: 4130} | ret=SUCCESS |  
2019-08-23 11:31:46,419 | INFO  | DNAudit | user=null | ip=null | op=PUT_BLOCK {blockData=[blockId=conID: 2 locID: 102666070022095469 bcsId: 0,size=4194304]} | ret=SUCCESS |  
2019-08-23 11:31:46,419 [grpc-default-executor-0] INFO  client.GrpcClientProtocolClient (GrpcClientProtocolClient.java:onNext(255)) - client-C9E345EC67ED->244f13ac-34be-4c4e-8e45-0c0272edbbb2: receive RaftClientReply:client-C9E345EC67ED->244f13ac-34be-4c4e-8e45-0c0272edbbb2@group-FE77C852EF02, cid=2779, SUCCESS, logIndex=4133, commits[244f13ac-34be-4c4e-8e45-0c0272edbbb2:c4134, 6287e41a-5356-4f55-84f2-270816d53e84:c4130, a2c18d3d-e79d-47c9-88fe-d8a1d195302b:c4130]
2019-08-23 11:31:46,419 [grpc-default-executor-0] INFO  client.GrpcClientProtocolClient (GrpcClientProtocolClient.java:onNext(255)) - client-C9E345EC67ED->244f13ac-34be-4c4e-8e45-0c0272edbbb2: receive RaftClientReply:client-C9E345EC67ED->244f13ac-34be-4c4e-8e45-0c0272edbbb2@group-FE77C852EF02, cid=2780, SUCCESS, logIndex=4134, commits[244f13ac-34be-4c4e-8e45-0c0272edbbb2:c4134, 6287e41a-5356-4f55-84f2-270816d53e84:c4130, a2c18d3d-e79d-47c9-88fe-d8a1d195302b:c4130]
2019-08-23 11:31:46,435 | INFO  | DNAudit | user=null | ip=null | op=WRITE_CHUNK {blockData=conID: 2 locID: 102666070022095469 bcsId: 4130} | ret=SUCCESS |  
2019-08-23 11:31:46,435 | INFO  | DNAudit | user=null | ip=null | op=WRITE_CHUNK {blockData=conID: 2 locID: 102666070022095469 bcsId: 4130} | ret=SUCCESS |  
2019-08-23 11:31:46,435 | INFO  | DNAudit | user=null | ip=null | op=PUT_BLOCK {blockData=[blockId=conID: 2 locID: 102666070022095469 bcsId: 0,size=4194304]} | ret=SUCCESS |  
2019-08-23 11:31:46,437 | INFO  | DNAudit | user=null | ip=null | op=PUT_BLOCK {blockData=[blockId=conID: 2 locID: 102666070022095469 bcsId: 0,size=4194304]} | ret=SUCCESS |  
2019-08-23 11:31:46,438 [grpc-default-executor-0] INFO  client.GrpcClientProtocolClient (GrpcClientProtocolClient.java:onNext(255)) - client-C9E345EC67ED->244f13ac-34be-4c4e-8e45-0c0272edbbb2: receive RaftClientReply:client-C9E345EC67ED->244f13ac-34be-4c4e-8e45-0c0272edbbb2@group-FE77C852EF02, cid=2781, SUCCESS, logIndex=0, commits[244f13ac-34be-4c4e-8e45-0c0272edbbb2:c4135, 6287e41a-5356-4f55-84f2-270816d53e84:c4134, a2c18d3d-e79d-47c9-88fe-d8a1d195302b:c4134]
2019-08-23 11:31:46,444 | INFO  | SCMAudit | user=jenkins1000 | ip=192.168.5.185 | op=ALLOCATE_BLOCK {owner=00a23185-76ea-47b5-a641-ad3cfbe5521a, size=4194304, type=RATIS, factor=THREE} | ret=SUCCESS |  
2019-08-23 11:31:46,449 | INFO  | OMAudit | user=jenkins1000 | ip=127.0.0.1 | op=ALLOCATE_BLOCK {volume=vol-0-37508, bucket=bucket-0-50919, key=key-0-57313, dataSize=0, replicationType=null, replicationFactor=null, keyLocationInfo=null, clientID=102666068570931602} | ret=SUCCESS |  
2019-08-23 11:31:46,456 | INFO  | DNAudit | user=null | ip=null | op=WRITE_CHUNK {blockData=conID: 3 locID: 102666070028714606 bcsId: 0} | ret=SUCCESS |  
2019-08-23 11:31:46,458 | INFO  | DNAudit | user=null | ip=null | op=WRITE_CHUNK {blockData=conID: 3 locID: 102666070028714606 bcsId: 0} | ret=SUCCESS |  
2019-08-23 11:31:46,459 | INFO  | DNAudit | user=null | ip=null | op=WRITE_CHUNK {blockData=conID: 3 locID: 102666070028714606 bcsId: 0} | ret=SUCCESS |  
2019-08-23 11:31:46,459 | INFO  | DNAudit | user=null | ip=null | op=WRITE_CHUNK {blockData=conID: 3 locID: 102666070028714606 bcsId: 0} | ret=SUCCESS |  
2019-08-23 11:31:46,461 | INFO  | DNAudit | user=null | ip=null | op=WRITE_CHUNK {blockData=conID: 3 locID: 102666070028714606 bcsId: 0} | ret=SUCCESS |  
2019-08-23 11:31:46,461 | INFO  | DNAudit | user=null | ip=null | op=WRITE_CHUNK {blockData=conID: 3 locID: 102666070028714606 bcsId: 0} | ret=SUCCESS |  
2019-08-23 11:31:46,468 | INFO  | DNAudit | user=null | ip=null | op=WRITE_CHUNK {blockData=conID: 3 locID: 102666070028714606 bcsId: 0} | ret=SUCCESS |  
2019-08-23 11:31:46,469 | INFO  | DNAudit | user=null | ip=null | op=PUT_BLOCK {blockData=[blockId=conID: 3 locID: 102666070028714606 bcsId: 0,size=1048576]} | ret=SUCCESS |  
2019-08-23 11:31:46,469 [grpc-default-executor-4] INFO  client.GrpcClientProtocolClient (GrpcClientProtocolClient.java:onNext(255)) - client-C9E345EC67ED->244f13ac-34be-4c4e-8e45-0c0272edbbb2: receive RaftClientReply:client-C9E345EC67ED->244f13ac-34be-4c4e-8e45-0c0272edbbb2@group-FE77C852EF02, cid=2782, SUCCESS, logIndex=4137, commits[244f13ac-34be-4c4e-8e45-0c0272edbbb2:c4138, 6287e41a-5356-4f55-84f2-270816d53e84:c4136, a2c18d3d-e79d-47c9-88fe-d8a1d195302b:c4136]
2019-08-23 11:31:46,470 [grpc-default-executor-4] INFO  client.GrpcClientProtocolClient (GrpcClientProtocolClient.java:onNext(255)) - client-C9E345EC67ED->244f13ac-34be-4c4e-8e45-0c0272edbbb2: receive RaftClientReply:client-C9E345EC67ED->244f13ac-34be-4c4e-8e45-0c0272edbbb2@group-FE77C852EF02, cid=2783, SUCCESS, logIndex=4138, commits[244f13ac-34be-4c4e-8e45-0c0272edbbb2:c4138, 6287e41a-5356-4f55-84f2-270816d53e84:c4136, a2c18d3d-e79d-47c9-88fe-d8a1d195302b:c4136]
2019-08-23 11:31:46,470 | INFO  | DNAudit | user=null | ip=null | op=WRITE_CHUNK {blockData=conID: 3 locID: 102666070028714606 bcsId: 0} | ret=SUCCESS |  
2019-08-23 11:31:46,470 | INFO  | DNAudit | user=null | ip=null | op=PUT_BLOCK {blockData=[blockId=conID: 3 locID: 102666070028714606 bcsId: 0,size=2097152]} | ret=SUCCESS |  
2019-08-23 11:31:46,471 [grpc-default-executor-4] INFO  client.GrpcClientProtocolClient (GrpcClientProtocolClient.java:onNext(255)) - client-C9E345EC67ED->244f13ac-34be-4c4e-8e45-0c0272edbbb2: receive RaftClientReply:client-C9E345EC67ED->244f13ac-34be-4c4e-8e45-0c0272edbbb2@group-FE77C852EF02, cid=2784, SUCCESS, logIndex=4139, commits[244f13ac-34be-4c4e-8e45-0c0272edbbb2:c4140, 6287e41a-5356-4f55-84f2-270816d53e84:c4136, a2c18d3d-e79d-47c9-88fe-d8a1d195302b:c4136]
2019-08-23 11:31:46,471 | INFO  | DNAudit | user=null | ip=null | op=WRITE_CHUNK {blockData=conID: 3 locID: 102666070028714606 bcsId: 0} | ret=SUCCESS |  
2019-08-23 11:31:46,471 [grpc-default-executor-4] INFO  client.GrpcClientProtocolClient (GrpcClientProtocolClient.java:onNext(255)) - client-C9E345EC67ED->244f13ac-34be-4c4e-8e45-0c0272edbbb2: receive RaftClientReply:client-C9E345EC67ED->244f13ac-34be-4c4e-8e45-0c0272edbbb2@group-FE77C852EF02, cid=2785, SUCCESS, logIndex=4140, commits[244f13ac-34be-4c4e-8e45-0c0272edbbb2:c4140, 6287e41a-5356-4f55-84f2-270816d53e84:c4136, a2c18d3d-e79d-47c9-88fe-d8a1d195302b:c4136]
2019-08-23 11:31:46,471 | INFO  | DNAudit | user=null | ip=null | op=PUT_BLOCK {blockData=[blockId=conID: 3 locID: 102666070028714606 bcsId: 0,size=1048576]} | ret=SUCCESS |  
2019-08-23 11:31:46,472 | INFO  | DNAudit | user=null | ip=null | op=WRITE_CHUNK {blockData=conID: 3 locID: 102666070028714606 bcsId: 0} | ret=SUCCESS |  
2019-08-23 11:31:46,472 | INFO  | DNAudit | user=null | ip=null | op=PUT_BLOCK {blockData=[blockId=conID: 3 locID: 102666070028714606 bcsId: 0,size=1048576]} | ret=SUCCESS |  
2019-08-23 11:31:46,472 | INFO  | DNAudit | user=null | ip=null | op=WRITE_CHUNK {blockData=conID: 3 locID: 102666070028714606 bcsId: 0} | ret=SUCCESS |  
2019-08-23 11:31:46,472 | INFO  | DNAudit | user=null | ip=null | op=PUT_BLOCK {blockData=[blockId=conID: 3 locID: 102666070028714606 bcsId: 0,size=2097152]} | ret=SUCCESS |  
2019-08-23 11:31:46,473 [grpc-default-executor-4] INFO  client.GrpcClientProtocolClient (GrpcClientProtocolClient.java:onNext(255)) - client-C9E345EC67ED->244f13ac-34be-4c4e-8e45-0c0272edbbb2: receive RaftClientReply:client-C9E345EC67ED->244f13ac-34be-4c4e-8e45-0c0272edbbb2@group-FE77C852EF02, cid=2786, SUCCESS, logIndex=0, commits[244f13ac-34be-4c4e-8e45-0c0272edbbb2:c4142, 6287e41a-5356-4f55-84f2-270816d53e84:c4138, a2c18d3d-e79d-47c9-88fe-d8a1d195302b:c4138]
2019-08-23 11:31:46,480 | INFO  | DNAudit | user=null | ip=null | op=WRITE_CHUNK {blockData=conID: 3 locID: 102666070028714606 bcsId: 4140} | ret=SUCCESS |  
2019-08-23 11:31:46,482 | INFO  | DNAudit | user=null | ip=null | op=WRITE_CHUNK {blockData=conID: 3 locID: 102666070028714606 bcsId: 0} | ret=SUCCESS |  
2019-08-23 11:31:46,482 | INFO  | DNAudit | user=null | ip=null | op=PUT_BLOCK {blockData=[blockId=conID: 3 locID: 102666070028714606 bcsId: 0,size=2097152]} | ret=SUCCESS |  
2019-08-23 11:31:46,483 | INFO  | DNAudit | user=null | ip=null | op=WRITE_CHUNK {blockData=conID: 3 locID: 102666070028714606 bcsId: 4140} | ret=SUCCESS |  
2019-08-23 11:31:46,483 | INFO  | DNAudit | user=null | ip=null | op=WRITE_CHUNK {blockData=conID: 3 locID: 102666070028714606 bcsId: 4140} | ret=SUCCESS |  
2019-08-23 11:31:46,494 | INFO  | DNAudit | user=null | ip=null | op=WRITE_CHUNK {blockData=conID: 3 locID: 102666070028714606 bcsId: 4140} | ret=SUCCESS |  
2019-08-23 11:31:46,494 | INFO  | DNAudit | user=null | ip=null | op=PUT_BLOCK {blockData=[blockId=conID: 3 locID: 102666070028714606 bcsId: 0,size=3145728]} | ret=SUCCESS |  
2019-08-23 11:31:46,495 [grpc-default-executor-4] INFO  client.GrpcClientProtocolClient (GrpcClientProtocolClient.java:onNext(255)) - client-C9E345EC67ED->244f13ac-34be-4c4e-8e45-0c0272edbbb2: receive RaftClientReply:client-C9E345EC67ED->244f13ac-34be-4c4e-8e45-0c0272edbbb2@group-FE77C852EF02, cid=2787, SUCCESS, logIndex=4145, commits[244f13ac-34be-4c4e-8e45-0c0272edbbb2:c4146, 6287e41a-5356-4f55-84f2-270816d53e84:c4142, a2c18d3d-e79d-47c9-88fe-d8a1d195302b:c4142]
2019-08-23 11:31:46,495 [grpc-default-executor-4] INFO  client.GrpcClientProtocolClient (GrpcClientProtocolClient.java:onNext(255)) - client-C9E345EC67ED->244f13ac-34be-4c4e-8e45-0c0272edbbb2: receive RaftClientReply:client-C9E345EC67ED->244f13ac-34be-4c4e-8e45-0c0272edbbb2@group-FE77C852EF02, cid=2788, SUCCESS, logIndex=4146, commits[244f13ac-34be-4c4e-8e45-0c0272edbbb2:c4146, 6287e41a-5356-4f55-84f2-270816d53e84:c4142, a2c18d3d-e79d-47c9-88fe-d8a1d195302b:c4142]
2019-08-23 11:31:46,501 | INFO  | DNAudit | user=null | ip=null | op=WRITE_CHUNK {blockData=conID: 3 locID: 102666070028714606 bcsId: 4146} | ret=SUCCESS |  
2019-08-23 11:31:46,504 | INFO  | DNAudit | user=null | ip=null | op=WRITE_CHUNK {blockData=conID: 3 locID: 102666070028714606 bcsId: 4146} | ret=SUCCESS |  
2019-08-23 11:31:46,504 | INFO  | DNAudit | user=null | ip=null | op=WRITE_CHUNK {blockData=conID: 3 locID: 102666070028714606 bcsId: 4146} | ret=SUCCESS |  
2019-08-23 11:31:46,505 | INFO  | DNAudit | user=null | ip=null | op=WRITE_CHUNK {blockData=conID: 3 locID: 102666070028714606 bcsId: 4140} | ret=SUCCESS |  
2019-08-23 11:31:46,505 | INFO  | DNAudit | user=null | ip=null | op=WRITE_CHUNK {blockData=conID: 3 locID: 102666070028714606 bcsId: 4140} | ret=SUCCESS |  
2019-08-23 11:31:46,506 | INFO  | DNAudit | user=null | ip=null | op=PUT_BLOCK {blockData=[blockId=conID: 3 locID: 102666070028714606 bcsId: 0,size=3145728]} | ret=SUCCESS |  
2019-08-23 11:31:46,506 | INFO  | DNAudit | user=null | ip=null | op=PUT_BLOCK {blockData=[blockId=conID: 3 locID: 102666070028714606 bcsId: 0,size=3145728]} | ret=SUCCESS |  
2019-08-23 11:31:46,507 | INFO  | DNAudit | user=null | ip=null | op=WRITE_CHUNK {blockData=conID: 3 locID: 102666070028714606 bcsId: 4146} | ret=SUCCESS |  
2019-08-23 11:31:46,508 | INFO  | DNAudit | user=null | ip=null | op=PUT_BLOCK {blockData=[blockId=conID: 3 locID: 102666070028714606 bcsId: 0,size=4194304]} | ret=SUCCESS |  
2019-08-23 11:31:46,508 [grpc-default-executor-0] INFO  client.GrpcClientProtocolClient (GrpcClientProtocolClient.java:onNext(255)) - client-C9E345EC67ED->244f13ac-34be-4c4e-8e45-0c0272edbbb2: receive RaftClientReply:client-C9E345EC67ED->244f13ac-34be-4c4e-8e45-0c0272edbbb2@group-FE77C852EF02, cid=2789, SUCCESS, logIndex=4149, commits[244f13ac-34be-4c4e-8e45-0c0272edbbb2:c4150, 6287e41a-5356-4f55-84f2-270816d53e84:c4146, a2c18d3d-e79d-47c9-88fe-d8a1d195302b:c4146]
2019-08-23 11:31:46,509 [grpc-default-executor-0] INFO  client.GrpcClientProtocolClient (GrpcClientProtocolClient.java:onNext(255)) - client-C9E345EC67ED->244f13ac-34be-4c4e-8e45-0c0272edbbb2: receive RaftClientReply:client-C9E345EC67ED->244f13ac-34be-4c4e-8e45-0c0272edbbb2@group-FE77C852EF02, cid=2790, SUCCESS, logIndex=4150, commits[244f13ac-34be-4c4e-8e45-0c0272edbbb2:c4150, 6287e41a-5356-4f55-84f2-270816d53e84:c4146, a2c18d3d-e79d-47c9-88fe-d8a1d195302b:c4146]
2019-08-23 11:31:46,519 | INFO  | DNAudit | user=null | ip=null | op=WRITE_CHUNK {blockData=conID: 3 locID: 102666070028714606 bcsId: 4146} | ret=SUCCESS |  
2019-08-23 11:31:46,519 | INFO  | DNAudit | user=null | ip=null | op=WRITE_CHUNK {blockData=conID: 3 locID: 102666070028714606 bcsId: 4146} | ret=SUCCESS |  
2019-08-23 11:31:46,528 | INFO  | DNAudit | user=null | ip=null | op=PUT_BLOCK {blockData=[blockId=conID: 3 locID: 102666070028714606 bcsId: 0,size=4194304]} | ret=SUCCESS |  
2019-08-23 11:31:46,528 | INFO  | DNAudit | user=null | ip=null | op=PUT_BLOCK {blockData=[blockId=conID: 3 locID: 102666070028714606 bcsId: 0,size=4194304]} | ret=SUCCESS |  
2019-08-23 11:31:46,529 [grpc-default-executor-0] INFO  client.GrpcClientProtocolClient (GrpcClientProtocolClient.java:onNext(255)) - client-C9E345EC67ED->244f13ac-34be-4c4e-8e45-0c0272edbbb2: receive RaftClientReply:client-C9E345EC67ED->244f13ac-34be-4c4e-8e45-0c0272edbbb2@group-FE77C852EF02, cid=2791, SUCCESS, logIndex=0, commits[244f13ac-34be-4c4e-8e45-0c0272edbbb2:c4152, 6287e41a-5356-4f55-84f2-270816d53e84:c4150, a2c18d3d-e79d-47c9-88fe-d8a1d195302b:c4150]
2019-08-23 11:31:46,538 | INFO  | SCMAudit | user=jenkins1000 | ip=192.168.5.185 | op=ALLOCATE_BLOCK {owner=00a23185-76ea-47b5-a641-ad3cfbe5521a, size=4194304, type=RATIS, factor=THREE} | ret=SUCCESS |  
2019-08-23 11:31:46,543 | INFO  | OMAudit | user=jenkins1000 | ip=127.0.0.1 | op=ALLOCATE_BLOCK {volume=vol-0-37508, bucket=bucket-0-50919, key=key-0-57313, dataSize=0, replicationType=null, replicationFactor=null, keyLocationInfo=null, clientID=102666068570931602} | ret=SUCCESS |  
2019-08-23 11:31:46,550 | INFO  | DNAudit | user=null | ip=null | op=WRITE_CHUNK {blockData=conID: 1 locID: 102666070034874991 bcsId: 0} | ret=SUCCESS |  
2019-08-23 11:31:46,552 | INFO  | DNAudit | user=null | ip=null | op=WRITE_CHUNK {blockData=conID: 1 locID: 102666070034874991 bcsId: 0} | ret=SUCCESS |  
2019-08-23 11:31:46,552 | INFO  | DNAudit | user=null | ip=null | op=WRITE_CHUNK {blockData=conID: 1 locID: 102666070034874991 bcsId: 0} | ret=SUCCESS |  
2019-08-23 11:31:46,552 | INFO  | DNAudit | user=null | ip=null | op=WRITE_CHUNK {blockData=conID: 1 locID: 102666070034874991 bcsId: 0} | ret=SUCCESS |  
2019-08-23 11:31:46,554 | INFO  | DNAudit | user=null | ip=null | op=WRITE_CHUNK {blockData=conID: 1 locID: 102666070034874991 bcsId: 0} | ret=SUCCESS |  
2019-08-23 11:31:46,554 | INFO  | DNAudit | user=null | ip=null | op=WRITE_CHUNK {blockData=conID: 1 locID: 102666070034874991 bcsId: 0} | ret=SUCCESS |  
2019-08-23 11:31:46,563 | INFO  | DNAudit | user=null | ip=null | op=WRITE_CHUNK {blockData=conID: 1 locID: 102666070034874991 bcsId: 0} | ret=SUCCESS |  
2019-08-23 11:31:46,563 | INFO  | DNAudit | user=null | ip=null | op=PUT_BLOCK {blockData=[blockId=conID: 1 locID: 102666070034874991 bcsId: 0,size=1048576]} | ret=SUCCESS |  
2019-08-23 11:31:46,563 | INFO  | DNAudit | user=null | ip=null | op=WRITE_CHUNK {blockData=conID: 1 locID: 102666070034874991 bcsId: 0} | ret=SUCCESS |  
2019-08-23 11:31:46,563 [grpc-default-executor-0] INFO  client.GrpcClientProtocolClient (GrpcClientProtocolClient.java:onNext(255)) - client-C9E345EC67ED->244f13ac-34be-4c4e-8e45-0c0272edbbb2: receive RaftClientReply:client-C9E345EC67ED->244f13ac-34be-4c4e-8e45-0c0272edbbb2@group-FE77C852EF02, cid=2792, SUCCESS, logIndex=4153, commits[244f13ac-34be-4c4e-8e45-0c0272edbbb2:c4155, 6287e41a-5356-4f55-84f2-270816d53e84:c4152, a2c18d3d-e79d-47c9-88fe-d8a1d195302b:c4152]
2019-08-23 11:31:46,563 | INFO  | DNAudit | user=null | ip=null | op=PUT_BLOCK {blockData=[blockId=conID: 1 locID: 102666070034874991 bcsId: 0,size=2097152]} | ret=SUCCESS |  
2019-08-23 11:31:46,564 [grpc-default-executor-0] INFO  client.GrpcClientProtocolClient (GrpcClientProtocolClient.java:onNext(255)) - client-C9E345EC67ED->244f13ac-34be-4c4e-8e45-0c0272edbbb2: receive RaftClientReply:client-C9E345EC67ED->244f13ac-34be-4c4e-8e45-0c0272edbbb2@group-FE77C852EF02, cid=2793, SUCCESS, logIndex=4154, commits[244f13ac-34be-4c4e-8e45-0c0272edbbb2:c4156, 6287e41a-5356-4f55-84f2-270816d53e84:c4152, a2c18d3d-e79d-47c9-88fe-d8a1d195302b:c4152]
2019-08-23 11:31:46,564 [grpc-default-executor-0] INFO  client.GrpcClientProtocolClient (GrpcClientProtocolClient.java:onNext(255)) - client-C9E345EC67ED->244f13ac-34be-4c4e-8e45-0c0272edbbb2: receive RaftClientReply:client-C9E345EC67ED->244f13ac-34be-4c4e-8e45-0c0272edbbb2@group-FE77C852EF02, cid=2794, SUCCESS, logIndex=4155, commits[244f13ac-34be-4c4e-8e45-0c0272edbbb2:c4156, 6287e41a-5356-4f55-84f2-270816d53e84:c4152, a2c18d3d-e79d-47c9-88fe-d8a1d195302b:c4152]
2019-08-23 11:31:46,564 | INFO  | DNAudit | user=null | ip=null | op=WRITE_CHUNK {blockData=conID: 1 locID: 102666070034874991 bcsId: 0} | ret=SUCCESS |  
2019-08-23 11:31:46,564 | INFO  | DNAudit | user=null | ip=null | op=WRITE_CHUNK {blockData=conID: 1 locID: 102666070034874991 bcsId: 0} | ret=SUCCESS |  
2019-08-23 11:31:46,564 [grpc-default-executor-0] INFO  client.GrpcClientProtocolClient (GrpcClientProtocolClient.java:onNext(255)) - client-C9E345EC67ED->244f13ac-34be-4c4e-8e45-0c0272edbbb2: receive RaftClientReply:client-C9E345EC67ED->244f13ac-34be-4c4e-8e45-0c0272edbbb2@group-FE77C852EF02, cid=2795, SUCCESS, logIndex=4156, commits[244f13ac-34be-4c4e-8e45-0c0272edbbb2:c4156, 6287e41a-5356-4f55-84f2-270816d53e84:c4152, a2c18d3d-e79d-47c9-88fe-d8a1d195302b:c4152]
2019-08-23 11:31:46,564 | INFO  | DNAudit | user=null | ip=null | op=PUT_BLOCK {blockData=[blockId=conID: 1 locID: 102666070034874991 bcsId: 0,size=1048576]} | ret=SUCCESS |  
2019-08-23 11:31:46,564 | INFO  | DNAudit | user=null | ip=null | op=PUT_BLOCK {blockData=[blockId=conID: 1 locID: 102666070034874991 bcsId: 0,size=1048576]} | ret=SUCCESS |  
2019-08-23 11:31:46,565 [grpc-default-executor-0] INFO  client.GrpcClientProtocolClient (GrpcClientProtocolClient.java:onNext(255)) - client-C9E345EC67ED->244f13ac-34be-4c4e-8e45-0c0272edbbb2: receive RaftClientReply:client-C9E345EC67ED->244f13ac-34be-4c4e-8e45-0c0272edbbb2@group-FE77C852EF02, cid=2796, SUCCESS, logIndex=0, commits[244f13ac-34be-4c4e-8e45-0c0272edbbb2:c4157, 6287e41a-5356-4f55-84f2-270816d53e84:c4154, a2c18d3d-e79d-47c9-88fe-d8a1d195302b:c4154]
2019-08-23 11:31:46,567 | INFO  | DNAudit | user=null | ip=null | op=WRITE_CHUNK {blockData=conID: 1 locID: 102666070034874991 bcsId: 0} | ret=SUCCESS |  
2019-08-23 11:31:46,567 | INFO  | DNAudit | user=null | ip=null | op=WRITE_CHUNK {blockData=conID: 1 locID: 102666070034874991 bcsId: 0} | ret=SUCCESS |  
2019-08-23 11:31:46,567 | INFO  | DNAudit | user=null | ip=null | op=PUT_BLOCK {blockData=[blockId=conID: 1 locID: 102666070034874991 bcsId: 0,size=2097152]} | ret=SUCCESS |  
2019-08-23 11:31:46,568 | INFO  | DNAudit | user=null | ip=null | op=PUT_BLOCK {blockData=[blockId=conID: 1 locID: 102666070034874991 bcsId: 0,size=2097152]} | ret=SUCCESS |  
2019-08-23 11:31:46,573 | INFO  | DNAudit | user=null | ip=null | op=WRITE_CHUNK {blockData=conID: 1 locID: 102666070034874991 bcsId: 4156} | ret=SUCCESS |  
2019-08-23 11:31:46,577 | INFO  | DNAudit | user=null | ip=null | op=WRITE_CHUNK {blockData=conID: 1 locID: 102666070034874991 bcsId: 4156} | ret=SUCCESS |  
2019-08-23 11:31:46,577 | INFO  | DNAudit | user=null | ip=null | op=WRITE_CHUNK {blockData=conID: 1 locID: 102666070034874991 bcsId: 4156} | ret=SUCCESS |  
2019-08-23 11:31:46,588 | INFO  | DNAudit | user=null | ip=null | op=WRITE_CHUNK {blockData=conID: 1 locID: 102666070034874991 bcsId: 4156} | ret=SUCCESS |  
2019-08-23 11:31:46,588 | INFO  | DNAudit | user=null | ip=null | op=PUT_BLOCK {blockData=[blockId=conID: 1 locID: 102666070034874991 bcsId: 0,size=3145728]} | ret=SUCCESS |  
2019-08-23 11:31:46,588 [grpc-default-executor-1] INFO  client.GrpcClientProtocolClient (GrpcClientProtocolClient.java:onNext(255)) - client-C9E345EC67ED->244f13ac-34be-4c4e-8e45-0c0272edbbb2: receive RaftClientReply:client-C9E345EC67ED->244f13ac-34be-4c4e-8e45-0c0272edbbb2@group-FE77C852EF02, cid=2797, SUCCESS, logIndex=4161, commits[244f13ac-34be-4c4e-8e45-0c0272edbbb2:c4162, 6287e41a-5356-4f55-84f2-270816d53e84:c4160, a2c18d3d-e79d-47c9-88fe-d8a1d195302b:c4160]
2019-08-23 11:31:46,589 [grpc-default-executor-1] INFO  client.GrpcClientProtocolClient (GrpcClientProtocolClient.java:onNext(255)) - client-C9E345EC67ED->244f13ac-34be-4c4e-8e45-0c0272edbbb2: receive RaftClientReply:client-C9E345EC67ED->244f13ac-34be-4c4e-8e45-0c0272edbbb2@group-FE77C852EF02, cid=2798, SUCCESS, logIndex=4162, commits[244f13ac-34be-4c4e-8e45-0c0272edbbb2:c4162, 6287e41a-5356-4f55-84f2-270816d53e84:c4160, a2c18d3d-e79d-47c9-88fe-d8a1d195302b:c4160]
2019-08-23 11:31:46,596 | INFO  | DNAudit | user=null | ip=null | op=WRITE_CHUNK {blockData=conID: 1 locID: 102666070034874991 bcsId: 4162} | ret=SUCCESS |  
2019-08-23 11:31:46,598 | INFO  | DNAudit | user=null | ip=null | op=WRITE_CHUNK {blockData=conID: 1 locID: 102666070034874991 bcsId: 4162} | ret=SUCCESS |  
2019-08-23 11:31:46,599 | INFO  | DNAudit | user=null | ip=null | op=WRITE_CHUNK {blockData=conID: 1 locID: 102666070034874991 bcsId: 4156} | ret=SUCCESS |  
2019-08-23 11:31:46,599 | INFO  | DNAudit | user=null | ip=null | op=WRITE_CHUNK {blockData=conID: 1 locID: 102666070034874991 bcsId: 4156} | ret=SUCCESS |  
2019-08-23 11:31:46,599 | INFO  | DNAudit | user=null | ip=null | op=WRITE_CHUNK {blockData=conID: 1 locID: 102666070034874991 bcsId: 4162} | ret=SUCCESS |  
2019-08-23 11:31:46,600 | INFO  | DNAudit | user=null | ip=null | op=PUT_BLOCK {blockData=[blockId=conID: 1 locID: 102666070034874991 bcsId: 0,size=3145728]} | ret=SUCCESS |  
2019-08-23 11:31:46,601 | INFO  | DNAudit | user=null | ip=null | op=WRITE_CHUNK {blockData=conID: 1 locID: 102666070034874991 bcsId: 4162} | ret=SUCCESS |  
2019-08-23 11:31:46,601 | INFO  | DNAudit | user=null | ip=null | op=PUT_BLOCK {blockData=[blockId=conID: 1 locID: 102666070034874991 bcsId: 0,size=3145728]} | ret=SUCCESS |  
2019-08-23 11:31:46,601 | INFO  | DNAudit | user=null | ip=null | op=PUT_BLOCK {blockData=[blockId=conID: 1 locID: 102666070034874991 bcsId: 0,size=4194304]} | ret=SUCCESS |  
2019-08-23 11:31:46,602 [grpc-default-executor-2] INFO  client.GrpcClientProtocolClient (GrpcClientProtocolClient.java:onNext(255)) - client-C9E345EC67ED->244f13ac-34be-4c4e-8e45-0c0272edbbb2: receive RaftClientReply:client-C9E345EC67ED->244f13ac-34be-4c4e-8e45-0c0272edbbb2@group-FE77C852EF02, cid=2799, SUCCESS, logIndex=4165, commits[244f13ac-34be-4c4e-8e45-0c0272edbbb2:c4166, 6287e41a-5356-4f55-84f2-270816d53e84:c4161, a2c18d3d-e79d-47c9-88fe-d8a1d195302b:c4162]
2019-08-23 11:31:46,602 [grpc-default-executor-2] INFO  client.GrpcClientProtocolClient (GrpcClientProtocolClient.java:onNext(255)) - client-C9E345EC67ED->244f13ac-34be-4c4e-8e45-0c0272edbbb2: receive RaftClientReply:client-C9E345EC67ED->244f13ac-34be-4c4e-8e45-0c0272edbbb2@group-FE77C852EF02, cid=2800, SUCCESS, logIndex=4166, commits[244f13ac-34be-4c4e-8e45-0c0272edbbb2:c4166, 6287e41a-5356-4f55-84f2-270816d53e84:c4162, a2c18d3d-e79d-47c9-88fe-d8a1d195302b:c4162]
2019-08-23 11:31:46,603 | INFO  | DNAudit | user=null | ip=null | op=WRITE_CHUNK {blockData=conID: 1 locID: 102666070034874991 bcsId: 4162} | ret=SUCCESS |  
2019-08-23 11:31:46,603 | INFO  | DNAudit | user=null | ip=null | op=WRITE_CHUNK {blockData=conID: 1 locID: 102666070034874991 bcsId: 4162} | ret=SUCCESS |  
2019-08-23 11:31:46,603 | INFO  | DNAudit | user=null | ip=null | op=PUT_BLOCK {blockData=[blockId=conID: 1 locID: 102666070034874991 bcsId: 0,size=4194304]} | ret=SUCCESS |  
2019-08-23 11:31:46,603 | INFO  | DNAudit | user=null | ip=null | op=PUT_BLOCK {blockData=[blockId=conID: 1 locID: 102666070034874991 bcsId: 0,size=4194304]} | ret=SUCCESS |  
2019-08-23 11:31:46,604 [grpc-default-executor-2] INFO  client.GrpcClientProtocolClient (GrpcClientProtocolClient.java:onNext(255)) - client-C9E345EC67ED->244f13ac-34be-4c4e-8e45-0c0272edbbb2: receive RaftClientReply:client-C9E345EC67ED->244f13ac-34be-4c4e-8e45-0c0272edbbb2@group-FE77C852EF02, cid=2801, SUCCESS, logIndex=0, commits[244f13ac-34be-4c4e-8e45-0c0272edbbb2:c4167, 6287e41a-5356-4f55-84f2-270816d53e84:c4166, a2c18d3d-e79d-47c9-88fe-d8a1d195302b:c4166]
2019-08-23 11:31:46,611 | INFO  | SCMAudit | user=jenkins1000 | ip=192.168.5.185 | op=ALLOCATE_BLOCK {owner=00a23185-76ea-47b5-a641-ad3cfbe5521a, size=4194304, type=RATIS, factor=THREE} | ret=SUCCESS |  
2019-08-23 11:31:46,616 | INFO  | OMAudit | user=jenkins1000 | ip=127.0.0.1 | op=ALLOCATE_BLOCK {volume=vol-0-37508, bucket=bucket-0-50919, key=key-0-57313, dataSize=0, replicationType=null, replicationFactor=null, keyLocationInfo=null, clientID=102666068570931602} | ret=SUCCESS |  
2019-08-23 11:31:46,623 | INFO  | DNAudit | user=null | ip=null | op=WRITE_CHUNK {blockData=conID: 2 locID: 102666070039659120 bcsId: 0} | ret=SUCCESS |  
2019-08-23 11:31:46,625 | INFO  | DNAudit | user=null | ip=null | op=WRITE_CHUNK {blockData=conID: 2 locID: 102666070039659120 bcsId: 0} | ret=SUCCESS |  
2019-08-23 11:31:46,625 | INFO  | DNAudit | user=null | ip=null | op=WRITE_CHUNK {blockData=conID: 2 locID: 102666070039659120 bcsId: 0} | ret=SUCCESS |  
2019-08-23 11:31:46,626 | INFO  | DNAudit | user=null | ip=null | op=WRITE_CHUNK {blockData=conID: 2 locID: 102666070039659120 bcsId: 0} | ret=SUCCESS |  
2019-08-23 11:31:46,628 | INFO  | DNAudit | user=null | ip=null | op=WRITE_CHUNK {blockData=conID: 2 locID: 102666070039659120 bcsId: 0} | ret=SUCCESS |  
2019-08-23 11:31:46,628 | INFO  | DNAudit | user=null | ip=null | op=WRITE_CHUNK {blockData=conID: 2 locID: 102666070039659120 bcsId: 0} | ret=SUCCESS |  
2019-08-23 11:31:46,635 | INFO  | DNAudit | user=null | ip=null | op=WRITE_CHUNK {blockData=conID: 2 locID: 102666070039659120 bcsId: 0} | ret=SUCCESS |  
2019-08-23 11:31:46,636 | INFO  | DNAudit | user=null | ip=null | op=PUT_BLOCK {blockData=[blockId=conID: 2 locID: 102666070039659120 bcsId: 0,size=1048576]} | ret=SUCCESS |  
2019-08-23 11:31:46,636 [grpc-default-executor-1] INFO  client.GrpcClientProtocolClient (GrpcClientProtocolClient.java:onNext(255)) - client-C9E345EC67ED->244f13ac-34be-4c4e-8e45-0c0272edbbb2: receive RaftClientReply:client-C9E345EC67ED->244f13ac-34be-4c4e-8e45-0c0272edbbb2@group-FE77C852EF02, cid=2802, SUCCESS, logIndex=4169, commits[244f13ac-34be-4c4e-8e45-0c0272edbbb2:c4169, 6287e41a-5356-4f55-84f2-270816d53e84:c4168, a2c18d3d-e79d-47c9-88fe-d8a1d195302b:c4168]
2019-08-23 11:31:46,636 [grpc-default-executor-1] INFO  client.GrpcClientProtocolClient (GrpcClientProtocolClient.java:onNext(255)) - client-C9E345EC67ED->244f13ac-34be-4c4e-8e45-0c0272edbbb2: receive RaftClientReply:client-C9E345EC67ED->244f13ac-34be-4c4e-8e45-0c0272edbbb2@group-FE77C852EF02, cid=2803, SUCCESS, logIndex=4170, commits[244f13ac-34be-4c4e-8e45-0c0272edbbb2:c4170, 6287e41a-5356-4f55-84f2-270816d53e84:c4168, a2c18d3d-e79d-47c9-88fe-d8a1d195302b:c4168]
2019-08-23 11:31:46,647 | INFO  | DNAudit | user=null | ip=null | op=WRITE_CHUNK {blockData=conID: 2 locID: 102666070039659120 bcsId: 0} | ret=SUCCESS |  
2019-08-23 11:31:46,647 | INFO  | DNAudit | user=null | ip=null | op=PUT_BLOCK {blockData=[blockId=conID: 2 locID: 102666070039659120 bcsId: 0,size=2097152]} | ret=SUCCESS |  
2019-08-23 11:31:46,648 [grpc-default-executor-4] INFO  client.GrpcClientProtocolClient (GrpcClientProtocolClient.java:onNext(255)) - client-C9E345EC67ED->244f13ac-34be-4c4e-8e45-0c0272edbbb2: receive RaftClientReply:client-C9E345EC67ED->244f13ac-34be-4c4e-8e45-0c0272edbbb2@group-FE77C852EF02, cid=2804, SUCCESS, logIndex=4171, commits[244f13ac-34be-4c4e-8e45-0c0272edbbb2:c4172, 6287e41a-5356-4f55-84f2-270816d53e84:c4168, a2c18d3d-e79d-47c9-88fe-d8a1d195302b:c4168]
2019-08-23 11:31:46,648 | INFO  | DNAudit | user=null | ip=null | op=WRITE_CHUNK {blockData=conID: 2 locID: 102666070039659120 bcsId: 0} | ret=SUCCESS |  
2019-08-23 11:31:46,648 | INFO  | DNAudit | user=null | ip=null | op=PUT_BLOCK {blockData=[blockId=conID: 2 locID: 102666070039659120 bcsId: 0,size=1048576]} | ret=SUCCESS |  
2019-08-23 11:31:46,648 [grpc-default-executor-4] INFO  client.GrpcClientProtocolClient (GrpcClientProtocolClient.java:onNext(255)) - client-C9E345EC67ED->244f13ac-34be-4c4e-8e45-0c0272edbbb2: receive RaftClientReply:client-C9E345EC67ED->244f13ac-34be-4c4e-8e45-0c0272edbbb2@group-FE77C852EF02, cid=2805, SUCCESS, logIndex=4172, commits[244f13ac-34be-4c4e-8e45-0c0272edbbb2:c4172, 6287e41a-5356-4f55-84f2-270816d53e84:c4168, a2c18d3d-e79d-47c9-88fe-d8a1d195302b:c4168]
2019-08-23 11:31:46,650 | INFO  | DNAudit | user=null | ip=null | op=WRITE_CHUNK {blockData=conID: 2 locID: 102666070039659120 bcsId: 0} | ret=SUCCESS |  
2019-08-23 11:31:46,650 | INFO  | DNAudit | user=null | ip=null | op=PUT_BLOCK {blockData=[blockId=conID: 2 locID: 102666070039659120 bcsId: 0,size=1048576]} | ret=SUCCESS |  
2019-08-23 11:31:46,650 [grpc-default-executor-4] INFO  client.GrpcClientProtocolClient (GrpcClientProtocolClient.java:onNext(255)) - client-C9E345EC67ED->244f13ac-34be-4c4e-8e45-0c0272edbbb2: receive RaftClientReply:client-C9E345EC67ED->244f13ac-34be-4c4e-8e45-0c0272edbbb2@group-FE77C852EF02, cid=2806, SUCCESS, logIndex=0, commits[244f13ac-34be-4c4e-8e45-0c0272edbbb2:c4174, 6287e41a-5356-4f55-84f2-270816d53e84:c4170, a2c18d3d-e79d-47c9-88fe-d8a1d195302b:c4170]
2019-08-23 11:31:46,657 | INFO  | DNAudit | user=null | ip=null | op=WRITE_CHUNK {blockData=conID: 2 locID: 102666070039659120 bcsId: 4172} | ret=SUCCESS |  
2019-08-23 11:31:46,659 | INFO  | DNAudit | user=null | ip=null | op=WRITE_CHUNK {blockData=conID: 2 locID: 102666070039659120 bcsId: 4172} | ret=SUCCESS |  
2019-08-23 11:31:46,659 | INFO  | DNAudit | user=null | ip=null | op=WRITE_CHUNK {blockData=conID: 2 locID: 102666070039659120 bcsId: 4172} | ret=SUCCESS |  
2019-08-23 11:31:46,661 | INFO  | DNAudit | user=null | ip=null | op=WRITE_CHUNK {blockData=conID: 2 locID: 102666070039659120 bcsId: 0} | ret=SUCCESS |  
2019-08-23 11:31:46,661 | INFO  | DNAudit | user=null | ip=null | op=WRITE_CHUNK {blockData=conID: 2 locID: 102666070039659120 bcsId: 0} | ret=SUCCESS |  
2019-08-23 11:31:46,661 | INFO  | DNAudit | user=null | ip=null | op=PUT_BLOCK {blockData=[blockId=conID: 2 locID: 102666070039659120 bcsId: 0,size=2097152]} | ret=SUCCESS |  
2019-08-23 11:31:46,661 | INFO  | DNAudit | user=null | ip=null | op=PUT_BLOCK {blockData=[blockId=conID: 2 locID: 102666070039659120 bcsId: 0,size=2097152]} | ret=SUCCESS |  
2019-08-23 11:31:46,664 | INFO  | DNAudit | user=null | ip=null | op=WRITE_CHUNK {blockData=conID: 2 locID: 102666070039659120 bcsId: 4172} | ret=SUCCESS |  
2019-08-23 11:31:46,664 | INFO  | DNAudit | user=null | ip=null | op=PUT_BLOCK {blockData=[blockId=conID: 2 locID: 102666070039659120 bcsId: 0,size=3145728]} | ret=SUCCESS |  
2019-08-23 11:31:46,665 [grpc-default-executor-4] INFO  client.GrpcClientProtocolClient (GrpcClientProtocolClient.java:onNext(255)) - client-C9E345EC67ED->244f13ac-34be-4c4e-8e45-0c0272edbbb2: receive RaftClientReply:client-C9E345EC67ED->244f13ac-34be-4c4e-8e45-0c0272edbbb2@group-FE77C852EF02, cid=2807, SUCCESS, logIndex=4177, commits[244f13ac-34be-4c4e-8e45-0c0272edbbb2:c4178, 6287e41a-5356-4f55-84f2-270816d53e84:c4174, a2c18d3d-e79d-47c9-88fe-d8a1d195302b:c4172]
2019-08-23 11:31:46,665 [grpc-default-executor-4] INFO  client.GrpcClientProtocolClient (GrpcClientProtocolClient.java:onNext(255)) - client-C9E345EC67ED->244f13ac-34be-4c4e-8e45-0c0272edbbb2: receive RaftClientReply:client-C9E345EC67ED->244f13ac-34be-4c4e-8e45-0c0272edbbb2@group-FE77C852EF02, cid=2808, SUCCESS, logIndex=4178, commits[244f13ac-34be-4c4e-8e45-0c0272edbbb2:c4178, 6287e41a-5356-4f55-84f2-270816d53e84:c4174, a2c18d3d-e79d-47c9-88fe-d8a1d195302b:c4172]
2019-08-23 11:31:46,671 | INFO  | DNAudit | user=null | ip=null | op=WRITE_CHUNK {blockData=conID: 2 locID: 102666070039659120 bcsId: 4178} | ret=SUCCESS |  
2019-08-23 11:31:46,673 | INFO  | DNAudit | user=null | ip=null | op=WRITE_CHUNK {blockData=conID: 2 locID: 102666070039659120 bcsId: 4178} | ret=SUCCESS |  
2019-08-23 11:31:46,674 | INFO  | DNAudit | user=null | ip=null | op=WRITE_CHUNK {blockData=conID: 2 locID: 102666070039659120 bcsId: 4178} | ret=SUCCESS |  
2019-08-23 11:31:46,684 | INFO  | DNAudit | user=null | ip=null | op=WRITE_CHUNK {blockData=conID: 2 locID: 102666070039659120 bcsId: 4172} | ret=SUCCESS |  
2019-08-23 11:31:46,684 | INFO  | DNAudit | user=null | ip=null | op=WRITE_CHUNK {blockData=conID: 2 locID: 102666070039659120 bcsId: 4172} | ret=SUCCESS |  
2019-08-23 11:31:46,684 | INFO  | DNAudit | user=null | ip=null | op=PUT_BLOCK {blockData=[blockId=conID: 2 locID: 102666070039659120 bcsId: 0,size=3145728]} | ret=SUCCESS |  
2019-08-23 11:31:46,684 | INFO  | DNAudit | user=null | ip=null | op=PUT_BLOCK {blockData=[blockId=conID: 2 locID: 102666070039659120 bcsId: 0,size=3145728]} | ret=SUCCESS |  
2019-08-23 11:31:46,696 | INFO  | DNAudit | user=null | ip=null | op=WRITE_CHUNK {blockData=conID: 2 locID: 102666070039659120 bcsId: 4178} | ret=SUCCESS |  
2019-08-23 11:31:46,696 | INFO  | DNAudit | user=null | ip=null | op=PUT_BLOCK {blockData=[blockId=conID: 2 locID: 102666070039659120 bcsId: 0,size=4194304]} | ret=SUCCESS |  
2019-08-23 11:31:46,696 [grpc-default-executor-4] INFO  client.GrpcClientProtocolClient (GrpcClientProtocolClient.java:onNext(255)) - client-C9E345EC67ED->244f13ac-34be-4c4e-8e45-0c0272edbbb2: receive RaftClientReply:client-C9E345EC67ED->244f13ac-34be-4c4e-8e45-0c0272edbbb2@group-FE77C852EF02, cid=2809, SUCCESS, logIndex=4180, commits[244f13ac-34be-4c4e-8e45-0c0272edbbb2:c4181, 6287e41a-5356-4f55-84f2-270816d53e84:c4178, a2c18d3d-e79d-47c9-88fe-d8a1d195302b:c4178]
2019-08-23 11:31:46,697 [grpc-default-executor-4] INFO  client.GrpcClientProtocolClient (GrpcClientProtocolClient.java:onNext(255)) - client-C9E345EC67ED->244f13ac-34be-4c4e-8e45-0c0272edbbb2: receive RaftClientReply:client-C9E345EC67ED->244f13ac-34be-4c4e-8e45-0c0272edbbb2@group-FE77C852EF02, cid=2810, SUCCESS, logIndex=4181, commits[244f13ac-34be-4c4e-8e45-0c0272edbbb2:c4181, 6287e41a-5356-4f55-84f2-270816d53e84:c4178, a2c18d3d-e79d-47c9-88fe-d8a1d195302b:c4178]
2019-08-23 11:31:46,707 [grpc-default-executor-4] INFO  client.GrpcClientProtocolClient (GrpcClientProtocolClient.java:onNext(255)) - client-C9E345EC67ED->244f13ac-34be-4c4e-8e45-0c0272edbbb2: receive RaftClientReply:client-C9E345EC67ED->244f13ac-34be-4c4e-8e45-0c0272edbbb2@group-FE77C852EF02, cid=2811, SUCCESS, logIndex=0, commits[244f13ac-34be-4c4e-8e45-0c0272edbbb2:c4182, 6287e41a-5356-4f55-84f2-270816d53e84:c4181, a2c18d3d-e79d-47c9-88fe-d8a1d195302b:c4181]
2019-08-23 11:31:46,709 | INFO  | DNAudit | user=null | ip=null | op=WRITE_CHUNK {blockData=conID: 2 locID: 102666070039659120 bcsId: 4178} | ret=SUCCESS |  
2019-08-23 11:31:46,709 | INFO  | DNAudit | user=null | ip=null | op=WRITE_CHUNK {blockData=conID: 2 locID: 102666070039659120 bcsId: 4178} | ret=SUCCESS |  
2019-08-23 11:31:46,709 | INFO  | DNAudit | user=null | ip=null | op=PUT_BLOCK {blockData=[blockId=conID: 2 locID: 102666070039659120 bcsId: 0,size=4194304]} | ret=SUCCESS |  
2019-08-23 11:31:46,709 | INFO  | DNAudit | user=null | ip=null | op=PUT_BLOCK {blockData=[blockId=conID: 2 locID: 102666070039659120 bcsId: 0,size=4194304]} | ret=SUCCESS |  
2019-08-23 11:31:46,712 | INFO  | SCMAudit | user=jenkins1000 | ip=192.168.5.185 | op=ALLOCATE_BLOCK {owner=00a23185-76ea-47b5-a641-ad3cfbe5521a, size=4194304, type=RATIS, factor=THREE} | ret=SUCCESS |  
2019-08-23 11:31:46,715 | INFO  | OMAudit | user=jenkins1000 | ip=127.0.0.1 | op=ALLOCATE_BLOCK {volume=vol-0-37508, bucket=bucket-0-50919, key=key-0-57313, dataSize=0, replicationType=null, replicationFactor=null, keyLocationInfo=null, clientID=102666068570931602} | ret=SUCCESS |  
2019-08-23 11:31:46,721 | INFO  | DNAudit | user=null | ip=null | op=WRITE_CHUNK {blockData=conID: 3 locID: 102666070046278257 bcsId: 0} | ret=SUCCESS |  
2019-08-23 11:31:46,723 | INFO  | DNAudit | user=null | ip=null | op=WRITE_CHUNK {blockData=conID: 3 locID: 102666070046278257 bcsId: 0} | ret=SUCCESS |  
2019-08-23 11:31:46,723 | INFO  | DNAudit | user=null | ip=null | op=WRITE_CHUNK {blockData=conID: 3 locID: 102666070046278257 bcsId: 0} | ret=SUCCESS |  
2019-08-23 11:31:46,724 | INFO  | DNAudit | user=null | ip=null | op=WRITE_CHUNK {blockData=conID: 3 locID: 102666070046278257 bcsId: 0} | ret=SUCCESS |  
2019-08-23 11:31:46,725 | INFO  | DNAudit | user=null | ip=null | op=WRITE_CHUNK {blockData=conID: 3 locID: 102666070046278257 bcsId: 0} | ret=SUCCESS |  
2019-08-23 11:31:46,725 | INFO  | DNAudit | user=null | ip=null | op=WRITE_CHUNK {blockData=conID: 3 locID: 102666070046278257 bcsId: 0} | ret=SUCCESS |  
2019-08-23 11:31:46,731 | INFO  | DNAudit | user=null | ip=null | op=WRITE_CHUNK {blockData=conID: 3 locID: 102666070046278257 bcsId: 0} | ret=SUCCESS |  
2019-08-23 11:31:46,732 | INFO  | DNAudit | user=null | ip=null | op=PUT_BLOCK {blockData=[blockId=conID: 3 locID: 102666070046278257 bcsId: 0,size=1048576]} | ret=SUCCESS |  
2019-08-23 11:31:46,732 [grpc-default-executor-4] INFO  client.GrpcClientProtocolClient (GrpcClientProtocolClient.java:onNext(255)) - client-C9E345EC67ED->244f13ac-34be-4c4e-8e45-0c0272edbbb2: receive RaftClientReply:client-C9E345EC67ED->244f13ac-34be-4c4e-8e45-0c0272edbbb2@group-FE77C852EF02, cid=2812, SUCCESS, logIndex=4184, commits[244f13ac-34be-4c4e-8e45-0c0272edbbb2:c4185, 6287e41a-5356-4f55-84f2-270816d53e84:c4181, a2c18d3d-e79d-47c9-88fe-d8a1d195302b:c4183]
2019-08-23 11:31:46,732 [grpc-default-executor-4] INFO  client.GrpcClientProtocolClient (GrpcClientProtocolClient.java:onNext(255)) - client-C9E345EC67ED->244f13ac-34be-4c4e-8e45-0c0272edbbb2: receive RaftClientReply:client-C9E345EC67ED->244f13ac-34be-4c4e-8e45-0c0272edbbb2@group-FE77C852EF02, cid=2813, SUCCESS, logIndex=4185, commits[244f13ac-34be-4c4e-8e45-0c0272edbbb2:c4185, 6287e41a-5356-4f55-84f2-270816d53e84:c4183, a2c18d3d-e79d-47c9-88fe-d8a1d195302b:c4183]
2019-08-23 11:31:46,734 | INFO  | DNAudit | user=null | ip=null | op=WRITE_CHUNK {blockData=conID: 3 locID: 102666070046278257 bcsId: 0} | ret=SUCCESS |  
2019-08-23 11:31:46,735 | INFO  | DNAudit | user=null | ip=null | op=PUT_BLOCK {blockData=[blockId=conID: 3 locID: 102666070046278257 bcsId: 0,size=2097152]} | ret=SUCCESS |  
2019-08-23 11:31:46,735 [grpc-default-executor-2] INFO  client.GrpcClientProtocolClient (GrpcClientProtocolClient.java:onNext(255)) - client-C9E345EC67ED->244f13ac-34be-4c4e-8e45-0c0272edbbb2: receive RaftClientReply:client-C9E345EC67ED->244f13ac-34be-4c4e-8e45-0c0272edbbb2@group-FE77C852EF02, cid=2814, SUCCESS, logIndex=4186, commits[244f13ac-34be-4c4e-8e45-0c0272edbbb2:c4187, 6287e41a-5356-4f55-84f2-270816d53e84:c4183, a2c18d3d-e79d-47c9-88fe-d8a1d195302b:c4183]
2019-08-23 11:31:46,735 [grpc-default-executor-2] INFO  client.GrpcClientProtocolClient (GrpcClientProtocolClient.java:onNext(255)) - client-C9E345EC67ED->244f13ac-34be-4c4e-8e45-0c0272edbbb2: receive RaftClientReply:client-C9E345EC67ED->244f13ac-34be-4c4e-8e45-0c0272edbbb2@group-FE77C852EF02, cid=2815, SUCCESS, logIndex=4187, commits[244f13ac-34be-4c4e-8e45-0c0272edbbb2:c4187, 6287e41a-5356-4f55-84f2-270816d53e84:c4183, a2c18d3d-e79d-47c9-88fe-d8a1d195302b:c4183]
2019-08-23 11:31:46,746 | INFO  | DNAudit | user=null | ip=null | op=WRITE_CHUNK {blockData=conID: 3 locID: 102666070046278257 bcsId: 0} | ret=SUCCESS |  
2019-08-23 11:31:46,746 | INFO  | DNAudit | user=null | ip=null | op=PUT_BLOCK {blockData=[blockId=conID: 3 locID: 102666070046278257 bcsId: 0,size=1048576]} | ret=SUCCESS |  
2019-08-23 11:31:46,746 [grpc-default-executor-2] INFO  client.GrpcClientProtocolClient (GrpcClientProtocolClient.java:onNext(255)) - client-C9E345EC67ED->244f13ac-34be-4c4e-8e45-0c0272edbbb2: receive RaftClientReply:client-C9E345EC67ED->244f13ac-34be-4c4e-8e45-0c0272edbbb2@group-FE77C852EF02, cid=2816, SUCCESS, logIndex=0, commits[244f13ac-34be-4c4e-8e45-0c0272edbbb2:c4189, 6287e41a-5356-4f55-84f2-270816d53e84:c4185, a2c18d3d-e79d-47c9-88fe-d8a1d195302b:c4185]
2019-08-23 11:31:46,749 | INFO  | DNAudit | user=null | ip=null | op=WRITE_CHUNK {blockData=conID: 3 locID: 102666070046278257 bcsId: 0} | ret=SUCCESS |  
2019-08-23 11:31:46,749 | INFO  | DNAudit | user=null | ip=null | op=WRITE_CHUNK {blockData=conID: 3 locID: 102666070046278257 bcsId: 0} | ret=SUCCESS |  
2019-08-23 11:31:46,749 | INFO  | DNAudit | user=null | ip=null | op=PUT_BLOCK {blockData=[blockId=conID: 3 locID: 102666070046278257 bcsId: 0,size=1048576]} | ret=SUCCESS |  
2019-08-23 11:31:46,750 | INFO  | DNAudit | user=null | ip=null | op=PUT_BLOCK {blockData=[blockId=conID: 3 locID: 102666070046278257 bcsId: 0,size=2097152]} | ret=SUCCESS |  
2019-08-23 11:31:46,752 | INFO  | DNAudit | user=null | ip=null | op=WRITE_CHUNK {blockData=conID: 3 locID: 102666070046278257 bcsId: 4187} | ret=SUCCESS |  
2019-08-23 11:31:46,753 | INFO  | DNAudit | user=null | ip=null | op=WRITE_CHUNK {blockData=conID: 3 locID: 102666070046278257 bcsId: 4187} | ret=SUCCESS |  
2019-08-23 11:31:46,754 | INFO  | DNAudit | user=null | ip=null | op=WRITE_CHUNK {blockData=conID: 3 locID: 102666070046278257 bcsId: 4187} | ret=SUCCESS |  
2019-08-23 11:31:46,761 | INFO  | DNAudit | user=null | ip=null | op=WRITE_CHUNK {blockData=conID: 3 locID: 102666070046278257 bcsId: 0} | ret=SUCCESS |  
2019-08-23 11:31:46,762 | INFO  | DNAudit | user=null | ip=null | op=PUT_BLOCK {blockData=[blockId=conID: 3 locID: 102666070046278257 bcsId: 0,size=2097152]} | ret=SUCCESS |  
2019-08-23 11:31:46,762 | INFO  | DNAudit | user=null | ip=null | op=WRITE_CHUNK {blockData=conID: 3 locID: 102666070046278257 bcsId: 4187} | ret=SUCCESS |  
2019-08-23 11:31:46,762 | INFO  | DNAudit | user=null | ip=null | op=PUT_BLOCK {blockData=[blockId=conID: 3 locID: 102666070046278257 bcsId: 0,size=3145728]} | ret=SUCCESS |  
2019-08-23 11:31:46,762 [grpc-default-executor-2] INFO  client.GrpcClientProtocolClient (GrpcClientProtocolClient.java:onNext(255)) - client-C9E345EC67ED->244f13ac-34be-4c4e-8e45-0c0272edbbb2: receive RaftClientReply:client-C9E345EC67ED->244f13ac-34be-4c4e-8e45-0c0272edbbb2@group-FE77C852EF02, cid=2817, SUCCESS, logIndex=4191, commits[244f13ac-34be-4c4e-8e45-0c0272edbbb2:c4192, 6287e41a-5356-4f55-84f2-270816d53e84:c4187, a2c18d3d-e79d-47c9-88fe-d8a1d195302b:c4190]
2019-08-23 11:31:46,763 [grpc-default-executor-2] INFO  client.GrpcClientProtocolClient (GrpcClientProtocolClient.java:onNext(255)) - client-C9E345EC67ED->244f13ac-34be-4c4e-8e45-0c0272edbbb2: receive RaftClientReply:client-C9E345EC67ED->244f13ac-34be-4c4e-8e45-0c0272edbbb2@group-FE77C852EF02, cid=2818, SUCCESS, logIndex=4192, commits[244f13ac-34be-4c4e-8e45-0c0272edbbb2:c4192, 6287e41a-5356-4f55-84f2-270816d53e84:c4190, a2c18d3d-e79d-47c9-88fe-d8a1d195302b:c4190]
2019-08-23 11:31:46,763 | INFO  | DNAudit | user=null | ip=null | op=WRITE_CHUNK {blockData=conID: 3 locID: 102666070046278257 bcsId: 4187} | ret=SUCCESS |  
2019-08-23 11:31:46,763 | INFO  | DNAudit | user=null | ip=null | op=WRITE_CHUNK {blockData=conID: 3 locID: 102666070046278257 bcsId: 4187} | ret=SUCCESS |  
2019-08-23 11:31:46,765 | INFO  | DNAudit | user=null | ip=null | op=PUT_BLOCK {blockData=[blockId=conID: 3 locID: 102666070046278257 bcsId: 0,size=3145728]} | ret=SUCCESS |  
2019-08-23 11:31:46,765 | INFO  | DNAudit | user=null | ip=null | op=PUT_BLOCK {blockData=[blockId=conID: 3 locID: 102666070046278257 bcsId: 0,size=3145728]} | ret=SUCCESS |  
2019-08-23 11:31:46,768 | INFO  | DNAudit | user=null | ip=null | op=WRITE_CHUNK {blockData=conID: 3 locID: 102666070046278257 bcsId: 4192} | ret=SUCCESS |  
2019-08-23 11:31:46,769 | INFO  | DNAudit | user=null | ip=null | op=WRITE_CHUNK {blockData=conID: 3 locID: 102666070046278257 bcsId: 4192} | ret=SUCCESS |  
2019-08-23 11:31:46,770 | INFO  | DNAudit | user=null | ip=null | op=WRITE_CHUNK {blockData=conID: 3 locID: 102666070046278257 bcsId: 4192} | ret=SUCCESS |  
2019-08-23 11:31:46,782 | INFO  | DNAudit | user=null | ip=null | op=WRITE_CHUNK {blockData=conID: 3 locID: 102666070046278257 bcsId: 4192} | ret=SUCCESS |  
2019-08-23 11:31:46,783 | INFO  | DNAudit | user=null | ip=null | op=PUT_BLOCK {blockData=[blockId=conID: 3 locID: 102666070046278257 bcsId: 0,size=4194304]} | ret=SUCCESS |  
2019-08-23 11:31:46,783 [grpc-default-executor-2] INFO  client.GrpcClientProtocolClient (GrpcClientProtocolClient.java:onNext(255)) - client-C9E345EC67ED->244f13ac-34be-4c4e-8e45-0c0272edbbb2: receive RaftClientReply:client-C9E345EC67ED->244f13ac-34be-4c4e-8e45-0c0272edbbb2@group-FE77C852EF02, cid=2819, SUCCESS, logIndex=4195, commits[244f13ac-34be-4c4e-8e45-0c0272edbbb2:c4196, 6287e41a-5356-4f55-84f2-270816d53e84:c4194, a2c18d3d-e79d-47c9-88fe-d8a1d195302b:c4194]
2019-08-23 11:31:46,783 [grpc-default-executor-2] INFO  client.GrpcClientProtocolClient (GrpcClientProtocolClient.java:onNext(255)) - client-C9E345EC67ED->244f13ac-34be-4c4e-8e45-0c0272edbbb2: receive RaftClientReply:client-C9E345EC67ED->244f13ac-34be-4c4e-8e45-0c0272edbbb2@group-FE77C852EF02, cid=2820, SUCCESS, logIndex=4196, commits[244f13ac-34be-4c4e-8e45-0c0272edbbb2:c4196, 6287e41a-5356-4f55-84f2-270816d53e84:c4194, a2c18d3d-e79d-47c9-88fe-d8a1d195302b:c4194]
2019-08-23 11:31:46,793 | INFO  | DNAudit | user=null | ip=null | op=WRITE_CHUNK {blockData=conID: 3 locID: 102666070046278257 bcsId: 4192} | ret=SUCCESS |  
2019-08-23 11:31:46,793 | INFO  | DNAudit | user=null | ip=null | op=WRITE_CHUNK {blockData=conID: 3 locID: 102666070046278257 bcsId: 4192} | ret=SUCCESS |  
2019-08-23 11:31:46,796 | INFO  | DNAudit | user=null | ip=null | op=PUT_BLOCK {blockData=[blockId=conID: 3 locID: 102666070046278257 bcsId: 0,size=4194304]} | ret=SUCCESS |  
2019-08-23 11:31:46,796 | INFO  | DNAudit | user=null | ip=null | op=PUT_BLOCK {blockData=[blockId=conID: 3 locID: 102666070046278257 bcsId: 0,size=4194304]} | ret=SUCCESS |  
2019-08-23 11:31:46,796 [grpc-default-executor-2] INFO  client.GrpcClientProtocolClient (GrpcClientProtocolClient.java:onNext(255)) - client-C9E345EC67ED->244f13ac-34be-4c4e-8e45-0c0272edbbb2: receive RaftClientReply:client-C9E345EC67ED->244f13ac-34be-4c4e-8e45-0c0272edbbb2@group-FE77C852EF02, cid=2821, SUCCESS, logIndex=0, commits[244f13ac-34be-4c4e-8e45-0c0272edbbb2:c4198, 6287e41a-5356-4f55-84f2-270816d53e84:c4196, a2c18d3d-e79d-47c9-88fe-d8a1d195302b:c4196]
2019-08-23 11:31:46,801 | INFO  | SCMAudit | user=jenkins1000 | ip=192.168.5.185 | op=ALLOCATE_BLOCK {owner=00a23185-76ea-47b5-a641-ad3cfbe5521a, size=4194304, type=RATIS, factor=THREE} | ret=SUCCESS |  
2019-08-23 11:31:46,804 | INFO  | OMAudit | user=jenkins1000 | ip=127.0.0.1 | op=ALLOCATE_BLOCK {volume=vol-0-37508, bucket=bucket-0-50919, key=key-0-57313, dataSize=0, replicationType=null, replicationFactor=null, keyLocationInfo=null, clientID=102666068570931602} | ret=SUCCESS |  
2019-08-23 11:31:46,809 | INFO  | DNAudit | user=null | ip=null | op=WRITE_CHUNK {blockData=conID: 1 locID: 102666070052110962 bcsId: 0} | ret=SUCCESS |  
2019-08-23 11:31:46,812 | INFO  | DNAudit | user=null | ip=null | op=WRITE_CHUNK {blockData=conID: 1 locID: 102666070052110962 bcsId: 0} | ret=SUCCESS |  
2019-08-23 11:31:46,814 | INFO  | DNAudit | user=null | ip=null | op=WRITE_CHUNK {blockData=conID: 1 locID: 102666070052110962 bcsId: 0} | ret=SUCCESS |  
2019-08-23 11:31:46,814 | INFO  | DNAudit | user=null | ip=null | op=WRITE_CHUNK {blockData=conID: 1 locID: 102666070052110962 bcsId: 0} | ret=SUCCESS |  
2019-08-23 11:31:46,815 | INFO  | DNAudit | user=null | ip=null | op=WRITE_CHUNK {blockData=conID: 1 locID: 102666070052110962 bcsId: 0} | ret=SUCCESS |  
2019-08-23 11:31:46,815 | INFO  | DNAudit | user=null | ip=null | op=WRITE_CHUNK {blockData=conID: 1 locID: 102666070052110962 bcsId: 0} | ret=SUCCESS |  
2019-08-23 11:31:46,822 | INFO  | DNAudit | user=null | ip=null | op=WRITE_CHUNK {blockData=conID: 1 locID: 102666070052110962 bcsId: 0} | ret=SUCCESS |  
2019-08-23 11:31:46,822 | INFO  | DNAudit | user=null | ip=null | op=PUT_BLOCK {blockData=[blockId=conID: 1 locID: 102666070052110962 bcsId: 0,size=1048576]} | ret=SUCCESS |  
2019-08-23 11:31:46,822 [grpc-default-executor-4] INFO  client.GrpcClientProtocolClient (GrpcClientProtocolClient.java:onNext(255)) - client-C9E345EC67ED->244f13ac-34be-4c4e-8e45-0c0272edbbb2: receive RaftClientReply:client-C9E345EC67ED->244f13ac-34be-4c4e-8e45-0c0272edbbb2@group-FE77C852EF02, cid=2822, SUCCESS, logIndex=4199, commits[244f13ac-34be-4c4e-8e45-0c0272edbbb2:c4200, 6287e41a-5356-4f55-84f2-270816d53e84:c4198, a2c18d3d-e79d-47c9-88fe-d8a1d195302b:c4198]
2019-08-23 11:31:46,823 [grpc-default-executor-4] INFO  client.GrpcClientProtocolClient (GrpcClientProtocolClient.java:onNext(255)) - client-C9E345EC67ED->244f13ac-34be-4c4e-8e45-0c0272edbbb2: receive RaftClientReply:client-C9E345EC67ED->244f13ac-34be-4c4e-8e45-0c0272edbbb2@group-FE77C852EF02, cid=2823, SUCCESS, logIndex=4200, commits[244f13ac-34be-4c4e-8e45-0c0272edbbb2:c4200, 6287e41a-5356-4f55-84f2-270816d53e84:c4198, a2c18d3d-e79d-47c9-88fe-d8a1d195302b:c4198]
2019-08-23 11:31:46,824 | INFO  | DNAudit | user=null | ip=null | op=WRITE_CHUNK {blockData=conID: 1 locID: 102666070052110962 bcsId: 0} | ret=SUCCESS |  
2019-08-23 11:31:46,824 | INFO  | DNAudit | user=null | ip=null | op=PUT_BLOCK {blockData=[blockId=conID: 1 locID: 102666070052110962 bcsId: 0,size=2097152]} | ret=SUCCESS |  
2019-08-23 11:31:46,824 [grpc-default-executor-4] INFO  client.GrpcClientProtocolClient (GrpcClientProtocolClient.java:onNext(255)) - client-C9E345EC67ED->244f13ac-34be-4c4e-8e45-0c0272edbbb2: receive RaftClientReply:client-C9E345EC67ED->244f13ac-34be-4c4e-8e45-0c0272edbbb2@group-FE77C852EF02, cid=2824, SUCCESS, logIndex=4201, commits[244f13ac-34be-4c4e-8e45-0c0272edbbb2:c4202, 6287e41a-5356-4f55-84f2-270816d53e84:c4198, a2c18d3d-e79d-47c9-88fe-d8a1d195302b:c4198]
2019-08-23 11:31:46,825 [grpc-default-executor-4] INFO  client.GrpcClientProtocolClient (GrpcClientProtocolClient.java:onNext(255)) - client-C9E345EC67ED->244f13ac-34be-4c4e-8e45-0c0272edbbb2: receive RaftClientReply:client-C9E345EC67ED->244f13ac-34be-4c4e-8e45-0c0272edbbb2@group-FE77C852EF02, cid=2825, SUCCESS, logIndex=4202, commits[244f13ac-34be-4c4e-8e45-0c0272edbbb2:c4202, 6287e41a-5356-4f55-84f2-270816d53e84:c4198, a2c18d3d-e79d-47c9-88fe-d8a1d195302b:c4198]
2019-08-23 11:31:46,837 | INFO  | DNAudit | user=null | ip=null | op=WRITE_CHUNK {blockData=conID: 1 locID: 102666070052110962 bcsId: 0} | ret=SUCCESS |  
2019-08-23 11:31:46,837 | INFO  | DNAudit | user=null | ip=null | op=WRITE_CHUNK {blockData=conID: 1 locID: 102666070052110962 bcsId: 0} | ret=SUCCESS |  
2019-08-23 11:31:46,837 | INFO  | DNAudit | user=null | ip=null | op=PUT_BLOCK {blockData=[blockId=conID: 1 locID: 102666070052110962 bcsId: 0,size=1048576]} | ret=SUCCESS |  
2019-08-23 11:31:46,837 | INFO  | DNAudit | user=null | ip=null | op=PUT_BLOCK {blockData=[blockId=conID: 1 locID: 102666070052110962 bcsId: 0,size=1048576]} | ret=SUCCESS |  
2019-08-23 11:31:46,837 [grpc-default-executor-1] INFO  client.GrpcClientProtocolClient (GrpcClientProtocolClient.java:onNext(255)) - client-C9E345EC67ED->244f13ac-34be-4c4e-8e45-0c0272edbbb2: receive RaftClientReply:client-C9E345EC67ED->244f13ac-34be-4c4e-8e45-0c0272edbbb2@group-FE77C852EF02, cid=2826, SUCCESS, logIndex=0, commits[244f13ac-34be-4c4e-8e45-0c0272edbbb2:c4204, 6287e41a-5356-4f55-84f2-270816d53e84:c4200, a2c18d3d-e79d-47c9-88fe-d8a1d195302b:c4200]
2019-08-23 11:31:46,843 | INFO  | DNAudit | user=null | ip=null | op=WRITE_CHUNK {blockData=conID: 1 locID: 102666070052110962 bcsId: 4202} | ret=SUCCESS |  
2019-08-23 11:31:46,844 | INFO  | DNAudit | user=null | ip=null | op=WRITE_CHUNK {blockData=conID: 1 locID: 102666070052110962 bcsId: 4202} | ret=SUCCESS |  
2019-08-23 11:31:46,845 | INFO  | DNAudit | user=null | ip=null | op=WRITE_CHUNK {blockData=conID: 1 locID: 102666070052110962 bcsId: 4202} | ret=SUCCESS |  
2019-08-23 11:31:46,849 | INFO  | DNAudit | user=null | ip=null | op=WRITE_CHUNK {blockData=conID: 1 locID: 102666070052110962 bcsId: 0} | ret=SUCCESS |  
2019-08-23 11:31:46,849 | INFO  | DNAudit | user=null | ip=null | op=WRITE_CHUNK {blockData=conID: 1 locID: 102666070052110962 bcsId: 0} | ret=SUCCESS |  
2019-08-23 11:31:46,849 | INFO  | DNAudit | user=null | ip=null | op=PUT_BLOCK {blockData=[blockId=conID: 1 locID: 102666070052110962 bcsId: 0,size=2097152]} | ret=SUCCESS |  
2019-08-23 11:31:46,849 | INFO  | DNAudit | user=null | ip=null | op=PUT_BLOCK {blockData=[blockId=conID: 1 locID: 102666070052110962 bcsId: 0,size=2097152]} | ret=SUCCESS |  
2019-08-23 11:31:46,852 | INFO  | DNAudit | user=null | ip=null | op=WRITE_CHUNK {blockData=conID: 1 locID: 102666070052110962 bcsId: 4202} | ret=SUCCESS |  
2019-08-23 11:31:46,852 [grpc-default-executor-1] INFO  client.GrpcClientProtocolClient (GrpcClientProtocolClient.java:onNext(255)) - client-C9E345EC67ED->244f13ac-34be-4c4e-8e45-0c0272edbbb2: receive RaftClientReply:client-C9E345EC67ED->244f13ac-34be-4c4e-8e45-0c0272edbbb2@group-FE77C852EF02, cid=2827, SUCCESS, logIndex=4207, commits[244f13ac-34be-4c4e-8e45-0c0272edbbb2:c4208, 6287e41a-5356-4f55-84f2-270816d53e84:c4204, a2c18d3d-e79d-47c9-88fe-d8a1d195302b:c4204]
2019-08-23 11:31:46,852 | INFO  | DNAudit | user=null | ip=null | op=PUT_BLOCK {blockData=[blockId=conID: 1 locID: 102666070052110962 bcsId: 0,size=3145728]} | ret=SUCCESS |  
2019-08-23 11:31:46,854 [grpc-default-executor-1] INFO  client.GrpcClientProtocolClient (GrpcClientProtocolClient.java:onNext(255)) - client-C9E345EC67ED->244f13ac-34be-4c4e-8e45-0c0272edbbb2: receive RaftClientReply:client-C9E345EC67ED->244f13ac-34be-4c4e-8e45-0c0272edbbb2@group-FE77C852EF02, cid=2828, SUCCESS, logIndex=4208, commits[244f13ac-34be-4c4e-8e45-0c0272edbbb2:c4208, 6287e41a-5356-4f55-84f2-270816d53e84:c4204, a2c18d3d-e79d-47c9-88fe-d8a1d195302b:c4204]
2019-08-23 11:31:46,861 | INFO  | DNAudit | user=null | ip=null | op=WRITE_CHUNK {blockData=conID: 1 locID: 102666070052110962 bcsId: 4208} | ret=SUCCESS |  
2019-08-23 11:31:46,863 | INFO  | DNAudit | user=null | ip=null | op=WRITE_CHUNK {blockData=conID: 1 locID: 102666070052110962 bcsId: 4208} | ret=SUCCESS |  
2019-08-23 11:31:46,863 | INFO  | DNAudit | user=null | ip=null | op=WRITE_CHUNK {blockData=conID: 1 locID: 102666070052110962 bcsId: 4208} | ret=SUCCESS |  
2019-08-23 11:31:46,864 | INFO  | DNAudit | user=null | ip=null | op=WRITE_CHUNK {blockData=conID: 1 locID: 102666070052110962 bcsId: 4202} | ret=SUCCESS |  
2019-08-23 11:31:46,864 | INFO  | DNAudit | user=null | ip=null | op=WRITE_CHUNK {blockData=conID: 1 locID: 102666070052110962 bcsId: 4202} | ret=SUCCESS |  
2019-08-23 11:31:46,878 | INFO  | DNAudit | user=null | ip=null | op=PUT_BLOCK {blockData=[blockId=conID: 1 locID: 102666070052110962 bcsId: 0,size=3145728]} | ret=SUCCESS |  
2019-08-23 11:31:46,878 | INFO  | DNAudit | user=null | ip=null | op=PUT_BLOCK {blockData=[blockId=conID: 1 locID: 102666070052110962 bcsId: 0,size=3145728]} | ret=SUCCESS |  
2019-08-23 11:31:46,878 | INFO  | DNAudit | user=null | ip=null | op=WRITE_CHUNK {blockData=conID: 1 locID: 102666070052110962 bcsId: 4208} | ret=SUCCESS |  
2019-08-23 11:31:46,879 | INFO  | DNAudit | user=null | ip=null | op=PUT_BLOCK {blockData=[blockId=conID: 1 locID: 102666070052110962 bcsId: 0,size=4194304]} | ret=SUCCESS |  
2019-08-23 11:31:46,879 [grpc-default-executor-2] INFO  client.GrpcClientProtocolClient (GrpcClientProtocolClient.java:onNext(255)) - client-C9E345EC67ED->244f13ac-34be-4c4e-8e45-0c0272edbbb2: receive RaftClientReply:client-C9E345EC67ED->244f13ac-34be-4c4e-8e45-0c0272edbbb2@group-FE77C852EF02, cid=2829, SUCCESS, logIndex=4211, commits[244f13ac-34be-4c4e-8e45-0c0272edbbb2:c4212, 6287e41a-5356-4f55-84f2-270816d53e84:c4208, a2c18d3d-e79d-47c9-88fe-d8a1d195302b:c4208]
2019-08-23 11:31:46,879 [grpc-default-executor-2] INFO  client.GrpcClientProtocolClient (GrpcClientProtocolClient.java:onNext(255)) - client-C9E345EC67ED->244f13ac-34be-4c4e-8e45-0c0272edbbb2: receive RaftClientReply:client-C9E345EC67ED->244f13ac-34be-4c4e-8e45-0c0272edbbb2@group-FE77C852EF02, cid=2830, SUCCESS, logIndex=4212, commits[244f13ac-34be-4c4e-8e45-0c0272edbbb2:c4212, 6287e41a-5356-4f55-84f2-270816d53e84:c4208, a2c18d3d-e79d-47c9-88fe-d8a1d195302b:c4208]
2019-08-23 11:31:46,900 | INFO  | DNAudit | user=null | ip=null | op=WRITE_CHUNK {blockData=conID: 1 locID: 102666070052110962 bcsId: 4208} | ret=SUCCESS |  
2019-08-23 11:31:46,900 | INFO  | DNAudit | user=null | ip=null | op=WRITE_CHUNK {blockData=conID: 1 locID: 102666070052110962 bcsId: 4208} | ret=SUCCESS |  
2019-08-23 11:31:46,901 | INFO  | DNAudit | user=null | ip=null | op=PUT_BLOCK {blockData=[blockId=conID: 1 locID: 102666070052110962 bcsId: 0,size=4194304]} | ret=SUCCESS |  
2019-08-23 11:31:46,901 | INFO  | DNAudit | user=null | ip=null | op=PUT_BLOCK {blockData=[blockId=conID: 1 locID: 102666070052110962 bcsId: 0,size=4194304]} | ret=SUCCESS |  
2019-08-23 11:31:46,902 [grpc-default-executor-2] INFO  client.GrpcClientProtocolClient (GrpcClientProtocolClient.java:onNext(255)) - client-C9E345EC67ED->244f13ac-34be-4c4e-8e45-0c0272edbbb2: receive RaftClientReply:client-C9E345EC67ED->244f13ac-34be-4c4e-8e45-0c0272edbbb2@group-FE77C852EF02, cid=2831, SUCCESS, logIndex=0, commits[244f13ac-34be-4c4e-8e45-0c0272edbbb2:c4214, 6287e41a-5356-4f55-84f2-270816d53e84:c4212, a2c18d3d-e79d-47c9-88fe-d8a1d195302b:c4212]
2019-08-23 11:31:46,906 | INFO  | SCMAudit | user=jenkins1000 | ip=192.168.5.185 | op=ALLOCATE_BLOCK {owner=00a23185-76ea-47b5-a641-ad3cfbe5521a, size=4194304, type=RATIS, factor=THREE} | ret=SUCCESS |  
2019-08-23 11:31:46,909 | INFO  | OMAudit | user=jenkins1000 | ip=127.0.0.1 | op=ALLOCATE_BLOCK {volume=vol-0-37508, bucket=bucket-0-50919, key=key-0-57313, dataSize=0, replicationType=null, replicationFactor=null, keyLocationInfo=null, clientID=102666068570931602} | ret=SUCCESS |  
2019-08-23 11:31:46,915 | INFO  | DNAudit | user=null | ip=null | op=WRITE_CHUNK {blockData=conID: 2 locID: 102666070058992243 bcsId: 0} | ret=SUCCESS |  
2019-08-23 11:31:46,917 | INFO  | DNAudit | user=null | ip=null | op=WRITE_CHUNK {blockData=conID: 2 locID: 102666070058992243 bcsId: 0} | ret=SUCCESS |  
2019-08-23 11:31:46,917 | INFO  | DNAudit | user=null | ip=null | op=WRITE_CHUNK {blockData=conID: 2 locID: 102666070058992243 bcsId: 0} | ret=SUCCESS |  
2019-08-23 11:31:46,917 | INFO  | DNAudit | user=null | ip=null | op=WRITE_CHUNK {blockData=conID: 2 locID: 102666070058992243 bcsId: 0} | ret=SUCCESS |  
2019-08-23 11:31:46,918 | INFO  | DNAudit | user=null | ip=null | op=WRITE_CHUNK {blockData=conID: 2 locID: 102666070058992243 bcsId: 0} | ret=SUCCESS |  
2019-08-23 11:31:46,918 | INFO  | DNAudit | user=null | ip=null | op=WRITE_CHUNK {blockData=conID: 2 locID: 102666070058992243 bcsId: 0} | ret=SUCCESS |  
2019-08-23 11:31:46,927 | INFO  | DNAudit | user=null | ip=null | op=WRITE_CHUNK {blockData=conID: 2 locID: 102666070058992243 bcsId: 0} | ret=SUCCESS |  
2019-08-23 11:31:46,927 | INFO  | DNAudit | user=null | ip=null | op=PUT_BLOCK {blockData=[blockId=conID: 2 locID: 102666070058992243 bcsId: 0,size=1048576]} | ret=SUCCESS |  
2019-08-23 11:31:46,928 [grpc-default-executor-2] INFO  client.GrpcClientProtocolClient (GrpcClientProtocolClient.java:onNext(255)) - client-C9E345EC67ED->244f13ac-34be-4c4e-8e45-0c0272edbbb2: receive RaftClientReply:client-C9E345EC67ED->244f13ac-34be-4c4e-8e45-0c0272edbbb2@group-FE77C852EF02, cid=2832, SUCCESS, logIndex=4215, commits[244f13ac-34be-4c4e-8e45-0c0272edbbb2:c4217, 6287e41a-5356-4f55-84f2-270816d53e84:c4214, a2c18d3d-e79d-47c9-88fe-d8a1d195302b:c4214]
2019-08-23 11:31:46,928 [grpc-default-executor-2] INFO  client.GrpcClientProtocolClient (GrpcClientProtocolClient.java:onNext(255)) - client-C9E345EC67ED->244f13ac-34be-4c4e-8e45-0c0272edbbb2: receive RaftClientReply:client-C9E345EC67ED->244f13ac-34be-4c4e-8e45-0c0272edbbb2@group-FE77C852EF02, cid=2833, SUCCESS, logIndex=4216, commits[244f13ac-34be-4c4e-8e45-0c0272edbbb2:c4218, 6287e41a-5356-4f55-84f2-270816d53e84:c4214, a2c18d3d-e79d-47c9-88fe-d8a1d195302b:c4214]
2019-08-23 11:31:46,932 | INFO  | DNAudit | user=null | ip=null | op=WRITE_CHUNK {blockData=conID: 2 locID: 102666070058992243 bcsId: 0} | ret=SUCCESS |  
2019-08-23 11:31:46,932 | INFO  | DNAudit | user=null | ip=null | op=PUT_BLOCK {blockData=[blockId=conID: 2 locID: 102666070058992243 bcsId: 0,size=2097152]} | ret=SUCCESS |  
2019-08-23 11:31:46,933 [grpc-default-executor-2] INFO  client.GrpcClientProtocolClient (GrpcClientProtocolClient.java:onNext(255)) - client-C9E345EC67ED->244f13ac-34be-4c4e-8e45-0c0272edbbb2: receive RaftClientReply:client-C9E345EC67ED->244f13ac-34be-4c4e-8e45-0c0272edbbb2@group-FE77C852EF02, cid=2834, SUCCESS, logIndex=4217, commits[244f13ac-34be-4c4e-8e45-0c0272edbbb2:c4218, 6287e41a-5356-4f55-84f2-270816d53e84:c4214, a2c18d3d-e79d-47c9-88fe-d8a1d195302b:c4214]
2019-08-23 11:31:46,933 [grpc-default-executor-2] INFO  client.GrpcClientProtocolClient (GrpcClientProtocolClient.java:onNext(255)) - client-C9E345EC67ED->244f13ac-34be-4c4e-8e45-0c0272edbbb2: receive RaftClientReply:client-C9E345EC67ED->244f13ac-34be-4c4e-8e45-0c0272edbbb2@group-FE77C852EF02, cid=2835, SUCCESS, logIndex=4218, commits[244f13ac-34be-4c4e-8e45-0c0272edbbb2:c4218, 6287e41a-5356-4f55-84f2-270816d53e84:c4214, a2c18d3d-e79d-47c9-88fe-d8a1d195302b:c4214]
2019-08-23 11:31:46,943 | INFO  | DNAudit | user=null | ip=null | op=WRITE_CHUNK {blockData=conID: 2 locID: 102666070058992243 bcsId: 0} | ret=SUCCESS |  
2019-08-23 11:31:46,943 | INFO  | DNAudit | user=null | ip=null | op=WRITE_CHUNK {blockData=conID: 2 locID: 102666070058992243 bcsId: 0} | ret=SUCCESS |  
2019-08-23 11:31:46,944 | INFO  | DNAudit | user=null | ip=null | op=PUT_BLOCK {blockData=[blockId=conID: 2 locID: 102666070058992243 bcsId: 0,size=1048576]} | ret=SUCCESS |  
2019-08-23 11:31:46,944 | INFO  | DNAudit | user=null | ip=null | op=PUT_BLOCK {blockData=[blockId=conID: 2 locID: 102666070058992243 bcsId: 0,size=1048576]} | ret=SUCCESS |  
2019-08-23 11:31:46,944 | INFO  | DNAudit | user=null | ip=null | op=WRITE_CHUNK {blockData=conID: 2 locID: 102666070058992243 bcsId: 0} | ret=SUCCESS |  
2019-08-23 11:31:46,944 [grpc-default-executor-2] INFO  client.GrpcClientProtocolClient (GrpcClientProtocolClient.java:onNext(255)) - client-C9E345EC67ED->244f13ac-34be-4c4e-8e45-0c0272edbbb2: receive RaftClientReply:client-C9E345EC67ED->244f13ac-34be-4c4e-8e45-0c0272edbbb2@group-FE77C852EF02, cid=2836, SUCCESS, logIndex=0, commits[244f13ac-34be-4c4e-8e45-0c0272edbbb2:c4220, 6287e41a-5356-4f55-84f2-270816d53e84:c4216, a2c18d3d-e79d-47c9-88fe-d8a1d195302b:c4217]
2019-08-23 11:31:46,946 | INFO  | DNAudit | user=null | ip=null | op=WRITE_CHUNK {blockData=conID: 2 locID: 102666070058992243 bcsId: 0} | ret=SUCCESS |  
2019-08-23 11:31:46,946 | INFO  | DNAudit | user=null | ip=null | op=PUT_BLOCK {blockData=[blockId=conID: 2 locID: 102666070058992243 bcsId: 0,size=2097152]} | ret=SUCCESS |  
2019-08-23 11:31:46,946 | INFO  | DNAudit | user=null | ip=null | op=PUT_BLOCK {blockData=[blockId=conID: 2 locID: 102666070058992243 bcsId: 0,size=2097152]} | ret=SUCCESS |  
2019-08-23 11:31:46,950 | INFO  | DNAudit | user=null | ip=null | op=WRITE_CHUNK {blockData=conID: 2 locID: 102666070058992243 bcsId: 4218} | ret=SUCCESS |  
2019-08-23 11:31:46,951 | INFO  | DNAudit | user=null | ip=null | op=WRITE_CHUNK {blockData=conID: 2 locID: 102666070058992243 bcsId: 4218} | ret=SUCCESS |  
2019-08-23 11:31:46,952 | INFO  | DNAudit | user=null | ip=null | op=WRITE_CHUNK {blockData=conID: 2 locID: 102666070058992243 bcsId: 4218} | ret=SUCCESS |  
2019-08-23 11:31:46,962 | INFO  | DNAudit | user=null | ip=null | op=WRITE_CHUNK {blockData=conID: 2 locID: 102666070058992243 bcsId: 4218} | ret=SUCCESS |  
2019-08-23 11:31:46,962 | INFO  | DNAudit | user=null | ip=null | op=PUT_BLOCK {blockData=[blockId=conID: 2 locID: 102666070058992243 bcsId: 0,size=3145728]} | ret=SUCCESS |  
2019-08-23 11:31:46,962 [grpc-default-executor-1] INFO  client.GrpcClientProtocolClient (GrpcClientProtocolClient.java:onNext(255)) - client-C9E345EC67ED->244f13ac-34be-4c4e-8e45-0c0272edbbb2: receive RaftClientReply:client-C9E345EC67ED->244f13ac-34be-4c4e-8e45-0c0272edbbb2@group-FE77C852EF02, cid=2837, SUCCESS, logIndex=4223, commits[244f13ac-34be-4c4e-8e45-0c0272edbbb2:c4224, 6287e41a-5356-4f55-84f2-270816d53e84:c4222, a2c18d3d-e79d-47c9-88fe-d8a1d195302b:c4222]
2019-08-23 11:31:46,962 [grpc-default-executor-1] INFO  client.GrpcClientProtocolClient (GrpcClientProtocolClient.java:onNext(255)) - client-C9E345EC67ED->244f13ac-34be-4c4e-8e45-0c0272edbbb2: receive RaftClientReply:client-C9E345EC67ED->244f13ac-34be-4c4e-8e45-0c0272edbbb2@group-FE77C852EF02, cid=2838, SUCCESS, logIndex=4224, commits[244f13ac-34be-4c4e-8e45-0c0272edbbb2:c4224, 6287e41a-5356-4f55-84f2-270816d53e84:c4222, a2c18d3d-e79d-47c9-88fe-d8a1d195302b:c4222]
2019-08-23 11:31:46,968 | INFO  | DNAudit | user=null | ip=null | op=WRITE_CHUNK {blockData=conID: 2 locID: 102666070058992243 bcsId: 4224} | ret=SUCCESS |  
2019-08-23 11:31:46,969 | INFO  | DNAudit | user=null | ip=null | op=WRITE_CHUNK {blockData=conID: 2 locID: 102666070058992243 bcsId: 4224} | ret=SUCCESS |  
2019-08-23 11:31:46,970 | INFO  | DNAudit | user=null | ip=null | op=WRITE_CHUNK {blockData=conID: 2 locID: 102666070058992243 bcsId: 4224} | ret=SUCCESS |  
2019-08-23 11:31:46,973 | INFO  | DNAudit | user=null | ip=null | op=WRITE_CHUNK {blockData=conID: 2 locID: 102666070058992243 bcsId: 4218} | ret=SUCCESS |  
2019-08-23 11:31:46,973 | INFO  | DNAudit | user=null | ip=null | op=WRITE_CHUNK {blockData=conID: 2 locID: 102666070058992243 bcsId: 4218} | ret=SUCCESS |  
2019-08-23 11:31:46,976 | INFO  | DNAudit | user=null | ip=null | op=PUT_BLOCK {blockData=[blockId=conID: 2 locID: 102666070058992243 bcsId: 0,size=3145728]} | ret=SUCCESS |  
2019-08-23 11:31:46,976 | INFO  | DNAudit | user=null | ip=null | op=PUT_BLOCK {blockData=[blockId=conID: 2 locID: 102666070058992243 bcsId: 0,size=3145728]} | ret=SUCCESS |  
2019-08-23 11:31:46,976 | INFO  | DNAudit | user=null | ip=null | op=WRITE_CHUNK {blockData=conID: 2 locID: 102666070058992243 bcsId: 4224} | ret=SUCCESS |  
2019-08-23 11:31:46,977 | INFO  | DNAudit | user=null | ip=null | op=PUT_BLOCK {blockData=[blockId=conID: 2 locID: 102666070058992243 bcsId: 0,size=4194304]} | ret=SUCCESS |  
2019-08-23 11:31:46,977 [grpc-default-executor-1] INFO  client.GrpcClientProtocolClient (GrpcClientProtocolClient.java:onNext(255)) - client-C9E345EC67ED->244f13ac-34be-4c4e-8e45-0c0272edbbb2: receive RaftClientReply:client-C9E345EC67ED->244f13ac-34be-4c4e-8e45-0c0272edbbb2@group-FE77C852EF02, cid=2839, SUCCESS, logIndex=4227, commits[244f13ac-34be-4c4e-8e45-0c0272edbbb2:c4228, 6287e41a-5356-4f55-84f2-270816d53e84:c4224, a2c18d3d-e79d-47c9-88fe-d8a1d195302b:c4224]
2019-08-23 11:31:46,977 [grpc-default-executor-1] INFO  client.GrpcClientProtocolClient (GrpcClientProtocolClient.java:onNext(255)) - client-C9E345EC67ED->244f13ac-34be-4c4e-8e45-0c0272edbbb2: receive RaftClientReply:client-C9E345EC67ED->244f13ac-34be-4c4e-8e45-0c0272edbbb2@group-FE77C852EF02, cid=2840, SUCCESS, logIndex=4228, commits[244f13ac-34be-4c4e-8e45-0c0272edbbb2:c4228, 6287e41a-5356-4f55-84f2-270816d53e84:c4224, a2c18d3d-e79d-47c9-88fe-d8a1d195302b:c4224]
2019-08-23 11:31:46,987 | INFO  | DNAudit | user=null | ip=null | op=WRITE_CHUNK {blockData=conID: 2 locID: 102666070058992243 bcsId: 4224} | ret=SUCCESS |  
2019-08-23 11:31:46,987 | INFO  | DNAudit | user=null | ip=null | op=WRITE_CHUNK {blockData=conID: 2 locID: 102666070058992243 bcsId: 4224} | ret=SUCCESS |  
2019-08-23 11:31:46,990 | INFO  | DNAudit | user=null | ip=null | op=PUT_BLOCK {blockData=[blockId=conID: 2 locID: 102666070058992243 bcsId: 0,size=4194304]} | ret=SUCCESS |  
2019-08-23 11:31:46,990 | INFO  | DNAudit | user=null | ip=null | op=PUT_BLOCK {blockData=[blockId=conID: 2 locID: 102666070058992243 bcsId: 0,size=4194304]} | ret=SUCCESS |  
2019-08-23 11:31:46,991 [grpc-default-executor-0] INFO  client.GrpcClientProtocolClient (GrpcClientProtocolClient.java:onNext(255)) - client-C9E345EC67ED->244f13ac-34be-4c4e-8e45-0c0272edbbb2: receive RaftClientReply:client-C9E345EC67ED->244f13ac-34be-4c4e-8e45-0c0272edbbb2@group-FE77C852EF02, cid=2841, SUCCESS, logIndex=0, commits[244f13ac-34be-4c4e-8e45-0c0272edbbb2:c4230, 6287e41a-5356-4f55-84f2-270816d53e84:c4228, a2c18d3d-e79d-47c9-88fe-d8a1d195302b:c4228]
2019-08-23 11:31:46,995 | INFO  | SCMAudit | user=jenkins1000 | ip=192.168.5.185 | op=ALLOCATE_BLOCK {owner=00a23185-76ea-47b5-a641-ad3cfbe5521a, size=4194304, type=RATIS, factor=THREE} | ret=SUCCESS |  
2019-08-23 11:31:46,998 | INFO  | OMAudit | user=jenkins1000 | ip=127.0.0.1 | op=ALLOCATE_BLOCK {volume=vol-0-37508, bucket=bucket-0-50919, key=key-0-57313, dataSize=0, replicationType=null, replicationFactor=null, keyLocationInfo=null, clientID=102666068570931602} | ret=SUCCESS |  
2019-08-23 11:31:47,004 | INFO  | DNAudit | user=null | ip=null | op=WRITE_CHUNK {blockData=conID: 3 locID: 102666070064824948 bcsId: 0} | ret=SUCCESS |  
2019-08-23 11:31:47,006 | INFO  | DNAudit | user=null | ip=null | op=WRITE_CHUNK {blockData=conID: 3 locID: 102666070064824948 bcsId: 0} | ret=SUCCESS |  
2019-08-23 11:31:47,006 | INFO  | DNAudit | user=null | ip=null | op=WRITE_CHUNK {blockData=conID: 3 locID: 102666070064824948 bcsId: 0} | ret=SUCCESS |  
2019-08-23 11:31:47,006 | INFO  | DNAudit | user=null | ip=null | op=WRITE_CHUNK {blockData=conID: 3 locID: 102666070064824948 bcsId: 0} | ret=SUCCESS |  
2019-08-23 11:31:47,008 | INFO  | DNAudit | user=null | ip=null | op=WRITE_CHUNK {blockData=conID: 3 locID: 102666070064824948 bcsId: 0} | ret=SUCCESS |  
2019-08-23 11:31:47,008 | INFO  | DNAudit | user=null | ip=null | op=WRITE_CHUNK {blockData=conID: 3 locID: 102666070064824948 bcsId: 0} | ret=SUCCESS |  
2019-08-23 11:31:47,018 | INFO  | DNAudit | user=null | ip=null | op=WRITE_CHUNK {blockData=conID: 3 locID: 102666070064824948 bcsId: 0} | ret=SUCCESS |  
2019-08-23 11:31:47,018 | INFO  | DNAudit | user=null | ip=null | op=PUT_BLOCK {blockData=[blockId=conID: 3 locID: 102666070064824948 bcsId: 0,size=1048576]} | ret=SUCCESS |  
2019-08-23 11:31:47,019 [grpc-default-executor-0] INFO  client.GrpcClientProtocolClient (GrpcClientProtocolClient.java:onNext(255)) - client-C9E345EC67ED->244f13ac-34be-4c4e-8e45-0c0272edbbb2: receive RaftClientReply:client-C9E345EC67ED->244f13ac-34be-4c4e-8e45-0c0272edbbb2@group-FE77C852EF02, cid=2842, SUCCESS, logIndex=4231, commits[244f13ac-34be-4c4e-8e45-0c0272edbbb2:c4232, 6287e41a-5356-4f55-84f2-270816d53e84:c4230, a2c18d3d-e79d-47c9-88fe-d8a1d195302b:c4230]
2019-08-23 11:31:47,019 [grpc-default-executor-0] INFO  client.GrpcClientProtocolClient (GrpcClientProtocolClient.java:onNext(255)) - client-C9E345EC67ED->244f13ac-34be-4c4e-8e45-0c0272edbbb2: receive RaftClientReply:client-C9E345EC67ED->244f13ac-34be-4c4e-8e45-0c0272edbbb2@group-FE77C852EF02, cid=2843, SUCCESS, logIndex=4232, commits[244f13ac-34be-4c4e-8e45-0c0272edbbb2:c4232, 6287e41a-5356-4f55-84f2-270816d53e84:c4230, a2c18d3d-e79d-47c9-88fe-d8a1d195302b:c4230]
2019-08-23 11:31:47,031 | INFO  | DNAudit | user=null | ip=null | op=WRITE_CHUNK {blockData=conID: 3 locID: 102666070064824948 bcsId: 0} | ret=SUCCESS |  
2019-08-23 11:31:47,031 | INFO  | DNAudit | user=null | ip=null | op=PUT_BLOCK {blockData=[blockId=conID: 3 locID: 102666070064824948 bcsId: 0,size=2097152]} | ret=SUCCESS |  
2019-08-23 11:31:47,031 [grpc-default-executor-1] INFO  client.GrpcClientProtocolClient (GrpcClientProtocolClient.java:onNext(255)) - client-C9E345EC67ED->244f13ac-34be-4c4e-8e45-0c0272edbbb2: receive RaftClientReply:client-C9E345EC67ED->244f13ac-34be-4c4e-8e45-0c0272edbbb2@group-FE77C852EF02, cid=2844, SUCCESS, logIndex=4233, commits[244f13ac-34be-4c4e-8e45-0c0272edbbb2:c4234, 6287e41a-5356-4f55-84f2-270816d53e84:c4230, a2c18d3d-e79d-47c9-88fe-d8a1d195302b:c4230]
2019-08-23 11:31:47,032 [grpc-default-executor-1] INFO  client.GrpcClientProtocolClient (GrpcClientProtocolClient.java:onNext(255)) - client-C9E345EC67ED->244f13ac-34be-4c4e-8e45-0c0272edbbb2: receive RaftClientReply:client-C9E345EC67ED->244f13ac-34be-4c4e-8e45-0c0272edbbb2@group-FE77C852EF02, cid=2845, SUCCESS, logIndex=4234, commits[244f13ac-34be-4c4e-8e45-0c0272edbbb2:c4234, 6287e41a-5356-4f55-84f2-270816d53e84:c4230, a2c18d3d-e79d-47c9-88fe-d8a1d195302b:c4230]
2019-08-23 11:31:47,042 | INFO  | DNAudit | user=null | ip=null | op=WRITE_CHUNK {blockData=conID: 3 locID: 102666070064824948 bcsId: 0} | ret=SUCCESS |  
2019-08-23 11:31:47,042 | INFO  | DNAudit | user=null | ip=null | op=WRITE_CHUNK {blockData=conID: 3 locID: 102666070064824948 bcsId: 0} | ret=SUCCESS |  
2019-08-23 11:31:47,042 | INFO  | DNAudit | user=null | ip=null | op=PUT_BLOCK {blockData=[blockId=conID: 3 locID: 102666070064824948 bcsId: 0,size=1048576]} | ret=SUCCESS |  
2019-08-23 11:31:47,042 | INFO  | DNAudit | user=null | ip=null | op=PUT_BLOCK {blockData=[blockId=conID: 3 locID: 102666070064824948 bcsId: 0,size=1048576]} | ret=SUCCESS |  
2019-08-23 11:31:47,042 [grpc-default-executor-1] INFO  client.GrpcClientProtocolClient (GrpcClientProtocolClient.java:onNext(255)) - client-C9E345EC67ED->244f13ac-34be-4c4e-8e45-0c0272edbbb2: receive RaftClientReply:client-C9E345EC67ED->244f13ac-34be-4c4e-8e45-0c0272edbbb2@group-FE77C852EF02, cid=2846, SUCCESS, logIndex=0, commits[244f13ac-34be-4c4e-8e45-0c0272edbbb2:c4235, 6287e41a-5356-4f55-84f2-270816d53e84:c4232, a2c18d3d-e79d-47c9-88fe-d8a1d195302b:c4232]
2019-08-23 11:31:47,044 | INFO  | DNAudit | user=null | ip=null | op=WRITE_CHUNK {blockData=conID: 3 locID: 102666070064824948 bcsId: 0} | ret=SUCCESS |  
2019-08-23 11:31:47,044 | INFO  | DNAudit | user=null | ip=null | op=WRITE_CHUNK {blockData=conID: 3 locID: 102666070064824948 bcsId: 0} | ret=SUCCESS |  
2019-08-23 11:31:47,045 | INFO  | DNAudit | user=null | ip=null | op=PUT_BLOCK {blockData=[blockId=conID: 3 locID: 102666070064824948 bcsId: 0,size=2097152]} | ret=SUCCESS |  
2019-08-23 11:31:47,045 | INFO  | DNAudit | user=null | ip=null | op=PUT_BLOCK {blockData=[blockId=conID: 3 locID: 102666070064824948 bcsId: 0,size=2097152]} | ret=SUCCESS |  
2019-08-23 11:31:47,047 | INFO  | DNAudit | user=null | ip=null | op=WRITE_CHUNK {blockData=conID: 3 locID: 102666070064824948 bcsId: 4234} | ret=SUCCESS |  
2019-08-23 11:31:47,050 | INFO  | DNAudit | user=null | ip=null | op=WRITE_CHUNK {blockData=conID: 3 locID: 102666070064824948 bcsId: 4234} | ret=SUCCESS |  
2019-08-23 11:31:47,050 | INFO  | DNAudit | user=null | ip=null | op=WRITE_CHUNK {blockData=conID: 3 locID: 102666070064824948 bcsId: 4234} | ret=SUCCESS |  
2019-08-23 11:31:47,060 | INFO  | DNAudit | user=null | ip=null | op=WRITE_CHUNK {blockData=conID: 3 locID: 102666070064824948 bcsId: 4234} | ret=SUCCESS |  
2019-08-23 11:31:47,060 | INFO  | DNAudit | user=null | ip=null | op=PUT_BLOCK {blockData=[blockId=conID: 3 locID: 102666070064824948 bcsId: 0,size=3145728]} | ret=SUCCESS |  
2019-08-23 11:31:47,060 [grpc-default-executor-1] INFO  client.GrpcClientProtocolClient (GrpcClientProtocolClient.java:onNext(255)) - client-C9E345EC67ED->244f13ac-34be-4c4e-8e45-0c0272edbbb2: receive RaftClientReply:client-C9E345EC67ED->244f13ac-34be-4c4e-8e45-0c0272edbbb2@group-FE77C852EF02, cid=2847, SUCCESS, logIndex=4239, commits[244f13ac-34be-4c4e-8e45-0c0272edbbb2:c4240, 6287e41a-5356-4f55-84f2-270816d53e84:c4238, a2c18d3d-e79d-47c9-88fe-d8a1d195302b:c4238]
2019-08-23 11:31:47,061 [grpc-default-executor-1] INFO  client.GrpcClientProtocolClient (GrpcClientProtocolClient.java:onNext(255)) - client-C9E345EC67ED->244f13ac-34be-4c4e-8e45-0c0272edbbb2: receive RaftClientReply:client-C9E345EC67ED->244f13ac-34be-4c4e-8e45-0c0272edbbb2@group-FE77C852EF02, cid=2848, SUCCESS, logIndex=4240, commits[244f13ac-34be-4c4e-8e45-0c0272edbbb2:c4240, 6287e41a-5356-4f55-84f2-270816d53e84:c4238, a2c18d3d-e79d-47c9-88fe-d8a1d195302b:c4238]
2019-08-23 11:31:47,066 | INFO  | DNAudit | user=null | ip=null | op=WRITE_CHUNK {blockData=conID: 3 locID: 102666070064824948 bcsId: 4240} | ret=SUCCESS |  
2019-08-23 11:31:47,068 | INFO  | DNAudit | user=null | ip=null | op=WRITE_CHUNK {blockData=conID: 3 locID: 102666070064824948 bcsId: 4240} | ret=SUCCESS |  
2019-08-23 11:31:47,068 | INFO  | DNAudit | user=null | ip=null | op=WRITE_CHUNK {blockData=conID: 3 locID: 102666070064824948 bcsId: 4240} | ret=SUCCESS |  
2019-08-23 11:31:47,073 | INFO  | DNAudit | user=null | ip=null | op=WRITE_CHUNK {blockData=conID: 3 locID: 102666070064824948 bcsId: 4234} | ret=SUCCESS |  
2019-08-23 11:31:47,073 | INFO  | DNAudit | user=null | ip=null | op=WRITE_CHUNK {blockData=conID: 3 locID: 102666070064824948 bcsId: 4234} | ret=SUCCESS |  
2019-08-23 11:31:47,084 | INFO  | DNAudit | user=null | ip=null | op=PUT_BLOCK {blockData=[blockId=conID: 3 locID: 102666070064824948 bcsId: 0,size=3145728]} | ret=SUCCESS |  
2019-08-23 11:31:47,084 | INFO  | DNAudit | user=null | ip=null | op=PUT_BLOCK {blockData=[blockId=conID: 3 locID: 102666070064824948 bcsId: 0,size=3145728]} | ret=SUCCESS |  
2019-08-23 11:31:47,084 | INFO  | DNAudit | user=null | ip=null | op=WRITE_CHUNK {blockData=conID: 3 locID: 102666070064824948 bcsId: 4240} | ret=SUCCESS |  
2019-08-23 11:31:47,085 | INFO  | DNAudit | user=null | ip=null | op=PUT_BLOCK {blockData=[blockId=conID: 3 locID: 102666070064824948 bcsId: 0,size=4194304]} | ret=SUCCESS |  
2019-08-23 11:31:47,085 | INFO  | SCMAudit | user=jenkins1000 | ip=192.168.5.185 | op=SEND_HEARTBEAT {datanodeUUID=b2c34899-c5c3-4720-9d95-984efeabf4a7, command=[]} | ret=SUCCESS |  
2019-08-23 11:31:47,085 [grpc-default-executor-2] INFO  client.GrpcClientProtocolClient (GrpcClientProtocolClient.java:onNext(255)) - client-C9E345EC67ED->244f13ac-34be-4c4e-8e45-0c0272edbbb2: receive RaftClientReply:client-C9E345EC67ED->244f13ac-34be-4c4e-8e45-0c0272edbbb2@group-FE77C852EF02, cid=2849, SUCCESS, logIndex=4243, commits[244f13ac-34be-4c4e-8e45-0c0272edbbb2:c4244, 6287e41a-5356-4f55-84f2-270816d53e84:c4240, a2c18d3d-e79d-47c9-88fe-d8a1d195302b:c4240]
2019-08-23 11:31:47,085 [grpc-default-executor-2] INFO  client.GrpcClientProtocolClient (GrpcClientProtocolClient.java:onNext(255)) - client-C9E345EC67ED->244f13ac-34be-4c4e-8e45-0c0272edbbb2: receive RaftClientReply:client-C9E345EC67ED->244f13ac-34be-4c4e-8e45-0c0272edbbb2@group-FE77C852EF02, cid=2850, SUCCESS, logIndex=4244, commits[244f13ac-34be-4c4e-8e45-0c0272edbbb2:c4244, 6287e41a-5356-4f55-84f2-270816d53e84:c4240, a2c18d3d-e79d-47c9-88fe-d8a1d195302b:c4240]
2019-08-23 11:31:47,085 | INFO  | SCMAudit | user=jenkins1000 | ip=192.168.5.185 | op=SEND_HEARTBEAT {datanodeUUID=6287e41a-5356-4f55-84f2-270816d53e84, command=[]} | ret=SUCCESS |  
2019-08-23 11:31:47,085 | INFO  | SCMAudit | user=jenkins1000 | ip=192.168.5.185 | op=SEND_HEARTBEAT {datanodeUUID=0d166765-8492-4439-8677-f737a7bc54ca, command=[]} | ret=SUCCESS |  
2019-08-23 11:31:47,086 | INFO  | SCMAudit | user=jenkins1000 | ip=192.168.5.185 | op=SEND_HEARTBEAT {datanodeUUID=244f13ac-34be-4c4e-8e45-0c0272edbbb2, command=[]} | ret=SUCCESS |  
2019-08-23 11:31:47,086 | INFO  | SCMAudit | user=jenkins1000 | ip=192.168.5.185 | op=SEND_HEARTBEAT {datanodeUUID=a2c18d3d-e79d-47c9-88fe-d8a1d195302b, command=[]} | ret=SUCCESS |  
 0.00% |█                                                                                                    |  0/1 Time: 0:00:222019-08-23 11:31:47,096 | INFO  | DNAudit | user=null | ip=null | op=WRITE_CHUNK {blockData=conID: 3 locID: 102666070064824948 bcsId: 4240} | ret=SUCCESS |  
2019-08-23 11:31:47,096 | INFO  | DNAudit | user=null | ip=null | op=WRITE_CHUNK {blockData=conID: 3 locID: 102666070064824948 bcsId: 4240} | ret=SUCCESS |  
2019-08-23 11:31:47,264 | INFO  | DNAudit | user=null | ip=null | op=PUT_BLOCK {blockData=[blockId=conID: 3 locID: 102666070064824948 bcsId: 0,size=4194304]} | ret=SUCCESS |  
2019-08-23 11:31:47,264 | INFO  | DNAudit | user=null | ip=null | op=PUT_BLOCK {blockData=[blockId=conID: 3 locID: 102666070064824948 bcsId: 0,size=4194304]} | ret=SUCCESS |  
2019-08-23 11:31:47,265 [grpc-default-executor-2] INFO  client.GrpcClientProtocolClient (GrpcClientProtocolClient.java:onNext(255)) - client-C9E345EC67ED->244f13ac-34be-4c4e-8e45-0c0272edbbb2: receive RaftClientReply:client-C9E345EC67ED->244f13ac-34be-4c4e-8e45-0c0272edbbb2@group-FE77C852EF02, cid=2851, SUCCESS, logIndex=0, commits[244f13ac-34be-4c4e-8e45-0c0272edbbb2:c4245, 6287e41a-5356-4f55-84f2-270816d53e84:c4244, a2c18d3d-e79d-47c9-88fe-d8a1d195302b:c4244]
2019-08-23 11:31:47,271 | INFO  | SCMAudit | user=jenkins1000 | ip=192.168.5.185 | op=ALLOCATE_BLOCK {owner=00a23185-76ea-47b5-a641-ad3cfbe5521a, size=4194304, type=RATIS, factor=THREE} | ret=SUCCESS |  
2019-08-23 11:31:47,274 | INFO  | OMAudit | user=jenkins1000 | ip=127.0.0.1 | op=ALLOCATE_BLOCK {volume=vol-0-37508, bucket=bucket-0-50919, key=key-0-57313, dataSize=0, replicationType=null, replicationFactor=null, keyLocationInfo=null, clientID=102666068570931602} | ret=SUCCESS |  
2019-08-23 11:31:47,281 | INFO  | DNAudit | user=null | ip=null | op=WRITE_CHUNK {blockData=conID: 1 locID: 102666070082912885 bcsId: 0} | ret=SUCCESS |  
2019-08-23 11:31:47,287 | INFO  | DNAudit | user=null | ip=null | op=WRITE_CHUNK {blockData=conID: 1 locID: 102666070082912885 bcsId: 0} | ret=SUCCESS |  
2019-08-23 11:31:47,287 | INFO  | DNAudit | user=null | ip=null | op=WRITE_CHUNK {blockData=conID: 1 locID: 102666070082912885 bcsId: 0} | ret=SUCCESS |  
2019-08-23 11:31:47,287 | INFO  | DNAudit | user=null | ip=null | op=WRITE_CHUNK {blockData=conID: 1 locID: 102666070082912885 bcsId: 0} | ret=SUCCESS |  
2019-08-23 11:31:47,287 | INFO  | DNAudit | user=null | ip=null | op=WRITE_CHUNK {blockData=conID: 1 locID: 102666070082912885 bcsId: 0} | ret=SUCCESS |  
2019-08-23 11:31:47,287 | INFO  | DNAudit | user=null | ip=null | op=WRITE_CHUNK {blockData=conID: 1 locID: 102666070082912885 bcsId: 0} | ret=SUCCESS |  
2019-08-23 11:31:47,297 | INFO  | DNAudit | user=null | ip=null | op=WRITE_CHUNK {blockData=conID: 1 locID: 102666070082912885 bcsId: 0} | ret=SUCCESS |  
2019-08-23 11:31:47,297 | INFO  | DNAudit | user=null | ip=null | op=PUT_BLOCK {blockData=[blockId=conID: 1 locID: 102666070082912885 bcsId: 0,size=1048576]} | ret=SUCCESS |  
2019-08-23 11:31:47,298 | INFO  | DNAudit | user=null | ip=null | op=WRITE_CHUNK {blockData=conID: 1 locID: 102666070082912885 bcsId: 0} | ret=SUCCESS |  
2019-08-23 11:31:47,298 | INFO  | DNAudit | user=null | ip=null | op=PUT_BLOCK {blockData=[blockId=conID: 1 locID: 102666070082912885 bcsId: 0,size=2097152]} | ret=SUCCESS |  
2019-08-23 11:31:47,298 | INFO  | DNAudit | user=null | ip=null | op=WRITE_CHUNK {blockData=conID: 1 locID: 102666070082912885 bcsId: 0} | ret=SUCCESS |  
2019-08-23 11:31:47,298 | INFO  | DNAudit | user=null | ip=null | op=WRITE_CHUNK {blockData=conID: 1 locID: 102666070082912885 bcsId: 0} | ret=SUCCESS |  
2019-08-23 11:31:47,298 | INFO  | DNAudit | user=null | ip=null | op=PUT_BLOCK {blockData=[blockId=conID: 1 locID: 102666070082912885 bcsId: 0,size=1048576]} | ret=SUCCESS |  
2019-08-23 11:31:47,298 | INFO  | DNAudit | user=null | ip=null | op=PUT_BLOCK {blockData=[blockId=conID: 1 locID: 102666070082912885 bcsId: 0,size=1048576]} | ret=SUCCESS |  
2019-08-23 11:31:47,298 [grpc-default-executor-0] INFO  client.GrpcClientProtocolClient (GrpcClientProtocolClient.java:onNext(255)) - client-C9E345EC67ED->244f13ac-34be-4c4e-8e45-0c0272edbbb2: receive RaftClientReply:client-C9E345EC67ED->244f13ac-34be-4c4e-8e45-0c0272edbbb2@group-FE77C852EF02, cid=2852, SUCCESS, logIndex=4247, commits[244f13ac-34be-4c4e-8e45-0c0272edbbb2:c4249, 6287e41a-5356-4f55-84f2-270816d53e84:c4246, a2c18d3d-e79d-47c9-88fe-d8a1d195302b:c4246]
2019-08-23 11:31:47,298 [grpc-default-executor-0] INFO  client.GrpcClientProtocolClient (GrpcClientProtocolClient.java:onNext(255)) - client-C9E345EC67ED->244f13ac-34be-4c4e-8e45-0c0272edbbb2: receive RaftClientReply:client-C9E345EC67ED->244f13ac-34be-4c4e-8e45-0c0272edbbb2@group-FE77C852EF02, cid=2853, SUCCESS, logIndex=4248, commits[244f13ac-34be-4c4e-8e45-0c0272edbbb2:c4249, 6287e41a-5356-4f55-84f2-270816d53e84:c4246, a2c18d3d-e79d-47c9-88fe-d8a1d195302b:c4246]
2019-08-23 11:31:47,299 [grpc-default-executor-0] INFO  client.GrpcClientProtocolClient (GrpcClientProtocolClient.java:onNext(255)) - client-C9E345EC67ED->244f13ac-34be-4c4e-8e45-0c0272edbbb2: receive RaftClientReply:client-C9E345EC67ED->244f13ac-34be-4c4e-8e45-0c0272edbbb2@group-FE77C852EF02, cid=2854, SUCCESS, logIndex=4249, commits[244f13ac-34be-4c4e-8e45-0c0272edbbb2:c4250, 6287e41a-5356-4f55-84f2-270816d53e84:c4246, a2c18d3d-e79d-47c9-88fe-d8a1d195302b:c4246]
2019-08-23 11:31:47,299 [grpc-default-executor-0] INFO  client.GrpcClientProtocolClient (GrpcClientProtocolClient.java:onNext(255)) - client-C9E345EC67ED->244f13ac-34be-4c4e-8e45-0c0272edbbb2: receive RaftClientReply:client-C9E345EC67ED->244f13ac-34be-4c4e-8e45-0c0272edbbb2@group-FE77C852EF02, cid=2855, SUCCESS, logIndex=4250, commits[244f13ac-34be-4c4e-8e45-0c0272edbbb2:c4250, 6287e41a-5356-4f55-84f2-270816d53e84:c4246, a2c18d3d-e79d-47c9-88fe-d8a1d195302b:c4246]
2019-08-23 11:31:47,300 [grpc-default-executor-0] INFO  client.GrpcClientProtocolClient (GrpcClientProtocolClient.java:onNext(255)) - client-C9E345EC67ED->244f13ac-34be-4c4e-8e45-0c0272edbbb2: receive RaftClientReply:client-C9E345EC67ED->244f13ac-34be-4c4e-8e45-0c0272edbbb2@group-FE77C852EF02, cid=2856, SUCCESS, logIndex=0, commits[244f13ac-34be-4c4e-8e45-0c0272edbbb2:c4251, 6287e41a-5356-4f55-84f2-270816d53e84:c4248, a2c18d3d-e79d-47c9-88fe-d8a1d195302b:c4248]
2019-08-23 11:31:47,305 | INFO  | DNAudit | user=null | ip=null | op=WRITE_CHUNK {blockData=conID: 1 locID: 102666070082912885 bcsId: 4250} | ret=SUCCESS |  
2019-08-23 11:31:47,307 | INFO  | DNAudit | user=null | ip=null | op=WRITE_CHUNK {blockData=conID: 1 locID: 102666070082912885 bcsId: 0} | ret=SUCCESS |  
2019-08-23 11:31:47,308 | INFO  | DNAudit | user=null | ip=null | op=WRITE_CHUNK {blockData=conID: 1 locID: 102666070082912885 bcsId: 4250} | ret=SUCCESS |  
2019-08-23 11:31:47,308 | INFO  | DNAudit | user=null | ip=null | op=WRITE_CHUNK {blockData=conID: 1 locID: 102666070082912885 bcsId: 4250} | ret=SUCCESS |  
2019-08-23 11:31:47,319 | INFO  | DNAudit | user=null | ip=null | op=PUT_BLOCK {blockData=[blockId=conID: 1 locID: 102666070082912885 bcsId: 0,size=2097152]} | ret=SUCCESS |  
2019-08-23 11:31:47,319 | INFO  | DNAudit | user=null | ip=null | op=WRITE_CHUNK {blockData=conID: 1 locID: 102666070082912885 bcsId: 0} | ret=SUCCESS |  
2019-08-23 11:31:47,319 | INFO  | DNAudit | user=null | ip=null | op=WRITE_CHUNK {blockData=conID: 1 locID: 102666070082912885 bcsId: 4250} | ret=SUCCESS |  
2019-08-23 11:31:47,319 | INFO  | DNAudit | user=null | ip=null | op=PUT_BLOCK {blockData=[blockId=conID: 1 locID: 102666070082912885 bcsId: 0,size=2097152]} | ret=SUCCESS |  
2019-08-23 11:31:47,320 | INFO  | DNAudit | user=null | ip=null | op=PUT_BLOCK {blockData=[blockId=conID: 1 locID: 102666070082912885 bcsId: 0,size=3145728]} | ret=SUCCESS |  
2019-08-23 11:31:47,320 [grpc-default-executor-1] INFO  client.GrpcClientProtocolClient (GrpcClientProtocolClient.java:onNext(255)) - client-C9E345EC67ED->244f13ac-34be-4c4e-8e45-0c0272edbbb2: receive RaftClientReply:client-C9E345EC67ED->244f13ac-34be-4c4e-8e45-0c0272edbbb2@group-FE77C852EF02, cid=2857, SUCCESS, logIndex=4255, commits[244f13ac-34be-4c4e-8e45-0c0272edbbb2:c4256, 6287e41a-5356-4f55-84f2-270816d53e84:c4251, a2c18d3d-e79d-47c9-88fe-d8a1d195302b:c4250]
2019-08-23 11:31:47,320 | INFO  | DNAudit | user=null | ip=null | op=WRITE_CHUNK {blockData=conID: 1 locID: 102666070082912885 bcsId: 4250} | ret=SUCCESS |  
2019-08-23 11:31:47,320 [grpc-default-executor-1] INFO  client.GrpcClientProtocolClient (GrpcClientProtocolClient.java:onNext(255)) - client-C9E345EC67ED->244f13ac-34be-4c4e-8e45-0c0272edbbb2: receive RaftClientReply:client-C9E345EC67ED->244f13ac-34be-4c4e-8e45-0c0272edbbb2@group-FE77C852EF02, cid=2858, SUCCESS, logIndex=4256, commits[244f13ac-34be-4c4e-8e45-0c0272edbbb2:c4256, 6287e41a-5356-4f55-84f2-270816d53e84:c4251, a2c18d3d-e79d-47c9-88fe-d8a1d195302b:c4250]
2019-08-23 11:31:47,334 | INFO  | DNAudit | user=null | ip=null | op=PUT_BLOCK {blockData=[blockId=conID: 1 locID: 102666070082912885 bcsId: 0,size=3145728]} | ret=SUCCESS |  
2019-08-23 11:31:47,334 | INFO  | DNAudit | user=null | ip=null | op=WRITE_CHUNK {blockData=conID: 1 locID: 102666070082912885 bcsId: 4250} | ret=SUCCESS |  
2019-08-23 11:31:47,334 | INFO  | DNAudit | user=null | ip=null | op=PUT_BLOCK {blockData=[blockId=conID: 1 locID: 102666070082912885 bcsId: 0,size=3145728]} | ret=SUCCESS |  
2019-08-23 11:31:47,335 | INFO  | DNAudit | user=null | ip=null | op=WRITE_CHUNK {blockData=conID: 1 locID: 102666070082912885 bcsId: 4256} | ret=SUCCESS |  
2019-08-23 11:31:47,335 | INFO  | DNAudit | user=null | ip=null | op=WRITE_CHUNK {blockData=conID: 1 locID: 102666070082912885 bcsId: 4256} | ret=SUCCESS |  
2019-08-23 11:31:47,335 | INFO  | DNAudit | user=null | ip=null | op=WRITE_CHUNK {blockData=conID: 1 locID: 102666070082912885 bcsId: 4256} | ret=SUCCESS |  
2019-08-23 11:31:47,347 | INFO  | DNAudit | user=null | ip=null | op=WRITE_CHUNK {blockData=conID: 1 locID: 102666070082912885 bcsId: 4256} | ret=SUCCESS |  
2019-08-23 11:31:47,348 | INFO  | DNAudit | user=null | ip=null | op=PUT_BLOCK {blockData=[blockId=conID: 1 locID: 102666070082912885 bcsId: 0,size=4194304]} | ret=SUCCESS |  
2019-08-23 11:31:47,348 [grpc-default-executor-0] INFO  client.GrpcClientProtocolClient (GrpcClientProtocolClient.java:onNext(255)) - client-C9E345EC67ED->244f13ac-34be-4c4e-8e45-0c0272edbbb2: receive RaftClientReply:client-C9E345EC67ED->244f13ac-34be-4c4e-8e45-0c0272edbbb2@group-FE77C852EF02, cid=2859, SUCCESS, logIndex=4259, commits[244f13ac-34be-4c4e-8e45-0c0272edbbb2:c4260, 6287e41a-5356-4f55-84f2-270816d53e84:c4258, a2c18d3d-e79d-47c9-88fe-d8a1d195302b:c4258]
2019-08-23 11:31:47,348 [grpc-default-executor-0] INFO  client.GrpcClientProtocolClient (GrpcClientProtocolClient.java:onNext(255)) - client-C9E345EC67ED->244f13ac-34be-4c4e-8e45-0c0272edbbb2: receive RaftClientReply:client-C9E345EC67ED->244f13ac-34be-4c4e-8e45-0c0272edbbb2@group-FE77C852EF02, cid=2860, SUCCESS, logIndex=4260, commits[244f13ac-34be-4c4e-8e45-0c0272edbbb2:c4260, 6287e41a-5356-4f55-84f2-270816d53e84:c4258, a2c18d3d-e79d-47c9-88fe-d8a1d195302b:c4258]
2019-08-23 11:31:47,348 | INFO  | DNAudit | user=null | ip=null | op=WRITE_CHUNK {blockData=conID: 1 locID: 102666070082912885 bcsId: 4256} | ret=SUCCESS |  
2019-08-23 11:31:47,348 | INFO  | DNAudit | user=null | ip=null | op=PUT_BLOCK {blockData=[blockId=conID: 1 locID: 102666070082912885 bcsId: 0,size=4194304]} | ret=SUCCESS |  
2019-08-23 11:31:47,348 | INFO  | DNAudit | user=null | ip=null | op=WRITE_CHUNK {blockData=conID: 1 locID: 102666070082912885 bcsId: 4256} | ret=SUCCESS |  
2019-08-23 11:31:47,349 | INFO  | DNAudit | user=null | ip=null | op=PUT_BLOCK {blockData=[blockId=conID: 1 locID: 102666070082912885 bcsId: 0,size=4194304]} | ret=SUCCESS |  
2019-08-23 11:31:47,349 [grpc-default-executor-0] INFO  client.GrpcClientProtocolClient (GrpcClientProtocolClient.java:onNext(255)) - client-C9E345EC67ED->244f13ac-34be-4c4e-8e45-0c0272edbbb2: receive RaftClientReply:client-C9E345EC67ED->244f13ac-34be-4c4e-8e45-0c0272edbbb2@group-FE77C852EF02, cid=2861, SUCCESS, logIndex=0, commits[244f13ac-34be-4c4e-8e45-0c0272edbbb2:c4261, 6287e41a-5356-4f55-84f2-270816d53e84:c4260, a2c18d3d-e79d-47c9-88fe-d8a1d195302b:c4260]
2019-08-23 11:31:47,355 | INFO  | SCMAudit | user=jenkins1000 | ip=192.168.5.185 | op=ALLOCATE_BLOCK {owner=00a23185-76ea-47b5-a641-ad3cfbe5521a, size=4194304, type=RATIS, factor=THREE} | ret=SUCCESS |  
2019-08-23 11:31:47,358 | INFO  | OMAudit | user=jenkins1000 | ip=127.0.0.1 | op=ALLOCATE_BLOCK {volume=vol-0-37508, bucket=bucket-0-50919, key=key-0-57313, dataSize=0, replicationType=null, replicationFactor=null, keyLocationInfo=null, clientID=102666068570931602} | ret=SUCCESS |  
2019-08-23 11:31:47,364 | INFO  | DNAudit | user=null | ip=null | op=WRITE_CHUNK {blockData=conID: 2 locID: 102666070088352374 bcsId: 0} | ret=SUCCESS |  
2019-08-23 11:31:47,366 | INFO  | DNAudit | user=null | ip=null | op=WRITE_CHUNK {blockData=conID: 2 locID: 102666070088352374 bcsId: 0} | ret=SUCCESS |  
2019-08-23 11:31:47,366 | INFO  | DNAudit | user=null | ip=null | op=WRITE_CHUNK {blockData=conID: 2 locID: 102666070088352374 bcsId: 0} | ret=SUCCESS |  
2019-08-23 11:31:47,367 | INFO  | DNAudit | user=null | ip=null | op=WRITE_CHUNK {blockData=conID: 2 locID: 102666070088352374 bcsId: 0} | ret=SUCCESS |  
2019-08-23 11:31:47,368 | INFO  | DNAudit | user=null | ip=null | op=WRITE_CHUNK {blockData=conID: 2 locID: 102666070088352374 bcsId: 0} | ret=SUCCESS |  
2019-08-23 11:31:47,368 | INFO  | DNAudit | user=null | ip=null | op=WRITE_CHUNK {blockData=conID: 2 locID: 102666070088352374 bcsId: 0} | ret=SUCCESS |  
2019-08-23 11:31:47,377 | INFO  | DNAudit | user=null | ip=null | op=WRITE_CHUNK {blockData=conID: 2 locID: 102666070088352374 bcsId: 0} | ret=SUCCESS |  
2019-08-23 11:31:47,378 | INFO  | DNAudit | user=null | ip=null | op=PUT_BLOCK {blockData=[blockId=conID: 2 locID: 102666070088352374 bcsId: 0,size=1048576]} | ret=SUCCESS |  
2019-08-23 11:31:47,378 [grpc-default-executor-2] INFO  client.GrpcClientProtocolClient (GrpcClientProtocolClient.java:onNext(255)) - client-C9E345EC67ED->244f13ac-34be-4c4e-8e45-0c0272edbbb2: receive RaftClientReply:client-C9E345EC67ED->244f13ac-34be-4c4e-8e45-0c0272edbbb2@group-FE77C852EF02, cid=2862, SUCCESS, logIndex=4262, commits[244f13ac-34be-4c4e-8e45-0c0272edbbb2:c4263, 6287e41a-5356-4f55-84f2-270816d53e84:c4261, a2c18d3d-e79d-47c9-88fe-d8a1d195302b:c4261]
2019-08-23 11:31:47,378 | INFO  | DNAudit | user=null | ip=null | op=WRITE_CHUNK {blockData=conID: 2 locID: 102666070088352374 bcsId: 0} | ret=SUCCESS |  
2019-08-23 11:31:47,378 [grpc-default-executor-1] INFO  client.GrpcClientProtocolClient (GrpcClientProtocolClient.java:onNext(255)) - client-C9E345EC67ED->244f13ac-34be-4c4e-8e45-0c0272edbbb2: receive RaftClientReply:client-C9E345EC67ED->244f13ac-34be-4c4e-8e45-0c0272edbbb2@group-FE77C852EF02, cid=2863, SUCCESS, logIndex=4263, commits[244f13ac-34be-4c4e-8e45-0c0272edbbb2:c4263, 6287e41a-5356-4f55-84f2-270816d53e84:c4261, a2c18d3d-e79d-47c9-88fe-d8a1d195302b:c4261]
2019-08-23 11:31:47,379 | INFO  | DNAudit | user=null | ip=null | op=PUT_BLOCK {blockData=[blockId=conID: 2 locID: 102666070088352374 bcsId: 0,size=2097152]} | ret=SUCCESS |  
2019-08-23 11:31:47,379 [grpc-default-executor-1] INFO  client.GrpcClientProtocolClient (GrpcClientProtocolClient.java:onNext(255)) - client-C9E345EC67ED->244f13ac-34be-4c4e-8e45-0c0272edbbb2: receive RaftClientReply:client-C9E345EC67ED->244f13ac-34be-4c4e-8e45-0c0272edbbb2@group-FE77C852EF02, cid=2864, SUCCESS, logIndex=4264, commits[244f13ac-34be-4c4e-8e45-0c0272edbbb2:c4265, 6287e41a-5356-4f55-84f2-270816d53e84:c4261, a2c18d3d-e79d-47c9-88fe-d8a1d195302b:c4261]
2019-08-23 11:31:47,379 [grpc-default-executor-1] INFO  client.GrpcClientProtocolClient (GrpcClientProtocolClient.java:onNext(255)) - client-C9E345EC67ED->244f13ac-34be-4c4e-8e45-0c0272edbbb2: receive RaftClientReply:client-C9E345EC67ED->244f13ac-34be-4c4e-8e45-0c0272edbbb2@group-FE77C852EF02, cid=2865, SUCCESS, logIndex=4265, commits[244f13ac-34be-4c4e-8e45-0c0272edbbb2:c4265, 6287e41a-5356-4f55-84f2-270816d53e84:c4261, a2c18d3d-e79d-47c9-88fe-d8a1d195302b:c4261]
2019-08-23 11:31:47,380 | INFO  | DNAudit | user=null | ip=null | op=WRITE_CHUNK {blockData=conID: 2 locID: 102666070088352374 bcsId: 0} | ret=SUCCESS |  
2019-08-23 11:31:47,380 | INFO  | DNAudit | user=null | ip=null | op=WRITE_CHUNK {blockData=conID: 2 locID: 102666070088352374 bcsId: 0} | ret=SUCCESS |  
2019-08-23 11:31:47,380 | INFO  | DNAudit | user=null | ip=null | op=PUT_BLOCK {blockData=[blockId=conID: 2 locID: 102666070088352374 bcsId: 0,size=1048576]} | ret=SUCCESS |  
2019-08-23 11:31:47,380 | INFO  | DNAudit | user=null | ip=null | op=PUT_BLOCK {blockData=[blockId=conID: 2 locID: 102666070088352374 bcsId: 0,size=1048576]} | ret=SUCCESS |  
2019-08-23 11:31:47,380 [grpc-default-executor-1] INFO  client.GrpcClientProtocolClient (GrpcClientProtocolClient.java:onNext(255)) - client-C9E345EC67ED->244f13ac-34be-4c4e-8e45-0c0272edbbb2: receive RaftClientReply:client-C9E345EC67ED->244f13ac-34be-4c4e-8e45-0c0272edbbb2@group-FE77C852EF02, cid=2866, SUCCESS, logIndex=0, commits[244f13ac-34be-4c4e-8e45-0c0272edbbb2:c4267, 6287e41a-5356-4f55-84f2-270816d53e84:c4263, a2c18d3d-e79d-47c9-88fe-d8a1d195302b:c4263]
2019-08-23 11:31:47,386 | INFO  | DNAudit | user=null | ip=null | op=WRITE_CHUNK {blockData=conID: 2 locID: 102666070088352374 bcsId: 4265} | ret=SUCCESS |  
2019-08-23 11:31:47,387 | INFO  | DNAudit | user=null | ip=null | op=WRITE_CHUNK {blockData=conID: 2 locID: 102666070088352374 bcsId: 4265} | ret=SUCCESS |  
2019-08-23 11:31:47,387 | INFO  | DNAudit | user=null | ip=null | op=WRITE_CHUNK {blockData=conID: 2 locID: 102666070088352374 bcsId: 4265} | ret=SUCCESS |  
2019-08-23 11:31:47,391 | INFO  | DNAudit | user=null | ip=null | op=WRITE_CHUNK {blockData=conID: 2 locID: 102666070088352374 bcsId: 0} | ret=SUCCESS |  
2019-08-23 11:31:47,391 | INFO  | DNAudit | user=null | ip=null | op=WRITE_CHUNK {blockData=conID: 2 locID: 102666070088352374 bcsId: 0} | ret=SUCCESS |  
2019-08-23 11:31:47,391 | INFO  | DNAudit | user=null | ip=null | op=PUT_BLOCK {blockData=[blockId=conID: 2 locID: 102666070088352374 bcsId: 0,size=2097152]} | ret=SUCCESS |  
2019-08-23 11:31:47,391 | INFO  | DNAudit | user=null | ip=null | op=PUT_BLOCK {blockData=[blockId=conID: 2 locID: 102666070088352374 bcsId: 0,size=2097152]} | ret=SUCCESS |  
2019-08-23 11:31:47,393 | INFO  | DNAudit | user=null | ip=null | op=WRITE_CHUNK {blockData=conID: 2 locID: 102666070088352374 bcsId: 4265} | ret=SUCCESS |  
2019-08-23 11:31:47,393 | INFO  | DNAudit | user=null | ip=null | op=PUT_BLOCK {blockData=[blockId=conID: 2 locID: 102666070088352374 bcsId: 0,size=3145728]} | ret=SUCCESS |  
2019-08-23 11:31:47,393 [grpc-default-executor-1] INFO  client.GrpcClientProtocolClient (GrpcClientProtocolClient.java:onNext(255)) - client-C9E345EC67ED->244f13ac-34be-4c4e-8e45-0c0272edbbb2: receive RaftClientReply:client-C9E345EC67ED->244f13ac-34be-4c4e-8e45-0c0272edbbb2@group-FE77C852EF02, cid=2867, SUCCESS, logIndex=4270, commits[244f13ac-34be-4c4e-8e45-0c0272edbbb2:c4271, 6287e41a-5356-4f55-84f2-270816d53e84:c4267, a2c18d3d-e79d-47c9-88fe-d8a1d195302b:c4265]
2019-08-23 11:31:47,393 [grpc-default-executor-1] INFO  client.GrpcClientProtocolClient (GrpcClientProtocolClient.java:onNext(255)) - client-C9E345EC67ED->244f13ac-34be-4c4e-8e45-0c0272edbbb2: receive RaftClientReply:client-C9E345EC67ED->244f13ac-34be-4c4e-8e45-0c0272edbbb2@group-FE77C852EF02, cid=2868, SUCCESS, logIndex=4271, commits[244f13ac-34be-4c4e-8e45-0c0272edbbb2:c4271, 6287e41a-5356-4f55-84f2-270816d53e84:c4267, a2c18d3d-e79d-47c9-88fe-d8a1d195302b:c4267]
2019-08-23 11:31:47,394 | INFO  | DNAudit | user=null | ip=null | op=WRITE_CHUNK {blockData=conID: 2 locID: 102666070088352374 bcsId: 4265} | ret=SUCCESS |  
2019-08-23 11:31:47,394 | INFO  | DNAudit | user=null | ip=null | op=WRITE_CHUNK {blockData=conID: 2 locID: 102666070088352374 bcsId: 4265} | ret=SUCCESS |  
2019-08-23 11:31:47,394 | INFO  | DNAudit | user=null | ip=null | op=PUT_BLOCK {blockData=[blockId=conID: 2 locID: 102666070088352374 bcsId: 0,size=3145728]} | ret=SUCCESS |  
2019-08-23 11:31:47,394 | INFO  | DNAudit | user=null | ip=null | op=PUT_BLOCK {blockData=[blockId=conID: 2 locID: 102666070088352374 bcsId: 0,size=3145728]} | ret=SUCCESS |  
2019-08-23 11:31:47,399 | INFO  | DNAudit | user=null | ip=null | op=WRITE_CHUNK {blockData=conID: 2 locID: 102666070088352374 bcsId: 4271} | ret=SUCCESS |  
2019-08-23 11:31:47,400 | INFO  | DNAudit | user=null | ip=null | op=WRITE_CHUNK {blockData=conID: 2 locID: 102666070088352374 bcsId: 4271} | ret=SUCCESS |  
2019-08-23 11:31:47,400 | INFO  | DNAudit | user=null | ip=null | op=WRITE_CHUNK {blockData=conID: 2 locID: 102666070088352374 bcsId: 4271} | ret=SUCCESS |  
2019-08-23 11:31:47,412 | INFO  | DNAudit | user=null | ip=null | op=WRITE_CHUNK {blockData=conID: 2 locID: 102666070088352374 bcsId: 4271} | ret=SUCCESS |  
2019-08-23 11:31:47,412 | INFO  | DNAudit | user=null | ip=null | op=PUT_BLOCK {blockData=[blockId=conID: 2 locID: 102666070088352374 bcsId: 0,size=4194304]} | ret=SUCCESS |  
2019-08-23 11:31:47,412 [grpc-default-executor-1] INFO  client.GrpcClientProtocolClient (GrpcClientProtocolClient.java:onNext(255)) - client-C9E345EC67ED->244f13ac-34be-4c4e-8e45-0c0272edbbb2: receive RaftClientReply:client-C9E345EC67ED->244f13ac-34be-4c4e-8e45-0c0272edbbb2@group-FE77C852EF02, cid=2869, SUCCESS, logIndex=4273, commits[244f13ac-34be-4c4e-8e45-0c0272edbbb2:c4274, 6287e41a-5356-4f55-84f2-270816d53e84:c4272, a2c18d3d-e79d-47c9-88fe-d8a1d195302b:c4272]
2019-08-23 11:31:47,413 [grpc-default-executor-1] INFO  client.GrpcClientProtocolClient (GrpcClientProtocolClient.java:onNext(255)) - client-C9E345EC67ED->244f13ac-34be-4c4e-8e45-0c0272edbbb2: receive RaftClientReply:client-C9E345EC67ED->244f13ac-34be-4c4e-8e45-0c0272edbbb2@group-FE77C852EF02, cid=2870, SUCCESS, logIndex=4274, commits[244f13ac-34be-4c4e-8e45-0c0272edbbb2:c4274, 6287e41a-5356-4f55-84f2-270816d53e84:c4272, a2c18d3d-e79d-47c9-88fe-d8a1d195302b:c4272]
2019-08-23 11:31:47,423 | INFO  | DNAudit | user=null | ip=null | op=WRITE_CHUNK {blockData=conID: 2 locID: 102666070088352374 bcsId: 4271} | ret=SUCCESS |  
2019-08-23 11:31:47,423 | INFO  | DNAudit | user=null | ip=null | op=WRITE_CHUNK {blockData=conID: 2 locID: 102666070088352374 bcsId: 4271} | ret=SUCCESS |  
2019-08-23 11:31:47,424 | INFO  | DNAudit | user=null | ip=null | op=PUT_BLOCK {blockData=[blockId=conID: 2 locID: 102666070088352374 bcsId: 0,size=4194304]} | ret=SUCCESS |  
2019-08-23 11:31:47,426 | INFO  | DNAudit | user=null | ip=null | op=PUT_BLOCK {blockData=[blockId=conID: 2 locID: 102666070088352374 bcsId: 0,size=4194304]} | ret=SUCCESS |  
2019-08-23 11:31:47,427 [grpc-default-executor-1] INFO  client.GrpcClientProtocolClient (GrpcClientProtocolClient.java:onNext(255)) - client-C9E345EC67ED->244f13ac-34be-4c4e-8e45-0c0272edbbb2: receive RaftClientReply:client-C9E345EC67ED->244f13ac-34be-4c4e-8e45-0c0272edbbb2@group-FE77C852EF02, cid=2871, SUCCESS, logIndex=0, commits[244f13ac-34be-4c4e-8e45-0c0272edbbb2:c4276, 6287e41a-5356-4f55-84f2-270816d53e84:c4274, a2c18d3d-e79d-47c9-88fe-d8a1d195302b:c4274]
2019-08-23 11:31:47,431 | INFO  | SCMAudit | user=jenkins1000 | ip=192.168.5.185 | op=ALLOCATE_BLOCK {owner=00a23185-76ea-47b5-a641-ad3cfbe5521a, size=4194304, type=RATIS, factor=THREE} | ret=SUCCESS |  
2019-08-23 11:31:47,434 | INFO  | OMAudit | user=jenkins1000 | ip=127.0.0.1 | op=ALLOCATE_BLOCK {volume=vol-0-37508, bucket=bucket-0-50919, key=key-0-57313, dataSize=0, replicationType=null, replicationFactor=null, keyLocationInfo=null, clientID=102666068570931602} | ret=SUCCESS |  
2019-08-23 11:31:47,440 | INFO  | DNAudit | user=null | ip=null | op=WRITE_CHUNK {blockData=conID: 3 locID: 102666070093398647 bcsId: 0} | ret=SUCCESS |  
2019-08-23 11:31:47,442 | INFO  | DNAudit | user=null | ip=null | op=WRITE_CHUNK {blockData=conID: 3 locID: 102666070093398647 bcsId: 0} | ret=SUCCESS |  
2019-08-23 11:31:47,442 | INFO  | DNAudit | user=null | ip=null | op=WRITE_CHUNK {blockData=conID: 3 locID: 102666070093398647 bcsId: 0} | ret=SUCCESS |  
2019-08-23 11:31:47,442 | INFO  | DNAudit | user=null | ip=null | op=WRITE_CHUNK {blockData=conID: 3 locID: 102666070093398647 bcsId: 0} | ret=SUCCESS |  
2019-08-23 11:31:47,443 | INFO  | DNAudit | user=null | ip=null | op=WRITE_CHUNK {blockData=conID: 3 locID: 102666070093398647 bcsId: 0} | ret=SUCCESS |  
2019-08-23 11:31:47,443 | INFO  | DNAudit | user=null | ip=null | op=WRITE_CHUNK {blockData=conID: 3 locID: 102666070093398647 bcsId: 0} | ret=SUCCESS |  
2019-08-23 11:31:47,451 | INFO  | DNAudit | user=null | ip=null | op=WRITE_CHUNK {blockData=conID: 3 locID: 102666070093398647 bcsId: 0} | ret=SUCCESS |  
2019-08-23 11:31:47,452 | INFO  | DNAudit | user=null | ip=null | op=PUT_BLOCK {blockData=[blockId=conID: 3 locID: 102666070093398647 bcsId: 0,size=1048576]} | ret=SUCCESS |  
2019-08-23 11:31:47,452 [grpc-default-executor-4] INFO  client.GrpcClientProtocolClient (GrpcClientProtocolClient.java:onNext(255)) - client-C9E345EC67ED->244f13ac-34be-4c4e-8e45-0c0272edbbb2: receive RaftClientReply:client-C9E345EC67ED->244f13ac-34be-4c4e-8e45-0c0272edbbb2@group-FE77C852EF02, cid=2872, SUCCESS, logIndex=4277, commits[244f13ac-34be-4c4e-8e45-0c0272edbbb2:c4278, 6287e41a-5356-4f55-84f2-270816d53e84:c4276, a2c18d3d-e79d-47c9-88fe-d8a1d195302b:c4276]
2019-08-23 11:31:47,452 | INFO  | DNAudit | user=null | ip=null | op=WRITE_CHUNK {blockData=conID: 3 locID: 102666070093398647 bcsId: 0} | ret=SUCCESS |  
2019-08-23 11:31:47,452 [grpc-default-executor-0] INFO  client.GrpcClientProtocolClient (GrpcClientProtocolClient.java:onNext(255)) - client-C9E345EC67ED->244f13ac-34be-4c4e-8e45-0c0272edbbb2: receive RaftClientReply:client-C9E345EC67ED->244f13ac-34be-4c4e-8e45-0c0272edbbb2@group-FE77C852EF02, cid=2873, SUCCESS, logIndex=4278, commits[244f13ac-34be-4c4e-8e45-0c0272edbbb2:c4278, 6287e41a-5356-4f55-84f2-270816d53e84:c4276, a2c18d3d-e79d-47c9-88fe-d8a1d195302b:c4276]
2019-08-23 11:31:47,453 | INFO  | DNAudit | user=null | ip=null | op=PUT_BLOCK {blockData=[blockId=conID: 3 locID: 102666070093398647 bcsId: 0,size=2097152]} | ret=SUCCESS |  
2019-08-23 11:31:47,453 [grpc-default-executor-4] INFO  client.GrpcClientProtocolClient (GrpcClientProtocolClient.java:onNext(255)) - client-C9E345EC67ED->244f13ac-34be-4c4e-8e45-0c0272edbbb2: receive RaftClientReply:client-C9E345EC67ED->244f13ac-34be-4c4e-8e45-0c0272edbbb2@group-FE77C852EF02, cid=2874, SUCCESS, logIndex=4279, commits[244f13ac-34be-4c4e-8e45-0c0272edbbb2:c4279, 6287e41a-5356-4f55-84f2-270816d53e84:c4276, a2c18d3d-e79d-47c9-88fe-d8a1d195302b:c4276]
2019-08-23 11:31:47,453 [grpc-default-executor-4] INFO  client.GrpcClientProtocolClient (GrpcClientProtocolClient.java:onNext(255)) - client-C9E345EC67ED->244f13ac-34be-4c4e-8e45-0c0272edbbb2: receive RaftClientReply:client-C9E345EC67ED->244f13ac-34be-4c4e-8e45-0c0272edbbb2@group-FE77C852EF02, cid=2875, SUCCESS, logIndex=4280, commits[244f13ac-34be-4c4e-8e45-0c0272edbbb2:c4280, 6287e41a-5356-4f55-84f2-270816d53e84:c4276, a2c18d3d-e79d-47c9-88fe-d8a1d195302b:c4276]
2019-08-23 11:31:47,453 | INFO  | DNAudit | user=null | ip=null | op=WRITE_CHUNK {blockData=conID: 3 locID: 102666070093398647 bcsId: 0} | ret=SUCCESS |  
2019-08-23 11:31:47,453 | INFO  | DNAudit | user=null | ip=null | op=WRITE_CHUNK {blockData=conID: 3 locID: 102666070093398647 bcsId: 0} | ret=SUCCESS |  
2019-08-23 11:31:47,454 | INFO  | DNAudit | user=null | ip=null | op=PUT_BLOCK {blockData=[blockId=conID: 3 locID: 102666070093398647 bcsId: 0,size=1048576]} | ret=SUCCESS |  
2019-08-23 11:31:47,454 | INFO  | DNAudit | user=null | ip=null | op=PUT_BLOCK {blockData=[blockId=conID: 3 locID: 102666070093398647 bcsId: 0,size=1048576]} | ret=SUCCESS |  
2019-08-23 11:31:47,454 [grpc-default-executor-0] INFO  client.GrpcClientProtocolClient (GrpcClientProtocolClient.java:onNext(255)) - client-C9E345EC67ED->244f13ac-34be-4c4e-8e45-0c0272edbbb2: receive RaftClientReply:client-C9E345EC67ED->244f13ac-34be-4c4e-8e45-0c0272edbbb2@group-FE77C852EF02, cid=2876, SUCCESS, logIndex=0, commits[244f13ac-34be-4c4e-8e45-0c0272edbbb2:c4281, 6287e41a-5356-4f55-84f2-270816d53e84:c4278, a2c18d3d-e79d-47c9-88fe-d8a1d195302b:c4278]
2019-08-23 11:31:47,455 | INFO  | DNAudit | user=null | ip=null | op=WRITE_CHUNK {blockData=conID: 3 locID: 102666070093398647 bcsId: 0} | ret=SUCCESS |  
2019-08-23 11:31:47,455 | INFO  | DNAudit | user=null | ip=null | op=WRITE_CHUNK {blockData=conID: 3 locID: 102666070093398647 bcsId: 0} | ret=SUCCESS |  
2019-08-23 11:31:47,455 | INFO  | DNAudit | user=null | ip=null | op=PUT_BLOCK {blockData=[blockId=conID: 3 locID: 102666070093398647 bcsId: 0,size=2097152]} | ret=SUCCESS |  
2019-08-23 11:31:47,455 | INFO  | DNAudit | user=null | ip=null | op=PUT_BLOCK {blockData=[blockId=conID: 3 locID: 102666070093398647 bcsId: 0,size=2097152]} | ret=SUCCESS |  
2019-08-23 11:31:47,460 | INFO  | DNAudit | user=null | ip=null | op=WRITE_CHUNK {blockData=conID: 3 locID: 102666070093398647 bcsId: 4280} | ret=SUCCESS |  
2019-08-23 11:31:47,462 | INFO  | DNAudit | user=null | ip=null | op=WRITE_CHUNK {blockData=conID: 3 locID: 102666070093398647 bcsId: 4280} | ret=SUCCESS |  
2019-08-23 11:31:47,463 | INFO  | DNAudit | user=null | ip=null | op=WRITE_CHUNK {blockData=conID: 3 locID: 102666070093398647 bcsId: 4280} | ret=SUCCESS |  
2019-08-23 11:31:47,473 | INFO  | DNAudit | user=null | ip=null | op=WRITE_CHUNK {blockData=conID: 3 locID: 102666070093398647 bcsId: 4280} | ret=SUCCESS |  
2019-08-23 11:31:47,474 | INFO  | DNAudit | user=null | ip=null | op=PUT_BLOCK {blockData=[blockId=conID: 3 locID: 102666070093398647 bcsId: 0,size=3145728]} | ret=SUCCESS |  
2019-08-23 11:31:47,474 [grpc-default-executor-4] INFO  client.GrpcClientProtocolClient (GrpcClientProtocolClient.java:onNext(255)) - client-C9E345EC67ED->244f13ac-34be-4c4e-8e45-0c0272edbbb2: receive RaftClientReply:client-C9E345EC67ED->244f13ac-34be-4c4e-8e45-0c0272edbbb2@group-FE77C852EF02, cid=2877, SUCCESS, logIndex=4285, commits[244f13ac-34be-4c4e-8e45-0c0272edbbb2:c4286, 6287e41a-5356-4f55-84f2-270816d53e84:c4284, a2c18d3d-e79d-47c9-88fe-d8a1d195302b:c4284]
2019-08-23 11:31:47,474 | INFO  | DNAudit | user=null | ip=null | op=WRITE_CHUNK {blockData=conID: 3 locID: 102666070093398647 bcsId: 4280} | ret=SUCCESS |  
2019-08-23 11:31:47,474 | INFO  | DNAudit | user=null | ip=null | op=WRITE_CHUNK {blockData=conID: 3 locID: 102666070093398647 bcsId: 4280} | ret=SUCCESS |  
2019-08-23 11:31:47,474 [grpc-default-executor-4] INFO  client.GrpcClientProtocolClient (GrpcClientProtocolClient.java:onNext(255)) - client-C9E345EC67ED->244f13ac-34be-4c4e-8e45-0c0272edbbb2: receive RaftClientReply:client-C9E345EC67ED->244f13ac-34be-4c4e-8e45-0c0272edbbb2@group-FE77C852EF02, cid=2878, SUCCESS, logIndex=4286, commits[244f13ac-34be-4c4e-8e45-0c0272edbbb2:c4286, 6287e41a-5356-4f55-84f2-270816d53e84:c4284, a2c18d3d-e79d-47c9-88fe-d8a1d195302b:c4284]
2019-08-23 11:31:47,475 | INFO  | DNAudit | user=null | ip=null | op=PUT_BLOCK {blockData=[blockId=conID: 3 locID: 102666070093398647 bcsId: 0,size=3145728]} | ret=SUCCESS |  
2019-08-23 11:31:47,475 | INFO  | DNAudit | user=null | ip=null | op=PUT_BLOCK {blockData=[blockId=conID: 3 locID: 102666070093398647 bcsId: 0,size=3145728]} | ret=SUCCESS |  
2019-08-23 11:31:47,479 | INFO  | DNAudit | user=null | ip=null | op=WRITE_CHUNK {blockData=conID: 3 locID: 102666070093398647 bcsId: 4286} | ret=SUCCESS |  
2019-08-23 11:31:47,481 | INFO  | DNAudit | user=null | ip=null | op=WRITE_CHUNK {blockData=conID: 3 locID: 102666070093398647 bcsId: 4286} | ret=SUCCESS |  
2019-08-23 11:31:47,481 | INFO  | DNAudit | user=null | ip=null | op=WRITE_CHUNK {blockData=conID: 3 locID: 102666070093398647 bcsId: 4286} | ret=SUCCESS |  
2019-08-23 11:31:47,485 | INFO  | DNAudit | user=null | ip=null | op=WRITE_CHUNK {blockData=conID: 3 locID: 102666070093398647 bcsId: 4286} | ret=SUCCESS |  
2019-08-23 11:31:47,485 | INFO  | DNAudit | user=null | ip=null | op=PUT_BLOCK {blockData=[blockId=conID: 3 locID: 102666070093398647 bcsId: 0,size=4194304]} | ret=SUCCESS |  
2019-08-23 11:31:47,485 [grpc-default-executor-2] INFO  client.GrpcClientProtocolClient (GrpcClientProtocolClient.java:onNext(255)) - client-C9E345EC67ED->244f13ac-34be-4c4e-8e45-0c0272edbbb2: receive RaftClientReply:client-C9E345EC67ED->244f13ac-34be-4c4e-8e45-0c0272edbbb2@group-FE77C852EF02, cid=2879, SUCCESS, logIndex=4288, commits[244f13ac-34be-4c4e-8e45-0c0272edbbb2:c4289, 6287e41a-5356-4f55-84f2-270816d53e84:c4287, a2c18d3d-e79d-47c9-88fe-d8a1d195302b:c4287]
2019-08-23 11:31:47,485 [grpc-default-executor-2] INFO  client.GrpcClientProtocolClient (GrpcClientProtocolClient.java:onNext(255)) - client-C9E345EC67ED->244f13ac-34be-4c4e-8e45-0c0272edbbb2: receive RaftClientReply:client-C9E345EC67ED->244f13ac-34be-4c4e-8e45-0c0272edbbb2@group-FE77C852EF02, cid=2880, SUCCESS, logIndex=4289, commits[244f13ac-34be-4c4e-8e45-0c0272edbbb2:c4289, 6287e41a-5356-4f55-84f2-270816d53e84:c4287, a2c18d3d-e79d-47c9-88fe-d8a1d195302b:c4287]
2019-08-23 11:31:47,494 | INFO  | DNAudit | user=null | ip=null | op=WRITE_CHUNK {blockData=conID: 3 locID: 102666070093398647 bcsId: 4286} | ret=SUCCESS |  
2019-08-23 11:31:47,496 | INFO  | DNAudit | user=null | ip=null | op=WRITE_CHUNK {blockData=conID: 3 locID: 102666070093398647 bcsId: 4286} | ret=SUCCESS |  
2019-08-23 11:31:47,497 | INFO  | DNAudit | user=null | ip=null | op=PUT_BLOCK {blockData=[blockId=conID: 3 locID: 102666070093398647 bcsId: 0,size=4194304]} | ret=SUCCESS |  
2019-08-23 11:31:47,497 [grpc-default-executor-4] INFO  client.GrpcClientProtocolClient (GrpcClientProtocolClient.java:onNext(255)) - client-C9E345EC67ED->244f13ac-34be-4c4e-8e45-0c0272edbbb2: receive RaftClientReply:client-C9E345EC67ED->244f13ac-34be-4c4e-8e45-0c0272edbbb2@group-FE77C852EF02, cid=2881, SUCCESS, logIndex=0, commits[244f13ac-34be-4c4e-8e45-0c0272edbbb2:c4291, 6287e41a-5356-4f55-84f2-270816d53e84:c4289, a2c18d3d-e79d-47c9-88fe-d8a1d195302b:c4289]
2019-08-23 11:31:47,497 | INFO  | DNAudit | user=null | ip=null | op=PUT_BLOCK {blockData=[blockId=conID: 3 locID: 102666070093398647 bcsId: 0,size=4194304]} | ret=SUCCESS |  
2019-08-23 11:31:47,501 | INFO  | SCMAudit | user=jenkins1000 | ip=192.168.5.185 | op=ALLOCATE_BLOCK {owner=00a23185-76ea-47b5-a641-ad3cfbe5521a, size=4194304, type=RATIS, factor=THREE} | ret=SUCCESS |  
2019-08-23 11:31:47,505 | INFO  | OMAudit | user=jenkins1000 | ip=127.0.0.1 | op=ALLOCATE_BLOCK {volume=vol-0-37508, bucket=bucket-0-50919, key=key-0-57313, dataSize=0, replicationType=null, replicationFactor=null, keyLocationInfo=null, clientID=102666068570931602} | ret=SUCCESS |  
2019-08-23 11:31:47,510 | INFO  | DNAudit | user=null | ip=null | op=WRITE_CHUNK {blockData=conID: 1 locID: 102666070097986168 bcsId: 0} | ret=SUCCESS |  
2019-08-23 11:31:47,511 | INFO  | DNAudit | user=null | ip=null | op=WRITE_CHUNK {blockData=conID: 1 locID: 102666070097986168 bcsId: 0} | ret=SUCCESS |  
2019-08-23 11:31:47,514 | INFO  | DNAudit | user=null | ip=null | op=WRITE_CHUNK {blockData=conID: 1 locID: 102666070097986168 bcsId: 0} | ret=SUCCESS |  
2019-08-23 11:31:47,514 | INFO  | DNAudit | user=null | ip=null | op=WRITE_CHUNK {blockData=conID: 1 locID: 102666070097986168 bcsId: 0} | ret=SUCCESS |  
2019-08-23 11:31:47,514 | INFO  | DNAudit | user=null | ip=null | op=WRITE_CHUNK {blockData=conID: 1 locID: 102666070097986168 bcsId: 0} | ret=SUCCESS |  
2019-08-23 11:31:47,514 | INFO  | DNAudit | user=null | ip=null | op=WRITE_CHUNK {blockData=conID: 1 locID: 102666070097986168 bcsId: 0} | ret=SUCCESS |  
2019-08-23 11:31:47,525 | INFO  | DNAudit | user=null | ip=null | op=WRITE_CHUNK {blockData=conID: 1 locID: 102666070097986168 bcsId: 0} | ret=SUCCESS |  
2019-08-23 11:31:47,525 | INFO  | DNAudit | user=null | ip=null | op=PUT_BLOCK {blockData=[blockId=conID: 1 locID: 102666070097986168 bcsId: 0,size=1048576]} | ret=SUCCESS |  
2019-08-23 11:31:47,526 | INFO  | DNAudit | user=null | ip=null | op=WRITE_CHUNK {blockData=conID: 1 locID: 102666070097986168 bcsId: 0} | ret=SUCCESS |  
2019-08-23 11:31:47,526 [grpc-default-executor-0] INFO  client.GrpcClientProtocolClient (GrpcClientProtocolClient.java:onNext(255)) - client-C9E345EC67ED->244f13ac-34be-4c4e-8e45-0c0272edbbb2: receive RaftClientReply:client-C9E345EC67ED->244f13ac-34be-4c4e-8e45-0c0272edbbb2@group-FE77C852EF02, cid=2882, SUCCESS, logIndex=4292, commits[244f13ac-34be-4c4e-8e45-0c0272edbbb2:c4295, 6287e41a-5356-4f55-84f2-270816d53e84:c4291, a2c18d3d-e79d-47c9-88fe-d8a1d195302b:c4289]
2019-08-23 11:31:47,526 | INFO  | DNAudit | user=null | ip=null | op=PUT_BLOCK {blockData=[blockId=conID: 1 locID: 102666070097986168 bcsId: 0,size=2097152]} | ret=SUCCESS |  
2019-08-23 11:31:47,526 [grpc-default-executor-0] INFO  client.GrpcClientProtocolClient (GrpcClientProtocolClient.java:onNext(255)) - client-C9E345EC67ED->244f13ac-34be-4c4e-8e45-0c0272edbbb2: receive RaftClientReply:client-C9E345EC67ED->244f13ac-34be-4c4e-8e45-0c0272edbbb2@group-FE77C852EF02, cid=2883, SUCCESS, logIndex=4293, commits[244f13ac-34be-4c4e-8e45-0c0272edbbb2:c4295, 6287e41a-5356-4f55-84f2-270816d53e84:c4291, a2c18d3d-e79d-47c9-88fe-d8a1d195302b:c4291]
2019-08-23 11:31:47,526 | INFO  | DNAudit | user=null | ip=null | op=WRITE_CHUNK {blockData=conID: 1 locID: 102666070097986168 bcsId: 0} | ret=SUCCESS |  
2019-08-23 11:31:47,526 [grpc-default-executor-0] INFO  client.GrpcClientProtocolClient (GrpcClientProtocolClient.java:onNext(255)) - client-C9E345EC67ED->244f13ac-34be-4c4e-8e45-0c0272edbbb2: receive RaftClientReply:client-C9E345EC67ED->244f13ac-34be-4c4e-8e45-0c0272edbbb2@group-FE77C852EF02, cid=2884, SUCCESS, logIndex=4294, commits[244f13ac-34be-4c4e-8e45-0c0272edbbb2:c4295, 6287e41a-5356-4f55-84f2-270816d53e84:c4291, a2c18d3d-e79d-47c9-88fe-d8a1d195302b:c4291]
2019-08-23 11:31:47,526 | INFO  | DNAudit | user=null | ip=null | op=WRITE_CHUNK {blockData=conID: 1 locID: 102666070097986168 bcsId: 0} | ret=SUCCESS |  
2019-08-23 11:31:47,527 | INFO  | DNAudit | user=null | ip=null | op=PUT_BLOCK {blockData=[blockId=conID: 1 locID: 102666070097986168 bcsId: 0,size=1048576]} | ret=SUCCESS |  
2019-08-23 11:31:47,527 [grpc-default-executor-0] INFO  client.GrpcClientProtocolClient (GrpcClientProtocolClient.java:onNext(255)) - client-C9E345EC67ED->244f13ac-34be-4c4e-8e45-0c0272edbbb2: receive RaftClientReply:client-C9E345EC67ED->244f13ac-34be-4c4e-8e45-0c0272edbbb2@group-FE77C852EF02, cid=2885, SUCCESS, logIndex=4295, commits[244f13ac-34be-4c4e-8e45-0c0272edbbb2:c4295, 6287e41a-5356-4f55-84f2-270816d53e84:c4291, a2c18d3d-e79d-47c9-88fe-d8a1d195302b:c4291]
2019-08-23 11:31:47,529 | INFO  | DNAudit | user=null | ip=null | op=PUT_BLOCK {blockData=[blockId=conID: 1 locID: 102666070097986168 bcsId: 0,size=1048576]} | ret=SUCCESS |  
2019-08-23 11:31:47,529 | INFO  | DNAudit | user=null | ip=null | op=WRITE_CHUNK {blockData=conID: 1 locID: 102666070097986168 bcsId: 0} | ret=SUCCESS |  
2019-08-23 11:31:47,529 | INFO  | DNAudit | user=null | ip=null | op=WRITE_CHUNK {blockData=conID: 1 locID: 102666070097986168 bcsId: 0} | ret=SUCCESS |  
2019-08-23 11:31:47,529 | INFO  | DNAudit | user=null | ip=null | op=PUT_BLOCK {blockData=[blockId=conID: 1 locID: 102666070097986168 bcsId: 0,size=2097152]} | ret=SUCCESS |  
2019-08-23 11:31:47,529 | INFO  | DNAudit | user=null | ip=null | op=PUT_BLOCK {blockData=[blockId=conID: 1 locID: 102666070097986168 bcsId: 0,size=2097152]} | ret=SUCCESS |  
2019-08-23 11:31:47,530 [grpc-default-executor-0] INFO  client.GrpcClientProtocolClient (GrpcClientProtocolClient.java:onNext(255)) - client-C9E345EC67ED->244f13ac-34be-4c4e-8e45-0c0272edbbb2: receive RaftClientReply:client-C9E345EC67ED->244f13ac-34be-4c4e-8e45-0c0272edbbb2@group-FE77C852EF02, cid=2886, SUCCESS, logIndex=0, commits[244f13ac-34be-4c4e-8e45-0c0272edbbb2:c4297, 6287e41a-5356-4f55-84f2-270816d53e84:c4293, a2c18d3d-e79d-47c9-88fe-d8a1d195302b:c4294]
2019-08-23 11:31:47,534 | INFO  | DNAudit | user=null | ip=null | op=WRITE_CHUNK {blockData=conID: 1 locID: 102666070097986168 bcsId: 4295} | ret=SUCCESS |  
2019-08-23 11:31:47,537 | INFO  | DNAudit | user=null | ip=null | op=WRITE_CHUNK {blockData=conID: 1 locID: 102666070097986168 bcsId: 4295} | ret=SUCCESS |  
2019-08-23 11:31:47,537 | INFO  | DNAudit | user=null | ip=null | op=WRITE_CHUNK {blockData=conID: 1 locID: 102666070097986168 bcsId: 4295} | ret=SUCCESS |  
2019-08-23 11:31:47,547 | INFO  | DNAudit | user=null | ip=null | op=WRITE_CHUNK {blockData=conID: 1 locID: 102666070097986168 bcsId: 4295} | ret=SUCCESS |  
2019-08-23 11:31:47,547 | INFO  | DNAudit | user=null | ip=null | op=PUT_BLOCK {blockData=[blockId=conID: 1 locID: 102666070097986168 bcsId: 0,size=3145728]} | ret=SUCCESS |  
2019-08-23 11:31:47,547 [grpc-default-executor-2] INFO  client.GrpcClientProtocolClient (GrpcClientProtocolClient.java:onNext(255)) - client-C9E345EC67ED->244f13ac-34be-4c4e-8e45-0c0272edbbb2: receive RaftClientReply:client-C9E345EC67ED->244f13ac-34be-4c4e-8e45-0c0272edbbb2@group-FE77C852EF02, cid=2887, SUCCESS, logIndex=4300, commits[244f13ac-34be-4c4e-8e45-0c0272edbbb2:c4301, 6287e41a-5356-4f55-84f2-270816d53e84:c4299, a2c18d3d-e79d-47c9-88fe-d8a1d195302b:c4299]
2019-08-23 11:31:47,547 [grpc-default-executor-2] INFO  client.GrpcClientProtocolClient (GrpcClientProtocolClient.java:onNext(255)) - client-C9E345EC67ED->244f13ac-34be-4c4e-8e45-0c0272edbbb2: receive RaftClientReply:client-C9E345EC67ED->244f13ac-34be-4c4e-8e45-0c0272edbbb2@group-FE77C852EF02, cid=2888, SUCCESS, logIndex=4301, commits[244f13ac-34be-4c4e-8e45-0c0272edbbb2:c4301, 6287e41a-5356-4f55-84f2-270816d53e84:c4299, a2c18d3d-e79d-47c9-88fe-d8a1d195302b:c4299]
2019-08-23 11:31:47,549 | INFO  | DNAudit | user=null | ip=null | op=WRITE_CHUNK {blockData=conID: 1 locID: 102666070097986168 bcsId: 4295} | ret=SUCCESS |  
2019-08-23 11:31:47,549 | INFO  | DNAudit | user=null | ip=null | op=WRITE_CHUNK {blockData=conID: 1 locID: 102666070097986168 bcsId: 4295} | ret=SUCCESS |  
2019-08-23 11:31:47,550 | INFO  | DNAudit | user=null | ip=null | op=PUT_BLOCK {blockData=[blockId=conID: 1 locID: 102666070097986168 bcsId: 0,size=3145728]} | ret=SUCCESS |  
2019-08-23 11:31:47,550 | INFO  | DNAudit | user=null | ip=null | op=PUT_BLOCK {blockData=[blockId=conID: 1 locID: 102666070097986168 bcsId: 0,size=3145728]} | ret=SUCCESS |  
2019-08-23 11:31:47,552 | INFO  | DNAudit | user=null | ip=null | op=WRITE_CHUNK {blockData=conID: 1 locID: 102666070097986168 bcsId: 4301} | ret=SUCCESS |  
2019-08-23 11:31:47,554 | INFO  | DNAudit | user=null | ip=null | op=WRITE_CHUNK {blockData=conID: 1 locID: 102666070097986168 bcsId: 4301} | ret=SUCCESS |  
2019-08-23 11:31:47,554 | INFO  | DNAudit | user=null | ip=null | op=WRITE_CHUNK {blockData=conID: 1 locID: 102666070097986168 bcsId: 4301} | ret=SUCCESS |  
2019-08-23 11:31:47,564 | INFO  | DNAudit | user=null | ip=null | op=WRITE_CHUNK {blockData=conID: 1 locID: 102666070097986168 bcsId: 4301} | ret=SUCCESS |  
2019-08-23 11:31:47,564 | INFO  | DNAudit | user=null | ip=null | op=PUT_BLOCK {blockData=[blockId=conID: 1 locID: 102666070097986168 bcsId: 0,size=4194304]} | ret=SUCCESS |  
2019-08-23 11:31:47,564 [grpc-default-executor-1] INFO  client.GrpcClientProtocolClient (GrpcClientProtocolClient.java:onNext(255)) - client-C9E345EC67ED->244f13ac-34be-4c4e-8e45-0c0272edbbb2: receive RaftClientReply:client-C9E345EC67ED->244f13ac-34be-4c4e-8e45-0c0272edbbb2@group-FE77C852EF02, cid=2889, SUCCESS, logIndex=4304, commits[244f13ac-34be-4c4e-8e45-0c0272edbbb2:c4305, 6287e41a-5356-4f55-84f2-270816d53e84:c4302, a2c18d3d-e79d-47c9-88fe-d8a1d195302b:c4302]
2019-08-23 11:31:47,565 [grpc-default-executor-1] INFO  client.GrpcClientProtocolClient (GrpcClientProtocolClient.java:onNext(255)) - client-C9E345EC67ED->244f13ac-34be-4c4e-8e45-0c0272edbbb2: receive RaftClientReply:client-C9E345EC67ED->244f13ac-34be-4c4e-8e45-0c0272edbbb2@group-FE77C852EF02, cid=2890, SUCCESS, logIndex=4305, commits[244f13ac-34be-4c4e-8e45-0c0272edbbb2:c4305, 6287e41a-5356-4f55-84f2-270816d53e84:c4302, a2c18d3d-e79d-47c9-88fe-d8a1d195302b:c4302]
2019-08-23 11:31:47,576 | INFO  | DNAudit | user=null | ip=null | op=WRITE_CHUNK {blockData=conID: 1 locID: 102666070097986168 bcsId: 4301} | ret=SUCCESS |  
2019-08-23 11:31:47,576 | INFO  | DNAudit | user=null | ip=null | op=WRITE_CHUNK {blockData=conID: 1 locID: 102666070097986168 bcsId: 4301} | ret=SUCCESS |  
2019-08-23 11:31:47,588 | INFO  | DNAudit | user=null | ip=null | op=PUT_BLOCK {blockData=[blockId=conID: 1 locID: 102666070097986168 bcsId: 0,size=4194304]} | ret=SUCCESS |  
2019-08-23 11:31:47,588 | INFO  | DNAudit | user=null | ip=null | op=PUT_BLOCK {blockData=[blockId=conID: 1 locID: 102666070097986168 bcsId: 0,size=4194304]} | ret=SUCCESS |  
2019-08-23 11:31:47,588 [grpc-default-executor-2] INFO  client.GrpcClientProtocolClient (GrpcClientProtocolClient.java:onNext(255)) - client-C9E345EC67ED->244f13ac-34be-4c4e-8e45-0c0272edbbb2: receive RaftClientReply:client-C9E345EC67ED->244f13ac-34be-4c4e-8e45-0c0272edbbb2@group-FE77C852EF02, cid=2891, SUCCESS, logIndex=0, commits[244f13ac-34be-4c4e-8e45-0c0272edbbb2:c4306, 6287e41a-5356-4f55-84f2-270816d53e84:c4305, a2c18d3d-e79d-47c9-88fe-d8a1d195302b:c4305]
2019-08-23 11:31:47,594 | INFO  | SCMAudit | user=jenkins1000 | ip=192.168.5.185 | op=ALLOCATE_BLOCK {owner=00a23185-76ea-47b5-a641-ad3cfbe5521a, size=4194304, type=RATIS, factor=THREE} | ret=SUCCESS |  
2019-08-23 11:31:47,598 | INFO  | OMAudit | user=jenkins1000 | ip=127.0.0.1 | op=ALLOCATE_BLOCK {volume=vol-0-37508, bucket=bucket-0-50919, key=key-0-57313, dataSize=0, replicationType=null, replicationFactor=null, keyLocationInfo=null, clientID=102666068570931602} | ret=SUCCESS |  
2019-08-23 11:31:47,603 | INFO  | DNAudit | user=null | ip=null | op=WRITE_CHUNK {blockData=conID: 2 locID: 102666070104081017 bcsId: 0} | ret=SUCCESS |  
2019-08-23 11:31:47,605 | INFO  | DNAudit | user=null | ip=null | op=WRITE_CHUNK {blockData=conID: 2 locID: 102666070104081017 bcsId: 0} | ret=SUCCESS |  
2019-08-23 11:31:47,605 | INFO  | DNAudit | user=null | ip=null | op=WRITE_CHUNK {blockData=conID: 2 locID: 102666070104081017 bcsId: 0} | ret=SUCCESS |  
2019-08-23 11:31:47,606 | INFO  | DNAudit | user=null | ip=null | op=WRITE_CHUNK {blockData=conID: 2 locID: 102666070104081017 bcsId: 0} | ret=SUCCESS |  
2019-08-23 11:31:47,607 | INFO  | DNAudit | user=null | ip=null | op=WRITE_CHUNK {blockData=conID: 2 locID: 102666070104081017 bcsId: 0} | ret=SUCCESS |  
2019-08-23 11:31:47,607 | INFO  | DNAudit | user=null | ip=null | op=WRITE_CHUNK {blockData=conID: 2 locID: 102666070104081017 bcsId: 0} | ret=SUCCESS |  
2019-08-23 11:31:47,615 | INFO  | DNAudit | user=null | ip=null | op=WRITE_CHUNK {blockData=conID: 2 locID: 102666070104081017 bcsId: 0} | ret=SUCCESS |  
2019-08-23 11:31:47,616 | INFO  | DNAudit | user=null | ip=null | op=PUT_BLOCK {blockData=[blockId=conID: 2 locID: 102666070104081017 bcsId: 0,size=1048576]} | ret=SUCCESS |  
2019-08-23 11:31:47,616 [grpc-default-executor-4] INFO  client.GrpcClientProtocolClient (GrpcClientProtocolClient.java:onNext(255)) - client-C9E345EC67ED->244f13ac-34be-4c4e-8e45-0c0272edbbb2: receive RaftClientReply:client-C9E345EC67ED->244f13ac-34be-4c4e-8e45-0c0272edbbb2@group-FE77C852EF02, cid=2892, SUCCESS, logIndex=4308, commits[244f13ac-34be-4c4e-8e45-0c0272edbbb2:c4309, 6287e41a-5356-4f55-84f2-270816d53e84:c4307, a2c18d3d-e79d-47c9-88fe-d8a1d195302b:c4307]
2019-08-23 11:31:47,616 [grpc-default-executor-4] INFO  client.GrpcClientProtocolClient (GrpcClientProtocolClient.java:onNext(255)) - client-C9E345EC67ED->244f13ac-34be-4c4e-8e45-0c0272edbbb2: receive RaftClientReply:client-C9E345EC67ED->244f13ac-34be-4c4e-8e45-0c0272edbbb2@group-FE77C852EF02, cid=2893, SUCCESS, logIndex=4309, commits[244f13ac-34be-4c4e-8e45-0c0272edbbb2:c4309, 6287e41a-5356-4f55-84f2-270816d53e84:c4307, a2c18d3d-e79d-47c9-88fe-d8a1d195302b:c4307]
2019-08-23 11:31:47,618 | INFO  | DNAudit | user=null | ip=null | op=WRITE_CHUNK {blockData=conID: 2 locID: 102666070104081017 bcsId: 0} | ret=SUCCESS |  
2019-08-23 11:31:47,618 | INFO  | DNAudit | user=null | ip=null | op=PUT_BLOCK {blockData=[blockId=conID: 2 locID: 102666070104081017 bcsId: 0,size=2097152]} | ret=SUCCESS |  
2019-08-23 11:31:47,618 [grpc-default-executor-4] INFO  client.GrpcClientProtocolClient (GrpcClientProtocolClient.java:onNext(255)) - client-C9E345EC67ED->244f13ac-34be-4c4e-8e45-0c0272edbbb2: receive RaftClientReply:client-C9E345EC67ED->244f13ac-34be-4c4e-8e45-0c0272edbbb2@group-FE77C852EF02, cid=2894, SUCCESS, logIndex=4310, commits[244f13ac-34be-4c4e-8e45-0c0272edbbb2:c4311, 6287e41a-5356-4f55-84f2-270816d53e84:c4307, a2c18d3d-e79d-47c9-88fe-d8a1d195302b:c4307]
2019-08-23 11:31:47,618 [grpc-default-executor-4] INFO  client.GrpcClientProtocolClient (GrpcClientProtocolClient.java:onNext(255)) - client-C9E345EC67ED->244f13ac-34be-4c4e-8e45-0c0272edbbb2: receive RaftClientReply:client-C9E345EC67ED->244f13ac-34be-4c4e-8e45-0c0272edbbb2@group-FE77C852EF02, cid=2895, SUCCESS, logIndex=4311, commits[244f13ac-34be-4c4e-8e45-0c0272edbbb2:c4311, 6287e41a-5356-4f55-84f2-270816d53e84:c4307, a2c18d3d-e79d-47c9-88fe-d8a1d195302b:c4307]
2019-08-23 11:31:47,653 [grpc-default-executor-4] INFO  client.GrpcClientProtocolClient (GrpcClientProtocolClient.java:onNext(255)) - client-C9E345EC67ED->244f13ac-34be-4c4e-8e45-0c0272edbbb2: receive RaftClientReply:client-C9E345EC67ED->244f13ac-34be-4c4e-8e45-0c0272edbbb2@group-FE77C852EF02, cid=2896, SUCCESS, logIndex=0, commits[244f13ac-34be-4c4e-8e45-0c0272edbbb2:c4313, 6287e41a-5356-4f55-84f2-270816d53e84:c4309, a2c18d3d-e79d-47c9-88fe-d8a1d195302b:c4309]
2019-08-23 11:31:47,660 | INFO  | DNAudit | user=null | ip=null | op=WRITE_CHUNK {blockData=conID: 2 locID: 102666070104081017 bcsId: 4311} | ret=SUCCESS |  
2019-08-23 11:31:47,668 | INFO  | DNAudit | user=null | ip=null | op=WRITE_CHUNK {blockData=conID: 2 locID: 102666070104081017 bcsId: 0} | ret=SUCCESS |  
2019-08-23 11:31:47,668 | INFO  | DNAudit | user=null | ip=null | op=WRITE_CHUNK {blockData=conID: 2 locID: 102666070104081017 bcsId: 0} | ret=SUCCESS |  
2019-08-23 11:31:47,669 | INFO  | DNAudit | user=null | ip=null | op=PUT_BLOCK {blockData=[blockId=conID: 2 locID: 102666070104081017 bcsId: 0,size=1048576]} | ret=SUCCESS |  
2019-08-23 11:31:47,669 | INFO  | DNAudit | user=null | ip=null | op=PUT_BLOCK {blockData=[blockId=conID: 2 locID: 102666070104081017 bcsId: 0,size=1048576]} | ret=SUCCESS |  
2019-08-23 11:31:47,670 | INFO  | DNAudit | user=null | ip=null | op=WRITE_CHUNK {blockData=conID: 2 locID: 102666070104081017 bcsId: 4311} | ret=SUCCESS |  
2019-08-23 11:31:47,670 | INFO  | DNAudit | user=null | ip=null | op=WRITE_CHUNK {blockData=conID: 2 locID: 102666070104081017 bcsId: 4311} | ret=SUCCESS |  
2019-08-23 11:31:47,673 | INFO  | DNAudit | user=null | ip=null | op=WRITE_CHUNK {blockData=conID: 2 locID: 102666070104081017 bcsId: 0} | ret=SUCCESS |  
2019-08-23 11:31:47,673 | INFO  | DNAudit | user=null | ip=null | op=WRITE_CHUNK {blockData=conID: 2 locID: 102666070104081017 bcsId: 0} | ret=SUCCESS |  
2019-08-23 11:31:47,673 | INFO  | DNAudit | user=null | ip=null | op=PUT_BLOCK {blockData=[blockId=conID: 2 locID: 102666070104081017 bcsId: 0,size=2097152]} | ret=SUCCESS |  
2019-08-23 11:31:47,673 | INFO  | DNAudit | user=null | ip=null | op=PUT_BLOCK {blockData=[blockId=conID: 2 locID: 102666070104081017 bcsId: 0,size=2097152]} | ret=SUCCESS |  
2019-08-23 11:31:47,674 | INFO  | DNAudit | user=null | ip=null | op=WRITE_CHUNK {blockData=conID: 2 locID: 102666070104081017 bcsId: 4311} | ret=SUCCESS |  
2019-08-23 11:31:47,675 | INFO  | DNAudit | user=null | ip=null | op=PUT_BLOCK {blockData=[blockId=conID: 2 locID: 102666070104081017 bcsId: 0,size=3145728]} | ret=SUCCESS |  
2019-08-23 11:31:47,675 [grpc-default-executor-0] INFO  client.GrpcClientProtocolClient (GrpcClientProtocolClient.java:onNext(255)) - client-C9E345EC67ED->244f13ac-34be-4c4e-8e45-0c0272edbbb2: receive RaftClientReply:client-C9E345EC67ED->244f13ac-34be-4c4e-8e45-0c0272edbbb2@group-FE77C852EF02, cid=2897, SUCCESS, logIndex=4316, commits[244f13ac-34be-4c4e-8e45-0c0272edbbb2:c4317, 6287e41a-5356-4f55-84f2-270816d53e84:c4313, a2c18d3d-e79d-47c9-88fe-d8a1d195302b:c4311]
2019-08-23 11:31:47,675 [grpc-default-executor-0] INFO  client.GrpcClientProtocolClient (GrpcClientProtocolClient.java:onNext(255)) - client-C9E345EC67ED->244f13ac-34be-4c4e-8e45-0c0272edbbb2: receive RaftClientReply:client-C9E345EC67ED->244f13ac-34be-4c4e-8e45-0c0272edbbb2@group-FE77C852EF02, cid=2898, SUCCESS, logIndex=4317, commits[244f13ac-34be-4c4e-8e45-0c0272edbbb2:c4317, 6287e41a-5356-4f55-84f2-270816d53e84:c4313, a2c18d3d-e79d-47c9-88fe-d8a1d195302b:c4313]
2019-08-23 11:31:47,676 | INFO  | DNAudit | user=null | ip=null | op=WRITE_CHUNK {blockData=conID: 2 locID: 102666070104081017 bcsId: 4311} | ret=SUCCESS |  
2019-08-23 11:31:47,676 | INFO  | DNAudit | user=null | ip=null | op=WRITE_CHUNK {blockData=conID: 2 locID: 102666070104081017 bcsId: 4311} | ret=SUCCESS |  
2019-08-23 11:31:47,679 | INFO  | DNAudit | user=null | ip=null | op=PUT_BLOCK {blockData=[blockId=conID: 2 locID: 102666070104081017 bcsId: 0,size=3145728]} | ret=SUCCESS |  
2019-08-23 11:31:47,679 | INFO  | DNAudit | user=null | ip=null | op=PUT_BLOCK {blockData=[blockId=conID: 2 locID: 102666070104081017 bcsId: 0,size=3145728]} | ret=SUCCESS |  
2019-08-23 11:31:47,682 | INFO  | DNAudit | user=null | ip=null | op=WRITE_CHUNK {blockData=conID: 2 locID: 102666070104081017 bcsId: 4317} | ret=SUCCESS |  
2019-08-23 11:31:47,684 | INFO  | DNAudit | user=null | ip=null | op=WRITE_CHUNK {blockData=conID: 2 locID: 102666070104081017 bcsId: 4317} | ret=SUCCESS |  
2019-08-23 11:31:47,684 | INFO  | DNAudit | user=null | ip=null | op=WRITE_CHUNK {blockData=conID: 2 locID: 102666070104081017 bcsId: 4317} | ret=SUCCESS |  
2019-08-23 11:31:47,697 | INFO  | DNAudit | user=null | ip=null | op=WRITE_CHUNK {blockData=conID: 2 locID: 102666070104081017 bcsId: 4317} | ret=SUCCESS |  
2019-08-23 11:31:47,698 | INFO  | DNAudit | user=null | ip=null | op=PUT_BLOCK {blockData=[blockId=conID: 2 locID: 102666070104081017 bcsId: 0,size=4194304]} | ret=SUCCESS |  
2019-08-23 11:31:47,698 [grpc-default-executor-1] INFO  client.GrpcClientProtocolClient (GrpcClientProtocolClient.java:onNext(255)) - client-C9E345EC67ED->244f13ac-34be-4c4e-8e45-0c0272edbbb2: receive RaftClientReply:client-C9E345EC67ED->244f13ac-34be-4c4e-8e45-0c0272edbbb2@group-FE77C852EF02, cid=2899, SUCCESS, logIndex=4320, commits[244f13ac-34be-4c4e-8e45-0c0272edbbb2:c4321, 6287e41a-5356-4f55-84f2-270816d53e84:c4319, a2c18d3d-e79d-47c9-88fe-d8a1d195302b:c4319]
2019-08-23 11:31:47,698 [grpc-default-executor-1] INFO  client.GrpcClientProtocolClient (GrpcClientProtocolClient.java:onNext(255)) - client-C9E345EC67ED->244f13ac-34be-4c4e-8e45-0c0272edbbb2: receive RaftClientReply:client-C9E345EC67ED->244f13ac-34be-4c4e-8e45-0c0272edbbb2@group-FE77C852EF02, cid=2900, SUCCESS, logIndex=4321, commits[244f13ac-34be-4c4e-8e45-0c0272edbbb2:c4321, 6287e41a-5356-4f55-84f2-270816d53e84:c4319, a2c18d3d-e79d-47c9-88fe-d8a1d195302b:c4319]
2019-08-23 11:31:47,709 | INFO  | DNAudit | user=null | ip=null | op=WRITE_CHUNK {blockData=conID: 2 locID: 102666070104081017 bcsId: 4317} | ret=SUCCESS |  
2019-08-23 11:31:47,709 | INFO  | DNAudit | user=null | ip=null | op=WRITE_CHUNK {blockData=conID: 2 locID: 102666070104081017 bcsId: 4317} | ret=SUCCESS |  
2019-08-23 11:31:47,712 | INFO  | DNAudit | user=null | ip=null | op=PUT_BLOCK {blockData=[blockId=conID: 2 locID: 102666070104081017 bcsId: 0,size=4194304]} | ret=SUCCESS |  
2019-08-23 11:31:47,712 | INFO  | DNAudit | user=null | ip=null | op=PUT_BLOCK {blockData=[blockId=conID: 2 locID: 102666070104081017 bcsId: 0,size=4194304]} | ret=SUCCESS |  
2019-08-23 11:31:47,712 [grpc-default-executor-1] INFO  client.GrpcClientProtocolClient (GrpcClientProtocolClient.java:onNext(255)) - client-C9E345EC67ED->244f13ac-34be-4c4e-8e45-0c0272edbbb2: receive RaftClientReply:client-C9E345EC67ED->244f13ac-34be-4c4e-8e45-0c0272edbbb2@group-FE77C852EF02, cid=2901, SUCCESS, logIndex=0, commits[244f13ac-34be-4c4e-8e45-0c0272edbbb2:c4323, 6287e41a-5356-4f55-84f2-270816d53e84:c4321, a2c18d3d-e79d-47c9-88fe-d8a1d195302b:c4321]
2019-08-23 11:31:47,716 | INFO  | SCMAudit | user=jenkins1000 | ip=192.168.5.185 | op=ALLOCATE_BLOCK {owner=00a23185-76ea-47b5-a641-ad3cfbe5521a, size=4194304, type=RATIS, factor=THREE} | ret=SUCCESS |  
2019-08-23 11:31:47,719 | INFO  | OMAudit | user=jenkins1000 | ip=127.0.0.1 | op=ALLOCATE_BLOCK {volume=vol-0-37508, bucket=bucket-0-50919, key=key-0-57313, dataSize=0, replicationType=null, replicationFactor=null, keyLocationInfo=null, clientID=102666068570931602} | ret=SUCCESS |  
2019-08-23 11:31:47,726 | INFO  | DNAudit | user=null | ip=null | op=WRITE_CHUNK {blockData=conID: 3 locID: 102666070112076410 bcsId: 0} | ret=SUCCESS |  
2019-08-23 11:31:47,726 | INFO  | DNAudit | user=null | ip=null | op=WRITE_CHUNK {blockData=conID: 3 locID: 102666070112076410 bcsId: 0} | ret=SUCCESS |  
2019-08-23 11:31:47,728 | INFO  | DNAudit | user=null | ip=null | op=WRITE_CHUNK {blockData=conID: 3 locID: 102666070112076410 bcsId: 0} | ret=SUCCESS |  
2019-08-23 11:31:47,729 | INFO  | DNAudit | user=null | ip=null | op=WRITE_CHUNK {blockData=conID: 3 locID: 102666070112076410 bcsId: 0} | ret=SUCCESS |  
2019-08-23 11:31:47,730 | INFO  | DNAudit | user=null | ip=null | op=WRITE_CHUNK {blockData=conID: 3 locID: 102666070112076410 bcsId: 0} | ret=SUCCESS |  
2019-08-23 11:31:47,730 | INFO  | DNAudit | user=null | ip=null | op=WRITE_CHUNK {blockData=conID: 3 locID: 102666070112076410 bcsId: 0} | ret=SUCCESS |  
2019-08-23 11:31:47,761 | INFO  | DNAudit | user=null | ip=null | op=WRITE_CHUNK {blockData=conID: 3 locID: 102666070112076410 bcsId: 0} | ret=SUCCESS |  
2019-08-23 11:31:47,761 | INFO  | DNAudit | user=null | ip=null | op=PUT_BLOCK {blockData=[blockId=conID: 3 locID: 102666070112076410 bcsId: 0,size=1048576]} | ret=SUCCESS |  
2019-08-23 11:31:47,761 [grpc-default-executor-0] INFO  client.GrpcClientProtocolClient (GrpcClientProtocolClient.java:onNext(255)) - client-C9E345EC67ED->244f13ac-34be-4c4e-8e45-0c0272edbbb2: receive RaftClientReply:client-C9E345EC67ED->244f13ac-34be-4c4e-8e45-0c0272edbbb2@group-FE77C852EF02, cid=2902, SUCCESS, logIndex=4324, commits[244f13ac-34be-4c4e-8e45-0c0272edbbb2:c4325, 6287e41a-5356-4f55-84f2-270816d53e84:c4323, a2c18d3d-e79d-47c9-88fe-d8a1d195302b:c4323]
2019-08-23 11:31:47,762 | INFO  | DNAudit | user=null | ip=null | op=WRITE_CHUNK {blockData=conID: 3 locID: 102666070112076410 bcsId: 0} | ret=SUCCESS |  
2019-08-23 11:31:47,762 [grpc-default-executor-0] INFO  client.GrpcClientProtocolClient (GrpcClientProtocolClient.java:onNext(255)) - client-C9E345EC67ED->244f13ac-34be-4c4e-8e45-0c0272edbbb2: receive RaftClientReply:client-C9E345EC67ED->244f13ac-34be-4c4e-8e45-0c0272edbbb2@group-FE77C852EF02, cid=2903, SUCCESS, logIndex=4325, commits[244f13ac-34be-4c4e-8e45-0c0272edbbb2:c4325, 6287e41a-5356-4f55-84f2-270816d53e84:c4323, a2c18d3d-e79d-47c9-88fe-d8a1d195302b:c4323]
2019-08-23 11:31:47,763 | INFO  | DNAudit | user=null | ip=null | op=PUT_BLOCK {blockData=[blockId=conID: 3 locID: 102666070112076410 bcsId: 0,size=2097152]} | ret=SUCCESS |  
2019-08-23 11:31:47,763 [grpc-default-executor-0] INFO  client.GrpcClientProtocolClient (GrpcClientProtocolClient.java:onNext(255)) - client-C9E345EC67ED->244f13ac-34be-4c4e-8e45-0c0272edbbb2: receive RaftClientReply:client-C9E345EC67ED->244f13ac-34be-4c4e-8e45-0c0272edbbb2@group-FE77C852EF02, cid=2904, SUCCESS, logIndex=4326, commits[244f13ac-34be-4c4e-8e45-0c0272edbbb2:c4327, 6287e41a-5356-4f55-84f2-270816d53e84:c4323, a2c18d3d-e79d-47c9-88fe-d8a1d195302b:c4323]
2019-08-23 11:31:47,763 [grpc-default-executor-0] INFO  client.GrpcClientProtocolClient (GrpcClientProtocolClient.java:onNext(255)) - client-C9E345EC67ED->244f13ac-34be-4c4e-8e45-0c0272edbbb2: receive RaftClientReply:client-C9E345EC67ED->244f13ac-34be-4c4e-8e45-0c0272edbbb2@group-FE77C852EF02, cid=2905, SUCCESS, logIndex=4327, commits[244f13ac-34be-4c4e-8e45-0c0272edbbb2:c4327, 6287e41a-5356-4f55-84f2-270816d53e84:c4323, a2c18d3d-e79d-47c9-88fe-d8a1d195302b:c4323]
2019-08-23 11:31:47,774 | INFO  | DNAudit | user=null | ip=null | op=WRITE_CHUNK {blockData=conID: 3 locID: 102666070112076410 bcsId: 0} | ret=SUCCESS |  
2019-08-23 11:31:47,774 | INFO  | DNAudit | user=null | ip=null | op=PUT_BLOCK {blockData=[blockId=conID: 3 locID: 102666070112076410 bcsId: 0,size=1048576]} | ret=SUCCESS |  
2019-08-23 11:31:47,774 | INFO  | DNAudit | user=null | ip=null | op=WRITE_CHUNK {blockData=conID: 3 locID: 102666070112076410 bcsId: 0} | ret=SUCCESS |  
2019-08-23 11:31:47,774 | INFO  | DNAudit | user=null | ip=null | op=PUT_BLOCK {blockData=[blockId=conID: 3 locID: 102666070112076410 bcsId: 0,size=1048576]} | ret=SUCCESS |  
2019-08-23 11:31:47,775 [grpc-default-executor-0] INFO  client.GrpcClientProtocolClient (GrpcClientProtocolClient.java:onNext(255)) - client-C9E345EC67ED->244f13ac-34be-4c4e-8e45-0c0272edbbb2: receive RaftClientReply:client-C9E345EC67ED->244f13ac-34be-4c4e-8e45-0c0272edbbb2@group-FE77C852EF02, cid=2906, SUCCESS, logIndex=0, commits[244f13ac-34be-4c4e-8e45-0c0272edbbb2:c4329, 6287e41a-5356-4f55-84f2-270816d53e84:c4325, a2c18d3d-e79d-47c9-88fe-d8a1d195302b:c4325]
2019-08-23 11:31:47,782 | INFO  | DNAudit | user=null | ip=null | op=WRITE_CHUNK {blockData=conID: 3 locID: 102666070112076410 bcsId: 4327} | ret=SUCCESS |  
2019-08-23 11:31:47,784 | INFO  | DNAudit | user=null | ip=null | op=WRITE_CHUNK {blockData=conID: 3 locID: 102666070112076410 bcsId: 4327} | ret=SUCCESS |  
2019-08-23 11:31:47,784 | INFO  | DNAudit | user=null | ip=null | op=WRITE_CHUNK {blockData=conID: 3 locID: 102666070112076410 bcsId: 4327} | ret=SUCCESS |  
2019-08-23 11:31:47,789 | INFO  | DNAudit | user=null | ip=null | op=WRITE_CHUNK {blockData=conID: 3 locID: 102666070112076410 bcsId: 0} | ret=SUCCESS |  
2019-08-23 11:31:47,789 | INFO  | DNAudit | user=null | ip=null | op=WRITE_CHUNK {blockData=conID: 3 locID: 102666070112076410 bcsId: 0} | ret=SUCCESS |  
2019-08-23 11:31:47,789 | INFO  | DNAudit | user=null | ip=null | op=PUT_BLOCK {blockData=[blockId=conID: 3 locID: 102666070112076410 bcsId: 0,size=2097152]} | ret=SUCCESS |  
2019-08-23 11:31:47,789 | INFO  | DNAudit | user=null | ip=null | op=PUT_BLOCK {blockData=[blockId=conID: 3 locID: 102666070112076410 bcsId: 0,size=2097152]} | ret=SUCCESS |  
2019-08-23 11:31:47,790 | INFO  | DNAudit | user=null | ip=null | op=WRITE_CHUNK {blockData=conID: 3 locID: 102666070112076410 bcsId: 4327} | ret=SUCCESS |  
2019-08-23 11:31:47,791 | INFO  | DNAudit | user=null | ip=null | op=PUT_BLOCK {blockData=[blockId=conID: 3 locID: 102666070112076410 bcsId: 0,size=3145728]} | ret=SUCCESS |  
2019-08-23 11:31:47,791 [grpc-default-executor-4] INFO  client.GrpcClientProtocolClient (GrpcClientProtocolClient.java:onNext(255)) - client-C9E345EC67ED->244f13ac-34be-4c4e-8e45-0c0272edbbb2: receive RaftClientReply:client-C9E345EC67ED->244f13ac-34be-4c4e-8e45-0c0272edbbb2@group-FE77C852EF02, cid=2907, SUCCESS, logIndex=4332, commits[244f13ac-34be-4c4e-8e45-0c0272edbbb2:c4333, 6287e41a-5356-4f55-84f2-270816d53e84:c4329, a2c18d3d-e79d-47c9-88fe-d8a1d195302b:c4327]
2019-08-23 11:31:47,791 [grpc-default-executor-4] INFO  client.GrpcClientProtocolClient (GrpcClientProtocolClient.java:onNext(255)) - client-C9E345EC67ED->244f13ac-34be-4c4e-8e45-0c0272edbbb2: receive RaftClientReply:client-C9E345EC67ED->244f13ac-34be-4c4e-8e45-0c0272edbbb2@group-FE77C852EF02, cid=2908, SUCCESS, logIndex=4333, commits[244f13ac-34be-4c4e-8e45-0c0272edbbb2:c4333, 6287e41a-5356-4f55-84f2-270816d53e84:c4329, a2c18d3d-e79d-47c9-88fe-d8a1d195302b:c4329]
2019-08-23 11:31:47,792 | INFO  | DNAudit | user=null | ip=null | op=WRITE_CHUNK {blockData=conID: 3 locID: 102666070112076410 bcsId: 4327} | ret=SUCCESS |  
2019-08-23 11:31:47,792 | INFO  | DNAudit | user=null | ip=null | op=WRITE_CHUNK {blockData=conID: 3 locID: 102666070112076410 bcsId: 4327} | ret=SUCCESS |  
2019-08-23 11:31:47,792 | INFO  | DNAudit | user=null | ip=null | op=PUT_BLOCK {blockData=[blockId=conID: 3 locID: 102666070112076410 bcsId: 0,size=3145728]} | ret=SUCCESS |  
2019-08-23 11:31:47,792 | INFO  | DNAudit | user=null | ip=null | op=PUT_BLOCK {blockData=[blockId=conID: 3 locID: 102666070112076410 bcsId: 0,size=3145728]} | ret=SUCCESS |  
2019-08-23 11:31:47,797 | INFO  | DNAudit | user=null | ip=null | op=WRITE_CHUNK {blockData=conID: 3 locID: 102666070112076410 bcsId: 4333} | ret=SUCCESS |  
2019-08-23 11:31:47,799 | INFO  | DNAudit | user=null | ip=null | op=WRITE_CHUNK {blockData=conID: 3 locID: 102666070112076410 bcsId: 4333} | ret=SUCCESS |  
2019-08-23 11:31:47,799 | INFO  | DNAudit | user=null | ip=null | op=WRITE_CHUNK {blockData=conID: 3 locID: 102666070112076410 bcsId: 4333} | ret=SUCCESS |  
2019-08-23 11:31:47,807 | INFO  | DNAudit | user=null | ip=null | op=WRITE_CHUNK {blockData=conID: 3 locID: 102666070112076410 bcsId: 4333} | ret=SUCCESS |  
2019-08-23 11:31:47,808 | INFO  | DNAudit | user=null | ip=null | op=PUT_BLOCK {blockData=[blockId=conID: 3 locID: 102666070112076410 bcsId: 0,size=4194304]} | ret=SUCCESS |  
2019-08-23 11:31:47,808 [grpc-default-executor-0] INFO  client.GrpcClientProtocolClient (GrpcClientProtocolClient.java:onNext(255)) - client-C9E345EC67ED->244f13ac-34be-4c4e-8e45-0c0272edbbb2: receive RaftClientReply:client-C9E345EC67ED->244f13ac-34be-4c4e-8e45-0c0272edbbb2@group-FE77C852EF02, cid=2909, SUCCESS, logIndex=4336, commits[244f13ac-34be-4c4e-8e45-0c0272edbbb2:c4337, 6287e41a-5356-4f55-84f2-270816d53e84:c4335, a2c18d3d-e79d-47c9-88fe-d8a1d195302b:c4335]
2019-08-23 11:31:47,808 [grpc-default-executor-0] INFO  client.GrpcClientProtocolClient (GrpcClientProtocolClient.java:onNext(255)) - client-C9E345EC67ED->244f13ac-34be-4c4e-8e45-0c0272edbbb2: receive RaftClientReply:client-C9E345EC67ED->244f13ac-34be-4c4e-8e45-0c0272edbbb2@group-FE77C852EF02, cid=2910, SUCCESS, logIndex=4337, commits[244f13ac-34be-4c4e-8e45-0c0272edbbb2:c4337, 6287e41a-5356-4f55-84f2-270816d53e84:c4335, a2c18d3d-e79d-47c9-88fe-d8a1d195302b:c4335]
2019-08-23 11:31:47,819 | INFO  | DNAudit | user=null | ip=null | op=WRITE_CHUNK {blockData=conID: 3 locID: 102666070112076410 bcsId: 4333} | ret=SUCCESS |  
2019-08-23 11:31:47,820 | INFO  | DNAudit | user=null | ip=null | op=WRITE_CHUNK {blockData=conID: 3 locID: 102666070112076410 bcsId: 4333} | ret=SUCCESS |  
2019-08-23 11:31:47,820 | INFO  | DNAudit | user=null | ip=null | op=PUT_BLOCK {blockData=[blockId=conID: 3 locID: 102666070112076410 bcsId: 0,size=4194304]} | ret=SUCCESS |  
2019-08-23 11:31:47,820 | INFO  | DNAudit | user=null | ip=null | op=PUT_BLOCK {blockData=[blockId=conID: 3 locID: 102666070112076410 bcsId: 0,size=4194304]} | ret=SUCCESS |  
2019-08-23 11:31:47,820 [grpc-default-executor-0] INFO  client.GrpcClientProtocolClient (GrpcClientProtocolClient.java:onNext(255)) - client-C9E345EC67ED->244f13ac-34be-4c4e-8e45-0c0272edbbb2: receive RaftClientReply:client-C9E345EC67ED->244f13ac-34be-4c4e-8e45-0c0272edbbb2@group-FE77C852EF02, cid=2911, SUCCESS, logIndex=0, commits[244f13ac-34be-4c4e-8e45-0c0272edbbb2:c4338, 6287e41a-5356-4f55-84f2-270816d53e84:c4337, a2c18d3d-e79d-47c9-88fe-d8a1d195302b:c4337]
2019-08-23 11:31:47,826 | INFO  | SCMAudit | user=jenkins1000 | ip=192.168.5.185 | op=ALLOCATE_BLOCK {owner=00a23185-76ea-47b5-a641-ad3cfbe5521a, size=4194304, type=RATIS, factor=THREE} | ret=SUCCESS |  
2019-08-23 11:31:47,830 | INFO  | OMAudit | user=jenkins1000 | ip=127.0.0.1 | op=ALLOCATE_BLOCK {volume=vol-0-37508, bucket=bucket-0-50919, key=key-0-57313, dataSize=0, replicationType=null, replicationFactor=null, keyLocationInfo=null, clientID=102666068570931602} | ret=SUCCESS |  
2019-08-23 11:31:47,835 | INFO  | DNAudit | user=null | ip=null | op=WRITE_CHUNK {blockData=conID: 1 locID: 102666070119285371 bcsId: 0} | ret=SUCCESS |  
2019-08-23 11:31:47,837 | INFO  | DNAudit | user=null | ip=null | op=WRITE_CHUNK {blockData=conID: 1 locID: 102666070119285371 bcsId: 0} | ret=SUCCESS |  
2019-08-23 11:31:47,839 | INFO  | DNAudit | user=null | ip=null | op=WRITE_CHUNK {blockData=conID: 1 locID: 102666070119285371 bcsId: 0} | ret=SUCCESS |  
2019-08-23 11:31:47,839 | INFO  | DNAudit | user=null | ip=null | op=WRITE_CHUNK {blockData=conID: 1 locID: 102666070119285371 bcsId: 0} | ret=SUCCESS |  
2019-08-23 11:31:47,840 | INFO  | DNAudit | user=null | ip=null | op=WRITE_CHUNK {blockData=conID: 1 locID: 102666070119285371 bcsId: 0} | ret=SUCCESS |  
2019-08-23 11:31:47,840 | INFO  | DNAudit | user=null | ip=null | op=WRITE_CHUNK {blockData=conID: 1 locID: 102666070119285371 bcsId: 0} | ret=SUCCESS |  
2019-08-23 11:31:47,841 | INFO  | DNAudit | user=null | ip=null | op=WRITE_CHUNK {blockData=conID: 1 locID: 102666070119285371 bcsId: 0} | ret=SUCCESS |  
2019-08-23 11:31:47,841 | INFO  | DNAudit | user=null | ip=null | op=PUT_BLOCK {blockData=[blockId=conID: 1 locID: 102666070119285371 bcsId: 0,size=1048576]} | ret=SUCCESS |  
2019-08-23 11:31:47,841 [grpc-default-executor-0] INFO  client.GrpcClientProtocolClient (GrpcClientProtocolClient.java:onNext(255)) - client-C9E345EC67ED->244f13ac-34be-4c4e-8e45-0c0272edbbb2: receive RaftClientReply:client-C9E345EC67ED->244f13ac-34be-4c4e-8e45-0c0272edbbb2@group-FE77C852EF02, cid=2912, SUCCESS, logIndex=4340, commits[244f13ac-34be-4c4e-8e45-0c0272edbbb2:c4341, 6287e41a-5356-4f55-84f2-270816d53e84:c4337, a2c18d3d-e79d-47c9-88fe-d8a1d195302b:c4339]
2019-08-23 11:31:47,842 [grpc-default-executor-0] INFO  client.GrpcClientProtocolClient (GrpcClientProtocolClient.java:onNext(255)) - client-C9E345EC67ED->244f13ac-34be-4c4e-8e45-0c0272edbbb2: receive RaftClientReply:client-C9E345EC67ED->244f13ac-34be-4c4e-8e45-0c0272edbbb2@group-FE77C852EF02, cid=2913, SUCCESS, logIndex=4341, commits[244f13ac-34be-4c4e-8e45-0c0272edbbb2:c4341, 6287e41a-5356-4f55-84f2-270816d53e84:c4337, a2c18d3d-e79d-47c9-88fe-d8a1d195302b:c4339]
2019-08-23 11:31:47,842 | INFO  | DNAudit | user=null | ip=null | op=WRITE_CHUNK {blockData=conID: 1 locID: 102666070119285371 bcsId: 0} | ret=SUCCESS |  
2019-08-23 11:31:47,842 | INFO  | DNAudit | user=null | ip=null | op=PUT_BLOCK {blockData=[blockId=conID: 1 locID: 102666070119285371 bcsId: 0,size=2097152]} | ret=SUCCESS |  
2019-08-23 11:31:47,843 [grpc-default-executor-1] INFO  client.GrpcClientProtocolClient (GrpcClientProtocolClient.java:onNext(255)) - client-C9E345EC67ED->244f13ac-34be-4c4e-8e45-0c0272edbbb2: receive RaftClientReply:client-C9E345EC67ED->244f13ac-34be-4c4e-8e45-0c0272edbbb2@group-FE77C852EF02, cid=2914, SUCCESS, logIndex=4342, commits[244f13ac-34be-4c4e-8e45-0c0272edbbb2:c4343, 6287e41a-5356-4f55-84f2-270816d53e84:c4337, a2c18d3d-e79d-47c9-88fe-d8a1d195302b:c4339]
2019-08-23 11:31:47,843 [grpc-default-executor-1] INFO  client.GrpcClientProtocolClient (GrpcClientProtocolClient.java:onNext(255)) - client-C9E345EC67ED->244f13ac-34be-4c4e-8e45-0c0272edbbb2: receive RaftClientReply:client-C9E345EC67ED->244f13ac-34be-4c4e-8e45-0c0272edbbb2@group-FE77C852EF02, cid=2915, SUCCESS, logIndex=4343, commits[244f13ac-34be-4c4e-8e45-0c0272edbbb2:c4343, 6287e41a-5356-4f55-84f2-270816d53e84:c4337, a2c18d3d-e79d-47c9-88fe-d8a1d195302b:c4339]
2019-08-23 11:31:47,856 | INFO  | DNAudit | user=null | ip=null | op=WRITE_CHUNK {blockData=conID: 1 locID: 102666070119285371 bcsId: 0} | ret=SUCCESS |  
2019-08-23 11:31:47,856 | INFO  | DNAudit | user=null | ip=null | op=PUT_BLOCK {blockData=[blockId=conID: 1 locID: 102666070119285371 bcsId: 0,size=1048576]} | ret=SUCCESS |  
2019-08-23 11:31:47,856 | INFO  | DNAudit | user=null | ip=null | op=WRITE_CHUNK {blockData=conID: 1 locID: 102666070119285371 bcsId: 0} | ret=SUCCESS |  
2019-08-23 11:31:47,856 | INFO  | DNAudit | user=null | ip=null | op=PUT_BLOCK {blockData=[blockId=conID: 1 locID: 102666070119285371 bcsId: 0,size=1048576]} | ret=SUCCESS |  
2019-08-23 11:31:47,856 | INFO  | DNAudit | user=null | ip=null | op=WRITE_CHUNK {blockData=conID: 1 locID: 102666070119285371 bcsId: 0} | ret=SUCCESS |  
2019-08-23 11:31:47,857 | INFO  | DNAudit | user=null | ip=null | op=PUT_BLOCK {blockData=[blockId=conID: 1 locID: 102666070119285371 bcsId: 0,size=2097152]} | ret=SUCCESS |  
2019-08-23 11:31:47,857 | INFO  | DNAudit | user=null | ip=null | op=WRITE_CHUNK {blockData=conID: 1 locID: 102666070119285371 bcsId: 0} | ret=SUCCESS |  
2019-08-23 11:31:47,857 [grpc-default-executor-1] INFO  client.GrpcClientProtocolClient (GrpcClientProtocolClient.java:onNext(255)) - client-C9E345EC67ED->244f13ac-34be-4c4e-8e45-0c0272edbbb2: receive RaftClientReply:client-C9E345EC67ED->244f13ac-34be-4c4e-8e45-0c0272edbbb2@group-FE77C852EF02, cid=2916, SUCCESS, logIndex=0, commits[244f13ac-34be-4c4e-8e45-0c0272edbbb2:c4345, 6287e41a-5356-4f55-84f2-270816d53e84:c4341, a2c18d3d-e79d-47c9-88fe-d8a1d195302b:c4341]
2019-08-23 11:31:47,857 | INFO  | DNAudit | user=null | ip=null | op=PUT_BLOCK {blockData=[blockId=conID: 1 locID: 102666070119285371 bcsId: 0,size=2097152]} | ret=SUCCESS |  
2019-08-23 11:31:47,861 | INFO  | DNAudit | user=null | ip=null | op=WRITE_CHUNK {blockData=conID: 1 locID: 102666070119285371 bcsId: 4343} | ret=SUCCESS |  
2019-08-23 11:31:47,863 | INFO  | DNAudit | user=null | ip=null | op=WRITE_CHUNK {blockData=conID: 1 locID: 102666070119285371 bcsId: 4343} | ret=SUCCESS |  
2019-08-23 11:31:47,863 | INFO  | DNAudit | user=null | ip=null | op=WRITE_CHUNK {blockData=conID: 1 locID: 102666070119285371 bcsId: 4343} | ret=SUCCESS |  
2019-08-23 11:31:47,870 | INFO  | DNAudit | user=null | ip=null | op=WRITE_CHUNK {blockData=conID: 1 locID: 102666070119285371 bcsId: 4343} | ret=SUCCESS |  
2019-08-23 11:31:47,871 | INFO  | DNAudit | user=null | ip=null | op=PUT_BLOCK {blockData=[blockId=conID: 1 locID: 102666070119285371 bcsId: 0,size=3145728]} | ret=SUCCESS |  
2019-08-23 11:31:47,871 [grpc-default-executor-4] INFO  client.GrpcClientProtocolClient (GrpcClientProtocolClient.java:onNext(255)) - client-C9E345EC67ED->244f13ac-34be-4c4e-8e45-0c0272edbbb2: receive RaftClientReply:client-C9E345EC67ED->244f13ac-34be-4c4e-8e45-0c0272edbbb2@group-FE77C852EF02, cid=2917, SUCCESS, logIndex=4348, commits[244f13ac-34be-4c4e-8e45-0c0272edbbb2:c4349, 6287e41a-5356-4f55-84f2-270816d53e84:c4347, a2c18d3d-e79d-47c9-88fe-d8a1d195302b:c4347]
2019-08-23 11:31:47,871 [grpc-default-executor-4] INFO  client.GrpcClientProtocolClient (GrpcClientProtocolClient.java:onNext(255)) - client-C9E345EC67ED->244f13ac-34be-4c4e-8e45-0c0272edbbb2: receive RaftClientReply:client-C9E345EC67ED->244f13ac-34be-4c4e-8e45-0c0272edbbb2@group-FE77C852EF02, cid=2918, SUCCESS, logIndex=4349, commits[244f13ac-34be-4c4e-8e45-0c0272edbbb2:c4349, 6287e41a-5356-4f55-84f2-270816d53e84:c4347, a2c18d3d-e79d-47c9-88fe-d8a1d195302b:c4347]
2019-08-23 11:31:47,876 | INFO  | DNAudit | user=null | ip=null | op=WRITE_CHUNK {blockData=conID: 1 locID: 102666070119285371 bcsId: 4349} | ret=SUCCESS |  
2019-08-23 11:31:47,878 | INFO  | DNAudit | user=null | ip=null | op=WRITE_CHUNK {blockData=conID: 1 locID: 102666070119285371 bcsId: 4349} | ret=SUCCESS |  
2019-08-23 11:31:47,879 | INFO  | DNAudit | user=null | ip=null | op=WRITE_CHUNK {blockData=conID: 1 locID: 102666070119285371 bcsId: 4349} | ret=SUCCESS |  
2019-08-23 11:31:47,882 | INFO  | DNAudit | user=null | ip=null | op=WRITE_CHUNK {blockData=conID: 1 locID: 102666070119285371 bcsId: 4343} | ret=SUCCESS |  
2019-08-23 11:31:47,882 | INFO  | DNAudit | user=null | ip=null | op=WRITE_CHUNK {blockData=conID: 1 locID: 102666070119285371 bcsId: 4343} | ret=SUCCESS |  
2019-08-23 11:31:47,883 | INFO  | DNAudit | user=null | ip=null | op=PUT_BLOCK {blockData=[blockId=conID: 1 locID: 102666070119285371 bcsId: 0,size=3145728]} | ret=SUCCESS |  
2019-08-23 11:31:47,885 | INFO  | DNAudit | user=null | ip=null | op=WRITE_CHUNK {blockData=conID: 1 locID: 102666070119285371 bcsId: 4349} | ret=SUCCESS |  
2019-08-23 11:31:47,885 | INFO  | DNAudit | user=null | ip=null | op=PUT_BLOCK {blockData=[blockId=conID: 1 locID: 102666070119285371 bcsId: 0,size=3145728]} | ret=SUCCESS |  
2019-08-23 11:31:47,885 | INFO  | DNAudit | user=null | ip=null | op=PUT_BLOCK {blockData=[blockId=conID: 1 locID: 102666070119285371 bcsId: 0,size=4194304]} | ret=SUCCESS |  
2019-08-23 11:31:47,886 [grpc-default-executor-2] INFO  client.GrpcClientProtocolClient (GrpcClientProtocolClient.java:onNext(255)) - client-C9E345EC67ED->244f13ac-34be-4c4e-8e45-0c0272edbbb2: receive RaftClientReply:client-C9E345EC67ED->244f13ac-34be-4c4e-8e45-0c0272edbbb2@group-FE77C852EF02, cid=2919, SUCCESS, logIndex=4352, commits[244f13ac-34be-4c4e-8e45-0c0272edbbb2:c4353, 6287e41a-5356-4f55-84f2-270816d53e84:c4348, a2c18d3d-e79d-47c9-88fe-d8a1d195302b:c4349]
2019-08-23 11:31:47,886 [grpc-default-executor-2] INFO  client.GrpcClientProtocolClient (GrpcClientProtocolClient.java:onNext(255)) - client-C9E345EC67ED->244f13ac-34be-4c4e-8e45-0c0272edbbb2: receive RaftClientReply:client-C9E345EC67ED->244f13ac-34be-4c4e-8e45-0c0272edbbb2@group-FE77C852EF02, cid=2920, SUCCESS, logIndex=4353, commits[244f13ac-34be-4c4e-8e45-0c0272edbbb2:c4353, 6287e41a-5356-4f55-84f2-270816d53e84:c4349, a2c18d3d-e79d-47c9-88fe-d8a1d195302b:c4349]
2019-08-23 11:31:47,897 | INFO  | DNAudit | user=null | ip=null | op=WRITE_CHUNK {blockData=conID: 1 locID: 102666070119285371 bcsId: 4349} | ret=SUCCESS |  
2019-08-23 11:31:47,897 | INFO  | DNAudit | user=null | ip=null | op=WRITE_CHUNK {blockData=conID: 1 locID: 102666070119285371 bcsId: 4349} | ret=SUCCESS |  
2019-08-23 11:31:47,897 | INFO  | DNAudit | user=null | ip=null | op=PUT_BLOCK {blockData=[blockId=conID: 1 locID: 102666070119285371 bcsId: 0,size=4194304]} | ret=SUCCESS |  
2019-08-23 11:31:47,897 | INFO  | DNAudit | user=null | ip=null | op=PUT_BLOCK {blockData=[blockId=conID: 1 locID: 102666070119285371 bcsId: 0,size=4194304]} | ret=SUCCESS |  
2019-08-23 11:31:47,897 [grpc-default-executor-2] INFO  client.GrpcClientProtocolClient (GrpcClientProtocolClient.java:onNext(255)) - client-C9E345EC67ED->244f13ac-34be-4c4e-8e45-0c0272edbbb2: receive RaftClientReply:client-C9E345EC67ED->244f13ac-34be-4c4e-8e45-0c0272edbbb2@group-FE77C852EF02, cid=2921, SUCCESS, logIndex=0, commits[244f13ac-34be-4c4e-8e45-0c0272edbbb2:c4354, 6287e41a-5356-4f55-84f2-270816d53e84:c4353, a2c18d3d-e79d-47c9-88fe-d8a1d195302b:c4353]
2019-08-23 11:31:47,902 | INFO  | SCMAudit | user=jenkins1000 | ip=192.168.5.185 | op=ALLOCATE_BLOCK {owner=00a23185-76ea-47b5-a641-ad3cfbe5521a, size=4194304, type=RATIS, factor=THREE} | ret=SUCCESS |  
2019-08-23 11:31:47,905 | INFO  | OMAudit | user=jenkins1000 | ip=127.0.0.1 | op=ALLOCATE_BLOCK {volume=vol-0-37508, bucket=bucket-0-50919, key=key-0-57313, dataSize=0, replicationType=null, replicationFactor=null, keyLocationInfo=null, clientID=102666068570931602} | ret=SUCCESS |  
2019-08-23 11:31:47,910 | INFO  | DNAudit | user=null | ip=null | op=WRITE_CHUNK {blockData=conID: 2 locID: 102666070124266108 bcsId: 0} | ret=SUCCESS |  
2019-08-23 11:31:47,912 | INFO  | DNAudit | user=null | ip=null | op=WRITE_CHUNK {blockData=conID: 2 locID: 102666070124266108 bcsId: 0} | ret=SUCCESS |  
2019-08-23 11:31:47,912 | INFO  | DNAudit | user=null | ip=null | op=WRITE_CHUNK {blockData=conID: 2 locID: 102666070124266108 bcsId: 0} | ret=SUCCESS |  
2019-08-23 11:31:47,912 | INFO  | DNAudit | user=null | ip=null | op=WRITE_CHUNK {blockData=conID: 2 locID: 102666070124266108 bcsId: 0} | ret=SUCCESS |  
2019-08-23 11:31:47,914 | INFO  | DNAudit | user=null | ip=null | op=WRITE_CHUNK {blockData=conID: 2 locID: 102666070124266108 bcsId: 0} | ret=SUCCESS |  
2019-08-23 11:31:47,914 | INFO  | DNAudit | user=null | ip=null | op=WRITE_CHUNK {blockData=conID: 2 locID: 102666070124266108 bcsId: 0} | ret=SUCCESS |  
2019-08-23 11:31:47,947 | INFO  | DNAudit | user=null | ip=null | op=WRITE_CHUNK {blockData=conID: 2 locID: 102666070124266108 bcsId: 0} | ret=SUCCESS |  
2019-08-23 11:31:47,948 | INFO  | DNAudit | user=null | ip=null | op=PUT_BLOCK {blockData=[blockId=conID: 2 locID: 102666070124266108 bcsId: 0,size=1048576]} | ret=SUCCESS |  
2019-08-23 11:31:47,948 [grpc-default-executor-4] INFO  client.GrpcClientProtocolClient (GrpcClientProtocolClient.java:onNext(255)) - client-C9E345EC67ED->244f13ac-34be-4c4e-8e45-0c0272edbbb2: receive RaftClientReply:client-C9E345EC67ED->244f13ac-34be-4c4e-8e45-0c0272edbbb2@group-FE77C852EF02, cid=2922, SUCCESS, logIndex=4355, commits[244f13ac-34be-4c4e-8e45-0c0272edbbb2:c4356, 6287e41a-5356-4f55-84f2-270816d53e84:c4354, a2c18d3d-e79d-47c9-88fe-d8a1d195302b:c4354]
2019-08-23 11:31:47,948 | INFO  | DNAudit | user=null | ip=null | op=WRITE_CHUNK {blockData=conID: 2 locID: 102666070124266108 bcsId: 0} | ret=SUCCESS |  
2019-08-23 11:31:47,948 [grpc-default-executor-4] INFO  client.GrpcClientProtocolClient (GrpcClientProtocolClient.java:onNext(255)) - client-C9E345EC67ED->244f13ac-34be-4c4e-8e45-0c0272edbbb2: receive RaftClientReply:client-C9E345EC67ED->244f13ac-34be-4c4e-8e45-0c0272edbbb2@group-FE77C852EF02, cid=2923, SUCCESS, logIndex=4356, commits[244f13ac-34be-4c4e-8e45-0c0272edbbb2:c4356, 6287e41a-5356-4f55-84f2-270816d53e84:c4354, a2c18d3d-e79d-47c9-88fe-d8a1d195302b:c4354]
2019-08-23 11:31:47,949 | INFO  | DNAudit | user=null | ip=null | op=PUT_BLOCK {blockData=[blockId=conID: 2 locID: 102666070124266108 bcsId: 0,size=2097152]} | ret=SUCCESS |  
2019-08-23 11:31:47,949 [grpc-default-executor-4] INFO  client.GrpcClientProtocolClient (GrpcClientProtocolClient.java:onNext(255)) - client-C9E345EC67ED->244f13ac-34be-4c4e-8e45-0c0272edbbb2: receive RaftClientReply:client-C9E345EC67ED->244f13ac-34be-4c4e-8e45-0c0272edbbb2@group-FE77C852EF02, cid=2924, SUCCESS, logIndex=4357, commits[244f13ac-34be-4c4e-8e45-0c0272edbbb2:c4358, 6287e41a-5356-4f55-84f2-270816d53e84:c4354, a2c18d3d-e79d-47c9-88fe-d8a1d195302b:c4354]
2019-08-23 11:31:47,949 | INFO  | DNAudit | user=null | ip=null | op=WRITE_CHUNK {blockData=conID: 2 locID: 102666070124266108 bcsId: 0} | ret=SUCCESS |  
2019-08-23 11:31:47,949 [grpc-default-executor-4] INFO  client.GrpcClientProtocolClient (GrpcClientProtocolClient.java:onNext(255)) - client-C9E345EC67ED->244f13ac-34be-4c4e-8e45-0c0272edbbb2: receive RaftClientReply:client-C9E345EC67ED->244f13ac-34be-4c4e-8e45-0c0272edbbb2@group-FE77C852EF02, cid=2925, SUCCESS, logIndex=4358, commits[244f13ac-34be-4c4e-8e45-0c0272edbbb2:c4358, 6287e41a-5356-4f55-84f2-270816d53e84:c4354, a2c18d3d-e79d-47c9-88fe-d8a1d195302b:c4354]
2019-08-23 11:31:47,950 | INFO  | DNAudit | user=null | ip=null | op=PUT_BLOCK {blockData=[blockId=conID: 2 locID: 102666070124266108 bcsId: 0,size=1048576]} | ret=SUCCESS |  
2019-08-23 11:31:47,958 | INFO  | DNAudit | user=null | ip=null | op=WRITE_CHUNK {blockData=conID: 2 locID: 102666070124266108 bcsId: 0} | ret=SUCCESS |  
2019-08-23 11:31:47,959 | INFO  | DNAudit | user=null | ip=null | op=PUT_BLOCK {blockData=[blockId=conID: 2 locID: 102666070124266108 bcsId: 0,size=1048576]} | ret=SUCCESS |  
2019-08-23 11:31:47,959 [grpc-default-executor-4] INFO  client.GrpcClientProtocolClient (GrpcClientProtocolClient.java:onNext(255)) - client-C9E345EC67ED->244f13ac-34be-4c4e-8e45-0c0272edbbb2: receive RaftClientReply:client-C9E345EC67ED->244f13ac-34be-4c4e-8e45-0c0272edbbb2@group-FE77C852EF02, cid=2926, SUCCESS, logIndex=0, commits[244f13ac-34be-4c4e-8e45-0c0272edbbb2:c4360, 6287e41a-5356-4f55-84f2-270816d53e84:c4356, a2c18d3d-e79d-47c9-88fe-d8a1d195302b:c4356]
2019-08-23 11:31:47,965 | INFO  | DNAudit | user=null | ip=null | op=WRITE_CHUNK {blockData=conID: 2 locID: 102666070124266108 bcsId: 4358} | ret=SUCCESS |  
2019-08-23 11:31:47,967 | INFO  | DNAudit | user=null | ip=null | op=WRITE_CHUNK {blockData=conID: 2 locID: 102666070124266108 bcsId: 4358} | ret=SUCCESS |  
2019-08-23 11:31:47,968 | INFO  | DNAudit | user=null | ip=null | op=WRITE_CHUNK {blockData=conID: 2 locID: 102666070124266108 bcsId: 4358} | ret=SUCCESS |  
2019-08-23 11:31:47,969 | INFO  | DNAudit | user=null | ip=null | op=WRITE_CHUNK {blockData=conID: 2 locID: 102666070124266108 bcsId: 0} | ret=SUCCESS |  
2019-08-23 11:31:47,970 | INFO  | DNAudit | user=null | ip=null | op=PUT_BLOCK {blockData=[blockId=conID: 2 locID: 102666070124266108 bcsId: 0,size=2097152]} | ret=SUCCESS |  
2019-08-23 11:31:47,970 | INFO  | DNAudit | user=null | ip=null | op=WRITE_CHUNK {blockData=conID: 2 locID: 102666070124266108 bcsId: 0} | ret=SUCCESS |  
2019-08-23 11:31:47,970 | INFO  | DNAudit | user=null | ip=null | op=PUT_BLOCK {blockData=[blockId=conID: 2 locID: 102666070124266108 bcsId: 0,size=2097152]} | ret=SUCCESS |  
2019-08-23 11:31:47,971 | INFO  | DNAudit | user=null | ip=null | op=WRITE_CHUNK {blockData=conID: 2 locID: 102666070124266108 bcsId: 4358} | ret=SUCCESS |  
2019-08-23 11:31:47,971 | INFO  | DNAudit | user=null | ip=null | op=PUT_BLOCK {blockData=[blockId=conID: 2 locID: 102666070124266108 bcsId: 0,size=3145728]} | ret=SUCCESS |  
2019-08-23 11:31:47,971 [grpc-default-executor-4] INFO  client.GrpcClientProtocolClient (GrpcClientProtocolClient.java:onNext(255)) - client-C9E345EC67ED->244f13ac-34be-4c4e-8e45-0c0272edbbb2: receive RaftClientReply:client-C9E345EC67ED->244f13ac-34be-4c4e-8e45-0c0272edbbb2@group-FE77C852EF02, cid=2927, SUCCESS, logIndex=4363, commits[244f13ac-34be-4c4e-8e45-0c0272edbbb2:c4364, 6287e41a-5356-4f55-84f2-270816d53e84:c4360, a2c18d3d-e79d-47c9-88fe-d8a1d195302b:c4358]
2019-08-23 11:31:47,972 [grpc-default-executor-4] INFO  client.GrpcClientProtocolClient (GrpcClientProtocolClient.java:onNext(255)) - client-C9E345EC67ED->244f13ac-34be-4c4e-8e45-0c0272edbbb2: receive RaftClientReply:client-C9E345EC67ED->244f13ac-34be-4c4e-8e45-0c0272edbbb2@group-FE77C852EF02, cid=2928, SUCCESS, logIndex=4364, commits[244f13ac-34be-4c4e-8e45-0c0272edbbb2:c4364, 6287e41a-5356-4f55-84f2-270816d53e84:c4360, a2c18d3d-e79d-47c9-88fe-d8a1d195302b:c4360]
2019-08-23 11:31:47,972 | INFO  | DNAudit | user=null | ip=null | op=WRITE_CHUNK {blockData=conID: 2 locID: 102666070124266108 bcsId: 4358} | ret=SUCCESS |  
2019-08-23 11:31:47,972 | INFO  | DNAudit | user=null | ip=null | op=WRITE_CHUNK {blockData=conID: 2 locID: 102666070124266108 bcsId: 4358} | ret=SUCCESS |  
2019-08-23 11:31:47,972 | INFO  | DNAudit | user=null | ip=null | op=PUT_BLOCK {blockData=[blockId=conID: 2 locID: 102666070124266108 bcsId: 0,size=3145728]} | ret=SUCCESS |  
2019-08-23 11:31:47,973 | INFO  | DNAudit | user=null | ip=null | op=PUT_BLOCK {blockData=[blockId=conID: 2 locID: 102666070124266108 bcsId: 0,size=3145728]} | ret=SUCCESS |  
2019-08-23 11:31:47,977 | INFO  | DNAudit | user=null | ip=null | op=WRITE_CHUNK {blockData=conID: 2 locID: 102666070124266108 bcsId: 4364} | ret=SUCCESS |  
2019-08-23 11:31:47,979 | INFO  | DNAudit | user=null | ip=null | op=WRITE_CHUNK {blockData=conID: 2 locID: 102666070124266108 bcsId: 4364} | ret=SUCCESS |  
2019-08-23 11:31:47,979 | INFO  | DNAudit | user=null | ip=null | op=WRITE_CHUNK {blockData=conID: 2 locID: 102666070124266108 bcsId: 4364} | ret=SUCCESS |  
2019-08-23 11:31:47,985 | INFO  | DNAudit | user=null | ip=null | op=WRITE_CHUNK {blockData=conID: 2 locID: 102666070124266108 bcsId: 4364} | ret=SUCCESS |  
2019-08-23 11:31:47,985 | INFO  | DNAudit | user=null | ip=null | op=PUT_BLOCK {blockData=[blockId=conID: 2 locID: 102666070124266108 bcsId: 0,size=4194304]} | ret=SUCCESS |  
2019-08-23 11:31:47,986 [grpc-default-executor-2] INFO  client.GrpcClientProtocolClient (GrpcClientProtocolClient.java:onNext(255)) - client-C9E345EC67ED->244f13ac-34be-4c4e-8e45-0c0272edbbb2: receive RaftClientReply:client-C9E345EC67ED->244f13ac-34be-4c4e-8e45-0c0272edbbb2@group-FE77C852EF02, cid=2929, SUCCESS, logIndex=4367, commits[244f13ac-34be-4c4e-8e45-0c0272edbbb2:c4368, 6287e41a-5356-4f55-84f2-270816d53e84:c4366, a2c18d3d-e79d-47c9-88fe-d8a1d195302b:c4366]
2019-08-23 11:31:47,986 [grpc-default-executor-2] INFO  client.GrpcClientProtocolClient (GrpcClientProtocolClient.java:onNext(255)) - client-C9E345EC67ED->244f13ac-34be-4c4e-8e45-0c0272edbbb2: receive RaftClientReply:client-C9E345EC67ED->244f13ac-34be-4c4e-8e45-0c0272edbbb2@group-FE77C852EF02, cid=2930, SUCCESS, logIndex=4368, commits[244f13ac-34be-4c4e-8e45-0c0272edbbb2:c4368, 6287e41a-5356-4f55-84f2-270816d53e84:c4366, a2c18d3d-e79d-47c9-88fe-d8a1d195302b:c4366]
2019-08-23 11:31:47,997 | INFO  | DNAudit | user=null | ip=null | op=WRITE_CHUNK {blockData=conID: 2 locID: 102666070124266108 bcsId: 4364} | ret=SUCCESS |  
2019-08-23 11:31:47,997 | INFO  | DNAudit | user=null | ip=null | op=WRITE_CHUNK {blockData=conID: 2 locID: 102666070124266108 bcsId: 4364} | ret=SUCCESS |  
2019-08-23 11:31:47,999 | INFO  | DNAudit | user=null | ip=null | op=PUT_BLOCK {blockData=[blockId=conID: 2 locID: 102666070124266108 bcsId: 0,size=4194304]} | ret=SUCCESS |  
2019-08-23 11:31:47,999 | INFO  | DNAudit | user=null | ip=null | op=PUT_BLOCK {blockData=[blockId=conID: 2 locID: 102666070124266108 bcsId: 0,size=4194304]} | ret=SUCCESS |  
2019-08-23 11:31:48,000 [grpc-default-executor-2] INFO  client.GrpcClientProtocolClient (GrpcClientProtocolClient.java:onNext(255)) - client-C9E345EC67ED->244f13ac-34be-4c4e-8e45-0c0272edbbb2: receive RaftClientReply:client-C9E345EC67ED->244f13ac-34be-4c4e-8e45-0c0272edbbb2@group-FE77C852EF02, cid=2931, SUCCESS, logIndex=0, commits[244f13ac-34be-4c4e-8e45-0c0272edbbb2:c4370, 6287e41a-5356-4f55-84f2-270816d53e84:c4368, a2c18d3d-e79d-47c9-88fe-d8a1d195302b:c4368]
2019-08-23 11:31:48,006 | INFO  | SCMAudit | user=jenkins1000 | ip=192.168.5.185 | op=ALLOCATE_BLOCK {owner=00a23185-76ea-47b5-a641-ad3cfbe5521a, size=4194304, type=RATIS, factor=THREE} | ret=SUCCESS |  
2019-08-23 11:31:48,010 | INFO  | OMAudit | user=jenkins1000 | ip=127.0.0.1 | op=ALLOCATE_BLOCK {volume=vol-0-37508, bucket=bucket-0-50919, key=key-0-57313, dataSize=0, replicationType=null, replicationFactor=null, keyLocationInfo=null, clientID=102666068570931602} | ret=SUCCESS |  
2019-08-23 11:31:48,016 | INFO  | DNAudit | user=null | ip=null | op=WRITE_CHUNK {blockData=conID: 3 locID: 102666070131081853 bcsId: 0} | ret=SUCCESS |  
2019-08-23 11:31:48,018 | INFO  | DNAudit | user=null | ip=null | op=WRITE_CHUNK {blockData=conID: 3 locID: 102666070131081853 bcsId: 0} | ret=SUCCESS |  
2019-08-23 11:31:48,018 | INFO  | DNAudit | user=null | ip=null | op=WRITE_CHUNK {blockData=conID: 3 locID: 102666070131081853 bcsId: 0} | ret=SUCCESS |  
2019-08-23 11:31:48,019 | INFO  | DNAudit | user=null | ip=null | op=WRITE_CHUNK {blockData=conID: 3 locID: 102666070131081853 bcsId: 0} | ret=SUCCESS |  
2019-08-23 11:31:48,019 | INFO  | DNAudit | user=null | ip=null | op=WRITE_CHUNK {blockData=conID: 3 locID: 102666070131081853 bcsId: 0} | ret=SUCCESS |  
2019-08-23 11:31:48,020 | INFO  | DNAudit | user=null | ip=null | op=WRITE_CHUNK {blockData=conID: 3 locID: 102666070131081853 bcsId: 0} | ret=SUCCESS |  
2019-08-23 11:31:48,020 | INFO  | DNAudit | user=null | ip=null | op=WRITE_CHUNK {blockData=conID: 3 locID: 102666070131081853 bcsId: 0} | ret=SUCCESS |  
2019-08-23 11:31:48,021 | INFO  | DNAudit | user=null | ip=null | op=PUT_BLOCK {blockData=[blockId=conID: 3 locID: 102666070131081853 bcsId: 0,size=1048576]} | ret=SUCCESS |  
2019-08-23 11:31:48,021 [grpc-default-executor-2] INFO  client.GrpcClientProtocolClient (GrpcClientProtocolClient.java:onNext(255)) - client-C9E345EC67ED->244f13ac-34be-4c4e-8e45-0c0272edbbb2: receive RaftClientReply:client-C9E345EC67ED->244f13ac-34be-4c4e-8e45-0c0272edbbb2@group-FE77C852EF02, cid=2932, SUCCESS, logIndex=4371, commits[244f13ac-34be-4c4e-8e45-0c0272edbbb2:c4372, 6287e41a-5356-4f55-84f2-270816d53e84:c4368, a2c18d3d-e79d-47c9-88fe-d8a1d195302b:c4370]
2019-08-23 11:31:48,021 | INFO  | DNAudit | user=null | ip=null | op=WRITE_CHUNK {blockData=conID: 3 locID: 102666070131081853 bcsId: 0} | ret=SUCCESS |  
2019-08-23 11:31:48,021 [grpc-default-executor-2] INFO  client.GrpcClientProtocolClient (GrpcClientProtocolClient.java:onNext(255)) - client-C9E345EC67ED->244f13ac-34be-4c4e-8e45-0c0272edbbb2: receive RaftClientReply:client-C9E345EC67ED->244f13ac-34be-4c4e-8e45-0c0272edbbb2@group-FE77C852EF02, cid=2933, SUCCESS, logIndex=4372, commits[244f13ac-34be-4c4e-8e45-0c0272edbbb2:c4372, 6287e41a-5356-4f55-84f2-270816d53e84:c4368, a2c18d3d-e79d-47c9-88fe-d8a1d195302b:c4370]
2019-08-23 11:31:48,022 | INFO  | DNAudit | user=null | ip=null | op=PUT_BLOCK {blockData=[blockId=conID: 3 locID: 102666070131081853 bcsId: 0,size=2097152]} | ret=SUCCESS |  
2019-08-23 11:31:48,022 [grpc-default-executor-0] INFO  client.GrpcClientProtocolClient (GrpcClientProtocolClient.java:onNext(255)) - client-C9E345EC67ED->244f13ac-34be-4c4e-8e45-0c0272edbbb2: receive RaftClientReply:client-C9E345EC67ED->244f13ac-34be-4c4e-8e45-0c0272edbbb2@group-FE77C852EF02, cid=2934, SUCCESS, logIndex=4373, commits[244f13ac-34be-4c4e-8e45-0c0272edbbb2:c4373, 6287e41a-5356-4f55-84f2-270816d53e84:c4368, a2c18d3d-e79d-47c9-88fe-d8a1d195302b:c4370]
2019-08-23 11:31:48,022 [grpc-default-executor-0] INFO  client.GrpcClientProtocolClient (GrpcClientProtocolClient.java:onNext(255)) - client-C9E345EC67ED->244f13ac-34be-4c4e-8e45-0c0272edbbb2: receive RaftClientReply:client-C9E345EC67ED->244f13ac-34be-4c4e-8e45-0c0272edbbb2@group-FE77C852EF02, cid=2935, SUCCESS, logIndex=4374, commits[244f13ac-34be-4c4e-8e45-0c0272edbbb2:c4374, 6287e41a-5356-4f55-84f2-270816d53e84:c4368, a2c18d3d-e79d-47c9-88fe-d8a1d195302b:c4370]
2019-08-23 11:31:48,035 | INFO  | DNAudit | user=null | ip=null | op=WRITE_CHUNK {blockData=conID: 3 locID: 102666070131081853 bcsId: 0} | ret=SUCCESS |  
2019-08-23 11:31:48,035 | INFO  | DNAudit | user=null | ip=null | op=PUT_BLOCK {blockData=[blockId=conID: 3 locID: 102666070131081853 bcsId: 0,size=1048576]} | ret=SUCCESS |  
2019-08-23 11:31:48,035 | INFO  | DNAudit | user=null | ip=null | op=WRITE_CHUNK {blockData=conID: 3 locID: 102666070131081853 bcsId: 0} | ret=SUCCESS |  
2019-08-23 11:31:48,035 | INFO  | DNAudit | user=null | ip=null | op=PUT_BLOCK {blockData=[blockId=conID: 3 locID: 102666070131081853 bcsId: 0,size=1048576]} | ret=SUCCESS |  
2019-08-23 11:31:48,035 | INFO  | DNAudit | user=null | ip=null | op=WRITE_CHUNK {blockData=conID: 3 locID: 102666070131081853 bcsId: 0} | ret=SUCCESS |  
2019-08-23 11:31:48,035 [grpc-default-executor-0] INFO  client.GrpcClientProtocolClient (GrpcClientProtocolClient.java:onNext(255)) - client-C9E345EC67ED->244f13ac-34be-4c4e-8e45-0c0272edbbb2: receive RaftClientReply:client-C9E345EC67ED->244f13ac-34be-4c4e-8e45-0c0272edbbb2@group-FE77C852EF02, cid=2936, SUCCESS, logIndex=0, commits[244f13ac-34be-4c4e-8e45-0c0272edbbb2:c4376, 6287e41a-5356-4f55-84f2-270816d53e84:c4372, a2c18d3d-e79d-47c9-88fe-d8a1d195302b:c4372]
2019-08-23 11:31:48,036 | INFO  | DNAudit | user=null | ip=null | op=PUT_BLOCK {blockData=[blockId=conID: 3 locID: 102666070131081853 bcsId: 0,size=2097152]} | ret=SUCCESS |  
2019-08-23 11:31:48,036 | INFO  | DNAudit | user=null | ip=null | op=WRITE_CHUNK {blockData=conID: 3 locID: 102666070131081853 bcsId: 0} | ret=SUCCESS |  
2019-08-23 11:31:48,036 | INFO  | DNAudit | user=null | ip=null | op=PUT_BLOCK {blockData=[blockId=conID: 3 locID: 102666070131081853 bcsId: 0,size=2097152]} | ret=SUCCESS |  
2019-08-23 11:31:48,041 | INFO  | DNAudit | user=null | ip=null | op=WRITE_CHUNK {blockData=conID: 3 locID: 102666070131081853 bcsId: 4374} | ret=SUCCESS |  
2019-08-23 11:31:48,043 | INFO  | DNAudit | user=null | ip=null | op=WRITE_CHUNK {blockData=conID: 3 locID: 102666070131081853 bcsId: 4374} | ret=SUCCESS |  
2019-08-23 11:31:48,043 | INFO  | DNAudit | user=null | ip=null | op=WRITE_CHUNK {blockData=conID: 3 locID: 102666070131081853 bcsId: 4374} | ret=SUCCESS |  
2019-08-23 11:31:48,050 | INFO  | DNAudit | user=null | ip=null | op=WRITE_CHUNK {blockData=conID: 3 locID: 102666070131081853 bcsId: 4374} | ret=SUCCESS |  
2019-08-23 11:31:48,050 | INFO  | DNAudit | user=null | ip=null | op=PUT_BLOCK {blockData=[blockId=conID: 3 locID: 102666070131081853 bcsId: 0,size=3145728]} | ret=SUCCESS |  
2019-08-23 11:31:48,050 [grpc-default-executor-2] INFO  client.GrpcClientProtocolClient (GrpcClientProtocolClient.java:onNext(255)) - client-C9E345EC67ED->244f13ac-34be-4c4e-8e45-0c0272edbbb2: receive RaftClientReply:client-C9E345EC67ED->244f13ac-34be-4c4e-8e45-0c0272edbbb2@group-FE77C852EF02, cid=2937, SUCCESS, logIndex=4379, commits[244f13ac-34be-4c4e-8e45-0c0272edbbb2:c4380, 6287e41a-5356-4f55-84f2-270816d53e84:c4378, a2c18d3d-e79d-47c9-88fe-d8a1d195302b:c4378]
2019-08-23 11:31:48,051 [grpc-default-executor-2] INFO  client.GrpcClientProtocolClient (GrpcClientProtocolClient.java:onNext(255)) - client-C9E345EC67ED->244f13ac-34be-4c4e-8e45-0c0272edbbb2: receive RaftClientReply:client-C9E345EC67ED->244f13ac-34be-4c4e-8e45-0c0272edbbb2@group-FE77C852EF02, cid=2938, SUCCESS, logIndex=4380, commits[244f13ac-34be-4c4e-8e45-0c0272edbbb2:c4380, 6287e41a-5356-4f55-84f2-270816d53e84:c4378, a2c18d3d-e79d-47c9-88fe-d8a1d195302b:c4378]
 0.00% |█                                                                                                    |  0/1 Time: 0:00:242019-08-23 11:31:48,235 | INFO  | SCMAudit | user=jenkins1000 | ip=192.168.5.185 | op=SEND_HEARTBEAT {datanodeUUID=244f13ac-34be-4c4e-8e45-0c0272edbbb2, command=[]} | ret=SUCCESS |  
2019-08-23 11:31:48,235 | INFO  | SCMAudit | user=jenkins1000 | ip=192.168.5.185 | op=SEND_HEARTBEAT {datanodeUUID=0d166765-8492-4439-8677-f737a7bc54ca, command=[]} | ret=SUCCESS |  
2019-08-23 11:31:48,235 | INFO  | SCMAudit | user=jenkins1000 | ip=192.168.5.185 | op=SEND_HEARTBEAT {datanodeUUID=a2c18d3d-e79d-47c9-88fe-d8a1d195302b, command=[]} | ret=SUCCESS |  
2019-08-23 11:31:48,235 | INFO  | SCMAudit | user=jenkins1000 | ip=192.168.5.185 | op=SEND_HEARTBEAT {datanodeUUID=6287e41a-5356-4f55-84f2-270816d53e84, command=[]} | ret=SUCCESS |  
2019-08-23 11:31:48,235 | INFO  | SCMAudit | user=jenkins1000 | ip=192.168.5.185 | op=SEND_HEARTBEAT {datanodeUUID=b2c34899-c5c3-4720-9d95-984efeabf4a7, command=[]} | ret=SUCCESS |  
2019-08-23 11:31:48,236 | INFO  | DNAudit | user=null | ip=null | op=WRITE_CHUNK {blockData=conID: 3 locID: 102666070131081853 bcsId: 4380} | ret=SUCCESS |  
2019-08-23 11:31:48,236 | INFO  | DNAudit | user=null | ip=null | op=WRITE_CHUNK {blockData=conID: 3 locID: 102666070131081853 bcsId: 4374} | ret=SUCCESS |  
2019-08-23 11:31:48,236 | INFO  | DNAudit | user=null | ip=null | op=WRITE_CHUNK {blockData=conID: 3 locID: 102666070131081853 bcsId: 4374} | ret=SUCCESS |  
2019-08-23 11:31:48,236 | INFO  | DNAudit | user=null | ip=null | op=PUT_BLOCK {blockData=[blockId=conID: 3 locID: 102666070131081853 bcsId: 0,size=3145728]} | ret=SUCCESS |  
2019-08-23 11:31:48,238 | INFO  | DNAudit | user=null | ip=null | op=WRITE_CHUNK {blockData=conID: 3 locID: 102666070131081853 bcsId: 4380} | ret=SUCCESS |  
2019-08-23 11:31:48,238 | INFO  | DNAudit | user=null | ip=null | op=WRITE_CHUNK {blockData=conID: 3 locID: 102666070131081853 bcsId: 4380} | ret=SUCCESS |  
2019-08-23 11:31:48,244 | INFO  | DNAudit | user=null | ip=null | op=PUT_BLOCK {blockData=[blockId=conID: 3 locID: 102666070131081853 bcsId: 0,size=3145728]} | ret=SUCCESS |  
2019-08-23 11:31:48,246 | INFO  | DNAudit | user=null | ip=null | op=WRITE_CHUNK {blockData=conID: 3 locID: 102666070131081853 bcsId: 4380} | ret=SUCCESS |  
2019-08-23 11:31:48,246 | INFO  | DNAudit | user=null | ip=null | op=PUT_BLOCK {blockData=[blockId=conID: 3 locID: 102666070131081853 bcsId: 0,size=4194304]} | ret=SUCCESS |  
2019-08-23 11:31:48,246 [grpc-default-executor-1] INFO  client.GrpcClientProtocolClient (GrpcClientProtocolClient.java:onNext(255)) - client-C9E345EC67ED->244f13ac-34be-4c4e-8e45-0c0272edbbb2: receive RaftClientReply:client-C9E345EC67ED->244f13ac-34be-4c4e-8e45-0c0272edbbb2@group-FE77C852EF02, cid=2939, SUCCESS, logIndex=4383, commits[244f13ac-34be-4c4e-8e45-0c0272edbbb2:c4384, 6287e41a-5356-4f55-84f2-270816d53e84:c4380, a2c18d3d-e79d-47c9-88fe-d8a1d195302b:c4380]
2019-08-23 11:31:48,247 [grpc-default-executor-1] INFO  client.GrpcClientProtocolClient (GrpcClientProtocolClient.java:onNext(255)) - client-C9E345EC67ED->244f13ac-34be-4c4e-8e45-0c0272edbbb2: receive RaftClientReply:client-C9E345EC67ED->244f13ac-34be-4c4e-8e45-0c0272edbbb2@group-FE77C852EF02, cid=2940, SUCCESS, logIndex=4384, commits[244f13ac-34be-4c4e-8e45-0c0272edbbb2:c4384, 6287e41a-5356-4f55-84f2-270816d53e84:c4380, a2c18d3d-e79d-47c9-88fe-d8a1d195302b:c4380]
2019-08-23 11:31:48,247 | INFO  | DNAudit | user=null | ip=null | op=WRITE_CHUNK {blockData=conID: 3 locID: 102666070131081853 bcsId: 4380} | ret=SUCCESS |  
2019-08-23 11:31:48,247 | INFO  | DNAudit | user=null | ip=null | op=WRITE_CHUNK {blockData=conID: 3 locID: 102666070131081853 bcsId: 4380} | ret=SUCCESS |  
2019-08-23 11:31:48,247 | INFO  | DNAudit | user=null | ip=null | op=PUT_BLOCK {blockData=[blockId=conID: 3 locID: 102666070131081853 bcsId: 0,size=4194304]} | ret=SUCCESS |  
2019-08-23 11:31:48,247 | INFO  | DNAudit | user=null | ip=null | op=PUT_BLOCK {blockData=[blockId=conID: 3 locID: 102666070131081853 bcsId: 0,size=4194304]} | ret=SUCCESS |  
2019-08-23 11:31:48,248 [grpc-default-executor-0] INFO  client.GrpcClientProtocolClient (GrpcClientProtocolClient.java:onNext(255)) - client-C9E345EC67ED->244f13ac-34be-4c4e-8e45-0c0272edbbb2: receive RaftClientReply:client-C9E345EC67ED->244f13ac-34be-4c4e-8e45-0c0272edbbb2@group-FE77C852EF02, cid=2941, SUCCESS, logIndex=0, commits[244f13ac-34be-4c4e-8e45-0c0272edbbb2:c4385, 6287e41a-5356-4f55-84f2-270816d53e84:c4384, a2c18d3d-e79d-47c9-88fe-d8a1d195302b:c4384]
2019-08-23 11:31:48,253 | INFO  | SCMAudit | user=jenkins1000 | ip=192.168.5.185 | op=ALLOCATE_BLOCK {owner=00a23185-76ea-47b5-a641-ad3cfbe5521a, size=4194304, type=RATIS, factor=THREE} | ret=SUCCESS |  
2019-08-23 11:31:48,256 | INFO  | OMAudit | user=jenkins1000 | ip=127.0.0.1 | op=ALLOCATE_BLOCK {volume=vol-0-37508, bucket=bucket-0-50919, key=key-0-57313, dataSize=0, replicationType=null, replicationFactor=null, keyLocationInfo=null, clientID=102666068570931602} | ret=SUCCESS |  
2019-08-23 11:31:48,262 | INFO  | DNAudit | user=null | ip=null | op=WRITE_CHUNK {blockData=conID: 1 locID: 102666070147269246 bcsId: 0} | ret=SUCCESS |  
2019-08-23 11:31:48,264 | INFO  | DNAudit | user=null | ip=null | op=WRITE_CHUNK {blockData=conID: 1 locID: 102666070147269246 bcsId: 0} | ret=SUCCESS |  
2019-08-23 11:31:48,264 | INFO  | DNAudit | user=null | ip=null | op=WRITE_CHUNK {blockData=conID: 1 locID: 102666070147269246 bcsId: 0} | ret=SUCCESS |  
2019-08-23 11:31:48,264 | INFO  | DNAudit | user=null | ip=null | op=WRITE_CHUNK {blockData=conID: 1 locID: 102666070147269246 bcsId: 0} | ret=SUCCESS |  
2019-08-23 11:31:48,265 | INFO  | DNAudit | user=null | ip=null | op=WRITE_CHUNK {blockData=conID: 1 locID: 102666070147269246 bcsId: 0} | ret=SUCCESS |  
2019-08-23 11:31:48,266 | INFO  | DNAudit | user=null | ip=null | op=WRITE_CHUNK {blockData=conID: 1 locID: 102666070147269246 bcsId: 0} | ret=SUCCESS |  
2019-08-23 11:31:48,277 | INFO  | DNAudit | user=null | ip=null | op=WRITE_CHUNK {blockData=conID: 1 locID: 102666070147269246 bcsId: 0} | ret=SUCCESS |  
2019-08-23 11:31:48,277 | INFO  | DNAudit | user=null | ip=null | op=PUT_BLOCK {blockData=[blockId=conID: 1 locID: 102666070147269246 bcsId: 0,size=1048576]} | ret=SUCCESS |  
2019-08-23 11:31:48,278 | INFO  | DNAudit | user=null | ip=null | op=WRITE_CHUNK {blockData=conID: 1 locID: 102666070147269246 bcsId: 0} | ret=SUCCESS |  
2019-08-23 11:31:48,277 [grpc-default-executor-0] INFO  client.GrpcClientProtocolClient (GrpcClientProtocolClient.java:onNext(255)) - client-C9E345EC67ED->244f13ac-34be-4c4e-8e45-0c0272edbbb2: receive RaftClientReply:client-C9E345EC67ED->244f13ac-34be-4c4e-8e45-0c0272edbbb2@group-FE77C852EF02, cid=2942, SUCCESS, logIndex=4387, commits[244f13ac-34be-4c4e-8e45-0c0272edbbb2:c4388, 6287e41a-5356-4f55-84f2-270816d53e84:c4386, a2c18d3d-e79d-47c9-88fe-d8a1d195302b:c4386]
2019-08-23 11:31:48,278 | INFO  | DNAudit | user=null | ip=null | op=PUT_BLOCK {blockData=[blockId=conID: 1 locID: 102666070147269246 bcsId: 0,size=2097152]} | ret=SUCCESS |  
2019-08-23 11:31:48,278 [grpc-default-executor-0] INFO  client.GrpcClientProtocolClient (GrpcClientProtocolClient.java:onNext(255)) - client-C9E345EC67ED->244f13ac-34be-4c4e-8e45-0c0272edbbb2: receive RaftClientReply:client-C9E345EC67ED->244f13ac-34be-4c4e-8e45-0c0272edbbb2@group-FE77C852EF02, cid=2943, SUCCESS, logIndex=4388, commits[244f13ac-34be-4c4e-8e45-0c0272edbbb2:c4390, 6287e41a-5356-4f55-84f2-270816d53e84:c4386, a2c18d3d-e79d-47c9-88fe-d8a1d195302b:c4386]
2019-08-23 11:31:48,278 [grpc-default-executor-0] INFO  client.GrpcClientProtocolClient (GrpcClientProtocolClient.java:onNext(255)) - client-C9E345EC67ED->244f13ac-34be-4c4e-8e45-0c0272edbbb2: receive RaftClientReply:client-C9E345EC67ED->244f13ac-34be-4c4e-8e45-0c0272edbbb2@group-FE77C852EF02, cid=2944, SUCCESS, logIndex=4389, commits[244f13ac-34be-4c4e-8e45-0c0272edbbb2:c4390, 6287e41a-5356-4f55-84f2-270816d53e84:c4386, a2c18d3d-e79d-47c9-88fe-d8a1d195302b:c4386]
2019-08-23 11:31:48,278 [grpc-default-executor-0] INFO  client.GrpcClientProtocolClient (GrpcClientProtocolClient.java:onNext(255)) - client-C9E345EC67ED->244f13ac-34be-4c4e-8e45-0c0272edbbb2: receive RaftClientReply:client-C9E345EC67ED->244f13ac-34be-4c4e-8e45-0c0272edbbb2@group-FE77C852EF02, cid=2945, SUCCESS, logIndex=4390, commits[244f13ac-34be-4c4e-8e45-0c0272edbbb2:c4390, 6287e41a-5356-4f55-84f2-270816d53e84:c4386, a2c18d3d-e79d-47c9-88fe-d8a1d195302b:c4386]
2019-08-23 11:31:48,288 | INFO  | DNAudit | user=null | ip=null | op=WRITE_CHUNK {blockData=conID: 1 locID: 102666070147269246 bcsId: 0} | ret=SUCCESS |  
2019-08-23 11:31:48,289 | INFO  | DNAudit | user=null | ip=null | op=PUT_BLOCK {blockData=[blockId=conID: 1 locID: 102666070147269246 bcsId: 0,size=1048576]} | ret=SUCCESS |  
2019-08-23 11:31:48,289 | INFO  | DNAudit | user=null | ip=null | op=WRITE_CHUNK {blockData=conID: 1 locID: 102666070147269246 bcsId: 0} | ret=SUCCESS |  
2019-08-23 11:31:48,289 | INFO  | DNAudit | user=null | ip=null | op=PUT_BLOCK {blockData=[blockId=conID: 1 locID: 102666070147269246 bcsId: 0,size=1048576]} | ret=SUCCESS |  
2019-08-23 11:31:48,289 [grpc-default-executor-0] INFO  client.GrpcClientProtocolClient (GrpcClientProtocolClient.java:onNext(255)) - client-C9E345EC67ED->244f13ac-34be-4c4e-8e45-0c0272edbbb2: receive RaftClientReply:client-C9E345EC67ED->244f13ac-34be-4c4e-8e45-0c0272edbbb2@group-FE77C852EF02, cid=2946, SUCCESS, logIndex=0, commits[244f13ac-34be-4c4e-8e45-0c0272edbbb2:c4391, 6287e41a-5356-4f55-84f2-270816d53e84:c4388, a2c18d3d-e79d-47c9-88fe-d8a1d195302b:c4388]
2019-08-23 11:31:48,290 | INFO  | DNAudit | user=null | ip=null | op=WRITE_CHUNK {blockData=conID: 1 locID: 102666070147269246 bcsId: 0} | ret=SUCCESS |  
2019-08-23 11:31:48,290 | INFO  | DNAudit | user=null | ip=null | op=PUT_BLOCK {blockData=[blockId=conID: 1 locID: 102666070147269246 bcsId: 0,size=2097152]} | ret=SUCCESS |  
2019-08-23 11:31:48,290 | INFO  | DNAudit | user=null | ip=null | op=WRITE_CHUNK {blockData=conID: 1 locID: 102666070147269246 bcsId: 0} | ret=SUCCESS |  
2019-08-23 11:31:48,290 | INFO  | DNAudit | user=null | ip=null | op=PUT_BLOCK {blockData=[blockId=conID: 1 locID: 102666070147269246 bcsId: 0,size=2097152]} | ret=SUCCESS |  
2019-08-23 11:31:48,295 | INFO  | DNAudit | user=null | ip=null | op=WRITE_CHUNK {blockData=conID: 1 locID: 102666070147269246 bcsId: 4390} | ret=SUCCESS |  
2019-08-23 11:31:48,297 | INFO  | DNAudit | user=null | ip=null | op=WRITE_CHUNK {blockData=conID: 1 locID: 102666070147269246 bcsId: 4390} | ret=SUCCESS |  
2019-08-23 11:31:48,297 | INFO  | DNAudit | user=null | ip=null | op=WRITE_CHUNK {blockData=conID: 1 locID: 102666070147269246 bcsId: 4390} | ret=SUCCESS |  
2019-08-23 11:31:48,307 | INFO  | DNAudit | user=null | ip=null | op=WRITE_CHUNK {blockData=conID: 1 locID: 102666070147269246 bcsId: 4390} | ret=SUCCESS |  
2019-08-23 11:31:48,307 | INFO  | DNAudit | user=null | ip=null | op=PUT_BLOCK {blockData=[blockId=conID: 1 locID: 102666070147269246 bcsId: 0,size=3145728]} | ret=SUCCESS |  
2019-08-23 11:31:48,307 [grpc-default-executor-0] INFO  client.GrpcClientProtocolClient (GrpcClientProtocolClient.java:onNext(255)) - client-C9E345EC67ED->244f13ac-34be-4c4e-8e45-0c0272edbbb2: receive RaftClientReply:client-C9E345EC67ED->244f13ac-34be-4c4e-8e45-0c0272edbbb2@group-FE77C852EF02, cid=2947, SUCCESS, logIndex=4395, commits[244f13ac-34be-4c4e-8e45-0c0272edbbb2:c4396, 6287e41a-5356-4f55-84f2-270816d53e84:c4394, a2c18d3d-e79d-47c9-88fe-d8a1d195302b:c4394]
2019-08-23 11:31:48,308 [grpc-default-executor-0] INFO  client.GrpcClientProtocolClient (GrpcClientProtocolClient.java:onNext(255)) - client-C9E345EC67ED->244f13ac-34be-4c4e-8e45-0c0272edbbb2: receive RaftClientReply:client-C9E345EC67ED->244f13ac-34be-4c4e-8e45-0c0272edbbb2@group-FE77C852EF02, cid=2948, SUCCESS, logIndex=4396, commits[244f13ac-34be-4c4e-8e45-0c0272edbbb2:c4396, 6287e41a-5356-4f55-84f2-270816d53e84:c4394, a2c18d3d-e79d-47c9-88fe-d8a1d195302b:c4394]
2019-08-23 11:31:48,313 | INFO  | DNAudit | user=null | ip=null | op=WRITE_CHUNK {blockData=conID: 1 locID: 102666070147269246 bcsId: 4396} | ret=SUCCESS |  
2019-08-23 11:31:48,315 | INFO  | DNAudit | user=null | ip=null | op=WRITE_CHUNK {blockData=conID: 1 locID: 102666070147269246 bcsId: 4396} | ret=SUCCESS |  
2019-08-23 11:31:48,315 | INFO  | DNAudit | user=null | ip=null | op=WRITE_CHUNK {blockData=conID: 1 locID: 102666070147269246 bcsId: 4396} | ret=SUCCESS |  
2019-08-23 11:31:48,319 | INFO  | DNAudit | user=null | ip=null | op=WRITE_CHUNK {blockData=conID: 1 locID: 102666070147269246 bcsId: 4390} | ret=SUCCESS |  
2019-08-23 11:31:48,319 | INFO  | DNAudit | user=null | ip=null | op=WRITE_CHUNK {blockData=conID: 1 locID: 102666070147269246 bcsId: 4390} | ret=SUCCESS |  
2019-08-23 11:31:48,321 | INFO  | DNAudit | user=null | ip=null | op=PUT_BLOCK {blockData=[blockId=conID: 1 locID: 102666070147269246 bcsId: 0,size=3145728]} | ret=SUCCESS |  
2019-08-23 11:31:48,321 | INFO  | DNAudit | user=null | ip=null | op=PUT_BLOCK {blockData=[blockId=conID: 1 locID: 102666070147269246 bcsId: 0,size=3145728]} | ret=SUCCESS |  
2019-08-23 11:31:48,322 | INFO  | DNAudit | user=null | ip=null | op=WRITE_CHUNK {blockData=conID: 1 locID: 102666070147269246 bcsId: 4396} | ret=SUCCESS |  
2019-08-23 11:31:48,322 | INFO  | DNAudit | user=null | ip=null | op=PUT_BLOCK {blockData=[blockId=conID: 1 locID: 102666070147269246 bcsId: 0,size=4194304]} | ret=SUCCESS |  
2019-08-23 11:31:48,322 [grpc-default-executor-2] INFO  client.GrpcClientProtocolClient (GrpcClientProtocolClient.java:onNext(255)) - client-C9E345EC67ED->244f13ac-34be-4c4e-8e45-0c0272edbbb2: receive RaftClientReply:client-C9E345EC67ED->244f13ac-34be-4c4e-8e45-0c0272edbbb2@group-FE77C852EF02, cid=2949, SUCCESS, logIndex=4399, commits[244f13ac-34be-4c4e-8e45-0c0272edbbb2:c4400, 6287e41a-5356-4f55-84f2-270816d53e84:c4396, a2c18d3d-e79d-47c9-88fe-d8a1d195302b:c4396]
2019-08-23 11:31:48,323 [grpc-default-executor-2] INFO  client.GrpcClientProtocolClient (GrpcClientProtocolClient.java:onNext(255)) - client-C9E345EC67ED->244f13ac-34be-4c4e-8e45-0c0272edbbb2: receive RaftClientReply:client-C9E345EC67ED->244f13ac-34be-4c4e-8e45-0c0272edbbb2@group-FE77C852EF02, cid=2950, SUCCESS, logIndex=4400, commits[244f13ac-34be-4c4e-8e45-0c0272edbbb2:c4400, 6287e41a-5356-4f55-84f2-270816d53e84:c4396, a2c18d3d-e79d-47c9-88fe-d8a1d195302b:c4396]
2019-08-23 11:31:48,334 | INFO  | DNAudit | user=null | ip=null | op=WRITE_CHUNK {blockData=conID: 1 locID: 102666070147269246 bcsId: 4396} | ret=SUCCESS |  
2019-08-23 11:31:48,334 | INFO  | DNAudit | user=null | ip=null | op=WRITE_CHUNK {blockData=conID: 1 locID: 102666070147269246 bcsId: 4396} | ret=SUCCESS |  
2019-08-23 11:31:48,334 | INFO  | DNAudit | user=null | ip=null | op=PUT_BLOCK {blockData=[blockId=conID: 1 locID: 102666070147269246 bcsId: 0,size=4194304]} | ret=SUCCESS |  
2019-08-23 11:31:48,335 | INFO  | DNAudit | user=null | ip=null | op=PUT_BLOCK {blockData=[blockId=conID: 1 locID: 102666070147269246 bcsId: 0,size=4194304]} | ret=SUCCESS |  
2019-08-23 11:31:48,335 [grpc-default-executor-2] INFO  client.GrpcClientProtocolClient (GrpcClientProtocolClient.java:onNext(255)) - client-C9E345EC67ED->244f13ac-34be-4c4e-8e45-0c0272edbbb2: receive RaftClientReply:client-C9E345EC67ED->244f13ac-34be-4c4e-8e45-0c0272edbbb2@group-FE77C852EF02, cid=2951, SUCCESS, logIndex=0, commits[244f13ac-34be-4c4e-8e45-0c0272edbbb2:c4402, 6287e41a-5356-4f55-84f2-270816d53e84:c4400, a2c18d3d-e79d-47c9-88fe-d8a1d195302b:c4400]
2019-08-23 11:31:48,341 | INFO  | SCMAudit | user=jenkins1000 | ip=192.168.5.185 | op=ALLOCATE_BLOCK {owner=00a23185-76ea-47b5-a641-ad3cfbe5521a, size=4194304, type=RATIS, factor=THREE} | ret=SUCCESS |  
2019-08-23 11:31:48,345 | INFO  | OMAudit | user=jenkins1000 | ip=127.0.0.1 | op=ALLOCATE_BLOCK {volume=vol-0-37508, bucket=bucket-0-50919, key=key-0-57313, dataSize=0, replicationType=null, replicationFactor=null, keyLocationInfo=null, clientID=102666068570931602} | ret=SUCCESS |  
2019-08-23 11:31:48,351 | INFO  | DNAudit | user=null | ip=null | op=WRITE_CHUNK {blockData=conID: 2 locID: 102666070153036415 bcsId: 0} | ret=SUCCESS |  
2019-08-23 11:31:48,353 | INFO  | DNAudit | user=null | ip=null | op=WRITE_CHUNK {blockData=conID: 2 locID: 102666070153036415 bcsId: 0} | ret=SUCCESS |  
2019-08-23 11:31:48,353 | INFO  | DNAudit | user=null | ip=null | op=WRITE_CHUNK {blockData=conID: 2 locID: 102666070153036415 bcsId: 0} | ret=SUCCESS |  
2019-08-23 11:31:48,353 | INFO  | DNAudit | user=null | ip=null | op=WRITE_CHUNK {blockData=conID: 2 locID: 102666070153036415 bcsId: 0} | ret=SUCCESS |  
2019-08-23 11:31:48,354 | INFO  | DNAudit | user=null | ip=null | op=WRITE_CHUNK {blockData=conID: 2 locID: 102666070153036415 bcsId: 0} | ret=SUCCESS |  
2019-08-23 11:31:48,354 | INFO  | DNAudit | user=null | ip=null | op=WRITE_CHUNK {blockData=conID: 2 locID: 102666070153036415 bcsId: 0} | ret=SUCCESS |  
2019-08-23 11:31:48,365 | INFO  | DNAudit | user=null | ip=null | op=WRITE_CHUNK {blockData=conID: 2 locID: 102666070153036415 bcsId: 0} | ret=SUCCESS |  
2019-08-23 11:31:48,366 | INFO  | DNAudit | user=null | ip=null | op=PUT_BLOCK {blockData=[blockId=conID: 2 locID: 102666070153036415 bcsId: 0,size=1048576]} | ret=SUCCESS |  
2019-08-23 11:31:48,366 | INFO  | DNAudit | user=null | ip=null | op=WRITE_CHUNK {blockData=conID: 2 locID: 102666070153036415 bcsId: 0} | ret=SUCCESS |  
2019-08-23 11:31:48,366 [grpc-default-executor-1] INFO  client.GrpcClientProtocolClient (GrpcClientProtocolClient.java:onNext(255)) - client-C9E345EC67ED->244f13ac-34be-4c4e-8e45-0c0272edbbb2: receive RaftClientReply:client-C9E345EC67ED->244f13ac-34be-4c4e-8e45-0c0272edbbb2@group-FE77C852EF02, cid=2952, SUCCESS, logIndex=4403, commits[244f13ac-34be-4c4e-8e45-0c0272edbbb2:c4404, 6287e41a-5356-4f55-84f2-270816d53e84:c4402, a2c18d3d-e79d-47c9-88fe-d8a1d195302b:c4402]
2019-08-23 11:31:48,366 | INFO  | DNAudit | user=null | ip=null | op=PUT_BLOCK {blockData=[blockId=conID: 2 locID: 102666070153036415 bcsId: 0,size=2097152]} | ret=SUCCESS |  
2019-08-23 11:31:48,367 [grpc-default-executor-1] INFO  client.GrpcClientProtocolClient (GrpcClientProtocolClient.java:onNext(255)) - client-C9E345EC67ED->244f13ac-34be-4c4e-8e45-0c0272edbbb2: receive RaftClientReply:client-C9E345EC67ED->244f13ac-34be-4c4e-8e45-0c0272edbbb2@group-FE77C852EF02, cid=2953, SUCCESS, logIndex=4404, commits[244f13ac-34be-4c4e-8e45-0c0272edbbb2:c4406, 6287e41a-5356-4f55-84f2-270816d53e84:c4402, a2c18d3d-e79d-47c9-88fe-d8a1d195302b:c4402]
2019-08-23 11:31:48,367 [grpc-default-executor-1] INFO  client.GrpcClientProtocolClient (GrpcClientProtocolClient.java:onNext(255)) - client-C9E345EC67ED->244f13ac-34be-4c4e-8e45-0c0272edbbb2: receive RaftClientReply:client-C9E345EC67ED->244f13ac-34be-4c4e-8e45-0c0272edbbb2@group-FE77C852EF02, cid=2954, SUCCESS, logIndex=4405, commits[244f13ac-34be-4c4e-8e45-0c0272edbbb2:c4406, 6287e41a-5356-4f55-84f2-270816d53e84:c4402, a2c18d3d-e79d-47c9-88fe-d8a1d195302b:c4402]
2019-08-23 11:31:48,367 [grpc-default-executor-1] INFO  client.GrpcClientProtocolClient (GrpcClientProtocolClient.java:onNext(255)) - client-C9E345EC67ED->244f13ac-34be-4c4e-8e45-0c0272edbbb2: receive RaftClientReply:client-C9E345EC67ED->244f13ac-34be-4c4e-8e45-0c0272edbbb2@group-FE77C852EF02, cid=2955, SUCCESS, logIndex=4406, commits[244f13ac-34be-4c4e-8e45-0c0272edbbb2:c4406, 6287e41a-5356-4f55-84f2-270816d53e84:c4402, a2c18d3d-e79d-47c9-88fe-d8a1d195302b:c4402]
2019-08-23 11:31:48,377 | INFO  | DNAudit | user=null | ip=null | op=WRITE_CHUNK {blockData=conID: 2 locID: 102666070153036415 bcsId: 0} | ret=SUCCESS |  
2019-08-23 11:31:48,377 | INFO  | DNAudit | user=null | ip=null | op=WRITE_CHUNK {blockData=conID: 2 locID: 102666070153036415 bcsId: 0} | ret=SUCCESS |  
2019-08-23 11:31:48,380 | INFO  | DNAudit | user=null | ip=null | op=PUT_BLOCK {blockData=[blockId=conID: 2 locID: 102666070153036415 bcsId: 0,size=1048576]} | ret=SUCCESS |  
2019-08-23 11:31:48,380 | INFO  | DNAudit | user=null | ip=null | op=PUT_BLOCK {blockData=[blockId=conID: 2 locID: 102666070153036415 bcsId: 0,size=1048576]} | ret=SUCCESS |  
2019-08-23 11:31:48,380 | INFO  | DNAudit | user=null | ip=null | op=WRITE_CHUNK {blockData=conID: 2 locID: 102666070153036415 bcsId: 0} | ret=SUCCESS |  
2019-08-23 11:31:48,380 | INFO  | DNAudit | user=null | ip=null | op=WRITE_CHUNK {blockData=conID: 2 locID: 102666070153036415 bcsId: 0} | ret=SUCCESS |  
2019-08-23 11:31:48,380 | INFO  | DNAudit | user=null | ip=null | op=PUT_BLOCK {blockData=[blockId=conID: 2 locID: 102666070153036415 bcsId: 0,size=2097152]} | ret=SUCCESS |  
2019-08-23 11:31:48,381 | INFO  | DNAudit | user=null | ip=null | op=PUT_BLOCK {blockData=[blockId=conID: 2 locID: 102666070153036415 bcsId: 0,size=2097152]} | ret=SUCCESS |  
2019-08-23 11:31:48,381 [grpc-default-executor-1] INFO  client.GrpcClientProtocolClient (GrpcClientProtocolClient.java:onNext(255)) - client-C9E345EC67ED->244f13ac-34be-4c4e-8e45-0c0272edbbb2: receive RaftClientReply:client-C9E345EC67ED->244f13ac-34be-4c4e-8e45-0c0272edbbb2@group-FE77C852EF02, cid=2956, SUCCESS, logIndex=0, commits[244f13ac-34be-4c4e-8e45-0c0272edbbb2:c4408, 6287e41a-5356-4f55-84f2-270816d53e84:c4405, a2c18d3d-e79d-47c9-88fe-d8a1d195302b:c4405]
2019-08-23 11:31:48,386 | INFO  | DNAudit | user=null | ip=null | op=WRITE_CHUNK {blockData=conID: 2 locID: 102666070153036415 bcsId: 4406} | ret=SUCCESS |  
2019-08-23 11:31:48,387 | INFO  | DNAudit | user=null | ip=null | op=WRITE_CHUNK {blockData=conID: 2 locID: 102666070153036415 bcsId: 4406} | ret=SUCCESS |  
2019-08-23 11:31:48,388 | INFO  | DNAudit | user=null | ip=null | op=WRITE_CHUNK {blockData=conID: 2 locID: 102666070153036415 bcsId: 4406} | ret=SUCCESS |  
2019-08-23 11:31:48,398 | INFO  | DNAudit | user=null | ip=null | op=WRITE_CHUNK {blockData=conID: 2 locID: 102666070153036415 bcsId: 4406} | ret=SUCCESS |  
2019-08-23 11:31:48,398 | INFO  | DNAudit | user=null | ip=null | op=PUT_BLOCK {blockData=[blockId=conID: 2 locID: 102666070153036415 bcsId: 0,size=3145728]} | ret=SUCCESS |  
2019-08-23 11:31:48,398 [grpc-default-executor-0] INFO  client.GrpcClientProtocolClient (GrpcClientProtocolClient.java:onNext(255)) - client-C9E345EC67ED->244f13ac-34be-4c4e-8e45-0c0272edbbb2: receive RaftClientReply:client-C9E345EC67ED->244f13ac-34be-4c4e-8e45-0c0272edbbb2@group-FE77C852EF02, cid=2957, SUCCESS, logIndex=4411, commits[244f13ac-34be-4c4e-8e45-0c0272edbbb2:c4412, 6287e41a-5356-4f55-84f2-270816d53e84:c4410, a2c18d3d-e79d-47c9-88fe-d8a1d195302b:c4410]
2019-08-23 11:31:48,399 [grpc-default-executor-0] INFO  client.GrpcClientProtocolClient (GrpcClientProtocolClient.java:onNext(255)) - client-C9E345EC67ED->244f13ac-34be-4c4e-8e45-0c0272edbbb2: receive RaftClientReply:client-C9E345EC67ED->244f13ac-34be-4c4e-8e45-0c0272edbbb2@group-FE77C852EF02, cid=2958, SUCCESS, logIndex=4412, commits[244f13ac-34be-4c4e-8e45-0c0272edbbb2:c4412, 6287e41a-5356-4f55-84f2-270816d53e84:c4410, a2c18d3d-e79d-47c9-88fe-d8a1d195302b:c4410]
2019-08-23 11:31:48,404 | INFO  | DNAudit | user=null | ip=null | op=WRITE_CHUNK {blockData=conID: 2 locID: 102666070153036415 bcsId: 4412} | ret=SUCCESS |  
2019-08-23 11:31:48,405 | INFO  | DNAudit | user=null | ip=null | op=WRITE_CHUNK {blockData=conID: 2 locID: 102666070153036415 bcsId: 4412} | ret=SUCCESS |  
2019-08-23 11:31:48,405 | INFO  | DNAudit | user=null | ip=null | op=WRITE_CHUNK {blockData=conID: 2 locID: 102666070153036415 bcsId: 4412} | ret=SUCCESS |  
2019-08-23 11:31:48,410 | INFO  | DNAudit | user=null | ip=null | op=WRITE_CHUNK {blockData=conID: 2 locID: 102666070153036415 bcsId: 4406} | ret=SUCCESS |  
2019-08-23 11:31:48,410 | INFO  | DNAudit | user=null | ip=null | op=WRITE_CHUNK {blockData=conID: 2 locID: 102666070153036415 bcsId: 4406} | ret=SUCCESS |  
2019-08-23 11:31:48,410 | INFO  | DNAudit | user=null | ip=null | op=PUT_BLOCK {blockData=[blockId=conID: 2 locID: 102666070153036415 bcsId: 0,size=3145728]} | ret=SUCCESS |  
2019-08-23 11:31:48,411 | INFO  | DNAudit | user=null | ip=null | op=PUT_BLOCK {blockData=[blockId=conID: 2 locID: 102666070153036415 bcsId: 0,size=3145728]} | ret=SUCCESS |  
2019-08-23 11:31:48,411 | INFO  | DNAudit | user=null | ip=null | op=WRITE_CHUNK {blockData=conID: 2 locID: 102666070153036415 bcsId: 4412} | ret=SUCCESS |  
2019-08-23 11:31:48,412 | INFO  | DNAudit | user=null | ip=null | op=PUT_BLOCK {blockData=[blockId=conID: 2 locID: 102666070153036415 bcsId: 0,size=4194304]} | ret=SUCCESS |  
2019-08-23 11:31:48,412 [grpc-default-executor-1] INFO  client.GrpcClientProtocolClient (GrpcClientProtocolClient.java:onNext(255)) - client-C9E345EC67ED->244f13ac-34be-4c4e-8e45-0c0272edbbb2: receive RaftClientReply:client-C9E345EC67ED->244f13ac-34be-4c4e-8e45-0c0272edbbb2@group-FE77C852EF02, cid=2959, SUCCESS, logIndex=4415, commits[244f13ac-34be-4c4e-8e45-0c0272edbbb2:c4415, 6287e41a-5356-4f55-84f2-270816d53e84:c4412, a2c18d3d-e79d-47c9-88fe-d8a1d195302b:c4412]
2019-08-23 11:31:48,412 [grpc-default-executor-1] INFO  client.GrpcClientProtocolClient (GrpcClientProtocolClient.java:onNext(255)) - client-C9E345EC67ED->244f13ac-34be-4c4e-8e45-0c0272edbbb2: receive RaftClientReply:client-C9E345EC67ED->244f13ac-34be-4c4e-8e45-0c0272edbbb2@group-FE77C852EF02, cid=2960, SUCCESS, logIndex=4416, commits[244f13ac-34be-4c4e-8e45-0c0272edbbb2:c4416, 6287e41a-5356-4f55-84f2-270816d53e84:c4412, a2c18d3d-e79d-47c9-88fe-d8a1d195302b:c4412]
2019-08-23 11:31:48,421 | INFO  | DNAudit | user=null | ip=null | op=WRITE_CHUNK {blockData=conID: 2 locID: 102666070153036415 bcsId: 4412} | ret=SUCCESS |  
2019-08-23 11:31:48,421 | INFO  | DNAudit | user=null | ip=null | op=WRITE_CHUNK {blockData=conID: 2 locID: 102666070153036415 bcsId: 4412} | ret=SUCCESS |  
2019-08-23 11:31:48,424 | INFO  | DNAudit | user=null | ip=null | op=PUT_BLOCK {blockData=[blockId=conID: 2 locID: 102666070153036415 bcsId: 0,size=4194304]} | ret=SUCCESS |  
2019-08-23 11:31:48,424 | INFO  | DNAudit | user=null | ip=null | op=PUT_BLOCK {blockData=[blockId=conID: 2 locID: 102666070153036415 bcsId: 0,size=4194304]} | ret=SUCCESS |  
2019-08-23 11:31:48,424 [grpc-default-executor-4] INFO  client.GrpcClientProtocolClient (GrpcClientProtocolClient.java:onNext(255)) - client-C9E345EC67ED->244f13ac-34be-4c4e-8e45-0c0272edbbb2: receive RaftClientReply:client-C9E345EC67ED->244f13ac-34be-4c4e-8e45-0c0272edbbb2@group-FE77C852EF02, cid=2961, SUCCESS, logIndex=0, commits[244f13ac-34be-4c4e-8e45-0c0272edbbb2:c4418, 6287e41a-5356-4f55-84f2-270816d53e84:c4416, a2c18d3d-e79d-47c9-88fe-d8a1d195302b:c4416]
2019-08-23 11:31:48,429 | INFO  | SCMAudit | user=jenkins1000 | ip=192.168.5.185 | op=ALLOCATE_BLOCK {owner=00a23185-76ea-47b5-a641-ad3cfbe5521a, size=4194304, type=RATIS, factor=THREE} | ret=SUCCESS |  
2019-08-23 11:31:48,432 | INFO  | OMAudit | user=jenkins1000 | ip=127.0.0.1 | op=ALLOCATE_BLOCK {volume=vol-0-37508, bucket=bucket-0-50919, key=key-0-57313, dataSize=0, replicationType=null, replicationFactor=null, keyLocationInfo=null, clientID=102666068570931602} | ret=SUCCESS |  
2019-08-23 11:31:48,437 | INFO  | DNAudit | user=null | ip=null | op=WRITE_CHUNK {blockData=conID: 3 locID: 102666070158803584 bcsId: 0} | ret=SUCCESS |  
2019-08-23 11:31:48,439 | INFO  | DNAudit | user=null | ip=null | op=WRITE_CHUNK {blockData=conID: 3 locID: 102666070158803584 bcsId: 0} | ret=SUCCESS |  
2019-08-23 11:31:48,439 | INFO  | DNAudit | user=null | ip=null | op=WRITE_CHUNK {blockData=conID: 3 locID: 102666070158803584 bcsId: 0} | ret=SUCCESS |  
2019-08-23 11:31:48,440 | INFO  | DNAudit | user=null | ip=null | op=WRITE_CHUNK {blockData=conID: 3 locID: 102666070158803584 bcsId: 0} | ret=SUCCESS |  
2019-08-23 11:31:48,440 | INFO  | DNAudit | user=null | ip=null | op=WRITE_CHUNK {blockData=conID: 3 locID: 102666070158803584 bcsId: 0} | ret=SUCCESS |  
2019-08-23 11:31:48,440 | INFO  | DNAudit | user=null | ip=null | op=WRITE_CHUNK {blockData=conID: 3 locID: 102666070158803584 bcsId: 0} | ret=SUCCESS |  
2019-08-23 11:31:48,448 | INFO  | DNAudit | user=null | ip=null | op=WRITE_CHUNK {blockData=conID: 3 locID: 102666070158803584 bcsId: 0} | ret=SUCCESS |  
2019-08-23 11:31:48,448 | INFO  | DNAudit | user=null | ip=null | op=PUT_BLOCK {blockData=[blockId=conID: 3 locID: 102666070158803584 bcsId: 0,size=1048576]} | ret=SUCCESS |  
2019-08-23 11:31:48,448 [grpc-default-executor-4] INFO  client.GrpcClientProtocolClient (GrpcClientProtocolClient.java:onNext(255)) - client-C9E345EC67ED->244f13ac-34be-4c4e-8e45-0c0272edbbb2: receive RaftClientReply:client-C9E345EC67ED->244f13ac-34be-4c4e-8e45-0c0272edbbb2@group-FE77C852EF02, cid=2962, SUCCESS, logIndex=4419, commits[244f13ac-34be-4c4e-8e45-0c0272edbbb2:c4420, 6287e41a-5356-4f55-84f2-270816d53e84:c4418, a2c18d3d-e79d-47c9-88fe-d8a1d195302b:c4418]
2019-08-23 11:31:48,448 | INFO  | DNAudit | user=null | ip=null | op=WRITE_CHUNK {blockData=conID: 3 locID: 102666070158803584 bcsId: 0} | ret=SUCCESS |  
2019-08-23 11:31:48,449 [grpc-default-executor-4] INFO  client.GrpcClientProtocolClient (GrpcClientProtocolClient.java:onNext(255)) - client-C9E345EC67ED->244f13ac-34be-4c4e-8e45-0c0272edbbb2: receive RaftClientReply:client-C9E345EC67ED->244f13ac-34be-4c4e-8e45-0c0272edbbb2@group-FE77C852EF02, cid=2963, SUCCESS, logIndex=4420, commits[244f13ac-34be-4c4e-8e45-0c0272edbbb2:c4422, 6287e41a-5356-4f55-84f2-270816d53e84:c4418, a2c18d3d-e79d-47c9-88fe-d8a1d195302b:c4418]
2019-08-23 11:31:48,449 | INFO  | DNAudit | user=null | ip=null | op=PUT_BLOCK {blockData=[blockId=conID: 3 locID: 102666070158803584 bcsId: 0,size=2097152]} | ret=SUCCESS |  
2019-08-23 11:31:48,449 [grpc-default-executor-4] INFO  client.GrpcClientProtocolClient (GrpcClientProtocolClient.java:onNext(255)) - client-C9E345EC67ED->244f13ac-34be-4c4e-8e45-0c0272edbbb2: receive RaftClientReply:client-C9E345EC67ED->244f13ac-34be-4c4e-8e45-0c0272edbbb2@group-FE77C852EF02, cid=2964, SUCCESS, logIndex=4421, commits[244f13ac-34be-4c4e-8e45-0c0272edbbb2:c4422, 6287e41a-5356-4f55-84f2-270816d53e84:c4418, a2c18d3d-e79d-47c9-88fe-d8a1d195302b:c4418]
2019-08-23 11:31:48,449 | INFO  | DNAudit | user=null | ip=null | op=WRITE_CHUNK {blockData=conID: 3 locID: 102666070158803584 bcsId: 0} | ret=SUCCESS |  
2019-08-23 11:31:48,449 | INFO  | DNAudit | user=null | ip=null | op=WRITE_CHUNK {blockData=conID: 3 locID: 102666070158803584 bcsId: 0} | ret=SUCCESS |  
2019-08-23 11:31:48,449 | INFO  | DNAudit | user=null | ip=null | op=PUT_BLOCK {blockData=[blockId=conID: 3 locID: 102666070158803584 bcsId: 0,size=1048576]} | ret=SUCCESS |  
2019-08-23 11:31:48,449 [grpc-default-executor-4] INFO  client.GrpcClientProtocolClient (GrpcClientProtocolClient.java:onNext(255)) - client-C9E345EC67ED->244f13ac-34be-4c4e-8e45-0c0272edbbb2: receive RaftClientReply:client-C9E345EC67ED->244f13ac-34be-4c4e-8e45-0c0272edbbb2@group-FE77C852EF02, cid=2965, SUCCESS, logIndex=4422, commits[244f13ac-34be-4c4e-8e45-0c0272edbbb2:c4422, 6287e41a-5356-4f55-84f2-270816d53e84:c4418, a2c18d3d-e79d-47c9-88fe-d8a1d195302b:c4418]
2019-08-23 11:31:48,450 | INFO  | DNAudit | user=null | ip=null | op=WRITE_CHUNK {blockData=conID: 3 locID: 102666070158803584 bcsId: 0} | ret=SUCCESS |  
2019-08-23 11:31:48,450 | INFO  | DNAudit | user=null | ip=null | op=PUT_BLOCK {blockData=[blockId=conID: 3 locID: 102666070158803584 bcsId: 0,size=1048576]} | ret=SUCCESS |  
2019-08-23 11:31:48,450 | INFO  | DNAudit | user=null | ip=null | op=PUT_BLOCK {blockData=[blockId=conID: 3 locID: 102666070158803584 bcsId: 0,size=2097152]} | ret=SUCCESS |  
2019-08-23 11:31:48,450 | INFO  | DNAudit | user=null | ip=null | op=WRITE_CHUNK {blockData=conID: 3 locID: 102666070158803584 bcsId: 0} | ret=SUCCESS |  
2019-08-23 11:31:48,451 | INFO  | DNAudit | user=null | ip=null | op=PUT_BLOCK {blockData=[blockId=conID: 3 locID: 102666070158803584 bcsId: 0,size=2097152]} | ret=SUCCESS |  
2019-08-23 11:31:48,451 [grpc-default-executor-4] INFO  client.GrpcClientProtocolClient (GrpcClientProtocolClient.java:onNext(255)) - client-C9E345EC67ED->244f13ac-34be-4c4e-8e45-0c0272edbbb2: receive RaftClientReply:client-C9E345EC67ED->244f13ac-34be-4c4e-8e45-0c0272edbbb2@group-FE77C852EF02, cid=2966, SUCCESS, logIndex=0, commits[244f13ac-34be-4c4e-8e45-0c0272edbbb2:c4424, 6287e41a-5356-4f55-84f2-270816d53e84:c4422, a2c18d3d-e79d-47c9-88fe-d8a1d195302b:c4420]
2019-08-23 11:31:48,456 | INFO  | DNAudit | user=null | ip=null | op=WRITE_CHUNK {blockData=conID: 3 locID: 102666070158803584 bcsId: 4422} | ret=SUCCESS |  
2019-08-23 11:31:48,457 | INFO  | DNAudit | user=null | ip=null | op=WRITE_CHUNK {blockData=conID: 3 locID: 102666070158803584 bcsId: 4422} | ret=SUCCESS |  
2019-08-23 11:31:48,457 | INFO  | DNAudit | user=null | ip=null | op=WRITE_CHUNK {blockData=conID: 3 locID: 102666070158803584 bcsId: 4422} | ret=SUCCESS |  
2019-08-23 11:31:48,466 | INFO  | DNAudit | user=null | ip=null | op=WRITE_CHUNK {blockData=conID: 3 locID: 102666070158803584 bcsId: 4422} | ret=SUCCESS |  
2019-08-23 11:31:48,467 | INFO  | DNAudit | user=null | ip=null | op=PUT_BLOCK {blockData=[blockId=conID: 3 locID: 102666070158803584 bcsId: 0,size=3145728]} | ret=SUCCESS |  
2019-08-23 11:31:48,467 [grpc-default-executor-4] INFO  client.GrpcClientProtocolClient (GrpcClientProtocolClient.java:onNext(255)) - client-C9E345EC67ED->244f13ac-34be-4c4e-8e45-0c0272edbbb2: receive RaftClientReply:client-C9E345EC67ED->244f13ac-34be-4c4e-8e45-0c0272edbbb2@group-FE77C852EF02, cid=2967, SUCCESS, logIndex=4426, commits[244f13ac-34be-4c4e-8e45-0c0272edbbb2:c4427, 6287e41a-5356-4f55-84f2-270816d53e84:c4425, a2c18d3d-e79d-47c9-88fe-d8a1d195302b:c4425]
2019-08-23 11:31:48,467 [grpc-default-executor-4] INFO  client.GrpcClientProtocolClient (GrpcClientProtocolClient.java:onNext(255)) - client-C9E345EC67ED->244f13ac-34be-4c4e-8e45-0c0272edbbb2: receive RaftClientReply:client-C9E345EC67ED->244f13ac-34be-4c4e-8e45-0c0272edbbb2@group-FE77C852EF02, cid=2968, SUCCESS, logIndex=4427, commits[244f13ac-34be-4c4e-8e45-0c0272edbbb2:c4427, 6287e41a-5356-4f55-84f2-270816d53e84:c4425, a2c18d3d-e79d-47c9-88fe-d8a1d195302b:c4425]
2019-08-23 11:31:48,473 | INFO  | DNAudit | user=null | ip=null | op=WRITE_CHUNK {blockData=conID: 3 locID: 102666070158803584 bcsId: 4427} | ret=SUCCESS |  
2019-08-23 11:31:48,474 | INFO  | DNAudit | user=null | ip=null | op=WRITE_CHUNK {blockData=conID: 3 locID: 102666070158803584 bcsId: 4427} | ret=SUCCESS |  
2019-08-23 11:31:48,474 | INFO  | DNAudit | user=null | ip=null | op=WRITE_CHUNK {blockData=conID: 3 locID: 102666070158803584 bcsId: 4427} | ret=SUCCESS |  
2019-08-23 11:31:48,477 | INFO  | DNAudit | user=null | ip=null | op=WRITE_CHUNK {blockData=conID: 3 locID: 102666070158803584 bcsId: 4422} | ret=SUCCESS |  
2019-08-23 11:31:48,477 | INFO  | DNAudit | user=null | ip=null | op=WRITE_CHUNK {blockData=conID: 3 locID: 102666070158803584 bcsId: 4422} | ret=SUCCESS |  
2019-08-23 11:31:48,478 | INFO  | DNAudit | user=null | ip=null | op=PUT_BLOCK {blockData=[blockId=conID: 3 locID: 102666070158803584 bcsId: 0,size=3145728]} | ret=SUCCESS |  
2019-08-23 11:31:48,478 | INFO  | DNAudit | user=null | ip=null | op=PUT_BLOCK {blockData=[blockId=conID: 3 locID: 102666070158803584 bcsId: 0,size=3145728]} | ret=SUCCESS |  
2019-08-23 11:31:48,478 | INFO  | DNAudit | user=null | ip=null | op=WRITE_CHUNK {blockData=conID: 3 locID: 102666070158803584 bcsId: 4427} | ret=SUCCESS |  
2019-08-23 11:31:48,479 | INFO  | DNAudit | user=null | ip=null | op=PUT_BLOCK {blockData=[blockId=conID: 3 locID: 102666070158803584 bcsId: 0,size=4194304]} | ret=SUCCESS |  
2019-08-23 11:31:48,479 [grpc-default-executor-4] INFO  client.GrpcClientProtocolClient (GrpcClientProtocolClient.java:onNext(255)) - client-C9E345EC67ED->244f13ac-34be-4c4e-8e45-0c0272edbbb2: receive RaftClientReply:client-C9E345EC67ED->244f13ac-34be-4c4e-8e45-0c0272edbbb2@group-FE77C852EF02, cid=2969, SUCCESS, logIndex=4430, commits[244f13ac-34be-4c4e-8e45-0c0272edbbb2:c4430, 6287e41a-5356-4f55-84f2-270816d53e84:c4427, a2c18d3d-e79d-47c9-88fe-d8a1d195302b:c4427]
2019-08-23 11:31:48,479 [grpc-default-executor-4] INFO  client.GrpcClientProtocolClient (GrpcClientProtocolClient.java:onNext(255)) - client-C9E345EC67ED->244f13ac-34be-4c4e-8e45-0c0272edbbb2: receive RaftClientReply:client-C9E345EC67ED->244f13ac-34be-4c4e-8e45-0c0272edbbb2@group-FE77C852EF02, cid=2970, SUCCESS, logIndex=4431, commits[244f13ac-34be-4c4e-8e45-0c0272edbbb2:c4431, 6287e41a-5356-4f55-84f2-270816d53e84:c4427, a2c18d3d-e79d-47c9-88fe-d8a1d195302b:c4427]
2019-08-23 11:31:48,489 | INFO  | DNAudit | user=null | ip=null | op=WRITE_CHUNK {blockData=conID: 3 locID: 102666070158803584 bcsId: 4427} | ret=SUCCESS |  
2019-08-23 11:31:48,489 | INFO  | DNAudit | user=null | ip=null | op=WRITE_CHUNK {blockData=conID: 3 locID: 102666070158803584 bcsId: 4427} | ret=SUCCESS |  
2019-08-23 11:31:48,492 | INFO  | DNAudit | user=null | ip=null | op=PUT_BLOCK {blockData=[blockId=conID: 3 locID: 102666070158803584 bcsId: 0,size=4194304]} | ret=SUCCESS |  
2019-08-23 11:31:48,492 | INFO  | DNAudit | user=null | ip=null | op=PUT_BLOCK {blockData=[blockId=conID: 3 locID: 102666070158803584 bcsId: 0,size=4194304]} | ret=SUCCESS |  
2019-08-23 11:31:48,492 [grpc-default-executor-4] INFO  client.GrpcClientProtocolClient (GrpcClientProtocolClient.java:onNext(255)) - client-C9E345EC67ED->244f13ac-34be-4c4e-8e45-0c0272edbbb2: receive RaftClientReply:client-C9E345EC67ED->244f13ac-34be-4c4e-8e45-0c0272edbbb2@group-FE77C852EF02, cid=2971, SUCCESS, logIndex=0, commits[244f13ac-34be-4c4e-8e45-0c0272edbbb2:c4433, 6287e41a-5356-4f55-84f2-270816d53e84:c4431, a2c18d3d-e79d-47c9-88fe-d8a1d195302b:c4431]
2019-08-23 11:31:48,497 | INFO  | SCMAudit | user=jenkins1000 | ip=192.168.5.185 | op=ALLOCATE_BLOCK {owner=00a23185-76ea-47b5-a641-ad3cfbe5521a, size=4194304, type=RATIS, factor=THREE} | ret=SUCCESS |  
2019-08-23 11:31:48,499 | INFO  | OMAudit | user=jenkins1000 | ip=127.0.0.1 | op=ALLOCATE_BLOCK {volume=vol-0-37508, bucket=bucket-0-50919, key=key-0-57313, dataSize=0, replicationType=null, replicationFactor=null, keyLocationInfo=null, clientID=102666068570931602} | ret=SUCCESS |  
2019-08-23 11:31:48,505 | INFO  | DNAudit | user=null | ip=null | op=WRITE_CHUNK {blockData=conID: 1 locID: 102666070163260033 bcsId: 0} | ret=SUCCESS |  
2019-08-23 11:31:48,507 | INFO  | DNAudit | user=null | ip=null | op=WRITE_CHUNK {blockData=conID: 1 locID: 102666070163260033 bcsId: 0} | ret=SUCCESS |  
2019-08-23 11:31:48,508 | INFO  | DNAudit | user=null | ip=null | op=WRITE_CHUNK {blockData=conID: 1 locID: 102666070163260033 bcsId: 0} | ret=SUCCESS |  
2019-08-23 11:31:48,508 | INFO  | DNAudit | user=null | ip=null | op=WRITE_CHUNK {blockData=conID: 1 locID: 102666070163260033 bcsId: 0} | ret=SUCCESS |  
2019-08-23 11:31:48,509 | INFO  | DNAudit | user=null | ip=null | op=WRITE_CHUNK {blockData=conID: 1 locID: 102666070163260033 bcsId: 0} | ret=SUCCESS |  
2019-08-23 11:31:48,509 | INFO  | DNAudit | user=null | ip=null | op=WRITE_CHUNK {blockData=conID: 1 locID: 102666070163260033 bcsId: 0} | ret=SUCCESS |  
2019-08-23 11:31:48,512 | INFO  | DNAudit | user=null | ip=null | op=WRITE_CHUNK {blockData=conID: 1 locID: 102666070163260033 bcsId: 0} | ret=SUCCESS |  
2019-08-23 11:31:48,513 | INFO  | DNAudit | user=null | ip=null | op=PUT_BLOCK {blockData=[blockId=conID: 1 locID: 102666070163260033 bcsId: 0,size=1048576]} | ret=SUCCESS |  
2019-08-23 11:31:48,513 | INFO  | DNAudit | user=null | ip=null | op=WRITE_CHUNK {blockData=conID: 1 locID: 102666070163260033 bcsId: 0} | ret=SUCCESS |  
2019-08-23 11:31:48,513 [grpc-default-executor-4] INFO  client.GrpcClientProtocolClient (GrpcClientProtocolClient.java:onNext(255)) - client-C9E345EC67ED->244f13ac-34be-4c4e-8e45-0c0272edbbb2: receive RaftClientReply:client-C9E345EC67ED->244f13ac-34be-4c4e-8e45-0c0272edbbb2@group-FE77C852EF02, cid=2972, SUCCESS, logIndex=4434, commits[244f13ac-34be-4c4e-8e45-0c0272edbbb2:c4437, 6287e41a-5356-4f55-84f2-270816d53e84:c4433, a2c18d3d-e79d-47c9-88fe-d8a1d195302b:c4433]
2019-08-23 11:31:48,513 | INFO  | DNAudit | user=null | ip=null | op=PUT_BLOCK {blockData=[blockId=conID: 1 locID: 102666070163260033 bcsId: 0,size=2097152]} | ret=SUCCESS |  
2019-08-23 11:31:48,513 | INFO  | DNAudit | user=null | ip=null | op=WRITE_CHUNK {blockData=conID: 1 locID: 102666070163260033 bcsId: 0} | ret=SUCCESS |  
2019-08-23 11:31:48,513 [grpc-default-executor-4] INFO  client.GrpcClientProtocolClient (GrpcClientProtocolClient.java:onNext(255)) - client-C9E345EC67ED->244f13ac-34be-4c4e-8e45-0c0272edbbb2: receive RaftClientReply:client-C9E345EC67ED->244f13ac-34be-4c4e-8e45-0c0272edbbb2@group-FE77C852EF02, cid=2973, SUCCESS, logIndex=4435, commits[244f13ac-34be-4c4e-8e45-0c0272edbbb2:c4437, 6287e41a-5356-4f55-84f2-270816d53e84:c4433, a2c18d3d-e79d-47c9-88fe-d8a1d195302b:c4433]
2019-08-23 11:31:48,514 [grpc-default-executor-4] INFO  client.GrpcClientProtocolClient (GrpcClientProtocolClient.java:onNext(255)) - client-C9E345EC67ED->244f13ac-34be-4c4e-8e45-0c0272edbbb2: receive RaftClientReply:client-C9E345EC67ED->244f13ac-34be-4c4e-8e45-0c0272edbbb2@group-FE77C852EF02, cid=2974, SUCCESS, logIndex=4436, commits[244f13ac-34be-4c4e-8e45-0c0272edbbb2:c4437, 6287e41a-5356-4f55-84f2-270816d53e84:c4433, a2c18d3d-e79d-47c9-88fe-d8a1d195302b:c4433]
2019-08-23 11:31:48,514 [grpc-default-executor-4] INFO  client.GrpcClientProtocolClient (GrpcClientProtocolClient.java:onNext(255)) - client-C9E345EC67ED->244f13ac-34be-4c4e-8e45-0c0272edbbb2: receive RaftClientReply:client-C9E345EC67ED->244f13ac-34be-4c4e-8e45-0c0272edbbb2@group-FE77C852EF02, cid=2975, SUCCESS, logIndex=4437, commits[244f13ac-34be-4c4e-8e45-0c0272edbbb2:c4437, 6287e41a-5356-4f55-84f2-270816d53e84:c4433, a2c18d3d-e79d-47c9-88fe-d8a1d195302b:c4433]
2019-08-23 11:31:48,514 | INFO  | DNAudit | user=null | ip=null | op=PUT_BLOCK {blockData=[blockId=conID: 1 locID: 102666070163260033 bcsId: 0,size=1048576]} | ret=SUCCESS |  
2019-08-23 11:31:48,515 | INFO  | DNAudit | user=null | ip=null | op=WRITE_CHUNK {blockData=conID: 1 locID: 102666070163260033 bcsId: 0} | ret=SUCCESS |  
2019-08-23 11:31:48,515 | INFO  | DNAudit | user=null | ip=null | op=WRITE_CHUNK {blockData=conID: 1 locID: 102666070163260033 bcsId: 0} | ret=SUCCESS |  
2019-08-23 11:31:48,515 | INFO  | DNAudit | user=null | ip=null | op=PUT_BLOCK {blockData=[blockId=conID: 1 locID: 102666070163260033 bcsId: 0,size=1048576]} | ret=SUCCESS |  
2019-08-23 11:31:48,515 | INFO  | DNAudit | user=null | ip=null | op=WRITE_CHUNK {blockData=conID: 1 locID: 102666070163260033 bcsId: 0} | ret=SUCCESS |  
2019-08-23 11:31:48,515 | INFO  | DNAudit | user=null | ip=null | op=PUT_BLOCK {blockData=[blockId=conID: 1 locID: 102666070163260033 bcsId: 0,size=2097152]} | ret=SUCCESS |  
2019-08-23 11:31:48,515 | INFO  | DNAudit | user=null | ip=null | op=PUT_BLOCK {blockData=[blockId=conID: 1 locID: 102666070163260033 bcsId: 0,size=2097152]} | ret=SUCCESS |  
2019-08-23 11:31:48,515 [grpc-default-executor-4] INFO  client.GrpcClientProtocolClient (GrpcClientProtocolClient.java:onNext(255)) - client-C9E345EC67ED->244f13ac-34be-4c4e-8e45-0c0272edbbb2: receive RaftClientReply:client-C9E345EC67ED->244f13ac-34be-4c4e-8e45-0c0272edbbb2@group-FE77C852EF02, cid=2976, SUCCESS, logIndex=0, commits[244f13ac-34be-4c4e-8e45-0c0272edbbb2:c4440, 6287e41a-5356-4f55-84f2-270816d53e84:c4436, a2c18d3d-e79d-47c9-88fe-d8a1d195302b:c4435]
2019-08-23 11:31:48,520 | INFO  | DNAudit | user=null | ip=null | op=WRITE_CHUNK {blockData=conID: 1 locID: 102666070163260033 bcsId: 4437} | ret=SUCCESS |  
2019-08-23 11:31:48,523 | INFO  | DNAudit | user=null | ip=null | op=WRITE_CHUNK {blockData=conID: 1 locID: 102666070163260033 bcsId: 4437} | ret=SUCCESS |  
2019-08-23 11:31:48,523 | INFO  | DNAudit | user=null | ip=null | op=WRITE_CHUNK {blockData=conID: 1 locID: 102666070163260033 bcsId: 4437} | ret=SUCCESS |  
2019-08-23 11:31:48,541 | INFO  | DNAudit | user=null | ip=null | op=WRITE_CHUNK {blockData=conID: 1 locID: 102666070163260033 bcsId: 4437} | ret=SUCCESS |  
2019-08-23 11:31:48,542 | INFO  | DNAudit | user=null | ip=null | op=PUT_BLOCK {blockData=[blockId=conID: 1 locID: 102666070163260033 bcsId: 0,size=3145728]} | ret=SUCCESS |  
2019-08-23 11:31:48,542 [grpc-default-executor-0] INFO  client.GrpcClientProtocolClient (GrpcClientProtocolClient.java:onNext(255)) - client-C9E345EC67ED->244f13ac-34be-4c4e-8e45-0c0272edbbb2: receive RaftClientReply:client-C9E345EC67ED->244f13ac-34be-4c4e-8e45-0c0272edbbb2@group-FE77C852EF02, cid=2977, SUCCESS, logIndex=4442, commits[244f13ac-34be-4c4e-8e45-0c0272edbbb2:c4443, 6287e41a-5356-4f55-84f2-270816d53e84:c4441, a2c18d3d-e79d-47c9-88fe-d8a1d195302b:c4441]
2019-08-23 11:31:48,542 [grpc-default-executor-0] INFO  client.GrpcClientProtocolClient (GrpcClientProtocolClient.java:onNext(255)) - client-C9E345EC67ED->244f13ac-34be-4c4e-8e45-0c0272edbbb2: receive RaftClientReply:client-C9E345EC67ED->244f13ac-34be-4c4e-8e45-0c0272edbbb2@group-FE77C852EF02, cid=2978, SUCCESS, logIndex=4443, commits[244f13ac-34be-4c4e-8e45-0c0272edbbb2:c4443, 6287e41a-5356-4f55-84f2-270816d53e84:c4441, a2c18d3d-e79d-47c9-88fe-d8a1d195302b:c4441]
2019-08-23 11:31:48,547 | INFO  | DNAudit | user=null | ip=null | op=WRITE_CHUNK {blockData=conID: 1 locID: 102666070163260033 bcsId: 4443} | ret=SUCCESS |  
2019-08-23 11:31:48,549 | INFO  | DNAudit | user=null | ip=null | op=WRITE_CHUNK {blockData=conID: 1 locID: 102666070163260033 bcsId: 4443} | ret=SUCCESS |  
2019-08-23 11:31:48,550 | INFO  | DNAudit | user=null | ip=null | op=WRITE_CHUNK {blockData=conID: 1 locID: 102666070163260033 bcsId: 4443} | ret=SUCCESS |  
2019-08-23 11:31:48,554 | INFO  | DNAudit | user=null | ip=null | op=WRITE_CHUNK {blockData=conID: 1 locID: 102666070163260033 bcsId: 4437} | ret=SUCCESS |  
2019-08-23 11:31:48,554 | INFO  | DNAudit | user=null | ip=null | op=WRITE_CHUNK {blockData=conID: 1 locID: 102666070163260033 bcsId: 4437} | ret=SUCCESS |  
2019-08-23 11:31:48,554 | INFO  | DNAudit | user=null | ip=null | op=PUT_BLOCK {blockData=[blockId=conID: 1 locID: 102666070163260033 bcsId: 0,size=3145728]} | ret=SUCCESS |  
2019-08-23 11:31:48,554 | INFO  | DNAudit | user=null | ip=null | op=PUT_BLOCK {blockData=[blockId=conID: 1 locID: 102666070163260033 bcsId: 0,size=3145728]} | ret=SUCCESS |  
2019-08-23 11:31:48,555 | INFO  | DNAudit | user=null | ip=null | op=WRITE_CHUNK {blockData=conID: 1 locID: 102666070163260033 bcsId: 4443} | ret=SUCCESS |  
2019-08-23 11:31:48,556 | INFO  | DNAudit | user=null | ip=null | op=PUT_BLOCK {blockData=[blockId=conID: 1 locID: 102666070163260033 bcsId: 0,size=4194304]} | ret=SUCCESS |  
2019-08-23 11:31:48,556 [grpc-default-executor-4] INFO  client.GrpcClientProtocolClient (GrpcClientProtocolClient.java:onNext(255)) - client-C9E345EC67ED->244f13ac-34be-4c4e-8e45-0c0272edbbb2: receive RaftClientReply:client-C9E345EC67ED->244f13ac-34be-4c4e-8e45-0c0272edbbb2@group-FE77C852EF02, cid=2979, SUCCESS, logIndex=4446, commits[244f13ac-34be-4c4e-8e45-0c0272edbbb2:c4446, 6287e41a-5356-4f55-84f2-270816d53e84:c4443, a2c18d3d-e79d-47c9-88fe-d8a1d195302b:c4443]
2019-08-23 11:31:48,556 [grpc-default-executor-4] INFO  client.GrpcClientProtocolClient (GrpcClientProtocolClient.java:onNext(255)) - client-C9E345EC67ED->244f13ac-34be-4c4e-8e45-0c0272edbbb2: receive RaftClientReply:client-C9E345EC67ED->244f13ac-34be-4c4e-8e45-0c0272edbbb2@group-FE77C852EF02, cid=2980, SUCCESS, logIndex=4447, commits[244f13ac-34be-4c4e-8e45-0c0272edbbb2:c4447, 6287e41a-5356-4f55-84f2-270816d53e84:c4443, a2c18d3d-e79d-47c9-88fe-d8a1d195302b:c4443]
2019-08-23 11:31:48,566 | INFO  | DNAudit | user=null | ip=null | op=WRITE_CHUNK {blockData=conID: 1 locID: 102666070163260033 bcsId: 4443} | ret=SUCCESS |  
2019-08-23 11:31:48,567 | INFO  | DNAudit | user=null | ip=null | op=WRITE_CHUNK {blockData=conID: 1 locID: 102666070163260033 bcsId: 4443} | ret=SUCCESS |  
2019-08-23 11:31:48,568 | INFO  | DNAudit | user=null | ip=null | op=PUT_BLOCK {blockData=[blockId=conID: 1 locID: 102666070163260033 bcsId: 0,size=4194304]} | ret=SUCCESS |  
2019-08-23 11:31:48,568 | INFO  | DNAudit | user=null | ip=null | op=PUT_BLOCK {blockData=[blockId=conID: 1 locID: 102666070163260033 bcsId: 0,size=4194304]} | ret=SUCCESS |  
2019-08-23 11:31:48,568 [grpc-default-executor-4] INFO  client.GrpcClientProtocolClient (GrpcClientProtocolClient.java:onNext(255)) - client-C9E345EC67ED->244f13ac-34be-4c4e-8e45-0c0272edbbb2: receive RaftClientReply:client-C9E345EC67ED->244f13ac-34be-4c4e-8e45-0c0272edbbb2@group-FE77C852EF02, cid=2981, SUCCESS, logIndex=0, commits[244f13ac-34be-4c4e-8e45-0c0272edbbb2:c4448, 6287e41a-5356-4f55-84f2-270816d53e84:c4447, a2c18d3d-e79d-47c9-88fe-d8a1d195302b:c4447]
2019-08-23 11:31:48,573 | INFO  | SCMAudit | user=jenkins1000 | ip=192.168.5.185 | op=ALLOCATE_BLOCK {owner=00a23185-76ea-47b5-a641-ad3cfbe5521a, size=4194304, type=RATIS, factor=THREE} | ret=SUCCESS |  
2019-08-23 11:31:48,576 | INFO  | OMAudit | user=jenkins1000 | ip=127.0.0.1 | op=ALLOCATE_BLOCK {volume=vol-0-37508, bucket=bucket-0-50919, key=key-0-57313, dataSize=0, replicationType=null, replicationFactor=null, keyLocationInfo=null, clientID=102666068570931602} | ret=SUCCESS |  
2019-08-23 11:31:48,582 | INFO  | DNAudit | user=null | ip=null | op=WRITE_CHUNK {blockData=conID: 2 locID: 102666070168240770 bcsId: 0} | ret=SUCCESS |  
2019-08-23 11:31:48,583 | INFO  | DNAudit | user=null | ip=null | op=WRITE_CHUNK {blockData=conID: 2 locID: 102666070168240770 bcsId: 0} | ret=SUCCESS |  
2019-08-23 11:31:48,584 | INFO  | DNAudit | user=null | ip=null | op=WRITE_CHUNK {blockData=conID: 2 locID: 102666070168240770 bcsId: 0} | ret=SUCCESS |  
2019-08-23 11:31:48,584 | INFO  | DNAudit | user=null | ip=null | op=WRITE_CHUNK {blockData=conID: 2 locID: 102666070168240770 bcsId: 0} | ret=SUCCESS |  
2019-08-23 11:31:48,584 | INFO  | DNAudit | user=null | ip=null | op=WRITE_CHUNK {blockData=conID: 2 locID: 102666070168240770 bcsId: 0} | ret=SUCCESS |  
2019-08-23 11:31:48,585 | INFO  | DNAudit | user=null | ip=null | op=WRITE_CHUNK {blockData=conID: 2 locID: 102666070168240770 bcsId: 0} | ret=SUCCESS |  
2019-08-23 11:31:48,595 | INFO  | DNAudit | user=null | ip=null | op=WRITE_CHUNK {blockData=conID: 2 locID: 102666070168240770 bcsId: 0} | ret=SUCCESS |  
2019-08-23 11:31:48,596 | INFO  | DNAudit | user=null | ip=null | op=PUT_BLOCK {blockData=[blockId=conID: 2 locID: 102666070168240770 bcsId: 0,size=1048576]} | ret=SUCCESS |  
2019-08-23 11:31:48,596 | INFO  | DNAudit | user=null | ip=null | op=WRITE_CHUNK {blockData=conID: 2 locID: 102666070168240770 bcsId: 0} | ret=SUCCESS |  
2019-08-23 11:31:48,596 [grpc-default-executor-4] INFO  client.GrpcClientProtocolClient (GrpcClientProtocolClient.java:onNext(255)) - client-C9E345EC67ED->244f13ac-34be-4c4e-8e45-0c0272edbbb2: receive RaftClientReply:client-C9E345EC67ED->244f13ac-34be-4c4e-8e45-0c0272edbbb2@group-FE77C852EF02, cid=2982, SUCCESS, logIndex=4450, commits[244f13ac-34be-4c4e-8e45-0c0272edbbb2:c4451, 6287e41a-5356-4f55-84f2-270816d53e84:c4449, a2c18d3d-e79d-47c9-88fe-d8a1d195302b:c4449]
2019-08-23 11:31:48,596 | INFO  | DNAudit | user=null | ip=null | op=PUT_BLOCK {blockData=[blockId=conID: 2 locID: 102666070168240770 bcsId: 0,size=2097152]} | ret=SUCCESS |  
2019-08-23 11:31:48,597 [grpc-default-executor-4] INFO  client.GrpcClientProtocolClient (GrpcClientProtocolClient.java:onNext(255)) - client-C9E345EC67ED->244f13ac-34be-4c4e-8e45-0c0272edbbb2: receive RaftClientReply:client-C9E345EC67ED->244f13ac-34be-4c4e-8e45-0c0272edbbb2@group-FE77C852EF02, cid=2983, SUCCESS, logIndex=4451, commits[244f13ac-34be-4c4e-8e45-0c0272edbbb2:c4453, 6287e41a-5356-4f55-84f2-270816d53e84:c4449, a2c18d3d-e79d-47c9-88fe-d8a1d195302b:c4449]
2019-08-23 11:31:48,597 [grpc-default-executor-4] INFO  client.GrpcClientProtocolClient (GrpcClientProtocolClient.java:onNext(255)) - client-C9E345EC67ED->244f13ac-34be-4c4e-8e45-0c0272edbbb2: receive RaftClientReply:client-C9E345EC67ED->244f13ac-34be-4c4e-8e45-0c0272edbbb2@group-FE77C852EF02, cid=2984, SUCCESS, logIndex=4452, commits[244f13ac-34be-4c4e-8e45-0c0272edbbb2:c4453, 6287e41a-5356-4f55-84f2-270816d53e84:c4449, a2c18d3d-e79d-47c9-88fe-d8a1d195302b:c4449]
2019-08-23 11:31:48,597 [grpc-default-executor-4] INFO  client.GrpcClientProtocolClient (GrpcClientProtocolClient.java:onNext(255)) - client-C9E345EC67ED->244f13ac-34be-4c4e-8e45-0c0272edbbb2: receive RaftClientReply:client-C9E345EC67ED->244f13ac-34be-4c4e-8e45-0c0272edbbb2@group-FE77C852EF02, cid=2985, SUCCESS, logIndex=4453, commits[244f13ac-34be-4c4e-8e45-0c0272edbbb2:c4453, 6287e41a-5356-4f55-84f2-270816d53e84:c4449, a2c18d3d-e79d-47c9-88fe-d8a1d195302b:c4449]
2019-08-23 11:31:48,607 | INFO  | DNAudit | user=null | ip=null | op=WRITE_CHUNK {blockData=conID: 2 locID: 102666070168240770 bcsId: 0} | ret=SUCCESS |  
2019-08-23 11:31:48,607 | INFO  | DNAudit | user=null | ip=null | op=WRITE_CHUNK {blockData=conID: 2 locID: 102666070168240770 bcsId: 0} | ret=SUCCESS |  
2019-08-23 11:31:48,607 | INFO  | DNAudit | user=null | ip=null | op=PUT_BLOCK {blockData=[blockId=conID: 2 locID: 102666070168240770 bcsId: 0,size=1048576]} | ret=SUCCESS |  
2019-08-23 11:31:48,607 | INFO  | DNAudit | user=null | ip=null | op=PUT_BLOCK {blockData=[blockId=conID: 2 locID: 102666070168240770 bcsId: 0,size=1048576]} | ret=SUCCESS |  
2019-08-23 11:31:48,607 [grpc-default-executor-2] INFO  client.GrpcClientProtocolClient (GrpcClientProtocolClient.java:onNext(255)) - client-C9E345EC67ED->244f13ac-34be-4c4e-8e45-0c0272edbbb2: receive RaftClientReply:client-C9E345EC67ED->244f13ac-34be-4c4e-8e45-0c0272edbbb2@group-FE77C852EF02, cid=2986, SUCCESS, logIndex=0, commits[244f13ac-34be-4c4e-8e45-0c0272edbbb2:c4454, 6287e41a-5356-4f55-84f2-270816d53e84:c4451, a2c18d3d-e79d-47c9-88fe-d8a1d195302b:c4451]
2019-08-23 11:31:48,607 | INFO  | DNAudit | user=null | ip=null | op=WRITE_CHUNK {blockData=conID: 2 locID: 102666070168240770 bcsId: 0} | ret=SUCCESS |  
2019-08-23 11:31:48,608 | INFO  | DNAudit | user=null | ip=null | op=PUT_BLOCK {blockData=[blockId=conID: 2 locID: 102666070168240770 bcsId: 0,size=2097152]} | ret=SUCCESS |  
2019-08-23 11:31:48,609 | INFO  | DNAudit | user=null | ip=null | op=WRITE_CHUNK {blockData=conID: 2 locID: 102666070168240770 bcsId: 0} | ret=SUCCESS |  
2019-08-23 11:31:48,609 | INFO  | DNAudit | user=null | ip=null | op=PUT_BLOCK {blockData=[blockId=conID: 2 locID: 102666070168240770 bcsId: 0,size=2097152]} | ret=SUCCESS |  
2019-08-23 11:31:48,612 | INFO  | DNAudit | user=null | ip=null | op=WRITE_CHUNK {blockData=conID: 2 locID: 102666070168240770 bcsId: 4453} | ret=SUCCESS |  
2019-08-23 11:31:48,614 | INFO  | DNAudit | user=null | ip=null | op=WRITE_CHUNK {blockData=conID: 2 locID: 102666070168240770 bcsId: 4453} | ret=SUCCESS |  
2019-08-23 11:31:48,614 | INFO  | DNAudit | user=null | ip=null | op=WRITE_CHUNK {blockData=conID: 2 locID: 102666070168240770 bcsId: 4453} | ret=SUCCESS |  
2019-08-23 11:31:48,625 | INFO  | DNAudit | user=null | ip=null | op=WRITE_CHUNK {blockData=conID: 2 locID: 102666070168240770 bcsId: 4453} | ret=SUCCESS |  
2019-08-23 11:31:48,625 | INFO  | DNAudit | user=null | ip=null | op=PUT_BLOCK {blockData=[blockId=conID: 2 locID: 102666070168240770 bcsId: 0,size=3145728]} | ret=SUCCESS |  
2019-08-23 11:31:48,625 [grpc-default-executor-2] INFO  client.GrpcClientProtocolClient (GrpcClientProtocolClient.java:onNext(255)) - client-C9E345EC67ED->244f13ac-34be-4c4e-8e45-0c0272edbbb2: receive RaftClientReply:client-C9E345EC67ED->244f13ac-34be-4c4e-8e45-0c0272edbbb2@group-FE77C852EF02, cid=2987, SUCCESS, logIndex=4458, commits[244f13ac-34be-4c4e-8e45-0c0272edbbb2:c4459, 6287e41a-5356-4f55-84f2-270816d53e84:c4457, a2c18d3d-e79d-47c9-88fe-d8a1d195302b:c4457]
2019-08-23 11:31:48,625 [grpc-default-executor-2] INFO  client.GrpcClientProtocolClient (GrpcClientProtocolClient.java:onNext(255)) - client-C9E345EC67ED->244f13ac-34be-4c4e-8e45-0c0272edbbb2: receive RaftClientReply:client-C9E345EC67ED->244f13ac-34be-4c4e-8e45-0c0272edbbb2@group-FE77C852EF02, cid=2988, SUCCESS, logIndex=4459, commits[244f13ac-34be-4c4e-8e45-0c0272edbbb2:c4459, 6287e41a-5356-4f55-84f2-270816d53e84:c4457, a2c18d3d-e79d-47c9-88fe-d8a1d195302b:c4457]
2019-08-23 11:31:48,631 | INFO  | DNAudit | user=null | ip=null | op=WRITE_CHUNK {blockData=conID: 2 locID: 102666070168240770 bcsId: 4459} | ret=SUCCESS |  
2019-08-23 11:31:48,631 | INFO  | DNAudit | user=null | ip=null | op=WRITE_CHUNK {blockData=conID: 2 locID: 102666070168240770 bcsId: 4459} | ret=SUCCESS |  
2019-08-23 11:31:48,632 | INFO  | DNAudit | user=null | ip=null | op=WRITE_CHUNK {blockData=conID: 2 locID: 102666070168240770 bcsId: 4459} | ret=SUCCESS |  
2019-08-23 11:31:48,636 | INFO  | DNAudit | user=null | ip=null | op=WRITE_CHUNK {blockData=conID: 2 locID: 102666070168240770 bcsId: 4453} | ret=SUCCESS |  
2019-08-23 11:31:48,637 | INFO  | DNAudit | user=null | ip=null | op=WRITE_CHUNK {blockData=conID: 2 locID: 102666070168240770 bcsId: 4453} | ret=SUCCESS |  
2019-08-23 11:31:48,637 | INFO  | DNAudit | user=null | ip=null | op=PUT_BLOCK {blockData=[blockId=conID: 2 locID: 102666070168240770 bcsId: 0,size=3145728]} | ret=SUCCESS |  
2019-08-23 11:31:48,638 | INFO  | DNAudit | user=null | ip=null | op=PUT_BLOCK {blockData=[blockId=conID: 2 locID: 102666070168240770 bcsId: 0,size=3145728]} | ret=SUCCESS |  
2019-08-23 11:31:48,638 | INFO  | DNAudit | user=null | ip=null | op=WRITE_CHUNK {blockData=conID: 2 locID: 102666070168240770 bcsId: 4459} | ret=SUCCESS |  
2019-08-23 11:31:48,638 | INFO  | DNAudit | user=null | ip=null | op=PUT_BLOCK {blockData=[blockId=conID: 2 locID: 102666070168240770 bcsId: 0,size=4194304]} | ret=SUCCESS |  
2019-08-23 11:31:48,638 [grpc-default-executor-2] INFO  client.GrpcClientProtocolClient (GrpcClientProtocolClient.java:onNext(255)) - client-C9E345EC67ED->244f13ac-34be-4c4e-8e45-0c0272edbbb2: receive RaftClientReply:client-C9E345EC67ED->244f13ac-34be-4c4e-8e45-0c0272edbbb2@group-FE77C852EF02, cid=2989, SUCCESS, logIndex=4462, commits[244f13ac-34be-4c4e-8e45-0c0272edbbb2:c4462, 6287e41a-5356-4f55-84f2-270816d53e84:c4459, a2c18d3d-e79d-47c9-88fe-d8a1d195302b:c4459]
2019-08-23 11:31:48,639 [grpc-default-executor-2] INFO  client.GrpcClientProtocolClient (GrpcClientProtocolClient.java:onNext(255)) - client-C9E345EC67ED->244f13ac-34be-4c4e-8e45-0c0272edbbb2: receive RaftClientReply:client-C9E345EC67ED->244f13ac-34be-4c4e-8e45-0c0272edbbb2@group-FE77C852EF02, cid=2990, SUCCESS, logIndex=4463, commits[244f13ac-34be-4c4e-8e45-0c0272edbbb2:c4463, 6287e41a-5356-4f55-84f2-270816d53e84:c4459, a2c18d3d-e79d-47c9-88fe-d8a1d195302b:c4459]
2019-08-23 11:31:48,649 | INFO  | DNAudit | user=null | ip=null | op=WRITE_CHUNK {blockData=conID: 2 locID: 102666070168240770 bcsId: 4459} | ret=SUCCESS |  
2019-08-23 11:31:48,649 | INFO  | DNAudit | user=null | ip=null | op=WRITE_CHUNK {blockData=conID: 2 locID: 102666070168240770 bcsId: 4459} | ret=SUCCESS |  
2019-08-23 11:31:48,651 | INFO  | DNAudit | user=null | ip=null | op=PUT_BLOCK {blockData=[blockId=conID: 2 locID: 102666070168240770 bcsId: 0,size=4194304]} | ret=SUCCESS |  
2019-08-23 11:31:48,651 | INFO  | DNAudit | user=null | ip=null | op=PUT_BLOCK {blockData=[blockId=conID: 2 locID: 102666070168240770 bcsId: 0,size=4194304]} | ret=SUCCESS |  
2019-08-23 11:31:48,651 [grpc-default-executor-2] INFO  client.GrpcClientProtocolClient (GrpcClientProtocolClient.java:onNext(255)) - client-C9E345EC67ED->244f13ac-34be-4c4e-8e45-0c0272edbbb2: receive RaftClientReply:client-C9E345EC67ED->244f13ac-34be-4c4e-8e45-0c0272edbbb2@group-FE77C852EF02, cid=2991, SUCCESS, logIndex=0, commits[244f13ac-34be-4c4e-8e45-0c0272edbbb2:c4465, 6287e41a-5356-4f55-84f2-270816d53e84:c4463, a2c18d3d-e79d-47c9-88fe-d8a1d195302b:c4463]
2019-08-23 11:31:48,656 | INFO  | SCMAudit | user=jenkins1000 | ip=192.168.5.185 | op=ALLOCATE_BLOCK {owner=00a23185-76ea-47b5-a641-ad3cfbe5521a, size=4194304, type=RATIS, factor=THREE} | ret=SUCCESS |  
2019-08-23 11:31:48,658 | INFO  | OMAudit | user=jenkins1000 | ip=127.0.0.1 | op=ALLOCATE_BLOCK {volume=vol-0-37508, bucket=bucket-0-50919, key=key-0-57313, dataSize=0, replicationType=null, replicationFactor=null, keyLocationInfo=null, clientID=102666068570931602} | ret=SUCCESS |  
2019-08-23 11:31:48,663 | INFO  | DNAudit | user=null | ip=null | op=WRITE_CHUNK {blockData=conID: 3 locID: 102666070173614723 bcsId: 0} | ret=SUCCESS |  
2019-08-23 11:31:48,665 | INFO  | DNAudit | user=null | ip=null | op=WRITE_CHUNK {blockData=conID: 3 locID: 102666070173614723 bcsId: 0} | ret=SUCCESS |  
2019-08-23 11:31:48,665 | INFO  | DNAudit | user=null | ip=null | op=WRITE_CHUNK {blockData=conID: 3 locID: 102666070173614723 bcsId: 0} | ret=SUCCESS |  
2019-08-23 11:31:48,665 | INFO  | DNAudit | user=null | ip=null | op=WRITE_CHUNK {blockData=conID: 3 locID: 102666070173614723 bcsId: 0} | ret=SUCCESS |  
2019-08-23 11:31:48,667 | INFO  | DNAudit | user=null | ip=null | op=WRITE_CHUNK {blockData=conID: 3 locID: 102666070173614723 bcsId: 0} | ret=SUCCESS |  
2019-08-23 11:31:48,667 | INFO  | DNAudit | user=null | ip=null | op=WRITE_CHUNK {blockData=conID: 3 locID: 102666070173614723 bcsId: 0} | ret=SUCCESS |  
2019-08-23 11:31:48,676 | INFO  | DNAudit | user=null | ip=null | op=WRITE_CHUNK {blockData=conID: 3 locID: 102666070173614723 bcsId: 0} | ret=SUCCESS |  
2019-08-23 11:31:48,676 | INFO  | DNAudit | user=null | ip=null | op=PUT_BLOCK {blockData=[blockId=conID: 3 locID: 102666070173614723 bcsId: 0,size=1048576]} | ret=SUCCESS |  
2019-08-23 11:31:48,676 [grpc-default-executor-2] INFO  client.GrpcClientProtocolClient (GrpcClientProtocolClient.java:onNext(255)) - client-C9E345EC67ED->244f13ac-34be-4c4e-8e45-0c0272edbbb2: receive RaftClientReply:client-C9E345EC67ED->244f13ac-34be-4c4e-8e45-0c0272edbbb2@group-FE77C852EF02, cid=2992, SUCCESS, logIndex=4466, commits[244f13ac-34be-4c4e-8e45-0c0272edbbb2:c4467, 6287e41a-5356-4f55-84f2-270816d53e84:c4465, a2c18d3d-e79d-47c9-88fe-d8a1d195302b:c4465]
2019-08-23 11:31:48,677 | INFO  | DNAudit | user=null | ip=null | op=WRITE_CHUNK {blockData=conID: 3 locID: 102666070173614723 bcsId: 0} | ret=SUCCESS |  
2019-08-23 11:31:48,677 [grpc-default-executor-2] INFO  client.GrpcClientProtocolClient (GrpcClientProtocolClient.java:onNext(255)) - client-C9E345EC67ED->244f13ac-34be-4c4e-8e45-0c0272edbbb2: receive RaftClientReply:client-C9E345EC67ED->244f13ac-34be-4c4e-8e45-0c0272edbbb2@group-FE77C852EF02, cid=2993, SUCCESS, logIndex=4467, commits[244f13ac-34be-4c4e-8e45-0c0272edbbb2:c4467, 6287e41a-5356-4f55-84f2-270816d53e84:c4465, a2c18d3d-e79d-47c9-88fe-d8a1d195302b:c4465]
2019-08-23 11:31:48,677 | INFO  | DNAudit | user=null | ip=null | op=PUT_BLOCK {blockData=[blockId=conID: 3 locID: 102666070173614723 bcsId: 0,size=2097152]} | ret=SUCCESS |  
2019-08-23 11:31:48,677 [grpc-default-executor-1] INFO  client.GrpcClientProtocolClient (GrpcClientProtocolClient.java:onNext(255)) - client-C9E345EC67ED->244f13ac-34be-4c4e-8e45-0c0272edbbb2: receive RaftClientReply:client-C9E345EC67ED->244f13ac-34be-4c4e-8e45-0c0272edbbb2@group-FE77C852EF02, cid=2994, SUCCESS, logIndex=4468, commits[244f13ac-34be-4c4e-8e45-0c0272edbbb2:c4468, 6287e41a-5356-4f55-84f2-270816d53e84:c4465, a2c18d3d-e79d-47c9-88fe-d8a1d195302b:c4465]
2019-08-23 11:31:48,677 [grpc-default-executor-1] INFO  client.GrpcClientProtocolClient (GrpcClientProtocolClient.java:onNext(255)) - client-C9E345EC67ED->244f13ac-34be-4c4e-8e45-0c0272edbbb2: receive RaftClientReply:client-C9E345EC67ED->244f13ac-34be-4c4e-8e45-0c0272edbbb2@group-FE77C852EF02, cid=2995, SUCCESS, logIndex=4469, commits[244f13ac-34be-4c4e-8e45-0c0272edbbb2:c4469, 6287e41a-5356-4f55-84f2-270816d53e84:c4465, a2c18d3d-e79d-47c9-88fe-d8a1d195302b:c4465]
2019-08-23 11:31:48,678 | INFO  | DNAudit | user=null | ip=null | op=WRITE_CHUNK {blockData=conID: 3 locID: 102666070173614723 bcsId: 0} | ret=SUCCESS |  
2019-08-23 11:31:48,678 | INFO  | DNAudit | user=null | ip=null | op=PUT_BLOCK {blockData=[blockId=conID: 3 locID: 102666070173614723 bcsId: 0,size=1048576]} | ret=SUCCESS |  
2019-08-23 11:31:48,678 | INFO  | DNAudit | user=null | ip=null | op=WRITE_CHUNK {blockData=conID: 3 locID: 102666070173614723 bcsId: 0} | ret=SUCCESS |  
2019-08-23 11:31:48,678 | INFO  | DNAudit | user=null | ip=null | op=PUT_BLOCK {blockData=[blockId=conID: 3 locID: 102666070173614723 bcsId: 0,size=1048576]} | ret=SUCCESS |  
2019-08-23 11:31:48,678 [grpc-default-executor-1] INFO  client.GrpcClientProtocolClient (GrpcClientProtocolClient.java:onNext(255)) - client-C9E345EC67ED->244f13ac-34be-4c4e-8e45-0c0272edbbb2: receive RaftClientReply:client-C9E345EC67ED->244f13ac-34be-4c4e-8e45-0c0272edbbb2@group-FE77C852EF02, cid=2996, SUCCESS, logIndex=0, commits[244f13ac-34be-4c4e-8e45-0c0272edbbb2:c4471, 6287e41a-5356-4f55-84f2-270816d53e84:c4467, a2c18d3d-e79d-47c9-88fe-d8a1d195302b:c4467]
2019-08-23 11:31:48,679 | INFO  | DNAudit | user=null | ip=null | op=WRITE_CHUNK {blockData=conID: 3 locID: 102666070173614723 bcsId: 0} | ret=SUCCESS |  
2019-08-23 11:31:48,679 | INFO  | DNAudit | user=null | ip=null | op=PUT_BLOCK {blockData=[blockId=conID: 3 locID: 102666070173614723 bcsId: 0,size=2097152]} | ret=SUCCESS |  
2019-08-23 11:31:48,679 | INFO  | DNAudit | user=null | ip=null | op=WRITE_CHUNK {blockData=conID: 3 locID: 102666070173614723 bcsId: 0} | ret=SUCCESS |  
2019-08-23 11:31:48,679 | INFO  | DNAudit | user=null | ip=null | op=PUT_BLOCK {blockData=[blockId=conID: 3 locID: 102666070173614723 bcsId: 0,size=2097152]} | ret=SUCCESS |  
2019-08-23 11:31:48,683 | INFO  | DNAudit | user=null | ip=null | op=WRITE_CHUNK {blockData=conID: 3 locID: 102666070173614723 bcsId: 4469} | ret=SUCCESS |  
2019-08-23 11:31:48,685 | INFO  | DNAudit | user=null | ip=null | op=WRITE_CHUNK {blockData=conID: 3 locID: 102666070173614723 bcsId: 4469} | ret=SUCCESS |  
2019-08-23 11:31:48,686 | INFO  | DNAudit | user=null | ip=null | op=WRITE_CHUNK {blockData=conID: 3 locID: 102666070173614723 bcsId: 4469} | ret=SUCCESS |  
2019-08-23 11:31:48,696 | INFO  | DNAudit | user=null | ip=null | op=WRITE_CHUNK {blockData=conID: 3 locID: 102666070173614723 bcsId: 4469} | ret=SUCCESS |  
2019-08-23 11:31:48,696 | INFO  | DNAudit | user=null | ip=null | op=PUT_BLOCK {blockData=[blockId=conID: 3 locID: 102666070173614723 bcsId: 0,size=3145728]} | ret=SUCCESS |  
2019-08-23 11:31:48,696 [grpc-default-executor-1] INFO  client.GrpcClientProtocolClient (GrpcClientProtocolClient.java:onNext(255)) - client-C9E345EC67ED->244f13ac-34be-4c4e-8e45-0c0272edbbb2: receive RaftClientReply:client-C9E345EC67ED->244f13ac-34be-4c4e-8e45-0c0272edbbb2@group-FE77C852EF02, cid=2997, SUCCESS, logIndex=4474, commits[244f13ac-34be-4c4e-8e45-0c0272edbbb2:c4475, 6287e41a-5356-4f55-84f2-270816d53e84:c4473, a2c18d3d-e79d-47c9-88fe-d8a1d195302b:c4473]
2019-08-23 11:31:48,696 [grpc-default-executor-1] INFO  client.GrpcClientProtocolClient (GrpcClientProtocolClient.java:onNext(255)) - client-C9E345EC67ED->244f13ac-34be-4c4e-8e45-0c0272edbbb2: receive RaftClientReply:client-C9E345EC67ED->244f13ac-34be-4c4e-8e45-0c0272edbbb2@group-FE77C852EF02, cid=2998, SUCCESS, logIndex=4475, commits[244f13ac-34be-4c4e-8e45-0c0272edbbb2:c4475, 6287e41a-5356-4f55-84f2-270816d53e84:c4473, a2c18d3d-e79d-47c9-88fe-d8a1d195302b:c4473]
2019-08-23 11:31:48,701 | INFO  | DNAudit | user=null | ip=null | op=WRITE_CHUNK {blockData=conID: 3 locID: 102666070173614723 bcsId: 4475} | ret=SUCCESS |  
2019-08-23 11:31:48,704 | INFO  | DNAudit | user=null | ip=null | op=WRITE_CHUNK {blockData=conID: 3 locID: 102666070173614723 bcsId: 4475} | ret=SUCCESS |  
2019-08-23 11:31:48,704 | INFO  | DNAudit | user=null | ip=null | op=WRITE_CHUNK {blockData=conID: 3 locID: 102666070173614723 bcsId: 4475} | ret=SUCCESS |  
2019-08-23 11:31:48,706 | INFO  | DNAudit | user=null | ip=null | op=WRITE_CHUNK {blockData=conID: 3 locID: 102666070173614723 bcsId: 4469} | ret=SUCCESS |  
2019-08-23 11:31:48,706 | INFO  | DNAudit | user=null | ip=null | op=WRITE_CHUNK {blockData=conID: 3 locID: 102666070173614723 bcsId: 4469} | ret=SUCCESS |  
2019-08-23 11:31:48,707 | INFO  | DNAudit | user=null | ip=null | op=PUT_BLOCK {blockData=[blockId=conID: 3 locID: 102666070173614723 bcsId: 0,size=3145728]} | ret=SUCCESS |  
2019-08-23 11:31:48,707 | INFO  | DNAudit | user=null | ip=null | op=PUT_BLOCK {blockData=[blockId=conID: 3 locID: 102666070173614723 bcsId: 0,size=3145728]} | ret=SUCCESS |  
2019-08-23 11:31:48,707 | INFO  | DNAudit | user=null | ip=null | op=WRITE_CHUNK {blockData=conID: 3 locID: 102666070173614723 bcsId: 4475} | ret=SUCCESS |  
2019-08-23 11:31:48,708 | INFO  | DNAudit | user=null | ip=null | op=PUT_BLOCK {blockData=[blockId=conID: 3 locID: 102666070173614723 bcsId: 0,size=4194304]} | ret=SUCCESS |  
2019-08-23 11:31:48,708 [grpc-default-executor-1] INFO  client.GrpcClientProtocolClient (GrpcClientProtocolClient.java:onNext(255)) - client-C9E345EC67ED->244f13ac-34be-4c4e-8e45-0c0272edbbb2: receive RaftClientReply:client-C9E345EC67ED->244f13ac-34be-4c4e-8e45-0c0272edbbb2@group-FE77C852EF02, cid=2999, SUCCESS, logIndex=4478, commits[244f13ac-34be-4c4e-8e45-0c0272edbbb2:c4479, 6287e41a-5356-4f55-84f2-270816d53e84:c4475, a2c18d3d-e79d-47c9-88fe-d8a1d195302b:c4475]
2019-08-23 11:31:48,708 [grpc-default-executor-1] INFO  client.GrpcClientProtocolClient (GrpcClientProtocolClient.java:onNext(255)) - client-C9E345EC67ED->244f13ac-34be-4c4e-8e45-0c0272edbbb2: receive RaftClientReply:client-C9E345EC67ED->244f13ac-34be-4c4e-8e45-0c0272edbbb2@group-FE77C852EF02, cid=3000, SUCCESS, logIndex=4479, commits[244f13ac-34be-4c4e-8e45-0c0272edbbb2:c4479, 6287e41a-5356-4f55-84f2-270816d53e84:c4475, a2c18d3d-e79d-47c9-88fe-d8a1d195302b:c4475]
2019-08-23 11:31:48,717 | INFO  | DNAudit | user=null | ip=null | op=WRITE_CHUNK {blockData=conID: 3 locID: 102666070173614723 bcsId: 4475} | ret=SUCCESS |  
2019-08-23 11:31:48,717 | INFO  | DNAudit | user=null | ip=null | op=WRITE_CHUNK {blockData=conID: 3 locID: 102666070173614723 bcsId: 4475} | ret=SUCCESS |  
2019-08-23 11:31:48,718 | INFO  | DNAudit | user=null | ip=null | op=PUT_BLOCK {blockData=[blockId=conID: 3 locID: 102666070173614723 bcsId: 0,size=4194304]} | ret=SUCCESS |  
2019-08-23 11:31:48,718 | INFO  | DNAudit | user=null | ip=null | op=PUT_BLOCK {blockData=[blockId=conID: 3 locID: 102666070173614723 bcsId: 0,size=4194304]} | ret=SUCCESS |  
2019-08-23 11:31:48,719 [grpc-default-executor-0] INFO  client.GrpcClientProtocolClient (GrpcClientProtocolClient.java:onNext(255)) - client-C9E345EC67ED->244f13ac-34be-4c4e-8e45-0c0272edbbb2: receive RaftClientReply:client-C9E345EC67ED->244f13ac-34be-4c4e-8e45-0c0272edbbb2@group-FE77C852EF02, cid=3001, SUCCESS, logIndex=0, commits[244f13ac-34be-4c4e-8e45-0c0272edbbb2:c4481, 6287e41a-5356-4f55-84f2-270816d53e84:c4479, a2c18d3d-e79d-47c9-88fe-d8a1d195302b:c4479]
2019-08-23 11:31:48,726 | INFO  | SCMAudit | user=jenkins1000 | ip=192.168.5.185 | op=ALLOCATE_BLOCK {owner=00a23185-76ea-47b5-a641-ad3cfbe5521a, size=4194304, type=RATIS, factor=THREE} | ret=SUCCESS |  
2019-08-23 11:31:48,731 | INFO  | OMAudit | user=jenkins1000 | ip=127.0.0.1 | op=ALLOCATE_BLOCK {volume=vol-0-37508, bucket=bucket-0-50919, key=key-0-57313, dataSize=0, replicationType=null, replicationFactor=null, keyLocationInfo=null, clientID=102666068570931602} | ret=SUCCESS |  
2019-08-23 11:31:48,736 | INFO  | DNAudit | user=null | ip=null | op=WRITE_CHUNK {blockData=conID: 1 locID: 102666070178267780 bcsId: 0} | ret=SUCCESS |  
2019-08-23 11:31:48,738 | INFO  | DNAudit | user=null | ip=null | op=WRITE_CHUNK {blockData=conID: 1 locID: 102666070178267780 bcsId: 0} | ret=SUCCESS |  
2019-08-23 11:31:48,738 | INFO  | DNAudit | user=null | ip=null | op=WRITE_CHUNK {blockData=conID: 1 locID: 102666070178267780 bcsId: 0} | ret=SUCCESS |  
2019-08-23 11:31:48,738 | INFO  | DNAudit | user=null | ip=null | op=WRITE_CHUNK {blockData=conID: 1 locID: 102666070178267780 bcsId: 0} | ret=SUCCESS |  
2019-08-23 11:31:48,739 | INFO  | DNAudit | user=null | ip=null | op=WRITE_CHUNK {blockData=conID: 1 locID: 102666070178267780 bcsId: 0} | ret=SUCCESS |  
2019-08-23 11:31:48,740 | INFO  | DNAudit | user=null | ip=null | op=WRITE_CHUNK {blockData=conID: 1 locID: 102666070178267780 bcsId: 0} | ret=SUCCESS |  
2019-08-23 11:31:48,748 | INFO  | DNAudit | user=null | ip=null | op=WRITE_CHUNK {blockData=conID: 1 locID: 102666070178267780 bcsId: 0} | ret=SUCCESS |  
2019-08-23 11:31:48,749 | INFO  | DNAudit | user=null | ip=null | op=PUT_BLOCK {blockData=[blockId=conID: 1 locID: 102666070178267780 bcsId: 0,size=1048576]} | ret=SUCCESS |  
2019-08-23 11:31:48,749 [grpc-default-executor-1] INFO  client.GrpcClientProtocolClient (GrpcClientProtocolClient.java:onNext(255)) - client-C9E345EC67ED->244f13ac-34be-4c4e-8e45-0c0272edbbb2: receive RaftClientReply:client-C9E345EC67ED->244f13ac-34be-4c4e-8e45-0c0272edbbb2@group-FE77C852EF02, cid=3002, SUCCESS, logIndex=4482, commits[244f13ac-34be-4c4e-8e45-0c0272edbbb2:c4483, 6287e41a-5356-4f55-84f2-270816d53e84:c4481, a2c18d3d-e79d-47c9-88fe-d8a1d195302b:c4481]
2019-08-23 11:31:48,749 | INFO  | DNAudit | user=null | ip=null | op=WRITE_CHUNK {blockData=conID: 1 locID: 102666070178267780 bcsId: 0} | ret=SUCCESS |  
2019-08-23 11:31:48,749 | INFO  | DNAudit | user=null | ip=null | op=PUT_BLOCK {blockData=[blockId=conID: 1 locID: 102666070178267780 bcsId: 0,size=2097152]} | ret=SUCCESS |  
2019-08-23 11:31:48,749 [grpc-default-executor-1] INFO  client.GrpcClientProtocolClient (GrpcClientProtocolClient.java:onNext(255)) - client-C9E345EC67ED->244f13ac-34be-4c4e-8e45-0c0272edbbb2: receive RaftClientReply:client-C9E345EC67ED->244f13ac-34be-4c4e-8e45-0c0272edbbb2@group-FE77C852EF02, cid=3003, SUCCESS, logIndex=4483, commits[244f13ac-34be-4c4e-8e45-0c0272edbbb2:c4485, 6287e41a-5356-4f55-84f2-270816d53e84:c4481, a2c18d3d-e79d-47c9-88fe-d8a1d195302b:c4481]
2019-08-23 11:31:48,749 [grpc-default-executor-1] INFO  client.GrpcClientProtocolClient (GrpcClientProtocolClient.java:onNext(255)) - client-C9E345EC67ED->244f13ac-34be-4c4e-8e45-0c0272edbbb2: receive RaftClientReply:client-C9E345EC67ED->244f13ac-34be-4c4e-8e45-0c0272edbbb2@group-FE77C852EF02, cid=3004, SUCCESS, logIndex=4484, commits[244f13ac-34be-4c4e-8e45-0c0272edbbb2:c4485, 6287e41a-5356-4f55-84f2-270816d53e84:c4481, a2c18d3d-e79d-47c9-88fe-d8a1d195302b:c4481]
2019-08-23 11:31:48,750 [grpc-default-executor-1] INFO  client.GrpcClientProtocolClient (GrpcClientProtocolClient.java:onNext(255)) - client-C9E345EC67ED->244f13ac-34be-4c4e-8e45-0c0272edbbb2: receive RaftClientReply:client-C9E345EC67ED->244f13ac-34be-4c4e-8e45-0c0272edbbb2@group-FE77C852EF02, cid=3005, SUCCESS, logIndex=4485, commits[244f13ac-34be-4c4e-8e45-0c0272edbbb2:c4485, 6287e41a-5356-4f55-84f2-270816d53e84:c4481, a2c18d3d-e79d-47c9-88fe-d8a1d195302b:c4481]
2019-08-23 11:31:48,750 | INFO  | DNAudit | user=null | ip=null | op=WRITE_CHUNK {blockData=conID: 1 locID: 102666070178267780 bcsId: 0} | ret=SUCCESS |  
2019-08-23 11:31:48,750 | INFO  | DNAudit | user=null | ip=null | op=WRITE_CHUNK {blockData=conID: 1 locID: 102666070178267780 bcsId: 0} | ret=SUCCESS |  
2019-08-23 11:31:48,750 | INFO  | DNAudit | user=null | ip=null | op=PUT_BLOCK {blockData=[blockId=conID: 1 locID: 102666070178267780 bcsId: 0,size=1048576]} | ret=SUCCESS |  
2019-08-23 11:31:48,751 | INFO  | DNAudit | user=null | ip=null | op=PUT_BLOCK {blockData=[blockId=conID: 1 locID: 102666070178267780 bcsId: 0,size=1048576]} | ret=SUCCESS |  
2019-08-23 11:31:48,751 | INFO  | DNAudit | user=null | ip=null | op=WRITE_CHUNK {blockData=conID: 1 locID: 102666070178267780 bcsId: 0} | ret=SUCCESS |  
2019-08-23 11:31:48,752 | INFO  | DNAudit | user=null | ip=null | op=PUT_BLOCK {blockData=[blockId=conID: 1 locID: 102666070178267780 bcsId: 0,size=2097152]} | ret=SUCCESS |  
2019-08-23 11:31:48,752 | INFO  | DNAudit | user=null | ip=null | op=WRITE_CHUNK {blockData=conID: 1 locID: 102666070178267780 bcsId: 0} | ret=SUCCESS |  
2019-08-23 11:31:48,752 | INFO  | DNAudit | user=null | ip=null | op=PUT_BLOCK {blockData=[blockId=conID: 1 locID: 102666070178267780 bcsId: 0,size=2097152]} | ret=SUCCESS |  
2019-08-23 11:31:48,752 [grpc-default-executor-1] INFO  client.GrpcClientProtocolClient (GrpcClientProtocolClient.java:onNext(255)) - client-C9E345EC67ED->244f13ac-34be-4c4e-8e45-0c0272edbbb2: receive RaftClientReply:client-C9E345EC67ED->244f13ac-34be-4c4e-8e45-0c0272edbbb2@group-FE77C852EF02, cid=3006, SUCCESS, logIndex=0, commits[244f13ac-34be-4c4e-8e45-0c0272edbbb2:c4487, 6287e41a-5356-4f55-84f2-270816d53e84:c4483, a2c18d3d-e79d-47c9-88fe-d8a1d195302b:c4483]
2019-08-23 11:31:48,757 | INFO  | DNAudit | user=null | ip=null | op=WRITE_CHUNK {blockData=conID: 1 locID: 102666070178267780 bcsId: 4485} | ret=SUCCESS |  
2019-08-23 11:31:48,758 | INFO  | DNAudit | user=null | ip=null | op=WRITE_CHUNK {blockData=conID: 1 locID: 102666070178267780 bcsId: 4485} | ret=SUCCESS |  
2019-08-23 11:31:48,758 | INFO  | DNAudit | user=null | ip=null | op=WRITE_CHUNK {blockData=conID: 1 locID: 102666070178267780 bcsId: 4485} | ret=SUCCESS |  
2019-08-23 11:31:48,771 | INFO  | DNAudit | user=null | ip=null | op=WRITE_CHUNK {blockData=conID: 1 locID: 102666070178267780 bcsId: 4485} | ret=SUCCESS |  
2019-08-23 11:31:48,771 | INFO  | DNAudit | user=null | ip=null | op=PUT_BLOCK {blockData=[blockId=conID: 1 locID: 102666070178267780 bcsId: 0,size=3145728]} | ret=SUCCESS |  
2019-08-23 11:31:48,772 [grpc-default-executor-0] INFO  client.GrpcClientProtocolClient (GrpcClientProtocolClient.java:onNext(255)) - client-C9E345EC67ED->244f13ac-34be-4c4e-8e45-0c0272edbbb2: receive RaftClientReply:client-C9E345EC67ED->244f13ac-34be-4c4e-8e45-0c0272edbbb2@group-FE77C852EF02, cid=3007, SUCCESS, logIndex=4490, commits[244f13ac-34be-4c4e-8e45-0c0272edbbb2:c4491, 6287e41a-5356-4f55-84f2-270816d53e84:c4489, a2c18d3d-e79d-47c9-88fe-d8a1d195302b:c4489]
2019-08-23 11:31:48,772 [grpc-default-executor-0] INFO  client.GrpcClientProtocolClient (GrpcClientProtocolClient.java:onNext(255)) - client-C9E345EC67ED->244f13ac-34be-4c4e-8e45-0c0272edbbb2: receive RaftClientReply:client-C9E345EC67ED->244f13ac-34be-4c4e-8e45-0c0272edbbb2@group-FE77C852EF02, cid=3008, SUCCESS, logIndex=4491, commits[244f13ac-34be-4c4e-8e45-0c0272edbbb2:c4491, 6287e41a-5356-4f55-84f2-270816d53e84:c4489, a2c18d3d-e79d-47c9-88fe-d8a1d195302b:c4489]
2019-08-23 11:31:48,777 | INFO  | DNAudit | user=null | ip=null | op=WRITE_CHUNK {blockData=conID: 1 locID: 102666070178267780 bcsId: 4491} | ret=SUCCESS |  
2019-08-23 11:31:48,779 | INFO  | DNAudit | user=null | ip=null | op=WRITE_CHUNK {blockData=conID: 1 locID: 102666070178267780 bcsId: 4491} | ret=SUCCESS |  
2019-08-23 11:31:48,779 | INFO  | DNAudit | user=null | ip=null | op=WRITE_CHUNK {blockData=conID: 1 locID: 102666070178267780 bcsId: 4491} | ret=SUCCESS |  
2019-08-23 11:31:48,782 | INFO  | DNAudit | user=null | ip=null | op=WRITE_CHUNK {blockData=conID: 1 locID: 102666070178267780 bcsId: 4485} | ret=SUCCESS |  
2019-08-23 11:31:48,782 | INFO  | DNAudit | user=null | ip=null | op=WRITE_CHUNK {blockData=conID: 1 locID: 102666070178267780 bcsId: 4485} | ret=SUCCESS |  
2019-08-23 11:31:48,784 | INFO  | DNAudit | user=null | ip=null | op=PUT_BLOCK {blockData=[blockId=conID: 1 locID: 102666070178267780 bcsId: 0,size=3145728]} | ret=SUCCESS |  
2019-08-23 11:31:48,784 | INFO  | DNAudit | user=null | ip=null | op=PUT_BLOCK {blockData=[blockId=conID: 1 locID: 102666070178267780 bcsId: 0,size=3145728]} | ret=SUCCESS |  
2019-08-23 11:31:48,784 | INFO  | DNAudit | user=null | ip=null | op=WRITE_CHUNK {blockData=conID: 1 locID: 102666070178267780 bcsId: 4491} | ret=SUCCESS |  
2019-08-23 11:31:48,784 | INFO  | DNAudit | user=null | ip=null | op=PUT_BLOCK {blockData=[blockId=conID: 1 locID: 102666070178267780 bcsId: 0,size=4194304]} | ret=SUCCESS |  
2019-08-23 11:31:48,785 [grpc-default-executor-1] INFO  client.GrpcClientProtocolClient (GrpcClientProtocolClient.java:onNext(255)) - client-C9E345EC67ED->244f13ac-34be-4c4e-8e45-0c0272edbbb2: receive RaftClientReply:client-C9E345EC67ED->244f13ac-34be-4c4e-8e45-0c0272edbbb2@group-FE77C852EF02, cid=3009, SUCCESS, logIndex=4494, commits[244f13ac-34be-4c4e-8e45-0c0272edbbb2:c4495, 6287e41a-5356-4f55-84f2-270816d53e84:c4491, a2c18d3d-e79d-47c9-88fe-d8a1d195302b:c4491]
2019-08-23 11:31:48,785 [grpc-default-executor-1] INFO  client.GrpcClientProtocolClient (GrpcClientProtocolClient.java:onNext(255)) - client-C9E345EC67ED->244f13ac-34be-4c4e-8e45-0c0272edbbb2: receive RaftClientReply:client-C9E345EC67ED->244f13ac-34be-4c4e-8e45-0c0272edbbb2@group-FE77C852EF02, cid=3010, SUCCESS, logIndex=4495, commits[244f13ac-34be-4c4e-8e45-0c0272edbbb2:c4495, 6287e41a-5356-4f55-84f2-270816d53e84:c4491, a2c18d3d-e79d-47c9-88fe-d8a1d195302b:c4491]
2019-08-23 11:31:48,793 | INFO  | DNAudit | user=null | ip=null | op=WRITE_CHUNK {blockData=conID: 1 locID: 102666070178267780 bcsId: 4491} | ret=SUCCESS |  
2019-08-23 11:31:48,793 | INFO  | DNAudit | user=null | ip=null | op=WRITE_CHUNK {blockData=conID: 1 locID: 102666070178267780 bcsId: 4491} | ret=SUCCESS |  
2019-08-23 11:31:48,794 | INFO  | DNAudit | user=null | ip=null | op=PUT_BLOCK {blockData=[blockId=conID: 1 locID: 102666070178267780 bcsId: 0,size=4194304]} | ret=SUCCESS |  
2019-08-23 11:31:48,794 | INFO  | DNAudit | user=null | ip=null | op=PUT_BLOCK {blockData=[blockId=conID: 1 locID: 102666070178267780 bcsId: 0,size=4194304]} | ret=SUCCESS |  
2019-08-23 11:31:48,795 [grpc-default-executor-0] INFO  client.GrpcClientProtocolClient (GrpcClientProtocolClient.java:onNext(255)) - client-C9E345EC67ED->244f13ac-34be-4c4e-8e45-0c0272edbbb2: receive RaftClientReply:client-C9E345EC67ED->244f13ac-34be-4c4e-8e45-0c0272edbbb2@group-FE77C852EF02, cid=3011, SUCCESS, logIndex=0, commits[244f13ac-34be-4c4e-8e45-0c0272edbbb2:c4497, 6287e41a-5356-4f55-84f2-270816d53e84:c4495, a2c18d3d-e79d-47c9-88fe-d8a1d195302b:c4495]
2019-08-23 11:31:48,800 | INFO  | SCMAudit | user=jenkins1000 | ip=192.168.5.185 | op=ALLOCATE_BLOCK {owner=00a23185-76ea-47b5-a641-ad3cfbe5521a, size=4194304, type=RATIS, factor=THREE} | ret=SUCCESS |  
2019-08-23 11:31:48,803 | INFO  | OMAudit | user=jenkins1000 | ip=127.0.0.1 | op=ALLOCATE_BLOCK {volume=vol-0-37508, bucket=bucket-0-50919, key=key-0-57313, dataSize=0, replicationType=null, replicationFactor=null, keyLocationInfo=null, clientID=102666068570931602} | ret=SUCCESS |  
2019-08-23 11:31:48,807 | INFO  | DNAudit | user=null | ip=null | op=WRITE_CHUNK {blockData=conID: 2 locID: 102666070183117445 bcsId: 0} | ret=SUCCESS |  
2019-08-23 11:31:48,810 | INFO  | DNAudit | user=null | ip=null | op=WRITE_CHUNK {blockData=conID: 2 locID: 102666070183117445 bcsId: 0} | ret=SUCCESS |  
2019-08-23 11:31:48,810 | INFO  | DNAudit | user=null | ip=null | op=WRITE_CHUNK {blockData=conID: 2 locID: 102666070183117445 bcsId: 0} | ret=SUCCESS |  
2019-08-23 11:31:48,811 | INFO  | DNAudit | user=null | ip=null | op=WRITE_CHUNK {blockData=conID: 2 locID: 102666070183117445 bcsId: 0} | ret=SUCCESS |  
2019-08-23 11:31:48,812 | INFO  | DNAudit | user=null | ip=null | op=WRITE_CHUNK {blockData=conID: 2 locID: 102666070183117445 bcsId: 0} | ret=SUCCESS |  
2019-08-23 11:31:48,813 | INFO  | DNAudit | user=null | ip=null | op=WRITE_CHUNK {blockData=conID: 2 locID: 102666070183117445 bcsId: 0} | ret=SUCCESS |  
2019-08-23 11:31:48,820 | INFO  | DNAudit | user=null | ip=null | op=WRITE_CHUNK {blockData=conID: 2 locID: 102666070183117445 bcsId: 0} | ret=SUCCESS |  
2019-08-23 11:31:48,820 | INFO  | DNAudit | user=null | ip=null | op=PUT_BLOCK {blockData=[blockId=conID: 2 locID: 102666070183117445 bcsId: 0,size=1048576]} | ret=SUCCESS |  
2019-08-23 11:31:48,820 [grpc-default-executor-4] INFO  client.GrpcClientProtocolClient (GrpcClientProtocolClient.java:onNext(255)) - client-C9E345EC67ED->244f13ac-34be-4c4e-8e45-0c0272edbbb2: receive RaftClientReply:client-C9E345EC67ED->244f13ac-34be-4c4e-8e45-0c0272edbbb2@group-FE77C852EF02, cid=3012, SUCCESS, logIndex=4498, commits[244f13ac-34be-4c4e-8e45-0c0272edbbb2:c4499, 6287e41a-5356-4f55-84f2-270816d53e84:c4497, a2c18d3d-e79d-47c9-88fe-d8a1d195302b:c4497]
2019-08-23 11:31:48,821 | INFO  | DNAudit | user=null | ip=null | op=WRITE_CHUNK {blockData=conID: 2 locID: 102666070183117445 bcsId: 0} | ret=SUCCESS |  
2019-08-23 11:31:48,821 [grpc-default-executor-4] INFO  client.GrpcClientProtocolClient (GrpcClientProtocolClient.java:onNext(255)) - client-C9E345EC67ED->244f13ac-34be-4c4e-8e45-0c0272edbbb2: receive RaftClientReply:client-C9E345EC67ED->244f13ac-34be-4c4e-8e45-0c0272edbbb2@group-FE77C852EF02, cid=3013, SUCCESS, logIndex=4499, commits[244f13ac-34be-4c4e-8e45-0c0272edbbb2:c4499, 6287e41a-5356-4f55-84f2-270816d53e84:c4497, a2c18d3d-e79d-47c9-88fe-d8a1d195302b:c4497]
2019-08-23 11:31:48,821 | INFO  | DNAudit | user=null | ip=null | op=PUT_BLOCK {blockData=[blockId=conID: 2 locID: 102666070183117445 bcsId: 0,size=2097152]} | ret=SUCCESS |  
2019-08-23 11:31:48,821 [grpc-default-executor-4] INFO  client.GrpcClientProtocolClient (GrpcClientProtocolClient.java:onNext(255)) - client-C9E345EC67ED->244f13ac-34be-4c4e-8e45-0c0272edbbb2: receive RaftClientReply:client-C9E345EC67ED->244f13ac-34be-4c4e-8e45-0c0272edbbb2@group-FE77C852EF02, cid=3014, SUCCESS, logIndex=4500, commits[244f13ac-34be-4c4e-8e45-0c0272edbbb2:c4501, 6287e41a-5356-4f55-84f2-270816d53e84:c4497, a2c18d3d-e79d-47c9-88fe-d8a1d195302b:c4497]
2019-08-23 11:31:48,821 [grpc-default-executor-4] INFO  client.GrpcClientProtocolClient (GrpcClientProtocolClient.java:onNext(255)) - client-C9E345EC67ED->244f13ac-34be-4c4e-8e45-0c0272edbbb2: receive RaftClientReply:client-C9E345EC67ED->244f13ac-34be-4c4e-8e45-0c0272edbbb2@group-FE77C852EF02, cid=3015, SUCCESS, logIndex=4501, commits[244f13ac-34be-4c4e-8e45-0c0272edbbb2:c4501, 6287e41a-5356-4f55-84f2-270816d53e84:c4497, a2c18d3d-e79d-47c9-88fe-d8a1d195302b:c4497]
2019-08-23 11:31:48,822 | INFO  | DNAudit | user=null | ip=null | op=WRITE_CHUNK {blockData=conID: 2 locID: 102666070183117445 bcsId: 0} | ret=SUCCESS |  
2019-08-23 11:31:48,822 | INFO  | DNAudit | user=null | ip=null | op=PUT_BLOCK {blockData=[blockId=conID: 2 locID: 102666070183117445 bcsId: 0,size=1048576]} | ret=SUCCESS |  
2019-08-23 11:31:48,823 | INFO  | DNAudit | user=null | ip=null | op=WRITE_CHUNK {blockData=conID: 2 locID: 102666070183117445 bcsId: 0} | ret=SUCCESS |  
2019-08-23 11:31:48,823 | INFO  | DNAudit | user=null | ip=null | op=PUT_BLOCK {blockData=[blockId=conID: 2 locID: 102666070183117445 bcsId: 0,size=1048576]} | ret=SUCCESS |  
2019-08-23 11:31:48,823 | INFO  | DNAudit | user=null | ip=null | op=WRITE_CHUNK {blockData=conID: 2 locID: 102666070183117445 bcsId: 0} | ret=SUCCESS |  
2019-08-23 11:31:48,823 | INFO  | DNAudit | user=null | ip=null | op=PUT_BLOCK {blockData=[blockId=conID: 2 locID: 102666070183117445 bcsId: 0,size=2097152]} | ret=SUCCESS |  
2019-08-23 11:31:48,823 [grpc-default-executor-4] INFO  client.GrpcClientProtocolClient (GrpcClientProtocolClient.java:onNext(255)) - client-C9E345EC67ED->244f13ac-34be-4c4e-8e45-0c0272edbbb2: receive RaftClientReply:client-C9E345EC67ED->244f13ac-34be-4c4e-8e45-0c0272edbbb2@group-FE77C852EF02, cid=3016, SUCCESS, logIndex=0, commits[244f13ac-34be-4c4e-8e45-0c0272edbbb2:c4503, 6287e41a-5356-4f55-84f2-270816d53e84:c4499, a2c18d3d-e79d-47c9-88fe-d8a1d195302b:c4499]
2019-08-23 11:31:48,824 | INFO  | DNAudit | user=null | ip=null | op=WRITE_CHUNK {blockData=conID: 2 locID: 102666070183117445 bcsId: 0} | ret=SUCCESS |  
2019-08-23 11:31:48,824 | INFO  | DNAudit | user=null | ip=null | op=PUT_BLOCK {blockData=[blockId=conID: 2 locID: 102666070183117445 bcsId: 0,size=2097152]} | ret=SUCCESS |  
2019-08-23 11:31:48,828 | INFO  | DNAudit | user=null | ip=null | op=WRITE_CHUNK {blockData=conID: 2 locID: 102666070183117445 bcsId: 4501} | ret=SUCCESS |  
2019-08-23 11:31:48,830 | INFO  | DNAudit | user=null | ip=null | op=WRITE_CHUNK {blockData=conID: 2 locID: 102666070183117445 bcsId: 4501} | ret=SUCCESS |  
2019-08-23 11:31:48,830 | INFO  | DNAudit | user=null | ip=null | op=WRITE_CHUNK {blockData=conID: 2 locID: 102666070183117445 bcsId: 4501} | ret=SUCCESS |  
2019-08-23 11:31:48,841 | INFO  | DNAudit | user=null | ip=null | op=WRITE_CHUNK {blockData=conID: 2 locID: 102666070183117445 bcsId: 4501} | ret=SUCCESS |  
2019-08-23 11:31:48,841 | INFO  | DNAudit | user=null | ip=null | op=PUT_BLOCK {blockData=[blockId=conID: 2 locID: 102666070183117445 bcsId: 0,size=3145728]} | ret=SUCCESS |  
2019-08-23 11:31:48,841 [grpc-default-executor-1] INFO  client.GrpcClientProtocolClient (GrpcClientProtocolClient.java:onNext(255)) - client-C9E345EC67ED->244f13ac-34be-4c4e-8e45-0c0272edbbb2: receive RaftClientReply:client-C9E345EC67ED->244f13ac-34be-4c4e-8e45-0c0272edbbb2@group-FE77C852EF02, cid=3017, SUCCESS, logIndex=4506, commits[244f13ac-34be-4c4e-8e45-0c0272edbbb2:c4507, 6287e41a-5356-4f55-84f2-270816d53e84:c4505, a2c18d3d-e79d-47c9-88fe-d8a1d195302b:c4505]
2019-08-23 11:31:48,841 [grpc-default-executor-1] INFO  client.GrpcClientProtocolClient (GrpcClientProtocolClient.java:onNext(255)) - client-C9E345EC67ED->244f13ac-34be-4c4e-8e45-0c0272edbbb2: receive RaftClientReply:client-C9E345EC67ED->244f13ac-34be-4c4e-8e45-0c0272edbbb2@group-FE77C852EF02, cid=3018, SUCCESS, logIndex=4507, commits[244f13ac-34be-4c4e-8e45-0c0272edbbb2:c4507, 6287e41a-5356-4f55-84f2-270816d53e84:c4505, a2c18d3d-e79d-47c9-88fe-d8a1d195302b:c4505]
2019-08-23 11:31:48,848 | INFO  | DNAudit | user=null | ip=null | op=WRITE_CHUNK {blockData=conID: 2 locID: 102666070183117445 bcsId: 4507} | ret=SUCCESS |  
2019-08-23 11:31:48,849 | INFO  | DNAudit | user=null | ip=null | op=WRITE_CHUNK {blockData=conID: 2 locID: 102666070183117445 bcsId: 4507} | ret=SUCCESS |  
2019-08-23 11:31:48,849 | INFO  | DNAudit | user=null | ip=null | op=WRITE_CHUNK {blockData=conID: 2 locID: 102666070183117445 bcsId: 4507} | ret=SUCCESS |  
2019-08-23 11:31:48,852 | INFO  | DNAudit | user=null | ip=null | op=WRITE_CHUNK {blockData=conID: 2 locID: 102666070183117445 bcsId: 4501} | ret=SUCCESS |  
2019-08-23 11:31:48,852 | INFO  | DNAudit | user=null | ip=null | op=WRITE_CHUNK {blockData=conID: 2 locID: 102666070183117445 bcsId: 4501} | ret=SUCCESS |  
2019-08-23 11:31:48,853 | INFO  | DNAudit | user=null | ip=null | op=PUT_BLOCK {blockData=[blockId=conID: 2 locID: 102666070183117445 bcsId: 0,size=3145728]} | ret=SUCCESS |  
2019-08-23 11:31:48,853 | INFO  | DNAudit | user=null | ip=null | op=PUT_BLOCK {blockData=[blockId=conID: 2 locID: 102666070183117445 bcsId: 0,size=3145728]} | ret=SUCCESS |  
2019-08-23 11:31:48,854 | INFO  | DNAudit | user=null | ip=null | op=WRITE_CHUNK {blockData=conID: 2 locID: 102666070183117445 bcsId: 4507} | ret=SUCCESS |  
2019-08-23 11:31:48,854 | INFO  | DNAudit | user=null | ip=null | op=PUT_BLOCK {blockData=[blockId=conID: 2 locID: 102666070183117445 bcsId: 0,size=4194304]} | ret=SUCCESS |  
2019-08-23 11:31:48,854 [grpc-default-executor-0] INFO  client.GrpcClientProtocolClient (GrpcClientProtocolClient.java:onNext(255)) - client-C9E345EC67ED->244f13ac-34be-4c4e-8e45-0c0272edbbb2: receive RaftClientReply:client-C9E345EC67ED->244f13ac-34be-4c4e-8e45-0c0272edbbb2@group-FE77C852EF02, cid=3019, SUCCESS, logIndex=4510, commits[244f13ac-34be-4c4e-8e45-0c0272edbbb2:c4511, 6287e41a-5356-4f55-84f2-270816d53e84:c4507, a2c18d3d-e79d-47c9-88fe-d8a1d195302b:c4507]
2019-08-23 11:31:48,855 [grpc-default-executor-0] INFO  client.GrpcClientProtocolClient (GrpcClientProtocolClient.java:onNext(255)) - client-C9E345EC67ED->244f13ac-34be-4c4e-8e45-0c0272edbbb2: receive RaftClientReply:client-C9E345EC67ED->244f13ac-34be-4c4e-8e45-0c0272edbbb2@group-FE77C852EF02, cid=3020, SUCCESS, logIndex=4511, commits[244f13ac-34be-4c4e-8e45-0c0272edbbb2:c4511, 6287e41a-5356-4f55-84f2-270816d53e84:c4507, a2c18d3d-e79d-47c9-88fe-d8a1d195302b:c4507]
2019-08-23 11:31:48,866 | INFO  | DNAudit | user=null | ip=null | op=WRITE_CHUNK {blockData=conID: 2 locID: 102666070183117445 bcsId: 4507} | ret=SUCCESS |  
2019-08-23 11:31:48,866 | INFO  | DNAudit | user=null | ip=null | op=WRITE_CHUNK {blockData=conID: 2 locID: 102666070183117445 bcsId: 4507} | ret=SUCCESS |  
2019-08-23 11:31:48,867 | INFO  | DNAudit | user=null | ip=null | op=PUT_BLOCK {blockData=[blockId=conID: 2 locID: 102666070183117445 bcsId: 0,size=4194304]} | ret=SUCCESS |  
2019-08-23 11:31:48,867 | INFO  | DNAudit | user=null | ip=null | op=PUT_BLOCK {blockData=[blockId=conID: 2 locID: 102666070183117445 bcsId: 0,size=4194304]} | ret=SUCCESS |  
2019-08-23 11:31:48,867 [grpc-default-executor-0] INFO  client.GrpcClientProtocolClient (GrpcClientProtocolClient.java:onNext(255)) - client-C9E345EC67ED->244f13ac-34be-4c4e-8e45-0c0272edbbb2: receive RaftClientReply:client-C9E345EC67ED->244f13ac-34be-4c4e-8e45-0c0272edbbb2@group-FE77C852EF02, cid=3021, SUCCESS, logIndex=0, commits[244f13ac-34be-4c4e-8e45-0c0272edbbb2:c4513, 6287e41a-5356-4f55-84f2-270816d53e84:c4511, a2c18d3d-e79d-47c9-88fe-d8a1d195302b:c4511]
2019-08-23 11:31:48,873 | INFO  | SCMAudit | user=jenkins1000 | ip=192.168.5.185 | op=ALLOCATE_BLOCK {owner=00a23185-76ea-47b5-a641-ad3cfbe5521a, size=4194304, type=RATIS, factor=THREE} | ret=SUCCESS |  
2019-08-23 11:31:48,877 | INFO  | OMAudit | user=jenkins1000 | ip=127.0.0.1 | op=ALLOCATE_BLOCK {volume=vol-0-37508, bucket=bucket-0-50919, key=key-0-57313, dataSize=0, replicationType=null, replicationFactor=null, keyLocationInfo=null, clientID=102666068570931602} | ret=SUCCESS |  
2019-08-23 11:31:48,883 | INFO  | DNAudit | user=null | ip=null | op=WRITE_CHUNK {blockData=conID: 3 locID: 102666070187901574 bcsId: 0} | ret=SUCCESS |  
2019-08-23 11:31:49,033 | INFO  | DNAudit | user=null | ip=null | op=WRITE_CHUNK {blockData=conID: 3 locID: 102666070187901574 bcsId: 0} | ret=SUCCESS |  
2019-08-23 11:31:49,033 | INFO  | DNAudit | user=null | ip=null | op=WRITE_CHUNK {blockData=conID: 3 locID: 102666070187901574 bcsId: 0} | ret=SUCCESS |  
2019-08-23 11:31:49,035 | INFO  | DNAudit | user=null | ip=null | op=WRITE_CHUNK {blockData=conID: 3 locID: 102666070187901574 bcsId: 0} | ret=SUCCESS |  
2019-08-23 11:31:49,038 | INFO  | DNAudit | user=null | ip=null | op=WRITE_CHUNK {blockData=conID: 3 locID: 102666070187901574 bcsId: 0} | ret=SUCCESS |  
2019-08-23 11:31:49,039 | INFO  | DNAudit | user=null | ip=null | op=WRITE_CHUNK {blockData=conID: 3 locID: 102666070187901574 bcsId: 0} | ret=SUCCESS |  
2019-08-23 11:31:49,053 | INFO  | DNAudit | user=null | ip=null | op=WRITE_CHUNK {blockData=conID: 3 locID: 102666070187901574 bcsId: 0} | ret=SUCCESS |  
2019-08-23 11:31:49,053 | INFO  | DNAudit | user=null | ip=null | op=PUT_BLOCK {blockData=[blockId=conID: 3 locID: 102666070187901574 bcsId: 0,size=1048576]} | ret=SUCCESS |  
2019-08-23 11:31:49,054 [grpc-default-executor-4] INFO  client.GrpcClientProtocolClient (GrpcClientProtocolClient.java:onNext(255)) - client-C9E345EC67ED->244f13ac-34be-4c4e-8e45-0c0272edbbb2: receive RaftClientReply:client-C9E345EC67ED->244f13ac-34be-4c4e-8e45-0c0272edbbb2@group-FE77C852EF02, cid=3022, SUCCESS, logIndex=4514, commits[244f13ac-34be-4c4e-8e45-0c0272edbbb2:c4515, 6287e41a-5356-4f55-84f2-270816d53e84:c4513, a2c18d3d-e79d-47c9-88fe-d8a1d195302b:c4513]
2019-08-23 11:31:49,054 | INFO  | DNAudit | user=null | ip=null | op=WRITE_CHUNK {blockData=conID: 3 locID: 102666070187901574 bcsId: 0} | ret=SUCCESS |  
2019-08-23 11:31:49,055 | INFO  | DNAudit | user=null | ip=null | op=PUT_BLOCK {blockData=[blockId=conID: 3 locID: 102666070187901574 bcsId: 0,size=2097152]} | ret=SUCCESS |  
2019-08-23 11:31:49,055 [grpc-default-executor-4] INFO  client.GrpcClientProtocolClient (GrpcClientProtocolClient.java:onNext(255)) - client-C9E345EC67ED->244f13ac-34be-4c4e-8e45-0c0272edbbb2: receive RaftClientReply:client-C9E345EC67ED->244f13ac-34be-4c4e-8e45-0c0272edbbb2@group-FE77C852EF02, cid=3023, SUCCESS, logIndex=4515, commits[244f13ac-34be-4c4e-8e45-0c0272edbbb2:c4515, 6287e41a-5356-4f55-84f2-270816d53e84:c4513, a2c18d3d-e79d-47c9-88fe-d8a1d195302b:c4513]
2019-08-23 11:31:49,055 | INFO  | DNAudit | user=null | ip=null | op=WRITE_CHUNK {blockData=conID: 3 locID: 102666070187901574 bcsId: 0} | ret=SUCCESS |  
2019-08-23 11:31:49,055 [grpc-default-executor-4] INFO  client.GrpcClientProtocolClient (GrpcClientProtocolClient.java:onNext(255)) - client-C9E345EC67ED->244f13ac-34be-4c4e-8e45-0c0272edbbb2: receive RaftClientReply:client-C9E345EC67ED->244f13ac-34be-4c4e-8e45-0c0272edbbb2@group-FE77C852EF02, cid=3024, SUCCESS, logIndex=4516, commits[244f13ac-34be-4c4e-8e45-0c0272edbbb2:c4517, 6287e41a-5356-4f55-84f2-270816d53e84:c4513, a2c18d3d-e79d-47c9-88fe-d8a1d195302b:c4513]
2019-08-23 11:31:49,055 | INFO  | DNAudit | user=null | ip=null | op=PUT_BLOCK {blockData=[blockId=conID: 3 locID: 102666070187901574 bcsId: 0,size=1048576]} | ret=SUCCESS |  
2019-08-23 11:31:49,055 [grpc-default-executor-4] INFO  client.GrpcClientProtocolClient (GrpcClientProtocolClient.java:onNext(255)) - client-C9E345EC67ED->244f13ac-34be-4c4e-8e45-0c0272edbbb2: receive RaftClientReply:client-C9E345EC67ED->244f13ac-34be-4c4e-8e45-0c0272edbbb2@group-FE77C852EF02, cid=3025, SUCCESS, logIndex=4517, commits[244f13ac-34be-4c4e-8e45-0c0272edbbb2:c4517, 6287e41a-5356-4f55-84f2-270816d53e84:c4513, a2c18d3d-e79d-47c9-88fe-d8a1d195302b:c4513]
2019-08-23 11:31:49,056 | INFO  | DNAudit | user=null | ip=null | op=WRITE_CHUNK {blockData=conID: 3 locID: 102666070187901574 bcsId: 0} | ret=SUCCESS |  
2019-08-23 11:31:49,056 | INFO  | DNAudit | user=null | ip=null | op=PUT_BLOCK {blockData=[blockId=conID: 3 locID: 102666070187901574 bcsId: 0,size=1048576]} | ret=SUCCESS |  
2019-08-23 11:31:49,056 | INFO  | DNAudit | user=null | ip=null | op=WRITE_CHUNK {blockData=conID: 3 locID: 102666070187901574 bcsId: 0} | ret=SUCCESS |  
2019-08-23 11:31:49,056 | INFO  | DNAudit | user=null | ip=null | op=PUT_BLOCK {blockData=[blockId=conID: 3 locID: 102666070187901574 bcsId: 0,size=2097152]} | ret=SUCCESS |  
2019-08-23 11:31:49,056 | INFO  | DNAudit | user=null | ip=null | op=WRITE_CHUNK {blockData=conID: 3 locID: 102666070187901574 bcsId: 0} | ret=SUCCESS |  
2019-08-23 11:31:49,056 [grpc-default-executor-4] INFO  client.GrpcClientProtocolClient (GrpcClientProtocolClient.java:onNext(255)) - client-C9E345EC67ED->244f13ac-34be-4c4e-8e45-0c0272edbbb2: receive RaftClientReply:client-C9E345EC67ED->244f13ac-34be-4c4e-8e45-0c0272edbbb2@group-FE77C852EF02, cid=3026, SUCCESS, logIndex=0, commits[244f13ac-34be-4c4e-8e45-0c0272edbbb2:c4519, 6287e41a-5356-4f55-84f2-270816d53e84:c4515, a2c18d3d-e79d-47c9-88fe-d8a1d195302b:c4515]
2019-08-23 11:31:49,056 | INFO  | DNAudit | user=null | ip=null | op=PUT_BLOCK {blockData=[blockId=conID: 3 locID: 102666070187901574 bcsId: 0,size=2097152]} | ret=SUCCESS |  
2019-08-23 11:31:49,062 | INFO  | DNAudit | user=null | ip=null | op=WRITE_CHUNK {blockData=conID: 3 locID: 102666070187901574 bcsId: 4517} | ret=SUCCESS |  
2019-08-23 11:31:49,065 | INFO  | DNAudit | user=null | ip=null | op=WRITE_CHUNK {blockData=conID: 3 locID: 102666070187901574 bcsId: 4517} | ret=SUCCESS |  
2019-08-23 11:31:49,065 | INFO  | DNAudit | user=null | ip=null | op=WRITE_CHUNK {blockData=conID: 3 locID: 102666070187901574 bcsId: 4517} | ret=SUCCESS |  
2019-08-23 11:31:49,074 | INFO  | DNAudit | user=null | ip=null | op=WRITE_CHUNK {blockData=conID: 3 locID: 102666070187901574 bcsId: 4517} | ret=SUCCESS |  
2019-08-23 11:31:49,074 | INFO  | DNAudit | user=null | ip=null | op=PUT_BLOCK {blockData=[blockId=conID: 3 locID: 102666070187901574 bcsId: 0,size=3145728]} | ret=SUCCESS |  
2019-08-23 11:31:49,074 [grpc-default-executor-4] INFO  client.GrpcClientProtocolClient (GrpcClientProtocolClient.java:onNext(255)) - client-C9E345EC67ED->244f13ac-34be-4c4e-8e45-0c0272edbbb2: receive RaftClientReply:client-C9E345EC67ED->244f13ac-34be-4c4e-8e45-0c0272edbbb2@group-FE77C852EF02, cid=3027, SUCCESS, logIndex=4522, commits[244f13ac-34be-4c4e-8e45-0c0272edbbb2:c4523, 6287e41a-5356-4f55-84f2-270816d53e84:c4521, a2c18d3d-e79d-47c9-88fe-d8a1d195302b:c4521]
2019-08-23 11:31:49,075 [grpc-default-executor-4] INFO  client.GrpcClientProtocolClient (GrpcClientProtocolClient.java:onNext(255)) - client-C9E345EC67ED->244f13ac-34be-4c4e-8e45-0c0272edbbb2: receive RaftClientReply:client-C9E345EC67ED->244f13ac-34be-4c4e-8e45-0c0272edbbb2@group-FE77C852EF02, cid=3028, SUCCESS, logIndex=4523, commits[244f13ac-34be-4c4e-8e45-0c0272edbbb2:c4523, 6287e41a-5356-4f55-84f2-270816d53e84:c4521, a2c18d3d-e79d-47c9-88fe-d8a1d195302b:c4521]
2019-08-23 11:31:49,082 | INFO  | DNAudit | user=null | ip=null | op=WRITE_CHUNK {blockData=conID: 3 locID: 102666070187901574 bcsId: 4523} | ret=SUCCESS |  
2019-08-23 11:31:49,084 | INFO  | DNAudit | user=null | ip=null | op=WRITE_CHUNK {blockData=conID: 3 locID: 102666070187901574 bcsId: 4523} | ret=SUCCESS |  
2019-08-23 11:31:49,085 | INFO  | DNAudit | user=null | ip=null | op=WRITE_CHUNK {blockData=conID: 3 locID: 102666070187901574 bcsId: 4523} | ret=SUCCESS |  
2019-08-23 11:31:49,086 | INFO  | DNAudit | user=null | ip=null | op=WRITE_CHUNK {blockData=conID: 3 locID: 102666070187901574 bcsId: 4517} | ret=SUCCESS |  
2019-08-23 11:31:49,086 | INFO  | DNAudit | user=null | ip=null | op=WRITE_CHUNK {blockData=conID: 3 locID: 102666070187901574 bcsId: 4517} | ret=SUCCESS |  
2019-08-23 11:31:49,087 | INFO  | DNAudit | user=null | ip=null | op=PUT_BLOCK {blockData=[blockId=conID: 3 locID: 102666070187901574 bcsId: 0,size=3145728]} | ret=SUCCESS |  
2019-08-23 11:31:49,088 | INFO  | DNAudit | user=null | ip=null | op=PUT_BLOCK {blockData=[blockId=conID: 3 locID: 102666070187901574 bcsId: 0,size=3145728]} | ret=SUCCESS |  
2019-08-23 11:31:49,088 | INFO  | DNAudit | user=null | ip=null | op=WRITE_CHUNK {blockData=conID: 3 locID: 102666070187901574 bcsId: 4523} | ret=SUCCESS |  
2019-08-23 11:31:49,088 | INFO  | DNAudit | user=null | ip=null | op=PUT_BLOCK {blockData=[blockId=conID: 3 locID: 102666070187901574 bcsId: 0,size=4194304]} | ret=SUCCESS |  
2019-08-23 11:31:49,089 [grpc-default-executor-1] INFO  client.GrpcClientProtocolClient (GrpcClientProtocolClient.java:onNext(255)) - client-C9E345EC67ED->244f13ac-34be-4c4e-8e45-0c0272edbbb2: receive RaftClientReply:client-C9E345EC67ED->244f13ac-34be-4c4e-8e45-0c0272edbbb2@group-FE77C852EF02, cid=3029, SUCCESS, logIndex=4526, commits[244f13ac-34be-4c4e-8e45-0c0272edbbb2:c4527, 6287e41a-5356-4f55-84f2-270816d53e84:c4523, a2c18d3d-e79d-47c9-88fe-d8a1d195302b:c4523]
2019-08-23 11:31:49,089 [grpc-default-executor-1] INFO  client.GrpcClientProtocolClient (GrpcClientProtocolClient.java:onNext(255)) - client-C9E345EC67ED->244f13ac-34be-4c4e-8e45-0c0272edbbb2: receive RaftClientReply:client-C9E345EC67ED->244f13ac-34be-4c4e-8e45-0c0272edbbb2@group-FE77C852EF02, cid=3030, SUCCESS, logIndex=4527, commits[244f13ac-34be-4c4e-8e45-0c0272edbbb2:c4527, 6287e41a-5356-4f55-84f2-270816d53e84:c4523, a2c18d3d-e79d-47c9-88fe-d8a1d195302b:c4523]
2019-08-23 11:31:49,100 | INFO  | DNAudit | user=null | ip=null | op=WRITE_CHUNK {blockData=conID: 3 locID: 102666070187901574 bcsId: 4523} | ret=SUCCESS |  
2019-08-23 11:31:49,100 | INFO  | DNAudit | user=null | ip=null | op=WRITE_CHUNK {blockData=conID: 3 locID: 102666070187901574 bcsId: 4523} | ret=SUCCESS |  
2019-08-23 11:31:49,101 | INFO  | DNAudit | user=null | ip=null | op=PUT_BLOCK {blockData=[blockId=conID: 3 locID: 102666070187901574 bcsId: 0,size=4194304]} | ret=SUCCESS |  
2019-08-23 11:31:49,101 | INFO  | DNAudit | user=null | ip=null | op=PUT_BLOCK {blockData=[blockId=conID: 3 locID: 102666070187901574 bcsId: 0,size=4194304]} | ret=SUCCESS |  
2019-08-23 11:31:49,101 [grpc-default-executor-1] INFO  client.GrpcClientProtocolClient (GrpcClientProtocolClient.java:onNext(255)) - client-C9E345EC67ED->244f13ac-34be-4c4e-8e45-0c0272edbbb2: receive RaftClientReply:client-C9E345EC67ED->244f13ac-34be-4c4e-8e45-0c0272edbbb2@group-FE77C852EF02, cid=3031, SUCCESS, logIndex=0, commits[244f13ac-34be-4c4e-8e45-0c0272edbbb2:c4529, 6287e41a-5356-4f55-84f2-270816d53e84:c4527, a2c18d3d-e79d-47c9-88fe-d8a1d195302b:c4527]
2019-08-23 11:31:49,108 | INFO  | SCMAudit | user=jenkins1000 | ip=192.168.5.185 | op=ALLOCATE_BLOCK {owner=00a23185-76ea-47b5-a641-ad3cfbe5521a, size=4194304, type=RATIS, factor=THREE} | ret=SUCCESS |  
2019-08-23 11:31:49,112 | INFO  | OMAudit | user=jenkins1000 | ip=127.0.0.1 | op=ALLOCATE_BLOCK {volume=vol-0-37508, bucket=bucket-0-50919, key=key-0-57313, dataSize=0, replicationType=null, replicationFactor=null, keyLocationInfo=null, clientID=102666068570931602} | ret=SUCCESS |  
2019-08-23 11:31:49,119 | INFO  | DNAudit | user=null | ip=null | op=WRITE_CHUNK {blockData=conID: 1 locID: 102666070203302535 bcsId: 0} | ret=SUCCESS |  
2019-08-23 11:31:49,122 | INFO  | DNAudit | user=null | ip=null | op=WRITE_CHUNK {blockData=conID: 1 locID: 102666070203302535 bcsId: 0} | ret=SUCCESS |  
2019-08-23 11:31:49,122 | INFO  | DNAudit | user=null | ip=null | op=WRITE_CHUNK {blockData=conID: 1 locID: 102666070203302535 bcsId: 0} | ret=SUCCESS |  
2019-08-23 11:31:49,123 | INFO  | DNAudit | user=null | ip=null | op=WRITE_CHUNK {blockData=conID: 1 locID: 102666070203302535 bcsId: 0} | ret=SUCCESS |  
2019-08-23 11:31:49,124 | INFO  | DNAudit | user=null | ip=null | op=WRITE_CHUNK {blockData=conID: 1 locID: 102666070203302535 bcsId: 0} | ret=SUCCESS |  
2019-08-23 11:31:49,124 | INFO  | DNAudit | user=null | ip=null | op=WRITE_CHUNK {blockData=conID: 1 locID: 102666070203302535 bcsId: 0} | ret=SUCCESS |  
2019-08-23 11:31:49,132 | INFO  | DNAudit | user=null | ip=null | op=WRITE_CHUNK {blockData=conID: 1 locID: 102666070203302535 bcsId: 0} | ret=SUCCESS |  
2019-08-23 11:31:49,132 | INFO  | DNAudit | user=null | ip=null | op=PUT_BLOCK {blockData=[blockId=conID: 1 locID: 102666070203302535 bcsId: 0,size=1048576]} | ret=SUCCESS |  
2019-08-23 11:31:49,133 | INFO  | DNAudit | user=null | ip=null | op=WRITE_CHUNK {blockData=conID: 1 locID: 102666070203302535 bcsId: 0} | ret=SUCCESS |  
2019-08-23 11:31:49,132 [grpc-default-executor-1] INFO  client.GrpcClientProtocolClient (GrpcClientProtocolClient.java:onNext(255)) - client-C9E345EC67ED->244f13ac-34be-4c4e-8e45-0c0272edbbb2: receive RaftClientReply:client-C9E345EC67ED->244f13ac-34be-4c4e-8e45-0c0272edbbb2@group-FE77C852EF02, cid=3032, SUCCESS, logIndex=4530, commits[244f13ac-34be-4c4e-8e45-0c0272edbbb2:c4532, 6287e41a-5356-4f55-84f2-270816d53e84:c4529, a2c18d3d-e79d-47c9-88fe-d8a1d195302b:c4529]
2019-08-23 11:31:49,133 | INFO  | DNAudit | user=null | ip=null | op=PUT_BLOCK {blockData=[blockId=conID: 1 locID: 102666070203302535 bcsId: 0,size=2097152]} | ret=SUCCESS |  
2019-08-23 11:31:49,133 [grpc-default-executor-1] INFO  client.GrpcClientProtocolClient (GrpcClientProtocolClient.java:onNext(255)) - client-C9E345EC67ED->244f13ac-34be-4c4e-8e45-0c0272edbbb2: receive RaftClientReply:client-C9E345EC67ED->244f13ac-34be-4c4e-8e45-0c0272edbbb2@group-FE77C852EF02, cid=3033, SUCCESS, logIndex=4531, commits[244f13ac-34be-4c4e-8e45-0c0272edbbb2:c4533, 6287e41a-5356-4f55-84f2-270816d53e84:c4529, a2c18d3d-e79d-47c9-88fe-d8a1d195302b:c4529]
2019-08-23 11:31:49,133 | INFO  | DNAudit | user=null | ip=null | op=WRITE_CHUNK {blockData=conID: 1 locID: 102666070203302535 bcsId: 0} | ret=SUCCESS |  
2019-08-23 11:31:49,133 [grpc-default-executor-1] INFO  client.GrpcClientProtocolClient (GrpcClientProtocolClient.java:onNext(255)) - client-C9E345EC67ED->244f13ac-34be-4c4e-8e45-0c0272edbbb2: receive RaftClientReply:client-C9E345EC67ED->244f13ac-34be-4c4e-8e45-0c0272edbbb2@group-FE77C852EF02, cid=3034, SUCCESS, logIndex=4532, commits[244f13ac-34be-4c4e-8e45-0c0272edbbb2:c4533, 6287e41a-5356-4f55-84f2-270816d53e84:c4529, a2c18d3d-e79d-47c9-88fe-d8a1d195302b:c4529]
2019-08-23 11:31:49,133 [grpc-default-executor-1] INFO  client.GrpcClientProtocolClient (GrpcClientProtocolClient.java:onNext(255)) - client-C9E345EC67ED->244f13ac-34be-4c4e-8e45-0c0272edbbb2: receive RaftClientReply:client-C9E345EC67ED->244f13ac-34be-4c4e-8e45-0c0272edbbb2@group-FE77C852EF02, cid=3035, SUCCESS, logIndex=4533, commits[244f13ac-34be-4c4e-8e45-0c0272edbbb2:c4533, 6287e41a-5356-4f55-84f2-270816d53e84:c4529, a2c18d3d-e79d-47c9-88fe-d8a1d195302b:c4529]
2019-08-23 11:31:49,134 | INFO  | DNAudit | user=null | ip=null | op=WRITE_CHUNK {blockData=conID: 1 locID: 102666070203302535 bcsId: 0} | ret=SUCCESS |  
2019-08-23 11:31:49,134 | INFO  | DNAudit | user=null | ip=null | op=PUT_BLOCK {blockData=[blockId=conID: 1 locID: 102666070203302535 bcsId: 0,size=1048576]} | ret=SUCCESS |  
2019-08-23 11:31:49,134 | INFO  | DNAudit | user=null | ip=null | op=WRITE_CHUNK {blockData=conID: 1 locID: 102666070203302535 bcsId: 0} | ret=SUCCESS |  
2019-08-23 11:31:49,135 | INFO  | DNAudit | user=null | ip=null | op=PUT_BLOCK {blockData=[blockId=conID: 1 locID: 102666070203302535 bcsId: 0,size=2097152]} | ret=SUCCESS |  
2019-08-23 11:31:49,135 | INFO  | DNAudit | user=null | ip=null | op=PUT_BLOCK {blockData=[blockId=conID: 1 locID: 102666070203302535 bcsId: 0,size=1048576]} | ret=SUCCESS |  
2019-08-23 11:31:49,135 | INFO  | DNAudit | user=null | ip=null | op=WRITE_CHUNK {blockData=conID: 1 locID: 102666070203302535 bcsId: 0} | ret=SUCCESS |  
2019-08-23 11:31:49,135 | INFO  | DNAudit | user=null | ip=null | op=PUT_BLOCK {blockData=[blockId=conID: 1 locID: 102666070203302535 bcsId: 0,size=2097152]} | ret=SUCCESS |  
2019-08-23 11:31:49,135 [grpc-default-executor-1] INFO  client.GrpcClientProtocolClient (GrpcClientProtocolClient.java:onNext(255)) - client-C9E345EC67ED->244f13ac-34be-4c4e-8e45-0c0272edbbb2: receive RaftClientReply:client-C9E345EC67ED->244f13ac-34be-4c4e-8e45-0c0272edbbb2@group-FE77C852EF02, cid=3036, SUCCESS, logIndex=0, commits[244f13ac-34be-4c4e-8e45-0c0272edbbb2:c4537, 6287e41a-5356-4f55-84f2-270816d53e84:c4533, a2c18d3d-e79d-47c9-88fe-d8a1d195302b:c4531]
2019-08-23 11:31:49,141 | INFO  | DNAudit | user=null | ip=null | op=WRITE_CHUNK {blockData=conID: 1 locID: 102666070203302535 bcsId: 4533} | ret=SUCCESS |  
2019-08-23 11:31:49,144 | INFO  | DNAudit | user=null | ip=null | op=WRITE_CHUNK {blockData=conID: 1 locID: 102666070203302535 bcsId: 4533} | ret=SUCCESS |  
2019-08-23 11:31:49,144 | INFO  | DNAudit | user=null | ip=null | op=WRITE_CHUNK {blockData=conID: 1 locID: 102666070203302535 bcsId: 4533} | ret=SUCCESS |  
2019-08-23 11:31:49,154 | INFO  | DNAudit | user=null | ip=null | op=WRITE_CHUNK {blockData=conID: 1 locID: 102666070203302535 bcsId: 4533} | ret=SUCCESS |  
2019-08-23 11:31:49,154 | INFO  | DNAudit | user=null | ip=null | op=PUT_BLOCK {blockData=[blockId=conID: 1 locID: 102666070203302535 bcsId: 0,size=3145728]} | ret=SUCCESS |  
2019-08-23 11:31:49,154 [grpc-default-executor-1] INFO  client.GrpcClientProtocolClient (GrpcClientProtocolClient.java:onNext(255)) - client-C9E345EC67ED->244f13ac-34be-4c4e-8e45-0c0272edbbb2: receive RaftClientReply:client-C9E345EC67ED->244f13ac-34be-4c4e-8e45-0c0272edbbb2@group-FE77C852EF02, cid=3037, SUCCESS, logIndex=4538, commits[244f13ac-34be-4c4e-8e45-0c0272edbbb2:c4539, 6287e41a-5356-4f55-84f2-270816d53e84:c4537, a2c18d3d-e79d-47c9-88fe-d8a1d195302b:c4537]
2019-08-23 11:31:49,155 [grpc-default-executor-1] INFO  client.GrpcClientProtocolClient (GrpcClientProtocolClient.java:onNext(255)) - client-C9E345EC67ED->244f13ac-34be-4c4e-8e45-0c0272edbbb2: receive RaftClientReply:client-C9E345EC67ED->244f13ac-34be-4c4e-8e45-0c0272edbbb2@group-FE77C852EF02, cid=3038, SUCCESS, logIndex=4539, commits[244f13ac-34be-4c4e-8e45-0c0272edbbb2:c4539, 6287e41a-5356-4f55-84f2-270816d53e84:c4537, a2c18d3d-e79d-47c9-88fe-d8a1d195302b:c4537]
2019-08-23 11:31:49,161 | INFO  | DNAudit | user=null | ip=null | op=WRITE_CHUNK {blockData=conID: 1 locID: 102666070203302535 bcsId: 4539} | ret=SUCCESS |  
2019-08-23 11:31:49,163 | INFO  | DNAudit | user=null | ip=null | op=WRITE_CHUNK {blockData=conID: 1 locID: 102666070203302535 bcsId: 4539} | ret=SUCCESS |  
2019-08-23 11:31:49,163 | INFO  | DNAudit | user=null | ip=null | op=WRITE_CHUNK {blockData=conID: 1 locID: 102666070203302535 bcsId: 4539} | ret=SUCCESS |  
2019-08-23 11:31:49,165 | INFO  | DNAudit | user=null | ip=null | op=WRITE_CHUNK {blockData=conID: 1 locID: 102666070203302535 bcsId: 4533} | ret=SUCCESS |  
2019-08-23 11:31:49,165 | INFO  | DNAudit | user=null | ip=null | op=WRITE_CHUNK {blockData=conID: 1 locID: 102666070203302535 bcsId: 4533} | ret=SUCCESS |  
2019-08-23 11:31:49,166 | INFO  | DNAudit | user=null | ip=null | op=PUT_BLOCK {blockData=[blockId=conID: 1 locID: 102666070203302535 bcsId: 0,size=3145728]} | ret=SUCCESS |  
2019-08-23 11:31:49,166 | INFO  | DNAudit | user=null | ip=null | op=PUT_BLOCK {blockData=[blockId=conID: 1 locID: 102666070203302535 bcsId: 0,size=3145728]} | ret=SUCCESS |  
2019-08-23 11:31:49,167 | INFO  | DNAudit | user=null | ip=null | op=WRITE_CHUNK {blockData=conID: 1 locID: 102666070203302535 bcsId: 4539} | ret=SUCCESS |  
2019-08-23 11:31:49,168 | INFO  | DNAudit | user=null | ip=null | op=PUT_BLOCK {blockData=[blockId=conID: 1 locID: 102666070203302535 bcsId: 0,size=4194304]} | ret=SUCCESS |  
2019-08-23 11:31:49,168 [grpc-default-executor-4] INFO  client.GrpcClientProtocolClient (GrpcClientProtocolClient.java:onNext(255)) - client-C9E345EC67ED->244f13ac-34be-4c4e-8e45-0c0272edbbb2: receive RaftClientReply:client-C9E345EC67ED->244f13ac-34be-4c4e-8e45-0c0272edbbb2@group-FE77C852EF02, cid=3039, SUCCESS, logIndex=4542, commits[244f13ac-34be-4c4e-8e45-0c0272edbbb2:c4543, 6287e41a-5356-4f55-84f2-270816d53e84:c4539, a2c18d3d-e79d-47c9-88fe-d8a1d195302b:c4539]
2019-08-23 11:31:49,168 [grpc-default-executor-4] INFO  client.GrpcClientProtocolClient (GrpcClientProtocolClient.java:onNext(255)) - client-C9E345EC67ED->244f13ac-34be-4c4e-8e45-0c0272edbbb2: receive RaftClientReply:client-C9E345EC67ED->244f13ac-34be-4c4e-8e45-0c0272edbbb2@group-FE77C852EF02, cid=3040, SUCCESS, logIndex=4543, commits[244f13ac-34be-4c4e-8e45-0c0272edbbb2:c4543, 6287e41a-5356-4f55-84f2-270816d53e84:c4539, a2c18d3d-e79d-47c9-88fe-d8a1d195302b:c4539]
2019-08-23 11:31:49,178 | INFO  | DNAudit | user=null | ip=null | op=WRITE_CHUNK {blockData=conID: 1 locID: 102666070203302535 bcsId: 4539} | ret=SUCCESS |  
2019-08-23 11:31:49,178 | INFO  | DNAudit | user=null | ip=null | op=WRITE_CHUNK {blockData=conID: 1 locID: 102666070203302535 bcsId: 4539} | ret=SUCCESS |  
2019-08-23 11:31:49,180 | INFO  | DNAudit | user=null | ip=null | op=PUT_BLOCK {blockData=[blockId=conID: 1 locID: 102666070203302535 bcsId: 0,size=4194304]} | ret=SUCCESS |  
2019-08-23 11:31:49,180 | INFO  | DNAudit | user=null | ip=null | op=PUT_BLOCK {blockData=[blockId=conID: 1 locID: 102666070203302535 bcsId: 0,size=4194304]} | ret=SUCCESS |  
2019-08-23 11:31:49,180 [grpc-default-executor-1] INFO  client.GrpcClientProtocolClient (GrpcClientProtocolClient.java:onNext(255)) - client-C9E345EC67ED->244f13ac-34be-4c4e-8e45-0c0272edbbb2: receive RaftClientReply:client-C9E345EC67ED->244f13ac-34be-4c4e-8e45-0c0272edbbb2@group-FE77C852EF02, cid=3041, SUCCESS, logIndex=0, commits[244f13ac-34be-4c4e-8e45-0c0272edbbb2:c4545, 6287e41a-5356-4f55-84f2-270816d53e84:c4543, a2c18d3d-e79d-47c9-88fe-d8a1d195302b:c4543]
2019-08-23 11:31:49,186 | INFO  | SCMAudit | user=jenkins1000 | ip=192.168.5.185 | op=ALLOCATE_BLOCK {owner=00a23185-76ea-47b5-a641-ad3cfbe5521a, size=4194304, type=RATIS, factor=THREE} | ret=SUCCESS |  
2019-08-23 11:31:49,189 | INFO  | OMAudit | user=jenkins1000 | ip=127.0.0.1 | op=ALLOCATE_BLOCK {volume=vol-0-37508, bucket=bucket-0-50919, key=key-0-57313, dataSize=0, replicationType=null, replicationFactor=null, keyLocationInfo=null, clientID=102666068570931602} | ret=SUCCESS |  
2019-08-23 11:31:49,195 | INFO  | DNAudit | user=null | ip=null | op=WRITE_CHUNK {blockData=conID: 2 locID: 102666070208414344 bcsId: 0} | ret=SUCCESS |  
2019-08-23 11:31:49,197 | INFO  | DNAudit | user=null | ip=null | op=WRITE_CHUNK {blockData=conID: 2 locID: 102666070208414344 bcsId: 0} | ret=SUCCESS |  
2019-08-23 11:31:49,198 | INFO  | DNAudit | user=null | ip=null | op=WRITE_CHUNK {blockData=conID: 2 locID: 102666070208414344 bcsId: 0} | ret=SUCCESS |  
2019-08-23 11:31:49,198 | INFO  | DNAudit | user=null | ip=null | op=WRITE_CHUNK {blockData=conID: 2 locID: 102666070208414344 bcsId: 0} | ret=SUCCESS |  
2019-08-23 11:31:49,200 | INFO  | DNAudit | user=null | ip=null | op=WRITE_CHUNK {blockData=conID: 2 locID: 102666070208414344 bcsId: 0} | ret=SUCCESS |  
2019-08-23 11:31:49,200 | INFO  | DNAudit | user=null | ip=null | op=WRITE_CHUNK {blockData=conID: 2 locID: 102666070208414344 bcsId: 0} | ret=SUCCESS |  
2019-08-23 11:31:49,207 | INFO  | DNAudit | user=null | ip=null | op=WRITE_CHUNK {blockData=conID: 2 locID: 102666070208414344 bcsId: 0} | ret=SUCCESS |  
2019-08-23 11:31:49,208 | INFO  | DNAudit | user=null | ip=null | op=PUT_BLOCK {blockData=[blockId=conID: 2 locID: 102666070208414344 bcsId: 0,size=1048576]} | ret=SUCCESS |  
2019-08-23 11:31:49,208 [grpc-default-executor-4] INFO  client.GrpcClientProtocolClient (GrpcClientProtocolClient.java:onNext(255)) - client-C9E345EC67ED->244f13ac-34be-4c4e-8e45-0c0272edbbb2: receive RaftClientReply:client-C9E345EC67ED->244f13ac-34be-4c4e-8e45-0c0272edbbb2@group-FE77C852EF02, cid=3042, SUCCESS, logIndex=4546, commits[244f13ac-34be-4c4e-8e45-0c0272edbbb2:c4548, 6287e41a-5356-4f55-84f2-270816d53e84:c4545, a2c18d3d-e79d-47c9-88fe-d8a1d195302b:c4545]
2019-08-23 11:31:49,208 | INFO  | DNAudit | user=null | ip=null | op=WRITE_CHUNK {blockData=conID: 2 locID: 102666070208414344 bcsId: 0} | ret=SUCCESS |  
2019-08-23 11:31:49,208 | INFO  | DNAudit | user=null | ip=null | op=PUT_BLOCK {blockData=[blockId=conID: 2 locID: 102666070208414344 bcsId: 0,size=2097152]} | ret=SUCCESS |  
2019-08-23 11:31:49,208 [grpc-default-executor-4] INFO  client.GrpcClientProtocolClient (GrpcClientProtocolClient.java:onNext(255)) - client-C9E345EC67ED->244f13ac-34be-4c4e-8e45-0c0272edbbb2: receive RaftClientReply:client-C9E345EC67ED->244f13ac-34be-4c4e-8e45-0c0272edbbb2@group-FE77C852EF02, cid=3043, SUCCESS, logIndex=4547, commits[244f13ac-34be-4c4e-8e45-0c0272edbbb2:c4549, 6287e41a-5356-4f55-84f2-270816d53e84:c4545, a2c18d3d-e79d-47c9-88fe-d8a1d195302b:c4545]
2019-08-23 11:31:49,209 | INFO  | DNAudit | user=null | ip=null | op=WRITE_CHUNK {blockData=conID: 2 locID: 102666070208414344 bcsId: 0} | ret=SUCCESS |  
2019-08-23 11:31:49,209 [grpc-default-executor-4] INFO  client.GrpcClientProtocolClient (GrpcClientProtocolClient.java:onNext(255)) - client-C9E345EC67ED->244f13ac-34be-4c4e-8e45-0c0272edbbb2: receive RaftClientReply:client-C9E345EC67ED->244f13ac-34be-4c4e-8e45-0c0272edbbb2@group-FE77C852EF02, cid=3044, SUCCESS, logIndex=4548, commits[244f13ac-34be-4c4e-8e45-0c0272edbbb2:c4549, 6287e41a-5356-4f55-84f2-270816d53e84:c4545, a2c18d3d-e79d-47c9-88fe-d8a1d195302b:c4545]
2019-08-23 11:31:49,209 | INFO  | DNAudit | user=null | ip=null | op=PUT_BLOCK {blockData=[blockId=conID: 2 locID: 102666070208414344 bcsId: 0,size=1048576]} | ret=SUCCESS |  
2019-08-23 11:31:49,209 [grpc-default-executor-4] INFO  client.GrpcClientProtocolClient (GrpcClientProtocolClient.java:onNext(255)) - client-C9E345EC67ED->244f13ac-34be-4c4e-8e45-0c0272edbbb2: receive RaftClientReply:client-C9E345EC67ED->244f13ac-34be-4c4e-8e45-0c0272edbbb2@group-FE77C852EF02, cid=3045, SUCCESS, logIndex=4549, commits[244f13ac-34be-4c4e-8e45-0c0272edbbb2:c4549, 6287e41a-5356-4f55-84f2-270816d53e84:c4545, a2c18d3d-e79d-47c9-88fe-d8a1d195302b:c4545]
2019-08-23 11:31:49,209 | INFO  | DNAudit | user=null | ip=null | op=WRITE_CHUNK {blockData=conID: 2 locID: 102666070208414344 bcsId: 0} | ret=SUCCESS |  
2019-08-23 11:31:49,210 | INFO  | DNAudit | user=null | ip=null | op=PUT_BLOCK {blockData=[blockId=conID: 2 locID: 102666070208414344 bcsId: 0,size=1048576]} | ret=SUCCESS |  
2019-08-23 11:31:49,210 | INFO  | DNAudit | user=null | ip=null | op=WRITE_CHUNK {blockData=conID: 2 locID: 102666070208414344 bcsId: 0} | ret=SUCCESS |  
2019-08-23 11:31:49,210 | INFO  | DNAudit | user=null | ip=null | op=WRITE_CHUNK {blockData=conID: 2 locID: 102666070208414344 bcsId: 0} | ret=SUCCESS |  
2019-08-23 11:31:49,210 | INFO  | DNAudit | user=null | ip=null | op=PUT_BLOCK {blockData=[blockId=conID: 2 locID: 102666070208414344 bcsId: 0,size=2097152]} | ret=SUCCESS |  
2019-08-23 11:31:49,210 | INFO  | DNAudit | user=null | ip=null | op=PUT_BLOCK {blockData=[blockId=conID: 2 locID: 102666070208414344 bcsId: 0,size=2097152]} | ret=SUCCESS |  
2019-08-23 11:31:49,210 [grpc-default-executor-1] INFO  client.GrpcClientProtocolClient (GrpcClientProtocolClient.java:onNext(255)) - client-C9E345EC67ED->244f13ac-34be-4c4e-8e45-0c0272edbbb2: receive RaftClientReply:client-C9E345EC67ED->244f13ac-34be-4c4e-8e45-0c0272edbbb2@group-FE77C852EF02, cid=3046, SUCCESS, logIndex=0, commits[244f13ac-34be-4c4e-8e45-0c0272edbbb2:c4551, 6287e41a-5356-4f55-84f2-270816d53e84:c4547, a2c18d3d-e79d-47c9-88fe-d8a1d195302b:c4547]
2019-08-23 11:31:49,216 | INFO  | DNAudit | user=null | ip=null | op=WRITE_CHUNK {blockData=conID: 2 locID: 102666070208414344 bcsId: 4549} | ret=SUCCESS |  
2019-08-23 11:31:49,218 | INFO  | DNAudit | user=null | ip=null | op=WRITE_CHUNK {blockData=conID: 2 locID: 102666070208414344 bcsId: 4549} | ret=SUCCESS |  
2019-08-23 11:31:49,219 | INFO  | DNAudit | user=null | ip=null | op=WRITE_CHUNK {blockData=conID: 2 locID: 102666070208414344 bcsId: 4549} | ret=SUCCESS |  
2019-08-23 11:31:49,231 | INFO  | DNAudit | user=null | ip=null | op=WRITE_CHUNK {blockData=conID: 2 locID: 102666070208414344 bcsId: 4549} | ret=SUCCESS |  
2019-08-23 11:31:49,231 | INFO  | DNAudit | user=null | ip=null | op=PUT_BLOCK {blockData=[blockId=conID: 2 locID: 102666070208414344 bcsId: 0,size=3145728]} | ret=SUCCESS |  
2019-08-23 11:31:49,231 [grpc-default-executor-1] INFO  client.GrpcClientProtocolClient (GrpcClientProtocolClient.java:onNext(255)) - client-C9E345EC67ED->244f13ac-34be-4c4e-8e45-0c0272edbbb2: receive RaftClientReply:client-C9E345EC67ED->244f13ac-34be-4c4e-8e45-0c0272edbbb2@group-FE77C852EF02, cid=3047, SUCCESS, logIndex=4554, commits[244f13ac-34be-4c4e-8e45-0c0272edbbb2:c4555, 6287e41a-5356-4f55-84f2-270816d53e84:c4553, a2c18d3d-e79d-47c9-88fe-d8a1d195302b:c4553]
2019-08-23 11:31:49,232 [grpc-default-executor-1] INFO  client.GrpcClientProtocolClient (GrpcClientProtocolClient.java:onNext(255)) - client-C9E345EC67ED->244f13ac-34be-4c4e-8e45-0c0272edbbb2: receive RaftClientReply:client-C9E345EC67ED->244f13ac-34be-4c4e-8e45-0c0272edbbb2@group-FE77C852EF02, cid=3048, SUCCESS, logIndex=4555, commits[244f13ac-34be-4c4e-8e45-0c0272edbbb2:c4555, 6287e41a-5356-4f55-84f2-270816d53e84:c4553, a2c18d3d-e79d-47c9-88fe-d8a1d195302b:c4553]
2019-08-23 11:31:49,233 | INFO  | SCMAudit | user=jenkins1000 | ip=192.168.5.185 | op=SEND_HEARTBEAT {datanodeUUID=a2c18d3d-e79d-47c9-88fe-d8a1d195302b, command=[]} | ret=SUCCESS |  
2019-08-23 11:31:49,234 | INFO  | SCMAudit | user=jenkins1000 | ip=192.168.5.185 | op=SEND_HEARTBEAT {datanodeUUID=244f13ac-34be-4c4e-8e45-0c0272edbbb2, command=[]} | ret=SUCCESS |  
 0.00% |█                                                                                                    |  0/1 Time: 0:00:252019-08-23 11:31:49,235 | INFO  | SCMAudit | user=jenkins1000 | ip=192.168.5.185 | op=SEND_HEARTBEAT {datanodeUUID=0d166765-8492-4439-8677-f737a7bc54ca, command=[]} | ret=SUCCESS |  
2019-08-23 11:31:49,235 | INFO  | SCMAudit | user=jenkins1000 | ip=192.168.5.185 | op=SEND_HEARTBEAT {datanodeUUID=6287e41a-5356-4f55-84f2-270816d53e84, command=[]} | ret=SUCCESS |  
2019-08-23 11:31:49,235 | INFO  | SCMAudit | user=jenkins1000 | ip=192.168.5.185 | op=SEND_HEARTBEAT {datanodeUUID=b2c34899-c5c3-4720-9d95-984efeabf4a7, command=[]} | ret=SUCCESS |  
2019-08-23 11:31:49,237 | INFO  | DNAudit | user=null | ip=null | op=WRITE_CHUNK {blockData=conID: 2 locID: 102666070208414344 bcsId: 4555} | ret=SUCCESS |  
2019-08-23 11:31:49,240 | INFO  | DNAudit | user=null | ip=null | op=WRITE_CHUNK {blockData=conID: 2 locID: 102666070208414344 bcsId: 4555} | ret=SUCCESS |  
2019-08-23 11:31:49,240 | INFO  | DNAudit | user=null | ip=null | op=WRITE_CHUNK {blockData=conID: 2 locID: 102666070208414344 bcsId: 4555} | ret=SUCCESS |  
2019-08-23 11:31:49,243 | INFO  | DNAudit | user=null | ip=null | op=WRITE_CHUNK {blockData=conID: 2 locID: 102666070208414344 bcsId: 4549} | ret=SUCCESS |  
2019-08-23 11:31:49,243 | INFO  | DNAudit | user=null | ip=null | op=WRITE_CHUNK {blockData=conID: 2 locID: 102666070208414344 bcsId: 4549} | ret=SUCCESS |  
2019-08-23 11:31:49,244 | INFO  | DNAudit | user=null | ip=null | op=PUT_BLOCK {blockData=[blockId=conID: 2 locID: 102666070208414344 bcsId: 0,size=3145728]} | ret=SUCCESS |  
2019-08-23 11:31:49,244 | INFO  | DNAudit | user=null | ip=null | op=PUT_BLOCK {blockData=[blockId=conID: 2 locID: 102666070208414344 bcsId: 0,size=3145728]} | ret=SUCCESS |  
2019-08-23 11:31:49,244 | INFO  | DNAudit | user=null | ip=null | op=WRITE_CHUNK {blockData=conID: 2 locID: 102666070208414344 bcsId: 4555} | ret=SUCCESS |  
2019-08-23 11:31:49,245 | INFO  | DNAudit | user=null | ip=null | op=PUT_BLOCK {blockData=[blockId=conID: 2 locID: 102666070208414344 bcsId: 0,size=4194304]} | ret=SUCCESS |  
2019-08-23 11:31:49,245 [grpc-default-executor-2] INFO  client.GrpcClientProtocolClient (GrpcClientProtocolClient.java:onNext(255)) - client-C9E345EC67ED->244f13ac-34be-4c4e-8e45-0c0272edbbb2: receive RaftClientReply:client-C9E345EC67ED->244f13ac-34be-4c4e-8e45-0c0272edbbb2@group-FE77C852EF02, cid=3049, SUCCESS, logIndex=4558, commits[244f13ac-34be-4c4e-8e45-0c0272edbbb2:c4559, 6287e41a-5356-4f55-84f2-270816d53e84:c4555, a2c18d3d-e79d-47c9-88fe-d8a1d195302b:c4555]
2019-08-23 11:31:49,245 [grpc-default-executor-2] INFO  client.GrpcClientProtocolClient (GrpcClientProtocolClient.java:onNext(255)) - client-C9E345EC67ED->244f13ac-34be-4c4e-8e45-0c0272edbbb2: receive RaftClientReply:client-C9E345EC67ED->244f13ac-34be-4c4e-8e45-0c0272edbbb2@group-FE77C852EF02, cid=3050, SUCCESS, logIndex=4559, commits[244f13ac-34be-4c4e-8e45-0c0272edbbb2:c4559, 6287e41a-5356-4f55-84f2-270816d53e84:c4555, a2c18d3d-e79d-47c9-88fe-d8a1d195302b:c4555]
2019-08-23 11:31:49,254 | INFO  | DNAudit | user=null | ip=null | op=WRITE_CHUNK {blockData=conID: 2 locID: 102666070208414344 bcsId: 4555} | ret=SUCCESS |  
2019-08-23 11:31:49,254 | INFO  | DNAudit | user=null | ip=null | op=WRITE_CHUNK {blockData=conID: 2 locID: 102666070208414344 bcsId: 4555} | ret=SUCCESS |  
2019-08-23 11:31:49,254 | INFO  | DNAudit | user=null | ip=null | op=PUT_BLOCK {blockData=[blockId=conID: 2 locID: 102666070208414344 bcsId: 0,size=4194304]} | ret=SUCCESS |  
2019-08-23 11:31:49,254 | INFO  | DNAudit | user=null | ip=null | op=PUT_BLOCK {blockData=[blockId=conID: 2 locID: 102666070208414344 bcsId: 0,size=4194304]} | ret=SUCCESS |  
2019-08-23 11:31:49,254 [grpc-default-executor-2] INFO  client.GrpcClientProtocolClient (GrpcClientProtocolClient.java:onNext(255)) - client-C9E345EC67ED->244f13ac-34be-4c4e-8e45-0c0272edbbb2: receive RaftClientReply:client-C9E345EC67ED->244f13ac-34be-4c4e-8e45-0c0272edbbb2@group-FE77C852EF02, cid=3051, SUCCESS, logIndex=0, commits[244f13ac-34be-4c4e-8e45-0c0272edbbb2:c4560, 6287e41a-5356-4f55-84f2-270816d53e84:c4559, a2c18d3d-e79d-47c9-88fe-d8a1d195302b:c4559]
2019-08-23 11:31:49,259 | INFO  | SCMAudit | user=jenkins1000 | ip=192.168.5.185 | op=ALLOCATE_BLOCK {owner=00a23185-76ea-47b5-a641-ad3cfbe5521a, size=4194304, type=RATIS, factor=THREE} | ret=SUCCESS |  
2019-08-23 11:31:49,262 | INFO  | OMAudit | user=jenkins1000 | ip=127.0.0.1 | op=ALLOCATE_BLOCK {volume=vol-0-37508, bucket=bucket-0-50919, key=key-0-57313, dataSize=0, replicationType=null, replicationFactor=null, keyLocationInfo=null, clientID=102666068570931602} | ret=SUCCESS |  
2019-08-23 11:31:49,268 | INFO  | DNAudit | user=null | ip=null | op=WRITE_CHUNK {blockData=conID: 3 locID: 102666070213198473 bcsId: 0} | ret=SUCCESS |  
2019-08-23 11:31:49,271 | INFO  | DNAudit | user=null | ip=null | op=WRITE_CHUNK {blockData=conID: 3 locID: 102666070213198473 bcsId: 0} | ret=SUCCESS |  
2019-08-23 11:31:49,271 | INFO  | DNAudit | user=null | ip=null | op=WRITE_CHUNK {blockData=conID: 3 locID: 102666070213198473 bcsId: 0} | ret=SUCCESS |  
2019-08-23 11:31:49,271 | INFO  | DNAudit | user=null | ip=null | op=WRITE_CHUNK {blockData=conID: 3 locID: 102666070213198473 bcsId: 0} | ret=SUCCESS |  
2019-08-23 11:31:49,272 | INFO  | DNAudit | user=null | ip=null | op=WRITE_CHUNK {blockData=conID: 3 locID: 102666070213198473 bcsId: 0} | ret=SUCCESS |  
2019-08-23 11:31:49,272 | INFO  | DNAudit | user=null | ip=null | op=WRITE_CHUNK {blockData=conID: 3 locID: 102666070213198473 bcsId: 0} | ret=SUCCESS |  
2019-08-23 11:31:49,279 | INFO  | DNAudit | user=null | ip=null | op=WRITE_CHUNK {blockData=conID: 3 locID: 102666070213198473 bcsId: 0} | ret=SUCCESS |  
2019-08-23 11:31:49,279 | INFO  | DNAudit | user=null | ip=null | op=PUT_BLOCK {blockData=[blockId=conID: 3 locID: 102666070213198473 bcsId: 0,size=1048576]} | ret=SUCCESS |  
2019-08-23 11:31:49,279 [grpc-default-executor-4] INFO  client.GrpcClientProtocolClient (GrpcClientProtocolClient.java:onNext(255)) - client-C9E345EC67ED->244f13ac-34be-4c4e-8e45-0c0272edbbb2: receive RaftClientReply:client-C9E345EC67ED->244f13ac-34be-4c4e-8e45-0c0272edbbb2@group-FE77C852EF02, cid=3052, SUCCESS, logIndex=4562, commits[244f13ac-34be-4c4e-8e45-0c0272edbbb2:c4565, 6287e41a-5356-4f55-84f2-270816d53e84:c4561, a2c18d3d-e79d-47c9-88fe-d8a1d195302b:c4561]
2019-08-23 11:31:49,279 | INFO  | DNAudit | user=null | ip=null | op=WRITE_CHUNK {blockData=conID: 3 locID: 102666070213198473 bcsId: 0} | ret=SUCCESS |  
2019-08-23 11:31:49,280 | INFO  | DNAudit | user=null | ip=null | op=WRITE_CHUNK {blockData=conID: 3 locID: 102666070213198473 bcsId: 0} | ret=SUCCESS |  
2019-08-23 11:31:49,280 | INFO  | DNAudit | user=null | ip=null | op=WRITE_CHUNK {blockData=conID: 3 locID: 102666070213198473 bcsId: 0} | ret=SUCCESS |  
2019-08-23 11:31:49,280 | INFO  | DNAudit | user=null | ip=null | op=PUT_BLOCK {blockData=[blockId=conID: 3 locID: 102666070213198473 bcsId: 0,size=2097152]} | ret=SUCCESS |  
2019-08-23 11:31:49,280 [grpc-default-executor-4] INFO  client.GrpcClientProtocolClient (GrpcClientProtocolClient.java:onNext(255)) - client-C9E345EC67ED->244f13ac-34be-4c4e-8e45-0c0272edbbb2: receive RaftClientReply:client-C9E345EC67ED->244f13ac-34be-4c4e-8e45-0c0272edbbb2@group-FE77C852EF02, cid=3053, SUCCESS, logIndex=4563, commits[244f13ac-34be-4c4e-8e45-0c0272edbbb2:c4565, 6287e41a-5356-4f55-84f2-270816d53e84:c4561, a2c18d3d-e79d-47c9-88fe-d8a1d195302b:c4561]
2019-08-23 11:31:49,280 [grpc-default-executor-4] INFO  client.GrpcClientProtocolClient (GrpcClientProtocolClient.java:onNext(255)) - client-C9E345EC67ED->244f13ac-34be-4c4e-8e45-0c0272edbbb2: receive RaftClientReply:client-C9E345EC67ED->244f13ac-34be-4c4e-8e45-0c0272edbbb2@group-FE77C852EF02, cid=3054, SUCCESS, logIndex=4564, commits[244f13ac-34be-4c4e-8e45-0c0272edbbb2:c4565, 6287e41a-5356-4f55-84f2-270816d53e84:c4561, a2c18d3d-e79d-47c9-88fe-d8a1d195302b:c4561]
2019-08-23 11:31:49,280 [grpc-default-executor-4] INFO  client.GrpcClientProtocolClient (GrpcClientProtocolClient.java:onNext(255)) - client-C9E345EC67ED->244f13ac-34be-4c4e-8e45-0c0272edbbb2: receive RaftClientReply:client-C9E345EC67ED->244f13ac-34be-4c4e-8e45-0c0272edbbb2@group-FE77C852EF02, cid=3055, SUCCESS, logIndex=4565, commits[244f13ac-34be-4c4e-8e45-0c0272edbbb2:c4566, 6287e41a-5356-4f55-84f2-270816d53e84:c4562, a2c18d3d-e79d-47c9-88fe-d8a1d195302b:c4562]
2019-08-23 11:31:49,281 | INFO  | DNAudit | user=null | ip=null | op=PUT_BLOCK {blockData=[blockId=conID: 3 locID: 102666070213198473 bcsId: 0,size=1048576]} | ret=SUCCESS |  
2019-08-23 11:31:49,281 | INFO  | DNAudit | user=null | ip=null | op=PUT_BLOCK {blockData=[blockId=conID: 3 locID: 102666070213198473 bcsId: 0,size=1048576]} | ret=SUCCESS |  
2019-08-23 11:31:49,281 | INFO  | DNAudit | user=null | ip=null | op=WRITE_CHUNK {blockData=conID: 3 locID: 102666070213198473 bcsId: 0} | ret=SUCCESS |  
2019-08-23 11:31:49,281 | INFO  | DNAudit | user=null | ip=null | op=WRITE_CHUNK {blockData=conID: 3 locID: 102666070213198473 bcsId: 0} | ret=SUCCESS |  
2019-08-23 11:31:49,281 | INFO  | DNAudit | user=null | ip=null | op=PUT_BLOCK {blockData=[blockId=conID: 3 locID: 102666070213198473 bcsId: 0,size=2097152]} | ret=SUCCESS |  
2019-08-23 11:31:49,281 | INFO  | DNAudit | user=null | ip=null | op=PUT_BLOCK {blockData=[blockId=conID: 3 locID: 102666070213198473 bcsId: 0,size=2097152]} | ret=SUCCESS |  
2019-08-23 11:31:49,282 [grpc-default-executor-0] INFO  client.GrpcClientProtocolClient (GrpcClientProtocolClient.java:onNext(255)) - client-C9E345EC67ED->244f13ac-34be-4c4e-8e45-0c0272edbbb2: receive RaftClientReply:client-C9E345EC67ED->244f13ac-34be-4c4e-8e45-0c0272edbbb2@group-FE77C852EF02, cid=3056, SUCCESS, logIndex=0, commits[244f13ac-34be-4c4e-8e45-0c0272edbbb2:c4566, 6287e41a-5356-4f55-84f2-270816d53e84:c4563, a2c18d3d-e79d-47c9-88fe-d8a1d195302b:c4563]
2019-08-23 11:31:49,287 | INFO  | DNAudit | user=null | ip=null | op=WRITE_CHUNK {blockData=conID: 3 locID: 102666070213198473 bcsId: 4565} | ret=SUCCESS |  
2019-08-23 11:31:49,289 | INFO  | DNAudit | user=null | ip=null | op=WRITE_CHUNK {blockData=conID: 3 locID: 102666070213198473 bcsId: 4565} | ret=SUCCESS |  
2019-08-23 11:31:49,289 | INFO  | DNAudit | user=null | ip=null | op=WRITE_CHUNK {blockData=conID: 3 locID: 102666070213198473 bcsId: 4565} | ret=SUCCESS |  
2019-08-23 11:31:49,302 | INFO  | DNAudit | user=null | ip=null | op=WRITE_CHUNK {blockData=conID: 3 locID: 102666070213198473 bcsId: 4565} | ret=SUCCESS |  
2019-08-23 11:31:49,302 | INFO  | DNAudit | user=null | ip=null | op=PUT_BLOCK {blockData=[blockId=conID: 3 locID: 102666070213198473 bcsId: 0,size=3145728]} | ret=SUCCESS |  
2019-08-23 11:31:49,302 [grpc-default-executor-4] INFO  client.GrpcClientProtocolClient (GrpcClientProtocolClient.java:onNext(255)) - client-C9E345EC67ED->244f13ac-34be-4c4e-8e45-0c0272edbbb2: receive RaftClientReply:client-C9E345EC67ED->244f13ac-34be-4c4e-8e45-0c0272edbbb2@group-FE77C852EF02, cid=3057, SUCCESS, logIndex=4570, commits[244f13ac-34be-4c4e-8e45-0c0272edbbb2:c4571, 6287e41a-5356-4f55-84f2-270816d53e84:c4569, a2c18d3d-e79d-47c9-88fe-d8a1d195302b:c4569]
2019-08-23 11:31:49,303 [grpc-default-executor-4] INFO  client.GrpcClientProtocolClient (GrpcClientProtocolClient.java:onNext(255)) - client-C9E345EC67ED->244f13ac-34be-4c4e-8e45-0c0272edbbb2: receive RaftClientReply:client-C9E345EC67ED->244f13ac-34be-4c4e-8e45-0c0272edbbb2@group-FE77C852EF02, cid=3058, SUCCESS, logIndex=4571, commits[244f13ac-34be-4c4e-8e45-0c0272edbbb2:c4571, 6287e41a-5356-4f55-84f2-270816d53e84:c4569, a2c18d3d-e79d-47c9-88fe-d8a1d195302b:c4569]
2019-08-23 11:31:49,308 | INFO  | DNAudit | user=null | ip=null | op=WRITE_CHUNK {blockData=conID: 3 locID: 102666070213198473 bcsId: 4571} | ret=SUCCESS |  
2019-08-23 11:31:49,309 | INFO  | DNAudit | user=null | ip=null | op=WRITE_CHUNK {blockData=conID: 3 locID: 102666070213198473 bcsId: 4571} | ret=SUCCESS |  
2019-08-23 11:31:49,310 | INFO  | DNAudit | user=null | ip=null | op=WRITE_CHUNK {blockData=conID: 3 locID: 102666070213198473 bcsId: 4571} | ret=SUCCESS |  
2019-08-23 11:31:49,313 | INFO  | DNAudit | user=null | ip=null | op=WRITE_CHUNK {blockData=conID: 3 locID: 102666070213198473 bcsId: 4565} | ret=SUCCESS |  
2019-08-23 11:31:49,313 | INFO  | DNAudit | user=null | ip=null | op=WRITE_CHUNK {blockData=conID: 3 locID: 102666070213198473 bcsId: 4565} | ret=SUCCESS |  
2019-08-23 11:31:49,314 | INFO  | DNAudit | user=null | ip=null | op=PUT_BLOCK {blockData=[blockId=conID: 3 locID: 102666070213198473 bcsId: 0,size=3145728]} | ret=SUCCESS |  
2019-08-23 11:31:49,314 | INFO  | DNAudit | user=null | ip=null | op=PUT_BLOCK {blockData=[blockId=conID: 3 locID: 102666070213198473 bcsId: 0,size=3145728]} | ret=SUCCESS |  
2019-08-23 11:31:49,315 | INFO  | DNAudit | user=null | ip=null | op=WRITE_CHUNK {blockData=conID: 3 locID: 102666070213198473 bcsId: 4571} | ret=SUCCESS |  
2019-08-23 11:31:49,315 | INFO  | DNAudit | user=null | ip=null | op=PUT_BLOCK {blockData=[blockId=conID: 3 locID: 102666070213198473 bcsId: 0,size=4194304]} | ret=SUCCESS |  
2019-08-23 11:31:49,315 [grpc-default-executor-4] INFO  client.GrpcClientProtocolClient (GrpcClientProtocolClient.java:onNext(255)) - client-C9E345EC67ED->244f13ac-34be-4c4e-8e45-0c0272edbbb2: receive RaftClientReply:client-C9E345EC67ED->244f13ac-34be-4c4e-8e45-0c0272edbbb2@group-FE77C852EF02, cid=3059, SUCCESS, logIndex=4574, commits[244f13ac-34be-4c4e-8e45-0c0272edbbb2:c4575, 6287e41a-5356-4f55-84f2-270816d53e84:c4571, a2c18d3d-e79d-47c9-88fe-d8a1d195302b:c4571]
2019-08-23 11:31:49,315 [grpc-default-executor-4] INFO  client.GrpcClientProtocolClient (GrpcClientProtocolClient.java:onNext(255)) - client-C9E345EC67ED->244f13ac-34be-4c4e-8e45-0c0272edbbb2: receive RaftClientReply:client-C9E345EC67ED->244f13ac-34be-4c4e-8e45-0c0272edbbb2@group-FE77C852EF02, cid=3060, SUCCESS, logIndex=4575, commits[244f13ac-34be-4c4e-8e45-0c0272edbbb2:c4575, 6287e41a-5356-4f55-84f2-270816d53e84:c4571, a2c18d3d-e79d-47c9-88fe-d8a1d195302b:c4571]
2019-08-23 11:31:49,326 | INFO  | DNAudit | user=null | ip=null | op=WRITE_CHUNK {blockData=conID: 3 locID: 102666070213198473 bcsId: 4571} | ret=SUCCESS |  
2019-08-23 11:31:49,326 | INFO  | DNAudit | user=null | ip=null | op=WRITE_CHUNK {blockData=conID: 3 locID: 102666070213198473 bcsId: 4571} | ret=SUCCESS |  
2019-08-23 11:31:49,328 | INFO  | DNAudit | user=null | ip=null | op=PUT_BLOCK {blockData=[blockId=conID: 3 locID: 102666070213198473 bcsId: 0,size=4194304]} | ret=SUCCESS |  
2019-08-23 11:31:49,328 | INFO  | DNAudit | user=null | ip=null | op=PUT_BLOCK {blockData=[blockId=conID: 3 locID: 102666070213198473 bcsId: 0,size=4194304]} | ret=SUCCESS |  
2019-08-23 11:31:49,328 [grpc-default-executor-1] INFO  client.GrpcClientProtocolClient (GrpcClientProtocolClient.java:onNext(255)) - client-C9E345EC67ED->244f13ac-34be-4c4e-8e45-0c0272edbbb2: receive RaftClientReply:client-C9E345EC67ED->244f13ac-34be-4c4e-8e45-0c0272edbbb2@group-FE77C852EF02, cid=3061, SUCCESS, logIndex=0, commits[244f13ac-34be-4c4e-8e45-0c0272edbbb2:c4577, 6287e41a-5356-4f55-84f2-270816d53e84:c4575, a2c18d3d-e79d-47c9-88fe-d8a1d195302b:c4575]
2019-08-23 11:31:49,333 | INFO  | SCMAudit | user=jenkins1000 | ip=192.168.5.185 | op=ALLOCATE_BLOCK {owner=00a23185-76ea-47b5-a641-ad3cfbe5521a, size=4194304, type=RATIS, factor=THREE} | ret=SUCCESS |  
2019-08-23 11:31:49,336 | INFO  | OMAudit | user=jenkins1000 | ip=127.0.0.1 | op=ALLOCATE_BLOCK {volume=vol-0-37508, bucket=bucket-0-50919, key=key-0-57313, dataSize=0, replicationType=null, replicationFactor=null, keyLocationInfo=null, clientID=102666068570931602} | ret=SUCCESS |  
2019-08-23 11:31:49,341 | INFO  | DNAudit | user=null | ip=null | op=WRITE_CHUNK {blockData=conID: 1 locID: 102666070217982602 bcsId: 0} | ret=SUCCESS |  
2019-08-23 11:31:49,343 | INFO  | DNAudit | user=null | ip=null | op=WRITE_CHUNK {blockData=conID: 1 locID: 102666070217982602 bcsId: 0} | ret=SUCCESS |  
2019-08-23 11:31:49,343 | INFO  | DNAudit | user=null | ip=null | op=WRITE_CHUNK {blockData=conID: 1 locID: 102666070217982602 bcsId: 0} | ret=SUCCESS |  
2019-08-23 11:31:49,344 | INFO  | DNAudit | user=null | ip=null | op=WRITE_CHUNK {blockData=conID: 1 locID: 102666070217982602 bcsId: 0} | ret=SUCCESS |  
2019-08-23 11:31:49,344 | INFO  | DNAudit | user=null | ip=null | op=WRITE_CHUNK {blockData=conID: 1 locID: 102666070217982602 bcsId: 0} | ret=SUCCESS |  
2019-08-23 11:31:49,344 | INFO  | DNAudit | user=null | ip=null | op=WRITE_CHUNK {blockData=conID: 1 locID: 102666070217982602 bcsId: 0} | ret=SUCCESS |  
2019-08-23 11:31:49,347 | INFO  | DNAudit | user=null | ip=null | op=WRITE_CHUNK {blockData=conID: 1 locID: 102666070217982602 bcsId: 0} | ret=SUCCESS |  
2019-08-23 11:31:49,348 | INFO  | DNAudit | user=null | ip=null | op=PUT_BLOCK {blockData=[blockId=conID: 1 locID: 102666070217982602 bcsId: 0,size=1048576]} | ret=SUCCESS |  
2019-08-23 11:31:49,348 | INFO  | DNAudit | user=null | ip=null | op=WRITE_CHUNK {blockData=conID: 1 locID: 102666070217982602 bcsId: 0} | ret=SUCCESS |  
2019-08-23 11:31:49,348 [grpc-default-executor-4] INFO  client.GrpcClientProtocolClient (GrpcClientProtocolClient.java:onNext(255)) - client-C9E345EC67ED->244f13ac-34be-4c4e-8e45-0c0272edbbb2: receive RaftClientReply:client-C9E345EC67ED->244f13ac-34be-4c4e-8e45-0c0272edbbb2@group-FE77C852EF02, cid=3062, SUCCESS, logIndex=4578, commits[244f13ac-34be-4c4e-8e45-0c0272edbbb2:c4578, 6287e41a-5356-4f55-84f2-270816d53e84:c4577, a2c18d3d-e79d-47c9-88fe-d8a1d195302b:c4577]
2019-08-23 11:31:49,348 | INFO  | DNAudit | user=null | ip=null | op=PUT_BLOCK {blockData=[blockId=conID: 1 locID: 102666070217982602 bcsId: 0,size=2097152]} | ret=SUCCESS |  
2019-08-23 11:31:49,348 [grpc-default-executor-4] INFO  client.GrpcClientProtocolClient (GrpcClientProtocolClient.java:onNext(255)) - client-C9E345EC67ED->244f13ac-34be-4c4e-8e45-0c0272edbbb2: receive RaftClientReply:client-C9E345EC67ED->244f13ac-34be-4c4e-8e45-0c0272edbbb2@group-FE77C852EF02, cid=3063, SUCCESS, logIndex=4579, commits[244f13ac-34be-4c4e-8e45-0c0272edbbb2:c4581, 6287e41a-5356-4f55-84f2-270816d53e84:c4577, a2c18d3d-e79d-47c9-88fe-d8a1d195302b:c4577]
2019-08-23 11:31:49,348 | INFO  | DNAudit | user=null | ip=null | op=WRITE_CHUNK {blockData=conID: 1 locID: 102666070217982602 bcsId: 0} | ret=SUCCESS |  
2019-08-23 11:31:49,349 | INFO  | DNAudit | user=null | ip=null | op=WRITE_CHUNK {blockData=conID: 1 locID: 102666070217982602 bcsId: 0} | ret=SUCCESS |  
2019-08-23 11:31:49,349 [grpc-default-executor-4] INFO  client.GrpcClientProtocolClient (GrpcClientProtocolClient.java:onNext(255)) - client-C9E345EC67ED->244f13ac-34be-4c4e-8e45-0c0272edbbb2: receive RaftClientReply:client-C9E345EC67ED->244f13ac-34be-4c4e-8e45-0c0272edbbb2@group-FE77C852EF02, cid=3064, SUCCESS, logIndex=4580, commits[244f13ac-34be-4c4e-8e45-0c0272edbbb2:c4581, 6287e41a-5356-4f55-84f2-270816d53e84:c4577, a2c18d3d-e79d-47c9-88fe-d8a1d195302b:c4577]
2019-08-23 11:31:49,349 [grpc-default-executor-4] INFO  client.GrpcClientProtocolClient (GrpcClientProtocolClient.java:onNext(255)) - client-C9E345EC67ED->244f13ac-34be-4c4e-8e45-0c0272edbbb2: receive RaftClientReply:client-C9E345EC67ED->244f13ac-34be-4c4e-8e45-0c0272edbbb2@group-FE77C852EF02, cid=3065, SUCCESS, logIndex=4581, commits[244f13ac-34be-4c4e-8e45-0c0272edbbb2:c4581, 6287e41a-5356-4f55-84f2-270816d53e84:c4577, a2c18d3d-e79d-47c9-88fe-d8a1d195302b:c4577]
2019-08-23 11:31:49,349 | INFO  | DNAudit | user=null | ip=null | op=PUT_BLOCK {blockData=[blockId=conID: 1 locID: 102666070217982602 bcsId: 0,size=1048576]} | ret=SUCCESS |  
2019-08-23 11:31:49,349 | INFO  | DNAudit | user=null | ip=null | op=WRITE_CHUNK {blockData=conID: 1 locID: 102666070217982602 bcsId: 0} | ret=SUCCESS |  
2019-08-23 11:31:49,349 | INFO  | DNAudit | user=null | ip=null | op=PUT_BLOCK {blockData=[blockId=conID: 1 locID: 102666070217982602 bcsId: 0,size=2097152]} | ret=SUCCESS |  
2019-08-23 11:31:49,350 | INFO  | DNAudit | user=null | ip=null | op=PUT_BLOCK {blockData=[blockId=conID: 1 locID: 102666070217982602 bcsId: 0,size=1048576]} | ret=SUCCESS |  
2019-08-23 11:31:49,350 | INFO  | DNAudit | user=null | ip=null | op=WRITE_CHUNK {blockData=conID: 1 locID: 102666070217982602 bcsId: 0} | ret=SUCCESS |  
2019-08-23 11:31:49,350 | INFO  | DNAudit | user=null | ip=null | op=PUT_BLOCK {blockData=[blockId=conID: 1 locID: 102666070217982602 bcsId: 0,size=2097152]} | ret=SUCCESS |  
2019-08-23 11:31:49,350 [grpc-default-executor-2] INFO  client.GrpcClientProtocolClient (GrpcClientProtocolClient.java:onNext(255)) - client-C9E345EC67ED->244f13ac-34be-4c4e-8e45-0c0272edbbb2: receive RaftClientReply:client-C9E345EC67ED->244f13ac-34be-4c4e-8e45-0c0272edbbb2@group-FE77C852EF02, cid=3066, SUCCESS, logIndex=0, commits[244f13ac-34be-4c4e-8e45-0c0272edbbb2:c4585, 6287e41a-5356-4f55-84f2-270816d53e84:c4581, a2c18d3d-e79d-47c9-88fe-d8a1d195302b:c4580]
2019-08-23 11:31:49,355 | INFO  | DNAudit | user=null | ip=null | op=WRITE_CHUNK {blockData=conID: 1 locID: 102666070217982602 bcsId: 4581} | ret=SUCCESS |  
2019-08-23 11:31:49,356 | INFO  | DNAudit | user=null | ip=null | op=WRITE_CHUNK {blockData=conID: 1 locID: 102666070217982602 bcsId: 4581} | ret=SUCCESS |  
2019-08-23 11:31:49,357 | INFO  | DNAudit | user=null | ip=null | op=WRITE_CHUNK {blockData=conID: 1 locID: 102666070217982602 bcsId: 4581} | ret=SUCCESS |  
2019-08-23 11:31:49,367 | INFO  | DNAudit | user=null | ip=null | op=WRITE_CHUNK {blockData=conID: 1 locID: 102666070217982602 bcsId: 4581} | ret=SUCCESS |  
2019-08-23 11:31:49,368 | INFO  | DNAudit | user=null | ip=null | op=PUT_BLOCK {blockData=[blockId=conID: 1 locID: 102666070217982602 bcsId: 0,size=3145728]} | ret=SUCCESS |  
2019-08-23 11:31:49,368 [grpc-default-executor-4] INFO  client.GrpcClientProtocolClient (GrpcClientProtocolClient.java:onNext(255)) - client-C9E345EC67ED->244f13ac-34be-4c4e-8e45-0c0272edbbb2: receive RaftClientReply:client-C9E345EC67ED->244f13ac-34be-4c4e-8e45-0c0272edbbb2@group-FE77C852EF02, cid=3067, SUCCESS, logIndex=4586, commits[244f13ac-34be-4c4e-8e45-0c0272edbbb2:c4587, 6287e41a-5356-4f55-84f2-270816d53e84:c4585, a2c18d3d-e79d-47c9-88fe-d8a1d195302b:c4585]
2019-08-23 11:31:49,368 [grpc-default-executor-4] INFO  client.GrpcClientProtocolClient (GrpcClientProtocolClient.java:onNext(255)) - client-C9E345EC67ED->244f13ac-34be-4c4e-8e45-0c0272edbbb2: receive RaftClientReply:client-C9E345EC67ED->244f13ac-34be-4c4e-8e45-0c0272edbbb2@group-FE77C852EF02, cid=3068, SUCCESS, logIndex=4587, commits[244f13ac-34be-4c4e-8e45-0c0272edbbb2:c4587, 6287e41a-5356-4f55-84f2-270816d53e84:c4585, a2c18d3d-e79d-47c9-88fe-d8a1d195302b:c4585]
2019-08-23 11:31:49,373 | INFO  | DNAudit | user=null | ip=null | op=WRITE_CHUNK {blockData=conID: 1 locID: 102666070217982602 bcsId: 4587} | ret=SUCCESS |  
2019-08-23 11:31:49,375 | INFO  | DNAudit | user=null | ip=null | op=WRITE_CHUNK {blockData=conID: 1 locID: 102666070217982602 bcsId: 4587} | ret=SUCCESS |  
2019-08-23 11:31:49,375 | INFO  | DNAudit | user=null | ip=null | op=WRITE_CHUNK {blockData=conID: 1 locID: 102666070217982602 bcsId: 4587} | ret=SUCCESS |  
2019-08-23 11:31:49,379 | INFO  | DNAudit | user=null | ip=null | op=WRITE_CHUNK {blockData=conID: 1 locID: 102666070217982602 bcsId: 4581} | ret=SUCCESS |  
2019-08-23 11:31:49,379 | INFO  | DNAudit | user=null | ip=null | op=WRITE_CHUNK {blockData=conID: 1 locID: 102666070217982602 bcsId: 4581} | ret=SUCCESS |  
2019-08-23 11:31:49,380 | INFO  | DNAudit | user=null | ip=null | op=PUT_BLOCK {blockData=[blockId=conID: 1 locID: 102666070217982602 bcsId: 0,size=3145728]} | ret=SUCCESS |  
2019-08-23 11:31:49,380 | INFO  | DNAudit | user=null | ip=null | op=PUT_BLOCK {blockData=[blockId=conID: 1 locID: 102666070217982602 bcsId: 0,size=3145728]} | ret=SUCCESS |  
2019-08-23 11:31:49,380 | INFO  | DNAudit | user=null | ip=null | op=WRITE_CHUNK {blockData=conID: 1 locID: 102666070217982602 bcsId: 4587} | ret=SUCCESS |  
2019-08-23 11:31:49,381 | INFO  | DNAudit | user=null | ip=null | op=PUT_BLOCK {blockData=[blockId=conID: 1 locID: 102666070217982602 bcsId: 0,size=4194304]} | ret=SUCCESS |  
2019-08-23 11:31:49,381 [grpc-default-executor-0] INFO  client.GrpcClientProtocolClient (GrpcClientProtocolClient.java:onNext(255)) - client-C9E345EC67ED->244f13ac-34be-4c4e-8e45-0c0272edbbb2: receive RaftClientReply:client-C9E345EC67ED->244f13ac-34be-4c4e-8e45-0c0272edbbb2@group-FE77C852EF02, cid=3069, SUCCESS, logIndex=4590, commits[244f13ac-34be-4c4e-8e45-0c0272edbbb2:c4591, 6287e41a-5356-4f55-84f2-270816d53e84:c4587, a2c18d3d-e79d-47c9-88fe-d8a1d195302b:c4587]
2019-08-23 11:31:49,381 [grpc-default-executor-0] INFO  client.GrpcClientProtocolClient (GrpcClientProtocolClient.java:onNext(255)) - client-C9E345EC67ED->244f13ac-34be-4c4e-8e45-0c0272edbbb2: receive RaftClientReply:client-C9E345EC67ED->244f13ac-34be-4c4e-8e45-0c0272edbbb2@group-FE77C852EF02, cid=3070, SUCCESS, logIndex=4591, commits[244f13ac-34be-4c4e-8e45-0c0272edbbb2:c4591, 6287e41a-5356-4f55-84f2-270816d53e84:c4587, a2c18d3d-e79d-47c9-88fe-d8a1d195302b:c4587]
2019-08-23 11:31:49,391 | INFO  | DNAudit | user=null | ip=null | op=WRITE_CHUNK {blockData=conID: 1 locID: 102666070217982602 bcsId: 4587} | ret=SUCCESS |  
2019-08-23 11:31:49,391 | INFO  | DNAudit | user=null | ip=null | op=WRITE_CHUNK {blockData=conID: 1 locID: 102666070217982602 bcsId: 4587} | ret=SUCCESS |  
2019-08-23 11:31:49,392 | INFO  | DNAudit | user=null | ip=null | op=PUT_BLOCK {blockData=[blockId=conID: 1 locID: 102666070217982602 bcsId: 0,size=4194304]} | ret=SUCCESS |  
2019-08-23 11:31:49,393 | INFO  | DNAudit | user=null | ip=null | op=PUT_BLOCK {blockData=[blockId=conID: 1 locID: 102666070217982602 bcsId: 0,size=4194304]} | ret=SUCCESS |  
2019-08-23 11:31:49,393 [grpc-default-executor-0] INFO  client.GrpcClientProtocolClient (GrpcClientProtocolClient.java:onNext(255)) - client-C9E345EC67ED->244f13ac-34be-4c4e-8e45-0c0272edbbb2: receive RaftClientReply:client-C9E345EC67ED->244f13ac-34be-4c4e-8e45-0c0272edbbb2@group-FE77C852EF02, cid=3071, SUCCESS, logIndex=0, commits[244f13ac-34be-4c4e-8e45-0c0272edbbb2:c4593, 6287e41a-5356-4f55-84f2-270816d53e84:c4591, a2c18d3d-e79d-47c9-88fe-d8a1d195302b:c4591]
2019-08-23 11:31:49,398 | INFO  | SCMAudit | user=jenkins1000 | ip=192.168.5.185 | op=ALLOCATE_BLOCK {owner=00a23185-76ea-47b5-a641-ad3cfbe5521a, size=4194304, type=RATIS, factor=THREE} | ret=SUCCESS |  
2019-08-23 11:31:49,401 | INFO  | OMAudit | user=jenkins1000 | ip=127.0.0.1 | op=ALLOCATE_BLOCK {volume=vol-0-37508, bucket=bucket-0-50919, key=key-0-57313, dataSize=0, replicationType=null, replicationFactor=null, keyLocationInfo=null, clientID=102666068570931602} | ret=SUCCESS |  
2019-08-23 11:31:49,405 | INFO  | DNAudit | user=null | ip=null | op=WRITE_CHUNK {blockData=conID: 2 locID: 102666070222307979 bcsId: 0} | ret=SUCCESS |  
2019-08-23 11:31:49,407 | INFO  | DNAudit | user=null | ip=null | op=WRITE_CHUNK {blockData=conID: 2 locID: 102666070222307979 bcsId: 0} | ret=SUCCESS |  
2019-08-23 11:31:49,407 | INFO  | DNAudit | user=null | ip=null | op=WRITE_CHUNK {blockData=conID: 2 locID: 102666070222307979 bcsId: 0} | ret=SUCCESS |  
2019-08-23 11:31:49,408 | INFO  | DNAudit | user=null | ip=null | op=WRITE_CHUNK {blockData=conID: 2 locID: 102666070222307979 bcsId: 0} | ret=SUCCESS |  
2019-08-23 11:31:49,409 | INFO  | DNAudit | user=null | ip=null | op=WRITE_CHUNK {blockData=conID: 2 locID: 102666070222307979 bcsId: 0} | ret=SUCCESS |  
2019-08-23 11:31:49,410 | INFO  | DNAudit | user=null | ip=null | op=WRITE_CHUNK {blockData=conID: 2 locID: 102666070222307979 bcsId: 0} | ret=SUCCESS |  
2019-08-23 11:31:49,418 | INFO  | DNAudit | user=null | ip=null | op=WRITE_CHUNK {blockData=conID: 2 locID: 102666070222307979 bcsId: 0} | ret=SUCCESS |  
2019-08-23 11:31:49,418 | INFO  | DNAudit | user=null | ip=null | op=PUT_BLOCK {blockData=[blockId=conID: 2 locID: 102666070222307979 bcsId: 0,size=1048576]} | ret=SUCCESS |  
2019-08-23 11:31:49,418 [grpc-default-executor-0] INFO  client.GrpcClientProtocolClient (GrpcClientProtocolClient.java:onNext(255)) - client-C9E345EC67ED->244f13ac-34be-4c4e-8e45-0c0272edbbb2: receive RaftClientReply:client-C9E345EC67ED->244f13ac-34be-4c4e-8e45-0c0272edbbb2@group-FE77C852EF02, cid=3072, SUCCESS, logIndex=4594, commits[244f13ac-34be-4c4e-8e45-0c0272edbbb2:c4595, 6287e41a-5356-4f55-84f2-270816d53e84:c4593, a2c18d3d-e79d-47c9-88fe-d8a1d195302b:c4593]
2019-08-23 11:31:49,419 | INFO  | DNAudit | user=null | ip=null | op=WRITE_CHUNK {blockData=conID: 2 locID: 102666070222307979 bcsId: 0} | ret=SUCCESS |  
2019-08-23 11:31:49,419 [grpc-default-executor-0] INFO  client.GrpcClientProtocolClient (GrpcClientProtocolClient.java:onNext(255)) - client-C9E345EC67ED->244f13ac-34be-4c4e-8e45-0c0272edbbb2: receive RaftClientReply:client-C9E345EC67ED->244f13ac-34be-4c4e-8e45-0c0272edbbb2@group-FE77C852EF02, cid=3073, SUCCESS, logIndex=4595, commits[244f13ac-34be-4c4e-8e45-0c0272edbbb2:c4595, 6287e41a-5356-4f55-84f2-270816d53e84:c4593, a2c18d3d-e79d-47c9-88fe-d8a1d195302b:c4593]
2019-08-23 11:31:49,419 | INFO  | DNAudit | user=null | ip=null | op=PUT_BLOCK {blockData=[blockId=conID: 2 locID: 102666070222307979 bcsId: 0,size=2097152]} | ret=SUCCESS |  
2019-08-23 11:31:49,419 [grpc-default-executor-0] INFO  client.GrpcClientProtocolClient (GrpcClientProtocolClient.java:onNext(255)) - client-C9E345EC67ED->244f13ac-34be-4c4e-8e45-0c0272edbbb2: receive RaftClientReply:client-C9E345EC67ED->244f13ac-34be-4c4e-8e45-0c0272edbbb2@group-FE77C852EF02, cid=3074, SUCCESS, logIndex=4596, commits[244f13ac-34be-4c4e-8e45-0c0272edbbb2:c4597, 6287e41a-5356-4f55-84f2-270816d53e84:c4593, a2c18d3d-e79d-47c9-88fe-d8a1d195302b:c4593]
2019-08-23 11:31:49,419 [grpc-default-executor-0] INFO  client.GrpcClientProtocolClient (GrpcClientProtocolClient.java:onNext(255)) - client-C9E345EC67ED->244f13ac-34be-4c4e-8e45-0c0272edbbb2: receive RaftClientReply:client-C9E345EC67ED->244f13ac-34be-4c4e-8e45-0c0272edbbb2@group-FE77C852EF02, cid=3075, SUCCESS, logIndex=4597, commits[244f13ac-34be-4c4e-8e45-0c0272edbbb2:c4597, 6287e41a-5356-4f55-84f2-270816d53e84:c4593, a2c18d3d-e79d-47c9-88fe-d8a1d195302b:c4593]
2019-08-23 11:31:49,420 | INFO  | DNAudit | user=null | ip=null | op=WRITE_CHUNK {blockData=conID: 2 locID: 102666070222307979 bcsId: 0} | ret=SUCCESS |  
2019-08-23 11:31:49,420 | INFO  | DNAudit | user=null | ip=null | op=WRITE_CHUNK {blockData=conID: 2 locID: 102666070222307979 bcsId: 0} | ret=SUCCESS |  
2019-08-23 11:31:49,420 | INFO  | DNAudit | user=null | ip=null | op=PUT_BLOCK {blockData=[blockId=conID: 2 locID: 102666070222307979 bcsId: 0,size=1048576]} | ret=SUCCESS |  
2019-08-23 11:31:49,420 | INFO  | DNAudit | user=null | ip=null | op=PUT_BLOCK {blockData=[blockId=conID: 2 locID: 102666070222307979 bcsId: 0,size=1048576]} | ret=SUCCESS |  
2019-08-23 11:31:49,420 [grpc-default-executor-0] INFO  client.GrpcClientProtocolClient (GrpcClientProtocolClient.java:onNext(255)) - client-C9E345EC67ED->244f13ac-34be-4c4e-8e45-0c0272edbbb2: receive RaftClientReply:client-C9E345EC67ED->244f13ac-34be-4c4e-8e45-0c0272edbbb2@group-FE77C852EF02, cid=3076, SUCCESS, logIndex=0, commits[244f13ac-34be-4c4e-8e45-0c0272edbbb2:c4599, 6287e41a-5356-4f55-84f2-270816d53e84:c4595, a2c18d3d-e79d-47c9-88fe-d8a1d195302b:c4595]
2019-08-23 11:31:49,421 | INFO  | DNAudit | user=null | ip=null | op=WRITE_CHUNK {blockData=conID: 2 locID: 102666070222307979 bcsId: 0} | ret=SUCCESS |  
2019-08-23 11:31:49,421 | INFO  | DNAudit | user=null | ip=null | op=WRITE_CHUNK {blockData=conID: 2 locID: 102666070222307979 bcsId: 0} | ret=SUCCESS |  
2019-08-23 11:31:49,421 | INFO  | DNAudit | user=null | ip=null | op=PUT_BLOCK {blockData=[blockId=conID: 2 locID: 102666070222307979 bcsId: 0,size=2097152]} | ret=SUCCESS |  
2019-08-23 11:31:49,421 | INFO  | DNAudit | user=null | ip=null | op=PUT_BLOCK {blockData=[blockId=conID: 2 locID: 102666070222307979 bcsId: 0,size=2097152]} | ret=SUCCESS |  
2019-08-23 11:31:49,425 | INFO  | DNAudit | user=null | ip=null | op=WRITE_CHUNK {blockData=conID: 2 locID: 102666070222307979 bcsId: 4597} | ret=SUCCESS |  
2019-08-23 11:31:49,427 | INFO  | DNAudit | user=null | ip=null | op=WRITE_CHUNK {blockData=conID: 2 locID: 102666070222307979 bcsId: 4597} | ret=SUCCESS |  
2019-08-23 11:31:49,427 | INFO  | DNAudit | user=null | ip=null | op=WRITE_CHUNK {blockData=conID: 2 locID: 102666070222307979 bcsId: 4597} | ret=SUCCESS |  
2019-08-23 11:31:49,437 | INFO  | DNAudit | user=null | ip=null | op=WRITE_CHUNK {blockData=conID: 2 locID: 102666070222307979 bcsId: 4597} | ret=SUCCESS |  
2019-08-23 11:31:49,437 | INFO  | DNAudit | user=null | ip=null | op=PUT_BLOCK {blockData=[blockId=conID: 2 locID: 102666070222307979 bcsId: 0,size=3145728]} | ret=SUCCESS |  
2019-08-23 11:31:49,438 [grpc-default-executor-4] INFO  client.GrpcClientProtocolClient (GrpcClientProtocolClient.java:onNext(255)) - client-C9E345EC67ED->244f13ac-34be-4c4e-8e45-0c0272edbbb2: receive RaftClientReply:client-C9E345EC67ED->244f13ac-34be-4c4e-8e45-0c0272edbbb2@group-FE77C852EF02, cid=3077, SUCCESS, logIndex=4602, commits[244f13ac-34be-4c4e-8e45-0c0272edbbb2:c4603, 6287e41a-5356-4f55-84f2-270816d53e84:c4601, a2c18d3d-e79d-47c9-88fe-d8a1d195302b:c4601]
2019-08-23 11:31:49,438 [grpc-default-executor-4] INFO  client.GrpcClientProtocolClient (GrpcClientProtocolClient.java:onNext(255)) - client-C9E345EC67ED->244f13ac-34be-4c4e-8e45-0c0272edbbb2: receive RaftClientReply:client-C9E345EC67ED->244f13ac-34be-4c4e-8e45-0c0272edbbb2@group-FE77C852EF02, cid=3078, SUCCESS, logIndex=4603, commits[244f13ac-34be-4c4e-8e45-0c0272edbbb2:c4603, 6287e41a-5356-4f55-84f2-270816d53e84:c4601, a2c18d3d-e79d-47c9-88fe-d8a1d195302b:c4601]
2019-08-23 11:31:49,443 | INFO  | DNAudit | user=null | ip=null | op=WRITE_CHUNK {blockData=conID: 2 locID: 102666070222307979 bcsId: 4603} | ret=SUCCESS |  
2019-08-23 11:31:49,445 | INFO  | DNAudit | user=null | ip=null | op=WRITE_CHUNK {blockData=conID: 2 locID: 102666070222307979 bcsId: 4603} | ret=SUCCESS |  
2019-08-23 11:31:49,445 | INFO  | DNAudit | user=null | ip=null | op=WRITE_CHUNK {blockData=conID: 2 locID: 102666070222307979 bcsId: 4603} | ret=SUCCESS |  
2019-08-23 11:31:49,449 | INFO  | DNAudit | user=null | ip=null | op=WRITE_CHUNK {blockData=conID: 2 locID: 102666070222307979 bcsId: 4597} | ret=SUCCESS |  
2019-08-23 11:31:49,449 | INFO  | DNAudit | user=null | ip=null | op=WRITE_CHUNK {blockData=conID: 2 locID: 102666070222307979 bcsId: 4597} | ret=SUCCESS |  
2019-08-23 11:31:49,450 | INFO  | DNAudit | user=null | ip=null | op=PUT_BLOCK {blockData=[blockId=conID: 2 locID: 102666070222307979 bcsId: 0,size=3145728]} | ret=SUCCESS |  
2019-08-23 11:31:49,450 | INFO  | DNAudit | user=null | ip=null | op=PUT_BLOCK {blockData=[blockId=conID: 2 locID: 102666070222307979 bcsId: 0,size=3145728]} | ret=SUCCESS |  
2019-08-23 11:31:49,450 | INFO  | DNAudit | user=null | ip=null | op=WRITE_CHUNK {blockData=conID: 2 locID: 102666070222307979 bcsId: 4603} | ret=SUCCESS |  
2019-08-23 11:31:49,450 | INFO  | DNAudit | user=null | ip=null | op=PUT_BLOCK {blockData=[blockId=conID: 2 locID: 102666070222307979 bcsId: 0,size=4194304]} | ret=SUCCESS |  
2019-08-23 11:31:49,451 [grpc-default-executor-0] INFO  client.GrpcClientProtocolClient (GrpcClientProtocolClient.java:onNext(255)) - client-C9E345EC67ED->244f13ac-34be-4c4e-8e45-0c0272edbbb2: receive RaftClientReply:client-C9E345EC67ED->244f13ac-34be-4c4e-8e45-0c0272edbbb2@group-FE77C852EF02, cid=3079, SUCCESS, logIndex=4606, commits[244f13ac-34be-4c4e-8e45-0c0272edbbb2:c4607, 6287e41a-5356-4f55-84f2-270816d53e84:c4603, a2c18d3d-e79d-47c9-88fe-d8a1d195302b:c4603]
2019-08-23 11:31:49,451 [grpc-default-executor-0] INFO  client.GrpcClientProtocolClient (GrpcClientProtocolClient.java:onNext(255)) - client-C9E345EC67ED->244f13ac-34be-4c4e-8e45-0c0272edbbb2: receive RaftClientReply:client-C9E345EC67ED->244f13ac-34be-4c4e-8e45-0c0272edbbb2@group-FE77C852EF02, cid=3080, SUCCESS, logIndex=4607, commits[244f13ac-34be-4c4e-8e45-0c0272edbbb2:c4607, 6287e41a-5356-4f55-84f2-270816d53e84:c4603, a2c18d3d-e79d-47c9-88fe-d8a1d195302b:c4603]
2019-08-23 11:31:49,461 | INFO  | DNAudit | user=null | ip=null | op=WRITE_CHUNK {blockData=conID: 2 locID: 102666070222307979 bcsId: 4603} | ret=SUCCESS |  
2019-08-23 11:31:49,462 | INFO  | DNAudit | user=null | ip=null | op=WRITE_CHUNK {blockData=conID: 2 locID: 102666070222307979 bcsId: 4603} | ret=SUCCESS |  
2019-08-23 11:31:49,463 | INFO  | DNAudit | user=null | ip=null | op=PUT_BLOCK {blockData=[blockId=conID: 2 locID: 102666070222307979 bcsId: 0,size=4194304]} | ret=SUCCESS |  
2019-08-23 11:31:49,463 | INFO  | DNAudit | user=null | ip=null | op=PUT_BLOCK {blockData=[blockId=conID: 2 locID: 102666070222307979 bcsId: 0,size=4194304]} | ret=SUCCESS |  
2019-08-23 11:31:49,463 [grpc-default-executor-0] INFO  client.GrpcClientProtocolClient (GrpcClientProtocolClient.java:onNext(255)) - client-C9E345EC67ED->244f13ac-34be-4c4e-8e45-0c0272edbbb2: receive RaftClientReply:client-C9E345EC67ED->244f13ac-34be-4c4e-8e45-0c0272edbbb2@group-FE77C852EF02, cid=3081, SUCCESS, logIndex=0, commits[244f13ac-34be-4c4e-8e45-0c0272edbbb2:c4609, 6287e41a-5356-4f55-84f2-270816d53e84:c4607, a2c18d3d-e79d-47c9-88fe-d8a1d195302b:c4607]
2019-08-23 11:31:49,468 | INFO  | SCMAudit | user=jenkins1000 | ip=192.168.5.185 | op=ALLOCATE_BLOCK {owner=00a23185-76ea-47b5-a641-ad3cfbe5521a, size=4194304, type=RATIS, factor=THREE} | ret=SUCCESS |  
2019-08-23 11:31:49,471 | INFO  | OMAudit | user=jenkins1000 | ip=127.0.0.1 | op=ALLOCATE_BLOCK {volume=vol-0-37508, bucket=bucket-0-50919, key=key-0-57313, dataSize=0, replicationType=null, replicationFactor=null, keyLocationInfo=null, clientID=102666068570931602} | ret=SUCCESS |  
2019-08-23 11:31:49,475 | INFO  | DNAudit | user=null | ip=null | op=WRITE_CHUNK {blockData=conID: 3 locID: 102666070226829964 bcsId: 0} | ret=SUCCESS |  
2019-08-23 11:31:49,477 | INFO  | DNAudit | user=null | ip=null | op=WRITE_CHUNK {blockData=conID: 3 locID: 102666070226829964 bcsId: 0} | ret=SUCCESS |  
2019-08-23 11:31:49,477 | INFO  | DNAudit | user=null | ip=null | op=WRITE_CHUNK {blockData=conID: 3 locID: 102666070226829964 bcsId: 0} | ret=SUCCESS |  
2019-08-23 11:31:49,477 | INFO  | DNAudit | user=null | ip=null | op=WRITE_CHUNK {blockData=conID: 3 locID: 102666070226829964 bcsId: 0} | ret=SUCCESS |  
2019-08-23 11:31:49,479 | INFO  | DNAudit | user=null | ip=null | op=WRITE_CHUNK {blockData=conID: 3 locID: 102666070226829964 bcsId: 0} | ret=SUCCESS |  
2019-08-23 11:31:49,479 | INFO  | DNAudit | user=null | ip=null | op=WRITE_CHUNK {blockData=conID: 3 locID: 102666070226829964 bcsId: 0} | ret=SUCCESS |  
2019-08-23 11:31:49,488 | INFO  | DNAudit | user=null | ip=null | op=WRITE_CHUNK {blockData=conID: 3 locID: 102666070226829964 bcsId: 0} | ret=SUCCESS |  
2019-08-23 11:31:49,488 | INFO  | DNAudit | user=null | ip=null | op=PUT_BLOCK {blockData=[blockId=conID: 3 locID: 102666070226829964 bcsId: 0,size=1048576]} | ret=SUCCESS |  
2019-08-23 11:31:49,489 [grpc-default-executor-1] INFO  client.GrpcClientProtocolClient (GrpcClientProtocolClient.java:onNext(255)) - client-C9E345EC67ED->244f13ac-34be-4c4e-8e45-0c0272edbbb2: receive RaftClientReply:client-C9E345EC67ED->244f13ac-34be-4c4e-8e45-0c0272edbbb2@group-FE77C852EF02, cid=3082, SUCCESS, logIndex=4610, commits[244f13ac-34be-4c4e-8e45-0c0272edbbb2:c4611, 6287e41a-5356-4f55-84f2-270816d53e84:c4607, a2c18d3d-e79d-47c9-88fe-d8a1d195302b:c4609]
2019-08-23 11:31:49,489 | INFO  | DNAudit | user=null | ip=null | op=WRITE_CHUNK {blockData=conID: 3 locID: 102666070226829964 bcsId: 0} | ret=SUCCESS |  
2019-08-23 11:31:49,489 | INFO  | DNAudit | user=null | ip=null | op=PUT_BLOCK {blockData=[blockId=conID: 3 locID: 102666070226829964 bcsId: 0,size=2097152]} | ret=SUCCESS |  
2019-08-23 11:31:49,489 [grpc-default-executor-1] INFO  client.GrpcClientProtocolClient (GrpcClientProtocolClient.java:onNext(255)) - client-C9E345EC67ED->244f13ac-34be-4c4e-8e45-0c0272edbbb2: receive RaftClientReply:client-C9E345EC67ED->244f13ac-34be-4c4e-8e45-0c0272edbbb2@group-FE77C852EF02, cid=3083, SUCCESS, logIndex=4611, commits[244f13ac-34be-4c4e-8e45-0c0272edbbb2:c4611, 6287e41a-5356-4f55-84f2-270816d53e84:c4607, a2c18d3d-e79d-47c9-88fe-d8a1d195302b:c4609]
2019-08-23 11:31:49,489 [grpc-default-executor-1] INFO  client.GrpcClientProtocolClient (GrpcClientProtocolClient.java:onNext(255)) - client-C9E345EC67ED->244f13ac-34be-4c4e-8e45-0c0272edbbb2: receive RaftClientReply:client-C9E345EC67ED->244f13ac-34be-4c4e-8e45-0c0272edbbb2@group-FE77C852EF02, cid=3084, SUCCESS, logIndex=4612, commits[244f13ac-34be-4c4e-8e45-0c0272edbbb2:c4613, 6287e41a-5356-4f55-84f2-270816d53e84:c4607, a2c18d3d-e79d-47c9-88fe-d8a1d195302b:c4609]
2019-08-23 11:31:49,489 [grpc-default-executor-1] INFO  client.GrpcClientProtocolClient (GrpcClientProtocolClient.java:onNext(255)) - client-C9E345EC67ED->244f13ac-34be-4c4e-8e45-0c0272edbbb2: receive RaftClientReply:client-C9E345EC67ED->244f13ac-34be-4c4e-8e45-0c0272edbbb2@group-FE77C852EF02, cid=3085, SUCCESS, logIndex=4613, commits[244f13ac-34be-4c4e-8e45-0c0272edbbb2:c4613, 6287e41a-5356-4f55-84f2-270816d53e84:c4607, a2c18d3d-e79d-47c9-88fe-d8a1d195302b:c4609]
2019-08-23 11:31:49,490 | INFO  | DNAudit | user=null | ip=null | op=WRITE_CHUNK {blockData=conID: 3 locID: 102666070226829964 bcsId: 0} | ret=SUCCESS |  
2019-08-23 11:31:49,490 | INFO  | DNAudit | user=null | ip=null | op=WRITE_CHUNK {blockData=conID: 3 locID: 102666070226829964 bcsId: 0} | ret=SUCCESS |  
2019-08-23 11:31:49,490 | INFO  | DNAudit | user=null | ip=null | op=PUT_BLOCK {blockData=[blockId=conID: 3 locID: 102666070226829964 bcsId: 0,size=1048576]} | ret=SUCCESS |  
2019-08-23 11:31:49,490 | INFO  | DNAudit | user=null | ip=null | op=PUT_BLOCK {blockData=[blockId=conID: 3 locID: 102666070226829964 bcsId: 0,size=1048576]} | ret=SUCCESS |  
2019-08-23 11:31:49,491 | INFO  | DNAudit | user=null | ip=null | op=WRITE_CHUNK {blockData=conID: 3 locID: 102666070226829964 bcsId: 0} | ret=SUCCESS |  
2019-08-23 11:31:49,491 | INFO  | DNAudit | user=null | ip=null | op=WRITE_CHUNK {blockData=conID: 3 locID: 102666070226829964 bcsId: 0} | ret=SUCCESS |  
2019-08-23 11:31:49,491 | INFO  | DNAudit | user=null | ip=null | op=PUT_BLOCK {blockData=[blockId=conID: 3 locID: 102666070226829964 bcsId: 0,size=2097152]} | ret=SUCCESS |  
2019-08-23 11:31:49,491 | INFO  | DNAudit | user=null | ip=null | op=PUT_BLOCK {blockData=[blockId=conID: 3 locID: 102666070226829964 bcsId: 0,size=2097152]} | ret=SUCCESS |  
2019-08-23 11:31:49,499 [grpc-default-executor-2] INFO  client.GrpcClientProtocolClient (GrpcClientProtocolClient.java:onNext(255)) - client-C9E345EC67ED->244f13ac-34be-4c4e-8e45-0c0272edbbb2: receive RaftClientReply:client-C9E345EC67ED->244f13ac-34be-4c4e-8e45-0c0272edbbb2@group-FE77C852EF02, cid=3086, SUCCESS, logIndex=0, commits[244f13ac-34be-4c4e-8e45-0c0272edbbb2:c4617, 6287e41a-5356-4f55-84f2-270816d53e84:c4611, a2c18d3d-e79d-47c9-88fe-d8a1d195302b:c4613]
2019-08-23 11:31:49,504 | INFO  | DNAudit | user=null | ip=null | op=WRITE_CHUNK {blockData=conID: 3 locID: 102666070226829964 bcsId: 4613} | ret=SUCCESS |  
2019-08-23 11:31:49,505 | INFO  | DNAudit | user=null | ip=null | op=WRITE_CHUNK {blockData=conID: 3 locID: 102666070226829964 bcsId: 4613} | ret=SUCCESS |  
2019-08-23 11:31:49,505 | INFO  | DNAudit | user=null | ip=null | op=WRITE_CHUNK {blockData=conID: 3 locID: 102666070226829964 bcsId: 4613} | ret=SUCCESS |  
2019-08-23 11:31:49,516 | INFO  | DNAudit | user=null | ip=null | op=WRITE_CHUNK {blockData=conID: 3 locID: 102666070226829964 bcsId: 4613} | ret=SUCCESS |  
2019-08-23 11:31:49,516 | INFO  | DNAudit | user=null | ip=null | op=PUT_BLOCK {blockData=[blockId=conID: 3 locID: 102666070226829964 bcsId: 0,size=3145728]} | ret=SUCCESS |  
2019-08-23 11:31:49,516 [grpc-default-executor-4] INFO  client.GrpcClientProtocolClient (GrpcClientProtocolClient.java:onNext(255)) - client-C9E345EC67ED->244f13ac-34be-4c4e-8e45-0c0272edbbb2: receive RaftClientReply:client-C9E345EC67ED->244f13ac-34be-4c4e-8e45-0c0272edbbb2@group-FE77C852EF02, cid=3087, SUCCESS, logIndex=4618, commits[244f13ac-34be-4c4e-8e45-0c0272edbbb2:c4619, 6287e41a-5356-4f55-84f2-270816d53e84:c4617, a2c18d3d-e79d-47c9-88fe-d8a1d195302b:c4617]
2019-08-23 11:31:49,517 [grpc-default-executor-4] INFO  client.GrpcClientProtocolClient (GrpcClientProtocolClient.java:onNext(255)) - client-C9E345EC67ED->244f13ac-34be-4c4e-8e45-0c0272edbbb2: receive RaftClientReply:client-C9E345EC67ED->244f13ac-34be-4c4e-8e45-0c0272edbbb2@group-FE77C852EF02, cid=3088, SUCCESS, logIndex=4619, commits[244f13ac-34be-4c4e-8e45-0c0272edbbb2:c4619, 6287e41a-5356-4f55-84f2-270816d53e84:c4617, a2c18d3d-e79d-47c9-88fe-d8a1d195302b:c4617]
2019-08-23 11:31:49,521 | INFO  | DNAudit | user=null | ip=null | op=WRITE_CHUNK {blockData=conID: 3 locID: 102666070226829964 bcsId: 4619} | ret=SUCCESS |  
2019-08-23 11:31:49,523 | INFO  | DNAudit | user=null | ip=null | op=WRITE_CHUNK {blockData=conID: 3 locID: 102666070226829964 bcsId: 4619} | ret=SUCCESS |  
2019-08-23 11:31:49,523 | INFO  | DNAudit | user=null | ip=null | op=WRITE_CHUNK {blockData=conID: 3 locID: 102666070226829964 bcsId: 4619} | ret=SUCCESS |  
2019-08-23 11:31:49,527 | INFO  | DNAudit | user=null | ip=null | op=WRITE_CHUNK {blockData=conID: 3 locID: 102666070226829964 bcsId: 4613} | ret=SUCCESS |  
2019-08-23 11:31:49,527 | INFO  | DNAudit | user=null | ip=null | op=WRITE_CHUNK {blockData=conID: 3 locID: 102666070226829964 bcsId: 4613} | ret=SUCCESS |  
2019-08-23 11:31:49,527 | INFO  | DNAudit | user=null | ip=null | op=PUT_BLOCK {blockData=[blockId=conID: 3 locID: 102666070226829964 bcsId: 0,size=3145728]} | ret=SUCCESS |  
2019-08-23 11:31:49,527 | INFO  | DNAudit | user=null | ip=null | op=PUT_BLOCK {blockData=[blockId=conID: 3 locID: 102666070226829964 bcsId: 0,size=3145728]} | ret=SUCCESS |  
2019-08-23 11:31:49,529 | INFO  | DNAudit | user=null | ip=null | op=WRITE_CHUNK {blockData=conID: 3 locID: 102666070226829964 bcsId: 4619} | ret=SUCCESS |  
2019-08-23 11:31:49,529 | INFO  | DNAudit | user=null | ip=null | op=PUT_BLOCK {blockData=[blockId=conID: 3 locID: 102666070226829964 bcsId: 0,size=4194304]} | ret=SUCCESS |  
2019-08-23 11:31:49,529 [grpc-default-executor-1] INFO  client.GrpcClientProtocolClient (GrpcClientProtocolClient.java:onNext(255)) - client-C9E345EC67ED->244f13ac-34be-4c4e-8e45-0c0272edbbb2: receive RaftClientReply:client-C9E345EC67ED->244f13ac-34be-4c4e-8e45-0c0272edbbb2@group-FE77C852EF02, cid=3089, SUCCESS, logIndex=4622, commits[244f13ac-34be-4c4e-8e45-0c0272edbbb2:c4623, 6287e41a-5356-4f55-84f2-270816d53e84:c4619, a2c18d3d-e79d-47c9-88fe-d8a1d195302b:c4619]
2019-08-23 11:31:49,530 [grpc-default-executor-1] INFO  client.GrpcClientProtocolClient (GrpcClientProtocolClient.java:onNext(255)) - client-C9E345EC67ED->244f13ac-34be-4c4e-8e45-0c0272edbbb2: receive RaftClientReply:client-C9E345EC67ED->244f13ac-34be-4c4e-8e45-0c0272edbbb2@group-FE77C852EF02, cid=3090, SUCCESS, logIndex=4623, commits[244f13ac-34be-4c4e-8e45-0c0272edbbb2:c4623, 6287e41a-5356-4f55-84f2-270816d53e84:c4619, a2c18d3d-e79d-47c9-88fe-d8a1d195302b:c4619]
2019-08-23 11:31:49,530 | INFO  | DNAudit | user=null | ip=null | op=WRITE_CHUNK {blockData=conID: 3 locID: 102666070226829964 bcsId: 4619} | ret=SUCCESS |  
2019-08-23 11:31:49,531 | INFO  | DNAudit | user=null | ip=null | op=WRITE_CHUNK {blockData=conID: 3 locID: 102666070226829964 bcsId: 4619} | ret=SUCCESS |  
2019-08-23 11:31:49,531 | INFO  | DNAudit | user=null | ip=null | op=PUT_BLOCK {blockData=[blockId=conID: 3 locID: 102666070226829964 bcsId: 0,size=4194304]} | ret=SUCCESS |  
2019-08-23 11:31:49,531 | INFO  | DNAudit | user=null | ip=null | op=PUT_BLOCK {blockData=[blockId=conID: 3 locID: 102666070226829964 bcsId: 0,size=4194304]} | ret=SUCCESS |  
2019-08-23 11:31:49,531 [grpc-default-executor-1] INFO  client.GrpcClientProtocolClient (GrpcClientProtocolClient.java:onNext(255)) - client-C9E345EC67ED->244f13ac-34be-4c4e-8e45-0c0272edbbb2: receive RaftClientReply:client-C9E345EC67ED->244f13ac-34be-4c4e-8e45-0c0272edbbb2@group-FE77C852EF02, cid=3091, SUCCESS, logIndex=0, commits[244f13ac-34be-4c4e-8e45-0c0272edbbb2:c4624, 6287e41a-5356-4f55-84f2-270816d53e84:c4623, a2c18d3d-e79d-47c9-88fe-d8a1d195302b:c4623]
2019-08-23 11:31:49,537 | INFO  | SCMAudit | user=jenkins1000 | ip=192.168.5.185 | op=ALLOCATE_BLOCK {owner=00a23185-76ea-47b5-a641-ad3cfbe5521a, size=4194304, type=RATIS, factor=THREE} | ret=SUCCESS |  
2019-08-23 11:31:49,542 | INFO  | OMAudit | user=jenkins1000 | ip=127.0.0.1 | op=ALLOCATE_BLOCK {volume=vol-0-37508, bucket=bucket-0-50919, key=key-0-57313, dataSize=0, replicationType=null, replicationFactor=null, keyLocationInfo=null, clientID=102666068570931602} | ret=SUCCESS |  
2019-08-23 11:31:49,547 | INFO  | DNAudit | user=null | ip=null | op=WRITE_CHUNK {blockData=conID: 1 locID: 102666070231417485 bcsId: 0} | ret=SUCCESS |  
2019-08-23 11:31:49,549 | INFO  | DNAudit | user=null | ip=null | op=WRITE_CHUNK {blockData=conID: 1 locID: 102666070231417485 bcsId: 0} | ret=SUCCESS |  
2019-08-23 11:31:49,549 | INFO  | DNAudit | user=null | ip=null | op=WRITE_CHUNK {blockData=conID: 1 locID: 102666070231417485 bcsId: 0} | ret=SUCCESS |  
2019-08-23 11:31:49,550 | INFO  | DNAudit | user=null | ip=null | op=WRITE_CHUNK {blockData=conID: 1 locID: 102666070231417485 bcsId: 0} | ret=SUCCESS |  
2019-08-23 11:31:49,550 | INFO  | DNAudit | user=null | ip=null | op=WRITE_CHUNK {blockData=conID: 1 locID: 102666070231417485 bcsId: 0} | ret=SUCCESS |  
2019-08-23 11:31:49,551 | INFO  | DNAudit | user=null | ip=null | op=WRITE_CHUNK {blockData=conID: 1 locID: 102666070231417485 bcsId: 0} | ret=SUCCESS |  
2019-08-23 11:31:49,553 | INFO  | DNAudit | user=null | ip=null | op=WRITE_CHUNK {blockData=conID: 1 locID: 102666070231417485 bcsId: 0} | ret=SUCCESS |  
2019-08-23 11:31:49,553 | INFO  | DNAudit | user=null | ip=null | op=PUT_BLOCK {blockData=[blockId=conID: 1 locID: 102666070231417485 bcsId: 0,size=1048576]} | ret=SUCCESS |  
2019-08-23 11:31:49,553 | INFO  | DNAudit | user=null | ip=null | op=WRITE_CHUNK {blockData=conID: 1 locID: 102666070231417485 bcsId: 0} | ret=SUCCESS |  
2019-08-23 11:31:49,553 [grpc-default-executor-1] INFO  client.GrpcClientProtocolClient (GrpcClientProtocolClient.java:onNext(255)) - client-C9E345EC67ED->244f13ac-34be-4c4e-8e45-0c0272edbbb2: receive RaftClientReply:client-C9E345EC67ED->244f13ac-34be-4c4e-8e45-0c0272edbbb2@group-FE77C852EF02, cid=3092, SUCCESS, logIndex=4626, commits[244f13ac-34be-4c4e-8e45-0c0272edbbb2:c4627, 6287e41a-5356-4f55-84f2-270816d53e84:c4625, a2c18d3d-e79d-47c9-88fe-d8a1d195302b:c4625]
2019-08-23 11:31:49,554 | INFO  | DNAudit | user=null | ip=null | op=PUT_BLOCK {blockData=[blockId=conID: 1 locID: 102666070231417485 bcsId: 0,size=2097152]} | ret=SUCCESS |  
2019-08-23 11:31:49,554 [grpc-default-executor-1] INFO  client.GrpcClientProtocolClient (GrpcClientProtocolClient.java:onNext(255)) - client-C9E345EC67ED->244f13ac-34be-4c4e-8e45-0c0272edbbb2: receive RaftClientReply:client-C9E345EC67ED->244f13ac-34be-4c4e-8e45-0c0272edbbb2@group-FE77C852EF02, cid=3093, SUCCESS, logIndex=4627, commits[244f13ac-34be-4c4e-8e45-0c0272edbbb2:c4629, 6287e41a-5356-4f55-84f2-270816d53e84:c4625, a2c18d3d-e79d-47c9-88fe-d8a1d195302b:c4625]
2019-08-23 11:31:49,554 [grpc-default-executor-1] INFO  client.GrpcClientProtocolClient (GrpcClientProtocolClient.java:onNext(255)) - client-C9E345EC67ED->244f13ac-34be-4c4e-8e45-0c0272edbbb2: receive RaftClientReply:client-C9E345EC67ED->244f13ac-34be-4c4e-8e45-0c0272edbbb2@group-FE77C852EF02, cid=3094, SUCCESS, logIndex=4628, commits[244f13ac-34be-4c4e-8e45-0c0272edbbb2:c4629, 6287e41a-5356-4f55-84f2-270816d53e84:c4625, a2c18d3d-e79d-47c9-88fe-d8a1d195302b:c4625]
2019-08-23 11:31:49,554 [grpc-default-executor-1] INFO  client.GrpcClientProtocolClient (GrpcClientProtocolClient.java:onNext(255)) - client-C9E345EC67ED->244f13ac-34be-4c4e-8e45-0c0272edbbb2: receive RaftClientReply:client-C9E345EC67ED->244f13ac-34be-4c4e-8e45-0c0272edbbb2@group-FE77C852EF02, cid=3095, SUCCESS, logIndex=4629, commits[244f13ac-34be-4c4e-8e45-0c0272edbbb2:c4629, 6287e41a-5356-4f55-84f2-270816d53e84:c4625, a2c18d3d-e79d-47c9-88fe-d8a1d195302b:c4625]
2019-08-23 11:31:49,554 | INFO  | DNAudit | user=null | ip=null | op=WRITE_CHUNK {blockData=conID: 1 locID: 102666070231417485 bcsId: 0} | ret=SUCCESS |  
2019-08-23 11:31:49,555 | INFO  | DNAudit | user=null | ip=null | op=WRITE_CHUNK {blockData=conID: 1 locID: 102666070231417485 bcsId: 0} | ret=SUCCESS |  
2019-08-23 11:31:49,555 | INFO  | DNAudit | user=null | ip=null | op=PUT_BLOCK {blockData=[blockId=conID: 1 locID: 102666070231417485 bcsId: 0,size=1048576]} | ret=SUCCESS |  
2019-08-23 11:31:49,555 | INFO  | DNAudit | user=null | ip=null | op=WRITE_CHUNK {blockData=conID: 1 locID: 102666070231417485 bcsId: 0} | ret=SUCCESS |  
2019-08-23 11:31:49,555 | INFO  | DNAudit | user=null | ip=null | op=PUT_BLOCK {blockData=[blockId=conID: 1 locID: 102666070231417485 bcsId: 0,size=2097152]} | ret=SUCCESS |  
2019-08-23 11:31:49,556 | INFO  | DNAudit | user=null | ip=null | op=PUT_BLOCK {blockData=[blockId=conID: 1 locID: 102666070231417485 bcsId: 0,size=1048576]} | ret=SUCCESS |  
2019-08-23 11:31:49,556 | INFO  | DNAudit | user=null | ip=null | op=WRITE_CHUNK {blockData=conID: 1 locID: 102666070231417485 bcsId: 0} | ret=SUCCESS |  
2019-08-23 11:31:49,556 | INFO  | DNAudit | user=null | ip=null | op=PUT_BLOCK {blockData=[blockId=conID: 1 locID: 102666070231417485 bcsId: 0,size=2097152]} | ret=SUCCESS |  
2019-08-23 11:31:49,556 [grpc-default-executor-1] INFO  client.GrpcClientProtocolClient (GrpcClientProtocolClient.java:onNext(255)) - client-C9E345EC67ED->244f13ac-34be-4c4e-8e45-0c0272edbbb2: receive RaftClientReply:client-C9E345EC67ED->244f13ac-34be-4c4e-8e45-0c0272edbbb2@group-FE77C852EF02, cid=3096, SUCCESS, logIndex=0, commits[244f13ac-34be-4c4e-8e45-0c0272edbbb2:c4633, 6287e41a-5356-4f55-84f2-270816d53e84:c4627, a2c18d3d-e79d-47c9-88fe-d8a1d195302b:c4629]
2019-08-23 11:31:49,561 | INFO  | DNAudit | user=null | ip=null | op=WRITE_CHUNK {blockData=conID: 1 locID: 102666070231417485 bcsId: 4629} | ret=SUCCESS |  
2019-08-23 11:31:49,563 | INFO  | DNAudit | user=null | ip=null | op=WRITE_CHUNK {blockData=conID: 1 locID: 102666070231417485 bcsId: 4629} | ret=SUCCESS |  
2019-08-23 11:31:49,563 | INFO  | DNAudit | user=null | ip=null | op=WRITE_CHUNK {blockData=conID: 1 locID: 102666070231417485 bcsId: 4629} | ret=SUCCESS |  
2019-08-23 11:31:49,572 | INFO  | DNAudit | user=null | ip=null | op=WRITE_CHUNK {blockData=conID: 1 locID: 102666070231417485 bcsId: 4629} | ret=SUCCESS |  
2019-08-23 11:31:49,573 | INFO  | DNAudit | user=null | ip=null | op=PUT_BLOCK {blockData=[blockId=conID: 1 locID: 102666070231417485 bcsId: 0,size=3145728]} | ret=SUCCESS |  
2019-08-23 11:31:49,573 [grpc-default-executor-0] INFO  client.GrpcClientProtocolClient (GrpcClientProtocolClient.java:onNext(255)) - client-C9E345EC67ED->244f13ac-34be-4c4e-8e45-0c0272edbbb2: receive RaftClientReply:client-C9E345EC67ED->244f13ac-34be-4c4e-8e45-0c0272edbbb2@group-FE77C852EF02, cid=3097, SUCCESS, logIndex=4634, commits[244f13ac-34be-4c4e-8e45-0c0272edbbb2:c4635, 6287e41a-5356-4f55-84f2-270816d53e84:c4633, a2c18d3d-e79d-47c9-88fe-d8a1d195302b:c4633]
2019-08-23 11:31:49,573 [grpc-default-executor-0] INFO  client.GrpcClientProtocolClient (GrpcClientProtocolClient.java:onNext(255)) - client-C9E345EC67ED->244f13ac-34be-4c4e-8e45-0c0272edbbb2: receive RaftClientReply:client-C9E345EC67ED->244f13ac-34be-4c4e-8e45-0c0272edbbb2@group-FE77C852EF02, cid=3098, SUCCESS, logIndex=4635, commits[244f13ac-34be-4c4e-8e45-0c0272edbbb2:c4635, 6287e41a-5356-4f55-84f2-270816d53e84:c4633, a2c18d3d-e79d-47c9-88fe-d8a1d195302b:c4633]
2019-08-23 11:31:49,578 | INFO  | DNAudit | user=null | ip=null | op=WRITE_CHUNK {blockData=conID: 1 locID: 102666070231417485 bcsId: 4635} | ret=SUCCESS |  
2019-08-23 11:31:49,580 | INFO  | DNAudit | user=null | ip=null | op=WRITE_CHUNK {blockData=conID: 1 locID: 102666070231417485 bcsId: 4635} | ret=SUCCESS |  
2019-08-23 11:31:49,580 | INFO  | DNAudit | user=null | ip=null | op=WRITE_CHUNK {blockData=conID: 1 locID: 102666070231417485 bcsId: 4635} | ret=SUCCESS |  
2019-08-23 11:31:49,584 | INFO  | DNAudit | user=null | ip=null | op=WRITE_CHUNK {blockData=conID: 1 locID: 102666070231417485 bcsId: 4629} | ret=SUCCESS |  
2019-08-23 11:31:49,585 | INFO  | DNAudit | user=null | ip=null | op=WRITE_CHUNK {blockData=conID: 1 locID: 102666070231417485 bcsId: 4629} | ret=SUCCESS |  
2019-08-23 11:31:49,586 | INFO  | DNAudit | user=null | ip=null | op=PUT_BLOCK {blockData=[blockId=conID: 1 locID: 102666070231417485 bcsId: 0,size=3145728]} | ret=SUCCESS |  
2019-08-23 11:31:49,586 | INFO  | DNAudit | user=null | ip=null | op=PUT_BLOCK {blockData=[blockId=conID: 1 locID: 102666070231417485 bcsId: 0,size=3145728]} | ret=SUCCESS |  
2019-08-23 11:31:49,586 | INFO  | DNAudit | user=null | ip=null | op=WRITE_CHUNK {blockData=conID: 1 locID: 102666070231417485 bcsId: 4635} | ret=SUCCESS |  
2019-08-23 11:31:49,586 | INFO  | DNAudit | user=null | ip=null | op=PUT_BLOCK {blockData=[blockId=conID: 1 locID: 102666070231417485 bcsId: 0,size=4194304]} | ret=SUCCESS |  
2019-08-23 11:31:49,586 [grpc-default-executor-1] INFO  client.GrpcClientProtocolClient (GrpcClientProtocolClient.java:onNext(255)) - client-C9E345EC67ED->244f13ac-34be-4c4e-8e45-0c0272edbbb2: receive RaftClientReply:client-C9E345EC67ED->244f13ac-34be-4c4e-8e45-0c0272edbbb2@group-FE77C852EF02, cid=3099, SUCCESS, logIndex=4638, commits[244f13ac-34be-4c4e-8e45-0c0272edbbb2:c4639, 6287e41a-5356-4f55-84f2-270816d53e84:c4635, a2c18d3d-e79d-47c9-88fe-d8a1d195302b:c4635]
2019-08-23 11:31:49,587 [grpc-default-executor-1] INFO  client.GrpcClientProtocolClient (GrpcClientProtocolClient.java:onNext(255)) - client-C9E345EC67ED->244f13ac-34be-4c4e-8e45-0c0272edbbb2: receive RaftClientReply:client-C9E345EC67ED->244f13ac-34be-4c4e-8e45-0c0272edbbb2@group-FE77C852EF02, cid=3100, SUCCESS, logIndex=4639, commits[244f13ac-34be-4c4e-8e45-0c0272edbbb2:c4639, 6287e41a-5356-4f55-84f2-270816d53e84:c4635, a2c18d3d-e79d-47c9-88fe-d8a1d195302b:c4635]
2019-08-23 11:31:49,597 | INFO  | DNAudit | user=null | ip=null | op=WRITE_CHUNK {blockData=conID: 1 locID: 102666070231417485 bcsId: 4635} | ret=SUCCESS |  
2019-08-23 11:31:49,598 | INFO  | DNAudit | user=null | ip=null | op=WRITE_CHUNK {blockData=conID: 1 locID: 102666070231417485 bcsId: 4635} | ret=SUCCESS |  
2019-08-23 11:31:49,599 | INFO  | DNAudit | user=null | ip=null | op=PUT_BLOCK {blockData=[blockId=conID: 1 locID: 102666070231417485 bcsId: 0,size=4194304]} | ret=SUCCESS |  
2019-08-23 11:31:49,599 | INFO  | DNAudit | user=null | ip=null | op=PUT_BLOCK {blockData=[blockId=conID: 1 locID: 102666070231417485 bcsId: 0,size=4194304]} | ret=SUCCESS |  
2019-08-23 11:31:49,599 [grpc-default-executor-4] INFO  client.GrpcClientProtocolClient (GrpcClientProtocolClient.java:onNext(255)) - client-C9E345EC67ED->244f13ac-34be-4c4e-8e45-0c0272edbbb2: receive RaftClientReply:client-C9E345EC67ED->244f13ac-34be-4c4e-8e45-0c0272edbbb2@group-FE77C852EF02, cid=3101, SUCCESS, logIndex=0, commits[244f13ac-34be-4c4e-8e45-0c0272edbbb2:c4640, 6287e41a-5356-4f55-84f2-270816d53e84:c4639, a2c18d3d-e79d-47c9-88fe-d8a1d195302b:c4639]
2019-08-23 11:31:49,604 | INFO  | SCMAudit | user=jenkins1000 | ip=192.168.5.185 | op=ALLOCATE_BLOCK {owner=00a23185-76ea-47b5-a641-ad3cfbe5521a, size=4194304, type=RATIS, factor=THREE} | ret=SUCCESS |  
2019-08-23 11:31:49,607 | INFO  | OMAudit | user=jenkins1000 | ip=127.0.0.1 | op=ALLOCATE_BLOCK {volume=vol-0-37508, bucket=bucket-0-50919, key=key-0-57313, dataSize=0, replicationType=null, replicationFactor=null, keyLocationInfo=null, clientID=102666068570931602} | ret=SUCCESS |  
2019-08-23 11:31:49,613 | INFO  | DNAudit | user=null | ip=null | op=WRITE_CHUNK {blockData=conID: 2 locID: 102666070235808398 bcsId: 0} | ret=SUCCESS |  
2019-08-23 11:31:49,615 | INFO  | DNAudit | user=null | ip=null | op=WRITE_CHUNK {blockData=conID: 2 locID: 102666070235808398 bcsId: 0} | ret=SUCCESS |  
2019-08-23 11:31:49,616 | INFO  | DNAudit | user=null | ip=null | op=WRITE_CHUNK {blockData=conID: 2 locID: 102666070235808398 bcsId: 0} | ret=SUCCESS |  
2019-08-23 11:31:49,616 | INFO  | DNAudit | user=null | ip=null | op=WRITE_CHUNK {blockData=conID: 2 locID: 102666070235808398 bcsId: 0} | ret=SUCCESS |  
2019-08-23 11:31:49,617 | INFO  | DNAudit | user=null | ip=null | op=WRITE_CHUNK {blockData=conID: 2 locID: 102666070235808398 bcsId: 0} | ret=SUCCESS |  
2019-08-23 11:31:49,618 | INFO  | DNAudit | user=null | ip=null | op=WRITE_CHUNK {blockData=conID: 2 locID: 102666070235808398 bcsId: 0} | ret=SUCCESS |  
2019-08-23 11:31:49,625 | INFO  | DNAudit | user=null | ip=null | op=WRITE_CHUNK {blockData=conID: 2 locID: 102666070235808398 bcsId: 0} | ret=SUCCESS |  
2019-08-23 11:31:49,625 | INFO  | DNAudit | user=null | ip=null | op=PUT_BLOCK {blockData=[blockId=conID: 2 locID: 102666070235808398 bcsId: 0,size=1048576]} | ret=SUCCESS |  
2019-08-23 11:31:49,626 [grpc-default-executor-4] INFO  client.GrpcClientProtocolClient (GrpcClientProtocolClient.java:onNext(255)) - client-C9E345EC67ED->244f13ac-34be-4c4e-8e45-0c0272edbbb2: receive RaftClientReply:client-C9E345EC67ED->244f13ac-34be-4c4e-8e45-0c0272edbbb2@group-FE77C852EF02, cid=3102, SUCCESS, logIndex=4642, commits[244f13ac-34be-4c4e-8e45-0c0272edbbb2:c4643, 6287e41a-5356-4f55-84f2-270816d53e84:c4641, a2c18d3d-e79d-47c9-88fe-d8a1d195302b:c4641]
2019-08-23 11:31:49,626 [grpc-default-executor-4] INFO  client.GrpcClientProtocolClient (GrpcClientProtocolClient.java:onNext(255)) - client-C9E345EC67ED->244f13ac-34be-4c4e-8e45-0c0272edbbb2: receive RaftClientReply:client-C9E345EC67ED->244f13ac-34be-4c4e-8e45-0c0272edbbb2@group-FE77C852EF02, cid=3103, SUCCESS, logIndex=4643, commits[244f13ac-34be-4c4e-8e45-0c0272edbbb2:c4643, 6287e41a-5356-4f55-84f2-270816d53e84:c4641, a2c18d3d-e79d-47c9-88fe-d8a1d195302b:c4641]
2019-08-23 11:31:49,626 | INFO  | DNAudit | user=null | ip=null | op=WRITE_CHUNK {blockData=conID: 2 locID: 102666070235808398 bcsId: 0} | ret=SUCCESS |  
2019-08-23 11:31:49,626 | INFO  | DNAudit | user=null | ip=null | op=PUT_BLOCK {blockData=[blockId=conID: 2 locID: 102666070235808398 bcsId: 0,size=2097152]} | ret=SUCCESS |  
2019-08-23 11:31:49,626 [grpc-default-executor-4] INFO  client.GrpcClientProtocolClient (GrpcClientProtocolClient.java:onNext(255)) - client-C9E345EC67ED->244f13ac-34be-4c4e-8e45-0c0272edbbb2: receive RaftClientReply:client-C9E345EC67ED->244f13ac-34be-4c4e-8e45-0c0272edbbb2@group-FE77C852EF02, cid=3104, SUCCESS, logIndex=4644, commits[244f13ac-34be-4c4e-8e45-0c0272edbbb2:c4645, 6287e41a-5356-4f55-84f2-270816d53e84:c4641, a2c18d3d-e79d-47c9-88fe-d8a1d195302b:c4641]
2019-08-23 11:31:49,627 [grpc-default-executor-0] INFO  client.GrpcClientProtocolClient (GrpcClientProtocolClient.java:onNext(255)) - client-C9E345EC67ED->244f13ac-34be-4c4e-8e45-0c0272edbbb2: receive RaftClientReply:client-C9E345EC67ED->244f13ac-34be-4c4e-8e45-0c0272edbbb2@group-FE77C852EF02, cid=3105, SUCCESS, logIndex=4645, commits[244f13ac-34be-4c4e-8e45-0c0272edbbb2:c4645, 6287e41a-5356-4f55-84f2-270816d53e84:c4641, a2c18d3d-e79d-47c9-88fe-d8a1d195302b:c4641]
2019-08-23 11:31:49,627 | INFO  | DNAudit | user=null | ip=null | op=WRITE_CHUNK {blockData=conID: 2 locID: 102666070235808398 bcsId: 0} | ret=SUCCESS |  
2019-08-23 11:31:49,628 | INFO  | DNAudit | user=null | ip=null | op=PUT_BLOCK {blockData=[blockId=conID: 2 locID: 102666070235808398 bcsId: 0,size=1048576]} | ret=SUCCESS |  
2019-08-23 11:31:49,628 | INFO  | DNAudit | user=null | ip=null | op=WRITE_CHUNK {blockData=conID: 2 locID: 102666070235808398 bcsId: 0} | ret=SUCCESS |  
2019-08-23 11:31:49,628 | INFO  | DNAudit | user=null | ip=null | op=PUT_BLOCK {blockData=[blockId=conID: 2 locID: 102666070235808398 bcsId: 0,size=1048576]} | ret=SUCCESS |  
2019-08-23 11:31:49,628 | INFO  | DNAudit | user=null | ip=null | op=WRITE_CHUNK {blockData=conID: 2 locID: 102666070235808398 bcsId: 0} | ret=SUCCESS |  
2019-08-23 11:31:49,628 | INFO  | DNAudit | user=null | ip=null | op=PUT_BLOCK {blockData=[blockId=conID: 2 locID: 102666070235808398 bcsId: 0,size=2097152]} | ret=SUCCESS |  
2019-08-23 11:31:49,628 [grpc-default-executor-4] INFO  client.GrpcClientProtocolClient (GrpcClientProtocolClient.java:onNext(255)) - client-C9E345EC67ED->244f13ac-34be-4c4e-8e45-0c0272edbbb2: receive RaftClientReply:client-C9E345EC67ED->244f13ac-34be-4c4e-8e45-0c0272edbbb2@group-FE77C852EF02, cid=3106, SUCCESS, logIndex=0, commits[244f13ac-34be-4c4e-8e45-0c0272edbbb2:c4647, 6287e41a-5356-4f55-84f2-270816d53e84:c4643, a2c18d3d-e79d-47c9-88fe-d8a1d195302b:c4643]
2019-08-23 11:31:49,628 | INFO  | DNAudit | user=null | ip=null | op=WRITE_CHUNK {blockData=conID: 2 locID: 102666070235808398 bcsId: 0} | ret=SUCCESS |  
2019-08-23 11:31:49,629 | INFO  | DNAudit | user=null | ip=null | op=PUT_BLOCK {blockData=[blockId=conID: 2 locID: 102666070235808398 bcsId: 0,size=2097152]} | ret=SUCCESS |  
2019-08-23 11:31:49,634 | INFO  | DNAudit | user=null | ip=null | op=WRITE_CHUNK {blockData=conID: 2 locID: 102666070235808398 bcsId: 4645} | ret=SUCCESS |  
2019-08-23 11:31:49,635 | INFO  | DNAudit | user=null | ip=null | op=WRITE_CHUNK {blockData=conID: 2 locID: 102666070235808398 bcsId: 4645} | ret=SUCCESS |  
2019-08-23 11:31:49,635 | INFO  | DNAudit | user=null | ip=null | op=WRITE_CHUNK {blockData=conID: 2 locID: 102666070235808398 bcsId: 4645} | ret=SUCCESS |  
2019-08-23 11:31:49,646 | INFO  | DNAudit | user=null | ip=null | op=WRITE_CHUNK {blockData=conID: 2 locID: 102666070235808398 bcsId: 4645} | ret=SUCCESS |  
2019-08-23 11:31:49,646 | INFO  | DNAudit | user=null | ip=null | op=PUT_BLOCK {blockData=[blockId=conID: 2 locID: 102666070235808398 bcsId: 0,size=3145728]} | ret=SUCCESS |  
2019-08-23 11:31:49,646 [grpc-default-executor-1] INFO  client.GrpcClientProtocolClient (GrpcClientProtocolClient.java:onNext(255)) - client-C9E345EC67ED->244f13ac-34be-4c4e-8e45-0c0272edbbb2: receive RaftClientReply:client-C9E345EC67ED->244f13ac-34be-4c4e-8e45-0c0272edbbb2@group-FE77C852EF02, cid=3107, SUCCESS, logIndex=4650, commits[244f13ac-34be-4c4e-8e45-0c0272edbbb2:c4651, 6287e41a-5356-4f55-84f2-270816d53e84:c4649, a2c18d3d-e79d-47c9-88fe-d8a1d195302b:c4649]
2019-08-23 11:31:49,646 [grpc-default-executor-1] INFO  client.GrpcClientProtocolClient (GrpcClientProtocolClient.java:onNext(255)) - client-C9E345EC67ED->244f13ac-34be-4c4e-8e45-0c0272edbbb2: receive RaftClientReply:client-C9E345EC67ED->244f13ac-34be-4c4e-8e45-0c0272edbbb2@group-FE77C852EF02, cid=3108, SUCCESS, logIndex=4651, commits[244f13ac-34be-4c4e-8e45-0c0272edbbb2:c4651, 6287e41a-5356-4f55-84f2-270816d53e84:c4649, a2c18d3d-e79d-47c9-88fe-d8a1d195302b:c4649]
2019-08-23 11:31:49,652 | INFO  | DNAudit | user=null | ip=null | op=WRITE_CHUNK {blockData=conID: 2 locID: 102666070235808398 bcsId: 4651} | ret=SUCCESS |  
2019-08-23 11:31:49,653 | INFO  | DNAudit | user=null | ip=null | op=WRITE_CHUNK {blockData=conID: 2 locID: 102666070235808398 bcsId: 4651} | ret=SUCCESS |  
2019-08-23 11:31:49,654 | INFO  | DNAudit | user=null | ip=null | op=WRITE_CHUNK {blockData=conID: 2 locID: 102666070235808398 bcsId: 4651} | ret=SUCCESS |  
2019-08-23 11:31:49,657 | INFO  | DNAudit | user=null | ip=null | op=WRITE_CHUNK {blockData=conID: 2 locID: 102666070235808398 bcsId: 4645} | ret=SUCCESS |  
2019-08-23 11:31:49,657 | INFO  | DNAudit | user=null | ip=null | op=WRITE_CHUNK {blockData=conID: 2 locID: 102666070235808398 bcsId: 4645} | ret=SUCCESS |  
2019-08-23 11:31:49,658 | INFO  | DNAudit | user=null | ip=null | op=PUT_BLOCK {blockData=[blockId=conID: 2 locID: 102666070235808398 bcsId: 0,size=3145728]} | ret=SUCCESS |  
2019-08-23 11:31:49,658 | INFO  | DNAudit | user=null | ip=null | op=PUT_BLOCK {blockData=[blockId=conID: 2 locID: 102666070235808398 bcsId: 0,size=3145728]} | ret=SUCCESS |  
2019-08-23 11:31:49,659 | INFO  | DNAudit | user=null | ip=null | op=WRITE_CHUNK {blockData=conID: 2 locID: 102666070235808398 bcsId: 4651} | ret=SUCCESS |  
2019-08-23 11:31:49,659 | INFO  | DNAudit | user=null | ip=null | op=PUT_BLOCK {blockData=[blockId=conID: 2 locID: 102666070235808398 bcsId: 0,size=4194304]} | ret=SUCCESS |  
2019-08-23 11:31:49,659 [grpc-default-executor-0] INFO  client.GrpcClientProtocolClient (GrpcClientProtocolClient.java:onNext(255)) - client-C9E345EC67ED->244f13ac-34be-4c4e-8e45-0c0272edbbb2: receive RaftClientReply:client-C9E345EC67ED->244f13ac-34be-4c4e-8e45-0c0272edbbb2@group-FE77C852EF02, cid=3109, SUCCESS, logIndex=4654, commits[244f13ac-34be-4c4e-8e45-0c0272edbbb2:c4654, 6287e41a-5356-4f55-84f2-270816d53e84:c4651, a2c18d3d-e79d-47c9-88fe-d8a1d195302b:c4651]
2019-08-23 11:31:49,659 [grpc-default-executor-0] INFO  client.GrpcClientProtocolClient (GrpcClientProtocolClient.java:onNext(255)) - client-C9E345EC67ED->244f13ac-34be-4c4e-8e45-0c0272edbbb2: receive RaftClientReply:client-C9E345EC67ED->244f13ac-34be-4c4e-8e45-0c0272edbbb2@group-FE77C852EF02, cid=3110, SUCCESS, logIndex=4655, commits[244f13ac-34be-4c4e-8e45-0c0272edbbb2:c4655, 6287e41a-5356-4f55-84f2-270816d53e84:c4651, a2c18d3d-e79d-47c9-88fe-d8a1d195302b:c4651]
2019-08-23 11:31:49,670 | INFO  | DNAudit | user=null | ip=null | op=WRITE_CHUNK {blockData=conID: 2 locID: 102666070235808398 bcsId: 4651} | ret=SUCCESS |  
2019-08-23 11:31:49,670 | INFO  | DNAudit | user=null | ip=null | op=WRITE_CHUNK {blockData=conID: 2 locID: 102666070235808398 bcsId: 4651} | ret=SUCCESS |  
2019-08-23 11:31:49,672 | INFO  | DNAudit | user=null | ip=null | op=PUT_BLOCK {blockData=[blockId=conID: 2 locID: 102666070235808398 bcsId: 0,size=4194304]} | ret=SUCCESS |  
2019-08-23 11:31:49,672 | INFO  | DNAudit | user=null | ip=null | op=PUT_BLOCK {blockData=[blockId=conID: 2 locID: 102666070235808398 bcsId: 0,size=4194304]} | ret=SUCCESS |  
2019-08-23 11:31:49,672 [grpc-default-executor-0] INFO  client.GrpcClientProtocolClient (GrpcClientProtocolClient.java:onNext(255)) - client-C9E345EC67ED->244f13ac-34be-4c4e-8e45-0c0272edbbb2: receive RaftClientReply:client-C9E345EC67ED->244f13ac-34be-4c4e-8e45-0c0272edbbb2@group-FE77C852EF02, cid=3111, SUCCESS, logIndex=0, commits[244f13ac-34be-4c4e-8e45-0c0272edbbb2:c4657, 6287e41a-5356-4f55-84f2-270816d53e84:c4655, a2c18d3d-e79d-47c9-88fe-d8a1d195302b:c4655]
2019-08-23 11:31:49,677 | INFO  | SCMAudit | user=jenkins1000 | ip=192.168.5.185 | op=ALLOCATE_BLOCK {owner=00a23185-76ea-47b5-a641-ad3cfbe5521a, size=4194304, type=RATIS, factor=THREE} | ret=SUCCESS |  
2019-08-23 11:31:49,680 | INFO  | OMAudit | user=jenkins1000 | ip=127.0.0.1 | op=ALLOCATE_BLOCK {volume=vol-0-37508, bucket=bucket-0-50919, key=key-0-57313, dataSize=0, replicationType=null, replicationFactor=null, keyLocationInfo=null, clientID=102666068570931602} | ret=SUCCESS |  
2019-08-23 11:31:49,687 | INFO  | DNAudit | user=null | ip=null | op=WRITE_CHUNK {blockData=conID: 3 locID: 102666070240592527 bcsId: 0} | ret=SUCCESS |  
 0.00% |█                                                                                                    |  0/1 Time: 0:00:262019-08-23 11:31:50,468 | INFO  | SCMAudit | user=jenkins1000 | ip=192.168.5.185 | op=SEND_HEARTBEAT {datanodeUUID=244f13ac-34be-4c4e-8e45-0c0272edbbb2, command=[]} | ret=SUCCESS |  
2019-08-23 11:31:50,468 | INFO  | SCMAudit | user=jenkins1000 | ip=192.168.5.185 | op=SEND_HEARTBEAT {datanodeUUID=6287e41a-5356-4f55-84f2-270816d53e84, command=[]} | ret=SUCCESS |  
2019-08-23 11:31:50,468 | INFO  | SCMAudit | user=jenkins1000 | ip=192.168.5.185 | op=SEND_HEARTBEAT {datanodeUUID=b2c34899-c5c3-4720-9d95-984efeabf4a7, command=[]} | ret=SUCCESS |  
2019-08-23 11:31:50,468 | INFO  | SCMAudit | user=jenkins1000 | ip=192.168.5.185 | op=SEND_HEARTBEAT {datanodeUUID=0d166765-8492-4439-8677-f737a7bc54ca, command=[]} | ret=SUCCESS |  
2019-08-23 11:31:50,468 | INFO  | SCMAudit | user=jenkins1000 | ip=192.168.5.185 | op=SEND_HEARTBEAT {datanodeUUID=a2c18d3d-e79d-47c9-88fe-d8a1d195302b, command=[]} | ret=SUCCESS |  
2019-08-23 11:31:50,469 | INFO  | DNAudit | user=null | ip=null | op=WRITE_CHUNK {blockData=conID: 3 locID: 102666070240592527 bcsId: 0} | ret=SUCCESS |  
2019-08-23 11:31:50,472 | INFO  | DNAudit | user=null | ip=null | op=WRITE_CHUNK {blockData=conID: 3 locID: 102666070240592527 bcsId: 0} | ret=SUCCESS |  
2019-08-23 11:31:50,472 | INFO  | DNAudit | user=null | ip=null | op=WRITE_CHUNK {blockData=conID: 3 locID: 102666070240592527 bcsId: 0} | ret=SUCCESS |  
2019-08-23 11:31:50,474 | INFO  | DNAudit | user=null | ip=null | op=WRITE_CHUNK {blockData=conID: 3 locID: 102666070240592527 bcsId: 0} | ret=SUCCESS |  
2019-08-23 11:31:50,474 | INFO  | DNAudit | user=null | ip=null | op=WRITE_CHUNK {blockData=conID: 3 locID: 102666070240592527 bcsId: 0} | ret=SUCCESS |  
2019-08-23 11:31:50,481 | INFO  | DNAudit | user=null | ip=null | op=WRITE_CHUNK {blockData=conID: 3 locID: 102666070240592527 bcsId: 0} | ret=SUCCESS |  
2019-08-23 11:31:50,481 | INFO  | DNAudit | user=null | ip=null | op=PUT_BLOCK {blockData=[blockId=conID: 3 locID: 102666070240592527 bcsId: 0,size=1048576]} | ret=SUCCESS |  
2019-08-23 11:31:50,481 [grpc-default-executor-1] INFO  client.GrpcClientProtocolClient (GrpcClientProtocolClient.java:onNext(255)) - client-C9E345EC67ED->244f13ac-34be-4c4e-8e45-0c0272edbbb2: receive RaftClientReply:client-C9E345EC67ED->244f13ac-34be-4c4e-8e45-0c0272edbbb2@group-FE77C852EF02, cid=3112, SUCCESS, logIndex=4658, commits[244f13ac-34be-4c4e-8e45-0c0272edbbb2:c4659, 6287e41a-5356-4f55-84f2-270816d53e84:c4657, a2c18d3d-e79d-47c9-88fe-d8a1d195302b:c4657]
2019-08-23 11:31:50,482 | INFO  | DNAudit | user=null | ip=null | op=WRITE_CHUNK {blockData=conID: 3 locID: 102666070240592527 bcsId: 0} | ret=SUCCESS |  
2019-08-23 11:31:50,482 [grpc-default-executor-1] INFO  client.GrpcClientProtocolClient (GrpcClientProtocolClient.java:onNext(255)) - client-C9E345EC67ED->244f13ac-34be-4c4e-8e45-0c0272edbbb2: receive RaftClientReply:client-C9E345EC67ED->244f13ac-34be-4c4e-8e45-0c0272edbbb2@group-FE77C852EF02, cid=3113, SUCCESS, logIndex=4659, commits[244f13ac-34be-4c4e-8e45-0c0272edbbb2:c4661, 6287e41a-5356-4f55-84f2-270816d53e84:c4657, a2c18d3d-e79d-47c9-88fe-d8a1d195302b:c4657]
2019-08-23 11:31:50,482 | INFO  | DNAudit | user=null | ip=null | op=PUT_BLOCK {blockData=[blockId=conID: 3 locID: 102666070240592527 bcsId: 0,size=2097152]} | ret=SUCCESS |  
2019-08-23 11:31:50,482 [grpc-default-executor-1] INFO  client.GrpcClientProtocolClient (GrpcClientProtocolClient.java:onNext(255)) - client-C9E345EC67ED->244f13ac-34be-4c4e-8e45-0c0272edbbb2: receive RaftClientReply:client-C9E345EC67ED->244f13ac-34be-4c4e-8e45-0c0272edbbb2@group-FE77C852EF02, cid=3114, SUCCESS, logIndex=4660, commits[244f13ac-34be-4c4e-8e45-0c0272edbbb2:c4661, 6287e41a-5356-4f55-84f2-270816d53e84:c4657, a2c18d3d-e79d-47c9-88fe-d8a1d195302b:c4657]
2019-08-23 11:31:50,483 | INFO  | DNAudit | user=null | ip=null | op=WRITE_CHUNK {blockData=conID: 3 locID: 102666070240592527 bcsId: 0} | ret=SUCCESS |  
2019-08-23 11:31:50,483 [grpc-default-executor-1] INFO  client.GrpcClientProtocolClient (GrpcClientProtocolClient.java:onNext(255)) - client-C9E345EC67ED->244f13ac-34be-4c4e-8e45-0c0272edbbb2: receive RaftClientReply:client-C9E345EC67ED->244f13ac-34be-4c4e-8e45-0c0272edbbb2@group-FE77C852EF02, cid=3115, SUCCESS, logIndex=4661, commits[244f13ac-34be-4c4e-8e45-0c0272edbbb2:c4661, 6287e41a-5356-4f55-84f2-270816d53e84:c4657, a2c18d3d-e79d-47c9-88fe-d8a1d195302b:c4657]
2019-08-23 11:31:50,483 | INFO  | DNAudit | user=null | ip=null | op=PUT_BLOCK {blockData=[blockId=conID: 3 locID: 102666070240592527 bcsId: 0,size=1048576]} | ret=SUCCESS |  
2019-08-23 11:31:50,483 | INFO  | DNAudit | user=null | ip=null | op=WRITE_CHUNK {blockData=conID: 3 locID: 102666070240592527 bcsId: 0} | ret=SUCCESS |  
2019-08-23 11:31:50,483 | INFO  | DNAudit | user=null | ip=null | op=PUT_BLOCK {blockData=[blockId=conID: 3 locID: 102666070240592527 bcsId: 0,size=1048576]} | ret=SUCCESS |  
2019-08-23 11:31:50,484 [grpc-default-executor-1] INFO  client.GrpcClientProtocolClient (GrpcClientProtocolClient.java:onNext(255)) - client-C9E345EC67ED->244f13ac-34be-4c4e-8e45-0c0272edbbb2: receive RaftClientReply:client-C9E345EC67ED->244f13ac-34be-4c4e-8e45-0c0272edbbb2@group-FE77C852EF02, cid=3116, SUCCESS, logIndex=0, commits[244f13ac-34be-4c4e-8e45-0c0272edbbb2:c4663, 6287e41a-5356-4f55-84f2-270816d53e84:c4659, a2c18d3d-e79d-47c9-88fe-d8a1d195302b:c4659]
2019-08-23 11:31:50,484 | INFO  | DNAudit | user=null | ip=null | op=WRITE_CHUNK {blockData=conID: 3 locID: 102666070240592527 bcsId: 0} | ret=SUCCESS |  
2019-08-23 11:31:50,487 | INFO  | DNAudit | user=null | ip=null | op=PUT_BLOCK {blockData=[blockId=conID: 3 locID: 102666070240592527 bcsId: 0,size=2097152]} | ret=SUCCESS |  
2019-08-23 11:31:50,487 | INFO  | DNAudit | user=null | ip=null | op=WRITE_CHUNK {blockData=conID: 3 locID: 102666070240592527 bcsId: 0} | ret=SUCCESS |  
2019-08-23 11:31:50,488 | INFO  | DNAudit | user=null | ip=null | op=PUT_BLOCK {blockData=[blockId=conID: 3 locID: 102666070240592527 bcsId: 0,size=2097152]} | ret=SUCCESS |  
2019-08-23 11:31:50,495 | INFO  | DNAudit | user=null | ip=null | op=WRITE_CHUNK {blockData=conID: 3 locID: 102666070240592527 bcsId: 4661} | ret=SUCCESS |  
2019-08-23 11:31:50,497 | INFO  | DNAudit | user=null | ip=null | op=WRITE_CHUNK {blockData=conID: 3 locID: 102666070240592527 bcsId: 4661} | ret=SUCCESS |  
2019-08-23 11:31:50,498 | INFO  | DNAudit | user=null | ip=null | op=WRITE_CHUNK {blockData=conID: 3 locID: 102666070240592527 bcsId: 4661} | ret=SUCCESS |  
2019-08-23 11:31:50,523 | INFO  | DNAudit | user=null | ip=null | op=WRITE_CHUNK {blockData=conID: 3 locID: 102666070240592527 bcsId: 4661} | ret=SUCCESS |  
2019-08-23 11:31:50,523 | INFO  | DNAudit | user=null | ip=null | op=PUT_BLOCK {blockData=[blockId=conID: 3 locID: 102666070240592527 bcsId: 0,size=3145728]} | ret=SUCCESS |  
2019-08-23 11:31:50,523 [grpc-default-executor-1] INFO  client.GrpcClientProtocolClient (GrpcClientProtocolClient.java:onNext(255)) - client-C9E345EC67ED->244f13ac-34be-4c4e-8e45-0c0272edbbb2: receive RaftClientReply:client-C9E345EC67ED->244f13ac-34be-4c4e-8e45-0c0272edbbb2@group-FE77C852EF02, cid=3117, SUCCESS, logIndex=4666, commits[244f13ac-34be-4c4e-8e45-0c0272edbbb2:c4667, 6287e41a-5356-4f55-84f2-270816d53e84:c4665, a2c18d3d-e79d-47c9-88fe-d8a1d195302b:c4665]
2019-08-23 11:31:50,524 [grpc-default-executor-1] INFO  client.GrpcClientProtocolClient (GrpcClientProtocolClient.java:onNext(255)) - client-C9E345EC67ED->244f13ac-34be-4c4e-8e45-0c0272edbbb2: receive RaftClientReply:client-C9E345EC67ED->244f13ac-34be-4c4e-8e45-0c0272edbbb2@group-FE77C852EF02, cid=3118, SUCCESS, logIndex=4667, commits[244f13ac-34be-4c4e-8e45-0c0272edbbb2:c4667, 6287e41a-5356-4f55-84f2-270816d53e84:c4665, a2c18d3d-e79d-47c9-88fe-d8a1d195302b:c4665]
2019-08-23 11:31:50,532 | INFO  | DNAudit | user=null | ip=null | op=WRITE_CHUNK {blockData=conID: 3 locID: 102666070240592527 bcsId: 4667} | ret=SUCCESS |  
2019-08-23 11:31:50,534 | INFO  | DNAudit | user=null | ip=null | op=WRITE_CHUNK {blockData=conID: 3 locID: 102666070240592527 bcsId: 4661} | ret=SUCCESS |  
2019-08-23 11:31:50,534 | INFO  | DNAudit | user=null | ip=null | op=WRITE_CHUNK {blockData=conID: 3 locID: 102666070240592527 bcsId: 4661} | ret=SUCCESS |  
2019-08-23 11:31:50,535 | INFO  | DNAudit | user=null | ip=null | op=WRITE_CHUNK {blockData=conID: 3 locID: 102666070240592527 bcsId: 4667} | ret=SUCCESS |  
2019-08-23 11:31:50,535 | INFO  | DNAudit | user=null | ip=null | op=WRITE_CHUNK {blockData=conID: 3 locID: 102666070240592527 bcsId: 4667} | ret=SUCCESS |  
2019-08-23 11:31:50,546 | INFO  | DNAudit | user=null | ip=null | op=PUT_BLOCK {blockData=[blockId=conID: 3 locID: 102666070240592527 bcsId: 0,size=3145728]} | ret=SUCCESS |  
2019-08-23 11:31:50,547 | INFO  | DNAudit | user=null | ip=null | op=PUT_BLOCK {blockData=[blockId=conID: 3 locID: 102666070240592527 bcsId: 0,size=3145728]} | ret=SUCCESS |  
2019-08-23 11:31:50,547 | INFO  | DNAudit | user=null | ip=null | op=WRITE_CHUNK {blockData=conID: 3 locID: 102666070240592527 bcsId: 4667} | ret=SUCCESS |  
2019-08-23 11:31:50,547 | INFO  | DNAudit | user=null | ip=null | op=PUT_BLOCK {blockData=[blockId=conID: 3 locID: 102666070240592527 bcsId: 0,size=4194304]} | ret=SUCCESS |  
2019-08-23 11:31:50,548 [grpc-default-executor-4] INFO  client.GrpcClientProtocolClient (GrpcClientProtocolClient.java:onNext(255)) - client-C9E345EC67ED->244f13ac-34be-4c4e-8e45-0c0272edbbb2: receive RaftClientReply:client-C9E345EC67ED->244f13ac-34be-4c4e-8e45-0c0272edbbb2@group-FE77C852EF02, cid=3119, SUCCESS, logIndex=4670, commits[244f13ac-34be-4c4e-8e45-0c0272edbbb2:c4671, 6287e41a-5356-4f55-84f2-270816d53e84:c4667, a2c18d3d-e79d-47c9-88fe-d8a1d195302b:c4667]
2019-08-23 11:31:50,548 | INFO  | DNAudit | user=null | ip=null | op=WRITE_CHUNK {blockData=conID: 3 locID: 102666070240592527 bcsId: 4667} | ret=SUCCESS |  
2019-08-23 11:31:50,548 [grpc-default-executor-4] INFO  client.GrpcClientProtocolClient (GrpcClientProtocolClient.java:onNext(255)) - client-C9E345EC67ED->244f13ac-34be-4c4e-8e45-0c0272edbbb2: receive RaftClientReply:client-C9E345EC67ED->244f13ac-34be-4c4e-8e45-0c0272edbbb2@group-FE77C852EF02, cid=3120, SUCCESS, logIndex=4671, commits[244f13ac-34be-4c4e-8e45-0c0272edbbb2:c4671, 6287e41a-5356-4f55-84f2-270816d53e84:c4667, a2c18d3d-e79d-47c9-88fe-d8a1d195302b:c4667]
2019-08-23 11:31:50,548 | INFO  | DNAudit | user=null | ip=null | op=WRITE_CHUNK {blockData=conID: 3 locID: 102666070240592527 bcsId: 4667} | ret=SUCCESS |  
2019-08-23 11:31:50,549 | INFO  | DNAudit | user=null | ip=null | op=PUT_BLOCK {blockData=[blockId=conID: 3 locID: 102666070240592527 bcsId: 0,size=4194304]} | ret=SUCCESS |  
2019-08-23 11:31:50,549 | INFO  | DNAudit | user=null | ip=null | op=PUT_BLOCK {blockData=[blockId=conID: 3 locID: 102666070240592527 bcsId: 0,size=4194304]} | ret=SUCCESS |  
2019-08-23 11:31:50,550 [grpc-default-executor-4] INFO  client.GrpcClientProtocolClient (GrpcClientProtocolClient.java:onNext(255)) - client-C9E345EC67ED->244f13ac-34be-4c4e-8e45-0c0272edbbb2: receive RaftClientReply:client-C9E345EC67ED->244f13ac-34be-4c4e-8e45-0c0272edbbb2@group-FE77C852EF02, cid=3121, SUCCESS, logIndex=0, commits[244f13ac-34be-4c4e-8e45-0c0272edbbb2:c4672, 6287e41a-5356-4f55-84f2-270816d53e84:c4671, a2c18d3d-e79d-47c9-88fe-d8a1d195302b:c4671]
2019-08-23 11:31:50,557 | INFO  | SCMAudit | user=jenkins1000 | ip=192.168.5.185 | op=ALLOCATE_BLOCK {owner=00a23185-76ea-47b5-a641-ad3cfbe5521a, size=4194304, type=RATIS, factor=THREE} | ret=SUCCESS |  
2019-08-23 11:31:50,562 | INFO  | OMAudit | user=jenkins1000 | ip=127.0.0.1 | op=ALLOCATE_BLOCK {volume=vol-0-37508, bucket=bucket-0-50919, key=key-0-57313, dataSize=0, replicationType=null, replicationFactor=null, keyLocationInfo=null, clientID=102666068570931602} | ret=SUCCESS |  
2019-08-23 11:31:50,570 | INFO  | DNAudit | user=null | ip=null | op=WRITE_CHUNK {blockData=conID: 1 locID: 102666070298264208 bcsId: 0} | ret=SUCCESS |  
2019-08-23 11:31:50,573 | INFO  | DNAudit | user=null | ip=null | op=WRITE_CHUNK {blockData=conID: 1 locID: 102666070298264208 bcsId: 0} | ret=SUCCESS |  
2019-08-23 11:31:50,574 | INFO  | DNAudit | user=null | ip=null | op=WRITE_CHUNK {blockData=conID: 1 locID: 102666070298264208 bcsId: 0} | ret=SUCCESS |  
2019-08-23 11:31:50,574 | INFO  | DNAudit | user=null | ip=null | op=WRITE_CHUNK {blockData=conID: 1 locID: 102666070298264208 bcsId: 0} | ret=SUCCESS |  
2019-08-23 11:31:50,575 | INFO  | DNAudit | user=null | ip=null | op=WRITE_CHUNK {blockData=conID: 1 locID: 102666070298264208 bcsId: 0} | ret=SUCCESS |  
2019-08-23 11:31:50,575 | INFO  | DNAudit | user=null | ip=null | op=WRITE_CHUNK {blockData=conID: 1 locID: 102666070298264208 bcsId: 0} | ret=SUCCESS |  
2019-08-23 11:31:50,583 | INFO  | DNAudit | user=null | ip=null | op=WRITE_CHUNK {blockData=conID: 1 locID: 102666070298264208 bcsId: 0} | ret=SUCCESS |  
2019-08-23 11:31:50,583 | INFO  | DNAudit | user=null | ip=null | op=PUT_BLOCK {blockData=[blockId=conID: 1 locID: 102666070298264208 bcsId: 0,size=1048576]} | ret=SUCCESS |  
2019-08-23 11:31:50,584 [grpc-default-executor-4] INFO  client.GrpcClientProtocolClient (GrpcClientProtocolClient.java:onNext(255)) - client-C9E345EC67ED->244f13ac-34be-4c4e-8e45-0c0272edbbb2: receive RaftClientReply:client-C9E345EC67ED->244f13ac-34be-4c4e-8e45-0c0272edbbb2@group-FE77C852EF02, cid=3122, SUCCESS, logIndex=4674, commits[244f13ac-34be-4c4e-8e45-0c0272edbbb2:c4675, 6287e41a-5356-4f55-84f2-270816d53e84:c4673, a2c18d3d-e79d-47c9-88fe-d8a1d195302b:c4673]
2019-08-23 11:31:50,584 | INFO  | DNAudit | user=null | ip=null | op=WRITE_CHUNK {blockData=conID: 1 locID: 102666070298264208 bcsId: 0} | ret=SUCCESS |  
2019-08-23 11:31:50,584 | INFO  | DNAudit | user=null | ip=null | op=WRITE_CHUNK {blockData=conID: 1 locID: 102666070298264208 bcsId: 0} | ret=SUCCESS |  
2019-08-23 11:31:50,584 | INFO  | DNAudit | user=null | ip=null | op=PUT_BLOCK {blockData=[blockId=conID: 1 locID: 102666070298264208 bcsId: 0,size=2097152]} | ret=SUCCESS |  
2019-08-23 11:31:50,584 | INFO  | DNAudit | user=null | ip=null | op=PUT_BLOCK {blockData=[blockId=conID: 1 locID: 102666070298264208 bcsId: 0,size=1048576]} | ret=SUCCESS |  
2019-08-23 11:31:50,584 [grpc-default-executor-4] INFO  client.GrpcClientProtocolClient (GrpcClientProtocolClient.java:onNext(255)) - client-C9E345EC67ED->244f13ac-34be-4c4e-8e45-0c0272edbbb2: receive RaftClientReply:client-C9E345EC67ED->244f13ac-34be-4c4e-8e45-0c0272edbbb2@group-FE77C852EF02, cid=3123, SUCCESS, logIndex=4675, commits[244f13ac-34be-4c4e-8e45-0c0272edbbb2:c4677, 6287e41a-5356-4f55-84f2-270816d53e84:c4673, a2c18d3d-e79d-47c9-88fe-d8a1d195302b:c4673]
2019-08-23 11:31:50,585 | INFO  | DNAudit | user=null | ip=null | op=WRITE_CHUNK {blockData=conID: 1 locID: 102666070298264208 bcsId: 0} | ret=SUCCESS |  
2019-08-23 11:31:50,585 [grpc-default-executor-4] INFO  client.GrpcClientProtocolClient (GrpcClientProtocolClient.java:onNext(255)) - client-C9E345EC67ED->244f13ac-34be-4c4e-8e45-0c0272edbbb2: receive RaftClientReply:client-C9E345EC67ED->244f13ac-34be-4c4e-8e45-0c0272edbbb2@group-FE77C852EF02, cid=3124, SUCCESS, logIndex=4676, commits[244f13ac-34be-4c4e-8e45-0c0272edbbb2:c4677, 6287e41a-5356-4f55-84f2-270816d53e84:c4673, a2c18d3d-e79d-47c9-88fe-d8a1d195302b:c4673]
2019-08-23 11:31:50,585 | INFO  | DNAudit | user=null | ip=null | op=PUT_BLOCK {blockData=[blockId=conID: 1 locID: 102666070298264208 bcsId: 0,size=1048576]} | ret=SUCCESS |  
2019-08-23 11:31:50,585 | INFO  | DNAudit | user=null | ip=null | op=WRITE_CHUNK {blockData=conID: 1 locID: 102666070298264208 bcsId: 0} | ret=SUCCESS |  
2019-08-23 11:31:50,585 [grpc-default-executor-4] INFO  client.GrpcClientProtocolClient (GrpcClientProtocolClient.java:onNext(255)) - client-C9E345EC67ED->244f13ac-34be-4c4e-8e45-0c0272edbbb2: receive RaftClientReply:client-C9E345EC67ED->244f13ac-34be-4c4e-8e45-0c0272edbbb2@group-FE77C852EF02, cid=3125, SUCCESS, logIndex=4677, commits[244f13ac-34be-4c4e-8e45-0c0272edbbb2:c4678, 6287e41a-5356-4f55-84f2-270816d53e84:c4675, a2c18d3d-e79d-47c9-88fe-d8a1d195302b:c4673]
2019-08-23 11:31:50,586 | INFO  | DNAudit | user=null | ip=null | op=PUT_BLOCK {blockData=[blockId=conID: 1 locID: 102666070298264208 bcsId: 0,size=2097152]} | ret=SUCCESS |  
2019-08-23 11:31:50,586 [grpc-default-executor-4] INFO  client.GrpcClientProtocolClient (GrpcClientProtocolClient.java:onNext(255)) - client-C9E345EC67ED->244f13ac-34be-4c4e-8e45-0c0272edbbb2: receive RaftClientReply:client-C9E345EC67ED->244f13ac-34be-4c4e-8e45-0c0272edbbb2@group-FE77C852EF02, cid=3126, SUCCESS, logIndex=0, commits[244f13ac-34be-4c4e-8e45-0c0272edbbb2:c4681, 6287e41a-5356-4f55-84f2-270816d53e84:c4677, a2c18d3d-e79d-47c9-88fe-d8a1d195302b:c4675]
2019-08-23 11:31:50,587 | INFO  | DNAudit | user=null | ip=null | op=WRITE_CHUNK {blockData=conID: 1 locID: 102666070298264208 bcsId: 0} | ret=SUCCESS |  
2019-08-23 11:31:50,587 | INFO  | DNAudit | user=null | ip=null | op=PUT_BLOCK {blockData=[blockId=conID: 1 locID: 102666070298264208 bcsId: 0,size=2097152]} | ret=SUCCESS |  
2019-08-23 11:31:50,594 | INFO  | DNAudit | user=null | ip=null | op=WRITE_CHUNK {blockData=conID: 1 locID: 102666070298264208 bcsId: 4677} | ret=SUCCESS |  
2019-08-23 11:31:50,595 | INFO  | DNAudit | user=null | ip=null | op=WRITE_CHUNK {blockData=conID: 1 locID: 102666070298264208 bcsId: 4677} | ret=SUCCESS |  
2019-08-23 11:31:50,596 | INFO  | DNAudit | user=null | ip=null | op=WRITE_CHUNK {blockData=conID: 1 locID: 102666070298264208 bcsId: 4677} | ret=SUCCESS |  
2019-08-23 11:31:50,606 | INFO  | DNAudit | user=null | ip=null | op=WRITE_CHUNK {blockData=conID: 1 locID: 102666070298264208 bcsId: 4677} | ret=SUCCESS |  
2019-08-23 11:31:50,607 | INFO  | DNAudit | user=null | ip=null | op=PUT_BLOCK {blockData=[blockId=conID: 1 locID: 102666070298264208 bcsId: 0,size=3145728]} | ret=SUCCESS |  
2019-08-23 11:31:50,607 [grpc-default-executor-4] INFO  client.GrpcClientProtocolClient (GrpcClientProtocolClient.java:onNext(255)) - client-C9E345EC67ED->244f13ac-34be-4c4e-8e45-0c0272edbbb2: receive RaftClientReply:client-C9E345EC67ED->244f13ac-34be-4c4e-8e45-0c0272edbbb2@group-FE77C852EF02, cid=3127, SUCCESS, logIndex=4682, commits[244f13ac-34be-4c4e-8e45-0c0272edbbb2:c4683, 6287e41a-5356-4f55-84f2-270816d53e84:c4681, a2c18d3d-e79d-47c9-88fe-d8a1d195302b:c4681]
2019-08-23 11:31:50,607 [grpc-default-executor-4] INFO  client.GrpcClientProtocolClient (GrpcClientProtocolClient.java:onNext(255)) - client-C9E345EC67ED->244f13ac-34be-4c4e-8e45-0c0272edbbb2: receive RaftClientReply:client-C9E345EC67ED->244f13ac-34be-4c4e-8e45-0c0272edbbb2@group-FE77C852EF02, cid=3128, SUCCESS, logIndex=4683, commits[244f13ac-34be-4c4e-8e45-0c0272edbbb2:c4683, 6287e41a-5356-4f55-84f2-270816d53e84:c4681, a2c18d3d-e79d-47c9-88fe-d8a1d195302b:c4681]
2019-08-23 11:31:50,615 | INFO  | DNAudit | user=null | ip=null | op=WRITE_CHUNK {blockData=conID: 1 locID: 102666070298264208 bcsId: 4683} | ret=SUCCESS |  
2019-08-23 11:31:50,617 | INFO  | DNAudit | user=null | ip=null | op=WRITE_CHUNK {blockData=conID: 1 locID: 102666070298264208 bcsId: 4683} | ret=SUCCESS |  
2019-08-23 11:31:50,618 | INFO  | DNAudit | user=null | ip=null | op=WRITE_CHUNK {blockData=conID: 1 locID: 102666070298264208 bcsId: 4677} | ret=SUCCESS |  
2019-08-23 11:31:50,618 | INFO  | DNAudit | user=null | ip=null | op=WRITE_CHUNK {blockData=conID: 1 locID: 102666070298264208 bcsId: 4677} | ret=SUCCESS |  
2019-08-23 11:31:50,618 | INFO  | DNAudit | user=null | ip=null | op=WRITE_CHUNK {blockData=conID: 1 locID: 102666070298264208 bcsId: 4683} | ret=SUCCESS |  
2019-08-23 11:31:50,619 | INFO  | DNAudit | user=null | ip=null | op=PUT_BLOCK {blockData=[blockId=conID: 1 locID: 102666070298264208 bcsId: 0,size=3145728]} | ret=SUCCESS |  
2019-08-23 11:31:50,619 | INFO  | DNAudit | user=null | ip=null | op=WRITE_CHUNK {blockData=conID: 1 locID: 102666070298264208 bcsId: 4683} | ret=SUCCESS |  
2019-08-23 11:31:50,619 | INFO  | DNAudit | user=null | ip=null | op=PUT_BLOCK {blockData=[blockId=conID: 1 locID: 102666070298264208 bcsId: 0,size=3145728]} | ret=SUCCESS |  
2019-08-23 11:31:50,620 | INFO  | DNAudit | user=null | ip=null | op=PUT_BLOCK {blockData=[blockId=conID: 1 locID: 102666070298264208 bcsId: 0,size=4194304]} | ret=SUCCESS |  
2019-08-23 11:31:50,620 [grpc-default-executor-1] INFO  client.GrpcClientProtocolClient (GrpcClientProtocolClient.java:onNext(255)) - client-C9E345EC67ED->244f13ac-34be-4c4e-8e45-0c0272edbbb2: receive RaftClientReply:client-C9E345EC67ED->244f13ac-34be-4c4e-8e45-0c0272edbbb2@group-FE77C852EF02, cid=3129, SUCCESS, logIndex=4686, commits[244f13ac-34be-4c4e-8e45-0c0272edbbb2:c4687, 6287e41a-5356-4f55-84f2-270816d53e84:c4682, a2c18d3d-e79d-47c9-88fe-d8a1d195302b:c4683]
2019-08-23 11:31:50,620 | INFO  | DNAudit | user=null | ip=null | op=WRITE_CHUNK {blockData=conID: 1 locID: 102666070298264208 bcsId: 4683} | ret=SUCCESS |  
2019-08-23 11:31:50,620 [grpc-default-executor-0] INFO  client.GrpcClientProtocolClient (GrpcClientProtocolClient.java:onNext(255)) - client-C9E345EC67ED->244f13ac-34be-4c4e-8e45-0c0272edbbb2: receive RaftClientReply:client-C9E345EC67ED->244f13ac-34be-4c4e-8e45-0c0272edbbb2@group-FE77C852EF02, cid=3130, SUCCESS, logIndex=4687, commits[244f13ac-34be-4c4e-8e45-0c0272edbbb2:c4687, 6287e41a-5356-4f55-84f2-270816d53e84:c4683, a2c18d3d-e79d-47c9-88fe-d8a1d195302b:c4683]
2019-08-23 11:31:50,621 | INFO  | DNAudit | user=null | ip=null | op=WRITE_CHUNK {blockData=conID: 1 locID: 102666070298264208 bcsId: 4683} | ret=SUCCESS |  
2019-08-23 11:31:50,622 | INFO  | DNAudit | user=null | ip=null | op=PUT_BLOCK {blockData=[blockId=conID: 1 locID: 102666070298264208 bcsId: 0,size=4194304]} | ret=SUCCESS |  
2019-08-23 11:31:50,622 | INFO  | DNAudit | user=null | ip=null | op=PUT_BLOCK {blockData=[blockId=conID: 1 locID: 102666070298264208 bcsId: 0,size=4194304]} | ret=SUCCESS |  
2019-08-23 11:31:50,623 [grpc-default-executor-0] INFO  client.GrpcClientProtocolClient (GrpcClientProtocolClient.java:onNext(255)) - client-C9E345EC67ED->244f13ac-34be-4c4e-8e45-0c0272edbbb2: receive RaftClientReply:client-C9E345EC67ED->244f13ac-34be-4c4e-8e45-0c0272edbbb2@group-FE77C852EF02, cid=3131, SUCCESS, logIndex=0, commits[244f13ac-34be-4c4e-8e45-0c0272edbbb2:c4689, 6287e41a-5356-4f55-84f2-270816d53e84:c4687, a2c18d3d-e79d-47c9-88fe-d8a1d195302b:c4687]
2019-08-23 11:31:50,630 | INFO  | SCMAudit | user=jenkins1000 | ip=192.168.5.185 | op=ALLOCATE_BLOCK {owner=00a23185-76ea-47b5-a641-ad3cfbe5521a, size=4194304, type=RATIS, factor=THREE} | ret=SUCCESS |  
2019-08-23 11:31:50,635 | INFO  | OMAudit | user=jenkins1000 | ip=127.0.0.1 | op=ALLOCATE_BLOCK {volume=vol-0-37508, bucket=bucket-0-50919, key=key-0-57313, dataSize=0, replicationType=null, replicationFactor=null, keyLocationInfo=null, clientID=102666068570931602} | ret=SUCCESS |  
2019-08-23 11:31:50,642 | INFO  | DNAudit | user=null | ip=null | op=WRITE_CHUNK {blockData=conID: 2 locID: 102666070303048337 bcsId: 0} | ret=SUCCESS |  
2019-08-23 11:31:50,646 | INFO  | DNAudit | user=null | ip=null | op=WRITE_CHUNK {blockData=conID: 2 locID: 102666070303048337 bcsId: 0} | ret=SUCCESS |  
2019-08-23 11:31:50,646 | INFO  | DNAudit | user=null | ip=null | op=WRITE_CHUNK {blockData=conID: 2 locID: 102666070303048337 bcsId: 0} | ret=SUCCESS |  
2019-08-23 11:31:50,647 | INFO  | DNAudit | user=null | ip=null | op=WRITE_CHUNK {blockData=conID: 2 locID: 102666070303048337 bcsId: 0} | ret=SUCCESS |  
2019-08-23 11:31:50,648 | INFO  | DNAudit | user=null | ip=null | op=WRITE_CHUNK {blockData=conID: 2 locID: 102666070303048337 bcsId: 0} | ret=SUCCESS |  
2019-08-23 11:31:50,649 | INFO  | DNAudit | user=null | ip=null | op=WRITE_CHUNK {blockData=conID: 2 locID: 102666070303048337 bcsId: 0} | ret=SUCCESS |  
2019-08-23 11:31:50,655 | INFO  | DNAudit | user=null | ip=null | op=WRITE_CHUNK {blockData=conID: 2 locID: 102666070303048337 bcsId: 0} | ret=SUCCESS |  
2019-08-23 11:31:50,655 | INFO  | DNAudit | user=null | ip=null | op=PUT_BLOCK {blockData=[blockId=conID: 2 locID: 102666070303048337 bcsId: 0,size=1048576]} | ret=SUCCESS |  
2019-08-23 11:31:50,656 [grpc-default-executor-2] INFO  client.GrpcClientProtocolClient (GrpcClientProtocolClient.java:onNext(255)) - client-C9E345EC67ED->244f13ac-34be-4c4e-8e45-0c0272edbbb2: receive RaftClientReply:client-C9E345EC67ED->244f13ac-34be-4c4e-8e45-0c0272edbbb2@group-FE77C852EF02, cid=3132, SUCCESS, logIndex=4690, commits[244f13ac-34be-4c4e-8e45-0c0272edbbb2:c4691, 6287e41a-5356-4f55-84f2-270816d53e84:c4689, a2c18d3d-e79d-47c9-88fe-d8a1d195302b:c4689]
2019-08-23 11:31:50,656 | INFO  | DNAudit | user=null | ip=null | op=WRITE_CHUNK {blockData=conID: 2 locID: 102666070303048337 bcsId: 0} | ret=SUCCESS |  
2019-08-23 11:31:50,656 | INFO  | DNAudit | user=null | ip=null | op=PUT_BLOCK {blockData=[blockId=conID: 2 locID: 102666070303048337 bcsId: 0,size=2097152]} | ret=SUCCESS |  
2019-08-23 11:31:50,657 [grpc-default-executor-2] INFO  client.GrpcClientProtocolClient (GrpcClientProtocolClient.java:onNext(255)) - client-C9E345EC67ED->244f13ac-34be-4c4e-8e45-0c0272edbbb2: receive RaftClientReply:client-C9E345EC67ED->244f13ac-34be-4c4e-8e45-0c0272edbbb2@group-FE77C852EF02, cid=3133, SUCCESS, logIndex=4691, commits[244f13ac-34be-4c4e-8e45-0c0272edbbb2:c4691, 6287e41a-5356-4f55-84f2-270816d53e84:c4689, a2c18d3d-e79d-47c9-88fe-d8a1d195302b:c4689]
2019-08-23 11:31:50,657 [grpc-default-executor-1] INFO  client.GrpcClientProtocolClient (GrpcClientProtocolClient.java:onNext(255)) - client-C9E345EC67ED->244f13ac-34be-4c4e-8e45-0c0272edbbb2: receive RaftClientReply:client-C9E345EC67ED->244f13ac-34be-4c4e-8e45-0c0272edbbb2@group-FE77C852EF02, cid=3134, SUCCESS, logIndex=4692, commits[244f13ac-34be-4c4e-8e45-0c0272edbbb2:c4693, 6287e41a-5356-4f55-84f2-270816d53e84:c4689, a2c18d3d-e79d-47c9-88fe-d8a1d195302b:c4689]
2019-08-23 11:31:50,657 | INFO  | DNAudit | user=null | ip=null | op=WRITE_CHUNK {blockData=conID: 2 locID: 102666070303048337 bcsId: 0} | ret=SUCCESS |  
2019-08-23 11:31:50,657 [grpc-default-executor-1] INFO  client.GrpcClientProtocolClient (GrpcClientProtocolClient.java:onNext(255)) - client-C9E345EC67ED->244f13ac-34be-4c4e-8e45-0c0272edbbb2: receive RaftClientReply:client-C9E345EC67ED->244f13ac-34be-4c4e-8e45-0c0272edbbb2@group-FE77C852EF02, cid=3135, SUCCESS, logIndex=4693, commits[244f13ac-34be-4c4e-8e45-0c0272edbbb2:c4693, 6287e41a-5356-4f55-84f2-270816d53e84:c4689, a2c18d3d-e79d-47c9-88fe-d8a1d195302b:c4689]
2019-08-23 11:31:50,657 | INFO  | DNAudit | user=null | ip=null | op=PUT_BLOCK {blockData=[blockId=conID: 2 locID: 102666070303048337 bcsId: 0,size=1048576]} | ret=SUCCESS |  
2019-08-23 11:31:50,658 | INFO  | DNAudit | user=null | ip=null | op=WRITE_CHUNK {blockData=conID: 2 locID: 102666070303048337 bcsId: 0} | ret=SUCCESS |  
2019-08-23 11:31:50,658 | INFO  | DNAudit | user=null | ip=null | op=WRITE_CHUNK {blockData=conID: 2 locID: 102666070303048337 bcsId: 0} | ret=SUCCESS |  
2019-08-23 11:31:50,659 | INFO  | DNAudit | user=null | ip=null | op=PUT_BLOCK {blockData=[blockId=conID: 2 locID: 102666070303048337 bcsId: 0,size=2097152]} | ret=SUCCESS |  
2019-08-23 11:31:50,659 | INFO  | DNAudit | user=null | ip=null | op=PUT_BLOCK {blockData=[blockId=conID: 2 locID: 102666070303048337 bcsId: 0,size=1048576]} | ret=SUCCESS |  
2019-08-23 11:31:50,659 | INFO  | DNAudit | user=null | ip=null | op=WRITE_CHUNK {blockData=conID: 2 locID: 102666070303048337 bcsId: 0} | ret=SUCCESS |  
2019-08-23 11:31:50,659 | INFO  | DNAudit | user=null | ip=null | op=PUT_BLOCK {blockData=[blockId=conID: 2 locID: 102666070303048337 bcsId: 0,size=2097152]} | ret=SUCCESS |  
2019-08-23 11:31:50,659 [grpc-default-executor-1] INFO  client.GrpcClientProtocolClient (GrpcClientProtocolClient.java:onNext(255)) - client-C9E345EC67ED->244f13ac-34be-4c4e-8e45-0c0272edbbb2: receive RaftClientReply:client-C9E345EC67ED->244f13ac-34be-4c4e-8e45-0c0272edbbb2@group-FE77C852EF02, cid=3136, SUCCESS, logIndex=0, commits[244f13ac-34be-4c4e-8e45-0c0272edbbb2:c4696, 6287e41a-5356-4f55-84f2-270816d53e84:c4692, a2c18d3d-e79d-47c9-88fe-d8a1d195302b:c4691]
2019-08-23 11:31:50,666 | INFO  | DNAudit | user=null | ip=null | op=WRITE_CHUNK {blockData=conID: 2 locID: 102666070303048337 bcsId: 4693} | ret=SUCCESS |  
2019-08-23 11:31:50,668 | INFO  | DNAudit | user=null | ip=null | op=WRITE_CHUNK {blockData=conID: 2 locID: 102666070303048337 bcsId: 4693} | ret=SUCCESS |  
2019-08-23 11:31:50,669 | INFO  | DNAudit | user=null | ip=null | op=WRITE_CHUNK {blockData=conID: 2 locID: 102666070303048337 bcsId: 4693} | ret=SUCCESS |  
2019-08-23 11:31:50,679 | INFO  | DNAudit | user=null | ip=null | op=WRITE_CHUNK {blockData=conID: 2 locID: 102666070303048337 bcsId: 4693} | ret=SUCCESS |  
2019-08-23 11:31:50,679 | INFO  | DNAudit | user=null | ip=null | op=PUT_BLOCK {blockData=[blockId=conID: 2 locID: 102666070303048337 bcsId: 0,size=3145728]} | ret=SUCCESS |  
2019-08-23 11:31:50,680 [grpc-default-executor-0] INFO  client.GrpcClientProtocolClient (GrpcClientProtocolClient.java:onNext(255)) - client-C9E345EC67ED->244f13ac-34be-4c4e-8e45-0c0272edbbb2: receive RaftClientReply:client-C9E345EC67ED->244f13ac-34be-4c4e-8e45-0c0272edbbb2@group-FE77C852EF02, cid=3137, SUCCESS, logIndex=4698, commits[244f13ac-34be-4c4e-8e45-0c0272edbbb2:c4699, 6287e41a-5356-4f55-84f2-270816d53e84:c4697, a2c18d3d-e79d-47c9-88fe-d8a1d195302b:c4697]
2019-08-23 11:31:50,680 [grpc-default-executor-0] INFO  client.GrpcClientProtocolClient (GrpcClientProtocolClient.java:onNext(255)) - client-C9E345EC67ED->244f13ac-34be-4c4e-8e45-0c0272edbbb2: receive RaftClientReply:client-C9E345EC67ED->244f13ac-34be-4c4e-8e45-0c0272edbbb2@group-FE77C852EF02, cid=3138, SUCCESS, logIndex=4699, commits[244f13ac-34be-4c4e-8e45-0c0272edbbb2:c4699, 6287e41a-5356-4f55-84f2-270816d53e84:c4697, a2c18d3d-e79d-47c9-88fe-d8a1d195302b:c4697]
2019-08-23 11:31:50,687 | INFO  | DNAudit | user=null | ip=null | op=WRITE_CHUNK {blockData=conID: 2 locID: 102666070303048337 bcsId: 4699} | ret=SUCCESS |  
2019-08-23 11:31:50,688 | INFO  | DNAudit | user=null | ip=null | op=WRITE_CHUNK {blockData=conID: 2 locID: 102666070303048337 bcsId: 4699} | ret=SUCCESS |  
2019-08-23 11:31:50,689 | INFO  | DNAudit | user=null | ip=null | op=WRITE_CHUNK {blockData=conID: 2 locID: 102666070303048337 bcsId: 4699} | ret=SUCCESS |  
2019-08-23 11:31:50,689 | INFO  | DNAudit | user=null | ip=null | op=WRITE_CHUNK {blockData=conID: 2 locID: 102666070303048337 bcsId: 4693} | ret=SUCCESS |  
2019-08-23 11:31:50,689 | INFO  | DNAudit | user=null | ip=null | op=WRITE_CHUNK {blockData=conID: 2 locID: 102666070303048337 bcsId: 4693} | ret=SUCCESS |  
2019-08-23 11:31:50,690 | INFO  | DNAudit | user=null | ip=null | op=PUT_BLOCK {blockData=[blockId=conID: 2 locID: 102666070303048337 bcsId: 0,size=3145728]} | ret=SUCCESS |  
2019-08-23 11:31:50,691 | INFO  | DNAudit | user=null | ip=null | op=WRITE_CHUNK {blockData=conID: 2 locID: 102666070303048337 bcsId: 4699} | ret=SUCCESS |  
2019-08-23 11:31:50,691 | INFO  | DNAudit | user=null | ip=null | op=PUT_BLOCK {blockData=[blockId=conID: 2 locID: 102666070303048337 bcsId: 0,size=3145728]} | ret=SUCCESS |  
2019-08-23 11:31:50,691 | INFO  | DNAudit | user=null | ip=null | op=PUT_BLOCK {blockData=[blockId=conID: 2 locID: 102666070303048337 bcsId: 0,size=4194304]} | ret=SUCCESS |  
2019-08-23 11:31:50,691 [grpc-default-executor-1] INFO  client.GrpcClientProtocolClient (GrpcClientProtocolClient.java:onNext(255)) - client-C9E345EC67ED->244f13ac-34be-4c4e-8e45-0c0272edbbb2: receive RaftClientReply:client-C9E345EC67ED->244f13ac-34be-4c4e-8e45-0c0272edbbb2@group-FE77C852EF02, cid=3139, SUCCESS, logIndex=4702, commits[244f13ac-34be-4c4e-8e45-0c0272edbbb2:c4703, 6287e41a-5356-4f55-84f2-270816d53e84:c4698, a2c18d3d-e79d-47c9-88fe-d8a1d195302b:c4699]
2019-08-23 11:31:50,692 [grpc-default-executor-1] INFO  client.GrpcClientProtocolClient (GrpcClientProtocolClient.java:onNext(255)) - client-C9E345EC67ED->244f13ac-34be-4c4e-8e45-0c0272edbbb2: receive RaftClientReply:client-C9E345EC67ED->244f13ac-34be-4c4e-8e45-0c0272edbbb2@group-FE77C852EF02, cid=3140, SUCCESS, logIndex=4703, commits[244f13ac-34be-4c4e-8e45-0c0272edbbb2:c4703, 6287e41a-5356-4f55-84f2-270816d53e84:c4699, a2c18d3d-e79d-47c9-88fe-d8a1d195302b:c4699]
2019-08-23 11:31:50,692 | INFO  | DNAudit | user=null | ip=null | op=WRITE_CHUNK {blockData=conID: 2 locID: 102666070303048337 bcsId: 4699} | ret=SUCCESS |  
2019-08-23 11:31:50,692 | INFO  | DNAudit | user=null | ip=null | op=WRITE_CHUNK {blockData=conID: 2 locID: 102666070303048337 bcsId: 4699} | ret=SUCCESS |  
2019-08-23 11:31:50,693 | INFO  | DNAudit | user=null | ip=null | op=PUT_BLOCK {blockData=[blockId=conID: 2 locID: 102666070303048337 bcsId: 0,size=4194304]} | ret=SUCCESS |  
2019-08-23 11:31:50,693 | INFO  | DNAudit | user=null | ip=null | op=PUT_BLOCK {blockData=[blockId=conID: 2 locID: 102666070303048337 bcsId: 0,size=4194304]} | ret=SUCCESS |  
2019-08-23 11:31:50,694 [grpc-default-executor-0] INFO  client.GrpcClientProtocolClient (GrpcClientProtocolClient.java:onNext(255)) - client-C9E345EC67ED->244f13ac-34be-4c4e-8e45-0c0272edbbb2: receive RaftClientReply:client-C9E345EC67ED->244f13ac-34be-4c4e-8e45-0c0272edbbb2@group-FE77C852EF02, cid=3141, SUCCESS, logIndex=0, commits[244f13ac-34be-4c4e-8e45-0c0272edbbb2:c4705, 6287e41a-5356-4f55-84f2-270816d53e84:c4703, a2c18d3d-e79d-47c9-88fe-d8a1d195302b:c4703]
2019-08-23 11:31:50,700 | INFO  | SCMAudit | user=jenkins1000 | ip=192.168.5.185 | op=ALLOCATE_BLOCK {owner=00a23185-76ea-47b5-a641-ad3cfbe5521a, size=4194304, type=RATIS, factor=THREE} | ret=SUCCESS |  
2019-08-23 11:31:50,703 | INFO  | OMAudit | user=jenkins1000 | ip=127.0.0.1 | op=ALLOCATE_BLOCK {volume=vol-0-37508, bucket=bucket-0-50919, key=key-0-57313, dataSize=0, replicationType=null, replicationFactor=null, keyLocationInfo=null, clientID=102666068570931602} | ret=SUCCESS |  
2019-08-23 11:31:50,710 | INFO  | DNAudit | user=null | ip=null | op=WRITE_CHUNK {blockData=conID: 3 locID: 102666070307635858 bcsId: 0} | ret=SUCCESS |  
2019-08-23 11:31:50,712 | INFO  | DNAudit | user=null | ip=null | op=WRITE_CHUNK {blockData=conID: 3 locID: 102666070307635858 bcsId: 0} | ret=SUCCESS |  
2019-08-23 11:31:50,713 | INFO  | DNAudit | user=null | ip=null | op=WRITE_CHUNK {blockData=conID: 3 locID: 102666070307635858 bcsId: 0} | ret=SUCCESS |  
2019-08-23 11:31:50,713 | INFO  | DNAudit | user=null | ip=null | op=WRITE_CHUNK {blockData=conID: 3 locID: 102666070307635858 bcsId: 0} | ret=SUCCESS |  
2019-08-23 11:31:50,714 | INFO  | DNAudit | user=null | ip=null | op=WRITE_CHUNK {blockData=conID: 3 locID: 102666070307635858 bcsId: 0} | ret=SUCCESS |  
2019-08-23 11:31:50,714 | INFO  | DNAudit | user=null | ip=null | op=WRITE_CHUNK {blockData=conID: 3 locID: 102666070307635858 bcsId: 0} | ret=SUCCESS |  
2019-08-23 11:31:50,724 | INFO  | DNAudit | user=null | ip=null | op=WRITE_CHUNK {blockData=conID: 3 locID: 102666070307635858 bcsId: 0} | ret=SUCCESS |  
2019-08-23 11:31:50,724 | INFO  | DNAudit | user=null | ip=null | op=PUT_BLOCK {blockData=[blockId=conID: 3 locID: 102666070307635858 bcsId: 0,size=1048576]} | ret=SUCCESS |  
2019-08-23 11:31:50,725 | INFO  | DNAudit | user=null | ip=null | op=WRITE_CHUNK {blockData=conID: 3 locID: 102666070307635858 bcsId: 0} | ret=SUCCESS |  
2019-08-23 11:31:50,725 [grpc-default-executor-0] INFO  client.GrpcClientProtocolClient (GrpcClientProtocolClient.java:onNext(255)) - client-C9E345EC67ED->244f13ac-34be-4c4e-8e45-0c0272edbbb2: receive RaftClientReply:client-C9E345EC67ED->244f13ac-34be-4c4e-8e45-0c0272edbbb2@group-FE77C852EF02, cid=3142, SUCCESS, logIndex=4706, commits[244f13ac-34be-4c4e-8e45-0c0272edbbb2:c4709, 6287e41a-5356-4f55-84f2-270816d53e84:c4703, a2c18d3d-e79d-47c9-88fe-d8a1d195302b:c4705]
2019-08-23 11:31:50,725 | INFO  | DNAudit | user=null | ip=null | op=PUT_BLOCK {blockData=[blockId=conID: 3 locID: 102666070307635858 bcsId: 0,size=2097152]} | ret=SUCCESS |  
2019-08-23 11:31:50,725 [grpc-default-executor-0] INFO  client.GrpcClientProtocolClient (GrpcClientProtocolClient.java:onNext(255)) - client-C9E345EC67ED->244f13ac-34be-4c4e-8e45-0c0272edbbb2: receive RaftClientReply:client-C9E345EC67ED->244f13ac-34be-4c4e-8e45-0c0272edbbb2@group-FE77C852EF02, cid=3143, SUCCESS, logIndex=4707, commits[244f13ac-34be-4c4e-8e45-0c0272edbbb2:c4709, 6287e41a-5356-4f55-84f2-270816d53e84:c4705, a2c18d3d-e79d-47c9-88fe-d8a1d195302b:c4705]
2019-08-23 11:31:50,725 [grpc-default-executor-0] INFO  client.GrpcClientProtocolClient (GrpcClientProtocolClient.java:onNext(255)) - client-C9E345EC67ED->244f13ac-34be-4c4e-8e45-0c0272edbbb2: receive RaftClientReply:client-C9E345EC67ED->244f13ac-34be-4c4e-8e45-0c0272edbbb2@group-FE77C852EF02, cid=3144, SUCCESS, logIndex=4708, commits[244f13ac-34be-4c4e-8e45-0c0272edbbb2:c4709, 6287e41a-5356-4f55-84f2-270816d53e84:c4705, a2c18d3d-e79d-47c9-88fe-d8a1d195302b:c4705]
2019-08-23 11:31:50,726 | INFO  | DNAudit | user=null | ip=null | op=WRITE_CHUNK {blockData=conID: 3 locID: 102666070307635858 bcsId: 0} | ret=SUCCESS |  
2019-08-23 11:31:50,726 | INFO  | DNAudit | user=null | ip=null | op=WRITE_CHUNK {blockData=conID: 3 locID: 102666070307635858 bcsId: 0} | ret=SUCCESS |  
2019-08-23 11:31:50,726 | INFO  | DNAudit | user=null | ip=null | op=PUT_BLOCK {blockData=[blockId=conID: 3 locID: 102666070307635858 bcsId: 0,size=1048576]} | ret=SUCCESS |  
2019-08-23 11:31:50,726 | INFO  | DNAudit | user=null | ip=null | op=PUT_BLOCK {blockData=[blockId=conID: 3 locID: 102666070307635858 bcsId: 0,size=1048576]} | ret=SUCCESS |  
2019-08-23 11:31:50,726 [grpc-default-executor-2] INFO  client.GrpcClientProtocolClient (GrpcClientProtocolClient.java:onNext(255)) - client-C9E345EC67ED->244f13ac-34be-4c4e-8e45-0c0272edbbb2: receive RaftClientReply:client-C9E345EC67ED->244f13ac-34be-4c4e-8e45-0c0272edbbb2@group-FE77C852EF02, cid=3145, SUCCESS, logIndex=4709, commits[244f13ac-34be-4c4e-8e45-0c0272edbbb2:c4709, 6287e41a-5356-4f55-84f2-270816d53e84:c4705, a2c18d3d-e79d-47c9-88fe-d8a1d195302b:c4705]
2019-08-23 11:31:50,726 | INFO  | DNAudit | user=null | ip=null | op=WRITE_CHUNK {blockData=conID: 3 locID: 102666070307635858 bcsId: 0} | ret=SUCCESS |  
2019-08-23 11:31:50,726 | INFO  | DNAudit | user=null | ip=null | op=WRITE_CHUNK {blockData=conID: 3 locID: 102666070307635858 bcsId: 0} | ret=SUCCESS |  
2019-08-23 11:31:50,726 | INFO  | DNAudit | user=null | ip=null | op=PUT_BLOCK {blockData=[blockId=conID: 3 locID: 102666070307635858 bcsId: 0,size=2097152]} | ret=SUCCESS |  
2019-08-23 11:31:50,727 [grpc-default-executor-0] INFO  client.GrpcClientProtocolClient (GrpcClientProtocolClient.java:onNext(255)) - client-C9E345EC67ED->244f13ac-34be-4c4e-8e45-0c0272edbbb2: receive RaftClientReply:client-C9E345EC67ED->244f13ac-34be-4c4e-8e45-0c0272edbbb2@group-FE77C852EF02, cid=3146, SUCCESS, logIndex=0, commits[244f13ac-34be-4c4e-8e45-0c0272edbbb2:c4712, 6287e41a-5356-4f55-84f2-270816d53e84:c4709, a2c18d3d-e79d-47c9-88fe-d8a1d195302b:c4708]
2019-08-23 11:31:50,727 | INFO  | DNAudit | user=null | ip=null | op=PUT_BLOCK {blockData=[blockId=conID: 3 locID: 102666070307635858 bcsId: 0,size=2097152]} | ret=SUCCESS |  
2019-08-23 11:31:50,733 | INFO  | DNAudit | user=null | ip=null | op=WRITE_CHUNK {blockData=conID: 3 locID: 102666070307635858 bcsId: 4709} | ret=SUCCESS |  
2019-08-23 11:31:50,735 | INFO  | DNAudit | user=null | ip=null | op=WRITE_CHUNK {blockData=conID: 3 locID: 102666070307635858 bcsId: 4709} | ret=SUCCESS |  
2019-08-23 11:31:50,735 | INFO  | DNAudit | user=null | ip=null | op=WRITE_CHUNK {blockData=conID: 3 locID: 102666070307635858 bcsId: 4709} | ret=SUCCESS |  
2019-08-23 11:31:50,744 | INFO  | DNAudit | user=null | ip=null | op=WRITE_CHUNK {blockData=conID: 3 locID: 102666070307635858 bcsId: 4709} | ret=SUCCESS |  
2019-08-23 11:31:50,744 | INFO  | DNAudit | user=null | ip=null | op=PUT_BLOCK {blockData=[blockId=conID: 3 locID: 102666070307635858 bcsId: 0,size=3145728]} | ret=SUCCESS |  
2019-08-23 11:31:50,744 [grpc-default-executor-2] INFO  client.GrpcClientProtocolClient (GrpcClientProtocolClient.java:onNext(255)) - client-C9E345EC67ED->244f13ac-34be-4c4e-8e45-0c0272edbbb2: receive RaftClientReply:client-C9E345EC67ED->244f13ac-34be-4c4e-8e45-0c0272edbbb2@group-FE77C852EF02, cid=3147, SUCCESS, logIndex=4713, commits[244f13ac-34be-4c4e-8e45-0c0272edbbb2:c4714, 6287e41a-5356-4f55-84f2-270816d53e84:c4712, a2c18d3d-e79d-47c9-88fe-d8a1d195302b:c4712]
2019-08-23 11:31:50,744 [grpc-default-executor-2] INFO  client.GrpcClientProtocolClient (GrpcClientProtocolClient.java:onNext(255)) - client-C9E345EC67ED->244f13ac-34be-4c4e-8e45-0c0272edbbb2: receive RaftClientReply:client-C9E345EC67ED->244f13ac-34be-4c4e-8e45-0c0272edbbb2@group-FE77C852EF02, cid=3148, SUCCESS, logIndex=4714, commits[244f13ac-34be-4c4e-8e45-0c0272edbbb2:c4714, 6287e41a-5356-4f55-84f2-270816d53e84:c4712, a2c18d3d-e79d-47c9-88fe-d8a1d195302b:c4712]
2019-08-23 11:31:50,750 | INFO  | DNAudit | user=null | ip=null | op=WRITE_CHUNK {blockData=conID: 3 locID: 102666070307635858 bcsId: 4714} | ret=SUCCESS |  
2019-08-23 11:31:50,752 | INFO  | DNAudit | user=null | ip=null | op=WRITE_CHUNK {blockData=conID: 3 locID: 102666070307635858 bcsId: 4714} | ret=SUCCESS |  
2019-08-23 11:31:50,753 | INFO  | DNAudit | user=null | ip=null | op=WRITE_CHUNK {blockData=conID: 3 locID: 102666070307635858 bcsId: 4714} | ret=SUCCESS |  
2019-08-23 11:31:50,767 | INFO  | DNAudit | user=null | ip=null | op=WRITE_CHUNK {blockData=conID: 3 locID: 102666070307635858 bcsId: 4709} | ret=SUCCESS |  
2019-08-23 11:31:50,767 | INFO  | DNAudit | user=null | ip=null | op=WRITE_CHUNK {blockData=conID: 3 locID: 102666070307635858 bcsId: 4709} | ret=SUCCESS |  
2019-08-23 11:31:50,768 | INFO  | DNAudit | user=null | ip=null | op=PUT_BLOCK {blockData=[blockId=conID: 3 locID: 102666070307635858 bcsId: 0,size=3145728]} | ret=SUCCESS |  
2019-08-23 11:31:50,768 | INFO  | DNAudit | user=null | ip=null | op=PUT_BLOCK {blockData=[blockId=conID: 3 locID: 102666070307635858 bcsId: 0,size=3145728]} | ret=SUCCESS |  
2019-08-23 11:31:50,769 | INFO  | DNAudit | user=null | ip=null | op=WRITE_CHUNK {blockData=conID: 3 locID: 102666070307635858 bcsId: 4714} | ret=SUCCESS |  
2019-08-23 11:31:50,769 | INFO  | DNAudit | user=null | ip=null | op=PUT_BLOCK {blockData=[blockId=conID: 3 locID: 102666070307635858 bcsId: 0,size=4194304]} | ret=SUCCESS |  
2019-08-23 11:31:50,769 [grpc-default-executor-0] INFO  client.GrpcClientProtocolClient (GrpcClientProtocolClient.java:onNext(255)) - client-C9E345EC67ED->244f13ac-34be-4c4e-8e45-0c0272edbbb2: receive RaftClientReply:client-C9E345EC67ED->244f13ac-34be-4c4e-8e45-0c0272edbbb2@group-FE77C852EF02, cid=3149, SUCCESS, logIndex=4717, commits[244f13ac-34be-4c4e-8e45-0c0272edbbb2:c4717, 6287e41a-5356-4f55-84f2-270816d53e84:c4714, a2c18d3d-e79d-47c9-88fe-d8a1d195302b:c4714]
2019-08-23 11:31:50,770 [grpc-default-executor-0] INFO  client.GrpcClientProtocolClient (GrpcClientProtocolClient.java:onNext(255)) - client-C9E345EC67ED->244f13ac-34be-4c4e-8e45-0c0272edbbb2: receive RaftClientReply:client-C9E345EC67ED->244f13ac-34be-4c4e-8e45-0c0272edbbb2@group-FE77C852EF02, cid=3150, SUCCESS, logIndex=4718, commits[244f13ac-34be-4c4e-8e45-0c0272edbbb2:c4718, 6287e41a-5356-4f55-84f2-270816d53e84:c4714, a2c18d3d-e79d-47c9-88fe-d8a1d195302b:c4714]
2019-08-23 11:31:50,777 | INFO  | DNAudit | user=null | ip=null | op=WRITE_CHUNK {blockData=conID: 3 locID: 102666070307635858 bcsId: 4714} | ret=SUCCESS |  
2019-08-23 11:31:50,777 | INFO  | DNAudit | user=null | ip=null | op=WRITE_CHUNK {blockData=conID: 3 locID: 102666070307635858 bcsId: 4714} | ret=SUCCESS |  
2019-08-23 11:31:50,778 | INFO  | DNAudit | user=null | ip=null | op=PUT_BLOCK {blockData=[blockId=conID: 3 locID: 102666070307635858 bcsId: 0,size=4194304]} | ret=SUCCESS |  
2019-08-23 11:31:50,778 | INFO  | DNAudit | user=null | ip=null | op=PUT_BLOCK {blockData=[blockId=conID: 3 locID: 102666070307635858 bcsId: 0,size=4194304]} | ret=SUCCESS |  
2019-08-23 11:31:50,778 [grpc-default-executor-2] INFO  client.GrpcClientProtocolClient (GrpcClientProtocolClient.java:onNext(255)) - client-C9E345EC67ED->244f13ac-34be-4c4e-8e45-0c0272edbbb2: receive RaftClientReply:client-C9E345EC67ED->244f13ac-34be-4c4e-8e45-0c0272edbbb2@group-FE77C852EF02, cid=3151, SUCCESS, logIndex=0, commits[244f13ac-34be-4c4e-8e45-0c0272edbbb2:c4720, 6287e41a-5356-4f55-84f2-270816d53e84:c4718, a2c18d3d-e79d-47c9-88fe-d8a1d195302b:c4718]
2019-08-23 11:31:50,786 | INFO  | SCMAudit | user=jenkins1000 | ip=192.168.5.185 | op=ALLOCATE_BLOCK {owner=00a23185-76ea-47b5-a641-ad3cfbe5521a, size=4194304, type=RATIS, factor=THREE} | ret=SUCCESS |  
2019-08-23 11:31:50,791 | INFO  | OMAudit | user=jenkins1000 | ip=127.0.0.1 | op=ALLOCATE_BLOCK {volume=vol-0-37508, bucket=bucket-0-50919, key=key-0-57313, dataSize=0, replicationType=null, replicationFactor=null, keyLocationInfo=null, clientID=102666068570931602} | ret=SUCCESS |  
2019-08-23 11:31:50,798 | INFO  | DNAudit | user=null | ip=null | op=WRITE_CHUNK {blockData=conID: 1 locID: 102666070313271955 bcsId: 0} | ret=SUCCESS |  
2019-08-23 11:31:50,800 | INFO  | DNAudit | user=null | ip=null | op=WRITE_CHUNK {blockData=conID: 1 locID: 102666070313271955 bcsId: 0} | ret=SUCCESS |  
2019-08-23 11:31:50,801 | INFO  | DNAudit | user=null | ip=null | op=WRITE_CHUNK {blockData=conID: 1 locID: 102666070313271955 bcsId: 0} | ret=SUCCESS |  
2019-08-23 11:31:50,801 | INFO  | DNAudit | user=null | ip=null | op=WRITE_CHUNK {blockData=conID: 1 locID: 102666070313271955 bcsId: 0} | ret=SUCCESS |  
2019-08-23 11:31:50,804 | INFO  | DNAudit | user=null | ip=null | op=WRITE_CHUNK {blockData=conID: 1 locID: 102666070313271955 bcsId: 0} | ret=SUCCESS |  
2019-08-23 11:31:50,804 | INFO  | DNAudit | user=null | ip=null | op=WRITE_CHUNK {blockData=conID: 1 locID: 102666070313271955 bcsId: 0} | ret=SUCCESS |  
2019-08-23 11:31:50,811 | INFO  | DNAudit | user=null | ip=null | op=WRITE_CHUNK {blockData=conID: 1 locID: 102666070313271955 bcsId: 0} | ret=SUCCESS |  
2019-08-23 11:31:50,811 | INFO  | DNAudit | user=null | ip=null | op=PUT_BLOCK {blockData=[blockId=conID: 1 locID: 102666070313271955 bcsId: 0,size=1048576]} | ret=SUCCESS |  
2019-08-23 11:31:50,811 [grpc-default-executor-2] INFO  client.GrpcClientProtocolClient (GrpcClientProtocolClient.java:onNext(255)) - client-C9E345EC67ED->244f13ac-34be-4c4e-8e45-0c0272edbbb2: receive RaftClientReply:client-C9E345EC67ED->244f13ac-34be-4c4e-8e45-0c0272edbbb2@group-FE77C852EF02, cid=3152, SUCCESS, logIndex=4721, commits[244f13ac-34be-4c4e-8e45-0c0272edbbb2:c4722, 6287e41a-5356-4f55-84f2-270816d53e84:c4720, a2c18d3d-e79d-47c9-88fe-d8a1d195302b:c4720]
2019-08-23 11:31:50,812 | INFO  | DNAudit | user=null | ip=null | op=WRITE_CHUNK {blockData=conID: 1 locID: 102666070313271955 bcsId: 0} | ret=SUCCESS |  
2019-08-23 11:31:50,812 [grpc-default-executor-2] INFO  client.GrpcClientProtocolClient (GrpcClientProtocolClient.java:onNext(255)) - client-C9E345EC67ED->244f13ac-34be-4c4e-8e45-0c0272edbbb2: receive RaftClientReply:client-C9E345EC67ED->244f13ac-34be-4c4e-8e45-0c0272edbbb2@group-FE77C852EF02, cid=3153, SUCCESS, logIndex=4722, commits[244f13ac-34be-4c4e-8e45-0c0272edbbb2:c4722, 6287e41a-5356-4f55-84f2-270816d53e84:c4720, a2c18d3d-e79d-47c9-88fe-d8a1d195302b:c4720]
2019-08-23 11:31:50,812 | INFO  | DNAudit | user=null | ip=null | op=PUT_BLOCK {blockData=[blockId=conID: 1 locID: 102666070313271955 bcsId: 0,size=2097152]} | ret=SUCCESS |  
2019-08-23 11:31:50,812 [grpc-default-executor-2] INFO  client.GrpcClientProtocolClient (GrpcClientProtocolClient.java:onNext(255)) - client-C9E345EC67ED->244f13ac-34be-4c4e-8e45-0c0272edbbb2: receive RaftClientReply:client-C9E345EC67ED->244f13ac-34be-4c4e-8e45-0c0272edbbb2@group-FE77C852EF02, cid=3154, SUCCESS, logIndex=4723, commits[244f13ac-34be-4c4e-8e45-0c0272edbbb2:c4724, 6287e41a-5356-4f55-84f2-270816d53e84:c4720, a2c18d3d-e79d-47c9-88fe-d8a1d195302b:c4720]
2019-08-23 11:31:50,813 [grpc-default-executor-2] INFO  client.GrpcClientProtocolClient (GrpcClientProtocolClient.java:onNext(255)) - client-C9E345EC67ED->244f13ac-34be-4c4e-8e45-0c0272edbbb2: receive RaftClientReply:client-C9E345EC67ED->244f13ac-34be-4c4e-8e45-0c0272edbbb2@group-FE77C852EF02, cid=3155, SUCCESS, logIndex=4724, commits[244f13ac-34be-4c4e-8e45-0c0272edbbb2:c4724, 6287e41a-5356-4f55-84f2-270816d53e84:c4720, a2c18d3d-e79d-47c9-88fe-d8a1d195302b:c4720]
2019-08-23 11:31:50,813 | INFO  | DNAudit | user=null | ip=null | op=WRITE_CHUNK {blockData=conID: 1 locID: 102666070313271955 bcsId: 0} | ret=SUCCESS |  
2019-08-23 11:31:50,813 | INFO  | DNAudit | user=null | ip=null | op=PUT_BLOCK {blockData=[blockId=conID: 1 locID: 102666070313271955 bcsId: 0,size=1048576]} | ret=SUCCESS |  
2019-08-23 11:31:50,813 | INFO  | DNAudit | user=null | ip=null | op=WRITE_CHUNK {blockData=conID: 1 locID: 102666070313271955 bcsId: 0} | ret=SUCCESS |  
2019-08-23 11:31:50,814 | INFO  | DNAudit | user=null | ip=null | op=PUT_BLOCK {blockData=[blockId=conID: 1 locID: 102666070313271955 bcsId: 0,size=1048576]} | ret=SUCCESS |  
2019-08-23 11:31:50,814 | INFO  | DNAudit | user=null | ip=null | op=WRITE_CHUNK {blockData=conID: 1 locID: 102666070313271955 bcsId: 0} | ret=SUCCESS |  
2019-08-23 11:31:50,814 | INFO  | DNAudit | user=null | ip=null | op=WRITE_CHUNK {blockData=conID: 1 locID: 102666070313271955 bcsId: 0} | ret=SUCCESS |  
2019-08-23 11:31:50,814 | INFO  | DNAudit | user=null | ip=null | op=PUT_BLOCK {blockData=[blockId=conID: 1 locID: 102666070313271955 bcsId: 0,size=2097152]} | ret=SUCCESS |  
2019-08-23 11:31:50,814 | INFO  | DNAudit | user=null | ip=null | op=PUT_BLOCK {blockData=[blockId=conID: 1 locID: 102666070313271955 bcsId: 0,size=2097152]} | ret=SUCCESS |  
2019-08-23 11:31:50,814 [grpc-default-executor-2] INFO  client.GrpcClientProtocolClient (GrpcClientProtocolClient.java:onNext(255)) - client-C9E345EC67ED->244f13ac-34be-4c4e-8e45-0c0272edbbb2: receive RaftClientReply:client-C9E345EC67ED->244f13ac-34be-4c4e-8e45-0c0272edbbb2@group-FE77C852EF02, cid=3156, SUCCESS, logIndex=0, commits[244f13ac-34be-4c4e-8e45-0c0272edbbb2:c4726, 6287e41a-5356-4f55-84f2-270816d53e84:c4722, a2c18d3d-e79d-47c9-88fe-d8a1d195302b:c4722]
2019-08-23 11:31:50,822 | INFO  | DNAudit | user=null | ip=null | op=WRITE_CHUNK {blockData=conID: 1 locID: 102666070313271955 bcsId: 4724} | ret=SUCCESS |  
2019-08-23 11:31:50,824 | INFO  | DNAudit | user=null | ip=null | op=WRITE_CHUNK {blockData=conID: 1 locID: 102666070313271955 bcsId: 4724} | ret=SUCCESS |  
2019-08-23 11:31:50,824 | INFO  | DNAudit | user=null | ip=null | op=WRITE_CHUNK {blockData=conID: 1 locID: 102666070313271955 bcsId: 4724} | ret=SUCCESS |  
2019-08-23 11:31:50,835 | INFO  | DNAudit | user=null | ip=null | op=WRITE_CHUNK {blockData=conID: 1 locID: 102666070313271955 bcsId: 4724} | ret=SUCCESS |  
2019-08-23 11:31:50,835 | INFO  | DNAudit | user=null | ip=null | op=PUT_BLOCK {blockData=[blockId=conID: 1 locID: 102666070313271955 bcsId: 0,size=3145728]} | ret=SUCCESS |  
2019-08-23 11:31:50,836 [grpc-default-executor-0] INFO  client.GrpcClientProtocolClient (GrpcClientProtocolClient.java:onNext(255)) - client-C9E345EC67ED->244f13ac-34be-4c4e-8e45-0c0272edbbb2: receive RaftClientReply:client-C9E345EC67ED->244f13ac-34be-4c4e-8e45-0c0272edbbb2@group-FE77C852EF02, cid=3157, SUCCESS, logIndex=4729, commits[244f13ac-34be-4c4e-8e45-0c0272edbbb2:c4730, 6287e41a-5356-4f55-84f2-270816d53e84:c4728, a2c18d3d-e79d-47c9-88fe-d8a1d195302b:c4728]
2019-08-23 11:31:50,836 [grpc-default-executor-0] INFO  client.GrpcClientProtocolClient (GrpcClientProtocolClient.java:onNext(255)) - client-C9E345EC67ED->244f13ac-34be-4c4e-8e45-0c0272edbbb2: receive RaftClientReply:client-C9E345EC67ED->244f13ac-34be-4c4e-8e45-0c0272edbbb2@group-FE77C852EF02, cid=3158, SUCCESS, logIndex=4730, commits[244f13ac-34be-4c4e-8e45-0c0272edbbb2:c4730, 6287e41a-5356-4f55-84f2-270816d53e84:c4728, a2c18d3d-e79d-47c9-88fe-d8a1d195302b:c4728]
2019-08-23 11:31:50,842 | INFO  | DNAudit | user=null | ip=null | op=WRITE_CHUNK {blockData=conID: 1 locID: 102666070313271955 bcsId: 4730} | ret=SUCCESS |  
2019-08-23 11:31:50,844 | INFO  | DNAudit | user=null | ip=null | op=WRITE_CHUNK {blockData=conID: 1 locID: 102666070313271955 bcsId: 4730} | ret=SUCCESS |  
2019-08-23 11:31:50,844 | INFO  | DNAudit | user=null | ip=null | op=WRITE_CHUNK {blockData=conID: 1 locID: 102666070313271955 bcsId: 4730} | ret=SUCCESS |  
2019-08-23 11:31:50,846 | INFO  | DNAudit | user=null | ip=null | op=WRITE_CHUNK {blockData=conID: 1 locID: 102666070313271955 bcsId: 4724} | ret=SUCCESS |  
2019-08-23 11:31:50,846 | INFO  | DNAudit | user=null | ip=null | op=WRITE_CHUNK {blockData=conID: 1 locID: 102666070313271955 bcsId: 4724} | ret=SUCCESS |  
2019-08-23 11:31:50,849 | INFO  | DNAudit | user=null | ip=null | op=PUT_BLOCK {blockData=[blockId=conID: 1 locID: 102666070313271955 bcsId: 0,size=3145728]} | ret=SUCCESS |  
2019-08-23 11:31:50,849 | INFO  | DNAudit | user=null | ip=null | op=PUT_BLOCK {blockData=[blockId=conID: 1 locID: 102666070313271955 bcsId: 0,size=3145728]} | ret=SUCCESS |  
2019-08-23 11:31:50,850 | INFO  | DNAudit | user=null | ip=null | op=WRITE_CHUNK {blockData=conID: 1 locID: 102666070313271955 bcsId: 4730} | ret=SUCCESS |  
2019-08-23 11:31:50,850 | INFO  | DNAudit | user=null | ip=null | op=PUT_BLOCK {blockData=[blockId=conID: 1 locID: 102666070313271955 bcsId: 0,size=4194304]} | ret=SUCCESS |  
2019-08-23 11:31:50,850 [grpc-default-executor-1] INFO  client.GrpcClientProtocolClient (GrpcClientProtocolClient.java:onNext(255)) - client-C9E345EC67ED->244f13ac-34be-4c4e-8e45-0c0272edbbb2: receive RaftClientReply:client-C9E345EC67ED->244f13ac-34be-4c4e-8e45-0c0272edbbb2@group-FE77C852EF02, cid=3159, SUCCESS, logIndex=4733, commits[244f13ac-34be-4c4e-8e45-0c0272edbbb2:c4733, 6287e41a-5356-4f55-84f2-270816d53e84:c4730, a2c18d3d-e79d-47c9-88fe-d8a1d195302b:c4730]
2019-08-23 11:31:50,851 [grpc-default-executor-1] INFO  client.GrpcClientProtocolClient (GrpcClientProtocolClient.java:onNext(255)) - client-C9E345EC67ED->244f13ac-34be-4c4e-8e45-0c0272edbbb2: receive RaftClientReply:client-C9E345EC67ED->244f13ac-34be-4c4e-8e45-0c0272edbbb2@group-FE77C852EF02, cid=3160, SUCCESS, logIndex=4734, commits[244f13ac-34be-4c4e-8e45-0c0272edbbb2:c4734, 6287e41a-5356-4f55-84f2-270816d53e84:c4730, a2c18d3d-e79d-47c9-88fe-d8a1d195302b:c4730]
2019-08-23 11:31:50,861 | INFO  | DNAudit | user=null | ip=null | op=WRITE_CHUNK {blockData=conID: 1 locID: 102666070313271955 bcsId: 4730} | ret=SUCCESS |  
2019-08-23 11:31:50,861 | INFO  | DNAudit | user=null | ip=null | op=WRITE_CHUNK {blockData=conID: 1 locID: 102666070313271955 bcsId: 4730} | ret=SUCCESS |  
2019-08-23 11:31:50,862 | INFO  | DNAudit | user=null | ip=null | op=PUT_BLOCK {blockData=[blockId=conID: 1 locID: 102666070313271955 bcsId: 0,size=4194304]} | ret=SUCCESS |  
2019-08-23 11:31:50,862 | INFO  | DNAudit | user=null | ip=null | op=PUT_BLOCK {blockData=[blockId=conID: 1 locID: 102666070313271955 bcsId: 0,size=4194304]} | ret=SUCCESS |  
2019-08-23 11:31:50,863 [grpc-default-executor-1] INFO  client.GrpcClientProtocolClient (GrpcClientProtocolClient.java:onNext(255)) - client-C9E345EC67ED->244f13ac-34be-4c4e-8e45-0c0272edbbb2: receive RaftClientReply:client-C9E345EC67ED->244f13ac-34be-4c4e-8e45-0c0272edbbb2@group-FE77C852EF02, cid=3161, SUCCESS, logIndex=0, commits[244f13ac-34be-4c4e-8e45-0c0272edbbb2:c4736, 6287e41a-5356-4f55-84f2-270816d53e84:c4734, a2c18d3d-e79d-47c9-88fe-d8a1d195302b:c4734]
2019-08-23 11:31:50,868 | INFO  | SCMAudit | user=jenkins1000 | ip=192.168.5.185 | op=ALLOCATE_BLOCK {owner=00a23185-76ea-47b5-a641-ad3cfbe5521a, size=4194304, type=RATIS, factor=THREE} | ret=SUCCESS |  
2019-08-23 11:31:50,871 | INFO  | OMAudit | user=jenkins1000 | ip=127.0.0.1 | op=ALLOCATE_BLOCK {volume=vol-0-37508, bucket=bucket-0-50919, key=key-0-57313, dataSize=0, replicationType=null, replicationFactor=null, keyLocationInfo=null, clientID=102666068570931602} | ret=SUCCESS |  
2019-08-23 11:31:50,877 | INFO  | DNAudit | user=null | ip=null | op=WRITE_CHUNK {blockData=conID: 2 locID: 102666070318645908 bcsId: 0} | ret=SUCCESS |  
2019-08-23 11:31:50,879 | INFO  | DNAudit | user=null | ip=null | op=WRITE_CHUNK {blockData=conID: 2 locID: 102666070318645908 bcsId: 0} | ret=SUCCESS |  
2019-08-23 11:31:50,879 | INFO  | DNAudit | user=null | ip=null | op=WRITE_CHUNK {blockData=conID: 2 locID: 102666070318645908 bcsId: 0} | ret=SUCCESS |  
2019-08-23 11:31:50,879 | INFO  | DNAudit | user=null | ip=null | op=WRITE_CHUNK {blockData=conID: 2 locID: 102666070318645908 bcsId: 0} | ret=SUCCESS |  
2019-08-23 11:31:50,881 | INFO  | DNAudit | user=null | ip=null | op=WRITE_CHUNK {blockData=conID: 2 locID: 102666070318645908 bcsId: 0} | ret=SUCCESS |  
2019-08-23 11:31:50,882 | INFO  | DNAudit | user=null | ip=null | op=WRITE_CHUNK {blockData=conID: 2 locID: 102666070318645908 bcsId: 0} | ret=SUCCESS |  
2019-08-23 11:31:50,890 | INFO  | DNAudit | user=null | ip=null | op=WRITE_CHUNK {blockData=conID: 2 locID: 102666070318645908 bcsId: 0} | ret=SUCCESS |  
2019-08-23 11:31:50,890 | INFO  | DNAudit | user=null | ip=null | op=PUT_BLOCK {blockData=[blockId=conID: 2 locID: 102666070318645908 bcsId: 0,size=1048576]} | ret=SUCCESS |  
2019-08-23 11:31:50,890 [grpc-default-executor-0] INFO  client.GrpcClientProtocolClient (GrpcClientProtocolClient.java:onNext(255)) - client-C9E345EC67ED->244f13ac-34be-4c4e-8e45-0c0272edbbb2: receive RaftClientReply:client-C9E345EC67ED->244f13ac-34be-4c4e-8e45-0c0272edbbb2@group-FE77C852EF02, cid=3162, SUCCESS, logIndex=4737, commits[244f13ac-34be-4c4e-8e45-0c0272edbbb2:c4737, 6287e41a-5356-4f55-84f2-270816d53e84:c4736, a2c18d3d-e79d-47c9-88fe-d8a1d195302b:c4736]
2019-08-23 11:31:50,891 [grpc-default-executor-0] INFO  client.GrpcClientProtocolClient (GrpcClientProtocolClient.java:onNext(255)) - client-C9E345EC67ED->244f13ac-34be-4c4e-8e45-0c0272edbbb2: receive RaftClientReply:client-C9E345EC67ED->244f13ac-34be-4c4e-8e45-0c0272edbbb2@group-FE77C852EF02, cid=3163, SUCCESS, logIndex=4738, commits[244f13ac-34be-4c4e-8e45-0c0272edbbb2:c4738, 6287e41a-5356-4f55-84f2-270816d53e84:c4736, a2c18d3d-e79d-47c9-88fe-d8a1d195302b:c4736]
2019-08-23 11:31:50,891 | INFO  | DNAudit | user=null | ip=null | op=WRITE_CHUNK {blockData=conID: 2 locID: 102666070318645908 bcsId: 0} | ret=SUCCESS |  
2019-08-23 11:31:50,891 | INFO  | DNAudit | user=null | ip=null | op=PUT_BLOCK {blockData=[blockId=conID: 2 locID: 102666070318645908 bcsId: 0,size=2097152]} | ret=SUCCESS |  
2019-08-23 11:31:50,892 [grpc-default-executor-1] INFO  client.GrpcClientProtocolClient (GrpcClientProtocolClient.java:onNext(255)) - client-C9E345EC67ED->244f13ac-34be-4c4e-8e45-0c0272edbbb2: receive RaftClientReply:client-C9E345EC67ED->244f13ac-34be-4c4e-8e45-0c0272edbbb2@group-FE77C852EF02, cid=3164, SUCCESS, logIndex=4739, commits[244f13ac-34be-4c4e-8e45-0c0272edbbb2:c4740, 6287e41a-5356-4f55-84f2-270816d53e84:c4736, a2c18d3d-e79d-47c9-88fe-d8a1d195302b:c4736]
2019-08-23 11:31:50,892 [grpc-default-executor-1] INFO  client.GrpcClientProtocolClient (GrpcClientProtocolClient.java:onNext(255)) - client-C9E345EC67ED->244f13ac-34be-4c4e-8e45-0c0272edbbb2: receive RaftClientReply:client-C9E345EC67ED->244f13ac-34be-4c4e-8e45-0c0272edbbb2@group-FE77C852EF02, cid=3165, SUCCESS, logIndex=4740, commits[244f13ac-34be-4c4e-8e45-0c0272edbbb2:c4740, 6287e41a-5356-4f55-84f2-270816d53e84:c4736, a2c18d3d-e79d-47c9-88fe-d8a1d195302b:c4736]
2019-08-23 11:31:50,892 | INFO  | DNAudit | user=null | ip=null | op=WRITE_CHUNK {blockData=conID: 2 locID: 102666070318645908 bcsId: 0} | ret=SUCCESS |  
2019-08-23 11:31:50,892 | INFO  | DNAudit | user=null | ip=null | op=PUT_BLOCK {blockData=[blockId=conID: 2 locID: 102666070318645908 bcsId: 0,size=1048576]} | ret=SUCCESS |  
2019-08-23 11:31:50,892 | INFO  | DNAudit | user=null | ip=null | op=WRITE_CHUNK {blockData=conID: 2 locID: 102666070318645908 bcsId: 0} | ret=SUCCESS |  
2019-08-23 11:31:50,893 | INFO  | DNAudit | user=null | ip=null | op=PUT_BLOCK {blockData=[blockId=conID: 2 locID: 102666070318645908 bcsId: 0,size=1048576]} | ret=SUCCESS |  
2019-08-23 11:31:50,893 | INFO  | DNAudit | user=null | ip=null | op=WRITE_CHUNK {blockData=conID: 2 locID: 102666070318645908 bcsId: 0} | ret=SUCCESS |  
2019-08-23 11:31:50,893 | INFO  | DNAudit | user=null | ip=null | op=WRITE_CHUNK {blockData=conID: 2 locID: 102666070318645908 bcsId: 0} | ret=SUCCESS |  
2019-08-23 11:31:50,893 | INFO  | DNAudit | user=null | ip=null | op=PUT_BLOCK {blockData=[blockId=conID: 2 locID: 102666070318645908 bcsId: 0,size=2097152]} | ret=SUCCESS |  
2019-08-23 11:31:50,893 [grpc-default-executor-0] INFO  client.GrpcClientProtocolClient (GrpcClientProtocolClient.java:onNext(255)) - client-C9E345EC67ED->244f13ac-34be-4c4e-8e45-0c0272edbbb2: receive RaftClientReply:client-C9E345EC67ED->244f13ac-34be-4c4e-8e45-0c0272edbbb2@group-FE77C852EF02, cid=3166, SUCCESS, logIndex=0, commits[244f13ac-34be-4c4e-8e45-0c0272edbbb2:c4742, 6287e41a-5356-4f55-84f2-270816d53e84:c4738, a2c18d3d-e79d-47c9-88fe-d8a1d195302b:c4738]
2019-08-23 11:31:50,893 | INFO  | DNAudit | user=null | ip=null | op=PUT_BLOCK {blockData=[blockId=conID: 2 locID: 102666070318645908 bcsId: 0,size=2097152]} | ret=SUCCESS |  
2019-08-23 11:31:50,899 | INFO  | DNAudit | user=null | ip=null | op=WRITE_CHUNK {blockData=conID: 2 locID: 102666070318645908 bcsId: 4740} | ret=SUCCESS |  
2019-08-23 11:31:50,900 | INFO  | DNAudit | user=null | ip=null | op=WRITE_CHUNK {blockData=conID: 2 locID: 102666070318645908 bcsId: 4740} | ret=SUCCESS |  
2019-08-23 11:31:50,901 | INFO  | DNAudit | user=null | ip=null | op=WRITE_CHUNK {blockData=conID: 2 locID: 102666070318645908 bcsId: 4740} | ret=SUCCESS |  
2019-08-23 11:31:50,912 | INFO  | DNAudit | user=null | ip=null | op=WRITE_CHUNK {blockData=conID: 2 locID: 102666070318645908 bcsId: 4740} | ret=SUCCESS |  
2019-08-23 11:31:50,912 | INFO  | DNAudit | user=null | ip=null | op=PUT_BLOCK {blockData=[blockId=conID: 2 locID: 102666070318645908 bcsId: 0,size=3145728]} | ret=SUCCESS |  
2019-08-23 11:31:50,912 [grpc-default-executor-0] INFO  client.GrpcClientProtocolClient (GrpcClientProtocolClient.java:onNext(255)) - client-C9E345EC67ED->244f13ac-34be-4c4e-8e45-0c0272edbbb2: receive RaftClientReply:client-C9E345EC67ED->244f13ac-34be-4c4e-8e45-0c0272edbbb2@group-FE77C852EF02, cid=3167, SUCCESS, logIndex=4745, commits[244f13ac-34be-4c4e-8e45-0c0272edbbb2:c4746, 6287e41a-5356-4f55-84f2-270816d53e84:c4744, a2c18d3d-e79d-47c9-88fe-d8a1d195302b:c4744]
2019-08-23 11:31:50,913 [grpc-default-executor-0] INFO  client.GrpcClientProtocolClient (GrpcClientProtocolClient.java:onNext(255)) - client-C9E345EC67ED->244f13ac-34be-4c4e-8e45-0c0272edbbb2: receive RaftClientReply:client-C9E345EC67ED->244f13ac-34be-4c4e-8e45-0c0272edbbb2@group-FE77C852EF02, cid=3168, SUCCESS, logIndex=4746, commits[244f13ac-34be-4c4e-8e45-0c0272edbbb2:c4746, 6287e41a-5356-4f55-84f2-270816d53e84:c4744, a2c18d3d-e79d-47c9-88fe-d8a1d195302b:c4744]
2019-08-23 11:31:50,918 | INFO  | DNAudit | user=null | ip=null | op=WRITE_CHUNK {blockData=conID: 2 locID: 102666070318645908 bcsId: 4746} | ret=SUCCESS |  
2019-08-23 11:31:50,919 | INFO  | DNAudit | user=null | ip=null | op=WRITE_CHUNK {blockData=conID: 2 locID: 102666070318645908 bcsId: 4746} | ret=SUCCESS |  
2019-08-23 11:31:50,920 | INFO  | DNAudit | user=null | ip=null | op=WRITE_CHUNK {blockData=conID: 2 locID: 102666070318645908 bcsId: 4746} | ret=SUCCESS |  
2019-08-23 11:31:50,923 | INFO  | DNAudit | user=null | ip=null | op=WRITE_CHUNK {blockData=conID: 2 locID: 102666070318645908 bcsId: 4740} | ret=SUCCESS |  
2019-08-23 11:31:50,923 | INFO  | DNAudit | user=null | ip=null | op=WRITE_CHUNK {blockData=conID: 2 locID: 102666070318645908 bcsId: 4740} | ret=SUCCESS |  
2019-08-23 11:31:50,923 | INFO  | DNAudit | user=null | ip=null | op=PUT_BLOCK {blockData=[blockId=conID: 2 locID: 102666070318645908 bcsId: 0,size=3145728]} | ret=SUCCESS |  
2019-08-23 11:31:50,924 | INFO  | DNAudit | user=null | ip=null | op=PUT_BLOCK {blockData=[blockId=conID: 2 locID: 102666070318645908 bcsId: 0,size=3145728]} | ret=SUCCESS |  
2019-08-23 11:31:50,925 | INFO  | DNAudit | user=null | ip=null | op=WRITE_CHUNK {blockData=conID: 2 locID: 102666070318645908 bcsId: 4746} | ret=SUCCESS |  
2019-08-23 11:31:50,925 | INFO  | DNAudit | user=null | ip=null | op=PUT_BLOCK {blockData=[blockId=conID: 2 locID: 102666070318645908 bcsId: 0,size=4194304]} | ret=SUCCESS |  
2019-08-23 11:31:50,926 [grpc-default-executor-0] INFO  client.GrpcClientProtocolClient (GrpcClientProtocolClient.java:onNext(255)) - client-C9E345EC67ED->244f13ac-34be-4c4e-8e45-0c0272edbbb2: receive RaftClientReply:client-C9E345EC67ED->244f13ac-34be-4c4e-8e45-0c0272edbbb2@group-FE77C852EF02, cid=3169, SUCCESS, logIndex=4749, commits[244f13ac-34be-4c4e-8e45-0c0272edbbb2:c4750, 6287e41a-5356-4f55-84f2-270816d53e84:c4746, a2c18d3d-e79d-47c9-88fe-d8a1d195302b:c4746]
2019-08-23 11:31:50,926 [grpc-default-executor-2] INFO  client.GrpcClientProtocolClient (GrpcClientProtocolClient.java:onNext(255)) - client-C9E345EC67ED->244f13ac-34be-4c4e-8e45-0c0272edbbb2: receive RaftClientReply:client-C9E345EC67ED->244f13ac-34be-4c4e-8e45-0c0272edbbb2@group-FE77C852EF02, cid=3170, SUCCESS, logIndex=4750, commits[244f13ac-34be-4c4e-8e45-0c0272edbbb2:c4750, 6287e41a-5356-4f55-84f2-270816d53e84:c4746, a2c18d3d-e79d-47c9-88fe-d8a1d195302b:c4746]
2019-08-23 11:31:50,936 | INFO  | DNAudit | user=null | ip=null | op=WRITE_CHUNK {blockData=conID: 2 locID: 102666070318645908 bcsId: 4746} | ret=SUCCESS |  
2019-08-23 11:31:50,936 | INFO  | DNAudit | user=null | ip=null | op=WRITE_CHUNK {blockData=conID: 2 locID: 102666070318645908 bcsId: 4746} | ret=SUCCESS |  
2019-08-23 11:31:50,937 | INFO  | DNAudit | user=null | ip=null | op=PUT_BLOCK {blockData=[blockId=conID: 2 locID: 102666070318645908 bcsId: 0,size=4194304]} | ret=SUCCESS |  
2019-08-23 11:31:50,937 | INFO  | DNAudit | user=null | ip=null | op=PUT_BLOCK {blockData=[blockId=conID: 2 locID: 102666070318645908 bcsId: 0,size=4194304]} | ret=SUCCESS |  
2019-08-23 11:31:50,937 [grpc-default-executor-0] INFO  client.GrpcClientProtocolClient (GrpcClientProtocolClient.java:onNext(255)) - client-C9E345EC67ED->244f13ac-34be-4c4e-8e45-0c0272edbbb2: receive RaftClientReply:client-C9E345EC67ED->244f13ac-34be-4c4e-8e45-0c0272edbbb2@group-FE77C852EF02, cid=3171, SUCCESS, logIndex=0, commits[244f13ac-34be-4c4e-8e45-0c0272edbbb2:c4751, 6287e41a-5356-4f55-84f2-270816d53e84:c4750, a2c18d3d-e79d-47c9-88fe-d8a1d195302b:c4750]
2019-08-23 11:31:50,942 | INFO  | SCMAudit | user=jenkins1000 | ip=192.168.5.185 | op=ALLOCATE_BLOCK {owner=00a23185-76ea-47b5-a641-ad3cfbe5521a, size=4194304, type=RATIS, factor=THREE} | ret=SUCCESS |  
2019-08-23 11:31:50,945 | INFO  | OMAudit | user=jenkins1000 | ip=127.0.0.1 | op=ALLOCATE_BLOCK {volume=vol-0-37508, bucket=bucket-0-50919, key=key-0-57313, dataSize=0, replicationType=null, replicationFactor=null, keyLocationInfo=null, clientID=102666068570931602} | ret=SUCCESS |  
2019-08-23 11:31:50,951 | INFO  | DNAudit | user=null | ip=null | op=WRITE_CHUNK {blockData=conID: 3 locID: 102666070323495573 bcsId: 0} | ret=SUCCESS |  
2019-08-23 11:31:50,953 | INFO  | DNAudit | user=null | ip=null | op=WRITE_CHUNK {blockData=conID: 3 locID: 102666070323495573 bcsId: 0} | ret=SUCCESS |  
2019-08-23 11:31:50,953 | INFO  | DNAudit | user=null | ip=null | op=WRITE_CHUNK {blockData=conID: 3 locID: 102666070323495573 bcsId: 0} | ret=SUCCESS |  
2019-08-23 11:31:50,954 | INFO  | DNAudit | user=null | ip=null | op=WRITE_CHUNK {blockData=conID: 3 locID: 102666070323495573 bcsId: 0} | ret=SUCCESS |  
2019-08-23 11:31:50,954 | INFO  | DNAudit | user=null | ip=null | op=WRITE_CHUNK {blockData=conID: 3 locID: 102666070323495573 bcsId: 0} | ret=SUCCESS |  
2019-08-23 11:31:50,955 | INFO  | DNAudit | user=null | ip=null | op=WRITE_CHUNK {blockData=conID: 3 locID: 102666070323495573 bcsId: 0} | ret=SUCCESS |  
2019-08-23 11:31:50,966 | INFO  | DNAudit | user=null | ip=null | op=WRITE_CHUNK {blockData=conID: 3 locID: 102666070323495573 bcsId: 0} | ret=SUCCESS |  
2019-08-23 11:31:50,966 | INFO  | DNAudit | user=null | ip=null | op=PUT_BLOCK {blockData=[blockId=conID: 3 locID: 102666070323495573 bcsId: 0,size=1048576]} | ret=SUCCESS |  
2019-08-23 11:31:50,966 [grpc-default-executor-0] INFO  client.GrpcClientProtocolClient (GrpcClientProtocolClient.java:onNext(255)) - client-C9E345EC67ED->244f13ac-34be-4c4e-8e45-0c0272edbbb2: receive RaftClientReply:client-C9E345EC67ED->244f13ac-34be-4c4e-8e45-0c0272edbbb2@group-FE77C852EF02, cid=3172, SUCCESS, logIndex=4753, commits[244f13ac-34be-4c4e-8e45-0c0272edbbb2:c4755, 6287e41a-5356-4f55-84f2-270816d53e84:c4752, a2c18d3d-e79d-47c9-88fe-d8a1d195302b:c4752]
2019-08-23 11:31:50,966 | INFO  | DNAudit | user=null | ip=null | op=WRITE_CHUNK {blockData=conID: 3 locID: 102666070323495573 bcsId: 0} | ret=SUCCESS |  
2019-08-23 11:31:50,967 [grpc-default-executor-0] INFO  client.GrpcClientProtocolClient (GrpcClientProtocolClient.java:onNext(255)) - client-C9E345EC67ED->244f13ac-34be-4c4e-8e45-0c0272edbbb2: receive RaftClientReply:client-C9E345EC67ED->244f13ac-34be-4c4e-8e45-0c0272edbbb2@group-FE77C852EF02, cid=3173, SUCCESS, logIndex=4754, commits[244f13ac-34be-4c4e-8e45-0c0272edbbb2:c4756, 6287e41a-5356-4f55-84f2-270816d53e84:c4752, a2c18d3d-e79d-47c9-88fe-d8a1d195302b:c4752]
2019-08-23 11:31:50,967 | INFO  | DNAudit | user=null | ip=null | op=PUT_BLOCK {blockData=[blockId=conID: 3 locID: 102666070323495573 bcsId: 0,size=2097152]} | ret=SUCCESS |  
2019-08-23 11:31:50,967 [grpc-default-executor-0] INFO  client.GrpcClientProtocolClient (GrpcClientProtocolClient.java:onNext(255)) - client-C9E345EC67ED->244f13ac-34be-4c4e-8e45-0c0272edbbb2: receive RaftClientReply:client-C9E345EC67ED->244f13ac-34be-4c4e-8e45-0c0272edbbb2@group-FE77C852EF02, cid=3174, SUCCESS, logIndex=4755, commits[244f13ac-34be-4c4e-8e45-0c0272edbbb2:c4756, 6287e41a-5356-4f55-84f2-270816d53e84:c4752, a2c18d3d-e79d-47c9-88fe-d8a1d195302b:c4752]
2019-08-23 11:31:50,967 [grpc-default-executor-0] INFO  client.GrpcClientProtocolClient (GrpcClientProtocolClient.java:onNext(255)) - client-C9E345EC67ED->244f13ac-34be-4c4e-8e45-0c0272edbbb2: receive RaftClientReply:client-C9E345EC67ED->244f13ac-34be-4c4e-8e45-0c0272edbbb2@group-FE77C852EF02, cid=3175, SUCCESS, logIndex=4756, commits[244f13ac-34be-4c4e-8e45-0c0272edbbb2:c4756, 6287e41a-5356-4f55-84f2-270816d53e84:c4752, a2c18d3d-e79d-47c9-88fe-d8a1d195302b:c4752]
2019-08-23 11:31:50,975 | INFO  | DNAudit | user=null | ip=null | op=WRITE_CHUNK {blockData=conID: 3 locID: 102666070323495573 bcsId: 0} | ret=SUCCESS |  
2019-08-23 11:31:50,975 | INFO  | DNAudit | user=null | ip=null | op=WRITE_CHUNK {blockData=conID: 3 locID: 102666070323495573 bcsId: 0} | ret=SUCCESS |  
2019-08-23 11:31:50,976 | INFO  | DNAudit | user=null | ip=null | op=PUT_BLOCK {blockData=[blockId=conID: 3 locID: 102666070323495573 bcsId: 0,size=1048576]} | ret=SUCCESS |  
2019-08-23 11:31:50,976 | INFO  | DNAudit | user=null | ip=null | op=WRITE_CHUNK {blockData=conID: 3 locID: 102666070323495573 bcsId: 0} | ret=SUCCESS |  
2019-08-23 11:31:50,977 | INFO  | DNAudit | user=null | ip=null | op=PUT_BLOCK {blockData=[blockId=conID: 3 locID: 102666070323495573 bcsId: 0,size=1048576]} | ret=SUCCESS |  
2019-08-23 11:31:50,977 | INFO  | DNAudit | user=null | ip=null | op=WRITE_CHUNK {blockData=conID: 3 locID: 102666070323495573 bcsId: 0} | ret=SUCCESS |  
2019-08-23 11:31:50,977 [grpc-default-executor-0] INFO  client.GrpcClientProtocolClient (GrpcClientProtocolClient.java:onNext(255)) - client-C9E345EC67ED->244f13ac-34be-4c4e-8e45-0c0272edbbb2: receive RaftClientReply:client-C9E345EC67ED->244f13ac-34be-4c4e-8e45-0c0272edbbb2@group-FE77C852EF02, cid=3176, SUCCESS, logIndex=0, commits[244f13ac-34be-4c4e-8e45-0c0272edbbb2:c4759, 6287e41a-5356-4f55-84f2-270816d53e84:c4754, a2c18d3d-e79d-47c9-88fe-d8a1d195302b:c4755]
2019-08-23 11:31:50,977 | INFO  | DNAudit | user=null | ip=null | op=PUT_BLOCK {blockData=[blockId=conID: 3 locID: 102666070323495573 bcsId: 0,size=2097152]} | ret=SUCCESS |  
2019-08-23 11:31:50,977 | INFO  | DNAudit | user=null | ip=null | op=PUT_BLOCK {blockData=[blockId=conID: 3 locID: 102666070323495573 bcsId: 0,size=2097152]} | ret=SUCCESS |  
2019-08-23 11:31:50,982 | INFO  | DNAudit | user=null | ip=null | op=WRITE_CHUNK {blockData=conID: 3 locID: 102666070323495573 bcsId: 4756} | ret=SUCCESS |  
2019-08-23 11:31:50,984 | INFO  | DNAudit | user=null | ip=null | op=WRITE_CHUNK {blockData=conID: 3 locID: 102666070323495573 bcsId: 4756} | ret=SUCCESS |  
2019-08-23 11:31:50,985 | INFO  | DNAudit | user=null | ip=null | op=WRITE_CHUNK {blockData=conID: 3 locID: 102666070323495573 bcsId: 4756} | ret=SUCCESS |  
2019-08-23 11:31:50,993 | INFO  | DNAudit | user=null | ip=null | op=WRITE_CHUNK {blockData=conID: 3 locID: 102666070323495573 bcsId: 4756} | ret=SUCCESS |  
2019-08-23 11:31:50,993 | INFO  | DNAudit | user=null | ip=null | op=PUT_BLOCK {blockData=[blockId=conID: 3 locID: 102666070323495573 bcsId: 0,size=3145728]} | ret=SUCCESS |  
2019-08-23 11:31:50,994 [grpc-default-executor-2] INFO  client.GrpcClientProtocolClient (GrpcClientProtocolClient.java:onNext(255)) - client-C9E345EC67ED->244f13ac-34be-4c4e-8e45-0c0272edbbb2: receive RaftClientReply:client-C9E345EC67ED->244f13ac-34be-4c4e-8e45-0c0272edbbb2@group-FE77C852EF02, cid=3177, SUCCESS, logIndex=4761, commits[244f13ac-34be-4c4e-8e45-0c0272edbbb2:c4762, 6287e41a-5356-4f55-84f2-270816d53e84:c4760, a2c18d3d-e79d-47c9-88fe-d8a1d195302b:c4760]
2019-08-23 11:31:50,994 [grpc-default-executor-2] INFO  client.GrpcClientProtocolClient (GrpcClientProtocolClient.java:onNext(255)) - client-C9E345EC67ED->244f13ac-34be-4c4e-8e45-0c0272edbbb2: receive RaftClientReply:client-C9E345EC67ED->244f13ac-34be-4c4e-8e45-0c0272edbbb2@group-FE77C852EF02, cid=3178, SUCCESS, logIndex=4762, commits[244f13ac-34be-4c4e-8e45-0c0272edbbb2:c4762, 6287e41a-5356-4f55-84f2-270816d53e84:c4760, a2c18d3d-e79d-47c9-88fe-d8a1d195302b:c4760]
2019-08-23 11:31:50,999 | INFO  | DNAudit | user=null | ip=null | op=WRITE_CHUNK {blockData=conID: 3 locID: 102666070323495573 bcsId: 4762} | ret=SUCCESS |  
2019-08-23 11:31:51,001 | INFO  | DNAudit | user=null | ip=null | op=WRITE_CHUNK {blockData=conID: 3 locID: 102666070323495573 bcsId: 4762} | ret=SUCCESS |  
2019-08-23 11:31:51,001 | INFO  | DNAudit | user=null | ip=null | op=WRITE_CHUNK {blockData=conID: 3 locID: 102666070323495573 bcsId: 4762} | ret=SUCCESS |  
2019-08-23 11:31:51,005 | INFO  | DNAudit | user=null | ip=null | op=WRITE_CHUNK {blockData=conID: 3 locID: 102666070323495573 bcsId: 4756} | ret=SUCCESS |  
2019-08-23 11:31:51,005 | INFO  | DNAudit | user=null | ip=null | op=WRITE_CHUNK {blockData=conID: 3 locID: 102666070323495573 bcsId: 4756} | ret=SUCCESS |  
2019-08-23 11:31:51,006 | INFO  | DNAudit | user=null | ip=null | op=PUT_BLOCK {blockData=[blockId=conID: 3 locID: 102666070323495573 bcsId: 0,size=3145728]} | ret=SUCCESS |  
2019-08-23 11:31:51,006 | INFO  | DNAudit | user=null | ip=null | op=PUT_BLOCK {blockData=[blockId=conID: 3 locID: 102666070323495573 bcsId: 0,size=3145728]} | ret=SUCCESS |  
2019-08-23 11:31:51,007 | INFO  | DNAudit | user=null | ip=null | op=WRITE_CHUNK {blockData=conID: 3 locID: 102666070323495573 bcsId: 4762} | ret=SUCCESS |  
2019-08-23 11:31:51,007 | INFO  | DNAudit | user=null | ip=null | op=PUT_BLOCK {blockData=[blockId=conID: 3 locID: 102666070323495573 bcsId: 0,size=4194304]} | ret=SUCCESS |  
2019-08-23 11:31:51,007 [grpc-default-executor-2] INFO  client.GrpcClientProtocolClient (GrpcClientProtocolClient.java:onNext(255)) - client-C9E345EC67ED->244f13ac-34be-4c4e-8e45-0c0272edbbb2: receive RaftClientReply:client-C9E345EC67ED->244f13ac-34be-4c4e-8e45-0c0272edbbb2@group-FE77C852EF02, cid=3179, SUCCESS, logIndex=4765, commits[244f13ac-34be-4c4e-8e45-0c0272edbbb2:c4766, 6287e41a-5356-4f55-84f2-270816d53e84:c4762, a2c18d3d-e79d-47c9-88fe-d8a1d195302b:c4762]
2019-08-23 11:31:51,008 [grpc-default-executor-2] INFO  client.GrpcClientProtocolClient (GrpcClientProtocolClient.java:onNext(255)) - client-C9E345EC67ED->244f13ac-34be-4c4e-8e45-0c0272edbbb2: receive RaftClientReply:client-C9E345EC67ED->244f13ac-34be-4c4e-8e45-0c0272edbbb2@group-FE77C852EF02, cid=3180, SUCCESS, logIndex=4766, commits[244f13ac-34be-4c4e-8e45-0c0272edbbb2:c4766, 6287e41a-5356-4f55-84f2-270816d53e84:c4762, a2c18d3d-e79d-47c9-88fe-d8a1d195302b:c4762]
2019-08-23 11:31:51,023 | INFO  | DNAudit | user=null | ip=null | op=WRITE_CHUNK {blockData=conID: 3 locID: 102666070323495573 bcsId: 4762} | ret=SUCCESS |  
2019-08-23 11:31:51,023 | INFO  | DNAudit | user=null | ip=null | op=PUT_BLOCK {blockData=[blockId=conID: 3 locID: 102666070323495573 bcsId: 0,size=4194304]} | ret=SUCCESS |  
2019-08-23 11:31:51,024 | INFO  | DNAudit | user=null | ip=null | op=WRITE_CHUNK {blockData=conID: 3 locID: 102666070323495573 bcsId: 4762} | ret=SUCCESS |  
2019-08-23 11:31:51,024 | INFO  | DNAudit | user=null | ip=null | op=PUT_BLOCK {blockData=[blockId=conID: 3 locID: 102666070323495573 bcsId: 0,size=4194304]} | ret=SUCCESS |  
2019-08-23 11:31:51,024 [grpc-default-executor-2] INFO  client.GrpcClientProtocolClient (GrpcClientProtocolClient.java:onNext(255)) - client-C9E345EC67ED->244f13ac-34be-4c4e-8e45-0c0272edbbb2: receive RaftClientReply:client-C9E345EC67ED->244f13ac-34be-4c4e-8e45-0c0272edbbb2@group-FE77C852EF02, cid=3181, SUCCESS, logIndex=0, commits[244f13ac-34be-4c4e-8e45-0c0272edbbb2:c4767, 6287e41a-5356-4f55-84f2-270816d53e84:c4766, a2c18d3d-e79d-47c9-88fe-d8a1d195302b:c4766]
2019-08-23 11:31:51,030 | INFO  | SCMAudit | user=jenkins1000 | ip=192.168.5.185 | op=ALLOCATE_BLOCK {owner=00a23185-76ea-47b5-a641-ad3cfbe5521a, size=4194304, type=RATIS, factor=THREE} | ret=SUCCESS |  
2019-08-23 11:31:51,034 | INFO  | OMAudit | user=jenkins1000 | ip=127.0.0.1 | op=ALLOCATE_BLOCK {volume=vol-0-37508, bucket=bucket-0-50919, key=key-0-57313, dataSize=0, replicationType=null, replicationFactor=null, keyLocationInfo=null, clientID=102666068570931602} | ret=SUCCESS |  
2019-08-23 11:31:51,040 | INFO  | DNAudit | user=null | ip=null | op=WRITE_CHUNK {blockData=conID: 1 locID: 102666070329262742 bcsId: 0} | ret=SUCCESS |  
2019-08-23 11:31:51,043 | INFO  | DNAudit | user=null | ip=null | op=WRITE_CHUNK {blockData=conID: 1 locID: 102666070329262742 bcsId: 0} | ret=SUCCESS |  
2019-08-23 11:31:51,043 | INFO  | DNAudit | user=null | ip=null | op=WRITE_CHUNK {blockData=conID: 1 locID: 102666070329262742 bcsId: 0} | ret=SUCCESS |  
2019-08-23 11:31:51,043 | INFO  | DNAudit | user=null | ip=null | op=WRITE_CHUNK {blockData=conID: 1 locID: 102666070329262742 bcsId: 0} | ret=SUCCESS |  
2019-08-23 11:31:51,045 | INFO  | DNAudit | user=null | ip=null | op=WRITE_CHUNK {blockData=conID: 1 locID: 102666070329262742 bcsId: 0} | ret=SUCCESS |  
2019-08-23 11:31:51,045 | INFO  | DNAudit | user=null | ip=null | op=WRITE_CHUNK {blockData=conID: 1 locID: 102666070329262742 bcsId: 0} | ret=SUCCESS |  
2019-08-23 11:31:51,053 | INFO  | DNAudit | user=null | ip=null | op=WRITE_CHUNK {blockData=conID: 1 locID: 102666070329262742 bcsId: 0} | ret=SUCCESS |  
2019-08-23 11:31:51,053 | INFO  | DNAudit | user=null | ip=null | op=PUT_BLOCK {blockData=[blockId=conID: 1 locID: 102666070329262742 bcsId: 0,size=1048576]} | ret=SUCCESS |  
2019-08-23 11:31:51,053 | INFO  | DNAudit | user=null | ip=null | op=WRITE_CHUNK {blockData=conID: 1 locID: 102666070329262742 bcsId: 0} | ret=SUCCESS |  
2019-08-23 11:31:51,053 [grpc-default-executor-0] INFO  client.GrpcClientProtocolClient (GrpcClientProtocolClient.java:onNext(255)) - client-C9E345EC67ED->244f13ac-34be-4c4e-8e45-0c0272edbbb2: receive RaftClientReply:client-C9E345EC67ED->244f13ac-34be-4c4e-8e45-0c0272edbbb2@group-FE77C852EF02, cid=3182, SUCCESS, logIndex=4769, commits[244f13ac-34be-4c4e-8e45-0c0272edbbb2:c4770, 6287e41a-5356-4f55-84f2-270816d53e84:c4768, a2c18d3d-e79d-47c9-88fe-d8a1d195302b:c4768]
2019-08-23 11:31:51,054 | INFO  | DNAudit | user=null | ip=null | op=PUT_BLOCK {blockData=[blockId=conID: 1 locID: 102666070329262742 bcsId: 0,size=2097152]} | ret=SUCCESS |  
2019-08-23 11:31:51,054 [grpc-default-executor-0] INFO  client.GrpcClientProtocolClient (GrpcClientProtocolClient.java:onNext(255)) - client-C9E345EC67ED->244f13ac-34be-4c4e-8e45-0c0272edbbb2: receive RaftClientReply:client-C9E345EC67ED->244f13ac-34be-4c4e-8e45-0c0272edbbb2@group-FE77C852EF02, cid=3183, SUCCESS, logIndex=4770, commits[244f13ac-34be-4c4e-8e45-0c0272edbbb2:c4770, 6287e41a-5356-4f55-84f2-270816d53e84:c4768, a2c18d3d-e79d-47c9-88fe-d8a1d195302b:c4768]
2019-08-23 11:31:51,054 [grpc-default-executor-4] INFO  client.GrpcClientProtocolClient (GrpcClientProtocolClient.java:onNext(255)) - client-C9E345EC67ED->244f13ac-34be-4c4e-8e45-0c0272edbbb2: receive RaftClientReply:client-C9E345EC67ED->244f13ac-34be-4c4e-8e45-0c0272edbbb2@group-FE77C852EF02, cid=3184, SUCCESS, logIndex=4771, commits[244f13ac-34be-4c4e-8e45-0c0272edbbb2:c4772, 6287e41a-5356-4f55-84f2-270816d53e84:c4768, a2c18d3d-e79d-47c9-88fe-d8a1d195302b:c4768]
2019-08-23 11:31:51,054 [grpc-default-executor-4] INFO  client.GrpcClientProtocolClient (GrpcClientProtocolClient.java:onNext(255)) - client-C9E345EC67ED->244f13ac-34be-4c4e-8e45-0c0272edbbb2: receive RaftClientReply:client-C9E345EC67ED->244f13ac-34be-4c4e-8e45-0c0272edbbb2@group-FE77C852EF02, cid=3185, SUCCESS, logIndex=4772, commits[244f13ac-34be-4c4e-8e45-0c0272edbbb2:c4772, 6287e41a-5356-4f55-84f2-270816d53e84:c4768, a2c18d3d-e79d-47c9-88fe-d8a1d195302b:c4768]
2019-08-23 11:31:51,054 | INFO  | DNAudit | user=null | ip=null | op=WRITE_CHUNK {blockData=conID: 1 locID: 102666070329262742 bcsId: 0} | ret=SUCCESS |  
2019-08-23 11:31:51,055 | INFO  | DNAudit | user=null | ip=null | op=PUT_BLOCK {blockData=[blockId=conID: 1 locID: 102666070329262742 bcsId: 0,size=1048576]} | ret=SUCCESS |  
2019-08-23 11:31:51,056 | INFO  | DNAudit | user=null | ip=null | op=WRITE_CHUNK {blockData=conID: 1 locID: 102666070329262742 bcsId: 0} | ret=SUCCESS |  
2019-08-23 11:31:51,056 | INFO  | DNAudit | user=null | ip=null | op=PUT_BLOCK {blockData=[blockId=conID: 1 locID: 102666070329262742 bcsId: 0,size=2097152]} | ret=SUCCESS |  
2019-08-23 11:31:51,056 | INFO  | DNAudit | user=null | ip=null | op=WRITE_CHUNK {blockData=conID: 1 locID: 102666070329262742 bcsId: 0} | ret=SUCCESS |  
2019-08-23 11:31:51,056 | INFO  | DNAudit | user=null | ip=null | op=PUT_BLOCK {blockData=[blockId=conID: 1 locID: 102666070329262742 bcsId: 0,size=1048576]} | ret=SUCCESS |  
2019-08-23 11:31:51,056 | INFO  | DNAudit | user=null | ip=null | op=WRITE_CHUNK {blockData=conID: 1 locID: 102666070329262742 bcsId: 0} | ret=SUCCESS |  
2019-08-23 11:31:51,057 | INFO  | DNAudit | user=null | ip=null | op=PUT_BLOCK {blockData=[blockId=conID: 1 locID: 102666070329262742 bcsId: 0,size=2097152]} | ret=SUCCESS |  
2019-08-23 11:31:51,057 [grpc-default-executor-0] INFO  client.GrpcClientProtocolClient (GrpcClientProtocolClient.java:onNext(255)) - client-C9E345EC67ED->244f13ac-34be-4c4e-8e45-0c0272edbbb2: receive RaftClientReply:client-C9E345EC67ED->244f13ac-34be-4c4e-8e45-0c0272edbbb2@group-FE77C852EF02, cid=3186, SUCCESS, logIndex=0, commits[244f13ac-34be-4c4e-8e45-0c0272edbbb2:c4776, 6287e41a-5356-4f55-84f2-270816d53e84:c4772, a2c18d3d-e79d-47c9-88fe-d8a1d195302b:c4770]
2019-08-23 11:31:51,063 | INFO  | DNAudit | user=null | ip=null | op=WRITE_CHUNK {blockData=conID: 1 locID: 102666070329262742 bcsId: 4772} | ret=SUCCESS |  
2019-08-23 11:31:51,065 | INFO  | DNAudit | user=null | ip=null | op=WRITE_CHUNK {blockData=conID: 1 locID: 102666070329262742 bcsId: 4772} | ret=SUCCESS |  
2019-08-23 11:31:51,065 | INFO  | DNAudit | user=null | ip=null | op=WRITE_CHUNK {blockData=conID: 1 locID: 102666070329262742 bcsId: 4772} | ret=SUCCESS |  
2019-08-23 11:31:51,078 | INFO  | DNAudit | user=null | ip=null | op=WRITE_CHUNK {blockData=conID: 1 locID: 102666070329262742 bcsId: 4772} | ret=SUCCESS |  
2019-08-23 11:31:51,078 | INFO  | DNAudit | user=null | ip=null | op=PUT_BLOCK {blockData=[blockId=conID: 1 locID: 102666070329262742 bcsId: 0,size=3145728]} | ret=SUCCESS |  
2019-08-23 11:31:51,078 [grpc-default-executor-4] INFO  client.GrpcClientProtocolClient (GrpcClientProtocolClient.java:onNext(255)) - client-C9E345EC67ED->244f13ac-34be-4c4e-8e45-0c0272edbbb2: receive RaftClientReply:client-C9E345EC67ED->244f13ac-34be-4c4e-8e45-0c0272edbbb2@group-FE77C852EF02, cid=3187, SUCCESS, logIndex=4777, commits[244f13ac-34be-4c4e-8e45-0c0272edbbb2:c4777, 6287e41a-5356-4f55-84f2-270816d53e84:c4776, a2c18d3d-e79d-47c9-88fe-d8a1d195302b:c4776]
2019-08-23 11:31:51,079 [grpc-default-executor-4] INFO  client.GrpcClientProtocolClient (GrpcClientProtocolClient.java:onNext(255)) - client-C9E345EC67ED->244f13ac-34be-4c4e-8e45-0c0272edbbb2: receive RaftClientReply:client-C9E345EC67ED->244f13ac-34be-4c4e-8e45-0c0272edbbb2@group-FE77C852EF02, cid=3188, SUCCESS, logIndex=4778, commits[244f13ac-34be-4c4e-8e45-0c0272edbbb2:c4778, 6287e41a-5356-4f55-84f2-270816d53e84:c4776, a2c18d3d-e79d-47c9-88fe-d8a1d195302b:c4776]
2019-08-23 11:31:51,085 | INFO  | DNAudit | user=null | ip=null | op=WRITE_CHUNK {blockData=conID: 1 locID: 102666070329262742 bcsId: 4778} | ret=SUCCESS |  
2019-08-23 11:31:51,087 | INFO  | DNAudit | user=null | ip=null | op=WRITE_CHUNK {blockData=conID: 1 locID: 102666070329262742 bcsId: 4778} | ret=SUCCESS |  
2019-08-23 11:31:51,088 | INFO  | DNAudit | user=null | ip=null | op=WRITE_CHUNK {blockData=conID: 1 locID: 102666070329262742 bcsId: 4778} | ret=SUCCESS |  
2019-08-23 11:31:51,090 | INFO  | DNAudit | user=null | ip=null | op=WRITE_CHUNK {blockData=conID: 1 locID: 102666070329262742 bcsId: 4772} | ret=SUCCESS |  
2019-08-23 11:31:51,090 | INFO  | DNAudit | user=null | ip=null | op=WRITE_CHUNK {blockData=conID: 1 locID: 102666070329262742 bcsId: 4772} | ret=SUCCESS |  
2019-08-23 11:31:51,091 | INFO  | DNAudit | user=null | ip=null | op=PUT_BLOCK {blockData=[blockId=conID: 1 locID: 102666070329262742 bcsId: 0,size=3145728]} | ret=SUCCESS |  
2019-08-23 11:31:51,091 | INFO  | DNAudit | user=null | ip=null | op=PUT_BLOCK {blockData=[blockId=conID: 1 locID: 102666070329262742 bcsId: 0,size=3145728]} | ret=SUCCESS |  
2019-08-23 11:31:51,091 | INFO  | DNAudit | user=null | ip=null | op=WRITE_CHUNK {blockData=conID: 1 locID: 102666070329262742 bcsId: 4778} | ret=SUCCESS |  
2019-08-23 11:31:51,092 | INFO  | DNAudit | user=null | ip=null | op=PUT_BLOCK {blockData=[blockId=conID: 1 locID: 102666070329262742 bcsId: 0,size=4194304]} | ret=SUCCESS |  
2019-08-23 11:31:51,092 [grpc-default-executor-2] INFO  client.GrpcClientProtocolClient (GrpcClientProtocolClient.java:onNext(255)) - client-C9E345EC67ED->244f13ac-34be-4c4e-8e45-0c0272edbbb2: receive RaftClientReply:client-C9E345EC67ED->244f13ac-34be-4c4e-8e45-0c0272edbbb2@group-FE77C852EF02, cid=3189, SUCCESS, logIndex=4781, commits[244f13ac-34be-4c4e-8e45-0c0272edbbb2:c4782, 6287e41a-5356-4f55-84f2-270816d53e84:c4778, a2c18d3d-e79d-47c9-88fe-d8a1d195302b:c4778]
2019-08-23 11:31:51,092 [grpc-default-executor-2] INFO  client.GrpcClientProtocolClient (GrpcClientProtocolClient.java:onNext(255)) - client-C9E345EC67ED->244f13ac-34be-4c4e-8e45-0c0272edbbb2: receive RaftClientReply:client-C9E345EC67ED->244f13ac-34be-4c4e-8e45-0c0272edbbb2@group-FE77C852EF02, cid=3190, SUCCESS, logIndex=4782, commits[244f13ac-34be-4c4e-8e45-0c0272edbbb2:c4782, 6287e41a-5356-4f55-84f2-270816d53e84:c4778, a2c18d3d-e79d-47c9-88fe-d8a1d195302b:c4778]
2019-08-23 11:31:51,103 | INFO  | DNAudit | user=null | ip=null | op=WRITE_CHUNK {blockData=conID: 1 locID: 102666070329262742 bcsId: 4778} | ret=SUCCESS |  
2019-08-23 11:31:51,103 | INFO  | DNAudit | user=null | ip=null | op=WRITE_CHUNK {blockData=conID: 1 locID: 102666070329262742 bcsId: 4778} | ret=SUCCESS |  
2019-08-23 11:31:51,104 | INFO  | DNAudit | user=null | ip=null | op=PUT_BLOCK {blockData=[blockId=conID: 1 locID: 102666070329262742 bcsId: 0,size=4194304]} | ret=SUCCESS |  
2019-08-23 11:31:51,105 | INFO  | DNAudit | user=null | ip=null | op=PUT_BLOCK {blockData=[blockId=conID: 1 locID: 102666070329262742 bcsId: 0,size=4194304]} | ret=SUCCESS |  
2019-08-23 11:31:51,105 [grpc-default-executor-2] INFO  client.GrpcClientProtocolClient (GrpcClientProtocolClient.java:onNext(255)) - client-C9E345EC67ED->244f13ac-34be-4c4e-8e45-0c0272edbbb2: receive RaftClientReply:client-C9E345EC67ED->244f13ac-34be-4c4e-8e45-0c0272edbbb2@group-FE77C852EF02, cid=3191, SUCCESS, logIndex=0, commits[244f13ac-34be-4c4e-8e45-0c0272edbbb2:c4784, 6287e41a-5356-4f55-84f2-270816d53e84:c4782, a2c18d3d-e79d-47c9-88fe-d8a1d195302b:c4782]
2019-08-23 11:31:51,110 | INFO  | SCMAudit | user=jenkins1000 | ip=192.168.5.185 | op=ALLOCATE_BLOCK {owner=00a23185-76ea-47b5-a641-ad3cfbe5521a, size=4194304, type=RATIS, factor=THREE} | ret=SUCCESS |  
2019-08-23 11:31:51,114 | INFO  | OMAudit | user=jenkins1000 | ip=127.0.0.1 | op=ALLOCATE_BLOCK {volume=vol-0-37508, bucket=bucket-0-50919, key=key-0-57313, dataSize=0, replicationType=null, replicationFactor=null, keyLocationInfo=null, clientID=102666068570931602} | ret=SUCCESS |  
2019-08-23 11:31:51,120 | INFO  | DNAudit | user=null | ip=null | op=WRITE_CHUNK {blockData=conID: 2 locID: 102666070334505623 bcsId: 0} | ret=SUCCESS |  
2019-08-23 11:31:51,123 | INFO  | DNAudit | user=null | ip=null | op=WRITE_CHUNK {blockData=conID: 2 locID: 102666070334505623 bcsId: 0} | ret=SUCCESS |  
2019-08-23 11:31:51,123 | INFO  | DNAudit | user=null | ip=null | op=WRITE_CHUNK {blockData=conID: 2 locID: 102666070334505623 bcsId: 0} | ret=SUCCESS |  
2019-08-23 11:31:51,123 | INFO  | DNAudit | user=null | ip=null | op=WRITE_CHUNK {blockData=conID: 2 locID: 102666070334505623 bcsId: 0} | ret=SUCCESS |  
2019-08-23 11:31:51,125 | INFO  | DNAudit | user=null | ip=null | op=WRITE_CHUNK {blockData=conID: 2 locID: 102666070334505623 bcsId: 0} | ret=SUCCESS |  
2019-08-23 11:31:51,125 | INFO  | DNAudit | user=null | ip=null | op=WRITE_CHUNK {blockData=conID: 2 locID: 102666070334505623 bcsId: 0} | ret=SUCCESS |  
2019-08-23 11:31:51,133 | INFO  | DNAudit | user=null | ip=null | op=WRITE_CHUNK {blockData=conID: 2 locID: 102666070334505623 bcsId: 0} | ret=SUCCESS |  
2019-08-23 11:31:51,134 | INFO  | DNAudit | user=null | ip=null | op=PUT_BLOCK {blockData=[blockId=conID: 2 locID: 102666070334505623 bcsId: 0,size=1048576]} | ret=SUCCESS |  
2019-08-23 11:31:51,134 [grpc-default-executor-2] INFO  client.GrpcClientProtocolClient (GrpcClientProtocolClient.java:onNext(255)) - client-C9E345EC67ED->244f13ac-34be-4c4e-8e45-0c0272edbbb2: receive RaftClientReply:client-C9E345EC67ED->244f13ac-34be-4c4e-8e45-0c0272edbbb2@group-FE77C852EF02, cid=3192, SUCCESS, logIndex=4785, commits[244f13ac-34be-4c4e-8e45-0c0272edbbb2:c4788, 6287e41a-5356-4f55-84f2-270816d53e84:c4784, a2c18d3d-e79d-47c9-88fe-d8a1d195302b:c4784]
2019-08-23 11:31:51,134 | INFO  | DNAudit | user=null | ip=null | op=WRITE_CHUNK {blockData=conID: 2 locID: 102666070334505623 bcsId: 0} | ret=SUCCESS |  
2019-08-23 11:31:51,134 | INFO  | DNAudit | user=null | ip=null | op=WRITE_CHUNK {blockData=conID: 2 locID: 102666070334505623 bcsId: 0} | ret=SUCCESS |  
2019-08-23 11:31:51,134 [grpc-default-executor-2] INFO  client.GrpcClientProtocolClient (GrpcClientProtocolClient.java:onNext(255)) - client-C9E345EC67ED->244f13ac-34be-4c4e-8e45-0c0272edbbb2: receive RaftClientReply:client-C9E345EC67ED->244f13ac-34be-4c4e-8e45-0c0272edbbb2@group-FE77C852EF02, cid=3193, SUCCESS, logIndex=4786, commits[244f13ac-34be-4c4e-8e45-0c0272edbbb2:c4788, 6287e41a-5356-4f55-84f2-270816d53e84:c4784, a2c18d3d-e79d-47c9-88fe-d8a1d195302b:c4784]
2019-08-23 11:31:51,135 | INFO  | DNAudit | user=null | ip=null | op=PUT_BLOCK {blockData=[blockId=conID: 2 locID: 102666070334505623 bcsId: 0,size=2097152]} | ret=SUCCESS |  
2019-08-23 11:31:51,135 | INFO  | DNAudit | user=null | ip=null | op=PUT_BLOCK {blockData=[blockId=conID: 2 locID: 102666070334505623 bcsId: 0,size=1048576]} | ret=SUCCESS |  
2019-08-23 11:31:51,135 [grpc-default-executor-2] INFO  client.GrpcClientProtocolClient (GrpcClientProtocolClient.java:onNext(255)) - client-C9E345EC67ED->244f13ac-34be-4c4e-8e45-0c0272edbbb2: receive RaftClientReply:client-C9E345EC67ED->244f13ac-34be-4c4e-8e45-0c0272edbbb2@group-FE77C852EF02, cid=3194, SUCCESS, logIndex=4787, commits[244f13ac-34be-4c4e-8e45-0c0272edbbb2:c4788, 6287e41a-5356-4f55-84f2-270816d53e84:c4784, a2c18d3d-e79d-47c9-88fe-d8a1d195302b:c4784]
2019-08-23 11:31:51,135 [grpc-default-executor-0] INFO  client.GrpcClientProtocolClient (GrpcClientProtocolClient.java:onNext(255)) - client-C9E345EC67ED->244f13ac-34be-4c4e-8e45-0c0272edbbb2: receive RaftClientReply:client-C9E345EC67ED->244f13ac-34be-4c4e-8e45-0c0272edbbb2@group-FE77C852EF02, cid=3195, SUCCESS, logIndex=4788, commits[244f13ac-34be-4c4e-8e45-0c0272edbbb2:c4789, 6287e41a-5356-4f55-84f2-270816d53e84:c4786, a2c18d3d-e79d-47c9-88fe-d8a1d195302b:c4784]
2019-08-23 11:31:51,135 | INFO  | DNAudit | user=null | ip=null | op=WRITE_CHUNK {blockData=conID: 2 locID: 102666070334505623 bcsId: 0} | ret=SUCCESS |  
2019-08-23 11:31:51,136 | INFO  | DNAudit | user=null | ip=null | op=PUT_BLOCK {blockData=[blockId=conID: 2 locID: 102666070334505623 bcsId: 0,size=2097152]} | ret=SUCCESS |  
2019-08-23 11:31:51,136 | INFO  | DNAudit | user=null | ip=null | op=WRITE_CHUNK {blockData=conID: 2 locID: 102666070334505623 bcsId: 0} | ret=SUCCESS |  
2019-08-23 11:31:51,136 | INFO  | DNAudit | user=null | ip=null | op=PUT_BLOCK {blockData=[blockId=conID: 2 locID: 102666070334505623 bcsId: 0,size=1048576]} | ret=SUCCESS |  
2019-08-23 11:31:51,136 | INFO  | DNAudit | user=null | ip=null | op=WRITE_CHUNK {blockData=conID: 2 locID: 102666070334505623 bcsId: 0} | ret=SUCCESS |  
2019-08-23 11:31:51,136 [grpc-default-executor-0] INFO  client.GrpcClientProtocolClient (GrpcClientProtocolClient.java:onNext(255)) - client-C9E345EC67ED->244f13ac-34be-4c4e-8e45-0c0272edbbb2: receive RaftClientReply:client-C9E345EC67ED->244f13ac-34be-4c4e-8e45-0c0272edbbb2@group-FE77C852EF02, cid=3196, SUCCESS, logIndex=0, commits[244f13ac-34be-4c4e-8e45-0c0272edbbb2:c4792, 6287e41a-5356-4f55-84f2-270816d53e84:c4788, a2c18d3d-e79d-47c9-88fe-d8a1d195302b:c4786]
2019-08-23 11:31:51,137 | INFO  | DNAudit | user=null | ip=null | op=PUT_BLOCK {blockData=[blockId=conID: 2 locID: 102666070334505623 bcsId: 0,size=2097152]} | ret=SUCCESS |  
2019-08-23 11:31:51,142 | INFO  | DNAudit | user=null | ip=null | op=WRITE_CHUNK {blockData=conID: 2 locID: 102666070334505623 bcsId: 4788} | ret=SUCCESS |  
2019-08-23 11:31:51,145 | INFO  | DNAudit | user=null | ip=null | op=WRITE_CHUNK {blockData=conID: 2 locID: 102666070334505623 bcsId: 4788} | ret=SUCCESS |  
2019-08-23 11:31:51,145 | INFO  | DNAudit | user=null | ip=null | op=WRITE_CHUNK {blockData=conID: 2 locID: 102666070334505623 bcsId: 4788} | ret=SUCCESS |  
2019-08-23 11:31:51,155 | INFO  | DNAudit | user=null | ip=null | op=WRITE_CHUNK {blockData=conID: 2 locID: 102666070334505623 bcsId: 4788} | ret=SUCCESS |  
2019-08-23 11:31:51,155 | INFO  | DNAudit | user=null | ip=null | op=PUT_BLOCK {blockData=[blockId=conID: 2 locID: 102666070334505623 bcsId: 0,size=3145728]} | ret=SUCCESS |  
2019-08-23 11:31:51,155 [grpc-default-executor-0] INFO  client.GrpcClientProtocolClient (GrpcClientProtocolClient.java:onNext(255)) - client-C9E345EC67ED->244f13ac-34be-4c4e-8e45-0c0272edbbb2: receive RaftClientReply:client-C9E345EC67ED->244f13ac-34be-4c4e-8e45-0c0272edbbb2@group-FE77C852EF02, cid=3197, SUCCESS, logIndex=4793, commits[244f13ac-34be-4c4e-8e45-0c0272edbbb2:c4794, 6287e41a-5356-4f55-84f2-270816d53e84:c4792, a2c18d3d-e79d-47c9-88fe-d8a1d195302b:c4792]
2019-08-23 11:31:51,156 [grpc-default-executor-0] INFO  client.GrpcClientProtocolClient (GrpcClientProtocolClient.java:onNext(255)) - client-C9E345EC67ED->244f13ac-34be-4c4e-8e45-0c0272edbbb2: receive RaftClientReply:client-C9E345EC67ED->244f13ac-34be-4c4e-8e45-0c0272edbbb2@group-FE77C852EF02, cid=3198, SUCCESS, logIndex=4794, commits[244f13ac-34be-4c4e-8e45-0c0272edbbb2:c4794, 6287e41a-5356-4f55-84f2-270816d53e84:c4792, a2c18d3d-e79d-47c9-88fe-d8a1d195302b:c4792]
2019-08-23 11:31:51,162 | INFO  | DNAudit | user=null | ip=null | op=WRITE_CHUNK {blockData=conID: 2 locID: 102666070334505623 bcsId: 4794} | ret=SUCCESS |  
2019-08-23 11:31:51,164 | INFO  | DNAudit | user=null | ip=null | op=WRITE_CHUNK {blockData=conID: 2 locID: 102666070334505623 bcsId: 4794} | ret=SUCCESS |  
2019-08-23 11:31:51,165 | INFO  | DNAudit | user=null | ip=null | op=WRITE_CHUNK {blockData=conID: 2 locID: 102666070334505623 bcsId: 4794} | ret=SUCCESS |  
2019-08-23 11:31:51,166 | INFO  | DNAudit | user=null | ip=null | op=WRITE_CHUNK {blockData=conID: 2 locID: 102666070334505623 bcsId: 4788} | ret=SUCCESS |  
2019-08-23 11:31:51,166 | INFO  | DNAudit | user=null | ip=null | op=WRITE_CHUNK {blockData=conID: 2 locID: 102666070334505623 bcsId: 4788} | ret=SUCCESS |  
2019-08-23 11:31:51,168 | INFO  | DNAudit | user=null | ip=null | op=PUT_BLOCK {blockData=[blockId=conID: 2 locID: 102666070334505623 bcsId: 0,size=3145728]} | ret=SUCCESS |  
2019-08-23 11:31:51,168 | INFO  | DNAudit | user=null | ip=null | op=PUT_BLOCK {blockData=[blockId=conID: 2 locID: 102666070334505623 bcsId: 0,size=3145728]} | ret=SUCCESS |  
2019-08-23 11:31:51,168 | INFO  | DNAudit | user=null | ip=null | op=WRITE_CHUNK {blockData=conID: 2 locID: 102666070334505623 bcsId: 4794} | ret=SUCCESS |  
2019-08-23 11:31:51,169 | INFO  | DNAudit | user=null | ip=null | op=PUT_BLOCK {blockData=[blockId=conID: 2 locID: 102666070334505623 bcsId: 0,size=4194304]} | ret=SUCCESS |  
2019-08-23 11:31:51,169 [grpc-default-executor-4] INFO  client.GrpcClientProtocolClient (GrpcClientProtocolClient.java:onNext(255)) - client-C9E345EC67ED->244f13ac-34be-4c4e-8e45-0c0272edbbb2: receive RaftClientReply:client-C9E345EC67ED->244f13ac-34be-4c4e-8e45-0c0272edbbb2@group-FE77C852EF02, cid=3199, SUCCESS, logIndex=4797, commits[244f13ac-34be-4c4e-8e45-0c0272edbbb2:c4798, 6287e41a-5356-4f55-84f2-270816d53e84:c4794, a2c18d3d-e79d-47c9-88fe-d8a1d195302b:c4794]
2019-08-23 11:31:51,169 [grpc-default-executor-4] INFO  client.GrpcClientProtocolClient (GrpcClientProtocolClient.java:onNext(255)) - client-C9E345EC67ED->244f13ac-34be-4c4e-8e45-0c0272edbbb2: receive RaftClientReply:client-C9E345EC67ED->244f13ac-34be-4c4e-8e45-0c0272edbbb2@group-FE77C852EF02, cid=3200, SUCCESS, logIndex=4798, commits[244f13ac-34be-4c4e-8e45-0c0272edbbb2:c4798, 6287e41a-5356-4f55-84f2-270816d53e84:c4794, a2c18d3d-e79d-47c9-88fe-d8a1d195302b:c4794]
2019-08-23 11:31:51,180 | INFO  | DNAudit | user=null | ip=null | op=WRITE_CHUNK {blockData=conID: 2 locID: 102666070334505623 bcsId: 4794} | ret=SUCCESS |  
2019-08-23 11:31:51,180 | INFO  | DNAudit | user=null | ip=null | op=WRITE_CHUNK {blockData=conID: 2 locID: 102666070334505623 bcsId: 4794} | ret=SUCCESS |  
2019-08-23 11:31:51,181 | INFO  | DNAudit | user=null | ip=null | op=PUT_BLOCK {blockData=[blockId=conID: 2 locID: 102666070334505623 bcsId: 0,size=4194304]} | ret=SUCCESS |  
2019-08-23 11:31:51,181 | INFO  | DNAudit | user=null | ip=null | op=PUT_BLOCK {blockData=[blockId=conID: 2 locID: 102666070334505623 bcsId: 0,size=4194304]} | ret=SUCCESS |  
2019-08-23 11:31:51,182 [grpc-default-executor-4] INFO  client.GrpcClientProtocolClient (GrpcClientProtocolClient.java:onNext(255)) - client-C9E345EC67ED->244f13ac-34be-4c4e-8e45-0c0272edbbb2: receive RaftClientReply:client-C9E345EC67ED->244f13ac-34be-4c4e-8e45-0c0272edbbb2@group-FE77C852EF02, cid=3201, SUCCESS, logIndex=0, commits[244f13ac-34be-4c4e-8e45-0c0272edbbb2:c4800, 6287e41a-5356-4f55-84f2-270816d53e84:c4798, a2c18d3d-e79d-47c9-88fe-d8a1d195302b:c4798]
2019-08-23 11:31:51,296 | INFO  | SCMAudit | user=jenkins1000 | ip=192.168.5.185 | op=ALLOCATE_BLOCK {owner=00a23185-76ea-47b5-a641-ad3cfbe5521a, size=4194304, type=RATIS, factor=THREE} | ret=SUCCESS |  
2019-08-23 11:31:51,302 | INFO  | OMAudit | user=jenkins1000 | ip=127.0.0.1 | op=ALLOCATE_BLOCK {volume=vol-0-37508, bucket=bucket-0-50919, key=key-0-57313, dataSize=0, replicationType=null, replicationFactor=null, keyLocationInfo=null, clientID=102666068570931602} | ret=SUCCESS |  
2019-08-23 11:31:51,311 | INFO  | DNAudit | user=null | ip=null | op=WRITE_CHUNK {blockData=conID: 3 locID: 102666070346695320 bcsId: 0} | ret=SUCCESS |  
2019-08-23 11:31:51,315 | INFO  | DNAudit | user=null | ip=null | op=WRITE_CHUNK {blockData=conID: 3 locID: 102666070346695320 bcsId: 0} | ret=SUCCESS |  
2019-08-23 11:31:51,315 | INFO  | DNAudit | user=null | ip=null | op=WRITE_CHUNK {blockData=conID: 3 locID: 102666070346695320 bcsId: 0} | ret=SUCCESS |  
2019-08-23 11:31:51,315 | INFO  | DNAudit | user=null | ip=null | op=WRITE_CHUNK {blockData=conID: 3 locID: 102666070346695320 bcsId: 0} | ret=SUCCESS |  
2019-08-23 11:31:51,316 | INFO  | DNAudit | user=null | ip=null | op=WRITE_CHUNK {blockData=conID: 3 locID: 102666070346695320 bcsId: 0} | ret=SUCCESS |  
2019-08-23 11:31:51,317 | INFO  | DNAudit | user=null | ip=null | op=WRITE_CHUNK {blockData=conID: 3 locID: 102666070346695320 bcsId: 0} | ret=SUCCESS |  
2019-08-23 11:31:51,323 | INFO  | DNAudit | user=null | ip=null | op=WRITE_CHUNK {blockData=conID: 3 locID: 102666070346695320 bcsId: 0} | ret=SUCCESS |  
2019-08-23 11:31:51,323 | INFO  | DNAudit | user=null | ip=null | op=PUT_BLOCK {blockData=[blockId=conID: 3 locID: 102666070346695320 bcsId: 0,size=1048576]} | ret=SUCCESS |  
2019-08-23 11:31:51,324 [grpc-default-executor-2] INFO  client.GrpcClientProtocolClient (GrpcClientProtocolClient.java:onNext(255)) - client-C9E345EC67ED->244f13ac-34be-4c4e-8e45-0c0272edbbb2: receive RaftClientReply:client-C9E345EC67ED->244f13ac-34be-4c4e-8e45-0c0272edbbb2@group-FE77C852EF02, cid=3202, SUCCESS, logIndex=4801, commits[244f13ac-34be-4c4e-8e45-0c0272edbbb2:c4802, 6287e41a-5356-4f55-84f2-270816d53e84:c4800, a2c18d3d-e79d-47c9-88fe-d8a1d195302b:c4800]
2019-08-23 11:31:51,324 | INFO  | DNAudit | user=null | ip=null | op=WRITE_CHUNK {blockData=conID: 3 locID: 102666070346695320 bcsId: 0} | ret=SUCCESS |  
2019-08-23 11:31:51,324 [grpc-default-executor-2] INFO  client.GrpcClientProtocolClient (GrpcClientProtocolClient.java:onNext(255)) - client-C9E345EC67ED->244f13ac-34be-4c4e-8e45-0c0272edbbb2: receive RaftClientReply:client-C9E345EC67ED->244f13ac-34be-4c4e-8e45-0c0272edbbb2@group-FE77C852EF02, cid=3203, SUCCESS, logIndex=4802, commits[244f13ac-34be-4c4e-8e45-0c0272edbbb2:c4802, 6287e41a-5356-4f55-84f2-270816d53e84:c4800, a2c18d3d-e79d-47c9-88fe-d8a1d195302b:c4800]
2019-08-23 11:31:51,325 | INFO  | DNAudit | user=null | ip=null | op=PUT_BLOCK {blockData=[blockId=conID: 3 locID: 102666070346695320 bcsId: 0,size=2097152]} | ret=SUCCESS |  
2019-08-23 11:31:51,325 [grpc-default-executor-2] INFO  client.GrpcClientProtocolClient (GrpcClientProtocolClient.java:onNext(255)) - client-C9E345EC67ED->244f13ac-34be-4c4e-8e45-0c0272edbbb2: receive RaftClientReply:client-C9E345EC67ED->244f13ac-34be-4c4e-8e45-0c0272edbbb2@group-FE77C852EF02, cid=3204, SUCCESS, logIndex=4803, commits[244f13ac-34be-4c4e-8e45-0c0272edbbb2:c4804, 6287e41a-5356-4f55-84f2-270816d53e84:c4800, a2c18d3d-e79d-47c9-88fe-d8a1d195302b:c4800]
2019-08-23 11:31:51,325 [grpc-default-executor-2] INFO  client.GrpcClientProtocolClient (GrpcClientProtocolClient.java:onNext(255)) - client-C9E345EC67ED->244f13ac-34be-4c4e-8e45-0c0272edbbb2: receive RaftClientReply:client-C9E345EC67ED->244f13ac-34be-4c4e-8e45-0c0272edbbb2@group-FE77C852EF02, cid=3205, SUCCESS, logIndex=4804, commits[244f13ac-34be-4c4e-8e45-0c0272edbbb2:c4804, 6287e41a-5356-4f55-84f2-270816d53e84:c4800, a2c18d3d-e79d-47c9-88fe-d8a1d195302b:c4800]
2019-08-23 11:31:51,358 | INFO  | DNAudit | user=null | ip=null | op=WRITE_CHUNK {blockData=conID: 3 locID: 102666070346695320 bcsId: 0} | ret=SUCCESS |  
2019-08-23 11:31:51,359 | INFO  | DNAudit | user=null | ip=null | op=WRITE_CHUNK {blockData=conID: 3 locID: 102666070346695320 bcsId: 0} | ret=SUCCESS |  
2019-08-23 11:31:51,359 | INFO  | DNAudit | user=null | ip=null | op=PUT_BLOCK {blockData=[blockId=conID: 3 locID: 102666070346695320 bcsId: 0,size=1048576]} | ret=SUCCESS |  
2019-08-23 11:31:51,359 | INFO  | DNAudit | user=null | ip=null | op=PUT_BLOCK {blockData=[blockId=conID: 3 locID: 102666070346695320 bcsId: 0,size=1048576]} | ret=SUCCESS |  
2019-08-23 11:31:51,359 | INFO  | DNAudit | user=null | ip=null | op=WRITE_CHUNK {blockData=conID: 3 locID: 102666070346695320 bcsId: 0} | ret=SUCCESS |  
2019-08-23 11:31:51,360 | INFO  | DNAudit | user=null | ip=null | op=PUT_BLOCK {blockData=[blockId=conID: 3 locID: 102666070346695320 bcsId: 0,size=2097152]} | ret=SUCCESS |  
2019-08-23 11:31:51,360 | INFO  | DNAudit | user=null | ip=null | op=WRITE_CHUNK {blockData=conID: 3 locID: 102666070346695320 bcsId: 0} | ret=SUCCESS |  
2019-08-23 11:31:51,360 | INFO  | DNAudit | user=null | ip=null | op=PUT_BLOCK {blockData=[blockId=conID: 3 locID: 102666070346695320 bcsId: 0,size=2097152]} | ret=SUCCESS |  
2019-08-23 11:31:51,360 [grpc-default-executor-1] INFO  client.GrpcClientProtocolClient (GrpcClientProtocolClient.java:onNext(255)) - client-C9E345EC67ED->244f13ac-34be-4c4e-8e45-0c0272edbbb2: receive RaftClientReply:client-C9E345EC67ED->244f13ac-34be-4c4e-8e45-0c0272edbbb2@group-FE77C852EF02, cid=3206, SUCCESS, logIndex=0, commits[244f13ac-34be-4c4e-8e45-0c0272edbbb2:c4806, 6287e41a-5356-4f55-84f2-270816d53e84:c4802, a2c18d3d-e79d-47c9-88fe-d8a1d195302b:c4802]
2019-08-23 11:31:51,370 | INFO  | DNAudit | user=null | ip=null | op=WRITE_CHUNK {blockData=conID: 3 locID: 102666070346695320 bcsId: 4804} | ret=SUCCESS |  
2019-08-23 11:31:51,371 | INFO  | DNAudit | user=null | ip=null | op=WRITE_CHUNK {blockData=conID: 3 locID: 102666070346695320 bcsId: 4804} | ret=SUCCESS |  
2019-08-23 11:31:51,372 | INFO  | DNAudit | user=null | ip=null | op=WRITE_CHUNK {blockData=conID: 3 locID: 102666070346695320 bcsId: 4804} | ret=SUCCESS |  
2019-08-23 11:31:51,383 | INFO  | DNAudit | user=null | ip=null | op=WRITE_CHUNK {blockData=conID: 3 locID: 102666070346695320 bcsId: 4804} | ret=SUCCESS |  
2019-08-23 11:31:51,383 | INFO  | DNAudit | user=null | ip=null | op=PUT_BLOCK {blockData=[blockId=conID: 3 locID: 102666070346695320 bcsId: 0,size=3145728]} | ret=SUCCESS |  
2019-08-23 11:31:51,384 [grpc-default-executor-0] INFO  client.GrpcClientProtocolClient (GrpcClientProtocolClient.java:onNext(255)) - client-C9E345EC67ED->244f13ac-34be-4c4e-8e45-0c0272edbbb2: receive RaftClientReply:client-C9E345EC67ED->244f13ac-34be-4c4e-8e45-0c0272edbbb2@group-FE77C852EF02, cid=3207, SUCCESS, logIndex=4809, commits[244f13ac-34be-4c4e-8e45-0c0272edbbb2:c4810, 6287e41a-5356-4f55-84f2-270816d53e84:c4808, a2c18d3d-e79d-47c9-88fe-d8a1d195302b:c4808]
2019-08-23 11:31:51,384 [grpc-default-executor-0] INFO  client.GrpcClientProtocolClient (GrpcClientProtocolClient.java:onNext(255)) - client-C9E345EC67ED->244f13ac-34be-4c4e-8e45-0c0272edbbb2: receive RaftClientReply:client-C9E345EC67ED->244f13ac-34be-4c4e-8e45-0c0272edbbb2@group-FE77C852EF02, cid=3208, SUCCESS, logIndex=4810, commits[244f13ac-34be-4c4e-8e45-0c0272edbbb2:c4810, 6287e41a-5356-4f55-84f2-270816d53e84:c4808, a2c18d3d-e79d-47c9-88fe-d8a1d195302b:c4808]
2019-08-23 11:31:51,392 | INFO  | DNAudit | user=null | ip=null | op=WRITE_CHUNK {blockData=conID: 3 locID: 102666070346695320 bcsId: 4810} | ret=SUCCESS |  
2019-08-23 11:31:51,394 | INFO  | DNAudit | user=null | ip=null | op=WRITE_CHUNK {blockData=conID: 3 locID: 102666070346695320 bcsId: 4810} | ret=SUCCESS |  
2019-08-23 11:31:51,394 | INFO  | DNAudit | user=null | ip=null | op=WRITE_CHUNK {blockData=conID: 3 locID: 102666070346695320 bcsId: 4804} | ret=SUCCESS |  
2019-08-23 11:31:51,394 | INFO  | DNAudit | user=null | ip=null | op=WRITE_CHUNK {blockData=conID: 3 locID: 102666070346695320 bcsId: 4804} | ret=SUCCESS |  
2019-08-23 11:31:51,394 | INFO  | DNAudit | user=null | ip=null | op=WRITE_CHUNK {blockData=conID: 3 locID: 102666070346695320 bcsId: 4810} | ret=SUCCESS |  
2019-08-23 11:31:51,395 | INFO  | DNAudit | user=null | ip=null | op=PUT_BLOCK {blockData=[blockId=conID: 3 locID: 102666070346695320 bcsId: 0,size=3145728]} | ret=SUCCESS |  
2019-08-23 11:31:51,396 | INFO  | DNAudit | user=null | ip=null | op=PUT_BLOCK {blockData=[blockId=conID: 3 locID: 102666070346695320 bcsId: 0,size=3145728]} | ret=SUCCESS |  
2019-08-23 11:31:51,396 | INFO  | DNAudit | user=null | ip=null | op=WRITE_CHUNK {blockData=conID: 3 locID: 102666070346695320 bcsId: 4810} | ret=SUCCESS |  
2019-08-23 11:31:51,397 | INFO  | DNAudit | user=null | ip=null | op=PUT_BLOCK {blockData=[blockId=conID: 3 locID: 102666070346695320 bcsId: 0,size=4194304]} | ret=SUCCESS |  
2019-08-23 11:31:51,397 [grpc-default-executor-0] INFO  client.GrpcClientProtocolClient (GrpcClientProtocolClient.java:onNext(255)) - client-C9E345EC67ED->244f13ac-34be-4c4e-8e45-0c0272edbbb2: receive RaftClientReply:client-C9E345EC67ED->244f13ac-34be-4c4e-8e45-0c0272edbbb2@group-FE77C852EF02, cid=3209, SUCCESS, logIndex=4813, commits[244f13ac-34be-4c4e-8e45-0c0272edbbb2:c4814, 6287e41a-5356-4f55-84f2-270816d53e84:c4810, a2c18d3d-e79d-47c9-88fe-d8a1d195302b:c4810]
2019-08-23 11:31:51,398 [grpc-default-executor-0] INFO  client.GrpcClientProtocolClient (GrpcClientProtocolClient.java:onNext(255)) - client-C9E345EC67ED->244f13ac-34be-4c4e-8e45-0c0272edbbb2: receive RaftClientReply:client-C9E345EC67ED->244f13ac-34be-4c4e-8e45-0c0272edbbb2@group-FE77C852EF02, cid=3210, SUCCESS, logIndex=4814, commits[244f13ac-34be-4c4e-8e45-0c0272edbbb2:c4814, 6287e41a-5356-4f55-84f2-270816d53e84:c4810, a2c18d3d-e79d-47c9-88fe-d8a1d195302b:c4810]
2019-08-23 11:31:51,398 | INFO  | DNAudit | user=null | ip=null | op=WRITE_CHUNK {blockData=conID: 3 locID: 102666070346695320 bcsId: 4810} | ret=SUCCESS |  
2019-08-23 11:31:51,398 | INFO  | DNAudit | user=null | ip=null | op=WRITE_CHUNK {blockData=conID: 3 locID: 102666070346695320 bcsId: 4810} | ret=SUCCESS |  
2019-08-23 11:31:51,399 | INFO  | DNAudit | user=null | ip=null | op=PUT_BLOCK {blockData=[blockId=conID: 3 locID: 102666070346695320 bcsId: 0,size=4194304]} | ret=SUCCESS |  
2019-08-23 11:31:51,399 | INFO  | DNAudit | user=null | ip=null | op=PUT_BLOCK {blockData=[blockId=conID: 3 locID: 102666070346695320 bcsId: 0,size=4194304]} | ret=SUCCESS |  
2019-08-23 11:31:51,400 [grpc-default-executor-1] INFO  client.GrpcClientProtocolClient (GrpcClientProtocolClient.java:onNext(255)) - client-C9E345EC67ED->244f13ac-34be-4c4e-8e45-0c0272edbbb2: receive RaftClientReply:client-C9E345EC67ED->244f13ac-34be-4c4e-8e45-0c0272edbbb2@group-FE77C852EF02, cid=3211, SUCCESS, logIndex=0, commits[244f13ac-34be-4c4e-8e45-0c0272edbbb2:c4816, 6287e41a-5356-4f55-84f2-270816d53e84:c4814, a2c18d3d-e79d-47c9-88fe-d8a1d195302b:c4814]
2019-08-23 11:31:51,406 | INFO  | SCMAudit | user=jenkins1000 | ip=192.168.5.185 | op=ALLOCATE_BLOCK {owner=00a23185-76ea-47b5-a641-ad3cfbe5521a, size=4194304, type=RATIS, factor=THREE} | ret=SUCCESS |  
2019-08-23 11:31:51,410 | INFO  | OMAudit | user=jenkins1000 | ip=127.0.0.1 | op=ALLOCATE_BLOCK {volume=vol-0-37508, bucket=bucket-0-50919, key=key-0-57313, dataSize=0, replicationType=null, replicationFactor=null, keyLocationInfo=null, clientID=102666068570931602} | ret=SUCCESS |  
2019-08-23 11:31:51,418 | INFO  | DNAudit | user=null | ip=null | op=WRITE_CHUNK {blockData=conID: 1 locID: 102666070353904281 bcsId: 0} | ret=SUCCESS |  
2019-08-23 11:31:51,421 | INFO  | DNAudit | user=null | ip=null | op=WRITE_CHUNK {blockData=conID: 1 locID: 102666070353904281 bcsId: 0} | ret=SUCCESS |  
2019-08-23 11:31:51,422 | INFO  | DNAudit | user=null | ip=null | op=WRITE_CHUNK {blockData=conID: 1 locID: 102666070353904281 bcsId: 0} | ret=SUCCESS |  
2019-08-23 11:31:51,422 | INFO  | DNAudit | user=null | ip=null | op=WRITE_CHUNK {blockData=conID: 1 locID: 102666070353904281 bcsId: 0} | ret=SUCCESS |  
2019-08-23 11:31:51,425 | INFO  | DNAudit | user=null | ip=null | op=WRITE_CHUNK {blockData=conID: 1 locID: 102666070353904281 bcsId: 0} | ret=SUCCESS |  
2019-08-23 11:31:51,425 | INFO  | DNAudit | user=null | ip=null | op=WRITE_CHUNK {blockData=conID: 1 locID: 102666070353904281 bcsId: 0} | ret=SUCCESS |  
2019-08-23 11:31:51,430 | INFO  | DNAudit | user=null | ip=null | op=WRITE_CHUNK {blockData=conID: 1 locID: 102666070353904281 bcsId: 0} | ret=SUCCESS |  
2019-08-23 11:31:51,431 | INFO  | DNAudit | user=null | ip=null | op=PUT_BLOCK {blockData=[blockId=conID: 1 locID: 102666070353904281 bcsId: 0,size=1048576]} | ret=SUCCESS |  
2019-08-23 11:31:51,431 | INFO  | DNAudit | user=null | ip=null | op=WRITE_CHUNK {blockData=conID: 1 locID: 102666070353904281 bcsId: 0} | ret=SUCCESS |  
2019-08-23 11:31:51,431 [grpc-default-executor-0] INFO  client.GrpcClientProtocolClient (GrpcClientProtocolClient.java:onNext(255)) - client-C9E345EC67ED->244f13ac-34be-4c4e-8e45-0c0272edbbb2: receive RaftClientReply:client-C9E345EC67ED->244f13ac-34be-4c4e-8e45-0c0272edbbb2@group-FE77C852EF02, cid=3212, SUCCESS, logIndex=4817, commits[244f13ac-34be-4c4e-8e45-0c0272edbbb2:c4818, 6287e41a-5356-4f55-84f2-270816d53e84:c4816, a2c18d3d-e79d-47c9-88fe-d8a1d195302b:c4816]
2019-08-23 11:31:51,432 | INFO  | DNAudit | user=null | ip=null | op=PUT_BLOCK {blockData=[blockId=conID: 1 locID: 102666070353904281 bcsId: 0,size=2097152]} | ret=SUCCESS |  
2019-08-23 11:31:51,432 [grpc-default-executor-0] INFO  client.GrpcClientProtocolClient (GrpcClientProtocolClient.java:onNext(255)) - client-C9E345EC67ED->244f13ac-34be-4c4e-8e45-0c0272edbbb2: receive RaftClientReply:client-C9E345EC67ED->244f13ac-34be-4c4e-8e45-0c0272edbbb2@group-FE77C852EF02, cid=3213, SUCCESS, logIndex=4818, commits[244f13ac-34be-4c4e-8e45-0c0272edbbb2:c4820, 6287e41a-5356-4f55-84f2-270816d53e84:c4816, a2c18d3d-e79d-47c9-88fe-d8a1d195302b:c4816]
2019-08-23 11:31:51,432 [grpc-default-executor-0] INFO  client.GrpcClientProtocolClient (GrpcClientProtocolClient.java:onNext(255)) - client-C9E345EC67ED->244f13ac-34be-4c4e-8e45-0c0272edbbb2: receive RaftClientReply:client-C9E345EC67ED->244f13ac-34be-4c4e-8e45-0c0272edbbb2@group-FE77C852EF02, cid=3214, SUCCESS, logIndex=4819, commits[244f13ac-34be-4c4e-8e45-0c0272edbbb2:c4820, 6287e41a-5356-4f55-84f2-270816d53e84:c4816, a2c18d3d-e79d-47c9-88fe-d8a1d195302b:c4816]
2019-08-23 11:31:51,432 | INFO  | DNAudit | user=null | ip=null | op=WRITE_CHUNK {blockData=conID: 1 locID: 102666070353904281 bcsId: 0} | ret=SUCCESS |  
2019-08-23 11:31:51,432 [grpc-default-executor-0] INFO  client.GrpcClientProtocolClient (GrpcClientProtocolClient.java:onNext(255)) - client-C9E345EC67ED->244f13ac-34be-4c4e-8e45-0c0272edbbb2: receive RaftClientReply:client-C9E345EC67ED->244f13ac-34be-4c4e-8e45-0c0272edbbb2@group-FE77C852EF02, cid=3215, SUCCESS, logIndex=4820, commits[244f13ac-34be-4c4e-8e45-0c0272edbbb2:c4820, 6287e41a-5356-4f55-84f2-270816d53e84:c4816, a2c18d3d-e79d-47c9-88fe-d8a1d195302b:c4816]
2019-08-23 11:31:51,433 | INFO  | DNAudit | user=null | ip=null | op=WRITE_CHUNK {blockData=conID: 1 locID: 102666070353904281 bcsId: 0} | ret=SUCCESS |  
2019-08-23 11:31:51,433 | INFO  | DNAudit | user=null | ip=null | op=PUT_BLOCK {blockData=[blockId=conID: 1 locID: 102666070353904281 bcsId: 0,size=1048576]} | ret=SUCCESS |  
2019-08-23 11:31:51,433 | INFO  | DNAudit | user=null | ip=null | op=WRITE_CHUNK {blockData=conID: 1 locID: 102666070353904281 bcsId: 0} | ret=SUCCESS |  
2019-08-23 11:31:51,433 | INFO  | DNAudit | user=null | ip=null | op=PUT_BLOCK {blockData=[blockId=conID: 1 locID: 102666070353904281 bcsId: 0,size=1048576]} | ret=SUCCESS |  
2019-08-23 11:31:51,434 | INFO  | DNAudit | user=null | ip=null | op=PUT_BLOCK {blockData=[blockId=conID: 1 locID: 102666070353904281 bcsId: 0,size=2097152]} | ret=SUCCESS |  
2019-08-23 11:31:51,434 | INFO  | DNAudit | user=null | ip=null | op=WRITE_CHUNK {blockData=conID: 1 locID: 102666070353904281 bcsId: 0} | ret=SUCCESS |  
2019-08-23 11:31:51,434 | INFO  | DNAudit | user=null | ip=null | op=PUT_BLOCK {blockData=[blockId=conID: 1 locID: 102666070353904281 bcsId: 0,size=2097152]} | ret=SUCCESS |  
2019-08-23 11:31:51,434 [grpc-default-executor-0] INFO  client.GrpcClientProtocolClient (GrpcClientProtocolClient.java:onNext(255)) - client-C9E345EC67ED->244f13ac-34be-4c4e-8e45-0c0272edbbb2: receive RaftClientReply:client-C9E345EC67ED->244f13ac-34be-4c4e-8e45-0c0272edbbb2@group-FE77C852EF02, cid=3216, SUCCESS, logIndex=0, commits[244f13ac-34be-4c4e-8e45-0c0272edbbb2:c4824, 6287e41a-5356-4f55-84f2-270816d53e84:c4818, a2c18d3d-e79d-47c9-88fe-d8a1d195302b:c4820]
2019-08-23 11:31:51,442 | INFO  | DNAudit | user=null | ip=null | op=WRITE_CHUNK {blockData=conID: 1 locID: 102666070353904281 bcsId: 4820} | ret=SUCCESS |  
2019-08-23 11:31:51,444 | INFO  | DNAudit | user=null | ip=null | op=WRITE_CHUNK {blockData=conID: 1 locID: 102666070353904281 bcsId: 4820} | ret=SUCCESS |  
2019-08-23 11:31:51,444 | INFO  | DNAudit | user=null | ip=null | op=WRITE_CHUNK {blockData=conID: 1 locID: 102666070353904281 bcsId: 4820} | ret=SUCCESS |  
2019-08-23 11:31:51,455 | INFO  | DNAudit | user=null | ip=null | op=WRITE_CHUNK {blockData=conID: 1 locID: 102666070353904281 bcsId: 4820} | ret=SUCCESS |  
2019-08-23 11:31:51,455 | INFO  | DNAudit | user=null | ip=null | op=PUT_BLOCK {blockData=[blockId=conID: 1 locID: 102666070353904281 bcsId: 0,size=3145728]} | ret=SUCCESS |  
2019-08-23 11:31:51,456 [grpc-default-executor-1] INFO  client.GrpcClientProtocolClient (GrpcClientProtocolClient.java:onNext(255)) - client-C9E345EC67ED->244f13ac-34be-4c4e-8e45-0c0272edbbb2: receive RaftClientReply:client-C9E345EC67ED->244f13ac-34be-4c4e-8e45-0c0272edbbb2@group-FE77C852EF02, cid=3217, SUCCESS, logIndex=4825, commits[244f13ac-34be-4c4e-8e45-0c0272edbbb2:c4826, 6287e41a-5356-4f55-84f2-270816d53e84:c4824, a2c18d3d-e79d-47c9-88fe-d8a1d195302b:c4824]
2019-08-23 11:31:51,456 [grpc-default-executor-1] INFO  client.GrpcClientProtocolClient (GrpcClientProtocolClient.java:onNext(255)) - client-C9E345EC67ED->244f13ac-34be-4c4e-8e45-0c0272edbbb2: receive RaftClientReply:client-C9E345EC67ED->244f13ac-34be-4c4e-8e45-0c0272edbbb2@group-FE77C852EF02, cid=3218, SUCCESS, logIndex=4826, commits[244f13ac-34be-4c4e-8e45-0c0272edbbb2:c4826, 6287e41a-5356-4f55-84f2-270816d53e84:c4824, a2c18d3d-e79d-47c9-88fe-d8a1d195302b:c4824]
2019-08-23 11:31:51,464 | INFO  | DNAudit | user=null | ip=null | op=WRITE_CHUNK {blockData=conID: 1 locID: 102666070353904281 bcsId: 4826} | ret=SUCCESS |  
2019-08-23 11:31:51,467 | INFO  | DNAudit | user=null | ip=null | op=WRITE_CHUNK {blockData=conID: 1 locID: 102666070353904281 bcsId: 4820} | ret=SUCCESS |  
 0.00% |█                                                                                                    |  0/1 Time: 0:00:272019-08-23 11:31:51,471 | INFO  | DNAudit | user=null | ip=null | op=WRITE_CHUNK {blockData=conID: 1 locID: 102666070353904281 bcsId: 4826} | ret=SUCCESS |  
2019-08-23 11:31:51,471 | INFO  | DNAudit | user=null | ip=null | op=WRITE_CHUNK {blockData=conID: 1 locID: 102666070353904281 bcsId: 4820} | ret=SUCCESS |  
2019-08-23 11:31:51,471 | INFO  | DNAudit | user=null | ip=null | op=WRITE_CHUNK {blockData=conID: 1 locID: 102666070353904281 bcsId: 4826} | ret=SUCCESS |  
2019-08-23 11:31:51,472 | INFO  | SCMAudit | user=jenkins1000 | ip=192.168.5.185 | op=SEND_HEARTBEAT {datanodeUUID=b2c34899-c5c3-4720-9d95-984efeabf4a7, command=[]} | ret=SUCCESS |  
2019-08-23 11:31:51,472 | INFO  | SCMAudit | user=jenkins1000 | ip=192.168.5.185 | op=SEND_HEARTBEAT {datanodeUUID=244f13ac-34be-4c4e-8e45-0c0272edbbb2, command=[]} | ret=SUCCESS |  
2019-08-23 11:31:51,472 | INFO  | SCMAudit | user=jenkins1000 | ip=192.168.5.185 | op=SEND_HEARTBEAT {datanodeUUID=a2c18d3d-e79d-47c9-88fe-d8a1d195302b, command=[]} | ret=SUCCESS |  
2019-08-23 11:31:51,472 | INFO  | SCMAudit | user=jenkins1000 | ip=192.168.5.185 | op=SEND_HEARTBEAT {datanodeUUID=6287e41a-5356-4f55-84f2-270816d53e84, command=[]} | ret=SUCCESS |  
2019-08-23 11:31:51,472 | INFO  | SCMAudit | user=jenkins1000 | ip=192.168.5.185 | op=SEND_HEARTBEAT {datanodeUUID=0d166765-8492-4439-8677-f737a7bc54ca, command=[]} | ret=SUCCESS |  
2019-08-23 11:31:51,483 | INFO  | DNAudit | user=null | ip=null | op=PUT_BLOCK {blockData=[blockId=conID: 1 locID: 102666070353904281 bcsId: 0,size=3145728]} | ret=SUCCESS |  
2019-08-23 11:31:51,483 | INFO  | DNAudit | user=null | ip=null | op=PUT_BLOCK {blockData=[blockId=conID: 1 locID: 102666070353904281 bcsId: 0,size=3145728]} | ret=SUCCESS |  
2019-08-23 11:31:51,483 | INFO  | DNAudit | user=null | ip=null | op=WRITE_CHUNK {blockData=conID: 1 locID: 102666070353904281 bcsId: 4826} | ret=SUCCESS |  
2019-08-23 11:31:51,484 | INFO  | DNAudit | user=null | ip=null | op=PUT_BLOCK {blockData=[blockId=conID: 1 locID: 102666070353904281 bcsId: 0,size=4194304]} | ret=SUCCESS |  
2019-08-23 11:31:51,484 [grpc-default-executor-2] INFO  client.GrpcClientProtocolClient (GrpcClientProtocolClient.java:onNext(255)) - client-C9E345EC67ED->244f13ac-34be-4c4e-8e45-0c0272edbbb2: receive RaftClientReply:client-C9E345EC67ED->244f13ac-34be-4c4e-8e45-0c0272edbbb2@group-FE77C852EF02, cid=3219, SUCCESS, logIndex=4829, commits[244f13ac-34be-4c4e-8e45-0c0272edbbb2:c4830, 6287e41a-5356-4f55-84f2-270816d53e84:c4826, a2c18d3d-e79d-47c9-88fe-d8a1d195302b:c4826]
2019-08-23 11:31:51,485 [grpc-default-executor-2] INFO  client.GrpcClientProtocolClient (GrpcClientProtocolClient.java:onNext(255)) - client-C9E345EC67ED->244f13ac-34be-4c4e-8e45-0c0272edbbb2: receive RaftClientReply:client-C9E345EC67ED->244f13ac-34be-4c4e-8e45-0c0272edbbb2@group-FE77C852EF02, cid=3220, SUCCESS, logIndex=4830, commits[244f13ac-34be-4c4e-8e45-0c0272edbbb2:c4830, 6287e41a-5356-4f55-84f2-270816d53e84:c4826, a2c18d3d-e79d-47c9-88fe-d8a1d195302b:c4826]
2019-08-23 11:31:51,494 | INFO  | DNAudit | user=null | ip=null | op=WRITE_CHUNK {blockData=conID: 1 locID: 102666070353904281 bcsId: 4826} | ret=SUCCESS |  
2019-08-23 11:31:51,495 | INFO  | DNAudit | user=null | ip=null | op=WRITE_CHUNK {blockData=conID: 1 locID: 102666070353904281 bcsId: 4826} | ret=SUCCESS |  
2019-08-23 11:31:51,495 | INFO  | DNAudit | user=null | ip=null | op=PUT_BLOCK {blockData=[blockId=conID: 1 locID: 102666070353904281 bcsId: 0,size=4194304]} | ret=SUCCESS |  
2019-08-23 11:31:51,495 | INFO  | DNAudit | user=null | ip=null | op=PUT_BLOCK {blockData=[blockId=conID: 1 locID: 102666070353904281 bcsId: 0,size=4194304]} | ret=SUCCESS |  
2019-08-23 11:31:51,495 [grpc-default-executor-2] INFO  client.GrpcClientProtocolClient (GrpcClientProtocolClient.java:onNext(255)) - client-C9E345EC67ED->244f13ac-34be-4c4e-8e45-0c0272edbbb2: receive RaftClientReply:client-C9E345EC67ED->244f13ac-34be-4c4e-8e45-0c0272edbbb2@group-FE77C852EF02, cid=3221, SUCCESS, logIndex=0, commits[244f13ac-34be-4c4e-8e45-0c0272edbbb2:c4831, 6287e41a-5356-4f55-84f2-270816d53e84:c4830, a2c18d3d-e79d-47c9-88fe-d8a1d195302b:c4830]
2019-08-23 11:31:51,501 | INFO  | SCMAudit | user=jenkins1000 | ip=192.168.5.185 | op=ALLOCATE_BLOCK {owner=00a23185-76ea-47b5-a641-ad3cfbe5521a, size=4194304, type=RATIS, factor=THREE} | ret=SUCCESS |  
2019-08-23 11:31:51,504 | INFO  | OMAudit | user=jenkins1000 | ip=127.0.0.1 | op=ALLOCATE_BLOCK {volume=vol-0-37508, bucket=bucket-0-50919, key=key-0-57313, dataSize=0, replicationType=null, replicationFactor=null, keyLocationInfo=null, clientID=102666068570931602} | ret=SUCCESS |  
2019-08-23 11:31:51,512 | INFO  | DNAudit | user=null | ip=null | op=WRITE_CHUNK {blockData=conID: 2 locID: 102666070360064666 bcsId: 0} | ret=SUCCESS |  
2019-08-23 11:31:51,513 | INFO  | DNAudit | user=null | ip=null | op=WRITE_CHUNK {blockData=conID: 2 locID: 102666070360064666 bcsId: 0} | ret=SUCCESS |  
2019-08-23 11:31:51,514 | INFO  | DNAudit | user=null | ip=null | op=WRITE_CHUNK {blockData=conID: 2 locID: 102666070360064666 bcsId: 0} | ret=SUCCESS |  
2019-08-23 11:31:51,515 | INFO  | DNAudit | user=null | ip=null | op=WRITE_CHUNK {blockData=conID: 2 locID: 102666070360064666 bcsId: 0} | ret=SUCCESS |  
2019-08-23 11:31:51,517 | INFO  | DNAudit | user=null | ip=null | op=WRITE_CHUNK {blockData=conID: 2 locID: 102666070360064666 bcsId: 0} | ret=SUCCESS |  
2019-08-23 11:31:51,518 | INFO  | DNAudit | user=null | ip=null | op=WRITE_CHUNK {blockData=conID: 2 locID: 102666070360064666 bcsId: 0} | ret=SUCCESS |  
2019-08-23 11:31:51,525 | INFO  | DNAudit | user=null | ip=null | op=WRITE_CHUNK {blockData=conID: 2 locID: 102666070360064666 bcsId: 0} | ret=SUCCESS |  
2019-08-23 11:31:51,525 | INFO  | DNAudit | user=null | ip=null | op=PUT_BLOCK {blockData=[blockId=conID: 2 locID: 102666070360064666 bcsId: 0,size=1048576]} | ret=SUCCESS |  
2019-08-23 11:31:51,526 | INFO  | DNAudit | user=null | ip=null | op=WRITE_CHUNK {blockData=conID: 2 locID: 102666070360064666 bcsId: 0} | ret=SUCCESS |  
2019-08-23 11:31:51,526 [grpc-default-executor-0] INFO  client.GrpcClientProtocolClient (GrpcClientProtocolClient.java:onNext(255)) - client-C9E345EC67ED->244f13ac-34be-4c4e-8e45-0c0272edbbb2: receive RaftClientReply:client-C9E345EC67ED->244f13ac-34be-4c4e-8e45-0c0272edbbb2@group-FE77C852EF02, cid=3222, SUCCESS, logIndex=4833, commits[244f13ac-34be-4c4e-8e45-0c0272edbbb2:c4834, 6287e41a-5356-4f55-84f2-270816d53e84:c4832, a2c18d3d-e79d-47c9-88fe-d8a1d195302b:c4832]
2019-08-23 11:31:51,526 | INFO  | DNAudit | user=null | ip=null | op=PUT_BLOCK {blockData=[blockId=conID: 2 locID: 102666070360064666 bcsId: 0,size=2097152]} | ret=SUCCESS |  
2019-08-23 11:31:51,526 [grpc-default-executor-0] INFO  client.GrpcClientProtocolClient (GrpcClientProtocolClient.java:onNext(255)) - client-C9E345EC67ED->244f13ac-34be-4c4e-8e45-0c0272edbbb2: receive RaftClientReply:client-C9E345EC67ED->244f13ac-34be-4c4e-8e45-0c0272edbbb2@group-FE77C852EF02, cid=3223, SUCCESS, logIndex=4834, commits[244f13ac-34be-4c4e-8e45-0c0272edbbb2:c4835, 6287e41a-5356-4f55-84f2-270816d53e84:c4832, a2c18d3d-e79d-47c9-88fe-d8a1d195302b:c4832]
2019-08-23 11:31:51,527 [grpc-default-executor-0] INFO  client.GrpcClientProtocolClient (GrpcClientProtocolClient.java:onNext(255)) - client-C9E345EC67ED->244f13ac-34be-4c4e-8e45-0c0272edbbb2: receive RaftClientReply:client-C9E345EC67ED->244f13ac-34be-4c4e-8e45-0c0272edbbb2@group-FE77C852EF02, cid=3224, SUCCESS, logIndex=4835, commits[244f13ac-34be-4c4e-8e45-0c0272edbbb2:c4836, 6287e41a-5356-4f55-84f2-270816d53e84:c4832, a2c18d3d-e79d-47c9-88fe-d8a1d195302b:c4832]
2019-08-23 11:31:51,527 | INFO  | DNAudit | user=null | ip=null | op=WRITE_CHUNK {blockData=conID: 2 locID: 102666070360064666 bcsId: 0} | ret=SUCCESS |  
2019-08-23 11:31:51,527 [grpc-default-executor-0] INFO  client.GrpcClientProtocolClient (GrpcClientProtocolClient.java:onNext(255)) - client-C9E345EC67ED->244f13ac-34be-4c4e-8e45-0c0272edbbb2: receive RaftClientReply:client-C9E345EC67ED->244f13ac-34be-4c4e-8e45-0c0272edbbb2@group-FE77C852EF02, cid=3225, SUCCESS, logIndex=4836, commits[244f13ac-34be-4c4e-8e45-0c0272edbbb2:c4836, 6287e41a-5356-4f55-84f2-270816d53e84:c4832, a2c18d3d-e79d-47c9-88fe-d8a1d195302b:c4832]
2019-08-23 11:31:51,527 | INFO  | DNAudit | user=null | ip=null | op=PUT_BLOCK {blockData=[blockId=conID: 2 locID: 102666070360064666 bcsId: 0,size=1048576]} | ret=SUCCESS |  
2019-08-23 11:31:51,527 | INFO  | DNAudit | user=null | ip=null | op=WRITE_CHUNK {blockData=conID: 2 locID: 102666070360064666 bcsId: 0} | ret=SUCCESS |  
2019-08-23 11:31:51,528 | INFO  | DNAudit | user=null | ip=null | op=PUT_BLOCK {blockData=[blockId=conID: 2 locID: 102666070360064666 bcsId: 0,size=1048576]} | ret=SUCCESS |  
2019-08-23 11:31:51,528 | INFO  | DNAudit | user=null | ip=null | op=WRITE_CHUNK {blockData=conID: 2 locID: 102666070360064666 bcsId: 0} | ret=SUCCESS |  
2019-08-23 11:31:51,528 | INFO  | DNAudit | user=null | ip=null | op=WRITE_CHUNK {blockData=conID: 2 locID: 102666070360064666 bcsId: 0} | ret=SUCCESS |  
2019-08-23 11:31:51,528 | INFO  | DNAudit | user=null | ip=null | op=PUT_BLOCK {blockData=[blockId=conID: 2 locID: 102666070360064666 bcsId: 0,size=2097152]} | ret=SUCCESS |  
2019-08-23 11:31:51,528 | INFO  | DNAudit | user=null | ip=null | op=PUT_BLOCK {blockData=[blockId=conID: 2 locID: 102666070360064666 bcsId: 0,size=2097152]} | ret=SUCCESS |  
2019-08-23 11:31:51,528 [grpc-default-executor-2] INFO  client.GrpcClientProtocolClient (GrpcClientProtocolClient.java:onNext(255)) - client-C9E345EC67ED->244f13ac-34be-4c4e-8e45-0c0272edbbb2: receive RaftClientReply:client-C9E345EC67ED->244f13ac-34be-4c4e-8e45-0c0272edbbb2@group-FE77C852EF02, cid=3226, SUCCESS, logIndex=0, commits[244f13ac-34be-4c4e-8e45-0c0272edbbb2:c4838, 6287e41a-5356-4f55-84f2-270816d53e84:c4834, a2c18d3d-e79d-47c9-88fe-d8a1d195302b:c4834]
2019-08-23 11:31:51,535 | INFO  | DNAudit | user=null | ip=null | op=WRITE_CHUNK {blockData=conID: 2 locID: 102666070360064666 bcsId: 4836} | ret=SUCCESS |  
2019-08-23 11:31:51,537 | INFO  | DNAudit | user=null | ip=null | op=WRITE_CHUNK {blockData=conID: 2 locID: 102666070360064666 bcsId: 4836} | ret=SUCCESS |  
2019-08-23 11:31:51,537 | INFO  | DNAudit | user=null | ip=null | op=WRITE_CHUNK {blockData=conID: 2 locID: 102666070360064666 bcsId: 4836} | ret=SUCCESS |  
2019-08-23 11:31:51,553 | INFO  | DNAudit | user=null | ip=null | op=WRITE_CHUNK {blockData=conID: 2 locID: 102666070360064666 bcsId: 4836} | ret=SUCCESS |  
2019-08-23 11:31:51,553 | INFO  | DNAudit | user=null | ip=null | op=PUT_BLOCK {blockData=[blockId=conID: 2 locID: 102666070360064666 bcsId: 0,size=3145728]} | ret=SUCCESS |  
2019-08-23 11:31:51,553 [grpc-default-executor-2] INFO  client.GrpcClientProtocolClient (GrpcClientProtocolClient.java:onNext(255)) - client-C9E345EC67ED->244f13ac-34be-4c4e-8e45-0c0272edbbb2: receive RaftClientReply:client-C9E345EC67ED->244f13ac-34be-4c4e-8e45-0c0272edbbb2@group-FE77C852EF02, cid=3227, SUCCESS, logIndex=4841, commits[244f13ac-34be-4c4e-8e45-0c0272edbbb2:c4842, 6287e41a-5356-4f55-84f2-270816d53e84:c4840, a2c18d3d-e79d-47c9-88fe-d8a1d195302b:c4840]
2019-08-23 11:31:51,554 [grpc-default-executor-2] INFO  client.GrpcClientProtocolClient (GrpcClientProtocolClient.java:onNext(255)) - client-C9E345EC67ED->244f13ac-34be-4c4e-8e45-0c0272edbbb2: receive RaftClientReply:client-C9E345EC67ED->244f13ac-34be-4c4e-8e45-0c0272edbbb2@group-FE77C852EF02, cid=3228, SUCCESS, logIndex=4842, commits[244f13ac-34be-4c4e-8e45-0c0272edbbb2:c4842, 6287e41a-5356-4f55-84f2-270816d53e84:c4840, a2c18d3d-e79d-47c9-88fe-d8a1d195302b:c4840]
2019-08-23 11:31:51,561 | INFO  | DNAudit | user=null | ip=null | op=WRITE_CHUNK {blockData=conID: 2 locID: 102666070360064666 bcsId: 4842} | ret=SUCCESS |  
2019-08-23 11:31:51,562 | INFO  | DNAudit | user=null | ip=null | op=WRITE_CHUNK {blockData=conID: 2 locID: 102666070360064666 bcsId: 4842} | ret=SUCCESS |  
2019-08-23 11:31:51,562 | INFO  | DNAudit | user=null | ip=null | op=WRITE_CHUNK {blockData=conID: 2 locID: 102666070360064666 bcsId: 4842} | ret=SUCCESS |  
2019-08-23 11:31:51,564 | INFO  | DNAudit | user=null | ip=null | op=WRITE_CHUNK {blockData=conID: 2 locID: 102666070360064666 bcsId: 4836} | ret=SUCCESS |  
2019-08-23 11:31:51,564 | INFO  | DNAudit | user=null | ip=null | op=WRITE_CHUNK {blockData=conID: 2 locID: 102666070360064666 bcsId: 4836} | ret=SUCCESS |  
2019-08-23 11:31:51,566 | INFO  | DNAudit | user=null | ip=null | op=PUT_BLOCK {blockData=[blockId=conID: 2 locID: 102666070360064666 bcsId: 0,size=3145728]} | ret=SUCCESS |  
2019-08-23 11:31:51,567 | INFO  | DNAudit | user=null | ip=null | op=PUT_BLOCK {blockData=[blockId=conID: 2 locID: 102666070360064666 bcsId: 0,size=3145728]} | ret=SUCCESS |  
2019-08-23 11:31:51,568 | INFO  | DNAudit | user=null | ip=null | op=WRITE_CHUNK {blockData=conID: 2 locID: 102666070360064666 bcsId: 4842} | ret=SUCCESS |  
2019-08-23 11:31:51,568 | INFO  | DNAudit | user=null | ip=null | op=PUT_BLOCK {blockData=[blockId=conID: 2 locID: 102666070360064666 bcsId: 0,size=4194304]} | ret=SUCCESS |  
2019-08-23 11:31:51,568 [grpc-default-executor-2] INFO  client.GrpcClientProtocolClient (GrpcClientProtocolClient.java:onNext(255)) - client-C9E345EC67ED->244f13ac-34be-4c4e-8e45-0c0272edbbb2: receive RaftClientReply:client-C9E345EC67ED->244f13ac-34be-4c4e-8e45-0c0272edbbb2@group-FE77C852EF02, cid=3229, SUCCESS, logIndex=4845, commits[244f13ac-34be-4c4e-8e45-0c0272edbbb2:c4846, 6287e41a-5356-4f55-84f2-270816d53e84:c4842, a2c18d3d-e79d-47c9-88fe-d8a1d195302b:c4842]
2019-08-23 11:31:51,569 [grpc-default-executor-2] INFO  client.GrpcClientProtocolClient (GrpcClientProtocolClient.java:onNext(255)) - client-C9E345EC67ED->244f13ac-34be-4c4e-8e45-0c0272edbbb2: receive RaftClientReply:client-C9E345EC67ED->244f13ac-34be-4c4e-8e45-0c0272edbbb2@group-FE77C852EF02, cid=3230, SUCCESS, logIndex=4846, commits[244f13ac-34be-4c4e-8e45-0c0272edbbb2:c4846, 6287e41a-5356-4f55-84f2-270816d53e84:c4842, a2c18d3d-e79d-47c9-88fe-d8a1d195302b:c4842]
2019-08-23 11:31:51,582 | INFO  | DNAudit | user=null | ip=null | op=WRITE_CHUNK {blockData=conID: 2 locID: 102666070360064666 bcsId: 4842} | ret=SUCCESS |  
2019-08-23 11:31:51,582 | INFO  | DNAudit | user=null | ip=null | op=PUT_BLOCK {blockData=[blockId=conID: 2 locID: 102666070360064666 bcsId: 0,size=4194304]} | ret=SUCCESS |  
2019-08-23 11:31:51,582 | INFO  | DNAudit | user=null | ip=null | op=WRITE_CHUNK {blockData=conID: 2 locID: 102666070360064666 bcsId: 4842} | ret=SUCCESS |  
2019-08-23 11:31:51,583 | INFO  | DNAudit | user=null | ip=null | op=PUT_BLOCK {blockData=[blockId=conID: 2 locID: 102666070360064666 bcsId: 0,size=4194304]} | ret=SUCCESS |  
2019-08-23 11:31:51,583 [grpc-default-executor-2] INFO  client.GrpcClientProtocolClient (GrpcClientProtocolClient.java:onNext(255)) - client-C9E345EC67ED->244f13ac-34be-4c4e-8e45-0c0272edbbb2: receive RaftClientReply:client-C9E345EC67ED->244f13ac-34be-4c4e-8e45-0c0272edbbb2@group-FE77C852EF02, cid=3231, SUCCESS, logIndex=0, commits[244f13ac-34be-4c4e-8e45-0c0272edbbb2:c4847, 6287e41a-5356-4f55-84f2-270816d53e84:c4846, a2c18d3d-e79d-47c9-88fe-d8a1d195302b:c4846]
2019-08-23 11:31:51,591 | INFO  | SCMAudit | user=jenkins1000 | ip=192.168.5.185 | op=ALLOCATE_BLOCK {owner=00a23185-76ea-47b5-a641-ad3cfbe5521a, size=4194304, type=RATIS, factor=THREE} | ret=SUCCESS |  
2019-08-23 11:31:51,595 | INFO  | OMAudit | user=jenkins1000 | ip=127.0.0.1 | op=ALLOCATE_BLOCK {volume=vol-0-37508, bucket=bucket-0-50919, key=key-0-57313, dataSize=0, replicationType=null, replicationFactor=null, keyLocationInfo=null, clientID=102666068570931602} | ret=SUCCESS |  
2019-08-23 11:31:51,603 | INFO  | DNAudit | user=null | ip=null | op=WRITE_CHUNK {blockData=conID: 3 locID: 102666070365962907 bcsId: 0} | ret=SUCCESS |  
2019-08-23 11:31:51,604 | INFO  | DNAudit | user=null | ip=null | op=WRITE_CHUNK {blockData=conID: 3 locID: 102666070365962907 bcsId: 0} | ret=SUCCESS |  
2019-08-23 11:31:51,606 | INFO  | DNAudit | user=null | ip=null | op=WRITE_CHUNK {blockData=conID: 3 locID: 102666070365962907 bcsId: 0} | ret=SUCCESS |  
2019-08-23 11:31:51,606 | INFO  | DNAudit | user=null | ip=null | op=WRITE_CHUNK {blockData=conID: 3 locID: 102666070365962907 bcsId: 0} | ret=SUCCESS |  
2019-08-23 11:31:51,608 | INFO  | DNAudit | user=null | ip=null | op=WRITE_CHUNK {blockData=conID: 3 locID: 102666070365962907 bcsId: 0} | ret=SUCCESS |  
2019-08-23 11:31:51,608 | INFO  | DNAudit | user=null | ip=null | op=WRITE_CHUNK {blockData=conID: 3 locID: 102666070365962907 bcsId: 0} | ret=SUCCESS |  
2019-08-23 11:31:51,615 | INFO  | DNAudit | user=null | ip=null | op=WRITE_CHUNK {blockData=conID: 3 locID: 102666070365962907 bcsId: 0} | ret=SUCCESS |  
2019-08-23 11:31:51,616 | INFO  | DNAudit | user=null | ip=null | op=PUT_BLOCK {blockData=[blockId=conID: 3 locID: 102666070365962907 bcsId: 0,size=1048576]} | ret=SUCCESS |  
2019-08-23 11:31:51,617 | INFO  | DNAudit | user=null | ip=null | op=WRITE_CHUNK {blockData=conID: 3 locID: 102666070365962907 bcsId: 0} | ret=SUCCESS |  
2019-08-23 11:31:51,616 [grpc-default-executor-1] INFO  client.GrpcClientProtocolClient (GrpcClientProtocolClient.java:onNext(255)) - client-C9E345EC67ED->244f13ac-34be-4c4e-8e45-0c0272edbbb2: receive RaftClientReply:client-C9E345EC67ED->244f13ac-34be-4c4e-8e45-0c0272edbbb2@group-FE77C852EF02, cid=3232, SUCCESS, logIndex=4849, commits[244f13ac-34be-4c4e-8e45-0c0272edbbb2:c4850, 6287e41a-5356-4f55-84f2-270816d53e84:c4848, a2c18d3d-e79d-47c9-88fe-d8a1d195302b:c4848]
2019-08-23 11:31:51,617 | INFO  | DNAudit | user=null | ip=null | op=PUT_BLOCK {blockData=[blockId=conID: 3 locID: 102666070365962907 bcsId: 0,size=2097152]} | ret=SUCCESS |  
2019-08-23 11:31:51,617 [grpc-default-executor-1] INFO  client.GrpcClientProtocolClient (GrpcClientProtocolClient.java:onNext(255)) - client-C9E345EC67ED->244f13ac-34be-4c4e-8e45-0c0272edbbb2: receive RaftClientReply:client-C9E345EC67ED->244f13ac-34be-4c4e-8e45-0c0272edbbb2@group-FE77C852EF02, cid=3233, SUCCESS, logIndex=4850, commits[244f13ac-34be-4c4e-8e45-0c0272edbbb2:c4852, 6287e41a-5356-4f55-84f2-270816d53e84:c4848, a2c18d3d-e79d-47c9-88fe-d8a1d195302b:c4848]
2019-08-23 11:31:51,617 [grpc-default-executor-1] INFO  client.GrpcClientProtocolClient (GrpcClientProtocolClient.java:onNext(255)) - client-C9E345EC67ED->244f13ac-34be-4c4e-8e45-0c0272edbbb2: receive RaftClientReply:client-C9E345EC67ED->244f13ac-34be-4c4e-8e45-0c0272edbbb2@group-FE77C852EF02, cid=3234, SUCCESS, logIndex=4851, commits[244f13ac-34be-4c4e-8e45-0c0272edbbb2:c4852, 6287e41a-5356-4f55-84f2-270816d53e84:c4848, a2c18d3d-e79d-47c9-88fe-d8a1d195302b:c4848]
2019-08-23 11:31:51,617 [grpc-default-executor-1] INFO  client.GrpcClientProtocolClient (GrpcClientProtocolClient.java:onNext(255)) - client-C9E345EC67ED->244f13ac-34be-4c4e-8e45-0c0272edbbb2: receive RaftClientReply:client-C9E345EC67ED->244f13ac-34be-4c4e-8e45-0c0272edbbb2@group-FE77C852EF02, cid=3235, SUCCESS, logIndex=4852, commits[244f13ac-34be-4c4e-8e45-0c0272edbbb2:c4852, 6287e41a-5356-4f55-84f2-270816d53e84:c4848, a2c18d3d-e79d-47c9-88fe-d8a1d195302b:c4848]
2019-08-23 11:31:51,629 | INFO  | DNAudit | user=null | ip=null | op=WRITE_CHUNK {blockData=conID: 3 locID: 102666070365962907 bcsId: 0} | ret=SUCCESS |  
2019-08-23 11:31:51,629 | INFO  | DNAudit | user=null | ip=null | op=PUT_BLOCK {blockData=[blockId=conID: 3 locID: 102666070365962907 bcsId: 0,size=1048576]} | ret=SUCCESS |  
2019-08-23 11:31:51,629 | INFO  | DNAudit | user=null | ip=null | op=WRITE_CHUNK {blockData=conID: 3 locID: 102666070365962907 bcsId: 0} | ret=SUCCESS |  
2019-08-23 11:31:51,630 | INFO  | DNAudit | user=null | ip=null | op=PUT_BLOCK {blockData=[blockId=conID: 3 locID: 102666070365962907 bcsId: 0,size=1048576]} | ret=SUCCESS |  
2019-08-23 11:31:51,630 | INFO  | DNAudit | user=null | ip=null | op=WRITE_CHUNK {blockData=conID: 3 locID: 102666070365962907 bcsId: 0} | ret=SUCCESS |  
2019-08-23 11:31:51,630 | INFO  | DNAudit | user=null | ip=null | op=PUT_BLOCK {blockData=[blockId=conID: 3 locID: 102666070365962907 bcsId: 0,size=2097152]} | ret=SUCCESS |  
2019-08-23 11:31:51,630 [grpc-default-executor-2] INFO  client.GrpcClientProtocolClient (GrpcClientProtocolClient.java:onNext(255)) - client-C9E345EC67ED->244f13ac-34be-4c4e-8e45-0c0272edbbb2: receive RaftClientReply:client-C9E345EC67ED->244f13ac-34be-4c4e-8e45-0c0272edbbb2@group-FE77C852EF02, cid=3236, SUCCESS, logIndex=0, commits[244f13ac-34be-4c4e-8e45-0c0272edbbb2:c4854, 6287e41a-5356-4f55-84f2-270816d53e84:c4850, a2c18d3d-e79d-47c9-88fe-d8a1d195302b:c4850]
2019-08-23 11:31:51,637 | INFO  | DNAudit | user=null | ip=null | op=WRITE_CHUNK {blockData=conID: 3 locID: 102666070365962907 bcsId: 4852} | ret=SUCCESS |  
2019-08-23 11:31:51,639 | INFO  | DNAudit | user=null | ip=null | op=WRITE_CHUNK {blockData=conID: 3 locID: 102666070365962907 bcsId: 4852} | ret=SUCCESS |  
2019-08-23 11:31:51,639 | INFO  | DNAudit | user=null | ip=null | op=WRITE_CHUNK {blockData=conID: 3 locID: 102666070365962907 bcsId: 4852} | ret=SUCCESS |  
2019-08-23 11:31:51,640 | INFO  | DNAudit | user=null | ip=null | op=WRITE_CHUNK {blockData=conID: 3 locID: 102666070365962907 bcsId: 0} | ret=SUCCESS |  
2019-08-23 11:31:51,641 | INFO  | DNAudit | user=null | ip=null | op=PUT_BLOCK {blockData=[blockId=conID: 3 locID: 102666070365962907 bcsId: 0,size=2097152]} | ret=SUCCESS |  
2019-08-23 11:31:51,643 | INFO  | DNAudit | user=null | ip=null | op=WRITE_CHUNK {blockData=conID: 3 locID: 102666070365962907 bcsId: 4852} | ret=SUCCESS |  
2019-08-23 11:31:51,643 | INFO  | DNAudit | user=null | ip=null | op=PUT_BLOCK {blockData=[blockId=conID: 3 locID: 102666070365962907 bcsId: 0,size=3145728]} | ret=SUCCESS |  
2019-08-23 11:31:51,643 [grpc-default-executor-2] INFO  client.GrpcClientProtocolClient (GrpcClientProtocolClient.java:onNext(255)) - client-C9E345EC67ED->244f13ac-34be-4c4e-8e45-0c0272edbbb2: receive RaftClientReply:client-C9E345EC67ED->244f13ac-34be-4c4e-8e45-0c0272edbbb2@group-FE77C852EF02, cid=3237, SUCCESS, logIndex=4857, commits[244f13ac-34be-4c4e-8e45-0c0272edbbb2:c4858, 6287e41a-5356-4f55-84f2-270816d53e84:c4852, a2c18d3d-e79d-47c9-88fe-d8a1d195302b:c4856]
2019-08-23 11:31:51,644 [grpc-default-executor-2] INFO  client.GrpcClientProtocolClient (GrpcClientProtocolClient.java:onNext(255)) - client-C9E345EC67ED->244f13ac-34be-4c4e-8e45-0c0272edbbb2: receive RaftClientReply:client-C9E345EC67ED->244f13ac-34be-4c4e-8e45-0c0272edbbb2@group-FE77C852EF02, cid=3238, SUCCESS, logIndex=4858, commits[244f13ac-34be-4c4e-8e45-0c0272edbbb2:c4858, 6287e41a-5356-4f55-84f2-270816d53e84:c4852, a2c18d3d-e79d-47c9-88fe-d8a1d195302b:c4856]
2019-08-23 11:31:51,651 | INFO  | DNAudit | user=null | ip=null | op=WRITE_CHUNK {blockData=conID: 3 locID: 102666070365962907 bcsId: 4858} | ret=SUCCESS |  
2019-08-23 11:31:51,653 | INFO  | DNAudit | user=null | ip=null | op=WRITE_CHUNK {blockData=conID: 3 locID: 102666070365962907 bcsId: 4858} | ret=SUCCESS |  
2019-08-23 11:31:51,653 | INFO  | DNAudit | user=null | ip=null | op=WRITE_CHUNK {blockData=conID: 3 locID: 102666070365962907 bcsId: 4858} | ret=SUCCESS |  
2019-08-23 11:31:51,654 | INFO  | DNAudit | user=null | ip=null | op=WRITE_CHUNK {blockData=conID: 3 locID: 102666070365962907 bcsId: 4852} | ret=SUCCESS |  
2019-08-23 11:31:51,654 | INFO  | DNAudit | user=null | ip=null | op=PUT_BLOCK {blockData=[blockId=conID: 3 locID: 102666070365962907 bcsId: 0,size=3145728]} | ret=SUCCESS |  
2019-08-23 11:31:51,655 | INFO  | DNAudit | user=null | ip=null | op=WRITE_CHUNK {blockData=conID: 3 locID: 102666070365962907 bcsId: 4858} | ret=SUCCESS |  
2019-08-23 11:31:51,655 | INFO  | DNAudit | user=null | ip=null | op=WRITE_CHUNK {blockData=conID: 3 locID: 102666070365962907 bcsId: 4852} | ret=SUCCESS |  
2019-08-23 11:31:51,656 | INFO  | DNAudit | user=null | ip=null | op=PUT_BLOCK {blockData=[blockId=conID: 3 locID: 102666070365962907 bcsId: 0,size=3145728]} | ret=SUCCESS |  
2019-08-23 11:31:51,656 | INFO  | DNAudit | user=null | ip=null | op=PUT_BLOCK {blockData=[blockId=conID: 3 locID: 102666070365962907 bcsId: 0,size=4194304]} | ret=SUCCESS |  
2019-08-23 11:31:51,656 [grpc-default-executor-0] INFO  client.GrpcClientProtocolClient (GrpcClientProtocolClient.java:onNext(255)) - client-C9E345EC67ED->244f13ac-34be-4c4e-8e45-0c0272edbbb2: receive RaftClientReply:client-C9E345EC67ED->244f13ac-34be-4c4e-8e45-0c0272edbbb2@group-FE77C852EF02, cid=3239, SUCCESS, logIndex=4861, commits[244f13ac-34be-4c4e-8e45-0c0272edbbb2:c4862, 6287e41a-5356-4f55-84f2-270816d53e84:c4856, a2c18d3d-e79d-47c9-88fe-d8a1d195302b:c4858]
2019-08-23 11:31:51,656 [grpc-default-executor-0] INFO  client.GrpcClientProtocolClient (GrpcClientProtocolClient.java:onNext(255)) - client-C9E345EC67ED->244f13ac-34be-4c4e-8e45-0c0272edbbb2: receive RaftClientReply:client-C9E345EC67ED->244f13ac-34be-4c4e-8e45-0c0272edbbb2@group-FE77C852EF02, cid=3240, SUCCESS, logIndex=4862, commits[244f13ac-34be-4c4e-8e45-0c0272edbbb2:c4862, 6287e41a-5356-4f55-84f2-270816d53e84:c4858, a2c18d3d-e79d-47c9-88fe-d8a1d195302b:c4858]
2019-08-23 11:31:51,667 | INFO  | DNAudit | user=null | ip=null | op=WRITE_CHUNK {blockData=conID: 3 locID: 102666070365962907 bcsId: 4858} | ret=SUCCESS |  
2019-08-23 11:31:51,667 | INFO  | DNAudit | user=null | ip=null | op=PUT_BLOCK {blockData=[blockId=conID: 3 locID: 102666070365962907 bcsId: 0,size=4194304]} | ret=SUCCESS |  
2019-08-23 11:31:51,667 | INFO  | DNAudit | user=null | ip=null | op=WRITE_CHUNK {blockData=conID: 3 locID: 102666070365962907 bcsId: 4858} | ret=SUCCESS |  
2019-08-23 11:31:51,667 | INFO  | DNAudit | user=null | ip=null | op=PUT_BLOCK {blockData=[blockId=conID: 3 locID: 102666070365962907 bcsId: 0,size=4194304]} | ret=SUCCESS |  
2019-08-23 11:31:51,668 [grpc-default-executor-0] INFO  client.GrpcClientProtocolClient (GrpcClientProtocolClient.java:onNext(255)) - client-C9E345EC67ED->244f13ac-34be-4c4e-8e45-0c0272edbbb2: receive RaftClientReply:client-C9E345EC67ED->244f13ac-34be-4c4e-8e45-0c0272edbbb2@group-FE77C852EF02, cid=3241, SUCCESS, logIndex=0, commits[244f13ac-34be-4c4e-8e45-0c0272edbbb2:c4863, 6287e41a-5356-4f55-84f2-270816d53e84:c4862, a2c18d3d-e79d-47c9-88fe-d8a1d195302b:c4862]
2019-08-23 11:31:51,676 | INFO  | SCMAudit | user=jenkins1000 | ip=192.168.5.185 | op=ALLOCATE_BLOCK {owner=00a23185-76ea-47b5-a641-ad3cfbe5521a, size=4194304, type=RATIS, factor=THREE} | ret=SUCCESS |  
2019-08-23 11:31:51,681 | INFO  | OMAudit | user=jenkins1000 | ip=127.0.0.1 | op=ALLOCATE_BLOCK {volume=vol-0-37508, bucket=bucket-0-50919, key=key-0-57313, dataSize=0, replicationType=null, replicationFactor=null, keyLocationInfo=null, clientID=102666068570931602} | ret=SUCCESS |  
2019-08-23 11:31:51,689 | INFO  | DNAudit | user=null | ip=null | op=WRITE_CHUNK {blockData=conID: 1 locID: 102666070371599004 bcsId: 0} | ret=SUCCESS |  
2019-08-23 11:31:51,691 | INFO  | DNAudit | user=null | ip=null | op=WRITE_CHUNK {blockData=conID: 1 locID: 102666070371599004 bcsId: 0} | ret=SUCCESS |  
2019-08-23 11:31:51,692 | INFO  | DNAudit | user=null | ip=null | op=WRITE_CHUNK {blockData=conID: 1 locID: 102666070371599004 bcsId: 0} | ret=SUCCESS |  
2019-08-23 11:31:51,692 | INFO  | DNAudit | user=null | ip=null | op=WRITE_CHUNK {blockData=conID: 1 locID: 102666070371599004 bcsId: 0} | ret=SUCCESS |  
2019-08-23 11:31:51,693 | INFO  | DNAudit | user=null | ip=null | op=WRITE_CHUNK {blockData=conID: 1 locID: 102666070371599004 bcsId: 0} | ret=SUCCESS |  
2019-08-23 11:31:51,694 | INFO  | DNAudit | user=null | ip=null | op=WRITE_CHUNK {blockData=conID: 1 locID: 102666070371599004 bcsId: 0} | ret=SUCCESS |  
2019-08-23 11:31:51,703 | INFO  | DNAudit | user=null | ip=null | op=WRITE_CHUNK {blockData=conID: 1 locID: 102666070371599004 bcsId: 0} | ret=SUCCESS |  
2019-08-23 11:31:51,704 | INFO  | DNAudit | user=null | ip=null | op=PUT_BLOCK {blockData=[blockId=conID: 1 locID: 102666070371599004 bcsId: 0,size=1048576]} | ret=SUCCESS |  
2019-08-23 11:31:51,704 [grpc-default-executor-4] INFO  client.GrpcClientProtocolClient (GrpcClientProtocolClient.java:onNext(255)) - client-C9E345EC67ED->244f13ac-34be-4c4e-8e45-0c0272edbbb2: receive RaftClientReply:client-C9E345EC67ED->244f13ac-34be-4c4e-8e45-0c0272edbbb2@group-FE77C852EF02, cid=3242, SUCCESS, logIndex=4865, commits[244f13ac-34be-4c4e-8e45-0c0272edbbb2:c4866, 6287e41a-5356-4f55-84f2-270816d53e84:c4864, a2c18d3d-e79d-47c9-88fe-d8a1d195302b:c4862]
2019-08-23 11:31:51,704 [grpc-default-executor-4] INFO  client.GrpcClientProtocolClient (GrpcClientProtocolClient.java:onNext(255)) - client-C9E345EC67ED->244f13ac-34be-4c4e-8e45-0c0272edbbb2: receive RaftClientReply:client-C9E345EC67ED->244f13ac-34be-4c4e-8e45-0c0272edbbb2@group-FE77C852EF02, cid=3243, SUCCESS, logIndex=4866, commits[244f13ac-34be-4c4e-8e45-0c0272edbbb2:c4866, 6287e41a-5356-4f55-84f2-270816d53e84:c4864, a2c18d3d-e79d-47c9-88fe-d8a1d195302b:c4864]
2019-08-23 11:31:51,713 | INFO  | DNAudit | user=null | ip=null | op=WRITE_CHUNK {blockData=conID: 1 locID: 102666070371599004 bcsId: 0} | ret=SUCCESS |  
2019-08-23 11:31:51,713 | INFO  | DNAudit | user=null | ip=null | op=PUT_BLOCK {blockData=[blockId=conID: 1 locID: 102666070371599004 bcsId: 0,size=2097152]} | ret=SUCCESS |  
2019-08-23 11:31:51,714 [grpc-default-executor-2] INFO  client.GrpcClientProtocolClient (GrpcClientProtocolClient.java:onNext(255)) - client-C9E345EC67ED->244f13ac-34be-4c4e-8e45-0c0272edbbb2: receive RaftClientReply:client-C9E345EC67ED->244f13ac-34be-4c4e-8e45-0c0272edbbb2@group-FE77C852EF02, cid=3244, SUCCESS, logIndex=4867, commits[244f13ac-34be-4c4e-8e45-0c0272edbbb2:c4868, 6287e41a-5356-4f55-84f2-270816d53e84:c4864, a2c18d3d-e79d-47c9-88fe-d8a1d195302b:c4864]
2019-08-23 11:31:51,714 | INFO  | DNAudit | user=null | ip=null | op=WRITE_CHUNK {blockData=conID: 1 locID: 102666070371599004 bcsId: 0} | ret=SUCCESS |  
2019-08-23 11:31:51,714 [grpc-default-executor-2] INFO  client.GrpcClientProtocolClient (GrpcClientProtocolClient.java:onNext(255)) - client-C9E345EC67ED->244f13ac-34be-4c4e-8e45-0c0272edbbb2: receive RaftClientReply:client-C9E345EC67ED->244f13ac-34be-4c4e-8e45-0c0272edbbb2@group-FE77C852EF02, cid=3245, SUCCESS, logIndex=4868, commits[244f13ac-34be-4c4e-8e45-0c0272edbbb2:c4868, 6287e41a-5356-4f55-84f2-270816d53e84:c4864, a2c18d3d-e79d-47c9-88fe-d8a1d195302b:c4864]
2019-08-23 11:31:51,714 | INFO  | DNAudit | user=null | ip=null | op=WRITE_CHUNK {blockData=conID: 1 locID: 102666070371599004 bcsId: 0} | ret=SUCCESS |  
2019-08-23 11:31:51,715 | INFO  | DNAudit | user=null | ip=null | op=PUT_BLOCK {blockData=[blockId=conID: 1 locID: 102666070371599004 bcsId: 0,size=1048576]} | ret=SUCCESS |  
2019-08-23 11:31:51,715 | INFO  | DNAudit | user=null | ip=null | op=PUT_BLOCK {blockData=[blockId=conID: 1 locID: 102666070371599004 bcsId: 0,size=1048576]} | ret=SUCCESS |  
2019-08-23 11:31:51,715 | INFO  | DNAudit | user=null | ip=null | op=WRITE_CHUNK {blockData=conID: 1 locID: 102666070371599004 bcsId: 0} | ret=SUCCESS |  
2019-08-23 11:31:51,715 | INFO  | DNAudit | user=null | ip=null | op=PUT_BLOCK {blockData=[blockId=conID: 1 locID: 102666070371599004 bcsId: 0,size=2097152]} | ret=SUCCESS |  
2019-08-23 11:31:51,716 [grpc-default-executor-4] INFO  client.GrpcClientProtocolClient (GrpcClientProtocolClient.java:onNext(255)) - client-C9E345EC67ED->244f13ac-34be-4c4e-8e45-0c0272edbbb2: receive RaftClientReply:client-C9E345EC67ED->244f13ac-34be-4c4e-8e45-0c0272edbbb2@group-FE77C852EF02, cid=3246, SUCCESS, logIndex=0, commits[244f13ac-34be-4c4e-8e45-0c0272edbbb2:c4870, 6287e41a-5356-4f55-84f2-270816d53e84:c4866, a2c18d3d-e79d-47c9-88fe-d8a1d195302b:c4866]
2019-08-23 11:31:51,717 | INFO  | DNAudit | user=null | ip=null | op=WRITE_CHUNK {blockData=conID: 1 locID: 102666070371599004 bcsId: 0} | ret=SUCCESS |  
2019-08-23 11:31:51,717 | INFO  | DNAudit | user=null | ip=null | op=PUT_BLOCK {blockData=[blockId=conID: 1 locID: 102666070371599004 bcsId: 0,size=2097152]} | ret=SUCCESS |  
2019-08-23 11:31:51,722 | INFO  | DNAudit | user=null | ip=null | op=WRITE_CHUNK {blockData=conID: 1 locID: 102666070371599004 bcsId: 4868} | ret=SUCCESS |  
2019-08-23 11:31:51,724 | INFO  | DNAudit | user=null | ip=null | op=WRITE_CHUNK {blockData=conID: 1 locID: 102666070371599004 bcsId: 4868} | ret=SUCCESS |  
2019-08-23 11:31:51,724 | INFO  | DNAudit | user=null | ip=null | op=WRITE_CHUNK {blockData=conID: 1 locID: 102666070371599004 bcsId: 4868} | ret=SUCCESS |  
2019-08-23 11:31:51,736 | INFO  | DNAudit | user=null | ip=null | op=WRITE_CHUNK {blockData=conID: 1 locID: 102666070371599004 bcsId: 4868} | ret=SUCCESS |  
2019-08-23 11:31:51,736 | INFO  | DNAudit | user=null | ip=null | op=PUT_BLOCK {blockData=[blockId=conID: 1 locID: 102666070371599004 bcsId: 0,size=3145728]} | ret=SUCCESS |  
2019-08-23 11:31:51,736 [grpc-default-executor-0] INFO  client.GrpcClientProtocolClient (GrpcClientProtocolClient.java:onNext(255)) - client-C9E345EC67ED->244f13ac-34be-4c4e-8e45-0c0272edbbb2: receive RaftClientReply:client-C9E345EC67ED->244f13ac-34be-4c4e-8e45-0c0272edbbb2@group-FE77C852EF02, cid=3247, SUCCESS, logIndex=4872, commits[244f13ac-34be-4c4e-8e45-0c0272edbbb2:c4873, 6287e41a-5356-4f55-84f2-270816d53e84:c4871, a2c18d3d-e79d-47c9-88fe-d8a1d195302b:c4871]
2019-08-23 11:31:51,737 [grpc-default-executor-0] INFO  client.GrpcClientProtocolClient (GrpcClientProtocolClient.java:onNext(255)) - client-C9E345EC67ED->244f13ac-34be-4c4e-8e45-0c0272edbbb2: receive RaftClientReply:client-C9E345EC67ED->244f13ac-34be-4c4e-8e45-0c0272edbbb2@group-FE77C852EF02, cid=3248, SUCCESS, logIndex=4873, commits[244f13ac-34be-4c4e-8e45-0c0272edbbb2:c4873, 6287e41a-5356-4f55-84f2-270816d53e84:c4871, a2c18d3d-e79d-47c9-88fe-d8a1d195302b:c4871]
2019-08-23 11:31:51,743 | INFO  | DNAudit | user=null | ip=null | op=WRITE_CHUNK {blockData=conID: 1 locID: 102666070371599004 bcsId: 4873} | ret=SUCCESS |  
2019-08-23 11:31:51,745 | INFO  | DNAudit | user=null | ip=null | op=WRITE_CHUNK {blockData=conID: 1 locID: 102666070371599004 bcsId: 4873} | ret=SUCCESS |  
2019-08-23 11:31:51,745 | INFO  | DNAudit | user=null | ip=null | op=WRITE_CHUNK {blockData=conID: 1 locID: 102666070371599004 bcsId: 4873} | ret=SUCCESS |  
2019-08-23 11:31:51,749 | INFO  | DNAudit | user=null | ip=null | op=WRITE_CHUNK {blockData=conID: 1 locID: 102666070371599004 bcsId: 4868} | ret=SUCCESS |  
2019-08-23 11:31:51,749 | INFO  | DNAudit | user=null | ip=null | op=WRITE_CHUNK {blockData=conID: 1 locID: 102666070371599004 bcsId: 4868} | ret=SUCCESS |  
2019-08-23 11:31:51,760 | INFO  | DNAudit | user=null | ip=null | op=PUT_BLOCK {blockData=[blockId=conID: 1 locID: 102666070371599004 bcsId: 0,size=3145728]} | ret=SUCCESS |  
2019-08-23 11:31:51,760 | INFO  | DNAudit | user=null | ip=null | op=PUT_BLOCK {blockData=[blockId=conID: 1 locID: 102666070371599004 bcsId: 0,size=3145728]} | ret=SUCCESS |  
2019-08-23 11:31:51,761 | INFO  | DNAudit | user=null | ip=null | op=WRITE_CHUNK {blockData=conID: 1 locID: 102666070371599004 bcsId: 4873} | ret=SUCCESS |  
2019-08-23 11:31:51,761 | INFO  | DNAudit | user=null | ip=null | op=PUT_BLOCK {blockData=[blockId=conID: 1 locID: 102666070371599004 bcsId: 0,size=4194304]} | ret=SUCCESS |  
2019-08-23 11:31:51,761 [grpc-default-executor-0] INFO  client.GrpcClientProtocolClient (GrpcClientProtocolClient.java:onNext(255)) - client-C9E345EC67ED->244f13ac-34be-4c4e-8e45-0c0272edbbb2: receive RaftClientReply:client-C9E345EC67ED->244f13ac-34be-4c4e-8e45-0c0272edbbb2@group-FE77C852EF02, cid=3249, SUCCESS, logIndex=4876, commits[244f13ac-34be-4c4e-8e45-0c0272edbbb2:c4877, 6287e41a-5356-4f55-84f2-270816d53e84:c4873, a2c18d3d-e79d-47c9-88fe-d8a1d195302b:c4873]
2019-08-23 11:31:51,762 [grpc-default-executor-0] INFO  client.GrpcClientProtocolClient (GrpcClientProtocolClient.java:onNext(255)) - client-C9E345EC67ED->244f13ac-34be-4c4e-8e45-0c0272edbbb2: receive RaftClientReply:client-C9E345EC67ED->244f13ac-34be-4c4e-8e45-0c0272edbbb2@group-FE77C852EF02, cid=3250, SUCCESS, logIndex=4877, commits[244f13ac-34be-4c4e-8e45-0c0272edbbb2:c4877, 6287e41a-5356-4f55-84f2-270816d53e84:c4873, a2c18d3d-e79d-47c9-88fe-d8a1d195302b:c4873]
2019-08-23 11:31:51,771 | INFO  | DNAudit | user=null | ip=null | op=WRITE_CHUNK {blockData=conID: 1 locID: 102666070371599004 bcsId: 4873} | ret=SUCCESS |  
2019-08-23 11:31:51,771 | INFO  | DNAudit | user=null | ip=null | op=WRITE_CHUNK {blockData=conID: 1 locID: 102666070371599004 bcsId: 4873} | ret=SUCCESS |  
2019-08-23 11:31:51,771 | INFO  | DNAudit | user=null | ip=null | op=PUT_BLOCK {blockData=[blockId=conID: 1 locID: 102666070371599004 bcsId: 0,size=4194304]} | ret=SUCCESS |  
2019-08-23 11:31:51,771 | INFO  | DNAudit | user=null | ip=null | op=PUT_BLOCK {blockData=[blockId=conID: 1 locID: 102666070371599004 bcsId: 0,size=4194304]} | ret=SUCCESS |  
2019-08-23 11:31:51,772 [grpc-default-executor-0] INFO  client.GrpcClientProtocolClient (GrpcClientProtocolClient.java:onNext(255)) - client-C9E345EC67ED->244f13ac-34be-4c4e-8e45-0c0272edbbb2: receive RaftClientReply:client-C9E345EC67ED->244f13ac-34be-4c4e-8e45-0c0272edbbb2@group-FE77C852EF02, cid=3251, SUCCESS, logIndex=0, commits[244f13ac-34be-4c4e-8e45-0c0272edbbb2:c4878, 6287e41a-5356-4f55-84f2-270816d53e84:c4877, a2c18d3d-e79d-47c9-88fe-d8a1d195302b:c4877]
2019-08-23 11:31:51,777 | INFO  | SCMAudit | user=jenkins1000 | ip=192.168.5.185 | op=ALLOCATE_BLOCK {owner=00a23185-76ea-47b5-a641-ad3cfbe5521a, size=4194304, type=RATIS, factor=THREE} | ret=SUCCESS |  
2019-08-23 11:31:51,781 | INFO  | OMAudit | user=jenkins1000 | ip=127.0.0.1 | op=ALLOCATE_BLOCK {volume=vol-0-37508, bucket=bucket-0-50919, key=key-0-57313, dataSize=0, replicationType=null, replicationFactor=null, keyLocationInfo=null, clientID=102666068570931602} | ret=SUCCESS |  
2019-08-23 11:31:51,789 | INFO  | DNAudit | user=null | ip=null | op=WRITE_CHUNK {blockData=conID: 2 locID: 102666070378218141 bcsId: 0} | ret=SUCCESS |  
2019-08-23 11:31:51,790 | INFO  | DNAudit | user=null | ip=null | op=WRITE_CHUNK {blockData=conID: 2 locID: 102666070378218141 bcsId: 0} | ret=SUCCESS |  
2019-08-23 11:31:51,792 | INFO  | DNAudit | user=null | ip=null | op=WRITE_CHUNK {blockData=conID: 2 locID: 102666070378218141 bcsId: 0} | ret=SUCCESS |  
2019-08-23 11:31:51,792 | INFO  | DNAudit | user=null | ip=null | op=WRITE_CHUNK {blockData=conID: 2 locID: 102666070378218141 bcsId: 0} | ret=SUCCESS |  
2019-08-23 11:31:51,794 | INFO  | DNAudit | user=null | ip=null | op=WRITE_CHUNK {blockData=conID: 2 locID: 102666070378218141 bcsId: 0} | ret=SUCCESS |  
2019-08-23 11:31:51,794 | INFO  | DNAudit | user=null | ip=null | op=WRITE_CHUNK {blockData=conID: 2 locID: 102666070378218141 bcsId: 0} | ret=SUCCESS |  
2019-08-23 11:31:51,800 | INFO  | DNAudit | user=null | ip=null | op=WRITE_CHUNK {blockData=conID: 2 locID: 102666070378218141 bcsId: 0} | ret=SUCCESS |  
2019-08-23 11:31:51,800 | INFO  | DNAudit | user=null | ip=null | op=PUT_BLOCK {blockData=[blockId=conID: 2 locID: 102666070378218141 bcsId: 0,size=1048576]} | ret=SUCCESS |  
2019-08-23 11:31:51,800 [grpc-default-executor-1] INFO  client.GrpcClientProtocolClient (GrpcClientProtocolClient.java:onNext(255)) - client-C9E345EC67ED->244f13ac-34be-4c4e-8e45-0c0272edbbb2: receive RaftClientReply:client-C9E345EC67ED->244f13ac-34be-4c4e-8e45-0c0272edbbb2@group-FE77C852EF02, cid=3252, SUCCESS, logIndex=4880, commits[244f13ac-34be-4c4e-8e45-0c0272edbbb2:c4881, 6287e41a-5356-4f55-84f2-270816d53e84:c4879, a2c18d3d-e79d-47c9-88fe-d8a1d195302b:c4879]
2019-08-23 11:31:51,800 | INFO  | DNAudit | user=null | ip=null | op=WRITE_CHUNK {blockData=conID: 2 locID: 102666070378218141 bcsId: 0} | ret=SUCCESS |  
2019-08-23 11:31:51,801 | INFO  | DNAudit | user=null | ip=null | op=PUT_BLOCK {blockData=[blockId=conID: 2 locID: 102666070378218141 bcsId: 0,size=2097152]} | ret=SUCCESS |  
2019-08-23 11:31:51,801 [grpc-default-executor-1] INFO  client.GrpcClientProtocolClient (GrpcClientProtocolClient.java:onNext(255)) - client-C9E345EC67ED->244f13ac-34be-4c4e-8e45-0c0272edbbb2: receive RaftClientReply:client-C9E345EC67ED->244f13ac-34be-4c4e-8e45-0c0272edbbb2@group-FE77C852EF02, cid=3253, SUCCESS, logIndex=4881, commits[244f13ac-34be-4c4e-8e45-0c0272edbbb2:c4881, 6287e41a-5356-4f55-84f2-270816d53e84:c4879, a2c18d3d-e79d-47c9-88fe-d8a1d195302b:c4879]
2019-08-23 11:31:51,801 [grpc-default-executor-1] INFO  client.GrpcClientProtocolClient (GrpcClientProtocolClient.java:onNext(255)) - client-C9E345EC67ED->244f13ac-34be-4c4e-8e45-0c0272edbbb2: receive RaftClientReply:client-C9E345EC67ED->244f13ac-34be-4c4e-8e45-0c0272edbbb2@group-FE77C852EF02, cid=3254, SUCCESS, logIndex=4882, commits[244f13ac-34be-4c4e-8e45-0c0272edbbb2:c4883, 6287e41a-5356-4f55-84f2-270816d53e84:c4879, a2c18d3d-e79d-47c9-88fe-d8a1d195302b:c4879]
2019-08-23 11:31:51,801 [grpc-default-executor-1] INFO  client.GrpcClientProtocolClient (GrpcClientProtocolClient.java:onNext(255)) - client-C9E345EC67ED->244f13ac-34be-4c4e-8e45-0c0272edbbb2: receive RaftClientReply:client-C9E345EC67ED->244f13ac-34be-4c4e-8e45-0c0272edbbb2@group-FE77C852EF02, cid=3255, SUCCESS, logIndex=4883, commits[244f13ac-34be-4c4e-8e45-0c0272edbbb2:c4883, 6287e41a-5356-4f55-84f2-270816d53e84:c4879, a2c18d3d-e79d-47c9-88fe-d8a1d195302b:c4879]
2019-08-23 11:31:51,819 | INFO  | DNAudit | user=null | ip=null | op=WRITE_CHUNK {blockData=conID: 2 locID: 102666070378218141 bcsId: 0} | ret=SUCCESS |  
2019-08-23 11:31:51,819 | INFO  | DNAudit | user=null | ip=null | op=PUT_BLOCK {blockData=[blockId=conID: 2 locID: 102666070378218141 bcsId: 0,size=1048576]} | ret=SUCCESS |  
2019-08-23 11:31:51,819 | INFO  | DNAudit | user=null | ip=null | op=WRITE_CHUNK {blockData=conID: 2 locID: 102666070378218141 bcsId: 0} | ret=SUCCESS |  
2019-08-23 11:31:51,819 | INFO  | DNAudit | user=null | ip=null | op=PUT_BLOCK {blockData=[blockId=conID: 2 locID: 102666070378218141 bcsId: 0,size=1048576]} | ret=SUCCESS |  
2019-08-23 11:31:51,820 | INFO  | DNAudit | user=null | ip=null | op=WRITE_CHUNK {blockData=conID: 2 locID: 102666070378218141 bcsId: 0} | ret=SUCCESS |  
2019-08-23 11:31:51,820 | INFO  | DNAudit | user=null | ip=null | op=PUT_BLOCK {blockData=[blockId=conID: 2 locID: 102666070378218141 bcsId: 0,size=2097152]} | ret=SUCCESS |  
2019-08-23 11:31:51,820 | INFO  | DNAudit | user=null | ip=null | op=WRITE_CHUNK {blockData=conID: 2 locID: 102666070378218141 bcsId: 0} | ret=SUCCESS |  
2019-08-23 11:31:51,820 [grpc-default-executor-1] INFO  client.GrpcClientProtocolClient (GrpcClientProtocolClient.java:onNext(255)) - client-C9E345EC67ED->244f13ac-34be-4c4e-8e45-0c0272edbbb2: receive RaftClientReply:client-C9E345EC67ED->244f13ac-34be-4c4e-8e45-0c0272edbbb2@group-FE77C852EF02, cid=3256, SUCCESS, logIndex=0, commits[244f13ac-34be-4c4e-8e45-0c0272edbbb2:c4885, 6287e41a-5356-4f55-84f2-270816d53e84:c4881, a2c18d3d-e79d-47c9-88fe-d8a1d195302b:c4881]
2019-08-23 11:31:51,820 | INFO  | DNAudit | user=null | ip=null | op=PUT_BLOCK {blockData=[blockId=conID: 2 locID: 102666070378218141 bcsId: 0,size=2097152]} | ret=SUCCESS |  
2019-08-23 11:31:51,827 | INFO  | DNAudit | user=null | ip=null | op=WRITE_CHUNK {blockData=conID: 2 locID: 102666070378218141 bcsId: 4883} | ret=SUCCESS |  
2019-08-23 11:31:51,830 | INFO  | DNAudit | user=null | ip=null | op=WRITE_CHUNK {blockData=conID: 2 locID: 102666070378218141 bcsId: 4883} | ret=SUCCESS |  
2019-08-23 11:31:51,830 | INFO  | DNAudit | user=null | ip=null | op=WRITE_CHUNK {blockData=conID: 2 locID: 102666070378218141 bcsId: 4883} | ret=SUCCESS |  
2019-08-23 11:31:51,860 | INFO  | DNAudit | user=null | ip=null | op=WRITE_CHUNK {blockData=conID: 2 locID: 102666070378218141 bcsId: 4883} | ret=SUCCESS |  
2019-08-23 11:31:51,860 | INFO  | DNAudit | user=null | ip=null | op=PUT_BLOCK {blockData=[blockId=conID: 2 locID: 102666070378218141 bcsId: 0,size=3145728]} | ret=SUCCESS |  
2019-08-23 11:31:51,860 [grpc-default-executor-4] INFO  client.GrpcClientProtocolClient (GrpcClientProtocolClient.java:onNext(255)) - client-C9E345EC67ED->244f13ac-34be-4c4e-8e45-0c0272edbbb2: receive RaftClientReply:client-C9E345EC67ED->244f13ac-34be-4c4e-8e45-0c0272edbbb2@group-FE77C852EF02, cid=3257, SUCCESS, logIndex=4888, commits[244f13ac-34be-4c4e-8e45-0c0272edbbb2:c4889, 6287e41a-5356-4f55-84f2-270816d53e84:c4887, a2c18d3d-e79d-47c9-88fe-d8a1d195302b:c4887]
2019-08-23 11:31:51,861 [grpc-default-executor-4] INFO  client.GrpcClientProtocolClient (GrpcClientProtocolClient.java:onNext(255)) - client-C9E345EC67ED->244f13ac-34be-4c4e-8e45-0c0272edbbb2: receive RaftClientReply:client-C9E345EC67ED->244f13ac-34be-4c4e-8e45-0c0272edbbb2@group-FE77C852EF02, cid=3258, SUCCESS, logIndex=4889, commits[244f13ac-34be-4c4e-8e45-0c0272edbbb2:c4889, 6287e41a-5356-4f55-84f2-270816d53e84:c4887, a2c18d3d-e79d-47c9-88fe-d8a1d195302b:c4887]
2019-08-23 11:31:51,868 | INFO  | DNAudit | user=null | ip=null | op=WRITE_CHUNK {blockData=conID: 2 locID: 102666070378218141 bcsId: 4889} | ret=SUCCESS |  
2019-08-23 11:31:51,870 | INFO  | DNAudit | user=null | ip=null | op=WRITE_CHUNK {blockData=conID: 2 locID: 102666070378218141 bcsId: 4889} | ret=SUCCESS |  
2019-08-23 11:31:51,871 | INFO  | DNAudit | user=null | ip=null | op=WRITE_CHUNK {blockData=conID: 2 locID: 102666070378218141 bcsId: 4889} | ret=SUCCESS |  
2019-08-23 11:31:51,871 | INFO  | DNAudit | user=null | ip=null | op=WRITE_CHUNK {blockData=conID: 2 locID: 102666070378218141 bcsId: 4883} | ret=SUCCESS |  
2019-08-23 11:31:51,872 | INFO  | DNAudit | user=null | ip=null | op=WRITE_CHUNK {blockData=conID: 2 locID: 102666070378218141 bcsId: 4883} | ret=SUCCESS |  
2019-08-23 11:31:51,874 | INFO  | DNAudit | user=null | ip=null | op=PUT_BLOCK {blockData=[blockId=conID: 2 locID: 102666070378218141 bcsId: 0,size=3145728]} | ret=SUCCESS |  
2019-08-23 11:31:51,874 | INFO  | DNAudit | user=null | ip=null | op=PUT_BLOCK {blockData=[blockId=conID: 2 locID: 102666070378218141 bcsId: 0,size=3145728]} | ret=SUCCESS |  
2019-08-23 11:31:51,875 | INFO  | DNAudit | user=null | ip=null | op=WRITE_CHUNK {blockData=conID: 2 locID: 102666070378218141 bcsId: 4889} | ret=SUCCESS |  
2019-08-23 11:31:51,875 | INFO  | DNAudit | user=null | ip=null | op=PUT_BLOCK {blockData=[blockId=conID: 2 locID: 102666070378218141 bcsId: 0,size=4194304]} | ret=SUCCESS |  
2019-08-23 11:31:51,875 [grpc-default-executor-1] INFO  client.GrpcClientProtocolClient (GrpcClientProtocolClient.java:onNext(255)) - client-C9E345EC67ED->244f13ac-34be-4c4e-8e45-0c0272edbbb2: receive RaftClientReply:client-C9E345EC67ED->244f13ac-34be-4c4e-8e45-0c0272edbbb2@group-FE77C852EF02, cid=3259, SUCCESS, logIndex=4892, commits[244f13ac-34be-4c4e-8e45-0c0272edbbb2:c4892, 6287e41a-5356-4f55-84f2-270816d53e84:c4889, a2c18d3d-e79d-47c9-88fe-d8a1d195302b:c4889]
2019-08-23 11:31:51,876 [grpc-default-executor-1] INFO  client.GrpcClientProtocolClient (GrpcClientProtocolClient.java:onNext(255)) - client-C9E345EC67ED->244f13ac-34be-4c4e-8e45-0c0272edbbb2: receive RaftClientReply:client-C9E345EC67ED->244f13ac-34be-4c4e-8e45-0c0272edbbb2@group-FE77C852EF02, cid=3260, SUCCESS, logIndex=4893, commits[244f13ac-34be-4c4e-8e45-0c0272edbbb2:c4893, 6287e41a-5356-4f55-84f2-270816d53e84:c4889, a2c18d3d-e79d-47c9-88fe-d8a1d195302b:c4889]
2019-08-23 11:31:51,888 | INFO  | DNAudit | user=null | ip=null | op=WRITE_CHUNK {blockData=conID: 2 locID: 102666070378218141 bcsId: 4889} | ret=SUCCESS |  
2019-08-23 11:31:51,888 | INFO  | DNAudit | user=null | ip=null | op=WRITE_CHUNK {blockData=conID: 2 locID: 102666070378218141 bcsId: 4889} | ret=SUCCESS |  
2019-08-23 11:31:51,899 | INFO  | DNAudit | user=null | ip=null | op=PUT_BLOCK {blockData=[blockId=conID: 2 locID: 102666070378218141 bcsId: 0,size=4194304]} | ret=SUCCESS |  
2019-08-23 11:31:51,899 | INFO  | DNAudit | user=null | ip=null | op=PUT_BLOCK {blockData=[blockId=conID: 2 locID: 102666070378218141 bcsId: 0,size=4194304]} | ret=SUCCESS |  
2019-08-23 11:31:51,900 [grpc-default-executor-1] INFO  client.GrpcClientProtocolClient (GrpcClientProtocolClient.java:onNext(255)) - client-C9E345EC67ED->244f13ac-34be-4c4e-8e45-0c0272edbbb2: receive RaftClientReply:client-C9E345EC67ED->244f13ac-34be-4c4e-8e45-0c0272edbbb2@group-FE77C852EF02, cid=3261, SUCCESS, logIndex=0, commits[244f13ac-34be-4c4e-8e45-0c0272edbbb2:c4895, 6287e41a-5356-4f55-84f2-270816d53e84:c4893, a2c18d3d-e79d-47c9-88fe-d8a1d195302b:c4893]
2019-08-23 11:31:51,908 | INFO  | SCMAudit | user=jenkins1000 | ip=192.168.5.185 | op=ALLOCATE_BLOCK {owner=00a23185-76ea-47b5-a641-ad3cfbe5521a, size=4194304, type=RATIS, factor=THREE} | ret=SUCCESS |  
2019-08-23 11:31:51,914 | INFO  | OMAudit | user=jenkins1000 | ip=127.0.0.1 | op=ALLOCATE_BLOCK {volume=vol-0-37508, bucket=bucket-0-50919, key=key-0-57313, dataSize=0, replicationType=null, replicationFactor=null, keyLocationInfo=null, clientID=102666068570931602} | ret=SUCCESS |  
2019-08-23 11:31:51,922 | INFO  | DNAudit | user=null | ip=null | op=WRITE_CHUNK {blockData=conID: 3 locID: 102666070386803358 bcsId: 0} | ret=SUCCESS |  
2019-08-23 11:31:51,926 | INFO  | DNAudit | user=null | ip=null | op=WRITE_CHUNK {blockData=conID: 3 locID: 102666070386803358 bcsId: 0} | ret=SUCCESS |  
2019-08-23 11:31:51,927 | INFO  | DNAudit | user=null | ip=null | op=WRITE_CHUNK {blockData=conID: 3 locID: 102666070386803358 bcsId: 0} | ret=SUCCESS |  
2019-08-23 11:31:51,927 | INFO  | DNAudit | user=null | ip=null | op=WRITE_CHUNK {blockData=conID: 3 locID: 102666070386803358 bcsId: 0} | ret=SUCCESS |  
2019-08-23 11:31:51,929 | INFO  | DNAudit | user=null | ip=null | op=WRITE_CHUNK {blockData=conID: 3 locID: 102666070386803358 bcsId: 0} | ret=SUCCESS |  
2019-08-23 11:31:51,929 | INFO  | DNAudit | user=null | ip=null | op=WRITE_CHUNK {blockData=conID: 3 locID: 102666070386803358 bcsId: 0} | ret=SUCCESS |  
2019-08-23 11:31:51,935 | INFO  | DNAudit | user=null | ip=null | op=WRITE_CHUNK {blockData=conID: 3 locID: 102666070386803358 bcsId: 0} | ret=SUCCESS |  
2019-08-23 11:31:51,936 | INFO  | DNAudit | user=null | ip=null | op=PUT_BLOCK {blockData=[blockId=conID: 3 locID: 102666070386803358 bcsId: 0,size=1048576]} | ret=SUCCESS |  
2019-08-23 11:31:51,936 [grpc-default-executor-1] INFO  client.GrpcClientProtocolClient (GrpcClientProtocolClient.java:onNext(255)) - client-C9E345EC67ED->244f13ac-34be-4c4e-8e45-0c0272edbbb2: receive RaftClientReply:client-C9E345EC67ED->244f13ac-34be-4c4e-8e45-0c0272edbbb2@group-FE77C852EF02, cid=3262, SUCCESS, logIndex=4896, commits[244f13ac-34be-4c4e-8e45-0c0272edbbb2:c4897, 6287e41a-5356-4f55-84f2-270816d53e84:c4895, a2c18d3d-e79d-47c9-88fe-d8a1d195302b:c4895]
2019-08-23 11:31:51,937 | INFO  | DNAudit | user=null | ip=null | op=WRITE_CHUNK {blockData=conID: 3 locID: 102666070386803358 bcsId: 0} | ret=SUCCESS |  
2019-08-23 11:31:51,937 [grpc-default-executor-1] INFO  client.GrpcClientProtocolClient (GrpcClientProtocolClient.java:onNext(255)) - client-C9E345EC67ED->244f13ac-34be-4c4e-8e45-0c0272edbbb2: receive RaftClientReply:client-C9E345EC67ED->244f13ac-34be-4c4e-8e45-0c0272edbbb2@group-FE77C852EF02, cid=3263, SUCCESS, logIndex=4897, commits[244f13ac-34be-4c4e-8e45-0c0272edbbb2:c4899, 6287e41a-5356-4f55-84f2-270816d53e84:c4895, a2c18d3d-e79d-47c9-88fe-d8a1d195302b:c4895]
2019-08-23 11:31:51,937 | INFO  | DNAudit | user=null | ip=null | op=PUT_BLOCK {blockData=[blockId=conID: 3 locID: 102666070386803358 bcsId: 0,size=2097152]} | ret=SUCCESS |  
2019-08-23 11:31:51,937 [grpc-default-executor-1] INFO  client.GrpcClientProtocolClient (GrpcClientProtocolClient.java:onNext(255)) - client-C9E345EC67ED->244f13ac-34be-4c4e-8e45-0c0272edbbb2: receive RaftClientReply:client-C9E345EC67ED->244f13ac-34be-4c4e-8e45-0c0272edbbb2@group-FE77C852EF02, cid=3264, SUCCESS, logIndex=4898, commits[244f13ac-34be-4c4e-8e45-0c0272edbbb2:c4899, 6287e41a-5356-4f55-84f2-270816d53e84:c4895, a2c18d3d-e79d-47c9-88fe-d8a1d195302b:c4895]
2019-08-23 11:31:51,938 [grpc-default-executor-1] INFO  client.GrpcClientProtocolClient (GrpcClientProtocolClient.java:onNext(255)) - client-C9E345EC67ED->244f13ac-34be-4c4e-8e45-0c0272edbbb2: receive RaftClientReply:client-C9E345EC67ED->244f13ac-34be-4c4e-8e45-0c0272edbbb2@group-FE77C852EF02, cid=3265, SUCCESS, logIndex=4899, commits[244f13ac-34be-4c4e-8e45-0c0272edbbb2:c4899, 6287e41a-5356-4f55-84f2-270816d53e84:c4895, a2c18d3d-e79d-47c9-88fe-d8a1d195302b:c4895]
2019-08-23 11:31:51,938 | INFO  | DNAudit | user=null | ip=null | op=WRITE_CHUNK {blockData=conID: 3 locID: 102666070386803358 bcsId: 0} | ret=SUCCESS |  
2019-08-23 11:31:51,939 | INFO  | DNAudit | user=null | ip=null | op=WRITE_CHUNK {blockData=conID: 3 locID: 102666070386803358 bcsId: 0} | ret=SUCCESS |  
2019-08-23 11:31:51,939 | INFO  | DNAudit | user=null | ip=null | op=PUT_BLOCK {blockData=[blockId=conID: 3 locID: 102666070386803358 bcsId: 0,size=1048576]} | ret=SUCCESS |  
2019-08-23 11:31:51,939 | INFO  | DNAudit | user=null | ip=null | op=PUT_BLOCK {blockData=[blockId=conID: 3 locID: 102666070386803358 bcsId: 0,size=1048576]} | ret=SUCCESS |  
2019-08-23 11:31:51,940 [grpc-default-executor-2] INFO  client.GrpcClientProtocolClient (GrpcClientProtocolClient.java:onNext(255)) - client-C9E345EC67ED->244f13ac-34be-4c4e-8e45-0c0272edbbb2: receive RaftClientReply:client-C9E345EC67ED->244f13ac-34be-4c4e-8e45-0c0272edbbb2@group-FE77C852EF02, cid=3266, SUCCESS, logIndex=0, commits[244f13ac-34be-4c4e-8e45-0c0272edbbb2:c4900, 6287e41a-5356-4f55-84f2-270816d53e84:c4897, a2c18d3d-e79d-47c9-88fe-d8a1d195302b:c4897]
2019-08-23 11:31:51,948 | INFO  | DNAudit | user=null | ip=null | op=WRITE_CHUNK {blockData=conID: 3 locID: 102666070386803358 bcsId: 4899} | ret=SUCCESS |  
2019-08-23 11:31:51,951 | INFO  | DNAudit | user=null | ip=null | op=WRITE_CHUNK {blockData=conID: 3 locID: 102666070386803358 bcsId: 4899} | ret=SUCCESS |  
2019-08-23 11:31:51,951 | INFO  | DNAudit | user=null | ip=null | op=WRITE_CHUNK {blockData=conID: 3 locID: 102666070386803358 bcsId: 4899} | ret=SUCCESS |  
2019-08-23 11:31:51,952 | INFO  | DNAudit | user=null | ip=null | op=WRITE_CHUNK {blockData=conID: 3 locID: 102666070386803358 bcsId: 0} | ret=SUCCESS |  
2019-08-23 11:31:51,952 | INFO  | DNAudit | user=null | ip=null | op=WRITE_CHUNK {blockData=conID: 3 locID: 102666070386803358 bcsId: 0} | ret=SUCCESS |  
2019-08-23 11:31:51,952 | INFO  | DNAudit | user=null | ip=null | op=PUT_BLOCK {blockData=[blockId=conID: 3 locID: 102666070386803358 bcsId: 0,size=2097152]} | ret=SUCCESS |  
2019-08-23 11:31:51,952 | INFO  | DNAudit | user=null | ip=null | op=PUT_BLOCK {blockData=[blockId=conID: 3 locID: 102666070386803358 bcsId: 0,size=2097152]} | ret=SUCCESS |  
2019-08-23 11:31:51,963 | INFO  | DNAudit | user=null | ip=null | op=WRITE_CHUNK {blockData=conID: 3 locID: 102666070386803358 bcsId: 4899} | ret=SUCCESS |  
2019-08-23 11:31:51,964 | INFO  | DNAudit | user=null | ip=null | op=PUT_BLOCK {blockData=[blockId=conID: 3 locID: 102666070386803358 bcsId: 0,size=3145728]} | ret=SUCCESS |  
2019-08-23 11:31:51,964 [grpc-default-executor-1] INFO  client.GrpcClientProtocolClient (GrpcClientProtocolClient.java:onNext(255)) - client-C9E345EC67ED->244f13ac-34be-4c4e-8e45-0c0272edbbb2: receive RaftClientReply:client-C9E345EC67ED->244f13ac-34be-4c4e-8e45-0c0272edbbb2@group-FE77C852EF02, cid=3267, SUCCESS, logIndex=4903, commits[244f13ac-34be-4c4e-8e45-0c0272edbbb2:c4904, 6287e41a-5356-4f55-84f2-270816d53e84:c4900, a2c18d3d-e79d-47c9-88fe-d8a1d195302b:c4900]
2019-08-23 11:31:51,965 [grpc-default-executor-1] INFO  client.GrpcClientProtocolClient (GrpcClientProtocolClient.java:onNext(255)) - client-C9E345EC67ED->244f13ac-34be-4c4e-8e45-0c0272edbbb2: receive RaftClientReply:client-C9E345EC67ED->244f13ac-34be-4c4e-8e45-0c0272edbbb2@group-FE77C852EF02, cid=3268, SUCCESS, logIndex=4904, commits[244f13ac-34be-4c4e-8e45-0c0272edbbb2:c4904, 6287e41a-5356-4f55-84f2-270816d53e84:c4900, a2c18d3d-e79d-47c9-88fe-d8a1d195302b:c4900]
2019-08-23 11:31:51,973 | INFO  | DNAudit | user=null | ip=null | op=WRITE_CHUNK {blockData=conID: 3 locID: 102666070386803358 bcsId: 4904} | ret=SUCCESS |  
2019-08-23 11:31:51,975 | INFO  | DNAudit | user=null | ip=null | op=WRITE_CHUNK {blockData=conID: 3 locID: 102666070386803358 bcsId: 4904} | ret=SUCCESS |  
2019-08-23 11:31:51,976 | INFO  | DNAudit | user=null | ip=null | op=WRITE_CHUNK {blockData=conID: 3 locID: 102666070386803358 bcsId: 4904} | ret=SUCCESS |  
2019-08-23 11:31:51,976 | INFO  | DNAudit | user=null | ip=null | op=WRITE_CHUNK {blockData=conID: 3 locID: 102666070386803358 bcsId: 4899} | ret=SUCCESS |  
2019-08-23 11:31:51,977 | INFO  | DNAudit | user=null | ip=null | op=WRITE_CHUNK {blockData=conID: 3 locID: 102666070386803358 bcsId: 4899} | ret=SUCCESS |  
2019-08-23 11:31:51,988 | INFO  | DNAudit | user=null | ip=null | op=PUT_BLOCK {blockData=[blockId=conID: 3 locID: 102666070386803358 bcsId: 0,size=3145728]} | ret=SUCCESS |  
2019-08-23 11:31:51,988 | INFO  | DNAudit | user=null | ip=null | op=PUT_BLOCK {blockData=[blockId=conID: 3 locID: 102666070386803358 bcsId: 0,size=3145728]} | ret=SUCCESS |  
2019-08-23 11:31:51,989 | INFO  | DNAudit | user=null | ip=null | op=WRITE_CHUNK {blockData=conID: 3 locID: 102666070386803358 bcsId: 4904} | ret=SUCCESS |  
2019-08-23 11:31:51,989 | INFO  | DNAudit | user=null | ip=null | op=PUT_BLOCK {blockData=[blockId=conID: 3 locID: 102666070386803358 bcsId: 0,size=4194304]} | ret=SUCCESS |  
2019-08-23 11:31:51,990 [grpc-default-executor-1] INFO  client.GrpcClientProtocolClient (GrpcClientProtocolClient.java:onNext(255)) - client-C9E345EC67ED->244f13ac-34be-4c4e-8e45-0c0272edbbb2: receive RaftClientReply:client-C9E345EC67ED->244f13ac-34be-4c4e-8e45-0c0272edbbb2@group-FE77C852EF02, cid=3269, SUCCESS, logIndex=4907, commits[244f13ac-34be-4c4e-8e45-0c0272edbbb2:c4908, 6287e41a-5356-4f55-84f2-270816d53e84:c4904, a2c18d3d-e79d-47c9-88fe-d8a1d195302b:c4904]
2019-08-23 11:31:51,990 [grpc-default-executor-1] INFO  client.GrpcClientProtocolClient (GrpcClientProtocolClient.java:onNext(255)) - client-C9E345EC67ED->244f13ac-34be-4c4e-8e45-0c0272edbbb2: receive RaftClientReply:client-C9E345EC67ED->244f13ac-34be-4c4e-8e45-0c0272edbbb2@group-FE77C852EF02, cid=3270, SUCCESS, logIndex=4908, commits[244f13ac-34be-4c4e-8e45-0c0272edbbb2:c4908, 6287e41a-5356-4f55-84f2-270816d53e84:c4904, a2c18d3d-e79d-47c9-88fe-d8a1d195302b:c4904]
2019-08-23 11:31:51,991 | INFO  | DNAudit | user=null | ip=null | op=WRITE_CHUNK {blockData=conID: 3 locID: 102666070386803358 bcsId: 4904} | ret=SUCCESS |  
2019-08-23 11:31:51,991 | INFO  | DNAudit | user=null | ip=null | op=WRITE_CHUNK {blockData=conID: 3 locID: 102666070386803358 bcsId: 4904} | ret=SUCCESS |  
2019-08-23 11:31:52,001 | INFO  | DNAudit | user=null | ip=null | op=PUT_BLOCK {blockData=[blockId=conID: 3 locID: 102666070386803358 bcsId: 0,size=4194304]} | ret=SUCCESS |  
2019-08-23 11:31:52,001 | INFO  | DNAudit | user=null | ip=null | op=PUT_BLOCK {blockData=[blockId=conID: 3 locID: 102666070386803358 bcsId: 0,size=4194304]} | ret=SUCCESS |  
2019-08-23 11:31:52,001 [grpc-default-executor-2] INFO  client.GrpcClientProtocolClient (GrpcClientProtocolClient.java:onNext(255)) - client-C9E345EC67ED->244f13ac-34be-4c4e-8e45-0c0272edbbb2: receive RaftClientReply:client-C9E345EC67ED->244f13ac-34be-4c4e-8e45-0c0272edbbb2@group-FE77C852EF02, cid=3271, SUCCESS, logIndex=0, commits[244f13ac-34be-4c4e-8e45-0c0272edbbb2:c4910, 6287e41a-5356-4f55-84f2-270816d53e84:c4908, a2c18d3d-e79d-47c9-88fe-d8a1d195302b:c4908]
2019-08-23 11:31:52,009 | INFO  | SCMAudit | user=jenkins1000 | ip=192.168.5.185 | op=ALLOCATE_BLOCK {owner=00a23185-76ea-47b5-a641-ad3cfbe5521a, size=4194304, type=RATIS, factor=THREE} | ret=SUCCESS |  
2019-08-23 11:31:52,015 | INFO  | OMAudit | user=jenkins1000 | ip=127.0.0.1 | op=ALLOCATE_BLOCK {volume=vol-0-37508, bucket=bucket-0-50919, key=key-0-57313, dataSize=0, replicationType=null, replicationFactor=null, keyLocationInfo=null, clientID=102666068570931602} | ret=SUCCESS |  
2019-08-23 11:31:52,023 | INFO  | DNAudit | user=null | ip=null | op=WRITE_CHUNK {blockData=conID: 1 locID: 102666070393422495 bcsId: 0} | ret=SUCCESS |  
2019-08-23 11:31:52,026 | INFO  | DNAudit | user=null | ip=null | op=WRITE_CHUNK {blockData=conID: 1 locID: 102666070393422495 bcsId: 0} | ret=SUCCESS |  
2019-08-23 11:31:52,027 | INFO  | DNAudit | user=null | ip=null | op=WRITE_CHUNK {blockData=conID: 1 locID: 102666070393422495 bcsId: 0} | ret=SUCCESS |  
2019-08-23 11:31:52,028 | INFO  | DNAudit | user=null | ip=null | op=WRITE_CHUNK {blockData=conID: 1 locID: 102666070393422495 bcsId: 0} | ret=SUCCESS |  
2019-08-23 11:31:52,029 | INFO  | DNAudit | user=null | ip=null | op=WRITE_CHUNK {blockData=conID: 1 locID: 102666070393422495 bcsId: 0} | ret=SUCCESS |  
2019-08-23 11:31:52,029 | INFO  | DNAudit | user=null | ip=null | op=WRITE_CHUNK {blockData=conID: 1 locID: 102666070393422495 bcsId: 0} | ret=SUCCESS |  
2019-08-23 11:31:52,037 | INFO  | DNAudit | user=null | ip=null | op=WRITE_CHUNK {blockData=conID: 1 locID: 102666070393422495 bcsId: 0} | ret=SUCCESS |  
2019-08-23 11:31:52,037 | INFO  | DNAudit | user=null | ip=null | op=PUT_BLOCK {blockData=[blockId=conID: 1 locID: 102666070393422495 bcsId: 0,size=1048576]} | ret=SUCCESS |  
2019-08-23 11:31:52,037 [grpc-default-executor-4] INFO  client.GrpcClientProtocolClient (GrpcClientProtocolClient.java:onNext(255)) - client-C9E345EC67ED->244f13ac-34be-4c4e-8e45-0c0272edbbb2: receive RaftClientReply:client-C9E345EC67ED->244f13ac-34be-4c4e-8e45-0c0272edbbb2@group-FE77C852EF02, cid=3272, SUCCESS, logIndex=4911, commits[244f13ac-34be-4c4e-8e45-0c0272edbbb2:c4912, 6287e41a-5356-4f55-84f2-270816d53e84:c4908, a2c18d3d-e79d-47c9-88fe-d8a1d195302b:c4910]
2019-08-23 11:31:52,038 [grpc-default-executor-1] INFO  client.GrpcClientProtocolClient (GrpcClientProtocolClient.java:onNext(255)) - client-C9E345EC67ED->244f13ac-34be-4c4e-8e45-0c0272edbbb2: receive RaftClientReply:client-C9E345EC67ED->244f13ac-34be-4c4e-8e45-0c0272edbbb2@group-FE77C852EF02, cid=3273, SUCCESS, logIndex=4912, commits[244f13ac-34be-4c4e-8e45-0c0272edbbb2:c4912, 6287e41a-5356-4f55-84f2-270816d53e84:c4908, a2c18d3d-e79d-47c9-88fe-d8a1d195302b:c4910]
2019-08-23 11:31:52,039 | INFO  | DNAudit | user=null | ip=null | op=WRITE_CHUNK {blockData=conID: 1 locID: 102666070393422495 bcsId: 0} | ret=SUCCESS |  
2019-08-23 11:31:52,039 | INFO  | DNAudit | user=null | ip=null | op=PUT_BLOCK {blockData=[blockId=conID: 1 locID: 102666070393422495 bcsId: 0,size=2097152]} | ret=SUCCESS |  
2019-08-23 11:31:52,039 [grpc-default-executor-2] INFO  client.GrpcClientProtocolClient (GrpcClientProtocolClient.java:onNext(255)) - client-C9E345EC67ED->244f13ac-34be-4c4e-8e45-0c0272edbbb2: receive RaftClientReply:client-C9E345EC67ED->244f13ac-34be-4c4e-8e45-0c0272edbbb2@group-FE77C852EF02, cid=3274, SUCCESS, logIndex=4913, commits[244f13ac-34be-4c4e-8e45-0c0272edbbb2:c4913, 6287e41a-5356-4f55-84f2-270816d53e84:c4910, a2c18d3d-e79d-47c9-88fe-d8a1d195302b:c4910]
2019-08-23 11:31:52,040 [grpc-default-executor-2] INFO  client.GrpcClientProtocolClient (GrpcClientProtocolClient.java:onNext(255)) - client-C9E345EC67ED->244f13ac-34be-4c4e-8e45-0c0272edbbb2: receive RaftClientReply:client-C9E345EC67ED->244f13ac-34be-4c4e-8e45-0c0272edbbb2@group-FE77C852EF02, cid=3275, SUCCESS, logIndex=4914, commits[244f13ac-34be-4c4e-8e45-0c0272edbbb2:c4914, 6287e41a-5356-4f55-84f2-270816d53e84:c4910, a2c18d3d-e79d-47c9-88fe-d8a1d195302b:c4910]
2019-08-23 11:31:52,041 | INFO  | DNAudit | user=null | ip=null | op=WRITE_CHUNK {blockData=conID: 1 locID: 102666070393422495 bcsId: 0} | ret=SUCCESS |  
2019-08-23 11:31:52,041 | INFO  | DNAudit | user=null | ip=null | op=WRITE_CHUNK {blockData=conID: 1 locID: 102666070393422495 bcsId: 0} | ret=SUCCESS |  
2019-08-23 11:31:52,041 | INFO  | DNAudit | user=null | ip=null | op=PUT_BLOCK {blockData=[blockId=conID: 1 locID: 102666070393422495 bcsId: 0,size=1048576]} | ret=SUCCESS |  
2019-08-23 11:31:52,041 | INFO  | DNAudit | user=null | ip=null | op=PUT_BLOCK {blockData=[blockId=conID: 1 locID: 102666070393422495 bcsId: 0,size=1048576]} | ret=SUCCESS |  
2019-08-23 11:31:52,041 | INFO  | DNAudit | user=null | ip=null | op=WRITE_CHUNK {blockData=conID: 1 locID: 102666070393422495 bcsId: 0} | ret=SUCCESS |  
2019-08-23 11:31:52,042 [grpc-default-executor-2] INFO  client.GrpcClientProtocolClient (GrpcClientProtocolClient.java:onNext(255)) - client-C9E345EC67ED->244f13ac-34be-4c4e-8e45-0c0272edbbb2: receive RaftClientReply:client-C9E345EC67ED->244f13ac-34be-4c4e-8e45-0c0272edbbb2@group-FE77C852EF02, cid=3276, SUCCESS, logIndex=0, commits[244f13ac-34be-4c4e-8e45-0c0272edbbb2:c4916, 6287e41a-5356-4f55-84f2-270816d53e84:c4912, a2c18d3d-e79d-47c9-88fe-d8a1d195302b:c4912]
2019-08-23 11:31:52,042 | INFO  | DNAudit | user=null | ip=null | op=WRITE_CHUNK {blockData=conID: 1 locID: 102666070393422495 bcsId: 0} | ret=SUCCESS |  
2019-08-23 11:31:52,042 | INFO  | DNAudit | user=null | ip=null | op=PUT_BLOCK {blockData=[blockId=conID: 1 locID: 102666070393422495 bcsId: 0,size=2097152]} | ret=SUCCESS |  
2019-08-23 11:31:52,049 | INFO  | DNAudit | user=null | ip=null | op=WRITE_CHUNK {blockData=conID: 1 locID: 102666070393422495 bcsId: 4914} | ret=SUCCESS |  
2019-08-23 11:31:52,051 | INFO  | DNAudit | user=null | ip=null | op=PUT_BLOCK {blockData=[blockId=conID: 1 locID: 102666070393422495 bcsId: 0,size=2097152]} | ret=SUCCESS |  
2019-08-23 11:31:52,052 | INFO  | DNAudit | user=null | ip=null | op=WRITE_CHUNK {blockData=conID: 1 locID: 102666070393422495 bcsId: 4914} | ret=SUCCESS |  
2019-08-23 11:31:52,052 | INFO  | DNAudit | user=null | ip=null | op=WRITE_CHUNK {blockData=conID: 1 locID: 102666070393422495 bcsId: 4914} | ret=SUCCESS |  
2019-08-23 11:31:52,054 | INFO  | DNAudit | user=null | ip=null | op=WRITE_CHUNK {blockData=conID: 1 locID: 102666070393422495 bcsId: 4914} | ret=SUCCESS |  
2019-08-23 11:31:52,054 | INFO  | DNAudit | user=null | ip=null | op=PUT_BLOCK {blockData=[blockId=conID: 1 locID: 102666070393422495 bcsId: 0,size=3145728]} | ret=SUCCESS |  
2019-08-23 11:31:52,055 [grpc-default-executor-4] INFO  client.GrpcClientProtocolClient (GrpcClientProtocolClient.java:onNext(255)) - client-C9E345EC67ED->244f13ac-34be-4c4e-8e45-0c0272edbbb2: receive RaftClientReply:client-C9E345EC67ED->244f13ac-34be-4c4e-8e45-0c0272edbbb2@group-FE77C852EF02, cid=3277, SUCCESS, logIndex=4919, commits[244f13ac-34be-4c4e-8e45-0c0272edbbb2:c4920, 6287e41a-5356-4f55-84f2-270816d53e84:c4917, a2c18d3d-e79d-47c9-88fe-d8a1d195302b:c4914]
2019-08-23 11:31:52,055 [grpc-default-executor-4] INFO  client.GrpcClientProtocolClient (GrpcClientProtocolClient.java:onNext(255)) - client-C9E345EC67ED->244f13ac-34be-4c4e-8e45-0c0272edbbb2: receive RaftClientReply:client-C9E345EC67ED->244f13ac-34be-4c4e-8e45-0c0272edbbb2@group-FE77C852EF02, cid=3278, SUCCESS, logIndex=4920, commits[244f13ac-34be-4c4e-8e45-0c0272edbbb2:c4920, 6287e41a-5356-4f55-84f2-270816d53e84:c4917, a2c18d3d-e79d-47c9-88fe-d8a1d195302b:c4917]
2019-08-23 11:31:52,057 | INFO  | DNAudit | user=null | ip=null | op=WRITE_CHUNK {blockData=conID: 1 locID: 102666070393422495 bcsId: 4914} | ret=SUCCESS |  
2019-08-23 11:31:52,057 | INFO  | DNAudit | user=null | ip=null | op=WRITE_CHUNK {blockData=conID: 1 locID: 102666070393422495 bcsId: 4914} | ret=SUCCESS |  
2019-08-23 11:31:52,057 | INFO  | DNAudit | user=null | ip=null | op=PUT_BLOCK {blockData=[blockId=conID: 1 locID: 102666070393422495 bcsId: 0,size=3145728]} | ret=SUCCESS |  
2019-08-23 11:31:52,057 | INFO  | DNAudit | user=null | ip=null | op=PUT_BLOCK {blockData=[blockId=conID: 1 locID: 102666070393422495 bcsId: 0,size=3145728]} | ret=SUCCESS |  
2019-08-23 11:31:52,063 | INFO  | DNAudit | user=null | ip=null | op=WRITE_CHUNK {blockData=conID: 1 locID: 102666070393422495 bcsId: 4920} | ret=SUCCESS |  
2019-08-23 11:31:52,066 | INFO  | DNAudit | user=null | ip=null | op=WRITE_CHUNK {blockData=conID: 1 locID: 102666070393422495 bcsId: 4920} | ret=SUCCESS |  
2019-08-23 11:31:52,066 | INFO  | DNAudit | user=null | ip=null | op=WRITE_CHUNK {blockData=conID: 1 locID: 102666070393422495 bcsId: 4920} | ret=SUCCESS |  
2019-08-23 11:31:52,077 | INFO  | DNAudit | user=null | ip=null | op=WRITE_CHUNK {blockData=conID: 1 locID: 102666070393422495 bcsId: 4920} | ret=SUCCESS |  
2019-08-23 11:31:52,078 | INFO  | DNAudit | user=null | ip=null | op=PUT_BLOCK {blockData=[blockId=conID: 1 locID: 102666070393422495 bcsId: 0,size=4194304]} | ret=SUCCESS |  
2019-08-23 11:31:52,078 [grpc-default-executor-2] INFO  client.GrpcClientProtocolClient (GrpcClientProtocolClient.java:onNext(255)) - client-C9E345EC67ED->244f13ac-34be-4c4e-8e45-0c0272edbbb2: receive RaftClientReply:client-C9E345EC67ED->244f13ac-34be-4c4e-8e45-0c0272edbbb2@group-FE77C852EF02, cid=3279, SUCCESS, logIndex=4923, commits[244f13ac-34be-4c4e-8e45-0c0272edbbb2:c4924, 6287e41a-5356-4f55-84f2-270816d53e84:c4922, a2c18d3d-e79d-47c9-88fe-d8a1d195302b:c4922]
2019-08-23 11:31:52,078 [grpc-default-executor-2] INFO  client.GrpcClientProtocolClient (GrpcClientProtocolClient.java:onNext(255)) - client-C9E345EC67ED->244f13ac-34be-4c4e-8e45-0c0272edbbb2: receive RaftClientReply:client-C9E345EC67ED->244f13ac-34be-4c4e-8e45-0c0272edbbb2@group-FE77C852EF02, cid=3280, SUCCESS, logIndex=4924, commits[244f13ac-34be-4c4e-8e45-0c0272edbbb2:c4924, 6287e41a-5356-4f55-84f2-270816d53e84:c4922, a2c18d3d-e79d-47c9-88fe-d8a1d195302b:c4922]
2019-08-23 11:31:52,089 | INFO  | DNAudit | user=null | ip=null | op=WRITE_CHUNK {blockData=conID: 1 locID: 102666070393422495 bcsId: 4920} | ret=SUCCESS |  
2019-08-23 11:31:52,089 | INFO  | DNAudit | user=null | ip=null | op=WRITE_CHUNK {blockData=conID: 1 locID: 102666070393422495 bcsId: 4920} | ret=SUCCESS |  
2019-08-23 11:31:52,092 | INFO  | DNAudit | user=null | ip=null | op=PUT_BLOCK {blockData=[blockId=conID: 1 locID: 102666070393422495 bcsId: 0,size=4194304]} | ret=SUCCESS |  
2019-08-23 11:31:52,092 | INFO  | DNAudit | user=null | ip=null | op=PUT_BLOCK {blockData=[blockId=conID: 1 locID: 102666070393422495 bcsId: 0,size=4194304]} | ret=SUCCESS |  
2019-08-23 11:31:52,093 [grpc-default-executor-2] INFO  client.GrpcClientProtocolClient (GrpcClientProtocolClient.java:onNext(255)) - client-C9E345EC67ED->244f13ac-34be-4c4e-8e45-0c0272edbbb2: receive RaftClientReply:client-C9E345EC67ED->244f13ac-34be-4c4e-8e45-0c0272edbbb2@group-FE77C852EF02, cid=3281, SUCCESS, logIndex=0, commits[244f13ac-34be-4c4e-8e45-0c0272edbbb2:c4926, 6287e41a-5356-4f55-84f2-270816d53e84:c4924, a2c18d3d-e79d-47c9-88fe-d8a1d195302b:c4924]
2019-08-23 11:31:52,099 | INFO  | SCMAudit | user=jenkins1000 | ip=192.168.5.185 | op=ALLOCATE_BLOCK {owner=00a23185-76ea-47b5-a641-ad3cfbe5521a, size=4194304, type=RATIS, factor=THREE} | ret=SUCCESS |  
2019-08-23 11:31:52,103 | INFO  | OMAudit | user=jenkins1000 | ip=127.0.0.1 | op=ALLOCATE_BLOCK {volume=vol-0-37508, bucket=bucket-0-50919, key=key-0-57313, dataSize=0, replicationType=null, replicationFactor=null, keyLocationInfo=null, clientID=102666068570931602} | ret=SUCCESS |  
2019-08-23 11:31:52,110 | INFO  | DNAudit | user=null | ip=null | op=WRITE_CHUNK {blockData=conID: 2 locID: 102666070399320736 bcsId: 0} | ret=SUCCESS |  
2019-08-23 11:31:52,112 | INFO  | DNAudit | user=null | ip=null | op=WRITE_CHUNK {blockData=conID: 2 locID: 102666070399320736 bcsId: 0} | ret=SUCCESS |  
2019-08-23 11:31:52,113 | INFO  | DNAudit | user=null | ip=null | op=WRITE_CHUNK {blockData=conID: 2 locID: 102666070399320736 bcsId: 0} | ret=SUCCESS |  
2019-08-23 11:31:52,114 | INFO  | DNAudit | user=null | ip=null | op=WRITE_CHUNK {blockData=conID: 2 locID: 102666070399320736 bcsId: 0} | ret=SUCCESS |  
2019-08-23 11:31:52,116 | INFO  | DNAudit | user=null | ip=null | op=WRITE_CHUNK {blockData=conID: 2 locID: 102666070399320736 bcsId: 0} | ret=SUCCESS |  
2019-08-23 11:31:52,116 | INFO  | DNAudit | user=null | ip=null | op=WRITE_CHUNK {blockData=conID: 2 locID: 102666070399320736 bcsId: 0} | ret=SUCCESS |  
2019-08-23 11:31:52,123 | INFO  | DNAudit | user=null | ip=null | op=WRITE_CHUNK {blockData=conID: 2 locID: 102666070399320736 bcsId: 0} | ret=SUCCESS |  
2019-08-23 11:31:52,123 | INFO  | DNAudit | user=null | ip=null | op=PUT_BLOCK {blockData=[blockId=conID: 2 locID: 102666070399320736 bcsId: 0,size=1048576]} | ret=SUCCESS |  
2019-08-23 11:31:52,123 [grpc-default-executor-2] INFO  client.GrpcClientProtocolClient (GrpcClientProtocolClient.java:onNext(255)) - client-C9E345EC67ED->244f13ac-34be-4c4e-8e45-0c0272edbbb2: receive RaftClientReply:client-C9E345EC67ED->244f13ac-34be-4c4e-8e45-0c0272edbbb2@group-FE77C852EF02, cid=3282, SUCCESS, logIndex=4927, commits[244f13ac-34be-4c4e-8e45-0c0272edbbb2:c4928, 6287e41a-5356-4f55-84f2-270816d53e84:c4926, a2c18d3d-e79d-47c9-88fe-d8a1d195302b:c4926]
2019-08-23 11:31:52,124 | INFO  | DNAudit | user=null | ip=null | op=WRITE_CHUNK {blockData=conID: 2 locID: 102666070399320736 bcsId: 0} | ret=SUCCESS |  
2019-08-23 11:31:52,124 [grpc-default-executor-2] INFO  client.GrpcClientProtocolClient (GrpcClientProtocolClient.java:onNext(255)) - client-C9E345EC67ED->244f13ac-34be-4c4e-8e45-0c0272edbbb2: receive RaftClientReply:client-C9E345EC67ED->244f13ac-34be-4c4e-8e45-0c0272edbbb2@group-FE77C852EF02, cid=3283, SUCCESS, logIndex=4928, commits[244f13ac-34be-4c4e-8e45-0c0272edbbb2:c4928, 6287e41a-5356-4f55-84f2-270816d53e84:c4926, a2c18d3d-e79d-47c9-88fe-d8a1d195302b:c4926]
2019-08-23 11:31:52,124 | INFO  | DNAudit | user=null | ip=null | op=PUT_BLOCK {blockData=[blockId=conID: 2 locID: 102666070399320736 bcsId: 0,size=2097152]} | ret=SUCCESS |  
2019-08-23 11:31:52,124 [grpc-default-executor-2] INFO  client.GrpcClientProtocolClient (GrpcClientProtocolClient.java:onNext(255)) - client-C9E345EC67ED->244f13ac-34be-4c4e-8e45-0c0272edbbb2: receive RaftClientReply:client-C9E345EC67ED->244f13ac-34be-4c4e-8e45-0c0272edbbb2@group-FE77C852EF02, cid=3284, SUCCESS, logIndex=4929, commits[244f13ac-34be-4c4e-8e45-0c0272edbbb2:c4930, 6287e41a-5356-4f55-84f2-270816d53e84:c4926, a2c18d3d-e79d-47c9-88fe-d8a1d195302b:c4926]
2019-08-23 11:31:52,125 | INFO  | DNAudit | user=null | ip=null | op=WRITE_CHUNK {blockData=conID: 2 locID: 102666070399320736 bcsId: 0} | ret=SUCCESS |  
2019-08-23 11:31:52,125 | INFO  | DNAudit | user=null | ip=null | op=PUT_BLOCK {blockData=[blockId=conID: 2 locID: 102666070399320736 bcsId: 0,size=1048576]} | ret=SUCCESS |  
2019-08-23 11:31:52,125 [grpc-default-executor-2] INFO  client.GrpcClientProtocolClient (GrpcClientProtocolClient.java:onNext(255)) - client-C9E345EC67ED->244f13ac-34be-4c4e-8e45-0c0272edbbb2: receive RaftClientReply:client-C9E345EC67ED->244f13ac-34be-4c4e-8e45-0c0272edbbb2@group-FE77C852EF02, cid=3285, SUCCESS, logIndex=4930, commits[244f13ac-34be-4c4e-8e45-0c0272edbbb2:c4930, 6287e41a-5356-4f55-84f2-270816d53e84:c4926, a2c18d3d-e79d-47c9-88fe-d8a1d195302b:c4926]
2019-08-23 11:31:52,126 | INFO  | DNAudit | user=null | ip=null | op=WRITE_CHUNK {blockData=conID: 2 locID: 102666070399320736 bcsId: 0} | ret=SUCCESS |  
2019-08-23 11:31:52,126 | INFO  | DNAudit | user=null | ip=null | op=WRITE_CHUNK {blockData=conID: 2 locID: 102666070399320736 bcsId: 0} | ret=SUCCESS |  
2019-08-23 11:31:52,126 | INFO  | DNAudit | user=null | ip=null | op=PUT_BLOCK {blockData=[blockId=conID: 2 locID: 102666070399320736 bcsId: 0,size=1048576]} | ret=SUCCESS |  
2019-08-23 11:31:52,126 | INFO  | DNAudit | user=null | ip=null | op=PUT_BLOCK {blockData=[blockId=conID: 2 locID: 102666070399320736 bcsId: 0,size=2097152]} | ret=SUCCESS |  
2019-08-23 11:31:52,126 | INFO  | DNAudit | user=null | ip=null | op=WRITE_CHUNK {blockData=conID: 2 locID: 102666070399320736 bcsId: 0} | ret=SUCCESS |  
2019-08-23 11:31:52,126 | INFO  | DNAudit | user=null | ip=null | op=PUT_BLOCK {blockData=[blockId=conID: 2 locID: 102666070399320736 bcsId: 0,size=2097152]} | ret=SUCCESS |  
2019-08-23 11:31:52,126 [grpc-default-executor-2] INFO  client.GrpcClientProtocolClient (GrpcClientProtocolClient.java:onNext(255)) - client-C9E345EC67ED->244f13ac-34be-4c4e-8e45-0c0272edbbb2: receive RaftClientReply:client-C9E345EC67ED->244f13ac-34be-4c4e-8e45-0c0272edbbb2@group-FE77C852EF02, cid=3286, SUCCESS, logIndex=0, commits[244f13ac-34be-4c4e-8e45-0c0272edbbb2:c4934, 6287e41a-5356-4f55-84f2-270816d53e84:c4930, a2c18d3d-e79d-47c9-88fe-d8a1d195302b:c4928]
2019-08-23 11:31:52,133 | INFO  | DNAudit | user=null | ip=null | op=WRITE_CHUNK {blockData=conID: 2 locID: 102666070399320736 bcsId: 4930} | ret=SUCCESS |  
2019-08-23 11:31:52,134 | INFO  | DNAudit | user=null | ip=null | op=WRITE_CHUNK {blockData=conID: 2 locID: 102666070399320736 bcsId: 4930} | ret=SUCCESS |  
2019-08-23 11:31:52,135 | INFO  | DNAudit | user=null | ip=null | op=WRITE_CHUNK {blockData=conID: 2 locID: 102666070399320736 bcsId: 4930} | ret=SUCCESS |  
2019-08-23 11:31:52,145 | INFO  | DNAudit | user=null | ip=null | op=WRITE_CHUNK {blockData=conID: 2 locID: 102666070399320736 bcsId: 4930} | ret=SUCCESS |  
2019-08-23 11:31:52,145 | INFO  | DNAudit | user=null | ip=null | op=PUT_BLOCK {blockData=[blockId=conID: 2 locID: 102666070399320736 bcsId: 0,size=3145728]} | ret=SUCCESS |  
2019-08-23 11:31:52,146 [grpc-default-executor-2] INFO  client.GrpcClientProtocolClient (GrpcClientProtocolClient.java:onNext(255)) - client-C9E345EC67ED->244f13ac-34be-4c4e-8e45-0c0272edbbb2: receive RaftClientReply:client-C9E345EC67ED->244f13ac-34be-4c4e-8e45-0c0272edbbb2@group-FE77C852EF02, cid=3287, SUCCESS, logIndex=4935, commits[244f13ac-34be-4c4e-8e45-0c0272edbbb2:c4936, 6287e41a-5356-4f55-84f2-270816d53e84:c4934, a2c18d3d-e79d-47c9-88fe-d8a1d195302b:c4934]
2019-08-23 11:31:52,146 [grpc-default-executor-2] INFO  client.GrpcClientProtocolClient (GrpcClientProtocolClient.java:onNext(255)) - client-C9E345EC67ED->244f13ac-34be-4c4e-8e45-0c0272edbbb2: receive RaftClientReply:client-C9E345EC67ED->244f13ac-34be-4c4e-8e45-0c0272edbbb2@group-FE77C852EF02, cid=3288, SUCCESS, logIndex=4936, commits[244f13ac-34be-4c4e-8e45-0c0272edbbb2:c4936, 6287e41a-5356-4f55-84f2-270816d53e84:c4934, a2c18d3d-e79d-47c9-88fe-d8a1d195302b:c4934]
2019-08-23 11:31:52,153 | INFO  | DNAudit | user=null | ip=null | op=WRITE_CHUNK {blockData=conID: 2 locID: 102666070399320736 bcsId: 4936} | ret=SUCCESS |  
2019-08-23 11:31:52,154 | INFO  | DNAudit | user=null | ip=null | op=WRITE_CHUNK {blockData=conID: 2 locID: 102666070399320736 bcsId: 4936} | ret=SUCCESS |  
2019-08-23 11:31:52,155 | INFO  | DNAudit | user=null | ip=null | op=WRITE_CHUNK {blockData=conID: 2 locID: 102666070399320736 bcsId: 4936} | ret=SUCCESS |  
2019-08-23 11:31:52,156 | INFO  | DNAudit | user=null | ip=null | op=WRITE_CHUNK {blockData=conID: 2 locID: 102666070399320736 bcsId: 4930} | ret=SUCCESS |  
2019-08-23 11:31:52,156 | INFO  | DNAudit | user=null | ip=null | op=WRITE_CHUNK {blockData=conID: 2 locID: 102666070399320736 bcsId: 4930} | ret=SUCCESS |  
2019-08-23 11:31:52,158 | INFO  | DNAudit | user=null | ip=null | op=PUT_BLOCK {blockData=[blockId=conID: 2 locID: 102666070399320736 bcsId: 0,size=3145728]} | ret=SUCCESS |  
2019-08-23 11:31:52,158 | INFO  | DNAudit | user=null | ip=null | op=PUT_BLOCK {blockData=[blockId=conID: 2 locID: 102666070399320736 bcsId: 0,size=3145728]} | ret=SUCCESS |  
2019-08-23 11:31:52,158 | INFO  | DNAudit | user=null | ip=null | op=WRITE_CHUNK {blockData=conID: 2 locID: 102666070399320736 bcsId: 4936} | ret=SUCCESS |  
2019-08-23 11:31:52,158 | INFO  | DNAudit | user=null | ip=null | op=PUT_BLOCK {blockData=[blockId=conID: 2 locID: 102666070399320736 bcsId: 0,size=4194304]} | ret=SUCCESS |  
2019-08-23 11:31:52,159 [grpc-default-executor-2] INFO  client.GrpcClientProtocolClient (GrpcClientProtocolClient.java:onNext(255)) - client-C9E345EC67ED->244f13ac-34be-4c4e-8e45-0c0272edbbb2: receive RaftClientReply:client-C9E345EC67ED->244f13ac-34be-4c4e-8e45-0c0272edbbb2@group-FE77C852EF02, cid=3289, SUCCESS, logIndex=4939, commits[244f13ac-34be-4c4e-8e45-0c0272edbbb2:c4940, 6287e41a-5356-4f55-84f2-270816d53e84:c4936, a2c18d3d-e79d-47c9-88fe-d8a1d195302b:c4936]
2019-08-23 11:31:52,159 [grpc-default-executor-2] INFO  client.GrpcClientProtocolClient (GrpcClientProtocolClient.java:onNext(255)) - client-C9E345EC67ED->244f13ac-34be-4c4e-8e45-0c0272edbbb2: receive RaftClientReply:client-C9E345EC67ED->244f13ac-34be-4c4e-8e45-0c0272edbbb2@group-FE77C852EF02, cid=3290, SUCCESS, logIndex=4940, commits[244f13ac-34be-4c4e-8e45-0c0272edbbb2:c4940, 6287e41a-5356-4f55-84f2-270816d53e84:c4936, a2c18d3d-e79d-47c9-88fe-d8a1d195302b:c4936]
2019-08-23 11:31:52,287 | INFO  | DNAudit | user=null | ip=null | op=WRITE_CHUNK {blockData=conID: 2 locID: 102666070399320736 bcsId: 4936} | ret=SUCCESS |  
2019-08-23 11:31:52,287 | INFO  | DNAudit | user=null | ip=null | op=WRITE_CHUNK {blockData=conID: 2 locID: 102666070399320736 bcsId: 4936} | ret=SUCCESS |  
2019-08-23 11:31:52,288 | INFO  | DNAudit | user=null | ip=null | op=PUT_BLOCK {blockData=[blockId=conID: 2 locID: 102666070399320736 bcsId: 0,size=4194304]} | ret=SUCCESS |  
2019-08-23 11:31:52,288 | INFO  | DNAudit | user=null | ip=null | op=PUT_BLOCK {blockData=[blockId=conID: 2 locID: 102666070399320736 bcsId: 0,size=4194304]} | ret=SUCCESS |  
2019-08-23 11:31:52,289 [grpc-default-executor-4] INFO  client.GrpcClientProtocolClient (GrpcClientProtocolClient.java:onNext(255)) - client-C9E345EC67ED->244f13ac-34be-4c4e-8e45-0c0272edbbb2: receive RaftClientReply:client-C9E345EC67ED->244f13ac-34be-4c4e-8e45-0c0272edbbb2@group-FE77C852EF02, cid=3291, SUCCESS, logIndex=0, commits[244f13ac-34be-4c4e-8e45-0c0272edbbb2:c4942, 6287e41a-5356-4f55-84f2-270816d53e84:c4940, a2c18d3d-e79d-47c9-88fe-d8a1d195302b:c4940]
2019-08-23 11:31:52,297 | INFO  | SCMAudit | user=jenkins1000 | ip=192.168.5.185 | op=ALLOCATE_BLOCK {owner=00a23185-76ea-47b5-a641-ad3cfbe5521a, size=4194304, type=RATIS, factor=THREE} | ret=SUCCESS |  
2019-08-23 11:31:52,302 | INFO  | OMAudit | user=jenkins1000 | ip=127.0.0.1 | op=ALLOCATE_BLOCK {volume=vol-0-37508, bucket=bucket-0-50919, key=key-0-57313, dataSize=0, replicationType=null, replicationFactor=null, keyLocationInfo=null, clientID=102666068570931602} | ret=SUCCESS |  
2019-08-23 11:31:52,311 | INFO  | DNAudit | user=null | ip=null | op=WRITE_CHUNK {blockData=conID: 3 locID: 102666070412296865 bcsId: 0} | ret=SUCCESS |  
2019-08-23 11:31:52,313 | INFO  | DNAudit | user=null | ip=null | op=WRITE_CHUNK {blockData=conID: 3 locID: 102666070412296865 bcsId: 0} | ret=SUCCESS |  
2019-08-23 11:31:52,314 | INFO  | DNAudit | user=null | ip=null | op=WRITE_CHUNK {blockData=conID: 3 locID: 102666070412296865 bcsId: 0} | ret=SUCCESS |  
2019-08-23 11:31:52,315 | INFO  | DNAudit | user=null | ip=null | op=WRITE_CHUNK {blockData=conID: 3 locID: 102666070412296865 bcsId: 0} | ret=SUCCESS |  
2019-08-23 11:31:52,317 | INFO  | DNAudit | user=null | ip=null | op=WRITE_CHUNK {blockData=conID: 3 locID: 102666070412296865 bcsId: 0} | ret=SUCCESS |  
2019-08-23 11:31:52,317 | INFO  | DNAudit | user=null | ip=null | op=WRITE_CHUNK {blockData=conID: 3 locID: 102666070412296865 bcsId: 0} | ret=SUCCESS |  
2019-08-23 11:31:52,324 | INFO  | DNAudit | user=null | ip=null | op=WRITE_CHUNK {blockData=conID: 3 locID: 102666070412296865 bcsId: 0} | ret=SUCCESS |  
2019-08-23 11:31:52,324 | INFO  | DNAudit | user=null | ip=null | op=PUT_BLOCK {blockData=[blockId=conID: 3 locID: 102666070412296865 bcsId: 0,size=1048576]} | ret=SUCCESS |  
2019-08-23 11:31:52,324 [grpc-default-executor-1] INFO  client.GrpcClientProtocolClient (GrpcClientProtocolClient.java:onNext(255)) - client-C9E345EC67ED->244f13ac-34be-4c4e-8e45-0c0272edbbb2: receive RaftClientReply:client-C9E345EC67ED->244f13ac-34be-4c4e-8e45-0c0272edbbb2@group-FE77C852EF02, cid=3292, SUCCESS, logIndex=4943, commits[244f13ac-34be-4c4e-8e45-0c0272edbbb2:c4944, 6287e41a-5356-4f55-84f2-270816d53e84:c4942, a2c18d3d-e79d-47c9-88fe-d8a1d195302b:c4942]
2019-08-23 11:31:52,325 | INFO  | DNAudit | user=null | ip=null | op=WRITE_CHUNK {blockData=conID: 3 locID: 102666070412296865 bcsId: 0} | ret=SUCCESS |  
2019-08-23 11:31:52,325 [grpc-default-executor-2] INFO  client.GrpcClientProtocolClient (GrpcClientProtocolClient.java:onNext(255)) - client-C9E345EC67ED->244f13ac-34be-4c4e-8e45-0c0272edbbb2: receive RaftClientReply:client-C9E345EC67ED->244f13ac-34be-4c4e-8e45-0c0272edbbb2@group-FE77C852EF02, cid=3293, SUCCESS, logIndex=4944, commits[244f13ac-34be-4c4e-8e45-0c0272edbbb2:c4944, 6287e41a-5356-4f55-84f2-270816d53e84:c4942, a2c18d3d-e79d-47c9-88fe-d8a1d195302b:c4942]
2019-08-23 11:31:52,325 | INFO  | DNAudit | user=null | ip=null | op=PUT_BLOCK {blockData=[blockId=conID: 3 locID: 102666070412296865 bcsId: 0,size=2097152]} | ret=SUCCESS |  
2019-08-23 11:31:52,325 [grpc-default-executor-2] INFO  client.GrpcClientProtocolClient (GrpcClientProtocolClient.java:onNext(255)) - client-C9E345EC67ED->244f13ac-34be-4c4e-8e45-0c0272edbbb2: receive RaftClientReply:client-C9E345EC67ED->244f13ac-34be-4c4e-8e45-0c0272edbbb2@group-FE77C852EF02, cid=3294, SUCCESS, logIndex=4945, commits[244f13ac-34be-4c4e-8e45-0c0272edbbb2:c4946, 6287e41a-5356-4f55-84f2-270816d53e84:c4942, a2c18d3d-e79d-47c9-88fe-d8a1d195302b:c4942]
2019-08-23 11:31:52,326 | INFO  | DNAudit | user=null | ip=null | op=WRITE_CHUNK {blockData=conID: 3 locID: 102666070412296865 bcsId: 0} | ret=SUCCESS |  
2019-08-23 11:31:52,326 | INFO  | DNAudit | user=null | ip=null | op=PUT_BLOCK {blockData=[blockId=conID: 3 locID: 102666070412296865 bcsId: 0,size=1048576]} | ret=SUCCESS |  
2019-08-23 11:31:52,326 [grpc-default-executor-1] INFO  client.GrpcClientProtocolClient (GrpcClientProtocolClient.java:onNext(255)) - client-C9E345EC67ED->244f13ac-34be-4c4e-8e45-0c0272edbbb2: receive RaftClientReply:client-C9E345EC67ED->244f13ac-34be-4c4e-8e45-0c0272edbbb2@group-FE77C852EF02, cid=3295, SUCCESS, logIndex=4946, commits[244f13ac-34be-4c4e-8e45-0c0272edbbb2:c4946, 6287e41a-5356-4f55-84f2-270816d53e84:c4942, a2c18d3d-e79d-47c9-88fe-d8a1d195302b:c4942]
2019-08-23 11:31:52,326 | INFO  | DNAudit | user=null | ip=null | op=WRITE_CHUNK {blockData=conID: 3 locID: 102666070412296865 bcsId: 0} | ret=SUCCESS |  
2019-08-23 11:31:52,326 | INFO  | DNAudit | user=null | ip=null | op=PUT_BLOCK {blockData=[blockId=conID: 3 locID: 102666070412296865 bcsId: 0,size=1048576]} | ret=SUCCESS |  
2019-08-23 11:31:52,327 | INFO  | DNAudit | user=null | ip=null | op=WRITE_CHUNK {blockData=conID: 3 locID: 102666070412296865 bcsId: 0} | ret=SUCCESS |  
2019-08-23 11:31:52,327 | INFO  | DNAudit | user=null | ip=null | op=PUT_BLOCK {blockData=[blockId=conID: 3 locID: 102666070412296865 bcsId: 0,size=2097152]} | ret=SUCCESS |  
2019-08-23 11:31:52,327 | INFO  | DNAudit | user=null | ip=null | op=WRITE_CHUNK {blockData=conID: 3 locID: 102666070412296865 bcsId: 0} | ret=SUCCESS |  
2019-08-23 11:31:52,327 | INFO  | DNAudit | user=null | ip=null | op=PUT_BLOCK {blockData=[blockId=conID: 3 locID: 102666070412296865 bcsId: 0,size=2097152]} | ret=SUCCESS |  
2019-08-23 11:31:52,327 [grpc-default-executor-2] INFO  client.GrpcClientProtocolClient (GrpcClientProtocolClient.java:onNext(255)) - client-C9E345EC67ED->244f13ac-34be-4c4e-8e45-0c0272edbbb2: receive RaftClientReply:client-C9E345EC67ED->244f13ac-34be-4c4e-8e45-0c0272edbbb2@group-FE77C852EF02, cid=3296, SUCCESS, logIndex=0, commits[244f13ac-34be-4c4e-8e45-0c0272edbbb2:c4948, 6287e41a-5356-4f55-84f2-270816d53e84:c4944, a2c18d3d-e79d-47c9-88fe-d8a1d195302b:c4944]
2019-08-23 11:31:52,335 | INFO  | DNAudit | user=null | ip=null | op=WRITE_CHUNK {blockData=conID: 3 locID: 102666070412296865 bcsId: 4946} | ret=SUCCESS |  
2019-08-23 11:31:52,336 | INFO  | DNAudit | user=null | ip=null | op=WRITE_CHUNK {blockData=conID: 3 locID: 102666070412296865 bcsId: 4946} | ret=SUCCESS |  
2019-08-23 11:31:52,337 | INFO  | DNAudit | user=null | ip=null | op=WRITE_CHUNK {blockData=conID: 3 locID: 102666070412296865 bcsId: 4946} | ret=SUCCESS |  
2019-08-23 11:31:52,345 | INFO  | DNAudit | user=null | ip=null | op=WRITE_CHUNK {blockData=conID: 3 locID: 102666070412296865 bcsId: 4946} | ret=SUCCESS |  
2019-08-23 11:31:52,345 | INFO  | DNAudit | user=null | ip=null | op=PUT_BLOCK {blockData=[blockId=conID: 3 locID: 102666070412296865 bcsId: 0,size=3145728]} | ret=SUCCESS |  
2019-08-23 11:31:52,345 [grpc-default-executor-2] INFO  client.GrpcClientProtocolClient (GrpcClientProtocolClient.java:onNext(255)) - client-C9E345EC67ED->244f13ac-34be-4c4e-8e45-0c0272edbbb2: receive RaftClientReply:client-C9E345EC67ED->244f13ac-34be-4c4e-8e45-0c0272edbbb2@group-FE77C852EF02, cid=3297, SUCCESS, logIndex=4951, commits[244f13ac-34be-4c4e-8e45-0c0272edbbb2:c4952, 6287e41a-5356-4f55-84f2-270816d53e84:c4950, a2c18d3d-e79d-47c9-88fe-d8a1d195302b:c4950]
2019-08-23 11:31:52,346 [grpc-default-executor-2] INFO  client.GrpcClientProtocolClient (GrpcClientProtocolClient.java:onNext(255)) - client-C9E345EC67ED->244f13ac-34be-4c4e-8e45-0c0272edbbb2: receive RaftClientReply:client-C9E345EC67ED->244f13ac-34be-4c4e-8e45-0c0272edbbb2@group-FE77C852EF02, cid=3298, SUCCESS, logIndex=4952, commits[244f13ac-34be-4c4e-8e45-0c0272edbbb2:c4952, 6287e41a-5356-4f55-84f2-270816d53e84:c4950, a2c18d3d-e79d-47c9-88fe-d8a1d195302b:c4950]
2019-08-23 11:31:52,353 | INFO  | DNAudit | user=null | ip=null | op=WRITE_CHUNK {blockData=conID: 3 locID: 102666070412296865 bcsId: 4952} | ret=SUCCESS |  
2019-08-23 11:31:52,354 | INFO  | DNAudit | user=null | ip=null | op=WRITE_CHUNK {blockData=conID: 3 locID: 102666070412296865 bcsId: 4952} | ret=SUCCESS |  
2019-08-23 11:31:52,355 | INFO  | DNAudit | user=null | ip=null | op=WRITE_CHUNK {blockData=conID: 3 locID: 102666070412296865 bcsId: 4952} | ret=SUCCESS |  
2019-08-23 11:31:52,356 | INFO  | DNAudit | user=null | ip=null | op=WRITE_CHUNK {blockData=conID: 3 locID: 102666070412296865 bcsId: 4946} | ret=SUCCESS |  
2019-08-23 11:31:52,356 | INFO  | DNAudit | user=null | ip=null | op=WRITE_CHUNK {blockData=conID: 3 locID: 102666070412296865 bcsId: 4946} | ret=SUCCESS |  
2019-08-23 11:31:52,368 | INFO  | DNAudit | user=null | ip=null | op=PUT_BLOCK {blockData=[blockId=conID: 3 locID: 102666070412296865 bcsId: 0,size=3145728]} | ret=SUCCESS |  
2019-08-23 11:31:52,368 | INFO  | DNAudit | user=null | ip=null | op=PUT_BLOCK {blockData=[blockId=conID: 3 locID: 102666070412296865 bcsId: 0,size=3145728]} | ret=SUCCESS |  
2019-08-23 11:31:52,369 | INFO  | DNAudit | user=null | ip=null | op=WRITE_CHUNK {blockData=conID: 3 locID: 102666070412296865 bcsId: 4952} | ret=SUCCESS |  
2019-08-23 11:31:52,369 | INFO  | DNAudit | user=null | ip=null | op=PUT_BLOCK {blockData=[blockId=conID: 3 locID: 102666070412296865 bcsId: 0,size=4194304]} | ret=SUCCESS |  
2019-08-23 11:31:52,369 [grpc-default-executor-1] INFO  client.GrpcClientProtocolClient (GrpcClientProtocolClient.java:onNext(255)) - client-C9E345EC67ED->244f13ac-34be-4c4e-8e45-0c0272edbbb2: receive RaftClientReply:client-C9E345EC67ED->244f13ac-34be-4c4e-8e45-0c0272edbbb2@group-FE77C852EF02, cid=3299, SUCCESS, logIndex=4955, commits[244f13ac-34be-4c4e-8e45-0c0272edbbb2:c4956, 6287e41a-5356-4f55-84f2-270816d53e84:c4952, a2c18d3d-e79d-47c9-88fe-d8a1d195302b:c4952]
2019-08-23 11:31:52,369 [grpc-default-executor-1] INFO  client.GrpcClientProtocolClient (GrpcClientProtocolClient.java:onNext(255)) - client-C9E345EC67ED->244f13ac-34be-4c4e-8e45-0c0272edbbb2: receive RaftClientReply:client-C9E345EC67ED->244f13ac-34be-4c4e-8e45-0c0272edbbb2@group-FE77C852EF02, cid=3300, SUCCESS, logIndex=4956, commits[244f13ac-34be-4c4e-8e45-0c0272edbbb2:c4956, 6287e41a-5356-4f55-84f2-270816d53e84:c4952, a2c18d3d-e79d-47c9-88fe-d8a1d195302b:c4952]
2019-08-23 11:31:52,382 | INFO  | DNAudit | user=null | ip=null | op=WRITE_CHUNK {blockData=conID: 3 locID: 102666070412296865 bcsId: 4952} | ret=SUCCESS |  
2019-08-23 11:31:52,382 | INFO  | DNAudit | user=null | ip=null | op=WRITE_CHUNK {blockData=conID: 3 locID: 102666070412296865 bcsId: 4952} | ret=SUCCESS |  
2019-08-23 11:31:52,383 | INFO  | DNAudit | user=null | ip=null | op=PUT_BLOCK {blockData=[blockId=conID: 3 locID: 102666070412296865 bcsId: 0,size=4194304]} | ret=SUCCESS |  
2019-08-23 11:31:52,383 | INFO  | DNAudit | user=null | ip=null | op=PUT_BLOCK {blockData=[blockId=conID: 3 locID: 102666070412296865 bcsId: 0,size=4194304]} | ret=SUCCESS |  
2019-08-23 11:31:52,384 [grpc-default-executor-1] INFO  client.GrpcClientProtocolClient (GrpcClientProtocolClient.java:onNext(255)) - client-C9E345EC67ED->244f13ac-34be-4c4e-8e45-0c0272edbbb2: receive RaftClientReply:client-C9E345EC67ED->244f13ac-34be-4c4e-8e45-0c0272edbbb2@group-FE77C852EF02, cid=3301, SUCCESS, logIndex=0, commits[244f13ac-34be-4c4e-8e45-0c0272edbbb2:c4958, 6287e41a-5356-4f55-84f2-270816d53e84:c4956, a2c18d3d-e79d-47c9-88fe-d8a1d195302b:c4956]
2019-08-23 11:31:52,392 | INFO  | SCMAudit | user=jenkins1000 | ip=192.168.5.185 | op=ALLOCATE_BLOCK {owner=00a23185-76ea-47b5-a641-ad3cfbe5521a, size=4194304, type=RATIS, factor=THREE} | ret=SUCCESS |  
2019-08-23 11:31:52,397 | INFO  | OMAudit | user=jenkins1000 | ip=127.0.0.1 | op=ALLOCATE_BLOCK {volume=vol-0-37508, bucket=bucket-0-50919, key=key-0-57313, dataSize=0, replicationType=null, replicationFactor=null, keyLocationInfo=null, clientID=102666068570931602} | ret=SUCCESS |  
2019-08-23 11:31:52,404 | INFO  | DNAudit | user=null | ip=null | op=WRITE_CHUNK {blockData=conID: 1 locID: 102666070418522786 bcsId: 0} | ret=SUCCESS |  
2019-08-23 11:31:52,407 | INFO  | DNAudit | user=null | ip=null | op=WRITE_CHUNK {blockData=conID: 1 locID: 102666070418522786 bcsId: 0} | ret=SUCCESS |  
2019-08-23 11:31:52,407 | INFO  | DNAudit | user=null | ip=null | op=WRITE_CHUNK {blockData=conID: 1 locID: 102666070418522786 bcsId: 0} | ret=SUCCESS |  
2019-08-23 11:31:52,408 | INFO  | DNAudit | user=null | ip=null | op=WRITE_CHUNK {blockData=conID: 1 locID: 102666070418522786 bcsId: 0} | ret=SUCCESS |  
2019-08-23 11:31:52,410 | INFO  | DNAudit | user=null | ip=null | op=WRITE_CHUNK {blockData=conID: 1 locID: 102666070418522786 bcsId: 0} | ret=SUCCESS |  
2019-08-23 11:31:52,410 | INFO  | DNAudit | user=null | ip=null | op=WRITE_CHUNK {blockData=conID: 1 locID: 102666070418522786 bcsId: 0} | ret=SUCCESS |  
2019-08-23 11:31:52,417 | INFO  | DNAudit | user=null | ip=null | op=WRITE_CHUNK {blockData=conID: 1 locID: 102666070418522786 bcsId: 0} | ret=SUCCESS |  
2019-08-23 11:31:52,417 | INFO  | DNAudit | user=null | ip=null | op=PUT_BLOCK {blockData=[blockId=conID: 1 locID: 102666070418522786 bcsId: 0,size=1048576]} | ret=SUCCESS |  
2019-08-23 11:31:52,418 [grpc-default-executor-2] INFO  client.GrpcClientProtocolClient (GrpcClientProtocolClient.java:onNext(255)) - client-C9E345EC67ED->244f13ac-34be-4c4e-8e45-0c0272edbbb2: receive RaftClientReply:client-C9E345EC67ED->244f13ac-34be-4c4e-8e45-0c0272edbbb2@group-FE77C852EF02, cid=3302, SUCCESS, logIndex=4959, commits[244f13ac-34be-4c4e-8e45-0c0272edbbb2:c4960, 6287e41a-5356-4f55-84f2-270816d53e84:c4958, a2c18d3d-e79d-47c9-88fe-d8a1d195302b:c4958]
2019-08-23 11:31:52,418 [grpc-default-executor-2] INFO  client.GrpcClientProtocolClient (GrpcClientProtocolClient.java:onNext(255)) - client-C9E345EC67ED->244f13ac-34be-4c4e-8e45-0c0272edbbb2: receive RaftClientReply:client-C9E345EC67ED->244f13ac-34be-4c4e-8e45-0c0272edbbb2@group-FE77C852EF02, cid=3303, SUCCESS, logIndex=4960, commits[244f13ac-34be-4c4e-8e45-0c0272edbbb2:c4960, 6287e41a-5356-4f55-84f2-270816d53e84:c4958, a2c18d3d-e79d-47c9-88fe-d8a1d195302b:c4958]
2019-08-23 11:31:52,428 | INFO  | DNAudit | user=null | ip=null | op=WRITE_CHUNK {blockData=conID: 1 locID: 102666070418522786 bcsId: 0} | ret=SUCCESS |  
2019-08-23 11:31:52,429 | INFO  | DNAudit | user=null | ip=null | op=PUT_BLOCK {blockData=[blockId=conID: 1 locID: 102666070418522786 bcsId: 0,size=2097152]} | ret=SUCCESS |  
2019-08-23 11:31:52,429 [grpc-default-executor-0] INFO  client.GrpcClientProtocolClient (GrpcClientProtocolClient.java:onNext(255)) - client-C9E345EC67ED->244f13ac-34be-4c4e-8e45-0c0272edbbb2: receive RaftClientReply:client-C9E345EC67ED->244f13ac-34be-4c4e-8e45-0c0272edbbb2@group-FE77C852EF02, cid=3304, SUCCESS, logIndex=4961, commits[244f13ac-34be-4c4e-8e45-0c0272edbbb2:c4962, 6287e41a-5356-4f55-84f2-270816d53e84:c4958, a2c18d3d-e79d-47c9-88fe-d8a1d195302b:c4958]
2019-08-23 11:31:52,429 | INFO  | DNAudit | user=null | ip=null | op=WRITE_CHUNK {blockData=conID: 1 locID: 102666070418522786 bcsId: 0} | ret=SUCCESS |  
2019-08-23 11:31:52,429 | INFO  | DNAudit | user=null | ip=null | op=PUT_BLOCK {blockData=[blockId=conID: 1 locID: 102666070418522786 bcsId: 0,size=1048576]} | ret=SUCCESS |  
2019-08-23 11:31:52,429 [grpc-default-executor-2] INFO  client.GrpcClientProtocolClient (GrpcClientProtocolClient.java:onNext(255)) - client-C9E345EC67ED->244f13ac-34be-4c4e-8e45-0c0272edbbb2: receive RaftClientReply:client-C9E345EC67ED->244f13ac-34be-4c4e-8e45-0c0272edbbb2@group-FE77C852EF02, cid=3305, SUCCESS, logIndex=4962, commits[244f13ac-34be-4c4e-8e45-0c0272edbbb2:c4962, 6287e41a-5356-4f55-84f2-270816d53e84:c4958, a2c18d3d-e79d-47c9-88fe-d8a1d195302b:c4958]
2019-08-23 11:31:52,429 | INFO  | DNAudit | user=null | ip=null | op=WRITE_CHUNK {blockData=conID: 1 locID: 102666070418522786 bcsId: 0} | ret=SUCCESS |  
2019-08-23 11:31:52,430 | INFO  | DNAudit | user=null | ip=null | op=PUT_BLOCK {blockData=[blockId=conID: 1 locID: 102666070418522786 bcsId: 0,size=1048576]} | ret=SUCCESS |  
2019-08-23 11:31:52,430 | INFO  | DNAudit | user=null | ip=null | op=WRITE_CHUNK {blockData=conID: 1 locID: 102666070418522786 bcsId: 0} | ret=SUCCESS |  
2019-08-23 11:31:52,430 | INFO  | DNAudit | user=null | ip=null | op=WRITE_CHUNK {blockData=conID: 1 locID: 102666070418522786 bcsId: 0} | ret=SUCCESS |  
2019-08-23 11:31:52,430 [grpc-default-executor-2] INFO  client.GrpcClientProtocolClient (GrpcClientProtocolClient.java:onNext(255)) - client-C9E345EC67ED->244f13ac-34be-4c4e-8e45-0c0272edbbb2: receive RaftClientReply:client-C9E345EC67ED->244f13ac-34be-4c4e-8e45-0c0272edbbb2@group-FE77C852EF02, cid=3306, SUCCESS, logIndex=0, commits[244f13ac-34be-4c4e-8e45-0c0272edbbb2:c4964, 6287e41a-5356-4f55-84f2-270816d53e84:c4960, a2c18d3d-e79d-47c9-88fe-d8a1d195302b:c4960]
2019-08-23 11:31:52,430 | INFO  | DNAudit | user=null | ip=null | op=PUT_BLOCK {blockData=[blockId=conID: 1 locID: 102666070418522786 bcsId: 0,size=2097152]} | ret=SUCCESS |  
2019-08-23 11:31:52,431 | INFO  | DNAudit | user=null | ip=null | op=PUT_BLOCK {blockData=[blockId=conID: 1 locID: 102666070418522786 bcsId: 0,size=2097152]} | ret=SUCCESS |  
2019-08-23 11:31:52,437 | INFO  | DNAudit | user=null | ip=null | op=WRITE_CHUNK {blockData=conID: 1 locID: 102666070418522786 bcsId: 4962} | ret=SUCCESS |  
2019-08-23 11:31:52,439 | INFO  | DNAudit | user=null | ip=null | op=WRITE_CHUNK {blockData=conID: 1 locID: 102666070418522786 bcsId: 4962} | ret=SUCCESS |  
2019-08-23 11:31:52,439 | INFO  | DNAudit | user=null | ip=null | op=WRITE_CHUNK {blockData=conID: 1 locID: 102666070418522786 bcsId: 4962} | ret=SUCCESS |  
2019-08-23 11:31:52,449 | INFO  | DNAudit | user=null | ip=null | op=WRITE_CHUNK {blockData=conID: 1 locID: 102666070418522786 bcsId: 4962} | ret=SUCCESS |  
2019-08-23 11:31:52,450 | INFO  | DNAudit | user=null | ip=null | op=PUT_BLOCK {blockData=[blockId=conID: 1 locID: 102666070418522786 bcsId: 0,size=3145728]} | ret=SUCCESS |  
2019-08-23 11:31:52,450 [grpc-default-executor-0] INFO  client.GrpcClientProtocolClient (GrpcClientProtocolClient.java:onNext(255)) - client-C9E345EC67ED->244f13ac-34be-4c4e-8e45-0c0272edbbb2: receive RaftClientReply:client-C9E345EC67ED->244f13ac-34be-4c4e-8e45-0c0272edbbb2@group-FE77C852EF02, cid=3307, SUCCESS, logIndex=4967, commits[244f13ac-34be-4c4e-8e45-0c0272edbbb2:c4968, 6287e41a-5356-4f55-84f2-270816d53e84:c4966, a2c18d3d-e79d-47c9-88fe-d8a1d195302b:c4966]
2019-08-23 11:31:52,450 [grpc-default-executor-0] INFO  client.GrpcClientProtocolClient (GrpcClientProtocolClient.java:onNext(255)) - client-C9E345EC67ED->244f13ac-34be-4c4e-8e45-0c0272edbbb2: receive RaftClientReply:client-C9E345EC67ED->244f13ac-34be-4c4e-8e45-0c0272edbbb2@group-FE77C852EF02, cid=3308, SUCCESS, logIndex=4968, commits[244f13ac-34be-4c4e-8e45-0c0272edbbb2:c4968, 6287e41a-5356-4f55-84f2-270816d53e84:c4966, a2c18d3d-e79d-47c9-88fe-d8a1d195302b:c4966]
2019-08-23 11:31:52,457 | INFO  | DNAudit | user=null | ip=null | op=WRITE_CHUNK {blockData=conID: 1 locID: 102666070418522786 bcsId: 4968} | ret=SUCCESS |  
2019-08-23 11:31:52,459 | INFO  | DNAudit | user=null | ip=null | op=WRITE_CHUNK {blockData=conID: 1 locID: 102666070418522786 bcsId: 4968} | ret=SUCCESS |  
2019-08-23 11:31:52,459 | INFO  | DNAudit | user=null | ip=null | op=WRITE_CHUNK {blockData=conID: 1 locID: 102666070418522786 bcsId: 4968} | ret=SUCCESS |  
2019-08-23 11:31:52,461 | INFO  | DNAudit | user=null | ip=null | op=WRITE_CHUNK {blockData=conID: 1 locID: 102666070418522786 bcsId: 4962} | ret=SUCCESS |  
2019-08-23 11:31:52,461 | INFO  | DNAudit | user=null | ip=null | op=WRITE_CHUNK {blockData=conID: 1 locID: 102666070418522786 bcsId: 4962} | ret=SUCCESS |  
2019-08-23 11:31:52,462 | INFO  | DNAudit | user=null | ip=null | op=PUT_BLOCK {blockData=[blockId=conID: 1 locID: 102666070418522786 bcsId: 0,size=3145728]} | ret=SUCCESS |  
2019-08-23 11:31:52,462 | INFO  | DNAudit | user=null | ip=null | op=PUT_BLOCK {blockData=[blockId=conID: 1 locID: 102666070418522786 bcsId: 0,size=3145728]} | ret=SUCCESS |  
2019-08-23 11:31:52,463 | INFO  | DNAudit | user=null | ip=null | op=WRITE_CHUNK {blockData=conID: 1 locID: 102666070418522786 bcsId: 4968} | ret=SUCCESS |  
2019-08-23 11:31:52,463 | INFO  | DNAudit | user=null | ip=null | op=PUT_BLOCK {blockData=[blockId=conID: 1 locID: 102666070418522786 bcsId: 0,size=4194304]} | ret=SUCCESS |  
2019-08-23 11:31:52,463 [grpc-default-executor-2] INFO  client.GrpcClientProtocolClient (GrpcClientProtocolClient.java:onNext(255)) - client-C9E345EC67ED->244f13ac-34be-4c4e-8e45-0c0272edbbb2: receive RaftClientReply:client-C9E345EC67ED->244f13ac-34be-4c4e-8e45-0c0272edbbb2@group-FE77C852EF02, cid=3309, SUCCESS, logIndex=4971, commits[244f13ac-34be-4c4e-8e45-0c0272edbbb2:c4972, 6287e41a-5356-4f55-84f2-270816d53e84:c4968, a2c18d3d-e79d-47c9-88fe-d8a1d195302b:c4968]
2019-08-23 11:31:52,464 [grpc-default-executor-2] INFO  client.GrpcClientProtocolClient (GrpcClientProtocolClient.java:onNext(255)) - client-C9E345EC67ED->244f13ac-34be-4c4e-8e45-0c0272edbbb2: receive RaftClientReply:client-C9E345EC67ED->244f13ac-34be-4c4e-8e45-0c0272edbbb2@group-FE77C852EF02, cid=3310, SUCCESS, logIndex=4972, commits[244f13ac-34be-4c4e-8e45-0c0272edbbb2:c4972, 6287e41a-5356-4f55-84f2-270816d53e84:c4968, a2c18d3d-e79d-47c9-88fe-d8a1d195302b:c4968]
2019-08-23 11:31:52,467 | INFO  | SCMAudit | user=jenkins1000 | ip=192.168.5.185 | op=SEND_HEARTBEAT {datanodeUUID=0d166765-8492-4439-8677-f737a7bc54ca, command=[]} | ret=SUCCESS |  
2019-08-23 11:31:52,467 | INFO  | SCMAudit | user=jenkins1000 | ip=192.168.5.185 | op=SEND_HEARTBEAT {datanodeUUID=b2c34899-c5c3-4720-9d95-984efeabf4a7, command=[]} | ret=SUCCESS |  
2019-08-23 11:31:52,467 | INFO  | SCMAudit | user=jenkins1000 | ip=192.168.5.185 | op=SEND_HEARTBEAT {datanodeUUID=6287e41a-5356-4f55-84f2-270816d53e84, command=[]} | ret=SUCCESS |  
2019-08-23 11:31:52,470 | INFO  | SCMAudit | user=jenkins1000 | ip=192.168.5.185 | op=SEND_HEARTBEAT {datanodeUUID=a2c18d3d-e79d-47c9-88fe-d8a1d195302b, command=[]} | ret=SUCCESS |  
 0.00% |█                                                                                                    |  0/1 Time: 0:00:282019-08-23 11:31:52,471 | INFO  | SCMAudit | user=jenkins1000 | ip=192.168.5.185 | op=SEND_HEARTBEAT {datanodeUUID=244f13ac-34be-4c4e-8e45-0c0272edbbb2, command=[]} | ret=SUCCESS |  
2019-08-23 11:31:52,474 | INFO  | DNAudit | user=null | ip=null | op=WRITE_CHUNK {blockData=conID: 1 locID: 102666070418522786 bcsId: 4968} | ret=SUCCESS |  
2019-08-23 11:31:52,474 | INFO  | DNAudit | user=null | ip=null | op=WRITE_CHUNK {blockData=conID: 1 locID: 102666070418522786 bcsId: 4968} | ret=SUCCESS |  
2019-08-23 11:31:52,477 | INFO  | DNAudit | user=null | ip=null | op=PUT_BLOCK {blockData=[blockId=conID: 1 locID: 102666070418522786 bcsId: 0,size=4194304]} | ret=SUCCESS |  
2019-08-23 11:31:52,477 | INFO  | DNAudit | user=null | ip=null | op=PUT_BLOCK {blockData=[blockId=conID: 1 locID: 102666070418522786 bcsId: 0,size=4194304]} | ret=SUCCESS |  
2019-08-23 11:31:52,478 [grpc-default-executor-0] INFO  client.GrpcClientProtocolClient (GrpcClientProtocolClient.java:onNext(255)) - client-C9E345EC67ED->244f13ac-34be-4c4e-8e45-0c0272edbbb2: receive RaftClientReply:client-C9E345EC67ED->244f13ac-34be-4c4e-8e45-0c0272edbbb2@group-FE77C852EF02, cid=3311, SUCCESS, logIndex=0, commits[244f13ac-34be-4c4e-8e45-0c0272edbbb2:c4974, 6287e41a-5356-4f55-84f2-270816d53e84:c4972, a2c18d3d-e79d-47c9-88fe-d8a1d195302b:c4972]
2019-08-23 11:31:52,485 | INFO  | SCMAudit | user=jenkins1000 | ip=192.168.5.185 | op=ALLOCATE_BLOCK {owner=00a23185-76ea-47b5-a641-ad3cfbe5521a, size=4194304, type=RATIS, factor=THREE} | ret=SUCCESS |  
2019-08-23 11:31:52,489 | INFO  | OMAudit | user=jenkins1000 | ip=127.0.0.1 | op=ALLOCATE_BLOCK {volume=vol-0-37508, bucket=bucket-0-50919, key=key-0-57313, dataSize=0, replicationType=null, replicationFactor=null, keyLocationInfo=null, clientID=102666068570931602} | ret=SUCCESS |  
2019-08-23 11:31:52,496 | INFO  | DNAudit | user=null | ip=null | op=WRITE_CHUNK {blockData=conID: 2 locID: 102666070424617635 bcsId: 0} | ret=SUCCESS |  
2019-08-23 11:31:52,497 | INFO  | DNAudit | user=null | ip=null | op=WRITE_CHUNK {blockData=conID: 2 locID: 102666070424617635 bcsId: 0} | ret=SUCCESS |  
2019-08-23 11:31:52,498 | INFO  | DNAudit | user=null | ip=null | op=WRITE_CHUNK {blockData=conID: 2 locID: 102666070424617635 bcsId: 0} | ret=SUCCESS |  
2019-08-23 11:31:52,499 | INFO  | DNAudit | user=null | ip=null | op=WRITE_CHUNK {blockData=conID: 2 locID: 102666070424617635 bcsId: 0} | ret=SUCCESS |  
2019-08-23 11:31:52,501 | INFO  | DNAudit | user=null | ip=null | op=WRITE_CHUNK {blockData=conID: 2 locID: 102666070424617635 bcsId: 0} | ret=SUCCESS |  
2019-08-23 11:31:52,502 | INFO  | DNAudit | user=null | ip=null | op=WRITE_CHUNK {blockData=conID: 2 locID: 102666070424617635 bcsId: 0} | ret=SUCCESS |  
2019-08-23 11:31:52,508 | INFO  | DNAudit | user=null | ip=null | op=WRITE_CHUNK {blockData=conID: 2 locID: 102666070424617635 bcsId: 0} | ret=SUCCESS |  
2019-08-23 11:31:52,509 | INFO  | DNAudit | user=null | ip=null | op=PUT_BLOCK {blockData=[blockId=conID: 2 locID: 102666070424617635 bcsId: 0,size=1048576]} | ret=SUCCESS |  
2019-08-23 11:31:52,509 [grpc-default-executor-4] INFO  client.GrpcClientProtocolClient (GrpcClientProtocolClient.java:onNext(255)) - client-C9E345EC67ED->244f13ac-34be-4c4e-8e45-0c0272edbbb2: receive RaftClientReply:client-C9E345EC67ED->244f13ac-34be-4c4e-8e45-0c0272edbbb2@group-FE77C852EF02, cid=3312, SUCCESS, logIndex=4975, commits[244f13ac-34be-4c4e-8e45-0c0272edbbb2:c4976, 6287e41a-5356-4f55-84f2-270816d53e84:c4974, a2c18d3d-e79d-47c9-88fe-d8a1d195302b:c4974]
2019-08-23 11:31:52,510 [grpc-default-executor-4] INFO  client.GrpcClientProtocolClient (GrpcClientProtocolClient.java:onNext(255)) - client-C9E345EC67ED->244f13ac-34be-4c4e-8e45-0c0272edbbb2: receive RaftClientReply:client-C9E345EC67ED->244f13ac-34be-4c4e-8e45-0c0272edbbb2@group-FE77C852EF02, cid=3313, SUCCESS, logIndex=4976, commits[244f13ac-34be-4c4e-8e45-0c0272edbbb2:c4976, 6287e41a-5356-4f55-84f2-270816d53e84:c4974, a2c18d3d-e79d-47c9-88fe-d8a1d195302b:c4974]
2019-08-23 11:31:52,520 | INFO  | DNAudit | user=null | ip=null | op=WRITE_CHUNK {blockData=conID: 2 locID: 102666070424617635 bcsId: 0} | ret=SUCCESS |  
2019-08-23 11:31:52,520 | INFO  | DNAudit | user=null | ip=null | op=PUT_BLOCK {blockData=[blockId=conID: 2 locID: 102666070424617635 bcsId: 0,size=2097152]} | ret=SUCCESS |  
2019-08-23 11:31:52,520 [grpc-default-executor-0] INFO  client.GrpcClientProtocolClient (GrpcClientProtocolClient.java:onNext(255)) - client-C9E345EC67ED->244f13ac-34be-4c4e-8e45-0c0272edbbb2: receive RaftClientReply:client-C9E345EC67ED->244f13ac-34be-4c4e-8e45-0c0272edbbb2@group-FE77C852EF02, cid=3314, SUCCESS, logIndex=4977, commits[244f13ac-34be-4c4e-8e45-0c0272edbbb2:c4978, 6287e41a-5356-4f55-84f2-270816d53e84:c4974, a2c18d3d-e79d-47c9-88fe-d8a1d195302b:c4974]
2019-08-23 11:31:52,520 [grpc-default-executor-4] INFO  client.GrpcClientProtocolClient (GrpcClientProtocolClient.java:onNext(255)) - client-C9E345EC67ED->244f13ac-34be-4c4e-8e45-0c0272edbbb2: receive RaftClientReply:client-C9E345EC67ED->244f13ac-34be-4c4e-8e45-0c0272edbbb2@group-FE77C852EF02, cid=3315, SUCCESS, logIndex=4978, commits[244f13ac-34be-4c4e-8e45-0c0272edbbb2:c4978, 6287e41a-5356-4f55-84f2-270816d53e84:c4974, a2c18d3d-e79d-47c9-88fe-d8a1d195302b:c4974]
2019-08-23 11:31:52,521 | INFO  | DNAudit | user=null | ip=null | op=WRITE_CHUNK {blockData=conID: 2 locID: 102666070424617635 bcsId: 0} | ret=SUCCESS |  
2019-08-23 11:31:52,521 | INFO  | DNAudit | user=null | ip=null | op=PUT_BLOCK {blockData=[blockId=conID: 2 locID: 102666070424617635 bcsId: 0,size=1048576]} | ret=SUCCESS |  
2019-08-23 11:31:52,523 | INFO  | DNAudit | user=null | ip=null | op=WRITE_CHUNK {blockData=conID: 2 locID: 102666070424617635 bcsId: 0} | ret=SUCCESS |  
2019-08-23 11:31:52,523 | INFO  | DNAudit | user=null | ip=null | op=PUT_BLOCK {blockData=[blockId=conID: 2 locID: 102666070424617635 bcsId: 0,size=1048576]} | ret=SUCCESS |  
2019-08-23 11:31:52,523 | INFO  | DNAudit | user=null | ip=null | op=WRITE_CHUNK {blockData=conID: 2 locID: 102666070424617635 bcsId: 0} | ret=SUCCESS |  
2019-08-23 11:31:52,523 | INFO  | DNAudit | user=null | ip=null | op=PUT_BLOCK {blockData=[blockId=conID: 2 locID: 102666070424617635 bcsId: 0,size=2097152]} | ret=SUCCESS |  
2019-08-23 11:31:52,524 [grpc-default-executor-4] INFO  client.GrpcClientProtocolClient (GrpcClientProtocolClient.java:onNext(255)) - client-C9E345EC67ED->244f13ac-34be-4c4e-8e45-0c0272edbbb2: receive RaftClientReply:client-C9E345EC67ED->244f13ac-34be-4c4e-8e45-0c0272edbbb2@group-FE77C852EF02, cid=3316, SUCCESS, logIndex=0, commits[244f13ac-34be-4c4e-8e45-0c0272edbbb2:c4980, 6287e41a-5356-4f55-84f2-270816d53e84:c4976, a2c18d3d-e79d-47c9-88fe-d8a1d195302b:c4976]
2019-08-23 11:31:52,530 | INFO  | DNAudit | user=null | ip=null | op=WRITE_CHUNK {blockData=conID: 2 locID: 102666070424617635 bcsId: 4978} | ret=SUCCESS |  
2019-08-23 11:31:52,533 | INFO  | DNAudit | user=null | ip=null | op=WRITE_CHUNK {blockData=conID: 2 locID: 102666070424617635 bcsId: 4978} | ret=SUCCESS |  
2019-08-23 11:31:52,533 | INFO  | DNAudit | user=null | ip=null | op=WRITE_CHUNK {blockData=conID: 2 locID: 102666070424617635 bcsId: 4978} | ret=SUCCESS |  
2019-08-23 11:31:52,534 | INFO  | DNAudit | user=null | ip=null | op=WRITE_CHUNK {blockData=conID: 2 locID: 102666070424617635 bcsId: 0} | ret=SUCCESS |  
2019-08-23 11:31:52,534 | INFO  | DNAudit | user=null | ip=null | op=PUT_BLOCK {blockData=[blockId=conID: 2 locID: 102666070424617635 bcsId: 0,size=2097152]} | ret=SUCCESS |  
2019-08-23 11:31:52,534 | INFO  | DNAudit | user=null | ip=null | op=WRITE_CHUNK {blockData=conID: 2 locID: 102666070424617635 bcsId: 4978} | ret=SUCCESS |  
2019-08-23 11:31:52,535 | INFO  | DNAudit | user=null | ip=null | op=PUT_BLOCK {blockData=[blockId=conID: 2 locID: 102666070424617635 bcsId: 0,size=3145728]} | ret=SUCCESS |  
2019-08-23 11:31:52,535 [grpc-default-executor-4] INFO  client.GrpcClientProtocolClient (GrpcClientProtocolClient.java:onNext(255)) - client-C9E345EC67ED->244f13ac-34be-4c4e-8e45-0c0272edbbb2: receive RaftClientReply:client-C9E345EC67ED->244f13ac-34be-4c4e-8e45-0c0272edbbb2@group-FE77C852EF02, cid=3317, SUCCESS, logIndex=4983, commits[244f13ac-34be-4c4e-8e45-0c0272edbbb2:c4984, 6287e41a-5356-4f55-84f2-270816d53e84:c4982, a2c18d3d-e79d-47c9-88fe-d8a1d195302b:c4978]
2019-08-23 11:31:52,535 [grpc-default-executor-4] INFO  client.GrpcClientProtocolClient (GrpcClientProtocolClient.java:onNext(255)) - client-C9E345EC67ED->244f13ac-34be-4c4e-8e45-0c0272edbbb2: receive RaftClientReply:client-C9E345EC67ED->244f13ac-34be-4c4e-8e45-0c0272edbbb2@group-FE77C852EF02, cid=3318, SUCCESS, logIndex=4984, commits[244f13ac-34be-4c4e-8e45-0c0272edbbb2:c4984, 6287e41a-5356-4f55-84f2-270816d53e84:c4982, a2c18d3d-e79d-47c9-88fe-d8a1d195302b:c4982]
2019-08-23 11:31:52,543 | INFO  | DNAudit | user=null | ip=null | op=WRITE_CHUNK {blockData=conID: 2 locID: 102666070424617635 bcsId: 4984} | ret=SUCCESS |  
2019-08-23 11:31:52,544 | INFO  | DNAudit | user=null | ip=null | op=WRITE_CHUNK {blockData=conID: 2 locID: 102666070424617635 bcsId: 4984} | ret=SUCCESS |  
2019-08-23 11:31:52,544 | INFO  | DNAudit | user=null | ip=null | op=WRITE_CHUNK {blockData=conID: 2 locID: 102666070424617635 bcsId: 4984} | ret=SUCCESS |  
2019-08-23 11:31:52,546 | INFO  | DNAudit | user=null | ip=null | op=WRITE_CHUNK {blockData=conID: 2 locID: 102666070424617635 bcsId: 4978} | ret=SUCCESS |  
2019-08-23 11:31:52,546 | INFO  | DNAudit | user=null | ip=null | op=WRITE_CHUNK {blockData=conID: 2 locID: 102666070424617635 bcsId: 4978} | ret=SUCCESS |  
2019-08-23 11:31:52,546 | INFO  | DNAudit | user=null | ip=null | op=PUT_BLOCK {blockData=[blockId=conID: 2 locID: 102666070424617635 bcsId: 0,size=3145728]} | ret=SUCCESS |  
2019-08-23 11:31:52,549 | INFO  | DNAudit | user=null | ip=null | op=PUT_BLOCK {blockData=[blockId=conID: 2 locID: 102666070424617635 bcsId: 0,size=3145728]} | ret=SUCCESS |  
2019-08-23 11:31:52,549 | INFO  | DNAudit | user=null | ip=null | op=WRITE_CHUNK {blockData=conID: 2 locID: 102666070424617635 bcsId: 4984} | ret=SUCCESS |  
2019-08-23 11:31:52,550 | INFO  | DNAudit | user=null | ip=null | op=PUT_BLOCK {blockData=[blockId=conID: 2 locID: 102666070424617635 bcsId: 0,size=4194304]} | ret=SUCCESS |  
2019-08-23 11:31:52,550 [grpc-default-executor-4] INFO  client.GrpcClientProtocolClient (GrpcClientProtocolClient.java:onNext(255)) - client-C9E345EC67ED->244f13ac-34be-4c4e-8e45-0c0272edbbb2: receive RaftClientReply:client-C9E345EC67ED->244f13ac-34be-4c4e-8e45-0c0272edbbb2@group-FE77C852EF02, cid=3319, SUCCESS, logIndex=4987, commits[244f13ac-34be-4c4e-8e45-0c0272edbbb2:c4988, 6287e41a-5356-4f55-84f2-270816d53e84:c4984, a2c18d3d-e79d-47c9-88fe-d8a1d195302b:c4984]
2019-08-23 11:31:52,550 [grpc-default-executor-4] INFO  client.GrpcClientProtocolClient (GrpcClientProtocolClient.java:onNext(255)) - client-C9E345EC67ED->244f13ac-34be-4c4e-8e45-0c0272edbbb2: receive RaftClientReply:client-C9E345EC67ED->244f13ac-34be-4c4e-8e45-0c0272edbbb2@group-FE77C852EF02, cid=3320, SUCCESS, logIndex=4988, commits[244f13ac-34be-4c4e-8e45-0c0272edbbb2:c4988, 6287e41a-5356-4f55-84f2-270816d53e84:c4984, a2c18d3d-e79d-47c9-88fe-d8a1d195302b:c4984]
2019-08-23 11:31:52,561 | INFO  | DNAudit | user=null | ip=null | op=WRITE_CHUNK {blockData=conID: 2 locID: 102666070424617635 bcsId: 4984} | ret=SUCCESS |  
2019-08-23 11:31:52,561 | INFO  | DNAudit | user=null | ip=null | op=WRITE_CHUNK {blockData=conID: 2 locID: 102666070424617635 bcsId: 4984} | ret=SUCCESS |  
2019-08-23 11:31:52,564 | INFO  | DNAudit | user=null | ip=null | op=PUT_BLOCK {blockData=[blockId=conID: 2 locID: 102666070424617635 bcsId: 0,size=4194304]} | ret=SUCCESS |  
2019-08-23 11:31:52,564 | INFO  | DNAudit | user=null | ip=null | op=PUT_BLOCK {blockData=[blockId=conID: 2 locID: 102666070424617635 bcsId: 0,size=4194304]} | ret=SUCCESS |  
2019-08-23 11:31:52,564 [grpc-default-executor-2] INFO  client.GrpcClientProtocolClient (GrpcClientProtocolClient.java:onNext(255)) - client-C9E345EC67ED->244f13ac-34be-4c4e-8e45-0c0272edbbb2: receive RaftClientReply:client-C9E345EC67ED->244f13ac-34be-4c4e-8e45-0c0272edbbb2@group-FE77C852EF02, cid=3321, SUCCESS, logIndex=0, commits[244f13ac-34be-4c4e-8e45-0c0272edbbb2:c4990, 6287e41a-5356-4f55-84f2-270816d53e84:c4988, a2c18d3d-e79d-47c9-88fe-d8a1d195302b:c4988]
2019-08-23 11:31:52,573 | INFO  | SCMAudit | user=jenkins1000 | ip=192.168.5.185 | op=ALLOCATE_BLOCK {owner=00a23185-76ea-47b5-a641-ad3cfbe5521a, size=4194304, type=RATIS, factor=THREE} | ret=SUCCESS |  
2019-08-23 11:31:52,578 | INFO  | OMAudit | user=jenkins1000 | ip=127.0.0.1 | op=ALLOCATE_BLOCK {volume=vol-0-37508, bucket=bucket-0-50919, key=key-0-57313, dataSize=0, replicationType=null, replicationFactor=null, keyLocationInfo=null, clientID=102666068570931602} | ret=SUCCESS |  
2019-08-23 11:31:52,586 | INFO  | DNAudit | user=null | ip=null | op=WRITE_CHUNK {blockData=conID: 3 locID: 102666070430384804 bcsId: 0} | ret=SUCCESS |  
2019-08-23 11:31:52,589 | INFO  | DNAudit | user=null | ip=null | op=WRITE_CHUNK {blockData=conID: 3 locID: 102666070430384804 bcsId: 0} | ret=SUCCESS |  
2019-08-23 11:31:52,590 | INFO  | DNAudit | user=null | ip=null | op=WRITE_CHUNK {blockData=conID: 3 locID: 102666070430384804 bcsId: 0} | ret=SUCCESS |  
2019-08-23 11:31:52,590 | INFO  | DNAudit | user=null | ip=null | op=WRITE_CHUNK {blockData=conID: 3 locID: 102666070430384804 bcsId: 0} | ret=SUCCESS |  
2019-08-23 11:31:52,592 | INFO  | DNAudit | user=null | ip=null | op=WRITE_CHUNK {blockData=conID: 3 locID: 102666070430384804 bcsId: 0} | ret=SUCCESS |  
2019-08-23 11:31:52,593 | INFO  | DNAudit | user=null | ip=null | op=WRITE_CHUNK {blockData=conID: 3 locID: 102666070430384804 bcsId: 0} | ret=SUCCESS |  
2019-08-23 11:31:52,597 | INFO  | DNAudit | user=null | ip=null | op=WRITE_CHUNK {blockData=conID: 3 locID: 102666070430384804 bcsId: 0} | ret=SUCCESS |  
2019-08-23 11:31:52,598 | INFO  | DNAudit | user=null | ip=null | op=PUT_BLOCK {blockData=[blockId=conID: 3 locID: 102666070430384804 bcsId: 0,size=1048576]} | ret=SUCCESS |  
2019-08-23 11:31:52,598 | INFO  | DNAudit | user=null | ip=null | op=WRITE_CHUNK {blockData=conID: 3 locID: 102666070430384804 bcsId: 0} | ret=SUCCESS |  
2019-08-23 11:31:52,598 [grpc-default-executor-2] INFO  client.GrpcClientProtocolClient (GrpcClientProtocolClient.java:onNext(255)) - client-C9E345EC67ED->244f13ac-34be-4c4e-8e45-0c0272edbbb2: receive RaftClientReply:client-C9E345EC67ED->244f13ac-34be-4c4e-8e45-0c0272edbbb2@group-FE77C852EF02, cid=3322, SUCCESS, logIndex=4991, commits[244f13ac-34be-4c4e-8e45-0c0272edbbb2:c4992, 6287e41a-5356-4f55-84f2-270816d53e84:c4990, a2c18d3d-e79d-47c9-88fe-d8a1d195302b:c4990]
2019-08-23 11:31:52,599 | INFO  | DNAudit | user=null | ip=null | op=PUT_BLOCK {blockData=[blockId=conID: 3 locID: 102666070430384804 bcsId: 0,size=2097152]} | ret=SUCCESS |  
2019-08-23 11:31:52,599 [grpc-default-executor-2] INFO  client.GrpcClientProtocolClient (GrpcClientProtocolClient.java:onNext(255)) - client-C9E345EC67ED->244f13ac-34be-4c4e-8e45-0c0272edbbb2: receive RaftClientReply:client-C9E345EC67ED->244f13ac-34be-4c4e-8e45-0c0272edbbb2@group-FE77C852EF02, cid=3323, SUCCESS, logIndex=4992, commits[244f13ac-34be-4c4e-8e45-0c0272edbbb2:c4993, 6287e41a-5356-4f55-84f2-270816d53e84:c4990, a2c18d3d-e79d-47c9-88fe-d8a1d195302b:c4990]
2019-08-23 11:31:52,599 [grpc-default-executor-2] INFO  client.GrpcClientProtocolClient (GrpcClientProtocolClient.java:onNext(255)) - client-C9E345EC67ED->244f13ac-34be-4c4e-8e45-0c0272edbbb2: receive RaftClientReply:client-C9E345EC67ED->244f13ac-34be-4c4e-8e45-0c0272edbbb2@group-FE77C852EF02, cid=3324, SUCCESS, logIndex=4993, commits[244f13ac-34be-4c4e-8e45-0c0272edbbb2:c4994, 6287e41a-5356-4f55-84f2-270816d53e84:c4990, a2c18d3d-e79d-47c9-88fe-d8a1d195302b:c4990]
2019-08-23 11:31:52,599 [grpc-default-executor-2] INFO  client.GrpcClientProtocolClient (GrpcClientProtocolClient.java:onNext(255)) - client-C9E345EC67ED->244f13ac-34be-4c4e-8e45-0c0272edbbb2: receive RaftClientReply:client-C9E345EC67ED->244f13ac-34be-4c4e-8e45-0c0272edbbb2@group-FE77C852EF02, cid=3325, SUCCESS, logIndex=4994, commits[244f13ac-34be-4c4e-8e45-0c0272edbbb2:c4994, 6287e41a-5356-4f55-84f2-270816d53e84:c4990, a2c18d3d-e79d-47c9-88fe-d8a1d195302b:c4990]
2019-08-23 11:31:52,601 | INFO  | DNAudit | user=null | ip=null | op=WRITE_CHUNK {blockData=conID: 3 locID: 102666070430384804 bcsId: 0} | ret=SUCCESS |  
2019-08-23 11:31:52,601 | INFO  | DNAudit | user=null | ip=null | op=PUT_BLOCK {blockData=[blockId=conID: 3 locID: 102666070430384804 bcsId: 0,size=1048576]} | ret=SUCCESS |  
2019-08-23 11:31:52,602 | INFO  | DNAudit | user=null | ip=null | op=WRITE_CHUNK {blockData=conID: 3 locID: 102666070430384804 bcsId: 0} | ret=SUCCESS |  
2019-08-23 11:31:52,602 | INFO  | DNAudit | user=null | ip=null | op=PUT_BLOCK {blockData=[blockId=conID: 3 locID: 102666070430384804 bcsId: 0,size=1048576]} | ret=SUCCESS |  
2019-08-23 11:31:52,602 | INFO  | DNAudit | user=null | ip=null | op=WRITE_CHUNK {blockData=conID: 3 locID: 102666070430384804 bcsId: 0} | ret=SUCCESS |  
2019-08-23 11:31:52,602 | INFO  | DNAudit | user=null | ip=null | op=WRITE_CHUNK {blockData=conID: 3 locID: 102666070430384804 bcsId: 0} | ret=SUCCESS |  
2019-08-23 11:31:52,602 | INFO  | DNAudit | user=null | ip=null | op=PUT_BLOCK {blockData=[blockId=conID: 3 locID: 102666070430384804 bcsId: 0,size=2097152]} | ret=SUCCESS |  
2019-08-23 11:31:52,603 | INFO  | DNAudit | user=null | ip=null | op=PUT_BLOCK {blockData=[blockId=conID: 3 locID: 102666070430384804 bcsId: 0,size=2097152]} | ret=SUCCESS |  
2019-08-23 11:31:52,603 [grpc-default-executor-4] INFO  client.GrpcClientProtocolClient (GrpcClientProtocolClient.java:onNext(255)) - client-C9E345EC67ED->244f13ac-34be-4c4e-8e45-0c0272edbbb2: receive RaftClientReply:client-C9E345EC67ED->244f13ac-34be-4c4e-8e45-0c0272edbbb2@group-FE77C852EF02, cid=3326, SUCCESS, logIndex=0, commits[244f13ac-34be-4c4e-8e45-0c0272edbbb2:c4996, 6287e41a-5356-4f55-84f2-270816d53e84:c4992, a2c18d3d-e79d-47c9-88fe-d8a1d195302b:c4992]
2019-08-23 11:31:52,610 | INFO  | DNAudit | user=null | ip=null | op=WRITE_CHUNK {blockData=conID: 3 locID: 102666070430384804 bcsId: 4994} | ret=SUCCESS |  
2019-08-23 11:31:52,612 | INFO  | DNAudit | user=null | ip=null | op=WRITE_CHUNK {blockData=conID: 3 locID: 102666070430384804 bcsId: 4994} | ret=SUCCESS |  
2019-08-23 11:31:52,613 | INFO  | DNAudit | user=null | ip=null | op=WRITE_CHUNK {blockData=conID: 3 locID: 102666070430384804 bcsId: 4994} | ret=SUCCESS |  
2019-08-23 11:31:52,624 | INFO  | DNAudit | user=null | ip=null | op=WRITE_CHUNK {blockData=conID: 3 locID: 102666070430384804 bcsId: 4994} | ret=SUCCESS |  
2019-08-23 11:31:52,624 | INFO  | DNAudit | user=null | ip=null | op=PUT_BLOCK {blockData=[blockId=conID: 3 locID: 102666070430384804 bcsId: 0,size=3145728]} | ret=SUCCESS |  
2019-08-23 11:31:52,625 [grpc-default-executor-2] INFO  client.GrpcClientProtocolClient (GrpcClientProtocolClient.java:onNext(255)) - client-C9E345EC67ED->244f13ac-34be-4c4e-8e45-0c0272edbbb2: receive RaftClientReply:client-C9E345EC67ED->244f13ac-34be-4c4e-8e45-0c0272edbbb2@group-FE77C852EF02, cid=3327, SUCCESS, logIndex=4999, commits[244f13ac-34be-4c4e-8e45-0c0272edbbb2:c5000, 6287e41a-5356-4f55-84f2-270816d53e84:c4998, a2c18d3d-e79d-47c9-88fe-d8a1d195302b:c4998]
2019-08-23 11:31:52,625 [grpc-default-executor-2] INFO  client.GrpcClientProtocolClient (GrpcClientProtocolClient.java:onNext(255)) - client-C9E345EC67ED->244f13ac-34be-4c4e-8e45-0c0272edbbb2: receive RaftClientReply:client-C9E345EC67ED->244f13ac-34be-4c4e-8e45-0c0272edbbb2@group-FE77C852EF02, cid=3328, SUCCESS, logIndex=5000, commits[244f13ac-34be-4c4e-8e45-0c0272edbbb2:c5000, 6287e41a-5356-4f55-84f2-270816d53e84:c4998, a2c18d3d-e79d-47c9-88fe-d8a1d195302b:c4998]
2019-08-23 11:31:52,633 | INFO  | DNAudit | user=null | ip=null | op=WRITE_CHUNK {blockData=conID: 3 locID: 102666070430384804 bcsId: 5000} | ret=SUCCESS |  
2019-08-23 11:31:52,634 | INFO  | DNAudit | user=null | ip=null | op=WRITE_CHUNK {blockData=conID: 3 locID: 102666070430384804 bcsId: 4994} | ret=SUCCESS |  
2019-08-23 11:31:52,634 | INFO  | DNAudit | user=null | ip=null | op=WRITE_CHUNK {blockData=conID: 3 locID: 102666070430384804 bcsId: 4994} | ret=SUCCESS |  
2019-08-23 11:31:52,635 | INFO  | DNAudit | user=null | ip=null | op=WRITE_CHUNK {blockData=conID: 3 locID: 102666070430384804 bcsId: 5000} | ret=SUCCESS |  
2019-08-23 11:31:52,635 | INFO  | DNAudit | user=null | ip=null | op=WRITE_CHUNK {blockData=conID: 3 locID: 102666070430384804 bcsId: 5000} | ret=SUCCESS |  
2019-08-23 11:31:52,644 | INFO  | DNAudit | user=null | ip=null | op=PUT_BLOCK {blockData=[blockId=conID: 3 locID: 102666070430384804 bcsId: 0,size=3145728]} | ret=SUCCESS |  
2019-08-23 11:31:52,644 | INFO  | DNAudit | user=null | ip=null | op=PUT_BLOCK {blockData=[blockId=conID: 3 locID: 102666070430384804 bcsId: 0,size=3145728]} | ret=SUCCESS |  
2019-08-23 11:31:52,654 | INFO  | DNAudit | user=null | ip=null | op=WRITE_CHUNK {blockData=conID: 3 locID: 102666070430384804 bcsId: 5000} | ret=SUCCESS |  
2019-08-23 11:31:52,655 | INFO  | DNAudit | user=null | ip=null | op=PUT_BLOCK {blockData=[blockId=conID: 3 locID: 102666070430384804 bcsId: 0,size=4194304]} | ret=SUCCESS |  
2019-08-23 11:31:52,655 [grpc-default-executor-4] INFO  client.GrpcClientProtocolClient (GrpcClientProtocolClient.java:onNext(255)) - client-C9E345EC67ED->244f13ac-34be-4c4e-8e45-0c0272edbbb2: receive RaftClientReply:client-C9E345EC67ED->244f13ac-34be-4c4e-8e45-0c0272edbbb2@group-FE77C852EF02, cid=3329, SUCCESS, logIndex=5003, commits[244f13ac-34be-4c4e-8e45-0c0272edbbb2:c5004, 6287e41a-5356-4f55-84f2-270816d53e84:c5000, a2c18d3d-e79d-47c9-88fe-d8a1d195302b:c5000]
2019-08-23 11:31:52,655 [grpc-default-executor-4] INFO  client.GrpcClientProtocolClient (GrpcClientProtocolClient.java:onNext(255)) - client-C9E345EC67ED->244f13ac-34be-4c4e-8e45-0c0272edbbb2: receive RaftClientReply:client-C9E345EC67ED->244f13ac-34be-4c4e-8e45-0c0272edbbb2@group-FE77C852EF02, cid=3330, SUCCESS, logIndex=5004, commits[244f13ac-34be-4c4e-8e45-0c0272edbbb2:c5004, 6287e41a-5356-4f55-84f2-270816d53e84:c5000, a2c18d3d-e79d-47c9-88fe-d8a1d195302b:c5000]
2019-08-23 11:31:52,676 | INFO  | DNAudit | user=null | ip=null | op=WRITE_CHUNK {blockData=conID: 3 locID: 102666070430384804 bcsId: 5000} | ret=SUCCESS |  
2019-08-23 11:31:52,676 | INFO  | DNAudit | user=null | ip=null | op=WRITE_CHUNK {blockData=conID: 3 locID: 102666070430384804 bcsId: 5000} | ret=SUCCESS |  
2019-08-23 11:31:52,676 | INFO  | DNAudit | user=null | ip=null | op=PUT_BLOCK {blockData=[blockId=conID: 3 locID: 102666070430384804 bcsId: 0,size=4194304]} | ret=SUCCESS |  
2019-08-23 11:31:52,678 | INFO  | DNAudit | user=null | ip=null | op=PUT_BLOCK {blockData=[blockId=conID: 3 locID: 102666070430384804 bcsId: 0,size=4194304]} | ret=SUCCESS |  
2019-08-23 11:31:52,679 [grpc-default-executor-4] INFO  client.GrpcClientProtocolClient (GrpcClientProtocolClient.java:onNext(255)) - client-C9E345EC67ED->244f13ac-34be-4c4e-8e45-0c0272edbbb2: receive RaftClientReply:client-C9E345EC67ED->244f13ac-34be-4c4e-8e45-0c0272edbbb2@group-FE77C852EF02, cid=3331, SUCCESS, logIndex=0, commits[244f13ac-34be-4c4e-8e45-0c0272edbbb2:c5005, 6287e41a-5356-4f55-84f2-270816d53e84:c5004, a2c18d3d-e79d-47c9-88fe-d8a1d195302b:c5004]
2019-08-23 11:31:52,688 | INFO  | SCMAudit | user=jenkins1000 | ip=192.168.5.185 | op=ALLOCATE_BLOCK {owner=00a23185-76ea-47b5-a641-ad3cfbe5521a, size=4194304, type=RATIS, factor=THREE} | ret=SUCCESS |  
2019-08-23 11:31:52,694 | INFO  | OMAudit | user=jenkins1000 | ip=127.0.0.1 | op=ALLOCATE_BLOCK {volume=vol-0-37508, bucket=bucket-0-50919, key=key-0-57313, dataSize=0, replicationType=null, replicationFactor=null, keyLocationInfo=null, clientID=102666068570931602} | ret=SUCCESS |  
2019-08-23 11:31:52,702 | INFO  | DNAudit | user=null | ip=null | op=WRITE_CHUNK {blockData=conID: 1 locID: 102666070437921445 bcsId: 0} | ret=SUCCESS |  
2019-08-23 11:31:52,706 | INFO  | DNAudit | user=null | ip=null | op=WRITE_CHUNK {blockData=conID: 1 locID: 102666070437921445 bcsId: 0} | ret=SUCCESS |  
2019-08-23 11:31:52,706 | INFO  | DNAudit | user=null | ip=null | op=WRITE_CHUNK {blockData=conID: 1 locID: 102666070437921445 bcsId: 0} | ret=SUCCESS |  
2019-08-23 11:31:52,707 | INFO  | DNAudit | user=null | ip=null | op=WRITE_CHUNK {blockData=conID: 1 locID: 102666070437921445 bcsId: 0} | ret=SUCCESS |  
2019-08-23 11:31:52,709 | INFO  | DNAudit | user=null | ip=null | op=WRITE_CHUNK {blockData=conID: 1 locID: 102666070437921445 bcsId: 0} | ret=SUCCESS |  
2019-08-23 11:31:52,709 | INFO  | DNAudit | user=null | ip=null | op=WRITE_CHUNK {blockData=conID: 1 locID: 102666070437921445 bcsId: 0} | ret=SUCCESS |  
2019-08-23 11:31:52,715 | INFO  | DNAudit | user=null | ip=null | op=WRITE_CHUNK {blockData=conID: 1 locID: 102666070437921445 bcsId: 0} | ret=SUCCESS |  
2019-08-23 11:31:52,715 | INFO  | DNAudit | user=null | ip=null | op=PUT_BLOCK {blockData=[blockId=conID: 1 locID: 102666070437921445 bcsId: 0,size=1048576]} | ret=SUCCESS |  
2019-08-23 11:31:52,715 [grpc-default-executor-2] INFO  client.GrpcClientProtocolClient (GrpcClientProtocolClient.java:onNext(255)) - client-C9E345EC67ED->244f13ac-34be-4c4e-8e45-0c0272edbbb2: receive RaftClientReply:client-C9E345EC67ED->244f13ac-34be-4c4e-8e45-0c0272edbbb2@group-FE77C852EF02, cid=3332, SUCCESS, logIndex=5007, commits[244f13ac-34be-4c4e-8e45-0c0272edbbb2:c5008, 6287e41a-5356-4f55-84f2-270816d53e84:c5006, a2c18d3d-e79d-47c9-88fe-d8a1d195302b:c5006]
2019-08-23 11:31:52,716 | INFO  | DNAudit | user=null | ip=null | op=WRITE_CHUNK {blockData=conID: 1 locID: 102666070437921445 bcsId: 0} | ret=SUCCESS |  
2019-08-23 11:31:52,716 | INFO  | DNAudit | user=null | ip=null | op=WRITE_CHUNK {blockData=conID: 1 locID: 102666070437921445 bcsId: 0} | ret=SUCCESS |  
2019-08-23 11:31:52,716 [grpc-default-executor-2] INFO  client.GrpcClientProtocolClient (GrpcClientProtocolClient.java:onNext(255)) - client-C9E345EC67ED->244f13ac-34be-4c4e-8e45-0c0272edbbb2: receive RaftClientReply:client-C9E345EC67ED->244f13ac-34be-4c4e-8e45-0c0272edbbb2@group-FE77C852EF02, cid=3333, SUCCESS, logIndex=5008, commits[244f13ac-34be-4c4e-8e45-0c0272edbbb2:c5010, 6287e41a-5356-4f55-84f2-270816d53e84:c5006, a2c18d3d-e79d-47c9-88fe-d8a1d195302b:c5006]
2019-08-23 11:31:52,717 | INFO  | DNAudit | user=null | ip=null | op=PUT_BLOCK {blockData=[blockId=conID: 1 locID: 102666070437921445 bcsId: 0,size=2097152]} | ret=SUCCESS |  
2019-08-23 11:31:52,717 | INFO  | DNAudit | user=null | ip=null | op=PUT_BLOCK {blockData=[blockId=conID: 1 locID: 102666070437921445 bcsId: 0,size=1048576]} | ret=SUCCESS |  
2019-08-23 11:31:52,717 [grpc-default-executor-2] INFO  client.GrpcClientProtocolClient (GrpcClientProtocolClient.java:onNext(255)) - client-C9E345EC67ED->244f13ac-34be-4c4e-8e45-0c0272edbbb2: receive RaftClientReply:client-C9E345EC67ED->244f13ac-34be-4c4e-8e45-0c0272edbbb2@group-FE77C852EF02, cid=3334, SUCCESS, logIndex=5009, commits[244f13ac-34be-4c4e-8e45-0c0272edbbb2:c5010, 6287e41a-5356-4f55-84f2-270816d53e84:c5006, a2c18d3d-e79d-47c9-88fe-d8a1d195302b:c5006]
2019-08-23 11:31:52,717 | INFO  | DNAudit | user=null | ip=null | op=WRITE_CHUNK {blockData=conID: 1 locID: 102666070437921445 bcsId: 0} | ret=SUCCESS |  
2019-08-23 11:31:52,717 | INFO  | DNAudit | user=null | ip=null | op=PUT_BLOCK {blockData=[blockId=conID: 1 locID: 102666070437921445 bcsId: 0,size=1048576]} | ret=SUCCESS |  
2019-08-23 11:31:52,717 [grpc-default-executor-2] INFO  client.GrpcClientProtocolClient (GrpcClientProtocolClient.java:onNext(255)) - client-C9E345EC67ED->244f13ac-34be-4c4e-8e45-0c0272edbbb2: receive RaftClientReply:client-C9E345EC67ED->244f13ac-34be-4c4e-8e45-0c0272edbbb2@group-FE77C852EF02, cid=3335, SUCCESS, logIndex=5010, commits[244f13ac-34be-4c4e-8e45-0c0272edbbb2:c5011, 6287e41a-5356-4f55-84f2-270816d53e84:c5008, a2c18d3d-e79d-47c9-88fe-d8a1d195302b:c5006]
2019-08-23 11:31:52,717 | INFO  | DNAudit | user=null | ip=null | op=WRITE_CHUNK {blockData=conID: 1 locID: 102666070437921445 bcsId: 0} | ret=SUCCESS |  
2019-08-23 11:31:52,718 | INFO  | DNAudit | user=null | ip=null | op=PUT_BLOCK {blockData=[blockId=conID: 1 locID: 102666070437921445 bcsId: 0,size=2097152]} | ret=SUCCESS |  
2019-08-23 11:31:52,718 | INFO  | DNAudit | user=null | ip=null | op=WRITE_CHUNK {blockData=conID: 1 locID: 102666070437921445 bcsId: 0} | ret=SUCCESS |  
2019-08-23 11:31:52,718 | INFO  | DNAudit | user=null | ip=null | op=PUT_BLOCK {blockData=[blockId=conID: 1 locID: 102666070437921445 bcsId: 0,size=2097152]} | ret=SUCCESS |  
2019-08-23 11:31:52,718 [grpc-default-executor-2] INFO  client.GrpcClientProtocolClient (GrpcClientProtocolClient.java:onNext(255)) - client-C9E345EC67ED->244f13ac-34be-4c4e-8e45-0c0272edbbb2: receive RaftClientReply:client-C9E345EC67ED->244f13ac-34be-4c4e-8e45-0c0272edbbb2@group-FE77C852EF02, cid=3336, SUCCESS, logIndex=0, commits[244f13ac-34be-4c4e-8e45-0c0272edbbb2:c5014, 6287e41a-5356-4f55-84f2-270816d53e84:c5010, a2c18d3d-e79d-47c9-88fe-d8a1d195302b:c5008]
2019-08-23 11:31:52,726 | INFO  | DNAudit | user=null | ip=null | op=WRITE_CHUNK {blockData=conID: 1 locID: 102666070437921445 bcsId: 5010} | ret=SUCCESS |  
2019-08-23 11:31:52,729 | INFO  | DNAudit | user=null | ip=null | op=WRITE_CHUNK {blockData=conID: 1 locID: 102666070437921445 bcsId: 5010} | ret=SUCCESS |  
2019-08-23 11:31:52,730 | INFO  | DNAudit | user=null | ip=null | op=WRITE_CHUNK {blockData=conID: 1 locID: 102666070437921445 bcsId: 5010} | ret=SUCCESS |  
2019-08-23 11:31:52,739 | INFO  | DNAudit | user=null | ip=null | op=WRITE_CHUNK {blockData=conID: 1 locID: 102666070437921445 bcsId: 5010} | ret=SUCCESS |  
2019-08-23 11:31:52,740 | INFO  | DNAudit | user=null | ip=null | op=PUT_BLOCK {blockData=[blockId=conID: 1 locID: 102666070437921445 bcsId: 0,size=3145728]} | ret=SUCCESS |  
2019-08-23 11:31:52,740 [grpc-default-executor-2] INFO  client.GrpcClientProtocolClient (GrpcClientProtocolClient.java:onNext(255)) - client-C9E345EC67ED->244f13ac-34be-4c4e-8e45-0c0272edbbb2: receive RaftClientReply:client-C9E345EC67ED->244f13ac-34be-4c4e-8e45-0c0272edbbb2@group-FE77C852EF02, cid=3337, SUCCESS, logIndex=5015, commits[244f13ac-34be-4c4e-8e45-0c0272edbbb2:c5016, 6287e41a-5356-4f55-84f2-270816d53e84:c5014, a2c18d3d-e79d-47c9-88fe-d8a1d195302b:c5014]
2019-08-23 11:31:52,740 [grpc-default-executor-2] INFO  client.GrpcClientProtocolClient (GrpcClientProtocolClient.java:onNext(255)) - client-C9E345EC67ED->244f13ac-34be-4c4e-8e45-0c0272edbbb2: receive RaftClientReply:client-C9E345EC67ED->244f13ac-34be-4c4e-8e45-0c0272edbbb2@group-FE77C852EF02, cid=3338, SUCCESS, logIndex=5016, commits[244f13ac-34be-4c4e-8e45-0c0272edbbb2:c5016, 6287e41a-5356-4f55-84f2-270816d53e84:c5014, a2c18d3d-e79d-47c9-88fe-d8a1d195302b:c5014]
2019-08-23 11:31:52,749 | INFO  | DNAudit | user=null | ip=null | op=WRITE_CHUNK {blockData=conID: 1 locID: 102666070437921445 bcsId: 5016} | ret=SUCCESS |  
2019-08-23 11:31:52,751 | INFO  | DNAudit | user=null | ip=null | op=WRITE_CHUNK {blockData=conID: 1 locID: 102666070437921445 bcsId: 5010} | ret=SUCCESS |  
2019-08-23 11:31:52,751 | INFO  | DNAudit | user=null | ip=null | op=WRITE_CHUNK {blockData=conID: 1 locID: 102666070437921445 bcsId: 5010} | ret=SUCCESS |  
2019-08-23 11:31:52,752 | INFO  | DNAudit | user=null | ip=null | op=WRITE_CHUNK {blockData=conID: 1 locID: 102666070437921445 bcsId: 5016} | ret=SUCCESS |  
2019-08-23 11:31:52,752 | INFO  | DNAudit | user=null | ip=null | op=WRITE_CHUNK {blockData=conID: 1 locID: 102666070437921445 bcsId: 5016} | ret=SUCCESS |  
2019-08-23 11:31:52,763 | INFO  | DNAudit | user=null | ip=null | op=PUT_BLOCK {blockData=[blockId=conID: 1 locID: 102666070437921445 bcsId: 0,size=3145728]} | ret=SUCCESS |  
2019-08-23 11:31:52,764 | INFO  | DNAudit | user=null | ip=null | op=WRITE_CHUNK {blockData=conID: 1 locID: 102666070437921445 bcsId: 5016} | ret=SUCCESS |  
2019-08-23 11:31:52,764 | INFO  | DNAudit | user=null | ip=null | op=PUT_BLOCK {blockData=[blockId=conID: 1 locID: 102666070437921445 bcsId: 0,size=3145728]} | ret=SUCCESS |  
2019-08-23 11:31:52,764 | INFO  | DNAudit | user=null | ip=null | op=PUT_BLOCK {blockData=[blockId=conID: 1 locID: 102666070437921445 bcsId: 0,size=4194304]} | ret=SUCCESS |  
2019-08-23 11:31:52,765 [grpc-default-executor-4] INFO  client.GrpcClientProtocolClient (GrpcClientProtocolClient.java:onNext(255)) - client-C9E345EC67ED->244f13ac-34be-4c4e-8e45-0c0272edbbb2: receive RaftClientReply:client-C9E345EC67ED->244f13ac-34be-4c4e-8e45-0c0272edbbb2@group-FE77C852EF02, cid=3339, SUCCESS, logIndex=5019, commits[244f13ac-34be-4c4e-8e45-0c0272edbbb2:c5020, 6287e41a-5356-4f55-84f2-270816d53e84:c5016, a2c18d3d-e79d-47c9-88fe-d8a1d195302b:c5016]
2019-08-23 11:31:52,765 [grpc-default-executor-4] INFO  client.GrpcClientProtocolClient (GrpcClientProtocolClient.java:onNext(255)) - client-C9E345EC67ED->244f13ac-34be-4c4e-8e45-0c0272edbbb2: receive RaftClientReply:client-C9E345EC67ED->244f13ac-34be-4c4e-8e45-0c0272edbbb2@group-FE77C852EF02, cid=3340, SUCCESS, logIndex=5020, commits[244f13ac-34be-4c4e-8e45-0c0272edbbb2:c5020, 6287e41a-5356-4f55-84f2-270816d53e84:c5016, a2c18d3d-e79d-47c9-88fe-d8a1d195302b:c5016]
2019-08-23 11:31:52,765 | INFO  | DNAudit | user=null | ip=null | op=WRITE_CHUNK {blockData=conID: 1 locID: 102666070437921445 bcsId: 5016} | ret=SUCCESS |  
2019-08-23 11:31:52,765 | INFO  | DNAudit | user=null | ip=null | op=WRITE_CHUNK {blockData=conID: 1 locID: 102666070437921445 bcsId: 5016} | ret=SUCCESS |  
2019-08-23 11:31:52,767 | INFO  | DNAudit | user=null | ip=null | op=PUT_BLOCK {blockData=[blockId=conID: 1 locID: 102666070437921445 bcsId: 0,size=4194304]} | ret=SUCCESS |  
2019-08-23 11:31:52,767 | INFO  | DNAudit | user=null | ip=null | op=PUT_BLOCK {blockData=[blockId=conID: 1 locID: 102666070437921445 bcsId: 0,size=4194304]} | ret=SUCCESS |  
2019-08-23 11:31:52,767 [grpc-default-executor-4] INFO  client.GrpcClientProtocolClient (GrpcClientProtocolClient.java:onNext(255)) - client-C9E345EC67ED->244f13ac-34be-4c4e-8e45-0c0272edbbb2: receive RaftClientReply:client-C9E345EC67ED->244f13ac-34be-4c4e-8e45-0c0272edbbb2@group-FE77C852EF02, cid=3341, SUCCESS, logIndex=0, commits[244f13ac-34be-4c4e-8e45-0c0272edbbb2:c5022, 6287e41a-5356-4f55-84f2-270816d53e84:c5020, a2c18d3d-e79d-47c9-88fe-d8a1d195302b:c5020]
2019-08-23 11:31:52,775 | INFO  | SCMAudit | user=jenkins1000 | ip=192.168.5.185 | op=ALLOCATE_BLOCK {owner=00a23185-76ea-47b5-a641-ad3cfbe5521a, size=4194304, type=RATIS, factor=THREE} | ret=SUCCESS |  
2019-08-23 11:31:52,781 | INFO  | OMAudit | user=jenkins1000 | ip=127.0.0.1 | op=ALLOCATE_BLOCK {volume=vol-0-37508, bucket=bucket-0-50919, key=key-0-57313, dataSize=0, replicationType=null, replicationFactor=null, keyLocationInfo=null, clientID=102666068570931602} | ret=SUCCESS |  
2019-08-23 11:31:52,789 | INFO  | DNAudit | user=null | ip=null | op=WRITE_CHUNK {blockData=conID: 2 locID: 102666070443623078 bcsId: 0} | ret=SUCCESS |  
2019-08-23 11:31:52,792 | INFO  | DNAudit | user=null | ip=null | op=WRITE_CHUNK {blockData=conID: 2 locID: 102666070443623078 bcsId: 0} | ret=SUCCESS |  
2019-08-23 11:31:52,793 | INFO  | DNAudit | user=null | ip=null | op=WRITE_CHUNK {blockData=conID: 2 locID: 102666070443623078 bcsId: 0} | ret=SUCCESS |  
2019-08-23 11:31:52,793 | INFO  | DNAudit | user=null | ip=null | op=WRITE_CHUNK {blockData=conID: 2 locID: 102666070443623078 bcsId: 0} | ret=SUCCESS |  
2019-08-23 11:31:52,794 | INFO  | DNAudit | user=null | ip=null | op=WRITE_CHUNK {blockData=conID: 2 locID: 102666070443623078 bcsId: 0} | ret=SUCCESS |  
2019-08-23 11:31:52,795 | INFO  | DNAudit | user=null | ip=null | op=WRITE_CHUNK {blockData=conID: 2 locID: 102666070443623078 bcsId: 0} | ret=SUCCESS |  
2019-08-23 11:31:52,803 | INFO  | DNAudit | user=null | ip=null | op=WRITE_CHUNK {blockData=conID: 2 locID: 102666070443623078 bcsId: 0} | ret=SUCCESS |  
2019-08-23 11:31:52,803 | INFO  | DNAudit | user=null | ip=null | op=PUT_BLOCK {blockData=[blockId=conID: 2 locID: 102666070443623078 bcsId: 0,size=1048576]} | ret=SUCCESS |  
2019-08-23 11:31:52,804 | INFO  | DNAudit | user=null | ip=null | op=WRITE_CHUNK {blockData=conID: 2 locID: 102666070443623078 bcsId: 0} | ret=SUCCESS |  
2019-08-23 11:31:52,804 [grpc-default-executor-4] INFO  client.GrpcClientProtocolClient (GrpcClientProtocolClient.java:onNext(255)) - client-C9E345EC67ED->244f13ac-34be-4c4e-8e45-0c0272edbbb2: receive RaftClientReply:client-C9E345EC67ED->244f13ac-34be-4c4e-8e45-0c0272edbbb2@group-FE77C852EF02, cid=3342, SUCCESS, logIndex=5023, commits[244f13ac-34be-4c4e-8e45-0c0272edbbb2:c5025, 6287e41a-5356-4f55-84f2-270816d53e84:c5022, a2c18d3d-e79d-47c9-88fe-d8a1d195302b:c5022]
2019-08-23 11:31:52,804 | INFO  | DNAudit | user=null | ip=null | op=PUT_BLOCK {blockData=[blockId=conID: 2 locID: 102666070443623078 bcsId: 0,size=2097152]} | ret=SUCCESS |  
2019-08-23 11:31:52,804 [grpc-default-executor-4] INFO  client.GrpcClientProtocolClient (GrpcClientProtocolClient.java:onNext(255)) - client-C9E345EC67ED->244f13ac-34be-4c4e-8e45-0c0272edbbb2: receive RaftClientReply:client-C9E345EC67ED->244f13ac-34be-4c4e-8e45-0c0272edbbb2@group-FE77C852EF02, cid=3343, SUCCESS, logIndex=5024, commits[244f13ac-34be-4c4e-8e45-0c0272edbbb2:c5026, 6287e41a-5356-4f55-84f2-270816d53e84:c5022, a2c18d3d-e79d-47c9-88fe-d8a1d195302b:c5022]
2019-08-23 11:31:52,804 [grpc-default-executor-4] INFO  client.GrpcClientProtocolClient (GrpcClientProtocolClient.java:onNext(255)) - client-C9E345EC67ED->244f13ac-34be-4c4e-8e45-0c0272edbbb2: receive RaftClientReply:client-C9E345EC67ED->244f13ac-34be-4c4e-8e45-0c0272edbbb2@group-FE77C852EF02, cid=3344, SUCCESS, logIndex=5025, commits[244f13ac-34be-4c4e-8e45-0c0272edbbb2:c5026, 6287e41a-5356-4f55-84f2-270816d53e84:c5022, a2c18d3d-e79d-47c9-88fe-d8a1d195302b:c5022]
2019-08-23 11:31:52,805 [grpc-default-executor-4] INFO  client.GrpcClientProtocolClient (GrpcClientProtocolClient.java:onNext(255)) - client-C9E345EC67ED->244f13ac-34be-4c4e-8e45-0c0272edbbb2: receive RaftClientReply:client-C9E345EC67ED->244f13ac-34be-4c4e-8e45-0c0272edbbb2@group-FE77C852EF02, cid=3345, SUCCESS, logIndex=5026, commits[244f13ac-34be-4c4e-8e45-0c0272edbbb2:c5026, 6287e41a-5356-4f55-84f2-270816d53e84:c5022, a2c18d3d-e79d-47c9-88fe-d8a1d195302b:c5022]
2019-08-23 11:31:52,814 | INFO  | DNAudit | user=null | ip=null | op=WRITE_CHUNK {blockData=conID: 2 locID: 102666070443623078 bcsId: 0} | ret=SUCCESS |  
2019-08-23 11:31:52,814 | INFO  | DNAudit | user=null | ip=null | op=WRITE_CHUNK {blockData=conID: 2 locID: 102666070443623078 bcsId: 0} | ret=SUCCESS |  
2019-08-23 11:31:52,817 | INFO  | DNAudit | user=null | ip=null | op=PUT_BLOCK {blockData=[blockId=conID: 2 locID: 102666070443623078 bcsId: 0,size=1048576]} | ret=SUCCESS |  
2019-08-23 11:31:52,817 | INFO  | DNAudit | user=null | ip=null | op=PUT_BLOCK {blockData=[blockId=conID: 2 locID: 102666070443623078 bcsId: 0,size=1048576]} | ret=SUCCESS |  
2019-08-23 11:31:52,817 | INFO  | DNAudit | user=null | ip=null | op=WRITE_CHUNK {blockData=conID: 2 locID: 102666070443623078 bcsId: 0} | ret=SUCCESS |  
2019-08-23 11:31:52,818 | INFO  | DNAudit | user=null | ip=null | op=WRITE_CHUNK {blockData=conID: 2 locID: 102666070443623078 bcsId: 0} | ret=SUCCESS |  
2019-08-23 11:31:52,818 | INFO  | DNAudit | user=null | ip=null | op=PUT_BLOCK {blockData=[blockId=conID: 2 locID: 102666070443623078 bcsId: 0,size=2097152]} | ret=SUCCESS |  
2019-08-23 11:31:52,818 | INFO  | DNAudit | user=null | ip=null | op=PUT_BLOCK {blockData=[blockId=conID: 2 locID: 102666070443623078 bcsId: 0,size=2097152]} | ret=SUCCESS |  
2019-08-23 11:31:52,818 [grpc-default-executor-4] INFO  client.GrpcClientProtocolClient (GrpcClientProtocolClient.java:onNext(255)) - client-C9E345EC67ED->244f13ac-34be-4c4e-8e45-0c0272edbbb2: receive RaftClientReply:client-C9E345EC67ED->244f13ac-34be-4c4e-8e45-0c0272edbbb2@group-FE77C852EF02, cid=3346, SUCCESS, logIndex=0, commits[244f13ac-34be-4c4e-8e45-0c0272edbbb2:c5028, 6287e41a-5356-4f55-84f2-270816d53e84:c5024, a2c18d3d-e79d-47c9-88fe-d8a1d195302b:c5024]
2019-08-23 11:31:52,825 | INFO  | DNAudit | user=null | ip=null | op=WRITE_CHUNK {blockData=conID: 2 locID: 102666070443623078 bcsId: 5026} | ret=SUCCESS |  
2019-08-23 11:31:52,827 | INFO  | DNAudit | user=null | ip=null | op=WRITE_CHUNK {blockData=conID: 2 locID: 102666070443623078 bcsId: 5026} | ret=SUCCESS |  
2019-08-23 11:31:52,828 | INFO  | DNAudit | user=null | ip=null | op=WRITE_CHUNK {blockData=conID: 2 locID: 102666070443623078 bcsId: 5026} | ret=SUCCESS |  
2019-08-23 11:31:52,838 | INFO  | DNAudit | user=null | ip=null | op=WRITE_CHUNK {blockData=conID: 2 locID: 102666070443623078 bcsId: 5026} | ret=SUCCESS |  
2019-08-23 11:31:52,839 | INFO  | DNAudit | user=null | ip=null | op=PUT_BLOCK {blockData=[blockId=conID: 2 locID: 102666070443623078 bcsId: 0,size=3145728]} | ret=SUCCESS |  
2019-08-23 11:31:52,839 [grpc-default-executor-0] INFO  client.GrpcClientProtocolClient (GrpcClientProtocolClient.java:onNext(255)) - client-C9E345EC67ED->244f13ac-34be-4c4e-8e45-0c0272edbbb2: receive RaftClientReply:client-C9E345EC67ED->244f13ac-34be-4c4e-8e45-0c0272edbbb2@group-FE77C852EF02, cid=3347, SUCCESS, logIndex=5031, commits[244f13ac-34be-4c4e-8e45-0c0272edbbb2:c5032, 6287e41a-5356-4f55-84f2-270816d53e84:c5030, a2c18d3d-e79d-47c9-88fe-d8a1d195302b:c5030]
2019-08-23 11:31:52,839 [grpc-default-executor-0] INFO  client.GrpcClientProtocolClient (GrpcClientProtocolClient.java:onNext(255)) - client-C9E345EC67ED->244f13ac-34be-4c4e-8e45-0c0272edbbb2: receive RaftClientReply:client-C9E345EC67ED->244f13ac-34be-4c4e-8e45-0c0272edbbb2@group-FE77C852EF02, cid=3348, SUCCESS, logIndex=5032, commits[244f13ac-34be-4c4e-8e45-0c0272edbbb2:c5032, 6287e41a-5356-4f55-84f2-270816d53e84:c5030, a2c18d3d-e79d-47c9-88fe-d8a1d195302b:c5030]
2019-08-23 11:31:52,846 | INFO  | DNAudit | user=null | ip=null | op=WRITE_CHUNK {blockData=conID: 2 locID: 102666070443623078 bcsId: 5032} | ret=SUCCESS |  
2019-08-23 11:31:52,848 | INFO  | DNAudit | user=null | ip=null | op=WRITE_CHUNK {blockData=conID: 2 locID: 102666070443623078 bcsId: 5032} | ret=SUCCESS |  
2019-08-23 11:31:52,850 | INFO  | DNAudit | user=null | ip=null | op=WRITE_CHUNK {blockData=conID: 2 locID: 102666070443623078 bcsId: 5026} | ret=SUCCESS |  
2019-08-23 11:31:52,850 | INFO  | DNAudit | user=null | ip=null | op=WRITE_CHUNK {blockData=conID: 2 locID: 102666070443623078 bcsId: 5032} | ret=SUCCESS |  
2019-08-23 11:31:52,850 | INFO  | DNAudit | user=null | ip=null | op=WRITE_CHUNK {blockData=conID: 2 locID: 102666070443623078 bcsId: 5026} | ret=SUCCESS |  
2019-08-23 11:31:52,850 | INFO  | DNAudit | user=null | ip=null | op=PUT_BLOCK {blockData=[blockId=conID: 2 locID: 102666070443623078 bcsId: 0,size=3145728]} | ret=SUCCESS |  
2019-08-23 11:31:52,851 | INFO  | DNAudit | user=null | ip=null | op=PUT_BLOCK {blockData=[blockId=conID: 2 locID: 102666070443623078 bcsId: 0,size=3145728]} | ret=SUCCESS |  
2019-08-23 11:31:52,851 | INFO  | DNAudit | user=null | ip=null | op=WRITE_CHUNK {blockData=conID: 2 locID: 102666070443623078 bcsId: 5032} | ret=SUCCESS |  
2019-08-23 11:31:52,852 | INFO  | DNAudit | user=null | ip=null | op=PUT_BLOCK {blockData=[blockId=conID: 2 locID: 102666070443623078 bcsId: 0,size=4194304]} | ret=SUCCESS |  
2019-08-23 11:31:52,852 [grpc-default-executor-0] INFO  client.GrpcClientProtocolClient (GrpcClientProtocolClient.java:onNext(255)) - client-C9E345EC67ED->244f13ac-34be-4c4e-8e45-0c0272edbbb2: receive RaftClientReply:client-C9E345EC67ED->244f13ac-34be-4c4e-8e45-0c0272edbbb2@group-FE77C852EF02, cid=3349, SUCCESS, logIndex=5035, commits[244f13ac-34be-4c4e-8e45-0c0272edbbb2:c5035, 6287e41a-5356-4f55-84f2-270816d53e84:c5032, a2c18d3d-e79d-47c9-88fe-d8a1d195302b:c5032]
2019-08-23 11:31:52,853 | INFO  | DNAudit | user=null | ip=null | op=WRITE_CHUNK {blockData=conID: 2 locID: 102666070443623078 bcsId: 5032} | ret=SUCCESS |  
2019-08-23 11:31:52,852 [grpc-default-executor-0] INFO  client.GrpcClientProtocolClient (GrpcClientProtocolClient.java:onNext(255)) - client-C9E345EC67ED->244f13ac-34be-4c4e-8e45-0c0272edbbb2: receive RaftClientReply:client-C9E345EC67ED->244f13ac-34be-4c4e-8e45-0c0272edbbb2@group-FE77C852EF02, cid=3350, SUCCESS, logIndex=5036, commits[244f13ac-34be-4c4e-8e45-0c0272edbbb2:c5036, 6287e41a-5356-4f55-84f2-270816d53e84:c5032, a2c18d3d-e79d-47c9-88fe-d8a1d195302b:c5032]
2019-08-23 11:31:52,853 | INFO  | DNAudit | user=null | ip=null | op=WRITE_CHUNK {blockData=conID: 2 locID: 102666070443623078 bcsId: 5032} | ret=SUCCESS |  
2019-08-23 11:31:52,854 | INFO  | DNAudit | user=null | ip=null | op=PUT_BLOCK {blockData=[blockId=conID: 2 locID: 102666070443623078 bcsId: 0,size=4194304]} | ret=SUCCESS |  
2019-08-23 11:31:52,854 | INFO  | DNAudit | user=null | ip=null | op=PUT_BLOCK {blockData=[blockId=conID: 2 locID: 102666070443623078 bcsId: 0,size=4194304]} | ret=SUCCESS |  
2019-08-23 11:31:52,855 [grpc-default-executor-4] INFO  client.GrpcClientProtocolClient (GrpcClientProtocolClient.java:onNext(255)) - client-C9E345EC67ED->244f13ac-34be-4c4e-8e45-0c0272edbbb2: receive RaftClientReply:client-C9E345EC67ED->244f13ac-34be-4c4e-8e45-0c0272edbbb2@group-FE77C852EF02, cid=3351, SUCCESS, logIndex=0, commits[244f13ac-34be-4c4e-8e45-0c0272edbbb2:c5038, 6287e41a-5356-4f55-84f2-270816d53e84:c5036, a2c18d3d-e79d-47c9-88fe-d8a1d195302b:c5036]
2019-08-23 11:31:52,863 | INFO  | SCMAudit | user=jenkins1000 | ip=192.168.5.185 | op=ALLOCATE_BLOCK {owner=00a23185-76ea-47b5-a641-ad3cfbe5521a, size=4194304, type=RATIS, factor=THREE} | ret=SUCCESS |  
2019-08-23 11:31:52,868 | INFO  | OMAudit | user=jenkins1000 | ip=127.0.0.1 | op=ALLOCATE_BLOCK {volume=vol-0-37508, bucket=bucket-0-50919, key=key-0-57313, dataSize=0, replicationType=null, replicationFactor=null, keyLocationInfo=null, clientID=102666068570931602} | ret=SUCCESS |  
2019-08-23 11:31:52,874 | INFO  | DNAudit | user=null | ip=null | op=WRITE_CHUNK {blockData=conID: 3 locID: 102666070449390247 bcsId: 0} | ret=SUCCESS |  
2019-08-23 11:31:52,877 | INFO  | DNAudit | user=null | ip=null | op=WRITE_CHUNK {blockData=conID: 3 locID: 102666070449390247 bcsId: 0} | ret=SUCCESS |  
2019-08-23 11:31:52,878 | INFO  | DNAudit | user=null | ip=null | op=WRITE_CHUNK {blockData=conID: 3 locID: 102666070449390247 bcsId: 0} | ret=SUCCESS |  
2019-08-23 11:31:52,878 | INFO  | DNAudit | user=null | ip=null | op=WRITE_CHUNK {blockData=conID: 3 locID: 102666070449390247 bcsId: 0} | ret=SUCCESS |  
2019-08-23 11:31:52,879 | INFO  | DNAudit | user=null | ip=null | op=WRITE_CHUNK {blockData=conID: 3 locID: 102666070449390247 bcsId: 0} | ret=SUCCESS |  
2019-08-23 11:31:52,879 | INFO  | DNAudit | user=null | ip=null | op=WRITE_CHUNK {blockData=conID: 3 locID: 102666070449390247 bcsId: 0} | ret=SUCCESS |  
2019-08-23 11:31:52,887 | INFO  | DNAudit | user=null | ip=null | op=WRITE_CHUNK {blockData=conID: 3 locID: 102666070449390247 bcsId: 0} | ret=SUCCESS |  
2019-08-23 11:31:52,887 | INFO  | DNAudit | user=null | ip=null | op=PUT_BLOCK {blockData=[blockId=conID: 3 locID: 102666070449390247 bcsId: 0,size=1048576]} | ret=SUCCESS |  
2019-08-23 11:31:52,887 | INFO  | DNAudit | user=null | ip=null | op=WRITE_CHUNK {blockData=conID: 3 locID: 102666070449390247 bcsId: 0} | ret=SUCCESS |  
2019-08-23 11:31:52,887 [grpc-default-executor-0] INFO  client.GrpcClientProtocolClient (GrpcClientProtocolClient.java:onNext(255)) - client-C9E345EC67ED->244f13ac-34be-4c4e-8e45-0c0272edbbb2: receive RaftClientReply:client-C9E345EC67ED->244f13ac-34be-4c4e-8e45-0c0272edbbb2@group-FE77C852EF02, cid=3352, SUCCESS, logIndex=5039, commits[244f13ac-34be-4c4e-8e45-0c0272edbbb2:c5041, 6287e41a-5356-4f55-84f2-270816d53e84:c5038, a2c18d3d-e79d-47c9-88fe-d8a1d195302b:c5038]
2019-08-23 11:31:52,888 | INFO  | DNAudit | user=null | ip=null | op=PUT_BLOCK {blockData=[blockId=conID: 3 locID: 102666070449390247 bcsId: 0,size=2097152]} | ret=SUCCESS |  
2019-08-23 11:31:52,888 [grpc-default-executor-0] INFO  client.GrpcClientProtocolClient (GrpcClientProtocolClient.java:onNext(255)) - client-C9E345EC67ED->244f13ac-34be-4c4e-8e45-0c0272edbbb2: receive RaftClientReply:client-C9E345EC67ED->244f13ac-34be-4c4e-8e45-0c0272edbbb2@group-FE77C852EF02, cid=3353, SUCCESS, logIndex=5040, commits[244f13ac-34be-4c4e-8e45-0c0272edbbb2:c5042, 6287e41a-5356-4f55-84f2-270816d53e84:c5038, a2c18d3d-e79d-47c9-88fe-d8a1d195302b:c5038]
2019-08-23 11:31:52,888 | INFO  | DNAudit | user=null | ip=null | op=WRITE_CHUNK {blockData=conID: 3 locID: 102666070449390247 bcsId: 0} | ret=SUCCESS |  
2019-08-23 11:31:52,888 [grpc-default-executor-0] INFO  client.GrpcClientProtocolClient (GrpcClientProtocolClient.java:onNext(255)) - client-C9E345EC67ED->244f13ac-34be-4c4e-8e45-0c0272edbbb2: receive RaftClientReply:client-C9E345EC67ED->244f13ac-34be-4c4e-8e45-0c0272edbbb2@group-FE77C852EF02, cid=3354, SUCCESS, logIndex=5041, commits[244f13ac-34be-4c4e-8e45-0c0272edbbb2:c5042, 6287e41a-5356-4f55-84f2-270816d53e84:c5038, a2c18d3d-e79d-47c9-88fe-d8a1d195302b:c5038]
2019-08-23 11:31:52,889 [grpc-default-executor-0] INFO  client.GrpcClientProtocolClient (GrpcClientProtocolClient.java:onNext(255)) - client-C9E345EC67ED->244f13ac-34be-4c4e-8e45-0c0272edbbb2: receive RaftClientReply:client-C9E345EC67ED->244f13ac-34be-4c4e-8e45-0c0272edbbb2@group-FE77C852EF02, cid=3355, SUCCESS, logIndex=5042, commits[244f13ac-34be-4c4e-8e45-0c0272edbbb2:c5042, 6287e41a-5356-4f55-84f2-270816d53e84:c5038, a2c18d3d-e79d-47c9-88fe-d8a1d195302b:c5038]
2019-08-23 11:31:52,889 | INFO  | DNAudit | user=null | ip=null | op=PUT_BLOCK {blockData=[blockId=conID: 3 locID: 102666070449390247 bcsId: 0,size=1048576]} | ret=SUCCESS |  
2019-08-23 11:31:52,890 | INFO  | DNAudit | user=null | ip=null | op=WRITE_CHUNK {blockData=conID: 3 locID: 102666070449390247 bcsId: 0} | ret=SUCCESS |  
2019-08-23 11:31:52,890 | INFO  | DNAudit | user=null | ip=null | op=PUT_BLOCK {blockData=[blockId=conID: 3 locID: 102666070449390247 bcsId: 0,size=2097152]} | ret=SUCCESS |  
2019-08-23 11:31:52,890 | INFO  | DNAudit | user=null | ip=null | op=WRITE_CHUNK {blockData=conID: 3 locID: 102666070449390247 bcsId: 0} | ret=SUCCESS |  
2019-08-23 11:31:52,890 | INFO  | DNAudit | user=null | ip=null | op=PUT_BLOCK {blockData=[blockId=conID: 3 locID: 102666070449390247 bcsId: 0,size=1048576]} | ret=SUCCESS |  
2019-08-23 11:31:52,890 | INFO  | DNAudit | user=null | ip=null | op=WRITE_CHUNK {blockData=conID: 3 locID: 102666070449390247 bcsId: 0} | ret=SUCCESS |  
2019-08-23 11:31:52,890 | INFO  | DNAudit | user=null | ip=null | op=PUT_BLOCK {blockData=[blockId=conID: 3 locID: 102666070449390247 bcsId: 0,size=2097152]} | ret=SUCCESS |  
2019-08-23 11:31:52,890 [grpc-default-executor-4] INFO  client.GrpcClientProtocolClient (GrpcClientProtocolClient.java:onNext(255)) - client-C9E345EC67ED->244f13ac-34be-4c4e-8e45-0c0272edbbb2: receive RaftClientReply:client-C9E345EC67ED->244f13ac-34be-4c4e-8e45-0c0272edbbb2@group-FE77C852EF02, cid=3356, SUCCESS, logIndex=0, commits[244f13ac-34be-4c4e-8e45-0c0272edbbb2:c5046, 6287e41a-5356-4f55-84f2-270816d53e84:c5042, a2c18d3d-e79d-47c9-88fe-d8a1d195302b:c5040]
2019-08-23 11:31:52,896 | INFO  | DNAudit | user=null | ip=null | op=WRITE_CHUNK {blockData=conID: 3 locID: 102666070449390247 bcsId: 5042} | ret=SUCCESS |  
2019-08-23 11:31:52,898 | INFO  | DNAudit | user=null | ip=null | op=WRITE_CHUNK {blockData=conID: 3 locID: 102666070449390247 bcsId: 5042} | ret=SUCCESS |  
2019-08-23 11:31:52,898 | INFO  | DNAudit | user=null | ip=null | op=WRITE_CHUNK {blockData=conID: 3 locID: 102666070449390247 bcsId: 5042} | ret=SUCCESS |  
2019-08-23 11:31:52,908 | INFO  | DNAudit | user=null | ip=null | op=WRITE_CHUNK {blockData=conID: 3 locID: 102666070449390247 bcsId: 5042} | ret=SUCCESS |  
2019-08-23 11:31:52,909 | INFO  | DNAudit | user=null | ip=null | op=PUT_BLOCK {blockData=[blockId=conID: 3 locID: 102666070449390247 bcsId: 0,size=3145728]} | ret=SUCCESS |  
2019-08-23 11:31:52,909 [grpc-default-executor-0] INFO  client.GrpcClientProtocolClient (GrpcClientProtocolClient.java:onNext(255)) - client-C9E345EC67ED->244f13ac-34be-4c4e-8e45-0c0272edbbb2: receive RaftClientReply:client-C9E345EC67ED->244f13ac-34be-4c4e-8e45-0c0272edbbb2@group-FE77C852EF02, cid=3357, SUCCESS, logIndex=5047, commits[244f13ac-34be-4c4e-8e45-0c0272edbbb2:c5048, 6287e41a-5356-4f55-84f2-270816d53e84:c5046, a2c18d3d-e79d-47c9-88fe-d8a1d195302b:c5046]
2019-08-23 11:31:52,909 [grpc-default-executor-0] INFO  client.GrpcClientProtocolClient (GrpcClientProtocolClient.java:onNext(255)) - client-C9E345EC67ED->244f13ac-34be-4c4e-8e45-0c0272edbbb2: receive RaftClientReply:client-C9E345EC67ED->244f13ac-34be-4c4e-8e45-0c0272edbbb2@group-FE77C852EF02, cid=3358, SUCCESS, logIndex=5048, commits[244f13ac-34be-4c4e-8e45-0c0272edbbb2:c5048, 6287e41a-5356-4f55-84f2-270816d53e84:c5046, a2c18d3d-e79d-47c9-88fe-d8a1d195302b:c5046]
2019-08-23 11:31:52,916 | INFO  | DNAudit | user=null | ip=null | op=WRITE_CHUNK {blockData=conID: 3 locID: 102666070449390247 bcsId: 5048} | ret=SUCCESS |  
2019-08-23 11:31:52,918 | INFO  | DNAudit | user=null | ip=null | op=WRITE_CHUNK {blockData=conID: 3 locID: 102666070449390247 bcsId: 5048} | ret=SUCCESS |  
2019-08-23 11:31:52,918 | INFO  | DNAudit | user=null | ip=null | op=WRITE_CHUNK {blockData=conID: 3 locID: 102666070449390247 bcsId: 5048} | ret=SUCCESS |  
2019-08-23 11:31:52,919 | INFO  | DNAudit | user=null | ip=null | op=WRITE_CHUNK {blockData=conID: 3 locID: 102666070449390247 bcsId: 5042} | ret=SUCCESS |  
2019-08-23 11:31:52,919 | INFO  | DNAudit | user=null | ip=null | op=WRITE_CHUNK {blockData=conID: 3 locID: 102666070449390247 bcsId: 5042} | ret=SUCCESS |  
2019-08-23 11:31:52,921 | INFO  | DNAudit | user=null | ip=null | op=PUT_BLOCK {blockData=[blockId=conID: 3 locID: 102666070449390247 bcsId: 0,size=3145728]} | ret=SUCCESS |  
2019-08-23 11:31:52,921 | INFO  | DNAudit | user=null | ip=null | op=PUT_BLOCK {blockData=[blockId=conID: 3 locID: 102666070449390247 bcsId: 0,size=3145728]} | ret=SUCCESS |  
2019-08-23 11:31:52,922 | INFO  | DNAudit | user=null | ip=null | op=WRITE_CHUNK {blockData=conID: 3 locID: 102666070449390247 bcsId: 5048} | ret=SUCCESS |  
2019-08-23 11:31:52,922 | INFO  | DNAudit | user=null | ip=null | op=PUT_BLOCK {blockData=[blockId=conID: 3 locID: 102666070449390247 bcsId: 0,size=4194304]} | ret=SUCCESS |  
2019-08-23 11:31:52,922 [grpc-default-executor-4] INFO  client.GrpcClientProtocolClient (GrpcClientProtocolClient.java:onNext(255)) - client-C9E345EC67ED->244f13ac-34be-4c4e-8e45-0c0272edbbb2: receive RaftClientReply:client-C9E345EC67ED->244f13ac-34be-4c4e-8e45-0c0272edbbb2@group-FE77C852EF02, cid=3359, SUCCESS, logIndex=5051, commits[244f13ac-34be-4c4e-8e45-0c0272edbbb2:c5052, 6287e41a-5356-4f55-84f2-270816d53e84:c5048, a2c18d3d-e79d-47c9-88fe-d8a1d195302b:c5048]
2019-08-23 11:31:52,923 [grpc-default-executor-4] INFO  client.GrpcClientProtocolClient (GrpcClientProtocolClient.java:onNext(255)) - client-C9E345EC67ED->244f13ac-34be-4c4e-8e45-0c0272edbbb2: receive RaftClientReply:client-C9E345EC67ED->244f13ac-34be-4c4e-8e45-0c0272edbbb2@group-FE77C852EF02, cid=3360, SUCCESS, logIndex=5052, commits[244f13ac-34be-4c4e-8e45-0c0272edbbb2:c5052, 6287e41a-5356-4f55-84f2-270816d53e84:c5048, a2c18d3d-e79d-47c9-88fe-d8a1d195302b:c5048]
2019-08-23 11:31:52,941 [grpc-default-executor-4] INFO  client.GrpcClientProtocolClient (GrpcClientProtocolClient.java:onNext(255)) - client-C9E345EC67ED->244f13ac-34be-4c4e-8e45-0c0272edbbb2: receive RaftClientReply:client-C9E345EC67ED->244f13ac-34be-4c4e-8e45-0c0272edbbb2@group-FE77C852EF02, cid=3361, SUCCESS, logIndex=0, commits[244f13ac-34be-4c4e-8e45-0c0272edbbb2:c5053, 6287e41a-5356-4f55-84f2-270816d53e84:c5052, a2c18d3d-e79d-47c9-88fe-d8a1d195302b:c5052]
2019-08-23 11:31:52,943 | INFO  | DNAudit | user=null | ip=null | op=WRITE_CHUNK {blockData=conID: 3 locID: 102666070449390247 bcsId: 5048} | ret=SUCCESS |  
2019-08-23 11:31:52,943 | INFO  | DNAudit | user=null | ip=null | op=WRITE_CHUNK {blockData=conID: 3 locID: 102666070449390247 bcsId: 5048} | ret=SUCCESS |  
2019-08-23 11:31:52,944 | INFO  | DNAudit | user=null | ip=null | op=PUT_BLOCK {blockData=[blockId=conID: 3 locID: 102666070449390247 bcsId: 0,size=4194304]} | ret=SUCCESS |  
2019-08-23 11:31:52,944 | INFO  | DNAudit | user=null | ip=null | op=PUT_BLOCK {blockData=[blockId=conID: 3 locID: 102666070449390247 bcsId: 0,size=4194304]} | ret=SUCCESS |  
2019-08-23 11:31:52,947 | INFO  | SCMAudit | user=jenkins1000 | ip=192.168.5.185 | op=ALLOCATE_BLOCK {owner=00a23185-76ea-47b5-a641-ad3cfbe5521a, size=4194304, type=RATIS, factor=THREE} | ret=SUCCESS |  
2019-08-23 11:31:52,951 | INFO  | OMAudit | user=jenkins1000 | ip=127.0.0.1 | op=ALLOCATE_BLOCK {volume=vol-0-37508, bucket=bucket-0-50919, key=key-0-57313, dataSize=0, replicationType=null, replicationFactor=null, keyLocationInfo=null, clientID=102666068570931602} | ret=SUCCESS |  
2019-08-23 11:31:52,957 | INFO  | DNAudit | user=null | ip=null | op=WRITE_CHUNK {blockData=conID: 1 locID: 102666070454895272 bcsId: 0} | ret=SUCCESS |  
2019-08-23 11:31:52,959 | INFO  | DNAudit | user=null | ip=null | op=WRITE_CHUNK {blockData=conID: 1 locID: 102666070454895272 bcsId: 0} | ret=SUCCESS |  
2019-08-23 11:31:52,960 | INFO  | DNAudit | user=null | ip=null | op=WRITE_CHUNK {blockData=conID: 1 locID: 102666070454895272 bcsId: 0} | ret=SUCCESS |  
2019-08-23 11:31:52,961 | INFO  | DNAudit | user=null | ip=null | op=WRITE_CHUNK {blockData=conID: 1 locID: 102666070454895272 bcsId: 0} | ret=SUCCESS |  
2019-08-23 11:31:52,962 | INFO  | DNAudit | user=null | ip=null | op=WRITE_CHUNK {blockData=conID: 1 locID: 102666070454895272 bcsId: 0} | ret=SUCCESS |  
2019-08-23 11:31:52,962 | INFO  | DNAudit | user=null | ip=null | op=WRITE_CHUNK {blockData=conID: 1 locID: 102666070454895272 bcsId: 0} | ret=SUCCESS |  
2019-08-23 11:31:52,969 | INFO  | DNAudit | user=null | ip=null | op=WRITE_CHUNK {blockData=conID: 1 locID: 102666070454895272 bcsId: 0} | ret=SUCCESS |  
2019-08-23 11:31:52,969 | INFO  | DNAudit | user=null | ip=null | op=PUT_BLOCK {blockData=[blockId=conID: 1 locID: 102666070454895272 bcsId: 0,size=1048576]} | ret=SUCCESS |  
2019-08-23 11:31:52,970 | INFO  | DNAudit | user=null | ip=null | op=WRITE_CHUNK {blockData=conID: 1 locID: 102666070454895272 bcsId: 0} | ret=SUCCESS |  
2019-08-23 11:31:52,970 [grpc-default-executor-2] INFO  client.GrpcClientProtocolClient (GrpcClientProtocolClient.java:onNext(255)) - client-C9E345EC67ED->244f13ac-34be-4c4e-8e45-0c0272edbbb2: receive RaftClientReply:client-C9E345EC67ED->244f13ac-34be-4c4e-8e45-0c0272edbbb2@group-FE77C852EF02, cid=3362, SUCCESS, logIndex=5055, commits[244f13ac-34be-4c4e-8e45-0c0272edbbb2:c5056, 6287e41a-5356-4f55-84f2-270816d53e84:c5054, a2c18d3d-e79d-47c9-88fe-d8a1d195302b:c5054]
2019-08-23 11:31:52,970 | INFO  | DNAudit | user=null | ip=null | op=WRITE_CHUNK {blockData=conID: 1 locID: 102666070454895272 bcsId: 0} | ret=SUCCESS |  
2019-08-23 11:31:52,970 | INFO  | DNAudit | user=null | ip=null | op=PUT_BLOCK {blockData=[blockId=conID: 1 locID: 102666070454895272 bcsId: 0,size=2097152]} | ret=SUCCESS |  
2019-08-23 11:31:52,971 [grpc-default-executor-2] INFO  client.GrpcClientProtocolClient (GrpcClientProtocolClient.java:onNext(255)) - client-C9E345EC67ED->244f13ac-34be-4c4e-8e45-0c0272edbbb2: receive RaftClientReply:client-C9E345EC67ED->244f13ac-34be-4c4e-8e45-0c0272edbbb2@group-FE77C852EF02, cid=3363, SUCCESS, logIndex=5056, commits[244f13ac-34be-4c4e-8e45-0c0272edbbb2:c5058, 6287e41a-5356-4f55-84f2-270816d53e84:c5054, a2c18d3d-e79d-47c9-88fe-d8a1d195302b:c5054]
2019-08-23 11:31:52,971 [grpc-default-executor-2] INFO  client.GrpcClientProtocolClient (GrpcClientProtocolClient.java:onNext(255)) - client-C9E345EC67ED->244f13ac-34be-4c4e-8e45-0c0272edbbb2: receive RaftClientReply:client-C9E345EC67ED->244f13ac-34be-4c4e-8e45-0c0272edbbb2@group-FE77C852EF02, cid=3364, SUCCESS, logIndex=5057, commits[244f13ac-34be-4c4e-8e45-0c0272edbbb2:c5058, 6287e41a-5356-4f55-84f2-270816d53e84:c5054, a2c18d3d-e79d-47c9-88fe-d8a1d195302b:c5054]
2019-08-23 11:31:52,971 [grpc-default-executor-2] INFO  client.GrpcClientProtocolClient (GrpcClientProtocolClient.java:onNext(255)) - client-C9E345EC67ED->244f13ac-34be-4c4e-8e45-0c0272edbbb2: receive RaftClientReply:client-C9E345EC67ED->244f13ac-34be-4c4e-8e45-0c0272edbbb2@group-FE77C852EF02, cid=3365, SUCCESS, logIndex=5058, commits[244f13ac-34be-4c4e-8e45-0c0272edbbb2:c5058, 6287e41a-5356-4f55-84f2-270816d53e84:c5055, a2c18d3d-e79d-47c9-88fe-d8a1d195302b:c5054]
2019-08-23 11:31:52,971 | INFO  | DNAudit | user=null | ip=null | op=PUT_BLOCK {blockData=[blockId=conID: 1 locID: 102666070454895272 bcsId: 0,size=1048576]} | ret=SUCCESS |  
2019-08-23 11:31:52,972 | INFO  | DNAudit | user=null | ip=null | op=WRITE_CHUNK {blockData=conID: 1 locID: 102666070454895272 bcsId: 0} | ret=SUCCESS |  
2019-08-23 11:31:52,972 | INFO  | DNAudit | user=null | ip=null | op=WRITE_CHUNK {blockData=conID: 1 locID: 102666070454895272 bcsId: 0} | ret=SUCCESS |  
2019-08-23 11:31:52,972 | INFO  | DNAudit | user=null | ip=null | op=PUT_BLOCK {blockData=[blockId=conID: 1 locID: 102666070454895272 bcsId: 0,size=1048576]} | ret=SUCCESS |  
2019-08-23 11:31:52,972 | INFO  | DNAudit | user=null | ip=null | op=WRITE_CHUNK {blockData=conID: 1 locID: 102666070454895272 bcsId: 0} | ret=SUCCESS |  
2019-08-23 11:31:52,972 | INFO  | DNAudit | user=null | ip=null | op=PUT_BLOCK {blockData=[blockId=conID: 1 locID: 102666070454895272 bcsId: 0,size=2097152]} | ret=SUCCESS |  
2019-08-23 11:31:52,972 | INFO  | DNAudit | user=null | ip=null | op=PUT_BLOCK {blockData=[blockId=conID: 1 locID: 102666070454895272 bcsId: 0,size=2097152]} | ret=SUCCESS |  
2019-08-23 11:31:52,972 [grpc-default-executor-2] INFO  client.GrpcClientProtocolClient (GrpcClientProtocolClient.java:onNext(255)) - client-C9E345EC67ED->244f13ac-34be-4c4e-8e45-0c0272edbbb2: receive RaftClientReply:client-C9E345EC67ED->244f13ac-34be-4c4e-8e45-0c0272edbbb2@group-FE77C852EF02, cid=3366, SUCCESS, logIndex=0, commits[244f13ac-34be-4c4e-8e45-0c0272edbbb2:c5061, 6287e41a-5356-4f55-84f2-270816d53e84:c5057, a2c18d3d-e79d-47c9-88fe-d8a1d195302b:c5056]
2019-08-23 11:31:52,979 | INFO  | DNAudit | user=null | ip=null | op=WRITE_CHUNK {blockData=conID: 1 locID: 102666070454895272 bcsId: 5058} | ret=SUCCESS |  
2019-08-23 11:31:52,980 | INFO  | DNAudit | user=null | ip=null | op=WRITE_CHUNK {blockData=conID: 1 locID: 102666070454895272 bcsId: 5058} | ret=SUCCESS |  
2019-08-23 11:31:52,981 | INFO  | DNAudit | user=null | ip=null | op=WRITE_CHUNK {blockData=conID: 1 locID: 102666070454895272 bcsId: 5058} | ret=SUCCESS |  
2019-08-23 11:31:52,991 | INFO  | DNAudit | user=null | ip=null | op=WRITE_CHUNK {blockData=conID: 1 locID: 102666070454895272 bcsId: 5058} | ret=SUCCESS |  
2019-08-23 11:31:52,991 | INFO  | DNAudit | user=null | ip=null | op=PUT_BLOCK {blockData=[blockId=conID: 1 locID: 102666070454895272 bcsId: 0,size=3145728]} | ret=SUCCESS |  
2019-08-23 11:31:52,991 [grpc-default-executor-0] INFO  client.GrpcClientProtocolClient (GrpcClientProtocolClient.java:onNext(255)) - client-C9E345EC67ED->244f13ac-34be-4c4e-8e45-0c0272edbbb2: receive RaftClientReply:client-C9E345EC67ED->244f13ac-34be-4c4e-8e45-0c0272edbbb2@group-FE77C852EF02, cid=3367, SUCCESS, logIndex=5063, commits[244f13ac-34be-4c4e-8e45-0c0272edbbb2:c5064, 6287e41a-5356-4f55-84f2-270816d53e84:c5062, a2c18d3d-e79d-47c9-88fe-d8a1d195302b:c5062]
2019-08-23 11:31:52,992 [grpc-default-executor-0] INFO  client.GrpcClientProtocolClient (GrpcClientProtocolClient.java:onNext(255)) - client-C9E345EC67ED->244f13ac-34be-4c4e-8e45-0c0272edbbb2: receive RaftClientReply:client-C9E345EC67ED->244f13ac-34be-4c4e-8e45-0c0272edbbb2@group-FE77C852EF02, cid=3368, SUCCESS, logIndex=5064, commits[244f13ac-34be-4c4e-8e45-0c0272edbbb2:c5064, 6287e41a-5356-4f55-84f2-270816d53e84:c5062, a2c18d3d-e79d-47c9-88fe-d8a1d195302b:c5062]
2019-08-23 11:31:52,997 | INFO  | DNAudit | user=null | ip=null | op=WRITE_CHUNK {blockData=conID: 1 locID: 102666070454895272 bcsId: 5064} | ret=SUCCESS |  
2019-08-23 11:31:53,000 | INFO  | DNAudit | user=null | ip=null | op=WRITE_CHUNK {blockData=conID: 1 locID: 102666070454895272 bcsId: 5064} | ret=SUCCESS |  
2019-08-23 11:31:53,000 | INFO  | DNAudit | user=null | ip=null | op=WRITE_CHUNK {blockData=conID: 1 locID: 102666070454895272 bcsId: 5064} | ret=SUCCESS |  
2019-08-23 11:31:53,003 | INFO  | DNAudit | user=null | ip=null | op=WRITE_CHUNK {blockData=conID: 1 locID: 102666070454895272 bcsId: 5058} | ret=SUCCESS |  
2019-08-23 11:31:53,003 | INFO  | DNAudit | user=null | ip=null | op=WRITE_CHUNK {blockData=conID: 1 locID: 102666070454895272 bcsId: 5058} | ret=SUCCESS |  
2019-08-23 11:31:53,005 | INFO  | DNAudit | user=null | ip=null | op=PUT_BLOCK {blockData=[blockId=conID: 1 locID: 102666070454895272 bcsId: 0,size=3145728]} | ret=SUCCESS |  
2019-08-23 11:31:53,005 | INFO  | DNAudit | user=null | ip=null | op=PUT_BLOCK {blockData=[blockId=conID: 1 locID: 102666070454895272 bcsId: 0,size=3145728]} | ret=SUCCESS |  
2019-08-23 11:31:53,006 | INFO  | DNAudit | user=null | ip=null | op=WRITE_CHUNK {blockData=conID: 1 locID: 102666070454895272 bcsId: 5064} | ret=SUCCESS |  
2019-08-23 11:31:53,006 | INFO  | DNAudit | user=null | ip=null | op=PUT_BLOCK {blockData=[blockId=conID: 1 locID: 102666070454895272 bcsId: 0,size=4194304]} | ret=SUCCESS |  
2019-08-23 11:31:53,006 [grpc-default-executor-0] INFO  client.GrpcClientProtocolClient (GrpcClientProtocolClient.java:onNext(255)) - client-C9E345EC67ED->244f13ac-34be-4c4e-8e45-0c0272edbbb2: receive RaftClientReply:client-C9E345EC67ED->244f13ac-34be-4c4e-8e45-0c0272edbbb2@group-FE77C852EF02, cid=3369, SUCCESS, logIndex=5067, commits[244f13ac-34be-4c4e-8e45-0c0272edbbb2:c5068, 6287e41a-5356-4f55-84f2-270816d53e84:c5064, a2c18d3d-e79d-47c9-88fe-d8a1d195302b:c5064]
2019-08-23 11:31:53,007 [grpc-default-executor-0] INFO  client.GrpcClientProtocolClient (GrpcClientProtocolClient.java:onNext(255)) - client-C9E345EC67ED->244f13ac-34be-4c4e-8e45-0c0272edbbb2: receive RaftClientReply:client-C9E345EC67ED->244f13ac-34be-4c4e-8e45-0c0272edbbb2@group-FE77C852EF02, cid=3370, SUCCESS, logIndex=5068, commits[244f13ac-34be-4c4e-8e45-0c0272edbbb2:c5068, 6287e41a-5356-4f55-84f2-270816d53e84:c5064, a2c18d3d-e79d-47c9-88fe-d8a1d195302b:c5064]
2019-08-23 11:31:53,017 | INFO  | DNAudit | user=null | ip=null | op=WRITE_CHUNK {blockData=conID: 1 locID: 102666070454895272 bcsId: 5064} | ret=SUCCESS |  
2019-08-23 11:31:53,017 | INFO  | DNAudit | user=null | ip=null | op=WRITE_CHUNK {blockData=conID: 1 locID: 102666070454895272 bcsId: 5064} | ret=SUCCESS |  
2019-08-23 11:31:53,020 | INFO  | DNAudit | user=null | ip=null | op=PUT_BLOCK {blockData=[blockId=conID: 1 locID: 102666070454895272 bcsId: 0,size=4194304]} | ret=SUCCESS |  
2019-08-23 11:31:53,020 | INFO  | DNAudit | user=null | ip=null | op=PUT_BLOCK {blockData=[blockId=conID: 1 locID: 102666070454895272 bcsId: 0,size=4194304]} | ret=SUCCESS |  
2019-08-23 11:31:53,020 [grpc-default-executor-0] INFO  client.GrpcClientProtocolClient (GrpcClientProtocolClient.java:onNext(255)) - client-C9E345EC67ED->244f13ac-34be-4c4e-8e45-0c0272edbbb2: receive RaftClientReply:client-C9E345EC67ED->244f13ac-34be-4c4e-8e45-0c0272edbbb2@group-FE77C852EF02, cid=3371, SUCCESS, logIndex=0, commits[244f13ac-34be-4c4e-8e45-0c0272edbbb2:c5070, 6287e41a-5356-4f55-84f2-270816d53e84:c5068, a2c18d3d-e79d-47c9-88fe-d8a1d195302b:c5068]
2019-08-23 11:31:53,025 | INFO  | SCMAudit | user=jenkins1000 | ip=192.168.5.185 | op=ALLOCATE_BLOCK {owner=00a23185-76ea-47b5-a641-ad3cfbe5521a, size=4194304, type=RATIS, factor=THREE} | ret=SUCCESS |  
2019-08-23 11:31:53,029 | INFO  | OMAudit | user=jenkins1000 | ip=127.0.0.1 | op=ALLOCATE_BLOCK {volume=vol-0-37508, bucket=bucket-0-50919, key=key-0-57313, dataSize=0, replicationType=null, replicationFactor=null, keyLocationInfo=null, clientID=102666068570931602} | ret=SUCCESS |  
2019-08-23 11:31:53,034 | INFO  | DNAudit | user=null | ip=null | op=WRITE_CHUNK {blockData=conID: 2 locID: 102666070460007081 bcsId: 0} | ret=SUCCESS |  
2019-08-23 11:31:53,036 | INFO  | DNAudit | user=null | ip=null | op=WRITE_CHUNK {blockData=conID: 2 locID: 102666070460007081 bcsId: 0} | ret=SUCCESS |  
2019-08-23 11:31:53,036 | INFO  | DNAudit | user=null | ip=null | op=WRITE_CHUNK {blockData=conID: 2 locID: 102666070460007081 bcsId: 0} | ret=SUCCESS |  
2019-08-23 11:31:53,037 | INFO  | DNAudit | user=null | ip=null | op=WRITE_CHUNK {blockData=conID: 2 locID: 102666070460007081 bcsId: 0} | ret=SUCCESS |  
2019-08-23 11:31:53,038 | INFO  | DNAudit | user=null | ip=null | op=WRITE_CHUNK {blockData=conID: 2 locID: 102666070460007081 bcsId: 0} | ret=SUCCESS |  
2019-08-23 11:31:53,038 | INFO  | DNAudit | user=null | ip=null | op=WRITE_CHUNK {blockData=conID: 2 locID: 102666070460007081 bcsId: 0} | ret=SUCCESS |  
2019-08-23 11:31:53,046 | INFO  | DNAudit | user=null | ip=null | op=WRITE_CHUNK {blockData=conID: 2 locID: 102666070460007081 bcsId: 0} | ret=SUCCESS |  
2019-08-23 11:31:53,047 | INFO  | DNAudit | user=null | ip=null | op=PUT_BLOCK {blockData=[blockId=conID: 2 locID: 102666070460007081 bcsId: 0,size=1048576]} | ret=SUCCESS |  
2019-08-23 11:31:53,047 [grpc-default-executor-0] INFO  client.GrpcClientProtocolClient (GrpcClientProtocolClient.java:onNext(255)) - client-C9E345EC67ED->244f13ac-34be-4c4e-8e45-0c0272edbbb2: receive RaftClientReply:client-C9E345EC67ED->244f13ac-34be-4c4e-8e45-0c0272edbbb2@group-FE77C852EF02, cid=3372, SUCCESS, logIndex=5071, commits[244f13ac-34be-4c4e-8e45-0c0272edbbb2:c5072, 6287e41a-5356-4f55-84f2-270816d53e84:c5070, a2c18d3d-e79d-47c9-88fe-d8a1d195302b:c5070]
2019-08-23 11:31:53,047 [grpc-default-executor-0] INFO  client.GrpcClientProtocolClient (GrpcClientProtocolClient.java:onNext(255)) - client-C9E345EC67ED->244f13ac-34be-4c4e-8e45-0c0272edbbb2: receive RaftClientReply:client-C9E345EC67ED->244f13ac-34be-4c4e-8e45-0c0272edbbb2@group-FE77C852EF02, cid=3373, SUCCESS, logIndex=5072, commits[244f13ac-34be-4c4e-8e45-0c0272edbbb2:c5072, 6287e41a-5356-4f55-84f2-270816d53e84:c5070, a2c18d3d-e79d-47c9-88fe-d8a1d195302b:c5070]
2019-08-23 11:31:53,058 | INFO  | DNAudit | user=null | ip=null | op=WRITE_CHUNK {blockData=conID: 2 locID: 102666070460007081 bcsId: 0} | ret=SUCCESS |  
2019-08-23 11:31:53,058 | INFO  | DNAudit | user=null | ip=null | op=PUT_BLOCK {blockData=[blockId=conID: 2 locID: 102666070460007081 bcsId: 0,size=2097152]} | ret=SUCCESS |  
2019-08-23 11:31:53,058 [grpc-default-executor-0] INFO  client.GrpcClientProtocolClient (GrpcClientProtocolClient.java:onNext(255)) - client-C9E345EC67ED->244f13ac-34be-4c4e-8e45-0c0272edbbb2: receive RaftClientReply:client-C9E345EC67ED->244f13ac-34be-4c4e-8e45-0c0272edbbb2@group-FE77C852EF02, cid=3374, SUCCESS, logIndex=5073, commits[244f13ac-34be-4c4e-8e45-0c0272edbbb2:c5074, 6287e41a-5356-4f55-84f2-270816d53e84:c5070, a2c18d3d-e79d-47c9-88fe-d8a1d195302b:c5070]
2019-08-23 11:31:53,058 [grpc-default-executor-0] INFO  client.GrpcClientProtocolClient (GrpcClientProtocolClient.java:onNext(255)) - client-C9E345EC67ED->244f13ac-34be-4c4e-8e45-0c0272edbbb2: receive RaftClientReply:client-C9E345EC67ED->244f13ac-34be-4c4e-8e45-0c0272edbbb2@group-FE77C852EF02, cid=3375, SUCCESS, logIndex=5074, commits[244f13ac-34be-4c4e-8e45-0c0272edbbb2:c5074, 6287e41a-5356-4f55-84f2-270816d53e84:c5070, a2c18d3d-e79d-47c9-88fe-d8a1d195302b:c5070]
2019-08-23 11:31:53,059 | INFO  | DNAudit | user=null | ip=null | op=WRITE_CHUNK {blockData=conID: 2 locID: 102666070460007081 bcsId: 0} | ret=SUCCESS |  
2019-08-23 11:31:53,059 | INFO  | DNAudit | user=null | ip=null | op=WRITE_CHUNK {blockData=conID: 2 locID: 102666070460007081 bcsId: 0} | ret=SUCCESS |  
2019-08-23 11:31:53,059 | INFO  | DNAudit | user=null | ip=null | op=PUT_BLOCK {blockData=[blockId=conID: 2 locID: 102666070460007081 bcsId: 0,size=1048576]} | ret=SUCCESS |  
2019-08-23 11:31:53,059 | INFO  | DNAudit | user=null | ip=null | op=PUT_BLOCK {blockData=[blockId=conID: 2 locID: 102666070460007081 bcsId: 0,size=1048576]} | ret=SUCCESS |  
2019-08-23 11:31:53,059 [grpc-default-executor-0] INFO  client.GrpcClientProtocolClient (GrpcClientProtocolClient.java:onNext(255)) - client-C9E345EC67ED->244f13ac-34be-4c4e-8e45-0c0272edbbb2: receive RaftClientReply:client-C9E345EC67ED->244f13ac-34be-4c4e-8e45-0c0272edbbb2@group-FE77C852EF02, cid=3376, SUCCESS, logIndex=0, commits[244f13ac-34be-4c4e-8e45-0c0272edbbb2:c5076, 6287e41a-5356-4f55-84f2-270816d53e84:c5072, a2c18d3d-e79d-47c9-88fe-d8a1d195302b:c5072]
2019-08-23 11:31:53,060 | INFO  | DNAudit | user=null | ip=null | op=WRITE_CHUNK {blockData=conID: 2 locID: 102666070460007081 bcsId: 0} | ret=SUCCESS |  
2019-08-23 11:31:53,060 | INFO  | DNAudit | user=null | ip=null | op=PUT_BLOCK {blockData=[blockId=conID: 2 locID: 102666070460007081 bcsId: 0,size=2097152]} | ret=SUCCESS |  
2019-08-23 11:31:53,060 | INFO  | DNAudit | user=null | ip=null | op=WRITE_CHUNK {blockData=conID: 2 locID: 102666070460007081 bcsId: 0} | ret=SUCCESS |  
2019-08-23 11:31:53,060 | INFO  | DNAudit | user=null | ip=null | op=PUT_BLOCK {blockData=[blockId=conID: 2 locID: 102666070460007081 bcsId: 0,size=2097152]} | ret=SUCCESS |  
2019-08-23 11:31:53,065 | INFO  | DNAudit | user=null | ip=null | op=WRITE_CHUNK {blockData=conID: 2 locID: 102666070460007081 bcsId: 5074} | ret=SUCCESS |  
2019-08-23 11:31:53,067 | INFO  | DNAudit | user=null | ip=null | op=WRITE_CHUNK {blockData=conID: 2 locID: 102666070460007081 bcsId: 5074} | ret=SUCCESS |  
2019-08-23 11:31:53,067 | INFO  | DNAudit | user=null | ip=null | op=WRITE_CHUNK {blockData=conID: 2 locID: 102666070460007081 bcsId: 5074} | ret=SUCCESS |  
2019-08-23 11:31:53,077 | INFO  | DNAudit | user=null | ip=null | op=WRITE_CHUNK {blockData=conID: 2 locID: 102666070460007081 bcsId: 5074} | ret=SUCCESS |  
2019-08-23 11:31:53,077 | INFO  | DNAudit | user=null | ip=null | op=PUT_BLOCK {blockData=[blockId=conID: 2 locID: 102666070460007081 bcsId: 0,size=3145728]} | ret=SUCCESS |  
2019-08-23 11:31:53,077 [grpc-default-executor-0] INFO  client.GrpcClientProtocolClient (GrpcClientProtocolClient.java:onNext(255)) - client-C9E345EC67ED->244f13ac-34be-4c4e-8e45-0c0272edbbb2: receive RaftClientReply:client-C9E345EC67ED->244f13ac-34be-4c4e-8e45-0c0272edbbb2@group-FE77C852EF02, cid=3377, SUCCESS, logIndex=5079, commits[244f13ac-34be-4c4e-8e45-0c0272edbbb2:c5080, 6287e41a-5356-4f55-84f2-270816d53e84:c5078, a2c18d3d-e79d-47c9-88fe-d8a1d195302b:c5078]
2019-08-23 11:31:53,078 [grpc-default-executor-0] INFO  client.GrpcClientProtocolClient (GrpcClientProtocolClient.java:onNext(255)) - client-C9E345EC67ED->244f13ac-34be-4c4e-8e45-0c0272edbbb2: receive RaftClientReply:client-C9E345EC67ED->244f13ac-34be-4c4e-8e45-0c0272edbbb2@group-FE77C852EF02, cid=3378, SUCCESS, logIndex=5080, commits[244f13ac-34be-4c4e-8e45-0c0272edbbb2:c5080, 6287e41a-5356-4f55-84f2-270816d53e84:c5078, a2c18d3d-e79d-47c9-88fe-d8a1d195302b:c5078]
2019-08-23 11:31:53,078 | INFO  | DNAudit | user=null | ip=null | op=WRITE_CHUNK {blockData=conID: 2 locID: 102666070460007081 bcsId: 5074} | ret=SUCCESS |  
2019-08-23 11:31:53,078 | INFO  | DNAudit | user=null | ip=null | op=WRITE_CHUNK {blockData=conID: 2 locID: 102666070460007081 bcsId: 5074} | ret=SUCCESS |  
2019-08-23 11:31:53,182 | INFO  | DNAudit | user=null | ip=null | op=PUT_BLOCK {blockData=[blockId=conID: 2 locID: 102666070460007081 bcsId: 0,size=3145728]} | ret=SUCCESS |  
2019-08-23 11:31:53,182 | INFO  | DNAudit | user=null | ip=null | op=PUT_BLOCK {blockData=[blockId=conID: 2 locID: 102666070460007081 bcsId: 0,size=3145728]} | ret=SUCCESS |  
2019-08-23 11:31:53,185 | INFO  | DNAudit | user=null | ip=null | op=WRITE_CHUNK {blockData=conID: 2 locID: 102666070460007081 bcsId: 5080} | ret=SUCCESS |  
2019-08-23 11:31:53,188 | INFO  | DNAudit | user=null | ip=null | op=WRITE_CHUNK {blockData=conID: 2 locID: 102666070460007081 bcsId: 5080} | ret=SUCCESS |  
2019-08-23 11:31:53,188 | INFO  | DNAudit | user=null | ip=null | op=WRITE_CHUNK {blockData=conID: 2 locID: 102666070460007081 bcsId: 5080} | ret=SUCCESS |  
2019-08-23 11:31:53,197 | INFO  | DNAudit | user=null | ip=null | op=WRITE_CHUNK {blockData=conID: 2 locID: 102666070460007081 bcsId: 5080} | ret=SUCCESS |  
2019-08-23 11:31:53,197 | INFO  | DNAudit | user=null | ip=null | op=PUT_BLOCK {blockData=[blockId=conID: 2 locID: 102666070460007081 bcsId: 0,size=4194304]} | ret=SUCCESS |  
2019-08-23 11:31:53,198 [grpc-default-executor-4] INFO  client.GrpcClientProtocolClient (GrpcClientProtocolClient.java:onNext(255)) - client-C9E345EC67ED->244f13ac-34be-4c4e-8e45-0c0272edbbb2: receive RaftClientReply:client-C9E345EC67ED->244f13ac-34be-4c4e-8e45-0c0272edbbb2@group-FE77C852EF02, cid=3379, SUCCESS, logIndex=5083, commits[244f13ac-34be-4c4e-8e45-0c0272edbbb2:c5084, 6287e41a-5356-4f55-84f2-270816d53e84:c5082, a2c18d3d-e79d-47c9-88fe-d8a1d195302b:c5082]
2019-08-23 11:31:53,198 | INFO  | DNAudit | user=null | ip=null | op=WRITE_CHUNK {blockData=conID: 2 locID: 102666070460007081 bcsId: 5080} | ret=SUCCESS |  
2019-08-23 11:31:53,198 [grpc-default-executor-4] INFO  client.GrpcClientProtocolClient (GrpcClientProtocolClient.java:onNext(255)) - client-C9E345EC67ED->244f13ac-34be-4c4e-8e45-0c0272edbbb2: receive RaftClientReply:client-C9E345EC67ED->244f13ac-34be-4c4e-8e45-0c0272edbbb2@group-FE77C852EF02, cid=3380, SUCCESS, logIndex=5084, commits[244f13ac-34be-4c4e-8e45-0c0272edbbb2:c5084, 6287e41a-5356-4f55-84f2-270816d53e84:c5082, a2c18d3d-e79d-47c9-88fe-d8a1d195302b:c5082]
2019-08-23 11:31:53,198 | INFO  | DNAudit | user=null | ip=null | op=WRITE_CHUNK {blockData=conID: 2 locID: 102666070460007081 bcsId: 5080} | ret=SUCCESS |  
2019-08-23 11:31:53,199 | INFO  | DNAudit | user=null | ip=null | op=PUT_BLOCK {blockData=[blockId=conID: 2 locID: 102666070460007081 bcsId: 0,size=4194304]} | ret=SUCCESS |  
2019-08-23 11:31:53,199 | INFO  | DNAudit | user=null | ip=null | op=PUT_BLOCK {blockData=[blockId=conID: 2 locID: 102666070460007081 bcsId: 0,size=4194304]} | ret=SUCCESS |  
2019-08-23 11:31:53,200 [grpc-default-executor-0] INFO  client.GrpcClientProtocolClient (GrpcClientProtocolClient.java:onNext(255)) - client-C9E345EC67ED->244f13ac-34be-4c4e-8e45-0c0272edbbb2: receive RaftClientReply:client-C9E345EC67ED->244f13ac-34be-4c4e-8e45-0c0272edbbb2@group-FE77C852EF02, cid=3381, SUCCESS, logIndex=0, commits[244f13ac-34be-4c4e-8e45-0c0272edbbb2:c5086, 6287e41a-5356-4f55-84f2-270816d53e84:c5084, a2c18d3d-e79d-47c9-88fe-d8a1d195302b:c5084]
2019-08-23 11:31:53,205 | INFO  | SCMAudit | user=jenkins1000 | ip=192.168.5.185 | op=ALLOCATE_BLOCK {owner=00a23185-76ea-47b5-a641-ad3cfbe5521a, size=4194304, type=RATIS, factor=THREE} | ret=SUCCESS |  
2019-08-23 11:31:53,208 | INFO  | OMAudit | user=jenkins1000 | ip=127.0.0.1 | op=ALLOCATE_BLOCK {volume=vol-0-37508, bucket=bucket-0-50919, key=key-0-57313, dataSize=0, replicationType=null, replicationFactor=null, keyLocationInfo=null, clientID=102666068570931602} | ret=SUCCESS |  
2019-08-23 11:31:53,215 | INFO  | DNAudit | user=null | ip=null | op=WRITE_CHUNK {blockData=conID: 3 locID: 102666070471803562 bcsId: 0} | ret=SUCCESS |  
2019-08-23 11:31:53,217 | INFO  | DNAudit | user=null | ip=null | op=WRITE_CHUNK {blockData=conID: 3 locID: 102666070471803562 bcsId: 0} | ret=SUCCESS |  
2019-08-23 11:31:53,218 | INFO  | DNAudit | user=null | ip=null | op=WRITE_CHUNK {blockData=conID: 3 locID: 102666070471803562 bcsId: 0} | ret=SUCCESS |  
2019-08-23 11:31:53,218 | INFO  | DNAudit | user=null | ip=null | op=WRITE_CHUNK {blockData=conID: 3 locID: 102666070471803562 bcsId: 0} | ret=SUCCESS |  
2019-08-23 11:31:53,220 | INFO  | DNAudit | user=null | ip=null | op=WRITE_CHUNK {blockData=conID: 3 locID: 102666070471803562 bcsId: 0} | ret=SUCCESS |  
2019-08-23 11:31:53,220 | INFO  | DNAudit | user=null | ip=null | op=WRITE_CHUNK {blockData=conID: 3 locID: 102666070471803562 bcsId: 0} | ret=SUCCESS |  
2019-08-23 11:31:53,231 | INFO  | DNAudit | user=null | ip=null | op=WRITE_CHUNK {blockData=conID: 3 locID: 102666070471803562 bcsId: 0} | ret=SUCCESS |  
2019-08-23 11:31:53,232 | INFO  | DNAudit | user=null | ip=null | op=PUT_BLOCK {blockData=[blockId=conID: 3 locID: 102666070471803562 bcsId: 0,size=1048576]} | ret=SUCCESS |  
2019-08-23 11:31:53,232 [grpc-default-executor-0] INFO  client.GrpcClientProtocolClient (GrpcClientProtocolClient.java:onNext(255)) - client-C9E345EC67ED->244f13ac-34be-4c4e-8e45-0c0272edbbb2: receive RaftClientReply:client-C9E345EC67ED->244f13ac-34be-4c4e-8e45-0c0272edbbb2@group-FE77C852EF02, cid=3382, SUCCESS, logIndex=5087, commits[244f13ac-34be-4c4e-8e45-0c0272edbbb2:c5088, 6287e41a-5356-4f55-84f2-270816d53e84:c5086, a2c18d3d-e79d-47c9-88fe-d8a1d195302b:c5086]
2019-08-23 11:31:53,232 | INFO  | DNAudit | user=null | ip=null | op=WRITE_CHUNK {blockData=conID: 3 locID: 102666070471803562 bcsId: 0} | ret=SUCCESS |  
2019-08-23 11:31:53,233 [grpc-default-executor-0] INFO  client.GrpcClientProtocolClient (GrpcClientProtocolClient.java:onNext(255)) - client-C9E345EC67ED->244f13ac-34be-4c4e-8e45-0c0272edbbb2: receive RaftClientReply:client-C9E345EC67ED->244f13ac-34be-4c4e-8e45-0c0272edbbb2@group-FE77C852EF02, cid=3383, SUCCESS, logIndex=5088, commits[244f13ac-34be-4c4e-8e45-0c0272edbbb2:c5090, 6287e41a-5356-4f55-84f2-270816d53e84:c5086, a2c18d3d-e79d-47c9-88fe-d8a1d195302b:c5086]
2019-08-23 11:31:53,233 | INFO  | DNAudit | user=null | ip=null | op=PUT_BLOCK {blockData=[blockId=conID: 3 locID: 102666070471803562 bcsId: 0,size=2097152]} | ret=SUCCESS |  
2019-08-23 11:31:53,233 [grpc-default-executor-0] INFO  client.GrpcClientProtocolClient (GrpcClientProtocolClient.java:onNext(255)) - client-C9E345EC67ED->244f13ac-34be-4c4e-8e45-0c0272edbbb2: receive RaftClientReply:client-C9E345EC67ED->244f13ac-34be-4c4e-8e45-0c0272edbbb2@group-FE77C852EF02, cid=3384, SUCCESS, logIndex=5089, commits[244f13ac-34be-4c4e-8e45-0c0272edbbb2:c5090, 6287e41a-5356-4f55-84f2-270816d53e84:c5086, a2c18d3d-e79d-47c9-88fe-d8a1d195302b:c5086]
2019-08-23 11:31:53,233 [grpc-default-executor-0] INFO  client.GrpcClientProtocolClient (GrpcClientProtocolClient.java:onNext(255)) - client-C9E345EC67ED->244f13ac-34be-4c4e-8e45-0c0272edbbb2: receive RaftClientReply:client-C9E345EC67ED->244f13ac-34be-4c4e-8e45-0c0272edbbb2@group-FE77C852EF02, cid=3385, SUCCESS, logIndex=5090, commits[244f13ac-34be-4c4e-8e45-0c0272edbbb2:c5090, 6287e41a-5356-4f55-84f2-270816d53e84:c5086, a2c18d3d-e79d-47c9-88fe-d8a1d195302b:c5086]
2019-08-23 11:31:53,243 | INFO  | DNAudit | user=null | ip=null | op=WRITE_CHUNK {blockData=conID: 3 locID: 102666070471803562 bcsId: 0} | ret=SUCCESS |  
2019-08-23 11:31:53,244 | INFO  | DNAudit | user=null | ip=null | op=PUT_BLOCK {blockData=[blockId=conID: 3 locID: 102666070471803562 bcsId: 0,size=1048576]} | ret=SUCCESS |  
2019-08-23 11:31:53,244 | INFO  | DNAudit | user=null | ip=null | op=WRITE_CHUNK {blockData=conID: 3 locID: 102666070471803562 bcsId: 0} | ret=SUCCESS |  
2019-08-23 11:31:53,244 | INFO  | DNAudit | user=null | ip=null | op=PUT_BLOCK {blockData=[blockId=conID: 3 locID: 102666070471803562 bcsId: 0,size=1048576]} | ret=SUCCESS |  
2019-08-23 11:31:53,245 | INFO  | DNAudit | user=null | ip=null | op=WRITE_CHUNK {blockData=conID: 3 locID: 102666070471803562 bcsId: 0} | ret=SUCCESS |  
2019-08-23 11:31:53,245 | INFO  | DNAudit | user=null | ip=null | op=WRITE_CHUNK {blockData=conID: 3 locID: 102666070471803562 bcsId: 0} | ret=SUCCESS |  
2019-08-23 11:31:53,245 | INFO  | DNAudit | user=null | ip=null | op=PUT_BLOCK {blockData=[blockId=conID: 3 locID: 102666070471803562 bcsId: 0,size=2097152]} | ret=SUCCESS |  
2019-08-23 11:31:53,245 [grpc-default-executor-2] INFO  client.GrpcClientProtocolClient (GrpcClientProtocolClient.java:onNext(255)) - client-C9E345EC67ED->244f13ac-34be-4c4e-8e45-0c0272edbbb2: receive RaftClientReply:client-C9E345EC67ED->244f13ac-34be-4c4e-8e45-0c0272edbbb2@group-FE77C852EF02, cid=3386, SUCCESS, logIndex=0, commits[244f13ac-34be-4c4e-8e45-0c0272edbbb2:c5091, 6287e41a-5356-4f55-84f2-270816d53e84:c5088, a2c18d3d-e79d-47c9-88fe-d8a1d195302b:c5088]
2019-08-23 11:31:53,245 | INFO  | DNAudit | user=null | ip=null | op=PUT_BLOCK {blockData=[blockId=conID: 3 locID: 102666070471803562 bcsId: 0,size=2097152]} | ret=SUCCESS |  
2019-08-23 11:31:53,252 | INFO  | DNAudit | user=null | ip=null | op=WRITE_CHUNK {blockData=conID: 3 locID: 102666070471803562 bcsId: 5090} | ret=SUCCESS |  
2019-08-23 11:31:53,253 | INFO  | DNAudit | user=null | ip=null | op=WRITE_CHUNK {blockData=conID: 3 locID: 102666070471803562 bcsId: 5090} | ret=SUCCESS |  
2019-08-23 11:31:53,254 | INFO  | DNAudit | user=null | ip=null | op=WRITE_CHUNK {blockData=conID: 3 locID: 102666070471803562 bcsId: 5090} | ret=SUCCESS |  
2019-08-23 11:31:53,262 | INFO  | DNAudit | user=null | ip=null | op=WRITE_CHUNK {blockData=conID: 3 locID: 102666070471803562 bcsId: 5090} | ret=SUCCESS |  
2019-08-23 11:31:53,263 | INFO  | DNAudit | user=null | ip=null | op=PUT_BLOCK {blockData=[blockId=conID: 3 locID: 102666070471803562 bcsId: 0,size=3145728]} | ret=SUCCESS |  
2019-08-23 11:31:53,263 [grpc-default-executor-4] INFO  client.GrpcClientProtocolClient (GrpcClientProtocolClient.java:onNext(255)) - client-C9E345EC67ED->244f13ac-34be-4c4e-8e45-0c0272edbbb2: receive RaftClientReply:client-C9E345EC67ED->244f13ac-34be-4c4e-8e45-0c0272edbbb2@group-FE77C852EF02, cid=3387, SUCCESS, logIndex=5094, commits[244f13ac-34be-4c4e-8e45-0c0272edbbb2:c5095, 6287e41a-5356-4f55-84f2-270816d53e84:c5093, a2c18d3d-e79d-47c9-88fe-d8a1d195302b:c5093]
2019-08-23 11:31:53,263 [grpc-default-executor-4] INFO  client.GrpcClientProtocolClient (GrpcClientProtocolClient.java:onNext(255)) - client-C9E345EC67ED->244f13ac-34be-4c4e-8e45-0c0272edbbb2: receive RaftClientReply:client-C9E345EC67ED->244f13ac-34be-4c4e-8e45-0c0272edbbb2@group-FE77C852EF02, cid=3388, SUCCESS, logIndex=5095, commits[244f13ac-34be-4c4e-8e45-0c0272edbbb2:c5095, 6287e41a-5356-4f55-84f2-270816d53e84:c5093, a2c18d3d-e79d-47c9-88fe-d8a1d195302b:c5093]
2019-08-23 11:31:53,263 | INFO  | DNAudit | user=null | ip=null | op=WRITE_CHUNK {blockData=conID: 3 locID: 102666070471803562 bcsId: 5090} | ret=SUCCESS |  
2019-08-23 11:31:53,264 | INFO  | DNAudit | user=null | ip=null | op=WRITE_CHUNK {blockData=conID: 3 locID: 102666070471803562 bcsId: 5090} | ret=SUCCESS |  
2019-08-23 11:31:53,264 | INFO  | DNAudit | user=null | ip=null | op=PUT_BLOCK {blockData=[blockId=conID: 3 locID: 102666070471803562 bcsId: 0,size=3145728]} | ret=SUCCESS |  
2019-08-23 11:31:53,264 | INFO  | DNAudit | user=null | ip=null | op=PUT_BLOCK {blockData=[blockId=conID: 3 locID: 102666070471803562 bcsId: 0,size=3145728]} | ret=SUCCESS |  
2019-08-23 11:31:53,279 | INFO  | DNAudit | user=null | ip=null | op=WRITE_CHUNK {blockData=conID: 3 locID: 102666070471803562 bcsId: 5095} | ret=SUCCESS |  
2019-08-23 11:31:53,279 | INFO  | DNAudit | user=null | ip=null | op=WRITE_CHUNK {blockData=conID: 3 locID: 102666070471803562 bcsId: 5095} | ret=SUCCESS |  
2019-08-23 11:31:53,279 | INFO  | DNAudit | user=null | ip=null | op=WRITE_CHUNK {blockData=conID: 3 locID: 102666070471803562 bcsId: 5095} | ret=SUCCESS |  
2019-08-23 11:31:53,292 | INFO  | DNAudit | user=null | ip=null | op=WRITE_CHUNK {blockData=conID: 3 locID: 102666070471803562 bcsId: 5095} | ret=SUCCESS |  
2019-08-23 11:31:53,292 | INFO  | DNAudit | user=null | ip=null | op=PUT_BLOCK {blockData=[blockId=conID: 3 locID: 102666070471803562 bcsId: 0,size=4194304]} | ret=SUCCESS |  
2019-08-23 11:31:53,292 [grpc-default-executor-4] INFO  client.GrpcClientProtocolClient (GrpcClientProtocolClient.java:onNext(255)) - client-C9E345EC67ED->244f13ac-34be-4c4e-8e45-0c0272edbbb2: receive RaftClientReply:client-C9E345EC67ED->244f13ac-34be-4c4e-8e45-0c0272edbbb2@group-FE77C852EF02, cid=3389, SUCCESS, logIndex=5098, commits[244f13ac-34be-4c4e-8e45-0c0272edbbb2:c5099, 6287e41a-5356-4f55-84f2-270816d53e84:c5097, a2c18d3d-e79d-47c9-88fe-d8a1d195302b:c5097]
2019-08-23 11:31:53,293 [grpc-default-executor-4] INFO  client.GrpcClientProtocolClient (GrpcClientProtocolClient.java:onNext(255)) - client-C9E345EC67ED->244f13ac-34be-4c4e-8e45-0c0272edbbb2: receive RaftClientReply:client-C9E345EC67ED->244f13ac-34be-4c4e-8e45-0c0272edbbb2@group-FE77C852EF02, cid=3390, SUCCESS, logIndex=5099, commits[244f13ac-34be-4c4e-8e45-0c0272edbbb2:c5099, 6287e41a-5356-4f55-84f2-270816d53e84:c5097, a2c18d3d-e79d-47c9-88fe-d8a1d195302b:c5097]
2019-08-23 11:31:53,293 | INFO  | DNAudit | user=null | ip=null | op=WRITE_CHUNK {blockData=conID: 3 locID: 102666070471803562 bcsId: 5095} | ret=SUCCESS |  
2019-08-23 11:31:53,293 | INFO  | DNAudit | user=null | ip=null | op=PUT_BLOCK {blockData=[blockId=conID: 3 locID: 102666070471803562 bcsId: 0,size=4194304]} | ret=SUCCESS |  
2019-08-23 11:31:53,293 | INFO  | DNAudit | user=null | ip=null | op=WRITE_CHUNK {blockData=conID: 3 locID: 102666070471803562 bcsId: 5095} | ret=SUCCESS |  
2019-08-23 11:31:53,293 | INFO  | DNAudit | user=null | ip=null | op=PUT_BLOCK {blockData=[blockId=conID: 3 locID: 102666070471803562 bcsId: 0,size=4194304]} | ret=SUCCESS |  
2019-08-23 11:31:53,294 [grpc-default-executor-4] INFO  client.GrpcClientProtocolClient (GrpcClientProtocolClient.java:onNext(255)) - client-C9E345EC67ED->244f13ac-34be-4c4e-8e45-0c0272edbbb2: receive RaftClientReply:client-C9E345EC67ED->244f13ac-34be-4c4e-8e45-0c0272edbbb2@group-FE77C852EF02, cid=3391, SUCCESS, logIndex=0, commits[244f13ac-34be-4c4e-8e45-0c0272edbbb2:c5100, 6287e41a-5356-4f55-84f2-270816d53e84:c5099, a2c18d3d-e79d-47c9-88fe-d8a1d195302b:c5099]
2019-08-23 11:31:53,299 | INFO  | SCMAudit | user=jenkins1000 | ip=192.168.5.185 | op=ALLOCATE_BLOCK {owner=00a23185-76ea-47b5-a641-ad3cfbe5521a, size=4194304, type=RATIS, factor=THREE} | ret=SUCCESS |  
2019-08-23 11:31:53,303 | INFO  | OMAudit | user=jenkins1000 | ip=127.0.0.1 | op=ALLOCATE_BLOCK {volume=vol-0-37508, bucket=bucket-0-50919, key=key-0-57313, dataSize=0, replicationType=null, replicationFactor=null, keyLocationInfo=null, clientID=102666068570931602} | ret=SUCCESS |  
2019-08-23 11:31:53,309 | INFO  | DNAudit | user=null | ip=null | op=WRITE_CHUNK {blockData=conID: 1 locID: 102666070477963947 bcsId: 0} | ret=SUCCESS |  
2019-08-23 11:31:53,312 | INFO  | DNAudit | user=null | ip=null | op=WRITE_CHUNK {blockData=conID: 1 locID: 102666070477963947 bcsId: 0} | ret=SUCCESS |  
2019-08-23 11:31:53,312 | INFO  | DNAudit | user=null | ip=null | op=WRITE_CHUNK {blockData=conID: 1 locID: 102666070477963947 bcsId: 0} | ret=SUCCESS |  
2019-08-23 11:31:53,312 | INFO  | DNAudit | user=null | ip=null | op=WRITE_CHUNK {blockData=conID: 1 locID: 102666070477963947 bcsId: 0} | ret=SUCCESS |  
2019-08-23 11:31:53,314 | INFO  | DNAudit | user=null | ip=null | op=WRITE_CHUNK {blockData=conID: 1 locID: 102666070477963947 bcsId: 0} | ret=SUCCESS |  
2019-08-23 11:31:53,314 | INFO  | DNAudit | user=null | ip=null | op=WRITE_CHUNK {blockData=conID: 1 locID: 102666070477963947 bcsId: 0} | ret=SUCCESS |  
2019-08-23 11:31:53,317 | INFO  | DNAudit | user=null | ip=null | op=WRITE_CHUNK {blockData=conID: 1 locID: 102666070477963947 bcsId: 0} | ret=SUCCESS |  
2019-08-23 11:31:53,317 | INFO  | DNAudit | user=null | ip=null | op=PUT_BLOCK {blockData=[blockId=conID: 1 locID: 102666070477963947 bcsId: 0,size=1048576]} | ret=SUCCESS |  
2019-08-23 11:31:53,317 [grpc-default-executor-0] INFO  client.GrpcClientProtocolClient (GrpcClientProtocolClient.java:onNext(255)) - client-C9E345EC67ED->244f13ac-34be-4c4e-8e45-0c0272edbbb2: receive RaftClientReply:client-C9E345EC67ED->244f13ac-34be-4c4e-8e45-0c0272edbbb2@group-FE77C852EF02, cid=3392, SUCCESS, logIndex=5102, commits[244f13ac-34be-4c4e-8e45-0c0272edbbb2:c5103, 6287e41a-5356-4f55-84f2-270816d53e84:c5101, a2c18d3d-e79d-47c9-88fe-d8a1d195302b:c5101]
2019-08-23 11:31:53,318 | INFO  | DNAudit | user=null | ip=null | op=WRITE_CHUNK {blockData=conID: 1 locID: 102666070477963947 bcsId: 0} | ret=SUCCESS |  
2019-08-23 11:31:53,318 | INFO  | DNAudit | user=null | ip=null | op=PUT_BLOCK {blockData=[blockId=conID: 1 locID: 102666070477963947 bcsId: 0,size=1048576]} | ret=SUCCESS |  
2019-08-23 11:31:53,318 [grpc-default-executor-0] INFO  client.GrpcClientProtocolClient (GrpcClientProtocolClient.java:onNext(255)) - client-C9E345EC67ED->244f13ac-34be-4c4e-8e45-0c0272edbbb2: receive RaftClientReply:client-C9E345EC67ED->244f13ac-34be-4c4e-8e45-0c0272edbbb2@group-FE77C852EF02, cid=3393, SUCCESS, logIndex=5103, commits[244f13ac-34be-4c4e-8e45-0c0272edbbb2:c5103, 6287e41a-5356-4f55-84f2-270816d53e84:c5101, a2c18d3d-e79d-47c9-88fe-d8a1d195302b:c5101]
2019-08-23 11:31:53,320 | INFO  | DNAudit | user=null | ip=null | op=WRITE_CHUNK {blockData=conID: 1 locID: 102666070477963947 bcsId: 0} | ret=SUCCESS |  
2019-08-23 11:31:53,320 | INFO  | DNAudit | user=null | ip=null | op=WRITE_CHUNK {blockData=conID: 1 locID: 102666070477963947 bcsId: 0} | ret=SUCCESS |  
2019-08-23 11:31:53,320 | INFO  | DNAudit | user=null | ip=null | op=PUT_BLOCK {blockData=[blockId=conID: 1 locID: 102666070477963947 bcsId: 0,size=2097152]} | ret=SUCCESS |  
2019-08-23 11:31:53,320 | INFO  | DNAudit | user=null | ip=null | op=PUT_BLOCK {blockData=[blockId=conID: 1 locID: 102666070477963947 bcsId: 0,size=1048576]} | ret=SUCCESS |  
2019-08-23 11:31:53,320 [grpc-default-executor-0] INFO  client.GrpcClientProtocolClient (GrpcClientProtocolClient.java:onNext(255)) - client-C9E345EC67ED->244f13ac-34be-4c4e-8e45-0c0272edbbb2: receive RaftClientReply:client-C9E345EC67ED->244f13ac-34be-4c4e-8e45-0c0272edbbb2@group-FE77C852EF02, cid=3394, SUCCESS, logIndex=5104, commits[244f13ac-34be-4c4e-8e45-0c0272edbbb2:c5105, 6287e41a-5356-4f55-84f2-270816d53e84:c5103, a2c18d3d-e79d-47c9-88fe-d8a1d195302b:c5101]
2019-08-23 11:31:53,320 [grpc-default-executor-0] INFO  client.GrpcClientProtocolClient (GrpcClientProtocolClient.java:onNext(255)) - client-C9E345EC67ED->244f13ac-34be-4c4e-8e45-0c0272edbbb2: receive RaftClientReply:client-C9E345EC67ED->244f13ac-34be-4c4e-8e45-0c0272edbbb2@group-FE77C852EF02, cid=3395, SUCCESS, logIndex=5105, commits[244f13ac-34be-4c4e-8e45-0c0272edbbb2:c5105, 6287e41a-5356-4f55-84f2-270816d53e84:c5103, a2c18d3d-e79d-47c9-88fe-d8a1d195302b:c5103]
2019-08-23 11:31:53,326 | INFO  | DNAudit | user=null | ip=null | op=WRITE_CHUNK {blockData=conID: 1 locID: 102666070477963947 bcsId: 5105} | ret=SUCCESS |  
2019-08-23 11:31:53,328 | INFO  | DNAudit | user=null | ip=null | op=WRITE_CHUNK {blockData=conID: 1 locID: 102666070477963947 bcsId: 5105} | ret=SUCCESS |  
2019-08-23 11:31:53,329 | INFO  | DNAudit | user=null | ip=null | op=WRITE_CHUNK {blockData=conID: 1 locID: 102666070477963947 bcsId: 5105} | ret=SUCCESS |  
2019-08-23 11:31:53,344 | INFO  | DNAudit | user=null | ip=null | op=WRITE_CHUNK {blockData=conID: 1 locID: 102666070477963947 bcsId: 0} | ret=SUCCESS |  
2019-08-23 11:31:53,344 | INFO  | DNAudit | user=null | ip=null | op=PUT_BLOCK {blockData=[blockId=conID: 1 locID: 102666070477963947 bcsId: 0,size=2097152]} | ret=SUCCESS |  
2019-08-23 11:31:53,346 | INFO  | DNAudit | user=null | ip=null | op=WRITE_CHUNK {blockData=conID: 1 locID: 102666070477963947 bcsId: 0} | ret=SUCCESS |  
2019-08-23 11:31:53,346 | INFO  | DNAudit | user=null | ip=null | op=WRITE_CHUNK {blockData=conID: 1 locID: 102666070477963947 bcsId: 5105} | ret=SUCCESS |  
2019-08-23 11:31:53,346 | INFO  | DNAudit | user=null | ip=null | op=PUT_BLOCK {blockData=[blockId=conID: 1 locID: 102666070477963947 bcsId: 0,size=2097152]} | ret=SUCCESS |  
2019-08-23 11:31:53,347 | INFO  | DNAudit | user=null | ip=null | op=PUT_BLOCK {blockData=[blockId=conID: 1 locID: 102666070477963947 bcsId: 0,size=3145728]} | ret=SUCCESS |  
2019-08-23 11:31:53,347 [grpc-default-executor-0] INFO  client.GrpcClientProtocolClient (GrpcClientProtocolClient.java:onNext(255)) - client-C9E345EC67ED->244f13ac-34be-4c4e-8e45-0c0272edbbb2: receive RaftClientReply:client-C9E345EC67ED->244f13ac-34be-4c4e-8e45-0c0272edbbb2@group-FE77C852EF02, cid=3396, SUCCESS, logIndex=5110, commits[244f13ac-34be-4c4e-8e45-0c0272edbbb2:c5111, 6287e41a-5356-4f55-84f2-270816d53e84:c5105, a2c18d3d-e79d-47c9-88fe-d8a1d195302b:c5105]
2019-08-23 11:31:53,347 [grpc-default-executor-0] INFO  client.GrpcClientProtocolClient (GrpcClientProtocolClient.java:onNext(255)) - client-C9E345EC67ED->244f13ac-34be-4c4e-8e45-0c0272edbbb2: receive RaftClientReply:client-C9E345EC67ED->244f13ac-34be-4c4e-8e45-0c0272edbbb2@group-FE77C852EF02, cid=3397, SUCCESS, logIndex=5111, commits[244f13ac-34be-4c4e-8e45-0c0272edbbb2:c5111, 6287e41a-5356-4f55-84f2-270816d53e84:c5105, a2c18d3d-e79d-47c9-88fe-d8a1d195302b:c5105]
2019-08-23 11:31:53,348 | INFO  | DNAudit | user=null | ip=null | op=WRITE_CHUNK {blockData=conID: 1 locID: 102666070477963947 bcsId: 5105} | ret=SUCCESS |  
2019-08-23 11:31:53,348 | INFO  | DNAudit | user=null | ip=null | op=WRITE_CHUNK {blockData=conID: 1 locID: 102666070477963947 bcsId: 5105} | ret=SUCCESS |  
2019-08-23 11:31:53,348 | INFO  | DNAudit | user=null | ip=null | op=PUT_BLOCK {blockData=[blockId=conID: 1 locID: 102666070477963947 bcsId: 0,size=3145728]} | ret=SUCCESS |  
2019-08-23 11:31:53,348 | INFO  | DNAudit | user=null | ip=null | op=PUT_BLOCK {blockData=[blockId=conID: 1 locID: 102666070477963947 bcsId: 0,size=3145728]} | ret=SUCCESS |  
2019-08-23 11:31:53,365 | INFO  | DNAudit | user=null | ip=null | op=WRITE_CHUNK {blockData=conID: 1 locID: 102666070477963947 bcsId: 5111} | ret=SUCCESS |  
2019-08-23 11:31:53,366 | INFO  | DNAudit | user=null | ip=null | op=WRITE_CHUNK {blockData=conID: 1 locID: 102666070477963947 bcsId: 5111} | ret=SUCCESS |  
2019-08-23 11:31:53,366 | INFO  | DNAudit | user=null | ip=null | op=WRITE_CHUNK {blockData=conID: 1 locID: 102666070477963947 bcsId: 5111} | ret=SUCCESS |  
2019-08-23 11:31:53,376 | INFO  | DNAudit | user=null | ip=null | op=WRITE_CHUNK {blockData=conID: 1 locID: 102666070477963947 bcsId: 5111} | ret=SUCCESS |  
2019-08-23 11:31:53,377 | INFO  | DNAudit | user=null | ip=null | op=PUT_BLOCK {blockData=[blockId=conID: 1 locID: 102666070477963947 bcsId: 0,size=4194304]} | ret=SUCCESS |  
2019-08-23 11:31:53,377 [grpc-default-executor-0] INFO  client.GrpcClientProtocolClient (GrpcClientProtocolClient.java:onNext(255)) - client-C9E345EC67ED->244f13ac-34be-4c4e-8e45-0c0272edbbb2: receive RaftClientReply:client-C9E345EC67ED->244f13ac-34be-4c4e-8e45-0c0272edbbb2@group-FE77C852EF02, cid=3398, SUCCESS, logIndex=5113, commits[244f13ac-34be-4c4e-8e45-0c0272edbbb2:c5114, 6287e41a-5356-4f55-84f2-270816d53e84:c5112, a2c18d3d-e79d-47c9-88fe-d8a1d195302b:c5112]
2019-08-23 11:31:53,377 [grpc-default-executor-0] INFO  client.GrpcClientProtocolClient (GrpcClientProtocolClient.java:onNext(255)) - client-C9E345EC67ED->244f13ac-34be-4c4e-8e45-0c0272edbbb2: receive RaftClientReply:client-C9E345EC67ED->244f13ac-34be-4c4e-8e45-0c0272edbbb2@group-FE77C852EF02, cid=3399, SUCCESS, logIndex=5114, commits[244f13ac-34be-4c4e-8e45-0c0272edbbb2:c5114, 6287e41a-5356-4f55-84f2-270816d53e84:c5112, a2c18d3d-e79d-47c9-88fe-d8a1d195302b:c5112]
2019-08-23 11:31:53,378 | INFO  | DNAudit | user=null | ip=null | op=WRITE_CHUNK {blockData=conID: 1 locID: 102666070477963947 bcsId: 5111} | ret=SUCCESS |  
2019-08-23 11:31:53,378 | INFO  | DNAudit | user=null | ip=null | op=WRITE_CHUNK {blockData=conID: 1 locID: 102666070477963947 bcsId: 5111} | ret=SUCCESS |  
2019-08-23 11:31:53,379 | INFO  | DNAudit | user=null | ip=null | op=PUT_BLOCK {blockData=[blockId=conID: 1 locID: 102666070477963947 bcsId: 0,size=4194304]} | ret=SUCCESS |  
2019-08-23 11:31:53,379 | INFO  | DNAudit | user=null | ip=null | op=PUT_BLOCK {blockData=[blockId=conID: 1 locID: 102666070477963947 bcsId: 0,size=4194304]} | ret=SUCCESS |  
2019-08-23 11:31:53,380 [grpc-default-executor-0] INFO  client.GrpcClientProtocolClient (GrpcClientProtocolClient.java:onNext(255)) - client-C9E345EC67ED->244f13ac-34be-4c4e-8e45-0c0272edbbb2: receive RaftClientReply:client-C9E345EC67ED->244f13ac-34be-4c4e-8e45-0c0272edbbb2@group-FE77C852EF02, cid=3400, SUCCESS, logIndex=0, commits[244f13ac-34be-4c4e-8e45-0c0272edbbb2:c5116, 6287e41a-5356-4f55-84f2-270816d53e84:c5114, a2c18d3d-e79d-47c9-88fe-d8a1d195302b:c5114]
2019-08-23 11:31:53,389 | INFO  | SCMAudit | user=jenkins1000 | ip=192.168.5.185 | op=ALLOCATE_BLOCK {owner=00a23185-76ea-47b5-a641-ad3cfbe5521a, size=4194304, type=RATIS, factor=THREE} | ret=SUCCESS |  
2019-08-23 11:31:53,404 | INFO  | OMAudit | user=jenkins1000 | ip=127.0.0.1 | op=ALLOCATE_BLOCK {volume=vol-0-37508, bucket=bucket-0-50919, key=key-0-57313, dataSize=0, replicationType=null, replicationFactor=null, keyLocationInfo=null, clientID=102666068570931602} | ret=SUCCESS |  
2019-08-23 11:31:53,411 | INFO  | DNAudit | user=null | ip=null | op=WRITE_CHUNK {blockData=conID: 2 locID: 102666070483796652 bcsId: 0} | ret=SUCCESS |  
2019-08-23 11:31:53,412 | INFO  | DNAudit | user=null | ip=null | op=WRITE_CHUNK {blockData=conID: 2 locID: 102666070483796652 bcsId: 0} | ret=SUCCESS |  
2019-08-23 11:31:53,413 | INFO  | DNAudit | user=null | ip=null | op=WRITE_CHUNK {blockData=conID: 2 locID: 102666070483796652 bcsId: 0} | ret=SUCCESS |  
2019-08-23 11:31:53,414 | INFO  | DNAudit | user=null | ip=null | op=WRITE_CHUNK {blockData=conID: 2 locID: 102666070483796652 bcsId: 0} | ret=SUCCESS |  
2019-08-23 11:31:53,416 | INFO  | DNAudit | user=null | ip=null | op=WRITE_CHUNK {blockData=conID: 2 locID: 102666070483796652 bcsId: 0} | ret=SUCCESS |  
2019-08-23 11:31:53,416 | INFO  | DNAudit | user=null | ip=null | op=WRITE_CHUNK {blockData=conID: 2 locID: 102666070483796652 bcsId: 0} | ret=SUCCESS |  
2019-08-23 11:31:53,425 | INFO  | DNAudit | user=null | ip=null | op=WRITE_CHUNK {blockData=conID: 2 locID: 102666070483796652 bcsId: 0} | ret=SUCCESS |  
2019-08-23 11:31:53,426 | INFO  | DNAudit | user=null | ip=null | op=PUT_BLOCK {blockData=[blockId=conID: 2 locID: 102666070483796652 bcsId: 0,size=1048576]} | ret=SUCCESS |  
2019-08-23 11:31:53,426 [grpc-default-executor-4] INFO  client.GrpcClientProtocolClient (GrpcClientProtocolClient.java:onNext(255)) - client-C9E345EC67ED->244f13ac-34be-4c4e-8e45-0c0272edbbb2: receive RaftClientReply:client-C9E345EC67ED->244f13ac-34be-4c4e-8e45-0c0272edbbb2@group-FE77C852EF02, cid=3401, SUCCESS, logIndex=5117, commits[244f13ac-34be-4c4e-8e45-0c0272edbbb2:c5118, 6287e41a-5356-4f55-84f2-270816d53e84:c5116, a2c18d3d-e79d-47c9-88fe-d8a1d195302b:c5116]
2019-08-23 11:31:53,427 [grpc-default-executor-4] INFO  client.GrpcClientProtocolClient (GrpcClientProtocolClient.java:onNext(255)) - client-C9E345EC67ED->244f13ac-34be-4c4e-8e45-0c0272edbbb2: receive RaftClientReply:client-C9E345EC67ED->244f13ac-34be-4c4e-8e45-0c0272edbbb2@group-FE77C852EF02, cid=3402, SUCCESS, logIndex=5118, commits[244f13ac-34be-4c4e-8e45-0c0272edbbb2:c5118, 6287e41a-5356-4f55-84f2-270816d53e84:c5116, a2c18d3d-e79d-47c9-88fe-d8a1d195302b:c5116]
2019-08-23 11:31:53,427 | INFO  | DNAudit | user=null | ip=null | op=WRITE_CHUNK {blockData=conID: 2 locID: 102666070483796652 bcsId: 0} | ret=SUCCESS |  
2019-08-23 11:31:53,427 | INFO  | DNAudit | user=null | ip=null | op=PUT_BLOCK {blockData=[blockId=conID: 2 locID: 102666070483796652 bcsId: 0,size=2097152]} | ret=SUCCESS |  
2019-08-23 11:31:53,427 [grpc-default-executor-4] INFO  client.GrpcClientProtocolClient (GrpcClientProtocolClient.java:onNext(255)) - client-C9E345EC67ED->244f13ac-34be-4c4e-8e45-0c0272edbbb2: receive RaftClientReply:client-C9E345EC67ED->244f13ac-34be-4c4e-8e45-0c0272edbbb2@group-FE77C852EF02, cid=3403, SUCCESS, logIndex=5119, commits[244f13ac-34be-4c4e-8e45-0c0272edbbb2:c5120, 6287e41a-5356-4f55-84f2-270816d53e84:c5116, a2c18d3d-e79d-47c9-88fe-d8a1d195302b:c5116]
2019-08-23 11:31:53,428 | INFO  | DNAudit | user=null | ip=null | op=WRITE_CHUNK {blockData=conID: 2 locID: 102666070483796652 bcsId: 0} | ret=SUCCESS |  
2019-08-23 11:31:53,428 | INFO  | DNAudit | user=null | ip=null | op=WRITE_CHUNK {blockData=conID: 2 locID: 102666070483796652 bcsId: 0} | ret=SUCCESS |  
2019-08-23 11:31:53,428 [grpc-default-executor-2] INFO  client.GrpcClientProtocolClient (GrpcClientProtocolClient.java:onNext(255)) - client-C9E345EC67ED->244f13ac-34be-4c4e-8e45-0c0272edbbb2: receive RaftClientReply:client-C9E345EC67ED->244f13ac-34be-4c4e-8e45-0c0272edbbb2@group-FE77C852EF02, cid=3404, SUCCESS, logIndex=5120, commits[244f13ac-34be-4c4e-8e45-0c0272edbbb2:c5120, 6287e41a-5356-4f55-84f2-270816d53e84:c5116, a2c18d3d-e79d-47c9-88fe-d8a1d195302b:c5116]
2019-08-23 11:31:53,428 | INFO  | DNAudit | user=null | ip=null | op=PUT_BLOCK {blockData=[blockId=conID: 2 locID: 102666070483796652 bcsId: 0,size=1048576]} | ret=SUCCESS |  
2019-08-23 11:31:53,429 | INFO  | DNAudit | user=null | ip=null | op=PUT_BLOCK {blockData=[blockId=conID: 2 locID: 102666070483796652 bcsId: 0,size=1048576]} | ret=SUCCESS |  
2019-08-23 11:31:53,430 [grpc-default-executor-2] INFO  client.GrpcClientProtocolClient (GrpcClientProtocolClient.java:onNext(255)) - client-C9E345EC67ED->244f13ac-34be-4c4e-8e45-0c0272edbbb2: receive RaftClientReply:client-C9E345EC67ED->244f13ac-34be-4c4e-8e45-0c0272edbbb2@group-FE77C852EF02, cid=3405, SUCCESS, logIndex=0, commits[244f13ac-34be-4c4e-8e45-0c0272edbbb2:c5122, 6287e41a-5356-4f55-84f2-270816d53e84:c5118, a2c18d3d-e79d-47c9-88fe-d8a1d195302b:c5118]
2019-08-23 11:31:53,437 | INFO  | DNAudit | user=null | ip=null | op=WRITE_CHUNK {blockData=conID: 2 locID: 102666070483796652 bcsId: 5120} | ret=SUCCESS |  
2019-08-23 11:31:53,438 | INFO  | DNAudit | user=null | ip=null | op=WRITE_CHUNK {blockData=conID: 2 locID: 102666070483796652 bcsId: 5120} | ret=SUCCESS |  
2019-08-23 11:31:53,439 | INFO  | DNAudit | user=null | ip=null | op=WRITE_CHUNK {blockData=conID: 2 locID: 102666070483796652 bcsId: 5120} | ret=SUCCESS |  
2019-08-23 11:31:53,443 | INFO  | DNAudit | user=null | ip=null | op=WRITE_CHUNK {blockData=conID: 2 locID: 102666070483796652 bcsId: 0} | ret=SUCCESS |  
2019-08-23 11:31:53,443 | INFO  | DNAudit | user=null | ip=null | op=WRITE_CHUNK {blockData=conID: 2 locID: 102666070483796652 bcsId: 0} | ret=SUCCESS |  
2019-08-23 11:31:53,443 | INFO  | DNAudit | user=null | ip=null | op=PUT_BLOCK {blockData=[blockId=conID: 2 locID: 102666070483796652 bcsId: 0,size=2097152]} | ret=SUCCESS |  
2019-08-23 11:31:53,443 | INFO  | DNAudit | user=null | ip=null | op=WRITE_CHUNK {blockData=conID: 2 locID: 102666070483796652 bcsId: 5120} | ret=SUCCESS |  
2019-08-23 11:31:53,443 | INFO  | DNAudit | user=null | ip=null | op=PUT_BLOCK {blockData=[blockId=conID: 2 locID: 102666070483796652 bcsId: 0,size=2097152]} | ret=SUCCESS |  
2019-08-23 11:31:53,444 | INFO  | DNAudit | user=null | ip=null | op=PUT_BLOCK {blockData=[blockId=conID: 2 locID: 102666070483796652 bcsId: 0,size=3145728]} | ret=SUCCESS |  
2019-08-23 11:31:53,444 [grpc-default-executor-4] INFO  client.GrpcClientProtocolClient (GrpcClientProtocolClient.java:onNext(255)) - client-C9E345EC67ED->244f13ac-34be-4c4e-8e45-0c0272edbbb2: receive RaftClientReply:client-C9E345EC67ED->244f13ac-34be-4c4e-8e45-0c0272edbbb2@group-FE77C852EF02, cid=3406, SUCCESS, logIndex=5125, commits[244f13ac-34be-4c4e-8e45-0c0272edbbb2:c5126, 6287e41a-5356-4f55-84f2-270816d53e84:c5124, a2c18d3d-e79d-47c9-88fe-d8a1d195302b:c5124]
2019-08-23 11:31:53,444 [grpc-default-executor-4] INFO  client.GrpcClientProtocolClient (GrpcClientProtocolClient.java:onNext(255)) - client-C9E345EC67ED->244f13ac-34be-4c4e-8e45-0c0272edbbb2: receive RaftClientReply:client-C9E345EC67ED->244f13ac-34be-4c4e-8e45-0c0272edbbb2@group-FE77C852EF02, cid=3407, SUCCESS, logIndex=5126, commits[244f13ac-34be-4c4e-8e45-0c0272edbbb2:c5126, 6287e41a-5356-4f55-84f2-270816d53e84:c5124, a2c18d3d-e79d-47c9-88fe-d8a1d195302b:c5124]
2019-08-23 11:31:53,451 | INFO  | DNAudit | user=null | ip=null | op=WRITE_CHUNK {blockData=conID: 2 locID: 102666070483796652 bcsId: 5126} | ret=SUCCESS |  
2019-08-23 11:31:53,452 | INFO  | DNAudit | user=null | ip=null | op=WRITE_CHUNK {blockData=conID: 2 locID: 102666070483796652 bcsId: 5126} | ret=SUCCESS |  
2019-08-23 11:31:53,452 | INFO  | DNAudit | user=null | ip=null | op=WRITE_CHUNK {blockData=conID: 2 locID: 102666070483796652 bcsId: 5126} | ret=SUCCESS |  
2019-08-23 11:31:53,455 | INFO  | DNAudit | user=null | ip=null | op=WRITE_CHUNK {blockData=conID: 2 locID: 102666070483796652 bcsId: 5120} | ret=SUCCESS |  
2019-08-23 11:31:53,455 | INFO  | DNAudit | user=null | ip=null | op=WRITE_CHUNK {blockData=conID: 2 locID: 102666070483796652 bcsId: 5120} | ret=SUCCESS |  
2019-08-23 11:31:53,456 | INFO  | DNAudit | user=null | ip=null | op=PUT_BLOCK {blockData=[blockId=conID: 2 locID: 102666070483796652 bcsId: 0,size=3145728]} | ret=SUCCESS |  
2019-08-23 11:31:53,456 | INFO  | DNAudit | user=null | ip=null | op=PUT_BLOCK {blockData=[blockId=conID: 2 locID: 102666070483796652 bcsId: 0,size=3145728]} | ret=SUCCESS |  
2019-08-23 11:31:53,457 | INFO  | DNAudit | user=null | ip=null | op=WRITE_CHUNK {blockData=conID: 2 locID: 102666070483796652 bcsId: 5126} | ret=SUCCESS |  
2019-08-23 11:31:53,457 | INFO  | DNAudit | user=null | ip=null | op=PUT_BLOCK {blockData=[blockId=conID: 2 locID: 102666070483796652 bcsId: 0,size=4194304]} | ret=SUCCESS |  
2019-08-23 11:31:53,457 [grpc-default-executor-0] INFO  client.GrpcClientProtocolClient (GrpcClientProtocolClient.java:onNext(255)) - client-C9E345EC67ED->244f13ac-34be-4c4e-8e45-0c0272edbbb2: receive RaftClientReply:client-C9E345EC67ED->244f13ac-34be-4c4e-8e45-0c0272edbbb2@group-FE77C852EF02, cid=3408, SUCCESS, logIndex=5129, commits[244f13ac-34be-4c4e-8e45-0c0272edbbb2:c5130, 6287e41a-5356-4f55-84f2-270816d53e84:c5126, a2c18d3d-e79d-47c9-88fe-d8a1d195302b:c5126]
2019-08-23 11:31:53,458 [grpc-default-executor-0] INFO  client.GrpcClientProtocolClient (GrpcClientProtocolClient.java:onNext(255)) - client-C9E345EC67ED->244f13ac-34be-4c4e-8e45-0c0272edbbb2: receive RaftClientReply:client-C9E345EC67ED->244f13ac-34be-4c4e-8e45-0c0272edbbb2@group-FE77C852EF02, cid=3409, SUCCESS, logIndex=5130, commits[244f13ac-34be-4c4e-8e45-0c0272edbbb2:c5130, 6287e41a-5356-4f55-84f2-270816d53e84:c5126, a2c18d3d-e79d-47c9-88fe-d8a1d195302b:c5126]
2019-08-23 11:31:53,467 | INFO  | SCMAudit | user=jenkins1000 | ip=192.168.5.185 | op=SEND_HEARTBEAT {datanodeUUID=0d166765-8492-4439-8677-f737a7bc54ca, command=[]} | ret=SUCCESS |  
2019-08-23 11:31:53,467 | INFO  | SCMAudit | user=jenkins1000 | ip=192.168.5.185 | op=SEND_HEARTBEAT {datanodeUUID=6287e41a-5356-4f55-84f2-270816d53e84, command=[]} | ret=SUCCESS |  
2019-08-23 11:31:53,467 | INFO  | SCMAudit | user=jenkins1000 | ip=192.168.5.185 | op=SEND_HEARTBEAT {datanodeUUID=b2c34899-c5c3-4720-9d95-984efeabf4a7, command=[]} | ret=SUCCESS |  
2019-08-23 11:31:53,468 | INFO  | DNAudit | user=null | ip=null | op=WRITE_CHUNK {blockData=conID: 2 locID: 102666070483796652 bcsId: 5126} | ret=SUCCESS |  
2019-08-23 11:31:53,468 | INFO  | DNAudit | user=null | ip=null | op=WRITE_CHUNK {blockData=conID: 2 locID: 102666070483796652 bcsId: 5126} | ret=SUCCESS |  
2019-08-23 11:31:53,469 | INFO  | DNAudit | user=null | ip=null | op=PUT_BLOCK {blockData=[blockId=conID: 2 locID: 102666070483796652 bcsId: 0,size=4194304]} | ret=SUCCESS |  
2019-08-23 11:31:53,470 | INFO  | DNAudit | user=null | ip=null | op=PUT_BLOCK {blockData=[blockId=conID: 2 locID: 102666070483796652 bcsId: 0,size=4194304]} | ret=SUCCESS |  
2019-08-23 11:31:53,470 | INFO  | SCMAudit | user=jenkins1000 | ip=192.168.5.185 | op=SEND_HEARTBEAT {datanodeUUID=a2c18d3d-e79d-47c9-88fe-d8a1d195302b, command=[]} | ret=SUCCESS |  
2019-08-23 11:31:53,470 [grpc-default-executor-0] INFO  client.GrpcClientProtocolClient (GrpcClientProtocolClient.java:onNext(255)) - client-C9E345EC67ED->244f13ac-34be-4c4e-8e45-0c0272edbbb2: receive RaftClientReply:client-C9E345EC67ED->244f13ac-34be-4c4e-8e45-0c0272edbbb2@group-FE77C852EF02, cid=3410, SUCCESS, logIndex=0, commits[244f13ac-34be-4c4e-8e45-0c0272edbbb2:c5132, 6287e41a-5356-4f55-84f2-270816d53e84:c5130, a2c18d3d-e79d-47c9-88fe-d8a1d195302b:c5130]
2019-08-23 11:31:53,471 | INFO  | SCMAudit | user=jenkins1000 | ip=192.168.5.185 | op=SEND_HEARTBEAT {datanodeUUID=244f13ac-34be-4c4e-8e45-0c0272edbbb2, command=[]} | ret=SUCCESS |  
 0.00% |█                                                                                                    |  0/1 Time: 0:00:292019-08-23 11:31:53,476 | INFO  | SCMAudit | user=jenkins1000 | ip=192.168.5.185 | op=ALLOCATE_BLOCK {owner=00a23185-76ea-47b5-a641-ad3cfbe5521a, size=4194304, type=RATIS, factor=THREE} | ret=SUCCESS |  
2019-08-23 11:31:53,481 | INFO  | OMAudit | user=jenkins1000 | ip=127.0.0.1 | op=ALLOCATE_BLOCK {volume=vol-0-37508, bucket=bucket-0-50919, key=key-0-57313, dataSize=0, replicationType=null, replicationFactor=null, keyLocationInfo=null, clientID=102666068570931602} | ret=SUCCESS |  
2019-08-23 11:31:53,487 | INFO  | DNAudit | user=null | ip=null | op=WRITE_CHUNK {blockData=conID: 3 locID: 102666070489563821 bcsId: 0} | ret=SUCCESS |  
2019-08-23 11:31:53,490 | INFO  | DNAudit | user=null | ip=null | op=WRITE_CHUNK {blockData=conID: 3 locID: 102666070489563821 bcsId: 0} | ret=SUCCESS |  
2019-08-23 11:31:53,490 | INFO  | DNAudit | user=null | ip=null | op=WRITE_CHUNK {blockData=conID: 3 locID: 102666070489563821 bcsId: 0} | ret=SUCCESS |  
2019-08-23 11:31:53,490 | INFO  | DNAudit | user=null | ip=null | op=WRITE_CHUNK {blockData=conID: 3 locID: 102666070489563821 bcsId: 0} | ret=SUCCESS |  
2019-08-23 11:31:53,492 | INFO  | DNAudit | user=null | ip=null | op=WRITE_CHUNK {blockData=conID: 3 locID: 102666070489563821 bcsId: 0} | ret=SUCCESS |  
2019-08-23 11:31:53,493 | INFO  | DNAudit | user=null | ip=null | op=WRITE_CHUNK {blockData=conID: 3 locID: 102666070489563821 bcsId: 0} | ret=SUCCESS |  
2019-08-23 11:31:53,500 | INFO  | DNAudit | user=null | ip=null | op=WRITE_CHUNK {blockData=conID: 3 locID: 102666070489563821 bcsId: 0} | ret=SUCCESS |  
2019-08-23 11:31:53,500 | INFO  | DNAudit | user=null | ip=null | op=PUT_BLOCK {blockData=[blockId=conID: 3 locID: 102666070489563821 bcsId: 0,size=1048576]} | ret=SUCCESS |  
2019-08-23 11:31:53,500 [grpc-default-executor-2] INFO  client.GrpcClientProtocolClient (GrpcClientProtocolClient.java:onNext(255)) - client-C9E345EC67ED->244f13ac-34be-4c4e-8e45-0c0272edbbb2: receive RaftClientReply:client-C9E345EC67ED->244f13ac-34be-4c4e-8e45-0c0272edbbb2@group-FE77C852EF02, cid=3411, SUCCESS, logIndex=5133, commits[244f13ac-34be-4c4e-8e45-0c0272edbbb2:c5134, 6287e41a-5356-4f55-84f2-270816d53e84:c5132, a2c18d3d-e79d-47c9-88fe-d8a1d195302b:c5132]
2019-08-23 11:31:53,501 | INFO  | DNAudit | user=null | ip=null | op=WRITE_CHUNK {blockData=conID: 3 locID: 102666070489563821 bcsId: 0} | ret=SUCCESS |  
2019-08-23 11:31:53,501 [grpc-default-executor-2] INFO  client.GrpcClientProtocolClient (GrpcClientProtocolClient.java:onNext(255)) - client-C9E345EC67ED->244f13ac-34be-4c4e-8e45-0c0272edbbb2: receive RaftClientReply:client-C9E345EC67ED->244f13ac-34be-4c4e-8e45-0c0272edbbb2@group-FE77C852EF02, cid=3412, SUCCESS, logIndex=5134, commits[244f13ac-34be-4c4e-8e45-0c0272edbbb2:c5134, 6287e41a-5356-4f55-84f2-270816d53e84:c5132, a2c18d3d-e79d-47c9-88fe-d8a1d195302b:c5132]
2019-08-23 11:31:53,501 | INFO  | DNAudit | user=null | ip=null | op=PUT_BLOCK {blockData=[blockId=conID: 3 locID: 102666070489563821 bcsId: 0,size=2097152]} | ret=SUCCESS |  
2019-08-23 11:31:53,501 [grpc-default-executor-2] INFO  client.GrpcClientProtocolClient (GrpcClientProtocolClient.java:onNext(255)) - client-C9E345EC67ED->244f13ac-34be-4c4e-8e45-0c0272edbbb2: receive RaftClientReply:client-C9E345EC67ED->244f13ac-34be-4c4e-8e45-0c0272edbbb2@group-FE77C852EF02, cid=3413, SUCCESS, logIndex=5135, commits[244f13ac-34be-4c4e-8e45-0c0272edbbb2:c5136, 6287e41a-5356-4f55-84f2-270816d53e84:c5132, a2c18d3d-e79d-47c9-88fe-d8a1d195302b:c5132]
2019-08-23 11:31:53,501 [grpc-default-executor-4] INFO  client.GrpcClientProtocolClient (GrpcClientProtocolClient.java:onNext(255)) - client-C9E345EC67ED->244f13ac-34be-4c4e-8e45-0c0272edbbb2: receive RaftClientReply:client-C9E345EC67ED->244f13ac-34be-4c4e-8e45-0c0272edbbb2@group-FE77C852EF02, cid=3414, SUCCESS, logIndex=5136, commits[244f13ac-34be-4c4e-8e45-0c0272edbbb2:c5136, 6287e41a-5356-4f55-84f2-270816d53e84:c5132, a2c18d3d-e79d-47c9-88fe-d8a1d195302b:c5132]
2019-08-23 11:31:53,502 | INFO  | DNAudit | user=null | ip=null | op=WRITE_CHUNK {blockData=conID: 3 locID: 102666070489563821 bcsId: 0} | ret=SUCCESS |  
2019-08-23 11:31:53,502 | INFO  | DNAudit | user=null | ip=null | op=PUT_BLOCK {blockData=[blockId=conID: 3 locID: 102666070489563821 bcsId: 0,size=1048576]} | ret=SUCCESS |  
2019-08-23 11:31:53,503 | INFO  | DNAudit | user=null | ip=null | op=WRITE_CHUNK {blockData=conID: 3 locID: 102666070489563821 bcsId: 0} | ret=SUCCESS |  
2019-08-23 11:31:53,503 | INFO  | DNAudit | user=null | ip=null | op=PUT_BLOCK {blockData=[blockId=conID: 3 locID: 102666070489563821 bcsId: 0,size=2097152]} | ret=SUCCESS |  
2019-08-23 11:31:53,503 | INFO  | DNAudit | user=null | ip=null | op=WRITE_CHUNK {blockData=conID: 3 locID: 102666070489563821 bcsId: 0} | ret=SUCCESS |  
2019-08-23 11:31:53,503 | INFO  | DNAudit | user=null | ip=null | op=PUT_BLOCK {blockData=[blockId=conID: 3 locID: 102666070489563821 bcsId: 0,size=1048576]} | ret=SUCCESS |  
2019-08-23 11:31:53,503 | INFO  | DNAudit | user=null | ip=null | op=WRITE_CHUNK {blockData=conID: 3 locID: 102666070489563821 bcsId: 0} | ret=SUCCESS |  
2019-08-23 11:31:53,503 | INFO  | DNAudit | user=null | ip=null | op=PUT_BLOCK {blockData=[blockId=conID: 3 locID: 102666070489563821 bcsId: 0,size=2097152]} | ret=SUCCESS |  
2019-08-23 11:31:53,503 [grpc-default-executor-4] INFO  client.GrpcClientProtocolClient (GrpcClientProtocolClient.java:onNext(255)) - client-C9E345EC67ED->244f13ac-34be-4c4e-8e45-0c0272edbbb2: receive RaftClientReply:client-C9E345EC67ED->244f13ac-34be-4c4e-8e45-0c0272edbbb2@group-FE77C852EF02, cid=3415, SUCCESS, logIndex=0, commits[244f13ac-34be-4c4e-8e45-0c0272edbbb2:c5139, 6287e41a-5356-4f55-84f2-270816d53e84:c5136, a2c18d3d-e79d-47c9-88fe-d8a1d195302b:c5134]
2019-08-23 11:31:53,509 | INFO  | DNAudit | user=null | ip=null | op=WRITE_CHUNK {blockData=conID: 3 locID: 102666070489563821 bcsId: 5136} | ret=SUCCESS |  
2019-08-23 11:31:53,510 | INFO  | DNAudit | user=null | ip=null | op=WRITE_CHUNK {blockData=conID: 3 locID: 102666070489563821 bcsId: 5136} | ret=SUCCESS |  
2019-08-23 11:31:53,510 | INFO  | DNAudit | user=null | ip=null | op=WRITE_CHUNK {blockData=conID: 3 locID: 102666070489563821 bcsId: 5136} | ret=SUCCESS |  
2019-08-23 11:31:53,522 | INFO  | DNAudit | user=null | ip=null | op=WRITE_CHUNK {blockData=conID: 3 locID: 102666070489563821 bcsId: 5136} | ret=SUCCESS |  
2019-08-23 11:31:53,522 | INFO  | DNAudit | user=null | ip=null | op=PUT_BLOCK {blockData=[blockId=conID: 3 locID: 102666070489563821 bcsId: 0,size=3145728]} | ret=SUCCESS |  
2019-08-23 11:31:53,522 [grpc-default-executor-4] INFO  client.GrpcClientProtocolClient (GrpcClientProtocolClient.java:onNext(255)) - client-C9E345EC67ED->244f13ac-34be-4c4e-8e45-0c0272edbbb2: receive RaftClientReply:client-C9E345EC67ED->244f13ac-34be-4c4e-8e45-0c0272edbbb2@group-FE77C852EF02, cid=3416, SUCCESS, logIndex=5140, commits[244f13ac-34be-4c4e-8e45-0c0272edbbb2:c5141, 6287e41a-5356-4f55-84f2-270816d53e84:c5139, a2c18d3d-e79d-47c9-88fe-d8a1d195302b:c5139]
2019-08-23 11:31:53,523 | INFO  | DNAudit | user=null | ip=null | op=WRITE_CHUNK {blockData=conID: 3 locID: 102666070489563821 bcsId: 5136} | ret=SUCCESS |  
2019-08-23 11:31:53,523 [grpc-default-executor-4] INFO  client.GrpcClientProtocolClient (GrpcClientProtocolClient.java:onNext(255)) - client-C9E345EC67ED->244f13ac-34be-4c4e-8e45-0c0272edbbb2: receive RaftClientReply:client-C9E345EC67ED->244f13ac-34be-4c4e-8e45-0c0272edbbb2@group-FE77C852EF02, cid=3417, SUCCESS, logIndex=5141, commits[244f13ac-34be-4c4e-8e45-0c0272edbbb2:c5141, 6287e41a-5356-4f55-84f2-270816d53e84:c5139, a2c18d3d-e79d-47c9-88fe-d8a1d195302b:c5139]
2019-08-23 11:31:53,523 | INFO  | DNAudit | user=null | ip=null | op=WRITE_CHUNK {blockData=conID: 3 locID: 102666070489563821 bcsId: 5136} | ret=SUCCESS |  
2019-08-23 11:31:53,525 | INFO  | DNAudit | user=null | ip=null | op=PUT_BLOCK {blockData=[blockId=conID: 3 locID: 102666070489563821 bcsId: 0,size=3145728]} | ret=SUCCESS |  
2019-08-23 11:31:53,525 | INFO  | DNAudit | user=null | ip=null | op=PUT_BLOCK {blockData=[blockId=conID: 3 locID: 102666070489563821 bcsId: 0,size=3145728]} | ret=SUCCESS |  
2019-08-23 11:31:53,528 | INFO  | DNAudit | user=null | ip=null | op=WRITE_CHUNK {blockData=conID: 3 locID: 102666070489563821 bcsId: 5141} | ret=SUCCESS |  
2019-08-23 11:31:53,530 | INFO  | DNAudit | user=null | ip=null | op=WRITE_CHUNK {blockData=conID: 3 locID: 102666070489563821 bcsId: 5141} | ret=SUCCESS |  
2019-08-23 11:31:53,530 | INFO  | DNAudit | user=null | ip=null | op=WRITE_CHUNK {blockData=conID: 3 locID: 102666070489563821 bcsId: 5141} | ret=SUCCESS |  
2019-08-23 11:31:53,540 | INFO  | DNAudit | user=null | ip=null | op=WRITE_CHUNK {blockData=conID: 3 locID: 102666070489563821 bcsId: 5141} | ret=SUCCESS |  
2019-08-23 11:31:53,541 | INFO  | DNAudit | user=null | ip=null | op=PUT_BLOCK {blockData=[blockId=conID: 3 locID: 102666070489563821 bcsId: 0,size=4194304]} | ret=SUCCESS |  
2019-08-23 11:31:53,541 [grpc-default-executor-0] INFO  client.GrpcClientProtocolClient (GrpcClientProtocolClient.java:onNext(255)) - client-C9E345EC67ED->244f13ac-34be-4c4e-8e45-0c0272edbbb2: receive RaftClientReply:client-C9E345EC67ED->244f13ac-34be-4c4e-8e45-0c0272edbbb2@group-FE77C852EF02, cid=3418, SUCCESS, logIndex=5144, commits[244f13ac-34be-4c4e-8e45-0c0272edbbb2:c5145, 6287e41a-5356-4f55-84f2-270816d53e84:c5143, a2c18d3d-e79d-47c9-88fe-d8a1d195302b:c5143]
2019-08-23 11:31:53,541 [grpc-default-executor-0] INFO  client.GrpcClientProtocolClient (GrpcClientProtocolClient.java:onNext(255)) - client-C9E345EC67ED->244f13ac-34be-4c4e-8e45-0c0272edbbb2: receive RaftClientReply:client-C9E345EC67ED->244f13ac-34be-4c4e-8e45-0c0272edbbb2@group-FE77C852EF02, cid=3419, SUCCESS, logIndex=5145, commits[244f13ac-34be-4c4e-8e45-0c0272edbbb2:c5145, 6287e41a-5356-4f55-84f2-270816d53e84:c5143, a2c18d3d-e79d-47c9-88fe-d8a1d195302b:c5143]
2019-08-23 11:31:53,543 | INFO  | DNAudit | user=null | ip=null | op=WRITE_CHUNK {blockData=conID: 3 locID: 102666070489563821 bcsId: 5141} | ret=SUCCESS |  
2019-08-23 11:31:53,543 | INFO  | DNAudit | user=null | ip=null | op=WRITE_CHUNK {blockData=conID: 3 locID: 102666070489563821 bcsId: 5141} | ret=SUCCESS |  
2019-08-23 11:31:53,555 | INFO  | DNAudit | user=null | ip=null | op=PUT_BLOCK {blockData=[blockId=conID: 3 locID: 102666070489563821 bcsId: 0,size=4194304]} | ret=SUCCESS |  
2019-08-23 11:31:53,556 [grpc-default-executor-0] INFO  client.GrpcClientProtocolClient (GrpcClientProtocolClient.java:onNext(255)) - client-C9E345EC67ED->244f13ac-34be-4c4e-8e45-0c0272edbbb2: receive RaftClientReply:client-C9E345EC67ED->244f13ac-34be-4c4e-8e45-0c0272edbbb2@group-FE77C852EF02, cid=3420, SUCCESS, logIndex=0, commits[244f13ac-34be-4c4e-8e45-0c0272edbbb2:c5147, 6287e41a-5356-4f55-84f2-270816d53e84:c5145, a2c18d3d-e79d-47c9-88fe-d8a1d195302b:c5145]
2019-08-23 11:31:53,556 | INFO  | DNAudit | user=null | ip=null | op=PUT_BLOCK {blockData=[blockId=conID: 3 locID: 102666070489563821 bcsId: 0,size=4194304]} | ret=SUCCESS |  
2019-08-23 11:31:53,562 | INFO  | SCMAudit | user=jenkins1000 | ip=192.168.5.185 | op=ALLOCATE_BLOCK {owner=00a23185-76ea-47b5-a641-ad3cfbe5521a, size=4194304, type=RATIS, factor=THREE} | ret=SUCCESS |  
2019-08-23 11:31:53,565 | INFO  | OMAudit | user=jenkins1000 | ip=127.0.0.1 | op=ALLOCATE_BLOCK {volume=vol-0-37508, bucket=bucket-0-50919, key=key-0-57313, dataSize=0, replicationType=null, replicationFactor=null, keyLocationInfo=null, clientID=102666068570931602} | ret=SUCCESS |  
2019-08-23 11:31:53,571 | INFO  | DNAudit | user=null | ip=null | op=WRITE_CHUNK {blockData=conID: 1 locID: 102666070495199918 bcsId: 0} | ret=SUCCESS |  
2019-08-23 11:31:53,576 | INFO  | DNAudit | user=null | ip=null | op=WRITE_CHUNK {blockData=conID: 1 locID: 102666070495199918 bcsId: 0} | ret=SUCCESS |  
2019-08-23 11:31:53,576 | INFO  | DNAudit | user=null | ip=null | op=WRITE_CHUNK {blockData=conID: 1 locID: 102666070495199918 bcsId: 0} | ret=SUCCESS |  
2019-08-23 11:31:53,576 | INFO  | DNAudit | user=null | ip=null | op=WRITE_CHUNK {blockData=conID: 1 locID: 102666070495199918 bcsId: 0} | ret=SUCCESS |  
2019-08-23 11:31:53,578 | INFO  | DNAudit | user=null | ip=null | op=WRITE_CHUNK {blockData=conID: 1 locID: 102666070495199918 bcsId: 0} | ret=SUCCESS |  
2019-08-23 11:31:53,578 | INFO  | DNAudit | user=null | ip=null | op=WRITE_CHUNK {blockData=conID: 1 locID: 102666070495199918 bcsId: 0} | ret=SUCCESS |  
2019-08-23 11:31:53,579 | INFO  | DNAudit | user=null | ip=null | op=WRITE_CHUNK {blockData=conID: 1 locID: 102666070495199918 bcsId: 0} | ret=SUCCESS |  
2019-08-23 11:31:53,579 | INFO  | DNAudit | user=null | ip=null | op=PUT_BLOCK {blockData=[blockId=conID: 1 locID: 102666070495199918 bcsId: 0,size=1048576]} | ret=SUCCESS |  
2019-08-23 11:31:53,580 [grpc-default-executor-1] INFO  client.GrpcClientProtocolClient (GrpcClientProtocolClient.java:onNext(255)) - client-C9E345EC67ED->244f13ac-34be-4c4e-8e45-0c0272edbbb2: receive RaftClientReply:client-C9E345EC67ED->244f13ac-34be-4c4e-8e45-0c0272edbbb2@group-FE77C852EF02, cid=3421, SUCCESS, logIndex=5148, commits[244f13ac-34be-4c4e-8e45-0c0272edbbb2:c5149, 6287e41a-5356-4f55-84f2-270816d53e84:c5147, a2c18d3d-e79d-47c9-88fe-d8a1d195302b:c5145]
2019-08-23 11:31:53,580 [grpc-default-executor-1] INFO  client.GrpcClientProtocolClient (GrpcClientProtocolClient.java:onNext(255)) - client-C9E345EC67ED->244f13ac-34be-4c4e-8e45-0c0272edbbb2: receive RaftClientReply:client-C9E345EC67ED->244f13ac-34be-4c4e-8e45-0c0272edbbb2@group-FE77C852EF02, cid=3422, SUCCESS, logIndex=5149, commits[244f13ac-34be-4c4e-8e45-0c0272edbbb2:c5149, 6287e41a-5356-4f55-84f2-270816d53e84:c5147, a2c18d3d-e79d-47c9-88fe-d8a1d195302b:c5147]
2019-08-23 11:31:53,581 | INFO  | DNAudit | user=null | ip=null | op=WRITE_CHUNK {blockData=conID: 1 locID: 102666070495199918 bcsId: 0} | ret=SUCCESS |  
2019-08-23 11:31:53,581 | INFO  | DNAudit | user=null | ip=null | op=PUT_BLOCK {blockData=[blockId=conID: 1 locID: 102666070495199918 bcsId: 0,size=2097152]} | ret=SUCCESS |  
2019-08-23 11:31:53,582 [grpc-default-executor-1] INFO  client.GrpcClientProtocolClient (GrpcClientProtocolClient.java:onNext(255)) - client-C9E345EC67ED->244f13ac-34be-4c4e-8e45-0c0272edbbb2: receive RaftClientReply:client-C9E345EC67ED->244f13ac-34be-4c4e-8e45-0c0272edbbb2@group-FE77C852EF02, cid=3423, SUCCESS, logIndex=5150, commits[244f13ac-34be-4c4e-8e45-0c0272edbbb2:c5151, 6287e41a-5356-4f55-84f2-270816d53e84:c5147, a2c18d3d-e79d-47c9-88fe-d8a1d195302b:c5147]
2019-08-23 11:31:53,582 | INFO  | DNAudit | user=null | ip=null | op=WRITE_CHUNK {blockData=conID: 1 locID: 102666070495199918 bcsId: 0} | ret=SUCCESS |  
2019-08-23 11:31:53,582 | INFO  | DNAudit | user=null | ip=null | op=PUT_BLOCK {blockData=[blockId=conID: 1 locID: 102666070495199918 bcsId: 0,size=1048576]} | ret=SUCCESS |  
2019-08-23 11:31:53,582 [grpc-default-executor-1] INFO  client.GrpcClientProtocolClient (GrpcClientProtocolClient.java:onNext(255)) - client-C9E345EC67ED->244f13ac-34be-4c4e-8e45-0c0272edbbb2: receive RaftClientReply:client-C9E345EC67ED->244f13ac-34be-4c4e-8e45-0c0272edbbb2@group-FE77C852EF02, cid=3424, SUCCESS, logIndex=5151, commits[244f13ac-34be-4c4e-8e45-0c0272edbbb2:c5151, 6287e41a-5356-4f55-84f2-270816d53e84:c5147, a2c18d3d-e79d-47c9-88fe-d8a1d195302b:c5147]
2019-08-23 11:31:53,582 | INFO  | DNAudit | user=null | ip=null | op=WRITE_CHUNK {blockData=conID: 1 locID: 102666070495199918 bcsId: 0} | ret=SUCCESS |  
2019-08-23 11:31:53,582 | INFO  | DNAudit | user=null | ip=null | op=PUT_BLOCK {blockData=[blockId=conID: 1 locID: 102666070495199918 bcsId: 0,size=1048576]} | ret=SUCCESS |  
2019-08-23 11:31:53,583 | INFO  | DNAudit | user=null | ip=null | op=WRITE_CHUNK {blockData=conID: 1 locID: 102666070495199918 bcsId: 0} | ret=SUCCESS |  
2019-08-23 11:31:53,583 | INFO  | DNAudit | user=null | ip=null | op=PUT_BLOCK {blockData=[blockId=conID: 1 locID: 102666070495199918 bcsId: 0,size=2097152]} | ret=SUCCESS |  
2019-08-23 11:31:53,584 | INFO  | DNAudit | user=null | ip=null | op=WRITE_CHUNK {blockData=conID: 1 locID: 102666070495199918 bcsId: 0} | ret=SUCCESS |  
2019-08-23 11:31:53,584 [grpc-default-executor-0] INFO  client.GrpcClientProtocolClient (GrpcClientProtocolClient.java:onNext(255)) - client-C9E345EC67ED->244f13ac-34be-4c4e-8e45-0c0272edbbb2: receive RaftClientReply:client-C9E345EC67ED->244f13ac-34be-4c4e-8e45-0c0272edbbb2@group-FE77C852EF02, cid=3425, SUCCESS, logIndex=0, commits[244f13ac-34be-4c4e-8e45-0c0272edbbb2:c5153, 6287e41a-5356-4f55-84f2-270816d53e84:c5149, a2c18d3d-e79d-47c9-88fe-d8a1d195302b:c5149]
2019-08-23 11:31:53,584 | INFO  | DNAudit | user=null | ip=null | op=PUT_BLOCK {blockData=[blockId=conID: 1 locID: 102666070495199918 bcsId: 0,size=2097152]} | ret=SUCCESS |  
2019-08-23 11:31:53,591 | INFO  | DNAudit | user=null | ip=null | op=WRITE_CHUNK {blockData=conID: 1 locID: 102666070495199918 bcsId: 5151} | ret=SUCCESS |  
2019-08-23 11:31:53,593 | INFO  | DNAudit | user=null | ip=null | op=WRITE_CHUNK {blockData=conID: 1 locID: 102666070495199918 bcsId: 5151} | ret=SUCCESS |  
2019-08-23 11:31:53,594 | INFO  | DNAudit | user=null | ip=null | op=WRITE_CHUNK {blockData=conID: 1 locID: 102666070495199918 bcsId: 5151} | ret=SUCCESS |  
2019-08-23 11:31:53,602 | INFO  | DNAudit | user=null | ip=null | op=WRITE_CHUNK {blockData=conID: 1 locID: 102666070495199918 bcsId: 5151} | ret=SUCCESS |  
2019-08-23 11:31:53,602 | INFO  | DNAudit | user=null | ip=null | op=PUT_BLOCK {blockData=[blockId=conID: 1 locID: 102666070495199918 bcsId: 0,size=3145728]} | ret=SUCCESS |  
2019-08-23 11:31:53,603 [grpc-default-executor-4] INFO  client.GrpcClientProtocolClient (GrpcClientProtocolClient.java:onNext(255)) - client-C9E345EC67ED->244f13ac-34be-4c4e-8e45-0c0272edbbb2: receive RaftClientReply:client-C9E345EC67ED->244f13ac-34be-4c4e-8e45-0c0272edbbb2@group-FE77C852EF02, cid=3426, SUCCESS, logIndex=5156, commits[244f13ac-34be-4c4e-8e45-0c0272edbbb2:c5157, 6287e41a-5356-4f55-84f2-270816d53e84:c5155, a2c18d3d-e79d-47c9-88fe-d8a1d195302b:c5155]
2019-08-23 11:31:53,603 [grpc-default-executor-4] INFO  client.GrpcClientProtocolClient (GrpcClientProtocolClient.java:onNext(255)) - client-C9E345EC67ED->244f13ac-34be-4c4e-8e45-0c0272edbbb2: receive RaftClientReply:client-C9E345EC67ED->244f13ac-34be-4c4e-8e45-0c0272edbbb2@group-FE77C852EF02, cid=3427, SUCCESS, logIndex=5157, commits[244f13ac-34be-4c4e-8e45-0c0272edbbb2:c5157, 6287e41a-5356-4f55-84f2-270816d53e84:c5155, a2c18d3d-e79d-47c9-88fe-d8a1d195302b:c5155]
2019-08-23 11:31:53,604 | INFO  | DNAudit | user=null | ip=null | op=WRITE_CHUNK {blockData=conID: 1 locID: 102666070495199918 bcsId: 5151} | ret=SUCCESS |  
2019-08-23 11:31:53,604 | INFO  | DNAudit | user=null | ip=null | op=WRITE_CHUNK {blockData=conID: 1 locID: 102666070495199918 bcsId: 5151} | ret=SUCCESS |  
2019-08-23 11:31:53,604 | INFO  | DNAudit | user=null | ip=null | op=PUT_BLOCK {blockData=[blockId=conID: 1 locID: 102666070495199918 bcsId: 0,size=3145728]} | ret=SUCCESS |  
2019-08-23 11:31:53,604 | INFO  | DNAudit | user=null | ip=null | op=PUT_BLOCK {blockData=[blockId=conID: 1 locID: 102666070495199918 bcsId: 0,size=3145728]} | ret=SUCCESS |  
2019-08-23 11:31:53,612 | INFO  | DNAudit | user=null | ip=null | op=WRITE_CHUNK {blockData=conID: 1 locID: 102666070495199918 bcsId: 5157} | ret=SUCCESS |  
2019-08-23 11:31:53,614 | INFO  | DNAudit | user=null | ip=null | op=WRITE_CHUNK {blockData=conID: 1 locID: 102666070495199918 bcsId: 5157} | ret=SUCCESS |  
2019-08-23 11:31:53,614 | INFO  | DNAudit | user=null | ip=null | op=WRITE_CHUNK {blockData=conID: 1 locID: 102666070495199918 bcsId: 5157} | ret=SUCCESS |  
2019-08-23 11:31:53,621 | INFO  | DNAudit | user=null | ip=null | op=WRITE_CHUNK {blockData=conID: 1 locID: 102666070495199918 bcsId: 5157} | ret=SUCCESS |  
2019-08-23 11:31:53,621 | INFO  | DNAudit | user=null | ip=null | op=PUT_BLOCK {blockData=[blockId=conID: 1 locID: 102666070495199918 bcsId: 0,size=4194304]} | ret=SUCCESS |  
2019-08-23 11:31:53,621 [grpc-default-executor-0] INFO  client.GrpcClientProtocolClient (GrpcClientProtocolClient.java:onNext(255)) - client-C9E345EC67ED->244f13ac-34be-4c4e-8e45-0c0272edbbb2: receive RaftClientReply:client-C9E345EC67ED->244f13ac-34be-4c4e-8e45-0c0272edbbb2@group-FE77C852EF02, cid=3428, SUCCESS, logIndex=5160, commits[244f13ac-34be-4c4e-8e45-0c0272edbbb2:c5161, 6287e41a-5356-4f55-84f2-270816d53e84:c5159, a2c18d3d-e79d-47c9-88fe-d8a1d195302b:c5159]
2019-08-23 11:31:53,622 [grpc-default-executor-0] INFO  client.GrpcClientProtocolClient (GrpcClientProtocolClient.java:onNext(255)) - client-C9E345EC67ED->244f13ac-34be-4c4e-8e45-0c0272edbbb2: receive RaftClientReply:client-C9E345EC67ED->244f13ac-34be-4c4e-8e45-0c0272edbbb2@group-FE77C852EF02, cid=3429, SUCCESS, logIndex=5161, commits[244f13ac-34be-4c4e-8e45-0c0272edbbb2:c5161, 6287e41a-5356-4f55-84f2-270816d53e84:c5159, a2c18d3d-e79d-47c9-88fe-d8a1d195302b:c5159]
2019-08-23 11:31:53,622 | INFO  | DNAudit | user=null | ip=null | op=WRITE_CHUNK {blockData=conID: 1 locID: 102666070495199918 bcsId: 5157} | ret=SUCCESS |  
2019-08-23 11:31:53,622 | INFO  | DNAudit | user=null | ip=null | op=WRITE_CHUNK {blockData=conID: 1 locID: 102666070495199918 bcsId: 5157} | ret=SUCCESS |  
2019-08-23 11:31:53,622 | INFO  | DNAudit | user=null | ip=null | op=PUT_BLOCK {blockData=[blockId=conID: 1 locID: 102666070495199918 bcsId: 0,size=4194304]} | ret=SUCCESS |  
2019-08-23 11:31:53,623 | INFO  | DNAudit | user=null | ip=null | op=PUT_BLOCK {blockData=[blockId=conID: 1 locID: 102666070495199918 bcsId: 0,size=4194304]} | ret=SUCCESS |  
2019-08-23 11:31:53,623 [grpc-default-executor-0] INFO  client.GrpcClientProtocolClient (GrpcClientProtocolClient.java:onNext(255)) - client-C9E345EC67ED->244f13ac-34be-4c4e-8e45-0c0272edbbb2: receive RaftClientReply:client-C9E345EC67ED->244f13ac-34be-4c4e-8e45-0c0272edbbb2@group-FE77C852EF02, cid=3430, SUCCESS, logIndex=0, commits[244f13ac-34be-4c4e-8e45-0c0272edbbb2:c5162, 6287e41a-5356-4f55-84f2-270816d53e84:c5161, a2c18d3d-e79d-47c9-88fe-d8a1d195302b:c5161]
2019-08-23 11:31:53,634 | INFO  | SCMAudit | user=jenkins1000 | ip=192.168.5.185 | op=ALLOCATE_BLOCK {owner=00a23185-76ea-47b5-a641-ad3cfbe5521a, size=4194304, type=RATIS, factor=THREE} | ret=SUCCESS |  
2019-08-23 11:31:53,639 | INFO  | OMAudit | user=jenkins1000 | ip=127.0.0.1 | op=ALLOCATE_BLOCK {volume=vol-0-37508, bucket=bucket-0-50919, key=key-0-57313, dataSize=0, replicationType=null, replicationFactor=null, keyLocationInfo=null, clientID=102666068570931602} | ret=SUCCESS |  
2019-08-23 11:31:53,651 | INFO  | DNAudit | user=null | ip=null | op=WRITE_CHUNK {blockData=conID: 2 locID: 102666070499852975 bcsId: 0} | ret=SUCCESS |  
2019-08-23 11:31:53,655 | INFO  | DNAudit | user=null | ip=null | op=WRITE_CHUNK {blockData=conID: 2 locID: 102666070499852975 bcsId: 0} | ret=SUCCESS |  
2019-08-23 11:31:53,656 | INFO  | DNAudit | user=null | ip=null | op=WRITE_CHUNK {blockData=conID: 2 locID: 102666070499852975 bcsId: 0} | ret=SUCCESS |  
2019-08-23 11:31:53,656 | INFO  | DNAudit | user=null | ip=null | op=WRITE_CHUNK {blockData=conID: 2 locID: 102666070499852975 bcsId: 0} | ret=SUCCESS |  
2019-08-23 11:31:53,656 | INFO  | DNAudit | user=null | ip=null | op=WRITE_CHUNK {blockData=conID: 2 locID: 102666070499852975 bcsId: 0} | ret=SUCCESS |  
2019-08-23 11:31:53,656 | INFO  | DNAudit | user=null | ip=null | op=WRITE_CHUNK {blockData=conID: 2 locID: 102666070499852975 bcsId: 0} | ret=SUCCESS |  
2019-08-23 11:31:53,679 | INFO  | DNAudit | user=null | ip=null | op=WRITE_CHUNK {blockData=conID: 2 locID: 102666070499852975 bcsId: 0} | ret=SUCCESS |  
2019-08-23 11:31:53,679 | INFO  | DNAudit | user=null | ip=null | op=PUT_BLOCK {blockData=[blockId=conID: 2 locID: 102666070499852975 bcsId: 0,size=1048576]} | ret=SUCCESS |  
2019-08-23 11:31:53,680 | INFO  | DNAudit | user=null | ip=null | op=WRITE_CHUNK {blockData=conID: 2 locID: 102666070499852975 bcsId: 0} | ret=SUCCESS |  
2019-08-23 11:31:53,680 | INFO  | DNAudit | user=null | ip=null | op=PUT_BLOCK {blockData=[blockId=conID: 2 locID: 102666070499852975 bcsId: 0,size=2097152]} | ret=SUCCESS |  
2019-08-23 11:31:53,680 [grpc-default-executor-1] INFO  client.GrpcClientProtocolClient (GrpcClientProtocolClient.java:onNext(255)) - client-C9E345EC67ED->244f13ac-34be-4c4e-8e45-0c0272edbbb2: receive RaftClientReply:client-C9E345EC67ED->244f13ac-34be-4c4e-8e45-0c0272edbbb2@group-FE77C852EF02, cid=3431, SUCCESS, logIndex=5164, commits[244f13ac-34be-4c4e-8e45-0c0272edbbb2:c5166, 6287e41a-5356-4f55-84f2-270816d53e84:c5163, a2c18d3d-e79d-47c9-88fe-d8a1d195302b:c5163]
2019-08-23 11:31:53,680 | INFO  | DNAudit | user=null | ip=null | op=WRITE_CHUNK {blockData=conID: 2 locID: 102666070499852975 bcsId: 0} | ret=SUCCESS |  
2019-08-23 11:31:53,681 | INFO  | DNAudit | user=null | ip=null | op=PUT_BLOCK {blockData=[blockId=conID: 2 locID: 102666070499852975 bcsId: 0,size=1048576]} | ret=SUCCESS |  
2019-08-23 11:31:53,681 [grpc-default-executor-2] INFO  client.GrpcClientProtocolClient (GrpcClientProtocolClient.java:onNext(255)) - client-C9E345EC67ED->244f13ac-34be-4c4e-8e45-0c0272edbbb2: receive RaftClientReply:client-C9E345EC67ED->244f13ac-34be-4c4e-8e45-0c0272edbbb2@group-FE77C852EF02, cid=3432, SUCCESS, logIndex=5165, commits[244f13ac-34be-4c4e-8e45-0c0272edbbb2:c5167, 6287e41a-5356-4f55-84f2-270816d53e84:c5163, a2c18d3d-e79d-47c9-88fe-d8a1d195302b:c5163]
2019-08-23 11:31:53,681 | INFO  | DNAudit | user=null | ip=null | op=WRITE_CHUNK {blockData=conID: 2 locID: 102666070499852975 bcsId: 0} | ret=SUCCESS |  
2019-08-23 11:31:53,681 [grpc-default-executor-2] INFO  client.GrpcClientProtocolClient (GrpcClientProtocolClient.java:onNext(255)) - client-C9E345EC67ED->244f13ac-34be-4c4e-8e45-0c0272edbbb2: receive RaftClientReply:client-C9E345EC67ED->244f13ac-34be-4c4e-8e45-0c0272edbbb2@group-FE77C852EF02, cid=3433, SUCCESS, logIndex=5166, commits[244f13ac-34be-4c4e-8e45-0c0272edbbb2:c5167, 6287e41a-5356-4f55-84f2-270816d53e84:c5163, a2c18d3d-e79d-47c9-88fe-d8a1d195302b:c5163]
2019-08-23 11:31:53,681 | INFO  | DNAudit | user=null | ip=null | op=PUT_BLOCK {blockData=[blockId=conID: 2 locID: 102666070499852975 bcsId: 0,size=1048576]} | ret=SUCCESS |  
2019-08-23 11:31:53,681 [grpc-default-executor-1] INFO  client.GrpcClientProtocolClient (GrpcClientProtocolClient.java:onNext(255)) - client-C9E345EC67ED->244f13ac-34be-4c4e-8e45-0c0272edbbb2: receive RaftClientReply:client-C9E345EC67ED->244f13ac-34be-4c4e-8e45-0c0272edbbb2@group-FE77C852EF02, cid=3434, SUCCESS, logIndex=5167, commits[244f13ac-34be-4c4e-8e45-0c0272edbbb2:c5167, 6287e41a-5356-4f55-84f2-270816d53e84:c5163, a2c18d3d-e79d-47c9-88fe-d8a1d195302b:c5163]
2019-08-23 11:31:53,682 | INFO  | DNAudit | user=null | ip=null | op=WRITE_CHUNK {blockData=conID: 2 locID: 102666070499852975 bcsId: 0} | ret=SUCCESS |  
2019-08-23 11:31:53,682 | INFO  | DNAudit | user=null | ip=null | op=PUT_BLOCK {blockData=[blockId=conID: 2 locID: 102666070499852975 bcsId: 0,size=2097152]} | ret=SUCCESS |  
2019-08-23 11:31:53,682 [grpc-default-executor-2] INFO  client.GrpcClientProtocolClient (GrpcClientProtocolClient.java:onNext(255)) - client-C9E345EC67ED->244f13ac-34be-4c4e-8e45-0c0272edbbb2: receive RaftClientReply:client-C9E345EC67ED->244f13ac-34be-4c4e-8e45-0c0272edbbb2@group-FE77C852EF02, cid=3435, SUCCESS, logIndex=0, commits[244f13ac-34be-4c4e-8e45-0c0272edbbb2:c5168, 6287e41a-5356-4f55-84f2-270816d53e84:c5165, a2c18d3d-e79d-47c9-88fe-d8a1d195302b:c5165]
2019-08-23 11:31:53,683 | INFO  | DNAudit | user=null | ip=null | op=WRITE_CHUNK {blockData=conID: 2 locID: 102666070499852975 bcsId: 0} | ret=SUCCESS |  
2019-08-23 11:31:53,683 | INFO  | DNAudit | user=null | ip=null | op=PUT_BLOCK {blockData=[blockId=conID: 2 locID: 102666070499852975 bcsId: 0,size=2097152]} | ret=SUCCESS |  
2019-08-23 11:31:53,689 | INFO  | DNAudit | user=null | ip=null | op=WRITE_CHUNK {blockData=conID: 2 locID: 102666070499852975 bcsId: 5167} | ret=SUCCESS |  
2019-08-23 11:31:53,691 | INFO  | DNAudit | user=null | ip=null | op=WRITE_CHUNK {blockData=conID: 2 locID: 102666070499852975 bcsId: 5167} | ret=SUCCESS |  
2019-08-23 11:31:53,692 | INFO  | DNAudit | user=null | ip=null | op=WRITE_CHUNK {blockData=conID: 2 locID: 102666070499852975 bcsId: 5167} | ret=SUCCESS |  
2019-08-23 11:31:53,696 | INFO  | DNAudit | user=null | ip=null | op=WRITE_CHUNK {blockData=conID: 2 locID: 102666070499852975 bcsId: 5167} | ret=SUCCESS |  
2019-08-23 11:31:53,697 | INFO  | DNAudit | user=null | ip=null | op=PUT_BLOCK {blockData=[blockId=conID: 2 locID: 102666070499852975 bcsId: 0,size=3145728]} | ret=SUCCESS |  
2019-08-23 11:31:53,697 [grpc-default-executor-1] INFO  client.GrpcClientProtocolClient (GrpcClientProtocolClient.java:onNext(255)) - client-C9E345EC67ED->244f13ac-34be-4c4e-8e45-0c0272edbbb2: receive RaftClientReply:client-C9E345EC67ED->244f13ac-34be-4c4e-8e45-0c0272edbbb2@group-FE77C852EF02, cid=3436, SUCCESS, logIndex=5172, commits[244f13ac-34be-4c4e-8e45-0c0272edbbb2:c5173, 6287e41a-5356-4f55-84f2-270816d53e84:c5171, a2c18d3d-e79d-47c9-88fe-d8a1d195302b:c5171]
2019-08-23 11:31:53,697 | INFO  | DNAudit | user=null | ip=null | op=WRITE_CHUNK {blockData=conID: 2 locID: 102666070499852975 bcsId: 5167} | ret=SUCCESS |  
2019-08-23 11:31:53,698 | INFO  | DNAudit | user=null | ip=null | op=WRITE_CHUNK {blockData=conID: 2 locID: 102666070499852975 bcsId: 5167} | ret=SUCCESS |  
2019-08-23 11:31:53,698 [grpc-default-executor-1] INFO  client.GrpcClientProtocolClient (GrpcClientProtocolClient.java:onNext(255)) - client-C9E345EC67ED->244f13ac-34be-4c4e-8e45-0c0272edbbb2: receive RaftClientReply:client-C9E345EC67ED->244f13ac-34be-4c4e-8e45-0c0272edbbb2@group-FE77C852EF02, cid=3437, SUCCESS, logIndex=5173, commits[244f13ac-34be-4c4e-8e45-0c0272edbbb2:c5173, 6287e41a-5356-4f55-84f2-270816d53e84:c5171, a2c18d3d-e79d-47c9-88fe-d8a1d195302b:c5171]
2019-08-23 11:31:53,699 | INFO  | DNAudit | user=null | ip=null | op=PUT_BLOCK {blockData=[blockId=conID: 2 locID: 102666070499852975 bcsId: 0,size=3145728]} | ret=SUCCESS |  
2019-08-23 11:31:53,699 | INFO  | DNAudit | user=null | ip=null | op=PUT_BLOCK {blockData=[blockId=conID: 2 locID: 102666070499852975 bcsId: 0,size=3145728]} | ret=SUCCESS |  
2019-08-23 11:31:53,705 | INFO  | DNAudit | user=null | ip=null | op=WRITE_CHUNK {blockData=conID: 2 locID: 102666070499852975 bcsId: 5173} | ret=SUCCESS |  
2019-08-23 11:31:53,707 | INFO  | DNAudit | user=null | ip=null | op=WRITE_CHUNK {blockData=conID: 2 locID: 102666070499852975 bcsId: 5173} | ret=SUCCESS |  
2019-08-23 11:31:53,707 | INFO  | DNAudit | user=null | ip=null | op=WRITE_CHUNK {blockData=conID: 2 locID: 102666070499852975 bcsId: 5173} | ret=SUCCESS |  
2019-08-23 11:31:53,714 | INFO  | DNAudit | user=null | ip=null | op=WRITE_CHUNK {blockData=conID: 2 locID: 102666070499852975 bcsId: 5173} | ret=SUCCESS |  
2019-08-23 11:31:53,715 | INFO  | DNAudit | user=null | ip=null | op=PUT_BLOCK {blockData=[blockId=conID: 2 locID: 102666070499852975 bcsId: 0,size=4194304]} | ret=SUCCESS |  
2019-08-23 11:31:53,715 [grpc-default-executor-1] INFO  client.GrpcClientProtocolClient (GrpcClientProtocolClient.java:onNext(255)) - client-C9E345EC67ED->244f13ac-34be-4c4e-8e45-0c0272edbbb2: receive RaftClientReply:client-C9E345EC67ED->244f13ac-34be-4c4e-8e45-0c0272edbbb2@group-FE77C852EF02, cid=3438, SUCCESS, logIndex=5176, commits[244f13ac-34be-4c4e-8e45-0c0272edbbb2:c5177, 6287e41a-5356-4f55-84f2-270816d53e84:c5175, a2c18d3d-e79d-47c9-88fe-d8a1d195302b:c5175]
2019-08-23 11:31:53,716 | INFO  | DNAudit | user=null | ip=null | op=WRITE_CHUNK {blockData=conID: 2 locID: 102666070499852975 bcsId: 5173} | ret=SUCCESS |  
2019-08-23 11:31:53,716 | INFO  | DNAudit | user=null | ip=null | op=WRITE_CHUNK {blockData=conID: 2 locID: 102666070499852975 bcsId: 5173} | ret=SUCCESS |  
2019-08-23 11:31:53,715 [grpc-default-executor-1] INFO  client.GrpcClientProtocolClient (GrpcClientProtocolClient.java:onNext(255)) - client-C9E345EC67ED->244f13ac-34be-4c4e-8e45-0c0272edbbb2: receive RaftClientReply:client-C9E345EC67ED->244f13ac-34be-4c4e-8e45-0c0272edbbb2@group-FE77C852EF02, cid=3439, SUCCESS, logIndex=5177, commits[244f13ac-34be-4c4e-8e45-0c0272edbbb2:c5177, 6287e41a-5356-4f55-84f2-270816d53e84:c5175, a2c18d3d-e79d-47c9-88fe-d8a1d195302b:c5175]
2019-08-23 11:31:53,716 | INFO  | DNAudit | user=null | ip=null | op=PUT_BLOCK {blockData=[blockId=conID: 2 locID: 102666070499852975 bcsId: 0,size=4194304]} | ret=SUCCESS |  
2019-08-23 11:31:53,716 | INFO  | DNAudit | user=null | ip=null | op=PUT_BLOCK {blockData=[blockId=conID: 2 locID: 102666070499852975 bcsId: 0,size=4194304]} | ret=SUCCESS |  
2019-08-23 11:31:53,717 [grpc-default-executor-2] INFO  client.GrpcClientProtocolClient (GrpcClientProtocolClient.java:onNext(255)) - client-C9E345EC67ED->244f13ac-34be-4c4e-8e45-0c0272edbbb2: receive RaftClientReply:client-C9E345EC67ED->244f13ac-34be-4c4e-8e45-0c0272edbbb2@group-FE77C852EF02, cid=3440, SUCCESS, logIndex=0, commits[244f13ac-34be-4c4e-8e45-0c0272edbbb2:c5178, 6287e41a-5356-4f55-84f2-270816d53e84:c5177, a2c18d3d-e79d-47c9-88fe-d8a1d195302b:c5177]
2019-08-23 11:31:53,724 | INFO  | SCMAudit | user=jenkins1000 | ip=192.168.5.185 | op=ALLOCATE_BLOCK {owner=00a23185-76ea-47b5-a641-ad3cfbe5521a, size=4194304, type=RATIS, factor=THREE} | ret=SUCCESS |  
2019-08-23 11:31:53,729 | INFO  | OMAudit | user=jenkins1000 | ip=127.0.0.1 | op=ALLOCATE_BLOCK {volume=vol-0-37508, bucket=bucket-0-50919, key=key-0-57313, dataSize=0, replicationType=null, replicationFactor=null, keyLocationInfo=null, clientID=102666068570931602} | ret=SUCCESS |  
2019-08-23 11:31:53,737 | INFO  | DNAudit | user=null | ip=null | op=WRITE_CHUNK {blockData=conID: 3 locID: 102666070505816752 bcsId: 0} | ret=SUCCESS |  
2019-08-23 11:31:53,739 | INFO  | DNAudit | user=null | ip=null | op=WRITE_CHUNK {blockData=conID: 3 locID: 102666070505816752 bcsId: 0} | ret=SUCCESS |  
2019-08-23 11:31:53,741 | INFO  | DNAudit | user=null | ip=null | op=WRITE_CHUNK {blockData=conID: 3 locID: 102666070505816752 bcsId: 0} | ret=SUCCESS |  
2019-08-23 11:31:53,741 | INFO  | DNAudit | user=null | ip=null | op=WRITE_CHUNK {blockData=conID: 3 locID: 102666070505816752 bcsId: 0} | ret=SUCCESS |  
2019-08-23 11:31:53,744 | INFO  | DNAudit | user=null | ip=null | op=WRITE_CHUNK {blockData=conID: 3 locID: 102666070505816752 bcsId: 0} | ret=SUCCESS |  
2019-08-23 11:31:53,744 | INFO  | DNAudit | user=null | ip=null | op=WRITE_CHUNK {blockData=conID: 3 locID: 102666070505816752 bcsId: 0} | ret=SUCCESS |  
2019-08-23 11:31:53,751 | INFO  | DNAudit | user=null | ip=null | op=WRITE_CHUNK {blockData=conID: 3 locID: 102666070505816752 bcsId: 0} | ret=SUCCESS |  
2019-08-23 11:31:53,751 | INFO  | DNAudit | user=null | ip=null | op=PUT_BLOCK {blockData=[blockId=conID: 3 locID: 102666070505816752 bcsId: 0,size=1048576]} | ret=SUCCESS |  
2019-08-23 11:31:53,752 [grpc-default-executor-4] INFO  client.GrpcClientProtocolClient (GrpcClientProtocolClient.java:onNext(255)) - client-C9E345EC67ED->244f13ac-34be-4c4e-8e45-0c0272edbbb2: receive RaftClientReply:client-C9E345EC67ED->244f13ac-34be-4c4e-8e45-0c0272edbbb2@group-FE77C852EF02, cid=3441, SUCCESS, logIndex=5180, commits[244f13ac-34be-4c4e-8e45-0c0272edbbb2:c5181, 6287e41a-5356-4f55-84f2-270816d53e84:c5179, a2c18d3d-e79d-47c9-88fe-d8a1d195302b:c5179]
2019-08-23 11:31:53,752 [grpc-default-executor-4] INFO  client.GrpcClientProtocolClient (GrpcClientProtocolClient.java:onNext(255)) - client-C9E345EC67ED->244f13ac-34be-4c4e-8e45-0c0272edbbb2: receive RaftClientReply:client-C9E345EC67ED->244f13ac-34be-4c4e-8e45-0c0272edbbb2@group-FE77C852EF02, cid=3442, SUCCESS, logIndex=5181, commits[244f13ac-34be-4c4e-8e45-0c0272edbbb2:c5181, 6287e41a-5356-4f55-84f2-270816d53e84:c5179, a2c18d3d-e79d-47c9-88fe-d8a1d195302b:c5179]
2019-08-23 11:31:53,761 | INFO  | DNAudit | user=null | ip=null | op=WRITE_CHUNK {blockData=conID: 3 locID: 102666070505816752 bcsId: 0} | ret=SUCCESS |  
2019-08-23 11:31:53,762 | INFO  | DNAudit | user=null | ip=null | op=PUT_BLOCK {blockData=[blockId=conID: 3 locID: 102666070505816752 bcsId: 0,size=2097152]} | ret=SUCCESS |  
2019-08-23 11:31:53,762 [grpc-default-executor-2] INFO  client.GrpcClientProtocolClient (GrpcClientProtocolClient.java:onNext(255)) - client-C9E345EC67ED->244f13ac-34be-4c4e-8e45-0c0272edbbb2: receive RaftClientReply:client-C9E345EC67ED->244f13ac-34be-4c4e-8e45-0c0272edbbb2@group-FE77C852EF02, cid=3443, SUCCESS, logIndex=5182, commits[244f13ac-34be-4c4e-8e45-0c0272edbbb2:c5183, 6287e41a-5356-4f55-84f2-270816d53e84:c5179, a2c18d3d-e79d-47c9-88fe-d8a1d195302b:c5179]
2019-08-23 11:31:53,762 [grpc-default-executor-2] INFO  client.GrpcClientProtocolClient (GrpcClientProtocolClient.java:onNext(255)) - client-C9E345EC67ED->244f13ac-34be-4c4e-8e45-0c0272edbbb2: receive RaftClientReply:client-C9E345EC67ED->244f13ac-34be-4c4e-8e45-0c0272edbbb2@group-FE77C852EF02, cid=3444, SUCCESS, logIndex=5183, commits[244f13ac-34be-4c4e-8e45-0c0272edbbb2:c5183, 6287e41a-5356-4f55-84f2-270816d53e84:c5179, a2c18d3d-e79d-47c9-88fe-d8a1d195302b:c5179]
2019-08-23 11:31:53,774 | INFO  | DNAudit | user=null | ip=null | op=WRITE_CHUNK {blockData=conID: 3 locID: 102666070505816752 bcsId: 0} | ret=SUCCESS |  
2019-08-23 11:31:53,774 | INFO  | DNAudit | user=null | ip=null | op=WRITE_CHUNK {blockData=conID: 3 locID: 102666070505816752 bcsId: 0} | ret=SUCCESS |  
2019-08-23 11:31:53,775 | INFO  | DNAudit | user=null | ip=null | op=PUT_BLOCK {blockData=[blockId=conID: 3 locID: 102666070505816752 bcsId: 0,size=1048576]} | ret=SUCCESS |  
2019-08-23 11:31:53,775 | INFO  | DNAudit | user=null | ip=null | op=PUT_BLOCK {blockData=[blockId=conID: 3 locID: 102666070505816752 bcsId: 0,size=1048576]} | ret=SUCCESS |  
2019-08-23 11:31:53,774 [grpc-default-executor-2] INFO  client.GrpcClientProtocolClient (GrpcClientProtocolClient.java:onNext(255)) - client-C9E345EC67ED->244f13ac-34be-4c4e-8e45-0c0272edbbb2: receive RaftClientReply:client-C9E345EC67ED->244f13ac-34be-4c4e-8e45-0c0272edbbb2@group-FE77C852EF02, cid=3445, SUCCESS, logIndex=0, commits[244f13ac-34be-4c4e-8e45-0c0272edbbb2:c5185, 6287e41a-5356-4f55-84f2-270816d53e84:c5181, a2c18d3d-e79d-47c9-88fe-d8a1d195302b:c5181]
2019-08-23 11:31:53,775 | INFO  | DNAudit | user=null | ip=null | op=WRITE_CHUNK {blockData=conID: 3 locID: 102666070505816752 bcsId: 0} | ret=SUCCESS |  
2019-08-23 11:31:53,776 | INFO  | DNAudit | user=null | ip=null | op=WRITE_CHUNK {blockData=conID: 3 locID: 102666070505816752 bcsId: 0} | ret=SUCCESS |  
2019-08-23 11:31:53,776 | INFO  | DNAudit | user=null | ip=null | op=PUT_BLOCK {blockData=[blockId=conID: 3 locID: 102666070505816752 bcsId: 0,size=2097152]} | ret=SUCCESS |  
2019-08-23 11:31:53,780 | INFO  | DNAudit | user=null | ip=null | op=PUT_BLOCK {blockData=[blockId=conID: 3 locID: 102666070505816752 bcsId: 0,size=2097152]} | ret=SUCCESS |  
2019-08-23 11:31:53,785 | INFO  | DNAudit | user=null | ip=null | op=WRITE_CHUNK {blockData=conID: 3 locID: 102666070505816752 bcsId: 5183} | ret=SUCCESS |  
2019-08-23 11:31:53,787 | INFO  | DNAudit | user=null | ip=null | op=WRITE_CHUNK {blockData=conID: 3 locID: 102666070505816752 bcsId: 5183} | ret=SUCCESS |  
2019-08-23 11:31:53,788 | INFO  | DNAudit | user=null | ip=null | op=WRITE_CHUNK {blockData=conID: 3 locID: 102666070505816752 bcsId: 5183} | ret=SUCCESS |  
2019-08-23 11:31:53,791 | INFO  | DNAudit | user=null | ip=null | op=WRITE_CHUNK {blockData=conID: 3 locID: 102666070505816752 bcsId: 5183} | ret=SUCCESS |  
2019-08-23 11:31:53,792 | INFO  | DNAudit | user=null | ip=null | op=PUT_BLOCK {blockData=[blockId=conID: 3 locID: 102666070505816752 bcsId: 0,size=3145728]} | ret=SUCCESS |  
2019-08-23 11:31:53,792 [grpc-default-executor-2] INFO  client.GrpcClientProtocolClient (GrpcClientProtocolClient.java:onNext(255)) - client-C9E345EC67ED->244f13ac-34be-4c4e-8e45-0c0272edbbb2: receive RaftClientReply:client-C9E345EC67ED->244f13ac-34be-4c4e-8e45-0c0272edbbb2@group-FE77C852EF02, cid=3446, SUCCESS, logIndex=5188, commits[244f13ac-34be-4c4e-8e45-0c0272edbbb2:c5189, 6287e41a-5356-4f55-84f2-270816d53e84:c5187, a2c18d3d-e79d-47c9-88fe-d8a1d195302b:c5187]
2019-08-23 11:31:53,792 [grpc-default-executor-2] INFO  client.GrpcClientProtocolClient (GrpcClientProtocolClient.java:onNext(255)) - client-C9E345EC67ED->244f13ac-34be-4c4e-8e45-0c0272edbbb2: receive RaftClientReply:client-C9E345EC67ED->244f13ac-34be-4c4e-8e45-0c0272edbbb2@group-FE77C852EF02, cid=3447, SUCCESS, logIndex=5189, commits[244f13ac-34be-4c4e-8e45-0c0272edbbb2:c5189, 6287e41a-5356-4f55-84f2-270816d53e84:c5187, a2c18d3d-e79d-47c9-88fe-d8a1d195302b:c5187]
2019-08-23 11:31:53,793 | INFO  | DNAudit | user=null | ip=null | op=WRITE_CHUNK {blockData=conID: 3 locID: 102666070505816752 bcsId: 5183} | ret=SUCCESS |  
2019-08-23 11:31:53,793 | INFO  | DNAudit | user=null | ip=null | op=WRITE_CHUNK {blockData=conID: 3 locID: 102666070505816752 bcsId: 5183} | ret=SUCCESS |  
2019-08-23 11:31:53,799 | INFO  | DNAudit | user=null | ip=null | op=WRITE_CHUNK {blockData=conID: 3 locID: 102666070505816752 bcsId: 5189} | ret=SUCCESS |  
2019-08-23 11:31:53,801 | INFO  | DNAudit | user=null | ip=null | op=WRITE_CHUNK {blockData=conID: 3 locID: 102666070505816752 bcsId: 5189} | ret=SUCCESS |  
2019-08-23 11:31:53,802 | INFO  | DNAudit | user=null | ip=null | op=PUT_BLOCK {blockData=[blockId=conID: 3 locID: 102666070505816752 bcsId: 0,size=3145728]} | ret=SUCCESS |  
2019-08-23 11:31:53,802 | INFO  | DNAudit | user=null | ip=null | op=WRITE_CHUNK {blockData=conID: 3 locID: 102666070505816752 bcsId: 5189} | ret=SUCCESS |  
2019-08-23 11:31:53,813 | INFO  | DNAudit | user=null | ip=null | op=PUT_BLOCK {blockData=[blockId=conID: 3 locID: 102666070505816752 bcsId: 0,size=3145728]} | ret=SUCCESS |  
2019-08-23 11:31:53,815 | INFO  | DNAudit | user=null | ip=null | op=WRITE_CHUNK {blockData=conID: 3 locID: 102666070505816752 bcsId: 5189} | ret=SUCCESS |  
2019-08-23 11:31:53,815 | INFO  | DNAudit | user=null | ip=null | op=PUT_BLOCK {blockData=[blockId=conID: 3 locID: 102666070505816752 bcsId: 0,size=4194304]} | ret=SUCCESS |  
2019-08-23 11:31:53,815 [grpc-default-executor-2] INFO  client.GrpcClientProtocolClient (GrpcClientProtocolClient.java:onNext(255)) - client-C9E345EC67ED->244f13ac-34be-4c4e-8e45-0c0272edbbb2: receive RaftClientReply:client-C9E345EC67ED->244f13ac-34be-4c4e-8e45-0c0272edbbb2@group-FE77C852EF02, cid=3448, SUCCESS, logIndex=5192, commits[244f13ac-34be-4c4e-8e45-0c0272edbbb2:c5193, 6287e41a-5356-4f55-84f2-270816d53e84:c5190, a2c18d3d-e79d-47c9-88fe-d8a1d195302b:c5190]
2019-08-23 11:31:53,816 | INFO  | DNAudit | user=null | ip=null | op=WRITE_CHUNK {blockData=conID: 3 locID: 102666070505816752 bcsId: 5189} | ret=SUCCESS |  
2019-08-23 11:31:53,816 [grpc-default-executor-2] INFO  client.GrpcClientProtocolClient (GrpcClientProtocolClient.java:onNext(255)) - client-C9E345EC67ED->244f13ac-34be-4c4e-8e45-0c0272edbbb2: receive RaftClientReply:client-C9E345EC67ED->244f13ac-34be-4c4e-8e45-0c0272edbbb2@group-FE77C852EF02, cid=3449, SUCCESS, logIndex=5193, commits[244f13ac-34be-4c4e-8e45-0c0272edbbb2:c5193, 6287e41a-5356-4f55-84f2-270816d53e84:c5190, a2c18d3d-e79d-47c9-88fe-d8a1d195302b:c5190]
2019-08-23 11:31:53,816 | INFO  | DNAudit | user=null | ip=null | op=WRITE_CHUNK {blockData=conID: 3 locID: 102666070505816752 bcsId: 5189} | ret=SUCCESS |  
2019-08-23 11:31:53,817 | INFO  | DNAudit | user=null | ip=null | op=PUT_BLOCK {blockData=[blockId=conID: 3 locID: 102666070505816752 bcsId: 0,size=4194304]} | ret=SUCCESS |  
2019-08-23 11:31:53,817 | INFO  | DNAudit | user=null | ip=null | op=PUT_BLOCK {blockData=[blockId=conID: 3 locID: 102666070505816752 bcsId: 0,size=4194304]} | ret=SUCCESS |  
2019-08-23 11:31:53,818 [grpc-default-executor-2] INFO  client.GrpcClientProtocolClient (GrpcClientProtocolClient.java:onNext(255)) - client-C9E345EC67ED->244f13ac-34be-4c4e-8e45-0c0272edbbb2: receive RaftClientReply:client-C9E345EC67ED->244f13ac-34be-4c4e-8e45-0c0272edbbb2@group-FE77C852EF02, cid=3450, SUCCESS, logIndex=0, commits[244f13ac-34be-4c4e-8e45-0c0272edbbb2:c5195, 6287e41a-5356-4f55-84f2-270816d53e84:c5193, a2c18d3d-e79d-47c9-88fe-d8a1d195302b:c5193]
2019-08-23 11:31:53,827 | INFO  | SCMAudit | user=jenkins1000 | ip=192.168.5.185 | op=ALLOCATE_BLOCK {owner=00a23185-76ea-47b5-a641-ad3cfbe5521a, size=4194304, type=RATIS, factor=THREE} | ret=SUCCESS |  
2019-08-23 11:31:53,833 | INFO  | OMAudit | user=jenkins1000 | ip=127.0.0.1 | op=ALLOCATE_BLOCK {volume=vol-0-37508, bucket=bucket-0-50919, key=key-0-57313, dataSize=0, replicationType=null, replicationFactor=null, keyLocationInfo=null, clientID=102666068570931602} | ret=SUCCESS |  
2019-08-23 11:31:53,841 | INFO  | DNAudit | user=null | ip=null | op=WRITE_CHUNK {blockData=conID: 1 locID: 102666070512566961 bcsId: 0} | ret=SUCCESS |  
2019-08-23 11:31:53,843 | INFO  | DNAudit | user=null | ip=null | op=WRITE_CHUNK {blockData=conID: 1 locID: 102666070512566961 bcsId: 0} | ret=SUCCESS |  
2019-08-23 11:31:53,843 | INFO  | DNAudit | user=null | ip=null | op=WRITE_CHUNK {blockData=conID: 1 locID: 102666070512566961 bcsId: 0} | ret=SUCCESS |  
2019-08-23 11:31:53,844 | INFO  | DNAudit | user=null | ip=null | op=WRITE_CHUNK {blockData=conID: 1 locID: 102666070512566961 bcsId: 0} | ret=SUCCESS |  
2019-08-23 11:31:53,846 | INFO  | DNAudit | user=null | ip=null | op=WRITE_CHUNK {blockData=conID: 1 locID: 102666070512566961 bcsId: 0} | ret=SUCCESS |  
2019-08-23 11:31:53,847 | INFO  | DNAudit | user=null | ip=null | op=WRITE_CHUNK {blockData=conID: 1 locID: 102666070512566961 bcsId: 0} | ret=SUCCESS |  
2019-08-23 11:31:53,854 | INFO  | DNAudit | user=null | ip=null | op=WRITE_CHUNK {blockData=conID: 1 locID: 102666070512566961 bcsId: 0} | ret=SUCCESS |  
2019-08-23 11:31:53,855 | INFO  | DNAudit | user=null | ip=null | op=PUT_BLOCK {blockData=[blockId=conID: 1 locID: 102666070512566961 bcsId: 0,size=1048576]} | ret=SUCCESS |  
2019-08-23 11:31:53,855 [grpc-default-executor-0] INFO  client.GrpcClientProtocolClient (GrpcClientProtocolClient.java:onNext(255)) - client-C9E345EC67ED->244f13ac-34be-4c4e-8e45-0c0272edbbb2: receive RaftClientReply:client-C9E345EC67ED->244f13ac-34be-4c4e-8e45-0c0272edbbb2@group-FE77C852EF02, cid=3451, SUCCESS, logIndex=5196, commits[244f13ac-34be-4c4e-8e45-0c0272edbbb2:c5197, 6287e41a-5356-4f55-84f2-270816d53e84:c5195, a2c18d3d-e79d-47c9-88fe-d8a1d195302b:c5195]
2019-08-23 11:31:53,856 | INFO  | DNAudit | user=null | ip=null | op=WRITE_CHUNK {blockData=conID: 1 locID: 102666070512566961 bcsId: 0} | ret=SUCCESS |  
2019-08-23 11:31:53,856 | INFO  | DNAudit | user=null | ip=null | op=PUT_BLOCK {blockData=[blockId=conID: 1 locID: 102666070512566961 bcsId: 0,size=2097152]} | ret=SUCCESS |  
2019-08-23 11:31:53,856 [grpc-default-executor-1] INFO  client.GrpcClientProtocolClient (GrpcClientProtocolClient.java:onNext(255)) - client-C9E345EC67ED->244f13ac-34be-4c4e-8e45-0c0272edbbb2: receive RaftClientReply:client-C9E345EC67ED->244f13ac-34be-4c4e-8e45-0c0272edbbb2@group-FE77C852EF02, cid=3452, SUCCESS, logIndex=5197, commits[244f13ac-34be-4c4e-8e45-0c0272edbbb2:c5197, 6287e41a-5356-4f55-84f2-270816d53e84:c5195, a2c18d3d-e79d-47c9-88fe-d8a1d195302b:c5195]
2019-08-23 11:31:53,857 [grpc-default-executor-1] INFO  client.GrpcClientProtocolClient (GrpcClientProtocolClient.java:onNext(255)) - client-C9E345EC67ED->244f13ac-34be-4c4e-8e45-0c0272edbbb2: receive RaftClientReply:client-C9E345EC67ED->244f13ac-34be-4c4e-8e45-0c0272edbbb2@group-FE77C852EF02, cid=3453, SUCCESS, logIndex=5198, commits[244f13ac-34be-4c4e-8e45-0c0272edbbb2:c5199, 6287e41a-5356-4f55-84f2-270816d53e84:c5195, a2c18d3d-e79d-47c9-88fe-d8a1d195302b:c5195]
2019-08-23 11:31:53,857 | INFO  | DNAudit | user=null | ip=null | op=WRITE_CHUNK {blockData=conID: 1 locID: 102666070512566961 bcsId: 0} | ret=SUCCESS |  
2019-08-23 11:31:53,857 | INFO  | DNAudit | user=null | ip=null | op=WRITE_CHUNK {blockData=conID: 1 locID: 102666070512566961 bcsId: 0} | ret=SUCCESS |  
2019-08-23 11:31:53,857 | INFO  | DNAudit | user=null | ip=null | op=PUT_BLOCK {blockData=[blockId=conID: 1 locID: 102666070512566961 bcsId: 0,size=1048576]} | ret=SUCCESS |  
2019-08-23 11:31:53,858 | INFO  | DNAudit | user=null | ip=null | op=PUT_BLOCK {blockData=[blockId=conID: 1 locID: 102666070512566961 bcsId: 0,size=1048576]} | ret=SUCCESS |  
2019-08-23 11:31:53,858 [grpc-default-executor-0] INFO  client.GrpcClientProtocolClient (GrpcClientProtocolClient.java:onNext(255)) - client-C9E345EC67ED->244f13ac-34be-4c4e-8e45-0c0272edbbb2: receive RaftClientReply:client-C9E345EC67ED->244f13ac-34be-4c4e-8e45-0c0272edbbb2@group-FE77C852EF02, cid=3454, SUCCESS, logIndex=5199, commits[244f13ac-34be-4c4e-8e45-0c0272edbbb2:c5199, 6287e41a-5356-4f55-84f2-270816d53e84:c5195, a2c18d3d-e79d-47c9-88fe-d8a1d195302b:c5195]
2019-08-23 11:31:53,858 | INFO  | DNAudit | user=null | ip=null | op=WRITE_CHUNK {blockData=conID: 1 locID: 102666070512566961 bcsId: 0} | ret=SUCCESS |  
2019-08-23 11:31:53,858 | INFO  | DNAudit | user=null | ip=null | op=PUT_BLOCK {blockData=[blockId=conID: 1 locID: 102666070512566961 bcsId: 0,size=2097152]} | ret=SUCCESS |  
2019-08-23 11:31:53,859 | INFO  | DNAudit | user=null | ip=null | op=WRITE_CHUNK {blockData=conID: 1 locID: 102666070512566961 bcsId: 0} | ret=SUCCESS |  
2019-08-23 11:31:53,859 | INFO  | DNAudit | user=null | ip=null | op=PUT_BLOCK {blockData=[blockId=conID: 1 locID: 102666070512566961 bcsId: 0,size=2097152]} | ret=SUCCESS |  
2019-08-23 11:31:53,859 [grpc-default-executor-1] INFO  client.GrpcClientProtocolClient (GrpcClientProtocolClient.java:onNext(255)) - client-C9E345EC67ED->244f13ac-34be-4c4e-8e45-0c0272edbbb2: receive RaftClientReply:client-C9E345EC67ED->244f13ac-34be-4c4e-8e45-0c0272edbbb2@group-FE77C852EF02, cid=3455, SUCCESS, logIndex=0, commits[244f13ac-34be-4c4e-8e45-0c0272edbbb2:c5202, 6287e41a-5356-4f55-84f2-270816d53e84:c5199, a2c18d3d-e79d-47c9-88fe-d8a1d195302b:c5197]
2019-08-23 11:31:53,867 | INFO  | DNAudit | user=null | ip=null | op=WRITE_CHUNK {blockData=conID: 1 locID: 102666070512566961 bcsId: 5199} | ret=SUCCESS |  
2019-08-23 11:31:53,869 | INFO  | DNAudit | user=null | ip=null | op=WRITE_CHUNK {blockData=conID: 1 locID: 102666070512566961 bcsId: 5199} | ret=SUCCESS |  
2019-08-23 11:31:53,870 | INFO  | DNAudit | user=null | ip=null | op=WRITE_CHUNK {blockData=conID: 1 locID: 102666070512566961 bcsId: 5199} | ret=SUCCESS |  
2019-08-23 11:31:53,872 | INFO  | DNAudit | user=null | ip=null | op=WRITE_CHUNK {blockData=conID: 1 locID: 102666070512566961 bcsId: 5199} | ret=SUCCESS |  
2019-08-23 11:31:53,873 | INFO  | DNAudit | user=null | ip=null | op=PUT_BLOCK {blockData=[blockId=conID: 1 locID: 102666070512566961 bcsId: 0,size=3145728]} | ret=SUCCESS |  
2019-08-23 11:31:53,873 [grpc-default-executor-2] INFO  client.GrpcClientProtocolClient (GrpcClientProtocolClient.java:onNext(255)) - client-C9E345EC67ED->244f13ac-34be-4c4e-8e45-0c0272edbbb2: receive RaftClientReply:client-C9E345EC67ED->244f13ac-34be-4c4e-8e45-0c0272edbbb2@group-FE77C852EF02, cid=3456, SUCCESS, logIndex=5204, commits[244f13ac-34be-4c4e-8e45-0c0272edbbb2:c5205, 6287e41a-5356-4f55-84f2-270816d53e84:c5203, a2c18d3d-e79d-47c9-88fe-d8a1d195302b:c5203]
2019-08-23 11:31:53,873 | INFO  | DNAudit | user=null | ip=null | op=WRITE_CHUNK {blockData=conID: 1 locID: 102666070512566961 bcsId: 5199} | ret=SUCCESS |  
2019-08-23 11:31:53,873 | INFO  | DNAudit | user=null | ip=null | op=WRITE_CHUNK {blockData=conID: 1 locID: 102666070512566961 bcsId: 5199} | ret=SUCCESS |  
2019-08-23 11:31:53,874 | INFO  | DNAudit | user=null | ip=null | op=PUT_BLOCK {blockData=[blockId=conID: 1 locID: 102666070512566961 bcsId: 0,size=3145728]} | ret=SUCCESS |  
2019-08-23 11:31:53,874 [grpc-default-executor-2] INFO  client.GrpcClientProtocolClient (GrpcClientProtocolClient.java:onNext(255)) - client-C9E345EC67ED->244f13ac-34be-4c4e-8e45-0c0272edbbb2: receive RaftClientReply:client-C9E345EC67ED->244f13ac-34be-4c4e-8e45-0c0272edbbb2@group-FE77C852EF02, cid=3457, SUCCESS, logIndex=5205, commits[244f13ac-34be-4c4e-8e45-0c0272edbbb2:c5205, 6287e41a-5356-4f55-84f2-270816d53e84:c5203, a2c18d3d-e79d-47c9-88fe-d8a1d195302b:c5203]
2019-08-23 11:31:53,874 | INFO  | DNAudit | user=null | ip=null | op=PUT_BLOCK {blockData=[blockId=conID: 1 locID: 102666070512566961 bcsId: 0,size=3145728]} | ret=SUCCESS |  
2019-08-23 11:31:53,881 | INFO  | DNAudit | user=null | ip=null | op=WRITE_CHUNK {blockData=conID: 1 locID: 102666070512566961 bcsId: 5205} | ret=SUCCESS |  
2019-08-23 11:31:53,883 | INFO  | DNAudit | user=null | ip=null | op=WRITE_CHUNK {blockData=conID: 1 locID: 102666070512566961 bcsId: 5205} | ret=SUCCESS |  
2019-08-23 11:31:53,883 | INFO  | DNAudit | user=null | ip=null | op=WRITE_CHUNK {blockData=conID: 1 locID: 102666070512566961 bcsId: 5205} | ret=SUCCESS |  
2019-08-23 11:31:53,892 | INFO  | DNAudit | user=null | ip=null | op=WRITE_CHUNK {blockData=conID: 1 locID: 102666070512566961 bcsId: 5205} | ret=SUCCESS |  
2019-08-23 11:31:53,892 | INFO  | DNAudit | user=null | ip=null | op=PUT_BLOCK {blockData=[blockId=conID: 1 locID: 102666070512566961 bcsId: 0,size=4194304]} | ret=SUCCESS |  
2019-08-23 11:31:53,893 [grpc-default-executor-2] INFO  client.GrpcClientProtocolClient (GrpcClientProtocolClient.java:onNext(255)) - client-C9E345EC67ED->244f13ac-34be-4c4e-8e45-0c0272edbbb2: receive RaftClientReply:client-C9E345EC67ED->244f13ac-34be-4c4e-8e45-0c0272edbbb2@group-FE77C852EF02, cid=3458, SUCCESS, logIndex=5208, commits[244f13ac-34be-4c4e-8e45-0c0272edbbb2:c5209, 6287e41a-5356-4f55-84f2-270816d53e84:c5207, a2c18d3d-e79d-47c9-88fe-d8a1d195302b:c5207]
2019-08-23 11:31:53,893 [grpc-default-executor-2] INFO  client.GrpcClientProtocolClient (GrpcClientProtocolClient.java:onNext(255)) - client-C9E345EC67ED->244f13ac-34be-4c4e-8e45-0c0272edbbb2: receive RaftClientReply:client-C9E345EC67ED->244f13ac-34be-4c4e-8e45-0c0272edbbb2@group-FE77C852EF02, cid=3459, SUCCESS, logIndex=5209, commits[244f13ac-34be-4c4e-8e45-0c0272edbbb2:c5209, 6287e41a-5356-4f55-84f2-270816d53e84:c5207, a2c18d3d-e79d-47c9-88fe-d8a1d195302b:c5207]
2019-08-23 11:31:53,893 | INFO  | DNAudit | user=null | ip=null | op=WRITE_CHUNK {blockData=conID: 1 locID: 102666070512566961 bcsId: 5205} | ret=SUCCESS |  
2019-08-23 11:31:53,893 | INFO  | DNAudit | user=null | ip=null | op=WRITE_CHUNK {blockData=conID: 1 locID: 102666070512566961 bcsId: 5205} | ret=SUCCESS |  
2019-08-23 11:31:53,894 | INFO  | DNAudit | user=null | ip=null | op=PUT_BLOCK {blockData=[blockId=conID: 1 locID: 102666070512566961 bcsId: 0,size=4194304]} | ret=SUCCESS |  
2019-08-23 11:31:53,894 | INFO  | DNAudit | user=null | ip=null | op=PUT_BLOCK {blockData=[blockId=conID: 1 locID: 102666070512566961 bcsId: 0,size=4194304]} | ret=SUCCESS |  
2019-08-23 11:31:53,895 [grpc-default-executor-2] INFO  client.GrpcClientProtocolClient (GrpcClientProtocolClient.java:onNext(255)) - client-C9E345EC67ED->244f13ac-34be-4c4e-8e45-0c0272edbbb2: receive RaftClientReply:client-C9E345EC67ED->244f13ac-34be-4c4e-8e45-0c0272edbbb2@group-FE77C852EF02, cid=3460, SUCCESS, logIndex=0, commits[244f13ac-34be-4c4e-8e45-0c0272edbbb2:c5211, 6287e41a-5356-4f55-84f2-270816d53e84:c5209, a2c18d3d-e79d-47c9-88fe-d8a1d195302b:c5209]
2019-08-23 11:31:53,902 | INFO  | SCMAudit | user=jenkins1000 | ip=192.168.5.185 | op=ALLOCATE_BLOCK {owner=00a23185-76ea-47b5-a641-ad3cfbe5521a, size=4194304, type=RATIS, factor=THREE} | ret=SUCCESS |  
2019-08-23 11:31:53,907 | INFO  | OMAudit | user=jenkins1000 | ip=127.0.0.1 | op=ALLOCATE_BLOCK {volume=vol-0-37508, bucket=bucket-0-50919, key=key-0-57313, dataSize=0, replicationType=null, replicationFactor=null, keyLocationInfo=null, clientID=102666068570931602} | ret=SUCCESS |  
2019-08-23 11:31:53,914 | INFO  | DNAudit | user=null | ip=null | op=WRITE_CHUNK {blockData=conID: 2 locID: 102666070517482162 bcsId: 0} | ret=SUCCESS |  
2019-08-23 11:31:53,917 | INFO  | DNAudit | user=null | ip=null | op=WRITE_CHUNK {blockData=conID: 2 locID: 102666070517482162 bcsId: 0} | ret=SUCCESS |  
2019-08-23 11:31:53,917 | INFO  | DNAudit | user=null | ip=null | op=WRITE_CHUNK {blockData=conID: 2 locID: 102666070517482162 bcsId: 0} | ret=SUCCESS |  
2019-08-23 11:31:53,918 | INFO  | DNAudit | user=null | ip=null | op=WRITE_CHUNK {blockData=conID: 2 locID: 102666070517482162 bcsId: 0} | ret=SUCCESS |  
2019-08-23 11:31:53,919 | INFO  | DNAudit | user=null | ip=null | op=WRITE_CHUNK {blockData=conID: 2 locID: 102666070517482162 bcsId: 0} | ret=SUCCESS |  
2019-08-23 11:31:53,920 | INFO  | DNAudit | user=null | ip=null | op=WRITE_CHUNK {blockData=conID: 2 locID: 102666070517482162 bcsId: 0} | ret=SUCCESS |  
2019-08-23 11:31:53,924 | INFO  | DNAudit | user=null | ip=null | op=WRITE_CHUNK {blockData=conID: 2 locID: 102666070517482162 bcsId: 0} | ret=SUCCESS |  
2019-08-23 11:31:53,924 | INFO  | DNAudit | user=null | ip=null | op=PUT_BLOCK {blockData=[blockId=conID: 2 locID: 102666070517482162 bcsId: 0,size=1048576]} | ret=SUCCESS |  
2019-08-23 11:31:53,925 [grpc-default-executor-4] INFO  client.GrpcClientProtocolClient (GrpcClientProtocolClient.java:onNext(255)) - client-C9E345EC67ED->244f13ac-34be-4c4e-8e45-0c0272edbbb2: receive RaftClientReply:client-C9E345EC67ED->244f13ac-34be-4c4e-8e45-0c0272edbbb2@group-FE77C852EF02, cid=3461, SUCCESS, logIndex=5212, commits[244f13ac-34be-4c4e-8e45-0c0272edbbb2:c5213, 6287e41a-5356-4f55-84f2-270816d53e84:c5211, a2c18d3d-e79d-47c9-88fe-d8a1d195302b:c5211]
2019-08-23 11:31:53,925 | INFO  | DNAudit | user=null | ip=null | op=WRITE_CHUNK {blockData=conID: 2 locID: 102666070517482162 bcsId: 0} | ret=SUCCESS |  
2019-08-23 11:31:53,925 [grpc-default-executor-4] INFO  client.GrpcClientProtocolClient (GrpcClientProtocolClient.java:onNext(255)) - client-C9E345EC67ED->244f13ac-34be-4c4e-8e45-0c0272edbbb2: receive RaftClientReply:client-C9E345EC67ED->244f13ac-34be-4c4e-8e45-0c0272edbbb2@group-FE77C852EF02, cid=3462, SUCCESS, logIndex=5213, commits[244f13ac-34be-4c4e-8e45-0c0272edbbb2:c5213, 6287e41a-5356-4f55-84f2-270816d53e84:c5211, a2c18d3d-e79d-47c9-88fe-d8a1d195302b:c5211]
2019-08-23 11:31:53,926 | INFO  | DNAudit | user=null | ip=null | op=PUT_BLOCK {blockData=[blockId=conID: 2 locID: 102666070517482162 bcsId: 0,size=2097152]} | ret=SUCCESS |  
2019-08-23 11:31:53,926 | INFO  | DNAudit | user=null | ip=null | op=WRITE_CHUNK {blockData=conID: 2 locID: 102666070517482162 bcsId: 0} | ret=SUCCESS |  
2019-08-23 11:31:53,926 | INFO  | DNAudit | user=null | ip=null | op=PUT_BLOCK {blockData=[blockId=conID: 2 locID: 102666070517482162 bcsId: 0,size=1048576]} | ret=SUCCESS |  
2019-08-23 11:31:53,926 [grpc-default-executor-4] INFO  client.GrpcClientProtocolClient (GrpcClientProtocolClient.java:onNext(255)) - client-C9E345EC67ED->244f13ac-34be-4c4e-8e45-0c0272edbbb2: receive RaftClientReply:client-C9E345EC67ED->244f13ac-34be-4c4e-8e45-0c0272edbbb2@group-FE77C852EF02, cid=3463, SUCCESS, logIndex=5214, commits[244f13ac-34be-4c4e-8e45-0c0272edbbb2:c5215, 6287e41a-5356-4f55-84f2-270816d53e84:c5211, a2c18d3d-e79d-47c9-88fe-d8a1d195302b:c5211]
2019-08-23 11:31:53,927 [grpc-default-executor-4] INFO  client.GrpcClientProtocolClient (GrpcClientProtocolClient.java:onNext(255)) - client-C9E345EC67ED->244f13ac-34be-4c4e-8e45-0c0272edbbb2: receive RaftClientReply:client-C9E345EC67ED->244f13ac-34be-4c4e-8e45-0c0272edbbb2@group-FE77C852EF02, cid=3464, SUCCESS, logIndex=5215, commits[244f13ac-34be-4c4e-8e45-0c0272edbbb2:c5215, 6287e41a-5356-4f55-84f2-270816d53e84:c5211, a2c18d3d-e79d-47c9-88fe-d8a1d195302b:c5211]
2019-08-23 11:31:53,927 | INFO  | DNAudit | user=null | ip=null | op=WRITE_CHUNK {blockData=conID: 2 locID: 102666070517482162 bcsId: 0} | ret=SUCCESS |  
2019-08-23 11:31:53,928 | INFO  | DNAudit | user=null | ip=null | op=PUT_BLOCK {blockData=[blockId=conID: 2 locID: 102666070517482162 bcsId: 0,size=1048576]} | ret=SUCCESS |  
2019-08-23 11:31:53,928 | INFO  | DNAudit | user=null | ip=null | op=WRITE_CHUNK {blockData=conID: 2 locID: 102666070517482162 bcsId: 0} | ret=SUCCESS |  
2019-08-23 11:31:53,928 | INFO  | DNAudit | user=null | ip=null | op=WRITE_CHUNK {blockData=conID: 2 locID: 102666070517482162 bcsId: 0} | ret=SUCCESS |  
2019-08-23 11:31:53,928 | INFO  | DNAudit | user=null | ip=null | op=PUT_BLOCK {blockData=[blockId=conID: 2 locID: 102666070517482162 bcsId: 0,size=2097152]} | ret=SUCCESS |  
2019-08-23 11:31:53,928 | INFO  | DNAudit | user=null | ip=null | op=PUT_BLOCK {blockData=[blockId=conID: 2 locID: 102666070517482162 bcsId: 0,size=2097152]} | ret=SUCCESS |  
2019-08-23 11:31:53,928 [grpc-default-executor-4] INFO  client.GrpcClientProtocolClient (GrpcClientProtocolClient.java:onNext(255)) - client-C9E345EC67ED->244f13ac-34be-4c4e-8e45-0c0272edbbb2: receive RaftClientReply:client-C9E345EC67ED->244f13ac-34be-4c4e-8e45-0c0272edbbb2@group-FE77C852EF02, cid=3465, SUCCESS, logIndex=0, commits[244f13ac-34be-4c4e-8e45-0c0272edbbb2:c5216, 6287e41a-5356-4f55-84f2-270816d53e84:c5213, a2c18d3d-e79d-47c9-88fe-d8a1d195302b:c5213]
2019-08-23 11:31:53,935 | INFO  | DNAudit | user=null | ip=null | op=WRITE_CHUNK {blockData=conID: 2 locID: 102666070517482162 bcsId: 5215} | ret=SUCCESS |  
2019-08-23 11:31:53,937 | INFO  | DNAudit | user=null | ip=null | op=WRITE_CHUNK {blockData=conID: 2 locID: 102666070517482162 bcsId: 5215} | ret=SUCCESS |  
2019-08-23 11:31:53,938 | INFO  | DNAudit | user=null | ip=null | op=WRITE_CHUNK {blockData=conID: 2 locID: 102666070517482162 bcsId: 5215} | ret=SUCCESS |  
2019-08-23 11:31:53,965 | INFO  | DNAudit | user=null | ip=null | op=WRITE_CHUNK {blockData=conID: 2 locID: 102666070517482162 bcsId: 5215} | ret=SUCCESS |  
2019-08-23 11:31:53,965 | INFO  | DNAudit | user=null | ip=null | op=PUT_BLOCK {blockData=[blockId=conID: 2 locID: 102666070517482162 bcsId: 0,size=3145728]} | ret=SUCCESS |  
2019-08-23 11:31:53,965 [grpc-default-executor-2] INFO  client.GrpcClientProtocolClient (GrpcClientProtocolClient.java:onNext(255)) - client-C9E345EC67ED->244f13ac-34be-4c4e-8e45-0c0272edbbb2: receive RaftClientReply:client-C9E345EC67ED->244f13ac-34be-4c4e-8e45-0c0272edbbb2@group-FE77C852EF02, cid=3466, SUCCESS, logIndex=5219, commits[244f13ac-34be-4c4e-8e45-0c0272edbbb2:c5220, 6287e41a-5356-4f55-84f2-270816d53e84:c5218, a2c18d3d-e79d-47c9-88fe-d8a1d195302b:c5218]
2019-08-23 11:31:53,966 [grpc-default-executor-2] INFO  client.GrpcClientProtocolClient (GrpcClientProtocolClient.java:onNext(255)) - client-C9E345EC67ED->244f13ac-34be-4c4e-8e45-0c0272edbbb2: receive RaftClientReply:client-C9E345EC67ED->244f13ac-34be-4c4e-8e45-0c0272edbbb2@group-FE77C852EF02, cid=3467, SUCCESS, logIndex=5220, commits[244f13ac-34be-4c4e-8e45-0c0272edbbb2:c5220, 6287e41a-5356-4f55-84f2-270816d53e84:c5218, a2c18d3d-e79d-47c9-88fe-d8a1d195302b:c5218]
2019-08-23 11:31:53,974 | INFO  | DNAudit | user=null | ip=null | op=WRITE_CHUNK {blockData=conID: 2 locID: 102666070517482162 bcsId: 5220} | ret=SUCCESS |  
2019-08-23 11:31:53,976 | INFO  | DNAudit | user=null | ip=null | op=WRITE_CHUNK {blockData=conID: 2 locID: 102666070517482162 bcsId: 5220} | ret=SUCCESS |  
2019-08-23 11:31:53,976 | INFO  | DNAudit | user=null | ip=null | op=WRITE_CHUNK {blockData=conID: 2 locID: 102666070517482162 bcsId: 5220} | ret=SUCCESS |  
2019-08-23 11:31:53,999 | INFO  | DNAudit | user=null | ip=null | op=WRITE_CHUNK {blockData=conID: 2 locID: 102666070517482162 bcsId: 5215} | ret=SUCCESS |  
2019-08-23 11:31:53,999 | INFO  | DNAudit | user=null | ip=null | op=WRITE_CHUNK {blockData=conID: 2 locID: 102666070517482162 bcsId: 5215} | ret=SUCCESS |  
2019-08-23 11:31:54,000 | INFO  | DNAudit | user=null | ip=null | op=PUT_BLOCK {blockData=[blockId=conID: 2 locID: 102666070517482162 bcsId: 0,size=3145728]} | ret=SUCCESS |  
2019-08-23 11:31:54,000 | INFO  | DNAudit | user=null | ip=null | op=PUT_BLOCK {blockData=[blockId=conID: 2 locID: 102666070517482162 bcsId: 0,size=3145728]} | ret=SUCCESS |  
2019-08-23 11:31:54,197 | INFO  | DNAudit | user=null | ip=null | op=WRITE_CHUNK {blockData=conID: 2 locID: 102666070517482162 bcsId: 5220} | ret=SUCCESS |  
2019-08-23 11:31:54,198 | INFO  | DNAudit | user=null | ip=null | op=PUT_BLOCK {blockData=[blockId=conID: 2 locID: 102666070517482162 bcsId: 0,size=4194304]} | ret=SUCCESS |  
2019-08-23 11:31:54,198 [grpc-default-executor-4] INFO  client.GrpcClientProtocolClient (GrpcClientProtocolClient.java:onNext(255)) - client-C9E345EC67ED->244f13ac-34be-4c4e-8e45-0c0272edbbb2: receive RaftClientReply:client-C9E345EC67ED->244f13ac-34be-4c4e-8e45-0c0272edbbb2@group-FE77C852EF02, cid=3468, SUCCESS, logIndex=5223, commits[244f13ac-34be-4c4e-8e45-0c0272edbbb2:c5224, 6287e41a-5356-4f55-84f2-270816d53e84:c5220, a2c18d3d-e79d-47c9-88fe-d8a1d195302b:c5220]
2019-08-23 11:31:54,199 [grpc-default-executor-4] INFO  client.GrpcClientProtocolClient (GrpcClientProtocolClient.java:onNext(255)) - client-C9E345EC67ED->244f13ac-34be-4c4e-8e45-0c0272edbbb2: receive RaftClientReply:client-C9E345EC67ED->244f13ac-34be-4c4e-8e45-0c0272edbbb2@group-FE77C852EF02, cid=3469, SUCCESS, logIndex=5224, commits[244f13ac-34be-4c4e-8e45-0c0272edbbb2:c5224, 6287e41a-5356-4f55-84f2-270816d53e84:c5220, a2c18d3d-e79d-47c9-88fe-d8a1d195302b:c5220]
2019-08-23 11:31:54,207 | INFO  | DNAudit | user=null | ip=null | op=WRITE_CHUNK {blockData=conID: 2 locID: 102666070517482162 bcsId: 5220} | ret=SUCCESS |  
2019-08-23 11:31:54,207 | INFO  | DNAudit | user=null | ip=null | op=WRITE_CHUNK {blockData=conID: 2 locID: 102666070517482162 bcsId: 5220} | ret=SUCCESS |  
2019-08-23 11:31:54,209 | INFO  | DNAudit | user=null | ip=null | op=PUT_BLOCK {blockData=[blockId=conID: 2 locID: 102666070517482162 bcsId: 0,size=4194304]} | ret=SUCCESS |  
2019-08-23 11:31:54,209 | INFO  | DNAudit | user=null | ip=null | op=PUT_BLOCK {blockData=[blockId=conID: 2 locID: 102666070517482162 bcsId: 0,size=4194304]} | ret=SUCCESS |  
2019-08-23 11:31:54,209 [grpc-default-executor-4] INFO  client.GrpcClientProtocolClient (GrpcClientProtocolClient.java:onNext(255)) - client-C9E345EC67ED->244f13ac-34be-4c4e-8e45-0c0272edbbb2: receive RaftClientReply:client-C9E345EC67ED->244f13ac-34be-4c4e-8e45-0c0272edbbb2@group-FE77C852EF02, cid=3470, SUCCESS, logIndex=0, commits[244f13ac-34be-4c4e-8e45-0c0272edbbb2:c5226, 6287e41a-5356-4f55-84f2-270816d53e84:c5224, a2c18d3d-e79d-47c9-88fe-d8a1d195302b:c5224]
2019-08-23 11:31:54,218 | INFO  | SCMAudit | user=jenkins1000 | ip=192.168.5.185 | op=ALLOCATE_BLOCK {owner=00a23185-76ea-47b5-a641-ad3cfbe5521a, size=4194304, type=RATIS, factor=THREE} | ret=SUCCESS |  
2019-08-23 11:31:54,226 | INFO  | OMAudit | user=jenkins1000 | ip=127.0.0.1 | op=ALLOCATE_BLOCK {volume=vol-0-37508, bucket=bucket-0-50919, key=key-0-57313, dataSize=0, replicationType=null, replicationFactor=null, keyLocationInfo=null, clientID=102666068570931602} | ret=SUCCESS |  
2019-08-23 11:31:54,235 | INFO  | DNAudit | user=null | ip=null | op=WRITE_CHUNK {blockData=conID: 3 locID: 102666070538191539 bcsId: 0} | ret=SUCCESS |  
2019-08-23 11:31:54,236 | INFO  | DNAudit | user=null | ip=null | op=WRITE_CHUNK {blockData=conID: 3 locID: 102666070538191539 bcsId: 0} | ret=SUCCESS |  
2019-08-23 11:31:54,241 | INFO  | DNAudit | user=null | ip=null | op=WRITE_CHUNK {blockData=conID: 3 locID: 102666070538191539 bcsId: 0} | ret=SUCCESS |  
2019-08-23 11:31:54,241 | INFO  | DNAudit | user=null | ip=null | op=WRITE_CHUNK {blockData=conID: 3 locID: 102666070538191539 bcsId: 0} | ret=SUCCESS |  
2019-08-23 11:31:54,243 | INFO  | DNAudit | user=null | ip=null | op=WRITE_CHUNK {blockData=conID: 3 locID: 102666070538191539 bcsId: 0} | ret=SUCCESS |  
2019-08-23 11:31:54,244 | INFO  | DNAudit | user=null | ip=null | op=WRITE_CHUNK {blockData=conID: 3 locID: 102666070538191539 bcsId: 0} | ret=SUCCESS |  
2019-08-23 11:31:54,248 | INFO  | DNAudit | user=null | ip=null | op=WRITE_CHUNK {blockData=conID: 3 locID: 102666070538191539 bcsId: 0} | ret=SUCCESS |  
2019-08-23 11:31:54,248 | INFO  | DNAudit | user=null | ip=null | op=PUT_BLOCK {blockData=[blockId=conID: 3 locID: 102666070538191539 bcsId: 0,size=1048576]} | ret=SUCCESS |  
2019-08-23 11:31:54,249 [grpc-default-executor-1] INFO  client.GrpcClientProtocolClient (GrpcClientProtocolClient.java:onNext(255)) - client-C9E345EC67ED->244f13ac-34be-4c4e-8e45-0c0272edbbb2: receive RaftClientReply:client-C9E345EC67ED->244f13ac-34be-4c4e-8e45-0c0272edbbb2@group-FE77C852EF02, cid=3471, SUCCESS, logIndex=5227, commits[244f13ac-34be-4c4e-8e45-0c0272edbbb2:c5228, 6287e41a-5356-4f55-84f2-270816d53e84:c5226, a2c18d3d-e79d-47c9-88fe-d8a1d195302b:c5226]
2019-08-23 11:31:54,250 | INFO  | DNAudit | user=null | ip=null | op=WRITE_CHUNK {blockData=conID: 3 locID: 102666070538191539 bcsId: 0} | ret=SUCCESS |  
2019-08-23 11:31:54,250 [grpc-default-executor-1] INFO  client.GrpcClientProtocolClient (GrpcClientProtocolClient.java:onNext(255)) - client-C9E345EC67ED->244f13ac-34be-4c4e-8e45-0c0272edbbb2: receive RaftClientReply:client-C9E345EC67ED->244f13ac-34be-4c4e-8e45-0c0272edbbb2@group-FE77C852EF02, cid=3472, SUCCESS, logIndex=5228, commits[244f13ac-34be-4c4e-8e45-0c0272edbbb2:c5228, 6287e41a-5356-4f55-84f2-270816d53e84:c5226, a2c18d3d-e79d-47c9-88fe-d8a1d195302b:c5226]
2019-08-23 11:31:54,250 | INFO  | DNAudit | user=null | ip=null | op=PUT_BLOCK {blockData=[blockId=conID: 3 locID: 102666070538191539 bcsId: 0,size=2097152]} | ret=SUCCESS |  
2019-08-23 11:31:54,250 [grpc-default-executor-0] INFO  client.GrpcClientProtocolClient (GrpcClientProtocolClient.java:onNext(255)) - client-C9E345EC67ED->244f13ac-34be-4c4e-8e45-0c0272edbbb2: receive RaftClientReply:client-C9E345EC67ED->244f13ac-34be-4c4e-8e45-0c0272edbbb2@group-FE77C852EF02, cid=3473, SUCCESS, logIndex=5229, commits[244f13ac-34be-4c4e-8e45-0c0272edbbb2:c5229, 6287e41a-5356-4f55-84f2-270816d53e84:c5226, a2c18d3d-e79d-47c9-88fe-d8a1d195302b:c5226]
2019-08-23 11:31:54,251 [grpc-default-executor-0] INFO  client.GrpcClientProtocolClient (GrpcClientProtocolClient.java:onNext(255)) - client-C9E345EC67ED->244f13ac-34be-4c4e-8e45-0c0272edbbb2: receive RaftClientReply:client-C9E345EC67ED->244f13ac-34be-4c4e-8e45-0c0272edbbb2@group-FE77C852EF02, cid=3474, SUCCESS, logIndex=5230, commits[244f13ac-34be-4c4e-8e45-0c0272edbbb2:c5230, 6287e41a-5356-4f55-84f2-270816d53e84:c5226, a2c18d3d-e79d-47c9-88fe-d8a1d195302b:c5226]
2019-08-23 11:31:54,251 | INFO  | DNAudit | user=null | ip=null | op=WRITE_CHUNK {blockData=conID: 3 locID: 102666070538191539 bcsId: 0} | ret=SUCCESS |  
2019-08-23 11:31:54,251 | INFO  | DNAudit | user=null | ip=null | op=WRITE_CHUNK {blockData=conID: 3 locID: 102666070538191539 bcsId: 0} | ret=SUCCESS |  
2019-08-23 11:31:54,251 | INFO  | DNAudit | user=null | ip=null | op=PUT_BLOCK {blockData=[blockId=conID: 3 locID: 102666070538191539 bcsId: 0,size=1048576]} | ret=SUCCESS |  
2019-08-23 11:31:54,251 | INFO  | DNAudit | user=null | ip=null | op=PUT_BLOCK {blockData=[blockId=conID: 3 locID: 102666070538191539 bcsId: 0,size=1048576]} | ret=SUCCESS |  
2019-08-23 11:31:54,252 | INFO  | DNAudit | user=null | ip=null | op=WRITE_CHUNK {blockData=conID: 3 locID: 102666070538191539 bcsId: 0} | ret=SUCCESS |  
2019-08-23 11:31:54,252 [grpc-default-executor-0] INFO  client.GrpcClientProtocolClient (GrpcClientProtocolClient.java:onNext(255)) - client-C9E345EC67ED->244f13ac-34be-4c4e-8e45-0c0272edbbb2: receive RaftClientReply:client-C9E345EC67ED->244f13ac-34be-4c4e-8e45-0c0272edbbb2@group-FE77C852EF02, cid=3475, SUCCESS, logIndex=0, commits[244f13ac-34be-4c4e-8e45-0c0272edbbb2:c5232, 6287e41a-5356-4f55-84f2-270816d53e84:c5228, a2c18d3d-e79d-47c9-88fe-d8a1d195302b:c5228]
2019-08-23 11:31:54,252 | INFO  | DNAudit | user=null | ip=null | op=PUT_BLOCK {blockData=[blockId=conID: 3 locID: 102666070538191539 bcsId: 0,size=2097152]} | ret=SUCCESS |  
2019-08-23 11:31:54,253 | INFO  | DNAudit | user=null | ip=null | op=WRITE_CHUNK {blockData=conID: 3 locID: 102666070538191539 bcsId: 0} | ret=SUCCESS |  
2019-08-23 11:31:54,253 | INFO  | DNAudit | user=null | ip=null | op=PUT_BLOCK {blockData=[blockId=conID: 3 locID: 102666070538191539 bcsId: 0,size=2097152]} | ret=SUCCESS |  
2019-08-23 11:31:54,261 | INFO  | DNAudit | user=null | ip=null | op=WRITE_CHUNK {blockData=conID: 3 locID: 102666070538191539 bcsId: 5230} | ret=SUCCESS |  
2019-08-23 11:31:54,264 | INFO  | DNAudit | user=null | ip=null | op=WRITE_CHUNK {blockData=conID: 3 locID: 102666070538191539 bcsId: 5230} | ret=SUCCESS |  
2019-08-23 11:31:54,264 | INFO  | DNAudit | user=null | ip=null | op=WRITE_CHUNK {blockData=conID: 3 locID: 102666070538191539 bcsId: 5230} | ret=SUCCESS |  
2019-08-23 11:31:54,273 | INFO  | DNAudit | user=null | ip=null | op=WRITE_CHUNK {blockData=conID: 3 locID: 102666070538191539 bcsId: 5230} | ret=SUCCESS |  
2019-08-23 11:31:54,273 | INFO  | DNAudit | user=null | ip=null | op=PUT_BLOCK {blockData=[blockId=conID: 3 locID: 102666070538191539 bcsId: 0,size=3145728]} | ret=SUCCESS |  
2019-08-23 11:31:54,274 [grpc-default-executor-5] INFO  client.GrpcClientProtocolClient (GrpcClientProtocolClient.java:onNext(255)) - client-C9E345EC67ED->244f13ac-34be-4c4e-8e45-0c0272edbbb2: receive RaftClientReply:client-C9E345EC67ED->244f13ac-34be-4c4e-8e45-0c0272edbbb2@group-FE77C852EF02, cid=3476, SUCCESS, logIndex=5235, commits[244f13ac-34be-4c4e-8e45-0c0272edbbb2:c5236, 6287e41a-5356-4f55-84f2-270816d53e84:c5234, a2c18d3d-e79d-47c9-88fe-d8a1d195302b:c5234]
2019-08-23 11:31:54,274 [grpc-default-executor-5] INFO  client.GrpcClientProtocolClient (GrpcClientProtocolClient.java:onNext(255)) - client-C9E345EC67ED->244f13ac-34be-4c4e-8e45-0c0272edbbb2: receive RaftClientReply:client-C9E345EC67ED->244f13ac-34be-4c4e-8e45-0c0272edbbb2@group-FE77C852EF02, cid=3477, SUCCESS, logIndex=5236, commits[244f13ac-34be-4c4e-8e45-0c0272edbbb2:c5236, 6287e41a-5356-4f55-84f2-270816d53e84:c5234, a2c18d3d-e79d-47c9-88fe-d8a1d195302b:c5234]
2019-08-23 11:31:54,274 | INFO  | DNAudit | user=null | ip=null | op=WRITE_CHUNK {blockData=conID: 3 locID: 102666070538191539 bcsId: 5230} | ret=SUCCESS |  
2019-08-23 11:31:54,275 | INFO  | DNAudit | user=null | ip=null | op=WRITE_CHUNK {blockData=conID: 3 locID: 102666070538191539 bcsId: 5230} | ret=SUCCESS |  
2019-08-23 11:31:54,275 | INFO  | DNAudit | user=null | ip=null | op=PUT_BLOCK {blockData=[blockId=conID: 3 locID: 102666070538191539 bcsId: 0,size=3145728]} | ret=SUCCESS |  
2019-08-23 11:31:54,275 | INFO  | DNAudit | user=null | ip=null | op=PUT_BLOCK {blockData=[blockId=conID: 3 locID: 102666070538191539 bcsId: 0,size=3145728]} | ret=SUCCESS |  
2019-08-23 11:31:54,282 | INFO  | DNAudit | user=null | ip=null | op=WRITE_CHUNK {blockData=conID: 3 locID: 102666070538191539 bcsId: 5236} | ret=SUCCESS |  
2019-08-23 11:31:54,284 | INFO  | DNAudit | user=null | ip=null | op=WRITE_CHUNK {blockData=conID: 3 locID: 102666070538191539 bcsId: 5236} | ret=SUCCESS |  
2019-08-23 11:31:54,285 | INFO  | DNAudit | user=null | ip=null | op=WRITE_CHUNK {blockData=conID: 3 locID: 102666070538191539 bcsId: 5236} | ret=SUCCESS |  
2019-08-23 11:31:54,290 | INFO  | DNAudit | user=null | ip=null | op=WRITE_CHUNK {blockData=conID: 3 locID: 102666070538191539 bcsId: 5236} | ret=SUCCESS |  
2019-08-23 11:31:54,290 | INFO  | DNAudit | user=null | ip=null | op=PUT_BLOCK {blockData=[blockId=conID: 3 locID: 102666070538191539 bcsId: 0,size=4194304]} | ret=SUCCESS |  
2019-08-23 11:31:54,291 [grpc-default-executor-1] INFO  client.GrpcClientProtocolClient (GrpcClientProtocolClient.java:onNext(255)) - client-C9E345EC67ED->244f13ac-34be-4c4e-8e45-0c0272edbbb2: receive RaftClientReply:client-C9E345EC67ED->244f13ac-34be-4c4e-8e45-0c0272edbbb2@group-FE77C852EF02, cid=3478, SUCCESS, logIndex=5238, commits[244f13ac-34be-4c4e-8e45-0c0272edbbb2:c5239, 6287e41a-5356-4f55-84f2-270816d53e84:c5237, a2c18d3d-e79d-47c9-88fe-d8a1d195302b:c5237]
2019-08-23 11:31:54,291 [grpc-default-executor-1] INFO  client.GrpcClientProtocolClient (GrpcClientProtocolClient.java:onNext(255)) - client-C9E345EC67ED->244f13ac-34be-4c4e-8e45-0c0272edbbb2: receive RaftClientReply:client-C9E345EC67ED->244f13ac-34be-4c4e-8e45-0c0272edbbb2@group-FE77C852EF02, cid=3479, SUCCESS, logIndex=5239, commits[244f13ac-34be-4c4e-8e45-0c0272edbbb2:c5239, 6287e41a-5356-4f55-84f2-270816d53e84:c5237, a2c18d3d-e79d-47c9-88fe-d8a1d195302b:c5237]
2019-08-23 11:31:54,291 | INFO  | DNAudit | user=null | ip=null | op=WRITE_CHUNK {blockData=conID: 3 locID: 102666070538191539 bcsId: 5236} | ret=SUCCESS |  
2019-08-23 11:31:54,292 | INFO  | DNAudit | user=null | ip=null | op=WRITE_CHUNK {blockData=conID: 3 locID: 102666070538191539 bcsId: 5236} | ret=SUCCESS |  
2019-08-23 11:31:54,293 | INFO  | DNAudit | user=null | ip=null | op=PUT_BLOCK {blockData=[blockId=conID: 3 locID: 102666070538191539 bcsId: 0,size=4194304]} | ret=SUCCESS |  
2019-08-23 11:31:54,294 | INFO  | DNAudit | user=null | ip=null | op=PUT_BLOCK {blockData=[blockId=conID: 3 locID: 102666070538191539 bcsId: 0,size=4194304]} | ret=SUCCESS |  
2019-08-23 11:31:54,294 [grpc-default-executor-5] INFO  client.GrpcClientProtocolClient (GrpcClientProtocolClient.java:onNext(255)) - client-C9E345EC67ED->244f13ac-34be-4c4e-8e45-0c0272edbbb2: receive RaftClientReply:client-C9E345EC67ED->244f13ac-34be-4c4e-8e45-0c0272edbbb2@group-FE77C852EF02, cid=3480, SUCCESS, logIndex=0, commits[244f13ac-34be-4c4e-8e45-0c0272edbbb2:c5241, 6287e41a-5356-4f55-84f2-270816d53e84:c5239, a2c18d3d-e79d-47c9-88fe-d8a1d195302b:c5239]
2019-08-23 11:31:54,303 | INFO  | SCMAudit | user=jenkins1000 | ip=192.168.5.185 | op=ALLOCATE_BLOCK {owner=00a23185-76ea-47b5-a641-ad3cfbe5521a, size=4194304, type=RATIS, factor=THREE} | ret=SUCCESS |  
2019-08-23 11:31:54,309 | INFO  | OMAudit | user=jenkins1000 | ip=127.0.0.1 | op=ALLOCATE_BLOCK {volume=vol-0-37508, bucket=bucket-0-50919, key=key-0-57313, dataSize=0, replicationType=null, replicationFactor=null, keyLocationInfo=null, clientID=102666068570931602} | ret=SUCCESS |  
2019-08-23 11:31:54,318 | INFO  | DNAudit | user=null | ip=null | op=WRITE_CHUNK {blockData=conID: 1 locID: 102666070543762100 bcsId: 0} | ret=SUCCESS |  
2019-08-23 11:31:54,319 | INFO  | DNAudit | user=null | ip=null | op=WRITE_CHUNK {blockData=conID: 1 locID: 102666070543762100 bcsId: 0} | ret=SUCCESS |  
2019-08-23 11:31:54,321 | INFO  | DNAudit | user=null | ip=null | op=WRITE_CHUNK {blockData=conID: 1 locID: 102666070543762100 bcsId: 0} | ret=SUCCESS |  
2019-08-23 11:31:54,321 | INFO  | DNAudit | user=null | ip=null | op=WRITE_CHUNK {blockData=conID: 1 locID: 102666070543762100 bcsId: 0} | ret=SUCCESS |  
2019-08-23 11:31:54,322 | INFO  | DNAudit | user=null | ip=null | op=WRITE_CHUNK {blockData=conID: 1 locID: 102666070543762100 bcsId: 0} | ret=SUCCESS |  
2019-08-23 11:31:54,322 | INFO  | DNAudit | user=null | ip=null | op=WRITE_CHUNK {blockData=conID: 1 locID: 102666070543762100 bcsId: 0} | ret=SUCCESS |  
2019-08-23 11:31:54,330 | INFO  | DNAudit | user=null | ip=null | op=WRITE_CHUNK {blockData=conID: 1 locID: 102666070543762100 bcsId: 0} | ret=SUCCESS |  
2019-08-23 11:31:54,330 | INFO  | DNAudit | user=null | ip=null | op=PUT_BLOCK {blockData=[blockId=conID: 1 locID: 102666070543762100 bcsId: 0,size=1048576]} | ret=SUCCESS |  
2019-08-23 11:31:54,330 [grpc-default-executor-1] INFO  client.GrpcClientProtocolClient (GrpcClientProtocolClient.java:onNext(255)) - client-C9E345EC67ED->244f13ac-34be-4c4e-8e45-0c0272edbbb2: receive RaftClientReply:client-C9E345EC67ED->244f13ac-34be-4c4e-8e45-0c0272edbbb2@group-FE77C852EF02, cid=3481, SUCCESS, logIndex=5242, commits[244f13ac-34be-4c4e-8e45-0c0272edbbb2:c5244, 6287e41a-5356-4f55-84f2-270816d53e84:c5241, a2c18d3d-e79d-47c9-88fe-d8a1d195302b:c5241]
2019-08-23 11:31:54,331 | INFO  | DNAudit | user=null | ip=null | op=WRITE_CHUNK {blockData=conID: 1 locID: 102666070543762100 bcsId: 0} | ret=SUCCESS |  
2019-08-23 11:31:54,331 | INFO  | DNAudit | user=null | ip=null | op=WRITE_CHUNK {blockData=conID: 1 locID: 102666070543762100 bcsId: 0} | ret=SUCCESS |  
2019-08-23 11:31:54,331 | INFO  | DNAudit | user=null | ip=null | op=PUT_BLOCK {blockData=[blockId=conID: 1 locID: 102666070543762100 bcsId: 0,size=2097152]} | ret=SUCCESS |  
2019-08-23 11:31:54,331 [grpc-default-executor-1] INFO  client.GrpcClientProtocolClient (GrpcClientProtocolClient.java:onNext(255)) - client-C9E345EC67ED->244f13ac-34be-4c4e-8e45-0c0272edbbb2: receive RaftClientReply:client-C9E345EC67ED->244f13ac-34be-4c4e-8e45-0c0272edbbb2@group-FE77C852EF02, cid=3482, SUCCESS, logIndex=5243, commits[244f13ac-34be-4c4e-8e45-0c0272edbbb2:c5245, 6287e41a-5356-4f55-84f2-270816d53e84:c5241, a2c18d3d-e79d-47c9-88fe-d8a1d195302b:c5241]
2019-08-23 11:31:54,331 [grpc-default-executor-1] INFO  client.GrpcClientProtocolClient (GrpcClientProtocolClient.java:onNext(255)) - client-C9E345EC67ED->244f13ac-34be-4c4e-8e45-0c0272edbbb2: receive RaftClientReply:client-C9E345EC67ED->244f13ac-34be-4c4e-8e45-0c0272edbbb2@group-FE77C852EF02, cid=3483, SUCCESS, logIndex=5244, commits[244f13ac-34be-4c4e-8e45-0c0272edbbb2:c5246, 6287e41a-5356-4f55-84f2-270816d53e84:c5242, a2c18d3d-e79d-47c9-88fe-d8a1d195302b:c5241]
2019-08-23 11:31:54,332 | INFO  | DNAudit | user=null | ip=null | op=WRITE_CHUNK {blockData=conID: 1 locID: 102666070543762100 bcsId: 0} | ret=SUCCESS |  
2019-08-23 11:31:54,332 [grpc-default-executor-1] INFO  client.GrpcClientProtocolClient (GrpcClientProtocolClient.java:onNext(255)) - client-C9E345EC67ED->244f13ac-34be-4c4e-8e45-0c0272edbbb2: receive RaftClientReply:client-C9E345EC67ED->244f13ac-34be-4c4e-8e45-0c0272edbbb2@group-FE77C852EF02, cid=3484, SUCCESS, logIndex=5245, commits[244f13ac-34be-4c4e-8e45-0c0272edbbb2:c5246, 6287e41a-5356-4f55-84f2-270816d53e84:c5242, a2c18d3d-e79d-47c9-88fe-d8a1d195302b:c5241]
2019-08-23 11:31:54,332 | INFO  | DNAudit | user=null | ip=null | op=PUT_BLOCK {blockData=[blockId=conID: 1 locID: 102666070543762100 bcsId: 0,size=1048576]} | ret=SUCCESS |  
2019-08-23 11:31:54,332 | INFO  | DNAudit | user=null | ip=null | op=PUT_BLOCK {blockData=[blockId=conID: 1 locID: 102666070543762100 bcsId: 0,size=1048576]} | ret=SUCCESS |  
2019-08-23 11:31:54,332 | INFO  | DNAudit | user=null | ip=null | op=WRITE_CHUNK {blockData=conID: 1 locID: 102666070543762100 bcsId: 0} | ret=SUCCESS |  
2019-08-23 11:31:54,332 | INFO  | DNAudit | user=null | ip=null | op=WRITE_CHUNK {blockData=conID: 1 locID: 102666070543762100 bcsId: 0} | ret=SUCCESS |  
2019-08-23 11:31:54,333 | INFO  | DNAudit | user=null | ip=null | op=PUT_BLOCK {blockData=[blockId=conID: 1 locID: 102666070543762100 bcsId: 0,size=2097152]} | ret=SUCCESS |  
2019-08-23 11:31:54,333 [grpc-default-executor-1] INFO  client.GrpcClientProtocolClient (GrpcClientProtocolClient.java:onNext(255)) - client-C9E345EC67ED->244f13ac-34be-4c4e-8e45-0c0272edbbb2: receive RaftClientReply:client-C9E345EC67ED->244f13ac-34be-4c4e-8e45-0c0272edbbb2@group-FE77C852EF02, cid=3485, SUCCESS, logIndex=0, commits[244f13ac-34be-4c4e-8e45-0c0272edbbb2:c5247, 6287e41a-5356-4f55-84f2-270816d53e84:c5244, a2c18d3d-e79d-47c9-88fe-d8a1d195302b:c5243]
2019-08-23 11:31:54,333 | INFO  | DNAudit | user=null | ip=null | op=PUT_BLOCK {blockData=[blockId=conID: 1 locID: 102666070543762100 bcsId: 0,size=2097152]} | ret=SUCCESS |  
2019-08-23 11:31:54,340 | INFO  | DNAudit | user=null | ip=null | op=WRITE_CHUNK {blockData=conID: 1 locID: 102666070543762100 bcsId: 5245} | ret=SUCCESS |  
2019-08-23 11:31:54,342 | INFO  | DNAudit | user=null | ip=null | op=WRITE_CHUNK {blockData=conID: 1 locID: 102666070543762100 bcsId: 5245} | ret=SUCCESS |  
2019-08-23 11:31:54,342 | INFO  | DNAudit | user=null | ip=null | op=WRITE_CHUNK {blockData=conID: 1 locID: 102666070543762100 bcsId: 5245} | ret=SUCCESS |  
2019-08-23 11:31:54,353 | INFO  | DNAudit | user=null | ip=null | op=WRITE_CHUNK {blockData=conID: 1 locID: 102666070543762100 bcsId: 5245} | ret=SUCCESS |  
2019-08-23 11:31:54,353 | INFO  | DNAudit | user=null | ip=null | op=PUT_BLOCK {blockData=[blockId=conID: 1 locID: 102666070543762100 bcsId: 0,size=3145728]} | ret=SUCCESS |  
2019-08-23 11:31:54,353 [grpc-default-executor-0] INFO  client.GrpcClientProtocolClient (GrpcClientProtocolClient.java:onNext(255)) - client-C9E345EC67ED->244f13ac-34be-4c4e-8e45-0c0272edbbb2: receive RaftClientReply:client-C9E345EC67ED->244f13ac-34be-4c4e-8e45-0c0272edbbb2@group-FE77C852EF02, cid=3486, SUCCESS, logIndex=5250, commits[244f13ac-34be-4c4e-8e45-0c0272edbbb2:c5251, 6287e41a-5356-4f55-84f2-270816d53e84:c5249, a2c18d3d-e79d-47c9-88fe-d8a1d195302b:c5249]
2019-08-23 11:31:54,354 [grpc-default-executor-0] INFO  client.GrpcClientProtocolClient (GrpcClientProtocolClient.java:onNext(255)) - client-C9E345EC67ED->244f13ac-34be-4c4e-8e45-0c0272edbbb2: receive RaftClientReply:client-C9E345EC67ED->244f13ac-34be-4c4e-8e45-0c0272edbbb2@group-FE77C852EF02, cid=3487, SUCCESS, logIndex=5251, commits[244f13ac-34be-4c4e-8e45-0c0272edbbb2:c5251, 6287e41a-5356-4f55-84f2-270816d53e84:c5249, a2c18d3d-e79d-47c9-88fe-d8a1d195302b:c5249]
2019-08-23 11:31:54,354 | INFO  | DNAudit | user=null | ip=null | op=WRITE_CHUNK {blockData=conID: 1 locID: 102666070543762100 bcsId: 5245} | ret=SUCCESS |  
2019-08-23 11:31:54,354 | INFO  | DNAudit | user=null | ip=null | op=WRITE_CHUNK {blockData=conID: 1 locID: 102666070543762100 bcsId: 5245} | ret=SUCCESS |  
2019-08-23 11:31:54,355 | INFO  | DNAudit | user=null | ip=null | op=PUT_BLOCK {blockData=[blockId=conID: 1 locID: 102666070543762100 bcsId: 0,size=3145728]} | ret=SUCCESS |  
2019-08-23 11:31:54,355 | INFO  | DNAudit | user=null | ip=null | op=PUT_BLOCK {blockData=[blockId=conID: 1 locID: 102666070543762100 bcsId: 0,size=3145728]} | ret=SUCCESS |  
2019-08-23 11:31:54,361 | INFO  | DNAudit | user=null | ip=null | op=WRITE_CHUNK {blockData=conID: 1 locID: 102666070543762100 bcsId: 5251} | ret=SUCCESS |  
2019-08-23 11:31:54,363 | INFO  | DNAudit | user=null | ip=null | op=WRITE_CHUNK {blockData=conID: 1 locID: 102666070543762100 bcsId: 5251} | ret=SUCCESS |  
2019-08-23 11:31:54,364 | INFO  | DNAudit | user=null | ip=null | op=WRITE_CHUNK {blockData=conID: 1 locID: 102666070543762100 bcsId: 5251} | ret=SUCCESS |  
2019-08-23 11:31:54,371 | INFO  | DNAudit | user=null | ip=null | op=WRITE_CHUNK {blockData=conID: 1 locID: 102666070543762100 bcsId: 5251} | ret=SUCCESS |  
2019-08-23 11:31:54,371 | INFO  | DNAudit | user=null | ip=null | op=PUT_BLOCK {blockData=[blockId=conID: 1 locID: 102666070543762100 bcsId: 0,size=4194304]} | ret=SUCCESS |  
2019-08-23 11:31:54,371 [grpc-default-executor-4] INFO  client.GrpcClientProtocolClient (GrpcClientProtocolClient.java:onNext(255)) - client-C9E345EC67ED->244f13ac-34be-4c4e-8e45-0c0272edbbb2: receive RaftClientReply:client-C9E345EC67ED->244f13ac-34be-4c4e-8e45-0c0272edbbb2@group-FE77C852EF02, cid=3488, SUCCESS, logIndex=5254, commits[244f13ac-34be-4c4e-8e45-0c0272edbbb2:c5255, 6287e41a-5356-4f55-84f2-270816d53e84:c5253, a2c18d3d-e79d-47c9-88fe-d8a1d195302b:c5253]
2019-08-23 11:31:54,372 [grpc-default-executor-4] INFO  client.GrpcClientProtocolClient (GrpcClientProtocolClient.java:onNext(255)) - client-C9E345EC67ED->244f13ac-34be-4c4e-8e45-0c0272edbbb2: receive RaftClientReply:client-C9E345EC67ED->244f13ac-34be-4c4e-8e45-0c0272edbbb2@group-FE77C852EF02, cid=3489, SUCCESS, logIndex=5255, commits[244f13ac-34be-4c4e-8e45-0c0272edbbb2:c5255, 6287e41a-5356-4f55-84f2-270816d53e84:c5253, a2c18d3d-e79d-47c9-88fe-d8a1d195302b:c5253]
2019-08-23 11:31:54,372 | INFO  | DNAudit | user=null | ip=null | op=WRITE_CHUNK {blockData=conID: 1 locID: 102666070543762100 bcsId: 5251} | ret=SUCCESS |  
2019-08-23 11:31:54,372 | INFO  | DNAudit | user=null | ip=null | op=WRITE_CHUNK {blockData=conID: 1 locID: 102666070543762100 bcsId: 5251} | ret=SUCCESS |  
2019-08-23 11:31:54,373 | INFO  | DNAudit | user=null | ip=null | op=PUT_BLOCK {blockData=[blockId=conID: 1 locID: 102666070543762100 bcsId: 0,size=4194304]} | ret=SUCCESS |  
2019-08-23 11:31:54,373 | INFO  | DNAudit | user=null | ip=null | op=PUT_BLOCK {blockData=[blockId=conID: 1 locID: 102666070543762100 bcsId: 0,size=4194304]} | ret=SUCCESS |  
2019-08-23 11:31:54,373 [grpc-default-executor-4] INFO  client.GrpcClientProtocolClient (GrpcClientProtocolClient.java:onNext(255)) - client-C9E345EC67ED->244f13ac-34be-4c4e-8e45-0c0272edbbb2: receive RaftClientReply:client-C9E345EC67ED->244f13ac-34be-4c4e-8e45-0c0272edbbb2@group-FE77C852EF02, cid=3490, SUCCESS, logIndex=0, commits[244f13ac-34be-4c4e-8e45-0c0272edbbb2:c5256, 6287e41a-5356-4f55-84f2-270816d53e84:c5255, a2c18d3d-e79d-47c9-88fe-d8a1d195302b:c5255]
2019-08-23 11:31:54,380 | INFO  | SCMAudit | user=jenkins1000 | ip=192.168.5.185 | op=ALLOCATE_BLOCK {owner=00a23185-76ea-47b5-a641-ad3cfbe5521a, size=4194304, type=RATIS, factor=THREE} | ret=SUCCESS |  
2019-08-23 11:31:54,384 | INFO  | OMAudit | user=jenkins1000 | ip=127.0.0.1 | op=ALLOCATE_BLOCK {volume=vol-0-37508, bucket=bucket-0-50919, key=key-0-57313, dataSize=0, replicationType=null, replicationFactor=null, keyLocationInfo=null, clientID=102666068570931602} | ret=SUCCESS |  
2019-08-23 11:31:54,391 | INFO  | DNAudit | user=null | ip=null | op=WRITE_CHUNK {blockData=conID: 2 locID: 102666070548742837 bcsId: 0} | ret=SUCCESS |  
2019-08-23 11:31:54,393 | INFO  | DNAudit | user=null | ip=null | op=WRITE_CHUNK {blockData=conID: 2 locID: 102666070548742837 bcsId: 0} | ret=SUCCESS |  
2019-08-23 11:31:54,394 | INFO  | DNAudit | user=null | ip=null | op=WRITE_CHUNK {blockData=conID: 2 locID: 102666070548742837 bcsId: 0} | ret=SUCCESS |  
2019-08-23 11:31:54,394 | INFO  | DNAudit | user=null | ip=null | op=WRITE_CHUNK {blockData=conID: 2 locID: 102666070548742837 bcsId: 0} | ret=SUCCESS |  
2019-08-23 11:31:54,395 | INFO  | DNAudit | user=null | ip=null | op=WRITE_CHUNK {blockData=conID: 2 locID: 102666070548742837 bcsId: 0} | ret=SUCCESS |  
2019-08-23 11:31:54,395 | INFO  | DNAudit | user=null | ip=null | op=WRITE_CHUNK {blockData=conID: 2 locID: 102666070548742837 bcsId: 0} | ret=SUCCESS |  
2019-08-23 11:31:54,397 | INFO  | DNAudit | user=null | ip=null | op=WRITE_CHUNK {blockData=conID: 2 locID: 102666070548742837 bcsId: 0} | ret=SUCCESS |  
2019-08-23 11:31:54,398 | INFO  | DNAudit | user=null | ip=null | op=PUT_BLOCK {blockData=[blockId=conID: 2 locID: 102666070548742837 bcsId: 0,size=1048576]} | ret=SUCCESS |  
2019-08-23 11:31:54,398 | INFO  | DNAudit | user=null | ip=null | op=WRITE_CHUNK {blockData=conID: 2 locID: 102666070548742837 bcsId: 0} | ret=SUCCESS |  
2019-08-23 11:31:54,398 [grpc-default-executor-5] INFO  client.GrpcClientProtocolClient (GrpcClientProtocolClient.java:onNext(255)) - client-C9E345EC67ED->244f13ac-34be-4c4e-8e45-0c0272edbbb2: receive RaftClientReply:client-C9E345EC67ED->244f13ac-34be-4c4e-8e45-0c0272edbbb2@group-FE77C852EF02, cid=3491, SUCCESS, logIndex=5258, commits[244f13ac-34be-4c4e-8e45-0c0272edbbb2:c5260, 6287e41a-5356-4f55-84f2-270816d53e84:c5257, a2c18d3d-e79d-47c9-88fe-d8a1d195302b:c5257]
2019-08-23 11:31:54,399 | INFO  | DNAudit | user=null | ip=null | op=PUT_BLOCK {blockData=[blockId=conID: 2 locID: 102666070548742837 bcsId: 0,size=2097152]} | ret=SUCCESS |  
2019-08-23 11:31:54,399 | INFO  | DNAudit | user=null | ip=null | op=WRITE_CHUNK {blockData=conID: 2 locID: 102666070548742837 bcsId: 0} | ret=SUCCESS |  
2019-08-23 11:31:54,399 [grpc-default-executor-5] INFO  client.GrpcClientProtocolClient (GrpcClientProtocolClient.java:onNext(255)) - client-C9E345EC67ED->244f13ac-34be-4c4e-8e45-0c0272edbbb2: receive RaftClientReply:client-C9E345EC67ED->244f13ac-34be-4c4e-8e45-0c0272edbbb2@group-FE77C852EF02, cid=3492, SUCCESS, logIndex=5259, commits[244f13ac-34be-4c4e-8e45-0c0272edbbb2:c5261, 6287e41a-5356-4f55-84f2-270816d53e84:c5257, a2c18d3d-e79d-47c9-88fe-d8a1d195302b:c5257]
2019-08-23 11:31:54,399 [grpc-default-executor-5] INFO  client.GrpcClientProtocolClient (GrpcClientProtocolClient.java:onNext(255)) - client-C9E345EC67ED->244f13ac-34be-4c4e-8e45-0c0272edbbb2: receive RaftClientReply:client-C9E345EC67ED->244f13ac-34be-4c4e-8e45-0c0272edbbb2@group-FE77C852EF02, cid=3493, SUCCESS, logIndex=5260, commits[244f13ac-34be-4c4e-8e45-0c0272edbbb2:c5261, 6287e41a-5356-4f55-84f2-270816d53e84:c5257, a2c18d3d-e79d-47c9-88fe-d8a1d195302b:c5257]
2019-08-23 11:31:54,399 [grpc-default-executor-5] INFO  client.GrpcClientProtocolClient (GrpcClientProtocolClient.java:onNext(255)) - client-C9E345EC67ED->244f13ac-34be-4c4e-8e45-0c0272edbbb2: receive RaftClientReply:client-C9E345EC67ED->244f13ac-34be-4c4e-8e45-0c0272edbbb2@group-FE77C852EF02, cid=3494, SUCCESS, logIndex=5261, commits[244f13ac-34be-4c4e-8e45-0c0272edbbb2:c5261, 6287e41a-5356-4f55-84f2-270816d53e84:c5257, a2c18d3d-e79d-47c9-88fe-d8a1d195302b:c5258]
2019-08-23 11:31:54,400 | INFO  | DNAudit | user=null | ip=null | op=WRITE_CHUNK {blockData=conID: 2 locID: 102666070548742837 bcsId: 0} | ret=SUCCESS |  
2019-08-23 11:31:54,400 | INFO  | DNAudit | user=null | ip=null | op=PUT_BLOCK {blockData=[blockId=conID: 2 locID: 102666070548742837 bcsId: 0,size=1048576]} | ret=SUCCESS |  
2019-08-23 11:31:54,400 | INFO  | DNAudit | user=null | ip=null | op=WRITE_CHUNK {blockData=conID: 2 locID: 102666070548742837 bcsId: 0} | ret=SUCCESS |  
2019-08-23 11:31:54,400 | INFO  | DNAudit | user=null | ip=null | op=PUT_BLOCK {blockData=[blockId=conID: 2 locID: 102666070548742837 bcsId: 0,size=2097152]} | ret=SUCCESS |  
2019-08-23 11:31:54,401 | INFO  | DNAudit | user=null | ip=null | op=PUT_BLOCK {blockData=[blockId=conID: 2 locID: 102666070548742837 bcsId: 0,size=1048576]} | ret=SUCCESS |  
2019-08-23 11:31:54,401 | INFO  | DNAudit | user=null | ip=null | op=WRITE_CHUNK {blockData=conID: 2 locID: 102666070548742837 bcsId: 0} | ret=SUCCESS |  
2019-08-23 11:31:54,401 | INFO  | DNAudit | user=null | ip=null | op=PUT_BLOCK {blockData=[blockId=conID: 2 locID: 102666070548742837 bcsId: 0,size=2097152]} | ret=SUCCESS |  
2019-08-23 11:31:54,401 [grpc-default-executor-5] INFO  client.GrpcClientProtocolClient (GrpcClientProtocolClient.java:onNext(255)) - client-C9E345EC67ED->244f13ac-34be-4c4e-8e45-0c0272edbbb2: receive RaftClientReply:client-C9E345EC67ED->244f13ac-34be-4c4e-8e45-0c0272edbbb2@group-FE77C852EF02, cid=3495, SUCCESS, logIndex=0, commits[244f13ac-34be-4c4e-8e45-0c0272edbbb2:c5265, 6287e41a-5356-4f55-84f2-270816d53e84:c5260, a2c18d3d-e79d-47c9-88fe-d8a1d195302b:c5261]
2019-08-23 11:31:54,407 | INFO  | DNAudit | user=null | ip=null | op=WRITE_CHUNK {blockData=conID: 2 locID: 102666070548742837 bcsId: 5261} | ret=SUCCESS |  
2019-08-23 11:31:54,409 | INFO  | DNAudit | user=null | ip=null | op=WRITE_CHUNK {blockData=conID: 2 locID: 102666070548742837 bcsId: 5261} | ret=SUCCESS |  
2019-08-23 11:31:54,409 | INFO  | DNAudit | user=null | ip=null | op=WRITE_CHUNK {blockData=conID: 2 locID: 102666070548742837 bcsId: 5261} | ret=SUCCESS |  
2019-08-23 11:31:54,415 | INFO  | DNAudit | user=null | ip=null | op=WRITE_CHUNK {blockData=conID: 2 locID: 102666070548742837 bcsId: 5261} | ret=SUCCESS |  
2019-08-23 11:31:54,416 | INFO  | DNAudit | user=null | ip=null | op=PUT_BLOCK {blockData=[blockId=conID: 2 locID: 102666070548742837 bcsId: 0,size=3145728]} | ret=SUCCESS |  
2019-08-23 11:31:54,416 [grpc-default-executor-0] INFO  client.GrpcClientProtocolClient (GrpcClientProtocolClient.java:onNext(255)) - client-C9E345EC67ED->244f13ac-34be-4c4e-8e45-0c0272edbbb2: receive RaftClientReply:client-C9E345EC67ED->244f13ac-34be-4c4e-8e45-0c0272edbbb2@group-FE77C852EF02, cid=3496, SUCCESS, logIndex=5266, commits[244f13ac-34be-4c4e-8e45-0c0272edbbb2:c5267, 6287e41a-5356-4f55-84f2-270816d53e84:c5265, a2c18d3d-e79d-47c9-88fe-d8a1d195302b:c5265]
2019-08-23 11:31:54,416 [grpc-default-executor-0] INFO  client.GrpcClientProtocolClient (GrpcClientProtocolClient.java:onNext(255)) - client-C9E345EC67ED->244f13ac-34be-4c4e-8e45-0c0272edbbb2: receive RaftClientReply:client-C9E345EC67ED->244f13ac-34be-4c4e-8e45-0c0272edbbb2@group-FE77C852EF02, cid=3497, SUCCESS, logIndex=5267, commits[244f13ac-34be-4c4e-8e45-0c0272edbbb2:c5267, 6287e41a-5356-4f55-84f2-270816d53e84:c5265, a2c18d3d-e79d-47c9-88fe-d8a1d195302b:c5265]
2019-08-23 11:31:54,417 | INFO  | DNAudit | user=null | ip=null | op=WRITE_CHUNK {blockData=conID: 2 locID: 102666070548742837 bcsId: 5261} | ret=SUCCESS |  
2019-08-23 11:31:54,417 | INFO  | DNAudit | user=null | ip=null | op=WRITE_CHUNK {blockData=conID: 2 locID: 102666070548742837 bcsId: 5261} | ret=SUCCESS |  
2019-08-23 11:31:54,417 | INFO  | DNAudit | user=null | ip=null | op=PUT_BLOCK {blockData=[blockId=conID: 2 locID: 102666070548742837 bcsId: 0,size=3145728]} | ret=SUCCESS |  
2019-08-23 11:31:54,417 | INFO  | DNAudit | user=null | ip=null | op=PUT_BLOCK {blockData=[blockId=conID: 2 locID: 102666070548742837 bcsId: 0,size=3145728]} | ret=SUCCESS |  
2019-08-23 11:31:54,423 | INFO  | DNAudit | user=null | ip=null | op=WRITE_CHUNK {blockData=conID: 2 locID: 102666070548742837 bcsId: 5267} | ret=SUCCESS |  
2019-08-23 11:31:54,426 | INFO  | DNAudit | user=null | ip=null | op=WRITE_CHUNK {blockData=conID: 2 locID: 102666070548742837 bcsId: 5267} | ret=SUCCESS |  
2019-08-23 11:31:54,426 | INFO  | DNAudit | user=null | ip=null | op=WRITE_CHUNK {blockData=conID: 2 locID: 102666070548742837 bcsId: 5267} | ret=SUCCESS |  
2019-08-23 11:31:54,462 | INFO  | DNAudit | user=null | ip=null | op=WRITE_CHUNK {blockData=conID: 2 locID: 102666070548742837 bcsId: 5267} | ret=SUCCESS |  
2019-08-23 11:31:54,462 | INFO  | DNAudit | user=null | ip=null | op=PUT_BLOCK {blockData=[blockId=conID: 2 locID: 102666070548742837 bcsId: 0,size=4194304]} | ret=SUCCESS |  
2019-08-23 11:31:54,462 [grpc-default-executor-1] INFO  client.GrpcClientProtocolClient (GrpcClientProtocolClient.java:onNext(255)) - client-C9E345EC67ED->244f13ac-34be-4c4e-8e45-0c0272edbbb2: receive RaftClientReply:client-C9E345EC67ED->244f13ac-34be-4c4e-8e45-0c0272edbbb2@group-FE77C852EF02, cid=3498, SUCCESS, logIndex=5270, commits[244f13ac-34be-4c4e-8e45-0c0272edbbb2:c5271, 6287e41a-5356-4f55-84f2-270816d53e84:c5269, a2c18d3d-e79d-47c9-88fe-d8a1d195302b:c5269]
2019-08-23 11:31:54,463 | INFO  | DNAudit | user=null | ip=null | op=WRITE_CHUNK {blockData=conID: 2 locID: 102666070548742837 bcsId: 5267} | ret=SUCCESS |  
2019-08-23 11:31:54,463 | INFO  | DNAudit | user=null | ip=null | op=WRITE_CHUNK {blockData=conID: 2 locID: 102666070548742837 bcsId: 5267} | ret=SUCCESS |  
2019-08-23 11:31:54,463 | INFO  | DNAudit | user=null | ip=null | op=PUT_BLOCK {blockData=[blockId=conID: 2 locID: 102666070548742837 bcsId: 0,size=4194304]} | ret=SUCCESS |  
2019-08-23 11:31:54,463 [grpc-default-executor-1] INFO  client.GrpcClientProtocolClient (GrpcClientProtocolClient.java:onNext(255)) - client-C9E345EC67ED->244f13ac-34be-4c4e-8e45-0c0272edbbb2: receive RaftClientReply:client-C9E345EC67ED->244f13ac-34be-4c4e-8e45-0c0272edbbb2@group-FE77C852EF02, cid=3499, SUCCESS, logIndex=5271, commits[244f13ac-34be-4c4e-8e45-0c0272edbbb2:c5271, 6287e41a-5356-4f55-84f2-270816d53e84:c5269, a2c18d3d-e79d-47c9-88fe-d8a1d195302b:c5269]
2019-08-23 11:31:54,464 | INFO  | DNAudit | user=null | ip=null | op=PUT_BLOCK {blockData=[blockId=conID: 2 locID: 102666070548742837 bcsId: 0,size=4194304]} | ret=SUCCESS |  
2019-08-23 11:31:54,465 [grpc-default-executor-1] INFO  client.GrpcClientProtocolClient (GrpcClientProtocolClient.java:onNext(255)) - client-C9E345EC67ED->244f13ac-34be-4c4e-8e45-0c0272edbbb2: receive RaftClientReply:client-C9E345EC67ED->244f13ac-34be-4c4e-8e45-0c0272edbbb2@group-FE77C852EF02, cid=3500, SUCCESS, logIndex=0, commits[244f13ac-34be-4c4e-8e45-0c0272edbbb2:c5273, 6287e41a-5356-4f55-84f2-270816d53e84:c5271, a2c18d3d-e79d-47c9-88fe-d8a1d195302b:c5271]
2019-08-23 11:31:54,467 | INFO  | SCMAudit | user=jenkins1000 | ip=192.168.5.185 | op=SEND_HEARTBEAT {datanodeUUID=0d166765-8492-4439-8677-f737a7bc54ca, command=[]} | ret=SUCCESS |  
2019-08-23 11:31:54,467 | INFO  | SCMAudit | user=jenkins1000 | ip=192.168.5.185 | op=SEND_HEARTBEAT {datanodeUUID=6287e41a-5356-4f55-84f2-270816d53e84, command=[]} | ret=SUCCESS |  
2019-08-23 11:31:54,467 | INFO  | SCMAudit | user=jenkins1000 | ip=192.168.5.185 | op=SEND_HEARTBEAT {datanodeUUID=b2c34899-c5c3-4720-9d95-984efeabf4a7, command=[]} | ret=SUCCESS |  
2019-08-23 11:31:54,470 | INFO  | SCMAudit | user=jenkins1000 | ip=192.168.5.185 | op=SEND_HEARTBEAT {datanodeUUID=a2c18d3d-e79d-47c9-88fe-d8a1d195302b, command=[]} | ret=SUCCESS |  
2019-08-23 11:31:54,471 | INFO  | SCMAudit | user=jenkins1000 | ip=192.168.5.185 | op=SEND_HEARTBEAT {datanodeUUID=244f13ac-34be-4c4e-8e45-0c0272edbbb2, command=[]} | ret=SUCCESS |  
 0.00% |█                                                                                                    |  0/1 Time: 0:00:302019-08-23 11:31:54,473 | INFO  | SCMAudit | user=jenkins1000 | ip=192.168.5.185 | op=ALLOCATE_BLOCK {owner=00a23185-76ea-47b5-a641-ad3cfbe5521a, size=4194304, type=RATIS, factor=THREE} | ret=SUCCESS |  
2019-08-23 11:31:54,479 | INFO  | OMAudit | user=jenkins1000 | ip=127.0.0.1 | op=ALLOCATE_BLOCK {volume=vol-0-37508, bucket=bucket-0-50919, key=key-0-57313, dataSize=0, replicationType=null, replicationFactor=null, keyLocationInfo=null, clientID=102666068570931602} | ret=SUCCESS |  
2019-08-23 11:31:54,488 | INFO  | DNAudit | user=null | ip=null | op=WRITE_CHUNK {blockData=conID: 3 locID: 102666070554903222 bcsId: 0} | ret=SUCCESS |  
2019-08-23 11:31:54,491 | INFO  | DNAudit | user=null | ip=null | op=WRITE_CHUNK {blockData=conID: 3 locID: 102666070554903222 bcsId: 0} | ret=SUCCESS |  
2019-08-23 11:31:54,492 | INFO  | DNAudit | user=null | ip=null | op=WRITE_CHUNK {blockData=conID: 3 locID: 102666070554903222 bcsId: 0} | ret=SUCCESS |  
2019-08-23 11:31:54,492 | INFO  | DNAudit | user=null | ip=null | op=WRITE_CHUNK {blockData=conID: 3 locID: 102666070554903222 bcsId: 0} | ret=SUCCESS |  
2019-08-23 11:31:54,494 | INFO  | DNAudit | user=null | ip=null | op=WRITE_CHUNK {blockData=conID: 3 locID: 102666070554903222 bcsId: 0} | ret=SUCCESS |  
2019-08-23 11:31:54,495 | INFO  | DNAudit | user=null | ip=null | op=WRITE_CHUNK {blockData=conID: 3 locID: 102666070554903222 bcsId: 0} | ret=SUCCESS |  
2019-08-23 11:31:54,501 | INFO  | DNAudit | user=null | ip=null | op=WRITE_CHUNK {blockData=conID: 3 locID: 102666070554903222 bcsId: 0} | ret=SUCCESS |  
2019-08-23 11:31:54,502 | INFO  | DNAudit | user=null | ip=null | op=PUT_BLOCK {blockData=[blockId=conID: 3 locID: 102666070554903222 bcsId: 0,size=1048576]} | ret=SUCCESS |  
2019-08-23 11:31:54,502 | INFO  | DNAudit | user=null | ip=null | op=WRITE_CHUNK {blockData=conID: 3 locID: 102666070554903222 bcsId: 0} | ret=SUCCESS |  
2019-08-23 11:31:54,502 [grpc-default-executor-1] INFO  client.GrpcClientProtocolClient (GrpcClientProtocolClient.java:onNext(255)) - client-C9E345EC67ED->244f13ac-34be-4c4e-8e45-0c0272edbbb2: receive RaftClientReply:client-C9E345EC67ED->244f13ac-34be-4c4e-8e45-0c0272edbbb2@group-FE77C852EF02, cid=3501, SUCCESS, logIndex=5274, commits[244f13ac-34be-4c4e-8e45-0c0272edbbb2:c5277, 6287e41a-5356-4f55-84f2-270816d53e84:c5273, a2c18d3d-e79d-47c9-88fe-d8a1d195302b:c5273]
2019-08-23 11:31:54,503 | INFO  | DNAudit | user=null | ip=null | op=WRITE_CHUNK {blockData=conID: 3 locID: 102666070554903222 bcsId: 0} | ret=SUCCESS |  
2019-08-23 11:31:54,503 | INFO  | DNAudit | user=null | ip=null | op=PUT_BLOCK {blockData=[blockId=conID: 3 locID: 102666070554903222 bcsId: 0,size=2097152]} | ret=SUCCESS |  
2019-08-23 11:31:54,503 [grpc-default-executor-1] INFO  client.GrpcClientProtocolClient (GrpcClientProtocolClient.java:onNext(255)) - client-C9E345EC67ED->244f13ac-34be-4c4e-8e45-0c0272edbbb2: receive RaftClientReply:client-C9E345EC67ED->244f13ac-34be-4c4e-8e45-0c0272edbbb2@group-FE77C852EF02, cid=3502, SUCCESS, logIndex=5275, commits[244f13ac-34be-4c4e-8e45-0c0272edbbb2:c5277, 6287e41a-5356-4f55-84f2-270816d53e84:c5273, a2c18d3d-e79d-47c9-88fe-d8a1d195302b:c5273]
2019-08-23 11:31:54,503 | INFO  | DNAudit | user=null | ip=null | op=PUT_BLOCK {blockData=[blockId=conID: 3 locID: 102666070554903222 bcsId: 0,size=1048576]} | ret=SUCCESS |  
2019-08-23 11:31:54,503 [grpc-default-executor-1] INFO  client.GrpcClientProtocolClient (GrpcClientProtocolClient.java:onNext(255)) - client-C9E345EC67ED->244f13ac-34be-4c4e-8e45-0c0272edbbb2: receive RaftClientReply:client-C9E345EC67ED->244f13ac-34be-4c4e-8e45-0c0272edbbb2@group-FE77C852EF02, cid=3503, SUCCESS, logIndex=5276, commits[244f13ac-34be-4c4e-8e45-0c0272edbbb2:c5277, 6287e41a-5356-4f55-84f2-270816d53e84:c5273, a2c18d3d-e79d-47c9-88fe-d8a1d195302b:c5273]
2019-08-23 11:31:54,504 [grpc-default-executor-1] INFO  client.GrpcClientProtocolClient (GrpcClientProtocolClient.java:onNext(255)) - client-C9E345EC67ED->244f13ac-34be-4c4e-8e45-0c0272edbbb2: receive RaftClientReply:client-C9E345EC67ED->244f13ac-34be-4c4e-8e45-0c0272edbbb2@group-FE77C852EF02, cid=3504, SUCCESS, logIndex=5277, commits[244f13ac-34be-4c4e-8e45-0c0272edbbb2:c5278, 6287e41a-5356-4f55-84f2-270816d53e84:c5275, a2c18d3d-e79d-47c9-88fe-d8a1d195302b:c5273]
2019-08-23 11:31:54,504 | INFO  | DNAudit | user=null | ip=null | op=WRITE_CHUNK {blockData=conID: 3 locID: 102666070554903222 bcsId: 0} | ret=SUCCESS |  
2019-08-23 11:31:54,504 | INFO  | DNAudit | user=null | ip=null | op=PUT_BLOCK {blockData=[blockId=conID: 3 locID: 102666070554903222 bcsId: 0,size=2097152]} | ret=SUCCESS |  
2019-08-23 11:31:54,505 | INFO  | DNAudit | user=null | ip=null | op=WRITE_CHUNK {blockData=conID: 3 locID: 102666070554903222 bcsId: 0} | ret=SUCCESS |  
2019-08-23 11:31:54,505 | INFO  | DNAudit | user=null | ip=null | op=PUT_BLOCK {blockData=[blockId=conID: 3 locID: 102666070554903222 bcsId: 0,size=1048576]} | ret=SUCCESS |  
2019-08-23 11:31:54,505 | INFO  | DNAudit | user=null | ip=null | op=WRITE_CHUNK {blockData=conID: 3 locID: 102666070554903222 bcsId: 0} | ret=SUCCESS |  
2019-08-23 11:31:54,505 | INFO  | DNAudit | user=null | ip=null | op=PUT_BLOCK {blockData=[blockId=conID: 3 locID: 102666070554903222 bcsId: 0,size=2097152]} | ret=SUCCESS |  
2019-08-23 11:31:54,506 [grpc-default-executor-0] INFO  client.GrpcClientProtocolClient (GrpcClientProtocolClient.java:onNext(255)) - client-C9E345EC67ED->244f13ac-34be-4c4e-8e45-0c0272edbbb2: receive RaftClientReply:client-C9E345EC67ED->244f13ac-34be-4c4e-8e45-0c0272edbbb2@group-FE77C852EF02, cid=3505, SUCCESS, logIndex=0, commits[244f13ac-34be-4c4e-8e45-0c0272edbbb2:c5281, 6287e41a-5356-4f55-84f2-270816d53e84:c5277, a2c18d3d-e79d-47c9-88fe-d8a1d195302b:c5275]
2019-08-23 11:31:54,513 | INFO  | DNAudit | user=null | ip=null | op=WRITE_CHUNK {blockData=conID: 3 locID: 102666070554903222 bcsId: 5277} | ret=SUCCESS |  
2019-08-23 11:31:54,515 | INFO  | DNAudit | user=null | ip=null | op=WRITE_CHUNK {blockData=conID: 3 locID: 102666070554903222 bcsId: 5277} | ret=SUCCESS |  
2019-08-23 11:31:54,516 | INFO  | DNAudit | user=null | ip=null | op=WRITE_CHUNK {blockData=conID: 3 locID: 102666070554903222 bcsId: 5277} | ret=SUCCESS |  
2019-08-23 11:31:54,523 | INFO  | DNAudit | user=null | ip=null | op=WRITE_CHUNK {blockData=conID: 3 locID: 102666070554903222 bcsId: 5277} | ret=SUCCESS |  
2019-08-23 11:31:54,523 | INFO  | DNAudit | user=null | ip=null | op=PUT_BLOCK {blockData=[blockId=conID: 3 locID: 102666070554903222 bcsId: 0,size=3145728]} | ret=SUCCESS |  
2019-08-23 11:31:54,523 [grpc-default-executor-5] INFO  client.GrpcClientProtocolClient (GrpcClientProtocolClient.java:onNext(255)) - client-C9E345EC67ED->244f13ac-34be-4c4e-8e45-0c0272edbbb2: receive RaftClientReply:client-C9E345EC67ED->244f13ac-34be-4c4e-8e45-0c0272edbbb2@group-FE77C852EF02, cid=3506, SUCCESS, logIndex=5282, commits[244f13ac-34be-4c4e-8e45-0c0272edbbb2:c5283, 6287e41a-5356-4f55-84f2-270816d53e84:c5281, a2c18d3d-e79d-47c9-88fe-d8a1d195302b:c5281]
2019-08-23 11:31:54,524 [grpc-default-executor-5] INFO  client.GrpcClientProtocolClient (GrpcClientProtocolClient.java:onNext(255)) - client-C9E345EC67ED->244f13ac-34be-4c4e-8e45-0c0272edbbb2: receive RaftClientReply:client-C9E345EC67ED->244f13ac-34be-4c4e-8e45-0c0272edbbb2@group-FE77C852EF02, cid=3507, SUCCESS, logIndex=5283, commits[244f13ac-34be-4c4e-8e45-0c0272edbbb2:c5283, 6287e41a-5356-4f55-84f2-270816d53e84:c5281, a2c18d3d-e79d-47c9-88fe-d8a1d195302b:c5281]
2019-08-23 11:31:54,524 | INFO  | DNAudit | user=null | ip=null | op=WRITE_CHUNK {blockData=conID: 3 locID: 102666070554903222 bcsId: 5277} | ret=SUCCESS |  
2019-08-23 11:31:54,524 | INFO  | DNAudit | user=null | ip=null | op=WRITE_CHUNK {blockData=conID: 3 locID: 102666070554903222 bcsId: 5277} | ret=SUCCESS |  
2019-08-23 11:31:54,525 | INFO  | DNAudit | user=null | ip=null | op=PUT_BLOCK {blockData=[blockId=conID: 3 locID: 102666070554903222 bcsId: 0,size=3145728]} | ret=SUCCESS |  
2019-08-23 11:31:54,525 | INFO  | DNAudit | user=null | ip=null | op=PUT_BLOCK {blockData=[blockId=conID: 3 locID: 102666070554903222 bcsId: 0,size=3145728]} | ret=SUCCESS |  
2019-08-23 11:31:54,531 | INFO  | DNAudit | user=null | ip=null | op=WRITE_CHUNK {blockData=conID: 3 locID: 102666070554903222 bcsId: 5283} | ret=SUCCESS |  
2019-08-23 11:31:54,534 | INFO  | DNAudit | user=null | ip=null | op=WRITE_CHUNK {blockData=conID: 3 locID: 102666070554903222 bcsId: 5283} | ret=SUCCESS |  
2019-08-23 11:31:54,534 | INFO  | DNAudit | user=null | ip=null | op=WRITE_CHUNK {blockData=conID: 3 locID: 102666070554903222 bcsId: 5283} | ret=SUCCESS |  
2019-08-23 11:31:54,543 | INFO  | DNAudit | user=null | ip=null | op=WRITE_CHUNK {blockData=conID: 3 locID: 102666070554903222 bcsId: 5283} | ret=SUCCESS |  
2019-08-23 11:31:54,544 | INFO  | DNAudit | user=null | ip=null | op=PUT_BLOCK {blockData=[blockId=conID: 3 locID: 102666070554903222 bcsId: 0,size=4194304]} | ret=SUCCESS |  
2019-08-23 11:31:54,544 [grpc-default-executor-5] INFO  client.GrpcClientProtocolClient (GrpcClientProtocolClient.java:onNext(255)) - client-C9E345EC67ED->244f13ac-34be-4c4e-8e45-0c0272edbbb2: receive RaftClientReply:client-C9E345EC67ED->244f13ac-34be-4c4e-8e45-0c0272edbbb2@group-FE77C852EF02, cid=3508, SUCCESS, logIndex=5286, commits[244f13ac-34be-4c4e-8e45-0c0272edbbb2:c5287, 6287e41a-5356-4f55-84f2-270816d53e84:c5285, a2c18d3d-e79d-47c9-88fe-d8a1d195302b:c5285]
2019-08-23 11:31:54,544 [grpc-default-executor-5] INFO  client.GrpcClientProtocolClient (GrpcClientProtocolClient.java:onNext(255)) - client-C9E345EC67ED->244f13ac-34be-4c4e-8e45-0c0272edbbb2: receive RaftClientReply:client-C9E345EC67ED->244f13ac-34be-4c4e-8e45-0c0272edbbb2@group-FE77C852EF02, cid=3509, SUCCESS, logIndex=5287, commits[244f13ac-34be-4c4e-8e45-0c0272edbbb2:c5287, 6287e41a-5356-4f55-84f2-270816d53e84:c5285, a2c18d3d-e79d-47c9-88fe-d8a1d195302b:c5285]
2019-08-23 11:31:54,545 | INFO  | DNAudit | user=null | ip=null | op=WRITE_CHUNK {blockData=conID: 3 locID: 102666070554903222 bcsId: 5283} | ret=SUCCESS |  
2019-08-23 11:31:54,545 | INFO  | DNAudit | user=null | ip=null | op=WRITE_CHUNK {blockData=conID: 3 locID: 102666070554903222 bcsId: 5283} | ret=SUCCESS |  
2019-08-23 11:31:54,545 | INFO  | DNAudit | user=null | ip=null | op=PUT_BLOCK {blockData=[blockId=conID: 3 locID: 102666070554903222 bcsId: 0,size=4194304]} | ret=SUCCESS |  
2019-08-23 11:31:54,545 | INFO  | DNAudit | user=null | ip=null | op=PUT_BLOCK {blockData=[blockId=conID: 3 locID: 102666070554903222 bcsId: 0,size=4194304]} | ret=SUCCESS |  
2019-08-23 11:31:54,545 [grpc-default-executor-1] INFO  client.GrpcClientProtocolClient (GrpcClientProtocolClient.java:onNext(255)) - client-C9E345EC67ED->244f13ac-34be-4c4e-8e45-0c0272edbbb2: receive RaftClientReply:client-C9E345EC67ED->244f13ac-34be-4c4e-8e45-0c0272edbbb2@group-FE77C852EF02, cid=3510, SUCCESS, logIndex=0, commits[244f13ac-34be-4c4e-8e45-0c0272edbbb2:c5288, 6287e41a-5356-4f55-84f2-270816d53e84:c5287, a2c18d3d-e79d-47c9-88fe-d8a1d195302b:c5287]
2019-08-23 11:31:54,551 | INFO  | SCMAudit | user=jenkins1000 | ip=192.168.5.185 | op=ALLOCATE_BLOCK {owner=00a23185-76ea-47b5-a641-ad3cfbe5521a, size=4194304, type=RATIS, factor=THREE} | ret=SUCCESS |  
2019-08-23 11:31:54,555 | INFO  | OMAudit | user=jenkins1000 | ip=127.0.0.1 | op=ALLOCATE_BLOCK {volume=vol-0-37508, bucket=bucket-0-50919, key=key-0-57313, dataSize=0, replicationType=null, replicationFactor=null, keyLocationInfo=null, clientID=102666068570931602} | ret=SUCCESS |  
2019-08-23 11:31:54,563 | INFO  | DNAudit | user=null | ip=null | op=WRITE_CHUNK {blockData=conID: 1 locID: 102666070560015031 bcsId: 0} | ret=SUCCESS |  
2019-08-23 11:31:54,566 | INFO  | DNAudit | user=null | ip=null | op=WRITE_CHUNK {blockData=conID: 1 locID: 102666070560015031 bcsId: 0} | ret=SUCCESS |  
2019-08-23 11:31:54,567 | INFO  | DNAudit | user=null | ip=null | op=WRITE_CHUNK {blockData=conID: 1 locID: 102666070560015031 bcsId: 0} | ret=SUCCESS |  
2019-08-23 11:31:54,567 | INFO  | DNAudit | user=null | ip=null | op=WRITE_CHUNK {blockData=conID: 1 locID: 102666070560015031 bcsId: 0} | ret=SUCCESS |  
2019-08-23 11:31:54,568 | INFO  | DNAudit | user=null | ip=null | op=WRITE_CHUNK {blockData=conID: 1 locID: 102666070560015031 bcsId: 0} | ret=SUCCESS |  
2019-08-23 11:31:54,568 | INFO  | DNAudit | user=null | ip=null | op=WRITE_CHUNK {blockData=conID: 1 locID: 102666070560015031 bcsId: 0} | ret=SUCCESS |  
2019-08-23 11:31:54,576 | INFO  | DNAudit | user=null | ip=null | op=WRITE_CHUNK {blockData=conID: 1 locID: 102666070560015031 bcsId: 0} | ret=SUCCESS |  
2019-08-23 11:31:54,576 | INFO  | DNAudit | user=null | ip=null | op=PUT_BLOCK {blockData=[blockId=conID: 1 locID: 102666070560015031 bcsId: 0,size=1048576]} | ret=SUCCESS |  
2019-08-23 11:31:54,577 [grpc-default-executor-5] INFO  client.GrpcClientProtocolClient (GrpcClientProtocolClient.java:onNext(255)) - client-C9E345EC67ED->244f13ac-34be-4c4e-8e45-0c0272edbbb2: receive RaftClientReply:client-C9E345EC67ED->244f13ac-34be-4c4e-8e45-0c0272edbbb2@group-FE77C852EF02, cid=3511, SUCCESS, logIndex=5290, commits[244f13ac-34be-4c4e-8e45-0c0272edbbb2:c5293, 6287e41a-5356-4f55-84f2-270816d53e84:c5289, a2c18d3d-e79d-47c9-88fe-d8a1d195302b:c5289]
2019-08-23 11:31:54,577 | INFO  | DNAudit | user=null | ip=null | op=WRITE_CHUNK {blockData=conID: 1 locID: 102666070560015031 bcsId: 0} | ret=SUCCESS |  
2019-08-23 11:31:54,577 | INFO  | DNAudit | user=null | ip=null | op=WRITE_CHUNK {blockData=conID: 1 locID: 102666070560015031 bcsId: 0} | ret=SUCCESS |  
2019-08-23 11:31:54,577 | INFO  | DNAudit | user=null | ip=null | op=WRITE_CHUNK {blockData=conID: 1 locID: 102666070560015031 bcsId: 0} | ret=SUCCESS |  
2019-08-23 11:31:54,578 | INFO  | DNAudit | user=null | ip=null | op=PUT_BLOCK {blockData=[blockId=conID: 1 locID: 102666070560015031 bcsId: 0,size=2097152]} | ret=SUCCESS |  
2019-08-23 11:31:54,578 [grpc-default-executor-5] INFO  client.GrpcClientProtocolClient (GrpcClientProtocolClient.java:onNext(255)) - client-C9E345EC67ED->244f13ac-34be-4c4e-8e45-0c0272edbbb2: receive RaftClientReply:client-C9E345EC67ED->244f13ac-34be-4c4e-8e45-0c0272edbbb2@group-FE77C852EF02, cid=3512, SUCCESS, logIndex=5291, commits[244f13ac-34be-4c4e-8e45-0c0272edbbb2:c5293, 6287e41a-5356-4f55-84f2-270816d53e84:c5289, a2c18d3d-e79d-47c9-88fe-d8a1d195302b:c5289]
2019-08-23 11:31:54,578 [grpc-default-executor-5] INFO  client.GrpcClientProtocolClient (GrpcClientProtocolClient.java:onNext(255)) - client-C9E345EC67ED->244f13ac-34be-4c4e-8e45-0c0272edbbb2: receive RaftClientReply:client-C9E345EC67ED->244f13ac-34be-4c4e-8e45-0c0272edbbb2@group-FE77C852EF02, cid=3513, SUCCESS, logIndex=5292, commits[244f13ac-34be-4c4e-8e45-0c0272edbbb2:c5293, 6287e41a-5356-4f55-84f2-270816d53e84:c5289, a2c18d3d-e79d-47c9-88fe-d8a1d195302b:c5289]
2019-08-23 11:31:54,579 [grpc-default-executor-5] INFO  client.GrpcClientProtocolClient (GrpcClientProtocolClient.java:onNext(255)) - client-C9E345EC67ED->244f13ac-34be-4c4e-8e45-0c0272edbbb2: receive RaftClientReply:client-C9E345EC67ED->244f13ac-34be-4c4e-8e45-0c0272edbbb2@group-FE77C852EF02, cid=3514, SUCCESS, logIndex=5293, commits[244f13ac-34be-4c4e-8e45-0c0272edbbb2:c5294, 6287e41a-5356-4f55-84f2-270816d53e84:c5290, a2c18d3d-e79d-47c9-88fe-d8a1d195302b:c5290]
2019-08-23 11:31:54,579 | INFO  | DNAudit | user=null | ip=null | op=PUT_BLOCK {blockData=[blockId=conID: 1 locID: 102666070560015031 bcsId: 0,size=1048576]} | ret=SUCCESS |  
2019-08-23 11:31:54,579 | INFO  | DNAudit | user=null | ip=null | op=PUT_BLOCK {blockData=[blockId=conID: 1 locID: 102666070560015031 bcsId: 0,size=1048576]} | ret=SUCCESS |  
2019-08-23 11:31:54,579 | INFO  | DNAudit | user=null | ip=null | op=WRITE_CHUNK {blockData=conID: 1 locID: 102666070560015031 bcsId: 0} | ret=SUCCESS |  
2019-08-23 11:31:54,579 | INFO  | DNAudit | user=null | ip=null | op=WRITE_CHUNK {blockData=conID: 1 locID: 102666070560015031 bcsId: 0} | ret=SUCCESS |  
2019-08-23 11:31:54,579 | INFO  | DNAudit | user=null | ip=null | op=PUT_BLOCK {blockData=[blockId=conID: 1 locID: 102666070560015031 bcsId: 0,size=2097152]} | ret=SUCCESS |  
2019-08-23 11:31:54,579 | INFO  | DNAudit | user=null | ip=null | op=PUT_BLOCK {blockData=[blockId=conID: 1 locID: 102666070560015031 bcsId: 0,size=2097152]} | ret=SUCCESS |  
2019-08-23 11:31:54,580 [grpc-default-executor-5] INFO  client.GrpcClientProtocolClient (GrpcClientProtocolClient.java:onNext(255)) - client-C9E345EC67ED->244f13ac-34be-4c4e-8e45-0c0272edbbb2: receive RaftClientReply:client-C9E345EC67ED->244f13ac-34be-4c4e-8e45-0c0272edbbb2@group-FE77C852EF02, cid=3515, SUCCESS, logIndex=0, commits[244f13ac-34be-4c4e-8e45-0c0272edbbb2:c5295, 6287e41a-5356-4f55-84f2-270816d53e84:c5291, a2c18d3d-e79d-47c9-88fe-d8a1d195302b:c5291]
2019-08-23 11:31:54,587 | INFO  | DNAudit | user=null | ip=null | op=WRITE_CHUNK {blockData=conID: 1 locID: 102666070560015031 bcsId: 5293} | ret=SUCCESS |  
2019-08-23 11:31:54,588 | INFO  | DNAudit | user=null | ip=null | op=WRITE_CHUNK {blockData=conID: 1 locID: 102666070560015031 bcsId: 5293} | ret=SUCCESS |  
2019-08-23 11:31:54,589 | INFO  | DNAudit | user=null | ip=null | op=WRITE_CHUNK {blockData=conID: 1 locID: 102666070560015031 bcsId: 5293} | ret=SUCCESS |  
2019-08-23 11:31:54,600 | INFO  | DNAudit | user=null | ip=null | op=WRITE_CHUNK {blockData=conID: 1 locID: 102666070560015031 bcsId: 5293} | ret=SUCCESS |  
2019-08-23 11:31:54,601 | INFO  | DNAudit | user=null | ip=null | op=PUT_BLOCK {blockData=[blockId=conID: 1 locID: 102666070560015031 bcsId: 0,size=3145728]} | ret=SUCCESS |  
2019-08-23 11:31:54,601 [grpc-default-executor-1] INFO  client.GrpcClientProtocolClient (GrpcClientProtocolClient.java:onNext(255)) - client-C9E345EC67ED->244f13ac-34be-4c4e-8e45-0c0272edbbb2: receive RaftClientReply:client-C9E345EC67ED->244f13ac-34be-4c4e-8e45-0c0272edbbb2@group-FE77C852EF02, cid=3516, SUCCESS, logIndex=5298, commits[244f13ac-34be-4c4e-8e45-0c0272edbbb2:c5299, 6287e41a-5356-4f55-84f2-270816d53e84:c5297, a2c18d3d-e79d-47c9-88fe-d8a1d195302b:c5297]
2019-08-23 11:31:54,601 | INFO  | DNAudit | user=null | ip=null | op=WRITE_CHUNK {blockData=conID: 1 locID: 102666070560015031 bcsId: 5293} | ret=SUCCESS |  
2019-08-23 11:31:54,601 | INFO  | DNAudit | user=null | ip=null | op=WRITE_CHUNK {blockData=conID: 1 locID: 102666070560015031 bcsId: 5293} | ret=SUCCESS |  
2019-08-23 11:31:54,601 [grpc-default-executor-4] INFO  client.GrpcClientProtocolClient (GrpcClientProtocolClient.java:onNext(255)) - client-C9E345EC67ED->244f13ac-34be-4c4e-8e45-0c0272edbbb2: receive RaftClientReply:client-C9E345EC67ED->244f13ac-34be-4c4e-8e45-0c0272edbbb2@group-FE77C852EF02, cid=3517, SUCCESS, logIndex=5299, commits[244f13ac-34be-4c4e-8e45-0c0272edbbb2:c5299, 6287e41a-5356-4f55-84f2-270816d53e84:c5297, a2c18d3d-e79d-47c9-88fe-d8a1d195302b:c5297]
2019-08-23 11:31:54,602 | INFO  | DNAudit | user=null | ip=null | op=PUT_BLOCK {blockData=[blockId=conID: 1 locID: 102666070560015031 bcsId: 0,size=3145728]} | ret=SUCCESS |  
2019-08-23 11:31:54,603 | INFO  | DNAudit | user=null | ip=null | op=PUT_BLOCK {blockData=[blockId=conID: 1 locID: 102666070560015031 bcsId: 0,size=3145728]} | ret=SUCCESS |  
2019-08-23 11:31:54,608 | INFO  | DNAudit | user=null | ip=null | op=WRITE_CHUNK {blockData=conID: 1 locID: 102666070560015031 bcsId: 5299} | ret=SUCCESS |  
2019-08-23 11:31:54,610 | INFO  | DNAudit | user=null | ip=null | op=WRITE_CHUNK {blockData=conID: 1 locID: 102666070560015031 bcsId: 5299} | ret=SUCCESS |  
2019-08-23 11:31:54,610 | INFO  | DNAudit | user=null | ip=null | op=WRITE_CHUNK {blockData=conID: 1 locID: 102666070560015031 bcsId: 5299} | ret=SUCCESS |  
2019-08-23 11:31:54,620 | INFO  | DNAudit | user=null | ip=null | op=WRITE_CHUNK {blockData=conID: 1 locID: 102666070560015031 bcsId: 5299} | ret=SUCCESS |  
2019-08-23 11:31:54,621 | INFO  | DNAudit | user=null | ip=null | op=PUT_BLOCK {blockData=[blockId=conID: 1 locID: 102666070560015031 bcsId: 0,size=4194304]} | ret=SUCCESS |  
2019-08-23 11:31:54,621 [grpc-default-executor-1] INFO  client.GrpcClientProtocolClient (GrpcClientProtocolClient.java:onNext(255)) - client-C9E345EC67ED->244f13ac-34be-4c4e-8e45-0c0272edbbb2: receive RaftClientReply:client-C9E345EC67ED->244f13ac-34be-4c4e-8e45-0c0272edbbb2@group-FE77C852EF02, cid=3518, SUCCESS, logIndex=5302, commits[244f13ac-34be-4c4e-8e45-0c0272edbbb2:c5303, 6287e41a-5356-4f55-84f2-270816d53e84:c5301, a2c18d3d-e79d-47c9-88fe-d8a1d195302b:c5301]
2019-08-23 11:31:54,621 [grpc-default-executor-1] INFO  client.GrpcClientProtocolClient (GrpcClientProtocolClient.java:onNext(255)) - client-C9E345EC67ED->244f13ac-34be-4c4e-8e45-0c0272edbbb2: receive RaftClientReply:client-C9E345EC67ED->244f13ac-34be-4c4e-8e45-0c0272edbbb2@group-FE77C852EF02, cid=3519, SUCCESS, logIndex=5303, commits[244f13ac-34be-4c4e-8e45-0c0272edbbb2:c5303, 6287e41a-5356-4f55-84f2-270816d53e84:c5301, a2c18d3d-e79d-47c9-88fe-d8a1d195302b:c5301]
2019-08-23 11:31:54,632 | INFO  | DNAudit | user=null | ip=null | op=WRITE_CHUNK {blockData=conID: 1 locID: 102666070560015031 bcsId: 5299} | ret=SUCCESS |  
2019-08-23 11:31:54,632 | INFO  | DNAudit | user=null | ip=null | op=WRITE_CHUNK {blockData=conID: 1 locID: 102666070560015031 bcsId: 5299} | ret=SUCCESS |  
2019-08-23 11:31:54,633 | INFO  | DNAudit | user=null | ip=null | op=PUT_BLOCK {blockData=[blockId=conID: 1 locID: 102666070560015031 bcsId: 0,size=4194304]} | ret=SUCCESS |  
2019-08-23 11:31:54,633 | INFO  | DNAudit | user=null | ip=null | op=PUT_BLOCK {blockData=[blockId=conID: 1 locID: 102666070560015031 bcsId: 0,size=4194304]} | ret=SUCCESS |  
2019-08-23 11:31:54,634 [grpc-default-executor-1] INFO  client.GrpcClientProtocolClient (GrpcClientProtocolClient.java:onNext(255)) - client-C9E345EC67ED->244f13ac-34be-4c4e-8e45-0c0272edbbb2: receive RaftClientReply:client-C9E345EC67ED->244f13ac-34be-4c4e-8e45-0c0272edbbb2@group-FE77C852EF02, cid=3520, SUCCESS, logIndex=0, commits[244f13ac-34be-4c4e-8e45-0c0272edbbb2:c5305, 6287e41a-5356-4f55-84f2-270816d53e84:c5303, a2c18d3d-e79d-47c9-88fe-d8a1d195302b:c5303]
2019-08-23 11:31:54,640 | INFO  | SCMAudit | user=jenkins1000 | ip=192.168.5.185 | op=ALLOCATE_BLOCK {owner=00a23185-76ea-47b5-a641-ad3cfbe5521a, size=4194304, type=RATIS, factor=THREE} | ret=SUCCESS |  
2019-08-23 11:31:54,644 | INFO  | OMAudit | user=jenkins1000 | ip=127.0.0.1 | op=ALLOCATE_BLOCK {volume=vol-0-37508, bucket=bucket-0-50919, key=key-0-57313, dataSize=0, replicationType=null, replicationFactor=null, keyLocationInfo=null, clientID=102666068570931602} | ret=SUCCESS |  
2019-08-23 11:31:54,651 | INFO  | DNAudit | user=null | ip=null | op=WRITE_CHUNK {blockData=conID: 2 locID: 102666070565847736 bcsId: 0} | ret=SUCCESS |  
2019-08-23 11:31:54,653 | INFO  | DNAudit | user=null | ip=null | op=WRITE_CHUNK {blockData=conID: 2 locID: 102666070565847736 bcsId: 0} | ret=SUCCESS |  
2019-08-23 11:31:54,653 | INFO  | DNAudit | user=null | ip=null | op=WRITE_CHUNK {blockData=conID: 2 locID: 102666070565847736 bcsId: 0} | ret=SUCCESS |  
2019-08-23 11:31:54,654 | INFO  | DNAudit | user=null | ip=null | op=WRITE_CHUNK {blockData=conID: 2 locID: 102666070565847736 bcsId: 0} | ret=SUCCESS |  
2019-08-23 11:31:54,654 | INFO  | DNAudit | user=null | ip=null | op=WRITE_CHUNK {blockData=conID: 2 locID: 102666070565847736 bcsId: 0} | ret=SUCCESS |  
2019-08-23 11:31:54,655 | INFO  | DNAudit | user=null | ip=null | op=WRITE_CHUNK {blockData=conID: 2 locID: 102666070565847736 bcsId: 0} | ret=SUCCESS |  
2019-08-23 11:31:54,662 | INFO  | DNAudit | user=null | ip=null | op=WRITE_CHUNK {blockData=conID: 2 locID: 102666070565847736 bcsId: 0} | ret=SUCCESS |  
2019-08-23 11:31:54,663 | INFO  | DNAudit | user=null | ip=null | op=PUT_BLOCK {blockData=[blockId=conID: 2 locID: 102666070565847736 bcsId: 0,size=1048576]} | ret=SUCCESS |  
2019-08-23 11:31:54,663 [grpc-default-executor-1] INFO  client.GrpcClientProtocolClient (GrpcClientProtocolClient.java:onNext(255)) - client-C9E345EC67ED->244f13ac-34be-4c4e-8e45-0c0272edbbb2: receive RaftClientReply:client-C9E345EC67ED->244f13ac-34be-4c4e-8e45-0c0272edbbb2@group-FE77C852EF02, cid=3521, SUCCESS, logIndex=5306, commits[244f13ac-34be-4c4e-8e45-0c0272edbbb2:c5308, 6287e41a-5356-4f55-84f2-270816d53e84:c5305, a2c18d3d-e79d-47c9-88fe-d8a1d195302b:c5305]
2019-08-23 11:31:54,665 | INFO  | DNAudit | user=null | ip=null | op=WRITE_CHUNK {blockData=conID: 2 locID: 102666070565847736 bcsId: 0} | ret=SUCCESS |  
2019-08-23 11:31:54,665 | INFO  | DNAudit | user=null | ip=null | op=WRITE_CHUNK {blockData=conID: 2 locID: 102666070565847736 bcsId: 0} | ret=SUCCESS |  
2019-08-23 11:31:54,665 | INFO  | DNAudit | user=null | ip=null | op=WRITE_CHUNK {blockData=conID: 2 locID: 102666070565847736 bcsId: 0} | ret=SUCCESS |  
2019-08-23 11:31:54,665 | INFO  | DNAudit | user=null | ip=null | op=PUT_BLOCK {blockData=[blockId=conID: 2 locID: 102666070565847736 bcsId: 0,size=1048576]} | ret=SUCCESS |  
2019-08-23 11:31:54,665 | INFO  | DNAudit | user=null | ip=null | op=PUT_BLOCK {blockData=[blockId=conID: 2 locID: 102666070565847736 bcsId: 0,size=1048576]} | ret=SUCCESS |  
2019-08-23 11:31:54,665 | INFO  | DNAudit | user=null | ip=null | op=PUT_BLOCK {blockData=[blockId=conID: 2 locID: 102666070565847736 bcsId: 0,size=2097152]} | ret=SUCCESS |  
2019-08-23 11:31:54,665 | INFO  | DNAudit | user=null | ip=null | op=WRITE_CHUNK {blockData=conID: 2 locID: 102666070565847736 bcsId: 0} | ret=SUCCESS |  
2019-08-23 11:31:54,665 [grpc-default-executor-1] INFO  client.GrpcClientProtocolClient (GrpcClientProtocolClient.java:onNext(255)) - client-C9E345EC67ED->244f13ac-34be-4c4e-8e45-0c0272edbbb2: receive RaftClientReply:client-C9E345EC67ED->244f13ac-34be-4c4e-8e45-0c0272edbbb2@group-FE77C852EF02, cid=3522, SUCCESS, logIndex=5307, commits[244f13ac-34be-4c4e-8e45-0c0272edbbb2:c5309, 6287e41a-5356-4f55-84f2-270816d53e84:c5305, a2c18d3d-e79d-47c9-88fe-d8a1d195302b:c5305]
2019-08-23 11:31:54,666 [grpc-default-executor-1] INFO  client.GrpcClientProtocolClient (GrpcClientProtocolClient.java:onNext(255)) - client-C9E345EC67ED->244f13ac-34be-4c4e-8e45-0c0272edbbb2: receive RaftClientReply:client-C9E345EC67ED->244f13ac-34be-4c4e-8e45-0c0272edbbb2@group-FE77C852EF02, cid=3523, SUCCESS, logIndex=5308, commits[244f13ac-34be-4c4e-8e45-0c0272edbbb2:c5311, 6287e41a-5356-4f55-84f2-270816d53e84:c5306, a2c18d3d-e79d-47c9-88fe-d8a1d195302b:c5307]
2019-08-23 11:31:54,666 | INFO  | DNAudit | user=null | ip=null | op=PUT_BLOCK {blockData=[blockId=conID: 2 locID: 102666070565847736 bcsId: 0,size=2097152]} | ret=SUCCESS |  
2019-08-23 11:31:54,666 [grpc-default-executor-5] INFO  client.GrpcClientProtocolClient (GrpcClientProtocolClient.java:onNext(255)) - client-C9E345EC67ED->244f13ac-34be-4c4e-8e45-0c0272edbbb2: receive RaftClientReply:client-C9E345EC67ED->244f13ac-34be-4c4e-8e45-0c0272edbbb2@group-FE77C852EF02, cid=3524, SUCCESS, logIndex=5309, commits[244f13ac-34be-4c4e-8e45-0c0272edbbb2:c5312, 6287e41a-5356-4f55-84f2-270816d53e84:c5307, a2c18d3d-e79d-47c9-88fe-d8a1d195302b:c5308]
2019-08-23 11:31:54,666 | INFO  | DNAudit | user=null | ip=null | op=WRITE_CHUNK {blockData=conID: 2 locID: 102666070565847736 bcsId: 0} | ret=SUCCESS |  
2019-08-23 11:31:54,666 | INFO  | DNAudit | user=null | ip=null | op=PUT_BLOCK {blockData=[blockId=conID: 2 locID: 102666070565847736 bcsId: 0,size=2097152]} | ret=SUCCESS |  
2019-08-23 11:31:54,672 | INFO  | DNAudit | user=null | ip=null | op=WRITE_CHUNK {blockData=conID: 2 locID: 102666070565847736 bcsId: 5309} | ret=SUCCESS |  
2019-08-23 11:31:54,674 | INFO  | DNAudit | user=null | ip=null | op=WRITE_CHUNK {blockData=conID: 2 locID: 102666070565847736 bcsId: 5309} | ret=SUCCESS |  
2019-08-23 11:31:54,675 | INFO  | DNAudit | user=null | ip=null | op=WRITE_CHUNK {blockData=conID: 2 locID: 102666070565847736 bcsId: 5309} | ret=SUCCESS |  
2019-08-23 11:31:54,686 | INFO  | DNAudit | user=null | ip=null | op=WRITE_CHUNK {blockData=conID: 2 locID: 102666070565847736 bcsId: 5309} | ret=SUCCESS |  
2019-08-23 11:31:54,686 | INFO  | DNAudit | user=null | ip=null | op=PUT_BLOCK {blockData=[blockId=conID: 2 locID: 102666070565847736 bcsId: 0,size=3145728]} | ret=SUCCESS |  
2019-08-23 11:31:54,686 [grpc-default-executor-1] INFO  client.GrpcClientProtocolClient (GrpcClientProtocolClient.java:onNext(255)) - client-C9E345EC67ED->244f13ac-34be-4c4e-8e45-0c0272edbbb2: receive RaftClientReply:client-C9E345EC67ED->244f13ac-34be-4c4e-8e45-0c0272edbbb2@group-FE77C852EF02, cid=3525, SUCCESS, logIndex=5314, commits[244f13ac-34be-4c4e-8e45-0c0272edbbb2:c5315, 6287e41a-5356-4f55-84f2-270816d53e84:c5313, a2c18d3d-e79d-47c9-88fe-d8a1d195302b:c5313]
2019-08-23 11:31:54,687 [grpc-default-executor-1] INFO  client.GrpcClientProtocolClient (GrpcClientProtocolClient.java:onNext(255)) - client-C9E345EC67ED->244f13ac-34be-4c4e-8e45-0c0272edbbb2: receive RaftClientReply:client-C9E345EC67ED->244f13ac-34be-4c4e-8e45-0c0272edbbb2@group-FE77C852EF02, cid=3526, SUCCESS, logIndex=5315, commits[244f13ac-34be-4c4e-8e45-0c0272edbbb2:c5315, 6287e41a-5356-4f55-84f2-270816d53e84:c5313, a2c18d3d-e79d-47c9-88fe-d8a1d195302b:c5313]
2019-08-23 11:31:54,687 | INFO  | DNAudit | user=null | ip=null | op=WRITE_CHUNK {blockData=conID: 2 locID: 102666070565847736 bcsId: 5309} | ret=SUCCESS |  
2019-08-23 11:31:54,687 | INFO  | DNAudit | user=null | ip=null | op=WRITE_CHUNK {blockData=conID: 2 locID: 102666070565847736 bcsId: 5309} | ret=SUCCESS |  
2019-08-23 11:31:54,687 | INFO  | DNAudit | user=null | ip=null | op=PUT_BLOCK {blockData=[blockId=conID: 2 locID: 102666070565847736 bcsId: 0,size=3145728]} | ret=SUCCESS |  
2019-08-23 11:31:54,689 | INFO  | DNAudit | user=null | ip=null | op=PUT_BLOCK {blockData=[blockId=conID: 2 locID: 102666070565847736 bcsId: 0,size=3145728]} | ret=SUCCESS |  
2019-08-23 11:31:54,692 | INFO  | DNAudit | user=null | ip=null | op=WRITE_CHUNK {blockData=conID: 2 locID: 102666070565847736 bcsId: 5315} | ret=SUCCESS |  
2019-08-23 11:31:54,694 | INFO  | DNAudit | user=null | ip=null | op=WRITE_CHUNK {blockData=conID: 2 locID: 102666070565847736 bcsId: 5315} | ret=SUCCESS |  
2019-08-23 11:31:54,695 | INFO  | DNAudit | user=null | ip=null | op=WRITE_CHUNK {blockData=conID: 2 locID: 102666070565847736 bcsId: 5315} | ret=SUCCESS |  
2019-08-23 11:31:54,708 | INFO  | DNAudit | user=null | ip=null | op=WRITE_CHUNK {blockData=conID: 2 locID: 102666070565847736 bcsId: 5315} | ret=SUCCESS |  
2019-08-23 11:31:54,709 | INFO  | DNAudit | user=null | ip=null | op=PUT_BLOCK {blockData=[blockId=conID: 2 locID: 102666070565847736 bcsId: 0,size=4194304]} | ret=SUCCESS |  
2019-08-23 11:31:54,709 [grpc-default-executor-4] INFO  client.GrpcClientProtocolClient (GrpcClientProtocolClient.java:onNext(255)) - client-C9E345EC67ED->244f13ac-34be-4c4e-8e45-0c0272edbbb2: receive RaftClientReply:client-C9E345EC67ED->244f13ac-34be-4c4e-8e45-0c0272edbbb2@group-FE77C852EF02, cid=3527, SUCCESS, logIndex=5318, commits[244f13ac-34be-4c4e-8e45-0c0272edbbb2:c5319, 6287e41a-5356-4f55-84f2-270816d53e84:c5317, a2c18d3d-e79d-47c9-88fe-d8a1d195302b:c5317]
2019-08-23 11:31:54,709 [grpc-default-executor-4] INFO  client.GrpcClientProtocolClient (GrpcClientProtocolClient.java:onNext(255)) - client-C9E345EC67ED->244f13ac-34be-4c4e-8e45-0c0272edbbb2: receive RaftClientReply:client-C9E345EC67ED->244f13ac-34be-4c4e-8e45-0c0272edbbb2@group-FE77C852EF02, cid=3528, SUCCESS, logIndex=5319, commits[244f13ac-34be-4c4e-8e45-0c0272edbbb2:c5319, 6287e41a-5356-4f55-84f2-270816d53e84:c5317, a2c18d3d-e79d-47c9-88fe-d8a1d195302b:c5317]
2019-08-23 11:31:54,710 | INFO  | DNAudit | user=null | ip=null | op=WRITE_CHUNK {blockData=conID: 2 locID: 102666070565847736 bcsId: 5315} | ret=SUCCESS |  
2019-08-23 11:31:54,710 | INFO  | DNAudit | user=null | ip=null | op=WRITE_CHUNK {blockData=conID: 2 locID: 102666070565847736 bcsId: 5315} | ret=SUCCESS |  
2019-08-23 11:31:54,710 | INFO  | DNAudit | user=null | ip=null | op=PUT_BLOCK {blockData=[blockId=conID: 2 locID: 102666070565847736 bcsId: 0,size=4194304]} | ret=SUCCESS |  
2019-08-23 11:31:54,711 | INFO  | DNAudit | user=null | ip=null | op=PUT_BLOCK {blockData=[blockId=conID: 2 locID: 102666070565847736 bcsId: 0,size=4194304]} | ret=SUCCESS |  
2019-08-23 11:31:54,711 [grpc-default-executor-4] INFO  client.GrpcClientProtocolClient (GrpcClientProtocolClient.java:onNext(255)) - client-C9E345EC67ED->244f13ac-34be-4c4e-8e45-0c0272edbbb2: receive RaftClientReply:client-C9E345EC67ED->244f13ac-34be-4c4e-8e45-0c0272edbbb2@group-FE77C852EF02, cid=3529, SUCCESS, logIndex=0, commits[244f13ac-34be-4c4e-8e45-0c0272edbbb2:c5321, 6287e41a-5356-4f55-84f2-270816d53e84:c5319, a2c18d3d-e79d-47c9-88fe-d8a1d195302b:c5319]
2019-08-23 11:31:54,716 | INFO  | SCMAudit | user=jenkins1000 | ip=192.168.5.185 | op=ALLOCATE_BLOCK {owner=00a23185-76ea-47b5-a641-ad3cfbe5521a, size=4194304, type=RATIS, factor=THREE} | ret=SUCCESS |  
2019-08-23 11:31:54,720 | INFO  | OMAudit | user=jenkins1000 | ip=127.0.0.1 | op=ALLOCATE_BLOCK {volume=vol-0-37508, bucket=bucket-0-50919, key=key-0-57313, dataSize=0, replicationType=null, replicationFactor=null, keyLocationInfo=null, clientID=102666068570931602} | ret=SUCCESS |  
2019-08-23 11:31:54,727 | INFO  | DNAudit | user=null | ip=null | op=WRITE_CHUNK {blockData=conID: 3 locID: 102666070570828473 bcsId: 0} | ret=SUCCESS |  
2019-08-23 11:31:54,729 | INFO  | DNAudit | user=null | ip=null | op=WRITE_CHUNK {blockData=conID: 3 locID: 102666070570828473 bcsId: 0} | ret=SUCCESS |  
2019-08-23 11:31:54,729 | INFO  | DNAudit | user=null | ip=null | op=WRITE_CHUNK {blockData=conID: 3 locID: 102666070570828473 bcsId: 0} | ret=SUCCESS |  
2019-08-23 11:31:54,729 | INFO  | DNAudit | user=null | ip=null | op=WRITE_CHUNK {blockData=conID: 3 locID: 102666070570828473 bcsId: 0} | ret=SUCCESS |  
2019-08-23 11:31:54,730 | INFO  | DNAudit | user=null | ip=null | op=WRITE_CHUNK {blockData=conID: 3 locID: 102666070570828473 bcsId: 0} | ret=SUCCESS |  
2019-08-23 11:31:54,731 | INFO  | DNAudit | user=null | ip=null | op=WRITE_CHUNK {blockData=conID: 3 locID: 102666070570828473 bcsId: 0} | ret=SUCCESS |  
2019-08-23 11:31:54,742 | INFO  | DNAudit | user=null | ip=null | op=WRITE_CHUNK {blockData=conID: 3 locID: 102666070570828473 bcsId: 0} | ret=SUCCESS |  
2019-08-23 11:31:54,742 | INFO  | DNAudit | user=null | ip=null | op=PUT_BLOCK {blockData=[blockId=conID: 3 locID: 102666070570828473 bcsId: 0,size=1048576]} | ret=SUCCESS |  
2019-08-23 11:31:54,743 [grpc-default-executor-4] INFO  client.GrpcClientProtocolClient (GrpcClientProtocolClient.java:onNext(255)) - client-C9E345EC67ED->244f13ac-34be-4c4e-8e45-0c0272edbbb2: receive RaftClientReply:client-C9E345EC67ED->244f13ac-34be-4c4e-8e45-0c0272edbbb2@group-FE77C852EF02, cid=3530, SUCCESS, logIndex=5322, commits[244f13ac-34be-4c4e-8e45-0c0272edbbb2:c5325, 6287e41a-5356-4f55-84f2-270816d53e84:c5321, a2c18d3d-e79d-47c9-88fe-d8a1d195302b:c5321]
2019-08-23 11:31:54,743 | INFO  | DNAudit | user=null | ip=null | op=WRITE_CHUNK {blockData=conID: 3 locID: 102666070570828473 bcsId: 0} | ret=SUCCESS |  
2019-08-23 11:31:54,743 | INFO  | DNAudit | user=null | ip=null | op=PUT_BLOCK {blockData=[blockId=conID: 3 locID: 102666070570828473 bcsId: 0,size=2097152]} | ret=SUCCESS |  
2019-08-23 11:31:54,743 [grpc-default-executor-4] INFO  client.GrpcClientProtocolClient (GrpcClientProtocolClient.java:onNext(255)) - client-C9E345EC67ED->244f13ac-34be-4c4e-8e45-0c0272edbbb2: receive RaftClientReply:client-C9E345EC67ED->244f13ac-34be-4c4e-8e45-0c0272edbbb2@group-FE77C852EF02, cid=3531, SUCCESS, logIndex=5323, commits[244f13ac-34be-4c4e-8e45-0c0272edbbb2:c5325, 6287e41a-5356-4f55-84f2-270816d53e84:c5321, a2c18d3d-e79d-47c9-88fe-d8a1d195302b:c5321]
2019-08-23 11:31:54,743 [grpc-default-executor-4] INFO  client.GrpcClientProtocolClient (GrpcClientProtocolClient.java:onNext(255)) - client-C9E345EC67ED->244f13ac-34be-4c4e-8e45-0c0272edbbb2: receive RaftClientReply:client-C9E345EC67ED->244f13ac-34be-4c4e-8e45-0c0272edbbb2@group-FE77C852EF02, cid=3532, SUCCESS, logIndex=5324, commits[244f13ac-34be-4c4e-8e45-0c0272edbbb2:c5325, 6287e41a-5356-4f55-84f2-270816d53e84:c5321, a2c18d3d-e79d-47c9-88fe-d8a1d195302b:c5321]
2019-08-23 11:31:54,744 | INFO  | DNAudit | user=null | ip=null | op=WRITE_CHUNK {blockData=conID: 3 locID: 102666070570828473 bcsId: 0} | ret=SUCCESS |  
2019-08-23 11:31:54,744 | INFO  | DNAudit | user=null | ip=null | op=WRITE_CHUNK {blockData=conID: 3 locID: 102666070570828473 bcsId: 0} | ret=SUCCESS |  
2019-08-23 11:31:54,744 | INFO  | DNAudit | user=null | ip=null | op=PUT_BLOCK {blockData=[blockId=conID: 3 locID: 102666070570828473 bcsId: 0,size=1048576]} | ret=SUCCESS |  
2019-08-23 11:31:54,744 [grpc-default-executor-5] INFO  client.GrpcClientProtocolClient (GrpcClientProtocolClient.java:onNext(255)) - client-C9E345EC67ED->244f13ac-34be-4c4e-8e45-0c0272edbbb2: receive RaftClientReply:client-C9E345EC67ED->244f13ac-34be-4c4e-8e45-0c0272edbbb2@group-FE77C852EF02, cid=3533, SUCCESS, logIndex=5325, commits[244f13ac-34be-4c4e-8e45-0c0272edbbb2:c5325, 6287e41a-5356-4f55-84f2-270816d53e84:c5321, a2c18d3d-e79d-47c9-88fe-d8a1d195302b:c5321]
2019-08-23 11:31:54,744 | INFO  | DNAudit | user=null | ip=null | op=PUT_BLOCK {blockData=[blockId=conID: 3 locID: 102666070570828473 bcsId: 0,size=1048576]} | ret=SUCCESS |  
2019-08-23 11:31:54,744 | INFO  | DNAudit | user=null | ip=null | op=WRITE_CHUNK {blockData=conID: 3 locID: 102666070570828473 bcsId: 0} | ret=SUCCESS |  
2019-08-23 11:31:54,745 | INFO  | DNAudit | user=null | ip=null | op=PUT_BLOCK {blockData=[blockId=conID: 3 locID: 102666070570828473 bcsId: 0,size=2097152]} | ret=SUCCESS |  
2019-08-23 11:31:54,745 [grpc-default-executor-4] INFO  client.GrpcClientProtocolClient (GrpcClientProtocolClient.java:onNext(255)) - client-C9E345EC67ED->244f13ac-34be-4c4e-8e45-0c0272edbbb2: receive RaftClientReply:client-C9E345EC67ED->244f13ac-34be-4c4e-8e45-0c0272edbbb2@group-FE77C852EF02, cid=3534, SUCCESS, logIndex=0, commits[244f13ac-34be-4c4e-8e45-0c0272edbbb2:c5326, 6287e41a-5356-4f55-84f2-270816d53e84:c5323, a2c18d3d-e79d-47c9-88fe-d8a1d195302b:c5323]
2019-08-23 11:31:54,745 | INFO  | DNAudit | user=null | ip=null | op=WRITE_CHUNK {blockData=conID: 3 locID: 102666070570828473 bcsId: 0} | ret=SUCCESS |  
2019-08-23 11:31:54,745 | INFO  | DNAudit | user=null | ip=null | op=PUT_BLOCK {blockData=[blockId=conID: 3 locID: 102666070570828473 bcsId: 0,size=2097152]} | ret=SUCCESS |  
2019-08-23 11:31:54,751 | INFO  | DNAudit | user=null | ip=null | op=WRITE_CHUNK {blockData=conID: 3 locID: 102666070570828473 bcsId: 5325} | ret=SUCCESS |  
2019-08-23 11:31:54,753 | INFO  | DNAudit | user=null | ip=null | op=WRITE_CHUNK {blockData=conID: 3 locID: 102666070570828473 bcsId: 5325} | ret=SUCCESS |  
2019-08-23 11:31:54,753 | INFO  | DNAudit | user=null | ip=null | op=WRITE_CHUNK {blockData=conID: 3 locID: 102666070570828473 bcsId: 5325} | ret=SUCCESS |  
2019-08-23 11:31:54,759 | INFO  | DNAudit | user=null | ip=null | op=WRITE_CHUNK {blockData=conID: 3 locID: 102666070570828473 bcsId: 5325} | ret=SUCCESS |  
2019-08-23 11:31:54,760 | INFO  | DNAudit | user=null | ip=null | op=PUT_BLOCK {blockData=[blockId=conID: 3 locID: 102666070570828473 bcsId: 0,size=3145728]} | ret=SUCCESS |  
2019-08-23 11:31:54,760 [grpc-default-executor-1] INFO  client.GrpcClientProtocolClient (GrpcClientProtocolClient.java:onNext(255)) - client-C9E345EC67ED->244f13ac-34be-4c4e-8e45-0c0272edbbb2: receive RaftClientReply:client-C9E345EC67ED->244f13ac-34be-4c4e-8e45-0c0272edbbb2@group-FE77C852EF02, cid=3535, SUCCESS, logIndex=5330, commits[244f13ac-34be-4c4e-8e45-0c0272edbbb2:c5331, 6287e41a-5356-4f55-84f2-270816d53e84:c5329, a2c18d3d-e79d-47c9-88fe-d8a1d195302b:c5329]
2019-08-23 11:31:54,760 [grpc-default-executor-1] INFO  client.GrpcClientProtocolClient (GrpcClientProtocolClient.java:onNext(255)) - client-C9E345EC67ED->244f13ac-34be-4c4e-8e45-0c0272edbbb2: receive RaftClientReply:client-C9E345EC67ED->244f13ac-34be-4c4e-8e45-0c0272edbbb2@group-FE77C852EF02, cid=3536, SUCCESS, logIndex=5331, commits[244f13ac-34be-4c4e-8e45-0c0272edbbb2:c5331, 6287e41a-5356-4f55-84f2-270816d53e84:c5329, a2c18d3d-e79d-47c9-88fe-d8a1d195302b:c5329]
2019-08-23 11:31:54,767 | INFO  | DNAudit | user=null | ip=null | op=WRITE_CHUNK {blockData=conID: 3 locID: 102666070570828473 bcsId: 5331} | ret=SUCCESS |  
2019-08-23 11:31:54,769 | INFO  | DNAudit | user=null | ip=null | op=WRITE_CHUNK {blockData=conID: 3 locID: 102666070570828473 bcsId: 5331} | ret=SUCCESS |  
2019-08-23 11:31:54,769 | INFO  | DNAudit | user=null | ip=null | op=WRITE_CHUNK {blockData=conID: 3 locID: 102666070570828473 bcsId: 5331} | ret=SUCCESS |  
2019-08-23 11:31:54,772 | INFO  | DNAudit | user=null | ip=null | op=WRITE_CHUNK {blockData=conID: 3 locID: 102666070570828473 bcsId: 5325} | ret=SUCCESS |  
2019-08-23 11:31:54,772 | INFO  | DNAudit | user=null | ip=null | op=WRITE_CHUNK {blockData=conID: 3 locID: 102666070570828473 bcsId: 5325} | ret=SUCCESS |  
2019-08-23 11:31:54,774 | INFO  | DNAudit | user=null | ip=null | op=PUT_BLOCK {blockData=[blockId=conID: 3 locID: 102666070570828473 bcsId: 0,size=3145728]} | ret=SUCCESS |  
2019-08-23 11:31:54,774 | INFO  | DNAudit | user=null | ip=null | op=PUT_BLOCK {blockData=[blockId=conID: 3 locID: 102666070570828473 bcsId: 0,size=3145728]} | ret=SUCCESS |  
2019-08-23 11:31:54,774 | INFO  | DNAudit | user=null | ip=null | op=WRITE_CHUNK {blockData=conID: 3 locID: 102666070570828473 bcsId: 5331} | ret=SUCCESS |  
2019-08-23 11:31:54,774 | INFO  | DNAudit | user=null | ip=null | op=PUT_BLOCK {blockData=[blockId=conID: 3 locID: 102666070570828473 bcsId: 0,size=4194304]} | ret=SUCCESS |  
2019-08-23 11:31:54,774 [grpc-default-executor-4] INFO  client.GrpcClientProtocolClient (GrpcClientProtocolClient.java:onNext(255)) - client-C9E345EC67ED->244f13ac-34be-4c4e-8e45-0c0272edbbb2: receive RaftClientReply:client-C9E345EC67ED->244f13ac-34be-4c4e-8e45-0c0272edbbb2@group-FE77C852EF02, cid=3537, SUCCESS, logIndex=5334, commits[244f13ac-34be-4c4e-8e45-0c0272edbbb2:c5335, 6287e41a-5356-4f55-84f2-270816d53e84:c5331, a2c18d3d-e79d-47c9-88fe-d8a1d195302b:c5331]
2019-08-23 11:31:54,775 [grpc-default-executor-4] INFO  client.GrpcClientProtocolClient (GrpcClientProtocolClient.java:onNext(255)) - client-C9E345EC67ED->244f13ac-34be-4c4e-8e45-0c0272edbbb2: receive RaftClientReply:client-C9E345EC67ED->244f13ac-34be-4c4e-8e45-0c0272edbbb2@group-FE77C852EF02, cid=3538, SUCCESS, logIndex=5335, commits[244f13ac-34be-4c4e-8e45-0c0272edbbb2:c5335, 6287e41a-5356-4f55-84f2-270816d53e84:c5331, a2c18d3d-e79d-47c9-88fe-d8a1d195302b:c5331]
2019-08-23 11:31:54,787 | INFO  | DNAudit | user=null | ip=null | op=WRITE_CHUNK {blockData=conID: 3 locID: 102666070570828473 bcsId: 5331} | ret=SUCCESS |  
2019-08-23 11:31:54,787 | INFO  | DNAudit | user=null | ip=null | op=WRITE_CHUNK {blockData=conID: 3 locID: 102666070570828473 bcsId: 5331} | ret=SUCCESS |  
2019-08-23 11:31:54,788 | INFO  | DNAudit | user=null | ip=null | op=PUT_BLOCK {blockData=[blockId=conID: 3 locID: 102666070570828473 bcsId: 0,size=4194304]} | ret=SUCCESS |  
2019-08-23 11:31:54,789 | INFO  | DNAudit | user=null | ip=null | op=PUT_BLOCK {blockData=[blockId=conID: 3 locID: 102666070570828473 bcsId: 0,size=4194304]} | ret=SUCCESS |  
2019-08-23 11:31:54,789 [grpc-default-executor-5] INFO  client.GrpcClientProtocolClient (GrpcClientProtocolClient.java:onNext(255)) - client-C9E345EC67ED->244f13ac-34be-4c4e-8e45-0c0272edbbb2: receive RaftClientReply:client-C9E345EC67ED->244f13ac-34be-4c4e-8e45-0c0272edbbb2@group-FE77C852EF02, cid=3539, SUCCESS, logIndex=0, commits[244f13ac-34be-4c4e-8e45-0c0272edbbb2:c5337, 6287e41a-5356-4f55-84f2-270816d53e84:c5335, a2c18d3d-e79d-47c9-88fe-d8a1d195302b:c5335]
2019-08-23 11:31:54,795 | INFO  | SCMAudit | user=jenkins1000 | ip=192.168.5.185 | op=ALLOCATE_BLOCK {owner=00a23185-76ea-47b5-a641-ad3cfbe5521a, size=4194304, type=RATIS, factor=THREE} | ret=SUCCESS |  
2019-08-23 11:31:54,799 | INFO  | OMAudit | user=jenkins1000 | ip=127.0.0.1 | op=ALLOCATE_BLOCK {volume=vol-0-37508, bucket=bucket-0-50919, key=key-0-57313, dataSize=0, replicationType=null, replicationFactor=null, keyLocationInfo=null, clientID=102666068570931602} | ret=SUCCESS |  
2019-08-23 11:31:54,807 | INFO  | DNAudit | user=null | ip=null | op=WRITE_CHUNK {blockData=conID: 1 locID: 102666070576005818 bcsId: 0} | ret=SUCCESS |  
2019-08-23 11:31:54,809 | INFO  | DNAudit | user=null | ip=null | op=WRITE_CHUNK {blockData=conID: 1 locID: 102666070576005818 bcsId: 0} | ret=SUCCESS |  
2019-08-23 11:31:54,809 | INFO  | DNAudit | user=null | ip=null | op=WRITE_CHUNK {blockData=conID: 1 locID: 102666070576005818 bcsId: 0} | ret=SUCCESS |  
2019-08-23 11:31:54,809 | INFO  | DNAudit | user=null | ip=null | op=WRITE_CHUNK {blockData=conID: 1 locID: 102666070576005818 bcsId: 0} | ret=SUCCESS |  
2019-08-23 11:31:54,810 | INFO  | DNAudit | user=null | ip=null | op=WRITE_CHUNK {blockData=conID: 1 locID: 102666070576005818 bcsId: 0} | ret=SUCCESS |  
2019-08-23 11:31:54,810 | INFO  | DNAudit | user=null | ip=null | op=WRITE_CHUNK {blockData=conID: 1 locID: 102666070576005818 bcsId: 0} | ret=SUCCESS |  
2019-08-23 11:31:54,820 | INFO  | DNAudit | user=null | ip=null | op=WRITE_CHUNK {blockData=conID: 1 locID: 102666070576005818 bcsId: 0} | ret=SUCCESS |  
2019-08-23 11:31:54,820 | INFO  | DNAudit | user=null | ip=null | op=PUT_BLOCK {blockData=[blockId=conID: 1 locID: 102666070576005818 bcsId: 0,size=1048576]} | ret=SUCCESS |  
2019-08-23 11:31:54,821 | INFO  | DNAudit | user=null | ip=null | op=WRITE_CHUNK {blockData=conID: 1 locID: 102666070576005818 bcsId: 0} | ret=SUCCESS |  
2019-08-23 11:31:54,821 [grpc-default-executor-5] INFO  client.GrpcClientProtocolClient (GrpcClientProtocolClient.java:onNext(255)) - client-C9E345EC67ED->244f13ac-34be-4c4e-8e45-0c0272edbbb2: receive RaftClientReply:client-C9E345EC67ED->244f13ac-34be-4c4e-8e45-0c0272edbbb2@group-FE77C852EF02, cid=3540, SUCCESS, logIndex=5338, commits[244f13ac-34be-4c4e-8e45-0c0272edbbb2:c5340, 6287e41a-5356-4f55-84f2-270816d53e84:c5337, a2c18d3d-e79d-47c9-88fe-d8a1d195302b:c5337]
2019-08-23 11:31:54,821 | INFO  | DNAudit | user=null | ip=null | op=PUT_BLOCK {blockData=[blockId=conID: 1 locID: 102666070576005818 bcsId: 0,size=2097152]} | ret=SUCCESS |  
2019-08-23 11:31:54,821 | INFO  | DNAudit | user=null | ip=null | op=WRITE_CHUNK {blockData=conID: 1 locID: 102666070576005818 bcsId: 0} | ret=SUCCESS |  
2019-08-23 11:31:54,822 | INFO  | DNAudit | user=null | ip=null | op=WRITE_CHUNK {blockData=conID: 1 locID: 102666070576005818 bcsId: 0} | ret=SUCCESS |  
2019-08-23 11:31:54,821 [grpc-default-executor-0] INFO  client.GrpcClientProtocolClient (GrpcClientProtocolClient.java:onNext(255)) - client-C9E345EC67ED->244f13ac-34be-4c4e-8e45-0c0272edbbb2: receive RaftClientReply:client-C9E345EC67ED->244f13ac-34be-4c4e-8e45-0c0272edbbb2@group-FE77C852EF02, cid=3541, SUCCESS, logIndex=5339, commits[244f13ac-34be-4c4e-8e45-0c0272edbbb2:c5341, 6287e41a-5356-4f55-84f2-270816d53e84:c5337, a2c18d3d-e79d-47c9-88fe-d8a1d195302b:c5337]
2019-08-23 11:31:54,822 [grpc-default-executor-0] INFO  client.GrpcClientProtocolClient (GrpcClientProtocolClient.java:onNext(255)) - client-C9E345EC67ED->244f13ac-34be-4c4e-8e45-0c0272edbbb2: receive RaftClientReply:client-C9E345EC67ED->244f13ac-34be-4c4e-8e45-0c0272edbbb2@group-FE77C852EF02, cid=3542, SUCCESS, logIndex=5340, commits[244f13ac-34be-4c4e-8e45-0c0272edbbb2:c5341, 6287e41a-5356-4f55-84f2-270816d53e84:c5337, a2c18d3d-e79d-47c9-88fe-d8a1d195302b:c5337]
2019-08-23 11:31:54,822 [grpc-default-executor-0] INFO  client.GrpcClientProtocolClient (GrpcClientProtocolClient.java:onNext(255)) - client-C9E345EC67ED->244f13ac-34be-4c4e-8e45-0c0272edbbb2: receive RaftClientReply:client-C9E345EC67ED->244f13ac-34be-4c4e-8e45-0c0272edbbb2@group-FE77C852EF02, cid=3543, SUCCESS, logIndex=5341, commits[244f13ac-34be-4c4e-8e45-0c0272edbbb2:c5341, 6287e41a-5356-4f55-84f2-270816d53e84:c5337, a2c18d3d-e79d-47c9-88fe-d8a1d195302b:c5337]
2019-08-23 11:31:54,823 | INFO  | DNAudit | user=null | ip=null | op=PUT_BLOCK {blockData=[blockId=conID: 1 locID: 102666070576005818 bcsId: 0,size=1048576]} | ret=SUCCESS |  
2019-08-23 11:31:54,823 | INFO  | DNAudit | user=null | ip=null | op=PUT_BLOCK {blockData=[blockId=conID: 1 locID: 102666070576005818 bcsId: 0,size=1048576]} | ret=SUCCESS |  
2019-08-23 11:31:54,823 | INFO  | DNAudit | user=null | ip=null | op=WRITE_CHUNK {blockData=conID: 1 locID: 102666070576005818 bcsId: 0} | ret=SUCCESS |  
2019-08-23 11:31:54,823 | INFO  | DNAudit | user=null | ip=null | op=WRITE_CHUNK {blockData=conID: 1 locID: 102666070576005818 bcsId: 0} | ret=SUCCESS |  
2019-08-23 11:31:54,823 | INFO  | DNAudit | user=null | ip=null | op=PUT_BLOCK {blockData=[blockId=conID: 1 locID: 102666070576005818 bcsId: 0,size=2097152]} | ret=SUCCESS |  
2019-08-23 11:31:54,823 | INFO  | DNAudit | user=null | ip=null | op=PUT_BLOCK {blockData=[blockId=conID: 1 locID: 102666070576005818 bcsId: 0,size=2097152]} | ret=SUCCESS |  
2019-08-23 11:31:54,823 [grpc-default-executor-0] INFO  client.GrpcClientProtocolClient (GrpcClientProtocolClient.java:onNext(255)) - client-C9E345EC67ED->244f13ac-34be-4c4e-8e45-0c0272edbbb2: receive RaftClientReply:client-C9E345EC67ED->244f13ac-34be-4c4e-8e45-0c0272edbbb2@group-FE77C852EF02, cid=3544, SUCCESS, logIndex=0, commits[244f13ac-34be-4c4e-8e45-0c0272edbbb2:c5343, 6287e41a-5356-4f55-84f2-270816d53e84:c5339, a2c18d3d-e79d-47c9-88fe-d8a1d195302b:c5339]
2019-08-23 11:31:54,829 | INFO  | DNAudit | user=null | ip=null | op=WRITE_CHUNK {blockData=conID: 1 locID: 102666070576005818 bcsId: 5341} | ret=SUCCESS |  
2019-08-23 11:31:54,832 | INFO  | DNAudit | user=null | ip=null | op=WRITE_CHUNK {blockData=conID: 1 locID: 102666070576005818 bcsId: 5341} | ret=SUCCESS |  
2019-08-23 11:31:54,834 | INFO  | DNAudit | user=null | ip=null | op=WRITE_CHUNK {blockData=conID: 1 locID: 102666070576005818 bcsId: 5341} | ret=SUCCESS |  
2019-08-23 11:31:54,838 | INFO  | DNAudit | user=null | ip=null | op=WRITE_CHUNK {blockData=conID: 1 locID: 102666070576005818 bcsId: 5341} | ret=SUCCESS |  
2019-08-23 11:31:54,839 [grpc-default-executor-0] INFO  client.GrpcClientProtocolClient (GrpcClientProtocolClient.java:onNext(255)) - client-C9E345EC67ED->244f13ac-34be-4c4e-8e45-0c0272edbbb2: receive RaftClientReply:client-C9E345EC67ED->244f13ac-34be-4c4e-8e45-0c0272edbbb2@group-FE77C852EF02, cid=3545, SUCCESS, logIndex=5346, commits[244f13ac-34be-4c4e-8e45-0c0272edbbb2:c5346, 6287e41a-5356-4f55-84f2-270816d53e84:c5345, a2c18d3d-e79d-47c9-88fe-d8a1d195302b:c5345]
2019-08-23 11:31:54,839 | INFO  | DNAudit | user=null | ip=null | op=PUT_BLOCK {blockData=[blockId=conID: 1 locID: 102666070576005818 bcsId: 0,size=3145728]} | ret=SUCCESS |  
2019-08-23 11:31:54,839 | INFO  | DNAudit | user=null | ip=null | op=WRITE_CHUNK {blockData=conID: 1 locID: 102666070576005818 bcsId: 5341} | ret=SUCCESS |  
2019-08-23 11:31:54,839 | INFO  | DNAudit | user=null | ip=null | op=WRITE_CHUNK {blockData=conID: 1 locID: 102666070576005818 bcsId: 5341} | ret=SUCCESS |  
2019-08-23 11:31:54,839 [grpc-default-executor-0] INFO  client.GrpcClientProtocolClient (GrpcClientProtocolClient.java:onNext(255)) - client-C9E345EC67ED->244f13ac-34be-4c4e-8e45-0c0272edbbb2: receive RaftClientReply:client-C9E345EC67ED->244f13ac-34be-4c4e-8e45-0c0272edbbb2@group-FE77C852EF02, cid=3546, SUCCESS, logIndex=5347, commits[244f13ac-34be-4c4e-8e45-0c0272edbbb2:c5347, 6287e41a-5356-4f55-84f2-270816d53e84:c5345, a2c18d3d-e79d-47c9-88fe-d8a1d195302b:c5345]
2019-08-23 11:31:54,845 | INFO  | DNAudit | user=null | ip=null | op=WRITE_CHUNK {blockData=conID: 1 locID: 102666070576005818 bcsId: 5347} | ret=SUCCESS |  
2019-08-23 11:31:54,848 | INFO  | DNAudit | user=null | ip=null | op=WRITE_CHUNK {blockData=conID: 1 locID: 102666070576005818 bcsId: 5347} | ret=SUCCESS |  
2019-08-23 11:31:54,848 | INFO  | DNAudit | user=null | ip=null | op=WRITE_CHUNK {blockData=conID: 1 locID: 102666070576005818 bcsId: 5347} | ret=SUCCESS |  
2019-08-23 11:31:54,853 | INFO  | DNAudit | user=null | ip=null | op=PUT_BLOCK {blockData=[blockId=conID: 1 locID: 102666070576005818 bcsId: 0,size=3145728]} | ret=SUCCESS |  
2019-08-23 11:31:54,853 | INFO  | DNAudit | user=null | ip=null | op=PUT_BLOCK {blockData=[blockId=conID: 1 locID: 102666070576005818 bcsId: 0,size=3145728]} | ret=SUCCESS |  
2019-08-23 11:31:54,853 | INFO  | DNAudit | user=null | ip=null | op=WRITE_CHUNK {blockData=conID: 1 locID: 102666070576005818 bcsId: 5347} | ret=SUCCESS |  
2019-08-23 11:31:54,854 | INFO  | DNAudit | user=null | ip=null | op=PUT_BLOCK {blockData=[blockId=conID: 1 locID: 102666070576005818 bcsId: 0,size=4194304]} | ret=SUCCESS |  
2019-08-23 11:31:54,854 [grpc-default-executor-4] INFO  client.GrpcClientProtocolClient (GrpcClientProtocolClient.java:onNext(255)) - client-C9E345EC67ED->244f13ac-34be-4c4e-8e45-0c0272edbbb2: receive RaftClientReply:client-C9E345EC67ED->244f13ac-34be-4c4e-8e45-0c0272edbbb2@group-FE77C852EF02, cid=3547, SUCCESS, logIndex=5350, commits[244f13ac-34be-4c4e-8e45-0c0272edbbb2:c5351, 6287e41a-5356-4f55-84f2-270816d53e84:c5349, a2c18d3d-e79d-47c9-88fe-d8a1d195302b:c5349]
2019-08-23 11:31:54,854 | INFO  | DNAudit | user=null | ip=null | op=WRITE_CHUNK {blockData=conID: 1 locID: 102666070576005818 bcsId: 5347} | ret=SUCCESS |  
2019-08-23 11:31:54,854 [grpc-default-executor-4] INFO  client.GrpcClientProtocolClient (GrpcClientProtocolClient.java:onNext(255)) - client-C9E345EC67ED->244f13ac-34be-4c4e-8e45-0c0272edbbb2: receive RaftClientReply:client-C9E345EC67ED->244f13ac-34be-4c4e-8e45-0c0272edbbb2@group-FE77C852EF02, cid=3548, SUCCESS, logIndex=5351, commits[244f13ac-34be-4c4e-8e45-0c0272edbbb2:c5351, 6287e41a-5356-4f55-84f2-270816d53e84:c5349, a2c18d3d-e79d-47c9-88fe-d8a1d195302b:c5349]
2019-08-23 11:31:54,854 | INFO  | DNAudit | user=null | ip=null | op=WRITE_CHUNK {blockData=conID: 1 locID: 102666070576005818 bcsId: 5347} | ret=SUCCESS |  
2019-08-23 11:31:54,855 | INFO  | DNAudit | user=null | ip=null | op=PUT_BLOCK {blockData=[blockId=conID: 1 locID: 102666070576005818 bcsId: 0,size=4194304]} | ret=SUCCESS |  
2019-08-23 11:31:54,855 | INFO  | DNAudit | user=null | ip=null | op=PUT_BLOCK {blockData=[blockId=conID: 1 locID: 102666070576005818 bcsId: 0,size=4194304]} | ret=SUCCESS |  
2019-08-23 11:31:54,856 [grpc-default-executor-4] INFO  client.GrpcClientProtocolClient (GrpcClientProtocolClient.java:onNext(255)) - client-C9E345EC67ED->244f13ac-34be-4c4e-8e45-0c0272edbbb2: receive RaftClientReply:client-C9E345EC67ED->244f13ac-34be-4c4e-8e45-0c0272edbbb2@group-FE77C852EF02, cid=3549, SUCCESS, logIndex=0, commits[244f13ac-34be-4c4e-8e45-0c0272edbbb2:c5352, 6287e41a-5356-4f55-84f2-270816d53e84:c5351, a2c18d3d-e79d-47c9-88fe-d8a1d195302b:c5351]
2019-08-23 11:31:54,861 | INFO  | SCMAudit | user=jenkins1000 | ip=192.168.5.185 | op=ALLOCATE_BLOCK {owner=00a23185-76ea-47b5-a641-ad3cfbe5521a, size=4194304, type=RATIS, factor=THREE} | ret=SUCCESS |  
2019-08-23 11:31:54,865 | INFO  | OMAudit | user=jenkins1000 | ip=127.0.0.1 | op=ALLOCATE_BLOCK {volume=vol-0-37508, bucket=bucket-0-50919, key=key-0-57313, dataSize=0, replicationType=null, replicationFactor=null, keyLocationInfo=null, clientID=102666068570931602} | ret=SUCCESS |  
2019-08-23 11:31:54,870 | INFO  | DNAudit | user=null | ip=null | op=WRITE_CHUNK {blockData=conID: 2 locID: 102666070580331195 bcsId: 0} | ret=SUCCESS |  
2019-08-23 11:31:54,873 | INFO  | DNAudit | user=null | ip=null | op=WRITE_CHUNK {blockData=conID: 2 locID: 102666070580331195 bcsId: 0} | ret=SUCCESS |  
2019-08-23 11:31:54,873 | INFO  | DNAudit | user=null | ip=null | op=WRITE_CHUNK {blockData=conID: 2 locID: 102666070580331195 bcsId: 0} | ret=SUCCESS |  
2019-08-23 11:31:54,873 | INFO  | DNAudit | user=null | ip=null | op=WRITE_CHUNK {blockData=conID: 2 locID: 102666070580331195 bcsId: 0} | ret=SUCCESS |  
2019-08-23 11:31:54,875 | INFO  | DNAudit | user=null | ip=null | op=WRITE_CHUNK {blockData=conID: 2 locID: 102666070580331195 bcsId: 0} | ret=SUCCESS |  
2019-08-23 11:31:54,875 | INFO  | DNAudit | user=null | ip=null | op=PUT_BLOCK {blockData=[blockId=conID: 2 locID: 102666070580331195 bcsId: 0,size=1048576]} | ret=SUCCESS |  
2019-08-23 11:31:54,876 [grpc-default-executor-4] INFO  client.GrpcClientProtocolClient (GrpcClientProtocolClient.java:onNext(255)) - client-C9E345EC67ED->244f13ac-34be-4c4e-8e45-0c0272edbbb2: receive RaftClientReply:client-C9E345EC67ED->244f13ac-34be-4c4e-8e45-0c0272edbbb2@group-FE77C852EF02, cid=3550, SUCCESS, logIndex=5354, commits[244f13ac-34be-4c4e-8e45-0c0272edbbb2:c5355, 6287e41a-5356-4f55-84f2-270816d53e84:c5353, a2c18d3d-e79d-47c9-88fe-d8a1d195302b:c5351]
2019-08-23 11:31:54,876 [grpc-default-executor-4] INFO  client.GrpcClientProtocolClient (GrpcClientProtocolClient.java:onNext(255)) - client-C9E345EC67ED->244f13ac-34be-4c4e-8e45-0c0272edbbb2: receive RaftClientReply:client-C9E345EC67ED->244f13ac-34be-4c4e-8e45-0c0272edbbb2@group-FE77C852EF02, cid=3551, SUCCESS, logIndex=5355, commits[244f13ac-34be-4c4e-8e45-0c0272edbbb2:c5355, 6287e41a-5356-4f55-84f2-270816d53e84:c5353, a2c18d3d-e79d-47c9-88fe-d8a1d195302b:c5351]
2019-08-23 11:31:54,876 | INFO  | DNAudit | user=null | ip=null | op=WRITE_CHUNK {blockData=conID: 2 locID: 102666070580331195 bcsId: 0} | ret=SUCCESS |  
2019-08-23 11:31:54,876 | INFO  | DNAudit | user=null | ip=null | op=WRITE_CHUNK {blockData=conID: 2 locID: 102666070580331195 bcsId: 0} | ret=SUCCESS |  
2019-08-23 11:31:54,878 | INFO  | DNAudit | user=null | ip=null | op=WRITE_CHUNK {blockData=conID: 2 locID: 102666070580331195 bcsId: 0} | ret=SUCCESS |  
2019-08-23 11:31:54,878 | INFO  | DNAudit | user=null | ip=null | op=PUT_BLOCK {blockData=[blockId=conID: 2 locID: 102666070580331195 bcsId: 0,size=1048576]} | ret=SUCCESS |  
2019-08-23 11:31:54,878 | INFO  | DNAudit | user=null | ip=null | op=WRITE_CHUNK {blockData=conID: 2 locID: 102666070580331195 bcsId: 0} | ret=SUCCESS |  
2019-08-23 11:31:54,878 | INFO  | DNAudit | user=null | ip=null | op=PUT_BLOCK {blockData=[blockId=conID: 2 locID: 102666070580331195 bcsId: 0,size=2097152]} | ret=SUCCESS |  
2019-08-23 11:31:54,879 | INFO  | DNAudit | user=null | ip=null | op=WRITE_CHUNK {blockData=conID: 2 locID: 102666070580331195 bcsId: 0} | ret=SUCCESS |  
2019-08-23 11:31:54,879 [grpc-default-executor-5] INFO  client.GrpcClientProtocolClient (GrpcClientProtocolClient.java:onNext(255)) - client-C9E345EC67ED->244f13ac-34be-4c4e-8e45-0c0272edbbb2: receive RaftClientReply:client-C9E345EC67ED->244f13ac-34be-4c4e-8e45-0c0272edbbb2@group-FE77C852EF02, cid=3552, SUCCESS, logIndex=5356, commits[244f13ac-34be-4c4e-8e45-0c0272edbbb2:c5359, 6287e41a-5356-4f55-84f2-270816d53e84:c5355, a2c18d3d-e79d-47c9-88fe-d8a1d195302b:c5353]
2019-08-23 11:31:54,879 | INFO  | DNAudit | user=null | ip=null | op=PUT_BLOCK {blockData=[blockId=conID: 2 locID: 102666070580331195 bcsId: 0,size=1048576]} | ret=SUCCESS |  
2019-08-23 11:31:54,879 [grpc-default-executor-5] INFO  client.GrpcClientProtocolClient (GrpcClientProtocolClient.java:onNext(255)) - client-C9E345EC67ED->244f13ac-34be-4c4e-8e45-0c0272edbbb2: receive RaftClientReply:client-C9E345EC67ED->244f13ac-34be-4c4e-8e45-0c0272edbbb2@group-FE77C852EF02, cid=3553, SUCCESS, logIndex=5357, commits[244f13ac-34be-4c4e-8e45-0c0272edbbb2:c5359, 6287e41a-5356-4f55-84f2-270816d53e84:c5355, a2c18d3d-e79d-47c9-88fe-d8a1d195302b:c5353]
2019-08-23 11:31:54,880 [grpc-default-executor-5] INFO  client.GrpcClientProtocolClient (GrpcClientProtocolClient.java:onNext(255)) - client-C9E345EC67ED->244f13ac-34be-4c4e-8e45-0c0272edbbb2: receive RaftClientReply:client-C9E345EC67ED->244f13ac-34be-4c4e-8e45-0c0272edbbb2@group-FE77C852EF02, cid=3554, SUCCESS, logIndex=0, commits[244f13ac-34be-4c4e-8e45-0c0272edbbb2:c5359, 6287e41a-5356-4f55-84f2-270816d53e84:c5355, a2c18d3d-e79d-47c9-88fe-d8a1d195302b:c5355]
2019-08-23 11:31:54,881 | INFO  | DNAudit | user=null | ip=null | op=WRITE_CHUNK {blockData=conID: 2 locID: 102666070580331195 bcsId: 0} | ret=SUCCESS |  
2019-08-23 11:31:54,881 | INFO  | DNAudit | user=null | ip=null | op=WRITE_CHUNK {blockData=conID: 2 locID: 102666070580331195 bcsId: 0} | ret=SUCCESS |  
2019-08-23 11:31:54,881 | INFO  | DNAudit | user=null | ip=null | op=PUT_BLOCK {blockData=[blockId=conID: 2 locID: 102666070580331195 bcsId: 0,size=2097152]} | ret=SUCCESS |  
2019-08-23 11:31:54,881 | INFO  | DNAudit | user=null | ip=null | op=PUT_BLOCK {blockData=[blockId=conID: 2 locID: 102666070580331195 bcsId: 0,size=2097152]} | ret=SUCCESS |  
2019-08-23 11:31:54,886 | INFO  | DNAudit | user=null | ip=null | op=WRITE_CHUNK {blockData=conID: 2 locID: 102666070580331195 bcsId: 5357} | ret=SUCCESS |  
2019-08-23 11:31:54,887 | INFO  | DNAudit | user=null | ip=null | op=WRITE_CHUNK {blockData=conID: 2 locID: 102666070580331195 bcsId: 5357} | ret=SUCCESS |  
2019-08-23 11:31:54,887 | INFO  | DNAudit | user=null | ip=null | op=WRITE_CHUNK {blockData=conID: 2 locID: 102666070580331195 bcsId: 5357} | ret=SUCCESS |  
2019-08-23 11:31:54,894 | INFO  | DNAudit | user=null | ip=null | op=WRITE_CHUNK {blockData=conID: 2 locID: 102666070580331195 bcsId: 5357} | ret=SUCCESS |  
2019-08-23 11:31:54,894 | INFO  | DNAudit | user=null | ip=null | op=PUT_BLOCK {blockData=[blockId=conID: 2 locID: 102666070580331195 bcsId: 0,size=3145728]} | ret=SUCCESS |  
2019-08-23 11:31:54,894 [grpc-default-executor-0] INFO  client.GrpcClientProtocolClient (GrpcClientProtocolClient.java:onNext(255)) - client-C9E345EC67ED->244f13ac-34be-4c4e-8e45-0c0272edbbb2: receive RaftClientReply:client-C9E345EC67ED->244f13ac-34be-4c4e-8e45-0c0272edbbb2@group-FE77C852EF02, cid=3555, SUCCESS, logIndex=5362, commits[244f13ac-34be-4c4e-8e45-0c0272edbbb2:c5363, 6287e41a-5356-4f55-84f2-270816d53e84:c5361, a2c18d3d-e79d-47c9-88fe-d8a1d195302b:c5361]
2019-08-23 11:31:54,895 [grpc-default-executor-0] INFO  client.GrpcClientProtocolClient (GrpcClientProtocolClient.java:onNext(255)) - client-C9E345EC67ED->244f13ac-34be-4c4e-8e45-0c0272edbbb2: receive RaftClientReply:client-C9E345EC67ED->244f13ac-34be-4c4e-8e45-0c0272edbbb2@group-FE77C852EF02, cid=3556, SUCCESS, logIndex=5363, commits[244f13ac-34be-4c4e-8e45-0c0272edbbb2:c5363, 6287e41a-5356-4f55-84f2-270816d53e84:c5361, a2c18d3d-e79d-47c9-88fe-d8a1d195302b:c5361]
2019-08-23 11:31:54,895 | INFO  | DNAudit | user=null | ip=null | op=WRITE_CHUNK {blockData=conID: 2 locID: 102666070580331195 bcsId: 5357} | ret=SUCCESS |  
2019-08-23 11:31:54,895 | INFO  | DNAudit | user=null | ip=null | op=WRITE_CHUNK {blockData=conID: 2 locID: 102666070580331195 bcsId: 5357} | ret=SUCCESS |  
2019-08-23 11:31:54,896 | INFO  | DNAudit | user=null | ip=null | op=PUT_BLOCK {blockData=[blockId=conID: 2 locID: 102666070580331195 bcsId: 0,size=3145728]} | ret=SUCCESS |  
2019-08-23 11:31:54,896 | INFO  | DNAudit | user=null | ip=null | op=PUT_BLOCK {blockData=[blockId=conID: 2 locID: 102666070580331195 bcsId: 0,size=3145728]} | ret=SUCCESS |  
2019-08-23 11:31:55,037 | INFO  | DNAudit | user=null | ip=null | op=WRITE_CHUNK {blockData=conID: 2 locID: 102666070580331195 bcsId: 5363} | ret=SUCCESS |  
2019-08-23 11:31:55,041 | INFO  | DNAudit | user=null | ip=null | op=WRITE_CHUNK {blockData=conID: 2 locID: 102666070580331195 bcsId: 5363} | ret=SUCCESS |  
2019-08-23 11:31:55,041 | INFO  | DNAudit | user=null | ip=null | op=WRITE_CHUNK {blockData=conID: 2 locID: 102666070580331195 bcsId: 5363} | ret=SUCCESS |  
2019-08-23 11:31:55,051 | INFO  | DNAudit | user=null | ip=null | op=WRITE_CHUNK {blockData=conID: 2 locID: 102666070580331195 bcsId: 5363} | ret=SUCCESS |  
2019-08-23 11:31:55,052 | INFO  | DNAudit | user=null | ip=null | op=PUT_BLOCK {blockData=[blockId=conID: 2 locID: 102666070580331195 bcsId: 0,size=4194304]} | ret=SUCCESS |  
2019-08-23 11:31:55,052 | INFO  | DNAudit | user=null | ip=null | op=WRITE_CHUNK {blockData=conID: 2 locID: 102666070580331195 bcsId: 5363} | ret=SUCCESS |  
2019-08-23 11:31:55,052 [grpc-default-executor-5] INFO  client.GrpcClientProtocolClient (GrpcClientProtocolClient.java:onNext(255)) - client-C9E345EC67ED->244f13ac-34be-4c4e-8e45-0c0272edbbb2: receive RaftClientReply:client-C9E345EC67ED->244f13ac-34be-4c4e-8e45-0c0272edbbb2@group-FE77C852EF02, cid=3557, SUCCESS, logIndex=5366, commits[244f13ac-34be-4c4e-8e45-0c0272edbbb2:c5367, 6287e41a-5356-4f55-84f2-270816d53e84:c5365, a2c18d3d-e79d-47c9-88fe-d8a1d195302b:c5365]
2019-08-23 11:31:55,053 | INFO  | DNAudit | user=null | ip=null | op=WRITE_CHUNK {blockData=conID: 2 locID: 102666070580331195 bcsId: 5363} | ret=SUCCESS |  
2019-08-23 11:31:55,053 | INFO  | DNAudit | user=null | ip=null | op=PUT_BLOCK {blockData=[blockId=conID: 2 locID: 102666070580331195 bcsId: 0,size=4194304]} | ret=SUCCESS |  
2019-08-23 11:31:55,053 | INFO  | DNAudit | user=null | ip=null | op=PUT_BLOCK {blockData=[blockId=conID: 2 locID: 102666070580331195 bcsId: 0,size=4194304]} | ret=SUCCESS |  
2019-08-23 11:31:55,053 [grpc-default-executor-5] INFO  client.GrpcClientProtocolClient (GrpcClientProtocolClient.java:onNext(255)) - client-C9E345EC67ED->244f13ac-34be-4c4e-8e45-0c0272edbbb2: receive RaftClientReply:client-C9E345EC67ED->244f13ac-34be-4c4e-8e45-0c0272edbbb2@group-FE77C852EF02, cid=3558, SUCCESS, logIndex=5367, commits[244f13ac-34be-4c4e-8e45-0c0272edbbb2:c5367, 6287e41a-5356-4f55-84f2-270816d53e84:c5365, a2c18d3d-e79d-47c9-88fe-d8a1d195302b:c5365]
2019-08-23 11:31:55,054 [grpc-default-executor-5] INFO  client.GrpcClientProtocolClient (GrpcClientProtocolClient.java:onNext(255)) - client-C9E345EC67ED->244f13ac-34be-4c4e-8e45-0c0272edbbb2: receive RaftClientReply:client-C9E345EC67ED->244f13ac-34be-4c4e-8e45-0c0272edbbb2@group-FE77C852EF02, cid=3559, SUCCESS, logIndex=0, commits[244f13ac-34be-4c4e-8e45-0c0272edbbb2:c5369, 6287e41a-5356-4f55-84f2-270816d53e84:c5367, a2c18d3d-e79d-47c9-88fe-d8a1d195302b:c5367]
2019-08-23 11:31:55,062 | INFO  | SCMAudit | user=jenkins1000 | ip=192.168.5.185 | op=ALLOCATE_BLOCK {owner=00a23185-76ea-47b5-a641-ad3cfbe5521a, size=4194304, type=RATIS, factor=THREE} | ret=SUCCESS |  
2019-08-23 11:31:55,067 | INFO  | OMAudit | user=jenkins1000 | ip=127.0.0.1 | op=ALLOCATE_BLOCK {volume=vol-0-37508, bucket=bucket-0-50919, key=key-0-57313, dataSize=0, replicationType=null, replicationFactor=null, keyLocationInfo=null, clientID=102666068570931602} | ret=SUCCESS |  
2019-08-23 11:31:55,075 | INFO  | DNAudit | user=null | ip=null | op=WRITE_CHUNK {blockData=conID: 3 locID: 102666070593503932 bcsId: 0} | ret=SUCCESS |  
2019-08-23 11:31:55,078 | INFO  | DNAudit | user=null | ip=null | op=WRITE_CHUNK {blockData=conID: 3 locID: 102666070593503932 bcsId: 0} | ret=SUCCESS |  
2019-08-23 11:31:55,078 | INFO  | DNAudit | user=null | ip=null | op=WRITE_CHUNK {blockData=conID: 3 locID: 102666070593503932 bcsId: 0} | ret=SUCCESS |  
2019-08-23 11:31:55,079 | INFO  | DNAudit | user=null | ip=null | op=WRITE_CHUNK {blockData=conID: 3 locID: 102666070593503932 bcsId: 0} | ret=SUCCESS |  
2019-08-23 11:31:55,080 | INFO  | DNAudit | user=null | ip=null | op=WRITE_CHUNK {blockData=conID: 3 locID: 102666070593503932 bcsId: 0} | ret=SUCCESS |  
2019-08-23 11:31:55,080 | INFO  | DNAudit | user=null | ip=null | op=WRITE_CHUNK {blockData=conID: 3 locID: 102666070593503932 bcsId: 0} | ret=SUCCESS |  
2019-08-23 11:31:55,088 | INFO  | DNAudit | user=null | ip=null | op=WRITE_CHUNK {blockData=conID: 3 locID: 102666070593503932 bcsId: 0} | ret=SUCCESS |  
2019-08-23 11:31:55,089 | INFO  | DNAudit | user=null | ip=null | op=PUT_BLOCK {blockData=[blockId=conID: 3 locID: 102666070593503932 bcsId: 0,size=1048576]} | ret=SUCCESS |  
2019-08-23 11:31:55,089 | INFO  | DNAudit | user=null | ip=null | op=WRITE_CHUNK {blockData=conID: 3 locID: 102666070593503932 bcsId: 0} | ret=SUCCESS |  
2019-08-23 11:31:55,089 [grpc-default-executor-4] INFO  client.GrpcClientProtocolClient (GrpcClientProtocolClient.java:onNext(255)) - client-C9E345EC67ED->244f13ac-34be-4c4e-8e45-0c0272edbbb2: receive RaftClientReply:client-C9E345EC67ED->244f13ac-34be-4c4e-8e45-0c0272edbbb2@group-FE77C852EF02, cid=3560, SUCCESS, logIndex=5370, commits[244f13ac-34be-4c4e-8e45-0c0272edbbb2:c5373, 6287e41a-5356-4f55-84f2-270816d53e84:c5369, a2c18d3d-e79d-47c9-88fe-d8a1d195302b:c5369]
2019-08-23 11:31:55,090 | INFO  | DNAudit | user=null | ip=null | op=WRITE_CHUNK {blockData=conID: 3 locID: 102666070593503932 bcsId: 0} | ret=SUCCESS |  
2019-08-23 11:31:55,090 | INFO  | DNAudit | user=null | ip=null | op=WRITE_CHUNK {blockData=conID: 3 locID: 102666070593503932 bcsId: 0} | ret=SUCCESS |  
2019-08-23 11:31:55,090 | INFO  | DNAudit | user=null | ip=null | op=PUT_BLOCK {blockData=[blockId=conID: 3 locID: 102666070593503932 bcsId: 0,size=2097152]} | ret=SUCCESS |  
2019-08-23 11:31:55,090 | INFO  | DNAudit | user=null | ip=null | op=PUT_BLOCK {blockData=[blockId=conID: 3 locID: 102666070593503932 bcsId: 0,size=1048576]} | ret=SUCCESS |  
2019-08-23 11:31:55,090 | INFO  | DNAudit | user=null | ip=null | op=PUT_BLOCK {blockData=[blockId=conID: 3 locID: 102666070593503932 bcsId: 0,size=1048576]} | ret=SUCCESS |  
2019-08-23 11:31:55,090 [grpc-default-executor-4] INFO  client.GrpcClientProtocolClient (GrpcClientProtocolClient.java:onNext(255)) - client-C9E345EC67ED->244f13ac-34be-4c4e-8e45-0c0272edbbb2: receive RaftClientReply:client-C9E345EC67ED->244f13ac-34be-4c4e-8e45-0c0272edbbb2@group-FE77C852EF02, cid=3561, SUCCESS, logIndex=5371, commits[244f13ac-34be-4c4e-8e45-0c0272edbbb2:c5373, 6287e41a-5356-4f55-84f2-270816d53e84:c5369, a2c18d3d-e79d-47c9-88fe-d8a1d195302b:c5369]
2019-08-23 11:31:55,090 [grpc-default-executor-4] INFO  client.GrpcClientProtocolClient (GrpcClientProtocolClient.java:onNext(255)) - client-C9E345EC67ED->244f13ac-34be-4c4e-8e45-0c0272edbbb2: receive RaftClientReply:client-C9E345EC67ED->244f13ac-34be-4c4e-8e45-0c0272edbbb2@group-FE77C852EF02, cid=3562, SUCCESS, logIndex=5372, commits[244f13ac-34be-4c4e-8e45-0c0272edbbb2:c5373, 6287e41a-5356-4f55-84f2-270816d53e84:c5369, a2c18d3d-e79d-47c9-88fe-d8a1d195302b:c5369]
2019-08-23 11:31:55,091 | INFO  | DNAudit | user=null | ip=null | op=WRITE_CHUNK {blockData=conID: 3 locID: 102666070593503932 bcsId: 0} | ret=SUCCESS |  
2019-08-23 11:31:55,091 [grpc-default-executor-4] INFO  client.GrpcClientProtocolClient (GrpcClientProtocolClient.java:onNext(255)) - client-C9E345EC67ED->244f13ac-34be-4c4e-8e45-0c0272edbbb2: receive RaftClientReply:client-C9E345EC67ED->244f13ac-34be-4c4e-8e45-0c0272edbbb2@group-FE77C852EF02, cid=3563, SUCCESS, logIndex=5373, commits[244f13ac-34be-4c4e-8e45-0c0272edbbb2:c5374, 6287e41a-5356-4f55-84f2-270816d53e84:c5370, a2c18d3d-e79d-47c9-88fe-d8a1d195302b:c5370]
2019-08-23 11:31:55,091 | INFO  | DNAudit | user=null | ip=null | op=WRITE_CHUNK {blockData=conID: 3 locID: 102666070593503932 bcsId: 0} | ret=SUCCESS |  
2019-08-23 11:31:55,091 | INFO  | DNAudit | user=null | ip=null | op=PUT_BLOCK {blockData=[blockId=conID: 3 locID: 102666070593503932 bcsId: 0,size=2097152]} | ret=SUCCESS |  
2019-08-23 11:31:55,091 | INFO  | DNAudit | user=null | ip=null | op=PUT_BLOCK {blockData=[blockId=conID: 3 locID: 102666070593503932 bcsId: 0,size=2097152]} | ret=SUCCESS |  
2019-08-23 11:31:55,092 [grpc-default-executor-5] INFO  client.GrpcClientProtocolClient (GrpcClientProtocolClient.java:onNext(255)) - client-C9E345EC67ED->244f13ac-34be-4c4e-8e45-0c0272edbbb2: receive RaftClientReply:client-C9E345EC67ED->244f13ac-34be-4c4e-8e45-0c0272edbbb2@group-FE77C852EF02, cid=3564, SUCCESS, logIndex=0, commits[244f13ac-34be-4c4e-8e45-0c0272edbbb2:c5377, 6287e41a-5356-4f55-84f2-270816d53e84:c5373, a2c18d3d-e79d-47c9-88fe-d8a1d195302b:c5373]
2019-08-23 11:31:55,099 | INFO  | DNAudit | user=null | ip=null | op=WRITE_CHUNK {blockData=conID: 3 locID: 102666070593503932 bcsId: 5373} | ret=SUCCESS |  
2019-08-23 11:31:55,101 | INFO  | DNAudit | user=null | ip=null | op=WRITE_CHUNK {blockData=conID: 3 locID: 102666070593503932 bcsId: 5373} | ret=SUCCESS |  
2019-08-23 11:31:55,102 | INFO  | DNAudit | user=null | ip=null | op=WRITE_CHUNK {blockData=conID: 3 locID: 102666070593503932 bcsId: 5373} | ret=SUCCESS |  
2019-08-23 11:31:55,109 | INFO  | DNAudit | user=null | ip=null | op=WRITE_CHUNK {blockData=conID: 3 locID: 102666070593503932 bcsId: 5373} | ret=SUCCESS |  
2019-08-23 11:31:55,109 | INFO  | DNAudit | user=null | ip=null | op=PUT_BLOCK {blockData=[blockId=conID: 3 locID: 102666070593503932 bcsId: 0,size=3145728]} | ret=SUCCESS |  
2019-08-23 11:31:55,109 [grpc-default-executor-5] INFO  client.GrpcClientProtocolClient (GrpcClientProtocolClient.java:onNext(255)) - client-C9E345EC67ED->244f13ac-34be-4c4e-8e45-0c0272edbbb2: receive RaftClientReply:client-C9E345EC67ED->244f13ac-34be-4c4e-8e45-0c0272edbbb2@group-FE77C852EF02, cid=3565, SUCCESS, logIndex=5378, commits[244f13ac-34be-4c4e-8e45-0c0272edbbb2:c5379, 6287e41a-5356-4f55-84f2-270816d53e84:c5377, a2c18d3d-e79d-47c9-88fe-d8a1d195302b:c5377]
2019-08-23 11:31:55,109 [grpc-default-executor-5] INFO  client.GrpcClientProtocolClient (GrpcClientProtocolClient.java:onNext(255)) - client-C9E345EC67ED->244f13ac-34be-4c4e-8e45-0c0272edbbb2: receive RaftClientReply:client-C9E345EC67ED->244f13ac-34be-4c4e-8e45-0c0272edbbb2@group-FE77C852EF02, cid=3566, SUCCESS, logIndex=5379, commits[244f13ac-34be-4c4e-8e45-0c0272edbbb2:c5379, 6287e41a-5356-4f55-84f2-270816d53e84:c5377, a2c18d3d-e79d-47c9-88fe-d8a1d195302b:c5377]
2019-08-23 11:31:55,110 | INFO  | DNAudit | user=null | ip=null | op=WRITE_CHUNK {blockData=conID: 3 locID: 102666070593503932 bcsId: 5373} | ret=SUCCESS |  
2019-08-23 11:31:55,110 | INFO  | DNAudit | user=null | ip=null | op=WRITE_CHUNK {blockData=conID: 3 locID: 102666070593503932 bcsId: 5373} | ret=SUCCESS |  
2019-08-23 11:31:55,111 | INFO  | DNAudit | user=null | ip=null | op=PUT_BLOCK {blockData=[blockId=conID: 3 locID: 102666070593503932 bcsId: 0,size=3145728]} | ret=SUCCESS |  
2019-08-23 11:31:55,111 | INFO  | DNAudit | user=null | ip=null | op=PUT_BLOCK {blockData=[blockId=conID: 3 locID: 102666070593503932 bcsId: 0,size=3145728]} | ret=SUCCESS |  
2019-08-23 11:31:55,116 | INFO  | DNAudit | user=null | ip=null | op=WRITE_CHUNK {blockData=conID: 3 locID: 102666070593503932 bcsId: 5379} | ret=SUCCESS |  
2019-08-23 11:31:55,118 | INFO  | DNAudit | user=null | ip=null | op=WRITE_CHUNK {blockData=conID: 3 locID: 102666070593503932 bcsId: 5379} | ret=SUCCESS |  
2019-08-23 11:31:55,118 | INFO  | DNAudit | user=null | ip=null | op=WRITE_CHUNK {blockData=conID: 3 locID: 102666070593503932 bcsId: 5379} | ret=SUCCESS |  
2019-08-23 11:31:55,129 | INFO  | DNAudit | user=null | ip=null | op=WRITE_CHUNK {blockData=conID: 3 locID: 102666070593503932 bcsId: 5379} | ret=SUCCESS |  
2019-08-23 11:31:55,129 | INFO  | DNAudit | user=null | ip=null | op=PUT_BLOCK {blockData=[blockId=conID: 3 locID: 102666070593503932 bcsId: 0,size=4194304]} | ret=SUCCESS |  
2019-08-23 11:31:55,130 [grpc-default-executor-5] INFO  client.GrpcClientProtocolClient (GrpcClientProtocolClient.java:onNext(255)) - client-C9E345EC67ED->244f13ac-34be-4c4e-8e45-0c0272edbbb2: receive RaftClientReply:client-C9E345EC67ED->244f13ac-34be-4c4e-8e45-0c0272edbbb2@group-FE77C852EF02, cid=3567, SUCCESS, logIndex=5382, commits[244f13ac-34be-4c4e-8e45-0c0272edbbb2:c5383, 6287e41a-5356-4f55-84f2-270816d53e84:c5381, a2c18d3d-e79d-47c9-88fe-d8a1d195302b:c5381]
2019-08-23 11:31:55,130 | INFO  | DNAudit | user=null | ip=null | op=WRITE_CHUNK {blockData=conID: 3 locID: 102666070593503932 bcsId: 5379} | ret=SUCCESS |  
2019-08-23 11:31:55,130 [grpc-default-executor-5] INFO  client.GrpcClientProtocolClient (GrpcClientProtocolClient.java:onNext(255)) - client-C9E345EC67ED->244f13ac-34be-4c4e-8e45-0c0272edbbb2: receive RaftClientReply:client-C9E345EC67ED->244f13ac-34be-4c4e-8e45-0c0272edbbb2@group-FE77C852EF02, cid=3568, SUCCESS, logIndex=5383, commits[244f13ac-34be-4c4e-8e45-0c0272edbbb2:c5383, 6287e41a-5356-4f55-84f2-270816d53e84:c5381, a2c18d3d-e79d-47c9-88fe-d8a1d195302b:c5381]
2019-08-23 11:31:55,130 | INFO  | DNAudit | user=null | ip=null | op=WRITE_CHUNK {blockData=conID: 3 locID: 102666070593503932 bcsId: 5379} | ret=SUCCESS |  
2019-08-23 11:31:55,132 | INFO  | DNAudit | user=null | ip=null | op=PUT_BLOCK {blockData=[blockId=conID: 3 locID: 102666070593503932 bcsId: 0,size=4194304]} | ret=SUCCESS |  
2019-08-23 11:31:55,144 | INFO  | DNAudit | user=null | ip=null | op=PUT_BLOCK {blockData=[blockId=conID: 3 locID: 102666070593503932 bcsId: 0,size=4194304]} | ret=SUCCESS |  
2019-08-23 11:31:55,144 [grpc-default-executor-5] INFO  client.GrpcClientProtocolClient (GrpcClientProtocolClient.java:onNext(255)) - client-C9E345EC67ED->244f13ac-34be-4c4e-8e45-0c0272edbbb2: receive RaftClientReply:client-C9E345EC67ED->244f13ac-34be-4c4e-8e45-0c0272edbbb2@group-FE77C852EF02, cid=3569, SUCCESS, logIndex=0, commits[244f13ac-34be-4c4e-8e45-0c0272edbbb2:c5385, 6287e41a-5356-4f55-84f2-270816d53e84:c5383, a2c18d3d-e79d-47c9-88fe-d8a1d195302b:c5383]
2019-08-23 11:31:55,150 | INFO  | SCMAudit | user=jenkins1000 | ip=192.168.5.185 | op=ALLOCATE_BLOCK {owner=00a23185-76ea-47b5-a641-ad3cfbe5521a, size=4194304, type=RATIS, factor=THREE} | ret=SUCCESS |  
2019-08-23 11:31:55,154 | INFO  | OMAudit | user=jenkins1000 | ip=127.0.0.1 | op=ALLOCATE_BLOCK {volume=vol-0-37508, bucket=bucket-0-50919, key=key-0-57313, dataSize=0, replicationType=null, replicationFactor=null, keyLocationInfo=null, clientID=102666068570931602} | ret=SUCCESS |  
2019-08-23 11:31:55,162 | INFO  | DNAudit | user=null | ip=null | op=WRITE_CHUNK {blockData=conID: 1 locID: 102666070599271101 bcsId: 0} | ret=SUCCESS |  
2019-08-23 11:31:55,164 | INFO  | DNAudit | user=null | ip=null | op=WRITE_CHUNK {blockData=conID: 1 locID: 102666070599271101 bcsId: 0} | ret=SUCCESS |  
2019-08-23 11:31:55,165 | INFO  | DNAudit | user=null | ip=null | op=WRITE_CHUNK {blockData=conID: 1 locID: 102666070599271101 bcsId: 0} | ret=SUCCESS |  
2019-08-23 11:31:55,165 | INFO  | DNAudit | user=null | ip=null | op=WRITE_CHUNK {blockData=conID: 1 locID: 102666070599271101 bcsId: 0} | ret=SUCCESS |  
2019-08-23 11:31:55,166 | INFO  | DNAudit | user=null | ip=null | op=WRITE_CHUNK {blockData=conID: 1 locID: 102666070599271101 bcsId: 0} | ret=SUCCESS |  
2019-08-23 11:31:55,167 | INFO  | DNAudit | user=null | ip=null | op=WRITE_CHUNK {blockData=conID: 1 locID: 102666070599271101 bcsId: 0} | ret=SUCCESS |  
2019-08-23 11:31:55,173 | INFO  | DNAudit | user=null | ip=null | op=WRITE_CHUNK {blockData=conID: 1 locID: 102666070599271101 bcsId: 0} | ret=SUCCESS |  
2019-08-23 11:31:55,174 | INFO  | DNAudit | user=null | ip=null | op=PUT_BLOCK {blockData=[blockId=conID: 1 locID: 102666070599271101 bcsId: 0,size=1048576]} | ret=SUCCESS |  
2019-08-23 11:31:55,174 | INFO  | DNAudit | user=null | ip=null | op=WRITE_CHUNK {blockData=conID: 1 locID: 102666070599271101 bcsId: 0} | ret=SUCCESS |  
2019-08-23 11:31:55,174 [grpc-default-executor-5] INFO  client.GrpcClientProtocolClient (GrpcClientProtocolClient.java:onNext(255)) - client-C9E345EC67ED->244f13ac-34be-4c4e-8e45-0c0272edbbb2: receive RaftClientReply:client-C9E345EC67ED->244f13ac-34be-4c4e-8e45-0c0272edbbb2@group-FE77C852EF02, cid=3570, SUCCESS, logIndex=5386, commits[244f13ac-34be-4c4e-8e45-0c0272edbbb2:c5387, 6287e41a-5356-4f55-84f2-270816d53e84:c5385, a2c18d3d-e79d-47c9-88fe-d8a1d195302b:c5385]
2019-08-23 11:31:55,175 | INFO  | DNAudit | user=null | ip=null | op=PUT_BLOCK {blockData=[blockId=conID: 1 locID: 102666070599271101 bcsId: 0,size=2097152]} | ret=SUCCESS |  
2019-08-23 11:31:55,175 | INFO  | DNAudit | user=null | ip=null | op=WRITE_CHUNK {blockData=conID: 1 locID: 102666070599271101 bcsId: 0} | ret=SUCCESS |  
2019-08-23 11:31:55,175 [grpc-default-executor-5] INFO  client.GrpcClientProtocolClient (GrpcClientProtocolClient.java:onNext(255)) - client-C9E345EC67ED->244f13ac-34be-4c4e-8e45-0c0272edbbb2: receive RaftClientReply:client-C9E345EC67ED->244f13ac-34be-4c4e-8e45-0c0272edbbb2@group-FE77C852EF02, cid=3571, SUCCESS, logIndex=5387, commits[244f13ac-34be-4c4e-8e45-0c0272edbbb2:c5389, 6287e41a-5356-4f55-84f2-270816d53e84:c5385, a2c18d3d-e79d-47c9-88fe-d8a1d195302b:c5385]
2019-08-23 11:31:55,175 | INFO  | DNAudit | user=null | ip=null | op=WRITE_CHUNK {blockData=conID: 1 locID: 102666070599271101 bcsId: 0} | ret=SUCCESS |  
2019-08-23 11:31:55,175 [grpc-default-executor-5] INFO  client.GrpcClientProtocolClient (GrpcClientProtocolClient.java:onNext(255)) - client-C9E345EC67ED->244f13ac-34be-4c4e-8e45-0c0272edbbb2: receive RaftClientReply:client-C9E345EC67ED->244f13ac-34be-4c4e-8e45-0c0272edbbb2@group-FE77C852EF02, cid=3572, SUCCESS, logIndex=5388, commits[244f13ac-34be-4c4e-8e45-0c0272edbbb2:c5389, 6287e41a-5356-4f55-84f2-270816d53e84:c5385, a2c18d3d-e79d-47c9-88fe-d8a1d195302b:c5385]
2019-08-23 11:31:55,175 | INFO  | DNAudit | user=null | ip=null | op=PUT_BLOCK {blockData=[blockId=conID: 1 locID: 102666070599271101 bcsId: 0,size=1048576]} | ret=SUCCESS |  
2019-08-23 11:31:55,175 [grpc-default-executor-5] INFO  client.GrpcClientProtocolClient (GrpcClientProtocolClient.java:onNext(255)) - client-C9E345EC67ED->244f13ac-34be-4c4e-8e45-0c0272edbbb2: receive RaftClientReply:client-C9E345EC67ED->244f13ac-34be-4c4e-8e45-0c0272edbbb2@group-FE77C852EF02, cid=3573, SUCCESS, logIndex=5389, commits[244f13ac-34be-4c4e-8e45-0c0272edbbb2:c5389, 6287e41a-5356-4f55-84f2-270816d53e84:c5385, a2c18d3d-e79d-47c9-88fe-d8a1d195302b:c5385]
2019-08-23 11:31:55,176 | INFO  | DNAudit | user=null | ip=null | op=PUT_BLOCK {blockData=[blockId=conID: 1 locID: 102666070599271101 bcsId: 0,size=1048576]} | ret=SUCCESS |  
2019-08-23 11:31:55,176 | INFO  | DNAudit | user=null | ip=null | op=WRITE_CHUNK {blockData=conID: 1 locID: 102666070599271101 bcsId: 0} | ret=SUCCESS |  
2019-08-23 11:31:55,176 | INFO  | DNAudit | user=null | ip=null | op=PUT_BLOCK {blockData=[blockId=conID: 1 locID: 102666070599271101 bcsId: 0,size=2097152]} | ret=SUCCESS |  
2019-08-23 11:31:55,176 [grpc-default-executor-5] INFO  client.GrpcClientProtocolClient (GrpcClientProtocolClient.java:onNext(255)) - client-C9E345EC67ED->244f13ac-34be-4c4e-8e45-0c0272edbbb2: receive RaftClientReply:client-C9E345EC67ED->244f13ac-34be-4c4e-8e45-0c0272edbbb2@group-FE77C852EF02, cid=3574, SUCCESS, logIndex=0, commits[244f13ac-34be-4c4e-8e45-0c0272edbbb2:c5391, 6287e41a-5356-4f55-84f2-270816d53e84:c5387, a2c18d3d-e79d-47c9-88fe-d8a1d195302b:c5387]
2019-08-23 11:31:55,176 | INFO  | DNAudit | user=null | ip=null | op=WRITE_CHUNK {blockData=conID: 1 locID: 102666070599271101 bcsId: 0} | ret=SUCCESS |  
2019-08-23 11:31:55,177 | INFO  | DNAudit | user=null | ip=null | op=PUT_BLOCK {blockData=[blockId=conID: 1 locID: 102666070599271101 bcsId: 0,size=2097152]} | ret=SUCCESS |  
2019-08-23 11:31:55,183 | INFO  | DNAudit | user=null | ip=null | op=WRITE_CHUNK {blockData=conID: 1 locID: 102666070599271101 bcsId: 5389} | ret=SUCCESS |  
2019-08-23 11:31:55,185 | INFO  | DNAudit | user=null | ip=null | op=WRITE_CHUNK {blockData=conID: 1 locID: 102666070599271101 bcsId: 5389} | ret=SUCCESS |  
2019-08-23 11:31:55,185 | INFO  | DNAudit | user=null | ip=null | op=WRITE_CHUNK {blockData=conID: 1 locID: 102666070599271101 bcsId: 5389} | ret=SUCCESS |  
2019-08-23 11:31:55,196 | INFO  | DNAudit | user=null | ip=null | op=WRITE_CHUNK {blockData=conID: 1 locID: 102666070599271101 bcsId: 5389} | ret=SUCCESS |  
2019-08-23 11:31:55,196 [grpc-default-executor-4] INFO  client.GrpcClientProtocolClient (GrpcClientProtocolClient.java:onNext(255)) - client-C9E345EC67ED->244f13ac-34be-4c4e-8e45-0c0272edbbb2: receive RaftClientReply:client-C9E345EC67ED->244f13ac-34be-4c4e-8e45-0c0272edbbb2@group-FE77C852EF02, cid=3575, SUCCESS, logIndex=5394, commits[244f13ac-34be-4c4e-8e45-0c0272edbbb2:c5394, 6287e41a-5356-4f55-84f2-270816d53e84:c5393, a2c18d3d-e79d-47c9-88fe-d8a1d195302b:c5393]
2019-08-23 11:31:55,197 | INFO  | DNAudit | user=null | ip=null | op=WRITE_CHUNK {blockData=conID: 1 locID: 102666070599271101 bcsId: 5389} | ret=SUCCESS |  
2019-08-23 11:31:55,197 | INFO  | DNAudit | user=null | ip=null | op=WRITE_CHUNK {blockData=conID: 1 locID: 102666070599271101 bcsId: 5389} | ret=SUCCESS |  
2019-08-23 11:31:55,198 | INFO  | DNAudit | user=null | ip=null | op=PUT_BLOCK {blockData=[blockId=conID: 1 locID: 102666070599271101 bcsId: 0,size=3145728]} | ret=SUCCESS |  
2019-08-23 11:31:55,198 | INFO  | DNAudit | user=null | ip=null | op=PUT_BLOCK {blockData=[blockId=conID: 1 locID: 102666070599271101 bcsId: 0,size=3145728]} | ret=SUCCESS |  
2019-08-23 11:31:55,198 | INFO  | DNAudit | user=null | ip=null | op=PUT_BLOCK {blockData=[blockId=conID: 1 locID: 102666070599271101 bcsId: 0,size=3145728]} | ret=SUCCESS |  
2019-08-23 11:31:55,198 [grpc-default-executor-4] INFO  client.GrpcClientProtocolClient (GrpcClientProtocolClient.java:onNext(255)) - client-C9E345EC67ED->244f13ac-34be-4c4e-8e45-0c0272edbbb2: receive RaftClientReply:client-C9E345EC67ED->244f13ac-34be-4c4e-8e45-0c0272edbbb2@group-FE77C852EF02, cid=3576, SUCCESS, logIndex=5395, commits[244f13ac-34be-4c4e-8e45-0c0272edbbb2:c5397, 6287e41a-5356-4f55-84f2-270816d53e84:c5395, a2c18d3d-e79d-47c9-88fe-d8a1d195302b:c5395]
2019-08-23 11:31:55,206 | INFO  | DNAudit | user=null | ip=null | op=WRITE_CHUNK {blockData=conID: 1 locID: 102666070599271101 bcsId: 5395} | ret=SUCCESS |  
2019-08-23 11:31:55,207 | INFO  | DNAudit | user=null | ip=null | op=WRITE_CHUNK {blockData=conID: 1 locID: 102666070599271101 bcsId: 5395} | ret=SUCCESS |  
2019-08-23 11:31:55,207 | INFO  | DNAudit | user=null | ip=null | op=WRITE_CHUNK {blockData=conID: 1 locID: 102666070599271101 bcsId: 5395} | ret=SUCCESS |  
2019-08-23 11:31:55,220 | INFO  | DNAudit | user=null | ip=null | op=WRITE_CHUNK {blockData=conID: 1 locID: 102666070599271101 bcsId: 5395} | ret=SUCCESS |  
2019-08-23 11:31:55,221 | INFO  | DNAudit | user=null | ip=null | op=PUT_BLOCK {blockData=[blockId=conID: 1 locID: 102666070599271101 bcsId: 0,size=4194304]} | ret=SUCCESS |  
2019-08-23 11:31:55,221 [grpc-default-executor-0] INFO  client.GrpcClientProtocolClient (GrpcClientProtocolClient.java:onNext(255)) - client-C9E345EC67ED->244f13ac-34be-4c4e-8e45-0c0272edbbb2: receive RaftClientReply:client-C9E345EC67ED->244f13ac-34be-4c4e-8e45-0c0272edbbb2@group-FE77C852EF02, cid=3577, SUCCESS, logIndex=5398, commits[244f13ac-34be-4c4e-8e45-0c0272edbbb2:c5399, 6287e41a-5356-4f55-84f2-270816d53e84:c5397, a2c18d3d-e79d-47c9-88fe-d8a1d195302b:c5397]
2019-08-23 11:31:55,221 | INFO  | DNAudit | user=null | ip=null | op=WRITE_CHUNK {blockData=conID: 1 locID: 102666070599271101 bcsId: 5395} | ret=SUCCESS |  
2019-08-23 11:31:55,221 [grpc-default-executor-0] INFO  client.GrpcClientProtocolClient (GrpcClientProtocolClient.java:onNext(255)) - client-C9E345EC67ED->244f13ac-34be-4c4e-8e45-0c0272edbbb2: receive RaftClientReply:client-C9E345EC67ED->244f13ac-34be-4c4e-8e45-0c0272edbbb2@group-FE77C852EF02, cid=3578, SUCCESS, logIndex=5399, commits[244f13ac-34be-4c4e-8e45-0c0272edbbb2:c5399, 6287e41a-5356-4f55-84f2-270816d53e84:c5397, a2c18d3d-e79d-47c9-88fe-d8a1d195302b:c5397]
2019-08-23 11:31:55,222 | INFO  | DNAudit | user=null | ip=null | op=WRITE_CHUNK {blockData=conID: 1 locID: 102666070599271101 bcsId: 5395} | ret=SUCCESS |  
2019-08-23 11:31:55,222 | INFO  | DNAudit | user=null | ip=null | op=PUT_BLOCK {blockData=[blockId=conID: 1 locID: 102666070599271101 bcsId: 0,size=4194304]} | ret=SUCCESS |  
2019-08-23 11:31:55,222 | INFO  | DNAudit | user=null | ip=null | op=PUT_BLOCK {blockData=[blockId=conID: 1 locID: 102666070599271101 bcsId: 0,size=4194304]} | ret=SUCCESS |  
2019-08-23 11:31:55,223 [grpc-default-executor-0] INFO  client.GrpcClientProtocolClient (GrpcClientProtocolClient.java:onNext(255)) - client-C9E345EC67ED->244f13ac-34be-4c4e-8e45-0c0272edbbb2: receive RaftClientReply:client-C9E345EC67ED->244f13ac-34be-4c4e-8e45-0c0272edbbb2@group-FE77C852EF02, cid=3579, SUCCESS, logIndex=0, commits[244f13ac-34be-4c4e-8e45-0c0272edbbb2:c5401, 6287e41a-5356-4f55-84f2-270816d53e84:c5399, a2c18d3d-e79d-47c9-88fe-d8a1d195302b:c5399]
2019-08-23 11:31:55,228 | INFO  | SCMAudit | user=jenkins1000 | ip=192.168.5.185 | op=ALLOCATE_BLOCK {owner=00a23185-76ea-47b5-a641-ad3cfbe5521a, size=4194304, type=RATIS, factor=THREE} | ret=SUCCESS |  
2019-08-23 11:31:55,232 | INFO  | OMAudit | user=jenkins1000 | ip=127.0.0.1 | op=ALLOCATE_BLOCK {volume=vol-0-37508, bucket=bucket-0-50919, key=key-0-57313, dataSize=0, replicationType=null, replicationFactor=null, keyLocationInfo=null, clientID=102666068570931602} | ret=SUCCESS |  
2019-08-23 11:31:55,238 | INFO  | DNAudit | user=null | ip=null | op=WRITE_CHUNK {blockData=conID: 2 locID: 102666070604382910 bcsId: 0} | ret=SUCCESS |  
2019-08-23 11:31:55,240 | INFO  | DNAudit | user=null | ip=null | op=WRITE_CHUNK {blockData=conID: 2 locID: 102666070604382910 bcsId: 0} | ret=SUCCESS |  
2019-08-23 11:31:55,240 | INFO  | DNAudit | user=null | ip=null | op=WRITE_CHUNK {blockData=conID: 2 locID: 102666070604382910 bcsId: 0} | ret=SUCCESS |  
2019-08-23 11:31:55,241 | INFO  | DNAudit | user=null | ip=null | op=WRITE_CHUNK {blockData=conID: 2 locID: 102666070604382910 bcsId: 0} | ret=SUCCESS |  
2019-08-23 11:31:55,242 | INFO  | DNAudit | user=null | ip=null | op=WRITE_CHUNK {blockData=conID: 2 locID: 102666070604382910 bcsId: 0} | ret=SUCCESS |  
2019-08-23 11:31:55,242 | INFO  | DNAudit | user=null | ip=null | op=WRITE_CHUNK {blockData=conID: 2 locID: 102666070604382910 bcsId: 0} | ret=SUCCESS |  
2019-08-23 11:31:55,248 | INFO  | DNAudit | user=null | ip=null | op=WRITE_CHUNK {blockData=conID: 2 locID: 102666070604382910 bcsId: 0} | ret=SUCCESS |  
2019-08-23 11:31:55,248 | INFO  | DNAudit | user=null | ip=null | op=PUT_BLOCK {blockData=[blockId=conID: 2 locID: 102666070604382910 bcsId: 0,size=1048576]} | ret=SUCCESS |  
2019-08-23 11:31:55,248 [grpc-default-executor-4] INFO  client.GrpcClientProtocolClient (GrpcClientProtocolClient.java:onNext(255)) - client-C9E345EC67ED->244f13ac-34be-4c4e-8e45-0c0272edbbb2: receive RaftClientReply:client-C9E345EC67ED->244f13ac-34be-4c4e-8e45-0c0272edbbb2@group-FE77C852EF02, cid=3580, SUCCESS, logIndex=5402, commits[244f13ac-34be-4c4e-8e45-0c0272edbbb2:c5403, 6287e41a-5356-4f55-84f2-270816d53e84:c5401, a2c18d3d-e79d-47c9-88fe-d8a1d195302b:c5401]
2019-08-23 11:31:55,249 | INFO  | DNAudit | user=null | ip=null | op=WRITE_CHUNK {blockData=conID: 2 locID: 102666070604382910 bcsId: 0} | ret=SUCCESS |  
2019-08-23 11:31:55,249 [grpc-default-executor-4] INFO  client.GrpcClientProtocolClient (GrpcClientProtocolClient.java:onNext(255)) - client-C9E345EC67ED->244f13ac-34be-4c4e-8e45-0c0272edbbb2: receive RaftClientReply:client-C9E345EC67ED->244f13ac-34be-4c4e-8e45-0c0272edbbb2@group-FE77C852EF02, cid=3581, SUCCESS, logIndex=5403, commits[244f13ac-34be-4c4e-8e45-0c0272edbbb2:c5403, 6287e41a-5356-4f55-84f2-270816d53e84:c5401, a2c18d3d-e79d-47c9-88fe-d8a1d195302b:c5401]
2019-08-23 11:31:55,249 | INFO  | DNAudit | user=null | ip=null | op=WRITE_CHUNK {blockData=conID: 2 locID: 102666070604382910 bcsId: 0} | ret=SUCCESS |  
2019-08-23 11:31:55,249 | INFO  | DNAudit | user=null | ip=null | op=PUT_BLOCK {blockData=[blockId=conID: 2 locID: 102666070604382910 bcsId: 0,size=1048576]} | ret=SUCCESS |  
2019-08-23 11:31:55,249 | INFO  | DNAudit | user=null | ip=null | op=PUT_BLOCK {blockData=[blockId=conID: 2 locID: 102666070604382910 bcsId: 0,size=2097152]} | ret=SUCCESS |  
2019-08-23 11:31:55,249 | INFO  | DNAudit | user=null | ip=null | op=WRITE_CHUNK {blockData=conID: 2 locID: 102666070604382910 bcsId: 0} | ret=SUCCESS |  
2019-08-23 11:31:55,250 | INFO  | DNAudit | user=null | ip=null | op=PUT_BLOCK {blockData=[blockId=conID: 2 locID: 102666070604382910 bcsId: 0,size=1048576]} | ret=SUCCESS |  
2019-08-23 11:31:55,250 [grpc-default-executor-4] INFO  client.GrpcClientProtocolClient (GrpcClientProtocolClient.java:onNext(255)) - client-C9E345EC67ED->244f13ac-34be-4c4e-8e45-0c0272edbbb2: receive RaftClientReply:client-C9E345EC67ED->244f13ac-34be-4c4e-8e45-0c0272edbbb2@group-FE77C852EF02, cid=3582, SUCCESS, logIndex=5404, commits[244f13ac-34be-4c4e-8e45-0c0272edbbb2:c5405, 6287e41a-5356-4f55-84f2-270816d53e84:c5401, a2c18d3d-e79d-47c9-88fe-d8a1d195302b:c5401]
2019-08-23 11:31:55,250 [grpc-default-executor-4] INFO  client.GrpcClientProtocolClient (GrpcClientProtocolClient.java:onNext(255)) - client-C9E345EC67ED->244f13ac-34be-4c4e-8e45-0c0272edbbb2: receive RaftClientReply:client-C9E345EC67ED->244f13ac-34be-4c4e-8e45-0c0272edbbb2@group-FE77C852EF02, cid=3583, SUCCESS, logIndex=5405, commits[244f13ac-34be-4c4e-8e45-0c0272edbbb2:c5405, 6287e41a-5356-4f55-84f2-270816d53e84:c5403, a2c18d3d-e79d-47c9-88fe-d8a1d195302b:c5402]
2019-08-23 11:31:55,251 [grpc-default-executor-4] INFO  client.GrpcClientProtocolClient (GrpcClientProtocolClient.java:onNext(255)) - client-C9E345EC67ED->244f13ac-34be-4c4e-8e45-0c0272edbbb2: receive RaftClientReply:client-C9E345EC67ED->244f13ac-34be-4c4e-8e45-0c0272edbbb2@group-FE77C852EF02, cid=3584, SUCCESS, logIndex=0, commits[244f13ac-34be-4c4e-8e45-0c0272edbbb2:c5407, 6287e41a-5356-4f55-84f2-270816d53e84:c5403, a2c18d3d-e79d-47c9-88fe-d8a1d195302b:c5403]
2019-08-23 11:31:55,256 | INFO  | DNAudit | user=null | ip=null | op=WRITE_CHUNK {blockData=conID: 2 locID: 102666070604382910 bcsId: 5405} | ret=SUCCESS |  
2019-08-23 11:31:55,257 | INFO  | DNAudit | user=null | ip=null | op=WRITE_CHUNK {blockData=conID: 2 locID: 102666070604382910 bcsId: 5405} | ret=SUCCESS |  
2019-08-23 11:31:55,258 | INFO  | DNAudit | user=null | ip=null | op=WRITE_CHUNK {blockData=conID: 2 locID: 102666070604382910 bcsId: 5405} | ret=SUCCESS |  
2019-08-23 11:31:55,269 | INFO  | DNAudit | user=null | ip=null | op=WRITE_CHUNK {blockData=conID: 2 locID: 102666070604382910 bcsId: 0} | ret=SUCCESS |  
2019-08-23 11:31:55,269 | INFO  | DNAudit | user=null | ip=null | op=WRITE_CHUNK {blockData=conID: 2 locID: 102666070604382910 bcsId: 5405} | ret=SUCCESS |  
2019-08-23 11:31:55,269 | INFO  | DNAudit | user=null | ip=null | op=WRITE_CHUNK {blockData=conID: 2 locID: 102666070604382910 bcsId: 0} | ret=SUCCESS |  
2019-08-23 11:31:55,269 | INFO  | DNAudit | user=null | ip=null | op=PUT_BLOCK {blockData=[blockId=conID: 2 locID: 102666070604382910 bcsId: 0,size=2097152]} | ret=SUCCESS |  
2019-08-23 11:31:55,269 | INFO  | DNAudit | user=null | ip=null | op=PUT_BLOCK {blockData=[blockId=conID: 2 locID: 102666070604382910 bcsId: 0,size=2097152]} | ret=SUCCESS |  
2019-08-23 11:31:55,269 | INFO  | DNAudit | user=null | ip=null | op=PUT_BLOCK {blockData=[blockId=conID: 2 locID: 102666070604382910 bcsId: 0,size=3145728]} | ret=SUCCESS |  
2019-08-23 11:31:55,270 [grpc-default-executor-0] INFO  client.GrpcClientProtocolClient (GrpcClientProtocolClient.java:onNext(255)) - client-C9E345EC67ED->244f13ac-34be-4c4e-8e45-0c0272edbbb2: receive RaftClientReply:client-C9E345EC67ED->244f13ac-34be-4c4e-8e45-0c0272edbbb2@group-FE77C852EF02, cid=3585, SUCCESS, logIndex=5410, commits[244f13ac-34be-4c4e-8e45-0c0272edbbb2:c5411, 6287e41a-5356-4f55-84f2-270816d53e84:c5409, a2c18d3d-e79d-47c9-88fe-d8a1d195302b:c5409]
2019-08-23 11:31:55,270 | INFO  | DNAudit | user=null | ip=null | op=WRITE_CHUNK {blockData=conID: 2 locID: 102666070604382910 bcsId: 5405} | ret=SUCCESS |  
2019-08-23 11:31:55,270 [grpc-default-executor-0] INFO  client.GrpcClientProtocolClient (GrpcClientProtocolClient.java:onNext(255)) - client-C9E345EC67ED->244f13ac-34be-4c4e-8e45-0c0272edbbb2: receive RaftClientReply:client-C9E345EC67ED->244f13ac-34be-4c4e-8e45-0c0272edbbb2@group-FE77C852EF02, cid=3586, SUCCESS, logIndex=5411, commits[244f13ac-34be-4c4e-8e45-0c0272edbbb2:c5411, 6287e41a-5356-4f55-84f2-270816d53e84:c5409, a2c18d3d-e79d-47c9-88fe-d8a1d195302b:c5409]
2019-08-23 11:31:55,270 | INFO  | DNAudit | user=null | ip=null | op=WRITE_CHUNK {blockData=conID: 2 locID: 102666070604382910 bcsId: 5405} | ret=SUCCESS |  
2019-08-23 11:31:55,274 | INFO  | DNAudit | user=null | ip=null | op=PUT_BLOCK {blockData=[blockId=conID: 2 locID: 102666070604382910 bcsId: 0,size=3145728]} | ret=SUCCESS |  
2019-08-23 11:31:55,274 | INFO  | DNAudit | user=null | ip=null | op=PUT_BLOCK {blockData=[blockId=conID: 2 locID: 102666070604382910 bcsId: 0,size=3145728]} | ret=SUCCESS |  
2019-08-23 11:31:55,276 | INFO  | DNAudit | user=null | ip=null | op=WRITE_CHUNK {blockData=conID: 2 locID: 102666070604382910 bcsId: 5411} | ret=SUCCESS |  
2019-08-23 11:31:55,277 | INFO  | DNAudit | user=null | ip=null | op=WRITE_CHUNK {blockData=conID: 2 locID: 102666070604382910 bcsId: 5411} | ret=SUCCESS |  
2019-08-23 11:31:55,277 | INFO  | DNAudit | user=null | ip=null | op=WRITE_CHUNK {blockData=conID: 2 locID: 102666070604382910 bcsId: 5411} | ret=SUCCESS |  
2019-08-23 11:31:55,286 | INFO  | DNAudit | user=null | ip=null | op=WRITE_CHUNK {blockData=conID: 2 locID: 102666070604382910 bcsId: 5411} | ret=SUCCESS |  
2019-08-23 11:31:55,286 | INFO  | DNAudit | user=null | ip=null | op=PUT_BLOCK {blockData=[blockId=conID: 2 locID: 102666070604382910 bcsId: 0,size=4194304]} | ret=SUCCESS |  
2019-08-23 11:31:55,286 [grpc-default-executor-4] INFO  client.GrpcClientProtocolClient (GrpcClientProtocolClient.java:onNext(255)) - client-C9E345EC67ED->244f13ac-34be-4c4e-8e45-0c0272edbbb2: receive RaftClientReply:client-C9E345EC67ED->244f13ac-34be-4c4e-8e45-0c0272edbbb2@group-FE77C852EF02, cid=3587, SUCCESS, logIndex=5414, commits[244f13ac-34be-4c4e-8e45-0c0272edbbb2:c5415, 6287e41a-5356-4f55-84f2-270816d53e84:c5413, a2c18d3d-e79d-47c9-88fe-d8a1d195302b:c5413]
2019-08-23 11:31:55,287 [grpc-default-executor-4] INFO  client.GrpcClientProtocolClient (GrpcClientProtocolClient.java:onNext(255)) - client-C9E345EC67ED->244f13ac-34be-4c4e-8e45-0c0272edbbb2: receive RaftClientReply:client-C9E345EC67ED->244f13ac-34be-4c4e-8e45-0c0272edbbb2@group-FE77C852EF02, cid=3588, SUCCESS, logIndex=5415, commits[244f13ac-34be-4c4e-8e45-0c0272edbbb2:c5415, 6287e41a-5356-4f55-84f2-270816d53e84:c5413, a2c18d3d-e79d-47c9-88fe-d8a1d195302b:c5413]
2019-08-23 11:31:55,287 | INFO  | DNAudit | user=null | ip=null | op=WRITE_CHUNK {blockData=conID: 2 locID: 102666070604382910 bcsId: 5411} | ret=SUCCESS |  
2019-08-23 11:31:55,287 | INFO  | DNAudit | user=null | ip=null | op=WRITE_CHUNK {blockData=conID: 2 locID: 102666070604382910 bcsId: 5411} | ret=SUCCESS |  
2019-08-23 11:31:55,287 | INFO  | DNAudit | user=null | ip=null | op=PUT_BLOCK {blockData=[blockId=conID: 2 locID: 102666070604382910 bcsId: 0,size=4194304]} | ret=SUCCESS |  
2019-08-23 11:31:55,287 | INFO  | DNAudit | user=null | ip=null | op=PUT_BLOCK {blockData=[blockId=conID: 2 locID: 102666070604382910 bcsId: 0,size=4194304]} | ret=SUCCESS |  
2019-08-23 11:31:55,287 [grpc-default-executor-4] INFO  client.GrpcClientProtocolClient (GrpcClientProtocolClient.java:onNext(255)) - client-C9E345EC67ED->244f13ac-34be-4c4e-8e45-0c0272edbbb2: receive RaftClientReply:client-C9E345EC67ED->244f13ac-34be-4c4e-8e45-0c0272edbbb2@group-FE77C852EF02, cid=3589, SUCCESS, logIndex=0, commits[244f13ac-34be-4c4e-8e45-0c0272edbbb2:c5416, 6287e41a-5356-4f55-84f2-270816d53e84:c5415, a2c18d3d-e79d-47c9-88fe-d8a1d195302b:c5415]
2019-08-23 11:31:55,293 | INFO  | SCMAudit | user=jenkins1000 | ip=192.168.5.185 | op=ALLOCATE_BLOCK {owner=00a23185-76ea-47b5-a641-ad3cfbe5521a, size=4194304, type=RATIS, factor=THREE} | ret=SUCCESS |  
2019-08-23 11:31:55,297 | INFO  | OMAudit | user=jenkins1000 | ip=127.0.0.1 | op=ALLOCATE_BLOCK {volume=vol-0-37508, bucket=bucket-0-50919, key=key-0-57313, dataSize=0, replicationType=null, replicationFactor=null, keyLocationInfo=null, clientID=102666068570931602} | ret=SUCCESS |  
2019-08-23 11:31:55,304 | INFO  | DNAudit | user=null | ip=null | op=WRITE_CHUNK {blockData=conID: 3 locID: 102666070608642751 bcsId: 0} | ret=SUCCESS |  
2019-08-23 11:31:55,306 | INFO  | DNAudit | user=null | ip=null | op=WRITE_CHUNK {blockData=conID: 3 locID: 102666070608642751 bcsId: 0} | ret=SUCCESS |  
2019-08-23 11:31:55,306 | INFO  | DNAudit | user=null | ip=null | op=WRITE_CHUNK {blockData=conID: 3 locID: 102666070608642751 bcsId: 0} | ret=SUCCESS |  
2019-08-23 11:31:55,306 | INFO  | DNAudit | user=null | ip=null | op=WRITE_CHUNK {blockData=conID: 3 locID: 102666070608642751 bcsId: 0} | ret=SUCCESS |  
2019-08-23 11:31:55,307 | INFO  | DNAudit | user=null | ip=null | op=WRITE_CHUNK {blockData=conID: 3 locID: 102666070608642751 bcsId: 0} | ret=SUCCESS |  
2019-08-23 11:31:55,307 | INFO  | DNAudit | user=null | ip=null | op=WRITE_CHUNK {blockData=conID: 3 locID: 102666070608642751 bcsId: 0} | ret=SUCCESS |  
2019-08-23 11:31:55,319 | INFO  | DNAudit | user=null | ip=null | op=WRITE_CHUNK {blockData=conID: 3 locID: 102666070608642751 bcsId: 0} | ret=SUCCESS |  
2019-08-23 11:31:55,319 | INFO  | DNAudit | user=null | ip=null | op=PUT_BLOCK {blockData=[blockId=conID: 3 locID: 102666070608642751 bcsId: 0,size=1048576]} | ret=SUCCESS |  
2019-08-23 11:31:55,320 | INFO  | DNAudit | user=null | ip=null | op=WRITE_CHUNK {blockData=conID: 3 locID: 102666070608642751 bcsId: 0} | ret=SUCCESS |  
2019-08-23 11:31:55,320 [grpc-default-executor-4] INFO  client.GrpcClientProtocolClient (GrpcClientProtocolClient.java:onNext(255)) - client-C9E345EC67ED->244f13ac-34be-4c4e-8e45-0c0272edbbb2: receive RaftClientReply:client-C9E345EC67ED->244f13ac-34be-4c4e-8e45-0c0272edbbb2@group-FE77C852EF02, cid=3590, SUCCESS, logIndex=5418, commits[244f13ac-34be-4c4e-8e45-0c0272edbbb2:c5419, 6287e41a-5356-4f55-84f2-270816d53e84:c5417, a2c18d3d-e79d-47c9-88fe-d8a1d195302b:c5417]
2019-08-23 11:31:55,320 | INFO  | DNAudit | user=null | ip=null | op=PUT_BLOCK {blockData=[blockId=conID: 3 locID: 102666070608642751 bcsId: 0,size=2097152]} | ret=SUCCESS |  
2019-08-23 11:31:55,320 [grpc-default-executor-4] INFO  client.GrpcClientProtocolClient (GrpcClientProtocolClient.java:onNext(255)) - client-C9E345EC67ED->244f13ac-34be-4c4e-8e45-0c0272edbbb2: receive RaftClientReply:client-C9E345EC67ED->244f13ac-34be-4c4e-8e45-0c0272edbbb2@group-FE77C852EF02, cid=3591, SUCCESS, logIndex=5419, commits[244f13ac-34be-4c4e-8e45-0c0272edbbb2:c5421, 6287e41a-5356-4f55-84f2-270816d53e84:c5417, a2c18d3d-e79d-47c9-88fe-d8a1d195302b:c5417]
2019-08-23 11:31:55,320 [grpc-default-executor-4] INFO  client.GrpcClientProtocolClient (GrpcClientProtocolClient.java:onNext(255)) - client-C9E345EC67ED->244f13ac-34be-4c4e-8e45-0c0272edbbb2: receive RaftClientReply:client-C9E345EC67ED->244f13ac-34be-4c4e-8e45-0c0272edbbb2@group-FE77C852EF02, cid=3592, SUCCESS, logIndex=5420, commits[244f13ac-34be-4c4e-8e45-0c0272edbbb2:c5421, 6287e41a-5356-4f55-84f2-270816d53e84:c5417, a2c18d3d-e79d-47c9-88fe-d8a1d195302b:c5417]
2019-08-23 11:31:55,320 [grpc-default-executor-4] INFO  client.GrpcClientProtocolClient (GrpcClientProtocolClient.java:onNext(255)) - client-C9E345EC67ED->244f13ac-34be-4c4e-8e45-0c0272edbbb2: receive RaftClientReply:client-C9E345EC67ED->244f13ac-34be-4c4e-8e45-0c0272edbbb2@group-FE77C852EF02, cid=3593, SUCCESS, logIndex=5421, commits[244f13ac-34be-4c4e-8e45-0c0272edbbb2:c5421, 6287e41a-5356-4f55-84f2-270816d53e84:c5417, a2c18d3d-e79d-47c9-88fe-d8a1d195302b:c5417]
2019-08-23 11:31:55,331 | INFO  | DNAudit | user=null | ip=null | op=WRITE_CHUNK {blockData=conID: 3 locID: 102666070608642751 bcsId: 0} | ret=SUCCESS |  
2019-08-23 11:31:55,331 | INFO  | DNAudit | user=null | ip=null | op=WRITE_CHUNK {blockData=conID: 3 locID: 102666070608642751 bcsId: 0} | ret=SUCCESS |  
2019-08-23 11:31:55,332 | INFO  | DNAudit | user=null | ip=null | op=PUT_BLOCK {blockData=[blockId=conID: 3 locID: 102666070608642751 bcsId: 0,size=1048576]} | ret=SUCCESS |  
2019-08-23 11:31:55,332 | INFO  | DNAudit | user=null | ip=null | op=PUT_BLOCK {blockData=[blockId=conID: 3 locID: 102666070608642751 bcsId: 0,size=1048576]} | ret=SUCCESS |  
2019-08-23 11:31:55,332 [grpc-default-executor-4] INFO  client.GrpcClientProtocolClient (GrpcClientProtocolClient.java:onNext(255)) - client-C9E345EC67ED->244f13ac-34be-4c4e-8e45-0c0272edbbb2: receive RaftClientReply:client-C9E345EC67ED->244f13ac-34be-4c4e-8e45-0c0272edbbb2@group-FE77C852EF02, cid=3594, SUCCESS, logIndex=0, commits[244f13ac-34be-4c4e-8e45-0c0272edbbb2:c5423, 6287e41a-5356-4f55-84f2-270816d53e84:c5419, a2c18d3d-e79d-47c9-88fe-d8a1d195302b:c5419]
2019-08-23 11:31:55,332 | INFO  | DNAudit | user=null | ip=null | op=WRITE_CHUNK {blockData=conID: 3 locID: 102666070608642751 bcsId: 0} | ret=SUCCESS |  
2019-08-23 11:31:55,332 | INFO  | DNAudit | user=null | ip=null | op=PUT_BLOCK {blockData=[blockId=conID: 3 locID: 102666070608642751 bcsId: 0,size=2097152]} | ret=SUCCESS |  
2019-08-23 11:31:55,333 | INFO  | DNAudit | user=null | ip=null | op=WRITE_CHUNK {blockData=conID: 3 locID: 102666070608642751 bcsId: 0} | ret=SUCCESS |  
2019-08-23 11:31:55,333 | INFO  | DNAudit | user=null | ip=null | op=PUT_BLOCK {blockData=[blockId=conID: 3 locID: 102666070608642751 bcsId: 0,size=2097152]} | ret=SUCCESS |  
2019-08-23 11:31:55,338 | INFO  | DNAudit | user=null | ip=null | op=WRITE_CHUNK {blockData=conID: 3 locID: 102666070608642751 bcsId: 5421} | ret=SUCCESS |  
2019-08-23 11:31:55,340 | INFO  | DNAudit | user=null | ip=null | op=WRITE_CHUNK {blockData=conID: 3 locID: 102666070608642751 bcsId: 5421} | ret=SUCCESS |  
2019-08-23 11:31:55,340 | INFO  | DNAudit | user=null | ip=null | op=WRITE_CHUNK {blockData=conID: 3 locID: 102666070608642751 bcsId: 5421} | ret=SUCCESS |  
2019-08-23 11:31:55,350 | INFO  | DNAudit | user=null | ip=null | op=WRITE_CHUNK {blockData=conID: 3 locID: 102666070608642751 bcsId: 5421} | ret=SUCCESS |  
2019-08-23 11:31:55,351 | INFO  | DNAudit | user=null | ip=null | op=PUT_BLOCK {blockData=[blockId=conID: 3 locID: 102666070608642751 bcsId: 0,size=3145728]} | ret=SUCCESS |  
2019-08-23 11:31:55,351 [grpc-default-executor-5] INFO  client.GrpcClientProtocolClient (GrpcClientProtocolClient.java:onNext(255)) - client-C9E345EC67ED->244f13ac-34be-4c4e-8e45-0c0272edbbb2: receive RaftClientReply:client-C9E345EC67ED->244f13ac-34be-4c4e-8e45-0c0272edbbb2@group-FE77C852EF02, cid=3595, SUCCESS, logIndex=5425, commits[244f13ac-34be-4c4e-8e45-0c0272edbbb2:c5426, 6287e41a-5356-4f55-84f2-270816d53e84:c5424, a2c18d3d-e79d-47c9-88fe-d8a1d195302b:c5424]
2019-08-23 11:31:55,351 [grpc-default-executor-5] INFO  client.GrpcClientProtocolClient (GrpcClientProtocolClient.java:onNext(255)) - client-C9E345EC67ED->244f13ac-34be-4c4e-8e45-0c0272edbbb2: receive RaftClientReply:client-C9E345EC67ED->244f13ac-34be-4c4e-8e45-0c0272edbbb2@group-FE77C852EF02, cid=3596, SUCCESS, logIndex=5426, commits[244f13ac-34be-4c4e-8e45-0c0272edbbb2:c5426, 6287e41a-5356-4f55-84f2-270816d53e84:c5424, a2c18d3d-e79d-47c9-88fe-d8a1d195302b:c5424]
2019-08-23 11:31:55,357 | INFO  | DNAudit | user=null | ip=null | op=WRITE_CHUNK {blockData=conID: 3 locID: 102666070608642751 bcsId: 5426} | ret=SUCCESS |  
2019-08-23 11:31:55,360 | INFO  | DNAudit | user=null | ip=null | op=WRITE_CHUNK {blockData=conID: 3 locID: 102666070608642751 bcsId: 5426} | ret=SUCCESS |  
2019-08-23 11:31:55,360 | INFO  | DNAudit | user=null | ip=null | op=WRITE_CHUNK {blockData=conID: 3 locID: 102666070608642751 bcsId: 5426} | ret=SUCCESS |  
2019-08-23 11:31:55,363 | INFO  | DNAudit | user=null | ip=null | op=WRITE_CHUNK {blockData=conID: 3 locID: 102666070608642751 bcsId: 5421} | ret=SUCCESS |  
2019-08-23 11:31:55,363 | INFO  | DNAudit | user=null | ip=null | op=WRITE_CHUNK {blockData=conID: 3 locID: 102666070608642751 bcsId: 5421} | ret=SUCCESS |  
2019-08-23 11:31:55,364 | INFO  | DNAudit | user=null | ip=null | op=PUT_BLOCK {blockData=[blockId=conID: 3 locID: 102666070608642751 bcsId: 0,size=3145728]} | ret=SUCCESS |  
2019-08-23 11:31:55,364 | INFO  | DNAudit | user=null | ip=null | op=PUT_BLOCK {blockData=[blockId=conID: 3 locID: 102666070608642751 bcsId: 0,size=3145728]} | ret=SUCCESS |  
2019-08-23 11:31:55,364 | INFO  | DNAudit | user=null | ip=null | op=WRITE_CHUNK {blockData=conID: 3 locID: 102666070608642751 bcsId: 5426} | ret=SUCCESS |  
2019-08-23 11:31:55,365 | INFO  | DNAudit | user=null | ip=null | op=PUT_BLOCK {blockData=[blockId=conID: 3 locID: 102666070608642751 bcsId: 0,size=4194304]} | ret=SUCCESS |  
2019-08-23 11:31:55,365 [grpc-default-executor-0] INFO  client.GrpcClientProtocolClient (GrpcClientProtocolClient.java:onNext(255)) - client-C9E345EC67ED->244f13ac-34be-4c4e-8e45-0c0272edbbb2: receive RaftClientReply:client-C9E345EC67ED->244f13ac-34be-4c4e-8e45-0c0272edbbb2@group-FE77C852EF02, cid=3597, SUCCESS, logIndex=5429, commits[244f13ac-34be-4c4e-8e45-0c0272edbbb2:c5429, 6287e41a-5356-4f55-84f2-270816d53e84:c5426, a2c18d3d-e79d-47c9-88fe-d8a1d195302b:c5426]
2019-08-23 11:31:55,365 [grpc-default-executor-0] INFO  client.GrpcClientProtocolClient (GrpcClientProtocolClient.java:onNext(255)) - client-C9E345EC67ED->244f13ac-34be-4c4e-8e45-0c0272edbbb2: receive RaftClientReply:client-C9E345EC67ED->244f13ac-34be-4c4e-8e45-0c0272edbbb2@group-FE77C852EF02, cid=3598, SUCCESS, logIndex=5430, commits[244f13ac-34be-4c4e-8e45-0c0272edbbb2:c5430, 6287e41a-5356-4f55-84f2-270816d53e84:c5426, a2c18d3d-e79d-47c9-88fe-d8a1d195302b:c5426]
2019-08-23 11:31:55,376 | INFO  | DNAudit | user=null | ip=null | op=WRITE_CHUNK {blockData=conID: 3 locID: 102666070608642751 bcsId: 5426} | ret=SUCCESS |  
2019-08-23 11:31:55,376 | INFO  | DNAudit | user=null | ip=null | op=WRITE_CHUNK {blockData=conID: 3 locID: 102666070608642751 bcsId: 5426} | ret=SUCCESS |  
2019-08-23 11:31:55,377 | INFO  | DNAudit | user=null | ip=null | op=PUT_BLOCK {blockData=[blockId=conID: 3 locID: 102666070608642751 bcsId: 0,size=4194304]} | ret=SUCCESS |  
2019-08-23 11:31:55,377 | INFO  | DNAudit | user=null | ip=null | op=PUT_BLOCK {blockData=[blockId=conID: 3 locID: 102666070608642751 bcsId: 0,size=4194304]} | ret=SUCCESS |  
2019-08-23 11:31:55,377 [grpc-default-executor-4] INFO  client.GrpcClientProtocolClient (GrpcClientProtocolClient.java:onNext(255)) - client-C9E345EC67ED->244f13ac-34be-4c4e-8e45-0c0272edbbb2: receive RaftClientReply:client-C9E345EC67ED->244f13ac-34be-4c4e-8e45-0c0272edbbb2@group-FE77C852EF02, cid=3599, SUCCESS, logIndex=0, commits[244f13ac-34be-4c4e-8e45-0c0272edbbb2:c5432, 6287e41a-5356-4f55-84f2-270816d53e84:c5430, a2c18d3d-e79d-47c9-88fe-d8a1d195302b:c5430]
2019-08-23 11:31:55,383 | INFO  | SCMAudit | user=jenkins1000 | ip=192.168.5.185 | op=ALLOCATE_BLOCK {owner=00a23185-76ea-47b5-a641-ad3cfbe5521a, size=4194304, type=RATIS, factor=THREE} | ret=SUCCESS |  
2019-08-23 11:31:55,386 | INFO  | OMAudit | user=jenkins1000 | ip=127.0.0.1 | op=ALLOCATE_BLOCK {volume=vol-0-37508, bucket=bucket-0-50919, key=key-0-57313, dataSize=0, replicationType=null, replicationFactor=null, keyLocationInfo=null, clientID=102666068570931602} | ret=SUCCESS |  
2019-08-23 11:31:55,393 | INFO  | DNAudit | user=null | ip=null | op=WRITE_CHUNK {blockData=conID: 1 locID: 102666070614540992 bcsId: 0} | ret=SUCCESS |  
2019-08-23 11:31:55,394 | INFO  | DNAudit | user=null | ip=null | op=WRITE_CHUNK {blockData=conID: 1 locID: 102666070614540992 bcsId: 0} | ret=SUCCESS |  
2019-08-23 11:31:55,396 | INFO  | DNAudit | user=null | ip=null | op=WRITE_CHUNK {blockData=conID: 1 locID: 102666070614540992 bcsId: 0} | ret=SUCCESS |  
2019-08-23 11:31:55,396 | INFO  | DNAudit | user=null | ip=null | op=WRITE_CHUNK {blockData=conID: 1 locID: 102666070614540992 bcsId: 0} | ret=SUCCESS |  
2019-08-23 11:31:55,396 | INFO  | DNAudit | user=null | ip=null | op=WRITE_CHUNK {blockData=conID: 1 locID: 102666070614540992 bcsId: 0} | ret=SUCCESS |  
2019-08-23 11:31:55,397 | INFO  | DNAudit | user=null | ip=null | op=WRITE_CHUNK {blockData=conID: 1 locID: 102666070614540992 bcsId: 0} | ret=SUCCESS |  
2019-08-23 11:31:55,406 | INFO  | DNAudit | user=null | ip=null | op=WRITE_CHUNK {blockData=conID: 1 locID: 102666070614540992 bcsId: 0} | ret=SUCCESS |  
2019-08-23 11:31:55,407 | INFO  | DNAudit | user=null | ip=null | op=PUT_BLOCK {blockData=[blockId=conID: 1 locID: 102666070614540992 bcsId: 0,size=1048576]} | ret=SUCCESS |  
2019-08-23 11:31:55,407 | INFO  | DNAudit | user=null | ip=null | op=WRITE_CHUNK {blockData=conID: 1 locID: 102666070614540992 bcsId: 0} | ret=SUCCESS |  
2019-08-23 11:31:55,407 [grpc-default-executor-0] INFO  client.GrpcClientProtocolClient (GrpcClientProtocolClient.java:onNext(255)) - client-C9E345EC67ED->244f13ac-34be-4c4e-8e45-0c0272edbbb2: receive RaftClientReply:client-C9E345EC67ED->244f13ac-34be-4c4e-8e45-0c0272edbbb2@group-FE77C852EF02, cid=3600, SUCCESS, logIndex=5433, commits[244f13ac-34be-4c4e-8e45-0c0272edbbb2:c5434, 6287e41a-5356-4f55-84f2-270816d53e84:c5432, a2c18d3d-e79d-47c9-88fe-d8a1d195302b:c5432]
2019-08-23 11:31:55,407 | INFO  | DNAudit | user=null | ip=null | op=PUT_BLOCK {blockData=[blockId=conID: 1 locID: 102666070614540992 bcsId: 0,size=2097152]} | ret=SUCCESS |  
2019-08-23 11:31:55,407 [grpc-default-executor-0] INFO  client.GrpcClientProtocolClient (GrpcClientProtocolClient.java:onNext(255)) - client-C9E345EC67ED->244f13ac-34be-4c4e-8e45-0c0272edbbb2: receive RaftClientReply:client-C9E345EC67ED->244f13ac-34be-4c4e-8e45-0c0272edbbb2@group-FE77C852EF02, cid=3601, SUCCESS, logIndex=5434, commits[244f13ac-34be-4c4e-8e45-0c0272edbbb2:c5436, 6287e41a-5356-4f55-84f2-270816d53e84:c5432, a2c18d3d-e79d-47c9-88fe-d8a1d195302b:c5432]
2019-08-23 11:31:55,408 [grpc-default-executor-0] INFO  client.GrpcClientProtocolClient (GrpcClientProtocolClient.java:onNext(255)) - client-C9E345EC67ED->244f13ac-34be-4c4e-8e45-0c0272edbbb2: receive RaftClientReply:client-C9E345EC67ED->244f13ac-34be-4c4e-8e45-0c0272edbbb2@group-FE77C852EF02, cid=3602, SUCCESS, logIndex=5435, commits[244f13ac-34be-4c4e-8e45-0c0272edbbb2:c5436, 6287e41a-5356-4f55-84f2-270816d53e84:c5432, a2c18d3d-e79d-47c9-88fe-d8a1d195302b:c5432]
2019-08-23 11:31:55,408 | INFO  | DNAudit | user=null | ip=null | op=WRITE_CHUNK {blockData=conID: 1 locID: 102666070614540992 bcsId: 0} | ret=SUCCESS |  
2019-08-23 11:31:55,408 [grpc-default-executor-0] INFO  client.GrpcClientProtocolClient (GrpcClientProtocolClient.java:onNext(255)) - client-C9E345EC67ED->244f13ac-34be-4c4e-8e45-0c0272edbbb2: receive RaftClientReply:client-C9E345EC67ED->244f13ac-34be-4c4e-8e45-0c0272edbbb2@group-FE77C852EF02, cid=3603, SUCCESS, logIndex=5436, commits[244f13ac-34be-4c4e-8e45-0c0272edbbb2:c5436, 6287e41a-5356-4f55-84f2-270816d53e84:c5432, a2c18d3d-e79d-47c9-88fe-d8a1d195302b:c5432]
2019-08-23 11:31:55,408 | INFO  | DNAudit | user=null | ip=null | op=PUT_BLOCK {blockData=[blockId=conID: 1 locID: 102666070614540992 bcsId: 0,size=1048576]} | ret=SUCCESS |  
2019-08-23 11:31:55,408 | INFO  | DNAudit | user=null | ip=null | op=WRITE_CHUNK {blockData=conID: 1 locID: 102666070614540992 bcsId: 0} | ret=SUCCESS |  
2019-08-23 11:31:55,409 | INFO  | DNAudit | user=null | ip=null | op=PUT_BLOCK {blockData=[blockId=conID: 1 locID: 102666070614540992 bcsId: 0,size=1048576]} | ret=SUCCESS |  
2019-08-23 11:31:55,409 | INFO  | DNAudit | user=null | ip=null | op=WRITE_CHUNK {blockData=conID: 1 locID: 102666070614540992 bcsId: 0} | ret=SUCCESS |  
2019-08-23 11:31:55,409 | INFO  | DNAudit | user=null | ip=null | op=PUT_BLOCK {blockData=[blockId=conID: 1 locID: 102666070614540992 bcsId: 0,size=2097152]} | ret=SUCCESS |  
2019-08-23 11:31:55,409 [grpc-default-executor-0] INFO  client.GrpcClientProtocolClient (GrpcClientProtocolClient.java:onNext(255)) - client-C9E345EC67ED->244f13ac-34be-4c4e-8e45-0c0272edbbb2: receive RaftClientReply:client-C9E345EC67ED->244f13ac-34be-4c4e-8e45-0c0272edbbb2@group-FE77C852EF02, cid=3604, SUCCESS, logIndex=0, commits[244f13ac-34be-4c4e-8e45-0c0272edbbb2:c5437, 6287e41a-5356-4f55-84f2-270816d53e84:c5434, a2c18d3d-e79d-47c9-88fe-d8a1d195302b:c5434]
2019-08-23 11:31:55,409 | INFO  | DNAudit | user=null | ip=null | op=WRITE_CHUNK {blockData=conID: 1 locID: 102666070614540992 bcsId: 0} | ret=SUCCESS |  
2019-08-23 11:31:55,409 | INFO  | DNAudit | user=null | ip=null | op=PUT_BLOCK {blockData=[blockId=conID: 1 locID: 102666070614540992 bcsId: 0,size=2097152]} | ret=SUCCESS |  
2019-08-23 11:31:55,414 | INFO  | DNAudit | user=null | ip=null | op=WRITE_CHUNK {blockData=conID: 1 locID: 102666070614540992 bcsId: 5436} | ret=SUCCESS |  
2019-08-23 11:31:55,417 | INFO  | DNAudit | user=null | ip=null | op=WRITE_CHUNK {blockData=conID: 1 locID: 102666070614540992 bcsId: 5436} | ret=SUCCESS |  
2019-08-23 11:31:55,417 | INFO  | DNAudit | user=null | ip=null | op=WRITE_CHUNK {blockData=conID: 1 locID: 102666070614540992 bcsId: 5436} | ret=SUCCESS |  
2019-08-23 11:31:55,429 | INFO  | DNAudit | user=null | ip=null | op=WRITE_CHUNK {blockData=conID: 1 locID: 102666070614540992 bcsId: 5436} | ret=SUCCESS |  
2019-08-23 11:31:55,430 | INFO  | DNAudit | user=null | ip=null | op=PUT_BLOCK {blockData=[blockId=conID: 1 locID: 102666070614540992 bcsId: 0,size=3145728]} | ret=SUCCESS |  
2019-08-23 11:31:55,430 [grpc-default-executor-0] INFO  client.GrpcClientProtocolClient (GrpcClientProtocolClient.java:onNext(255)) - client-C9E345EC67ED->244f13ac-34be-4c4e-8e45-0c0272edbbb2: receive RaftClientReply:client-C9E345EC67ED->244f13ac-34be-4c4e-8e45-0c0272edbbb2@group-FE77C852EF02, cid=3605, SUCCESS, logIndex=5440, commits[244f13ac-34be-4c4e-8e45-0c0272edbbb2:c5441, 6287e41a-5356-4f55-84f2-270816d53e84:c5439, a2c18d3d-e79d-47c9-88fe-d8a1d195302b:c5439]
2019-08-23 11:31:55,430 [grpc-default-executor-0] INFO  client.GrpcClientProtocolClient (GrpcClientProtocolClient.java:onNext(255)) - client-C9E345EC67ED->244f13ac-34be-4c4e-8e45-0c0272edbbb2: receive RaftClientReply:client-C9E345EC67ED->244f13ac-34be-4c4e-8e45-0c0272edbbb2@group-FE77C852EF02, cid=3606, SUCCESS, logIndex=5441, commits[244f13ac-34be-4c4e-8e45-0c0272edbbb2:c5441, 6287e41a-5356-4f55-84f2-270816d53e84:c5439, a2c18d3d-e79d-47c9-88fe-d8a1d195302b:c5439]
2019-08-23 11:31:55,436 | INFO  | DNAudit | user=null | ip=null | op=WRITE_CHUNK {blockData=conID: 1 locID: 102666070614540992 bcsId: 5441} | ret=SUCCESS |  
2019-08-23 11:31:55,437 | INFO  | DNAudit | user=null | ip=null | op=WRITE_CHUNK {blockData=conID: 1 locID: 102666070614540992 bcsId: 5441} | ret=SUCCESS |  
2019-08-23 11:31:55,438 | INFO  | DNAudit | user=null | ip=null | op=WRITE_CHUNK {blockData=conID: 1 locID: 102666070614540992 bcsId: 5441} | ret=SUCCESS |  
2019-08-23 11:31:55,439 | INFO  | DNAudit | user=null | ip=null | op=WRITE_CHUNK {blockData=conID: 1 locID: 102666070614540992 bcsId: 5436} | ret=SUCCESS |  
2019-08-23 11:31:55,439 | INFO  | DNAudit | user=null | ip=null | op=WRITE_CHUNK {blockData=conID: 1 locID: 102666070614540992 bcsId: 5436} | ret=SUCCESS |  
2019-08-23 11:31:55,441 | INFO  | DNAudit | user=null | ip=null | op=PUT_BLOCK {blockData=[blockId=conID: 1 locID: 102666070614540992 bcsId: 0,size=3145728]} | ret=SUCCESS |  
2019-08-23 11:31:55,441 | INFO  | DNAudit | user=null | ip=null | op=PUT_BLOCK {blockData=[blockId=conID: 1 locID: 102666070614540992 bcsId: 0,size=3145728]} | ret=SUCCESS |  
2019-08-23 11:31:55,442 | INFO  | DNAudit | user=null | ip=null | op=WRITE_CHUNK {blockData=conID: 1 locID: 102666070614540992 bcsId: 5441} | ret=SUCCESS |  
2019-08-23 11:31:55,442 | INFO  | DNAudit | user=null | ip=null | op=PUT_BLOCK {blockData=[blockId=conID: 1 locID: 102666070614540992 bcsId: 0,size=4194304]} | ret=SUCCESS |  
2019-08-23 11:31:55,442 [grpc-default-executor-5] INFO  client.GrpcClientProtocolClient (GrpcClientProtocolClient.java:onNext(255)) - client-C9E345EC67ED->244f13ac-34be-4c4e-8e45-0c0272edbbb2: receive RaftClientReply:client-C9E345EC67ED->244f13ac-34be-4c4e-8e45-0c0272edbbb2@group-FE77C852EF02, cid=3607, SUCCESS, logIndex=5444, commits[244f13ac-34be-4c4e-8e45-0c0272edbbb2:c5445, 6287e41a-5356-4f55-84f2-270816d53e84:c5441, a2c18d3d-e79d-47c9-88fe-d8a1d195302b:c5441]
2019-08-23 11:31:55,442 [grpc-default-executor-5] INFO  client.GrpcClientProtocolClient (GrpcClientProtocolClient.java:onNext(255)) - client-C9E345EC67ED->244f13ac-34be-4c4e-8e45-0c0272edbbb2: receive RaftClientReply:client-C9E345EC67ED->244f13ac-34be-4c4e-8e45-0c0272edbbb2@group-FE77C852EF02, cid=3608, SUCCESS, logIndex=5445, commits[244f13ac-34be-4c4e-8e45-0c0272edbbb2:c5445, 6287e41a-5356-4f55-84f2-270816d53e84:c5441, a2c18d3d-e79d-47c9-88fe-d8a1d195302b:c5441]
2019-08-23 11:31:55,460 | INFO  | DNAudit | user=null | ip=null | op=WRITE_CHUNK {blockData=conID: 1 locID: 102666070614540992 bcsId: 5441} | ret=SUCCESS |  
2019-08-23 11:31:55,460 | INFO  | DNAudit | user=null | ip=null | op=WRITE_CHUNK {blockData=conID: 1 locID: 102666070614540992 bcsId: 5441} | ret=SUCCESS |  
2019-08-23 11:31:55,461 | INFO  | DNAudit | user=null | ip=null | op=PUT_BLOCK {blockData=[blockId=conID: 1 locID: 102666070614540992 bcsId: 0,size=4194304]} | ret=SUCCESS |  
2019-08-23 11:31:55,461 | INFO  | DNAudit | user=null | ip=null | op=PUT_BLOCK {blockData=[blockId=conID: 1 locID: 102666070614540992 bcsId: 0,size=4194304]} | ret=SUCCESS |  
2019-08-23 11:31:55,461 [grpc-default-executor-4] INFO  client.GrpcClientProtocolClient (GrpcClientProtocolClient.java:onNext(255)) - client-C9E345EC67ED->244f13ac-34be-4c4e-8e45-0c0272edbbb2: receive RaftClientReply:client-C9E345EC67ED->244f13ac-34be-4c4e-8e45-0c0272edbbb2@group-FE77C852EF02, cid=3609, SUCCESS, logIndex=0, commits[244f13ac-34be-4c4e-8e45-0c0272edbbb2:c5446, 6287e41a-5356-4f55-84f2-270816d53e84:c5445, a2c18d3d-e79d-47c9-88fe-d8a1d195302b:c5445]
2019-08-23 11:31:55,467 | INFO  | SCMAudit | user=jenkins1000 | ip=192.168.5.185 | op=ALLOCATE_BLOCK {owner=00a23185-76ea-47b5-a641-ad3cfbe5521a, size=4194304, type=RATIS, factor=THREE} | ret=SUCCESS |  
2019-08-23 11:31:55,467 | INFO  | SCMAudit | user=jenkins1000 | ip=192.168.5.185 | op=SEND_HEARTBEAT {datanodeUUID=6287e41a-5356-4f55-84f2-270816d53e84, command=[]} | ret=SUCCESS |  
2019-08-23 11:31:55,467 | INFO  | SCMAudit | user=jenkins1000 | ip=192.168.5.185 | op=SEND_HEARTBEAT {datanodeUUID=b2c34899-c5c3-4720-9d95-984efeabf4a7, command=[]} | ret=SUCCESS |  
2019-08-23 11:31:55,467 | INFO  | SCMAudit | user=jenkins1000 | ip=192.168.5.185 | op=SEND_HEARTBEAT {datanodeUUID=0d166765-8492-4439-8677-f737a7bc54ca, command=[]} | ret=SUCCESS |  
2019-08-23 11:31:55,469 | INFO  | SCMAudit | user=jenkins1000 | ip=192.168.5.185 | op=SEND_HEARTBEAT {datanodeUUID=a2c18d3d-e79d-47c9-88fe-d8a1d195302b, command=[]} | ret=SUCCESS |  
2019-08-23 11:31:55,471 | INFO  | SCMAudit | user=jenkins1000 | ip=192.168.5.185 | op=SEND_HEARTBEAT {datanodeUUID=244f13ac-34be-4c4e-8e45-0c0272edbbb2, command=[]} | ret=SUCCESS |  
2019-08-23 11:31:55,471 | INFO  | OMAudit | user=jenkins1000 | ip=127.0.0.1 | op=ALLOCATE_BLOCK {volume=vol-0-37508, bucket=bucket-0-50919, key=key-0-57313, dataSize=0, replicationType=null, replicationFactor=null, keyLocationInfo=null, clientID=102666068570931602} | ret=SUCCESS |  
 0.00% |█                                                                                                    |  0/1 Time: 0:00:312019-08-23 11:31:55,476 | INFO  | DNAudit | user=null | ip=null | op=WRITE_CHUNK {blockData=conID: 2 locID: 102666070620046017 bcsId: 0} | ret=SUCCESS |  
2019-08-23 11:31:55,479 | INFO  | DNAudit | user=null | ip=null | op=WRITE_CHUNK {blockData=conID: 2 locID: 102666070620046017 bcsId: 0} | ret=SUCCESS |  
2019-08-23 11:31:55,479 | INFO  | DNAudit | user=null | ip=null | op=WRITE_CHUNK {blockData=conID: 2 locID: 102666070620046017 bcsId: 0} | ret=SUCCESS |  
2019-08-23 11:31:55,479 | INFO  | DNAudit | user=null | ip=null | op=WRITE_CHUNK {blockData=conID: 2 locID: 102666070620046017 bcsId: 0} | ret=SUCCESS |  
2019-08-23 11:31:55,481 | INFO  | DNAudit | user=null | ip=null | op=WRITE_CHUNK {blockData=conID: 2 locID: 102666070620046017 bcsId: 0} | ret=SUCCESS |  
2019-08-23 11:31:55,481 | INFO  | DNAudit | user=null | ip=null | op=WRITE_CHUNK {blockData=conID: 2 locID: 102666070620046017 bcsId: 0} | ret=SUCCESS |  
2019-08-23 11:31:55,505 | INFO  | DNAudit | user=null | ip=null | op=WRITE_CHUNK {blockData=conID: 2 locID: 102666070620046017 bcsId: 0} | ret=SUCCESS |  
2019-08-23 11:31:55,505 | INFO  | DNAudit | user=null | ip=null | op=PUT_BLOCK {blockData=[blockId=conID: 2 locID: 102666070620046017 bcsId: 0,size=1048576]} | ret=SUCCESS |  
2019-08-23 11:31:55,506 [grpc-default-executor-5] INFO  client.GrpcClientProtocolClient (GrpcClientProtocolClient.java:onNext(255)) - client-C9E345EC67ED->244f13ac-34be-4c4e-8e45-0c0272edbbb2: receive RaftClientReply:client-C9E345EC67ED->244f13ac-34be-4c4e-8e45-0c0272edbbb2@group-FE77C852EF02, cid=3610, SUCCESS, logIndex=5448, commits[244f13ac-34be-4c4e-8e45-0c0272edbbb2:c5449, 6287e41a-5356-4f55-84f2-270816d53e84:c5447, a2c18d3d-e79d-47c9-88fe-d8a1d195302b:c5447]
2019-08-23 11:31:55,506 [grpc-default-executor-5] INFO  client.GrpcClientProtocolClient (GrpcClientProtocolClient.java:onNext(255)) - client-C9E345EC67ED->244f13ac-34be-4c4e-8e45-0c0272edbbb2: receive RaftClientReply:client-C9E345EC67ED->244f13ac-34be-4c4e-8e45-0c0272edbbb2@group-FE77C852EF02, cid=3611, SUCCESS, logIndex=5449, commits[244f13ac-34be-4c4e-8e45-0c0272edbbb2:c5449, 6287e41a-5356-4f55-84f2-270816d53e84:c5447, a2c18d3d-e79d-47c9-88fe-d8a1d195302b:c5447]
2019-08-23 11:31:55,515 | INFO  | DNAudit | user=null | ip=null | op=WRITE_CHUNK {blockData=conID: 2 locID: 102666070620046017 bcsId: 0} | ret=SUCCESS |  
2019-08-23 11:31:55,515 | INFO  | DNAudit | user=null | ip=null | op=PUT_BLOCK {blockData=[blockId=conID: 2 locID: 102666070620046017 bcsId: 0,size=2097152]} | ret=SUCCESS |  
2019-08-23 11:31:55,516 [grpc-default-executor-5] INFO  client.GrpcClientProtocolClient (GrpcClientProtocolClient.java:onNext(255)) - client-C9E345EC67ED->244f13ac-34be-4c4e-8e45-0c0272edbbb2: receive RaftClientReply:client-C9E345EC67ED->244f13ac-34be-4c4e-8e45-0c0272edbbb2@group-FE77C852EF02, cid=3612, SUCCESS, logIndex=5450, commits[244f13ac-34be-4c4e-8e45-0c0272edbbb2:c5451, 6287e41a-5356-4f55-84f2-270816d53e84:c5447, a2c18d3d-e79d-47c9-88fe-d8a1d195302b:c5447]
2019-08-23 11:31:55,516 | INFO  | DNAudit | user=null | ip=null | op=WRITE_CHUNK {blockData=conID: 2 locID: 102666070620046017 bcsId: 0} | ret=SUCCESS |  
2019-08-23 11:31:55,516 [grpc-default-executor-0] INFO  client.GrpcClientProtocolClient (GrpcClientProtocolClient.java:onNext(255)) - client-C9E345EC67ED->244f13ac-34be-4c4e-8e45-0c0272edbbb2: receive RaftClientReply:client-C9E345EC67ED->244f13ac-34be-4c4e-8e45-0c0272edbbb2@group-FE77C852EF02, cid=3613, SUCCESS, logIndex=5451, commits[244f13ac-34be-4c4e-8e45-0c0272edbbb2:c5451, 6287e41a-5356-4f55-84f2-270816d53e84:c5447, a2c18d3d-e79d-47c9-88fe-d8a1d195302b:c5447]
2019-08-23 11:31:55,516 | INFO  | DNAudit | user=null | ip=null | op=WRITE_CHUNK {blockData=conID: 2 locID: 102666070620046017 bcsId: 0} | ret=SUCCESS |  
2019-08-23 11:31:55,517 | INFO  | DNAudit | user=null | ip=null | op=PUT_BLOCK {blockData=[blockId=conID: 2 locID: 102666070620046017 bcsId: 0,size=1048576]} | ret=SUCCESS |  
2019-08-23 11:31:55,517 | INFO  | DNAudit | user=null | ip=null | op=PUT_BLOCK {blockData=[blockId=conID: 2 locID: 102666070620046017 bcsId: 0,size=1048576]} | ret=SUCCESS |  
2019-08-23 11:31:55,517 [grpc-default-executor-5] INFO  client.GrpcClientProtocolClient (GrpcClientProtocolClient.java:onNext(255)) - client-C9E345EC67ED->244f13ac-34be-4c4e-8e45-0c0272edbbb2: receive RaftClientReply:client-C9E345EC67ED->244f13ac-34be-4c4e-8e45-0c0272edbbb2@group-FE77C852EF02, cid=3614, SUCCESS, logIndex=0, commits[244f13ac-34be-4c4e-8e45-0c0272edbbb2:c5453, 6287e41a-5356-4f55-84f2-270816d53e84:c5449, a2c18d3d-e79d-47c9-88fe-d8a1d195302b:c5449]
2019-08-23 11:31:55,525 | INFO  | DNAudit | user=null | ip=null | op=WRITE_CHUNK {blockData=conID: 2 locID: 102666070620046017 bcsId: 5451} | ret=SUCCESS |  
2019-08-23 11:31:55,527 | INFO  | DNAudit | user=null | ip=null | op=WRITE_CHUNK {blockData=conID: 2 locID: 102666070620046017 bcsId: 5451} | ret=SUCCESS |  
2019-08-23 11:31:55,528 | INFO  | DNAudit | user=null | ip=null | op=WRITE_CHUNK {blockData=conID: 2 locID: 102666070620046017 bcsId: 5451} | ret=SUCCESS |  
2019-08-23 11:31:55,537 | INFO  | DNAudit | user=null | ip=null | op=WRITE_CHUNK {blockData=conID: 2 locID: 102666070620046017 bcsId: 0} | ret=SUCCESS |  
2019-08-23 11:31:55,537 | INFO  | DNAudit | user=null | ip=null | op=WRITE_CHUNK {blockData=conID: 2 locID: 102666070620046017 bcsId: 0} | ret=SUCCESS |  
2019-08-23 11:31:55,537 | INFO  | DNAudit | user=null | ip=null | op=WRITE_CHUNK {blockData=conID: 2 locID: 102666070620046017 bcsId: 5451} | ret=SUCCESS |  
2019-08-23 11:31:55,537 | INFO  | DNAudit | user=null | ip=null | op=PUT_BLOCK {blockData=[blockId=conID: 2 locID: 102666070620046017 bcsId: 0,size=2097152]} | ret=SUCCESS |  
2019-08-23 11:31:55,537 | INFO  | DNAudit | user=null | ip=null | op=PUT_BLOCK {blockData=[blockId=conID: 2 locID: 102666070620046017 bcsId: 0,size=2097152]} | ret=SUCCESS |  
2019-08-23 11:31:55,537 | INFO  | DNAudit | user=null | ip=null | op=PUT_BLOCK {blockData=[blockId=conID: 2 locID: 102666070620046017 bcsId: 0,size=3145728]} | ret=SUCCESS |  
2019-08-23 11:31:55,537 [grpc-default-executor-0] INFO  client.GrpcClientProtocolClient (GrpcClientProtocolClient.java:onNext(255)) - client-C9E345EC67ED->244f13ac-34be-4c4e-8e45-0c0272edbbb2: receive RaftClientReply:client-C9E345EC67ED->244f13ac-34be-4c4e-8e45-0c0272edbbb2@group-FE77C852EF02, cid=3615, SUCCESS, logIndex=5456, commits[244f13ac-34be-4c4e-8e45-0c0272edbbb2:c5457, 6287e41a-5356-4f55-84f2-270816d53e84:c5455, a2c18d3d-e79d-47c9-88fe-d8a1d195302b:c5455]
2019-08-23 11:31:55,538 [grpc-default-executor-0] INFO  client.GrpcClientProtocolClient (GrpcClientProtocolClient.java:onNext(255)) - client-C9E345EC67ED->244f13ac-34be-4c4e-8e45-0c0272edbbb2: receive RaftClientReply:client-C9E345EC67ED->244f13ac-34be-4c4e-8e45-0c0272edbbb2@group-FE77C852EF02, cid=3616, SUCCESS, logIndex=5457, commits[244f13ac-34be-4c4e-8e45-0c0272edbbb2:c5457, 6287e41a-5356-4f55-84f2-270816d53e84:c5455, a2c18d3d-e79d-47c9-88fe-d8a1d195302b:c5455]
2019-08-23 11:31:55,545 | INFO  | DNAudit | user=null | ip=null | op=WRITE_CHUNK {blockData=conID: 2 locID: 102666070620046017 bcsId: 5457} | ret=SUCCESS |  
2019-08-23 11:31:55,546 | INFO  | DNAudit | user=null | ip=null | op=WRITE_CHUNK {blockData=conID: 2 locID: 102666070620046017 bcsId: 5457} | ret=SUCCESS |  
2019-08-23 11:31:55,547 | INFO  | DNAudit | user=null | ip=null | op=WRITE_CHUNK {blockData=conID: 2 locID: 102666070620046017 bcsId: 5457} | ret=SUCCESS |  
2019-08-23 11:31:55,548 | INFO  | DNAudit | user=null | ip=null | op=WRITE_CHUNK {blockData=conID: 2 locID: 102666070620046017 bcsId: 5451} | ret=SUCCESS |  
2019-08-23 11:31:55,548 | INFO  | DNAudit | user=null | ip=null | op=WRITE_CHUNK {blockData=conID: 2 locID: 102666070620046017 bcsId: 5451} | ret=SUCCESS |  
2019-08-23 11:31:55,550 | INFO  | DNAudit | user=null | ip=null | op=PUT_BLOCK {blockData=[blockId=conID: 2 locID: 102666070620046017 bcsId: 0,size=3145728]} | ret=SUCCESS |  
2019-08-23 11:31:55,550 | INFO  | DNAudit | user=null | ip=null | op=PUT_BLOCK {blockData=[blockId=conID: 2 locID: 102666070620046017 bcsId: 0,size=3145728]} | ret=SUCCESS |  
2019-08-23 11:31:55,550 | INFO  | DNAudit | user=null | ip=null | op=WRITE_CHUNK {blockData=conID: 2 locID: 102666070620046017 bcsId: 5457} | ret=SUCCESS |  
2019-08-23 11:31:55,551 | INFO  | DNAudit | user=null | ip=null | op=PUT_BLOCK {blockData=[blockId=conID: 2 locID: 102666070620046017 bcsId: 0,size=4194304]} | ret=SUCCESS |  
2019-08-23 11:31:55,551 [grpc-default-executor-0] INFO  client.GrpcClientProtocolClient (GrpcClientProtocolClient.java:onNext(255)) - client-C9E345EC67ED->244f13ac-34be-4c4e-8e45-0c0272edbbb2: receive RaftClientReply:client-C9E345EC67ED->244f13ac-34be-4c4e-8e45-0c0272edbbb2@group-FE77C852EF02, cid=3617, SUCCESS, logIndex=5460, commits[244f13ac-34be-4c4e-8e45-0c0272edbbb2:c5461, 6287e41a-5356-4f55-84f2-270816d53e84:c5457, a2c18d3d-e79d-47c9-88fe-d8a1d195302b:c5457]
2019-08-23 11:31:55,551 [grpc-default-executor-0] INFO  client.GrpcClientProtocolClient (GrpcClientProtocolClient.java:onNext(255)) - client-C9E345EC67ED->244f13ac-34be-4c4e-8e45-0c0272edbbb2: receive RaftClientReply:client-C9E345EC67ED->244f13ac-34be-4c4e-8e45-0c0272edbbb2@group-FE77C852EF02, cid=3618, SUCCESS, logIndex=5461, commits[244f13ac-34be-4c4e-8e45-0c0272edbbb2:c5461, 6287e41a-5356-4f55-84f2-270816d53e84:c5457, a2c18d3d-e79d-47c9-88fe-d8a1d195302b:c5457]
2019-08-23 11:31:55,561 | INFO  | DNAudit | user=null | ip=null | op=WRITE_CHUNK {blockData=conID: 2 locID: 102666070620046017 bcsId: 5457} | ret=SUCCESS |  
2019-08-23 11:31:55,561 | INFO  | DNAudit | user=null | ip=null | op=WRITE_CHUNK {blockData=conID: 2 locID: 102666070620046017 bcsId: 5457} | ret=SUCCESS |  
2019-08-23 11:31:55,562 | INFO  | DNAudit | user=null | ip=null | op=PUT_BLOCK {blockData=[blockId=conID: 2 locID: 102666070620046017 bcsId: 0,size=4194304]} | ret=SUCCESS |  
2019-08-23 11:31:55,563 | INFO  | DNAudit | user=null | ip=null | op=PUT_BLOCK {blockData=[blockId=conID: 2 locID: 102666070620046017 bcsId: 0,size=4194304]} | ret=SUCCESS |  
2019-08-23 11:31:55,563 [grpc-default-executor-4] INFO  client.GrpcClientProtocolClient (GrpcClientProtocolClient.java:onNext(255)) - client-C9E345EC67ED->244f13ac-34be-4c4e-8e45-0c0272edbbb2: receive RaftClientReply:client-C9E345EC67ED->244f13ac-34be-4c4e-8e45-0c0272edbbb2@group-FE77C852EF02, cid=3619, SUCCESS, logIndex=0, commits[244f13ac-34be-4c4e-8e45-0c0272edbbb2:c5463, 6287e41a-5356-4f55-84f2-270816d53e84:c5461, a2c18d3d-e79d-47c9-88fe-d8a1d195302b:c5461]
2019-08-23 11:31:55,577 | INFO  | SCMAudit | user=jenkins1000 | ip=192.168.5.185 | op=ALLOCATE_BLOCK {owner=00a23185-76ea-47b5-a641-ad3cfbe5521a, size=4194304, type=RATIS, factor=THREE} | ret=SUCCESS |  
2019-08-23 11:31:55,582 | INFO  | OMAudit | user=jenkins1000 | ip=127.0.0.1 | op=ALLOCATE_BLOCK {volume=vol-0-37508, bucket=bucket-0-50919, key=key-0-57313, dataSize=0, replicationType=null, replicationFactor=null, keyLocationInfo=null, clientID=102666068570931602} | ret=SUCCESS |  
2019-08-23 11:31:55,588 | INFO  | DNAudit | user=null | ip=null | op=WRITE_CHUNK {blockData=conID: 3 locID: 102666070627254978 bcsId: 0} | ret=SUCCESS |  
2019-08-23 11:31:55,591 | INFO  | DNAudit | user=null | ip=null | op=WRITE_CHUNK {blockData=conID: 3 locID: 102666070627254978 bcsId: 0} | ret=SUCCESS |  
2019-08-23 11:31:55,591 | INFO  | DNAudit | user=null | ip=null | op=WRITE_CHUNK {blockData=conID: 3 locID: 102666070627254978 bcsId: 0} | ret=SUCCESS |  
2019-08-23 11:31:55,591 | INFO  | DNAudit | user=null | ip=null | op=WRITE_CHUNK {blockData=conID: 3 locID: 102666070627254978 bcsId: 0} | ret=SUCCESS |  
2019-08-23 11:31:55,594 | INFO  | DNAudit | user=null | ip=null | op=WRITE_CHUNK {blockData=conID: 3 locID: 102666070627254978 bcsId: 0} | ret=SUCCESS |  
2019-08-23 11:31:55,594 | INFO  | DNAudit | user=null | ip=null | op=WRITE_CHUNK {blockData=conID: 3 locID: 102666070627254978 bcsId: 0} | ret=SUCCESS |  
2019-08-23 11:31:55,601 | INFO  | DNAudit | user=null | ip=null | op=WRITE_CHUNK {blockData=conID: 3 locID: 102666070627254978 bcsId: 0} | ret=SUCCESS |  
2019-08-23 11:31:55,601 | INFO  | DNAudit | user=null | ip=null | op=PUT_BLOCK {blockData=[blockId=conID: 3 locID: 102666070627254978 bcsId: 0,size=1048576]} | ret=SUCCESS |  
2019-08-23 11:31:55,601 [grpc-default-executor-4] INFO  client.GrpcClientProtocolClient (GrpcClientProtocolClient.java:onNext(255)) - client-C9E345EC67ED->244f13ac-34be-4c4e-8e45-0c0272edbbb2: receive RaftClientReply:client-C9E345EC67ED->244f13ac-34be-4c4e-8e45-0c0272edbbb2@group-FE77C852EF02, cid=3620, SUCCESS, logIndex=5464, commits[244f13ac-34be-4c4e-8e45-0c0272edbbb2:c5465, 6287e41a-5356-4f55-84f2-270816d53e84:c5463, a2c18d3d-e79d-47c9-88fe-d8a1d195302b:c5463]
2019-08-23 11:31:55,602 | INFO  | DNAudit | user=null | ip=null | op=WRITE_CHUNK {blockData=conID: 3 locID: 102666070627254978 bcsId: 0} | ret=SUCCESS |  
2019-08-23 11:31:55,602 [grpc-default-executor-0] INFO  client.GrpcClientProtocolClient (GrpcClientProtocolClient.java:onNext(255)) - client-C9E345EC67ED->244f13ac-34be-4c4e-8e45-0c0272edbbb2: receive RaftClientReply:client-C9E345EC67ED->244f13ac-34be-4c4e-8e45-0c0272edbbb2@group-FE77C852EF02, cid=3621, SUCCESS, logIndex=5465, commits[244f13ac-34be-4c4e-8e45-0c0272edbbb2:c5465, 6287e41a-5356-4f55-84f2-270816d53e84:c5463, a2c18d3d-e79d-47c9-88fe-d8a1d195302b:c5463]
2019-08-23 11:31:55,602 | INFO  | DNAudit | user=null | ip=null | op=PUT_BLOCK {blockData=[blockId=conID: 3 locID: 102666070627254978 bcsId: 0,size=2097152]} | ret=SUCCESS |  
2019-08-23 11:31:55,602 [grpc-default-executor-0] INFO  client.GrpcClientProtocolClient (GrpcClientProtocolClient.java:onNext(255)) - client-C9E345EC67ED->244f13ac-34be-4c4e-8e45-0c0272edbbb2: receive RaftClientReply:client-C9E345EC67ED->244f13ac-34be-4c4e-8e45-0c0272edbbb2@group-FE77C852EF02, cid=3622, SUCCESS, logIndex=5466, commits[244f13ac-34be-4c4e-8e45-0c0272edbbb2:c5467, 6287e41a-5356-4f55-84f2-270816d53e84:c5463, a2c18d3d-e79d-47c9-88fe-d8a1d195302b:c5463]
2019-08-23 11:31:55,603 [grpc-default-executor-0] INFO  client.GrpcClientProtocolClient (GrpcClientProtocolClient.java:onNext(255)) - client-C9E345EC67ED->244f13ac-34be-4c4e-8e45-0c0272edbbb2: receive RaftClientReply:client-C9E345EC67ED->244f13ac-34be-4c4e-8e45-0c0272edbbb2@group-FE77C852EF02, cid=3623, SUCCESS, logIndex=5467, commits[244f13ac-34be-4c4e-8e45-0c0272edbbb2:c5467, 6287e41a-5356-4f55-84f2-270816d53e84:c5463, a2c18d3d-e79d-47c9-88fe-d8a1d195302b:c5463]
2019-08-23 11:31:55,603 | INFO  | DNAudit | user=null | ip=null | op=WRITE_CHUNK {blockData=conID: 3 locID: 102666070627254978 bcsId: 0} | ret=SUCCESS |  
2019-08-23 11:31:55,603 | INFO  | DNAudit | user=null | ip=null | op=PUT_BLOCK {blockData=[blockId=conID: 3 locID: 102666070627254978 bcsId: 0,size=1048576]} | ret=SUCCESS |  
2019-08-23 11:31:55,604 | INFO  | DNAudit | user=null | ip=null | op=WRITE_CHUNK {blockData=conID: 3 locID: 102666070627254978 bcsId: 0} | ret=SUCCESS |  
2019-08-23 11:31:55,604 | INFO  | DNAudit | user=null | ip=null | op=PUT_BLOCK {blockData=[blockId=conID: 3 locID: 102666070627254978 bcsId: 0,size=1048576]} | ret=SUCCESS |  
2019-08-23 11:31:55,604 | INFO  | DNAudit | user=null | ip=null | op=WRITE_CHUNK {blockData=conID: 3 locID: 102666070627254978 bcsId: 0} | ret=SUCCESS |  
2019-08-23 11:31:55,604 [grpc-default-executor-4] INFO  client.GrpcClientProtocolClient (GrpcClientProtocolClient.java:onNext(255)) - client-C9E345EC67ED->244f13ac-34be-4c4e-8e45-0c0272edbbb2: receive RaftClientReply:client-C9E345EC67ED->244f13ac-34be-4c4e-8e45-0c0272edbbb2@group-FE77C852EF02, cid=3624, SUCCESS, logIndex=0, commits[244f13ac-34be-4c4e-8e45-0c0272edbbb2:c5469, 6287e41a-5356-4f55-84f2-270816d53e84:c5465, a2c18d3d-e79d-47c9-88fe-d8a1d195302b:c5465]
2019-08-23 11:31:55,604 | INFO  | DNAudit | user=null | ip=null | op=PUT_BLOCK {blockData=[blockId=conID: 3 locID: 102666070627254978 bcsId: 0,size=2097152]} | ret=SUCCESS |  
2019-08-23 11:31:55,604 | INFO  | DNAudit | user=null | ip=null | op=WRITE_CHUNK {blockData=conID: 3 locID: 102666070627254978 bcsId: 0} | ret=SUCCESS |  
2019-08-23 11:31:55,605 | INFO  | DNAudit | user=null | ip=null | op=PUT_BLOCK {blockData=[blockId=conID: 3 locID: 102666070627254978 bcsId: 0,size=2097152]} | ret=SUCCESS |  
2019-08-23 11:31:55,609 | INFO  | DNAudit | user=null | ip=null | op=WRITE_CHUNK {blockData=conID: 3 locID: 102666070627254978 bcsId: 5467} | ret=SUCCESS |  
2019-08-23 11:31:55,611 | INFO  | DNAudit | user=null | ip=null | op=WRITE_CHUNK {blockData=conID: 3 locID: 102666070627254978 bcsId: 5467} | ret=SUCCESS |  
2019-08-23 11:31:55,611 | INFO  | DNAudit | user=null | ip=null | op=WRITE_CHUNK {blockData=conID: 3 locID: 102666070627254978 bcsId: 5467} | ret=SUCCESS |  
2019-08-23 11:31:55,623 | INFO  | DNAudit | user=null | ip=null | op=WRITE_CHUNK {blockData=conID: 3 locID: 102666070627254978 bcsId: 5467} | ret=SUCCESS |  
2019-08-23 11:31:55,623 | INFO  | DNAudit | user=null | ip=null | op=PUT_BLOCK {blockData=[blockId=conID: 3 locID: 102666070627254978 bcsId: 0,size=3145728]} | ret=SUCCESS |  
2019-08-23 11:31:55,623 [grpc-default-executor-5] INFO  client.GrpcClientProtocolClient (GrpcClientProtocolClient.java:onNext(255)) - client-C9E345EC67ED->244f13ac-34be-4c4e-8e45-0c0272edbbb2: receive RaftClientReply:client-C9E345EC67ED->244f13ac-34be-4c4e-8e45-0c0272edbbb2@group-FE77C852EF02, cid=3625, SUCCESS, logIndex=5472, commits[244f13ac-34be-4c4e-8e45-0c0272edbbb2:c5473, 6287e41a-5356-4f55-84f2-270816d53e84:c5471, a2c18d3d-e79d-47c9-88fe-d8a1d195302b:c5471]
2019-08-23 11:31:55,623 [grpc-default-executor-5] INFO  client.GrpcClientProtocolClient (GrpcClientProtocolClient.java:onNext(255)) - client-C9E345EC67ED->244f13ac-34be-4c4e-8e45-0c0272edbbb2: receive RaftClientReply:client-C9E345EC67ED->244f13ac-34be-4c4e-8e45-0c0272edbbb2@group-FE77C852EF02, cid=3626, SUCCESS, logIndex=5473, commits[244f13ac-34be-4c4e-8e45-0c0272edbbb2:c5473, 6287e41a-5356-4f55-84f2-270816d53e84:c5471, a2c18d3d-e79d-47c9-88fe-d8a1d195302b:c5471]
2019-08-23 11:31:55,629 | INFO  | DNAudit | user=null | ip=null | op=WRITE_CHUNK {blockData=conID: 3 locID: 102666070627254978 bcsId: 5473} | ret=SUCCESS |  
2019-08-23 11:31:55,631 | INFO  | DNAudit | user=null | ip=null | op=WRITE_CHUNK {blockData=conID: 3 locID: 102666070627254978 bcsId: 5473} | ret=SUCCESS |  
2019-08-23 11:31:55,632 | INFO  | DNAudit | user=null | ip=null | op=WRITE_CHUNK {blockData=conID: 3 locID: 102666070627254978 bcsId: 5473} | ret=SUCCESS |  
2019-08-23 11:31:55,634 | INFO  | DNAudit | user=null | ip=null | op=WRITE_CHUNK {blockData=conID: 3 locID: 102666070627254978 bcsId: 5467} | ret=SUCCESS |  
2019-08-23 11:31:55,634 | INFO  | DNAudit | user=null | ip=null | op=WRITE_CHUNK {blockData=conID: 3 locID: 102666070627254978 bcsId: 5467} | ret=SUCCESS |  
2019-08-23 11:31:55,635 | INFO  | DNAudit | user=null | ip=null | op=PUT_BLOCK {blockData=[blockId=conID: 3 locID: 102666070627254978 bcsId: 0,size=3145728]} | ret=SUCCESS |  
2019-08-23 11:31:55,635 | INFO  | DNAudit | user=null | ip=null | op=PUT_BLOCK {blockData=[blockId=conID: 3 locID: 102666070627254978 bcsId: 0,size=3145728]} | ret=SUCCESS |  
2019-08-23 11:31:55,635 | INFO  | DNAudit | user=null | ip=null | op=WRITE_CHUNK {blockData=conID: 3 locID: 102666070627254978 bcsId: 5473} | ret=SUCCESS |  
2019-08-23 11:31:55,636 | INFO  | DNAudit | user=null | ip=null | op=PUT_BLOCK {blockData=[blockId=conID: 3 locID: 102666070627254978 bcsId: 0,size=4194304]} | ret=SUCCESS |  
2019-08-23 11:31:55,636 [grpc-default-executor-0] INFO  client.GrpcClientProtocolClient (GrpcClientProtocolClient.java:onNext(255)) - client-C9E345EC67ED->244f13ac-34be-4c4e-8e45-0c0272edbbb2: receive RaftClientReply:client-C9E345EC67ED->244f13ac-34be-4c4e-8e45-0c0272edbbb2@group-FE77C852EF02, cid=3627, SUCCESS, logIndex=5476, commits[244f13ac-34be-4c4e-8e45-0c0272edbbb2:c5476, 6287e41a-5356-4f55-84f2-270816d53e84:c5473, a2c18d3d-e79d-47c9-88fe-d8a1d195302b:c5473]
2019-08-23 11:31:55,636 [grpc-default-executor-0] INFO  client.GrpcClientProtocolClient (GrpcClientProtocolClient.java:onNext(255)) - client-C9E345EC67ED->244f13ac-34be-4c4e-8e45-0c0272edbbb2: receive RaftClientReply:client-C9E345EC67ED->244f13ac-34be-4c4e-8e45-0c0272edbbb2@group-FE77C852EF02, cid=3628, SUCCESS, logIndex=5477, commits[244f13ac-34be-4c4e-8e45-0c0272edbbb2:c5477, 6287e41a-5356-4f55-84f2-270816d53e84:c5473, a2c18d3d-e79d-47c9-88fe-d8a1d195302b:c5473]
2019-08-23 11:31:55,647 | INFO  | DNAudit | user=null | ip=null | op=WRITE_CHUNK {blockData=conID: 3 locID: 102666070627254978 bcsId: 5473} | ret=SUCCESS |  
2019-08-23 11:31:55,647 | INFO  | DNAudit | user=null | ip=null | op=WRITE_CHUNK {blockData=conID: 3 locID: 102666070627254978 bcsId: 5473} | ret=SUCCESS |  
2019-08-23 11:31:55,648 | INFO  | DNAudit | user=null | ip=null | op=PUT_BLOCK {blockData=[blockId=conID: 3 locID: 102666070627254978 bcsId: 0,size=4194304]} | ret=SUCCESS |  
2019-08-23 11:31:55,648 | INFO  | DNAudit | user=null | ip=null | op=PUT_BLOCK {blockData=[blockId=conID: 3 locID: 102666070627254978 bcsId: 0,size=4194304]} | ret=SUCCESS |  
2019-08-23 11:31:55,649 [grpc-default-executor-0] INFO  client.GrpcClientProtocolClient (GrpcClientProtocolClient.java:onNext(255)) - client-C9E345EC67ED->244f13ac-34be-4c4e-8e45-0c0272edbbb2: receive RaftClientReply:client-C9E345EC67ED->244f13ac-34be-4c4e-8e45-0c0272edbbb2@group-FE77C852EF02, cid=3629, SUCCESS, logIndex=0, commits[244f13ac-34be-4c4e-8e45-0c0272edbbb2:c5479, 6287e41a-5356-4f55-84f2-270816d53e84:c5477, a2c18d3d-e79d-47c9-88fe-d8a1d195302b:c5477]
2019-08-23 11:31:55,654 | INFO  | SCMAudit | user=jenkins1000 | ip=192.168.5.185 | op=ALLOCATE_BLOCK {owner=00a23185-76ea-47b5-a641-ad3cfbe5521a, size=4194304, type=RATIS, factor=THREE} | ret=SUCCESS |  
2019-08-23 11:31:55,658 | INFO  | OMAudit | user=jenkins1000 | ip=127.0.0.1 | op=ALLOCATE_BLOCK {volume=vol-0-37508, bucket=bucket-0-50919, key=key-0-57313, dataSize=0, replicationType=null, replicationFactor=null, keyLocationInfo=null, clientID=102666068570931602} | ret=SUCCESS |  
2019-08-23 11:31:55,663 | INFO  | DNAudit | user=null | ip=null | op=WRITE_CHUNK {blockData=conID: 1 locID: 102666070632301251 bcsId: 0} | ret=SUCCESS |  
2019-08-23 11:31:55,665 | INFO  | DNAudit | user=null | ip=null | op=WRITE_CHUNK {blockData=conID: 1 locID: 102666070632301251 bcsId: 0} | ret=SUCCESS |  
2019-08-23 11:31:55,665 | INFO  | DNAudit | user=null | ip=null | op=WRITE_CHUNK {blockData=conID: 1 locID: 102666070632301251 bcsId: 0} | ret=SUCCESS |  
2019-08-23 11:31:55,666 | INFO  | DNAudit | user=null | ip=null | op=WRITE_CHUNK {blockData=conID: 1 locID: 102666070632301251 bcsId: 0} | ret=SUCCESS |  
2019-08-23 11:31:55,667 | INFO  | DNAudit | user=null | ip=null | op=WRITE_CHUNK {blockData=conID: 1 locID: 102666070632301251 bcsId: 0} | ret=SUCCESS |  
2019-08-23 11:31:55,667 | INFO  | DNAudit | user=null | ip=null | op=WRITE_CHUNK {blockData=conID: 1 locID: 102666070632301251 bcsId: 0} | ret=SUCCESS |  
2019-08-23 11:31:55,677 | INFO  | DNAudit | user=null | ip=null | op=WRITE_CHUNK {blockData=conID: 1 locID: 102666070632301251 bcsId: 0} | ret=SUCCESS |  
2019-08-23 11:31:55,677 | INFO  | DNAudit | user=null | ip=null | op=PUT_BLOCK {blockData=[blockId=conID: 1 locID: 102666070632301251 bcsId: 0,size=1048576]} | ret=SUCCESS |  
2019-08-23 11:31:55,678 | INFO  | DNAudit | user=null | ip=null | op=WRITE_CHUNK {blockData=conID: 1 locID: 102666070632301251 bcsId: 0} | ret=SUCCESS |  
2019-08-23 11:31:55,678 [grpc-default-executor-0] INFO  client.GrpcClientProtocolClient (GrpcClientProtocolClient.java:onNext(255)) - client-C9E345EC67ED->244f13ac-34be-4c4e-8e45-0c0272edbbb2: receive RaftClientReply:client-C9E345EC67ED->244f13ac-34be-4c4e-8e45-0c0272edbbb2@group-FE77C852EF02, cid=3630, SUCCESS, logIndex=5480, commits[244f13ac-34be-4c4e-8e45-0c0272edbbb2:c5481, 6287e41a-5356-4f55-84f2-270816d53e84:c5479, a2c18d3d-e79d-47c9-88fe-d8a1d195302b:c5479]
2019-08-23 11:31:55,678 | INFO  | DNAudit | user=null | ip=null | op=PUT_BLOCK {blockData=[blockId=conID: 1 locID: 102666070632301251 bcsId: 0,size=2097152]} | ret=SUCCESS |  
2019-08-23 11:31:55,678 [grpc-default-executor-0] INFO  client.GrpcClientProtocolClient (GrpcClientProtocolClient.java:onNext(255)) - client-C9E345EC67ED->244f13ac-34be-4c4e-8e45-0c0272edbbb2: receive RaftClientReply:client-C9E345EC67ED->244f13ac-34be-4c4e-8e45-0c0272edbbb2@group-FE77C852EF02, cid=3631, SUCCESS, logIndex=5481, commits[244f13ac-34be-4c4e-8e45-0c0272edbbb2:c5483, 6287e41a-5356-4f55-84f2-270816d53e84:c5479, a2c18d3d-e79d-47c9-88fe-d8a1d195302b:c5479]
2019-08-23 11:31:55,678 [grpc-default-executor-0] INFO  client.GrpcClientProtocolClient (GrpcClientProtocolClient.java:onNext(255)) - client-C9E345EC67ED->244f13ac-34be-4c4e-8e45-0c0272edbbb2: receive RaftClientReply:client-C9E345EC67ED->244f13ac-34be-4c4e-8e45-0c0272edbbb2@group-FE77C852EF02, cid=3632, SUCCESS, logIndex=5482, commits[244f13ac-34be-4c4e-8e45-0c0272edbbb2:c5483, 6287e41a-5356-4f55-84f2-270816d53e84:c5479, a2c18d3d-e79d-47c9-88fe-d8a1d195302b:c5479]
2019-08-23 11:31:55,678 [grpc-default-executor-0] INFO  client.GrpcClientProtocolClient (GrpcClientProtocolClient.java:onNext(255)) - client-C9E345EC67ED->244f13ac-34be-4c4e-8e45-0c0272edbbb2: receive RaftClientReply:client-C9E345EC67ED->244f13ac-34be-4c4e-8e45-0c0272edbbb2@group-FE77C852EF02, cid=3633, SUCCESS, logIndex=5483, commits[244f13ac-34be-4c4e-8e45-0c0272edbbb2:c5483, 6287e41a-5356-4f55-84f2-270816d53e84:c5479, a2c18d3d-e79d-47c9-88fe-d8a1d195302b:c5479]
2019-08-23 11:31:55,687 | INFO  | DNAudit | user=null | ip=null | op=WRITE_CHUNK {blockData=conID: 1 locID: 102666070632301251 bcsId: 0} | ret=SUCCESS |  
2019-08-23 11:31:55,687 | INFO  | DNAudit | user=null | ip=null | op=WRITE_CHUNK {blockData=conID: 1 locID: 102666070632301251 bcsId: 0} | ret=SUCCESS |  
2019-08-23 11:31:55,687 | INFO  | DNAudit | user=null | ip=null | op=PUT_BLOCK {blockData=[blockId=conID: 1 locID: 102666070632301251 bcsId: 0,size=1048576]} | ret=SUCCESS |  
2019-08-23 11:31:55,688 | INFO  | DNAudit | user=null | ip=null | op=WRITE_CHUNK {blockData=conID: 1 locID: 102666070632301251 bcsId: 0} | ret=SUCCESS |  
2019-08-23 11:31:55,688 | INFO  | DNAudit | user=null | ip=null | op=PUT_BLOCK {blockData=[blockId=conID: 1 locID: 102666070632301251 bcsId: 0,size=1048576]} | ret=SUCCESS |  
2019-08-23 11:31:55,688 | INFO  | DNAudit | user=null | ip=null | op=PUT_BLOCK {blockData=[blockId=conID: 1 locID: 102666070632301251 bcsId: 0,size=2097152]} | ret=SUCCESS |  
2019-08-23 11:31:55,689 | INFO  | DNAudit | user=null | ip=null | op=WRITE_CHUNK {blockData=conID: 1 locID: 102666070632301251 bcsId: 0} | ret=SUCCESS |  
2019-08-23 11:31:55,689 | INFO  | DNAudit | user=null | ip=null | op=PUT_BLOCK {blockData=[blockId=conID: 1 locID: 102666070632301251 bcsId: 0,size=2097152]} | ret=SUCCESS |  
2019-08-23 11:31:55,689 [grpc-default-executor-0] INFO  client.GrpcClientProtocolClient (GrpcClientProtocolClient.java:onNext(255)) - client-C9E345EC67ED->244f13ac-34be-4c4e-8e45-0c0272edbbb2: receive RaftClientReply:client-C9E345EC67ED->244f13ac-34be-4c4e-8e45-0c0272edbbb2@group-FE77C852EF02, cid=3634, SUCCESS, logIndex=0, commits[244f13ac-34be-4c4e-8e45-0c0272edbbb2:c5486, 6287e41a-5356-4f55-84f2-270816d53e84:c5483, a2c18d3d-e79d-47c9-88fe-d8a1d195302b:c5481]
2019-08-23 11:31:55,694 | INFO  | DNAudit | user=null | ip=null | op=WRITE_CHUNK {blockData=conID: 1 locID: 102666070632301251 bcsId: 5483} | ret=SUCCESS |  
2019-08-23 11:31:55,695 | INFO  | DNAudit | user=null | ip=null | op=WRITE_CHUNK {blockData=conID: 1 locID: 102666070632301251 bcsId: 5483} | ret=SUCCESS |  
2019-08-23 11:31:55,696 | INFO  | DNAudit | user=null | ip=null | op=WRITE_CHUNK {blockData=conID: 1 locID: 102666070632301251 bcsId: 5483} | ret=SUCCESS |  
2019-08-23 11:31:55,698 | INFO  | DNAudit | user=null | ip=null | op=WRITE_CHUNK {blockData=conID: 1 locID: 102666070632301251 bcsId: 5483} | ret=SUCCESS |  
2019-08-23 11:31:55,698 | INFO  | DNAudit | user=null | ip=null | op=PUT_BLOCK {blockData=[blockId=conID: 1 locID: 102666070632301251 bcsId: 0,size=3145728]} | ret=SUCCESS |  
2019-08-23 11:31:55,698 [grpc-default-executor-5] INFO  client.GrpcClientProtocolClient (GrpcClientProtocolClient.java:onNext(255)) - client-C9E345EC67ED->244f13ac-34be-4c4e-8e45-0c0272edbbb2: receive RaftClientReply:client-C9E345EC67ED->244f13ac-34be-4c4e-8e45-0c0272edbbb2@group-FE77C852EF02, cid=3635, SUCCESS, logIndex=5488, commits[244f13ac-34be-4c4e-8e45-0c0272edbbb2:c5489, 6287e41a-5356-4f55-84f2-270816d53e84:c5487, a2c18d3d-e79d-47c9-88fe-d8a1d195302b:c5483]
2019-08-23 11:31:55,699 [grpc-default-executor-5] INFO  client.GrpcClientProtocolClient (GrpcClientProtocolClient.java:onNext(255)) - client-C9E345EC67ED->244f13ac-34be-4c4e-8e45-0c0272edbbb2: receive RaftClientReply:client-C9E345EC67ED->244f13ac-34be-4c4e-8e45-0c0272edbbb2@group-FE77C852EF02, cid=3636, SUCCESS, logIndex=5489, commits[244f13ac-34be-4c4e-8e45-0c0272edbbb2:c5489, 6287e41a-5356-4f55-84f2-270816d53e84:c5487, a2c18d3d-e79d-47c9-88fe-d8a1d195302b:c5487]
2019-08-23 11:31:55,699 | INFO  | DNAudit | user=null | ip=null | op=WRITE_CHUNK {blockData=conID: 1 locID: 102666070632301251 bcsId: 5483} | ret=SUCCESS |  
2019-08-23 11:31:55,699 | INFO  | DNAudit | user=null | ip=null | op=WRITE_CHUNK {blockData=conID: 1 locID: 102666070632301251 bcsId: 5483} | ret=SUCCESS |  
2019-08-23 11:31:55,700 | INFO  | DNAudit | user=null | ip=null | op=PUT_BLOCK {blockData=[blockId=conID: 1 locID: 102666070632301251 bcsId: 0,size=3145728]} | ret=SUCCESS |  
2019-08-23 11:31:55,700 | INFO  | DNAudit | user=null | ip=null | op=PUT_BLOCK {blockData=[blockId=conID: 1 locID: 102666070632301251 bcsId: 0,size=3145728]} | ret=SUCCESS |  
2019-08-23 11:31:55,704 | INFO  | DNAudit | user=null | ip=null | op=WRITE_CHUNK {blockData=conID: 1 locID: 102666070632301251 bcsId: 5489} | ret=SUCCESS |  
2019-08-23 11:31:55,706 | INFO  | DNAudit | user=null | ip=null | op=WRITE_CHUNK {blockData=conID: 1 locID: 102666070632301251 bcsId: 5489} | ret=SUCCESS |  
2019-08-23 11:31:55,706 | INFO  | DNAudit | user=null | ip=null | op=WRITE_CHUNK {blockData=conID: 1 locID: 102666070632301251 bcsId: 5489} | ret=SUCCESS |  
2019-08-23 11:31:55,728 | INFO  | DNAudit | user=null | ip=null | op=WRITE_CHUNK {blockData=conID: 1 locID: 102666070632301251 bcsId: 5489} | ret=SUCCESS |  
2019-08-23 11:31:55,728 | INFO  | DNAudit | user=null | ip=null | op=PUT_BLOCK {blockData=[blockId=conID: 1 locID: 102666070632301251 bcsId: 0,size=4194304]} | ret=SUCCESS |  
2019-08-23 11:31:55,728 [grpc-default-executor-0] INFO  client.GrpcClientProtocolClient (GrpcClientProtocolClient.java:onNext(255)) - client-C9E345EC67ED->244f13ac-34be-4c4e-8e45-0c0272edbbb2: receive RaftClientReply:client-C9E345EC67ED->244f13ac-34be-4c4e-8e45-0c0272edbbb2@group-FE77C852EF02, cid=3637, SUCCESS, logIndex=5492, commits[244f13ac-34be-4c4e-8e45-0c0272edbbb2:c5493, 6287e41a-5356-4f55-84f2-270816d53e84:c5491, a2c18d3d-e79d-47c9-88fe-d8a1d195302b:c5491]
2019-08-23 11:31:55,728 [grpc-default-executor-0] INFO  client.GrpcClientProtocolClient (GrpcClientProtocolClient.java:onNext(255)) - client-C9E345EC67ED->244f13ac-34be-4c4e-8e45-0c0272edbbb2: receive RaftClientReply:client-C9E345EC67ED->244f13ac-34be-4c4e-8e45-0c0272edbbb2@group-FE77C852EF02, cid=3638, SUCCESS, logIndex=5493, commits[244f13ac-34be-4c4e-8e45-0c0272edbbb2:c5493, 6287e41a-5356-4f55-84f2-270816d53e84:c5491, a2c18d3d-e79d-47c9-88fe-d8a1d195302b:c5491]
2019-08-23 11:31:55,739 | INFO  | DNAudit | user=null | ip=null | op=WRITE_CHUNK {blockData=conID: 1 locID: 102666070632301251 bcsId: 5489} | ret=SUCCESS |  
2019-08-23 11:31:55,739 | INFO  | DNAudit | user=null | ip=null | op=WRITE_CHUNK {blockData=conID: 1 locID: 102666070632301251 bcsId: 5489} | ret=SUCCESS |  
2019-08-23 11:31:55,740 | INFO  | DNAudit | user=null | ip=null | op=PUT_BLOCK {blockData=[blockId=conID: 1 locID: 102666070632301251 bcsId: 0,size=4194304]} | ret=SUCCESS |  
2019-08-23 11:31:55,740 | INFO  | DNAudit | user=null | ip=null | op=PUT_BLOCK {blockData=[blockId=conID: 1 locID: 102666070632301251 bcsId: 0,size=4194304]} | ret=SUCCESS |  
2019-08-23 11:31:55,740 [grpc-default-executor-0] INFO  client.GrpcClientProtocolClient (GrpcClientProtocolClient.java:onNext(255)) - client-C9E345EC67ED->244f13ac-34be-4c4e-8e45-0c0272edbbb2: receive RaftClientReply:client-C9E345EC67ED->244f13ac-34be-4c4e-8e45-0c0272edbbb2@group-FE77C852EF02, cid=3639, SUCCESS, logIndex=0, commits[244f13ac-34be-4c4e-8e45-0c0272edbbb2:c5495, 6287e41a-5356-4f55-84f2-270816d53e84:c5493, a2c18d3d-e79d-47c9-88fe-d8a1d195302b:c5493]
2019-08-23 11:31:55,747 | INFO  | SCMAudit | user=jenkins1000 | ip=192.168.5.185 | op=ALLOCATE_BLOCK {owner=00a23185-76ea-47b5-a641-ad3cfbe5521a, size=4194304, type=RATIS, factor=THREE} | ret=SUCCESS |  
2019-08-23 11:31:55,751 | INFO  | OMAudit | user=jenkins1000 | ip=127.0.0.1 | op=ALLOCATE_BLOCK {volume=vol-0-37508, bucket=bucket-0-50919, key=key-0-57313, dataSize=0, replicationType=null, replicationFactor=null, keyLocationInfo=null, clientID=102666068570931602} | ret=SUCCESS |  
2019-08-23 11:31:55,756 | INFO  | DNAudit | user=null | ip=null | op=WRITE_CHUNK {blockData=conID: 2 locID: 102666070638396100 bcsId: 0} | ret=SUCCESS |  
2019-08-23 11:31:55,759 | INFO  | DNAudit | user=null | ip=null | op=WRITE_CHUNK {blockData=conID: 2 locID: 102666070638396100 bcsId: 0} | ret=SUCCESS |  
2019-08-23 11:31:55,759 | INFO  | DNAudit | user=null | ip=null | op=WRITE_CHUNK {blockData=conID: 2 locID: 102666070638396100 bcsId: 0} | ret=SUCCESS |  
2019-08-23 11:31:55,759 | INFO  | DNAudit | user=null | ip=null | op=WRITE_CHUNK {blockData=conID: 2 locID: 102666070638396100 bcsId: 0} | ret=SUCCESS |  
2019-08-23 11:31:55,761 | INFO  | DNAudit | user=null | ip=null | op=WRITE_CHUNK {blockData=conID: 2 locID: 102666070638396100 bcsId: 0} | ret=SUCCESS |  
2019-08-23 11:31:55,761 | INFO  | DNAudit | user=null | ip=null | op=WRITE_CHUNK {blockData=conID: 2 locID: 102666070638396100 bcsId: 0} | ret=SUCCESS |  
2019-08-23 11:31:55,769 | INFO  | DNAudit | user=null | ip=null | op=WRITE_CHUNK {blockData=conID: 2 locID: 102666070638396100 bcsId: 0} | ret=SUCCESS |  
2019-08-23 11:31:55,769 | INFO  | DNAudit | user=null | ip=null | op=PUT_BLOCK {blockData=[blockId=conID: 2 locID: 102666070638396100 bcsId: 0,size=1048576]} | ret=SUCCESS |  
2019-08-23 11:31:55,769 | INFO  | DNAudit | user=null | ip=null | op=WRITE_CHUNK {blockData=conID: 2 locID: 102666070638396100 bcsId: 0} | ret=SUCCESS |  
2019-08-23 11:31:55,769 [grpc-default-executor-5] INFO  client.GrpcClientProtocolClient (GrpcClientProtocolClient.java:onNext(255)) - client-C9E345EC67ED->244f13ac-34be-4c4e-8e45-0c0272edbbb2: receive RaftClientReply:client-C9E345EC67ED->244f13ac-34be-4c4e-8e45-0c0272edbbb2@group-FE77C852EF02, cid=3640, SUCCESS, logIndex=5496, commits[244f13ac-34be-4c4e-8e45-0c0272edbbb2:c5497, 6287e41a-5356-4f55-84f2-270816d53e84:c5495, a2c18d3d-e79d-47c9-88fe-d8a1d195302b:c5495]
2019-08-23 11:31:55,770 | INFO  | DNAudit | user=null | ip=null | op=PUT_BLOCK {blockData=[blockId=conID: 2 locID: 102666070638396100 bcsId: 0,size=2097152]} | ret=SUCCESS |  
2019-08-23 11:31:55,770 [grpc-default-executor-5] INFO  client.GrpcClientProtocolClient (GrpcClientProtocolClient.java:onNext(255)) - client-C9E345EC67ED->244f13ac-34be-4c4e-8e45-0c0272edbbb2: receive RaftClientReply:client-C9E345EC67ED->244f13ac-34be-4c4e-8e45-0c0272edbbb2@group-FE77C852EF02, cid=3641, SUCCESS, logIndex=5497, commits[244f13ac-34be-4c4e-8e45-0c0272edbbb2:c5499, 6287e41a-5356-4f55-84f2-270816d53e84:c5495, a2c18d3d-e79d-47c9-88fe-d8a1d195302b:c5495]
2019-08-23 11:31:55,770 [grpc-default-executor-5] INFO  client.GrpcClientProtocolClient (GrpcClientProtocolClient.java:onNext(255)) - client-C9E345EC67ED->244f13ac-34be-4c4e-8e45-0c0272edbbb2: receive RaftClientReply:client-C9E345EC67ED->244f13ac-34be-4c4e-8e45-0c0272edbbb2@group-FE77C852EF02, cid=3642, SUCCESS, logIndex=5498, commits[244f13ac-34be-4c4e-8e45-0c0272edbbb2:c5499, 6287e41a-5356-4f55-84f2-270816d53e84:c5495, a2c18d3d-e79d-47c9-88fe-d8a1d195302b:c5495]
2019-08-23 11:31:55,770 | INFO  | DNAudit | user=null | ip=null | op=WRITE_CHUNK {blockData=conID: 2 locID: 102666070638396100 bcsId: 0} | ret=SUCCESS |  
2019-08-23 11:31:55,770 [grpc-default-executor-5] INFO  client.GrpcClientProtocolClient (GrpcClientProtocolClient.java:onNext(255)) - client-C9E345EC67ED->244f13ac-34be-4c4e-8e45-0c0272edbbb2: receive RaftClientReply:client-C9E345EC67ED->244f13ac-34be-4c4e-8e45-0c0272edbbb2@group-FE77C852EF02, cid=3643, SUCCESS, logIndex=5499, commits[244f13ac-34be-4c4e-8e45-0c0272edbbb2:c5499, 6287e41a-5356-4f55-84f2-270816d53e84:c5495, a2c18d3d-e79d-47c9-88fe-d8a1d195302b:c5495]
2019-08-23 11:31:55,771 | INFO  | DNAudit | user=null | ip=null | op=WRITE_CHUNK {blockData=conID: 2 locID: 102666070638396100 bcsId: 0} | ret=SUCCESS |  
2019-08-23 11:31:55,771 | INFO  | DNAudit | user=null | ip=null | op=PUT_BLOCK {blockData=[blockId=conID: 2 locID: 102666070638396100 bcsId: 0,size=1048576]} | ret=SUCCESS |  
2019-08-23 11:31:55,771 | INFO  | DNAudit | user=null | ip=null | op=PUT_BLOCK {blockData=[blockId=conID: 2 locID: 102666070638396100 bcsId: 0,size=1048576]} | ret=SUCCESS |  
2019-08-23 11:31:55,772 | INFO  | DNAudit | user=null | ip=null | op=WRITE_CHUNK {blockData=conID: 2 locID: 102666070638396100 bcsId: 0} | ret=SUCCESS |  
2019-08-23 11:31:55,772 | INFO  | DNAudit | user=null | ip=null | op=WRITE_CHUNK {blockData=conID: 2 locID: 102666070638396100 bcsId: 0} | ret=SUCCESS |  
2019-08-23 11:31:55,772 | INFO  | DNAudit | user=null | ip=null | op=PUT_BLOCK {blockData=[blockId=conID: 2 locID: 102666070638396100 bcsId: 0,size=2097152]} | ret=SUCCESS |  
2019-08-23 11:31:55,772 | INFO  | DNAudit | user=null | ip=null | op=PUT_BLOCK {blockData=[blockId=conID: 2 locID: 102666070638396100 bcsId: 0,size=2097152]} | ret=SUCCESS |  
2019-08-23 11:31:55,772 [grpc-default-executor-5] INFO  client.GrpcClientProtocolClient (GrpcClientProtocolClient.java:onNext(255)) - client-C9E345EC67ED->244f13ac-34be-4c4e-8e45-0c0272edbbb2: receive RaftClientReply:client-C9E345EC67ED->244f13ac-34be-4c4e-8e45-0c0272edbbb2@group-FE77C852EF02, cid=3644, SUCCESS, logIndex=0, commits[244f13ac-34be-4c4e-8e45-0c0272edbbb2:c5503, 6287e41a-5356-4f55-84f2-270816d53e84:c5497, a2c18d3d-e79d-47c9-88fe-d8a1d195302b:c5499]
2019-08-23 11:31:55,777 | INFO  | DNAudit | user=null | ip=null | op=WRITE_CHUNK {blockData=conID: 2 locID: 102666070638396100 bcsId: 5499} | ret=SUCCESS |  
2019-08-23 11:31:55,779 | INFO  | DNAudit | user=null | ip=null | op=WRITE_CHUNK {blockData=conID: 2 locID: 102666070638396100 bcsId: 5499} | ret=SUCCESS |  
2019-08-23 11:31:55,779 | INFO  | DNAudit | user=null | ip=null | op=WRITE_CHUNK {blockData=conID: 2 locID: 102666070638396100 bcsId: 5499} | ret=SUCCESS |  
2019-08-23 11:31:55,789 | INFO  | DNAudit | user=null | ip=null | op=WRITE_CHUNK {blockData=conID: 2 locID: 102666070638396100 bcsId: 5499} | ret=SUCCESS |  
2019-08-23 11:31:55,790 | INFO  | DNAudit | user=null | ip=null | op=PUT_BLOCK {blockData=[blockId=conID: 2 locID: 102666070638396100 bcsId: 0,size=3145728]} | ret=SUCCESS |  
2019-08-23 11:31:55,790 [grpc-default-executor-4] INFO  client.GrpcClientProtocolClient (GrpcClientProtocolClient.java:onNext(255)) - client-C9E345EC67ED->244f13ac-34be-4c4e-8e45-0c0272edbbb2: receive RaftClientReply:client-C9E345EC67ED->244f13ac-34be-4c4e-8e45-0c0272edbbb2@group-FE77C852EF02, cid=3645, SUCCESS, logIndex=5504, commits[244f13ac-34be-4c4e-8e45-0c0272edbbb2:c5505, 6287e41a-5356-4f55-84f2-270816d53e84:c5503, a2c18d3d-e79d-47c9-88fe-d8a1d195302b:c5503]
2019-08-23 11:31:55,790 [grpc-default-executor-4] INFO  client.GrpcClientProtocolClient (GrpcClientProtocolClient.java:onNext(255)) - client-C9E345EC67ED->244f13ac-34be-4c4e-8e45-0c0272edbbb2: receive RaftClientReply:client-C9E345EC67ED->244f13ac-34be-4c4e-8e45-0c0272edbbb2@group-FE77C852EF02, cid=3646, SUCCESS, logIndex=5505, commits[244f13ac-34be-4c4e-8e45-0c0272edbbb2:c5505, 6287e41a-5356-4f55-84f2-270816d53e84:c5503, a2c18d3d-e79d-47c9-88fe-d8a1d195302b:c5503]
2019-08-23 11:31:55,796 | INFO  | DNAudit | user=null | ip=null | op=WRITE_CHUNK {blockData=conID: 2 locID: 102666070638396100 bcsId: 5505} | ret=SUCCESS |  
2019-08-23 11:31:55,797 | INFO  | DNAudit | user=null | ip=null | op=WRITE_CHUNK {blockData=conID: 2 locID: 102666070638396100 bcsId: 5505} | ret=SUCCESS |  
2019-08-23 11:31:55,797 | INFO  | DNAudit | user=null | ip=null | op=WRITE_CHUNK {blockData=conID: 2 locID: 102666070638396100 bcsId: 5505} | ret=SUCCESS |  
2019-08-23 11:31:55,801 | INFO  | DNAudit | user=null | ip=null | op=WRITE_CHUNK {blockData=conID: 2 locID: 102666070638396100 bcsId: 5499} | ret=SUCCESS |  
2019-08-23 11:31:55,801 | INFO  | DNAudit | user=null | ip=null | op=WRITE_CHUNK {blockData=conID: 2 locID: 102666070638396100 bcsId: 5499} | ret=SUCCESS |  
2019-08-23 11:31:55,801 | INFO  | DNAudit | user=null | ip=null | op=PUT_BLOCK {blockData=[blockId=conID: 2 locID: 102666070638396100 bcsId: 0,size=3145728]} | ret=SUCCESS |  
2019-08-23 11:31:55,801 | INFO  | DNAudit | user=null | ip=null | op=PUT_BLOCK {blockData=[blockId=conID: 2 locID: 102666070638396100 bcsId: 0,size=3145728]} | ret=SUCCESS |  
2019-08-23 11:31:55,913 | INFO  | DNAudit | user=null | ip=null | op=WRITE_CHUNK {blockData=conID: 2 locID: 102666070638396100 bcsId: 5505} | ret=SUCCESS |  
2019-08-23 11:31:55,913 | INFO  | DNAudit | user=null | ip=null | op=PUT_BLOCK {blockData=[blockId=conID: 2 locID: 102666070638396100 bcsId: 0,size=4194304]} | ret=SUCCESS |  
2019-08-23 11:31:55,913 [grpc-default-executor-0] INFO  client.GrpcClientProtocolClient (GrpcClientProtocolClient.java:onNext(255)) - client-C9E345EC67ED->244f13ac-34be-4c4e-8e45-0c0272edbbb2: receive RaftClientReply:client-C9E345EC67ED->244f13ac-34be-4c4e-8e45-0c0272edbbb2@group-FE77C852EF02, cid=3647, SUCCESS, logIndex=5508, commits[244f13ac-34be-4c4e-8e45-0c0272edbbb2:c5509, 6287e41a-5356-4f55-84f2-270816d53e84:c5505, a2c18d3d-e79d-47c9-88fe-d8a1d195302b:c5505]
2019-08-23 11:31:55,914 [grpc-default-executor-0] INFO  client.GrpcClientProtocolClient (GrpcClientProtocolClient.java:onNext(255)) - client-C9E345EC67ED->244f13ac-34be-4c4e-8e45-0c0272edbbb2: receive RaftClientReply:client-C9E345EC67ED->244f13ac-34be-4c4e-8e45-0c0272edbbb2@group-FE77C852EF02, cid=3648, SUCCESS, logIndex=5509, commits[244f13ac-34be-4c4e-8e45-0c0272edbbb2:c5509, 6287e41a-5356-4f55-84f2-270816d53e84:c5505, a2c18d3d-e79d-47c9-88fe-d8a1d195302b:c5505]
2019-08-23 11:31:55,924 | INFO  | DNAudit | user=null | ip=null | op=WRITE_CHUNK {blockData=conID: 2 locID: 102666070638396100 bcsId: 5505} | ret=SUCCESS |  
2019-08-23 11:31:55,925 | INFO  | DNAudit | user=null | ip=null | op=WRITE_CHUNK {blockData=conID: 2 locID: 102666070638396100 bcsId: 5505} | ret=SUCCESS |  
2019-08-23 11:31:55,926 | INFO  | DNAudit | user=null | ip=null | op=PUT_BLOCK {blockData=[blockId=conID: 2 locID: 102666070638396100 bcsId: 0,size=4194304]} | ret=SUCCESS |  
2019-08-23 11:31:55,926 | INFO  | DNAudit | user=null | ip=null | op=PUT_BLOCK {blockData=[blockId=conID: 2 locID: 102666070638396100 bcsId: 0,size=4194304]} | ret=SUCCESS |  
2019-08-23 11:31:55,926 [grpc-default-executor-4] INFO  client.GrpcClientProtocolClient (GrpcClientProtocolClient.java:onNext(255)) - client-C9E345EC67ED->244f13ac-34be-4c4e-8e45-0c0272edbbb2: receive RaftClientReply:client-C9E345EC67ED->244f13ac-34be-4c4e-8e45-0c0272edbbb2@group-FE77C852EF02, cid=3649, SUCCESS, logIndex=0, commits[244f13ac-34be-4c4e-8e45-0c0272edbbb2:c5511, 6287e41a-5356-4f55-84f2-270816d53e84:c5509, a2c18d3d-e79d-47c9-88fe-d8a1d195302b:c5509]
2019-08-23 11:31:55,932 | INFO  | SCMAudit | user=jenkins1000 | ip=192.168.5.185 | op=ALLOCATE_BLOCK {owner=00a23185-76ea-47b5-a641-ad3cfbe5521a, size=4194304, type=RATIS, factor=THREE} | ret=SUCCESS |  
2019-08-23 11:31:55,936 | INFO  | OMAudit | user=jenkins1000 | ip=127.0.0.1 | op=ALLOCATE_BLOCK {volume=vol-0-37508, bucket=bucket-0-50919, key=key-0-57313, dataSize=0, replicationType=null, replicationFactor=null, keyLocationInfo=null, clientID=102666068570931602} | ret=SUCCESS |  
2019-08-23 11:31:55,943 | INFO  | DNAudit | user=null | ip=null | op=WRITE_CHUNK {blockData=conID: 3 locID: 102666070650520261 bcsId: 0} | ret=SUCCESS |  
2019-08-23 11:31:55,945 | INFO  | DNAudit | user=null | ip=null | op=WRITE_CHUNK {blockData=conID: 3 locID: 102666070650520261 bcsId: 0} | ret=SUCCESS |  
2019-08-23 11:31:55,946 | INFO  | DNAudit | user=null | ip=null | op=WRITE_CHUNK {blockData=conID: 3 locID: 102666070650520261 bcsId: 0} | ret=SUCCESS |  
2019-08-23 11:31:55,947 | INFO  | DNAudit | user=null | ip=null | op=WRITE_CHUNK {blockData=conID: 3 locID: 102666070650520261 bcsId: 0} | ret=SUCCESS |  
2019-08-23 11:31:55,949 | INFO  | DNAudit | user=null | ip=null | op=WRITE_CHUNK {blockData=conID: 3 locID: 102666070650520261 bcsId: 0} | ret=SUCCESS |  
2019-08-23 11:31:55,949 | INFO  | DNAudit | user=null | ip=null | op=WRITE_CHUNK {blockData=conID: 3 locID: 102666070650520261 bcsId: 0} | ret=SUCCESS |  
2019-08-23 11:31:55,955 | INFO  | DNAudit | user=null | ip=null | op=WRITE_CHUNK {blockData=conID: 3 locID: 102666070650520261 bcsId: 0} | ret=SUCCESS |  
2019-08-23 11:31:55,956 | INFO  | DNAudit | user=null | ip=null | op=PUT_BLOCK {blockData=[blockId=conID: 3 locID: 102666070650520261 bcsId: 0,size=1048576]} | ret=SUCCESS |  
2019-08-23 11:31:55,956 [grpc-default-executor-0] INFO  client.GrpcClientProtocolClient (GrpcClientProtocolClient.java:onNext(255)) - client-C9E345EC67ED->244f13ac-34be-4c4e-8e45-0c0272edbbb2: receive RaftClientReply:client-C9E345EC67ED->244f13ac-34be-4c4e-8e45-0c0272edbbb2@group-FE77C852EF02, cid=3650, SUCCESS, logIndex=5512, commits[244f13ac-34be-4c4e-8e45-0c0272edbbb2:c5512, 6287e41a-5356-4f55-84f2-270816d53e84:c5511, a2c18d3d-e79d-47c9-88fe-d8a1d195302b:c5511]
2019-08-23 11:31:55,956 | INFO  | DNAudit | user=null | ip=null | op=WRITE_CHUNK {blockData=conID: 3 locID: 102666070650520261 bcsId: 0} | ret=SUCCESS |  
2019-08-23 11:31:55,957 [grpc-default-executor-0] INFO  client.GrpcClientProtocolClient (GrpcClientProtocolClient.java:onNext(255)) - client-C9E345EC67ED->244f13ac-34be-4c4e-8e45-0c0272edbbb2: receive RaftClientReply:client-C9E345EC67ED->244f13ac-34be-4c4e-8e45-0c0272edbbb2@group-FE77C852EF02, cid=3651, SUCCESS, logIndex=5513, commits[244f13ac-34be-4c4e-8e45-0c0272edbbb2:c5513, 6287e41a-5356-4f55-84f2-270816d53e84:c5511, a2c18d3d-e79d-47c9-88fe-d8a1d195302b:c5511]
2019-08-23 11:31:55,957 | INFO  | DNAudit | user=null | ip=null | op=PUT_BLOCK {blockData=[blockId=conID: 3 locID: 102666070650520261 bcsId: 0,size=2097152]} | ret=SUCCESS |  
2019-08-23 11:31:55,957 [grpc-default-executor-0] INFO  client.GrpcClientProtocolClient (GrpcClientProtocolClient.java:onNext(255)) - client-C9E345EC67ED->244f13ac-34be-4c4e-8e45-0c0272edbbb2: receive RaftClientReply:client-C9E345EC67ED->244f13ac-34be-4c4e-8e45-0c0272edbbb2@group-FE77C852EF02, cid=3652, SUCCESS, logIndex=5514, commits[244f13ac-34be-4c4e-8e45-0c0272edbbb2:c5515, 6287e41a-5356-4f55-84f2-270816d53e84:c5511, a2c18d3d-e79d-47c9-88fe-d8a1d195302b:c5511]
2019-08-23 11:31:55,957 | INFO  | DNAudit | user=null | ip=null | op=WRITE_CHUNK {blockData=conID: 3 locID: 102666070650520261 bcsId: 0} | ret=SUCCESS |  
2019-08-23 11:31:55,957 [grpc-default-executor-1] INFO  client.GrpcClientProtocolClient (GrpcClientProtocolClient.java:onNext(255)) - client-C9E345EC67ED->244f13ac-34be-4c4e-8e45-0c0272edbbb2: receive RaftClientReply:client-C9E345EC67ED->244f13ac-34be-4c4e-8e45-0c0272edbbb2@group-FE77C852EF02, cid=3653, SUCCESS, logIndex=5515, commits[244f13ac-34be-4c4e-8e45-0c0272edbbb2:c5515, 6287e41a-5356-4f55-84f2-270816d53e84:c5511, a2c18d3d-e79d-47c9-88fe-d8a1d195302b:c5511]
2019-08-23 11:31:55,958 | INFO  | DNAudit | user=null | ip=null | op=PUT_BLOCK {blockData=[blockId=conID: 3 locID: 102666070650520261 bcsId: 0,size=1048576]} | ret=SUCCESS |  
2019-08-23 11:31:55,958 | INFO  | DNAudit | user=null | ip=null | op=WRITE_CHUNK {blockData=conID: 3 locID: 102666070650520261 bcsId: 0} | ret=SUCCESS |  
2019-08-23 11:31:55,958 | INFO  | DNAudit | user=null | ip=null | op=PUT_BLOCK {blockData=[blockId=conID: 3 locID: 102666070650520261 bcsId: 0,size=1048576]} | ret=SUCCESS |  
2019-08-23 11:31:55,959 [grpc-default-executor-1] INFO  client.GrpcClientProtocolClient (GrpcClientProtocolClient.java:onNext(255)) - client-C9E345EC67ED->244f13ac-34be-4c4e-8e45-0c0272edbbb2: receive RaftClientReply:client-C9E345EC67ED->244f13ac-34be-4c4e-8e45-0c0272edbbb2@group-FE77C852EF02, cid=3654, SUCCESS, logIndex=0, commits[244f13ac-34be-4c4e-8e45-0c0272edbbb2:c5517, 6287e41a-5356-4f55-84f2-270816d53e84:c5513, a2c18d3d-e79d-47c9-88fe-d8a1d195302b:c5513]
2019-08-23 11:31:55,959 | INFO  | DNAudit | user=null | ip=null | op=WRITE_CHUNK {blockData=conID: 3 locID: 102666070650520261 bcsId: 0} | ret=SUCCESS |  
2019-08-23 11:31:55,959 | INFO  | DNAudit | user=null | ip=null | op=PUT_BLOCK {blockData=[blockId=conID: 3 locID: 102666070650520261 bcsId: 0,size=2097152]} | ret=SUCCESS |  
2019-08-23 11:31:55,959 | INFO  | DNAudit | user=null | ip=null | op=WRITE_CHUNK {blockData=conID: 3 locID: 102666070650520261 bcsId: 0} | ret=SUCCESS |  
2019-08-23 11:31:55,960 | INFO  | DNAudit | user=null | ip=null | op=PUT_BLOCK {blockData=[blockId=conID: 3 locID: 102666070650520261 bcsId: 0,size=2097152]} | ret=SUCCESS |  
2019-08-23 11:31:55,965 | INFO  | DNAudit | user=null | ip=null | op=WRITE_CHUNK {blockData=conID: 3 locID: 102666070650520261 bcsId: 5515} | ret=SUCCESS |  
2019-08-23 11:31:55,968 | INFO  | DNAudit | user=null | ip=null | op=WRITE_CHUNK {blockData=conID: 3 locID: 102666070650520261 bcsId: 5515} | ret=SUCCESS |  
2019-08-23 11:31:55,968 | INFO  | DNAudit | user=null | ip=null | op=WRITE_CHUNK {blockData=conID: 3 locID: 102666070650520261 bcsId: 5515} | ret=SUCCESS |  
2019-08-23 11:31:56,000 | INFO  | DNAudit | user=null | ip=null | op=WRITE_CHUNK {blockData=conID: 3 locID: 102666070650520261 bcsId: 5515} | ret=SUCCESS |  
2019-08-23 11:31:56,001 | INFO  | DNAudit | user=null | ip=null | op=PUT_BLOCK {blockData=[blockId=conID: 3 locID: 102666070650520261 bcsId: 0,size=3145728]} | ret=SUCCESS |  
2019-08-23 11:31:56,001 [grpc-default-executor-0] INFO  client.GrpcClientProtocolClient (GrpcClientProtocolClient.java:onNext(255)) - client-C9E345EC67ED->244f13ac-34be-4c4e-8e45-0c0272edbbb2: receive RaftClientReply:client-C9E345EC67ED->244f13ac-34be-4c4e-8e45-0c0272edbbb2@group-FE77C852EF02, cid=3655, SUCCESS, logIndex=5520, commits[244f13ac-34be-4c4e-8e45-0c0272edbbb2:c5521, 6287e41a-5356-4f55-84f2-270816d53e84:c5519, a2c18d3d-e79d-47c9-88fe-d8a1d195302b:c5519]
2019-08-23 11:31:56,001 [grpc-default-executor-0] INFO  client.GrpcClientProtocolClient (GrpcClientProtocolClient.java:onNext(255)) - client-C9E345EC67ED->244f13ac-34be-4c4e-8e45-0c0272edbbb2: receive RaftClientReply:client-C9E345EC67ED->244f13ac-34be-4c4e-8e45-0c0272edbbb2@group-FE77C852EF02, cid=3656, SUCCESS, logIndex=5521, commits[244f13ac-34be-4c4e-8e45-0c0272edbbb2:c5521, 6287e41a-5356-4f55-84f2-270816d53e84:c5519, a2c18d3d-e79d-47c9-88fe-d8a1d195302b:c5519]
2019-08-23 11:31:56,009 | INFO  | DNAudit | user=null | ip=null | op=WRITE_CHUNK {blockData=conID: 3 locID: 102666070650520261 bcsId: 5521} | ret=SUCCESS |  
2019-08-23 11:31:56,011 | INFO  | DNAudit | user=null | ip=null | op=WRITE_CHUNK {blockData=conID: 3 locID: 102666070650520261 bcsId: 5521} | ret=SUCCESS |  
2019-08-23 11:31:56,011 | INFO  | DNAudit | user=null | ip=null | op=WRITE_CHUNK {blockData=conID: 3 locID: 102666070650520261 bcsId: 5521} | ret=SUCCESS |  
2019-08-23 11:31:56,012 | INFO  | DNAudit | user=null | ip=null | op=WRITE_CHUNK {blockData=conID: 3 locID: 102666070650520261 bcsId: 5515} | ret=SUCCESS |  
2019-08-23 11:31:56,012 | INFO  | DNAudit | user=null | ip=null | op=WRITE_CHUNK {blockData=conID: 3 locID: 102666070650520261 bcsId: 5515} | ret=SUCCESS |  
2019-08-23 11:31:56,013 | INFO  | DNAudit | user=null | ip=null | op=PUT_BLOCK {blockData=[blockId=conID: 3 locID: 102666070650520261 bcsId: 0,size=3145728]} | ret=SUCCESS |  
2019-08-23 11:31:56,013 | INFO  | DNAudit | user=null | ip=null | op=PUT_BLOCK {blockData=[blockId=conID: 3 locID: 102666070650520261 bcsId: 0,size=3145728]} | ret=SUCCESS |  
2019-08-23 11:31:56,014 | INFO  | DNAudit | user=null | ip=null | op=WRITE_CHUNK {blockData=conID: 3 locID: 102666070650520261 bcsId: 5521} | ret=SUCCESS |  
2019-08-23 11:31:56,014 | INFO  | DNAudit | user=null | ip=null | op=PUT_BLOCK {blockData=[blockId=conID: 3 locID: 102666070650520261 bcsId: 0,size=4194304]} | ret=SUCCESS |  
2019-08-23 11:31:56,015 [grpc-default-executor-4] INFO  client.GrpcClientProtocolClient (GrpcClientProtocolClient.java:onNext(255)) - client-C9E345EC67ED->244f13ac-34be-4c4e-8e45-0c0272edbbb2: receive RaftClientReply:client-C9E345EC67ED->244f13ac-34be-4c4e-8e45-0c0272edbbb2@group-FE77C852EF02, cid=3657, SUCCESS, logIndex=5524, commits[244f13ac-34be-4c4e-8e45-0c0272edbbb2:c5524, 6287e41a-5356-4f55-84f2-270816d53e84:c5521, a2c18d3d-e79d-47c9-88fe-d8a1d195302b:c5521]
2019-08-23 11:31:56,015 [grpc-default-executor-4] INFO  client.GrpcClientProtocolClient (GrpcClientProtocolClient.java:onNext(255)) - client-C9E345EC67ED->244f13ac-34be-4c4e-8e45-0c0272edbbb2: receive RaftClientReply:client-C9E345EC67ED->244f13ac-34be-4c4e-8e45-0c0272edbbb2@group-FE77C852EF02, cid=3658, SUCCESS, logIndex=5525, commits[244f13ac-34be-4c4e-8e45-0c0272edbbb2:c5525, 6287e41a-5356-4f55-84f2-270816d53e84:c5521, a2c18d3d-e79d-47c9-88fe-d8a1d195302b:c5521]
2019-08-23 11:31:56,025 | INFO  | DNAudit | user=null | ip=null | op=WRITE_CHUNK {blockData=conID: 3 locID: 102666070650520261 bcsId: 5521} | ret=SUCCESS |  
2019-08-23 11:31:56,025 | INFO  | DNAudit | user=null | ip=null | op=WRITE_CHUNK {blockData=conID: 3 locID: 102666070650520261 bcsId: 5521} | ret=SUCCESS |  
2019-08-23 11:31:56,027 | INFO  | DNAudit | user=null | ip=null | op=PUT_BLOCK {blockData=[blockId=conID: 3 locID: 102666070650520261 bcsId: 0,size=4194304]} | ret=SUCCESS |  
2019-08-23 11:31:56,027 | INFO  | DNAudit | user=null | ip=null | op=PUT_BLOCK {blockData=[blockId=conID: 3 locID: 102666070650520261 bcsId: 0,size=4194304]} | ret=SUCCESS |  
2019-08-23 11:31:56,027 [grpc-default-executor-4] INFO  client.GrpcClientProtocolClient (GrpcClientProtocolClient.java:onNext(255)) - client-C9E345EC67ED->244f13ac-34be-4c4e-8e45-0c0272edbbb2: receive RaftClientReply:client-C9E345EC67ED->244f13ac-34be-4c4e-8e45-0c0272edbbb2@group-FE77C852EF02, cid=3659, SUCCESS, logIndex=0, commits[244f13ac-34be-4c4e-8e45-0c0272edbbb2:c5527, 6287e41a-5356-4f55-84f2-270816d53e84:c5525, a2c18d3d-e79d-47c9-88fe-d8a1d195302b:c5525]
2019-08-23 11:31:56,036 | INFO  | SCMAudit | user=jenkins1000 | ip=192.168.5.185 | op=ALLOCATE_BLOCK {owner=00a23185-76ea-47b5-a641-ad3cfbe5521a, size=4194304, type=RATIS, factor=THREE} | ret=SUCCESS |  
2019-08-23 11:31:56,042 | INFO  | OMAudit | user=jenkins1000 | ip=127.0.0.1 | op=ALLOCATE_BLOCK {volume=vol-0-37508, bucket=bucket-0-50919, key=key-0-57313, dataSize=0, replicationType=null, replicationFactor=null, keyLocationInfo=null, clientID=102666068570931602} | ret=SUCCESS |  
2019-08-23 11:31:56,049 | INFO  | DNAudit | user=null | ip=null | op=WRITE_CHUNK {blockData=conID: 1 locID: 102666070657336006 bcsId: 0} | ret=SUCCESS |  
2019-08-23 11:31:56,051 | INFO  | DNAudit | user=null | ip=null | op=WRITE_CHUNK {blockData=conID: 1 locID: 102666070657336006 bcsId: 0} | ret=SUCCESS |  
2019-08-23 11:31:56,052 | INFO  | DNAudit | user=null | ip=null | op=WRITE_CHUNK {blockData=conID: 1 locID: 102666070657336006 bcsId: 0} | ret=SUCCESS |  
2019-08-23 11:31:56,052 | INFO  | DNAudit | user=null | ip=null | op=WRITE_CHUNK {blockData=conID: 1 locID: 102666070657336006 bcsId: 0} | ret=SUCCESS |  
2019-08-23 11:31:56,053 | INFO  | DNAudit | user=null | ip=null | op=WRITE_CHUNK {blockData=conID: 1 locID: 102666070657336006 bcsId: 0} | ret=SUCCESS |  
2019-08-23 11:31:56,054 | INFO  | DNAudit | user=null | ip=null | op=WRITE_CHUNK {blockData=conID: 1 locID: 102666070657336006 bcsId: 0} | ret=SUCCESS |  
2019-08-23 11:31:56,073 | INFO  | DNAudit | user=null | ip=null | op=WRITE_CHUNK {blockData=conID: 1 locID: 102666070657336006 bcsId: 0} | ret=SUCCESS |  
2019-08-23 11:31:56,073 | INFO  | DNAudit | user=null | ip=null | op=PUT_BLOCK {blockData=[blockId=conID: 1 locID: 102666070657336006 bcsId: 0,size=1048576]} | ret=SUCCESS |  
2019-08-23 11:31:56,074 | INFO  | DNAudit | user=null | ip=null | op=WRITE_CHUNK {blockData=conID: 1 locID: 102666070657336006 bcsId: 0} | ret=SUCCESS |  
2019-08-23 11:31:56,074 [grpc-default-executor-0] INFO  client.GrpcClientProtocolClient (GrpcClientProtocolClient.java:onNext(255)) - client-C9E345EC67ED->244f13ac-34be-4c4e-8e45-0c0272edbbb2: receive RaftClientReply:client-C9E345EC67ED->244f13ac-34be-4c4e-8e45-0c0272edbbb2@group-FE77C852EF02, cid=3660, SUCCESS, logIndex=5528, commits[244f13ac-34be-4c4e-8e45-0c0272edbbb2:c5530, 6287e41a-5356-4f55-84f2-270816d53e84:c5527, a2c18d3d-e79d-47c9-88fe-d8a1d195302b:c5527]
2019-08-23 11:31:56,074 | INFO  | DNAudit | user=null | ip=null | op=PUT_BLOCK {blockData=[blockId=conID: 1 locID: 102666070657336006 bcsId: 0,size=2097152]} | ret=SUCCESS |  
2019-08-23 11:31:56,074 [grpc-default-executor-0] INFO  client.GrpcClientProtocolClient (GrpcClientProtocolClient.java:onNext(255)) - client-C9E345EC67ED->244f13ac-34be-4c4e-8e45-0c0272edbbb2: receive RaftClientReply:client-C9E345EC67ED->244f13ac-34be-4c4e-8e45-0c0272edbbb2@group-FE77C852EF02, cid=3661, SUCCESS, logIndex=5529, commits[244f13ac-34be-4c4e-8e45-0c0272edbbb2:c5531, 6287e41a-5356-4f55-84f2-270816d53e84:c5527, a2c18d3d-e79d-47c9-88fe-d8a1d195302b:c5527]
2019-08-23 11:31:56,074 [grpc-default-executor-0] INFO  client.GrpcClientProtocolClient (GrpcClientProtocolClient.java:onNext(255)) - client-C9E345EC67ED->244f13ac-34be-4c4e-8e45-0c0272edbbb2: receive RaftClientReply:client-C9E345EC67ED->244f13ac-34be-4c4e-8e45-0c0272edbbb2@group-FE77C852EF02, cid=3662, SUCCESS, logIndex=5530, commits[244f13ac-34be-4c4e-8e45-0c0272edbbb2:c5531, 6287e41a-5356-4f55-84f2-270816d53e84:c5527, a2c18d3d-e79d-47c9-88fe-d8a1d195302b:c5527]
2019-08-23 11:31:56,074 [grpc-default-executor-0] INFO  client.GrpcClientProtocolClient (GrpcClientProtocolClient.java:onNext(255)) - client-C9E345EC67ED->244f13ac-34be-4c4e-8e45-0c0272edbbb2: receive RaftClientReply:client-C9E345EC67ED->244f13ac-34be-4c4e-8e45-0c0272edbbb2@group-FE77C852EF02, cid=3663, SUCCESS, logIndex=5531, commits[244f13ac-34be-4c4e-8e45-0c0272edbbb2:c5531, 6287e41a-5356-4f55-84f2-270816d53e84:c5527, a2c18d3d-e79d-47c9-88fe-d8a1d195302b:c5527]
2019-08-23 11:31:56,084 | INFO  | DNAudit | user=null | ip=null | op=WRITE_CHUNK {blockData=conID: 1 locID: 102666070657336006 bcsId: 0} | ret=SUCCESS |  
2019-08-23 11:31:56,085 | INFO  | DNAudit | user=null | ip=null | op=WRITE_CHUNK {blockData=conID: 1 locID: 102666070657336006 bcsId: 0} | ret=SUCCESS |  
2019-08-23 11:31:56,085 | INFO  | DNAudit | user=null | ip=null | op=PUT_BLOCK {blockData=[blockId=conID: 1 locID: 102666070657336006 bcsId: 0,size=1048576]} | ret=SUCCESS |  
2019-08-23 11:31:56,085 | INFO  | DNAudit | user=null | ip=null | op=WRITE_CHUNK {blockData=conID: 1 locID: 102666070657336006 bcsId: 0} | ret=SUCCESS |  
2019-08-23 11:31:56,086 | INFO  | DNAudit | user=null | ip=null | op=PUT_BLOCK {blockData=[blockId=conID: 1 locID: 102666070657336006 bcsId: 0,size=2097152]} | ret=SUCCESS |  
2019-08-23 11:31:56,086 | INFO  | DNAudit | user=null | ip=null | op=PUT_BLOCK {blockData=[blockId=conID: 1 locID: 102666070657336006 bcsId: 0,size=1048576]} | ret=SUCCESS |  
2019-08-23 11:31:56,086 | INFO  | DNAudit | user=null | ip=null | op=WRITE_CHUNK {blockData=conID: 1 locID: 102666070657336006 bcsId: 0} | ret=SUCCESS |  
2019-08-23 11:31:56,086 | INFO  | DNAudit | user=null | ip=null | op=PUT_BLOCK {blockData=[blockId=conID: 1 locID: 102666070657336006 bcsId: 0,size=2097152]} | ret=SUCCESS |  
2019-08-23 11:31:56,086 [grpc-default-executor-0] INFO  client.GrpcClientProtocolClient (GrpcClientProtocolClient.java:onNext(255)) - client-C9E345EC67ED->244f13ac-34be-4c4e-8e45-0c0272edbbb2: receive RaftClientReply:client-C9E345EC67ED->244f13ac-34be-4c4e-8e45-0c0272edbbb2@group-FE77C852EF02, cid=3664, SUCCESS, logIndex=0, commits[244f13ac-34be-4c4e-8e45-0c0272edbbb2:c5535, 6287e41a-5356-4f55-84f2-270816d53e84:c5529, a2c18d3d-e79d-47c9-88fe-d8a1d195302b:c5531]
2019-08-23 11:31:56,092 | INFO  | DNAudit | user=null | ip=null | op=WRITE_CHUNK {blockData=conID: 1 locID: 102666070657336006 bcsId: 5531} | ret=SUCCESS |  
2019-08-23 11:31:56,094 | INFO  | DNAudit | user=null | ip=null | op=WRITE_CHUNK {blockData=conID: 1 locID: 102666070657336006 bcsId: 5531} | ret=SUCCESS |  
2019-08-23 11:31:56,094 | INFO  | DNAudit | user=null | ip=null | op=WRITE_CHUNK {blockData=conID: 1 locID: 102666070657336006 bcsId: 5531} | ret=SUCCESS |  
2019-08-23 11:31:56,105 | INFO  | DNAudit | user=null | ip=null | op=WRITE_CHUNK {blockData=conID: 1 locID: 102666070657336006 bcsId: 5531} | ret=SUCCESS |  
2019-08-23 11:31:56,105 | INFO  | DNAudit | user=null | ip=null | op=PUT_BLOCK {blockData=[blockId=conID: 1 locID: 102666070657336006 bcsId: 0,size=3145728]} | ret=SUCCESS |  
2019-08-23 11:31:56,106 [grpc-default-executor-4] INFO  client.GrpcClientProtocolClient (GrpcClientProtocolClient.java:onNext(255)) - client-C9E345EC67ED->244f13ac-34be-4c4e-8e45-0c0272edbbb2: receive RaftClientReply:client-C9E345EC67ED->244f13ac-34be-4c4e-8e45-0c0272edbbb2@group-FE77C852EF02, cid=3665, SUCCESS, logIndex=5536, commits[244f13ac-34be-4c4e-8e45-0c0272edbbb2:c5537, 6287e41a-5356-4f55-84f2-270816d53e84:c5535, a2c18d3d-e79d-47c9-88fe-d8a1d195302b:c5535]
2019-08-23 11:31:56,106 [grpc-default-executor-4] INFO  client.GrpcClientProtocolClient (GrpcClientProtocolClient.java:onNext(255)) - client-C9E345EC67ED->244f13ac-34be-4c4e-8e45-0c0272edbbb2: receive RaftClientReply:client-C9E345EC67ED->244f13ac-34be-4c4e-8e45-0c0272edbbb2@group-FE77C852EF02, cid=3666, SUCCESS, logIndex=5537, commits[244f13ac-34be-4c4e-8e45-0c0272edbbb2:c5537, 6287e41a-5356-4f55-84f2-270816d53e84:c5535, a2c18d3d-e79d-47c9-88fe-d8a1d195302b:c5535]
2019-08-23 11:31:56,113 | INFO  | DNAudit | user=null | ip=null | op=WRITE_CHUNK {blockData=conID: 1 locID: 102666070657336006 bcsId: 5537} | ret=SUCCESS |  
2019-08-23 11:31:56,114 | INFO  | DNAudit | user=null | ip=null | op=WRITE_CHUNK {blockData=conID: 1 locID: 102666070657336006 bcsId: 5537} | ret=SUCCESS |  
2019-08-23 11:31:56,114 | INFO  | DNAudit | user=null | ip=null | op=WRITE_CHUNK {blockData=conID: 1 locID: 102666070657336006 bcsId: 5537} | ret=SUCCESS |  
2019-08-23 11:31:56,116 | INFO  | DNAudit | user=null | ip=null | op=WRITE_CHUNK {blockData=conID: 1 locID: 102666070657336006 bcsId: 5531} | ret=SUCCESS |  
2019-08-23 11:31:56,116 | INFO  | DNAudit | user=null | ip=null | op=WRITE_CHUNK {blockData=conID: 1 locID: 102666070657336006 bcsId: 5531} | ret=SUCCESS |  
2019-08-23 11:31:56,118 | INFO  | DNAudit | user=null | ip=null | op=PUT_BLOCK {blockData=[blockId=conID: 1 locID: 102666070657336006 bcsId: 0,size=3145728]} | ret=SUCCESS |  
2019-08-23 11:31:56,118 | INFO  | DNAudit | user=null | ip=null | op=PUT_BLOCK {blockData=[blockId=conID: 1 locID: 102666070657336006 bcsId: 0,size=3145728]} | ret=SUCCESS |  
2019-08-23 11:31:56,118 | INFO  | DNAudit | user=null | ip=null | op=WRITE_CHUNK {blockData=conID: 1 locID: 102666070657336006 bcsId: 5537} | ret=SUCCESS |  
2019-08-23 11:31:56,118 | INFO  | DNAudit | user=null | ip=null | op=PUT_BLOCK {blockData=[blockId=conID: 1 locID: 102666070657336006 bcsId: 0,size=4194304]} | ret=SUCCESS |  
2019-08-23 11:31:56,118 [grpc-default-executor-0] INFO  client.GrpcClientProtocolClient (GrpcClientProtocolClient.java:onNext(255)) - client-C9E345EC67ED->244f13ac-34be-4c4e-8e45-0c0272edbbb2: receive RaftClientReply:client-C9E345EC67ED->244f13ac-34be-4c4e-8e45-0c0272edbbb2@group-FE77C852EF02, cid=3667, SUCCESS, logIndex=5540, commits[244f13ac-34be-4c4e-8e45-0c0272edbbb2:c5541, 6287e41a-5356-4f55-84f2-270816d53e84:c5537, a2c18d3d-e79d-47c9-88fe-d8a1d195302b:c5537]
2019-08-23 11:31:56,119 [grpc-default-executor-0] INFO  client.GrpcClientProtocolClient (GrpcClientProtocolClient.java:onNext(255)) - client-C9E345EC67ED->244f13ac-34be-4c4e-8e45-0c0272edbbb2: receive RaftClientReply:client-C9E345EC67ED->244f13ac-34be-4c4e-8e45-0c0272edbbb2@group-FE77C852EF02, cid=3668, SUCCESS, logIndex=5541, commits[244f13ac-34be-4c4e-8e45-0c0272edbbb2:c5541, 6287e41a-5356-4f55-84f2-270816d53e84:c5537, a2c18d3d-e79d-47c9-88fe-d8a1d195302b:c5537]
2019-08-23 11:31:56,130 | INFO  | DNAudit | user=null | ip=null | op=WRITE_CHUNK {blockData=conID: 1 locID: 102666070657336006 bcsId: 5537} | ret=SUCCESS |  
2019-08-23 11:31:56,130 | INFO  | DNAudit | user=null | ip=null | op=WRITE_CHUNK {blockData=conID: 1 locID: 102666070657336006 bcsId: 5537} | ret=SUCCESS |  
2019-08-23 11:31:56,131 | INFO  | DNAudit | user=null | ip=null | op=PUT_BLOCK {blockData=[blockId=conID: 1 locID: 102666070657336006 bcsId: 0,size=4194304]} | ret=SUCCESS |  
2019-08-23 11:31:56,131 | INFO  | DNAudit | user=null | ip=null | op=PUT_BLOCK {blockData=[blockId=conID: 1 locID: 102666070657336006 bcsId: 0,size=4194304]} | ret=SUCCESS |  
2019-08-23 11:31:56,131 [grpc-default-executor-1] INFO  client.GrpcClientProtocolClient (GrpcClientProtocolClient.java:onNext(255)) - client-C9E345EC67ED->244f13ac-34be-4c4e-8e45-0c0272edbbb2: receive RaftClientReply:client-C9E345EC67ED->244f13ac-34be-4c4e-8e45-0c0272edbbb2@group-FE77C852EF02, cid=3669, SUCCESS, logIndex=0, commits[244f13ac-34be-4c4e-8e45-0c0272edbbb2:c5543, 6287e41a-5356-4f55-84f2-270816d53e84:c5541, a2c18d3d-e79d-47c9-88fe-d8a1d195302b:c5541]
2019-08-23 11:31:56,137 | INFO  | SCMAudit | user=jenkins1000 | ip=192.168.5.185 | op=ALLOCATE_BLOCK {owner=00a23185-76ea-47b5-a641-ad3cfbe5521a, size=4194304, type=RATIS, factor=THREE} | ret=SUCCESS |  
2019-08-23 11:31:56,141 | INFO  | OMAudit | user=jenkins1000 | ip=127.0.0.1 | op=ALLOCATE_BLOCK {volume=vol-0-37508, bucket=bucket-0-50919, key=key-0-57313, dataSize=0, replicationType=null, replicationFactor=null, keyLocationInfo=null, clientID=102666068570931602} | ret=SUCCESS |  
2019-08-23 11:31:56,147 | INFO  | DNAudit | user=null | ip=null | op=WRITE_CHUNK {blockData=conID: 2 locID: 102666070663955143 bcsId: 0} | ret=SUCCESS |  
2019-08-23 11:31:56,149 | INFO  | DNAudit | user=null | ip=null | op=WRITE_CHUNK {blockData=conID: 2 locID: 102666070663955143 bcsId: 0} | ret=SUCCESS |  
2019-08-23 11:31:56,150 | INFO  | DNAudit | user=null | ip=null | op=WRITE_CHUNK {blockData=conID: 2 locID: 102666070663955143 bcsId: 0} | ret=SUCCESS |  
2019-08-23 11:31:56,150 | INFO  | DNAudit | user=null | ip=null | op=WRITE_CHUNK {blockData=conID: 2 locID: 102666070663955143 bcsId: 0} | ret=SUCCESS |  
2019-08-23 11:31:56,152 | INFO  | DNAudit | user=null | ip=null | op=WRITE_CHUNK {blockData=conID: 2 locID: 102666070663955143 bcsId: 0} | ret=SUCCESS |  
2019-08-23 11:31:56,152 | INFO  | DNAudit | user=null | ip=null | op=WRITE_CHUNK {blockData=conID: 2 locID: 102666070663955143 bcsId: 0} | ret=SUCCESS |  
2019-08-23 11:31:56,159 | INFO  | DNAudit | user=null | ip=null | op=WRITE_CHUNK {blockData=conID: 2 locID: 102666070663955143 bcsId: 0} | ret=SUCCESS |  
2019-08-23 11:31:56,159 | INFO  | DNAudit | user=null | ip=null | op=PUT_BLOCK {blockData=[blockId=conID: 2 locID: 102666070663955143 bcsId: 0,size=1048576]} | ret=SUCCESS |  
2019-08-23 11:31:56,159 [grpc-default-executor-1] INFO  client.GrpcClientProtocolClient (GrpcClientProtocolClient.java:onNext(255)) - client-C9E345EC67ED->244f13ac-34be-4c4e-8e45-0c0272edbbb2: receive RaftClientReply:client-C9E345EC67ED->244f13ac-34be-4c4e-8e45-0c0272edbbb2@group-FE77C852EF02, cid=3670, SUCCESS, logIndex=5544, commits[244f13ac-34be-4c4e-8e45-0c0272edbbb2:c5545, 6287e41a-5356-4f55-84f2-270816d53e84:c5543, a2c18d3d-e79d-47c9-88fe-d8a1d195302b:c5543]
2019-08-23 11:31:56,159 [grpc-default-executor-1] INFO  client.GrpcClientProtocolClient (GrpcClientProtocolClient.java:onNext(255)) - client-C9E345EC67ED->244f13ac-34be-4c4e-8e45-0c0272edbbb2: receive RaftClientReply:client-C9E345EC67ED->244f13ac-34be-4c4e-8e45-0c0272edbbb2@group-FE77C852EF02, cid=3671, SUCCESS, logIndex=5545, commits[244f13ac-34be-4c4e-8e45-0c0272edbbb2:c5545, 6287e41a-5356-4f55-84f2-270816d53e84:c5543, a2c18d3d-e79d-47c9-88fe-d8a1d195302b:c5543]
2019-08-23 11:31:56,160 | INFO  | DNAudit | user=null | ip=null | op=WRITE_CHUNK {blockData=conID: 2 locID: 102666070663955143 bcsId: 0} | ret=SUCCESS |  
2019-08-23 11:31:56,160 | INFO  | DNAudit | user=null | ip=null | op=PUT_BLOCK {blockData=[blockId=conID: 2 locID: 102666070663955143 bcsId: 0,size=2097152]} | ret=SUCCESS |  
2019-08-23 11:31:56,160 [grpc-default-executor-4] INFO  client.GrpcClientProtocolClient (GrpcClientProtocolClient.java:onNext(255)) - client-C9E345EC67ED->244f13ac-34be-4c4e-8e45-0c0272edbbb2: receive RaftClientReply:client-C9E345EC67ED->244f13ac-34be-4c4e-8e45-0c0272edbbb2@group-FE77C852EF02, cid=3672, SUCCESS, logIndex=5546, commits[244f13ac-34be-4c4e-8e45-0c0272edbbb2:c5547, 6287e41a-5356-4f55-84f2-270816d53e84:c5543, a2c18d3d-e79d-47c9-88fe-d8a1d195302b:c5543]
2019-08-23 11:31:56,161 [grpc-default-executor-4] INFO  client.GrpcClientProtocolClient (GrpcClientProtocolClient.java:onNext(255)) - client-C9E345EC67ED->244f13ac-34be-4c4e-8e45-0c0272edbbb2: receive RaftClientReply:client-C9E345EC67ED->244f13ac-34be-4c4e-8e45-0c0272edbbb2@group-FE77C852EF02, cid=3673, SUCCESS, logIndex=5547, commits[244f13ac-34be-4c4e-8e45-0c0272edbbb2:c5547, 6287e41a-5356-4f55-84f2-270816d53e84:c5543, a2c18d3d-e79d-47c9-88fe-d8a1d195302b:c5543]
2019-08-23 11:31:56,161 | INFO  | DNAudit | user=null | ip=null | op=WRITE_CHUNK {blockData=conID: 2 locID: 102666070663955143 bcsId: 0} | ret=SUCCESS |  
2019-08-23 11:31:56,161 | INFO  | DNAudit | user=null | ip=null | op=WRITE_CHUNK {blockData=conID: 2 locID: 102666070663955143 bcsId: 0} | ret=SUCCESS |  
2019-08-23 11:31:56,161 | INFO  | DNAudit | user=null | ip=null | op=PUT_BLOCK {blockData=[blockId=conID: 2 locID: 102666070663955143 bcsId: 0,size=1048576]} | ret=SUCCESS |  
2019-08-23 11:31:56,161 | INFO  | DNAudit | user=null | ip=null | op=PUT_BLOCK {blockData=[blockId=conID: 2 locID: 102666070663955143 bcsId: 0,size=1048576]} | ret=SUCCESS |  
2019-08-23 11:31:56,162 [grpc-default-executor-1] INFO  client.GrpcClientProtocolClient (GrpcClientProtocolClient.java:onNext(255)) - client-C9E345EC67ED->244f13ac-34be-4c4e-8e45-0c0272edbbb2: receive RaftClientReply:client-C9E345EC67ED->244f13ac-34be-4c4e-8e45-0c0272edbbb2@group-FE77C852EF02, cid=3674, SUCCESS, logIndex=0, commits[244f13ac-34be-4c4e-8e45-0c0272edbbb2:c5549, 6287e41a-5356-4f55-84f2-270816d53e84:c5545, a2c18d3d-e79d-47c9-88fe-d8a1d195302b:c5545]
2019-08-23 11:31:56,162 | INFO  | DNAudit | user=null | ip=null | op=WRITE_CHUNK {blockData=conID: 2 locID: 102666070663955143 bcsId: 0} | ret=SUCCESS |  
2019-08-23 11:31:56,162 | INFO  | DNAudit | user=null | ip=null | op=WRITE_CHUNK {blockData=conID: 2 locID: 102666070663955143 bcsId: 0} | ret=SUCCESS |  
2019-08-23 11:31:56,162 | INFO  | DNAudit | user=null | ip=null | op=PUT_BLOCK {blockData=[blockId=conID: 2 locID: 102666070663955143 bcsId: 0,size=2097152]} | ret=SUCCESS |  
2019-08-23 11:31:56,163 | INFO  | DNAudit | user=null | ip=null | op=PUT_BLOCK {blockData=[blockId=conID: 2 locID: 102666070663955143 bcsId: 0,size=2097152]} | ret=SUCCESS |  
2019-08-23 11:31:56,168 | INFO  | DNAudit | user=null | ip=null | op=WRITE_CHUNK {blockData=conID: 2 locID: 102666070663955143 bcsId: 5547} | ret=SUCCESS |  
2019-08-23 11:31:56,170 | INFO  | DNAudit | user=null | ip=null | op=WRITE_CHUNK {blockData=conID: 2 locID: 102666070663955143 bcsId: 5547} | ret=SUCCESS |  
2019-08-23 11:31:56,171 | INFO  | DNAudit | user=null | ip=null | op=WRITE_CHUNK {blockData=conID: 2 locID: 102666070663955143 bcsId: 5547} | ret=SUCCESS |  
2019-08-23 11:31:56,183 | INFO  | DNAudit | user=null | ip=null | op=WRITE_CHUNK {blockData=conID: 2 locID: 102666070663955143 bcsId: 5547} | ret=SUCCESS |  
2019-08-23 11:31:56,184 | INFO  | DNAudit | user=null | ip=null | op=PUT_BLOCK {blockData=[blockId=conID: 2 locID: 102666070663955143 bcsId: 0,size=3145728]} | ret=SUCCESS |  
2019-08-23 11:31:56,184 [grpc-default-executor-0] INFO  client.GrpcClientProtocolClient (GrpcClientProtocolClient.java:onNext(255)) - client-C9E345EC67ED->244f13ac-34be-4c4e-8e45-0c0272edbbb2: receive RaftClientReply:client-C9E345EC67ED->244f13ac-34be-4c4e-8e45-0c0272edbbb2@group-FE77C852EF02, cid=3675, SUCCESS, logIndex=5552, commits[244f13ac-34be-4c4e-8e45-0c0272edbbb2:c5553, 6287e41a-5356-4f55-84f2-270816d53e84:c5551, a2c18d3d-e79d-47c9-88fe-d8a1d195302b:c5551]
2019-08-23 11:31:56,184 [grpc-default-executor-0] INFO  client.GrpcClientProtocolClient (GrpcClientProtocolClient.java:onNext(255)) - client-C9E345EC67ED->244f13ac-34be-4c4e-8e45-0c0272edbbb2: receive RaftClientReply:client-C9E345EC67ED->244f13ac-34be-4c4e-8e45-0c0272edbbb2@group-FE77C852EF02, cid=3676, SUCCESS, logIndex=5553, commits[244f13ac-34be-4c4e-8e45-0c0272edbbb2:c5553, 6287e41a-5356-4f55-84f2-270816d53e84:c5551, a2c18d3d-e79d-47c9-88fe-d8a1d195302b:c5551]
2019-08-23 11:31:56,190 | INFO  | DNAudit | user=null | ip=null | op=WRITE_CHUNK {blockData=conID: 2 locID: 102666070663955143 bcsId: 5553} | ret=SUCCESS |  
2019-08-23 11:31:56,192 | INFO  | DNAudit | user=null | ip=null | op=WRITE_CHUNK {blockData=conID: 2 locID: 102666070663955143 bcsId: 5553} | ret=SUCCESS |  
2019-08-23 11:31:56,192 | INFO  | DNAudit | user=null | ip=null | op=WRITE_CHUNK {blockData=conID: 2 locID: 102666070663955143 bcsId: 5553} | ret=SUCCESS |  
2019-08-23 11:31:56,195 | INFO  | DNAudit | user=null | ip=null | op=WRITE_CHUNK {blockData=conID: 2 locID: 102666070663955143 bcsId: 5547} | ret=SUCCESS |  
2019-08-23 11:31:56,195 | INFO  | DNAudit | user=null | ip=null | op=WRITE_CHUNK {blockData=conID: 2 locID: 102666070663955143 bcsId: 5547} | ret=SUCCESS |  
2019-08-23 11:31:56,196 | INFO  | DNAudit | user=null | ip=null | op=PUT_BLOCK {blockData=[blockId=conID: 2 locID: 102666070663955143 bcsId: 0,size=3145728]} | ret=SUCCESS |  
2019-08-23 11:31:56,196 | INFO  | DNAudit | user=null | ip=null | op=PUT_BLOCK {blockData=[blockId=conID: 2 locID: 102666070663955143 bcsId: 0,size=3145728]} | ret=SUCCESS |  
2019-08-23 11:31:56,196 | INFO  | DNAudit | user=null | ip=null | op=WRITE_CHUNK {blockData=conID: 2 locID: 102666070663955143 bcsId: 5553} | ret=SUCCESS |  
2019-08-23 11:31:56,197 | INFO  | DNAudit | user=null | ip=null | op=PUT_BLOCK {blockData=[blockId=conID: 2 locID: 102666070663955143 bcsId: 0,size=4194304]} | ret=SUCCESS |  
2019-08-23 11:31:56,197 [grpc-default-executor-1] INFO  client.GrpcClientProtocolClient (GrpcClientProtocolClient.java:onNext(255)) - client-C9E345EC67ED->244f13ac-34be-4c4e-8e45-0c0272edbbb2: receive RaftClientReply:client-C9E345EC67ED->244f13ac-34be-4c4e-8e45-0c0272edbbb2@group-FE77C852EF02, cid=3677, SUCCESS, logIndex=5556, commits[244f13ac-34be-4c4e-8e45-0c0272edbbb2:c5556, 6287e41a-5356-4f55-84f2-270816d53e84:c5553, a2c18d3d-e79d-47c9-88fe-d8a1d195302b:c5553]
2019-08-23 11:31:56,197 [grpc-default-executor-1] INFO  client.GrpcClientProtocolClient (GrpcClientProtocolClient.java:onNext(255)) - client-C9E345EC67ED->244f13ac-34be-4c4e-8e45-0c0272edbbb2: receive RaftClientReply:client-C9E345EC67ED->244f13ac-34be-4c4e-8e45-0c0272edbbb2@group-FE77C852EF02, cid=3678, SUCCESS, logIndex=5557, commits[244f13ac-34be-4c4e-8e45-0c0272edbbb2:c5557, 6287e41a-5356-4f55-84f2-270816d53e84:c5553, a2c18d3d-e79d-47c9-88fe-d8a1d195302b:c5553]
2019-08-23 11:31:56,208 | INFO  | DNAudit | user=null | ip=null | op=WRITE_CHUNK {blockData=conID: 2 locID: 102666070663955143 bcsId: 5553} | ret=SUCCESS |  
2019-08-23 11:31:56,208 | INFO  | DNAudit | user=null | ip=null | op=WRITE_CHUNK {blockData=conID: 2 locID: 102666070663955143 bcsId: 5553} | ret=SUCCESS |  
2019-08-23 11:31:56,209 | INFO  | DNAudit | user=null | ip=null | op=PUT_BLOCK {blockData=[blockId=conID: 2 locID: 102666070663955143 bcsId: 0,size=4194304]} | ret=SUCCESS |  
2019-08-23 11:31:56,209 | INFO  | DNAudit | user=null | ip=null | op=PUT_BLOCK {blockData=[blockId=conID: 2 locID: 102666070663955143 bcsId: 0,size=4194304]} | ret=SUCCESS |  
2019-08-23 11:31:56,209 [grpc-default-executor-1] INFO  client.GrpcClientProtocolClient (GrpcClientProtocolClient.java:onNext(255)) - client-C9E345EC67ED->244f13ac-34be-4c4e-8e45-0c0272edbbb2: receive RaftClientReply:client-C9E345EC67ED->244f13ac-34be-4c4e-8e45-0c0272edbbb2@group-FE77C852EF02, cid=3679, SUCCESS, logIndex=0, commits[244f13ac-34be-4c4e-8e45-0c0272edbbb2:c5559, 6287e41a-5356-4f55-84f2-270816d53e84:c5557, a2c18d3d-e79d-47c9-88fe-d8a1d195302b:c5557]
2019-08-23 11:31:56,215 | INFO  | SCMAudit | user=jenkins1000 | ip=192.168.5.185 | op=ALLOCATE_BLOCK {owner=00a23185-76ea-47b5-a641-ad3cfbe5521a, size=4194304, type=RATIS, factor=THREE} | ret=SUCCESS |  
2019-08-23 11:31:56,219 | INFO  | OMAudit | user=jenkins1000 | ip=127.0.0.1 | op=ALLOCATE_BLOCK {volume=vol-0-37508, bucket=bucket-0-50919, key=key-0-57313, dataSize=0, replicationType=null, replicationFactor=null, keyLocationInfo=null, clientID=102666068570931602} | ret=SUCCESS |  
2019-08-23 11:31:56,225 | INFO  | DNAudit | user=null | ip=null | op=WRITE_CHUNK {blockData=conID: 3 locID: 102666070669066952 bcsId: 0} | ret=SUCCESS |  
2019-08-23 11:31:56,226 | INFO  | DNAudit | user=null | ip=null | op=WRITE_CHUNK {blockData=conID: 3 locID: 102666070669066952 bcsId: 0} | ret=SUCCESS |  
2019-08-23 11:31:56,227 | INFO  | DNAudit | user=null | ip=null | op=WRITE_CHUNK {blockData=conID: 3 locID: 102666070669066952 bcsId: 0} | ret=SUCCESS |  
2019-08-23 11:31:56,228 | INFO  | DNAudit | user=null | ip=null | op=WRITE_CHUNK {blockData=conID: 3 locID: 102666070669066952 bcsId: 0} | ret=SUCCESS |  
2019-08-23 11:31:56,229 | INFO  | DNAudit | user=null | ip=null | op=WRITE_CHUNK {blockData=conID: 3 locID: 102666070669066952 bcsId: 0} | ret=SUCCESS |  
2019-08-23 11:31:56,229 | INFO  | DNAudit | user=null | ip=null | op=WRITE_CHUNK {blockData=conID: 3 locID: 102666070669066952 bcsId: 0} | ret=SUCCESS |  
2019-08-23 11:31:56,238 | INFO  | DNAudit | user=null | ip=null | op=WRITE_CHUNK {blockData=conID: 3 locID: 102666070669066952 bcsId: 0} | ret=SUCCESS |  
2019-08-23 11:31:56,239 | INFO  | DNAudit | user=null | ip=null | op=PUT_BLOCK {blockData=[blockId=conID: 3 locID: 102666070669066952 bcsId: 0,size=1048576]} | ret=SUCCESS |  
2019-08-23 11:31:56,239 | INFO  | DNAudit | user=null | ip=null | op=WRITE_CHUNK {blockData=conID: 3 locID: 102666070669066952 bcsId: 0} | ret=SUCCESS |  
2019-08-23 11:31:56,239 [grpc-default-executor-1] INFO  client.GrpcClientProtocolClient (GrpcClientProtocolClient.java:onNext(255)) - client-C9E345EC67ED->244f13ac-34be-4c4e-8e45-0c0272edbbb2: receive RaftClientReply:client-C9E345EC67ED->244f13ac-34be-4c4e-8e45-0c0272edbbb2@group-FE77C852EF02, cid=3680, SUCCESS, logIndex=5560, commits[244f13ac-34be-4c4e-8e45-0c0272edbbb2:c5561, 6287e41a-5356-4f55-84f2-270816d53e84:c5559, a2c18d3d-e79d-47c9-88fe-d8a1d195302b:c5559]
2019-08-23 11:31:56,239 | INFO  | DNAudit | user=null | ip=null | op=PUT_BLOCK {blockData=[blockId=conID: 3 locID: 102666070669066952 bcsId: 0,size=2097152]} | ret=SUCCESS |  
2019-08-23 11:31:56,239 [grpc-default-executor-1] INFO  client.GrpcClientProtocolClient (GrpcClientProtocolClient.java:onNext(255)) - client-C9E345EC67ED->244f13ac-34be-4c4e-8e45-0c0272edbbb2: receive RaftClientReply:client-C9E345EC67ED->244f13ac-34be-4c4e-8e45-0c0272edbbb2@group-FE77C852EF02, cid=3681, SUCCESS, logIndex=5561, commits[244f13ac-34be-4c4e-8e45-0c0272edbbb2:c5562, 6287e41a-5356-4f55-84f2-270816d53e84:c5559, a2c18d3d-e79d-47c9-88fe-d8a1d195302b:c5559]
2019-08-23 11:31:56,240 [grpc-default-executor-1] INFO  client.GrpcClientProtocolClient (GrpcClientProtocolClient.java:onNext(255)) - client-C9E345EC67ED->244f13ac-34be-4c4e-8e45-0c0272edbbb2: receive RaftClientReply:client-C9E345EC67ED->244f13ac-34be-4c4e-8e45-0c0272edbbb2@group-FE77C852EF02, cid=3682, SUCCESS, logIndex=5562, commits[244f13ac-34be-4c4e-8e45-0c0272edbbb2:c5563, 6287e41a-5356-4f55-84f2-270816d53e84:c5559, a2c18d3d-e79d-47c9-88fe-d8a1d195302b:c5559]
2019-08-23 11:31:56,240 | INFO  | DNAudit | user=null | ip=null | op=WRITE_CHUNK {blockData=conID: 3 locID: 102666070669066952 bcsId: 0} | ret=SUCCESS |  
2019-08-23 11:31:56,240 | INFO  | DNAudit | user=null | ip=null | op=PUT_BLOCK {blockData=[blockId=conID: 3 locID: 102666070669066952 bcsId: 0,size=1048576]} | ret=SUCCESS |  
2019-08-23 11:31:56,240 [grpc-default-executor-0] INFO  client.GrpcClientProtocolClient (GrpcClientProtocolClient.java:onNext(255)) - client-C9E345EC67ED->244f13ac-34be-4c4e-8e45-0c0272edbbb2: receive RaftClientReply:client-C9E345EC67ED->244f13ac-34be-4c4e-8e45-0c0272edbbb2@group-FE77C852EF02, cid=3683, SUCCESS, logIndex=5563, commits[244f13ac-34be-4c4e-8e45-0c0272edbbb2:c5563, 6287e41a-5356-4f55-84f2-270816d53e84:c5559, a2c18d3d-e79d-47c9-88fe-d8a1d195302b:c5559]
2019-08-23 11:31:56,240 | INFO  | DNAudit | user=null | ip=null | op=WRITE_CHUNK {blockData=conID: 3 locID: 102666070669066952 bcsId: 0} | ret=SUCCESS |  
2019-08-23 11:31:56,240 | INFO  | DNAudit | user=null | ip=null | op=PUT_BLOCK {blockData=[blockId=conID: 3 locID: 102666070669066952 bcsId: 0,size=1048576]} | ret=SUCCESS |  
2019-08-23 11:31:56,241 | INFO  | DNAudit | user=null | ip=null | op=WRITE_CHUNK {blockData=conID: 3 locID: 102666070669066952 bcsId: 0} | ret=SUCCESS |  
2019-08-23 11:31:56,241 | INFO  | DNAudit | user=null | ip=null | op=PUT_BLOCK {blockData=[blockId=conID: 3 locID: 102666070669066952 bcsId: 0,size=2097152]} | ret=SUCCESS |  
2019-08-23 11:31:56,241 [grpc-default-executor-0] INFO  client.GrpcClientProtocolClient (GrpcClientProtocolClient.java:onNext(255)) - client-C9E345EC67ED->244f13ac-34be-4c4e-8e45-0c0272edbbb2: receive RaftClientReply:client-C9E345EC67ED->244f13ac-34be-4c4e-8e45-0c0272edbbb2@group-FE77C852EF02, cid=3684, SUCCESS, logIndex=0, commits[244f13ac-34be-4c4e-8e45-0c0272edbbb2:c5565, 6287e41a-5356-4f55-84f2-270816d53e84:c5561, a2c18d3d-e79d-47c9-88fe-d8a1d195302b:c5561]
2019-08-23 11:31:56,241 | INFO  | DNAudit | user=null | ip=null | op=WRITE_CHUNK {blockData=conID: 3 locID: 102666070669066952 bcsId: 0} | ret=SUCCESS |  
2019-08-23 11:31:56,241 | INFO  | DNAudit | user=null | ip=null | op=PUT_BLOCK {blockData=[blockId=conID: 3 locID: 102666070669066952 bcsId: 0,size=2097152]} | ret=SUCCESS |  
2019-08-23 11:31:56,246 | INFO  | DNAudit | user=null | ip=null | op=WRITE_CHUNK {blockData=conID: 3 locID: 102666070669066952 bcsId: 5563} | ret=SUCCESS |  
2019-08-23 11:31:56,248 | INFO  | DNAudit | user=null | ip=null | op=WRITE_CHUNK {blockData=conID: 3 locID: 102666070669066952 bcsId: 5563} | ret=SUCCESS |  
2019-08-23 11:31:56,248 | INFO  | DNAudit | user=null | ip=null | op=WRITE_CHUNK {blockData=conID: 3 locID: 102666070669066952 bcsId: 5563} | ret=SUCCESS |  
2019-08-23 11:31:56,259 | INFO  | DNAudit | user=null | ip=null | op=WRITE_CHUNK {blockData=conID: 3 locID: 102666070669066952 bcsId: 5563} | ret=SUCCESS |  
2019-08-23 11:31:56,259 | INFO  | DNAudit | user=null | ip=null | op=PUT_BLOCK {blockData=[blockId=conID: 3 locID: 102666070669066952 bcsId: 0,size=3145728]} | ret=SUCCESS |  
2019-08-23 11:31:56,259 [grpc-default-executor-0] INFO  client.GrpcClientProtocolClient (GrpcClientProtocolClient.java:onNext(255)) - client-C9E345EC67ED->244f13ac-34be-4c4e-8e45-0c0272edbbb2: receive RaftClientReply:client-C9E345EC67ED->244f13ac-34be-4c4e-8e45-0c0272edbbb2@group-FE77C852EF02, cid=3685, SUCCESS, logIndex=5568, commits[244f13ac-34be-4c4e-8e45-0c0272edbbb2:c5569, 6287e41a-5356-4f55-84f2-270816d53e84:c5567, a2c18d3d-e79d-47c9-88fe-d8a1d195302b:c5567]
2019-08-23 11:31:56,260 [grpc-default-executor-0] INFO  client.GrpcClientProtocolClient (GrpcClientProtocolClient.java:onNext(255)) - client-C9E345EC67ED->244f13ac-34be-4c4e-8e45-0c0272edbbb2: receive RaftClientReply:client-C9E345EC67ED->244f13ac-34be-4c4e-8e45-0c0272edbbb2@group-FE77C852EF02, cid=3686, SUCCESS, logIndex=5569, commits[244f13ac-34be-4c4e-8e45-0c0272edbbb2:c5569, 6287e41a-5356-4f55-84f2-270816d53e84:c5567, a2c18d3d-e79d-47c9-88fe-d8a1d195302b:c5567]
2019-08-23 11:31:56,260 | INFO  | DNAudit | user=null | ip=null | op=WRITE_CHUNK {blockData=conID: 3 locID: 102666070669066952 bcsId: 5563} | ret=SUCCESS |  
2019-08-23 11:31:56,260 | INFO  | DNAudit | user=null | ip=null | op=WRITE_CHUNK {blockData=conID: 3 locID: 102666070669066952 bcsId: 5563} | ret=SUCCESS |  
2019-08-23 11:31:56,260 | INFO  | DNAudit | user=null | ip=null | op=PUT_BLOCK {blockData=[blockId=conID: 3 locID: 102666070669066952 bcsId: 0,size=3145728]} | ret=SUCCESS |  
2019-08-23 11:31:56,261 | INFO  | DNAudit | user=null | ip=null | op=PUT_BLOCK {blockData=[blockId=conID: 3 locID: 102666070669066952 bcsId: 0,size=3145728]} | ret=SUCCESS |  
2019-08-23 11:31:56,265 | INFO  | DNAudit | user=null | ip=null | op=WRITE_CHUNK {blockData=conID: 3 locID: 102666070669066952 bcsId: 5569} | ret=SUCCESS |  
2019-08-23 11:31:56,267 | INFO  | DNAudit | user=null | ip=null | op=WRITE_CHUNK {blockData=conID: 3 locID: 102666070669066952 bcsId: 5569} | ret=SUCCESS |  
2019-08-23 11:31:56,267 | INFO  | DNAudit | user=null | ip=null | op=WRITE_CHUNK {blockData=conID: 3 locID: 102666070669066952 bcsId: 5569} | ret=SUCCESS |  
2019-08-23 11:31:56,282 | INFO  | DNAudit | user=null | ip=null | op=WRITE_CHUNK {blockData=conID: 3 locID: 102666070669066952 bcsId: 5569} | ret=SUCCESS |  
2019-08-23 11:31:56,282 | INFO  | DNAudit | user=null | ip=null | op=PUT_BLOCK {blockData=[blockId=conID: 3 locID: 102666070669066952 bcsId: 0,size=4194304]} | ret=SUCCESS |  
2019-08-23 11:31:56,283 [grpc-default-executor-5] INFO  client.GrpcClientProtocolClient (GrpcClientProtocolClient.java:onNext(255)) - client-C9E345EC67ED->244f13ac-34be-4c4e-8e45-0c0272edbbb2: receive RaftClientReply:client-C9E345EC67ED->244f13ac-34be-4c4e-8e45-0c0272edbbb2@group-FE77C852EF02, cid=3687, SUCCESS, logIndex=5572, commits[244f13ac-34be-4c4e-8e45-0c0272edbbb2:c5573, 6287e41a-5356-4f55-84f2-270816d53e84:c5571, a2c18d3d-e79d-47c9-88fe-d8a1d195302b:c5571]
2019-08-23 11:31:56,283 [grpc-default-executor-5] INFO  client.GrpcClientProtocolClient (GrpcClientProtocolClient.java:onNext(255)) - client-C9E345EC67ED->244f13ac-34be-4c4e-8e45-0c0272edbbb2: receive RaftClientReply:client-C9E345EC67ED->244f13ac-34be-4c4e-8e45-0c0272edbbb2@group-FE77C852EF02, cid=3688, SUCCESS, logIndex=5573, commits[244f13ac-34be-4c4e-8e45-0c0272edbbb2:c5573, 6287e41a-5356-4f55-84f2-270816d53e84:c5571, a2c18d3d-e79d-47c9-88fe-d8a1d195302b:c5571]
2019-08-23 11:31:56,293 | INFO  | DNAudit | user=null | ip=null | op=WRITE_CHUNK {blockData=conID: 3 locID: 102666070669066952 bcsId: 5569} | ret=SUCCESS |  
2019-08-23 11:31:56,293 | INFO  | DNAudit | user=null | ip=null | op=WRITE_CHUNK {blockData=conID: 3 locID: 102666070669066952 bcsId: 5569} | ret=SUCCESS |  
2019-08-23 11:31:56,294 | INFO  | DNAudit | user=null | ip=null | op=PUT_BLOCK {blockData=[blockId=conID: 3 locID: 102666070669066952 bcsId: 0,size=4194304]} | ret=SUCCESS |  
2019-08-23 11:31:56,295 | INFO  | DNAudit | user=null | ip=null | op=PUT_BLOCK {blockData=[blockId=conID: 3 locID: 102666070669066952 bcsId: 0,size=4194304]} | ret=SUCCESS |  
2019-08-23 11:31:56,295 [grpc-default-executor-5] INFO  client.GrpcClientProtocolClient (GrpcClientProtocolClient.java:onNext(255)) - client-C9E345EC67ED->244f13ac-34be-4c4e-8e45-0c0272edbbb2: receive RaftClientReply:client-C9E345EC67ED->244f13ac-34be-4c4e-8e45-0c0272edbbb2@group-FE77C852EF02, cid=3689, SUCCESS, logIndex=0, commits[244f13ac-34be-4c4e-8e45-0c0272edbbb2:c5574, 6287e41a-5356-4f55-84f2-270816d53e84:c5573, a2c18d3d-e79d-47c9-88fe-d8a1d195302b:c5573]
2019-08-23 11:31:56,300 | INFO  | SCMAudit | user=jenkins1000 | ip=192.168.5.185 | op=ALLOCATE_BLOCK {owner=00a23185-76ea-47b5-a641-ad3cfbe5521a, size=4194304, type=RATIS, factor=THREE} | ret=SUCCESS |  
2019-08-23 11:31:56,304 | INFO  | OMAudit | user=jenkins1000 | ip=127.0.0.1 | op=ALLOCATE_BLOCK {volume=vol-0-37508, bucket=bucket-0-50919, key=key-0-57313, dataSize=0, replicationType=null, replicationFactor=null, keyLocationInfo=null, clientID=102666068570931602} | ret=SUCCESS |  
2019-08-23 11:31:56,310 | INFO  | DNAudit | user=null | ip=null | op=WRITE_CHUNK {blockData=conID: 1 locID: 102666070674637513 bcsId: 0} | ret=SUCCESS |  
2019-08-23 11:31:56,311 | INFO  | DNAudit | user=null | ip=null | op=WRITE_CHUNK {blockData=conID: 1 locID: 102666070674637513 bcsId: 0} | ret=SUCCESS |  
2019-08-23 11:31:56,312 | INFO  | DNAudit | user=null | ip=null | op=WRITE_CHUNK {blockData=conID: 1 locID: 102666070674637513 bcsId: 0} | ret=SUCCESS |  
2019-08-23 11:31:56,312 | INFO  | DNAudit | user=null | ip=null | op=WRITE_CHUNK {blockData=conID: 1 locID: 102666070674637513 bcsId: 0} | ret=SUCCESS |  
2019-08-23 11:31:56,313 | INFO  | DNAudit | user=null | ip=null | op=WRITE_CHUNK {blockData=conID: 1 locID: 102666070674637513 bcsId: 0} | ret=SUCCESS |  
2019-08-23 11:31:56,313 | INFO  | DNAudit | user=null | ip=null | op=WRITE_CHUNK {blockData=conID: 1 locID: 102666070674637513 bcsId: 0} | ret=SUCCESS |  
2019-08-23 11:31:56,324 | INFO  | DNAudit | user=null | ip=null | op=WRITE_CHUNK {blockData=conID: 1 locID: 102666070674637513 bcsId: 0} | ret=SUCCESS |  
2019-08-23 11:31:56,324 | INFO  | DNAudit | user=null | ip=null | op=PUT_BLOCK {blockData=[blockId=conID: 1 locID: 102666070674637513 bcsId: 0,size=1048576]} | ret=SUCCESS |  
2019-08-23 11:31:56,324 | INFO  | DNAudit | user=null | ip=null | op=WRITE_CHUNK {blockData=conID: 1 locID: 102666070674637513 bcsId: 0} | ret=SUCCESS |  
2019-08-23 11:31:56,324 [grpc-default-executor-1] INFO  client.GrpcClientProtocolClient (GrpcClientProtocolClient.java:onNext(255)) - client-C9E345EC67ED->244f13ac-34be-4c4e-8e45-0c0272edbbb2: receive RaftClientReply:client-C9E345EC67ED->244f13ac-34be-4c4e-8e45-0c0272edbbb2@group-FE77C852EF02, cid=3690, SUCCESS, logIndex=5576, commits[244f13ac-34be-4c4e-8e45-0c0272edbbb2:c5578, 6287e41a-5356-4f55-84f2-270816d53e84:c5575, a2c18d3d-e79d-47c9-88fe-d8a1d195302b:c5575]
2019-08-23 11:31:56,324 | INFO  | DNAudit | user=null | ip=null | op=PUT_BLOCK {blockData=[blockId=conID: 1 locID: 102666070674637513 bcsId: 0,size=2097152]} | ret=SUCCESS |  
2019-08-23 11:31:56,325 [grpc-default-executor-1] INFO  client.GrpcClientProtocolClient (GrpcClientProtocolClient.java:onNext(255)) - client-C9E345EC67ED->244f13ac-34be-4c4e-8e45-0c0272edbbb2: receive RaftClientReply:client-C9E345EC67ED->244f13ac-34be-4c4e-8e45-0c0272edbbb2@group-FE77C852EF02, cid=3691, SUCCESS, logIndex=5577, commits[244f13ac-34be-4c4e-8e45-0c0272edbbb2:c5579, 6287e41a-5356-4f55-84f2-270816d53e84:c5575, a2c18d3d-e79d-47c9-88fe-d8a1d195302b:c5575]
2019-08-23 11:31:56,325 [grpc-default-executor-1] INFO  client.GrpcClientProtocolClient (GrpcClientProtocolClient.java:onNext(255)) - client-C9E345EC67ED->244f13ac-34be-4c4e-8e45-0c0272edbbb2: receive RaftClientReply:client-C9E345EC67ED->244f13ac-34be-4c4e-8e45-0c0272edbbb2@group-FE77C852EF02, cid=3692, SUCCESS, logIndex=5578, commits[244f13ac-34be-4c4e-8e45-0c0272edbbb2:c5579, 6287e41a-5356-4f55-84f2-270816d53e84:c5575, a2c18d3d-e79d-47c9-88fe-d8a1d195302b:c5575]
2019-08-23 11:31:56,325 [grpc-default-executor-1] INFO  client.GrpcClientProtocolClient (GrpcClientProtocolClient.java:onNext(255)) - client-C9E345EC67ED->244f13ac-34be-4c4e-8e45-0c0272edbbb2: receive RaftClientReply:client-C9E345EC67ED->244f13ac-34be-4c4e-8e45-0c0272edbbb2@group-FE77C852EF02, cid=3693, SUCCESS, logIndex=5579, commits[244f13ac-34be-4c4e-8e45-0c0272edbbb2:c5579, 6287e41a-5356-4f55-84f2-270816d53e84:c5575, a2c18d3d-e79d-47c9-88fe-d8a1d195302b:c5575]
2019-08-23 11:31:56,335 | INFO  | DNAudit | user=null | ip=null | op=WRITE_CHUNK {blockData=conID: 1 locID: 102666070674637513 bcsId: 0} | ret=SUCCESS |  
2019-08-23 11:31:56,335 | INFO  | DNAudit | user=null | ip=null | op=WRITE_CHUNK {blockData=conID: 1 locID: 102666070674637513 bcsId: 0} | ret=SUCCESS |  
2019-08-23 11:31:56,335 | INFO  | DNAudit | user=null | ip=null | op=PUT_BLOCK {blockData=[blockId=conID: 1 locID: 102666070674637513 bcsId: 0,size=1048576]} | ret=SUCCESS |  
2019-08-23 11:31:56,423 | INFO  | DNAudit | user=null | ip=null | op=PUT_BLOCK {blockData=[blockId=conID: 1 locID: 102666070674637513 bcsId: 0,size=1048576]} | ret=SUCCESS |  
2019-08-23 11:31:56,423 | INFO  | DNAudit | user=null | ip=null | op=WRITE_CHUNK {blockData=conID: 1 locID: 102666070674637513 bcsId: 0} | ret=SUCCESS |  
2019-08-23 11:31:56,423 | INFO  | DNAudit | user=null | ip=null | op=WRITE_CHUNK {blockData=conID: 1 locID: 102666070674637513 bcsId: 0} | ret=SUCCESS |  
2019-08-23 11:31:56,424 | INFO  | DNAudit | user=null | ip=null | op=PUT_BLOCK {blockData=[blockId=conID: 1 locID: 102666070674637513 bcsId: 0,size=2097152]} | ret=SUCCESS |  
2019-08-23 11:31:56,424 | INFO  | DNAudit | user=null | ip=null | op=PUT_BLOCK {blockData=[blockId=conID: 1 locID: 102666070674637513 bcsId: 0,size=2097152]} | ret=SUCCESS |  
2019-08-23 11:31:56,424 [grpc-default-executor-5] INFO  client.GrpcClientProtocolClient (GrpcClientProtocolClient.java:onNext(255)) - client-C9E345EC67ED->244f13ac-34be-4c4e-8e45-0c0272edbbb2: receive RaftClientReply:client-C9E345EC67ED->244f13ac-34be-4c4e-8e45-0c0272edbbb2@group-FE77C852EF02, cid=3694, SUCCESS, logIndex=0, commits[244f13ac-34be-4c4e-8e45-0c0272edbbb2:c5580, 6287e41a-5356-4f55-84f2-270816d53e84:c5577, a2c18d3d-e79d-47c9-88fe-d8a1d195302b:c5577]
2019-08-23 11:31:56,429 | INFO  | DNAudit | user=null | ip=null | op=WRITE_CHUNK {blockData=conID: 1 locID: 102666070674637513 bcsId: 5579} | ret=SUCCESS |  
2019-08-23 11:31:56,430 | INFO  | DNAudit | user=null | ip=null | op=WRITE_CHUNK {blockData=conID: 1 locID: 102666070674637513 bcsId: 5579} | ret=SUCCESS |  
2019-08-23 11:31:56,431 | INFO  | DNAudit | user=null | ip=null | op=WRITE_CHUNK {blockData=conID: 1 locID: 102666070674637513 bcsId: 5579} | ret=SUCCESS |  
2019-08-23 11:31:56,441 | INFO  | DNAudit | user=null | ip=null | op=WRITE_CHUNK {blockData=conID: 1 locID: 102666070674637513 bcsId: 5579} | ret=SUCCESS |  
2019-08-23 11:31:56,441 | INFO  | DNAudit | user=null | ip=null | op=PUT_BLOCK {blockData=[blockId=conID: 1 locID: 102666070674637513 bcsId: 0,size=3145728]} | ret=SUCCESS |  
2019-08-23 11:31:56,442 [grpc-default-executor-0] INFO  client.GrpcClientProtocolClient (GrpcClientProtocolClient.java:onNext(255)) - client-C9E345EC67ED->244f13ac-34be-4c4e-8e45-0c0272edbbb2: receive RaftClientReply:client-C9E345EC67ED->244f13ac-34be-4c4e-8e45-0c0272edbbb2@group-FE77C852EF02, cid=3695, SUCCESS, logIndex=5584, commits[244f13ac-34be-4c4e-8e45-0c0272edbbb2:c5585, 6287e41a-5356-4f55-84f2-270816d53e84:c5583, a2c18d3d-e79d-47c9-88fe-d8a1d195302b:c5583]
2019-08-23 11:31:56,442 [grpc-default-executor-0] INFO  client.GrpcClientProtocolClient (GrpcClientProtocolClient.java:onNext(255)) - client-C9E345EC67ED->244f13ac-34be-4c4e-8e45-0c0272edbbb2: receive RaftClientReply:client-C9E345EC67ED->244f13ac-34be-4c4e-8e45-0c0272edbbb2@group-FE77C852EF02, cid=3696, SUCCESS, logIndex=5585, commits[244f13ac-34be-4c4e-8e45-0c0272edbbb2:c5585, 6287e41a-5356-4f55-84f2-270816d53e84:c5583, a2c18d3d-e79d-47c9-88fe-d8a1d195302b:c5583]
2019-08-23 11:31:56,447 | INFO  | DNAudit | user=null | ip=null | op=WRITE_CHUNK {blockData=conID: 1 locID: 102666070674637513 bcsId: 5585} | ret=SUCCESS |  
2019-08-23 11:31:56,449 | INFO  | DNAudit | user=null | ip=null | op=WRITE_CHUNK {blockData=conID: 1 locID: 102666070674637513 bcsId: 5585} | ret=SUCCESS |  
2019-08-23 11:31:56,449 | INFO  | DNAudit | user=null | ip=null | op=WRITE_CHUNK {blockData=conID: 1 locID: 102666070674637513 bcsId: 5585} | ret=SUCCESS |  
2019-08-23 11:31:56,453 | INFO  | DNAudit | user=null | ip=null | op=WRITE_CHUNK {blockData=conID: 1 locID: 102666070674637513 bcsId: 5579} | ret=SUCCESS |  
2019-08-23 11:31:56,453 | INFO  | DNAudit | user=null | ip=null | op=WRITE_CHUNK {blockData=conID: 1 locID: 102666070674637513 bcsId: 5579} | ret=SUCCESS |  
2019-08-23 11:31:56,453 | INFO  | DNAudit | user=null | ip=null | op=PUT_BLOCK {blockData=[blockId=conID: 1 locID: 102666070674637513 bcsId: 0,size=3145728]} | ret=SUCCESS |  
2019-08-23 11:31:56,453 | INFO  | DNAudit | user=null | ip=null | op=PUT_BLOCK {blockData=[blockId=conID: 1 locID: 102666070674637513 bcsId: 0,size=3145728]} | ret=SUCCESS |  
2019-08-23 11:31:56,454 | INFO  | DNAudit | user=null | ip=null | op=WRITE_CHUNK {blockData=conID: 1 locID: 102666070674637513 bcsId: 5585} | ret=SUCCESS |  
2019-08-23 11:31:56,454 | INFO  | DNAudit | user=null | ip=null | op=PUT_BLOCK {blockData=[blockId=conID: 1 locID: 102666070674637513 bcsId: 0,size=4194304]} | ret=SUCCESS |  
2019-08-23 11:31:56,455 [grpc-default-executor-0] INFO  client.GrpcClientProtocolClient (GrpcClientProtocolClient.java:onNext(255)) - client-C9E345EC67ED->244f13ac-34be-4c4e-8e45-0c0272edbbb2: receive RaftClientReply:client-C9E345EC67ED->244f13ac-34be-4c4e-8e45-0c0272edbbb2@group-FE77C852EF02, cid=3697, SUCCESS, logIndex=5588, commits[244f13ac-34be-4c4e-8e45-0c0272edbbb2:c5589, 6287e41a-5356-4f55-84f2-270816d53e84:c5585, a2c18d3d-e79d-47c9-88fe-d8a1d195302b:c5585]
2019-08-23 11:31:56,455 [grpc-default-executor-0] INFO  client.GrpcClientProtocolClient (GrpcClientProtocolClient.java:onNext(255)) - client-C9E345EC67ED->244f13ac-34be-4c4e-8e45-0c0272edbbb2: receive RaftClientReply:client-C9E345EC67ED->244f13ac-34be-4c4e-8e45-0c0272edbbb2@group-FE77C852EF02, cid=3698, SUCCESS, logIndex=5589, commits[244f13ac-34be-4c4e-8e45-0c0272edbbb2:c5589, 6287e41a-5356-4f55-84f2-270816d53e84:c5585, a2c18d3d-e79d-47c9-88fe-d8a1d195302b:c5585]
2019-08-23 11:31:56,466 | INFO  | DNAudit | user=null | ip=null | op=WRITE_CHUNK {blockData=conID: 1 locID: 102666070674637513 bcsId: 5585} | ret=SUCCESS |  
2019-08-23 11:31:56,466 | INFO  | DNAudit | user=null | ip=null | op=WRITE_CHUNK {blockData=conID: 1 locID: 102666070674637513 bcsId: 5585} | ret=SUCCESS |  
2019-08-23 11:31:56,466 | INFO  | SCMAudit | user=jenkins1000 | ip=192.168.5.185 | op=SEND_HEARTBEAT {datanodeUUID=0d166765-8492-4439-8677-f737a7bc54ca, command=[]} | ret=SUCCESS |  
2019-08-23 11:31:56,466 | INFO  | SCMAudit | user=jenkins1000 | ip=192.168.5.185 | op=SEND_HEARTBEAT {datanodeUUID=6287e41a-5356-4f55-84f2-270816d53e84, command=[]} | ret=SUCCESS |  
2019-08-23 11:31:56,467 | INFO  | DNAudit | user=null | ip=null | op=PUT_BLOCK {blockData=[blockId=conID: 1 locID: 102666070674637513 bcsId: 0,size=4194304]} | ret=SUCCESS |  
2019-08-23 11:31:56,467 | INFO  | SCMAudit | user=jenkins1000 | ip=192.168.5.185 | op=SEND_HEARTBEAT {datanodeUUID=b2c34899-c5c3-4720-9d95-984efeabf4a7, command=[]} | ret=SUCCESS |  
2019-08-23 11:31:56,467 | INFO  | DNAudit | user=null | ip=null | op=PUT_BLOCK {blockData=[blockId=conID: 1 locID: 102666070674637513 bcsId: 0,size=4194304]} | ret=SUCCESS |  
2019-08-23 11:31:56,467 [grpc-default-executor-0] INFO  client.GrpcClientProtocolClient (GrpcClientProtocolClient.java:onNext(255)) - client-C9E345EC67ED->244f13ac-34be-4c4e-8e45-0c0272edbbb2: receive RaftClientReply:client-C9E345EC67ED->244f13ac-34be-4c4e-8e45-0c0272edbbb2@group-FE77C852EF02, cid=3699, SUCCESS, logIndex=0, commits[244f13ac-34be-4c4e-8e45-0c0272edbbb2:c5591, 6287e41a-5356-4f55-84f2-270816d53e84:c5589, a2c18d3d-e79d-47c9-88fe-d8a1d195302b:c5589]
2019-08-23 11:31:56,470 | INFO  | SCMAudit | user=jenkins1000 | ip=192.168.5.185 | op=SEND_HEARTBEAT {datanodeUUID=a2c18d3d-e79d-47c9-88fe-d8a1d195302b, command=[]} | ret=SUCCESS |  
2019-08-23 11:31:56,470 | INFO  | SCMAudit | user=jenkins1000 | ip=192.168.5.185 | op=SEND_HEARTBEAT {datanodeUUID=244f13ac-34be-4c4e-8e45-0c0272edbbb2, command=[]} | ret=SUCCESS |  
 0.00% |█                                                                                                    |  0/1 Time: 0:00:322019-08-23 11:31:56,473 | INFO  | SCMAudit | user=jenkins1000 | ip=192.168.5.185 | op=ALLOCATE_BLOCK {owner=00a23185-76ea-47b5-a641-ad3cfbe5521a, size=4194304, type=RATIS, factor=THREE} | ret=SUCCESS |  
2019-08-23 11:31:56,477 | INFO  | OMAudit | user=jenkins1000 | ip=127.0.0.1 | op=ALLOCATE_BLOCK {volume=vol-0-37508, bucket=bucket-0-50919, key=key-0-57313, dataSize=0, replicationType=null, replicationFactor=null, keyLocationInfo=null, clientID=102666068570931602} | ret=SUCCESS |  
2019-08-23 11:31:56,484 | INFO  | DNAudit | user=null | ip=null | op=WRITE_CHUNK {blockData=conID: 2 locID: 102666070685975242 bcsId: 0} | ret=SUCCESS |  
2019-08-23 11:31:56,485 | INFO  | DNAudit | user=null | ip=null | op=WRITE_CHUNK {blockData=conID: 2 locID: 102666070685975242 bcsId: 0} | ret=SUCCESS |  
2019-08-23 11:31:56,486 | INFO  | DNAudit | user=null | ip=null | op=WRITE_CHUNK {blockData=conID: 2 locID: 102666070685975242 bcsId: 0} | ret=SUCCESS |  
2019-08-23 11:31:56,486 | INFO  | DNAudit | user=null | ip=null | op=WRITE_CHUNK {blockData=conID: 2 locID: 102666070685975242 bcsId: 0} | ret=SUCCESS |  
2019-08-23 11:31:56,488 | INFO  | DNAudit | user=null | ip=null | op=WRITE_CHUNK {blockData=conID: 2 locID: 102666070685975242 bcsId: 0} | ret=SUCCESS |  
2019-08-23 11:31:56,488 | INFO  | DNAudit | user=null | ip=null | op=WRITE_CHUNK {blockData=conID: 2 locID: 102666070685975242 bcsId: 0} | ret=SUCCESS |  
2019-08-23 11:31:56,522 | INFO  | DNAudit | user=null | ip=null | op=WRITE_CHUNK {blockData=conID: 2 locID: 102666070685975242 bcsId: 0} | ret=SUCCESS |  
2019-08-23 11:31:56,523 | INFO  | DNAudit | user=null | ip=null | op=PUT_BLOCK {blockData=[blockId=conID: 2 locID: 102666070685975242 bcsId: 0,size=1048576]} | ret=SUCCESS |  
2019-08-23 11:31:56,523 [grpc-default-executor-4] INFO  client.GrpcClientProtocolClient (GrpcClientProtocolClient.java:onNext(255)) - client-C9E345EC67ED->244f13ac-34be-4c4e-8e45-0c0272edbbb2: receive RaftClientReply:client-C9E345EC67ED->244f13ac-34be-4c4e-8e45-0c0272edbbb2@group-FE77C852EF02, cid=3700, SUCCESS, logIndex=5592, commits[244f13ac-34be-4c4e-8e45-0c0272edbbb2:c5593, 6287e41a-5356-4f55-84f2-270816d53e84:c5591, a2c18d3d-e79d-47c9-88fe-d8a1d195302b:c5591]
2019-08-23 11:31:56,524 | INFO  | DNAudit | user=null | ip=null | op=WRITE_CHUNK {blockData=conID: 2 locID: 102666070685975242 bcsId: 0} | ret=SUCCESS |  
2019-08-23 11:31:56,524 [grpc-default-executor-5] INFO  client.GrpcClientProtocolClient (GrpcClientProtocolClient.java:onNext(255)) - client-C9E345EC67ED->244f13ac-34be-4c4e-8e45-0c0272edbbb2: receive RaftClientReply:client-C9E345EC67ED->244f13ac-34be-4c4e-8e45-0c0272edbbb2@group-FE77C852EF02, cid=3701, SUCCESS, logIndex=5593, commits[244f13ac-34be-4c4e-8e45-0c0272edbbb2:c5593, 6287e41a-5356-4f55-84f2-270816d53e84:c5591, a2c18d3d-e79d-47c9-88fe-d8a1d195302b:c5591]
2019-08-23 11:31:56,524 | INFO  | DNAudit | user=null | ip=null | op=PUT_BLOCK {blockData=[blockId=conID: 2 locID: 102666070685975242 bcsId: 0,size=2097152]} | ret=SUCCESS |  
2019-08-23 11:31:56,524 [grpc-default-executor-5] INFO  client.GrpcClientProtocolClient (GrpcClientProtocolClient.java:onNext(255)) - client-C9E345EC67ED->244f13ac-34be-4c4e-8e45-0c0272edbbb2: receive RaftClientReply:client-C9E345EC67ED->244f13ac-34be-4c4e-8e45-0c0272edbbb2@group-FE77C852EF02, cid=3702, SUCCESS, logIndex=5594, commits[244f13ac-34be-4c4e-8e45-0c0272edbbb2:c5595, 6287e41a-5356-4f55-84f2-270816d53e84:c5591, a2c18d3d-e79d-47c9-88fe-d8a1d195302b:c5591]
2019-08-23 11:31:56,524 [grpc-default-executor-5] INFO  client.GrpcClientProtocolClient (GrpcClientProtocolClient.java:onNext(255)) - client-C9E345EC67ED->244f13ac-34be-4c4e-8e45-0c0272edbbb2: receive RaftClientReply:client-C9E345EC67ED->244f13ac-34be-4c4e-8e45-0c0272edbbb2@group-FE77C852EF02, cid=3703, SUCCESS, logIndex=5595, commits[244f13ac-34be-4c4e-8e45-0c0272edbbb2:c5595, 6287e41a-5356-4f55-84f2-270816d53e84:c5591, a2c18d3d-e79d-47c9-88fe-d8a1d195302b:c5591]
2019-08-23 11:31:56,525 | INFO  | DNAudit | user=null | ip=null | op=WRITE_CHUNK {blockData=conID: 2 locID: 102666070685975242 bcsId: 0} | ret=SUCCESS |  
2019-08-23 11:31:56,525 | INFO  | DNAudit | user=null | ip=null | op=WRITE_CHUNK {blockData=conID: 2 locID: 102666070685975242 bcsId: 0} | ret=SUCCESS |  
2019-08-23 11:31:56,525 | INFO  | DNAudit | user=null | ip=null | op=PUT_BLOCK {blockData=[blockId=conID: 2 locID: 102666070685975242 bcsId: 0,size=1048576]} | ret=SUCCESS |  
2019-08-23 11:31:56,525 | INFO  | DNAudit | user=null | ip=null | op=PUT_BLOCK {blockData=[blockId=conID: 2 locID: 102666070685975242 bcsId: 0,size=1048576]} | ret=SUCCESS |  
2019-08-23 11:31:56,525 [grpc-default-executor-0] INFO  client.GrpcClientProtocolClient (GrpcClientProtocolClient.java:onNext(255)) - client-C9E345EC67ED->244f13ac-34be-4c4e-8e45-0c0272edbbb2: receive RaftClientReply:client-C9E345EC67ED->244f13ac-34be-4c4e-8e45-0c0272edbbb2@group-FE77C852EF02, cid=3704, SUCCESS, logIndex=0, commits[244f13ac-34be-4c4e-8e45-0c0272edbbb2:c5597, 6287e41a-5356-4f55-84f2-270816d53e84:c5593, a2c18d3d-e79d-47c9-88fe-d8a1d195302b:c5593]
2019-08-23 11:31:56,526 | INFO  | DNAudit | user=null | ip=null | op=WRITE_CHUNK {blockData=conID: 2 locID: 102666070685975242 bcsId: 0} | ret=SUCCESS |  
2019-08-23 11:31:56,526 | INFO  | DNAudit | user=null | ip=null | op=WRITE_CHUNK {blockData=conID: 2 locID: 102666070685975242 bcsId: 0} | ret=SUCCESS |  
2019-08-23 11:31:56,527 | INFO  | DNAudit | user=null | ip=null | op=PUT_BLOCK {blockData=[blockId=conID: 2 locID: 102666070685975242 bcsId: 0,size=2097152]} | ret=SUCCESS |  
2019-08-23 11:31:56,527 | INFO  | DNAudit | user=null | ip=null | op=PUT_BLOCK {blockData=[blockId=conID: 2 locID: 102666070685975242 bcsId: 0,size=2097152]} | ret=SUCCESS |  
2019-08-23 11:31:56,531 | INFO  | DNAudit | user=null | ip=null | op=WRITE_CHUNK {blockData=conID: 2 locID: 102666070685975242 bcsId: 5595} | ret=SUCCESS |  
2019-08-23 11:31:56,532 | INFO  | DNAudit | user=null | ip=null | op=WRITE_CHUNK {blockData=conID: 2 locID: 102666070685975242 bcsId: 5595} | ret=SUCCESS |  
2019-08-23 11:31:56,533 | INFO  | DNAudit | user=null | ip=null | op=WRITE_CHUNK {blockData=conID: 2 locID: 102666070685975242 bcsId: 5595} | ret=SUCCESS |  
2019-08-23 11:31:56,540 | INFO  | DNAudit | user=null | ip=null | op=WRITE_CHUNK {blockData=conID: 2 locID: 102666070685975242 bcsId: 5595} | ret=SUCCESS |  
2019-08-23 11:31:56,541 | INFO  | DNAudit | user=null | ip=null | op=PUT_BLOCK {blockData=[blockId=conID: 2 locID: 102666070685975242 bcsId: 0,size=3145728]} | ret=SUCCESS |  
2019-08-23 11:31:56,541 [grpc-default-executor-5] INFO  client.GrpcClientProtocolClient (GrpcClientProtocolClient.java:onNext(255)) - client-C9E345EC67ED->244f13ac-34be-4c4e-8e45-0c0272edbbb2: receive RaftClientReply:client-C9E345EC67ED->244f13ac-34be-4c4e-8e45-0c0272edbbb2@group-FE77C852EF02, cid=3705, SUCCESS, logIndex=5600, commits[244f13ac-34be-4c4e-8e45-0c0272edbbb2:c5601, 6287e41a-5356-4f55-84f2-270816d53e84:c5599, a2c18d3d-e79d-47c9-88fe-d8a1d195302b:c5599]
2019-08-23 11:31:56,541 [grpc-default-executor-5] INFO  client.GrpcClientProtocolClient (GrpcClientProtocolClient.java:onNext(255)) - client-C9E345EC67ED->244f13ac-34be-4c4e-8e45-0c0272edbbb2: receive RaftClientReply:client-C9E345EC67ED->244f13ac-34be-4c4e-8e45-0c0272edbbb2@group-FE77C852EF02, cid=3706, SUCCESS, logIndex=5601, commits[244f13ac-34be-4c4e-8e45-0c0272edbbb2:c5601, 6287e41a-5356-4f55-84f2-270816d53e84:c5599, a2c18d3d-e79d-47c9-88fe-d8a1d195302b:c5599]
2019-08-23 11:31:56,542 | INFO  | DNAudit | user=null | ip=null | op=WRITE_CHUNK {blockData=conID: 2 locID: 102666070685975242 bcsId: 5595} | ret=SUCCESS |  
2019-08-23 11:31:56,542 | INFO  | DNAudit | user=null | ip=null | op=WRITE_CHUNK {blockData=conID: 2 locID: 102666070685975242 bcsId: 5595} | ret=SUCCESS |  
2019-08-23 11:31:56,544 | INFO  | DNAudit | user=null | ip=null | op=PUT_BLOCK {blockData=[blockId=conID: 2 locID: 102666070685975242 bcsId: 0,size=3145728]} | ret=SUCCESS |  
2019-08-23 11:31:56,544 | INFO  | DNAudit | user=null | ip=null | op=PUT_BLOCK {blockData=[blockId=conID: 2 locID: 102666070685975242 bcsId: 0,size=3145728]} | ret=SUCCESS |  
2019-08-23 11:31:56,546 | INFO  | DNAudit | user=null | ip=null | op=WRITE_CHUNK {blockData=conID: 2 locID: 102666070685975242 bcsId: 5601} | ret=SUCCESS |  
2019-08-23 11:31:56,548 | INFO  | DNAudit | user=null | ip=null | op=WRITE_CHUNK {blockData=conID: 2 locID: 102666070685975242 bcsId: 5601} | ret=SUCCESS |  
2019-08-23 11:31:56,548 | INFO  | DNAudit | user=null | ip=null | op=WRITE_CHUNK {blockData=conID: 2 locID: 102666070685975242 bcsId: 5601} | ret=SUCCESS |  
2019-08-23 11:31:56,559 | INFO  | DNAudit | user=null | ip=null | op=WRITE_CHUNK {blockData=conID: 2 locID: 102666070685975242 bcsId: 5601} | ret=SUCCESS |  
2019-08-23 11:31:56,559 | INFO  | DNAudit | user=null | ip=null | op=PUT_BLOCK {blockData=[blockId=conID: 2 locID: 102666070685975242 bcsId: 0,size=4194304]} | ret=SUCCESS |  
2019-08-23 11:31:56,559 [grpc-default-executor-4] INFO  client.GrpcClientProtocolClient (GrpcClientProtocolClient.java:onNext(255)) - client-C9E345EC67ED->244f13ac-34be-4c4e-8e45-0c0272edbbb2: receive RaftClientReply:client-C9E345EC67ED->244f13ac-34be-4c4e-8e45-0c0272edbbb2@group-FE77C852EF02, cid=3707, SUCCESS, logIndex=5604, commits[244f13ac-34be-4c4e-8e45-0c0272edbbb2:c5605, 6287e41a-5356-4f55-84f2-270816d53e84:c5603, a2c18d3d-e79d-47c9-88fe-d8a1d195302b:c5603]
2019-08-23 11:31:56,560 [grpc-default-executor-4] INFO  client.GrpcClientProtocolClient (GrpcClientProtocolClient.java:onNext(255)) - client-C9E345EC67ED->244f13ac-34be-4c4e-8e45-0c0272edbbb2: receive RaftClientReply:client-C9E345EC67ED->244f13ac-34be-4c4e-8e45-0c0272edbbb2@group-FE77C852EF02, cid=3708, SUCCESS, logIndex=5605, commits[244f13ac-34be-4c4e-8e45-0c0272edbbb2:c5605, 6287e41a-5356-4f55-84f2-270816d53e84:c5603, a2c18d3d-e79d-47c9-88fe-d8a1d195302b:c5603]
2019-08-23 11:31:56,570 | INFO  | DNAudit | user=null | ip=null | op=WRITE_CHUNK {blockData=conID: 2 locID: 102666070685975242 bcsId: 5601} | ret=SUCCESS |  
2019-08-23 11:31:56,570 | INFO  | DNAudit | user=null | ip=null | op=WRITE_CHUNK {blockData=conID: 2 locID: 102666070685975242 bcsId: 5601} | ret=SUCCESS |  
2019-08-23 11:31:56,571 | INFO  | DNAudit | user=null | ip=null | op=PUT_BLOCK {blockData=[blockId=conID: 2 locID: 102666070685975242 bcsId: 0,size=4194304]} | ret=SUCCESS |  
2019-08-23 11:31:56,571 | INFO  | DNAudit | user=null | ip=null | op=PUT_BLOCK {blockData=[blockId=conID: 2 locID: 102666070685975242 bcsId: 0,size=4194304]} | ret=SUCCESS |  
2019-08-23 11:31:56,572 [grpc-default-executor-4] INFO  client.GrpcClientProtocolClient (GrpcClientProtocolClient.java:onNext(255)) - client-C9E345EC67ED->244f13ac-34be-4c4e-8e45-0c0272edbbb2: receive RaftClientReply:client-C9E345EC67ED->244f13ac-34be-4c4e-8e45-0c0272edbbb2@group-FE77C852EF02, cid=3709, SUCCESS, logIndex=0, commits[244f13ac-34be-4c4e-8e45-0c0272edbbb2:c5607, 6287e41a-5356-4f55-84f2-270816d53e84:c5605, a2c18d3d-e79d-47c9-88fe-d8a1d195302b:c5605]
2019-08-23 11:31:56,577 | INFO  | SCMAudit | user=jenkins1000 | ip=192.168.5.185 | op=ALLOCATE_BLOCK {owner=00a23185-76ea-47b5-a641-ad3cfbe5521a, size=4194304, type=RATIS, factor=THREE} | ret=SUCCESS |  
2019-08-23 11:31:56,581 | INFO  | OMAudit | user=jenkins1000 | ip=127.0.0.1 | op=ALLOCATE_BLOCK {volume=vol-0-37508, bucket=bucket-0-50919, key=key-0-57313, dataSize=0, replicationType=null, replicationFactor=null, keyLocationInfo=null, clientID=102666068570931602} | ret=SUCCESS |  
2019-08-23 11:31:56,586 | INFO  | DNAudit | user=null | ip=null | op=WRITE_CHUNK {blockData=conID: 3 locID: 102666070692790987 bcsId: 0} | ret=SUCCESS |  
2019-08-23 11:31:56,588 | INFO  | DNAudit | user=null | ip=null | op=WRITE_CHUNK {blockData=conID: 3 locID: 102666070692790987 bcsId: 0} | ret=SUCCESS |  
2019-08-23 11:31:56,589 | INFO  | DNAudit | user=null | ip=null | op=WRITE_CHUNK {blockData=conID: 3 locID: 102666070692790987 bcsId: 0} | ret=SUCCESS |  
2019-08-23 11:31:56,589 | INFO  | DNAudit | user=null | ip=null | op=WRITE_CHUNK {blockData=conID: 3 locID: 102666070692790987 bcsId: 0} | ret=SUCCESS |  
2019-08-23 11:31:56,590 | INFO  | DNAudit | user=null | ip=null | op=WRITE_CHUNK {blockData=conID: 3 locID: 102666070692790987 bcsId: 0} | ret=SUCCESS |  
2019-08-23 11:31:56,591 | INFO  | DNAudit | user=null | ip=null | op=WRITE_CHUNK {blockData=conID: 3 locID: 102666070692790987 bcsId: 0} | ret=SUCCESS |  
2019-08-23 11:31:56,598 | INFO  | DNAudit | user=null | ip=null | op=WRITE_CHUNK {blockData=conID: 3 locID: 102666070692790987 bcsId: 0} | ret=SUCCESS |  
2019-08-23 11:31:56,599 | INFO  | DNAudit | user=null | ip=null | op=PUT_BLOCK {blockData=[blockId=conID: 3 locID: 102666070692790987 bcsId: 0,size=1048576]} | ret=SUCCESS |  
2019-08-23 11:31:56,599 [grpc-default-executor-5] INFO  client.GrpcClientProtocolClient (GrpcClientProtocolClient.java:onNext(255)) - client-C9E345EC67ED->244f13ac-34be-4c4e-8e45-0c0272edbbb2: receive RaftClientReply:client-C9E345EC67ED->244f13ac-34be-4c4e-8e45-0c0272edbbb2@group-FE77C852EF02, cid=3710, SUCCESS, logIndex=5608, commits[244f13ac-34be-4c4e-8e45-0c0272edbbb2:c5609, 6287e41a-5356-4f55-84f2-270816d53e84:c5607, a2c18d3d-e79d-47c9-88fe-d8a1d195302b:c5607]
2019-08-23 11:31:56,599 [grpc-default-executor-5] INFO  client.GrpcClientProtocolClient (GrpcClientProtocolClient.java:onNext(255)) - client-C9E345EC67ED->244f13ac-34be-4c4e-8e45-0c0272edbbb2: receive RaftClientReply:client-C9E345EC67ED->244f13ac-34be-4c4e-8e45-0c0272edbbb2@group-FE77C852EF02, cid=3711, SUCCESS, logIndex=5609, commits[244f13ac-34be-4c4e-8e45-0c0272edbbb2:c5609, 6287e41a-5356-4f55-84f2-270816d53e84:c5607, a2c18d3d-e79d-47c9-88fe-d8a1d195302b:c5607]
2019-08-23 11:31:56,600 | INFO  | DNAudit | user=null | ip=null | op=WRITE_CHUNK {blockData=conID: 3 locID: 102666070692790987 bcsId: 0} | ret=SUCCESS |  
2019-08-23 11:31:56,600 | INFO  | DNAudit | user=null | ip=null | op=PUT_BLOCK {blockData=[blockId=conID: 3 locID: 102666070692790987 bcsId: 0,size=2097152]} | ret=SUCCESS |  
2019-08-23 11:31:56,600 [grpc-default-executor-5] INFO  client.GrpcClientProtocolClient (GrpcClientProtocolClient.java:onNext(255)) - client-C9E345EC67ED->244f13ac-34be-4c4e-8e45-0c0272edbbb2: receive RaftClientReply:client-C9E345EC67ED->244f13ac-34be-4c4e-8e45-0c0272edbbb2@group-FE77C852EF02, cid=3712, SUCCESS, logIndex=5610, commits[244f13ac-34be-4c4e-8e45-0c0272edbbb2:c5610, 6287e41a-5356-4f55-84f2-270816d53e84:c5607, a2c18d3d-e79d-47c9-88fe-d8a1d195302b:c5607]
2019-08-23 11:31:56,600 [grpc-default-executor-5] INFO  client.GrpcClientProtocolClient (GrpcClientProtocolClient.java:onNext(255)) - client-C9E345EC67ED->244f13ac-34be-4c4e-8e45-0c0272edbbb2: receive RaftClientReply:client-C9E345EC67ED->244f13ac-34be-4c4e-8e45-0c0272edbbb2@group-FE77C852EF02, cid=3713, SUCCESS, logIndex=5611, commits[244f13ac-34be-4c4e-8e45-0c0272edbbb2:c5611, 6287e41a-5356-4f55-84f2-270816d53e84:c5607, a2c18d3d-e79d-47c9-88fe-d8a1d195302b:c5607]
2019-08-23 11:31:56,601 | INFO  | DNAudit | user=null | ip=null | op=WRITE_CHUNK {blockData=conID: 3 locID: 102666070692790987 bcsId: 0} | ret=SUCCESS |  
2019-08-23 11:31:56,601 | INFO  | DNAudit | user=null | ip=null | op=WRITE_CHUNK {blockData=conID: 3 locID: 102666070692790987 bcsId: 0} | ret=SUCCESS |  
2019-08-23 11:31:56,602 | INFO  | DNAudit | user=null | ip=null | op=PUT_BLOCK {blockData=[blockId=conID: 3 locID: 102666070692790987 bcsId: 0,size=1048576]} | ret=SUCCESS |  
2019-08-23 11:31:56,602 | INFO  | DNAudit | user=null | ip=null | op=PUT_BLOCK {blockData=[blockId=conID: 3 locID: 102666070692790987 bcsId: 0,size=1048576]} | ret=SUCCESS |  
2019-08-23 11:31:56,602 [grpc-default-executor-5] INFO  client.GrpcClientProtocolClient (GrpcClientProtocolClient.java:onNext(255)) - client-C9E345EC67ED->244f13ac-34be-4c4e-8e45-0c0272edbbb2: receive RaftClientReply:client-C9E345EC67ED->244f13ac-34be-4c4e-8e45-0c0272edbbb2@group-FE77C852EF02, cid=3714, SUCCESS, logIndex=0, commits[244f13ac-34be-4c4e-8e45-0c0272edbbb2:c5612, 6287e41a-5356-4f55-84f2-270816d53e84:c5609, a2c18d3d-e79d-47c9-88fe-d8a1d195302b:c5609]
2019-08-23 11:31:56,603 | INFO  | DNAudit | user=null | ip=null | op=WRITE_CHUNK {blockData=conID: 3 locID: 102666070692790987 bcsId: 0} | ret=SUCCESS |  
2019-08-23 11:31:56,603 | INFO  | DNAudit | user=null | ip=null | op=PUT_BLOCK {blockData=[blockId=conID: 3 locID: 102666070692790987 bcsId: 0,size=2097152]} | ret=SUCCESS |  
2019-08-23 11:31:56,603 | INFO  | DNAudit | user=null | ip=null | op=WRITE_CHUNK {blockData=conID: 3 locID: 102666070692790987 bcsId: 0} | ret=SUCCESS |  
2019-08-23 11:31:56,603 | INFO  | DNAudit | user=null | ip=null | op=PUT_BLOCK {blockData=[blockId=conID: 3 locID: 102666070692790987 bcsId: 0,size=2097152]} | ret=SUCCESS |  
2019-08-23 11:31:56,606 | INFO  | DNAudit | user=null | ip=null | op=WRITE_CHUNK {blockData=conID: 3 locID: 102666070692790987 bcsId: 5611} | ret=SUCCESS |  
2019-08-23 11:31:56,608 | INFO  | DNAudit | user=null | ip=null | op=WRITE_CHUNK {blockData=conID: 3 locID: 102666070692790987 bcsId: 5611} | ret=SUCCESS |  
2019-08-23 11:31:56,608 | INFO  | DNAudit | user=null | ip=null | op=WRITE_CHUNK {blockData=conID: 3 locID: 102666070692790987 bcsId: 5611} | ret=SUCCESS |  
2019-08-23 11:31:56,619 | INFO  | DNAudit | user=null | ip=null | op=WRITE_CHUNK {blockData=conID: 3 locID: 102666070692790987 bcsId: 5611} | ret=SUCCESS |  
2019-08-23 11:31:56,619 | INFO  | DNAudit | user=null | ip=null | op=PUT_BLOCK {blockData=[blockId=conID: 3 locID: 102666070692790987 bcsId: 0,size=3145728]} | ret=SUCCESS |  
2019-08-23 11:31:56,619 [grpc-default-executor-5] INFO  client.GrpcClientProtocolClient (GrpcClientProtocolClient.java:onNext(255)) - client-C9E345EC67ED->244f13ac-34be-4c4e-8e45-0c0272edbbb2: receive RaftClientReply:client-C9E345EC67ED->244f13ac-34be-4c4e-8e45-0c0272edbbb2@group-FE77C852EF02, cid=3715, SUCCESS, logIndex=5616, commits[244f13ac-34be-4c4e-8e45-0c0272edbbb2:c5617, 6287e41a-5356-4f55-84f2-270816d53e84:c5615, a2c18d3d-e79d-47c9-88fe-d8a1d195302b:c5615]
2019-08-23 11:31:56,619 [grpc-default-executor-5] INFO  client.GrpcClientProtocolClient (GrpcClientProtocolClient.java:onNext(255)) - client-C9E345EC67ED->244f13ac-34be-4c4e-8e45-0c0272edbbb2: receive RaftClientReply:client-C9E345EC67ED->244f13ac-34be-4c4e-8e45-0c0272edbbb2@group-FE77C852EF02, cid=3716, SUCCESS, logIndex=5617, commits[244f13ac-34be-4c4e-8e45-0c0272edbbb2:c5617, 6287e41a-5356-4f55-84f2-270816d53e84:c5615, a2c18d3d-e79d-47c9-88fe-d8a1d195302b:c5615]
2019-08-23 11:31:56,624 | INFO  | DNAudit | user=null | ip=null | op=WRITE_CHUNK {blockData=conID: 3 locID: 102666070692790987 bcsId: 5617} | ret=SUCCESS |  
2019-08-23 11:31:56,626 | INFO  | DNAudit | user=null | ip=null | op=WRITE_CHUNK {blockData=conID: 3 locID: 102666070692790987 bcsId: 5617} | ret=SUCCESS |  
2019-08-23 11:31:56,627 | INFO  | DNAudit | user=null | ip=null | op=WRITE_CHUNK {blockData=conID: 3 locID: 102666070692790987 bcsId: 5617} | ret=SUCCESS |  
2019-08-23 11:31:56,631 | INFO  | DNAudit | user=null | ip=null | op=WRITE_CHUNK {blockData=conID: 3 locID: 102666070692790987 bcsId: 5611} | ret=SUCCESS |  
2019-08-23 11:31:56,631 | INFO  | DNAudit | user=null | ip=null | op=WRITE_CHUNK {blockData=conID: 3 locID: 102666070692790987 bcsId: 5611} | ret=SUCCESS |  
2019-08-23 11:31:56,631 | INFO  | DNAudit | user=null | ip=null | op=PUT_BLOCK {blockData=[blockId=conID: 3 locID: 102666070692790987 bcsId: 0,size=3145728]} | ret=SUCCESS |  
2019-08-23 11:31:56,632 | INFO  | DNAudit | user=null | ip=null | op=PUT_BLOCK {blockData=[blockId=conID: 3 locID: 102666070692790987 bcsId: 0,size=3145728]} | ret=SUCCESS |  
2019-08-23 11:31:56,632 | INFO  | DNAudit | user=null | ip=null | op=WRITE_CHUNK {blockData=conID: 3 locID: 102666070692790987 bcsId: 5617} | ret=SUCCESS |  
2019-08-23 11:31:56,633 | INFO  | DNAudit | user=null | ip=null | op=PUT_BLOCK {blockData=[blockId=conID: 3 locID: 102666070692790987 bcsId: 0,size=4194304]} | ret=SUCCESS |  
2019-08-23 11:31:56,633 [grpc-default-executor-0] INFO  client.GrpcClientProtocolClient (GrpcClientProtocolClient.java:onNext(255)) - client-C9E345EC67ED->244f13ac-34be-4c4e-8e45-0c0272edbbb2: receive RaftClientReply:client-C9E345EC67ED->244f13ac-34be-4c4e-8e45-0c0272edbbb2@group-FE77C852EF02, cid=3717, SUCCESS, logIndex=5620, commits[244f13ac-34be-4c4e-8e45-0c0272edbbb2:c5621, 6287e41a-5356-4f55-84f2-270816d53e84:c5617, a2c18d3d-e79d-47c9-88fe-d8a1d195302b:c5617]
2019-08-23 11:31:56,633 [grpc-default-executor-0] INFO  client.GrpcClientProtocolClient (GrpcClientProtocolClient.java:onNext(255)) - client-C9E345EC67ED->244f13ac-34be-4c4e-8e45-0c0272edbbb2: receive RaftClientReply:client-C9E345EC67ED->244f13ac-34be-4c4e-8e45-0c0272edbbb2@group-FE77C852EF02, cid=3718, SUCCESS, logIndex=5621, commits[244f13ac-34be-4c4e-8e45-0c0272edbbb2:c5621, 6287e41a-5356-4f55-84f2-270816d53e84:c5617, a2c18d3d-e79d-47c9-88fe-d8a1d195302b:c5617]
2019-08-23 11:31:56,634 | INFO  | DNAudit | user=null | ip=null | op=WRITE_CHUNK {blockData=conID: 3 locID: 102666070692790987 bcsId: 5617} | ret=SUCCESS |  
2019-08-23 11:31:56,634 | INFO  | DNAudit | user=null | ip=null | op=WRITE_CHUNK {blockData=conID: 3 locID: 102666070692790987 bcsId: 5617} | ret=SUCCESS |  
2019-08-23 11:31:56,635 | INFO  | DNAudit | user=null | ip=null | op=PUT_BLOCK {blockData=[blockId=conID: 3 locID: 102666070692790987 bcsId: 0,size=4194304]} | ret=SUCCESS |  
2019-08-23 11:31:56,635 | INFO  | DNAudit | user=null | ip=null | op=PUT_BLOCK {blockData=[blockId=conID: 3 locID: 102666070692790987 bcsId: 0,size=4194304]} | ret=SUCCESS |  
2019-08-23 11:31:56,635 [grpc-default-executor-0] INFO  client.GrpcClientProtocolClient (GrpcClientProtocolClient.java:onNext(255)) - client-C9E345EC67ED->244f13ac-34be-4c4e-8e45-0c0272edbbb2: receive RaftClientReply:client-C9E345EC67ED->244f13ac-34be-4c4e-8e45-0c0272edbbb2@group-FE77C852EF02, cid=3719, SUCCESS, logIndex=0, commits[244f13ac-34be-4c4e-8e45-0c0272edbbb2:c5623, 6287e41a-5356-4f55-84f2-270816d53e84:c5621, a2c18d3d-e79d-47c9-88fe-d8a1d195302b:c5621]
2019-08-23 11:31:56,641 | INFO  | SCMAudit | user=jenkins1000 | ip=192.168.5.185 | op=ALLOCATE_BLOCK {owner=00a23185-76ea-47b5-a641-ad3cfbe5521a, size=4194304, type=RATIS, factor=THREE} | ret=SUCCESS |  
2019-08-23 11:31:56,645 | INFO  | OMAudit | user=jenkins1000 | ip=127.0.0.1 | op=ALLOCATE_BLOCK {volume=vol-0-37508, bucket=bucket-0-50919, key=key-0-57313, dataSize=0, replicationType=null, replicationFactor=null, keyLocationInfo=null, clientID=102666068570931602} | ret=SUCCESS |  
2019-08-23 11:31:56,650 | INFO  | DNAudit | user=null | ip=null | op=WRITE_CHUNK {blockData=conID: 1 locID: 102666070696985292 bcsId: 0} | ret=SUCCESS |  
2019-08-23 11:31:56,652 | INFO  | DNAudit | user=null | ip=null | op=WRITE_CHUNK {blockData=conID: 1 locID: 102666070696985292 bcsId: 0} | ret=SUCCESS |  
2019-08-23 11:31:56,653 | INFO  | DNAudit | user=null | ip=null | op=WRITE_CHUNK {blockData=conID: 1 locID: 102666070696985292 bcsId: 0} | ret=SUCCESS |  
2019-08-23 11:31:56,653 | INFO  | DNAudit | user=null | ip=null | op=WRITE_CHUNK {blockData=conID: 1 locID: 102666070696985292 bcsId: 0} | ret=SUCCESS |  
2019-08-23 11:31:56,654 | INFO  | DNAudit | user=null | ip=null | op=WRITE_CHUNK {blockData=conID: 1 locID: 102666070696985292 bcsId: 0} | ret=SUCCESS |  
2019-08-23 11:31:56,654 | INFO  | DNAudit | user=null | ip=null | op=WRITE_CHUNK {blockData=conID: 1 locID: 102666070696985292 bcsId: 0} | ret=SUCCESS |  
2019-08-23 11:31:56,662 | INFO  | DNAudit | user=null | ip=null | op=WRITE_CHUNK {blockData=conID: 1 locID: 102666070696985292 bcsId: 0} | ret=SUCCESS |  
2019-08-23 11:31:56,663 | INFO  | DNAudit | user=null | ip=null | op=PUT_BLOCK {blockData=[blockId=conID: 1 locID: 102666070696985292 bcsId: 0,size=1048576]} | ret=SUCCESS |  
2019-08-23 11:31:56,663 [grpc-default-executor-4] INFO  client.GrpcClientProtocolClient (GrpcClientProtocolClient.java:onNext(255)) - client-C9E345EC67ED->244f13ac-34be-4c4e-8e45-0c0272edbbb2: receive RaftClientReply:client-C9E345EC67ED->244f13ac-34be-4c4e-8e45-0c0272edbbb2@group-FE77C852EF02, cid=3720, SUCCESS, logIndex=5624, commits[244f13ac-34be-4c4e-8e45-0c0272edbbb2:c5625, 6287e41a-5356-4f55-84f2-270816d53e84:c5623, a2c18d3d-e79d-47c9-88fe-d8a1d195302b:c5623]
2019-08-23 11:31:56,663 | INFO  | DNAudit | user=null | ip=null | op=WRITE_CHUNK {blockData=conID: 1 locID: 102666070696985292 bcsId: 0} | ret=SUCCESS |  
2019-08-23 11:31:56,663 | INFO  | DNAudit | user=null | ip=null | op=WRITE_CHUNK {blockData=conID: 1 locID: 102666070696985292 bcsId: 0} | ret=SUCCESS |  
2019-08-23 11:31:56,664 | INFO  | DNAudit | user=null | ip=null | op=PUT_BLOCK {blockData=[blockId=conID: 1 locID: 102666070696985292 bcsId: 0,size=1048576]} | ret=SUCCESS |  
2019-08-23 11:31:56,664 [grpc-default-executor-4] INFO  client.GrpcClientProtocolClient (GrpcClientProtocolClient.java:onNext(255)) - client-C9E345EC67ED->244f13ac-34be-4c4e-8e45-0c0272edbbb2: receive RaftClientReply:client-C9E345EC67ED->244f13ac-34be-4c4e-8e45-0c0272edbbb2@group-FE77C852EF02, cid=3721, SUCCESS, logIndex=5625, commits[244f13ac-34be-4c4e-8e45-0c0272edbbb2:c5627, 6287e41a-5356-4f55-84f2-270816d53e84:c5623, a2c18d3d-e79d-47c9-88fe-d8a1d195302b:c5623]
2019-08-23 11:31:56,664 | INFO  | DNAudit | user=null | ip=null | op=PUT_BLOCK {blockData=[blockId=conID: 1 locID: 102666070696985292 bcsId: 0,size=2097152]} | ret=SUCCESS |  
2019-08-23 11:31:56,664 [grpc-default-executor-4] INFO  client.GrpcClientProtocolClient (GrpcClientProtocolClient.java:onNext(255)) - client-C9E345EC67ED->244f13ac-34be-4c4e-8e45-0c0272edbbb2: receive RaftClientReply:client-C9E345EC67ED->244f13ac-34be-4c4e-8e45-0c0272edbbb2@group-FE77C852EF02, cid=3722, SUCCESS, logIndex=5626, commits[244f13ac-34be-4c4e-8e45-0c0272edbbb2:c5627, 6287e41a-5356-4f55-84f2-270816d53e84:c5624, a2c18d3d-e79d-47c9-88fe-d8a1d195302b:c5623]
2019-08-23 11:31:56,664 | INFO  | DNAudit | user=null | ip=null | op=WRITE_CHUNK {blockData=conID: 1 locID: 102666070696985292 bcsId: 0} | ret=SUCCESS |  
2019-08-23 11:31:56,664 | INFO  | DNAudit | user=null | ip=null | op=PUT_BLOCK {blockData=[blockId=conID: 1 locID: 102666070696985292 bcsId: 0,size=1048576]} | ret=SUCCESS |  
2019-08-23 11:31:56,664 [grpc-default-executor-4] INFO  client.GrpcClientProtocolClient (GrpcClientProtocolClient.java:onNext(255)) - client-C9E345EC67ED->244f13ac-34be-4c4e-8e45-0c0272edbbb2: receive RaftClientReply:client-C9E345EC67ED->244f13ac-34be-4c4e-8e45-0c0272edbbb2@group-FE77C852EF02, cid=3723, SUCCESS, logIndex=5627, commits[244f13ac-34be-4c4e-8e45-0c0272edbbb2:c5629, 6287e41a-5356-4f55-84f2-270816d53e84:c5625, a2c18d3d-e79d-47c9-88fe-d8a1d195302b:c5623]
2019-08-23 11:31:56,665 | INFO  | DNAudit | user=null | ip=null | op=WRITE_CHUNK {blockData=conID: 1 locID: 102666070696985292 bcsId: 0} | ret=SUCCESS |  
2019-08-23 11:31:56,665 | INFO  | DNAudit | user=null | ip=null | op=PUT_BLOCK {blockData=[blockId=conID: 1 locID: 102666070696985292 bcsId: 0,size=2097152]} | ret=SUCCESS |  
2019-08-23 11:31:56,665 [grpc-default-executor-4] INFO  client.GrpcClientProtocolClient (GrpcClientProtocolClient.java:onNext(255)) - client-C9E345EC67ED->244f13ac-34be-4c4e-8e45-0c0272edbbb2: receive RaftClientReply:client-C9E345EC67ED->244f13ac-34be-4c4e-8e45-0c0272edbbb2@group-FE77C852EF02, cid=3724, SUCCESS, logIndex=0, commits[244f13ac-34be-4c4e-8e45-0c0272edbbb2:c5629, 6287e41a-5356-4f55-84f2-270816d53e84:c5625, a2c18d3d-e79d-47c9-88fe-d8a1d195302b:c5625]
2019-08-23 11:31:56,665 | INFO  | DNAudit | user=null | ip=null | op=WRITE_CHUNK {blockData=conID: 1 locID: 102666070696985292 bcsId: 0} | ret=SUCCESS |  
2019-08-23 11:31:56,665 | INFO  | DNAudit | user=null | ip=null | op=PUT_BLOCK {blockData=[blockId=conID: 1 locID: 102666070696985292 bcsId: 0,size=2097152]} | ret=SUCCESS |  
2019-08-23 11:31:56,670 | INFO  | DNAudit | user=null | ip=null | op=WRITE_CHUNK {blockData=conID: 1 locID: 102666070696985292 bcsId: 5627} | ret=SUCCESS |  
2019-08-23 11:31:56,672 | INFO  | DNAudit | user=null | ip=null | op=WRITE_CHUNK {blockData=conID: 1 locID: 102666070696985292 bcsId: 5627} | ret=SUCCESS |  
2019-08-23 11:31:56,673 | INFO  | DNAudit | user=null | ip=null | op=WRITE_CHUNK {blockData=conID: 1 locID: 102666070696985292 bcsId: 5627} | ret=SUCCESS |  
2019-08-23 11:31:56,682 | INFO  | DNAudit | user=null | ip=null | op=WRITE_CHUNK {blockData=conID: 1 locID: 102666070696985292 bcsId: 5627} | ret=SUCCESS |  
2019-08-23 11:31:56,682 | INFO  | DNAudit | user=null | ip=null | op=PUT_BLOCK {blockData=[blockId=conID: 1 locID: 102666070696985292 bcsId: 0,size=3145728]} | ret=SUCCESS |  
2019-08-23 11:31:56,683 [grpc-default-executor-4] INFO  client.GrpcClientProtocolClient (GrpcClientProtocolClient.java:onNext(255)) - client-C9E345EC67ED->244f13ac-34be-4c4e-8e45-0c0272edbbb2: receive RaftClientReply:client-C9E345EC67ED->244f13ac-34be-4c4e-8e45-0c0272edbbb2@group-FE77C852EF02, cid=3725, SUCCESS, logIndex=5632, commits[244f13ac-34be-4c4e-8e45-0c0272edbbb2:c5633, 6287e41a-5356-4f55-84f2-270816d53e84:c5631, a2c18d3d-e79d-47c9-88fe-d8a1d195302b:c5631]
2019-08-23 11:31:56,683 [grpc-default-executor-4] INFO  client.GrpcClientProtocolClient (GrpcClientProtocolClient.java:onNext(255)) - client-C9E345EC67ED->244f13ac-34be-4c4e-8e45-0c0272edbbb2: receive RaftClientReply:client-C9E345EC67ED->244f13ac-34be-4c4e-8e45-0c0272edbbb2@group-FE77C852EF02, cid=3726, SUCCESS, logIndex=5633, commits[244f13ac-34be-4c4e-8e45-0c0272edbbb2:c5633, 6287e41a-5356-4f55-84f2-270816d53e84:c5631, a2c18d3d-e79d-47c9-88fe-d8a1d195302b:c5631]
2019-08-23 11:31:56,688 | INFO  | DNAudit | user=null | ip=null | op=WRITE_CHUNK {blockData=conID: 1 locID: 102666070696985292 bcsId: 5633} | ret=SUCCESS |  
2019-08-23 11:31:56,690 | INFO  | DNAudit | user=null | ip=null | op=WRITE_CHUNK {blockData=conID: 1 locID: 102666070696985292 bcsId: 5633} | ret=SUCCESS |  
2019-08-23 11:31:56,690 | INFO  | DNAudit | user=null | ip=null | op=WRITE_CHUNK {blockData=conID: 1 locID: 102666070696985292 bcsId: 5633} | ret=SUCCESS |  
2019-08-23 11:31:56,694 | INFO  | DNAudit | user=null | ip=null | op=WRITE_CHUNK {blockData=conID: 1 locID: 102666070696985292 bcsId: 5627} | ret=SUCCESS |  
2019-08-23 11:31:56,694 | INFO  | DNAudit | user=null | ip=null | op=WRITE_CHUNK {blockData=conID: 1 locID: 102666070696985292 bcsId: 5627} | ret=SUCCESS |  
2019-08-23 11:31:56,694 | INFO  | DNAudit | user=null | ip=null | op=PUT_BLOCK {blockData=[blockId=conID: 1 locID: 102666070696985292 bcsId: 0,size=3145728]} | ret=SUCCESS |  
2019-08-23 11:31:56,695 | INFO  | DNAudit | user=null | ip=null | op=PUT_BLOCK {blockData=[blockId=conID: 1 locID: 102666070696985292 bcsId: 0,size=3145728]} | ret=SUCCESS |  
2019-08-23 11:31:56,695 | INFO  | DNAudit | user=null | ip=null | op=WRITE_CHUNK {blockData=conID: 1 locID: 102666070696985292 bcsId: 5633} | ret=SUCCESS |  
2019-08-23 11:31:56,696 | INFO  | DNAudit | user=null | ip=null | op=PUT_BLOCK {blockData=[blockId=conID: 1 locID: 102666070696985292 bcsId: 0,size=4194304]} | ret=SUCCESS |  
2019-08-23 11:31:56,696 [grpc-default-executor-5] INFO  client.GrpcClientProtocolClient (GrpcClientProtocolClient.java:onNext(255)) - client-C9E345EC67ED->244f13ac-34be-4c4e-8e45-0c0272edbbb2: receive RaftClientReply:client-C9E345EC67ED->244f13ac-34be-4c4e-8e45-0c0272edbbb2@group-FE77C852EF02, cid=3727, SUCCESS, logIndex=5636, commits[244f13ac-34be-4c4e-8e45-0c0272edbbb2:c5637, 6287e41a-5356-4f55-84f2-270816d53e84:c5633, a2c18d3d-e79d-47c9-88fe-d8a1d195302b:c5633]
2019-08-23 11:31:56,696 [grpc-default-executor-5] INFO  client.GrpcClientProtocolClient (GrpcClientProtocolClient.java:onNext(255)) - client-C9E345EC67ED->244f13ac-34be-4c4e-8e45-0c0272edbbb2: receive RaftClientReply:client-C9E345EC67ED->244f13ac-34be-4c4e-8e45-0c0272edbbb2@group-FE77C852EF02, cid=3728, SUCCESS, logIndex=5637, commits[244f13ac-34be-4c4e-8e45-0c0272edbbb2:c5637, 6287e41a-5356-4f55-84f2-270816d53e84:c5633, a2c18d3d-e79d-47c9-88fe-d8a1d195302b:c5633]
2019-08-23 11:31:56,697 | INFO  | DNAudit | user=null | ip=null | op=WRITE_CHUNK {blockData=conID: 1 locID: 102666070696985292 bcsId: 5633} | ret=SUCCESS |  
2019-08-23 11:31:56,697 | INFO  | DNAudit | user=null | ip=null | op=WRITE_CHUNK {blockData=conID: 1 locID: 102666070696985292 bcsId: 5633} | ret=SUCCESS |  
2019-08-23 11:31:56,698 | INFO  | DNAudit | user=null | ip=null | op=PUT_BLOCK {blockData=[blockId=conID: 1 locID: 102666070696985292 bcsId: 0,size=4194304]} | ret=SUCCESS |  
2019-08-23 11:31:56,698 | INFO  | DNAudit | user=null | ip=null | op=PUT_BLOCK {blockData=[blockId=conID: 1 locID: 102666070696985292 bcsId: 0,size=4194304]} | ret=SUCCESS |  
2019-08-23 11:31:56,698 [grpc-default-executor-5] INFO  client.GrpcClientProtocolClient (GrpcClientProtocolClient.java:onNext(255)) - client-C9E345EC67ED->244f13ac-34be-4c4e-8e45-0c0272edbbb2: receive RaftClientReply:client-C9E345EC67ED->244f13ac-34be-4c4e-8e45-0c0272edbbb2@group-FE77C852EF02, cid=3729, SUCCESS, logIndex=0, commits[244f13ac-34be-4c4e-8e45-0c0272edbbb2:c5639, 6287e41a-5356-4f55-84f2-270816d53e84:c5637, a2c18d3d-e79d-47c9-88fe-d8a1d195302b:c5637]
2019-08-23 11:31:56,704 | INFO  | SCMAudit | user=jenkins1000 | ip=192.168.5.185 | op=ALLOCATE_BLOCK {owner=00a23185-76ea-47b5-a641-ad3cfbe5521a, size=4194304, type=RATIS, factor=THREE} | ret=SUCCESS |  
2019-08-23 11:31:56,708 | INFO  | OMAudit | user=jenkins1000 | ip=127.0.0.1 | op=ALLOCATE_BLOCK {volume=vol-0-37508, bucket=bucket-0-50919, key=key-0-57313, dataSize=0, replicationType=null, replicationFactor=null, keyLocationInfo=null, clientID=102666068570931602} | ret=SUCCESS |  
2019-08-23 11:31:56,713 | INFO  | DNAudit | user=null | ip=null | op=WRITE_CHUNK {blockData=conID: 2 locID: 102666070701114061 bcsId: 0} | ret=SUCCESS |  
2019-08-23 11:31:56,715 | INFO  | DNAudit | user=null | ip=null | op=WRITE_CHUNK {blockData=conID: 2 locID: 102666070701114061 bcsId: 0} | ret=SUCCESS |  
2019-08-23 11:31:56,716 | INFO  | DNAudit | user=null | ip=null | op=WRITE_CHUNK {blockData=conID: 2 locID: 102666070701114061 bcsId: 0} | ret=SUCCESS |  
2019-08-23 11:31:56,716 | INFO  | DNAudit | user=null | ip=null | op=WRITE_CHUNK {blockData=conID: 2 locID: 102666070701114061 bcsId: 0} | ret=SUCCESS |  
2019-08-23 11:31:56,717 | INFO  | DNAudit | user=null | ip=null | op=WRITE_CHUNK {blockData=conID: 2 locID: 102666070701114061 bcsId: 0} | ret=SUCCESS |  
2019-08-23 11:31:56,718 | INFO  | DNAudit | user=null | ip=null | op=WRITE_CHUNK {blockData=conID: 2 locID: 102666070701114061 bcsId: 0} | ret=SUCCESS |  
2019-08-23 11:31:56,726 | INFO  | DNAudit | user=null | ip=null | op=WRITE_CHUNK {blockData=conID: 2 locID: 102666070701114061 bcsId: 0} | ret=SUCCESS |  
2019-08-23 11:31:56,726 | INFO  | DNAudit | user=null | ip=null | op=PUT_BLOCK {blockData=[blockId=conID: 2 locID: 102666070701114061 bcsId: 0,size=1048576]} | ret=SUCCESS |  
2019-08-23 11:31:56,726 [grpc-default-executor-5] INFO  client.GrpcClientProtocolClient (GrpcClientProtocolClient.java:onNext(255)) - client-C9E345EC67ED->244f13ac-34be-4c4e-8e45-0c0272edbbb2: receive RaftClientReply:client-C9E345EC67ED->244f13ac-34be-4c4e-8e45-0c0272edbbb2@group-FE77C852EF02, cid=3730, SUCCESS, logIndex=5640, commits[244f13ac-34be-4c4e-8e45-0c0272edbbb2:c5641, 6287e41a-5356-4f55-84f2-270816d53e84:c5639, a2c18d3d-e79d-47c9-88fe-d8a1d195302b:c5639]
2019-08-23 11:31:56,727 | INFO  | DNAudit | user=null | ip=null | op=WRITE_CHUNK {blockData=conID: 2 locID: 102666070701114061 bcsId: 0} | ret=SUCCESS |  
2019-08-23 11:31:56,727 [grpc-default-executor-5] INFO  client.GrpcClientProtocolClient (GrpcClientProtocolClient.java:onNext(255)) - client-C9E345EC67ED->244f13ac-34be-4c4e-8e45-0c0272edbbb2: receive RaftClientReply:client-C9E345EC67ED->244f13ac-34be-4c4e-8e45-0c0272edbbb2@group-FE77C852EF02, cid=3731, SUCCESS, logIndex=5641, commits[244f13ac-34be-4c4e-8e45-0c0272edbbb2:c5641, 6287e41a-5356-4f55-84f2-270816d53e84:c5639, a2c18d3d-e79d-47c9-88fe-d8a1d195302b:c5639]
2019-08-23 11:31:56,727 | INFO  | DNAudit | user=null | ip=null | op=PUT_BLOCK {blockData=[blockId=conID: 2 locID: 102666070701114061 bcsId: 0,size=2097152]} | ret=SUCCESS |  
2019-08-23 11:31:56,727 [grpc-default-executor-0] INFO  client.GrpcClientProtocolClient (GrpcClientProtocolClient.java:onNext(255)) - client-C9E345EC67ED->244f13ac-34be-4c4e-8e45-0c0272edbbb2: receive RaftClientReply:client-C9E345EC67ED->244f13ac-34be-4c4e-8e45-0c0272edbbb2@group-FE77C852EF02, cid=3732, SUCCESS, logIndex=5642, commits[244f13ac-34be-4c4e-8e45-0c0272edbbb2:c5643, 6287e41a-5356-4f55-84f2-270816d53e84:c5639, a2c18d3d-e79d-47c9-88fe-d8a1d195302b:c5639]
2019-08-23 11:31:56,727 [grpc-default-executor-0] INFO  client.GrpcClientProtocolClient (GrpcClientProtocolClient.java:onNext(255)) - client-C9E345EC67ED->244f13ac-34be-4c4e-8e45-0c0272edbbb2: receive RaftClientReply:client-C9E345EC67ED->244f13ac-34be-4c4e-8e45-0c0272edbbb2@group-FE77C852EF02, cid=3733, SUCCESS, logIndex=5643, commits[244f13ac-34be-4c4e-8e45-0c0272edbbb2:c5643, 6287e41a-5356-4f55-84f2-270816d53e84:c5639, a2c18d3d-e79d-47c9-88fe-d8a1d195302b:c5639]
2019-08-23 11:31:56,728 | INFO  | DNAudit | user=null | ip=null | op=WRITE_CHUNK {blockData=conID: 2 locID: 102666070701114061 bcsId: 0} | ret=SUCCESS |  
2019-08-23 11:31:56,728 | INFO  | DNAudit | user=null | ip=null | op=WRITE_CHUNK {blockData=conID: 2 locID: 102666070701114061 bcsId: 0} | ret=SUCCESS |  
2019-08-23 11:31:56,728 | INFO  | DNAudit | user=null | ip=null | op=PUT_BLOCK {blockData=[blockId=conID: 2 locID: 102666070701114061 bcsId: 0,size=1048576]} | ret=SUCCESS |  
2019-08-23 11:31:56,728 | INFO  | DNAudit | user=null | ip=null | op=PUT_BLOCK {blockData=[blockId=conID: 2 locID: 102666070701114061 bcsId: 0,size=1048576]} | ret=SUCCESS |  
2019-08-23 11:31:56,728 [grpc-default-executor-0] INFO  client.GrpcClientProtocolClient (GrpcClientProtocolClient.java:onNext(255)) - client-C9E345EC67ED->244f13ac-34be-4c4e-8e45-0c0272edbbb2: receive RaftClientReply:client-C9E345EC67ED->244f13ac-34be-4c4e-8e45-0c0272edbbb2@group-FE77C852EF02, cid=3734, SUCCESS, logIndex=0, commits[244f13ac-34be-4c4e-8e45-0c0272edbbb2:c5645, 6287e41a-5356-4f55-84f2-270816d53e84:c5641, a2c18d3d-e79d-47c9-88fe-d8a1d195302b:c5641]
2019-08-23 11:31:56,729 | INFO  | DNAudit | user=null | ip=null | op=WRITE_CHUNK {blockData=conID: 2 locID: 102666070701114061 bcsId: 0} | ret=SUCCESS |  
2019-08-23 11:31:56,729 | INFO  | DNAudit | user=null | ip=null | op=WRITE_CHUNK {blockData=conID: 2 locID: 102666070701114061 bcsId: 0} | ret=SUCCESS |  
2019-08-23 11:31:56,729 | INFO  | DNAudit | user=null | ip=null | op=PUT_BLOCK {blockData=[blockId=conID: 2 locID: 102666070701114061 bcsId: 0,size=2097152]} | ret=SUCCESS |  
2019-08-23 11:31:56,731 | INFO  | DNAudit | user=null | ip=null | op=PUT_BLOCK {blockData=[blockId=conID: 2 locID: 102666070701114061 bcsId: 0,size=2097152]} | ret=SUCCESS |  
2019-08-23 11:31:56,733 | INFO  | DNAudit | user=null | ip=null | op=WRITE_CHUNK {blockData=conID: 2 locID: 102666070701114061 bcsId: 5643} | ret=SUCCESS |  
2019-08-23 11:31:56,735 | INFO  | DNAudit | user=null | ip=null | op=WRITE_CHUNK {blockData=conID: 2 locID: 102666070701114061 bcsId: 5643} | ret=SUCCESS |  
2019-08-23 11:31:56,735 | INFO  | DNAudit | user=null | ip=null | op=WRITE_CHUNK {blockData=conID: 2 locID: 102666070701114061 bcsId: 5643} | ret=SUCCESS |  
2019-08-23 11:31:56,748 | INFO  | DNAudit | user=null | ip=null | op=WRITE_CHUNK {blockData=conID: 2 locID: 102666070701114061 bcsId: 5643} | ret=SUCCESS |  
2019-08-23 11:31:56,749 | INFO  | DNAudit | user=null | ip=null | op=PUT_BLOCK {blockData=[blockId=conID: 2 locID: 102666070701114061 bcsId: 0,size=3145728]} | ret=SUCCESS |  
2019-08-23 11:31:56,749 [grpc-default-executor-1] INFO  client.GrpcClientProtocolClient (GrpcClientProtocolClient.java:onNext(255)) - client-C9E345EC67ED->244f13ac-34be-4c4e-8e45-0c0272edbbb2: receive RaftClientReply:client-C9E345EC67ED->244f13ac-34be-4c4e-8e45-0c0272edbbb2@group-FE77C852EF02, cid=3735, SUCCESS, logIndex=5648, commits[244f13ac-34be-4c4e-8e45-0c0272edbbb2:c5649, 6287e41a-5356-4f55-84f2-270816d53e84:c5647, a2c18d3d-e79d-47c9-88fe-d8a1d195302b:c5647]
2019-08-23 11:31:56,749 [grpc-default-executor-1] INFO  client.GrpcClientProtocolClient (GrpcClientProtocolClient.java:onNext(255)) - client-C9E345EC67ED->244f13ac-34be-4c4e-8e45-0c0272edbbb2: receive RaftClientReply:client-C9E345EC67ED->244f13ac-34be-4c4e-8e45-0c0272edbbb2@group-FE77C852EF02, cid=3736, SUCCESS, logIndex=5649, commits[244f13ac-34be-4c4e-8e45-0c0272edbbb2:c5649, 6287e41a-5356-4f55-84f2-270816d53e84:c5647, a2c18d3d-e79d-47c9-88fe-d8a1d195302b:c5647]
2019-08-23 11:31:56,750 | INFO  | DNAudit | user=null | ip=null | op=WRITE_CHUNK {blockData=conID: 2 locID: 102666070701114061 bcsId: 5643} | ret=SUCCESS |  
2019-08-23 11:31:56,750 | INFO  | DNAudit | user=null | ip=null | op=WRITE_CHUNK {blockData=conID: 2 locID: 102666070701114061 bcsId: 5643} | ret=SUCCESS |  
2019-08-23 11:31:56,751 | INFO  | DNAudit | user=null | ip=null | op=PUT_BLOCK {blockData=[blockId=conID: 2 locID: 102666070701114061 bcsId: 0,size=3145728]} | ret=SUCCESS |  
2019-08-23 11:31:56,751 | INFO  | DNAudit | user=null | ip=null | op=PUT_BLOCK {blockData=[blockId=conID: 2 locID: 102666070701114061 bcsId: 0,size=3145728]} | ret=SUCCESS |  
2019-08-23 11:31:56,862 | INFO  | DNAudit | user=null | ip=null | op=WRITE_CHUNK {blockData=conID: 2 locID: 102666070701114061 bcsId: 5649} | ret=SUCCESS |  
2019-08-23 11:31:56,864 | INFO  | DNAudit | user=null | ip=null | op=WRITE_CHUNK {blockData=conID: 2 locID: 102666070701114061 bcsId: 5649} | ret=SUCCESS |  
2019-08-23 11:31:56,864 | INFO  | DNAudit | user=null | ip=null | op=WRITE_CHUNK {blockData=conID: 2 locID: 102666070701114061 bcsId: 5649} | ret=SUCCESS |  
2019-08-23 11:31:56,874 | INFO  | DNAudit | user=null | ip=null | op=WRITE_CHUNK {blockData=conID: 2 locID: 102666070701114061 bcsId: 5649} | ret=SUCCESS |  
2019-08-23 11:31:56,874 | INFO  | DNAudit | user=null | ip=null | op=PUT_BLOCK {blockData=[blockId=conID: 2 locID: 102666070701114061 bcsId: 0,size=4194304]} | ret=SUCCESS |  
2019-08-23 11:31:56,874 [grpc-default-executor-5] INFO  client.GrpcClientProtocolClient (GrpcClientProtocolClient.java:onNext(255)) - client-C9E345EC67ED->244f13ac-34be-4c4e-8e45-0c0272edbbb2: receive RaftClientReply:client-C9E345EC67ED->244f13ac-34be-4c4e-8e45-0c0272edbbb2@group-FE77C852EF02, cid=3737, SUCCESS, logIndex=5652, commits[244f13ac-34be-4c4e-8e45-0c0272edbbb2:c5653, 6287e41a-5356-4f55-84f2-270816d53e84:c5651, a2c18d3d-e79d-47c9-88fe-d8a1d195302b:c5651]
2019-08-23 11:31:56,875 [grpc-default-executor-5] INFO  client.GrpcClientProtocolClient (GrpcClientProtocolClient.java:onNext(255)) - client-C9E345EC67ED->244f13ac-34be-4c4e-8e45-0c0272edbbb2: receive RaftClientReply:client-C9E345EC67ED->244f13ac-34be-4c4e-8e45-0c0272edbbb2@group-FE77C852EF02, cid=3738, SUCCESS, logIndex=5653, commits[244f13ac-34be-4c4e-8e45-0c0272edbbb2:c5653, 6287e41a-5356-4f55-84f2-270816d53e84:c5651, a2c18d3d-e79d-47c9-88fe-d8a1d195302b:c5651]
2019-08-23 11:31:56,886 | INFO  | DNAudit | user=null | ip=null | op=WRITE_CHUNK {blockData=conID: 2 locID: 102666070701114061 bcsId: 5649} | ret=SUCCESS |  
2019-08-23 11:31:56,886 | INFO  | DNAudit | user=null | ip=null | op=WRITE_CHUNK {blockData=conID: 2 locID: 102666070701114061 bcsId: 5649} | ret=SUCCESS |  
2019-08-23 11:31:56,887 | INFO  | DNAudit | user=null | ip=null | op=PUT_BLOCK {blockData=[blockId=conID: 2 locID: 102666070701114061 bcsId: 0,size=4194304]} | ret=SUCCESS |  
2019-08-23 11:31:56,887 | INFO  | DNAudit | user=null | ip=null | op=PUT_BLOCK {blockData=[blockId=conID: 2 locID: 102666070701114061 bcsId: 0,size=4194304]} | ret=SUCCESS |  
2019-08-23 11:31:56,887 [grpc-default-executor-5] INFO  client.GrpcClientProtocolClient (GrpcClientProtocolClient.java:onNext(255)) - client-C9E345EC67ED->244f13ac-34be-4c4e-8e45-0c0272edbbb2: receive RaftClientReply:client-C9E345EC67ED->244f13ac-34be-4c4e-8e45-0c0272edbbb2@group-FE77C852EF02, cid=3739, SUCCESS, logIndex=0, commits[244f13ac-34be-4c4e-8e45-0c0272edbbb2:c5655, 6287e41a-5356-4f55-84f2-270816d53e84:c5653, a2c18d3d-e79d-47c9-88fe-d8a1d195302b:c5653]
2019-08-23 11:31:56,895 | INFO  | SCMAudit | user=jenkins1000 | ip=192.168.5.185 | op=ALLOCATE_BLOCK {owner=00a23185-76ea-47b5-a641-ad3cfbe5521a, size=4194304, type=RATIS, factor=THREE} | ret=SUCCESS |  
2019-08-23 11:31:56,900 | INFO  | OMAudit | user=jenkins1000 | ip=127.0.0.1 | op=ALLOCATE_BLOCK {volume=vol-0-37508, bucket=bucket-0-50919, key=key-0-57313, dataSize=0, replicationType=null, replicationFactor=null, keyLocationInfo=null, clientID=102666068570931602} | ret=SUCCESS |  
2019-08-23 11:31:56,906 | INFO  | DNAudit | user=null | ip=null | op=WRITE_CHUNK {blockData=conID: 3 locID: 102666070713631438 bcsId: 0} | ret=SUCCESS |  
2019-08-23 11:31:56,907 | INFO  | DNAudit | user=null | ip=null | op=WRITE_CHUNK {blockData=conID: 3 locID: 102666070713631438 bcsId: 0} | ret=SUCCESS |  
2019-08-23 11:31:56,908 | INFO  | DNAudit | user=null | ip=null | op=WRITE_CHUNK {blockData=conID: 3 locID: 102666070713631438 bcsId: 0} | ret=SUCCESS |  
2019-08-23 11:31:56,908 | INFO  | DNAudit | user=null | ip=null | op=WRITE_CHUNK {blockData=conID: 3 locID: 102666070713631438 bcsId: 0} | ret=SUCCESS |  
2019-08-23 11:31:56,909 | INFO  | DNAudit | user=null | ip=null | op=WRITE_CHUNK {blockData=conID: 3 locID: 102666070713631438 bcsId: 0} | ret=SUCCESS |  
2019-08-23 11:31:56,909 | INFO  | DNAudit | user=null | ip=null | op=WRITE_CHUNK {blockData=conID: 3 locID: 102666070713631438 bcsId: 0} | ret=SUCCESS |  
2019-08-23 11:31:56,919 | INFO  | DNAudit | user=null | ip=null | op=WRITE_CHUNK {blockData=conID: 3 locID: 102666070713631438 bcsId: 0} | ret=SUCCESS |  
2019-08-23 11:31:56,920 | INFO  | DNAudit | user=null | ip=null | op=PUT_BLOCK {blockData=[blockId=conID: 3 locID: 102666070713631438 bcsId: 0,size=1048576]} | ret=SUCCESS |  
2019-08-23 11:31:56,920 | INFO  | DNAudit | user=null | ip=null | op=WRITE_CHUNK {blockData=conID: 3 locID: 102666070713631438 bcsId: 0} | ret=SUCCESS |  
2019-08-23 11:31:56,920 [grpc-default-executor-1] INFO  client.GrpcClientProtocolClient (GrpcClientProtocolClient.java:onNext(255)) - client-C9E345EC67ED->244f13ac-34be-4c4e-8e45-0c0272edbbb2: receive RaftClientReply:client-C9E345EC67ED->244f13ac-34be-4c4e-8e45-0c0272edbbb2@group-FE77C852EF02, cid=3740, SUCCESS, logIndex=5656, commits[244f13ac-34be-4c4e-8e45-0c0272edbbb2:c5657, 6287e41a-5356-4f55-84f2-270816d53e84:c5655, a2c18d3d-e79d-47c9-88fe-d8a1d195302b:c5655]
2019-08-23 11:31:56,920 | INFO  | DNAudit | user=null | ip=null | op=PUT_BLOCK {blockData=[blockId=conID: 3 locID: 102666070713631438 bcsId: 0,size=2097152]} | ret=SUCCESS |  
2019-08-23 11:31:56,920 [grpc-default-executor-1] INFO  client.GrpcClientProtocolClient (GrpcClientProtocolClient.java:onNext(255)) - client-C9E345EC67ED->244f13ac-34be-4c4e-8e45-0c0272edbbb2: receive RaftClientReply:client-C9E345EC67ED->244f13ac-34be-4c4e-8e45-0c0272edbbb2@group-FE77C852EF02, cid=3741, SUCCESS, logIndex=5657, commits[244f13ac-34be-4c4e-8e45-0c0272edbbb2:c5659, 6287e41a-5356-4f55-84f2-270816d53e84:c5655, a2c18d3d-e79d-47c9-88fe-d8a1d195302b:c5655]
2019-08-23 11:31:56,920 [grpc-default-executor-1] INFO  client.GrpcClientProtocolClient (GrpcClientProtocolClient.java:onNext(255)) - client-C9E345EC67ED->244f13ac-34be-4c4e-8e45-0c0272edbbb2: receive RaftClientReply:client-C9E345EC67ED->244f13ac-34be-4c4e-8e45-0c0272edbbb2@group-FE77C852EF02, cid=3742, SUCCESS, logIndex=5658, commits[244f13ac-34be-4c4e-8e45-0c0272edbbb2:c5659, 6287e41a-5356-4f55-84f2-270816d53e84:c5655, a2c18d3d-e79d-47c9-88fe-d8a1d195302b:c5655]
2019-08-23 11:31:56,921 [grpc-default-executor-1] INFO  client.GrpcClientProtocolClient (GrpcClientProtocolClient.java:onNext(255)) - client-C9E345EC67ED->244f13ac-34be-4c4e-8e45-0c0272edbbb2: receive RaftClientReply:client-C9E345EC67ED->244f13ac-34be-4c4e-8e45-0c0272edbbb2@group-FE77C852EF02, cid=3743, SUCCESS, logIndex=5659, commits[244f13ac-34be-4c4e-8e45-0c0272edbbb2:c5659, 6287e41a-5356-4f55-84f2-270816d53e84:c5655, a2c18d3d-e79d-47c9-88fe-d8a1d195302b:c5655]
2019-08-23 11:31:56,931 | INFO  | DNAudit | user=null | ip=null | op=WRITE_CHUNK {blockData=conID: 3 locID: 102666070713631438 bcsId: 0} | ret=SUCCESS |  
2019-08-23 11:31:56,931 | INFO  | DNAudit | user=null | ip=null | op=WRITE_CHUNK {blockData=conID: 3 locID: 102666070713631438 bcsId: 0} | ret=SUCCESS |  
2019-08-23 11:31:56,932 | INFO  | DNAudit | user=null | ip=null | op=PUT_BLOCK {blockData=[blockId=conID: 3 locID: 102666070713631438 bcsId: 0,size=1048576]} | ret=SUCCESS |  
2019-08-23 11:31:56,932 | INFO  | DNAudit | user=null | ip=null | op=PUT_BLOCK {blockData=[blockId=conID: 3 locID: 102666070713631438 bcsId: 0,size=1048576]} | ret=SUCCESS |  
2019-08-23 11:31:56,932 | INFO  | DNAudit | user=null | ip=null | op=WRITE_CHUNK {blockData=conID: 3 locID: 102666070713631438 bcsId: 0} | ret=SUCCESS |  
2019-08-23 11:31:56,932 | INFO  | DNAudit | user=null | ip=null | op=WRITE_CHUNK {blockData=conID: 3 locID: 102666070713631438 bcsId: 0} | ret=SUCCESS |  
2019-08-23 11:31:56,932 | INFO  | DNAudit | user=null | ip=null | op=PUT_BLOCK {blockData=[blockId=conID: 3 locID: 102666070713631438 bcsId: 0,size=2097152]} | ret=SUCCESS |  
2019-08-23 11:31:56,932 | INFO  | DNAudit | user=null | ip=null | op=PUT_BLOCK {blockData=[blockId=conID: 3 locID: 102666070713631438 bcsId: 0,size=2097152]} | ret=SUCCESS |  
2019-08-23 11:31:56,933 [grpc-default-executor-1] INFO  client.GrpcClientProtocolClient (GrpcClientProtocolClient.java:onNext(255)) - client-C9E345EC67ED->244f13ac-34be-4c4e-8e45-0c0272edbbb2: receive RaftClientReply:client-C9E345EC67ED->244f13ac-34be-4c4e-8e45-0c0272edbbb2@group-FE77C852EF02, cid=3744, SUCCESS, logIndex=0, commits[244f13ac-34be-4c4e-8e45-0c0272edbbb2:c5661, 6287e41a-5356-4f55-84f2-270816d53e84:c5657, a2c18d3d-e79d-47c9-88fe-d8a1d195302b:c5657]
2019-08-23 11:31:56,937 | INFO  | DNAudit | user=null | ip=null | op=WRITE_CHUNK {blockData=conID: 3 locID: 102666070713631438 bcsId: 5659} | ret=SUCCESS |  
2019-08-23 11:31:56,939 | INFO  | DNAudit | user=null | ip=null | op=WRITE_CHUNK {blockData=conID: 3 locID: 102666070713631438 bcsId: 5659} | ret=SUCCESS |  
2019-08-23 11:31:56,939 | INFO  | DNAudit | user=null | ip=null | op=WRITE_CHUNK {blockData=conID: 3 locID: 102666070713631438 bcsId: 5659} | ret=SUCCESS |  
2019-08-23 11:31:56,959 | INFO  | DNAudit | user=null | ip=null | op=WRITE_CHUNK {blockData=conID: 3 locID: 102666070713631438 bcsId: 5659} | ret=SUCCESS |  
2019-08-23 11:31:56,959 | INFO  | DNAudit | user=null | ip=null | op=PUT_BLOCK {blockData=[blockId=conID: 3 locID: 102666070713631438 bcsId: 0,size=3145728]} | ret=SUCCESS |  
2019-08-23 11:31:56,959 [grpc-default-executor-4] INFO  client.GrpcClientProtocolClient (GrpcClientProtocolClient.java:onNext(255)) - client-C9E345EC67ED->244f13ac-34be-4c4e-8e45-0c0272edbbb2: receive RaftClientReply:client-C9E345EC67ED->244f13ac-34be-4c4e-8e45-0c0272edbbb2@group-FE77C852EF02, cid=3745, SUCCESS, logIndex=5664, commits[244f13ac-34be-4c4e-8e45-0c0272edbbb2:c5665, 6287e41a-5356-4f55-84f2-270816d53e84:c5663, a2c18d3d-e79d-47c9-88fe-d8a1d195302b:c5663]
2019-08-23 11:31:56,959 [grpc-default-executor-4] INFO  client.GrpcClientProtocolClient (GrpcClientProtocolClient.java:onNext(255)) - client-C9E345EC67ED->244f13ac-34be-4c4e-8e45-0c0272edbbb2: receive RaftClientReply:client-C9E345EC67ED->244f13ac-34be-4c4e-8e45-0c0272edbbb2@group-FE77C852EF02, cid=3746, SUCCESS, logIndex=5665, commits[244f13ac-34be-4c4e-8e45-0c0272edbbb2:c5665, 6287e41a-5356-4f55-84f2-270816d53e84:c5663, a2c18d3d-e79d-47c9-88fe-d8a1d195302b:c5663]
2019-08-23 11:31:56,964 | INFO  | DNAudit | user=null | ip=null | op=WRITE_CHUNK {blockData=conID: 3 locID: 102666070713631438 bcsId: 5665} | ret=SUCCESS |  
2019-08-23 11:31:56,966 | INFO  | DNAudit | user=null | ip=null | op=WRITE_CHUNK {blockData=conID: 3 locID: 102666070713631438 bcsId: 5665} | ret=SUCCESS |  
2019-08-23 11:31:56,966 | INFO  | DNAudit | user=null | ip=null | op=WRITE_CHUNK {blockData=conID: 3 locID: 102666070713631438 bcsId: 5665} | ret=SUCCESS |  
2019-08-23 11:31:56,970 | INFO  | DNAudit | user=null | ip=null | op=WRITE_CHUNK {blockData=conID: 3 locID: 102666070713631438 bcsId: 5659} | ret=SUCCESS |  
2019-08-23 11:31:56,970 | INFO  | DNAudit | user=null | ip=null | op=WRITE_CHUNK {blockData=conID: 3 locID: 102666070713631438 bcsId: 5659} | ret=SUCCESS |  
2019-08-23 11:31:56,971 | INFO  | DNAudit | user=null | ip=null | op=PUT_BLOCK {blockData=[blockId=conID: 3 locID: 102666070713631438 bcsId: 0,size=3145728]} | ret=SUCCESS |  
2019-08-23 11:31:56,972 | INFO  | DNAudit | user=null | ip=null | op=PUT_BLOCK {blockData=[blockId=conID: 3 locID: 102666070713631438 bcsId: 0,size=3145728]} | ret=SUCCESS |  
2019-08-23 11:31:56,972 | INFO  | DNAudit | user=null | ip=null | op=WRITE_CHUNK {blockData=conID: 3 locID: 102666070713631438 bcsId: 5665} | ret=SUCCESS |  
2019-08-23 11:31:56,972 | INFO  | DNAudit | user=null | ip=null | op=PUT_BLOCK {blockData=[blockId=conID: 3 locID: 102666070713631438 bcsId: 0,size=4194304]} | ret=SUCCESS |  
2019-08-23 11:31:56,972 [grpc-default-executor-1] INFO  client.GrpcClientProtocolClient (GrpcClientProtocolClient.java:onNext(255)) - client-C9E345EC67ED->244f13ac-34be-4c4e-8e45-0c0272edbbb2: receive RaftClientReply:client-C9E345EC67ED->244f13ac-34be-4c4e-8e45-0c0272edbbb2@group-FE77C852EF02, cid=3747, SUCCESS, logIndex=5668, commits[244f13ac-34be-4c4e-8e45-0c0272edbbb2:c5669, 6287e41a-5356-4f55-84f2-270816d53e84:c5665, a2c18d3d-e79d-47c9-88fe-d8a1d195302b:c5665]
2019-08-23 11:31:56,973 [grpc-default-executor-1] INFO  client.GrpcClientProtocolClient (GrpcClientProtocolClient.java:onNext(255)) - client-C9E345EC67ED->244f13ac-34be-4c4e-8e45-0c0272edbbb2: receive RaftClientReply:client-C9E345EC67ED->244f13ac-34be-4c4e-8e45-0c0272edbbb2@group-FE77C852EF02, cid=3748, SUCCESS, logIndex=5669, commits[244f13ac-34be-4c4e-8e45-0c0272edbbb2:c5669, 6287e41a-5356-4f55-84f2-270816d53e84:c5665, a2c18d3d-e79d-47c9-88fe-d8a1d195302b:c5665]
2019-08-23 11:31:56,983 | INFO  | DNAudit | user=null | ip=null | op=WRITE_CHUNK {blockData=conID: 3 locID: 102666070713631438 bcsId: 5665} | ret=SUCCESS |  
2019-08-23 11:31:56,983 | INFO  | DNAudit | user=null | ip=null | op=WRITE_CHUNK {blockData=conID: 3 locID: 102666070713631438 bcsId: 5665} | ret=SUCCESS |  
2019-08-23 11:31:56,984 | INFO  | DNAudit | user=null | ip=null | op=PUT_BLOCK {blockData=[blockId=conID: 3 locID: 102666070713631438 bcsId: 0,size=4194304]} | ret=SUCCESS |  
2019-08-23 11:31:56,984 | INFO  | DNAudit | user=null | ip=null | op=PUT_BLOCK {blockData=[blockId=conID: 3 locID: 102666070713631438 bcsId: 0,size=4194304]} | ret=SUCCESS |  
2019-08-23 11:31:56,985 [grpc-default-executor-0] INFO  client.GrpcClientProtocolClient (GrpcClientProtocolClient.java:onNext(255)) - client-C9E345EC67ED->244f13ac-34be-4c4e-8e45-0c0272edbbb2: receive RaftClientReply:client-C9E345EC67ED->244f13ac-34be-4c4e-8e45-0c0272edbbb2@group-FE77C852EF02, cid=3749, SUCCESS, logIndex=0, commits[244f13ac-34be-4c4e-8e45-0c0272edbbb2:c5671, 6287e41a-5356-4f55-84f2-270816d53e84:c5669, a2c18d3d-e79d-47c9-88fe-d8a1d195302b:c5669]
2019-08-23 11:31:56,991 | INFO  | SCMAudit | user=jenkins1000 | ip=192.168.5.185 | op=ALLOCATE_BLOCK {owner=00a23185-76ea-47b5-a641-ad3cfbe5521a, size=4194304, type=RATIS, factor=THREE} | ret=SUCCESS |  
2019-08-23 11:31:56,996 | INFO  | OMAudit | user=jenkins1000 | ip=127.0.0.1 | op=ALLOCATE_BLOCK {volume=vol-0-37508, bucket=bucket-0-50919, key=key-0-57313, dataSize=0, replicationType=null, replicationFactor=null, keyLocationInfo=null, clientID=102666068570931602} | ret=SUCCESS |  
2019-08-23 11:31:57,001 | INFO  | DNAudit | user=null | ip=null | op=WRITE_CHUNK {blockData=conID: 1 locID: 102666070719922895 bcsId: 0} | ret=SUCCESS |  
2019-08-23 11:31:57,003 | INFO  | DNAudit | user=null | ip=null | op=WRITE_CHUNK {blockData=conID: 1 locID: 102666070719922895 bcsId: 0} | ret=SUCCESS |  
2019-08-23 11:31:57,003 | INFO  | DNAudit | user=null | ip=null | op=WRITE_CHUNK {blockData=conID: 1 locID: 102666070719922895 bcsId: 0} | ret=SUCCESS |  
2019-08-23 11:31:57,003 | INFO  | DNAudit | user=null | ip=null | op=WRITE_CHUNK {blockData=conID: 1 locID: 102666070719922895 bcsId: 0} | ret=SUCCESS |  
2019-08-23 11:31:57,005 | INFO  | DNAudit | user=null | ip=null | op=WRITE_CHUNK {blockData=conID: 1 locID: 102666070719922895 bcsId: 0} | ret=SUCCESS |  
2019-08-23 11:31:57,005 | INFO  | DNAudit | user=null | ip=null | op=WRITE_CHUNK {blockData=conID: 1 locID: 102666070719922895 bcsId: 0} | ret=SUCCESS |  
2019-08-23 11:31:57,013 | INFO  | DNAudit | user=null | ip=null | op=WRITE_CHUNK {blockData=conID: 1 locID: 102666070719922895 bcsId: 0} | ret=SUCCESS |  
2019-08-23 11:31:57,013 | INFO  | DNAudit | user=null | ip=null | op=PUT_BLOCK {blockData=[blockId=conID: 1 locID: 102666070719922895 bcsId: 0,size=1048576]} | ret=SUCCESS |  
2019-08-23 11:31:57,013 [grpc-default-executor-4] INFO  client.GrpcClientProtocolClient (GrpcClientProtocolClient.java:onNext(255)) - client-C9E345EC67ED->244f13ac-34be-4c4e-8e45-0c0272edbbb2: receive RaftClientReply:client-C9E345EC67ED->244f13ac-34be-4c4e-8e45-0c0272edbbb2@group-FE77C852EF02, cid=3750, SUCCESS, logIndex=5672, commits[244f13ac-34be-4c4e-8e45-0c0272edbbb2:c5673, 6287e41a-5356-4f55-84f2-270816d53e84:c5671, a2c18d3d-e79d-47c9-88fe-d8a1d195302b:c5671]
2019-08-23 11:31:57,014 | INFO  | DNAudit | user=null | ip=null | op=WRITE_CHUNK {blockData=conID: 1 locID: 102666070719922895 bcsId: 0} | ret=SUCCESS |  
2019-08-23 11:31:57,014 [grpc-default-executor-1] INFO  client.GrpcClientProtocolClient (GrpcClientProtocolClient.java:onNext(255)) - client-C9E345EC67ED->244f13ac-34be-4c4e-8e45-0c0272edbbb2: receive RaftClientReply:client-C9E345EC67ED->244f13ac-34be-4c4e-8e45-0c0272edbbb2@group-FE77C852EF02, cid=3751, SUCCESS, logIndex=5673, commits[244f13ac-34be-4c4e-8e45-0c0272edbbb2:c5673, 6287e41a-5356-4f55-84f2-270816d53e84:c5671, a2c18d3d-e79d-47c9-88fe-d8a1d195302b:c5671]
2019-08-23 11:31:57,014 | INFO  | DNAudit | user=null | ip=null | op=PUT_BLOCK {blockData=[blockId=conID: 1 locID: 102666070719922895 bcsId: 0,size=2097152]} | ret=SUCCESS |  
2019-08-23 11:31:57,014 [grpc-default-executor-1] INFO  client.GrpcClientProtocolClient (GrpcClientProtocolClient.java:onNext(255)) - client-C9E345EC67ED->244f13ac-34be-4c4e-8e45-0c0272edbbb2: receive RaftClientReply:client-C9E345EC67ED->244f13ac-34be-4c4e-8e45-0c0272edbbb2@group-FE77C852EF02, cid=3752, SUCCESS, logIndex=5674, commits[244f13ac-34be-4c4e-8e45-0c0272edbbb2:c5674, 6287e41a-5356-4f55-84f2-270816d53e84:c5671, a2c18d3d-e79d-47c9-88fe-d8a1d195302b:c5671]
2019-08-23 11:31:57,014 [grpc-default-executor-1] INFO  client.GrpcClientProtocolClient (GrpcClientProtocolClient.java:onNext(255)) - client-C9E345EC67ED->244f13ac-34be-4c4e-8e45-0c0272edbbb2: receive RaftClientReply:client-C9E345EC67ED->244f13ac-34be-4c4e-8e45-0c0272edbbb2@group-FE77C852EF02, cid=3753, SUCCESS, logIndex=5675, commits[244f13ac-34be-4c4e-8e45-0c0272edbbb2:c5675, 6287e41a-5356-4f55-84f2-270816d53e84:c5671, a2c18d3d-e79d-47c9-88fe-d8a1d195302b:c5671]
2019-08-23 11:31:57,015 | INFO  | DNAudit | user=null | ip=null | op=WRITE_CHUNK {blockData=conID: 1 locID: 102666070719922895 bcsId: 0} | ret=SUCCESS |  
2019-08-23 11:31:57,015 | INFO  | DNAudit | user=null | ip=null | op=PUT_BLOCK {blockData=[blockId=conID: 1 locID: 102666070719922895 bcsId: 0,size=1048576]} | ret=SUCCESS |  
2019-08-23 11:31:57,015 | INFO  | DNAudit | user=null | ip=null | op=WRITE_CHUNK {blockData=conID: 1 locID: 102666070719922895 bcsId: 0} | ret=SUCCESS |  
2019-08-23 11:31:57,015 | INFO  | DNAudit | user=null | ip=null | op=PUT_BLOCK {blockData=[blockId=conID: 1 locID: 102666070719922895 bcsId: 0,size=1048576]} | ret=SUCCESS |  
2019-08-23 11:31:57,015 [grpc-default-executor-0] INFO  client.GrpcClientProtocolClient (GrpcClientProtocolClient.java:onNext(255)) - client-C9E345EC67ED->244f13ac-34be-4c4e-8e45-0c0272edbbb2: receive RaftClientReply:client-C9E345EC67ED->244f13ac-34be-4c4e-8e45-0c0272edbbb2@group-FE77C852EF02, cid=3754, SUCCESS, logIndex=0, commits[244f13ac-34be-4c4e-8e45-0c0272edbbb2:c5677, 6287e41a-5356-4f55-84f2-270816d53e84:c5673, a2c18d3d-e79d-47c9-88fe-d8a1d195302b:c5673]
2019-08-23 11:31:57,016 | INFO  | DNAudit | user=null | ip=null | op=WRITE_CHUNK {blockData=conID: 1 locID: 102666070719922895 bcsId: 0} | ret=SUCCESS |  
2019-08-23 11:31:57,017 | INFO  | DNAudit | user=null | ip=null | op=WRITE_CHUNK {blockData=conID: 1 locID: 102666070719922895 bcsId: 0} | ret=SUCCESS |  
2019-08-23 11:31:57,017 | INFO  | DNAudit | user=null | ip=null | op=PUT_BLOCK {blockData=[blockId=conID: 1 locID: 102666070719922895 bcsId: 0,size=2097152]} | ret=SUCCESS |  
2019-08-23 11:31:57,017 | INFO  | DNAudit | user=null | ip=null | op=PUT_BLOCK {blockData=[blockId=conID: 1 locID: 102666070719922895 bcsId: 0,size=2097152]} | ret=SUCCESS |  
2019-08-23 11:31:57,020 | INFO  | DNAudit | user=null | ip=null | op=WRITE_CHUNK {blockData=conID: 1 locID: 102666070719922895 bcsId: 5675} | ret=SUCCESS |  
2019-08-23 11:31:57,022 | INFO  | DNAudit | user=null | ip=null | op=WRITE_CHUNK {blockData=conID: 1 locID: 102666070719922895 bcsId: 5675} | ret=SUCCESS |  
2019-08-23 11:31:57,022 | INFO  | DNAudit | user=null | ip=null | op=WRITE_CHUNK {blockData=conID: 1 locID: 102666070719922895 bcsId: 5675} | ret=SUCCESS |  
2019-08-23 11:31:57,033 | INFO  | DNAudit | user=null | ip=null | op=WRITE_CHUNK {blockData=conID: 1 locID: 102666070719922895 bcsId: 5675} | ret=SUCCESS |  
2019-08-23 11:31:57,033 | INFO  | DNAudit | user=null | ip=null | op=PUT_BLOCK {blockData=[blockId=conID: 1 locID: 102666070719922895 bcsId: 0,size=3145728]} | ret=SUCCESS |  
2019-08-23 11:31:57,033 [grpc-default-executor-4] INFO  client.GrpcClientProtocolClient (GrpcClientProtocolClient.java:onNext(255)) - client-C9E345EC67ED->244f13ac-34be-4c4e-8e45-0c0272edbbb2: receive RaftClientReply:client-C9E345EC67ED->244f13ac-34be-4c4e-8e45-0c0272edbbb2@group-FE77C852EF02, cid=3755, SUCCESS, logIndex=5680, commits[244f13ac-34be-4c4e-8e45-0c0272edbbb2:c5681, 6287e41a-5356-4f55-84f2-270816d53e84:c5679, a2c18d3d-e79d-47c9-88fe-d8a1d195302b:c5679]
2019-08-23 11:31:57,033 [grpc-default-executor-4] INFO  client.GrpcClientProtocolClient (GrpcClientProtocolClient.java:onNext(255)) - client-C9E345EC67ED->244f13ac-34be-4c4e-8e45-0c0272edbbb2: receive RaftClientReply:client-C9E345EC67ED->244f13ac-34be-4c4e-8e45-0c0272edbbb2@group-FE77C852EF02, cid=3756, SUCCESS, logIndex=5681, commits[244f13ac-34be-4c4e-8e45-0c0272edbbb2:c5681, 6287e41a-5356-4f55-84f2-270816d53e84:c5679, a2c18d3d-e79d-47c9-88fe-d8a1d195302b:c5679]
2019-08-23 11:31:57,034 | INFO  | DNAudit | user=null | ip=null | op=WRITE_CHUNK {blockData=conID: 1 locID: 102666070719922895 bcsId: 5675} | ret=SUCCESS |  
2019-08-23 11:31:57,034 | INFO  | DNAudit | user=null | ip=null | op=WRITE_CHUNK {blockData=conID: 1 locID: 102666070719922895 bcsId: 5675} | ret=SUCCESS |  
2019-08-23 11:31:57,036 | INFO  | DNAudit | user=null | ip=null | op=PUT_BLOCK {blockData=[blockId=conID: 1 locID: 102666070719922895 bcsId: 0,size=3145728]} | ret=SUCCESS |  
2019-08-23 11:31:57,036 | INFO  | DNAudit | user=null | ip=null | op=PUT_BLOCK {blockData=[blockId=conID: 1 locID: 102666070719922895 bcsId: 0,size=3145728]} | ret=SUCCESS |  
2019-08-23 11:31:57,038 | INFO  | DNAudit | user=null | ip=null | op=WRITE_CHUNK {blockData=conID: 1 locID: 102666070719922895 bcsId: 5681} | ret=SUCCESS |  
2019-08-23 11:31:57,039 | INFO  | DNAudit | user=null | ip=null | op=WRITE_CHUNK {blockData=conID: 1 locID: 102666070719922895 bcsId: 5681} | ret=SUCCESS |  
2019-08-23 11:31:57,040 | INFO  | DNAudit | user=null | ip=null | op=WRITE_CHUNK {blockData=conID: 1 locID: 102666070719922895 bcsId: 5681} | ret=SUCCESS |  
2019-08-23 11:31:57,050 | INFO  | DNAudit | user=null | ip=null | op=WRITE_CHUNK {blockData=conID: 1 locID: 102666070719922895 bcsId: 5681} | ret=SUCCESS |  
2019-08-23 11:31:57,051 | INFO  | DNAudit | user=null | ip=null | op=PUT_BLOCK {blockData=[blockId=conID: 1 locID: 102666070719922895 bcsId: 0,size=4194304]} | ret=SUCCESS |  
2019-08-23 11:31:57,051 [grpc-default-executor-1] INFO  client.GrpcClientProtocolClient (GrpcClientProtocolClient.java:onNext(255)) - client-C9E345EC67ED->244f13ac-34be-4c4e-8e45-0c0272edbbb2: receive RaftClientReply:client-C9E345EC67ED->244f13ac-34be-4c4e-8e45-0c0272edbbb2@group-FE77C852EF02, cid=3757, SUCCESS, logIndex=5684, commits[244f13ac-34be-4c4e-8e45-0c0272edbbb2:c5685, 6287e41a-5356-4f55-84f2-270816d53e84:c5683, a2c18d3d-e79d-47c9-88fe-d8a1d195302b:c5683]
2019-08-23 11:31:57,051 [grpc-default-executor-1] INFO  client.GrpcClientProtocolClient (GrpcClientProtocolClient.java:onNext(255)) - client-C9E345EC67ED->244f13ac-34be-4c4e-8e45-0c0272edbbb2: receive RaftClientReply:client-C9E345EC67ED->244f13ac-34be-4c4e-8e45-0c0272edbbb2@group-FE77C852EF02, cid=3758, SUCCESS, logIndex=5685, commits[244f13ac-34be-4c4e-8e45-0c0272edbbb2:c5685, 6287e41a-5356-4f55-84f2-270816d53e84:c5683, a2c18d3d-e79d-47c9-88fe-d8a1d195302b:c5683]
2019-08-23 11:31:57,061 | INFO  | DNAudit | user=null | ip=null | op=WRITE_CHUNK {blockData=conID: 1 locID: 102666070719922895 bcsId: 5681} | ret=SUCCESS |  
2019-08-23 11:31:57,062 | INFO  | DNAudit | user=null | ip=null | op=WRITE_CHUNK {blockData=conID: 1 locID: 102666070719922895 bcsId: 5681} | ret=SUCCESS |  
2019-08-23 11:31:57,063 | INFO  | DNAudit | user=null | ip=null | op=PUT_BLOCK {blockData=[blockId=conID: 1 locID: 102666070719922895 bcsId: 0,size=4194304]} | ret=SUCCESS |  
2019-08-23 11:31:57,063 | INFO  | DNAudit | user=null | ip=null | op=PUT_BLOCK {blockData=[blockId=conID: 1 locID: 102666070719922895 bcsId: 0,size=4194304]} | ret=SUCCESS |  
2019-08-23 11:31:57,063 [grpc-default-executor-1] INFO  client.GrpcClientProtocolClient (GrpcClientProtocolClient.java:onNext(255)) - client-C9E345EC67ED->244f13ac-34be-4c4e-8e45-0c0272edbbb2: receive RaftClientReply:client-C9E345EC67ED->244f13ac-34be-4c4e-8e45-0c0272edbbb2@group-FE77C852EF02, cid=3759, SUCCESS, logIndex=0, commits[244f13ac-34be-4c4e-8e45-0c0272edbbb2:c5687, 6287e41a-5356-4f55-84f2-270816d53e84:c5685, a2c18d3d-e79d-47c9-88fe-d8a1d195302b:c5685]
2019-08-23 11:31:57,068 | INFO  | SCMAudit | user=jenkins1000 | ip=192.168.5.185 | op=ALLOCATE_BLOCK {owner=00a23185-76ea-47b5-a641-ad3cfbe5521a, size=4194304, type=RATIS, factor=THREE} | ret=SUCCESS |  
2019-08-23 11:31:57,072 | INFO  | OMAudit | user=jenkins1000 | ip=127.0.0.1 | op=ALLOCATE_BLOCK {volume=vol-0-37508, bucket=bucket-0-50919, key=key-0-57313, dataSize=0, replicationType=null, replicationFactor=null, keyLocationInfo=null, clientID=102666068570931602} | ret=SUCCESS |  
2019-08-23 11:31:57,077 | INFO  | DNAudit | user=null | ip=null | op=WRITE_CHUNK {blockData=conID: 2 locID: 102666070724969168 bcsId: 0} | ret=SUCCESS |  
2019-08-23 11:31:57,079 | INFO  | DNAudit | user=null | ip=null | op=WRITE_CHUNK {blockData=conID: 2 locID: 102666070724969168 bcsId: 0} | ret=SUCCESS |  
2019-08-23 11:31:57,080 | INFO  | DNAudit | user=null | ip=null | op=WRITE_CHUNK {blockData=conID: 2 locID: 102666070724969168 bcsId: 0} | ret=SUCCESS |  
2019-08-23 11:31:57,080 | INFO  | DNAudit | user=null | ip=null | op=WRITE_CHUNK {blockData=conID: 2 locID: 102666070724969168 bcsId: 0} | ret=SUCCESS |  
2019-08-23 11:31:57,081 | INFO  | DNAudit | user=null | ip=null | op=WRITE_CHUNK {blockData=conID: 2 locID: 102666070724969168 bcsId: 0} | ret=SUCCESS |  
2019-08-23 11:31:57,082 | INFO  | DNAudit | user=null | ip=null | op=WRITE_CHUNK {blockData=conID: 2 locID: 102666070724969168 bcsId: 0} | ret=SUCCESS |  
2019-08-23 11:31:57,089 | INFO  | DNAudit | user=null | ip=null | op=WRITE_CHUNK {blockData=conID: 2 locID: 102666070724969168 bcsId: 0} | ret=SUCCESS |  
2019-08-23 11:31:57,089 | INFO  | DNAudit | user=null | ip=null | op=PUT_BLOCK {blockData=[blockId=conID: 2 locID: 102666070724969168 bcsId: 0,size=1048576]} | ret=SUCCESS |  
2019-08-23 11:31:57,090 [grpc-default-executor-4] INFO  client.GrpcClientProtocolClient (GrpcClientProtocolClient.java:onNext(255)) - client-C9E345EC67ED->244f13ac-34be-4c4e-8e45-0c0272edbbb2: receive RaftClientReply:client-C9E345EC67ED->244f13ac-34be-4c4e-8e45-0c0272edbbb2@group-FE77C852EF02, cid=3760, SUCCESS, logIndex=5688, commits[244f13ac-34be-4c4e-8e45-0c0272edbbb2:c5689, 6287e41a-5356-4f55-84f2-270816d53e84:c5687, a2c18d3d-e79d-47c9-88fe-d8a1d195302b:c5687]
2019-08-23 11:31:57,090 | INFO  | DNAudit | user=null | ip=null | op=WRITE_CHUNK {blockData=conID: 2 locID: 102666070724969168 bcsId: 0} | ret=SUCCESS |  
2019-08-23 11:31:57,090 [grpc-default-executor-1] INFO  client.GrpcClientProtocolClient (GrpcClientProtocolClient.java:onNext(255)) - client-C9E345EC67ED->244f13ac-34be-4c4e-8e45-0c0272edbbb2: receive RaftClientReply:client-C9E345EC67ED->244f13ac-34be-4c4e-8e45-0c0272edbbb2@group-FE77C852EF02, cid=3761, SUCCESS, logIndex=5689, commits[244f13ac-34be-4c4e-8e45-0c0272edbbb2:c5689, 6287e41a-5356-4f55-84f2-270816d53e84:c5687, a2c18d3d-e79d-47c9-88fe-d8a1d195302b:c5687]
2019-08-23 11:31:57,090 | INFO  | DNAudit | user=null | ip=null | op=PUT_BLOCK {blockData=[blockId=conID: 2 locID: 102666070724969168 bcsId: 0,size=2097152]} | ret=SUCCESS |  
2019-08-23 11:31:57,090 [grpc-default-executor-1] INFO  client.GrpcClientProtocolClient (GrpcClientProtocolClient.java:onNext(255)) - client-C9E345EC67ED->244f13ac-34be-4c4e-8e45-0c0272edbbb2: receive RaftClientReply:client-C9E345EC67ED->244f13ac-34be-4c4e-8e45-0c0272edbbb2@group-FE77C852EF02, cid=3762, SUCCESS, logIndex=5690, commits[244f13ac-34be-4c4e-8e45-0c0272edbbb2:c5691, 6287e41a-5356-4f55-84f2-270816d53e84:c5687, a2c18d3d-e79d-47c9-88fe-d8a1d195302b:c5687]
2019-08-23 11:31:57,091 [grpc-default-executor-1] INFO  client.GrpcClientProtocolClient (GrpcClientProtocolClient.java:onNext(255)) - client-C9E345EC67ED->244f13ac-34be-4c4e-8e45-0c0272edbbb2: receive RaftClientReply:client-C9E345EC67ED->244f13ac-34be-4c4e-8e45-0c0272edbbb2@group-FE77C852EF02, cid=3763, SUCCESS, logIndex=5691, commits[244f13ac-34be-4c4e-8e45-0c0272edbbb2:c5691, 6287e41a-5356-4f55-84f2-270816d53e84:c5687, a2c18d3d-e79d-47c9-88fe-d8a1d195302b:c5687]
2019-08-23 11:31:57,091 | INFO  | DNAudit | user=null | ip=null | op=WRITE_CHUNK {blockData=conID: 2 locID: 102666070724969168 bcsId: 0} | ret=SUCCESS |  
2019-08-23 11:31:57,091 | INFO  | DNAudit | user=null | ip=null | op=PUT_BLOCK {blockData=[blockId=conID: 2 locID: 102666070724969168 bcsId: 0,size=1048576]} | ret=SUCCESS |  
2019-08-23 11:31:57,092 | INFO  | DNAudit | user=null | ip=null | op=WRITE_CHUNK {blockData=conID: 2 locID: 102666070724969168 bcsId: 0} | ret=SUCCESS |  
2019-08-23 11:31:57,092 | INFO  | DNAudit | user=null | ip=null | op=PUT_BLOCK {blockData=[blockId=conID: 2 locID: 102666070724969168 bcsId: 0,size=1048576]} | ret=SUCCESS |  
2019-08-23 11:31:57,092 | INFO  | DNAudit | user=null | ip=null | op=WRITE_CHUNK {blockData=conID: 2 locID: 102666070724969168 bcsId: 0} | ret=SUCCESS |  
2019-08-23 11:31:57,092 | INFO  | DNAudit | user=null | ip=null | op=PUT_BLOCK {blockData=[blockId=conID: 2 locID: 102666070724969168 bcsId: 0,size=2097152]} | ret=SUCCESS |  
2019-08-23 11:31:57,092 [grpc-default-executor-1] INFO  client.GrpcClientProtocolClient (GrpcClientProtocolClient.java:onNext(255)) - client-C9E345EC67ED->244f13ac-34be-4c4e-8e45-0c0272edbbb2: receive RaftClientReply:client-C9E345EC67ED->244f13ac-34be-4c4e-8e45-0c0272edbbb2@group-FE77C852EF02, cid=3764, SUCCESS, logIndex=0, commits[244f13ac-34be-4c4e-8e45-0c0272edbbb2:c5693, 6287e41a-5356-4f55-84f2-270816d53e84:c5689, a2c18d3d-e79d-47c9-88fe-d8a1d195302b:c5689]
2019-08-23 11:31:57,092 | INFO  | DNAudit | user=null | ip=null | op=WRITE_CHUNK {blockData=conID: 2 locID: 102666070724969168 bcsId: 0} | ret=SUCCESS |  
2019-08-23 11:31:57,092 | INFO  | DNAudit | user=null | ip=null | op=PUT_BLOCK {blockData=[blockId=conID: 2 locID: 102666070724969168 bcsId: 0,size=2097152]} | ret=SUCCESS |  
2019-08-23 11:31:57,099 | INFO  | DNAudit | user=null | ip=null | op=WRITE_CHUNK {blockData=conID: 2 locID: 102666070724969168 bcsId: 5691} | ret=SUCCESS |  
2019-08-23 11:31:57,100 | INFO  | DNAudit | user=null | ip=null | op=WRITE_CHUNK {blockData=conID: 2 locID: 102666070724969168 bcsId: 5691} | ret=SUCCESS |  
2019-08-23 11:31:57,100 | INFO  | DNAudit | user=null | ip=null | op=WRITE_CHUNK {blockData=conID: 2 locID: 102666070724969168 bcsId: 5691} | ret=SUCCESS |  
2019-08-23 11:31:57,111 | INFO  | DNAudit | user=null | ip=null | op=WRITE_CHUNK {blockData=conID: 2 locID: 102666070724969168 bcsId: 5691} | ret=SUCCESS |  
2019-08-23 11:31:57,111 | INFO  | DNAudit | user=null | ip=null | op=PUT_BLOCK {blockData=[blockId=conID: 2 locID: 102666070724969168 bcsId: 0,size=3145728]} | ret=SUCCESS |  
2019-08-23 11:31:57,111 [grpc-default-executor-0] INFO  client.GrpcClientProtocolClient (GrpcClientProtocolClient.java:onNext(255)) - client-C9E345EC67ED->244f13ac-34be-4c4e-8e45-0c0272edbbb2: receive RaftClientReply:client-C9E345EC67ED->244f13ac-34be-4c4e-8e45-0c0272edbbb2@group-FE77C852EF02, cid=3765, SUCCESS, logIndex=5696, commits[244f13ac-34be-4c4e-8e45-0c0272edbbb2:c5697, 6287e41a-5356-4f55-84f2-270816d53e84:c5695, a2c18d3d-e79d-47c9-88fe-d8a1d195302b:c5695]
2019-08-23 11:31:57,111 [grpc-default-executor-0] INFO  client.GrpcClientProtocolClient (GrpcClientProtocolClient.java:onNext(255)) - client-C9E345EC67ED->244f13ac-34be-4c4e-8e45-0c0272edbbb2: receive RaftClientReply:client-C9E345EC67ED->244f13ac-34be-4c4e-8e45-0c0272edbbb2@group-FE77C852EF02, cid=3766, SUCCESS, logIndex=5697, commits[244f13ac-34be-4c4e-8e45-0c0272edbbb2:c5697, 6287e41a-5356-4f55-84f2-270816d53e84:c5695, a2c18d3d-e79d-47c9-88fe-d8a1d195302b:c5695]
2019-08-23 11:31:57,117 | INFO  | DNAudit | user=null | ip=null | op=WRITE_CHUNK {blockData=conID: 2 locID: 102666070724969168 bcsId: 5697} | ret=SUCCESS |  
2019-08-23 11:31:57,118 | INFO  | DNAudit | user=null | ip=null | op=WRITE_CHUNK {blockData=conID: 2 locID: 102666070724969168 bcsId: 5697} | ret=SUCCESS |  
2019-08-23 11:31:57,118 | INFO  | DNAudit | user=null | ip=null | op=WRITE_CHUNK {blockData=conID: 2 locID: 102666070724969168 bcsId: 5697} | ret=SUCCESS |  
2019-08-23 11:31:57,122 | INFO  | DNAudit | user=null | ip=null | op=WRITE_CHUNK {blockData=conID: 2 locID: 102666070724969168 bcsId: 5691} | ret=SUCCESS |  
2019-08-23 11:31:57,122 | INFO  | DNAudit | user=null | ip=null | op=WRITE_CHUNK {blockData=conID: 2 locID: 102666070724969168 bcsId: 5691} | ret=SUCCESS |  
2019-08-23 11:31:57,123 | INFO  | DNAudit | user=null | ip=null | op=PUT_BLOCK {blockData=[blockId=conID: 2 locID: 102666070724969168 bcsId: 0,size=3145728]} | ret=SUCCESS |  
2019-08-23 11:31:57,124 | INFO  | DNAudit | user=null | ip=null | op=WRITE_CHUNK {blockData=conID: 2 locID: 102666070724969168 bcsId: 5697} | ret=SUCCESS |  
2019-08-23 11:31:57,124 | INFO  | DNAudit | user=null | ip=null | op=PUT_BLOCK {blockData=[blockId=conID: 2 locID: 102666070724969168 bcsId: 0,size=3145728]} | ret=SUCCESS |  
2019-08-23 11:31:57,124 | INFO  | DNAudit | user=null | ip=null | op=PUT_BLOCK {blockData=[blockId=conID: 2 locID: 102666070724969168 bcsId: 0,size=4194304]} | ret=SUCCESS |  
2019-08-23 11:31:57,124 [grpc-default-executor-0] INFO  client.GrpcClientProtocolClient (GrpcClientProtocolClient.java:onNext(255)) - client-C9E345EC67ED->244f13ac-34be-4c4e-8e45-0c0272edbbb2: receive RaftClientReply:client-C9E345EC67ED->244f13ac-34be-4c4e-8e45-0c0272edbbb2@group-FE77C852EF02, cid=3767, SUCCESS, logIndex=5700, commits[244f13ac-34be-4c4e-8e45-0c0272edbbb2:c5700, 6287e41a-5356-4f55-84f2-270816d53e84:c5697, a2c18d3d-e79d-47c9-88fe-d8a1d195302b:c5697]
2019-08-23 11:31:57,124 [grpc-default-executor-0] INFO  client.GrpcClientProtocolClient (GrpcClientProtocolClient.java:onNext(255)) - client-C9E345EC67ED->244f13ac-34be-4c4e-8e45-0c0272edbbb2: receive RaftClientReply:client-C9E345EC67ED->244f13ac-34be-4c4e-8e45-0c0272edbbb2@group-FE77C852EF02, cid=3768, SUCCESS, logIndex=5701, commits[244f13ac-34be-4c4e-8e45-0c0272edbbb2:c5701, 6287e41a-5356-4f55-84f2-270816d53e84:c5697, a2c18d3d-e79d-47c9-88fe-d8a1d195302b:c5697]
2019-08-23 11:31:57,125 | INFO  | DNAudit | user=null | ip=null | op=WRITE_CHUNK {blockData=conID: 2 locID: 102666070724969168 bcsId: 5697} | ret=SUCCESS |  
2019-08-23 11:31:57,126 | INFO  | DNAudit | user=null | ip=null | op=WRITE_CHUNK {blockData=conID: 2 locID: 102666070724969168 bcsId: 5697} | ret=SUCCESS |  
2019-08-23 11:31:57,126 | INFO  | DNAudit | user=null | ip=null | op=PUT_BLOCK {blockData=[blockId=conID: 2 locID: 102666070724969168 bcsId: 0,size=4194304]} | ret=SUCCESS |  
2019-08-23 11:31:57,127 | INFO  | DNAudit | user=null | ip=null | op=PUT_BLOCK {blockData=[blockId=conID: 2 locID: 102666070724969168 bcsId: 0,size=4194304]} | ret=SUCCESS |  
2019-08-23 11:31:57,127 [grpc-default-executor-0] INFO  client.GrpcClientProtocolClient (GrpcClientProtocolClient.java:onNext(255)) - client-C9E345EC67ED->244f13ac-34be-4c4e-8e45-0c0272edbbb2: receive RaftClientReply:client-C9E345EC67ED->244f13ac-34be-4c4e-8e45-0c0272edbbb2@group-FE77C852EF02, cid=3769, SUCCESS, logIndex=0, commits[244f13ac-34be-4c4e-8e45-0c0272edbbb2:c5703, 6287e41a-5356-4f55-84f2-270816d53e84:c5701, a2c18d3d-e79d-47c9-88fe-d8a1d195302b:c5701]
2019-08-23 11:31:57,133 | INFO  | SCMAudit | user=jenkins1000 | ip=192.168.5.185 | op=ALLOCATE_BLOCK {owner=00a23185-76ea-47b5-a641-ad3cfbe5521a, size=4194304, type=RATIS, factor=THREE} | ret=SUCCESS |  
2019-08-23 11:31:57,137 | INFO  | OMAudit | user=jenkins1000 | ip=127.0.0.1 | op=ALLOCATE_BLOCK {volume=vol-0-37508, bucket=bucket-0-50919, key=key-0-57313, dataSize=0, replicationType=null, replicationFactor=null, keyLocationInfo=null, clientID=102666068570931602} | ret=SUCCESS |  
2019-08-23 11:31:57,143 | INFO  | DNAudit | user=null | ip=null | op=WRITE_CHUNK {blockData=conID: 3 locID: 102666070729229009 bcsId: 0} | ret=SUCCESS |  
2019-08-23 11:31:57,145 | INFO  | DNAudit | user=null | ip=null | op=WRITE_CHUNK {blockData=conID: 3 locID: 102666070729229009 bcsId: 0} | ret=SUCCESS |  
2019-08-23 11:31:57,145 | INFO  | DNAudit | user=null | ip=null | op=WRITE_CHUNK {blockData=conID: 3 locID: 102666070729229009 bcsId: 0} | ret=SUCCESS |  
2019-08-23 11:31:57,145 | INFO  | DNAudit | user=null | ip=null | op=WRITE_CHUNK {blockData=conID: 3 locID: 102666070729229009 bcsId: 0} | ret=SUCCESS |  
2019-08-23 11:31:57,146 | INFO  | DNAudit | user=null | ip=null | op=WRITE_CHUNK {blockData=conID: 3 locID: 102666070729229009 bcsId: 0} | ret=SUCCESS |  
2019-08-23 11:31:57,147 | INFO  | DNAudit | user=null | ip=null | op=WRITE_CHUNK {blockData=conID: 3 locID: 102666070729229009 bcsId: 0} | ret=SUCCESS |  
2019-08-23 11:31:57,155 | INFO  | DNAudit | user=null | ip=null | op=WRITE_CHUNK {blockData=conID: 3 locID: 102666070729229009 bcsId: 0} | ret=SUCCESS |  
2019-08-23 11:31:57,156 | INFO  | DNAudit | user=null | ip=null | op=PUT_BLOCK {blockData=[blockId=conID: 3 locID: 102666070729229009 bcsId: 0,size=1048576]} | ret=SUCCESS |  
2019-08-23 11:31:57,156 [grpc-default-executor-5] INFO  client.GrpcClientProtocolClient (GrpcClientProtocolClient.java:onNext(255)) - client-C9E345EC67ED->244f13ac-34be-4c4e-8e45-0c0272edbbb2: receive RaftClientReply:client-C9E345EC67ED->244f13ac-34be-4c4e-8e45-0c0272edbbb2@group-FE77C852EF02, cid=3770, SUCCESS, logIndex=5704, commits[244f13ac-34be-4c4e-8e45-0c0272edbbb2:c5705, 6287e41a-5356-4f55-84f2-270816d53e84:c5703, a2c18d3d-e79d-47c9-88fe-d8a1d195302b:c5703]
2019-08-23 11:31:57,156 [grpc-default-executor-5] INFO  client.GrpcClientProtocolClient (GrpcClientProtocolClient.java:onNext(255)) - client-C9E345EC67ED->244f13ac-34be-4c4e-8e45-0c0272edbbb2: receive RaftClientReply:client-C9E345EC67ED->244f13ac-34be-4c4e-8e45-0c0272edbbb2@group-FE77C852EF02, cid=3771, SUCCESS, logIndex=5705, commits[244f13ac-34be-4c4e-8e45-0c0272edbbb2:c5705, 6287e41a-5356-4f55-84f2-270816d53e84:c5703, a2c18d3d-e79d-47c9-88fe-d8a1d195302b:c5703]
2019-08-23 11:31:57,156 | INFO  | DNAudit | user=null | ip=null | op=WRITE_CHUNK {blockData=conID: 3 locID: 102666070729229009 bcsId: 0} | ret=SUCCESS |  
2019-08-23 11:31:57,157 | INFO  | DNAudit | user=null | ip=null | op=PUT_BLOCK {blockData=[blockId=conID: 3 locID: 102666070729229009 bcsId: 0,size=2097152]} | ret=SUCCESS |  
2019-08-23 11:31:57,157 [grpc-default-executor-5] INFO  client.GrpcClientProtocolClient (GrpcClientProtocolClient.java:onNext(255)) - client-C9E345EC67ED->244f13ac-34be-4c4e-8e45-0c0272edbbb2: receive RaftClientReply:client-C9E345EC67ED->244f13ac-34be-4c4e-8e45-0c0272edbbb2@group-FE77C852EF02, cid=3772, SUCCESS, logIndex=5706, commits[244f13ac-34be-4c4e-8e45-0c0272edbbb2:c5707, 6287e41a-5356-4f55-84f2-270816d53e84:c5703, a2c18d3d-e79d-47c9-88fe-d8a1d195302b:c5703]
2019-08-23 11:31:57,157 [grpc-default-executor-5] INFO  client.GrpcClientProtocolClient (GrpcClientProtocolClient.java:onNext(255)) - client-C9E345EC67ED->244f13ac-34be-4c4e-8e45-0c0272edbbb2: receive RaftClientReply:client-C9E345EC67ED->244f13ac-34be-4c4e-8e45-0c0272edbbb2@group-FE77C852EF02, cid=3773, SUCCESS, logIndex=5707, commits[244f13ac-34be-4c4e-8e45-0c0272edbbb2:c5707, 6287e41a-5356-4f55-84f2-270816d53e84:c5703, a2c18d3d-e79d-47c9-88fe-d8a1d195302b:c5703]
2019-08-23 11:31:57,157 | INFO  | DNAudit | user=null | ip=null | op=WRITE_CHUNK {blockData=conID: 3 locID: 102666070729229009 bcsId: 0} | ret=SUCCESS |  
2019-08-23 11:31:57,158 | INFO  | DNAudit | user=null | ip=null | op=PUT_BLOCK {blockData=[blockId=conID: 3 locID: 102666070729229009 bcsId: 0,size=1048576]} | ret=SUCCESS |  
2019-08-23 11:31:57,158 | INFO  | DNAudit | user=null | ip=null | op=WRITE_CHUNK {blockData=conID: 3 locID: 102666070729229009 bcsId: 0} | ret=SUCCESS |  
2019-08-23 11:31:57,158 | INFO  | DNAudit | user=null | ip=null | op=PUT_BLOCK {blockData=[blockId=conID: 3 locID: 102666070729229009 bcsId: 0,size=1048576]} | ret=SUCCESS |  
2019-08-23 11:31:57,158 [grpc-default-executor-5] INFO  client.GrpcClientProtocolClient (GrpcClientProtocolClient.java:onNext(255)) - client-C9E345EC67ED->244f13ac-34be-4c4e-8e45-0c0272edbbb2: receive RaftClientReply:client-C9E345EC67ED->244f13ac-34be-4c4e-8e45-0c0272edbbb2@group-FE77C852EF02, cid=3774, SUCCESS, logIndex=0, commits[244f13ac-34be-4c4e-8e45-0c0272edbbb2:c5709, 6287e41a-5356-4f55-84f2-270816d53e84:c5705, a2c18d3d-e79d-47c9-88fe-d8a1d195302b:c5705]
2019-08-23 11:31:57,159 | INFO  | DNAudit | user=null | ip=null | op=WRITE_CHUNK {blockData=conID: 3 locID: 102666070729229009 bcsId: 0} | ret=SUCCESS |  
2019-08-23 11:31:57,159 | INFO  | DNAudit | user=null | ip=null | op=PUT_BLOCK {blockData=[blockId=conID: 3 locID: 102666070729229009 bcsId: 0,size=2097152]} | ret=SUCCESS |  
2019-08-23 11:31:57,159 | INFO  | DNAudit | user=null | ip=null | op=WRITE_CHUNK {blockData=conID: 3 locID: 102666070729229009 bcsId: 0} | ret=SUCCESS |  
2019-08-23 11:31:57,159 | INFO  | DNAudit | user=null | ip=null | op=PUT_BLOCK {blockData=[blockId=conID: 3 locID: 102666070729229009 bcsId: 0,size=2097152]} | ret=SUCCESS |  
2019-08-23 11:31:57,164 | INFO  | DNAudit | user=null | ip=null | op=WRITE_CHUNK {blockData=conID: 3 locID: 102666070729229009 bcsId: 5707} | ret=SUCCESS |  
2019-08-23 11:31:57,165 | INFO  | DNAudit | user=null | ip=null | op=WRITE_CHUNK {blockData=conID: 3 locID: 102666070729229009 bcsId: 5707} | ret=SUCCESS |  
2019-08-23 11:31:57,165 | INFO  | DNAudit | user=null | ip=null | op=WRITE_CHUNK {blockData=conID: 3 locID: 102666070729229009 bcsId: 5707} | ret=SUCCESS |  
2019-08-23 11:31:57,176 | INFO  | DNAudit | user=null | ip=null | op=WRITE_CHUNK {blockData=conID: 3 locID: 102666070729229009 bcsId: 5707} | ret=SUCCESS |  
2019-08-23 11:31:57,177 | INFO  | DNAudit | user=null | ip=null | op=PUT_BLOCK {blockData=[blockId=conID: 3 locID: 102666070729229009 bcsId: 0,size=3145728]} | ret=SUCCESS |  
2019-08-23 11:31:57,177 [grpc-default-executor-5] INFO  client.GrpcClientProtocolClient (GrpcClientProtocolClient.java:onNext(255)) - client-C9E345EC67ED->244f13ac-34be-4c4e-8e45-0c0272edbbb2: receive RaftClientReply:client-C9E345EC67ED->244f13ac-34be-4c4e-8e45-0c0272edbbb2@group-FE77C852EF02, cid=3775, SUCCESS, logIndex=5712, commits[244f13ac-34be-4c4e-8e45-0c0272edbbb2:c5713, 6287e41a-5356-4f55-84f2-270816d53e84:c5711, a2c18d3d-e79d-47c9-88fe-d8a1d195302b:c5711]
2019-08-23 11:31:57,177 [grpc-default-executor-5] INFO  client.GrpcClientProtocolClient (GrpcClientProtocolClient.java:onNext(255)) - client-C9E345EC67ED->244f13ac-34be-4c4e-8e45-0c0272edbbb2: receive RaftClientReply:client-C9E345EC67ED->244f13ac-34be-4c4e-8e45-0c0272edbbb2@group-FE77C852EF02, cid=3776, SUCCESS, logIndex=5713, commits[244f13ac-34be-4c4e-8e45-0c0272edbbb2:c5713, 6287e41a-5356-4f55-84f2-270816d53e84:c5711, a2c18d3d-e79d-47c9-88fe-d8a1d195302b:c5711]
2019-08-23 11:31:57,182 | INFO  | DNAudit | user=null | ip=null | op=WRITE_CHUNK {blockData=conID: 3 locID: 102666070729229009 bcsId: 5713} | ret=SUCCESS |  
2019-08-23 11:31:57,184 | INFO  | DNAudit | user=null | ip=null | op=WRITE_CHUNK {blockData=conID: 3 locID: 102666070729229009 bcsId: 5713} | ret=SUCCESS |  
2019-08-23 11:31:57,184 | INFO  | DNAudit | user=null | ip=null | op=WRITE_CHUNK {blockData=conID: 3 locID: 102666070729229009 bcsId: 5713} | ret=SUCCESS |  
2019-08-23 11:31:57,188 | INFO  | DNAudit | user=null | ip=null | op=WRITE_CHUNK {blockData=conID: 3 locID: 102666070729229009 bcsId: 5707} | ret=SUCCESS |  
2019-08-23 11:31:57,189 | INFO  | DNAudit | user=null | ip=null | op=WRITE_CHUNK {blockData=conID: 3 locID: 102666070729229009 bcsId: 5707} | ret=SUCCESS |  
2019-08-23 11:31:57,190 | INFO  | DNAudit | user=null | ip=null | op=PUT_BLOCK {blockData=[blockId=conID: 3 locID: 102666070729229009 bcsId: 0,size=3145728]} | ret=SUCCESS |  
2019-08-23 11:31:57,190 | INFO  | DNAudit | user=null | ip=null | op=PUT_BLOCK {blockData=[blockId=conID: 3 locID: 102666070729229009 bcsId: 0,size=3145728]} | ret=SUCCESS |  
2019-08-23 11:31:57,190 | INFO  | DNAudit | user=null | ip=null | op=WRITE_CHUNK {blockData=conID: 3 locID: 102666070729229009 bcsId: 5713} | ret=SUCCESS |  
2019-08-23 11:31:57,190 | INFO  | DNAudit | user=null | ip=null | op=PUT_BLOCK {blockData=[blockId=conID: 3 locID: 102666070729229009 bcsId: 0,size=4194304]} | ret=SUCCESS |  
2019-08-23 11:31:57,190 [grpc-default-executor-1] INFO  client.GrpcClientProtocolClient (GrpcClientProtocolClient.java:onNext(255)) - client-C9E345EC67ED->244f13ac-34be-4c4e-8e45-0c0272edbbb2: receive RaftClientReply:client-C9E345EC67ED->244f13ac-34be-4c4e-8e45-0c0272edbbb2@group-FE77C852EF02, cid=3777, SUCCESS, logIndex=5716, commits[244f13ac-34be-4c4e-8e45-0c0272edbbb2:c5717, 6287e41a-5356-4f55-84f2-270816d53e84:c5713, a2c18d3d-e79d-47c9-88fe-d8a1d195302b:c5713]
2019-08-23 11:31:57,191 [grpc-default-executor-1] INFO  client.GrpcClientProtocolClient (GrpcClientProtocolClient.java:onNext(255)) - client-C9E345EC67ED->244f13ac-34be-4c4e-8e45-0c0272edbbb2: receive RaftClientReply:client-C9E345EC67ED->244f13ac-34be-4c4e-8e45-0c0272edbbb2@group-FE77C852EF02, cid=3778, SUCCESS, logIndex=5717, commits[244f13ac-34be-4c4e-8e45-0c0272edbbb2:c5717, 6287e41a-5356-4f55-84f2-270816d53e84:c5713, a2c18d3d-e79d-47c9-88fe-d8a1d195302b:c5713]
2019-08-23 11:31:57,201 | INFO  | DNAudit | user=null | ip=null | op=WRITE_CHUNK {blockData=conID: 3 locID: 102666070729229009 bcsId: 5713} | ret=SUCCESS |  
2019-08-23 11:31:57,201 | INFO  | DNAudit | user=null | ip=null | op=WRITE_CHUNK {blockData=conID: 3 locID: 102666070729229009 bcsId: 5713} | ret=SUCCESS |  
2019-08-23 11:31:57,201 | INFO  | DNAudit | user=null | ip=null | op=PUT_BLOCK {blockData=[blockId=conID: 3 locID: 102666070729229009 bcsId: 0,size=4194304]} | ret=SUCCESS |  
2019-08-23 11:31:57,203 | INFO  | DNAudit | user=null | ip=null | op=PUT_BLOCK {blockData=[blockId=conID: 3 locID: 102666070729229009 bcsId: 0,size=4194304]} | ret=SUCCESS |  
2019-08-23 11:31:57,203 [grpc-default-executor-1] INFO  client.GrpcClientProtocolClient (GrpcClientProtocolClient.java:onNext(255)) - client-C9E345EC67ED->244f13ac-34be-4c4e-8e45-0c0272edbbb2: receive RaftClientReply:client-C9E345EC67ED->244f13ac-34be-4c4e-8e45-0c0272edbbb2@group-FE77C852EF02, cid=3779, SUCCESS, logIndex=0, commits[244f13ac-34be-4c4e-8e45-0c0272edbbb2:c5719, 6287e41a-5356-4f55-84f2-270816d53e84:c5717, a2c18d3d-e79d-47c9-88fe-d8a1d195302b:c5717]
2019-08-23 11:31:57,208 | INFO  | SCMAudit | user=jenkins1000 | ip=192.168.5.185 | op=ALLOCATE_BLOCK {owner=00a23185-76ea-47b5-a641-ad3cfbe5521a, size=4194304, type=RATIS, factor=THREE} | ret=SUCCESS |  
2019-08-23 11:31:57,212 | INFO  | OMAudit | user=jenkins1000 | ip=127.0.0.1 | op=ALLOCATE_BLOCK {volume=vol-0-37508, bucket=bucket-0-50919, key=key-0-57313, dataSize=0, replicationType=null, replicationFactor=null, keyLocationInfo=null, clientID=102666068570931602} | ret=SUCCESS |  
2019-08-23 11:31:57,217 | INFO  | DNAudit | user=null | ip=null | op=WRITE_CHUNK {blockData=conID: 1 locID: 102666070734144210 bcsId: 0} | ret=SUCCESS |  
2019-08-23 11:31:57,220 | INFO  | DNAudit | user=null | ip=null | op=WRITE_CHUNK {blockData=conID: 1 locID: 102666070734144210 bcsId: 0} | ret=SUCCESS |  
2019-08-23 11:31:57,220 | INFO  | DNAudit | user=null | ip=null | op=WRITE_CHUNK {blockData=conID: 1 locID: 102666070734144210 bcsId: 0} | ret=SUCCESS |  
2019-08-23 11:31:57,220 | INFO  | DNAudit | user=null | ip=null | op=WRITE_CHUNK {blockData=conID: 1 locID: 102666070734144210 bcsId: 0} | ret=SUCCESS |  
2019-08-23 11:31:57,221 | INFO  | DNAudit | user=null | ip=null | op=WRITE_CHUNK {blockData=conID: 1 locID: 102666070734144210 bcsId: 0} | ret=SUCCESS |  
2019-08-23 11:31:57,221 | INFO  | DNAudit | user=null | ip=null | op=WRITE_CHUNK {blockData=conID: 1 locID: 102666070734144210 bcsId: 0} | ret=SUCCESS |  
2019-08-23 11:31:57,231 | INFO  | DNAudit | user=null | ip=null | op=WRITE_CHUNK {blockData=conID: 1 locID: 102666070734144210 bcsId: 0} | ret=SUCCESS |  
2019-08-23 11:31:57,231 | INFO  | DNAudit | user=null | ip=null | op=PUT_BLOCK {blockData=[blockId=conID: 1 locID: 102666070734144210 bcsId: 0,size=1048576]} | ret=SUCCESS |  
2019-08-23 11:31:57,231 [grpc-default-executor-0] INFO  client.GrpcClientProtocolClient (GrpcClientProtocolClient.java:onNext(255)) - client-C9E345EC67ED->244f13ac-34be-4c4e-8e45-0c0272edbbb2: receive RaftClientReply:client-C9E345EC67ED->244f13ac-34be-4c4e-8e45-0c0272edbbb2@group-FE77C852EF02, cid=3780, SUCCESS, logIndex=5720, commits[244f13ac-34be-4c4e-8e45-0c0272edbbb2:c5721, 6287e41a-5356-4f55-84f2-270816d53e84:c5719, a2c18d3d-e79d-47c9-88fe-d8a1d195302b:c5719]
2019-08-23 11:31:57,232 | INFO  | DNAudit | user=null | ip=null | op=WRITE_CHUNK {blockData=conID: 1 locID: 102666070734144210 bcsId: 0} | ret=SUCCESS |  
2019-08-23 11:31:57,232 [grpc-default-executor-0] INFO  client.GrpcClientProtocolClient (GrpcClientProtocolClient.java:onNext(255)) - client-C9E345EC67ED->244f13ac-34be-4c4e-8e45-0c0272edbbb2: receive RaftClientReply:client-C9E345EC67ED->244f13ac-34be-4c4e-8e45-0c0272edbbb2@group-FE77C852EF02, cid=3781, SUCCESS, logIndex=5721, commits[244f13ac-34be-4c4e-8e45-0c0272edbbb2:c5723, 6287e41a-5356-4f55-84f2-270816d53e84:c5719, a2c18d3d-e79d-47c9-88fe-d8a1d195302b:c5719]
2019-08-23 11:31:57,232 | INFO  | DNAudit | user=null | ip=null | op=PUT_BLOCK {blockData=[blockId=conID: 1 locID: 102666070734144210 bcsId: 0,size=2097152]} | ret=SUCCESS |  
2019-08-23 11:31:57,232 [grpc-default-executor-0] INFO  client.GrpcClientProtocolClient (GrpcClientProtocolClient.java:onNext(255)) - client-C9E345EC67ED->244f13ac-34be-4c4e-8e45-0c0272edbbb2: receive RaftClientReply:client-C9E345EC67ED->244f13ac-34be-4c4e-8e45-0c0272edbbb2@group-FE77C852EF02, cid=3782, SUCCESS, logIndex=5722, commits[244f13ac-34be-4c4e-8e45-0c0272edbbb2:c5723, 6287e41a-5356-4f55-84f2-270816d53e84:c5719, a2c18d3d-e79d-47c9-88fe-d8a1d195302b:c5719]
2019-08-23 11:31:57,232 [grpc-default-executor-0] INFO  client.GrpcClientProtocolClient (GrpcClientProtocolClient.java:onNext(255)) - client-C9E345EC67ED->244f13ac-34be-4c4e-8e45-0c0272edbbb2: receive RaftClientReply:client-C9E345EC67ED->244f13ac-34be-4c4e-8e45-0c0272edbbb2@group-FE77C852EF02, cid=3783, SUCCESS, logIndex=5723, commits[244f13ac-34be-4c4e-8e45-0c0272edbbb2:c5723, 6287e41a-5356-4f55-84f2-270816d53e84:c5719, a2c18d3d-e79d-47c9-88fe-d8a1d195302b:c5719]
2019-08-23 11:31:57,240 | INFO  | DNAudit | user=null | ip=null | op=WRITE_CHUNK {blockData=conID: 1 locID: 102666070734144210 bcsId: 0} | ret=SUCCESS |  
2019-08-23 11:31:57,241 | INFO  | DNAudit | user=null | ip=null | op=WRITE_CHUNK {blockData=conID: 1 locID: 102666070734144210 bcsId: 0} | ret=SUCCESS |  
2019-08-23 11:31:57,241 | INFO  | DNAudit | user=null | ip=null | op=PUT_BLOCK {blockData=[blockId=conID: 1 locID: 102666070734144210 bcsId: 0,size=1048576]} | ret=SUCCESS |  
2019-08-23 11:31:57,241 | INFO  | DNAudit | user=null | ip=null | op=PUT_BLOCK {blockData=[blockId=conID: 1 locID: 102666070734144210 bcsId: 0,size=1048576]} | ret=SUCCESS |  
2019-08-23 11:31:57,241 [grpc-default-executor-5] INFO  client.GrpcClientProtocolClient (GrpcClientProtocolClient.java:onNext(255)) - client-C9E345EC67ED->244f13ac-34be-4c4e-8e45-0c0272edbbb2: receive RaftClientReply:client-C9E345EC67ED->244f13ac-34be-4c4e-8e45-0c0272edbbb2@group-FE77C852EF02, cid=3784, SUCCESS, logIndex=0, commits[244f13ac-34be-4c4e-8e45-0c0272edbbb2:c5725, 6287e41a-5356-4f55-84f2-270816d53e84:c5721, a2c18d3d-e79d-47c9-88fe-d8a1d195302b:c5721]
2019-08-23 11:31:57,241 | INFO  | DNAudit | user=null | ip=null | op=WRITE_CHUNK {blockData=conID: 1 locID: 102666070734144210 bcsId: 0} | ret=SUCCESS |  
2019-08-23 11:31:57,242 | INFO  | DNAudit | user=null | ip=null | op=WRITE_CHUNK {blockData=conID: 1 locID: 102666070734144210 bcsId: 0} | ret=SUCCESS |  
2019-08-23 11:31:57,242 | INFO  | DNAudit | user=null | ip=null | op=PUT_BLOCK {blockData=[blockId=conID: 1 locID: 102666070734144210 bcsId: 0,size=2097152]} | ret=SUCCESS |  
2019-08-23 11:31:57,242 | INFO  | DNAudit | user=null | ip=null | op=PUT_BLOCK {blockData=[blockId=conID: 1 locID: 102666070734144210 bcsId: 0,size=2097152]} | ret=SUCCESS |  
2019-08-23 11:31:57,246 | INFO  | DNAudit | user=null | ip=null | op=WRITE_CHUNK {blockData=conID: 1 locID: 102666070734144210 bcsId: 5723} | ret=SUCCESS |  
2019-08-23 11:31:57,248 | INFO  | DNAudit | user=null | ip=null | op=WRITE_CHUNK {blockData=conID: 1 locID: 102666070734144210 bcsId: 5723} | ret=SUCCESS |  
2019-08-23 11:31:57,248 | INFO  | DNAudit | user=null | ip=null | op=WRITE_CHUNK {blockData=conID: 1 locID: 102666070734144210 bcsId: 5723} | ret=SUCCESS |  
2019-08-23 11:31:57,260 | INFO  | DNAudit | user=null | ip=null | op=WRITE_CHUNK {blockData=conID: 1 locID: 102666070734144210 bcsId: 5723} | ret=SUCCESS |  
2019-08-23 11:31:57,260 | INFO  | DNAudit | user=null | ip=null | op=PUT_BLOCK {blockData=[blockId=conID: 1 locID: 102666070734144210 bcsId: 0,size=3145728]} | ret=SUCCESS |  
2019-08-23 11:31:57,260 [grpc-default-executor-0] INFO  client.GrpcClientProtocolClient (GrpcClientProtocolClient.java:onNext(255)) - client-C9E345EC67ED->244f13ac-34be-4c4e-8e45-0c0272edbbb2: receive RaftClientReply:client-C9E345EC67ED->244f13ac-34be-4c4e-8e45-0c0272edbbb2@group-FE77C852EF02, cid=3785, SUCCESS, logIndex=5728, commits[244f13ac-34be-4c4e-8e45-0c0272edbbb2:c5729, 6287e41a-5356-4f55-84f2-270816d53e84:c5727, a2c18d3d-e79d-47c9-88fe-d8a1d195302b:c5727]
2019-08-23 11:31:57,261 [grpc-default-executor-0] INFO  client.GrpcClientProtocolClient (GrpcClientProtocolClient.java:onNext(255)) - client-C9E345EC67ED->244f13ac-34be-4c4e-8e45-0c0272edbbb2: receive RaftClientReply:client-C9E345EC67ED->244f13ac-34be-4c4e-8e45-0c0272edbbb2@group-FE77C852EF02, cid=3786, SUCCESS, logIndex=5729, commits[244f13ac-34be-4c4e-8e45-0c0272edbbb2:c5729, 6287e41a-5356-4f55-84f2-270816d53e84:c5727, a2c18d3d-e79d-47c9-88fe-d8a1d195302b:c5727]
2019-08-23 11:31:57,261 | INFO  | DNAudit | user=null | ip=null | op=WRITE_CHUNK {blockData=conID: 1 locID: 102666070734144210 bcsId: 5723} | ret=SUCCESS |  
2019-08-23 11:31:57,262 | INFO  | DNAudit | user=null | ip=null | op=WRITE_CHUNK {blockData=conID: 1 locID: 102666070734144210 bcsId: 5723} | ret=SUCCESS |  
2019-08-23 11:31:57,263 | INFO  | DNAudit | user=null | ip=null | op=PUT_BLOCK {blockData=[blockId=conID: 1 locID: 102666070734144210 bcsId: 0,size=3145728]} | ret=SUCCESS |  
2019-08-23 11:31:57,263 | INFO  | DNAudit | user=null | ip=null | op=PUT_BLOCK {blockData=[blockId=conID: 1 locID: 102666070734144210 bcsId: 0,size=3145728]} | ret=SUCCESS |  
2019-08-23 11:31:57,266 | INFO  | DNAudit | user=null | ip=null | op=WRITE_CHUNK {blockData=conID: 1 locID: 102666070734144210 bcsId: 5729} | ret=SUCCESS |  
2019-08-23 11:31:57,268 | INFO  | DNAudit | user=null | ip=null | op=WRITE_CHUNK {blockData=conID: 1 locID: 102666070734144210 bcsId: 5729} | ret=SUCCESS |  
2019-08-23 11:31:57,268 | INFO  | DNAudit | user=null | ip=null | op=WRITE_CHUNK {blockData=conID: 1 locID: 102666070734144210 bcsId: 5729} | ret=SUCCESS |  
2019-08-23 11:31:57,276 | INFO  | DNAudit | user=null | ip=null | op=WRITE_CHUNK {blockData=conID: 1 locID: 102666070734144210 bcsId: 5729} | ret=SUCCESS |  
2019-08-23 11:31:57,276 | INFO  | DNAudit | user=null | ip=null | op=PUT_BLOCK {blockData=[blockId=conID: 1 locID: 102666070734144210 bcsId: 0,size=4194304]} | ret=SUCCESS |  
2019-08-23 11:31:57,276 [grpc-default-executor-1] INFO  client.GrpcClientProtocolClient (GrpcClientProtocolClient.java:onNext(255)) - client-C9E345EC67ED->244f13ac-34be-4c4e-8e45-0c0272edbbb2: receive RaftClientReply:client-C9E345EC67ED->244f13ac-34be-4c4e-8e45-0c0272edbbb2@group-FE77C852EF02, cid=3787, SUCCESS, logIndex=5732, commits[244f13ac-34be-4c4e-8e45-0c0272edbbb2:c5733, 6287e41a-5356-4f55-84f2-270816d53e84:c5731, a2c18d3d-e79d-47c9-88fe-d8a1d195302b:c5731]
2019-08-23 11:31:57,277 [grpc-default-executor-1] INFO  client.GrpcClientProtocolClient (GrpcClientProtocolClient.java:onNext(255)) - client-C9E345EC67ED->244f13ac-34be-4c4e-8e45-0c0272edbbb2: receive RaftClientReply:client-C9E345EC67ED->244f13ac-34be-4c4e-8e45-0c0272edbbb2@group-FE77C852EF02, cid=3788, SUCCESS, logIndex=5733, commits[244f13ac-34be-4c4e-8e45-0c0272edbbb2:c5733, 6287e41a-5356-4f55-84f2-270816d53e84:c5731, a2c18d3d-e79d-47c9-88fe-d8a1d195302b:c5731]
2019-08-23 11:31:57,287 | INFO  | DNAudit | user=null | ip=null | op=WRITE_CHUNK {blockData=conID: 1 locID: 102666070734144210 bcsId: 5729} | ret=SUCCESS |  
2019-08-23 11:31:57,288 | INFO  | DNAudit | user=null | ip=null | op=WRITE_CHUNK {blockData=conID: 1 locID: 102666070734144210 bcsId: 5729} | ret=SUCCESS |  
2019-08-23 11:31:57,289 | INFO  | DNAudit | user=null | ip=null | op=PUT_BLOCK {blockData=[blockId=conID: 1 locID: 102666070734144210 bcsId: 0,size=4194304]} | ret=SUCCESS |  
2019-08-23 11:31:57,289 | INFO  | DNAudit | user=null | ip=null | op=PUT_BLOCK {blockData=[blockId=conID: 1 locID: 102666070734144210 bcsId: 0,size=4194304]} | ret=SUCCESS |  
2019-08-23 11:31:57,289 [grpc-default-executor-1] INFO  client.GrpcClientProtocolClient (GrpcClientProtocolClient.java:onNext(255)) - client-C9E345EC67ED->244f13ac-34be-4c4e-8e45-0c0272edbbb2: receive RaftClientReply:client-C9E345EC67ED->244f13ac-34be-4c4e-8e45-0c0272edbbb2@group-FE77C852EF02, cid=3789, SUCCESS, logIndex=0, commits[244f13ac-34be-4c4e-8e45-0c0272edbbb2:c5735, 6287e41a-5356-4f55-84f2-270816d53e84:c5733, a2c18d3d-e79d-47c9-88fe-d8a1d195302b:c5733]
2019-08-23 11:31:57,295 | INFO  | SCMAudit | user=jenkins1000 | ip=192.168.5.185 | op=ALLOCATE_BLOCK {owner=00a23185-76ea-47b5-a641-ad3cfbe5521a, size=4194304, type=RATIS, factor=THREE} | ret=SUCCESS |  
2019-08-23 11:31:57,298 | INFO  | OMAudit | user=jenkins1000 | ip=127.0.0.1 | op=ALLOCATE_BLOCK {volume=vol-0-37508, bucket=bucket-0-50919, key=key-0-57313, dataSize=0, replicationType=null, replicationFactor=null, keyLocationInfo=null, clientID=102666068570931602} | ret=SUCCESS |  
2019-08-23 11:31:57,304 | INFO  | DNAudit | user=null | ip=null | op=WRITE_CHUNK {blockData=conID: 2 locID: 102666070739780307 bcsId: 0} | ret=SUCCESS |  
2019-08-23 11:31:57,307 | INFO  | DNAudit | user=null | ip=null | op=WRITE_CHUNK {blockData=conID: 2 locID: 102666070739780307 bcsId: 0} | ret=SUCCESS |  
2019-08-23 11:31:57,307 | INFO  | DNAudit | user=null | ip=null | op=WRITE_CHUNK {blockData=conID: 2 locID: 102666070739780307 bcsId: 0} | ret=SUCCESS |  
2019-08-23 11:31:57,307 | INFO  | DNAudit | user=null | ip=null | op=WRITE_CHUNK {blockData=conID: 2 locID: 102666070739780307 bcsId: 0} | ret=SUCCESS |  
2019-08-23 11:31:57,308 | INFO  | DNAudit | user=null | ip=null | op=WRITE_CHUNK {blockData=conID: 2 locID: 102666070739780307 bcsId: 0} | ret=SUCCESS |  
2019-08-23 11:31:57,308 | INFO  | DNAudit | user=null | ip=null | op=WRITE_CHUNK {blockData=conID: 2 locID: 102666070739780307 bcsId: 0} | ret=SUCCESS |  
2019-08-23 11:31:57,316 | INFO  | DNAudit | user=null | ip=null | op=WRITE_CHUNK {blockData=conID: 2 locID: 102666070739780307 bcsId: 0} | ret=SUCCESS |  
2019-08-23 11:31:57,316 | INFO  | DNAudit | user=null | ip=null | op=PUT_BLOCK {blockData=[blockId=conID: 2 locID: 102666070739780307 bcsId: 0,size=1048576]} | ret=SUCCESS |  
2019-08-23 11:31:57,317 | INFO  | DNAudit | user=null | ip=null | op=WRITE_CHUNK {blockData=conID: 2 locID: 102666070739780307 bcsId: 0} | ret=SUCCESS |  
2019-08-23 11:31:57,316 [grpc-default-executor-0] INFO  client.GrpcClientProtocolClient (GrpcClientProtocolClient.java:onNext(255)) - client-C9E345EC67ED->244f13ac-34be-4c4e-8e45-0c0272edbbb2: receive RaftClientReply:client-C9E345EC67ED->244f13ac-34be-4c4e-8e45-0c0272edbbb2@group-FE77C852EF02, cid=3790, SUCCESS, logIndex=5736, commits[244f13ac-34be-4c4e-8e45-0c0272edbbb2:c5738, 6287e41a-5356-4f55-84f2-270816d53e84:c5735, a2c18d3d-e79d-47c9-88fe-d8a1d195302b:c5735]
2019-08-23 11:31:57,317 | INFO  | DNAudit | user=null | ip=null | op=PUT_BLOCK {blockData=[blockId=conID: 2 locID: 102666070739780307 bcsId: 0,size=2097152]} | ret=SUCCESS |  
2019-08-23 11:31:57,317 [grpc-default-executor-0] INFO  client.GrpcClientProtocolClient (GrpcClientProtocolClient.java:onNext(255)) - client-C9E345EC67ED->244f13ac-34be-4c4e-8e45-0c0272edbbb2: receive RaftClientReply:client-C9E345EC67ED->244f13ac-34be-4c4e-8e45-0c0272edbbb2@group-FE77C852EF02, cid=3791, SUCCESS, logIndex=5737, commits[244f13ac-34be-4c4e-8e45-0c0272edbbb2:c5739, 6287e41a-5356-4f55-84f2-270816d53e84:c5735, a2c18d3d-e79d-47c9-88fe-d8a1d195302b:c5735]
2019-08-23 11:31:57,317 | INFO  | DNAudit | user=null | ip=null | op=WRITE_CHUNK {blockData=conID: 2 locID: 102666070739780307 bcsId: 0} | ret=SUCCESS |  
2019-08-23 11:31:57,317 [grpc-default-executor-0] INFO  client.GrpcClientProtocolClient (GrpcClientProtocolClient.java:onNext(255)) - client-C9E345EC67ED->244f13ac-34be-4c4e-8e45-0c0272edbbb2: receive RaftClientReply:client-C9E345EC67ED->244f13ac-34be-4c4e-8e45-0c0272edbbb2@group-FE77C852EF02, cid=3792, SUCCESS, logIndex=5738, commits[244f13ac-34be-4c4e-8e45-0c0272edbbb2:c5739, 6287e41a-5356-4f55-84f2-270816d53e84:c5735, a2c18d3d-e79d-47c9-88fe-d8a1d195302b:c5735]
2019-08-23 11:31:57,317 | INFO  | DNAudit | user=null | ip=null | op=WRITE_CHUNK {blockData=conID: 2 locID: 102666070739780307 bcsId: 0} | ret=SUCCESS |  
2019-08-23 11:31:57,317 [grpc-default-executor-0] INFO  client.GrpcClientProtocolClient (GrpcClientProtocolClient.java:onNext(255)) - client-C9E345EC67ED->244f13ac-34be-4c4e-8e45-0c0272edbbb2: receive RaftClientReply:client-C9E345EC67ED->244f13ac-34be-4c4e-8e45-0c0272edbbb2@group-FE77C852EF02, cid=3793, SUCCESS, logIndex=5739, commits[244f13ac-34be-4c4e-8e45-0c0272edbbb2:c5739, 6287e41a-5356-4f55-84f2-270816d53e84:c5735, a2c18d3d-e79d-47c9-88fe-d8a1d195302b:c5735]
2019-08-23 11:31:57,318 | INFO  | DNAudit | user=null | ip=null | op=PUT_BLOCK {blockData=[blockId=conID: 2 locID: 102666070739780307 bcsId: 0,size=1048576]} | ret=SUCCESS |  
2019-08-23 11:31:57,318 | INFO  | DNAudit | user=null | ip=null | op=WRITE_CHUNK {blockData=conID: 2 locID: 102666070739780307 bcsId: 0} | ret=SUCCESS |  
2019-08-23 11:31:57,318 | INFO  | DNAudit | user=null | ip=null | op=PUT_BLOCK {blockData=[blockId=conID: 2 locID: 102666070739780307 bcsId: 0,size=1048576]} | ret=SUCCESS |  
2019-08-23 11:31:57,318 | INFO  | DNAudit | user=null | ip=null | op=PUT_BLOCK {blockData=[blockId=conID: 2 locID: 102666070739780307 bcsId: 0,size=2097152]} | ret=SUCCESS |  
2019-08-23 11:31:57,319 | INFO  | DNAudit | user=null | ip=null | op=WRITE_CHUNK {blockData=conID: 2 locID: 102666070739780307 bcsId: 0} | ret=SUCCESS |  
2019-08-23 11:31:57,319 | INFO  | DNAudit | user=null | ip=null | op=PUT_BLOCK {blockData=[blockId=conID: 2 locID: 102666070739780307 bcsId: 0,size=2097152]} | ret=SUCCESS |  
2019-08-23 11:31:57,319 [grpc-default-executor-0] INFO  client.GrpcClientProtocolClient (GrpcClientProtocolClient.java:onNext(255)) - client-C9E345EC67ED->244f13ac-34be-4c4e-8e45-0c0272edbbb2: receive RaftClientReply:client-C9E345EC67ED->244f13ac-34be-4c4e-8e45-0c0272edbbb2@group-FE77C852EF02, cid=3794, SUCCESS, logIndex=0, commits[244f13ac-34be-4c4e-8e45-0c0272edbbb2:c5742, 6287e41a-5356-4f55-84f2-270816d53e84:c5737, a2c18d3d-e79d-47c9-88fe-d8a1d195302b:c5738]
2019-08-23 11:31:57,324 | INFO  | DNAudit | user=null | ip=null | op=WRITE_CHUNK {blockData=conID: 2 locID: 102666070739780307 bcsId: 5739} | ret=SUCCESS |  
2019-08-23 11:31:57,325 | INFO  | DNAudit | user=null | ip=null | op=WRITE_CHUNK {blockData=conID: 2 locID: 102666070739780307 bcsId: 5739} | ret=SUCCESS |  
2019-08-23 11:31:57,325 | INFO  | DNAudit | user=null | ip=null | op=WRITE_CHUNK {blockData=conID: 2 locID: 102666070739780307 bcsId: 5739} | ret=SUCCESS |  
2019-08-23 11:31:57,335 | INFO  | DNAudit | user=null | ip=null | op=WRITE_CHUNK {blockData=conID: 2 locID: 102666070739780307 bcsId: 5739} | ret=SUCCESS |  
2019-08-23 11:31:57,336 | INFO  | DNAudit | user=null | ip=null | op=PUT_BLOCK {blockData=[blockId=conID: 2 locID: 102666070739780307 bcsId: 0,size=3145728]} | ret=SUCCESS |  
2019-08-23 11:31:57,336 [grpc-default-executor-1] INFO  client.GrpcClientProtocolClient (GrpcClientProtocolClient.java:onNext(255)) - client-C9E345EC67ED->244f13ac-34be-4c4e-8e45-0c0272edbbb2: receive RaftClientReply:client-C9E345EC67ED->244f13ac-34be-4c4e-8e45-0c0272edbbb2@group-FE77C852EF02, cid=3795, SUCCESS, logIndex=5744, commits[244f13ac-34be-4c4e-8e45-0c0272edbbb2:c5745, 6287e41a-5356-4f55-84f2-270816d53e84:c5743, a2c18d3d-e79d-47c9-88fe-d8a1d195302b:c5743]
2019-08-23 11:31:57,336 [grpc-default-executor-1] INFO  client.GrpcClientProtocolClient (GrpcClientProtocolClient.java:onNext(255)) - client-C9E345EC67ED->244f13ac-34be-4c4e-8e45-0c0272edbbb2: receive RaftClientReply:client-C9E345EC67ED->244f13ac-34be-4c4e-8e45-0c0272edbbb2@group-FE77C852EF02, cid=3796, SUCCESS, logIndex=5745, commits[244f13ac-34be-4c4e-8e45-0c0272edbbb2:c5745, 6287e41a-5356-4f55-84f2-270816d53e84:c5743, a2c18d3d-e79d-47c9-88fe-d8a1d195302b:c5743]
2019-08-23 11:31:57,341 | INFO  | DNAudit | user=null | ip=null | op=WRITE_CHUNK {blockData=conID: 2 locID: 102666070739780307 bcsId: 5745} | ret=SUCCESS |  
2019-08-23 11:31:57,342 | INFO  | DNAudit | user=null | ip=null | op=WRITE_CHUNK {blockData=conID: 2 locID: 102666070739780307 bcsId: 5745} | ret=SUCCESS |  
2019-08-23 11:31:57,343 | INFO  | DNAudit | user=null | ip=null | op=WRITE_CHUNK {blockData=conID: 2 locID: 102666070739780307 bcsId: 5745} | ret=SUCCESS |  
2019-08-23 11:31:57,347 | INFO  | DNAudit | user=null | ip=null | op=WRITE_CHUNK {blockData=conID: 2 locID: 102666070739780307 bcsId: 5739} | ret=SUCCESS |  
2019-08-23 11:31:57,347 | INFO  | DNAudit | user=null | ip=null | op=WRITE_CHUNK {blockData=conID: 2 locID: 102666070739780307 bcsId: 5739} | ret=SUCCESS |  
2019-08-23 11:31:57,348 | INFO  | DNAudit | user=null | ip=null | op=PUT_BLOCK {blockData=[blockId=conID: 2 locID: 102666070739780307 bcsId: 0,size=3145728]} | ret=SUCCESS |  
2019-08-23 11:31:57,348 | INFO  | DNAudit | user=null | ip=null | op=PUT_BLOCK {blockData=[blockId=conID: 2 locID: 102666070739780307 bcsId: 0,size=3145728]} | ret=SUCCESS |  
2019-08-23 11:31:57,348 | INFO  | DNAudit | user=null | ip=null | op=WRITE_CHUNK {blockData=conID: 2 locID: 102666070739780307 bcsId: 5745} | ret=SUCCESS |  
2019-08-23 11:31:57,348 | INFO  | DNAudit | user=null | ip=null | op=PUT_BLOCK {blockData=[blockId=conID: 2 locID: 102666070739780307 bcsId: 0,size=4194304]} | ret=SUCCESS |  
2019-08-23 11:31:57,349 [grpc-default-executor-0] INFO  client.GrpcClientProtocolClient (GrpcClientProtocolClient.java:onNext(255)) - client-C9E345EC67ED->244f13ac-34be-4c4e-8e45-0c0272edbbb2: receive RaftClientReply:client-C9E345EC67ED->244f13ac-34be-4c4e-8e45-0c0272edbbb2@group-FE77C852EF02, cid=3797, SUCCESS, logIndex=5748, commits[244f13ac-34be-4c4e-8e45-0c0272edbbb2:c5748, 6287e41a-5356-4f55-84f2-270816d53e84:c5745, a2c18d3d-e79d-47c9-88fe-d8a1d195302b:c5745]
2019-08-23 11:31:57,349 [grpc-default-executor-0] INFO  client.GrpcClientProtocolClient (GrpcClientProtocolClient.java:onNext(255)) - client-C9E345EC67ED->244f13ac-34be-4c4e-8e45-0c0272edbbb2: receive RaftClientReply:client-C9E345EC67ED->244f13ac-34be-4c4e-8e45-0c0272edbbb2@group-FE77C852EF02, cid=3798, SUCCESS, logIndex=5749, commits[244f13ac-34be-4c4e-8e45-0c0272edbbb2:c5749, 6287e41a-5356-4f55-84f2-270816d53e84:c5745, a2c18d3d-e79d-47c9-88fe-d8a1d195302b:c5745]
2019-08-23 11:31:57,350 | INFO  | DNAudit | user=null | ip=null | op=WRITE_CHUNK {blockData=conID: 2 locID: 102666070739780307 bcsId: 5745} | ret=SUCCESS |  
2019-08-23 11:31:57,350 | INFO  | DNAudit | user=null | ip=null | op=WRITE_CHUNK {blockData=conID: 2 locID: 102666070739780307 bcsId: 5745} | ret=SUCCESS |  
2019-08-23 11:31:57,351 | INFO  | DNAudit | user=null | ip=null | op=PUT_BLOCK {blockData=[blockId=conID: 2 locID: 102666070739780307 bcsId: 0,size=4194304]} | ret=SUCCESS |  
2019-08-23 11:31:57,351 | INFO  | DNAudit | user=null | ip=null | op=PUT_BLOCK {blockData=[blockId=conID: 2 locID: 102666070739780307 bcsId: 0,size=4194304]} | ret=SUCCESS |  
2019-08-23 11:31:57,352 [grpc-default-executor-0] INFO  client.GrpcClientProtocolClient (GrpcClientProtocolClient.java:onNext(255)) - client-C9E345EC67ED->244f13ac-34be-4c4e-8e45-0c0272edbbb2: receive RaftClientReply:client-C9E345EC67ED->244f13ac-34be-4c4e-8e45-0c0272edbbb2@group-FE77C852EF02, cid=3799, SUCCESS, logIndex=0, commits[244f13ac-34be-4c4e-8e45-0c0272edbbb2:c5751, 6287e41a-5356-4f55-84f2-270816d53e84:c5749, a2c18d3d-e79d-47c9-88fe-d8a1d195302b:c5749]
2019-08-23 11:31:57,358 | INFO  | SCMAudit | user=jenkins1000 | ip=192.168.5.185 | op=ALLOCATE_BLOCK {owner=00a23185-76ea-47b5-a641-ad3cfbe5521a, size=4194304, type=RATIS, factor=THREE} | ret=SUCCESS |  
2019-08-23 11:31:57,362 | INFO  | OMAudit | user=jenkins1000 | ip=127.0.0.1 | op=ALLOCATE_BLOCK {volume=vol-0-37508, bucket=bucket-0-50919, key=key-0-57313, dataSize=0, replicationType=null, replicationFactor=null, keyLocationInfo=null, clientID=102666068570931602} | ret=SUCCESS |  
2019-08-23 11:31:57,368 | INFO  | DNAudit | user=null | ip=null | op=WRITE_CHUNK {blockData=conID: 3 locID: 102666070743974612 bcsId: 0} | ret=SUCCESS |  
2019-08-23 11:31:57,370 | INFO  | DNAudit | user=null | ip=null | op=WRITE_CHUNK {blockData=conID: 3 locID: 102666070743974612 bcsId: 0} | ret=SUCCESS |  
2019-08-23 11:31:57,370 | INFO  | DNAudit | user=null | ip=null | op=WRITE_CHUNK {blockData=conID: 3 locID: 102666070743974612 bcsId: 0} | ret=SUCCESS |  
2019-08-23 11:31:57,370 | INFO  | DNAudit | user=null | ip=null | op=WRITE_CHUNK {blockData=conID: 3 locID: 102666070743974612 bcsId: 0} | ret=SUCCESS |  
2019-08-23 11:31:57,371 | INFO  | DNAudit | user=null | ip=null | op=WRITE_CHUNK {blockData=conID: 3 locID: 102666070743974612 bcsId: 0} | ret=SUCCESS |  
2019-08-23 11:31:57,371 | INFO  | DNAudit | user=null | ip=null | op=WRITE_CHUNK {blockData=conID: 3 locID: 102666070743974612 bcsId: 0} | ret=SUCCESS |  
2019-08-23 11:31:57,379 | INFO  | DNAudit | user=null | ip=null | op=WRITE_CHUNK {blockData=conID: 3 locID: 102666070743974612 bcsId: 0} | ret=SUCCESS |  
2019-08-23 11:31:57,380 | INFO  | DNAudit | user=null | ip=null | op=PUT_BLOCK {blockData=[blockId=conID: 3 locID: 102666070743974612 bcsId: 0,size=1048576]} | ret=SUCCESS |  
2019-08-23 11:31:57,380 | INFO  | DNAudit | user=null | ip=null | op=WRITE_CHUNK {blockData=conID: 3 locID: 102666070743974612 bcsId: 0} | ret=SUCCESS |  
2019-08-23 11:31:57,380 [grpc-default-executor-1] INFO  client.GrpcClientProtocolClient (GrpcClientProtocolClient.java:onNext(255)) - client-C9E345EC67ED->244f13ac-34be-4c4e-8e45-0c0272edbbb2: receive RaftClientReply:client-C9E345EC67ED->244f13ac-34be-4c4e-8e45-0c0272edbbb2@group-FE77C852EF02, cid=3800, SUCCESS, logIndex=5752, commits[244f13ac-34be-4c4e-8e45-0c0272edbbb2:c5753, 6287e41a-5356-4f55-84f2-270816d53e84:c5751, a2c18d3d-e79d-47c9-88fe-d8a1d195302b:c5751]
2019-08-23 11:31:57,380 | INFO  | DNAudit | user=null | ip=null | op=PUT_BLOCK {blockData=[blockId=conID: 3 locID: 102666070743974612 bcsId: 0,size=2097152]} | ret=SUCCESS |  
2019-08-23 11:31:57,380 [grpc-default-executor-1] INFO  client.GrpcClientProtocolClient (GrpcClientProtocolClient.java:onNext(255)) - client-C9E345EC67ED->244f13ac-34be-4c4e-8e45-0c0272edbbb2: receive RaftClientReply:client-C9E345EC67ED->244f13ac-34be-4c4e-8e45-0c0272edbbb2@group-FE77C852EF02, cid=3801, SUCCESS, logIndex=5753, commits[244f13ac-34be-4c4e-8e45-0c0272edbbb2:c5755, 6287e41a-5356-4f55-84f2-270816d53e84:c5751, a2c18d3d-e79d-47c9-88fe-d8a1d195302b:c5751]
2019-08-23 11:31:57,380 [grpc-default-executor-1] INFO  client.GrpcClientProtocolClient (GrpcClientProtocolClient.java:onNext(255)) - client-C9E345EC67ED->244f13ac-34be-4c4e-8e45-0c0272edbbb2: receive RaftClientReply:client-C9E345EC67ED->244f13ac-34be-4c4e-8e45-0c0272edbbb2@group-FE77C852EF02, cid=3802, SUCCESS, logIndex=5754, commits[244f13ac-34be-4c4e-8e45-0c0272edbbb2:c5755, 6287e41a-5356-4f55-84f2-270816d53e84:c5751, a2c18d3d-e79d-47c9-88fe-d8a1d195302b:c5751]
2019-08-23 11:31:57,381 [grpc-default-executor-1] INFO  client.GrpcClientProtocolClient (GrpcClientProtocolClient.java:onNext(255)) - client-C9E345EC67ED->244f13ac-34be-4c4e-8e45-0c0272edbbb2: receive RaftClientReply:client-C9E345EC67ED->244f13ac-34be-4c4e-8e45-0c0272edbbb2@group-FE77C852EF02, cid=3803, SUCCESS, logIndex=5755, commits[244f13ac-34be-4c4e-8e45-0c0272edbbb2:c5755, 6287e41a-5356-4f55-84f2-270816d53e84:c5751, a2c18d3d-e79d-47c9-88fe-d8a1d195302b:c5751]
2019-08-23 11:31:57,381 | INFO  | DNAudit | user=null | ip=null | op=WRITE_CHUNK {blockData=conID: 3 locID: 102666070743974612 bcsId: 0} | ret=SUCCESS |  
2019-08-23 11:31:57,382 | INFO  | DNAudit | user=null | ip=null | op=WRITE_CHUNK {blockData=conID: 3 locID: 102666070743974612 bcsId: 0} | ret=SUCCESS |  
2019-08-23 11:31:57,382 | INFO  | DNAudit | user=null | ip=null | op=PUT_BLOCK {blockData=[blockId=conID: 3 locID: 102666070743974612 bcsId: 0,size=1048576]} | ret=SUCCESS |  
2019-08-23 11:31:57,382 | INFO  | DNAudit | user=null | ip=null | op=WRITE_CHUNK {blockData=conID: 3 locID: 102666070743974612 bcsId: 0} | ret=SUCCESS |  
2019-08-23 11:31:57,382 | INFO  | DNAudit | user=null | ip=null | op=PUT_BLOCK {blockData=[blockId=conID: 3 locID: 102666070743974612 bcsId: 0,size=1048576]} | ret=SUCCESS |  
2019-08-23 11:31:57,382 | INFO  | DNAudit | user=null | ip=null | op=PUT_BLOCK {blockData=[blockId=conID: 3 locID: 102666070743974612 bcsId: 0,size=2097152]} | ret=SUCCESS |  
2019-08-23 11:31:57,382 | INFO  | DNAudit | user=null | ip=null | op=WRITE_CHUNK {blockData=conID: 3 locID: 102666070743974612 bcsId: 0} | ret=SUCCESS |  
2019-08-23 11:31:57,382 | INFO  | DNAudit | user=null | ip=null | op=PUT_BLOCK {blockData=[blockId=conID: 3 locID: 102666070743974612 bcsId: 0,size=2097152]} | ret=SUCCESS |  
2019-08-23 11:31:57,383 [grpc-default-executor-4] INFO  client.GrpcClientProtocolClient (GrpcClientProtocolClient.java:onNext(255)) - client-C9E345EC67ED->244f13ac-34be-4c4e-8e45-0c0272edbbb2: receive RaftClientReply:client-C9E345EC67ED->244f13ac-34be-4c4e-8e45-0c0272edbbb2@group-FE77C852EF02, cid=3804, SUCCESS, logIndex=0, commits[244f13ac-34be-4c4e-8e45-0c0272edbbb2:c5759, 6287e41a-5356-4f55-84f2-270816d53e84:c5755, a2c18d3d-e79d-47c9-88fe-d8a1d195302b:c5753]
2019-08-23 11:31:57,388 | INFO  | DNAudit | user=null | ip=null | op=WRITE_CHUNK {blockData=conID: 3 locID: 102666070743974612 bcsId: 5755} | ret=SUCCESS |  
2019-08-23 11:31:57,389 | INFO  | DNAudit | user=null | ip=null | op=WRITE_CHUNK {blockData=conID: 3 locID: 102666070743974612 bcsId: 5755} | ret=SUCCESS |  
2019-08-23 11:31:57,389 | INFO  | DNAudit | user=null | ip=null | op=WRITE_CHUNK {blockData=conID: 3 locID: 102666070743974612 bcsId: 5755} | ret=SUCCESS |  
2019-08-23 11:31:57,400 | INFO  | DNAudit | user=null | ip=null | op=WRITE_CHUNK {blockData=conID: 3 locID: 102666070743974612 bcsId: 5755} | ret=SUCCESS |  
2019-08-23 11:31:57,400 | INFO  | DNAudit | user=null | ip=null | op=PUT_BLOCK {blockData=[blockId=conID: 3 locID: 102666070743974612 bcsId: 0,size=3145728]} | ret=SUCCESS |  
2019-08-23 11:31:57,400 [grpc-default-executor-5] INFO  client.GrpcClientProtocolClient (GrpcClientProtocolClient.java:onNext(255)) - client-C9E345EC67ED->244f13ac-34be-4c4e-8e45-0c0272edbbb2: receive RaftClientReply:client-C9E345EC67ED->244f13ac-34be-4c4e-8e45-0c0272edbbb2@group-FE77C852EF02, cid=3805, SUCCESS, logIndex=5760, commits[244f13ac-34be-4c4e-8e45-0c0272edbbb2:c5761, 6287e41a-5356-4f55-84f2-270816d53e84:c5759, a2c18d3d-e79d-47c9-88fe-d8a1d195302b:c5759]
2019-08-23 11:31:57,400 [grpc-default-executor-5] INFO  client.GrpcClientProtocolClient (GrpcClientProtocolClient.java:onNext(255)) - client-C9E345EC67ED->244f13ac-34be-4c4e-8e45-0c0272edbbb2: receive RaftClientReply:client-C9E345EC67ED->244f13ac-34be-4c4e-8e45-0c0272edbbb2@group-FE77C852EF02, cid=3806, SUCCESS, logIndex=5761, commits[244f13ac-34be-4c4e-8e45-0c0272edbbb2:c5761, 6287e41a-5356-4f55-84f2-270816d53e84:c5759, a2c18d3d-e79d-47c9-88fe-d8a1d195302b:c5759]
2019-08-23 11:31:57,405 | INFO  | DNAudit | user=null | ip=null | op=WRITE_CHUNK {blockData=conID: 3 locID: 102666070743974612 bcsId: 5761} | ret=SUCCESS |  
2019-08-23 11:31:57,406 | INFO  | DNAudit | user=null | ip=null | op=WRITE_CHUNK {blockData=conID: 3 locID: 102666070743974612 bcsId: 5761} | ret=SUCCESS |  
2019-08-23 11:31:57,407 | INFO  | DNAudit | user=null | ip=null | op=WRITE_CHUNK {blockData=conID: 3 locID: 102666070743974612 bcsId: 5761} | ret=SUCCESS |  
2019-08-23 11:31:57,412 | INFO  | DNAudit | user=null | ip=null | op=WRITE_CHUNK {blockData=conID: 3 locID: 102666070743974612 bcsId: 5755} | ret=SUCCESS |  
2019-08-23 11:31:57,412 | INFO  | DNAudit | user=null | ip=null | op=WRITE_CHUNK {blockData=conID: 3 locID: 102666070743974612 bcsId: 5755} | ret=SUCCESS |  
2019-08-23 11:31:57,413 | INFO  | DNAudit | user=null | ip=null | op=PUT_BLOCK {blockData=[blockId=conID: 3 locID: 102666070743974612 bcsId: 0,size=3145728]} | ret=SUCCESS |  
2019-08-23 11:31:57,413 | INFO  | DNAudit | user=null | ip=null | op=PUT_BLOCK {blockData=[blockId=conID: 3 locID: 102666070743974612 bcsId: 0,size=3145728]} | ret=SUCCESS |  
2019-08-23 11:31:57,413 | INFO  | DNAudit | user=null | ip=null | op=WRITE_CHUNK {blockData=conID: 3 locID: 102666070743974612 bcsId: 5761} | ret=SUCCESS |  
2019-08-23 11:31:57,413 | INFO  | DNAudit | user=null | ip=null | op=PUT_BLOCK {blockData=[blockId=conID: 3 locID: 102666070743974612 bcsId: 0,size=4194304]} | ret=SUCCESS |  
2019-08-23 11:31:57,413 [grpc-default-executor-1] INFO  client.GrpcClientProtocolClient (GrpcClientProtocolClient.java:onNext(255)) - client-C9E345EC67ED->244f13ac-34be-4c4e-8e45-0c0272edbbb2: receive RaftClientReply:client-C9E345EC67ED->244f13ac-34be-4c4e-8e45-0c0272edbbb2@group-FE77C852EF02, cid=3807, SUCCESS, logIndex=5764, commits[244f13ac-34be-4c4e-8e45-0c0272edbbb2:c5765, 6287e41a-5356-4f55-84f2-270816d53e84:c5761, a2c18d3d-e79d-47c9-88fe-d8a1d195302b:c5761]
2019-08-23 11:31:57,414 [grpc-default-executor-1] INFO  client.GrpcClientProtocolClient (GrpcClientProtocolClient.java:onNext(255)) - client-C9E345EC67ED->244f13ac-34be-4c4e-8e45-0c0272edbbb2: receive RaftClientReply:client-C9E345EC67ED->244f13ac-34be-4c4e-8e45-0c0272edbbb2@group-FE77C852EF02, cid=3808, SUCCESS, logIndex=5765, commits[244f13ac-34be-4c4e-8e45-0c0272edbbb2:c5765, 6287e41a-5356-4f55-84f2-270816d53e84:c5761, a2c18d3d-e79d-47c9-88fe-d8a1d195302b:c5761]
2019-08-23 11:31:57,424 | INFO  | DNAudit | user=null | ip=null | op=WRITE_CHUNK {blockData=conID: 3 locID: 102666070743974612 bcsId: 5761} | ret=SUCCESS |  
2019-08-23 11:31:57,425 | INFO  | DNAudit | user=null | ip=null | op=WRITE_CHUNK {blockData=conID: 3 locID: 102666070743974612 bcsId: 5761} | ret=SUCCESS |  
2019-08-23 11:31:57,426 | INFO  | DNAudit | user=null | ip=null | op=PUT_BLOCK {blockData=[blockId=conID: 3 locID: 102666070743974612 bcsId: 0,size=4194304]} | ret=SUCCESS |  
2019-08-23 11:31:57,426 | INFO  | DNAudit | user=null | ip=null | op=PUT_BLOCK {blockData=[blockId=conID: 3 locID: 102666070743974612 bcsId: 0,size=4194304]} | ret=SUCCESS |  
2019-08-23 11:31:57,426 [grpc-default-executor-1] INFO  client.GrpcClientProtocolClient (GrpcClientProtocolClient.java:onNext(255)) - client-C9E345EC67ED->244f13ac-34be-4c4e-8e45-0c0272edbbb2: receive RaftClientReply:client-C9E345EC67ED->244f13ac-34be-4c4e-8e45-0c0272edbbb2@group-FE77C852EF02, cid=3809, SUCCESS, logIndex=0, commits[244f13ac-34be-4c4e-8e45-0c0272edbbb2:c5767, 6287e41a-5356-4f55-84f2-270816d53e84:c5765, a2c18d3d-e79d-47c9-88fe-d8a1d195302b:c5765]
2019-08-23 11:31:57,432 | INFO  | SCMAudit | user=jenkins1000 | ip=192.168.5.185 | op=ALLOCATE_BLOCK {owner=00a23185-76ea-47b5-a641-ad3cfbe5521a, size=4194304, type=RATIS, factor=THREE} | ret=SUCCESS |  
2019-08-23 11:31:57,436 | INFO  | OMAudit | user=jenkins1000 | ip=127.0.0.1 | op=ALLOCATE_BLOCK {volume=vol-0-37508, bucket=bucket-0-50919, key=key-0-57313, dataSize=0, replicationType=null, replicationFactor=null, keyLocationInfo=null, clientID=102666068570931602} | ret=SUCCESS |  
2019-08-23 11:31:57,441 | INFO  | DNAudit | user=null | ip=null | op=WRITE_CHUNK {blockData=conID: 1 locID: 102666070748824277 bcsId: 0} | ret=SUCCESS |  
2019-08-23 11:31:57,443 | INFO  | DNAudit | user=null | ip=null | op=WRITE_CHUNK {blockData=conID: 1 locID: 102666070748824277 bcsId: 0} | ret=SUCCESS |  
2019-08-23 11:31:57,444 | INFO  | DNAudit | user=null | ip=null | op=WRITE_CHUNK {blockData=conID: 1 locID: 102666070748824277 bcsId: 0} | ret=SUCCESS |  
2019-08-23 11:31:57,444 | INFO  | DNAudit | user=null | ip=null | op=WRITE_CHUNK {blockData=conID: 1 locID: 102666070748824277 bcsId: 0} | ret=SUCCESS |  
2019-08-23 11:31:57,445 | INFO  | DNAudit | user=null | ip=null | op=WRITE_CHUNK {blockData=conID: 1 locID: 102666070748824277 bcsId: 0} | ret=SUCCESS |  
2019-08-23 11:31:57,445 | INFO  | DNAudit | user=null | ip=null | op=WRITE_CHUNK {blockData=conID: 1 locID: 102666070748824277 bcsId: 0} | ret=SUCCESS |  
2019-08-23 11:31:57,454 | INFO  | DNAudit | user=null | ip=null | op=WRITE_CHUNK {blockData=conID: 1 locID: 102666070748824277 bcsId: 0} | ret=SUCCESS |  
2019-08-23 11:31:57,454 | INFO  | DNAudit | user=null | ip=null | op=PUT_BLOCK {blockData=[blockId=conID: 1 locID: 102666070748824277 bcsId: 0,size=1048576]} | ret=SUCCESS |  
2019-08-23 11:31:57,454 [grpc-default-executor-4] INFO  client.GrpcClientProtocolClient (GrpcClientProtocolClient.java:onNext(255)) - client-C9E345EC67ED->244f13ac-34be-4c4e-8e45-0c0272edbbb2: receive RaftClientReply:client-C9E345EC67ED->244f13ac-34be-4c4e-8e45-0c0272edbbb2@group-FE77C852EF02, cid=3810, SUCCESS, logIndex=5768, commits[244f13ac-34be-4c4e-8e45-0c0272edbbb2:c5769, 6287e41a-5356-4f55-84f2-270816d53e84:c5767, a2c18d3d-e79d-47c9-88fe-d8a1d195302b:c5767]
2019-08-23 11:31:57,454 | INFO  | DNAudit | user=null | ip=null | op=WRITE_CHUNK {blockData=conID: 1 locID: 102666070748824277 bcsId: 0} | ret=SUCCESS |  
2019-08-23 11:31:57,454 | INFO  | DNAudit | user=null | ip=null | op=PUT_BLOCK {blockData=[blockId=conID: 1 locID: 102666070748824277 bcsId: 0,size=2097152]} | ret=SUCCESS |  
2019-08-23 11:31:57,455 [grpc-default-executor-4] INFO  client.GrpcClientProtocolClient (GrpcClientProtocolClient.java:onNext(255)) - client-C9E345EC67ED->244f13ac-34be-4c4e-8e45-0c0272edbbb2: receive RaftClientReply:client-C9E345EC67ED->244f13ac-34be-4c4e-8e45-0c0272edbbb2@group-FE77C852EF02, cid=3811, SUCCESS, logIndex=5769, commits[244f13ac-34be-4c4e-8e45-0c0272edbbb2:c5771, 6287e41a-5356-4f55-84f2-270816d53e84:c5767, a2c18d3d-e79d-47c9-88fe-d8a1d195302b:c5767]
2019-08-23 11:31:57,455 [grpc-default-executor-4] INFO  client.GrpcClientProtocolClient (GrpcClientProtocolClient.java:onNext(255)) - client-C9E345EC67ED->244f13ac-34be-4c4e-8e45-0c0272edbbb2: receive RaftClientReply:client-C9E345EC67ED->244f13ac-34be-4c4e-8e45-0c0272edbbb2@group-FE77C852EF02, cid=3812, SUCCESS, logIndex=5770, commits[244f13ac-34be-4c4e-8e45-0c0272edbbb2:c5771, 6287e41a-5356-4f55-84f2-270816d53e84:c5767, a2c18d3d-e79d-47c9-88fe-d8a1d195302b:c5767]
2019-08-23 11:31:57,455 [grpc-default-executor-4] INFO  client.GrpcClientProtocolClient (GrpcClientProtocolClient.java:onNext(255)) - client-C9E345EC67ED->244f13ac-34be-4c4e-8e45-0c0272edbbb2: receive RaftClientReply:client-C9E345EC67ED->244f13ac-34be-4c4e-8e45-0c0272edbbb2@group-FE77C852EF02, cid=3813, SUCCESS, logIndex=5771, commits[244f13ac-34be-4c4e-8e45-0c0272edbbb2:c5771, 6287e41a-5356-4f55-84f2-270816d53e84:c5767, a2c18d3d-e79d-47c9-88fe-d8a1d195302b:c5767]
2019-08-23 11:31:57,455 | INFO  | DNAudit | user=null | ip=null | op=WRITE_CHUNK {blockData=conID: 1 locID: 102666070748824277 bcsId: 0} | ret=SUCCESS |  
2019-08-23 11:31:57,455 | INFO  | DNAudit | user=null | ip=null | op=WRITE_CHUNK {blockData=conID: 1 locID: 102666070748824277 bcsId: 0} | ret=SUCCESS |  
2019-08-23 11:31:57,456 | INFO  | DNAudit | user=null | ip=null | op=PUT_BLOCK {blockData=[blockId=conID: 1 locID: 102666070748824277 bcsId: 0,size=1048576]} | ret=SUCCESS |  
2019-08-23 11:31:57,456 | INFO  | DNAudit | user=null | ip=null | op=PUT_BLOCK {blockData=[blockId=conID: 1 locID: 102666070748824277 bcsId: 0,size=1048576]} | ret=SUCCESS |  
2019-08-23 11:31:57,457 | INFO  | DNAudit | user=null | ip=null | op=WRITE_CHUNK {blockData=conID: 1 locID: 102666070748824277 bcsId: 0} | ret=SUCCESS |  
2019-08-23 11:31:57,457 | INFO  | DNAudit | user=null | ip=null | op=WRITE_CHUNK {blockData=conID: 1 locID: 102666070748824277 bcsId: 0} | ret=SUCCESS |  
2019-08-23 11:31:57,457 | INFO  | DNAudit | user=null | ip=null | op=PUT_BLOCK {blockData=[blockId=conID: 1 locID: 102666070748824277 bcsId: 0,size=2097152]} | ret=SUCCESS |  
2019-08-23 11:31:57,457 | INFO  | DNAudit | user=null | ip=null | op=PUT_BLOCK {blockData=[blockId=conID: 1 locID: 102666070748824277 bcsId: 0,size=2097152]} | ret=SUCCESS |  
2019-08-23 11:31:57,457 [grpc-default-executor-0] INFO  client.GrpcClientProtocolClient (GrpcClientProtocolClient.java:onNext(255)) - client-C9E345EC67ED->244f13ac-34be-4c4e-8e45-0c0272edbbb2: receive RaftClientReply:client-C9E345EC67ED->244f13ac-34be-4c4e-8e45-0c0272edbbb2@group-FE77C852EF02, cid=3814, SUCCESS, logIndex=0, commits[244f13ac-34be-4c4e-8e45-0c0272edbbb2:c5773, 6287e41a-5356-4f55-84f2-270816d53e84:c5769, a2c18d3d-e79d-47c9-88fe-d8a1d195302b:c5769]
2019-08-23 11:31:57,461 | INFO  | DNAudit | user=null | ip=null | op=WRITE_CHUNK {blockData=conID: 1 locID: 102666070748824277 bcsId: 5771} | ret=SUCCESS |  
2019-08-23 11:31:57,463 | INFO  | DNAudit | user=null | ip=null | op=WRITE_CHUNK {blockData=conID: 1 locID: 102666070748824277 bcsId: 5771} | ret=SUCCESS |  
2019-08-23 11:31:57,463 | INFO  | DNAudit | user=null | ip=null | op=WRITE_CHUNK {blockData=conID: 1 locID: 102666070748824277 bcsId: 5771} | ret=SUCCESS |  
2019-08-23 11:31:57,467 | INFO  | SCMAudit | user=jenkins1000 | ip=192.168.5.185 | op=SEND_HEARTBEAT {datanodeUUID=6287e41a-5356-4f55-84f2-270816d53e84, command=[]} | ret=SUCCESS |  
2019-08-23 11:31:57,467 | INFO  | SCMAudit | user=jenkins1000 | ip=192.168.5.185 | op=SEND_HEARTBEAT {datanodeUUID=0d166765-8492-4439-8677-f737a7bc54ca, command=[]} | ret=SUCCESS |  
2019-08-23 11:31:57,468 | INFO  | SCMAudit | user=jenkins1000 | ip=192.168.5.185 | op=SEND_HEARTBEAT {datanodeUUID=b2c34899-c5c3-4720-9d95-984efeabf4a7, command=[]} | ret=SUCCESS |  
2019-08-23 11:31:57,471 | INFO  | SCMAudit | user=jenkins1000 | ip=192.168.5.185 | op=SEND_HEARTBEAT {datanodeUUID=a2c18d3d-e79d-47c9-88fe-d8a1d195302b, command=[]} | ret=SUCCESS |  
2019-08-23 11:31:57,471 | INFO  | SCMAudit | user=jenkins1000 | ip=192.168.5.185 | op=SEND_HEARTBEAT {datanodeUUID=244f13ac-34be-4c4e-8e45-0c0272edbbb2, command=[]} | ret=SUCCESS |  
 0.00% |█                                                                                                    |  0/1 Time: 0:00:332019-08-23 11:31:57,477 | INFO  | DNAudit | user=null | ip=null | op=WRITE_CHUNK {blockData=conID: 1 locID: 102666070748824277 bcsId: 5771} | ret=SUCCESS |  
2019-08-23 11:31:57,477 | INFO  | DNAudit | user=null | ip=null | op=PUT_BLOCK {blockData=[blockId=conID: 1 locID: 102666070748824277 bcsId: 0,size=3145728]} | ret=SUCCESS |  
2019-08-23 11:31:57,477 [grpc-default-executor-1] INFO  client.GrpcClientProtocolClient (GrpcClientProtocolClient.java:onNext(255)) - client-C9E345EC67ED->244f13ac-34be-4c4e-8e45-0c0272edbbb2: receive RaftClientReply:client-C9E345EC67ED->244f13ac-34be-4c4e-8e45-0c0272edbbb2@group-FE77C852EF02, cid=3815, SUCCESS, logIndex=5775, commits[244f13ac-34be-4c4e-8e45-0c0272edbbb2:c5776, 6287e41a-5356-4f55-84f2-270816d53e84:c5774, a2c18d3d-e79d-47c9-88fe-d8a1d195302b:c5774]
2019-08-23 11:31:57,477 [grpc-default-executor-1] INFO  client.GrpcClientProtocolClient (GrpcClientProtocolClient.java:onNext(255)) - client-C9E345EC67ED->244f13ac-34be-4c4e-8e45-0c0272edbbb2: receive RaftClientReply:client-C9E345EC67ED->244f13ac-34be-4c4e-8e45-0c0272edbbb2@group-FE77C852EF02, cid=3816, SUCCESS, logIndex=5776, commits[244f13ac-34be-4c4e-8e45-0c0272edbbb2:c5776, 6287e41a-5356-4f55-84f2-270816d53e84:c5774, a2c18d3d-e79d-47c9-88fe-d8a1d195302b:c5774]
2019-08-23 11:31:57,483 | INFO  | DNAudit | user=null | ip=null | op=WRITE_CHUNK {blockData=conID: 1 locID: 102666070748824277 bcsId: 5776} | ret=SUCCESS |  
2019-08-23 11:31:57,484 | INFO  | DNAudit | user=null | ip=null | op=WRITE_CHUNK {blockData=conID: 1 locID: 102666070748824277 bcsId: 5776} | ret=SUCCESS |  
2019-08-23 11:31:57,484 | INFO  | DNAudit | user=null | ip=null | op=WRITE_CHUNK {blockData=conID: 1 locID: 102666070748824277 bcsId: 5776} | ret=SUCCESS |  
2019-08-23 11:31:57,487 | INFO  | DNAudit | user=null | ip=null | op=WRITE_CHUNK {blockData=conID: 1 locID: 102666070748824277 bcsId: 5771} | ret=SUCCESS |  
2019-08-23 11:31:57,487 | INFO  | DNAudit | user=null | ip=null | op=WRITE_CHUNK {blockData=conID: 1 locID: 102666070748824277 bcsId: 5771} | ret=SUCCESS |  
2019-08-23 11:31:57,488 | INFO  | DNAudit | user=null | ip=null | op=PUT_BLOCK {blockData=[blockId=conID: 1 locID: 102666070748824277 bcsId: 0,size=3145728]} | ret=SUCCESS |  
2019-08-23 11:31:57,488 | INFO  | DNAudit | user=null | ip=null | op=PUT_BLOCK {blockData=[blockId=conID: 1 locID: 102666070748824277 bcsId: 0,size=3145728]} | ret=SUCCESS |  
2019-08-23 11:31:57,488 | INFO  | DNAudit | user=null | ip=null | op=WRITE_CHUNK {blockData=conID: 1 locID: 102666070748824277 bcsId: 5776} | ret=SUCCESS |  
2019-08-23 11:31:57,489 | INFO  | DNAudit | user=null | ip=null | op=PUT_BLOCK {blockData=[blockId=conID: 1 locID: 102666070748824277 bcsId: 0,size=4194304]} | ret=SUCCESS |  
2019-08-23 11:31:57,489 [grpc-default-executor-1] INFO  client.GrpcClientProtocolClient (GrpcClientProtocolClient.java:onNext(255)) - client-C9E345EC67ED->244f13ac-34be-4c4e-8e45-0c0272edbbb2: receive RaftClientReply:client-C9E345EC67ED->244f13ac-34be-4c4e-8e45-0c0272edbbb2@group-FE77C852EF02, cid=3817, SUCCESS, logIndex=5779, commits[244f13ac-34be-4c4e-8e45-0c0272edbbb2:c5779, 6287e41a-5356-4f55-84f2-270816d53e84:c5776, a2c18d3d-e79d-47c9-88fe-d8a1d195302b:c5776]
2019-08-23 11:31:57,489 [grpc-default-executor-1] INFO  client.GrpcClientProtocolClient (GrpcClientProtocolClient.java:onNext(255)) - client-C9E345EC67ED->244f13ac-34be-4c4e-8e45-0c0272edbbb2: receive RaftClientReply:client-C9E345EC67ED->244f13ac-34be-4c4e-8e45-0c0272edbbb2@group-FE77C852EF02, cid=3818, SUCCESS, logIndex=5780, commits[244f13ac-34be-4c4e-8e45-0c0272edbbb2:c5780, 6287e41a-5356-4f55-84f2-270816d53e84:c5776, a2c18d3d-e79d-47c9-88fe-d8a1d195302b:c5776]
2019-08-23 11:31:57,498 | INFO  | DNAudit | user=null | ip=null | op=WRITE_CHUNK {blockData=conID: 1 locID: 102666070748824277 bcsId: 5776} | ret=SUCCESS |  
2019-08-23 11:31:57,498 | INFO  | DNAudit | user=null | ip=null | op=WRITE_CHUNK {blockData=conID: 1 locID: 102666070748824277 bcsId: 5776} | ret=SUCCESS |  
2019-08-23 11:31:57,501 | INFO  | DNAudit | user=null | ip=null | op=PUT_BLOCK {blockData=[blockId=conID: 1 locID: 102666070748824277 bcsId: 0,size=4194304]} | ret=SUCCESS |  
2019-08-23 11:31:57,501 | INFO  | DNAudit | user=null | ip=null | op=PUT_BLOCK {blockData=[blockId=conID: 1 locID: 102666070748824277 bcsId: 0,size=4194304]} | ret=SUCCESS |  
2019-08-23 11:31:57,502 [grpc-default-executor-1] INFO  client.GrpcClientProtocolClient (GrpcClientProtocolClient.java:onNext(255)) - client-C9E345EC67ED->244f13ac-34be-4c4e-8e45-0c0272edbbb2: receive RaftClientReply:client-C9E345EC67ED->244f13ac-34be-4c4e-8e45-0c0272edbbb2@group-FE77C852EF02, cid=3819, SUCCESS, logIndex=0, commits[244f13ac-34be-4c4e-8e45-0c0272edbbb2:c5782, 6287e41a-5356-4f55-84f2-270816d53e84:c5780, a2c18d3d-e79d-47c9-88fe-d8a1d195302b:c5780]
2019-08-23 11:31:57,507 | INFO  | SCMAudit | user=jenkins1000 | ip=192.168.5.185 | op=ALLOCATE_BLOCK {owner=00a23185-76ea-47b5-a641-ad3cfbe5521a, size=4194304, type=RATIS, factor=THREE} | ret=SUCCESS |  
2019-08-23 11:31:57,511 | INFO  | OMAudit | user=jenkins1000 | ip=127.0.0.1 | op=ALLOCATE_BLOCK {volume=vol-0-37508, bucket=bucket-0-50919, key=key-0-57313, dataSize=0, replicationType=null, replicationFactor=null, keyLocationInfo=null, clientID=102666068570931602} | ret=SUCCESS |  
2019-08-23 11:31:57,517 | INFO  | DNAudit | user=null | ip=null | op=WRITE_CHUNK {blockData=conID: 2 locID: 102666070753739478 bcsId: 0} | ret=SUCCESS |  
2019-08-23 11:31:57,518 | INFO  | DNAudit | user=null | ip=null | op=WRITE_CHUNK {blockData=conID: 2 locID: 102666070753739478 bcsId: 0} | ret=SUCCESS |  
2019-08-23 11:31:57,518 | INFO  | DNAudit | user=null | ip=null | op=WRITE_CHUNK {blockData=conID: 2 locID: 102666070753739478 bcsId: 0} | ret=SUCCESS |  
2019-08-23 11:31:57,519 | INFO  | DNAudit | user=null | ip=null | op=WRITE_CHUNK {blockData=conID: 2 locID: 102666070753739478 bcsId: 0} | ret=SUCCESS |  
2019-08-23 11:31:57,519 | INFO  | DNAudit | user=null | ip=null | op=WRITE_CHUNK {blockData=conID: 2 locID: 102666070753739478 bcsId: 0} | ret=SUCCESS |  
2019-08-23 11:31:57,520 | INFO  | DNAudit | user=null | ip=null | op=WRITE_CHUNK {blockData=conID: 2 locID: 102666070753739478 bcsId: 0} | ret=SUCCESS |  
2019-08-23 11:31:57,545 | INFO  | DNAudit | user=null | ip=null | op=WRITE_CHUNK {blockData=conID: 2 locID: 102666070753739478 bcsId: 0} | ret=SUCCESS |  
2019-08-23 11:31:57,545 | INFO  | DNAudit | user=null | ip=null | op=PUT_BLOCK {blockData=[blockId=conID: 2 locID: 102666070753739478 bcsId: 0,size=1048576]} | ret=SUCCESS |  
2019-08-23 11:31:57,545 | INFO  | DNAudit | user=null | ip=null | op=WRITE_CHUNK {blockData=conID: 2 locID: 102666070753739478 bcsId: 0} | ret=SUCCESS |  
2019-08-23 11:31:57,545 [grpc-default-executor-1] INFO  client.GrpcClientProtocolClient (GrpcClientProtocolClient.java:onNext(255)) - client-C9E345EC67ED->244f13ac-34be-4c4e-8e45-0c0272edbbb2: receive RaftClientReply:client-C9E345EC67ED->244f13ac-34be-4c4e-8e45-0c0272edbbb2@group-FE77C852EF02, cid=3820, SUCCESS, logIndex=5783, commits[244f13ac-34be-4c4e-8e45-0c0272edbbb2:c5786, 6287e41a-5356-4f55-84f2-270816d53e84:c5782, a2c18d3d-e79d-47c9-88fe-d8a1d195302b:c5782]
2019-08-23 11:31:57,545 | INFO  | DNAudit | user=null | ip=null | op=PUT_BLOCK {blockData=[blockId=conID: 2 locID: 102666070753739478 bcsId: 0,size=2097152]} | ret=SUCCESS |  
2019-08-23 11:31:57,546 | INFO  | DNAudit | user=null | ip=null | op=WRITE_CHUNK {blockData=conID: 2 locID: 102666070753739478 bcsId: 0} | ret=SUCCESS |  
2019-08-23 11:31:57,546 [grpc-default-executor-1] INFO  client.GrpcClientProtocolClient (GrpcClientProtocolClient.java:onNext(255)) - client-C9E345EC67ED->244f13ac-34be-4c4e-8e45-0c0272edbbb2: receive RaftClientReply:client-C9E345EC67ED->244f13ac-34be-4c4e-8e45-0c0272edbbb2@group-FE77C852EF02, cid=3821, SUCCESS, logIndex=5784, commits[244f13ac-34be-4c4e-8e45-0c0272edbbb2:c5786, 6287e41a-5356-4f55-84f2-270816d53e84:c5782, a2c18d3d-e79d-47c9-88fe-d8a1d195302b:c5782]
2019-08-23 11:31:57,546 | INFO  | DNAudit | user=null | ip=null | op=WRITE_CHUNK {blockData=conID: 2 locID: 102666070753739478 bcsId: 0} | ret=SUCCESS |  
2019-08-23 11:31:57,546 [grpc-default-executor-1] INFO  client.GrpcClientProtocolClient (GrpcClientProtocolClient.java:onNext(255)) - client-C9E345EC67ED->244f13ac-34be-4c4e-8e45-0c0272edbbb2: receive RaftClientReply:client-C9E345EC67ED->244f13ac-34be-4c4e-8e45-0c0272edbbb2@group-FE77C852EF02, cid=3822, SUCCESS, logIndex=5785, commits[244f13ac-34be-4c4e-8e45-0c0272edbbb2:c5786, 6287e41a-5356-4f55-84f2-270816d53e84:c5782, a2c18d3d-e79d-47c9-88fe-d8a1d195302b:c5782]
2019-08-23 11:31:57,547 [grpc-default-executor-1] INFO  client.GrpcClientProtocolClient (GrpcClientProtocolClient.java:onNext(255)) - client-C9E345EC67ED->244f13ac-34be-4c4e-8e45-0c0272edbbb2: receive RaftClientReply:client-C9E345EC67ED->244f13ac-34be-4c4e-8e45-0c0272edbbb2@group-FE77C852EF02, cid=3823, SUCCESS, logIndex=5786, commits[244f13ac-34be-4c4e-8e45-0c0272edbbb2:c5786, 6287e41a-5356-4f55-84f2-270816d53e84:c5782, a2c18d3d-e79d-47c9-88fe-d8a1d195302b:c5782]
2019-08-23 11:31:57,547 | INFO  | DNAudit | user=null | ip=null | op=PUT_BLOCK {blockData=[blockId=conID: 2 locID: 102666070753739478 bcsId: 0,size=1048576]} | ret=SUCCESS |  
2019-08-23 11:31:57,547 | INFO  | DNAudit | user=null | ip=null | op=PUT_BLOCK {blockData=[blockId=conID: 2 locID: 102666070753739478 bcsId: 0,size=1048576]} | ret=SUCCESS |  
2019-08-23 11:31:57,547 [grpc-default-executor-1] INFO  client.GrpcClientProtocolClient (GrpcClientProtocolClient.java:onNext(255)) - client-C9E345EC67ED->244f13ac-34be-4c4e-8e45-0c0272edbbb2: receive RaftClientReply:client-C9E345EC67ED->244f13ac-34be-4c4e-8e45-0c0272edbbb2@group-FE77C852EF02, cid=3824, SUCCESS, logIndex=0, commits[244f13ac-34be-4c4e-8e45-0c0272edbbb2:c5790, 6287e41a-5356-4f55-84f2-270816d53e84:c5786, a2c18d3d-e79d-47c9-88fe-d8a1d195302b:c5785]
2019-08-23 11:31:57,547 | INFO  | DNAudit | user=null | ip=null | op=WRITE_CHUNK {blockData=conID: 2 locID: 102666070753739478 bcsId: 0} | ret=SUCCESS |  
2019-08-23 11:31:57,548 | INFO  | DNAudit | user=null | ip=null | op=PUT_BLOCK {blockData=[blockId=conID: 2 locID: 102666070753739478 bcsId: 0,size=2097152]} | ret=SUCCESS |  
2019-08-23 11:31:57,548 | INFO  | DNAudit | user=null | ip=null | op=WRITE_CHUNK {blockData=conID: 2 locID: 102666070753739478 bcsId: 0} | ret=SUCCESS |  
2019-08-23 11:31:57,552 | INFO  | DNAudit | user=null | ip=null | op=WRITE_CHUNK {blockData=conID: 2 locID: 102666070753739478 bcsId: 5786} | ret=SUCCESS |  
2019-08-23 11:31:57,554 | INFO  | DNAudit | user=null | ip=null | op=WRITE_CHUNK {blockData=conID: 2 locID: 102666070753739478 bcsId: 5786} | ret=SUCCESS |  
2019-08-23 11:31:57,555 | INFO  | DNAudit | user=null | ip=null | op=WRITE_CHUNK {blockData=conID: 2 locID: 102666070753739478 bcsId: 5786} | ret=SUCCESS |  
2019-08-23 11:31:57,558 | INFO  | DNAudit | user=null | ip=null | op=PUT_BLOCK {blockData=[blockId=conID: 2 locID: 102666070753739478 bcsId: 0,size=2097152]} | ret=SUCCESS |  
2019-08-23 11:31:57,558 | INFO  | DNAudit | user=null | ip=null | op=WRITE_CHUNK {blockData=conID: 2 locID: 102666070753739478 bcsId: 5786} | ret=SUCCESS |  
2019-08-23 11:31:57,559 | INFO  | DNAudit | user=null | ip=null | op=PUT_BLOCK {blockData=[blockId=conID: 2 locID: 102666070753739478 bcsId: 0,size=3145728]} | ret=SUCCESS |  
2019-08-23 11:31:57,559 [grpc-default-executor-4] INFO  client.GrpcClientProtocolClient (GrpcClientProtocolClient.java:onNext(255)) - client-C9E345EC67ED->244f13ac-34be-4c4e-8e45-0c0272edbbb2: receive RaftClientReply:client-C9E345EC67ED->244f13ac-34be-4c4e-8e45-0c0272edbbb2@group-FE77C852EF02, cid=3825, SUCCESS, logIndex=5791, commits[244f13ac-34be-4c4e-8e45-0c0272edbbb2:c5792, 6287e41a-5356-4f55-84f2-270816d53e84:c5790, a2c18d3d-e79d-47c9-88fe-d8a1d195302b:c5786]
2019-08-23 11:31:57,559 [grpc-default-executor-4] INFO  client.GrpcClientProtocolClient (GrpcClientProtocolClient.java:onNext(255)) - client-C9E345EC67ED->244f13ac-34be-4c4e-8e45-0c0272edbbb2: receive RaftClientReply:client-C9E345EC67ED->244f13ac-34be-4c4e-8e45-0c0272edbbb2@group-FE77C852EF02, cid=3826, SUCCESS, logIndex=5792, commits[244f13ac-34be-4c4e-8e45-0c0272edbbb2:c5792, 6287e41a-5356-4f55-84f2-270816d53e84:c5790, a2c18d3d-e79d-47c9-88fe-d8a1d195302b:c5790]
2019-08-23 11:31:57,560 | INFO  | DNAudit | user=null | ip=null | op=WRITE_CHUNK {blockData=conID: 2 locID: 102666070753739478 bcsId: 5786} | ret=SUCCESS |  
2019-08-23 11:31:57,560 | INFO  | DNAudit | user=null | ip=null | op=WRITE_CHUNK {blockData=conID: 2 locID: 102666070753739478 bcsId: 5786} | ret=SUCCESS |  
2019-08-23 11:31:57,560 | INFO  | DNAudit | user=null | ip=null | op=PUT_BLOCK {blockData=[blockId=conID: 2 locID: 102666070753739478 bcsId: 0,size=3145728]} | ret=SUCCESS |  
2019-08-23 11:31:57,560 | INFO  | DNAudit | user=null | ip=null | op=PUT_BLOCK {blockData=[blockId=conID: 2 locID: 102666070753739478 bcsId: 0,size=3145728]} | ret=SUCCESS |  
2019-08-23 11:31:57,565 | INFO  | DNAudit | user=null | ip=null | op=WRITE_CHUNK {blockData=conID: 2 locID: 102666070753739478 bcsId: 5792} | ret=SUCCESS |  
2019-08-23 11:31:57,566 | INFO  | DNAudit | user=null | ip=null | op=WRITE_CHUNK {blockData=conID: 2 locID: 102666070753739478 bcsId: 5792} | ret=SUCCESS |  
2019-08-23 11:31:57,566 | INFO  | DNAudit | user=null | ip=null | op=WRITE_CHUNK {blockData=conID: 2 locID: 102666070753739478 bcsId: 5792} | ret=SUCCESS |  
2019-08-23 11:31:57,576 | INFO  | DNAudit | user=null | ip=null | op=WRITE_CHUNK {blockData=conID: 2 locID: 102666070753739478 bcsId: 5792} | ret=SUCCESS |  
2019-08-23 11:31:57,576 | INFO  | DNAudit | user=null | ip=null | op=PUT_BLOCK {blockData=[blockId=conID: 2 locID: 102666070753739478 bcsId: 0,size=4194304]} | ret=SUCCESS |  
2019-08-23 11:31:57,576 [grpc-default-executor-0] INFO  client.GrpcClientProtocolClient (GrpcClientProtocolClient.java:onNext(255)) - client-C9E345EC67ED->244f13ac-34be-4c4e-8e45-0c0272edbbb2: receive RaftClientReply:client-C9E345EC67ED->244f13ac-34be-4c4e-8e45-0c0272edbbb2@group-FE77C852EF02, cid=3827, SUCCESS, logIndex=5795, commits[244f13ac-34be-4c4e-8e45-0c0272edbbb2:c5796, 6287e41a-5356-4f55-84f2-270816d53e84:c5794, a2c18d3d-e79d-47c9-88fe-d8a1d195302b:c5794]
2019-08-23 11:31:57,577 [grpc-default-executor-0] INFO  client.GrpcClientProtocolClient (GrpcClientProtocolClient.java:onNext(255)) - client-C9E345EC67ED->244f13ac-34be-4c4e-8e45-0c0272edbbb2: receive RaftClientReply:client-C9E345EC67ED->244f13ac-34be-4c4e-8e45-0c0272edbbb2@group-FE77C852EF02, cid=3828, SUCCESS, logIndex=5796, commits[244f13ac-34be-4c4e-8e45-0c0272edbbb2:c5796, 6287e41a-5356-4f55-84f2-270816d53e84:c5794, a2c18d3d-e79d-47c9-88fe-d8a1d195302b:c5794]
2019-08-23 11:31:57,577 | INFO  | DNAudit | user=null | ip=null | op=WRITE_CHUNK {blockData=conID: 2 locID: 102666070753739478 bcsId: 5792} | ret=SUCCESS |  
2019-08-23 11:31:57,577 | INFO  | DNAudit | user=null | ip=null | op=WRITE_CHUNK {blockData=conID: 2 locID: 102666070753739478 bcsId: 5792} | ret=SUCCESS |  
2019-08-23 11:31:57,578 | INFO  | DNAudit | user=null | ip=null | op=PUT_BLOCK {blockData=[blockId=conID: 2 locID: 102666070753739478 bcsId: 0,size=4194304]} | ret=SUCCESS |  
2019-08-23 11:31:57,578 | INFO  | DNAudit | user=null | ip=null | op=PUT_BLOCK {blockData=[blockId=conID: 2 locID: 102666070753739478 bcsId: 0,size=4194304]} | ret=SUCCESS |  
2019-08-23 11:31:57,579 [grpc-default-executor-4] INFO  client.GrpcClientProtocolClient (GrpcClientProtocolClient.java:onNext(255)) - client-C9E345EC67ED->244f13ac-34be-4c4e-8e45-0c0272edbbb2: receive RaftClientReply:client-C9E345EC67ED->244f13ac-34be-4c4e-8e45-0c0272edbbb2@group-FE77C852EF02, cid=3829, SUCCESS, logIndex=0, commits[244f13ac-34be-4c4e-8e45-0c0272edbbb2:c5798, 6287e41a-5356-4f55-84f2-270816d53e84:c5796, a2c18d3d-e79d-47c9-88fe-d8a1d195302b:c5796]
2019-08-23 11:31:57,720 | INFO  | SCMAudit | user=jenkins1000 | ip=192.168.5.185 | op=ALLOCATE_BLOCK {owner=00a23185-76ea-47b5-a641-ad3cfbe5521a, size=4194304, type=RATIS, factor=THREE} | ret=SUCCESS |  
2019-08-23 11:31:57,726 | INFO  | OMAudit | user=jenkins1000 | ip=127.0.0.1 | op=ALLOCATE_BLOCK {volume=vol-0-37508, bucket=bucket-0-50919, key=key-0-57313, dataSize=0, replicationType=null, replicationFactor=null, keyLocationInfo=null, clientID=102666068570931602} | ret=SUCCESS |  
2019-08-23 11:31:57,733 | INFO  | DNAudit | user=null | ip=null | op=WRITE_CHUNK {blockData=conID: 3 locID: 102666070767698647 bcsId: 0} | ret=SUCCESS |  
2019-08-23 11:31:57,736 | INFO  | DNAudit | user=null | ip=null | op=WRITE_CHUNK {blockData=conID: 3 locID: 102666070767698647 bcsId: 0} | ret=SUCCESS |  
2019-08-23 11:31:57,737 | INFO  | DNAudit | user=null | ip=null | op=WRITE_CHUNK {blockData=conID: 3 locID: 102666070767698647 bcsId: 0} | ret=SUCCESS |  
2019-08-23 11:31:57,737 | INFO  | DNAudit | user=null | ip=null | op=WRITE_CHUNK {blockData=conID: 3 locID: 102666070767698647 bcsId: 0} | ret=SUCCESS |  
2019-08-23 11:31:57,739 | INFO  | DNAudit | user=null | ip=null | op=WRITE_CHUNK {blockData=conID: 3 locID: 102666070767698647 bcsId: 0} | ret=SUCCESS |  
2019-08-23 11:31:57,739 | INFO  | DNAudit | user=null | ip=null | op=WRITE_CHUNK {blockData=conID: 3 locID: 102666070767698647 bcsId: 0} | ret=SUCCESS |  
2019-08-23 11:31:57,991 | INFO  | DNAudit | user=null | ip=null | op=WRITE_CHUNK {blockData=conID: 3 locID: 102666070767698647 bcsId: 0} | ret=SUCCESS |  
2019-08-23 11:31:57,991 | INFO  | DNAudit | user=null | ip=null | op=PUT_BLOCK {blockData=[blockId=conID: 3 locID: 102666070767698647 bcsId: 0,size=1048576]} | ret=SUCCESS |  
2019-08-23 11:31:57,992 [grpc-default-executor-1] INFO  client.GrpcClientProtocolClient (GrpcClientProtocolClient.java:onNext(255)) - client-C9E345EC67ED->244f13ac-34be-4c4e-8e45-0c0272edbbb2: receive RaftClientReply:client-C9E345EC67ED->244f13ac-34be-4c4e-8e45-0c0272edbbb2@group-FE77C852EF02, cid=3830, SUCCESS, logIndex=5799, commits[244f13ac-34be-4c4e-8e45-0c0272edbbb2:c5800, 6287e41a-5356-4f55-84f2-270816d53e84:c5798, a2c18d3d-e79d-47c9-88fe-d8a1d195302b:c5798]
2019-08-23 11:31:57,992 [grpc-default-executor-1] INFO  client.GrpcClientProtocolClient (GrpcClientProtocolClient.java:onNext(255)) - client-C9E345EC67ED->244f13ac-34be-4c4e-8e45-0c0272edbbb2: receive RaftClientReply:client-C9E345EC67ED->244f13ac-34be-4c4e-8e45-0c0272edbbb2@group-FE77C852EF02, cid=3831, SUCCESS, logIndex=5800, commits[244f13ac-34be-4c4e-8e45-0c0272edbbb2:c5800, 6287e41a-5356-4f55-84f2-270816d53e84:c5798, a2c18d3d-e79d-47c9-88fe-d8a1d195302b:c5798]
2019-08-23 11:31:58,217 | INFO  | DNAudit | user=null | ip=null | op=WRITE_CHUNK {blockData=conID: 3 locID: 102666070767698647 bcsId: 0} | ret=SUCCESS |  
2019-08-23 11:31:58,218 | INFO  | DNAudit | user=null | ip=null | op=PUT_BLOCK {blockData=[blockId=conID: 3 locID: 102666070767698647 bcsId: 0,size=2097152]} | ret=SUCCESS |  
2019-08-23 11:31:58,218 [grpc-default-executor-0] INFO  client.GrpcClientProtocolClient (GrpcClientProtocolClient.java:onNext(255)) - client-C9E345EC67ED->244f13ac-34be-4c4e-8e45-0c0272edbbb2: receive RaftClientReply:client-C9E345EC67ED->244f13ac-34be-4c4e-8e45-0c0272edbbb2@group-FE77C852EF02, cid=3832, SUCCESS, logIndex=5801, commits[244f13ac-34be-4c4e-8e45-0c0272edbbb2:c5802, 6287e41a-5356-4f55-84f2-270816d53e84:c5798, a2c18d3d-e79d-47c9-88fe-d8a1d195302b:c5798]
2019-08-23 11:31:58,219 [grpc-default-executor-0] INFO  client.GrpcClientProtocolClient (GrpcClientProtocolClient.java:onNext(255)) - client-C9E345EC67ED->244f13ac-34be-4c4e-8e45-0c0272edbbb2: receive RaftClientReply:client-C9E345EC67ED->244f13ac-34be-4c4e-8e45-0c0272edbbb2@group-FE77C852EF02, cid=3833, SUCCESS, logIndex=5802, commits[244f13ac-34be-4c4e-8e45-0c0272edbbb2:c5802, 6287e41a-5356-4f55-84f2-270816d53e84:c5798, a2c18d3d-e79d-47c9-88fe-d8a1d195302b:c5798]
2019-08-23 11:31:58,468 | INFO  | SCMAudit | user=jenkins1000 | ip=192.168.5.185 | op=SEND_HEARTBEAT {datanodeUUID=b2c34899-c5c3-4720-9d95-984efeabf4a7, command=[]} | ret=SUCCESS |  
2019-08-23 11:31:58,468 | INFO  | SCMAudit | user=jenkins1000 | ip=192.168.5.185 | op=SEND_HEARTBEAT {datanodeUUID=6287e41a-5356-4f55-84f2-270816d53e84, command=[]} | ret=SUCCESS |  
2019-08-23 11:31:58,469 | INFO  | SCMAudit | user=jenkins1000 | ip=192.168.5.185 | op=SEND_HEARTBEAT {datanodeUUID=0d166765-8492-4439-8677-f737a7bc54ca, command=[]} | ret=SUCCESS |  
2019-08-23 11:31:58,471 | INFO  | SCMAudit | user=jenkins1000 | ip=192.168.5.185 | op=SEND_HEARTBEAT {datanodeUUID=a2c18d3d-e79d-47c9-88fe-d8a1d195302b, command=[]} | ret=SUCCESS |  
2019-08-23 11:31:58,471 | INFO  | SCMAudit | user=jenkins1000 | ip=192.168.5.185 | op=SEND_HEARTBEAT {datanodeUUID=244f13ac-34be-4c4e-8e45-0c0272edbbb2, command=[]} | ret=SUCCESS |  
 0.00% |█                                                                                                    |  0/1 Time: 0:00:342019-08-23 11:31:59,467 | INFO  | SCMAudit | user=jenkins1000 | ip=192.168.5.185 | op=SEND_HEARTBEAT {datanodeUUID=0d166765-8492-4439-8677-f737a7bc54ca, command=[]} | ret=SUCCESS |  
2019-08-23 11:31:59,467 | INFO  | SCMAudit | user=jenkins1000 | ip=192.168.5.185 | op=SEND_HEARTBEAT {datanodeUUID=6287e41a-5356-4f55-84f2-270816d53e84, command=[]} | ret=SUCCESS |  
2019-08-23 11:31:59,468 | INFO  | SCMAudit | user=jenkins1000 | ip=192.168.5.185 | op=SEND_HEARTBEAT {datanodeUUID=b2c34899-c5c3-4720-9d95-984efeabf4a7, command=[]} | ret=SUCCESS |  
2019-08-23 11:31:59,471 | INFO  | SCMAudit | user=jenkins1000 | ip=192.168.5.185 | op=SEND_HEARTBEAT {datanodeUUID=a2c18d3d-e79d-47c9-88fe-d8a1d195302b, command=[]} | ret=SUCCESS |  
2019-08-23 11:31:59,471 | INFO  | SCMAudit | user=jenkins1000 | ip=192.168.5.185 | op=SEND_HEARTBEAT {datanodeUUID=244f13ac-34be-4c4e-8e45-0c0272edbbb2, command=[]} | ret=SUCCESS |  
 0.00% |█                                                                                                    |  0/1 Time: 0:00:352019-08-23 11:32:00,468 | INFO  | SCMAudit | user=jenkins1000 | ip=192.168.5.185 | op=SEND_HEARTBEAT {datanodeUUID=0d166765-8492-4439-8677-f737a7bc54ca, command=[]} | ret=SUCCESS |  
2019-08-23 11:32:00,468 | INFO  | SCMAudit | user=jenkins1000 | ip=192.168.5.185 | op=SEND_HEARTBEAT {datanodeUUID=6287e41a-5356-4f55-84f2-270816d53e84, command=[]} | ret=SUCCESS |  
2019-08-23 11:32:00,468 | INFO  | SCMAudit | user=jenkins1000 | ip=192.168.5.185 | op=SEND_HEARTBEAT {datanodeUUID=b2c34899-c5c3-4720-9d95-984efeabf4a7, command=[]} | ret=SUCCESS |  
2019-08-23 11:32:00,471 | INFO  | SCMAudit | user=jenkins1000 | ip=192.168.5.185 | op=SEND_HEARTBEAT {datanodeUUID=a2c18d3d-e79d-47c9-88fe-d8a1d195302b, command=[]} | ret=SUCCESS |  
2019-08-23 11:32:00,471 | INFO  | SCMAudit | user=jenkins1000 | ip=192.168.5.185 | op=SEND_HEARTBEAT {datanodeUUID=244f13ac-34be-4c4e-8e45-0c0272edbbb2, command=[]} | ret=SUCCESS |  
 0.00% |█                                                                                                    |  0/1 Time: 0:00:362019-08-23 11:32:00,719 | INFO  | DNAudit | user=null | ip=null | op=WRITE_CHUNK {blockData=conID: 3 locID: 102666070767698647 bcsId: 0} | ret=SUCCESS |  
2019-08-23 11:32:00,719 | INFO  | DNAudit | user=null | ip=null | op=WRITE_CHUNK {blockData=conID: 3 locID: 102666070767698647 bcsId: 0} | ret=SUCCESS |  
2019-08-23 11:32:00,719 | INFO  | DNAudit | user=null | ip=null | op=PUT_BLOCK {blockData=[blockId=conID: 3 locID: 102666070767698647 bcsId: 0,size=1048576]} | ret=SUCCESS |  
2019-08-23 11:32:00,719 | INFO  | DNAudit | user=null | ip=null | op=PUT_BLOCK {blockData=[blockId=conID: 3 locID: 102666070767698647 bcsId: 0,size=1048576]} | ret=SUCCESS |  
2019-08-23 11:32:00,720 | INFO  | DNAudit | user=null | ip=null | op=WRITE_CHUNK {blockData=conID: 3 locID: 102666070767698647 bcsId: 0} | ret=SUCCESS |  
2019-08-23 11:32:00,720 | INFO  | DNAudit | user=null | ip=null | op=WRITE_CHUNK {blockData=conID: 3 locID: 102666070767698647 bcsId: 0} | ret=SUCCESS |  
2019-08-23 11:32:00,720 | INFO  | DNAudit | user=null | ip=null | op=PUT_BLOCK {blockData=[blockId=conID: 3 locID: 102666070767698647 bcsId: 0,size=2097152]} | ret=SUCCESS |  
2019-08-23 11:32:00,720 | INFO  | DNAudit | user=null | ip=null | op=PUT_BLOCK {blockData=[blockId=conID: 3 locID: 102666070767698647 bcsId: 0,size=2097152]} | ret=SUCCESS |  
2019-08-23 11:32:00,991 [java.util.concurrent.ThreadPoolExecutor$Worker@5d44e42c[State = -1, empty queue]] WARN  server.GrpcLogAppender (GrpcLogAppender.java:timeoutAppendRequest(200)) - GrpcLogAppender(244f13ac-34be-4c4e-8e45-0c0272edbbb2->a2c18d3d-e79d-47c9-88fe-d8a1d195302b): appendEntries Timeout, request=244f13ac-34be-4c4e-8e45-0c0272edbbb2->a2c18d3d-e79d-47c9-88fe-d8a1d195302b#5811-t1, previous=(t:1, i:5802), leaderCommit=5799, initializing? false, entries: size=1, first=(t:1, i:5803), METADATAENTRY(c5799)
2019-08-23 11:32:00,991 [java.util.concurrent.ThreadPoolExecutor$Worker@28cd5e17[State = -1, empty queue]] WARN  server.GrpcLogAppender (GrpcLogAppender.java:timeoutAppendRequest(200)) - GrpcLogAppender(244f13ac-34be-4c4e-8e45-0c0272edbbb2->6287e41a-5356-4f55-84f2-270816d53e84): appendEntries Timeout, request=244f13ac-34be-4c4e-8e45-0c0272edbbb2->6287e41a-5356-4f55-84f2-270816d53e84#5811-t1, previous=(t:1, i:5802), leaderCommit=5799, initializing? false, entries: size=1, first=(t:1, i:5803), METADATAENTRY(c5799)
2019-08-23 11:32:00,994 [java.util.concurrent.ThreadPoolExecutor$Worker@5d44e42c[State = -1, empty queue]] WARN  server.GrpcLogAppender (GrpcLogAppender.java:timeoutAppendRequest(200)) - GrpcLogAppender(244f13ac-34be-4c4e-8e45-0c0272edbbb2->a2c18d3d-e79d-47c9-88fe-d8a1d195302b): appendEntries Timeout, request=244f13ac-34be-4c4e-8e45-0c0272edbbb2->a2c18d3d-e79d-47c9-88fe-d8a1d195302b#5812-t1, previous=(t:1, i:5803), leaderCommit=5800, initializing? false, entries: size=1, first=(t:1, i:5804), METADATAENTRY(c5800)
2019-08-23 11:32:00,996 [java.util.concurrent.ThreadPoolExecutor$Worker@28cd5e17[State = -1, empty queue]] WARN  server.GrpcLogAppender (GrpcLogAppender.java:timeoutAppendRequest(200)) - GrpcLogAppender(244f13ac-34be-4c4e-8e45-0c0272edbbb2->6287e41a-5356-4f55-84f2-270816d53e84): appendEntries Timeout, request=244f13ac-34be-4c4e-8e45-0c0272edbbb2->6287e41a-5356-4f55-84f2-270816d53e84#5812-t1, previous=(t:1, i:5803), leaderCommit=5800, initializing? false, entries: size=1, first=(t:1, i:5804), METADATAENTRY(c5800)
2019-08-23 11:32:01,217 [java.util.concurrent.ThreadPoolExecutor$Worker@28cd5e17[State = -1, empty queue]] WARN  server.GrpcLogAppender (GrpcLogAppender.java:timeoutAppendRequest(200)) - GrpcLogAppender(244f13ac-34be-4c4e-8e45-0c0272edbbb2->6287e41a-5356-4f55-84f2-270816d53e84): appendEntries Timeout, request=244f13ac-34be-4c4e-8e45-0c0272edbbb2->6287e41a-5356-4f55-84f2-270816d53e84#5813-t1, previous=(t:1, i:5804), leaderCommit=5801, initializing? false, entries: size=1, first=(t:1, i:5805), METADATAENTRY(c5801)
2019-08-23 11:32:01,217 [java.util.concurrent.ThreadPoolExecutor$Worker@5d44e42c[State = -1, empty queue]] WARN  server.GrpcLogAppender (GrpcLogAppender.java:timeoutAppendRequest(200)) - GrpcLogAppender(244f13ac-34be-4c4e-8e45-0c0272edbbb2->a2c18d3d-e79d-47c9-88fe-d8a1d195302b): appendEntries Timeout, request=244f13ac-34be-4c4e-8e45-0c0272edbbb2->a2c18d3d-e79d-47c9-88fe-d8a1d195302b#5813-t1, previous=(t:1, i:5804), leaderCommit=5802, initializing? false, entries: size=1, first=(t:1, i:5805), METADATAENTRY(c5801)
2019-08-23 11:32:01,217 [java.util.concurrent.ThreadPoolExecutor$Worker@28cd5e17[State = -1, empty queue]] WARN  server.GrpcLogAppender (GrpcLogAppender.java:timeoutAppendRequest(200)) - GrpcLogAppender(244f13ac-34be-4c4e-8e45-0c0272edbbb2->6287e41a-5356-4f55-84f2-270816d53e84): appendEntries Timeout, request=244f13ac-34be-4c4e-8e45-0c0272edbbb2->6287e41a-5356-4f55-84f2-270816d53e84#5814-t1, previous=(t:1, i:5805), leaderCommit=5802, initializing? false, entries: size=1, first=(t:1, i:5806), METADATAENTRY(c5802)
2019-08-23 11:32:01,219 [java.util.concurrent.ThreadPoolExecutor$Worker@5d44e42c[State = -1, empty queue]] WARN  server.GrpcLogAppender (GrpcLogAppender.java:timeoutAppendRequest(200)) - GrpcLogAppender(244f13ac-34be-4c4e-8e45-0c0272edbbb2->a2c18d3d-e79d-47c9-88fe-d8a1d195302b): appendEntries Timeout, request=244f13ac-34be-4c4e-8e45-0c0272edbbb2->a2c18d3d-e79d-47c9-88fe-d8a1d195302b#5814-t1, previous=(t:1, i:5805), leaderCommit=5802, initializing? false, entries: size=1, first=(t:1, i:5806), METADATAENTRY(c5802)
2019-08-23 11:32:01,468 | INFO  | SCMAudit | user=jenkins1000 | ip=192.168.5.185 | op=SEND_HEARTBEAT {datanodeUUID=6287e41a-5356-4f55-84f2-270816d53e84, command=[]} | ret=SUCCESS |  
2019-08-23 11:32:01,468 | INFO  | SCMAudit | user=jenkins1000 | ip=192.168.5.185 | op=SEND_HEARTBEAT {datanodeUUID=0d166765-8492-4439-8677-f737a7bc54ca, command=[]} | ret=SUCCESS |  
2019-08-23 11:32:01,468 | INFO  | SCMAudit | user=jenkins1000 | ip=192.168.5.185 | op=SEND_HEARTBEAT {datanodeUUID=b2c34899-c5c3-4720-9d95-984efeabf4a7, command=[]} | ret=SUCCESS |  
2019-08-23 11:32:01,471 | INFO  | SCMAudit | user=jenkins1000 | ip=192.168.5.185 | op=SEND_HEARTBEAT {datanodeUUID=a2c18d3d-e79d-47c9-88fe-d8a1d195302b, command=[]} | ret=SUCCESS |  
2019-08-23 11:32:01,471 | INFO  | SCMAudit | user=jenkins1000 | ip=192.168.5.185 | op=SEND_HEARTBEAT {datanodeUUID=244f13ac-34be-4c4e-8e45-0c0272edbbb2, command=[]} | ret=SUCCESS |  
 0.00% |█                                                                                                    |  0/1 Time: 0:00:372019-08-23 11:32:02,468 | INFO  | SCMAudit | user=jenkins1000 | ip=192.168.5.185 | op=SEND_HEARTBEAT {datanodeUUID=b2c34899-c5c3-4720-9d95-984efeabf4a7, command=[]} | ret=SUCCESS |  
2019-08-23 11:32:02,468 | INFO  | SCMAudit | user=jenkins1000 | ip=192.168.5.185 | op=SEND_HEARTBEAT {datanodeUUID=6287e41a-5356-4f55-84f2-270816d53e84, command=[]} | ret=SUCCESS |  
2019-08-23 11:32:02,468 | INFO  | SCMAudit | user=jenkins1000 | ip=192.168.5.185 | op=SEND_HEARTBEAT {datanodeUUID=0d166765-8492-4439-8677-f737a7bc54ca, command=[]} | ret=SUCCESS |  
2019-08-23 11:32:02,470 | INFO  | SCMAudit | user=jenkins1000 | ip=192.168.5.185 | op=SEND_HEARTBEAT {datanodeUUID=a2c18d3d-e79d-47c9-88fe-d8a1d195302b, command=[]} | ret=SUCCESS |  
2019-08-23 11:32:02,472 | INFO  | SCMAudit | user=jenkins1000 | ip=192.168.5.185 | op=SEND_HEARTBEAT {datanodeUUID=244f13ac-34be-4c4e-8e45-0c0272edbbb2, command=[]} | ret=SUCCESS |  
 0.00% |█                                                                                                    |  0/1 Time: 0:00:382019-08-23 11:32:03,221 [pool-282-thread-1] WARN  scm.XceiverClientRatis (XceiverClientRatis.java:watchForCommit(262)) - 3 way commit failed on pipeline Pipeline[ Id: 56eef80d-fe02-40e2-8092-fe77c852ef02, Nodes: 6287e41a-5356-4f55-84f2-270816d53e84{ip: 192.168.5.185, host: pr-hdds-1094-w8cgz-2737508714, networkLocation: /default-rack, certSerialId: null}a2c18d3d-e79d-47c9-88fe-d8a1d195302b{ip: 192.168.5.185, host: pr-hdds-1094-w8cgz-2737508714, networkLocation: /default-rack, certSerialId: null}244f13ac-34be-4c4e-8e45-0c0272edbbb2{ip: 192.168.5.185, host: pr-hdds-1094-w8cgz-2737508714, networkLocation: /default-rack, certSerialId: null}, Type:RATIS, Factor:THREE, State:OPEN]
java.util.concurrent.TimeoutException
	at java.util.concurrent.CompletableFuture.timedGet(CompletableFuture.java:1771)
	at java.util.concurrent.CompletableFuture.get(CompletableFuture.java:1915)
	at org.apache.hadoop.hdds.scm.XceiverClientRatis.watchForCommit(XceiverClientRatis.java:259)
	at org.apache.hadoop.hdds.scm.storage.CommitWatcher.watchForCommit(CommitWatcher.java:194)
	at org.apache.hadoop.hdds.scm.storage.CommitWatcher.watchOnFirstIndex(CommitWatcher.java:135)
	at org.apache.hadoop.hdds.scm.storage.BlockOutputStream.watchForCommit(BlockOutputStream.java:347)
	at org.apache.hadoop.hdds.scm.storage.BlockOutputStream.handleFullBuffer(BlockOutputStream.java:324)
	at org.apache.hadoop.hdds.scm.storage.BlockOutputStream.write(BlockOutputStream.java:251)
	at org.apache.hadoop.ozone.client.io.BlockOutputStreamEntry.write(BlockOutputStreamEntry.java:129)
	at org.apache.hadoop.ozone.client.io.KeyOutputStream.handleWrite(KeyOutputStream.java:211)
	at org.apache.hadoop.ozone.client.io.KeyOutputStream.write(KeyOutputStream.java:193)
	at org.apache.hadoop.ozone.client.io.OzoneOutputStream.write(OzoneOutputStream.java:49)
	at org.apache.hadoop.ozone.freon.RandomKeyGenerator.createKey(RandomKeyGenerator.java:708)
	at org.apache.hadoop.ozone.freon.RandomKeyGenerator.access$1100(RandomKeyGenerator.java:88)
	at org.apache.hadoop.ozone.freon.RandomKeyGenerator$ObjectCreator.run(RandomKeyGenerator.java:615)
	at java.util.concurrent.Executors$RunnableAdapter.call(Executors.java:511)
	at java.util.concurrent.FutureTask.run(FutureTask.java:266)
	at java.util.concurrent.ThreadPoolExecutor.runWorker(ThreadPoolExecutor.java:1149)
	at java.util.concurrent.ThreadPoolExecutor$Worker.run(ThreadPoolExecutor.java:624)
	at java.lang.Thread.run(Thread.java:748)
2019-08-23 11:32:03,283 [grpc-default-executor-0] WARN  server.GrpcLogAppender (GrpcLogAppender.java:onNextImpl(250)) - org.apache.ratis.grpc.server.GrpcLogAppender$AppendLogResponseHandler@420bd4be: Request not found, ignoring reply: 244f13ac-34be-4c4e-8e45-0c0272edbbb2<-6287e41a-5356-4f55-84f2-270816d53e84#5811:OK,SUCCESS,nextIndex:5804,term:1,followerCommit:5802
2019-08-23 11:32:03,285 [grpc-default-executor-0] WARN  server.GrpcLogAppender (GrpcLogAppender.java:onNextImpl(250)) - org.apache.ratis.grpc.server.GrpcLogAppender$AppendLogResponseHandler@420bd4be: Request not found, ignoring reply: 244f13ac-34be-4c4e-8e45-0c0272edbbb2<-6287e41a-5356-4f55-84f2-270816d53e84#5812:OK,SUCCESS,nextIndex:5805,term:1,followerCommit:5802
2019-08-23 11:32:03,286 [grpc-default-executor-1] WARN  server.GrpcLogAppender (GrpcLogAppender.java:onNextImpl(250)) - org.apache.ratis.grpc.server.GrpcLogAppender$AppendLogResponseHandler@15eee1fe: Request not found, ignoring reply: 244f13ac-34be-4c4e-8e45-0c0272edbbb2<-a2c18d3d-e79d-47c9-88fe-d8a1d195302b#5811:OK,SUCCESS,nextIndex:5804,term:1,followerCommit:5802
2019-08-23 11:32:03,288 [grpc-default-executor-1] WARN  server.GrpcLogAppender (GrpcLogAppender.java:onNextImpl(250)) - org.apache.ratis.grpc.server.GrpcLogAppender$AppendLogResponseHandler@15eee1fe: Request not found, ignoring reply: 244f13ac-34be-4c4e-8e45-0c0272edbbb2<-a2c18d3d-e79d-47c9-88fe-d8a1d195302b#5812:OK,SUCCESS,nextIndex:5805,term:1,followerCommit:5802
2019-08-23 11:32:03,468 | INFO  | SCMAudit | user=jenkins1000 | ip=192.168.5.185 | op=SEND_HEARTBEAT {datanodeUUID=b2c34899-c5c3-4720-9d95-984efeabf4a7, command=[]} | ret=SUCCESS |  
2019-08-23 11:32:03,468 | INFO  | SCMAudit | user=jenkins1000 | ip=192.168.5.185 | op=SEND_HEARTBEAT {datanodeUUID=6287e41a-5356-4f55-84f2-270816d53e84, command=[]} | ret=SUCCESS |  
2019-08-23 11:32:03,469 | INFO  | SCMAudit | user=jenkins1000 | ip=192.168.5.185 | op=SEND_HEARTBEAT {datanodeUUID=0d166765-8492-4439-8677-f737a7bc54ca, command=[]} | ret=SUCCESS |  
2019-08-23 11:32:03,470 | INFO  | SCMAudit | user=jenkins1000 | ip=192.168.5.185 | op=SEND_HEARTBEAT {datanodeUUID=244f13ac-34be-4c4e-8e45-0c0272edbbb2, command=[]} | ret=SUCCESS |  
2019-08-23 11:32:03,471 | INFO  | SCMAudit | user=jenkins1000 | ip=192.168.5.185 | op=SEND_HEARTBEAT {datanodeUUID=a2c18d3d-e79d-47c9-88fe-d8a1d195302b, command=[]} | ret=SUCCESS |  
 0.00% |█                                                                                                    |  0/1 Time: 0:00:392019-08-23 11:32:03,717 [java.util.concurrent.ThreadPoolExecutor$Worker@28cd5e17[State = -1, empty queue]] WARN  server.GrpcLogAppender (GrpcLogAppender.java:timeoutAppendRequest(200)) - GrpcLogAppender(244f13ac-34be-4c4e-8e45-0c0272edbbb2->6287e41a-5356-4f55-84f2-270816d53e84): appendEntries Timeout, request=244f13ac-34be-4c4e-8e45-0c0272edbbb2->6287e41a-5356-4f55-84f2-270816d53e84#5815-t1, previous=(t:1, i:5806), leaderCommit=5802, initializing? false, entries: <empty>
2019-08-23 11:32:03,718 [java.util.concurrent.ThreadPoolExecutor$Worker@5d44e42c[State = -1, empty queue]] WARN  server.GrpcLogAppender (GrpcLogAppender.java:timeoutAppendRequest(200)) - GrpcLogAppender(244f13ac-34be-4c4e-8e45-0c0272edbbb2->a2c18d3d-e79d-47c9-88fe-d8a1d195302b): appendEntries Timeout, request=244f13ac-34be-4c4e-8e45-0c0272edbbb2->a2c18d3d-e79d-47c9-88fe-d8a1d195302b#5815-t1, previous=(t:1, i:5806), leaderCommit=5802, initializing? false, entries: <empty>
2019-08-23 11:32:04,468 | INFO  | SCMAudit | user=jenkins1000 | ip=192.168.5.185 | op=SEND_HEARTBEAT {datanodeUUID=b2c34899-c5c3-4720-9d95-984efeabf4a7, command=[]} | ret=SUCCESS |  
2019-08-23 11:32:04,468 | INFO  | SCMAudit | user=jenkins1000 | ip=192.168.5.185 | op=SEND_HEARTBEAT {datanodeUUID=6287e41a-5356-4f55-84f2-270816d53e84, command=[]} | ret=SUCCESS |  
2019-08-23 11:32:04,469 | INFO  | SCMAudit | user=jenkins1000 | ip=192.168.5.185 | op=SEND_HEARTBEAT {datanodeUUID=0d166765-8492-4439-8677-f737a7bc54ca, command=[]} | ret=SUCCESS |  
2019-08-23 11:32:04,471 | INFO  | SCMAudit | user=jenkins1000 | ip=192.168.5.185 | op=SEND_HEARTBEAT {datanodeUUID=a2c18d3d-e79d-47c9-88fe-d8a1d195302b, command=[]} | ret=SUCCESS |  
2019-08-23 11:32:04,471 | INFO  | SCMAudit | user=jenkins1000 | ip=192.168.5.185 | op=SEND_HEARTBEAT {datanodeUUID=244f13ac-34be-4c4e-8e45-0c0272edbbb2, command=[]} | ret=SUCCESS |  
2019-08-23 11:32:04,475 [grpc-default-executor-1] WARN  server.GrpcLogAppender (GrpcLogAppender.java:onNextImpl(250)) - org.apache.ratis.grpc.server.GrpcLogAppender$AppendLogResponseHandler@420bd4be: Request not found, ignoring reply: 244f13ac-34be-4c4e-8e45-0c0272edbbb2<-6287e41a-5356-4f55-84f2-270816d53e84#5813:OK,SUCCESS,nextIndex:5806,term:1,followerCommit:5802
 0.00% |█                                                                                                    |  0/1 Time: 0:00:402019-08-23 11:32:04,475 [grpc-default-executor-1] WARN  server.GrpcLogAppender (GrpcLogAppender.java:onNextImpl(250)) - org.apache.ratis.grpc.server.GrpcLogAppender$AppendLogResponseHandler@420bd4be: Request not found, ignoring reply: 244f13ac-34be-4c4e-8e45-0c0272edbbb2<-6287e41a-5356-4f55-84f2-270816d53e84#5814:OK,SUCCESS,nextIndex:5807,term:1,followerCommit:5802
2019-08-23 11:32:04,476 [grpc-default-executor-0] WARN  server.GrpcLogAppender (GrpcLogAppender.java:onNextImpl(250)) - org.apache.ratis.grpc.server.GrpcLogAppender$AppendLogResponseHandler@15eee1fe: Request not found, ignoring reply: 244f13ac-34be-4c4e-8e45-0c0272edbbb2<-a2c18d3d-e79d-47c9-88fe-d8a1d195302b#5813:OK,SUCCESS,nextIndex:5806,term:1,followerCommit:5802
2019-08-23 11:32:04,476 [grpc-default-executor-1] WARN  server.GrpcLogAppender (GrpcLogAppender.java:onNextImpl(250)) - org.apache.ratis.grpc.server.GrpcLogAppender$AppendLogResponseHandler@420bd4be: Request not found, ignoring reply: 244f13ac-34be-4c4e-8e45-0c0272edbbb2<-6287e41a-5356-4f55-84f2-270816d53e84#5815:OK,SUCCESS,nextIndex:5807,term:1,followerCommit:5802
2019-08-23 11:32:04,476 [grpc-default-executor-0] WARN  server.GrpcLogAppender (GrpcLogAppender.java:onNextImpl(250)) - org.apache.ratis.grpc.server.GrpcLogAppender$AppendLogResponseHandler@15eee1fe: Request not found, ignoring reply: 244f13ac-34be-4c4e-8e45-0c0272edbbb2<-a2c18d3d-e79d-47c9-88fe-d8a1d195302b#5814:OK,SUCCESS,nextIndex:5807,term:1,followerCommit:5802
2019-08-23 11:32:04,476 [grpc-default-executor-0] WARN  server.GrpcLogAppender (GrpcLogAppender.java:onNextImpl(250)) - org.apache.ratis.grpc.server.GrpcLogAppender$AppendLogResponseHandler@15eee1fe: Request not found, ignoring reply: 244f13ac-34be-4c4e-8e45-0c0272edbbb2<-a2c18d3d-e79d-47c9-88fe-d8a1d195302b#5815:OK,SUCCESS,nextIndex:5807,term:1,followerCommit:5802
2019-08-23 11:32:04,476 [grpc-default-executor-1] INFO  client.GrpcClientProtocolClient (GrpcClientProtocolClient.java:onNext(255)) - client-C9E345EC67ED->244f13ac-34be-4c4e-8e45-0c0272edbbb2: receive RaftClientReply:client-C9E345EC67ED->244f13ac-34be-4c4e-8e45-0c0272edbbb2@group-FE77C852EF02, cid=3835, SUCCESS, logIndex=0, commits[244f13ac-34be-4c4e-8e45-0c0272edbbb2:c5802, 6287e41a-5356-4f55-84f2-270816d53e84:c5802, a2c18d3d-e79d-47c9-88fe-d8a1d195302b:c5798]
2019-08-23 11:32:04,477 [grpc-default-executor-1] INFO  client.GrpcClientProtocolClient (GrpcClientProtocolClient.java:onNext(255)) - client-C9E345EC67ED->244f13ac-34be-4c4e-8e45-0c0272edbbb2: receive RaftClientReply:client-C9E345EC67ED->244f13ac-34be-4c4e-8e45-0c0272edbbb2@group-FE77C852EF02, cid=3834, SUCCESS, logIndex=0, commits[244f13ac-34be-4c4e-8e45-0c0272edbbb2:c5806, 6287e41a-5356-4f55-84f2-270816d53e84:c5802, a2c18d3d-e79d-47c9-88fe-d8a1d195302b:c5802]
2019-08-23 11:32:04,477 [grpc-default-executor-1] INFO  client.GrpcClientProtocolClient (GrpcClientProtocolClient.java:onNext(255)) - client-C9E345EC67ED->244f13ac-34be-4c4e-8e45-0c0272edbbb2: receive RaftClientReply:client-C9E345EC67ED->244f13ac-34be-4c4e-8e45-0c0272edbbb2@group-FE77C852EF02, cid=3834, SUCCESS, logIndex=0, commits[244f13ac-34be-4c4e-8e45-0c0272edbbb2:c5806, 6287e41a-5356-4f55-84f2-270816d53e84:c5802, a2c18d3d-e79d-47c9-88fe-d8a1d195302b:c5802]
2019-08-23 11:32:04,479 [pool-282-thread-1] INFO  scm.XceiverClientRatis (XceiverClientRatis.java:lambda$watchForCommit$7(280)) - Could not commit index 5800 on pipeline Pipeline[ Id: 56eef80d-fe02-40e2-8092-fe77c852ef02, Nodes: 6287e41a-5356-4f55-84f2-270816d53e84{ip: 192.168.5.185, host: pr-hdds-1094-w8cgz-2737508714, networkLocation: /default-rack, certSerialId: null}a2c18d3d-e79d-47c9-88fe-d8a1d195302b{ip: 192.168.5.185, host: pr-hdds-1094-w8cgz-2737508714, networkLocation: /default-rack, certSerialId: null}244f13ac-34be-4c4e-8e45-0c0272edbbb2{ip: 192.168.5.185, host: pr-hdds-1094-w8cgz-2737508714, networkLocation: /default-rack, certSerialId: null}, Type:RATIS, Factor:THREE, State:OPEN] to all the nodes. Server a2c18d3d-e79d-47c9-88fe-d8a1d195302b has failed. Committed by majority.
2019-08-23 11:32:04,479 [pool-282-thread-1] WARN  storage.BlockOutputStream (BlockOutputStream.java:watchForCommit(353)) - Failed to commit BlockId conID: 3 locID: 102666070767698647 bcsId: 5802 on Pipeline[ Id: 56eef80d-fe02-40e2-8092-fe77c852ef02, Nodes: 6287e41a-5356-4f55-84f2-270816d53e84{ip: 192.168.5.185, host: pr-hdds-1094-w8cgz-2737508714, networkLocation: /default-rack, certSerialId: null}a2c18d3d-e79d-47c9-88fe-d8a1d195302b{ip: 192.168.5.185, host: pr-hdds-1094-w8cgz-2737508714, networkLocation: /default-rack, certSerialId: null}244f13ac-34be-4c4e-8e45-0c0272edbbb2{ip: 192.168.5.185, host: pr-hdds-1094-w8cgz-2737508714, networkLocation: /default-rack, certSerialId: null}, Type:RATIS, Factor:THREE, State:OPEN]. Failed nodes: [a2c18d3d-e79d-47c9-88fe-d8a1d195302b{ip: null, host: null, networkLocation: /default-rack, certSerialId: null}]
2019-08-23 11:32:04,485 | INFO  | DNAudit | user=null | ip=null | op=WRITE_CHUNK {blockData=conID: 3 locID: 102666070767698647 bcsId: 5802} | ret=SUCCESS |  
2019-08-23 11:32:04,486 | INFO  | DNAudit | user=null | ip=null | op=WRITE_CHUNK {blockData=conID: 3 locID: 102666070767698647 bcsId: 5802} | ret=SUCCESS |  
2019-08-23 11:32:04,486 | INFO  | DNAudit | user=null | ip=null | op=WRITE_CHUNK {blockData=conID: 3 locID: 102666070767698647 bcsId: 5802} | ret=SUCCESS |  
2019-08-23 11:32:05,468 | INFO  | SCMAudit | user=jenkins1000 | ip=192.168.5.185 | op=SEND_HEARTBEAT {datanodeUUID=b2c34899-c5c3-4720-9d95-984efeabf4a7, command=[]} | ret=SUCCESS |  
2019-08-23 11:32:05,468 | INFO  | SCMAudit | user=jenkins1000 | ip=192.168.5.185 | op=SEND_HEARTBEAT {datanodeUUID=0d166765-8492-4439-8677-f737a7bc54ca, command=[]} | ret=SUCCESS |  
2019-08-23 11:32:05,469 | INFO  | SCMAudit | user=jenkins1000 | ip=192.168.5.185 | op=SEND_HEARTBEAT {datanodeUUID=6287e41a-5356-4f55-84f2-270816d53e84, command=[]} | ret=SUCCESS |  
2019-08-23 11:32:05,471 | INFO  | SCMAudit | user=jenkins1000 | ip=192.168.5.185 | op=SEND_HEARTBEAT {datanodeUUID=a2c18d3d-e79d-47c9-88fe-d8a1d195302b, command=[]} | ret=SUCCESS |  
2019-08-23 11:32:05,472 | INFO  | SCMAudit | user=jenkins1000 | ip=192.168.5.185 | op=SEND_HEARTBEAT {datanodeUUID=244f13ac-34be-4c4e-8e45-0c0272edbbb2, command=[]} | ret=SUCCESS |  
 0.00% |█                                                                                                    |  0/1 Time: 0:00:412019-08-23 11:32:06,468 | INFO  | SCMAudit | user=jenkins1000 | ip=192.168.5.185 | op=SEND_HEARTBEAT {datanodeUUID=b2c34899-c5c3-4720-9d95-984efeabf4a7, command=[]} | ret=SUCCESS |  
2019-08-23 11:32:06,468 | INFO  | SCMAudit | user=jenkins1000 | ip=192.168.5.185 | op=SEND_HEARTBEAT {datanodeUUID=0d166765-8492-4439-8677-f737a7bc54ca, command=[]} | ret=SUCCESS |  
2019-08-23 11:32:06,469 | INFO  | SCMAudit | user=jenkins1000 | ip=192.168.5.185 | op=SEND_HEARTBEAT {datanodeUUID=6287e41a-5356-4f55-84f2-270816d53e84, command=[]} | ret=SUCCESS |  
2019-08-23 11:32:06,470 | INFO  | SCMAudit | user=jenkins1000 | ip=192.168.5.185 | op=SEND_HEARTBEAT {datanodeUUID=a2c18d3d-e79d-47c9-88fe-d8a1d195302b, command=[]} | ret=SUCCESS |  
2019-08-23 11:32:06,472 | INFO  | SCMAudit | user=jenkins1000 | ip=192.168.5.185 | op=SEND_HEARTBEAT {datanodeUUID=244f13ac-34be-4c4e-8e45-0c0272edbbb2, command=[]} | ret=SUCCESS |  
 0.00% |█                                                                                                    |  0/1 Time: 0:00:422019-08-23 11:32:07,468 | INFO  | SCMAudit | user=jenkins1000 | ip=192.168.5.185 | op=SEND_HEARTBEAT {datanodeUUID=b2c34899-c5c3-4720-9d95-984efeabf4a7, command=[]} | ret=SUCCESS |  
2019-08-23 11:32:07,468 | INFO  | SCMAudit | user=jenkins1000 | ip=192.168.5.185 | op=SEND_HEARTBEAT {datanodeUUID=6287e41a-5356-4f55-84f2-270816d53e84, command=[]} | ret=SUCCESS |  
2019-08-23 11:32:07,469 | INFO  | SCMAudit | user=jenkins1000 | ip=192.168.5.185 | op=SEND_HEARTBEAT {datanodeUUID=0d166765-8492-4439-8677-f737a7bc54ca, command=[]} | ret=SUCCESS |  
2019-08-23 11:32:07,471 | INFO  | SCMAudit | user=jenkins1000 | ip=192.168.5.185 | op=SEND_HEARTBEAT {datanodeUUID=a2c18d3d-e79d-47c9-88fe-d8a1d195302b, command=[]} | ret=SUCCESS |  
2019-08-23 11:32:07,472 | INFO  | SCMAudit | user=jenkins1000 | ip=192.168.5.185 | op=SEND_HEARTBEAT {datanodeUUID=244f13ac-34be-4c4e-8e45-0c0272edbbb2, command=[]} | ret=SUCCESS |  
 0.00% |█                                                                                                    |  0/1 Time: 0:00:432019-08-23 11:32:07,484 [java.util.concurrent.ThreadPoolExecutor$Worker@5d44e42c[State = -1, empty queue]] WARN  server.GrpcLogAppender (GrpcLogAppender.java:timeoutAppendRequest(200)) - GrpcLogAppender(244f13ac-34be-4c4e-8e45-0c0272edbbb2->a2c18d3d-e79d-47c9-88fe-d8a1d195302b): appendEntries Timeout, request=244f13ac-34be-4c4e-8e45-0c0272edbbb2->a2c18d3d-e79d-47c9-88fe-d8a1d195302b#5817-t1, previous=(t:1, i:5806), leaderCommit=5806, initializing? false, entries: size=1, first=(t:1, i:5807), STATEMACHINELOGENTRY, client-C9E345EC67ED, cid=3836
2019-08-23 11:32:07,484 [java.util.concurrent.ThreadPoolExecutor$Worker@28cd5e17[State = -1, empty queue]] WARN  server.GrpcLogAppender (GrpcLogAppender.java:timeoutAppendRequest(200)) - GrpcLogAppender(244f13ac-34be-4c4e-8e45-0c0272edbbb2->6287e41a-5356-4f55-84f2-270816d53e84): appendEntries Timeout, request=244f13ac-34be-4c4e-8e45-0c0272edbbb2->6287e41a-5356-4f55-84f2-270816d53e84#5817-t1, previous=(t:1, i:5806), leaderCommit=5806, initializing? false, entries: size=1, first=(t:1, i:5807), STATEMACHINELOGENTRY, client-C9E345EC67ED, cid=3836
2019-08-23 11:32:07,487 [java.util.concurrent.ThreadPoolExecutor$Worker@5d44e42c[State = -1, empty queue]] WARN  server.GrpcLogAppender (GrpcLogAppender.java:timeoutAppendRequest(200)) - GrpcLogAppender(244f13ac-34be-4c4e-8e45-0c0272edbbb2->a2c18d3d-e79d-47c9-88fe-d8a1d195302b): appendEntries Timeout, request=244f13ac-34be-4c4e-8e45-0c0272edbbb2->a2c18d3d-e79d-47c9-88fe-d8a1d195302b#5818-t1, previous=(t:1, i:5807), leaderCommit=5806, initializing? false, entries: size=1, first=(t:1, i:5808), STATEMACHINELOGENTRY, client-C9E345EC67ED, cid=3837
2019-08-23 11:32:07,489 [java.util.concurrent.ThreadPoolExecutor$Worker@28cd5e17[State = -1, empty queue]] WARN  server.GrpcLogAppender (GrpcLogAppender.java:timeoutAppendRequest(200)) - GrpcLogAppender(244f13ac-34be-4c4e-8e45-0c0272edbbb2->6287e41a-5356-4f55-84f2-270816d53e84): appendEntries Timeout, request=244f13ac-34be-4c4e-8e45-0c0272edbbb2->6287e41a-5356-4f55-84f2-270816d53e84#5818-t1, previous=(t:1, i:5807), leaderCommit=5806, initializing? false, entries: size=1, first=(t:1, i:5808), STATEMACHINELOGENTRY, client-C9E345EC67ED, cid=3837
2019-08-23 11:32:08,468 | INFO  | SCMAudit | user=jenkins1000 | ip=192.168.5.185 | op=SEND_HEARTBEAT {datanodeUUID=b2c34899-c5c3-4720-9d95-984efeabf4a7, command=[]} | ret=SUCCESS |  
2019-08-23 11:32:08,469 | INFO  | SCMAudit | user=jenkins1000 | ip=192.168.5.185 | op=SEND_HEARTBEAT {datanodeUUID=0d166765-8492-4439-8677-f737a7bc54ca, command=[]} | ret=SUCCESS |  
2019-08-23 11:32:08,469 | INFO  | SCMAudit | user=jenkins1000 | ip=192.168.5.185 | op=SEND_HEARTBEAT {datanodeUUID=6287e41a-5356-4f55-84f2-270816d53e84, command=[]} | ret=SUCCESS |  
2019-08-23 11:32:08,471 | INFO  | SCMAudit | user=jenkins1000 | ip=192.168.5.185 | op=SEND_HEARTBEAT {datanodeUUID=a2c18d3d-e79d-47c9-88fe-d8a1d195302b, command=[]} | ret=SUCCESS |  
2019-08-23 11:32:08,471 | INFO  | SCMAudit | user=jenkins1000 | ip=192.168.5.185 | op=SEND_HEARTBEAT {datanodeUUID=244f13ac-34be-4c4e-8e45-0c0272edbbb2, command=[]} | ret=SUCCESS |  
 0.00% |█                                                                                                    |  0/1 Time: 0:00:442019-08-23 11:32:08,764 [grpc-default-executor-0] WARN  server.GrpcLogAppender (GrpcLogAppender.java:onNextImpl(250)) - org.apache.ratis.grpc.server.GrpcLogAppender$AppendLogResponseHandler@420bd4be: Request not found, ignoring reply: 244f13ac-34be-4c4e-8e45-0c0272edbbb2<-6287e41a-5356-4f55-84f2-270816d53e84#5817:OK,SUCCESS,nextIndex:5808,term:1,followerCommit:5806
2019-08-23 11:32:08,764 [grpc-default-executor-4] WARN  server.GrpcLogAppender (GrpcLogAppender.java:onNextImpl(250)) - org.apache.ratis.grpc.server.GrpcLogAppender$AppendLogResponseHandler@15eee1fe: Request not found, ignoring reply: 244f13ac-34be-4c4e-8e45-0c0272edbbb2<-a2c18d3d-e79d-47c9-88fe-d8a1d195302b#5817:OK,SUCCESS,nextIndex:5808,term:1,followerCommit:5806
2019-08-23 11:32:08,768 [grpc-default-executor-0] WARN  server.GrpcLogAppender (GrpcLogAppender.java:onNextImpl(250)) - org.apache.ratis.grpc.server.GrpcLogAppender$AppendLogResponseHandler@420bd4be: Request not found, ignoring reply: 244f13ac-34be-4c4e-8e45-0c0272edbbb2<-6287e41a-5356-4f55-84f2-270816d53e84#5818:OK,SUCCESS,nextIndex:5809,term:1,followerCommit:5806
2019-08-23 11:32:08,768 [grpc-default-executor-4] WARN  server.GrpcLogAppender (GrpcLogAppender.java:onNextImpl(250)) - org.apache.ratis.grpc.server.GrpcLogAppender$AppendLogResponseHandler@15eee1fe: Request not found, ignoring reply: 244f13ac-34be-4c4e-8e45-0c0272edbbb2<-a2c18d3d-e79d-47c9-88fe-d8a1d195302b#5818:OK,SUCCESS,nextIndex:5809,term:1,followerCommit:5806
2019-08-23 11:32:08,777 | INFO  | DNAudit | user=null | ip=null | op=WRITE_CHUNK {blockData=conID: 3 locID: 102666070767698647 bcsId: 5802} | ret=SUCCESS |  
2019-08-23 11:32:08,778 | INFO  | DNAudit | user=null | ip=null | op=PUT_BLOCK {blockData=[blockId=conID: 3 locID: 102666070767698647 bcsId: 0,size=3145728]} | ret=SUCCESS |  
2019-08-23 11:32:09,468 | INFO  | SCMAudit | user=jenkins1000 | ip=192.168.5.185 | op=SEND_HEARTBEAT {datanodeUUID=b2c34899-c5c3-4720-9d95-984efeabf4a7, command=[]} | ret=SUCCESS |  
2019-08-23 11:32:09,469 | INFO  | SCMAudit | user=jenkins1000 | ip=192.168.5.185 | op=SEND_HEARTBEAT {datanodeUUID=0d166765-8492-4439-8677-f737a7bc54ca, command=[]} | ret=SUCCESS |  
2019-08-23 11:32:09,470 | INFO  | SCMAudit | user=jenkins1000 | ip=192.168.5.185 | op=SEND_HEARTBEAT {datanodeUUID=6287e41a-5356-4f55-84f2-270816d53e84, command=[]} | ret=SUCCESS |  
2019-08-23 11:32:09,471 | INFO  | SCMAudit | user=jenkins1000 | ip=192.168.5.185 | op=SEND_HEARTBEAT {datanodeUUID=a2c18d3d-e79d-47c9-88fe-d8a1d195302b, command=[]} | ret=SUCCESS |  
2019-08-23 11:32:09,472 | INFO  | SCMAudit | user=jenkins1000 | ip=192.168.5.185 | op=SEND_HEARTBEAT {datanodeUUID=244f13ac-34be-4c4e-8e45-0c0272edbbb2, command=[]} | ret=SUCCESS |  
 0.00% |█                                                                                                    |  0/1 Time: 0:00:452019-08-23 11:32:09,557 [grpc-default-executor-4] INFO  client.GrpcClientProtocolClient (GrpcClientProtocolClient.java:onNext(255)) - client-C9E345EC67ED->a2c18d3d-e79d-47c9-88fe-d8a1d195302b: receive RaftClientReply:client-C9E345EC67ED->a2c18d3d-e79d-47c9-88fe-d8a1d195302b@group-FE77C852EF02, cid=3836, FAILED org.apache.ratis.protocol.NotLeaderException: Server a2c18d3d-e79d-47c9-88fe-d8a1d195302b is not the leader (244f13ac-34be-4c4e-8e45-0c0272edbbb2:192.168.5.185:43852). Request must be sent to leader., logIndex=0, commits[a2c18d3d-e79d-47c9-88fe-d8a1d195302b:c5806, 6287e41a-5356-4f55-84f2-270816d53e84:c5806, 244f13ac-34be-4c4e-8e45-0c0272edbbb2:c5808]
2019-08-23 11:32:09,574 [grpc-default-executor-4] INFO  client.GrpcClientProtocolClient (GrpcClientProtocolClient.java:onNext(255)) - client-C9E345EC67ED->244f13ac-34be-4c4e-8e45-0c0272edbbb2: receive RaftClientReply:client-C9E345EC67ED->244f13ac-34be-4c4e-8e45-0c0272edbbb2@group-FE77C852EF02, cid=3836, SUCCESS, logIndex=5807, commits[244f13ac-34be-4c4e-8e45-0c0272edbbb2:c5808, 6287e41a-5356-4f55-84f2-270816d53e84:c5806, a2c18d3d-e79d-47c9-88fe-d8a1d195302b:c5806]
2019-08-23 11:32:09,581 [grpc-default-executor-4] INFO  client.GrpcClientProtocolClient (GrpcClientProtocolClient.java:onNext(255)) - client-C9E345EC67ED->244f13ac-34be-4c4e-8e45-0c0272edbbb2: receive RaftClientReply:client-C9E345EC67ED->244f13ac-34be-4c4e-8e45-0c0272edbbb2@group-FE77C852EF02, cid=3837, SUCCESS, logIndex=5808, commits[244f13ac-34be-4c4e-8e45-0c0272edbbb2:c5808, 6287e41a-5356-4f55-84f2-270816d53e84:c5806, a2c18d3d-e79d-47c9-88fe-d8a1d195302b:c5806]
2019-08-23 11:32:09,589 | INFO  | DNAudit | user=null | ip=null | op=WRITE_CHUNK {blockData=conID: 3 locID: 102666070767698647 bcsId: 5808} | ret=SUCCESS |  
2019-08-23 11:32:09,591 | INFO  | DNAudit | user=null | ip=null | op=WRITE_CHUNK {blockData=conID: 3 locID: 102666070767698647 bcsId: 5808} | ret=SUCCESS |  
2019-08-23 11:32:09,592 | INFO  | DNAudit | user=null | ip=null | op=WRITE_CHUNK {blockData=conID: 3 locID: 102666070767698647 bcsId: 5808} | ret=SUCCESS |  
2019-08-23 11:32:10,468 | INFO  | SCMAudit | user=jenkins1000 | ip=192.168.5.185 | op=SEND_HEARTBEAT {datanodeUUID=b2c34899-c5c3-4720-9d95-984efeabf4a7, command=[]} | ret=SUCCESS |  
2019-08-23 11:32:10,469 | INFO  | SCMAudit | user=jenkins1000 | ip=192.168.5.185 | op=SEND_HEARTBEAT {datanodeUUID=0d166765-8492-4439-8677-f737a7bc54ca, command=[]} | ret=SUCCESS |  
2019-08-23 11:32:10,470 | INFO  | SCMAudit | user=jenkins1000 | ip=192.168.5.185 | op=SEND_HEARTBEAT {datanodeUUID=6287e41a-5356-4f55-84f2-270816d53e84, command=[]} | ret=SUCCESS |  
2019-08-23 11:32:10,471 | INFO  | SCMAudit | user=jenkins1000 | ip=192.168.5.185 | op=SEND_HEARTBEAT {datanodeUUID=a2c18d3d-e79d-47c9-88fe-d8a1d195302b, command=[]} | ret=SUCCESS |  
2019-08-23 11:32:10,472 | INFO  | SCMAudit | user=jenkins1000 | ip=192.168.5.185 | op=SEND_HEARTBEAT {datanodeUUID=244f13ac-34be-4c4e-8e45-0c0272edbbb2, command=[]} | ret=SUCCESS |  
 0.00% |█                                                                                                    |  0/1 Time: 0:00:462019-08-23 11:32:11,468 | INFO  | SCMAudit | user=jenkins1000 | ip=192.168.5.185 | op=SEND_HEARTBEAT {datanodeUUID=b2c34899-c5c3-4720-9d95-984efeabf4a7, command=[]} | ret=SUCCESS |  
2019-08-23 11:32:11,469 | INFO  | SCMAudit | user=jenkins1000 | ip=192.168.5.185 | op=SEND_HEARTBEAT {datanodeUUID=0d166765-8492-4439-8677-f737a7bc54ca, command=[]} | ret=SUCCESS |  
2019-08-23 11:32:11,470 | INFO  | SCMAudit | user=jenkins1000 | ip=192.168.5.185 | op=SEND_HEARTBEAT {datanodeUUID=6287e41a-5356-4f55-84f2-270816d53e84, command=[]} | ret=SUCCESS |  
2019-08-23 11:32:11,470 | INFO  | SCMAudit | user=jenkins1000 | ip=192.168.5.185 | op=SEND_HEARTBEAT {datanodeUUID=a2c18d3d-e79d-47c9-88fe-d8a1d195302b, command=[]} | ret=SUCCESS |  
2019-08-23 11:32:11,472 | INFO  | SCMAudit | user=jenkins1000 | ip=192.168.5.185 | op=SEND_HEARTBEAT {datanodeUUID=244f13ac-34be-4c4e-8e45-0c0272edbbb2, command=[]} | ret=SUCCESS |  
 0.00% |█                                                                                                    |  0/1 Time: 0:00:472019-08-23 11:32:11,768 [java.util.concurrent.ThreadPoolExecutor$Worker@28cd5e17[State = -1, empty queue]] WARN  server.GrpcLogAppender (GrpcLogAppender.java:timeoutAppendRequest(200)) - GrpcLogAppender(244f13ac-34be-4c4e-8e45-0c0272edbbb2->6287e41a-5356-4f55-84f2-270816d53e84): appendEntries Timeout, request=244f13ac-34be-4c4e-8e45-0c0272edbbb2->6287e41a-5356-4f55-84f2-270816d53e84#5820-t1, previous=(t:1, i:5808), leaderCommit=5808, initializing? false, entries: size=1, first=(t:1, i:5809), METADATAENTRY(c5808)
2019-08-23 11:32:11,768 [java.util.concurrent.ThreadPoolExecutor$Worker@5d44e42c[State = -1, empty queue]] WARN  server.GrpcLogAppender (GrpcLogAppender.java:timeoutAppendRequest(200)) - GrpcLogAppender(244f13ac-34be-4c4e-8e45-0c0272edbbb2->a2c18d3d-e79d-47c9-88fe-d8a1d195302b): appendEntries Timeout, request=244f13ac-34be-4c4e-8e45-0c0272edbbb2->a2c18d3d-e79d-47c9-88fe-d8a1d195302b#5820-t1, previous=(t:1, i:5808), leaderCommit=5808, initializing? false, entries: size=1, first=(t:1, i:5809), METADATAENTRY(c5808)
2019-08-23 11:32:12,089 | INFO  | DNAudit | user=null | ip=null | op=WRITE_CHUNK {blockData=conID: 3 locID: 102666070767698647 bcsId: 5802} | ret=SUCCESS |  
2019-08-23 11:32:12,093 | INFO  | DNAudit | user=null | ip=null | op=WRITE_CHUNK {blockData=conID: 3 locID: 102666070767698647 bcsId: 5802} | ret=SUCCESS |  
2019-08-23 11:32:12,093 | INFO  | DNAudit | user=null | ip=null | op=PUT_BLOCK {blockData=[blockId=conID: 3 locID: 102666070767698647 bcsId: 0,size=3145728]} | ret=SUCCESS |  
2019-08-23 11:32:12,093 | INFO  | DNAudit | user=null | ip=null | op=PUT_BLOCK {blockData=[blockId=conID: 3 locID: 102666070767698647 bcsId: 0,size=3145728]} | ret=SUCCESS |  
2019-08-23 11:32:12,468 | INFO  | SCMAudit | user=jenkins1000 | ip=192.168.5.185 | op=SEND_HEARTBEAT {datanodeUUID=b2c34899-c5c3-4720-9d95-984efeabf4a7, command=[]} | ret=SUCCESS |  
2019-08-23 11:32:12,469 | INFO  | SCMAudit | user=jenkins1000 | ip=192.168.5.185 | op=SEND_HEARTBEAT {datanodeUUID=0d166765-8492-4439-8677-f737a7bc54ca, command=[]} | ret=SUCCESS |  
2019-08-23 11:32:12,469 | INFO  | SCMAudit | user=jenkins1000 | ip=192.168.5.185 | op=SEND_HEARTBEAT {datanodeUUID=6287e41a-5356-4f55-84f2-270816d53e84, command=[]} | ret=SUCCESS |  
2019-08-23 11:32:12,470 | INFO  | SCMAudit | user=jenkins1000 | ip=192.168.5.185 | op=SEND_HEARTBEAT {datanodeUUID=a2c18d3d-e79d-47c9-88fe-d8a1d195302b, command=[]} | ret=SUCCESS |  
2019-08-23 11:32:12,472 | INFO  | SCMAudit | user=jenkins1000 | ip=192.168.5.185 | op=SEND_HEARTBEAT {datanodeUUID=244f13ac-34be-4c4e-8e45-0c0272edbbb2, command=[]} | ret=SUCCESS |  
 0.00% |█                                                                                                    |  0/1 Time: 0:00:482019-08-23 11:32:12,588 [java.util.concurrent.ThreadPoolExecutor$Worker@5d44e42c[State = -1, empty queue]] WARN  server.GrpcLogAppender (GrpcLogAppender.java:timeoutAppendRequest(200)) - GrpcLogAppender(244f13ac-34be-4c4e-8e45-0c0272edbbb2->a2c18d3d-e79d-47c9-88fe-d8a1d195302b): appendEntries Timeout, request=244f13ac-34be-4c4e-8e45-0c0272edbbb2->a2c18d3d-e79d-47c9-88fe-d8a1d195302b#5821-t1, previous=(t:1, i:5809), leaderCommit=5808, initializing? false, entries: size=1, first=(t:1, i:5810), STATEMACHINELOGENTRY, client-C9E345EC67ED, cid=3838
2019-08-23 11:32:12,588 [java.util.concurrent.ThreadPoolExecutor$Worker@28cd5e17[State = -1, empty queue]] WARN  server.GrpcLogAppender (GrpcLogAppender.java:timeoutAppendRequest(200)) - GrpcLogAppender(244f13ac-34be-4c4e-8e45-0c0272edbbb2->6287e41a-5356-4f55-84f2-270816d53e84): appendEntries Timeout, request=244f13ac-34be-4c4e-8e45-0c0272edbbb2->6287e41a-5356-4f55-84f2-270816d53e84#5821-t1, previous=(t:1, i:5809), leaderCommit=5808, initializing? false, entries: size=1, first=(t:1, i:5810), STATEMACHINELOGENTRY, client-C9E345EC67ED, cid=3838
2019-08-23 11:32:12,590 [java.util.concurrent.ThreadPoolExecutor$Worker@5d44e42c[State = -1, empty queue]] WARN  server.GrpcLogAppender (GrpcLogAppender.java:timeoutAppendRequest(200)) - GrpcLogAppender(244f13ac-34be-4c4e-8e45-0c0272edbbb2->a2c18d3d-e79d-47c9-88fe-d8a1d195302b): appendEntries Timeout, request=244f13ac-34be-4c4e-8e45-0c0272edbbb2->a2c18d3d-e79d-47c9-88fe-d8a1d195302b#5822-t1, previous=(t:1, i:5810), leaderCommit=5808, initializing? false, entries: size=1, first=(t:1, i:5811), STATEMACHINELOGENTRY, client-C9E345EC67ED, cid=3839
2019-08-23 11:32:12,592 [java.util.concurrent.ThreadPoolExecutor$Worker@28cd5e17[State = -1, empty queue]] WARN  server.GrpcLogAppender (GrpcLogAppender.java:timeoutAppendRequest(200)) - GrpcLogAppender(244f13ac-34be-4c4e-8e45-0c0272edbbb2->6287e41a-5356-4f55-84f2-270816d53e84): appendEntries Timeout, request=244f13ac-34be-4c4e-8e45-0c0272edbbb2->6287e41a-5356-4f55-84f2-270816d53e84#5822-t1, previous=(t:1, i:5810), leaderCommit=5808, initializing? false, entries: size=1, first=(t:1, i:5811), STATEMACHINELOGENTRY, client-C9E345EC67ED, cid=3839
2019-08-23 11:32:13,469 | INFO  | SCMAudit | user=jenkins1000 | ip=192.168.5.185 | op=SEND_HEARTBEAT {datanodeUUID=b2c34899-c5c3-4720-9d95-984efeabf4a7, command=[]} | ret=SUCCESS |  
2019-08-23 11:32:13,469 | INFO  | SCMAudit | user=jenkins1000 | ip=192.168.5.185 | op=SEND_HEARTBEAT {datanodeUUID=0d166765-8492-4439-8677-f737a7bc54ca, command=[]} | ret=SUCCESS |  
2019-08-23 11:32:13,470 | INFO  | SCMAudit | user=jenkins1000 | ip=192.168.5.185 | op=SEND_HEARTBEAT {datanodeUUID=6287e41a-5356-4f55-84f2-270816d53e84, command=[]} | ret=SUCCESS |  
2019-08-23 11:32:13,471 | INFO  | SCMAudit | user=jenkins1000 | ip=192.168.5.185 | op=SEND_HEARTBEAT {datanodeUUID=a2c18d3d-e79d-47c9-88fe-d8a1d195302b, command=[]} | ret=SUCCESS |  
2019-08-23 11:32:13,472 | INFO  | SCMAudit | user=jenkins1000 | ip=192.168.5.185 | op=SEND_HEARTBEAT {datanodeUUID=244f13ac-34be-4c4e-8e45-0c0272edbbb2, command=[]} | ret=SUCCESS |  
 0.00% |█                                                                                                    |  0/1 Time: 0:00:492019-08-23 11:32:14,469 | INFO  | SCMAudit | user=jenkins1000 | ip=192.168.5.185 | op=SEND_HEARTBEAT {datanodeUUID=b2c34899-c5c3-4720-9d95-984efeabf4a7, command=[]} | ret=SUCCESS |  
2019-08-23 11:32:14,469 | INFO  | SCMAudit | user=jenkins1000 | ip=192.168.5.185 | op=SEND_HEARTBEAT {datanodeUUID=0d166765-8492-4439-8677-f737a7bc54ca, command=[]} | ret=SUCCESS |  
2019-08-23 11:32:14,471 | INFO  | SCMAudit | user=jenkins1000 | ip=192.168.5.185 | op=SEND_HEARTBEAT {datanodeUUID=a2c18d3d-e79d-47c9-88fe-d8a1d195302b, command=[]} | ret=SUCCESS |  
2019-08-23 11:32:14,471 | INFO  | SCMAudit | user=jenkins1000 | ip=192.168.5.185 | op=SEND_HEARTBEAT {datanodeUUID=6287e41a-5356-4f55-84f2-270816d53e84, command=[]} | ret=SUCCESS |  
2019-08-23 11:32:14,472 | INFO  | SCMAudit | user=jenkins1000 | ip=192.168.5.185 | op=SEND_HEARTBEAT {datanodeUUID=244f13ac-34be-4c4e-8e45-0c0272edbbb2, command=[]} | ret=SUCCESS |  
 0.00% |█                                                                                                    |  0/1 Time: 0:00:502019-08-23 11:32:14,619 [grpc-default-executor-4] INFO  client.GrpcClientProtocolClient (GrpcClientProtocolClient.java:onNext(255)) - client-C9E345EC67ED->a2c18d3d-e79d-47c9-88fe-d8a1d195302b: receive RaftClientReply:client-C9E345EC67ED->a2c18d3d-e79d-47c9-88fe-d8a1d195302b@group-FE77C852EF02, cid=3838, FAILED org.apache.ratis.protocol.NotLeaderException: Server a2c18d3d-e79d-47c9-88fe-d8a1d195302b is not the leader (244f13ac-34be-4c4e-8e45-0c0272edbbb2:192.168.5.185:43852). Request must be sent to leader., logIndex=0, commits[a2c18d3d-e79d-47c9-88fe-d8a1d195302b:c5808, 6287e41a-5356-4f55-84f2-270816d53e84:c5806, 244f13ac-34be-4c4e-8e45-0c0272edbbb2:c5808]
2019-08-23 11:32:15,088 [java.util.concurrent.ThreadPoolExecutor$Worker@5d44e42c[State = -1, empty queue]] WARN  server.GrpcLogAppender (GrpcLogAppender.java:timeoutAppendRequest(200)) - GrpcLogAppender(244f13ac-34be-4c4e-8e45-0c0272edbbb2->a2c18d3d-e79d-47c9-88fe-d8a1d195302b): appendEntries Timeout, request=244f13ac-34be-4c4e-8e45-0c0272edbbb2->a2c18d3d-e79d-47c9-88fe-d8a1d195302b#5823-t1, previous=(t:1, i:5811), leaderCommit=5808, initializing? false, entries: <empty>
2019-08-23 11:32:15,099 [java.util.concurrent.ThreadPoolExecutor$Worker@28cd5e17[State = -1, empty queue]] WARN  server.GrpcLogAppender (GrpcLogAppender.java:timeoutAppendRequest(200)) - GrpcLogAppender(244f13ac-34be-4c4e-8e45-0c0272edbbb2->6287e41a-5356-4f55-84f2-270816d53e84): appendEntries Timeout, request=244f13ac-34be-4c4e-8e45-0c0272edbbb2->6287e41a-5356-4f55-84f2-270816d53e84#5823-t1, previous=(t:1, i:5811), leaderCommit=5808, initializing? false, entries: <empty>
2019-08-23 11:32:15,353 [grpc-default-executor-0] WARN  server.GrpcLogAppender (GrpcLogAppender.java:onNextImpl(250)) - org.apache.ratis.grpc.server.GrpcLogAppender$AppendLogResponseHandler@420bd4be: Request not found, ignoring reply: 244f13ac-34be-4c4e-8e45-0c0272edbbb2<-6287e41a-5356-4f55-84f2-270816d53e84#5820:OK,SUCCESS,nextIndex:5810,term:1,followerCommit:5808
2019-08-23 11:32:15,402 [grpc-default-executor-0] WARN  server.GrpcLogAppender (GrpcLogAppender.java:onNextImpl(250)) - org.apache.ratis.grpc.server.GrpcLogAppender$AppendLogResponseHandler@15eee1fe: Request not found, ignoring reply: 244f13ac-34be-4c4e-8e45-0c0272edbbb2<-a2c18d3d-e79d-47c9-88fe-d8a1d195302b#5820:OK,SUCCESS,nextIndex:5810,term:1,followerCommit:5808
2019-08-23 11:32:15,468 | INFO  | SCMAudit | user=jenkins1000 | ip=192.168.5.185 | op=SEND_HEARTBEAT {datanodeUUID=b2c34899-c5c3-4720-9d95-984efeabf4a7, command=[]} | ret=SUCCESS |  
2019-08-23 11:32:15,469 | INFO  | SCMAudit | user=jenkins1000 | ip=192.168.5.185 | op=SEND_HEARTBEAT {datanodeUUID=0d166765-8492-4439-8677-f737a7bc54ca, command=[]} | ret=SUCCESS |  
2019-08-23 11:32:15,471 | INFO  | SCMAudit | user=jenkins1000 | ip=192.168.5.185 | op=SEND_HEARTBEAT {datanodeUUID=a2c18d3d-e79d-47c9-88fe-d8a1d195302b, command=[]} | ret=SUCCESS |  
2019-08-23 11:32:15,471 | INFO  | SCMAudit | user=jenkins1000 | ip=192.168.5.185 | op=SEND_HEARTBEAT {datanodeUUID=6287e41a-5356-4f55-84f2-270816d53e84, command=[]} | ret=SUCCESS |  
2019-08-23 11:32:15,472 | INFO  | SCMAudit | user=jenkins1000 | ip=192.168.5.185 | op=SEND_HEARTBEAT {datanodeUUID=244f13ac-34be-4c4e-8e45-0c0272edbbb2, command=[]} | ret=SUCCESS |  
 0.00% |█                                                                                                    |  0/1 Time: 0:00:512019-08-23 11:32:16,469 | INFO  | SCMAudit | user=jenkins1000 | ip=192.168.5.185 | op=SEND_HEARTBEAT {datanodeUUID=b2c34899-c5c3-4720-9d95-984efeabf4a7, command=[]} | ret=SUCCESS |  
2019-08-23 11:32:16,469 | INFO  | SCMAudit | user=jenkins1000 | ip=192.168.5.185 | op=SEND_HEARTBEAT {datanodeUUID=0d166765-8492-4439-8677-f737a7bc54ca, command=[]} | ret=SUCCESS |  
2019-08-23 11:32:16,471 | INFO  | SCMAudit | user=jenkins1000 | ip=192.168.5.185 | op=SEND_HEARTBEAT {datanodeUUID=a2c18d3d-e79d-47c9-88fe-d8a1d195302b, command=[]} | ret=SUCCESS |  
2019-08-23 11:32:16,471 | INFO  | SCMAudit | user=jenkins1000 | ip=192.168.5.185 | op=SEND_HEARTBEAT {datanodeUUID=6287e41a-5356-4f55-84f2-270816d53e84, command=[]} | ret=SUCCESS |  
2019-08-23 11:32:16,471 | INFO  | SCMAudit | user=jenkins1000 | ip=192.168.5.185 | op=SEND_HEARTBEAT {datanodeUUID=244f13ac-34be-4c4e-8e45-0c0272edbbb2, command=[]} | ret=SUCCESS |  
 0.00% |█                                                                                                    |  0/1 Time: 0:00:522019-08-23 11:32:17,468 | INFO  | SCMAudit | user=jenkins1000 | ip=192.168.5.185 | op=SEND_HEARTBEAT {datanodeUUID=b2c34899-c5c3-4720-9d95-984efeabf4a7, command=[]} | ret=SUCCESS |  
2019-08-23 11:32:17,469 | INFO  | SCMAudit | user=jenkins1000 | ip=192.168.5.185 | op=SEND_HEARTBEAT {datanodeUUID=0d166765-8492-4439-8677-f737a7bc54ca, command=[]} | ret=SUCCESS |  
2019-08-23 11:32:17,471 | INFO  | SCMAudit | user=jenkins1000 | ip=192.168.5.185 | op=SEND_HEARTBEAT {datanodeUUID=a2c18d3d-e79d-47c9-88fe-d8a1d195302b, command=[]} | ret=SUCCESS |  
2019-08-23 11:32:17,471 | INFO  | SCMAudit | user=jenkins1000 | ip=192.168.5.185 | op=SEND_HEARTBEAT {datanodeUUID=6287e41a-5356-4f55-84f2-270816d53e84, command=[]} | ret=SUCCESS |  
2019-08-23 11:32:17,471 | INFO  | SCMAudit | user=jenkins1000 | ip=192.168.5.185 | op=SEND_HEARTBEAT {datanodeUUID=244f13ac-34be-4c4e-8e45-0c0272edbbb2, command=[]} | ret=SUCCESS |  
 0.00% |█                                                                                                    |  0/1 Time: 0:00:532019-08-23 11:32:17,588 [java.util.concurrent.ThreadPoolExecutor$Worker@5d44e42c[State = -1, empty queue]] WARN  server.GrpcLogAppender (GrpcLogAppender.java:timeoutAppendRequest(200)) - GrpcLogAppender(244f13ac-34be-4c4e-8e45-0c0272edbbb2->a2c18d3d-e79d-47c9-88fe-d8a1d195302b): appendEntries Timeout, request=244f13ac-34be-4c4e-8e45-0c0272edbbb2->a2c18d3d-e79d-47c9-88fe-d8a1d195302b#5824-t1, previous=(t:1, i:5811), leaderCommit=5808, initializing? false, entries: <empty>
2019-08-23 11:32:17,588 [java.util.concurrent.ThreadPoolExecutor$Worker@28cd5e17[State = -1, empty queue]] WARN  server.GrpcLogAppender (GrpcLogAppender.java:timeoutAppendRequest(200)) - GrpcLogAppender(244f13ac-34be-4c4e-8e45-0c0272edbbb2->6287e41a-5356-4f55-84f2-270816d53e84): appendEntries Timeout, request=244f13ac-34be-4c4e-8e45-0c0272edbbb2->6287e41a-5356-4f55-84f2-270816d53e84#5824-t1, previous=(t:1, i:5811), leaderCommit=5808, initializing? false, entries: <empty>
2019-08-23 11:32:18,469 | INFO  | SCMAudit | user=jenkins1000 | ip=192.168.5.185 | op=SEND_HEARTBEAT {datanodeUUID=b2c34899-c5c3-4720-9d95-984efeabf4a7, command=[]} | ret=SUCCESS |  
2019-08-23 11:32:18,469 | INFO  | SCMAudit | user=jenkins1000 | ip=192.168.5.185 | op=SEND_HEARTBEAT {datanodeUUID=0d166765-8492-4439-8677-f737a7bc54ca, command=[]} | ret=SUCCESS |  
2019-08-23 11:32:18,471 | INFO  | SCMAudit | user=jenkins1000 | ip=192.168.5.185 | op=SEND_HEARTBEAT {datanodeUUID=a2c18d3d-e79d-47c9-88fe-d8a1d195302b, command=[]} | ret=SUCCESS |  
2019-08-23 11:32:18,471 | INFO  | SCMAudit | user=jenkins1000 | ip=192.168.5.185 | op=SEND_HEARTBEAT {datanodeUUID=6287e41a-5356-4f55-84f2-270816d53e84, command=[]} | ret=SUCCESS |  
2019-08-23 11:32:18,472 | INFO  | SCMAudit | user=jenkins1000 | ip=192.168.5.185 | op=SEND_HEARTBEAT {datanodeUUID=244f13ac-34be-4c4e-8e45-0c0272edbbb2, command=[]} | ret=SUCCESS |  
 0.00% |█                                                                                                    |  0/1 Time: 0:00:542019-08-23 11:32:19,469 | INFO  | SCMAudit | user=jenkins1000 | ip=192.168.5.185 | op=SEND_HEARTBEAT {datanodeUUID=0d166765-8492-4439-8677-f737a7bc54ca, command=[]} | ret=SUCCESS |  
2019-08-23 11:32:19,469 | INFO  | SCMAudit | user=jenkins1000 | ip=192.168.5.185 | op=SEND_HEARTBEAT {datanodeUUID=b2c34899-c5c3-4720-9d95-984efeabf4a7, command=[]} | ret=SUCCESS |  
2019-08-23 11:32:19,471 | INFO  | SCMAudit | user=jenkins1000 | ip=192.168.5.185 | op=SEND_HEARTBEAT {datanodeUUID=a2c18d3d-e79d-47c9-88fe-d8a1d195302b, command=[]} | ret=SUCCESS |  
2019-08-23 11:32:19,471 | INFO  | SCMAudit | user=jenkins1000 | ip=192.168.5.185 | op=SEND_HEARTBEAT {datanodeUUID=6287e41a-5356-4f55-84f2-270816d53e84, command=[]} | ret=SUCCESS |  
2019-08-23 11:32:19,472 | INFO  | SCMAudit | user=jenkins1000 | ip=192.168.5.185 | op=SEND_HEARTBEAT {datanodeUUID=244f13ac-34be-4c4e-8e45-0c0272edbbb2, command=[]} | ret=SUCCESS |  
 0.00% |█                                                                                                    |  0/1 Time: 0:00:552019-08-23 11:32:19,671 [grpc-default-executor-4] INFO  client.GrpcClientProtocolClient (GrpcClientProtocolClient.java:onNext(255)) - client-C9E345EC67ED->6287e41a-5356-4f55-84f2-270816d53e84: receive RaftClientReply:client-C9E345EC67ED->6287e41a-5356-4f55-84f2-270816d53e84@group-FE77C852EF02, cid=3838, FAILED org.apache.ratis.protocol.NotLeaderException: Server 6287e41a-5356-4f55-84f2-270816d53e84 is not the leader (244f13ac-34be-4c4e-8e45-0c0272edbbb2:192.168.5.185:43852). Request must be sent to leader., logIndex=0, commits[6287e41a-5356-4f55-84f2-270816d53e84:c5808, a2c18d3d-e79d-47c9-88fe-d8a1d195302b:c5806, 244f13ac-34be-4c4e-8e45-0c0272edbbb2:c5808]
2019-08-23 11:32:20,470 | INFO  | SCMAudit | user=jenkins1000 | ip=192.168.5.185 | op=SEND_HEARTBEAT {datanodeUUID=0d166765-8492-4439-8677-f737a7bc54ca, command=[]} | ret=SUCCESS |  
2019-08-23 11:32:20,470 | INFO  | SCMAudit | user=jenkins1000 | ip=192.168.5.185 | op=SEND_HEARTBEAT {datanodeUUID=b2c34899-c5c3-4720-9d95-984efeabf4a7, command=[]} | ret=SUCCESS |  
2019-08-23 11:32:20,471 | INFO  | SCMAudit | user=jenkins1000 | ip=192.168.5.185 | op=SEND_HEARTBEAT {datanodeUUID=a2c18d3d-e79d-47c9-88fe-d8a1d195302b, command=[]} | ret=SUCCESS |  
2019-08-23 11:32:20,471 | INFO  | SCMAudit | user=jenkins1000 | ip=192.168.5.185 | op=SEND_HEARTBEAT {datanodeUUID=6287e41a-5356-4f55-84f2-270816d53e84, command=[]} | ret=SUCCESS |  
2019-08-23 11:32:20,471 | INFO  | SCMAudit | user=jenkins1000 | ip=192.168.5.185 | op=SEND_HEARTBEAT {datanodeUUID=244f13ac-34be-4c4e-8e45-0c0272edbbb2, command=[]} | ret=SUCCESS |  
 0.00% |█                                                                                                    |  0/1 Time: 0:00:562019-08-23 11:32:20,855 [java.util.concurrent.ThreadPoolExecutor$Worker@28cd5e17[State = -1, empty queue]] WARN  server.GrpcLogAppender (GrpcLogAppender.java:timeoutAppendRequest(200)) - GrpcLogAppender(244f13ac-34be-4c4e-8e45-0c0272edbbb2->6287e41a-5356-4f55-84f2-270816d53e84): appendEntries Timeout, request=244f13ac-34be-4c4e-8e45-0c0272edbbb2->6287e41a-5356-4f55-84f2-270816d53e84#5825-t1, previous=(t:1, i:5811), leaderCommit=5808, initializing? false, entries: <empty>
2019-08-23 11:32:20,875 [grpc-default-executor-4] WARN  server.GrpcLogAppender (GrpcLogAppender.java:onNextImpl(250)) - org.apache.ratis.grpc.server.GrpcLogAppender$AppendLogResponseHandler@15eee1fe: Request not found, ignoring reply: 244f13ac-34be-4c4e-8e45-0c0272edbbb2<-a2c18d3d-e79d-47c9-88fe-d8a1d195302b#5821:OK,SUCCESS,nextIndex:5811,term:1,followerCommit:5808
2019-08-23 11:32:20,878 [grpc-default-executor-4] WARN  server.GrpcLogAppender (GrpcLogAppender.java:onNextImpl(250)) - org.apache.ratis.grpc.server.GrpcLogAppender$AppendLogResponseHandler@15eee1fe: Request not found, ignoring reply: 244f13ac-34be-4c4e-8e45-0c0272edbbb2<-a2c18d3d-e79d-47c9-88fe-d8a1d195302b#5822:OK,SUCCESS,nextIndex:5812,term:1,followerCommit:5808
2019-08-23 11:32:20,879 [grpc-default-executor-4] WARN  server.GrpcLogAppender (GrpcLogAppender.java:onNextImpl(250)) - org.apache.ratis.grpc.server.GrpcLogAppender$AppendLogResponseHandler@15eee1fe: Request not found, ignoring reply: 244f13ac-34be-4c4e-8e45-0c0272edbbb2<-a2c18d3d-e79d-47c9-88fe-d8a1d195302b#5823:OK,SUCCESS,nextIndex:5812,term:1,followerCommit:5808
2019-08-23 11:32:20,879 [grpc-default-executor-4] WARN  server.GrpcLogAppender (GrpcLogAppender.java:onNextImpl(250)) - org.apache.ratis.grpc.server.GrpcLogAppender$AppendLogResponseHandler@15eee1fe: Request not found, ignoring reply: 244f13ac-34be-4c4e-8e45-0c0272edbbb2<-a2c18d3d-e79d-47c9-88fe-d8a1d195302b#5824:OK,SUCCESS,nextIndex:5812,term:1,followerCommit:5808
2019-08-23 11:32:20,879 [grpc-default-executor-4] WARN  server.GrpcLogAppender (GrpcLogAppender.java:onNextImpl(250)) - org.apache.ratis.grpc.server.GrpcLogAppender$AppendLogResponseHandler@420bd4be: Request not found, ignoring reply: 244f13ac-34be-4c4e-8e45-0c0272edbbb2<-6287e41a-5356-4f55-84f2-270816d53e84#5821:OK,SUCCESS,nextIndex:5811,term:1,followerCommit:5808
2019-08-23 11:32:20,880 [grpc-default-executor-4] WARN  server.GrpcLogAppender (GrpcLogAppender.java:onNextImpl(250)) - org.apache.ratis.grpc.server.GrpcLogAppender$AppendLogResponseHandler@420bd4be: Request not found, ignoring reply: 244f13ac-34be-4c4e-8e45-0c0272edbbb2<-6287e41a-5356-4f55-84f2-270816d53e84#5822:OK,SUCCESS,nextIndex:5812,term:1,followerCommit:5808
2019-08-23 11:32:20,880 | INFO  | DNAudit | user=null | ip=null | op=WRITE_CHUNK {blockData=conID: 3 locID: 102666070767698647 bcsId: 5808} | ret=SUCCESS |  
2019-08-23 11:32:20,880 [grpc-default-executor-4] WARN  server.GrpcLogAppender (GrpcLogAppender.java:onNextImpl(250)) - org.apache.ratis.grpc.server.GrpcLogAppender$AppendLogResponseHandler@420bd4be: Request not found, ignoring reply: 244f13ac-34be-4c4e-8e45-0c0272edbbb2<-6287e41a-5356-4f55-84f2-270816d53e84#5823:OK,SUCCESS,nextIndex:5812,term:1,followerCommit:5808
2019-08-23 11:32:20,880 [grpc-default-executor-4] WARN  server.GrpcLogAppender (GrpcLogAppender.java:onNextImpl(250)) - org.apache.ratis.grpc.server.GrpcLogAppender$AppendLogResponseHandler@420bd4be: Request not found, ignoring reply: 244f13ac-34be-4c4e-8e45-0c0272edbbb2<-6287e41a-5356-4f55-84f2-270816d53e84#5824:OK,SUCCESS,nextIndex:5812,term:1,followerCommit:5808
2019-08-23 11:32:20,880 [grpc-default-executor-4] WARN  server.GrpcLogAppender (GrpcLogAppender.java:onNextImpl(250)) - org.apache.ratis.grpc.server.GrpcLogAppender$AppendLogResponseHandler@420bd4be: Request not found, ignoring reply: 244f13ac-34be-4c4e-8e45-0c0272edbbb2<-6287e41a-5356-4f55-84f2-270816d53e84#5825:OK,SUCCESS,nextIndex:5812,term:1,followerCommit:5808
2019-08-23 11:32:20,885 | INFO  | DNAudit | user=null | ip=null | op=PUT_BLOCK {blockData=[blockId=conID: 3 locID: 102666070767698647 bcsId: 0,size=4194304]} | ret=SUCCESS |  
2019-08-23 11:32:20,887 [grpc-default-executor-4] INFO  client.GrpcClientProtocolClient (GrpcClientProtocolClient.java:onNext(255)) - client-C9E345EC67ED->244f13ac-34be-4c4e-8e45-0c0272edbbb2: receive RaftClientReply:client-C9E345EC67ED->244f13ac-34be-4c4e-8e45-0c0272edbbb2@group-FE77C852EF02, cid=3838, SUCCESS, logIndex=5810, commits[244f13ac-34be-4c4e-8e45-0c0272edbbb2:c5811, 6287e41a-5356-4f55-84f2-270816d53e84:c5806, a2c18d3d-e79d-47c9-88fe-d8a1d195302b:c5808]
2019-08-23 11:32:20,894 [grpc-default-executor-1] INFO  client.GrpcClientProtocolClient (GrpcClientProtocolClient.java:onNext(255)) - client-C9E345EC67ED->244f13ac-34be-4c4e-8e45-0c0272edbbb2: receive RaftClientReply:client-C9E345EC67ED->244f13ac-34be-4c4e-8e45-0c0272edbbb2@group-FE77C852EF02, cid=3839, SUCCESS, logIndex=5811, commits[244f13ac-34be-4c4e-8e45-0c0272edbbb2:c5811, 6287e41a-5356-4f55-84f2-270816d53e84:c5808, a2c18d3d-e79d-47c9-88fe-d8a1d195302b:c5808]
2019-08-23 11:32:21,415 | INFO  | DNAudit | user=null | ip=null | op=WRITE_CHUNK {blockData=conID: 3 locID: 102666070767698647 bcsId: 5808} | ret=SUCCESS |  
2019-08-23 11:32:21,416 | INFO  | DNAudit | user=null | ip=null | op=PUT_BLOCK {blockData=[blockId=conID: 3 locID: 102666070767698647 bcsId: 0,size=4194304]} | ret=SUCCESS |  
2019-08-23 11:32:21,420 [grpc-default-executor-1] INFO  client.GrpcClientProtocolClient (GrpcClientProtocolClient.java:onNext(255)) - client-C9E345EC67ED->244f13ac-34be-4c4e-8e45-0c0272edbbb2: receive RaftClientReply:client-C9E345EC67ED->244f13ac-34be-4c4e-8e45-0c0272edbbb2@group-FE77C852EF02, cid=3840, SUCCESS, logIndex=0, commits[244f13ac-34be-4c4e-8e45-0c0272edbbb2:c5812, 6287e41a-5356-4f55-84f2-270816d53e84:c5811, a2c18d3d-e79d-47c9-88fe-d8a1d195302b:c5811]
2019-08-23 11:32:21,456 [IPC Server handler 0 on 37097] WARN  block.BlockManagerImpl (BlockManagerImpl.java:allocateBlock(192)) - Pipeline creation failed for type:RATIS factor:THREE. Retrying get pipelines call once.
org.apache.hadoop.hdds.scm.pipeline.InsufficientDatanodesException: Cannot create pipeline of factor 3 using 2 nodes.
	at org.apache.hadoop.hdds.scm.pipeline.RatisPipelineProvider.create(RatisPipelineProvider.java:151)
	at org.apache.hadoop.hdds.scm.pipeline.PipelineFactory.create(PipelineFactory.java:57)
	at org.apache.hadoop.hdds.scm.pipeline.SCMPipelineManager.createPipeline(SCMPipelineManager.java:149)
	at org.apache.hadoop.hdds.scm.block.BlockManagerImpl.allocateBlock(BlockManagerImpl.java:190)
	at org.apache.hadoop.hdds.scm.server.SCMBlockProtocolServer.allocateBlock(SCMBlockProtocolServer.java:175)
	at org.apache.hadoop.ozone.protocolPB.ScmBlockLocationProtocolServerSideTranslatorPB.allocateScmBlock(ScmBlockLocationProtocolServerSideTranslatorPB.java:153)
	at org.apache.hadoop.ozone.protocolPB.ScmBlockLocationProtocolServerSideTranslatorPB.send(ScmBlockLocationProtocolServerSideTranslatorPB.java:112)
	at org.apache.hadoop.hdds.protocol.proto.ScmBlockLocationProtocolProtos$ScmBlockLocationProtocolService$2.callBlockingMethod(ScmBlockLocationProtocolProtos.java:13157)
	at org.apache.hadoop.ipc.ProtobufRpcEngine$Server$ProtoBufRpcInvoker.call(ProtobufRpcEngine.java:524)
	at org.apache.hadoop.ipc.RPC$Server.call(RPC.java:1025)
	at org.apache.hadoop.ipc.Server$RpcCall.run(Server.java:876)
	at org.apache.hadoop.ipc.Server$RpcCall.run(Server.java:822)
	at java.security.AccessController.doPrivileged(Native Method)
	at javax.security.auth.Subject.doAs(Subject.java:422)
	at org.apache.hadoop.security.UserGroupInformation.doAs(UserGroupInformation.java:1730)
	at org.apache.hadoop.ipc.Server$Handler.run(Server.java:2682)
2019-08-23 11:32:21,456 [IPC Server handler 0 on 37097] INFO  block.BlockManagerImpl (BlockManagerImpl.java:allocateBlock(198)) - Could not find available pipeline of type:RATIS and factor:THREE even after retrying
2019-08-23 11:32:21,457 [IPC Server handler 0 on 37097] ERROR block.BlockManagerImpl (BlockManagerImpl.java:allocateBlock(222)) - Unable to allocate a block for the size: 4194304, type: RATIS, factor: THREE
2019-08-23 11:32:21,457 | INFO  | SCMAudit | user=jenkins1000 | ip=192.168.5.185 | op=ALLOCATE_BLOCK {owner=00a23185-76ea-47b5-a641-ad3cfbe5521a, size=4194304, type=RATIS, factor=THREE} | ret=SUCCESS |  
2019-08-23 11:32:21,459 | ERROR | OMAudit | user=jenkins1000 | ip=127.0.0.1 | op=ALLOCATE_BLOCK {volume=vol-0-37508, bucket=bucket-0-50919, key=key-0-57313, dataSize=0, replicationType=null, replicationFactor=null, keyLocationInfo=null, clientID=102666068570931602} | ret=FAILURE | org.apache.hadoop.hdds.scm.exceptions.SCMException: Allocated 0 blocks. Requested 1 blocks
	at org.apache.hadoop.hdds.scm.protocolPB.ScmBlockLocationProtocolClientSideTranslatorPB.handleError(ScmBlockLocationProtocolClientSideTranslatorPB.java:118)
	at org.apache.hadoop.hdds.scm.protocolPB.ScmBlockLocationProtocolClientSideTranslatorPB.allocateBlock(ScmBlockLocationProtocolClientSideTranslatorPB.java:156) 
2019-08-23 11:32:21,463 [pool-282-thread-1] ERROR io.BlockOutputStreamEntryPool (BlockOutputStreamEntryPool.java:allocateBlockIfNeeded(299)) - Try to allocate more blocks for write failed, already allocated 0 blocks for this write.
INTERNAL_ERROR org.apache.hadoop.ozone.om.exceptions.OMException: Allocated 0 blocks. Requested 1 blocks
	at org.apache.hadoop.ozone.om.protocolPB.OzoneManagerProtocolClientSideTranslatorPB.handleError(OzoneManagerProtocolClientSideTranslatorPB.java:725)
	at org.apache.hadoop.ozone.om.protocolPB.OzoneManagerProtocolClientSideTranslatorPB.allocateBlock(OzoneManagerProtocolClientSideTranslatorPB.java:757)
	at org.apache.hadoop.ozone.client.io.BlockOutputStreamEntryPool.allocateNewBlock(BlockOutputStreamEntryPool.java:248)
	at org.apache.hadoop.ozone.client.io.BlockOutputStreamEntryPool.allocateBlockIfNeeded(BlockOutputStreamEntryPool.java:296)
	at org.apache.hadoop.ozone.client.io.KeyOutputStream.handleWrite(KeyOutputStream.java:201)
	at org.apache.hadoop.ozone.client.io.KeyOutputStream.write(KeyOutputStream.java:193)
	at org.apache.hadoop.ozone.client.io.OzoneOutputStream.write(OzoneOutputStream.java:49)
	at org.apache.hadoop.ozone.freon.RandomKeyGenerator.createKey(RandomKeyGenerator.java:708)
	at org.apache.hadoop.ozone.freon.RandomKeyGenerator.access$1100(RandomKeyGenerator.java:88)
	at org.apache.hadoop.ozone.freon.RandomKeyGenerator$ObjectCreator.run(RandomKeyGenerator.java:615)
	at java.util.concurrent.Executors$RunnableAdapter.call(Executors.java:511)
	at java.util.concurrent.FutureTask.run(FutureTask.java:266)
	at java.util.concurrent.ThreadPoolExecutor.runWorker(ThreadPoolExecutor.java:1149)
	at java.util.concurrent.ThreadPoolExecutor$Worker.run(ThreadPoolExecutor.java:624)
	at java.lang.Thread.run(Thread.java:748)
2019-08-23 11:32:21,464 [pool-282-thread-1] ERROR freon.RandomKeyGenerator (RandomKeyGenerator.java:createKey(733)) - Exception while adding key: key-0-57313 in bucket: bucket-0-50919 of volume: vol-0-37508.
INTERNAL_ERROR org.apache.hadoop.ozone.om.exceptions.OMException: Allocated 0 blocks. Requested 1 blocks
	at org.apache.hadoop.ozone.om.protocolPB.OzoneManagerProtocolClientSideTranslatorPB.handleError(OzoneManagerProtocolClientSideTranslatorPB.java:725)
	at org.apache.hadoop.ozone.om.protocolPB.OzoneManagerProtocolClientSideTranslatorPB.allocateBlock(OzoneManagerProtocolClientSideTranslatorPB.java:757)
	at org.apache.hadoop.ozone.client.io.BlockOutputStreamEntryPool.allocateNewBlock(BlockOutputStreamEntryPool.java:248)
	at org.apache.hadoop.ozone.client.io.BlockOutputStreamEntryPool.allocateBlockIfNeeded(BlockOutputStreamEntryPool.java:296)
	at org.apache.hadoop.ozone.client.io.KeyOutputStream.handleWrite(KeyOutputStream.java:201)
	at org.apache.hadoop.ozone.client.io.KeyOutputStream.write(KeyOutputStream.java:193)
	at org.apache.hadoop.ozone.client.io.OzoneOutputStream.write(OzoneOutputStream.java:49)
	at org.apache.hadoop.ozone.freon.RandomKeyGenerator.createKey(RandomKeyGenerator.java:708)
	at org.apache.hadoop.ozone.freon.RandomKeyGenerator.access$1100(RandomKeyGenerator.java:88)
	at org.apache.hadoop.ozone.freon.RandomKeyGenerator$ObjectCreator.run(RandomKeyGenerator.java:615)
	at java.util.concurrent.Executors$RunnableAdapter.call(Executors.java:511)
	at java.util.concurrent.FutureTask.run(FutureTask.java:266)
	at java.util.concurrent.ThreadPoolExecutor.runWorker(ThreadPoolExecutor.java:1149)
	at java.util.concurrent.ThreadPoolExecutor$Worker.run(ThreadPoolExecutor.java:624)
	at java.lang.Thread.run(Thread.java:748)
2019-08-23 11:32:21,470 | INFO  | SCMAudit | user=jenkins1000 | ip=192.168.5.185 | op=SEND_HEARTBEAT {datanodeUUID=b2c34899-c5c3-4720-9d95-984efeabf4a7, command=[]} | ret=SUCCESS |  
2019-08-23 11:32:21,470 | INFO  | SCMAudit | user=jenkins1000 | ip=192.168.5.185 | op=SEND_HEARTBEAT {datanodeUUID=0d166765-8492-4439-8677-f737a7bc54ca, command=[]} | ret=SUCCESS |  
2019-08-23 11:32:21,471 | INFO  | SCMAudit | user=jenkins1000 | ip=192.168.5.185 | op=SEND_HEARTBEAT {datanodeUUID=6287e41a-5356-4f55-84f2-270816d53e84, command=[]} | ret=SUCCESS |  
2019-08-23 11:32:21,471 | INFO  | SCMAudit | user=jenkins1000 | ip=192.168.5.185 | op=SEND_HEARTBEAT {datanodeUUID=a2c18d3d-e79d-47c9-88fe-d8a1d195302b, command=[]} | ret=SUCCESS |  
2019-08-23 11:32:21,471 | INFO  | SCMAudit | user=jenkins1000 | ip=192.168.5.185 | op=SEND_HEARTBEAT {datanodeUUID=244f13ac-34be-4c4e-8e45-0c0272edbbb2, command=[]} | ret=SUCCESS |  
 0.00% |█                                                                                                    |  0/1 Time: 0:00:572019-08-23 11:32:22,471 | INFO  | SCMAudit | user=jenkins1000 | ip=192.168.5.185 | op=SEND_HEARTBEAT {datanodeUUID=b2c34899-c5c3-4720-9d95-984efeabf4a7, command=[]} | ret=SUCCESS |  
2019-08-23 11:32:22,471 | INFO  | SCMAudit | user=jenkins1000 | ip=192.168.5.185 | op=SEND_HEARTBEAT {datanodeUUID=0d166765-8492-4439-8677-f737a7bc54ca, command=[]} | ret=SUCCESS |  
2019-08-23 11:32:22,471 | INFO  | SCMAudit | user=jenkins1000 | ip=192.168.5.185 | op=SEND_HEARTBEAT {datanodeUUID=a2c18d3d-e79d-47c9-88fe-d8a1d195302b, command=[]} | ret=SUCCESS |  
2019-08-23 11:32:22,471 | INFO  | SCMAudit | user=jenkins1000 | ip=192.168.5.185 | op=SEND_HEARTBEAT {datanodeUUID=6287e41a-5356-4f55-84f2-270816d53e84, command=[]} | ret=SUCCESS |  
2019-08-23 11:32:22,472 | INFO  | SCMAudit | user=jenkins1000 | ip=192.168.5.185 | op=SEND_HEARTBEAT {datanodeUUID=244f13ac-34be-4c4e-8e45-0c0272edbbb2, command=[]} | ret=SUCCESS |  
 0.00% |█                                                                                                    |  0/1 Time: 0:00:582019-08-23 11:32:23,470 | INFO  | SCMAudit | user=jenkins1000 | ip=192.168.5.185 | op=SEND_HEARTBEAT {datanodeUUID=0d166765-8492-4439-8677-f737a7bc54ca, command=[]} | ret=SUCCESS |  
2019-08-23 11:32:23,470 | INFO  | SCMAudit | user=jenkins1000 | ip=192.168.5.185 | op=SEND_HEARTBEAT {datanodeUUID=b2c34899-c5c3-4720-9d95-984efeabf4a7, command=[]} | ret=SUCCESS |  
2019-08-23 11:32:23,471 | INFO  | SCMAudit | user=jenkins1000 | ip=192.168.5.185 | op=SEND_HEARTBEAT {datanodeUUID=a2c18d3d-e79d-47c9-88fe-d8a1d195302b, command=[]} | ret=SUCCESS |  
2019-08-23 11:32:23,471 | INFO  | SCMAudit | user=jenkins1000 | ip=192.168.5.185 | op=SEND_HEARTBEAT {datanodeUUID=6287e41a-5356-4f55-84f2-270816d53e84, command=[]} | ret=SUCCESS |  
2019-08-23 11:32:23,472 | INFO  | SCMAudit | user=jenkins1000 | ip=192.168.5.185 | op=SEND_HEARTBEAT {datanodeUUID=244f13ac-34be-4c4e-8e45-0c0272edbbb2, command=[]} | ret=SUCCESS |  
 0.00% |█                                                                                                    |  0/1 Time: 0:00:592019-08-23 11:32:23,511 | INFO  | DNAudit | user=null | ip=null | op=WRITE_CHUNK {blockData=conID: 3 locID: 102666070767698647 bcsId: 5808} | ret=SUCCESS |  
2019-08-23 11:32:23,513 | INFO  | DNAudit | user=null | ip=null | op=PUT_BLOCK {blockData=[blockId=conID: 3 locID: 102666070767698647 bcsId: 0,size=4194304]} | ret=SUCCESS |  
2019-08-23 11:32:24,470 | INFO  | SCMAudit | user=jenkins1000 | ip=192.168.5.185 | op=SEND_HEARTBEAT {datanodeUUID=0d166765-8492-4439-8677-f737a7bc54ca, command=[]} | ret=SUCCESS |  
2019-08-23 11:32:24,470 | INFO  | SCMAudit | user=jenkins1000 | ip=192.168.5.185 | op=SEND_HEARTBEAT {datanodeUUID=b2c34899-c5c3-4720-9d95-984efeabf4a7, command=[]} | ret=SUCCESS |  
2019-08-23 11:32:24,471 | INFO  | SCMAudit | user=jenkins1000 | ip=192.168.5.185 | op=SEND_HEARTBEAT {datanodeUUID=6287e41a-5356-4f55-84f2-270816d53e84, command=[]} | ret=SUCCESS |  
2019-08-23 11:32:24,471 | INFO  | SCMAudit | user=jenkins1000 | ip=192.168.5.185 | op=SEND_HEARTBEAT {datanodeUUID=a2c18d3d-e79d-47c9-88fe-d8a1d195302b, command=[]} | ret=SUCCESS |  
2019-08-23 11:32:24,472 | INFO  | SCMAudit | user=jenkins1000 | ip=192.168.5.185 | op=SEND_HEARTBEAT {datanodeUUID=244f13ac-34be-4c4e-8e45-0c0272edbbb2, command=[]} | ret=SUCCESS |  
 100.00% |█████████████████████████████████████████████████████████████████████████████████████████████████████|  1/1 Time: 0:01:00
]]></system-out>
  </testcase>
  <testcase name="fileWithSizeZero" classname="org.apache.hadoop.ozone.freon.TestRandomKeyGenerator" time="5.061"/>
  <testcase name="multiThread" classname="org.apache.hadoop.ozone.freon.TestRandomKeyGenerator" time="10.021"/>
</testsuite>