<?xml version="1.0" encoding="UTF-8"?>
<testsuite xmlns:xsi="http://www.w3.org/2001/XMLSchema-instance" xsi:noNamespaceSchemaLocation="https://maven.apache.org/surefire/maven-surefire-plugin/xsd/surefire-test-report.xsd" name="org.apache.hadoop.ozone.client.rpc.TestBlockOutputStreamWithFailures" time="737.691" tests="8" errors="0" skipped="0" failures="1">
  <properties>
    <property name="awt.toolkit" value="sun.awt.X11.XToolkit"/>
    <property name="file.encoding.pkg" value="sun.io"/>
    <property name="java.specification.version" value="1.8"/>
    <property name="sun.cpu.isalist" value=""/>
    <property name="sun.jnu.encoding" value="UTF-8"/>
    <property name="java.class.path" value="/workdir/hadoop-ozone/integration-test/target/test-classes:/workdir/hadoop-ozone/integration-test/target/classes:/home/user/.m2/repository/org/apache/hadoop/hadoop-ozone-common/0.5.0-SNAPSHOT/hadoop-ozone-common-0.5.0-SNAPSHOT.jar:/home/user/.m2/repository/org/apache/commons/commons-compress/1.4.1/commons-compress-1.4.1.jar:/home/user/.m2/repository/org/tukaani/xz/1.0/xz-1.0.jar:/home/user/.m2/repository/org/apache/hadoop/hadoop-common/3.2.0/hadoop-common-3.2.0.jar:/home/user/.m2/repository/org/apache/hadoop/hadoop-hdfs/3.2.0/hadoop-hdfs-3.2.0.jar:/home/user/.m2/repository/org/apache/hadoop/hadoop-hdfs-client/3.2.0/hadoop-hdfs-client-3.2.0.jar:/home/user/.m2/repository/com/fasterxml/jackson/core/jackson-annotations/2.9.5/jackson-annotations-2.9.5.jar:/home/user/.m2/repository/org/apache/hadoop/hadoop-hdds-common/0.5.0-SNAPSHOT/hadoop-hdds-common-0.5.0-SNAPSHOT.jar:/home/user/.m2/repository/javax/annotation/javax.annotation-api/1.2/javax.annotation-api-1.2.jar:/home/user/.m2/repository/org/apache/ratis/ratis-server/0.4.0-2337318-SNAPSHOT/ratis-server-0.4.0-2337318-SNAPSHOT.jar:/home/user/.m2/repository/org/apache/ratis/ratis-thirdparty-misc/0.2.0/ratis-thirdparty-misc-0.2.0.jar:/home/user/.m2/repository/org/apache/ratis/ratis-proto/0.4.0-2337318-SNAPSHOT/ratis-proto-0.4.0-2337318-SNAPSHOT.jar:/home/user/.m2/repository/org/apache/ratis/ratis-common/0.4.0-2337318-SNAPSHOT/ratis-common-0.4.0-2337318-SNAPSHOT.jar:/home/user/.m2/repository/org/apache/ratis/ratis-client/0.4.0-2337318-SNAPSHOT/ratis-client-0.4.0-2337318-SNAPSHOT.jar:/home/user/.m2/repository/org/apache/ratis/ratis-metrics/0.4.0-2337318-SNAPSHOT/ratis-metrics-0.4.0-2337318-SNAPSHOT.jar:/home/user/.m2/repository/org/apache/ratis/ratis-netty/0.4.0-2337318-SNAPSHOT/ratis-netty-0.4.0-2337318-SNAPSHOT.jar:/home/user/.m2/repository/org/apache/ratis/ratis-grpc/0.4.0-2337318-SNAPSHOT/ratis-grpc-0.4.0-2337318-SNAPSHOT.jar:/home/user/.m2/repository/org/rocksdb/rocksdbjni/6.0.1/rocksdbjni-6.0.1.jar:/home/user/.m2/repository/org/apache/logging/log4j/log4j-api/2.11.0/log4j-api-2.11.0.jar:/home/user/.m2/repository/org/apache/logging/log4j/log4j-core/2.11.0/log4j-core-2.11.0.jar:/home/user/.m2/repository/com/lmax/disruptor/3.4.2/disruptor-3.4.2.jar:/home/user/.m2/repository/org/apache/commons/commons-pool2/2.6.0/commons-pool2-2.6.0.jar:/home/user/.m2/repository/org/bouncycastle/bcpkix-jdk15on/1.60/bcpkix-jdk15on-1.60.jar:/home/user/.m2/repository/commons-validator/commons-validator/1.6/commons-validator-1.6.jar:/home/user/.m2/repository/commons-digester/commons-digester/1.8.1/commons-digester-1.8.1.jar:/home/user/.m2/repository/io/jaegertracing/jaeger-client/0.33.1/jaeger-client-0.33.1.jar:/home/user/.m2/repository/io/jaegertracing/jaeger-thrift/0.33.1/jaeger-thrift-0.33.1.jar:/home/user/.m2/repository/org/apache/thrift/libthrift/0.11.0/libthrift-0.11.0.jar:/home/user/.m2/repository/com/squareup/okhttp3/okhttp/3.9.0/okhttp-3.9.0.jar:/home/user/.m2/repository/com/squareup/okio/okio/1.13.0/okio-1.13.0.jar:/home/user/.m2/repository/io/jaegertracing/jaeger-core/0.33.1/jaeger-core-0.33.1.jar:/home/user/.m2/repository/io/jaegertracing/jaeger-tracerresolver/0.33.1/jaeger-tracerresolver-0.33.1.jar:/home/user/.m2/repository/io/opentracing/contrib/opentracing-tracerresolver/0.1.5/opentracing-tracerresolver-0.1.5.jar:/home/user/.m2/repository/io/opentracing/opentracing-util/0.31.0/opentracing-util-0.31.0.jar:/home/user/.m2/repository/io/opentracing/opentracing-api/0.31.0/opentracing-api-0.31.0.jar:/home/user/.m2/repository/io/opentracing/opentracing-noop/0.31.0/opentracing-noop-0.31.0.jar:/home/user/.m2/repository/org/apache/hadoop/hadoop-hdds-server-framework/0.5.0-SNAPSHOT/hadoop-hdds-server-framework-0.5.0-SNAPSHOT.jar:/home/user/.m2/repository/org/apache/hadoop/hadoop-hdds-container-service/0.5.0-SNAPSHOT/hadoop-hdds-container-service-0.5.0-SNAPSHOT.jar:/home/user/.m2/repository/org/apache/hadoop/hadoop-hdds-client/0.5.0-SNAPSHOT/hadoop-hdds-client-0.5.0-SNAPSHOT.jar:/home/user/.m2/repository/org/apache/hadoop/hadoop-hdds-tools/0.5.0-SNAPSHOT/hadoop-hdds-tools-0.5.0-SNAPSHOT.jar:/home/user/.m2/repository/org/apache/hadoop/hadoop-hdds-server-scm/0.5.0-SNAPSHOT/hadoop-hdds-server-scm-0.5.0-SNAPSHOT.jar:/home/user/.m2/repository/org/apache/hadoop/hadoop-hdds-docs/0.5.0-SNAPSHOT/hadoop-hdds-docs-0.5.0-SNAPSHOT.jar:/home/user/.m2/repository/io/dropwizard/metrics/metrics-core/3.2.4/metrics-core-3.2.4.jar:/home/user/.m2/repository/org/hamcrest/hamcrest-all/1.3/hamcrest-all-1.3.jar:/home/user/.m2/repository/org/bouncycastle/bcprov-jdk15on/1.60/bcprov-jdk15on-1.60.jar:/home/user/.m2/repository/info/picocli/picocli/3.9.6/picocli-3.9.6.jar:/home/user/.m2/repository/com/google/protobuf/protobuf-java/2.5.0/protobuf-java-2.5.0.jar:/home/user/.m2/repository/com/google/guava/guava/11.0.2/guava-11.0.2.jar:/home/user/.m2/repository/org/apache/hadoop/hadoop-ozone-ozone-manager/0.5.0-SNAPSHOT/hadoop-ozone-ozone-manager-0.5.0-SNAPSHOT.jar:/home/user/.m2/repository/org/apache/hadoop/hadoop-minikdc/3.2.0/hadoop-minikdc-3.2.0.jar:/home/user/.m2/repository/commons-io/commons-io/2.5/commons-io-2.5.jar:/home/user/.m2/repository/org/apache/kerby/kerb-simplekdc/1.0.1/kerb-simplekdc-1.0.1.jar:/home/user/.m2/repository/org/apache/kerby/kerb-client/1.0.1/kerb-client-1.0.1.jar:/home/user/.m2/repository/org/apache/kerby/kerby-config/1.0.1/kerby-config-1.0.1.jar:/home/user/.m2/repository/org/apache/kerby/kerb-core/1.0.1/kerb-core-1.0.1.jar:/home/user/.m2/repository/org/apache/kerby/kerby-pkix/1.0.1/kerby-pkix-1.0.1.jar:/home/user/.m2/repository/org/apache/kerby/kerby-asn1/1.0.1/kerby-asn1-1.0.1.jar:/home/user/.m2/repository/org/apache/kerby/kerby-util/1.0.1/kerby-util-1.0.1.jar:/home/user/.m2/repository/org/apache/kerby/kerb-common/1.0.1/kerb-common-1.0.1.jar:/home/user/.m2/repository/org/apache/kerby/kerb-crypto/1.0.1/kerb-crypto-1.0.1.jar:/home/user/.m2/repository/org/apache/kerby/kerb-util/1.0.1/kerb-util-1.0.1.jar:/home/user/.m2/repository/org/apache/kerby/token-provider/1.0.1/token-provider-1.0.1.jar:/home/user/.m2/repository/org/apache/kerby/kerb-admin/1.0.1/kerb-admin-1.0.1.jar:/home/user/.m2/repository/org/apache/kerby/kerb-server/1.0.1/kerb-server-1.0.1.jar:/home/user/.m2/repository/org/apache/kerby/kerb-identity/1.0.1/kerb-identity-1.0.1.jar:/home/user/.m2/repository/org/apache/kerby/kerby-xdr/1.0.1/kerby-xdr-1.0.1.jar:/home/user/.m2/repository/org/slf4j/slf4j-log4j12/1.7.25/slf4j-log4j12-1.7.25.jar:/home/user/.m2/repository/org/apache/hadoop/hadoop-ozone-objectstore-service/0.5.0-SNAPSHOT/hadoop-ozone-objectstore-service-0.5.0-SNAPSHOT.jar:/home/user/.m2/repository/org/apache/hadoop/hadoop-ozone-s3gateway/0.5.0-SNAPSHOT/hadoop-ozone-s3gateway-0.5.0-SNAPSHOT.jar:/home/user/.m2/repository/org/jboss/weld/servlet/weld-servlet/2.4.7.Final/weld-servlet-2.4.7.Final.jar:/home/user/.m2/repository/org/glassfish/jersey/containers/jersey-container-servlet-core/2.27/jersey-container-servlet-core-2.27.jar:/home/user/.m2/repository/org/glassfish/hk2/external/javax.inject/2.5.0-b42/javax.inject-2.5.0-b42.jar:/home/user/.m2/repository/org/glassfish/jersey/core/jersey-common/2.27/jersey-common-2.27.jar:/home/user/.m2/repository/org/glassfish/hk2/osgi-resource-locator/1.0.1/osgi-resource-locator-1.0.1.jar:/home/user/.m2/repository/javax/ws/rs/javax.ws.rs-api/2.1/javax.ws.rs-api-2.1.jar:/home/user/.m2/repository/org/glassfish/jersey/ext/cdi/jersey-cdi1x/2.27/jersey-cdi1x-2.27.jar:/home/user/.m2/repository/org/glassfish/jersey/inject/jersey-hk2/2.27/jersey-hk2-2.27.jar:/home/user/.m2/repository/org/glassfish/hk2/hk2-locator/2.5.0-b42/hk2-locator-2.5.0-b42.jar:/home/user/.m2/repository/org/javassist/javassist/3.22.0-CR2/javassist-3.22.0-CR2.jar:/home/user/.m2/repository/org/glassfish/hk2/hk2-api/2.5.0/hk2-api-2.5.0.jar:/home/user/.m2/repository/org/glassfish/hk2/external/jakarta.inject/2.5.0/jakarta.inject-2.5.0.jar:/home/user/.m2/repository/org/glassfish/hk2/hk2-utils/2.5.0/hk2-utils-2.5.0.jar:/home/user/.m2/repository/jakarta/annotation/jakarta.annotation-api/1.3.4/jakarta.annotation-api-1.3.4.jar:/home/user/.m2/repository/org/glassfish/hk2/external/aopalliance-repackaged/2.5.0/aopalliance-repackaged-2.5.0.jar:/home/user/.m2/repository/com/fasterxml/jackson/dataformat/jackson-dataformat-xml/2.9.0/jackson-dataformat-xml-2.9.0.jar:/home/user/.m2/repository/com/fasterxml/jackson/core/jackson-core/2.9.5/jackson-core-2.9.5.jar:/home/user/.m2/repository/com/fasterxml/jackson/module/jackson-module-jaxb-annotations/2.9.5/jackson-module-jaxb-annotations-2.9.5.jar:/home/user/.m2/repository/javax/enterprise/cdi-api/1.2/cdi-api-1.2.jar:/home/user/.m2/repository/javax/el/javax.el-api/3.0.0/javax.el-api-3.0.0.jar:/home/user/.m2/repository/javax/interceptor/javax.interceptor-api/1.2/javax.interceptor-api-1.2.jar:/home/user/.m2/repository/javax/inject/javax.inject/1/javax.inject-1.jar:/home/user/.m2/repository/com/sun/xml/bind/jaxb-impl/2.3.0.1/jaxb-impl-2.3.0.1.jar:/home/user/.m2/repository/com/sun/xml/bind/jaxb-core/2.3.0.1/jaxb-core-2.3.0.1.jar:/home/user/.m2/repository/javax/xml/bind/jaxb-api/2.3.0/jaxb-api-2.3.0.jar:/home/user/.m2/repository/javax/activation/activation/1.1.1/activation-1.1.1.jar:/home/user/.m2/repository/org/apache/hadoop/hadoop-ozone-csi/0.5.0-SNAPSHOT/hadoop-ozone-csi-0.5.0-SNAPSHOT.jar:/home/user/.m2/repository/com/google/protobuf/protobuf-java-util/3.5.1/protobuf-java-util-3.5.1.jar:/home/user/.m2/repository/org/apache/hadoop/hadoop-hdds-config/0.5.0-SNAPSHOT/hadoop-hdds-config-0.5.0-SNAPSHOT.jar:/home/user/.m2/repository/io/grpc/grpc-netty/1.17.1/grpc-netty-1.17.1.jar:/home/user/.m2/repository/io/grpc/grpc-core/1.17.1/grpc-core-1.17.1.jar:/home/user/.m2/repository/io/grpc/grpc-context/1.17.1/grpc-context-1.17.1.jar:/home/user/.m2/repository/com/google/errorprone/error_prone_annotations/2.2.0/error_prone_annotations-2.2.0.jar:/home/user/.m2/repository/org/codehaus/mojo/animal-sniffer-annotations/1.17/animal-sniffer-annotations-1.17.jar:/home/user/.m2/repository/io/opencensus/opencensus-api/0.17.0/opencensus-api-0.17.0.jar:/home/user/.m2/repository/io/opencensus/opencensus-contrib-grpc-metrics/0.17.0/opencensus-contrib-grpc-metrics-0.17.0.jar:/home/user/.m2/repository/io/netty/netty-codec-http2/4.1.30.Final/netty-codec-http2-4.1.30.Final.jar:/home/user/.m2/repository/io/netty/netty-codec-http/4.1.30.Final/netty-codec-http-4.1.30.Final.jar:/home/user/.m2/repository/io/netty/netty-codec/4.1.30.Final/netty-codec-4.1.30.Final.jar:/home/user/.m2/repository/io/netty/netty-handler/4.1.30.Final/netty-handler-4.1.30.Final.jar:/home/user/.m2/repository/io/netty/netty-handler-proxy/4.1.30.Final/netty-handler-proxy-4.1.30.Final.jar:/home/user/.m2/repository/io/netty/netty-codec-socks/4.1.30.Final/netty-codec-socks-4.1.30.Final.jar:/home/user/.m2/repository/io/netty/netty-transport-native-epoll/4.1.30.Final/netty-transport-native-epoll-4.1.30.Final.jar:/home/user/.m2/repository/io/netty/netty-common/4.1.30.Final/netty-common-4.1.30.Final.jar:/home/user/.m2/repository/io/netty/netty-buffer/4.1.30.Final/netty-buffer-4.1.30.Final.jar:/home/user/.m2/repository/io/netty/netty-transport/4.1.30.Final/netty-transport-4.1.30.Final.jar:/home/user/.m2/repository/io/netty/netty-resolver/4.1.30.Final/netty-resolver-4.1.30.Final.jar:/home/user/.m2/repository/io/netty/netty-transport-native-unix-common/4.1.30.Final/netty-transport-native-unix-common-4.1.30.Final.jar:/home/user/.m2/repository/io/grpc/grpc-protobuf/1.17.1/grpc-protobuf-1.17.1.jar:/home/user/.m2/repository/com/google/api/grpc/proto-google-common-protos/1.0.0/proto-google-common-protos-1.0.0.jar:/home/user/.m2/repository/io/grpc/grpc-protobuf-lite/1.17.1/grpc-protobuf-lite-1.17.1.jar:/home/user/.m2/repository/io/grpc/grpc-stub/1.17.1/grpc-stub-1.17.1.jar:/home/user/.m2/repository/org/apache/hadoop/hadoop-ozone-recon/0.5.0-SNAPSHOT/hadoop-ozone-recon-0.5.0-SNAPSHOT.jar:/home/user/.m2/repository/org/apache/hadoop/hadoop-ozone-reconcodegen/0.5.0-SNAPSHOT/hadoop-ozone-reconcodegen-0.5.0-SNAPSHOT.jar:/home/user/.m2/repository/com/google/inject/extensions/guice-multibindings/4.0/guice-multibindings-4.0.jar:/home/user/.m2/repository/com/google/inject/guice/4.0/guice-4.0.jar:/home/user/.m2/repository/aopalliance/aopalliance/1.0/aopalliance-1.0.jar:/home/user/.m2/repository/com/google/inject/extensions/guice-servlet/4.0/guice-servlet-4.0.jar:/home/user/.m2/repository/org/glassfish/jersey/containers/jersey-container-servlet/2.27/jersey-container-servlet-2.27.jar:/home/user/.m2/repository/org/glassfish/hk2/guice-bridge/2.5.0/guice-bridge-2.5.0.jar:/home/user/.m2/repository/org/glassfish/jersey/core/jersey-server/2.27/jersey-server-2.27.jar:/home/user/.m2/repository/org/glassfish/jersey/core/jersey-client/2.27/jersey-client-2.27.jar:/home/user/.m2/repository/org/glassfish/jersey/media/jersey-media-jaxb/2.27/jersey-media-jaxb-2.27.jar:/home/user/.m2/repository/javax/validation/validation-api/1.1.0.Final/validation-api-1.1.0.Final.jar:/home/user/.m2/repository/org/glassfish/jersey/media/jersey-media-json-jackson/2.27/jersey-media-json-jackson-2.27.jar:/home/user/.m2/repository/org/glassfish/jersey/ext/jersey-entity-filtering/2.27/jersey-entity-filtering-2.27.jar:/home/user/.m2/repository/com/google/inject/extensions/guice-assistedinject/4.0/guice-assistedinject-4.0.jar:/home/user/.m2/repository/org/jooq/jooq/3.11.10/jooq-3.11.10.jar:/home/user/.m2/repository/org/jooq/jooq-meta/3.11.10/jooq-meta-3.11.10.jar:/home/user/.m2/repository/org/jooq/jooq-codegen/3.11.10/jooq-codegen-3.11.10.jar:/home/user/.m2/repository/com/jolbox/bonecp/0.8.0.RELEASE/bonecp-0.8.0.RELEASE.jar:/home/user/.m2/repository/org/xerial/sqlite-jdbc/3.25.2/sqlite-jdbc-3.25.2.jar:/home/user/.m2/repository/org/springframework/spring-jdbc/5.1.3.RELEASE/spring-jdbc-5.1.3.RELEASE.jar:/home/user/.m2/repository/org/springframework/spring-beans/5.1.3.RELEASE/spring-beans-5.1.3.RELEASE.jar:/home/user/.m2/repository/org/springframework/spring-core/5.1.3.RELEASE/spring-core-5.1.3.RELEASE.jar:/home/user/.m2/repository/org/springframework/spring-jcl/5.1.3.RELEASE/spring-jcl-5.1.3.RELEASE.jar:/home/user/.m2/repository/org/springframework/spring-tx/5.1.3.RELEASE/spring-tx-5.1.3.RELEASE.jar:/home/user/.m2/repository/org/apache/hadoop/hadoop-ozone-client/0.5.0-SNAPSHOT/hadoop-ozone-client-0.5.0-SNAPSHOT.jar:/home/user/.m2/repository/commons-lang/commons-lang/2.6/commons-lang-2.6.jar:/home/user/.m2/repository/org/apache/hadoop/hadoop-ozone-ozone-manager/0.5.0-SNAPSHOT/hadoop-ozone-ozone-manager-0.5.0-SNAPSHOT-tests.jar:/home/user/.m2/repository/junit/junit/4.11/junit-4.11.jar:/home/user/.m2/repository/org/hamcrest/hamcrest-core/1.3/hamcrest-core-1.3.jar:/home/user/.m2/repository/org/openjdk/jmh/jmh-core/1.19/jmh-core-1.19.jar:/home/user/.m2/repository/net/sf/jopt-simple/jopt-simple/4.6/jopt-simple-4.6.jar:/home/user/.m2/repository/org/apache/commons/commons-math3/3.1.1/commons-math3-3.1.1.jar:/home/user/.m2/repository/org/openjdk/jmh/jmh-generator-annprocess/1.19/jmh-generator-annprocess-1.19.jar:/home/user/.m2/repository/org/mockito/mockito-all/1.8.5/mockito-all-1.8.5.jar:/home/user/.m2/repository/org/apache/hadoop/hadoop-kms/3.2.0/hadoop-kms-3.2.0.jar:/home/user/.m2/repository/org/apache/hadoop/hadoop-auth/3.2.0/hadoop-auth-3.2.0.jar:/home/user/.m2/repository/com/nimbusds/nimbus-jose-jwt/4.41.1/nimbus-jose-jwt-4.41.1.jar:/home/user/.m2/repository/com/github/stephenc/jcip/jcip-annotations/1.0-1/jcip-annotations-1.0-1.jar:/home/user/.m2/repository/net/minidev/json-smart/2.3/json-smart-2.3.jar:/home/user/.m2/repository/net/minidev/accessors-smart/1.2/accessors-smart-1.2.jar:/home/user/.m2/repository/org/ow2/asm/asm/5.0.4/asm-5.0.4.jar:/home/user/.m2/repository/org/apache/curator/curator-framework/2.12.0/curator-framework-2.12.0.jar:/home/user/.m2/repository/com/sun/jersey/jersey-core/1.19/jersey-core-1.19.jar:/home/user/.m2/repository/javax/ws/rs/jsr311-api/1.1.1/jsr311-api-1.1.1.jar:/home/user/.m2/repository/com/sun/jersey/jersey-server/1.19/jersey-server-1.19.jar:/home/user/.m2/repository/javax/servlet/javax.servlet-api/3.1.0/javax.servlet-api-3.1.0.jar:/home/user/.m2/repository/org/eclipse/jetty/jetty-server/9.3.24.v20180605/jetty-server-9.3.24.v20180605.jar:/home/user/.m2/repository/org/eclipse/jetty/jetty-http/9.3.24.v20180605/jetty-http-9.3.24.v20180605.jar:/home/user/.m2/repository/org/eclipse/jetty/jetty-io/9.3.24.v20180605/jetty-io-9.3.24.v20180605.jar:/home/user/.m2/repository/org/eclipse/jetty/jetty-webapp/9.3.24.v20180605/jetty-webapp-9.3.24.v20180605.jar:/home/user/.m2/repository/org/eclipse/jetty/jetty-xml/9.3.24.v20180605/jetty-xml-9.3.24.v20180605.jar:/home/user/.m2/repository/log4j/log4j/1.2.17/log4j-1.2.17.jar:/home/user/.m2/repository/org/slf4j/slf4j-api/1.7.25/slf4j-api-1.7.25.jar:/home/user/.m2/repository/org/slf4j/jul-to-slf4j/1.7.25/jul-to-slf4j-1.7.25.jar:/home/user/.m2/repository/org/eclipse/jetty/jetty-util/9.3.24.v20180605/jetty-util-9.3.24.v20180605.jar:/home/user/.m2/repository/com/fasterxml/jackson/core/jackson-databind/2.9.5/jackson-databind-2.9.5.jar:/home/user/.m2/repository/org/apache/hadoop/hadoop-kms/3.2.0/hadoop-kms-3.2.0-tests.jar:/home/user/.m2/repository/org/apache/hadoop/hadoop-hdds-server-scm/0.5.0-SNAPSHOT/hadoop-hdds-server-scm-0.5.0-SNAPSHOT-tests.jar:/home/user/.m2/repository/org/apache/hadoop/hadoop-hdds-container-service/0.5.0-SNAPSHOT/hadoop-hdds-container-service-0.5.0-SNAPSHOT-tests.jar:/home/user/.m2/repository/org/yaml/snakeyaml/1.16/snakeyaml-1.16.jar:/home/user/.m2/repository/org/apache/hadoop/hadoop-common/3.2.0/hadoop-common-3.2.0-tests.jar:/home/user/.m2/repository/org/apache/hadoop/hadoop-annotations/3.2.0/hadoop-annotations-3.2.0.jar:/usr/lib/jvm/java-1.8-openjdk/jre/../lib/tools.jar:/home/user/.m2/repository/commons-cli/commons-cli/1.2/commons-cli-1.2.jar:/home/user/.m2/repository/org/apache/httpcomponents/httpclient/4.5.2/httpclient-4.5.2.jar:/home/user/.m2/repository/org/apache/httpcomponents/httpcore/4.4.4/httpcore-4.4.4.jar:/home/user/.m2/repository/commons-codec/commons-codec/1.11/commons-codec-1.11.jar:/home/user/.m2/repository/commons-net/commons-net/3.6/commons-net-3.6.jar:/home/user/.m2/repository/commons-collections/commons-collections/3.2.2/commons-collections-3.2.2.jar:/home/user/.m2/repository/org/eclipse/jetty/jetty-servlet/9.3.24.v20180605/jetty-servlet-9.3.24.v20180605.jar:/home/user/.m2/repository/org/eclipse/jetty/jetty-security/9.3.24.v20180605/jetty-security-9.3.24.v20180605.jar:/home/user/.m2/repository/javax/servlet/jsp/jsp-api/2.1/jsp-api-2.1.jar:/home/user/.m2/repository/com/sun/jersey/jersey-servlet/1.19/jersey-servlet-1.19.jar:/home/user/.m2/repository/com/sun/jersey/jersey-json/1.19/jersey-json-1.19.jar:/home/user/.m2/repository/org/codehaus/jettison/jettison/1.1/jettison-1.1.jar:/home/user/.m2/repository/org/codehaus/jackson/jackson-core-asl/1.9.13/jackson-core-asl-1.9.13.jar:/home/user/.m2/repository/org/codehaus/jackson/jackson-mapper-asl/1.9.13/jackson-mapper-asl-1.9.13.jar:/home/user/.m2/repository/org/codehaus/jackson/jackson-jaxrs/1.9.13/jackson-jaxrs-1.9.13.jar:/home/user/.m2/repository/org/codehaus/jackson/jackson-xc/1.9.13/jackson-xc-1.9.13.jar:/home/user/.m2/repository/commons-logging/commons-logging/1.1.3/commons-logging-1.1.3.jar:/home/user/.m2/repository/commons-beanutils/commons-beanutils/1.9.3/commons-beanutils-1.9.3.jar:/home/user/.m2/repository/org/apache/commons/commons-configuration2/2.1.1/commons-configuration2-2.1.1.jar:/home/user/.m2/repository/org/apache/commons/commons-lang3/3.7/commons-lang3-3.7.jar:/home/user/.m2/repository/org/apache/commons/commons-text/1.4/commons-text-1.4.jar:/home/user/.m2/repository/org/apache/avro/avro/1.7.7/avro-1.7.7.jar:/home/user/.m2/repository/com/thoughtworks/paranamer/paranamer/2.3/paranamer-2.3.jar:/home/user/.m2/repository/org/xerial/snappy/snappy-java/1.0.5/snappy-java-1.0.5.jar:/home/user/.m2/repository/com/google/re2j/re2j/1.1/re2j-1.1.jar:/home/user/.m2/repository/com/google/code/gson/gson/2.2.4/gson-2.2.4.jar:/home/user/.m2/repository/com/jcraft/jsch/0.1.54/jsch-0.1.54.jar:/home/user/.m2/repository/org/apache/curator/curator-client/2.12.0/curator-client-2.12.0.jar:/home/user/.m2/repository/org/apache/curator/curator-recipes/2.12.0/curator-recipes-2.12.0.jar:/home/user/.m2/repository/com/google/code/findbugs/jsr305/3.0.0/jsr305-3.0.0.jar:/home/user/.m2/repository/org/apache/htrace/htrace-core4/4.1.0-incubating/htrace-core4-4.1.0-incubating.jar:/home/user/.m2/repository/org/apache/zookeeper/zookeeper/3.4.13/zookeeper-3.4.13.jar:/home/user/.m2/repository/org/apache/yetus/audience-annotations/0.5.0/audience-annotations-0.5.0.jar:/home/user/.m2/repository/org/codehaus/woodstox/stax2-api/3.1.4/stax2-api-3.1.4.jar:/home/user/.m2/repository/com/fasterxml/woodstox/woodstox-core/5.0.3/woodstox-core-5.0.3.jar:/home/user/.m2/repository/dnsjava/dnsjava/2.1.7/dnsjava-2.1.7.jar:/home/user/.m2/repository/org/apache/hadoop/hadoop-hdfs/3.2.0/hadoop-hdfs-3.2.0-tests.jar:/home/user/.m2/repository/org/eclipse/jetty/jetty-util-ajax/9.3.24.v20180605/jetty-util-ajax-9.3.24.v20180605.jar:/home/user/.m2/repository/commons-daemon/commons-daemon/1.0.13/commons-daemon-1.0.13.jar:/home/user/.m2/repository/io/netty/netty/3.10.5.Final/netty-3.10.5.Final.jar:/home/user/.m2/repository/io/netty/netty-all/4.0.52.Final/netty-all-4.0.52.Final.jar:/home/user/.m2/repository/org/fusesource/leveldbjni/leveldbjni-all/1.8/leveldbjni-all-1.8.jar:"/>
    <property name="java.vm.vendor" value="IcedTea"/>
    <property name="sun.arch.data.model" value="64"/>
    <property name="test.build.dir" value="/workdir/hadoop-ozone/integration-test/target/test-dir"/>
    <property name="test.cache.data" value=""/>
    <property name="java.vendor.url" value="https://icedtea.classpath.org"/>
    <property name="user.timezone" value=""/>
    <property name="java.vm.specification.version" value="1.8"/>
    <property name="os.name" value="Linux"/>
    <property name="test.build.data" value="/workdir/hadoop-ozone/integration-test/target/test-dir"/>
    <property name="user.country" value="US"/>
    <property name="sun.java.launcher" value="SUN_STANDARD"/>
    <property name="sun.boot.library.path" value="/usr/lib/jvm/java-1.8-openjdk/jre/lib/amd64"/>
    <property name="sun.java.command" value="/workdir/hadoop-ozone/integration-test/target/surefire/surefirebooter3887745306073361045.jar /workdir/hadoop-ozone/integration-test/target/surefire 2019-08-23T17-09-40_225-jvmRun1 surefire2725832744936248872tmp surefire_205571320186377590010tmp"/>
    <property name="test" value="!TestMiniChaosOzoneCluster"/>
    <property name="surefire.test.class.path" value="/workdir/hadoop-ozone/integration-test/target/test-classes:/workdir/hadoop-ozone/integration-test/target/classes:/home/user/.m2/repository/org/apache/hadoop/hadoop-ozone-common/0.5.0-SNAPSHOT/hadoop-ozone-common-0.5.0-SNAPSHOT.jar:/home/user/.m2/repository/org/apache/commons/commons-compress/1.4.1/commons-compress-1.4.1.jar:/home/user/.m2/repository/org/tukaani/xz/1.0/xz-1.0.jar:/home/user/.m2/repository/org/apache/hadoop/hadoop-common/3.2.0/hadoop-common-3.2.0.jar:/home/user/.m2/repository/org/apache/hadoop/hadoop-hdfs/3.2.0/hadoop-hdfs-3.2.0.jar:/home/user/.m2/repository/org/apache/hadoop/hadoop-hdfs-client/3.2.0/hadoop-hdfs-client-3.2.0.jar:/home/user/.m2/repository/com/fasterxml/jackson/core/jackson-annotations/2.9.5/jackson-annotations-2.9.5.jar:/home/user/.m2/repository/org/apache/hadoop/hadoop-hdds-common/0.5.0-SNAPSHOT/hadoop-hdds-common-0.5.0-SNAPSHOT.jar:/home/user/.m2/repository/javax/annotation/javax.annotation-api/1.2/javax.annotation-api-1.2.jar:/home/user/.m2/repository/org/apache/ratis/ratis-server/0.4.0-2337318-SNAPSHOT/ratis-server-0.4.0-2337318-SNAPSHOT.jar:/home/user/.m2/repository/org/apache/ratis/ratis-thirdparty-misc/0.2.0/ratis-thirdparty-misc-0.2.0.jar:/home/user/.m2/repository/org/apache/ratis/ratis-proto/0.4.0-2337318-SNAPSHOT/ratis-proto-0.4.0-2337318-SNAPSHOT.jar:/home/user/.m2/repository/org/apache/ratis/ratis-common/0.4.0-2337318-SNAPSHOT/ratis-common-0.4.0-2337318-SNAPSHOT.jar:/home/user/.m2/repository/org/apache/ratis/ratis-client/0.4.0-2337318-SNAPSHOT/ratis-client-0.4.0-2337318-SNAPSHOT.jar:/home/user/.m2/repository/org/apache/ratis/ratis-metrics/0.4.0-2337318-SNAPSHOT/ratis-metrics-0.4.0-2337318-SNAPSHOT.jar:/home/user/.m2/repository/org/apache/ratis/ratis-netty/0.4.0-2337318-SNAPSHOT/ratis-netty-0.4.0-2337318-SNAPSHOT.jar:/home/user/.m2/repository/org/apache/ratis/ratis-grpc/0.4.0-2337318-SNAPSHOT/ratis-grpc-0.4.0-2337318-SNAPSHOT.jar:/home/user/.m2/repository/org/rocksdb/rocksdbjni/6.0.1/rocksdbjni-6.0.1.jar:/home/user/.m2/repository/org/apache/logging/log4j/log4j-api/2.11.0/log4j-api-2.11.0.jar:/home/user/.m2/repository/org/apache/logging/log4j/log4j-core/2.11.0/log4j-core-2.11.0.jar:/home/user/.m2/repository/com/lmax/disruptor/3.4.2/disruptor-3.4.2.jar:/home/user/.m2/repository/org/apache/commons/commons-pool2/2.6.0/commons-pool2-2.6.0.jar:/home/user/.m2/repository/org/bouncycastle/bcpkix-jdk15on/1.60/bcpkix-jdk15on-1.60.jar:/home/user/.m2/repository/commons-validator/commons-validator/1.6/commons-validator-1.6.jar:/home/user/.m2/repository/commons-digester/commons-digester/1.8.1/commons-digester-1.8.1.jar:/home/user/.m2/repository/io/jaegertracing/jaeger-client/0.33.1/jaeger-client-0.33.1.jar:/home/user/.m2/repository/io/jaegertracing/jaeger-thrift/0.33.1/jaeger-thrift-0.33.1.jar:/home/user/.m2/repository/org/apache/thrift/libthrift/0.11.0/libthrift-0.11.0.jar:/home/user/.m2/repository/com/squareup/okhttp3/okhttp/3.9.0/okhttp-3.9.0.jar:/home/user/.m2/repository/com/squareup/okio/okio/1.13.0/okio-1.13.0.jar:/home/user/.m2/repository/io/jaegertracing/jaeger-core/0.33.1/jaeger-core-0.33.1.jar:/home/user/.m2/repository/io/jaegertracing/jaeger-tracerresolver/0.33.1/jaeger-tracerresolver-0.33.1.jar:/home/user/.m2/repository/io/opentracing/contrib/opentracing-tracerresolver/0.1.5/opentracing-tracerresolver-0.1.5.jar:/home/user/.m2/repository/io/opentracing/opentracing-util/0.31.0/opentracing-util-0.31.0.jar:/home/user/.m2/repository/io/opentracing/opentracing-api/0.31.0/opentracing-api-0.31.0.jar:/home/user/.m2/repository/io/opentracing/opentracing-noop/0.31.0/opentracing-noop-0.31.0.jar:/home/user/.m2/repository/org/apache/hadoop/hadoop-hdds-server-framework/0.5.0-SNAPSHOT/hadoop-hdds-server-framework-0.5.0-SNAPSHOT.jar:/home/user/.m2/repository/org/apache/hadoop/hadoop-hdds-container-service/0.5.0-SNAPSHOT/hadoop-hdds-container-service-0.5.0-SNAPSHOT.jar:/home/user/.m2/repository/org/apache/hadoop/hadoop-hdds-client/0.5.0-SNAPSHOT/hadoop-hdds-client-0.5.0-SNAPSHOT.jar:/home/user/.m2/repository/org/apache/hadoop/hadoop-hdds-tools/0.5.0-SNAPSHOT/hadoop-hdds-tools-0.5.0-SNAPSHOT.jar:/home/user/.m2/repository/org/apache/hadoop/hadoop-hdds-server-scm/0.5.0-SNAPSHOT/hadoop-hdds-server-scm-0.5.0-SNAPSHOT.jar:/home/user/.m2/repository/org/apache/hadoop/hadoop-hdds-docs/0.5.0-SNAPSHOT/hadoop-hdds-docs-0.5.0-SNAPSHOT.jar:/home/user/.m2/repository/io/dropwizard/metrics/metrics-core/3.2.4/metrics-core-3.2.4.jar:/home/user/.m2/repository/org/hamcrest/hamcrest-all/1.3/hamcrest-all-1.3.jar:/home/user/.m2/repository/org/bouncycastle/bcprov-jdk15on/1.60/bcprov-jdk15on-1.60.jar:/home/user/.m2/repository/info/picocli/picocli/3.9.6/picocli-3.9.6.jar:/home/user/.m2/repository/com/google/protobuf/protobuf-java/2.5.0/protobuf-java-2.5.0.jar:/home/user/.m2/repository/com/google/guava/guava/11.0.2/guava-11.0.2.jar:/home/user/.m2/repository/org/apache/hadoop/hadoop-ozone-ozone-manager/0.5.0-SNAPSHOT/hadoop-ozone-ozone-manager-0.5.0-SNAPSHOT.jar:/home/user/.m2/repository/org/apache/hadoop/hadoop-minikdc/3.2.0/hadoop-minikdc-3.2.0.jar:/home/user/.m2/repository/commons-io/commons-io/2.5/commons-io-2.5.jar:/home/user/.m2/repository/org/apache/kerby/kerb-simplekdc/1.0.1/kerb-simplekdc-1.0.1.jar:/home/user/.m2/repository/org/apache/kerby/kerb-client/1.0.1/kerb-client-1.0.1.jar:/home/user/.m2/repository/org/apache/kerby/kerby-config/1.0.1/kerby-config-1.0.1.jar:/home/user/.m2/repository/org/apache/kerby/kerb-core/1.0.1/kerb-core-1.0.1.jar:/home/user/.m2/repository/org/apache/kerby/kerby-pkix/1.0.1/kerby-pkix-1.0.1.jar:/home/user/.m2/repository/org/apache/kerby/kerby-asn1/1.0.1/kerby-asn1-1.0.1.jar:/home/user/.m2/repository/org/apache/kerby/kerby-util/1.0.1/kerby-util-1.0.1.jar:/home/user/.m2/repository/org/apache/kerby/kerb-common/1.0.1/kerb-common-1.0.1.jar:/home/user/.m2/repository/org/apache/kerby/kerb-crypto/1.0.1/kerb-crypto-1.0.1.jar:/home/user/.m2/repository/org/apache/kerby/kerb-util/1.0.1/kerb-util-1.0.1.jar:/home/user/.m2/repository/org/apache/kerby/token-provider/1.0.1/token-provider-1.0.1.jar:/home/user/.m2/repository/org/apache/kerby/kerb-admin/1.0.1/kerb-admin-1.0.1.jar:/home/user/.m2/repository/org/apache/kerby/kerb-server/1.0.1/kerb-server-1.0.1.jar:/home/user/.m2/repository/org/apache/kerby/kerb-identity/1.0.1/kerb-identity-1.0.1.jar:/home/user/.m2/repository/org/apache/kerby/kerby-xdr/1.0.1/kerby-xdr-1.0.1.jar:/home/user/.m2/repository/org/slf4j/slf4j-log4j12/1.7.25/slf4j-log4j12-1.7.25.jar:/home/user/.m2/repository/org/apache/hadoop/hadoop-ozone-objectstore-service/0.5.0-SNAPSHOT/hadoop-ozone-objectstore-service-0.5.0-SNAPSHOT.jar:/home/user/.m2/repository/org/apache/hadoop/hadoop-ozone-s3gateway/0.5.0-SNAPSHOT/hadoop-ozone-s3gateway-0.5.0-SNAPSHOT.jar:/home/user/.m2/repository/org/jboss/weld/servlet/weld-servlet/2.4.7.Final/weld-servlet-2.4.7.Final.jar:/home/user/.m2/repository/org/glassfish/jersey/containers/jersey-container-servlet-core/2.27/jersey-container-servlet-core-2.27.jar:/home/user/.m2/repository/org/glassfish/hk2/external/javax.inject/2.5.0-b42/javax.inject-2.5.0-b42.jar:/home/user/.m2/repository/org/glassfish/jersey/core/jersey-common/2.27/jersey-common-2.27.jar:/home/user/.m2/repository/org/glassfish/hk2/osgi-resource-locator/1.0.1/osgi-resource-locator-1.0.1.jar:/home/user/.m2/repository/javax/ws/rs/javax.ws.rs-api/2.1/javax.ws.rs-api-2.1.jar:/home/user/.m2/repository/org/glassfish/jersey/ext/cdi/jersey-cdi1x/2.27/jersey-cdi1x-2.27.jar:/home/user/.m2/repository/org/glassfish/jersey/inject/jersey-hk2/2.27/jersey-hk2-2.27.jar:/home/user/.m2/repository/org/glassfish/hk2/hk2-locator/2.5.0-b42/hk2-locator-2.5.0-b42.jar:/home/user/.m2/repository/org/javassist/javassist/3.22.0-CR2/javassist-3.22.0-CR2.jar:/home/user/.m2/repository/org/glassfish/hk2/hk2-api/2.5.0/hk2-api-2.5.0.jar:/home/user/.m2/repository/org/glassfish/hk2/external/jakarta.inject/2.5.0/jakarta.inject-2.5.0.jar:/home/user/.m2/repository/org/glassfish/hk2/hk2-utils/2.5.0/hk2-utils-2.5.0.jar:/home/user/.m2/repository/jakarta/annotation/jakarta.annotation-api/1.3.4/jakarta.annotation-api-1.3.4.jar:/home/user/.m2/repository/org/glassfish/hk2/external/aopalliance-repackaged/2.5.0/aopalliance-repackaged-2.5.0.jar:/home/user/.m2/repository/com/fasterxml/jackson/dataformat/jackson-dataformat-xml/2.9.0/jackson-dataformat-xml-2.9.0.jar:/home/user/.m2/repository/com/fasterxml/jackson/core/jackson-core/2.9.5/jackson-core-2.9.5.jar:/home/user/.m2/repository/com/fasterxml/jackson/module/jackson-module-jaxb-annotations/2.9.5/jackson-module-jaxb-annotations-2.9.5.jar:/home/user/.m2/repository/javax/enterprise/cdi-api/1.2/cdi-api-1.2.jar:/home/user/.m2/repository/javax/el/javax.el-api/3.0.0/javax.el-api-3.0.0.jar:/home/user/.m2/repository/javax/interceptor/javax.interceptor-api/1.2/javax.interceptor-api-1.2.jar:/home/user/.m2/repository/javax/inject/javax.inject/1/javax.inject-1.jar:/home/user/.m2/repository/com/sun/xml/bind/jaxb-impl/2.3.0.1/jaxb-impl-2.3.0.1.jar:/home/user/.m2/repository/com/sun/xml/bind/jaxb-core/2.3.0.1/jaxb-core-2.3.0.1.jar:/home/user/.m2/repository/javax/xml/bind/jaxb-api/2.3.0/jaxb-api-2.3.0.jar:/home/user/.m2/repository/javax/activation/activation/1.1.1/activation-1.1.1.jar:/home/user/.m2/repository/org/apache/hadoop/hadoop-ozone-csi/0.5.0-SNAPSHOT/hadoop-ozone-csi-0.5.0-SNAPSHOT.jar:/home/user/.m2/repository/com/google/protobuf/protobuf-java-util/3.5.1/protobuf-java-util-3.5.1.jar:/home/user/.m2/repository/org/apache/hadoop/hadoop-hdds-config/0.5.0-SNAPSHOT/hadoop-hdds-config-0.5.0-SNAPSHOT.jar:/home/user/.m2/repository/io/grpc/grpc-netty/1.17.1/grpc-netty-1.17.1.jar:/home/user/.m2/repository/io/grpc/grpc-core/1.17.1/grpc-core-1.17.1.jar:/home/user/.m2/repository/io/grpc/grpc-context/1.17.1/grpc-context-1.17.1.jar:/home/user/.m2/repository/com/google/errorprone/error_prone_annotations/2.2.0/error_prone_annotations-2.2.0.jar:/home/user/.m2/repository/org/codehaus/mojo/animal-sniffer-annotations/1.17/animal-sniffer-annotations-1.17.jar:/home/user/.m2/repository/io/opencensus/opencensus-api/0.17.0/opencensus-api-0.17.0.jar:/home/user/.m2/repository/io/opencensus/opencensus-contrib-grpc-metrics/0.17.0/opencensus-contrib-grpc-metrics-0.17.0.jar:/home/user/.m2/repository/io/netty/netty-codec-http2/4.1.30.Final/netty-codec-http2-4.1.30.Final.jar:/home/user/.m2/repository/io/netty/netty-codec-http/4.1.30.Final/netty-codec-http-4.1.30.Final.jar:/home/user/.m2/repository/io/netty/netty-codec/4.1.30.Final/netty-codec-4.1.30.Final.jar:/home/user/.m2/repository/io/netty/netty-handler/4.1.30.Final/netty-handler-4.1.30.Final.jar:/home/user/.m2/repository/io/netty/netty-handler-proxy/4.1.30.Final/netty-handler-proxy-4.1.30.Final.jar:/home/user/.m2/repository/io/netty/netty-codec-socks/4.1.30.Final/netty-codec-socks-4.1.30.Final.jar:/home/user/.m2/repository/io/netty/netty-transport-native-epoll/4.1.30.Final/netty-transport-native-epoll-4.1.30.Final.jar:/home/user/.m2/repository/io/netty/netty-common/4.1.30.Final/netty-common-4.1.30.Final.jar:/home/user/.m2/repository/io/netty/netty-buffer/4.1.30.Final/netty-buffer-4.1.30.Final.jar:/home/user/.m2/repository/io/netty/netty-transport/4.1.30.Final/netty-transport-4.1.30.Final.jar:/home/user/.m2/repository/io/netty/netty-resolver/4.1.30.Final/netty-resolver-4.1.30.Final.jar:/home/user/.m2/repository/io/netty/netty-transport-native-unix-common/4.1.30.Final/netty-transport-native-unix-common-4.1.30.Final.jar:/home/user/.m2/repository/io/grpc/grpc-protobuf/1.17.1/grpc-protobuf-1.17.1.jar:/home/user/.m2/repository/com/google/api/grpc/proto-google-common-protos/1.0.0/proto-google-common-protos-1.0.0.jar:/home/user/.m2/repository/io/grpc/grpc-protobuf-lite/1.17.1/grpc-protobuf-lite-1.17.1.jar:/home/user/.m2/repository/io/grpc/grpc-stub/1.17.1/grpc-stub-1.17.1.jar:/home/user/.m2/repository/org/apache/hadoop/hadoop-ozone-recon/0.5.0-SNAPSHOT/hadoop-ozone-recon-0.5.0-SNAPSHOT.jar:/home/user/.m2/repository/org/apache/hadoop/hadoop-ozone-reconcodegen/0.5.0-SNAPSHOT/hadoop-ozone-reconcodegen-0.5.0-SNAPSHOT.jar:/home/user/.m2/repository/com/google/inject/extensions/guice-multibindings/4.0/guice-multibindings-4.0.jar:/home/user/.m2/repository/com/google/inject/guice/4.0/guice-4.0.jar:/home/user/.m2/repository/aopalliance/aopalliance/1.0/aopalliance-1.0.jar:/home/user/.m2/repository/com/google/inject/extensions/guice-servlet/4.0/guice-servlet-4.0.jar:/home/user/.m2/repository/org/glassfish/jersey/containers/jersey-container-servlet/2.27/jersey-container-servlet-2.27.jar:/home/user/.m2/repository/org/glassfish/hk2/guice-bridge/2.5.0/guice-bridge-2.5.0.jar:/home/user/.m2/repository/org/glassfish/jersey/core/jersey-server/2.27/jersey-server-2.27.jar:/home/user/.m2/repository/org/glassfish/jersey/core/jersey-client/2.27/jersey-client-2.27.jar:/home/user/.m2/repository/org/glassfish/jersey/media/jersey-media-jaxb/2.27/jersey-media-jaxb-2.27.jar:/home/user/.m2/repository/javax/validation/validation-api/1.1.0.Final/validation-api-1.1.0.Final.jar:/home/user/.m2/repository/org/glassfish/jersey/media/jersey-media-json-jackson/2.27/jersey-media-json-jackson-2.27.jar:/home/user/.m2/repository/org/glassfish/jersey/ext/jersey-entity-filtering/2.27/jersey-entity-filtering-2.27.jar:/home/user/.m2/repository/com/google/inject/extensions/guice-assistedinject/4.0/guice-assistedinject-4.0.jar:/home/user/.m2/repository/org/jooq/jooq/3.11.10/jooq-3.11.10.jar:/home/user/.m2/repository/org/jooq/jooq-meta/3.11.10/jooq-meta-3.11.10.jar:/home/user/.m2/repository/org/jooq/jooq-codegen/3.11.10/jooq-codegen-3.11.10.jar:/home/user/.m2/repository/com/jolbox/bonecp/0.8.0.RELEASE/bonecp-0.8.0.RELEASE.jar:/home/user/.m2/repository/org/xerial/sqlite-jdbc/3.25.2/sqlite-jdbc-3.25.2.jar:/home/user/.m2/repository/org/springframework/spring-jdbc/5.1.3.RELEASE/spring-jdbc-5.1.3.RELEASE.jar:/home/user/.m2/repository/org/springframework/spring-beans/5.1.3.RELEASE/spring-beans-5.1.3.RELEASE.jar:/home/user/.m2/repository/org/springframework/spring-core/5.1.3.RELEASE/spring-core-5.1.3.RELEASE.jar:/home/user/.m2/repository/org/springframework/spring-jcl/5.1.3.RELEASE/spring-jcl-5.1.3.RELEASE.jar:/home/user/.m2/repository/org/springframework/spring-tx/5.1.3.RELEASE/spring-tx-5.1.3.RELEASE.jar:/home/user/.m2/repository/org/apache/hadoop/hadoop-ozone-client/0.5.0-SNAPSHOT/hadoop-ozone-client-0.5.0-SNAPSHOT.jar:/home/user/.m2/repository/commons-lang/commons-lang/2.6/commons-lang-2.6.jar:/home/user/.m2/repository/org/apache/hadoop/hadoop-ozone-ozone-manager/0.5.0-SNAPSHOT/hadoop-ozone-ozone-manager-0.5.0-SNAPSHOT-tests.jar:/home/user/.m2/repository/junit/junit/4.11/junit-4.11.jar:/home/user/.m2/repository/org/hamcrest/hamcrest-core/1.3/hamcrest-core-1.3.jar:/home/user/.m2/repository/org/openjdk/jmh/jmh-core/1.19/jmh-core-1.19.jar:/home/user/.m2/repository/net/sf/jopt-simple/jopt-simple/4.6/jopt-simple-4.6.jar:/home/user/.m2/repository/org/apache/commons/commons-math3/3.1.1/commons-math3-3.1.1.jar:/home/user/.m2/repository/org/openjdk/jmh/jmh-generator-annprocess/1.19/jmh-generator-annprocess-1.19.jar:/home/user/.m2/repository/org/mockito/mockito-all/1.8.5/mockito-all-1.8.5.jar:/home/user/.m2/repository/org/apache/hadoop/hadoop-kms/3.2.0/hadoop-kms-3.2.0.jar:/home/user/.m2/repository/org/apache/hadoop/hadoop-auth/3.2.0/hadoop-auth-3.2.0.jar:/home/user/.m2/repository/com/nimbusds/nimbus-jose-jwt/4.41.1/nimbus-jose-jwt-4.41.1.jar:/home/user/.m2/repository/com/github/stephenc/jcip/jcip-annotations/1.0-1/jcip-annotations-1.0-1.jar:/home/user/.m2/repository/net/minidev/json-smart/2.3/json-smart-2.3.jar:/home/user/.m2/repository/net/minidev/accessors-smart/1.2/accessors-smart-1.2.jar:/home/user/.m2/repository/org/ow2/asm/asm/5.0.4/asm-5.0.4.jar:/home/user/.m2/repository/org/apache/curator/curator-framework/2.12.0/curator-framework-2.12.0.jar:/home/user/.m2/repository/com/sun/jersey/jersey-core/1.19/jersey-core-1.19.jar:/home/user/.m2/repository/javax/ws/rs/jsr311-api/1.1.1/jsr311-api-1.1.1.jar:/home/user/.m2/repository/com/sun/jersey/jersey-server/1.19/jersey-server-1.19.jar:/home/user/.m2/repository/javax/servlet/javax.servlet-api/3.1.0/javax.servlet-api-3.1.0.jar:/home/user/.m2/repository/org/eclipse/jetty/jetty-server/9.3.24.v20180605/jetty-server-9.3.24.v20180605.jar:/home/user/.m2/repository/org/eclipse/jetty/jetty-http/9.3.24.v20180605/jetty-http-9.3.24.v20180605.jar:/home/user/.m2/repository/org/eclipse/jetty/jetty-io/9.3.24.v20180605/jetty-io-9.3.24.v20180605.jar:/home/user/.m2/repository/org/eclipse/jetty/jetty-webapp/9.3.24.v20180605/jetty-webapp-9.3.24.v20180605.jar:/home/user/.m2/repository/org/eclipse/jetty/jetty-xml/9.3.24.v20180605/jetty-xml-9.3.24.v20180605.jar:/home/user/.m2/repository/log4j/log4j/1.2.17/log4j-1.2.17.jar:/home/user/.m2/repository/org/slf4j/slf4j-api/1.7.25/slf4j-api-1.7.25.jar:/home/user/.m2/repository/org/slf4j/jul-to-slf4j/1.7.25/jul-to-slf4j-1.7.25.jar:/home/user/.m2/repository/org/eclipse/jetty/jetty-util/9.3.24.v20180605/jetty-util-9.3.24.v20180605.jar:/home/user/.m2/repository/com/fasterxml/jackson/core/jackson-databind/2.9.5/jackson-databind-2.9.5.jar:/home/user/.m2/repository/org/apache/hadoop/hadoop-kms/3.2.0/hadoop-kms-3.2.0-tests.jar:/home/user/.m2/repository/org/apache/hadoop/hadoop-hdds-server-scm/0.5.0-SNAPSHOT/hadoop-hdds-server-scm-0.5.0-SNAPSHOT-tests.jar:/home/user/.m2/repository/org/apache/hadoop/hadoop-hdds-container-service/0.5.0-SNAPSHOT/hadoop-hdds-container-service-0.5.0-SNAPSHOT-tests.jar:/home/user/.m2/repository/org/yaml/snakeyaml/1.16/snakeyaml-1.16.jar:/home/user/.m2/repository/org/apache/hadoop/hadoop-common/3.2.0/hadoop-common-3.2.0-tests.jar:/home/user/.m2/repository/org/apache/hadoop/hadoop-annotations/3.2.0/hadoop-annotations-3.2.0.jar:/usr/lib/jvm/java-1.8-openjdk/jre/../lib/tools.jar:/home/user/.m2/repository/commons-cli/commons-cli/1.2/commons-cli-1.2.jar:/home/user/.m2/repository/org/apache/httpcomponents/httpclient/4.5.2/httpclient-4.5.2.jar:/home/user/.m2/repository/org/apache/httpcomponents/httpcore/4.4.4/httpcore-4.4.4.jar:/home/user/.m2/repository/commons-codec/commons-codec/1.11/commons-codec-1.11.jar:/home/user/.m2/repository/commons-net/commons-net/3.6/commons-net-3.6.jar:/home/user/.m2/repository/commons-collections/commons-collections/3.2.2/commons-collections-3.2.2.jar:/home/user/.m2/repository/org/eclipse/jetty/jetty-servlet/9.3.24.v20180605/jetty-servlet-9.3.24.v20180605.jar:/home/user/.m2/repository/org/eclipse/jetty/jetty-security/9.3.24.v20180605/jetty-security-9.3.24.v20180605.jar:/home/user/.m2/repository/javax/servlet/jsp/jsp-api/2.1/jsp-api-2.1.jar:/home/user/.m2/repository/com/sun/jersey/jersey-servlet/1.19/jersey-servlet-1.19.jar:/home/user/.m2/repository/com/sun/jersey/jersey-json/1.19/jersey-json-1.19.jar:/home/user/.m2/repository/org/codehaus/jettison/jettison/1.1/jettison-1.1.jar:/home/user/.m2/repository/org/codehaus/jackson/jackson-core-asl/1.9.13/jackson-core-asl-1.9.13.jar:/home/user/.m2/repository/org/codehaus/jackson/jackson-mapper-asl/1.9.13/jackson-mapper-asl-1.9.13.jar:/home/user/.m2/repository/org/codehaus/jackson/jackson-jaxrs/1.9.13/jackson-jaxrs-1.9.13.jar:/home/user/.m2/repository/org/codehaus/jackson/jackson-xc/1.9.13/jackson-xc-1.9.13.jar:/home/user/.m2/repository/commons-logging/commons-logging/1.1.3/commons-logging-1.1.3.jar:/home/user/.m2/repository/commons-beanutils/commons-beanutils/1.9.3/commons-beanutils-1.9.3.jar:/home/user/.m2/repository/org/apache/commons/commons-configuration2/2.1.1/commons-configuration2-2.1.1.jar:/home/user/.m2/repository/org/apache/commons/commons-lang3/3.7/commons-lang3-3.7.jar:/home/user/.m2/repository/org/apache/commons/commons-text/1.4/commons-text-1.4.jar:/home/user/.m2/repository/org/apache/avro/avro/1.7.7/avro-1.7.7.jar:/home/user/.m2/repository/com/thoughtworks/paranamer/paranamer/2.3/paranamer-2.3.jar:/home/user/.m2/repository/org/xerial/snappy/snappy-java/1.0.5/snappy-java-1.0.5.jar:/home/user/.m2/repository/com/google/re2j/re2j/1.1/re2j-1.1.jar:/home/user/.m2/repository/com/google/code/gson/gson/2.2.4/gson-2.2.4.jar:/home/user/.m2/repository/com/jcraft/jsch/0.1.54/jsch-0.1.54.jar:/home/user/.m2/repository/org/apache/curator/curator-client/2.12.0/curator-client-2.12.0.jar:/home/user/.m2/repository/org/apache/curator/curator-recipes/2.12.0/curator-recipes-2.12.0.jar:/home/user/.m2/repository/com/google/code/findbugs/jsr305/3.0.0/jsr305-3.0.0.jar:/home/user/.m2/repository/org/apache/htrace/htrace-core4/4.1.0-incubating/htrace-core4-4.1.0-incubating.jar:/home/user/.m2/repository/org/apache/zookeeper/zookeeper/3.4.13/zookeeper-3.4.13.jar:/home/user/.m2/repository/org/apache/yetus/audience-annotations/0.5.0/audience-annotations-0.5.0.jar:/home/user/.m2/repository/org/codehaus/woodstox/stax2-api/3.1.4/stax2-api-3.1.4.jar:/home/user/.m2/repository/com/fasterxml/woodstox/woodstox-core/5.0.3/woodstox-core-5.0.3.jar:/home/user/.m2/repository/dnsjava/dnsjava/2.1.7/dnsjava-2.1.7.jar:/home/user/.m2/repository/org/apache/hadoop/hadoop-hdfs/3.2.0/hadoop-hdfs-3.2.0-tests.jar:/home/user/.m2/repository/org/eclipse/jetty/jetty-util-ajax/9.3.24.v20180605/jetty-util-ajax-9.3.24.v20180605.jar:/home/user/.m2/repository/commons-daemon/commons-daemon/1.0.13/commons-daemon-1.0.13.jar:/home/user/.m2/repository/io/netty/netty/3.10.5.Final/netty-3.10.5.Final.jar:/home/user/.m2/repository/io/netty/netty-all/4.0.52.Final/netty-all-4.0.52.Final.jar:/home/user/.m2/repository/org/fusesource/leveldbjni/leveldbjni-all/1.8/leveldbjni-all-1.8.jar:"/>
    <property name="sun.cpu.endian" value="little"/>
    <property name="user.home" value="/home/user"/>
    <property name="user.language" value="en"/>
    <property name="java.specification.vendor" value="Oracle Corporation"/>
    <property name="java.home" value="/usr/lib/jvm/java-1.8-openjdk/jre"/>
    <property name="java.security.krb5.conf" value="/workdir/hadoop-ozone/integration-test/target/test-classes/krb5.conf"/>
    <property name="basedir" value="/workdir/hadoop-ozone/integration-test"/>
    <property name="file.separator" value="/"/>
    <property name="line.separator" value="&#10;"/>
    <property name="java.vm.specification.vendor" value="Oracle Corporation"/>
    <property name="java.specification.name" value="Java Platform API Specification"/>
    <property name="java.awt.graphicsenv" value="sun.awt.X11GraphicsEnvironment"/>
    <property name="surefire.real.class.path" value="/workdir/hadoop-ozone/integration-test/target/surefire/surefirebooter3887745306073361045.jar"/>
    <property name="hadoop.log.dir" value="/workdir/hadoop-ozone/integration-test/target/log"/>
    <property name="sun.boot.class.path" value="/usr/lib/jvm/java-1.8-openjdk/jre/lib/resources.jar:/usr/lib/jvm/java-1.8-openjdk/jre/lib/rt.jar:/usr/lib/jvm/java-1.8-openjdk/jre/lib/sunrsasign.jar:/usr/lib/jvm/java-1.8-openjdk/jre/lib/jsse.jar:/usr/lib/jvm/java-1.8-openjdk/jre/lib/jce.jar:/usr/lib/jvm/java-1.8-openjdk/jre/lib/charsets.jar:/usr/lib/jvm/java-1.8-openjdk/jre/lib/jfr.jar:/usr/lib/jvm/java-1.8-openjdk/jre/classes"/>
    <property name="sun.management.compiler" value="HotSpot 64-Bit Tiered Compilers"/>
    <property name="java.runtime.version" value="1.8.0_212-b04"/>
    <property name="java.net.preferIPv4Stack" value="true"/>
    <property name="user.name" value="jenkins1000"/>
    <property name="path.separator" value=":"/>
    <property name="java.security.egd" value="file:///dev/urandom"/>
    <property name="os.version" value="3.10.0-957.12.2.el7.x86_64"/>
    <property name="java.endorsed.dirs" value="/usr/lib/jvm/java-1.8-openjdk/jre/lib/endorsed"/>
    <property name="java.runtime.name" value="OpenJDK Runtime Environment"/>
    <property name="file.encoding" value="UTF-8"/>
    <property name="java.vm.name" value="OpenJDK 64-Bit Server VM"/>
    <property name="test.build.webapps" value=""/>
    <property name="localRepository" value="/home/user/.m2/repository"/>
    <property name="java.vendor.url.bug" value="https://icedtea.classpath.org/bugzilla"/>
    <property name="java.io.tmpdir" value="/tmp"/>
    <property name="require.test.libhadoop" value=""/>
    <property name="java.version" value="1.8.0_212"/>
    <property name="user.dir" value="/workdir/hadoop-ozone/integration-test"/>
    <property name="os.arch" value="amd64"/>
    <property name="java.vm.specification.name" value="Java Virtual Machine Specification"/>
    <property name="test.build.classes" value="/workdir/hadoop-ozone/integration-test/target/test-classes"/>
    <property name="java.awt.printerjob" value="sun.print.PSPrinterJob"/>
    <property name="sun.os.patch.level" value="unknown"/>
    <property name="hadoop.tmp.dir" value="/workdir/hadoop-ozone/integration-test/target/tmp"/>
    <property name="java.library.path" value="/usr/lib/jvm/java-1.8-openjdk/jre/lib/amd64/server:/usr/lib/jvm/java-1.8-openjdk/jre/lib/amd64:/usr/lib/jvm/java-1.8-openjdk/jre/../lib/amd64:/workdir/hadoop-ozone/integration-test/target/native/target/usr/local/lib:/workdir/hadoop-ozone/integration-test/../../hadoop-common-project/hadoop-common/target/native/target/usr/local/lib:/usr/java/packages/lib/amd64:/usr/lib64:/lib64:/lib:/usr/lib"/>
    <property name="java.vm.info" value="mixed mode"/>
    <property name="java.vendor" value="IcedTea"/>
    <property name="java.vm.version" value="25.212-b04"/>
    <property name="java.ext.dirs" value="/usr/lib/jvm/java-1.8-openjdk/jre/lib/ext:/usr/java/packages/lib/ext"/>
    <property name="sun.io.unicode.encoding" value="UnicodeLittle"/>
    <property name="java.class.version" value="52.0"/>
  </properties>
  <testcase name="test2DatanodesFailure" classname="org.apache.hadoop.ozone.client.rpc.TestBlockOutputStreamWithFailures" time="106.673"/>
  <testcase name="testDatanodeFailureWithPreAllocation" classname="org.apache.hadoop.ozone.client.rpc.TestBlockOutputStreamWithFailures" time="227.405"/>
  <testcase name="testDatanodeFailureWithSingleNodeRatis" classname="org.apache.hadoop.ozone.client.rpc.TestBlockOutputStreamWithFailures" time="224.645"/>
  <testcase name="testWatchForCommitWithSingleNodeRatis" classname="org.apache.hadoop.ozone.client.rpc.TestBlockOutputStreamWithFailures" time="34.535"/>
  <testcase name="testWatchForCommitDatanodeFailure" classname="org.apache.hadoop.ozone.client.rpc.TestBlockOutputStreamWithFailures" time="35.071">
    <failure message="expected:&lt;2&gt; but was:&lt;3&gt;" type="java.lang.AssertionError"><![CDATA[java.lang.AssertionError: expected:<2> but was:<3>
	at org.junit.Assert.fail(Assert.java:88)
	at org.junit.Assert.failNotEquals(Assert.java:743)
	at org.junit.Assert.assertEquals(Assert.java:118)
	at org.junit.Assert.assertEquals(Assert.java:555)
	at org.junit.Assert.assertEquals(Assert.java:542)
	at org.apache.hadoop.ozone.client.rpc.TestBlockOutputStreamWithFailures.testWatchForCommitDatanodeFailure(TestBlockOutputStreamWithFailures.java:366)
	at sun.reflect.NativeMethodAccessorImpl.invoke0(Native Method)
	at sun.reflect.NativeMethodAccessorImpl.invoke(NativeMethodAccessorImpl.java:62)
	at sun.reflect.DelegatingMethodAccessorImpl.invoke(DelegatingMethodAccessorImpl.java:43)
	at java.lang.reflect.Method.invoke(Method.java:498)
	at org.junit.runners.model.FrameworkMethod$1.runReflectiveCall(FrameworkMethod.java:47)
	at org.junit.internal.runners.model.ReflectiveCallable.run(ReflectiveCallable.java:12)
	at org.junit.runners.model.FrameworkMethod.invokeExplosively(FrameworkMethod.java:44)
	at org.junit.internal.runners.statements.InvokeMethod.evaluate(InvokeMethod.java:17)
	at org.junit.internal.runners.statements.RunBefores.evaluate(RunBefores.java:26)
	at org.junit.internal.runners.statements.RunAfters.evaluate(RunAfters.java:27)
	at org.junit.runners.ParentRunner.runLeaf(ParentRunner.java:271)
	at org.junit.runners.BlockJUnit4ClassRunner.runChild(BlockJUnit4ClassRunner.java:70)
	at org.junit.runners.BlockJUnit4ClassRunner.runChild(BlockJUnit4ClassRunner.java:50)
	at org.junit.runners.ParentRunner$3.run(ParentRunner.java:238)
	at org.junit.runners.ParentRunner$1.schedule(ParentRunner.java:63)
	at org.junit.runners.ParentRunner.runChildren(ParentRunner.java:236)
	at org.junit.runners.ParentRunner.access$000(ParentRunner.java:53)
	at org.junit.runners.ParentRunner$2.evaluate(ParentRunner.java:229)
	at org.junit.runners.ParentRunner.run(ParentRunner.java:309)
	at org.apache.maven.surefire.junit4.JUnit4Provider.execute(JUnit4Provider.java:365)
	at org.apache.maven.surefire.junit4.JUnit4Provider.executeWithRerun(JUnit4Provider.java:273)
	at org.apache.maven.surefire.junit4.JUnit4Provider.executeTestSet(JUnit4Provider.java:238)
	at org.apache.maven.surefire.junit4.JUnit4Provider.invoke(JUnit4Provider.java:159)
	at org.apache.maven.surefire.booter.ForkedBooter.invokeProviderInSameClassLoader(ForkedBooter.java:384)
	at org.apache.maven.surefire.booter.ForkedBooter.runSuitesInProcess(ForkedBooter.java:345)
	at org.apache.maven.surefire.booter.ForkedBooter.execute(ForkedBooter.java:126)
	at org.apache.maven.surefire.booter.ForkedBooter.main(ForkedBooter.java:418)
]]></failure>
    <system-out><![CDATA[2019-08-23 17:38:02,499 [main] WARN  server.ServerUtils (ServerUtils.java:getScmDbDir(145)) - ozone.scm.db.dirs is not configured. We recommend adding this setting. Falling back to ozone.metadata.dirs instead.
2019-08-23 17:38:02,525 [main] WARN  server.ServerUtils (ServerUtils.java:getScmDbDir(145)) - ozone.scm.db.dirs is not configured. We recommend adding this setting. Falling back to ozone.metadata.dirs instead.
2019-08-23 17:38:02,525 [main] WARN  server.ServerUtils (ServerUtils.java:getScmDbDir(145)) - ozone.scm.db.dirs is not configured. We recommend adding this setting. Falling back to ozone.metadata.dirs instead.
2019-08-23 17:38:02,526 [main] INFO  db.DBStoreBuilder (DBStoreBuilder.java:addTable(110)) - using custom profile for table: deletedBlocks
2019-08-23 17:38:02,526 [main] INFO  db.DBStoreBuilder (DBStoreBuilder.java:processTables(161)) - Using default column profile:DBProfile.DISK for Table:deletedBlocks
2019-08-23 17:38:02,526 [main] INFO  db.DBStoreBuilder (DBStoreBuilder.java:addTable(110)) - using custom profile for table: validCerts
2019-08-23 17:38:02,527 [main] INFO  db.DBStoreBuilder (DBStoreBuilder.java:processTables(161)) - Using default column profile:DBProfile.DISK for Table:validCerts
2019-08-23 17:38:02,527 [main] INFO  db.DBStoreBuilder (DBStoreBuilder.java:addTable(110)) - using custom profile for table: revokedCerts
2019-08-23 17:38:02,527 [main] INFO  db.DBStoreBuilder (DBStoreBuilder.java:processTables(161)) - Using default column profile:DBProfile.DISK for Table:revokedCerts
2019-08-23 17:38:02,527 [main] INFO  db.DBStoreBuilder (DBStoreBuilder.java:addTable(110)) - using custom profile for table: default
2019-08-23 17:38:02,527 [main] INFO  db.DBStoreBuilder (DBStoreBuilder.java:processTables(167)) - Using default column profile:DBProfile.DISK for Table:default
2019-08-23 17:38:02,528 [main] INFO  db.DBStoreBuilder (DBStoreBuilder.java:getDbProfile(198)) - Using default options. DBProfile.DISK
2019-08-23 17:38:02,610 [main] INFO  net.NodeSchemaLoader (NodeSchemaLoader.java:loadSchemaFromFile(125)) - Loading file from sun.misc.CompoundEnumeration@2fad50f2
2019-08-23 17:38:02,610 [main] INFO  net.NodeSchemaLoader (NodeSchemaLoader.java:loadSchema(171)) - Loading network topology layer schema file
2019-08-23 17:38:02,615 [main] INFO  node.SCMNodeManager (SCMNodeManager.java:<init>(121)) - Entering startup safe mode.
2019-08-23 17:38:02,616 [main] INFO  algorithms.ContainerPlacementPolicyFactory (ContainerPlacementPolicyFactory.java:getPolicy(55)) - Create container placement policy of type org.apache.hadoop.hdds.scm.container.placement.algorithms.SCMContainerPlacementRandom
2019-08-23 17:38:02,616 [main] WARN  server.ServerUtils (ServerUtils.java:getScmDbDir(145)) - ozone.scm.db.dirs is not configured. We recommend adding this setting. Falling back to ozone.metadata.dirs instead.
2019-08-23 17:38:02,663 [main] INFO  pipeline.SCMPipelineManager (SCMPipelineManager.java:initializePipelineState(126)) - No pipeline exists in current db
2019-08-23 17:38:02,664 [main] WARN  server.ServerUtils (ServerUtils.java:getScmDbDir(145)) - ozone.scm.db.dirs is not configured. We recommend adding this setting. Falling back to ozone.metadata.dirs instead.
2019-08-23 17:38:02,717 [main] WARN  events.EventQueue (EventQueue.java:fireEvent(175)) - No event handler registered for event TypedEvent{payloadType=SafeModeStatus, name='SafeModeStatus'}
2019-08-23 17:38:02,718 [main] INFO  ipc.CallQueueManager (CallQueueManager.java:<init>(84)) - Using callQueue: class java.util.concurrent.LinkedBlockingQueue, queueCapacity: 2000, scheduler: class org.apache.hadoop.ipc.DefaultRpcScheduler, ipcBackoff: false.
2019-08-23 17:38:02,720 [Socket Reader #1 for port 33532] INFO  ipc.Server (Server.java:run(1074)) - Starting Socket Reader #1 for port 33532
2019-08-23 17:38:02,722 [main] INFO  ipc.CallQueueManager (CallQueueManager.java:<init>(84)) - Using callQueue: class java.util.concurrent.LinkedBlockingQueue, queueCapacity: 2000, scheduler: class org.apache.hadoop.ipc.DefaultRpcScheduler, ipcBackoff: false.
2019-08-23 17:38:02,723 [Socket Reader #1 for port 38924] INFO  ipc.Server (Server.java:run(1074)) - Starting Socket Reader #1 for port 38924
2019-08-23 17:38:02,724 [main] INFO  ipc.CallQueueManager (CallQueueManager.java:<init>(84)) - Using callQueue: class java.util.concurrent.LinkedBlockingQueue, queueCapacity: 2000, scheduler: class org.apache.hadoop.ipc.DefaultRpcScheduler, ipcBackoff: false.
2019-08-23 17:38:02,725 [Socket Reader #1 for port 41940] INFO  ipc.Server (Server.java:run(1074)) - Starting Socket Reader #1 for port 41940
2019-08-23 17:38:02,727 [main] INFO  hdfs.DFSUtil (DFSUtil.java:httpServerTemplateForNNAndJN(1641)) - Starting Web-server for scm at: http://0.0.0.0:0
2019-08-23 17:38:02,729 [main] INFO  server.AuthenticationFilter (AuthenticationFilter.java:constructSecretProvider(240)) - Unable to initialize FileSignerSecretProvider, falling back to use random secrets.
2019-08-23 17:38:02,730 [main] WARN  http.HttpRequestLog (HttpRequestLog.java:getRequestLog(97)) - Jetty request log can only be enabled using Log4j
2019-08-23 17:38:02,733 [main] INFO  http.HttpServer2 (HttpServer2.java:addGlobalFilter(975)) - Added global filter 'safety' (class=org.apache.hadoop.http.HttpServer2$QuotingInputFilter)
2019-08-23 17:38:02,734 [main] INFO  http.HttpServer2 (HttpServer2.java:addFilter(948)) - Added filter static_user_filter (class=org.apache.hadoop.http.lib.StaticUserWebFilter$StaticUserFilter) to context scm
2019-08-23 17:38:02,734 [main] INFO  http.HttpServer2 (HttpServer2.java:addFilter(958)) - Added filter static_user_filter (class=org.apache.hadoop.http.lib.StaticUserWebFilter$StaticUserFilter) to context logs
2019-08-23 17:38:02,734 [main] INFO  http.HttpServer2 (HttpServer2.java:addFilter(958)) - Added filter static_user_filter (class=org.apache.hadoop.http.lib.StaticUserWebFilter$StaticUserFilter) to context static
2019-08-23 17:38:02,737 [main] INFO  server.StorageContainerManager (StorageContainerManager.java:start(759)) - StorageContainerLocationProtocol RPC server is listening at /0.0.0.0:41940
2019-08-23 17:38:02,740 [main] WARN  impl.MetricsConfig (MetricsConfig.java:loadFirst(134)) - Cannot locate configuration: tried hadoop-metrics2-storagecontainermanager.properties,hadoop-metrics2.properties
2019-08-23 17:38:02,741 [main] INFO  impl.MetricsSystemImpl (MetricsSystemImpl.java:startTimer(374)) - Scheduled Metric snapshot period at 10 second(s).
2019-08-23 17:38:02,741 [main] INFO  impl.MetricsSystemImpl (MetricsSystemImpl.java:start(191)) - StorageContainerManager metrics system started
2019-08-23 17:38:02,823 [main] INFO  server.SCMClientProtocolServer (SCMClientProtocolServer.java:start(151)) - RPC server for Client  is listening at /0.0.0.0:41940
2019-08-23 17:38:02,824 [IPC Server Responder] INFO  ipc.Server (Server.java:run(1314)) - IPC Server Responder: starting
2019-08-23 17:38:02,824 [IPC Server listener on 41940] INFO  ipc.Server (Server.java:run(1153)) - IPC Server listener on 41940: starting
2019-08-23 17:38:02,826 [main] INFO  server.StorageContainerManager (StorageContainerManager.java:start(769)) - ScmBlockLocationProtocol RPC server is listening at /0.0.0.0:38924
2019-08-23 17:38:02,826 [main] INFO  server.SCMBlockProtocolServer (SCMBlockProtocolServer.java:start(140)) - RPC server for Block Protocol is listening at /0.0.0.0:38924
2019-08-23 17:38:02,827 [IPC Server Responder] INFO  ipc.Server (Server.java:run(1314)) - IPC Server Responder: starting
2019-08-23 17:38:02,827 [IPC Server listener on 38924] INFO  ipc.Server (Server.java:run(1153)) - IPC Server listener on 38924: starting
2019-08-23 17:38:02,830 [main] INFO  server.StorageContainerManager (StorageContainerManager.java:start(773)) - ScmDatanodeProtocl RPC server is listening at /0.0.0.0:33532
2019-08-23 17:38:02,830 [main] INFO  server.SCMDatanodeProtocolServer (SCMDatanodeProtocolServer.java:start(191)) - RPC server for DataNodes is listening at /0.0.0.0:33532
2019-08-23 17:38:02,831 [IPC Server Responder] INFO  ipc.Server (Server.java:run(1314)) - IPC Server Responder: starting
2019-08-23 17:38:02,831 [IPC Server listener on 33532] INFO  ipc.Server (Server.java:run(1153)) - IPC Server listener on 33532: starting
2019-08-23 17:38:02,835 [main] INFO  http.HttpServer2 (HttpServer2.java:bindListener(1191)) - Jetty bound to port 37442
2019-08-23 17:38:02,835 [main] INFO  server.Server (Server.java:doStart(351)) - jetty-9.3.24.v20180605, build timestamp: 2018-06-05T17:11:56Z, git hash: 84205aa28f11a4f31f2a3b86d1bba2cc8ab69827
2019-08-23 17:38:02,837 [main] INFO  handler.ContextHandler (ContextHandler.java:doStart(781)) - Started o.e.j.s.ServletContextHandler@5a9004e1{/logs,file:///workdir/hadoop-ozone/integration-test/target/log,AVAILABLE}
2019-08-23 17:38:02,837 [main] INFO  handler.ContextHandler (ContextHandler.java:doStart(781)) - Started o.e.j.s.ServletContextHandler@6b6d8671{/static,file:///workdir/hadoop-ozone/integration-test/target/test-classes/webapps/static,AVAILABLE}
2019-08-23 17:38:02,841 [main] INFO  handler.ContextHandler (ContextHandler.java:doStart(781)) - Started o.e.j.w.WebAppContext@756b703d{/,file:///workdir/hadoop-ozone/integration-test/target/test-classes/webapps/scm/,AVAILABLE}{/scm}
2019-08-23 17:38:02,841 [main] INFO  server.AbstractConnector (AbstractConnector.java:doStart(278)) - Started ServerConnector@1c00a9f0{HTTP/1.1,[http/1.1]}{0.0.0.0:37442}
2019-08-23 17:38:02,842 [main] INFO  server.Server (Server.java:doStart(419)) - Started @594218ms
2019-08-23 17:38:02,843 [main] INFO  server.BaseHttpServer (BaseHttpServer.java:updateConnectorAddress(213)) - HTTP server of SCM is listening at http://0.0.0.0:37442
2019-08-23 17:38:02,844 [main] WARN  server.ServerUtils (ServerUtils.java:getDBPath(222)) - ozone.om.db.dirs is not configured. We recommend adding this setting. Falling back to ozone.metadata.dirs instead.
2019-08-23 17:38:02,844 [org.apache.hadoop.util.JvmPauseMonitor$Monitor@5e572ad6] INFO  util.JvmPauseMonitor (JvmPauseMonitor.java:run(188)) - Starting JVM pause monitor
2019-08-23 17:38:02,858 [main] WARN  server.ServerUtils (ServerUtils.java:getDBPath(222)) - ozone.om.db.dirs is not configured. We recommend adding this setting. Falling back to ozone.metadata.dirs instead.
2019-08-23 17:38:02,858 [main] WARN  server.ServerUtils (ServerUtils.java:getDBPath(222)) - ozone.om.db.dirs is not configured. We recommend adding this setting. Falling back to ozone.metadata.dirs instead.
2019-08-23 17:38:02,858 [main] INFO  om.OzoneManager (OzoneManager.java:setOMNodeDetails(648)) - OM Service ID is not set. Setting it to the default ID: omServiceIdDefault
2019-08-23 17:38:02,858 [main] INFO  om.OzoneManager (OzoneManager.java:setOMNodeDetails(654)) - OM Node ID is not set. Setting it to the OmStorage's OmID: c3f28ff2-0e99-48ed-b8b2-f24e18bae3c5
2019-08-23 17:38:02,859 [main] INFO  om.OzoneManager (OzoneManager.java:loadOMHAConfigs(605)) - Found matching OM address with OMServiceId: null, OMNodeId: null, RPC Address: localhost:0 and Ratis port: 9872
2019-08-23 17:38:02,862 | INFO  | SCMAudit | user=jenkins1000 | ip=192.168.5.164 | op=GET_SCM_INFO null | ret=SUCCESS |  
2019-08-23 17:38:02,864 [main] WARN  server.ServerUtils (ServerUtils.java:getDBPath(222)) - ozone.om.db.dirs is not configured. We recommend adding this setting. Falling back to ozone.metadata.dirs instead.
2019-08-23 17:38:02,864 [main] INFO  db.DBStoreBuilder (DBStoreBuilder.java:addTable(110)) - using custom profile for table: userTable
2019-08-23 17:38:02,864 [main] INFO  db.DBStoreBuilder (DBStoreBuilder.java:processTables(161)) - Using default column profile:DBProfile.DISK for Table:userTable
2019-08-23 17:38:02,864 [main] INFO  db.DBStoreBuilder (DBStoreBuilder.java:addTable(110)) - using custom profile for table: volumeTable
2019-08-23 17:38:02,865 [main] INFO  db.DBStoreBuilder (DBStoreBuilder.java:processTables(161)) - Using default column profile:DBProfile.DISK for Table:volumeTable
2019-08-23 17:38:02,865 [main] INFO  db.DBStoreBuilder (DBStoreBuilder.java:addTable(110)) - using custom profile for table: bucketTable
2019-08-23 17:38:02,865 [main] INFO  db.DBStoreBuilder (DBStoreBuilder.java:processTables(161)) - Using default column profile:DBProfile.DISK for Table:bucketTable
2019-08-23 17:38:02,865 [main] INFO  db.DBStoreBuilder (DBStoreBuilder.java:addTable(110)) - using custom profile for table: keyTable
2019-08-23 17:38:02,865 [main] INFO  db.DBStoreBuilder (DBStoreBuilder.java:processTables(161)) - Using default column profile:DBProfile.DISK for Table:keyTable
2019-08-23 17:38:02,866 [main] INFO  db.DBStoreBuilder (DBStoreBuilder.java:addTable(110)) - using custom profile for table: deletedTable
2019-08-23 17:38:02,866 [main] INFO  db.DBStoreBuilder (DBStoreBuilder.java:processTables(161)) - Using default column profile:DBProfile.DISK for Table:deletedTable
2019-08-23 17:38:02,866 [main] INFO  db.DBStoreBuilder (DBStoreBuilder.java:addTable(110)) - using custom profile for table: openKeyTable
2019-08-23 17:38:02,866 [main] INFO  db.DBStoreBuilder (DBStoreBuilder.java:processTables(161)) - Using default column profile:DBProfile.DISK for Table:openKeyTable
2019-08-23 17:38:02,866 [main] INFO  db.DBStoreBuilder (DBStoreBuilder.java:addTable(110)) - using custom profile for table: s3Table
2019-08-23 17:38:02,866 [main] INFO  db.DBStoreBuilder (DBStoreBuilder.java:processTables(161)) - Using default column profile:DBProfile.DISK for Table:s3Table
2019-08-23 17:38:02,867 [main] INFO  db.DBStoreBuilder (DBStoreBuilder.java:addTable(110)) - using custom profile for table: multipartInfoTable
2019-08-23 17:38:02,867 [main] INFO  db.DBStoreBuilder (DBStoreBuilder.java:processTables(161)) - Using default column profile:DBProfile.DISK for Table:multipartInfoTable
2019-08-23 17:38:02,867 [main] INFO  db.DBStoreBuilder (DBStoreBuilder.java:addTable(110)) - using custom profile for table: dTokenTable
2019-08-23 17:38:02,867 [main] INFO  db.DBStoreBuilder (DBStoreBuilder.java:processTables(161)) - Using default column profile:DBProfile.DISK for Table:dTokenTable
2019-08-23 17:38:02,867 [main] INFO  db.DBStoreBuilder (DBStoreBuilder.java:addTable(110)) - using custom profile for table: s3SecretTable
2019-08-23 17:38:02,867 [main] INFO  db.DBStoreBuilder (DBStoreBuilder.java:processTables(161)) - Using default column profile:DBProfile.DISK for Table:s3SecretTable
2019-08-23 17:38:02,868 [main] INFO  db.DBStoreBuilder (DBStoreBuilder.java:addTable(110)) - using custom profile for table: prefixTable
2019-08-23 17:38:02,868 [main] INFO  db.DBStoreBuilder (DBStoreBuilder.java:processTables(161)) - Using default column profile:DBProfile.DISK for Table:prefixTable
2019-08-23 17:38:02,868 [main] INFO  db.DBStoreBuilder (DBStoreBuilder.java:addTable(110)) - using custom profile for table: default
2019-08-23 17:38:02,868 [main] INFO  db.DBStoreBuilder (DBStoreBuilder.java:processTables(167)) - Using default column profile:DBProfile.DISK for Table:default
2019-08-23 17:38:02,868 [main] INFO  db.DBStoreBuilder (DBStoreBuilder.java:getDbProfile(198)) - Using default options. DBProfile.DISK
2019-08-23 17:38:03,372 [main] INFO  ipc.CallQueueManager (CallQueueManager.java:<init>(84)) - Using callQueue: class java.util.concurrent.LinkedBlockingQueue, queueCapacity: 2000, scheduler: class org.apache.hadoop.ipc.DefaultRpcScheduler, ipcBackoff: false.
2019-08-23 17:38:03,373 [Socket Reader #1 for port 42509] INFO  ipc.Server (Server.java:run(1074)) - Starting Socket Reader #1 for port 42509
2019-08-23 17:38:03,387 [main] INFO  om.OzoneManager (OzoneManager.java:start(1259)) - OzoneManager RPC server is listening at localhost/127.0.0.1:42509
2019-08-23 17:38:03,388 [main] INFO  impl.MetricsSystemImpl (MetricsSystemImpl.java:init(158)) - OzoneManager metrics system started (again)
2019-08-23 17:38:03,388 [IPC Server Responder] INFO  ipc.Server (Server.java:run(1314)) - IPC Server Responder: starting
2019-08-23 17:38:03,389 [IPC Server listener on 42509] INFO  ipc.Server (Server.java:run(1153)) - IPC Server listener on 42509: starting
2019-08-23 17:38:03,395 [main] INFO  hdfs.DFSUtil (DFSUtil.java:httpServerTemplateForNNAndJN(1641)) - Starting Web-server for ozoneManager at: http://0.0.0.0:0
2019-08-23 17:38:03,397 [main] INFO  server.AuthenticationFilter (AuthenticationFilter.java:constructSecretProvider(240)) - Unable to initialize FileSignerSecretProvider, falling back to use random secrets.
2019-08-23 17:38:03,397 [main] WARN  http.HttpRequestLog (HttpRequestLog.java:getRequestLog(97)) - Jetty request log can only be enabled using Log4j
2019-08-23 17:38:03,400 [main] INFO  http.HttpServer2 (HttpServer2.java:addGlobalFilter(975)) - Added global filter 'safety' (class=org.apache.hadoop.http.HttpServer2$QuotingInputFilter)
2019-08-23 17:38:03,400 [main] INFO  http.HttpServer2 (HttpServer2.java:addFilter(948)) - Added filter static_user_filter (class=org.apache.hadoop.http.lib.StaticUserWebFilter$StaticUserFilter) to context ozoneManager
2019-08-23 17:38:03,401 [main] INFO  http.HttpServer2 (HttpServer2.java:addFilter(958)) - Added filter static_user_filter (class=org.apache.hadoop.http.lib.StaticUserWebFilter$StaticUserFilter) to context static
2019-08-23 17:38:03,401 [main] INFO  http.HttpServer2 (HttpServer2.java:addFilter(958)) - Added filter static_user_filter (class=org.apache.hadoop.http.lib.StaticUserWebFilter$StaticUserFilter) to context logs
2019-08-23 17:38:03,402 [main] INFO  http.HttpServer2 (HttpServer2.java:bindListener(1191)) - Jetty bound to port 45391
2019-08-23 17:38:03,402 [main] INFO  server.Server (Server.java:doStart(351)) - jetty-9.3.24.v20180605, build timestamp: 2018-06-05T17:11:56Z, git hash: 84205aa28f11a4f31f2a3b86d1bba2cc8ab69827
2019-08-23 17:38:03,404 [main] INFO  handler.ContextHandler (ContextHandler.java:doStart(781)) - Started o.e.j.s.ServletContextHandler@452ea8f0{/logs,file:///workdir/hadoop-ozone/integration-test/target/log,AVAILABLE}
2019-08-23 17:38:03,405 [main] INFO  handler.ContextHandler (ContextHandler.java:doStart(781)) - Started o.e.j.s.ServletContextHandler@46f3d0f7{/static,file:///workdir/hadoop-ozone/integration-test/target/test-classes/webapps/static,AVAILABLE}
2019-08-23 17:38:03,411 [main] INFO  handler.ContextHandler (ContextHandler.java:doStart(781)) - Started o.e.j.w.WebAppContext@7eb006bd{/,file:///workdir/hadoop-ozone/integration-test/target/test-classes/webapps/ozoneManager/,AVAILABLE}{/ozoneManager}
2019-08-23 17:38:03,412 [main] INFO  server.AbstractConnector (AbstractConnector.java:doStart(278)) - Started ServerConnector@633dce39{HTTP/1.1,[http/1.1]}{0.0.0.0:45391}
2019-08-23 17:38:03,413 [main] INFO  server.Server (Server.java:doStart(419)) - Started @594789ms
2019-08-23 17:38:03,414 [main] INFO  server.BaseHttpServer (BaseHttpServer.java:updateConnectorAddress(213)) - HTTP server of OZONEMANAGER is listening at http://0.0.0.0:45391
2019-08-23 17:38:03,432 [main] INFO  impl.MetricsSystemImpl (MetricsSystemImpl.java:init(158)) - HddsDatanode metrics system started (again)
2019-08-23 17:38:03,434 [main] INFO  ozone.HddsDatanodeService (HddsDatanodeService.java:start(184)) - HddsDatanodeService host:pr-hdds-2002-fbg9h-2504998875 ip:192.168.5.164
2019-08-23 17:38:03,446 [main] INFO  volume.HddsVolume (HddsVolume.java:<init>(176)) - Creating Volume: /workdir/hadoop-ozone/integration-test/target/test-dir/MiniOzoneClusterImpl-cabca72f-823b-48bd-9dbb-41083dd38152/datanode-0/data/containers/hdds of  storage type : DISK and capacity : 1482555576320
2019-08-23 17:38:03,446 [main] INFO  volume.VolumeSet (VolumeSet.java:initializeVolumeSet(170)) - Added Volume : /workdir/hadoop-ozone/integration-test/target/test-dir/MiniOzoneClusterImpl-cabca72f-823b-48bd-9dbb-41083dd38152/datanode-0/data/containers/hdds to VolumeSet
2019-08-23 17:38:03,446 [main] INFO  volume.ThrottledAsyncChecker (ThrottledAsyncChecker.java:schedule(140)) - Scheduling a check for org.apache.hadoop.ozone.container.common.volume.HddsVolume@5c883b3f
2019-08-23 17:38:03,447 [main] INFO  volume.HddsVolumeChecker (HddsVolumeChecker.java:checkAllVolumes(203)) - Scheduled health check for volume org.apache.hadoop.ozone.container.common.volume.HddsVolume@5c883b3f
2019-08-23 17:38:03,464 [main] INFO  impl.RaftServerProxy (ConfUtils.java:logGet(43)) - raft.rpc.type = GRPC (default)
2019-08-23 17:38:03,465 [main] INFO  grpc.GrpcFactory (GrpcFactory.java:checkPooledByteBufAllocatorUseCacheForAllThreads(45)) - PERFORMANCE WARNING: useCacheForAllThreads is true that may cause Netty to create a lot garbage objects and, as a result, trigger GC.
	It is recommended to disable useCacheForAllThreads by setting -Dorg.apache.ratis.thirdparty.io.netty.allocator.useCacheForAllThreads=false in command line.
2019-08-23 17:38:03,465 [main] INFO  grpc.GrpcConfigKeys$Server (ConfUtils.java:logGet(43)) - raft.grpc.server.port = 0 (default)
2019-08-23 17:38:03,465 [main] INFO  server.GrpcService (ConfUtils.java:logGet(43)) - raft.grpc.message.size.max = 33570816 (custom)
2019-08-23 17:38:03,465 [main] INFO  server.RaftServerConfigKeys (ConfUtils.java:logGet(43)) - raft.server.log.appender.buffer.byte-limit = 33554432 (custom)
2019-08-23 17:38:03,466 [main] INFO  server.GrpcService (ConfUtils.java:logGet(43)) - raft.grpc.flow.control.window = 1MB (=1048576) (default)
2019-08-23 17:38:03,466 [main] INFO  server.RaftServerConfigKeys (ConfUtils.java:logGet(43)) - raft.server.rpc.request.timeout = 3000ms (default)
2019-08-23 17:38:03,466 [main] INFO  server.RaftServerConfigKeys (ConfUtils.java:logGet(43)) - raft.server.storage.dir = [/workdir/hadoop-ozone/integration-test/target/test-dir/MiniOzoneClusterImpl-cabca72f-823b-48bd-9dbb-41083dd38152/datanode-0/data/ratis] (custom)
2019-08-23 17:38:03,467 [main] INFO  replication.SimpleContainerDownloader (SimpleContainerDownloader.java:<init>(72)) - Starting container downloader service to copy containers to replicate.
2019-08-23 17:38:03,468 [main] INFO  hdfs.DFSUtil (DFSUtil.java:httpServerTemplateForNNAndJN(1641)) - Starting Web-server for hddsDatanode at: http://0.0.0.0:0
2019-08-23 17:38:03,470 [main] INFO  server.AuthenticationFilter (AuthenticationFilter.java:constructSecretProvider(240)) - Unable to initialize FileSignerSecretProvider, falling back to use random secrets.
2019-08-23 17:38:03,470 [main] WARN  http.HttpRequestLog (HttpRequestLog.java:getRequestLog(97)) - Jetty request log can only be enabled using Log4j
2019-08-23 17:38:03,472 [main] INFO  http.HttpServer2 (HttpServer2.java:addGlobalFilter(975)) - Added global filter 'safety' (class=org.apache.hadoop.http.HttpServer2$QuotingInputFilter)
2019-08-23 17:38:03,472 [main] INFO  http.HttpServer2 (HttpServer2.java:addFilter(948)) - Added filter static_user_filter (class=org.apache.hadoop.http.lib.StaticUserWebFilter$StaticUserFilter) to context hddsDatanode
2019-08-23 17:38:03,472 [main] INFO  http.HttpServer2 (HttpServer2.java:addFilter(958)) - Added filter static_user_filter (class=org.apache.hadoop.http.lib.StaticUserWebFilter$StaticUserFilter) to context static
2019-08-23 17:38:03,473 [main] INFO  http.HttpServer2 (HttpServer2.java:addFilter(958)) - Added filter static_user_filter (class=org.apache.hadoop.http.lib.StaticUserWebFilter$StaticUserFilter) to context logs
2019-08-23 17:38:03,473 [main] INFO  http.HttpServer2 (HttpServer2.java:bindListener(1191)) - Jetty bound to port 45508
2019-08-23 17:38:03,473 [main] INFO  server.Server (Server.java:doStart(351)) - jetty-9.3.24.v20180605, build timestamp: 2018-06-05T17:11:56Z, git hash: 84205aa28f11a4f31f2a3b86d1bba2cc8ab69827
2019-08-23 17:38:03,475 [main] INFO  handler.ContextHandler (ContextHandler.java:doStart(781)) - Started o.e.j.s.ServletContextHandler@38f7a20{/logs,file:///workdir/hadoop-ozone/integration-test/target/log,AVAILABLE}
2019-08-23 17:38:03,476 [main] INFO  handler.ContextHandler (ContextHandler.java:doStart(781)) - Started o.e.j.s.ServletContextHandler@c50503e{/static,jar:file:/home/user/.m2/repository/org/apache/hadoop/hadoop-hdds-container-service/0.5.0-SNAPSHOT/hadoop-hdds-container-service-0.5.0-SNAPSHOT.jar!/webapps/static,AVAILABLE}
2019-08-23 17:38:03,507 [main] INFO  handler.ContextHandler (ContextHandler.java:doStart(781)) - Started o.e.j.w.WebAppContext@7510824{/,file:///tmp/jetty-0.0.0.0-45508-hddsDatanode-_-any-6364754121955422184.dir/webapp/,AVAILABLE}{/hddsDatanode}
2019-08-23 17:38:03,508 [main] INFO  server.AbstractConnector (AbstractConnector.java:doStart(278)) - Started ServerConnector@7ed6e557{HTTP/1.1,[http/1.1]}{0.0.0.0:45508}
2019-08-23 17:38:03,508 [main] INFO  server.Server (Server.java:doStart(419)) - Started @594884ms
2019-08-23 17:38:03,509 [main] INFO  server.BaseHttpServer (BaseHttpServer.java:updateConnectorAddress(213)) - HTTP server of HDDSDATANODE is listening at http://0.0.0.0:45508
2019-08-23 17:38:03,638 | INFO  | ObjectStoreRestHttpServer | Listening HDDS REST traffic on /0.0.0.0:34417 |  
2019-08-23 17:38:03,638 [main] INFO  ozone.HddsDatanodeService (HddsDatanodeService.java:startPlugins(395)) - Started plug-in org.apache.hadoop.ozone.web.OzoneHddsDatanodeService@1f13eabb
2019-08-23 17:38:03,638 [main] INFO  impl.MetricsSystemImpl (MetricsSystemImpl.java:init(158)) - HddsDatanode metrics system started (again)
2019-08-23 17:38:03,641 [org.apache.hadoop.util.JvmPauseMonitor$Monitor@579e2347] INFO  util.JvmPauseMonitor (JvmPauseMonitor.java:run(188)) - Starting JVM pause monitor
2019-08-23 17:38:03,641 [main] INFO  ozone.HddsDatanodeService (HddsDatanodeService.java:start(184)) - HddsDatanodeService host:pr-hdds-2002-fbg9h-2504998875 ip:192.168.5.164
2019-08-23 17:38:03,643 [Datanode State Machine Thread - 0] INFO  datanode.InitDatanodeState (InitDatanodeState.java:persistContainerDatanodeDetails(140)) - DatanodeDetails is persisted to /workdir/hadoop-ozone/integration-test/target/test-dir/MiniOzoneClusterImpl-cabca72f-823b-48bd-9dbb-41083dd38152/datanode-0/meta/datanode.id
2019-08-23 17:38:03,652 [main] INFO  volume.HddsVolume (HddsVolume.java:<init>(176)) - Creating Volume: /workdir/hadoop-ozone/integration-test/target/test-dir/MiniOzoneClusterImpl-cabca72f-823b-48bd-9dbb-41083dd38152/datanode-1/data/containers/hdds of  storage type : DISK and capacity : 1482555576320
2019-08-23 17:38:03,652 [main] INFO  volume.VolumeSet (VolumeSet.java:initializeVolumeSet(170)) - Added Volume : /workdir/hadoop-ozone/integration-test/target/test-dir/MiniOzoneClusterImpl-cabca72f-823b-48bd-9dbb-41083dd38152/datanode-1/data/containers/hdds to VolumeSet
2019-08-23 17:38:03,652 [main] INFO  volume.ThrottledAsyncChecker (ThrottledAsyncChecker.java:schedule(140)) - Scheduling a check for org.apache.hadoop.ozone.container.common.volume.HddsVolume@6592a73b
2019-08-23 17:38:03,653 [main] INFO  volume.HddsVolumeChecker (HddsVolumeChecker.java:checkAllVolumes(203)) - Scheduled health check for volume org.apache.hadoop.ozone.container.common.volume.HddsVolume@6592a73b
2019-08-23 17:38:03,666 [main] INFO  impl.RaftServerProxy (ConfUtils.java:logGet(43)) - raft.rpc.type = GRPC (default)
2019-08-23 17:38:03,666 [main] INFO  grpc.GrpcFactory (GrpcFactory.java:checkPooledByteBufAllocatorUseCacheForAllThreads(45)) - PERFORMANCE WARNING: useCacheForAllThreads is true that may cause Netty to create a lot garbage objects and, as a result, trigger GC.
	It is recommended to disable useCacheForAllThreads by setting -Dorg.apache.ratis.thirdparty.io.netty.allocator.useCacheForAllThreads=false in command line.
2019-08-23 17:38:03,666 [main] INFO  grpc.GrpcConfigKeys$Server (ConfUtils.java:logGet(43)) - raft.grpc.server.port = 0 (default)
2019-08-23 17:38:03,666 [main] INFO  server.GrpcService (ConfUtils.java:logGet(43)) - raft.grpc.message.size.max = 33570816 (custom)
2019-08-23 17:38:03,666 [main] INFO  server.RaftServerConfigKeys (ConfUtils.java:logGet(43)) - raft.server.log.appender.buffer.byte-limit = 33554432 (custom)
2019-08-23 17:38:03,666 [main] INFO  server.GrpcService (ConfUtils.java:logGet(43)) - raft.grpc.flow.control.window = 1MB (=1048576) (default)
2019-08-23 17:38:03,667 [main] INFO  server.RaftServerConfigKeys (ConfUtils.java:logGet(43)) - raft.server.rpc.request.timeout = 3000ms (default)
2019-08-23 17:38:03,667 [main] INFO  server.RaftServerConfigKeys (ConfUtils.java:logGet(43)) - raft.server.storage.dir = [/workdir/hadoop-ozone/integration-test/target/test-dir/MiniOzoneClusterImpl-cabca72f-823b-48bd-9dbb-41083dd38152/datanode-1/data/ratis] (custom)
2019-08-23 17:38:03,667 [main] INFO  replication.SimpleContainerDownloader (SimpleContainerDownloader.java:<init>(72)) - Starting container downloader service to copy containers to replicate.
2019-08-23 17:38:03,669 [main] INFO  hdfs.DFSUtil (DFSUtil.java:httpServerTemplateForNNAndJN(1641)) - Starting Web-server for hddsDatanode at: http://0.0.0.0:0
2019-08-23 17:38:03,670 [main] INFO  server.AuthenticationFilter (AuthenticationFilter.java:constructSecretProvider(240)) - Unable to initialize FileSignerSecretProvider, falling back to use random secrets.
2019-08-23 17:38:03,670 [main] WARN  http.HttpRequestLog (HttpRequestLog.java:getRequestLog(97)) - Jetty request log can only be enabled using Log4j
2019-08-23 17:38:03,671 [main] INFO  http.HttpServer2 (HttpServer2.java:addGlobalFilter(975)) - Added global filter 'safety' (class=org.apache.hadoop.http.HttpServer2$QuotingInputFilter)
2019-08-23 17:38:03,672 [main] INFO  http.HttpServer2 (HttpServer2.java:addFilter(948)) - Added filter static_user_filter (class=org.apache.hadoop.http.lib.StaticUserWebFilter$StaticUserFilter) to context hddsDatanode
2019-08-23 17:38:03,672 [main] INFO  http.HttpServer2 (HttpServer2.java:addFilter(958)) - Added filter static_user_filter (class=org.apache.hadoop.http.lib.StaticUserWebFilter$StaticUserFilter) to context static
2019-08-23 17:38:03,672 [main] INFO  http.HttpServer2 (HttpServer2.java:addFilter(958)) - Added filter static_user_filter (class=org.apache.hadoop.http.lib.StaticUserWebFilter$StaticUserFilter) to context logs
2019-08-23 17:38:03,673 [main] INFO  http.HttpServer2 (HttpServer2.java:bindListener(1191)) - Jetty bound to port 41722
2019-08-23 17:38:03,673 [main] INFO  server.Server (Server.java:doStart(351)) - jetty-9.3.24.v20180605, build timestamp: 2018-06-05T17:11:56Z, git hash: 84205aa28f11a4f31f2a3b86d1bba2cc8ab69827
2019-08-23 17:38:03,674 [main] INFO  handler.ContextHandler (ContextHandler.java:doStart(781)) - Started o.e.j.s.ServletContextHandler@3c5d183{/logs,file:///workdir/hadoop-ozone/integration-test/target/log,AVAILABLE}
2019-08-23 17:38:03,675 [main] INFO  handler.ContextHandler (ContextHandler.java:doStart(781)) - Started o.e.j.s.ServletContextHandler@39cf7f3c{/static,jar:file:/home/user/.m2/repository/org/apache/hadoop/hadoop-hdds-container-service/0.5.0-SNAPSHOT/hadoop-hdds-container-service-0.5.0-SNAPSHOT.jar!/webapps/static,AVAILABLE}
2019-08-23 17:38:03,701 [main] INFO  handler.ContextHandler (ContextHandler.java:doStart(781)) - Started o.e.j.w.WebAppContext@71ad1d0b{/,file:///tmp/jetty-0.0.0.0-41722-hddsDatanode-_-any-5696360123368800705.dir/webapp/,AVAILABLE}{/hddsDatanode}
2019-08-23 17:38:03,701 [main] INFO  server.AbstractConnector (AbstractConnector.java:doStart(278)) - Started ServerConnector@7a087132{HTTP/1.1,[http/1.1]}{0.0.0.0:41722}
2019-08-23 17:38:03,702 [main] INFO  server.Server (Server.java:doStart(419)) - Started @595078ms
2019-08-23 17:38:03,703 [main] INFO  server.BaseHttpServer (BaseHttpServer.java:updateConnectorAddress(213)) - HTTP server of HDDSDATANODE is listening at http://0.0.0.0:41722
2019-08-23 17:38:03,819 | INFO  | ObjectStoreRestHttpServer | Listening HDDS REST traffic on /0.0.0.0:39876 |  
2019-08-23 17:38:03,819 [main] INFO  ozone.HddsDatanodeService (HddsDatanodeService.java:startPlugins(395)) - Started plug-in org.apache.hadoop.ozone.web.OzoneHddsDatanodeService@42599b84
2019-08-23 17:38:03,819 [main] INFO  impl.MetricsSystemImpl (MetricsSystemImpl.java:init(158)) - HddsDatanode metrics system started (again)
2019-08-23 17:38:03,822 [main] INFO  ozone.HddsDatanodeService (HddsDatanodeService.java:start(184)) - HddsDatanodeService host:pr-hdds-2002-fbg9h-2504998875 ip:192.168.5.164
2019-08-23 17:38:03,822 [org.apache.hadoop.util.JvmPauseMonitor$Monitor@2bcfa1aa] INFO  util.JvmPauseMonitor (JvmPauseMonitor.java:run(188)) - Starting JVM pause monitor
2019-08-23 17:38:03,823 [Datanode State Machine Thread - 0] INFO  datanode.InitDatanodeState (InitDatanodeState.java:persistContainerDatanodeDetails(140)) - DatanodeDetails is persisted to /workdir/hadoop-ozone/integration-test/target/test-dir/MiniOzoneClusterImpl-cabca72f-823b-48bd-9dbb-41083dd38152/datanode-1/meta/datanode.id
2019-08-23 17:38:03,833 [main] INFO  volume.HddsVolume (HddsVolume.java:<init>(176)) - Creating Volume: /workdir/hadoop-ozone/integration-test/target/test-dir/MiniOzoneClusterImpl-cabca72f-823b-48bd-9dbb-41083dd38152/datanode-2/data/containers/hdds of  storage type : DISK and capacity : 1482555576320
2019-08-23 17:38:03,833 [main] INFO  volume.VolumeSet (VolumeSet.java:initializeVolumeSet(170)) - Added Volume : /workdir/hadoop-ozone/integration-test/target/test-dir/MiniOzoneClusterImpl-cabca72f-823b-48bd-9dbb-41083dd38152/datanode-2/data/containers/hdds to VolumeSet
2019-08-23 17:38:03,833 [main] INFO  volume.ThrottledAsyncChecker (ThrottledAsyncChecker.java:schedule(140)) - Scheduling a check for org.apache.hadoop.ozone.container.common.volume.HddsVolume@35800dea
2019-08-23 17:38:03,834 [main] INFO  volume.HddsVolumeChecker (HddsVolumeChecker.java:checkAllVolumes(203)) - Scheduled health check for volume org.apache.hadoop.ozone.container.common.volume.HddsVolume@35800dea
2019-08-23 17:38:03,849 [main] INFO  impl.RaftServerProxy (ConfUtils.java:logGet(43)) - raft.rpc.type = GRPC (default)
2019-08-23 17:38:03,849 [main] INFO  grpc.GrpcFactory (GrpcFactory.java:checkPooledByteBufAllocatorUseCacheForAllThreads(45)) - PERFORMANCE WARNING: useCacheForAllThreads is true that may cause Netty to create a lot garbage objects and, as a result, trigger GC.
	It is recommended to disable useCacheForAllThreads by setting -Dorg.apache.ratis.thirdparty.io.netty.allocator.useCacheForAllThreads=false in command line.
2019-08-23 17:38:03,849 [main] INFO  grpc.GrpcConfigKeys$Server (ConfUtils.java:logGet(43)) - raft.grpc.server.port = 0 (default)
2019-08-23 17:38:03,849 [main] INFO  server.GrpcService (ConfUtils.java:logGet(43)) - raft.grpc.message.size.max = 33570816 (custom)
2019-08-23 17:38:03,849 [main] INFO  server.RaftServerConfigKeys (ConfUtils.java:logGet(43)) - raft.server.log.appender.buffer.byte-limit = 33554432 (custom)
2019-08-23 17:38:03,850 [main] INFO  server.GrpcService (ConfUtils.java:logGet(43)) - raft.grpc.flow.control.window = 1MB (=1048576) (default)
2019-08-23 17:38:03,850 [main] INFO  server.RaftServerConfigKeys (ConfUtils.java:logGet(43)) - raft.server.rpc.request.timeout = 3000ms (default)
2019-08-23 17:38:03,850 [main] INFO  server.RaftServerConfigKeys (ConfUtils.java:logGet(43)) - raft.server.storage.dir = [/workdir/hadoop-ozone/integration-test/target/test-dir/MiniOzoneClusterImpl-cabca72f-823b-48bd-9dbb-41083dd38152/datanode-2/data/ratis] (custom)
2019-08-23 17:38:03,851 [main] INFO  replication.SimpleContainerDownloader (SimpleContainerDownloader.java:<init>(72)) - Starting container downloader service to copy containers to replicate.
2019-08-23 17:38:03,852 [main] INFO  hdfs.DFSUtil (DFSUtil.java:httpServerTemplateForNNAndJN(1641)) - Starting Web-server for hddsDatanode at: http://0.0.0.0:0
2019-08-23 17:38:03,853 [main] INFO  server.AuthenticationFilter (AuthenticationFilter.java:constructSecretProvider(240)) - Unable to initialize FileSignerSecretProvider, falling back to use random secrets.
2019-08-23 17:38:03,853 [main] WARN  http.HttpRequestLog (HttpRequestLog.java:getRequestLog(97)) - Jetty request log can only be enabled using Log4j
2019-08-23 17:38:03,854 [main] INFO  http.HttpServer2 (HttpServer2.java:addGlobalFilter(975)) - Added global filter 'safety' (class=org.apache.hadoop.http.HttpServer2$QuotingInputFilter)
2019-08-23 17:38:03,855 [main] INFO  http.HttpServer2 (HttpServer2.java:addFilter(948)) - Added filter static_user_filter (class=org.apache.hadoop.http.lib.StaticUserWebFilter$StaticUserFilter) to context hddsDatanode
2019-08-23 17:38:03,855 [main] INFO  http.HttpServer2 (HttpServer2.java:addFilter(958)) - Added filter static_user_filter (class=org.apache.hadoop.http.lib.StaticUserWebFilter$StaticUserFilter) to context static
2019-08-23 17:38:03,855 [main] INFO  http.HttpServer2 (HttpServer2.java:addFilter(958)) - Added filter static_user_filter (class=org.apache.hadoop.http.lib.StaticUserWebFilter$StaticUserFilter) to context logs
2019-08-23 17:38:03,856 [main] INFO  http.HttpServer2 (HttpServer2.java:bindListener(1191)) - Jetty bound to port 37535
2019-08-23 17:38:03,856 [main] INFO  server.Server (Server.java:doStart(351)) - jetty-9.3.24.v20180605, build timestamp: 2018-06-05T17:11:56Z, git hash: 84205aa28f11a4f31f2a3b86d1bba2cc8ab69827
2019-08-23 17:38:03,857 [main] INFO  handler.ContextHandler (ContextHandler.java:doStart(781)) - Started o.e.j.s.ServletContextHandler@26c349fc{/logs,file:///workdir/hadoop-ozone/integration-test/target/log,AVAILABLE}
2019-08-23 17:38:03,858 [main] INFO  handler.ContextHandler (ContextHandler.java:doStart(781)) - Started o.e.j.s.ServletContextHandler@489a722d{/static,jar:file:/home/user/.m2/repository/org/apache/hadoop/hadoop-hdds-container-service/0.5.0-SNAPSHOT/hadoop-hdds-container-service-0.5.0-SNAPSHOT.jar!/webapps/static,AVAILABLE}
2019-08-23 17:38:03,885 [main] INFO  handler.ContextHandler (ContextHandler.java:doStart(781)) - Started o.e.j.w.WebAppContext@75051d05{/,file:///tmp/jetty-0.0.0.0-37535-hddsDatanode-_-any-6846545585288341378.dir/webapp/,AVAILABLE}{/hddsDatanode}
2019-08-23 17:38:03,885 [main] INFO  server.AbstractConnector (AbstractConnector.java:doStart(278)) - Started ServerConnector@747b8f5c{HTTP/1.1,[http/1.1]}{0.0.0.0:37535}
2019-08-23 17:38:03,885 [main] INFO  server.Server (Server.java:doStart(419)) - Started @595261ms
2019-08-23 17:38:03,887 [main] INFO  server.BaseHttpServer (BaseHttpServer.java:updateConnectorAddress(213)) - HTTP server of HDDSDATANODE is listening at http://0.0.0.0:37535
2019-08-23 17:38:04,304 | INFO  | ObjectStoreRestHttpServer | Listening HDDS REST traffic on /0.0.0.0:44251 |  
2019-08-23 17:38:04,304 [main] INFO  ozone.HddsDatanodeService (HddsDatanodeService.java:startPlugins(395)) - Started plug-in org.apache.hadoop.ozone.web.OzoneHddsDatanodeService@73e0c775
2019-08-23 17:38:04,305 [main] INFO  impl.MetricsSystemImpl (MetricsSystemImpl.java:init(158)) - HddsDatanode metrics system started (again)
2019-08-23 17:38:04,308 [org.apache.hadoop.util.JvmPauseMonitor$Monitor@1ac4c7bb] INFO  util.JvmPauseMonitor (JvmPauseMonitor.java:run(188)) - Starting JVM pause monitor
2019-08-23 17:38:04,308 [main] INFO  ozone.HddsDatanodeService (HddsDatanodeService.java:start(184)) - HddsDatanodeService host:pr-hdds-2002-fbg9h-2504998875 ip:192.168.5.164
2019-08-23 17:38:04,309 [Datanode State Machine Thread - 0] INFO  datanode.InitDatanodeState (InitDatanodeState.java:persistContainerDatanodeDetails(140)) - DatanodeDetails is persisted to /workdir/hadoop-ozone/integration-test/target/test-dir/MiniOzoneClusterImpl-cabca72f-823b-48bd-9dbb-41083dd38152/datanode-2/meta/datanode.id
2019-08-23 17:38:04,318 [main] INFO  volume.HddsVolume (HddsVolume.java:<init>(176)) - Creating Volume: /workdir/hadoop-ozone/integration-test/target/test-dir/MiniOzoneClusterImpl-cabca72f-823b-48bd-9dbb-41083dd38152/datanode-3/data/containers/hdds of  storage type : DISK and capacity : 1482555576320
2019-08-23 17:38:04,319 [main] INFO  volume.VolumeSet (VolumeSet.java:initializeVolumeSet(170)) - Added Volume : /workdir/hadoop-ozone/integration-test/target/test-dir/MiniOzoneClusterImpl-cabca72f-823b-48bd-9dbb-41083dd38152/datanode-3/data/containers/hdds to VolumeSet
2019-08-23 17:38:04,319 [main] INFO  volume.ThrottledAsyncChecker (ThrottledAsyncChecker.java:schedule(140)) - Scheduling a check for org.apache.hadoop.ozone.container.common.volume.HddsVolume@1a983294
2019-08-23 17:38:04,319 [main] INFO  volume.HddsVolumeChecker (HddsVolumeChecker.java:checkAllVolumes(203)) - Scheduled health check for volume org.apache.hadoop.ozone.container.common.volume.HddsVolume@1a983294
2019-08-23 17:38:04,333 [main] INFO  impl.RaftServerProxy (ConfUtils.java:logGet(43)) - raft.rpc.type = GRPC (default)
2019-08-23 17:38:04,333 [main] INFO  grpc.GrpcFactory (GrpcFactory.java:checkPooledByteBufAllocatorUseCacheForAllThreads(45)) - PERFORMANCE WARNING: useCacheForAllThreads is true that may cause Netty to create a lot garbage objects and, as a result, trigger GC.
	It is recommended to disable useCacheForAllThreads by setting -Dorg.apache.ratis.thirdparty.io.netty.allocator.useCacheForAllThreads=false in command line.
2019-08-23 17:38:04,333 [main] INFO  grpc.GrpcConfigKeys$Server (ConfUtils.java:logGet(43)) - raft.grpc.server.port = 0 (default)
2019-08-23 17:38:04,334 [main] INFO  server.GrpcService (ConfUtils.java:logGet(43)) - raft.grpc.message.size.max = 33570816 (custom)
2019-08-23 17:38:04,334 [main] INFO  server.RaftServerConfigKeys (ConfUtils.java:logGet(43)) - raft.server.log.appender.buffer.byte-limit = 33554432 (custom)
2019-08-23 17:38:04,334 [main] INFO  server.GrpcService (ConfUtils.java:logGet(43)) - raft.grpc.flow.control.window = 1MB (=1048576) (default)
2019-08-23 17:38:04,334 [main] INFO  server.RaftServerConfigKeys (ConfUtils.java:logGet(43)) - raft.server.rpc.request.timeout = 3000ms (default)
2019-08-23 17:38:04,334 [main] INFO  server.RaftServerConfigKeys (ConfUtils.java:logGet(43)) - raft.server.storage.dir = [/workdir/hadoop-ozone/integration-test/target/test-dir/MiniOzoneClusterImpl-cabca72f-823b-48bd-9dbb-41083dd38152/datanode-3/data/ratis] (custom)
2019-08-23 17:38:04,335 [main] INFO  replication.SimpleContainerDownloader (SimpleContainerDownloader.java:<init>(72)) - Starting container downloader service to copy containers to replicate.
2019-08-23 17:38:04,336 [main] INFO  hdfs.DFSUtil (DFSUtil.java:httpServerTemplateForNNAndJN(1641)) - Starting Web-server for hddsDatanode at: http://0.0.0.0:0
2019-08-23 17:38:04,338 [main] INFO  server.AuthenticationFilter (AuthenticationFilter.java:constructSecretProvider(240)) - Unable to initialize FileSignerSecretProvider, falling back to use random secrets.
2019-08-23 17:38:04,339 [main] WARN  http.HttpRequestLog (HttpRequestLog.java:getRequestLog(97)) - Jetty request log can only be enabled using Log4j
2019-08-23 17:38:04,341 [main] INFO  http.HttpServer2 (HttpServer2.java:addGlobalFilter(975)) - Added global filter 'safety' (class=org.apache.hadoop.http.HttpServer2$QuotingInputFilter)
2019-08-23 17:38:04,341 [main] INFO  http.HttpServer2 (HttpServer2.java:addFilter(948)) - Added filter static_user_filter (class=org.apache.hadoop.http.lib.StaticUserWebFilter$StaticUserFilter) to context hddsDatanode
2019-08-23 17:38:04,341 [main] INFO  http.HttpServer2 (HttpServer2.java:addFilter(958)) - Added filter static_user_filter (class=org.apache.hadoop.http.lib.StaticUserWebFilter$StaticUserFilter) to context static
2019-08-23 17:38:04,342 [main] INFO  http.HttpServer2 (HttpServer2.java:addFilter(958)) - Added filter static_user_filter (class=org.apache.hadoop.http.lib.StaticUserWebFilter$StaticUserFilter) to context logs
2019-08-23 17:38:04,342 [main] INFO  http.HttpServer2 (HttpServer2.java:bindListener(1191)) - Jetty bound to port 32867
2019-08-23 17:38:04,343 [main] INFO  server.Server (Server.java:doStart(351)) - jetty-9.3.24.v20180605, build timestamp: 2018-06-05T17:11:56Z, git hash: 84205aa28f11a4f31f2a3b86d1bba2cc8ab69827
2019-08-23 17:38:04,345 [main] INFO  handler.ContextHandler (ContextHandler.java:doStart(781)) - Started o.e.j.s.ServletContextHandler@1b3a1e42{/logs,file:///workdir/hadoop-ozone/integration-test/target/log,AVAILABLE}
2019-08-23 17:38:04,345 [main] INFO  handler.ContextHandler (ContextHandler.java:doStart(781)) - Started o.e.j.s.ServletContextHandler@3c5797c6{/static,jar:file:/home/user/.m2/repository/org/apache/hadoop/hadoop-hdds-container-service/0.5.0-SNAPSHOT/hadoop-hdds-container-service-0.5.0-SNAPSHOT.jar!/webapps/static,AVAILABLE}
2019-08-23 17:38:04,383 [main] INFO  handler.ContextHandler (ContextHandler.java:doStart(781)) - Started o.e.j.w.WebAppContext@32cfd722{/,file:///tmp/jetty-0.0.0.0-32867-hddsDatanode-_-any-5310395976660217920.dir/webapp/,AVAILABLE}{/hddsDatanode}
2019-08-23 17:38:04,384 [main] INFO  server.AbstractConnector (AbstractConnector.java:doStart(278)) - Started ServerConnector@69815126{HTTP/1.1,[http/1.1]}{0.0.0.0:32867}
2019-08-23 17:38:04,385 [main] INFO  server.Server (Server.java:doStart(419)) - Started @595761ms
2019-08-23 17:38:04,386 [main] INFO  server.BaseHttpServer (BaseHttpServer.java:updateConnectorAddress(213)) - HTTP server of HDDSDATANODE is listening at http://0.0.0.0:32867
2019-08-23 17:38:04,543 | INFO  | ObjectStoreRestHttpServer | Listening HDDS REST traffic on /0.0.0.0:38663 |  
2019-08-23 17:38:04,543 [main] INFO  ozone.HddsDatanodeService (HddsDatanodeService.java:startPlugins(395)) - Started plug-in org.apache.hadoop.ozone.web.OzoneHddsDatanodeService@44189797
2019-08-23 17:38:04,544 [main] INFO  impl.MetricsSystemImpl (MetricsSystemImpl.java:init(158)) - HddsDatanode metrics system started (again)
2019-08-23 17:38:04,547 [org.apache.hadoop.util.JvmPauseMonitor$Monitor@eaed65e] INFO  util.JvmPauseMonitor (JvmPauseMonitor.java:run(188)) - Starting JVM pause monitor
2019-08-23 17:38:04,547 [main] INFO  ozone.HddsDatanodeService (HddsDatanodeService.java:start(184)) - HddsDatanodeService host:pr-hdds-2002-fbg9h-2504998875 ip:192.168.5.164
2019-08-23 17:38:04,549 [Datanode State Machine Thread - 0] INFO  datanode.InitDatanodeState (InitDatanodeState.java:persistContainerDatanodeDetails(140)) - DatanodeDetails is persisted to /workdir/hadoop-ozone/integration-test/target/test-dir/MiniOzoneClusterImpl-cabca72f-823b-48bd-9dbb-41083dd38152/datanode-3/meta/datanode.id
2019-08-23 17:38:04,558 [main] INFO  volume.HddsVolume (HddsVolume.java:<init>(176)) - Creating Volume: /workdir/hadoop-ozone/integration-test/target/test-dir/MiniOzoneClusterImpl-cabca72f-823b-48bd-9dbb-41083dd38152/datanode-4/data/containers/hdds of  storage type : DISK and capacity : 1482555576320
2019-08-23 17:38:04,558 [main] INFO  volume.VolumeSet (VolumeSet.java:initializeVolumeSet(170)) - Added Volume : /workdir/hadoop-ozone/integration-test/target/test-dir/MiniOzoneClusterImpl-cabca72f-823b-48bd-9dbb-41083dd38152/datanode-4/data/containers/hdds to VolumeSet
2019-08-23 17:38:04,558 [main] INFO  volume.ThrottledAsyncChecker (ThrottledAsyncChecker.java:schedule(140)) - Scheduling a check for org.apache.hadoop.ozone.container.common.volume.HddsVolume@93fb20b
2019-08-23 17:38:04,558 [main] INFO  volume.HddsVolumeChecker (HddsVolumeChecker.java:checkAllVolumes(203)) - Scheduled health check for volume org.apache.hadoop.ozone.container.common.volume.HddsVolume@93fb20b
2019-08-23 17:38:04,572 [main] INFO  impl.RaftServerProxy (ConfUtils.java:logGet(43)) - raft.rpc.type = GRPC (default)
2019-08-23 17:38:04,572 [main] INFO  grpc.GrpcFactory (GrpcFactory.java:checkPooledByteBufAllocatorUseCacheForAllThreads(45)) - PERFORMANCE WARNING: useCacheForAllThreads is true that may cause Netty to create a lot garbage objects and, as a result, trigger GC.
	It is recommended to disable useCacheForAllThreads by setting -Dorg.apache.ratis.thirdparty.io.netty.allocator.useCacheForAllThreads=false in command line.
2019-08-23 17:38:04,572 [main] INFO  grpc.GrpcConfigKeys$Server (ConfUtils.java:logGet(43)) - raft.grpc.server.port = 0 (default)
2019-08-23 17:38:04,573 [main] INFO  server.GrpcService (ConfUtils.java:logGet(43)) - raft.grpc.message.size.max = 33570816 (custom)
2019-08-23 17:38:04,573 [main] INFO  server.RaftServerConfigKeys (ConfUtils.java:logGet(43)) - raft.server.log.appender.buffer.byte-limit = 33554432 (custom)
2019-08-23 17:38:04,573 [main] INFO  server.GrpcService (ConfUtils.java:logGet(43)) - raft.grpc.flow.control.window = 1MB (=1048576) (default)
2019-08-23 17:38:04,573 [main] INFO  server.RaftServerConfigKeys (ConfUtils.java:logGet(43)) - raft.server.rpc.request.timeout = 3000ms (default)
2019-08-23 17:38:04,574 [main] INFO  server.RaftServerConfigKeys (ConfUtils.java:logGet(43)) - raft.server.storage.dir = [/workdir/hadoop-ozone/integration-test/target/test-dir/MiniOzoneClusterImpl-cabca72f-823b-48bd-9dbb-41083dd38152/datanode-4/data/ratis] (custom)
2019-08-23 17:38:04,574 [main] INFO  replication.SimpleContainerDownloader (SimpleContainerDownloader.java:<init>(72)) - Starting container downloader service to copy containers to replicate.
2019-08-23 17:38:04,575 [main] INFO  hdfs.DFSUtil (DFSUtil.java:httpServerTemplateForNNAndJN(1641)) - Starting Web-server for hddsDatanode at: http://0.0.0.0:0
2019-08-23 17:38:04,577 [main] INFO  server.AuthenticationFilter (AuthenticationFilter.java:constructSecretProvider(240)) - Unable to initialize FileSignerSecretProvider, falling back to use random secrets.
2019-08-23 17:38:04,577 [main] WARN  http.HttpRequestLog (HttpRequestLog.java:getRequestLog(97)) - Jetty request log can only be enabled using Log4j
2019-08-23 17:38:04,579 [main] INFO  http.HttpServer2 (HttpServer2.java:addGlobalFilter(975)) - Added global filter 'safety' (class=org.apache.hadoop.http.HttpServer2$QuotingInputFilter)
2019-08-23 17:38:04,580 [main] INFO  http.HttpServer2 (HttpServer2.java:addFilter(948)) - Added filter static_user_filter (class=org.apache.hadoop.http.lib.StaticUserWebFilter$StaticUserFilter) to context hddsDatanode
2019-08-23 17:38:04,580 [main] INFO  http.HttpServer2 (HttpServer2.java:addFilter(958)) - Added filter static_user_filter (class=org.apache.hadoop.http.lib.StaticUserWebFilter$StaticUserFilter) to context static
2019-08-23 17:38:04,580 [main] INFO  http.HttpServer2 (HttpServer2.java:addFilter(958)) - Added filter static_user_filter (class=org.apache.hadoop.http.lib.StaticUserWebFilter$StaticUserFilter) to context logs
2019-08-23 17:38:04,581 [main] INFO  http.HttpServer2 (HttpServer2.java:bindListener(1191)) - Jetty bound to port 38431
2019-08-23 17:38:04,581 [main] INFO  server.Server (Server.java:doStart(351)) - jetty-9.3.24.v20180605, build timestamp: 2018-06-05T17:11:56Z, git hash: 84205aa28f11a4f31f2a3b86d1bba2cc8ab69827
2019-08-23 17:38:04,583 [main] INFO  handler.ContextHandler (ContextHandler.java:doStart(781)) - Started o.e.j.s.ServletContextHandler@19984625{/logs,file:///workdir/hadoop-ozone/integration-test/target/log,AVAILABLE}
2019-08-23 17:38:04,583 [main] INFO  handler.ContextHandler (ContextHandler.java:doStart(781)) - Started o.e.j.s.ServletContextHandler@718198db{/static,jar:file:/home/user/.m2/repository/org/apache/hadoop/hadoop-hdds-container-service/0.5.0-SNAPSHOT/hadoop-hdds-container-service-0.5.0-SNAPSHOT.jar!/webapps/static,AVAILABLE}
2019-08-23 17:38:04,628 [main] INFO  handler.ContextHandler (ContextHandler.java:doStart(781)) - Started o.e.j.w.WebAppContext@5180f430{/,file:///tmp/jetty-0.0.0.0-38431-hddsDatanode-_-any-6355084158220831909.dir/webapp/,AVAILABLE}{/hddsDatanode}
2019-08-23 17:38:04,629 [main] INFO  server.AbstractConnector (AbstractConnector.java:doStart(278)) - Started ServerConnector@4e7d77ec{HTTP/1.1,[http/1.1]}{0.0.0.0:38431}
2019-08-23 17:38:04,635 [main] INFO  server.Server (Server.java:doStart(419)) - Started @596011ms
2019-08-23 17:38:04,636 [main] INFO  server.BaseHttpServer (BaseHttpServer.java:updateConnectorAddress(213)) - HTTP server of HDDSDATANODE is listening at http://0.0.0.0:38431
2019-08-23 17:38:04,786 | INFO  | ObjectStoreRestHttpServer | Listening HDDS REST traffic on /0.0.0.0:40284 |  
2019-08-23 17:38:04,786 [main] INFO  ozone.HddsDatanodeService (HddsDatanodeService.java:startPlugins(395)) - Started plug-in org.apache.hadoop.ozone.web.OzoneHddsDatanodeService@24fcfdb
2019-08-23 17:38:04,787 [main] INFO  impl.MetricsSystemImpl (MetricsSystemImpl.java:init(158)) - HddsDatanode metrics system started (again)
2019-08-23 17:38:04,792 [org.apache.hadoop.util.JvmPauseMonitor$Monitor@13adcdf2] INFO  util.JvmPauseMonitor (JvmPauseMonitor.java:run(188)) - Starting JVM pause monitor
2019-08-23 17:38:04,792 [main] INFO  ozone.HddsDatanodeService (HddsDatanodeService.java:start(184)) - HddsDatanodeService host:pr-hdds-2002-fbg9h-2504998875 ip:192.168.5.164
2019-08-23 17:38:04,794 [Datanode State Machine Thread - 0] INFO  datanode.InitDatanodeState (InitDatanodeState.java:persistContainerDatanodeDetails(140)) - DatanodeDetails is persisted to /workdir/hadoop-ozone/integration-test/target/test-dir/MiniOzoneClusterImpl-cabca72f-823b-48bd-9dbb-41083dd38152/datanode-4/meta/datanode.id
2019-08-23 17:38:04,803 [main] INFO  volume.HddsVolume (HddsVolume.java:<init>(176)) - Creating Volume: /workdir/hadoop-ozone/integration-test/target/test-dir/MiniOzoneClusterImpl-cabca72f-823b-48bd-9dbb-41083dd38152/datanode-5/data/containers/hdds of  storage type : DISK and capacity : 1482555576320
2019-08-23 17:38:04,803 [main] INFO  volume.VolumeSet (VolumeSet.java:initializeVolumeSet(170)) - Added Volume : /workdir/hadoop-ozone/integration-test/target/test-dir/MiniOzoneClusterImpl-cabca72f-823b-48bd-9dbb-41083dd38152/datanode-5/data/containers/hdds to VolumeSet
2019-08-23 17:38:04,803 [main] INFO  volume.ThrottledAsyncChecker (ThrottledAsyncChecker.java:schedule(140)) - Scheduling a check for org.apache.hadoop.ozone.container.common.volume.HddsVolume@1203c259
2019-08-23 17:38:04,804 [main] INFO  volume.HddsVolumeChecker (HddsVolumeChecker.java:checkAllVolumes(203)) - Scheduled health check for volume org.apache.hadoop.ozone.container.common.volume.HddsVolume@1203c259
2019-08-23 17:38:04,824 [main] INFO  impl.RaftServerProxy (ConfUtils.java:logGet(43)) - raft.rpc.type = GRPC (default)
2019-08-23 17:38:04,824 [main] INFO  grpc.GrpcFactory (GrpcFactory.java:checkPooledByteBufAllocatorUseCacheForAllThreads(45)) - PERFORMANCE WARNING: useCacheForAllThreads is true that may cause Netty to create a lot garbage objects and, as a result, trigger GC.
	It is recommended to disable useCacheForAllThreads by setting -Dorg.apache.ratis.thirdparty.io.netty.allocator.useCacheForAllThreads=false in command line.
2019-08-23 17:38:04,825 [main] INFO  grpc.GrpcConfigKeys$Server (ConfUtils.java:logGet(43)) - raft.grpc.server.port = 0 (default)
2019-08-23 17:38:04,825 [main] INFO  server.GrpcService (ConfUtils.java:logGet(43)) - raft.grpc.message.size.max = 33570816 (custom)
2019-08-23 17:38:04,825 [main] INFO  server.RaftServerConfigKeys (ConfUtils.java:logGet(43)) - raft.server.log.appender.buffer.byte-limit = 33554432 (custom)
2019-08-23 17:38:04,825 [main] INFO  server.GrpcService (ConfUtils.java:logGet(43)) - raft.grpc.flow.control.window = 1MB (=1048576) (default)
2019-08-23 17:38:04,825 [main] INFO  server.RaftServerConfigKeys (ConfUtils.java:logGet(43)) - raft.server.rpc.request.timeout = 3000ms (default)
2019-08-23 17:38:04,826 [main] INFO  server.RaftServerConfigKeys (ConfUtils.java:logGet(43)) - raft.server.storage.dir = [/workdir/hadoop-ozone/integration-test/target/test-dir/MiniOzoneClusterImpl-cabca72f-823b-48bd-9dbb-41083dd38152/datanode-5/data/ratis] (custom)
2019-08-23 17:38:04,826 [main] INFO  replication.SimpleContainerDownloader (SimpleContainerDownloader.java:<init>(72)) - Starting container downloader service to copy containers to replicate.
2019-08-23 17:38:04,827 [main] INFO  hdfs.DFSUtil (DFSUtil.java:httpServerTemplateForNNAndJN(1641)) - Starting Web-server for hddsDatanode at: http://0.0.0.0:0
2019-08-23 17:38:04,829 [main] INFO  server.AuthenticationFilter (AuthenticationFilter.java:constructSecretProvider(240)) - Unable to initialize FileSignerSecretProvider, falling back to use random secrets.
2019-08-23 17:38:04,830 [main] WARN  http.HttpRequestLog (HttpRequestLog.java:getRequestLog(97)) - Jetty request log can only be enabled using Log4j
2019-08-23 17:38:04,831 [main] INFO  http.HttpServer2 (HttpServer2.java:addGlobalFilter(975)) - Added global filter 'safety' (class=org.apache.hadoop.http.HttpServer2$QuotingInputFilter)
2019-08-23 17:38:04,832 [main] INFO  http.HttpServer2 (HttpServer2.java:addFilter(948)) - Added filter static_user_filter (class=org.apache.hadoop.http.lib.StaticUserWebFilter$StaticUserFilter) to context hddsDatanode
2019-08-23 17:38:04,832 [main] INFO  http.HttpServer2 (HttpServer2.java:addFilter(958)) - Added filter static_user_filter (class=org.apache.hadoop.http.lib.StaticUserWebFilter$StaticUserFilter) to context static
2019-08-23 17:38:04,832 [main] INFO  http.HttpServer2 (HttpServer2.java:addFilter(958)) - Added filter static_user_filter (class=org.apache.hadoop.http.lib.StaticUserWebFilter$StaticUserFilter) to context logs
2019-08-23 17:38:04,833 [main] INFO  http.HttpServer2 (HttpServer2.java:bindListener(1191)) - Jetty bound to port 39396
2019-08-23 17:38:04,833 [main] INFO  server.Server (Server.java:doStart(351)) - jetty-9.3.24.v20180605, build timestamp: 2018-06-05T17:11:56Z, git hash: 84205aa28f11a4f31f2a3b86d1bba2cc8ab69827
2019-08-23 17:38:04,835 [main] INFO  handler.ContextHandler (ContextHandler.java:doStart(781)) - Started o.e.j.s.ServletContextHandler@7abeaed0{/logs,file:///workdir/hadoop-ozone/integration-test/target/log,AVAILABLE}
2019-08-23 17:38:04,836 [main] INFO  handler.ContextHandler (ContextHandler.java:doStart(781)) - Started o.e.j.s.ServletContextHandler@2ddb260e{/static,jar:file:/home/user/.m2/repository/org/apache/hadoop/hadoop-hdds-container-service/0.5.0-SNAPSHOT/hadoop-hdds-container-service-0.5.0-SNAPSHOT.jar!/webapps/static,AVAILABLE}
2019-08-23 17:38:04,874 [main] INFO  handler.ContextHandler (ContextHandler.java:doStart(781)) - Started o.e.j.w.WebAppContext@30367620{/,file:///tmp/jetty-0.0.0.0-39396-hddsDatanode-_-any-3480197972005609266.dir/webapp/,AVAILABLE}{/hddsDatanode}
2019-08-23 17:38:04,875 [main] INFO  server.AbstractConnector (AbstractConnector.java:doStart(278)) - Started ServerConnector@61ee9672{HTTP/1.1,[http/1.1]}{0.0.0.0:39396}
2019-08-23 17:38:04,877 [main] INFO  server.Server (Server.java:doStart(419)) - Started @596253ms
2019-08-23 17:38:04,877 [main] INFO  server.BaseHttpServer (BaseHttpServer.java:updateConnectorAddress(213)) - HTTP server of HDDSDATANODE is listening at http://0.0.0.0:39396
2019-08-23 17:38:04,993 | INFO  | ObjectStoreRestHttpServer | Listening HDDS REST traffic on /0.0.0.0:35554 |  
2019-08-23 17:38:04,993 [main] INFO  ozone.HddsDatanodeService (HddsDatanodeService.java:startPlugins(395)) - Started plug-in org.apache.hadoop.ozone.web.OzoneHddsDatanodeService@3f8961fc
2019-08-23 17:38:04,994 [main] INFO  impl.MetricsSystemImpl (MetricsSystemImpl.java:init(158)) - HddsDatanode metrics system started (again)
2019-08-23 17:38:04,997 [org.apache.hadoop.util.JvmPauseMonitor$Monitor@7259a520] INFO  util.JvmPauseMonitor (JvmPauseMonitor.java:run(188)) - Starting JVM pause monitor
2019-08-23 17:38:04,998 [main] INFO  ozone.HddsDatanodeService (HddsDatanodeService.java:start(184)) - HddsDatanodeService host:pr-hdds-2002-fbg9h-2504998875 ip:192.168.5.164
2019-08-23 17:38:04,999 [Datanode State Machine Thread - 0] INFO  datanode.InitDatanodeState (InitDatanodeState.java:persistContainerDatanodeDetails(140)) - DatanodeDetails is persisted to /workdir/hadoop-ozone/integration-test/target/test-dir/MiniOzoneClusterImpl-cabca72f-823b-48bd-9dbb-41083dd38152/datanode-5/meta/datanode.id
2019-08-23 17:38:05,006 [main] INFO  volume.HddsVolume (HddsVolume.java:<init>(176)) - Creating Volume: /workdir/hadoop-ozone/integration-test/target/test-dir/MiniOzoneClusterImpl-cabca72f-823b-48bd-9dbb-41083dd38152/datanode-6/data/containers/hdds of  storage type : DISK and capacity : 1482555576320
2019-08-23 17:38:05,007 [main] INFO  volume.VolumeSet (VolumeSet.java:initializeVolumeSet(170)) - Added Volume : /workdir/hadoop-ozone/integration-test/target/test-dir/MiniOzoneClusterImpl-cabca72f-823b-48bd-9dbb-41083dd38152/datanode-6/data/containers/hdds to VolumeSet
2019-08-23 17:38:05,007 [main] INFO  volume.ThrottledAsyncChecker (ThrottledAsyncChecker.java:schedule(140)) - Scheduling a check for org.apache.hadoop.ozone.container.common.volume.HddsVolume@5d6d6533
2019-08-23 17:38:05,008 [main] INFO  volume.HddsVolumeChecker (HddsVolumeChecker.java:checkAllVolumes(203)) - Scheduled health check for volume org.apache.hadoop.ozone.container.common.volume.HddsVolume@5d6d6533
2019-08-23 17:38:05,019 [main] INFO  impl.RaftServerProxy (ConfUtils.java:logGet(43)) - raft.rpc.type = GRPC (default)
2019-08-23 17:38:05,019 [main] INFO  grpc.GrpcFactory (GrpcFactory.java:checkPooledByteBufAllocatorUseCacheForAllThreads(45)) - PERFORMANCE WARNING: useCacheForAllThreads is true that may cause Netty to create a lot garbage objects and, as a result, trigger GC.
	It is recommended to disable useCacheForAllThreads by setting -Dorg.apache.ratis.thirdparty.io.netty.allocator.useCacheForAllThreads=false in command line.
2019-08-23 17:38:05,019 [main] INFO  grpc.GrpcConfigKeys$Server (ConfUtils.java:logGet(43)) - raft.grpc.server.port = 0 (default)
2019-08-23 17:38:05,020 [main] INFO  server.GrpcService (ConfUtils.java:logGet(43)) - raft.grpc.message.size.max = 33570816 (custom)
2019-08-23 17:38:05,020 [main] INFO  server.RaftServerConfigKeys (ConfUtils.java:logGet(43)) - raft.server.log.appender.buffer.byte-limit = 33554432 (custom)
2019-08-23 17:38:05,020 [main] INFO  server.GrpcService (ConfUtils.java:logGet(43)) - raft.grpc.flow.control.window = 1MB (=1048576) (default)
2019-08-23 17:38:05,020 [main] INFO  server.RaftServerConfigKeys (ConfUtils.java:logGet(43)) - raft.server.rpc.request.timeout = 3000ms (default)
2019-08-23 17:38:05,021 [main] INFO  server.RaftServerConfigKeys (ConfUtils.java:logGet(43)) - raft.server.storage.dir = [/workdir/hadoop-ozone/integration-test/target/test-dir/MiniOzoneClusterImpl-cabca72f-823b-48bd-9dbb-41083dd38152/datanode-6/data/ratis] (custom)
2019-08-23 17:38:05,021 [main] INFO  replication.SimpleContainerDownloader (SimpleContainerDownloader.java:<init>(72)) - Starting container downloader service to copy containers to replicate.
2019-08-23 17:38:05,022 [main] INFO  hdfs.DFSUtil (DFSUtil.java:httpServerTemplateForNNAndJN(1641)) - Starting Web-server for hddsDatanode at: http://0.0.0.0:0
2019-08-23 17:38:05,023 [main] INFO  server.AuthenticationFilter (AuthenticationFilter.java:constructSecretProvider(240)) - Unable to initialize FileSignerSecretProvider, falling back to use random secrets.
2019-08-23 17:38:05,024 [main] WARN  http.HttpRequestLog (HttpRequestLog.java:getRequestLog(97)) - Jetty request log can only be enabled using Log4j
2019-08-23 17:38:05,025 [main] INFO  http.HttpServer2 (HttpServer2.java:addGlobalFilter(975)) - Added global filter 'safety' (class=org.apache.hadoop.http.HttpServer2$QuotingInputFilter)
2019-08-23 17:38:05,025 [main] INFO  http.HttpServer2 (HttpServer2.java:addFilter(948)) - Added filter static_user_filter (class=org.apache.hadoop.http.lib.StaticUserWebFilter$StaticUserFilter) to context hddsDatanode
2019-08-23 17:38:05,026 [main] INFO  http.HttpServer2 (HttpServer2.java:addFilter(958)) - Added filter static_user_filter (class=org.apache.hadoop.http.lib.StaticUserWebFilter$StaticUserFilter) to context static
2019-08-23 17:38:05,026 [main] INFO  http.HttpServer2 (HttpServer2.java:addFilter(958)) - Added filter static_user_filter (class=org.apache.hadoop.http.lib.StaticUserWebFilter$StaticUserFilter) to context logs
2019-08-23 17:38:05,026 [main] INFO  http.HttpServer2 (HttpServer2.java:bindListener(1191)) - Jetty bound to port 35340
2019-08-23 17:38:05,027 [main] INFO  server.Server (Server.java:doStart(351)) - jetty-9.3.24.v20180605, build timestamp: 2018-06-05T17:11:56Z, git hash: 84205aa28f11a4f31f2a3b86d1bba2cc8ab69827
2019-08-23 17:38:05,028 [main] INFO  handler.ContextHandler (ContextHandler.java:doStart(781)) - Started o.e.j.s.ServletContextHandler@679f3e12{/logs,file:///workdir/hadoop-ozone/integration-test/target/log,AVAILABLE}
2019-08-23 17:38:05,028 [main] INFO  handler.ContextHandler (ContextHandler.java:doStart(781)) - Started o.e.j.s.ServletContextHandler@57af157c{/static,jar:file:/home/user/.m2/repository/org/apache/hadoop/hadoop-hdds-container-service/0.5.0-SNAPSHOT/hadoop-hdds-container-service-0.5.0-SNAPSHOT.jar!/webapps/static,AVAILABLE}
2019-08-23 17:38:05,055 [main] INFO  handler.ContextHandler (ContextHandler.java:doStart(781)) - Started o.e.j.w.WebAppContext@27ccf818{/,file:///tmp/jetty-0.0.0.0-35340-hddsDatanode-_-any-3154651120877594188.dir/webapp/,AVAILABLE}{/hddsDatanode}
2019-08-23 17:38:05,055 [main] INFO  server.AbstractConnector (AbstractConnector.java:doStart(278)) - Started ServerConnector@5f6ae1d{HTTP/1.1,[http/1.1]}{0.0.0.0:35340}
2019-08-23 17:38:05,060 [main] INFO  server.Server (Server.java:doStart(419)) - Started @596436ms
2019-08-23 17:38:05,060 [main] INFO  server.BaseHttpServer (BaseHttpServer.java:updateConnectorAddress(213)) - HTTP server of HDDSDATANODE is listening at http://0.0.0.0:35340
2019-08-23 17:38:05,174 | INFO  | ObjectStoreRestHttpServer | Listening HDDS REST traffic on /0.0.0.0:42455 |  
2019-08-23 17:38:05,174 [main] INFO  ozone.HddsDatanodeService (HddsDatanodeService.java:startPlugins(395)) - Started plug-in org.apache.hadoop.ozone.web.OzoneHddsDatanodeService@2a7ed9bd
2019-08-23 17:38:05,174 [main] INFO  ozone.MiniOzoneClusterImpl (MiniOzoneClusterImpl.java:lambda$waitForClusterToBeReady$0(142)) - Waiting for cluster to be ready. Got 0 of 7 DN Heartbeats.
2019-08-23 17:38:05,176 [org.apache.hadoop.util.JvmPauseMonitor$Monitor@774277db] INFO  util.JvmPauseMonitor (JvmPauseMonitor.java:run(188)) - Starting JVM pause monitor
2019-08-23 17:38:05,178 [Datanode State Machine Thread - 0] INFO  datanode.InitDatanodeState (InitDatanodeState.java:persistContainerDatanodeDetails(140)) - DatanodeDetails is persisted to /workdir/hadoop-ozone/integration-test/target/test-dir/MiniOzoneClusterImpl-cabca72f-823b-48bd-9dbb-41083dd38152/datanode-6/meta/datanode.id
2019-08-23 17:38:05,647 | INFO  | SCMAudit | user=jenkins1000 | ip=192.168.5.164 | op=GET_VERSION null | ret=SUCCESS |  
2019-08-23 17:38:05,664 [Datanode State Machine Thread - 0] INFO  ozoneimpl.OzoneContainer (OzoneContainer.java:start(186)) - Attempting to start container services.
2019-08-23 17:38:05,664 [Datanode State Machine Thread - 0] INFO  ozoneimpl.OzoneContainer (OzoneContainer.java:startContainerScrub(160)) - Background container scrubber has been disabled by hdds.containerscrub.enabled
2019-08-23 17:38:05,664 [Datanode State Machine Thread - 0] INFO  ratis.XceiverServerRatis (XceiverServerRatis.java:start(404)) - Starting XceiverServerRatis af295c0c-cf39-49e0-b1b6-91e795e968f5 at port 0
2019-08-23 17:38:05,674 [Datanode State Machine Thread - 0] INFO  impl.RaftServerProxy (RaftServerProxy.java:lambda$start$3(299)) - af295c0c-cf39-49e0-b1b6-91e795e968f5: start RPC server
2019-08-23 17:38:05,676 [Datanode State Machine Thread - 0] INFO  server.GrpcService (GrpcService.java:startImpl(149)) - af295c0c-cf39-49e0-b1b6-91e795e968f5: GrpcService started, listening on 0.0.0.0/0.0.0.0:42177
2019-08-23 17:38:05,676 [Datanode State Machine Thread - 0] INFO  ratis.XceiverServerRatis (XceiverServerRatis.java:start(414)) - XceiverServerRatis af295c0c-cf39-49e0-b1b6-91e795e968f5 is started using port 42177
2019-08-23 17:38:05,677 [Datanode State Machine Thread - 0] INFO  server.XceiverServerGrpc (XceiverServerGrpc.java:start(161)) - XceiverServerGrpc af295c0c-cf39-49e0-b1b6-91e795e968f5 is started using port 43438
2019-08-23 17:38:05,823 | INFO  | SCMAudit | user=jenkins1000 | ip=192.168.5.164 | op=GET_VERSION null | ret=SUCCESS |  
2019-08-23 17:38:05,838 [Datanode State Machine Thread - 0] INFO  ozoneimpl.OzoneContainer (OzoneContainer.java:start(186)) - Attempting to start container services.
2019-08-23 17:38:05,838 [Datanode State Machine Thread - 0] INFO  ozoneimpl.OzoneContainer (OzoneContainer.java:startContainerScrub(160)) - Background container scrubber has been disabled by hdds.containerscrub.enabled
2019-08-23 17:38:05,838 [Datanode State Machine Thread - 0] INFO  ratis.XceiverServerRatis (XceiverServerRatis.java:start(404)) - Starting XceiverServerRatis a5ccefe7-6527-4c8b-8ee9-d8dc1719327d at port 0
2019-08-23 17:38:05,848 [Datanode State Machine Thread - 0] INFO  impl.RaftServerProxy (RaftServerProxy.java:lambda$start$3(299)) - a5ccefe7-6527-4c8b-8ee9-d8dc1719327d: start RPC server
2019-08-23 17:38:05,849 [Datanode State Machine Thread - 0] INFO  server.GrpcService (GrpcService.java:startImpl(149)) - a5ccefe7-6527-4c8b-8ee9-d8dc1719327d: GrpcService started, listening on 0.0.0.0/0.0.0.0:45236
2019-08-23 17:38:05,849 [Datanode State Machine Thread - 0] INFO  ratis.XceiverServerRatis (XceiverServerRatis.java:start(414)) - XceiverServerRatis a5ccefe7-6527-4c8b-8ee9-d8dc1719327d is started using port 45236
2019-08-23 17:38:05,851 [Datanode State Machine Thread - 0] INFO  server.XceiverServerGrpc (XceiverServerGrpc.java:start(161)) - XceiverServerGrpc a5ccefe7-6527-4c8b-8ee9-d8dc1719327d is started using port 41637
2019-08-23 17:38:06,175 [main] INFO  ozone.MiniOzoneClusterImpl (MiniOzoneClusterImpl.java:lambda$waitForClusterToBeReady$0(142)) - Waiting for cluster to be ready. Got 0 of 7 DN Heartbeats.
2019-08-23 17:38:06,308 | INFO  | SCMAudit | user=jenkins1000 | ip=192.168.5.164 | op=GET_VERSION null | ret=SUCCESS |  
2019-08-23 17:38:06,322 [Datanode State Machine Thread - 0] INFO  ozoneimpl.OzoneContainer (OzoneContainer.java:start(186)) - Attempting to start container services.
2019-08-23 17:38:06,322 [Datanode State Machine Thread - 0] INFO  ozoneimpl.OzoneContainer (OzoneContainer.java:startContainerScrub(160)) - Background container scrubber has been disabled by hdds.containerscrub.enabled
2019-08-23 17:38:06,323 [Datanode State Machine Thread - 0] INFO  ratis.XceiverServerRatis (XceiverServerRatis.java:start(404)) - Starting XceiverServerRatis 12ec41bc-15f8-4651-8725-e0a5649e7d04 at port 0
2019-08-23 17:38:06,332 [Datanode State Machine Thread - 0] INFO  impl.RaftServerProxy (RaftServerProxy.java:lambda$start$3(299)) - 12ec41bc-15f8-4651-8725-e0a5649e7d04: start RPC server
2019-08-23 17:38:06,333 [Datanode State Machine Thread - 0] INFO  server.GrpcService (GrpcService.java:startImpl(149)) - 12ec41bc-15f8-4651-8725-e0a5649e7d04: GrpcService started, listening on 0.0.0.0/0.0.0.0:39108
2019-08-23 17:38:06,333 [Datanode State Machine Thread - 0] INFO  ratis.XceiverServerRatis (XceiverServerRatis.java:start(414)) - XceiverServerRatis 12ec41bc-15f8-4651-8725-e0a5649e7d04 is started using port 39108
2019-08-23 17:38:06,333 [Datanode State Machine Thread - 0] INFO  server.XceiverServerGrpc (XceiverServerGrpc.java:start(161)) - XceiverServerGrpc 12ec41bc-15f8-4651-8725-e0a5649e7d04 is started using port 35401
2019-08-23 17:38:06,548 | INFO  | SCMAudit | user=jenkins1000 | ip=192.168.5.164 | op=GET_VERSION null | ret=SUCCESS |  
2019-08-23 17:38:06,562 [Datanode State Machine Thread - 0] INFO  ozoneimpl.OzoneContainer (OzoneContainer.java:start(186)) - Attempting to start container services.
2019-08-23 17:38:06,563 [Datanode State Machine Thread - 0] INFO  ozoneimpl.OzoneContainer (OzoneContainer.java:startContainerScrub(160)) - Background container scrubber has been disabled by hdds.containerscrub.enabled
2019-08-23 17:38:06,563 [Datanode State Machine Thread - 0] INFO  ratis.XceiverServerRatis (XceiverServerRatis.java:start(404)) - Starting XceiverServerRatis 3c4b984b-57f4-4c80-8be3-09d942f0ab46 at port 0
2019-08-23 17:38:06,575 [Datanode State Machine Thread - 0] INFO  impl.RaftServerProxy (RaftServerProxy.java:lambda$start$3(299)) - 3c4b984b-57f4-4c80-8be3-09d942f0ab46: start RPC server
2019-08-23 17:38:06,576 [Datanode State Machine Thread - 0] INFO  server.GrpcService (GrpcService.java:startImpl(149)) - 3c4b984b-57f4-4c80-8be3-09d942f0ab46: GrpcService started, listening on 0.0.0.0/0.0.0.0:43511
2019-08-23 17:38:06,576 [Datanode State Machine Thread - 0] INFO  ratis.XceiverServerRatis (XceiverServerRatis.java:start(414)) - XceiverServerRatis 3c4b984b-57f4-4c80-8be3-09d942f0ab46 is started using port 43511
2019-08-23 17:38:06,577 [Datanode State Machine Thread - 0] INFO  server.XceiverServerGrpc (XceiverServerGrpc.java:start(161)) - XceiverServerGrpc 3c4b984b-57f4-4c80-8be3-09d942f0ab46 is started using port 46566
2019-08-23 17:38:06,792 | INFO  | SCMAudit | user=jenkins1000 | ip=192.168.5.164 | op=GET_VERSION null | ret=SUCCESS |  
2019-08-23 17:38:06,807 [Datanode State Machine Thread - 0] INFO  ozoneimpl.OzoneContainer (OzoneContainer.java:start(186)) - Attempting to start container services.
2019-08-23 17:38:06,807 [Datanode State Machine Thread - 0] INFO  ozoneimpl.OzoneContainer (OzoneContainer.java:startContainerScrub(160)) - Background container scrubber has been disabled by hdds.containerscrub.enabled
2019-08-23 17:38:06,807 [Datanode State Machine Thread - 0] INFO  ratis.XceiverServerRatis (XceiverServerRatis.java:start(404)) - Starting XceiverServerRatis 85e641fa-5017-4198-8052-eafab442e101 at port 0
2019-08-23 17:38:06,817 [Datanode State Machine Thread - 0] INFO  impl.RaftServerProxy (RaftServerProxy.java:lambda$start$3(299)) - 85e641fa-5017-4198-8052-eafab442e101: start RPC server
2019-08-23 17:38:06,818 [Datanode State Machine Thread - 0] INFO  server.GrpcService (GrpcService.java:startImpl(149)) - 85e641fa-5017-4198-8052-eafab442e101: GrpcService started, listening on 0.0.0.0/0.0.0.0:39342
2019-08-23 17:38:06,818 [Datanode State Machine Thread - 0] INFO  ratis.XceiverServerRatis (XceiverServerRatis.java:start(414)) - XceiverServerRatis 85e641fa-5017-4198-8052-eafab442e101 is started using port 39342
2019-08-23 17:38:06,818 [Datanode State Machine Thread - 0] INFO  server.XceiverServerGrpc (XceiverServerGrpc.java:start(161)) - XceiverServerGrpc 85e641fa-5017-4198-8052-eafab442e101 is started using port 40413
2019-08-23 17:38:06,998 | INFO  | SCMAudit | user=jenkins1000 | ip=192.168.5.164 | op=GET_VERSION null | ret=SUCCESS |  
2019-08-23 17:38:07,012 [Datanode State Machine Thread - 0] INFO  ozoneimpl.OzoneContainer (OzoneContainer.java:start(186)) - Attempting to start container services.
2019-08-23 17:38:07,013 [Datanode State Machine Thread - 0] INFO  ozoneimpl.OzoneContainer (OzoneContainer.java:startContainerScrub(160)) - Background container scrubber has been disabled by hdds.containerscrub.enabled
2019-08-23 17:38:07,013 [Datanode State Machine Thread - 0] INFO  ratis.XceiverServerRatis (XceiverServerRatis.java:start(404)) - Starting XceiverServerRatis 6bac59a6-6e96-4b6d-a78d-651c0bed005c at port 0
2019-08-23 17:38:07,022 [Datanode State Machine Thread - 0] INFO  impl.RaftServerProxy (RaftServerProxy.java:lambda$start$3(299)) - 6bac59a6-6e96-4b6d-a78d-651c0bed005c: start RPC server
2019-08-23 17:38:07,024 [Datanode State Machine Thread - 0] INFO  server.GrpcService (GrpcService.java:startImpl(149)) - 6bac59a6-6e96-4b6d-a78d-651c0bed005c: GrpcService started, listening on 0.0.0.0/0.0.0.0:45735
2019-08-23 17:38:07,024 [Datanode State Machine Thread - 0] INFO  ratis.XceiverServerRatis (XceiverServerRatis.java:start(414)) - XceiverServerRatis 6bac59a6-6e96-4b6d-a78d-651c0bed005c is started using port 45735
2019-08-23 17:38:07,024 [Datanode State Machine Thread - 0] INFO  server.XceiverServerGrpc (XceiverServerGrpc.java:start(161)) - XceiverServerGrpc 6bac59a6-6e96-4b6d-a78d-651c0bed005c is started using port 39056
2019-08-23 17:38:07,175 [main] INFO  ozone.MiniOzoneClusterImpl (MiniOzoneClusterImpl.java:lambda$waitForClusterToBeReady$0(142)) - Waiting for cluster to be ready. Got 0 of 7 DN Heartbeats.
2019-08-23 17:38:07,177 | INFO  | SCMAudit | user=jenkins1000 | ip=192.168.5.164 | op=GET_VERSION null | ret=SUCCESS |  
2019-08-23 17:38:07,192 [Datanode State Machine Thread - 0] INFO  ozoneimpl.OzoneContainer (OzoneContainer.java:start(186)) - Attempting to start container services.
2019-08-23 17:38:07,192 [Datanode State Machine Thread - 0] INFO  ozoneimpl.OzoneContainer (OzoneContainer.java:startContainerScrub(160)) - Background container scrubber has been disabled by hdds.containerscrub.enabled
2019-08-23 17:38:07,192 [Datanode State Machine Thread - 0] INFO  ratis.XceiverServerRatis (XceiverServerRatis.java:start(404)) - Starting XceiverServerRatis dc82463a-faf1-47ee-884f-ca1185c16136 at port 0
2019-08-23 17:38:07,202 [Datanode State Machine Thread - 0] INFO  impl.RaftServerProxy (RaftServerProxy.java:lambda$start$3(299)) - dc82463a-faf1-47ee-884f-ca1185c16136: start RPC server
2019-08-23 17:38:07,203 [Datanode State Machine Thread - 0] INFO  server.GrpcService (GrpcService.java:startImpl(149)) - dc82463a-faf1-47ee-884f-ca1185c16136: GrpcService started, listening on 0.0.0.0/0.0.0.0:33077
2019-08-23 17:38:07,203 [Datanode State Machine Thread - 0] INFO  ratis.XceiverServerRatis (XceiverServerRatis.java:start(414)) - XceiverServerRatis dc82463a-faf1-47ee-884f-ca1185c16136 is started using port 33077
2019-08-23 17:38:07,204 [Datanode State Machine Thread - 0] INFO  server.XceiverServerGrpc (XceiverServerGrpc.java:start(161)) - XceiverServerGrpc dc82463a-faf1-47ee-884f-ca1185c16136 is started using port 45222
2019-08-23 17:38:07,646 [IPC Server handler 4 on 33532] INFO  net.NetworkTopology (NetworkTopologyImpl.java:add(110)) - Added a new node: /default-rack/af295c0c-cf39-49e0-b1b6-91e795e968f5
2019-08-23 17:38:07,649 [IPC Server handler 4 on 33532] INFO  node.SCMNodeManager (SCMNodeManager.java:register(273)) - Registered Data node : af295c0c-cf39-49e0-b1b6-91e795e968f5{ip: 192.168.5.164, host: pr-hdds-2002-fbg9h-2504998875, networkLocation: /default-rack, certSerialId: null}
2019-08-23 17:38:07,650 | INFO  | SCMAudit | user=jenkins1000 | ip=192.168.5.164 | op=REGISTER {datanodeDetails=af295c0c-cf39-49e0-b1b6-91e795e968f5{ip: 192.168.5.164, host: pr-hdds-2002-fbg9h-2504998875, networkLocation: /default-rack, certSerialId: null}} | ret=SUCCESS |  
2019-08-23 17:38:07,650 [EventQueue-NodeRegistrationContainerReportForDataNodeSafeModeRule] INFO  safemode.SCMSafeModeManager (DataNodeSafeModeRule.java:process(71)) - SCM in safe mode. 1 DataNodes registered, 1 required.
2019-08-23 17:38:07,652 [EventQueue-NodeRegistrationContainerReportForDataNodeSafeModeRule] INFO  safemode.SCMSafeModeManager (SCMSafeModeManager.java:validateSafeModeExitRules(177)) - ScmSafeModeManager, all rules are successfully validated
2019-08-23 17:38:07,652 [EventQueue-NodeRegistrationContainerReportForDataNodeSafeModeRule] INFO  safemode.SCMSafeModeManager (SCMSafeModeManager.java:exitSafeMode(193)) - SCM exiting safe mode.
2019-08-23 17:38:07,675 [grpc-default-executor-4] INFO  impl.RaftServerProxy (RaftServerProxy.java:addNew(89)) - af295c0c-cf39-49e0-b1b6-91e795e968f5: addNew group-57F7E2BDCFEE:[af295c0c-cf39-49e0-b1b6-91e795e968f5:192.168.5.164:42177] returns group-57F7E2BDCFEE:java.util.concurrent.CompletableFuture@7191930c[Not completed]
2019-08-23 17:38:07,676 [pool-439-thread-1] INFO  impl.RaftServerImpl (RaftServerImpl.java:<init>(93)) - af295c0c-cf39-49e0-b1b6-91e795e968f5: new RaftServerImpl for group-57F7E2BDCFEE:[af295c0c-cf39-49e0-b1b6-91e795e968f5:192.168.5.164:42177] with ContainerStateMachine:uninitialized
2019-08-23 17:38:07,677 [pool-439-thread-1] INFO  server.RaftServerConfigKeys (ConfUtils.java:logGet(43)) - raft.server.rpc.timeout.min = 5s (custom)
2019-08-23 17:38:07,677 [pool-439-thread-1] INFO  server.RaftServerConfigKeys (ConfUtils.java:logGet(43)) - raft.server.rpc.timeout.max = 5200ms (custom)
2019-08-23 17:38:07,677 [pool-439-thread-1] INFO  server.RaftServerConfigKeys (ConfUtils.java:logGet(43)) - raft.server.rpcslowness.timeout = 120s (custom)
2019-08-23 17:38:07,677 [pool-439-thread-1] INFO  server.RaftServerConfigKeys (ConfUtils.java:logGet(43)) - raft.server.sleep.deviation.threshold = 300 (default)
2019-08-23 17:38:07,677 [pool-439-thread-1] INFO  server.RaftServerConfigKeys (ConfUtils.java:logGet(43)) - raft.server.log.appender.install.snapshot.enabled = false (custom)
2019-08-23 17:38:07,677 [pool-439-thread-1] INFO  impl.RaftServerImpl (ServerState.java:<init>(105)) - af295c0c-cf39-49e0-b1b6-91e795e968f5:group-57F7E2BDCFEE ConfigurationManager, init=-1: [af295c0c-cf39-49e0-b1b6-91e795e968f5:192.168.5.164:42177], old=null, confs=<EMPTY_MAP>
2019-08-23 17:38:07,678 [pool-439-thread-1] INFO  server.RaftServerConfigKeys (ConfUtils.java:logGet(43)) - raft.server.storage.dir = [/workdir/hadoop-ozone/integration-test/target/test-dir/MiniOzoneClusterImpl-cabca72f-823b-48bd-9dbb-41083dd38152/datanode-0/data/ratis] (custom)
2019-08-23 17:38:07,678 [pool-439-thread-1] INFO  storage.RaftStorageDirectory (RaftStorageDirectory.java:analyzeStorage(246)) - The storage directory /workdir/hadoop-ozone/integration-test/target/test-dir/MiniOzoneClusterImpl-cabca72f-823b-48bd-9dbb-41083dd38152/datanode-0/data/ratis/b8d0dcd8-c262-49cd-8ff9-57f7e2bdcfee does not exist. Creating ...
2019-08-23 17:38:07,692 [pool-439-thread-1] INFO  storage.RaftStorageDirectory (RaftStorageDirectory.java:tryLock(328)) - Lock on /workdir/hadoop-ozone/integration-test/target/test-dir/MiniOzoneClusterImpl-cabca72f-823b-48bd-9dbb-41083dd38152/datanode-0/data/ratis/b8d0dcd8-c262-49cd-8ff9-57f7e2bdcfee/in_use.lock acquired by nodename 29154@pr-hdds-2002-fbg9h-2504998875
2019-08-23 17:38:07,705 [pool-439-thread-1] INFO  storage.RaftStorage (RaftStorage.java:format(72)) - Storage directory /workdir/hadoop-ozone/integration-test/target/test-dir/MiniOzoneClusterImpl-cabca72f-823b-48bd-9dbb-41083dd38152/datanode-0/data/ratis/b8d0dcd8-c262-49cd-8ff9-57f7e2bdcfee has been successfully formatted.
2019-08-23 17:38:07,705 [pool-439-thread-1] INFO  ratis.ContainerStateMachine (ContainerStateMachine.java:loadSnapshot(226)) - group-57F7E2BDCFEE: The snapshot info is null. Setting the last applied indexto:(t:0, i:~)
2019-08-23 17:38:07,705 [pool-439-thread-1] INFO  server.RaftServerConfigKeys (ConfUtils.java:logGet(43)) - raft.server.leader.election.timeout = 120s (custom)
2019-08-23 17:38:07,706 [pool-439-thread-1] INFO  server.RaftServerConfigKeys (ConfUtils.java:logGet(43)) - raft.server.log.use.memory = false (default)
2019-08-23 17:38:07,706 [pool-439-thread-1] INFO  server.RaftServerConfigKeys (ConfUtils.java:logGet(43)) - raft.server.log.purge.gap = 1000000 (custom)
2019-08-23 17:38:07,706 [pool-439-thread-1] INFO  server.RaftServerConfigKeys (ConfUtils.java:logGet(43)) - raft.server.log.appender.buffer.byte-limit = 33554432 (custom)
2019-08-23 17:38:07,706 [pool-439-thread-1] INFO  server.RaftServerConfigKeys (ConfUtils.java:logGet(43)) - raft.server.log.segment.size.max = 1048576 (custom)
2019-08-23 17:38:07,706 [pool-439-thread-1] INFO  server.RaftServerConfigKeys (ConfUtils.java:logGet(43)) - raft.server.log.segment.cache.num.max = 2 (custom)
2019-08-23 17:38:07,707 [pool-439-thread-1] INFO  segmented.SegmentedRaftLogWorker (SegmentedRaftLogWorker.java:<init>(172)) - new af295c0c-cf39-49e0-b1b6-91e795e968f5-SegmentedRaftLogWorker:Storage Directory /workdir/hadoop-ozone/integration-test/target/test-dir/MiniOzoneClusterImpl-cabca72f-823b-48bd-9dbb-41083dd38152/datanode-0/data/ratis/b8d0dcd8-c262-49cd-8ff9-57f7e2bdcfee for RaftStorage:Storage Directory /workdir/hadoop-ozone/integration-test/target/test-dir/MiniOzoneClusterImpl-cabca72f-823b-48bd-9dbb-41083dd38152/datanode-0/data/ratis/b8d0dcd8-c262-49cd-8ff9-57f7e2bdcfee
2019-08-23 17:38:07,707 [pool-439-thread-1] INFO  server.RaftServerConfigKeys (ConfUtils.java:logGet(43)) - raft.server.log.queue.byte-limit = 2147483647 (custom)
2019-08-23 17:38:07,707 [pool-439-thread-1] INFO  server.RaftServerConfigKeys (ConfUtils.java:logGet(43)) - raft.server.log.queue.element-limit = 1024 (custom)
2019-08-23 17:38:07,708 [pool-439-thread-1] INFO  server.RaftServerConfigKeys (ConfUtils.java:logGet(43)) - raft.server.log.segment.size.max = 1048576 (custom)
2019-08-23 17:38:07,708 [pool-439-thread-1] INFO  server.RaftServerConfigKeys (ConfUtils.java:logGet(43)) - raft.server.log.preallocated.size = 16384 (custom)
2019-08-23 17:38:07,708 [pool-439-thread-1] INFO  server.RaftServerConfigKeys (ConfUtils.java:logGet(43)) - raft.server.log.write.buffer.size = 33554432 (custom)
2019-08-23 17:38:07,708 [pool-439-thread-1] INFO  server.RaftServerConfigKeys (ConfUtils.java:logGet(43)) - raft.server.log.force.sync.num = 128 (default)
2019-08-23 17:38:07,708 [pool-439-thread-1] INFO  server.RaftServerConfigKeys (ConfUtils.java:logGet(43)) - raft.server.log.statemachine.data.sync = true (default)
2019-08-23 17:38:07,708 [pool-439-thread-1] INFO  server.RaftServerConfigKeys (ConfUtils.java:logGet(43)) - raft.server.log.statemachine.data.sync.timeout = 10s (default)
2019-08-23 17:38:07,708 [pool-439-thread-1] INFO  server.RaftServerConfigKeys (ConfUtils.java:logGet(43)) - raft.server.log.statemachine.data.sync.timeout.retry = -1 (default)
2019-08-23 17:38:07,709 [pool-439-thread-1] INFO  server.RaftServerConfigKeys (ConfUtils.java:logGet(43)) - raft.server.log.statemachine.data.caching.enabled = true (custom)
2019-08-23 17:38:07,709 [pool-439-thread-1] INFO  segmented.SegmentedRaftLogWorker (SegmentedRaftLogWorker.java:lambda$new$0(132)) - af295c0c-cf39-49e0-b1b6-91e795e968f5-SegmentedRaftLogWorker:Storage Directory /workdir/hadoop-ozone/integration-test/target/test-dir/MiniOzoneClusterImpl-cabca72f-823b-48bd-9dbb-41083dd38152/datanode-0/data/ratis/b8d0dcd8-c262-49cd-8ff9-57f7e2bdcfee: flushIndex: setUnconditionally 0 -> -1
2019-08-23 17:38:07,710 [pool-439-thread-1] INFO  server.RaftServerConfigKeys (ConfUtils.java:logGet(43)) - raft.server.snapshot.auto.trigger.enabled = true (custom)
2019-08-23 17:38:07,710 [pool-439-thread-1] INFO  server.RaftServerConfigKeys (ConfUtils.java:logGet(43)) - raft.server.snapshot.auto.trigger.threshold = 10000 (custom)
2019-08-23 17:38:07,710 [pool-439-thread-1] INFO  server.RaftServerConfigKeys (ConfUtils.java:logGet(43)) - raft.server.retrycache.expirytime = 600000ms (custom)
2019-08-23 17:38:07,710 [pool-439-thread-1] INFO  impl.RaftServerImpl (RaftServerImpl.java:start(180)) - af295c0c-cf39-49e0-b1b6-91e795e968f5: start group-57F7E2BDCFEE
2019-08-23 17:38:07,711 [pool-439-thread-1] INFO  impl.RaftServerImpl (RaftServerImpl.java:setRole(171)) - af295c0c-cf39-49e0-b1b6-91e795e968f5:group-57F7E2BDCFEE changes role from null to FOLLOWER at term 0 for startAsFollower
2019-08-23 17:38:07,711 [pool-439-thread-1] INFO  impl.RoleInfo (RoleInfo.java:updateAndGet(143)) - af295c0c-cf39-49e0-b1b6-91e795e968f5: start FollowerState
2019-08-23 17:38:07,712 [pool-439-thread-1] INFO  util.JmxRegister (JmxRegister.java:tryRegister(44)) - Successfully registered JMX Bean with object name Ratis:service=RaftServer,group=group-57F7E2BDCFEE,id=af295c0c-cf39-49e0-b1b6-91e795e968f5
2019-08-23 17:38:07,716 [RatisPipelineUtilsThread] INFO  pipeline.PipelineStateManager (PipelineStateManager.java:addPipeline(56)) - Created pipeline Pipeline[ Id: b8d0dcd8-c262-49cd-8ff9-57f7e2bdcfee, Nodes: af295c0c-cf39-49e0-b1b6-91e795e968f5{ip: 192.168.5.164, host: pr-hdds-2002-fbg9h-2504998875, networkLocation: /default-rack, certSerialId: null}, Type:RATIS, Factor:ONE, State:OPEN]
2019-08-23 17:38:07,824 [IPC Server handler 3 on 33532] INFO  net.NetworkTopology (NetworkTopologyImpl.java:add(110)) - Added a new node: /default-rack/a5ccefe7-6527-4c8b-8ee9-d8dc1719327d
2019-08-23 17:38:07,824 [IPC Server handler 3 on 33532] INFO  node.SCMNodeManager (SCMNodeManager.java:register(273)) - Registered Data node : a5ccefe7-6527-4c8b-8ee9-d8dc1719327d{ip: 192.168.5.164, host: pr-hdds-2002-fbg9h-2504998875, networkLocation: /default-rack, certSerialId: null}
2019-08-23 17:38:07,824 | INFO  | SCMAudit | user=jenkins1000 | ip=192.168.5.164 | op=REGISTER {datanodeDetails=a5ccefe7-6527-4c8b-8ee9-d8dc1719327d{ip: 192.168.5.164, host: pr-hdds-2002-fbg9h-2504998875, networkLocation: /default-rack, certSerialId: null}} | ret=SUCCESS |  
2019-08-23 17:38:07,832 [grpc-default-executor-4] INFO  impl.RaftServerProxy (RaftServerProxy.java:addNew(89)) - a5ccefe7-6527-4c8b-8ee9-d8dc1719327d: addNew group-FE600C6163F0:[a5ccefe7-6527-4c8b-8ee9-d8dc1719327d:192.168.5.164:45236] returns group-FE600C6163F0:java.util.concurrent.CompletableFuture@614b0226[Not completed]
2019-08-23 17:38:07,834 [pool-450-thread-1] INFO  impl.RaftServerImpl (RaftServerImpl.java:<init>(93)) - a5ccefe7-6527-4c8b-8ee9-d8dc1719327d: new RaftServerImpl for group-FE600C6163F0:[a5ccefe7-6527-4c8b-8ee9-d8dc1719327d:192.168.5.164:45236] with ContainerStateMachine:uninitialized
2019-08-23 17:38:07,834 [pool-450-thread-1] INFO  server.RaftServerConfigKeys (ConfUtils.java:logGet(43)) - raft.server.rpc.timeout.min = 5s (custom)
2019-08-23 17:38:07,834 [pool-450-thread-1] INFO  server.RaftServerConfigKeys (ConfUtils.java:logGet(43)) - raft.server.rpc.timeout.max = 5200ms (custom)
2019-08-23 17:38:07,834 [pool-450-thread-1] INFO  server.RaftServerConfigKeys (ConfUtils.java:logGet(43)) - raft.server.rpcslowness.timeout = 120s (custom)
2019-08-23 17:38:07,835 [pool-450-thread-1] INFO  server.RaftServerConfigKeys (ConfUtils.java:logGet(43)) - raft.server.sleep.deviation.threshold = 300 (default)
2019-08-23 17:38:07,835 [pool-450-thread-1] INFO  server.RaftServerConfigKeys (ConfUtils.java:logGet(43)) - raft.server.log.appender.install.snapshot.enabled = false (custom)
2019-08-23 17:38:07,835 [pool-450-thread-1] INFO  impl.RaftServerImpl (ServerState.java:<init>(105)) - a5ccefe7-6527-4c8b-8ee9-d8dc1719327d:group-FE600C6163F0 ConfigurationManager, init=-1: [a5ccefe7-6527-4c8b-8ee9-d8dc1719327d:192.168.5.164:45236], old=null, confs=<EMPTY_MAP>
2019-08-23 17:38:07,835 [pool-450-thread-1] INFO  server.RaftServerConfigKeys (ConfUtils.java:logGet(43)) - raft.server.storage.dir = [/workdir/hadoop-ozone/integration-test/target/test-dir/MiniOzoneClusterImpl-cabca72f-823b-48bd-9dbb-41083dd38152/datanode-1/data/ratis] (custom)
2019-08-23 17:38:07,835 [pool-450-thread-1] INFO  storage.RaftStorageDirectory (RaftStorageDirectory.java:analyzeStorage(246)) - The storage directory /workdir/hadoop-ozone/integration-test/target/test-dir/MiniOzoneClusterImpl-cabca72f-823b-48bd-9dbb-41083dd38152/datanode-1/data/ratis/f899fb18-cbd3-4692-ab36-fe600c6163f0 does not exist. Creating ...
2019-08-23 17:38:07,849 [pool-450-thread-1] INFO  storage.RaftStorageDirectory (RaftStorageDirectory.java:tryLock(328)) - Lock on /workdir/hadoop-ozone/integration-test/target/test-dir/MiniOzoneClusterImpl-cabca72f-823b-48bd-9dbb-41083dd38152/datanode-1/data/ratis/f899fb18-cbd3-4692-ab36-fe600c6163f0/in_use.lock acquired by nodename 29154@pr-hdds-2002-fbg9h-2504998875
2019-08-23 17:38:07,862 [pool-450-thread-1] INFO  storage.RaftStorage (RaftStorage.java:format(72)) - Storage directory /workdir/hadoop-ozone/integration-test/target/test-dir/MiniOzoneClusterImpl-cabca72f-823b-48bd-9dbb-41083dd38152/datanode-1/data/ratis/f899fb18-cbd3-4692-ab36-fe600c6163f0 has been successfully formatted.
2019-08-23 17:38:07,863 [pool-450-thread-1] INFO  ratis.ContainerStateMachine (ContainerStateMachine.java:loadSnapshot(226)) - group-FE600C6163F0: The snapshot info is null. Setting the last applied indexto:(t:0, i:~)
2019-08-23 17:38:07,863 [pool-450-thread-1] INFO  server.RaftServerConfigKeys (ConfUtils.java:logGet(43)) - raft.server.leader.election.timeout = 120s (custom)
2019-08-23 17:38:07,863 [pool-450-thread-1] INFO  server.RaftServerConfigKeys (ConfUtils.java:logGet(43)) - raft.server.log.use.memory = false (default)
2019-08-23 17:38:07,863 [pool-450-thread-1] INFO  server.RaftServerConfigKeys (ConfUtils.java:logGet(43)) - raft.server.log.purge.gap = 1000000 (custom)
2019-08-23 17:38:07,864 [pool-450-thread-1] INFO  server.RaftServerConfigKeys (ConfUtils.java:logGet(43)) - raft.server.log.appender.buffer.byte-limit = 33554432 (custom)
2019-08-23 17:38:07,864 [pool-450-thread-1] INFO  server.RaftServerConfigKeys (ConfUtils.java:logGet(43)) - raft.server.log.segment.size.max = 1048576 (custom)
2019-08-23 17:38:07,864 [pool-450-thread-1] INFO  server.RaftServerConfigKeys (ConfUtils.java:logGet(43)) - raft.server.log.segment.cache.num.max = 2 (custom)
2019-08-23 17:38:07,864 [pool-450-thread-1] INFO  segmented.SegmentedRaftLogWorker (SegmentedRaftLogWorker.java:<init>(172)) - new a5ccefe7-6527-4c8b-8ee9-d8dc1719327d-SegmentedRaftLogWorker:Storage Directory /workdir/hadoop-ozone/integration-test/target/test-dir/MiniOzoneClusterImpl-cabca72f-823b-48bd-9dbb-41083dd38152/datanode-1/data/ratis/f899fb18-cbd3-4692-ab36-fe600c6163f0 for RaftStorage:Storage Directory /workdir/hadoop-ozone/integration-test/target/test-dir/MiniOzoneClusterImpl-cabca72f-823b-48bd-9dbb-41083dd38152/datanode-1/data/ratis/f899fb18-cbd3-4692-ab36-fe600c6163f0
2019-08-23 17:38:07,864 [pool-450-thread-1] INFO  server.RaftServerConfigKeys (ConfUtils.java:logGet(43)) - raft.server.log.queue.byte-limit = 2147483647 (custom)
2019-08-23 17:38:07,865 [pool-450-thread-1] INFO  server.RaftServerConfigKeys (ConfUtils.java:logGet(43)) - raft.server.log.queue.element-limit = 1024 (custom)
2019-08-23 17:38:07,865 [pool-450-thread-1] INFO  server.RaftServerConfigKeys (ConfUtils.java:logGet(43)) - raft.server.log.segment.size.max = 1048576 (custom)
2019-08-23 17:38:07,865 [pool-450-thread-1] INFO  server.RaftServerConfigKeys (ConfUtils.java:logGet(43)) - raft.server.log.preallocated.size = 16384 (custom)
2019-08-23 17:38:07,865 [pool-450-thread-1] INFO  server.RaftServerConfigKeys (ConfUtils.java:logGet(43)) - raft.server.log.write.buffer.size = 33554432 (custom)
2019-08-23 17:38:07,865 [pool-450-thread-1] INFO  server.RaftServerConfigKeys (ConfUtils.java:logGet(43)) - raft.server.log.force.sync.num = 128 (default)
2019-08-23 17:38:07,866 [pool-450-thread-1] INFO  server.RaftServerConfigKeys (ConfUtils.java:logGet(43)) - raft.server.log.statemachine.data.sync = true (default)
2019-08-23 17:38:07,866 [pool-450-thread-1] INFO  server.RaftServerConfigKeys (ConfUtils.java:logGet(43)) - raft.server.log.statemachine.data.sync.timeout = 10s (default)
2019-08-23 17:38:07,866 [pool-450-thread-1] INFO  server.RaftServerConfigKeys (ConfUtils.java:logGet(43)) - raft.server.log.statemachine.data.sync.timeout.retry = -1 (default)
2019-08-23 17:38:07,866 [pool-450-thread-1] INFO  server.RaftServerConfigKeys (ConfUtils.java:logGet(43)) - raft.server.log.statemachine.data.caching.enabled = true (custom)
2019-08-23 17:38:07,867 [pool-450-thread-1] INFO  segmented.SegmentedRaftLogWorker (SegmentedRaftLogWorker.java:lambda$new$0(132)) - a5ccefe7-6527-4c8b-8ee9-d8dc1719327d-SegmentedRaftLogWorker:Storage Directory /workdir/hadoop-ozone/integration-test/target/test-dir/MiniOzoneClusterImpl-cabca72f-823b-48bd-9dbb-41083dd38152/datanode-1/data/ratis/f899fb18-cbd3-4692-ab36-fe600c6163f0: flushIndex: setUnconditionally 0 -> -1
2019-08-23 17:38:07,867 [pool-450-thread-1] INFO  server.RaftServerConfigKeys (ConfUtils.java:logGet(43)) - raft.server.snapshot.auto.trigger.enabled = true (custom)
2019-08-23 17:38:07,867 [pool-450-thread-1] INFO  server.RaftServerConfigKeys (ConfUtils.java:logGet(43)) - raft.server.snapshot.auto.trigger.threshold = 10000 (custom)
2019-08-23 17:38:07,868 [pool-450-thread-1] INFO  server.RaftServerConfigKeys (ConfUtils.java:logGet(43)) - raft.server.retrycache.expirytime = 600000ms (custom)
2019-08-23 17:38:07,868 [pool-450-thread-1] INFO  impl.RaftServerImpl (RaftServerImpl.java:start(180)) - a5ccefe7-6527-4c8b-8ee9-d8dc1719327d: start group-FE600C6163F0
2019-08-23 17:38:07,868 [pool-450-thread-1] INFO  impl.RaftServerImpl (RaftServerImpl.java:setRole(171)) - a5ccefe7-6527-4c8b-8ee9-d8dc1719327d:group-FE600C6163F0 changes role from null to FOLLOWER at term 0 for startAsFollower
2019-08-23 17:38:07,868 [pool-450-thread-1] INFO  impl.RoleInfo (RoleInfo.java:updateAndGet(143)) - a5ccefe7-6527-4c8b-8ee9-d8dc1719327d: start FollowerState
2019-08-23 17:38:07,869 [pool-450-thread-1] INFO  util.JmxRegister (JmxRegister.java:tryRegister(44)) - Successfully registered JMX Bean with object name Ratis:service=RaftServer,group=group-FE600C6163F0,id=a5ccefe7-6527-4c8b-8ee9-d8dc1719327d
2019-08-23 17:38:07,871 [RatisPipelineUtilsThread] INFO  pipeline.PipelineStateManager (PipelineStateManager.java:addPipeline(56)) - Created pipeline Pipeline[ Id: f899fb18-cbd3-4692-ab36-fe600c6163f0, Nodes: a5ccefe7-6527-4c8b-8ee9-d8dc1719327d{ip: 192.168.5.164, host: pr-hdds-2002-fbg9h-2504998875, networkLocation: /default-rack, certSerialId: null}, Type:RATIS, Factor:ONE, State:OPEN]
2019-08-23 17:38:08,176 [main] INFO  ozone.MiniOzoneClusterImpl (MiniOzoneClusterImpl.java:lambda$waitForClusterToBeReady$0(142)) - Waiting for cluster to be ready. Got 2 of 7 DN Heartbeats.
2019-08-23 17:38:08,309 [IPC Server handler 4 on 33532] INFO  net.NetworkTopology (NetworkTopologyImpl.java:add(110)) - Added a new node: /default-rack/12ec41bc-15f8-4651-8725-e0a5649e7d04
2019-08-23 17:38:08,309 [IPC Server handler 4 on 33532] INFO  node.SCMNodeManager (SCMNodeManager.java:register(273)) - Registered Data node : 12ec41bc-15f8-4651-8725-e0a5649e7d04{ip: 192.168.5.164, host: pr-hdds-2002-fbg9h-2504998875, networkLocation: /default-rack, certSerialId: null}
2019-08-23 17:38:08,310 | INFO  | SCMAudit | user=jenkins1000 | ip=192.168.5.164 | op=REGISTER {datanodeDetails=12ec41bc-15f8-4651-8725-e0a5649e7d04{ip: 192.168.5.164, host: pr-hdds-2002-fbg9h-2504998875, networkLocation: /default-rack, certSerialId: null}} | ret=SUCCESS |  
2019-08-23 17:38:08,318 [grpc-default-executor-4] INFO  impl.RaftServerProxy (RaftServerProxy.java:addNew(89)) - 12ec41bc-15f8-4651-8725-e0a5649e7d04: addNew group-B17BBE3558D3:[12ec41bc-15f8-4651-8725-e0a5649e7d04:192.168.5.164:39108] returns group-B17BBE3558D3:java.util.concurrent.CompletableFuture@5cea3df2[Not completed]
2019-08-23 17:38:08,319 [pool-461-thread-1] INFO  impl.RaftServerImpl (RaftServerImpl.java:<init>(93)) - 12ec41bc-15f8-4651-8725-e0a5649e7d04: new RaftServerImpl for group-B17BBE3558D3:[12ec41bc-15f8-4651-8725-e0a5649e7d04:192.168.5.164:39108] with ContainerStateMachine:uninitialized
2019-08-23 17:38:08,319 [pool-461-thread-1] INFO  server.RaftServerConfigKeys (ConfUtils.java:logGet(43)) - raft.server.rpc.timeout.min = 5s (custom)
2019-08-23 17:38:08,319 [pool-461-thread-1] INFO  server.RaftServerConfigKeys (ConfUtils.java:logGet(43)) - raft.server.rpc.timeout.max = 5200ms (custom)
2019-08-23 17:38:08,320 [pool-461-thread-1] INFO  server.RaftServerConfigKeys (ConfUtils.java:logGet(43)) - raft.server.rpcslowness.timeout = 120s (custom)
2019-08-23 17:38:08,320 [pool-461-thread-1] INFO  server.RaftServerConfigKeys (ConfUtils.java:logGet(43)) - raft.server.sleep.deviation.threshold = 300 (default)
2019-08-23 17:38:08,320 [pool-461-thread-1] INFO  server.RaftServerConfigKeys (ConfUtils.java:logGet(43)) - raft.server.log.appender.install.snapshot.enabled = false (custom)
2019-08-23 17:38:08,320 [pool-461-thread-1] INFO  impl.RaftServerImpl (ServerState.java:<init>(105)) - 12ec41bc-15f8-4651-8725-e0a5649e7d04:group-B17BBE3558D3 ConfigurationManager, init=-1: [12ec41bc-15f8-4651-8725-e0a5649e7d04:192.168.5.164:39108], old=null, confs=<EMPTY_MAP>
2019-08-23 17:38:08,320 [pool-461-thread-1] INFO  server.RaftServerConfigKeys (ConfUtils.java:logGet(43)) - raft.server.storage.dir = [/workdir/hadoop-ozone/integration-test/target/test-dir/MiniOzoneClusterImpl-cabca72f-823b-48bd-9dbb-41083dd38152/datanode-2/data/ratis] (custom)
2019-08-23 17:38:08,321 [pool-461-thread-1] INFO  storage.RaftStorageDirectory (RaftStorageDirectory.java:analyzeStorage(246)) - The storage directory /workdir/hadoop-ozone/integration-test/target/test-dir/MiniOzoneClusterImpl-cabca72f-823b-48bd-9dbb-41083dd38152/datanode-2/data/ratis/dd9c894d-46ab-4647-9e84-b17bbe3558d3 does not exist. Creating ...
2019-08-23 17:38:08,334 [pool-461-thread-1] INFO  storage.RaftStorageDirectory (RaftStorageDirectory.java:tryLock(328)) - Lock on /workdir/hadoop-ozone/integration-test/target/test-dir/MiniOzoneClusterImpl-cabca72f-823b-48bd-9dbb-41083dd38152/datanode-2/data/ratis/dd9c894d-46ab-4647-9e84-b17bbe3558d3/in_use.lock acquired by nodename 29154@pr-hdds-2002-fbg9h-2504998875
2019-08-23 17:38:08,347 [pool-461-thread-1] INFO  storage.RaftStorage (RaftStorage.java:format(72)) - Storage directory /workdir/hadoop-ozone/integration-test/target/test-dir/MiniOzoneClusterImpl-cabca72f-823b-48bd-9dbb-41083dd38152/datanode-2/data/ratis/dd9c894d-46ab-4647-9e84-b17bbe3558d3 has been successfully formatted.
2019-08-23 17:38:08,348 [pool-461-thread-1] INFO  ratis.ContainerStateMachine (ContainerStateMachine.java:loadSnapshot(226)) - group-B17BBE3558D3: The snapshot info is null. Setting the last applied indexto:(t:0, i:~)
2019-08-23 17:38:08,348 [pool-461-thread-1] INFO  server.RaftServerConfigKeys (ConfUtils.java:logGet(43)) - raft.server.leader.election.timeout = 120s (custom)
2019-08-23 17:38:08,348 [pool-461-thread-1] INFO  server.RaftServerConfigKeys (ConfUtils.java:logGet(43)) - raft.server.log.use.memory = false (default)
2019-08-23 17:38:08,348 [pool-461-thread-1] INFO  server.RaftServerConfigKeys (ConfUtils.java:logGet(43)) - raft.server.log.purge.gap = 1000000 (custom)
2019-08-23 17:38:08,348 [pool-461-thread-1] INFO  server.RaftServerConfigKeys (ConfUtils.java:logGet(43)) - raft.server.log.appender.buffer.byte-limit = 33554432 (custom)
2019-08-23 17:38:08,348 [pool-461-thread-1] INFO  server.RaftServerConfigKeys (ConfUtils.java:logGet(43)) - raft.server.log.segment.size.max = 1048576 (custom)
2019-08-23 17:38:08,349 [pool-461-thread-1] INFO  server.RaftServerConfigKeys (ConfUtils.java:logGet(43)) - raft.server.log.segment.cache.num.max = 2 (custom)
2019-08-23 17:38:08,349 [pool-461-thread-1] INFO  segmented.SegmentedRaftLogWorker (SegmentedRaftLogWorker.java:<init>(172)) - new 12ec41bc-15f8-4651-8725-e0a5649e7d04-SegmentedRaftLogWorker:Storage Directory /workdir/hadoop-ozone/integration-test/target/test-dir/MiniOzoneClusterImpl-cabca72f-823b-48bd-9dbb-41083dd38152/datanode-2/data/ratis/dd9c894d-46ab-4647-9e84-b17bbe3558d3 for RaftStorage:Storage Directory /workdir/hadoop-ozone/integration-test/target/test-dir/MiniOzoneClusterImpl-cabca72f-823b-48bd-9dbb-41083dd38152/datanode-2/data/ratis/dd9c894d-46ab-4647-9e84-b17bbe3558d3
2019-08-23 17:38:08,349 [pool-461-thread-1] INFO  server.RaftServerConfigKeys (ConfUtils.java:logGet(43)) - raft.server.log.queue.byte-limit = 2147483647 (custom)
2019-08-23 17:38:08,349 [pool-461-thread-1] INFO  server.RaftServerConfigKeys (ConfUtils.java:logGet(43)) - raft.server.log.queue.element-limit = 1024 (custom)
2019-08-23 17:38:08,349 [pool-461-thread-1] INFO  server.RaftServerConfigKeys (ConfUtils.java:logGet(43)) - raft.server.log.segment.size.max = 1048576 (custom)
2019-08-23 17:38:08,350 [pool-461-thread-1] INFO  server.RaftServerConfigKeys (ConfUtils.java:logGet(43)) - raft.server.log.preallocated.size = 16384 (custom)
2019-08-23 17:38:08,350 [pool-461-thread-1] INFO  server.RaftServerConfigKeys (ConfUtils.java:logGet(43)) - raft.server.log.write.buffer.size = 33554432 (custom)
2019-08-23 17:38:08,350 [pool-461-thread-1] INFO  server.RaftServerConfigKeys (ConfUtils.java:logGet(43)) - raft.server.log.force.sync.num = 128 (default)
2019-08-23 17:38:08,350 [pool-461-thread-1] INFO  server.RaftServerConfigKeys (ConfUtils.java:logGet(43)) - raft.server.log.statemachine.data.sync = true (default)
2019-08-23 17:38:08,350 [pool-461-thread-1] INFO  server.RaftServerConfigKeys (ConfUtils.java:logGet(43)) - raft.server.log.statemachine.data.sync.timeout = 10s (default)
2019-08-23 17:38:08,350 [pool-461-thread-1] INFO  server.RaftServerConfigKeys (ConfUtils.java:logGet(43)) - raft.server.log.statemachine.data.sync.timeout.retry = -1 (default)
2019-08-23 17:38:08,351 [pool-461-thread-1] INFO  server.RaftServerConfigKeys (ConfUtils.java:logGet(43)) - raft.server.log.statemachine.data.caching.enabled = true (custom)
2019-08-23 17:38:08,351 [pool-461-thread-1] INFO  segmented.SegmentedRaftLogWorker (SegmentedRaftLogWorker.java:lambda$new$0(132)) - 12ec41bc-15f8-4651-8725-e0a5649e7d04-SegmentedRaftLogWorker:Storage Directory /workdir/hadoop-ozone/integration-test/target/test-dir/MiniOzoneClusterImpl-cabca72f-823b-48bd-9dbb-41083dd38152/datanode-2/data/ratis/dd9c894d-46ab-4647-9e84-b17bbe3558d3: flushIndex: setUnconditionally 0 -> -1
2019-08-23 17:38:08,351 [pool-461-thread-1] INFO  server.RaftServerConfigKeys (ConfUtils.java:logGet(43)) - raft.server.snapshot.auto.trigger.enabled = true (custom)
2019-08-23 17:38:08,351 [pool-461-thread-1] INFO  server.RaftServerConfigKeys (ConfUtils.java:logGet(43)) - raft.server.snapshot.auto.trigger.threshold = 10000 (custom)
2019-08-23 17:38:08,352 [pool-461-thread-1] INFO  server.RaftServerConfigKeys (ConfUtils.java:logGet(43)) - raft.server.retrycache.expirytime = 600000ms (custom)
2019-08-23 17:38:08,352 [pool-461-thread-1] INFO  impl.RaftServerImpl (RaftServerImpl.java:start(180)) - 12ec41bc-15f8-4651-8725-e0a5649e7d04: start group-B17BBE3558D3
2019-08-23 17:38:08,352 [pool-461-thread-1] INFO  impl.RaftServerImpl (RaftServerImpl.java:setRole(171)) - 12ec41bc-15f8-4651-8725-e0a5649e7d04:group-B17BBE3558D3 changes role from null to FOLLOWER at term 0 for startAsFollower
2019-08-23 17:38:08,352 [pool-461-thread-1] INFO  impl.RoleInfo (RoleInfo.java:updateAndGet(143)) - 12ec41bc-15f8-4651-8725-e0a5649e7d04: start FollowerState
2019-08-23 17:38:08,353 [pool-461-thread-1] INFO  util.JmxRegister (JmxRegister.java:tryRegister(44)) - Successfully registered JMX Bean with object name Ratis:service=RaftServer,group=group-B17BBE3558D3,id=12ec41bc-15f8-4651-8725-e0a5649e7d04
2019-08-23 17:38:08,355 [RatisPipelineUtilsThread] INFO  pipeline.PipelineStateManager (PipelineStateManager.java:addPipeline(56)) - Created pipeline Pipeline[ Id: dd9c894d-46ab-4647-9e84-b17bbe3558d3, Nodes: 12ec41bc-15f8-4651-8725-e0a5649e7d04{ip: 192.168.5.164, host: pr-hdds-2002-fbg9h-2504998875, networkLocation: /default-rack, certSerialId: null}, Type:RATIS, Factor:ONE, State:OPEN]
2019-08-23 17:38:08,365 [grpc-default-executor-1] INFO  impl.RaftServerProxy (RaftServerProxy.java:addNew(89)) - 12ec41bc-15f8-4651-8725-e0a5649e7d04: addNew group-768E427EC958:[af295c0c-cf39-49e0-b1b6-91e795e968f5:192.168.5.164:42177, a5ccefe7-6527-4c8b-8ee9-d8dc1719327d:192.168.5.164:45236, 12ec41bc-15f8-4651-8725-e0a5649e7d04:192.168.5.164:39108] returns group-768E427EC958:java.util.concurrent.CompletableFuture@513a28e9[Not completed]
2019-08-23 17:38:08,365 [grpc-default-executor-5] INFO  impl.RaftServerProxy (RaftServerProxy.java:addNew(89)) - a5ccefe7-6527-4c8b-8ee9-d8dc1719327d: addNew group-768E427EC958:[af295c0c-cf39-49e0-b1b6-91e795e968f5:192.168.5.164:42177, a5ccefe7-6527-4c8b-8ee9-d8dc1719327d:192.168.5.164:45236, 12ec41bc-15f8-4651-8725-e0a5649e7d04:192.168.5.164:39108] returns group-768E427EC958:java.util.concurrent.CompletableFuture@16a6a973[Not completed]
2019-08-23 17:38:08,365 [grpc-default-executor-4] INFO  impl.RaftServerProxy (RaftServerProxy.java:addNew(89)) - af295c0c-cf39-49e0-b1b6-91e795e968f5: addNew group-768E427EC958:[af295c0c-cf39-49e0-b1b6-91e795e968f5:192.168.5.164:42177, a5ccefe7-6527-4c8b-8ee9-d8dc1719327d:192.168.5.164:45236, 12ec41bc-15f8-4651-8725-e0a5649e7d04:192.168.5.164:39108] returns group-768E427EC958:java.util.concurrent.CompletableFuture@672be4e[Not completed]
2019-08-23 17:38:08,366 [pool-461-thread-1] INFO  impl.RaftServerImpl (RaftServerImpl.java:<init>(93)) - 12ec41bc-15f8-4651-8725-e0a5649e7d04: new RaftServerImpl for group-768E427EC958:[af295c0c-cf39-49e0-b1b6-91e795e968f5:192.168.5.164:42177, a5ccefe7-6527-4c8b-8ee9-d8dc1719327d:192.168.5.164:45236, 12ec41bc-15f8-4651-8725-e0a5649e7d04:192.168.5.164:39108] with ContainerStateMachine:uninitialized
2019-08-23 17:38:08,367 [pool-461-thread-1] INFO  server.RaftServerConfigKeys (ConfUtils.java:logGet(43)) - raft.server.rpc.timeout.min = 5s (custom)
2019-08-23 17:38:08,367 [pool-461-thread-1] INFO  server.RaftServerConfigKeys (ConfUtils.java:logGet(43)) - raft.server.rpc.timeout.max = 5200ms (custom)
2019-08-23 17:38:08,367 [pool-461-thread-1] INFO  server.RaftServerConfigKeys (ConfUtils.java:logGet(43)) - raft.server.rpcslowness.timeout = 120s (custom)
2019-08-23 17:38:08,367 [pool-461-thread-1] INFO  server.RaftServerConfigKeys (ConfUtils.java:logGet(43)) - raft.server.sleep.deviation.threshold = 300 (default)
2019-08-23 17:38:08,367 [pool-461-thread-1] INFO  server.RaftServerConfigKeys (ConfUtils.java:logGet(43)) - raft.server.log.appender.install.snapshot.enabled = false (custom)
2019-08-23 17:38:08,367 [pool-439-thread-1] INFO  impl.RaftServerImpl (RaftServerImpl.java:<init>(93)) - af295c0c-cf39-49e0-b1b6-91e795e968f5: new RaftServerImpl for group-768E427EC958:[af295c0c-cf39-49e0-b1b6-91e795e968f5:192.168.5.164:42177, a5ccefe7-6527-4c8b-8ee9-d8dc1719327d:192.168.5.164:45236, 12ec41bc-15f8-4651-8725-e0a5649e7d04:192.168.5.164:39108] with ContainerStateMachine:uninitialized
2019-08-23 17:38:08,367 [pool-461-thread-1] INFO  impl.RaftServerImpl (ServerState.java:<init>(105)) - 12ec41bc-15f8-4651-8725-e0a5649e7d04:group-768E427EC958 ConfigurationManager, init=-1: [af295c0c-cf39-49e0-b1b6-91e795e968f5:192.168.5.164:42177, a5ccefe7-6527-4c8b-8ee9-d8dc1719327d:192.168.5.164:45236, 12ec41bc-15f8-4651-8725-e0a5649e7d04:192.168.5.164:39108], old=null, confs=<EMPTY_MAP>
2019-08-23 17:38:08,367 [pool-439-thread-1] INFO  server.RaftServerConfigKeys (ConfUtils.java:logGet(43)) - raft.server.rpc.timeout.min = 5s (custom)
2019-08-23 17:38:08,367 [pool-461-thread-1] INFO  server.RaftServerConfigKeys (ConfUtils.java:logGet(43)) - raft.server.storage.dir = [/workdir/hadoop-ozone/integration-test/target/test-dir/MiniOzoneClusterImpl-cabca72f-823b-48bd-9dbb-41083dd38152/datanode-2/data/ratis] (custom)
2019-08-23 17:38:08,368 [pool-439-thread-1] INFO  server.RaftServerConfigKeys (ConfUtils.java:logGet(43)) - raft.server.rpc.timeout.max = 5200ms (custom)
2019-08-23 17:38:08,368 [pool-439-thread-1] INFO  server.RaftServerConfigKeys (ConfUtils.java:logGet(43)) - raft.server.rpcslowness.timeout = 120s (custom)
2019-08-23 17:38:08,368 [pool-450-thread-1] INFO  impl.RaftServerImpl (RaftServerImpl.java:<init>(93)) - a5ccefe7-6527-4c8b-8ee9-d8dc1719327d: new RaftServerImpl for group-768E427EC958:[af295c0c-cf39-49e0-b1b6-91e795e968f5:192.168.5.164:42177, a5ccefe7-6527-4c8b-8ee9-d8dc1719327d:192.168.5.164:45236, 12ec41bc-15f8-4651-8725-e0a5649e7d04:192.168.5.164:39108] with ContainerStateMachine:uninitialized
2019-08-23 17:38:08,368 [pool-439-thread-1] INFO  server.RaftServerConfigKeys (ConfUtils.java:logGet(43)) - raft.server.sleep.deviation.threshold = 300 (default)
2019-08-23 17:38:08,368 [pool-461-thread-1] INFO  storage.RaftStorageDirectory (RaftStorageDirectory.java:analyzeStorage(246)) - The storage directory /workdir/hadoop-ozone/integration-test/target/test-dir/MiniOzoneClusterImpl-cabca72f-823b-48bd-9dbb-41083dd38152/datanode-2/data/ratis/fba7aaf2-c569-4c7a-9eb4-768e427ec958 does not exist. Creating ...
2019-08-23 17:38:08,368 [pool-439-thread-1] INFO  server.RaftServerConfigKeys (ConfUtils.java:logGet(43)) - raft.server.log.appender.install.snapshot.enabled = false (custom)
2019-08-23 17:38:08,368 [pool-450-thread-1] INFO  server.RaftServerConfigKeys (ConfUtils.java:logGet(43)) - raft.server.rpc.timeout.min = 5s (custom)
2019-08-23 17:38:08,369 [pool-439-thread-1] INFO  impl.RaftServerImpl (ServerState.java:<init>(105)) - af295c0c-cf39-49e0-b1b6-91e795e968f5:group-768E427EC958 ConfigurationManager, init=-1: [af295c0c-cf39-49e0-b1b6-91e795e968f5:192.168.5.164:42177, a5ccefe7-6527-4c8b-8ee9-d8dc1719327d:192.168.5.164:45236, 12ec41bc-15f8-4651-8725-e0a5649e7d04:192.168.5.164:39108], old=null, confs=<EMPTY_MAP>
2019-08-23 17:38:08,369 [pool-450-thread-1] INFO  server.RaftServerConfigKeys (ConfUtils.java:logGet(43)) - raft.server.rpc.timeout.max = 5200ms (custom)
2019-08-23 17:38:08,369 [pool-439-thread-1] INFO  server.RaftServerConfigKeys (ConfUtils.java:logGet(43)) - raft.server.storage.dir = [/workdir/hadoop-ozone/integration-test/target/test-dir/MiniOzoneClusterImpl-cabca72f-823b-48bd-9dbb-41083dd38152/datanode-0/data/ratis] (custom)
2019-08-23 17:38:08,369 [pool-450-thread-1] INFO  server.RaftServerConfigKeys (ConfUtils.java:logGet(43)) - raft.server.rpcslowness.timeout = 120s (custom)
2019-08-23 17:38:08,369 [pool-450-thread-1] INFO  server.RaftServerConfigKeys (ConfUtils.java:logGet(43)) - raft.server.sleep.deviation.threshold = 300 (default)
2019-08-23 17:38:08,369 [pool-439-thread-1] INFO  storage.RaftStorageDirectory (RaftStorageDirectory.java:analyzeStorage(246)) - The storage directory /workdir/hadoop-ozone/integration-test/target/test-dir/MiniOzoneClusterImpl-cabca72f-823b-48bd-9dbb-41083dd38152/datanode-0/data/ratis/fba7aaf2-c569-4c7a-9eb4-768e427ec958 does not exist. Creating ...
2019-08-23 17:38:08,369 [pool-450-thread-1] INFO  server.RaftServerConfigKeys (ConfUtils.java:logGet(43)) - raft.server.log.appender.install.snapshot.enabled = false (custom)
2019-08-23 17:38:08,370 [pool-450-thread-1] INFO  impl.RaftServerImpl (ServerState.java:<init>(105)) - a5ccefe7-6527-4c8b-8ee9-d8dc1719327d:group-768E427EC958 ConfigurationManager, init=-1: [af295c0c-cf39-49e0-b1b6-91e795e968f5:192.168.5.164:42177, a5ccefe7-6527-4c8b-8ee9-d8dc1719327d:192.168.5.164:45236, 12ec41bc-15f8-4651-8725-e0a5649e7d04:192.168.5.164:39108], old=null, confs=<EMPTY_MAP>
2019-08-23 17:38:08,370 [pool-450-thread-1] INFO  server.RaftServerConfigKeys (ConfUtils.java:logGet(43)) - raft.server.storage.dir = [/workdir/hadoop-ozone/integration-test/target/test-dir/MiniOzoneClusterImpl-cabca72f-823b-48bd-9dbb-41083dd38152/datanode-1/data/ratis] (custom)
2019-08-23 17:38:08,370 [pool-450-thread-1] INFO  storage.RaftStorageDirectory (RaftStorageDirectory.java:analyzeStorage(246)) - The storage directory /workdir/hadoop-ozone/integration-test/target/test-dir/MiniOzoneClusterImpl-cabca72f-823b-48bd-9dbb-41083dd38152/datanode-1/data/ratis/fba7aaf2-c569-4c7a-9eb4-768e427ec958 does not exist. Creating ...
2019-08-23 17:38:08,382 [pool-450-thread-1] INFO  storage.RaftStorageDirectory (RaftStorageDirectory.java:tryLock(328)) - Lock on /workdir/hadoop-ozone/integration-test/target/test-dir/MiniOzoneClusterImpl-cabca72f-823b-48bd-9dbb-41083dd38152/datanode-1/data/ratis/fba7aaf2-c569-4c7a-9eb4-768e427ec958/in_use.lock acquired by nodename 29154@pr-hdds-2002-fbg9h-2504998875
2019-08-23 17:38:08,382 [pool-439-thread-1] INFO  storage.RaftStorageDirectory (RaftStorageDirectory.java:tryLock(328)) - Lock on /workdir/hadoop-ozone/integration-test/target/test-dir/MiniOzoneClusterImpl-cabca72f-823b-48bd-9dbb-41083dd38152/datanode-0/data/ratis/fba7aaf2-c569-4c7a-9eb4-768e427ec958/in_use.lock acquired by nodename 29154@pr-hdds-2002-fbg9h-2504998875
2019-08-23 17:38:08,382 [pool-461-thread-1] INFO  storage.RaftStorageDirectory (RaftStorageDirectory.java:tryLock(328)) - Lock on /workdir/hadoop-ozone/integration-test/target/test-dir/MiniOzoneClusterImpl-cabca72f-823b-48bd-9dbb-41083dd38152/datanode-2/data/ratis/fba7aaf2-c569-4c7a-9eb4-768e427ec958/in_use.lock acquired by nodename 29154@pr-hdds-2002-fbg9h-2504998875
2019-08-23 17:38:08,395 [pool-461-thread-1] INFO  storage.RaftStorage (RaftStorage.java:format(72)) - Storage directory /workdir/hadoop-ozone/integration-test/target/test-dir/MiniOzoneClusterImpl-cabca72f-823b-48bd-9dbb-41083dd38152/datanode-2/data/ratis/fba7aaf2-c569-4c7a-9eb4-768e427ec958 has been successfully formatted.
2019-08-23 17:38:08,395 [pool-450-thread-1] INFO  storage.RaftStorage (RaftStorage.java:format(72)) - Storage directory /workdir/hadoop-ozone/integration-test/target/test-dir/MiniOzoneClusterImpl-cabca72f-823b-48bd-9dbb-41083dd38152/datanode-1/data/ratis/fba7aaf2-c569-4c7a-9eb4-768e427ec958 has been successfully formatted.
2019-08-23 17:38:08,395 [pool-439-thread-1] INFO  storage.RaftStorage (RaftStorage.java:format(72)) - Storage directory /workdir/hadoop-ozone/integration-test/target/test-dir/MiniOzoneClusterImpl-cabca72f-823b-48bd-9dbb-41083dd38152/datanode-0/data/ratis/fba7aaf2-c569-4c7a-9eb4-768e427ec958 has been successfully formatted.
2019-08-23 17:38:08,396 [pool-450-thread-1] INFO  ratis.ContainerStateMachine (ContainerStateMachine.java:loadSnapshot(226)) - group-768E427EC958: The snapshot info is null. Setting the last applied indexto:(t:0, i:~)
2019-08-23 17:38:08,396 [pool-461-thread-1] INFO  ratis.ContainerStateMachine (ContainerStateMachine.java:loadSnapshot(226)) - group-768E427EC958: The snapshot info is null. Setting the last applied indexto:(t:0, i:~)
2019-08-23 17:38:08,396 [pool-450-thread-1] INFO  server.RaftServerConfigKeys (ConfUtils.java:logGet(43)) - raft.server.leader.election.timeout = 120s (custom)
2019-08-23 17:38:08,396 [pool-439-thread-1] INFO  ratis.ContainerStateMachine (ContainerStateMachine.java:loadSnapshot(226)) - group-768E427EC958: The snapshot info is null. Setting the last applied indexto:(t:0, i:~)
2019-08-23 17:38:08,396 [pool-450-thread-1] INFO  server.RaftServerConfigKeys (ConfUtils.java:logGet(43)) - raft.server.log.use.memory = false (default)
2019-08-23 17:38:08,396 [pool-461-thread-1] INFO  server.RaftServerConfigKeys (ConfUtils.java:logGet(43)) - raft.server.leader.election.timeout = 120s (custom)
2019-08-23 17:38:08,397 [pool-450-thread-1] INFO  server.RaftServerConfigKeys (ConfUtils.java:logGet(43)) - raft.server.log.purge.gap = 1000000 (custom)
2019-08-23 17:38:08,396 [pool-439-thread-1] INFO  server.RaftServerConfigKeys (ConfUtils.java:logGet(43)) - raft.server.leader.election.timeout = 120s (custom)
2019-08-23 17:38:08,397 [pool-450-thread-1] INFO  server.RaftServerConfigKeys (ConfUtils.java:logGet(43)) - raft.server.log.appender.buffer.byte-limit = 33554432 (custom)
2019-08-23 17:38:08,397 [pool-461-thread-1] INFO  server.RaftServerConfigKeys (ConfUtils.java:logGet(43)) - raft.server.log.use.memory = false (default)
2019-08-23 17:38:08,397 [pool-450-thread-1] INFO  server.RaftServerConfigKeys (ConfUtils.java:logGet(43)) - raft.server.log.segment.size.max = 1048576 (custom)
2019-08-23 17:38:08,397 [pool-439-thread-1] INFO  server.RaftServerConfigKeys (ConfUtils.java:logGet(43)) - raft.server.log.use.memory = false (default)
2019-08-23 17:38:08,398 [pool-450-thread-1] INFO  server.RaftServerConfigKeys (ConfUtils.java:logGet(43)) - raft.server.log.segment.cache.num.max = 2 (custom)
2019-08-23 17:38:08,397 [pool-461-thread-1] INFO  server.RaftServerConfigKeys (ConfUtils.java:logGet(43)) - raft.server.log.purge.gap = 1000000 (custom)
2019-08-23 17:38:08,398 [pool-450-thread-1] INFO  segmented.SegmentedRaftLogWorker (SegmentedRaftLogWorker.java:<init>(172)) - new a5ccefe7-6527-4c8b-8ee9-d8dc1719327d-SegmentedRaftLogWorker:Storage Directory /workdir/hadoop-ozone/integration-test/target/test-dir/MiniOzoneClusterImpl-cabca72f-823b-48bd-9dbb-41083dd38152/datanode-1/data/ratis/fba7aaf2-c569-4c7a-9eb4-768e427ec958 for RaftStorage:Storage Directory /workdir/hadoop-ozone/integration-test/target/test-dir/MiniOzoneClusterImpl-cabca72f-823b-48bd-9dbb-41083dd38152/datanode-1/data/ratis/fba7aaf2-c569-4c7a-9eb4-768e427ec958
2019-08-23 17:38:08,398 [pool-439-thread-1] INFO  server.RaftServerConfigKeys (ConfUtils.java:logGet(43)) - raft.server.log.purge.gap = 1000000 (custom)
2019-08-23 17:38:08,398 [pool-450-thread-1] INFO  server.RaftServerConfigKeys (ConfUtils.java:logGet(43)) - raft.server.log.queue.byte-limit = 2147483647 (custom)
2019-08-23 17:38:08,398 [pool-461-thread-1] INFO  server.RaftServerConfigKeys (ConfUtils.java:logGet(43)) - raft.server.log.appender.buffer.byte-limit = 33554432 (custom)
2019-08-23 17:38:08,399 [pool-450-thread-1] INFO  server.RaftServerConfigKeys (ConfUtils.java:logGet(43)) - raft.server.log.queue.element-limit = 1024 (custom)
2019-08-23 17:38:08,398 [pool-439-thread-1] INFO  server.RaftServerConfigKeys (ConfUtils.java:logGet(43)) - raft.server.log.appender.buffer.byte-limit = 33554432 (custom)
2019-08-23 17:38:08,399 [pool-450-thread-1] INFO  server.RaftServerConfigKeys (ConfUtils.java:logGet(43)) - raft.server.log.segment.size.max = 1048576 (custom)
2019-08-23 17:38:08,399 [pool-461-thread-1] INFO  server.RaftServerConfigKeys (ConfUtils.java:logGet(43)) - raft.server.log.segment.size.max = 1048576 (custom)
2019-08-23 17:38:08,399 [pool-450-thread-1] INFO  server.RaftServerConfigKeys (ConfUtils.java:logGet(43)) - raft.server.log.preallocated.size = 16384 (custom)
2019-08-23 17:38:08,399 [pool-450-thread-1] INFO  server.RaftServerConfigKeys (ConfUtils.java:logGet(43)) - raft.server.log.write.buffer.size = 33554432 (custom)
2019-08-23 17:38:08,399 [pool-439-thread-1] INFO  server.RaftServerConfigKeys (ConfUtils.java:logGet(43)) - raft.server.log.segment.size.max = 1048576 (custom)
2019-08-23 17:38:08,400 [pool-450-thread-1] INFO  server.RaftServerConfigKeys (ConfUtils.java:logGet(43)) - raft.server.log.force.sync.num = 128 (default)
2019-08-23 17:38:08,400 [pool-450-thread-1] INFO  server.RaftServerConfigKeys (ConfUtils.java:logGet(43)) - raft.server.log.statemachine.data.sync = true (default)
2019-08-23 17:38:08,399 [pool-461-thread-1] INFO  server.RaftServerConfigKeys (ConfUtils.java:logGet(43)) - raft.server.log.segment.cache.num.max = 2 (custom)
2019-08-23 17:38:08,400 [pool-450-thread-1] INFO  server.RaftServerConfigKeys (ConfUtils.java:logGet(43)) - raft.server.log.statemachine.data.sync.timeout = 10s (default)
2019-08-23 17:38:08,400 [pool-439-thread-1] INFO  server.RaftServerConfigKeys (ConfUtils.java:logGet(43)) - raft.server.log.segment.cache.num.max = 2 (custom)
2019-08-23 17:38:08,401 [pool-450-thread-1] INFO  server.RaftServerConfigKeys (ConfUtils.java:logGet(43)) - raft.server.log.statemachine.data.sync.timeout.retry = -1 (default)
2019-08-23 17:38:08,400 [pool-461-thread-1] INFO  segmented.SegmentedRaftLogWorker (SegmentedRaftLogWorker.java:<init>(172)) - new 12ec41bc-15f8-4651-8725-e0a5649e7d04-SegmentedRaftLogWorker:Storage Directory /workdir/hadoop-ozone/integration-test/target/test-dir/MiniOzoneClusterImpl-cabca72f-823b-48bd-9dbb-41083dd38152/datanode-2/data/ratis/fba7aaf2-c569-4c7a-9eb4-768e427ec958 for RaftStorage:Storage Directory /workdir/hadoop-ozone/integration-test/target/test-dir/MiniOzoneClusterImpl-cabca72f-823b-48bd-9dbb-41083dd38152/datanode-2/data/ratis/fba7aaf2-c569-4c7a-9eb4-768e427ec958
2019-08-23 17:38:08,401 [pool-450-thread-1] INFO  server.RaftServerConfigKeys (ConfUtils.java:logGet(43)) - raft.server.log.statemachine.data.caching.enabled = true (custom)
2019-08-23 17:38:08,401 [pool-439-thread-1] INFO  segmented.SegmentedRaftLogWorker (SegmentedRaftLogWorker.java:<init>(172)) - new af295c0c-cf39-49e0-b1b6-91e795e968f5-SegmentedRaftLogWorker:Storage Directory /workdir/hadoop-ozone/integration-test/target/test-dir/MiniOzoneClusterImpl-cabca72f-823b-48bd-9dbb-41083dd38152/datanode-0/data/ratis/fba7aaf2-c569-4c7a-9eb4-768e427ec958 for RaftStorage:Storage Directory /workdir/hadoop-ozone/integration-test/target/test-dir/MiniOzoneClusterImpl-cabca72f-823b-48bd-9dbb-41083dd38152/datanode-0/data/ratis/fba7aaf2-c569-4c7a-9eb4-768e427ec958
2019-08-23 17:38:08,401 [pool-450-thread-1] INFO  segmented.SegmentedRaftLogWorker (SegmentedRaftLogWorker.java:lambda$new$0(132)) - a5ccefe7-6527-4c8b-8ee9-d8dc1719327d-SegmentedRaftLogWorker:Storage Directory /workdir/hadoop-ozone/integration-test/target/test-dir/MiniOzoneClusterImpl-cabca72f-823b-48bd-9dbb-41083dd38152/datanode-1/data/ratis/fba7aaf2-c569-4c7a-9eb4-768e427ec958: flushIndex: setUnconditionally 0 -> -1
2019-08-23 17:38:08,401 [pool-461-thread-1] INFO  server.RaftServerConfigKeys (ConfUtils.java:logGet(43)) - raft.server.log.queue.byte-limit = 2147483647 (custom)
2019-08-23 17:38:08,401 [pool-439-thread-1] INFO  server.RaftServerConfigKeys (ConfUtils.java:logGet(43)) - raft.server.log.queue.byte-limit = 2147483647 (custom)
2019-08-23 17:38:08,402 [pool-450-thread-1] INFO  server.RaftServerConfigKeys (ConfUtils.java:logGet(43)) - raft.server.snapshot.auto.trigger.enabled = true (custom)
2019-08-23 17:38:08,402 [pool-461-thread-1] INFO  server.RaftServerConfigKeys (ConfUtils.java:logGet(43)) - raft.server.log.queue.element-limit = 1024 (custom)
2019-08-23 17:38:08,402 [pool-450-thread-1] INFO  server.RaftServerConfigKeys (ConfUtils.java:logGet(43)) - raft.server.snapshot.auto.trigger.threshold = 10000 (custom)
2019-08-23 17:38:08,402 [pool-439-thread-1] INFO  server.RaftServerConfigKeys (ConfUtils.java:logGet(43)) - raft.server.log.queue.element-limit = 1024 (custom)
2019-08-23 17:38:08,402 [pool-450-thread-1] INFO  server.RaftServerConfigKeys (ConfUtils.java:logGet(43)) - raft.server.retrycache.expirytime = 600000ms (custom)
2019-08-23 17:38:08,402 [pool-461-thread-1] INFO  server.RaftServerConfigKeys (ConfUtils.java:logGet(43)) - raft.server.log.segment.size.max = 1048576 (custom)
2019-08-23 17:38:08,403 [pool-450-thread-1] INFO  impl.RaftServerImpl (RaftServerImpl.java:start(180)) - a5ccefe7-6527-4c8b-8ee9-d8dc1719327d: start group-768E427EC958
2019-08-23 17:38:08,403 [pool-450-thread-1] INFO  impl.RaftServerImpl (RaftServerImpl.java:setRole(171)) - a5ccefe7-6527-4c8b-8ee9-d8dc1719327d:group-768E427EC958 changes role from null to FOLLOWER at term 0 for startAsFollower
2019-08-23 17:38:08,403 [pool-439-thread-1] INFO  server.RaftServerConfigKeys (ConfUtils.java:logGet(43)) - raft.server.log.segment.size.max = 1048576 (custom)
2019-08-23 17:38:08,403 [pool-450-thread-1] INFO  impl.RoleInfo (RoleInfo.java:updateAndGet(143)) - a5ccefe7-6527-4c8b-8ee9-d8dc1719327d: start FollowerState
2019-08-23 17:38:08,403 [pool-461-thread-1] INFO  server.RaftServerConfigKeys (ConfUtils.java:logGet(43)) - raft.server.log.preallocated.size = 16384 (custom)
2019-08-23 17:38:08,404 [pool-461-thread-1] INFO  server.RaftServerConfigKeys (ConfUtils.java:logGet(43)) - raft.server.log.write.buffer.size = 33554432 (custom)
2019-08-23 17:38:08,403 [pool-439-thread-1] INFO  server.RaftServerConfigKeys (ConfUtils.java:logGet(43)) - raft.server.log.preallocated.size = 16384 (custom)
2019-08-23 17:38:08,404 [pool-450-thread-1] INFO  util.JmxRegister (JmxRegister.java:tryRegister(44)) - Successfully registered JMX Bean with object name Ratis:service=RaftServer,group=group-768E427EC958,id=a5ccefe7-6527-4c8b-8ee9-d8dc1719327d
2019-08-23 17:38:08,404 [pool-461-thread-1] INFO  server.RaftServerConfigKeys (ConfUtils.java:logGet(43)) - raft.server.log.force.sync.num = 128 (default)
2019-08-23 17:38:08,404 [pool-439-thread-1] INFO  server.RaftServerConfigKeys (ConfUtils.java:logGet(43)) - raft.server.log.write.buffer.size = 33554432 (custom)
2019-08-23 17:38:08,404 [pool-461-thread-1] INFO  server.RaftServerConfigKeys (ConfUtils.java:logGet(43)) - raft.server.log.statemachine.data.sync = true (default)
2019-08-23 17:38:08,405 [pool-439-thread-1] INFO  server.RaftServerConfigKeys (ConfUtils.java:logGet(43)) - raft.server.log.force.sync.num = 128 (default)
2019-08-23 17:38:08,405 [pool-461-thread-1] INFO  server.RaftServerConfigKeys (ConfUtils.java:logGet(43)) - raft.server.log.statemachine.data.sync.timeout = 10s (default)
2019-08-23 17:38:08,405 [pool-439-thread-1] INFO  server.RaftServerConfigKeys (ConfUtils.java:logGet(43)) - raft.server.log.statemachine.data.sync = true (default)
2019-08-23 17:38:08,405 [pool-461-thread-1] INFO  server.RaftServerConfigKeys (ConfUtils.java:logGet(43)) - raft.server.log.statemachine.data.sync.timeout.retry = -1 (default)
2019-08-23 17:38:08,405 [pool-439-thread-1] INFO  server.RaftServerConfigKeys (ConfUtils.java:logGet(43)) - raft.server.log.statemachine.data.sync.timeout = 10s (default)
2019-08-23 17:38:08,405 [pool-461-thread-1] INFO  server.RaftServerConfigKeys (ConfUtils.java:logGet(43)) - raft.server.log.statemachine.data.caching.enabled = true (custom)
2019-08-23 17:38:08,406 [pool-439-thread-1] INFO  server.RaftServerConfigKeys (ConfUtils.java:logGet(43)) - raft.server.log.statemachine.data.sync.timeout.retry = -1 (default)
2019-08-23 17:38:08,406 [pool-461-thread-1] INFO  segmented.SegmentedRaftLogWorker (SegmentedRaftLogWorker.java:lambda$new$0(132)) - 12ec41bc-15f8-4651-8725-e0a5649e7d04-SegmentedRaftLogWorker:Storage Directory /workdir/hadoop-ozone/integration-test/target/test-dir/MiniOzoneClusterImpl-cabca72f-823b-48bd-9dbb-41083dd38152/datanode-2/data/ratis/fba7aaf2-c569-4c7a-9eb4-768e427ec958: flushIndex: setUnconditionally 0 -> -1
2019-08-23 17:38:08,406 [pool-439-thread-1] INFO  server.RaftServerConfigKeys (ConfUtils.java:logGet(43)) - raft.server.log.statemachine.data.caching.enabled = true (custom)
2019-08-23 17:38:08,406 [pool-461-thread-1] INFO  server.RaftServerConfigKeys (ConfUtils.java:logGet(43)) - raft.server.snapshot.auto.trigger.enabled = true (custom)
2019-08-23 17:38:08,406 [pool-461-thread-1] INFO  server.RaftServerConfigKeys (ConfUtils.java:logGet(43)) - raft.server.snapshot.auto.trigger.threshold = 10000 (custom)
2019-08-23 17:38:08,406 [pool-439-thread-1] INFO  segmented.SegmentedRaftLogWorker (SegmentedRaftLogWorker.java:lambda$new$0(132)) - af295c0c-cf39-49e0-b1b6-91e795e968f5-SegmentedRaftLogWorker:Storage Directory /workdir/hadoop-ozone/integration-test/target/test-dir/MiniOzoneClusterImpl-cabca72f-823b-48bd-9dbb-41083dd38152/datanode-0/data/ratis/fba7aaf2-c569-4c7a-9eb4-768e427ec958: flushIndex: setUnconditionally 0 -> -1
2019-08-23 17:38:08,407 [pool-461-thread-1] INFO  server.RaftServerConfigKeys (ConfUtils.java:logGet(43)) - raft.server.retrycache.expirytime = 600000ms (custom)
2019-08-23 17:38:08,407 [pool-439-thread-1] INFO  server.RaftServerConfigKeys (ConfUtils.java:logGet(43)) - raft.server.snapshot.auto.trigger.enabled = true (custom)
2019-08-23 17:38:08,407 [pool-461-thread-1] INFO  impl.RaftServerImpl (RaftServerImpl.java:start(180)) - 12ec41bc-15f8-4651-8725-e0a5649e7d04: start group-768E427EC958
2019-08-23 17:38:08,407 [pool-439-thread-1] INFO  server.RaftServerConfigKeys (ConfUtils.java:logGet(43)) - raft.server.snapshot.auto.trigger.threshold = 10000 (custom)
2019-08-23 17:38:08,407 [pool-461-thread-1] INFO  impl.RaftServerImpl (RaftServerImpl.java:setRole(171)) - 12ec41bc-15f8-4651-8725-e0a5649e7d04:group-768E427EC958 changes role from null to FOLLOWER at term 0 for startAsFollower
2019-08-23 17:38:08,407 [pool-439-thread-1] INFO  server.RaftServerConfigKeys (ConfUtils.java:logGet(43)) - raft.server.retrycache.expirytime = 600000ms (custom)
2019-08-23 17:38:08,408 [pool-461-thread-1] INFO  impl.RoleInfo (RoleInfo.java:updateAndGet(143)) - 12ec41bc-15f8-4651-8725-e0a5649e7d04: start FollowerState
2019-08-23 17:38:08,408 [pool-439-thread-1] INFO  impl.RaftServerImpl (RaftServerImpl.java:start(180)) - af295c0c-cf39-49e0-b1b6-91e795e968f5: start group-768E427EC958
2019-08-23 17:38:08,408 [pool-439-thread-1] INFO  impl.RaftServerImpl (RaftServerImpl.java:setRole(171)) - af295c0c-cf39-49e0-b1b6-91e795e968f5:group-768E427EC958 changes role from null to FOLLOWER at term 0 for startAsFollower
2019-08-23 17:38:08,408 [pool-439-thread-1] INFO  impl.RoleInfo (RoleInfo.java:updateAndGet(143)) - af295c0c-cf39-49e0-b1b6-91e795e968f5: start FollowerState
2019-08-23 17:38:08,408 [pool-461-thread-1] INFO  util.JmxRegister (JmxRegister.java:tryRegister(44)) - Successfully registered JMX Bean with object name Ratis:service=RaftServer,group=group-768E427EC958,id=12ec41bc-15f8-4651-8725-e0a5649e7d04
2019-08-23 17:38:08,409 [pool-439-thread-1] INFO  util.JmxRegister (JmxRegister.java:tryRegister(44)) - Successfully registered JMX Bean with object name Ratis:service=RaftServer,group=group-768E427EC958,id=af295c0c-cf39-49e0-b1b6-91e795e968f5
2019-08-23 17:38:08,412 [RatisPipelineUtilsThread] INFO  pipeline.PipelineStateManager (PipelineStateManager.java:addPipeline(56)) - Created pipeline Pipeline[ Id: fba7aaf2-c569-4c7a-9eb4-768e427ec958, Nodes: af295c0c-cf39-49e0-b1b6-91e795e968f5{ip: 192.168.5.164, host: pr-hdds-2002-fbg9h-2504998875, networkLocation: /default-rack, certSerialId: null}12ec41bc-15f8-4651-8725-e0a5649e7d04{ip: 192.168.5.164, host: pr-hdds-2002-fbg9h-2504998875, networkLocation: /default-rack, certSerialId: null}a5ccefe7-6527-4c8b-8ee9-d8dc1719327d{ip: 192.168.5.164, host: pr-hdds-2002-fbg9h-2504998875, networkLocation: /default-rack, certSerialId: null}, Type:RATIS, Factor:THREE, State:OPEN]
2019-08-23 17:38:08,549 [IPC Server handler 3 on 33532] INFO  net.NetworkTopology (NetworkTopologyImpl.java:add(110)) - Added a new node: /default-rack/3c4b984b-57f4-4c80-8be3-09d942f0ab46
2019-08-23 17:38:08,549 [IPC Server handler 3 on 33532] INFO  node.SCMNodeManager (SCMNodeManager.java:register(273)) - Registered Data node : 3c4b984b-57f4-4c80-8be3-09d942f0ab46{ip: 192.168.5.164, host: pr-hdds-2002-fbg9h-2504998875, networkLocation: /default-rack, certSerialId: null}
2019-08-23 17:38:08,550 | INFO  | SCMAudit | user=jenkins1000 | ip=192.168.5.164 | op=REGISTER {datanodeDetails=3c4b984b-57f4-4c80-8be3-09d942f0ab46{ip: 192.168.5.164, host: pr-hdds-2002-fbg9h-2504998875, networkLocation: /default-rack, certSerialId: null}} | ret=SUCCESS |  
2019-08-23 17:38:08,557 [grpc-default-executor-4] INFO  impl.RaftServerProxy (RaftServerProxy.java:addNew(89)) - 3c4b984b-57f4-4c80-8be3-09d942f0ab46: addNew group-1AE7B88A05F2:[3c4b984b-57f4-4c80-8be3-09d942f0ab46:192.168.5.164:43511] returns group-1AE7B88A05F2:java.util.concurrent.CompletableFuture@5588282c[Not completed]
2019-08-23 17:38:08,559 [pool-472-thread-1] INFO  impl.RaftServerImpl (RaftServerImpl.java:<init>(93)) - 3c4b984b-57f4-4c80-8be3-09d942f0ab46: new RaftServerImpl for group-1AE7B88A05F2:[3c4b984b-57f4-4c80-8be3-09d942f0ab46:192.168.5.164:43511] with ContainerStateMachine:uninitialized
2019-08-23 17:38:08,559 [pool-472-thread-1] INFO  server.RaftServerConfigKeys (ConfUtils.java:logGet(43)) - raft.server.rpc.timeout.min = 5s (custom)
2019-08-23 17:38:08,559 [pool-472-thread-1] INFO  server.RaftServerConfigKeys (ConfUtils.java:logGet(43)) - raft.server.rpc.timeout.max = 5200ms (custom)
2019-08-23 17:38:08,559 [pool-472-thread-1] INFO  server.RaftServerConfigKeys (ConfUtils.java:logGet(43)) - raft.server.rpcslowness.timeout = 120s (custom)
2019-08-23 17:38:08,559 [pool-472-thread-1] INFO  server.RaftServerConfigKeys (ConfUtils.java:logGet(43)) - raft.server.sleep.deviation.threshold = 300 (default)
2019-08-23 17:38:08,559 [pool-472-thread-1] INFO  server.RaftServerConfigKeys (ConfUtils.java:logGet(43)) - raft.server.log.appender.install.snapshot.enabled = false (custom)
2019-08-23 17:38:08,560 [pool-472-thread-1] INFO  impl.RaftServerImpl (ServerState.java:<init>(105)) - 3c4b984b-57f4-4c80-8be3-09d942f0ab46:group-1AE7B88A05F2 ConfigurationManager, init=-1: [3c4b984b-57f4-4c80-8be3-09d942f0ab46:192.168.5.164:43511], old=null, confs=<EMPTY_MAP>
2019-08-23 17:38:08,560 [pool-472-thread-1] INFO  server.RaftServerConfigKeys (ConfUtils.java:logGet(43)) - raft.server.storage.dir = [/workdir/hadoop-ozone/integration-test/target/test-dir/MiniOzoneClusterImpl-cabca72f-823b-48bd-9dbb-41083dd38152/datanode-3/data/ratis] (custom)
2019-08-23 17:38:08,560 [pool-472-thread-1] INFO  storage.RaftStorageDirectory (RaftStorageDirectory.java:analyzeStorage(246)) - The storage directory /workdir/hadoop-ozone/integration-test/target/test-dir/MiniOzoneClusterImpl-cabca72f-823b-48bd-9dbb-41083dd38152/datanode-3/data/ratis/d3aee948-f057-4060-a899-1ae7b88a05f2 does not exist. Creating ...
2019-08-23 17:38:08,573 [pool-472-thread-1] INFO  storage.RaftStorageDirectory (RaftStorageDirectory.java:tryLock(328)) - Lock on /workdir/hadoop-ozone/integration-test/target/test-dir/MiniOzoneClusterImpl-cabca72f-823b-48bd-9dbb-41083dd38152/datanode-3/data/ratis/d3aee948-f057-4060-a899-1ae7b88a05f2/in_use.lock acquired by nodename 29154@pr-hdds-2002-fbg9h-2504998875
2019-08-23 17:38:08,587 [pool-472-thread-1] INFO  storage.RaftStorage (RaftStorage.java:format(72)) - Storage directory /workdir/hadoop-ozone/integration-test/target/test-dir/MiniOzoneClusterImpl-cabca72f-823b-48bd-9dbb-41083dd38152/datanode-3/data/ratis/d3aee948-f057-4060-a899-1ae7b88a05f2 has been successfully formatted.
2019-08-23 17:38:08,587 [pool-472-thread-1] INFO  ratis.ContainerStateMachine (ContainerStateMachine.java:loadSnapshot(226)) - group-1AE7B88A05F2: The snapshot info is null. Setting the last applied indexto:(t:0, i:~)
2019-08-23 17:38:08,587 [pool-472-thread-1] INFO  server.RaftServerConfigKeys (ConfUtils.java:logGet(43)) - raft.server.leader.election.timeout = 120s (custom)
2019-08-23 17:38:08,587 [pool-472-thread-1] INFO  server.RaftServerConfigKeys (ConfUtils.java:logGet(43)) - raft.server.log.use.memory = false (default)
2019-08-23 17:38:08,588 [pool-472-thread-1] INFO  server.RaftServerConfigKeys (ConfUtils.java:logGet(43)) - raft.server.log.purge.gap = 1000000 (custom)
2019-08-23 17:38:08,588 [pool-472-thread-1] INFO  server.RaftServerConfigKeys (ConfUtils.java:logGet(43)) - raft.server.log.appender.buffer.byte-limit = 33554432 (custom)
2019-08-23 17:38:08,588 [pool-472-thread-1] INFO  server.RaftServerConfigKeys (ConfUtils.java:logGet(43)) - raft.server.log.segment.size.max = 1048576 (custom)
2019-08-23 17:38:08,588 [pool-472-thread-1] INFO  server.RaftServerConfigKeys (ConfUtils.java:logGet(43)) - raft.server.log.segment.cache.num.max = 2 (custom)
2019-08-23 17:38:08,588 [pool-472-thread-1] INFO  segmented.SegmentedRaftLogWorker (SegmentedRaftLogWorker.java:<init>(172)) - new 3c4b984b-57f4-4c80-8be3-09d942f0ab46-SegmentedRaftLogWorker:Storage Directory /workdir/hadoop-ozone/integration-test/target/test-dir/MiniOzoneClusterImpl-cabca72f-823b-48bd-9dbb-41083dd38152/datanode-3/data/ratis/d3aee948-f057-4060-a899-1ae7b88a05f2 for RaftStorage:Storage Directory /workdir/hadoop-ozone/integration-test/target/test-dir/MiniOzoneClusterImpl-cabca72f-823b-48bd-9dbb-41083dd38152/datanode-3/data/ratis/d3aee948-f057-4060-a899-1ae7b88a05f2
2019-08-23 17:38:08,588 [pool-472-thread-1] INFO  server.RaftServerConfigKeys (ConfUtils.java:logGet(43)) - raft.server.log.queue.byte-limit = 2147483647 (custom)
2019-08-23 17:38:08,589 [pool-472-thread-1] INFO  server.RaftServerConfigKeys (ConfUtils.java:logGet(43)) - raft.server.log.queue.element-limit = 1024 (custom)
2019-08-23 17:38:08,589 [pool-472-thread-1] INFO  server.RaftServerConfigKeys (ConfUtils.java:logGet(43)) - raft.server.log.segment.size.max = 1048576 (custom)
2019-08-23 17:38:08,589 [pool-472-thread-1] INFO  server.RaftServerConfigKeys (ConfUtils.java:logGet(43)) - raft.server.log.preallocated.size = 16384 (custom)
2019-08-23 17:38:08,589 [pool-472-thread-1] INFO  server.RaftServerConfigKeys (ConfUtils.java:logGet(43)) - raft.server.log.write.buffer.size = 33554432 (custom)
2019-08-23 17:38:08,589 [pool-472-thread-1] INFO  server.RaftServerConfigKeys (ConfUtils.java:logGet(43)) - raft.server.log.force.sync.num = 128 (default)
2019-08-23 17:38:08,589 [pool-472-thread-1] INFO  server.RaftServerConfigKeys (ConfUtils.java:logGet(43)) - raft.server.log.statemachine.data.sync = true (default)
2019-08-23 17:38:08,590 [pool-472-thread-1] INFO  server.RaftServerConfigKeys (ConfUtils.java:logGet(43)) - raft.server.log.statemachine.data.sync.timeout = 10s (default)
2019-08-23 17:38:08,590 [pool-472-thread-1] INFO  server.RaftServerConfigKeys (ConfUtils.java:logGet(43)) - raft.server.log.statemachine.data.sync.timeout.retry = -1 (default)
2019-08-23 17:38:08,590 [pool-472-thread-1] INFO  server.RaftServerConfigKeys (ConfUtils.java:logGet(43)) - raft.server.log.statemachine.data.caching.enabled = true (custom)
2019-08-23 17:38:08,591 [pool-472-thread-1] INFO  segmented.SegmentedRaftLogWorker (SegmentedRaftLogWorker.java:lambda$new$0(132)) - 3c4b984b-57f4-4c80-8be3-09d942f0ab46-SegmentedRaftLogWorker:Storage Directory /workdir/hadoop-ozone/integration-test/target/test-dir/MiniOzoneClusterImpl-cabca72f-823b-48bd-9dbb-41083dd38152/datanode-3/data/ratis/d3aee948-f057-4060-a899-1ae7b88a05f2: flushIndex: setUnconditionally 0 -> -1
2019-08-23 17:38:08,591 [pool-472-thread-1] INFO  server.RaftServerConfigKeys (ConfUtils.java:logGet(43)) - raft.server.snapshot.auto.trigger.enabled = true (custom)
2019-08-23 17:38:08,591 [pool-472-thread-1] INFO  server.RaftServerConfigKeys (ConfUtils.java:logGet(43)) - raft.server.snapshot.auto.trigger.threshold = 10000 (custom)
2019-08-23 17:38:08,591 [pool-472-thread-1] INFO  server.RaftServerConfigKeys (ConfUtils.java:logGet(43)) - raft.server.retrycache.expirytime = 600000ms (custom)
2019-08-23 17:38:08,592 [pool-472-thread-1] INFO  impl.RaftServerImpl (RaftServerImpl.java:start(180)) - 3c4b984b-57f4-4c80-8be3-09d942f0ab46: start group-1AE7B88A05F2
2019-08-23 17:38:08,592 [pool-472-thread-1] INFO  impl.RaftServerImpl (RaftServerImpl.java:setRole(171)) - 3c4b984b-57f4-4c80-8be3-09d942f0ab46:group-1AE7B88A05F2 changes role from null to FOLLOWER at term 0 for startAsFollower
2019-08-23 17:38:08,592 [pool-472-thread-1] INFO  impl.RoleInfo (RoleInfo.java:updateAndGet(143)) - 3c4b984b-57f4-4c80-8be3-09d942f0ab46: start FollowerState
2019-08-23 17:38:08,603 [pool-472-thread-1] INFO  util.JmxRegister (JmxRegister.java:tryRegister(44)) - Successfully registered JMX Bean with object name Ratis:service=RaftServer,group=group-1AE7B88A05F2,id=3c4b984b-57f4-4c80-8be3-09d942f0ab46
2019-08-23 17:38:08,614 [RatisPipelineUtilsThread] INFO  pipeline.PipelineStateManager (PipelineStateManager.java:addPipeline(56)) - Created pipeline Pipeline[ Id: d3aee948-f057-4060-a899-1ae7b88a05f2, Nodes: 3c4b984b-57f4-4c80-8be3-09d942f0ab46{ip: 192.168.5.164, host: pr-hdds-2002-fbg9h-2504998875, networkLocation: /default-rack, certSerialId: null}, Type:RATIS, Factor:ONE, State:OPEN]
2019-08-23 17:38:08,793 [IPC Server handler 5 on 33532] INFO  net.NetworkTopology (NetworkTopologyImpl.java:add(110)) - Added a new node: /default-rack/85e641fa-5017-4198-8052-eafab442e101
2019-08-23 17:38:08,793 [IPC Server handler 5 on 33532] INFO  node.SCMNodeManager (SCMNodeManager.java:register(273)) - Registered Data node : 85e641fa-5017-4198-8052-eafab442e101{ip: 192.168.5.164, host: pr-hdds-2002-fbg9h-2504998875, networkLocation: /default-rack, certSerialId: null}
2019-08-23 17:38:08,797 | INFO  | SCMAudit | user=jenkins1000 | ip=192.168.5.164 | op=REGISTER {datanodeDetails=85e641fa-5017-4198-8052-eafab442e101{ip: 192.168.5.164, host: pr-hdds-2002-fbg9h-2504998875, networkLocation: /default-rack, certSerialId: null}} | ret=SUCCESS |  
2019-08-23 17:38:08,804 [grpc-default-executor-4] INFO  impl.RaftServerProxy (RaftServerProxy.java:addNew(89)) - 85e641fa-5017-4198-8052-eafab442e101: addNew group-C1F4F721A74B:[85e641fa-5017-4198-8052-eafab442e101:192.168.5.164:39342] returns group-C1F4F721A74B:java.util.concurrent.CompletableFuture@eeed42a[Not completed]
2019-08-23 17:38:08,806 [pool-483-thread-1] INFO  impl.RaftServerImpl (RaftServerImpl.java:<init>(93)) - 85e641fa-5017-4198-8052-eafab442e101: new RaftServerImpl for group-C1F4F721A74B:[85e641fa-5017-4198-8052-eafab442e101:192.168.5.164:39342] with ContainerStateMachine:uninitialized
2019-08-23 17:38:08,806 [pool-483-thread-1] INFO  server.RaftServerConfigKeys (ConfUtils.java:logGet(43)) - raft.server.rpc.timeout.min = 5s (custom)
2019-08-23 17:38:08,806 [pool-483-thread-1] INFO  server.RaftServerConfigKeys (ConfUtils.java:logGet(43)) - raft.server.rpc.timeout.max = 5200ms (custom)
2019-08-23 17:38:08,806 [pool-483-thread-1] INFO  server.RaftServerConfigKeys (ConfUtils.java:logGet(43)) - raft.server.rpcslowness.timeout = 120s (custom)
2019-08-23 17:38:08,806 [pool-483-thread-1] INFO  server.RaftServerConfigKeys (ConfUtils.java:logGet(43)) - raft.server.sleep.deviation.threshold = 300 (default)
2019-08-23 17:38:08,806 [pool-483-thread-1] INFO  server.RaftServerConfigKeys (ConfUtils.java:logGet(43)) - raft.server.log.appender.install.snapshot.enabled = false (custom)
2019-08-23 17:38:08,807 [pool-483-thread-1] INFO  impl.RaftServerImpl (ServerState.java:<init>(105)) - 85e641fa-5017-4198-8052-eafab442e101:group-C1F4F721A74B ConfigurationManager, init=-1: [85e641fa-5017-4198-8052-eafab442e101:192.168.5.164:39342], old=null, confs=<EMPTY_MAP>
2019-08-23 17:38:08,807 [pool-483-thread-1] INFO  server.RaftServerConfigKeys (ConfUtils.java:logGet(43)) - raft.server.storage.dir = [/workdir/hadoop-ozone/integration-test/target/test-dir/MiniOzoneClusterImpl-cabca72f-823b-48bd-9dbb-41083dd38152/datanode-4/data/ratis] (custom)
2019-08-23 17:38:08,807 [pool-483-thread-1] INFO  storage.RaftStorageDirectory (RaftStorageDirectory.java:analyzeStorage(246)) - The storage directory /workdir/hadoop-ozone/integration-test/target/test-dir/MiniOzoneClusterImpl-cabca72f-823b-48bd-9dbb-41083dd38152/datanode-4/data/ratis/940848cb-b2a3-4e81-a63e-c1f4f721a74b does not exist. Creating ...
2019-08-23 17:38:08,820 [pool-483-thread-1] INFO  storage.RaftStorageDirectory (RaftStorageDirectory.java:tryLock(328)) - Lock on /workdir/hadoop-ozone/integration-test/target/test-dir/MiniOzoneClusterImpl-cabca72f-823b-48bd-9dbb-41083dd38152/datanode-4/data/ratis/940848cb-b2a3-4e81-a63e-c1f4f721a74b/in_use.lock acquired by nodename 29154@pr-hdds-2002-fbg9h-2504998875
2019-08-23 17:38:08,834 [pool-483-thread-1] INFO  storage.RaftStorage (RaftStorage.java:format(72)) - Storage directory /workdir/hadoop-ozone/integration-test/target/test-dir/MiniOzoneClusterImpl-cabca72f-823b-48bd-9dbb-41083dd38152/datanode-4/data/ratis/940848cb-b2a3-4e81-a63e-c1f4f721a74b has been successfully formatted.
2019-08-23 17:38:08,834 [pool-483-thread-1] INFO  ratis.ContainerStateMachine (ContainerStateMachine.java:loadSnapshot(226)) - group-C1F4F721A74B: The snapshot info is null. Setting the last applied indexto:(t:0, i:~)
2019-08-23 17:38:08,834 [pool-483-thread-1] INFO  server.RaftServerConfigKeys (ConfUtils.java:logGet(43)) - raft.server.leader.election.timeout = 120s (custom)
2019-08-23 17:38:08,835 [pool-483-thread-1] INFO  server.RaftServerConfigKeys (ConfUtils.java:logGet(43)) - raft.server.log.use.memory = false (default)
2019-08-23 17:38:08,835 [pool-483-thread-1] INFO  server.RaftServerConfigKeys (ConfUtils.java:logGet(43)) - raft.server.log.purge.gap = 1000000 (custom)
2019-08-23 17:38:08,835 [pool-483-thread-1] INFO  server.RaftServerConfigKeys (ConfUtils.java:logGet(43)) - raft.server.log.appender.buffer.byte-limit = 33554432 (custom)
2019-08-23 17:38:08,835 [pool-483-thread-1] INFO  server.RaftServerConfigKeys (ConfUtils.java:logGet(43)) - raft.server.log.segment.size.max = 1048576 (custom)
2019-08-23 17:38:08,835 [pool-483-thread-1] INFO  server.RaftServerConfigKeys (ConfUtils.java:logGet(43)) - raft.server.log.segment.cache.num.max = 2 (custom)
2019-08-23 17:38:08,835 [pool-483-thread-1] INFO  segmented.SegmentedRaftLogWorker (SegmentedRaftLogWorker.java:<init>(172)) - new 85e641fa-5017-4198-8052-eafab442e101-SegmentedRaftLogWorker:Storage Directory /workdir/hadoop-ozone/integration-test/target/test-dir/MiniOzoneClusterImpl-cabca72f-823b-48bd-9dbb-41083dd38152/datanode-4/data/ratis/940848cb-b2a3-4e81-a63e-c1f4f721a74b for RaftStorage:Storage Directory /workdir/hadoop-ozone/integration-test/target/test-dir/MiniOzoneClusterImpl-cabca72f-823b-48bd-9dbb-41083dd38152/datanode-4/data/ratis/940848cb-b2a3-4e81-a63e-c1f4f721a74b
2019-08-23 17:38:08,836 [pool-483-thread-1] INFO  server.RaftServerConfigKeys (ConfUtils.java:logGet(43)) - raft.server.log.queue.byte-limit = 2147483647 (custom)
2019-08-23 17:38:08,836 [pool-483-thread-1] INFO  server.RaftServerConfigKeys (ConfUtils.java:logGet(43)) - raft.server.log.queue.element-limit = 1024 (custom)
2019-08-23 17:38:08,836 [pool-483-thread-1] INFO  server.RaftServerConfigKeys (ConfUtils.java:logGet(43)) - raft.server.log.segment.size.max = 1048576 (custom)
2019-08-23 17:38:08,836 [pool-483-thread-1] INFO  server.RaftServerConfigKeys (ConfUtils.java:logGet(43)) - raft.server.log.preallocated.size = 16384 (custom)
2019-08-23 17:38:08,836 [pool-483-thread-1] INFO  server.RaftServerConfigKeys (ConfUtils.java:logGet(43)) - raft.server.log.write.buffer.size = 33554432 (custom)
2019-08-23 17:38:08,837 [pool-483-thread-1] INFO  server.RaftServerConfigKeys (ConfUtils.java:logGet(43)) - raft.server.log.force.sync.num = 128 (default)
2019-08-23 17:38:08,837 [pool-483-thread-1] INFO  server.RaftServerConfigKeys (ConfUtils.java:logGet(43)) - raft.server.log.statemachine.data.sync = true (default)
2019-08-23 17:38:08,837 [pool-483-thread-1] INFO  server.RaftServerConfigKeys (ConfUtils.java:logGet(43)) - raft.server.log.statemachine.data.sync.timeout = 10s (default)
2019-08-23 17:38:08,837 [pool-483-thread-1] INFO  server.RaftServerConfigKeys (ConfUtils.java:logGet(43)) - raft.server.log.statemachine.data.sync.timeout.retry = -1 (default)
2019-08-23 17:38:08,837 [pool-483-thread-1] INFO  server.RaftServerConfigKeys (ConfUtils.java:logGet(43)) - raft.server.log.statemachine.data.caching.enabled = true (custom)
2019-08-23 17:38:08,838 [pool-483-thread-1] INFO  segmented.SegmentedRaftLogWorker (SegmentedRaftLogWorker.java:lambda$new$0(132)) - 85e641fa-5017-4198-8052-eafab442e101-SegmentedRaftLogWorker:Storage Directory /workdir/hadoop-ozone/integration-test/target/test-dir/MiniOzoneClusterImpl-cabca72f-823b-48bd-9dbb-41083dd38152/datanode-4/data/ratis/940848cb-b2a3-4e81-a63e-c1f4f721a74b: flushIndex: setUnconditionally 0 -> -1
2019-08-23 17:38:08,838 [pool-483-thread-1] INFO  server.RaftServerConfigKeys (ConfUtils.java:logGet(43)) - raft.server.snapshot.auto.trigger.enabled = true (custom)
2019-08-23 17:38:08,838 [pool-483-thread-1] INFO  server.RaftServerConfigKeys (ConfUtils.java:logGet(43)) - raft.server.snapshot.auto.trigger.threshold = 10000 (custom)
2019-08-23 17:38:08,839 [pool-483-thread-1] INFO  server.RaftServerConfigKeys (ConfUtils.java:logGet(43)) - raft.server.retrycache.expirytime = 600000ms (custom)
2019-08-23 17:38:08,839 [pool-483-thread-1] INFO  impl.RaftServerImpl (RaftServerImpl.java:start(180)) - 85e641fa-5017-4198-8052-eafab442e101: start group-C1F4F721A74B
2019-08-23 17:38:08,839 [pool-483-thread-1] INFO  impl.RaftServerImpl (RaftServerImpl.java:setRole(171)) - 85e641fa-5017-4198-8052-eafab442e101:group-C1F4F721A74B changes role from null to FOLLOWER at term 0 for startAsFollower
2019-08-23 17:38:08,839 [pool-483-thread-1] INFO  impl.RoleInfo (RoleInfo.java:updateAndGet(143)) - 85e641fa-5017-4198-8052-eafab442e101: start FollowerState
2019-08-23 17:38:08,840 [pool-483-thread-1] INFO  util.JmxRegister (JmxRegister.java:tryRegister(44)) - Successfully registered JMX Bean with object name Ratis:service=RaftServer,group=group-C1F4F721A74B,id=85e641fa-5017-4198-8052-eafab442e101
2019-08-23 17:38:08,843 [RatisPipelineUtilsThread] INFO  pipeline.PipelineStateManager (PipelineStateManager.java:addPipeline(56)) - Created pipeline Pipeline[ Id: 940848cb-b2a3-4e81-a63e-c1f4f721a74b, Nodes: 85e641fa-5017-4198-8052-eafab442e101{ip: 192.168.5.164, host: pr-hdds-2002-fbg9h-2504998875, networkLocation: /default-rack, certSerialId: null}, Type:RATIS, Factor:ONE, State:OPEN]
2019-08-23 17:38:08,999 [IPC Server handler 6 on 33532] INFO  net.NetworkTopology (NetworkTopologyImpl.java:add(110)) - Added a new node: /default-rack/6bac59a6-6e96-4b6d-a78d-651c0bed005c
2019-08-23 17:38:08,999 [IPC Server handler 6 on 33532] INFO  node.SCMNodeManager (SCMNodeManager.java:register(273)) - Registered Data node : 6bac59a6-6e96-4b6d-a78d-651c0bed005c{ip: 192.168.5.164, host: pr-hdds-2002-fbg9h-2504998875, networkLocation: /default-rack, certSerialId: null}
2019-08-23 17:38:09,000 | INFO  | SCMAudit | user=jenkins1000 | ip=192.168.5.164 | op=REGISTER {datanodeDetails=6bac59a6-6e96-4b6d-a78d-651c0bed005c{ip: 192.168.5.164, host: pr-hdds-2002-fbg9h-2504998875, networkLocation: /default-rack, certSerialId: null}} | ret=SUCCESS |  
2019-08-23 17:38:09,010 [grpc-default-executor-4] INFO  impl.RaftServerProxy (RaftServerProxy.java:addNew(89)) - 6bac59a6-6e96-4b6d-a78d-651c0bed005c: addNew group-D71A5ADC5BC2:[6bac59a6-6e96-4b6d-a78d-651c0bed005c:192.168.5.164:45735] returns group-D71A5ADC5BC2:java.util.concurrent.CompletableFuture@6721512f[Not completed]
2019-08-23 17:38:09,011 [pool-494-thread-1] INFO  impl.RaftServerImpl (RaftServerImpl.java:<init>(93)) - 6bac59a6-6e96-4b6d-a78d-651c0bed005c: new RaftServerImpl for group-D71A5ADC5BC2:[6bac59a6-6e96-4b6d-a78d-651c0bed005c:192.168.5.164:45735] with ContainerStateMachine:uninitialized
2019-08-23 17:38:09,012 [pool-494-thread-1] INFO  server.RaftServerConfigKeys (ConfUtils.java:logGet(43)) - raft.server.rpc.timeout.min = 5s (custom)
2019-08-23 17:38:09,012 [pool-494-thread-1] INFO  server.RaftServerConfigKeys (ConfUtils.java:logGet(43)) - raft.server.rpc.timeout.max = 5200ms (custom)
2019-08-23 17:38:09,012 [pool-494-thread-1] INFO  server.RaftServerConfigKeys (ConfUtils.java:logGet(43)) - raft.server.rpcslowness.timeout = 120s (custom)
2019-08-23 17:38:09,012 [pool-494-thread-1] INFO  server.RaftServerConfigKeys (ConfUtils.java:logGet(43)) - raft.server.sleep.deviation.threshold = 300 (default)
2019-08-23 17:38:09,012 [pool-494-thread-1] INFO  server.RaftServerConfigKeys (ConfUtils.java:logGet(43)) - raft.server.log.appender.install.snapshot.enabled = false (custom)
2019-08-23 17:38:09,012 [pool-494-thread-1] INFO  impl.RaftServerImpl (ServerState.java:<init>(105)) - 6bac59a6-6e96-4b6d-a78d-651c0bed005c:group-D71A5ADC5BC2 ConfigurationManager, init=-1: [6bac59a6-6e96-4b6d-a78d-651c0bed005c:192.168.5.164:45735], old=null, confs=<EMPTY_MAP>
2019-08-23 17:38:09,012 [pool-494-thread-1] INFO  server.RaftServerConfigKeys (ConfUtils.java:logGet(43)) - raft.server.storage.dir = [/workdir/hadoop-ozone/integration-test/target/test-dir/MiniOzoneClusterImpl-cabca72f-823b-48bd-9dbb-41083dd38152/datanode-5/data/ratis] (custom)
2019-08-23 17:38:09,013 [pool-494-thread-1] INFO  storage.RaftStorageDirectory (RaftStorageDirectory.java:analyzeStorage(246)) - The storage directory /workdir/hadoop-ozone/integration-test/target/test-dir/MiniOzoneClusterImpl-cabca72f-823b-48bd-9dbb-41083dd38152/datanode-5/data/ratis/74aa4266-ea56-4350-b10d-d71a5adc5bc2 does not exist. Creating ...
2019-08-23 17:38:09,026 [pool-494-thread-1] INFO  storage.RaftStorageDirectory (RaftStorageDirectory.java:tryLock(328)) - Lock on /workdir/hadoop-ozone/integration-test/target/test-dir/MiniOzoneClusterImpl-cabca72f-823b-48bd-9dbb-41083dd38152/datanode-5/data/ratis/74aa4266-ea56-4350-b10d-d71a5adc5bc2/in_use.lock acquired by nodename 29154@pr-hdds-2002-fbg9h-2504998875
2019-08-23 17:38:09,040 [pool-494-thread-1] INFO  storage.RaftStorage (RaftStorage.java:format(72)) - Storage directory /workdir/hadoop-ozone/integration-test/target/test-dir/MiniOzoneClusterImpl-cabca72f-823b-48bd-9dbb-41083dd38152/datanode-5/data/ratis/74aa4266-ea56-4350-b10d-d71a5adc5bc2 has been successfully formatted.
2019-08-23 17:38:09,040 [pool-494-thread-1] INFO  ratis.ContainerStateMachine (ContainerStateMachine.java:loadSnapshot(226)) - group-D71A5ADC5BC2: The snapshot info is null. Setting the last applied indexto:(t:0, i:~)
2019-08-23 17:38:09,040 [pool-494-thread-1] INFO  server.RaftServerConfigKeys (ConfUtils.java:logGet(43)) - raft.server.leader.election.timeout = 120s (custom)
2019-08-23 17:38:09,040 [pool-494-thread-1] INFO  server.RaftServerConfigKeys (ConfUtils.java:logGet(43)) - raft.server.log.use.memory = false (default)
2019-08-23 17:38:09,040 [pool-494-thread-1] INFO  server.RaftServerConfigKeys (ConfUtils.java:logGet(43)) - raft.server.log.purge.gap = 1000000 (custom)
2019-08-23 17:38:09,041 [pool-494-thread-1] INFO  server.RaftServerConfigKeys (ConfUtils.java:logGet(43)) - raft.server.log.appender.buffer.byte-limit = 33554432 (custom)
2019-08-23 17:38:09,041 [pool-494-thread-1] INFO  server.RaftServerConfigKeys (ConfUtils.java:logGet(43)) - raft.server.log.segment.size.max = 1048576 (custom)
2019-08-23 17:38:09,041 [pool-494-thread-1] INFO  server.RaftServerConfigKeys (ConfUtils.java:logGet(43)) - raft.server.log.segment.cache.num.max = 2 (custom)
2019-08-23 17:38:09,041 [pool-494-thread-1] INFO  segmented.SegmentedRaftLogWorker (SegmentedRaftLogWorker.java:<init>(172)) - new 6bac59a6-6e96-4b6d-a78d-651c0bed005c-SegmentedRaftLogWorker:Storage Directory /workdir/hadoop-ozone/integration-test/target/test-dir/MiniOzoneClusterImpl-cabca72f-823b-48bd-9dbb-41083dd38152/datanode-5/data/ratis/74aa4266-ea56-4350-b10d-d71a5adc5bc2 for RaftStorage:Storage Directory /workdir/hadoop-ozone/integration-test/target/test-dir/MiniOzoneClusterImpl-cabca72f-823b-48bd-9dbb-41083dd38152/datanode-5/data/ratis/74aa4266-ea56-4350-b10d-d71a5adc5bc2
2019-08-23 17:38:09,041 [pool-494-thread-1] INFO  server.RaftServerConfigKeys (ConfUtils.java:logGet(43)) - raft.server.log.queue.byte-limit = 2147483647 (custom)
2019-08-23 17:38:09,041 [pool-494-thread-1] INFO  server.RaftServerConfigKeys (ConfUtils.java:logGet(43)) - raft.server.log.queue.element-limit = 1024 (custom)
2019-08-23 17:38:09,042 [pool-494-thread-1] INFO  server.RaftServerConfigKeys (ConfUtils.java:logGet(43)) - raft.server.log.segment.size.max = 1048576 (custom)
2019-08-23 17:38:09,042 [pool-494-thread-1] INFO  server.RaftServerConfigKeys (ConfUtils.java:logGet(43)) - raft.server.log.preallocated.size = 16384 (custom)
2019-08-23 17:38:09,042 [pool-494-thread-1] INFO  server.RaftServerConfigKeys (ConfUtils.java:logGet(43)) - raft.server.log.write.buffer.size = 33554432 (custom)
2019-08-23 17:38:09,042 [pool-494-thread-1] INFO  server.RaftServerConfigKeys (ConfUtils.java:logGet(43)) - raft.server.log.force.sync.num = 128 (default)
2019-08-23 17:38:09,042 [pool-494-thread-1] INFO  server.RaftServerConfigKeys (ConfUtils.java:logGet(43)) - raft.server.log.statemachine.data.sync = true (default)
2019-08-23 17:38:09,042 [pool-494-thread-1] INFO  server.RaftServerConfigKeys (ConfUtils.java:logGet(43)) - raft.server.log.statemachine.data.sync.timeout = 10s (default)
2019-08-23 17:38:09,042 [pool-494-thread-1] INFO  server.RaftServerConfigKeys (ConfUtils.java:logGet(43)) - raft.server.log.statemachine.data.sync.timeout.retry = -1 (default)
2019-08-23 17:38:09,043 [pool-494-thread-1] INFO  server.RaftServerConfigKeys (ConfUtils.java:logGet(43)) - raft.server.log.statemachine.data.caching.enabled = true (custom)
2019-08-23 17:38:09,043 [pool-494-thread-1] INFO  segmented.SegmentedRaftLogWorker (SegmentedRaftLogWorker.java:lambda$new$0(132)) - 6bac59a6-6e96-4b6d-a78d-651c0bed005c-SegmentedRaftLogWorker:Storage Directory /workdir/hadoop-ozone/integration-test/target/test-dir/MiniOzoneClusterImpl-cabca72f-823b-48bd-9dbb-41083dd38152/datanode-5/data/ratis/74aa4266-ea56-4350-b10d-d71a5adc5bc2: flushIndex: setUnconditionally 0 -> -1
2019-08-23 17:38:09,044 [pool-494-thread-1] INFO  server.RaftServerConfigKeys (ConfUtils.java:logGet(43)) - raft.server.snapshot.auto.trigger.enabled = true (custom)
2019-08-23 17:38:09,044 [pool-494-thread-1] INFO  server.RaftServerConfigKeys (ConfUtils.java:logGet(43)) - raft.server.snapshot.auto.trigger.threshold = 10000 (custom)
2019-08-23 17:38:09,044 [pool-494-thread-1] INFO  server.RaftServerConfigKeys (ConfUtils.java:logGet(43)) - raft.server.retrycache.expirytime = 600000ms (custom)
2019-08-23 17:38:09,044 [pool-494-thread-1] INFO  impl.RaftServerImpl (RaftServerImpl.java:start(180)) - 6bac59a6-6e96-4b6d-a78d-651c0bed005c: start group-D71A5ADC5BC2
2019-08-23 17:38:09,044 [pool-494-thread-1] INFO  impl.RaftServerImpl (RaftServerImpl.java:setRole(171)) - 6bac59a6-6e96-4b6d-a78d-651c0bed005c:group-D71A5ADC5BC2 changes role from null to FOLLOWER at term 0 for startAsFollower
2019-08-23 17:38:09,044 [pool-494-thread-1] INFO  impl.RoleInfo (RoleInfo.java:updateAndGet(143)) - 6bac59a6-6e96-4b6d-a78d-651c0bed005c: start FollowerState
2019-08-23 17:38:09,045 [pool-494-thread-1] INFO  util.JmxRegister (JmxRegister.java:tryRegister(44)) - Successfully registered JMX Bean with object name Ratis:service=RaftServer,group=group-D71A5ADC5BC2,id=6bac59a6-6e96-4b6d-a78d-651c0bed005c
2019-08-23 17:38:09,047 [RatisPipelineUtilsThread] INFO  pipeline.PipelineStateManager (PipelineStateManager.java:addPipeline(56)) - Created pipeline Pipeline[ Id: 74aa4266-ea56-4350-b10d-d71a5adc5bc2, Nodes: 6bac59a6-6e96-4b6d-a78d-651c0bed005c{ip: 192.168.5.164, host: pr-hdds-2002-fbg9h-2504998875, networkLocation: /default-rack, certSerialId: null}, Type:RATIS, Factor:ONE, State:OPEN]
2019-08-23 17:38:09,059 [grpc-default-executor-4] INFO  impl.RaftServerProxy (RaftServerProxy.java:addNew(89)) - 85e641fa-5017-4198-8052-eafab442e101: addNew group-A2AF128F6104:[6bac59a6-6e96-4b6d-a78d-651c0bed005c:192.168.5.164:45735, 3c4b984b-57f4-4c80-8be3-09d942f0ab46:192.168.5.164:43511, 85e641fa-5017-4198-8052-eafab442e101:192.168.5.164:39342] returns group-A2AF128F6104:java.util.concurrent.CompletableFuture@1f014ed8[Not completed]
2019-08-23 17:38:09,059 [grpc-default-executor-5] INFO  impl.RaftServerProxy (RaftServerProxy.java:addNew(89)) - 3c4b984b-57f4-4c80-8be3-09d942f0ab46: addNew group-A2AF128F6104:[6bac59a6-6e96-4b6d-a78d-651c0bed005c:192.168.5.164:45735, 3c4b984b-57f4-4c80-8be3-09d942f0ab46:192.168.5.164:43511, 85e641fa-5017-4198-8052-eafab442e101:192.168.5.164:39342] returns group-A2AF128F6104:java.util.concurrent.CompletableFuture@4f1650c7[Not completed]
2019-08-23 17:38:09,059 [grpc-default-executor-1] INFO  impl.RaftServerProxy (RaftServerProxy.java:addNew(89)) - 6bac59a6-6e96-4b6d-a78d-651c0bed005c: addNew group-A2AF128F6104:[6bac59a6-6e96-4b6d-a78d-651c0bed005c:192.168.5.164:45735, 3c4b984b-57f4-4c80-8be3-09d942f0ab46:192.168.5.164:43511, 85e641fa-5017-4198-8052-eafab442e101:192.168.5.164:39342] returns group-A2AF128F6104:java.util.concurrent.CompletableFuture@67a47247[Not completed]
2019-08-23 17:38:09,060 [pool-472-thread-1] INFO  impl.RaftServerImpl (RaftServerImpl.java:<init>(93)) - 3c4b984b-57f4-4c80-8be3-09d942f0ab46: new RaftServerImpl for group-A2AF128F6104:[6bac59a6-6e96-4b6d-a78d-651c0bed005c:192.168.5.164:45735, 3c4b984b-57f4-4c80-8be3-09d942f0ab46:192.168.5.164:43511, 85e641fa-5017-4198-8052-eafab442e101:192.168.5.164:39342] with ContainerStateMachine:uninitialized
2019-08-23 17:38:09,061 [pool-472-thread-1] INFO  server.RaftServerConfigKeys (ConfUtils.java:logGet(43)) - raft.server.rpc.timeout.min = 5s (custom)
2019-08-23 17:38:09,061 [pool-472-thread-1] INFO  server.RaftServerConfigKeys (ConfUtils.java:logGet(43)) - raft.server.rpc.timeout.max = 5200ms (custom)
2019-08-23 17:38:09,061 [pool-472-thread-1] INFO  server.RaftServerConfigKeys (ConfUtils.java:logGet(43)) - raft.server.rpcslowness.timeout = 120s (custom)
2019-08-23 17:38:09,061 [pool-483-thread-1] INFO  impl.RaftServerImpl (RaftServerImpl.java:<init>(93)) - 85e641fa-5017-4198-8052-eafab442e101: new RaftServerImpl for group-A2AF128F6104:[6bac59a6-6e96-4b6d-a78d-651c0bed005c:192.168.5.164:45735, 3c4b984b-57f4-4c80-8be3-09d942f0ab46:192.168.5.164:43511, 85e641fa-5017-4198-8052-eafab442e101:192.168.5.164:39342] with ContainerStateMachine:uninitialized
2019-08-23 17:38:09,061 [pool-472-thread-1] INFO  server.RaftServerConfigKeys (ConfUtils.java:logGet(43)) - raft.server.sleep.deviation.threshold = 300 (default)
2019-08-23 17:38:09,061 [pool-483-thread-1] INFO  server.RaftServerConfigKeys (ConfUtils.java:logGet(43)) - raft.server.rpc.timeout.min = 5s (custom)
2019-08-23 17:38:09,061 [pool-472-thread-1] INFO  server.RaftServerConfigKeys (ConfUtils.java:logGet(43)) - raft.server.log.appender.install.snapshot.enabled = false (custom)
2019-08-23 17:38:09,062 [pool-483-thread-1] INFO  server.RaftServerConfigKeys (ConfUtils.java:logGet(43)) - raft.server.rpc.timeout.max = 5200ms (custom)
2019-08-23 17:38:09,062 [pool-494-thread-1] INFO  impl.RaftServerImpl (RaftServerImpl.java:<init>(93)) - 6bac59a6-6e96-4b6d-a78d-651c0bed005c: new RaftServerImpl for group-A2AF128F6104:[6bac59a6-6e96-4b6d-a78d-651c0bed005c:192.168.5.164:45735, 3c4b984b-57f4-4c80-8be3-09d942f0ab46:192.168.5.164:43511, 85e641fa-5017-4198-8052-eafab442e101:192.168.5.164:39342] with ContainerStateMachine:uninitialized
2019-08-23 17:38:09,062 [pool-483-thread-1] INFO  server.RaftServerConfigKeys (ConfUtils.java:logGet(43)) - raft.server.rpcslowness.timeout = 120s (custom)
2019-08-23 17:38:09,062 [pool-472-thread-1] INFO  impl.RaftServerImpl (ServerState.java:<init>(105)) - 3c4b984b-57f4-4c80-8be3-09d942f0ab46:group-A2AF128F6104 ConfigurationManager, init=-1: [6bac59a6-6e96-4b6d-a78d-651c0bed005c:192.168.5.164:45735, 3c4b984b-57f4-4c80-8be3-09d942f0ab46:192.168.5.164:43511, 85e641fa-5017-4198-8052-eafab442e101:192.168.5.164:39342], old=null, confs=<EMPTY_MAP>
2019-08-23 17:38:09,062 [pool-483-thread-1] INFO  server.RaftServerConfigKeys (ConfUtils.java:logGet(43)) - raft.server.sleep.deviation.threshold = 300 (default)
2019-08-23 17:38:09,062 [pool-494-thread-1] INFO  server.RaftServerConfigKeys (ConfUtils.java:logGet(43)) - raft.server.rpc.timeout.min = 5s (custom)
2019-08-23 17:38:09,062 [pool-483-thread-1] INFO  server.RaftServerConfigKeys (ConfUtils.java:logGet(43)) - raft.server.log.appender.install.snapshot.enabled = false (custom)
2019-08-23 17:38:09,062 [pool-472-thread-1] INFO  server.RaftServerConfigKeys (ConfUtils.java:logGet(43)) - raft.server.storage.dir = [/workdir/hadoop-ozone/integration-test/target/test-dir/MiniOzoneClusterImpl-cabca72f-823b-48bd-9dbb-41083dd38152/datanode-3/data/ratis] (custom)
2019-08-23 17:38:09,063 [pool-483-thread-1] INFO  impl.RaftServerImpl (ServerState.java:<init>(105)) - 85e641fa-5017-4198-8052-eafab442e101:group-A2AF128F6104 ConfigurationManager, init=-1: [6bac59a6-6e96-4b6d-a78d-651c0bed005c:192.168.5.164:45735, 3c4b984b-57f4-4c80-8be3-09d942f0ab46:192.168.5.164:43511, 85e641fa-5017-4198-8052-eafab442e101:192.168.5.164:39342], old=null, confs=<EMPTY_MAP>
2019-08-23 17:38:09,063 [pool-494-thread-1] INFO  server.RaftServerConfigKeys (ConfUtils.java:logGet(43)) - raft.server.rpc.timeout.max = 5200ms (custom)
2019-08-23 17:38:09,063 [pool-472-thread-1] INFO  storage.RaftStorageDirectory (RaftStorageDirectory.java:analyzeStorage(246)) - The storage directory /workdir/hadoop-ozone/integration-test/target/test-dir/MiniOzoneClusterImpl-cabca72f-823b-48bd-9dbb-41083dd38152/datanode-3/data/ratis/457eed1a-3fb3-4d44-ad28-a2af128f6104 does not exist. Creating ...
2019-08-23 17:38:09,063 [pool-483-thread-1] INFO  server.RaftServerConfigKeys (ConfUtils.java:logGet(43)) - raft.server.storage.dir = [/workdir/hadoop-ozone/integration-test/target/test-dir/MiniOzoneClusterImpl-cabca72f-823b-48bd-9dbb-41083dd38152/datanode-4/data/ratis] (custom)
2019-08-23 17:38:09,063 [pool-494-thread-1] INFO  server.RaftServerConfigKeys (ConfUtils.java:logGet(43)) - raft.server.rpcslowness.timeout = 120s (custom)
2019-08-23 17:38:09,064 [pool-494-thread-1] INFO  server.RaftServerConfigKeys (ConfUtils.java:logGet(43)) - raft.server.sleep.deviation.threshold = 300 (default)
2019-08-23 17:38:09,064 [pool-483-thread-1] INFO  storage.RaftStorageDirectory (RaftStorageDirectory.java:analyzeStorage(246)) - The storage directory /workdir/hadoop-ozone/integration-test/target/test-dir/MiniOzoneClusterImpl-cabca72f-823b-48bd-9dbb-41083dd38152/datanode-4/data/ratis/457eed1a-3fb3-4d44-ad28-a2af128f6104 does not exist. Creating ...
2019-08-23 17:38:09,064 [pool-494-thread-1] INFO  server.RaftServerConfigKeys (ConfUtils.java:logGet(43)) - raft.server.log.appender.install.snapshot.enabled = false (custom)
2019-08-23 17:38:09,064 [pool-494-thread-1] INFO  impl.RaftServerImpl (ServerState.java:<init>(105)) - 6bac59a6-6e96-4b6d-a78d-651c0bed005c:group-A2AF128F6104 ConfigurationManager, init=-1: [6bac59a6-6e96-4b6d-a78d-651c0bed005c:192.168.5.164:45735, 3c4b984b-57f4-4c80-8be3-09d942f0ab46:192.168.5.164:43511, 85e641fa-5017-4198-8052-eafab442e101:192.168.5.164:39342], old=null, confs=<EMPTY_MAP>
2019-08-23 17:38:09,064 [pool-494-thread-1] INFO  server.RaftServerConfigKeys (ConfUtils.java:logGet(43)) - raft.server.storage.dir = [/workdir/hadoop-ozone/integration-test/target/test-dir/MiniOzoneClusterImpl-cabca72f-823b-48bd-9dbb-41083dd38152/datanode-5/data/ratis] (custom)
2019-08-23 17:38:09,065 [pool-494-thread-1] INFO  storage.RaftStorageDirectory (RaftStorageDirectory.java:analyzeStorage(246)) - The storage directory /workdir/hadoop-ozone/integration-test/target/test-dir/MiniOzoneClusterImpl-cabca72f-823b-48bd-9dbb-41083dd38152/datanode-5/data/ratis/457eed1a-3fb3-4d44-ad28-a2af128f6104 does not exist. Creating ...
2019-08-23 17:38:09,077 [pool-494-thread-1] INFO  storage.RaftStorageDirectory (RaftStorageDirectory.java:tryLock(328)) - Lock on /workdir/hadoop-ozone/integration-test/target/test-dir/MiniOzoneClusterImpl-cabca72f-823b-48bd-9dbb-41083dd38152/datanode-5/data/ratis/457eed1a-3fb3-4d44-ad28-a2af128f6104/in_use.lock acquired by nodename 29154@pr-hdds-2002-fbg9h-2504998875
2019-08-23 17:38:09,077 [pool-483-thread-1] INFO  storage.RaftStorageDirectory (RaftStorageDirectory.java:tryLock(328)) - Lock on /workdir/hadoop-ozone/integration-test/target/test-dir/MiniOzoneClusterImpl-cabca72f-823b-48bd-9dbb-41083dd38152/datanode-4/data/ratis/457eed1a-3fb3-4d44-ad28-a2af128f6104/in_use.lock acquired by nodename 29154@pr-hdds-2002-fbg9h-2504998875
2019-08-23 17:38:09,077 [pool-472-thread-1] INFO  storage.RaftStorageDirectory (RaftStorageDirectory.java:tryLock(328)) - Lock on /workdir/hadoop-ozone/integration-test/target/test-dir/MiniOzoneClusterImpl-cabca72f-823b-48bd-9dbb-41083dd38152/datanode-3/data/ratis/457eed1a-3fb3-4d44-ad28-a2af128f6104/in_use.lock acquired by nodename 29154@pr-hdds-2002-fbg9h-2504998875
2019-08-23 17:38:09,090 [pool-472-thread-1] INFO  storage.RaftStorage (RaftStorage.java:format(72)) - Storage directory /workdir/hadoop-ozone/integration-test/target/test-dir/MiniOzoneClusterImpl-cabca72f-823b-48bd-9dbb-41083dd38152/datanode-3/data/ratis/457eed1a-3fb3-4d44-ad28-a2af128f6104 has been successfully formatted.
2019-08-23 17:38:09,090 [pool-483-thread-1] INFO  storage.RaftStorage (RaftStorage.java:format(72)) - Storage directory /workdir/hadoop-ozone/integration-test/target/test-dir/MiniOzoneClusterImpl-cabca72f-823b-48bd-9dbb-41083dd38152/datanode-4/data/ratis/457eed1a-3fb3-4d44-ad28-a2af128f6104 has been successfully formatted.
2019-08-23 17:38:09,091 [pool-472-thread-1] INFO  ratis.ContainerStateMachine (ContainerStateMachine.java:loadSnapshot(226)) - group-A2AF128F6104: The snapshot info is null. Setting the last applied indexto:(t:0, i:~)
2019-08-23 17:38:09,091 [pool-483-thread-1] INFO  ratis.ContainerStateMachine (ContainerStateMachine.java:loadSnapshot(226)) - group-A2AF128F6104: The snapshot info is null. Setting the last applied indexto:(t:0, i:~)
2019-08-23 17:38:09,090 [pool-494-thread-1] INFO  storage.RaftStorage (RaftStorage.java:format(72)) - Storage directory /workdir/hadoop-ozone/integration-test/target/test-dir/MiniOzoneClusterImpl-cabca72f-823b-48bd-9dbb-41083dd38152/datanode-5/data/ratis/457eed1a-3fb3-4d44-ad28-a2af128f6104 has been successfully formatted.
2019-08-23 17:38:09,091 [pool-483-thread-1] INFO  server.RaftServerConfigKeys (ConfUtils.java:logGet(43)) - raft.server.leader.election.timeout = 120s (custom)
2019-08-23 17:38:09,091 [pool-472-thread-1] INFO  server.RaftServerConfigKeys (ConfUtils.java:logGet(43)) - raft.server.leader.election.timeout = 120s (custom)
2019-08-23 17:38:09,091 [pool-483-thread-1] INFO  server.RaftServerConfigKeys (ConfUtils.java:logGet(43)) - raft.server.log.use.memory = false (default)
2019-08-23 17:38:09,092 [pool-472-thread-1] INFO  server.RaftServerConfigKeys (ConfUtils.java:logGet(43)) - raft.server.log.use.memory = false (default)
2019-08-23 17:38:09,092 [pool-483-thread-1] INFO  server.RaftServerConfigKeys (ConfUtils.java:logGet(43)) - raft.server.log.purge.gap = 1000000 (custom)
2019-08-23 17:38:09,092 [pool-472-thread-1] INFO  server.RaftServerConfigKeys (ConfUtils.java:logGet(43)) - raft.server.log.purge.gap = 1000000 (custom)
2019-08-23 17:38:09,092 [pool-483-thread-1] INFO  server.RaftServerConfigKeys (ConfUtils.java:logGet(43)) - raft.server.log.appender.buffer.byte-limit = 33554432 (custom)
2019-08-23 17:38:09,092 [pool-472-thread-1] INFO  server.RaftServerConfigKeys (ConfUtils.java:logGet(43)) - raft.server.log.appender.buffer.byte-limit = 33554432 (custom)
2019-08-23 17:38:09,092 [pool-494-thread-1] INFO  ratis.ContainerStateMachine (ContainerStateMachine.java:loadSnapshot(226)) - group-A2AF128F6104: The snapshot info is null. Setting the last applied indexto:(t:0, i:~)
2019-08-23 17:38:09,092 [pool-472-thread-1] INFO  server.RaftServerConfigKeys (ConfUtils.java:logGet(43)) - raft.server.log.segment.size.max = 1048576 (custom)
2019-08-23 17:38:09,092 [pool-483-thread-1] INFO  server.RaftServerConfigKeys (ConfUtils.java:logGet(43)) - raft.server.log.segment.size.max = 1048576 (custom)
2019-08-23 17:38:09,093 [pool-472-thread-1] INFO  server.RaftServerConfigKeys (ConfUtils.java:logGet(43)) - raft.server.log.segment.cache.num.max = 2 (custom)
2019-08-23 17:38:09,093 [pool-494-thread-1] INFO  server.RaftServerConfigKeys (ConfUtils.java:logGet(43)) - raft.server.leader.election.timeout = 120s (custom)
2019-08-23 17:38:09,093 [pool-472-thread-1] INFO  segmented.SegmentedRaftLogWorker (SegmentedRaftLogWorker.java:<init>(172)) - new 3c4b984b-57f4-4c80-8be3-09d942f0ab46-SegmentedRaftLogWorker:Storage Directory /workdir/hadoop-ozone/integration-test/target/test-dir/MiniOzoneClusterImpl-cabca72f-823b-48bd-9dbb-41083dd38152/datanode-3/data/ratis/457eed1a-3fb3-4d44-ad28-a2af128f6104 for RaftStorage:Storage Directory /workdir/hadoop-ozone/integration-test/target/test-dir/MiniOzoneClusterImpl-cabca72f-823b-48bd-9dbb-41083dd38152/datanode-3/data/ratis/457eed1a-3fb3-4d44-ad28-a2af128f6104
2019-08-23 17:38:09,093 [pool-483-thread-1] INFO  server.RaftServerConfigKeys (ConfUtils.java:logGet(43)) - raft.server.log.segment.cache.num.max = 2 (custom)
2019-08-23 17:38:09,093 [pool-472-thread-1] INFO  server.RaftServerConfigKeys (ConfUtils.java:logGet(43)) - raft.server.log.queue.byte-limit = 2147483647 (custom)
2019-08-23 17:38:09,093 [pool-494-thread-1] INFO  server.RaftServerConfigKeys (ConfUtils.java:logGet(43)) - raft.server.log.use.memory = false (default)
2019-08-23 17:38:09,094 [pool-472-thread-1] INFO  server.RaftServerConfigKeys (ConfUtils.java:logGet(43)) - raft.server.log.queue.element-limit = 1024 (custom)
2019-08-23 17:38:09,094 [pool-483-thread-1] INFO  segmented.SegmentedRaftLogWorker (SegmentedRaftLogWorker.java:<init>(172)) - new 85e641fa-5017-4198-8052-eafab442e101-SegmentedRaftLogWorker:Storage Directory /workdir/hadoop-ozone/integration-test/target/test-dir/MiniOzoneClusterImpl-cabca72f-823b-48bd-9dbb-41083dd38152/datanode-4/data/ratis/457eed1a-3fb3-4d44-ad28-a2af128f6104 for RaftStorage:Storage Directory /workdir/hadoop-ozone/integration-test/target/test-dir/MiniOzoneClusterImpl-cabca72f-823b-48bd-9dbb-41083dd38152/datanode-4/data/ratis/457eed1a-3fb3-4d44-ad28-a2af128f6104
2019-08-23 17:38:09,094 [pool-472-thread-1] INFO  server.RaftServerConfigKeys (ConfUtils.java:logGet(43)) - raft.server.log.segment.size.max = 1048576 (custom)
2019-08-23 17:38:09,094 [pool-472-thread-1] INFO  server.RaftServerConfigKeys (ConfUtils.java:logGet(43)) - raft.server.log.preallocated.size = 16384 (custom)
2019-08-23 17:38:09,095 [pool-472-thread-1] INFO  server.RaftServerConfigKeys (ConfUtils.java:logGet(43)) - raft.server.log.write.buffer.size = 33554432 (custom)
2019-08-23 17:38:09,094 [pool-494-thread-1] INFO  server.RaftServerConfigKeys (ConfUtils.java:logGet(43)) - raft.server.log.purge.gap = 1000000 (custom)
2019-08-23 17:38:09,095 [pool-472-thread-1] INFO  server.RaftServerConfigKeys (ConfUtils.java:logGet(43)) - raft.server.log.force.sync.num = 128 (default)
2019-08-23 17:38:09,095 [pool-472-thread-1] INFO  server.RaftServerConfigKeys (ConfUtils.java:logGet(43)) - raft.server.log.statemachine.data.sync = true (default)
2019-08-23 17:38:09,094 [pool-483-thread-1] INFO  server.RaftServerConfigKeys (ConfUtils.java:logGet(43)) - raft.server.log.queue.byte-limit = 2147483647 (custom)
2019-08-23 17:38:09,095 [pool-472-thread-1] INFO  server.RaftServerConfigKeys (ConfUtils.java:logGet(43)) - raft.server.log.statemachine.data.sync.timeout = 10s (default)
2019-08-23 17:38:09,095 [pool-494-thread-1] INFO  server.RaftServerConfigKeys (ConfUtils.java:logGet(43)) - raft.server.log.appender.buffer.byte-limit = 33554432 (custom)
2019-08-23 17:38:09,096 [pool-472-thread-1] INFO  server.RaftServerConfigKeys (ConfUtils.java:logGet(43)) - raft.server.log.statemachine.data.sync.timeout.retry = -1 (default)
2019-08-23 17:38:09,095 [pool-483-thread-1] INFO  server.RaftServerConfigKeys (ConfUtils.java:logGet(43)) - raft.server.log.queue.element-limit = 1024 (custom)
2019-08-23 17:38:09,096 [pool-472-thread-1] INFO  server.RaftServerConfigKeys (ConfUtils.java:logGet(43)) - raft.server.log.statemachine.data.caching.enabled = true (custom)
2019-08-23 17:38:09,096 [pool-494-thread-1] INFO  server.RaftServerConfigKeys (ConfUtils.java:logGet(43)) - raft.server.log.segment.size.max = 1048576 (custom)
2019-08-23 17:38:09,096 [pool-483-thread-1] INFO  server.RaftServerConfigKeys (ConfUtils.java:logGet(43)) - raft.server.log.segment.size.max = 1048576 (custom)
2019-08-23 17:38:09,096 [pool-494-thread-1] INFO  server.RaftServerConfigKeys (ConfUtils.java:logGet(43)) - raft.server.log.segment.cache.num.max = 2 (custom)
2019-08-23 17:38:09,096 [pool-472-thread-1] INFO  segmented.SegmentedRaftLogWorker (SegmentedRaftLogWorker.java:lambda$new$0(132)) - 3c4b984b-57f4-4c80-8be3-09d942f0ab46-SegmentedRaftLogWorker:Storage Directory /workdir/hadoop-ozone/integration-test/target/test-dir/MiniOzoneClusterImpl-cabca72f-823b-48bd-9dbb-41083dd38152/datanode-3/data/ratis/457eed1a-3fb3-4d44-ad28-a2af128f6104: flushIndex: setUnconditionally 0 -> -1
2019-08-23 17:38:09,097 [pool-494-thread-1] INFO  segmented.SegmentedRaftLogWorker (SegmentedRaftLogWorker.java:<init>(172)) - new 6bac59a6-6e96-4b6d-a78d-651c0bed005c-SegmentedRaftLogWorker:Storage Directory /workdir/hadoop-ozone/integration-test/target/test-dir/MiniOzoneClusterImpl-cabca72f-823b-48bd-9dbb-41083dd38152/datanode-5/data/ratis/457eed1a-3fb3-4d44-ad28-a2af128f6104 for RaftStorage:Storage Directory /workdir/hadoop-ozone/integration-test/target/test-dir/MiniOzoneClusterImpl-cabca72f-823b-48bd-9dbb-41083dd38152/datanode-5/data/ratis/457eed1a-3fb3-4d44-ad28-a2af128f6104
2019-08-23 17:38:09,097 [pool-483-thread-1] INFO  server.RaftServerConfigKeys (ConfUtils.java:logGet(43)) - raft.server.log.preallocated.size = 16384 (custom)
2019-08-23 17:38:09,097 [pool-472-thread-1] INFO  server.RaftServerConfigKeys (ConfUtils.java:logGet(43)) - raft.server.snapshot.auto.trigger.enabled = true (custom)
2019-08-23 17:38:09,097 [pool-494-thread-1] INFO  server.RaftServerConfigKeys (ConfUtils.java:logGet(43)) - raft.server.log.queue.byte-limit = 2147483647 (custom)
2019-08-23 17:38:09,097 [pool-472-thread-1] INFO  server.RaftServerConfigKeys (ConfUtils.java:logGet(43)) - raft.server.snapshot.auto.trigger.threshold = 10000 (custom)
2019-08-23 17:38:09,097 [pool-483-thread-1] INFO  server.RaftServerConfigKeys (ConfUtils.java:logGet(43)) - raft.server.log.write.buffer.size = 33554432 (custom)
2019-08-23 17:38:09,098 [pool-472-thread-1] INFO  server.RaftServerConfigKeys (ConfUtils.java:logGet(43)) - raft.server.retrycache.expirytime = 600000ms (custom)
2019-08-23 17:38:09,098 [pool-494-thread-1] INFO  server.RaftServerConfigKeys (ConfUtils.java:logGet(43)) - raft.server.log.queue.element-limit = 1024 (custom)
2019-08-23 17:38:09,098 [pool-472-thread-1] INFO  impl.RaftServerImpl (RaftServerImpl.java:start(180)) - 3c4b984b-57f4-4c80-8be3-09d942f0ab46: start group-A2AF128F6104
2019-08-23 17:38:09,098 [pool-472-thread-1] INFO  impl.RaftServerImpl (RaftServerImpl.java:setRole(171)) - 3c4b984b-57f4-4c80-8be3-09d942f0ab46:group-A2AF128F6104 changes role from null to FOLLOWER at term 0 for startAsFollower
2019-08-23 17:38:09,098 [pool-483-thread-1] INFO  server.RaftServerConfigKeys (ConfUtils.java:logGet(43)) - raft.server.log.force.sync.num = 128 (default)
2019-08-23 17:38:09,099 [pool-472-thread-1] INFO  impl.RoleInfo (RoleInfo.java:updateAndGet(143)) - 3c4b984b-57f4-4c80-8be3-09d942f0ab46: start FollowerState
2019-08-23 17:38:09,098 [pool-494-thread-1] INFO  server.RaftServerConfigKeys (ConfUtils.java:logGet(43)) - raft.server.log.segment.size.max = 1048576 (custom)
2019-08-23 17:38:09,099 [pool-483-thread-1] INFO  server.RaftServerConfigKeys (ConfUtils.java:logGet(43)) - raft.server.log.statemachine.data.sync = true (default)
2019-08-23 17:38:09,099 [pool-494-thread-1] INFO  server.RaftServerConfigKeys (ConfUtils.java:logGet(43)) - raft.server.log.preallocated.size = 16384 (custom)
2019-08-23 17:38:09,099 [pool-483-thread-1] INFO  server.RaftServerConfigKeys (ConfUtils.java:logGet(43)) - raft.server.log.statemachine.data.sync.timeout = 10s (default)
2019-08-23 17:38:09,099 [pool-483-thread-1] INFO  server.RaftServerConfigKeys (ConfUtils.java:logGet(43)) - raft.server.log.statemachine.data.sync.timeout.retry = -1 (default)
2019-08-23 17:38:09,099 [pool-472-thread-1] INFO  util.JmxRegister (JmxRegister.java:tryRegister(44)) - Successfully registered JMX Bean with object name Ratis:service=RaftServer,group=group-A2AF128F6104,id=3c4b984b-57f4-4c80-8be3-09d942f0ab46
2019-08-23 17:38:09,100 [pool-483-thread-1] INFO  server.RaftServerConfigKeys (ConfUtils.java:logGet(43)) - raft.server.log.statemachine.data.caching.enabled = true (custom)
2019-08-23 17:38:09,099 [pool-494-thread-1] INFO  server.RaftServerConfigKeys (ConfUtils.java:logGet(43)) - raft.server.log.write.buffer.size = 33554432 (custom)
2019-08-23 17:38:09,100 [pool-494-thread-1] INFO  server.RaftServerConfigKeys (ConfUtils.java:logGet(43)) - raft.server.log.force.sync.num = 128 (default)
2019-08-23 17:38:09,100 [pool-483-thread-1] INFO  segmented.SegmentedRaftLogWorker (SegmentedRaftLogWorker.java:lambda$new$0(132)) - 85e641fa-5017-4198-8052-eafab442e101-SegmentedRaftLogWorker:Storage Directory /workdir/hadoop-ozone/integration-test/target/test-dir/MiniOzoneClusterImpl-cabca72f-823b-48bd-9dbb-41083dd38152/datanode-4/data/ratis/457eed1a-3fb3-4d44-ad28-a2af128f6104: flushIndex: setUnconditionally 0 -> -1
2019-08-23 17:38:09,100 [pool-494-thread-1] INFO  server.RaftServerConfigKeys (ConfUtils.java:logGet(43)) - raft.server.log.statemachine.data.sync = true (default)
2019-08-23 17:38:09,101 [pool-494-thread-1] INFO  server.RaftServerConfigKeys (ConfUtils.java:logGet(43)) - raft.server.log.statemachine.data.sync.timeout = 10s (default)
2019-08-23 17:38:09,101 [pool-483-thread-1] INFO  server.RaftServerConfigKeys (ConfUtils.java:logGet(43)) - raft.server.snapshot.auto.trigger.enabled = true (custom)
2019-08-23 17:38:09,101 [pool-494-thread-1] INFO  server.RaftServerConfigKeys (ConfUtils.java:logGet(43)) - raft.server.log.statemachine.data.sync.timeout.retry = -1 (default)
2019-08-23 17:38:09,101 [pool-483-thread-1] INFO  server.RaftServerConfigKeys (ConfUtils.java:logGet(43)) - raft.server.snapshot.auto.trigger.threshold = 10000 (custom)
2019-08-23 17:38:09,101 [pool-494-thread-1] INFO  server.RaftServerConfigKeys (ConfUtils.java:logGet(43)) - raft.server.log.statemachine.data.caching.enabled = true (custom)
2019-08-23 17:38:09,101 [pool-483-thread-1] INFO  server.RaftServerConfigKeys (ConfUtils.java:logGet(43)) - raft.server.retrycache.expirytime = 600000ms (custom)
2019-08-23 17:38:09,101 [pool-494-thread-1] INFO  segmented.SegmentedRaftLogWorker (SegmentedRaftLogWorker.java:lambda$new$0(132)) - 6bac59a6-6e96-4b6d-a78d-651c0bed005c-SegmentedRaftLogWorker:Storage Directory /workdir/hadoop-ozone/integration-test/target/test-dir/MiniOzoneClusterImpl-cabca72f-823b-48bd-9dbb-41083dd38152/datanode-5/data/ratis/457eed1a-3fb3-4d44-ad28-a2af128f6104: flushIndex: setUnconditionally 0 -> -1
2019-08-23 17:38:09,101 [pool-483-thread-1] INFO  impl.RaftServerImpl (RaftServerImpl.java:start(180)) - 85e641fa-5017-4198-8052-eafab442e101: start group-A2AF128F6104
2019-08-23 17:38:09,102 [pool-483-thread-1] INFO  impl.RaftServerImpl (RaftServerImpl.java:setRole(171)) - 85e641fa-5017-4198-8052-eafab442e101:group-A2AF128F6104 changes role from null to FOLLOWER at term 0 for startAsFollower
2019-08-23 17:38:09,102 [pool-494-thread-1] INFO  server.RaftServerConfigKeys (ConfUtils.java:logGet(43)) - raft.server.snapshot.auto.trigger.enabled = true (custom)
2019-08-23 17:38:09,102 [pool-483-thread-1] INFO  impl.RoleInfo (RoleInfo.java:updateAndGet(143)) - 85e641fa-5017-4198-8052-eafab442e101: start FollowerState
2019-08-23 17:38:09,102 [pool-494-thread-1] INFO  server.RaftServerConfigKeys (ConfUtils.java:logGet(43)) - raft.server.snapshot.auto.trigger.threshold = 10000 (custom)
2019-08-23 17:38:09,102 [pool-494-thread-1] INFO  server.RaftServerConfigKeys (ConfUtils.java:logGet(43)) - raft.server.retrycache.expirytime = 600000ms (custom)
2019-08-23 17:38:09,102 [pool-483-thread-1] INFO  util.JmxRegister (JmxRegister.java:tryRegister(44)) - Successfully registered JMX Bean with object name Ratis:service=RaftServer,group=group-A2AF128F6104,id=85e641fa-5017-4198-8052-eafab442e101
2019-08-23 17:38:09,102 [pool-494-thread-1] INFO  impl.RaftServerImpl (RaftServerImpl.java:start(180)) - 6bac59a6-6e96-4b6d-a78d-651c0bed005c: start group-A2AF128F6104
2019-08-23 17:38:09,103 [pool-494-thread-1] INFO  impl.RaftServerImpl (RaftServerImpl.java:setRole(171)) - 6bac59a6-6e96-4b6d-a78d-651c0bed005c:group-A2AF128F6104 changes role from null to FOLLOWER at term 0 for startAsFollower
2019-08-23 17:38:09,103 [pool-494-thread-1] INFO  impl.RoleInfo (RoleInfo.java:updateAndGet(143)) - 6bac59a6-6e96-4b6d-a78d-651c0bed005c: start FollowerState
2019-08-23 17:38:09,103 [pool-494-thread-1] INFO  util.JmxRegister (JmxRegister.java:tryRegister(44)) - Successfully registered JMX Bean with object name Ratis:service=RaftServer,group=group-A2AF128F6104,id=6bac59a6-6e96-4b6d-a78d-651c0bed005c
2019-08-23 17:38:09,105 [RatisPipelineUtilsThread] INFO  pipeline.PipelineStateManager (PipelineStateManager.java:addPipeline(56)) - Created pipeline Pipeline[ Id: 457eed1a-3fb3-4d44-ad28-a2af128f6104, Nodes: 6bac59a6-6e96-4b6d-a78d-651c0bed005c{ip: 192.168.5.164, host: pr-hdds-2002-fbg9h-2504998875, networkLocation: /default-rack, certSerialId: null}3c4b984b-57f4-4c80-8be3-09d942f0ab46{ip: 192.168.5.164, host: pr-hdds-2002-fbg9h-2504998875, networkLocation: /default-rack, certSerialId: null}85e641fa-5017-4198-8052-eafab442e101{ip: 192.168.5.164, host: pr-hdds-2002-fbg9h-2504998875, networkLocation: /default-rack, certSerialId: null}, Type:RATIS, Factor:THREE, State:OPEN]
2019-08-23 17:38:09,176 [main] INFO  ozone.MiniOzoneClusterImpl (MiniOzoneClusterImpl.java:lambda$waitForClusterToBeReady$0(142)) - Waiting for cluster to be ready. Got 6 of 7 DN Heartbeats.
2019-08-23 17:38:09,178 [IPC Server handler 4 on 33532] INFO  net.NetworkTopology (NetworkTopologyImpl.java:add(110)) - Added a new node: /default-rack/dc82463a-faf1-47ee-884f-ca1185c16136
2019-08-23 17:38:09,178 [IPC Server handler 4 on 33532] INFO  node.SCMNodeManager (SCMNodeManager.java:register(273)) - Registered Data node : dc82463a-faf1-47ee-884f-ca1185c16136{ip: 192.168.5.164, host: pr-hdds-2002-fbg9h-2504998875, networkLocation: /default-rack, certSerialId: null}
2019-08-23 17:38:09,178 | INFO  | SCMAudit | user=jenkins1000 | ip=192.168.5.164 | op=REGISTER {datanodeDetails=dc82463a-faf1-47ee-884f-ca1185c16136{ip: 192.168.5.164, host: pr-hdds-2002-fbg9h-2504998875, networkLocation: /default-rack, certSerialId: null}} | ret=SUCCESS |  
2019-08-23 17:38:09,195 [grpc-default-executor-1] INFO  impl.RaftServerProxy (RaftServerProxy.java:addNew(89)) - dc82463a-faf1-47ee-884f-ca1185c16136: addNew group-4F87B5CA6811:[dc82463a-faf1-47ee-884f-ca1185c16136:192.168.5.164:33077] returns group-4F87B5CA6811:java.util.concurrent.CompletableFuture@6bc9a9ac[Not completed]
2019-08-23 17:38:09,196 [pool-505-thread-1] INFO  impl.RaftServerImpl (RaftServerImpl.java:<init>(93)) - dc82463a-faf1-47ee-884f-ca1185c16136: new RaftServerImpl for group-4F87B5CA6811:[dc82463a-faf1-47ee-884f-ca1185c16136:192.168.5.164:33077] with ContainerStateMachine:uninitialized
2019-08-23 17:38:09,196 [pool-505-thread-1] INFO  server.RaftServerConfigKeys (ConfUtils.java:logGet(43)) - raft.server.rpc.timeout.min = 5s (custom)
2019-08-23 17:38:09,196 [pool-505-thread-1] INFO  server.RaftServerConfigKeys (ConfUtils.java:logGet(43)) - raft.server.rpc.timeout.max = 5200ms (custom)
2019-08-23 17:38:09,197 [pool-505-thread-1] INFO  server.RaftServerConfigKeys (ConfUtils.java:logGet(43)) - raft.server.rpcslowness.timeout = 120s (custom)
2019-08-23 17:38:09,197 [pool-505-thread-1] INFO  server.RaftServerConfigKeys (ConfUtils.java:logGet(43)) - raft.server.sleep.deviation.threshold = 300 (default)
2019-08-23 17:38:09,197 [pool-505-thread-1] INFO  server.RaftServerConfigKeys (ConfUtils.java:logGet(43)) - raft.server.log.appender.install.snapshot.enabled = false (custom)
2019-08-23 17:38:09,197 [pool-505-thread-1] INFO  impl.RaftServerImpl (ServerState.java:<init>(105)) - dc82463a-faf1-47ee-884f-ca1185c16136:group-4F87B5CA6811 ConfigurationManager, init=-1: [dc82463a-faf1-47ee-884f-ca1185c16136:192.168.5.164:33077], old=null, confs=<EMPTY_MAP>
2019-08-23 17:38:09,197 [pool-505-thread-1] INFO  server.RaftServerConfigKeys (ConfUtils.java:logGet(43)) - raft.server.storage.dir = [/workdir/hadoop-ozone/integration-test/target/test-dir/MiniOzoneClusterImpl-cabca72f-823b-48bd-9dbb-41083dd38152/datanode-6/data/ratis] (custom)
2019-08-23 17:38:09,197 [pool-505-thread-1] INFO  storage.RaftStorageDirectory (RaftStorageDirectory.java:analyzeStorage(246)) - The storage directory /workdir/hadoop-ozone/integration-test/target/test-dir/MiniOzoneClusterImpl-cabca72f-823b-48bd-9dbb-41083dd38152/datanode-6/data/ratis/decfa574-2433-4e34-a325-4f87b5ca6811 does not exist. Creating ...
2019-08-23 17:38:09,210 [pool-505-thread-1] INFO  storage.RaftStorageDirectory (RaftStorageDirectory.java:tryLock(328)) - Lock on /workdir/hadoop-ozone/integration-test/target/test-dir/MiniOzoneClusterImpl-cabca72f-823b-48bd-9dbb-41083dd38152/datanode-6/data/ratis/decfa574-2433-4e34-a325-4f87b5ca6811/in_use.lock acquired by nodename 29154@pr-hdds-2002-fbg9h-2504998875
2019-08-23 17:38:09,224 [pool-505-thread-1] INFO  storage.RaftStorage (RaftStorage.java:format(72)) - Storage directory /workdir/hadoop-ozone/integration-test/target/test-dir/MiniOzoneClusterImpl-cabca72f-823b-48bd-9dbb-41083dd38152/datanode-6/data/ratis/decfa574-2433-4e34-a325-4f87b5ca6811 has been successfully formatted.
2019-08-23 17:38:09,224 [pool-505-thread-1] INFO  ratis.ContainerStateMachine (ContainerStateMachine.java:loadSnapshot(226)) - group-4F87B5CA6811: The snapshot info is null. Setting the last applied indexto:(t:0, i:~)
2019-08-23 17:38:09,224 [pool-505-thread-1] INFO  server.RaftServerConfigKeys (ConfUtils.java:logGet(43)) - raft.server.leader.election.timeout = 120s (custom)
2019-08-23 17:38:09,224 [pool-505-thread-1] INFO  server.RaftServerConfigKeys (ConfUtils.java:logGet(43)) - raft.server.log.use.memory = false (default)
2019-08-23 17:38:09,224 [pool-505-thread-1] INFO  server.RaftServerConfigKeys (ConfUtils.java:logGet(43)) - raft.server.log.purge.gap = 1000000 (custom)
2019-08-23 17:38:09,224 [pool-505-thread-1] INFO  server.RaftServerConfigKeys (ConfUtils.java:logGet(43)) - raft.server.log.appender.buffer.byte-limit = 33554432 (custom)
2019-08-23 17:38:09,224 [pool-505-thread-1] INFO  server.RaftServerConfigKeys (ConfUtils.java:logGet(43)) - raft.server.log.segment.size.max = 1048576 (custom)
2019-08-23 17:38:09,225 [pool-505-thread-1] INFO  server.RaftServerConfigKeys (ConfUtils.java:logGet(43)) - raft.server.log.segment.cache.num.max = 2 (custom)
2019-08-23 17:38:09,225 [pool-505-thread-1] INFO  segmented.SegmentedRaftLogWorker (SegmentedRaftLogWorker.java:<init>(172)) - new dc82463a-faf1-47ee-884f-ca1185c16136-SegmentedRaftLogWorker:Storage Directory /workdir/hadoop-ozone/integration-test/target/test-dir/MiniOzoneClusterImpl-cabca72f-823b-48bd-9dbb-41083dd38152/datanode-6/data/ratis/decfa574-2433-4e34-a325-4f87b5ca6811 for RaftStorage:Storage Directory /workdir/hadoop-ozone/integration-test/target/test-dir/MiniOzoneClusterImpl-cabca72f-823b-48bd-9dbb-41083dd38152/datanode-6/data/ratis/decfa574-2433-4e34-a325-4f87b5ca6811
2019-08-23 17:38:09,225 [pool-505-thread-1] INFO  server.RaftServerConfigKeys (ConfUtils.java:logGet(43)) - raft.server.log.queue.byte-limit = 2147483647 (custom)
2019-08-23 17:38:09,225 [pool-505-thread-1] INFO  server.RaftServerConfigKeys (ConfUtils.java:logGet(43)) - raft.server.log.queue.element-limit = 1024 (custom)
2019-08-23 17:38:09,225 [pool-505-thread-1] INFO  server.RaftServerConfigKeys (ConfUtils.java:logGet(43)) - raft.server.log.segment.size.max = 1048576 (custom)
2019-08-23 17:38:09,225 [pool-505-thread-1] INFO  server.RaftServerConfigKeys (ConfUtils.java:logGet(43)) - raft.server.log.preallocated.size = 16384 (custom)
2019-08-23 17:38:09,226 [pool-505-thread-1] INFO  server.RaftServerConfigKeys (ConfUtils.java:logGet(43)) - raft.server.log.write.buffer.size = 33554432 (custom)
2019-08-23 17:38:09,226 [pool-505-thread-1] INFO  server.RaftServerConfigKeys (ConfUtils.java:logGet(43)) - raft.server.log.force.sync.num = 128 (default)
2019-08-23 17:38:09,226 [pool-505-thread-1] INFO  server.RaftServerConfigKeys (ConfUtils.java:logGet(43)) - raft.server.log.statemachine.data.sync = true (default)
2019-08-23 17:38:09,226 [pool-505-thread-1] INFO  server.RaftServerConfigKeys (ConfUtils.java:logGet(43)) - raft.server.log.statemachine.data.sync.timeout = 10s (default)
2019-08-23 17:38:09,226 [pool-505-thread-1] INFO  server.RaftServerConfigKeys (ConfUtils.java:logGet(43)) - raft.server.log.statemachine.data.sync.timeout.retry = -1 (default)
2019-08-23 17:38:09,226 [pool-505-thread-1] INFO  server.RaftServerConfigKeys (ConfUtils.java:logGet(43)) - raft.server.log.statemachine.data.caching.enabled = true (custom)
2019-08-23 17:38:09,227 [pool-505-thread-1] INFO  segmented.SegmentedRaftLogWorker (SegmentedRaftLogWorker.java:lambda$new$0(132)) - dc82463a-faf1-47ee-884f-ca1185c16136-SegmentedRaftLogWorker:Storage Directory /workdir/hadoop-ozone/integration-test/target/test-dir/MiniOzoneClusterImpl-cabca72f-823b-48bd-9dbb-41083dd38152/datanode-6/data/ratis/decfa574-2433-4e34-a325-4f87b5ca6811: flushIndex: setUnconditionally 0 -> -1
2019-08-23 17:38:09,227 [pool-505-thread-1] INFO  server.RaftServerConfigKeys (ConfUtils.java:logGet(43)) - raft.server.snapshot.auto.trigger.enabled = true (custom)
2019-08-23 17:38:09,227 [pool-505-thread-1] INFO  server.RaftServerConfigKeys (ConfUtils.java:logGet(43)) - raft.server.snapshot.auto.trigger.threshold = 10000 (custom)
2019-08-23 17:38:09,227 [pool-505-thread-1] INFO  server.RaftServerConfigKeys (ConfUtils.java:logGet(43)) - raft.server.retrycache.expirytime = 600000ms (custom)
2019-08-23 17:38:09,227 [pool-505-thread-1] INFO  impl.RaftServerImpl (RaftServerImpl.java:start(180)) - dc82463a-faf1-47ee-884f-ca1185c16136: start group-4F87B5CA6811
2019-08-23 17:38:09,227 [pool-505-thread-1] INFO  impl.RaftServerImpl (RaftServerImpl.java:setRole(171)) - dc82463a-faf1-47ee-884f-ca1185c16136:group-4F87B5CA6811 changes role from null to FOLLOWER at term 0 for startAsFollower
2019-08-23 17:38:09,228 [pool-505-thread-1] INFO  impl.RoleInfo (RoleInfo.java:updateAndGet(143)) - dc82463a-faf1-47ee-884f-ca1185c16136: start FollowerState
2019-08-23 17:38:09,228 [pool-505-thread-1] INFO  util.JmxRegister (JmxRegister.java:tryRegister(44)) - Successfully registered JMX Bean with object name Ratis:service=RaftServer,group=group-4F87B5CA6811,id=dc82463a-faf1-47ee-884f-ca1185c16136
2019-08-23 17:38:09,230 [RatisPipelineUtilsThread] INFO  pipeline.PipelineStateManager (PipelineStateManager.java:addPipeline(56)) - Created pipeline Pipeline[ Id: decfa574-2433-4e34-a325-4f87b5ca6811, Nodes: dc82463a-faf1-47ee-884f-ca1185c16136{ip: 192.168.5.164, host: pr-hdds-2002-fbg9h-2504998875, networkLocation: /default-rack, certSerialId: null}, Type:RATIS, Factor:ONE, State:OPEN]
2019-08-23 17:38:09,642 | INFO  | SCMAudit | user=jenkins1000 | ip=192.168.5.164 | op=SEND_HEARTBEAT {datanodeUUID=af295c0c-cf39-49e0-b1b6-91e795e968f5, command=[]} | ret=SUCCESS |  
2019-08-23 17:38:09,823 | INFO  | SCMAudit | user=jenkins1000 | ip=192.168.5.164 | op=SEND_HEARTBEAT {datanodeUUID=a5ccefe7-6527-4c8b-8ee9-d8dc1719327d, command=[]} | ret=SUCCESS |  
2019-08-23 17:38:10,177 [main] INFO  ozone.MiniOzoneClusterImpl (MiniOzoneClusterImpl.java:lambda$waitForClusterToBeReady$0(142)) - Cluster is ready. Got 7 of 7 DN Heartbeats.
2019-08-23 17:38:10,213 [main] INFO  rpc.RpcClient (RpcClient.java:createVolume(292)) - Creating Volume: testblockoutputstream, with jenkins1000 as owner.
2019-08-23 17:38:10,216 | INFO  | OMAudit | user=jenkins1000 | ip=127.0.0.1 | op=CREATE_VOLUME {admin=jenkins1000, owner=jenkins1000, volume=testblockoutputstream, creationTime=1566581890215, quotaInBytes=1152921504606846976} | ret=SUCCESS |  
2019-08-23 17:38:10,227 | INFO  | OMAudit | user=jenkins1000 | ip=127.0.0.1 | op=READ_VOLUME {volume=testblockoutputstream} | ret=SUCCESS |  
2019-08-23 17:38:10,228 [main] INFO  rpc.RpcClient (RpcClient.java:createBucket(431)) - Creating Bucket: testblockoutputstream/testblockoutputstream, with Versioning false and Storage Type set to DISK and Encryption set to false 
2019-08-23 17:38:10,232 | INFO  | OMAudit | user=jenkins1000 | ip=127.0.0.1 | op=CREATE_BUCKET {volume=testblockoutputstream, bucket=testblockoutputstream, acls=[user:jenkins1000:a[ACCESS], group:default:a[ACCESS]], isVersionEnabled=false, storageType=DISK, creationTime=0} | ret=SUCCESS |  
2019-08-23 17:38:10,234 | INFO  | OMAudit | user=jenkins1000 | ip=127.0.0.1 | op=READ_VOLUME {volume=testblockoutputstream} | ret=SUCCESS |  
2019-08-23 17:38:10,235 | INFO  | OMAudit | user=jenkins1000 | ip=127.0.0.1 | op=READ_BUCKET {volume=testblockoutputstream, bucket=testblockoutputstream} | ret=SUCCESS |  
2019-08-23 17:38:10,240 | INFO  | SCMAudit | user=jenkins1000 | ip=192.168.5.164 | op=ALLOCATE_BLOCK {owner=c3f28ff2-0e99-48ed-b8b2-f24e18bae3c5, size=800, type=RATIS, factor=THREE} | ret=SUCCESS |  
2019-08-23 17:38:10,243 | INFO  | OMAudit | user=jenkins1000 | ip=127.0.0.1 | op=ALLOCATE_KEY {volume=testblockoutputstream, bucket=testblockoutputstream, key=afdf3f0f-fbb7-4662-95d9-a50b89f8616c, dataSize=0, replicationType=RATIS, replicationFactor=THREE, keyLocationInfo=null} | ret=SUCCESS |  
2019-08-23 17:38:10,257 [grpc-default-executor-1] INFO  client.GrpcClientProtocolClient (GrpcClientProtocolClient.java:onNext(255)) - client-55D135844321->af295c0c-cf39-49e0-b1b6-91e795e968f5: receive RaftClientReply:client-55D135844321->af295c0c-cf39-49e0-b1b6-91e795e968f5@group-768E427EC958, cid=176, FAILED org.apache.ratis.protocol.NotLeaderException: Server af295c0c-cf39-49e0-b1b6-91e795e968f5 is not the leader (null). Request must be sent to leader., logIndex=0, commits[af295c0c-cf39-49e0-b1b6-91e795e968f5:c-1]
2019-08-23 17:38:10,308 | INFO  | SCMAudit | user=jenkins1000 | ip=192.168.5.164 | op=SEND_HEARTBEAT {datanodeUUID=12ec41bc-15f8-4651-8725-e0a5649e7d04, command=[]} | ret=SUCCESS |  
2019-08-23 17:38:10,548 | INFO  | SCMAudit | user=jenkins1000 | ip=192.168.5.164 | op=SEND_HEARTBEAT {datanodeUUID=3c4b984b-57f4-4c80-8be3-09d942f0ab46, command=[]} | ret=SUCCESS |  
2019-08-23 17:38:10,641 | INFO  | SCMAudit | user=jenkins1000 | ip=192.168.5.164 | op=SEND_HEARTBEAT {datanodeUUID=af295c0c-cf39-49e0-b1b6-91e795e968f5, command=[]} | ret=SUCCESS |  
2019-08-23 17:38:10,654 [Thread-3503] INFO  container.ReplicationManager (ReplicationManager.java:start(152)) - Starting Replication Monitor Thread.
2019-08-23 17:38:10,658 [ReplicationMonitor] INFO  container.ReplicationManager (ReplicationManager.java:run(215)) - Replication Monitor Thread took 1 milliseconds for processing 1 containers.
2019-08-23 17:38:10,793 | INFO  | SCMAudit | user=jenkins1000 | ip=192.168.5.164 | op=SEND_HEARTBEAT {datanodeUUID=85e641fa-5017-4198-8052-eafab442e101, command=[]} | ret=SUCCESS |  
2019-08-23 17:38:10,823 | INFO  | SCMAudit | user=jenkins1000 | ip=192.168.5.164 | op=SEND_HEARTBEAT {datanodeUUID=a5ccefe7-6527-4c8b-8ee9-d8dc1719327d, command=[]} | ret=SUCCESS |  
2019-08-23 17:38:10,999 | INFO  | SCMAudit | user=jenkins1000 | ip=192.168.5.164 | op=SEND_HEARTBEAT {datanodeUUID=6bac59a6-6e96-4b6d-a78d-651c0bed005c, command=[]} | ret=SUCCESS |  
2019-08-23 17:38:11,177 | INFO  | SCMAudit | user=jenkins1000 | ip=192.168.5.164 | op=SEND_HEARTBEAT {datanodeUUID=dc82463a-faf1-47ee-884f-ca1185c16136, command=[]} | ret=SUCCESS |  
2019-08-23 17:38:11,272 [grpc-default-executor-1] INFO  client.GrpcClientProtocolClient (GrpcClientProtocolClient.java:onNext(255)) - client-55D135844321->12ec41bc-15f8-4651-8725-e0a5649e7d04: receive RaftClientReply:client-55D135844321->12ec41bc-15f8-4651-8725-e0a5649e7d04@group-768E427EC958, cid=176, FAILED org.apache.ratis.protocol.NotLeaderException: Server 12ec41bc-15f8-4651-8725-e0a5649e7d04 is not the leader (null). Request must be sent to leader., logIndex=0, commits[12ec41bc-15f8-4651-8725-e0a5649e7d04:c-1]
2019-08-23 17:38:11,308 | INFO  | SCMAudit | user=jenkins1000 | ip=192.168.5.164 | op=SEND_HEARTBEAT {datanodeUUID=12ec41bc-15f8-4651-8725-e0a5649e7d04, command=[]} | ret=SUCCESS |  
2019-08-23 17:38:11,548 | INFO  | SCMAudit | user=jenkins1000 | ip=192.168.5.164 | op=SEND_HEARTBEAT {datanodeUUID=3c4b984b-57f4-4c80-8be3-09d942f0ab46, command=[]} | ret=SUCCESS |  
2019-08-23 17:38:11,641 | INFO  | SCMAudit | user=jenkins1000 | ip=192.168.5.164 | op=SEND_HEARTBEAT {datanodeUUID=af295c0c-cf39-49e0-b1b6-91e795e968f5, command=[]} | ret=SUCCESS |  
2019-08-23 17:38:11,793 | INFO  | SCMAudit | user=jenkins1000 | ip=192.168.5.164 | op=SEND_HEARTBEAT {datanodeUUID=85e641fa-5017-4198-8052-eafab442e101, command=[]} | ret=SUCCESS |  
2019-08-23 17:38:11,823 | INFO  | SCMAudit | user=jenkins1000 | ip=192.168.5.164 | op=SEND_HEARTBEAT {datanodeUUID=a5ccefe7-6527-4c8b-8ee9-d8dc1719327d, command=[]} | ret=SUCCESS |  
2019-08-23 17:38:11,999 | INFO  | SCMAudit | user=jenkins1000 | ip=192.168.5.164 | op=SEND_HEARTBEAT {datanodeUUID=6bac59a6-6e96-4b6d-a78d-651c0bed005c, command=[]} | ret=SUCCESS |  
2019-08-23 17:38:12,177 | INFO  | SCMAudit | user=jenkins1000 | ip=192.168.5.164 | op=SEND_HEARTBEAT {datanodeUUID=dc82463a-faf1-47ee-884f-ca1185c16136, command=[]} | ret=SUCCESS |  
2019-08-23 17:38:12,285 [grpc-default-executor-1] INFO  client.GrpcClientProtocolClient (GrpcClientProtocolClient.java:onNext(255)) - client-55D135844321->af295c0c-cf39-49e0-b1b6-91e795e968f5: receive RaftClientReply:client-55D135844321->af295c0c-cf39-49e0-b1b6-91e795e968f5@group-768E427EC958, cid=176, FAILED org.apache.ratis.protocol.NotLeaderException: Server af295c0c-cf39-49e0-b1b6-91e795e968f5 is not the leader (null). Request must be sent to leader., logIndex=0, commits[af295c0c-cf39-49e0-b1b6-91e795e968f5:c-1]
2019-08-23 17:38:12,307 | INFO  | SCMAudit | user=jenkins1000 | ip=192.168.5.164 | op=SEND_HEARTBEAT {datanodeUUID=12ec41bc-15f8-4651-8725-e0a5649e7d04, command=[]} | ret=SUCCESS |  
2019-08-23 17:38:12,548 | INFO  | SCMAudit | user=jenkins1000 | ip=192.168.5.164 | op=SEND_HEARTBEAT {datanodeUUID=3c4b984b-57f4-4c80-8be3-09d942f0ab46, command=[]} | ret=SUCCESS |  
2019-08-23 17:38:12,642 | INFO  | SCMAudit | user=jenkins1000 | ip=192.168.5.164 | op=SEND_HEARTBEAT {datanodeUUID=af295c0c-cf39-49e0-b1b6-91e795e968f5, command=[]} | ret=SUCCESS |  
2019-08-23 17:38:12,793 | INFO  | SCMAudit | user=jenkins1000 | ip=192.168.5.164 | op=SEND_HEARTBEAT {datanodeUUID=85e641fa-5017-4198-8052-eafab442e101, command=[]} | ret=SUCCESS |  
2019-08-23 17:38:12,824 | INFO  | SCMAudit | user=jenkins1000 | ip=192.168.5.164 | op=SEND_HEARTBEAT {datanodeUUID=a5ccefe7-6527-4c8b-8ee9-d8dc1719327d, command=[]} | ret=SUCCESS |  
2019-08-23 17:38:12,825 [Thread-3505] INFO  impl.FollowerState (FollowerState.java:run(106)) - af295c0c-cf39-49e0-b1b6-91e795e968f5:group-57F7E2BDCFEE changes to CANDIDATE, lastRpcTime:5113, electionTimeout:5113ms
2019-08-23 17:38:12,825 [Thread-3505] INFO  impl.RoleInfo (RoleInfo.java:shutdownFollowerState(121)) - af295c0c-cf39-49e0-b1b6-91e795e968f5: shutdown FollowerState
2019-08-23 17:38:12,825 [Thread-3505] INFO  impl.RaftServerImpl (RaftServerImpl.java:setRole(171)) - af295c0c-cf39-49e0-b1b6-91e795e968f5:group-57F7E2BDCFEE changes role from FOLLOWER to CANDIDATE at term 0 for changeToCandidate
2019-08-23 17:38:12,825 [Thread-3505] INFO  impl.RoleInfo (RoleInfo.java:updateAndGet(143)) - af295c0c-cf39-49e0-b1b6-91e795e968f5: start LeaderElection
2019-08-23 17:38:12,847 [af295c0c-cf39-49e0-b1b6-91e795e968f5:group-57F7E2BDCFEE:LeaderElection62] INFO  impl.LeaderElection (LeaderElection.java:askForVotes(181)) - af295c0c-cf39-49e0-b1b6-91e795e968f5:group-57F7E2BDCFEE:LeaderElection62: begin an election at term 1 for -1: [af295c0c-cf39-49e0-b1b6-91e795e968f5:192.168.5.164:42177], old=null
2019-08-23 17:38:12,848 [af295c0c-cf39-49e0-b1b6-91e795e968f5:group-57F7E2BDCFEE:LeaderElection62] INFO  impl.RoleInfo (RoleInfo.java:shutdownLeaderElection(134)) - af295c0c-cf39-49e0-b1b6-91e795e968f5: shutdown LeaderElection
2019-08-23 17:38:12,848 [af295c0c-cf39-49e0-b1b6-91e795e968f5:group-57F7E2BDCFEE:LeaderElection62] INFO  impl.RaftServerImpl (RaftServerImpl.java:setRole(171)) - af295c0c-cf39-49e0-b1b6-91e795e968f5:group-57F7E2BDCFEE changes role from CANDIDATE to LEADER at term 1 for changeToLeader
2019-08-23 17:38:12,848 [af295c0c-cf39-49e0-b1b6-91e795e968f5:group-57F7E2BDCFEE:LeaderElection62] INFO  impl.RaftServerImpl (ServerState.java:setLeader(263)) - af295c0c-cf39-49e0-b1b6-91e795e968f5:group-57F7E2BDCFEE change Leader from null to af295c0c-cf39-49e0-b1b6-91e795e968f5 at term 1 for becomeLeader, leader elected after 5142ms
2019-08-23 17:38:12,848 [af295c0c-cf39-49e0-b1b6-91e795e968f5:group-57F7E2BDCFEE:LeaderElection62] INFO  server.RaftServerConfigKeys (ConfUtils.java:logGet(43)) - raft.server.staging.catchup.gap = 1000 (default)
2019-08-23 17:38:12,848 [af295c0c-cf39-49e0-b1b6-91e795e968f5:group-57F7E2BDCFEE:LeaderElection62] INFO  server.RaftServerConfigKeys (ConfUtils.java:logGet(43)) - raft.server.rpc.sleep.time = 25ms (default)
2019-08-23 17:38:12,849 [af295c0c-cf39-49e0-b1b6-91e795e968f5:group-57F7E2BDCFEE:LeaderElection62] INFO  server.RaftServerConfigKeys (ConfUtils.java:logGet(43)) - raft.server.write.element-limit = 4096 (default)
2019-08-23 17:38:12,849 [af295c0c-cf39-49e0-b1b6-91e795e968f5:group-57F7E2BDCFEE:LeaderElection62] INFO  server.RaftServerConfigKeys (ConfUtils.java:logGet(43)) - raft.server.watch.timeout = 10s (default)
2019-08-23 17:38:12,849 [af295c0c-cf39-49e0-b1b6-91e795e968f5:group-57F7E2BDCFEE:LeaderElection62] INFO  server.RaftServerConfigKeys (ConfUtils.java:logGet(43)) - raft.server.watch.timeout.denomination = 1s (default)
2019-08-23 17:38:12,849 [af295c0c-cf39-49e0-b1b6-91e795e968f5:group-57F7E2BDCFEE:LeaderElection62] INFO  server.RaftServerConfigKeys (ConfUtils.java:logGet(43)) - raft.server.watch.element-limit = 65536 (default)
2019-08-23 17:38:12,849 [af295c0c-cf39-49e0-b1b6-91e795e968f5:group-57F7E2BDCFEE:LeaderElection62] INFO  impl.RoleInfo (RoleInfo.java:updateAndGet(143)) - af295c0c-cf39-49e0-b1b6-91e795e968f5: start LeaderState
2019-08-23 17:38:12,850 [af295c0c-cf39-49e0-b1b6-91e795e968f5:group-57F7E2BDCFEE:LeaderElection62] INFO  segmented.SegmentedRaftLogWorker (SegmentedRaftLogWorker.java:startLogSegment(380)) - af295c0c-cf39-49e0-b1b6-91e795e968f5-SegmentedRaftLogWorker:Storage Directory /workdir/hadoop-ozone/integration-test/target/test-dir/MiniOzoneClusterImpl-cabca72f-823b-48bd-9dbb-41083dd38152/datanode-0/data/ratis/b8d0dcd8-c262-49cd-8ff9-57f7e2bdcfee: Starting segment from index:0
2019-08-23 17:38:12,851 [af295c0c-cf39-49e0-b1b6-91e795e968f5:group-57F7E2BDCFEE:LeaderElection62] INFO  impl.RaftServerImpl (ServerState.java:setRaftConf(361)) - af295c0c-cf39-49e0-b1b6-91e795e968f5:group-57F7E2BDCFEE set configuration 0: [af295c0c-cf39-49e0-b1b6-91e795e968f5:192.168.5.164:42177], old=null at 0
2019-08-23 17:38:12,891 [af295c0c-cf39-49e0-b1b6-91e795e968f5-SegmentedRaftLogWorker:Storage Directory /workdir/hadoop-ozone/integration-test/target/test-dir/MiniOzoneClusterImpl-cabca72f-823b-48bd-9dbb-41083dd38152/datanode-0/data/ratis/b8d0dcd8-c262-49cd-8ff9-57f7e2bdcfee] INFO  segmented.SegmentedRaftLogWorker (SegmentedRaftLogWorker.java:execute(569)) - af295c0c-cf39-49e0-b1b6-91e795e968f5-SegmentedRaftLogWorker:Storage Directory /workdir/hadoop-ozone/integration-test/target/test-dir/MiniOzoneClusterImpl-cabca72f-823b-48bd-9dbb-41083dd38152/datanode-0/data/ratis/b8d0dcd8-c262-49cd-8ff9-57f7e2bdcfee: created new log segment /workdir/hadoop-ozone/integration-test/target/test-dir/MiniOzoneClusterImpl-cabca72f-823b-48bd-9dbb-41083dd38152/datanode-0/data/ratis/b8d0dcd8-c262-49cd-8ff9-57f7e2bdcfee/current/log_inprogress_0
2019-08-23 17:38:12,947 [Thread-3508] INFO  impl.FollowerState (FollowerState.java:run(106)) - a5ccefe7-6527-4c8b-8ee9-d8dc1719327d:group-FE600C6163F0 changes to CANDIDATE, lastRpcTime:5078, electionTimeout:5078ms
2019-08-23 17:38:12,947 [Thread-3508] INFO  impl.RoleInfo (RoleInfo.java:shutdownFollowerState(121)) - a5ccefe7-6527-4c8b-8ee9-d8dc1719327d: shutdown FollowerState
2019-08-23 17:38:12,947 [Thread-3508] INFO  impl.RaftServerImpl (RaftServerImpl.java:setRole(171)) - a5ccefe7-6527-4c8b-8ee9-d8dc1719327d:group-FE600C6163F0 changes role from FOLLOWER to CANDIDATE at term 0 for changeToCandidate
2019-08-23 17:38:12,947 [Thread-3508] INFO  impl.RoleInfo (RoleInfo.java:updateAndGet(143)) - a5ccefe7-6527-4c8b-8ee9-d8dc1719327d: start LeaderElection
2019-08-23 17:38:12,969 [a5ccefe7-6527-4c8b-8ee9-d8dc1719327d:group-FE600C6163F0:LeaderElection63] INFO  impl.LeaderElection (LeaderElection.java:askForVotes(181)) - a5ccefe7-6527-4c8b-8ee9-d8dc1719327d:group-FE600C6163F0:LeaderElection63: begin an election at term 1 for -1: [a5ccefe7-6527-4c8b-8ee9-d8dc1719327d:192.168.5.164:45236], old=null
2019-08-23 17:38:12,969 [a5ccefe7-6527-4c8b-8ee9-d8dc1719327d:group-FE600C6163F0:LeaderElection63] INFO  impl.RoleInfo (RoleInfo.java:shutdownLeaderElection(134)) - a5ccefe7-6527-4c8b-8ee9-d8dc1719327d: shutdown LeaderElection
2019-08-23 17:38:12,970 [a5ccefe7-6527-4c8b-8ee9-d8dc1719327d:group-FE600C6163F0:LeaderElection63] INFO  impl.RaftServerImpl (RaftServerImpl.java:setRole(171)) - a5ccefe7-6527-4c8b-8ee9-d8dc1719327d:group-FE600C6163F0 changes role from CANDIDATE to LEADER at term 1 for changeToLeader
2019-08-23 17:38:12,970 [a5ccefe7-6527-4c8b-8ee9-d8dc1719327d:group-FE600C6163F0:LeaderElection63] INFO  impl.RaftServerImpl (ServerState.java:setLeader(263)) - a5ccefe7-6527-4c8b-8ee9-d8dc1719327d:group-FE600C6163F0 change Leader from null to a5ccefe7-6527-4c8b-8ee9-d8dc1719327d at term 1 for becomeLeader, leader elected after 5106ms
2019-08-23 17:38:12,970 [a5ccefe7-6527-4c8b-8ee9-d8dc1719327d:group-FE600C6163F0:LeaderElection63] INFO  server.RaftServerConfigKeys (ConfUtils.java:logGet(43)) - raft.server.staging.catchup.gap = 1000 (default)
2019-08-23 17:38:12,970 [a5ccefe7-6527-4c8b-8ee9-d8dc1719327d:group-FE600C6163F0:LeaderElection63] INFO  server.RaftServerConfigKeys (ConfUtils.java:logGet(43)) - raft.server.rpc.sleep.time = 25ms (default)
2019-08-23 17:38:12,970 [a5ccefe7-6527-4c8b-8ee9-d8dc1719327d:group-FE600C6163F0:LeaderElection63] INFO  server.RaftServerConfigKeys (ConfUtils.java:logGet(43)) - raft.server.write.element-limit = 4096 (default)
2019-08-23 17:38:12,970 [a5ccefe7-6527-4c8b-8ee9-d8dc1719327d:group-FE600C6163F0:LeaderElection63] INFO  server.RaftServerConfigKeys (ConfUtils.java:logGet(43)) - raft.server.watch.timeout = 10s (default)
2019-08-23 17:38:12,971 [a5ccefe7-6527-4c8b-8ee9-d8dc1719327d:group-FE600C6163F0:LeaderElection63] INFO  server.RaftServerConfigKeys (ConfUtils.java:logGet(43)) - raft.server.watch.timeout.denomination = 1s (default)
2019-08-23 17:38:12,971 [a5ccefe7-6527-4c8b-8ee9-d8dc1719327d:group-FE600C6163F0:LeaderElection63] INFO  server.RaftServerConfigKeys (ConfUtils.java:logGet(43)) - raft.server.watch.element-limit = 65536 (default)
2019-08-23 17:38:12,971 [a5ccefe7-6527-4c8b-8ee9-d8dc1719327d:group-FE600C6163F0:LeaderElection63] INFO  impl.RoleInfo (RoleInfo.java:updateAndGet(143)) - a5ccefe7-6527-4c8b-8ee9-d8dc1719327d: start LeaderState
2019-08-23 17:38:12,971 [a5ccefe7-6527-4c8b-8ee9-d8dc1719327d:group-FE600C6163F0:LeaderElection63] INFO  segmented.SegmentedRaftLogWorker (SegmentedRaftLogWorker.java:startLogSegment(380)) - a5ccefe7-6527-4c8b-8ee9-d8dc1719327d-SegmentedRaftLogWorker:Storage Directory /workdir/hadoop-ozone/integration-test/target/test-dir/MiniOzoneClusterImpl-cabca72f-823b-48bd-9dbb-41083dd38152/datanode-1/data/ratis/f899fb18-cbd3-4692-ab36-fe600c6163f0: Starting segment from index:0
2019-08-23 17:38:12,972 [a5ccefe7-6527-4c8b-8ee9-d8dc1719327d:group-FE600C6163F0:LeaderElection63] INFO  impl.RaftServerImpl (ServerState.java:setRaftConf(361)) - a5ccefe7-6527-4c8b-8ee9-d8dc1719327d:group-FE600C6163F0 set configuration 0: [a5ccefe7-6527-4c8b-8ee9-d8dc1719327d:192.168.5.164:45236], old=null at 0
2019-08-23 17:38:13,000 | INFO  | SCMAudit | user=jenkins1000 | ip=192.168.5.164 | op=SEND_HEARTBEAT {datanodeUUID=6bac59a6-6e96-4b6d-a78d-651c0bed005c, command=[]} | ret=SUCCESS |  
2019-08-23 17:38:13,020 [a5ccefe7-6527-4c8b-8ee9-d8dc1719327d-SegmentedRaftLogWorker:Storage Directory /workdir/hadoop-ozone/integration-test/target/test-dir/MiniOzoneClusterImpl-cabca72f-823b-48bd-9dbb-41083dd38152/datanode-1/data/ratis/f899fb18-cbd3-4692-ab36-fe600c6163f0] INFO  segmented.SegmentedRaftLogWorker (SegmentedRaftLogWorker.java:execute(569)) - a5ccefe7-6527-4c8b-8ee9-d8dc1719327d-SegmentedRaftLogWorker:Storage Directory /workdir/hadoop-ozone/integration-test/target/test-dir/MiniOzoneClusterImpl-cabca72f-823b-48bd-9dbb-41083dd38152/datanode-1/data/ratis/f899fb18-cbd3-4692-ab36-fe600c6163f0: created new log segment /workdir/hadoop-ozone/integration-test/target/test-dir/MiniOzoneClusterImpl-cabca72f-823b-48bd-9dbb-41083dd38152/datanode-1/data/ratis/f899fb18-cbd3-4692-ab36-fe600c6163f0/current/log_inprogress_0
2019-08-23 17:38:13,177 | INFO  | SCMAudit | user=jenkins1000 | ip=192.168.5.164 | op=SEND_HEARTBEAT {datanodeUUID=dc82463a-faf1-47ee-884f-ca1185c16136, command=[]} | ret=SUCCESS |  
2019-08-23 17:38:13,297 [grpc-default-executor-5] INFO  client.GrpcClientProtocolClient (GrpcClientProtocolClient.java:onNext(255)) - client-55D135844321->a5ccefe7-6527-4c8b-8ee9-d8dc1719327d: receive RaftClientReply:client-55D135844321->a5ccefe7-6527-4c8b-8ee9-d8dc1719327d@group-768E427EC958, cid=176, FAILED org.apache.ratis.protocol.NotLeaderException: Server a5ccefe7-6527-4c8b-8ee9-d8dc1719327d is not the leader (null). Request must be sent to leader., logIndex=0, commits[a5ccefe7-6527-4c8b-8ee9-d8dc1719327d:c-1]
2019-08-23 17:38:13,307 | INFO  | SCMAudit | user=jenkins1000 | ip=192.168.5.164 | op=SEND_HEARTBEAT {datanodeUUID=12ec41bc-15f8-4651-8725-e0a5649e7d04, command=[]} | ret=SUCCESS |  
2019-08-23 17:38:13,412 [Thread-3514] INFO  impl.FollowerState (FollowerState.java:run(106)) - a5ccefe7-6527-4c8b-8ee9-d8dc1719327d:group-768E427EC958 changes to CANDIDATE, lastRpcTime:5008, electionTimeout:5008ms
2019-08-23 17:38:13,412 [Thread-3514] INFO  impl.RoleInfo (RoleInfo.java:shutdownFollowerState(121)) - a5ccefe7-6527-4c8b-8ee9-d8dc1719327d: shutdown FollowerState
2019-08-23 17:38:13,412 [Thread-3514] INFO  impl.RaftServerImpl (RaftServerImpl.java:setRole(171)) - a5ccefe7-6527-4c8b-8ee9-d8dc1719327d:group-768E427EC958 changes role from FOLLOWER to CANDIDATE at term 0 for changeToCandidate
2019-08-23 17:38:13,412 [Thread-3514] INFO  impl.RoleInfo (RoleInfo.java:updateAndGet(143)) - a5ccefe7-6527-4c8b-8ee9-d8dc1719327d: start LeaderElection
2019-08-23 17:38:13,430 [a5ccefe7-6527-4c8b-8ee9-d8dc1719327d:group-768E427EC958:LeaderElection64] INFO  impl.LeaderElection (LeaderElection.java:askForVotes(181)) - a5ccefe7-6527-4c8b-8ee9-d8dc1719327d:group-768E427EC958:LeaderElection64: begin an election at term 1 for -1: [af295c0c-cf39-49e0-b1b6-91e795e968f5:192.168.5.164:42177, a5ccefe7-6527-4c8b-8ee9-d8dc1719327d:192.168.5.164:45236, 12ec41bc-15f8-4651-8725-e0a5649e7d04:192.168.5.164:39108], old=null
2019-08-23 17:38:13,434 [grpc-default-executor-1] INFO  impl.RaftServerImpl (RaftServerImpl.java:setRole(171)) - 12ec41bc-15f8-4651-8725-e0a5649e7d04:group-768E427EC958 changes role from FOLLOWER to FOLLOWER at term 1 for recognizeCandidate:a5ccefe7-6527-4c8b-8ee9-d8dc1719327d
2019-08-23 17:38:13,434 [grpc-default-executor-5] INFO  impl.RaftServerImpl (RaftServerImpl.java:setRole(171)) - af295c0c-cf39-49e0-b1b6-91e795e968f5:group-768E427EC958 changes role from FOLLOWER to FOLLOWER at term 1 for recognizeCandidate:a5ccefe7-6527-4c8b-8ee9-d8dc1719327d
2019-08-23 17:38:13,434 [grpc-default-executor-1] INFO  impl.RoleInfo (RoleInfo.java:shutdownFollowerState(121)) - 12ec41bc-15f8-4651-8725-e0a5649e7d04: shutdown FollowerState
2019-08-23 17:38:13,434 [grpc-default-executor-5] INFO  impl.RoleInfo (RoleInfo.java:shutdownFollowerState(121)) - af295c0c-cf39-49e0-b1b6-91e795e968f5: shutdown FollowerState
2019-08-23 17:38:13,435 [Thread-3518] INFO  impl.FollowerState (FollowerState.java:run(114)) - 12ec41bc-15f8-4651-8725-e0a5649e7d04: FollowerState was interrupted: java.lang.InterruptedException: sleep interrupted
2019-08-23 17:38:13,435 [grpc-default-executor-1] INFO  impl.RoleInfo (RoleInfo.java:updateAndGet(143)) - 12ec41bc-15f8-4651-8725-e0a5649e7d04: start FollowerState
2019-08-23 17:38:13,435 [Thread-3519] INFO  impl.FollowerState (FollowerState.java:run(114)) - af295c0c-cf39-49e0-b1b6-91e795e968f5: FollowerState was interrupted: java.lang.InterruptedException: sleep interrupted
2019-08-23 17:38:13,435 [grpc-default-executor-5] INFO  impl.RoleInfo (RoleInfo.java:updateAndGet(143)) - af295c0c-cf39-49e0-b1b6-91e795e968f5: start FollowerState
2019-08-23 17:38:13,446 [a5ccefe7-6527-4c8b-8ee9-d8dc1719327d:group-768E427EC958:LeaderElection64] INFO  impl.LeaderElection (LeaderElection.java:logAndReturn(56)) - a5ccefe7-6527-4c8b-8ee9-d8dc1719327d:group-768E427EC958:LeaderElection64: Election PASSED; received 1 response(s) [a5ccefe7-6527-4c8b-8ee9-d8dc1719327d<-af295c0c-cf39-49e0-b1b6-91e795e968f5#0:OK-t1] and 0 exception(s); a5ccefe7-6527-4c8b-8ee9-d8dc1719327d:t1, leader=null, voted=a5ccefe7-6527-4c8b-8ee9-d8dc1719327d, raftlog=a5ccefe7-6527-4c8b-8ee9-d8dc1719327d-SegmentedRaftLog:OPENED:c-1,f-1,i0, conf=-1: [af295c0c-cf39-49e0-b1b6-91e795e968f5:192.168.5.164:42177, a5ccefe7-6527-4c8b-8ee9-d8dc1719327d:192.168.5.164:45236, 12ec41bc-15f8-4651-8725-e0a5649e7d04:192.168.5.164:39108], old=null
2019-08-23 17:38:13,447 [a5ccefe7-6527-4c8b-8ee9-d8dc1719327d:group-768E427EC958:LeaderElection64] INFO  impl.RoleInfo (RoleInfo.java:shutdownLeaderElection(134)) - a5ccefe7-6527-4c8b-8ee9-d8dc1719327d: shutdown LeaderElection
2019-08-23 17:38:13,447 [a5ccefe7-6527-4c8b-8ee9-d8dc1719327d:group-768E427EC958:LeaderElection64] INFO  impl.RaftServerImpl (RaftServerImpl.java:setRole(171)) - a5ccefe7-6527-4c8b-8ee9-d8dc1719327d:group-768E427EC958 changes role from CANDIDATE to LEADER at term 1 for changeToLeader
2019-08-23 17:38:13,447 [a5ccefe7-6527-4c8b-8ee9-d8dc1719327d:group-768E427EC958:LeaderElection64] INFO  impl.RaftServerImpl (ServerState.java:setLeader(263)) - a5ccefe7-6527-4c8b-8ee9-d8dc1719327d:group-768E427EC958 change Leader from null to a5ccefe7-6527-4c8b-8ee9-d8dc1719327d at term 1 for becomeLeader, leader elected after 5050ms
2019-08-23 17:38:13,447 [a5ccefe7-6527-4c8b-8ee9-d8dc1719327d:group-768E427EC958:LeaderElection64] INFO  server.RaftServerConfigKeys (ConfUtils.java:logGet(43)) - raft.server.staging.catchup.gap = 1000 (default)
2019-08-23 17:38:13,447 [a5ccefe7-6527-4c8b-8ee9-d8dc1719327d:group-768E427EC958:LeaderElection64] INFO  server.RaftServerConfigKeys (ConfUtils.java:logGet(43)) - raft.server.rpc.sleep.time = 25ms (default)
2019-08-23 17:38:13,447 [a5ccefe7-6527-4c8b-8ee9-d8dc1719327d:group-768E427EC958:LeaderElection64] INFO  server.RaftServerConfigKeys (ConfUtils.java:logGet(43)) - raft.server.write.element-limit = 4096 (default)
2019-08-23 17:38:13,447 [a5ccefe7-6527-4c8b-8ee9-d8dc1719327d:group-768E427EC958:LeaderElection64] INFO  server.RaftServerConfigKeys (ConfUtils.java:logGet(43)) - raft.server.watch.timeout = 10s (default)
2019-08-23 17:38:13,447 [a5ccefe7-6527-4c8b-8ee9-d8dc1719327d:group-768E427EC958:LeaderElection64] INFO  server.RaftServerConfigKeys (ConfUtils.java:logGet(43)) - raft.server.watch.timeout.denomination = 1s (default)
2019-08-23 17:38:13,448 [a5ccefe7-6527-4c8b-8ee9-d8dc1719327d:group-768E427EC958:LeaderElection64] INFO  server.RaftServerConfigKeys (ConfUtils.java:logGet(43)) - raft.server.watch.element-limit = 65536 (default)
2019-08-23 17:38:13,448 [a5ccefe7-6527-4c8b-8ee9-d8dc1719327d:group-768E427EC958:LeaderElection64] INFO  server.RaftServerConfigKeys (ConfUtils.java:logGet(43)) - raft.server.log.appender.snapshot.chunk.size.max = 16MB (=16777216) (default)
2019-08-23 17:38:13,448 [a5ccefe7-6527-4c8b-8ee9-d8dc1719327d:group-768E427EC958:LeaderElection64] INFO  server.RaftServerConfigKeys (ConfUtils.java:logGet(43)) - raft.server.log.appender.buffer.byte-limit = 33554432 (custom)
2019-08-23 17:38:13,448 [a5ccefe7-6527-4c8b-8ee9-d8dc1719327d:group-768E427EC958:LeaderElection64] INFO  server.RaftServerConfigKeys (ConfUtils.java:logGet(43)) - raft.server.log.appender.buffer.element-limit = 1 (custom)
2019-08-23 17:38:13,448 [a5ccefe7-6527-4c8b-8ee9-d8dc1719327d:group-768E427EC958:LeaderElection64] INFO  grpc.GrpcConfigKeys$Server (ConfUtils.java:logGet(43)) - raft.grpc.server.leader.outstanding.appends.max = 128 (default)
2019-08-23 17:38:13,448 [a5ccefe7-6527-4c8b-8ee9-d8dc1719327d:group-768E427EC958:LeaderElection64] INFO  server.RaftServerConfigKeys (ConfUtils.java:logGet(43)) - raft.server.rpc.request.timeout = 3000ms (default)
2019-08-23 17:38:13,449 [a5ccefe7-6527-4c8b-8ee9-d8dc1719327d:group-768E427EC958:LeaderElection64] INFO  server.RaftServerConfigKeys (ConfUtils.java:logGet(43)) - raft.server.log.appender.install.snapshot.enabled = false (custom)
2019-08-23 17:38:13,449 [a5ccefe7-6527-4c8b-8ee9-d8dc1719327d:group-768E427EC958:LeaderElection64] INFO  server.RaftServerConfigKeys (ConfUtils.java:logGet(43)) - raft.server.log.appender.snapshot.chunk.size.max = 16MB (=16777216) (default)
2019-08-23 17:38:13,449 [a5ccefe7-6527-4c8b-8ee9-d8dc1719327d:group-768E427EC958:LeaderElection64] INFO  server.RaftServerConfigKeys (ConfUtils.java:logGet(43)) - raft.server.log.appender.buffer.byte-limit = 33554432 (custom)
2019-08-23 17:38:13,449 [a5ccefe7-6527-4c8b-8ee9-d8dc1719327d:group-768E427EC958:LeaderElection64] INFO  server.RaftServerConfigKeys (ConfUtils.java:logGet(43)) - raft.server.log.appender.buffer.element-limit = 1 (custom)
2019-08-23 17:38:13,449 [a5ccefe7-6527-4c8b-8ee9-d8dc1719327d:group-768E427EC958:LeaderElection64] INFO  grpc.GrpcConfigKeys$Server (ConfUtils.java:logGet(43)) - raft.grpc.server.leader.outstanding.appends.max = 128 (default)
2019-08-23 17:38:13,449 [a5ccefe7-6527-4c8b-8ee9-d8dc1719327d:group-768E427EC958:LeaderElection64] INFO  server.RaftServerConfigKeys (ConfUtils.java:logGet(43)) - raft.server.rpc.request.timeout = 3000ms (default)
2019-08-23 17:38:13,449 [a5ccefe7-6527-4c8b-8ee9-d8dc1719327d:group-768E427EC958:LeaderElection64] INFO  server.RaftServerConfigKeys (ConfUtils.java:logGet(43)) - raft.server.log.appender.install.snapshot.enabled = false (custom)
2019-08-23 17:38:13,450 [a5ccefe7-6527-4c8b-8ee9-d8dc1719327d:group-768E427EC958:LeaderElection64] INFO  impl.RoleInfo (RoleInfo.java:updateAndGet(143)) - a5ccefe7-6527-4c8b-8ee9-d8dc1719327d: start LeaderState
2019-08-23 17:38:13,450 [a5ccefe7-6527-4c8b-8ee9-d8dc1719327d:group-768E427EC958:LeaderElection64] INFO  segmented.SegmentedRaftLogWorker (SegmentedRaftLogWorker.java:startLogSegment(380)) - a5ccefe7-6527-4c8b-8ee9-d8dc1719327d-SegmentedRaftLogWorker:Storage Directory /workdir/hadoop-ozone/integration-test/target/test-dir/MiniOzoneClusterImpl-cabca72f-823b-48bd-9dbb-41083dd38152/datanode-1/data/ratis/fba7aaf2-c569-4c7a-9eb4-768e427ec958: Starting segment from index:0
2019-08-23 17:38:13,451 [a5ccefe7-6527-4c8b-8ee9-d8dc1719327d:group-768E427EC958:LeaderElection64] INFO  impl.RaftServerImpl (ServerState.java:setRaftConf(361)) - a5ccefe7-6527-4c8b-8ee9-d8dc1719327d:group-768E427EC958 set configuration 0: [af295c0c-cf39-49e0-b1b6-91e795e968f5:192.168.5.164:42177, a5ccefe7-6527-4c8b-8ee9-d8dc1719327d:192.168.5.164:45236, 12ec41bc-15f8-4651-8725-e0a5649e7d04:192.168.5.164:39108], old=null at 0
2019-08-23 17:38:13,452 [grpc-default-executor-5] INFO  impl.RaftServerImpl (ServerState.java:setLeader(263)) - af295c0c-cf39-49e0-b1b6-91e795e968f5:group-768E427EC958 change Leader from null to a5ccefe7-6527-4c8b-8ee9-d8dc1719327d at term 1 for appendEntries, leader elected after 5055ms
2019-08-23 17:38:13,452 [grpc-default-executor-1] INFO  impl.RaftServerImpl (ServerState.java:setLeader(263)) - 12ec41bc-15f8-4651-8725-e0a5649e7d04:group-768E427EC958 change Leader from null to a5ccefe7-6527-4c8b-8ee9-d8dc1719327d at term 1 for appendEntries, leader elected after 5055ms
2019-08-23 17:38:13,499 [grpc-default-executor-1] INFO  impl.RaftServerImpl (ServerState.java:setRaftConf(361)) - af295c0c-cf39-49e0-b1b6-91e795e968f5:group-768E427EC958 set configuration 0: [af295c0c-cf39-49e0-b1b6-91e795e968f5:192.168.5.164:42177, a5ccefe7-6527-4c8b-8ee9-d8dc1719327d:192.168.5.164:45236, 12ec41bc-15f8-4651-8725-e0a5649e7d04:192.168.5.164:39108], old=null at 0
2019-08-23 17:38:13,499 [grpc-default-executor-5] INFO  impl.RaftServerImpl (ServerState.java:setRaftConf(361)) - 12ec41bc-15f8-4651-8725-e0a5649e7d04:group-768E427EC958 set configuration 0: [af295c0c-cf39-49e0-b1b6-91e795e968f5:192.168.5.164:42177, a5ccefe7-6527-4c8b-8ee9-d8dc1719327d:192.168.5.164:45236, 12ec41bc-15f8-4651-8725-e0a5649e7d04:192.168.5.164:39108], old=null at 0
2019-08-23 17:38:13,499 [grpc-default-executor-1] INFO  segmented.SegmentedRaftLogWorker (SegmentedRaftLogWorker.java:startLogSegment(380)) - af295c0c-cf39-49e0-b1b6-91e795e968f5-SegmentedRaftLogWorker:Storage Directory /workdir/hadoop-ozone/integration-test/target/test-dir/MiniOzoneClusterImpl-cabca72f-823b-48bd-9dbb-41083dd38152/datanode-0/data/ratis/fba7aaf2-c569-4c7a-9eb4-768e427ec958: Starting segment from index:0
2019-08-23 17:38:13,499 [grpc-default-executor-5] INFO  segmented.SegmentedRaftLogWorker (SegmentedRaftLogWorker.java:startLogSegment(380)) - 12ec41bc-15f8-4651-8725-e0a5649e7d04-SegmentedRaftLogWorker:Storage Directory /workdir/hadoop-ozone/integration-test/target/test-dir/MiniOzoneClusterImpl-cabca72f-823b-48bd-9dbb-41083dd38152/datanode-2/data/ratis/fba7aaf2-c569-4c7a-9eb4-768e427ec958: Starting segment from index:0
2019-08-23 17:38:13,506 [a5ccefe7-6527-4c8b-8ee9-d8dc1719327d-SegmentedRaftLogWorker:Storage Directory /workdir/hadoop-ozone/integration-test/target/test-dir/MiniOzoneClusterImpl-cabca72f-823b-48bd-9dbb-41083dd38152/datanode-1/data/ratis/fba7aaf2-c569-4c7a-9eb4-768e427ec958] INFO  segmented.SegmentedRaftLogWorker (SegmentedRaftLogWorker.java:execute(569)) - a5ccefe7-6527-4c8b-8ee9-d8dc1719327d-SegmentedRaftLogWorker:Storage Directory /workdir/hadoop-ozone/integration-test/target/test-dir/MiniOzoneClusterImpl-cabca72f-823b-48bd-9dbb-41083dd38152/datanode-1/data/ratis/fba7aaf2-c569-4c7a-9eb4-768e427ec958: created new log segment /workdir/hadoop-ozone/integration-test/target/test-dir/MiniOzoneClusterImpl-cabca72f-823b-48bd-9dbb-41083dd38152/datanode-1/data/ratis/fba7aaf2-c569-4c7a-9eb4-768e427ec958/current/log_inprogress_0
2019-08-23 17:38:13,514 [Thread-3511] INFO  impl.FollowerState (FollowerState.java:run(106)) - 12ec41bc-15f8-4651-8725-e0a5649e7d04:group-B17BBE3558D3 changes to CANDIDATE, lastRpcTime:5161, electionTimeout:5161ms
2019-08-23 17:38:13,514 [Thread-3511] INFO  impl.RoleInfo (RoleInfo.java:shutdownFollowerState(121)) - 12ec41bc-15f8-4651-8725-e0a5649e7d04: shutdown FollowerState
2019-08-23 17:38:13,514 [Thread-3511] INFO  impl.RaftServerImpl (RaftServerImpl.java:setRole(171)) - 12ec41bc-15f8-4651-8725-e0a5649e7d04:group-B17BBE3558D3 changes role from FOLLOWER to CANDIDATE at term 0 for changeToCandidate
2019-08-23 17:38:13,514 [Thread-3511] INFO  impl.RoleInfo (RoleInfo.java:updateAndGet(143)) - 12ec41bc-15f8-4651-8725-e0a5649e7d04: start LeaderElection
2019-08-23 17:38:13,544 [12ec41bc-15f8-4651-8725-e0a5649e7d04-SegmentedRaftLogWorker:Storage Directory /workdir/hadoop-ozone/integration-test/target/test-dir/MiniOzoneClusterImpl-cabca72f-823b-48bd-9dbb-41083dd38152/datanode-2/data/ratis/fba7aaf2-c569-4c7a-9eb4-768e427ec958] INFO  segmented.SegmentedRaftLogWorker (SegmentedRaftLogWorker.java:execute(569)) - 12ec41bc-15f8-4651-8725-e0a5649e7d04-SegmentedRaftLogWorker:Storage Directory /workdir/hadoop-ozone/integration-test/target/test-dir/MiniOzoneClusterImpl-cabca72f-823b-48bd-9dbb-41083dd38152/datanode-2/data/ratis/fba7aaf2-c569-4c7a-9eb4-768e427ec958: created new log segment /workdir/hadoop-ozone/integration-test/target/test-dir/MiniOzoneClusterImpl-cabca72f-823b-48bd-9dbb-41083dd38152/datanode-2/data/ratis/fba7aaf2-c569-4c7a-9eb4-768e427ec958/current/log_inprogress_0
2019-08-23 17:38:13,544 [af295c0c-cf39-49e0-b1b6-91e795e968f5-SegmentedRaftLogWorker:Storage Directory /workdir/hadoop-ozone/integration-test/target/test-dir/MiniOzoneClusterImpl-cabca72f-823b-48bd-9dbb-41083dd38152/datanode-0/data/ratis/fba7aaf2-c569-4c7a-9eb4-768e427ec958] INFO  segmented.SegmentedRaftLogWorker (SegmentedRaftLogWorker.java:execute(569)) - af295c0c-cf39-49e0-b1b6-91e795e968f5-SegmentedRaftLogWorker:Storage Directory /workdir/hadoop-ozone/integration-test/target/test-dir/MiniOzoneClusterImpl-cabca72f-823b-48bd-9dbb-41083dd38152/datanode-0/data/ratis/fba7aaf2-c569-4c7a-9eb4-768e427ec958: created new log segment /workdir/hadoop-ozone/integration-test/target/test-dir/MiniOzoneClusterImpl-cabca72f-823b-48bd-9dbb-41083dd38152/datanode-0/data/ratis/fba7aaf2-c569-4c7a-9eb4-768e427ec958/current/log_inprogress_0
2019-08-23 17:38:13,544 [12ec41bc-15f8-4651-8725-e0a5649e7d04:group-B17BBE3558D3:LeaderElection65] INFO  impl.LeaderElection (LeaderElection.java:askForVotes(181)) - 12ec41bc-15f8-4651-8725-e0a5649e7d04:group-B17BBE3558D3:LeaderElection65: begin an election at term 1 for -1: [12ec41bc-15f8-4651-8725-e0a5649e7d04:192.168.5.164:39108], old=null
2019-08-23 17:38:13,544 [12ec41bc-15f8-4651-8725-e0a5649e7d04:group-B17BBE3558D3:LeaderElection65] INFO  impl.RoleInfo (RoleInfo.java:shutdownLeaderElection(134)) - 12ec41bc-15f8-4651-8725-e0a5649e7d04: shutdown LeaderElection
2019-08-23 17:38:13,544 [12ec41bc-15f8-4651-8725-e0a5649e7d04:group-B17BBE3558D3:LeaderElection65] INFO  impl.RaftServerImpl (RaftServerImpl.java:setRole(171)) - 12ec41bc-15f8-4651-8725-e0a5649e7d04:group-B17BBE3558D3 changes role from CANDIDATE to LEADER at term 1 for changeToLeader
2019-08-23 17:38:13,544 [12ec41bc-15f8-4651-8725-e0a5649e7d04:group-B17BBE3558D3:LeaderElection65] INFO  impl.RaftServerImpl (ServerState.java:setLeader(263)) - 12ec41bc-15f8-4651-8725-e0a5649e7d04:group-B17BBE3558D3 change Leader from null to 12ec41bc-15f8-4651-8725-e0a5649e7d04 at term 1 for becomeLeader, leader elected after 5196ms
2019-08-23 17:38:13,544 [12ec41bc-15f8-4651-8725-e0a5649e7d04:group-B17BBE3558D3:LeaderElection65] INFO  server.RaftServerConfigKeys (ConfUtils.java:logGet(43)) - raft.server.staging.catchup.gap = 1000 (default)
2019-08-23 17:38:13,545 [12ec41bc-15f8-4651-8725-e0a5649e7d04:group-B17BBE3558D3:LeaderElection65] INFO  server.RaftServerConfigKeys (ConfUtils.java:logGet(43)) - raft.server.rpc.sleep.time = 25ms (default)
2019-08-23 17:38:13,545 [12ec41bc-15f8-4651-8725-e0a5649e7d04:group-B17BBE3558D3:LeaderElection65] INFO  server.RaftServerConfigKeys (ConfUtils.java:logGet(43)) - raft.server.write.element-limit = 4096 (default)
2019-08-23 17:38:13,545 [12ec41bc-15f8-4651-8725-e0a5649e7d04:group-B17BBE3558D3:LeaderElection65] INFO  server.RaftServerConfigKeys (ConfUtils.java:logGet(43)) - raft.server.watch.timeout = 10s (default)
2019-08-23 17:38:13,545 [12ec41bc-15f8-4651-8725-e0a5649e7d04:group-B17BBE3558D3:LeaderElection65] INFO  server.RaftServerConfigKeys (ConfUtils.java:logGet(43)) - raft.server.watch.timeout.denomination = 1s (default)
2019-08-23 17:38:13,545 [12ec41bc-15f8-4651-8725-e0a5649e7d04:group-B17BBE3558D3:LeaderElection65] INFO  server.RaftServerConfigKeys (ConfUtils.java:logGet(43)) - raft.server.watch.element-limit = 65536 (default)
2019-08-23 17:38:13,546 [12ec41bc-15f8-4651-8725-e0a5649e7d04:group-B17BBE3558D3:LeaderElection65] INFO  impl.RoleInfo (RoleInfo.java:updateAndGet(143)) - 12ec41bc-15f8-4651-8725-e0a5649e7d04: start LeaderState
2019-08-23 17:38:13,546 [12ec41bc-15f8-4651-8725-e0a5649e7d04:group-B17BBE3558D3:LeaderElection65] INFO  segmented.SegmentedRaftLogWorker (SegmentedRaftLogWorker.java:startLogSegment(380)) - 12ec41bc-15f8-4651-8725-e0a5649e7d04-SegmentedRaftLogWorker:Storage Directory /workdir/hadoop-ozone/integration-test/target/test-dir/MiniOzoneClusterImpl-cabca72f-823b-48bd-9dbb-41083dd38152/datanode-2/data/ratis/dd9c894d-46ab-4647-9e84-b17bbe3558d3: Starting segment from index:0
2019-08-23 17:38:13,546 [12ec41bc-15f8-4651-8725-e0a5649e7d04:group-B17BBE3558D3:LeaderElection65] INFO  impl.RaftServerImpl (ServerState.java:setRaftConf(361)) - 12ec41bc-15f8-4651-8725-e0a5649e7d04:group-B17BBE3558D3 set configuration 0: [12ec41bc-15f8-4651-8725-e0a5649e7d04:192.168.5.164:39108], old=null at 0
2019-08-23 17:38:13,548 | INFO  | SCMAudit | user=jenkins1000 | ip=192.168.5.164 | op=SEND_HEARTBEAT {datanodeUUID=3c4b984b-57f4-4c80-8be3-09d942f0ab46, command=[]} | ret=SUCCESS |  
2019-08-23 17:38:13,585 [12ec41bc-15f8-4651-8725-e0a5649e7d04-SegmentedRaftLogWorker:Storage Directory /workdir/hadoop-ozone/integration-test/target/test-dir/MiniOzoneClusterImpl-cabca72f-823b-48bd-9dbb-41083dd38152/datanode-2/data/ratis/dd9c894d-46ab-4647-9e84-b17bbe3558d3] INFO  segmented.SegmentedRaftLogWorker (SegmentedRaftLogWorker.java:execute(569)) - 12ec41bc-15f8-4651-8725-e0a5649e7d04-SegmentedRaftLogWorker:Storage Directory /workdir/hadoop-ozone/integration-test/target/test-dir/MiniOzoneClusterImpl-cabca72f-823b-48bd-9dbb-41083dd38152/datanode-2/data/ratis/dd9c894d-46ab-4647-9e84-b17bbe3558d3: created new log segment /workdir/hadoop-ozone/integration-test/target/test-dir/MiniOzoneClusterImpl-cabca72f-823b-48bd-9dbb-41083dd38152/datanode-2/data/ratis/dd9c894d-46ab-4647-9e84-b17bbe3558d3/current/log_inprogress_0
2019-08-23 17:38:13,643 | INFO  | SCMAudit | user=jenkins1000 | ip=192.168.5.164 | op=SEND_HEARTBEAT {datanodeUUID=af295c0c-cf39-49e0-b1b6-91e795e968f5, command=[]} | ret=SUCCESS |  
2019-08-23 17:38:13,752 [Thread-3523] INFO  impl.FollowerState (FollowerState.java:run(106)) - 3c4b984b-57f4-4c80-8be3-09d942f0ab46:group-1AE7B88A05F2 changes to CANDIDATE, lastRpcTime:5159, electionTimeout:5159ms
2019-08-23 17:38:13,752 [Thread-3523] INFO  impl.RoleInfo (RoleInfo.java:shutdownFollowerState(121)) - 3c4b984b-57f4-4c80-8be3-09d942f0ab46: shutdown FollowerState
2019-08-23 17:38:13,752 [Thread-3523] INFO  impl.RaftServerImpl (RaftServerImpl.java:setRole(171)) - 3c4b984b-57f4-4c80-8be3-09d942f0ab46:group-1AE7B88A05F2 changes role from FOLLOWER to CANDIDATE at term 0 for changeToCandidate
2019-08-23 17:38:13,752 [Thread-3523] INFO  impl.RoleInfo (RoleInfo.java:updateAndGet(143)) - 3c4b984b-57f4-4c80-8be3-09d942f0ab46: start LeaderElection
2019-08-23 17:38:13,781 [3c4b984b-57f4-4c80-8be3-09d942f0ab46:group-1AE7B88A05F2:LeaderElection66] INFO  impl.LeaderElection (LeaderElection.java:askForVotes(181)) - 3c4b984b-57f4-4c80-8be3-09d942f0ab46:group-1AE7B88A05F2:LeaderElection66: begin an election at term 1 for -1: [3c4b984b-57f4-4c80-8be3-09d942f0ab46:192.168.5.164:43511], old=null
2019-08-23 17:38:13,781 [3c4b984b-57f4-4c80-8be3-09d942f0ab46:group-1AE7B88A05F2:LeaderElection66] INFO  impl.RoleInfo (RoleInfo.java:shutdownLeaderElection(134)) - 3c4b984b-57f4-4c80-8be3-09d942f0ab46: shutdown LeaderElection
2019-08-23 17:38:13,781 [3c4b984b-57f4-4c80-8be3-09d942f0ab46:group-1AE7B88A05F2:LeaderElection66] INFO  impl.RaftServerImpl (RaftServerImpl.java:setRole(171)) - 3c4b984b-57f4-4c80-8be3-09d942f0ab46:group-1AE7B88A05F2 changes role from CANDIDATE to LEADER at term 1 for changeToLeader
2019-08-23 17:38:13,781 [3c4b984b-57f4-4c80-8be3-09d942f0ab46:group-1AE7B88A05F2:LeaderElection66] INFO  impl.RaftServerImpl (ServerState.java:setLeader(263)) - 3c4b984b-57f4-4c80-8be3-09d942f0ab46:group-1AE7B88A05F2 change Leader from null to 3c4b984b-57f4-4c80-8be3-09d942f0ab46 at term 1 for becomeLeader, leader elected after 5193ms
2019-08-23 17:38:13,781 [3c4b984b-57f4-4c80-8be3-09d942f0ab46:group-1AE7B88A05F2:LeaderElection66] INFO  server.RaftServerConfigKeys (ConfUtils.java:logGet(43)) - raft.server.staging.catchup.gap = 1000 (default)
2019-08-23 17:38:13,781 [3c4b984b-57f4-4c80-8be3-09d942f0ab46:group-1AE7B88A05F2:LeaderElection66] INFO  server.RaftServerConfigKeys (ConfUtils.java:logGet(43)) - raft.server.rpc.sleep.time = 25ms (default)
2019-08-23 17:38:13,781 [3c4b984b-57f4-4c80-8be3-09d942f0ab46:group-1AE7B88A05F2:LeaderElection66] INFO  server.RaftServerConfigKeys (ConfUtils.java:logGet(43)) - raft.server.write.element-limit = 4096 (default)
2019-08-23 17:38:13,781 [3c4b984b-57f4-4c80-8be3-09d942f0ab46:group-1AE7B88A05F2:LeaderElection66] INFO  server.RaftServerConfigKeys (ConfUtils.java:logGet(43)) - raft.server.watch.timeout = 10s (default)
2019-08-23 17:38:13,782 [3c4b984b-57f4-4c80-8be3-09d942f0ab46:group-1AE7B88A05F2:LeaderElection66] INFO  server.RaftServerConfigKeys (ConfUtils.java:logGet(43)) - raft.server.watch.timeout.denomination = 1s (default)
2019-08-23 17:38:13,782 [3c4b984b-57f4-4c80-8be3-09d942f0ab46:group-1AE7B88A05F2:LeaderElection66] INFO  server.RaftServerConfigKeys (ConfUtils.java:logGet(43)) - raft.server.watch.element-limit = 65536 (default)
2019-08-23 17:38:13,782 [3c4b984b-57f4-4c80-8be3-09d942f0ab46:group-1AE7B88A05F2:LeaderElection66] INFO  impl.RoleInfo (RoleInfo.java:updateAndGet(143)) - 3c4b984b-57f4-4c80-8be3-09d942f0ab46: start LeaderState
2019-08-23 17:38:13,782 [3c4b984b-57f4-4c80-8be3-09d942f0ab46:group-1AE7B88A05F2:LeaderElection66] INFO  segmented.SegmentedRaftLogWorker (SegmentedRaftLogWorker.java:startLogSegment(380)) - 3c4b984b-57f4-4c80-8be3-09d942f0ab46-SegmentedRaftLogWorker:Storage Directory /workdir/hadoop-ozone/integration-test/target/test-dir/MiniOzoneClusterImpl-cabca72f-823b-48bd-9dbb-41083dd38152/datanode-3/data/ratis/d3aee948-f057-4060-a899-1ae7b88a05f2: Starting segment from index:0
2019-08-23 17:38:13,782 [3c4b984b-57f4-4c80-8be3-09d942f0ab46:group-1AE7B88A05F2:LeaderElection66] INFO  impl.RaftServerImpl (ServerState.java:setRaftConf(361)) - 3c4b984b-57f4-4c80-8be3-09d942f0ab46:group-1AE7B88A05F2 set configuration 0: [3c4b984b-57f4-4c80-8be3-09d942f0ab46:192.168.5.164:43511], old=null at 0
2019-08-23 17:38:13,793 | INFO  | SCMAudit | user=jenkins1000 | ip=192.168.5.164 | op=SEND_HEARTBEAT {datanodeUUID=85e641fa-5017-4198-8052-eafab442e101, command=[]} | ret=SUCCESS |  
2019-08-23 17:38:13,825 | INFO  | SCMAudit | user=jenkins1000 | ip=192.168.5.164 | op=SEND_HEARTBEAT {datanodeUUID=a5ccefe7-6527-4c8b-8ee9-d8dc1719327d, command=[]} | ret=SUCCESS |  
2019-08-23 17:38:13,839 [3c4b984b-57f4-4c80-8be3-09d942f0ab46-SegmentedRaftLogWorker:Storage Directory /workdir/hadoop-ozone/integration-test/target/test-dir/MiniOzoneClusterImpl-cabca72f-823b-48bd-9dbb-41083dd38152/datanode-3/data/ratis/d3aee948-f057-4060-a899-1ae7b88a05f2] INFO  segmented.SegmentedRaftLogWorker (SegmentedRaftLogWorker.java:execute(569)) - 3c4b984b-57f4-4c80-8be3-09d942f0ab46-SegmentedRaftLogWorker:Storage Directory /workdir/hadoop-ozone/integration-test/target/test-dir/MiniOzoneClusterImpl-cabca72f-823b-48bd-9dbb-41083dd38152/datanode-3/data/ratis/d3aee948-f057-4060-a899-1ae7b88a05f2: created new log segment /workdir/hadoop-ozone/integration-test/target/test-dir/MiniOzoneClusterImpl-cabca72f-823b-48bd-9dbb-41083dd38152/datanode-3/data/ratis/d3aee948-f057-4060-a899-1ae7b88a05f2/current/log_inprogress_0
2019-08-23 17:38:13,898 [Thread-3526] INFO  impl.FollowerState (FollowerState.java:run(106)) - 85e641fa-5017-4198-8052-eafab442e101:group-C1F4F721A74B changes to CANDIDATE, lastRpcTime:5058, electionTimeout:5058ms
2019-08-23 17:38:13,898 [Thread-3526] INFO  impl.RoleInfo (RoleInfo.java:shutdownFollowerState(121)) - 85e641fa-5017-4198-8052-eafab442e101: shutdown FollowerState
2019-08-23 17:38:13,898 [Thread-3526] INFO  impl.RaftServerImpl (RaftServerImpl.java:setRole(171)) - 85e641fa-5017-4198-8052-eafab442e101:group-C1F4F721A74B changes role from FOLLOWER to CANDIDATE at term 0 for changeToCandidate
2019-08-23 17:38:13,899 [Thread-3526] INFO  impl.RoleInfo (RoleInfo.java:updateAndGet(143)) - 85e641fa-5017-4198-8052-eafab442e101: start LeaderElection
2019-08-23 17:38:13,918 [85e641fa-5017-4198-8052-eafab442e101:group-C1F4F721A74B:LeaderElection67] INFO  impl.LeaderElection (LeaderElection.java:askForVotes(181)) - 85e641fa-5017-4198-8052-eafab442e101:group-C1F4F721A74B:LeaderElection67: begin an election at term 1 for -1: [85e641fa-5017-4198-8052-eafab442e101:192.168.5.164:39342], old=null
2019-08-23 17:38:13,918 [85e641fa-5017-4198-8052-eafab442e101:group-C1F4F721A74B:LeaderElection67] INFO  impl.RoleInfo (RoleInfo.java:shutdownLeaderElection(134)) - 85e641fa-5017-4198-8052-eafab442e101: shutdown LeaderElection
2019-08-23 17:38:13,918 [85e641fa-5017-4198-8052-eafab442e101:group-C1F4F721A74B:LeaderElection67] INFO  impl.RaftServerImpl (RaftServerImpl.java:setRole(171)) - 85e641fa-5017-4198-8052-eafab442e101:group-C1F4F721A74B changes role from CANDIDATE to LEADER at term 1 for changeToLeader
2019-08-23 17:38:13,918 [85e641fa-5017-4198-8052-eafab442e101:group-C1F4F721A74B:LeaderElection67] INFO  impl.RaftServerImpl (ServerState.java:setLeader(263)) - 85e641fa-5017-4198-8052-eafab442e101:group-C1F4F721A74B change Leader from null to 85e641fa-5017-4198-8052-eafab442e101 at term 1 for becomeLeader, leader elected after 5084ms
2019-08-23 17:38:13,919 [85e641fa-5017-4198-8052-eafab442e101:group-C1F4F721A74B:LeaderElection67] INFO  server.RaftServerConfigKeys (ConfUtils.java:logGet(43)) - raft.server.staging.catchup.gap = 1000 (default)
2019-08-23 17:38:13,919 [85e641fa-5017-4198-8052-eafab442e101:group-C1F4F721A74B:LeaderElection67] INFO  server.RaftServerConfigKeys (ConfUtils.java:logGet(43)) - raft.server.rpc.sleep.time = 25ms (default)
2019-08-23 17:38:13,919 [85e641fa-5017-4198-8052-eafab442e101:group-C1F4F721A74B:LeaderElection67] INFO  server.RaftServerConfigKeys (ConfUtils.java:logGet(43)) - raft.server.write.element-limit = 4096 (default)
2019-08-23 17:38:13,919 [85e641fa-5017-4198-8052-eafab442e101:group-C1F4F721A74B:LeaderElection67] INFO  server.RaftServerConfigKeys (ConfUtils.java:logGet(43)) - raft.server.watch.timeout = 10s (default)
2019-08-23 17:38:13,919 [85e641fa-5017-4198-8052-eafab442e101:group-C1F4F721A74B:LeaderElection67] INFO  server.RaftServerConfigKeys (ConfUtils.java:logGet(43)) - raft.server.watch.timeout.denomination = 1s (default)
2019-08-23 17:38:13,919 [85e641fa-5017-4198-8052-eafab442e101:group-C1F4F721A74B:LeaderElection67] INFO  server.RaftServerConfigKeys (ConfUtils.java:logGet(43)) - raft.server.watch.element-limit = 65536 (default)
2019-08-23 17:38:13,919 [85e641fa-5017-4198-8052-eafab442e101:group-C1F4F721A74B:LeaderElection67] INFO  impl.RoleInfo (RoleInfo.java:updateAndGet(143)) - 85e641fa-5017-4198-8052-eafab442e101: start LeaderState
2019-08-23 17:38:13,920 [85e641fa-5017-4198-8052-eafab442e101:group-C1F4F721A74B:LeaderElection67] INFO  segmented.SegmentedRaftLogWorker (SegmentedRaftLogWorker.java:startLogSegment(380)) - 85e641fa-5017-4198-8052-eafab442e101-SegmentedRaftLogWorker:Storage Directory /workdir/hadoop-ozone/integration-test/target/test-dir/MiniOzoneClusterImpl-cabca72f-823b-48bd-9dbb-41083dd38152/datanode-4/data/ratis/940848cb-b2a3-4e81-a63e-c1f4f721a74b: Starting segment from index:0
2019-08-23 17:38:13,920 [85e641fa-5017-4198-8052-eafab442e101:group-C1F4F721A74B:LeaderElection67] INFO  impl.RaftServerImpl (ServerState.java:setRaftConf(361)) - 85e641fa-5017-4198-8052-eafab442e101:group-C1F4F721A74B set configuration 0: [85e641fa-5017-4198-8052-eafab442e101:192.168.5.164:39342], old=null at 0
2019-08-23 17:38:13,973 [85e641fa-5017-4198-8052-eafab442e101-SegmentedRaftLogWorker:Storage Directory /workdir/hadoop-ozone/integration-test/target/test-dir/MiniOzoneClusterImpl-cabca72f-823b-48bd-9dbb-41083dd38152/datanode-4/data/ratis/940848cb-b2a3-4e81-a63e-c1f4f721a74b] INFO  segmented.SegmentedRaftLogWorker (SegmentedRaftLogWorker.java:execute(569)) - 85e641fa-5017-4198-8052-eafab442e101-SegmentedRaftLogWorker:Storage Directory /workdir/hadoop-ozone/integration-test/target/test-dir/MiniOzoneClusterImpl-cabca72f-823b-48bd-9dbb-41083dd38152/datanode-4/data/ratis/940848cb-b2a3-4e81-a63e-c1f4f721a74b: created new log segment /workdir/hadoop-ozone/integration-test/target/test-dir/MiniOzoneClusterImpl-cabca72f-823b-48bd-9dbb-41083dd38152/datanode-4/data/ratis/940848cb-b2a3-4e81-a63e-c1f4f721a74b/current/log_inprogress_0
2019-08-23 17:38:13,999 | INFO  | SCMAudit | user=jenkins1000 | ip=192.168.5.164 | op=SEND_HEARTBEAT {datanodeUUID=6bac59a6-6e96-4b6d-a78d-651c0bed005c, command=[]} | ret=SUCCESS |  
2019-08-23 17:38:14,166 [Thread-3529] INFO  impl.FollowerState (FollowerState.java:run(106)) - 6bac59a6-6e96-4b6d-a78d-651c0bed005c:group-D71A5ADC5BC2 changes to CANDIDATE, lastRpcTime:5121, electionTimeout:5121ms
2019-08-23 17:38:14,166 [Thread-3529] INFO  impl.RoleInfo (RoleInfo.java:shutdownFollowerState(121)) - 6bac59a6-6e96-4b6d-a78d-651c0bed005c: shutdown FollowerState
2019-08-23 17:38:14,166 [Thread-3529] INFO  impl.RaftServerImpl (RaftServerImpl.java:setRole(171)) - 6bac59a6-6e96-4b6d-a78d-651c0bed005c:group-D71A5ADC5BC2 changes role from FOLLOWER to CANDIDATE at term 0 for changeToCandidate
2019-08-23 17:38:14,166 [Thread-3529] INFO  impl.RoleInfo (RoleInfo.java:updateAndGet(143)) - 6bac59a6-6e96-4b6d-a78d-651c0bed005c: start LeaderElection
2019-08-23 17:38:14,177 | INFO  | SCMAudit | user=jenkins1000 | ip=192.168.5.164 | op=SEND_HEARTBEAT {datanodeUUID=dc82463a-faf1-47ee-884f-ca1185c16136, command=[]} | ret=SUCCESS |  
2019-08-23 17:38:14,185 [6bac59a6-6e96-4b6d-a78d-651c0bed005c:group-D71A5ADC5BC2:LeaderElection68] INFO  impl.LeaderElection (LeaderElection.java:askForVotes(181)) - 6bac59a6-6e96-4b6d-a78d-651c0bed005c:group-D71A5ADC5BC2:LeaderElection68: begin an election at term 1 for -1: [6bac59a6-6e96-4b6d-a78d-651c0bed005c:192.168.5.164:45735], old=null
2019-08-23 17:38:14,185 [6bac59a6-6e96-4b6d-a78d-651c0bed005c:group-D71A5ADC5BC2:LeaderElection68] INFO  impl.RoleInfo (RoleInfo.java:shutdownLeaderElection(134)) - 6bac59a6-6e96-4b6d-a78d-651c0bed005c: shutdown LeaderElection
2019-08-23 17:38:14,185 [6bac59a6-6e96-4b6d-a78d-651c0bed005c:group-D71A5ADC5BC2:LeaderElection68] INFO  impl.RaftServerImpl (RaftServerImpl.java:setRole(171)) - 6bac59a6-6e96-4b6d-a78d-651c0bed005c:group-D71A5ADC5BC2 changes role from CANDIDATE to LEADER at term 1 for changeToLeader
2019-08-23 17:38:14,185 [6bac59a6-6e96-4b6d-a78d-651c0bed005c:group-D71A5ADC5BC2:LeaderElection68] INFO  impl.RaftServerImpl (ServerState.java:setLeader(263)) - 6bac59a6-6e96-4b6d-a78d-651c0bed005c:group-D71A5ADC5BC2 change Leader from null to 6bac59a6-6e96-4b6d-a78d-651c0bed005c at term 1 for becomeLeader, leader elected after 5144ms
2019-08-23 17:38:14,185 [6bac59a6-6e96-4b6d-a78d-651c0bed005c:group-D71A5ADC5BC2:LeaderElection68] INFO  server.RaftServerConfigKeys (ConfUtils.java:logGet(43)) - raft.server.staging.catchup.gap = 1000 (default)
2019-08-23 17:38:14,185 [6bac59a6-6e96-4b6d-a78d-651c0bed005c:group-D71A5ADC5BC2:LeaderElection68] INFO  server.RaftServerConfigKeys (ConfUtils.java:logGet(43)) - raft.server.rpc.sleep.time = 25ms (default)
2019-08-23 17:38:14,185 [6bac59a6-6e96-4b6d-a78d-651c0bed005c:group-D71A5ADC5BC2:LeaderElection68] INFO  server.RaftServerConfigKeys (ConfUtils.java:logGet(43)) - raft.server.write.element-limit = 4096 (default)
2019-08-23 17:38:14,185 [6bac59a6-6e96-4b6d-a78d-651c0bed005c:group-D71A5ADC5BC2:LeaderElection68] INFO  server.RaftServerConfigKeys (ConfUtils.java:logGet(43)) - raft.server.watch.timeout = 10s (default)
2019-08-23 17:38:14,185 [6bac59a6-6e96-4b6d-a78d-651c0bed005c:group-D71A5ADC5BC2:LeaderElection68] INFO  server.RaftServerConfigKeys (ConfUtils.java:logGet(43)) - raft.server.watch.timeout.denomination = 1s (default)
2019-08-23 17:38:14,186 [6bac59a6-6e96-4b6d-a78d-651c0bed005c:group-D71A5ADC5BC2:LeaderElection68] INFO  server.RaftServerConfigKeys (ConfUtils.java:logGet(43)) - raft.server.watch.element-limit = 65536 (default)
2019-08-23 17:38:14,186 [6bac59a6-6e96-4b6d-a78d-651c0bed005c:group-D71A5ADC5BC2:LeaderElection68] INFO  impl.RoleInfo (RoleInfo.java:updateAndGet(143)) - 6bac59a6-6e96-4b6d-a78d-651c0bed005c: start LeaderState
2019-08-23 17:38:14,186 [6bac59a6-6e96-4b6d-a78d-651c0bed005c:group-D71A5ADC5BC2:LeaderElection68] INFO  segmented.SegmentedRaftLogWorker (SegmentedRaftLogWorker.java:startLogSegment(380)) - 6bac59a6-6e96-4b6d-a78d-651c0bed005c-SegmentedRaftLogWorker:Storage Directory /workdir/hadoop-ozone/integration-test/target/test-dir/MiniOzoneClusterImpl-cabca72f-823b-48bd-9dbb-41083dd38152/datanode-5/data/ratis/74aa4266-ea56-4350-b10d-d71a5adc5bc2: Starting segment from index:0
2019-08-23 17:38:14,186 [6bac59a6-6e96-4b6d-a78d-651c0bed005c:group-D71A5ADC5BC2:LeaderElection68] INFO  impl.RaftServerImpl (ServerState.java:setRaftConf(361)) - 6bac59a6-6e96-4b6d-a78d-651c0bed005c:group-D71A5ADC5BC2 set configuration 0: [6bac59a6-6e96-4b6d-a78d-651c0bed005c:192.168.5.164:45735], old=null at 0
2019-08-23 17:38:14,229 [6bac59a6-6e96-4b6d-a78d-651c0bed005c-SegmentedRaftLogWorker:Storage Directory /workdir/hadoop-ozone/integration-test/target/test-dir/MiniOzoneClusterImpl-cabca72f-823b-48bd-9dbb-41083dd38152/datanode-5/data/ratis/74aa4266-ea56-4350-b10d-d71a5adc5bc2] INFO  segmented.SegmentedRaftLogWorker (SegmentedRaftLogWorker.java:execute(569)) - 6bac59a6-6e96-4b6d-a78d-651c0bed005c-SegmentedRaftLogWorker:Storage Directory /workdir/hadoop-ozone/integration-test/target/test-dir/MiniOzoneClusterImpl-cabca72f-823b-48bd-9dbb-41083dd38152/datanode-5/data/ratis/74aa4266-ea56-4350-b10d-d71a5adc5bc2: created new log segment /workdir/hadoop-ozone/integration-test/target/test-dir/MiniOzoneClusterImpl-cabca72f-823b-48bd-9dbb-41083dd38152/datanode-5/data/ratis/74aa4266-ea56-4350-b10d-d71a5adc5bc2/current/log_inprogress_0
2019-08-23 17:38:14,254 [Thread-3532] INFO  impl.FollowerState (FollowerState.java:run(106)) - 3c4b984b-57f4-4c80-8be3-09d942f0ab46:group-A2AF128F6104 changes to CANDIDATE, lastRpcTime:5155, electionTimeout:5155ms
2019-08-23 17:38:14,254 [Thread-3532] INFO  impl.RoleInfo (RoleInfo.java:shutdownFollowerState(121)) - 3c4b984b-57f4-4c80-8be3-09d942f0ab46: shutdown FollowerState
2019-08-23 17:38:14,254 [Thread-3532] INFO  impl.RaftServerImpl (RaftServerImpl.java:setRole(171)) - 3c4b984b-57f4-4c80-8be3-09d942f0ab46:group-A2AF128F6104 changes role from FOLLOWER to CANDIDATE at term 0 for changeToCandidate
2019-08-23 17:38:14,255 [Thread-3532] INFO  impl.RoleInfo (RoleInfo.java:updateAndGet(143)) - 3c4b984b-57f4-4c80-8be3-09d942f0ab46: start LeaderElection
2019-08-23 17:38:14,264 [Thread-3538] INFO  impl.FollowerState (FollowerState.java:run(106)) - 6bac59a6-6e96-4b6d-a78d-651c0bed005c:group-A2AF128F6104 changes to CANDIDATE, lastRpcTime:5161, electionTimeout:5161ms
2019-08-23 17:38:14,265 [Thread-3538] INFO  impl.RoleInfo (RoleInfo.java:shutdownFollowerState(121)) - 6bac59a6-6e96-4b6d-a78d-651c0bed005c: shutdown FollowerState
2019-08-23 17:38:14,265 [Thread-3538] INFO  impl.RaftServerImpl (RaftServerImpl.java:setRole(171)) - 6bac59a6-6e96-4b6d-a78d-651c0bed005c:group-A2AF128F6104 changes role from FOLLOWER to CANDIDATE at term 0 for changeToCandidate
2019-08-23 17:38:14,265 [Thread-3538] INFO  impl.RoleInfo (RoleInfo.java:updateAndGet(143)) - 6bac59a6-6e96-4b6d-a78d-651c0bed005c: start LeaderElection
2019-08-23 17:38:14,267 [Thread-3535] INFO  impl.FollowerState (FollowerState.java:run(106)) - 85e641fa-5017-4198-8052-eafab442e101:group-A2AF128F6104 changes to CANDIDATE, lastRpcTime:5165, electionTimeout:5163ms
2019-08-23 17:38:14,267 [Thread-3535] INFO  impl.RoleInfo (RoleInfo.java:shutdownFollowerState(121)) - 85e641fa-5017-4198-8052-eafab442e101: shutdown FollowerState
2019-08-23 17:38:14,267 [Thread-3535] INFO  impl.RaftServerImpl (RaftServerImpl.java:setRole(171)) - 85e641fa-5017-4198-8052-eafab442e101:group-A2AF128F6104 changes role from FOLLOWER to CANDIDATE at term 0 for changeToCandidate
2019-08-23 17:38:14,269 [Thread-3535] INFO  impl.RoleInfo (RoleInfo.java:updateAndGet(143)) - 85e641fa-5017-4198-8052-eafab442e101: start LeaderElection
2019-08-23 17:38:14,274 [3c4b984b-57f4-4c80-8be3-09d942f0ab46:group-A2AF128F6104:LeaderElection69] INFO  impl.LeaderElection (LeaderElection.java:askForVotes(181)) - 3c4b984b-57f4-4c80-8be3-09d942f0ab46:group-A2AF128F6104:LeaderElection69: begin an election at term 1 for -1: [6bac59a6-6e96-4b6d-a78d-651c0bed005c:192.168.5.164:45735, 3c4b984b-57f4-4c80-8be3-09d942f0ab46:192.168.5.164:43511, 85e641fa-5017-4198-8052-eafab442e101:192.168.5.164:39342], old=null
2019-08-23 17:38:14,288 [85e641fa-5017-4198-8052-eafab442e101:group-A2AF128F6104:LeaderElection71] INFO  impl.LeaderElection (LeaderElection.java:askForVotes(181)) - 85e641fa-5017-4198-8052-eafab442e101:group-A2AF128F6104:LeaderElection71: begin an election at term 1 for -1: [6bac59a6-6e96-4b6d-a78d-651c0bed005c:192.168.5.164:45735, 3c4b984b-57f4-4c80-8be3-09d942f0ab46:192.168.5.164:43511, 85e641fa-5017-4198-8052-eafab442e101:192.168.5.164:39342], old=null
2019-08-23 17:38:14,288 [6bac59a6-6e96-4b6d-a78d-651c0bed005c:group-A2AF128F6104:LeaderElection70] INFO  impl.LeaderElection (LeaderElection.java:askForVotes(181)) - 6bac59a6-6e96-4b6d-a78d-651c0bed005c:group-A2AF128F6104:LeaderElection70: begin an election at term 1 for -1: [6bac59a6-6e96-4b6d-a78d-651c0bed005c:192.168.5.164:45735, 3c4b984b-57f4-4c80-8be3-09d942f0ab46:192.168.5.164:43511, 85e641fa-5017-4198-8052-eafab442e101:192.168.5.164:39342], old=null
2019-08-23 17:38:14,293 [3c4b984b-57f4-4c80-8be3-09d942f0ab46:group-A2AF128F6104:LeaderElection69] INFO  impl.LeaderElection (LeaderElection.java:logAndReturn(56)) - 3c4b984b-57f4-4c80-8be3-09d942f0ab46:group-A2AF128F6104:LeaderElection69: Election REJECTED; received 2 response(s) [3c4b984b-57f4-4c80-8be3-09d942f0ab46<-6bac59a6-6e96-4b6d-a78d-651c0bed005c#0:FAIL-t1, 3c4b984b-57f4-4c80-8be3-09d942f0ab46<-85e641fa-5017-4198-8052-eafab442e101#0:FAIL-t1] and 0 exception(s); 3c4b984b-57f4-4c80-8be3-09d942f0ab46:t1, leader=null, voted=3c4b984b-57f4-4c80-8be3-09d942f0ab46, raftlog=3c4b984b-57f4-4c80-8be3-09d942f0ab46-SegmentedRaftLog:OPENED:c-1,f-1,i0, conf=-1: [6bac59a6-6e96-4b6d-a78d-651c0bed005c:192.168.5.164:45735, 3c4b984b-57f4-4c80-8be3-09d942f0ab46:192.168.5.164:43511, 85e641fa-5017-4198-8052-eafab442e101:192.168.5.164:39342], old=null
2019-08-23 17:38:14,293 [3c4b984b-57f4-4c80-8be3-09d942f0ab46:group-A2AF128F6104:LeaderElection69] INFO  impl.RaftServerImpl (RaftServerImpl.java:setRole(171)) - 3c4b984b-57f4-4c80-8be3-09d942f0ab46:group-A2AF128F6104 changes role from CANDIDATE to FOLLOWER at term 1 for DISCOVERED_A_NEW_TERM
2019-08-23 17:38:14,293 [3c4b984b-57f4-4c80-8be3-09d942f0ab46:group-A2AF128F6104:LeaderElection69] INFO  impl.RoleInfo (RoleInfo.java:shutdownLeaderElection(134)) - 3c4b984b-57f4-4c80-8be3-09d942f0ab46: shutdown LeaderElection
2019-08-23 17:38:14,294 [3c4b984b-57f4-4c80-8be3-09d942f0ab46:group-A2AF128F6104:LeaderElection69] INFO  impl.RoleInfo (RoleInfo.java:updateAndGet(143)) - 3c4b984b-57f4-4c80-8be3-09d942f0ab46: start FollowerState
2019-08-23 17:38:14,299 [6bac59a6-6e96-4b6d-a78d-651c0bed005c:group-A2AF128F6104:LeaderElection70] INFO  impl.LeaderElection (LeaderElection.java:logAndReturn(56)) - 6bac59a6-6e96-4b6d-a78d-651c0bed005c:group-A2AF128F6104:LeaderElection70: Election REJECTED; received 2 response(s) [6bac59a6-6e96-4b6d-a78d-651c0bed005c<-3c4b984b-57f4-4c80-8be3-09d942f0ab46#0:FAIL-t1, 6bac59a6-6e96-4b6d-a78d-651c0bed005c<-85e641fa-5017-4198-8052-eafab442e101#0:FAIL-t1] and 0 exception(s); 6bac59a6-6e96-4b6d-a78d-651c0bed005c:t1, leader=null, voted=6bac59a6-6e96-4b6d-a78d-651c0bed005c, raftlog=6bac59a6-6e96-4b6d-a78d-651c0bed005c-SegmentedRaftLog:OPENED:c-1,f-1,i0, conf=-1: [6bac59a6-6e96-4b6d-a78d-651c0bed005c:192.168.5.164:45735, 3c4b984b-57f4-4c80-8be3-09d942f0ab46:192.168.5.164:43511, 85e641fa-5017-4198-8052-eafab442e101:192.168.5.164:39342], old=null
2019-08-23 17:38:14,299 [6bac59a6-6e96-4b6d-a78d-651c0bed005c:group-A2AF128F6104:LeaderElection70] INFO  impl.RaftServerImpl (RaftServerImpl.java:setRole(171)) - 6bac59a6-6e96-4b6d-a78d-651c0bed005c:group-A2AF128F6104 changes role from CANDIDATE to FOLLOWER at term 1 for DISCOVERED_A_NEW_TERM
2019-08-23 17:38:14,299 [85e641fa-5017-4198-8052-eafab442e101:group-A2AF128F6104:LeaderElection71] INFO  impl.LeaderElection (LeaderElection.java:logAndReturn(56)) - 85e641fa-5017-4198-8052-eafab442e101:group-A2AF128F6104:LeaderElection71: Election REJECTED; received 2 response(s) [85e641fa-5017-4198-8052-eafab442e101<-6bac59a6-6e96-4b6d-a78d-651c0bed005c#0:FAIL-t1, 85e641fa-5017-4198-8052-eafab442e101<-3c4b984b-57f4-4c80-8be3-09d942f0ab46#0:FAIL-t1] and 0 exception(s); 85e641fa-5017-4198-8052-eafab442e101:t1, leader=null, voted=85e641fa-5017-4198-8052-eafab442e101, raftlog=85e641fa-5017-4198-8052-eafab442e101-SegmentedRaftLog:OPENED:c-1,f-1,i0, conf=-1: [6bac59a6-6e96-4b6d-a78d-651c0bed005c:192.168.5.164:45735, 3c4b984b-57f4-4c80-8be3-09d942f0ab46:192.168.5.164:43511, 85e641fa-5017-4198-8052-eafab442e101:192.168.5.164:39342], old=null
2019-08-23 17:38:14,299 [6bac59a6-6e96-4b6d-a78d-651c0bed005c:group-A2AF128F6104:LeaderElection70] INFO  impl.RoleInfo (RoleInfo.java:shutdownLeaderElection(134)) - 6bac59a6-6e96-4b6d-a78d-651c0bed005c: shutdown LeaderElection
2019-08-23 17:38:14,299 [85e641fa-5017-4198-8052-eafab442e101:group-A2AF128F6104:LeaderElection71] INFO  impl.RaftServerImpl (RaftServerImpl.java:setRole(171)) - 85e641fa-5017-4198-8052-eafab442e101:group-A2AF128F6104 changes role from CANDIDATE to FOLLOWER at term 1 for DISCOVERED_A_NEW_TERM
2019-08-23 17:38:14,300 [6bac59a6-6e96-4b6d-a78d-651c0bed005c:group-A2AF128F6104:LeaderElection70] INFO  impl.RoleInfo (RoleInfo.java:updateAndGet(143)) - 6bac59a6-6e96-4b6d-a78d-651c0bed005c: start FollowerState
2019-08-23 17:38:14,300 [85e641fa-5017-4198-8052-eafab442e101:group-A2AF128F6104:LeaderElection71] INFO  impl.RoleInfo (RoleInfo.java:shutdownLeaderElection(134)) - 85e641fa-5017-4198-8052-eafab442e101: shutdown LeaderElection
2019-08-23 17:38:14,300 [85e641fa-5017-4198-8052-eafab442e101:group-A2AF128F6104:LeaderElection71] INFO  impl.RoleInfo (RoleInfo.java:updateAndGet(143)) - 85e641fa-5017-4198-8052-eafab442e101: start FollowerState
2019-08-23 17:38:14,304 [grpc-default-executor-6] INFO  client.GrpcClientProtocolClient (GrpcClientProtocolClient.java:onNext(255)) - client-55D135844321->12ec41bc-15f8-4651-8725-e0a5649e7d04: receive RaftClientReply:client-55D135844321->12ec41bc-15f8-4651-8725-e0a5649e7d04@group-768E427EC958, cid=176, FAILED org.apache.ratis.protocol.NotLeaderException: Server 12ec41bc-15f8-4651-8725-e0a5649e7d04 is not the leader (a5ccefe7-6527-4c8b-8ee9-d8dc1719327d:192.168.5.164:45236). Request must be sent to leader., logIndex=0, commits[12ec41bc-15f8-4651-8725-e0a5649e7d04:c-1, af295c0c-cf39-49e0-b1b6-91e795e968f5:c-1, a5ccefe7-6527-4c8b-8ee9-d8dc1719327d:c-1]
2019-08-23 17:38:14,308 | INFO  | SCMAudit | user=jenkins1000 | ip=192.168.5.164 | op=SEND_HEARTBEAT {datanodeUUID=12ec41bc-15f8-4651-8725-e0a5649e7d04, command=[]} | ret=SUCCESS |  
2019-08-23 17:38:14,335 [Thread-3541] INFO  impl.FollowerState (FollowerState.java:run(106)) - dc82463a-faf1-47ee-884f-ca1185c16136:group-4F87B5CA6811 changes to CANDIDATE, lastRpcTime:5107, electionTimeout:5107ms
2019-08-23 17:38:14,335 [Thread-3541] INFO  impl.RoleInfo (RoleInfo.java:shutdownFollowerState(121)) - dc82463a-faf1-47ee-884f-ca1185c16136: shutdown FollowerState
2019-08-23 17:38:14,335 [Thread-3541] INFO  impl.RaftServerImpl (RaftServerImpl.java:setRole(171)) - dc82463a-faf1-47ee-884f-ca1185c16136:group-4F87B5CA6811 changes role from FOLLOWER to CANDIDATE at term 0 for changeToCandidate
2019-08-23 17:38:14,335 [Thread-3541] INFO  impl.RoleInfo (RoleInfo.java:updateAndGet(143)) - dc82463a-faf1-47ee-884f-ca1185c16136: start LeaderElection
2019-08-23 17:38:14,343 [dc82463a-faf1-47ee-884f-ca1185c16136:group-4F87B5CA6811:LeaderElection72] INFO  impl.LeaderElection (LeaderElection.java:askForVotes(181)) - dc82463a-faf1-47ee-884f-ca1185c16136:group-4F87B5CA6811:LeaderElection72: begin an election at term 1 for -1: [dc82463a-faf1-47ee-884f-ca1185c16136:192.168.5.164:33077], old=null
2019-08-23 17:38:14,343 [dc82463a-faf1-47ee-884f-ca1185c16136:group-4F87B5CA6811:LeaderElection72] INFO  impl.RoleInfo (RoleInfo.java:shutdownLeaderElection(134)) - dc82463a-faf1-47ee-884f-ca1185c16136: shutdown LeaderElection
2019-08-23 17:38:14,343 [dc82463a-faf1-47ee-884f-ca1185c16136:group-4F87B5CA6811:LeaderElection72] INFO  impl.RaftServerImpl (RaftServerImpl.java:setRole(171)) - dc82463a-faf1-47ee-884f-ca1185c16136:group-4F87B5CA6811 changes role from CANDIDATE to LEADER at term 1 for changeToLeader
2019-08-23 17:38:14,343 [dc82463a-faf1-47ee-884f-ca1185c16136:group-4F87B5CA6811:LeaderElection72] INFO  impl.RaftServerImpl (ServerState.java:setLeader(263)) - dc82463a-faf1-47ee-884f-ca1185c16136:group-4F87B5CA6811 change Leader from null to dc82463a-faf1-47ee-884f-ca1185c16136 at term 1 for becomeLeader, leader elected after 5119ms
2019-08-23 17:38:14,343 [dc82463a-faf1-47ee-884f-ca1185c16136:group-4F87B5CA6811:LeaderElection72] INFO  server.RaftServerConfigKeys (ConfUtils.java:logGet(43)) - raft.server.staging.catchup.gap = 1000 (default)
2019-08-23 17:38:14,344 [dc82463a-faf1-47ee-884f-ca1185c16136:group-4F87B5CA6811:LeaderElection72] INFO  server.RaftServerConfigKeys (ConfUtils.java:logGet(43)) - raft.server.rpc.sleep.time = 25ms (default)
2019-08-23 17:38:14,344 [dc82463a-faf1-47ee-884f-ca1185c16136:group-4F87B5CA6811:LeaderElection72] INFO  server.RaftServerConfigKeys (ConfUtils.java:logGet(43)) - raft.server.write.element-limit = 4096 (default)
2019-08-23 17:38:14,344 [dc82463a-faf1-47ee-884f-ca1185c16136:group-4F87B5CA6811:LeaderElection72] INFO  server.RaftServerConfigKeys (ConfUtils.java:logGet(43)) - raft.server.watch.timeout = 10s (default)
2019-08-23 17:38:14,344 [dc82463a-faf1-47ee-884f-ca1185c16136:group-4F87B5CA6811:LeaderElection72] INFO  server.RaftServerConfigKeys (ConfUtils.java:logGet(43)) - raft.server.watch.timeout.denomination = 1s (default)
2019-08-23 17:38:14,344 [dc82463a-faf1-47ee-884f-ca1185c16136:group-4F87B5CA6811:LeaderElection72] INFO  server.RaftServerConfigKeys (ConfUtils.java:logGet(43)) - raft.server.watch.element-limit = 65536 (default)
2019-08-23 17:38:14,345 [dc82463a-faf1-47ee-884f-ca1185c16136:group-4F87B5CA6811:LeaderElection72] INFO  impl.RoleInfo (RoleInfo.java:updateAndGet(143)) - dc82463a-faf1-47ee-884f-ca1185c16136: start LeaderState
2019-08-23 17:38:14,345 [dc82463a-faf1-47ee-884f-ca1185c16136:group-4F87B5CA6811:LeaderElection72] INFO  segmented.SegmentedRaftLogWorker (SegmentedRaftLogWorker.java:startLogSegment(380)) - dc82463a-faf1-47ee-884f-ca1185c16136-SegmentedRaftLogWorker:Storage Directory /workdir/hadoop-ozone/integration-test/target/test-dir/MiniOzoneClusterImpl-cabca72f-823b-48bd-9dbb-41083dd38152/datanode-6/data/ratis/decfa574-2433-4e34-a325-4f87b5ca6811: Starting segment from index:0
2019-08-23 17:38:14,346 [dc82463a-faf1-47ee-884f-ca1185c16136:group-4F87B5CA6811:LeaderElection72] INFO  impl.RaftServerImpl (ServerState.java:setRaftConf(361)) - dc82463a-faf1-47ee-884f-ca1185c16136:group-4F87B5CA6811 set configuration 0: [dc82463a-faf1-47ee-884f-ca1185c16136:192.168.5.164:33077], old=null at 0
2019-08-23 17:38:14,382 [dc82463a-faf1-47ee-884f-ca1185c16136-SegmentedRaftLogWorker:Storage Directory /workdir/hadoop-ozone/integration-test/target/test-dir/MiniOzoneClusterImpl-cabca72f-823b-48bd-9dbb-41083dd38152/datanode-6/data/ratis/decfa574-2433-4e34-a325-4f87b5ca6811] INFO  segmented.SegmentedRaftLogWorker (SegmentedRaftLogWorker.java:execute(569)) - dc82463a-faf1-47ee-884f-ca1185c16136-SegmentedRaftLogWorker:Storage Directory /workdir/hadoop-ozone/integration-test/target/test-dir/MiniOzoneClusterImpl-cabca72f-823b-48bd-9dbb-41083dd38152/datanode-6/data/ratis/decfa574-2433-4e34-a325-4f87b5ca6811: created new log segment /workdir/hadoop-ozone/integration-test/target/test-dir/MiniOzoneClusterImpl-cabca72f-823b-48bd-9dbb-41083dd38152/datanode-6/data/ratis/decfa574-2433-4e34-a325-4f87b5ca6811/current/log_inprogress_0
2019-08-23 17:38:14,384 | INFO  | SCMAudit | user=jenkins1000 | ip=192.168.5.164 | op=SEND_HEARTBEAT {datanodeUUID=a5ccefe7-6527-4c8b-8ee9-d8dc1719327d, command=[]} | ret=SUCCESS |  
2019-08-23 17:38:14,384 | INFO  | DNAudit | user=null | ip=null | op=WRITE_CHUNK {blockData=conID: 1 locID: 102667510758768654 bcsId: 0} | ret=SUCCESS |  
2019-08-23 17:38:14,384 | INFO  | DNAudit | user=null | ip=null | op=WRITE_CHUNK {blockData=conID: 1 locID: 102667510758768654 bcsId: 0} | ret=SUCCESS |  
2019-08-23 17:38:14,384 | INFO  | SCMAudit | user=jenkins1000 | ip=192.168.5.164 | op=SEND_HEARTBEAT {datanodeUUID=12ec41bc-15f8-4651-8725-e0a5649e7d04, command=[]} | ret=SUCCESS |  
2019-08-23 17:38:14,399 | INFO  | DNAudit | user=null | ip=null | op=WRITE_CHUNK {blockData=conID: 1 locID: 102667510758768654 bcsId: 0} | ret=SUCCESS |  
2019-08-23 17:38:14,399 | INFO  | DNAudit | user=null | ip=null | op=WRITE_CHUNK {blockData=conID: 1 locID: 102667510758768654 bcsId: 0} | ret=SUCCESS |  
2019-08-23 17:38:14,400 | INFO  | SCMAudit | user=jenkins1000 | ip=192.168.5.164 | op=SEND_HEARTBEAT {datanodeUUID=af295c0c-cf39-49e0-b1b6-91e795e968f5, command=[]} | ret=SUCCESS |  
2019-08-23 17:38:14,403 [grpc-default-executor-6] INFO  client.GrpcClientProtocolClient (GrpcClientProtocolClient.java:onNext(255)) - client-55D135844321->a5ccefe7-6527-4c8b-8ee9-d8dc1719327d: receive RaftClientReply:client-55D135844321->a5ccefe7-6527-4c8b-8ee9-d8dc1719327d@group-768E427EC958, cid=176, SUCCESS, logIndex=1, commits[a5ccefe7-6527-4c8b-8ee9-d8dc1719327d:c1, af295c0c-cf39-49e0-b1b6-91e795e968f5:c-1, 12ec41bc-15f8-4651-8725-e0a5649e7d04:c0]
2019-08-23 17:38:14,408 | INFO  | DNAudit | user=null | ip=null | op=WRITE_CHUNK {blockData=conID: 1 locID: 102667510758768654 bcsId: 0} | ret=SUCCESS |  
2019-08-23 17:38:14,409 | INFO  | DNAudit | user=null | ip=null | op=WRITE_CHUNK {blockData=conID: 1 locID: 102667510758768654 bcsId: 0} | ret=SUCCESS |  
2019-08-23 17:38:14,409 | INFO  | DNAudit | user=null | ip=null | op=WRITE_CHUNK {blockData=conID: 1 locID: 102667510758768654 bcsId: 0} | ret=SUCCESS |  
2019-08-23 17:38:14,410 | INFO  | DNAudit | user=null | ip=null | op=WRITE_CHUNK {blockData=conID: 1 locID: 102667510758768654 bcsId: 0} | ret=SUCCESS |  
2019-08-23 17:38:14,410 | INFO  | DNAudit | user=null | ip=null | op=WRITE_CHUNK {blockData=conID: 1 locID: 102667510758768654 bcsId: 0} | ret=SUCCESS |  
2019-08-23 17:38:14,411 | INFO  | DNAudit | user=null | ip=null | op=WRITE_CHUNK {blockData=conID: 1 locID: 102667510758768654 bcsId: 0} | ret=SUCCESS |  
2019-08-23 17:38:14,411 | INFO  | DNAudit | user=null | ip=null | op=WRITE_CHUNK {blockData=conID: 1 locID: 102667510758768654 bcsId: 0} | ret=SUCCESS |  
2019-08-23 17:38:14,412 | INFO  | DNAudit | user=null | ip=null | op=WRITE_CHUNK {blockData=conID: 1 locID: 102667510758768654 bcsId: 0} | ret=SUCCESS |  
2019-08-23 17:38:14,412 | INFO  | DNAudit | user=null | ip=null | op=WRITE_CHUNK {blockData=conID: 1 locID: 102667510758768654 bcsId: 0} | ret=SUCCESS |  
2019-08-23 17:38:14,412 | INFO  | DNAudit | user=null | ip=null | op=WRITE_CHUNK {blockData=conID: 1 locID: 102667510758768654 bcsId: 0} | ret=SUCCESS |  
2019-08-23 17:38:14,413 | INFO  | DNAudit | user=null | ip=null | op=WRITE_CHUNK {blockData=conID: 1 locID: 102667510758768654 bcsId: 0} | ret=SUCCESS |  
2019-08-23 17:38:14,415 | INFO  | DNAudit | user=null | ip=null | op=WRITE_CHUNK {blockData=conID: 1 locID: 102667510758768654 bcsId: 0} | ret=SUCCESS |  
2019-08-23 17:38:14,421 | INFO  | DNAudit | user=null | ip=null | op=WRITE_CHUNK {blockData=conID: 1 locID: 102667510758768654 bcsId: 0} | ret=SUCCESS |  
2019-08-23 17:38:14,421 | INFO  | DNAudit | user=null | ip=null | op=WRITE_CHUNK {blockData=conID: 1 locID: 102667510758768654 bcsId: 0} | ret=SUCCESS |  
2019-08-23 17:38:14,421 [grpc-default-executor-1] INFO  client.GrpcClientProtocolClient (GrpcClientProtocolClient.java:onNext(255)) - client-55D135844321->a5ccefe7-6527-4c8b-8ee9-d8dc1719327d: receive RaftClientReply:client-55D135844321->a5ccefe7-6527-4c8b-8ee9-d8dc1719327d@group-768E427EC958, cid=177, SUCCESS, logIndex=3, commits[a5ccefe7-6527-4c8b-8ee9-d8dc1719327d:c5, af295c0c-cf39-49e0-b1b6-91e795e968f5:c1, 12ec41bc-15f8-4651-8725-e0a5649e7d04:c1]
2019-08-23 17:38:14,447 | INFO  | DNAudit | user=null | ip=null | op=PUT_BLOCK {blockData=[blockId=conID: 1 locID: 102667510758768654 bcsId: 0,size=200]} | ret=SUCCESS |  
2019-08-23 17:38:14,447 | INFO  | DNAudit | user=null | ip=null | op=WRITE_CHUNK {blockData=conID: 1 locID: 102667510758768654 bcsId: 0} | ret=SUCCESS |  
2019-08-23 17:38:14,448 | INFO  | DNAudit | user=null | ip=null | op=WRITE_CHUNK {blockData=conID: 1 locID: 102667510758768654 bcsId: 0} | ret=SUCCESS |  
2019-08-23 17:38:14,448 [grpc-default-executor-1] INFO  client.GrpcClientProtocolClient (GrpcClientProtocolClient.java:onNext(255)) - client-55D135844321->a5ccefe7-6527-4c8b-8ee9-d8dc1719327d: receive RaftClientReply:client-55D135844321->a5ccefe7-6527-4c8b-8ee9-d8dc1719327d@group-768E427EC958, cid=178, SUCCESS, logIndex=4, commits[a5ccefe7-6527-4c8b-8ee9-d8dc1719327d:c12, af295c0c-cf39-49e0-b1b6-91e795e968f5:c7, 12ec41bc-15f8-4651-8725-e0a5649e7d04:c7]
2019-08-23 17:38:14,449 [grpc-default-executor-1] INFO  client.GrpcClientProtocolClient (GrpcClientProtocolClient.java:onNext(255)) - client-55D135844321->a5ccefe7-6527-4c8b-8ee9-d8dc1719327d: receive RaftClientReply:client-55D135844321->a5ccefe7-6527-4c8b-8ee9-d8dc1719327d@group-768E427EC958, cid=179, SUCCESS, logIndex=5, commits[a5ccefe7-6527-4c8b-8ee9-d8dc1719327d:c12, af295c0c-cf39-49e0-b1b6-91e795e968f5:c7, 12ec41bc-15f8-4651-8725-e0a5649e7d04:c7]
2019-08-23 17:38:14,449 [grpc-default-executor-1] INFO  client.GrpcClientProtocolClient (GrpcClientProtocolClient.java:onNext(255)) - client-55D135844321->a5ccefe7-6527-4c8b-8ee9-d8dc1719327d: receive RaftClientReply:client-55D135844321->a5ccefe7-6527-4c8b-8ee9-d8dc1719327d@group-768E427EC958, cid=180, SUCCESS, logIndex=6, commits[a5ccefe7-6527-4c8b-8ee9-d8dc1719327d:c12, af295c0c-cf39-49e0-b1b6-91e795e968f5:c7, 12ec41bc-15f8-4651-8725-e0a5649e7d04:c7]
2019-08-23 17:38:14,470 | INFO  | DNAudit | user=null | ip=null | op=PUT_BLOCK {blockData=[blockId=conID: 1 locID: 102667510758768654 bcsId: 0,size=200]} | ret=SUCCESS |  
2019-08-23 17:38:14,470 | INFO  | DNAudit | user=null | ip=null | op=WRITE_CHUNK {blockData=conID: 1 locID: 102667510758768654 bcsId: 0} | ret=SUCCESS |  
2019-08-23 17:38:14,471 | INFO  | DNAudit | user=null | ip=null | op=WRITE_CHUNK {blockData=conID: 1 locID: 102667510758768654 bcsId: 0} | ret=SUCCESS |  
2019-08-23 17:38:14,518 | INFO  | DNAudit | user=null | ip=null | op=PUT_BLOCK {blockData=[blockId=conID: 1 locID: 102667510758768654 bcsId: 0,size=400]} | ret=SUCCESS |  
2019-08-23 17:38:14,518 | INFO  | DNAudit | user=null | ip=null | op=PUT_BLOCK {blockData=[blockId=conID: 1 locID: 102667510758768654 bcsId: 0,size=400]} | ret=SUCCESS |  
2019-08-23 17:38:14,518 | INFO  | DNAudit | user=null | ip=null | op=PUT_BLOCK {blockData=[blockId=conID: 1 locID: 102667510758768654 bcsId: 0,size=200]} | ret=SUCCESS |  
2019-08-23 17:38:14,519 | INFO  | DNAudit | user=null | ip=null | op=WRITE_CHUNK {blockData=conID: 1 locID: 102667510758768654 bcsId: 0} | ret=SUCCESS |  
2019-08-23 17:38:14,520 | INFO  | DNAudit | user=null | ip=null | op=WRITE_CHUNK {blockData=conID: 1 locID: 102667510758768654 bcsId: 0} | ret=SUCCESS |  
2019-08-23 17:38:14,520 [grpc-default-executor-1] INFO  client.GrpcClientProtocolClient (GrpcClientProtocolClient.java:onNext(255)) - client-55D135844321->a5ccefe7-6527-4c8b-8ee9-d8dc1719327d: receive RaftClientReply:client-55D135844321->a5ccefe7-6527-4c8b-8ee9-d8dc1719327d@group-768E427EC958, cid=181, SUCCESS, logIndex=7, commits[a5ccefe7-6527-4c8b-8ee9-d8dc1719327d:c12, af295c0c-cf39-49e0-b1b6-91e795e968f5:c7, 12ec41bc-15f8-4651-8725-e0a5649e7d04:c7]
2019-08-23 17:38:14,528 | INFO  | DNAudit | user=null | ip=null | op=PUT_BLOCK {blockData=[blockId=conID: 1 locID: 102667510758768654 bcsId: 0,size=400]} | ret=SUCCESS |  
2019-08-23 17:38:14,531 | INFO  | DNAudit | user=null | ip=null | op=WRITE_CHUNK {blockData=conID: 1 locID: 102667510758768654 bcsId: 7} | ret=SUCCESS |  
2019-08-23 17:38:14,532 | INFO  | DNAudit | user=null | ip=null | op=WRITE_CHUNK {blockData=conID: 1 locID: 102667510758768654 bcsId: 7} | ret=SUCCESS |  
2019-08-23 17:38:14,532 | INFO  | DNAudit | user=null | ip=null | op=WRITE_CHUNK {blockData=conID: 1 locID: 102667510758768654 bcsId: 7} | ret=SUCCESS |  
2019-08-23 17:38:14,545 | INFO  | DNAudit | user=null | ip=null | op=WRITE_CHUNK {blockData=conID: 1 locID: 102667510758768654 bcsId: 7} | ret=SUCCESS |  
2019-08-23 17:38:14,546 | INFO  | DNAudit | user=null | ip=null | op=PUT_BLOCK {blockData=[blockId=conID: 1 locID: 102667510758768654 bcsId: 0,size=450]} | ret=SUCCESS |  
2019-08-23 17:38:14,546 [grpc-default-executor-1] INFO  client.GrpcClientProtocolClient (GrpcClientProtocolClient.java:onNext(255)) - client-55D135844321->a5ccefe7-6527-4c8b-8ee9-d8dc1719327d: receive RaftClientReply:client-55D135844321->a5ccefe7-6527-4c8b-8ee9-d8dc1719327d@group-768E427EC958, cid=182, SUCCESS, logIndex=13, commits[a5ccefe7-6527-4c8b-8ee9-d8dc1719327d:c14, af295c0c-cf39-49e0-b1b6-91e795e968f5:c7, 12ec41bc-15f8-4651-8725-e0a5649e7d04:c12]
2019-08-23 17:38:14,547 [grpc-default-executor-1] INFO  client.GrpcClientProtocolClient (GrpcClientProtocolClient.java:onNext(255)) - client-55D135844321->a5ccefe7-6527-4c8b-8ee9-d8dc1719327d: receive RaftClientReply:client-55D135844321->a5ccefe7-6527-4c8b-8ee9-d8dc1719327d@group-768E427EC958, cid=183, SUCCESS, logIndex=14, commits[a5ccefe7-6527-4c8b-8ee9-d8dc1719327d:c14, af295c0c-cf39-49e0-b1b6-91e795e968f5:c7, 12ec41bc-15f8-4651-8725-e0a5649e7d04:c12]
2019-08-23 17:38:14,548 | INFO  | SCMAudit | user=jenkins1000 | ip=192.168.5.164 | op=SEND_HEARTBEAT {datanodeUUID=3c4b984b-57f4-4c80-8be3-09d942f0ab46, command=[]} | ret=SUCCESS |  
2019-08-23 17:38:14,557 | INFO  | DNAudit | user=null | ip=null | op=WRITE_CHUNK {blockData=conID: 1 locID: 102667510758768654 bcsId: 7} | ret=SUCCESS |  
2019-08-23 17:38:14,557 | INFO  | DNAudit | user=null | ip=null | op=WRITE_CHUNK {blockData=conID: 1 locID: 102667510758768654 bcsId: 7} | ret=SUCCESS |  
2019-08-23 17:38:14,563 | INFO  | DNAudit | user=null | ip=null | op=PUT_BLOCK {blockData=[blockId=conID: 1 locID: 102667510758768654 bcsId: 0,size=450]} | ret=SUCCESS |  
2019-08-23 17:38:14,563 | INFO  | DNAudit | user=null | ip=null | op=PUT_BLOCK {blockData=[blockId=conID: 1 locID: 102667510758768654 bcsId: 0,size=450]} | ret=SUCCESS |  
2019-08-23 17:38:14,564 [grpc-default-executor-6] INFO  client.GrpcClientProtocolClient (GrpcClientProtocolClient.java:onNext(255)) - client-55D135844321->a5ccefe7-6527-4c8b-8ee9-d8dc1719327d: receive RaftClientReply:client-55D135844321->a5ccefe7-6527-4c8b-8ee9-d8dc1719327d@group-768E427EC958, cid=184, SUCCESS, logIndex=0, commits[a5ccefe7-6527-4c8b-8ee9-d8dc1719327d:c15, af295c0c-cf39-49e0-b1b6-91e795e968f5:c14, 12ec41bc-15f8-4651-8725-e0a5649e7d04:c14]
2019-08-23 17:38:14,565 [main] INFO  datanode.ObjectStoreHandler (ObjectStoreHandler.java:close(155)) - Closing ObjectStoreHandler.
2019-08-23 17:38:14,566 [main] INFO  ozone.HddsDatanodeService (HddsDatanodeService.java:stop(451)) - Stopped plug-in org.apache.hadoop.ozone.web.OzoneHddsDatanodeService@1f13eabb
2019-08-23 17:38:14,793 | INFO  | SCMAudit | user=jenkins1000 | ip=192.168.5.164 | op=SEND_HEARTBEAT {datanodeUUID=85e641fa-5017-4198-8052-eafab442e101, command=[]} | ret=SUCCESS |  
2019-08-23 17:38:14,999 | INFO  | SCMAudit | user=jenkins1000 | ip=192.168.5.164 | op=SEND_HEARTBEAT {datanodeUUID=6bac59a6-6e96-4b6d-a78d-651c0bed005c, command=[]} | ret=SUCCESS |  
2019-08-23 17:38:15,177 | INFO  | SCMAudit | user=jenkins1000 | ip=192.168.5.164 | op=SEND_HEARTBEAT {datanodeUUID=dc82463a-faf1-47ee-884f-ca1185c16136, command=[]} | ret=SUCCESS |  
2019-08-23 17:38:15,385 | INFO  | SCMAudit | user=jenkins1000 | ip=192.168.5.164 | op=SEND_HEARTBEAT {datanodeUUID=a5ccefe7-6527-4c8b-8ee9-d8dc1719327d, command=[]} | ret=SUCCESS |  
2019-08-23 17:38:15,385 | INFO  | SCMAudit | user=jenkins1000 | ip=192.168.5.164 | op=SEND_HEARTBEAT {datanodeUUID=12ec41bc-15f8-4651-8725-e0a5649e7d04, command=[]} | ret=SUCCESS |  
2019-08-23 17:38:15,399 [Datanode State Machine Thread - 0] INFO  statemachine.DatanodeStateMachine (DatanodeStateMachine.java:lambda$startDaemon$0(350)) - Ozone container server started.
2019-08-23 17:38:15,548 | INFO  | SCMAudit | user=jenkins1000 | ip=192.168.5.164 | op=SEND_HEARTBEAT {datanodeUUID=3c4b984b-57f4-4c80-8be3-09d942f0ab46, command=[]} | ret=SUCCESS |  
2019-08-23 17:38:15,793 | INFO  | SCMAudit | user=jenkins1000 | ip=192.168.5.164 | op=SEND_HEARTBEAT {datanodeUUID=85e641fa-5017-4198-8052-eafab442e101, command=[]} | ret=SUCCESS |  
2019-08-23 17:38:15,999 | INFO  | SCMAudit | user=jenkins1000 | ip=192.168.5.164 | op=SEND_HEARTBEAT {datanodeUUID=6bac59a6-6e96-4b6d-a78d-651c0bed005c, command=[]} | ret=SUCCESS |  
2019-08-23 17:38:16,177 | INFO  | SCMAudit | user=jenkins1000 | ip=192.168.5.164 | op=SEND_HEARTBEAT {datanodeUUID=dc82463a-faf1-47ee-884f-ca1185c16136, command=[]} | ret=SUCCESS |  
2019-08-23 17:38:16,385 | INFO  | SCMAudit | user=jenkins1000 | ip=192.168.5.164 | op=SEND_HEARTBEAT {datanodeUUID=a5ccefe7-6527-4c8b-8ee9-d8dc1719327d, command=[]} | ret=SUCCESS |  
2019-08-23 17:38:16,385 | INFO  | SCMAudit | user=jenkins1000 | ip=192.168.5.164 | op=SEND_HEARTBEAT {datanodeUUID=12ec41bc-15f8-4651-8725-e0a5649e7d04, command=[]} | ret=SUCCESS |  
2019-08-23 17:38:16,548 | INFO  | SCMAudit | user=jenkins1000 | ip=192.168.5.164 | op=SEND_HEARTBEAT {datanodeUUID=3c4b984b-57f4-4c80-8be3-09d942f0ab46, command=[]} | ret=SUCCESS |  
2019-08-23 17:38:16,793 | INFO  | SCMAudit | user=jenkins1000 | ip=192.168.5.164 | op=SEND_HEARTBEAT {datanodeUUID=85e641fa-5017-4198-8052-eafab442e101, command=[]} | ret=SUCCESS |  
2019-08-23 17:38:16,999 | INFO  | SCMAudit | user=jenkins1000 | ip=192.168.5.164 | op=SEND_HEARTBEAT {datanodeUUID=6bac59a6-6e96-4b6d-a78d-651c0bed005c, command=[]} | ret=SUCCESS |  
2019-08-23 17:38:17,177 | INFO  | SCMAudit | user=jenkins1000 | ip=192.168.5.164 | op=SEND_HEARTBEAT {datanodeUUID=dc82463a-faf1-47ee-884f-ca1185c16136, command=[]} | ret=SUCCESS |  
2019-08-23 17:38:17,385 | INFO  | SCMAudit | user=jenkins1000 | ip=192.168.5.164 | op=SEND_HEARTBEAT {datanodeUUID=a5ccefe7-6527-4c8b-8ee9-d8dc1719327d, command=[]} | ret=SUCCESS |  
2019-08-23 17:38:17,385 | INFO  | SCMAudit | user=jenkins1000 | ip=192.168.5.164 | op=SEND_HEARTBEAT {datanodeUUID=12ec41bc-15f8-4651-8725-e0a5649e7d04, command=[]} | ret=SUCCESS |  
2019-08-23 17:38:17,549 | INFO  | SCMAudit | user=jenkins1000 | ip=192.168.5.164 | op=SEND_HEARTBEAT {datanodeUUID=3c4b984b-57f4-4c80-8be3-09d942f0ab46, command=[]} | ret=SUCCESS |  
2019-08-23 17:38:17,793 | INFO  | SCMAudit | user=jenkins1000 | ip=192.168.5.164 | op=SEND_HEARTBEAT {datanodeUUID=85e641fa-5017-4198-8052-eafab442e101, command=[]} | ret=SUCCESS |  
2019-08-23 17:38:17,999 | INFO  | SCMAudit | user=jenkins1000 | ip=192.168.5.164 | op=SEND_HEARTBEAT {datanodeUUID=6bac59a6-6e96-4b6d-a78d-651c0bed005c, command=[]} | ret=SUCCESS |  
2019-08-23 17:38:18,177 | INFO  | SCMAudit | user=jenkins1000 | ip=192.168.5.164 | op=SEND_HEARTBEAT {datanodeUUID=dc82463a-faf1-47ee-884f-ca1185c16136, command=[]} | ret=SUCCESS |  
2019-08-23 17:38:18,385 | INFO  | SCMAudit | user=jenkins1000 | ip=192.168.5.164 | op=SEND_HEARTBEAT {datanodeUUID=a5ccefe7-6527-4c8b-8ee9-d8dc1719327d, command=[]} | ret=SUCCESS |  
2019-08-23 17:38:18,385 | INFO  | SCMAudit | user=jenkins1000 | ip=192.168.5.164 | op=SEND_HEARTBEAT {datanodeUUID=12ec41bc-15f8-4651-8725-e0a5649e7d04, command=[]} | ret=SUCCESS |  
2019-08-23 17:38:18,549 | INFO  | SCMAudit | user=jenkins1000 | ip=192.168.5.164 | op=SEND_HEARTBEAT {datanodeUUID=3c4b984b-57f4-4c80-8be3-09d942f0ab46, command=[]} | ret=SUCCESS |  
2019-08-23 17:38:18,794 | INFO  | SCMAudit | user=jenkins1000 | ip=192.168.5.164 | op=SEND_HEARTBEAT {datanodeUUID=85e641fa-5017-4198-8052-eafab442e101, command=[]} | ret=SUCCESS |  
2019-08-23 17:38:18,999 | INFO  | SCMAudit | user=jenkins1000 | ip=192.168.5.164 | op=SEND_HEARTBEAT {datanodeUUID=6bac59a6-6e96-4b6d-a78d-651c0bed005c, command=[]} | ret=SUCCESS |  
2019-08-23 17:38:19,177 | INFO  | SCMAudit | user=jenkins1000 | ip=192.168.5.164 | op=SEND_HEARTBEAT {datanodeUUID=dc82463a-faf1-47ee-884f-ca1185c16136, command=[]} | ret=SUCCESS |  
2019-08-23 17:38:19,349 [Thread-3596] INFO  impl.FollowerState (FollowerState.java:run(106)) - 6bac59a6-6e96-4b6d-a78d-651c0bed005c:group-A2AF128F6104 changes to CANDIDATE, lastRpcTime:5049, electionTimeout:5049ms
2019-08-23 17:38:19,350 [Thread-3596] INFO  impl.RoleInfo (RoleInfo.java:shutdownFollowerState(121)) - 6bac59a6-6e96-4b6d-a78d-651c0bed005c: shutdown FollowerState
2019-08-23 17:38:19,350 [Thread-3596] INFO  impl.RaftServerImpl (RaftServerImpl.java:setRole(171)) - 6bac59a6-6e96-4b6d-a78d-651c0bed005c:group-A2AF128F6104 changes role from FOLLOWER to CANDIDATE at term 1 for changeToCandidate
2019-08-23 17:38:19,350 [Thread-3596] INFO  impl.RoleInfo (RoleInfo.java:updateAndGet(143)) - 6bac59a6-6e96-4b6d-a78d-651c0bed005c: start LeaderElection
2019-08-23 17:38:19,357 [Thread-3594] INFO  impl.FollowerState (FollowerState.java:run(106)) - 3c4b984b-57f4-4c80-8be3-09d942f0ab46:group-A2AF128F6104 changes to CANDIDATE, lastRpcTime:5063, electionTimeout:5063ms
2019-08-23 17:38:19,357 [Thread-3594] INFO  impl.RoleInfo (RoleInfo.java:shutdownFollowerState(121)) - 3c4b984b-57f4-4c80-8be3-09d942f0ab46: shutdown FollowerState
2019-08-23 17:38:19,357 [Thread-3594] INFO  impl.RaftServerImpl (RaftServerImpl.java:setRole(171)) - 3c4b984b-57f4-4c80-8be3-09d942f0ab46:group-A2AF128F6104 changes role from FOLLOWER to CANDIDATE at term 1 for changeToCandidate
2019-08-23 17:38:19,358 [Thread-3594] INFO  impl.RoleInfo (RoleInfo.java:updateAndGet(143)) - 3c4b984b-57f4-4c80-8be3-09d942f0ab46: start LeaderElection
2019-08-23 17:38:19,370 [6bac59a6-6e96-4b6d-a78d-651c0bed005c:group-A2AF128F6104:LeaderElection73] INFO  impl.LeaderElection (LeaderElection.java:askForVotes(181)) - 6bac59a6-6e96-4b6d-a78d-651c0bed005c:group-A2AF128F6104:LeaderElection73: begin an election at term 2 for -1: [6bac59a6-6e96-4b6d-a78d-651c0bed005c:192.168.5.164:45735, 3c4b984b-57f4-4c80-8be3-09d942f0ab46:192.168.5.164:43511, 85e641fa-5017-4198-8052-eafab442e101:192.168.5.164:39342], old=null
2019-08-23 17:38:19,370 [3c4b984b-57f4-4c80-8be3-09d942f0ab46:group-A2AF128F6104:LeaderElection74] INFO  impl.LeaderElection (LeaderElection.java:askForVotes(181)) - 3c4b984b-57f4-4c80-8be3-09d942f0ab46:group-A2AF128F6104:LeaderElection74: begin an election at term 2 for -1: [6bac59a6-6e96-4b6d-a78d-651c0bed005c:192.168.5.164:45735, 3c4b984b-57f4-4c80-8be3-09d942f0ab46:192.168.5.164:43511, 85e641fa-5017-4198-8052-eafab442e101:192.168.5.164:39342], old=null
2019-08-23 17:38:19,375 [grpc-default-executor-1] INFO  impl.RaftServerImpl (RaftServerImpl.java:setRole(171)) - 85e641fa-5017-4198-8052-eafab442e101:group-A2AF128F6104 changes role from FOLLOWER to FOLLOWER at term 2 for recognizeCandidate:3c4b984b-57f4-4c80-8be3-09d942f0ab46
2019-08-23 17:38:19,375 [grpc-default-executor-1] INFO  impl.RoleInfo (RoleInfo.java:shutdownFollowerState(121)) - 85e641fa-5017-4198-8052-eafab442e101: shutdown FollowerState
2019-08-23 17:38:19,375 [grpc-default-executor-1] INFO  impl.RoleInfo (RoleInfo.java:updateAndGet(143)) - 85e641fa-5017-4198-8052-eafab442e101: start FollowerState
2019-08-23 17:38:19,375 [Thread-3597] INFO  impl.FollowerState (FollowerState.java:run(114)) - 85e641fa-5017-4198-8052-eafab442e101: FollowerState was interrupted: java.lang.InterruptedException: sleep interrupted
2019-08-23 17:38:19,385 | INFO  | SCMAudit | user=jenkins1000 | ip=192.168.5.164 | op=SEND_HEARTBEAT {datanodeUUID=12ec41bc-15f8-4651-8725-e0a5649e7d04, command=[]} | ret=SUCCESS |  
2019-08-23 17:38:19,386 | INFO  | SCMAudit | user=jenkins1000 | ip=192.168.5.164 | op=SEND_HEARTBEAT {datanodeUUID=a5ccefe7-6527-4c8b-8ee9-d8dc1719327d, command=[]} | ret=SUCCESS |  
2019-08-23 17:38:19,392 [3c4b984b-57f4-4c80-8be3-09d942f0ab46:group-A2AF128F6104:LeaderElection74] INFO  impl.LeaderElection (LeaderElection.java:logAndReturn(56)) - 3c4b984b-57f4-4c80-8be3-09d942f0ab46:group-A2AF128F6104:LeaderElection74: Election PASSED; received 2 response(s) [3c4b984b-57f4-4c80-8be3-09d942f0ab46<-6bac59a6-6e96-4b6d-a78d-651c0bed005c#0:FAIL-t2, 3c4b984b-57f4-4c80-8be3-09d942f0ab46<-85e641fa-5017-4198-8052-eafab442e101#0:OK-t2] and 0 exception(s); 3c4b984b-57f4-4c80-8be3-09d942f0ab46:t2, leader=null, voted=3c4b984b-57f4-4c80-8be3-09d942f0ab46, raftlog=3c4b984b-57f4-4c80-8be3-09d942f0ab46-SegmentedRaftLog:OPENED:c-1,f-1,i0, conf=-1: [6bac59a6-6e96-4b6d-a78d-651c0bed005c:192.168.5.164:45735, 3c4b984b-57f4-4c80-8be3-09d942f0ab46:192.168.5.164:43511, 85e641fa-5017-4198-8052-eafab442e101:192.168.5.164:39342], old=null
2019-08-23 17:38:19,392 [3c4b984b-57f4-4c80-8be3-09d942f0ab46:group-A2AF128F6104:LeaderElection74] INFO  impl.RoleInfo (RoleInfo.java:shutdownLeaderElection(134)) - 3c4b984b-57f4-4c80-8be3-09d942f0ab46: shutdown LeaderElection
2019-08-23 17:38:19,392 [6bac59a6-6e96-4b6d-a78d-651c0bed005c:group-A2AF128F6104:LeaderElection73] INFO  impl.LeaderElection (LeaderElection.java:logAndReturn(56)) - 6bac59a6-6e96-4b6d-a78d-651c0bed005c:group-A2AF128F6104:LeaderElection73: Election REJECTED; received 2 response(s) [6bac59a6-6e96-4b6d-a78d-651c0bed005c<-3c4b984b-57f4-4c80-8be3-09d942f0ab46#0:FAIL-t2, 6bac59a6-6e96-4b6d-a78d-651c0bed005c<-85e641fa-5017-4198-8052-eafab442e101#0:FAIL-t2] and 0 exception(s); 6bac59a6-6e96-4b6d-a78d-651c0bed005c:t2, leader=null, voted=6bac59a6-6e96-4b6d-a78d-651c0bed005c, raftlog=6bac59a6-6e96-4b6d-a78d-651c0bed005c-SegmentedRaftLog:OPENED:c-1,f-1,i0, conf=-1: [6bac59a6-6e96-4b6d-a78d-651c0bed005c:192.168.5.164:45735, 3c4b984b-57f4-4c80-8be3-09d942f0ab46:192.168.5.164:43511, 85e641fa-5017-4198-8052-eafab442e101:192.168.5.164:39342], old=null
2019-08-23 17:38:19,392 [3c4b984b-57f4-4c80-8be3-09d942f0ab46:group-A2AF128F6104:LeaderElection74] INFO  impl.RaftServerImpl (RaftServerImpl.java:setRole(171)) - 3c4b984b-57f4-4c80-8be3-09d942f0ab46:group-A2AF128F6104 changes role from CANDIDATE to LEADER at term 2 for changeToLeader
2019-08-23 17:38:19,393 [6bac59a6-6e96-4b6d-a78d-651c0bed005c:group-A2AF128F6104:LeaderElection73] INFO  impl.RaftServerImpl (RaftServerImpl.java:setRole(171)) - 6bac59a6-6e96-4b6d-a78d-651c0bed005c:group-A2AF128F6104 changes role from CANDIDATE to FOLLOWER at term 2 for DISCOVERED_A_NEW_TERM
2019-08-23 17:38:19,393 [3c4b984b-57f4-4c80-8be3-09d942f0ab46:group-A2AF128F6104:LeaderElection74] INFO  impl.RaftServerImpl (ServerState.java:setLeader(263)) - 3c4b984b-57f4-4c80-8be3-09d942f0ab46:group-A2AF128F6104 change Leader from null to 3c4b984b-57f4-4c80-8be3-09d942f0ab46 at term 2 for becomeLeader, leader elected after 10302ms
2019-08-23 17:38:19,393 [6bac59a6-6e96-4b6d-a78d-651c0bed005c:group-A2AF128F6104:LeaderElection73] INFO  impl.RoleInfo (RoleInfo.java:shutdownLeaderElection(134)) - 6bac59a6-6e96-4b6d-a78d-651c0bed005c: shutdown LeaderElection
2019-08-23 17:38:19,393 [3c4b984b-57f4-4c80-8be3-09d942f0ab46:group-A2AF128F6104:LeaderElection74] INFO  server.RaftServerConfigKeys (ConfUtils.java:logGet(43)) - raft.server.staging.catchup.gap = 1000 (default)
2019-08-23 17:38:19,393 [6bac59a6-6e96-4b6d-a78d-651c0bed005c:group-A2AF128F6104:LeaderElection73] INFO  impl.RoleInfo (RoleInfo.java:updateAndGet(143)) - 6bac59a6-6e96-4b6d-a78d-651c0bed005c: start FollowerState
2019-08-23 17:38:19,393 [3c4b984b-57f4-4c80-8be3-09d942f0ab46:group-A2AF128F6104:LeaderElection74] INFO  server.RaftServerConfigKeys (ConfUtils.java:logGet(43)) - raft.server.rpc.sleep.time = 25ms (default)
2019-08-23 17:38:19,394 [3c4b984b-57f4-4c80-8be3-09d942f0ab46:group-A2AF128F6104:LeaderElection74] INFO  server.RaftServerConfigKeys (ConfUtils.java:logGet(43)) - raft.server.write.element-limit = 4096 (default)
2019-08-23 17:38:19,394 [3c4b984b-57f4-4c80-8be3-09d942f0ab46:group-A2AF128F6104:LeaderElection74] INFO  server.RaftServerConfigKeys (ConfUtils.java:logGet(43)) - raft.server.watch.timeout = 10s (default)
2019-08-23 17:38:19,394 [3c4b984b-57f4-4c80-8be3-09d942f0ab46:group-A2AF128F6104:LeaderElection74] INFO  server.RaftServerConfigKeys (ConfUtils.java:logGet(43)) - raft.server.watch.timeout.denomination = 1s (default)
2019-08-23 17:38:19,394 [3c4b984b-57f4-4c80-8be3-09d942f0ab46:group-A2AF128F6104:LeaderElection74] INFO  server.RaftServerConfigKeys (ConfUtils.java:logGet(43)) - raft.server.watch.element-limit = 65536 (default)
2019-08-23 17:38:19,395 [3c4b984b-57f4-4c80-8be3-09d942f0ab46:group-A2AF128F6104:LeaderElection74] INFO  server.RaftServerConfigKeys (ConfUtils.java:logGet(43)) - raft.server.log.appender.snapshot.chunk.size.max = 16MB (=16777216) (default)
2019-08-23 17:38:19,395 [3c4b984b-57f4-4c80-8be3-09d942f0ab46:group-A2AF128F6104:LeaderElection74] INFO  server.RaftServerConfigKeys (ConfUtils.java:logGet(43)) - raft.server.log.appender.buffer.byte-limit = 33554432 (custom)
2019-08-23 17:38:19,395 [3c4b984b-57f4-4c80-8be3-09d942f0ab46:group-A2AF128F6104:LeaderElection74] INFO  server.RaftServerConfigKeys (ConfUtils.java:logGet(43)) - raft.server.log.appender.buffer.element-limit = 1 (custom)
2019-08-23 17:38:19,395 [3c4b984b-57f4-4c80-8be3-09d942f0ab46:group-A2AF128F6104:LeaderElection74] INFO  grpc.GrpcConfigKeys$Server (ConfUtils.java:logGet(43)) - raft.grpc.server.leader.outstanding.appends.max = 128 (default)
2019-08-23 17:38:19,396 [3c4b984b-57f4-4c80-8be3-09d942f0ab46:group-A2AF128F6104:LeaderElection74] INFO  server.RaftServerConfigKeys (ConfUtils.java:logGet(43)) - raft.server.rpc.request.timeout = 3000ms (default)
2019-08-23 17:38:19,396 [3c4b984b-57f4-4c80-8be3-09d942f0ab46:group-A2AF128F6104:LeaderElection74] INFO  server.RaftServerConfigKeys (ConfUtils.java:logGet(43)) - raft.server.log.appender.install.snapshot.enabled = false (custom)
2019-08-23 17:38:19,396 [3c4b984b-57f4-4c80-8be3-09d942f0ab46:group-A2AF128F6104:LeaderElection74] INFO  server.RaftServerConfigKeys (ConfUtils.java:logGet(43)) - raft.server.log.appender.snapshot.chunk.size.max = 16MB (=16777216) (default)
2019-08-23 17:38:19,396 [3c4b984b-57f4-4c80-8be3-09d942f0ab46:group-A2AF128F6104:LeaderElection74] INFO  server.RaftServerConfigKeys (ConfUtils.java:logGet(43)) - raft.server.log.appender.buffer.byte-limit = 33554432 (custom)
2019-08-23 17:38:19,396 [3c4b984b-57f4-4c80-8be3-09d942f0ab46:group-A2AF128F6104:LeaderElection74] INFO  server.RaftServerConfigKeys (ConfUtils.java:logGet(43)) - raft.server.log.appender.buffer.element-limit = 1 (custom)
2019-08-23 17:38:19,397 [3c4b984b-57f4-4c80-8be3-09d942f0ab46:group-A2AF128F6104:LeaderElection74] INFO  grpc.GrpcConfigKeys$Server (ConfUtils.java:logGet(43)) - raft.grpc.server.leader.outstanding.appends.max = 128 (default)
2019-08-23 17:38:19,397 [3c4b984b-57f4-4c80-8be3-09d942f0ab46:group-A2AF128F6104:LeaderElection74] INFO  server.RaftServerConfigKeys (ConfUtils.java:logGet(43)) - raft.server.rpc.request.timeout = 3000ms (default)
2019-08-23 17:38:19,397 [3c4b984b-57f4-4c80-8be3-09d942f0ab46:group-A2AF128F6104:LeaderElection74] INFO  server.RaftServerConfigKeys (ConfUtils.java:logGet(43)) - raft.server.log.appender.install.snapshot.enabled = false (custom)
2019-08-23 17:38:19,397 [3c4b984b-57f4-4c80-8be3-09d942f0ab46:group-A2AF128F6104:LeaderElection74] INFO  impl.RoleInfo (RoleInfo.java:updateAndGet(143)) - 3c4b984b-57f4-4c80-8be3-09d942f0ab46: start LeaderState
2019-08-23 17:38:19,398 [3c4b984b-57f4-4c80-8be3-09d942f0ab46:group-A2AF128F6104:LeaderElection74] INFO  segmented.SegmentedRaftLogWorker (SegmentedRaftLogWorker.java:startLogSegment(380)) - 3c4b984b-57f4-4c80-8be3-09d942f0ab46-SegmentedRaftLogWorker:Storage Directory /workdir/hadoop-ozone/integration-test/target/test-dir/MiniOzoneClusterImpl-cabca72f-823b-48bd-9dbb-41083dd38152/datanode-3/data/ratis/457eed1a-3fb3-4d44-ad28-a2af128f6104: Starting segment from index:0
2019-08-23 17:38:19,399 [3c4b984b-57f4-4c80-8be3-09d942f0ab46:group-A2AF128F6104:LeaderElection74] INFO  impl.RaftServerImpl (ServerState.java:setRaftConf(361)) - 3c4b984b-57f4-4c80-8be3-09d942f0ab46:group-A2AF128F6104 set configuration 0: [6bac59a6-6e96-4b6d-a78d-651c0bed005c:192.168.5.164:45735, 3c4b984b-57f4-4c80-8be3-09d942f0ab46:192.168.5.164:43511, 85e641fa-5017-4198-8052-eafab442e101:192.168.5.164:39342], old=null at 0
2019-08-23 17:38:19,439 [grpc-default-executor-1] INFO  impl.RaftServerImpl (ServerState.java:setLeader(263)) - 6bac59a6-6e96-4b6d-a78d-651c0bed005c:group-A2AF128F6104 change Leader from null to 3c4b984b-57f4-4c80-8be3-09d942f0ab46 at term 2 for appendEntries, leader elected after 10346ms
2019-08-23 17:38:19,439 [EventQueue-StaleNodeForStaleNodeHandler] INFO  node.StaleNodeHandler (StaleNodeHandler.java:onMessage(58)) - Datanode af295c0c-cf39-49e0-b1b6-91e795e968f5{ip: 192.168.5.164, host: pr-hdds-2002-fbg9h-2504998875, networkLocation: /default-rack, certSerialId: null} moved to stale state. Finalizing its pipelines [PipelineID=b8d0dcd8-c262-49cd-8ff9-57f7e2bdcfee, PipelineID=fba7aaf2-c569-4c7a-9eb4-768e427ec958]
2019-08-23 17:38:19,439 [grpc-default-executor-6] INFO  impl.RaftServerImpl (ServerState.java:setLeader(263)) - 85e641fa-5017-4198-8052-eafab442e101:group-A2AF128F6104 change Leader from null to 3c4b984b-57f4-4c80-8be3-09d942f0ab46 at term 2 for appendEntries, leader elected after 10348ms
2019-08-23 17:38:19,440 [EventQueue-StaleNodeForStaleNodeHandler] INFO  pipeline.SCMPipelineManager (SCMPipelineManager.java:finalizeAndDestroyPipeline(309)) - destroying pipeline:Pipeline[ Id: b8d0dcd8-c262-49cd-8ff9-57f7e2bdcfee, Nodes: af295c0c-cf39-49e0-b1b6-91e795e968f5{ip: 192.168.5.164, host: pr-hdds-2002-fbg9h-2504998875, networkLocation: /default-rack, certSerialId: null}, Type:RATIS, Factor:ONE, State:OPEN]
2019-08-23 17:38:19,440 [EventQueue-StaleNodeForStaleNodeHandler] INFO  pipeline.PipelineStateManager (PipelineStateManager.java:finalizePipeline(123)) - Pipeline Pipeline[ Id: b8d0dcd8-c262-49cd-8ff9-57f7e2bdcfee, Nodes: af295c0c-cf39-49e0-b1b6-91e795e968f5{ip: 192.168.5.164, host: pr-hdds-2002-fbg9h-2504998875, networkLocation: /default-rack, certSerialId: null}, Type:RATIS, Factor:ONE, State:CLOSED] moved to CLOSED state
2019-08-23 17:38:19,441 [EventQueue-StaleNodeForStaleNodeHandler] INFO  pipeline.SCMPipelineManager (SCMPipelineManager.java:finalizeAndDestroyPipeline(309)) - destroying pipeline:Pipeline[ Id: fba7aaf2-c569-4c7a-9eb4-768e427ec958, Nodes: af295c0c-cf39-49e0-b1b6-91e795e968f5{ip: 192.168.5.164, host: pr-hdds-2002-fbg9h-2504998875, networkLocation: /default-rack, certSerialId: null}12ec41bc-15f8-4651-8725-e0a5649e7d04{ip: 192.168.5.164, host: pr-hdds-2002-fbg9h-2504998875, networkLocation: /default-rack, certSerialId: null}a5ccefe7-6527-4c8b-8ee9-d8dc1719327d{ip: 192.168.5.164, host: pr-hdds-2002-fbg9h-2504998875, networkLocation: /default-rack, certSerialId: null}, Type:RATIS, Factor:THREE, State:OPEN]
2019-08-23 17:38:19,441 [EventQueue-StaleNodeForStaleNodeHandler] INFO  pipeline.PipelineStateManager (PipelineStateManager.java:finalizePipeline(123)) - Pipeline Pipeline[ Id: fba7aaf2-c569-4c7a-9eb4-768e427ec958, Nodes: af295c0c-cf39-49e0-b1b6-91e795e968f5{ip: 192.168.5.164, host: pr-hdds-2002-fbg9h-2504998875, networkLocation: /default-rack, certSerialId: null}12ec41bc-15f8-4651-8725-e0a5649e7d04{ip: 192.168.5.164, host: pr-hdds-2002-fbg9h-2504998875, networkLocation: /default-rack, certSerialId: null}a5ccefe7-6527-4c8b-8ee9-d8dc1719327d{ip: 192.168.5.164, host: pr-hdds-2002-fbg9h-2504998875, networkLocation: /default-rack, certSerialId: null}, Type:RATIS, Factor:THREE, State:CLOSED] moved to CLOSED state
2019-08-23 17:38:19,442 [EventQueue-CloseContainerForCloseContainerEventHandler] INFO  container.CloseContainerEventHandler (CloseContainerEventHandler.java:onMessage(61)) - Close container Event triggered for container : #1
2019-08-23 17:38:19,442 [grpc-default-executor-6] INFO  impl.RaftServerImpl (ServerState.java:setRaftConf(361)) - 6bac59a6-6e96-4b6d-a78d-651c0bed005c:group-A2AF128F6104 set configuration 0: [6bac59a6-6e96-4b6d-a78d-651c0bed005c:192.168.5.164:45735, 3c4b984b-57f4-4c80-8be3-09d942f0ab46:192.168.5.164:43511, 85e641fa-5017-4198-8052-eafab442e101:192.168.5.164:39342], old=null at 0
2019-08-23 17:38:19,442 [grpc-default-executor-6] INFO  segmented.SegmentedRaftLogWorker (SegmentedRaftLogWorker.java:startLogSegment(380)) - 6bac59a6-6e96-4b6d-a78d-651c0bed005c-SegmentedRaftLogWorker:Storage Directory /workdir/hadoop-ozone/integration-test/target/test-dir/MiniOzoneClusterImpl-cabca72f-823b-48bd-9dbb-41083dd38152/datanode-5/data/ratis/457eed1a-3fb3-4d44-ad28-a2af128f6104: Starting segment from index:0
2019-08-23 17:38:19,443 [grpc-default-executor-1] INFO  impl.RaftServerImpl (ServerState.java:setRaftConf(361)) - 85e641fa-5017-4198-8052-eafab442e101:group-A2AF128F6104 set configuration 0: [6bac59a6-6e96-4b6d-a78d-651c0bed005c:192.168.5.164:45735, 3c4b984b-57f4-4c80-8be3-09d942f0ab46:192.168.5.164:43511, 85e641fa-5017-4198-8052-eafab442e101:192.168.5.164:39342], old=null at 0
2019-08-23 17:38:19,443 [grpc-default-executor-1] INFO  segmented.SegmentedRaftLogWorker (SegmentedRaftLogWorker.java:startLogSegment(380)) - 85e641fa-5017-4198-8052-eafab442e101-SegmentedRaftLogWorker:Storage Directory /workdir/hadoop-ozone/integration-test/target/test-dir/MiniOzoneClusterImpl-cabca72f-823b-48bd-9dbb-41083dd38152/datanode-4/data/ratis/457eed1a-3fb3-4d44-ad28-a2af128f6104: Starting segment from index:0
2019-08-23 17:38:19,450 [3c4b984b-57f4-4c80-8be3-09d942f0ab46-SegmentedRaftLogWorker:Storage Directory /workdir/hadoop-ozone/integration-test/target/test-dir/MiniOzoneClusterImpl-cabca72f-823b-48bd-9dbb-41083dd38152/datanode-3/data/ratis/457eed1a-3fb3-4d44-ad28-a2af128f6104] INFO  segmented.SegmentedRaftLogWorker (SegmentedRaftLogWorker.java:execute(569)) - 3c4b984b-57f4-4c80-8be3-09d942f0ab46-SegmentedRaftLogWorker:Storage Directory /workdir/hadoop-ozone/integration-test/target/test-dir/MiniOzoneClusterImpl-cabca72f-823b-48bd-9dbb-41083dd38152/datanode-3/data/ratis/457eed1a-3fb3-4d44-ad28-a2af128f6104: created new log segment /workdir/hadoop-ozone/integration-test/target/test-dir/MiniOzoneClusterImpl-cabca72f-823b-48bd-9dbb-41083dd38152/datanode-3/data/ratis/457eed1a-3fb3-4d44-ad28-a2af128f6104/current/log_inprogress_0
2019-08-23 17:38:19,500 [6bac59a6-6e96-4b6d-a78d-651c0bed005c-SegmentedRaftLogWorker:Storage Directory /workdir/hadoop-ozone/integration-test/target/test-dir/MiniOzoneClusterImpl-cabca72f-823b-48bd-9dbb-41083dd38152/datanode-5/data/ratis/457eed1a-3fb3-4d44-ad28-a2af128f6104] INFO  segmented.SegmentedRaftLogWorker (SegmentedRaftLogWorker.java:execute(569)) - 6bac59a6-6e96-4b6d-a78d-651c0bed005c-SegmentedRaftLogWorker:Storage Directory /workdir/hadoop-ozone/integration-test/target/test-dir/MiniOzoneClusterImpl-cabca72f-823b-48bd-9dbb-41083dd38152/datanode-5/data/ratis/457eed1a-3fb3-4d44-ad28-a2af128f6104: created new log segment /workdir/hadoop-ozone/integration-test/target/test-dir/MiniOzoneClusterImpl-cabca72f-823b-48bd-9dbb-41083dd38152/datanode-5/data/ratis/457eed1a-3fb3-4d44-ad28-a2af128f6104/current/log_inprogress_0
2019-08-23 17:38:19,500 [85e641fa-5017-4198-8052-eafab442e101-SegmentedRaftLogWorker:Storage Directory /workdir/hadoop-ozone/integration-test/target/test-dir/MiniOzoneClusterImpl-cabca72f-823b-48bd-9dbb-41083dd38152/datanode-4/data/ratis/457eed1a-3fb3-4d44-ad28-a2af128f6104] INFO  segmented.SegmentedRaftLogWorker (SegmentedRaftLogWorker.java:execute(569)) - 85e641fa-5017-4198-8052-eafab442e101-SegmentedRaftLogWorker:Storage Directory /workdir/hadoop-ozone/integration-test/target/test-dir/MiniOzoneClusterImpl-cabca72f-823b-48bd-9dbb-41083dd38152/datanode-4/data/ratis/457eed1a-3fb3-4d44-ad28-a2af128f6104: created new log segment /workdir/hadoop-ozone/integration-test/target/test-dir/MiniOzoneClusterImpl-cabca72f-823b-48bd-9dbb-41083dd38152/datanode-4/data/ratis/457eed1a-3fb3-4d44-ad28-a2af128f6104/current/log_inprogress_0
2019-08-23 17:38:19,549 | INFO  | SCMAudit | user=jenkins1000 | ip=192.168.5.164 | op=SEND_HEARTBEAT {datanodeUUID=3c4b984b-57f4-4c80-8be3-09d942f0ab46, command=[]} | ret=SUCCESS |  
2019-08-23 17:38:19,566 [main] INFO  ozoneimpl.OzoneContainer (OzoneContainer.java:stop(199)) - Attempting to stop container services.
2019-08-23 17:38:19,567 [main] INFO  impl.RaftServerProxy (RaftServerProxy.java:lambda$close$4(314)) - af295c0c-cf39-49e0-b1b6-91e795e968f5: close
2019-08-23 17:38:19,568 [main] INFO  impl.RaftServerImpl (RaftServerImpl.java:lambda$shutdown$3(245)) - af295c0c-cf39-49e0-b1b6-91e795e968f5: shutdown group-57F7E2BDCFEE
2019-08-23 17:38:19,568 [main] INFO  util.JmxRegister (JmxRegister.java:unregister(73)) - Successfully un-registered JMX Bean with object name Ratis:service=RaftServer,group=group-57F7E2BDCFEE,id=af295c0c-cf39-49e0-b1b6-91e795e968f5
2019-08-23 17:38:19,569 [main] INFO  impl.RoleInfo (RoleInfo.java:shutdownLeaderState(104)) - af295c0c-cf39-49e0-b1b6-91e795e968f5: shutdown LeaderState
2019-08-23 17:38:19,569 [main] INFO  impl.PendingRequests (PendingRequests.java:sendNotLeaderResponses(202)) - af295c0c-cf39-49e0-b1b6-91e795e968f5-PendingRequests: sendNotLeaderResponses
2019-08-23 17:38:19,570 [main] INFO  impl.StateMachineUpdater (StateMachineUpdater.java:stopAndJoin(115)) - StateMachineUpdater:af295c0c-cf39-49e0-b1b6-91e795e968f5:group-57F7E2BDCFEE: set stopIndex = 0
2019-08-23 17:38:19,570 [main] INFO  impl.RaftServerImpl (ServerState.java:close(394)) - af295c0c-cf39-49e0-b1b6-91e795e968f5:group-57F7E2BDCFEE closes. The last applied log index is 0
2019-08-23 17:38:19,571 [af295c0c-cf39-49e0-b1b6-91e795e968f5-SegmentedRaftLogWorker:Storage Directory /workdir/hadoop-ozone/integration-test/target/test-dir/MiniOzoneClusterImpl-cabca72f-823b-48bd-9dbb-41083dd38152/datanode-0/data/ratis/b8d0dcd8-c262-49cd-8ff9-57f7e2bdcfee] INFO  segmented.SegmentedRaftLogWorker (SegmentedRaftLogWorker.java:run(313)) - af295c0c-cf39-49e0-b1b6-91e795e968f5-SegmentedRaftLogWorker:Storage Directory /workdir/hadoop-ozone/integration-test/target/test-dir/MiniOzoneClusterImpl-cabca72f-823b-48bd-9dbb-41083dd38152/datanode-0/data/ratis/b8d0dcd8-c262-49cd-8ff9-57f7e2bdcfee was interrupted, exiting. There are 0 tasks remaining in the queue.
2019-08-23 17:38:19,575 [main] INFO  segmented.SegmentedRaftLogWorker (SegmentedRaftLogWorker.java:close(228)) - af295c0c-cf39-49e0-b1b6-91e795e968f5-SegmentedRaftLogWorker:Storage Directory /workdir/hadoop-ozone/integration-test/target/test-dir/MiniOzoneClusterImpl-cabca72f-823b-48bd-9dbb-41083dd38152/datanode-0/data/ratis/b8d0dcd8-c262-49cd-8ff9-57f7e2bdcfee close()
2019-08-23 17:38:19,580 [main] INFO  impl.RaftServerImpl (RaftServerImpl.java:lambda$shutdown$3(245)) - af295c0c-cf39-49e0-b1b6-91e795e968f5: shutdown group-768E427EC958
2019-08-23 17:38:19,580 [main] INFO  util.JmxRegister (JmxRegister.java:unregister(73)) - Successfully un-registered JMX Bean with object name Ratis:service=RaftServer,group=group-768E427EC958,id=af295c0c-cf39-49e0-b1b6-91e795e968f5
2019-08-23 17:38:19,581 [main] INFO  impl.RoleInfo (RoleInfo.java:shutdownFollowerState(121)) - af295c0c-cf39-49e0-b1b6-91e795e968f5: shutdown FollowerState
2019-08-23 17:38:19,581 [main] INFO  impl.StateMachineUpdater (StateMachineUpdater.java:stopAndJoin(115)) - StateMachineUpdater:af295c0c-cf39-49e0-b1b6-91e795e968f5:group-768E427EC958: set stopIndex = 16
2019-08-23 17:38:19,581 [StateMachineUpdater:af295c0c-cf39-49e0-b1b6-91e795e968f5:group-768E427EC958] INFO  ratis.ContainerStateMachine (ContainerStateMachine.java:takeSnapshot(283)) - group-768E427EC958: Taking a snapshot at:(t:1, i:14) file /workdir/hadoop-ozone/integration-test/target/test-dir/MiniOzoneClusterImpl-cabca72f-823b-48bd-9dbb-41083dd38152/datanode-0/data/ratis/fba7aaf2-c569-4c7a-9eb4-768e427ec958/sm/snapshot.1_14
2019-08-23 17:38:19,581 [Thread-3566] INFO  impl.FollowerState (FollowerState.java:run(114)) - af295c0c-cf39-49e0-b1b6-91e795e968f5: FollowerState was interrupted: java.lang.InterruptedException: sleep interrupted
2019-08-23 17:38:19,613 [StateMachineUpdater:af295c0c-cf39-49e0-b1b6-91e795e968f5:group-768E427EC958] INFO  ratis.ContainerStateMachine (ContainerStateMachine.java:takeSnapshot(294)) - group-768E427EC958: Finished taking a snapshot at:(t:1, i:14) file:/workdir/hadoop-ozone/integration-test/target/test-dir/MiniOzoneClusterImpl-cabca72f-823b-48bd-9dbb-41083dd38152/datanode-0/data/ratis/fba7aaf2-c569-4c7a-9eb4-768e427ec958/sm/snapshot.1_14 time:32
2019-08-23 17:38:19,613 [StateMachineUpdater:af295c0c-cf39-49e0-b1b6-91e795e968f5:group-768E427EC958] INFO  impl.StateMachineUpdater (StateMachineUpdater.java:takeSnapshot(242)) - StateMachineUpdater:af295c0c-cf39-49e0-b1b6-91e795e968f5:group-768E427EC958: Took a snapshot at index 14
2019-08-23 17:38:19,613 [StateMachineUpdater:af295c0c-cf39-49e0-b1b6-91e795e968f5:group-768E427EC958] INFO  impl.StateMachineUpdater (StateMachineUpdater.java:lambda$new$0(80)) - StateMachineUpdater:af295c0c-cf39-49e0-b1b6-91e795e968f5:group-768E427EC958: snapshotIndex: updateIncreasingly -1 -> 14
2019-08-23 17:38:19,614 [main] INFO  impl.RaftServerImpl (ServerState.java:close(394)) - af295c0c-cf39-49e0-b1b6-91e795e968f5:group-768E427EC958 closes. The last applied log index is 16
2019-08-23 17:38:19,614 [af295c0c-cf39-49e0-b1b6-91e795e968f5-SegmentedRaftLogWorker:Storage Directory /workdir/hadoop-ozone/integration-test/target/test-dir/MiniOzoneClusterImpl-cabca72f-823b-48bd-9dbb-41083dd38152/datanode-0/data/ratis/fba7aaf2-c569-4c7a-9eb4-768e427ec958] INFO  segmented.SegmentedRaftLogWorker (SegmentedRaftLogWorker.java:run(313)) - af295c0c-cf39-49e0-b1b6-91e795e968f5-SegmentedRaftLogWorker:Storage Directory /workdir/hadoop-ozone/integration-test/target/test-dir/MiniOzoneClusterImpl-cabca72f-823b-48bd-9dbb-41083dd38152/datanode-0/data/ratis/fba7aaf2-c569-4c7a-9eb4-768e427ec958 was interrupted, exiting. There are 0 tasks remaining in the queue.
2019-08-23 17:38:19,617 [main] INFO  segmented.SegmentedRaftLogWorker (SegmentedRaftLogWorker.java:close(228)) - af295c0c-cf39-49e0-b1b6-91e795e968f5-SegmentedRaftLogWorker:Storage Directory /workdir/hadoop-ozone/integration-test/target/test-dir/MiniOzoneClusterImpl-cabca72f-823b-48bd-9dbb-41083dd38152/datanode-0/data/ratis/fba7aaf2-c569-4c7a-9eb4-768e427ec958 close()
2019-08-23 17:38:19,625 [main] INFO  server.GrpcService (GrpcService.java:closeImpl(155)) - af295c0c-cf39-49e0-b1b6-91e795e968f5: shutdown server with port 42177 now
2019-08-23 17:38:19,626 [grpc-default-executor-1] WARN  server.GrpcServerProtocolService (LogUtils.java:warn(134)) - af295c0c-cf39-49e0-b1b6-91e795e968f5: appendEntries onError: org.apache.ratis.thirdparty.io.grpc.StatusRuntimeException: CANCELLED: cancelled before receiving half close
2019-08-23 17:38:19,626 [main] INFO  server.GrpcService (GrpcService.java:closeImpl(163)) - af295c0c-cf39-49e0-b1b6-91e795e968f5: shutdown server with port 42177 successfully
2019-08-23 17:38:19,626 [grpc-default-executor-4] WARN  server.GrpcLogAppender (LogUtils.java:warn(134)) - a5ccefe7-6527-4c8b-8ee9-d8dc1719327d->af295c0c-cf39-49e0-b1b6-91e795e968f5: Failed appendEntries: org.apache.ratis.thirdparty.io.grpc.StatusRuntimeException: CANCELLED: HTTP/2 error code: CANCEL
Received Rst Stream
2019-08-23 17:38:19,627 [grpc-default-executor-4] INFO  impl.FollowerInfo (FollowerInfo.java:lambda$new$0(50)) - a5ccefe7-6527-4c8b-8ee9-d8dc1719327d->af295c0c-cf39-49e0-b1b6-91e795e968f5: nextIndex: updateUnconditionally 17 -> 16
2019-08-23 17:38:19,627 [main] INFO  utils.BackgroundService (BackgroundService.java:shutdown(148)) - Shutting down service BlockDeletingService
2019-08-23 17:38:19,628 [grpc-default-worker-ELG-3-4] WARN  nio.NioEventLoop (NioEventLoop.java:select(786)) - Selector.select() returned prematurely {} times in a row; rebuilding Selector {}.
2019-08-23 17:38:19,632 [grpc-default-worker-ELG-3-4] INFO  nio.NioEventLoop (NioEventLoop.java:rebuildSelector0(396)) - Migrated 4 channel(s) to the new Selector.
2019-08-23 17:38:19,632 [refreshUsed-/workdir/hadoop-ozone/integration-test/target/test-dir/MiniOzoneClusterImpl-cabca72f-823b-48bd-9dbb-41083dd38152/datanode-0/data/containers] WARN  fs.CachingGetSpaceUsed (CachingGetSpaceUsed.java:run(183)) - Thread Interrupted waiting to refresh disk information: sleep interrupted
2019-08-23 17:38:19,653 [main] INFO  statemachine.DatanodeStateMachine (DatanodeStateMachine.java:stopDaemon(395)) - Ozone container server stopped.
2019-08-23 17:38:19,655 [main] INFO  handler.ContextHandler (ContextHandler.java:doStop(910)) - Stopped o.e.j.w.WebAppContext@7510824{/,null,UNAVAILABLE}{/hddsDatanode}
2019-08-23 17:38:19,656 [main] INFO  server.AbstractConnector (AbstractConnector.java:doStop(318)) - Stopped ServerConnector@7ed6e557{HTTP/1.1,[http/1.1]}{0.0.0.0:0}
2019-08-23 17:38:19,656 [main] INFO  handler.ContextHandler (ContextHandler.java:doStop(910)) - Stopped o.e.j.s.ServletContextHandler@c50503e{/static,jar:file:/home/user/.m2/repository/org/apache/hadoop/hadoop-hdds-container-service/0.5.0-SNAPSHOT/hadoop-hdds-container-service-0.5.0-SNAPSHOT.jar!/webapps/static,UNAVAILABLE}
2019-08-23 17:38:19,657 [main] INFO  handler.ContextHandler (ContextHandler.java:doStop(910)) - Stopped o.e.j.s.ServletContextHandler@38f7a20{/logs,file:///workdir/hadoop-ozone/integration-test/target/log,UNAVAILABLE}
2019-08-23 17:38:19,661 | INFO  | DNAudit | user=null | ip=null | op=WRITE_CHUNK {blockData=conID: 1 locID: 102667510758768654 bcsId: 14} | ret=SUCCESS |  
2019-08-23 17:38:19,662 | INFO  | DNAudit | user=null | ip=null | op=WRITE_CHUNK {blockData=conID: 1 locID: 102667510758768654 bcsId: 14} | ret=SUCCESS |  
2019-08-23 17:38:19,662 | INFO  | DNAudit | user=null | ip=null | op=WRITE_CHUNK {blockData=conID: 1 locID: 102667510758768654 bcsId: 14} | ret=SUCCESS |  
2019-08-23 17:38:19,663 | INFO  | DNAudit | user=null | ip=null | op=WRITE_CHUNK {blockData=conID: 1 locID: 102667510758768654 bcsId: 14} | ret=SUCCESS |  
2019-08-23 17:38:19,663 [grpc-default-executor-7] WARN  server.GrpcLogAppender (LogUtils.java:warn(134)) - a5ccefe7-6527-4c8b-8ee9-d8dc1719327d->af295c0c-cf39-49e0-b1b6-91e795e968f5: Failed appendEntries: org.apache.ratis.thirdparty.io.grpc.StatusRuntimeException: UNAVAILABLE: io exception
2019-08-23 17:38:19,663 | INFO  | DNAudit | user=null | ip=null | op=WRITE_CHUNK {blockData=conID: 1 locID: 102667510758768654 bcsId: 14} | ret=SUCCESS |  
2019-08-23 17:38:19,663 [grpc-default-executor-7] INFO  impl.FollowerInfo (FollowerInfo.java:lambda$new$0(50)) - a5ccefe7-6527-4c8b-8ee9-d8dc1719327d->af295c0c-cf39-49e0-b1b6-91e795e968f5: nextIndex: updateUnconditionally 17 -> 16
2019-08-23 17:38:19,664 | INFO  | DNAudit | user=null | ip=null | op=WRITE_CHUNK {blockData=conID: 1 locID: 102667510758768654 bcsId: 14} | ret=SUCCESS |  
2019-08-23 17:38:19,664 | INFO  | DNAudit | user=null | ip=null | op=WRITE_CHUNK {blockData=conID: 1 locID: 102667510758768654 bcsId: 14} | ret=SUCCESS |  
2019-08-23 17:38:19,665 | INFO  | DNAudit | user=null | ip=null | op=WRITE_CHUNK {blockData=conID: 1 locID: 102667510758768654 bcsId: 14} | ret=SUCCESS |  
2019-08-23 17:38:19,665 [grpc-default-executor-4] WARN  server.GrpcLogAppender (LogUtils.java:warn(134)) - a5ccefe7-6527-4c8b-8ee9-d8dc1719327d->af295c0c-cf39-49e0-b1b6-91e795e968f5: Failed appendEntries: org.apache.ratis.thirdparty.io.grpc.StatusRuntimeException: UNAVAILABLE: io exception
2019-08-23 17:38:19,666 [grpc-default-executor-4] INFO  impl.FollowerInfo (FollowerInfo.java:lambda$new$0(50)) - a5ccefe7-6527-4c8b-8ee9-d8dc1719327d->af295c0c-cf39-49e0-b1b6-91e795e968f5: nextIndex: updateUnconditionally 17 -> 16
2019-08-23 17:38:19,675 | INFO  | DNAudit | user=null | ip=null | op=WRITE_CHUNK {blockData=conID: 1 locID: 102667510758768654 bcsId: 14} | ret=SUCCESS |  
2019-08-23 17:38:19,676 | INFO  | DNAudit | user=null | ip=null | op=WRITE_CHUNK {blockData=conID: 1 locID: 102667510758768654 bcsId: 14} | ret=SUCCESS |  
2019-08-23 17:38:19,677 [grpc-default-executor-7] WARN  server.GrpcLogAppender (LogUtils.java:warn(134)) - a5ccefe7-6527-4c8b-8ee9-d8dc1719327d->af295c0c-cf39-49e0-b1b6-91e795e968f5: Failed appendEntries: org.apache.ratis.thirdparty.io.grpc.StatusRuntimeException: UNAVAILABLE: io exception
2019-08-23 17:38:19,677 [grpc-default-executor-7] INFO  impl.FollowerInfo (FollowerInfo.java:lambda$new$0(50)) - a5ccefe7-6527-4c8b-8ee9-d8dc1719327d->af295c0c-cf39-49e0-b1b6-91e795e968f5: nextIndex: updateUnconditionally 17 -> 16
2019-08-23 17:38:19,677 [grpc-default-executor-5] INFO  client.GrpcClientProtocolClient (GrpcClientProtocolClient.java:onNext(255)) - client-55D135844321->a5ccefe7-6527-4c8b-8ee9-d8dc1719327d: receive RaftClientReply:client-55D135844321->a5ccefe7-6527-4c8b-8ee9-d8dc1719327d@group-768E427EC958, cid=185, SUCCESS, logIndex=17, commits[a5ccefe7-6527-4c8b-8ee9-d8dc1719327d:c18, af295c0c-cf39-49e0-b1b6-91e795e968f5:c16, 12ec41bc-15f8-4651-8725-e0a5649e7d04:c16]
2019-08-23 17:38:19,677 | INFO  | DNAudit | user=null | ip=null | op=PUT_BLOCK {blockData=[blockId=conID: 1 locID: 102667510758768654 bcsId: 0,size=650]} | ret=SUCCESS |  
2019-08-23 17:38:19,678 | INFO  | DNAudit | user=null | ip=null | op=WRITE_CHUNK {blockData=conID: 1 locID: 102667510758768654 bcsId: 14} | ret=SUCCESS |  
2019-08-23 17:38:19,679 [grpc-default-executor-4] INFO  client.GrpcClientProtocolClient (GrpcClientProtocolClient.java:onNext(255)) - client-55D135844321->a5ccefe7-6527-4c8b-8ee9-d8dc1719327d: receive RaftClientReply:client-55D135844321->a5ccefe7-6527-4c8b-8ee9-d8dc1719327d@group-768E427EC958, cid=186, SUCCESS, logIndex=18, commits[a5ccefe7-6527-4c8b-8ee9-d8dc1719327d:c19, af295c0c-cf39-49e0-b1b6-91e795e968f5:c16, 12ec41bc-15f8-4651-8725-e0a5649e7d04:c16]
2019-08-23 17:38:19,679 | INFO  | DNAudit | user=null | ip=null | op=WRITE_CHUNK {blockData=conID: 1 locID: 102667510758768654 bcsId: 14} | ret=SUCCESS |  
2019-08-23 17:38:19,679 | INFO  | DNAudit | user=null | ip=null | op=WRITE_CHUNK {blockData=conID: 1 locID: 102667510758768654 bcsId: 14} | ret=SUCCESS |  
2019-08-23 17:38:19,680 | INFO  | DNAudit | user=null | ip=null | op=WRITE_CHUNK {blockData=conID: 1 locID: 102667510758768654 bcsId: 14} | ret=SUCCESS |  
2019-08-23 17:38:19,680 [grpc-default-executor-4] WARN  server.GrpcLogAppender (LogUtils.java:warn(134)) - a5ccefe7-6527-4c8b-8ee9-d8dc1719327d->af295c0c-cf39-49e0-b1b6-91e795e968f5: Failed appendEntries: org.apache.ratis.thirdparty.io.grpc.StatusRuntimeException: UNAVAILABLE: io exception
2019-08-23 17:38:19,680 | INFO  | DNAudit | user=null | ip=null | op=PUT_BLOCK {blockData=[blockId=conID: 1 locID: 102667510758768654 bcsId: 0,size=800]} | ret=SUCCESS |  
2019-08-23 17:38:19,680 [grpc-default-executor-5] INFO  client.GrpcClientProtocolClient (GrpcClientProtocolClient.java:onNext(255)) - client-55D135844321->a5ccefe7-6527-4c8b-8ee9-d8dc1719327d: receive RaftClientReply:client-55D135844321->a5ccefe7-6527-4c8b-8ee9-d8dc1719327d@group-768E427EC958, cid=187, SUCCESS, logIndex=19, commits[a5ccefe7-6527-4c8b-8ee9-d8dc1719327d:c19, af295c0c-cf39-49e0-b1b6-91e795e968f5:c16, 12ec41bc-15f8-4651-8725-e0a5649e7d04:c16]
2019-08-23 17:38:19,680 [grpc-default-executor-4] INFO  impl.FollowerInfo (FollowerInfo.java:lambda$new$0(50)) - a5ccefe7-6527-4c8b-8ee9-d8dc1719327d->af295c0c-cf39-49e0-b1b6-91e795e968f5: nextIndex: updateUnconditionally 17 -> 16
2019-08-23 17:38:19,684 | INFO  | DNAudit | user=null | ip=null | op=PUT_BLOCK {blockData=[blockId=conID: 1 locID: 102667510758768654 bcsId: 0,size=650]} | ret=SUCCESS |  
2019-08-23 17:38:19,684 [grpc-default-executor-5] INFO  client.GrpcClientProtocolClient (GrpcClientProtocolClient.java:onNext(255)) - client-55D135844321->a5ccefe7-6527-4c8b-8ee9-d8dc1719327d: receive RaftClientReply:client-55D135844321->a5ccefe7-6527-4c8b-8ee9-d8dc1719327d@group-768E427EC958, cid=188, SUCCESS, logIndex=20, commits[a5ccefe7-6527-4c8b-8ee9-d8dc1719327d:c21, af295c0c-cf39-49e0-b1b6-91e795e968f5:c16, 12ec41bc-15f8-4651-8725-e0a5649e7d04:c17]
2019-08-23 17:38:19,685 | INFO  | DNAudit | user=null | ip=null | op=WRITE_CHUNK {blockData=conID: 1 locID: 102667510758768654 bcsId: 14} | ret=SUCCESS |  
2019-08-23 17:38:19,685 [grpc-default-executor-4] WARN  server.GrpcLogAppender (LogUtils.java:warn(134)) - a5ccefe7-6527-4c8b-8ee9-d8dc1719327d->af295c0c-cf39-49e0-b1b6-91e795e968f5: Failed appendEntries: org.apache.ratis.thirdparty.io.grpc.StatusRuntimeException: UNAVAILABLE: io exception
2019-08-23 17:38:19,685 [grpc-default-executor-5] INFO  client.GrpcClientProtocolClient (GrpcClientProtocolClient.java:onNext(255)) - client-55D135844321->a5ccefe7-6527-4c8b-8ee9-d8dc1719327d: receive RaftClientReply:client-55D135844321->a5ccefe7-6527-4c8b-8ee9-d8dc1719327d@group-768E427EC958, cid=189, SUCCESS, logIndex=21, commits[a5ccefe7-6527-4c8b-8ee9-d8dc1719327d:c23, af295c0c-cf39-49e0-b1b6-91e795e968f5:c16, 12ec41bc-15f8-4651-8725-e0a5649e7d04:c17]
2019-08-23 17:38:19,685 [grpc-default-executor-4] INFO  impl.FollowerInfo (FollowerInfo.java:lambda$new$0(50)) - a5ccefe7-6527-4c8b-8ee9-d8dc1719327d->af295c0c-cf39-49e0-b1b6-91e795e968f5: nextIndex: updateUnconditionally 17 -> 16
2019-08-23 17:38:19,686 | INFO  | DNAudit | user=null | ip=null | op=WRITE_CHUNK {blockData=conID: 1 locID: 102667510758768654 bcsId: 14} | ret=SUCCESS |  
2019-08-23 17:38:19,686 [grpc-default-executor-5] INFO  client.GrpcClientProtocolClient (GrpcClientProtocolClient.java:onNext(255)) - client-55D135844321->a5ccefe7-6527-4c8b-8ee9-d8dc1719327d: receive RaftClientReply:client-55D135844321->a5ccefe7-6527-4c8b-8ee9-d8dc1719327d@group-768E427EC958, cid=190, SUCCESS, logIndex=22, commits[a5ccefe7-6527-4c8b-8ee9-d8dc1719327d:c24, af295c0c-cf39-49e0-b1b6-91e795e968f5:c16, 12ec41bc-15f8-4651-8725-e0a5649e7d04:c18]
2019-08-23 17:38:19,793 | INFO  | SCMAudit | user=jenkins1000 | ip=192.168.5.164 | op=SEND_HEARTBEAT {datanodeUUID=85e641fa-5017-4198-8052-eafab442e101, command=[]} | ret=SUCCESS |  
2019-08-23 17:38:19,999 | INFO  | SCMAudit | user=jenkins1000 | ip=192.168.5.164 | op=SEND_HEARTBEAT {datanodeUUID=6bac59a6-6e96-4b6d-a78d-651c0bed005c, command=[]} | ret=SUCCESS |  
2019-08-23 17:38:20,178 | INFO  | SCMAudit | user=jenkins1000 | ip=192.168.5.164 | op=SEND_HEARTBEAT {datanodeUUID=dc82463a-faf1-47ee-884f-ca1185c16136, command=[]} | ret=SUCCESS |  
2019-08-23 17:38:20,386 | INFO  | SCMAudit | user=jenkins1000 | ip=192.168.5.164 | op=SEND_HEARTBEAT {datanodeUUID=12ec41bc-15f8-4651-8725-e0a5649e7d04, command=[commandType: closeContainerCommand closeContainerCommandProto { containerID: 1 pipelineID { id: "fba7aaf2-c569-4c7a-9eb4-768e427ec958" } cmdId: 1 force: false } ]} | ret=SUCCESS |  
2019-08-23 17:38:20,387 | INFO  | SCMAudit | user=jenkins1000 | ip=192.168.5.164 | op=SEND_HEARTBEAT {datanodeUUID=a5ccefe7-6527-4c8b-8ee9-d8dc1719327d, command=[commandType: closeContainerCommand closeContainerCommandProto { containerID: 1 pipelineID { id: "fba7aaf2-c569-4c7a-9eb4-768e427ec958" } cmdId: 1 force: false } ]} | ret=SUCCESS |  
2019-08-23 17:38:20,550 | INFO  | SCMAudit | user=jenkins1000 | ip=192.168.5.164 | op=SEND_HEARTBEAT {datanodeUUID=3c4b984b-57f4-4c80-8be3-09d942f0ab46, command=[]} | ret=SUCCESS |  
2019-08-23 17:38:20,689 [main] WARN  scm.XceiverClientRatis (XceiverClientRatis.java:watchForCommit(262)) - 3 way commit failed on pipeline Pipeline[ Id: fba7aaf2-c569-4c7a-9eb4-768e427ec958, Nodes: af295c0c-cf39-49e0-b1b6-91e795e968f5{ip: 192.168.5.164, host: pr-hdds-2002-fbg9h-2504998875, networkLocation: /default-rack, certSerialId: null}12ec41bc-15f8-4651-8725-e0a5649e7d04{ip: 192.168.5.164, host: pr-hdds-2002-fbg9h-2504998875, networkLocation: /default-rack, certSerialId: null}a5ccefe7-6527-4c8b-8ee9-d8dc1719327d{ip: 192.168.5.164, host: pr-hdds-2002-fbg9h-2504998875, networkLocation: /default-rack, certSerialId: null}, Type:RATIS, Factor:THREE, State:OPEN]
java.util.concurrent.TimeoutException
	at java.util.concurrent.CompletableFuture.timedGet(CompletableFuture.java:1771)
	at java.util.concurrent.CompletableFuture.get(CompletableFuture.java:1915)
	at org.apache.hadoop.hdds.scm.XceiverClientRatis.watchForCommit(XceiverClientRatis.java:259)
	at org.apache.hadoop.hdds.scm.storage.CommitWatcher.watchForCommit(CommitWatcher.java:194)
	at org.apache.hadoop.hdds.scm.storage.CommitWatcher.watchOnLastIndex(CommitWatcher.java:157)
	at org.apache.hadoop.hdds.scm.storage.BlockOutputStream.watchForCommit(BlockOutputStream.java:347)
	at org.apache.hadoop.hdds.scm.storage.BlockOutputStream.handleFlush(BlockOutputStream.java:479)
	at org.apache.hadoop.hdds.scm.storage.BlockOutputStream.close(BlockOutputStream.java:493)
	at org.apache.hadoop.ozone.client.io.BlockOutputStreamEntry.close(BlockOutputStreamEntry.java:143)
	at org.apache.hadoop.ozone.client.io.KeyOutputStream.handleFlushOrClose(KeyOutputStream.java:438)
	at org.apache.hadoop.ozone.client.io.KeyOutputStream.handleWrite(KeyOutputStream.java:235)
	at org.apache.hadoop.ozone.client.io.KeyOutputStream.write(KeyOutputStream.java:193)
	at org.apache.hadoop.ozone.client.io.OzoneOutputStream.write(OzoneOutputStream.java:49)
	at java.io.OutputStream.write(OutputStream.java:75)
	at org.apache.hadoop.ozone.client.rpc.TestBlockOutputStreamWithFailures.testWatchForCommitDatanodeFailure(TestBlockOutputStreamWithFailures.java:363)
	at sun.reflect.NativeMethodAccessorImpl.invoke0(Native Method)
	at sun.reflect.NativeMethodAccessorImpl.invoke(NativeMethodAccessorImpl.java:62)
	at sun.reflect.DelegatingMethodAccessorImpl.invoke(DelegatingMethodAccessorImpl.java:43)
	at java.lang.reflect.Method.invoke(Method.java:498)
	at org.junit.runners.model.FrameworkMethod$1.runReflectiveCall(FrameworkMethod.java:47)
	at org.junit.internal.runners.model.ReflectiveCallable.run(ReflectiveCallable.java:12)
	at org.junit.runners.model.FrameworkMethod.invokeExplosively(FrameworkMethod.java:44)
	at org.junit.internal.runners.statements.InvokeMethod.evaluate(InvokeMethod.java:17)
	at org.junit.internal.runners.statements.RunBefores.evaluate(RunBefores.java:26)
	at org.junit.internal.runners.statements.RunAfters.evaluate(RunAfters.java:27)
	at org.junit.runners.ParentRunner.runLeaf(ParentRunner.java:271)
	at org.junit.runners.BlockJUnit4ClassRunner.runChild(BlockJUnit4ClassRunner.java:70)
	at org.junit.runners.BlockJUnit4ClassRunner.runChild(BlockJUnit4ClassRunner.java:50)
	at org.junit.runners.ParentRunner$3.run(ParentRunner.java:238)
	at org.junit.runners.ParentRunner$1.schedule(ParentRunner.java:63)
	at org.junit.runners.ParentRunner.runChildren(ParentRunner.java:236)
	at org.junit.runners.ParentRunner.access$000(ParentRunner.java:53)
	at org.junit.runners.ParentRunner$2.evaluate(ParentRunner.java:229)
	at org.junit.runners.ParentRunner.run(ParentRunner.java:309)
	at org.apache.maven.surefire.junit4.JUnit4Provider.execute(JUnit4Provider.java:365)
	at org.apache.maven.surefire.junit4.JUnit4Provider.executeWithRerun(JUnit4Provider.java:273)
	at org.apache.maven.surefire.junit4.JUnit4Provider.executeTestSet(JUnit4Provider.java:238)
	at org.apache.maven.surefire.junit4.JUnit4Provider.invoke(JUnit4Provider.java:159)
	at org.apache.maven.surefire.booter.ForkedBooter.invokeProviderInSameClassLoader(ForkedBooter.java:384)
	at org.apache.maven.surefire.booter.ForkedBooter.runSuitesInProcess(ForkedBooter.java:345)
	at org.apache.maven.surefire.booter.ForkedBooter.execute(ForkedBooter.java:126)
	at org.apache.maven.surefire.booter.ForkedBooter.main(ForkedBooter.java:418)
2019-08-23 17:38:20,793 | INFO  | SCMAudit | user=jenkins1000 | ip=192.168.5.164 | op=SEND_HEARTBEAT {datanodeUUID=85e641fa-5017-4198-8052-eafab442e101, command=[]} | ret=SUCCESS |  
2019-08-23 17:38:20,999 | INFO  | SCMAudit | user=jenkins1000 | ip=192.168.5.164 | op=SEND_HEARTBEAT {datanodeUUID=6bac59a6-6e96-4b6d-a78d-651c0bed005c, command=[]} | ret=SUCCESS |  
2019-08-23 17:38:21,178 | INFO  | SCMAudit | user=jenkins1000 | ip=192.168.5.164 | op=SEND_HEARTBEAT {datanodeUUID=dc82463a-faf1-47ee-884f-ca1185c16136, command=[]} | ret=SUCCESS |  
2019-08-23 17:38:21,386 | INFO  | SCMAudit | user=jenkins1000 | ip=192.168.5.164 | op=SEND_HEARTBEAT {datanodeUUID=12ec41bc-15f8-4651-8725-e0a5649e7d04, command=[]} | ret=SUCCESS |  
2019-08-23 17:38:21,387 | INFO  | SCMAudit | user=jenkins1000 | ip=192.168.5.164 | op=SEND_HEARTBEAT {datanodeUUID=a5ccefe7-6527-4c8b-8ee9-d8dc1719327d, command=[]} | ret=SUCCESS |  
2019-08-23 17:38:21,550 | INFO  | SCMAudit | user=jenkins1000 | ip=192.168.5.164 | op=SEND_HEARTBEAT {datanodeUUID=3c4b984b-57f4-4c80-8be3-09d942f0ab46, command=[]} | ret=SUCCESS |  
2019-08-23 17:38:21,690 [main] WARN  storage.CommitWatcher (CommitWatcher.java:watchForCommit(203)) - watchForCommit failed for index 22
java.util.concurrent.TimeoutException
	at java.util.concurrent.CompletableFuture.timedGet(CompletableFuture.java:1771)
	at java.util.concurrent.CompletableFuture.get(CompletableFuture.java:1915)
	at org.apache.hadoop.hdds.scm.XceiverClientRatis.watchForCommit(XceiverClientRatis.java:268)
	at org.apache.hadoop.hdds.scm.storage.CommitWatcher.watchForCommit(CommitWatcher.java:194)
	at org.apache.hadoop.hdds.scm.storage.CommitWatcher.watchOnLastIndex(CommitWatcher.java:157)
	at org.apache.hadoop.hdds.scm.storage.BlockOutputStream.watchForCommit(BlockOutputStream.java:347)
	at org.apache.hadoop.hdds.scm.storage.BlockOutputStream.handleFlush(BlockOutputStream.java:479)
	at org.apache.hadoop.hdds.scm.storage.BlockOutputStream.close(BlockOutputStream.java:493)
	at org.apache.hadoop.ozone.client.io.BlockOutputStreamEntry.close(BlockOutputStreamEntry.java:143)
	at org.apache.hadoop.ozone.client.io.KeyOutputStream.handleFlushOrClose(KeyOutputStream.java:438)
	at org.apache.hadoop.ozone.client.io.KeyOutputStream.handleWrite(KeyOutputStream.java:235)
	at org.apache.hadoop.ozone.client.io.KeyOutputStream.write(KeyOutputStream.java:193)
	at org.apache.hadoop.ozone.client.io.OzoneOutputStream.write(OzoneOutputStream.java:49)
	at java.io.OutputStream.write(OutputStream.java:75)
	at org.apache.hadoop.ozone.client.rpc.TestBlockOutputStreamWithFailures.testWatchForCommitDatanodeFailure(TestBlockOutputStreamWithFailures.java:363)
	at sun.reflect.NativeMethodAccessorImpl.invoke0(Native Method)
	at sun.reflect.NativeMethodAccessorImpl.invoke(NativeMethodAccessorImpl.java:62)
	at sun.reflect.DelegatingMethodAccessorImpl.invoke(DelegatingMethodAccessorImpl.java:43)
	at java.lang.reflect.Method.invoke(Method.java:498)
	at org.junit.runners.model.FrameworkMethod$1.runReflectiveCall(FrameworkMethod.java:47)
	at org.junit.internal.runners.model.ReflectiveCallable.run(ReflectiveCallable.java:12)
	at org.junit.runners.model.FrameworkMethod.invokeExplosively(FrameworkMethod.java:44)
	at org.junit.internal.runners.statements.InvokeMethod.evaluate(InvokeMethod.java:17)
	at org.junit.internal.runners.statements.RunBefores.evaluate(RunBefores.java:26)
	at org.junit.internal.runners.statements.RunAfters.evaluate(RunAfters.java:27)
	at org.junit.runners.ParentRunner.runLeaf(ParentRunner.java:271)
	at org.junit.runners.BlockJUnit4ClassRunner.runChild(BlockJUnit4ClassRunner.java:70)
	at org.junit.runners.BlockJUnit4ClassRunner.runChild(BlockJUnit4ClassRunner.java:50)
	at org.junit.runners.ParentRunner$3.run(ParentRunner.java:238)
	at org.junit.runners.ParentRunner$1.schedule(ParentRunner.java:63)
	at org.junit.runners.ParentRunner.runChildren(ParentRunner.java:236)
	at org.junit.runners.ParentRunner.access$000(ParentRunner.java:53)
	at org.junit.runners.ParentRunner$2.evaluate(ParentRunner.java:229)
	at org.junit.runners.ParentRunner.run(ParentRunner.java:309)
	at org.apache.maven.surefire.junit4.JUnit4Provider.execute(JUnit4Provider.java:365)
	at org.apache.maven.surefire.junit4.JUnit4Provider.executeWithRerun(JUnit4Provider.java:273)
	at org.apache.maven.surefire.junit4.JUnit4Provider.executeTestSet(JUnit4Provider.java:238)
	at org.apache.maven.surefire.junit4.JUnit4Provider.invoke(JUnit4Provider.java:159)
	at org.apache.maven.surefire.booter.ForkedBooter.invokeProviderInSameClassLoader(ForkedBooter.java:384)
	at org.apache.maven.surefire.booter.ForkedBooter.runSuitesInProcess(ForkedBooter.java:345)
	at org.apache.maven.surefire.booter.ForkedBooter.execute(ForkedBooter.java:126)
	at org.apache.maven.surefire.booter.ForkedBooter.main(ForkedBooter.java:418)
2019-08-23 17:38:21,692 [main] WARN  io.KeyOutputStream (KeyOutputStream.java:handleException(276)) - Encountered exception java.io.IOException: Unexpected Storage Container Exception: java.io.IOException: Unexpected Storage Container Exception: java.util.concurrent.TimeoutException on the pipeline Pipeline[ Id: fba7aaf2-c569-4c7a-9eb4-768e427ec958, Nodes: af295c0c-cf39-49e0-b1b6-91e795e968f5{ip: 192.168.5.164, host: pr-hdds-2002-fbg9h-2504998875, networkLocation: /default-rack, certSerialId: null}12ec41bc-15f8-4651-8725-e0a5649e7d04{ip: 192.168.5.164, host: pr-hdds-2002-fbg9h-2504998875, networkLocation: /default-rack, certSerialId: null}a5ccefe7-6527-4c8b-8ee9-d8dc1719327d{ip: 192.168.5.164, host: pr-hdds-2002-fbg9h-2504998875, networkLocation: /default-rack, certSerialId: null}, Type:RATIS, Factor:THREE, State:OPEN]. The last committed block length is 450, uncommitted data length is 350 retry count 0
2019-08-23 17:38:21,719 | INFO  | SCMAudit | user=jenkins1000 | ip=192.168.5.164 | op=ALLOCATE_BLOCK {owner=c3f28ff2-0e99-48ed-b8b2-f24e18bae3c5, size=800, type=RATIS, factor=THREE} | ret=SUCCESS |  
2019-08-23 17:38:21,720 | INFO  | OMAudit | user=jenkins1000 | ip=127.0.0.1 | op=ALLOCATE_BLOCK {volume=testblockoutputstream, bucket=testblockoutputstream, key=afdf3f0f-fbb7-4662-95d9-a50b89f8616c, dataSize=0, replicationType=null, replicationFactor=null, keyLocationInfo=null, clientID=102667510758572045} | ret=SUCCESS |  
2019-08-23 17:38:21,751 [grpc-default-executor-4] INFO  client.GrpcClientProtocolClient (GrpcClientProtocolClient.java:onNext(255)) - client-406233DAB254->6bac59a6-6e96-4b6d-a78d-651c0bed005c: receive RaftClientReply:client-406233DAB254->6bac59a6-6e96-4b6d-a78d-651c0bed005c@group-A2AF128F6104, cid=193, FAILED org.apache.ratis.protocol.NotLeaderException: Server 6bac59a6-6e96-4b6d-a78d-651c0bed005c is not the leader (3c4b984b-57f4-4c80-8be3-09d942f0ab46:192.168.5.164:43511). Request must be sent to leader., logIndex=0, commits[6bac59a6-6e96-4b6d-a78d-651c0bed005c:c-1, 3c4b984b-57f4-4c80-8be3-09d942f0ab46:c-1, 85e641fa-5017-4198-8052-eafab442e101:c-1]
2019-08-23 17:38:21,793 | INFO  | SCMAudit | user=jenkins1000 | ip=192.168.5.164 | op=SEND_HEARTBEAT {datanodeUUID=85e641fa-5017-4198-8052-eafab442e101, command=[]} | ret=SUCCESS |  
2019-08-23 17:38:21,900 | INFO  | DNAudit | user=null | ip=null | op=WRITE_CHUNK {blockData=conID: 2 locID: 102667511510990863 bcsId: 0} | ret=SUCCESS |  
2019-08-23 17:38:21,900 | INFO  | DNAudit | user=null | ip=null | op=WRITE_CHUNK {blockData=conID: 2 locID: 102667511510990863 bcsId: 0} | ret=SUCCESS |  
2019-08-23 17:38:21,900 | INFO  | DNAudit | user=null | ip=null | op=WRITE_CHUNK {blockData=conID: 2 locID: 102667511510990863 bcsId: 0} | ret=SUCCESS |  
2019-08-23 17:38:21,900 | INFO  | SCMAudit | user=jenkins1000 | ip=192.168.5.164 | op=SEND_HEARTBEAT {datanodeUUID=3c4b984b-57f4-4c80-8be3-09d942f0ab46, command=[]} | ret=SUCCESS |  
2019-08-23 17:38:21,900 | INFO  | SCMAudit | user=jenkins1000 | ip=192.168.5.164 | op=SEND_HEARTBEAT {datanodeUUID=85e641fa-5017-4198-8052-eafab442e101, command=[]} | ret=SUCCESS |  
2019-08-23 17:38:21,900 | INFO  | SCMAudit | user=jenkins1000 | ip=192.168.5.164 | op=SEND_HEARTBEAT {datanodeUUID=6bac59a6-6e96-4b6d-a78d-651c0bed005c, command=[]} | ret=SUCCESS |  
2019-08-23 17:38:21,913 | INFO  | DNAudit | user=null | ip=null | op=WRITE_CHUNK {blockData=conID: 2 locID: 102667511510990863 bcsId: 0} | ret=SUCCESS |  
2019-08-23 17:38:21,918 [grpc-default-executor-4] INFO  client.GrpcClientProtocolClient (GrpcClientProtocolClient.java:onNext(255)) - client-406233DAB254->3c4b984b-57f4-4c80-8be3-09d942f0ab46: receive RaftClientReply:client-406233DAB254->3c4b984b-57f4-4c80-8be3-09d942f0ab46@group-A2AF128F6104, cid=193, SUCCESS, logIndex=1, commits[3c4b984b-57f4-4c80-8be3-09d942f0ab46:c1, 6bac59a6-6e96-4b6d-a78d-651c0bed005c:c0, 85e641fa-5017-4198-8052-eafab442e101:c0]
2019-08-23 17:38:21,926 | INFO  | DNAudit | user=null | ip=null | op=WRITE_CHUNK {blockData=conID: 2 locID: 102667511510990863 bcsId: 0} | ret=SUCCESS |  
2019-08-23 17:38:21,926 | INFO  | DNAudit | user=null | ip=null | op=WRITE_CHUNK {blockData=conID: 2 locID: 102667511510990863 bcsId: 0} | ret=SUCCESS |  
2019-08-23 17:38:21,926 | INFO  | DNAudit | user=null | ip=null | op=WRITE_CHUNK {blockData=conID: 2 locID: 102667511510990863 bcsId: 0} | ret=SUCCESS |  
2019-08-23 17:38:21,927 | INFO  | DNAudit | user=null | ip=null | op=WRITE_CHUNK {blockData=conID: 2 locID: 102667511510990863 bcsId: 0} | ret=SUCCESS |  
2019-08-23 17:38:21,927 | INFO  | DNAudit | user=null | ip=null | op=WRITE_CHUNK {blockData=conID: 2 locID: 102667511510990863 bcsId: 0} | ret=SUCCESS |  
2019-08-23 17:38:21,927 | INFO  | DNAudit | user=null | ip=null | op=WRITE_CHUNK {blockData=conID: 2 locID: 102667511510990863 bcsId: 0} | ret=SUCCESS |  
2019-08-23 17:38:21,928 | INFO  | DNAudit | user=null | ip=null | op=WRITE_CHUNK {blockData=conID: 2 locID: 102667511510990863 bcsId: 0} | ret=SUCCESS |  
2019-08-23 17:38:21,928 | INFO  | DNAudit | user=null | ip=null | op=WRITE_CHUNK {blockData=conID: 2 locID: 102667511510990863 bcsId: 0} | ret=SUCCESS |  
2019-08-23 17:38:21,928 | INFO  | DNAudit | user=null | ip=null | op=WRITE_CHUNK {blockData=conID: 2 locID: 102667511510990863 bcsId: 0} | ret=SUCCESS |  
2019-08-23 17:38:21,929 | INFO  | DNAudit | user=null | ip=null | op=WRITE_CHUNK {blockData=conID: 2 locID: 102667511510990863 bcsId: 0} | ret=SUCCESS |  
2019-08-23 17:38:21,929 | INFO  | DNAudit | user=null | ip=null | op=WRITE_CHUNK {blockData=conID: 2 locID: 102667511510990863 bcsId: 0} | ret=SUCCESS |  
2019-08-23 17:38:21,939 | INFO  | DNAudit | user=null | ip=null | op=WRITE_CHUNK {blockData=conID: 2 locID: 102667511510990863 bcsId: 0} | ret=SUCCESS |  
2019-08-23 17:38:21,957 | INFO  | DNAudit | user=null | ip=null | op=WRITE_CHUNK {blockData=conID: 2 locID: 102667511510990863 bcsId: 0} | ret=SUCCESS |  
2019-08-23 17:38:21,958 | INFO  | DNAudit | user=null | ip=null | op=WRITE_CHUNK {blockData=conID: 2 locID: 102667511510990863 bcsId: 0} | ret=SUCCESS |  
2019-08-23 17:38:21,959 [grpc-default-executor-6] INFO  client.GrpcClientProtocolClient (GrpcClientProtocolClient.java:onNext(255)) - client-406233DAB254->3c4b984b-57f4-4c80-8be3-09d942f0ab46: receive RaftClientReply:client-406233DAB254->3c4b984b-57f4-4c80-8be3-09d942f0ab46@group-A2AF128F6104, cid=194, SUCCESS, logIndex=3, commits[3c4b984b-57f4-4c80-8be3-09d942f0ab46:c3, 6bac59a6-6e96-4b6d-a78d-651c0bed005c:c1, 85e641fa-5017-4198-8052-eafab442e101:c2]
2019-08-23 17:38:21,984 | INFO  | DNAudit | user=null | ip=null | op=PUT_BLOCK {blockData=[blockId=conID: 2 locID: 102667511510990863 bcsId: 0,size=200]} | ret=SUCCESS |  
2019-08-23 17:38:21,985 | INFO  | DNAudit | user=null | ip=null | op=WRITE_CHUNK {blockData=conID: 2 locID: 102667511510990863 bcsId: 0} | ret=SUCCESS |  
2019-08-23 17:38:21,986 | INFO  | DNAudit | user=null | ip=null | op=WRITE_CHUNK {blockData=conID: 2 locID: 102667511510990863 bcsId: 0} | ret=SUCCESS |  
2019-08-23 17:38:21,986 [grpc-default-executor-6] INFO  client.GrpcClientProtocolClient (GrpcClientProtocolClient.java:onNext(255)) - client-406233DAB254->3c4b984b-57f4-4c80-8be3-09d942f0ab46: receive RaftClientReply:client-406233DAB254->3c4b984b-57f4-4c80-8be3-09d942f0ab46@group-A2AF128F6104, cid=195, SUCCESS, logIndex=4, commits[3c4b984b-57f4-4c80-8be3-09d942f0ab46:c12, 6bac59a6-6e96-4b6d-a78d-651c0bed005c:c7, 85e641fa-5017-4198-8052-eafab442e101:c7]
2019-08-23 17:38:21,986 [grpc-default-executor-6] INFO  client.GrpcClientProtocolClient (GrpcClientProtocolClient.java:onNext(255)) - client-406233DAB254->3c4b984b-57f4-4c80-8be3-09d942f0ab46: receive RaftClientReply:client-406233DAB254->3c4b984b-57f4-4c80-8be3-09d942f0ab46@group-A2AF128F6104, cid=196, SUCCESS, logIndex=5, commits[3c4b984b-57f4-4c80-8be3-09d942f0ab46:c12, 6bac59a6-6e96-4b6d-a78d-651c0bed005c:c7, 85e641fa-5017-4198-8052-eafab442e101:c7]
2019-08-23 17:38:21,988 [grpc-default-executor-6] INFO  client.GrpcClientProtocolClient (GrpcClientProtocolClient.java:onNext(255)) - client-406233DAB254->3c4b984b-57f4-4c80-8be3-09d942f0ab46: receive RaftClientReply:client-406233DAB254->3c4b984b-57f4-4c80-8be3-09d942f0ab46@group-A2AF128F6104, cid=197, SUCCESS, logIndex=6, commits[3c4b984b-57f4-4c80-8be3-09d942f0ab46:c12, 6bac59a6-6e96-4b6d-a78d-651c0bed005c:c7, 85e641fa-5017-4198-8052-eafab442e101:c7]
2019-08-23 17:38:22,007 | INFO  | DNAudit | user=null | ip=null | op=PUT_BLOCK {blockData=[blockId=conID: 2 locID: 102667511510990863 bcsId: 0,size=200]} | ret=SUCCESS |  
2019-08-23 17:38:22,008 | INFO  | DNAudit | user=null | ip=null | op=WRITE_CHUNK {blockData=conID: 2 locID: 102667511510990863 bcsId: 0} | ret=SUCCESS |  
2019-08-23 17:38:22,009 | INFO  | DNAudit | user=null | ip=null | op=WRITE_CHUNK {blockData=conID: 2 locID: 102667511510990863 bcsId: 0} | ret=SUCCESS |  
2019-08-23 17:38:22,029 | INFO  | DNAudit | user=null | ip=null | op=PUT_BLOCK {blockData=[blockId=conID: 2 locID: 102667511510990863 bcsId: 0,size=400]} | ret=SUCCESS |  
2019-08-23 17:38:22,029 | INFO  | DNAudit | user=null | ip=null | op=PUT_BLOCK {blockData=[blockId=conID: 2 locID: 102667511510990863 bcsId: 0,size=400]} | ret=SUCCESS |  
2019-08-23 17:38:22,029 | INFO  | DNAudit | user=null | ip=null | op=PUT_BLOCK {blockData=[blockId=conID: 2 locID: 102667511510990863 bcsId: 0,size=200]} | ret=SUCCESS |  
2019-08-23 17:38:22,029 | INFO  | DNAudit | user=null | ip=null | op=WRITE_CHUNK {blockData=conID: 2 locID: 102667511510990863 bcsId: 0} | ret=SUCCESS |  
2019-08-23 17:38:22,030 | INFO  | DNAudit | user=null | ip=null | op=WRITE_CHUNK {blockData=conID: 2 locID: 102667511510990863 bcsId: 0} | ret=SUCCESS |  
2019-08-23 17:38:22,030 [grpc-default-executor-6] INFO  client.GrpcClientProtocolClient (GrpcClientProtocolClient.java:onNext(255)) - client-406233DAB254->3c4b984b-57f4-4c80-8be3-09d942f0ab46: receive RaftClientReply:client-406233DAB254->3c4b984b-57f4-4c80-8be3-09d942f0ab46@group-A2AF128F6104, cid=198, SUCCESS, logIndex=7, commits[3c4b984b-57f4-4c80-8be3-09d942f0ab46:c12, 6bac59a6-6e96-4b6d-a78d-651c0bed005c:c7, 85e641fa-5017-4198-8052-eafab442e101:c7]
2019-08-23 17:38:22,031 | INFO  | DNAudit | user=null | ip=null | op=PUT_BLOCK {blockData=[blockId=conID: 2 locID: 102667511510990863 bcsId: 0,size=400]} | ret=SUCCESS |  
2019-08-23 17:38:22,034 | INFO  | DNAudit | user=null | ip=null | op=WRITE_CHUNK {blockData=conID: 2 locID: 102667511510990863 bcsId: 7} | ret=SUCCESS |  
2019-08-23 17:38:22,039 | INFO  | DNAudit | user=null | ip=null | op=WRITE_CHUNK {blockData=conID: 2 locID: 102667511510990863 bcsId: 7} | ret=SUCCESS |  
2019-08-23 17:38:22,039 | INFO  | DNAudit | user=null | ip=null | op=WRITE_CHUNK {blockData=conID: 2 locID: 102667511510990863 bcsId: 7} | ret=SUCCESS |  
2019-08-23 17:38:22,042 | INFO  | DNAudit | user=null | ip=null | op=WRITE_CHUNK {blockData=conID: 2 locID: 102667511510990863 bcsId: 7} | ret=SUCCESS |  
2019-08-23 17:38:22,043 | INFO  | DNAudit | user=null | ip=null | op=PUT_BLOCK {blockData=[blockId=conID: 2 locID: 102667511510990863 bcsId: 0,size=450]} | ret=SUCCESS |  
2019-08-23 17:38:22,044 [grpc-default-executor-5] INFO  client.GrpcClientProtocolClient (GrpcClientProtocolClient.java:onNext(255)) - client-406233DAB254->3c4b984b-57f4-4c80-8be3-09d942f0ab46: receive RaftClientReply:client-406233DAB254->3c4b984b-57f4-4c80-8be3-09d942f0ab46@group-A2AF128F6104, cid=199, SUCCESS, logIndex=13, commits[3c4b984b-57f4-4c80-8be3-09d942f0ab46:c14, 6bac59a6-6e96-4b6d-a78d-651c0bed005c:c12, 85e641fa-5017-4198-8052-eafab442e101:c12]
2019-08-23 17:38:22,045 [grpc-default-executor-5] INFO  client.GrpcClientProtocolClient (GrpcClientProtocolClient.java:onNext(255)) - client-406233DAB254->3c4b984b-57f4-4c80-8be3-09d942f0ab46: receive RaftClientReply:client-406233DAB254->3c4b984b-57f4-4c80-8be3-09d942f0ab46@group-A2AF128F6104, cid=200, SUCCESS, logIndex=14, commits[3c4b984b-57f4-4c80-8be3-09d942f0ab46:c14, 6bac59a6-6e96-4b6d-a78d-651c0bed005c:c12, 85e641fa-5017-4198-8052-eafab442e101:c12]
2019-08-23 17:38:22,062 | INFO  | DNAudit | user=null | ip=null | op=WRITE_CHUNK {blockData=conID: 2 locID: 102667511510990863 bcsId: 7} | ret=SUCCESS |  
2019-08-23 17:38:22,062 | INFO  | DNAudit | user=null | ip=null | op=WRITE_CHUNK {blockData=conID: 2 locID: 102667511510990863 bcsId: 7} | ret=SUCCESS |  
2019-08-23 17:38:22,068 | INFO  | DNAudit | user=null | ip=null | op=PUT_BLOCK {blockData=[blockId=conID: 2 locID: 102667511510990863 bcsId: 0,size=450]} | ret=SUCCESS |  
2019-08-23 17:38:22,068 | INFO  | DNAudit | user=null | ip=null | op=PUT_BLOCK {blockData=[blockId=conID: 2 locID: 102667511510990863 bcsId: 0,size=450]} | ret=SUCCESS |  
2019-08-23 17:38:22,072 [grpc-default-executor-5] INFO  client.GrpcClientProtocolClient (GrpcClientProtocolClient.java:onNext(255)) - client-406233DAB254->3c4b984b-57f4-4c80-8be3-09d942f0ab46: receive RaftClientReply:client-406233DAB254->3c4b984b-57f4-4c80-8be3-09d942f0ab46@group-A2AF128F6104, cid=201, SUCCESS, logIndex=0, commits[3c4b984b-57f4-4c80-8be3-09d942f0ab46:c16, 6bac59a6-6e96-4b6d-a78d-651c0bed005c:c14, 85e641fa-5017-4198-8052-eafab442e101:c14]
2019-08-23 17:38:22,073 [main] INFO  ozone.MiniOzoneClusterImpl (MiniOzoneClusterImpl.java:shutdown(321)) - Shutting down the Mini Ozone Cluster
2019-08-23 17:38:22,074 | INFO  | SCMAudit | user=null | ip=null | op=GET_SCM_INFO null | ret=SUCCESS |  
2019-08-23 17:38:22,074 [main] INFO  ozone.MiniOzoneClusterImpl (MiniOzoneClusterImpl.java:stop(336)) - Stopping the Mini Ozone Cluster
2019-08-23 17:38:22,074 [main] INFO  ozone.MiniOzoneClusterImpl (MiniOzoneClusterImpl.java:stop(338)) - Stopping the OzoneManager
2019-08-23 17:38:22,074 [main] INFO  ipc.Server (Server.java:stop(3082)) - Stopping server on 42509
2019-08-23 17:38:22,093 [IPC Server listener on 42509] INFO  ipc.Server (Server.java:run(1185)) - Stopping IPC Server listener on 42509
2019-08-23 17:38:22,093 [main] INFO  ratis.OzoneManagerDoubleBuffer (OzoneManagerDoubleBuffer.java:stop(248)) - Stopping OMDoubleBuffer flush thread
2019-08-23 17:38:22,093 [IPC Server Responder] INFO  ipc.Server (Server.java:run(1319)) - Stopping IPC Server Responder
2019-08-23 17:38:22,110 [OMDoubleBufferFlushThread] INFO  ratis.OzoneManagerDoubleBuffer (OzoneManagerDoubleBuffer.java:flushTransactions(191)) - OMDoubleBuffer flush thread OMDoubleBufferFlushThread is interrupted and will exit. OMDoubleBufferFlushThread
2019-08-23 17:38:22,110 [main] INFO  utils.BackgroundService (BackgroundService.java:shutdown(148)) - Shutting down service KeyDeletingService
2019-08-23 17:38:22,112 [main] INFO  handler.ContextHandler (ContextHandler.java:doStop(910)) - Stopped o.e.j.w.WebAppContext@7eb006bd{/,null,UNAVAILABLE}{/ozoneManager}
2019-08-23 17:38:22,113 [main] INFO  server.AbstractConnector (AbstractConnector.java:doStop(318)) - Stopped ServerConnector@633dce39{HTTP/1.1,[http/1.1]}{0.0.0.0:0}
2019-08-23 17:38:22,113 [main] INFO  handler.ContextHandler (ContextHandler.java:doStop(910)) - Stopped o.e.j.s.ServletContextHandler@46f3d0f7{/static,file:///workdir/hadoop-ozone/integration-test/target/test-classes/webapps/static,UNAVAILABLE}
2019-08-23 17:38:22,114 [main] INFO  handler.ContextHandler (ContextHandler.java:doStop(910)) - Stopped o.e.j.s.ServletContextHandler@452ea8f0{/logs,file:///workdir/hadoop-ozone/integration-test/target/log,UNAVAILABLE}
2019-08-23 17:38:22,117 [main] INFO  ozone.MiniOzoneClusterImpl (MiniOzoneClusterImpl.java:stop(344)) - Shutting the HddsDatanodes
2019-08-23 17:38:22,118 [main] INFO  datanode.ObjectStoreHandler (ObjectStoreHandler.java:close(155)) - Closing ObjectStoreHandler.
2019-08-23 17:38:22,118 [ForkJoinPool.commonPool-worker-1] INFO  datanode.ObjectStoreHandler (ObjectStoreHandler.java:close(155)) - Closing ObjectStoreHandler.
2019-08-23 17:38:22,119 [ForkJoinPool.commonPool-worker-1] INFO  ozone.HddsDatanodeService (HddsDatanodeService.java:stop(451)) - Stopped plug-in org.apache.hadoop.ozone.web.OzoneHddsDatanodeService@42599b84
2019-08-23 17:38:22,119 [main] INFO  ozone.HddsDatanodeService (HddsDatanodeService.java:stop(451)) - Stopped plug-in org.apache.hadoop.ozone.web.OzoneHddsDatanodeService@24fcfdb
2019-08-23 17:38:22,179 | INFO  | SCMAudit | user=jenkins1000 | ip=192.168.5.164 | op=SEND_HEARTBEAT {datanodeUUID=dc82463a-faf1-47ee-884f-ca1185c16136, command=[]} | ret=SUCCESS |  
2019-08-23 17:38:22,188 [grpc-default-executor-4] WARN  server.GrpcLogAppender (LogUtils.java:warn(134)) - a5ccefe7-6527-4c8b-8ee9-d8dc1719327d->af295c0c-cf39-49e0-b1b6-91e795e968f5: Failed appendEntries: org.apache.ratis.thirdparty.io.grpc.StatusRuntimeException: UNAVAILABLE: io exception
2019-08-23 17:38:22,188 | INFO  | DNAudit | user=null | ip=null | op=PUT_BLOCK {blockData=[blockId=conID: 1 locID: 102667510758768654 bcsId: 0,size=800]} | ret=SUCCESS |  
2019-08-23 17:38:22,188 [grpc-default-executor-4] INFO  impl.FollowerInfo (FollowerInfo.java:lambda$new$0(50)) - a5ccefe7-6527-4c8b-8ee9-d8dc1719327d->af295c0c-cf39-49e0-b1b6-91e795e968f5: nextIndex: updateUnconditionally 16 -> 15
2019-08-23 17:38:22,385 | INFO  | SCMAudit | user=jenkins1000 | ip=192.168.5.164 | op=SEND_HEARTBEAT {datanodeUUID=12ec41bc-15f8-4651-8725-e0a5649e7d04, command=[]} | ret=SUCCESS |  
2019-08-23 17:38:22,386 [Datanode State Machine Thread - 0] INFO  statemachine.DatanodeStateMachine (DatanodeStateMachine.java:lambda$startDaemon$0(350)) - Ozone container server started.
2019-08-23 17:38:22,401 | INFO  | SCMAudit | user=jenkins1000 | ip=192.168.5.164 | op=SEND_HEARTBEAT {datanodeUUID=12ec41bc-15f8-4651-8725-e0a5649e7d04, command=[]} | ret=SUCCESS |  
2019-08-23 17:38:22,740 [grpc-default-executor-4] INFO  client.GrpcClientProtocolClient (GrpcClientProtocolClient.java:onNext(255)) - client-55D135844321->a5ccefe7-6527-4c8b-8ee9-d8dc1719327d: receive RaftClientReply:client-55D135844321->a5ccefe7-6527-4c8b-8ee9-d8dc1719327d@group-768E427EC958, cid=192, SUCCESS, logIndex=0, commits[a5ccefe7-6527-4c8b-8ee9-d8dc1719327d:c27, af295c0c-cf39-49e0-b1b6-91e795e968f5:c16, 12ec41bc-15f8-4651-8725-e0a5649e7d04:c27]
2019-08-23 17:38:22,900 [Datanode State Machine Thread - 0] INFO  statemachine.DatanodeStateMachine (DatanodeStateMachine.java:lambda$startDaemon$0(350)) - Ozone container server started.
2019-08-23 17:38:22,901 | INFO  | SCMAudit | user=jenkins1000 | ip=192.168.5.164 | op=SEND_HEARTBEAT {datanodeUUID=6bac59a6-6e96-4b6d-a78d-651c0bed005c, command=[]} | ret=SUCCESS |  
2019-08-23 17:38:22,901 | INFO  | SCMAudit | user=jenkins1000 | ip=192.168.5.164 | op=SEND_HEARTBEAT {datanodeUUID=3c4b984b-57f4-4c80-8be3-09d942f0ab46, command=[]} | ret=SUCCESS |  
2019-08-23 17:38:23,178 | INFO  | SCMAudit | user=jenkins1000 | ip=192.168.5.164 | op=SEND_HEARTBEAT {datanodeUUID=dc82463a-faf1-47ee-884f-ca1185c16136, command=[]} | ret=SUCCESS |  
2019-08-23 17:38:23,401 | INFO  | SCMAudit | user=jenkins1000 | ip=192.168.5.164 | op=SEND_HEARTBEAT {datanodeUUID=12ec41bc-15f8-4651-8725-e0a5649e7d04, command=[]} | ret=SUCCESS |  
2019-08-23 17:38:23,901 | INFO  | SCMAudit | user=jenkins1000 | ip=192.168.5.164 | op=SEND_HEARTBEAT {datanodeUUID=3c4b984b-57f4-4c80-8be3-09d942f0ab46, command=[]} | ret=SUCCESS |  
2019-08-23 17:38:23,901 | INFO  | SCMAudit | user=jenkins1000 | ip=192.168.5.164 | op=SEND_HEARTBEAT {datanodeUUID=6bac59a6-6e96-4b6d-a78d-651c0bed005c, command=[]} | ret=SUCCESS |  
2019-08-23 17:38:24,178 | INFO  | SCMAudit | user=jenkins1000 | ip=192.168.5.164 | op=SEND_HEARTBEAT {datanodeUUID=dc82463a-faf1-47ee-884f-ca1185c16136, command=[]} | ret=SUCCESS |  
2019-08-23 17:38:24,401 | INFO  | SCMAudit | user=jenkins1000 | ip=192.168.5.164 | op=SEND_HEARTBEAT {datanodeUUID=12ec41bc-15f8-4651-8725-e0a5649e7d04, command=[]} | ret=SUCCESS |  
2019-08-23 17:38:24,688 [grpc-default-executor-4] WARN  server.GrpcLogAppender (LogUtils.java:warn(134)) - a5ccefe7-6527-4c8b-8ee9-d8dc1719327d->af295c0c-cf39-49e0-b1b6-91e795e968f5: Failed appendEntries: org.apache.ratis.thirdparty.io.grpc.StatusRuntimeException: UNAVAILABLE: io exception
2019-08-23 17:38:24,689 [grpc-default-executor-4] INFO  impl.FollowerInfo (FollowerInfo.java:lambda$new$0(50)) - a5ccefe7-6527-4c8b-8ee9-d8dc1719327d->af295c0c-cf39-49e0-b1b6-91e795e968f5: nextIndex: updateUnconditionally 15 -> 14
2019-08-23 17:38:24,902 | INFO  | SCMAudit | user=jenkins1000 | ip=192.168.5.164 | op=SEND_HEARTBEAT {datanodeUUID=3c4b984b-57f4-4c80-8be3-09d942f0ab46, command=[]} | ret=SUCCESS |  
2019-08-23 17:38:24,902 | INFO  | SCMAudit | user=jenkins1000 | ip=192.168.5.164 | op=SEND_HEARTBEAT {datanodeUUID=6bac59a6-6e96-4b6d-a78d-651c0bed005c, command=[]} | ret=SUCCESS |  
2019-08-23 17:38:25,178 | INFO  | SCMAudit | user=jenkins1000 | ip=192.168.5.164 | op=SEND_HEARTBEAT {datanodeUUID=dc82463a-faf1-47ee-884f-ca1185c16136, command=[]} | ret=SUCCESS |  
2019-08-23 17:38:25,402 | INFO  | SCMAudit | user=jenkins1000 | ip=192.168.5.164 | op=SEND_HEARTBEAT {datanodeUUID=12ec41bc-15f8-4651-8725-e0a5649e7d04, command=[]} | ret=SUCCESS |  
2019-08-23 17:38:25,901 | INFO  | SCMAudit | user=jenkins1000 | ip=192.168.5.164 | op=SEND_HEARTBEAT {datanodeUUID=3c4b984b-57f4-4c80-8be3-09d942f0ab46, command=[]} | ret=SUCCESS |  
2019-08-23 17:38:25,901 | INFO  | SCMAudit | user=jenkins1000 | ip=192.168.5.164 | op=SEND_HEARTBEAT {datanodeUUID=6bac59a6-6e96-4b6d-a78d-651c0bed005c, command=[]} | ret=SUCCESS |  
2019-08-23 17:38:26,178 | INFO  | SCMAudit | user=jenkins1000 | ip=192.168.5.164 | op=SEND_HEARTBEAT {datanodeUUID=dc82463a-faf1-47ee-884f-ca1185c16136, command=[]} | ret=SUCCESS |  
2019-08-23 17:38:26,402 | INFO  | SCMAudit | user=jenkins1000 | ip=192.168.5.164 | op=SEND_HEARTBEAT {datanodeUUID=12ec41bc-15f8-4651-8725-e0a5649e7d04, command=[]} | ret=SUCCESS |  
2019-08-23 17:38:26,460 [EventQueue-StaleNodeForStaleNodeHandler] INFO  node.StaleNodeHandler (StaleNodeHandler.java:onMessage(58)) - Datanode a5ccefe7-6527-4c8b-8ee9-d8dc1719327d{ip: 192.168.5.164, host: pr-hdds-2002-fbg9h-2504998875, networkLocation: /default-rack, certSerialId: null} moved to stale state. Finalizing its pipelines [PipelineID=f899fb18-cbd3-4692-ab36-fe600c6163f0, PipelineID=fba7aaf2-c569-4c7a-9eb4-768e427ec958]
2019-08-23 17:38:26,461 [EventQueue-StaleNodeForStaleNodeHandler] INFO  pipeline.SCMPipelineManager (SCMPipelineManager.java:finalizeAndDestroyPipeline(309)) - destroying pipeline:Pipeline[ Id: f899fb18-cbd3-4692-ab36-fe600c6163f0, Nodes: a5ccefe7-6527-4c8b-8ee9-d8dc1719327d{ip: 192.168.5.164, host: pr-hdds-2002-fbg9h-2504998875, networkLocation: /default-rack, certSerialId: null}, Type:RATIS, Factor:ONE, State:OPEN]
2019-08-23 17:38:26,461 [EventQueue-StaleNodeForStaleNodeHandler] INFO  pipeline.PipelineStateManager (PipelineStateManager.java:finalizePipeline(123)) - Pipeline Pipeline[ Id: f899fb18-cbd3-4692-ab36-fe600c6163f0, Nodes: a5ccefe7-6527-4c8b-8ee9-d8dc1719327d{ip: 192.168.5.164, host: pr-hdds-2002-fbg9h-2504998875, networkLocation: /default-rack, certSerialId: null}, Type:RATIS, Factor:ONE, State:CLOSED] moved to CLOSED state
2019-08-23 17:38:26,462 [EventQueue-StaleNodeForStaleNodeHandler] INFO  pipeline.SCMPipelineManager (SCMPipelineManager.java:finalizeAndDestroyPipeline(309)) - destroying pipeline:Pipeline[ Id: fba7aaf2-c569-4c7a-9eb4-768e427ec958, Nodes: af295c0c-cf39-49e0-b1b6-91e795e968f5{ip: 192.168.5.164, host: pr-hdds-2002-fbg9h-2504998875, networkLocation: /default-rack, certSerialId: null}12ec41bc-15f8-4651-8725-e0a5649e7d04{ip: 192.168.5.164, host: pr-hdds-2002-fbg9h-2504998875, networkLocation: /default-rack, certSerialId: null}a5ccefe7-6527-4c8b-8ee9-d8dc1719327d{ip: 192.168.5.164, host: pr-hdds-2002-fbg9h-2504998875, networkLocation: /default-rack, certSerialId: null}, Type:RATIS, Factor:THREE, State:CLOSED]
2019-08-23 17:38:26,901 | INFO  | SCMAudit | user=jenkins1000 | ip=192.168.5.164 | op=SEND_HEARTBEAT {datanodeUUID=3c4b984b-57f4-4c80-8be3-09d942f0ab46, command=[]} | ret=SUCCESS |  
2019-08-23 17:38:26,901 | INFO  | SCMAudit | user=jenkins1000 | ip=192.168.5.164 | op=SEND_HEARTBEAT {datanodeUUID=6bac59a6-6e96-4b6d-a78d-651c0bed005c, command=[]} | ret=SUCCESS |  
2019-08-23 17:38:26,961 [EventQueue-StaleNodeForStaleNodeHandler] INFO  node.StaleNodeHandler (StaleNodeHandler.java:onMessage(58)) - Datanode 85e641fa-5017-4198-8052-eafab442e101{ip: 192.168.5.164, host: pr-hdds-2002-fbg9h-2504998875, networkLocation: /default-rack, certSerialId: null} moved to stale state. Finalizing its pipelines [PipelineID=940848cb-b2a3-4e81-a63e-c1f4f721a74b, PipelineID=457eed1a-3fb3-4d44-ad28-a2af128f6104]
2019-08-23 17:38:26,962 [EventQueue-StaleNodeForStaleNodeHandler] INFO  pipeline.SCMPipelineManager (SCMPipelineManager.java:finalizeAndDestroyPipeline(309)) - destroying pipeline:Pipeline[ Id: 940848cb-b2a3-4e81-a63e-c1f4f721a74b, Nodes: 85e641fa-5017-4198-8052-eafab442e101{ip: 192.168.5.164, host: pr-hdds-2002-fbg9h-2504998875, networkLocation: /default-rack, certSerialId: null}, Type:RATIS, Factor:ONE, State:OPEN]
2019-08-23 17:38:26,962 [EventQueue-StaleNodeForStaleNodeHandler] INFO  pipeline.PipelineStateManager (PipelineStateManager.java:finalizePipeline(123)) - Pipeline Pipeline[ Id: 940848cb-b2a3-4e81-a63e-c1f4f721a74b, Nodes: 85e641fa-5017-4198-8052-eafab442e101{ip: 192.168.5.164, host: pr-hdds-2002-fbg9h-2504998875, networkLocation: /default-rack, certSerialId: null}, Type:RATIS, Factor:ONE, State:CLOSED] moved to CLOSED state
2019-08-23 17:38:26,962 [EventQueue-StaleNodeForStaleNodeHandler] INFO  pipeline.SCMPipelineManager (SCMPipelineManager.java:finalizeAndDestroyPipeline(309)) - destroying pipeline:Pipeline[ Id: 457eed1a-3fb3-4d44-ad28-a2af128f6104, Nodes: 6bac59a6-6e96-4b6d-a78d-651c0bed005c{ip: 192.168.5.164, host: pr-hdds-2002-fbg9h-2504998875, networkLocation: /default-rack, certSerialId: null}3c4b984b-57f4-4c80-8be3-09d942f0ab46{ip: 192.168.5.164, host: pr-hdds-2002-fbg9h-2504998875, networkLocation: /default-rack, certSerialId: null}85e641fa-5017-4198-8052-eafab442e101{ip: 192.168.5.164, host: pr-hdds-2002-fbg9h-2504998875, networkLocation: /default-rack, certSerialId: null}, Type:RATIS, Factor:THREE, State:OPEN]
2019-08-23 17:38:26,962 [EventQueue-StaleNodeForStaleNodeHandler] INFO  pipeline.PipelineStateManager (PipelineStateManager.java:finalizePipeline(123)) - Pipeline Pipeline[ Id: 457eed1a-3fb3-4d44-ad28-a2af128f6104, Nodes: 6bac59a6-6e96-4b6d-a78d-651c0bed005c{ip: 192.168.5.164, host: pr-hdds-2002-fbg9h-2504998875, networkLocation: /default-rack, certSerialId: null}3c4b984b-57f4-4c80-8be3-09d942f0ab46{ip: 192.168.5.164, host: pr-hdds-2002-fbg9h-2504998875, networkLocation: /default-rack, certSerialId: null}85e641fa-5017-4198-8052-eafab442e101{ip: 192.168.5.164, host: pr-hdds-2002-fbg9h-2504998875, networkLocation: /default-rack, certSerialId: null}, Type:RATIS, Factor:THREE, State:CLOSED] moved to CLOSED state
2019-08-23 17:38:26,963 [EventQueue-CloseContainerForCloseContainerEventHandler] INFO  container.CloseContainerEventHandler (CloseContainerEventHandler.java:onMessage(61)) - Close container Event triggered for container : #2
2019-08-23 17:38:27,120 [ForkJoinPool.commonPool-worker-1] INFO  ozoneimpl.OzoneContainer (OzoneContainer.java:stop(199)) - Attempting to stop container services.
2019-08-23 17:38:27,120 [main] INFO  ozoneimpl.OzoneContainer (OzoneContainer.java:stop(199)) - Attempting to stop container services.
2019-08-23 17:38:27,120 [ForkJoinPool.commonPool-worker-1] INFO  impl.RaftServerProxy (RaftServerProxy.java:lambda$close$4(314)) - a5ccefe7-6527-4c8b-8ee9-d8dc1719327d: close
2019-08-23 17:38:27,121 [main] INFO  impl.RaftServerProxy (RaftServerProxy.java:lambda$close$4(314)) - 85e641fa-5017-4198-8052-eafab442e101: close
2019-08-23 17:38:27,121 [ForkJoinPool.commonPool-worker-1] INFO  impl.RaftServerImpl (RaftServerImpl.java:lambda$shutdown$3(245)) - a5ccefe7-6527-4c8b-8ee9-d8dc1719327d: shutdown group-FE600C6163F0
2019-08-23 17:38:27,122 [main] INFO  impl.RaftServerImpl (RaftServerImpl.java:lambda$shutdown$3(245)) - 85e641fa-5017-4198-8052-eafab442e101: shutdown group-C1F4F721A74B
2019-08-23 17:38:27,122 [ForkJoinPool.commonPool-worker-1] INFO  util.JmxRegister (JmxRegister.java:unregister(73)) - Successfully un-registered JMX Bean with object name Ratis:service=RaftServer,group=group-FE600C6163F0,id=a5ccefe7-6527-4c8b-8ee9-d8dc1719327d
2019-08-23 17:38:27,123 [ForkJoinPool.commonPool-worker-1] INFO  impl.RoleInfo (RoleInfo.java:shutdownLeaderState(104)) - a5ccefe7-6527-4c8b-8ee9-d8dc1719327d: shutdown LeaderState
2019-08-23 17:38:27,122 [main] INFO  util.JmxRegister (JmxRegister.java:unregister(73)) - Successfully un-registered JMX Bean with object name Ratis:service=RaftServer,group=group-C1F4F721A74B,id=85e641fa-5017-4198-8052-eafab442e101
2019-08-23 17:38:27,123 [ForkJoinPool.commonPool-worker-1] INFO  impl.PendingRequests (PendingRequests.java:sendNotLeaderResponses(202)) - a5ccefe7-6527-4c8b-8ee9-d8dc1719327d-PendingRequests: sendNotLeaderResponses
2019-08-23 17:38:27,123 [main] INFO  impl.RoleInfo (RoleInfo.java:shutdownLeaderState(104)) - 85e641fa-5017-4198-8052-eafab442e101: shutdown LeaderState
2019-08-23 17:38:27,124 [ForkJoinPool.commonPool-worker-1] INFO  impl.StateMachineUpdater (StateMachineUpdater.java:stopAndJoin(115)) - StateMachineUpdater:a5ccefe7-6527-4c8b-8ee9-d8dc1719327d:group-FE600C6163F0: set stopIndex = 0
2019-08-23 17:38:27,124 [main] INFO  impl.PendingRequests (PendingRequests.java:sendNotLeaderResponses(202)) - 85e641fa-5017-4198-8052-eafab442e101-PendingRequests: sendNotLeaderResponses
2019-08-23 17:38:27,125 [ForkJoinPool.commonPool-worker-1] INFO  impl.RaftServerImpl (ServerState.java:close(394)) - a5ccefe7-6527-4c8b-8ee9-d8dc1719327d:group-FE600C6163F0 closes. The last applied log index is 0
2019-08-23 17:38:27,125 [main] INFO  impl.StateMachineUpdater (StateMachineUpdater.java:stopAndJoin(115)) - StateMachineUpdater:85e641fa-5017-4198-8052-eafab442e101:group-C1F4F721A74B: set stopIndex = 0
2019-08-23 17:38:27,126 [main] INFO  impl.RaftServerImpl (ServerState.java:close(394)) - 85e641fa-5017-4198-8052-eafab442e101:group-C1F4F721A74B closes. The last applied log index is 0
2019-08-23 17:38:27,126 [a5ccefe7-6527-4c8b-8ee9-d8dc1719327d-SegmentedRaftLogWorker:Storage Directory /workdir/hadoop-ozone/integration-test/target/test-dir/MiniOzoneClusterImpl-cabca72f-823b-48bd-9dbb-41083dd38152/datanode-1/data/ratis/f899fb18-cbd3-4692-ab36-fe600c6163f0] INFO  segmented.SegmentedRaftLogWorker (SegmentedRaftLogWorker.java:run(313)) - a5ccefe7-6527-4c8b-8ee9-d8dc1719327d-SegmentedRaftLogWorker:Storage Directory /workdir/hadoop-ozone/integration-test/target/test-dir/MiniOzoneClusterImpl-cabca72f-823b-48bd-9dbb-41083dd38152/datanode-1/data/ratis/f899fb18-cbd3-4692-ab36-fe600c6163f0 was interrupted, exiting. There are 0 tasks remaining in the queue.
2019-08-23 17:38:27,126 [85e641fa-5017-4198-8052-eafab442e101-SegmentedRaftLogWorker:Storage Directory /workdir/hadoop-ozone/integration-test/target/test-dir/MiniOzoneClusterImpl-cabca72f-823b-48bd-9dbb-41083dd38152/datanode-4/data/ratis/940848cb-b2a3-4e81-a63e-c1f4f721a74b] INFO  segmented.SegmentedRaftLogWorker (SegmentedRaftLogWorker.java:run(313)) - 85e641fa-5017-4198-8052-eafab442e101-SegmentedRaftLogWorker:Storage Directory /workdir/hadoop-ozone/integration-test/target/test-dir/MiniOzoneClusterImpl-cabca72f-823b-48bd-9dbb-41083dd38152/datanode-4/data/ratis/940848cb-b2a3-4e81-a63e-c1f4f721a74b was interrupted, exiting. There are 0 tasks remaining in the queue.
2019-08-23 17:38:27,130 [ForkJoinPool.commonPool-worker-1] INFO  segmented.SegmentedRaftLogWorker (SegmentedRaftLogWorker.java:close(228)) - a5ccefe7-6527-4c8b-8ee9-d8dc1719327d-SegmentedRaftLogWorker:Storage Directory /workdir/hadoop-ozone/integration-test/target/test-dir/MiniOzoneClusterImpl-cabca72f-823b-48bd-9dbb-41083dd38152/datanode-1/data/ratis/f899fb18-cbd3-4692-ab36-fe600c6163f0 close()
2019-08-23 17:38:27,133 [main] INFO  segmented.SegmentedRaftLogWorker (SegmentedRaftLogWorker.java:close(228)) - 85e641fa-5017-4198-8052-eafab442e101-SegmentedRaftLogWorker:Storage Directory /workdir/hadoop-ozone/integration-test/target/test-dir/MiniOzoneClusterImpl-cabca72f-823b-48bd-9dbb-41083dd38152/datanode-4/data/ratis/940848cb-b2a3-4e81-a63e-c1f4f721a74b close()
2019-08-23 17:38:27,137 [ForkJoinPool.commonPool-worker-1] INFO  impl.RaftServerImpl (RaftServerImpl.java:lambda$shutdown$3(245)) - a5ccefe7-6527-4c8b-8ee9-d8dc1719327d: shutdown group-768E427EC958
2019-08-23 17:38:27,142 [main] INFO  impl.RaftServerImpl (RaftServerImpl.java:lambda$shutdown$3(245)) - 85e641fa-5017-4198-8052-eafab442e101: shutdown group-A2AF128F6104
2019-08-23 17:38:27,142 [ForkJoinPool.commonPool-worker-1] INFO  util.JmxRegister (JmxRegister.java:unregister(73)) - Successfully un-registered JMX Bean with object name Ratis:service=RaftServer,group=group-768E427EC958,id=a5ccefe7-6527-4c8b-8ee9-d8dc1719327d
2019-08-23 17:38:27,142 [main] INFO  util.JmxRegister (JmxRegister.java:unregister(73)) - Successfully un-registered JMX Bean with object name Ratis:service=RaftServer,group=group-A2AF128F6104,id=85e641fa-5017-4198-8052-eafab442e101
2019-08-23 17:38:27,143 [ForkJoinPool.commonPool-worker-1] INFO  impl.RoleInfo (RoleInfo.java:shutdownLeaderState(104)) - a5ccefe7-6527-4c8b-8ee9-d8dc1719327d: shutdown LeaderState
2019-08-23 17:38:27,143 [main] INFO  impl.RoleInfo (RoleInfo.java:shutdownFollowerState(121)) - 85e641fa-5017-4198-8052-eafab442e101: shutdown FollowerState
2019-08-23 17:38:27,160 [org.apache.ratis.server.impl.LogAppender$AppenderDaemon$$Lambda$482/1047574207@7ec638c6] WARN  server.GrpcLogAppender (GrpcLogAppender.java:mayWait(143)) - GrpcLogAppender(a5ccefe7-6527-4c8b-8ee9-d8dc1719327d->12ec41bc-15f8-4651-8725-e0a5649e7d04): Wait interrupted by java.lang.InterruptedException
2019-08-23 17:38:27,161 [Thread-3662] INFO  impl.FollowerState (FollowerState.java:run(114)) - 85e641fa-5017-4198-8052-eafab442e101: FollowerState was interrupted: java.lang.InterruptedException: sleep interrupted
2019-08-23 17:38:27,160 [org.apache.ratis.server.impl.LogAppender$AppenderDaemon$$Lambda$482/1047574207@3bc4a1da] WARN  server.GrpcLogAppender (GrpcLogAppender.java:mayWait(143)) - GrpcLogAppender(a5ccefe7-6527-4c8b-8ee9-d8dc1719327d->af295c0c-cf39-49e0-b1b6-91e795e968f5): Wait interrupted by java.lang.InterruptedException
2019-08-23 17:38:27,160 [ForkJoinPool.commonPool-worker-1] INFO  impl.PendingRequests (PendingRequests.java:sendNotLeaderResponses(202)) - a5ccefe7-6527-4c8b-8ee9-d8dc1719327d-PendingRequests: sendNotLeaderResponses
2019-08-23 17:38:27,163 [grpc-default-executor-6] INFO  server.GrpcServerProtocolService (GrpcServerProtocolService.java:onCompleted(104)) - 12ec41bc-15f8-4651-8725-e0a5649e7d04: appendEntries completed
2019-08-23 17:38:27,161 [StateMachineUpdater:85e641fa-5017-4198-8052-eafab442e101:group-A2AF128F6104] INFO  ratis.ContainerStateMachine (ContainerStateMachine.java:takeSnapshot(283)) - group-A2AF128F6104: Taking a snapshot at:(t:2, i:14) file /workdir/hadoop-ozone/integration-test/target/test-dir/MiniOzoneClusterImpl-cabca72f-823b-48bd-9dbb-41083dd38152/datanode-4/data/ratis/457eed1a-3fb3-4d44-ad28-a2af128f6104/sm/snapshot.2_14
2019-08-23 17:38:27,161 [main] INFO  impl.StateMachineUpdater (StateMachineUpdater.java:stopAndJoin(115)) - StateMachineUpdater:85e641fa-5017-4198-8052-eafab442e101:group-A2AF128F6104: set stopIndex = 16
2019-08-23 17:38:27,168 [grpc-default-executor-6] INFO  server.GrpcLogAppender (GrpcLogAppender.java:onCompleted(292)) - a5ccefe7-6527-4c8b-8ee9-d8dc1719327d->12ec41bc-15f8-4651-8725-e0a5649e7d04: follower responses appendEntries COMPLETED
2019-08-23 17:38:27,168 [ForkJoinPool.commonPool-worker-1] INFO  impl.StateMachineUpdater (StateMachineUpdater.java:stopAndJoin(115)) - StateMachineUpdater:a5ccefe7-6527-4c8b-8ee9-d8dc1719327d:group-768E427EC958: set stopIndex = 27
2019-08-23 17:38:27,169 [grpc-default-executor-6] INFO  impl.FollowerInfo (FollowerInfo.java:lambda$new$0(50)) - a5ccefe7-6527-4c8b-8ee9-d8dc1719327d->12ec41bc-15f8-4651-8725-e0a5649e7d04: nextIndex: updateUnconditionally 28 -> 27
2019-08-23 17:38:27,169 [StateMachineUpdater:a5ccefe7-6527-4c8b-8ee9-d8dc1719327d:group-768E427EC958] INFO  ratis.ContainerStateMachine (ContainerStateMachine.java:takeSnapshot(283)) - group-768E427EC958: Taking a snapshot at:(t:1, i:24) file /workdir/hadoop-ozone/integration-test/target/test-dir/MiniOzoneClusterImpl-cabca72f-823b-48bd-9dbb-41083dd38152/datanode-1/data/ratis/fba7aaf2-c569-4c7a-9eb4-768e427ec958/sm/snapshot.1_24
2019-08-23 17:38:27,169 [Thread-3768] INFO  client.GrpcClientProtocolService (GrpcClientProtocolService.java:lambda$processClientRequest$0(278)) - Failed RaftClientRequest:client-55D135844321->a5ccefe7-6527-4c8b-8ee9-d8dc1719327d@group-768E427EC958, cid=191, seq=0, Watch-ALL_COMMITTED(22), Message:<EMPTY>, reply=RaftClientReply:client-55D135844321->a5ccefe7-6527-4c8b-8ee9-d8dc1719327d@group-768E427EC958, cid=191, FAILED org.apache.ratis.protocol.NotLeaderException: Server a5ccefe7-6527-4c8b-8ee9-d8dc1719327d is not the leader (null). Request must be sent to leader., logIndex=0, commits[a5ccefe7-6527-4c8b-8ee9-d8dc1719327d:c27]
2019-08-23 17:38:27,169 [Thread-3767] INFO  client.GrpcClientProtocolService (GrpcClientProtocolService.java:lambda$processClientRequest$0(278)) - Failed RaftClientRequest:client-55D135844321->a5ccefe7-6527-4c8b-8ee9-d8dc1719327d@group-768E427EC958, cid=191, seq=0, Watch-ALL_COMMITTED(22), Message:<EMPTY>, reply=RaftClientReply:client-55D135844321->a5ccefe7-6527-4c8b-8ee9-d8dc1719327d@group-768E427EC958, cid=191, FAILED org.apache.ratis.protocol.NotLeaderException: Server a5ccefe7-6527-4c8b-8ee9-d8dc1719327d is not the leader (null). Request must be sent to leader., logIndex=0, commits[a5ccefe7-6527-4c8b-8ee9-d8dc1719327d:c27]
2019-08-23 17:38:27,169 [Thread-3769] INFO  client.GrpcClientProtocolService (GrpcClientProtocolService.java:lambda$processClientRequest$0(278)) - Failed RaftClientRequest:client-55D135844321->a5ccefe7-6527-4c8b-8ee9-d8dc1719327d@group-768E427EC958, cid=191, seq=0, Watch-ALL_COMMITTED(22), Message:<EMPTY>, reply=RaftClientReply:client-55D135844321->a5ccefe7-6527-4c8b-8ee9-d8dc1719327d@group-768E427EC958, cid=191, FAILED org.apache.ratis.protocol.NotLeaderException: Server a5ccefe7-6527-4c8b-8ee9-d8dc1719327d is not the leader (null). Request must be sent to leader., logIndex=0, commits[a5ccefe7-6527-4c8b-8ee9-d8dc1719327d:c27]
2019-08-23 17:38:27,174 [grpc-default-executor-6] INFO  client.GrpcClientProtocolClient (GrpcClientProtocolClient.java:onNext(255)) - client-55D135844321->a5ccefe7-6527-4c8b-8ee9-d8dc1719327d: receive RaftClientReply:client-55D135844321->a5ccefe7-6527-4c8b-8ee9-d8dc1719327d@group-768E427EC958, cid=191, FAILED org.apache.ratis.protocol.NotLeaderException: Server a5ccefe7-6527-4c8b-8ee9-d8dc1719327d is not the leader (null). Request must be sent to leader., logIndex=0, commits[a5ccefe7-6527-4c8b-8ee9-d8dc1719327d:c27]
2019-08-23 17:38:27,175 [grpc-default-executor-6] INFO  client.GrpcClientProtocolClient (GrpcClientProtocolClient.java:onNext(255)) - client-55D135844321->a5ccefe7-6527-4c8b-8ee9-d8dc1719327d: receive RaftClientReply:client-55D135844321->a5ccefe7-6527-4c8b-8ee9-d8dc1719327d@group-768E427EC958, cid=191, FAILED org.apache.ratis.protocol.NotLeaderException: Server a5ccefe7-6527-4c8b-8ee9-d8dc1719327d is not the leader (null). Request must be sent to leader., logIndex=0, commits[a5ccefe7-6527-4c8b-8ee9-d8dc1719327d:c27]
2019-08-23 17:38:27,176 [grpc-default-executor-6] WARN  client.GrpcClientProtocolService (LogUtils.java:warn(134)) - 4-UnorderedRequestStreamObserver4: onError: org.apache.ratis.thirdparty.io.grpc.StatusRuntimeException: CANCELLED: cancelled before receiving half close
2019-08-23 17:38:27,178 | INFO  | SCMAudit | user=jenkins1000 | ip=192.168.5.164 | op=SEND_HEARTBEAT {datanodeUUID=dc82463a-faf1-47ee-884f-ca1185c16136, command=[]} | ret=SUCCESS |  
2019-08-23 17:38:27,181 [StateMachineUpdater:85e641fa-5017-4198-8052-eafab442e101:group-A2AF128F6104] INFO  ratis.ContainerStateMachine (ContainerStateMachine.java:takeSnapshot(294)) - group-A2AF128F6104: Finished taking a snapshot at:(t:2, i:14) file:/workdir/hadoop-ozone/integration-test/target/test-dir/MiniOzoneClusterImpl-cabca72f-823b-48bd-9dbb-41083dd38152/datanode-4/data/ratis/457eed1a-3fb3-4d44-ad28-a2af128f6104/sm/snapshot.2_14 time:20
2019-08-23 17:38:27,181 [StateMachineUpdater:a5ccefe7-6527-4c8b-8ee9-d8dc1719327d:group-768E427EC958] INFO  ratis.ContainerStateMachine (ContainerStateMachine.java:takeSnapshot(294)) - group-768E427EC958: Finished taking a snapshot at:(t:1, i:24) file:/workdir/hadoop-ozone/integration-test/target/test-dir/MiniOzoneClusterImpl-cabca72f-823b-48bd-9dbb-41083dd38152/datanode-1/data/ratis/fba7aaf2-c569-4c7a-9eb4-768e427ec958/sm/snapshot.1_24 time:13
2019-08-23 17:38:27,181 [StateMachineUpdater:85e641fa-5017-4198-8052-eafab442e101:group-A2AF128F6104] INFO  impl.StateMachineUpdater (StateMachineUpdater.java:takeSnapshot(242)) - StateMachineUpdater:85e641fa-5017-4198-8052-eafab442e101:group-A2AF128F6104: Took a snapshot at index 14
2019-08-23 17:38:27,181 [StateMachineUpdater:a5ccefe7-6527-4c8b-8ee9-d8dc1719327d:group-768E427EC958] INFO  impl.StateMachineUpdater (StateMachineUpdater.java:takeSnapshot(242)) - StateMachineUpdater:a5ccefe7-6527-4c8b-8ee9-d8dc1719327d:group-768E427EC958: Took a snapshot at index 24
2019-08-23 17:38:27,181 [StateMachineUpdater:85e641fa-5017-4198-8052-eafab442e101:group-A2AF128F6104] INFO  impl.StateMachineUpdater (StateMachineUpdater.java:lambda$new$0(80)) - StateMachineUpdater:85e641fa-5017-4198-8052-eafab442e101:group-A2AF128F6104: snapshotIndex: updateIncreasingly -1 -> 14
2019-08-23 17:38:27,182 [StateMachineUpdater:a5ccefe7-6527-4c8b-8ee9-d8dc1719327d:group-768E427EC958] INFO  impl.StateMachineUpdater (StateMachineUpdater.java:lambda$new$0(80)) - StateMachineUpdater:a5ccefe7-6527-4c8b-8ee9-d8dc1719327d:group-768E427EC958: snapshotIndex: updateIncreasingly -1 -> 24
2019-08-23 17:38:27,182 [ForkJoinPool.commonPool-worker-1] INFO  impl.RaftServerImpl (ServerState.java:close(394)) - a5ccefe7-6527-4c8b-8ee9-d8dc1719327d:group-768E427EC958 closes. The last applied log index is 27
2019-08-23 17:38:27,182 [main] INFO  impl.RaftServerImpl (ServerState.java:close(394)) - 85e641fa-5017-4198-8052-eafab442e101:group-A2AF128F6104 closes. The last applied log index is 16
2019-08-23 17:38:27,183 [a5ccefe7-6527-4c8b-8ee9-d8dc1719327d-SegmentedRaftLogWorker:Storage Directory /workdir/hadoop-ozone/integration-test/target/test-dir/MiniOzoneClusterImpl-cabca72f-823b-48bd-9dbb-41083dd38152/datanode-1/data/ratis/fba7aaf2-c569-4c7a-9eb4-768e427ec958] INFO  segmented.SegmentedRaftLogWorker (SegmentedRaftLogWorker.java:run(313)) - a5ccefe7-6527-4c8b-8ee9-d8dc1719327d-SegmentedRaftLogWorker:Storage Directory /workdir/hadoop-ozone/integration-test/target/test-dir/MiniOzoneClusterImpl-cabca72f-823b-48bd-9dbb-41083dd38152/datanode-1/data/ratis/fba7aaf2-c569-4c7a-9eb4-768e427ec958 was interrupted, exiting. There are 0 tasks remaining in the queue.
2019-08-23 17:38:27,183 [85e641fa-5017-4198-8052-eafab442e101-SegmentedRaftLogWorker:Storage Directory /workdir/hadoop-ozone/integration-test/target/test-dir/MiniOzoneClusterImpl-cabca72f-823b-48bd-9dbb-41083dd38152/datanode-4/data/ratis/457eed1a-3fb3-4d44-ad28-a2af128f6104] INFO  segmented.SegmentedRaftLogWorker (SegmentedRaftLogWorker.java:run(313)) - 85e641fa-5017-4198-8052-eafab442e101-SegmentedRaftLogWorker:Storage Directory /workdir/hadoop-ozone/integration-test/target/test-dir/MiniOzoneClusterImpl-cabca72f-823b-48bd-9dbb-41083dd38152/datanode-4/data/ratis/457eed1a-3fb3-4d44-ad28-a2af128f6104 was interrupted, exiting. There are 0 tasks remaining in the queue.
2019-08-23 17:38:27,186 [ForkJoinPool.commonPool-worker-1] INFO  segmented.SegmentedRaftLogWorker (SegmentedRaftLogWorker.java:close(228)) - a5ccefe7-6527-4c8b-8ee9-d8dc1719327d-SegmentedRaftLogWorker:Storage Directory /workdir/hadoop-ozone/integration-test/target/test-dir/MiniOzoneClusterImpl-cabca72f-823b-48bd-9dbb-41083dd38152/datanode-1/data/ratis/fba7aaf2-c569-4c7a-9eb4-768e427ec958 close()
2019-08-23 17:38:27,188 [main] INFO  segmented.SegmentedRaftLogWorker (SegmentedRaftLogWorker.java:close(228)) - 85e641fa-5017-4198-8052-eafab442e101-SegmentedRaftLogWorker:Storage Directory /workdir/hadoop-ozone/integration-test/target/test-dir/MiniOzoneClusterImpl-cabca72f-823b-48bd-9dbb-41083dd38152/datanode-4/data/ratis/457eed1a-3fb3-4d44-ad28-a2af128f6104 close()
2019-08-23 17:38:27,192 [ForkJoinPool.commonPool-worker-1] INFO  server.GrpcService (GrpcService.java:closeImpl(155)) - a5ccefe7-6527-4c8b-8ee9-d8dc1719327d: shutdown server with port 45236 now
2019-08-23 17:38:27,196 [main] INFO  server.GrpcService (GrpcService.java:closeImpl(155)) - 85e641fa-5017-4198-8052-eafab442e101: shutdown server with port 39342 now
2019-08-23 17:38:27,197 [ForkJoinPool.commonPool-worker-1] INFO  server.GrpcService (GrpcService.java:closeImpl(163)) - a5ccefe7-6527-4c8b-8ee9-d8dc1719327d: shutdown server with port 45236 successfully
2019-08-23 17:38:27,208 [grpc-default-executor-4] WARN  server.GrpcServerProtocolService (LogUtils.java:warn(134)) - 85e641fa-5017-4198-8052-eafab442e101: appendEntries onError: org.apache.ratis.thirdparty.io.grpc.StatusRuntimeException: CANCELLED: cancelled before receiving half close
2019-08-23 17:38:27,208 [main] INFO  server.GrpcService (GrpcService.java:closeImpl(163)) - 85e641fa-5017-4198-8052-eafab442e101: shutdown server with port 39342 successfully
2019-08-23 17:38:27,210 [grpc-default-executor-5] WARN  server.GrpcLogAppender (LogUtils.java:warn(134)) - 3c4b984b-57f4-4c80-8be3-09d942f0ab46->85e641fa-5017-4198-8052-eafab442e101: Failed appendEntries: org.apache.ratis.thirdparty.io.grpc.StatusRuntimeException: CANCELLED: HTTP/2 error code: CANCEL
Received Rst Stream
2019-08-23 17:38:27,210 [grpc-default-executor-5] INFO  impl.FollowerInfo (FollowerInfo.java:lambda$new$0(50)) - 3c4b984b-57f4-4c80-8be3-09d942f0ab46->85e641fa-5017-4198-8052-eafab442e101: nextIndex: updateUnconditionally 17 -> 16
2019-08-23 17:38:27,216 [ForkJoinPool.commonPool-worker-1] INFO  utils.BackgroundService (BackgroundService.java:shutdown(148)) - Shutting down service BlockDeletingService
2019-08-23 17:38:27,217 [main] INFO  utils.BackgroundService (BackgroundService.java:shutdown(148)) - Shutting down service BlockDeletingService
2019-08-23 17:38:27,220 [refreshUsed-/workdir/hadoop-ozone/integration-test/target/test-dir/MiniOzoneClusterImpl-cabca72f-823b-48bd-9dbb-41083dd38152/datanode-1/data/containers] WARN  fs.CachingGetSpaceUsed (CachingGetSpaceUsed.java:run(183)) - Thread Interrupted waiting to refresh disk information: sleep interrupted
2019-08-23 17:38:27,220 [refreshUsed-/workdir/hadoop-ozone/integration-test/target/test-dir/MiniOzoneClusterImpl-cabca72f-823b-48bd-9dbb-41083dd38152/datanode-4/data/containers] WARN  fs.CachingGetSpaceUsed (CachingGetSpaceUsed.java:run(183)) - Thread Interrupted waiting to refresh disk information: sleep interrupted
2019-08-23 17:38:27,240 [main] INFO  statemachine.DatanodeStateMachine (DatanodeStateMachine.java:stopDaemon(395)) - Ozone container server stopped.
2019-08-23 17:38:27,245 [ForkJoinPool.commonPool-worker-1] INFO  statemachine.DatanodeStateMachine (DatanodeStateMachine.java:stopDaemon(395)) - Ozone container server stopped.
2019-08-23 17:38:27,250 [ForkJoinPool.commonPool-worker-1] INFO  handler.ContextHandler (ContextHandler.java:doStop(910)) - Stopped o.e.j.w.WebAppContext@71ad1d0b{/,null,UNAVAILABLE}{/hddsDatanode}
2019-08-23 17:38:27,250 [main] INFO  handler.ContextHandler (ContextHandler.java:doStop(910)) - Stopped o.e.j.w.WebAppContext@5180f430{/,null,UNAVAILABLE}{/hddsDatanode}
2019-08-23 17:38:27,251 [ForkJoinPool.commonPool-worker-1] INFO  server.AbstractConnector (AbstractConnector.java:doStop(318)) - Stopped ServerConnector@7a087132{HTTP/1.1,[http/1.1]}{0.0.0.0:0}
2019-08-23 17:38:27,251 [main] INFO  server.AbstractConnector (AbstractConnector.java:doStop(318)) - Stopped ServerConnector@4e7d77ec{HTTP/1.1,[http/1.1]}{0.0.0.0:0}
2019-08-23 17:38:27,254 [ForkJoinPool.commonPool-worker-1] INFO  handler.ContextHandler (ContextHandler.java:doStop(910)) - Stopped o.e.j.s.ServletContextHandler@39cf7f3c{/static,jar:file:/home/user/.m2/repository/org/apache/hadoop/hadoop-hdds-container-service/0.5.0-SNAPSHOT/hadoop-hdds-container-service-0.5.0-SNAPSHOT.jar!/webapps/static,UNAVAILABLE}
2019-08-23 17:38:27,254 [main] INFO  handler.ContextHandler (ContextHandler.java:doStop(910)) - Stopped o.e.j.s.ServletContextHandler@718198db{/static,jar:file:/home/user/.m2/repository/org/apache/hadoop/hadoop-hdds-container-service/0.5.0-SNAPSHOT/hadoop-hdds-container-service-0.5.0-SNAPSHOT.jar!/webapps/static,UNAVAILABLE}
2019-08-23 17:38:27,256 [ForkJoinPool.commonPool-worker-1] INFO  handler.ContextHandler (ContextHandler.java:doStop(910)) - Stopped o.e.j.s.ServletContextHandler@3c5d183{/logs,file:///workdir/hadoop-ozone/integration-test/target/log,UNAVAILABLE}
2019-08-23 17:38:27,256 [main] INFO  handler.ContextHandler (ContextHandler.java:doStop(910)) - Stopped o.e.j.s.ServletContextHandler@19984625{/logs,file:///workdir/hadoop-ozone/integration-test/target/log,UNAVAILABLE}
2019-08-23 17:38:27,257 [ForkJoinPool.commonPool-worker-1] INFO  datanode.ObjectStoreHandler (ObjectStoreHandler.java:close(155)) - Closing ObjectStoreHandler.
2019-08-23 17:38:27,258 [ForkJoinPool.commonPool-worker-1] INFO  ozone.HddsDatanodeService (HddsDatanodeService.java:stop(451)) - Stopped plug-in org.apache.hadoop.ozone.web.OzoneHddsDatanodeService@73e0c775
2019-08-23 17:38:27,258 [main] INFO  datanode.ObjectStoreHandler (ObjectStoreHandler.java:close(155)) - Closing ObjectStoreHandler.
2019-08-23 17:38:27,258 [main] INFO  ozone.HddsDatanodeService (HddsDatanodeService.java:stop(451)) - Stopped plug-in org.apache.hadoop.ozone.web.OzoneHddsDatanodeService@44189797
2019-08-23 17:38:27,402 [Datanode State Machine Thread - 0] INFO  statemachine.DatanodeStateMachine (DatanodeStateMachine.java:lambda$startDaemon$0(350)) - Ozone container server started.
2019-08-23 17:38:27,900 [Datanode State Machine Thread - 0] INFO  statemachine.DatanodeStateMachine (DatanodeStateMachine.java:lambda$startDaemon$0(350)) - Ozone container server started.
2019-08-23 17:38:27,902 | INFO  | SCMAudit | user=jenkins1000 | ip=192.168.5.164 | op=SEND_HEARTBEAT {datanodeUUID=6bac59a6-6e96-4b6d-a78d-651c0bed005c, command=[commandType: closeContainerCommand closeContainerCommandProto { containerID: 2 pipelineID { id: "457eed1a-3fb3-4d44-ad28-a2af128f6104" } cmdId: 2 force: false } ]} | ret=SUCCESS |  
2019-08-23 17:38:28,176 [java.util.concurrent.ThreadPoolExecutor$Worker@52348009[State = -1, empty queue]] ERROR client.GrpcClientRpc (GrpcClientRpc.java:sendRequestAsyncUnordered(82)) - client-55D135844321: XXX Failed RaftClientRequest:client-55D135844321->af295c0c-cf39-49e0-b1b6-91e795e968f5@group-768E427EC958, cid=191, seq=0, Watch-ALL_COMMITTED(22), null
org.apache.ratis.protocol.AlreadyClosedException: client-55D135844321 is already CLOSED
	at org.apache.ratis.util.PeerProxyMap$PeerAndProxy.getProxy(PeerProxyMap.java:58)
	at org.apache.ratis.util.PeerProxyMap.getProxy(PeerProxyMap.java:107)
	at org.apache.ratis.grpc.client.GrpcClientRpc.sendRequestAsyncUnordered(GrpcClientRpc.java:78)
	at org.apache.ratis.client.impl.UnorderedAsync.sendRequestWithRetry(UnorderedAsync.java:75)
	at org.apache.ratis.client.impl.UnorderedAsync.lambda$null$2(UnorderedAsync.java:120)
	at org.apache.ratis.util.TimeoutScheduler.lambda$onTimeout$0(TimeoutScheduler.java:85)
	at org.apache.ratis.util.TimeoutScheduler.lambda$onTimeout$1(TimeoutScheduler.java:104)
	at org.apache.ratis.util.LogUtils.runAndLog(LogUtils.java:50)
	at org.apache.ratis.util.LogUtils$1.run(LogUtils.java:91)
	at java.util.concurrent.Executors$RunnableAdapter.call(Executors.java:511)
	at java.util.concurrent.FutureTask.run(FutureTask.java:266)
	at java.util.concurrent.ScheduledThreadPoolExecutor$ScheduledFutureTask.access$201(ScheduledThreadPoolExecutor.java:180)
	at java.util.concurrent.ScheduledThreadPoolExecutor$ScheduledFutureTask.run(ScheduledThreadPoolExecutor.java:293)
	at java.util.concurrent.ThreadPoolExecutor.runWorker(ThreadPoolExecutor.java:1149)
	at java.util.concurrent.ThreadPoolExecutor$Worker.run(ThreadPoolExecutor.java:624)
	at java.lang.Thread.run(Thread.java:748)
2019-08-23 17:38:28,178 | INFO  | SCMAudit | user=jenkins1000 | ip=192.168.5.164 | op=SEND_HEARTBEAT {datanodeUUID=dc82463a-faf1-47ee-884f-ca1185c16136, command=[]} | ret=SUCCESS |  
2019-08-23 17:38:28,901 | INFO  | SCMAudit | user=jenkins1000 | ip=192.168.5.164 | op=SEND_HEARTBEAT {datanodeUUID=6bac59a6-6e96-4b6d-a78d-651c0bed005c, command=[]} | ret=SUCCESS |  
2019-08-23 17:38:29,179 | INFO  | SCMAudit | user=jenkins1000 | ip=192.168.5.164 | op=SEND_HEARTBEAT {datanodeUUID=dc82463a-faf1-47ee-884f-ca1185c16136, command=[]} | ret=SUCCESS |  
2019-08-23 17:38:29,576 [grpc-default-executor-6] WARN  server.GrpcLogAppender (LogUtils.java:warn(134)) - 3c4b984b-57f4-4c80-8be3-09d942f0ab46->85e641fa-5017-4198-8052-eafab442e101: Failed appendEntries: org.apache.ratis.thirdparty.io.grpc.StatusRuntimeException: UNAVAILABLE: io exception
2019-08-23 17:38:29,576 [grpc-default-executor-6] INFO  impl.FollowerInfo (FollowerInfo.java:lambda$new$0(50)) - 3c4b984b-57f4-4c80-8be3-09d942f0ab46->85e641fa-5017-4198-8052-eafab442e101: nextIndex: updateUnconditionally 16 -> 15
2019-08-23 17:38:29,901 | INFO  | SCMAudit | user=jenkins1000 | ip=192.168.5.164 | op=SEND_HEARTBEAT {datanodeUUID=6bac59a6-6e96-4b6d-a78d-651c0bed005c, command=[]} | ret=SUCCESS |  
2019-08-23 17:38:29,918 | INFO  | SCMAudit | user=jenkins1000 | ip=192.168.5.164 | op=SEND_HEARTBEAT {datanodeUUID=6bac59a6-6e96-4b6d-a78d-651c0bed005c, command=[]} | ret=SUCCESS |  
2019-08-23 17:38:30,179 | INFO  | SCMAudit | user=jenkins1000 | ip=192.168.5.164 | op=SEND_HEARTBEAT {datanodeUUID=dc82463a-faf1-47ee-884f-ca1185c16136, command=[]} | ret=SUCCESS |  
2019-08-23 17:38:30,180 [java.util.concurrent.ThreadPoolExecutor$Worker@52348009[State = -1, empty queue]] ERROR client.GrpcClientRpc (GrpcClientRpc.java:sendRequestAsyncUnordered(82)) - client-55D135844321: XXX Failed RaftClientRequest:client-55D135844321->12ec41bc-15f8-4651-8725-e0a5649e7d04@group-768E427EC958, cid=191, seq=0, Watch-ALL_COMMITTED(22), null
org.apache.ratis.protocol.AlreadyClosedException: client-55D135844321 is already CLOSED
	at org.apache.ratis.util.PeerProxyMap$PeerAndProxy.getProxy(PeerProxyMap.java:58)
	at org.apache.ratis.util.PeerProxyMap.getProxy(PeerProxyMap.java:107)
	at org.apache.ratis.grpc.client.GrpcClientRpc.sendRequestAsyncUnordered(GrpcClientRpc.java:78)
	at org.apache.ratis.client.impl.UnorderedAsync.sendRequestWithRetry(UnorderedAsync.java:75)
	at org.apache.ratis.client.impl.UnorderedAsync.lambda$null$2(UnorderedAsync.java:120)
	at org.apache.ratis.util.TimeoutScheduler.lambda$onTimeout$0(TimeoutScheduler.java:85)
	at org.apache.ratis.util.TimeoutScheduler.lambda$onTimeout$1(TimeoutScheduler.java:104)
	at org.apache.ratis.util.LogUtils.runAndLog(LogUtils.java:50)
	at org.apache.ratis.util.LogUtils$1.run(LogUtils.java:91)
	at java.util.concurrent.Executors$RunnableAdapter.call(Executors.java:511)
	at java.util.concurrent.FutureTask.run(FutureTask.java:266)
	at java.util.concurrent.ScheduledThreadPoolExecutor$ScheduledFutureTask.access$201(ScheduledThreadPoolExecutor.java:180)
	at java.util.concurrent.ScheduledThreadPoolExecutor$ScheduledFutureTask.run(ScheduledThreadPoolExecutor.java:293)
	at java.util.concurrent.ThreadPoolExecutor.runWorker(ThreadPoolExecutor.java:1149)
	at java.util.concurrent.ThreadPoolExecutor$Worker.run(ThreadPoolExecutor.java:624)
	at java.lang.Thread.run(Thread.java:748)
2019-08-23 17:38:30,919 | INFO  | SCMAudit | user=jenkins1000 | ip=192.168.5.164 | op=SEND_HEARTBEAT {datanodeUUID=6bac59a6-6e96-4b6d-a78d-651c0bed005c, command=[]} | ret=SUCCESS |  
2019-08-23 17:38:31,180 | INFO  | SCMAudit | user=jenkins1000 | ip=192.168.5.164 | op=SEND_HEARTBEAT {datanodeUUID=dc82463a-faf1-47ee-884f-ca1185c16136, command=[]} | ret=SUCCESS |  
2019-08-23 17:38:31,187 [Thread-3777] INFO  client.GrpcClientProtocolService (GrpcClientProtocolService.java:lambda$processClientRequest$0(278)) - Failed RaftClientRequest:client-55D135844321->12ec41bc-15f8-4651-8725-e0a5649e7d04@group-768E427EC958, cid=191, seq=0, Watch-ALL_COMMITTED(22), Message:<EMPTY>, reply=RaftClientReply:client-55D135844321->12ec41bc-15f8-4651-8725-e0a5649e7d04@group-768E427EC958, cid=191, FAILED org.apache.ratis.protocol.NotLeaderException: Server 12ec41bc-15f8-4651-8725-e0a5649e7d04 is not the leader (a5ccefe7-6527-4c8b-8ee9-d8dc1719327d:192.168.5.164:45236). Request must be sent to leader., logIndex=0, commits[12ec41bc-15f8-4651-8725-e0a5649e7d04:c27, af295c0c-cf39-49e0-b1b6-91e795e968f5:c16, a5ccefe7-6527-4c8b-8ee9-d8dc1719327d:c27]
2019-08-23 17:38:31,191 [grpc-default-executor-6] INFO  client.GrpcClientProtocolClient (GrpcClientProtocolClient.java:onNext(255)) - client-55D135844321->12ec41bc-15f8-4651-8725-e0a5649e7d04: receive RaftClientReply:client-55D135844321->12ec41bc-15f8-4651-8725-e0a5649e7d04@group-768E427EC958, cid=191, FAILED org.apache.ratis.protocol.NotLeaderException: Server 12ec41bc-15f8-4651-8725-e0a5649e7d04 is not the leader (a5ccefe7-6527-4c8b-8ee9-d8dc1719327d:192.168.5.164:45236). Request must be sent to leader., logIndex=0, commits[12ec41bc-15f8-4651-8725-e0a5649e7d04:c27, af295c0c-cf39-49e0-b1b6-91e795e968f5:c16, a5ccefe7-6527-4c8b-8ee9-d8dc1719327d:c27]
2019-08-23 17:38:31,469 [EventQueue-StaleNodeForStaleNodeHandler] INFO  node.StaleNodeHandler (StaleNodeHandler.java:onMessage(58)) - Datanode 12ec41bc-15f8-4651-8725-e0a5649e7d04{ip: 192.168.5.164, host: pr-hdds-2002-fbg9h-2504998875, networkLocation: /default-rack, certSerialId: null} moved to stale state. Finalizing its pipelines [PipelineID=dd9c894d-46ab-4647-9e84-b17bbe3558d3, PipelineID=fba7aaf2-c569-4c7a-9eb4-768e427ec958]
2019-08-23 17:38:31,469 [EventQueue-StaleNodeForStaleNodeHandler] INFO  pipeline.SCMPipelineManager (SCMPipelineManager.java:finalizeAndDestroyPipeline(309)) - destroying pipeline:Pipeline[ Id: dd9c894d-46ab-4647-9e84-b17bbe3558d3, Nodes: 12ec41bc-15f8-4651-8725-e0a5649e7d04{ip: 192.168.5.164, host: pr-hdds-2002-fbg9h-2504998875, networkLocation: /default-rack, certSerialId: null}, Type:RATIS, Factor:ONE, State:OPEN]
2019-08-23 17:38:31,469 [EventQueue-StaleNodeForStaleNodeHandler] INFO  pipeline.PipelineStateManager (PipelineStateManager.java:finalizePipeline(123)) - Pipeline Pipeline[ Id: dd9c894d-46ab-4647-9e84-b17bbe3558d3, Nodes: 12ec41bc-15f8-4651-8725-e0a5649e7d04{ip: 192.168.5.164, host: pr-hdds-2002-fbg9h-2504998875, networkLocation: /default-rack, certSerialId: null}, Type:RATIS, Factor:ONE, State:CLOSED] moved to CLOSED state
2019-08-23 17:38:31,469 [EventQueue-StaleNodeForStaleNodeHandler] INFO  pipeline.SCMPipelineManager (SCMPipelineManager.java:finalizeAndDestroyPipeline(309)) - destroying pipeline:Pipeline[ Id: fba7aaf2-c569-4c7a-9eb4-768e427ec958, Nodes: af295c0c-cf39-49e0-b1b6-91e795e968f5{ip: 192.168.5.164, host: pr-hdds-2002-fbg9h-2504998875, networkLocation: /default-rack, certSerialId: null}12ec41bc-15f8-4651-8725-e0a5649e7d04{ip: 192.168.5.164, host: pr-hdds-2002-fbg9h-2504998875, networkLocation: /default-rack, certSerialId: null}a5ccefe7-6527-4c8b-8ee9-d8dc1719327d{ip: 192.168.5.164, host: pr-hdds-2002-fbg9h-2504998875, networkLocation: /default-rack, certSerialId: null}, Type:RATIS, Factor:THREE, State:CLOSED]
2019-08-23 17:38:31,918 | INFO  | SCMAudit | user=jenkins1000 | ip=192.168.5.164 | op=SEND_HEARTBEAT {datanodeUUID=6bac59a6-6e96-4b6d-a78d-651c0bed005c, command=[]} | ret=SUCCESS |  
2019-08-23 17:38:31,969 [EventQueue-StaleNodeForStaleNodeHandler] INFO  node.StaleNodeHandler (StaleNodeHandler.java:onMessage(58)) - Datanode 3c4b984b-57f4-4c80-8be3-09d942f0ab46{ip: 192.168.5.164, host: pr-hdds-2002-fbg9h-2504998875, networkLocation: /default-rack, certSerialId: null} moved to stale state. Finalizing its pipelines [PipelineID=d3aee948-f057-4060-a899-1ae7b88a05f2, PipelineID=457eed1a-3fb3-4d44-ad28-a2af128f6104]
2019-08-23 17:38:31,969 [EventQueue-StaleNodeForStaleNodeHandler] INFO  pipeline.SCMPipelineManager (SCMPipelineManager.java:finalizeAndDestroyPipeline(309)) - destroying pipeline:Pipeline[ Id: d3aee948-f057-4060-a899-1ae7b88a05f2, Nodes: 3c4b984b-57f4-4c80-8be3-09d942f0ab46{ip: 192.168.5.164, host: pr-hdds-2002-fbg9h-2504998875, networkLocation: /default-rack, certSerialId: null}, Type:RATIS, Factor:ONE, State:OPEN]
2019-08-23 17:38:31,970 [EventQueue-StaleNodeForStaleNodeHandler] INFO  pipeline.PipelineStateManager (PipelineStateManager.java:finalizePipeline(123)) - Pipeline Pipeline[ Id: d3aee948-f057-4060-a899-1ae7b88a05f2, Nodes: 3c4b984b-57f4-4c80-8be3-09d942f0ab46{ip: 192.168.5.164, host: pr-hdds-2002-fbg9h-2504998875, networkLocation: /default-rack, certSerialId: null}, Type:RATIS, Factor:ONE, State:CLOSED] moved to CLOSED state
2019-08-23 17:38:31,970 [EventQueue-StaleNodeForStaleNodeHandler] INFO  pipeline.SCMPipelineManager (SCMPipelineManager.java:finalizeAndDestroyPipeline(309)) - destroying pipeline:Pipeline[ Id: 457eed1a-3fb3-4d44-ad28-a2af128f6104, Nodes: 6bac59a6-6e96-4b6d-a78d-651c0bed005c{ip: 192.168.5.164, host: pr-hdds-2002-fbg9h-2504998875, networkLocation: /default-rack, certSerialId: null}3c4b984b-57f4-4c80-8be3-09d942f0ab46{ip: 192.168.5.164, host: pr-hdds-2002-fbg9h-2504998875, networkLocation: /default-rack, certSerialId: null}85e641fa-5017-4198-8052-eafab442e101{ip: 192.168.5.164, host: pr-hdds-2002-fbg9h-2504998875, networkLocation: /default-rack, certSerialId: null}, Type:RATIS, Factor:THREE, State:CLOSED]
2019-08-23 17:38:32,076 [grpc-default-executor-6] WARN  server.GrpcLogAppender (LogUtils.java:warn(134)) - 3c4b984b-57f4-4c80-8be3-09d942f0ab46->85e641fa-5017-4198-8052-eafab442e101: Failed appendEntries: org.apache.ratis.thirdparty.io.grpc.StatusRuntimeException: UNAVAILABLE: io exception
2019-08-23 17:38:32,076 [grpc-default-executor-6] INFO  impl.FollowerInfo (FollowerInfo.java:lambda$new$0(50)) - 3c4b984b-57f4-4c80-8be3-09d942f0ab46->85e641fa-5017-4198-8052-eafab442e101: nextIndex: updateUnconditionally 15 -> 14
2019-08-23 17:38:32,180 | INFO  | SCMAudit | user=jenkins1000 | ip=192.168.5.164 | op=SEND_HEARTBEAT {datanodeUUID=dc82463a-faf1-47ee-884f-ca1185c16136, command=[]} | ret=SUCCESS |  
2019-08-23 17:38:32,199 [Thread-3784] INFO  client.GrpcClientProtocolService (GrpcClientProtocolService.java:lambda$processClientRequest$0(278)) - Failed RaftClientRequest:client-55D135844321->12ec41bc-15f8-4651-8725-e0a5649e7d04@group-768E427EC958, cid=191, seq=0, Watch-ALL_COMMITTED(22), Message:<EMPTY>, reply=RaftClientReply:client-55D135844321->12ec41bc-15f8-4651-8725-e0a5649e7d04@group-768E427EC958, cid=191, FAILED org.apache.ratis.protocol.NotLeaderException: Server 12ec41bc-15f8-4651-8725-e0a5649e7d04 is not the leader (a5ccefe7-6527-4c8b-8ee9-d8dc1719327d:192.168.5.164:45236). Request must be sent to leader., logIndex=0, commits[12ec41bc-15f8-4651-8725-e0a5649e7d04:c27, af295c0c-cf39-49e0-b1b6-91e795e968f5:c16, a5ccefe7-6527-4c8b-8ee9-d8dc1719327d:c27]
2019-08-23 17:38:32,202 [grpc-default-executor-6] INFO  client.GrpcClientProtocolClient (GrpcClientProtocolClient.java:onNext(255)) - client-55D135844321->12ec41bc-15f8-4651-8725-e0a5649e7d04: receive RaftClientReply:client-55D135844321->12ec41bc-15f8-4651-8725-e0a5649e7d04@group-768E427EC958, cid=191, FAILED org.apache.ratis.protocol.NotLeaderException: Server 12ec41bc-15f8-4651-8725-e0a5649e7d04 is not the leader (a5ccefe7-6527-4c8b-8ee9-d8dc1719327d:192.168.5.164:45236). Request must be sent to leader., logIndex=0, commits[12ec41bc-15f8-4651-8725-e0a5649e7d04:c27, af295c0c-cf39-49e0-b1b6-91e795e968f5:c16, a5ccefe7-6527-4c8b-8ee9-d8dc1719327d:c27]
2019-08-23 17:38:32,259 [ForkJoinPool.commonPool-worker-1] INFO  ozoneimpl.OzoneContainer (OzoneContainer.java:stop(199)) - Attempting to stop container services.
2019-08-23 17:38:32,259 [ForkJoinPool.commonPool-worker-1] INFO  impl.RaftServerProxy (RaftServerProxy.java:lambda$close$4(314)) - 12ec41bc-15f8-4651-8725-e0a5649e7d04: close
2019-08-23 17:38:32,259 [main] INFO  ozoneimpl.OzoneContainer (OzoneContainer.java:stop(199)) - Attempting to stop container services.
2019-08-23 17:38:32,260 [ForkJoinPool.commonPool-worker-1] INFO  impl.RaftServerImpl (RaftServerImpl.java:lambda$shutdown$3(245)) - 12ec41bc-15f8-4651-8725-e0a5649e7d04: shutdown group-B17BBE3558D3
2019-08-23 17:38:32,260 [main] INFO  impl.RaftServerProxy (RaftServerProxy.java:lambda$close$4(314)) - 3c4b984b-57f4-4c80-8be3-09d942f0ab46: close
2019-08-23 17:38:32,260 [ForkJoinPool.commonPool-worker-1] INFO  util.JmxRegister (JmxRegister.java:unregister(73)) - Successfully un-registered JMX Bean with object name Ratis:service=RaftServer,group=group-B17BBE3558D3,id=12ec41bc-15f8-4651-8725-e0a5649e7d04
2019-08-23 17:38:32,261 [main] INFO  impl.RaftServerImpl (RaftServerImpl.java:lambda$shutdown$3(245)) - 3c4b984b-57f4-4c80-8be3-09d942f0ab46: shutdown group-1AE7B88A05F2
2019-08-23 17:38:32,261 [ForkJoinPool.commonPool-worker-1] INFO  impl.RoleInfo (RoleInfo.java:shutdownLeaderState(104)) - 12ec41bc-15f8-4651-8725-e0a5649e7d04: shutdown LeaderState
2019-08-23 17:38:32,261 [main] INFO  util.JmxRegister (JmxRegister.java:unregister(73)) - Successfully un-registered JMX Bean with object name Ratis:service=RaftServer,group=group-1AE7B88A05F2,id=3c4b984b-57f4-4c80-8be3-09d942f0ab46
2019-08-23 17:38:32,262 [ForkJoinPool.commonPool-worker-1] INFO  impl.PendingRequests (PendingRequests.java:sendNotLeaderResponses(202)) - 12ec41bc-15f8-4651-8725-e0a5649e7d04-PendingRequests: sendNotLeaderResponses
2019-08-23 17:38:32,262 [main] INFO  impl.RoleInfo (RoleInfo.java:shutdownLeaderState(104)) - 3c4b984b-57f4-4c80-8be3-09d942f0ab46: shutdown LeaderState
2019-08-23 17:38:32,263 [ForkJoinPool.commonPool-worker-1] INFO  impl.StateMachineUpdater (StateMachineUpdater.java:stopAndJoin(115)) - StateMachineUpdater:12ec41bc-15f8-4651-8725-e0a5649e7d04:group-B17BBE3558D3: set stopIndex = 0
2019-08-23 17:38:32,263 [main] INFO  impl.PendingRequests (PendingRequests.java:sendNotLeaderResponses(202)) - 3c4b984b-57f4-4c80-8be3-09d942f0ab46-PendingRequests: sendNotLeaderResponses
2019-08-23 17:38:32,263 [ForkJoinPool.commonPool-worker-1] INFO  impl.RaftServerImpl (ServerState.java:close(394)) - 12ec41bc-15f8-4651-8725-e0a5649e7d04:group-B17BBE3558D3 closes. The last applied log index is 0
2019-08-23 17:38:32,264 [main] INFO  impl.StateMachineUpdater (StateMachineUpdater.java:stopAndJoin(115)) - StateMachineUpdater:3c4b984b-57f4-4c80-8be3-09d942f0ab46:group-1AE7B88A05F2: set stopIndex = 0
2019-08-23 17:38:32,264 [12ec41bc-15f8-4651-8725-e0a5649e7d04-SegmentedRaftLogWorker:Storage Directory /workdir/hadoop-ozone/integration-test/target/test-dir/MiniOzoneClusterImpl-cabca72f-823b-48bd-9dbb-41083dd38152/datanode-2/data/ratis/dd9c894d-46ab-4647-9e84-b17bbe3558d3] INFO  segmented.SegmentedRaftLogWorker (SegmentedRaftLogWorker.java:run(313)) - 12ec41bc-15f8-4651-8725-e0a5649e7d04-SegmentedRaftLogWorker:Storage Directory /workdir/hadoop-ozone/integration-test/target/test-dir/MiniOzoneClusterImpl-cabca72f-823b-48bd-9dbb-41083dd38152/datanode-2/data/ratis/dd9c894d-46ab-4647-9e84-b17bbe3558d3 was interrupted, exiting. There are 0 tasks remaining in the queue.
2019-08-23 17:38:32,265 [main] INFO  impl.RaftServerImpl (ServerState.java:close(394)) - 3c4b984b-57f4-4c80-8be3-09d942f0ab46:group-1AE7B88A05F2 closes. The last applied log index is 0
2019-08-23 17:38:32,267 [ForkJoinPool.commonPool-worker-1] INFO  segmented.SegmentedRaftLogWorker (SegmentedRaftLogWorker.java:close(228)) - 12ec41bc-15f8-4651-8725-e0a5649e7d04-SegmentedRaftLogWorker:Storage Directory /workdir/hadoop-ozone/integration-test/target/test-dir/MiniOzoneClusterImpl-cabca72f-823b-48bd-9dbb-41083dd38152/datanode-2/data/ratis/dd9c894d-46ab-4647-9e84-b17bbe3558d3 close()
2019-08-23 17:38:32,267 [3c4b984b-57f4-4c80-8be3-09d942f0ab46-SegmentedRaftLogWorker:Storage Directory /workdir/hadoop-ozone/integration-test/target/test-dir/MiniOzoneClusterImpl-cabca72f-823b-48bd-9dbb-41083dd38152/datanode-3/data/ratis/d3aee948-f057-4060-a899-1ae7b88a05f2] INFO  segmented.SegmentedRaftLogWorker (SegmentedRaftLogWorker.java:run(313)) - 3c4b984b-57f4-4c80-8be3-09d942f0ab46-SegmentedRaftLogWorker:Storage Directory /workdir/hadoop-ozone/integration-test/target/test-dir/MiniOzoneClusterImpl-cabca72f-823b-48bd-9dbb-41083dd38152/datanode-3/data/ratis/d3aee948-f057-4060-a899-1ae7b88a05f2 was interrupted, exiting. There are 0 tasks remaining in the queue.
2019-08-23 17:38:32,270 [ForkJoinPool.commonPool-worker-1] INFO  impl.RaftServerImpl (RaftServerImpl.java:lambda$shutdown$3(245)) - 12ec41bc-15f8-4651-8725-e0a5649e7d04: shutdown group-768E427EC958
2019-08-23 17:38:32,272 [main] INFO  segmented.SegmentedRaftLogWorker (SegmentedRaftLogWorker.java:close(228)) - 3c4b984b-57f4-4c80-8be3-09d942f0ab46-SegmentedRaftLogWorker:Storage Directory /workdir/hadoop-ozone/integration-test/target/test-dir/MiniOzoneClusterImpl-cabca72f-823b-48bd-9dbb-41083dd38152/datanode-3/data/ratis/d3aee948-f057-4060-a899-1ae7b88a05f2 close()
2019-08-23 17:38:32,272 [ForkJoinPool.commonPool-worker-1] INFO  util.JmxRegister (JmxRegister.java:unregister(73)) - Successfully un-registered JMX Bean with object name Ratis:service=RaftServer,group=group-768E427EC958,id=12ec41bc-15f8-4651-8725-e0a5649e7d04
2019-08-23 17:38:32,275 [main] INFO  impl.RaftServerImpl (RaftServerImpl.java:lambda$shutdown$3(245)) - 3c4b984b-57f4-4c80-8be3-09d942f0ab46: shutdown group-A2AF128F6104
2019-08-23 17:38:32,275 [ForkJoinPool.commonPool-worker-1] INFO  impl.RoleInfo (RoleInfo.java:shutdownFollowerState(121)) - 12ec41bc-15f8-4651-8725-e0a5649e7d04: shutdown FollowerState
2019-08-23 17:38:32,276 [main] INFO  util.JmxRegister (JmxRegister.java:unregister(73)) - Successfully un-registered JMX Bean with object name Ratis:service=RaftServer,group=group-A2AF128F6104,id=3c4b984b-57f4-4c80-8be3-09d942f0ab46
2019-08-23 17:38:32,276 [Thread-3565] INFO  impl.FollowerState (FollowerState.java:run(114)) - 12ec41bc-15f8-4651-8725-e0a5649e7d04: FollowerState was interrupted: java.lang.InterruptedException: sleep interrupted
2019-08-23 17:38:32,276 [StateMachineUpdater:12ec41bc-15f8-4651-8725-e0a5649e7d04:group-768E427EC958] INFO  ratis.ContainerStateMachine (ContainerStateMachine.java:takeSnapshot(283)) - group-768E427EC958: Taking a snapshot at:(t:1, i:27) file /workdir/hadoop-ozone/integration-test/target/test-dir/MiniOzoneClusterImpl-cabca72f-823b-48bd-9dbb-41083dd38152/datanode-2/data/ratis/fba7aaf2-c569-4c7a-9eb4-768e427ec958/sm/snapshot.1_27
2019-08-23 17:38:32,276 [ForkJoinPool.commonPool-worker-1] INFO  impl.StateMachineUpdater (StateMachineUpdater.java:stopAndJoin(115)) - StateMachineUpdater:12ec41bc-15f8-4651-8725-e0a5649e7d04:group-768E427EC958: set stopIndex = 27
2019-08-23 17:38:32,276 [main] INFO  impl.RoleInfo (RoleInfo.java:shutdownLeaderState(104)) - 3c4b984b-57f4-4c80-8be3-09d942f0ab46: shutdown LeaderState
2019-08-23 17:38:32,279 [main] INFO  impl.PendingRequests (PendingRequests.java:sendNotLeaderResponses(202)) - 3c4b984b-57f4-4c80-8be3-09d942f0ab46-PendingRequests: sendNotLeaderResponses
2019-08-23 17:38:32,279 [org.apache.ratis.server.impl.LogAppender$AppenderDaemon$$Lambda$482/1047574207@76979832] WARN  server.GrpcLogAppender (GrpcLogAppender.java:mayWait(143)) - GrpcLogAppender(3c4b984b-57f4-4c80-8be3-09d942f0ab46->85e641fa-5017-4198-8052-eafab442e101): Wait interrupted by java.lang.InterruptedException
2019-08-23 17:38:32,287 [main] INFO  impl.StateMachineUpdater (StateMachineUpdater.java:stopAndJoin(115)) - StateMachineUpdater:3c4b984b-57f4-4c80-8be3-09d942f0ab46:group-A2AF128F6104: set stopIndex = 16
2019-08-23 17:38:32,279 [org.apache.ratis.server.impl.LogAppender$AppenderDaemon$$Lambda$482/1047574207@33951024] WARN  server.GrpcLogAppender (GrpcLogAppender.java:mayWait(143)) - GrpcLogAppender(3c4b984b-57f4-4c80-8be3-09d942f0ab46->6bac59a6-6e96-4b6d-a78d-651c0bed005c): Wait interrupted by java.lang.InterruptedException
2019-08-23 17:38:32,287 [StateMachineUpdater:3c4b984b-57f4-4c80-8be3-09d942f0ab46:group-A2AF128F6104] INFO  ratis.ContainerStateMachine (ContainerStateMachine.java:takeSnapshot(283)) - group-A2AF128F6104: Taking a snapshot at:(t:2, i:14) file /workdir/hadoop-ozone/integration-test/target/test-dir/MiniOzoneClusterImpl-cabca72f-823b-48bd-9dbb-41083dd38152/datanode-3/data/ratis/457eed1a-3fb3-4d44-ad28-a2af128f6104/sm/snapshot.2_14
2019-08-23 17:38:32,288 [grpc-default-executor-4] INFO  server.GrpcServerProtocolService (GrpcServerProtocolService.java:onCompleted(104)) - 6bac59a6-6e96-4b6d-a78d-651c0bed005c: appendEntries completed
2019-08-23 17:38:32,289 [grpc-default-executor-4] INFO  server.GrpcLogAppender (GrpcLogAppender.java:onCompleted(292)) - 3c4b984b-57f4-4c80-8be3-09d942f0ab46->6bac59a6-6e96-4b6d-a78d-651c0bed005c: follower responses appendEntries COMPLETED
2019-08-23 17:38:32,289 [grpc-default-executor-4] INFO  impl.FollowerInfo (FollowerInfo.java:lambda$new$0(50)) - 3c4b984b-57f4-4c80-8be3-09d942f0ab46->6bac59a6-6e96-4b6d-a78d-651c0bed005c: nextIndex: updateUnconditionally 17 -> 16
2019-08-23 17:38:32,292 [StateMachineUpdater:3c4b984b-57f4-4c80-8be3-09d942f0ab46:group-A2AF128F6104] INFO  ratis.ContainerStateMachine (ContainerStateMachine.java:takeSnapshot(294)) - group-A2AF128F6104: Finished taking a snapshot at:(t:2, i:14) file:/workdir/hadoop-ozone/integration-test/target/test-dir/MiniOzoneClusterImpl-cabca72f-823b-48bd-9dbb-41083dd38152/datanode-3/data/ratis/457eed1a-3fb3-4d44-ad28-a2af128f6104/sm/snapshot.2_14 time:5
2019-08-23 17:38:32,292 [StateMachineUpdater:3c4b984b-57f4-4c80-8be3-09d942f0ab46:group-A2AF128F6104] INFO  impl.StateMachineUpdater (StateMachineUpdater.java:takeSnapshot(242)) - StateMachineUpdater:3c4b984b-57f4-4c80-8be3-09d942f0ab46:group-A2AF128F6104: Took a snapshot at index 14
2019-08-23 17:38:32,292 [StateMachineUpdater:12ec41bc-15f8-4651-8725-e0a5649e7d04:group-768E427EC958] INFO  ratis.ContainerStateMachine (ContainerStateMachine.java:takeSnapshot(294)) - group-768E427EC958: Finished taking a snapshot at:(t:1, i:27) file:/workdir/hadoop-ozone/integration-test/target/test-dir/MiniOzoneClusterImpl-cabca72f-823b-48bd-9dbb-41083dd38152/datanode-2/data/ratis/fba7aaf2-c569-4c7a-9eb4-768e427ec958/sm/snapshot.1_27 time:16
2019-08-23 17:38:32,292 [StateMachineUpdater:12ec41bc-15f8-4651-8725-e0a5649e7d04:group-768E427EC958] INFO  impl.StateMachineUpdater (StateMachineUpdater.java:takeSnapshot(242)) - StateMachineUpdater:12ec41bc-15f8-4651-8725-e0a5649e7d04:group-768E427EC958: Took a snapshot at index 27
2019-08-23 17:38:32,292 [StateMachineUpdater:3c4b984b-57f4-4c80-8be3-09d942f0ab46:group-A2AF128F6104] INFO  impl.StateMachineUpdater (StateMachineUpdater.java:lambda$new$0(80)) - StateMachineUpdater:3c4b984b-57f4-4c80-8be3-09d942f0ab46:group-A2AF128F6104: snapshotIndex: updateIncreasingly -1 -> 14
2019-08-23 17:38:32,292 [StateMachineUpdater:12ec41bc-15f8-4651-8725-e0a5649e7d04:group-768E427EC958] INFO  impl.StateMachineUpdater (StateMachineUpdater.java:lambda$new$0(80)) - StateMachineUpdater:12ec41bc-15f8-4651-8725-e0a5649e7d04:group-768E427EC958: snapshotIndex: updateIncreasingly -1 -> 27
2019-08-23 17:38:32,293 [main] INFO  impl.RaftServerImpl (ServerState.java:close(394)) - 3c4b984b-57f4-4c80-8be3-09d942f0ab46:group-A2AF128F6104 closes. The last applied log index is 16
2019-08-23 17:38:32,293 [ForkJoinPool.commonPool-worker-1] INFO  impl.RaftServerImpl (ServerState.java:close(394)) - 12ec41bc-15f8-4651-8725-e0a5649e7d04:group-768E427EC958 closes. The last applied log index is 27
2019-08-23 17:38:32,293 [3c4b984b-57f4-4c80-8be3-09d942f0ab46-SegmentedRaftLogWorker:Storage Directory /workdir/hadoop-ozone/integration-test/target/test-dir/MiniOzoneClusterImpl-cabca72f-823b-48bd-9dbb-41083dd38152/datanode-3/data/ratis/457eed1a-3fb3-4d44-ad28-a2af128f6104] INFO  segmented.SegmentedRaftLogWorker (SegmentedRaftLogWorker.java:run(313)) - 3c4b984b-57f4-4c80-8be3-09d942f0ab46-SegmentedRaftLogWorker:Storage Directory /workdir/hadoop-ozone/integration-test/target/test-dir/MiniOzoneClusterImpl-cabca72f-823b-48bd-9dbb-41083dd38152/datanode-3/data/ratis/457eed1a-3fb3-4d44-ad28-a2af128f6104 was interrupted, exiting. There are 0 tasks remaining in the queue.
2019-08-23 17:38:32,294 [12ec41bc-15f8-4651-8725-e0a5649e7d04-SegmentedRaftLogWorker:Storage Directory /workdir/hadoop-ozone/integration-test/target/test-dir/MiniOzoneClusterImpl-cabca72f-823b-48bd-9dbb-41083dd38152/datanode-2/data/ratis/fba7aaf2-c569-4c7a-9eb4-768e427ec958] INFO  segmented.SegmentedRaftLogWorker (SegmentedRaftLogWorker.java:run(313)) - 12ec41bc-15f8-4651-8725-e0a5649e7d04-SegmentedRaftLogWorker:Storage Directory /workdir/hadoop-ozone/integration-test/target/test-dir/MiniOzoneClusterImpl-cabca72f-823b-48bd-9dbb-41083dd38152/datanode-2/data/ratis/fba7aaf2-c569-4c7a-9eb4-768e427ec958 was interrupted, exiting. There are 0 tasks remaining in the queue.
2019-08-23 17:38:32,295 [main] INFO  segmented.SegmentedRaftLogWorker (SegmentedRaftLogWorker.java:close(228)) - 3c4b984b-57f4-4c80-8be3-09d942f0ab46-SegmentedRaftLogWorker:Storage Directory /workdir/hadoop-ozone/integration-test/target/test-dir/MiniOzoneClusterImpl-cabca72f-823b-48bd-9dbb-41083dd38152/datanode-3/data/ratis/457eed1a-3fb3-4d44-ad28-a2af128f6104 close()
2019-08-23 17:38:32,297 [ForkJoinPool.commonPool-worker-1] INFO  segmented.SegmentedRaftLogWorker (SegmentedRaftLogWorker.java:close(228)) - 12ec41bc-15f8-4651-8725-e0a5649e7d04-SegmentedRaftLogWorker:Storage Directory /workdir/hadoop-ozone/integration-test/target/test-dir/MiniOzoneClusterImpl-cabca72f-823b-48bd-9dbb-41083dd38152/datanode-2/data/ratis/fba7aaf2-c569-4c7a-9eb4-768e427ec958 close()
2019-08-23 17:38:32,300 [main] INFO  server.GrpcService (GrpcService.java:closeImpl(155)) - 3c4b984b-57f4-4c80-8be3-09d942f0ab46: shutdown server with port 43511 now
2019-08-23 17:38:32,306 [ForkJoinPool.commonPool-worker-1] INFO  server.GrpcService (GrpcService.java:closeImpl(155)) - 12ec41bc-15f8-4651-8725-e0a5649e7d04: shutdown server with port 39108 now
2019-08-23 17:38:32,307 [ForkJoinPool.commonPool-worker-1] INFO  server.GrpcService (GrpcService.java:closeImpl(163)) - 12ec41bc-15f8-4651-8725-e0a5649e7d04: shutdown server with port 39108 successfully
2019-08-23 17:38:32,307 [grpc-default-executor-6] WARN  client.GrpcClientProtocolService (LogUtils.java:warn(134)) - 1-UnorderedRequestStreamObserver1: onError: org.apache.ratis.thirdparty.io.grpc.StatusRuntimeException: CANCELLED: cancelled before receiving half close
2019-08-23 17:38:32,307 [main] INFO  server.GrpcService (GrpcService.java:closeImpl(163)) - 3c4b984b-57f4-4c80-8be3-09d942f0ab46: shutdown server with port 43511 successfully
2019-08-23 17:38:32,309 [ForkJoinPool.commonPool-worker-1] INFO  utils.BackgroundService (BackgroundService.java:shutdown(148)) - Shutting down service BlockDeletingService
2019-08-23 17:38:32,309 [main] INFO  utils.BackgroundService (BackgroundService.java:shutdown(148)) - Shutting down service BlockDeletingService
2019-08-23 17:38:32,313 [refreshUsed-/workdir/hadoop-ozone/integration-test/target/test-dir/MiniOzoneClusterImpl-cabca72f-823b-48bd-9dbb-41083dd38152/datanode-2/data/containers] WARN  fs.CachingGetSpaceUsed (CachingGetSpaceUsed.java:run(183)) - Thread Interrupted waiting to refresh disk information: sleep interrupted
2019-08-23 17:38:32,313 [refreshUsed-/workdir/hadoop-ozone/integration-test/target/test-dir/MiniOzoneClusterImpl-cabca72f-823b-48bd-9dbb-41083dd38152/datanode-3/data/containers] WARN  fs.CachingGetSpaceUsed (CachingGetSpaceUsed.java:run(183)) - Thread Interrupted waiting to refresh disk information: sleep interrupted
2019-08-23 17:38:32,334 [ForkJoinPool.commonPool-worker-1] INFO  statemachine.DatanodeStateMachine (DatanodeStateMachine.java:stopDaemon(395)) - Ozone container server stopped.
2019-08-23 17:38:32,340 [ForkJoinPool.commonPool-worker-1] INFO  handler.ContextHandler (ContextHandler.java:doStop(910)) - Stopped o.e.j.w.WebAppContext@75051d05{/,null,UNAVAILABLE}{/hddsDatanode}
2019-08-23 17:38:32,341 [ForkJoinPool.commonPool-worker-1] INFO  server.AbstractConnector (AbstractConnector.java:doStop(318)) - Stopped ServerConnector@747b8f5c{HTTP/1.1,[http/1.1]}{0.0.0.0:0}
2019-08-23 17:38:32,342 [ForkJoinPool.commonPool-worker-1] INFO  handler.ContextHandler (ContextHandler.java:doStop(910)) - Stopped o.e.j.s.ServletContextHandler@489a722d{/static,jar:file:/home/user/.m2/repository/org/apache/hadoop/hadoop-hdds-container-service/0.5.0-SNAPSHOT/hadoop-hdds-container-service-0.5.0-SNAPSHOT.jar!/webapps/static,UNAVAILABLE}
2019-08-23 17:38:32,344 [ForkJoinPool.commonPool-worker-1] INFO  handler.ContextHandler (ContextHandler.java:doStop(910)) - Stopped o.e.j.s.ServletContextHandler@26c349fc{/logs,file:///workdir/hadoop-ozone/integration-test/target/log,UNAVAILABLE}
2019-08-23 17:38:32,345 [ForkJoinPool.commonPool-worker-1] INFO  datanode.ObjectStoreHandler (ObjectStoreHandler.java:close(155)) - Closing ObjectStoreHandler.
2019-08-23 17:38:32,345 [ForkJoinPool.commonPool-worker-1] INFO  ozone.HddsDatanodeService (HddsDatanodeService.java:stop(451)) - Stopped plug-in org.apache.hadoop.ozone.web.OzoneHddsDatanodeService@2a7ed9bd
2019-08-23 17:38:32,350 [main] INFO  statemachine.DatanodeStateMachine (DatanodeStateMachine.java:stopDaemon(395)) - Ozone container server stopped.
2019-08-23 17:38:32,351 [main] INFO  handler.ContextHandler (ContextHandler.java:doStop(910)) - Stopped o.e.j.w.WebAppContext@32cfd722{/,null,UNAVAILABLE}{/hddsDatanode}
2019-08-23 17:38:32,351 [main] INFO  server.AbstractConnector (AbstractConnector.java:doStop(318)) - Stopped ServerConnector@69815126{HTTP/1.1,[http/1.1]}{0.0.0.0:0}
2019-08-23 17:38:32,352 [main] INFO  handler.ContextHandler (ContextHandler.java:doStop(910)) - Stopped o.e.j.s.ServletContextHandler@3c5797c6{/static,jar:file:/home/user/.m2/repository/org/apache/hadoop/hadoop-hdds-container-service/0.5.0-SNAPSHOT/hadoop-hdds-container-service-0.5.0-SNAPSHOT.jar!/webapps/static,UNAVAILABLE}
2019-08-23 17:38:32,352 [main] INFO  handler.ContextHandler (ContextHandler.java:doStop(910)) - Stopped o.e.j.s.ServletContextHandler@1b3a1e42{/logs,file:///workdir/hadoop-ozone/integration-test/target/log,UNAVAILABLE}
2019-08-23 17:38:32,353 [main] INFO  datanode.ObjectStoreHandler (ObjectStoreHandler.java:close(155)) - Closing ObjectStoreHandler.
2019-08-23 17:38:32,354 [main] INFO  ozone.HddsDatanodeService (HddsDatanodeService.java:stop(451)) - Stopped plug-in org.apache.hadoop.ozone.web.OzoneHddsDatanodeService@3f8961fc
2019-08-23 17:38:32,917 [Datanode State Machine Thread - 0] INFO  statemachine.DatanodeStateMachine (DatanodeStateMachine.java:lambda$startDaemon$0(350)) - Ozone container server started.
2019-08-23 17:38:33,180 [Datanode State Machine Thread - 0] INFO  statemachine.DatanodeStateMachine (DatanodeStateMachine.java:lambda$startDaemon$0(350)) - Ozone container server started.
2019-08-23 17:38:36,976 [EventQueue-StaleNodeForStaleNodeHandler] INFO  node.StaleNodeHandler (StaleNodeHandler.java:onMessage(58)) - Datanode 6bac59a6-6e96-4b6d-a78d-651c0bed005c{ip: 192.168.5.164, host: pr-hdds-2002-fbg9h-2504998875, networkLocation: /default-rack, certSerialId: null} moved to stale state. Finalizing its pipelines [PipelineID=74aa4266-ea56-4350-b10d-d71a5adc5bc2, PipelineID=457eed1a-3fb3-4d44-ad28-a2af128f6104]
2019-08-23 17:38:36,976 [EventQueue-StaleNodeForStaleNodeHandler] INFO  pipeline.SCMPipelineManager (SCMPipelineManager.java:finalizeAndDestroyPipeline(309)) - destroying pipeline:Pipeline[ Id: 74aa4266-ea56-4350-b10d-d71a5adc5bc2, Nodes: 6bac59a6-6e96-4b6d-a78d-651c0bed005c{ip: 192.168.5.164, host: pr-hdds-2002-fbg9h-2504998875, networkLocation: /default-rack, certSerialId: null}, Type:RATIS, Factor:ONE, State:OPEN]
2019-08-23 17:38:36,976 [EventQueue-StaleNodeForStaleNodeHandler] INFO  pipeline.PipelineStateManager (PipelineStateManager.java:finalizePipeline(123)) - Pipeline Pipeline[ Id: 74aa4266-ea56-4350-b10d-d71a5adc5bc2, Nodes: 6bac59a6-6e96-4b6d-a78d-651c0bed005c{ip: 192.168.5.164, host: pr-hdds-2002-fbg9h-2504998875, networkLocation: /default-rack, certSerialId: null}, Type:RATIS, Factor:ONE, State:CLOSED] moved to CLOSED state
2019-08-23 17:38:36,976 [EventQueue-StaleNodeForStaleNodeHandler] INFO  pipeline.SCMPipelineManager (SCMPipelineManager.java:finalizeAndDestroyPipeline(309)) - destroying pipeline:Pipeline[ Id: 457eed1a-3fb3-4d44-ad28-a2af128f6104, Nodes: 6bac59a6-6e96-4b6d-a78d-651c0bed005c{ip: 192.168.5.164, host: pr-hdds-2002-fbg9h-2504998875, networkLocation: /default-rack, certSerialId: null}3c4b984b-57f4-4c80-8be3-09d942f0ab46{ip: 192.168.5.164, host: pr-hdds-2002-fbg9h-2504998875, networkLocation: /default-rack, certSerialId: null}85e641fa-5017-4198-8052-eafab442e101{ip: 192.168.5.164, host: pr-hdds-2002-fbg9h-2504998875, networkLocation: /default-rack, certSerialId: null}, Type:RATIS, Factor:THREE, State:CLOSED]
2019-08-23 17:38:37,276 [EventQueue-StaleNodeForStaleNodeHandler] INFO  node.StaleNodeHandler (StaleNodeHandler.java:onMessage(58)) - Datanode dc82463a-faf1-47ee-884f-ca1185c16136{ip: 192.168.5.164, host: pr-hdds-2002-fbg9h-2504998875, networkLocation: /default-rack, certSerialId: null} moved to stale state. Finalizing its pipelines [PipelineID=decfa574-2433-4e34-a325-4f87b5ca6811]
2019-08-23 17:38:37,277 [EventQueue-StaleNodeForStaleNodeHandler] INFO  pipeline.SCMPipelineManager (SCMPipelineManager.java:finalizeAndDestroyPipeline(309)) - destroying pipeline:Pipeline[ Id: decfa574-2433-4e34-a325-4f87b5ca6811, Nodes: dc82463a-faf1-47ee-884f-ca1185c16136{ip: 192.168.5.164, host: pr-hdds-2002-fbg9h-2504998875, networkLocation: /default-rack, certSerialId: null}, Type:RATIS, Factor:ONE, State:OPEN]
2019-08-23 17:38:37,277 [EventQueue-StaleNodeForStaleNodeHandler] INFO  pipeline.PipelineStateManager (PipelineStateManager.java:finalizePipeline(123)) - Pipeline Pipeline[ Id: decfa574-2433-4e34-a325-4f87b5ca6811, Nodes: dc82463a-faf1-47ee-884f-ca1185c16136{ip: 192.168.5.164, host: pr-hdds-2002-fbg9h-2504998875, networkLocation: /default-rack, certSerialId: null}, Type:RATIS, Factor:ONE, State:CLOSED] moved to CLOSED state
2019-08-23 17:38:37,346 [ForkJoinPool.commonPool-worker-1] INFO  ozoneimpl.OzoneContainer (OzoneContainer.java:stop(199)) - Attempting to stop container services.
2019-08-23 17:38:37,347 [ForkJoinPool.commonPool-worker-1] INFO  impl.RaftServerProxy (RaftServerProxy.java:lambda$close$4(314)) - dc82463a-faf1-47ee-884f-ca1185c16136: close
2019-08-23 17:38:37,347 [ForkJoinPool.commonPool-worker-1] INFO  impl.RaftServerImpl (RaftServerImpl.java:lambda$shutdown$3(245)) - dc82463a-faf1-47ee-884f-ca1185c16136: shutdown group-4F87B5CA6811
2019-08-23 17:38:37,347 [ForkJoinPool.commonPool-worker-1] INFO  util.JmxRegister (JmxRegister.java:unregister(73)) - Successfully un-registered JMX Bean with object name Ratis:service=RaftServer,group=group-4F87B5CA6811,id=dc82463a-faf1-47ee-884f-ca1185c16136
2019-08-23 17:38:37,348 [ForkJoinPool.commonPool-worker-1] INFO  impl.RoleInfo (RoleInfo.java:shutdownLeaderState(104)) - dc82463a-faf1-47ee-884f-ca1185c16136: shutdown LeaderState
2019-08-23 17:38:37,348 [ForkJoinPool.commonPool-worker-1] INFO  impl.PendingRequests (PendingRequests.java:sendNotLeaderResponses(202)) - dc82463a-faf1-47ee-884f-ca1185c16136-PendingRequests: sendNotLeaderResponses
2019-08-23 17:38:37,349 [ForkJoinPool.commonPool-worker-1] INFO  impl.StateMachineUpdater (StateMachineUpdater.java:stopAndJoin(115)) - StateMachineUpdater:dc82463a-faf1-47ee-884f-ca1185c16136:group-4F87B5CA6811: set stopIndex = 0
2019-08-23 17:38:37,349 [ForkJoinPool.commonPool-worker-1] INFO  impl.RaftServerImpl (ServerState.java:close(394)) - dc82463a-faf1-47ee-884f-ca1185c16136:group-4F87B5CA6811 closes. The last applied log index is 0
2019-08-23 17:38:37,349 [dc82463a-faf1-47ee-884f-ca1185c16136-SegmentedRaftLogWorker:Storage Directory /workdir/hadoop-ozone/integration-test/target/test-dir/MiniOzoneClusterImpl-cabca72f-823b-48bd-9dbb-41083dd38152/datanode-6/data/ratis/decfa574-2433-4e34-a325-4f87b5ca6811] INFO  segmented.SegmentedRaftLogWorker (SegmentedRaftLogWorker.java:run(313)) - dc82463a-faf1-47ee-884f-ca1185c16136-SegmentedRaftLogWorker:Storage Directory /workdir/hadoop-ozone/integration-test/target/test-dir/MiniOzoneClusterImpl-cabca72f-823b-48bd-9dbb-41083dd38152/datanode-6/data/ratis/decfa574-2433-4e34-a325-4f87b5ca6811 was interrupted, exiting. There are 0 tasks remaining in the queue.
2019-08-23 17:38:37,350 [ForkJoinPool.commonPool-worker-1] INFO  segmented.SegmentedRaftLogWorker (SegmentedRaftLogWorker.java:close(228)) - dc82463a-faf1-47ee-884f-ca1185c16136-SegmentedRaftLogWorker:Storage Directory /workdir/hadoop-ozone/integration-test/target/test-dir/MiniOzoneClusterImpl-cabca72f-823b-48bd-9dbb-41083dd38152/datanode-6/data/ratis/decfa574-2433-4e34-a325-4f87b5ca6811 close()
2019-08-23 17:38:37,352 [ForkJoinPool.commonPool-worker-1] INFO  server.GrpcService (GrpcService.java:closeImpl(155)) - dc82463a-faf1-47ee-884f-ca1185c16136: shutdown server with port 33077 now
2019-08-23 17:38:37,353 [ForkJoinPool.commonPool-worker-1] INFO  server.GrpcService (GrpcService.java:closeImpl(163)) - dc82463a-faf1-47ee-884f-ca1185c16136: shutdown server with port 33077 successfully
2019-08-23 17:38:37,355 [main] INFO  ozoneimpl.OzoneContainer (OzoneContainer.java:stop(199)) - Attempting to stop container services.
2019-08-23 17:38:37,356 [main] INFO  impl.RaftServerProxy (RaftServerProxy.java:lambda$close$4(314)) - 6bac59a6-6e96-4b6d-a78d-651c0bed005c: close
2019-08-23 17:38:37,356 [main] INFO  impl.RaftServerImpl (RaftServerImpl.java:lambda$shutdown$3(245)) - 6bac59a6-6e96-4b6d-a78d-651c0bed005c: shutdown group-D71A5ADC5BC2
2019-08-23 17:38:37,357 [main] INFO  util.JmxRegister (JmxRegister.java:unregister(73)) - Successfully un-registered JMX Bean with object name Ratis:service=RaftServer,group=group-D71A5ADC5BC2,id=6bac59a6-6e96-4b6d-a78d-651c0bed005c
2019-08-23 17:38:37,358 [ForkJoinPool.commonPool-worker-1] INFO  utils.BackgroundService (BackgroundService.java:shutdown(148)) - Shutting down service BlockDeletingService
2019-08-23 17:38:37,359 [main] INFO  impl.RoleInfo (RoleInfo.java:shutdownLeaderState(104)) - 6bac59a6-6e96-4b6d-a78d-651c0bed005c: shutdown LeaderState
2019-08-23 17:38:37,360 [main] INFO  impl.PendingRequests (PendingRequests.java:sendNotLeaderResponses(202)) - 6bac59a6-6e96-4b6d-a78d-651c0bed005c-PendingRequests: sendNotLeaderResponses
2019-08-23 17:38:37,360 [main] INFO  impl.StateMachineUpdater (StateMachineUpdater.java:stopAndJoin(115)) - StateMachineUpdater:6bac59a6-6e96-4b6d-a78d-651c0bed005c:group-D71A5ADC5BC2: set stopIndex = 0
2019-08-23 17:38:37,361 [main] INFO  impl.RaftServerImpl (ServerState.java:close(394)) - 6bac59a6-6e96-4b6d-a78d-651c0bed005c:group-D71A5ADC5BC2 closes. The last applied log index is 0
2019-08-23 17:38:37,361 [6bac59a6-6e96-4b6d-a78d-651c0bed005c-SegmentedRaftLogWorker:Storage Directory /workdir/hadoop-ozone/integration-test/target/test-dir/MiniOzoneClusterImpl-cabca72f-823b-48bd-9dbb-41083dd38152/datanode-5/data/ratis/74aa4266-ea56-4350-b10d-d71a5adc5bc2] INFO  segmented.SegmentedRaftLogWorker (SegmentedRaftLogWorker.java:run(313)) - 6bac59a6-6e96-4b6d-a78d-651c0bed005c-SegmentedRaftLogWorker:Storage Directory /workdir/hadoop-ozone/integration-test/target/test-dir/MiniOzoneClusterImpl-cabca72f-823b-48bd-9dbb-41083dd38152/datanode-5/data/ratis/74aa4266-ea56-4350-b10d-d71a5adc5bc2 was interrupted, exiting. There are 0 tasks remaining in the queue.
2019-08-23 17:38:37,362 [main] INFO  segmented.SegmentedRaftLogWorker (SegmentedRaftLogWorker.java:close(228)) - 6bac59a6-6e96-4b6d-a78d-651c0bed005c-SegmentedRaftLogWorker:Storage Directory /workdir/hadoop-ozone/integration-test/target/test-dir/MiniOzoneClusterImpl-cabca72f-823b-48bd-9dbb-41083dd38152/datanode-5/data/ratis/74aa4266-ea56-4350-b10d-d71a5adc5bc2 close()
2019-08-23 17:38:37,362 [refreshUsed-/workdir/hadoop-ozone/integration-test/target/test-dir/MiniOzoneClusterImpl-cabca72f-823b-48bd-9dbb-41083dd38152/datanode-6/data/containers] WARN  fs.CachingGetSpaceUsed (CachingGetSpaceUsed.java:run(183)) - Thread Interrupted waiting to refresh disk information: sleep interrupted
2019-08-23 17:38:37,364 [main] INFO  impl.RaftServerImpl (RaftServerImpl.java:lambda$shutdown$3(245)) - 6bac59a6-6e96-4b6d-a78d-651c0bed005c: shutdown group-A2AF128F6104
2019-08-23 17:38:37,364 [main] INFO  util.JmxRegister (JmxRegister.java:unregister(73)) - Successfully un-registered JMX Bean with object name Ratis:service=RaftServer,group=group-A2AF128F6104,id=6bac59a6-6e96-4b6d-a78d-651c0bed005c
2019-08-23 17:38:37,365 [main] INFO  impl.RoleInfo (RoleInfo.java:shutdownFollowerState(121)) - 6bac59a6-6e96-4b6d-a78d-651c0bed005c: shutdown FollowerState
2019-08-23 17:38:37,365 [main] INFO  impl.StateMachineUpdater (StateMachineUpdater.java:stopAndJoin(115)) - StateMachineUpdater:6bac59a6-6e96-4b6d-a78d-651c0bed005c:group-A2AF128F6104: set stopIndex = 16
2019-08-23 17:38:37,365 [Thread-3663] INFO  impl.FollowerState (FollowerState.java:run(114)) - 6bac59a6-6e96-4b6d-a78d-651c0bed005c: FollowerState was interrupted: java.lang.InterruptedException: sleep interrupted
2019-08-23 17:38:37,365 [StateMachineUpdater:6bac59a6-6e96-4b6d-a78d-651c0bed005c:group-A2AF128F6104] INFO  ratis.ContainerStateMachine (ContainerStateMachine.java:takeSnapshot(283)) - group-A2AF128F6104: Taking a snapshot at:(t:2, i:14) file /workdir/hadoop-ozone/integration-test/target/test-dir/MiniOzoneClusterImpl-cabca72f-823b-48bd-9dbb-41083dd38152/datanode-5/data/ratis/457eed1a-3fb3-4d44-ad28-a2af128f6104/sm/snapshot.2_14
2019-08-23 17:38:37,372 [StateMachineUpdater:6bac59a6-6e96-4b6d-a78d-651c0bed005c:group-A2AF128F6104] INFO  ratis.ContainerStateMachine (ContainerStateMachine.java:takeSnapshot(294)) - group-A2AF128F6104: Finished taking a snapshot at:(t:2, i:14) file:/workdir/hadoop-ozone/integration-test/target/test-dir/MiniOzoneClusterImpl-cabca72f-823b-48bd-9dbb-41083dd38152/datanode-5/data/ratis/457eed1a-3fb3-4d44-ad28-a2af128f6104/sm/snapshot.2_14 time:7
2019-08-23 17:38:37,372 [StateMachineUpdater:6bac59a6-6e96-4b6d-a78d-651c0bed005c:group-A2AF128F6104] INFO  impl.StateMachineUpdater (StateMachineUpdater.java:takeSnapshot(242)) - StateMachineUpdater:6bac59a6-6e96-4b6d-a78d-651c0bed005c:group-A2AF128F6104: Took a snapshot at index 14
2019-08-23 17:38:37,372 [StateMachineUpdater:6bac59a6-6e96-4b6d-a78d-651c0bed005c:group-A2AF128F6104] INFO  impl.StateMachineUpdater (StateMachineUpdater.java:lambda$new$0(80)) - StateMachineUpdater:6bac59a6-6e96-4b6d-a78d-651c0bed005c:group-A2AF128F6104: snapshotIndex: updateIncreasingly -1 -> 14
2019-08-23 17:38:37,372 [main] INFO  impl.RaftServerImpl (ServerState.java:close(394)) - 6bac59a6-6e96-4b6d-a78d-651c0bed005c:group-A2AF128F6104 closes. The last applied log index is 16
2019-08-23 17:38:37,373 [6bac59a6-6e96-4b6d-a78d-651c0bed005c-SegmentedRaftLogWorker:Storage Directory /workdir/hadoop-ozone/integration-test/target/test-dir/MiniOzoneClusterImpl-cabca72f-823b-48bd-9dbb-41083dd38152/datanode-5/data/ratis/457eed1a-3fb3-4d44-ad28-a2af128f6104] INFO  segmented.SegmentedRaftLogWorker (SegmentedRaftLogWorker.java:run(313)) - 6bac59a6-6e96-4b6d-a78d-651c0bed005c-SegmentedRaftLogWorker:Storage Directory /workdir/hadoop-ozone/integration-test/target/test-dir/MiniOzoneClusterImpl-cabca72f-823b-48bd-9dbb-41083dd38152/datanode-5/data/ratis/457eed1a-3fb3-4d44-ad28-a2af128f6104 was interrupted, exiting. There are 0 tasks remaining in the queue.
2019-08-23 17:38:37,374 [main] INFO  segmented.SegmentedRaftLogWorker (SegmentedRaftLogWorker.java:close(228)) - 6bac59a6-6e96-4b6d-a78d-651c0bed005c-SegmentedRaftLogWorker:Storage Directory /workdir/hadoop-ozone/integration-test/target/test-dir/MiniOzoneClusterImpl-cabca72f-823b-48bd-9dbb-41083dd38152/datanode-5/data/ratis/457eed1a-3fb3-4d44-ad28-a2af128f6104 close()
2019-08-23 17:38:37,375 [main] INFO  server.GrpcService (GrpcService.java:closeImpl(155)) - 6bac59a6-6e96-4b6d-a78d-651c0bed005c: shutdown server with port 45735 now
2019-08-23 17:38:37,376 [main] INFO  server.GrpcService (GrpcService.java:closeImpl(163)) - 6bac59a6-6e96-4b6d-a78d-651c0bed005c: shutdown server with port 45735 successfully
2019-08-23 17:38:37,381 [main] INFO  utils.BackgroundService (BackgroundService.java:shutdown(148)) - Shutting down service BlockDeletingService
2019-08-23 17:38:37,383 [refreshUsed-/workdir/hadoop-ozone/integration-test/target/test-dir/MiniOzoneClusterImpl-cabca72f-823b-48bd-9dbb-41083dd38152/datanode-5/data/containers] WARN  fs.CachingGetSpaceUsed (CachingGetSpaceUsed.java:run(183)) - Thread Interrupted waiting to refresh disk information: sleep interrupted
2019-08-23 17:38:37,388 [ForkJoinPool.commonPool-worker-1] INFO  statemachine.DatanodeStateMachine (DatanodeStateMachine.java:stopDaemon(395)) - Ozone container server stopped.
2019-08-23 17:38:37,392 [ForkJoinPool.commonPool-worker-1] INFO  handler.ContextHandler (ContextHandler.java:doStop(910)) - Stopped o.e.j.w.WebAppContext@27ccf818{/,null,UNAVAILABLE}{/hddsDatanode}
2019-08-23 17:38:37,394 [ForkJoinPool.commonPool-worker-1] INFO  server.AbstractConnector (AbstractConnector.java:doStop(318)) - Stopped ServerConnector@5f6ae1d{HTTP/1.1,[http/1.1]}{0.0.0.0:0}
2019-08-23 17:38:37,395 [ForkJoinPool.commonPool-worker-1] INFO  handler.ContextHandler (ContextHandler.java:doStop(910)) - Stopped o.e.j.s.ServletContextHandler@57af157c{/static,jar:file:/home/user/.m2/repository/org/apache/hadoop/hadoop-hdds-container-service/0.5.0-SNAPSHOT/hadoop-hdds-container-service-0.5.0-SNAPSHOT.jar!/webapps/static,UNAVAILABLE}
2019-08-23 17:38:37,397 [ForkJoinPool.commonPool-worker-1] INFO  handler.ContextHandler (ContextHandler.java:doStop(910)) - Stopped o.e.j.s.ServletContextHandler@679f3e12{/logs,file:///workdir/hadoop-ozone/integration-test/target/log,UNAVAILABLE}
2019-08-23 17:38:37,410 [main] INFO  statemachine.DatanodeStateMachine (DatanodeStateMachine.java:stopDaemon(395)) - Ozone container server stopped.
2019-08-23 17:38:37,411 [main] INFO  handler.ContextHandler (ContextHandler.java:doStop(910)) - Stopped o.e.j.w.WebAppContext@30367620{/,null,UNAVAILABLE}{/hddsDatanode}
2019-08-23 17:38:37,412 [main] INFO  server.AbstractConnector (AbstractConnector.java:doStop(318)) - Stopped ServerConnector@61ee9672{HTTP/1.1,[http/1.1]}{0.0.0.0:0}
2019-08-23 17:38:37,412 [main] INFO  handler.ContextHandler (ContextHandler.java:doStop(910)) - Stopped o.e.j.s.ServletContextHandler@2ddb260e{/static,jar:file:/home/user/.m2/repository/org/apache/hadoop/hadoop-hdds-container-service/0.5.0-SNAPSHOT/hadoop-hdds-container-service-0.5.0-SNAPSHOT.jar!/webapps/static,UNAVAILABLE}
2019-08-23 17:38:37,412 [main] INFO  handler.ContextHandler (ContextHandler.java:doStop(910)) - Stopped o.e.j.s.ServletContextHandler@7abeaed0{/logs,file:///workdir/hadoop-ozone/integration-test/target/log,UNAVAILABLE}
2019-08-23 17:38:37,413 [main] INFO  ozone.MiniOzoneClusterImpl (MiniOzoneClusterImpl.java:stop(353)) - Stopping the StorageContainerManager
2019-08-23 17:38:37,413 [main] INFO  server.StorageContainerManager (StorageContainerManager.java:stop(797)) - Stopping Replication Manager Service.
2019-08-23 17:38:37,414 [main] INFO  container.ReplicationManager (ReplicationManager.java:stop(193)) - Stopping Replication Monitor Thread.
2019-08-23 17:38:37,414 [main] INFO  server.StorageContainerManager (StorageContainerManager.java:stop(804)) - Stopping Lease Manager of the command watchers
2019-08-23 17:38:37,414 [main] INFO  server.StorageContainerManager (StorageContainerManager.java:stop(811)) - Stopping datanode service RPC server
2019-08-23 17:38:37,414 [main] INFO  server.SCMDatanodeProtocolServer (SCMDatanodeProtocolServer.java:stop(367)) - Stopping the RPC server for DataNodes
2019-08-23 17:38:37,415 [main] INFO  ipc.Server (Server.java:stop(3082)) - Stopping server on 33532
2019-08-23 17:38:37,417 [IPC Server listener on 33532] INFO  ipc.Server (Server.java:run(1185)) - Stopping IPC Server listener on 33532
2019-08-23 17:38:37,418 [IPC Server Responder] INFO  ipc.Server (Server.java:run(1319)) - Stopping IPC Server Responder
2019-08-23 17:38:37,476 [SCM Heartbeat Processing Thread - 0] WARN  node.NodeStateManager (NodeStateManager.java:scheduleNextHealthCheck(646)) - Current Thread is interrupted, shutting down HB processing thread for Node Manager.
2019-08-23 17:38:37,477 [main] INFO  server.StorageContainerManager (StorageContainerManager.java:stop(819)) - Stopping block service RPC server
2019-08-23 17:38:37,477 [main] INFO  server.SCMBlockProtocolServer (SCMBlockProtocolServer.java:stop(148)) - Stopping the RPC server for Block Protocol
2019-08-23 17:38:37,477 [main] INFO  ipc.Server (Server.java:stop(3082)) - Stopping server on 38924
2019-08-23 17:38:37,479 [IPC Server listener on 38924] INFO  ipc.Server (Server.java:run(1185)) - Stopping IPC Server listener on 38924
2019-08-23 17:38:37,480 [main] INFO  server.StorageContainerManager (StorageContainerManager.java:stop(826)) - Stopping the StorageContainerLocationProtocol RPC server
2019-08-23 17:38:37,481 [IPC Server Responder] INFO  ipc.Server (Server.java:run(1319)) - Stopping IPC Server Responder
2019-08-23 17:38:37,481 [main] INFO  server.SCMClientProtocolServer (SCMClientProtocolServer.java:stop(159)) - Stopping the RPC server for Client Protocol
2019-08-23 17:38:37,481 [main] INFO  ipc.Server (Server.java:stop(3082)) - Stopping server on 41940
2019-08-23 17:38:37,483 [IPC Server listener on 41940] INFO  ipc.Server (Server.java:run(1185)) - Stopping IPC Server listener on 41940
2019-08-23 17:38:37,483 [main] INFO  server.StorageContainerManager (StorageContainerManager.java:stop(833)) - Stopping Storage Container Manager HTTP server.
2019-08-23 17:38:37,485 [IPC Server Responder] INFO  ipc.Server (Server.java:run(1319)) - Stopping IPC Server Responder
2019-08-23 17:38:37,486 [main] INFO  handler.ContextHandler (ContextHandler.java:doStop(910)) - Stopped o.e.j.w.WebAppContext@756b703d{/,null,UNAVAILABLE}{/scm}
2019-08-23 17:38:37,487 [main] INFO  server.AbstractConnector (AbstractConnector.java:doStop(318)) - Stopped ServerConnector@1c00a9f0{HTTP/1.1,[http/1.1]}{0.0.0.0:0}
2019-08-23 17:38:37,487 [main] INFO  handler.ContextHandler (ContextHandler.java:doStop(910)) - Stopped o.e.j.s.ServletContextHandler@6b6d8671{/static,file:///workdir/hadoop-ozone/integration-test/target/test-classes/webapps/static,UNAVAILABLE}
2019-08-23 17:38:37,488 [main] INFO  handler.ContextHandler (ContextHandler.java:doStop(910)) - Stopped o.e.j.s.ServletContextHandler@5a9004e1{/logs,file:///workdir/hadoop-ozone/integration-test/target/log,UNAVAILABLE}
2019-08-23 17:38:37,489 [main] INFO  server.StorageContainerManager (StorageContainerManager.java:stop(844)) - Stopping Block Manager Service.
2019-08-23 17:38:37,489 [main] INFO  utils.BackgroundService (BackgroundService.java:shutdown(148)) - Shutting down service SCMBlockDeletingService
2019-08-23 17:38:37,490 [main] INFO  utils.BackgroundService (BackgroundService.java:shutdown(148)) - Shutting down service SCMBlockDeletingService
2019-08-23 17:38:37,490 [main] INFO  server.StorageContainerManager (StorageContainerManager.java:stop(866)) - Stopping SCM Event Queue.
2019-08-23 17:38:37,495 [main] INFO  impl.MetricsSystemImpl (MetricsSystemImpl.java:stop(210)) - Stopping HddsDatanode metrics system...
2019-08-23 17:38:37,507 [main] INFO  impl.MetricsSystemImpl (MetricsSystemImpl.java:stop(216)) - HddsDatanode metrics system stopped.
]]></system-out>
    <system-err><![CDATA[Aug 23, 2019 5:38:03 PM com.sun.jersey.server.impl.application.WebApplicationImpl _initiate
INFO: Initiating Jersey application, version 'Jersey: 1.19 02/11/2015 03:25 AM'
Aug 23, 2019 5:38:03 PM com.sun.jersey.server.impl.application.WebApplicationImpl _initiate
INFO: Initiating Jersey application, version 'Jersey: 1.19 02/11/2015 03:25 AM'
Aug 23, 2019 5:38:03 PM com.sun.jersey.server.impl.application.WebApplicationImpl _initiate
INFO: Initiating Jersey application, version 'Jersey: 1.19 02/11/2015 03:25 AM'
Aug 23, 2019 5:38:04 PM com.sun.jersey.server.impl.application.WebApplicationImpl _initiate
INFO: Initiating Jersey application, version 'Jersey: 1.19 02/11/2015 03:25 AM'
Aug 23, 2019 5:38:04 PM com.sun.jersey.server.impl.application.WebApplicationImpl _initiate
INFO: Initiating Jersey application, version 'Jersey: 1.19 02/11/2015 03:25 AM'
Aug 23, 2019 5:38:04 PM com.sun.jersey.server.impl.application.WebApplicationImpl _initiate
INFO: Initiating Jersey application, version 'Jersey: 1.19 02/11/2015 03:25 AM'
Aug 23, 2019 5:38:05 PM com.sun.jersey.server.impl.application.WebApplicationImpl _initiate
INFO: Initiating Jersey application, version 'Jersey: 1.19 02/11/2015 03:25 AM'
Aug 23, 2019 5:38:07 PM org.apache.ratis.thirdparty.io.grpc.internal.ManagedChannelOrphanWrapper$ManagedChannelReference cleanQueue
SEVERE: *~*~*~ Channel ManagedChannelImpl{logId=2759, target=192.168.5.164:33051} was not shutdown properly!!! ~*~*~*
    Make sure to call shutdown()/shutdownNow() and wait until awaitTermination() returns true.
java.lang.RuntimeException: ManagedChannel allocation site
	at org.apache.ratis.thirdparty.io.grpc.internal.ManagedChannelOrphanWrapper$ManagedChannelReference.<init>(ManagedChannelOrphanWrapper.java:103)
	at org.apache.ratis.thirdparty.io.grpc.internal.ManagedChannelOrphanWrapper.<init>(ManagedChannelOrphanWrapper.java:53)
	at org.apache.ratis.thirdparty.io.grpc.internal.ManagedChannelOrphanWrapper.<init>(ManagedChannelOrphanWrapper.java:44)
	at org.apache.ratis.thirdparty.io.grpc.internal.AbstractManagedChannelImplBuilder.build(AbstractManagedChannelImplBuilder.java:411)
	at org.apache.hadoop.hdds.scm.XceiverClientGrpc.connectToDatanode(XceiverClientGrpc.java:174)
	at org.apache.hadoop.hdds.scm.XceiverClientGrpc.reconnect(XceiverClientGrpc.java:422)
	at org.apache.hadoop.hdds.scm.XceiverClientGrpc.sendCommandAsync(XceiverClientGrpc.java:371)
	at org.apache.hadoop.hdds.scm.XceiverClientGrpc.sendCommandWithRetry(XceiverClientGrpc.java:284)
	at org.apache.hadoop.hdds.scm.XceiverClientGrpc.sendCommandWithTraceIDAndRetry(XceiverClientGrpc.java:250)
	at org.apache.hadoop.hdds.scm.XceiverClientGrpc.sendCommand(XceiverClientGrpc.java:233)
	at org.apache.hadoop.hdds.scm.storage.ContainerProtocolCalls.getBlock(ContainerProtocolCalls.java:118)
	at org.apache.hadoop.hdds.scm.storage.BlockInputStream.getChunkInfos(BlockInputStream.java:167)
	at org.apache.hadoop.hdds.scm.storage.BlockInputStream.initialize(BlockInputStream.java:118)
	at org.apache.hadoop.hdds.scm.storage.BlockInputStream.read(BlockInputStream.java:222)
	at org.apache.hadoop.ozone.client.io.KeyInputStream.read(KeyInputStream.java:171)
	at org.apache.hadoop.ozone.client.io.OzoneInputStream.read(OzoneInputStream.java:47)
	at java.io.InputStream.read(InputStream.java:101)
	at org.apache.hadoop.ozone.container.ContainerTestHelper.validateData(ContainerTestHelper.java:713)
	at org.apache.hadoop.ozone.client.rpc.TestBlockOutputStreamWithFailures.validateData(TestBlockOutputStreamWithFailures.java:1216)
	at org.apache.hadoop.ozone.client.rpc.TestBlockOutputStreamWithFailures.testWatchForCommitWithSingleNodeRatis(TestBlockOutputStreamWithFailures.java:918)
	at sun.reflect.NativeMethodAccessorImpl.invoke0(Native Method)
	at sun.reflect.NativeMethodAccessorImpl.invoke(NativeMethodAccessorImpl.java:62)
	at sun.reflect.DelegatingMethodAccessorImpl.invoke(DelegatingMethodAccessorImpl.java:43)
	at java.lang.reflect.Method.invoke(Method.java:498)
	at org.junit.runners.model.FrameworkMethod$1.runReflectiveCall(FrameworkMethod.java:47)
	at org.junit.internal.runners.model.ReflectiveCallable.run(ReflectiveCallable.java:12)
	at org.junit.runners.model.FrameworkMethod.invokeExplosively(FrameworkMethod.java:44)
	at org.junit.internal.runners.statements.InvokeMethod.evaluate(InvokeMethod.java:17)
	at org.junit.internal.runners.statements.RunBefores.evaluate(RunBefores.java:26)
	at org.junit.internal.runners.statements.RunAfters.evaluate(RunAfters.java:27)
	at org.junit.runners.ParentRunner.runLeaf(ParentRunner.java:271)
	at org.junit.runners.BlockJUnit4ClassRunner.runChild(BlockJUnit4ClassRunner.java:70)
	at org.junit.runners.BlockJUnit4ClassRunner.runChild(BlockJUnit4ClassRunner.java:50)
	at org.junit.runners.ParentRunner$3.run(ParentRunner.java:238)
	at org.junit.runners.ParentRunner$1.schedule(ParentRunner.java:63)
	at org.junit.runners.ParentRunner.runChildren(ParentRunner.java:236)
	at org.junit.runners.ParentRunner.access$000(ParentRunner.java:53)
	at org.junit.runners.ParentRunner$2.evaluate(ParentRunner.java:229)
	at org.junit.runners.ParentRunner.run(ParentRunner.java:309)
	at org.apache.maven.surefire.junit4.JUnit4Provider.execute(JUnit4Provider.java:365)
	at org.apache.maven.surefire.junit4.JUnit4Provider.executeWithRerun(JUnit4Provider.java:273)
	at org.apache.maven.surefire.junit4.JUnit4Provider.executeTestSet(JUnit4Provider.java:238)
	at org.apache.maven.surefire.junit4.JUnit4Provider.invoke(JUnit4Provider.java:159)
	at org.apache.maven.surefire.booter.ForkedBooter.invokeProviderInSameClassLoader(ForkedBooter.java:384)
	at org.apache.maven.surefire.booter.ForkedBooter.runSuitesInProcess(ForkedBooter.java:345)
	at org.apache.maven.surefire.booter.ForkedBooter.execute(ForkedBooter.java:126)
	at org.apache.maven.surefire.booter.ForkedBooter.main(ForkedBooter.java:418)

Aug 23, 2019 5:38:07 PM org.apache.ratis.thirdparty.io.grpc.internal.ManagedChannelOrphanWrapper$ManagedChannelReference cleanQueue
SEVERE: *~*~*~ Channel ManagedChannelImpl{logId=2754, target=192.168.5.164:33791} was not shutdown properly!!! ~*~*~*
    Make sure to call shutdown()/shutdownNow() and wait until awaitTermination() returns true.
java.lang.RuntimeException: ManagedChannel allocation site
	at org.apache.ratis.thirdparty.io.grpc.internal.ManagedChannelOrphanWrapper$ManagedChannelReference.<init>(ManagedChannelOrphanWrapper.java:103)
	at org.apache.ratis.thirdparty.io.grpc.internal.ManagedChannelOrphanWrapper.<init>(ManagedChannelOrphanWrapper.java:53)
	at org.apache.ratis.thirdparty.io.grpc.internal.ManagedChannelOrphanWrapper.<init>(ManagedChannelOrphanWrapper.java:44)
	at org.apache.ratis.thirdparty.io.grpc.internal.AbstractManagedChannelImplBuilder.build(AbstractManagedChannelImplBuilder.java:411)
	at org.apache.ratis.grpc.client.GrpcClientProtocolClient.<init>(GrpcClientProtocolClient.java:119)
	at org.apache.ratis.grpc.client.GrpcClientRpc.lambda$new$0(GrpcClientRpc.java:55)
	at org.apache.ratis.util.PeerProxyMap$PeerAndProxy.lambda$getProxy$0(PeerProxyMap.java:61)
	at org.apache.ratis.util.LifeCycle.startAndTransition(LifeCycle.java:202)
	at org.apache.ratis.util.PeerProxyMap$PeerAndProxy.getProxy(PeerProxyMap.java:60)
	at org.apache.ratis.util.PeerProxyMap.getProxy(PeerProxyMap.java:107)
	at org.apache.ratis.grpc.client.GrpcClientRpc.sendRequestAsync(GrpcClientRpc.java:66)
	at org.apache.ratis.client.impl.OrderedAsync.sendRequest(OrderedAsync.java:208)
	at org.apache.ratis.client.impl.OrderedAsync.sendRequestWithRetry(OrderedAsync.java:169)
	at org.apache.ratis.util.SlidingWindow$Client.sendOrDelayRequest(SlidingWindow.java:278)
	at org.apache.ratis.util.SlidingWindow$Client.submitNewRequest(SlidingWindow.java:257)
	at org.apache.ratis.client.impl.OrderedAsync.send(OrderedAsync.java:155)
	at org.apache.ratis.client.impl.RaftClientImpl.sendAsync(RaftClientImpl.java:145)
	at org.apache.ratis.client.impl.RaftClientImpl.sendAsync(RaftClientImpl.java:125)
	at org.apache.hadoop.hdds.scm.XceiverClientRatis.sendRequestAsync(XceiverClientRatis.java:224)
	at org.apache.hadoop.hdds.scm.XceiverClientRatis.sendCommandAsync(XceiverClientRatis.java:302)
	at org.apache.hadoop.hdds.scm.storage.ContainerProtocolCalls.writeChunkAsync(ContainerProtocolCalls.java:310)
	at org.apache.hadoop.hdds.scm.storage.BlockOutputStream.writeChunkToContainer(BlockOutputStream.java:601)
	at org.apache.hadoop.hdds.scm.storage.BlockOutputStream.writeChunk(BlockOutputStream.java:459)
	at org.apache.hadoop.hdds.scm.storage.BlockOutputStream.writeOnRetry(BlockOutputStream.java:285)
	at org.apache.hadoop.ozone.client.io.BlockOutputStreamEntry.writeOnRetry(BlockOutputStreamEntry.java:200)
	at org.apache.hadoop.ozone.client.io.KeyOutputStream.handleWrite(KeyOutputStream.java:209)
	at org.apache.hadoop.ozone.client.io.KeyOutputStream.handleRetry(KeyOutputStream.java:376)
	at org.apache.hadoop.ozone.client.io.KeyOutputStream.handleException(KeyOutputStream.java:325)
	at org.apache.hadoop.ozone.client.io.KeyOutputStream.handleFlushOrClose(KeyOutputStream.java:448)
	at org.apache.hadoop.ozone.client.io.KeyOutputStream.handleWrite(KeyOutputStream.java:235)
	at org.apache.hadoop.ozone.client.io.KeyOutputStream.write(KeyOutputStream.java:193)
	at org.apache.hadoop.ozone.client.io.OzoneOutputStream.write(OzoneOutputStream.java:49)
	at java.io.OutputStream.write(OutputStream.java:75)
	at org.apache.hadoop.ozone.client.rpc.TestBlockOutputStreamWithFailures.testWatchForCommitWithSingleNodeRatis(TestBlockOutputStreamWithFailures.java:885)
	at sun.reflect.NativeMethodAccessorImpl.invoke0(Native Method)
	at sun.reflect.NativeMethodAccessorImpl.invoke(NativeMethodAccessorImpl.java:62)
	at sun.reflect.DelegatingMethodAccessorImpl.invoke(DelegatingMethodAccessorImpl.java:43)
	at java.lang.reflect.Method.invoke(Method.java:498)
	at org.junit.runners.model.FrameworkMethod$1.runReflectiveCall(FrameworkMethod.java:47)
	at org.junit.internal.runners.model.ReflectiveCallable.run(ReflectiveCallable.java:12)
	at org.junit.runners.model.FrameworkMethod.invokeExplosively(FrameworkMethod.java:44)
	at org.junit.internal.runners.statements.InvokeMethod.evaluate(InvokeMethod.java:17)
	at org.junit.internal.runners.statements.RunBefores.evaluate(RunBefores.java:26)
	at org.junit.internal.runners.statements.RunAfters.evaluate(RunAfters.java:27)
	at org.junit.runners.ParentRunner.runLeaf(ParentRunner.java:271)
	at org.junit.runners.BlockJUnit4ClassRunner.runChild(BlockJUnit4ClassRunner.java:70)
	at org.junit.runners.BlockJUnit4ClassRunner.runChild(BlockJUnit4ClassRunner.java:50)
	at org.junit.runners.ParentRunner$3.run(ParentRunner.java:238)
	at org.junit.runners.ParentRunner$1.schedule(ParentRunner.java:63)
	at org.junit.runners.ParentRunner.runChildren(ParentRunner.java:236)
	at org.junit.runners.ParentRunner.access$000(ParentRunner.java:53)
	at org.junit.runners.ParentRunner$2.evaluate(ParentRunner.java:229)
	at org.junit.runners.ParentRunner.run(ParentRunner.java:309)
	at org.apache.maven.surefire.junit4.JUnit4Provider.execute(JUnit4Provider.java:365)
	at org.apache.maven.surefire.junit4.JUnit4Provider.executeWithRerun(JUnit4Provider.java:273)
	at org.apache.maven.surefire.junit4.JUnit4Provider.executeTestSet(JUnit4Provider.java:238)
	at org.apache.maven.surefire.junit4.JUnit4Provider.invoke(JUnit4Provider.java:159)
	at org.apache.maven.surefire.booter.ForkedBooter.invokeProviderInSameClassLoader(ForkedBooter.java:384)
	at org.apache.maven.surefire.booter.ForkedBooter.runSuitesInProcess(ForkedBooter.java:345)
	at org.apache.maven.surefire.booter.ForkedBooter.execute(ForkedBooter.java:126)
	at org.apache.maven.surefire.booter.ForkedBooter.main(ForkedBooter.java:418)

Aug 23, 2019 5:38:07 PM org.apache.ratis.thirdparty.io.grpc.internal.ManagedChannelOrphanWrapper$ManagedChannelReference cleanQueue
SEVERE: *~*~*~ Channel ManagedChannelImpl{logId=2764, target=192.168.5.164:34826} was not shutdown properly!!! ~*~*~*
    Make sure to call shutdown()/shutdownNow() and wait until awaitTermination() returns true.
java.lang.RuntimeException: ManagedChannel allocation site
	at org.apache.ratis.thirdparty.io.grpc.internal.ManagedChannelOrphanWrapper$ManagedChannelReference.<init>(ManagedChannelOrphanWrapper.java:103)
	at org.apache.ratis.thirdparty.io.grpc.internal.ManagedChannelOrphanWrapper.<init>(ManagedChannelOrphanWrapper.java:53)
	at org.apache.ratis.thirdparty.io.grpc.internal.ManagedChannelOrphanWrapper.<init>(ManagedChannelOrphanWrapper.java:44)
	at org.apache.ratis.thirdparty.io.grpc.internal.AbstractManagedChannelImplBuilder.build(AbstractManagedChannelImplBuilder.java:411)
	at org.apache.hadoop.hdds.scm.XceiverClientGrpc.connectToDatanode(XceiverClientGrpc.java:174)
	at org.apache.hadoop.hdds.scm.XceiverClientGrpc.reconnect(XceiverClientGrpc.java:422)
	at org.apache.hadoop.hdds.scm.XceiverClientGrpc.sendCommandAsync(XceiverClientGrpc.java:371)
	at org.apache.hadoop.hdds.scm.XceiverClientGrpc.sendCommandWithRetry(XceiverClientGrpc.java:284)
	at org.apache.hadoop.hdds.scm.XceiverClientGrpc.sendCommandWithTraceIDAndRetry(XceiverClientGrpc.java:250)
	at org.apache.hadoop.hdds.scm.XceiverClientGrpc.sendCommand(XceiverClientGrpc.java:233)
	at org.apache.hadoop.hdds.scm.storage.ContainerProtocolCalls.getBlock(ContainerProtocolCalls.java:118)
	at org.apache.hadoop.hdds.scm.storage.BlockInputStream.getChunkInfos(BlockInputStream.java:167)
	at org.apache.hadoop.hdds.scm.storage.BlockInputStream.initialize(BlockInputStream.java:118)
	at org.apache.hadoop.hdds.scm.storage.BlockInputStream.read(BlockInputStream.java:222)
	at org.apache.hadoop.ozone.client.io.KeyInputStream.read(KeyInputStream.java:171)
	at org.apache.hadoop.ozone.client.io.OzoneInputStream.read(OzoneInputStream.java:47)
	at java.io.InputStream.read(InputStream.java:101)
	at org.apache.hadoop.ozone.container.ContainerTestHelper.validateData(ContainerTestHelper.java:713)
	at org.apache.hadoop.ozone.client.rpc.TestBlockOutputStreamWithFailures.validateData(TestBlockOutputStreamWithFailures.java:1216)
	at org.apache.hadoop.ozone.client.rpc.TestBlockOutputStreamWithFailures.testWatchForCommitWithSingleNodeRatis(TestBlockOutputStreamWithFailures.java:918)
	at sun.reflect.NativeMethodAccessorImpl.invoke0(Native Method)
	at sun.reflect.NativeMethodAccessorImpl.invoke(NativeMethodAccessorImpl.java:62)
	at sun.reflect.DelegatingMethodAccessorImpl.invoke(DelegatingMethodAccessorImpl.java:43)
	at java.lang.reflect.Method.invoke(Method.java:498)
	at org.junit.runners.model.FrameworkMethod$1.runReflectiveCall(FrameworkMethod.java:47)
	at org.junit.internal.runners.model.ReflectiveCallable.run(ReflectiveCallable.java:12)
	at org.junit.runners.model.FrameworkMethod.invokeExplosively(FrameworkMethod.java:44)
	at org.junit.internal.runners.statements.InvokeMethod.evaluate(InvokeMethod.java:17)
	at org.junit.internal.runners.statements.RunBefores.evaluate(RunBefores.java:26)
	at org.junit.internal.runners.statements.RunAfters.evaluate(RunAfters.java:27)
	at org.junit.runners.ParentRunner.runLeaf(ParentRunner.java:271)
	at org.junit.runners.BlockJUnit4ClassRunner.runChild(BlockJUnit4ClassRunner.java:70)
	at org.junit.runners.BlockJUnit4ClassRunner.runChild(BlockJUnit4ClassRunner.java:50)
	at org.junit.runners.ParentRunner$3.run(ParentRunner.java:238)
	at org.junit.runners.ParentRunner$1.schedule(ParentRunner.java:63)
	at org.junit.runners.ParentRunner.runChildren(ParentRunner.java:236)
	at org.junit.runners.ParentRunner.access$000(ParentRunner.java:53)
	at org.junit.runners.ParentRunner$2.evaluate(ParentRunner.java:229)
	at org.junit.runners.ParentRunner.run(ParentRunner.java:309)
	at org.apache.maven.surefire.junit4.JUnit4Provider.execute(JUnit4Provider.java:365)
	at org.apache.maven.surefire.junit4.JUnit4Provider.executeWithRerun(JUnit4Provider.java:273)
	at org.apache.maven.surefire.junit4.JUnit4Provider.executeTestSet(JUnit4Provider.java:238)
	at org.apache.maven.surefire.junit4.JUnit4Provider.invoke(JUnit4Provider.java:159)
	at org.apache.maven.surefire.booter.ForkedBooter.invokeProviderInSameClassLoader(ForkedBooter.java:384)
	at org.apache.maven.surefire.booter.ForkedBooter.runSuitesInProcess(ForkedBooter.java:345)
	at org.apache.maven.surefire.booter.ForkedBooter.execute(ForkedBooter.java:126)
	at org.apache.maven.surefire.booter.ForkedBooter.main(ForkedBooter.java:418)

Aug 23, 2019 5:38:07 PM org.apache.ratis.thirdparty.io.grpc.internal.ManagedChannelOrphanWrapper$ManagedChannelReference cleanQueue
SEVERE: *~*~*~ Channel ManagedChannelImpl{logId=2749, target=192.168.5.164:41416} was not shutdown properly!!! ~*~*~*
    Make sure to call shutdown()/shutdownNow() and wait until awaitTermination() returns true.
java.lang.RuntimeException: ManagedChannel allocation site
	at org.apache.ratis.thirdparty.io.grpc.internal.ManagedChannelOrphanWrapper$ManagedChannelReference.<init>(ManagedChannelOrphanWrapper.java:103)
	at org.apache.ratis.thirdparty.io.grpc.internal.ManagedChannelOrphanWrapper.<init>(ManagedChannelOrphanWrapper.java:53)
	at org.apache.ratis.thirdparty.io.grpc.internal.ManagedChannelOrphanWrapper.<init>(ManagedChannelOrphanWrapper.java:44)
	at org.apache.ratis.thirdparty.io.grpc.internal.AbstractManagedChannelImplBuilder.build(AbstractManagedChannelImplBuilder.java:411)
	at org.apache.ratis.grpc.client.GrpcClientProtocolClient.<init>(GrpcClientProtocolClient.java:119)
	at org.apache.ratis.grpc.client.GrpcClientRpc.lambda$new$0(GrpcClientRpc.java:55)
	at org.apache.ratis.util.PeerProxyMap$PeerAndProxy.lambda$getProxy$0(PeerProxyMap.java:61)
	at org.apache.ratis.util.LifeCycle.startAndTransition(LifeCycle.java:202)
	at org.apache.ratis.util.PeerProxyMap$PeerAndProxy.getProxy(PeerProxyMap.java:60)
	at org.apache.ratis.util.PeerProxyMap.getProxy(PeerProxyMap.java:107)
	at org.apache.ratis.grpc.client.GrpcClientRpc.sendRequestAsync(GrpcClientRpc.java:66)
	at org.apache.ratis.client.impl.OrderedAsync.sendRequest(OrderedAsync.java:208)
	at org.apache.ratis.client.impl.OrderedAsync.sendRequestWithRetry(OrderedAsync.java:169)
	at org.apache.ratis.util.SlidingWindow$Client.sendOrDelayRequest(SlidingWindow.java:278)
	at org.apache.ratis.util.SlidingWindow$Client.retry(SlidingWindow.java:294)
	at org.apache.ratis.client.impl.OrderedAsync.lambda$scheduleWithTimeout$7(OrderedAsync.java:195)
	at org.apache.ratis.util.TimeoutScheduler.lambda$onTimeout$0(TimeoutScheduler.java:85)
	at org.apache.ratis.util.TimeoutScheduler.lambda$onTimeout$1(TimeoutScheduler.java:104)
	at org.apache.ratis.util.LogUtils.runAndLog(LogUtils.java:50)
	at org.apache.ratis.util.LogUtils$1.run(LogUtils.java:91)
	at java.util.concurrent.Executors$RunnableAdapter.call(Executors.java:511)
	at java.util.concurrent.FutureTask.run(FutureTask.java:266)
	at java.util.concurrent.ScheduledThreadPoolExecutor$ScheduledFutureTask.access$201(ScheduledThreadPoolExecutor.java:180)
	at java.util.concurrent.ScheduledThreadPoolExecutor$ScheduledFutureTask.run(ScheduledThreadPoolExecutor.java:293)
	at java.util.concurrent.ThreadPoolExecutor.runWorker(ThreadPoolExecutor.java:1149)
	at java.util.concurrent.ThreadPoolExecutor$Worker.run(ThreadPoolExecutor.java:624)
	at java.lang.Thread.run(Thread.java:748)

]]></system-err>
  </testcase>
  <testcase name="testFailureWithPrimeSizedData" classname="org.apache.hadoop.ozone.client.rpc.TestBlockOutputStreamWithFailures" time="34.475"/>
  <testcase name="testWatchForCommitWithCloseContainerException" classname="org.apache.hadoop.ozone.client.rpc.TestBlockOutputStreamWithFailures" time="39.819"/>
  <testcase name="testExceptionDuringClose" classname="org.apache.hadoop.ozone.client.rpc.TestBlockOutputStreamWithFailures" time="34.824"/>
</testsuite>