<?xml version="1.0" encoding="UTF-8"?>
<testsuite xmlns:xsi="http://www.w3.org/2001/XMLSchema-instance" xsi:noNamespaceSchemaLocation="https://maven.apache.org/surefire/maven-surefire-plugin/xsd/surefire-test-report.xsd" name="org.apache.ratis.examples.filestore.TestFileStoreWithNetty" time="100.667" tests="1" errors="1" skipped="0" failures="0">
  <properties>
    <property name="awt.toolkit" value="sun.awt.X11.XToolkit"/>
    <property name="file.encoding.pkg" value="sun.io"/>
    <property name="java.specification.version" value="1.8"/>
    <property name="sun.cpu.isalist" value=""/>
    <property name="sun.jnu.encoding" value="UTF-8"/>
    <property name="java.class.path" value="/workdir/ratis-examples/target/test-classes:/workdir/ratis-examples/target/classes:/home/user/.m2/repository/org/apache/ratis/ratis-thirdparty-misc/0.2.0/ratis-thirdparty-misc-0.2.0.jar:/workdir/ratis-proto/target/ratis-proto-0.5.0-SNAPSHOT.jar:/workdir/ratis-common/target/classes:/home/user/.m2/repository/org/slf4j/slf4j-log4j12/1.7.10/slf4j-log4j12-1.7.10.jar:/home/user/.m2/repository/log4j/log4j/1.2.17/log4j-1.2.17.jar:/workdir/ratis-common/target/test-classes:/workdir/ratis-client/target/classes:/workdir/ratis-server/target/classes:/workdir/ratis-metrics/target/classes:/home/user/.m2/repository/io/dropwizard/metrics/metrics-core/3.2.5/metrics-core-3.2.5.jar:/home/user/.m2/repository/com/github/joshelser/dropwizard-metrics-hadoop-metrics2-reporter/0.1.2/dropwizard-metrics-hadoop-metrics2-reporter-0.1.2.jar:/home/user/.m2/repository/io/dropwizard/metrics/metrics-jvm/3.2.5/metrics-jvm-3.2.5.jar:/home/user/.m2/repository/io/dropwizard/metrics/metrics-ganglia/3.2.5/metrics-ganglia-3.2.5.jar:/home/user/.m2/repository/info/ganglia/gmetric4j/gmetric4j/1.0.7/gmetric4j-1.0.7.jar:/home/user/.m2/repository/org/apache/commons/commons-lang3/3.5/commons-lang3-3.5.jar:/workdir/ratis-server/target/test-classes:/workdir/ratis-hadoop/target/classes:/home/user/.m2/repository/org/apache/hadoop/hadoop-common/3.1.1/hadoop-common-3.1.1.jar:/home/user/.m2/repository/org/apache/hadoop/hadoop-annotations/3.1.1/hadoop-annotations-3.1.1.jar:/usr/lib/jvm/java-1.8-openjdk/jre/../lib/tools.jar:/home/user/.m2/repository/commons-cli/commons-cli/1.2/commons-cli-1.2.jar:/home/user/.m2/repository/org/apache/commons/commons-math3/3.1.1/commons-math3-3.1.1.jar:/home/user/.m2/repository/org/apache/httpcomponents/httpclient/4.5.2/httpclient-4.5.2.jar:/home/user/.m2/repository/org/apache/httpcomponents/httpcore/4.4.4/httpcore-4.4.4.jar:/home/user/.m2/repository/commons-codec/commons-codec/1.11/commons-codec-1.11.jar:/home/user/.m2/repository/commons-io/commons-io/2.5/commons-io-2.5.jar:/home/user/.m2/repository/commons-net/commons-net/3.6/commons-net-3.6.jar:/home/user/.m2/repository/commons-collections/commons-collections/3.2.2/commons-collections-3.2.2.jar:/home/user/.m2/repository/javax/servlet/javax.servlet-api/3.1.0/javax.servlet-api-3.1.0.jar:/home/user/.m2/repository/org/eclipse/jetty/jetty-server/9.3.19.v20170502/jetty-server-9.3.19.v20170502.jar:/home/user/.m2/repository/org/eclipse/jetty/jetty-http/9.3.19.v20170502/jetty-http-9.3.19.v20170502.jar:/home/user/.m2/repository/org/eclipse/jetty/jetty-io/9.3.19.v20170502/jetty-io-9.3.19.v20170502.jar:/home/user/.m2/repository/org/eclipse/jetty/jetty-util/9.3.19.v20170502/jetty-util-9.3.19.v20170502.jar:/home/user/.m2/repository/org/eclipse/jetty/jetty-servlet/9.3.19.v20170502/jetty-servlet-9.3.19.v20170502.jar:/home/user/.m2/repository/org/eclipse/jetty/jetty-security/9.3.19.v20170502/jetty-security-9.3.19.v20170502.jar:/home/user/.m2/repository/org/eclipse/jetty/jetty-webapp/9.3.19.v20170502/jetty-webapp-9.3.19.v20170502.jar:/home/user/.m2/repository/org/eclipse/jetty/jetty-xml/9.3.19.v20170502/jetty-xml-9.3.19.v20170502.jar:/home/user/.m2/repository/javax/servlet/jsp/jsp-api/2.1/jsp-api-2.1.jar:/home/user/.m2/repository/com/sun/jersey/jersey-core/1.19/jersey-core-1.19.jar:/home/user/.m2/repository/javax/ws/rs/jsr311-api/1.1.1/jsr311-api-1.1.1.jar:/home/user/.m2/repository/com/sun/jersey/jersey-servlet/1.19/jersey-servlet-1.19.jar:/home/user/.m2/repository/com/sun/jersey/jersey-json/1.19/jersey-json-1.19.jar:/home/user/.m2/repository/org/codehaus/jettison/jettison/1.1/jettison-1.1.jar:/home/user/.m2/repository/com/sun/xml/bind/jaxb-impl/2.2.3-1/jaxb-impl-2.2.3-1.jar:/home/user/.m2/repository/javax/xml/bind/jaxb-api/2.2.2/jaxb-api-2.2.2.jar:/home/user/.m2/repository/javax/xml/stream/stax-api/1.0-2/stax-api-1.0-2.jar:/home/user/.m2/repository/javax/activation/activation/1.1/activation-1.1.jar:/home/user/.m2/repository/org/codehaus/jackson/jackson-core-asl/1.9.2/jackson-core-asl-1.9.2.jar:/home/user/.m2/repository/org/codehaus/jackson/jackson-mapper-asl/1.9.2/jackson-mapper-asl-1.9.2.jar:/home/user/.m2/repository/org/codehaus/jackson/jackson-jaxrs/1.9.2/jackson-jaxrs-1.9.2.jar:/home/user/.m2/repository/org/codehaus/jackson/jackson-xc/1.9.2/jackson-xc-1.9.2.jar:/home/user/.m2/repository/com/sun/jersey/jersey-server/1.19/jersey-server-1.19.jar:/home/user/.m2/repository/commons-logging/commons-logging/1.1.3/commons-logging-1.1.3.jar:/home/user/.m2/repository/commons-lang/commons-lang/2.6/commons-lang-2.6.jar:/home/user/.m2/repository/commons-beanutils/commons-beanutils/1.9.3/commons-beanutils-1.9.3.jar:/home/user/.m2/repository/org/apache/commons/commons-configuration2/2.1.1/commons-configuration2-2.1.1.jar:/home/user/.m2/repository/org/apache/avro/avro/1.7.7/avro-1.7.7.jar:/home/user/.m2/repository/com/thoughtworks/paranamer/paranamer/2.3/paranamer-2.3.jar:/home/user/.m2/repository/org/xerial/snappy/snappy-java/1.0.5/snappy-java-1.0.5.jar:/home/user/.m2/repository/com/google/re2j/re2j/1.1/re2j-1.1.jar:/home/user/.m2/repository/com/google/protobuf/protobuf-java/2.5.0/protobuf-java-2.5.0.jar:/home/user/.m2/repository/com/google/code/gson/gson/2.2.4/gson-2.2.4.jar:/home/user/.m2/repository/org/apache/hadoop/hadoop-auth/3.1.1/hadoop-auth-3.1.1.jar:/home/user/.m2/repository/com/nimbusds/nimbus-jose-jwt/4.41.1/nimbus-jose-jwt-4.41.1.jar:/home/user/.m2/repository/com/github/stephenc/jcip/jcip-annotations/1.0-1/jcip-annotations-1.0-1.jar:/home/user/.m2/repository/net/minidev/json-smart/2.3/json-smart-2.3.jar:/home/user/.m2/repository/net/minidev/accessors-smart/1.2/accessors-smart-1.2.jar:/home/user/.m2/repository/org/ow2/asm/asm/5.0.4/asm-5.0.4.jar:/home/user/.m2/repository/org/apache/curator/curator-framework/2.12.0/curator-framework-2.12.0.jar:/home/user/.m2/repository/com/jcraft/jsch/0.1.54/jsch-0.1.54.jar:/home/user/.m2/repository/org/apache/curator/curator-client/2.12.0/curator-client-2.12.0.jar:/home/user/.m2/repository/org/apache/curator/curator-recipes/2.12.0/curator-recipes-2.12.0.jar:/home/user/.m2/repository/com/google/code/findbugs/jsr305/3.0.0/jsr305-3.0.0.jar:/home/user/.m2/repository/org/apache/htrace/htrace-core4/4.1.0-incubating/htrace-core4-4.1.0-incubating.jar:/home/user/.m2/repository/org/apache/zookeeper/zookeeper/3.4.9/zookeeper-3.4.9.jar:/home/user/.m2/repository/jline/jline/0.9.94/jline-0.9.94.jar:/home/user/.m2/repository/io/netty/netty/3.10.5.Final/netty-3.10.5.Final.jar:/home/user/.m2/repository/org/apache/commons/commons-compress/1.4.1/commons-compress-1.4.1.jar:/home/user/.m2/repository/org/tukaani/xz/1.0/xz-1.0.jar:/home/user/.m2/repository/org/apache/kerby/kerb-simplekdc/1.0.1/kerb-simplekdc-1.0.1.jar:/home/user/.m2/repository/org/apache/kerby/kerb-client/1.0.1/kerb-client-1.0.1.jar:/home/user/.m2/repository/org/apache/kerby/kerby-config/1.0.1/kerby-config-1.0.1.jar:/home/user/.m2/repository/org/apache/kerby/kerb-core/1.0.1/kerb-core-1.0.1.jar:/home/user/.m2/repository/org/apache/kerby/kerby-pkix/1.0.1/kerby-pkix-1.0.1.jar:/home/user/.m2/repository/org/apache/kerby/kerby-asn1/1.0.1/kerby-asn1-1.0.1.jar:/home/user/.m2/repository/org/apache/kerby/kerby-util/1.0.1/kerby-util-1.0.1.jar:/home/user/.m2/repository/org/apache/kerby/kerb-common/1.0.1/kerb-common-1.0.1.jar:/home/user/.m2/repository/org/apache/kerby/kerb-crypto/1.0.1/kerb-crypto-1.0.1.jar:/home/user/.m2/repository/org/apache/kerby/kerb-util/1.0.1/kerb-util-1.0.1.jar:/home/user/.m2/repository/org/apache/kerby/token-provider/1.0.1/token-provider-1.0.1.jar:/home/user/.m2/repository/org/apache/kerby/kerb-admin/1.0.1/kerb-admin-1.0.1.jar:/home/user/.m2/repository/org/apache/kerby/kerb-server/1.0.1/kerb-server-1.0.1.jar:/home/user/.m2/repository/org/apache/kerby/kerb-identity/1.0.1/kerb-identity-1.0.1.jar:/home/user/.m2/repository/org/apache/kerby/kerby-xdr/1.0.1/kerby-xdr-1.0.1.jar:/home/user/.m2/repository/com/fasterxml/jackson/core/jackson-databind/2.7.8/jackson-databind-2.7.8.jar:/home/user/.m2/repository/com/fasterxml/jackson/core/jackson-annotations/2.7.0/jackson-annotations-2.7.0.jar:/home/user/.m2/repository/com/fasterxml/jackson/core/jackson-core/2.7.8/jackson-core-2.7.8.jar:/home/user/.m2/repository/org/codehaus/woodstox/stax2-api/3.1.4/stax2-api-3.1.4.jar:/home/user/.m2/repository/com/fasterxml/woodstox/woodstox-core/5.0.3/woodstox-core-5.0.3.jar:/home/user/.m2/repository/com/google/guava/guava/11.0.2/guava-11.0.2.jar:/workdir/ratis-hadoop/target/test-classes:/home/user/.m2/repository/org/apache/ratis/ratis-thirdparty-hadoop/0.2.0/ratis-thirdparty-hadoop-0.2.0.jar:/workdir/ratis-grpc/target/classes:/workdir/ratis-grpc/target/test-classes:/workdir/ratis-netty/target/classes:/workdir/ratis-netty/target/test-classes:/home/user/.m2/repository/com/beust/jcommander/1.72/jcommander-1.72.jar:/home/user/.m2/repository/org/slf4j/slf4j-api/1.7.10/slf4j-api-1.7.10.jar:/home/user/.m2/repository/junit/junit/4.12/junit-4.12.jar:/home/user/.m2/repository/org/hamcrest/hamcrest-core/1.3/hamcrest-core-1.3.jar:/home/user/.m2/repository/org/mockito/mockito-all/1.8.5/mockito-all-1.8.5.jar:"/>
    <property name="java.vm.vendor" value="IcedTea"/>
    <property name="sun.arch.data.model" value="64"/>
    <property name="java.vendor.url" value="https://icedtea.classpath.org"/>
    <property name="user.timezone" value=""/>
    <property name="java.vm.specification.version" value="1.8"/>
    <property name="os.name" value="Linux"/>
    <property name="user.country" value="US"/>
    <property name="sun.java.launcher" value="SUN_STANDARD"/>
    <property name="sun.boot.library.path" value="/usr/lib/jvm/java-1.8-openjdk/jre/lib/amd64"/>
    <property name="sun.java.command" value="/workdir/ratis-examples/target/surefire/surefirebooter483591269458484908.jar /workdir/ratis-examples/target/surefire 2019-09-24T11-55-26_108-jvmRun1 surefire6713117479782203259tmp surefire_762450374481678708386tmp"/>
    <property name="surefire.test.class.path" value="/workdir/ratis-examples/target/test-classes:/workdir/ratis-examples/target/classes:/home/user/.m2/repository/org/apache/ratis/ratis-thirdparty-misc/0.2.0/ratis-thirdparty-misc-0.2.0.jar:/workdir/ratis-proto/target/ratis-proto-0.5.0-SNAPSHOT.jar:/workdir/ratis-common/target/classes:/home/user/.m2/repository/org/slf4j/slf4j-log4j12/1.7.10/slf4j-log4j12-1.7.10.jar:/home/user/.m2/repository/log4j/log4j/1.2.17/log4j-1.2.17.jar:/workdir/ratis-common/target/test-classes:/workdir/ratis-client/target/classes:/workdir/ratis-server/target/classes:/workdir/ratis-metrics/target/classes:/home/user/.m2/repository/io/dropwizard/metrics/metrics-core/3.2.5/metrics-core-3.2.5.jar:/home/user/.m2/repository/com/github/joshelser/dropwizard-metrics-hadoop-metrics2-reporter/0.1.2/dropwizard-metrics-hadoop-metrics2-reporter-0.1.2.jar:/home/user/.m2/repository/io/dropwizard/metrics/metrics-jvm/3.2.5/metrics-jvm-3.2.5.jar:/home/user/.m2/repository/io/dropwizard/metrics/metrics-ganglia/3.2.5/metrics-ganglia-3.2.5.jar:/home/user/.m2/repository/info/ganglia/gmetric4j/gmetric4j/1.0.7/gmetric4j-1.0.7.jar:/home/user/.m2/repository/org/apache/commons/commons-lang3/3.5/commons-lang3-3.5.jar:/workdir/ratis-server/target/test-classes:/workdir/ratis-hadoop/target/classes:/home/user/.m2/repository/org/apache/hadoop/hadoop-common/3.1.1/hadoop-common-3.1.1.jar:/home/user/.m2/repository/org/apache/hadoop/hadoop-annotations/3.1.1/hadoop-annotations-3.1.1.jar:/usr/lib/jvm/java-1.8-openjdk/jre/../lib/tools.jar:/home/user/.m2/repository/commons-cli/commons-cli/1.2/commons-cli-1.2.jar:/home/user/.m2/repository/org/apache/commons/commons-math3/3.1.1/commons-math3-3.1.1.jar:/home/user/.m2/repository/org/apache/httpcomponents/httpclient/4.5.2/httpclient-4.5.2.jar:/home/user/.m2/repository/org/apache/httpcomponents/httpcore/4.4.4/httpcore-4.4.4.jar:/home/user/.m2/repository/commons-codec/commons-codec/1.11/commons-codec-1.11.jar:/home/user/.m2/repository/commons-io/commons-io/2.5/commons-io-2.5.jar:/home/user/.m2/repository/commons-net/commons-net/3.6/commons-net-3.6.jar:/home/user/.m2/repository/commons-collections/commons-collections/3.2.2/commons-collections-3.2.2.jar:/home/user/.m2/repository/javax/servlet/javax.servlet-api/3.1.0/javax.servlet-api-3.1.0.jar:/home/user/.m2/repository/org/eclipse/jetty/jetty-server/9.3.19.v20170502/jetty-server-9.3.19.v20170502.jar:/home/user/.m2/repository/org/eclipse/jetty/jetty-http/9.3.19.v20170502/jetty-http-9.3.19.v20170502.jar:/home/user/.m2/repository/org/eclipse/jetty/jetty-io/9.3.19.v20170502/jetty-io-9.3.19.v20170502.jar:/home/user/.m2/repository/org/eclipse/jetty/jetty-util/9.3.19.v20170502/jetty-util-9.3.19.v20170502.jar:/home/user/.m2/repository/org/eclipse/jetty/jetty-servlet/9.3.19.v20170502/jetty-servlet-9.3.19.v20170502.jar:/home/user/.m2/repository/org/eclipse/jetty/jetty-security/9.3.19.v20170502/jetty-security-9.3.19.v20170502.jar:/home/user/.m2/repository/org/eclipse/jetty/jetty-webapp/9.3.19.v20170502/jetty-webapp-9.3.19.v20170502.jar:/home/user/.m2/repository/org/eclipse/jetty/jetty-xml/9.3.19.v20170502/jetty-xml-9.3.19.v20170502.jar:/home/user/.m2/repository/javax/servlet/jsp/jsp-api/2.1/jsp-api-2.1.jar:/home/user/.m2/repository/com/sun/jersey/jersey-core/1.19/jersey-core-1.19.jar:/home/user/.m2/repository/javax/ws/rs/jsr311-api/1.1.1/jsr311-api-1.1.1.jar:/home/user/.m2/repository/com/sun/jersey/jersey-servlet/1.19/jersey-servlet-1.19.jar:/home/user/.m2/repository/com/sun/jersey/jersey-json/1.19/jersey-json-1.19.jar:/home/user/.m2/repository/org/codehaus/jettison/jettison/1.1/jettison-1.1.jar:/home/user/.m2/repository/com/sun/xml/bind/jaxb-impl/2.2.3-1/jaxb-impl-2.2.3-1.jar:/home/user/.m2/repository/javax/xml/bind/jaxb-api/2.2.2/jaxb-api-2.2.2.jar:/home/user/.m2/repository/javax/xml/stream/stax-api/1.0-2/stax-api-1.0-2.jar:/home/user/.m2/repository/javax/activation/activation/1.1/activation-1.1.jar:/home/user/.m2/repository/org/codehaus/jackson/jackson-core-asl/1.9.2/jackson-core-asl-1.9.2.jar:/home/user/.m2/repository/org/codehaus/jackson/jackson-mapper-asl/1.9.2/jackson-mapper-asl-1.9.2.jar:/home/user/.m2/repository/org/codehaus/jackson/jackson-jaxrs/1.9.2/jackson-jaxrs-1.9.2.jar:/home/user/.m2/repository/org/codehaus/jackson/jackson-xc/1.9.2/jackson-xc-1.9.2.jar:/home/user/.m2/repository/com/sun/jersey/jersey-server/1.19/jersey-server-1.19.jar:/home/user/.m2/repository/commons-logging/commons-logging/1.1.3/commons-logging-1.1.3.jar:/home/user/.m2/repository/commons-lang/commons-lang/2.6/commons-lang-2.6.jar:/home/user/.m2/repository/commons-beanutils/commons-beanutils/1.9.3/commons-beanutils-1.9.3.jar:/home/user/.m2/repository/org/apache/commons/commons-configuration2/2.1.1/commons-configuration2-2.1.1.jar:/home/user/.m2/repository/org/apache/avro/avro/1.7.7/avro-1.7.7.jar:/home/user/.m2/repository/com/thoughtworks/paranamer/paranamer/2.3/paranamer-2.3.jar:/home/user/.m2/repository/org/xerial/snappy/snappy-java/1.0.5/snappy-java-1.0.5.jar:/home/user/.m2/repository/com/google/re2j/re2j/1.1/re2j-1.1.jar:/home/user/.m2/repository/com/google/protobuf/protobuf-java/2.5.0/protobuf-java-2.5.0.jar:/home/user/.m2/repository/com/google/code/gson/gson/2.2.4/gson-2.2.4.jar:/home/user/.m2/repository/org/apache/hadoop/hadoop-auth/3.1.1/hadoop-auth-3.1.1.jar:/home/user/.m2/repository/com/nimbusds/nimbus-jose-jwt/4.41.1/nimbus-jose-jwt-4.41.1.jar:/home/user/.m2/repository/com/github/stephenc/jcip/jcip-annotations/1.0-1/jcip-annotations-1.0-1.jar:/home/user/.m2/repository/net/minidev/json-smart/2.3/json-smart-2.3.jar:/home/user/.m2/repository/net/minidev/accessors-smart/1.2/accessors-smart-1.2.jar:/home/user/.m2/repository/org/ow2/asm/asm/5.0.4/asm-5.0.4.jar:/home/user/.m2/repository/org/apache/curator/curator-framework/2.12.0/curator-framework-2.12.0.jar:/home/user/.m2/repository/com/jcraft/jsch/0.1.54/jsch-0.1.54.jar:/home/user/.m2/repository/org/apache/curator/curator-client/2.12.0/curator-client-2.12.0.jar:/home/user/.m2/repository/org/apache/curator/curator-recipes/2.12.0/curator-recipes-2.12.0.jar:/home/user/.m2/repository/com/google/code/findbugs/jsr305/3.0.0/jsr305-3.0.0.jar:/home/user/.m2/repository/org/apache/htrace/htrace-core4/4.1.0-incubating/htrace-core4-4.1.0-incubating.jar:/home/user/.m2/repository/org/apache/zookeeper/zookeeper/3.4.9/zookeeper-3.4.9.jar:/home/user/.m2/repository/jline/jline/0.9.94/jline-0.9.94.jar:/home/user/.m2/repository/io/netty/netty/3.10.5.Final/netty-3.10.5.Final.jar:/home/user/.m2/repository/org/apache/commons/commons-compress/1.4.1/commons-compress-1.4.1.jar:/home/user/.m2/repository/org/tukaani/xz/1.0/xz-1.0.jar:/home/user/.m2/repository/org/apache/kerby/kerb-simplekdc/1.0.1/kerb-simplekdc-1.0.1.jar:/home/user/.m2/repository/org/apache/kerby/kerb-client/1.0.1/kerb-client-1.0.1.jar:/home/user/.m2/repository/org/apache/kerby/kerby-config/1.0.1/kerby-config-1.0.1.jar:/home/user/.m2/repository/org/apache/kerby/kerb-core/1.0.1/kerb-core-1.0.1.jar:/home/user/.m2/repository/org/apache/kerby/kerby-pkix/1.0.1/kerby-pkix-1.0.1.jar:/home/user/.m2/repository/org/apache/kerby/kerby-asn1/1.0.1/kerby-asn1-1.0.1.jar:/home/user/.m2/repository/org/apache/kerby/kerby-util/1.0.1/kerby-util-1.0.1.jar:/home/user/.m2/repository/org/apache/kerby/kerb-common/1.0.1/kerb-common-1.0.1.jar:/home/user/.m2/repository/org/apache/kerby/kerb-crypto/1.0.1/kerb-crypto-1.0.1.jar:/home/user/.m2/repository/org/apache/kerby/kerb-util/1.0.1/kerb-util-1.0.1.jar:/home/user/.m2/repository/org/apache/kerby/token-provider/1.0.1/token-provider-1.0.1.jar:/home/user/.m2/repository/org/apache/kerby/kerb-admin/1.0.1/kerb-admin-1.0.1.jar:/home/user/.m2/repository/org/apache/kerby/kerb-server/1.0.1/kerb-server-1.0.1.jar:/home/user/.m2/repository/org/apache/kerby/kerb-identity/1.0.1/kerb-identity-1.0.1.jar:/home/user/.m2/repository/org/apache/kerby/kerby-xdr/1.0.1/kerby-xdr-1.0.1.jar:/home/user/.m2/repository/com/fasterxml/jackson/core/jackson-databind/2.7.8/jackson-databind-2.7.8.jar:/home/user/.m2/repository/com/fasterxml/jackson/core/jackson-annotations/2.7.0/jackson-annotations-2.7.0.jar:/home/user/.m2/repository/com/fasterxml/jackson/core/jackson-core/2.7.8/jackson-core-2.7.8.jar:/home/user/.m2/repository/org/codehaus/woodstox/stax2-api/3.1.4/stax2-api-3.1.4.jar:/home/user/.m2/repository/com/fasterxml/woodstox/woodstox-core/5.0.3/woodstox-core-5.0.3.jar:/home/user/.m2/repository/com/google/guava/guava/11.0.2/guava-11.0.2.jar:/workdir/ratis-hadoop/target/test-classes:/home/user/.m2/repository/org/apache/ratis/ratis-thirdparty-hadoop/0.2.0/ratis-thirdparty-hadoop-0.2.0.jar:/workdir/ratis-grpc/target/classes:/workdir/ratis-grpc/target/test-classes:/workdir/ratis-netty/target/classes:/workdir/ratis-netty/target/test-classes:/home/user/.m2/repository/com/beust/jcommander/1.72/jcommander-1.72.jar:/home/user/.m2/repository/org/slf4j/slf4j-api/1.7.10/slf4j-api-1.7.10.jar:/home/user/.m2/repository/junit/junit/4.12/junit-4.12.jar:/home/user/.m2/repository/org/hamcrest/hamcrest-core/1.3/hamcrest-core-1.3.jar:/home/user/.m2/repository/org/mockito/mockito-all/1.8.5/mockito-all-1.8.5.jar:"/>
    <property name="sun.cpu.endian" value="little"/>
    <property name="user.home" value="/home/user"/>
    <property name="user.language" value="en"/>
    <property name="java.specification.vendor" value="Oracle Corporation"/>
    <property name="java.home" value="/usr/lib/jvm/java-1.8-openjdk/jre"/>
    <property name="basedir" value="/workdir/ratis-examples"/>
    <property name="file.separator" value="/"/>
    <property name="line.separator" value="&#10;"/>
    <property name="java.vm.specification.vendor" value="Oracle Corporation"/>
    <property name="java.specification.name" value="Java Platform API Specification"/>
    <property name="java.awt.graphicsenv" value="sun.awt.X11GraphicsEnvironment"/>
    <property name="surefire.real.class.path" value="/workdir/ratis-examples/target/surefire/surefirebooter483591269458484908.jar"/>
    <property name="sun.boot.class.path" value="/usr/lib/jvm/java-1.8-openjdk/jre/lib/resources.jar:/usr/lib/jvm/java-1.8-openjdk/jre/lib/rt.jar:/usr/lib/jvm/java-1.8-openjdk/jre/lib/sunrsasign.jar:/usr/lib/jvm/java-1.8-openjdk/jre/lib/jsse.jar:/usr/lib/jvm/java-1.8-openjdk/jre/lib/jce.jar:/usr/lib/jvm/java-1.8-openjdk/jre/lib/charsets.jar:/usr/lib/jvm/java-1.8-openjdk/jre/lib/jfr.jar:/usr/lib/jvm/java-1.8-openjdk/jre/classes"/>
    <property name="sun.management.compiler" value="HotSpot 64-Bit Tiered Compilers"/>
    <property name="java.runtime.version" value="1.8.0_212-b04"/>
    <property name="java.net.preferIPv4Stack" value="true"/>
    <property name="user.name" value="jenkins1000"/>
    <property name="path.separator" value=":"/>
    <property name="os.version" value="3.10.0-957.12.2.el7.x86_64"/>
    <property name="java.endorsed.dirs" value="/usr/lib/jvm/java-1.8-openjdk/jre/lib/endorsed"/>
    <property name="java.runtime.name" value="OpenJDK Runtime Environment"/>
    <property name="file.encoding" value="UTF-8"/>
    <property name="java.vm.name" value="OpenJDK 64-Bit Server VM"/>
    <property name="localRepository" value="/home/user/.m2/repository"/>
    <property name="java.vendor.url.bug" value="https://icedtea.classpath.org/bugzilla"/>
    <property name="java.io.tmpdir" value="/tmp"/>
    <property name="java.version" value="1.8.0_212"/>
    <property name="user.dir" value="/workdir/ratis-examples"/>
    <property name="os.arch" value="amd64"/>
    <property name="ratis.tmp.dir" value="/workdir/ratis-examples/target/tmp"/>
    <property name="java.vm.specification.name" value="Java Virtual Machine Specification"/>
    <property name="java.awt.printerjob" value="sun.print.PSPrinterJob"/>
    <property name="ratis.log.dir" value="/workdir/ratis-examples/target/log"/>
    <property name="sun.os.patch.level" value="unknown"/>
    <property name="java.library.path" value="/usr/lib/jvm/java-1.8-openjdk/jre/lib/amd64/server:/usr/lib/jvm/java-1.8-openjdk/jre/lib/amd64:/usr/lib/jvm/java-1.8-openjdk/jre/../lib/amd64:/usr/java/packages/lib/amd64:/usr/lib64:/lib64:/lib:/usr/lib"/>
    <property name="java.vm.info" value="mixed mode"/>
    <property name="java.vendor" value="IcedTea"/>
    <property name="java.vm.version" value="25.212-b04"/>
    <property name="java.ext.dirs" value="/usr/lib/jvm/java-1.8-openjdk/jre/lib/ext:/usr/java/packages/lib/ext"/>
    <property name="sun.io.unicode.encoding" value="UnicodeLittle"/>
    <property name="java.class.version" value="52.0"/>
  </properties>
  <testcase name="testFileStore" classname="org.apache.ratis.examples.filestore.TestFileStoreWithNetty" time="100.022">
    <error message="test timed out after 100 seconds" type="org.junit.runners.model.TestTimedOutException">org.junit.runners.model.TestTimedOutException: test timed out after 100 seconds
</error>
    <system-out><![CDATA[2019-09-24 12:17:20,729 INFO  util.LogUtils (LogUtils.java:setLogLevel(41)) - Set org.apache.ratis.conf.ConfUtils log level to WARN
2019-09-24 12:17:20,733 INFO  util.LogUtils (LogUtils.java:setLogLevel(41)) - Set org.apache.ratis.util.FileUtils log level to TRACE
2019-09-24 12:17:20,834 INFO  ratis.MiniRaftCluster (MiniRaftCluster.java:<init>(253)) - new MiniRaftClusterWithNetty with group-A93A4FA934D4:[s0:0.0.0.0:41479, s1:0.0.0.0:42383, s2:0.0.0.0:43111]
2019-09-24 12:17:20,834 INFO  ratis.MiniRaftCluster (MiniRaftCluster.java:start(287)) - .............................................................. 
2019-09-24 12:17:20,834 INFO  ratis.MiniRaftCluster (MiniRaftCluster.java:start(288)) - ... 
2019-09-24 12:17:20,835 INFO  ratis.MiniRaftCluster (MiniRaftCluster.java:start(289)) - ...     Starting MiniRaftClusterWithNetty
2019-09-24 12:17:20,835 INFO  ratis.MiniRaftCluster (MiniRaftCluster.java:start(290)) - ... 
2019-09-24 12:17:20,835 INFO  ratis.MiniRaftCluster (MiniRaftCluster.java:start(291)) - .............................................................. 
2019-09-24 12:17:20,835 INFO  ratis.MiniRaftCluster (MiniRaftCluster.java:initServers(265)) - servers = {}
2019-09-24 12:17:20,847 INFO  ratis.MiniRaftCluster (MiniRaftCluster.java:newRaftServer(330)) - newRaftServer: s0, group-A93A4FA934D4:[s0:0.0.0.0:41479, s1:0.0.0.0:42383, s2:0.0.0.0:43111], format? true
2019-09-24 12:17:20,848 TRACE util.FileUtils (FileUtils.java:deleteFully(88)) - deleteFully target/test/data/8b9e8b0f/MiniRaftClusterWithNetty213fa15e/s0
2019-09-24 12:17:20,856 TRACE util.FileUtils (FileUtils.java:deleteFully(104)) - deleteFully: target/test/data/8b9e8b0f/MiniRaftClusterWithNetty213fa15e/s0 does not exist.
2019-09-24 12:17:20,856 INFO  ratis.MiniRaftCluster (MiniRaftCluster.java:newRaftServer(335)) - Formatted directory target/test/data/8b9e8b0f/MiniRaftClusterWithNetty213fa15e/s0
2019-09-24 12:17:20,874 INFO  impl.RaftServerProxy (ConfUtils.java:logGet(43)) - raft.rpc.type = NETTY (custom)
2019-09-24 12:17:20,978 INFO  netty.NettyConfigKeys$Server (ConfUtils.java:logGet(43)) - raft.netty.server.port = 41479 (custom)
2019-09-24 12:17:21,093 INFO  server.RaftServerConfigKeys (ConfUtils.java:logGet(43)) - raft.server.storage.dir = [/workdir/ratis-examples/target/test/data/8b9e8b0f/MiniRaftClusterWithNetty213fa15e/s0] (custom)
2019-09-24 12:17:21,102 INFO  logging.LoggingHandler (AbstractInternalLogger.java:log(150)) - [id: 0xe55ad1b4] REGISTERED
2019-09-24 12:17:21,104 INFO  logging.LoggingHandler (AbstractInternalLogger.java:log(150)) - [id: 0xe55ad1b4] BIND: 0.0.0.0/0.0.0.0:41479
2019-09-24 12:17:21,105 INFO  impl.RaftServerProxy (RaftServerProxy.java:addNew(89)) - s0: addNew group-A93A4FA934D4:[s0:0.0.0.0:41479, s1:0.0.0.0:42383, s2:0.0.0.0:43111] returns group-A93A4FA934D4:java.util.concurrent.CompletableFuture@2422e852[Not completed]
2019-09-24 12:17:21,109 INFO  logging.LoggingHandler (AbstractInternalLogger.java:log(150)) - [id: 0xe55ad1b4, L:/0.0.0.0:41479] ACTIVE
2019-09-24 12:17:21,109 INFO  ratis.MiniRaftCluster (MiniRaftCluster.java:newRaftServer(330)) - newRaftServer: s1, group-A93A4FA934D4:[s0:0.0.0.0:41479, s1:0.0.0.0:42383, s2:0.0.0.0:43111], format? true
2019-09-24 12:17:21,110 TRACE util.FileUtils (FileUtils.java:deleteFully(88)) - deleteFully target/test/data/8b9e8b0f/MiniRaftClusterWithNetty213fa15e/s1
2019-09-24 12:17:21,110 TRACE util.FileUtils (FileUtils.java:deleteFully(104)) - deleteFully: target/test/data/8b9e8b0f/MiniRaftClusterWithNetty213fa15e/s1 does not exist.
2019-09-24 12:17:21,111 INFO  ratis.MiniRaftCluster (MiniRaftCluster.java:newRaftServer(335)) - Formatted directory target/test/data/8b9e8b0f/MiniRaftClusterWithNetty213fa15e/s1
2019-09-24 12:17:21,112 INFO  impl.RaftServerProxy (ConfUtils.java:logGet(43)) - raft.rpc.type = NETTY (custom)
2019-09-24 12:17:21,114 INFO  netty.NettyConfigKeys$Server (ConfUtils.java:logGet(43)) - raft.netty.server.port = 42383 (custom)
2019-09-24 12:17:21,116 INFO  server.RaftServerConfigKeys (ConfUtils.java:logGet(43)) - raft.server.storage.dir = [/workdir/ratis-examples/target/test/data/8b9e8b0f/MiniRaftClusterWithNetty213fa15e/s1] (custom)
2019-09-24 12:17:21,116 INFO  logging.LoggingHandler (AbstractInternalLogger.java:log(150)) - [id: 0xc5c5d3e6] REGISTERED
2019-09-24 12:17:21,117 INFO  impl.RaftServerProxy (RaftServerProxy.java:addNew(89)) - s1: addNew group-A93A4FA934D4:[s0:0.0.0.0:41479, s1:0.0.0.0:42383, s2:0.0.0.0:43111] returns group-A93A4FA934D4:java.util.concurrent.CompletableFuture@5c5a3574[Not completed]
2019-09-24 12:17:21,117 INFO  logging.LoggingHandler (AbstractInternalLogger.java:log(150)) - [id: 0xc5c5d3e6] BIND: 0.0.0.0/0.0.0.0:42383
2019-09-24 12:17:21,117 INFO  logging.LoggingHandler (AbstractInternalLogger.java:log(150)) - [id: 0xc5c5d3e6, L:/0.0.0.0:42383] ACTIVE
2019-09-24 12:17:21,118 INFO  ratis.MiniRaftCluster (MiniRaftCluster.java:newRaftServer(330)) - newRaftServer: s2, group-A93A4FA934D4:[s0:0.0.0.0:41479, s1:0.0.0.0:42383, s2:0.0.0.0:43111], format? true
2019-09-24 12:17:21,119 TRACE util.FileUtils (FileUtils.java:deleteFully(88)) - deleteFully target/test/data/8b9e8b0f/MiniRaftClusterWithNetty213fa15e/s2
2019-09-24 12:17:21,119 TRACE util.FileUtils (FileUtils.java:deleteFully(104)) - deleteFully: target/test/data/8b9e8b0f/MiniRaftClusterWithNetty213fa15e/s2 does not exist.
2019-09-24 12:17:21,120 INFO  ratis.MiniRaftCluster (MiniRaftCluster.java:newRaftServer(335)) - Formatted directory target/test/data/8b9e8b0f/MiniRaftClusterWithNetty213fa15e/s2
2019-09-24 12:17:21,120 INFO  impl.RaftServerProxy (ConfUtils.java:logGet(43)) - raft.rpc.type = NETTY (custom)
2019-09-24 12:17:21,123 INFO  statemachine.StateMachine (ConfUtils.java:logGet(43)) - example.filestore.statemachine.dir = /workdir/ratis-examples/target/test/data/8b9e8b0f/TestFileStoreWithNetty/filestore (custom)
2019-09-24 12:17:21,123 INFO  netty.NettyConfigKeys$Server (ConfUtils.java:logGet(43)) - raft.netty.server.port = 43111 (custom)
2019-09-24 12:17:21,123 INFO  statemachine.StateMachine (ConfUtils.java:logGet(43)) - example.filestore.statemachine.dir = /workdir/ratis-examples/target/test/data/8b9e8b0f/TestFileStoreWithNetty/filestore (custom)
2019-09-24 12:17:21,124 INFO  server.RaftServerConfigKeys (ConfUtils.java:logGet(43)) - raft.server.storage.dir = [/workdir/ratis-examples/target/test/data/8b9e8b0f/MiniRaftClusterWithNetty213fa15e/s2] (custom)
2019-09-24 12:17:21,125 INFO  logging.LoggingHandler (AbstractInternalLogger.java:log(150)) - [id: 0xea9be81b] REGISTERED
2019-09-24 12:17:21,125 INFO  impl.RaftServerProxy (RaftServerProxy.java:addNew(89)) - s2: addNew group-A93A4FA934D4:[s0:0.0.0.0:41479, s1:0.0.0.0:42383, s2:0.0.0.0:43111] returns group-A93A4FA934D4:java.util.concurrent.CompletableFuture@32d62cbf[Not completed]
2019-09-24 12:17:21,125 INFO  logging.LoggingHandler (AbstractInternalLogger.java:log(150)) - [id: 0xea9be81b] BIND: 0.0.0.0/0.0.0.0:43111
2019-09-24 12:17:21,126 INFO  logging.LoggingHandler (AbstractInternalLogger.java:log(150)) - [id: 0xea9be81b, L:/0.0.0.0:43111] ACTIVE
2019-09-24 12:17:21,127 INFO  statemachine.StateMachine (ConfUtils.java:logGet(43)) - example.filestore.statemachine.dir = /workdir/ratis-examples/target/test/data/8b9e8b0f/TestFileStoreWithNetty/filestore (custom)
2019-09-24 12:17:21,130 INFO  impl.RaftServerImpl (RaftServerImpl.java:<init>(95)) - s2: new RaftServerImpl for group-A93A4FA934D4:[s0:0.0.0.0:41479, s1:0.0.0.0:42383, s2:0.0.0.0:43111] with FileStoreStateMachine:uninitialized
2019-09-24 12:17:21,130 INFO  impl.RaftServerImpl (RaftServerImpl.java:<init>(95)) - s0: new RaftServerImpl for group-A93A4FA934D4:[s0:0.0.0.0:41479, s1:0.0.0.0:42383, s2:0.0.0.0:43111] with FileStoreStateMachine:uninitialized
2019-09-24 12:17:21,130 INFO  impl.RaftServerImpl (RaftServerImpl.java:<init>(95)) - s1: new RaftServerImpl for group-A93A4FA934D4:[s0:0.0.0.0:41479, s1:0.0.0.0:42383, s2:0.0.0.0:43111] with FileStoreStateMachine:uninitialized
2019-09-24 12:17:21,139 INFO  server.RaftServerConfigKeys (ConfUtils.java:logGet(43)) - raft.server.rpc.timeout.min = 150ms (default)
2019-09-24 12:17:21,139 INFO  server.RaftServerConfigKeys (ConfUtils.java:logGet(43)) - raft.server.rpc.timeout.min = 150ms (default)
2019-09-24 12:17:21,139 INFO  server.RaftServerConfigKeys (ConfUtils.java:logGet(43)) - raft.server.rpc.timeout.min = 150ms (default)
2019-09-24 12:17:21,140 INFO  server.RaftServerConfigKeys (ConfUtils.java:logGet(43)) - raft.server.rpc.timeout.max = 300ms (default)
2019-09-24 12:17:21,140 INFO  server.RaftServerConfigKeys (ConfUtils.java:logGet(43)) - raft.server.rpc.timeout.max = 300ms (default)
2019-09-24 12:17:21,140 INFO  server.RaftServerConfigKeys (ConfUtils.java:logGet(43)) - raft.server.rpcslowness.timeout = 60s (default)
2019-09-24 12:17:21,140 INFO  server.RaftServerConfigKeys (ConfUtils.java:logGet(43)) - raft.server.rpcslowness.timeout = 60s (default)
2019-09-24 12:17:21,140 INFO  server.RaftServerConfigKeys (ConfUtils.java:logGet(43)) - raft.server.rpc.timeout.max = 300ms (default)
2019-09-24 12:17:21,141 INFO  server.RaftServerConfigKeys (ConfUtils.java:logGet(43)) - raft.server.rpcslowness.timeout = 60s (default)
2019-09-24 12:17:21,141 INFO  server.RaftServerConfigKeys (ConfUtils.java:logGet(43)) - raft.server.sleep.deviation.threshold = 300 (default)
2019-09-24 12:17:21,141 INFO  server.RaftServerConfigKeys (ConfUtils.java:logGet(43)) - raft.server.sleep.deviation.threshold = 300 (default)
2019-09-24 12:17:21,141 INFO  server.RaftServerConfigKeys (ConfUtils.java:logGet(43)) - raft.server.sleep.deviation.threshold = 300 (default)
2019-09-24 12:17:21,145 INFO  server.RaftServerConfigKeys (ConfUtils.java:logGet(43)) - raft.server.log.appender.install.snapshot.enabled = true (default)
2019-09-24 12:17:21,145 INFO  server.RaftServerConfigKeys (ConfUtils.java:logGet(43)) - raft.server.log.appender.install.snapshot.enabled = true (default)
2019-09-24 12:17:21,145 INFO  server.RaftServerConfigKeys (ConfUtils.java:logGet(43)) - raft.server.log.appender.install.snapshot.enabled = true (default)
2019-09-24 12:17:21,153 INFO  impl.RaftServerImpl (ServerState.java:<init>(103)) - s0@group-A93A4FA934D4: ConfigurationManager, init=-1: [s0:0.0.0.0:41479, s1:0.0.0.0:42383, s2:0.0.0.0:43111], old=null, confs=<EMPTY_MAP>
2019-09-24 12:17:21,153 INFO  impl.RaftServerImpl (ServerState.java:<init>(103)) - s1@group-A93A4FA934D4: ConfigurationManager, init=-1: [s0:0.0.0.0:41479, s1:0.0.0.0:42383, s2:0.0.0.0:43111], old=null, confs=<EMPTY_MAP>
2019-09-24 12:17:21,153 INFO  impl.RaftServerImpl (ServerState.java:<init>(103)) - s2@group-A93A4FA934D4: ConfigurationManager, init=-1: [s0:0.0.0.0:41479, s1:0.0.0.0:42383, s2:0.0.0.0:43111], old=null, confs=<EMPTY_MAP>
2019-09-24 12:17:21,154 INFO  server.RaftServerConfigKeys (ConfUtils.java:logGet(43)) - raft.server.storage.dir = [/workdir/ratis-examples/target/test/data/8b9e8b0f/MiniRaftClusterWithNetty213fa15e/s0] (custom)
2019-09-24 12:17:21,154 INFO  server.RaftServerConfigKeys (ConfUtils.java:logGet(43)) - raft.server.storage.dir = [/workdir/ratis-examples/target/test/data/8b9e8b0f/MiniRaftClusterWithNetty213fa15e/s2] (custom)
2019-09-24 12:17:21,154 INFO  server.RaftServerConfigKeys (ConfUtils.java:logGet(43)) - raft.server.storage.dir = [/workdir/ratis-examples/target/test/data/8b9e8b0f/MiniRaftClusterWithNetty213fa15e/s1] (custom)
2019-09-24 12:17:21,168 INFO  server.RaftServerConfigKeys (ConfUtils.java:logGet(43)) - raft.server.log.corruption.policy = EXCEPTION (default)
2019-09-24 12:17:21,168 INFO  server.RaftServerConfigKeys (ConfUtils.java:logGet(43)) - raft.server.log.corruption.policy = EXCEPTION (default)
2019-09-24 12:17:21,168 INFO  server.RaftServerConfigKeys (ConfUtils.java:logGet(43)) - raft.server.log.corruption.policy = EXCEPTION (default)
2019-09-24 12:17:21,170 INFO  storage.RaftStorageDirectory (RaftStorageDirectory.java:analyzeStorage(246)) - The storage directory /workdir/ratis-examples/target/test/data/8b9e8b0f/MiniRaftClusterWithNetty213fa15e/s2/b47ebb72-e3a6-4562-9676-a93a4fa934d4 does not exist. Creating ...
2019-09-24 12:17:21,170 INFO  storage.RaftStorageDirectory (RaftStorageDirectory.java:analyzeStorage(246)) - The storage directory /workdir/ratis-examples/target/test/data/8b9e8b0f/MiniRaftClusterWithNetty213fa15e/s1/b47ebb72-e3a6-4562-9676-a93a4fa934d4 does not exist. Creating ...
2019-09-24 12:17:21,170 INFO  storage.RaftStorageDirectory (RaftStorageDirectory.java:analyzeStorage(246)) - The storage directory /workdir/ratis-examples/target/test/data/8b9e8b0f/MiniRaftClusterWithNetty213fa15e/s0/b47ebb72-e3a6-4562-9676-a93a4fa934d4 does not exist. Creating ...
2019-09-24 12:17:21,173 TRACE util.FileUtils (LogUtils.java:runAndLog(61)) - Successfully ran Files.createDirectories /workdir/ratis-examples/target/test/data/8b9e8b0f/MiniRaftClusterWithNetty213fa15e/s2/b47ebb72-e3a6-4562-9676-a93a4fa934d4
2019-09-24 12:17:21,173 TRACE util.FileUtils (LogUtils.java:runAndLog(61)) - Successfully ran Files.createDirectories /workdir/ratis-examples/target/test/data/8b9e8b0f/MiniRaftClusterWithNetty213fa15e/s0/b47ebb72-e3a6-4562-9676-a93a4fa934d4
2019-09-24 12:17:21,174 TRACE util.FileUtils (LogUtils.java:runAndLog(61)) - Successfully ran Files.createDirectories /workdir/ratis-examples/target/test/data/8b9e8b0f/MiniRaftClusterWithNetty213fa15e/s1/b47ebb72-e3a6-4562-9676-a93a4fa934d4
2019-09-24 12:17:21,192 INFO  storage.RaftStorageDirectory (RaftStorageDirectory.java:tryLock(328)) - Lock on /workdir/ratis-examples/target/test/data/8b9e8b0f/MiniRaftClusterWithNetty213fa15e/s1/b47ebb72-e3a6-4562-9676-a93a4fa934d4/in_use.lock acquired by nodename 23871@ratis-test-nppbd-817190658
2019-09-24 12:17:21,192 INFO  storage.RaftStorageDirectory (RaftStorageDirectory.java:tryLock(328)) - Lock on /workdir/ratis-examples/target/test/data/8b9e8b0f/MiniRaftClusterWithNetty213fa15e/s0/b47ebb72-e3a6-4562-9676-a93a4fa934d4/in_use.lock acquired by nodename 23871@ratis-test-nppbd-817190658
2019-09-24 12:17:21,192 INFO  storage.RaftStorageDirectory (RaftStorageDirectory.java:tryLock(328)) - Lock on /workdir/ratis-examples/target/test/data/8b9e8b0f/MiniRaftClusterWithNetty213fa15e/s2/b47ebb72-e3a6-4562-9676-a93a4fa934d4/in_use.lock acquired by nodename 23871@ratis-test-nppbd-817190658
2019-09-24 12:17:21,193 TRACE util.FileUtils (LogUtils.java:runAndLog(61)) - Successfully ran Files.createDirectories /workdir/ratis-examples/target/test/data/8b9e8b0f/MiniRaftClusterWithNetty213fa15e/s2/b47ebb72-e3a6-4562-9676-a93a4fa934d4/current
2019-09-24 12:17:21,193 TRACE util.FileUtils (LogUtils.java:runAndLog(61)) - Successfully ran Files.createDirectories /workdir/ratis-examples/target/test/data/8b9e8b0f/MiniRaftClusterWithNetty213fa15e/s1/b47ebb72-e3a6-4562-9676-a93a4fa934d4/current
2019-09-24 12:17:21,193 TRACE util.FileUtils (LogUtils.java:runAndLog(61)) - Successfully ran Files.createDirectories /workdir/ratis-examples/target/test/data/8b9e8b0f/MiniRaftClusterWithNetty213fa15e/s0/b47ebb72-e3a6-4562-9676-a93a4fa934d4/current
2019-09-24 12:17:21,194 TRACE util.FileUtils (LogUtils.java:runAndLog(61)) - Successfully ran Files.createDirectories /workdir/ratis-examples/target/test/data/8b9e8b0f/MiniRaftClusterWithNetty213fa15e/s1/b47ebb72-e3a6-4562-9676-a93a4fa934d4/sm
2019-09-24 12:17:21,194 TRACE util.FileUtils (LogUtils.java:runAndLog(61)) - Successfully ran Files.createDirectories /workdir/ratis-examples/target/test/data/8b9e8b0f/MiniRaftClusterWithNetty213fa15e/s2/b47ebb72-e3a6-4562-9676-a93a4fa934d4/sm
2019-09-24 12:17:21,194 TRACE util.FileUtils (LogUtils.java:runAndLog(61)) - Successfully ran Files.createDirectories /workdir/ratis-examples/target/test/data/8b9e8b0f/MiniRaftClusterWithNetty213fa15e/s0/b47ebb72-e3a6-4562-9676-a93a4fa934d4/sm
2019-09-24 12:17:21,216 INFO  storage.RaftStorage (RaftStorage.java:format(84)) - Storage directory /workdir/ratis-examples/target/test/data/8b9e8b0f/MiniRaftClusterWithNetty213fa15e/s2/b47ebb72-e3a6-4562-9676-a93a4fa934d4 has been successfully formatted.
2019-09-24 12:17:21,216 INFO  storage.RaftStorage (RaftStorage.java:format(84)) - Storage directory /workdir/ratis-examples/target/test/data/8b9e8b0f/MiniRaftClusterWithNetty213fa15e/s0/b47ebb72-e3a6-4562-9676-a93a4fa934d4 has been successfully formatted.
2019-09-24 12:17:21,216 INFO  storage.RaftStorage (RaftStorage.java:format(84)) - Storage directory /workdir/ratis-examples/target/test/data/8b9e8b0f/MiniRaftClusterWithNetty213fa15e/s1/b47ebb72-e3a6-4562-9676-a93a4fa934d4 has been successfully formatted.
2019-09-24 12:17:21,221 TRACE util.FileUtils (LogUtils.java:runAndLog(61)) - Successfully ran Files.createDirectories /workdir/ratis-examples/target/test/data/8b9e8b0f/TestFileStoreWithNetty/filestore/s2
2019-09-24 12:17:21,221 TRACE util.FileUtils (LogUtils.java:runAndLog(61)) - Successfully ran Files.createDirectories /workdir/ratis-examples/target/test/data/8b9e8b0f/TestFileStoreWithNetty/filestore/s1
2019-09-24 12:17:21,221 TRACE util.FileUtils (LogUtils.java:runAndLog(61)) - Successfully ran Files.createDirectories /workdir/ratis-examples/target/test/data/8b9e8b0f/TestFileStoreWithNetty/filestore/s0
2019-09-24 12:17:21,222 INFO  server.RaftServerConfigKeys (ConfUtils.java:logGet(43)) - raft.server.notification.no-leader.timeout = 60s (default)
2019-09-24 12:17:21,222 INFO  server.RaftServerConfigKeys (ConfUtils.java:logGet(43)) - raft.server.notification.no-leader.timeout = 60s (default)
2019-09-24 12:17:21,222 INFO  server.RaftServerConfigKeys (ConfUtils.java:logGet(43)) - raft.server.notification.no-leader.timeout = 60s (default)
2019-09-24 12:17:21,225 INFO  server.RaftServerConfigKeys (ConfUtils.java:logGet(43)) - raft.server.log.use.memory = false (default)
2019-09-24 12:17:21,225 INFO  server.RaftServerConfigKeys (ConfUtils.java:logGet(43)) - raft.server.log.use.memory = false (default)
2019-09-24 12:17:21,225 INFO  server.RaftServerConfigKeys (ConfUtils.java:logGet(43)) - raft.server.log.use.memory = false (default)
2019-09-24 12:17:21,231 INFO  server.RaftServerConfigKeys (ConfUtils.java:logGet(43)) - raft.server.log.purge.gap = 1024 (default)
2019-09-24 12:17:21,231 INFO  server.RaftServerConfigKeys (ConfUtils.java:logGet(43)) - raft.server.log.purge.gap = 1024 (default)
2019-09-24 12:17:21,231 INFO  server.RaftServerConfigKeys (ConfUtils.java:logGet(43)) - raft.server.log.purge.gap = 1024 (default)
2019-09-24 12:17:21,231 INFO  server.RaftServerConfigKeys (ConfUtils.java:logGet(43)) - raft.server.log.appender.buffer.byte-limit = 4MB (=4194304) (default)
2019-09-24 12:17:21,232 INFO  server.RaftServerConfigKeys (ConfUtils.java:logGet(43)) - raft.server.log.appender.buffer.byte-limit = 4MB (=4194304) (default)
2019-09-24 12:17:21,232 INFO  server.RaftServerConfigKeys (ConfUtils.java:logGet(43)) - raft.server.log.appender.buffer.byte-limit = 4MB (=4194304) (default)
2019-09-24 12:17:21,235 INFO  server.RaftServerConfigKeys (ConfUtils.java:logGet(43)) - raft.server.log.segment.size.max = 8MB (=8388608) (default)
2019-09-24 12:17:21,235 INFO  server.RaftServerConfigKeys (ConfUtils.java:logGet(43)) - raft.server.log.segment.size.max = 8MB (=8388608) (default)
2019-09-24 12:17:21,235 INFO  server.RaftServerConfigKeys (ConfUtils.java:logGet(43)) - raft.server.log.segment.size.max = 8MB (=8388608) (default)
2019-09-24 12:17:21,240 INFO  server.RaftServerConfigKeys (ConfUtils.java:logGet(43)) - raft.server.log.segment.cache.num.max = 6 (default)
2019-09-24 12:17:21,240 INFO  server.RaftServerConfigKeys (ConfUtils.java:logGet(43)) - raft.server.log.segment.cache.num.max = 6 (default)
2019-09-24 12:17:21,240 INFO  server.RaftServerConfigKeys (ConfUtils.java:logGet(43)) - raft.server.log.segment.cache.num.max = 6 (default)
2019-09-24 12:17:21,245 INFO  segmented.SegmentedRaftLogWorker (SegmentedRaftLogWorker.java:<init>(172)) - new s0@group-A93A4FA934D4-SegmentedRaftLogWorker for RaftStorage:Storage Directory /workdir/ratis-examples/target/test/data/8b9e8b0f/MiniRaftClusterWithNetty213fa15e/s0/b47ebb72-e3a6-4562-9676-a93a4fa934d4
2019-09-24 12:17:21,245 INFO  segmented.SegmentedRaftLogWorker (SegmentedRaftLogWorker.java:<init>(172)) - new s2@group-A93A4FA934D4-SegmentedRaftLogWorker for RaftStorage:Storage Directory /workdir/ratis-examples/target/test/data/8b9e8b0f/MiniRaftClusterWithNetty213fa15e/s2/b47ebb72-e3a6-4562-9676-a93a4fa934d4
2019-09-24 12:17:21,245 INFO  segmented.SegmentedRaftLogWorker (SegmentedRaftLogWorker.java:<init>(172)) - new s1@group-A93A4FA934D4-SegmentedRaftLogWorker for RaftStorage:Storage Directory /workdir/ratis-examples/target/test/data/8b9e8b0f/MiniRaftClusterWithNetty213fa15e/s1/b47ebb72-e3a6-4562-9676-a93a4fa934d4
2019-09-24 12:17:21,428 INFO  beanutils.FluentPropertyBeanIntrospector (FluentPropertyBeanIntrospector.java:introspect(147)) - Error when creating PropertyDescriptor for public final void org.apache.commons.configuration2.AbstractConfiguration.setProperty(java.lang.String,java.lang.Object)! Ignoring this property.
2019-09-24 12:17:21,449 WARN  impl.MetricsConfig (MetricsConfig.java:loadFirst(134)) - Cannot locate configuration: tried hadoop-metrics2-ratis.properties,hadoop-metrics2.properties
2019-09-24 12:17:21,549 INFO  impl.MetricsSystemImpl (MetricsSystemImpl.java:startTimer(374)) - Scheduled Metric snapshot period at 10 second(s).
2019-09-24 12:17:21,550 INFO  impl.MetricsSystemImpl (MetricsSystemImpl.java:start(191)) - ratis metrics system started
2019-09-24 12:17:21,556 INFO  metrics.MetricRegistries (MetricRegistriesLoader.java:load(64)) - Loaded MetricRegistries class org.apache.ratis.metrics.impl.MetricRegistriesImpl
2019-09-24 12:17:21,590 INFO  server.RaftServerConfigKeys (ConfUtils.java:logGet(43)) - raft.server.log.queue.byte-limit = 64MB (=67108864) (default)
2019-09-24 12:17:21,591 INFO  server.RaftServerConfigKeys (ConfUtils.java:logGet(43)) - raft.server.log.queue.element-limit = 4096 (default)
2019-09-24 12:17:21,592 INFO  server.RaftServerConfigKeys (ConfUtils.java:logGet(43)) - raft.server.log.queue.byte-limit = 64MB (=67108864) (default)
2019-09-24 12:17:21,592 INFO  server.RaftServerConfigKeys (ConfUtils.java:logGet(43)) - raft.server.log.queue.byte-limit = 64MB (=67108864) (default)
2019-09-24 12:17:21,592 INFO  server.RaftServerConfigKeys (ConfUtils.java:logGet(43)) - raft.server.log.queue.element-limit = 4096 (default)
2019-09-24 12:17:21,593 INFO  server.RaftServerConfigKeys (ConfUtils.java:logGet(43)) - raft.server.log.queue.element-limit = 4096 (default)
2019-09-24 12:17:21,594 INFO  server.RaftServerConfigKeys (ConfUtils.java:logGet(43)) - raft.server.log.segment.size.max = 8MB (=8388608) (default)
2019-09-24 12:17:21,594 INFO  server.RaftServerConfigKeys (ConfUtils.java:logGet(43)) - raft.server.log.segment.size.max = 8MB (=8388608) (default)
2019-09-24 12:17:21,594 INFO  server.RaftServerConfigKeys (ConfUtils.java:logGet(43)) - raft.server.log.segment.size.max = 8MB (=8388608) (default)
2019-09-24 12:17:21,594 INFO  server.RaftServerConfigKeys (ConfUtils.java:logGet(43)) - raft.server.log.preallocated.size = 4MB (=4194304) (default)
2019-09-24 12:17:21,595 INFO  server.RaftServerConfigKeys (ConfUtils.java:logGet(43)) - raft.server.log.preallocated.size = 4MB (=4194304) (default)
2019-09-24 12:17:21,595 INFO  server.RaftServerConfigKeys (ConfUtils.java:logGet(43)) - raft.server.log.preallocated.size = 4MB (=4194304) (default)
2019-09-24 12:17:21,595 INFO  server.RaftServerConfigKeys (ConfUtils.java:logGet(43)) - raft.server.log.write.buffer.size = 64KB (=65536) (default)
2019-09-24 12:17:21,595 INFO  server.RaftServerConfigKeys (ConfUtils.java:logGet(43)) - raft.server.log.write.buffer.size = 64KB (=65536) (default)
2019-09-24 12:17:21,595 INFO  server.RaftServerConfigKeys (ConfUtils.java:logGet(43)) - raft.server.log.write.buffer.size = 64KB (=65536) (default)
2019-09-24 12:17:21,596 INFO  server.RaftServerConfigKeys (ConfUtils.java:logGet(43)) - raft.server.log.force.sync.num = 128 (default)
2019-09-24 12:17:21,596 INFO  server.RaftServerConfigKeys (ConfUtils.java:logGet(43)) - raft.server.log.force.sync.num = 128 (default)
2019-09-24 12:17:21,596 INFO  server.RaftServerConfigKeys (ConfUtils.java:logGet(43)) - raft.server.log.force.sync.num = 128 (default)
2019-09-24 12:17:21,597 INFO  server.RaftServerConfigKeys (ConfUtils.java:logGet(43)) - raft.server.log.statemachine.data.sync = true (default)
2019-09-24 12:17:21,597 INFO  server.RaftServerConfigKeys (ConfUtils.java:logGet(43)) - raft.server.log.statemachine.data.sync = true (default)
2019-09-24 12:17:21,597 INFO  server.RaftServerConfigKeys (ConfUtils.java:logGet(43)) - raft.server.log.statemachine.data.sync = true (default)
2019-09-24 12:17:21,598 INFO  server.RaftServerConfigKeys (ConfUtils.java:logGet(43)) - raft.server.log.statemachine.data.sync.timeout = 10s (default)
2019-09-24 12:17:21,598 INFO  server.RaftServerConfigKeys (ConfUtils.java:logGet(43)) - raft.server.log.statemachine.data.sync.timeout = 10s (default)
2019-09-24 12:17:21,598 INFO  server.RaftServerConfigKeys (ConfUtils.java:logGet(43)) - raft.server.log.statemachine.data.sync.timeout = 10s (default)
2019-09-24 12:17:21,599 INFO  server.RaftServerConfigKeys (ConfUtils.java:logGet(43)) - raft.server.log.statemachine.data.sync.timeout.retry = -1 (default)
2019-09-24 12:17:21,599 INFO  server.RaftServerConfigKeys (ConfUtils.java:logGet(43)) - raft.server.log.statemachine.data.sync.timeout.retry = -1 (default)
2019-09-24 12:17:21,599 INFO  server.RaftServerConfigKeys (ConfUtils.java:logGet(43)) - raft.server.log.statemachine.data.sync.timeout.retry = -1 (default)
2019-09-24 12:17:21,609 INFO  server.RaftServerConfigKeys (ConfUtils.java:logGet(43)) - raft.server.log.statemachine.data.caching.enabled = false (default)
2019-09-24 12:17:21,609 INFO  server.RaftServerConfigKeys (ConfUtils.java:logGet(43)) - raft.server.log.statemachine.data.caching.enabled = false (default)
2019-09-24 12:17:21,609 INFO  server.RaftServerConfigKeys (ConfUtils.java:logGet(43)) - raft.server.log.statemachine.data.caching.enabled = false (default)
2019-09-24 12:17:21,614 INFO  segmented.SegmentedRaftLogWorker (SegmentedRaftLogWorker.java:lambda$new$0(132)) - s0@group-A93A4FA934D4-SegmentedRaftLogWorker: flushIndex: setUnconditionally 0 -> -1
2019-09-24 12:17:21,614 INFO  segmented.SegmentedRaftLogWorker (SegmentedRaftLogWorker.java:lambda$new$0(132)) - s1@group-A93A4FA934D4-SegmentedRaftLogWorker: flushIndex: setUnconditionally 0 -> -1
2019-09-24 12:17:21,614 INFO  segmented.SegmentedRaftLogWorker (SegmentedRaftLogWorker.java:lambda$new$0(132)) - s2@group-A93A4FA934D4-SegmentedRaftLogWorker: flushIndex: setUnconditionally 0 -> -1
2019-09-24 12:17:21,619 INFO  server.RaftServerConfigKeys (ConfUtils.java:logGet(43)) - raft.server.snapshot.auto.trigger.enabled = false (default)
2019-09-24 12:17:21,619 INFO  server.RaftServerConfigKeys (ConfUtils.java:logGet(43)) - raft.server.snapshot.auto.trigger.enabled = false (default)
2019-09-24 12:17:21,619 INFO  server.RaftServerConfigKeys (ConfUtils.java:logGet(43)) - raft.server.snapshot.auto.trigger.enabled = false (default)
2019-09-24 12:17:21,620 INFO  server.RaftServerConfigKeys (ConfUtils.java:logGet(43)) - raft.server.snapshot.retention.file.num = -1 (default)
2019-09-24 12:17:21,620 INFO  server.RaftServerConfigKeys (ConfUtils.java:logGet(43)) - raft.server.snapshot.retention.file.num = -1 (default)
2019-09-24 12:17:21,620 INFO  server.RaftServerConfigKeys (ConfUtils.java:logGet(43)) - raft.server.snapshot.retention.file.num = -1 (default)
2019-09-24 12:17:21,620 INFO  server.RaftServerConfigKeys (ConfUtils.java:logGet(43)) - raft.server.retrycache.expirytime = 60s (default)
2019-09-24 12:17:21,620 INFO  server.RaftServerConfigKeys (ConfUtils.java:logGet(43)) - raft.server.retrycache.expirytime = 60s (default)
2019-09-24 12:17:21,620 INFO  server.RaftServerConfigKeys (ConfUtils.java:logGet(43)) - raft.server.retrycache.expirytime = 60s (default)
2019-09-24 12:17:21,648 INFO  impl.RaftServerImpl (RaftServerImpl.java:start(181)) - s0@group-A93A4FA934D4: start as a follower, conf=-1: [s0:0.0.0.0:41479, s1:0.0.0.0:42383, s2:0.0.0.0:43111], old=null
2019-09-24 12:17:21,653 INFO  impl.RaftServerImpl (RaftServerImpl.java:setRole(170)) - s0@group-A93A4FA934D4: changes role from      null to FOLLOWER at term 0 for startAsFollower
2019-09-24 12:17:21,655 INFO  impl.RoleInfo (RoleInfo.java:updateAndGet(143)) - s0: start FollowerState
2019-09-24 12:17:21,657 INFO  util.JmxRegister (JmxRegister.java:tryRegister(44)) - Successfully registered JMX Bean with object name Ratis:service=RaftServer,group=group-A93A4FA934D4,id=s0
2019-09-24 12:17:21,665 INFO  impl.RaftServerProxy (RaftServerProxy.java:lambda$start$3(299)) - s0: start RPC server
2019-09-24 12:17:21,666 INFO  impl.RaftServerImpl (RaftServerImpl.java:start(181)) - s1@group-A93A4FA934D4: start as a follower, conf=-1: [s0:0.0.0.0:41479, s1:0.0.0.0:42383, s2:0.0.0.0:43111], old=null
2019-09-24 12:17:21,666 INFO  impl.RaftServerImpl (RaftServerImpl.java:setRole(170)) - s1@group-A93A4FA934D4: changes role from      null to FOLLOWER at term 0 for startAsFollower
2019-09-24 12:17:21,667 INFO  impl.RoleInfo (RoleInfo.java:updateAndGet(143)) - s1: start FollowerState
2019-09-24 12:17:21,667 INFO  util.JmxRegister (JmxRegister.java:tryRegister(44)) - Successfully registered JMX Bean with object name Ratis:service=RaftServer,group=group-A93A4FA934D4,id=s1
2019-09-24 12:17:21,672 INFO  impl.RaftServerProxy (RaftServerProxy.java:lambda$start$3(299)) - s1: start RPC server
2019-09-24 12:17:21,672 INFO  impl.RaftServerImpl (RaftServerImpl.java:start(181)) - s2@group-A93A4FA934D4: start as a follower, conf=-1: [s0:0.0.0.0:41479, s1:0.0.0.0:42383, s2:0.0.0.0:43111], old=null
2019-09-24 12:17:21,673 INFO  impl.RaftServerImpl (RaftServerImpl.java:setRole(170)) - s2@group-A93A4FA934D4: changes role from      null to FOLLOWER at term 0 for startAsFollower
2019-09-24 12:17:21,673 INFO  impl.RoleInfo (RoleInfo.java:updateAndGet(143)) - s2: start FollowerState
2019-09-24 12:17:21,673 INFO  util.JmxRegister (JmxRegister.java:tryRegister(44)) - Successfully registered JMX Bean with object name Ratis:service=RaftServer,group=group-A93A4FA934D4,id=s2
2019-09-24 12:17:21,677 INFO  impl.RaftServerProxy (RaftServerProxy.java:lambda$start$3(299)) - s2: start RPC server
2019-09-24 12:17:21,680 INFO  server.RaftServerConfigKeys (ConfUtils.java:logGet(43)) - raft.server.rpc.timeout.max = 300ms (default)
2019-09-24 12:17:21,683 INFO  ratis.RaftTestUtil (RaftTestUtil.java:waitForLeader(86)) - printing ALL groups
  s0:  RUNNING  FOLLOWER s0@group-A93A4FA934D4:t0, leader=null, voted=null, raftlog=s0@group-A93A4FA934D4-SegmentedRaftLog:OPENED:c-1,f-1,i0, conf=-1: [s0:0.0.0.0:41479, s1:0.0.0.0:42383, s2:0.0.0.0:43111], old=null RUNNING
  s1:  RUNNING  FOLLOWER s1@group-A93A4FA934D4:t0, leader=null, voted=null, raftlog=s1@group-A93A4FA934D4-SegmentedRaftLog:OPENED:c-1,f-1,i0, conf=-1: [s0:0.0.0.0:41479, s1:0.0.0.0:42383, s2:0.0.0.0:43111], old=null RUNNING
  s2:  RUNNING  FOLLOWER s2@group-A93A4FA934D4:t0, leader=null, voted=null, raftlog=s2@group-A93A4FA934D4-SegmentedRaftLog:OPENED:c-1,f-1,i0, conf=-1: [s0:0.0.0.0:41479, s1:0.0.0.0:42383, s2:0.0.0.0:43111], old=null RUNNING
2019-09-24 12:17:21,688 WARN  ratis.RaftTestUtil (JavaUtils.java:attempt(158)) - FAILED "waitForLeader-null-(expectLeader? true)", attempt #1/100: java.lang.IllegalStateException: No leader yet : printing ALL groups
  s0:  RUNNING  FOLLOWER s0@group-A93A4FA934D4:t0, leader=null, voted=null, raftlog=s0@group-A93A4FA934D4-SegmentedRaftLog:OPENED:c-1,f-1,i0, conf=-1: [s0:0.0.0.0:41479, s1:0.0.0.0:42383, s2:0.0.0.0:43111], old=null RUNNING
  s1:  RUNNING  FOLLOWER s1@group-A93A4FA934D4:t0, leader=null, voted=null, raftlog=s1@group-A93A4FA934D4-SegmentedRaftLog:OPENED:c-1,f-1,i0, conf=-1: [s0:0.0.0.0:41479, s1:0.0.0.0:42383, s2:0.0.0.0:43111], old=null RUNNING
  s2:  RUNNING  FOLLOWER s2@group-A93A4FA934D4:t0, leader=null, voted=null, raftlog=s2@group-A93A4FA934D4-SegmentedRaftLog:OPENED:c-1,f-1,i0, conf=-1: [s0:0.0.0.0:41479, s1:0.0.0.0:42383, s2:0.0.0.0:43111], old=null RUNNING, sleep 450ms and then retry.
java.lang.IllegalStateException: No leader yet : printing ALL groups
  s0:  RUNNING  FOLLOWER s0@group-A93A4FA934D4:t0, leader=null, voted=null, raftlog=s0@group-A93A4FA934D4-SegmentedRaftLog:OPENED:c-1,f-1,i0, conf=-1: [s0:0.0.0.0:41479, s1:0.0.0.0:42383, s2:0.0.0.0:43111], old=null RUNNING
  s1:  RUNNING  FOLLOWER s1@group-A93A4FA934D4:t0, leader=null, voted=null, raftlog=s1@group-A93A4FA934D4-SegmentedRaftLog:OPENED:c-1,f-1,i0, conf=-1: [s0:0.0.0.0:41479, s1:0.0.0.0:42383, s2:0.0.0.0:43111], old=null RUNNING
  s2:  RUNNING  FOLLOWER s2@group-A93A4FA934D4:t0, leader=null, voted=null, raftlog=s2@group-A93A4FA934D4-SegmentedRaftLog:OPENED:c-1,f-1,i0, conf=-1: [s0:0.0.0.0:41479, s1:0.0.0.0:42383, s2:0.0.0.0:43111], old=null RUNNING
	at org.apache.ratis.MiniRaftCluster.newIllegalStateExceptionForNoLeaders(MiniRaftCluster.java:506)
	at org.apache.ratis.RaftTestUtil.lambda$waitForLeader$1(RaftTestUtil.java:90)
	at org.apache.ratis.MiniRaftCluster.getLeader(MiniRaftCluster.java:539)
	at org.apache.ratis.MiniRaftCluster.getLeader(MiniRaftCluster.java:532)
	at org.apache.ratis.RaftTestUtil.lambda$waitForLeader$3(RaftTestUtil.java:98)
	at org.apache.ratis.util.JavaUtils.attempt(JavaUtils.java:152)
	at org.apache.ratis.RaftTestUtil.waitForLeader(RaftTestUtil.java:97)
	at org.apache.ratis.RaftTestUtil.waitForLeader(RaftTestUtil.java:77)
	at org.apache.ratis.RaftTestUtil.waitForLeader(RaftTestUtil.java:72)
	at org.apache.ratis.examples.filestore.FileStoreBaseTest.testFileStore(FileStoreBaseTest.java:73)
	at sun.reflect.NativeMethodAccessorImpl.invoke0(Native Method)
	at sun.reflect.NativeMethodAccessorImpl.invoke(NativeMethodAccessorImpl.java:62)
	at sun.reflect.DelegatingMethodAccessorImpl.invoke(DelegatingMethodAccessorImpl.java:43)
	at java.lang.reflect.Method.invoke(Method.java:498)
	at org.junit.runners.model.FrameworkMethod$1.runReflectiveCall(FrameworkMethod.java:50)
	at org.junit.internal.runners.model.ReflectiveCallable.run(ReflectiveCallable.java:12)
	at org.junit.runners.model.FrameworkMethod.invokeExplosively(FrameworkMethod.java:47)
	at org.junit.internal.runners.statements.InvokeMethod.evaluate(InvokeMethod.java:17)
	at org.junit.internal.runners.statements.RunAfters.evaluate(RunAfters.java:27)
	at org.junit.internal.runners.statements.FailOnTimeout$CallableStatement.call(FailOnTimeout.java:298)
	at org.junit.internal.runners.statements.FailOnTimeout$CallableStatement.call(FailOnTimeout.java:292)
	at java.util.concurrent.FutureTask.run(FutureTask.java:266)
	at java.lang.Thread.run(Thread.java:748)
2019-09-24 12:17:21,895 INFO  impl.FollowerState (FollowerState.java:run(108)) - s0@group-A93A4FA934D4-FollowerState: change to CANDIDATE, lastRpcTime:241ms, electionTimeout:240ms
2019-09-24 12:17:21,898 INFO  impl.RoleInfo (RoleInfo.java:shutdownFollowerState(121)) - s0: shutdown FollowerState
2019-09-24 12:17:21,898 INFO  impl.RaftServerImpl (RaftServerImpl.java:setRole(170)) - s0@group-A93A4FA934D4: changes role from  FOLLOWER to CANDIDATE at term 0 for changeToCandidate
2019-09-24 12:17:21,902 INFO  impl.RoleInfo (RoleInfo.java:updateAndGet(143)) - s0: start LeaderElection
2019-09-24 12:17:21,919 INFO  impl.LeaderElection (LeaderElection.java:askForVotes(178)) - s0@group-A93A4FA934D4-LeaderElection1: begin an election at term 1 for -1: [s0:0.0.0.0:41479, s1:0.0.0.0:42383, s2:0.0.0.0:43111], old=null
2019-09-24 12:17:21,927 INFO  impl.FollowerState (FollowerState.java:run(108)) - s1@group-A93A4FA934D4-FollowerState: change to CANDIDATE, lastRpcTime:260ms, electionTimeout:260ms
2019-09-24 12:17:21,928 INFO  impl.RoleInfo (RoleInfo.java:shutdownFollowerState(121)) - s1: shutdown FollowerState
2019-09-24 12:17:21,928 INFO  impl.RaftServerImpl (RaftServerImpl.java:setRole(170)) - s1@group-A93A4FA934D4: changes role from  FOLLOWER to CANDIDATE at term 0 for changeToCandidate
2019-09-24 12:17:21,929 INFO  impl.RoleInfo (RoleInfo.java:updateAndGet(143)) - s1: start LeaderElection
2019-09-24 12:17:21,942 INFO  impl.LeaderElection (LeaderElection.java:askForVotes(178)) - s1@group-A93A4FA934D4-LeaderElection2: begin an election at term 1 for -1: [s0:0.0.0.0:41479, s1:0.0.0.0:42383, s2:0.0.0.0:43111], old=null
2019-09-24 12:17:21,947 INFO  impl.FollowerState (FollowerState.java:run(108)) - s2@group-A93A4FA934D4-FollowerState: change to CANDIDATE, lastRpcTime:274ms, electionTimeout:274ms
2019-09-24 12:17:21,948 INFO  impl.RoleInfo (RoleInfo.java:shutdownFollowerState(121)) - s2: shutdown FollowerState
2019-09-24 12:17:21,948 INFO  impl.RaftServerImpl (RaftServerImpl.java:setRole(170)) - s2@group-A93A4FA934D4: changes role from  FOLLOWER to CANDIDATE at term 0 for changeToCandidate
2019-09-24 12:17:21,949 INFO  impl.RoleInfo (RoleInfo.java:updateAndGet(143)) - s2: start LeaderElection
2019-09-24 12:17:21,964 INFO  impl.LeaderElection (LeaderElection.java:askForVotes(178)) - s2@group-A93A4FA934D4-LeaderElection3: begin an election at term 1 for -1: [s0:0.0.0.0:41479, s1:0.0.0.0:42383, s2:0.0.0.0:43111], old=null
2019-09-24 12:17:22,168 WARN  ratis.RaftTestUtil (JavaUtils.java:attempt(158)) - FAILED "waitForLeader-null-(expectLeader? true)", attempt #2/100: java.lang.IllegalStateException: No leader yet : printing ALL groups
  s0:  RUNNING CANDIDATE s0@group-A93A4FA934D4:t1, leader=null, voted=s0, raftlog=s0@group-A93A4FA934D4-SegmentedRaftLog:OPENED:c-1,f-1,i0, conf=-1: [s0:0.0.0.0:41479, s1:0.0.0.0:42383, s2:0.0.0.0:43111], old=null RUNNING
  s1:  RUNNING CANDIDATE s1@group-A93A4FA934D4:t1, leader=null, voted=s1, raftlog=s1@group-A93A4FA934D4-SegmentedRaftLog:OPENED:c-1,f-1,i0, conf=-1: [s0:0.0.0.0:41479, s1:0.0.0.0:42383, s2:0.0.0.0:43111], old=null RUNNING
  s2:  RUNNING CANDIDATE s2@group-A93A4FA934D4:t1, leader=null, voted=s2, raftlog=s2@group-A93A4FA934D4-SegmentedRaftLog:OPENED:c-1,f-1,i0, conf=-1: [s0:0.0.0.0:41479, s1:0.0.0.0:42383, s2:0.0.0.0:43111], old=null RUNNING, sleep 450ms and then retry.
java.lang.IllegalStateException: No leader yet : printing ALL groups
  s0:  RUNNING CANDIDATE s0@group-A93A4FA934D4:t1, leader=null, voted=s0, raftlog=s0@group-A93A4FA934D4-SegmentedRaftLog:OPENED:c-1,f-1,i0, conf=-1: [s0:0.0.0.0:41479, s1:0.0.0.0:42383, s2:0.0.0.0:43111], old=null RUNNING
  s1:  RUNNING CANDIDATE s1@group-A93A4FA934D4:t1, leader=null, voted=s1, raftlog=s1@group-A93A4FA934D4-SegmentedRaftLog:OPENED:c-1,f-1,i0, conf=-1: [s0:0.0.0.0:41479, s1:0.0.0.0:42383, s2:0.0.0.0:43111], old=null RUNNING
  s2:  RUNNING CANDIDATE s2@group-A93A4FA934D4:t1, leader=null, voted=s2, raftlog=s2@group-A93A4FA934D4-SegmentedRaftLog:OPENED:c-1,f-1,i0, conf=-1: [s0:0.0.0.0:41479, s1:0.0.0.0:42383, s2:0.0.0.0:43111], old=null RUNNING
	at org.apache.ratis.MiniRaftCluster.newIllegalStateExceptionForNoLeaders(MiniRaftCluster.java:506)
	at org.apache.ratis.RaftTestUtil.lambda$waitForLeader$1(RaftTestUtil.java:90)
	at org.apache.ratis.MiniRaftCluster.getLeader(MiniRaftCluster.java:539)
	at org.apache.ratis.MiniRaftCluster.getLeader(MiniRaftCluster.java:532)
	at org.apache.ratis.RaftTestUtil.lambda$waitForLeader$3(RaftTestUtil.java:98)
	at org.apache.ratis.util.JavaUtils.attempt(JavaUtils.java:152)
	at org.apache.ratis.RaftTestUtil.waitForLeader(RaftTestUtil.java:97)
	at org.apache.ratis.RaftTestUtil.waitForLeader(RaftTestUtil.java:77)
	at org.apache.ratis.RaftTestUtil.waitForLeader(RaftTestUtil.java:72)
	at org.apache.ratis.examples.filestore.FileStoreBaseTest.testFileStore(FileStoreBaseTest.java:73)
	at sun.reflect.NativeMethodAccessorImpl.invoke0(Native Method)
	at sun.reflect.NativeMethodAccessorImpl.invoke(NativeMethodAccessorImpl.java:62)
	at sun.reflect.DelegatingMethodAccessorImpl.invoke(DelegatingMethodAccessorImpl.java:43)
	at java.lang.reflect.Method.invoke(Method.java:498)
	at org.junit.runners.model.FrameworkMethod$1.runReflectiveCall(FrameworkMethod.java:50)
	at org.junit.internal.runners.model.ReflectiveCallable.run(ReflectiveCallable.java:12)
	at org.junit.runners.model.FrameworkMethod.invokeExplosively(FrameworkMethod.java:47)
	at org.junit.internal.runners.statements.InvokeMethod.evaluate(InvokeMethod.java:17)
	at org.junit.internal.runners.statements.RunAfters.evaluate(RunAfters.java:27)
	at org.junit.internal.runners.statements.FailOnTimeout$CallableStatement.call(FailOnTimeout.java:298)
	at org.junit.internal.runners.statements.FailOnTimeout$CallableStatement.call(FailOnTimeout.java:292)
	at java.util.concurrent.FutureTask.run(FutureTask.java:266)
	at java.lang.Thread.run(Thread.java:748)
2019-09-24 12:17:22,169 INFO  impl.LeaderElection (LeaderElection.java:logAndReturn(56)) - s0@group-A93A4FA934D4-LeaderElection1: Election TIMEOUT; received 0 response(s) [] and 0 exception(s); s0@group-A93A4FA934D4:t1, leader=null, voted=s0, raftlog=s0@group-A93A4FA934D4-SegmentedRaftLog:OPENED:c-1,f-1,i0, conf=-1: [s0:0.0.0.0:41479, s1:0.0.0.0:42383, s2:0.0.0.0:43111], old=null
2019-09-24 12:17:22,176 INFO  impl.LeaderElection (LeaderElection.java:logAndReturn(56)) - s1@group-A93A4FA934D4-LeaderElection2: Election TIMEOUT; received 0 response(s) [] and 0 exception(s); s1@group-A93A4FA934D4:t1, leader=null, voted=s1, raftlog=s1@group-A93A4FA934D4-SegmentedRaftLog:OPENED:c-1,f-1,i0, conf=-1: [s0:0.0.0.0:41479, s1:0.0.0.0:42383, s2:0.0.0.0:43111], old=null
2019-09-24 12:17:22,197 INFO  impl.LeaderElection (LeaderElection.java:askForVotes(178)) - s0@group-A93A4FA934D4-LeaderElection1: begin an election at term 2 for -1: [s0:0.0.0.0:41479, s1:0.0.0.0:42383, s2:0.0.0.0:43111], old=null
2019-09-24 12:17:22,197 INFO  impl.LeaderElection (LeaderElection.java:askForVotes(178)) - s1@group-A93A4FA934D4-LeaderElection2: begin an election at term 2 for -1: [s0:0.0.0.0:41479, s1:0.0.0.0:42383, s2:0.0.0.0:43111], old=null
2019-09-24 12:17:22,209 INFO  logging.LoggingHandler (AbstractInternalLogger.java:log(150)) - [id: 0xc5c5d3e6, L:/0.0.0.0:42383] READ: [id: 0x1ddc4e3f, L:/192.168.34.44:42383 - R:/192.168.34.44:60034]
2019-09-24 12:17:22,209 INFO  logging.LoggingHandler (AbstractInternalLogger.java:log(150)) - [id: 0xea9be81b, L:/0.0.0.0:43111] READ: [id: 0x092fbe45, L:/192.168.34.44:43111 - R:/192.168.34.44:44373]
2019-09-24 12:17:22,209 INFO  logging.LoggingHandler (AbstractInternalLogger.java:log(150)) - [id: 0xe55ad1b4, L:/0.0.0.0:41479] READ: [id: 0x6e5cec49, L:/192.168.34.44:41479 - R:/192.168.34.44:40514]
2019-09-24 12:17:22,210 INFO  logging.LoggingHandler (AbstractInternalLogger.java:log(150)) - [id: 0xe55ad1b4, L:/0.0.0.0:41479] READ COMPLETE
2019-09-24 12:17:22,210 INFO  logging.LoggingHandler (AbstractInternalLogger.java:log(150)) - [id: 0xea9be81b, L:/0.0.0.0:43111] READ COMPLETE
2019-09-24 12:17:22,210 INFO  logging.LoggingHandler (AbstractInternalLogger.java:log(150)) - [id: 0xe55ad1b4, L:/0.0.0.0:41479] READ: [id: 0x8b0d680d, L:/192.168.34.44:41479 - R:/192.168.34.44:40518]
2019-09-24 12:17:22,210 INFO  logging.LoggingHandler (AbstractInternalLogger.java:log(150)) - [id: 0xc5c5d3e6, L:/0.0.0.0:42383] READ COMPLETE
2019-09-24 12:17:22,211 INFO  logging.LoggingHandler (AbstractInternalLogger.java:log(150)) - [id: 0xe55ad1b4, L:/0.0.0.0:41479] READ COMPLETE
2019-09-24 12:17:22,211 INFO  logging.LoggingHandler (AbstractInternalLogger.java:log(150)) - [id: 0xea9be81b, L:/0.0.0.0:43111] READ: [id: 0x12d2ea8f, L:/192.168.34.44:43111 - R:/192.168.34.44:44372]
2019-09-24 12:17:22,211 INFO  logging.LoggingHandler (AbstractInternalLogger.java:log(150)) - [id: 0xc5c5d3e6, L:/0.0.0.0:42383] READ: [id: 0x816767da, L:/192.168.34.44:42383 - R:/192.168.34.44:60042]
2019-09-24 12:17:22,212 INFO  logging.LoggingHandler (AbstractInternalLogger.java:log(150)) - [id: 0xea9be81b, L:/0.0.0.0:43111] READ COMPLETE
2019-09-24 12:17:22,212 INFO  logging.LoggingHandler (AbstractInternalLogger.java:log(150)) - [id: 0xc5c5d3e6, L:/0.0.0.0:42383] READ COMPLETE
2019-09-24 12:17:22,244 INFO  impl.LeaderElection (LeaderElection.java:logAndReturn(56)) - s2@group-A93A4FA934D4-LeaderElection3: Election TIMEOUT; received 0 response(s) [] and 0 exception(s); s2@group-A93A4FA934D4:t1, leader=null, voted=s2, raftlog=s2@group-A93A4FA934D4-SegmentedRaftLog:OPENED:c-1,f-1,i0, conf=-1: [s0:0.0.0.0:41479, s1:0.0.0.0:42383, s2:0.0.0.0:43111], old=null
2019-09-24 12:17:22,265 INFO  impl.LeaderElection (LeaderElection.java:askForVotes(178)) - s2@group-A93A4FA934D4-LeaderElection3: begin an election at term 2 for -1: [s0:0.0.0.0:41479, s1:0.0.0.0:42383, s2:0.0.0.0:43111], old=null
2019-09-24 12:17:22,282 INFO  impl.LeaderElection (LeaderElection.java:logAndReturn(56)) - s1@group-A93A4FA934D4-LeaderElection2: Election REJECTED; received 2 response(s) [s1<-s0#0:FAIL-t2, s1<-s2#0:FAIL-t2] and 0 exception(s); s1@group-A93A4FA934D4:t2, leader=null, voted=s1, raftlog=s1@group-A93A4FA934D4-SegmentedRaftLog:OPENED:c-1,f-1,i0, conf=-1: [s0:0.0.0.0:41479, s1:0.0.0.0:42383, s2:0.0.0.0:43111], old=null
2019-09-24 12:17:22,282 INFO  impl.LeaderElection (LeaderElection.java:logAndReturn(56)) - s2@group-A93A4FA934D4-LeaderElection3: Election REJECTED; received 2 response(s) [s2<-s0#0:FAIL-t2, s2<-s1#0:FAIL-t2] and 0 exception(s); s2@group-A93A4FA934D4:t2, leader=null, voted=s2, raftlog=s2@group-A93A4FA934D4-SegmentedRaftLog:OPENED:c-1,f-1,i0, conf=-1: [s0:0.0.0.0:41479, s1:0.0.0.0:42383, s2:0.0.0.0:43111], old=null
2019-09-24 12:17:22,282 INFO  impl.LeaderElection (LeaderElection.java:logAndReturn(56)) - s0@group-A93A4FA934D4-LeaderElection1: Election REJECTED; received 2 response(s) [s0<-s1#0:FAIL-t2, s0<-s2#0:FAIL-t2] and 0 exception(s); s0@group-A93A4FA934D4:t2, leader=null, voted=s0, raftlog=s0@group-A93A4FA934D4-SegmentedRaftLog:OPENED:c-1,f-1,i0, conf=-1: [s0:0.0.0.0:41479, s1:0.0.0.0:42383, s2:0.0.0.0:43111], old=null
2019-09-24 12:17:22,284 INFO  impl.RaftServerImpl (RaftServerImpl.java:setRole(170)) - s1@group-A93A4FA934D4: changes role from CANDIDATE to FOLLOWER at term 2 for DISCOVERED_A_NEW_TERM
2019-09-24 12:17:22,284 INFO  impl.RaftServerImpl (RaftServerImpl.java:setRole(170)) - s0@group-A93A4FA934D4: changes role from CANDIDATE to FOLLOWER at term 2 for DISCOVERED_A_NEW_TERM
2019-09-24 12:17:22,284 INFO  impl.RaftServerImpl (RaftServerImpl.java:setRole(170)) - s2@group-A93A4FA934D4: changes role from CANDIDATE to FOLLOWER at term 2 for DISCOVERED_A_NEW_TERM
2019-09-24 12:17:22,284 INFO  impl.RoleInfo (RoleInfo.java:shutdownLeaderElection(134)) - s0: shutdown LeaderElection
2019-09-24 12:17:22,284 INFO  impl.RoleInfo (RoleInfo.java:shutdownLeaderElection(134)) - s1: shutdown LeaderElection
2019-09-24 12:17:22,284 INFO  impl.RoleInfo (RoleInfo.java:shutdownLeaderElection(134)) - s2: shutdown LeaderElection
2019-09-24 12:17:22,285 INFO  impl.RoleInfo (RoleInfo.java:updateAndGet(143)) - s0: start FollowerState
2019-09-24 12:17:22,285 INFO  impl.RoleInfo (RoleInfo.java:updateAndGet(143)) - s1: start FollowerState
2019-09-24 12:17:22,285 INFO  impl.RoleInfo (RoleInfo.java:updateAndGet(143)) - s2: start FollowerState
2019-09-24 12:17:22,447 INFO  impl.FollowerState (FollowerState.java:run(108)) - s2@group-A93A4FA934D4-FollowerState: change to CANDIDATE, lastRpcTime:161ms, electionTimeout:161ms
2019-09-24 12:17:22,447 INFO  impl.RoleInfo (RoleInfo.java:shutdownFollowerState(121)) - s2: shutdown FollowerState
2019-09-24 12:17:22,448 INFO  impl.RaftServerImpl (RaftServerImpl.java:setRole(170)) - s2@group-A93A4FA934D4: changes role from  FOLLOWER to CANDIDATE at term 2 for changeToCandidate
2019-09-24 12:17:22,448 INFO  impl.RoleInfo (RoleInfo.java:updateAndGet(143)) - s2: start LeaderElection
2019-09-24 12:17:22,454 INFO  impl.FollowerState (FollowerState.java:run(108)) - s0@group-A93A4FA934D4-FollowerState: change to CANDIDATE, lastRpcTime:168ms, electionTimeout:168ms
2019-09-24 12:17:22,454 INFO  impl.RoleInfo (RoleInfo.java:shutdownFollowerState(121)) - s0: shutdown FollowerState
2019-09-24 12:17:22,454 INFO  impl.RaftServerImpl (RaftServerImpl.java:setRole(170)) - s0@group-A93A4FA934D4: changes role from  FOLLOWER to CANDIDATE at term 2 for changeToCandidate
2019-09-24 12:17:22,454 INFO  impl.RoleInfo (RoleInfo.java:updateAndGet(143)) - s0: start LeaderElection
2019-09-24 12:17:22,475 INFO  impl.LeaderElection (LeaderElection.java:askForVotes(178)) - s0@group-A93A4FA934D4-LeaderElection5: begin an election at term 3 for -1: [s0:0.0.0.0:41479, s1:0.0.0.0:42383, s2:0.0.0.0:43111], old=null
2019-09-24 12:17:22,475 INFO  impl.LeaderElection (LeaderElection.java:askForVotes(178)) - s2@group-A93A4FA934D4-LeaderElection4: begin an election at term 3 for -1: [s0:0.0.0.0:41479, s1:0.0.0.0:42383, s2:0.0.0.0:43111], old=null
2019-09-24 12:17:22,477 INFO  impl.RaftServerImpl (RaftServerImpl.java:setRole(170)) - s1@group-A93A4FA934D4: changes role from  FOLLOWER to FOLLOWER at term 3 for recognizeCandidate:s0
2019-09-24 12:17:22,477 INFO  impl.RoleInfo (RoleInfo.java:shutdownFollowerState(121)) - s1: shutdown FollowerState
2019-09-24 12:17:22,477 INFO  impl.RoleInfo (RoleInfo.java:updateAndGet(143)) - s1: start FollowerState
2019-09-24 12:17:22,478 INFO  impl.FollowerState (FollowerState.java:run(117)) - s1@group-A93A4FA934D4-FollowerState was interrupted: java.lang.InterruptedException: sleep interrupted
2019-09-24 12:17:22,496 INFO  impl.LeaderElection (LeaderElection.java:logAndReturn(56)) - s0@group-A93A4FA934D4-LeaderElection5: Election PASSED; received 2 response(s) [s0<-s1#0:OK-t3, s0<-s2#0:FAIL-t3] and 0 exception(s); s0@group-A93A4FA934D4:t3, leader=null, voted=s0, raftlog=s0@group-A93A4FA934D4-SegmentedRaftLog:OPENED:c-1,f-1,i0, conf=-1: [s0:0.0.0.0:41479, s1:0.0.0.0:42383, s2:0.0.0.0:43111], old=null
2019-09-24 12:17:22,496 INFO  impl.LeaderElection (LeaderElection.java:logAndReturn(56)) - s2@group-A93A4FA934D4-LeaderElection4: Election REJECTED; received 2 response(s) [s2<-s0#0:FAIL-t3, s2<-s1#0:FAIL-t3] and 0 exception(s); s2@group-A93A4FA934D4:t3, leader=null, voted=s2, raftlog=s2@group-A93A4FA934D4-SegmentedRaftLog:OPENED:c-1,f-1,i0, conf=-1: [s0:0.0.0.0:41479, s1:0.0.0.0:42383, s2:0.0.0.0:43111], old=null
2019-09-24 12:17:22,497 INFO  impl.RoleInfo (RoleInfo.java:shutdownLeaderElection(134)) - s0: shutdown LeaderElection
2019-09-24 12:17:22,497 INFO  impl.RaftServerImpl (RaftServerImpl.java:setRole(170)) - s2@group-A93A4FA934D4: changes role from CANDIDATE to FOLLOWER at term 3 for DISCOVERED_A_NEW_TERM
2019-09-24 12:17:22,497 INFO  impl.RaftServerImpl (RaftServerImpl.java:setRole(170)) - s0@group-A93A4FA934D4: changes role from CANDIDATE to LEADER at term 3 for changeToLeader
2019-09-24 12:17:22,497 INFO  impl.RoleInfo (RoleInfo.java:shutdownLeaderElection(134)) - s2: shutdown LeaderElection
2019-09-24 12:17:22,498 INFO  impl.RaftServerImpl (ServerState.java:setLeader(254)) - s0@group-A93A4FA934D4: change Leader from null to s0 at term 3 for becomeLeader, leader elected after 1275ms
2019-09-24 12:17:22,498 INFO  impl.RoleInfo (RoleInfo.java:updateAndGet(143)) - s2: start FollowerState
2019-09-24 12:17:22,504 INFO  server.RaftServerConfigKeys (ConfUtils.java:logGet(43)) - raft.server.staging.catchup.gap = 1000 (default)
2019-09-24 12:17:22,505 INFO  server.RaftServerConfigKeys (ConfUtils.java:logGet(43)) - raft.server.rpc.sleep.time = 25ms (default)
2019-09-24 12:17:22,511 INFO  server.RaftServerConfigKeys (ConfUtils.java:logGet(43)) - raft.server.write.element-limit = 4096 (default)
2019-09-24 12:17:22,518 INFO  server.RaftServerConfigKeys (ConfUtils.java:logGet(43)) - raft.server.watch.timeout = 10s (default)
2019-09-24 12:17:22,518 INFO  server.RaftServerConfigKeys (ConfUtils.java:logGet(43)) - raft.server.watch.timeout.denomination = 1s (default)
2019-09-24 12:17:22,520 INFO  server.RaftServerConfigKeys (ConfUtils.java:logGet(43)) - raft.server.watch.element-limit = 65536 (default)
2019-09-24 12:17:22,538 INFO  server.RaftServerConfigKeys (ConfUtils.java:logGet(43)) - raft.server.log.appender.snapshot.chunk.size.max = 16MB (=16777216) (default)
2019-09-24 12:17:22,538 INFO  server.RaftServerConfigKeys (ConfUtils.java:logGet(43)) - raft.server.log.appender.buffer.byte-limit = 4MB (=4194304) (default)
2019-09-24 12:17:22,539 INFO  server.RaftServerConfigKeys (ConfUtils.java:logGet(43)) - raft.server.log.appender.buffer.element-limit = 0 (default)
2019-09-24 12:17:22,544 INFO  server.RaftServerConfigKeys (ConfUtils.java:logGet(43)) - raft.server.log.appender.snapshot.chunk.size.max = 16MB (=16777216) (default)
2019-09-24 12:17:22,544 INFO  server.RaftServerConfigKeys (ConfUtils.java:logGet(43)) - raft.server.log.appender.buffer.byte-limit = 4MB (=4194304) (default)
2019-09-24 12:17:22,544 INFO  server.RaftServerConfigKeys (ConfUtils.java:logGet(43)) - raft.server.log.appender.buffer.element-limit = 0 (default)
2019-09-24 12:17:22,547 INFO  impl.RoleInfo (RoleInfo.java:updateAndGet(143)) - s0: start LeaderState
2019-09-24 12:17:22,569 INFO  segmented.SegmentedRaftLogWorker (SegmentedRaftLogWorker.java:startLogSegment(380)) - s0@group-A93A4FA934D4-SegmentedRaftLogWorker: Starting segment from index:0
2019-09-24 12:17:22,579 INFO  impl.RaftServerImpl (ServerState.java:setRaftConf(355)) - s0@group-A93A4FA934D4: set configuration 0: [s0:0.0.0.0:41479, s1:0.0.0.0:42383, s2:0.0.0.0:43111], old=null at 0
2019-09-24 12:17:22,607 INFO  impl.RaftServerImpl (ServerState.java:setLeader(254)) - s2@group-A93A4FA934D4: change Leader from null to s0 at term 3 for appendEntries, leader elected after 1385ms
2019-09-24 12:17:22,607 INFO  impl.RaftServerImpl (ServerState.java:setLeader(254)) - s1@group-A93A4FA934D4: change Leader from null to s0 at term 3 for appendEntries, leader elected after 1385ms
2019-09-24 12:17:22,621 INFO  ratis.RaftTestUtil (RaftTestUtil.java:waitForLeader(101)) - printing ALL groups
  s0:  RUNNING    LEADER s0@group-A93A4FA934D4:t3, leader=s0, voted=s0, raftlog=s0@group-A93A4FA934D4-SegmentedRaftLog:OPENED:c-1,f-1,i0, conf=0: [s0:0.0.0.0:41479, s1:0.0.0.0:42383, s2:0.0.0.0:43111], old=null RUNNING
  s1:  RUNNING  FOLLOWER s1@group-A93A4FA934D4:t3, leader=s0, voted=s0, raftlog=s1@group-A93A4FA934D4-SegmentedRaftLog:OPENED:c-1,f-1,i0, conf=-1: [s0:0.0.0.0:41479, s1:0.0.0.0:42383, s2:0.0.0.0:43111], old=null RUNNING
  s2:  RUNNING  FOLLOWER s2@group-A93A4FA934D4:t3, leader=s0, voted=s2, raftlog=s2@group-A93A4FA934D4-SegmentedRaftLog:OPENED:c-1,f-1,i0, conf=-1: [s0:0.0.0.0:41479, s1:0.0.0.0:42383, s2:0.0.0.0:43111], old=null RUNNING
2019-09-24 12:17:22,623 INFO  filestore.FileStoreBaseTest (FileStoreBaseTest.java:testSingleFile(87)) - runTestSingleFile with path=foo, fileLength=10M (=10485760)
2019-09-24 12:17:22,634 INFO  impl.RaftServerImpl (ServerState.java:setRaftConf(355)) - s1@group-A93A4FA934D4: set configuration 0: [s0:0.0.0.0:41479, s1:0.0.0.0:42383, s2:0.0.0.0:43111], old=null at 0
2019-09-24 12:17:22,634 INFO  impl.RaftServerImpl (ServerState.java:setRaftConf(355)) - s2@group-A93A4FA934D4: set configuration 0: [s0:0.0.0.0:41479, s1:0.0.0.0:42383, s2:0.0.0.0:43111], old=null at 0
2019-09-24 12:17:22,635 INFO  segmented.SegmentedRaftLogWorker (SegmentedRaftLogWorker.java:startLogSegment(380)) - s1@group-A93A4FA934D4-SegmentedRaftLogWorker: Starting segment from index:0
2019-09-24 12:17:22,635 INFO  segmented.SegmentedRaftLogWorker (SegmentedRaftLogWorker.java:startLogSegment(380)) - s2@group-A93A4FA934D4-SegmentedRaftLogWorker: Starting segment from index:0
2019-09-24 12:17:22,674 INFO  logging.LoggingHandler (AbstractInternalLogger.java:log(150)) - [id: 0xe55ad1b4, L:/0.0.0.0:41479] READ: [id: 0xf28ead75, L:/192.168.34.44:41479 - R:/192.168.34.44:40526]
2019-09-24 12:17:22,675 INFO  logging.LoggingHandler (AbstractInternalLogger.java:log(150)) - [id: 0xe55ad1b4, L:/0.0.0.0:41479] READ COMPLETE
2019-09-24 12:17:22,955 INFO  segmented.SegmentedRaftLogWorker (SegmentedRaftLogWorker.java:execute(569)) - s0@group-A93A4FA934D4-SegmentedRaftLogWorker: created new log segment /workdir/ratis-examples/target/test/data/8b9e8b0f/MiniRaftClusterWithNetty213fa15e/s0/b47ebb72-e3a6-4562-9676-a93a4fa934d4/current/log_inprogress_0
2019-09-24 12:17:22,955 INFO  segmented.SegmentedRaftLogWorker (SegmentedRaftLogWorker.java:execute(569)) - s2@group-A93A4FA934D4-SegmentedRaftLogWorker: created new log segment /workdir/ratis-examples/target/test/data/8b9e8b0f/MiniRaftClusterWithNetty213fa15e/s2/b47ebb72-e3a6-4562-9676-a93a4fa934d4/current/log_inprogress_0
2019-09-24 12:17:22,955 INFO  segmented.SegmentedRaftLogWorker (SegmentedRaftLogWorker.java:execute(569)) - s1@group-A93A4FA934D4-SegmentedRaftLogWorker: created new log segment /workdir/ratis-examples/target/test/data/8b9e8b0f/MiniRaftClusterWithNetty213fa15e/s1/b47ebb72-e3a6-4562-9676-a93a4fa934d4/current/log_inprogress_0
2019-09-24 12:17:23,024 TRACE util.FileUtils (LogUtils.java:supplyAndLog(82)) - Successfully supplied Files.newOutputStream CREATE_NEW /workdir/ratis-examples/target/test/data/8b9e8b0f/TestFileStoreWithNetty/filestore/s0/foo: java.nio.channels.Channels$1@51c988e
2019-09-24 12:17:23,030 TRACE util.FileUtils (LogUtils.java:supplyAndLog(82)) - Successfully supplied Files.newOutputStream CREATE_NEW /workdir/ratis-examples/target/test/data/8b9e8b0f/TestFileStoreWithNetty/filestore/s2/foo: java.nio.channels.Channels$1@4929638f
2019-09-24 12:17:23,030 TRACE util.FileUtils (LogUtils.java:supplyAndLog(82)) - Successfully supplied Files.newOutputStream CREATE_NEW /workdir/ratis-examples/target/test/data/8b9e8b0f/TestFileStoreWithNetty/filestore/s1/foo: java.nio.channels.Channels$1@2f78c3a6
2019-09-24 12:17:31,679 INFO  ratis.MiniRaftCluster (MiniRaftCluster.java:lambda$null$5(297)) - TIMED-PRINT: printing ALL groups
  s0:  RUNNING    LEADER s0@group-A93A4FA934D4:t3, leader=s0, voted=s0, raftlog=s0@group-A93A4FA934D4-SegmentedRaftLog:OPENED:c1301,f1301,i1303, conf=0: [s0:0.0.0.0:41479, s1:0.0.0.0:42383, s2:0.0.0.0:43111], old=null RUNNING
  s1:  RUNNING  FOLLOWER s1@group-A93A4FA934D4:t3, leader=s0, voted=s0, raftlog=s1@group-A93A4FA934D4-SegmentedRaftLog:OPENED:c1299,f1301,i1302, conf=0: [s0:0.0.0.0:41479, s1:0.0.0.0:42383, s2:0.0.0.0:43111], old=null RUNNING
  s2:  RUNNING  FOLLOWER s2@group-A93A4FA934D4:t3, leader=s0, voted=s2, raftlog=s2@group-A93A4FA934D4-SegmentedRaftLog:OPENED:c1299,f1301,i1302, conf=0: [s0:0.0.0.0:41479, s1:0.0.0.0:42383, s2:0.0.0.0:43111], old=null RUNNING
2019-09-24 12:17:41,679 INFO  ratis.MiniRaftCluster (MiniRaftCluster.java:lambda$null$5(297)) - TIMED-PRINT: printing ALL groups
  s0:  RUNNING    LEADER s0@group-A93A4FA934D4:t3, leader=s0, voted=s0, raftlog=s0@group-A93A4FA934D4-SegmentedRaftLog:OPENED:c2922,f2923,i2923, conf=0: [s0:0.0.0.0:41479, s1:0.0.0.0:42383, s2:0.0.0.0:43111], old=null RUNNING
  s1:  RUNNING  FOLLOWER s1@group-A93A4FA934D4:t3, leader=s0, voted=s0, raftlog=s1@group-A93A4FA934D4-SegmentedRaftLog:OPENED:c2921,f2922,i2923, conf=0: [s0:0.0.0.0:41479, s1:0.0.0.0:42383, s2:0.0.0.0:43111], old=null RUNNING
  s2:  RUNNING  FOLLOWER s2@group-A93A4FA934D4:t3, leader=s0, voted=s2, raftlog=s2@group-A93A4FA934D4-SegmentedRaftLog:OPENED:c2921,f2922,i2923, conf=0: [s0:0.0.0.0:41479, s1:0.0.0.0:42383, s2:0.0.0.0:43111], old=null RUNNING
2019-09-24 12:17:51,679 INFO  ratis.MiniRaftCluster (MiniRaftCluster.java:lambda$null$5(297)) - TIMED-PRINT: printing ALL groups
  s0:  RUNNING    LEADER s0@group-A93A4FA934D4:t3, leader=s0, voted=s0, raftlog=s0@group-A93A4FA934D4-SegmentedRaftLog:OPENED:c4535,f4535,i4537, conf=0: [s0:0.0.0.0:41479, s1:0.0.0.0:42383, s2:0.0.0.0:43111], old=null RUNNING
  s1:  RUNNING  FOLLOWER s1@group-A93A4FA934D4:t3, leader=s0, voted=s0, raftlog=s1@group-A93A4FA934D4-SegmentedRaftLog:OPENED:c4533,f4535,i4536, conf=0: [s0:0.0.0.0:41479, s1:0.0.0.0:42383, s2:0.0.0.0:43111], old=null RUNNING
  s2:  RUNNING  FOLLOWER s2@group-A93A4FA934D4:t3, leader=s0, voted=s2, raftlog=s2@group-A93A4FA934D4-SegmentedRaftLog:OPENED:c4533,f4535,i4536, conf=0: [s0:0.0.0.0:41479, s1:0.0.0.0:42383, s2:0.0.0.0:43111], old=null RUNNING
2019-09-24 12:17:57,107 TRACE util.FileUtils (LogUtils.java:runAndLog(61)) - Successfully ran Files.delete /workdir/ratis-examples/target/test/data/8b9e8b0f/TestFileStoreWithNetty/filestore/s2/foo
2019-09-24 12:17:57,108 TRACE util.FileUtils (LogUtils.java:runAndLog(61)) - Successfully ran Files.delete /workdir/ratis-examples/target/test/data/8b9e8b0f/TestFileStoreWithNetty/filestore/s0/foo
2019-09-24 12:17:57,109 TRACE util.FileUtils (LogUtils.java:runAndLog(61)) - Successfully ran Files.delete /workdir/ratis-examples/target/test/data/8b9e8b0f/TestFileStoreWithNetty/filestore/s1/foo
2019-09-24 12:17:57,118 INFO  filestore.FileStoreBaseTest (FileStoreBaseTest.java:testMultipleFiles(97)) - runTestMultipleFile with pathPrefix=file, numFile=100, fileLength=1M (=1048576)
2019-09-24 12:17:57,164 INFO  logging.LoggingHandler (AbstractInternalLogger.java:log(150)) - [id: 0xe55ad1b4, L:/0.0.0.0:41479] READ: [id: 0x9a6170b0, L:/192.168.34.44:41479 - R:/192.168.34.44:40687]
2019-09-24 12:17:57,165 INFO  logging.LoggingHandler (AbstractInternalLogger.java:log(150)) - [id: 0xe55ad1b4, L:/0.0.0.0:41479] READ COMPLETE
2019-09-24 12:17:57,166 INFO  logging.LoggingHandler (AbstractInternalLogger.java:log(150)) - [id: 0xe55ad1b4, L:/0.0.0.0:41479] READ: [id: 0x72d7b193, L:/192.168.34.44:41479 - R:/192.168.34.44:40686]
2019-09-24 12:17:57,166 INFO  logging.LoggingHandler (AbstractInternalLogger.java:log(150)) - [id: 0xe55ad1b4, L:/0.0.0.0:41479] READ COMPLETE
2019-09-24 12:17:57,167 INFO  logging.LoggingHandler (AbstractInternalLogger.java:log(150)) - [id: 0xe55ad1b4, L:/0.0.0.0:41479] READ: [id: 0x37f3f468, L:/192.168.34.44:41479 - R:/192.168.34.44:40688]
2019-09-24 12:17:57,168 INFO  logging.LoggingHandler (AbstractInternalLogger.java:log(150)) - [id: 0xe55ad1b4, L:/0.0.0.0:41479] READ COMPLETE
2019-09-24 12:17:57,169 INFO  logging.LoggingHandler (AbstractInternalLogger.java:log(150)) - [id: 0xe55ad1b4, L:/0.0.0.0:41479] READ: [id: 0x1dc5e599, L:/192.168.34.44:41479 - R:/192.168.34.44:40696]
2019-09-24 12:17:57,169 TRACE util.FileUtils (LogUtils.java:supplyAndLog(82)) - Successfully supplied Files.newOutputStream CREATE_NEW /workdir/ratis-examples/target/test/data/8b9e8b0f/TestFileStoreWithNetty/filestore/s0/file14: java.nio.channels.Channels$1@65d35536
2019-09-24 12:17:57,169 INFO  logging.LoggingHandler (AbstractInternalLogger.java:log(150)) - [id: 0xe55ad1b4, L:/0.0.0.0:41479] READ COMPLETE
2019-09-24 12:17:57,171 INFO  logging.LoggingHandler (AbstractInternalLogger.java:log(150)) - [id: 0xe55ad1b4, L:/0.0.0.0:41479] READ: [id: 0x046c1fec, L:/192.168.34.44:41479 - R:/192.168.34.44:40694]
2019-09-24 12:17:57,171 TRACE util.FileUtils (LogUtils.java:supplyAndLog(82)) - Successfully supplied Files.newOutputStream CREATE_NEW /workdir/ratis-examples/target/test/data/8b9e8b0f/TestFileStoreWithNetty/filestore/s1/file14: java.nio.channels.Channels$1@21bf3839
2019-09-24 12:17:57,171 TRACE util.FileUtils (LogUtils.java:supplyAndLog(82)) - Successfully supplied Files.newOutputStream CREATE_NEW /workdir/ratis-examples/target/test/data/8b9e8b0f/TestFileStoreWithNetty/filestore/s2/file14: java.nio.channels.Channels$1@47ee94da
2019-09-24 12:17:57,171 INFO  logging.LoggingHandler (AbstractInternalLogger.java:log(150)) - [id: 0xe55ad1b4, L:/0.0.0.0:41479] READ COMPLETE
2019-09-24 12:17:57,173 INFO  logging.LoggingHandler (AbstractInternalLogger.java:log(150)) - [id: 0xe55ad1b4, L:/0.0.0.0:41479] READ: [id: 0x5b8cb8d5, L:/192.168.34.44:41479 - R:/192.168.34.44:40697]
2019-09-24 12:17:57,174 INFO  logging.LoggingHandler (AbstractInternalLogger.java:log(150)) - [id: 0xe55ad1b4, L:/0.0.0.0:41479] READ COMPLETE
2019-09-24 12:17:57,174 TRACE util.FileUtils (LogUtils.java:supplyAndLog(82)) - Successfully supplied Files.newOutputStream CREATE_NEW /workdir/ratis-examples/target/test/data/8b9e8b0f/TestFileStoreWithNetty/filestore/s0/file07: java.nio.channels.Channels$1@4fd67928
2019-09-24 12:17:57,174 INFO  logging.LoggingHandler (AbstractInternalLogger.java:log(150)) - [id: 0xe55ad1b4, L:/0.0.0.0:41479] READ: [id: 0x70e62089, L:/192.168.34.44:41479 - R:/192.168.34.44:40699]
2019-09-24 12:17:57,175 INFO  logging.LoggingHandler (AbstractInternalLogger.java:log(150)) - [id: 0xe55ad1b4, L:/0.0.0.0:41479] READ COMPLETE
2019-09-24 12:17:57,175 TRACE util.FileUtils (LogUtils.java:supplyAndLog(82)) - Successfully supplied Files.newOutputStream CREATE_NEW /workdir/ratis-examples/target/test/data/8b9e8b0f/TestFileStoreWithNetty/filestore/s0/file01: java.nio.channels.Channels$1@6520dba4
2019-09-24 12:17:57,175 INFO  logging.LoggingHandler (AbstractInternalLogger.java:log(150)) - [id: 0xe55ad1b4, L:/0.0.0.0:41479] READ: [id: 0x6895aabe, L:/192.168.34.44:41479 - R:/192.168.34.44:40701]
2019-09-24 12:17:57,176 INFO  logging.LoggingHandler (AbstractInternalLogger.java:log(150)) - [id: 0xe55ad1b4, L:/0.0.0.0:41479] READ COMPLETE
2019-09-24 12:17:57,176 INFO  logging.LoggingHandler (AbstractInternalLogger.java:log(150)) - [id: 0xe55ad1b4, L:/0.0.0.0:41479] READ: [id: 0xae245a3a, L:/192.168.34.44:41479 - R:/192.168.34.44:40698]
2019-09-24 12:17:57,177 INFO  logging.LoggingHandler (AbstractInternalLogger.java:log(150)) - [id: 0xe55ad1b4, L:/0.0.0.0:41479] READ COMPLETE
2019-09-24 12:17:57,177 INFO  logging.LoggingHandler (AbstractInternalLogger.java:log(150)) - [id: 0xe55ad1b4, L:/0.0.0.0:41479] READ: [id: 0xc494d4de, L:/192.168.34.44:41479 - R:/192.168.34.44:40695]
2019-09-24 12:17:57,177 TRACE util.FileUtils (LogUtils.java:supplyAndLog(82)) - Successfully supplied Files.newOutputStream CREATE_NEW /workdir/ratis-examples/target/test/data/8b9e8b0f/TestFileStoreWithNetty/filestore/s0/file08: java.nio.channels.Channels$1@265d9704
2019-09-24 12:17:57,177 INFO  logging.LoggingHandler (AbstractInternalLogger.java:log(150)) - [id: 0xe55ad1b4, L:/0.0.0.0:41479] READ COMPLETE
2019-09-24 12:17:57,178 INFO  logging.LoggingHandler (AbstractInternalLogger.java:log(150)) - [id: 0xe55ad1b4, L:/0.0.0.0:41479] READ: [id: 0xbcc5ca14, L:/192.168.34.44:41479 - R:/192.168.34.44:40700]
2019-09-24 12:17:57,178 INFO  logging.LoggingHandler (AbstractInternalLogger.java:log(150)) - [id: 0xe55ad1b4, L:/0.0.0.0:41479] READ COMPLETE
2019-09-24 12:17:57,179 INFO  logging.LoggingHandler (AbstractInternalLogger.java:log(150)) - [id: 0xe55ad1b4, L:/0.0.0.0:41479] READ: [id: 0xff2ff987, L:/192.168.34.44:41479 - R:/192.168.34.44:40703]
2019-09-24 12:17:57,179 INFO  logging.LoggingHandler (AbstractInternalLogger.java:log(150)) - [id: 0xe55ad1b4, L:/0.0.0.0:41479] READ COMPLETE
2019-09-24 12:17:57,179 INFO  logging.LoggingHandler (AbstractInternalLogger.java:log(150)) - [id: 0xe55ad1b4, L:/0.0.0.0:41479] READ: [id: 0x7297ba30, L:/192.168.34.44:41479 - R:/192.168.34.44:40702]
2019-09-24 12:17:57,180 INFO  logging.LoggingHandler (AbstractInternalLogger.java:log(150)) - [id: 0xe55ad1b4, L:/0.0.0.0:41479] READ COMPLETE
2019-09-24 12:17:57,181 INFO  logging.LoggingHandler (AbstractInternalLogger.java:log(150)) - [id: 0xe55ad1b4, L:/0.0.0.0:41479] READ: [id: 0x6c761653, L:/192.168.34.44:41479 - R:/192.168.34.44:40744]
2019-09-24 12:17:57,181 TRACE util.FileUtils (LogUtils.java:supplyAndLog(82)) - Successfully supplied Files.newOutputStream CREATE_NEW /workdir/ratis-examples/target/test/data/8b9e8b0f/TestFileStoreWithNetty/filestore/s2/file01: java.nio.channels.Channels$1@20e87121
2019-09-24 12:17:57,181 TRACE util.FileUtils (LogUtils.java:supplyAndLog(82)) - Successfully supplied Files.newOutputStream CREATE_NEW /workdir/ratis-examples/target/test/data/8b9e8b0f/TestFileStoreWithNetty/filestore/s2/file07: java.nio.channels.Channels$1@28353e7f
2019-09-24 12:17:57,181 TRACE util.FileUtils (LogUtils.java:supplyAndLog(82)) - Successfully supplied Files.newOutputStream CREATE_NEW /workdir/ratis-examples/target/test/data/8b9e8b0f/TestFileStoreWithNetty/filestore/s1/file08: java.nio.channels.Channels$1@93efd37
2019-09-24 12:17:57,181 TRACE util.FileUtils (LogUtils.java:supplyAndLog(82)) - Successfully supplied Files.newOutputStream CREATE_NEW /workdir/ratis-examples/target/test/data/8b9e8b0f/TestFileStoreWithNetty/filestore/s1/file01: java.nio.channels.Channels$1@399167f0
2019-09-24 12:17:57,180 TRACE util.FileUtils (LogUtils.java:supplyAndLog(82)) - Successfully supplied Files.newOutputStream CREATE_NEW /workdir/ratis-examples/target/test/data/8b9e8b0f/TestFileStoreWithNetty/filestore/s1/file07: java.nio.channels.Channels$1@132c98b6
2019-09-24 12:17:57,182 TRACE util.FileUtils (LogUtils.java:supplyAndLog(82)) - Successfully supplied Files.newOutputStream CREATE_NEW /workdir/ratis-examples/target/test/data/8b9e8b0f/TestFileStoreWithNetty/filestore/s0/file11: java.nio.channels.Channels$1@6c829353
2019-09-24 12:17:57,182 TRACE util.FileUtils (LogUtils.java:supplyAndLog(82)) - Successfully supplied Files.newOutputStream CREATE_NEW /workdir/ratis-examples/target/test/data/8b9e8b0f/TestFileStoreWithNetty/filestore/s2/file08: java.nio.channels.Channels$1@4488a14c
2019-09-24 12:17:57,181 INFO  logging.LoggingHandler (AbstractInternalLogger.java:log(150)) - [id: 0xe55ad1b4, L:/0.0.0.0:41479] READ COMPLETE
2019-09-24 12:17:57,188 TRACE util.FileUtils (LogUtils.java:supplyAndLog(82)) - Successfully supplied Files.newOutputStream CREATE_NEW /workdir/ratis-examples/target/test/data/8b9e8b0f/TestFileStoreWithNetty/filestore/s2/file11: java.nio.channels.Channels$1@e2e2465
2019-09-24 12:17:57,187 TRACE util.FileUtils (LogUtils.java:supplyAndLog(82)) - Successfully supplied Files.newOutputStream CREATE_NEW /workdir/ratis-examples/target/test/data/8b9e8b0f/TestFileStoreWithNetty/filestore/s1/file11: java.nio.channels.Channels$1@478ca953
2019-09-24 12:17:57,189 TRACE util.FileUtils (LogUtils.java:supplyAndLog(82)) - Successfully supplied Files.newOutputStream CREATE_NEW /workdir/ratis-examples/target/test/data/8b9e8b0f/TestFileStoreWithNetty/filestore/s0/file06: java.nio.channels.Channels$1@80f00ef
2019-09-24 12:17:57,189 INFO  logging.LoggingHandler (AbstractInternalLogger.java:log(150)) - [id: 0xe55ad1b4, L:/0.0.0.0:41479] READ: [id: 0x3cc5de60, L:/192.168.34.44:41479 - R:/192.168.34.44:40746]
2019-09-24 12:17:57,192 INFO  logging.LoggingHandler (AbstractInternalLogger.java:log(150)) - [id: 0xe55ad1b4, L:/0.0.0.0:41479] READ COMPLETE
2019-09-24 12:17:57,192 TRACE util.FileUtils (LogUtils.java:supplyAndLog(82)) - Successfully supplied Files.newOutputStream CREATE_NEW /workdir/ratis-examples/target/test/data/8b9e8b0f/TestFileStoreWithNetty/filestore/s0/file00: java.nio.channels.Channels$1@1c1d65f6
2019-09-24 12:17:57,193 INFO  logging.LoggingHandler (AbstractInternalLogger.java:log(150)) - [id: 0xe55ad1b4, L:/0.0.0.0:41479] READ: [id: 0xc6fdcb36, L:/192.168.34.44:41479 - R:/192.168.34.44:40748]
2019-09-24 12:17:57,194 TRACE util.FileUtils (LogUtils.java:supplyAndLog(82)) - Successfully supplied Files.newOutputStream CREATE_NEW /workdir/ratis-examples/target/test/data/8b9e8b0f/TestFileStoreWithNetty/filestore/s2/file06: java.nio.channels.Channels$1@1b89294c
2019-09-24 12:17:57,195 TRACE util.FileUtils (LogUtils.java:supplyAndLog(82)) - Successfully supplied Files.newOutputStream CREATE_NEW /workdir/ratis-examples/target/test/data/8b9e8b0f/TestFileStoreWithNetty/filestore/s1/file00: java.nio.channels.Channels$1@77f3cd6c
2019-09-24 12:17:57,195 TRACE util.FileUtils (LogUtils.java:supplyAndLog(82)) - Successfully supplied Files.newOutputStream CREATE_NEW /workdir/ratis-examples/target/test/data/8b9e8b0f/TestFileStoreWithNetty/filestore/s0/file16: java.nio.channels.Channels$1@b3933a6
2019-09-24 12:17:57,195 TRACE util.FileUtils (LogUtils.java:supplyAndLog(82)) - Successfully supplied Files.newOutputStream CREATE_NEW /workdir/ratis-examples/target/test/data/8b9e8b0f/TestFileStoreWithNetty/filestore/s1/file06: java.nio.channels.Channels$1@6f084910
2019-09-24 12:17:57,195 INFO  logging.LoggingHandler (AbstractInternalLogger.java:log(150)) - [id: 0xe55ad1b4, L:/0.0.0.0:41479] READ COMPLETE
2019-09-24 12:17:57,199 INFO  logging.LoggingHandler (AbstractInternalLogger.java:log(150)) - [id: 0xe55ad1b4, L:/0.0.0.0:41479] READ: [id: 0x867db831, L:/192.168.34.44:41479 - R:/192.168.34.44:40750]
2019-09-24 12:17:57,200 INFO  logging.LoggingHandler (AbstractInternalLogger.java:log(150)) - [id: 0xe55ad1b4, L:/0.0.0.0:41479] READ COMPLETE
2019-09-24 12:17:57,203 TRACE util.FileUtils (LogUtils.java:supplyAndLog(82)) - Successfully supplied Files.newOutputStream CREATE_NEW /workdir/ratis-examples/target/test/data/8b9e8b0f/TestFileStoreWithNetty/filestore/s2/file00: java.nio.channels.Channels$1@267b915b
2019-09-24 12:17:57,203 TRACE util.FileUtils (LogUtils.java:supplyAndLog(82)) - Successfully supplied Files.newOutputStream CREATE_NEW /workdir/ratis-examples/target/test/data/8b9e8b0f/TestFileStoreWithNetty/filestore/s0/file04: java.nio.channels.Channels$1@56da3ba7
2019-09-24 12:17:57,203 INFO  logging.LoggingHandler (AbstractInternalLogger.java:log(150)) - [id: 0xe55ad1b4, L:/0.0.0.0:41479] READ: [id: 0xf11d0282, L:/192.168.34.44:41479 - R:/192.168.34.44:40752]
2019-09-24 12:17:57,203 TRACE util.FileUtils (LogUtils.java:supplyAndLog(82)) - Successfully supplied Files.newOutputStream CREATE_NEW /workdir/ratis-examples/target/test/data/8b9e8b0f/TestFileStoreWithNetty/filestore/s2/file16: java.nio.channels.Channels$1@a9da06a
2019-09-24 12:17:57,203 TRACE util.FileUtils (LogUtils.java:supplyAndLog(82)) - Successfully supplied Files.newOutputStream CREATE_NEW /workdir/ratis-examples/target/test/data/8b9e8b0f/TestFileStoreWithNetty/filestore/s1/file16: java.nio.channels.Channels$1@740bf0f7
2019-09-24 12:17:57,200 TRACE util.FileUtils (LogUtils.java:supplyAndLog(82)) - Successfully supplied Files.newOutputStream CREATE_NEW /workdir/ratis-examples/target/test/data/8b9e8b0f/TestFileStoreWithNetty/filestore/s0/file03: java.nio.channels.Channels$1@138ef471
2019-09-24 12:17:57,204 INFO  logging.LoggingHandler (AbstractInternalLogger.java:log(150)) - [id: 0xe55ad1b4, L:/0.0.0.0:41479] READ COMPLETE
2019-09-24 12:17:57,206 INFO  logging.LoggingHandler (AbstractInternalLogger.java:log(150)) - [id: 0xe55ad1b4, L:/0.0.0.0:41479] READ: [id: 0x0b9ef549, L:/192.168.34.44:41479 - R:/192.168.34.44:40754]
2019-09-24 12:17:57,207 INFO  logging.LoggingHandler (AbstractInternalLogger.java:log(150)) - [id: 0xe55ad1b4, L:/0.0.0.0:41479] READ COMPLETE
2019-09-24 12:17:57,209 TRACE util.FileUtils (LogUtils.java:supplyAndLog(82)) - Successfully supplied Files.newOutputStream CREATE_NEW /workdir/ratis-examples/target/test/data/8b9e8b0f/TestFileStoreWithNetty/filestore/s0/file09: java.nio.channels.Channels$1@41118ea2
2019-09-24 12:17:57,209 TRACE util.FileUtils (LogUtils.java:supplyAndLog(82)) - Successfully supplied Files.newOutputStream CREATE_NEW /workdir/ratis-examples/target/test/data/8b9e8b0f/TestFileStoreWithNetty/filestore/s2/file03: java.nio.channels.Channels$1@183b863
2019-09-24 12:17:57,209 TRACE util.FileUtils (LogUtils.java:supplyAndLog(82)) - Successfully supplied Files.newOutputStream CREATE_NEW /workdir/ratis-examples/target/test/data/8b9e8b0f/TestFileStoreWithNetty/filestore/s2/file04: java.nio.channels.Channels$1@43d108ff
2019-09-24 12:17:57,209 INFO  logging.LoggingHandler (AbstractInternalLogger.java:log(150)) - [id: 0xe55ad1b4, L:/0.0.0.0:41479] READ: [id: 0xcca755de, L:/192.168.34.44:41479 - R:/192.168.34.44:40756]
2019-09-24 12:17:57,212 INFO  logging.LoggingHandler (AbstractInternalLogger.java:log(150)) - [id: 0xe55ad1b4, L:/0.0.0.0:41479] READ COMPLETE
2019-09-24 12:17:57,214 TRACE util.FileUtils (LogUtils.java:supplyAndLog(82)) - Successfully supplied Files.newOutputStream CREATE_NEW /workdir/ratis-examples/target/test/data/8b9e8b0f/TestFileStoreWithNetty/filestore/s2/file09: java.nio.channels.Channels$1@2e2f9b4c
2019-09-24 12:17:57,215 TRACE util.FileUtils (LogUtils.java:supplyAndLog(82)) - Successfully supplied Files.newOutputStream CREATE_NEW /workdir/ratis-examples/target/test/data/8b9e8b0f/TestFileStoreWithNetty/filestore/s0/file02: java.nio.channels.Channels$1@289a6dbf
2019-09-24 12:17:57,215 TRACE util.FileUtils (LogUtils.java:supplyAndLog(82)) - Successfully supplied Files.newOutputStream CREATE_NEW /workdir/ratis-examples/target/test/data/8b9e8b0f/TestFileStoreWithNetty/filestore/s1/file03: java.nio.channels.Channels$1@c29332
2019-09-24 12:17:57,218 TRACE util.FileUtils (LogUtils.java:supplyAndLog(82)) - Successfully supplied Files.newOutputStream CREATE_NEW /workdir/ratis-examples/target/test/data/8b9e8b0f/TestFileStoreWithNetty/filestore/s1/file09: java.nio.channels.Channels$1@7f91260
2019-09-24 12:17:57,217 TRACE util.FileUtils (LogUtils.java:supplyAndLog(82)) - Successfully supplied Files.newOutputStream CREATE_NEW /workdir/ratis-examples/target/test/data/8b9e8b0f/TestFileStoreWithNetty/filestore/s1/file04: java.nio.channels.Channels$1@2580a8d6
2019-09-24 12:17:57,222 TRACE util.FileUtils (LogUtils.java:supplyAndLog(82)) - Successfully supplied Files.newOutputStream CREATE_NEW /workdir/ratis-examples/target/test/data/8b9e8b0f/TestFileStoreWithNetty/filestore/s2/file02: java.nio.channels.Channels$1@4a4f47ad
2019-09-24 12:17:57,224 TRACE util.FileUtils (LogUtils.java:supplyAndLog(82)) - Successfully supplied Files.newOutputStream CREATE_NEW /workdir/ratis-examples/target/test/data/8b9e8b0f/TestFileStoreWithNetty/filestore/s0/file05: java.nio.channels.Channels$1@12da8805
2019-09-24 12:17:57,228 TRACE util.FileUtils (LogUtils.java:supplyAndLog(82)) - Successfully supplied Files.newOutputStream CREATE_NEW /workdir/ratis-examples/target/test/data/8b9e8b0f/TestFileStoreWithNetty/filestore/s1/file02: java.nio.channels.Channels$1@1deb74a3
2019-09-24 12:17:57,231 TRACE util.FileUtils (LogUtils.java:supplyAndLog(82)) - Successfully supplied Files.newOutputStream CREATE_NEW /workdir/ratis-examples/target/test/data/8b9e8b0f/TestFileStoreWithNetty/filestore/s2/file05: java.nio.channels.Channels$1@4d074421
2019-09-24 12:17:57,234 TRACE util.FileUtils (LogUtils.java:supplyAndLog(82)) - Successfully supplied Files.newOutputStream CREATE_NEW /workdir/ratis-examples/target/test/data/8b9e8b0f/TestFileStoreWithNetty/filestore/s0/file18: java.nio.channels.Channels$1@7f21ffc6
2019-09-24 12:17:57,234 TRACE util.FileUtils (LogUtils.java:supplyAndLog(82)) - Successfully supplied Files.newOutputStream CREATE_NEW /workdir/ratis-examples/target/test/data/8b9e8b0f/TestFileStoreWithNetty/filestore/s1/file05: java.nio.channels.Channels$1@61cfba81
2019-09-24 12:17:57,240 TRACE util.FileUtils (LogUtils.java:supplyAndLog(82)) - Successfully supplied Files.newOutputStream CREATE_NEW /workdir/ratis-examples/target/test/data/8b9e8b0f/TestFileStoreWithNetty/filestore/s2/file18: java.nio.channels.Channels$1@f444623
2019-09-24 12:17:57,243 TRACE util.FileUtils (LogUtils.java:supplyAndLog(82)) - Successfully supplied Files.newOutputStream CREATE_NEW /workdir/ratis-examples/target/test/data/8b9e8b0f/TestFileStoreWithNetty/filestore/s1/file18: java.nio.channels.Channels$1@37569eb2
2019-09-24 12:17:57,242 TRACE util.FileUtils (LogUtils.java:supplyAndLog(82)) - Successfully supplied Files.newOutputStream CREATE_NEW /workdir/ratis-examples/target/test/data/8b9e8b0f/TestFileStoreWithNetty/filestore/s0/file12: java.nio.channels.Channels$1@6be72970
2019-09-24 12:17:57,247 TRACE util.FileUtils (LogUtils.java:supplyAndLog(82)) - Successfully supplied Files.newOutputStream CREATE_NEW /workdir/ratis-examples/target/test/data/8b9e8b0f/TestFileStoreWithNetty/filestore/s2/file12: java.nio.channels.Channels$1@2a101a51
2019-09-24 12:17:57,247 TRACE util.FileUtils (LogUtils.java:supplyAndLog(82)) - Successfully supplied Files.newOutputStream CREATE_NEW /workdir/ratis-examples/target/test/data/8b9e8b0f/TestFileStoreWithNetty/filestore/s0/file17: java.nio.channels.Channels$1@624570b3
2019-09-24 12:17:57,252 TRACE util.FileUtils (LogUtils.java:supplyAndLog(82)) - Successfully supplied Files.newOutputStream CREATE_NEW /workdir/ratis-examples/target/test/data/8b9e8b0f/TestFileStoreWithNetty/filestore/s1/file12: java.nio.channels.Channels$1@60823202
2019-09-24 12:17:57,252 TRACE util.FileUtils (LogUtils.java:supplyAndLog(82)) - Successfully supplied Files.newOutputStream CREATE_NEW /workdir/ratis-examples/target/test/data/8b9e8b0f/TestFileStoreWithNetty/filestore/s1/file17: java.nio.channels.Channels$1@494b5fd2
2019-09-24 12:17:57,253 TRACE util.FileUtils (LogUtils.java:supplyAndLog(82)) - Successfully supplied Files.newOutputStream CREATE_NEW /workdir/ratis-examples/target/test/data/8b9e8b0f/TestFileStoreWithNetty/filestore/s2/file17: java.nio.channels.Channels$1@e9cbd0
2019-09-24 12:17:57,253 TRACE util.FileUtils (LogUtils.java:supplyAndLog(82)) - Successfully supplied Files.newOutputStream CREATE_NEW /workdir/ratis-examples/target/test/data/8b9e8b0f/TestFileStoreWithNetty/filestore/s0/file15: java.nio.channels.Channels$1@16e50e86
2019-09-24 12:17:57,257 TRACE util.FileUtils (LogUtils.java:supplyAndLog(82)) - Successfully supplied Files.newOutputStream CREATE_NEW /workdir/ratis-examples/target/test/data/8b9e8b0f/TestFileStoreWithNetty/filestore/s2/file15: java.nio.channels.Channels$1@43c0b3f1
2019-09-24 12:17:57,258 TRACE util.FileUtils (LogUtils.java:supplyAndLog(82)) - Successfully supplied Files.newOutputStream CREATE_NEW /workdir/ratis-examples/target/test/data/8b9e8b0f/TestFileStoreWithNetty/filestore/s1/file15: java.nio.channels.Channels$1@19d4f3c6
2019-09-24 12:17:57,262 TRACE util.FileUtils (LogUtils.java:supplyAndLog(82)) - Successfully supplied Files.newOutputStream CREATE_NEW /workdir/ratis-examples/target/test/data/8b9e8b0f/TestFileStoreWithNetty/filestore/s0/file10: java.nio.channels.Channels$1@1e18d044
2019-09-24 12:17:57,263 TRACE util.FileUtils (LogUtils.java:supplyAndLog(82)) - Successfully supplied Files.newOutputStream CREATE_NEW /workdir/ratis-examples/target/test/data/8b9e8b0f/TestFileStoreWithNetty/filestore/s1/file10: java.nio.channels.Channels$1@e057d5a
2019-09-24 12:17:57,264 TRACE util.FileUtils (LogUtils.java:supplyAndLog(82)) - Successfully supplied Files.newOutputStream CREATE_NEW /workdir/ratis-examples/target/test/data/8b9e8b0f/TestFileStoreWithNetty/filestore/s2/file10: java.nio.channels.Channels$1@b7bd313
2019-09-24 12:17:57,264 TRACE util.FileUtils (LogUtils.java:supplyAndLog(82)) - Successfully supplied Files.newOutputStream CREATE_NEW /workdir/ratis-examples/target/test/data/8b9e8b0f/TestFileStoreWithNetty/filestore/s0/file19: java.nio.channels.Channels$1@452e1258
2019-09-24 12:17:57,266 TRACE util.FileUtils (LogUtils.java:supplyAndLog(82)) - Successfully supplied Files.newOutputStream CREATE_NEW /workdir/ratis-examples/target/test/data/8b9e8b0f/TestFileStoreWithNetty/filestore/s1/file19: java.nio.channels.Channels$1@3c69647
2019-09-24 12:17:57,266 TRACE util.FileUtils (LogUtils.java:supplyAndLog(82)) - Successfully supplied Files.newOutputStream CREATE_NEW /workdir/ratis-examples/target/test/data/8b9e8b0f/TestFileStoreWithNetty/filestore/s2/file19: java.nio.channels.Channels$1@26f2d509
2019-09-24 12:17:57,273 TRACE util.FileUtils (LogUtils.java:supplyAndLog(82)) - Successfully supplied Files.newOutputStream CREATE_NEW /workdir/ratis-examples/target/test/data/8b9e8b0f/TestFileStoreWithNetty/filestore/s0/file13: java.nio.channels.Channels$1@6c8ff9e
2019-09-24 12:17:57,274 TRACE util.FileUtils (LogUtils.java:supplyAndLog(82)) - Successfully supplied Files.newOutputStream CREATE_NEW /workdir/ratis-examples/target/test/data/8b9e8b0f/TestFileStoreWithNetty/filestore/s2/file13: java.nio.channels.Channels$1@154ec44d
2019-09-24 12:17:57,277 TRACE util.FileUtils (LogUtils.java:supplyAndLog(82)) - Successfully supplied Files.newOutputStream CREATE_NEW /workdir/ratis-examples/target/test/data/8b9e8b0f/TestFileStoreWithNetty/filestore/s1/file13: java.nio.channels.Channels$1@7acc1006
2019-09-24 12:18:01,679 INFO  ratis.MiniRaftCluster (MiniRaftCluster.java:lambda$null$5(297)) - TIMED-PRINT: printing ALL groups
  s0:  RUNNING    LEADER s0@group-A93A4FA934D4:t3, leader=s0, voted=s0, raftlog=s0@group-A93A4FA934D4-SegmentedRaftLog:OPENED:c6757,f6757,i6762, conf=0: [s0:0.0.0.0:41479, s1:0.0.0.0:42383, s2:0.0.0.0:43111], old=null RUNNING
  s1:  RUNNING  FOLLOWER s1@group-A93A4FA934D4:t3, leader=s0, voted=s0, raftlog=s1@group-A93A4FA934D4-SegmentedRaftLog:OPENED:c6753,f6757,i6762, conf=0: [s0:0.0.0.0:41479, s1:0.0.0.0:42383, s2:0.0.0.0:43111], old=null RUNNING
  s2:  RUNNING  FOLLOWER s2@group-A93A4FA934D4:t3, leader=s0, voted=s2, raftlog=s2@group-A93A4FA934D4-SegmentedRaftLog:OPENED:c6752,f6757,i6758, conf=0: [s0:0.0.0.0:41479, s1:0.0.0.0:42383, s2:0.0.0.0:43111], old=null RUNNING
2019-09-24 12:18:11,679 INFO  ratis.MiniRaftCluster (MiniRaftCluster.java:lambda$null$5(297)) - TIMED-PRINT: printing ALL groups
  s0:  RUNNING    LEADER s0@group-A93A4FA934D4:t3, leader=s0, voted=s0, raftlog=s0@group-A93A4FA934D4-SegmentedRaftLog:OPENED:c10460,f10460,i10464, conf=0: [s0:0.0.0.0:41479, s1:0.0.0.0:42383, s2:0.0.0.0:43111], old=null RUNNING
  s1:  RUNNING  FOLLOWER s1@group-A93A4FA934D4:t3, leader=s0, voted=s0, raftlog=s1@group-A93A4FA934D4-SegmentedRaftLog:OPENED:c10456,f10460,i10462, conf=0: [s0:0.0.0.0:41479, s1:0.0.0.0:42383, s2:0.0.0.0:43111], old=null RUNNING
  s2:  RUNNING  FOLLOWER s2@group-A93A4FA934D4:t3, leader=s0, voted=s2, raftlog=s2@group-A93A4FA934D4-SegmentedRaftLog:OPENED:c10450,f10457,i10459, conf=0: [s0:0.0.0.0:41479, s1:0.0.0.0:42383, s2:0.0.0.0:43111], old=null RUNNING
2019-09-24 12:18:12,607 INFO  logging.LoggingHandler (AbstractInternalLogger.java:log(150)) - [id: 0xe55ad1b4, L:/0.0.0.0:41479] READ: [id: 0x143c2433, L:/192.168.34.44:41479 - R:/192.168.34.44:40828]
2019-09-24 12:18:12,609 INFO  logging.LoggingHandler (AbstractInternalLogger.java:log(150)) - [id: 0xe55ad1b4, L:/0.0.0.0:41479] READ COMPLETE
2019-09-24 12:18:12,612 INFO  logging.LoggingHandler (AbstractInternalLogger.java:log(150)) - [id: 0xe55ad1b4, L:/0.0.0.0:41479] READ: [id: 0xbc60b978, L:/192.168.34.44:41479 - R:/192.168.34.44:40830]
2019-09-24 12:18:12,612 INFO  logging.LoggingHandler (AbstractInternalLogger.java:log(150)) - [id: 0xe55ad1b4, L:/0.0.0.0:41479] READ COMPLETE
2019-09-24 12:18:12,613 INFO  logging.LoggingHandler (AbstractInternalLogger.java:log(150)) - [id: 0xe55ad1b4, L:/0.0.0.0:41479] READ: [id: 0x9b09c450, L:/192.168.34.44:41479 - R:/192.168.34.44:40832]
2019-09-24 12:18:12,613 INFO  logging.LoggingHandler (AbstractInternalLogger.java:log(150)) - [id: 0xe55ad1b4, L:/0.0.0.0:41479] READ COMPLETE
2019-09-24 12:18:12,615 INFO  logging.LoggingHandler (AbstractInternalLogger.java:log(150)) - [id: 0xe55ad1b4, L:/0.0.0.0:41479] READ: [id: 0xefbb44e5, L:/192.168.34.44:41479 - R:/192.168.34.44:40834]
2019-09-24 12:18:12,615 INFO  logging.LoggingHandler (AbstractInternalLogger.java:log(150)) - [id: 0xe55ad1b4, L:/0.0.0.0:41479] READ COMPLETE
2019-09-24 12:18:12,630 INFO  logging.LoggingHandler (AbstractInternalLogger.java:log(150)) - [id: 0xe55ad1b4, L:/0.0.0.0:41479] READ: [id: 0xdbd90d28, L:/192.168.34.44:41479 - R:/192.168.34.44:40836]
2019-09-24 12:18:12,630 INFO  logging.LoggingHandler (AbstractInternalLogger.java:log(150)) - [id: 0xe55ad1b4, L:/0.0.0.0:41479] READ COMPLETE
2019-09-24 12:18:12,637 INFO  logging.LoggingHandler (AbstractInternalLogger.java:log(150)) - [id: 0xe55ad1b4, L:/0.0.0.0:41479] READ: [id: 0x798be528, L:/192.168.34.44:41479 - R:/192.168.34.44:40838]
2019-09-24 12:18:12,637 INFO  logging.LoggingHandler (AbstractInternalLogger.java:log(150)) - [id: 0xe55ad1b4, L:/0.0.0.0:41479] READ COMPLETE
2019-09-24 12:18:12,649 TRACE util.FileUtils (LogUtils.java:supplyAndLog(82)) - Successfully supplied Files.newOutputStream CREATE_NEW /workdir/ratis-examples/target/test/data/8b9e8b0f/TestFileStoreWithNetty/filestore/s0/file21: java.nio.channels.Channels$1@2f76b9f
2019-09-24 12:18:12,650 INFO  logging.LoggingHandler (AbstractInternalLogger.java:log(150)) - [id: 0xe55ad1b4, L:/0.0.0.0:41479] READ: [id: 0x8d5f5e2d, L:/192.168.34.44:41479 - R:/192.168.34.44:40840]
2019-09-24 12:18:12,650 INFO  logging.LoggingHandler (AbstractInternalLogger.java:log(150)) - [id: 0xe55ad1b4, L:/0.0.0.0:41479] READ COMPLETE
2019-09-24 12:18:12,658 TRACE util.FileUtils (LogUtils.java:supplyAndLog(82)) - Successfully supplied Files.newOutputStream CREATE_NEW /workdir/ratis-examples/target/test/data/8b9e8b0f/TestFileStoreWithNetty/filestore/s2/file21: java.nio.channels.Channels$1@4e70ca3c
2019-09-24 12:18:12,664 TRACE util.FileUtils (LogUtils.java:supplyAndLog(82)) - Successfully supplied Files.newOutputStream CREATE_NEW /workdir/ratis-examples/target/test/data/8b9e8b0f/TestFileStoreWithNetty/filestore/s1/file21: java.nio.channels.Channels$1@65f02260
2019-09-24 12:18:12,664 TRACE util.FileUtils (LogUtils.java:supplyAndLog(82)) - Successfully supplied Files.newOutputStream CREATE_NEW /workdir/ratis-examples/target/test/data/8b9e8b0f/TestFileStoreWithNetty/filestore/s0/file22: java.nio.channels.Channels$1@1d490870
2019-09-24 12:18:12,664 TRACE util.FileUtils (LogUtils.java:supplyAndLog(82)) - Successfully supplied Files.newOutputStream CREATE_NEW /workdir/ratis-examples/target/test/data/8b9e8b0f/TestFileStoreWithNetty/filestore/s2/file22: java.nio.channels.Channels$1@45a4f49
2019-09-24 12:18:12,667 TRACE util.FileUtils (LogUtils.java:supplyAndLog(82)) - Successfully supplied Files.newOutputStream CREATE_NEW /workdir/ratis-examples/target/test/data/8b9e8b0f/TestFileStoreWithNetty/filestore/s1/file22: java.nio.channels.Channels$1@90eb847
2019-09-24 12:18:12,668 INFO  logging.LoggingHandler (AbstractInternalLogger.java:log(150)) - [id: 0xe55ad1b4, L:/0.0.0.0:41479] READ: [id: 0x59101a4b, L:/192.168.34.44:41479 - R:/192.168.34.44:40842]
2019-09-24 12:18:12,669 INFO  logging.LoggingHandler (AbstractInternalLogger.java:log(150)) - [id: 0xe55ad1b4, L:/0.0.0.0:41479] READ COMPLETE
2019-09-24 12:18:12,678 INFO  logging.LoggingHandler (AbstractInternalLogger.java:log(150)) - [id: 0xe55ad1b4, L:/0.0.0.0:41479] READ: [id: 0x7a1c8e34, L:/192.168.34.44:41479 - R:/192.168.34.44:40844]
2019-09-24 12:18:12,678 INFO  logging.LoggingHandler (AbstractInternalLogger.java:log(150)) - [id: 0xe55ad1b4, L:/0.0.0.0:41479] READ COMPLETE
2019-09-24 12:18:12,679 INFO  logging.LoggingHandler (AbstractInternalLogger.java:log(150)) - [id: 0xe55ad1b4, L:/0.0.0.0:41479] READ: [id: 0xbcae73be, L:/192.168.34.44:41479 - R:/192.168.34.44:40846]
2019-09-24 12:18:12,679 INFO  logging.LoggingHandler (AbstractInternalLogger.java:log(150)) - [id: 0xe55ad1b4, L:/0.0.0.0:41479] READ COMPLETE
2019-09-24 12:18:12,719 TRACE util.FileUtils (LogUtils.java:supplyAndLog(82)) - Successfully supplied Files.newOutputStream CREATE_NEW /workdir/ratis-examples/target/test/data/8b9e8b0f/TestFileStoreWithNetty/filestore/s0/file26: java.nio.channels.Channels$1@47f5f5a5
2019-09-24 12:18:12,721 TRACE util.FileUtils (LogUtils.java:supplyAndLog(82)) - Successfully supplied Files.newOutputStream CREATE_NEW /workdir/ratis-examples/target/test/data/8b9e8b0f/TestFileStoreWithNetty/filestore/s2/file26: java.nio.channels.Channels$1@b724d96
2019-09-24 12:18:12,723 INFO  logging.LoggingHandler (AbstractInternalLogger.java:log(150)) - [id: 0xe55ad1b4, L:/0.0.0.0:41479] READ: [id: 0xef91b746, L:/192.168.34.44:41479 - R:/192.168.34.44:40848]
2019-09-24 12:18:12,724 INFO  logging.LoggingHandler (AbstractInternalLogger.java:log(150)) - [id: 0xe55ad1b4, L:/0.0.0.0:41479] READ COMPLETE
2019-09-24 12:18:12,724 INFO  logging.LoggingHandler (AbstractInternalLogger.java:log(150)) - [id: 0xe55ad1b4, L:/0.0.0.0:41479] READ: [id: 0x8a318328, L:/192.168.34.44:41479 - R:/192.168.34.44:40850]
2019-09-24 12:18:12,724 INFO  logging.LoggingHandler (AbstractInternalLogger.java:log(150)) - [id: 0xe55ad1b4, L:/0.0.0.0:41479] READ COMPLETE
2019-09-24 12:18:12,734 TRACE util.FileUtils (LogUtils.java:supplyAndLog(82)) - Successfully supplied Files.newOutputStream CREATE_NEW /workdir/ratis-examples/target/test/data/8b9e8b0f/TestFileStoreWithNetty/filestore/s1/file26: java.nio.channels.Channels$1@20f2b0ba
2019-09-24 12:18:12,734 TRACE util.FileUtils (LogUtils.java:supplyAndLog(82)) - Successfully supplied Files.newOutputStream CREATE_NEW /workdir/ratis-examples/target/test/data/8b9e8b0f/TestFileStoreWithNetty/filestore/s0/file20: java.nio.channels.Channels$1@53e7823e
2019-09-24 12:18:12,735 TRACE util.FileUtils (LogUtils.java:supplyAndLog(82)) - Successfully supplied Files.newOutputStream CREATE_NEW /workdir/ratis-examples/target/test/data/8b9e8b0f/TestFileStoreWithNetty/filestore/s2/file20: java.nio.channels.Channels$1@1171423c
2019-09-24 12:18:12,750 TRACE util.FileUtils (LogUtils.java:supplyAndLog(82)) - Successfully supplied Files.newOutputStream CREATE_NEW /workdir/ratis-examples/target/test/data/8b9e8b0f/TestFileStoreWithNetty/filestore/s0/file24: java.nio.channels.Channels$1@5feccb1
2019-09-24 12:18:12,751 TRACE util.FileUtils (LogUtils.java:supplyAndLog(82)) - Successfully supplied Files.newOutputStream CREATE_NEW /workdir/ratis-examples/target/test/data/8b9e8b0f/TestFileStoreWithNetty/filestore/s1/file20: java.nio.channels.Channels$1@4d74c223
2019-09-24 12:18:12,763 TRACE util.FileUtils (LogUtils.java:supplyAndLog(82)) - Successfully supplied Files.newOutputStream CREATE_NEW /workdir/ratis-examples/target/test/data/8b9e8b0f/TestFileStoreWithNetty/filestore/s2/file24: java.nio.channels.Channels$1@6f129177
2019-09-24 12:18:12,763 TRACE util.FileUtils (LogUtils.java:supplyAndLog(82)) - Successfully supplied Files.newOutputStream CREATE_NEW /workdir/ratis-examples/target/test/data/8b9e8b0f/TestFileStoreWithNetty/filestore/s0/file23: java.nio.channels.Channels$1@667af823
2019-09-24 12:18:12,763 TRACE util.FileUtils (LogUtils.java:supplyAndLog(82)) - Successfully supplied Files.newOutputStream CREATE_NEW /workdir/ratis-examples/target/test/data/8b9e8b0f/TestFileStoreWithNetty/filestore/s0/file25: java.nio.channels.Channels$1@619d4c54
2019-09-24 12:18:12,776 TRACE util.FileUtils (LogUtils.java:supplyAndLog(82)) - Successfully supplied Files.newOutputStream CREATE_NEW /workdir/ratis-examples/target/test/data/8b9e8b0f/TestFileStoreWithNetty/filestore/s1/file24: java.nio.channels.Channels$1@a3af842
2019-09-24 12:18:12,776 TRACE util.FileUtils (LogUtils.java:supplyAndLog(82)) - Successfully supplied Files.newOutputStream CREATE_NEW /workdir/ratis-examples/target/test/data/8b9e8b0f/TestFileStoreWithNetty/filestore/s1/file25: java.nio.channels.Channels$1@38f2831c
2019-09-24 12:18:12,776 TRACE util.FileUtils (LogUtils.java:supplyAndLog(82)) - Successfully supplied Files.newOutputStream CREATE_NEW /workdir/ratis-examples/target/test/data/8b9e8b0f/TestFileStoreWithNetty/filestore/s1/file23: java.nio.channels.Channels$1@46c4185b
2019-09-24 12:18:12,790 TRACE util.FileUtils (LogUtils.java:supplyAndLog(82)) - Successfully supplied Files.newOutputStream CREATE_NEW /workdir/ratis-examples/target/test/data/8b9e8b0f/TestFileStoreWithNetty/filestore/s2/file23: java.nio.channels.Channels$1@28bc6be4
2019-09-24 12:18:12,790 TRACE util.FileUtils (LogUtils.java:supplyAndLog(82)) - Successfully supplied Files.newOutputStream CREATE_NEW /workdir/ratis-examples/target/test/data/8b9e8b0f/TestFileStoreWithNetty/filestore/s2/file25: java.nio.channels.Channels$1@22cd550f
2019-09-24 12:18:12,849 TRACE util.FileUtils (LogUtils.java:supplyAndLog(82)) - Successfully supplied Files.newOutputStream CREATE_NEW /workdir/ratis-examples/target/test/data/8b9e8b0f/TestFileStoreWithNetty/filestore/s0/file30: java.nio.channels.Channels$1@23787a88
2019-09-24 12:18:12,855 TRACE util.FileUtils (LogUtils.java:supplyAndLog(82)) - Successfully supplied Files.newOutputStream CREATE_NEW /workdir/ratis-examples/target/test/data/8b9e8b0f/TestFileStoreWithNetty/filestore/s2/file30: java.nio.channels.Channels$1@2c83fa2b
2019-09-24 12:18:12,855 TRACE util.FileUtils (LogUtils.java:supplyAndLog(82)) - Successfully supplied Files.newOutputStream CREATE_NEW /workdir/ratis-examples/target/test/data/8b9e8b0f/TestFileStoreWithNetty/filestore/s1/file30: java.nio.channels.Channels$1@36356a72
2019-09-24 12:18:12,861 TRACE util.FileUtils (LogUtils.java:supplyAndLog(82)) - Successfully supplied Files.newOutputStream CREATE_NEW /workdir/ratis-examples/target/test/data/8b9e8b0f/TestFileStoreWithNetty/filestore/s0/file28: java.nio.channels.Channels$1@24a26f61
2019-09-24 12:18:12,861 TRACE util.FileUtils (LogUtils.java:supplyAndLog(82)) - Successfully supplied Files.newOutputStream CREATE_NEW /workdir/ratis-examples/target/test/data/8b9e8b0f/TestFileStoreWithNetty/filestore/s0/file27: java.nio.channels.Channels$1@6fd8b0d4
2019-09-24 12:18:12,861 TRACE util.FileUtils (LogUtils.java:supplyAndLog(82)) - Successfully supplied Files.newOutputStream CREATE_NEW /workdir/ratis-examples/target/test/data/8b9e8b0f/TestFileStoreWithNetty/filestore/s2/file28: java.nio.channels.Channels$1@6d39ee1
2019-09-24 12:18:12,862 TRACE util.FileUtils (LogUtils.java:supplyAndLog(82)) - Successfully supplied Files.newOutputStream CREATE_NEW /workdir/ratis-examples/target/test/data/8b9e8b0f/TestFileStoreWithNetty/filestore/s1/file27: java.nio.channels.Channels$1@4f387761
2019-09-24 12:18:12,862 TRACE util.FileUtils (LogUtils.java:supplyAndLog(82)) - Successfully supplied Files.newOutputStream CREATE_NEW /workdir/ratis-examples/target/test/data/8b9e8b0f/TestFileStoreWithNetty/filestore/s1/file28: java.nio.channels.Channels$1@79342de2
2019-09-24 12:18:12,864 TRACE util.FileUtils (LogUtils.java:supplyAndLog(82)) - Successfully supplied Files.newOutputStream CREATE_NEW /workdir/ratis-examples/target/test/data/8b9e8b0f/TestFileStoreWithNetty/filestore/s2/file27: java.nio.channels.Channels$1@4d64f15
2019-09-24 12:18:12,865 TRACE util.FileUtils (LogUtils.java:supplyAndLog(82)) - Successfully supplied Files.newOutputStream CREATE_NEW /workdir/ratis-examples/target/test/data/8b9e8b0f/TestFileStoreWithNetty/filestore/s0/file31: java.nio.channels.Channels$1@661d54c3
2019-09-24 12:18:12,865 TRACE util.FileUtils (LogUtils.java:supplyAndLog(82)) - Successfully supplied Files.newOutputStream CREATE_NEW /workdir/ratis-examples/target/test/data/8b9e8b0f/TestFileStoreWithNetty/filestore/s0/file29: java.nio.channels.Channels$1@1c158d6
2019-09-24 12:18:12,868 TRACE util.FileUtils (LogUtils.java:supplyAndLog(82)) - Successfully supplied Files.newOutputStream CREATE_NEW /workdir/ratis-examples/target/test/data/8b9e8b0f/TestFileStoreWithNetty/filestore/s2/file29: java.nio.channels.Channels$1@c9084cd
2019-09-24 12:18:12,868 TRACE util.FileUtils (LogUtils.java:supplyAndLog(82)) - Successfully supplied Files.newOutputStream CREATE_NEW /workdir/ratis-examples/target/test/data/8b9e8b0f/TestFileStoreWithNetty/filestore/s2/file31: java.nio.channels.Channels$1@67cfdf32
2019-09-24 12:18:12,868 TRACE util.FileUtils (LogUtils.java:supplyAndLog(82)) - Successfully supplied Files.newOutputStream CREATE_NEW /workdir/ratis-examples/target/test/data/8b9e8b0f/TestFileStoreWithNetty/filestore/s1/file31: java.nio.channels.Channels$1@512837af
2019-09-24 12:18:12,868 TRACE util.FileUtils (LogUtils.java:supplyAndLog(82)) - Successfully supplied Files.newOutputStream CREATE_NEW /workdir/ratis-examples/target/test/data/8b9e8b0f/TestFileStoreWithNetty/filestore/s1/file29: java.nio.channels.Channels$1@5cd67e98
2019-09-24 12:18:20,725 INFO  logging.LoggingHandler (AbstractInternalLogger.java:log(150)) - [id: 0xe55ad1b4, L:/0.0.0.0:41479] READ: [id: 0x1b52a588, L:/192.168.34.44:41479 - R:/192.168.34.44:40892]
2019-09-24 12:18:20,727 INFO  logging.LoggingHandler (AbstractInternalLogger.java:log(150)) - [id: 0xe55ad1b4, L:/0.0.0.0:41479] READ COMPLETE
2019-09-24 12:18:20,728 INFO  logging.LoggingHandler (AbstractInternalLogger.java:log(150)) - [id: 0xe55ad1b4, L:/0.0.0.0:41479] READ: [id: 0xcdf8cd42, L:/192.168.34.44:41479 - R:/192.168.34.44:40894]
2019-09-24 12:18:20,728 INFO  logging.LoggingHandler (AbstractInternalLogger.java:log(150)) - [id: 0xe55ad1b4, L:/0.0.0.0:41479] READ COMPLETE
2019-09-24 12:18:20,744 INFO  logging.LoggingHandler (AbstractInternalLogger.java:log(150)) - [id: 0xe55ad1b4, L:/0.0.0.0:41479] READ: [id: 0xf849ab25, L:/192.168.34.44:41479 - R:/192.168.34.44:40896]
2019-09-24 12:18:20,744 INFO  logging.LoggingHandler (AbstractInternalLogger.java:log(150)) - [id: 0xe55ad1b4, L:/0.0.0.0:41479] READ COMPLETE
2019-09-24 12:18:20,782 INFO  logging.LoggingHandler (AbstractInternalLogger.java:log(150)) - [id: 0xe55ad1b4, L:/0.0.0.0:41479] READ: [id: 0x8176ba1e, L:/192.168.34.44:41479 - R:/192.168.34.44:40898]
2019-09-24 12:18:20,783 INFO  logging.LoggingHandler (AbstractInternalLogger.java:log(150)) - [id: 0xe55ad1b4, L:/0.0.0.0:41479] READ COMPLETE
2019-09-24 12:18:20,809 INFO  logging.LoggingHandler (AbstractInternalLogger.java:log(150)) - [id: 0xe55ad1b4, L:/0.0.0.0:41479] READ: [id: 0x2eb31730, L:/192.168.34.44:41479 - R:/192.168.34.44:40900]
2019-09-24 12:18:20,810 INFO  logging.LoggingHandler (AbstractInternalLogger.java:log(150)) - [id: 0xe55ad1b4, L:/0.0.0.0:41479] READ COMPLETE
2019-09-24 12:18:20,834 INFO  logging.LoggingHandler (AbstractInternalLogger.java:log(150)) - [id: 0xe55ad1b4, L:/0.0.0.0:41479] READ: [id: 0x6f5ddb99, L:/192.168.34.44:41479 - R:/192.168.34.44:40902]
2019-09-24 12:18:20,835 INFO  logging.LoggingHandler (AbstractInternalLogger.java:log(150)) - [id: 0xe55ad1b4, L:/0.0.0.0:41479] READ COMPLETE
2019-09-24 12:18:20,877 TRACE util.FileUtils (LogUtils.java:supplyAndLog(82)) - Successfully supplied Files.newOutputStream CREATE_NEW /workdir/ratis-examples/target/test/data/8b9e8b0f/TestFileStoreWithNetty/filestore/s0/file33: java.nio.channels.Channels$1@378d9dcc
2019-09-24 12:18:20,877 TRACE util.FileUtils (LogUtils.java:supplyAndLog(82)) - Successfully supplied Files.newOutputStream CREATE_NEW /workdir/ratis-examples/target/test/data/8b9e8b0f/TestFileStoreWithNetty/filestore/s0/file34: java.nio.channels.Channels$1@2ada234b
2019-09-24 12:18:20,882 TRACE util.FileUtils (LogUtils.java:supplyAndLog(82)) - Successfully supplied Files.newOutputStream CREATE_NEW /workdir/ratis-examples/target/test/data/8b9e8b0f/TestFileStoreWithNetty/filestore/s2/file34: java.nio.channels.Channels$1@65cb1a
2019-09-24 12:18:20,882 TRACE util.FileUtils (LogUtils.java:supplyAndLog(82)) - Successfully supplied Files.newOutputStream CREATE_NEW /workdir/ratis-examples/target/test/data/8b9e8b0f/TestFileStoreWithNetty/filestore/s2/file33: java.nio.channels.Channels$1@5473ce76
2019-09-24 12:18:20,883 TRACE util.FileUtils (LogUtils.java:supplyAndLog(82)) - Successfully supplied Files.newOutputStream CREATE_NEW /workdir/ratis-examples/target/test/data/8b9e8b0f/TestFileStoreWithNetty/filestore/s1/file34: java.nio.channels.Channels$1@5bf726b7
2019-09-24 12:18:20,883 TRACE util.FileUtils (LogUtils.java:supplyAndLog(82)) - Successfully supplied Files.newOutputStream CREATE_NEW /workdir/ratis-examples/target/test/data/8b9e8b0f/TestFileStoreWithNetty/filestore/s1/file33: java.nio.channels.Channels$1@386d82f1
2019-09-24 12:18:20,883 TRACE util.FileUtils (LogUtils.java:supplyAndLog(82)) - Successfully supplied Files.newOutputStream CREATE_NEW /workdir/ratis-examples/target/test/data/8b9e8b0f/TestFileStoreWithNetty/filestore/s0/file35: java.nio.channels.Channels$1@2ca5fc74
2019-09-24 12:18:20,896 TRACE util.FileUtils (LogUtils.java:supplyAndLog(82)) - Successfully supplied Files.newOutputStream CREATE_NEW /workdir/ratis-examples/target/test/data/8b9e8b0f/TestFileStoreWithNetty/filestore/s2/file35: java.nio.channels.Channels$1@47ff2f51
2019-09-24 12:18:20,898 TRACE util.FileUtils (LogUtils.java:supplyAndLog(82)) - Successfully supplied Files.newOutputStream CREATE_NEW /workdir/ratis-examples/target/test/data/8b9e8b0f/TestFileStoreWithNetty/filestore/s1/file35: java.nio.channels.Channels$1@714ee344
2019-09-24 12:18:20,898 TRACE util.FileUtils (LogUtils.java:supplyAndLog(82)) - Successfully supplied Files.newOutputStream CREATE_NEW /workdir/ratis-examples/target/test/data/8b9e8b0f/TestFileStoreWithNetty/filestore/s0/file32: java.nio.channels.Channels$1@5b986dbf
2019-09-24 12:18:20,904 TRACE util.FileUtils (LogUtils.java:supplyAndLog(82)) - Successfully supplied Files.newOutputStream CREATE_NEW /workdir/ratis-examples/target/test/data/8b9e8b0f/TestFileStoreWithNetty/filestore/s2/file32: java.nio.channels.Channels$1@4e794c18
2019-09-24 12:18:20,915 TRACE util.FileUtils (LogUtils.java:supplyAndLog(82)) - Successfully supplied Files.newOutputStream CREATE_NEW /workdir/ratis-examples/target/test/data/8b9e8b0f/TestFileStoreWithNetty/filestore/s1/file32: java.nio.channels.Channels$1@33690c80
2019-09-24 12:18:20,932 INFO  logging.LoggingHandler (AbstractInternalLogger.java:log(150)) - [id: 0xe55ad1b4, L:/0.0.0.0:41479] READ: [id: 0xc79f4796, L:/192.168.34.44:41479 - R:/192.168.34.44:40904]
2019-09-24 12:18:20,932 INFO  logging.LoggingHandler (AbstractInternalLogger.java:log(150)) - [id: 0xe55ad1b4, L:/0.0.0.0:41479] READ COMPLETE
2019-09-24 12:18:20,933 TRACE util.FileUtils (LogUtils.java:supplyAndLog(82)) - Successfully supplied Files.newOutputStream CREATE_NEW /workdir/ratis-examples/target/test/data/8b9e8b0f/TestFileStoreWithNetty/filestore/s0/file37: java.nio.channels.Channels$1@12115e97
2019-09-24 12:18:20,937 TRACE util.FileUtils (LogUtils.java:supplyAndLog(82)) - Successfully supplied Files.newOutputStream CREATE_NEW /workdir/ratis-examples/target/test/data/8b9e8b0f/TestFileStoreWithNetty/filestore/s2/file37: java.nio.channels.Channels$1@6608d372
2019-09-24 12:18:20,939 TRACE util.FileUtils (LogUtils.java:supplyAndLog(82)) - Successfully supplied Files.newOutputStream CREATE_NEW /workdir/ratis-examples/target/test/data/8b9e8b0f/TestFileStoreWithNetty/filestore/s1/file37: java.nio.channels.Channels$1@7ef39b87
2019-09-24 12:18:20,964 TRACE util.FileUtils (LogUtils.java:supplyAndLog(82)) - Successfully supplied Files.newOutputStream CREATE_NEW /workdir/ratis-examples/target/test/data/8b9e8b0f/TestFileStoreWithNetty/filestore/s0/file38: java.nio.channels.Channels$1@310fa273
2019-09-24 12:18:20,967 TRACE util.FileUtils (LogUtils.java:supplyAndLog(82)) - Successfully supplied Files.newOutputStream CREATE_NEW /workdir/ratis-examples/target/test/data/8b9e8b0f/TestFileStoreWithNetty/filestore/s0/file36: java.nio.channels.Channels$1@4944304f
2019-09-24 12:18:20,967 TRACE util.FileUtils (LogUtils.java:supplyAndLog(82)) - Successfully supplied Files.newOutputStream CREATE_NEW /workdir/ratis-examples/target/test/data/8b9e8b0f/TestFileStoreWithNetty/filestore/s2/file38: java.nio.channels.Channels$1@4e4a0af
2019-09-24 12:18:20,968 TRACE util.FileUtils (LogUtils.java:supplyAndLog(82)) - Successfully supplied Files.newOutputStream CREATE_NEW /workdir/ratis-examples/target/test/data/8b9e8b0f/TestFileStoreWithNetty/filestore/s1/file38: java.nio.channels.Channels$1@3bf11a3d
2019-09-24 12:18:20,968 TRACE util.FileUtils (LogUtils.java:supplyAndLog(82)) - Successfully supplied Files.newOutputStream CREATE_NEW /workdir/ratis-examples/target/test/data/8b9e8b0f/TestFileStoreWithNetty/filestore/s1/file36: java.nio.channels.Channels$1@77c8fd8e
2019-09-24 12:18:20,987 TRACE util.FileUtils (LogUtils.java:supplyAndLog(82)) - Successfully supplied Files.newOutputStream CREATE_NEW /workdir/ratis-examples/target/test/data/8b9e8b0f/TestFileStoreWithNetty/filestore/s2/file36: java.nio.channels.Channels$1@6624efd
2019-09-24 12:18:21,679 INFO  ratis.MiniRaftCluster (MiniRaftCluster.java:lambda$null$5(297)) - TIMED-PRINT: printing ALL groups
  s0:  RUNNING    LEADER s0@group-A93A4FA934D4:t3, leader=s0, voted=s0, raftlog=s0@group-A93A4FA934D4-SegmentedRaftLog:OPENED:c13920,f13920,i13924, conf=0: [s0:0.0.0.0:41479, s1:0.0.0.0:42383, s2:0.0.0.0:43111], old=null RUNNING
  s1:  RUNNING  FOLLOWER s1@group-A93A4FA934D4:t3, leader=s0, voted=s0, raftlog=s1@group-A93A4FA934D4-SegmentedRaftLog:OPENED:c13919,f13920,i13924, conf=0: [s0:0.0.0.0:41479, s1:0.0.0.0:42383, s2:0.0.0.0:43111], old=null RUNNING
  s2:  RUNNING  FOLLOWER s2@group-A93A4FA934D4:t3, leader=s0, voted=s2, raftlog=s2@group-A93A4FA934D4-SegmentedRaftLog:OPENED:c13910,f13917,i13924, conf=0: [s0:0.0.0.0:41479, s1:0.0.0.0:42383, s2:0.0.0.0:43111], old=null RUNNING
2019-09-24 12:18:25,836 INFO  logging.LoggingHandler (AbstractInternalLogger.java:log(150)) - [id: 0xe55ad1b4, L:/0.0.0.0:41479] READ: [id: 0xa8d69262, L:/192.168.34.44:41479 - R:/192.168.34.44:40930]
2019-09-24 12:18:25,836 INFO  logging.LoggingHandler (AbstractInternalLogger.java:log(150)) - [id: 0xe55ad1b4, L:/0.0.0.0:41479] READ COMPLETE
2019-09-24 12:18:25,906 TRACE util.FileUtils (LogUtils.java:supplyAndLog(82)) - Successfully supplied Files.newOutputStream CREATE_NEW /workdir/ratis-examples/target/test/data/8b9e8b0f/TestFileStoreWithNetty/filestore/s0/file39: java.nio.channels.Channels$1@7678b0ac
2019-09-24 12:18:25,919 TRACE util.FileUtils (LogUtils.java:supplyAndLog(82)) - Successfully supplied Files.newOutputStream CREATE_NEW /workdir/ratis-examples/target/test/data/8b9e8b0f/TestFileStoreWithNetty/filestore/s1/file39: java.nio.channels.Channels$1@adcd4d
2019-09-24 12:18:25,919 TRACE util.FileUtils (LogUtils.java:supplyAndLog(82)) - Successfully supplied Files.newOutputStream CREATE_NEW /workdir/ratis-examples/target/test/data/8b9e8b0f/TestFileStoreWithNetty/filestore/s2/file39: java.nio.channels.Channels$1@698161df
2019-09-24 12:18:27,064 INFO  logging.LoggingHandler (AbstractInternalLogger.java:log(150)) - [id: 0xe55ad1b4, L:/0.0.0.0:41479] READ: [id: 0xaeb9aba1, L:/192.168.34.44:41479 - R:/192.168.34.44:40938]
2019-09-24 12:18:27,065 INFO  logging.LoggingHandler (AbstractInternalLogger.java:log(150)) - [id: 0xe55ad1b4, L:/0.0.0.0:41479] READ COMPLETE
2019-09-24 12:18:27,183 TRACE util.FileUtils (LogUtils.java:supplyAndLog(82)) - Successfully supplied Files.newOutputStream CREATE_NEW /workdir/ratis-examples/target/test/data/8b9e8b0f/TestFileStoreWithNetty/filestore/s0/file40: java.nio.channels.Channels$1@231b1716
2019-09-24 12:18:27,184 TRACE util.FileUtils (LogUtils.java:supplyAndLog(82)) - Successfully supplied Files.newOutputStream CREATE_NEW /workdir/ratis-examples/target/test/data/8b9e8b0f/TestFileStoreWithNetty/filestore/s1/file40: java.nio.channels.Channels$1@10d6d9fc
2019-09-24 12:18:27,185 TRACE util.FileUtils (LogUtils.java:supplyAndLog(82)) - Successfully supplied Files.newOutputStream CREATE_NEW /workdir/ratis-examples/target/test/data/8b9e8b0f/TestFileStoreWithNetty/filestore/s2/file40: java.nio.channels.Channels$1@41d4c1eb
2019-09-24 12:18:28,461 INFO  logging.LoggingHandler (AbstractInternalLogger.java:log(150)) - [id: 0xe55ad1b4, L:/0.0.0.0:41479] READ: [id: 0x8a91fee6, L:/192.168.34.44:41479 - R:/192.168.34.44:40942]
2019-09-24 12:18:28,463 INFO  logging.LoggingHandler (AbstractInternalLogger.java:log(150)) - [id: 0xe55ad1b4, L:/0.0.0.0:41479] READ COMPLETE
2019-09-24 12:18:28,483 INFO  logging.LoggingHandler (AbstractInternalLogger.java:log(150)) - [id: 0xe55ad1b4, L:/0.0.0.0:41479] READ: [id: 0x0f819d8c, L:/192.168.34.44:41479 - R:/192.168.34.44:40944]
2019-09-24 12:18:28,483 INFO  logging.LoggingHandler (AbstractInternalLogger.java:log(150)) - [id: 0xe55ad1b4, L:/0.0.0.0:41479] READ COMPLETE
2019-09-24 12:18:28,566 TRACE util.FileUtils (LogUtils.java:supplyAndLog(82)) - Successfully supplied Files.newOutputStream CREATE_NEW /workdir/ratis-examples/target/test/data/8b9e8b0f/TestFileStoreWithNetty/filestore/s0/file41: java.nio.channels.Channels$1@62fe5150
2019-09-24 12:18:28,567 TRACE util.FileUtils (LogUtils.java:supplyAndLog(82)) - Successfully supplied Files.newOutputStream CREATE_NEW /workdir/ratis-examples/target/test/data/8b9e8b0f/TestFileStoreWithNetty/filestore/s2/file41: java.nio.channels.Channels$1@656d9ed0
2019-09-24 12:18:28,572 TRACE util.FileUtils (LogUtils.java:supplyAndLog(82)) - Successfully supplied Files.newOutputStream CREATE_NEW /workdir/ratis-examples/target/test/data/8b9e8b0f/TestFileStoreWithNetty/filestore/s1/file41: java.nio.channels.Channels$1@87655e9
2019-09-24 12:18:28,574 TRACE util.FileUtils (LogUtils.java:supplyAndLog(82)) - Successfully supplied Files.newOutputStream CREATE_NEW /workdir/ratis-examples/target/test/data/8b9e8b0f/TestFileStoreWithNetty/filestore/s0/file42: java.nio.channels.Channels$1@44c3c68a
2019-09-24 12:18:28,577 TRACE util.FileUtils (LogUtils.java:supplyAndLog(82)) - Successfully supplied Files.newOutputStream CREATE_NEW /workdir/ratis-examples/target/test/data/8b9e8b0f/TestFileStoreWithNetty/filestore/s2/file42: java.nio.channels.Channels$1@3e26c8b8
2019-09-24 12:18:28,579 TRACE util.FileUtils (LogUtils.java:supplyAndLog(82)) - Successfully supplied Files.newOutputStream CREATE_NEW /workdir/ratis-examples/target/test/data/8b9e8b0f/TestFileStoreWithNetty/filestore/s1/file42: java.nio.channels.Channels$1@320ae86c
2019-09-24 12:18:29,484 INFO  logging.LoggingHandler (AbstractInternalLogger.java:log(150)) - [id: 0xe55ad1b4, L:/0.0.0.0:41479] READ: [id: 0x6384a9fa, L:/192.168.34.44:41479 - R:/192.168.34.44:40950]
2019-09-24 12:18:29,485 INFO  logging.LoggingHandler (AbstractInternalLogger.java:log(150)) - [id: 0xe55ad1b4, L:/0.0.0.0:41479] READ COMPLETE
2019-09-24 12:18:29,510 TRACE util.FileUtils (LogUtils.java:supplyAndLog(82)) - Successfully supplied Files.newOutputStream CREATE_NEW /workdir/ratis-examples/target/test/data/8b9e8b0f/TestFileStoreWithNetty/filestore/s0/file43: java.nio.channels.Channels$1@19769f01
2019-09-24 12:18:29,511 TRACE util.FileUtils (LogUtils.java:supplyAndLog(82)) - Successfully supplied Files.newOutputStream CREATE_NEW /workdir/ratis-examples/target/test/data/8b9e8b0f/TestFileStoreWithNetty/filestore/s2/file43: java.nio.channels.Channels$1@138ac4fd
2019-09-24 12:18:29,515 TRACE util.FileUtils (LogUtils.java:supplyAndLog(82)) - Successfully supplied Files.newOutputStream CREATE_NEW /workdir/ratis-examples/target/test/data/8b9e8b0f/TestFileStoreWithNetty/filestore/s1/file43: java.nio.channels.Channels$1@2a92b385
2019-09-24 12:18:29,765 INFO  logging.LoggingHandler (AbstractInternalLogger.java:log(150)) - [id: 0xe55ad1b4, L:/0.0.0.0:41479] READ: [id: 0x5f14e351, L:/192.168.34.44:41479 - R:/192.168.34.44:40956]
2019-09-24 12:18:29,765 INFO  logging.LoggingHandler (AbstractInternalLogger.java:log(150)) - [id: 0xe55ad1b4, L:/0.0.0.0:41479] READ COMPLETE
2019-09-24 12:18:29,771 INFO  logging.LoggingHandler (AbstractInternalLogger.java:log(150)) - [id: 0xe55ad1b4, L:/0.0.0.0:41479] READ: [id: 0x12faf579, L:/192.168.34.44:41479 - R:/192.168.34.44:40958]
2019-09-24 12:18:29,771 INFO  logging.LoggingHandler (AbstractInternalLogger.java:log(150)) - [id: 0xe55ad1b4, L:/0.0.0.0:41479] READ COMPLETE
2019-09-24 12:18:29,808 TRACE util.FileUtils (LogUtils.java:supplyAndLog(82)) - Successfully supplied Files.newOutputStream CREATE_NEW /workdir/ratis-examples/target/test/data/8b9e8b0f/TestFileStoreWithNetty/filestore/s0/file45: java.nio.channels.Channels$1@6a579b7
2019-09-24 12:18:29,808 TRACE util.FileUtils (LogUtils.java:supplyAndLog(82)) - Successfully supplied Files.newOutputStream CREATE_NEW /workdir/ratis-examples/target/test/data/8b9e8b0f/TestFileStoreWithNetty/filestore/s0/file44: java.nio.channels.Channels$1@4fea866f
2019-09-24 12:18:29,809 TRACE util.FileUtils (LogUtils.java:supplyAndLog(82)) - Successfully supplied Files.newOutputStream CREATE_NEW /workdir/ratis-examples/target/test/data/8b9e8b0f/TestFileStoreWithNetty/filestore/s1/file45: java.nio.channels.Channels$1@408b399e
2019-09-24 12:18:29,809 TRACE util.FileUtils (LogUtils.java:supplyAndLog(82)) - Successfully supplied Files.newOutputStream CREATE_NEW /workdir/ratis-examples/target/test/data/8b9e8b0f/TestFileStoreWithNetty/filestore/s1/file44: java.nio.channels.Channels$1@d9f2d7d
2019-09-24 12:18:29,810 TRACE util.FileUtils (LogUtils.java:supplyAndLog(82)) - Successfully supplied Files.newOutputStream CREATE_NEW /workdir/ratis-examples/target/test/data/8b9e8b0f/TestFileStoreWithNetty/filestore/s2/file45: java.nio.channels.Channels$1@5e379be8
2019-09-24 12:18:29,810 TRACE util.FileUtils (LogUtils.java:supplyAndLog(82)) - Successfully supplied Files.newOutputStream CREATE_NEW /workdir/ratis-examples/target/test/data/8b9e8b0f/TestFileStoreWithNetty/filestore/s2/file44: java.nio.channels.Channels$1@56e21827
2019-09-24 12:18:31,681 INFO  ratis.MiniRaftCluster (MiniRaftCluster.java:lambda$null$5(297)) - TIMED-PRINT: printing ALL groups
  s0:  RUNNING    LEADER s0@group-A93A4FA934D4:t3, leader=s0, voted=s0, raftlog=s0@group-A93A4FA934D4-SegmentedRaftLog:OPENED:c17751,f17751,i17756, conf=0: [s0:0.0.0.0:41479, s1:0.0.0.0:42383, s2:0.0.0.0:43111], old=null RUNNING
  s1:  RUNNING  FOLLOWER s1@group-A93A4FA934D4:t3, leader=s0, voted=s0, raftlog=s1@group-A93A4FA934D4-SegmentedRaftLog:OPENED:c17746,f17751,i17752, conf=0: [s0:0.0.0.0:41479, s1:0.0.0.0:42383, s2:0.0.0.0:43111], old=null RUNNING
  s2:  RUNNING  FOLLOWER s2@group-A93A4FA934D4:t3, leader=s0, voted=s2, raftlog=s2@group-A93A4FA934D4-SegmentedRaftLog:OPENED:c17744,f17748,i17748, conf=0: [s0:0.0.0.0:41479, s1:0.0.0.0:42383, s2:0.0.0.0:43111], old=null RUNNING
2019-09-24 12:18:31,968 INFO  logging.LoggingHandler (AbstractInternalLogger.java:log(150)) - [id: 0xe55ad1b4, L:/0.0.0.0:41479] READ: [id: 0xb15456df, L:/192.168.34.44:41479 - R:/192.168.34.44:40970]
2019-09-24 12:18:31,969 INFO  logging.LoggingHandler (AbstractInternalLogger.java:log(150)) - [id: 0xe55ad1b4, L:/0.0.0.0:41479] READ COMPLETE
2019-09-24 12:18:32,007 TRACE util.FileUtils (LogUtils.java:supplyAndLog(82)) - Successfully supplied Files.newOutputStream CREATE_NEW /workdir/ratis-examples/target/test/data/8b9e8b0f/TestFileStoreWithNetty/filestore/s0/file46: java.nio.channels.Channels$1@1b3a2cbe
2019-09-24 12:18:32,009 TRACE util.FileUtils (LogUtils.java:supplyAndLog(82)) - Successfully supplied Files.newOutputStream CREATE_NEW /workdir/ratis-examples/target/test/data/8b9e8b0f/TestFileStoreWithNetty/filestore/s1/file46: java.nio.channels.Channels$1@111895fd
2019-09-24 12:18:32,011 TRACE util.FileUtils (LogUtils.java:supplyAndLog(82)) - Successfully supplied Files.newOutputStream CREATE_NEW /workdir/ratis-examples/target/test/data/8b9e8b0f/TestFileStoreWithNetty/filestore/s2/file46: java.nio.channels.Channels$1@58226e23
2019-09-24 12:18:32,500 INFO  logging.LoggingHandler (AbstractInternalLogger.java:log(150)) - [id: 0xe55ad1b4, L:/0.0.0.0:41479] READ: [id: 0xeca1e0a3, L:/192.168.34.44:41479 - R:/192.168.34.44:40972]
2019-09-24 12:18:32,501 INFO  logging.LoggingHandler (AbstractInternalLogger.java:log(150)) - [id: 0xe55ad1b4, L:/0.0.0.0:41479] READ COMPLETE
2019-09-24 12:18:32,595 INFO  logging.LoggingHandler (AbstractInternalLogger.java:log(150)) - [id: 0xe55ad1b4, L:/0.0.0.0:41479] READ: [id: 0x9580a919, L:/192.168.34.44:41479 - R:/192.168.34.44:40974]
2019-09-24 12:18:32,595 INFO  logging.LoggingHandler (AbstractInternalLogger.java:log(150)) - [id: 0xe55ad1b4, L:/0.0.0.0:41479] READ COMPLETE
2019-09-24 12:18:32,595 TRACE util.FileUtils (LogUtils.java:supplyAndLog(82)) - Successfully supplied Files.newOutputStream CREATE_NEW /workdir/ratis-examples/target/test/data/8b9e8b0f/TestFileStoreWithNetty/filestore/s0/file47: java.nio.channels.Channels$1@5c51e2b7
2019-09-24 12:18:32,598 TRACE util.FileUtils (LogUtils.java:supplyAndLog(82)) - Successfully supplied Files.newOutputStream CREATE_NEW /workdir/ratis-examples/target/test/data/8b9e8b0f/TestFileStoreWithNetty/filestore/s1/file47: java.nio.channels.Channels$1@7e3d7f3e
2019-09-24 12:18:32,598 TRACE util.FileUtils (LogUtils.java:supplyAndLog(82)) - Successfully supplied Files.newOutputStream CREATE_NEW /workdir/ratis-examples/target/test/data/8b9e8b0f/TestFileStoreWithNetty/filestore/s2/file47: java.nio.channels.Channels$1@70df23e7
2019-09-24 12:18:32,774 TRACE util.FileUtils (LogUtils.java:supplyAndLog(82)) - Successfully supplied Files.newOutputStream CREATE_NEW /workdir/ratis-examples/target/test/data/8b9e8b0f/TestFileStoreWithNetty/filestore/s0/file48: java.nio.channels.Channels$1@314e611d
2019-09-24 12:18:32,800 TRACE util.FileUtils (LogUtils.java:supplyAndLog(82)) - Successfully supplied Files.newOutputStream CREATE_NEW /workdir/ratis-examples/target/test/data/8b9e8b0f/TestFileStoreWithNetty/filestore/s2/file48: java.nio.channels.Channels$1@a710f75
2019-09-24 12:18:32,800 TRACE util.FileUtils (LogUtils.java:supplyAndLog(82)) - Successfully supplied Files.newOutputStream CREATE_NEW /workdir/ratis-examples/target/test/data/8b9e8b0f/TestFileStoreWithNetty/filestore/s1/file48: java.nio.channels.Channels$1@2bc8b49c
2019-09-24 12:18:33,772 INFO  logging.LoggingHandler (AbstractInternalLogger.java:log(150)) - [id: 0xe55ad1b4, L:/0.0.0.0:41479] READ: [id: 0x735fa44a, L:/192.168.34.44:41479 - R:/192.168.34.44:40982]
2019-09-24 12:18:33,772 INFO  logging.LoggingHandler (AbstractInternalLogger.java:log(150)) - [id: 0xe55ad1b4, L:/0.0.0.0:41479] READ COMPLETE
2019-09-24 12:18:33,886 TRACE util.FileUtils (LogUtils.java:supplyAndLog(82)) - Successfully supplied Files.newOutputStream CREATE_NEW /workdir/ratis-examples/target/test/data/8b9e8b0f/TestFileStoreWithNetty/filestore/s0/file49: java.nio.channels.Channels$1@3fc85a22
2019-09-24 12:18:33,886 TRACE util.FileUtils (LogUtils.java:supplyAndLog(82)) - Successfully supplied Files.newOutputStream CREATE_NEW /workdir/ratis-examples/target/test/data/8b9e8b0f/TestFileStoreWithNetty/filestore/s2/file49: java.nio.channels.Channels$1@371fbcad
2019-09-24 12:18:33,900 TRACE util.FileUtils (LogUtils.java:supplyAndLog(82)) - Successfully supplied Files.newOutputStream CREATE_NEW /workdir/ratis-examples/target/test/data/8b9e8b0f/TestFileStoreWithNetty/filestore/s1/file49: java.nio.channels.Channels$1@7d0ba61c
2019-09-24 12:18:33,955 INFO  logging.LoggingHandler (AbstractInternalLogger.java:log(150)) - [id: 0xe55ad1b4, L:/0.0.0.0:41479] READ: [id: 0xdb26e9d0, L:/192.168.34.44:41479 - R:/192.168.34.44:40984]
2019-09-24 12:18:33,956 INFO  logging.LoggingHandler (AbstractInternalLogger.java:log(150)) - [id: 0xe55ad1b4, L:/0.0.0.0:41479] READ COMPLETE
2019-09-24 12:18:33,991 TRACE util.FileUtils (LogUtils.java:supplyAndLog(82)) - Successfully supplied Files.newOutputStream CREATE_NEW /workdir/ratis-examples/target/test/data/8b9e8b0f/TestFileStoreWithNetty/filestore/s0/file50: java.nio.channels.Channels$1@27da0aea
2019-09-24 12:18:33,994 TRACE util.FileUtils (LogUtils.java:supplyAndLog(82)) - Successfully supplied Files.newOutputStream CREATE_NEW /workdir/ratis-examples/target/test/data/8b9e8b0f/TestFileStoreWithNetty/filestore/s1/file50: java.nio.channels.Channels$1@26ebe714
2019-09-24 12:18:33,996 TRACE util.FileUtils (LogUtils.java:supplyAndLog(82)) - Successfully supplied Files.newOutputStream CREATE_NEW /workdir/ratis-examples/target/test/data/8b9e8b0f/TestFileStoreWithNetty/filestore/s2/file50: java.nio.channels.Channels$1@1ecf4ad9
2019-09-24 12:18:34,482 INFO  logging.LoggingHandler (AbstractInternalLogger.java:log(150)) - [id: 0xe55ad1b4, L:/0.0.0.0:41479] READ: [id: 0xa4347673, L:/192.168.34.44:41479 - R:/192.168.34.44:40988]
2019-09-24 12:18:34,483 INFO  logging.LoggingHandler (AbstractInternalLogger.java:log(150)) - [id: 0xe55ad1b4, L:/0.0.0.0:41479] READ COMPLETE
2019-09-24 12:18:34,522 TRACE util.FileUtils (LogUtils.java:supplyAndLog(82)) - Successfully supplied Files.newOutputStream CREATE_NEW /workdir/ratis-examples/target/test/data/8b9e8b0f/TestFileStoreWithNetty/filestore/s0/file51: java.nio.channels.Channels$1@69a76784
2019-09-24 12:18:34,526 TRACE util.FileUtils (LogUtils.java:supplyAndLog(82)) - Successfully supplied Files.newOutputStream CREATE_NEW /workdir/ratis-examples/target/test/data/8b9e8b0f/TestFileStoreWithNetty/filestore/s1/file51: java.nio.channels.Channels$1@23187053
2019-09-24 12:18:34,527 TRACE util.FileUtils (LogUtils.java:supplyAndLog(82)) - Successfully supplied Files.newOutputStream CREATE_NEW /workdir/ratis-examples/target/test/data/8b9e8b0f/TestFileStoreWithNetty/filestore/s2/file51: java.nio.channels.Channels$1@7e0207d
2019-09-24 12:18:35,170 INFO  logging.LoggingHandler (AbstractInternalLogger.java:log(150)) - [id: 0xe55ad1b4, L:/0.0.0.0:41479] READ: [id: 0x5f6944d4, L:/192.168.34.44:41479 - R:/192.168.34.44:40996]
2019-09-24 12:18:35,171 INFO  logging.LoggingHandler (AbstractInternalLogger.java:log(150)) - [id: 0xe55ad1b4, L:/0.0.0.0:41479] READ COMPLETE
2019-09-24 12:18:35,176 INFO  logging.LoggingHandler (AbstractInternalLogger.java:log(150)) - [id: 0xe55ad1b4, L:/0.0.0.0:41479] READ: [id: 0x1a13c70b, L:/192.168.34.44:41479 - R:/192.168.34.44:40998]
2019-09-24 12:18:35,177 INFO  logging.LoggingHandler (AbstractInternalLogger.java:log(150)) - [id: 0xe55ad1b4, L:/0.0.0.0:41479] READ COMPLETE
2019-09-24 12:18:35,203 TRACE util.FileUtils (LogUtils.java:supplyAndLog(82)) - Successfully supplied Files.newOutputStream CREATE_NEW /workdir/ratis-examples/target/test/data/8b9e8b0f/TestFileStoreWithNetty/filestore/s0/file52: java.nio.channels.Channels$1@33c87d71
2019-09-24 12:18:35,204 TRACE util.FileUtils (LogUtils.java:supplyAndLog(82)) - Successfully supplied Files.newOutputStream CREATE_NEW /workdir/ratis-examples/target/test/data/8b9e8b0f/TestFileStoreWithNetty/filestore/s2/file52: java.nio.channels.Channels$1@46c7740e
2019-09-24 12:18:35,207 TRACE util.FileUtils (LogUtils.java:supplyAndLog(82)) - Successfully supplied Files.newOutputStream CREATE_NEW /workdir/ratis-examples/target/test/data/8b9e8b0f/TestFileStoreWithNetty/filestore/s1/file52: java.nio.channels.Channels$1@39b4dcca
2019-09-24 12:18:35,220 TRACE util.FileUtils (LogUtils.java:supplyAndLog(82)) - Successfully supplied Files.newOutputStream CREATE_NEW /workdir/ratis-examples/target/test/data/8b9e8b0f/TestFileStoreWithNetty/filestore/s0/file53: java.nio.channels.Channels$1@5c74024b
2019-09-24 12:18:35,221 TRACE util.FileUtils (LogUtils.java:supplyAndLog(82)) - Successfully supplied Files.newOutputStream CREATE_NEW /workdir/ratis-examples/target/test/data/8b9e8b0f/TestFileStoreWithNetty/filestore/s2/file53: java.nio.channels.Channels$1@745fd0ed
2019-09-24 12:18:35,226 TRACE util.FileUtils (LogUtils.java:supplyAndLog(82)) - Successfully supplied Files.newOutputStream CREATE_NEW /workdir/ratis-examples/target/test/data/8b9e8b0f/TestFileStoreWithNetty/filestore/s1/file53: java.nio.channels.Channels$1@72c58332
2019-09-24 12:18:38,581 INFO  logging.LoggingHandler (AbstractInternalLogger.java:log(150)) - [id: 0xe55ad1b4, L:/0.0.0.0:41479] READ: [id: 0xe575a728, L:/192.168.34.44:41479 - R:/192.168.34.44:41016]
2019-09-24 12:18:38,582 INFO  logging.LoggingHandler (AbstractInternalLogger.java:log(150)) - [id: 0xe55ad1b4, L:/0.0.0.0:41479] READ COMPLETE
2019-09-24 12:18:38,616 TRACE util.FileUtils (LogUtils.java:supplyAndLog(82)) - Successfully supplied Files.newOutputStream CREATE_NEW /workdir/ratis-examples/target/test/data/8b9e8b0f/TestFileStoreWithNetty/filestore/s0/file54: java.nio.channels.Channels$1@4af5dc04
2019-09-24 12:18:38,619 TRACE util.FileUtils (LogUtils.java:supplyAndLog(82)) - Successfully supplied Files.newOutputStream CREATE_NEW /workdir/ratis-examples/target/test/data/8b9e8b0f/TestFileStoreWithNetty/filestore/s2/file54: java.nio.channels.Channels$1@6bc395ae
2019-09-24 12:18:38,619 TRACE util.FileUtils (LogUtils.java:supplyAndLog(82)) - Successfully supplied Files.newOutputStream CREATE_NEW /workdir/ratis-examples/target/test/data/8b9e8b0f/TestFileStoreWithNetty/filestore/s1/file54: java.nio.channels.Channels$1@380927d9
2019-09-24 12:18:38,662 INFO  logging.LoggingHandler (AbstractInternalLogger.java:log(150)) - [id: 0xe55ad1b4, L:/0.0.0.0:41479] READ: [id: 0xe1a4f412, L:/192.168.34.44:41479 - R:/192.168.34.44:41018]
2019-09-24 12:18:38,662 INFO  logging.LoggingHandler (AbstractInternalLogger.java:log(150)) - [id: 0xe55ad1b4, L:/0.0.0.0:41479] READ COMPLETE
2019-09-24 12:18:38,678 TRACE util.FileUtils (LogUtils.java:supplyAndLog(82)) - Successfully supplied Files.newOutputStream CREATE_NEW /workdir/ratis-examples/target/test/data/8b9e8b0f/TestFileStoreWithNetty/filestore/s0/file55: java.nio.channels.Channels$1@383d48c8
2019-09-24 12:18:38,679 TRACE util.FileUtils (LogUtils.java:supplyAndLog(82)) - Successfully supplied Files.newOutputStream CREATE_NEW /workdir/ratis-examples/target/test/data/8b9e8b0f/TestFileStoreWithNetty/filestore/s2/file55: java.nio.channels.Channels$1@9ae9e90
2019-09-24 12:18:38,683 TRACE util.FileUtils (LogUtils.java:supplyAndLog(82)) - Successfully supplied Files.newOutputStream CREATE_NEW /workdir/ratis-examples/target/test/data/8b9e8b0f/TestFileStoreWithNetty/filestore/s1/file55: java.nio.channels.Channels$1@52ba6405
2019-09-24 12:18:38,935 INFO  logging.LoggingHandler (AbstractInternalLogger.java:log(150)) - [id: 0xe55ad1b4, L:/0.0.0.0:41479] READ: [id: 0xa7405f27, L:/192.168.34.44:41479 - R:/192.168.34.44:41020]
2019-09-24 12:18:38,935 INFO  logging.LoggingHandler (AbstractInternalLogger.java:log(150)) - [id: 0xe55ad1b4, L:/0.0.0.0:41479] READ COMPLETE
2019-09-24 12:18:38,974 TRACE util.FileUtils (LogUtils.java:supplyAndLog(82)) - Successfully supplied Files.newOutputStream CREATE_NEW /workdir/ratis-examples/target/test/data/8b9e8b0f/TestFileStoreWithNetty/filestore/s0/file56: java.nio.channels.Channels$1@23882803
2019-09-24 12:18:38,975 TRACE util.FileUtils (LogUtils.java:supplyAndLog(82)) - Successfully supplied Files.newOutputStream CREATE_NEW /workdir/ratis-examples/target/test/data/8b9e8b0f/TestFileStoreWithNetty/filestore/s2/file56: java.nio.channels.Channels$1@7cc2dc41
2019-09-24 12:18:38,975 TRACE util.FileUtils (LogUtils.java:supplyAndLog(82)) - Successfully supplied Files.newOutputStream CREATE_NEW /workdir/ratis-examples/target/test/data/8b9e8b0f/TestFileStoreWithNetty/filestore/s1/file56: java.nio.channels.Channels$1@51f81519
2019-09-24 12:18:39,118 INFO  logging.LoggingHandler (AbstractInternalLogger.java:log(150)) - [id: 0xe55ad1b4, L:/0.0.0.0:41479] READ: [id: 0xf2e85167, L:/192.168.34.44:41479 - R:/192.168.34.44:41022]
2019-09-24 12:18:39,119 INFO  logging.LoggingHandler (AbstractInternalLogger.java:log(150)) - [id: 0xe55ad1b4, L:/0.0.0.0:41479] READ COMPLETE
2019-09-24 12:18:39,209 TRACE util.FileUtils (LogUtils.java:supplyAndLog(82)) - Successfully supplied Files.newOutputStream CREATE_NEW /workdir/ratis-examples/target/test/data/8b9e8b0f/TestFileStoreWithNetty/filestore/s0/file57: java.nio.channels.Channels$1@2c8499
2019-09-24 12:18:39,214 TRACE util.FileUtils (LogUtils.java:supplyAndLog(82)) - Successfully supplied Files.newOutputStream CREATE_NEW /workdir/ratis-examples/target/test/data/8b9e8b0f/TestFileStoreWithNetty/filestore/s2/file57: java.nio.channels.Channels$1@2fdb9ca
2019-09-24 12:18:39,214 TRACE util.FileUtils (LogUtils.java:supplyAndLog(82)) - Successfully supplied Files.newOutputStream CREATE_NEW /workdir/ratis-examples/target/test/data/8b9e8b0f/TestFileStoreWithNetty/filestore/s1/file57: java.nio.channels.Channels$1@a80a7c0
2019-09-24 12:18:41,681 INFO  ratis.MiniRaftCluster (MiniRaftCluster.java:lambda$null$5(297)) - TIMED-PRINT: printing ALL groups
  s0:  RUNNING    LEADER s0@group-A93A4FA934D4:t3, leader=s0, voted=s0, raftlog=s0@group-A93A4FA934D4-SegmentedRaftLog:OPENED:c22317,f22318,i22322, conf=0: [s0:0.0.0.0:41479, s1:0.0.0.0:42383, s2:0.0.0.0:43111], old=null RUNNING
  s1:  RUNNING  FOLLOWER s1@group-A93A4FA934D4:t3, leader=s0, voted=s0, raftlog=s1@group-A93A4FA934D4-SegmentedRaftLog:OPENED:c22312,f22317,i22322, conf=0: [s0:0.0.0.0:41479, s1:0.0.0.0:42383, s2:0.0.0.0:43111], old=null RUNNING
  s2:  RUNNING  FOLLOWER s2@group-A93A4FA934D4:t3, leader=s0, voted=s2, raftlog=s2@group-A93A4FA934D4-SegmentedRaftLog:OPENED:c22312,f22318,i22318, conf=0: [s0:0.0.0.0:41479, s1:0.0.0.0:42383, s2:0.0.0.0:43111], old=null RUNNING
2019-09-24 12:18:41,770 INFO  logging.LoggingHandler (AbstractInternalLogger.java:log(150)) - [id: 0xe55ad1b4, L:/0.0.0.0:41479] READ: [id: 0x652148fc, L:/192.168.34.44:41479 - R:/192.168.34.44:41038]
2019-09-24 12:18:41,770 INFO  logging.LoggingHandler (AbstractInternalLogger.java:log(150)) - [id: 0xe55ad1b4, L:/0.0.0.0:41479] READ COMPLETE
2019-09-24 12:18:41,877 TRACE util.FileUtils (LogUtils.java:supplyAndLog(82)) - Successfully supplied Files.newOutputStream CREATE_NEW /workdir/ratis-examples/target/test/data/8b9e8b0f/TestFileStoreWithNetty/filestore/s0/file58: java.nio.channels.Channels$1@3bf7c903
2019-09-24 12:18:41,878 TRACE util.FileUtils (LogUtils.java:supplyAndLog(82)) - Successfully supplied Files.newOutputStream CREATE_NEW /workdir/ratis-examples/target/test/data/8b9e8b0f/TestFileStoreWithNetty/filestore/s2/file58: java.nio.channels.Channels$1@75acc3f8
2019-09-24 12:18:41,888 TRACE util.FileUtils (LogUtils.java:supplyAndLog(82)) - Successfully supplied Files.newOutputStream CREATE_NEW /workdir/ratis-examples/target/test/data/8b9e8b0f/TestFileStoreWithNetty/filestore/s1/file58: java.nio.channels.Channels$1@6859aaa6
2019-09-24 12:18:42,002 INFO  logging.LoggingHandler (AbstractInternalLogger.java:log(150)) - [id: 0xe55ad1b4, L:/0.0.0.0:41479] READ: [id: 0x07d98320, L:/192.168.34.44:41479 - R:/192.168.34.44:41040]
2019-09-24 12:18:42,003 INFO  logging.LoggingHandler (AbstractInternalLogger.java:log(150)) - [id: 0xe55ad1b4, L:/0.0.0.0:41479] READ COMPLETE
2019-09-24 12:18:42,049 TRACE util.FileUtils (LogUtils.java:supplyAndLog(82)) - Successfully supplied Files.newOutputStream CREATE_NEW /workdir/ratis-examples/target/test/data/8b9e8b0f/TestFileStoreWithNetty/filestore/s0/file59: java.nio.channels.Channels$1@7c629020
2019-09-24 12:18:42,060 TRACE util.FileUtils (LogUtils.java:supplyAndLog(82)) - Successfully supplied Files.newOutputStream CREATE_NEW /workdir/ratis-examples/target/test/data/8b9e8b0f/TestFileStoreWithNetty/filestore/s2/file59: java.nio.channels.Channels$1@66fc61ae
2019-09-24 12:18:42,061 TRACE util.FileUtils (LogUtils.java:supplyAndLog(82)) - Successfully supplied Files.newOutputStream CREATE_NEW /workdir/ratis-examples/target/test/data/8b9e8b0f/TestFileStoreWithNetty/filestore/s1/file59: java.nio.channels.Channels$1@7c1d819f
2019-09-24 12:18:42,578 INFO  logging.LoggingHandler (AbstractInternalLogger.java:log(150)) - [id: 0xe55ad1b4, L:/0.0.0.0:41479] READ: [id: 0xf3ade8c0, L:/192.168.34.44:41479 - R:/192.168.34.44:41046]
2019-09-24 12:18:42,579 INFO  logging.LoggingHandler (AbstractInternalLogger.java:log(150)) - [id: 0xe55ad1b4, L:/0.0.0.0:41479] READ COMPLETE
2019-09-24 12:18:42,627 TRACE util.FileUtils (LogUtils.java:supplyAndLog(82)) - Successfully supplied Files.newOutputStream CREATE_NEW /workdir/ratis-examples/target/test/data/8b9e8b0f/TestFileStoreWithNetty/filestore/s0/file60: java.nio.channels.Channels$1@435785c7
2019-09-24 12:18:42,628 TRACE util.FileUtils (LogUtils.java:supplyAndLog(82)) - Successfully supplied Files.newOutputStream CREATE_NEW /workdir/ratis-examples/target/test/data/8b9e8b0f/TestFileStoreWithNetty/filestore/s2/file60: java.nio.channels.Channels$1@21fb3ea4
2019-09-24 12:18:42,629 TRACE util.FileUtils (LogUtils.java:supplyAndLog(82)) - Successfully supplied Files.newOutputStream CREATE_NEW /workdir/ratis-examples/target/test/data/8b9e8b0f/TestFileStoreWithNetty/filestore/s1/file60: java.nio.channels.Channels$1@684d3ab4
2019-09-24 12:18:42,841 INFO  logging.LoggingHandler (AbstractInternalLogger.java:log(150)) - [id: 0xe55ad1b4, L:/0.0.0.0:41479] READ: [id: 0x6551f825, L:/192.168.34.44:41479 - R:/192.168.34.44:41048]
2019-09-24 12:18:42,842 INFO  logging.LoggingHandler (AbstractInternalLogger.java:log(150)) - [id: 0xe55ad1b4, L:/0.0.0.0:41479] READ COMPLETE
2019-09-24 12:18:42,906 INFO  logging.LoggingHandler (AbstractInternalLogger.java:log(150)) - [id: 0xe55ad1b4, L:/0.0.0.0:41479] READ: [id: 0x80402c68, L:/192.168.34.44:41479 - R:/192.168.34.44:41050]
2019-09-24 12:18:42,906 INFO  logging.LoggingHandler (AbstractInternalLogger.java:log(150)) - [id: 0xe55ad1b4, L:/0.0.0.0:41479] READ COMPLETE
2019-09-24 12:18:42,963 TRACE util.FileUtils (LogUtils.java:supplyAndLog(82)) - Successfully supplied Files.newOutputStream CREATE_NEW /workdir/ratis-examples/target/test/data/8b9e8b0f/TestFileStoreWithNetty/filestore/s0/file61: java.nio.channels.Channels$1@58044e58
2019-09-24 12:18:42,964 TRACE util.FileUtils (LogUtils.java:supplyAndLog(82)) - Successfully supplied Files.newOutputStream CREATE_NEW /workdir/ratis-examples/target/test/data/8b9e8b0f/TestFileStoreWithNetty/filestore/s2/file61: java.nio.channels.Channels$1@3335b987
2019-09-24 12:18:42,977 TRACE util.FileUtils (LogUtils.java:supplyAndLog(82)) - Successfully supplied Files.newOutputStream CREATE_NEW /workdir/ratis-examples/target/test/data/8b9e8b0f/TestFileStoreWithNetty/filestore/s1/file61: java.nio.channels.Channels$1@6c9854fc
2019-09-24 12:18:42,977 TRACE util.FileUtils (LogUtils.java:supplyAndLog(82)) - Successfully supplied Files.newOutputStream CREATE_NEW /workdir/ratis-examples/target/test/data/8b9e8b0f/TestFileStoreWithNetty/filestore/s0/file62: java.nio.channels.Channels$1@16324809
2019-09-24 12:18:42,978 TRACE util.FileUtils (LogUtils.java:supplyAndLog(82)) - Successfully supplied Files.newOutputStream CREATE_NEW /workdir/ratis-examples/target/test/data/8b9e8b0f/TestFileStoreWithNetty/filestore/s2/file62: java.nio.channels.Channels$1@2753e0b0
2019-09-24 12:18:42,992 TRACE util.FileUtils (LogUtils.java:supplyAndLog(82)) - Successfully supplied Files.newOutputStream CREATE_NEW /workdir/ratis-examples/target/test/data/8b9e8b0f/TestFileStoreWithNetty/filestore/s1/file62: java.nio.channels.Channels$1@759f569c
2019-09-24 12:18:44,085 INFO  logging.LoggingHandler (AbstractInternalLogger.java:log(150)) - [id: 0xe55ad1b4, L:/0.0.0.0:41479] READ: [id: 0xe6aeb301, L:/192.168.34.44:41479 - R:/192.168.34.44:41056]
2019-09-24 12:18:44,085 INFO  logging.LoggingHandler (AbstractInternalLogger.java:log(150)) - [id: 0xe55ad1b4, L:/0.0.0.0:41479] READ COMPLETE
2019-09-24 12:18:44,130 INFO  logging.LoggingHandler (AbstractInternalLogger.java:log(150)) - [id: 0xe55ad1b4, L:/0.0.0.0:41479] READ: [id: 0xecf0d408, L:/192.168.34.44:41479 - R:/192.168.34.44:41058]
2019-09-24 12:18:44,130 INFO  logging.LoggingHandler (AbstractInternalLogger.java:log(150)) - [id: 0xe55ad1b4, L:/0.0.0.0:41479] READ COMPLETE
2019-09-24 12:18:44,147 TRACE util.FileUtils (LogUtils.java:supplyAndLog(82)) - Successfully supplied Files.newOutputStream CREATE_NEW /workdir/ratis-examples/target/test/data/8b9e8b0f/TestFileStoreWithNetty/filestore/s0/file63: java.nio.channels.Channels$1@7ef55019
2019-09-24 12:18:44,158 TRACE util.FileUtils (LogUtils.java:supplyAndLog(82)) - Successfully supplied Files.newOutputStream CREATE_NEW /workdir/ratis-examples/target/test/data/8b9e8b0f/TestFileStoreWithNetty/filestore/s2/file63: java.nio.channels.Channels$1@2910412b
2019-09-24 12:18:44,160 TRACE util.FileUtils (LogUtils.java:supplyAndLog(82)) - Successfully supplied Files.newOutputStream CREATE_NEW /workdir/ratis-examples/target/test/data/8b9e8b0f/TestFileStoreWithNetty/filestore/s1/file63: java.nio.channels.Channels$1@6dc0832a
2019-09-24 12:18:44,204 TRACE util.FileUtils (LogUtils.java:supplyAndLog(82)) - Successfully supplied Files.newOutputStream CREATE_NEW /workdir/ratis-examples/target/test/data/8b9e8b0f/TestFileStoreWithNetty/filestore/s0/file64: java.nio.channels.Channels$1@754da696
2019-09-24 12:18:44,230 TRACE util.FileUtils (LogUtils.java:supplyAndLog(82)) - Successfully supplied Files.newOutputStream CREATE_NEW /workdir/ratis-examples/target/test/data/8b9e8b0f/TestFileStoreWithNetty/filestore/s2/file64: java.nio.channels.Channels$1@61b6f75d
2019-09-24 12:18:44,230 TRACE util.FileUtils (LogUtils.java:supplyAndLog(82)) - Successfully supplied Files.newOutputStream CREATE_NEW /workdir/ratis-examples/target/test/data/8b9e8b0f/TestFileStoreWithNetty/filestore/s1/file64: java.nio.channels.Channels$1@6a4acee8
2019-09-24 12:18:45,592 INFO  logging.LoggingHandler (AbstractInternalLogger.java:log(150)) - [id: 0xe55ad1b4, L:/0.0.0.0:41479] READ: [id: 0x91edbd12, L:/192.168.34.44:41479 - R:/192.168.34.44:41068]
2019-09-24 12:18:45,593 INFO  logging.LoggingHandler (AbstractInternalLogger.java:log(150)) - [id: 0xe55ad1b4, L:/0.0.0.0:41479] READ COMPLETE
2019-09-24 12:18:45,743 TRACE util.FileUtils (LogUtils.java:supplyAndLog(82)) - Successfully supplied Files.newOutputStream CREATE_NEW /workdir/ratis-examples/target/test/data/8b9e8b0f/TestFileStoreWithNetty/filestore/s0/file65: java.nio.channels.Channels$1@4f2ca2d0
2019-09-24 12:18:45,743 TRACE util.FileUtils (LogUtils.java:supplyAndLog(82)) - Successfully supplied Files.newOutputStream CREATE_NEW /workdir/ratis-examples/target/test/data/8b9e8b0f/TestFileStoreWithNetty/filestore/s1/file65: java.nio.channels.Channels$1@4e3b149
2019-09-24 12:18:45,743 TRACE util.FileUtils (LogUtils.java:supplyAndLog(82)) - Successfully supplied Files.newOutputStream CREATE_NEW /workdir/ratis-examples/target/test/data/8b9e8b0f/TestFileStoreWithNetty/filestore/s2/file65: java.nio.channels.Channels$1@45674572
2019-09-24 12:18:45,959 INFO  logging.LoggingHandler (AbstractInternalLogger.java:log(150)) - [id: 0xe55ad1b4, L:/0.0.0.0:41479] READ: [id: 0xdc682868, L:/192.168.34.44:41479 - R:/192.168.34.44:41074]
2019-09-24 12:18:45,960 INFO  logging.LoggingHandler (AbstractInternalLogger.java:log(150)) - [id: 0xe55ad1b4, L:/0.0.0.0:41479] READ COMPLETE
2019-09-24 12:18:46,004 TRACE util.FileUtils (LogUtils.java:supplyAndLog(82)) - Successfully supplied Files.newOutputStream CREATE_NEW /workdir/ratis-examples/target/test/data/8b9e8b0f/TestFileStoreWithNetty/filestore/s0/file66: java.nio.channels.Channels$1@54ee8ca4
2019-09-24 12:18:46,005 TRACE util.FileUtils (LogUtils.java:supplyAndLog(82)) - Successfully supplied Files.newOutputStream CREATE_NEW /workdir/ratis-examples/target/test/data/8b9e8b0f/TestFileStoreWithNetty/filestore/s1/file66: java.nio.channels.Channels$1@97b79f9
2019-09-24 12:18:46,006 TRACE util.FileUtils (LogUtils.java:supplyAndLog(82)) - Successfully supplied Files.newOutputStream CREATE_NEW /workdir/ratis-examples/target/test/data/8b9e8b0f/TestFileStoreWithNetty/filestore/s2/file66: java.nio.channels.Channels$1@5225b514
2019-09-24 12:18:47,723 INFO  logging.LoggingHandler (AbstractInternalLogger.java:log(150)) - [id: 0xe55ad1b4, L:/0.0.0.0:41479] READ: [id: 0x8149c6bf, L:/192.168.34.44:41479 - R:/192.168.34.44:41080]
2019-09-24 12:18:47,723 INFO  logging.LoggingHandler (AbstractInternalLogger.java:log(150)) - [id: 0xe55ad1b4, L:/0.0.0.0:41479] READ COMPLETE
2019-09-24 12:18:47,823 TRACE util.FileUtils (LogUtils.java:supplyAndLog(82)) - Successfully supplied Files.newOutputStream CREATE_NEW /workdir/ratis-examples/target/test/data/8b9e8b0f/TestFileStoreWithNetty/filestore/s0/file67: java.nio.channels.Channels$1@6de2dd37
2019-09-24 12:18:47,824 TRACE util.FileUtils (LogUtils.java:supplyAndLog(82)) - Successfully supplied Files.newOutputStream CREATE_NEW /workdir/ratis-examples/target/test/data/8b9e8b0f/TestFileStoreWithNetty/filestore/s1/file67: java.nio.channels.Channels$1@40dd4ff5
2019-09-24 12:18:47,826 TRACE util.FileUtils (LogUtils.java:supplyAndLog(82)) - Successfully supplied Files.newOutputStream CREATE_NEW /workdir/ratis-examples/target/test/data/8b9e8b0f/TestFileStoreWithNetty/filestore/s2/file67: java.nio.channels.Channels$1@7ffd842d
2019-09-24 12:18:48,556 INFO  logging.LoggingHandler (AbstractInternalLogger.java:log(150)) - [id: 0xe55ad1b4, L:/0.0.0.0:41479] READ: [id: 0x80e167b1, L:/192.168.34.44:41479 - R:/192.168.34.44:41084]
2019-09-24 12:18:48,557 INFO  logging.LoggingHandler (AbstractInternalLogger.java:log(150)) - [id: 0xe55ad1b4, L:/0.0.0.0:41479] READ COMPLETE
2019-09-24 12:18:48,612 TRACE util.FileUtils (LogUtils.java:supplyAndLog(82)) - Successfully supplied Files.newOutputStream CREATE_NEW /workdir/ratis-examples/target/test/data/8b9e8b0f/TestFileStoreWithNetty/filestore/s0/file68: java.nio.channels.Channels$1@32a5698e
2019-09-24 12:18:48,612 TRACE util.FileUtils (LogUtils.java:supplyAndLog(82)) - Successfully supplied Files.newOutputStream CREATE_NEW /workdir/ratis-examples/target/test/data/8b9e8b0f/TestFileStoreWithNetty/filestore/s2/file68: java.nio.channels.Channels$1@20d99ff5
2019-09-24 12:18:48,613 TRACE util.FileUtils (LogUtils.java:supplyAndLog(82)) - Successfully supplied Files.newOutputStream CREATE_NEW /workdir/ratis-examples/target/test/data/8b9e8b0f/TestFileStoreWithNetty/filestore/s1/file68: java.nio.channels.Channels$1@1462c933
2019-09-24 12:18:50,669 INFO  impl.FollowerState (FollowerState.java:run(108)) - s2@group-A93A4FA934D4-FollowerState: change to CANDIDATE, lastRpcTime:241ms, electionTimeout:160ms
2019-09-24 12:18:50,670 INFO  impl.RoleInfo (RoleInfo.java:shutdownFollowerState(121)) - s2: shutdown FollowerState
2019-09-24 12:18:50,670 INFO  impl.RaftServerImpl (RaftServerImpl.java:setRole(170)) - s2@group-A93A4FA934D4: changes role from  FOLLOWER to CANDIDATE at term 3 for changeToCandidate
2019-09-24 12:18:50,670 INFO  impl.RoleInfo (RoleInfo.java:updateAndGet(143)) - s2: start LeaderElection
2019-09-24 12:18:50,671 INFO  impl.RaftServerImpl (RaftServerImpl.java:setRole(170)) - s2@group-A93A4FA934D4: changes role from CANDIDATE to FOLLOWER at term 3 for appendEntries
2019-09-24 12:18:50,672 INFO  impl.RoleInfo (RoleInfo.java:shutdownLeaderElection(134)) - s2: shutdown LeaderElection
2019-09-24 12:18:50,672 INFO  impl.RoleInfo (RoleInfo.java:updateAndGet(143)) - s2: start FollowerState
2019-09-24 12:18:50,673 INFO  impl.RaftServerImpl (ServerState.java:setLeader(254)) - s2@group-A93A4FA934D4: change Leader from s0 to null at term 3 for initElection
2019-09-24 12:18:50,687 INFO  impl.LeaderElection (LeaderElection.java:askForVotes(178)) - s2@group-A93A4FA934D4-LeaderElection6: begin an election at term 4 for 0: [s0:0.0.0.0:41479, s1:0.0.0.0:42383, s2:0.0.0.0:43111], old=null
2019-09-24 12:18:50,689 INFO  impl.LeaderElection (LeaderElection.java:logAndReturn(56)) - s2@group-A93A4FA934D4-LeaderElection6: Election REJECTED; received 0 response(s) [] and 0 exception(s); s2@group-A93A4FA934D4:t4, leader=null, voted=s2, raftlog=s2@group-A93A4FA934D4-SegmentedRaftLog:OPENED:c25992,f25998,i25998, conf=0: [s0:0.0.0.0:41479, s1:0.0.0.0:42383, s2:0.0.0.0:43111], old=null
2019-09-24 12:18:50,692 INFO  impl.RaftServerImpl (ServerState.java:setLeader(254)) - s1@group-A93A4FA934D4: change Leader from s0 to null at term 4 for updateCurrentTerm
2019-09-24 12:18:50,692 INFO  impl.RaftServerImpl (RaftServerImpl.java:setRole(170)) - s1@group-A93A4FA934D4: changes role from  FOLLOWER to FOLLOWER at term 4 for recognizeCandidate:s2
2019-09-24 12:18:50,692 INFO  impl.RoleInfo (RoleInfo.java:shutdownFollowerState(121)) - s1: shutdown FollowerState
2019-09-24 12:18:50,692 INFO  impl.RoleInfo (RoleInfo.java:updateAndGet(143)) - s1: start FollowerState
2019-09-24 12:18:50,692 INFO  impl.FollowerState (FollowerState.java:run(117)) - s1@group-A93A4FA934D4-FollowerState was interrupted: java.lang.InterruptedException: sleep interrupted
2019-09-24 12:18:50,693 INFO  impl.RaftServerImpl (ServerState.java:setLeader(254)) - s0@group-A93A4FA934D4: change Leader from s0 to null at term 4 for updateCurrentTerm
2019-09-24 12:18:50,694 INFO  impl.RaftServerImpl (RaftServerImpl.java:setRole(170)) - s0@group-A93A4FA934D4: changes role from    LEADER to FOLLOWER at term 4 for stepDown
2019-09-24 12:18:50,694 INFO  impl.RoleInfo (RoleInfo.java:shutdownLeaderState(104)) - s0: shutdown LeaderState
2019-09-24 12:18:50,696 INFO  impl.PendingRequests (PendingRequests.java:sendNotLeaderResponses(202)) - s0@group-A93A4FA934D4-PendingRequests: sendNotLeaderResponses
2019-09-24 12:18:50,699 INFO  impl.LogAppender (LogAppender.java:run(78)) - s0@group-A93A4FA934D4->s1-LogAppender-AppenderDaemon was interrupted: java.io.InterruptedIOException: s0->s1#0 sending from s1:0.0.0.0:42383 is interrupted.
2019-09-24 12:18:50,701 INFO  impl.RoleInfo (RoleInfo.java:updateAndGet(143)) - s0: start FollowerState
2019-09-24 12:18:50,719 INFO  impl.RaftServerImpl (RaftServerImpl.java:setRole(170)) - s0@group-A93A4FA934D4: changes role from  FOLLOWER to FOLLOWER at term 4 for recognizeCandidate:s2
2019-09-24 12:18:50,739 INFO  logging.LoggingHandler (AbstractInternalLogger.java:log(150)) - [id: 0xc5c5d3e6, L:/0.0.0.0:42383] READ: [id: 0x5e04b1ef, L:/192.168.34.44:42383 - R:/192.168.34.44:60614]
2019-09-24 12:18:50,739 INFO  impl.RoleInfo (RoleInfo.java:shutdownFollowerState(121)) - s0: shutdown FollowerState
2019-09-24 12:18:50,739 INFO  logging.LoggingHandler (AbstractInternalLogger.java:log(150)) - [id: 0xea9be81b, L:/0.0.0.0:43111] READ: [id: 0x3132cca5, L:/192.168.34.44:43111 - R:/192.168.34.44:44950]
2019-09-24 12:18:50,740 INFO  impl.RoleInfo (RoleInfo.java:updateAndGet(143)) - s0: start FollowerState
2019-09-24 12:18:50,740 INFO  impl.FollowerState (FollowerState.java:run(117)) - s0@group-A93A4FA934D4-FollowerState was interrupted: java.lang.InterruptedException: sleep interrupted
2019-09-24 12:18:50,740 INFO  logging.LoggingHandler (AbstractInternalLogger.java:log(150)) - [id: 0xc5c5d3e6, L:/0.0.0.0:42383] READ COMPLETE
2019-09-24 12:18:50,740 INFO  logging.LoggingHandler (AbstractInternalLogger.java:log(150)) - [id: 0xea9be81b, L:/0.0.0.0:43111] READ COMPLETE
2019-09-24 12:18:50,743 INFO  logging.LoggingHandler (AbstractInternalLogger.java:log(150)) - [id: 0xc5c5d3e6, L:/0.0.0.0:42383] READ: [id: 0x64a68d27, L:/192.168.34.44:42383 - R:/192.168.34.44:60618]
2019-09-24 12:18:50,743 INFO  logging.LoggingHandler (AbstractInternalLogger.java:log(150)) - [id: 0xea9be81b, L:/0.0.0.0:43111] READ: [id: 0x53c66b7d, L:/192.168.34.44:43111 - R:/192.168.34.44:44956]
2019-09-24 12:18:50,743 INFO  logging.LoggingHandler (AbstractInternalLogger.java:log(150)) - [id: 0xc5c5d3e6, L:/0.0.0.0:42383] READ COMPLETE
2019-09-24 12:18:50,744 INFO  logging.LoggingHandler (AbstractInternalLogger.java:log(150)) - [id: 0xea9be81b, L:/0.0.0.0:43111] READ COMPLETE
2019-09-24 12:18:50,744 INFO  logging.LoggingHandler (AbstractInternalLogger.java:log(150)) - [id: 0xc5c5d3e6, L:/0.0.0.0:42383] READ: [id: 0x7749190f, L:/192.168.34.44:42383 - R:/192.168.34.44:60620]
2019-09-24 12:18:50,744 INFO  logging.LoggingHandler (AbstractInternalLogger.java:log(150)) - [id: 0xea9be81b, L:/0.0.0.0:43111] READ: [id: 0x1e27da32, L:/192.168.34.44:43111 - R:/192.168.34.44:44958]
2019-09-24 12:18:50,744 INFO  logging.LoggingHandler (AbstractInternalLogger.java:log(150)) - [id: 0xc5c5d3e6, L:/0.0.0.0:42383] READ COMPLETE
2019-09-24 12:18:50,744 INFO  logging.LoggingHandler (AbstractInternalLogger.java:log(150)) - [id: 0xea9be81b, L:/0.0.0.0:43111] READ COMPLETE
2019-09-24 12:18:50,745 INFO  logging.LoggingHandler (AbstractInternalLogger.java:log(150)) - [id: 0xc5c5d3e6, L:/0.0.0.0:42383] READ: [id: 0xe435e0a6, L:/192.168.34.44:42383 - R:/192.168.34.44:60626]
2019-09-24 12:18:50,745 INFO  logging.LoggingHandler (AbstractInternalLogger.java:log(150)) - [id: 0xea9be81b, L:/0.0.0.0:43111] READ: [id: 0x6bdcce84, L:/192.168.34.44:43111 - R:/192.168.34.44:44962]
2019-09-24 12:18:50,745 INFO  logging.LoggingHandler (AbstractInternalLogger.java:log(150)) - [id: 0xc5c5d3e6, L:/0.0.0.0:42383] READ COMPLETE
2019-09-24 12:18:50,745 INFO  logging.LoggingHandler (AbstractInternalLogger.java:log(150)) - [id: 0xea9be81b, L:/0.0.0.0:43111] READ COMPLETE
2019-09-24 12:18:50,746 INFO  logging.LoggingHandler (AbstractInternalLogger.java:log(150)) - [id: 0xc5c5d3e6, L:/0.0.0.0:42383] READ: [id: 0x79468856, L:/192.168.34.44:42383 - R:/192.168.34.44:60630]
2019-09-24 12:18:50,746 INFO  logging.LoggingHandler (AbstractInternalLogger.java:log(150)) - [id: 0xea9be81b, L:/0.0.0.0:43111] READ: [id: 0xacaaf71a, L:/192.168.34.44:43111 - R:/192.168.34.44:44966]
2019-09-24 12:18:50,746 INFO  logging.LoggingHandler (AbstractInternalLogger.java:log(150)) - [id: 0xc5c5d3e6, L:/0.0.0.0:42383] READ COMPLETE
2019-09-24 12:18:50,746 INFO  logging.LoggingHandler (AbstractInternalLogger.java:log(150)) - [id: 0xea9be81b, L:/0.0.0.0:43111] READ COMPLETE
2019-09-24 12:18:50,746 INFO  logging.LoggingHandler (AbstractInternalLogger.java:log(150)) - [id: 0xc5c5d3e6, L:/0.0.0.0:42383] READ: [id: 0x66a1f195, L:/192.168.34.44:42383 - R:/192.168.34.44:60642]
2019-09-24 12:18:50,747 INFO  logging.LoggingHandler (AbstractInternalLogger.java:log(150)) - [id: 0xea9be81b, L:/0.0.0.0:43111] READ: [id: 0xed63add2, L:/192.168.34.44:43111 - R:/192.168.34.44:44968]
2019-09-24 12:18:50,747 INFO  logging.LoggingHandler (AbstractInternalLogger.java:log(150)) - [id: 0xc5c5d3e6, L:/0.0.0.0:42383] READ COMPLETE
2019-09-24 12:18:50,747 INFO  logging.LoggingHandler (AbstractInternalLogger.java:log(150)) - [id: 0xea9be81b, L:/0.0.0.0:43111] READ COMPLETE
2019-09-24 12:18:50,748 INFO  logging.LoggingHandler (AbstractInternalLogger.java:log(150)) - [id: 0xc5c5d3e6, L:/0.0.0.0:42383] READ: [id: 0xc1a534ca, L:/192.168.34.44:42383 - R:/192.168.34.44:60644]
2019-09-24 12:18:50,748 INFO  logging.LoggingHandler (AbstractInternalLogger.java:log(150)) - [id: 0xea9be81b, L:/0.0.0.0:43111] READ: [id: 0x29246069, L:/192.168.34.44:43111 - R:/192.168.34.44:44970]
2019-09-24 12:18:50,748 INFO  logging.LoggingHandler (AbstractInternalLogger.java:log(150)) - [id: 0xe55ad1b4, L:/0.0.0.0:41479] READ: [id: 0x5a497bbc, L:/192.168.34.44:41479 - R:/192.168.34.44:41136]
2019-09-24 12:18:50,748 INFO  logging.LoggingHandler (AbstractInternalLogger.java:log(150)) - [id: 0xea9be81b, L:/0.0.0.0:43111] READ COMPLETE
2019-09-24 12:18:50,748 INFO  logging.LoggingHandler (AbstractInternalLogger.java:log(150)) - [id: 0xc5c5d3e6, L:/0.0.0.0:42383] READ COMPLETE
2019-09-24 12:18:50,749 INFO  logging.LoggingHandler (AbstractInternalLogger.java:log(150)) - [id: 0xea9be81b, L:/0.0.0.0:43111] READ: [id: 0x9a5d03c1, L:/192.168.34.44:43111 - R:/192.168.34.44:44972]
2019-09-24 12:18:50,749 INFO  logging.LoggingHandler (AbstractInternalLogger.java:log(150)) - [id: 0xe55ad1b4, L:/0.0.0.0:41479] READ COMPLETE
2019-09-24 12:18:50,749 INFO  logging.LoggingHandler (AbstractInternalLogger.java:log(150)) - [id: 0xea9be81b, L:/0.0.0.0:43111] READ COMPLETE
2019-09-24 12:18:50,749 INFO  logging.LoggingHandler (AbstractInternalLogger.java:log(150)) - [id: 0xc5c5d3e6, L:/0.0.0.0:42383] READ: [id: 0xbeef3cf7, L:/192.168.34.44:42383 - R:/192.168.34.44:60650]
2019-09-24 12:18:50,750 INFO  logging.LoggingHandler (AbstractInternalLogger.java:log(150)) - [id: 0xea9be81b, L:/0.0.0.0:43111] READ: [id: 0x15803262, L:/192.168.34.44:43111 - R:/192.168.34.44:44974]
2019-09-24 12:18:50,750 INFO  logging.LoggingHandler (AbstractInternalLogger.java:log(150)) - [id: 0xe55ad1b4, L:/0.0.0.0:41479] READ: [id: 0x76a97889, L:/192.168.34.44:41479 - R:/192.168.34.44:41142]
2019-09-24 12:18:50,751 INFO  logging.LoggingHandler (AbstractInternalLogger.java:log(150)) - [id: 0xea9be81b, L:/0.0.0.0:43111] READ COMPLETE
2019-09-24 12:18:50,750 INFO  logging.LoggingHandler (AbstractInternalLogger.java:log(150)) - [id: 0xc5c5d3e6, L:/0.0.0.0:42383] READ COMPLETE
2019-09-24 12:18:50,751 INFO  logging.LoggingHandler (AbstractInternalLogger.java:log(150)) - [id: 0xea9be81b, L:/0.0.0.0:43111] READ: [id: 0xa8d95865, L:/192.168.34.44:43111 - R:/192.168.34.44:44980]
2019-09-24 12:18:50,751 INFO  logging.LoggingHandler (AbstractInternalLogger.java:log(150)) - [id: 0xe55ad1b4, L:/0.0.0.0:41479] READ COMPLETE
2019-09-24 12:18:50,751 INFO  logging.LoggingHandler (AbstractInternalLogger.java:log(150)) - [id: 0xc5c5d3e6, L:/0.0.0.0:42383] READ: [id: 0x63cd1a42, L:/192.168.34.44:42383 - R:/192.168.34.44:60652]
2019-09-24 12:18:50,751 INFO  logging.LoggingHandler (AbstractInternalLogger.java:log(150)) - [id: 0xea9be81b, L:/0.0.0.0:43111] READ COMPLETE
2019-09-24 12:18:50,752 INFO  logging.LoggingHandler (AbstractInternalLogger.java:log(150)) - [id: 0xc5c5d3e6, L:/0.0.0.0:42383] READ COMPLETE
2019-09-24 12:18:50,752 INFO  logging.LoggingHandler (AbstractInternalLogger.java:log(150)) - [id: 0xe55ad1b4, L:/0.0.0.0:41479] READ: [id: 0xa14276b8, L:/192.168.34.44:41479 - R:/192.168.34.44:41144]
2019-09-24 12:18:50,753 INFO  logging.LoggingHandler (AbstractInternalLogger.java:log(150)) - [id: 0xc5c5d3e6, L:/0.0.0.0:42383] READ: [id: 0xbeb97917, L:/192.168.34.44:42383 - R:/192.168.34.44:60656]
2019-09-24 12:18:50,752 INFO  logging.LoggingHandler (AbstractInternalLogger.java:log(150)) - [id: 0xea9be81b, L:/0.0.0.0:43111] READ: [id: 0x0f62439d, L:/192.168.34.44:43111 - R:/192.168.34.44:44982]
2019-09-24 12:18:50,753 INFO  logging.LoggingHandler (AbstractInternalLogger.java:log(150)) - [id: 0xc5c5d3e6, L:/0.0.0.0:42383] READ COMPLETE
2019-09-24 12:18:50,753 INFO  logging.LoggingHandler (AbstractInternalLogger.java:log(150)) - [id: 0xe55ad1b4, L:/0.0.0.0:41479] READ COMPLETE
2019-09-24 12:18:50,753 INFO  logging.LoggingHandler (AbstractInternalLogger.java:log(150)) - [id: 0xea9be81b, L:/0.0.0.0:43111] READ COMPLETE
2019-09-24 12:18:50,754 INFO  logging.LoggingHandler (AbstractInternalLogger.java:log(150)) - [id: 0xe55ad1b4, L:/0.0.0.0:41479] READ: [id: 0xee2b690e, L:/192.168.34.44:41479 - R:/192.168.34.44:41146]
2019-09-24 12:18:50,754 INFO  logging.LoggingHandler (AbstractInternalLogger.java:log(150)) - [id: 0xea9be81b, L:/0.0.0.0:43111] READ: [id: 0x1451d4f4, L:/192.168.34.44:43111 - R:/192.168.34.44:44992]
2019-09-24 12:18:50,754 INFO  logging.LoggingHandler (AbstractInternalLogger.java:log(150)) - [id: 0xc5c5d3e6, L:/0.0.0.0:42383] READ: [id: 0x7b895111, L:/192.168.34.44:42383 - R:/192.168.34.44:60680]
2019-09-24 12:18:50,754 INFO  logging.LoggingHandler (AbstractInternalLogger.java:log(150)) - [id: 0xea9be81b, L:/0.0.0.0:43111] READ COMPLETE
2019-09-24 12:18:50,754 INFO  logging.LoggingHandler (AbstractInternalLogger.java:log(150)) - [id: 0xe55ad1b4, L:/0.0.0.0:41479] READ COMPLETE
2019-09-24 12:18:50,755 INFO  logging.LoggingHandler (AbstractInternalLogger.java:log(150)) - [id: 0xea9be81b, L:/0.0.0.0:43111] READ: [id: 0x652e71e2, L:/192.168.34.44:43111 - R:/192.168.34.44:45006]
2019-09-24 12:18:50,754 INFO  logging.LoggingHandler (AbstractInternalLogger.java:log(150)) - [id: 0xc5c5d3e6, L:/0.0.0.0:42383] READ COMPLETE
2019-09-24 12:18:50,755 INFO  logging.LoggingHandler (AbstractInternalLogger.java:log(150)) - [id: 0xea9be81b, L:/0.0.0.0:43111] READ COMPLETE
2019-09-24 12:18:50,755 INFO  logging.LoggingHandler (AbstractInternalLogger.java:log(150)) - [id: 0xe55ad1b4, L:/0.0.0.0:41479] READ: [id: 0x1253b5be, L:/192.168.34.44:41479 - R:/192.168.34.44:41148]
2019-09-24 12:18:50,756 INFO  logging.LoggingHandler (AbstractInternalLogger.java:log(150)) - [id: 0xea9be81b, L:/0.0.0.0:43111] READ: [id: 0x66d6702a, L:/192.168.34.44:43111 - R:/192.168.34.44:45028]
2019-09-24 12:18:50,756 INFO  logging.LoggingHandler (AbstractInternalLogger.java:log(150)) - [id: 0xc5c5d3e6, L:/0.0.0.0:42383] READ: [id: 0x387e6d25, L:/192.168.34.44:42383 - R:/192.168.34.44:60682]
2019-09-24 12:18:50,756 INFO  logging.LoggingHandler (AbstractInternalLogger.java:log(150)) - [id: 0xea9be81b, L:/0.0.0.0:43111] READ COMPLETE
2019-09-24 12:18:50,756 INFO  logging.LoggingHandler (AbstractInternalLogger.java:log(150)) - [id: 0xe55ad1b4, L:/0.0.0.0:41479] READ COMPLETE
2019-09-24 12:18:50,757 INFO  logging.LoggingHandler (AbstractInternalLogger.java:log(150)) - [id: 0xea9be81b, L:/0.0.0.0:43111] READ: [id: 0x2b59abe1, L:/192.168.34.44:43111 - R:/192.168.34.44:45032]
2019-09-24 12:18:50,756 INFO  logging.LoggingHandler (AbstractInternalLogger.java:log(150)) - [id: 0xc5c5d3e6, L:/0.0.0.0:42383] READ COMPLETE
2019-09-24 12:18:50,757 INFO  logging.LoggingHandler (AbstractInternalLogger.java:log(150)) - [id: 0xea9be81b, L:/0.0.0.0:43111] READ COMPLETE
2019-09-24 12:18:50,757 INFO  logging.LoggingHandler (AbstractInternalLogger.java:log(150)) - [id: 0xe55ad1b4, L:/0.0.0.0:41479] READ: [id: 0xfa789932, L:/192.168.34.44:41479 - R:/192.168.34.44:41150]
2019-09-24 12:18:50,757 INFO  logging.LoggingHandler (AbstractInternalLogger.java:log(150)) - [id: 0xea9be81b, L:/0.0.0.0:43111] READ: [id: 0x255996a5, L:/192.168.34.44:43111 - R:/192.168.34.44:45040]
2019-09-24 12:18:50,757 INFO  logging.LoggingHandler (AbstractInternalLogger.java:log(150)) - [id: 0xc5c5d3e6, L:/0.0.0.0:42383] READ: [id: 0x8846f5aa, L:/192.168.34.44:42383 - R:/192.168.34.44:60684]
2019-09-24 12:18:50,758 INFO  logging.LoggingHandler (AbstractInternalLogger.java:log(150)) - [id: 0xea9be81b, L:/0.0.0.0:43111] READ COMPLETE
2019-09-24 12:18:50,758 INFO  logging.LoggingHandler (AbstractInternalLogger.java:log(150)) - [id: 0xe55ad1b4, L:/0.0.0.0:41479] READ COMPLETE
2019-09-24 12:18:50,758 INFO  logging.LoggingHandler (AbstractInternalLogger.java:log(150)) - [id: 0xc5c5d3e6, L:/0.0.0.0:42383] READ COMPLETE
2019-09-24 12:18:50,759 INFO  logging.LoggingHandler (AbstractInternalLogger.java:log(150)) - [id: 0xe55ad1b4, L:/0.0.0.0:41479] READ: [id: 0x0d8a933c, L:/192.168.34.44:41479 - R:/192.168.34.44:41152]
2019-09-24 12:18:50,759 INFO  logging.LoggingHandler (AbstractInternalLogger.java:log(150)) - [id: 0xe55ad1b4, L:/0.0.0.0:41479] READ COMPLETE
2019-09-24 12:18:50,759 INFO  logging.LoggingHandler (AbstractInternalLogger.java:log(150)) - [id: 0xc5c5d3e6, L:/0.0.0.0:42383] READ: [id: 0xe78f272c, L:/192.168.34.44:42383 - R:/192.168.34.44:60688]
2019-09-24 12:18:50,759 INFO  logging.LoggingHandler (AbstractInternalLogger.java:log(150)) - [id: 0xe55ad1b4, L:/0.0.0.0:41479] READ: [id: 0x39f49e55, L:/192.168.34.44:41479 - R:/192.168.34.44:41156]
2019-09-24 12:18:50,759 INFO  logging.LoggingHandler (AbstractInternalLogger.java:log(150)) - [id: 0xc5c5d3e6, L:/0.0.0.0:42383] READ COMPLETE
2019-09-24 12:18:50,760 INFO  logging.LoggingHandler (AbstractInternalLogger.java:log(150)) - [id: 0xea9be81b, L:/0.0.0.0:43111] READ: [id: 0x8c1601b2, L:/192.168.34.44:43111 - R:/192.168.34.44:45054]
2019-09-24 12:18:50,760 INFO  logging.LoggingHandler (AbstractInternalLogger.java:log(150)) - [id: 0xe55ad1b4, L:/0.0.0.0:41479] READ COMPLETE
2019-09-24 12:18:50,760 INFO  logging.LoggingHandler (AbstractInternalLogger.java:log(150)) - [id: 0xea9be81b, L:/0.0.0.0:43111] READ COMPLETE
2019-09-24 12:18:50,760 INFO  logging.LoggingHandler (AbstractInternalLogger.java:log(150)) - [id: 0xc5c5d3e6, L:/0.0.0.0:42383] READ: [id: 0xc57defce, L:/192.168.34.44:42383 - R:/192.168.34.44:60690]
2019-09-24 12:18:50,760 INFO  logging.LoggingHandler (AbstractInternalLogger.java:log(150)) - [id: 0xe55ad1b4, L:/0.0.0.0:41479] READ: [id: 0x7a5296cc, L:/192.168.34.44:41479 - R:/192.168.34.44:41160]
2019-09-24 12:18:50,761 INFO  logging.LoggingHandler (AbstractInternalLogger.java:log(150)) - [id: 0xc5c5d3e6, L:/0.0.0.0:42383] READ COMPLETE
2019-09-24 12:18:50,761 INFO  logging.LoggingHandler (AbstractInternalLogger.java:log(150)) - [id: 0xea9be81b, L:/0.0.0.0:43111] READ: [id: 0xa6d49fcd, L:/192.168.34.44:43111 - R:/192.168.34.44:45060]
2019-09-24 12:18:50,761 INFO  logging.LoggingHandler (AbstractInternalLogger.java:log(150)) - [id: 0xe55ad1b4, L:/0.0.0.0:41479] READ COMPLETE
2019-09-24 12:18:50,761 INFO  logging.LoggingHandler (AbstractInternalLogger.java:log(150)) - [id: 0xc5c5d3e6, L:/0.0.0.0:42383] READ: [id: 0x13e07364, L:/192.168.34.44:42383 - R:/192.168.34.44:60692]
2019-09-24 12:18:50,761 INFO  logging.LoggingHandler (AbstractInternalLogger.java:log(150)) - [id: 0xea9be81b, L:/0.0.0.0:43111] READ COMPLETE
2019-09-24 12:18:50,762 INFO  logging.LoggingHandler (AbstractInternalLogger.java:log(150)) - [id: 0xc5c5d3e6, L:/0.0.0.0:42383] READ COMPLETE
2019-09-24 12:18:50,762 INFO  logging.LoggingHandler (AbstractInternalLogger.java:log(150)) - [id: 0xe55ad1b4, L:/0.0.0.0:41479] READ: [id: 0x958f7263, L:/192.168.34.44:41479 - R:/192.168.34.44:41158]
2019-09-24 12:18:50,762 INFO  logging.LoggingHandler (AbstractInternalLogger.java:log(150)) - [id: 0xea9be81b, L:/0.0.0.0:43111] READ: [id: 0xfebbefdc, L:/192.168.34.44:43111 - R:/192.168.34.44:45062]
2019-09-24 12:18:50,763 INFO  logging.LoggingHandler (AbstractInternalLogger.java:log(150)) - [id: 0xe55ad1b4, L:/0.0.0.0:41479] READ COMPLETE
2019-09-24 12:18:50,763 INFO  logging.LoggingHandler (AbstractInternalLogger.java:log(150)) - [id: 0xc5c5d3e6, L:/0.0.0.0:42383] READ: [id: 0x9cfcaabd, L:/192.168.34.44:42383 - R:/192.168.34.44:60702]
2019-09-24 12:18:50,763 INFO  logging.LoggingHandler (AbstractInternalLogger.java:log(150)) - [id: 0xe55ad1b4, L:/0.0.0.0:41479] READ: [id: 0xa5bb512b, L:/192.168.34.44:41479 - R:/192.168.34.44:41168]
2019-09-24 12:18:50,763 INFO  logging.LoggingHandler (AbstractInternalLogger.java:log(150)) - [id: 0xea9be81b, L:/0.0.0.0:43111] READ COMPLETE
2019-09-24 12:18:50,763 INFO  logging.LoggingHandler (AbstractInternalLogger.java:log(150)) - [id: 0xe55ad1b4, L:/0.0.0.0:41479] READ COMPLETE
2019-09-24 12:18:50,763 INFO  logging.LoggingHandler (AbstractInternalLogger.java:log(150)) - [id: 0xc5c5d3e6, L:/0.0.0.0:42383] READ COMPLETE
2019-09-24 12:18:50,764 INFO  logging.LoggingHandler (AbstractInternalLogger.java:log(150)) - [id: 0xe55ad1b4, L:/0.0.0.0:41479] READ: [id: 0x192c2572, L:/192.168.34.44:41479 - R:/192.168.34.44:41178]
2019-09-24 12:18:50,764 INFO  logging.LoggingHandler (AbstractInternalLogger.java:log(150)) - [id: 0xe55ad1b4, L:/0.0.0.0:41479] READ COMPLETE
2019-09-24 12:18:50,764 INFO  logging.LoggingHandler (AbstractInternalLogger.java:log(150)) - [id: 0xc5c5d3e6, L:/0.0.0.0:42383] READ: [id: 0x5f5036f9, L:/192.168.34.44:42383 - R:/192.168.34.44:60704]
2019-09-24 12:18:50,765 INFO  logging.LoggingHandler (AbstractInternalLogger.java:log(150)) - [id: 0xe55ad1b4, L:/0.0.0.0:41479] READ: [id: 0xa12d8092, L:/192.168.34.44:41479 - R:/192.168.34.44:41182]
2019-09-24 12:18:50,765 INFO  logging.LoggingHandler (AbstractInternalLogger.java:log(150)) - [id: 0xc5c5d3e6, L:/0.0.0.0:42383] READ COMPLETE
2019-09-24 12:18:50,765 INFO  logging.LoggingHandler (AbstractInternalLogger.java:log(150)) - [id: 0xea9be81b, L:/0.0.0.0:43111] READ: [id: 0xfddaa59a, L:/192.168.34.44:43111 - R:/192.168.34.44:45080]
2019-09-24 12:18:50,765 INFO  logging.LoggingHandler (AbstractInternalLogger.java:log(150)) - [id: 0xe55ad1b4, L:/0.0.0.0:41479] READ COMPLETE
2019-09-24 12:18:50,766 INFO  logging.LoggingHandler (AbstractInternalLogger.java:log(150)) - [id: 0xc5c5d3e6, L:/0.0.0.0:42383] READ: [id: 0xe38b1900, L:/192.168.34.44:42383 - R:/192.168.34.44:60710]
2019-09-24 12:18:50,766 INFO  logging.LoggingHandler (AbstractInternalLogger.java:log(150)) - [id: 0xea9be81b, L:/0.0.0.0:43111] READ COMPLETE
2019-09-24 12:18:50,766 INFO  logging.LoggingHandler (AbstractInternalLogger.java:log(150)) - [id: 0xc5c5d3e6, L:/0.0.0.0:42383] READ COMPLETE
2019-09-24 12:18:50,766 INFO  logging.LoggingHandler (AbstractInternalLogger.java:log(150)) - [id: 0xe55ad1b4, L:/0.0.0.0:41479] READ: [id: 0x73b32e50, L:/192.168.34.44:41479 - R:/192.168.34.44:41190]
2019-09-24 12:18:50,766 INFO  logging.LoggingHandler (AbstractInternalLogger.java:log(150)) - [id: 0xea9be81b, L:/0.0.0.0:43111] READ: [id: 0x59efef04, L:/192.168.34.44:43111 - R:/192.168.34.44:45084]
2019-09-24 12:18:50,767 INFO  logging.LoggingHandler (AbstractInternalLogger.java:log(150)) - [id: 0xc5c5d3e6, L:/0.0.0.0:42383] READ: [id: 0x81dad629, L:/192.168.34.44:42383 - R:/192.168.34.44:60714]
2019-09-24 12:18:50,767 INFO  logging.LoggingHandler (AbstractInternalLogger.java:log(150)) - [id: 0xe55ad1b4, L:/0.0.0.0:41479] READ COMPLETE
2019-09-24 12:18:50,767 INFO  logging.LoggingHandler (AbstractInternalLogger.java:log(150)) - [id: 0xc5c5d3e6, L:/0.0.0.0:42383] READ COMPLETE
2019-09-24 12:18:50,767 INFO  logging.LoggingHandler (AbstractInternalLogger.java:log(150)) - [id: 0xea9be81b, L:/0.0.0.0:43111] READ COMPLETE
2019-09-24 12:18:50,767 INFO  logging.LoggingHandler (AbstractInternalLogger.java:log(150)) - [id: 0xe55ad1b4, L:/0.0.0.0:41479] READ: [id: 0x63eac0e2, L:/192.168.34.44:41479 - R:/192.168.34.44:41194]
2019-09-24 12:18:50,768 INFO  logging.LoggingHandler (AbstractInternalLogger.java:log(150)) - [id: 0xc5c5d3e6, L:/0.0.0.0:42383] READ: [id: 0x6932b0f7, L:/192.168.34.44:42383 - R:/192.168.34.44:60718]
2019-09-24 12:18:50,768 INFO  logging.LoggingHandler (AbstractInternalLogger.java:log(150)) - [id: 0xe55ad1b4, L:/0.0.0.0:41479] READ COMPLETE
2019-09-24 12:18:50,768 INFO  logging.LoggingHandler (AbstractInternalLogger.java:log(150)) - [id: 0xc5c5d3e6, L:/0.0.0.0:42383] READ COMPLETE
2019-09-24 12:18:50,768 INFO  logging.LoggingHandler (AbstractInternalLogger.java:log(150)) - [id: 0xe55ad1b4, L:/0.0.0.0:41479] READ: [id: 0x4b348bc9, L:/192.168.34.44:41479 - R:/192.168.34.44:41198]
2019-09-24 12:18:50,769 INFO  logging.LoggingHandler (AbstractInternalLogger.java:log(150)) - [id: 0xe55ad1b4, L:/0.0.0.0:41479] READ COMPLETE
2019-09-24 12:18:50,769 INFO  logging.LoggingHandler (AbstractInternalLogger.java:log(150)) - [id: 0xea9be81b, L:/0.0.0.0:43111] READ: [id: 0x79cf44b2, L:/192.168.34.44:43111 - R:/192.168.34.44:45096]
2019-09-24 12:18:50,769 INFO  logging.LoggingHandler (AbstractInternalLogger.java:log(150)) - [id: 0xc5c5d3e6, L:/0.0.0.0:42383] READ: [id: 0xaad64af2, L:/192.168.34.44:42383 - R:/192.168.34.44:60724]
2019-09-24 12:18:50,769 INFO  logging.LoggingHandler (AbstractInternalLogger.java:log(150)) - [id: 0xea9be81b, L:/0.0.0.0:43111] READ COMPLETE
2019-09-24 12:18:50,769 INFO  logging.LoggingHandler (AbstractInternalLogger.java:log(150)) - [id: 0xe55ad1b4, L:/0.0.0.0:41479] READ: [id: 0x4ab3702a, L:/192.168.34.44:41479 - R:/192.168.34.44:41204]
2019-09-24 12:18:50,770 INFO  logging.LoggingHandler (AbstractInternalLogger.java:log(150)) - [id: 0xea9be81b, L:/0.0.0.0:43111] READ: [id: 0x8cf82f40, L:/192.168.34.44:43111 - R:/192.168.34.44:45098]
2019-09-24 12:18:50,769 INFO  logging.LoggingHandler (AbstractInternalLogger.java:log(150)) - [id: 0xc5c5d3e6, L:/0.0.0.0:42383] READ COMPLETE
2019-09-24 12:18:50,770 INFO  logging.LoggingHandler (AbstractInternalLogger.java:log(150)) - [id: 0xea9be81b, L:/0.0.0.0:43111] READ COMPLETE
2019-09-24 12:18:50,770 INFO  logging.LoggingHandler (AbstractInternalLogger.java:log(150)) - [id: 0xe55ad1b4, L:/0.0.0.0:41479] READ COMPLETE
2019-09-24 12:18:50,770 INFO  logging.LoggingHandler (AbstractInternalLogger.java:log(150)) - [id: 0xc5c5d3e6, L:/0.0.0.0:42383] READ: [id: 0x1c7194af, L:/192.168.34.44:42383 - R:/192.168.34.44:60730]
2019-09-24 12:18:50,771 INFO  logging.LoggingHandler (AbstractInternalLogger.java:log(150)) - [id: 0xe55ad1b4, L:/0.0.0.0:41479] READ: [id: 0xef313c08, L:/192.168.34.44:41479 - R:/192.168.34.44:41214]
2019-09-24 12:18:50,771 INFO  logging.LoggingHandler (AbstractInternalLogger.java:log(150)) - [id: 0xea9be81b, L:/0.0.0.0:43111] READ: [id: 0xa76629e3, L:/192.168.34.44:43111 - R:/192.168.34.44:45100]
2019-09-24 12:18:50,771 INFO  logging.LoggingHandler (AbstractInternalLogger.java:log(150)) - [id: 0xe55ad1b4, L:/0.0.0.0:41479] READ COMPLETE
2019-09-24 12:18:50,771 INFO  logging.LoggingHandler (AbstractInternalLogger.java:log(150)) - [id: 0xc5c5d3e6, L:/0.0.0.0:42383] READ COMPLETE
2019-09-24 12:18:50,771 INFO  logging.LoggingHandler (AbstractInternalLogger.java:log(150)) - [id: 0xe55ad1b4, L:/0.0.0.0:41479] READ: [id: 0x5897ab5e, L:/192.168.34.44:41479 - R:/192.168.34.44:41220]
2019-09-24 12:18:50,771 INFO  logging.LoggingHandler (AbstractInternalLogger.java:log(150)) - [id: 0xea9be81b, L:/0.0.0.0:43111] READ COMPLETE
2019-09-24 12:18:50,772 INFO  logging.LoggingHandler (AbstractInternalLogger.java:log(150)) - [id: 0xc5c5d3e6, L:/0.0.0.0:42383] READ: [id: 0xd9f8d638, L:/192.168.34.44:42383 - R:/192.168.34.44:60734]
2019-09-24 12:18:50,772 INFO  logging.LoggingHandler (AbstractInternalLogger.java:log(150)) - [id: 0xe55ad1b4, L:/0.0.0.0:41479] READ COMPLETE
2019-09-24 12:18:50,772 INFO  logging.LoggingHandler (AbstractInternalLogger.java:log(150)) - [id: 0xc5c5d3e6, L:/0.0.0.0:42383] READ COMPLETE
2019-09-24 12:18:50,772 INFO  logging.LoggingHandler (AbstractInternalLogger.java:log(150)) - [id: 0xea9be81b, L:/0.0.0.0:43111] READ: [id: 0x010937a3, L:/192.168.34.44:43111 - R:/192.168.34.44:45108]
2019-09-24 12:18:50,772 INFO  logging.LoggingHandler (AbstractInternalLogger.java:log(150)) - [id: 0xe55ad1b4, L:/0.0.0.0:41479] READ: [id: 0xa8e720b5, L:/192.168.34.44:41479 - R:/192.168.34.44:41226]
2019-09-24 12:18:50,773 INFO  logging.LoggingHandler (AbstractInternalLogger.java:log(150)) - [id: 0xea9be81b, L:/0.0.0.0:43111] READ COMPLETE
2019-09-24 12:18:50,773 INFO  logging.LoggingHandler (AbstractInternalLogger.java:log(150)) - [id: 0xc5c5d3e6, L:/0.0.0.0:42383] READ: [id: 0x23018288, L:/192.168.34.44:42383 - R:/192.168.34.44:60736]
2019-09-24 12:18:50,773 INFO  logging.LoggingHandler (AbstractInternalLogger.java:log(150)) - [id: 0xea9be81b, L:/0.0.0.0:43111] READ: [id: 0xd7c824e5, L:/192.168.34.44:43111 - R:/192.168.34.44:45116]
2019-09-24 12:18:50,773 INFO  logging.LoggingHandler (AbstractInternalLogger.java:log(150)) - [id: 0xe55ad1b4, L:/0.0.0.0:41479] READ COMPLETE
2019-09-24 12:18:50,773 INFO  logging.LoggingHandler (AbstractInternalLogger.java:log(150)) - [id: 0xea9be81b, L:/0.0.0.0:43111] READ COMPLETE
2019-09-24 12:18:50,773 INFO  logging.LoggingHandler (AbstractInternalLogger.java:log(150)) - [id: 0xc5c5d3e6, L:/0.0.0.0:42383] READ COMPLETE
2019-09-24 12:18:50,774 INFO  logging.LoggingHandler (AbstractInternalLogger.java:log(150)) - [id: 0xea9be81b, L:/0.0.0.0:43111] READ: [id: 0x4bdbbe14, L:/192.168.34.44:43111 - R:/192.168.34.44:45118]
2019-09-24 12:18:50,774 INFO  logging.LoggingHandler (AbstractInternalLogger.java:log(150)) - [id: 0xe55ad1b4, L:/0.0.0.0:41479] READ: [id: 0x0d827d97, L:/192.168.34.44:41479 - R:/192.168.34.44:41234]
2019-09-24 12:18:50,774 INFO  logging.LoggingHandler (AbstractInternalLogger.java:log(150)) - [id: 0xea9be81b, L:/0.0.0.0:43111] READ COMPLETE
2019-09-24 12:18:50,774 INFO  logging.LoggingHandler (AbstractInternalLogger.java:log(150)) - [id: 0xc5c5d3e6, L:/0.0.0.0:42383] READ: [id: 0x8efa74b9, L:/192.168.34.44:42383 - R:/192.168.34.44:60740]
2019-09-24 12:18:50,775 INFO  logging.LoggingHandler (AbstractInternalLogger.java:log(150)) - [id: 0xea9be81b, L:/0.0.0.0:43111] READ: [id: 0x22968f31, L:/192.168.34.44:43111 - R:/192.168.34.44:45124]
2019-09-24 12:18:50,774 INFO  logging.LoggingHandler (AbstractInternalLogger.java:log(150)) - [id: 0xe55ad1b4, L:/0.0.0.0:41479] READ COMPLETE
2019-09-24 12:18:50,775 INFO  logging.LoggingHandler (AbstractInternalLogger.java:log(150)) - [id: 0xea9be81b, L:/0.0.0.0:43111] READ COMPLETE
2019-09-24 12:18:50,775 INFO  logging.LoggingHandler (AbstractInternalLogger.java:log(150)) - [id: 0xc5c5d3e6, L:/0.0.0.0:42383] READ COMPLETE
2019-09-24 12:18:50,776 INFO  logging.LoggingHandler (AbstractInternalLogger.java:log(150)) - [id: 0xea9be81b, L:/0.0.0.0:43111] READ: [id: 0x70490500, L:/192.168.34.44:43111 - R:/192.168.34.44:45126]
2019-09-24 12:18:50,776 INFO  logging.LoggingHandler (AbstractInternalLogger.java:log(150)) - [id: 0xe55ad1b4, L:/0.0.0.0:41479] READ: [id: 0xdee6fc7f, L:/192.168.34.44:41479 - R:/192.168.34.44:41238]
2019-09-24 12:18:50,776 INFO  logging.LoggingHandler (AbstractInternalLogger.java:log(150)) - [id: 0xea9be81b, L:/0.0.0.0:43111] READ COMPLETE
2019-09-24 12:18:50,776 INFO  logging.LoggingHandler (AbstractInternalLogger.java:log(150)) - [id: 0xc5c5d3e6, L:/0.0.0.0:42383] READ: [id: 0xde2160ca, L:/192.168.34.44:42383 - R:/192.168.34.44:60742]
2019-09-24 12:18:50,777 INFO  logging.LoggingHandler (AbstractInternalLogger.java:log(150)) - [id: 0xea9be81b, L:/0.0.0.0:43111] READ: [id: 0xa244e36f, L:/192.168.34.44:43111 - R:/192.168.34.44:45132]
2019-09-24 12:18:50,776 INFO  logging.LoggingHandler (AbstractInternalLogger.java:log(150)) - [id: 0xe55ad1b4, L:/0.0.0.0:41479] READ COMPLETE
2019-09-24 12:18:50,777 INFO  logging.LoggingHandler (AbstractInternalLogger.java:log(150)) - [id: 0xea9be81b, L:/0.0.0.0:43111] READ COMPLETE
2019-09-24 12:18:50,777 INFO  logging.LoggingHandler (AbstractInternalLogger.java:log(150)) - [id: 0xc5c5d3e6, L:/0.0.0.0:42383] READ COMPLETE
2019-09-24 12:18:50,777 INFO  logging.LoggingHandler (AbstractInternalLogger.java:log(150)) - [id: 0xe55ad1b4, L:/0.0.0.0:41479] READ: [id: 0xd7cfde96, L:/192.168.34.44:41479 - R:/192.168.34.44:41254]
2019-09-24 12:18:50,778 INFO  logging.LoggingHandler (AbstractInternalLogger.java:log(150)) - [id: 0xc5c5d3e6, L:/0.0.0.0:42383] READ: [id: 0xc2c9366d, L:/192.168.34.44:42383 - R:/192.168.34.44:60748]
2019-09-24 12:18:50,778 INFO  logging.LoggingHandler (AbstractInternalLogger.java:log(150)) - [id: 0xe55ad1b4, L:/0.0.0.0:41479] READ COMPLETE
2019-09-24 12:18:50,778 INFO  logging.LoggingHandler (AbstractInternalLogger.java:log(150)) - [id: 0xc5c5d3e6, L:/0.0.0.0:42383] READ COMPLETE
2019-09-24 12:18:50,778 INFO  logging.LoggingHandler (AbstractInternalLogger.java:log(150)) - [id: 0xe55ad1b4, L:/0.0.0.0:41479] READ: [id: 0xc400a850, L:/192.168.34.44:41479 - R:/192.168.34.44:41260]
2019-09-24 12:18:50,779 INFO  logging.LoggingHandler (AbstractInternalLogger.java:log(150)) - [id: 0xc5c5d3e6, L:/0.0.0.0:42383] READ: [id: 0xf59bef73, L:/192.168.34.44:42383 - R:/192.168.34.44:60754]
2019-09-24 12:18:50,779 INFO  logging.LoggingHandler (AbstractInternalLogger.java:log(150)) - [id: 0xe55ad1b4, L:/0.0.0.0:41479] READ COMPLETE
2019-09-24 12:18:50,779 INFO  logging.LoggingHandler (AbstractInternalLogger.java:log(150)) - [id: 0xc5c5d3e6, L:/0.0.0.0:42383] READ COMPLETE
2019-09-24 12:18:50,779 INFO  logging.LoggingHandler (AbstractInternalLogger.java:log(150)) - [id: 0xea9be81b, L:/0.0.0.0:43111] READ: [id: 0x38bf934c, L:/192.168.34.44:43111 - R:/192.168.34.44:45146]
2019-09-24 12:18:50,779 INFO  logging.LoggingHandler (AbstractInternalLogger.java:log(150)) - [id: 0xe55ad1b4, L:/0.0.0.0:41479] READ: [id: 0xe4bf8e43, L:/192.168.34.44:41479 - R:/192.168.34.44:41262]
2019-09-24 12:18:50,779 INFO  logging.LoggingHandler (AbstractInternalLogger.java:log(150)) - [id: 0xea9be81b, L:/0.0.0.0:43111] READ COMPLETE
2019-09-24 12:18:50,779 INFO  logging.LoggingHandler (AbstractInternalLogger.java:log(150)) - [id: 0xc5c5d3e6, L:/0.0.0.0:42383] READ: [id: 0xde8bd44f, L:/192.168.34.44:42383 - R:/192.168.34.44:60758]
2019-09-24 12:18:50,780 INFO  logging.LoggingHandler (AbstractInternalLogger.java:log(150)) - [id: 0xe55ad1b4, L:/0.0.0.0:41479] READ COMPLETE
2019-09-24 12:18:50,780 INFO  logging.LoggingHandler (AbstractInternalLogger.java:log(150)) - [id: 0xc5c5d3e6, L:/0.0.0.0:42383] READ COMPLETE
2019-09-24 12:18:50,780 INFO  logging.LoggingHandler (AbstractInternalLogger.java:log(150)) - [id: 0xea9be81b, L:/0.0.0.0:43111] READ: [id: 0x66b5beb1, L:/192.168.34.44:43111 - R:/192.168.34.44:45150]
2019-09-24 12:18:50,780 INFO  logging.LoggingHandler (AbstractInternalLogger.java:log(150)) - [id: 0xe55ad1b4, L:/0.0.0.0:41479] READ: [id: 0xe727c633, L:/192.168.34.44:41479 - R:/192.168.34.44:41268]
2019-09-24 12:18:50,781 INFO  logging.LoggingHandler (AbstractInternalLogger.java:log(150)) - [id: 0xc5c5d3e6, L:/0.0.0.0:42383] READ: [id: 0x44b86f5b, L:/192.168.34.44:42383 - R:/192.168.34.44:60760]
2019-09-24 12:18:50,781 INFO  logging.LoggingHandler (AbstractInternalLogger.java:log(150)) - [id: 0xea9be81b, L:/0.0.0.0:43111] READ COMPLETE
2019-09-24 12:18:50,781 INFO  logging.LoggingHandler (AbstractInternalLogger.java:log(150)) - [id: 0xc5c5d3e6, L:/0.0.0.0:42383] READ COMPLETE
2019-09-24 12:18:50,781 INFO  logging.LoggingHandler (AbstractInternalLogger.java:log(150)) - [id: 0xe55ad1b4, L:/0.0.0.0:41479] READ COMPLETE
2019-09-24 12:18:50,781 INFO  logging.LoggingHandler (AbstractInternalLogger.java:log(150)) - [id: 0xea9be81b, L:/0.0.0.0:43111] READ: [id: 0x84e7e9e1, L:/192.168.34.44:43111 - R:/192.168.34.44:45152]
2019-09-24 12:18:50,782 INFO  logging.LoggingHandler (AbstractInternalLogger.java:log(150)) - [id: 0xe55ad1b4, L:/0.0.0.0:41479] READ: [id: 0xa39a88ca, L:/192.168.34.44:41479 - R:/192.168.34.44:41278]
2019-09-24 12:18:50,781 INFO  logging.LoggingHandler (AbstractInternalLogger.java:log(150)) - [id: 0xc5c5d3e6, L:/0.0.0.0:42383] READ: [id: 0x806ba240, L:/192.168.34.44:42383 - R:/192.168.34.44:60768]
2019-09-24 12:18:50,782 INFO  logging.LoggingHandler (AbstractInternalLogger.java:log(150)) - [id: 0xe55ad1b4, L:/0.0.0.0:41479] READ COMPLETE
2019-09-24 12:18:50,782 INFO  logging.LoggingHandler (AbstractInternalLogger.java:log(150)) - [id: 0xea9be81b, L:/0.0.0.0:43111] READ COMPLETE
2019-09-24 12:18:50,782 INFO  logging.LoggingHandler (AbstractInternalLogger.java:log(150)) - [id: 0xe55ad1b4, L:/0.0.0.0:41479] READ: [id: 0xada9bda0, L:/192.168.34.44:41479 - R:/192.168.34.44:41282]
2019-09-24 12:18:50,782 INFO  logging.LoggingHandler (AbstractInternalLogger.java:log(150)) - [id: 0xc5c5d3e6, L:/0.0.0.0:42383] READ COMPLETE
2019-09-24 12:18:50,783 INFO  logging.LoggingHandler (AbstractInternalLogger.java:log(150)) - [id: 0xe55ad1b4, L:/0.0.0.0:41479] READ COMPLETE
2019-09-24 12:18:50,783 INFO  logging.LoggingHandler (AbstractInternalLogger.java:log(150)) - [id: 0xc5c5d3e6, L:/0.0.0.0:42383] READ: [id: 0x170e3d2c, L:/192.168.34.44:42383 - R:/192.168.34.44:60770]
2019-09-24 12:18:50,783 INFO  logging.LoggingHandler (AbstractInternalLogger.java:log(150)) - [id: 0xe55ad1b4, L:/0.0.0.0:41479] READ: [id: 0x351adff4, L:/192.168.34.44:41479 - R:/192.168.34.44:41284]
2019-09-24 12:18:50,783 INFO  logging.LoggingHandler (AbstractInternalLogger.java:log(150)) - [id: 0xc5c5d3e6, L:/0.0.0.0:42383] READ COMPLETE
2019-09-24 12:18:50,783 INFO  logging.LoggingHandler (AbstractInternalLogger.java:log(150)) - [id: 0xe55ad1b4, L:/0.0.0.0:41479] READ COMPLETE
2019-09-24 12:18:50,784 INFO  logging.LoggingHandler (AbstractInternalLogger.java:log(150)) - [id: 0xc5c5d3e6, L:/0.0.0.0:42383] READ: [id: 0x8c1a74c3, L:/192.168.34.44:42383 - R:/192.168.34.44:60776]
2019-09-24 12:18:50,784 INFO  logging.LoggingHandler (AbstractInternalLogger.java:log(150)) - [id: 0xe55ad1b4, L:/0.0.0.0:41479] READ: [id: 0x73cac059, L:/192.168.34.44:41479 - R:/192.168.34.44:41290]
2019-09-24 12:18:50,784 INFO  logging.LoggingHandler (AbstractInternalLogger.java:log(150)) - [id: 0xc5c5d3e6, L:/0.0.0.0:42383] READ COMPLETE
2019-09-24 12:18:50,784 INFO  logging.LoggingHandler (AbstractInternalLogger.java:log(150)) - [id: 0xe55ad1b4, L:/0.0.0.0:41479] READ COMPLETE
2019-09-24 12:18:50,784 INFO  logging.LoggingHandler (AbstractInternalLogger.java:log(150)) - [id: 0xc5c5d3e6, L:/0.0.0.0:42383] READ: [id: 0x32e781dd, L:/192.168.34.44:42383 - R:/192.168.34.44:60788]
2019-09-24 12:18:50,784 INFO  logging.LoggingHandler (AbstractInternalLogger.java:log(150)) - [id: 0xea9be81b, L:/0.0.0.0:43111] READ: [id: 0x57e72133, L:/192.168.34.44:43111 - R:/192.168.34.44:45174]
2019-09-24 12:18:50,785 INFO  logging.LoggingHandler (AbstractInternalLogger.java:log(150)) - [id: 0xc5c5d3e6, L:/0.0.0.0:42383] READ COMPLETE
2019-09-24 12:18:50,785 INFO  logging.LoggingHandler (AbstractInternalLogger.java:log(150)) - [id: 0xe55ad1b4, L:/0.0.0.0:41479] READ: [id: 0x509fbc98, L:/192.168.34.44:41479 - R:/192.168.34.44:41296]
2019-09-24 12:18:50,785 INFO  logging.LoggingHandler (AbstractInternalLogger.java:log(150)) - [id: 0xea9be81b, L:/0.0.0.0:43111] READ COMPLETE
2019-09-24 12:18:50,785 INFO  logging.LoggingHandler (AbstractInternalLogger.java:log(150)) - [id: 0xc5c5d3e6, L:/0.0.0.0:42383] READ: [id: 0x25e36bb0, L:/192.168.34.44:42383 - R:/192.168.34.44:60794]
2019-09-24 12:18:50,785 INFO  logging.LoggingHandler (AbstractInternalLogger.java:log(150)) - [id: 0xe55ad1b4, L:/0.0.0.0:41479] READ COMPLETE
2019-09-24 12:18:50,786 INFO  logging.LoggingHandler (AbstractInternalLogger.java:log(150)) - [id: 0xc5c5d3e6, L:/0.0.0.0:42383] READ COMPLETE
2019-09-24 12:18:50,786 INFO  logging.LoggingHandler (AbstractInternalLogger.java:log(150)) - [id: 0xea9be81b, L:/0.0.0.0:43111] READ: [id: 0xb47be221, L:/192.168.34.44:43111 - R:/192.168.34.44:45180]
2019-09-24 12:18:50,786 INFO  logging.LoggingHandler (AbstractInternalLogger.java:log(150)) - [id: 0xe55ad1b4, L:/0.0.0.0:41479] READ: [id: 0x6918e9c5, L:/192.168.34.44:41479 - R:/192.168.34.44:41302]
2019-09-24 12:18:50,786 INFO  logging.LoggingHandler (AbstractInternalLogger.java:log(150)) - [id: 0xc5c5d3e6, L:/0.0.0.0:42383] READ: [id: 0x20f45b5c, L:/192.168.34.44:42383 - R:/192.168.34.44:60804]
2019-09-24 12:18:50,786 INFO  logging.LoggingHandler (AbstractInternalLogger.java:log(150)) - [id: 0xea9be81b, L:/0.0.0.0:43111] READ COMPLETE
2019-09-24 12:18:50,787 INFO  logging.LoggingHandler (AbstractInternalLogger.java:log(150)) - [id: 0xc5c5d3e6, L:/0.0.0.0:42383] READ COMPLETE
2019-09-24 12:18:50,786 INFO  logging.LoggingHandler (AbstractInternalLogger.java:log(150)) - [id: 0xe55ad1b4, L:/0.0.0.0:41479] READ COMPLETE
2019-09-24 12:18:50,787 INFO  logging.LoggingHandler (AbstractInternalLogger.java:log(150)) - [id: 0xea9be81b, L:/0.0.0.0:43111] READ: [id: 0x70a876a8, L:/192.168.34.44:43111 - R:/192.168.34.44:45184]
2019-09-24 12:18:50,787 INFO  logging.LoggingHandler (AbstractInternalLogger.java:log(150)) - [id: 0xe55ad1b4, L:/0.0.0.0:41479] READ: [id: 0x845f70fa, L:/192.168.34.44:41479 - R:/192.168.34.44:41306]
2019-09-24 12:18:50,787 INFO  logging.LoggingHandler (AbstractInternalLogger.java:log(150)) - [id: 0xc5c5d3e6, L:/0.0.0.0:42383] READ: [id: 0x30921ff0, L:/192.168.34.44:42383 - R:/192.168.34.44:60806]
2019-09-24 12:18:50,788 INFO  logging.LoggingHandler (AbstractInternalLogger.java:log(150)) - [id: 0xe55ad1b4, L:/0.0.0.0:41479] READ COMPLETE
2019-09-24 12:18:50,787 INFO  logging.LoggingHandler (AbstractInternalLogger.java:log(150)) - [id: 0xea9be81b, L:/0.0.0.0:43111] READ COMPLETE
2019-09-24 12:18:50,788 INFO  logging.LoggingHandler (AbstractInternalLogger.java:log(150)) - [id: 0xc5c5d3e6, L:/0.0.0.0:42383] READ COMPLETE
2019-09-24 12:18:50,788 INFO  logging.LoggingHandler (AbstractInternalLogger.java:log(150)) - [id: 0xea9be81b, L:/0.0.0.0:43111] READ: [id: 0x7818d977, L:/192.168.34.44:43111 - R:/192.168.34.44:45186]
2019-09-24 12:18:50,788 INFO  logging.LoggingHandler (AbstractInternalLogger.java:log(150)) - [id: 0xe55ad1b4, L:/0.0.0.0:41479] READ: [id: 0xe9a70a29, L:/192.168.34.44:41479 - R:/192.168.34.44:41308]
2019-09-24 12:18:50,789 INFO  logging.LoggingHandler (AbstractInternalLogger.java:log(150)) - [id: 0xc5c5d3e6, L:/0.0.0.0:42383] READ: [id: 0xa4127cd3, L:/192.168.34.44:42383 - R:/192.168.34.44:60810]
2019-09-24 12:18:50,789 INFO  logging.LoggingHandler (AbstractInternalLogger.java:log(150)) - [id: 0xea9be81b, L:/0.0.0.0:43111] READ COMPLETE
2019-09-24 12:18:50,789 INFO  logging.LoggingHandler (AbstractInternalLogger.java:log(150)) - [id: 0xc5c5d3e6, L:/0.0.0.0:42383] READ COMPLETE
2019-09-24 12:18:50,789 INFO  logging.LoggingHandler (AbstractInternalLogger.java:log(150)) - [id: 0xe55ad1b4, L:/0.0.0.0:41479] READ COMPLETE
2019-09-24 12:18:50,789 INFO  logging.LoggingHandler (AbstractInternalLogger.java:log(150)) - [id: 0xea9be81b, L:/0.0.0.0:43111] READ: [id: 0x58e293ed, L:/192.168.34.44:43111 - R:/192.168.34.44:45188]
2019-09-24 12:18:50,790 INFO  logging.LoggingHandler (AbstractInternalLogger.java:log(150)) - [id: 0xe55ad1b4, L:/0.0.0.0:41479] READ: [id: 0x67794b1b, L:/192.168.34.44:41479 - R:/192.168.34.44:41312]
2019-09-24 12:18:50,789 INFO  logging.LoggingHandler (AbstractInternalLogger.java:log(150)) - [id: 0xc5c5d3e6, L:/0.0.0.0:42383] READ: [id: 0xbe623908, L:/192.168.34.44:42383 - R:/192.168.34.44:60822]
2019-09-24 12:18:50,790 INFO  logging.LoggingHandler (AbstractInternalLogger.java:log(150)) - [id: 0xe55ad1b4, L:/0.0.0.0:41479] READ COMPLETE
2019-09-24 12:18:50,790 INFO  logging.LoggingHandler (AbstractInternalLogger.java:log(150)) - [id: 0xea9be81b, L:/0.0.0.0:43111] READ COMPLETE
2019-09-24 12:18:50,790 INFO  logging.LoggingHandler (AbstractInternalLogger.java:log(150)) - [id: 0xc5c5d3e6, L:/0.0.0.0:42383] READ COMPLETE
2019-09-24 12:18:50,790 INFO  logging.LoggingHandler (AbstractInternalLogger.java:log(150)) - [id: 0xea9be81b, L:/0.0.0.0:43111] READ: [id: 0x1ba27e5c, L:/192.168.34.44:43111 - R:/192.168.34.44:45198]
2019-09-24 12:18:50,790 INFO  logging.LoggingHandler (AbstractInternalLogger.java:log(150)) - [id: 0xe55ad1b4, L:/0.0.0.0:41479] READ: [id: 0xeb4b0258, L:/192.168.34.44:41479 - R:/192.168.34.44:41318]
2019-09-24 12:18:50,791 INFO  logging.LoggingHandler (AbstractInternalLogger.java:log(150)) - [id: 0xc5c5d3e6, L:/0.0.0.0:42383] READ: [id: 0xd4c42158, L:/192.168.34.44:42383 - R:/192.168.34.44:60828]
2019-09-24 12:18:50,791 INFO  logging.LoggingHandler (AbstractInternalLogger.java:log(150)) - [id: 0xea9be81b, L:/0.0.0.0:43111] READ COMPLETE
2019-09-24 12:18:50,791 INFO  logging.LoggingHandler (AbstractInternalLogger.java:log(150)) - [id: 0xc5c5d3e6, L:/0.0.0.0:42383] READ COMPLETE
2019-09-24 12:18:50,791 INFO  logging.LoggingHandler (AbstractInternalLogger.java:log(150)) - [id: 0xe55ad1b4, L:/0.0.0.0:41479] READ COMPLETE
2019-09-24 12:18:50,791 INFO  logging.LoggingHandler (AbstractInternalLogger.java:log(150)) - [id: 0xea9be81b, L:/0.0.0.0:43111] READ: [id: 0x453d8453, L:/192.168.34.44:43111 - R:/192.168.34.44:45204]
2019-09-24 12:18:50,792 INFO  logging.LoggingHandler (AbstractInternalLogger.java:log(150)) - [id: 0xe55ad1b4, L:/0.0.0.0:41479] READ: [id: 0x75148b0f, L:/192.168.34.44:41479 - R:/192.168.34.44:41326]
2019-09-24 12:18:50,792 INFO  logging.LoggingHandler (AbstractInternalLogger.java:log(150)) - [id: 0xc5c5d3e6, L:/0.0.0.0:42383] READ: [id: 0x10900829, L:/192.168.34.44:42383 - R:/192.168.34.44:60832]
2019-09-24 12:18:50,792 INFO  logging.LoggingHandler (AbstractInternalLogger.java:log(150)) - [id: 0xe55ad1b4, L:/0.0.0.0:41479] READ COMPLETE
2019-09-24 12:18:50,792 INFO  logging.LoggingHandler (AbstractInternalLogger.java:log(150)) - [id: 0xea9be81b, L:/0.0.0.0:43111] READ COMPLETE
2019-09-24 12:18:50,792 INFO  logging.LoggingHandler (AbstractInternalLogger.java:log(150)) - [id: 0xc5c5d3e6, L:/0.0.0.0:42383] READ COMPLETE
2019-09-24 12:18:50,793 INFO  logging.LoggingHandler (AbstractInternalLogger.java:log(150)) - [id: 0xea9be81b, L:/0.0.0.0:43111] READ: [id: 0x4cd47205, L:/192.168.34.44:43111 - R:/192.168.34.44:45218]
2019-09-24 12:18:50,793 INFO  logging.LoggingHandler (AbstractInternalLogger.java:log(150)) - [id: 0xe55ad1b4, L:/0.0.0.0:41479] READ: [id: 0x7fe60240, L:/192.168.34.44:41479 - R:/192.168.34.44:41338]
2019-09-24 12:18:50,793 INFO  logging.LoggingHandler (AbstractInternalLogger.java:log(150)) - [id: 0xc5c5d3e6, L:/0.0.0.0:42383] READ: [id: 0x058a4f50, L:/192.168.34.44:42383 - R:/192.168.34.44:60834]
2019-09-24 12:18:50,793 INFO  logging.LoggingHandler (AbstractInternalLogger.java:log(150)) - [id: 0xea9be81b, L:/0.0.0.0:43111] READ COMPLETE
2019-09-24 12:18:50,793 INFO  logging.LoggingHandler (AbstractInternalLogger.java:log(150)) - [id: 0xc5c5d3e6, L:/0.0.0.0:42383] READ COMPLETE
2019-09-24 12:18:50,794 INFO  logging.LoggingHandler (AbstractInternalLogger.java:log(150)) - [id: 0xea9be81b, L:/0.0.0.0:43111] READ: [id: 0x80ac621c, L:/192.168.34.44:43111 - R:/192.168.34.44:45224]
2019-09-24 12:18:50,793 INFO  logging.LoggingHandler (AbstractInternalLogger.java:log(150)) - [id: 0xe55ad1b4, L:/0.0.0.0:41479] READ COMPLETE
2019-09-24 12:18:50,794 INFO  logging.LoggingHandler (AbstractInternalLogger.java:log(150)) - [id: 0xea9be81b, L:/0.0.0.0:43111] READ COMPLETE
2019-09-24 12:18:50,794 INFO  logging.LoggingHandler (AbstractInternalLogger.java:log(150)) - [id: 0xc5c5d3e6, L:/0.0.0.0:42383] READ: [id: 0x311f30ab, L:/192.168.34.44:42383 - R:/192.168.34.44:60838]
2019-09-24 12:18:50,794 INFO  logging.LoggingHandler (AbstractInternalLogger.java:log(150)) - [id: 0xe55ad1b4, L:/0.0.0.0:41479] READ: [id: 0xb77200d3, L:/192.168.34.44:41479 - R:/192.168.34.44:41342]
2019-09-24 12:18:50,794 INFO  logging.LoggingHandler (AbstractInternalLogger.java:log(150)) - [id: 0xea9be81b, L:/0.0.0.0:43111] READ: [id: 0x80f6f991, L:/192.168.34.44:43111 - R:/192.168.34.44:45228]
2019-09-24 12:18:50,794 INFO  logging.LoggingHandler (AbstractInternalLogger.java:log(150)) - [id: 0xc5c5d3e6, L:/0.0.0.0:42383] READ COMPLETE
2019-09-24 12:18:50,795 INFO  logging.LoggingHandler (AbstractInternalLogger.java:log(150)) - [id: 0xea9be81b, L:/0.0.0.0:43111] READ COMPLETE
2019-09-24 12:18:50,794 INFO  logging.LoggingHandler (AbstractInternalLogger.java:log(150)) - [id: 0xe55ad1b4, L:/0.0.0.0:41479] READ COMPLETE
2019-09-24 12:18:50,795 INFO  logging.LoggingHandler (AbstractInternalLogger.java:log(150)) - [id: 0xc5c5d3e6, L:/0.0.0.0:42383] READ: [id: 0xbc97543d, L:/192.168.34.44:42383 - R:/192.168.34.44:60842]
2019-09-24 12:18:50,795 INFO  logging.LoggingHandler (AbstractInternalLogger.java:log(150)) - [id: 0xe55ad1b4, L:/0.0.0.0:41479] READ: [id: 0x7c393538, L:/192.168.34.44:41479 - R:/192.168.34.44:41344]
2019-09-24 12:18:50,795 INFO  logging.LoggingHandler (AbstractInternalLogger.java:log(150)) - [id: 0xc5c5d3e6, L:/0.0.0.0:42383] READ COMPLETE
2019-09-24 12:18:50,796 INFO  logging.LoggingHandler (AbstractInternalLogger.java:log(150)) - [id: 0xe55ad1b4, L:/0.0.0.0:41479] READ COMPLETE
2019-09-24 12:18:50,796 INFO  logging.LoggingHandler (AbstractInternalLogger.java:log(150)) - [id: 0xc5c5d3e6, L:/0.0.0.0:42383] READ: [id: 0x4f589b0c, L:/192.168.34.44:42383 - R:/192.168.34.44:60848]
2019-09-24 12:18:50,796 INFO  logging.LoggingHandler (AbstractInternalLogger.java:log(150)) - [id: 0xe55ad1b4, L:/0.0.0.0:41479] READ: [id: 0x8ee6cd15, L:/192.168.34.44:41479 - R:/192.168.34.44:41348]
2019-09-24 12:18:50,796 INFO  logging.LoggingHandler (AbstractInternalLogger.java:log(150)) - [id: 0xc5c5d3e6, L:/0.0.0.0:42383] READ COMPLETE
2019-09-24 12:18:50,796 INFO  logging.LoggingHandler (AbstractInternalLogger.java:log(150)) - [id: 0xe55ad1b4, L:/0.0.0.0:41479] READ COMPLETE
2019-09-24 12:18:50,797 INFO  logging.LoggingHandler (AbstractInternalLogger.java:log(150)) - [id: 0xc5c5d3e6, L:/0.0.0.0:42383] READ: [id: 0x640907d4, L:/192.168.34.44:42383 - R:/192.168.34.44:60858]
2019-09-24 12:18:50,797 INFO  logging.LoggingHandler (AbstractInternalLogger.java:log(150)) - [id: 0xea9be81b, L:/0.0.0.0:43111] READ: [id: 0xe2a28748, L:/192.168.34.44:43111 - R:/192.168.34.44:45242]
2019-09-24 12:18:50,797 INFO  logging.LoggingHandler (AbstractInternalLogger.java:log(150)) - [id: 0xe55ad1b4, L:/0.0.0.0:41479] READ: [id: 0x9baf8fe4, L:/192.168.34.44:41479 - R:/192.168.34.44:41350]
2019-09-24 12:18:50,797 INFO  logging.LoggingHandler (AbstractInternalLogger.java:log(150)) - [id: 0xea9be81b, L:/0.0.0.0:43111] READ COMPLETE
2019-09-24 12:18:50,797 INFO  logging.LoggingHandler (AbstractInternalLogger.java:log(150)) - [id: 0xc5c5d3e6, L:/0.0.0.0:42383] READ COMPLETE
2019-09-24 12:18:50,798 INFO  logging.LoggingHandler (AbstractInternalLogger.java:log(150)) - [id: 0xea9be81b, L:/0.0.0.0:43111] READ: [id: 0x048d158b, L:/192.168.34.44:43111 - R:/192.168.34.44:45244]
2019-09-24 12:18:50,797 INFO  logging.LoggingHandler (AbstractInternalLogger.java:log(150)) - [id: 0xe55ad1b4, L:/0.0.0.0:41479] READ COMPLETE
2019-09-24 12:18:50,798 INFO  logging.LoggingHandler (AbstractInternalLogger.java:log(150)) - [id: 0xc5c5d3e6, L:/0.0.0.0:42383] READ: [id: 0x141ddae8, L:/192.168.34.44:42383 - R:/192.168.34.44:60876]
2019-09-24 12:18:50,798 INFO  logging.LoggingHandler (AbstractInternalLogger.java:log(150)) - [id: 0xea9be81b, L:/0.0.0.0:43111] READ COMPLETE
2019-09-24 12:18:50,798 INFO  logging.LoggingHandler (AbstractInternalLogger.java:log(150)) - [id: 0xc5c5d3e6, L:/0.0.0.0:42383] READ COMPLETE
2019-09-24 12:18:50,798 INFO  logging.LoggingHandler (AbstractInternalLogger.java:log(150)) - [id: 0xe55ad1b4, L:/0.0.0.0:41479] READ: [id: 0xbcd878d4, L:/192.168.34.44:41479 - R:/192.168.34.44:41354]
2019-09-24 12:18:50,799 INFO  logging.LoggingHandler (AbstractInternalLogger.java:log(150)) - [id: 0xea9be81b, L:/0.0.0.0:43111] READ: [id: 0x26c7a6bd, L:/192.168.34.44:43111 - R:/192.168.34.44:45248]
2019-09-24 12:18:50,799 INFO  logging.LoggingHandler (AbstractInternalLogger.java:log(150)) - [id: 0xc5c5d3e6, L:/0.0.0.0:42383] READ: [id: 0x13d13c7b, L:/192.168.34.44:42383 - R:/192.168.34.44:60882]
2019-09-24 12:18:50,799 INFO  logging.LoggingHandler (AbstractInternalLogger.java:log(150)) - [id: 0xe55ad1b4, L:/0.0.0.0:41479] READ COMPLETE
2019-09-24 12:18:50,799 INFO  logging.LoggingHandler (AbstractInternalLogger.java:log(150)) - [id: 0xc5c5d3e6, L:/0.0.0.0:42383] READ COMPLETE
2019-09-24 12:18:50,799 INFO  logging.LoggingHandler (AbstractInternalLogger.java:log(150)) - [id: 0xea9be81b, L:/0.0.0.0:43111] READ COMPLETE
2019-09-24 12:18:50,799 INFO  logging.LoggingHandler (AbstractInternalLogger.java:log(150)) - [id: 0xe55ad1b4, L:/0.0.0.0:41479] READ: [id: 0x1bb83212, L:/192.168.34.44:41479 - R:/192.168.34.44:41356]
2019-09-24 12:18:50,800 INFO  logging.LoggingHandler (AbstractInternalLogger.java:log(150)) - [id: 0xea9be81b, L:/0.0.0.0:43111] READ: [id: 0x2af38929, L:/192.168.34.44:43111 - R:/192.168.34.44:45252]
2019-09-24 12:18:50,800 INFO  logging.LoggingHandler (AbstractInternalLogger.java:log(150)) - [id: 0xc5c5d3e6, L:/0.0.0.0:42383] READ: [id: 0x3923497a, L:/192.168.34.44:42383 - R:/192.168.34.44:60888]
2019-09-24 12:18:50,800 INFO  logging.LoggingHandler (AbstractInternalLogger.java:log(150)) - [id: 0xea9be81b, L:/0.0.0.0:43111] READ COMPLETE
2019-09-24 12:18:50,800 INFO  logging.LoggingHandler (AbstractInternalLogger.java:log(150)) - [id: 0xe55ad1b4, L:/0.0.0.0:41479] READ COMPLETE
2019-09-24 12:18:50,800 INFO  logging.LoggingHandler (AbstractInternalLogger.java:log(150)) - [id: 0xc5c5d3e6, L:/0.0.0.0:42383] READ COMPLETE
2019-09-24 12:18:50,801 INFO  logging.LoggingHandler (AbstractInternalLogger.java:log(150)) - [id: 0xe55ad1b4, L:/0.0.0.0:41479] READ: [id: 0x81ef059f, L:/192.168.34.44:41479 - R:/192.168.34.44:41360]
2019-09-24 12:18:50,801 INFO  logging.LoggingHandler (AbstractInternalLogger.java:log(150)) - [id: 0xe55ad1b4, L:/0.0.0.0:41479] READ COMPLETE
2019-09-24 12:18:50,801 INFO  logging.LoggingHandler (AbstractInternalLogger.java:log(150)) - [id: 0xc5c5d3e6, L:/0.0.0.0:42383] READ: [id: 0x619a30f4, L:/192.168.34.44:42383 - R:/192.168.34.44:60902]
2019-09-24 12:18:50,801 INFO  logging.LoggingHandler (AbstractInternalLogger.java:log(150)) - [id: 0xe55ad1b4, L:/0.0.0.0:41479] READ: [id: 0x74f6bb2b, L:/192.168.34.44:41479 - R:/192.168.34.44:41362]
2019-09-24 12:18:50,801 INFO  logging.LoggingHandler (AbstractInternalLogger.java:log(150)) - [id: 0xea9be81b, L:/0.0.0.0:43111] READ: [id: 0xbe1a06ad, L:/192.168.34.44:43111 - R:/192.168.34.44:45264]
2019-09-24 12:18:50,801 INFO  logging.LoggingHandler (AbstractInternalLogger.java:log(150)) - [id: 0xe55ad1b4, L:/0.0.0.0:41479] READ COMPLETE
2019-09-24 12:18:50,801 INFO  logging.LoggingHandler (AbstractInternalLogger.java:log(150)) - [id: 0xc5c5d3e6, L:/0.0.0.0:42383] READ COMPLETE
2019-09-24 12:18:50,802 INFO  logging.LoggingHandler (AbstractInternalLogger.java:log(150)) - [id: 0xe55ad1b4, L:/0.0.0.0:41479] READ: [id: 0xaf54e66f, L:/192.168.34.44:41479 - R:/192.168.34.44:41368]
2019-09-24 12:18:50,801 INFO  logging.LoggingHandler (AbstractInternalLogger.java:log(150)) - [id: 0xea9be81b, L:/0.0.0.0:43111] READ COMPLETE
2019-09-24 12:18:50,802 INFO  logging.LoggingHandler (AbstractInternalLogger.java:log(150)) - [id: 0xe55ad1b4, L:/0.0.0.0:41479] READ COMPLETE
2019-09-24 12:18:50,802 INFO  logging.LoggingHandler (AbstractInternalLogger.java:log(150)) - [id: 0xc5c5d3e6, L:/0.0.0.0:42383] READ: [id: 0x14b73e18, L:/192.168.34.44:42383 - R:/192.168.34.44:60912]
2019-09-24 12:18:50,802 INFO  logging.LoggingHandler (AbstractInternalLogger.java:log(150)) - [id: 0xe55ad1b4, L:/0.0.0.0:41479] READ: [id: 0x87396169, L:/192.168.34.44:41479 - R:/192.168.34.44:41374]
2019-09-24 12:18:50,802 INFO  logging.LoggingHandler (AbstractInternalLogger.java:log(150)) - [id: 0xea9be81b, L:/0.0.0.0:43111] READ: [id: 0x247ea047, L:/192.168.34.44:43111 - R:/192.168.34.44:45272]
2019-09-24 12:18:50,803 INFO  logging.LoggingHandler (AbstractInternalLogger.java:log(150)) - [id: 0xe55ad1b4, L:/0.0.0.0:41479] READ COMPLETE
2019-09-24 12:18:50,802 INFO  logging.LoggingHandler (AbstractInternalLogger.java:log(150)) - [id: 0xc5c5d3e6, L:/0.0.0.0:42383] READ COMPLETE
2019-09-24 12:18:50,803 INFO  logging.LoggingHandler (AbstractInternalLogger.java:log(150)) - [id: 0xe55ad1b4, L:/0.0.0.0:41479] READ: [id: 0xa98aaddd, L:/192.168.34.44:41479 - R:/192.168.34.44:41378]
2019-09-24 12:18:50,803 INFO  logging.LoggingHandler (AbstractInternalLogger.java:log(150)) - [id: 0xea9be81b, L:/0.0.0.0:43111] READ COMPLETE
2019-09-24 12:18:50,803 INFO  logging.LoggingHandler (AbstractInternalLogger.java:log(150)) - [id: 0xc5c5d3e6, L:/0.0.0.0:42383] READ: [id: 0xbb13fe29, L:/192.168.34.44:42383 - R:/192.168.34.44:60920]
2019-09-24 12:18:50,803 INFO  logging.LoggingHandler (AbstractInternalLogger.java:log(150)) - [id: 0xe55ad1b4, L:/0.0.0.0:41479] READ COMPLETE
2019-09-24 12:18:50,804 INFO  logging.LoggingHandler (AbstractInternalLogger.java:log(150)) - [id: 0xc5c5d3e6, L:/0.0.0.0:42383] READ COMPLETE
2019-09-24 12:18:50,803 INFO  logging.LoggingHandler (AbstractInternalLogger.java:log(150)) - [id: 0xea9be81b, L:/0.0.0.0:43111] READ: [id: 0xa9b93923, L:/192.168.34.44:43111 - R:/192.168.34.44:45274]
2019-09-24 12:18:50,804 INFO  logging.LoggingHandler (AbstractInternalLogger.java:log(150)) - [id: 0xe55ad1b4, L:/0.0.0.0:41479] READ: [id: 0xde45a584, L:/192.168.34.44:41479 - R:/192.168.34.44:41380]
2019-09-24 12:18:50,804 INFO  logging.LoggingHandler (AbstractInternalLogger.java:log(150)) - [id: 0xea9be81b, L:/0.0.0.0:43111] READ COMPLETE
2019-09-24 12:18:50,804 INFO  logging.LoggingHandler (AbstractInternalLogger.java:log(150)) - [id: 0xc5c5d3e6, L:/0.0.0.0:42383] READ: [id: 0xc1b48345, L:/192.168.34.44:42383 - R:/192.168.34.44:60924]
2019-09-24 12:18:50,804 INFO  logging.LoggingHandler (AbstractInternalLogger.java:log(150)) - [id: 0xea9be81b, L:/0.0.0.0:43111] READ: [id: 0x35ffc1cf, L:/192.168.34.44:43111 - R:/192.168.34.44:45278]
2019-09-24 12:18:50,804 INFO  logging.LoggingHandler (AbstractInternalLogger.java:log(150)) - [id: 0xe55ad1b4, L:/0.0.0.0:41479] READ COMPLETE
2019-09-24 12:18:50,805 INFO  logging.LoggingHandler (AbstractInternalLogger.java:log(150)) - [id: 0xe55ad1b4, L:/0.0.0.0:41479] READ: [id: 0xaf6a0578, L:/192.168.34.44:41479 - R:/192.168.34.44:41382]
2019-09-24 12:18:50,805 INFO  logging.LoggingHandler (AbstractInternalLogger.java:log(150)) - [id: 0xea9be81b, L:/0.0.0.0:43111] READ COMPLETE
2019-09-24 12:18:50,805 INFO  logging.LoggingHandler (AbstractInternalLogger.java:log(150)) - [id: 0xc5c5d3e6, L:/0.0.0.0:42383] READ COMPLETE
2019-09-24 12:18:50,805 INFO  logging.LoggingHandler (AbstractInternalLogger.java:log(150)) - [id: 0xea9be81b, L:/0.0.0.0:43111] READ: [id: 0x31d265cf, L:/192.168.34.44:43111 - R:/192.168.34.44:45282]
2019-09-24 12:18:50,805 INFO  logging.LoggingHandler (AbstractInternalLogger.java:log(150)) - [id: 0xe55ad1b4, L:/0.0.0.0:41479] READ COMPLETE
2019-09-24 12:18:50,806 INFO  logging.LoggingHandler (AbstractInternalLogger.java:log(150)) - [id: 0xea9be81b, L:/0.0.0.0:43111] READ COMPLETE
2019-09-24 12:18:50,806 INFO  logging.LoggingHandler (AbstractInternalLogger.java:log(150)) - [id: 0xc5c5d3e6, L:/0.0.0.0:42383] READ: [id: 0xe7c77568, L:/192.168.34.44:42383 - R:/192.168.34.44:60932]
2019-09-24 12:18:50,806 INFO  logging.LoggingHandler (AbstractInternalLogger.java:log(150)) - [id: 0xea9be81b, L:/0.0.0.0:43111] READ: [id: 0xc3adef24, L:/192.168.34.44:43111 - R:/192.168.34.44:45286]
2019-09-24 12:18:50,806 INFO  logging.LoggingHandler (AbstractInternalLogger.java:log(150)) - [id: 0xe55ad1b4, L:/0.0.0.0:41479] READ: [id: 0x9e397294, L:/192.168.34.44:41479 - R:/192.168.34.44:41386]
2019-09-24 12:18:50,806 INFO  logging.LoggingHandler (AbstractInternalLogger.java:log(150)) - [id: 0xea9be81b, L:/0.0.0.0:43111] READ COMPLETE
2019-09-24 12:18:50,806 INFO  logging.LoggingHandler (AbstractInternalLogger.java:log(150)) - [id: 0xc5c5d3e6, L:/0.0.0.0:42383] READ COMPLETE
2019-09-24 12:18:50,807 INFO  logging.LoggingHandler (AbstractInternalLogger.java:log(150)) - [id: 0xea9be81b, L:/0.0.0.0:43111] READ: [id: 0x5bde131b, L:/192.168.34.44:43111 - R:/192.168.34.44:45292]
2019-09-24 12:18:50,806 INFO  logging.LoggingHandler (AbstractInternalLogger.java:log(150)) - [id: 0xe55ad1b4, L:/0.0.0.0:41479] READ COMPLETE
2019-09-24 12:18:50,807 INFO  logging.LoggingHandler (AbstractInternalLogger.java:log(150)) - [id: 0xc5c5d3e6, L:/0.0.0.0:42383] READ: [id: 0x6abcab01, L:/192.168.34.44:42383 - R:/192.168.34.44:60936]
2019-09-24 12:18:50,807 INFO  logging.LoggingHandler (AbstractInternalLogger.java:log(150)) - [id: 0xea9be81b, L:/0.0.0.0:43111] READ COMPLETE
2019-09-24 12:18:50,807 INFO  logging.LoggingHandler (AbstractInternalLogger.java:log(150)) - [id: 0xc5c5d3e6, L:/0.0.0.0:42383] READ COMPLETE
2019-09-24 12:18:50,807 INFO  logging.LoggingHandler (AbstractInternalLogger.java:log(150)) - [id: 0xe55ad1b4, L:/0.0.0.0:41479] READ: [id: 0x53a1e84c, L:/192.168.34.44:41479 - R:/192.168.34.44:41388]
2019-09-24 12:18:50,808 INFO  logging.LoggingHandler (AbstractInternalLogger.java:log(150)) - [id: 0xea9be81b, L:/0.0.0.0:43111] READ: [id: 0x95217379, L:/192.168.34.44:43111 - R:/192.168.34.44:45294]
2019-09-24 12:18:50,808 INFO  logging.LoggingHandler (AbstractInternalLogger.java:log(150)) - [id: 0xc5c5d3e6, L:/0.0.0.0:42383] READ: [id: 0x7deb59b1, L:/192.168.34.44:42383 - R:/192.168.34.44:60942]
2019-09-24 12:18:50,808 INFO  logging.LoggingHandler (AbstractInternalLogger.java:log(150)) - [id: 0xe55ad1b4, L:/0.0.0.0:41479] READ COMPLETE
2019-09-24 12:18:50,808 INFO  logging.LoggingHandler (AbstractInternalLogger.java:log(150)) - [id: 0xc5c5d3e6, L:/0.0.0.0:42383] READ COMPLETE
2019-09-24 12:18:50,808 INFO  logging.LoggingHandler (AbstractInternalLogger.java:log(150)) - [id: 0xea9be81b, L:/0.0.0.0:43111] READ COMPLETE
2019-09-24 12:18:50,808 INFO  logging.LoggingHandler (AbstractInternalLogger.java:log(150)) - [id: 0xe55ad1b4, L:/0.0.0.0:41479] READ: [id: 0xd0efab80, L:/192.168.34.44:41479 - R:/192.168.34.44:41398]
2019-09-24 12:18:50,809 INFO  logging.LoggingHandler (AbstractInternalLogger.java:log(150)) - [id: 0xea9be81b, L:/0.0.0.0:43111] READ: [id: 0xe463d0e5, L:/192.168.34.44:43111 - R:/192.168.34.44:45302]
2019-09-24 12:18:50,809 INFO  logging.LoggingHandler (AbstractInternalLogger.java:log(150)) - [id: 0xc5c5d3e6, L:/0.0.0.0:42383] READ: [id: 0x8aeeae38, L:/192.168.34.44:42383 - R:/192.168.34.44:60956]
2019-09-24 12:18:50,809 INFO  logging.LoggingHandler (AbstractInternalLogger.java:log(150)) - [id: 0xea9be81b, L:/0.0.0.0:43111] READ COMPLETE
2019-09-24 12:18:50,809 INFO  logging.LoggingHandler (AbstractInternalLogger.java:log(150)) - [id: 0xe55ad1b4, L:/0.0.0.0:41479] READ COMPLETE
2019-09-24 12:18:50,809 INFO  logging.LoggingHandler (AbstractInternalLogger.java:log(150)) - [id: 0xc5c5d3e6, L:/0.0.0.0:42383] READ COMPLETE
2019-09-24 12:18:50,810 INFO  logging.LoggingHandler (AbstractInternalLogger.java:log(150)) - [id: 0xe55ad1b4, L:/0.0.0.0:41479] READ: [id: 0x58975ba7, L:/192.168.34.44:41479 - R:/192.168.34.44:41404]
2019-09-24 12:18:50,809 INFO  logging.LoggingHandler (AbstractInternalLogger.java:log(150)) - [id: 0xea9be81b, L:/0.0.0.0:43111] READ: [id: 0xdf0500db, L:/192.168.34.44:43111 - R:/192.168.34.44:45306]
2019-09-24 12:18:50,810 INFO  logging.LoggingHandler (AbstractInternalLogger.java:log(150)) - [id: 0xc5c5d3e6, L:/0.0.0.0:42383] READ: [id: 0xb54499d5, L:/192.168.34.44:42383 - R:/192.168.34.44:60962]
2019-09-24 12:18:50,810 INFO  logging.LoggingHandler (AbstractInternalLogger.java:log(150)) - [id: 0xe55ad1b4, L:/0.0.0.0:41479] READ COMPLETE
2019-09-24 12:18:50,810 INFO  logging.LoggingHandler (AbstractInternalLogger.java:log(150)) - [id: 0xc5c5d3e6, L:/0.0.0.0:42383] READ COMPLETE
2019-09-24 12:18:50,810 INFO  logging.LoggingHandler (AbstractInternalLogger.java:log(150)) - [id: 0xea9be81b, L:/0.0.0.0:43111] READ COMPLETE
2019-09-24 12:18:50,811 INFO  logging.LoggingHandler (AbstractInternalLogger.java:log(150)) - [id: 0xe55ad1b4, L:/0.0.0.0:41479] READ: [id: 0xa5c1789c, L:/192.168.34.44:41479 - R:/192.168.34.44:41408]
2019-09-24 12:18:50,811 INFO  logging.LoggingHandler (AbstractInternalLogger.java:log(150)) - [id: 0xe55ad1b4, L:/0.0.0.0:41479] READ COMPLETE
2019-09-24 12:18:50,811 INFO  logging.LoggingHandler (AbstractInternalLogger.java:log(150)) - [id: 0xc5c5d3e6, L:/0.0.0.0:42383] READ: [id: 0xbcd8e769, L:/192.168.34.44:42383 - R:/192.168.34.44:60964]
2019-09-24 12:18:50,811 INFO  logging.LoggingHandler (AbstractInternalLogger.java:log(150)) - [id: 0xe55ad1b4, L:/0.0.0.0:41479] READ: [id: 0x28c475df, L:/192.168.34.44:41479 - R:/192.168.34.44:41410]
2019-09-24 12:18:50,811 INFO  logging.LoggingHandler (AbstractInternalLogger.java:log(150)) - [id: 0xc5c5d3e6, L:/0.0.0.0:42383] READ COMPLETE
2019-09-24 12:18:50,811 INFO  logging.LoggingHandler (AbstractInternalLogger.java:log(150)) - [id: 0xe55ad1b4, L:/0.0.0.0:41479] READ COMPLETE
2019-09-24 12:18:50,811 INFO  logging.LoggingHandler (AbstractInternalLogger.java:log(150)) - [id: 0xea9be81b, L:/0.0.0.0:43111] READ: [id: 0x8401f964, L:/192.168.34.44:43111 - R:/192.168.34.44:45312]
2019-09-24 12:18:50,812 INFO  logging.LoggingHandler (AbstractInternalLogger.java:log(150)) - [id: 0xc5c5d3e6, L:/0.0.0.0:42383] READ: [id: 0x335f37a0, L:/192.168.34.44:42383 - R:/192.168.34.44:60974]
2019-09-24 12:18:50,812 INFO  logging.LoggingHandler (AbstractInternalLogger.java:log(150)) - [id: 0xe55ad1b4, L:/0.0.0.0:41479] READ: [id: 0xd4268bdd, L:/192.168.34.44:41479 - R:/192.168.34.44:41416]
2019-09-24 12:18:50,812 INFO  logging.LoggingHandler (AbstractInternalLogger.java:log(150)) - [id: 0xea9be81b, L:/0.0.0.0:43111] READ COMPLETE
2019-09-24 12:18:50,812 INFO  logging.LoggingHandler (AbstractInternalLogger.java:log(150)) - [id: 0xe55ad1b4, L:/0.0.0.0:41479] READ COMPLETE
2019-09-24 12:18:50,813 INFO  logging.LoggingHandler (AbstractInternalLogger.java:log(150)) - [id: 0xea9be81b, L:/0.0.0.0:43111] READ: [id: 0xbc073e41, L:/192.168.34.44:43111 - R:/192.168.34.44:45316]
2019-09-24 12:18:50,812 INFO  logging.LoggingHandler (AbstractInternalLogger.java:log(150)) - [id: 0xc5c5d3e6, L:/0.0.0.0:42383] READ COMPLETE
2019-09-24 12:18:50,813 INFO  logging.LoggingHandler (AbstractInternalLogger.java:log(150)) - [id: 0xea9be81b, L:/0.0.0.0:43111] READ COMPLETE
2019-09-24 12:18:50,813 INFO  logging.LoggingHandler (AbstractInternalLogger.java:log(150)) - [id: 0xe55ad1b4, L:/0.0.0.0:41479] READ: [id: 0xf71920cc, L:/192.168.34.44:41479 - R:/192.168.34.44:41428]
2019-09-24 12:18:50,813 INFO  logging.LoggingHandler (AbstractInternalLogger.java:log(150)) - [id: 0xea9be81b, L:/0.0.0.0:43111] READ: [id: 0x227ac1fd, L:/192.168.34.44:43111 - R:/192.168.34.44:45318]
2019-09-24 12:18:50,813 INFO  logging.LoggingHandler (AbstractInternalLogger.java:log(150)) - [id: 0xc5c5d3e6, L:/0.0.0.0:42383] READ: [id: 0x2da2dc68, L:/192.168.34.44:42383 - R:/192.168.34.44:60980]
2019-09-24 12:18:50,813 INFO  logging.LoggingHandler (AbstractInternalLogger.java:log(150)) - [id: 0xea9be81b, L:/0.0.0.0:43111] READ COMPLETE
2019-09-24 12:18:50,813 INFO  logging.LoggingHandler (AbstractInternalLogger.java:log(150)) - [id: 0xe55ad1b4, L:/0.0.0.0:41479] READ COMPLETE
2019-09-24 12:18:50,814 INFO  logging.LoggingHandler (AbstractInternalLogger.java:log(150)) - [id: 0xea9be81b, L:/0.0.0.0:43111] READ: [id: 0xb2ae1682, L:/192.168.34.44:43111 - R:/192.168.34.44:45324]
2019-09-24 12:18:50,814 INFO  logging.LoggingHandler (AbstractInternalLogger.java:log(150)) - [id: 0xc5c5d3e6, L:/0.0.0.0:42383] READ COMPLETE
2019-09-24 12:18:50,814 INFO  logging.LoggingHandler (AbstractInternalLogger.java:log(150)) - [id: 0xea9be81b, L:/0.0.0.0:43111] READ COMPLETE
2019-09-24 12:18:50,814 INFO  logging.LoggingHandler (AbstractInternalLogger.java:log(150)) - [id: 0xc5c5d3e6, L:/0.0.0.0:42383] READ: [id: 0x9dde7ee2, L:/192.168.34.44:42383 - R:/192.168.34.44:60996]
2019-09-24 12:18:50,815 INFO  logging.LoggingHandler (AbstractInternalLogger.java:log(150)) - [id: 0xea9be81b, L:/0.0.0.0:43111] READ: [id: 0x682700d0, L:/192.168.34.44:43111 - R:/192.168.34.44:45332]
2019-09-24 12:18:50,814 INFO  logging.LoggingHandler (AbstractInternalLogger.java:log(150)) - [id: 0xe55ad1b4, L:/0.0.0.0:41479] READ: [id: 0x5e31ee0a, L:/192.168.34.44:41479 - R:/192.168.34.44:41432]
2019-09-24 12:18:50,815 INFO  logging.LoggingHandler (AbstractInternalLogger.java:log(150)) - [id: 0xea9be81b, L:/0.0.0.0:43111] READ COMPLETE
2019-09-24 12:18:50,815 INFO  logging.LoggingHandler (AbstractInternalLogger.java:log(150)) - [id: 0xc5c5d3e6, L:/0.0.0.0:42383] READ COMPLETE
2019-09-24 12:18:50,815 INFO  logging.LoggingHandler (AbstractInternalLogger.java:log(150)) - [id: 0xea9be81b, L:/0.0.0.0:43111] READ: [id: 0x36f58b72, L:/192.168.34.44:43111 - R:/192.168.34.44:45334]
2019-09-24 12:18:50,815 INFO  logging.LoggingHandler (AbstractInternalLogger.java:log(150)) - [id: 0xe55ad1b4, L:/0.0.0.0:41479] READ COMPLETE
2019-09-24 12:18:50,815 INFO  logging.LoggingHandler (AbstractInternalLogger.java:log(150)) - [id: 0xea9be81b, L:/0.0.0.0:43111] READ COMPLETE
2019-09-24 12:18:50,815 INFO  logging.LoggingHandler (AbstractInternalLogger.java:log(150)) - [id: 0xc5c5d3e6, L:/0.0.0.0:42383] READ: [id: 0xab778551, L:/192.168.34.44:42383 - R:/192.168.34.44:32774]
2019-09-24 12:18:50,816 INFO  logging.LoggingHandler (AbstractInternalLogger.java:log(150)) - [id: 0xea9be81b, L:/0.0.0.0:43111] READ: [id: 0xb1f43e63, L:/192.168.34.44:43111 - R:/192.168.34.44:45348]
2019-09-24 12:18:50,816 INFO  logging.LoggingHandler (AbstractInternalLogger.java:log(150)) - [id: 0xe55ad1b4, L:/0.0.0.0:41479] READ: [id: 0xb28b1e3b, L:/192.168.34.44:41479 - R:/192.168.34.44:41436]
2019-09-24 12:18:50,816 INFO  logging.LoggingHandler (AbstractInternalLogger.java:log(150)) - [id: 0xea9be81b, L:/0.0.0.0:43111] READ COMPLETE
2019-09-24 12:18:50,816 INFO  logging.LoggingHandler (AbstractInternalLogger.java:log(150)) - [id: 0xc5c5d3e6, L:/0.0.0.0:42383] READ COMPLETE
2019-09-24 12:18:50,816 INFO  logging.LoggingHandler (AbstractInternalLogger.java:log(150)) - [id: 0xea9be81b, L:/0.0.0.0:43111] READ: [id: 0xa42f836b, L:/192.168.34.44:43111 - R:/192.168.34.44:45356]
2019-09-24 12:18:50,816 INFO  logging.LoggingHandler (AbstractInternalLogger.java:log(150)) - [id: 0xe55ad1b4, L:/0.0.0.0:41479] READ COMPLETE
2019-09-24 12:18:50,817 INFO  logging.LoggingHandler (AbstractInternalLogger.java:log(150)) - [id: 0xea9be81b, L:/0.0.0.0:43111] READ COMPLETE
2019-09-24 12:18:50,817 INFO  logging.LoggingHandler (AbstractInternalLogger.java:log(150)) - [id: 0xc5c5d3e6, L:/0.0.0.0:42383] READ: [id: 0xfe456971, L:/192.168.34.44:42383 - R:/192.168.34.44:32778]
2019-09-24 12:18:50,817 INFO  logging.LoggingHandler (AbstractInternalLogger.java:log(150)) - [id: 0xe55ad1b4, L:/0.0.0.0:41479] READ: [id: 0x91254eb2, L:/192.168.34.44:41479 - R:/192.168.34.44:41448]
2019-09-24 12:18:50,817 INFO  logging.LoggingHandler (AbstractInternalLogger.java:log(150)) - [id: 0xea9be81b, L:/0.0.0.0:43111] READ: [id: 0xfb983e90, L:/192.168.34.44:43111 - R:/192.168.34.44:45360]
2019-09-24 12:18:50,817 INFO  logging.LoggingHandler (AbstractInternalLogger.java:log(150)) - [id: 0xc5c5d3e6, L:/0.0.0.0:42383] READ COMPLETE
2019-09-24 12:18:50,817 INFO  logging.LoggingHandler (AbstractInternalLogger.java:log(150)) - [id: 0xea9be81b, L:/0.0.0.0:43111] READ COMPLETE
2019-09-24 12:18:50,817 INFO  logging.LoggingHandler (AbstractInternalLogger.java:log(150)) - [id: 0xe55ad1b4, L:/0.0.0.0:41479] READ COMPLETE
2019-09-24 12:18:50,818 INFO  logging.LoggingHandler (AbstractInternalLogger.java:log(150)) - [id: 0xc5c5d3e6, L:/0.0.0.0:42383] READ: [id: 0x20a248f2, L:/192.168.34.44:42383 - R:/192.168.34.44:32780]
2019-09-24 12:18:50,818 INFO  logging.LoggingHandler (AbstractInternalLogger.java:log(150)) - [id: 0xe55ad1b4, L:/0.0.0.0:41479] READ: [id: 0x6e4e1945, L:/192.168.34.44:41479 - R:/192.168.34.44:41452]
2019-09-24 12:18:50,818 INFO  logging.LoggingHandler (AbstractInternalLogger.java:log(150)) - [id: 0xc5c5d3e6, L:/0.0.0.0:42383] READ COMPLETE
2019-09-24 12:18:50,818 INFO  logging.LoggingHandler (AbstractInternalLogger.java:log(150)) - [id: 0xe55ad1b4, L:/0.0.0.0:41479] READ COMPLETE
2019-09-24 12:18:50,818 INFO  logging.LoggingHandler (AbstractInternalLogger.java:log(150)) - [id: 0xea9be81b, L:/0.0.0.0:43111] READ: [id: 0x1f0901f3, L:/192.168.34.44:43111 - R:/192.168.34.44:45368]
2019-09-24 12:18:50,818 INFO  logging.LoggingHandler (AbstractInternalLogger.java:log(150)) - [id: 0xc5c5d3e6, L:/0.0.0.0:42383] READ: [id: 0x54e81f44, L:/192.168.34.44:42383 - R:/192.168.34.44:32784]
2019-09-24 12:18:50,819 INFO  logging.LoggingHandler (AbstractInternalLogger.java:log(150)) - [id: 0xea9be81b, L:/0.0.0.0:43111] READ COMPLETE
2019-09-24 12:18:50,818 INFO  logging.LoggingHandler (AbstractInternalLogger.java:log(150)) - [id: 0xe55ad1b4, L:/0.0.0.0:41479] READ: [id: 0x3f55d3ea, L:/192.168.34.44:41479 - R:/192.168.34.44:41458]
2019-09-24 12:18:50,819 INFO  logging.LoggingHandler (AbstractInternalLogger.java:log(150)) - [id: 0xc5c5d3e6, L:/0.0.0.0:42383] READ COMPLETE
2019-09-24 12:18:50,819 INFO  logging.LoggingHandler (AbstractInternalLogger.java:log(150)) - [id: 0xe55ad1b4, L:/0.0.0.0:41479] READ COMPLETE
2019-09-24 12:18:50,819 INFO  logging.LoggingHandler (AbstractInternalLogger.java:log(150)) - [id: 0xc5c5d3e6, L:/0.0.0.0:42383] READ: [id: 0x380e0910, L:/192.168.34.44:42383 - R:/192.168.34.44:32796]
2019-09-24 12:18:50,819 INFO  logging.LoggingHandler (AbstractInternalLogger.java:log(150)) - [id: 0xe55ad1b4, L:/0.0.0.0:41479] READ: [id: 0xa784f3c8, L:/192.168.34.44:41479 - R:/192.168.34.44:41468]
2019-09-24 12:18:50,819 INFO  logging.LoggingHandler (AbstractInternalLogger.java:log(150)) - [id: 0xc5c5d3e6, L:/0.0.0.0:42383] READ COMPLETE
2019-09-24 12:18:50,819 INFO  logging.LoggingHandler (AbstractInternalLogger.java:log(150)) - [id: 0xe55ad1b4, L:/0.0.0.0:41479] READ COMPLETE
2019-09-24 12:18:50,820 INFO  logging.LoggingHandler (AbstractInternalLogger.java:log(150)) - [id: 0xc5c5d3e6, L:/0.0.0.0:42383] READ: [id: 0xe0b56c32, L:/192.168.34.44:42383 - R:/192.168.34.44:32798]
2019-09-24 12:18:50,820 INFO  logging.LoggingHandler (AbstractInternalLogger.java:log(150)) - [id: 0xe55ad1b4, L:/0.0.0.0:41479] READ: [id: 0x25fc9519, L:/192.168.34.44:41479 - R:/192.168.34.44:41470]
2019-09-24 12:18:50,820 INFO  logging.LoggingHandler (AbstractInternalLogger.java:log(150)) - [id: 0xc5c5d3e6, L:/0.0.0.0:42383] READ COMPLETE
2019-09-24 12:18:50,820 INFO  logging.LoggingHandler (AbstractInternalLogger.java:log(150)) - [id: 0xe55ad1b4, L:/0.0.0.0:41479] READ COMPLETE
2019-09-24 12:18:50,820 INFO  logging.LoggingHandler (AbstractInternalLogger.java:log(150)) - [id: 0xc5c5d3e6, L:/0.0.0.0:42383] READ: [id: 0x1ef9eb95, L:/192.168.34.44:42383 - R:/192.168.34.44:32804]
2019-09-24 12:18:50,820 INFO  logging.LoggingHandler (AbstractInternalLogger.java:log(150)) - [id: 0xe55ad1b4, L:/0.0.0.0:41479] READ: [id: 0x31d0d848, L:/192.168.34.44:41479 - R:/192.168.34.44:41474]
2019-09-24 12:18:50,820 INFO  logging.LoggingHandler (AbstractInternalLogger.java:log(150)) - [id: 0xc5c5d3e6, L:/0.0.0.0:42383] READ COMPLETE
2019-09-24 12:18:50,821 INFO  logging.LoggingHandler (AbstractInternalLogger.java:log(150)) - [id: 0xe55ad1b4, L:/0.0.0.0:41479] READ COMPLETE
2019-09-24 12:18:50,821 INFO  logging.LoggingHandler (AbstractInternalLogger.java:log(150)) - [id: 0xc5c5d3e6, L:/0.0.0.0:42383] READ: [id: 0x0a5c33a2, L:/192.168.34.44:42383 - R:/192.168.34.44:32810]
2019-09-24 12:18:50,821 INFO  logging.LoggingHandler (AbstractInternalLogger.java:log(150)) - [id: 0xea9be81b, L:/0.0.0.0:43111] READ: [id: 0x4b235196, L:/192.168.34.44:43111 - R:/192.168.34.44:45386]
2019-09-24 12:18:50,821 INFO  logging.LoggingHandler (AbstractInternalLogger.java:log(150)) - [id: 0xc5c5d3e6, L:/0.0.0.0:42383] READ COMPLETE
2019-09-24 12:18:50,821 INFO  logging.LoggingHandler (AbstractInternalLogger.java:log(150)) - [id: 0xe55ad1b4, L:/0.0.0.0:41479] READ: [id: 0xb15efd2b, L:/192.168.34.44:41479 - R:/192.168.34.44:41476]
2019-09-24 12:18:50,821 INFO  logging.LoggingHandler (AbstractInternalLogger.java:log(150)) - [id: 0xc5c5d3e6, L:/0.0.0.0:42383] READ: [id: 0xb5f6da63, L:/192.168.34.44:42383 - R:/192.168.34.44:32812]
2019-09-24 12:18:50,821 INFO  logging.LoggingHandler (AbstractInternalLogger.java:log(150)) - [id: 0xea9be81b, L:/0.0.0.0:43111] READ COMPLETE
2019-09-24 12:18:50,822 INFO  logging.LoggingHandler (AbstractInternalLogger.java:log(150)) - [id: 0xc5c5d3e6, L:/0.0.0.0:42383] READ COMPLETE
2019-09-24 12:18:50,821 INFO  logging.LoggingHandler (AbstractInternalLogger.java:log(150)) - [id: 0xe55ad1b4, L:/0.0.0.0:41479] READ COMPLETE
2019-09-24 12:18:50,822 INFO  logging.LoggingHandler (AbstractInternalLogger.java:log(150)) - [id: 0xc5c5d3e6, L:/0.0.0.0:42383] READ: [id: 0xfed268e3, L:/192.168.34.44:42383 - R:/192.168.34.44:32816]
2019-09-24 12:18:50,822 INFO  logging.LoggingHandler (AbstractInternalLogger.java:log(150)) - [id: 0xea9be81b, L:/0.0.0.0:43111] READ: [id: 0x6dc30204, L:/192.168.34.44:43111 - R:/192.168.34.44:45390]
2019-09-24 12:18:50,822 INFO  logging.LoggingHandler (AbstractInternalLogger.java:log(150)) - [id: 0xc5c5d3e6, L:/0.0.0.0:42383] READ COMPLETE
2019-09-24 12:18:50,822 INFO  logging.LoggingHandler (AbstractInternalLogger.java:log(150)) - [id: 0xe55ad1b4, L:/0.0.0.0:41479] READ: [id: 0x322c038a, L:/192.168.34.44:41479 - R:/192.168.34.44:41484]
2019-09-24 12:18:50,823 INFO  logging.LoggingHandler (AbstractInternalLogger.java:log(150)) - [id: 0xc5c5d3e6, L:/0.0.0.0:42383] READ: [id: 0x6be99521, L:/192.168.34.44:42383 - R:/192.168.34.44:32832]
2019-09-24 12:18:50,822 INFO  logging.LoggingHandler (AbstractInternalLogger.java:log(150)) - [id: 0xea9be81b, L:/0.0.0.0:43111] READ COMPLETE
2019-09-24 12:18:50,823 INFO  logging.LoggingHandler (AbstractInternalLogger.java:log(150)) - [id: 0xc5c5d3e6, L:/0.0.0.0:42383] READ COMPLETE
2019-09-24 12:18:50,823 INFO  logging.LoggingHandler (AbstractInternalLogger.java:log(150)) - [id: 0xe55ad1b4, L:/0.0.0.0:41479] READ COMPLETE
2019-09-24 12:18:50,823 INFO  logging.LoggingHandler (AbstractInternalLogger.java:log(150)) - [id: 0xc5c5d3e6, L:/0.0.0.0:42383] READ: [id: 0xdb424a03, L:/192.168.34.44:42383 - R:/192.168.34.44:32834]
2019-09-24 12:18:50,823 INFO  logging.LoggingHandler (AbstractInternalLogger.java:log(150)) - [id: 0xea9be81b, L:/0.0.0.0:43111] READ: [id: 0x2d792f34, L:/192.168.34.44:43111 - R:/192.168.34.44:45394]
2019-09-24 12:18:50,823 INFO  logging.LoggingHandler (AbstractInternalLogger.java:log(150)) - [id: 0xea9be81b, L:/0.0.0.0:43111] READ COMPLETE
2019-09-24 12:18:50,824 INFO  logging.LoggingHandler (AbstractInternalLogger.java:log(150)) - [id: 0xea9be81b, L:/0.0.0.0:43111] READ: [id: 0x240f22ea, L:/192.168.34.44:43111 - R:/192.168.34.44:45404]
2019-09-24 12:18:50,823 INFO  logging.LoggingHandler (AbstractInternalLogger.java:log(150)) - [id: 0xc5c5d3e6, L:/0.0.0.0:42383] READ COMPLETE
2019-09-24 12:18:50,823 INFO  logging.LoggingHandler (AbstractInternalLogger.java:log(150)) - [id: 0xe55ad1b4, L:/0.0.0.0:41479] READ: [id: 0x6020ecf4, L:/192.168.34.44:41479 - R:/192.168.34.44:41486]
2019-09-24 12:18:50,824 INFO  logging.LoggingHandler (AbstractInternalLogger.java:log(150)) - [id: 0xc5c5d3e6, L:/0.0.0.0:42383] READ: [id: 0xb56f5ef2, L:/192.168.34.44:42383 - R:/192.168.34.44:32844]
2019-09-24 12:18:50,824 INFO  logging.LoggingHandler (AbstractInternalLogger.java:log(150)) - [id: 0xea9be81b, L:/0.0.0.0:43111] READ COMPLETE
2019-09-24 12:18:50,824 INFO  logging.LoggingHandler (AbstractInternalLogger.java:log(150)) - [id: 0xc5c5d3e6, L:/0.0.0.0:42383] READ COMPLETE
2019-09-24 12:18:50,824 INFO  logging.LoggingHandler (AbstractInternalLogger.java:log(150)) - [id: 0xe55ad1b4, L:/0.0.0.0:41479] READ COMPLETE
2019-09-24 12:18:50,825 INFO  logging.LoggingHandler (AbstractInternalLogger.java:log(150)) - [id: 0xea9be81b, L:/0.0.0.0:43111] READ: [id: 0x75034bea, L:/192.168.34.44:43111 - R:/192.168.34.44:45408]
2019-09-24 12:18:50,825 INFO  logging.LoggingHandler (AbstractInternalLogger.java:log(150)) - [id: 0xe55ad1b4, L:/0.0.0.0:41479] READ: [id: 0xe1ebb948, L:/192.168.34.44:41479 - R:/192.168.34.44:41490]
2019-09-24 12:18:50,825 INFO  logging.LoggingHandler (AbstractInternalLogger.java:log(150)) - [id: 0xea9be81b, L:/0.0.0.0:43111] READ COMPLETE
2019-09-24 12:18:50,825 INFO  logging.LoggingHandler (AbstractInternalLogger.java:log(150)) - [id: 0xe55ad1b4, L:/0.0.0.0:41479] READ COMPLETE
2019-09-24 12:18:50,825 INFO  logging.LoggingHandler (AbstractInternalLogger.java:log(150)) - [id: 0xc5c5d3e6, L:/0.0.0.0:42383] READ: [id: 0x329697e3, L:/192.168.34.44:42383 - R:/192.168.34.44:32852]
2019-09-24 12:18:50,825 INFO  logging.LoggingHandler (AbstractInternalLogger.java:log(150)) - [id: 0xe55ad1b4, L:/0.0.0.0:41479] READ: [id: 0xe2ff5420, L:/192.168.34.44:41479 - R:/192.168.34.44:41500]
2019-09-24 12:18:50,825 INFO  logging.LoggingHandler (AbstractInternalLogger.java:log(150)) - [id: 0xc5c5d3e6, L:/0.0.0.0:42383] READ COMPLETE
2019-09-24 12:18:50,825 INFO  logging.LoggingHandler (AbstractInternalLogger.java:log(150)) - [id: 0xea9be81b, L:/0.0.0.0:43111] READ: [id: 0x9821458a, L:/192.168.34.44:43111 - R:/192.168.34.44:45420]
2019-09-24 12:18:50,826 INFO  logging.LoggingHandler (AbstractInternalLogger.java:log(150)) - [id: 0xe55ad1b4, L:/0.0.0.0:41479] READ COMPLETE
2019-09-24 12:18:50,826 INFO  logging.LoggingHandler (AbstractInternalLogger.java:log(150)) - [id: 0xc5c5d3e6, L:/0.0.0.0:42383] READ: [id: 0x37d0f903, L:/192.168.34.44:42383 - R:/192.168.34.44:32856]
2019-09-24 12:18:50,826 INFO  logging.LoggingHandler (AbstractInternalLogger.java:log(150)) - [id: 0xea9be81b, L:/0.0.0.0:43111] READ COMPLETE
2019-09-24 12:18:50,826 INFO  logging.LoggingHandler (AbstractInternalLogger.java:log(150)) - [id: 0xc5c5d3e6, L:/0.0.0.0:42383] READ COMPLETE
2019-09-24 12:18:50,826 INFO  logging.LoggingHandler (AbstractInternalLogger.java:log(150)) - [id: 0xe55ad1b4, L:/0.0.0.0:41479] READ: [id: 0x63214809, L:/192.168.34.44:41479 - R:/192.168.34.44:41502]
2019-09-24 12:18:50,826 INFO  logging.LoggingHandler (AbstractInternalLogger.java:log(150)) - [id: 0xc5c5d3e6, L:/0.0.0.0:42383] READ: [id: 0xd2f19618, L:/192.168.34.44:42383 - R:/192.168.34.44:32858]
2019-09-24 12:18:50,826 INFO  logging.LoggingHandler (AbstractInternalLogger.java:log(150)) - [id: 0xea9be81b, L:/0.0.0.0:43111] READ: [id: 0xc70630a6, L:/192.168.34.44:43111 - R:/192.168.34.44:45426]
2019-09-24 12:18:50,827 INFO  logging.LoggingHandler (AbstractInternalLogger.java:log(150)) - [id: 0xc5c5d3e6, L:/0.0.0.0:42383] READ COMPLETE
2019-09-24 12:18:50,827 INFO  logging.LoggingHandler (AbstractInternalLogger.java:log(150)) - [id: 0xe55ad1b4, L:/0.0.0.0:41479] READ COMPLETE
2019-09-24 12:18:50,827 INFO  logging.LoggingHandler (AbstractInternalLogger.java:log(150)) - [id: 0xc5c5d3e6, L:/0.0.0.0:42383] READ: [id: 0x8b2e2538, L:/192.168.34.44:42383 - R:/192.168.34.44:32862]
2019-09-24 12:18:50,827 INFO  logging.LoggingHandler (AbstractInternalLogger.java:log(150)) - [id: 0xea9be81b, L:/0.0.0.0:43111] READ COMPLETE
2019-09-24 12:18:50,827 INFO  logging.LoggingHandler (AbstractInternalLogger.java:log(150)) - [id: 0xc5c5d3e6, L:/0.0.0.0:42383] READ COMPLETE
2019-09-24 12:18:50,827 INFO  logging.LoggingHandler (AbstractInternalLogger.java:log(150)) - [id: 0xe55ad1b4, L:/0.0.0.0:41479] READ: [id: 0x142dedea, L:/192.168.34.44:41479 - R:/192.168.34.44:41506]
2019-09-24 12:18:50,828 INFO  logging.LoggingHandler (AbstractInternalLogger.java:log(150)) - [id: 0xc5c5d3e6, L:/0.0.0.0:42383] READ: [id: 0x643ec48e, L:/192.168.34.44:42383 - R:/192.168.34.44:32864]
2019-09-24 12:18:50,828 INFO  logging.LoggingHandler (AbstractInternalLogger.java:log(150)) - [id: 0xea9be81b, L:/0.0.0.0:43111] READ: [id: 0xd4e482bf, L:/192.168.34.44:43111 - R:/192.168.34.44:45434]
2019-09-24 12:18:50,828 INFO  logging.LoggingHandler (AbstractInternalLogger.java:log(150)) - [id: 0xe55ad1b4, L:/0.0.0.0:41479] READ COMPLETE
2019-09-24 12:18:50,828 INFO  logging.LoggingHandler (AbstractInternalLogger.java:log(150)) - [id: 0xea9be81b, L:/0.0.0.0:43111] READ COMPLETE
2019-09-24 12:18:50,828 INFO  logging.LoggingHandler (AbstractInternalLogger.java:log(150)) - [id: 0xc5c5d3e6, L:/0.0.0.0:42383] READ COMPLETE
2019-09-24 12:18:50,828 INFO  logging.LoggingHandler (AbstractInternalLogger.java:log(150)) - [id: 0xea9be81b, L:/0.0.0.0:43111] READ: [id: 0x5ff0e53f, L:/192.168.34.44:43111 - R:/192.168.34.44:45436]
2019-09-24 12:18:50,828 INFO  logging.LoggingHandler (AbstractInternalLogger.java:log(150)) - [id: 0xe55ad1b4, L:/0.0.0.0:41479] READ: [id: 0xb7460c02, L:/192.168.34.44:41479 - R:/192.168.34.44:41514]
2019-09-24 12:18:50,828 INFO  logging.LoggingHandler (AbstractInternalLogger.java:log(150)) - [id: 0xea9be81b, L:/0.0.0.0:43111] READ COMPLETE
2019-09-24 12:18:50,828 INFO  logging.LoggingHandler (AbstractInternalLogger.java:log(150)) - [id: 0xc5c5d3e6, L:/0.0.0.0:42383] READ: [id: 0xc4bf2bc7, L:/192.168.34.44:42383 - R:/192.168.34.44:32872]
2019-09-24 12:18:50,829 INFO  logging.LoggingHandler (AbstractInternalLogger.java:log(150)) - [id: 0xe55ad1b4, L:/0.0.0.0:41479] READ COMPLETE
2019-09-24 12:18:50,829 INFO  logging.LoggingHandler (AbstractInternalLogger.java:log(150)) - [id: 0xc5c5d3e6, L:/0.0.0.0:42383] READ COMPLETE
2019-09-24 12:18:50,829 INFO  logging.LoggingHandler (AbstractInternalLogger.java:log(150)) - [id: 0xea9be81b, L:/0.0.0.0:43111] READ: [id: 0xf2831096, L:/192.168.34.44:43111 - R:/192.168.34.44:45442]
2019-09-24 12:18:50,829 INFO  logging.LoggingHandler (AbstractInternalLogger.java:log(150)) - [id: 0xc5c5d3e6, L:/0.0.0.0:42383] READ: [id: 0x49bb8754, L:/192.168.34.44:42383 - R:/192.168.34.44:32878]
2019-09-24 12:18:50,829 INFO  logging.LoggingHandler (AbstractInternalLogger.java:log(150)) - [id: 0xe55ad1b4, L:/0.0.0.0:41479] READ: [id: 0x8382320a, L:/192.168.34.44:41479 - R:/192.168.34.44:41520]
2019-09-24 12:18:50,829 INFO  logging.LoggingHandler (AbstractInternalLogger.java:log(150)) - [id: 0xc5c5d3e6, L:/0.0.0.0:42383] READ COMPLETE
2019-09-24 12:18:50,829 INFO  logging.LoggingHandler (AbstractInternalLogger.java:log(150)) - [id: 0xea9be81b, L:/0.0.0.0:43111] READ COMPLETE
2019-09-24 12:18:50,830 INFO  logging.LoggingHandler (AbstractInternalLogger.java:log(150)) - [id: 0xe55ad1b4, L:/0.0.0.0:41479] READ COMPLETE
2019-09-24 12:18:50,830 INFO  logging.LoggingHandler (AbstractInternalLogger.java:log(150)) - [id: 0xea9be81b, L:/0.0.0.0:43111] READ: [id: 0xceda69e5, L:/192.168.34.44:43111 - R:/192.168.34.44:45450]
2019-09-24 12:18:50,830 INFO  logging.LoggingHandler (AbstractInternalLogger.java:log(150)) - [id: 0xe55ad1b4, L:/0.0.0.0:41479] READ: [id: 0x00c5b29e, L:/192.168.34.44:41479 - R:/192.168.34.44:41522]
2019-09-24 12:18:50,830 INFO  logging.LoggingHandler (AbstractInternalLogger.java:log(150)) - [id: 0xea9be81b, L:/0.0.0.0:43111] READ COMPLETE
2019-09-24 12:18:50,830 INFO  logging.LoggingHandler (AbstractInternalLogger.java:log(150)) - [id: 0xe55ad1b4, L:/0.0.0.0:41479] READ COMPLETE
2019-09-24 12:18:50,830 INFO  logging.LoggingHandler (AbstractInternalLogger.java:log(150)) - [id: 0xc5c5d3e6, L:/0.0.0.0:42383] READ: [id: 0xb5914fc5, L:/192.168.34.44:42383 - R:/192.168.34.44:32888]
2019-09-24 12:18:50,831 INFO  logging.LoggingHandler (AbstractInternalLogger.java:log(150)) - [id: 0xe55ad1b4, L:/0.0.0.0:41479] READ: [id: 0x19410f2a, L:/192.168.34.44:41479 - R:/192.168.34.44:41528]
2019-09-24 12:18:50,831 INFO  logging.LoggingHandler (AbstractInternalLogger.java:log(150)) - [id: 0xea9be81b, L:/0.0.0.0:43111] READ: [id: 0xd353e5aa, L:/192.168.34.44:43111 - R:/192.168.34.44:45456]
2019-09-24 12:18:50,831 INFO  logging.LoggingHandler (AbstractInternalLogger.java:log(150)) - [id: 0xe55ad1b4, L:/0.0.0.0:41479] READ COMPLETE
2019-09-24 12:18:50,831 INFO  logging.LoggingHandler (AbstractInternalLogger.java:log(150)) - [id: 0xc5c5d3e6, L:/0.0.0.0:42383] READ COMPLETE
2019-09-24 12:18:50,831 INFO  logging.LoggingHandler (AbstractInternalLogger.java:log(150)) - [id: 0xe55ad1b4, L:/0.0.0.0:41479] READ: [id: 0xcb4cf230, L:/192.168.34.44:41479 - R:/192.168.34.44:41532]
2019-09-24 12:18:50,831 INFO  logging.LoggingHandler (AbstractInternalLogger.java:log(150)) - [id: 0xea9be81b, L:/0.0.0.0:43111] READ COMPLETE
2019-09-24 12:18:50,831 INFO  logging.LoggingHandler (AbstractInternalLogger.java:log(150)) - [id: 0xe55ad1b4, L:/0.0.0.0:41479] READ COMPLETE
2019-09-24 12:18:50,831 INFO  logging.LoggingHandler (AbstractInternalLogger.java:log(150)) - [id: 0xc5c5d3e6, L:/0.0.0.0:42383] READ: [id: 0xed9982f4, L:/192.168.34.44:42383 - R:/192.168.34.44:32892]
2019-09-24 12:18:50,832 INFO  logging.LoggingHandler (AbstractInternalLogger.java:log(150)) - [id: 0xe55ad1b4, L:/0.0.0.0:41479] READ: [id: 0x4662e1d3, L:/192.168.34.44:41479 - R:/192.168.34.44:41536]
2019-09-24 12:18:50,832 INFO  logging.LoggingHandler (AbstractInternalLogger.java:log(150)) - [id: 0xea9be81b, L:/0.0.0.0:43111] READ: [id: 0xd9272144, L:/192.168.34.44:43111 - R:/192.168.34.44:45462]
2019-09-24 12:18:50,832 INFO  logging.LoggingHandler (AbstractInternalLogger.java:log(150)) - [id: 0xe55ad1b4, L:/0.0.0.0:41479] READ COMPLETE
2019-09-24 12:18:50,832 INFO  logging.LoggingHandler (AbstractInternalLogger.java:log(150)) - [id: 0xc5c5d3e6, L:/0.0.0.0:42383] READ COMPLETE
2019-09-24 12:18:50,832 INFO  logging.LoggingHandler (AbstractInternalLogger.java:log(150)) - [id: 0xe55ad1b4, L:/0.0.0.0:41479] READ: [id: 0x2f794458, L:/192.168.34.44:41479 - R:/192.168.34.44:41540]
2019-09-24 12:18:50,832 INFO  logging.LoggingHandler (AbstractInternalLogger.java:log(150)) - [id: 0xc5c5d3e6, L:/0.0.0.0:42383] READ: [id: 0xa924f5cd, L:/192.168.34.44:42383 - R:/192.168.34.44:32894]
2019-09-24 12:18:50,832 INFO  logging.LoggingHandler (AbstractInternalLogger.java:log(150)) - [id: 0xea9be81b, L:/0.0.0.0:43111] READ COMPLETE
2019-09-24 12:18:50,832 INFO  logging.LoggingHandler (AbstractInternalLogger.java:log(150)) - [id: 0xc5c5d3e6, L:/0.0.0.0:42383] READ COMPLETE
2019-09-24 12:18:50,833 INFO  logging.LoggingHandler (AbstractInternalLogger.java:log(150)) - [id: 0xea9be81b, L:/0.0.0.0:43111] READ: [id: 0x243d8147, L:/192.168.34.44:43111 - R:/192.168.34.44:45466]
2019-09-24 12:18:50,832 INFO  logging.LoggingHandler (AbstractInternalLogger.java:log(150)) - [id: 0xe55ad1b4, L:/0.0.0.0:41479] READ COMPLETE
2019-09-24 12:18:50,833 INFO  logging.LoggingHandler (AbstractInternalLogger.java:log(150)) - [id: 0xc5c5d3e6, L:/0.0.0.0:42383] READ: [id: 0xa555fb7c, L:/192.168.34.44:42383 - R:/192.168.34.44:32904]
2019-09-24 12:18:50,833 INFO  logging.LoggingHandler (AbstractInternalLogger.java:log(150)) - [id: 0xea9be81b, L:/0.0.0.0:43111] READ COMPLETE
2019-09-24 12:18:50,833 INFO  logging.LoggingHandler (AbstractInternalLogger.java:log(150)) - [id: 0xc5c5d3e6, L:/0.0.0.0:42383] READ COMPLETE
2019-09-24 12:18:50,833 INFO  logging.LoggingHandler (AbstractInternalLogger.java:log(150)) - [id: 0xe55ad1b4, L:/0.0.0.0:41479] READ: [id: 0xdcf82a92, L:/192.168.34.44:41479 - R:/192.168.34.44:41544]
2019-09-24 12:18:50,834 INFO  logging.LoggingHandler (AbstractInternalLogger.java:log(150)) - [id: 0xc5c5d3e6, L:/0.0.0.0:42383] READ: [id: 0x1ae1290f, L:/192.168.34.44:42383 - R:/192.168.34.44:32910]
2019-09-24 12:18:50,833 INFO  logging.LoggingHandler (AbstractInternalLogger.java:log(150)) - [id: 0xea9be81b, L:/0.0.0.0:43111] READ: [id: 0x0168fde0, L:/192.168.34.44:43111 - R:/192.168.34.44:45474]
2019-09-24 12:18:50,834 INFO  logging.LoggingHandler (AbstractInternalLogger.java:log(150)) - [id: 0xc5c5d3e6, L:/0.0.0.0:42383] READ COMPLETE
2019-09-24 12:18:50,834 INFO  logging.LoggingHandler (AbstractInternalLogger.java:log(150)) - [id: 0xe55ad1b4, L:/0.0.0.0:41479] READ COMPLETE
2019-09-24 12:18:50,834 INFO  logging.LoggingHandler (AbstractInternalLogger.java:log(150)) - [id: 0xea9be81b, L:/0.0.0.0:43111] READ COMPLETE
2019-09-24 12:18:50,834 INFO  logging.LoggingHandler (AbstractInternalLogger.java:log(150)) - [id: 0xe55ad1b4, L:/0.0.0.0:41479] READ: [id: 0x762eae4d, L:/192.168.34.44:41479 - R:/192.168.34.44:41550]
2019-09-24 12:18:50,834 INFO  logging.LoggingHandler (AbstractInternalLogger.java:log(150)) - [id: 0xea9be81b, L:/0.0.0.0:43111] READ: [id: 0xec2c6b2c, L:/192.168.34.44:43111 - R:/192.168.34.44:45478]
2019-09-24 12:18:50,834 INFO  logging.LoggingHandler (AbstractInternalLogger.java:log(150)) - [id: 0xe55ad1b4, L:/0.0.0.0:41479] READ COMPLETE
2019-09-24 12:18:50,835 INFO  logging.LoggingHandler (AbstractInternalLogger.java:log(150)) - [id: 0xc5c5d3e6, L:/0.0.0.0:42383] READ: [id: 0x60103977, L:/192.168.34.44:42383 - R:/192.168.34.44:32920]
2019-09-24 12:18:50,835 INFO  logging.LoggingHandler (AbstractInternalLogger.java:log(150)) - [id: 0xea9be81b, L:/0.0.0.0:43111] READ COMPLETE
2019-09-24 12:18:50,835 INFO  logging.LoggingHandler (AbstractInternalLogger.java:log(150)) - [id: 0xc5c5d3e6, L:/0.0.0.0:42383] READ COMPLETE
2019-09-24 12:18:50,835 INFO  logging.LoggingHandler (AbstractInternalLogger.java:log(150)) - [id: 0xea9be81b, L:/0.0.0.0:43111] READ: [id: 0x19c97352, L:/192.168.34.44:43111 - R:/192.168.34.44:45488]
2019-09-24 12:18:50,835 INFO  logging.LoggingHandler (AbstractInternalLogger.java:log(150)) - [id: 0xe55ad1b4, L:/0.0.0.0:41479] READ: [id: 0xf26d1a93, L:/192.168.34.44:41479 - R:/192.168.34.44:41554]
2019-09-24 12:18:50,835 INFO  logging.LoggingHandler (AbstractInternalLogger.java:log(150)) - [id: 0xea9be81b, L:/0.0.0.0:43111] READ COMPLETE
2019-09-24 12:18:50,835 INFO  logging.LoggingHandler (AbstractInternalLogger.java:log(150)) - [id: 0xc5c5d3e6, L:/0.0.0.0:42383] READ: [id: 0x61f096a2, L:/192.168.34.44:42383 - R:/192.168.34.44:32924]
2019-09-24 12:18:50,835 INFO  logging.LoggingHandler (AbstractInternalLogger.java:log(150)) - [id: 0xe55ad1b4, L:/0.0.0.0:41479] READ COMPLETE
2019-09-24 12:18:50,836 INFO  logging.LoggingHandler (AbstractInternalLogger.java:log(150)) - [id: 0xc5c5d3e6, L:/0.0.0.0:42383] READ COMPLETE
2019-09-24 12:18:50,836 INFO  logging.LoggingHandler (AbstractInternalLogger.java:log(150)) - [id: 0xea9be81b, L:/0.0.0.0:43111] READ: [id: 0x2b0a2e2e, L:/192.168.34.44:43111 - R:/192.168.34.44:45492]
2019-09-24 12:18:50,836 INFO  logging.LoggingHandler (AbstractInternalLogger.java:log(150)) - [id: 0xc5c5d3e6, L:/0.0.0.0:42383] READ: [id: 0xc3da6eb9, L:/192.168.34.44:42383 - R:/192.168.34.44:32928]
2019-09-24 12:18:50,836 INFO  logging.LoggingHandler (AbstractInternalLogger.java:log(150)) - [id: 0xe55ad1b4, L:/0.0.0.0:41479] READ: [id: 0x1168e973, L:/192.168.34.44:41479 - R:/192.168.34.44:41560]
2019-09-24 12:18:50,836 INFO  logging.LoggingHandler (AbstractInternalLogger.java:log(150)) - [id: 0xc5c5d3e6, L:/0.0.0.0:42383] READ COMPLETE
2019-09-24 12:18:50,836 INFO  logging.LoggingHandler (AbstractInternalLogger.java:log(150)) - [id: 0xea9be81b, L:/0.0.0.0:43111] READ COMPLETE
2019-09-24 12:18:50,836 INFO  logging.LoggingHandler (AbstractInternalLogger.java:log(150)) - [id: 0xe55ad1b4, L:/0.0.0.0:41479] READ COMPLETE
2019-09-24 12:18:50,837 INFO  logging.LoggingHandler (AbstractInternalLogger.java:log(150)) - [id: 0xea9be81b, L:/0.0.0.0:43111] READ: [id: 0x8c778fe6, L:/192.168.34.44:43111 - R:/192.168.34.44:45496]
2019-09-24 12:18:50,837 INFO  logging.LoggingHandler (AbstractInternalLogger.java:log(150)) - [id: 0xe55ad1b4, L:/0.0.0.0:41479] READ: [id: 0x43b5d4fe, L:/192.168.34.44:41479 - R:/192.168.34.44:41562]
2019-09-24 12:18:50,837 INFO  logging.LoggingHandler (AbstractInternalLogger.java:log(150)) - [id: 0xea9be81b, L:/0.0.0.0:43111] READ COMPLETE
2019-09-24 12:18:50,837 INFO  logging.LoggingHandler (AbstractInternalLogger.java:log(150)) - [id: 0xe55ad1b4, L:/0.0.0.0:41479] READ COMPLETE
2019-09-24 12:18:50,837 INFO  logging.LoggingHandler (AbstractInternalLogger.java:log(150)) - [id: 0xea9be81b, L:/0.0.0.0:43111] READ: [id: 0x213ec345, L:/192.168.34.44:43111 - R:/192.168.34.44:45500]
2019-09-24 12:18:50,837 INFO  logging.LoggingHandler (AbstractInternalLogger.java:log(150)) - [id: 0xc5c5d3e6, L:/0.0.0.0:42383] READ: [id: 0x60e2f078, L:/192.168.34.44:42383 - R:/192.168.34.44:32942]
2019-09-24 12:18:50,837 INFO  logging.LoggingHandler (AbstractInternalLogger.java:log(150)) - [id: 0xea9be81b, L:/0.0.0.0:43111] READ COMPLETE
2019-09-24 12:18:50,837 INFO  logging.LoggingHandler (AbstractInternalLogger.java:log(150)) - [id: 0xe55ad1b4, L:/0.0.0.0:41479] READ: [id: 0x10c001af, L:/192.168.34.44:41479 - R:/192.168.34.44:41564]
2019-09-24 12:18:50,838 INFO  logging.LoggingHandler (AbstractInternalLogger.java:log(150)) - [id: 0xea9be81b, L:/0.0.0.0:43111] READ: [id: 0x7121ae7b, L:/192.168.34.44:43111 - R:/192.168.34.44:45506]
2019-09-24 12:18:50,838 INFO  logging.LoggingHandler (AbstractInternalLogger.java:log(150)) - [id: 0xc5c5d3e6, L:/0.0.0.0:42383] READ COMPLETE
2019-09-24 12:18:50,838 INFO  logging.LoggingHandler (AbstractInternalLogger.java:log(150)) - [id: 0xea9be81b, L:/0.0.0.0:43111] READ COMPLETE
2019-09-24 12:18:50,838 INFO  logging.LoggingHandler (AbstractInternalLogger.java:log(150)) - [id: 0xe55ad1b4, L:/0.0.0.0:41479] READ COMPLETE
2019-09-24 12:18:50,838 INFO  logging.LoggingHandler (AbstractInternalLogger.java:log(150)) - [id: 0xea9be81b, L:/0.0.0.0:43111] READ: [id: 0x67300236, L:/192.168.34.44:43111 - R:/192.168.34.44:45512]
2019-09-24 12:18:50,838 INFO  logging.LoggingHandler (AbstractInternalLogger.java:log(150)) - [id: 0xc5c5d3e6, L:/0.0.0.0:42383] READ: [id: 0x3f3831de, L:/192.168.34.44:42383 - R:/192.168.34.44:32948]
2019-09-24 12:18:50,838 INFO  logging.LoggingHandler (AbstractInternalLogger.java:log(150)) - [id: 0xe55ad1b4, L:/0.0.0.0:41479] READ: [id: 0x77b2bd8b, L:/192.168.34.44:41479 - R:/192.168.34.44:41580]
2019-09-24 12:18:50,838 INFO  logging.LoggingHandler (AbstractInternalLogger.java:log(150)) - [id: 0xea9be81b, L:/0.0.0.0:43111] READ COMPLETE
2019-09-24 12:18:50,839 INFO  logging.LoggingHandler (AbstractInternalLogger.java:log(150)) - [id: 0xe55ad1b4, L:/0.0.0.0:41479] READ COMPLETE
2019-09-24 12:18:50,839 INFO  logging.LoggingHandler (AbstractInternalLogger.java:log(150)) - [id: 0xc5c5d3e6, L:/0.0.0.0:42383] READ COMPLETE
2019-09-24 12:18:50,839 INFO  logging.LoggingHandler (AbstractInternalLogger.java:log(150)) - [id: 0xea9be81b, L:/0.0.0.0:43111] READ: [id: 0x89d87d1a, L:/192.168.34.44:43111 - R:/192.168.34.44:45516]
2019-09-24 12:18:50,839 INFO  logging.LoggingHandler (AbstractInternalLogger.java:log(150)) - [id: 0xc5c5d3e6, L:/0.0.0.0:42383] READ: [id: 0x30dc4cb8, L:/192.168.34.44:42383 - R:/192.168.34.44:32952]
2019-09-24 12:18:50,839 INFO  logging.LoggingHandler (AbstractInternalLogger.java:log(150)) - [id: 0xe55ad1b4, L:/0.0.0.0:41479] READ: [id: 0x7e2ebab9, L:/192.168.34.44:41479 - R:/192.168.34.44:41588]
2019-09-24 12:18:50,839 INFO  logging.LoggingHandler (AbstractInternalLogger.java:log(150)) - [id: 0xc5c5d3e6, L:/0.0.0.0:42383] READ COMPLETE
2019-09-24 12:18:50,839 INFO  logging.LoggingHandler (AbstractInternalLogger.java:log(150)) - [id: 0xea9be81b, L:/0.0.0.0:43111] READ COMPLETE
2019-09-24 12:18:50,840 INFO  logging.LoggingHandler (AbstractInternalLogger.java:log(150)) - [id: 0xc5c5d3e6, L:/0.0.0.0:42383] READ: [id: 0x76bb45cd, L:/192.168.34.44:42383 - R:/192.168.34.44:32956]
2019-09-24 12:18:50,840 INFO  logging.LoggingHandler (AbstractInternalLogger.java:log(150)) - [id: 0xe55ad1b4, L:/0.0.0.0:41479] READ COMPLETE
2019-09-24 12:18:50,840 INFO  logging.LoggingHandler (AbstractInternalLogger.java:log(150)) - [id: 0xc5c5d3e6, L:/0.0.0.0:42383] READ COMPLETE
2019-09-24 12:18:50,840 INFO  logging.LoggingHandler (AbstractInternalLogger.java:log(150)) - [id: 0xe55ad1b4, L:/0.0.0.0:41479] READ: [id: 0x86cf93ad, L:/192.168.34.44:41479 - R:/192.168.34.44:41594]
2019-09-24 12:18:50,840 INFO  logging.LoggingHandler (AbstractInternalLogger.java:log(150)) - [id: 0xc5c5d3e6, L:/0.0.0.0:42383] READ: [id: 0x68b65d75, L:/192.168.34.44:42383 - R:/192.168.34.44:32960]
2019-09-24 12:18:50,840 INFO  logging.LoggingHandler (AbstractInternalLogger.java:log(150)) - [id: 0xea9be81b, L:/0.0.0.0:43111] READ: [id: 0x33d19eff, L:/192.168.34.44:43111 - R:/192.168.34.44:45530]
2019-09-24 12:18:50,840 INFO  logging.LoggingHandler (AbstractInternalLogger.java:log(150)) - [id: 0xe55ad1b4, L:/0.0.0.0:41479] READ COMPLETE
2019-09-24 12:18:50,841 INFO  logging.LoggingHandler (AbstractInternalLogger.java:log(150)) - [id: 0xea9be81b, L:/0.0.0.0:43111] READ COMPLETE
2019-09-24 12:18:50,840 INFO  logging.LoggingHandler (AbstractInternalLogger.java:log(150)) - [id: 0xc5c5d3e6, L:/0.0.0.0:42383] READ COMPLETE
2019-09-24 12:18:50,841 INFO  logging.LoggingHandler (AbstractInternalLogger.java:log(150)) - [id: 0xe55ad1b4, L:/0.0.0.0:41479] READ: [id: 0x175249c7, L:/192.168.34.44:41479 - R:/192.168.34.44:41596]
2019-09-24 12:18:50,841 INFO  logging.LoggingHandler (AbstractInternalLogger.java:log(150)) - [id: 0xea9be81b, L:/0.0.0.0:43111] READ: [id: 0x36c7550f, L:/192.168.34.44:43111 - R:/192.168.34.44:45532]
2019-09-24 12:18:50,841 INFO  logging.LoggingHandler (AbstractInternalLogger.java:log(150)) - [id: 0xe55ad1b4, L:/0.0.0.0:41479] READ COMPLETE
2019-09-24 12:18:50,841 INFO  logging.LoggingHandler (AbstractInternalLogger.java:log(150)) - [id: 0xea9be81b, L:/0.0.0.0:43111] READ COMPLETE
2019-09-24 12:18:50,842 INFO  logging.LoggingHandler (AbstractInternalLogger.java:log(150)) - [id: 0xe55ad1b4, L:/0.0.0.0:41479] READ: [id: 0x09b890bf, L:/192.168.34.44:41479 - R:/192.168.34.44:41600]
2019-09-24 12:18:50,842 INFO  logging.LoggingHandler (AbstractInternalLogger.java:log(150)) - [id: 0xc5c5d3e6, L:/0.0.0.0:42383] READ: [id: 0x1e33c20e, L:/192.168.34.44:42383 - R:/192.168.34.44:32974]
2019-09-24 12:18:50,842 INFO  logging.LoggingHandler (AbstractInternalLogger.java:log(150)) - [id: 0xea9be81b, L:/0.0.0.0:43111] READ: [id: 0x51d7fc22, L:/192.168.34.44:43111 - R:/192.168.34.44:45534]
2019-09-24 12:18:50,842 INFO  logging.LoggingHandler (AbstractInternalLogger.java:log(150)) - [id: 0xc5c5d3e6, L:/0.0.0.0:42383] READ COMPLETE
2019-09-24 12:18:50,842 INFO  logging.LoggingHandler (AbstractInternalLogger.java:log(150)) - [id: 0xe55ad1b4, L:/0.0.0.0:41479] READ COMPLETE
2019-09-24 12:18:50,842 INFO  logging.LoggingHandler (AbstractInternalLogger.java:log(150)) - [id: 0xc5c5d3e6, L:/0.0.0.0:42383] READ: [id: 0x3eacbd2c, L:/192.168.34.44:42383 - R:/192.168.34.44:32978]
2019-09-24 12:18:50,842 INFO  logging.LoggingHandler (AbstractInternalLogger.java:log(150)) - [id: 0xea9be81b, L:/0.0.0.0:43111] READ COMPLETE
2019-09-24 12:18:50,842 INFO  logging.LoggingHandler (AbstractInternalLogger.java:log(150)) - [id: 0xc5c5d3e6, L:/0.0.0.0:42383] READ COMPLETE
2019-09-24 12:18:50,842 INFO  logging.LoggingHandler (AbstractInternalLogger.java:log(150)) - [id: 0xe55ad1b4, L:/0.0.0.0:41479] READ: [id: 0x7194bd79, L:/192.168.34.44:41479 - R:/192.168.34.44:41612]
2019-09-24 12:18:50,843 INFO  logging.LoggingHandler (AbstractInternalLogger.java:log(150)) - [id: 0xea9be81b, L:/0.0.0.0:43111] READ: [id: 0x092b7f5d, L:/192.168.34.44:43111 - R:/192.168.34.44:45536]
2019-09-24 12:18:50,843 INFO  logging.LoggingHandler (AbstractInternalLogger.java:log(150)) - [id: 0xe55ad1b4, L:/0.0.0.0:41479] READ COMPLETE
2019-09-24 12:18:50,843 INFO  logging.LoggingHandler (AbstractInternalLogger.java:log(150)) - [id: 0xea9be81b, L:/0.0.0.0:43111] READ COMPLETE
2019-09-24 12:18:50,843 INFO  logging.LoggingHandler (AbstractInternalLogger.java:log(150)) - [id: 0xe55ad1b4, L:/0.0.0.0:41479] READ: [id: 0xa8c753b7, L:/192.168.34.44:41479 - R:/192.168.34.44:41616]
2019-09-24 12:18:50,843 INFO  logging.LoggingHandler (AbstractInternalLogger.java:log(150)) - [id: 0xea9be81b, L:/0.0.0.0:43111] READ: [id: 0x7dee7558, L:/192.168.34.44:43111 - R:/192.168.34.44:45538]
2019-09-24 12:18:50,843 INFO  logging.LoggingHandler (AbstractInternalLogger.java:log(150)) - [id: 0xe55ad1b4, L:/0.0.0.0:41479] READ COMPLETE
2019-09-24 12:18:50,843 INFO  logging.LoggingHandler (AbstractInternalLogger.java:log(150)) - [id: 0xea9be81b, L:/0.0.0.0:43111] READ COMPLETE
2019-09-24 12:18:50,844 INFO  logging.LoggingHandler (AbstractInternalLogger.java:log(150)) - [id: 0xe55ad1b4, L:/0.0.0.0:41479] READ: [id: 0x11feb297, L:/192.168.34.44:41479 - R:/192.168.34.44:41620]
2019-09-24 12:18:50,844 INFO  logging.LoggingHandler (AbstractInternalLogger.java:log(150)) - [id: 0xea9be81b, L:/0.0.0.0:43111] READ: [id: 0xc8da8c19, L:/192.168.34.44:43111 - R:/192.168.34.44:45542]
2019-09-24 12:18:50,844 INFO  logging.LoggingHandler (AbstractInternalLogger.java:log(150)) - [id: 0xe55ad1b4, L:/0.0.0.0:41479] READ COMPLETE
2019-09-24 12:18:50,844 INFO  logging.LoggingHandler (AbstractInternalLogger.java:log(150)) - [id: 0xc5c5d3e6, L:/0.0.0.0:42383] READ: [id: 0x5ddf6cc2, L:/192.168.34.44:42383 - R:/192.168.34.44:32990]
2019-09-24 12:18:50,844 INFO  logging.LoggingHandler (AbstractInternalLogger.java:log(150)) - [id: 0xea9be81b, L:/0.0.0.0:43111] READ COMPLETE
2019-09-24 12:18:50,844 INFO  logging.LoggingHandler (AbstractInternalLogger.java:log(150)) - [id: 0xc5c5d3e6, L:/0.0.0.0:42383] READ COMPLETE
2019-09-24 12:18:50,845 INFO  logging.LoggingHandler (AbstractInternalLogger.java:log(150)) - [id: 0xea9be81b, L:/0.0.0.0:43111] READ: [id: 0x8cef0499, L:/192.168.34.44:43111 - R:/192.168.34.44:45546]
2019-09-24 12:18:50,844 INFO  logging.LoggingHandler (AbstractInternalLogger.java:log(150)) - [id: 0xe55ad1b4, L:/0.0.0.0:41479] READ: [id: 0x4379d38a, L:/192.168.34.44:41479 - R:/192.168.34.44:41628]
2019-09-24 12:18:50,845 INFO  logging.LoggingHandler (AbstractInternalLogger.java:log(150)) - [id: 0xea9be81b, L:/0.0.0.0:43111] READ COMPLETE
2019-09-24 12:18:50,845 INFO  logging.LoggingHandler (AbstractInternalLogger.java:log(150)) - [id: 0xc5c5d3e6, L:/0.0.0.0:42383] READ: [id: 0x590eba41, L:/192.168.34.44:42383 - R:/192.168.34.44:32992]
2019-09-24 12:18:50,845 INFO  logging.LoggingHandler (AbstractInternalLogger.java:log(150)) - [id: 0xe55ad1b4, L:/0.0.0.0:41479] READ COMPLETE
2019-09-24 12:18:50,845 INFO  logging.LoggingHandler (AbstractInternalLogger.java:log(150)) - [id: 0xc5c5d3e6, L:/0.0.0.0:42383] READ COMPLETE
2019-09-24 12:18:50,845 INFO  logging.LoggingHandler (AbstractInternalLogger.java:log(150)) - [id: 0xea9be81b, L:/0.0.0.0:43111] READ: [id: 0x8d6d6eba, L:/192.168.34.44:43111 - R:/192.168.34.44:45548]
2019-09-24 12:18:50,845 INFO  logging.LoggingHandler (AbstractInternalLogger.java:log(150)) - [id: 0xe55ad1b4, L:/0.0.0.0:41479] READ: [id: 0x11afec4e, L:/192.168.34.44:41479 - R:/192.168.34.44:41630]
2019-09-24 12:18:50,846 INFO  logging.LoggingHandler (AbstractInternalLogger.java:log(150)) - [id: 0xea9be81b, L:/0.0.0.0:43111] READ COMPLETE
2019-09-24 12:18:50,846 INFO  logging.LoggingHandler (AbstractInternalLogger.java:log(150)) - [id: 0xc5c5d3e6, L:/0.0.0.0:42383] READ: [id: 0xf898ccc2, L:/192.168.34.44:42383 - R:/192.168.34.44:32994]
2019-09-24 12:18:50,846 INFO  logging.LoggingHandler (AbstractInternalLogger.java:log(150)) - [id: 0xe55ad1b4, L:/0.0.0.0:41479] READ COMPLETE
2019-09-24 12:18:50,846 INFO  logging.LoggingHandler (AbstractInternalLogger.java:log(150)) - [id: 0xc5c5d3e6, L:/0.0.0.0:42383] READ COMPLETE
2019-09-24 12:18:50,846 INFO  logging.LoggingHandler (AbstractInternalLogger.java:log(150)) - [id: 0xea9be81b, L:/0.0.0.0:43111] READ: [id: 0xe156810a, L:/192.168.34.44:43111 - R:/192.168.34.44:45554]
2019-09-24 12:18:50,846 INFO  logging.LoggingHandler (AbstractInternalLogger.java:log(150)) - [id: 0xe55ad1b4, L:/0.0.0.0:41479] READ: [id: 0xf559af74, L:/192.168.34.44:41479 - R:/192.168.34.44:41632]
2019-09-24 12:18:50,846 INFO  logging.LoggingHandler (AbstractInternalLogger.java:log(150)) - [id: 0xea9be81b, L:/0.0.0.0:43111] READ COMPLETE
2019-09-24 12:18:50,846 INFO  logging.LoggingHandler (AbstractInternalLogger.java:log(150)) - [id: 0xc5c5d3e6, L:/0.0.0.0:42383] READ: [id: 0xc97a62aa, L:/192.168.34.44:42383 - R:/192.168.34.44:33002]
2019-09-24 12:18:50,847 INFO  logging.LoggingHandler (AbstractInternalLogger.java:log(150)) - [id: 0xea9be81b, L:/0.0.0.0:43111] READ: [id: 0xdd48802b, L:/192.168.34.44:43111 - R:/192.168.34.44:45562]
2019-09-24 12:18:50,847 INFO  logging.LoggingHandler (AbstractInternalLogger.java:log(150)) - [id: 0xe55ad1b4, L:/0.0.0.0:41479] READ COMPLETE
2019-09-24 12:18:50,847 INFO  logging.LoggingHandler (AbstractInternalLogger.java:log(150)) - [id: 0xea9be81b, L:/0.0.0.0:43111] READ COMPLETE
2019-09-24 12:18:50,847 INFO  logging.LoggingHandler (AbstractInternalLogger.java:log(150)) - [id: 0xc5c5d3e6, L:/0.0.0.0:42383] READ COMPLETE
2019-09-24 12:18:50,847 INFO  logging.LoggingHandler (AbstractInternalLogger.java:log(150)) - [id: 0xea9be81b, L:/0.0.0.0:43111] READ: [id: 0xeb452b81, L:/192.168.34.44:43111 - R:/192.168.34.44:45578]
2019-09-24 12:18:50,847 INFO  logging.LoggingHandler (AbstractInternalLogger.java:log(150)) - [id: 0xe55ad1b4, L:/0.0.0.0:41479] READ: [id: 0x9fd362d0, L:/192.168.34.44:41479 - R:/192.168.34.44:41646]
2019-09-24 12:18:50,847 INFO  logging.LoggingHandler (AbstractInternalLogger.java:log(150)) - [id: 0xc5c5d3e6, L:/0.0.0.0:42383] READ: [id: 0xc0191a7b, L:/192.168.34.44:42383 - R:/192.168.34.44:33004]
2019-09-24 12:18:50,847 INFO  logging.LoggingHandler (AbstractInternalLogger.java:log(150)) - [id: 0xea9be81b, L:/0.0.0.0:43111] READ COMPLETE
2019-09-24 12:18:50,848 INFO  logging.LoggingHandler (AbstractInternalLogger.java:log(150)) - [id: 0xc5c5d3e6, L:/0.0.0.0:42383] READ COMPLETE
2019-09-24 12:18:50,848 INFO  logging.LoggingHandler (AbstractInternalLogger.java:log(150)) - [id: 0xea9be81b, L:/0.0.0.0:43111] READ: [id: 0x1627bfd0, L:/192.168.34.44:43111 - R:/192.168.34.44:45582]
2019-09-24 12:18:50,848 INFO  logging.LoggingHandler (AbstractInternalLogger.java:log(150)) - [id: 0xc5c5d3e6, L:/0.0.0.0:42383] READ: [id: 0x020dd290, L:/192.168.34.44:42383 - R:/192.168.34.44:33008]
2019-09-24 12:18:50,848 INFO  logging.LoggingHandler (AbstractInternalLogger.java:log(150)) - [id: 0xe55ad1b4, L:/0.0.0.0:41479] READ COMPLETE
2019-09-24 12:18:50,848 INFO  logging.LoggingHandler (AbstractInternalLogger.java:log(150)) - [id: 0xc5c5d3e6, L:/0.0.0.0:42383] READ COMPLETE
2019-09-24 12:18:50,848 INFO  logging.LoggingHandler (AbstractInternalLogger.java:log(150)) - [id: 0xea9be81b, L:/0.0.0.0:43111] READ COMPLETE
2019-09-24 12:18:50,849 INFO  logging.LoggingHandler (AbstractInternalLogger.java:log(150)) - [id: 0xc5c5d3e6, L:/0.0.0.0:42383] READ: [id: 0xf525c2d3, L:/192.168.34.44:42383 - R:/192.168.34.44:33010]
2019-09-24 12:18:50,849 INFO  logging.LoggingHandler (AbstractInternalLogger.java:log(150)) - [id: 0xe55ad1b4, L:/0.0.0.0:41479] READ: [id: 0x40c414dd, L:/192.168.34.44:41479 - R:/192.168.34.44:41650]
2019-09-24 12:18:50,849 INFO  logging.LoggingHandler (AbstractInternalLogger.java:log(150)) - [id: 0xea9be81b, L:/0.0.0.0:43111] READ: [id: 0xccb65e23, L:/192.168.34.44:43111 - R:/192.168.34.44:45592]
2019-09-24 12:18:50,849 INFO  logging.LoggingHandler (AbstractInternalLogger.java:log(150)) - [id: 0xc5c5d3e6, L:/0.0.0.0:42383] READ COMPLETE
2019-09-24 12:18:50,849 INFO  logging.LoggingHandler (AbstractInternalLogger.java:log(150)) - [id: 0xea9be81b, L:/0.0.0.0:43111] READ COMPLETE
2019-09-24 12:18:50,849 INFO  logging.LoggingHandler (AbstractInternalLogger.java:log(150)) - [id: 0xe55ad1b4, L:/0.0.0.0:41479] READ COMPLETE
2019-09-24 12:18:50,849 INFO  logging.LoggingHandler (AbstractInternalLogger.java:log(150)) - [id: 0xc5c5d3e6, L:/0.0.0.0:42383] READ: [id: 0xafc5c78b, L:/192.168.34.44:42383 - R:/192.168.34.44:33014]
2019-09-24 12:18:50,850 INFO  logging.LoggingHandler (AbstractInternalLogger.java:log(150)) - [id: 0xe55ad1b4, L:/0.0.0.0:41479] READ: [id: 0x11a172dc, L:/192.168.34.44:41479 - R:/192.168.34.44:41652]
2019-09-24 12:18:50,849 INFO  logging.LoggingHandler (AbstractInternalLogger.java:log(150)) - [id: 0xea9be81b, L:/0.0.0.0:43111] READ: [id: 0x4c248690, L:/192.168.34.44:43111 - R:/192.168.34.44:45596]
2019-09-24 12:18:50,850 INFO  logging.LoggingHandler (AbstractInternalLogger.java:log(150)) - [id: 0xe55ad1b4, L:/0.0.0.0:41479] READ COMPLETE
2019-09-24 12:18:50,850 INFO  logging.LoggingHandler (AbstractInternalLogger.java:log(150)) - [id: 0xc5c5d3e6, L:/0.0.0.0:42383] READ COMPLETE
2019-09-24 12:18:50,850 INFO  logging.LoggingHandler (AbstractInternalLogger.java:log(150)) - [id: 0xe55ad1b4, L:/0.0.0.0:41479] READ: [id: 0xadb1de5c, L:/192.168.34.44:41479 - R:/192.168.34.44:41658]
2019-09-24 12:18:50,850 INFO  logging.LoggingHandler (AbstractInternalLogger.java:log(150)) - [id: 0xc5c5d3e6, L:/0.0.0.0:42383] READ: [id: 0xdadd18ab, L:/192.168.34.44:42383 - R:/192.168.34.44:33018]
2019-09-24 12:18:50,850 INFO  logging.LoggingHandler (AbstractInternalLogger.java:log(150)) - [id: 0xea9be81b, L:/0.0.0.0:43111] READ COMPLETE
2019-09-24 12:18:50,851 INFO  logging.LoggingHandler (AbstractInternalLogger.java:log(150)) - [id: 0xc5c5d3e6, L:/0.0.0.0:42383] READ COMPLETE
2019-09-24 12:18:50,850 INFO  logging.LoggingHandler (AbstractInternalLogger.java:log(150)) - [id: 0xe55ad1b4, L:/0.0.0.0:41479] READ COMPLETE
2019-09-24 12:18:50,851 INFO  logging.LoggingHandler (AbstractInternalLogger.java:log(150)) - [id: 0xc5c5d3e6, L:/0.0.0.0:42383] READ: [id: 0xc36443a3, L:/192.168.34.44:42383 - R:/192.168.34.44:33022]
2019-09-24 12:18:50,851 INFO  logging.LoggingHandler (AbstractInternalLogger.java:log(150)) - [id: 0xea9be81b, L:/0.0.0.0:43111] READ: [id: 0xc2ed5f3a, L:/192.168.34.44:43111 - R:/192.168.34.44:45598]
2019-09-24 12:18:50,851 INFO  logging.LoggingHandler (AbstractInternalLogger.java:log(150)) - [id: 0xc5c5d3e6, L:/0.0.0.0:42383] READ COMPLETE
2019-09-24 12:18:50,851 INFO  logging.LoggingHandler (AbstractInternalLogger.java:log(150)) - [id: 0xe55ad1b4, L:/0.0.0.0:41479] READ: [id: 0xbb839af7, L:/192.168.34.44:41479 - R:/192.168.34.44:41668]
2019-09-24 12:18:50,851 INFO  logging.LoggingHandler (AbstractInternalLogger.java:log(150)) - [id: 0xe55ad1b4, L:/0.0.0.0:41479] READ COMPLETE
2019-09-24 12:18:50,851 INFO  logging.LoggingHandler (AbstractInternalLogger.java:log(150)) - [id: 0xc5c5d3e6, L:/0.0.0.0:42383] READ: [id: 0x4c6a069a, L:/192.168.34.44:42383 - R:/192.168.34.44:33024]
2019-09-24 12:18:50,852 INFO  logging.LoggingHandler (AbstractInternalLogger.java:log(150)) - [id: 0xe55ad1b4, L:/0.0.0.0:41479] READ: [id: 0xf70e8169, L:/192.168.34.44:41479 - R:/192.168.34.44:41672]
2019-09-24 12:18:50,851 INFO  logging.LoggingHandler (AbstractInternalLogger.java:log(150)) - [id: 0xea9be81b, L:/0.0.0.0:43111] READ COMPLETE
2019-09-24 12:18:50,852 INFO  logging.LoggingHandler (AbstractInternalLogger.java:log(150)) - [id: 0xe55ad1b4, L:/0.0.0.0:41479] READ COMPLETE
2019-09-24 12:18:50,852 INFO  logging.LoggingHandler (AbstractInternalLogger.java:log(150)) - [id: 0xc5c5d3e6, L:/0.0.0.0:42383] READ COMPLETE
2019-09-24 12:18:50,852 INFO  logging.LoggingHandler (AbstractInternalLogger.java:log(150)) - [id: 0xe55ad1b4, L:/0.0.0.0:41479] READ: [id: 0x2d3ba549, L:/192.168.34.44:41479 - R:/192.168.34.44:41676]
2019-09-24 12:18:50,852 INFO  logging.LoggingHandler (AbstractInternalLogger.java:log(150)) - [id: 0xea9be81b, L:/0.0.0.0:43111] READ: [id: 0x11c3c828, L:/192.168.34.44:43111 - R:/192.168.34.44:45612]
2019-09-24 12:18:50,852 INFO  logging.LoggingHandler (AbstractInternalLogger.java:log(150)) - [id: 0xe55ad1b4, L:/0.0.0.0:41479] READ COMPLETE
2019-09-24 12:18:50,852 INFO  logging.LoggingHandler (AbstractInternalLogger.java:log(150)) - [id: 0xc5c5d3e6, L:/0.0.0.0:42383] READ: [id: 0xe1dbbd60, L:/192.168.34.44:42383 - R:/192.168.34.44:33034]
2019-09-24 12:18:50,853 INFO  logging.LoggingHandler (AbstractInternalLogger.java:log(150)) - [id: 0xe55ad1b4, L:/0.0.0.0:41479] READ: [id: 0x24cbdd5f, L:/192.168.34.44:41479 - R:/192.168.34.44:41698]
2019-09-24 12:18:50,852 INFO  logging.LoggingHandler (AbstractInternalLogger.java:log(150)) - [id: 0xea9be81b, L:/0.0.0.0:43111] READ COMPLETE
2019-09-24 12:18:50,853 INFO  logging.LoggingHandler (AbstractInternalLogger.java:log(150)) - [id: 0xe55ad1b4, L:/0.0.0.0:41479] READ COMPLETE
2019-09-24 12:18:50,853 INFO  logging.LoggingHandler (AbstractInternalLogger.java:log(150)) - [id: 0xc5c5d3e6, L:/0.0.0.0:42383] READ COMPLETE
2019-09-24 12:18:50,853 INFO  logging.LoggingHandler (AbstractInternalLogger.java:log(150)) - [id: 0xea9be81b, L:/0.0.0.0:43111] READ: [id: 0x44b9769c, L:/192.168.34.44:43111 - R:/192.168.34.44:45614]
2019-09-24 12:18:50,853 INFO  logging.LoggingHandler (AbstractInternalLogger.java:log(150)) - [id: 0xc5c5d3e6, L:/0.0.0.0:42383] READ: [id: 0x249e6e72, L:/192.168.34.44:42383 - R:/192.168.34.44:33040]
2019-09-24 12:18:50,853 INFO  logging.LoggingHandler (AbstractInternalLogger.java:log(150)) - [id: 0xe55ad1b4, L:/0.0.0.0:41479] READ: [id: 0x50e4bf58, L:/192.168.34.44:41479 - R:/192.168.34.44:41700]
2019-09-24 12:18:50,853 INFO  logging.LoggingHandler (AbstractInternalLogger.java:log(150)) - [id: 0xc5c5d3e6, L:/0.0.0.0:42383] READ COMPLETE
2019-09-24 12:18:50,853 INFO  logging.LoggingHandler (AbstractInternalLogger.java:log(150)) - [id: 0xea9be81b, L:/0.0.0.0:43111] READ COMPLETE
2019-09-24 12:18:50,854 INFO  logging.LoggingHandler (AbstractInternalLogger.java:log(150)) - [id: 0xc5c5d3e6, L:/0.0.0.0:42383] READ: [id: 0xc1eb23c9, L:/192.168.34.44:42383 - R:/192.168.34.44:33044]
2019-09-24 12:18:50,854 INFO  logging.LoggingHandler (AbstractInternalLogger.java:log(150)) - [id: 0xe55ad1b4, L:/0.0.0.0:41479] READ COMPLETE
2019-09-24 12:18:50,854 INFO  logging.LoggingHandler (AbstractInternalLogger.java:log(150)) - [id: 0xc5c5d3e6, L:/0.0.0.0:42383] READ COMPLETE
2019-09-24 12:18:50,854 INFO  logging.LoggingHandler (AbstractInternalLogger.java:log(150)) - [id: 0xea9be81b, L:/0.0.0.0:43111] READ: [id: 0x718608de, L:/192.168.34.44:43111 - R:/192.168.34.44:45618]
2019-09-24 12:18:50,854 INFO  logging.LoggingHandler (AbstractInternalLogger.java:log(150)) - [id: 0xc5c5d3e6, L:/0.0.0.0:42383] READ: [id: 0x96aefa15, L:/192.168.34.44:42383 - R:/192.168.34.44:33050]
2019-09-24 12:18:50,854 INFO  logging.LoggingHandler (AbstractInternalLogger.java:log(150)) - [id: 0xe55ad1b4, L:/0.0.0.0:41479] READ: [id: 0x23121e36, L:/192.168.34.44:41479 - R:/192.168.34.44:41712]
2019-09-24 12:18:50,855 INFO  logging.LoggingHandler (AbstractInternalLogger.java:log(150)) - [id: 0xc5c5d3e6, L:/0.0.0.0:42383] READ COMPLETE
2019-09-24 12:18:50,854 INFO  logging.LoggingHandler (AbstractInternalLogger.java:log(150)) - [id: 0xea9be81b, L:/0.0.0.0:43111] READ COMPLETE
2019-09-24 12:18:50,855 INFO  logging.LoggingHandler (AbstractInternalLogger.java:log(150)) - [id: 0xc5c5d3e6, L:/0.0.0.0:42383] READ: [id: 0x4d5946b4, L:/192.168.34.44:42383 - R:/192.168.34.44:33060]
2019-09-24 12:18:50,855 INFO  logging.LoggingHandler (AbstractInternalLogger.java:log(150)) - [id: 0xe55ad1b4, L:/0.0.0.0:41479] READ COMPLETE
2019-09-24 12:18:50,855 INFO  logging.LoggingHandler (AbstractInternalLogger.java:log(150)) - [id: 0xc5c5d3e6, L:/0.0.0.0:42383] READ COMPLETE
2019-09-24 12:18:50,855 INFO  logging.LoggingHandler (AbstractInternalLogger.java:log(150)) - [id: 0xea9be81b, L:/0.0.0.0:43111] READ: [id: 0xad5fbfab, L:/192.168.34.44:43111 - R:/192.168.34.44:45620]
2019-09-24 12:18:50,855 INFO  logging.LoggingHandler (AbstractInternalLogger.java:log(150)) - [id: 0xc5c5d3e6, L:/0.0.0.0:42383] READ: [id: 0xa477e9a0, L:/192.168.34.44:42383 - R:/192.168.34.44:33070]
2019-09-24 12:18:50,855 INFO  logging.LoggingHandler (AbstractInternalLogger.java:log(150)) - [id: 0xe55ad1b4, L:/0.0.0.0:41479] READ: [id: 0x8d75b8ef, L:/192.168.34.44:41479 - R:/192.168.34.44:41714]
2019-09-24 12:18:50,856 INFO  logging.LoggingHandler (AbstractInternalLogger.java:log(150)) - [id: 0xc5c5d3e6, L:/0.0.0.0:42383] READ COMPLETE
2019-09-24 12:18:50,856 INFO  logging.LoggingHandler (AbstractInternalLogger.java:log(150)) - [id: 0xea9be81b, L:/0.0.0.0:43111] READ COMPLETE
2019-09-24 12:18:50,856 INFO  logging.LoggingHandler (AbstractInternalLogger.java:log(150)) - [id: 0xc5c5d3e6, L:/0.0.0.0:42383] READ: [id: 0xea364f01, L:/192.168.34.44:42383 - R:/192.168.34.44:33074]
2019-09-24 12:18:50,856 INFO  logging.LoggingHandler (AbstractInternalLogger.java:log(150)) - [id: 0xe55ad1b4, L:/0.0.0.0:41479] READ COMPLETE
2019-09-24 12:18:50,856 INFO  logging.LoggingHandler (AbstractInternalLogger.java:log(150)) - [id: 0xc5c5d3e6, L:/0.0.0.0:42383] READ COMPLETE
2019-09-24 12:18:50,856 INFO  logging.LoggingHandler (AbstractInternalLogger.java:log(150)) - [id: 0xea9be81b, L:/0.0.0.0:43111] READ: [id: 0xfe3bba2d, L:/192.168.34.44:43111 - R:/192.168.34.44:45622]
2019-09-24 12:18:50,856 INFO  logging.LoggingHandler (AbstractInternalLogger.java:log(150)) - [id: 0xe55ad1b4, L:/0.0.0.0:41479] READ: [id: 0x4d8a1569, L:/192.168.34.44:41479 - R:/192.168.34.44:41720]
2019-09-24 12:18:50,857 INFO  logging.LoggingHandler (AbstractInternalLogger.java:log(150)) - [id: 0xc5c5d3e6, L:/0.0.0.0:42383] READ: [id: 0xf52fb192, L:/192.168.34.44:42383 - R:/192.168.34.44:33082]
2019-09-24 12:18:50,857 INFO  logging.LoggingHandler (AbstractInternalLogger.java:log(150)) - [id: 0xea9be81b, L:/0.0.0.0:43111] READ COMPLETE
2019-09-24 12:18:50,857 INFO  logging.LoggingHandler (AbstractInternalLogger.java:log(150)) - [id: 0xc5c5d3e6, L:/0.0.0.0:42383] READ COMPLETE
2019-09-24 12:18:50,857 INFO  logging.LoggingHandler (AbstractInternalLogger.java:log(150)) - [id: 0xe55ad1b4, L:/0.0.0.0:41479] READ COMPLETE
2019-09-24 12:18:50,857 INFO  logging.LoggingHandler (AbstractInternalLogger.java:log(150)) - [id: 0xc5c5d3e6, L:/0.0.0.0:42383] READ: [id: 0xa2c58413, L:/192.168.34.44:42383 - R:/192.168.34.44:33086]
2019-09-24 12:18:50,857 INFO  logging.LoggingHandler (AbstractInternalLogger.java:log(150)) - [id: 0xe55ad1b4, L:/0.0.0.0:41479] READ: [id: 0x370299f0, L:/192.168.34.44:41479 - R:/192.168.34.44:41734]
2019-09-24 12:18:50,857 INFO  logging.LoggingHandler (AbstractInternalLogger.java:log(150)) - [id: 0xea9be81b, L:/0.0.0.0:43111] READ: [id: 0xefeb8b07, L:/192.168.34.44:43111 - R:/192.168.34.44:45624]
2019-09-24 12:18:50,857 INFO  logging.LoggingHandler (AbstractInternalLogger.java:log(150)) - [id: 0xe55ad1b4, L:/0.0.0.0:41479] READ COMPLETE
2019-09-24 12:18:50,857 INFO  logging.LoggingHandler (AbstractInternalLogger.java:log(150)) - [id: 0xc5c5d3e6, L:/0.0.0.0:42383] READ COMPLETE
2019-09-24 12:18:50,858 INFO  logging.LoggingHandler (AbstractInternalLogger.java:log(150)) - [id: 0xea9be81b, L:/0.0.0.0:43111] READ COMPLETE
2019-09-24 12:18:50,858 INFO  logging.LoggingHandler (AbstractInternalLogger.java:log(150)) - [id: 0xc5c5d3e6, L:/0.0.0.0:42383] READ: [id: 0x8fc368cc, L:/192.168.34.44:42383 - R:/192.168.34.44:33090]
2019-09-24 12:18:50,858 INFO  logging.LoggingHandler (AbstractInternalLogger.java:log(150)) - [id: 0xe55ad1b4, L:/0.0.0.0:41479] READ: [id: 0xbe85f3ed, L:/192.168.34.44:41479 - R:/192.168.34.44:41742]
2019-09-24 12:18:50,858 INFO  logging.LoggingHandler (AbstractInternalLogger.java:log(150)) - [id: 0xc5c5d3e6, L:/0.0.0.0:42383] READ COMPLETE
2019-09-24 12:18:50,858 INFO  logging.LoggingHandler (AbstractInternalLogger.java:log(150)) - [id: 0xea9be81b, L:/0.0.0.0:43111] READ: [id: 0x33cf07fb, L:/192.168.34.44:43111 - R:/192.168.34.44:45630]
2019-09-24 12:18:50,858 INFO  logging.LoggingHandler (AbstractInternalLogger.java:log(150)) - [id: 0xc5c5d3e6, L:/0.0.0.0:42383] READ: [id: 0x61ceb65f, L:/192.168.34.44:42383 - R:/192.168.34.44:33092]
2019-09-24 12:18:50,858 INFO  logging.LoggingHandler (AbstractInternalLogger.java:log(150)) - [id: 0xe55ad1b4, L:/0.0.0.0:41479] READ COMPLETE
2019-09-24 12:18:50,859 INFO  logging.LoggingHandler (AbstractInternalLogger.java:log(150)) - [id: 0xc5c5d3e6, L:/0.0.0.0:42383] READ COMPLETE
2019-09-24 12:18:50,858 INFO  logging.LoggingHandler (AbstractInternalLogger.java:log(150)) - [id: 0xea9be81b, L:/0.0.0.0:43111] READ COMPLETE
2019-09-24 12:18:50,859 INFO  logging.LoggingHandler (AbstractInternalLogger.java:log(150)) - [id: 0xe55ad1b4, L:/0.0.0.0:41479] READ: [id: 0x83450ea2, L:/192.168.34.44:41479 - R:/192.168.34.44:41750]
2019-09-24 12:18:50,859 INFO  logging.LoggingHandler (AbstractInternalLogger.java:log(150)) - [id: 0xea9be81b, L:/0.0.0.0:43111] READ: [id: 0x40a93df7, L:/192.168.34.44:43111 - R:/192.168.34.44:45642]
2019-09-24 12:18:50,859 INFO  logging.LoggingHandler (AbstractInternalLogger.java:log(150)) - [id: 0xc5c5d3e6, L:/0.0.0.0:42383] READ: [id: 0x18edf0e0, L:/192.168.34.44:42383 - R:/192.168.34.44:33100]
2019-09-24 12:18:50,859 INFO  logging.LoggingHandler (AbstractInternalLogger.java:log(150)) - [id: 0xea9be81b, L:/0.0.0.0:43111] READ COMPLETE
2019-09-24 12:18:50,859 INFO  logging.LoggingHandler (AbstractInternalLogger.java:log(150)) - [id: 0xe55ad1b4, L:/0.0.0.0:41479] READ COMPLETE
2019-09-24 12:18:50,860 INFO  logging.LoggingHandler (AbstractInternalLogger.java:log(150)) - [id: 0xea9be81b, L:/0.0.0.0:43111] READ: [id: 0xb4aecd00, L:/192.168.34.44:43111 - R:/192.168.34.44:45644]
2019-09-24 12:18:50,859 INFO  logging.LoggingHandler (AbstractInternalLogger.java:log(150)) - [id: 0xc5c5d3e6, L:/0.0.0.0:42383] READ COMPLETE
2019-09-24 12:18:50,860 INFO  logging.LoggingHandler (AbstractInternalLogger.java:log(150)) - [id: 0xea9be81b, L:/0.0.0.0:43111] READ COMPLETE
2019-09-24 12:18:50,860 INFO  logging.LoggingHandler (AbstractInternalLogger.java:log(150)) - [id: 0xe55ad1b4, L:/0.0.0.0:41479] READ: [id: 0x894ecdf8, L:/192.168.34.44:41479 - R:/192.168.34.44:41752]
2019-09-24 12:18:50,860 INFO  logging.LoggingHandler (AbstractInternalLogger.java:log(150)) - [id: 0xc5c5d3e6, L:/0.0.0.0:42383] READ: [id: 0x55fd24c9, L:/192.168.34.44:42383 - R:/192.168.34.44:33104]
2019-09-24 12:18:50,860 INFO  logging.LoggingHandler (AbstractInternalLogger.java:log(150)) - [id: 0xe55ad1b4, L:/0.0.0.0:41479] READ COMPLETE
2019-09-24 12:18:50,860 INFO  logging.LoggingHandler (AbstractInternalLogger.java:log(150)) - [id: 0xea9be81b, L:/0.0.0.0:43111] READ: [id: 0x790e7437, L:/192.168.34.44:43111 - R:/192.168.34.44:45650]
2019-09-24 12:18:50,860 INFO  logging.LoggingHandler (AbstractInternalLogger.java:log(150)) - [id: 0xe55ad1b4, L:/0.0.0.0:41479] READ: [id: 0x94430d48, L:/192.168.34.44:41479 - R:/192.168.34.44:41756]
2019-09-24 12:18:50,860 INFO  logging.LoggingHandler (AbstractInternalLogger.java:log(150)) - [id: 0xc5c5d3e6, L:/0.0.0.0:42383] READ COMPLETE
2019-09-24 12:18:50,861 INFO  logging.LoggingHandler (AbstractInternalLogger.java:log(150)) - [id: 0xe55ad1b4, L:/0.0.0.0:41479] READ COMPLETE
2019-09-24 12:18:50,860 INFO  logging.LoggingHandler (AbstractInternalLogger.java:log(150)) - [id: 0xea9be81b, L:/0.0.0.0:43111] READ COMPLETE
2019-09-24 12:18:50,861 INFO  logging.LoggingHandler (AbstractInternalLogger.java:log(150)) - [id: 0xc5c5d3e6, L:/0.0.0.0:42383] READ: [id: 0xc22313a9, L:/192.168.34.44:42383 - R:/192.168.34.44:33116]
2019-09-24 12:18:50,861 INFO  logging.LoggingHandler (AbstractInternalLogger.java:log(150)) - [id: 0xea9be81b, L:/0.0.0.0:43111] READ: [id: 0x11b6a62f, L:/192.168.34.44:43111 - R:/192.168.34.44:45654]
2019-09-24 12:18:50,861 INFO  logging.LoggingHandler (AbstractInternalLogger.java:log(150)) - [id: 0xe55ad1b4, L:/0.0.0.0:41479] READ: [id: 0x7920294c, L:/192.168.34.44:41479 - R:/192.168.34.44:41776]
2019-09-24 12:18:50,861 INFO  logging.LoggingHandler (AbstractInternalLogger.java:log(150)) - [id: 0xea9be81b, L:/0.0.0.0:43111] READ COMPLETE
2019-09-24 12:18:50,861 INFO  logging.LoggingHandler (AbstractInternalLogger.java:log(150)) - [id: 0xc5c5d3e6, L:/0.0.0.0:42383] READ COMPLETE
2019-09-24 12:18:50,862 INFO  logging.LoggingHandler (AbstractInternalLogger.java:log(150)) - [id: 0xea9be81b, L:/0.0.0.0:43111] READ: [id: 0xc7a91115, L:/192.168.34.44:43111 - R:/192.168.34.44:45660]
2019-09-24 12:18:50,861 INFO  logging.LoggingHandler (AbstractInternalLogger.java:log(150)) - [id: 0xe55ad1b4, L:/0.0.0.0:41479] READ COMPLETE
2019-09-24 12:18:50,862 INFO  logging.LoggingHandler (AbstractInternalLogger.java:log(150)) - [id: 0xea9be81b, L:/0.0.0.0:43111] READ COMPLETE
2019-09-24 12:18:50,862 INFO  logging.LoggingHandler (AbstractInternalLogger.java:log(150)) - [id: 0xc5c5d3e6, L:/0.0.0.0:42383] READ: [id: 0xeec180a5, L:/192.168.34.44:42383 - R:/192.168.34.44:33118]
2019-09-24 12:18:50,862 INFO  logging.LoggingHandler (AbstractInternalLogger.java:log(150)) - [id: 0xea9be81b, L:/0.0.0.0:43111] READ: [id: 0x2a349059, L:/192.168.34.44:43111 - R:/192.168.34.44:45662]
2019-09-24 12:18:50,862 INFO  logging.LoggingHandler (AbstractInternalLogger.java:log(150)) - [id: 0xe55ad1b4, L:/0.0.0.0:41479] READ: [id: 0x3fe2c4f8, L:/192.168.34.44:41479 - R:/192.168.34.44:41780]
2019-09-24 12:18:50,862 INFO  logging.LoggingHandler (AbstractInternalLogger.java:log(150)) - [id: 0xea9be81b, L:/0.0.0.0:43111] READ COMPLETE
2019-09-24 12:18:50,862 INFO  logging.LoggingHandler (AbstractInternalLogger.java:log(150)) - [id: 0xc5c5d3e6, L:/0.0.0.0:42383] READ COMPLETE
2019-09-24 12:18:50,863 INFO  logging.LoggingHandler (AbstractInternalLogger.java:log(150)) - [id: 0xea9be81b, L:/0.0.0.0:43111] READ: [id: 0x4f89a852, L:/192.168.34.44:43111 - R:/192.168.34.44:45664]
2019-09-24 12:18:50,862 INFO  logging.LoggingHandler (AbstractInternalLogger.java:log(150)) - [id: 0xe55ad1b4, L:/0.0.0.0:41479] READ COMPLETE
2019-09-24 12:18:50,863 INFO  logging.LoggingHandler (AbstractInternalLogger.java:log(150)) - [id: 0xea9be81b, L:/0.0.0.0:43111] READ COMPLETE
2019-09-24 12:18:50,863 INFO  logging.LoggingHandler (AbstractInternalLogger.java:log(150)) - [id: 0xc5c5d3e6, L:/0.0.0.0:42383] READ: [id: 0x509ac515, L:/192.168.34.44:42383 - R:/192.168.34.44:33128]
2019-09-24 12:18:50,863 INFO  logging.LoggingHandler (AbstractInternalLogger.java:log(150)) - [id: 0xe55ad1b4, L:/0.0.0.0:41479] READ: [id: 0xb262d260, L:/192.168.34.44:41479 - R:/192.168.34.44:41782]
2019-09-24 12:18:50,863 INFO  logging.LoggingHandler (AbstractInternalLogger.java:log(150)) - [id: 0xc5c5d3e6, L:/0.0.0.0:42383] READ COMPLETE
2019-09-24 12:18:50,863 INFO  logging.LoggingHandler (AbstractInternalLogger.java:log(150)) - [id: 0xea9be81b, L:/0.0.0.0:43111] READ: [id: 0xbb76b499, L:/192.168.34.44:43111 - R:/192.168.34.44:45668]
2019-09-24 12:18:50,863 INFO  logging.LoggingHandler (AbstractInternalLogger.java:log(150)) - [id: 0xe55ad1b4, L:/0.0.0.0:41479] READ COMPLETE
2019-09-24 12:18:50,864 INFO  logging.LoggingHandler (AbstractInternalLogger.java:log(150)) - [id: 0xea9be81b, L:/0.0.0.0:43111] READ COMPLETE
2019-09-24 12:18:50,864 INFO  logging.LoggingHandler (AbstractInternalLogger.java:log(150)) - [id: 0xe55ad1b4, L:/0.0.0.0:41479] READ: [id: 0xbd01bfe4, L:/192.168.34.44:41479 - R:/192.168.34.44:41786]
2019-09-24 12:18:50,864 INFO  logging.LoggingHandler (AbstractInternalLogger.java:log(150)) - [id: 0xe55ad1b4, L:/0.0.0.0:41479] READ COMPLETE
2019-09-24 12:18:50,864 INFO  logging.LoggingHandler (AbstractInternalLogger.java:log(150)) - [id: 0xea9be81b, L:/0.0.0.0:43111] READ: [id: 0xb35a28bf, L:/192.168.34.44:43111 - R:/192.168.34.44:45676]
2019-09-24 12:18:50,864 INFO  logging.LoggingHandler (AbstractInternalLogger.java:log(150)) - [id: 0xe55ad1b4, L:/0.0.0.0:41479] READ: [id: 0x83f1f230, L:/192.168.34.44:41479 - R:/192.168.34.44:41794]
2019-09-24 12:18:50,864 INFO  logging.LoggingHandler (AbstractInternalLogger.java:log(150)) - [id: 0xea9be81b, L:/0.0.0.0:43111] READ COMPLETE
2019-09-24 12:18:50,864 INFO  logging.LoggingHandler (AbstractInternalLogger.java:log(150)) - [id: 0xe55ad1b4, L:/0.0.0.0:41479] READ COMPLETE
2019-09-24 12:18:50,865 INFO  logging.LoggingHandler (AbstractInternalLogger.java:log(150)) - [id: 0xea9be81b, L:/0.0.0.0:43111] READ: [id: 0x23a667f6, L:/192.168.34.44:43111 - R:/192.168.34.44:45680]
2019-09-24 12:18:50,865 INFO  logging.LoggingHandler (AbstractInternalLogger.java:log(150)) - [id: 0xe55ad1b4, L:/0.0.0.0:41479] READ: [id: 0xc871dcae, L:/192.168.34.44:41479 - R:/192.168.34.44:41820]
2019-09-24 12:18:50,865 INFO  logging.LoggingHandler (AbstractInternalLogger.java:log(150)) - [id: 0xc5c5d3e6, L:/0.0.0.0:42383] READ: [id: 0x64b63267, L:/192.168.34.44:42383 - R:/192.168.34.44:33146]
2019-09-24 12:18:50,865 INFO  logging.LoggingHandler (AbstractInternalLogger.java:log(150)) - [id: 0xe55ad1b4, L:/0.0.0.0:41479] READ COMPLETE
2019-09-24 12:18:50,865 INFO  logging.LoggingHandler (AbstractInternalLogger.java:log(150)) - [id: 0xea9be81b, L:/0.0.0.0:43111] READ COMPLETE
2019-09-24 12:18:50,865 INFO  logging.LoggingHandler (AbstractInternalLogger.java:log(150)) - [id: 0xe55ad1b4, L:/0.0.0.0:41479] READ: [id: 0xb4a5483d, L:/192.168.34.44:41479 - R:/192.168.34.44:41822]
2019-09-24 12:18:50,865 INFO  logging.LoggingHandler (AbstractInternalLogger.java:log(150)) - [id: 0xea9be81b, L:/0.0.0.0:43111] READ: [id: 0xe539b019, L:/192.168.34.44:43111 - R:/192.168.34.44:45686]
2019-09-24 12:18:50,865 INFO  logging.LoggingHandler (AbstractInternalLogger.java:log(150)) - [id: 0xc5c5d3e6, L:/0.0.0.0:42383] READ COMPLETE
2019-09-24 12:18:50,866 INFO  logging.LoggingHandler (AbstractInternalLogger.java:log(150)) - [id: 0xea9be81b, L:/0.0.0.0:43111] READ COMPLETE
2019-09-24 12:18:50,866 INFO  logging.LoggingHandler (AbstractInternalLogger.java:log(150)) - [id: 0xe55ad1b4, L:/0.0.0.0:41479] READ COMPLETE
2019-09-24 12:18:50,866 INFO  logging.LoggingHandler (AbstractInternalLogger.java:log(150)) - [id: 0xea9be81b, L:/0.0.0.0:43111] READ: [id: 0xc6273a0d, L:/192.168.34.44:43111 - R:/192.168.34.44:45690]
2019-09-24 12:18:50,866 INFO  logging.LoggingHandler (AbstractInternalLogger.java:log(150)) - [id: 0xe55ad1b4, L:/0.0.0.0:41479] READ: [id: 0xa877d1cf, L:/192.168.34.44:41479 - R:/192.168.34.44:41826]
2019-09-24 12:18:50,866 INFO  logging.LoggingHandler (AbstractInternalLogger.java:log(150)) - [id: 0xc5c5d3e6, L:/0.0.0.0:42383] READ: [id: 0x45e74c76, L:/192.168.34.44:42383 - R:/192.168.34.44:33152]
2019-09-24 12:18:50,866 INFO  logging.LoggingHandler (AbstractInternalLogger.java:log(150)) - [id: 0xe55ad1b4, L:/0.0.0.0:41479] READ COMPLETE
2019-09-24 12:18:50,866 INFO  logging.LoggingHandler (AbstractInternalLogger.java:log(150)) - [id: 0xea9be81b, L:/0.0.0.0:43111] READ COMPLETE
2019-09-24 12:18:50,866 INFO  logging.LoggingHandler (AbstractInternalLogger.java:log(150)) - [id: 0xc5c5d3e6, L:/0.0.0.0:42383] READ COMPLETE
2019-09-24 12:18:50,867 INFO  logging.LoggingHandler (AbstractInternalLogger.java:log(150)) - [id: 0xea9be81b, L:/0.0.0.0:43111] READ: [id: 0x984bf9e9, L:/192.168.34.44:43111 - R:/192.168.34.44:45692]
2019-09-24 12:18:50,867 INFO  logging.LoggingHandler (AbstractInternalLogger.java:log(150)) - [id: 0xc5c5d3e6, L:/0.0.0.0:42383] READ: [id: 0x427d1311, L:/192.168.34.44:42383 - R:/192.168.34.44:33156]
2019-09-24 12:18:50,867 INFO  logging.LoggingHandler (AbstractInternalLogger.java:log(150)) - [id: 0xe55ad1b4, L:/0.0.0.0:41479] READ: [id: 0x9211e9c7, L:/192.168.34.44:41479 - R:/192.168.34.44:41836]
2019-09-24 12:18:50,867 INFO  logging.LoggingHandler (AbstractInternalLogger.java:log(150)) - [id: 0xc5c5d3e6, L:/0.0.0.0:42383] READ COMPLETE
2019-09-24 12:18:50,867 INFO  logging.LoggingHandler (AbstractInternalLogger.java:log(150)) - [id: 0xea9be81b, L:/0.0.0.0:43111] READ COMPLETE
2019-09-24 12:18:50,867 INFO  logging.LoggingHandler (AbstractInternalLogger.java:log(150)) - [id: 0xc5c5d3e6, L:/0.0.0.0:42383] READ: [id: 0xf68870f8, L:/192.168.34.44:42383 - R:/192.168.34.44:33162]
2019-09-24 12:18:50,868 INFO  logging.LoggingHandler (AbstractInternalLogger.java:log(150)) - [id: 0xea9be81b, L:/0.0.0.0:43111] READ: [id: 0x8babeecb, L:/192.168.34.44:43111 - R:/192.168.34.44:45696]
2019-09-24 12:18:50,867 INFO  logging.LoggingHandler (AbstractInternalLogger.java:log(150)) - [id: 0xe55ad1b4, L:/0.0.0.0:41479] READ COMPLETE
2019-09-24 12:18:50,868 INFO  logging.LoggingHandler (AbstractInternalLogger.java:log(150)) - [id: 0xea9be81b, L:/0.0.0.0:43111] READ COMPLETE
2019-09-24 12:18:50,868 INFO  logging.LoggingHandler (AbstractInternalLogger.java:log(150)) - [id: 0xc5c5d3e6, L:/0.0.0.0:42383] READ COMPLETE
2019-09-24 12:18:50,868 INFO  logging.LoggingHandler (AbstractInternalLogger.java:log(150)) - [id: 0xea9be81b, L:/0.0.0.0:43111] READ: [id: 0xd37adee9, L:/192.168.34.44:43111 - R:/192.168.34.44:45700]
2019-09-24 12:18:50,868 INFO  logging.LoggingHandler (AbstractInternalLogger.java:log(150)) - [id: 0xe55ad1b4, L:/0.0.0.0:41479] READ: [id: 0x6619f2c9, L:/192.168.34.44:41479 - R:/192.168.34.44:41846]
2019-09-24 12:18:50,868 INFO  logging.LoggingHandler (AbstractInternalLogger.java:log(150)) - [id: 0xea9be81b, L:/0.0.0.0:43111] READ COMPLETE
2019-09-24 12:18:50,868 INFO  logging.LoggingHandler (AbstractInternalLogger.java:log(150)) - [id: 0xc5c5d3e6, L:/0.0.0.0:42383] READ: [id: 0x48ba6944, L:/192.168.34.44:42383 - R:/192.168.34.44:33164]
2019-09-24 12:18:50,868 INFO  logging.LoggingHandler (AbstractInternalLogger.java:log(150)) - [id: 0xe55ad1b4, L:/0.0.0.0:41479] READ COMPLETE
2019-09-24 12:18:50,869 INFO  logging.LoggingHandler (AbstractInternalLogger.java:log(150)) - [id: 0xc5c5d3e6, L:/0.0.0.0:42383] READ COMPLETE
2019-09-24 12:18:50,869 INFO  logging.LoggingHandler (AbstractInternalLogger.java:log(150)) - [id: 0xea9be81b, L:/0.0.0.0:43111] READ: [id: 0x3de41f9a, L:/192.168.34.44:43111 - R:/192.168.34.44:45704]
2019-09-24 12:18:50,869 INFO  logging.LoggingHandler (AbstractInternalLogger.java:log(150)) - [id: 0xc5c5d3e6, L:/0.0.0.0:42383] READ: [id: 0xe8e8157a, L:/192.168.34.44:42383 - R:/192.168.34.44:33166]
2019-09-24 12:18:50,869 INFO  logging.LoggingHandler (AbstractInternalLogger.java:log(150)) - [id: 0xe55ad1b4, L:/0.0.0.0:41479] READ: [id: 0x355a02e7, L:/192.168.34.44:41479 - R:/192.168.34.44:41850]
2019-09-24 12:18:50,869 INFO  logging.LoggingHandler (AbstractInternalLogger.java:log(150)) - [id: 0xc5c5d3e6, L:/0.0.0.0:42383] READ COMPLETE
2019-09-24 12:18:50,869 INFO  logging.LoggingHandler (AbstractInternalLogger.java:log(150)) - [id: 0xea9be81b, L:/0.0.0.0:43111] READ COMPLETE
2019-09-24 12:18:50,870 INFO  logging.LoggingHandler (AbstractInternalLogger.java:log(150)) - [id: 0xc5c5d3e6, L:/0.0.0.0:42383] READ: [id: 0xd93fe7e8, L:/192.168.34.44:42383 - R:/192.168.34.44:33182]
2019-09-24 12:18:50,869 INFO  logging.LoggingHandler (AbstractInternalLogger.java:log(150)) - [id: 0xe55ad1b4, L:/0.0.0.0:41479] READ COMPLETE
2019-09-24 12:18:50,870 INFO  logging.LoggingHandler (AbstractInternalLogger.java:log(150)) - [id: 0xc5c5d3e6, L:/0.0.0.0:42383] READ COMPLETE
2019-09-24 12:18:50,870 INFO  logging.LoggingHandler (AbstractInternalLogger.java:log(150)) - [id: 0xea9be81b, L:/0.0.0.0:43111] READ: [id: 0xf48069f8, L:/192.168.34.44:43111 - R:/192.168.34.44:45708]
2019-09-24 12:18:50,870 INFO  logging.LoggingHandler (AbstractInternalLogger.java:log(150)) - [id: 0xe55ad1b4, L:/0.0.0.0:41479] READ: [id: 0xe7a18d8b, L:/192.168.34.44:41479 - R:/192.168.34.44:41854]
2019-09-24 12:18:50,870 INFO  logging.LoggingHandler (AbstractInternalLogger.java:log(150)) - [id: 0xc5c5d3e6, L:/0.0.0.0:42383] READ: [id: 0x6465dc69, L:/192.168.34.44:42383 - R:/192.168.34.44:33186]
2019-09-24 12:18:50,870 INFO  logging.LoggingHandler (AbstractInternalLogger.java:log(150)) - [id: 0xea9be81b, L:/0.0.0.0:43111] READ COMPLETE
2019-09-24 12:18:50,870 INFO  logging.LoggingHandler (AbstractInternalLogger.java:log(150)) - [id: 0xc5c5d3e6, L:/0.0.0.0:42383] READ COMPLETE
2019-09-24 12:18:50,870 INFO  logging.LoggingHandler (AbstractInternalLogger.java:log(150)) - [id: 0xe55ad1b4, L:/0.0.0.0:41479] READ COMPLETE
2019-09-24 12:18:50,871 INFO  logging.LoggingHandler (AbstractInternalLogger.java:log(150)) - [id: 0xc5c5d3e6, L:/0.0.0.0:42383] READ: [id: 0x5f0a288c, L:/192.168.34.44:42383 - R:/192.168.34.44:33190]
2019-09-24 12:18:50,871 INFO  logging.LoggingHandler (AbstractInternalLogger.java:log(150)) - [id: 0xe55ad1b4, L:/0.0.0.0:41479] READ: [id: 0x2aed9dd9, L:/192.168.34.44:41479 - R:/192.168.34.44:41864]
2019-09-24 12:18:50,871 INFO  logging.LoggingHandler (AbstractInternalLogger.java:log(150)) - [id: 0xea9be81b, L:/0.0.0.0:43111] READ: [id: 0xfe9d5884, L:/192.168.34.44:43111 - R:/192.168.34.44:45710]
2019-09-24 12:18:50,871 INFO  logging.LoggingHandler (AbstractInternalLogger.java:log(150)) - [id: 0xe55ad1b4, L:/0.0.0.0:41479] READ COMPLETE
2019-09-24 12:18:50,871 INFO  logging.LoggingHandler (AbstractInternalLogger.java:log(150)) - [id: 0xc5c5d3e6, L:/0.0.0.0:42383] READ COMPLETE
2019-09-24 12:18:50,872 INFO  logging.LoggingHandler (AbstractInternalLogger.java:log(150)) - [id: 0xe55ad1b4, L:/0.0.0.0:41479] READ: [id: 0x0ec036b8, L:/192.168.34.44:41479 - R:/192.168.34.44:41868]
2019-09-24 12:18:50,871 INFO  logging.LoggingHandler (AbstractInternalLogger.java:log(150)) - [id: 0xea9be81b, L:/0.0.0.0:43111] READ COMPLETE
2019-09-24 12:18:50,872 INFO  logging.LoggingHandler (AbstractInternalLogger.java:log(150)) - [id: 0xe55ad1b4, L:/0.0.0.0:41479] READ COMPLETE
2019-09-24 12:18:50,872 INFO  logging.LoggingHandler (AbstractInternalLogger.java:log(150)) - [id: 0xea9be81b, L:/0.0.0.0:43111] READ: [id: 0x8c3f5355, L:/192.168.34.44:43111 - R:/192.168.34.44:45714]
2019-09-24 12:18:50,872 INFO  logging.LoggingHandler (AbstractInternalLogger.java:log(150)) - [id: 0xe55ad1b4, L:/0.0.0.0:41479] READ: [id: 0x9a20d17b, L:/192.168.34.44:41479 - R:/192.168.34.44:41872]
2019-09-24 12:18:50,872 INFO  logging.LoggingHandler (AbstractInternalLogger.java:log(150)) - [id: 0xea9be81b, L:/0.0.0.0:43111] READ COMPLETE
2019-09-24 12:18:50,872 INFO  logging.LoggingHandler (AbstractInternalLogger.java:log(150)) - [id: 0xc5c5d3e6, L:/0.0.0.0:42383] READ: [id: 0xc960b2dd, L:/192.168.34.44:42383 - R:/192.168.34.44:33204]
2019-09-24 12:18:50,872 INFO  logging.LoggingHandler (AbstractInternalLogger.java:log(150)) - [id: 0xe55ad1b4, L:/0.0.0.0:41479] READ COMPLETE
2019-09-24 12:18:50,872 INFO  logging.LoggingHandler (AbstractInternalLogger.java:log(150)) - [id: 0xc5c5d3e6, L:/0.0.0.0:42383] READ COMPLETE
2019-09-24 12:18:50,872 INFO  logging.LoggingHandler (AbstractInternalLogger.java:log(150)) - [id: 0xea9be81b, L:/0.0.0.0:43111] READ: [id: 0x81db16f2, L:/192.168.34.44:43111 - R:/192.168.34.44:45726]
2019-09-24 12:18:50,873 INFO  logging.LoggingHandler (AbstractInternalLogger.java:log(150)) - [id: 0xc5c5d3e6, L:/0.0.0.0:42383] READ: [id: 0x321c2b3b, L:/192.168.34.44:42383 - R:/192.168.34.44:33206]
2019-09-24 12:18:50,873 INFO  logging.LoggingHandler (AbstractInternalLogger.java:log(150)) - [id: 0xe55ad1b4, L:/0.0.0.0:41479] READ: [id: 0x02b9b5a0, L:/192.168.34.44:41479 - R:/192.168.34.44:41884]
2019-09-24 12:18:50,873 INFO  logging.LoggingHandler (AbstractInternalLogger.java:log(150)) - [id: 0xc5c5d3e6, L:/0.0.0.0:42383] READ COMPLETE
2019-09-24 12:18:50,873 INFO  logging.LoggingHandler (AbstractInternalLogger.java:log(150)) - [id: 0xea9be81b, L:/0.0.0.0:43111] READ COMPLETE
2019-09-24 12:18:50,873 INFO  logging.LoggingHandler (AbstractInternalLogger.java:log(150)) - [id: 0xe55ad1b4, L:/0.0.0.0:41479] READ COMPLETE
2019-09-24 12:18:50,873 INFO  logging.LoggingHandler (AbstractInternalLogger.java:log(150)) - [id: 0xea9be81b, L:/0.0.0.0:43111] READ: [id: 0xd1307736, L:/192.168.34.44:43111 - R:/192.168.34.44:45734]
2019-09-24 12:18:50,873 INFO  logging.LoggingHandler (AbstractInternalLogger.java:log(150)) - [id: 0xe55ad1b4, L:/0.0.0.0:41479] READ: [id: 0xf2f459bc, L:/192.168.34.44:41479 - R:/192.168.34.44:41892]
2019-09-24 12:18:50,874 INFO  logging.LoggingHandler (AbstractInternalLogger.java:log(150)) - [id: 0xea9be81b, L:/0.0.0.0:43111] READ COMPLETE
2019-09-24 12:18:50,874 INFO  logging.LoggingHandler (AbstractInternalLogger.java:log(150)) - [id: 0xc5c5d3e6, L:/0.0.0.0:42383] READ: [id: 0x220be36a, L:/192.168.34.44:42383 - R:/192.168.34.44:33214]
2019-09-24 12:18:50,874 INFO  logging.LoggingHandler (AbstractInternalLogger.java:log(150)) - [id: 0xe55ad1b4, L:/0.0.0.0:41479] READ COMPLETE
2019-09-24 12:18:50,874 INFO  logging.LoggingHandler (AbstractInternalLogger.java:log(150)) - [id: 0xc5c5d3e6, L:/0.0.0.0:42383] READ COMPLETE
2019-09-24 12:18:50,874 INFO  logging.LoggingHandler (AbstractInternalLogger.java:log(150)) - [id: 0xea9be81b, L:/0.0.0.0:43111] READ: [id: 0x35b7aa73, L:/192.168.34.44:43111 - R:/192.168.34.44:45738]
2019-09-24 12:18:50,874 INFO  logging.LoggingHandler (AbstractInternalLogger.java:log(150)) - [id: 0xc5c5d3e6, L:/0.0.0.0:42383] READ: [id: 0x8c06d7e8, L:/192.168.34.44:42383 - R:/192.168.34.44:33218]
2019-09-24 12:18:50,874 INFO  logging.LoggingHandler (AbstractInternalLogger.java:log(150)) - [id: 0xe55ad1b4, L:/0.0.0.0:41479] READ: [id: 0xca457dee, L:/192.168.34.44:41479 - R:/192.168.34.44:41894]
2019-09-24 12:18:50,874 INFO  logging.LoggingHandler (AbstractInternalLogger.java:log(150)) - [id: 0xc5c5d3e6, L:/0.0.0.0:42383] READ COMPLETE
2019-09-24 12:18:50,874 INFO  logging.LoggingHandler (AbstractInternalLogger.java:log(150)) - [id: 0xea9be81b, L:/0.0.0.0:43111] READ COMPLETE
2019-09-24 12:18:50,875 INFO  logging.LoggingHandler (AbstractInternalLogger.java:log(150)) - [id: 0xc5c5d3e6, L:/0.0.0.0:42383] READ: [id: 0x62a31856, L:/192.168.34.44:42383 - R:/192.168.34.44:33222]
2019-09-24 12:18:50,875 INFO  logging.LoggingHandler (AbstractInternalLogger.java:log(150)) - [id: 0xea9be81b, L:/0.0.0.0:43111] READ: [id: 0xc59e605a, L:/192.168.34.44:43111 - R:/192.168.34.44:45740]
2019-09-24 12:18:50,875 INFO  logging.LoggingHandler (AbstractInternalLogger.java:log(150)) - [id: 0xe55ad1b4, L:/0.0.0.0:41479] READ COMPLETE
2019-09-24 12:18:50,875 INFO  logging.LoggingHandler (AbstractInternalLogger.java:log(150)) - [id: 0xea9be81b, L:/0.0.0.0:43111] READ COMPLETE
2019-09-24 12:18:50,875 INFO  logging.LoggingHandler (AbstractInternalLogger.java:log(150)) - [id: 0xc5c5d3e6, L:/0.0.0.0:42383] READ COMPLETE
2019-09-24 12:18:50,875 INFO  logging.LoggingHandler (AbstractInternalLogger.java:log(150)) - [id: 0xe55ad1b4, L:/0.0.0.0:41479] READ: [id: 0x7d7c6bf8, L:/192.168.34.44:41479 - R:/192.168.34.44:41906]
2019-09-24 12:18:50,876 INFO  logging.LoggingHandler (AbstractInternalLogger.java:log(150)) - [id: 0xc5c5d3e6, L:/0.0.0.0:42383] READ: [id: 0x0b75ac67, L:/192.168.34.44:42383 - R:/192.168.34.44:33226]
2019-09-24 12:18:50,875 INFO  logging.LoggingHandler (AbstractInternalLogger.java:log(150)) - [id: 0xea9be81b, L:/0.0.0.0:43111] READ: [id: 0x86836f9d, L:/192.168.34.44:43111 - R:/192.168.34.44:45742]
2019-09-24 12:18:50,876 INFO  logging.LoggingHandler (AbstractInternalLogger.java:log(150)) - [id: 0xc5c5d3e6, L:/0.0.0.0:42383] READ COMPLETE
2019-09-24 12:18:50,876 INFO  logging.LoggingHandler (AbstractInternalLogger.java:log(150)) - [id: 0xe55ad1b4, L:/0.0.0.0:41479] READ COMPLETE
2019-09-24 12:18:50,876 INFO  logging.LoggingHandler (AbstractInternalLogger.java:log(150)) - [id: 0xc5c5d3e6, L:/0.0.0.0:42383] READ: [id: 0xc21ce210, L:/192.168.34.44:42383 - R:/192.168.34.44:33234]
2019-09-24 12:18:50,876 INFO  logging.LoggingHandler (AbstractInternalLogger.java:log(150)) - [id: 0xea9be81b, L:/0.0.0.0:43111] READ COMPLETE
2019-09-24 12:18:50,876 INFO  logging.LoggingHandler (AbstractInternalLogger.java:log(150)) - [id: 0xc5c5d3e6, L:/0.0.0.0:42383] READ COMPLETE
2019-09-24 12:18:50,876 INFO  logging.LoggingHandler (AbstractInternalLogger.java:log(150)) - [id: 0xe55ad1b4, L:/0.0.0.0:41479] READ: [id: 0xaaad81e2, L:/192.168.34.44:41479 - R:/192.168.34.44:41908]
2019-09-24 12:18:50,876 INFO  logging.LoggingHandler (AbstractInternalLogger.java:log(150)) - [id: 0xea9be81b, L:/0.0.0.0:43111] READ: [id: 0x83052ce1, L:/192.168.34.44:43111 - R:/192.168.34.44:45750]
2019-09-24 12:18:50,877 INFO  logging.LoggingHandler (AbstractInternalLogger.java:log(150)) - [id: 0xe55ad1b4, L:/0.0.0.0:41479] READ COMPLETE
2019-09-24 12:18:50,877 INFO  logging.LoggingHandler (AbstractInternalLogger.java:log(150)) - [id: 0xea9be81b, L:/0.0.0.0:43111] READ COMPLETE
2019-09-24 12:18:50,877 INFO  logging.LoggingHandler (AbstractInternalLogger.java:log(150)) - [id: 0xe55ad1b4, L:/0.0.0.0:41479] READ: [id: 0x76b94429, L:/192.168.34.44:41479 - R:/192.168.34.44:41912]
2019-09-24 12:18:50,877 INFO  logging.LoggingHandler (AbstractInternalLogger.java:log(150)) - [id: 0xe55ad1b4, L:/0.0.0.0:41479] READ COMPLETE
2019-09-24 12:18:50,877 INFO  logging.LoggingHandler (AbstractInternalLogger.java:log(150)) - [id: 0xea9be81b, L:/0.0.0.0:43111] READ: [id: 0x60a0e3be, L:/192.168.34.44:43111 - R:/192.168.34.44:45754]
2019-09-24 12:18:50,877 INFO  logging.LoggingHandler (AbstractInternalLogger.java:log(150)) - [id: 0xe55ad1b4, L:/0.0.0.0:41479] READ: [id: 0x3f5551c3, L:/192.168.34.44:41479 - R:/192.168.34.44:41914]
2019-09-24 12:18:50,877 INFO  logging.LoggingHandler (AbstractInternalLogger.java:log(150)) - [id: 0xea9be81b, L:/0.0.0.0:43111] READ COMPLETE
2019-09-24 12:18:50,878 INFO  logging.LoggingHandler (AbstractInternalLogger.java:log(150)) - [id: 0xe55ad1b4, L:/0.0.0.0:41479] READ COMPLETE
2019-09-24 12:18:50,878 INFO  logging.LoggingHandler (AbstractInternalLogger.java:log(150)) - [id: 0xea9be81b, L:/0.0.0.0:43111] READ: [id: 0xa5aa6af0, L:/192.168.34.44:43111 - R:/192.168.34.44:45762]
2019-09-24 12:18:50,878 INFO  logging.LoggingHandler (AbstractInternalLogger.java:log(150)) - [id: 0xe55ad1b4, L:/0.0.0.0:41479] READ: [id: 0xa6961620, L:/192.168.34.44:41479 - R:/192.168.34.44:41922]
2019-09-24 12:18:50,878 INFO  logging.LoggingHandler (AbstractInternalLogger.java:log(150)) - [id: 0xea9be81b, L:/0.0.0.0:43111] READ COMPLETE
2019-09-24 12:18:50,878 INFO  logging.LoggingHandler (AbstractInternalLogger.java:log(150)) - [id: 0xe55ad1b4, L:/0.0.0.0:41479] READ COMPLETE
2019-09-24 12:18:50,878 INFO  logging.LoggingHandler (AbstractInternalLogger.java:log(150)) - [id: 0xea9be81b, L:/0.0.0.0:43111] READ: [id: 0xdab98362, L:/192.168.34.44:43111 - R:/192.168.34.44:45768]
2019-09-24 12:18:50,878 INFO  logging.LoggingHandler (AbstractInternalLogger.java:log(150)) - [id: 0xe55ad1b4, L:/0.0.0.0:41479] READ: [id: 0xd264d43b, L:/192.168.34.44:41479 - R:/192.168.34.44:41926]
2019-09-24 12:18:50,878 INFO  logging.LoggingHandler (AbstractInternalLogger.java:log(150)) - [id: 0xea9be81b, L:/0.0.0.0:43111] READ COMPLETE
2019-09-24 12:18:50,878 INFO  logging.LoggingHandler (AbstractInternalLogger.java:log(150)) - [id: 0xc5c5d3e6, L:/0.0.0.0:42383] READ: [id: 0xbc237687, L:/192.168.34.44:42383 - R:/192.168.34.44:33250]
2019-09-24 12:18:50,879 INFO  logging.LoggingHandler (AbstractInternalLogger.java:log(150)) - [id: 0xea9be81b, L:/0.0.0.0:43111] READ: [id: 0xdda818e2, L:/192.168.34.44:43111 - R:/192.168.34.44:45776]
2019-09-24 12:18:50,879 INFO  logging.LoggingHandler (AbstractInternalLogger.java:log(150)) - [id: 0xe55ad1b4, L:/0.0.0.0:41479] READ COMPLETE
2019-09-24 12:18:50,879 INFO  logging.LoggingHandler (AbstractInternalLogger.java:log(150)) - [id: 0xea9be81b, L:/0.0.0.0:43111] READ COMPLETE
2019-09-24 12:18:50,879 INFO  logging.LoggingHandler (AbstractInternalLogger.java:log(150)) - [id: 0xc5c5d3e6, L:/0.0.0.0:42383] READ COMPLETE
2019-09-24 12:18:50,879 INFO  logging.LoggingHandler (AbstractInternalLogger.java:log(150)) - [id: 0xea9be81b, L:/0.0.0.0:43111] READ: [id: 0x9b394bb0, L:/192.168.34.44:43111 - R:/192.168.34.44:45786]
2019-09-24 12:18:50,879 INFO  logging.LoggingHandler (AbstractInternalLogger.java:log(150)) - [id: 0xe55ad1b4, L:/0.0.0.0:41479] READ: [id: 0x0f9fe050, L:/192.168.34.44:41479 - R:/192.168.34.44:41930]
2019-09-24 12:18:50,880 INFO  logging.LoggingHandler (AbstractInternalLogger.java:log(150)) - [id: 0xea9be81b, L:/0.0.0.0:43111] READ COMPLETE
2019-09-24 12:18:50,880 INFO  logging.LoggingHandler (AbstractInternalLogger.java:log(150)) - [id: 0xc5c5d3e6, L:/0.0.0.0:42383] READ: [id: 0x99caf227, L:/192.168.34.44:42383 - R:/192.168.34.44:33254]
2019-09-24 12:18:50,880 INFO  logging.LoggingHandler (AbstractInternalLogger.java:log(150)) - [id: 0xea9be81b, L:/0.0.0.0:43111] READ: [id: 0x23853ea1, L:/192.168.34.44:43111 - R:/192.168.34.44:45794]
2019-09-24 12:18:50,880 INFO  logging.LoggingHandler (AbstractInternalLogger.java:log(150)) - [id: 0xe55ad1b4, L:/0.0.0.0:41479] READ COMPLETE
2019-09-24 12:18:50,880 INFO  logging.LoggingHandler (AbstractInternalLogger.java:log(150)) - [id: 0xea9be81b, L:/0.0.0.0:43111] READ COMPLETE
2019-09-24 12:18:50,880 INFO  logging.LoggingHandler (AbstractInternalLogger.java:log(150)) - [id: 0xc5c5d3e6, L:/0.0.0.0:42383] READ COMPLETE
2019-09-24 12:18:50,880 INFO  logging.LoggingHandler (AbstractInternalLogger.java:log(150)) - [id: 0xea9be81b, L:/0.0.0.0:43111] READ: [id: 0xce64f7cb, L:/192.168.34.44:43111 - R:/192.168.34.44:45802]
2019-09-24 12:18:50,880 INFO  logging.LoggingHandler (AbstractInternalLogger.java:log(150)) - [id: 0xe55ad1b4, L:/0.0.0.0:41479] READ: [id: 0xbbb51ebe, L:/192.168.34.44:41479 - R:/192.168.34.44:41938]
2019-09-24 12:18:50,881 INFO  logging.LoggingHandler (AbstractInternalLogger.java:log(150)) - [id: 0xea9be81b, L:/0.0.0.0:43111] READ COMPLETE
2019-09-24 12:18:50,881 INFO  logging.LoggingHandler (AbstractInternalLogger.java:log(150)) - [id: 0xc5c5d3e6, L:/0.0.0.0:42383] READ: [id: 0xc628a856, L:/192.168.34.44:42383 - R:/192.168.34.44:33256]
2019-09-24 12:18:50,881 INFO  logging.LoggingHandler (AbstractInternalLogger.java:log(150)) - [id: 0xea9be81b, L:/0.0.0.0:43111] READ: [id: 0xd910d41b, L:/192.168.34.44:43111 - R:/192.168.34.44:45804]
2019-09-24 12:18:50,881 INFO  logging.LoggingHandler (AbstractInternalLogger.java:log(150)) - [id: 0xe55ad1b4, L:/0.0.0.0:41479] READ COMPLETE
2019-09-24 12:18:50,881 INFO  logging.LoggingHandler (AbstractInternalLogger.java:log(150)) - [id: 0xea9be81b, L:/0.0.0.0:43111] READ COMPLETE
2019-09-24 12:18:50,881 INFO  logging.LoggingHandler (AbstractInternalLogger.java:log(150)) - [id: 0xe55ad1b4, L:/0.0.0.0:41479] READ: [id: 0xf9f02ad7, L:/192.168.34.44:41479 - R:/192.168.34.44:41944]
2019-09-24 12:18:50,881 INFO  logging.LoggingHandler (AbstractInternalLogger.java:log(150)) - [id: 0xc5c5d3e6, L:/0.0.0.0:42383] READ COMPLETE
2019-09-24 12:18:50,881 INFO  logging.LoggingHandler (AbstractInternalLogger.java:log(150)) - [id: 0xe55ad1b4, L:/0.0.0.0:41479] READ COMPLETE
2019-09-24 12:18:50,881 INFO  logging.LoggingHandler (AbstractInternalLogger.java:log(150)) - [id: 0xea9be81b, L:/0.0.0.0:43111] READ: [id: 0xea4bb775, L:/192.168.34.44:43111 - R:/192.168.34.44:45810]
2019-09-24 12:18:50,882 INFO  logging.LoggingHandler (AbstractInternalLogger.java:log(150)) - [id: 0xc5c5d3e6, L:/0.0.0.0:42383] READ: [id: 0x563bedb4, L:/192.168.34.44:42383 - R:/192.168.34.44:33258]
2019-09-24 12:18:50,882 INFO  logging.LoggingHandler (AbstractInternalLogger.java:log(150)) - [id: 0xea9be81b, L:/0.0.0.0:43111] READ COMPLETE
2019-09-24 12:18:50,882 INFO  logging.LoggingHandler (AbstractInternalLogger.java:log(150)) - [id: 0xe55ad1b4, L:/0.0.0.0:41479] READ: [id: 0x893047f9, L:/192.168.34.44:41479 - R:/192.168.34.44:41946]
2019-09-24 12:18:50,882 INFO  logging.LoggingHandler (AbstractInternalLogger.java:log(150)) - [id: 0xea9be81b, L:/0.0.0.0:43111] READ: [id: 0x7b5865f6, L:/192.168.34.44:43111 - R:/192.168.34.44:45814]
2019-09-24 12:18:50,882 INFO  logging.LoggingHandler (AbstractInternalLogger.java:log(150)) - [id: 0xc5c5d3e6, L:/0.0.0.0:42383] READ COMPLETE
2019-09-24 12:18:50,882 INFO  logging.LoggingHandler (AbstractInternalLogger.java:log(150)) - [id: 0xea9be81b, L:/0.0.0.0:43111] READ COMPLETE
2019-09-24 12:18:50,882 INFO  logging.LoggingHandler (AbstractInternalLogger.java:log(150)) - [id: 0xe55ad1b4, L:/0.0.0.0:41479] READ COMPLETE
2019-09-24 12:18:50,883 INFO  logging.LoggingHandler (AbstractInternalLogger.java:log(150)) - [id: 0xc5c5d3e6, L:/0.0.0.0:42383] READ: [id: 0x6a69ea89, L:/192.168.34.44:42383 - R:/192.168.34.44:33260]
2019-09-24 12:18:50,883 INFO  logging.LoggingHandler (AbstractInternalLogger.java:log(150)) - [id: 0xea9be81b, L:/0.0.0.0:43111] READ: [id: 0x6ab3c02e, L:/192.168.34.44:43111 - R:/192.168.34.44:45818]
2019-09-24 12:18:50,883 INFO  logging.LoggingHandler (AbstractInternalLogger.java:log(150)) - [id: 0xc5c5d3e6, L:/0.0.0.0:42383] READ COMPLETE
2019-09-24 12:18:50,883 INFO  logging.LoggingHandler (AbstractInternalLogger.java:log(150)) - [id: 0xe55ad1b4, L:/0.0.0.0:41479] READ: [id: 0xdd941b86, L:/192.168.34.44:41479 - R:/192.168.34.44:41954]
2019-09-24 12:18:50,883 INFO  logging.LoggingHandler (AbstractInternalLogger.java:log(150)) - [id: 0xc5c5d3e6, L:/0.0.0.0:42383] READ: [id: 0xee20da7f, L:/192.168.34.44:42383 - R:/192.168.34.44:33262]
2019-09-24 12:18:50,883 INFO  logging.LoggingHandler (AbstractInternalLogger.java:log(150)) - [id: 0xea9be81b, L:/0.0.0.0:43111] READ COMPLETE
2019-09-24 12:18:50,884 INFO  logging.LoggingHandler (AbstractInternalLogger.java:log(150)) - [id: 0xc5c5d3e6, L:/0.0.0.0:42383] READ COMPLETE
2019-09-24 12:18:50,883 INFO  logging.LoggingHandler (AbstractInternalLogger.java:log(150)) - [id: 0xe55ad1b4, L:/0.0.0.0:41479] READ COMPLETE
2019-09-24 12:18:50,884 INFO  logging.LoggingHandler (AbstractInternalLogger.java:log(150)) - [id: 0xc5c5d3e6, L:/0.0.0.0:42383] READ: [id: 0x400b9385, L:/192.168.34.44:42383 - R:/192.168.34.44:33274]
2019-09-24 12:18:50,884 INFO  logging.LoggingHandler (AbstractInternalLogger.java:log(150)) - [id: 0xe55ad1b4, L:/0.0.0.0:41479] READ: [id: 0xf15236cc, L:/192.168.34.44:41479 - R:/192.168.34.44:41956]
2019-09-24 12:18:50,884 INFO  logging.LoggingHandler (AbstractInternalLogger.java:log(150)) - [id: 0xea9be81b, L:/0.0.0.0:43111] READ: [id: 0x7b0dd086, L:/192.168.34.44:43111 - R:/192.168.34.44:45830]
2019-09-24 12:18:50,884 INFO  logging.LoggingHandler (AbstractInternalLogger.java:log(150)) - [id: 0xe55ad1b4, L:/0.0.0.0:41479] READ COMPLETE
2019-09-24 12:18:50,884 INFO  logging.LoggingHandler (AbstractInternalLogger.java:log(150)) - [id: 0xc5c5d3e6, L:/0.0.0.0:42383] READ COMPLETE
2019-09-24 12:18:50,884 INFO  logging.LoggingHandler (AbstractInternalLogger.java:log(150)) - [id: 0xea9be81b, L:/0.0.0.0:43111] READ COMPLETE
2019-09-24 12:18:50,885 INFO  logging.LoggingHandler (AbstractInternalLogger.java:log(150)) - [id: 0xc5c5d3e6, L:/0.0.0.0:42383] READ: [id: 0x84e0248e, L:/192.168.34.44:42383 - R:/192.168.34.44:33284]
2019-09-24 12:18:50,885 INFO  logging.LoggingHandler (AbstractInternalLogger.java:log(150)) - [id: 0xe55ad1b4, L:/0.0.0.0:41479] READ: [id: 0x7866b75b, L:/192.168.34.44:41479 - R:/192.168.34.44:41960]
2019-09-24 12:18:50,885 INFO  logging.LoggingHandler (AbstractInternalLogger.java:log(150)) - [id: 0xc5c5d3e6, L:/0.0.0.0:42383] READ COMPLETE
2019-09-24 12:18:50,885 INFO  logging.LoggingHandler (AbstractInternalLogger.java:log(150)) - [id: 0xea9be81b, L:/0.0.0.0:43111] READ: [id: 0xb6851aed, L:/192.168.34.44:43111 - R:/192.168.34.44:45834]
2019-09-24 12:18:50,885 INFO  logging.LoggingHandler (AbstractInternalLogger.java:log(150)) - [id: 0xc5c5d3e6, L:/0.0.0.0:42383] READ: [id: 0x3b28850b, L:/192.168.34.44:42383 - R:/192.168.34.44:33288]
2019-09-24 12:18:50,885 INFO  logging.LoggingHandler (AbstractInternalLogger.java:log(150)) - [id: 0xe55ad1b4, L:/0.0.0.0:41479] READ COMPLETE
2019-09-24 12:18:50,885 INFO  logging.LoggingHandler (AbstractInternalLogger.java:log(150)) - [id: 0xc5c5d3e6, L:/0.0.0.0:42383] READ COMPLETE
2019-09-24 12:18:50,885 INFO  logging.LoggingHandler (AbstractInternalLogger.java:log(150)) - [id: 0xea9be81b, L:/0.0.0.0:43111] READ COMPLETE
2019-09-24 12:18:50,886 INFO  logging.LoggingHandler (AbstractInternalLogger.java:log(150)) - [id: 0xc5c5d3e6, L:/0.0.0.0:42383] READ: [id: 0x6a8788f0, L:/192.168.34.44:42383 - R:/192.168.34.44:33302]
2019-09-24 12:18:50,886 INFO  logging.LoggingHandler (AbstractInternalLogger.java:log(150)) - [id: 0xe55ad1b4, L:/0.0.0.0:41479] READ: [id: 0xcf9c7f09, L:/192.168.34.44:41479 - R:/192.168.34.44:41980]
2019-09-24 12:18:50,886 INFO  logging.LoggingHandler (AbstractInternalLogger.java:log(150)) - [id: 0xc5c5d3e6, L:/0.0.0.0:42383] READ COMPLETE
2019-09-24 12:18:50,886 INFO  logging.LoggingHandler (AbstractInternalLogger.java:log(150)) - [id: 0xea9be81b, L:/0.0.0.0:43111] READ: [id: 0x1c195197, L:/192.168.34.44:43111 - R:/192.168.34.44:45836]
2019-09-24 12:18:50,886 INFO  logging.LoggingHandler (AbstractInternalLogger.java:log(150)) - [id: 0xc5c5d3e6, L:/0.0.0.0:42383] READ: [id: 0x4ff4e90d, L:/192.168.34.44:42383 - R:/192.168.34.44:33304]
2019-09-24 12:18:50,886 INFO  logging.LoggingHandler (AbstractInternalLogger.java:log(150)) - [id: 0xe55ad1b4, L:/0.0.0.0:41479] READ COMPLETE
2019-09-24 12:18:50,886 INFO  logging.LoggingHandler (AbstractInternalLogger.java:log(150)) - [id: 0xc5c5d3e6, L:/0.0.0.0:42383] READ COMPLETE
2019-09-24 12:18:50,886 INFO  logging.LoggingHandler (AbstractInternalLogger.java:log(150)) - [id: 0xea9be81b, L:/0.0.0.0:43111] READ COMPLETE
2019-09-24 12:18:50,887 INFO  logging.LoggingHandler (AbstractInternalLogger.java:log(150)) - [id: 0xc5c5d3e6, L:/0.0.0.0:42383] READ: [id: 0xd09bda27, L:/192.168.34.44:42383 - R:/192.168.34.44:33308]
2019-09-24 12:18:50,886 INFO  logging.LoggingHandler (AbstractInternalLogger.java:log(150)) - [id: 0xe55ad1b4, L:/0.0.0.0:41479] READ: [id: 0xf52b75f4, L:/192.168.34.44:41479 - R:/192.168.34.44:41986]
2019-09-24 12:18:50,887 INFO  logging.LoggingHandler (AbstractInternalLogger.java:log(150)) - [id: 0xea9be81b, L:/0.0.0.0:43111] READ: [id: 0x896dcd45, L:/192.168.34.44:43111 - R:/192.168.34.44:45842]
2019-09-24 12:18:50,887 INFO  logging.LoggingHandler (AbstractInternalLogger.java:log(150)) - [id: 0xc5c5d3e6, L:/0.0.0.0:42383] READ COMPLETE
2019-09-24 12:18:50,887 INFO  logging.LoggingHandler (AbstractInternalLogger.java:log(150)) - [id: 0xea9be81b, L:/0.0.0.0:43111] READ COMPLETE
2019-09-24 12:18:50,887 INFO  logging.LoggingHandler (AbstractInternalLogger.java:log(150)) - [id: 0xc5c5d3e6, L:/0.0.0.0:42383] READ: [id: 0xd38e1dcd, L:/192.168.34.44:42383 - R:/192.168.34.44:33316]
2019-09-24 12:18:50,887 INFO  logging.LoggingHandler (AbstractInternalLogger.java:log(150)) - [id: 0xe55ad1b4, L:/0.0.0.0:41479] READ COMPLETE
2019-09-24 12:18:50,887 INFO  logging.LoggingHandler (AbstractInternalLogger.java:log(150)) - [id: 0xea9be81b, L:/0.0.0.0:43111] READ: [id: 0xc9d847b9, L:/192.168.34.44:43111 - R:/192.168.34.44:45844]
2019-09-24 12:18:50,887 INFO  logging.LoggingHandler (AbstractInternalLogger.java:log(150)) - [id: 0xc5c5d3e6, L:/0.0.0.0:42383] READ COMPLETE
2019-09-24 12:18:50,888 INFO  logging.LoggingHandler (AbstractInternalLogger.java:log(150)) - [id: 0xea9be81b, L:/0.0.0.0:43111] READ COMPLETE
2019-09-24 12:18:50,888 INFO  logging.LoggingHandler (AbstractInternalLogger.java:log(150)) - [id: 0xe55ad1b4, L:/0.0.0.0:41479] READ: [id: 0xc8cdf690, L:/192.168.34.44:41479 - R:/192.168.34.44:41994]
2019-09-24 12:18:50,888 INFO  logging.LoggingHandler (AbstractInternalLogger.java:log(150)) - [id: 0xea9be81b, L:/0.0.0.0:43111] READ: [id: 0xed8f75b9, L:/192.168.34.44:43111 - R:/192.168.34.44:45848]
2019-09-24 12:18:50,888 INFO  logging.LoggingHandler (AbstractInternalLogger.java:log(150)) - [id: 0xc5c5d3e6, L:/0.0.0.0:42383] READ: [id: 0x0fb7196d, L:/192.168.34.44:42383 - R:/192.168.34.44:33324]
2019-09-24 12:18:50,888 INFO  logging.LoggingHandler (AbstractInternalLogger.java:log(150)) - [id: 0xea9be81b, L:/0.0.0.0:43111] READ COMPLETE
2019-09-24 12:18:50,888 INFO  logging.LoggingHandler (AbstractInternalLogger.java:log(150)) - [id: 0xe55ad1b4, L:/0.0.0.0:41479] READ COMPLETE
2019-09-24 12:18:50,889 INFO  logging.LoggingHandler (AbstractInternalLogger.java:log(150)) - [id: 0xea9be81b, L:/0.0.0.0:43111] READ: [id: 0xc8721821, L:/192.168.34.44:43111 - R:/192.168.34.44:45862]
2019-09-24 12:18:50,888 INFO  logging.LoggingHandler (AbstractInternalLogger.java:log(150)) - [id: 0xc5c5d3e6, L:/0.0.0.0:42383] READ COMPLETE
2019-09-24 12:18:50,889 INFO  logging.LoggingHandler (AbstractInternalLogger.java:log(150)) - [id: 0xea9be81b, L:/0.0.0.0:43111] READ COMPLETE
2019-09-24 12:18:50,889 INFO  logging.LoggingHandler (AbstractInternalLogger.java:log(150)) - [id: 0xe55ad1b4, L:/0.0.0.0:41479] READ: [id: 0x7ee08ef4, L:/192.168.34.44:41479 - R:/192.168.34.44:42000]
2019-09-24 12:18:50,889 INFO  logging.LoggingHandler (AbstractInternalLogger.java:log(150)) - [id: 0xea9be81b, L:/0.0.0.0:43111] READ: [id: 0xd11f8e10, L:/192.168.34.44:43111 - R:/192.168.34.44:45866]
2019-09-24 12:18:50,889 INFO  logging.LoggingHandler (AbstractInternalLogger.java:log(150)) - [id: 0xc5c5d3e6, L:/0.0.0.0:42383] READ: [id: 0x61b45016, L:/192.168.34.44:42383 - R:/192.168.34.44:33334]
2019-09-24 12:18:50,889 INFO  logging.LoggingHandler (AbstractInternalLogger.java:log(150)) - [id: 0xe55ad1b4, L:/0.0.0.0:41479] READ COMPLETE
2019-09-24 12:18:50,889 INFO  logging.LoggingHandler (AbstractInternalLogger.java:log(150)) - [id: 0xc5c5d3e6, L:/0.0.0.0:42383] READ COMPLETE
2019-09-24 12:18:50,889 INFO  logging.LoggingHandler (AbstractInternalLogger.java:log(150)) - [id: 0xea9be81b, L:/0.0.0.0:43111] READ COMPLETE
2019-09-24 12:18:50,890 INFO  logging.LoggingHandler (AbstractInternalLogger.java:log(150)) - [id: 0xe55ad1b4, L:/0.0.0.0:41479] READ: [id: 0x69390af9, L:/192.168.34.44:41479 - R:/192.168.34.44:42004]
2019-09-24 12:18:50,890 INFO  logging.LoggingHandler (AbstractInternalLogger.java:log(150)) - [id: 0xea9be81b, L:/0.0.0.0:43111] READ: [id: 0x17a81eb3, L:/192.168.34.44:43111 - R:/192.168.34.44:45872]
2019-09-24 12:18:50,890 INFO  logging.LoggingHandler (AbstractInternalLogger.java:log(150)) - [id: 0xe55ad1b4, L:/0.0.0.0:41479] READ COMPLETE
2019-09-24 12:18:50,890 INFO  logging.LoggingHandler (AbstractInternalLogger.java:log(150)) - [id: 0xea9be81b, L:/0.0.0.0:43111] READ COMPLETE
2019-09-24 12:18:50,890 INFO  logging.LoggingHandler (AbstractInternalLogger.java:log(150)) - [id: 0xe55ad1b4, L:/0.0.0.0:41479] READ: [id: 0xcb52c518, L:/192.168.34.44:41479 - R:/192.168.34.44:42006]
2019-09-24 12:18:50,890 INFO  logging.LoggingHandler (AbstractInternalLogger.java:log(150)) - [id: 0xea9be81b, L:/0.0.0.0:43111] READ: [id: 0xaad3bc89, L:/192.168.34.44:43111 - R:/192.168.34.44:45878]
2019-09-24 12:18:50,891 INFO  logging.LoggingHandler (AbstractInternalLogger.java:log(150)) - [id: 0xe55ad1b4, L:/0.0.0.0:41479] READ COMPLETE
2019-09-24 12:18:50,891 INFO  logging.LoggingHandler (AbstractInternalLogger.java:log(150)) - [id: 0xea9be81b, L:/0.0.0.0:43111] READ COMPLETE
2019-09-24 12:18:50,891 INFO  logging.LoggingHandler (AbstractInternalLogger.java:log(150)) - [id: 0xe55ad1b4, L:/0.0.0.0:41479] READ: [id: 0xb7cd2791, L:/192.168.34.44:41479 - R:/192.168.34.44:42008]
2019-09-24 12:18:50,891 INFO  logging.LoggingHandler (AbstractInternalLogger.java:log(150)) - [id: 0xc5c5d3e6, L:/0.0.0.0:42383] READ: [id: 0x92ebca52, L:/192.168.34.44:42383 - R:/192.168.34.44:33346]
2019-09-24 12:18:50,891 INFO  logging.LoggingHandler (AbstractInternalLogger.java:log(150)) - [id: 0xea9be81b, L:/0.0.0.0:43111] READ: [id: 0x7f4b2fde, L:/192.168.34.44:43111 - R:/192.168.34.44:45898]
2019-09-24 12:18:50,891 INFO  logging.LoggingHandler (AbstractInternalLogger.java:log(150)) - [id: 0xe55ad1b4, L:/0.0.0.0:41479] READ COMPLETE
2019-09-24 12:18:50,891 INFO  logging.LoggingHandler (AbstractInternalLogger.java:log(150)) - [id: 0xea9be81b, L:/0.0.0.0:43111] READ COMPLETE
2019-09-24 12:18:50,891 INFO  logging.LoggingHandler (AbstractInternalLogger.java:log(150)) - [id: 0xc5c5d3e6, L:/0.0.0.0:42383] READ COMPLETE
2019-09-24 12:18:50,892 INFO  logging.LoggingHandler (AbstractInternalLogger.java:log(150)) - [id: 0xea9be81b, L:/0.0.0.0:43111] READ: [id: 0xe6a594c1, L:/192.168.34.44:43111 - R:/192.168.34.44:45902]
2019-09-24 12:18:50,892 INFO  logging.LoggingHandler (AbstractInternalLogger.java:log(150)) - [id: 0xc5c5d3e6, L:/0.0.0.0:42383] READ: [id: 0xf6aac7c4, L:/192.168.34.44:42383 - R:/192.168.34.44:33352]
2019-09-24 12:18:50,892 INFO  logging.LoggingHandler (AbstractInternalLogger.java:log(150)) - [id: 0xe55ad1b4, L:/0.0.0.0:41479] READ: [id: 0x20e683cc, L:/192.168.34.44:41479 - R:/192.168.34.44:42012]
2019-09-24 12:18:50,892 INFO  logging.LoggingHandler (AbstractInternalLogger.java:log(150)) - [id: 0xc5c5d3e6, L:/0.0.0.0:42383] READ COMPLETE
2019-09-24 12:18:50,892 INFO  logging.LoggingHandler (AbstractInternalLogger.java:log(150)) - [id: 0xea9be81b, L:/0.0.0.0:43111] READ COMPLETE
2019-09-24 12:18:50,892 INFO  logging.LoggingHandler (AbstractInternalLogger.java:log(150)) - [id: 0xc5c5d3e6, L:/0.0.0.0:42383] READ: [id: 0x6d54fbea, L:/192.168.34.44:42383 - R:/192.168.34.44:33354]
2019-09-24 12:18:50,892 INFO  logging.LoggingHandler (AbstractInternalLogger.java:log(150)) - [id: 0xe55ad1b4, L:/0.0.0.0:41479] READ COMPLETE
2019-09-24 12:18:50,893 INFO  logging.LoggingHandler (AbstractInternalLogger.java:log(150)) - [id: 0xc5c5d3e6, L:/0.0.0.0:42383] READ COMPLETE
2019-09-24 12:18:50,892 INFO  logging.LoggingHandler (AbstractInternalLogger.java:log(150)) - [id: 0xea9be81b, L:/0.0.0.0:43111] READ: [id: 0x54feb280, L:/192.168.34.44:43111 - R:/192.168.34.44:45906]
2019-09-24 12:18:50,893 INFO  logging.LoggingHandler (AbstractInternalLogger.java:log(150)) - [id: 0xc5c5d3e6, L:/0.0.0.0:42383] READ: [id: 0x72a26ed3, L:/192.168.34.44:42383 - R:/192.168.34.44:33358]
2019-09-24 12:18:50,893 INFO  logging.LoggingHandler (AbstractInternalLogger.java:log(150)) - [id: 0xe55ad1b4, L:/0.0.0.0:41479] READ: [id: 0xca892bf8, L:/192.168.34.44:41479 - R:/192.168.34.44:42024]
2019-09-24 12:18:50,893 INFO  logging.LoggingHandler (AbstractInternalLogger.java:log(150)) - [id: 0xc5c5d3e6, L:/0.0.0.0:42383] READ COMPLETE
2019-09-24 12:18:50,893 INFO  logging.LoggingHandler (AbstractInternalLogger.java:log(150)) - [id: 0xea9be81b, L:/0.0.0.0:43111] READ COMPLETE
2019-09-24 12:18:50,893 INFO  logging.LoggingHandler (AbstractInternalLogger.java:log(150)) - [id: 0xc5c5d3e6, L:/0.0.0.0:42383] READ: [id: 0x3797259d, L:/192.168.34.44:42383 - R:/192.168.34.44:33360]
2019-09-24 12:18:50,893 INFO  logging.LoggingHandler (AbstractInternalLogger.java:log(150)) - [id: 0xe55ad1b4, L:/0.0.0.0:41479] READ COMPLETE
2019-09-24 12:18:50,894 INFO  logging.LoggingHandler (AbstractInternalLogger.java:log(150)) - [id: 0xc5c5d3e6, L:/0.0.0.0:42383] READ COMPLETE
2019-09-24 12:18:50,893 INFO  logging.LoggingHandler (AbstractInternalLogger.java:log(150)) - [id: 0xea9be81b, L:/0.0.0.0:43111] READ: [id: 0xafdc3bd1, L:/192.168.34.44:43111 - R:/192.168.34.44:45916]
2019-09-24 12:18:50,894 INFO  logging.LoggingHandler (AbstractInternalLogger.java:log(150)) - [id: 0xe55ad1b4, L:/0.0.0.0:41479] READ: [id: 0xa7b7da74, L:/192.168.34.44:41479 - R:/192.168.34.44:42028]
2019-09-24 12:18:50,894 INFO  logging.LoggingHandler (AbstractInternalLogger.java:log(150)) - [id: 0xea9be81b, L:/0.0.0.0:43111] READ COMPLETE
2019-09-24 12:18:50,894 INFO  logging.LoggingHandler (AbstractInternalLogger.java:log(150)) - [id: 0xc5c5d3e6, L:/0.0.0.0:42383] READ: [id: 0x1a91b506, L:/192.168.34.44:42383 - R:/192.168.34.44:33372]
2019-09-24 12:18:50,894 INFO  logging.LoggingHandler (AbstractInternalLogger.java:log(150)) - [id: 0xea9be81b, L:/0.0.0.0:43111] READ: [id: 0x09dc12c4, L:/192.168.34.44:43111 - R:/192.168.34.44:45928]
2019-09-24 12:18:50,894 INFO  logging.LoggingHandler (AbstractInternalLogger.java:log(150)) - [id: 0xe55ad1b4, L:/0.0.0.0:41479] READ COMPLETE
2019-09-24 12:18:50,895 INFO  logging.LoggingHandler (AbstractInternalLogger.java:log(150)) - [id: 0xea9be81b, L:/0.0.0.0:43111] READ COMPLETE
2019-09-24 12:18:50,894 INFO  logging.LoggingHandler (AbstractInternalLogger.java:log(150)) - [id: 0xc5c5d3e6, L:/0.0.0.0:42383] READ COMPLETE
2019-09-24 12:18:50,895 INFO  logging.LoggingHandler (AbstractInternalLogger.java:log(150)) - [id: 0xea9be81b, L:/0.0.0.0:43111] READ: [id: 0x8163503a, L:/192.168.34.44:43111 - R:/192.168.34.44:45930]
2019-09-24 12:18:50,895 INFO  logging.LoggingHandler (AbstractInternalLogger.java:log(150)) - [id: 0xc5c5d3e6, L:/0.0.0.0:42383] READ: [id: 0xa8d7903c, L:/192.168.34.44:42383 - R:/192.168.34.44:33376]
2019-09-24 12:18:50,895 INFO  logging.LoggingHandler (AbstractInternalLogger.java:log(150)) - [id: 0xe55ad1b4, L:/0.0.0.0:41479] READ: [id: 0x42538278, L:/192.168.34.44:41479 - R:/192.168.34.44:42032]
2019-09-24 12:18:50,895 INFO  logging.LoggingHandler (AbstractInternalLogger.java:log(150)) - [id: 0xc5c5d3e6, L:/0.0.0.0:42383] READ COMPLETE
2019-09-24 12:18:50,895 INFO  logging.LoggingHandler (AbstractInternalLogger.java:log(150)) - [id: 0xea9be81b, L:/0.0.0.0:43111] READ COMPLETE
2019-09-24 12:18:50,895 INFO  logging.LoggingHandler (AbstractInternalLogger.java:log(150)) - [id: 0xc5c5d3e6, L:/0.0.0.0:42383] READ: [id: 0x37590da3, L:/192.168.34.44:42383 - R:/192.168.34.44:33378]
2019-09-24 12:18:50,895 INFO  logging.LoggingHandler (AbstractInternalLogger.java:log(150)) - [id: 0xe55ad1b4, L:/0.0.0.0:41479] READ COMPLETE
2019-09-24 12:18:50,896 INFO  logging.LoggingHandler (AbstractInternalLogger.java:log(150)) - [id: 0xc5c5d3e6, L:/0.0.0.0:42383] READ COMPLETE
2019-09-24 12:18:50,896 INFO  logging.LoggingHandler (AbstractInternalLogger.java:log(150)) - [id: 0xe55ad1b4, L:/0.0.0.0:41479] READ: [id: 0x347bc255, L:/192.168.34.44:41479 - R:/192.168.34.44:42034]
2019-09-24 12:18:50,896 INFO  logging.LoggingHandler (AbstractInternalLogger.java:log(150)) - [id: 0xea9be81b, L:/0.0.0.0:43111] READ: [id: 0x9a4dcb4a, L:/192.168.34.44:43111 - R:/192.168.34.44:45934]
2019-09-24 12:18:50,896 INFO  logging.LoggingHandler (AbstractInternalLogger.java:log(150)) - [id: 0xe55ad1b4, L:/0.0.0.0:41479] READ COMPLETE
2019-09-24 12:18:50,896 INFO  logging.LoggingHandler (AbstractInternalLogger.java:log(150)) - [id: 0xc5c5d3e6, L:/0.0.0.0:42383] READ: [id: 0x313ebd75, L:/192.168.34.44:42383 - R:/192.168.34.44:33382]
2019-09-24 12:18:50,896 INFO  logging.LoggingHandler (AbstractInternalLogger.java:log(150)) - [id: 0xe55ad1b4, L:/0.0.0.0:41479] READ: [id: 0xa6994164, L:/192.168.34.44:41479 - R:/192.168.34.44:42036]
2019-09-24 12:18:50,896 INFO  logging.LoggingHandler (AbstractInternalLogger.java:log(150)) - [id: 0xea9be81b, L:/0.0.0.0:43111] READ COMPLETE
2019-09-24 12:18:50,896 INFO  logging.LoggingHandler (AbstractInternalLogger.java:log(150)) - [id: 0xe55ad1b4, L:/0.0.0.0:41479] READ COMPLETE
2019-09-24 12:18:50,896 INFO  logging.LoggingHandler (AbstractInternalLogger.java:log(150)) - [id: 0xc5c5d3e6, L:/0.0.0.0:42383] READ COMPLETE
2019-09-24 12:18:50,897 INFO  logging.LoggingHandler (AbstractInternalLogger.java:log(150)) - [id: 0xea9be81b, L:/0.0.0.0:43111] READ: [id: 0xb5c65af3, L:/192.168.34.44:43111 - R:/192.168.34.44:45954]
2019-09-24 12:18:50,897 INFO  logging.LoggingHandler (AbstractInternalLogger.java:log(150)) - [id: 0xe55ad1b4, L:/0.0.0.0:41479] READ: [id: 0x7b48738f, L:/192.168.34.44:41479 - R:/192.168.34.44:42040]
2019-09-24 12:18:50,897 INFO  logging.LoggingHandler (AbstractInternalLogger.java:log(150)) - [id: 0xc5c5d3e6, L:/0.0.0.0:42383] READ: [id: 0xf8ce333b, L:/192.168.34.44:42383 - R:/192.168.34.44:33394]
2019-09-24 12:18:50,897 INFO  logging.LoggingHandler (AbstractInternalLogger.java:log(150)) - [id: 0xea9be81b, L:/0.0.0.0:43111] READ COMPLETE
2019-09-24 12:18:50,897 INFO  logging.LoggingHandler (AbstractInternalLogger.java:log(150)) - [id: 0xc5c5d3e6, L:/0.0.0.0:42383] READ COMPLETE
2019-09-24 12:18:50,897 INFO  logging.LoggingHandler (AbstractInternalLogger.java:log(150)) - [id: 0xe55ad1b4, L:/0.0.0.0:41479] READ COMPLETE
2019-09-24 12:18:50,898 INFO  logging.LoggingHandler (AbstractInternalLogger.java:log(150)) - [id: 0xc5c5d3e6, L:/0.0.0.0:42383] READ: [id: 0x930f7f14, L:/192.168.34.44:42383 - R:/192.168.34.44:33396]
2019-09-24 12:18:50,898 INFO  logging.LoggingHandler (AbstractInternalLogger.java:log(150)) - [id: 0xea9be81b, L:/0.0.0.0:43111] READ: [id: 0xd62130d1, L:/192.168.34.44:43111 - R:/192.168.34.44:45956]
2019-09-24 12:18:50,898 INFO  logging.LoggingHandler (AbstractInternalLogger.java:log(150)) - [id: 0xe55ad1b4, L:/0.0.0.0:41479] READ: [id: 0x930f848a, L:/192.168.34.44:41479 - R:/192.168.34.44:42042]
2019-09-24 12:18:50,898 INFO  logging.LoggingHandler (AbstractInternalLogger.java:log(150)) - [id: 0xc5c5d3e6, L:/0.0.0.0:42383] READ COMPLETE
2019-09-24 12:18:50,898 INFO  logging.LoggingHandler (AbstractInternalLogger.java:log(150)) - [id: 0xe55ad1b4, L:/0.0.0.0:41479] READ COMPLETE
2019-09-24 12:18:50,898 INFO  logging.LoggingHandler (AbstractInternalLogger.java:log(150)) - [id: 0xea9be81b, L:/0.0.0.0:43111] READ COMPLETE
2019-09-24 12:18:50,898 INFO  logging.LoggingHandler (AbstractInternalLogger.java:log(150)) - [id: 0xe55ad1b4, L:/0.0.0.0:41479] READ: [id: 0x88575f73, L:/192.168.34.44:41479 - R:/192.168.34.44:42044]
2019-09-24 12:18:50,898 INFO  logging.LoggingHandler (AbstractInternalLogger.java:log(150)) - [id: 0xc5c5d3e6, L:/0.0.0.0:42383] READ: [id: 0x7d3e4c26, L:/192.168.34.44:42383 - R:/192.168.34.44:33402]
2019-09-24 12:18:50,899 INFO  logging.LoggingHandler (AbstractInternalLogger.java:log(150)) - [id: 0xe55ad1b4, L:/0.0.0.0:41479] READ COMPLETE
2019-09-24 12:18:50,899 INFO  logging.LoggingHandler (AbstractInternalLogger.java:log(150)) - [id: 0xea9be81b, L:/0.0.0.0:43111] READ: [id: 0x6a8ec0eb, L:/192.168.34.44:43111 - R:/192.168.34.44:45958]
2019-09-24 12:18:50,899 INFO  logging.LoggingHandler (AbstractInternalLogger.java:log(150)) - [id: 0xe55ad1b4, L:/0.0.0.0:41479] READ: [id: 0x056e2293, L:/192.168.34.44:41479 - R:/192.168.34.44:42052]
2019-09-24 12:18:50,899 INFO  logging.LoggingHandler (AbstractInternalLogger.java:log(150)) - [id: 0xc5c5d3e6, L:/0.0.0.0:42383] READ COMPLETE
2019-09-24 12:18:50,899 INFO  logging.LoggingHandler (AbstractInternalLogger.java:log(150)) - [id: 0xe55ad1b4, L:/0.0.0.0:41479] READ COMPLETE
2019-09-24 12:18:50,899 INFO  logging.LoggingHandler (AbstractInternalLogger.java:log(150)) - [id: 0xea9be81b, L:/0.0.0.0:43111] READ COMPLETE
2019-09-24 12:18:50,899 INFO  logging.LoggingHandler (AbstractInternalLogger.java:log(150)) - [id: 0xe55ad1b4, L:/0.0.0.0:41479] READ: [id: 0xd9e4454e, L:/192.168.34.44:41479 - R:/192.168.34.44:42056]
2019-09-24 12:18:50,900 INFO  logging.LoggingHandler (AbstractInternalLogger.java:log(150)) - [id: 0xea9be81b, L:/0.0.0.0:43111] READ: [id: 0x8f2c4c67, L:/192.168.34.44:43111 - R:/192.168.34.44:45976]
2019-09-24 12:18:50,900 INFO  logging.LoggingHandler (AbstractInternalLogger.java:log(150)) - [id: 0xe55ad1b4, L:/0.0.0.0:41479] READ COMPLETE
2019-09-24 12:18:50,900 INFO  logging.LoggingHandler (AbstractInternalLogger.java:log(150)) - [id: 0xea9be81b, L:/0.0.0.0:43111] READ COMPLETE
2019-09-24 12:18:50,900 INFO  logging.LoggingHandler (AbstractInternalLogger.java:log(150)) - [id: 0xe55ad1b4, L:/0.0.0.0:41479] READ: [id: 0xbe5afd57, L:/192.168.34.44:41479 - R:/192.168.34.44:42058]
2019-09-24 12:18:50,900 INFO  logging.LoggingHandler (AbstractInternalLogger.java:log(150)) - [id: 0xc5c5d3e6, L:/0.0.0.0:42383] READ: [id: 0x7e4b7a94, L:/192.168.34.44:42383 - R:/192.168.34.44:33418]
2019-09-24 12:18:50,900 INFO  logging.LoggingHandler (AbstractInternalLogger.java:log(150)) - [id: 0xe55ad1b4, L:/0.0.0.0:41479] READ COMPLETE
2019-09-24 12:18:50,900 INFO  logging.LoggingHandler (AbstractInternalLogger.java:log(150)) - [id: 0xea9be81b, L:/0.0.0.0:43111] READ: [id: 0xea5eb3c6, L:/192.168.34.44:43111 - R:/192.168.34.44:45978]
2019-09-24 12:18:50,901 INFO  logging.LoggingHandler (AbstractInternalLogger.java:log(150)) - [id: 0xe55ad1b4, L:/0.0.0.0:41479] READ: [id: 0x99ed37df, L:/192.168.34.44:41479 - R:/192.168.34.44:42062]
2019-09-24 12:18:50,900 INFO  logging.LoggingHandler (AbstractInternalLogger.java:log(150)) - [id: 0xc5c5d3e6, L:/0.0.0.0:42383] READ COMPLETE
2019-09-24 12:18:50,901 INFO  logging.LoggingHandler (AbstractInternalLogger.java:log(150)) - [id: 0xe55ad1b4, L:/0.0.0.0:41479] READ COMPLETE
2019-09-24 12:18:50,901 INFO  logging.LoggingHandler (AbstractInternalLogger.java:log(150)) - [id: 0xea9be81b, L:/0.0.0.0:43111] READ COMPLETE
2019-09-24 12:18:50,901 INFO  logging.LoggingHandler (AbstractInternalLogger.java:log(150)) - [id: 0xe55ad1b4, L:/0.0.0.0:41479] READ: [id: 0x5dbe7638, L:/192.168.34.44:41479 - R:/192.168.34.44:42070]
2019-09-24 12:18:50,901 INFO  logging.LoggingHandler (AbstractInternalLogger.java:log(150)) - [id: 0xea9be81b, L:/0.0.0.0:43111] READ: [id: 0xe93ae7e3, L:/192.168.34.44:43111 - R:/192.168.34.44:45980]
2019-09-24 12:18:50,901 INFO  logging.LoggingHandler (AbstractInternalLogger.java:log(150)) - [id: 0xc5c5d3e6, L:/0.0.0.0:42383] READ: [id: 0x22e6e784, L:/192.168.34.44:42383 - R:/192.168.34.44:33420]
2019-09-24 12:18:50,902 INFO  logging.LoggingHandler (AbstractInternalLogger.java:log(150)) - [id: 0xea9be81b, L:/0.0.0.0:43111] READ COMPLETE
2019-09-24 12:18:50,901 INFO  logging.LoggingHandler (AbstractInternalLogger.java:log(150)) - [id: 0xe55ad1b4, L:/0.0.0.0:41479] READ COMPLETE
2019-09-24 12:18:50,902 INFO  logging.LoggingHandler (AbstractInternalLogger.java:log(150)) - [id: 0xc5c5d3e6, L:/0.0.0.0:42383] READ COMPLETE
2019-09-24 12:18:50,902 INFO  logging.LoggingHandler (AbstractInternalLogger.java:log(150)) - [id: 0xe55ad1b4, L:/0.0.0.0:41479] READ: [id: 0xd0b7d582, L:/192.168.34.44:41479 - R:/192.168.34.44:42080]
2019-09-24 12:18:50,902 INFO  logging.LoggingHandler (AbstractInternalLogger.java:log(150)) - [id: 0xea9be81b, L:/0.0.0.0:43111] READ: [id: 0x39616417, L:/192.168.34.44:43111 - R:/192.168.34.44:45990]
2019-09-24 12:18:50,902 INFO  logging.LoggingHandler (AbstractInternalLogger.java:log(150)) - [id: 0xc5c5d3e6, L:/0.0.0.0:42383] READ: [id: 0xfcb0d1bd, L:/192.168.34.44:42383 - R:/192.168.34.44:33422]
2019-09-24 12:18:50,902 INFO  logging.LoggingHandler (AbstractInternalLogger.java:log(150)) - [id: 0xe55ad1b4, L:/0.0.0.0:41479] READ COMPLETE
2019-09-24 12:18:50,902 INFO  logging.LoggingHandler (AbstractInternalLogger.java:log(150)) - [id: 0xc5c5d3e6, L:/0.0.0.0:42383] READ COMPLETE
2019-09-24 12:18:50,902 INFO  logging.LoggingHandler (AbstractInternalLogger.java:log(150)) - [id: 0xea9be81b, L:/0.0.0.0:43111] READ COMPLETE
2019-09-24 12:18:50,903 INFO  logging.LoggingHandler (AbstractInternalLogger.java:log(150)) - [id: 0xc5c5d3e6, L:/0.0.0.0:42383] READ: [id: 0xfab40c63, L:/192.168.34.44:42383 - R:/192.168.34.44:33430]
2019-09-24 12:18:50,903 INFO  logging.LoggingHandler (AbstractInternalLogger.java:log(150)) - [id: 0xe55ad1b4, L:/0.0.0.0:41479] READ: [id: 0x2dd87b56, L:/192.168.34.44:41479 - R:/192.168.34.44:42084]
2019-09-24 12:18:50,903 INFO  logging.LoggingHandler (AbstractInternalLogger.java:log(150)) - [id: 0xc5c5d3e6, L:/0.0.0.0:42383] READ COMPLETE
2019-09-24 12:18:50,903 INFO  logging.LoggingHandler (AbstractInternalLogger.java:log(150)) - [id: 0xea9be81b, L:/0.0.0.0:43111] READ: [id: 0x25e33e10, L:/192.168.34.44:43111 - R:/192.168.34.44:45992]
2019-09-24 12:18:50,903 INFO  logging.LoggingHandler (AbstractInternalLogger.java:log(150)) - [id: 0xe55ad1b4, L:/0.0.0.0:41479] READ COMPLETE
2019-09-24 12:18:50,904 INFO  logging.LoggingHandler (AbstractInternalLogger.java:log(150)) - [id: 0xea9be81b, L:/0.0.0.0:43111] READ COMPLETE
2019-09-24 12:18:50,904 INFO  logging.LoggingHandler (AbstractInternalLogger.java:log(150)) - [id: 0xe55ad1b4, L:/0.0.0.0:41479] READ: [id: 0x5fcdfb4a, L:/192.168.34.44:41479 - R:/192.168.34.44:42088]
2019-09-24 12:18:50,904 INFO  logging.LoggingHandler (AbstractInternalLogger.java:log(150)) - [id: 0xea9be81b, L:/0.0.0.0:43111] READ: [id: 0xfdd3b21b, L:/192.168.34.44:43111 - R:/192.168.34.44:45998]
2019-09-24 12:18:50,904 INFO  logging.LoggingHandler (AbstractInternalLogger.java:log(150)) - [id: 0xe55ad1b4, L:/0.0.0.0:41479] READ COMPLETE
2019-09-24 12:18:50,904 INFO  logging.LoggingHandler (AbstractInternalLogger.java:log(150)) - [id: 0xea9be81b, L:/0.0.0.0:43111] READ COMPLETE
2019-09-24 12:18:50,904 INFO  logging.LoggingHandler (AbstractInternalLogger.java:log(150)) - [id: 0xe55ad1b4, L:/0.0.0.0:41479] READ: [id: 0x769a1805, L:/192.168.34.44:41479 - R:/192.168.34.44:42094]
2019-09-24 12:18:50,904 INFO  logging.LoggingHandler (AbstractInternalLogger.java:log(150)) - [id: 0xea9be81b, L:/0.0.0.0:43111] READ: [id: 0x7460f0c4, L:/192.168.34.44:43111 - R:/192.168.34.44:46004]
2019-09-24 12:18:50,904 INFO  logging.LoggingHandler (AbstractInternalLogger.java:log(150)) - [id: 0xc5c5d3e6, L:/0.0.0.0:42383] READ: [id: 0xa1dfc5de, L:/192.168.34.44:42383 - R:/192.168.34.44:33448]
2019-09-24 12:18:50,905 INFO  logging.LoggingHandler (AbstractInternalLogger.java:log(150)) - [id: 0xea9be81b, L:/0.0.0.0:43111] READ COMPLETE
2019-09-24 12:18:50,905 INFO  logging.LoggingHandler (AbstractInternalLogger.java:log(150)) - [id: 0xe55ad1b4, L:/0.0.0.0:41479] READ COMPLETE
2019-09-24 12:18:50,905 INFO  logging.LoggingHandler (AbstractInternalLogger.java:log(150)) - [id: 0xea9be81b, L:/0.0.0.0:43111] READ: [id: 0xfec7b0b4, L:/192.168.34.44:43111 - R:/192.168.34.44:46008]
2019-09-24 12:18:50,905 INFO  logging.LoggingHandler (AbstractInternalLogger.java:log(150)) - [id: 0xc5c5d3e6, L:/0.0.0.0:42383] READ COMPLETE
2019-09-24 12:18:50,905 INFO  logging.LoggingHandler (AbstractInternalLogger.java:log(150)) - [id: 0xea9be81b, L:/0.0.0.0:43111] READ COMPLETE
2019-09-24 12:18:50,905 INFO  logging.LoggingHandler (AbstractInternalLogger.java:log(150)) - [id: 0xe55ad1b4, L:/0.0.0.0:41479] READ: [id: 0xc189c564, L:/192.168.34.44:41479 - R:/192.168.34.44:42098]
2019-09-24 12:18:50,906 INFO  logging.LoggingHandler (AbstractInternalLogger.java:log(150)) - [id: 0xea9be81b, L:/0.0.0.0:43111] READ: [id: 0xc4a7d320, L:/192.168.34.44:43111 - R:/192.168.34.44:46010]
2019-09-24 12:18:50,905 INFO  logging.LoggingHandler (AbstractInternalLogger.java:log(150)) - [id: 0xc5c5d3e6, L:/0.0.0.0:42383] READ: [id: 0xe9690c6a, L:/192.168.34.44:42383 - R:/192.168.34.44:33452]
2019-09-24 12:18:50,906 INFO  logging.LoggingHandler (AbstractInternalLogger.java:log(150)) - [id: 0xea9be81b, L:/0.0.0.0:43111] READ COMPLETE
2019-09-24 12:18:50,906 INFO  logging.LoggingHandler (AbstractInternalLogger.java:log(150)) - [id: 0xe55ad1b4, L:/0.0.0.0:41479] READ COMPLETE
2019-09-24 12:18:50,906 INFO  logging.LoggingHandler (AbstractInternalLogger.java:log(150)) - [id: 0xea9be81b, L:/0.0.0.0:43111] READ: [id: 0x33dde43b, L:/192.168.34.44:43111 - R:/192.168.34.44:46012]
2019-09-24 12:18:50,906 INFO  logging.LoggingHandler (AbstractInternalLogger.java:log(150)) - [id: 0xc5c5d3e6, L:/0.0.0.0:42383] READ COMPLETE
2019-09-24 12:18:50,906 INFO  logging.LoggingHandler (AbstractInternalLogger.java:log(150)) - [id: 0xe55ad1b4, L:/0.0.0.0:41479] READ: [id: 0x692e80cd, L:/192.168.34.44:41479 - R:/192.168.34.44:42100]
2019-09-24 12:18:50,906 INFO  logging.LoggingHandler (AbstractInternalLogger.java:log(150)) - [id: 0xea9be81b, L:/0.0.0.0:43111] READ COMPLETE
2019-09-24 12:18:50,907 INFO  logging.LoggingHandler (AbstractInternalLogger.java:log(150)) - [id: 0xe55ad1b4, L:/0.0.0.0:41479] READ COMPLETE
2019-09-24 12:18:50,907 INFO  logging.LoggingHandler (AbstractInternalLogger.java:log(150)) - [id: 0xc5c5d3e6, L:/0.0.0.0:42383] READ: [id: 0xdefb8f72, L:/192.168.34.44:42383 - R:/192.168.34.44:33462]
2019-09-24 12:18:50,907 INFO  logging.LoggingHandler (AbstractInternalLogger.java:log(150)) - [id: 0xe55ad1b4, L:/0.0.0.0:41479] READ: [id: 0xf1b37f41, L:/192.168.34.44:41479 - R:/192.168.34.44:42112]
2019-09-24 12:18:50,907 INFO  logging.LoggingHandler (AbstractInternalLogger.java:log(150)) - [id: 0xea9be81b, L:/0.0.0.0:43111] READ: [id: 0x6824f265, L:/192.168.34.44:43111 - R:/192.168.34.44:46016]
2019-09-24 12:18:50,907 INFO  logging.LoggingHandler (AbstractInternalLogger.java:log(150)) - [id: 0xe55ad1b4, L:/0.0.0.0:41479] READ COMPLETE
2019-09-24 12:18:50,907 INFO  logging.LoggingHandler (AbstractInternalLogger.java:log(150)) - [id: 0xc5c5d3e6, L:/0.0.0.0:42383] READ COMPLETE
2019-09-24 12:18:50,908 INFO  logging.LoggingHandler (AbstractInternalLogger.java:log(150)) - [id: 0xe55ad1b4, L:/0.0.0.0:41479] READ: [id: 0x1b02f02c, L:/192.168.34.44:41479 - R:/192.168.34.44:42114]
2019-09-24 12:18:50,907 INFO  logging.LoggingHandler (AbstractInternalLogger.java:log(150)) - [id: 0xea9be81b, L:/0.0.0.0:43111] READ COMPLETE
2019-09-24 12:18:50,908 INFO  logging.LoggingHandler (AbstractInternalLogger.java:log(150)) - [id: 0xc5c5d3e6, L:/0.0.0.0:42383] READ: [id: 0x96fda111, L:/192.168.34.44:42383 - R:/192.168.34.44:33468]
2019-09-24 12:18:50,908 INFO  logging.LoggingHandler (AbstractInternalLogger.java:log(150)) - [id: 0xe55ad1b4, L:/0.0.0.0:41479] READ COMPLETE
2019-09-24 12:18:50,908 INFO  logging.LoggingHandler (AbstractInternalLogger.java:log(150)) - [id: 0xc5c5d3e6, L:/0.0.0.0:42383] READ COMPLETE
2019-09-24 12:18:50,908 INFO  logging.LoggingHandler (AbstractInternalLogger.java:log(150)) - [id: 0xea9be81b, L:/0.0.0.0:43111] READ: [id: 0x1e8c9523, L:/192.168.34.44:43111 - R:/192.168.34.44:46020]
2019-09-24 12:18:50,908 INFO  logging.LoggingHandler (AbstractInternalLogger.java:log(150)) - [id: 0xe55ad1b4, L:/0.0.0.0:41479] READ: [id: 0x5fd85ffe, L:/192.168.34.44:41479 - R:/192.168.34.44:42118]
2019-09-24 12:18:50,909 INFO  logging.LoggingHandler (AbstractInternalLogger.java:log(150)) - [id: 0xc5c5d3e6, L:/0.0.0.0:42383] READ: [id: 0xaaf1428d, L:/192.168.34.44:42383 - R:/192.168.34.44:33478]
2019-09-24 12:18:50,909 INFO  logging.LoggingHandler (AbstractInternalLogger.java:log(150)) - [id: 0xea9be81b, L:/0.0.0.0:43111] READ COMPLETE
2019-09-24 12:18:50,909 INFO  logging.LoggingHandler (AbstractInternalLogger.java:log(150)) - [id: 0xc5c5d3e6, L:/0.0.0.0:42383] READ COMPLETE
2019-09-24 12:18:50,909 INFO  logging.LoggingHandler (AbstractInternalLogger.java:log(150)) - [id: 0xe55ad1b4, L:/0.0.0.0:41479] READ COMPLETE
2019-09-24 12:18:50,909 INFO  logging.LoggingHandler (AbstractInternalLogger.java:log(150)) - [id: 0xea9be81b, L:/0.0.0.0:43111] READ: [id: 0xcbaa5bc8, L:/192.168.34.44:43111 - R:/192.168.34.44:46036]
2019-09-24 12:18:50,909 INFO  logging.LoggingHandler (AbstractInternalLogger.java:log(150)) - [id: 0xe55ad1b4, L:/0.0.0.0:41479] READ: [id: 0xbd3dcb7b, L:/192.168.34.44:41479 - R:/192.168.34.44:42120]
2019-09-24 12:18:50,909 INFO  logging.LoggingHandler (AbstractInternalLogger.java:log(150)) - [id: 0xc5c5d3e6, L:/0.0.0.0:42383] READ: [id: 0xfbb4a6e2, L:/192.168.34.44:42383 - R:/192.168.34.44:33482]
2019-09-24 12:18:50,910 INFO  logging.LoggingHandler (AbstractInternalLogger.java:log(150)) - [id: 0xe55ad1b4, L:/0.0.0.0:41479] READ COMPLETE
2019-09-24 12:18:50,910 INFO  logging.LoggingHandler (AbstractInternalLogger.java:log(150)) - [id: 0xea9be81b, L:/0.0.0.0:43111] READ COMPLETE
2019-09-24 12:18:50,910 INFO  logging.LoggingHandler (AbstractInternalLogger.java:log(150)) - [id: 0xe55ad1b4, L:/0.0.0.0:41479] READ: [id: 0x128d2b49, L:/192.168.34.44:41479 - R:/192.168.34.44:42122]
2019-09-24 12:18:50,910 INFO  logging.LoggingHandler (AbstractInternalLogger.java:log(150)) - [id: 0xc5c5d3e6, L:/0.0.0.0:42383] READ COMPLETE
2019-09-24 12:18:50,910 INFO  logging.LoggingHandler (AbstractInternalLogger.java:log(150)) - [id: 0xe55ad1b4, L:/0.0.0.0:41479] READ COMPLETE
2019-09-24 12:18:50,910 INFO  logging.LoggingHandler (AbstractInternalLogger.java:log(150)) - [id: 0xea9be81b, L:/0.0.0.0:43111] READ: [id: 0x6e17c478, L:/192.168.34.44:43111 - R:/192.168.34.44:46040]
2019-09-24 12:18:50,911 INFO  logging.LoggingHandler (AbstractInternalLogger.java:log(150)) - [id: 0xe55ad1b4, L:/0.0.0.0:41479] READ: [id: 0x5d99c25b, L:/192.168.34.44:41479 - R:/192.168.34.44:42130]
2019-09-24 12:18:50,911 INFO  logging.LoggingHandler (AbstractInternalLogger.java:log(150)) - [id: 0xc5c5d3e6, L:/0.0.0.0:42383] READ: [id: 0x1d638d5a, L:/192.168.34.44:42383 - R:/192.168.34.44:33484]
2019-09-24 12:18:50,911 INFO  logging.LoggingHandler (AbstractInternalLogger.java:log(150)) - [id: 0xe55ad1b4, L:/0.0.0.0:41479] READ COMPLETE
2019-09-24 12:18:50,911 INFO  logging.LoggingHandler (AbstractInternalLogger.java:log(150)) - [id: 0xea9be81b, L:/0.0.0.0:43111] READ COMPLETE
2019-09-24 12:18:50,911 INFO  logging.LoggingHandler (AbstractInternalLogger.java:log(150)) - [id: 0xe55ad1b4, L:/0.0.0.0:41479] READ: [id: 0x78637b95, L:/192.168.34.44:41479 - R:/192.168.34.44:42142]
2019-09-24 12:18:50,911 INFO  logging.LoggingHandler (AbstractInternalLogger.java:log(150)) - [id: 0xc5c5d3e6, L:/0.0.0.0:42383] READ COMPLETE
2019-09-24 12:18:50,911 INFO  logging.LoggingHandler (AbstractInternalLogger.java:log(150)) - [id: 0xe55ad1b4, L:/0.0.0.0:41479] READ COMPLETE
2019-09-24 12:18:50,911 INFO  logging.LoggingHandler (AbstractInternalLogger.java:log(150)) - [id: 0xea9be81b, L:/0.0.0.0:43111] READ: [id: 0x69ff2201, L:/192.168.34.44:43111 - R:/192.168.34.44:46046]
2019-09-24 12:18:50,912 INFO  logging.LoggingHandler (AbstractInternalLogger.java:log(150)) - [id: 0xe55ad1b4, L:/0.0.0.0:41479] READ: [id: 0x1d63ff7c, L:/192.168.34.44:41479 - R:/192.168.34.44:42148]
2019-09-24 12:18:50,912 INFO  logging.LoggingHandler (AbstractInternalLogger.java:log(150)) - [id: 0xc5c5d3e6, L:/0.0.0.0:42383] READ: [id: 0x95fcc30a, L:/192.168.34.44:42383 - R:/192.168.34.44:33494]
2019-09-24 12:18:50,912 INFO  logging.LoggingHandler (AbstractInternalLogger.java:log(150)) - [id: 0xe55ad1b4, L:/0.0.0.0:41479] READ COMPLETE
2019-09-24 12:18:50,912 INFO  logging.LoggingHandler (AbstractInternalLogger.java:log(150)) - [id: 0xea9be81b, L:/0.0.0.0:43111] READ COMPLETE
2019-09-24 12:18:50,912 INFO  logging.LoggingHandler (AbstractInternalLogger.java:log(150)) - [id: 0xe55ad1b4, L:/0.0.0.0:41479] READ: [id: 0x53464b24, L:/192.168.34.44:41479 - R:/192.168.34.44:42150]
2019-09-24 12:18:50,912 INFO  logging.LoggingHandler (AbstractInternalLogger.java:log(150)) - [id: 0xc5c5d3e6, L:/0.0.0.0:42383] READ COMPLETE
2019-09-24 12:18:50,913 INFO  logging.LoggingHandler (AbstractInternalLogger.java:log(150)) - [id: 0xe55ad1b4, L:/0.0.0.0:41479] READ COMPLETE
2019-09-24 12:18:50,913 INFO  logging.LoggingHandler (AbstractInternalLogger.java:log(150)) - [id: 0xea9be81b, L:/0.0.0.0:43111] READ: [id: 0xf7937c81, L:/192.168.34.44:43111 - R:/192.168.34.44:46056]
2019-09-24 12:18:50,913 INFO  logging.LoggingHandler (AbstractInternalLogger.java:log(150)) - [id: 0xe55ad1b4, L:/0.0.0.0:41479] READ: [id: 0x7300b334, L:/192.168.34.44:41479 - R:/192.168.34.44:42154]
2019-09-24 12:18:50,913 INFO  logging.LoggingHandler (AbstractInternalLogger.java:log(150)) - [id: 0xc5c5d3e6, L:/0.0.0.0:42383] READ: [id: 0xaab11374, L:/192.168.34.44:42383 - R:/192.168.34.44:33496]
2019-09-24 12:18:50,913 INFO  logging.LoggingHandler (AbstractInternalLogger.java:log(150)) - [id: 0xe55ad1b4, L:/0.0.0.0:41479] READ COMPLETE
2019-09-24 12:18:50,913 INFO  logging.LoggingHandler (AbstractInternalLogger.java:log(150)) - [id: 0xea9be81b, L:/0.0.0.0:43111] READ COMPLETE
2019-09-24 12:18:50,914 INFO  logging.LoggingHandler (AbstractInternalLogger.java:log(150)) - [id: 0xe55ad1b4, L:/0.0.0.0:41479] READ: [id: 0xc6929d37, L:/192.168.34.44:41479 - R:/192.168.34.44:42170]
2019-09-24 12:18:50,914 INFO  logging.LoggingHandler (AbstractInternalLogger.java:log(150)) - [id: 0xc5c5d3e6, L:/0.0.0.0:42383] READ COMPLETE
2019-09-24 12:18:50,914 INFO  logging.LoggingHandler (AbstractInternalLogger.java:log(150)) - [id: 0xe55ad1b4, L:/0.0.0.0:41479] READ COMPLETE
2019-09-24 12:18:50,914 INFO  logging.LoggingHandler (AbstractInternalLogger.java:log(150)) - [id: 0xea9be81b, L:/0.0.0.0:43111] READ: [id: 0x84d4d702, L:/192.168.34.44:43111 - R:/192.168.34.44:46058]
2019-09-24 12:18:50,914 INFO  logging.LoggingHandler (AbstractInternalLogger.java:log(150)) - [id: 0xe55ad1b4, L:/0.0.0.0:41479] READ: [id: 0xfd2d7283, L:/192.168.34.44:41479 - R:/192.168.34.44:42172]
2019-09-24 12:18:50,914 INFO  logging.LoggingHandler (AbstractInternalLogger.java:log(150)) - [id: 0xc5c5d3e6, L:/0.0.0.0:42383] READ: [id: 0xe7f9d5b4, L:/192.168.34.44:42383 - R:/192.168.34.44:33498]
2019-09-24 12:18:50,915 INFO  logging.LoggingHandler (AbstractInternalLogger.java:log(150)) - [id: 0xe55ad1b4, L:/0.0.0.0:41479] READ COMPLETE
2019-09-24 12:18:50,914 INFO  logging.LoggingHandler (AbstractInternalLogger.java:log(150)) - [id: 0xea9be81b, L:/0.0.0.0:43111] READ COMPLETE
2019-09-24 12:18:50,915 INFO  logging.LoggingHandler (AbstractInternalLogger.java:log(150)) - [id: 0xe55ad1b4, L:/0.0.0.0:41479] READ: [id: 0xfdbc32eb, L:/192.168.34.44:41479 - R:/192.168.34.44:42174]
2019-09-24 12:18:50,915 INFO  logging.LoggingHandler (AbstractInternalLogger.java:log(150)) - [id: 0xc5c5d3e6, L:/0.0.0.0:42383] READ COMPLETE
2019-09-24 12:18:50,915 INFO  logging.LoggingHandler (AbstractInternalLogger.java:log(150)) - [id: 0xe55ad1b4, L:/0.0.0.0:41479] READ COMPLETE
2019-09-24 12:18:50,915 INFO  logging.LoggingHandler (AbstractInternalLogger.java:log(150)) - [id: 0xea9be81b, L:/0.0.0.0:43111] READ: [id: 0x3ed2f3b3, L:/192.168.34.44:43111 - R:/192.168.34.44:46068]
2019-09-24 12:18:50,916 INFO  logging.LoggingHandler (AbstractInternalLogger.java:log(150)) - [id: 0xe55ad1b4, L:/0.0.0.0:41479] READ: [id: 0xc8d39ce3, L:/192.168.34.44:41479 - R:/192.168.34.44:42178]
2019-09-24 12:18:50,915 INFO  logging.LoggingHandler (AbstractInternalLogger.java:log(150)) - [id: 0xc5c5d3e6, L:/0.0.0.0:42383] READ: [id: 0x35e23158, L:/192.168.34.44:42383 - R:/192.168.34.44:33506]
2019-09-24 12:18:50,916 INFO  impl.FollowerState (FollowerState.java:run(108)) - s1@group-A93A4FA934D4-FollowerState: change to CANDIDATE, lastRpcTime:223ms, electionTimeout:223ms
2019-09-24 12:18:50,916 INFO  logging.LoggingHandler (AbstractInternalLogger.java:log(150)) - [id: 0xe55ad1b4, L:/0.0.0.0:41479] READ COMPLETE
2019-09-24 12:18:50,916 INFO  logging.LoggingHandler (AbstractInternalLogger.java:log(150)) - [id: 0xea9be81b, L:/0.0.0.0:43111] READ COMPLETE
2019-09-24 12:18:50,916 INFO  logging.LoggingHandler (AbstractInternalLogger.java:log(150)) - [id: 0xe55ad1b4, L:/0.0.0.0:41479] READ: [id: 0x3bc92e6f, L:/192.168.34.44:41479 - R:/192.168.34.44:42180]
2019-09-24 12:18:50,916 INFO  impl.RoleInfo (RoleInfo.java:shutdownFollowerState(121)) - s1: shutdown FollowerState
2019-09-24 12:18:50,916 INFO  logging.LoggingHandler (AbstractInternalLogger.java:log(150)) - [id: 0xc5c5d3e6, L:/0.0.0.0:42383] READ COMPLETE
2019-09-24 12:18:50,917 INFO  impl.RaftServerImpl (RaftServerImpl.java:setRole(170)) - s1@group-A93A4FA934D4: changes role from  FOLLOWER to CANDIDATE at term 4 for changeToCandidate
2019-09-24 12:18:50,916 INFO  logging.LoggingHandler (AbstractInternalLogger.java:log(150)) - [id: 0xe55ad1b4, L:/0.0.0.0:41479] READ COMPLETE
2019-09-24 12:18:50,916 INFO  logging.LoggingHandler (AbstractInternalLogger.java:log(150)) - [id: 0xea9be81b, L:/0.0.0.0:43111] READ: [id: 0x7b1cbfb0, L:/192.168.34.44:43111 - R:/192.168.34.44:46078]
2019-09-24 12:18:50,917 INFO  logging.LoggingHandler (AbstractInternalLogger.java:log(150)) - [id: 0xe55ad1b4, L:/0.0.0.0:41479] READ: [id: 0xd4295251, L:/192.168.34.44:41479 - R:/192.168.34.44:42186]
2019-09-24 12:18:50,917 INFO  impl.RoleInfo (RoleInfo.java:updateAndGet(143)) - s1: start LeaderElection
2019-09-24 12:18:50,917 INFO  logging.LoggingHandler (AbstractInternalLogger.java:log(150)) - [id: 0xc5c5d3e6, L:/0.0.0.0:42383] READ: [id: 0x6f6ff7c0, L:/192.168.34.44:42383 - R:/192.168.34.44:33510]
2019-09-24 12:18:50,917 INFO  logging.LoggingHandler (AbstractInternalLogger.java:log(150)) - [id: 0xe55ad1b4, L:/0.0.0.0:41479] READ COMPLETE
2019-09-24 12:18:50,919 INFO  logging.LoggingHandler (AbstractInternalLogger.java:log(150)) - [id: 0xc5c5d3e6, L:/0.0.0.0:42383] READ COMPLETE
2019-09-24 12:18:50,917 INFO  logging.LoggingHandler (AbstractInternalLogger.java:log(150)) - [id: 0xea9be81b, L:/0.0.0.0:43111] READ COMPLETE
2019-09-24 12:18:50,920 INFO  logging.LoggingHandler (AbstractInternalLogger.java:log(150)) - [id: 0xe55ad1b4, L:/0.0.0.0:41479] READ: [id: 0x52b01cae, L:/192.168.34.44:41479 - R:/192.168.34.44:42190]
2019-09-24 12:18:50,920 INFO  logging.LoggingHandler (AbstractInternalLogger.java:log(150)) - [id: 0xea9be81b, L:/0.0.0.0:43111] READ: [id: 0x90289702, L:/192.168.34.44:43111 - R:/192.168.34.44:46082]
2019-09-24 12:18:50,920 INFO  logging.LoggingHandler (AbstractInternalLogger.java:log(150)) - [id: 0xc5c5d3e6, L:/0.0.0.0:42383] READ: [id: 0xe19f9920, L:/192.168.34.44:42383 - R:/192.168.34.44:33514]
2019-09-24 12:18:50,920 INFO  logging.LoggingHandler (AbstractInternalLogger.java:log(150)) - [id: 0xea9be81b, L:/0.0.0.0:43111] READ COMPLETE
2019-09-24 12:18:50,920 INFO  logging.LoggingHandler (AbstractInternalLogger.java:log(150)) - [id: 0xe55ad1b4, L:/0.0.0.0:41479] READ COMPLETE
2019-09-24 12:18:50,920 INFO  logging.LoggingHandler (AbstractInternalLogger.java:log(150)) - [id: 0xc5c5d3e6, L:/0.0.0.0:42383] READ COMPLETE
2019-09-24 12:18:50,921 INFO  logging.LoggingHandler (AbstractInternalLogger.java:log(150)) - [id: 0xe55ad1b4, L:/0.0.0.0:41479] READ: [id: 0xadb6a1f2, L:/192.168.34.44:41479 - R:/192.168.34.44:42200]
2019-09-24 12:18:50,921 INFO  logging.LoggingHandler (AbstractInternalLogger.java:log(150)) - [id: 0xea9be81b, L:/0.0.0.0:43111] READ: [id: 0xf7fab036, L:/192.168.34.44:43111 - R:/192.168.34.44:46090]
2019-09-24 12:18:50,921 INFO  logging.LoggingHandler (AbstractInternalLogger.java:log(150)) - [id: 0xe55ad1b4, L:/0.0.0.0:41479] READ COMPLETE
2019-09-24 12:18:50,921 INFO  logging.LoggingHandler (AbstractInternalLogger.java:log(150)) - [id: 0xc5c5d3e6, L:/0.0.0.0:42383] READ: [id: 0xa8ee46b6, L:/192.168.34.44:42383 - R:/192.168.34.44:33518]
2019-09-24 12:18:50,921 INFO  logging.LoggingHandler (AbstractInternalLogger.java:log(150)) - [id: 0xe55ad1b4, L:/0.0.0.0:41479] READ: [id: 0xe72f8b47, L:/192.168.34.44:41479 - R:/192.168.34.44:42202]
2019-09-24 12:18:50,921 INFO  logging.LoggingHandler (AbstractInternalLogger.java:log(150)) - [id: 0xea9be81b, L:/0.0.0.0:43111] READ COMPLETE
2019-09-24 12:18:50,921 INFO  logging.LoggingHandler (AbstractInternalLogger.java:log(150)) - [id: 0xe55ad1b4, L:/0.0.0.0:41479] READ COMPLETE
2019-09-24 12:18:50,921 INFO  logging.LoggingHandler (AbstractInternalLogger.java:log(150)) - [id: 0xc5c5d3e6, L:/0.0.0.0:42383] READ COMPLETE
2019-09-24 12:18:50,922 INFO  logging.LoggingHandler (AbstractInternalLogger.java:log(150)) - [id: 0xe55ad1b4, L:/0.0.0.0:41479] READ: [id: 0x18df789f, L:/192.168.34.44:41479 - R:/192.168.34.44:42214]
2019-09-24 12:18:50,922 INFO  logging.LoggingHandler (AbstractInternalLogger.java:log(150)) - [id: 0xea9be81b, L:/0.0.0.0:43111] READ: [id: 0x404b2a2b, L:/192.168.34.44:43111 - R:/192.168.34.44:46096]
2019-09-24 12:18:50,922 INFO  logging.LoggingHandler (AbstractInternalLogger.java:log(150)) - [id: 0xe55ad1b4, L:/0.0.0.0:41479] READ COMPLETE
2019-09-24 12:18:50,922 INFO  logging.LoggingHandler (AbstractInternalLogger.java:log(150)) - [id: 0xc5c5d3e6, L:/0.0.0.0:42383] READ: [id: 0xa08262cc, L:/192.168.34.44:42383 - R:/192.168.34.44:33520]
2019-09-24 12:18:50,922 INFO  logging.LoggingHandler (AbstractInternalLogger.java:log(150)) - [id: 0xe55ad1b4, L:/0.0.0.0:41479] READ: [id: 0x6fa9948d, L:/192.168.34.44:41479 - R:/192.168.34.44:42218]
2019-09-24 12:18:50,922 INFO  logging.LoggingHandler (AbstractInternalLogger.java:log(150)) - [id: 0xea9be81b, L:/0.0.0.0:43111] READ COMPLETE
2019-09-24 12:18:50,923 INFO  logging.LoggingHandler (AbstractInternalLogger.java:log(150)) - [id: 0xe55ad1b4, L:/0.0.0.0:41479] READ COMPLETE
2019-09-24 12:18:50,923 INFO  logging.LoggingHandler (AbstractInternalLogger.java:log(150)) - [id: 0xc5c5d3e6, L:/0.0.0.0:42383] READ COMPLETE
2019-09-24 12:18:50,923 INFO  logging.LoggingHandler (AbstractInternalLogger.java:log(150)) - [id: 0xe55ad1b4, L:/0.0.0.0:41479] READ: [id: 0xa93d4979, L:/192.168.34.44:41479 - R:/192.168.34.44:42222]
2019-09-24 12:18:50,923 INFO  logging.LoggingHandler (AbstractInternalLogger.java:log(150)) - [id: 0xea9be81b, L:/0.0.0.0:43111] READ: [id: 0x1f25f19a, L:/192.168.34.44:43111 - R:/192.168.34.44:46098]
2019-09-24 12:18:50,923 INFO  logging.LoggingHandler (AbstractInternalLogger.java:log(150)) - [id: 0xc5c5d3e6, L:/0.0.0.0:42383] READ: [id: 0x4bc52e6e, L:/192.168.34.44:42383 - R:/192.168.34.44:33526]
2019-09-24 12:18:50,923 INFO  logging.LoggingHandler (AbstractInternalLogger.java:log(150)) - [id: 0xe55ad1b4, L:/0.0.0.0:41479] READ COMPLETE
2019-09-24 12:18:50,924 INFO  logging.LoggingHandler (AbstractInternalLogger.java:log(150)) - [id: 0xc5c5d3e6, L:/0.0.0.0:42383] READ COMPLETE
2019-09-24 12:18:50,923 INFO  logging.LoggingHandler (AbstractInternalLogger.java:log(150)) - [id: 0xea9be81b, L:/0.0.0.0:43111] READ COMPLETE
2019-09-24 12:18:50,924 INFO  logging.LoggingHandler (AbstractInternalLogger.java:log(150)) - [id: 0xe55ad1b4, L:/0.0.0.0:41479] READ: [id: 0xd2cec65c, L:/192.168.34.44:41479 - R:/192.168.34.44:42236]
2019-09-24 12:18:50,924 INFO  logging.LoggingHandler (AbstractInternalLogger.java:log(150)) - [id: 0xea9be81b, L:/0.0.0.0:43111] READ: [id: 0xb3fca7d3, L:/192.168.34.44:43111 - R:/192.168.34.44:46100]
2019-09-24 12:18:50,924 INFO  logging.LoggingHandler (AbstractInternalLogger.java:log(150)) - [id: 0xc5c5d3e6, L:/0.0.0.0:42383] READ: [id: 0x335076d3, L:/192.168.34.44:42383 - R:/192.168.34.44:33542]
2019-09-24 12:18:50,924 INFO  logging.LoggingHandler (AbstractInternalLogger.java:log(150)) - [id: 0xea9be81b, L:/0.0.0.0:43111] READ COMPLETE
2019-09-24 12:18:50,924 INFO  logging.LoggingHandler (AbstractInternalLogger.java:log(150)) - [id: 0xe55ad1b4, L:/0.0.0.0:41479] READ COMPLETE
2019-09-24 12:18:50,925 INFO  logging.LoggingHandler (AbstractInternalLogger.java:log(150)) - [id: 0xea9be81b, L:/0.0.0.0:43111] READ: [id: 0x50f9dfae, L:/192.168.34.44:43111 - R:/192.168.34.44:46104]
2019-09-24 12:18:50,924 INFO  logging.LoggingHandler (AbstractInternalLogger.java:log(150)) - [id: 0xc5c5d3e6, L:/0.0.0.0:42383] READ COMPLETE
2019-09-24 12:18:50,925 INFO  logging.LoggingHandler (AbstractInternalLogger.java:log(150)) - [id: 0xea9be81b, L:/0.0.0.0:43111] READ COMPLETE
2019-09-24 12:18:50,925 INFO  logging.LoggingHandler (AbstractInternalLogger.java:log(150)) - [id: 0xe55ad1b4, L:/0.0.0.0:41479] READ: [id: 0x5c23b15f, L:/192.168.34.44:41479 - R:/192.168.34.44:42242]
2019-09-24 12:18:50,925 INFO  logging.LoggingHandler (AbstractInternalLogger.java:log(150)) - [id: 0xea9be81b, L:/0.0.0.0:43111] READ: [id: 0xc0e5e42a, L:/192.168.34.44:43111 - R:/192.168.34.44:46114]
2019-09-24 12:18:50,925 INFO  logging.LoggingHandler (AbstractInternalLogger.java:log(150)) - [id: 0xc5c5d3e6, L:/0.0.0.0:42383] READ: [id: 0xa4358533, L:/192.168.34.44:42383 - R:/192.168.34.44:33544]
2019-09-24 12:18:50,925 INFO  logging.LoggingHandler (AbstractInternalLogger.java:log(150)) - [id: 0xea9be81b, L:/0.0.0.0:43111] READ COMPLETE
2019-09-24 12:18:50,925 INFO  logging.LoggingHandler (AbstractInternalLogger.java:log(150)) - [id: 0xe55ad1b4, L:/0.0.0.0:41479] READ COMPLETE
2019-09-24 12:18:50,926 INFO  logging.LoggingHandler (AbstractInternalLogger.java:log(150)) - [id: 0xea9be81b, L:/0.0.0.0:43111] READ: [id: 0xe7c90501, L:/192.168.34.44:43111 - R:/192.168.34.44:46118]
2019-09-24 12:18:50,926 INFO  logging.LoggingHandler (AbstractInternalLogger.java:log(150)) - [id: 0xc5c5d3e6, L:/0.0.0.0:42383] READ COMPLETE
2019-09-24 12:18:50,926 INFO  logging.LoggingHandler (AbstractInternalLogger.java:log(150)) - [id: 0xea9be81b, L:/0.0.0.0:43111] READ COMPLETE
2019-09-24 12:18:50,926 INFO  logging.LoggingHandler (AbstractInternalLogger.java:log(150)) - [id: 0xe55ad1b4, L:/0.0.0.0:41479] READ: [id: 0xa752bca0, L:/192.168.34.44:41479 - R:/192.168.34.44:42250]
2019-09-24 12:18:50,926 INFO  logging.LoggingHandler (AbstractInternalLogger.java:log(150)) - [id: 0xea9be81b, L:/0.0.0.0:43111] READ: [id: 0xd83b3cac, L:/192.168.34.44:43111 - R:/192.168.34.44:46120]
2019-09-24 12:18:50,926 INFO  logging.LoggingHandler (AbstractInternalLogger.java:log(150)) - [id: 0xc5c5d3e6, L:/0.0.0.0:42383] READ: [id: 0xdc0eecb1, L:/192.168.34.44:42383 - R:/192.168.34.44:33556]
2019-09-24 12:18:50,927 INFO  logging.LoggingHandler (AbstractInternalLogger.java:log(150)) - [id: 0xea9be81b, L:/0.0.0.0:43111] READ COMPLETE
2019-09-24 12:18:50,926 INFO  logging.LoggingHandler (AbstractInternalLogger.java:log(150)) - [id: 0xe55ad1b4, L:/0.0.0.0:41479] READ COMPLETE
2019-09-24 12:18:50,927 INFO  logging.LoggingHandler (AbstractInternalLogger.java:log(150)) - [id: 0xea9be81b, L:/0.0.0.0:43111] READ: [id: 0x2c4ae997, L:/192.168.34.44:43111 - R:/192.168.34.44:46126]
2019-09-24 12:18:50,927 INFO  logging.LoggingHandler (AbstractInternalLogger.java:log(150)) - [id: 0xc5c5d3e6, L:/0.0.0.0:42383] READ COMPLETE
2019-09-24 12:18:50,927 INFO  logging.LoggingHandler (AbstractInternalLogger.java:log(150)) - [id: 0xea9be81b, L:/0.0.0.0:43111] READ COMPLETE
2019-09-24 12:18:50,927 INFO  logging.LoggingHandler (AbstractInternalLogger.java:log(150)) - [id: 0xe55ad1b4, L:/0.0.0.0:41479] READ: [id: 0xbc83c3d0, L:/192.168.34.44:41479 - R:/192.168.34.44:42254]
2019-09-24 12:18:50,928 INFO  logging.LoggingHandler (AbstractInternalLogger.java:log(150)) - [id: 0xea9be81b, L:/0.0.0.0:43111] READ: [id: 0xdfba077c, L:/192.168.34.44:43111 - R:/192.168.34.44:46136]
2019-09-24 12:18:50,928 INFO  logging.LoggingHandler (AbstractInternalLogger.java:log(150)) - [id: 0xc5c5d3e6, L:/0.0.0.0:42383] READ: [id: 0x9b6db530, L:/192.168.34.44:42383 - R:/192.168.34.44:33558]
2019-09-24 12:18:50,928 INFO  logging.LoggingHandler (AbstractInternalLogger.java:log(150)) - [id: 0xea9be81b, L:/0.0.0.0:43111] READ COMPLETE
2019-09-24 12:18:50,928 INFO  logging.LoggingHandler (AbstractInternalLogger.java:log(150)) - [id: 0xe55ad1b4, L:/0.0.0.0:41479] READ COMPLETE
2019-09-24 12:18:50,928 INFO  logging.LoggingHandler (AbstractInternalLogger.java:log(150)) - [id: 0xea9be81b, L:/0.0.0.0:43111] READ: [id: 0xb5c59356, L:/192.168.34.44:43111 - R:/192.168.34.44:46140]
2019-09-24 12:18:50,928 INFO  logging.LoggingHandler (AbstractInternalLogger.java:log(150)) - [id: 0xc5c5d3e6, L:/0.0.0.0:42383] READ COMPLETE
2019-09-24 12:18:50,929 INFO  logging.LoggingHandler (AbstractInternalLogger.java:log(150)) - [id: 0xea9be81b, L:/0.0.0.0:43111] READ COMPLETE
2019-09-24 12:18:50,929 INFO  logging.LoggingHandler (AbstractInternalLogger.java:log(150)) - [id: 0xe55ad1b4, L:/0.0.0.0:41479] READ: [id: 0xf02b16a9, L:/192.168.34.44:41479 - R:/192.168.34.44:42260]
2019-09-24 12:18:50,929 INFO  logging.LoggingHandler (AbstractInternalLogger.java:log(150)) - [id: 0xc5c5d3e6, L:/0.0.0.0:42383] READ: [id: 0xf606e659, L:/192.168.34.44:42383 - R:/192.168.34.44:33562]
2019-09-24 12:18:50,929 INFO  logging.LoggingHandler (AbstractInternalLogger.java:log(150)) - [id: 0xe55ad1b4, L:/0.0.0.0:41479] READ COMPLETE
2019-09-24 12:18:50,929 INFO  logging.LoggingHandler (AbstractInternalLogger.java:log(150)) - [id: 0xea9be81b, L:/0.0.0.0:43111] READ: [id: 0x9e0e1acc, L:/192.168.34.44:43111 - R:/192.168.34.44:46144]
2019-09-24 12:18:50,929 INFO  logging.LoggingHandler (AbstractInternalLogger.java:log(150)) - [id: 0xe55ad1b4, L:/0.0.0.0:41479] READ: [id: 0xa47a98a8, L:/192.168.34.44:41479 - R:/192.168.34.44:42264]
2019-09-24 12:18:50,929 INFO  logging.LoggingHandler (AbstractInternalLogger.java:log(150)) - [id: 0xc5c5d3e6, L:/0.0.0.0:42383] READ COMPLETE
2019-09-24 12:18:50,930 INFO  logging.LoggingHandler (AbstractInternalLogger.java:log(150)) - [id: 0xe55ad1b4, L:/0.0.0.0:41479] READ COMPLETE
2019-09-24 12:18:50,930 INFO  logging.LoggingHandler (AbstractInternalLogger.java:log(150)) - [id: 0xea9be81b, L:/0.0.0.0:43111] READ COMPLETE
2019-09-24 12:18:50,930 INFO  logging.LoggingHandler (AbstractInternalLogger.java:log(150)) - [id: 0xe55ad1b4, L:/0.0.0.0:41479] READ: [id: 0xe307a9a7, L:/192.168.34.44:41479 - R:/192.168.34.44:42282]
2019-09-24 12:18:50,930 INFO  logging.LoggingHandler (AbstractInternalLogger.java:log(150)) - [id: 0xc5c5d3e6, L:/0.0.0.0:42383] READ: [id: 0x0e049ca3, L:/192.168.34.44:42383 - R:/192.168.34.44:33564]
2019-09-24 12:18:50,930 INFO  logging.LoggingHandler (AbstractInternalLogger.java:log(150)) - [id: 0xe55ad1b4, L:/0.0.0.0:41479] READ COMPLETE
2019-09-24 12:18:50,930 INFO  logging.LoggingHandler (AbstractInternalLogger.java:log(150)) - [id: 0xea9be81b, L:/0.0.0.0:43111] READ: [id: 0xa0572dd6, L:/192.168.34.44:43111 - R:/192.168.34.44:46148]
2019-09-24 12:18:50,931 INFO  logging.LoggingHandler (AbstractInternalLogger.java:log(150)) - [id: 0xe55ad1b4, L:/0.0.0.0:41479] READ: [id: 0x1f88c95e, L:/192.168.34.44:41479 - R:/192.168.34.44:42286]
2019-09-24 12:18:50,931 INFO  logging.LoggingHandler (AbstractInternalLogger.java:log(150)) - [id: 0xc5c5d3e6, L:/0.0.0.0:42383] READ COMPLETE
2019-09-24 12:18:50,931 INFO  logging.LoggingHandler (AbstractInternalLogger.java:log(150)) - [id: 0xe55ad1b4, L:/0.0.0.0:41479] READ COMPLETE
2019-09-24 12:18:50,931 INFO  logging.LoggingHandler (AbstractInternalLogger.java:log(150)) - [id: 0xea9be81b, L:/0.0.0.0:43111] READ COMPLETE
2019-09-24 12:18:50,931 INFO  logging.LoggingHandler (AbstractInternalLogger.java:log(150)) - [id: 0xe55ad1b4, L:/0.0.0.0:41479] READ: [id: 0x07269776, L:/192.168.34.44:41479 - R:/192.168.34.44:42290]
2019-09-24 12:18:50,931 INFO  logging.LoggingHandler (AbstractInternalLogger.java:log(150)) - [id: 0xc5c5d3e6, L:/0.0.0.0:42383] READ: [id: 0x30d8a209, L:/192.168.34.44:42383 - R:/192.168.34.44:33566]
2019-09-24 12:18:50,932 INFO  logging.LoggingHandler (AbstractInternalLogger.java:log(150)) - [id: 0xe55ad1b4, L:/0.0.0.0:41479] READ COMPLETE
2019-09-24 12:18:50,932 INFO  logging.LoggingHandler (AbstractInternalLogger.java:log(150)) - [id: 0xea9be81b, L:/0.0.0.0:43111] READ: [id: 0xbf0c5098, L:/192.168.34.44:43111 - R:/192.168.34.44:46160]
2019-09-24 12:18:50,932 INFO  logging.LoggingHandler (AbstractInternalLogger.java:log(150)) - [id: 0xe55ad1b4, L:/0.0.0.0:41479] READ: [id: 0x45853531, L:/192.168.34.44:41479 - R:/192.168.34.44:42298]
2019-09-24 12:18:50,932 INFO  logging.LoggingHandler (AbstractInternalLogger.java:log(150)) - [id: 0xc5c5d3e6, L:/0.0.0.0:42383] READ COMPLETE
2019-09-24 12:18:50,932 INFO  logging.LoggingHandler (AbstractInternalLogger.java:log(150)) - [id: 0xe55ad1b4, L:/0.0.0.0:41479] READ COMPLETE
2019-09-24 12:18:50,932 INFO  logging.LoggingHandler (AbstractInternalLogger.java:log(150)) - [id: 0xea9be81b, L:/0.0.0.0:43111] READ COMPLETE
2019-09-24 12:18:50,933 INFO  logging.LoggingHandler (AbstractInternalLogger.java:log(150)) - [id: 0xe55ad1b4, L:/0.0.0.0:41479] READ: [id: 0xe9bf2c63, L:/192.168.34.44:41479 - R:/192.168.34.44:42302]
2019-09-24 12:18:50,932 INFO  impl.LeaderElection (LeaderElection.java:askForVotes(178)) - s1@group-A93A4FA934D4-LeaderElection7: begin an election at term 5 for 0: [s0:0.0.0.0:41479, s1:0.0.0.0:42383, s2:0.0.0.0:43111], old=null
2019-09-24 12:18:50,933 INFO  logging.LoggingHandler (AbstractInternalLogger.java:log(150)) - [id: 0xe55ad1b4, L:/0.0.0.0:41479] READ COMPLETE
2019-09-24 12:18:50,933 INFO  logging.LoggingHandler (AbstractInternalLogger.java:log(150)) - [id: 0xea9be81b, L:/0.0.0.0:43111] READ: [id: 0xe7c6e300, L:/192.168.34.44:43111 - R:/192.168.34.44:46164]
2019-09-24 12:18:50,932 INFO  logging.LoggingHandler (AbstractInternalLogger.java:log(150)) - [id: 0xc5c5d3e6, L:/0.0.0.0:42383] READ: [id: 0x007c3999, L:/192.168.34.44:42383 - R:/192.168.34.44:33580]
2019-09-24 12:18:50,933 INFO  logging.LoggingHandler (AbstractInternalLogger.java:log(150)) - [id: 0xea9be81b, L:/0.0.0.0:43111] READ COMPLETE
2019-09-24 12:18:50,933 INFO  logging.LoggingHandler (AbstractInternalLogger.java:log(150)) - [id: 0xe55ad1b4, L:/0.0.0.0:41479] READ: [id: 0xedfc64b7, L:/192.168.34.44:41479 - R:/192.168.34.44:42304]
2019-09-24 12:18:50,934 INFO  logging.LoggingHandler (AbstractInternalLogger.java:log(150)) - [id: 0xea9be81b, L:/0.0.0.0:43111] READ: [id: 0xc96b61a7, L:/192.168.34.44:43111 - R:/192.168.34.44:46168]
2019-09-24 12:18:50,933 INFO  logging.LoggingHandler (AbstractInternalLogger.java:log(150)) - [id: 0xc5c5d3e6, L:/0.0.0.0:42383] READ COMPLETE
2019-09-24 12:18:50,934 INFO  impl.RaftServerImpl (RaftServerImpl.java:setRole(170)) - s2@group-A93A4FA934D4: changes role from  FOLLOWER to FOLLOWER at term 5 for recognizeCandidate:s1
2019-09-24 12:18:50,934 INFO  logging.LoggingHandler (AbstractInternalLogger.java:log(150)) - [id: 0xea9be81b, L:/0.0.0.0:43111] READ COMPLETE
2019-09-24 12:18:50,934 INFO  impl.RaftServerImpl (RaftServerImpl.java:setRole(170)) - s0@group-A93A4FA934D4: changes role from  FOLLOWER to FOLLOWER at term 5 for recognizeCandidate:s1
2019-09-24 12:18:50,934 INFO  logging.LoggingHandler (AbstractInternalLogger.java:log(150)) - [id: 0xe55ad1b4, L:/0.0.0.0:41479] READ COMPLETE
2019-09-24 12:18:50,934 INFO  impl.RoleInfo (RoleInfo.java:shutdownFollowerState(121)) - s0: shutdown FollowerState
2019-09-24 12:18:50,934 INFO  logging.LoggingHandler (AbstractInternalLogger.java:log(150)) - [id: 0xea9be81b, L:/0.0.0.0:43111] READ: [id: 0x7633a35e, L:/192.168.34.44:43111 - R:/192.168.34.44:46170]
2019-09-24 12:18:50,934 INFO  impl.RoleInfo (RoleInfo.java:shutdownFollowerState(121)) - s2: shutdown FollowerState
2019-09-24 12:18:50,934 INFO  logging.LoggingHandler (AbstractInternalLogger.java:log(150)) - [id: 0xc5c5d3e6, L:/0.0.0.0:42383] READ: [id: 0x4708a178, L:/192.168.34.44:42383 - R:/192.168.34.44:33586]
2019-09-24 12:18:50,935 INFO  impl.FollowerState (FollowerState.java:run(117)) - s2@group-A93A4FA934D4-FollowerState was interrupted: java.lang.InterruptedException: sleep interrupted
2019-09-24 12:18:50,935 INFO  impl.RoleInfo (RoleInfo.java:updateAndGet(143)) - s2: start FollowerState
2019-09-24 12:18:50,935 INFO  logging.LoggingHandler (AbstractInternalLogger.java:log(150)) - [id: 0xea9be81b, L:/0.0.0.0:43111] READ COMPLETE
2019-09-24 12:18:50,935 INFO  impl.FollowerState (FollowerState.java:run(117)) - s0@group-A93A4FA934D4-FollowerState was interrupted: java.lang.InterruptedException: sleep interrupted
2019-09-24 12:18:50,937 INFO  logging.LoggingHandler (AbstractInternalLogger.java:log(150)) - [id: 0xea9be81b, L:/0.0.0.0:43111] READ: [id: 0xcc125871, L:/192.168.34.44:43111 - R:/192.168.34.44:46178]
2019-09-24 12:18:50,938 INFO  logging.LoggingHandler (AbstractInternalLogger.java:log(150)) - [id: 0xea9be81b, L:/0.0.0.0:43111] READ COMPLETE
2019-09-24 12:18:50,935 INFO  impl.RoleInfo (RoleInfo.java:updateAndGet(143)) - s0: start FollowerState
2019-09-24 12:18:50,935 INFO  logging.LoggingHandler (AbstractInternalLogger.java:log(150)) - [id: 0xe55ad1b4, L:/0.0.0.0:41479] READ: [id: 0x00659205, L:/192.168.34.44:41479 - R:/192.168.34.44:42306]
2019-09-24 12:18:50,938 INFO  logging.LoggingHandler (AbstractInternalLogger.java:log(150)) - [id: 0xea9be81b, L:/0.0.0.0:43111] READ: [id: 0x8538c629, L:/192.168.34.44:43111 - R:/192.168.34.44:46186]
2019-09-24 12:18:50,935 INFO  logging.LoggingHandler (AbstractInternalLogger.java:log(150)) - [id: 0xc5c5d3e6, L:/0.0.0.0:42383] READ COMPLETE
2019-09-24 12:18:50,938 INFO  logging.LoggingHandler (AbstractInternalLogger.java:log(150)) - [id: 0xea9be81b, L:/0.0.0.0:43111] READ COMPLETE
2019-09-24 12:18:50,938 INFO  logging.LoggingHandler (AbstractInternalLogger.java:log(150)) - [id: 0xe55ad1b4, L:/0.0.0.0:41479] READ COMPLETE
2019-09-24 12:18:50,939 INFO  logging.LoggingHandler (AbstractInternalLogger.java:log(150)) - [id: 0xea9be81b, L:/0.0.0.0:43111] READ: [id: 0xe5172593, L:/192.168.34.44:43111 - R:/192.168.34.44:46192]
2019-09-24 12:18:50,939 INFO  logging.LoggingHandler (AbstractInternalLogger.java:log(150)) - [id: 0xc5c5d3e6, L:/0.0.0.0:42383] READ: [id: 0xebc9922f, L:/192.168.34.44:42383 - R:/192.168.34.44:33596]
2019-09-24 12:18:50,939 INFO  logging.LoggingHandler (AbstractInternalLogger.java:log(150)) - [id: 0xea9be81b, L:/0.0.0.0:43111] READ COMPLETE
2019-09-24 12:18:50,939 INFO  logging.LoggingHandler (AbstractInternalLogger.java:log(150)) - [id: 0xe55ad1b4, L:/0.0.0.0:41479] READ: [id: 0xff4d1bfb, L:/192.168.34.44:41479 - R:/192.168.34.44:42328]
2019-09-24 12:18:50,939 INFO  logging.LoggingHandler (AbstractInternalLogger.java:log(150)) - [id: 0xea9be81b, L:/0.0.0.0:43111] READ: [id: 0x1a8ba7c9, L:/192.168.34.44:43111 - R:/192.168.34.44:46196]
2019-09-24 12:18:50,939 INFO  logging.LoggingHandler (AbstractInternalLogger.java:log(150)) - [id: 0xc5c5d3e6, L:/0.0.0.0:42383] READ COMPLETE
2019-09-24 12:18:50,939 INFO  logging.LoggingHandler (AbstractInternalLogger.java:log(150)) - [id: 0xea9be81b, L:/0.0.0.0:43111] READ COMPLETE
2019-09-24 12:18:50,939 INFO  logging.LoggingHandler (AbstractInternalLogger.java:log(150)) - [id: 0xe55ad1b4, L:/0.0.0.0:41479] READ COMPLETE
2019-09-24 12:18:50,940 INFO  logging.LoggingHandler (AbstractInternalLogger.java:log(150)) - [id: 0xea9be81b, L:/0.0.0.0:43111] READ: [id: 0xe05b7895, L:/192.168.34.44:43111 - R:/192.168.34.44:46206]
2019-09-24 12:18:50,940 INFO  logging.LoggingHandler (AbstractInternalLogger.java:log(150)) - [id: 0xc5c5d3e6, L:/0.0.0.0:42383] READ: [id: 0x9c1d55e3, L:/192.168.34.44:42383 - R:/192.168.34.44:33600]
2019-09-24 12:18:50,940 INFO  logging.LoggingHandler (AbstractInternalLogger.java:log(150)) - [id: 0xea9be81b, L:/0.0.0.0:43111] READ COMPLETE
2019-09-24 12:18:50,940 INFO  logging.LoggingHandler (AbstractInternalLogger.java:log(150)) - [id: 0xe55ad1b4, L:/0.0.0.0:41479] READ: [id: 0x2fa92cc4, L:/192.168.34.44:41479 - R:/192.168.34.44:42348]
2019-09-24 12:18:50,940 INFO  logging.LoggingHandler (AbstractInternalLogger.java:log(150)) - [id: 0xea9be81b, L:/0.0.0.0:43111] READ: [id: 0x6a1f6208, L:/192.168.34.44:43111 - R:/192.168.34.44:46212]
2019-09-24 12:18:50,940 INFO  logging.LoggingHandler (AbstractInternalLogger.java:log(150)) - [id: 0xc5c5d3e6, L:/0.0.0.0:42383] READ COMPLETE
2019-09-24 12:18:50,940 INFO  logging.LoggingHandler (AbstractInternalLogger.java:log(150)) - [id: 0xea9be81b, L:/0.0.0.0:43111] READ COMPLETE
2019-09-24 12:18:50,940 INFO  logging.LoggingHandler (AbstractInternalLogger.java:log(150)) - [id: 0xe55ad1b4, L:/0.0.0.0:41479] READ COMPLETE
2019-09-24 12:18:50,941 INFO  logging.LoggingHandler (AbstractInternalLogger.java:log(150)) - [id: 0xc5c5d3e6, L:/0.0.0.0:42383] READ: [id: 0x01e7e20c, L:/192.168.34.44:42383 - R:/192.168.34.44:33606]
2019-09-24 12:18:50,941 INFO  logging.LoggingHandler (AbstractInternalLogger.java:log(150)) - [id: 0xe55ad1b4, L:/0.0.0.0:41479] READ: [id: 0xcc2b343d, L:/192.168.34.44:41479 - R:/192.168.34.44:42350]
2019-09-24 12:18:50,941 INFO  logging.LoggingHandler (AbstractInternalLogger.java:log(150)) - [id: 0xea9be81b, L:/0.0.0.0:43111] READ: [id: 0x8e1cadf3, L:/192.168.34.44:43111 - R:/192.168.34.44:46218]
2019-09-24 12:18:50,941 INFO  logging.LoggingHandler (AbstractInternalLogger.java:log(150)) - [id: 0xc5c5d3e6, L:/0.0.0.0:42383] READ COMPLETE
2019-09-24 12:18:50,941 INFO  logging.LoggingHandler (AbstractInternalLogger.java:log(150)) - [id: 0xea9be81b, L:/0.0.0.0:43111] READ COMPLETE
2019-09-24 12:18:50,941 INFO  logging.LoggingHandler (AbstractInternalLogger.java:log(150)) - [id: 0xe55ad1b4, L:/0.0.0.0:41479] READ COMPLETE
2019-09-24 12:18:50,941 INFO  logging.LoggingHandler (AbstractInternalLogger.java:log(150)) - [id: 0xc5c5d3e6, L:/0.0.0.0:42383] READ: [id: 0x3529e986, L:/192.168.34.44:42383 - R:/192.168.34.44:33608]
2019-09-24 12:18:50,942 INFO  logging.LoggingHandler (AbstractInternalLogger.java:log(150)) - [id: 0xe55ad1b4, L:/0.0.0.0:41479] READ: [id: 0x9138bd2a, L:/192.168.34.44:41479 - R:/192.168.34.44:42358]
2019-09-24 12:18:50,942 INFO  logging.LoggingHandler (AbstractInternalLogger.java:log(150)) - [id: 0xc5c5d3e6, L:/0.0.0.0:42383] READ COMPLETE
2019-09-24 12:18:50,942 INFO  logging.LoggingHandler (AbstractInternalLogger.java:log(150)) - [id: 0xea9be81b, L:/0.0.0.0:43111] READ: [id: 0xd35119a3, L:/192.168.34.44:43111 - R:/192.168.34.44:46222]
2019-09-24 12:18:50,942 INFO  logging.LoggingHandler (AbstractInternalLogger.java:log(150)) - [id: 0xe55ad1b4, L:/0.0.0.0:41479] READ COMPLETE
2019-09-24 12:18:50,942 INFO  logging.LoggingHandler (AbstractInternalLogger.java:log(150)) - [id: 0xea9be81b, L:/0.0.0.0:43111] READ COMPLETE
2019-09-24 12:18:50,942 INFO  logging.LoggingHandler (AbstractInternalLogger.java:log(150)) - [id: 0xc5c5d3e6, L:/0.0.0.0:42383] READ: [id: 0x0c76733a, L:/192.168.34.44:42383 - R:/192.168.34.44:33610]
2019-09-24 12:18:50,942 INFO  logging.LoggingHandler (AbstractInternalLogger.java:log(150)) - [id: 0xe55ad1b4, L:/0.0.0.0:41479] READ: [id: 0xdc4a553d, L:/192.168.34.44:41479 - R:/192.168.34.44:42362]
2019-09-24 12:18:50,942 INFO  logging.LoggingHandler (AbstractInternalLogger.java:log(150)) - [id: 0xc5c5d3e6, L:/0.0.0.0:42383] READ COMPLETE
2019-09-24 12:18:50,942 INFO  logging.LoggingHandler (AbstractInternalLogger.java:log(150)) - [id: 0xe55ad1b4, L:/0.0.0.0:41479] READ COMPLETE
2019-09-24 12:18:50,943 INFO  logging.LoggingHandler (AbstractInternalLogger.java:log(150)) - [id: 0xc5c5d3e6, L:/0.0.0.0:42383] READ: [id: 0x61380e93, L:/192.168.34.44:42383 - R:/192.168.34.44:33616]
2019-09-24 12:18:50,943 INFO  logging.LoggingHandler (AbstractInternalLogger.java:log(150)) - [id: 0xe55ad1b4, L:/0.0.0.0:41479] READ: [id: 0x338f35ba, L:/192.168.34.44:41479 - R:/192.168.34.44:42364]
2019-09-24 12:18:50,943 INFO  logging.LoggingHandler (AbstractInternalLogger.java:log(150)) - [id: 0xc5c5d3e6, L:/0.0.0.0:42383] READ COMPLETE
2019-09-24 12:18:50,943 INFO  logging.LoggingHandler (AbstractInternalLogger.java:log(150)) - [id: 0xe55ad1b4, L:/0.0.0.0:41479] READ COMPLETE
2019-09-24 12:18:50,943 INFO  logging.LoggingHandler (AbstractInternalLogger.java:log(150)) - [id: 0xc5c5d3e6, L:/0.0.0.0:42383] READ: [id: 0x3788ee98, L:/192.168.34.44:42383 - R:/192.168.34.44:33618]
2019-09-24 12:18:50,943 INFO  logging.LoggingHandler (AbstractInternalLogger.java:log(150)) - [id: 0xe55ad1b4, L:/0.0.0.0:41479] READ: [id: 0xc20a9350, L:/192.168.34.44:41479 - R:/192.168.34.44:42368]
2019-09-24 12:18:50,943 INFO  logging.LoggingHandler (AbstractInternalLogger.java:log(150)) - [id: 0xc5c5d3e6, L:/0.0.0.0:42383] READ COMPLETE
2019-09-24 12:18:50,943 INFO  logging.LoggingHandler (AbstractInternalLogger.java:log(150)) - [id: 0xea9be81b, L:/0.0.0.0:43111] READ: [id: 0x2eb2162f, L:/192.168.34.44:43111 - R:/192.168.34.44:46234]
2019-09-24 12:18:50,944 INFO  logging.LoggingHandler (AbstractInternalLogger.java:log(150)) - [id: 0xc5c5d3e6, L:/0.0.0.0:42383] READ: [id: 0xc14f7f08, L:/192.168.34.44:42383 - R:/192.168.34.44:33622]
2019-09-24 12:18:50,943 INFO  logging.LoggingHandler (AbstractInternalLogger.java:log(150)) - [id: 0xe55ad1b4, L:/0.0.0.0:41479] READ COMPLETE
2019-09-24 12:18:50,944 INFO  logging.LoggingHandler (AbstractInternalLogger.java:log(150)) - [id: 0xc5c5d3e6, L:/0.0.0.0:42383] READ COMPLETE
2019-09-24 12:18:50,944 INFO  logging.LoggingHandler (AbstractInternalLogger.java:log(150)) - [id: 0xe55ad1b4, L:/0.0.0.0:41479] READ: [id: 0x6d756b7c, L:/192.168.34.44:41479 - R:/192.168.34.44:42374]
2019-09-24 12:18:50,944 INFO  logging.LoggingHandler (AbstractInternalLogger.java:log(150)) - [id: 0xea9be81b, L:/0.0.0.0:43111] READ COMPLETE
2019-09-24 12:18:50,944 INFO  logging.LoggingHandler (AbstractInternalLogger.java:log(150)) - [id: 0xe55ad1b4, L:/0.0.0.0:41479] READ COMPLETE
2019-09-24 12:18:50,944 INFO  logging.LoggingHandler (AbstractInternalLogger.java:log(150)) - [id: 0xc5c5d3e6, L:/0.0.0.0:42383] READ: [id: 0x6099b5ed, L:/192.168.34.44:42383 - R:/192.168.34.44:33624]
2019-09-24 12:18:50,944 INFO  logging.LoggingHandler (AbstractInternalLogger.java:log(150)) - [id: 0xe55ad1b4, L:/0.0.0.0:41479] READ: [id: 0xea15c39e, L:/192.168.34.44:41479 - R:/192.168.34.44:42378]
2019-09-24 12:18:50,944 INFO  logging.LoggingHandler (AbstractInternalLogger.java:log(150)) - [id: 0xea9be81b, L:/0.0.0.0:43111] READ: [id: 0x6d4ffedc, L:/192.168.34.44:43111 - R:/192.168.34.44:46238]
2019-09-24 12:18:50,945 INFO  logging.LoggingHandler (AbstractInternalLogger.java:log(150)) - [id: 0xe55ad1b4, L:/0.0.0.0:41479] READ COMPLETE
2019-09-24 12:18:50,945 INFO  logging.LoggingHandler (AbstractInternalLogger.java:log(150)) - [id: 0xc5c5d3e6, L:/0.0.0.0:42383] READ COMPLETE
2019-09-24 12:18:50,945 INFO  logging.LoggingHandler (AbstractInternalLogger.java:log(150)) - [id: 0xe55ad1b4, L:/0.0.0.0:41479] READ: [id: 0x66c4bc53, L:/192.168.34.44:41479 - R:/192.168.34.44:42380]
2019-09-24 12:18:50,945 INFO  logging.LoggingHandler (AbstractInternalLogger.java:log(150)) - [id: 0xea9be81b, L:/0.0.0.0:43111] READ COMPLETE
2019-09-24 12:18:50,945 INFO  logging.LoggingHandler (AbstractInternalLogger.java:log(150)) - [id: 0xe55ad1b4, L:/0.0.0.0:41479] READ COMPLETE
2019-09-24 12:18:50,945 INFO  logging.LoggingHandler (AbstractInternalLogger.java:log(150)) - [id: 0xc5c5d3e6, L:/0.0.0.0:42383] READ: [id: 0xc861c97c, L:/192.168.34.44:42383 - R:/192.168.34.44:33628]
2019-09-24 12:18:50,945 INFO  logging.LoggingHandler (AbstractInternalLogger.java:log(150)) - [id: 0xe55ad1b4, L:/0.0.0.0:41479] READ: [id: 0x6d5364b2, L:/192.168.34.44:41479 - R:/192.168.34.44:42384]
2019-09-24 12:18:50,945 INFO  logging.LoggingHandler (AbstractInternalLogger.java:log(150)) - [id: 0xea9be81b, L:/0.0.0.0:43111] READ: [id: 0x544375ba, L:/192.168.34.44:43111 - R:/192.168.34.44:46240]
2019-09-24 12:18:50,946 INFO  logging.LoggingHandler (AbstractInternalLogger.java:log(150)) - [id: 0xe55ad1b4, L:/0.0.0.0:41479] READ COMPLETE
2019-09-24 12:18:50,945 INFO  logging.LoggingHandler (AbstractInternalLogger.java:log(150)) - [id: 0xc5c5d3e6, L:/0.0.0.0:42383] READ COMPLETE
2019-09-24 12:18:50,946 INFO  logging.LoggingHandler (AbstractInternalLogger.java:log(150)) - [id: 0xe55ad1b4, L:/0.0.0.0:41479] READ: [id: 0x7521deac, L:/192.168.34.44:41479 - R:/192.168.34.44:42400]
2019-09-24 12:18:50,946 INFO  logging.LoggingHandler (AbstractInternalLogger.java:log(150)) - [id: 0xea9be81b, L:/0.0.0.0:43111] READ COMPLETE
2019-09-24 12:18:50,946 INFO  logging.LoggingHandler (AbstractInternalLogger.java:log(150)) - [id: 0xe55ad1b4, L:/0.0.0.0:41479] READ COMPLETE
2019-09-24 12:18:50,946 INFO  logging.LoggingHandler (AbstractInternalLogger.java:log(150)) - [id: 0xc5c5d3e6, L:/0.0.0.0:42383] READ: [id: 0x20abf168, L:/192.168.34.44:42383 - R:/192.168.34.44:33632]
2019-09-24 12:18:50,946 INFO  logging.LoggingHandler (AbstractInternalLogger.java:log(150)) - [id: 0xe55ad1b4, L:/0.0.0.0:41479] READ: [id: 0xc4b8bf7c, L:/192.168.34.44:41479 - R:/192.168.34.44:42402]
2019-09-24 12:18:50,946 INFO  logging.LoggingHandler (AbstractInternalLogger.java:log(150)) - [id: 0xea9be81b, L:/0.0.0.0:43111] READ: [id: 0xce25625c, L:/192.168.34.44:43111 - R:/192.168.34.44:46244]
2019-09-24 12:18:50,947 INFO  logging.LoggingHandler (AbstractInternalLogger.java:log(150)) - [id: 0xe55ad1b4, L:/0.0.0.0:41479] READ COMPLETE
2019-09-24 12:18:50,946 INFO  logging.LoggingHandler (AbstractInternalLogger.java:log(150)) - [id: 0xc5c5d3e6, L:/0.0.0.0:42383] READ COMPLETE
2019-09-24 12:18:50,947 INFO  logging.LoggingHandler (AbstractInternalLogger.java:log(150)) - [id: 0xea9be81b, L:/0.0.0.0:43111] READ COMPLETE
2019-09-24 12:18:50,947 INFO  logging.LoggingHandler (AbstractInternalLogger.java:log(150)) - [id: 0xc5c5d3e6, L:/0.0.0.0:42383] READ: [id: 0x9e435cf1, L:/192.168.34.44:42383 - R:/192.168.34.44:33638]
2019-09-24 12:18:50,947 INFO  logging.LoggingHandler (AbstractInternalLogger.java:log(150)) - [id: 0xea9be81b, L:/0.0.0.0:43111] READ: [id: 0x0677d497, L:/192.168.34.44:43111 - R:/192.168.34.44:46246]
2019-09-24 12:18:50,947 INFO  logging.LoggingHandler (AbstractInternalLogger.java:log(150)) - [id: 0xc5c5d3e6, L:/0.0.0.0:42383] READ COMPLETE
2019-09-24 12:18:50,947 INFO  logging.LoggingHandler (AbstractInternalLogger.java:log(150)) - [id: 0xea9be81b, L:/0.0.0.0:43111] READ COMPLETE
2019-09-24 12:18:50,947 INFO  logging.LoggingHandler (AbstractInternalLogger.java:log(150)) - [id: 0xc5c5d3e6, L:/0.0.0.0:42383] READ: [id: 0x44343ceb, L:/192.168.34.44:42383 - R:/192.168.34.44:33642]
2019-09-24 12:18:50,947 INFO  logging.LoggingHandler (AbstractInternalLogger.java:log(150)) - [id: 0xe55ad1b4, L:/0.0.0.0:41479] READ: [id: 0x083fc829, L:/192.168.34.44:41479 - R:/192.168.34.44:42410]
2019-09-24 12:18:50,948 INFO  logging.LoggingHandler (AbstractInternalLogger.java:log(150)) - [id: 0xc5c5d3e6, L:/0.0.0.0:42383] READ COMPLETE
2019-09-24 12:18:50,948 INFO  logging.LoggingHandler (AbstractInternalLogger.java:log(150)) - [id: 0xea9be81b, L:/0.0.0.0:43111] READ: [id: 0x129f2a57, L:/192.168.34.44:43111 - R:/192.168.34.44:46248]
2019-09-24 12:18:50,948 INFO  logging.LoggingHandler (AbstractInternalLogger.java:log(150)) - [id: 0xc5c5d3e6, L:/0.0.0.0:42383] READ: [id: 0xbb324ebf, L:/192.168.34.44:42383 - R:/192.168.34.44:33658]
2019-09-24 12:18:50,948 INFO  logging.LoggingHandler (AbstractInternalLogger.java:log(150)) - [id: 0xe55ad1b4, L:/0.0.0.0:41479] READ COMPLETE
2019-09-24 12:18:50,948 INFO  logging.LoggingHandler (AbstractInternalLogger.java:log(150)) - [id: 0xc5c5d3e6, L:/0.0.0.0:42383] READ COMPLETE
2019-09-24 12:18:50,948 INFO  logging.LoggingHandler (AbstractInternalLogger.java:log(150)) - [id: 0xe55ad1b4, L:/0.0.0.0:41479] READ: [id: 0xd01896e1, L:/192.168.34.44:41479 - R:/192.168.34.44:42414]
2019-09-24 12:18:50,948 INFO  logging.LoggingHandler (AbstractInternalLogger.java:log(150)) - [id: 0xea9be81b, L:/0.0.0.0:43111] READ COMPLETE
2019-09-24 12:18:50,948 INFO  logging.LoggingHandler (AbstractInternalLogger.java:log(150)) - [id: 0xe55ad1b4, L:/0.0.0.0:41479] READ COMPLETE
2019-09-24 12:18:50,949 INFO  logging.LoggingHandler (AbstractInternalLogger.java:log(150)) - [id: 0xea9be81b, L:/0.0.0.0:43111] READ: [id: 0x3aae296f, L:/192.168.34.44:43111 - R:/192.168.34.44:46260]
2019-09-24 12:18:50,948 INFO  logging.LoggingHandler (AbstractInternalLogger.java:log(150)) - [id: 0xc5c5d3e6, L:/0.0.0.0:42383] READ: [id: 0x7fb21c6a, L:/192.168.34.44:42383 - R:/192.168.34.44:33662]
2019-09-24 12:18:50,949 INFO  logging.LoggingHandler (AbstractInternalLogger.java:log(150)) - [id: 0xea9be81b, L:/0.0.0.0:43111] READ COMPLETE
2019-09-24 12:18:50,949 INFO  logging.LoggingHandler (AbstractInternalLogger.java:log(150)) - [id: 0xe55ad1b4, L:/0.0.0.0:41479] READ: [id: 0x5f73036b, L:/192.168.34.44:41479 - R:/192.168.34.44:42416]
2019-09-24 12:18:50,949 INFO  logging.LoggingHandler (AbstractInternalLogger.java:log(150)) - [id: 0xea9be81b, L:/0.0.0.0:43111] READ: [id: 0x2362e942, L:/192.168.34.44:43111 - R:/192.168.34.44:46270]
2019-09-24 12:18:50,949 INFO  logging.LoggingHandler (AbstractInternalLogger.java:log(150)) - [id: 0xc5c5d3e6, L:/0.0.0.0:42383] READ COMPLETE
2019-09-24 12:18:50,949 INFO  logging.LoggingHandler (AbstractInternalLogger.java:log(150)) - [id: 0xea9be81b, L:/0.0.0.0:43111] READ COMPLETE
2019-09-24 12:18:50,949 INFO  logging.LoggingHandler (AbstractInternalLogger.java:log(150)) - [id: 0xe55ad1b4, L:/0.0.0.0:41479] READ COMPLETE
2019-09-24 12:18:50,950 INFO  logging.LoggingHandler (AbstractInternalLogger.java:log(150)) - [id: 0xea9be81b, L:/0.0.0.0:43111] READ: [id: 0xa89d9fdc, L:/192.168.34.44:43111 - R:/192.168.34.44:46274]
2019-09-24 12:18:50,950 INFO  logging.LoggingHandler (AbstractInternalLogger.java:log(150)) - [id: 0xc5c5d3e6, L:/0.0.0.0:42383] READ: [id: 0x5c1d9b79, L:/192.168.34.44:42383 - R:/192.168.34.44:33676]
2019-09-24 12:18:50,950 INFO  logging.LoggingHandler (AbstractInternalLogger.java:log(150)) - [id: 0xea9be81b, L:/0.0.0.0:43111] READ COMPLETE
2019-09-24 12:18:50,950 INFO  logging.LoggingHandler (AbstractInternalLogger.java:log(150)) - [id: 0xe55ad1b4, L:/0.0.0.0:41479] READ: [id: 0x03464831, L:/192.168.34.44:41479 - R:/192.168.34.44:42420]
2019-09-24 12:18:50,950 INFO  logging.LoggingHandler (AbstractInternalLogger.java:log(150)) - [id: 0xea9be81b, L:/0.0.0.0:43111] READ: [id: 0x49dcf872, L:/192.168.34.44:43111 - R:/192.168.34.44:46276]
2019-09-24 12:18:50,950 INFO  logging.LoggingHandler (AbstractInternalLogger.java:log(150)) - [id: 0xc5c5d3e6, L:/0.0.0.0:42383] READ COMPLETE
2019-09-24 12:18:50,950 INFO  logging.LoggingHandler (AbstractInternalLogger.java:log(150)) - [id: 0xea9be81b, L:/0.0.0.0:43111] READ COMPLETE
2019-09-24 12:18:50,950 INFO  logging.LoggingHandler (AbstractInternalLogger.java:log(150)) - [id: 0xe55ad1b4, L:/0.0.0.0:41479] READ COMPLETE
2019-09-24 12:18:50,951 INFO  logging.LoggingHandler (AbstractInternalLogger.java:log(150)) - [id: 0xc5c5d3e6, L:/0.0.0.0:42383] READ: [id: 0x850d6c1b, L:/192.168.34.44:42383 - R:/192.168.34.44:33684]
2019-09-24 12:18:50,951 INFO  logging.LoggingHandler (AbstractInternalLogger.java:log(150)) - [id: 0xe55ad1b4, L:/0.0.0.0:41479] READ: [id: 0x6834504d, L:/192.168.34.44:41479 - R:/192.168.34.44:42426]
2019-09-24 12:18:50,951 INFO  logging.LoggingHandler (AbstractInternalLogger.java:log(150)) - [id: 0xea9be81b, L:/0.0.0.0:43111] READ: [id: 0x35b2ed98, L:/192.168.34.44:43111 - R:/192.168.34.44:46286]
2019-09-24 12:18:50,951 INFO  logging.LoggingHandler (AbstractInternalLogger.java:log(150)) - [id: 0xe55ad1b4, L:/0.0.0.0:41479] READ COMPLETE
2019-09-24 12:18:50,951 INFO  logging.LoggingHandler (AbstractInternalLogger.java:log(150)) - [id: 0xc5c5d3e6, L:/0.0.0.0:42383] READ COMPLETE
2019-09-24 12:18:50,951 INFO  logging.LoggingHandler (AbstractInternalLogger.java:log(150)) - [id: 0xe55ad1b4, L:/0.0.0.0:41479] READ: [id: 0x79ab08ad, L:/192.168.34.44:41479 - R:/192.168.34.44:42432]
2019-09-24 12:18:50,951 INFO  logging.LoggingHandler (AbstractInternalLogger.java:log(150)) - [id: 0xea9be81b, L:/0.0.0.0:43111] READ COMPLETE
2019-09-24 12:18:50,952 INFO  logging.LoggingHandler (AbstractInternalLogger.java:log(150)) - [id: 0xe55ad1b4, L:/0.0.0.0:41479] READ COMPLETE
2019-09-24 12:18:50,951 INFO  logging.LoggingHandler (AbstractInternalLogger.java:log(150)) - [id: 0xc5c5d3e6, L:/0.0.0.0:42383] READ: [id: 0x363aeb4b, L:/192.168.34.44:42383 - R:/192.168.34.44:33690]
2019-09-24 12:18:50,952 INFO  logging.LoggingHandler (AbstractInternalLogger.java:log(150)) - [id: 0xe55ad1b4, L:/0.0.0.0:41479] READ: [id: 0x1f57174e, L:/192.168.34.44:41479 - R:/192.168.34.44:42438]
2019-09-24 12:18:50,952 INFO  logging.LoggingHandler (AbstractInternalLogger.java:log(150)) - [id: 0xc5c5d3e6, L:/0.0.0.0:42383] READ COMPLETE
2019-09-24 12:18:50,952 INFO  logging.LoggingHandler (AbstractInternalLogger.java:log(150)) - [id: 0xe55ad1b4, L:/0.0.0.0:41479] READ COMPLETE
2019-09-24 12:18:50,952 INFO  logging.LoggingHandler (AbstractInternalLogger.java:log(150)) - [id: 0xc5c5d3e6, L:/0.0.0.0:42383] READ: [id: 0xdf39ce59, L:/192.168.34.44:42383 - R:/192.168.34.44:33692]
2019-09-24 12:18:50,952 INFO  logging.LoggingHandler (AbstractInternalLogger.java:log(150)) - [id: 0xea9be81b, L:/0.0.0.0:43111] READ: [id: 0xe68be11a, L:/192.168.34.44:43111 - R:/192.168.34.44:46294]
2019-09-24 12:18:50,952 INFO  logging.LoggingHandler (AbstractInternalLogger.java:log(150)) - [id: 0xe55ad1b4, L:/0.0.0.0:41479] READ: [id: 0xf3540e0a, L:/192.168.34.44:41479 - R:/192.168.34.44:42440]
2019-09-24 12:18:50,953 INFO  logging.LoggingHandler (AbstractInternalLogger.java:log(150)) - [id: 0xea9be81b, L:/0.0.0.0:43111] READ COMPLETE
2019-09-24 12:18:50,952 INFO  logging.LoggingHandler (AbstractInternalLogger.java:log(150)) - [id: 0xc5c5d3e6, L:/0.0.0.0:42383] READ COMPLETE
2019-09-24 12:18:50,953 INFO  logging.LoggingHandler (AbstractInternalLogger.java:log(150)) - [id: 0xea9be81b, L:/0.0.0.0:43111] READ: [id: 0xfcb469c1, L:/192.168.34.44:43111 - R:/192.168.34.44:46296]
2019-09-24 12:18:50,953 INFO  logging.LoggingHandler (AbstractInternalLogger.java:log(150)) - [id: 0xe55ad1b4, L:/0.0.0.0:41479] READ COMPLETE
2019-09-24 12:18:50,953 INFO  logging.LoggingHandler (AbstractInternalLogger.java:log(150)) - [id: 0xea9be81b, L:/0.0.0.0:43111] READ COMPLETE
2019-09-24 12:18:50,953 INFO  logging.LoggingHandler (AbstractInternalLogger.java:log(150)) - [id: 0xc5c5d3e6, L:/0.0.0.0:42383] READ: [id: 0x86a45051, L:/192.168.34.44:42383 - R:/192.168.34.44:33698]
2019-09-24 12:18:50,953 INFO  logging.LoggingHandler (AbstractInternalLogger.java:log(150)) - [id: 0xea9be81b, L:/0.0.0.0:43111] READ: [id: 0x9e627e62, L:/192.168.34.44:43111 - R:/192.168.34.44:46300]
2019-09-24 12:18:50,953 INFO  logging.LoggingHandler (AbstractInternalLogger.java:log(150)) - [id: 0xc5c5d3e6, L:/0.0.0.0:42383] READ COMPLETE
2019-09-24 12:18:50,954 INFO  logging.LoggingHandler (AbstractInternalLogger.java:log(150)) - [id: 0xea9be81b, L:/0.0.0.0:43111] READ COMPLETE
2019-09-24 12:18:50,954 INFO  logging.LoggingHandler (AbstractInternalLogger.java:log(150)) - [id: 0xc5c5d3e6, L:/0.0.0.0:42383] READ: [id: 0x3b5b3b1e, L:/192.168.34.44:42383 - R:/192.168.34.44:33714]
2019-09-24 12:18:50,954 INFO  logging.LoggingHandler (AbstractInternalLogger.java:log(150)) - [id: 0xe55ad1b4, L:/0.0.0.0:41479] READ: [id: 0x65695fd3, L:/192.168.34.44:41479 - R:/192.168.34.44:42454]
2019-09-24 12:18:50,954 INFO  logging.LoggingHandler (AbstractInternalLogger.java:log(150)) - [id: 0xc5c5d3e6, L:/0.0.0.0:42383] READ COMPLETE
2019-09-24 12:18:50,954 INFO  logging.LoggingHandler (AbstractInternalLogger.java:log(150)) - [id: 0xe55ad1b4, L:/0.0.0.0:41479] READ COMPLETE
2019-09-24 12:18:50,954 INFO  logging.LoggingHandler (AbstractInternalLogger.java:log(150)) - [id: 0xc5c5d3e6, L:/0.0.0.0:42383] READ: [id: 0xf2f74994, L:/192.168.34.44:42383 - R:/192.168.34.44:33716]
2019-09-24 12:18:50,954 INFO  logging.LoggingHandler (AbstractInternalLogger.java:log(150)) - [id: 0xea9be81b, L:/0.0.0.0:43111] READ: [id: 0xbd387ca6, L:/192.168.34.44:43111 - R:/192.168.34.44:46308]
2019-09-24 12:18:50,955 INFO  logging.LoggingHandler (AbstractInternalLogger.java:log(150)) - [id: 0xc5c5d3e6, L:/0.0.0.0:42383] READ COMPLETE
2019-09-24 12:18:50,954 INFO  logging.LoggingHandler (AbstractInternalLogger.java:log(150)) - [id: 0xe55ad1b4, L:/0.0.0.0:41479] READ: [id: 0x11604af6, L:/192.168.34.44:41479 - R:/192.168.34.44:42458]
2019-09-24 12:18:50,955 INFO  logging.LoggingHandler (AbstractInternalLogger.java:log(150)) - [id: 0xc5c5d3e6, L:/0.0.0.0:42383] READ: [id: 0xb3db961a, L:/192.168.34.44:42383 - R:/192.168.34.44:33722]
2019-09-24 12:18:50,955 INFO  logging.LoggingHandler (AbstractInternalLogger.java:log(150)) - [id: 0xea9be81b, L:/0.0.0.0:43111] READ COMPLETE
2019-09-24 12:18:50,955 INFO  logging.LoggingHandler (AbstractInternalLogger.java:log(150)) - [id: 0xc5c5d3e6, L:/0.0.0.0:42383] READ COMPLETE
2019-09-24 12:18:50,955 INFO  logging.LoggingHandler (AbstractInternalLogger.java:log(150)) - [id: 0xe55ad1b4, L:/0.0.0.0:41479] READ COMPLETE
2019-09-24 12:18:50,955 INFO  logging.LoggingHandler (AbstractInternalLogger.java:log(150)) - [id: 0xc5c5d3e6, L:/0.0.0.0:42383] READ: [id: 0xaf1d9103, L:/192.168.34.44:42383 - R:/192.168.34.44:33732]
2019-09-24 12:18:50,955 INFO  logging.LoggingHandler (AbstractInternalLogger.java:log(150)) - [id: 0xea9be81b, L:/0.0.0.0:43111] READ: [id: 0x44d4eb6c, L:/192.168.34.44:43111 - R:/192.168.34.44:46312]
2019-09-24 12:18:50,956 INFO  logging.LoggingHandler (AbstractInternalLogger.java:log(150)) - [id: 0xc5c5d3e6, L:/0.0.0.0:42383] READ COMPLETE
2019-09-24 12:18:50,956 INFO  logging.LoggingHandler (AbstractInternalLogger.java:log(150)) - [id: 0xe55ad1b4, L:/0.0.0.0:41479] READ: [id: 0x75659bbd, L:/192.168.34.44:41479 - R:/192.168.34.44:42462]
2019-09-24 12:18:50,956 INFO  logging.LoggingHandler (AbstractInternalLogger.java:log(150)) - [id: 0xc5c5d3e6, L:/0.0.0.0:42383] READ: [id: 0xe677d707, L:/192.168.34.44:42383 - R:/192.168.34.44:33736]
2019-09-24 12:18:50,956 INFO  logging.LoggingHandler (AbstractInternalLogger.java:log(150)) - [id: 0xea9be81b, L:/0.0.0.0:43111] READ COMPLETE
2019-09-24 12:18:50,956 INFO  logging.LoggingHandler (AbstractInternalLogger.java:log(150)) - [id: 0xc5c5d3e6, L:/0.0.0.0:42383] READ COMPLETE
2019-09-24 12:18:50,956 INFO  logging.LoggingHandler (AbstractInternalLogger.java:log(150)) - [id: 0xea9be81b, L:/0.0.0.0:43111] READ: [id: 0x9b7218b4, L:/192.168.34.44:43111 - R:/192.168.34.44:46318]
2019-09-24 12:18:50,956 INFO  logging.LoggingHandler (AbstractInternalLogger.java:log(150)) - [id: 0xe55ad1b4, L:/0.0.0.0:41479] READ COMPLETE
2019-09-24 12:18:50,957 INFO  logging.LoggingHandler (AbstractInternalLogger.java:log(150)) - [id: 0xea9be81b, L:/0.0.0.0:43111] READ COMPLETE
2019-09-24 12:18:50,957 INFO  logging.LoggingHandler (AbstractInternalLogger.java:log(150)) - [id: 0xc5c5d3e6, L:/0.0.0.0:42383] READ: [id: 0xed4d1ffc, L:/192.168.34.44:42383 - R:/192.168.34.44:33738]
2019-09-24 12:18:50,957 INFO  logging.LoggingHandler (AbstractInternalLogger.java:log(150)) - [id: 0xea9be81b, L:/0.0.0.0:43111] READ: [id: 0x274de66f, L:/192.168.34.44:43111 - R:/192.168.34.44:46320]
2019-09-24 12:18:50,957 INFO  logging.LoggingHandler (AbstractInternalLogger.java:log(150)) - [id: 0xe55ad1b4, L:/0.0.0.0:41479] READ: [id: 0x1adba94f, L:/192.168.34.44:41479 - R:/192.168.34.44:42470]
2019-09-24 12:18:50,957 INFO  logging.LoggingHandler (AbstractInternalLogger.java:log(150)) - [id: 0xea9be81b, L:/0.0.0.0:43111] READ COMPLETE
2019-09-24 12:18:50,957 INFO  logging.LoggingHandler (AbstractInternalLogger.java:log(150)) - [id: 0xc5c5d3e6, L:/0.0.0.0:42383] READ COMPLETE
2019-09-24 12:18:50,957 INFO  logging.LoggingHandler (AbstractInternalLogger.java:log(150)) - [id: 0xea9be81b, L:/0.0.0.0:43111] READ: [id: 0x0c7f46c2, L:/192.168.34.44:43111 - R:/192.168.34.44:46326]
2019-09-24 12:18:50,957 INFO  logging.LoggingHandler (AbstractInternalLogger.java:log(150)) - [id: 0xe55ad1b4, L:/0.0.0.0:41479] READ COMPLETE
2019-09-24 12:18:50,958 INFO  logging.LoggingHandler (AbstractInternalLogger.java:log(150)) - [id: 0xea9be81b, L:/0.0.0.0:43111] READ COMPLETE
2019-09-24 12:18:50,958 INFO  logging.LoggingHandler (AbstractInternalLogger.java:log(150)) - [id: 0xc5c5d3e6, L:/0.0.0.0:42383] READ: [id: 0x45d9665f, L:/192.168.34.44:42383 - R:/192.168.34.44:33750]
2019-09-24 12:18:50,958 INFO  logging.LoggingHandler (AbstractInternalLogger.java:log(150)) - [id: 0xc5c5d3e6, L:/0.0.0.0:42383] READ COMPLETE
2019-09-24 12:18:50,958 INFO  logging.LoggingHandler (AbstractInternalLogger.java:log(150)) - [id: 0xea9be81b, L:/0.0.0.0:43111] READ: [id: 0x624de3fe, L:/192.168.34.44:43111 - R:/192.168.34.44:46332]
2019-09-24 12:18:50,958 INFO  logging.LoggingHandler (AbstractInternalLogger.java:log(150)) - [id: 0xc5c5d3e6, L:/0.0.0.0:42383] READ: [id: 0x43d43a78, L:/192.168.34.44:42383 - R:/192.168.34.44:33758]
2019-09-24 12:18:50,958 INFO  logging.LoggingHandler (AbstractInternalLogger.java:log(150)) - [id: 0xe55ad1b4, L:/0.0.0.0:41479] READ: [id: 0xcaf0e1ec, L:/192.168.34.44:41479 - R:/192.168.34.44:42482]
2019-09-24 12:18:50,959 INFO  logging.LoggingHandler (AbstractInternalLogger.java:log(150)) - [id: 0xe55ad1b4, L:/0.0.0.0:41479] READ COMPLETE
2019-09-24 12:18:50,958 INFO  logging.LoggingHandler (AbstractInternalLogger.java:log(150)) - [id: 0xea9be81b, L:/0.0.0.0:43111] READ COMPLETE
2019-09-24 12:18:50,958 INFO  logging.LoggingHandler (AbstractInternalLogger.java:log(150)) - [id: 0xc5c5d3e6, L:/0.0.0.0:42383] READ COMPLETE
2019-09-24 12:18:50,959 INFO  logging.LoggingHandler (AbstractInternalLogger.java:log(150)) - [id: 0xea9be81b, L:/0.0.0.0:43111] READ: [id: 0x4ef1adf0, L:/192.168.34.44:43111 - R:/192.168.34.44:46336]
2019-09-24 12:18:50,959 INFO  logging.LoggingHandler (AbstractInternalLogger.java:log(150)) - [id: 0xea9be81b, L:/0.0.0.0:43111] READ COMPLETE
2019-09-24 12:18:50,959 INFO  logging.LoggingHandler (AbstractInternalLogger.java:log(150)) - [id: 0xc5c5d3e6, L:/0.0.0.0:42383] READ: [id: 0xc37154ee, L:/192.168.34.44:42383 - R:/192.168.34.44:33762]
2019-09-24 12:18:50,959 INFO  logging.LoggingHandler (AbstractInternalLogger.java:log(150)) - [id: 0xea9be81b, L:/0.0.0.0:43111] READ: [id: 0xa37112a4, L:/192.168.34.44:43111 - R:/192.168.34.44:46340]
2019-09-24 12:18:50,959 INFO  logging.LoggingHandler (AbstractInternalLogger.java:log(150)) - [id: 0xc5c5d3e6, L:/0.0.0.0:42383] READ COMPLETE
2019-09-24 12:18:50,959 INFO  logging.LoggingHandler (AbstractInternalLogger.java:log(150)) - [id: 0xea9be81b, L:/0.0.0.0:43111] READ COMPLETE
2019-09-24 12:18:50,960 INFO  logging.LoggingHandler (AbstractInternalLogger.java:log(150)) - [id: 0xc5c5d3e6, L:/0.0.0.0:42383] READ: [id: 0x653baa9d, L:/192.168.34.44:42383 - R:/192.168.34.44:33764]
2019-09-24 12:18:50,960 INFO  logging.LoggingHandler (AbstractInternalLogger.java:log(150)) - [id: 0xc5c5d3e6, L:/0.0.0.0:42383] READ COMPLETE
2019-09-24 12:18:50,960 INFO  logging.LoggingHandler (AbstractInternalLogger.java:log(150)) - [id: 0xe55ad1b4, L:/0.0.0.0:41479] READ: [id: 0x5988a451, L:/192.168.34.44:41479 - R:/192.168.34.44:42490]
2019-09-24 12:18:50,960 INFO  logging.LoggingHandler (AbstractInternalLogger.java:log(150)) - [id: 0xc5c5d3e6, L:/0.0.0.0:42383] READ: [id: 0xb5e134bf, L:/192.168.34.44:42383 - R:/192.168.34.44:33772]
2019-09-24 12:18:50,960 INFO  logging.LoggingHandler (AbstractInternalLogger.java:log(150)) - [id: 0xe55ad1b4, L:/0.0.0.0:41479] READ COMPLETE
2019-09-24 12:18:50,960 INFO  logging.LoggingHandler (AbstractInternalLogger.java:log(150)) - [id: 0xc5c5d3e6, L:/0.0.0.0:42383] READ COMPLETE
2019-09-24 12:18:50,960 INFO  logging.LoggingHandler (AbstractInternalLogger.java:log(150)) - [id: 0xe55ad1b4, L:/0.0.0.0:41479] READ: [id: 0x285a3f3e, L:/192.168.34.44:41479 - R:/192.168.34.44:42492]
2019-09-24 12:18:50,961 INFO  logging.LoggingHandler (AbstractInternalLogger.java:log(150)) - [id: 0xe55ad1b4, L:/0.0.0.0:41479] READ COMPLETE
2019-09-24 12:18:50,961 INFO  logging.LoggingHandler (AbstractInternalLogger.java:log(150)) - [id: 0xea9be81b, L:/0.0.0.0:43111] READ: [id: 0x292e28e4, L:/192.168.34.44:43111 - R:/192.168.34.44:46348]
2019-09-24 12:18:50,961 INFO  logging.LoggingHandler (AbstractInternalLogger.java:log(150)) - [id: 0xe55ad1b4, L:/0.0.0.0:41479] READ: [id: 0xc0040f6f, L:/192.168.34.44:41479 - R:/192.168.34.44:42494]
2019-09-24 12:18:50,961 INFO  logging.LoggingHandler (AbstractInternalLogger.java:log(150)) - [id: 0xea9be81b, L:/0.0.0.0:43111] READ COMPLETE
2019-09-24 12:18:50,961 INFO  logging.LoggingHandler (AbstractInternalLogger.java:log(150)) - [id: 0xe55ad1b4, L:/0.0.0.0:41479] READ COMPLETE
2019-09-24 12:18:50,961 INFO  logging.LoggingHandler (AbstractInternalLogger.java:log(150)) - [id: 0xea9be81b, L:/0.0.0.0:43111] READ: [id: 0xf75689c1, L:/192.168.34.44:43111 - R:/192.168.34.44:46350]
2019-09-24 12:18:50,961 INFO  logging.LoggingHandler (AbstractInternalLogger.java:log(150)) - [id: 0xc5c5d3e6, L:/0.0.0.0:42383] READ: [id: 0x06eb0519, L:/192.168.34.44:42383 - R:/192.168.34.44:33788]
2019-09-24 12:18:50,961 INFO  logging.LoggingHandler (AbstractInternalLogger.java:log(150)) - [id: 0xea9be81b, L:/0.0.0.0:43111] READ COMPLETE
2019-09-24 12:18:50,962 INFO  logging.LoggingHandler (AbstractInternalLogger.java:log(150)) - [id: 0xc5c5d3e6, L:/0.0.0.0:42383] READ COMPLETE
2019-09-24 12:18:50,962 INFO  logging.LoggingHandler (AbstractInternalLogger.java:log(150)) - [id: 0xea9be81b, L:/0.0.0.0:43111] READ: [id: 0xc68b1db8, L:/192.168.34.44:43111 - R:/192.168.34.44:46352]
2019-09-24 12:18:50,962 INFO  logging.LoggingHandler (AbstractInternalLogger.java:log(150)) - [id: 0xc5c5d3e6, L:/0.0.0.0:42383] READ: [id: 0x355318e8, L:/192.168.34.44:42383 - R:/192.168.34.44:33790]
2019-09-24 12:18:50,962 INFO  logging.LoggingHandler (AbstractInternalLogger.java:log(150)) - [id: 0xea9be81b, L:/0.0.0.0:43111] READ COMPLETE
2019-09-24 12:18:50,962 INFO  logging.LoggingHandler (AbstractInternalLogger.java:log(150)) - [id: 0xc5c5d3e6, L:/0.0.0.0:42383] READ COMPLETE
2019-09-24 12:18:50,962 INFO  logging.LoggingHandler (AbstractInternalLogger.java:log(150)) - [id: 0xe55ad1b4, L:/0.0.0.0:41479] READ: [id: 0xb881629e, L:/192.168.34.44:41479 - R:/192.168.34.44:42508]
2019-09-24 12:18:50,962 INFO  logging.LoggingHandler (AbstractInternalLogger.java:log(150)) - [id: 0xc5c5d3e6, L:/0.0.0.0:42383] READ: [id: 0xdcfef84d, L:/192.168.34.44:42383 - R:/192.168.34.44:33792]
2019-09-24 12:18:50,962 INFO  logging.LoggingHandler (AbstractInternalLogger.java:log(150)) - [id: 0xe55ad1b4, L:/0.0.0.0:41479] READ COMPLETE
2019-09-24 12:18:50,963 INFO  logging.LoggingHandler (AbstractInternalLogger.java:log(150)) - [id: 0xc5c5d3e6, L:/0.0.0.0:42383] READ COMPLETE
2019-09-24 12:18:50,963 INFO  logging.LoggingHandler (AbstractInternalLogger.java:log(150)) - [id: 0xe55ad1b4, L:/0.0.0.0:41479] READ: [id: 0x20d06fa3, L:/192.168.34.44:41479 - R:/192.168.34.44:42512]
2019-09-24 12:18:50,963 INFO  logging.LoggingHandler (AbstractInternalLogger.java:log(150)) - [id: 0xc5c5d3e6, L:/0.0.0.0:42383] READ: [id: 0x6c916189, L:/192.168.34.44:42383 - R:/192.168.34.44:33796]
2019-09-24 12:18:50,963 INFO  logging.LoggingHandler (AbstractInternalLogger.java:log(150)) - [id: 0xe55ad1b4, L:/0.0.0.0:41479] READ COMPLETE
2019-09-24 12:18:50,963 INFO  logging.LoggingHandler (AbstractInternalLogger.java:log(150)) - [id: 0xc5c5d3e6, L:/0.0.0.0:42383] READ COMPLETE
2019-09-24 12:18:50,963 INFO  logging.LoggingHandler (AbstractInternalLogger.java:log(150)) - [id: 0xea9be81b, L:/0.0.0.0:43111] READ: [id: 0xb8639cc0, L:/192.168.34.44:43111 - R:/192.168.34.44:46366]
2019-09-24 12:18:50,964 INFO  logging.LoggingHandler (AbstractInternalLogger.java:log(150)) - [id: 0xea9be81b, L:/0.0.0.0:43111] READ COMPLETE
2019-09-24 12:18:50,964 INFO  logging.LoggingHandler (AbstractInternalLogger.java:log(150)) - [id: 0xea9be81b, L:/0.0.0.0:43111] READ: [id: 0x16793e52, L:/192.168.34.44:43111 - R:/192.168.34.44:46368]
2019-09-24 12:18:50,964 INFO  impl.LeaderElection (LeaderElection.java:logAndReturn(56)) - s1@group-A93A4FA934D4-LeaderElection7: Election PASSED; received 1 response(s) [s1<-s2#0:OK-t5] and 0 exception(s); s1@group-A93A4FA934D4:t5, leader=null, voted=s1, raftlog=s1@group-A93A4FA934D4-SegmentedRaftLog:OPENED:c25995,f26001,i26001, conf=0: [s0:0.0.0.0:41479, s1:0.0.0.0:42383, s2:0.0.0.0:43111], old=null
2019-09-24 12:18:50,964 INFO  logging.LoggingHandler (AbstractInternalLogger.java:log(150)) - [id: 0xea9be81b, L:/0.0.0.0:43111] READ COMPLETE
2019-09-24 12:18:50,964 INFO  impl.RoleInfo (RoleInfo.java:shutdownLeaderElection(134)) - s1: shutdown LeaderElection
2019-09-24 12:18:50,967 INFO  logging.LoggingHandler (AbstractInternalLogger.java:log(150)) - [id: 0xe55ad1b4, L:/0.0.0.0:41479] READ: [id: 0x987efa6a, L:/192.168.34.44:41479 - R:/192.168.34.44:42520]
2019-09-24 12:18:50,967 INFO  logging.LoggingHandler (AbstractInternalLogger.java:log(150)) - [id: 0xc5c5d3e6, L:/0.0.0.0:42383] READ: [id: 0xd754f4d9, L:/192.168.34.44:42383 - R:/192.168.34.44:33808]
2019-09-24 12:18:50,967 INFO  logging.LoggingHandler (AbstractInternalLogger.java:log(150)) - [id: 0xea9be81b, L:/0.0.0.0:43111] READ: [id: 0x00173665, L:/192.168.34.44:43111 - R:/192.168.34.44:46370]
2019-09-24 12:18:50,967 INFO  impl.RaftServerImpl (RaftServerImpl.java:setRole(170)) - s1@group-A93A4FA934D4: changes role from CANDIDATE to LEADER at term 5 for changeToLeader
2019-09-24 12:18:50,968 INFO  logging.LoggingHandler (AbstractInternalLogger.java:log(150)) - [id: 0xea9be81b, L:/0.0.0.0:43111] READ COMPLETE
2019-09-24 12:18:50,967 INFO  logging.LoggingHandler (AbstractInternalLogger.java:log(150)) - [id: 0xc5c5d3e6, L:/0.0.0.0:42383] READ COMPLETE
2019-09-24 12:18:50,967 INFO  logging.LoggingHandler (AbstractInternalLogger.java:log(150)) - [id: 0xe55ad1b4, L:/0.0.0.0:41479] READ COMPLETE
2019-09-24 12:18:50,968 INFO  logging.LoggingHandler (AbstractInternalLogger.java:log(150)) - [id: 0xc5c5d3e6, L:/0.0.0.0:42383] READ: [id: 0x19e2082e, L:/192.168.34.44:42383 - R:/192.168.34.44:33818]
2019-09-24 12:18:50,968 INFO  logging.LoggingHandler (AbstractInternalLogger.java:log(150)) - [id: 0xea9be81b, L:/0.0.0.0:43111] READ: [id: 0x86157496, L:/192.168.34.44:43111 - R:/192.168.34.44:46378]
2019-09-24 12:18:50,968 INFO  impl.RaftServerImpl (ServerState.java:setLeader(254)) - s1@group-A93A4FA934D4: change Leader from null to s1 at term 5 for becomeLeader, leader elected after 276ms
2019-09-24 12:18:50,969 INFO  logging.LoggingHandler (AbstractInternalLogger.java:log(150)) - [id: 0xea9be81b, L:/0.0.0.0:43111] READ COMPLETE
2019-09-24 12:18:50,969 INFO  logging.LoggingHandler (AbstractInternalLogger.java:log(150)) - [id: 0xc5c5d3e6, L:/0.0.0.0:42383] READ COMPLETE
2019-09-24 12:18:50,968 INFO  logging.LoggingHandler (AbstractInternalLogger.java:log(150)) - [id: 0xe55ad1b4, L:/0.0.0.0:41479] READ: [id: 0x42f486c2, L:/192.168.34.44:41479 - R:/192.168.34.44:42524]
2019-09-24 12:18:50,969 INFO  logging.LoggingHandler (AbstractInternalLogger.java:log(150)) - [id: 0xc5c5d3e6, L:/0.0.0.0:42383] READ: [id: 0x1a2c72af, L:/192.168.34.44:42383 - R:/192.168.34.44:33822]
2019-09-24 12:18:50,969 INFO  logging.LoggingHandler (AbstractInternalLogger.java:log(150)) - [id: 0xea9be81b, L:/0.0.0.0:43111] READ: [id: 0x97b75412, L:/192.168.34.44:43111 - R:/192.168.34.44:46382]
2019-09-24 12:18:50,969 INFO  server.RaftServerConfigKeys (ConfUtils.java:logGet(43)) - raft.server.staging.catchup.gap = 1000 (default)
2019-09-24 12:18:50,969 INFO  logging.LoggingHandler (AbstractInternalLogger.java:log(150)) - [id: 0xea9be81b, L:/0.0.0.0:43111] READ COMPLETE
2019-09-24 12:18:50,969 INFO  logging.LoggingHandler (AbstractInternalLogger.java:log(150)) - [id: 0xc5c5d3e6, L:/0.0.0.0:42383] READ COMPLETE
2019-09-24 12:18:50,969 INFO  logging.LoggingHandler (AbstractInternalLogger.java:log(150)) - [id: 0xe55ad1b4, L:/0.0.0.0:41479] READ COMPLETE
2019-09-24 12:18:50,970 INFO  logging.LoggingHandler (AbstractInternalLogger.java:log(150)) - [id: 0xc5c5d3e6, L:/0.0.0.0:42383] READ: [id: 0x01353179, L:/192.168.34.44:42383 - R:/192.168.34.44:33826]
2019-09-24 12:18:50,970 INFO  logging.LoggingHandler (AbstractInternalLogger.java:log(150)) - [id: 0xea9be81b, L:/0.0.0.0:43111] READ: [id: 0xf5d85c8e, L:/192.168.34.44:43111 - R:/192.168.34.44:46396]
2019-09-24 12:18:50,970 INFO  server.RaftServerConfigKeys (ConfUtils.java:logGet(43)) - raft.server.rpc.sleep.time = 25ms (default)
2019-09-24 12:18:50,970 INFO  logging.LoggingHandler (AbstractInternalLogger.java:log(150)) - [id: 0xea9be81b, L:/0.0.0.0:43111] READ COMPLETE
2019-09-24 12:18:50,971 INFO  server.RaftServerConfigKeys (ConfUtils.java:logGet(43)) - raft.server.write.element-limit = 4096 (default)
2019-09-24 12:18:50,970 INFO  logging.LoggingHandler (AbstractInternalLogger.java:log(150)) - [id: 0xc5c5d3e6, L:/0.0.0.0:42383] READ COMPLETE
2019-09-24 12:18:50,970 INFO  logging.LoggingHandler (AbstractInternalLogger.java:log(150)) - [id: 0xe55ad1b4, L:/0.0.0.0:41479] READ: [id: 0x49a95d72, L:/192.168.34.44:41479 - R:/192.168.34.44:42528]
2019-09-24 12:18:50,971 INFO  logging.LoggingHandler (AbstractInternalLogger.java:log(150)) - [id: 0xc5c5d3e6, L:/0.0.0.0:42383] READ: [id: 0x6f0dd208, L:/192.168.34.44:42383 - R:/192.168.34.44:33828]
2019-09-24 12:18:50,971 INFO  server.RaftServerConfigKeys (ConfUtils.java:logGet(43)) - raft.server.watch.timeout = 10s (default)
2019-09-24 12:18:50,971 INFO  logging.LoggingHandler (AbstractInternalLogger.java:log(150)) - [id: 0xea9be81b, L:/0.0.0.0:43111] READ: [id: 0x4c6a13c6, L:/192.168.34.44:43111 - R:/192.168.34.44:46418]
2019-09-24 12:18:50,971 INFO  server.RaftServerConfigKeys (ConfUtils.java:logGet(43)) - raft.server.watch.timeout.denomination = 1s (default)
2019-09-24 12:18:50,971 INFO  logging.LoggingHandler (AbstractInternalLogger.java:log(150)) - [id: 0xc5c5d3e6, L:/0.0.0.0:42383] READ COMPLETE
2019-09-24 12:18:50,971 INFO  logging.LoggingHandler (AbstractInternalLogger.java:log(150)) - [id: 0xe55ad1b4, L:/0.0.0.0:41479] READ COMPLETE
2019-09-24 12:18:50,972 INFO  logging.LoggingHandler (AbstractInternalLogger.java:log(150)) - [id: 0xc5c5d3e6, L:/0.0.0.0:42383] READ: [id: 0x82dcb3fc, L:/192.168.34.44:42383 - R:/192.168.34.44:33834]
2019-09-24 12:18:50,972 INFO  server.RaftServerConfigKeys (ConfUtils.java:logGet(43)) - raft.server.watch.element-limit = 65536 (default)
2019-09-24 12:18:50,971 INFO  logging.LoggingHandler (AbstractInternalLogger.java:log(150)) - [id: 0xea9be81b, L:/0.0.0.0:43111] READ COMPLETE
2019-09-24 12:18:50,972 INFO  logging.LoggingHandler (AbstractInternalLogger.java:log(150)) - [id: 0xc5c5d3e6, L:/0.0.0.0:42383] READ COMPLETE
2019-09-24 12:18:50,972 INFO  logging.LoggingHandler (AbstractInternalLogger.java:log(150)) - [id: 0xe55ad1b4, L:/0.0.0.0:41479] READ: [id: 0xad6435ee, L:/192.168.34.44:41479 - R:/192.168.34.44:42534]
2019-09-24 12:18:50,972 INFO  logging.LoggingHandler (AbstractInternalLogger.java:log(150)) - [id: 0xc5c5d3e6, L:/0.0.0.0:42383] READ: [id: 0x64afd194, L:/192.168.34.44:42383 - R:/192.168.34.44:33836]
2019-09-24 12:18:50,972 INFO  logging.LoggingHandler (AbstractInternalLogger.java:log(150)) - [id: 0xe55ad1b4, L:/0.0.0.0:41479] READ COMPLETE
2019-09-24 12:18:50,973 INFO  logging.LoggingHandler (AbstractInternalLogger.java:log(150)) - [id: 0xc5c5d3e6, L:/0.0.0.0:42383] READ COMPLETE
2019-09-24 12:18:50,973 INFO  logging.LoggingHandler (AbstractInternalLogger.java:log(150)) - [id: 0xe55ad1b4, L:/0.0.0.0:41479] READ: [id: 0xe0f572e4, L:/192.168.34.44:41479 - R:/192.168.34.44:42538]
2019-09-24 12:18:50,973 INFO  logging.LoggingHandler (AbstractInternalLogger.java:log(150)) - [id: 0xc5c5d3e6, L:/0.0.0.0:42383] READ: [id: 0xde812313, L:/192.168.34.44:42383 - R:/192.168.34.44:33840]
2019-09-24 12:18:50,973 INFO  logging.LoggingHandler (AbstractInternalLogger.java:log(150)) - [id: 0xe55ad1b4, L:/0.0.0.0:41479] READ COMPLETE
2019-09-24 12:18:50,973 INFO  logging.LoggingHandler (AbstractInternalLogger.java:log(150)) - [id: 0xc5c5d3e6, L:/0.0.0.0:42383] READ COMPLETE
2019-09-24 12:18:50,973 INFO  logging.LoggingHandler (AbstractInternalLogger.java:log(150)) - [id: 0xe55ad1b4, L:/0.0.0.0:41479] READ: [id: 0x4ccaf3b5, L:/192.168.34.44:41479 - R:/192.168.34.44:42546]
2019-09-24 12:18:50,973 INFO  logging.LoggingHandler (AbstractInternalLogger.java:log(150)) - [id: 0xc5c5d3e6, L:/0.0.0.0:42383] READ: [id: 0xca3bce6a, L:/192.168.34.44:42383 - R:/192.168.34.44:33844]
2019-09-24 12:18:50,974 INFO  logging.LoggingHandler (AbstractInternalLogger.java:log(150)) - [id: 0xe55ad1b4, L:/0.0.0.0:41479] READ COMPLETE
2019-09-24 12:18:50,974 INFO  logging.LoggingHandler (AbstractInternalLogger.java:log(150)) - [id: 0xea9be81b, L:/0.0.0.0:43111] READ: [id: 0xcd1800b5, L:/192.168.34.44:43111 - R:/192.168.34.44:46428]
2019-09-24 12:18:50,974 INFO  logging.LoggingHandler (AbstractInternalLogger.java:log(150)) - [id: 0xe55ad1b4, L:/0.0.0.0:41479] READ: [id: 0x600e7641, L:/192.168.34.44:41479 - R:/192.168.34.44:42552]
2019-09-24 12:18:50,974 INFO  logging.LoggingHandler (AbstractInternalLogger.java:log(150)) - [id: 0xe55ad1b4, L:/0.0.0.0:41479] READ COMPLETE
2019-09-24 12:18:50,974 INFO  logging.LoggingHandler (AbstractInternalLogger.java:log(150)) - [id: 0xc5c5d3e6, L:/0.0.0.0:42383] READ COMPLETE
2019-09-24 12:18:50,974 INFO  logging.LoggingHandler (AbstractInternalLogger.java:log(150)) - [id: 0xe55ad1b4, L:/0.0.0.0:41479] READ: [id: 0x4bf4c390, L:/192.168.34.44:41479 - R:/192.168.34.44:42556]
2019-09-24 12:18:50,974 INFO  logging.LoggingHandler (AbstractInternalLogger.java:log(150)) - [id: 0xea9be81b, L:/0.0.0.0:43111] READ COMPLETE
2019-09-24 12:18:50,975 INFO  logging.LoggingHandler (AbstractInternalLogger.java:log(150)) - [id: 0xe55ad1b4, L:/0.0.0.0:41479] READ COMPLETE
2019-09-24 12:18:50,975 INFO  logging.LoggingHandler (AbstractInternalLogger.java:log(150)) - [id: 0xc5c5d3e6, L:/0.0.0.0:42383] READ: [id: 0xe5f60674, L:/192.168.34.44:42383 - R:/192.168.34.44:33846]
2019-09-24 12:18:50,975 INFO  logging.LoggingHandler (AbstractInternalLogger.java:log(150)) - [id: 0xe55ad1b4, L:/0.0.0.0:41479] READ: [id: 0x50031d15, L:/192.168.34.44:41479 - R:/192.168.34.44:42562]
2019-09-24 12:18:50,975 INFO  logging.LoggingHandler (AbstractInternalLogger.java:log(150)) - [id: 0xc5c5d3e6, L:/0.0.0.0:42383] READ COMPLETE
2019-09-24 12:18:50,975 INFO  logging.LoggingHandler (AbstractInternalLogger.java:log(150)) - [id: 0xea9be81b, L:/0.0.0.0:43111] READ: [id: 0x8a079ac6, L:/192.168.34.44:43111 - R:/192.168.34.44:46436]
2019-09-24 12:18:50,976 INFO  logging.LoggingHandler (AbstractInternalLogger.java:log(150)) - [id: 0xc5c5d3e6, L:/0.0.0.0:42383] READ: [id: 0x94dedca4, L:/192.168.34.44:42383 - R:/192.168.34.44:33850]
2019-09-24 12:18:50,975 INFO  logging.LoggingHandler (AbstractInternalLogger.java:log(150)) - [id: 0xe55ad1b4, L:/0.0.0.0:41479] READ COMPLETE
2019-09-24 12:18:50,976 INFO  logging.LoggingHandler (AbstractInternalLogger.java:log(150)) - [id: 0xc5c5d3e6, L:/0.0.0.0:42383] READ COMPLETE
2019-09-24 12:18:50,976 INFO  logging.LoggingHandler (AbstractInternalLogger.java:log(150)) - [id: 0xea9be81b, L:/0.0.0.0:43111] READ COMPLETE
2019-09-24 12:18:50,976 INFO  logging.LoggingHandler (AbstractInternalLogger.java:log(150)) - [id: 0xc5c5d3e6, L:/0.0.0.0:42383] READ: [id: 0x88b2ab48, L:/192.168.34.44:42383 - R:/192.168.34.44:33858]
2019-09-24 12:18:50,976 INFO  logging.LoggingHandler (AbstractInternalLogger.java:log(150)) - [id: 0xc5c5d3e6, L:/0.0.0.0:42383] READ COMPLETE
2019-09-24 12:18:50,976 INFO  server.RaftServerConfigKeys (ConfUtils.java:logGet(43)) - raft.server.log.appender.snapshot.chunk.size.max = 16MB (=16777216) (default)
2019-09-24 12:18:50,976 INFO  logging.LoggingHandler (AbstractInternalLogger.java:log(150)) - [id: 0xe55ad1b4, L:/0.0.0.0:41479] READ: [id: 0x8a5cb5a2, L:/192.168.34.44:41479 - R:/192.168.34.44:42568]
2019-09-24 12:18:50,977 INFO  server.RaftServerConfigKeys (ConfUtils.java:logGet(43)) - raft.server.log.appender.buffer.byte-limit = 4MB (=4194304) (default)
2019-09-24 12:18:50,977 INFO  logging.LoggingHandler (AbstractInternalLogger.java:log(150)) - [id: 0xc5c5d3e6, L:/0.0.0.0:42383] READ: [id: 0x73af9ab9, L:/192.168.34.44:42383 - R:/192.168.34.44:33864]
2019-09-24 12:18:50,976 INFO  logging.LoggingHandler (AbstractInternalLogger.java:log(150)) - [id: 0xea9be81b, L:/0.0.0.0:43111] READ: [id: 0xcc47d085, L:/192.168.34.44:43111 - R:/192.168.34.44:46438]
2019-09-24 12:18:50,977 INFO  logging.LoggingHandler (AbstractInternalLogger.java:log(150)) - [id: 0xc5c5d3e6, L:/0.0.0.0:42383] READ COMPLETE
2019-09-24 12:18:50,977 INFO  server.RaftServerConfigKeys (ConfUtils.java:logGet(43)) - raft.server.log.appender.buffer.element-limit = 0 (default)
2019-09-24 12:18:50,977 INFO  logging.LoggingHandler (AbstractInternalLogger.java:log(150)) - [id: 0xe55ad1b4, L:/0.0.0.0:41479] READ COMPLETE
2019-09-24 12:18:50,978 INFO  logging.LoggingHandler (AbstractInternalLogger.java:log(150)) - [id: 0xc5c5d3e6, L:/0.0.0.0:42383] READ: [id: 0x2b736db8, L:/192.168.34.44:42383 - R:/192.168.34.44:33866]
2019-09-24 12:18:50,978 INFO  server.RaftServerConfigKeys (ConfUtils.java:logGet(43)) - raft.server.log.appender.snapshot.chunk.size.max = 16MB (=16777216) (default)
2019-09-24 12:18:50,977 INFO  logging.LoggingHandler (AbstractInternalLogger.java:log(150)) - [id: 0xea9be81b, L:/0.0.0.0:43111] READ COMPLETE
2019-09-24 12:18:50,978 INFO  server.RaftServerConfigKeys (ConfUtils.java:logGet(43)) - raft.server.log.appender.buffer.byte-limit = 4MB (=4194304) (default)
2019-09-24 12:18:50,978 INFO  logging.LoggingHandler (AbstractInternalLogger.java:log(150)) - [id: 0xc5c5d3e6, L:/0.0.0.0:42383] READ COMPLETE
2019-09-24 12:18:50,978 INFO  logging.LoggingHandler (AbstractInternalLogger.java:log(150)) - [id: 0xe55ad1b4, L:/0.0.0.0:41479] READ: [id: 0x2dcc875c, L:/192.168.34.44:41479 - R:/192.168.34.44:42570]
2019-09-24 12:18:50,979 INFO  logging.LoggingHandler (AbstractInternalLogger.java:log(150)) - [id: 0xc5c5d3e6, L:/0.0.0.0:42383] READ: [id: 0x8b17bfa1, L:/192.168.34.44:42383 - R:/192.168.34.44:33868]
2019-09-24 12:18:50,978 INFO  server.RaftServerConfigKeys (ConfUtils.java:logGet(43)) - raft.server.log.appender.buffer.element-limit = 0 (default)
2019-09-24 12:18:50,978 INFO  logging.LoggingHandler (AbstractInternalLogger.java:log(150)) - [id: 0xea9be81b, L:/0.0.0.0:43111] READ: [id: 0xc75142c5, L:/192.168.34.44:43111 - R:/192.168.34.44:46440]
2019-09-24 12:18:50,979 INFO  logging.LoggingHandler (AbstractInternalLogger.java:log(150)) - [id: 0xc5c5d3e6, L:/0.0.0.0:42383] READ COMPLETE
2019-09-24 12:18:50,979 INFO  logging.LoggingHandler (AbstractInternalLogger.java:log(150)) - [id: 0xe55ad1b4, L:/0.0.0.0:41479] READ COMPLETE
2019-09-24 12:18:50,979 INFO  logging.LoggingHandler (AbstractInternalLogger.java:log(150)) - [id: 0xc5c5d3e6, L:/0.0.0.0:42383] READ: [id: 0x1122967f, L:/192.168.34.44:42383 - R:/192.168.34.44:33876]
2019-09-24 12:18:50,979 INFO  impl.RoleInfo (RoleInfo.java:updateAndGet(143)) - s1: start LeaderState
2019-09-24 12:18:50,979 INFO  logging.LoggingHandler (AbstractInternalLogger.java:log(150)) - [id: 0xea9be81b, L:/0.0.0.0:43111] READ COMPLETE
2019-09-24 12:18:50,980 INFO  logging.LoggingHandler (AbstractInternalLogger.java:log(150)) - [id: 0xc5c5d3e6, L:/0.0.0.0:42383] READ COMPLETE
2019-09-24 12:18:50,980 INFO  logging.LoggingHandler (AbstractInternalLogger.java:log(150)) - [id: 0xe55ad1b4, L:/0.0.0.0:41479] READ: [id: 0xdb028b3e, L:/192.168.34.44:41479 - R:/192.168.34.44:42574]
2019-09-24 12:18:50,980 INFO  logging.LoggingHandler (AbstractInternalLogger.java:log(150)) - [id: 0xc5c5d3e6, L:/0.0.0.0:42383] READ: [id: 0x70794da0, L:/192.168.34.44:42383 - R:/192.168.34.44:33882]
2019-09-24 12:18:50,980 INFO  logging.LoggingHandler (AbstractInternalLogger.java:log(150)) - [id: 0xea9be81b, L:/0.0.0.0:43111] READ: [id: 0xe5119150, L:/192.168.34.44:43111 - R:/192.168.34.44:46444]
2019-09-24 12:18:50,981 INFO  logging.LoggingHandler (AbstractInternalLogger.java:log(150)) - [id: 0xc5c5d3e6, L:/0.0.0.0:42383] READ COMPLETE
2019-09-24 12:18:50,981 INFO  logging.LoggingHandler (AbstractInternalLogger.java:log(150)) - [id: 0xe55ad1b4, L:/0.0.0.0:41479] READ COMPLETE
2019-09-24 12:18:50,981 INFO  logging.LoggingHandler (AbstractInternalLogger.java:log(150)) - [id: 0xea9be81b, L:/0.0.0.0:43111] READ COMPLETE
2019-09-24 12:18:50,981 INFO  logging.LoggingHandler (AbstractInternalLogger.java:log(150)) - [id: 0xe55ad1b4, L:/0.0.0.0:41479] READ: [id: 0x1a86bb07, L:/192.168.34.44:41479 - R:/192.168.34.44:42594]
2019-09-24 12:18:50,981 INFO  logging.LoggingHandler (AbstractInternalLogger.java:log(150)) - [id: 0xe55ad1b4, L:/0.0.0.0:41479] READ COMPLETE
2019-09-24 12:18:50,981 INFO  logging.LoggingHandler (AbstractInternalLogger.java:log(150)) - [id: 0xea9be81b, L:/0.0.0.0:43111] READ: [id: 0x101b35a7, L:/192.168.34.44:43111 - R:/192.168.34.44:46452]
2019-09-24 12:18:50,982 INFO  logging.LoggingHandler (AbstractInternalLogger.java:log(150)) - [id: 0xe55ad1b4, L:/0.0.0.0:41479] READ: [id: 0x1228b7c5, L:/192.168.34.44:41479 - R:/192.168.34.44:42598]
2019-09-24 12:18:50,982 INFO  logging.LoggingHandler (AbstractInternalLogger.java:log(150)) - [id: 0xe55ad1b4, L:/0.0.0.0:41479] READ COMPLETE
2019-09-24 12:18:50,982 INFO  segmented.SegmentedRaftLogWorker (SegmentedRaftLogWorker.java:rollLogSegment(385)) - s1@group-A93A4FA934D4-SegmentedRaftLogWorker: Rolling segment log-0_26001 to index:26001
2019-09-24 12:18:50,982 INFO  logging.LoggingHandler (AbstractInternalLogger.java:log(150)) - [id: 0xc5c5d3e6, L:/0.0.0.0:42383] READ: [id: 0x92058d2d, L:/192.168.34.44:42383 - R:/192.168.34.44:33888]
2019-09-24 12:18:50,983 INFO  logging.LoggingHandler (AbstractInternalLogger.java:log(150)) - [id: 0xc5c5d3e6, L:/0.0.0.0:42383] READ COMPLETE
2019-09-24 12:18:50,982 INFO  logging.LoggingHandler (AbstractInternalLogger.java:log(150)) - [id: 0xea9be81b, L:/0.0.0.0:43111] READ COMPLETE
2019-09-24 12:18:50,983 INFO  logging.LoggingHandler (AbstractInternalLogger.java:log(150)) - [id: 0xe55ad1b4, L:/0.0.0.0:41479] READ: [id: 0x17d62bdc, L:/192.168.34.44:41479 - R:/192.168.34.44:42604]
2019-09-24 12:18:50,983 INFO  logging.LoggingHandler (AbstractInternalLogger.java:log(150)) - [id: 0xea9be81b, L:/0.0.0.0:43111] READ: [id: 0x4deb2118, L:/192.168.34.44:43111 - R:/192.168.34.44:46458]
2019-09-24 12:18:50,983 INFO  logging.LoggingHandler (AbstractInternalLogger.java:log(150)) - [id: 0xc5c5d3e6, L:/0.0.0.0:42383] READ: [id: 0x84cb8e3f, L:/192.168.34.44:42383 - R:/192.168.34.44:33894]
2019-09-24 12:18:50,983 INFO  logging.LoggingHandler (AbstractInternalLogger.java:log(150)) - [id: 0xea9be81b, L:/0.0.0.0:43111] READ COMPLETE
2019-09-24 12:18:50,983 INFO  logging.LoggingHandler (AbstractInternalLogger.java:log(150)) - [id: 0xe55ad1b4, L:/0.0.0.0:41479] READ COMPLETE
2019-09-24 12:18:50,983 INFO  logging.LoggingHandler (AbstractInternalLogger.java:log(150)) - [id: 0xc5c5d3e6, L:/0.0.0.0:42383] READ COMPLETE
2019-09-24 12:18:50,984 INFO  logging.LoggingHandler (AbstractInternalLogger.java:log(150)) - [id: 0xc5c5d3e6, L:/0.0.0.0:42383] READ: [id: 0xabf89eb0, L:/192.168.34.44:42383 - R:/192.168.34.44:33896]
2019-09-24 12:18:50,984 INFO  logging.LoggingHandler (AbstractInternalLogger.java:log(150)) - [id: 0xc5c5d3e6, L:/0.0.0.0:42383] READ COMPLETE
2019-09-24 12:18:50,984 INFO  logging.LoggingHandler (AbstractInternalLogger.java:log(150)) - [id: 0xc5c5d3e6, L:/0.0.0.0:42383] READ: [id: 0x41fd5883, L:/192.168.34.44:42383 - R:/192.168.34.44:33898]
2019-09-24 12:18:50,985 INFO  logging.LoggingHandler (AbstractInternalLogger.java:log(150)) - [id: 0xc5c5d3e6, L:/0.0.0.0:42383] READ COMPLETE
2019-09-24 12:18:50,988 TRACE util.FileUtils (LogUtils.java:runAndLog(61)) - Successfully ran Files.move /workdir/ratis-examples/target/test/data/8b9e8b0f/MiniRaftClusterWithNetty213fa15e/s1/b47ebb72-e3a6-4562-9676-a93a4fa934d4/current/log_inprogress_0 to /workdir/ratis-examples/target/test/data/8b9e8b0f/MiniRaftClusterWithNetty213fa15e/s1/b47ebb72-e3a6-4562-9676-a93a4fa934d4/current/log_0-26001
2019-09-24 12:18:50,988 INFO  segmented.SegmentedRaftLogWorker (SegmentedRaftLogWorker.java:execute(526)) - s1@group-A93A4FA934D4-SegmentedRaftLogWorker: Rolled log segment from /workdir/ratis-examples/target/test/data/8b9e8b0f/MiniRaftClusterWithNetty213fa15e/s1/b47ebb72-e3a6-4562-9676-a93a4fa934d4/current/log_inprogress_0 to /workdir/ratis-examples/target/test/data/8b9e8b0f/MiniRaftClusterWithNetty213fa15e/s1/b47ebb72-e3a6-4562-9676-a93a4fa934d4/current/log_0-26001
2019-09-24 12:18:50,988 INFO  impl.RaftServerImpl (ServerState.java:setRaftConf(355)) - s1@group-A93A4FA934D4: set configuration 26002: [s0:0.0.0.0:41479, s1:0.0.0.0:42383, s2:0.0.0.0:43111], old=null at 26002
2019-09-24 12:18:50,990 INFO  impl.RaftServerImpl (ServerState.java:setLeader(254)) - s0@group-A93A4FA934D4: change Leader from null to s1 at term 5 for appendEntries, leader elected after 296ms
2019-09-24 12:18:50,990 INFO  impl.RaftServerImpl (ServerState.java:setLeader(254)) - s2@group-A93A4FA934D4: change Leader from null to s1 at term 5 for appendEntries, leader elected after 317ms
2019-09-24 12:18:50,991 INFO  impl.RaftServerImpl (RaftServerImpl.java:checkInconsistentAppendEntries(999)) - s2@group-A93A4FA934D4: Failed appendEntries as previous log entry ((t:3, i:26001)) is not found
2019-09-24 12:18:50,991 INFO  impl.RaftServerImpl (RaftServerImpl.java:checkInconsistentAppendEntries(972)) - s2@group-A93A4FA934D4: inconsistency entries. Reply:s1<-s2#0:FAIL,INCONSISTENCY,nextIndex:25999,term:5,followerCommit:25992
2019-09-24 12:18:50,993 INFO  impl.FollowerInfo (FollowerInfo.java:lambda$new$0(51)) - s1@group-A93A4FA934D4->s2: nextIndex: updateUnconditionally 26002 -> 25999
2019-09-24 12:18:50,994 INFO  impl.RaftServerImpl (ServerState.java:setRaftConf(355)) - s2@group-A93A4FA934D4: set configuration 26002: [s0:0.0.0.0:41479, s1:0.0.0.0:42383, s2:0.0.0.0:43111], old=null at 26002
2019-09-24 12:18:50,995 INFO  segmented.SegmentedRaftLogWorker (SegmentedRaftLogWorker.java:rollLogSegment(385)) - s2@group-A93A4FA934D4-SegmentedRaftLogWorker: Rolling segment log-0_26001 to index:26001
2019-09-24 12:18:51,061 INFO  segmented.SegmentedRaftLogWorker (SegmentedRaftLogWorker.java:execute(569)) - s1@group-A93A4FA934D4-SegmentedRaftLogWorker: created new log segment /workdir/ratis-examples/target/test/data/8b9e8b0f/MiniRaftClusterWithNetty213fa15e/s1/b47ebb72-e3a6-4562-9676-a93a4fa934d4/current/log_inprogress_26002
2019-09-24 12:18:51,062 TRACE util.FileUtils (LogUtils.java:runAndLog(61)) - Successfully ran Files.move /workdir/ratis-examples/target/test/data/8b9e8b0f/MiniRaftClusterWithNetty213fa15e/s2/b47ebb72-e3a6-4562-9676-a93a4fa934d4/current/log_inprogress_0 to /workdir/ratis-examples/target/test/data/8b9e8b0f/MiniRaftClusterWithNetty213fa15e/s2/b47ebb72-e3a6-4562-9676-a93a4fa934d4/current/log_0-26001
2019-09-24 12:18:51,062 INFO  segmented.SegmentedRaftLogWorker (SegmentedRaftLogWorker.java:execute(526)) - s2@group-A93A4FA934D4-SegmentedRaftLogWorker: Rolled log segment from /workdir/ratis-examples/target/test/data/8b9e8b0f/MiniRaftClusterWithNetty213fa15e/s2/b47ebb72-e3a6-4562-9676-a93a4fa934d4/current/log_inprogress_0 to /workdir/ratis-examples/target/test/data/8b9e8b0f/MiniRaftClusterWithNetty213fa15e/s2/b47ebb72-e3a6-4562-9676-a93a4fa934d4/current/log_0-26001
2019-09-24 12:18:51,078 INFO  impl.RaftServerImpl (RaftServerImpl.java:checkInconsistentAppendEntries(999)) - s0@group-A93A4FA934D4: Failed appendEntries as previous log entry ((t:5, i:26004)) is not found
2019-09-24 12:18:51,078 INFO  impl.RaftServerImpl (RaftServerImpl.java:checkInconsistentAppendEntries(972)) - s0@group-A93A4FA934D4: inconsistency entries. Reply:s1<-s0#0:FAIL,INCONSISTENCY,nextIndex:26004,term:5,followerCommit:25998
2019-09-24 12:18:51,078 INFO  impl.FollowerInfo (FollowerInfo.java:lambda$new$0(51)) - s1@group-A93A4FA934D4->s0: nextIndex: updateUnconditionally 26005 -> 26004
2019-09-24 12:18:51,079 INFO  impl.RaftServerImpl (RaftServerImpl.java:checkInconsistentAppendEntries(999)) - s0@group-A93A4FA934D4: Failed appendEntries as previous log entry ((t:5, i:26003)) is not found
2019-09-24 12:18:51,079 INFO  impl.RaftServerImpl (RaftServerImpl.java:checkInconsistentAppendEntries(972)) - s0@group-A93A4FA934D4: inconsistency entries. Reply:s1<-s0#0:FAIL,INCONSISTENCY,nextIndex:26003,term:5,followerCommit:25998
2019-09-24 12:18:51,079 INFO  impl.FollowerInfo (FollowerInfo.java:lambda$new$0(51)) - s1@group-A93A4FA934D4->s0: nextIndex: updateUnconditionally 26004 -> 26003
2019-09-24 12:18:51,080 INFO  impl.RaftServerImpl (RaftServerImpl.java:checkInconsistentAppendEntries(999)) - s0@group-A93A4FA934D4: Failed appendEntries as previous log entry ((t:5, i:26002)) is not found
2019-09-24 12:18:51,080 INFO  impl.RaftServerImpl (RaftServerImpl.java:checkInconsistentAppendEntries(972)) - s0@group-A93A4FA934D4: inconsistency entries. Reply:s1<-s0#0:FAIL,INCONSISTENCY,nextIndex:26002,term:5,followerCommit:25998
2019-09-24 12:18:51,080 INFO  impl.FollowerInfo (FollowerInfo.java:lambda$new$0(51)) - s1@group-A93A4FA934D4->s0: nextIndex: updateUnconditionally 26003 -> 26002
2019-09-24 12:18:51,080 INFO  impl.RaftServerImpl (ServerState.java:setRaftConf(355)) - s0@group-A93A4FA934D4: set configuration 26002: [s0:0.0.0.0:41479, s1:0.0.0.0:42383, s2:0.0.0.0:43111], old=null at 26002
2019-09-24 12:18:51,083 INFO  segmented.SegmentedRaftLogWorker (SegmentedRaftLogWorker.java:truncate(396)) - s0@group-A93A4FA934D4-SegmentedRaftLogWorker: Truncating segments toTruncate: (0, 26004) isOpen? true, length=1088512, newEndIndex=26001
  toDelete: [], start index 26002
2019-09-24 12:18:51,084 INFO  segmented.SegmentedRaftLogWorker (SegmentedRaftLogWorker.java:startLogSegment(380)) - s0@group-A93A4FA934D4-SegmentedRaftLogWorker: Starting segment from index:26002
2019-09-24 12:18:51,087 TRACE util.FileUtils (LogUtils.java:runAndLog(61)) - Successfully ran FileOutputStream.getChannel().truncate /workdir/ratis-examples/target/test/data/8b9e8b0f/MiniRaftClusterWithNetty213fa15e/s0/b47ebb72-e3a6-4562-9676-a93a4fa934d4/current/log_inprogress_0 length: 1088641 -> 1088512
2019-09-24 12:18:51,087 TRACE util.FileUtils (LogUtils.java:runAndLog(61)) - Successfully ran Files.move /workdir/ratis-examples/target/test/data/8b9e8b0f/MiniRaftClusterWithNetty213fa15e/s0/b47ebb72-e3a6-4562-9676-a93a4fa934d4/current/log_inprogress_0 to /workdir/ratis-examples/target/test/data/8b9e8b0f/MiniRaftClusterWithNetty213fa15e/s0/b47ebb72-e3a6-4562-9676-a93a4fa934d4/current/log_0-26001
2019-09-24 12:18:51,087 INFO  segmented.SegmentedRaftLogWorker (SegmentedRaftLogWorker.java:execute(614)) - s0@group-A93A4FA934D4-SegmentedRaftLogWorker: Truncated log file /workdir/ratis-examples/target/test/data/8b9e8b0f/MiniRaftClusterWithNetty213fa15e/s0/b47ebb72-e3a6-4562-9676-a93a4fa934d4/current/log_inprogress_0 to length 1088512 and moved it to /workdir/ratis-examples/target/test/data/8b9e8b0f/MiniRaftClusterWithNetty213fa15e/s0/b47ebb72-e3a6-4562-9676-a93a4fa934d4/current/log_0-26001
2019-09-24 12:18:51,088 INFO  segmented.SegmentedRaftLogWorker (SegmentedRaftLogWorker.java:lambda$new$0(132)) - s0@group-A93A4FA934D4-SegmentedRaftLogWorker: flushIndex: setUnconditionally 26004 -> 26001
2019-09-24 12:18:51,172 INFO  segmented.SegmentedRaftLogWorker (SegmentedRaftLogWorker.java:execute(569)) - s0@group-A93A4FA934D4-SegmentedRaftLogWorker: created new log segment /workdir/ratis-examples/target/test/data/8b9e8b0f/MiniRaftClusterWithNetty213fa15e/s0/b47ebb72-e3a6-4562-9676-a93a4fa934d4/current/log_inprogress_26002
2019-09-24 12:18:51,173 INFO  segmented.SegmentedRaftLogWorker (SegmentedRaftLogWorker.java:execute(569)) - s2@group-A93A4FA934D4-SegmentedRaftLogWorker: created new log segment /workdir/ratis-examples/target/test/data/8b9e8b0f/MiniRaftClusterWithNetty213fa15e/s2/b47ebb72-e3a6-4562-9676-a93a4fa934d4/current/log_inprogress_26002
2019-09-24 12:18:51,217 WARN  filestore.FileInfo (LogUtils.java:supplyAndLog(75)) - Failed to write(file65, 172032, false) @s0:26017: java.io.IOException: Offset/size mismatched: offset = 172032 != writeSize = 176128, path=file65
2019-09-24 12:18:51,321 WARN  filestore.FileInfo (LogUtils.java:supplyAndLog(75)) - Failed to write(file56, 618496, false) @s0:26033: java.io.IOException: Offset/size mismatched: offset = 618496 != writeSize = 622592, path=file56
2019-09-24 12:18:51,681 INFO  ratis.MiniRaftCluster (MiniRaftCluster.java:lambda$null$5(297)) - TIMED-PRINT: printing ALL groups
  s0:  RUNNING  FOLLOWER s0@group-A93A4FA934D4:t5, leader=s1, voted=null, raftlog=s0@group-A93A4FA934D4-SegmentedRaftLog:OPENED:c26142,f26149,i26152, conf=26002: [s0:0.0.0.0:41479, s1:0.0.0.0:42383, s2:0.0.0.0:43111], old=null RUNNING
  s1:  RUNNING    LEADER s1@group-A93A4FA934D4:t5, leader=s1, voted=s1, raftlog=s1@group-A93A4FA934D4-SegmentedRaftLog:OPENED:c26148,f26152,i26152, conf=26002: [s0:0.0.0.0:41479, s1:0.0.0.0:42383, s2:0.0.0.0:43111], old=null RUNNING
  s2:  RUNNING  FOLLOWER s2@group-A93A4FA934D4:t5, leader=s1, voted=s1, raftlog=s2@group-A93A4FA934D4-SegmentedRaftLog:OPENED:c26147,f26149,i26152, conf=26002: [s0:0.0.0.0:41479, s1:0.0.0.0:42383, s2:0.0.0.0:43111], old=null RUNNING
2019-09-24 12:18:52,217 INFO  logging.LoggingHandler (AbstractInternalLogger.java:log(150)) - [id: 0xe55ad1b4, L:/0.0.0.0:41479] READ: [id: 0x1b402b75, L:/192.168.34.44:41479 - R:/192.168.34.44:42622]
2019-09-24 12:18:52,218 INFO  logging.LoggingHandler (AbstractInternalLogger.java:log(150)) - [id: 0xe55ad1b4, L:/0.0.0.0:41479] READ COMPLETE
2019-09-24 12:18:52,221 INFO  logging.LoggingHandler (AbstractInternalLogger.java:log(150)) - [id: 0xc5c5d3e6, L:/0.0.0.0:42383] READ: [id: 0x9ffbd91e, L:/192.168.34.44:42383 - R:/192.168.34.44:33910]
2019-09-24 12:18:52,224 INFO  logging.LoggingHandler (AbstractInternalLogger.java:log(150)) - [id: 0xc5c5d3e6, L:/0.0.0.0:42383] READ COMPLETE
2019-09-24 12:18:52,405 TRACE util.FileUtils (LogUtils.java:supplyAndLog(82)) - Successfully supplied Files.newOutputStream CREATE_NEW /workdir/ratis-examples/target/test/data/8b9e8b0f/TestFileStoreWithNetty/filestore/s1/file69: java.nio.channels.Channels$1@77086049
2019-09-24 12:18:52,418 TRACE util.FileUtils (LogUtils.java:supplyAndLog(82)) - Successfully supplied Files.newOutputStream CREATE_NEW /workdir/ratis-examples/target/test/data/8b9e8b0f/TestFileStoreWithNetty/filestore/s0/file69: java.nio.channels.Channels$1@7ccfb28d
2019-09-24 12:18:52,431 TRACE util.FileUtils (LogUtils.java:supplyAndLog(82)) - Successfully supplied Files.newOutputStream CREATE_NEW /workdir/ratis-examples/target/test/data/8b9e8b0f/TestFileStoreWithNetty/filestore/s2/file69: java.nio.channels.Channels$1@f3d6e38
2019-09-24 12:18:52,995 INFO  logging.LoggingHandler (AbstractInternalLogger.java:log(150)) - [id: 0xe55ad1b4, L:/0.0.0.0:41479] READ: [id: 0x464083d9, L:/192.168.34.44:41479 - R:/192.168.34.44:42626]
2019-09-24 12:18:52,995 INFO  logging.LoggingHandler (AbstractInternalLogger.java:log(150)) - [id: 0xe55ad1b4, L:/0.0.0.0:41479] READ COMPLETE
2019-09-24 12:18:52,998 INFO  logging.LoggingHandler (AbstractInternalLogger.java:log(150)) - [id: 0xc5c5d3e6, L:/0.0.0.0:42383] READ: [id: 0xf75315fd, L:/192.168.34.44:42383 - R:/192.168.34.44:33914]
2019-09-24 12:18:52,998 INFO  logging.LoggingHandler (AbstractInternalLogger.java:log(150)) - [id: 0xc5c5d3e6, L:/0.0.0.0:42383] READ COMPLETE
2019-09-24 12:18:53,094 TRACE util.FileUtils (LogUtils.java:supplyAndLog(82)) - Successfully supplied Files.newOutputStream CREATE_NEW /workdir/ratis-examples/target/test/data/8b9e8b0f/TestFileStoreWithNetty/filestore/s1/file70: java.nio.channels.Channels$1@2f17882e
2019-09-24 12:18:53,095 TRACE util.FileUtils (LogUtils.java:supplyAndLog(82)) - Successfully supplied Files.newOutputStream CREATE_NEW /workdir/ratis-examples/target/test/data/8b9e8b0f/TestFileStoreWithNetty/filestore/s2/file70: java.nio.channels.Channels$1@d8e9d17
2019-09-24 12:18:53,097 TRACE util.FileUtils (LogUtils.java:supplyAndLog(82)) - Successfully supplied Files.newOutputStream CREATE_NEW /workdir/ratis-examples/target/test/data/8b9e8b0f/TestFileStoreWithNetty/filestore/s0/file70: java.nio.channels.Channels$1@23945189
2019-09-24 12:18:53,220 INFO  logging.LoggingHandler (AbstractInternalLogger.java:log(150)) - [id: 0xe55ad1b4, L:/0.0.0.0:41479] READ: [id: 0x8a27c915, L:/192.168.34.44:41479 - R:/192.168.34.44:42634]
2019-09-24 12:18:53,220 INFO  logging.LoggingHandler (AbstractInternalLogger.java:log(150)) - [id: 0xe55ad1b4, L:/0.0.0.0:41479] READ COMPLETE
2019-09-24 12:18:53,222 INFO  logging.LoggingHandler (AbstractInternalLogger.java:log(150)) - [id: 0xc5c5d3e6, L:/0.0.0.0:42383] READ: [id: 0x3f93e7ae, L:/192.168.34.44:42383 - R:/192.168.34.44:33922]
2019-09-24 12:18:53,222 INFO  logging.LoggingHandler (AbstractInternalLogger.java:log(150)) - [id: 0xc5c5d3e6, L:/0.0.0.0:42383] READ COMPLETE
2019-09-24 12:18:53,304 TRACE util.FileUtils (LogUtils.java:supplyAndLog(82)) - Successfully supplied Files.newOutputStream CREATE_NEW /workdir/ratis-examples/target/test/data/8b9e8b0f/TestFileStoreWithNetty/filestore/s1/file71: java.nio.channels.Channels$1@2960158c
2019-09-24 12:18:53,304 TRACE util.FileUtils (LogUtils.java:supplyAndLog(82)) - Successfully supplied Files.newOutputStream CREATE_NEW /workdir/ratis-examples/target/test/data/8b9e8b0f/TestFileStoreWithNetty/filestore/s0/file71: java.nio.channels.Channels$1@4041c91d
2019-09-24 12:18:53,305 TRACE util.FileUtils (LogUtils.java:supplyAndLog(82)) - Successfully supplied Files.newOutputStream CREATE_NEW /workdir/ratis-examples/target/test/data/8b9e8b0f/TestFileStoreWithNetty/filestore/s2/file71: java.nio.channels.Channels$1@2a4b238a
2019-09-24 12:18:54,289 INFO  logging.LoggingHandler (AbstractInternalLogger.java:log(150)) - [id: 0xe55ad1b4, L:/0.0.0.0:41479] READ: [id: 0x02ac05c5, L:/192.168.34.44:41479 - R:/192.168.34.44:42644]
2019-09-24 12:18:54,289 INFO  logging.LoggingHandler (AbstractInternalLogger.java:log(150)) - [id: 0xe55ad1b4, L:/0.0.0.0:41479] READ COMPLETE
2019-09-24 12:18:54,295 INFO  logging.LoggingHandler (AbstractInternalLogger.java:log(150)) - [id: 0xc5c5d3e6, L:/0.0.0.0:42383] READ: [id: 0xbd53e773, L:/192.168.34.44:42383 - R:/192.168.34.44:33934]
2019-09-24 12:18:54,296 INFO  logging.LoggingHandler (AbstractInternalLogger.java:log(150)) - [id: 0xc5c5d3e6, L:/0.0.0.0:42383] READ COMPLETE
2019-09-24 12:18:54,309 INFO  logging.LoggingHandler (AbstractInternalLogger.java:log(150)) - [id: 0xe55ad1b4, L:/0.0.0.0:41479] READ: [id: 0x12f5db8d, L:/192.168.34.44:41479 - R:/192.168.34.44:42650]
2019-09-24 12:18:54,309 INFO  logging.LoggingHandler (AbstractInternalLogger.java:log(150)) - [id: 0xe55ad1b4, L:/0.0.0.0:41479] READ COMPLETE
2019-09-24 12:18:54,311 INFO  logging.LoggingHandler (AbstractInternalLogger.java:log(150)) - [id: 0xc5c5d3e6, L:/0.0.0.0:42383] READ: [id: 0xc363279c, L:/192.168.34.44:42383 - R:/192.168.34.44:33938]
2019-09-24 12:18:54,311 INFO  logging.LoggingHandler (AbstractInternalLogger.java:log(150)) - [id: 0xc5c5d3e6, L:/0.0.0.0:42383] READ COMPLETE
2019-09-24 12:18:54,317 TRACE util.FileUtils (LogUtils.java:supplyAndLog(82)) - Successfully supplied Files.newOutputStream CREATE_NEW /workdir/ratis-examples/target/test/data/8b9e8b0f/TestFileStoreWithNetty/filestore/s1/file72: java.nio.channels.Channels$1@3af340f7
2019-09-24 12:18:54,317 TRACE util.FileUtils (LogUtils.java:supplyAndLog(82)) - Successfully supplied Files.newOutputStream CREATE_NEW /workdir/ratis-examples/target/test/data/8b9e8b0f/TestFileStoreWithNetty/filestore/s0/file72: java.nio.channels.Channels$1@22db5b5d
2019-09-24 12:18:54,319 TRACE util.FileUtils (LogUtils.java:supplyAndLog(82)) - Successfully supplied Files.newOutputStream CREATE_NEW /workdir/ratis-examples/target/test/data/8b9e8b0f/TestFileStoreWithNetty/filestore/s2/file72: java.nio.channels.Channels$1@4c461e74
2019-09-24 12:18:54,370 TRACE util.FileUtils (LogUtils.java:supplyAndLog(82)) - Successfully supplied Files.newOutputStream CREATE_NEW /workdir/ratis-examples/target/test/data/8b9e8b0f/TestFileStoreWithNetty/filestore/s1/file73: java.nio.channels.Channels$1@42513469
2019-09-24 12:18:54,370 TRACE util.FileUtils (LogUtils.java:supplyAndLog(82)) - Successfully supplied Files.newOutputStream CREATE_NEW /workdir/ratis-examples/target/test/data/8b9e8b0f/TestFileStoreWithNetty/filestore/s0/file73: java.nio.channels.Channels$1@7ec14701
2019-09-24 12:18:54,408 TRACE util.FileUtils (LogUtils.java:supplyAndLog(82)) - Successfully supplied Files.newOutputStream CREATE_NEW /workdir/ratis-examples/target/test/data/8b9e8b0f/TestFileStoreWithNetty/filestore/s2/file73: java.nio.channels.Channels$1@5dc3f8e4
2019-09-24 12:18:54,421 INFO  logging.LoggingHandler (AbstractInternalLogger.java:log(150)) - [id: 0xe55ad1b4, L:/0.0.0.0:41479] READ: [id: 0x983943b8, L:/192.168.34.44:41479 - R:/192.168.34.44:42654]
2019-09-24 12:18:54,422 INFO  logging.LoggingHandler (AbstractInternalLogger.java:log(150)) - [id: 0xe55ad1b4, L:/0.0.0.0:41479] READ COMPLETE
2019-09-24 12:18:54,424 INFO  logging.LoggingHandler (AbstractInternalLogger.java:log(150)) - [id: 0xc5c5d3e6, L:/0.0.0.0:42383] READ: [id: 0xdc13343b, L:/192.168.34.44:42383 - R:/192.168.34.44:33942]
2019-09-24 12:18:54,424 INFO  logging.LoggingHandler (AbstractInternalLogger.java:log(150)) - [id: 0xc5c5d3e6, L:/0.0.0.0:42383] READ COMPLETE
2019-09-24 12:18:54,459 TRACE util.FileUtils (LogUtils.java:supplyAndLog(82)) - Successfully supplied Files.newOutputStream CREATE_NEW /workdir/ratis-examples/target/test/data/8b9e8b0f/TestFileStoreWithNetty/filestore/s1/file74: java.nio.channels.Channels$1@4db7c1e5
2019-09-24 12:18:54,462 TRACE util.FileUtils (LogUtils.java:supplyAndLog(82)) - Successfully supplied Files.newOutputStream CREATE_NEW /workdir/ratis-examples/target/test/data/8b9e8b0f/TestFileStoreWithNetty/filestore/s0/file74: java.nio.channels.Channels$1@5bc15f70
2019-09-24 12:18:54,463 TRACE util.FileUtils (LogUtils.java:supplyAndLog(82)) - Successfully supplied Files.newOutputStream CREATE_NEW /workdir/ratis-examples/target/test/data/8b9e8b0f/TestFileStoreWithNetty/filestore/s2/file74: java.nio.channels.Channels$1@2e56b357
2019-09-24 12:18:56,868 INFO  logging.LoggingHandler (AbstractInternalLogger.java:log(150)) - [id: 0xe55ad1b4, L:/0.0.0.0:41479] READ: [id: 0x0775b9f7, L:/192.168.34.44:41479 - R:/192.168.34.44:42668]
2019-09-24 12:18:56,869 INFO  logging.LoggingHandler (AbstractInternalLogger.java:log(150)) - [id: 0xe55ad1b4, L:/0.0.0.0:41479] READ COMPLETE
2019-09-24 12:18:56,872 INFO  logging.LoggingHandler (AbstractInternalLogger.java:log(150)) - [id: 0xc5c5d3e6, L:/0.0.0.0:42383] READ: [id: 0xf8053abc, L:/192.168.34.44:42383 - R:/192.168.34.44:33956]
2019-09-24 12:18:56,872 INFO  logging.LoggingHandler (AbstractInternalLogger.java:log(150)) - [id: 0xc5c5d3e6, L:/0.0.0.0:42383] READ COMPLETE
2019-09-24 12:18:56,903 TRACE util.FileUtils (LogUtils.java:supplyAndLog(82)) - Successfully supplied Files.newOutputStream CREATE_NEW /workdir/ratis-examples/target/test/data/8b9e8b0f/TestFileStoreWithNetty/filestore/s1/file75: java.nio.channels.Channels$1@53341797
2019-09-24 12:18:56,904 TRACE util.FileUtils (LogUtils.java:supplyAndLog(82)) - Successfully supplied Files.newOutputStream CREATE_NEW /workdir/ratis-examples/target/test/data/8b9e8b0f/TestFileStoreWithNetty/filestore/s2/file75: java.nio.channels.Channels$1@75e32a9
2019-09-24 12:18:56,904 TRACE util.FileUtils (LogUtils.java:supplyAndLog(82)) - Successfully supplied Files.newOutputStream CREATE_NEW /workdir/ratis-examples/target/test/data/8b9e8b0f/TestFileStoreWithNetty/filestore/s0/file75: java.nio.channels.Channels$1@5bbafd87
2019-09-24 12:18:57,074 INFO  logging.LoggingHandler (AbstractInternalLogger.java:log(150)) - [id: 0xe55ad1b4, L:/0.0.0.0:41479] READ: [id: 0x276cc2ee, L:/192.168.34.44:41479 - R:/192.168.34.44:42674]
2019-09-24 12:18:57,074 INFO  logging.LoggingHandler (AbstractInternalLogger.java:log(150)) - [id: 0xe55ad1b4, L:/0.0.0.0:41479] READ COMPLETE
2019-09-24 12:18:57,086 INFO  logging.LoggingHandler (AbstractInternalLogger.java:log(150)) - [id: 0xc5c5d3e6, L:/0.0.0.0:42383] READ: [id: 0x119f9fa6, L:/192.168.34.44:42383 - R:/192.168.34.44:33962]
2019-09-24 12:18:57,086 INFO  logging.LoggingHandler (AbstractInternalLogger.java:log(150)) - [id: 0xc5c5d3e6, L:/0.0.0.0:42383] READ COMPLETE
2019-09-24 12:18:57,133 TRACE util.FileUtils (LogUtils.java:supplyAndLog(82)) - Successfully supplied Files.newOutputStream CREATE_NEW /workdir/ratis-examples/target/test/data/8b9e8b0f/TestFileStoreWithNetty/filestore/s1/file76: java.nio.channels.Channels$1@345d7656
2019-09-24 12:18:57,136 TRACE util.FileUtils (LogUtils.java:supplyAndLog(82)) - Successfully supplied Files.newOutputStream CREATE_NEW /workdir/ratis-examples/target/test/data/8b9e8b0f/TestFileStoreWithNetty/filestore/s2/file76: java.nio.channels.Channels$1@78325fe
2019-09-24 12:18:57,136 TRACE util.FileUtils (LogUtils.java:supplyAndLog(82)) - Successfully supplied Files.newOutputStream CREATE_NEW /workdir/ratis-examples/target/test/data/8b9e8b0f/TestFileStoreWithNetty/filestore/s0/file76: java.nio.channels.Channels$1@31e64728
2019-09-24 12:18:57,633 INFO  logging.LoggingHandler (AbstractInternalLogger.java:log(150)) - [id: 0xe55ad1b4, L:/0.0.0.0:41479] READ: [id: 0x6d1e6895, L:/192.168.34.44:41479 - R:/192.168.34.44:42682]
2019-09-24 12:18:57,633 INFO  logging.LoggingHandler (AbstractInternalLogger.java:log(150)) - [id: 0xe55ad1b4, L:/0.0.0.0:41479] READ COMPLETE
2019-09-24 12:18:57,636 INFO  logging.LoggingHandler (AbstractInternalLogger.java:log(150)) - [id: 0xc5c5d3e6, L:/0.0.0.0:42383] READ: [id: 0xc84aff67, L:/192.168.34.44:42383 - R:/192.168.34.44:33970]
2019-09-24 12:18:57,636 INFO  logging.LoggingHandler (AbstractInternalLogger.java:log(150)) - [id: 0xc5c5d3e6, L:/0.0.0.0:42383] READ COMPLETE
2019-09-24 12:18:57,702 TRACE util.FileUtils (LogUtils.java:supplyAndLog(82)) - Successfully supplied Files.newOutputStream CREATE_NEW /workdir/ratis-examples/target/test/data/8b9e8b0f/TestFileStoreWithNetty/filestore/s1/file77: java.nio.channels.Channels$1@613fba5d
2019-09-24 12:18:57,703 TRACE util.FileUtils (LogUtils.java:supplyAndLog(82)) - Successfully supplied Files.newOutputStream CREATE_NEW /workdir/ratis-examples/target/test/data/8b9e8b0f/TestFileStoreWithNetty/filestore/s0/file77: java.nio.channels.Channels$1@24ec39c5
2019-09-24 12:18:57,706 TRACE util.FileUtils (LogUtils.java:supplyAndLog(82)) - Successfully supplied Files.newOutputStream CREATE_NEW /workdir/ratis-examples/target/test/data/8b9e8b0f/TestFileStoreWithNetty/filestore/s2/file77: java.nio.channels.Channels$1@47bc5406
2019-09-24 12:18:58,634 INFO  logging.LoggingHandler (AbstractInternalLogger.java:log(150)) - [id: 0xe55ad1b4, L:/0.0.0.0:41479] READ: [id: 0x502bdfe8, L:/192.168.34.44:41479 - R:/192.168.34.44:42690]
2019-09-24 12:18:58,634 INFO  logging.LoggingHandler (AbstractInternalLogger.java:log(150)) - [id: 0xe55ad1b4, L:/0.0.0.0:41479] READ COMPLETE
2019-09-24 12:18:58,637 INFO  logging.LoggingHandler (AbstractInternalLogger.java:log(150)) - [id: 0xc5c5d3e6, L:/0.0.0.0:42383] READ: [id: 0x0138f0e3, L:/192.168.34.44:42383 - R:/192.168.34.44:33978]
2019-09-24 12:18:58,637 INFO  logging.LoggingHandler (AbstractInternalLogger.java:log(150)) - [id: 0xc5c5d3e6, L:/0.0.0.0:42383] READ COMPLETE
2019-09-24 12:18:58,687 TRACE util.FileUtils (LogUtils.java:supplyAndLog(82)) - Successfully supplied Files.newOutputStream CREATE_NEW /workdir/ratis-examples/target/test/data/8b9e8b0f/TestFileStoreWithNetty/filestore/s1/file78: java.nio.channels.Channels$1@766b9489
2019-09-24 12:18:58,698 TRACE util.FileUtils (LogUtils.java:supplyAndLog(82)) - Successfully supplied Files.newOutputStream CREATE_NEW /workdir/ratis-examples/target/test/data/8b9e8b0f/TestFileStoreWithNetty/filestore/s2/file78: java.nio.channels.Channels$1@51242e9c
2019-09-24 12:18:58,699 TRACE util.FileUtils (LogUtils.java:supplyAndLog(82)) - Successfully supplied Files.newOutputStream CREATE_NEW /workdir/ratis-examples/target/test/data/8b9e8b0f/TestFileStoreWithNetty/filestore/s0/file78: java.nio.channels.Channels$1@9a9942e
2019-09-24 12:18:59,698 INFO  logging.LoggingHandler (AbstractInternalLogger.java:log(150)) - [id: 0xe55ad1b4, L:/0.0.0.0:41479] READ: [id: 0x675c369b, L:/192.168.34.44:41479 - R:/192.168.34.44:42696]
2019-09-24 12:18:59,698 INFO  logging.LoggingHandler (AbstractInternalLogger.java:log(150)) - [id: 0xe55ad1b4, L:/0.0.0.0:41479] READ COMPLETE
2019-09-24 12:18:59,701 INFO  logging.LoggingHandler (AbstractInternalLogger.java:log(150)) - [id: 0xc5c5d3e6, L:/0.0.0.0:42383] READ: [id: 0x4440e2bc, L:/192.168.34.44:42383 - R:/192.168.34.44:33984]
2019-09-24 12:18:59,702 INFO  logging.LoggingHandler (AbstractInternalLogger.java:log(150)) - [id: 0xc5c5d3e6, L:/0.0.0.0:42383] READ COMPLETE
2019-09-24 12:18:59,766 TRACE util.FileUtils (LogUtils.java:supplyAndLog(82)) - Successfully supplied Files.newOutputStream CREATE_NEW /workdir/ratis-examples/target/test/data/8b9e8b0f/TestFileStoreWithNetty/filestore/s1/file79: java.nio.channels.Channels$1@576832b3
2019-09-24 12:18:59,767 TRACE util.FileUtils (LogUtils.java:supplyAndLog(82)) - Successfully supplied Files.newOutputStream CREATE_NEW /workdir/ratis-examples/target/test/data/8b9e8b0f/TestFileStoreWithNetty/filestore/s0/file79: java.nio.channels.Channels$1@98898cb
2019-09-24 12:18:59,768 TRACE util.FileUtils (LogUtils.java:supplyAndLog(82)) - Successfully supplied Files.newOutputStream CREATE_NEW /workdir/ratis-examples/target/test/data/8b9e8b0f/TestFileStoreWithNetty/filestore/s2/file79: java.nio.channels.Channels$1@6509063d
2019-09-24 12:18:59,873 INFO  logging.LoggingHandler (AbstractInternalLogger.java:log(150)) - [id: 0xe55ad1b4, L:/0.0.0.0:41479] READ: [id: 0x4df60774, L:/192.168.34.44:41479 - R:/192.168.34.44:42700]
2019-09-24 12:18:59,874 INFO  logging.LoggingHandler (AbstractInternalLogger.java:log(150)) - [id: 0xe55ad1b4, L:/0.0.0.0:41479] READ COMPLETE
2019-09-24 12:18:59,898 INFO  logging.LoggingHandler (AbstractInternalLogger.java:log(150)) - [id: 0xc5c5d3e6, L:/0.0.0.0:42383] READ: [id: 0x5f37f380, L:/192.168.34.44:42383 - R:/192.168.34.44:33988]
2019-09-24 12:18:59,899 INFO  logging.LoggingHandler (AbstractInternalLogger.java:log(150)) - [id: 0xc5c5d3e6, L:/0.0.0.0:42383] READ COMPLETE
2019-09-24 12:18:59,962 TRACE util.FileUtils (LogUtils.java:supplyAndLog(82)) - Successfully supplied Files.newOutputStream CREATE_NEW /workdir/ratis-examples/target/test/data/8b9e8b0f/TestFileStoreWithNetty/filestore/s1/file80: java.nio.channels.Channels$1@6e9b3b50
2019-09-24 12:18:59,963 TRACE util.FileUtils (LogUtils.java:supplyAndLog(82)) - Successfully supplied Files.newOutputStream CREATE_NEW /workdir/ratis-examples/target/test/data/8b9e8b0f/TestFileStoreWithNetty/filestore/s0/file80: java.nio.channels.Channels$1@4347e581
2019-09-24 12:18:59,974 TRACE util.FileUtils (LogUtils.java:supplyAndLog(82)) - Successfully supplied Files.newOutputStream CREATE_NEW /workdir/ratis-examples/target/test/data/8b9e8b0f/TestFileStoreWithNetty/filestore/s2/file80: java.nio.channels.Channels$1@3a3343b9
2019-09-24 12:19:00,345 INFO  logging.LoggingHandler (AbstractInternalLogger.java:log(150)) - [id: 0xe55ad1b4, L:/0.0.0.0:41479] READ: [id: 0xb0b7356e, L:/192.168.34.44:41479 - R:/192.168.34.44:42704]
2019-09-24 12:19:00,346 INFO  logging.LoggingHandler (AbstractInternalLogger.java:log(150)) - [id: 0xe55ad1b4, L:/0.0.0.0:41479] READ COMPLETE
2019-09-24 12:19:00,349 INFO  logging.LoggingHandler (AbstractInternalLogger.java:log(150)) - [id: 0xc5c5d3e6, L:/0.0.0.0:42383] READ: [id: 0x8b806fa3, L:/192.168.34.44:42383 - R:/192.168.34.44:33992]
2019-09-24 12:19:00,350 INFO  logging.LoggingHandler (AbstractInternalLogger.java:log(150)) - [id: 0xc5c5d3e6, L:/0.0.0.0:42383] READ COMPLETE
2019-09-24 12:19:00,375 TRACE util.FileUtils (LogUtils.java:supplyAndLog(82)) - Successfully supplied Files.newOutputStream CREATE_NEW /workdir/ratis-examples/target/test/data/8b9e8b0f/TestFileStoreWithNetty/filestore/s1/file81: java.nio.channels.Channels$1@48a5e618
2019-09-24 12:19:00,376 TRACE util.FileUtils (LogUtils.java:supplyAndLog(82)) - Successfully supplied Files.newOutputStream CREATE_NEW /workdir/ratis-examples/target/test/data/8b9e8b0f/TestFileStoreWithNetty/filestore/s2/file81: java.nio.channels.Channels$1@72da5fe9
2019-09-24 12:19:00,377 TRACE util.FileUtils (LogUtils.java:supplyAndLog(82)) - Successfully supplied Files.newOutputStream CREATE_NEW /workdir/ratis-examples/target/test/data/8b9e8b0f/TestFileStoreWithNetty/filestore/s0/file81: java.nio.channels.Channels$1@4e70307b
2019-09-24 12:19:00,647 INFO  logging.LoggingHandler (AbstractInternalLogger.java:log(150)) - [id: 0xe55ad1b4, L:/0.0.0.0:41479] READ: [id: 0x84e4e2a9, L:/192.168.34.44:41479 - R:/192.168.34.44:42712]
2019-09-24 12:19:00,647 INFO  logging.LoggingHandler (AbstractInternalLogger.java:log(150)) - [id: 0xe55ad1b4, L:/0.0.0.0:41479] READ COMPLETE
2019-09-24 12:19:00,649 INFO  logging.LoggingHandler (AbstractInternalLogger.java:log(150)) - [id: 0xc5c5d3e6, L:/0.0.0.0:42383] READ: [id: 0xd5b1d3eb, L:/192.168.34.44:42383 - R:/192.168.34.44:34000]
2019-09-24 12:19:00,649 INFO  logging.LoggingHandler (AbstractInternalLogger.java:log(150)) - [id: 0xc5c5d3e6, L:/0.0.0.0:42383] READ COMPLETE
2019-09-24 12:19:00,745 TRACE util.FileUtils (LogUtils.java:supplyAndLog(82)) - Successfully supplied Files.newOutputStream CREATE_NEW /workdir/ratis-examples/target/test/data/8b9e8b0f/TestFileStoreWithNetty/filestore/s1/file82: java.nio.channels.Channels$1@586693e2
2019-09-24 12:19:00,746 TRACE util.FileUtils (LogUtils.java:supplyAndLog(82)) - Successfully supplied Files.newOutputStream CREATE_NEW /workdir/ratis-examples/target/test/data/8b9e8b0f/TestFileStoreWithNetty/filestore/s0/file82: java.nio.channels.Channels$1@684ecc64
2019-09-24 12:19:00,753 TRACE util.FileUtils (LogUtils.java:supplyAndLog(82)) - Successfully supplied Files.newOutputStream CREATE_NEW /workdir/ratis-examples/target/test/data/8b9e8b0f/TestFileStoreWithNetty/filestore/s2/file82: java.nio.channels.Channels$1@62d24685
]]></system-out>
  </testcase>
</testsuite>