<?xml version="1.0" encoding="UTF-8"?>
<testsuite xmlns:xsi="http://www.w3.org/2001/XMLSchema-instance" xsi:noNamespaceSchemaLocation="https://maven.apache.org/surefire/maven-surefire-plugin/xsd/surefire-test-report.xsd" name="org.apache.hadoop.fs.ozone.contract.ITestOzoneContractRename" time="397.18" tests="8" errors="1" skipped="0" failures="0">
  <properties>
    <property name="awt.toolkit" value="sun.awt.X11.XToolkit"/>
    <property name="file.encoding.pkg" value="sun.io"/>
    <property name="java.specification.version" value="1.8"/>
    <property name="sun.cpu.isalist" value=""/>
    <property name="sun.jnu.encoding" value="UTF-8"/>
    <property name="java.class.path" value="/workdir/hadoop-ozone/ozonefs/target/test-classes:/workdir/hadoop-ozone/ozonefs/target/classes:/home/user/.m2/repository/org/apache/hadoop/hadoop-common/3.2.0/hadoop-common-3.2.0.jar:/home/user/.m2/repository/org/apache/hadoop/hadoop-annotations/3.2.0/hadoop-annotations-3.2.0.jar:/usr/lib/jvm/java-1.8-openjdk/jre/../lib/tools.jar:/home/user/.m2/repository/com/google/guava/guava/11.0.2/guava-11.0.2.jar:/home/user/.m2/repository/commons-cli/commons-cli/1.2/commons-cli-1.2.jar:/home/user/.m2/repository/org/apache/commons/commons-math3/3.1.1/commons-math3-3.1.1.jar:/home/user/.m2/repository/commons-codec/commons-codec/1.11/commons-codec-1.11.jar:/home/user/.m2/repository/commons-io/commons-io/2.5/commons-io-2.5.jar:/home/user/.m2/repository/commons-net/commons-net/3.6/commons-net-3.6.jar:/home/user/.m2/repository/commons-collections/commons-collections/3.2.2/commons-collections-3.2.2.jar:/home/user/.m2/repository/javax/servlet/javax.servlet-api/3.1.0/javax.servlet-api-3.1.0.jar:/home/user/.m2/repository/org/eclipse/jetty/jetty-server/9.3.25.v20180904/jetty-server-9.3.25.v20180904.jar:/home/user/.m2/repository/org/eclipse/jetty/jetty-http/9.3.25.v20180904/jetty-http-9.3.25.v20180904.jar:/home/user/.m2/repository/org/eclipse/jetty/jetty-io/9.3.25.v20180904/jetty-io-9.3.25.v20180904.jar:/home/user/.m2/repository/org/eclipse/jetty/jetty-util/9.3.25.v20180904/jetty-util-9.3.25.v20180904.jar:/home/user/.m2/repository/org/eclipse/jetty/jetty-servlet/9.3.25.v20180904/jetty-servlet-9.3.25.v20180904.jar:/home/user/.m2/repository/org/eclipse/jetty/jetty-security/9.3.25.v20180904/jetty-security-9.3.25.v20180904.jar:/home/user/.m2/repository/org/eclipse/jetty/jetty-webapp/9.3.25.v20180904/jetty-webapp-9.3.25.v20180904.jar:/home/user/.m2/repository/org/eclipse/jetty/jetty-xml/9.3.25.v20180904/jetty-xml-9.3.25.v20180904.jar:/home/user/.m2/repository/javax/servlet/jsp/jsp-api/2.1/jsp-api-2.1.jar:/home/user/.m2/repository/com/sun/jersey/jersey-core/1.19/jersey-core-1.19.jar:/home/user/.m2/repository/javax/ws/rs/jsr311-api/1.1.1/jsr311-api-1.1.1.jar:/home/user/.m2/repository/com/sun/jersey/jersey-servlet/1.19/jersey-servlet-1.19.jar:/home/user/.m2/repository/com/sun/jersey/jersey-json/1.19/jersey-json-1.19.jar:/home/user/.m2/repository/org/codehaus/jettison/jettison/1.1/jettison-1.1.jar:/home/user/.m2/repository/com/sun/xml/bind/jaxb-impl/2.3.0.1/jaxb-impl-2.3.0.1.jar:/home/user/.m2/repository/org/codehaus/jackson/jackson-core-asl/1.9.13/jackson-core-asl-1.9.13.jar:/home/user/.m2/repository/org/codehaus/jackson/jackson-mapper-asl/1.9.13/jackson-mapper-asl-1.9.13.jar:/home/user/.m2/repository/org/codehaus/jackson/jackson-jaxrs/1.9.13/jackson-jaxrs-1.9.13.jar:/home/user/.m2/repository/org/codehaus/jackson/jackson-xc/1.9.13/jackson-xc-1.9.13.jar:/home/user/.m2/repository/com/sun/jersey/jersey-server/1.19/jersey-server-1.19.jar:/home/user/.m2/repository/commons-logging/commons-logging/1.1.3/commons-logging-1.1.3.jar:/home/user/.m2/repository/log4j/log4j/1.2.17/log4j-1.2.17.jar:/home/user/.m2/repository/commons-beanutils/commons-beanutils/1.9.4/commons-beanutils-1.9.4.jar:/home/user/.m2/repository/org/apache/commons/commons-configuration2/2.1.1/commons-configuration2-2.1.1.jar:/home/user/.m2/repository/org/apache/commons/commons-lang3/3.7/commons-lang3-3.7.jar:/home/user/.m2/repository/org/apache/commons/commons-text/1.4/commons-text-1.4.jar:/home/user/.m2/repository/org/slf4j/slf4j-api/1.7.25/slf4j-api-1.7.25.jar:/home/user/.m2/repository/org/slf4j/slf4j-log4j12/1.7.25/slf4j-log4j12-1.7.25.jar:/home/user/.m2/repository/org/apache/avro/avro/1.7.7/avro-1.7.7.jar:/home/user/.m2/repository/com/thoughtworks/paranamer/paranamer/2.3/paranamer-2.3.jar:/home/user/.m2/repository/org/xerial/snappy/snappy-java/1.0.5/snappy-java-1.0.5.jar:/home/user/.m2/repository/com/google/re2j/re2j/1.1/re2j-1.1.jar:/home/user/.m2/repository/com/google/protobuf/protobuf-java/2.5.0/protobuf-java-2.5.0.jar:/home/user/.m2/repository/com/google/code/gson/gson/2.2.4/gson-2.2.4.jar:/home/user/.m2/repository/org/apache/hadoop/hadoop-auth/3.2.0/hadoop-auth-3.2.0.jar:/home/user/.m2/repository/com/nimbusds/nimbus-jose-jwt/4.41.1/nimbus-jose-jwt-4.41.1.jar:/home/user/.m2/repository/com/github/stephenc/jcip/jcip-annotations/1.0-1/jcip-annotations-1.0-1.jar:/home/user/.m2/repository/net/minidev/json-smart/2.3/json-smart-2.3.jar:/home/user/.m2/repository/net/minidev/accessors-smart/1.2/accessors-smart-1.2.jar:/home/user/.m2/repository/org/apache/curator/curator-framework/2.12.0/curator-framework-2.12.0.jar:/home/user/.m2/repository/com/jcraft/jsch/0.1.54/jsch-0.1.54.jar:/home/user/.m2/repository/org/apache/curator/curator-client/2.12.0/curator-client-2.12.0.jar:/home/user/.m2/repository/org/apache/curator/curator-recipes/2.12.0/curator-recipes-2.12.0.jar:/home/user/.m2/repository/com/google/code/findbugs/jsr305/3.0.0/jsr305-3.0.0.jar:/home/user/.m2/repository/org/apache/htrace/htrace-core4/4.1.0-incubating/htrace-core4-4.1.0-incubating.jar:/home/user/.m2/repository/org/apache/zookeeper/zookeeper/3.4.13/zookeeper-3.4.13.jar:/home/user/.m2/repository/jline/jline/0.9.94/jline-0.9.94.jar:/home/user/.m2/repository/org/apache/yetus/audience-annotations/0.5.0/audience-annotations-0.5.0.jar:/home/user/.m2/repository/org/apache/commons/commons-compress/1.4.1/commons-compress-1.4.1.jar:/home/user/.m2/repository/org/tukaani/xz/1.0/xz-1.0.jar:/home/user/.m2/repository/org/apache/kerby/kerb-simplekdc/1.0.1/kerb-simplekdc-1.0.1.jar:/home/user/.m2/repository/org/apache/kerby/kerb-client/1.0.1/kerb-client-1.0.1.jar:/home/user/.m2/repository/org/apache/kerby/kerby-config/1.0.1/kerby-config-1.0.1.jar:/home/user/.m2/repository/org/apache/kerby/kerb-core/1.0.1/kerb-core-1.0.1.jar:/home/user/.m2/repository/org/apache/kerby/kerby-pkix/1.0.1/kerby-pkix-1.0.1.jar:/home/user/.m2/repository/org/apache/kerby/kerby-asn1/1.0.1/kerby-asn1-1.0.1.jar:/home/user/.m2/repository/org/apache/kerby/kerby-util/1.0.1/kerby-util-1.0.1.jar:/home/user/.m2/repository/org/apache/kerby/kerb-common/1.0.1/kerb-common-1.0.1.jar:/home/user/.m2/repository/org/apache/kerby/kerb-crypto/1.0.1/kerb-crypto-1.0.1.jar:/home/user/.m2/repository/org/apache/kerby/kerb-util/1.0.1/kerb-util-1.0.1.jar:/home/user/.m2/repository/org/apache/kerby/token-provider/1.0.1/token-provider-1.0.1.jar:/home/user/.m2/repository/org/apache/kerby/kerb-admin/1.0.1/kerb-admin-1.0.1.jar:/home/user/.m2/repository/org/apache/kerby/kerb-server/1.0.1/kerb-server-1.0.1.jar:/home/user/.m2/repository/org/apache/kerby/kerb-identity/1.0.1/kerb-identity-1.0.1.jar:/home/user/.m2/repository/org/apache/kerby/kerby-xdr/1.0.1/kerby-xdr-1.0.1.jar:/home/user/.m2/repository/com/fasterxml/jackson/core/jackson-databind/2.9.9/jackson-databind-2.9.9.jar:/home/user/.m2/repository/com/fasterxml/jackson/core/jackson-annotations/2.9.9/jackson-annotations-2.9.9.jar:/home/user/.m2/repository/com/fasterxml/jackson/core/jackson-core/2.9.9/jackson-core-2.9.9.jar:/home/user/.m2/repository/org/codehaus/woodstox/stax2-api/3.1.4/stax2-api-3.1.4.jar:/home/user/.m2/repository/com/fasterxml/woodstox/woodstox-core/5.0.3/woodstox-core-5.0.3.jar:/home/user/.m2/repository/dnsjava/dnsjava/2.1.7/dnsjava-2.1.7.jar:/home/user/.m2/repository/org/apache/hadoop/hadoop-hdfs/3.2.0/hadoop-hdfs-3.2.0.jar:/home/user/.m2/repository/org/eclipse/jetty/jetty-util-ajax/9.3.25.v20180904/jetty-util-ajax-9.3.25.v20180904.jar:/home/user/.m2/repository/commons-daemon/commons-daemon/1.0.13/commons-daemon-1.0.13.jar:/home/user/.m2/repository/io/netty/netty/3.10.5.Final/netty-3.10.5.Final.jar:/home/user/.m2/repository/io/netty/netty-all/4.0.52.Final/netty-all-4.0.52.Final.jar:/home/user/.m2/repository/org/fusesource/leveldbjni/leveldbjni-all/1.8/leveldbjni-all-1.8.jar:/home/user/.m2/repository/org/apache/hadoop/hadoop-hdds-common/0.5.0-SNAPSHOT/hadoop-hdds-common-0.5.0-SNAPSHOT.jar:/home/user/.m2/repository/org/apache/hadoop/hadoop-hdds-config/0.5.0-SNAPSHOT/hadoop-hdds-config-0.5.0-SNAPSHOT.jar:/home/user/.m2/repository/javax/annotation/javax.annotation-api/1.2/javax.annotation-api-1.2.jar:/home/user/.m2/repository/org/apache/ratis/ratis-server/0.4.0/ratis-server-0.4.0.jar:/home/user/.m2/repository/org/apache/ratis/ratis-thirdparty-misc/0.2.0/ratis-thirdparty-misc-0.2.0.jar:/home/user/.m2/repository/org/apache/ratis/ratis-proto/0.4.0/ratis-proto-0.4.0.jar:/home/user/.m2/repository/org/apache/ratis/ratis-common/0.4.0/ratis-common-0.4.0.jar:/home/user/.m2/repository/org/apache/ratis/ratis-client/0.4.0/ratis-client-0.4.0.jar:/home/user/.m2/repository/org/apache/ratis/ratis-metrics/0.4.0/ratis-metrics-0.4.0.jar:/home/user/.m2/repository/com/github/joshelser/dropwizard-metrics-hadoop-metrics2-reporter/0.1.2/dropwizard-metrics-hadoop-metrics2-reporter-0.1.2.jar:/home/user/.m2/repository/io/dropwizard/metrics/metrics-jvm/3.2.5/metrics-jvm-3.2.5.jar:/home/user/.m2/repository/io/dropwizard/metrics/metrics-ganglia/3.2.5/metrics-ganglia-3.2.5.jar:/home/user/.m2/repository/info/ganglia/gmetric4j/gmetric4j/1.0.7/gmetric4j-1.0.7.jar:/home/user/.m2/repository/org/apache/ratis/ratis-netty/0.4.0/ratis-netty-0.4.0.jar:/home/user/.m2/repository/org/apache/ratis/ratis-grpc/0.4.0/ratis-grpc-0.4.0.jar:/home/user/.m2/repository/org/rocksdb/rocksdbjni/6.0.1/rocksdbjni-6.0.1.jar:/home/user/.m2/repository/org/apache/logging/log4j/log4j-api/2.11.0/log4j-api-2.11.0.jar:/home/user/.m2/repository/org/apache/logging/log4j/log4j-core/2.11.0/log4j-core-2.11.0.jar:/home/user/.m2/repository/com/lmax/disruptor/3.4.2/disruptor-3.4.2.jar:/home/user/.m2/repository/org/apache/commons/commons-pool2/2.6.0/commons-pool2-2.6.0.jar:/home/user/.m2/repository/org/bouncycastle/bcpkix-jdk15on/1.60/bcpkix-jdk15on-1.60.jar:/home/user/.m2/repository/commons-validator/commons-validator/1.6/commons-validator-1.6.jar:/home/user/.m2/repository/commons-digester/commons-digester/1.8.1/commons-digester-1.8.1.jar:/home/user/.m2/repository/io/jaegertracing/jaeger-client/0.34.0/jaeger-client-0.34.0.jar:/home/user/.m2/repository/io/jaegertracing/jaeger-thrift/0.34.0/jaeger-thrift-0.34.0.jar:/home/user/.m2/repository/org/apache/thrift/libthrift/0.12.0/libthrift-0.12.0.jar:/home/user/.m2/repository/com/squareup/okhttp3/okhttp/3.9.0/okhttp-3.9.0.jar:/home/user/.m2/repository/com/squareup/okio/okio/1.13.0/okio-1.13.0.jar:/home/user/.m2/repository/io/jaegertracing/jaeger-core/0.34.0/jaeger-core-0.34.0.jar:/home/user/.m2/repository/io/jaegertracing/jaeger-tracerresolver/0.34.0/jaeger-tracerresolver-0.34.0.jar:/home/user/.m2/repository/io/opentracing/contrib/opentracing-tracerresolver/0.1.5/opentracing-tracerresolver-0.1.5.jar:/home/user/.m2/repository/io/opentracing/opentracing-util/0.31.0/opentracing-util-0.31.0.jar:/home/user/.m2/repository/io/opentracing/opentracing-api/0.31.0/opentracing-api-0.31.0.jar:/home/user/.m2/repository/io/opentracing/opentracing-noop/0.31.0/opentracing-noop-0.31.0.jar:/home/user/.m2/repository/org/yaml/snakeyaml/1.16/snakeyaml-1.16.jar:/home/user/.m2/repository/org/apache/hadoop/hadoop-hdfs-client/3.2.0/hadoop-hdfs-client-3.2.0.jar:/home/user/.m2/repository/info/picocli/picocli/3.9.6/picocli-3.9.6.jar:/home/user/.m2/repository/org/apache/hadoop/hadoop-hdds-server-scm/0.5.0-SNAPSHOT/hadoop-hdds-server-scm-0.5.0-SNAPSHOT.jar:/home/user/.m2/repository/org/apache/hadoop/hadoop-hdds-docs/0.5.0-SNAPSHOT/hadoop-hdds-docs-0.5.0-SNAPSHOT.jar:/home/user/.m2/repository/io/dropwizard/metrics/metrics-core/3.2.4/metrics-core-3.2.4.jar:/home/user/.m2/repository/org/hamcrest/hamcrest-all/1.3/hamcrest-all-1.3.jar:/home/user/.m2/repository/org/bouncycastle/bcprov-jdk15on/1.60/bcprov-jdk15on-1.60.jar:/home/user/.m2/repository/org/apache/hadoop/hadoop-hdds-server-framework/0.5.0-SNAPSHOT/hadoop-hdds-server-framework-0.5.0-SNAPSHOT.jar:/home/user/.m2/repository/org/apache/hadoop/hadoop-ozone-ozone-manager/0.5.0-SNAPSHOT/hadoop-ozone-ozone-manager-0.5.0-SNAPSHOT.jar:/home/user/.m2/repository/org/apache/hadoop/hadoop-hdds-container-service/0.5.0-SNAPSHOT/hadoop-hdds-container-service-0.5.0-SNAPSHOT.jar:/home/user/.m2/repository/org/apache/hadoop/hadoop-hdds-client/0.5.0-SNAPSHOT/hadoop-hdds-client-0.5.0-SNAPSHOT.jar:/home/user/.m2/repository/org/apache/hadoop/hadoop-ozone-common/0.5.0-SNAPSHOT/hadoop-ozone-common-0.5.0-SNAPSHOT.jar:/home/user/.m2/repository/org/apache/hadoop/hadoop-hdds-tools/0.5.0-SNAPSHOT/hadoop-hdds-tools-0.5.0-SNAPSHOT.jar:/home/user/.m2/repository/org/xerial/sqlite-jdbc/3.25.2/sqlite-jdbc-3.25.2.jar:/home/user/.m2/repository/org/apache/httpcomponents/httpclient/4.5.2/httpclient-4.5.2.jar:/home/user/.m2/repository/org/apache/httpcomponents/httpcore/4.4.4/httpcore-4.4.4.jar:/home/user/.m2/repository/com/google/code/findbugs/findbugs/3.0.1/findbugs-3.0.1.jar:/home/user/.m2/repository/net/jcip/jcip-annotations/1.0/jcip-annotations-1.0.jar:/home/user/.m2/repository/com/google/code/findbugs/bcel-findbugs/6.0/bcel-findbugs-6.0.jar:/home/user/.m2/repository/com/google/code/findbugs/jFormatString/2.0.1/jFormatString-2.0.1.jar:/home/user/.m2/repository/dom4j/dom4j/1.6.1/dom4j-1.6.1.jar:/home/user/.m2/repository/xml-apis/xml-apis/1.0.b2/xml-apis-1.0.b2.jar:/home/user/.m2/repository/org/ow2/asm/asm-debug-all/5.0.2/asm-debug-all-5.0.2.jar:/home/user/.m2/repository/org/ow2/asm/asm-commons/5.0.2/asm-commons-5.0.2.jar:/home/user/.m2/repository/org/ow2/asm/asm-tree/5.0.2/asm-tree-5.0.2.jar:/home/user/.m2/repository/org/ow2/asm/asm/5.0.4/asm-5.0.4.jar:/home/user/.m2/repository/commons-lang/commons-lang/2.6/commons-lang-2.6.jar:/home/user/.m2/repository/com/apple/AppleJavaExtensions/1.4/AppleJavaExtensions-1.4.jar:/home/user/.m2/repository/jaxen/jaxen/1.1.6/jaxen-1.1.6.jar:/home/user/.m2/repository/org/apache/hadoop/hadoop-common/3.2.0/hadoop-common-3.2.0-tests.jar:/home/user/.m2/repository/org/apache/hadoop/hadoop-ozone-client/0.5.0-SNAPSHOT/hadoop-ozone-client-0.5.0-SNAPSHOT.jar:/home/user/.m2/repository/org/apache/hadoop/hadoop-hdfs/3.2.0/hadoop-hdfs-3.2.0-tests.jar:/workdir/hadoop-ozone/integration-test/target/test-classes:/home/user/.m2/repository/org/apache/hadoop/hadoop-ozone-s3gateway/0.5.0-SNAPSHOT/hadoop-ozone-s3gateway-0.5.0-SNAPSHOT.jar:/home/user/.m2/repository/org/jboss/weld/servlet/weld-servlet/2.4.7.Final/weld-servlet-2.4.7.Final.jar:/home/user/.m2/repository/org/glassfish/jersey/containers/jersey-container-servlet-core/2.27/jersey-container-servlet-core-2.27.jar:/home/user/.m2/repository/org/glassfish/hk2/external/javax.inject/2.5.0-b42/javax.inject-2.5.0-b42.jar:/home/user/.m2/repository/org/glassfish/jersey/core/jersey-common/2.27/jersey-common-2.27.jar:/home/user/.m2/repository/org/glassfish/hk2/osgi-resource-locator/1.0.1/osgi-resource-locator-1.0.1.jar:/home/user/.m2/repository/javax/ws/rs/javax.ws.rs-api/2.1/javax.ws.rs-api-2.1.jar:/home/user/.m2/repository/org/glassfish/jersey/ext/cdi/jersey-cdi1x/2.27/jersey-cdi1x-2.27.jar:/home/user/.m2/repository/org/glassfish/jersey/inject/jersey-hk2/2.27/jersey-hk2-2.27.jar:/home/user/.m2/repository/org/glassfish/hk2/hk2-locator/2.5.0-b42/hk2-locator-2.5.0-b42.jar:/home/user/.m2/repository/org/javassist/javassist/3.22.0-CR2/javassist-3.22.0-CR2.jar:/home/user/.m2/repository/org/glassfish/hk2/hk2-api/2.5.0/hk2-api-2.5.0.jar:/home/user/.m2/repository/org/glassfish/hk2/external/jakarta.inject/2.5.0/jakarta.inject-2.5.0.jar:/home/user/.m2/repository/org/glassfish/hk2/hk2-utils/2.5.0/hk2-utils-2.5.0.jar:/home/user/.m2/repository/jakarta/annotation/jakarta.annotation-api/1.3.4/jakarta.annotation-api-1.3.4.jar:/home/user/.m2/repository/org/glassfish/hk2/external/aopalliance-repackaged/2.5.0/aopalliance-repackaged-2.5.0.jar:/home/user/.m2/repository/com/fasterxml/jackson/dataformat/jackson-dataformat-xml/2.9.0/jackson-dataformat-xml-2.9.0.jar:/home/user/.m2/repository/com/fasterxml/jackson/module/jackson-module-jaxb-annotations/2.9.9/jackson-module-jaxb-annotations-2.9.9.jar:/home/user/.m2/repository/javax/enterprise/cdi-api/1.2/cdi-api-1.2.jar:/home/user/.m2/repository/javax/el/javax.el-api/3.0.0/javax.el-api-3.0.0.jar:/home/user/.m2/repository/javax/interceptor/javax.interceptor-api/1.2/javax.interceptor-api-1.2.jar:/home/user/.m2/repository/javax/inject/javax.inject/1/javax.inject-1.jar:/home/user/.m2/repository/com/sun/xml/bind/jaxb-core/2.3.0.1/jaxb-core-2.3.0.1.jar:/home/user/.m2/repository/javax/xml/bind/jaxb-api/2.3.0/jaxb-api-2.3.0.jar:/home/user/.m2/repository/javax/activation/activation/1.1.1/activation-1.1.1.jar:/home/user/.m2/repository/org/apache/hadoop/hadoop-ozone-csi/0.5.0-SNAPSHOT/hadoop-ozone-csi-0.5.0-SNAPSHOT.jar:/home/user/.m2/repository/com/google/protobuf/protobuf-java-util/3.5.1/protobuf-java-util-3.5.1.jar:/home/user/.m2/repository/io/grpc/grpc-netty/1.17.1/grpc-netty-1.17.1.jar:/home/user/.m2/repository/io/grpc/grpc-core/1.17.1/grpc-core-1.17.1.jar:/home/user/.m2/repository/io/grpc/grpc-context/1.17.1/grpc-context-1.17.1.jar:/home/user/.m2/repository/com/google/errorprone/error_prone_annotations/2.2.0/error_prone_annotations-2.2.0.jar:/home/user/.m2/repository/org/codehaus/mojo/animal-sniffer-annotations/1.17/animal-sniffer-annotations-1.17.jar:/home/user/.m2/repository/io/opencensus/opencensus-api/0.17.0/opencensus-api-0.17.0.jar:/home/user/.m2/repository/io/opencensus/opencensus-contrib-grpc-metrics/0.17.0/opencensus-contrib-grpc-metrics-0.17.0.jar:/home/user/.m2/repository/io/netty/netty-codec-http2/4.1.30.Final/netty-codec-http2-4.1.30.Final.jar:/home/user/.m2/repository/io/netty/netty-codec-http/4.1.30.Final/netty-codec-http-4.1.30.Final.jar:/home/user/.m2/repository/io/netty/netty-codec/4.1.30.Final/netty-codec-4.1.30.Final.jar:/home/user/.m2/repository/io/netty/netty-handler/4.1.30.Final/netty-handler-4.1.30.Final.jar:/home/user/.m2/repository/io/netty/netty-handler-proxy/4.1.30.Final/netty-handler-proxy-4.1.30.Final.jar:/home/user/.m2/repository/io/netty/netty-codec-socks/4.1.30.Final/netty-codec-socks-4.1.30.Final.jar:/home/user/.m2/repository/io/netty/netty-transport-native-epoll/4.1.30.Final/netty-transport-native-epoll-4.1.30.Final.jar:/home/user/.m2/repository/io/netty/netty-common/4.1.30.Final/netty-common-4.1.30.Final.jar:/home/user/.m2/repository/io/netty/netty-buffer/4.1.30.Final/netty-buffer-4.1.30.Final.jar:/home/user/.m2/repository/io/netty/netty-transport/4.1.30.Final/netty-transport-4.1.30.Final.jar:/home/user/.m2/repository/io/netty/netty-resolver/4.1.30.Final/netty-resolver-4.1.30.Final.jar:/home/user/.m2/repository/io/netty/netty-transport-native-unix-common/4.1.30.Final/netty-transport-native-unix-common-4.1.30.Final.jar:/home/user/.m2/repository/io/grpc/grpc-protobuf/1.17.1/grpc-protobuf-1.17.1.jar:/home/user/.m2/repository/com/google/api/grpc/proto-google-common-protos/1.0.0/proto-google-common-protos-1.0.0.jar:/home/user/.m2/repository/io/grpc/grpc-protobuf-lite/1.17.1/grpc-protobuf-lite-1.17.1.jar:/home/user/.m2/repository/io/grpc/grpc-stub/1.17.1/grpc-stub-1.17.1.jar:/home/user/.m2/repository/org/apache/hadoop/hadoop-ozone-recon/0.5.0-SNAPSHOT/hadoop-ozone-recon-0.5.0-SNAPSHOT.jar:/home/user/.m2/repository/org/apache/hadoop/hadoop-ozone-reconcodegen/0.5.0-SNAPSHOT/hadoop-ozone-reconcodegen-0.5.0-SNAPSHOT.jar:/home/user/.m2/repository/com/google/inject/extensions/guice-multibindings/4.0/guice-multibindings-4.0.jar:/home/user/.m2/repository/com/google/inject/guice/4.0/guice-4.0.jar:/home/user/.m2/repository/aopalliance/aopalliance/1.0/aopalliance-1.0.jar:/home/user/.m2/repository/org/glassfish/jersey/containers/jersey-container-servlet/2.27/jersey-container-servlet-2.27.jar:/home/user/.m2/repository/org/glassfish/hk2/guice-bridge/2.5.0/guice-bridge-2.5.0.jar:/home/user/.m2/repository/org/glassfish/jersey/core/jersey-server/2.27/jersey-server-2.27.jar:/home/user/.m2/repository/org/glassfish/jersey/core/jersey-client/2.27/jersey-client-2.27.jar:/home/user/.m2/repository/org/glassfish/jersey/media/jersey-media-jaxb/2.27/jersey-media-jaxb-2.27.jar:/home/user/.m2/repository/javax/validation/validation-api/1.1.0.Final/validation-api-1.1.0.Final.jar:/home/user/.m2/repository/org/glassfish/jersey/media/jersey-media-json-jackson/2.27/jersey-media-json-jackson-2.27.jar:/home/user/.m2/repository/org/glassfish/jersey/ext/jersey-entity-filtering/2.27/jersey-entity-filtering-2.27.jar:/home/user/.m2/repository/com/google/inject/extensions/guice-assistedinject/4.0/guice-assistedinject-4.0.jar:/home/user/.m2/repository/org/jooq/jooq/3.11.10/jooq-3.11.10.jar:/home/user/.m2/repository/org/jooq/jooq-meta/3.11.10/jooq-meta-3.11.10.jar:/home/user/.m2/repository/org/jooq/jooq-codegen/3.11.10/jooq-codegen-3.11.10.jar:/home/user/.m2/repository/com/jolbox/bonecp/0.8.0.RELEASE/bonecp-0.8.0.RELEASE.jar:/home/user/.m2/repository/org/springframework/spring-jdbc/5.1.3.RELEASE/spring-jdbc-5.1.3.RELEASE.jar:/home/user/.m2/repository/org/springframework/spring-beans/5.1.3.RELEASE/spring-beans-5.1.3.RELEASE.jar:/home/user/.m2/repository/org/springframework/spring-core/5.1.3.RELEASE/spring-core-5.1.3.RELEASE.jar:/home/user/.m2/repository/org/springframework/spring-jcl/5.1.3.RELEASE/spring-jcl-5.1.3.RELEASE.jar:/home/user/.m2/repository/org/springframework/spring-tx/5.1.3.RELEASE/spring-tx-5.1.3.RELEASE.jar:/home/user/.m2/repository/org/mockito/mockito-all/1.10.19/mockito-all-1.10.19.jar:/home/user/.m2/repository/junit/junit/4.11/junit-4.11.jar:/home/user/.m2/repository/org/hamcrest/hamcrest-core/1.3/hamcrest-core-1.3.jar:/home/user/.m2/repository/org/apache/hadoop/hadoop-distcp/3.2.0/hadoop-distcp-3.2.0.jar:/home/user/.m2/repository/org/apache/hadoop/hadoop-distcp/3.2.0/hadoop-distcp-3.2.0-tests.jar:/home/user/.m2/repository/org/apache/hadoop/hadoop-mapreduce-client-jobclient/3.2.0/hadoop-mapreduce-client-jobclient-3.2.0.jar:/home/user/.m2/repository/org/apache/hadoop/hadoop-mapreduce-client-common/3.2.0/hadoop-mapreduce-client-common-3.2.0.jar:/home/user/.m2/repository/org/apache/hadoop/hadoop-yarn-common/3.2.0/hadoop-yarn-common-3.2.0.jar:/home/user/.m2/repository/org/apache/hadoop/hadoop-yarn-api/3.2.0/hadoop-yarn-api-3.2.0.jar:/home/user/.m2/repository/com/sun/jersey/jersey-client/1.19/jersey-client-1.19.jar:/home/user/.m2/repository/com/sun/jersey/contribs/jersey-guice/1.19/jersey-guice-1.19.jar:/home/user/.m2/repository/com/fasterxml/jackson/jaxrs/jackson-jaxrs-json-provider/2.9.9/jackson-jaxrs-json-provider-2.9.9.jar:/home/user/.m2/repository/com/fasterxml/jackson/jaxrs/jackson-jaxrs-base/2.9.9/jackson-jaxrs-base-2.9.9.jar:/home/user/.m2/repository/org/apache/hadoop/hadoop-yarn-client/3.2.0/hadoop-yarn-client-3.2.0.jar:/home/user/.m2/repository/org/apache/hadoop/hadoop-mapreduce-client-core/3.2.0/hadoop-mapreduce-client-core-3.2.0.jar:/home/user/.m2/repository/com/google/inject/extensions/guice-servlet/4.0/guice-servlet-4.0.jar:/home/user/.m2/repository/org/powermock/powermock-module-junit4/1.6.5/powermock-module-junit4-1.6.5.jar:/home/user/.m2/repository/org/powermock/powermock-module-junit4-common/1.6.5/powermock-module-junit4-common-1.6.5.jar:/home/user/.m2/repository/org/powermock/powermock-core/1.6.5/powermock-core-1.6.5.jar:/home/user/.m2/repository/org/powermock/powermock-reflect/1.6.5/powermock-reflect-1.6.5.jar:/home/user/.m2/repository/org/powermock/powermock-api-mockito/1.6.5/powermock-api-mockito-1.6.5.jar:/home/user/.m2/repository/org/mockito/mockito-core/1.10.19/mockito-core-1.10.19.jar:/home/user/.m2/repository/org/objenesis/objenesis/1.0/objenesis-1.0.jar:/home/user/.m2/repository/org/powermock/powermock-api-mockito-common/1.6.5/powermock-api-mockito-common-1.6.5.jar:/home/user/.m2/repository/org/powermock/powermock-api-support/1.6.5/powermock-api-support-1.6.5.jar:"/>
    <property name="java.vm.vendor" value="IcedTea"/>
    <property name="sun.arch.data.model" value="64"/>
    <property name="test.build.dir" value="/workdir/hadoop-ozone/ozonefs/target/test-dir"/>
    <property name="test.cache.data" value=""/>
    <property name="java.vendor.url" value="https://icedtea.classpath.org"/>
    <property name="user.timezone" value=""/>
    <property name="java.vm.specification.version" value="1.8"/>
    <property name="os.name" value="Linux"/>
    <property name="test.build.data" value="/workdir/hadoop-ozone/ozonefs/target/test-dir"/>
    <property name="user.country" value="US"/>
    <property name="sun.java.launcher" value="SUN_STANDARD"/>
    <property name="sun.boot.library.path" value="/usr/lib/jvm/java-1.8-openjdk/jre/lib/amd64"/>
    <property name="sun.java.command" value="/workdir/hadoop-ozone/ozonefs/target/surefire/surefirebooter5540255080130690167.jar /workdir/hadoop-ozone/ozonefs/target/surefire 2019-09-25T04-24-54_173-jvmRun1 surefire1449754809182862641tmp surefire_991656448422883545343tmp"/>
    <property name="test" value="!TestMiniChaosOzoneCluster"/>
    <property name="surefire.test.class.path" value="/workdir/hadoop-ozone/ozonefs/target/test-classes:/workdir/hadoop-ozone/ozonefs/target/classes:/home/user/.m2/repository/org/apache/hadoop/hadoop-common/3.2.0/hadoop-common-3.2.0.jar:/home/user/.m2/repository/org/apache/hadoop/hadoop-annotations/3.2.0/hadoop-annotations-3.2.0.jar:/usr/lib/jvm/java-1.8-openjdk/jre/../lib/tools.jar:/home/user/.m2/repository/com/google/guava/guava/11.0.2/guava-11.0.2.jar:/home/user/.m2/repository/commons-cli/commons-cli/1.2/commons-cli-1.2.jar:/home/user/.m2/repository/org/apache/commons/commons-math3/3.1.1/commons-math3-3.1.1.jar:/home/user/.m2/repository/commons-codec/commons-codec/1.11/commons-codec-1.11.jar:/home/user/.m2/repository/commons-io/commons-io/2.5/commons-io-2.5.jar:/home/user/.m2/repository/commons-net/commons-net/3.6/commons-net-3.6.jar:/home/user/.m2/repository/commons-collections/commons-collections/3.2.2/commons-collections-3.2.2.jar:/home/user/.m2/repository/javax/servlet/javax.servlet-api/3.1.0/javax.servlet-api-3.1.0.jar:/home/user/.m2/repository/org/eclipse/jetty/jetty-server/9.3.25.v20180904/jetty-server-9.3.25.v20180904.jar:/home/user/.m2/repository/org/eclipse/jetty/jetty-http/9.3.25.v20180904/jetty-http-9.3.25.v20180904.jar:/home/user/.m2/repository/org/eclipse/jetty/jetty-io/9.3.25.v20180904/jetty-io-9.3.25.v20180904.jar:/home/user/.m2/repository/org/eclipse/jetty/jetty-util/9.3.25.v20180904/jetty-util-9.3.25.v20180904.jar:/home/user/.m2/repository/org/eclipse/jetty/jetty-servlet/9.3.25.v20180904/jetty-servlet-9.3.25.v20180904.jar:/home/user/.m2/repository/org/eclipse/jetty/jetty-security/9.3.25.v20180904/jetty-security-9.3.25.v20180904.jar:/home/user/.m2/repository/org/eclipse/jetty/jetty-webapp/9.3.25.v20180904/jetty-webapp-9.3.25.v20180904.jar:/home/user/.m2/repository/org/eclipse/jetty/jetty-xml/9.3.25.v20180904/jetty-xml-9.3.25.v20180904.jar:/home/user/.m2/repository/javax/servlet/jsp/jsp-api/2.1/jsp-api-2.1.jar:/home/user/.m2/repository/com/sun/jersey/jersey-core/1.19/jersey-core-1.19.jar:/home/user/.m2/repository/javax/ws/rs/jsr311-api/1.1.1/jsr311-api-1.1.1.jar:/home/user/.m2/repository/com/sun/jersey/jersey-servlet/1.19/jersey-servlet-1.19.jar:/home/user/.m2/repository/com/sun/jersey/jersey-json/1.19/jersey-json-1.19.jar:/home/user/.m2/repository/org/codehaus/jettison/jettison/1.1/jettison-1.1.jar:/home/user/.m2/repository/com/sun/xml/bind/jaxb-impl/2.3.0.1/jaxb-impl-2.3.0.1.jar:/home/user/.m2/repository/org/codehaus/jackson/jackson-core-asl/1.9.13/jackson-core-asl-1.9.13.jar:/home/user/.m2/repository/org/codehaus/jackson/jackson-mapper-asl/1.9.13/jackson-mapper-asl-1.9.13.jar:/home/user/.m2/repository/org/codehaus/jackson/jackson-jaxrs/1.9.13/jackson-jaxrs-1.9.13.jar:/home/user/.m2/repository/org/codehaus/jackson/jackson-xc/1.9.13/jackson-xc-1.9.13.jar:/home/user/.m2/repository/com/sun/jersey/jersey-server/1.19/jersey-server-1.19.jar:/home/user/.m2/repository/commons-logging/commons-logging/1.1.3/commons-logging-1.1.3.jar:/home/user/.m2/repository/log4j/log4j/1.2.17/log4j-1.2.17.jar:/home/user/.m2/repository/commons-beanutils/commons-beanutils/1.9.4/commons-beanutils-1.9.4.jar:/home/user/.m2/repository/org/apache/commons/commons-configuration2/2.1.1/commons-configuration2-2.1.1.jar:/home/user/.m2/repository/org/apache/commons/commons-lang3/3.7/commons-lang3-3.7.jar:/home/user/.m2/repository/org/apache/commons/commons-text/1.4/commons-text-1.4.jar:/home/user/.m2/repository/org/slf4j/slf4j-api/1.7.25/slf4j-api-1.7.25.jar:/home/user/.m2/repository/org/slf4j/slf4j-log4j12/1.7.25/slf4j-log4j12-1.7.25.jar:/home/user/.m2/repository/org/apache/avro/avro/1.7.7/avro-1.7.7.jar:/home/user/.m2/repository/com/thoughtworks/paranamer/paranamer/2.3/paranamer-2.3.jar:/home/user/.m2/repository/org/xerial/snappy/snappy-java/1.0.5/snappy-java-1.0.5.jar:/home/user/.m2/repository/com/google/re2j/re2j/1.1/re2j-1.1.jar:/home/user/.m2/repository/com/google/protobuf/protobuf-java/2.5.0/protobuf-java-2.5.0.jar:/home/user/.m2/repository/com/google/code/gson/gson/2.2.4/gson-2.2.4.jar:/home/user/.m2/repository/org/apache/hadoop/hadoop-auth/3.2.0/hadoop-auth-3.2.0.jar:/home/user/.m2/repository/com/nimbusds/nimbus-jose-jwt/4.41.1/nimbus-jose-jwt-4.41.1.jar:/home/user/.m2/repository/com/github/stephenc/jcip/jcip-annotations/1.0-1/jcip-annotations-1.0-1.jar:/home/user/.m2/repository/net/minidev/json-smart/2.3/json-smart-2.3.jar:/home/user/.m2/repository/net/minidev/accessors-smart/1.2/accessors-smart-1.2.jar:/home/user/.m2/repository/org/apache/curator/curator-framework/2.12.0/curator-framework-2.12.0.jar:/home/user/.m2/repository/com/jcraft/jsch/0.1.54/jsch-0.1.54.jar:/home/user/.m2/repository/org/apache/curator/curator-client/2.12.0/curator-client-2.12.0.jar:/home/user/.m2/repository/org/apache/curator/curator-recipes/2.12.0/curator-recipes-2.12.0.jar:/home/user/.m2/repository/com/google/code/findbugs/jsr305/3.0.0/jsr305-3.0.0.jar:/home/user/.m2/repository/org/apache/htrace/htrace-core4/4.1.0-incubating/htrace-core4-4.1.0-incubating.jar:/home/user/.m2/repository/org/apache/zookeeper/zookeeper/3.4.13/zookeeper-3.4.13.jar:/home/user/.m2/repository/jline/jline/0.9.94/jline-0.9.94.jar:/home/user/.m2/repository/org/apache/yetus/audience-annotations/0.5.0/audience-annotations-0.5.0.jar:/home/user/.m2/repository/org/apache/commons/commons-compress/1.4.1/commons-compress-1.4.1.jar:/home/user/.m2/repository/org/tukaani/xz/1.0/xz-1.0.jar:/home/user/.m2/repository/org/apache/kerby/kerb-simplekdc/1.0.1/kerb-simplekdc-1.0.1.jar:/home/user/.m2/repository/org/apache/kerby/kerb-client/1.0.1/kerb-client-1.0.1.jar:/home/user/.m2/repository/org/apache/kerby/kerby-config/1.0.1/kerby-config-1.0.1.jar:/home/user/.m2/repository/org/apache/kerby/kerb-core/1.0.1/kerb-core-1.0.1.jar:/home/user/.m2/repository/org/apache/kerby/kerby-pkix/1.0.1/kerby-pkix-1.0.1.jar:/home/user/.m2/repository/org/apache/kerby/kerby-asn1/1.0.1/kerby-asn1-1.0.1.jar:/home/user/.m2/repository/org/apache/kerby/kerby-util/1.0.1/kerby-util-1.0.1.jar:/home/user/.m2/repository/org/apache/kerby/kerb-common/1.0.1/kerb-common-1.0.1.jar:/home/user/.m2/repository/org/apache/kerby/kerb-crypto/1.0.1/kerb-crypto-1.0.1.jar:/home/user/.m2/repository/org/apache/kerby/kerb-util/1.0.1/kerb-util-1.0.1.jar:/home/user/.m2/repository/org/apache/kerby/token-provider/1.0.1/token-provider-1.0.1.jar:/home/user/.m2/repository/org/apache/kerby/kerb-admin/1.0.1/kerb-admin-1.0.1.jar:/home/user/.m2/repository/org/apache/kerby/kerb-server/1.0.1/kerb-server-1.0.1.jar:/home/user/.m2/repository/org/apache/kerby/kerb-identity/1.0.1/kerb-identity-1.0.1.jar:/home/user/.m2/repository/org/apache/kerby/kerby-xdr/1.0.1/kerby-xdr-1.0.1.jar:/home/user/.m2/repository/com/fasterxml/jackson/core/jackson-databind/2.9.9/jackson-databind-2.9.9.jar:/home/user/.m2/repository/com/fasterxml/jackson/core/jackson-annotations/2.9.9/jackson-annotations-2.9.9.jar:/home/user/.m2/repository/com/fasterxml/jackson/core/jackson-core/2.9.9/jackson-core-2.9.9.jar:/home/user/.m2/repository/org/codehaus/woodstox/stax2-api/3.1.4/stax2-api-3.1.4.jar:/home/user/.m2/repository/com/fasterxml/woodstox/woodstox-core/5.0.3/woodstox-core-5.0.3.jar:/home/user/.m2/repository/dnsjava/dnsjava/2.1.7/dnsjava-2.1.7.jar:/home/user/.m2/repository/org/apache/hadoop/hadoop-hdfs/3.2.0/hadoop-hdfs-3.2.0.jar:/home/user/.m2/repository/org/eclipse/jetty/jetty-util-ajax/9.3.25.v20180904/jetty-util-ajax-9.3.25.v20180904.jar:/home/user/.m2/repository/commons-daemon/commons-daemon/1.0.13/commons-daemon-1.0.13.jar:/home/user/.m2/repository/io/netty/netty/3.10.5.Final/netty-3.10.5.Final.jar:/home/user/.m2/repository/io/netty/netty-all/4.0.52.Final/netty-all-4.0.52.Final.jar:/home/user/.m2/repository/org/fusesource/leveldbjni/leveldbjni-all/1.8/leveldbjni-all-1.8.jar:/home/user/.m2/repository/org/apache/hadoop/hadoop-hdds-common/0.5.0-SNAPSHOT/hadoop-hdds-common-0.5.0-SNAPSHOT.jar:/home/user/.m2/repository/org/apache/hadoop/hadoop-hdds-config/0.5.0-SNAPSHOT/hadoop-hdds-config-0.5.0-SNAPSHOT.jar:/home/user/.m2/repository/javax/annotation/javax.annotation-api/1.2/javax.annotation-api-1.2.jar:/home/user/.m2/repository/org/apache/ratis/ratis-server/0.4.0/ratis-server-0.4.0.jar:/home/user/.m2/repository/org/apache/ratis/ratis-thirdparty-misc/0.2.0/ratis-thirdparty-misc-0.2.0.jar:/home/user/.m2/repository/org/apache/ratis/ratis-proto/0.4.0/ratis-proto-0.4.0.jar:/home/user/.m2/repository/org/apache/ratis/ratis-common/0.4.0/ratis-common-0.4.0.jar:/home/user/.m2/repository/org/apache/ratis/ratis-client/0.4.0/ratis-client-0.4.0.jar:/home/user/.m2/repository/org/apache/ratis/ratis-metrics/0.4.0/ratis-metrics-0.4.0.jar:/home/user/.m2/repository/com/github/joshelser/dropwizard-metrics-hadoop-metrics2-reporter/0.1.2/dropwizard-metrics-hadoop-metrics2-reporter-0.1.2.jar:/home/user/.m2/repository/io/dropwizard/metrics/metrics-jvm/3.2.5/metrics-jvm-3.2.5.jar:/home/user/.m2/repository/io/dropwizard/metrics/metrics-ganglia/3.2.5/metrics-ganglia-3.2.5.jar:/home/user/.m2/repository/info/ganglia/gmetric4j/gmetric4j/1.0.7/gmetric4j-1.0.7.jar:/home/user/.m2/repository/org/apache/ratis/ratis-netty/0.4.0/ratis-netty-0.4.0.jar:/home/user/.m2/repository/org/apache/ratis/ratis-grpc/0.4.0/ratis-grpc-0.4.0.jar:/home/user/.m2/repository/org/rocksdb/rocksdbjni/6.0.1/rocksdbjni-6.0.1.jar:/home/user/.m2/repository/org/apache/logging/log4j/log4j-api/2.11.0/log4j-api-2.11.0.jar:/home/user/.m2/repository/org/apache/logging/log4j/log4j-core/2.11.0/log4j-core-2.11.0.jar:/home/user/.m2/repository/com/lmax/disruptor/3.4.2/disruptor-3.4.2.jar:/home/user/.m2/repository/org/apache/commons/commons-pool2/2.6.0/commons-pool2-2.6.0.jar:/home/user/.m2/repository/org/bouncycastle/bcpkix-jdk15on/1.60/bcpkix-jdk15on-1.60.jar:/home/user/.m2/repository/commons-validator/commons-validator/1.6/commons-validator-1.6.jar:/home/user/.m2/repository/commons-digester/commons-digester/1.8.1/commons-digester-1.8.1.jar:/home/user/.m2/repository/io/jaegertracing/jaeger-client/0.34.0/jaeger-client-0.34.0.jar:/home/user/.m2/repository/io/jaegertracing/jaeger-thrift/0.34.0/jaeger-thrift-0.34.0.jar:/home/user/.m2/repository/org/apache/thrift/libthrift/0.12.0/libthrift-0.12.0.jar:/home/user/.m2/repository/com/squareup/okhttp3/okhttp/3.9.0/okhttp-3.9.0.jar:/home/user/.m2/repository/com/squareup/okio/okio/1.13.0/okio-1.13.0.jar:/home/user/.m2/repository/io/jaegertracing/jaeger-core/0.34.0/jaeger-core-0.34.0.jar:/home/user/.m2/repository/io/jaegertracing/jaeger-tracerresolver/0.34.0/jaeger-tracerresolver-0.34.0.jar:/home/user/.m2/repository/io/opentracing/contrib/opentracing-tracerresolver/0.1.5/opentracing-tracerresolver-0.1.5.jar:/home/user/.m2/repository/io/opentracing/opentracing-util/0.31.0/opentracing-util-0.31.0.jar:/home/user/.m2/repository/io/opentracing/opentracing-api/0.31.0/opentracing-api-0.31.0.jar:/home/user/.m2/repository/io/opentracing/opentracing-noop/0.31.0/opentracing-noop-0.31.0.jar:/home/user/.m2/repository/org/yaml/snakeyaml/1.16/snakeyaml-1.16.jar:/home/user/.m2/repository/org/apache/hadoop/hadoop-hdfs-client/3.2.0/hadoop-hdfs-client-3.2.0.jar:/home/user/.m2/repository/info/picocli/picocli/3.9.6/picocli-3.9.6.jar:/home/user/.m2/repository/org/apache/hadoop/hadoop-hdds-server-scm/0.5.0-SNAPSHOT/hadoop-hdds-server-scm-0.5.0-SNAPSHOT.jar:/home/user/.m2/repository/org/apache/hadoop/hadoop-hdds-docs/0.5.0-SNAPSHOT/hadoop-hdds-docs-0.5.0-SNAPSHOT.jar:/home/user/.m2/repository/io/dropwizard/metrics/metrics-core/3.2.4/metrics-core-3.2.4.jar:/home/user/.m2/repository/org/hamcrest/hamcrest-all/1.3/hamcrest-all-1.3.jar:/home/user/.m2/repository/org/bouncycastle/bcprov-jdk15on/1.60/bcprov-jdk15on-1.60.jar:/home/user/.m2/repository/org/apache/hadoop/hadoop-hdds-server-framework/0.5.0-SNAPSHOT/hadoop-hdds-server-framework-0.5.0-SNAPSHOT.jar:/home/user/.m2/repository/org/apache/hadoop/hadoop-ozone-ozone-manager/0.5.0-SNAPSHOT/hadoop-ozone-ozone-manager-0.5.0-SNAPSHOT.jar:/home/user/.m2/repository/org/apache/hadoop/hadoop-hdds-container-service/0.5.0-SNAPSHOT/hadoop-hdds-container-service-0.5.0-SNAPSHOT.jar:/home/user/.m2/repository/org/apache/hadoop/hadoop-hdds-client/0.5.0-SNAPSHOT/hadoop-hdds-client-0.5.0-SNAPSHOT.jar:/home/user/.m2/repository/org/apache/hadoop/hadoop-ozone-common/0.5.0-SNAPSHOT/hadoop-ozone-common-0.5.0-SNAPSHOT.jar:/home/user/.m2/repository/org/apache/hadoop/hadoop-hdds-tools/0.5.0-SNAPSHOT/hadoop-hdds-tools-0.5.0-SNAPSHOT.jar:/home/user/.m2/repository/org/xerial/sqlite-jdbc/3.25.2/sqlite-jdbc-3.25.2.jar:/home/user/.m2/repository/org/apache/httpcomponents/httpclient/4.5.2/httpclient-4.5.2.jar:/home/user/.m2/repository/org/apache/httpcomponents/httpcore/4.4.4/httpcore-4.4.4.jar:/home/user/.m2/repository/com/google/code/findbugs/findbugs/3.0.1/findbugs-3.0.1.jar:/home/user/.m2/repository/net/jcip/jcip-annotations/1.0/jcip-annotations-1.0.jar:/home/user/.m2/repository/com/google/code/findbugs/bcel-findbugs/6.0/bcel-findbugs-6.0.jar:/home/user/.m2/repository/com/google/code/findbugs/jFormatString/2.0.1/jFormatString-2.0.1.jar:/home/user/.m2/repository/dom4j/dom4j/1.6.1/dom4j-1.6.1.jar:/home/user/.m2/repository/xml-apis/xml-apis/1.0.b2/xml-apis-1.0.b2.jar:/home/user/.m2/repository/org/ow2/asm/asm-debug-all/5.0.2/asm-debug-all-5.0.2.jar:/home/user/.m2/repository/org/ow2/asm/asm-commons/5.0.2/asm-commons-5.0.2.jar:/home/user/.m2/repository/org/ow2/asm/asm-tree/5.0.2/asm-tree-5.0.2.jar:/home/user/.m2/repository/org/ow2/asm/asm/5.0.4/asm-5.0.4.jar:/home/user/.m2/repository/commons-lang/commons-lang/2.6/commons-lang-2.6.jar:/home/user/.m2/repository/com/apple/AppleJavaExtensions/1.4/AppleJavaExtensions-1.4.jar:/home/user/.m2/repository/jaxen/jaxen/1.1.6/jaxen-1.1.6.jar:/home/user/.m2/repository/org/apache/hadoop/hadoop-common/3.2.0/hadoop-common-3.2.0-tests.jar:/home/user/.m2/repository/org/apache/hadoop/hadoop-ozone-client/0.5.0-SNAPSHOT/hadoop-ozone-client-0.5.0-SNAPSHOT.jar:/home/user/.m2/repository/org/apache/hadoop/hadoop-hdfs/3.2.0/hadoop-hdfs-3.2.0-tests.jar:/workdir/hadoop-ozone/integration-test/target/test-classes:/home/user/.m2/repository/org/apache/hadoop/hadoop-ozone-s3gateway/0.5.0-SNAPSHOT/hadoop-ozone-s3gateway-0.5.0-SNAPSHOT.jar:/home/user/.m2/repository/org/jboss/weld/servlet/weld-servlet/2.4.7.Final/weld-servlet-2.4.7.Final.jar:/home/user/.m2/repository/org/glassfish/jersey/containers/jersey-container-servlet-core/2.27/jersey-container-servlet-core-2.27.jar:/home/user/.m2/repository/org/glassfish/hk2/external/javax.inject/2.5.0-b42/javax.inject-2.5.0-b42.jar:/home/user/.m2/repository/org/glassfish/jersey/core/jersey-common/2.27/jersey-common-2.27.jar:/home/user/.m2/repository/org/glassfish/hk2/osgi-resource-locator/1.0.1/osgi-resource-locator-1.0.1.jar:/home/user/.m2/repository/javax/ws/rs/javax.ws.rs-api/2.1/javax.ws.rs-api-2.1.jar:/home/user/.m2/repository/org/glassfish/jersey/ext/cdi/jersey-cdi1x/2.27/jersey-cdi1x-2.27.jar:/home/user/.m2/repository/org/glassfish/jersey/inject/jersey-hk2/2.27/jersey-hk2-2.27.jar:/home/user/.m2/repository/org/glassfish/hk2/hk2-locator/2.5.0-b42/hk2-locator-2.5.0-b42.jar:/home/user/.m2/repository/org/javassist/javassist/3.22.0-CR2/javassist-3.22.0-CR2.jar:/home/user/.m2/repository/org/glassfish/hk2/hk2-api/2.5.0/hk2-api-2.5.0.jar:/home/user/.m2/repository/org/glassfish/hk2/external/jakarta.inject/2.5.0/jakarta.inject-2.5.0.jar:/home/user/.m2/repository/org/glassfish/hk2/hk2-utils/2.5.0/hk2-utils-2.5.0.jar:/home/user/.m2/repository/jakarta/annotation/jakarta.annotation-api/1.3.4/jakarta.annotation-api-1.3.4.jar:/home/user/.m2/repository/org/glassfish/hk2/external/aopalliance-repackaged/2.5.0/aopalliance-repackaged-2.5.0.jar:/home/user/.m2/repository/com/fasterxml/jackson/dataformat/jackson-dataformat-xml/2.9.0/jackson-dataformat-xml-2.9.0.jar:/home/user/.m2/repository/com/fasterxml/jackson/module/jackson-module-jaxb-annotations/2.9.9/jackson-module-jaxb-annotations-2.9.9.jar:/home/user/.m2/repository/javax/enterprise/cdi-api/1.2/cdi-api-1.2.jar:/home/user/.m2/repository/javax/el/javax.el-api/3.0.0/javax.el-api-3.0.0.jar:/home/user/.m2/repository/javax/interceptor/javax.interceptor-api/1.2/javax.interceptor-api-1.2.jar:/home/user/.m2/repository/javax/inject/javax.inject/1/javax.inject-1.jar:/home/user/.m2/repository/com/sun/xml/bind/jaxb-core/2.3.0.1/jaxb-core-2.3.0.1.jar:/home/user/.m2/repository/javax/xml/bind/jaxb-api/2.3.0/jaxb-api-2.3.0.jar:/home/user/.m2/repository/javax/activation/activation/1.1.1/activation-1.1.1.jar:/home/user/.m2/repository/org/apache/hadoop/hadoop-ozone-csi/0.5.0-SNAPSHOT/hadoop-ozone-csi-0.5.0-SNAPSHOT.jar:/home/user/.m2/repository/com/google/protobuf/protobuf-java-util/3.5.1/protobuf-java-util-3.5.1.jar:/home/user/.m2/repository/io/grpc/grpc-netty/1.17.1/grpc-netty-1.17.1.jar:/home/user/.m2/repository/io/grpc/grpc-core/1.17.1/grpc-core-1.17.1.jar:/home/user/.m2/repository/io/grpc/grpc-context/1.17.1/grpc-context-1.17.1.jar:/home/user/.m2/repository/com/google/errorprone/error_prone_annotations/2.2.0/error_prone_annotations-2.2.0.jar:/home/user/.m2/repository/org/codehaus/mojo/animal-sniffer-annotations/1.17/animal-sniffer-annotations-1.17.jar:/home/user/.m2/repository/io/opencensus/opencensus-api/0.17.0/opencensus-api-0.17.0.jar:/home/user/.m2/repository/io/opencensus/opencensus-contrib-grpc-metrics/0.17.0/opencensus-contrib-grpc-metrics-0.17.0.jar:/home/user/.m2/repository/io/netty/netty-codec-http2/4.1.30.Final/netty-codec-http2-4.1.30.Final.jar:/home/user/.m2/repository/io/netty/netty-codec-http/4.1.30.Final/netty-codec-http-4.1.30.Final.jar:/home/user/.m2/repository/io/netty/netty-codec/4.1.30.Final/netty-codec-4.1.30.Final.jar:/home/user/.m2/repository/io/netty/netty-handler/4.1.30.Final/netty-handler-4.1.30.Final.jar:/home/user/.m2/repository/io/netty/netty-handler-proxy/4.1.30.Final/netty-handler-proxy-4.1.30.Final.jar:/home/user/.m2/repository/io/netty/netty-codec-socks/4.1.30.Final/netty-codec-socks-4.1.30.Final.jar:/home/user/.m2/repository/io/netty/netty-transport-native-epoll/4.1.30.Final/netty-transport-native-epoll-4.1.30.Final.jar:/home/user/.m2/repository/io/netty/netty-common/4.1.30.Final/netty-common-4.1.30.Final.jar:/home/user/.m2/repository/io/netty/netty-buffer/4.1.30.Final/netty-buffer-4.1.30.Final.jar:/home/user/.m2/repository/io/netty/netty-transport/4.1.30.Final/netty-transport-4.1.30.Final.jar:/home/user/.m2/repository/io/netty/netty-resolver/4.1.30.Final/netty-resolver-4.1.30.Final.jar:/home/user/.m2/repository/io/netty/netty-transport-native-unix-common/4.1.30.Final/netty-transport-native-unix-common-4.1.30.Final.jar:/home/user/.m2/repository/io/grpc/grpc-protobuf/1.17.1/grpc-protobuf-1.17.1.jar:/home/user/.m2/repository/com/google/api/grpc/proto-google-common-protos/1.0.0/proto-google-common-protos-1.0.0.jar:/home/user/.m2/repository/io/grpc/grpc-protobuf-lite/1.17.1/grpc-protobuf-lite-1.17.1.jar:/home/user/.m2/repository/io/grpc/grpc-stub/1.17.1/grpc-stub-1.17.1.jar:/home/user/.m2/repository/org/apache/hadoop/hadoop-ozone-recon/0.5.0-SNAPSHOT/hadoop-ozone-recon-0.5.0-SNAPSHOT.jar:/home/user/.m2/repository/org/apache/hadoop/hadoop-ozone-reconcodegen/0.5.0-SNAPSHOT/hadoop-ozone-reconcodegen-0.5.0-SNAPSHOT.jar:/home/user/.m2/repository/com/google/inject/extensions/guice-multibindings/4.0/guice-multibindings-4.0.jar:/home/user/.m2/repository/com/google/inject/guice/4.0/guice-4.0.jar:/home/user/.m2/repository/aopalliance/aopalliance/1.0/aopalliance-1.0.jar:/home/user/.m2/repository/org/glassfish/jersey/containers/jersey-container-servlet/2.27/jersey-container-servlet-2.27.jar:/home/user/.m2/repository/org/glassfish/hk2/guice-bridge/2.5.0/guice-bridge-2.5.0.jar:/home/user/.m2/repository/org/glassfish/jersey/core/jersey-server/2.27/jersey-server-2.27.jar:/home/user/.m2/repository/org/glassfish/jersey/core/jersey-client/2.27/jersey-client-2.27.jar:/home/user/.m2/repository/org/glassfish/jersey/media/jersey-media-jaxb/2.27/jersey-media-jaxb-2.27.jar:/home/user/.m2/repository/javax/validation/validation-api/1.1.0.Final/validation-api-1.1.0.Final.jar:/home/user/.m2/repository/org/glassfish/jersey/media/jersey-media-json-jackson/2.27/jersey-media-json-jackson-2.27.jar:/home/user/.m2/repository/org/glassfish/jersey/ext/jersey-entity-filtering/2.27/jersey-entity-filtering-2.27.jar:/home/user/.m2/repository/com/google/inject/extensions/guice-assistedinject/4.0/guice-assistedinject-4.0.jar:/home/user/.m2/repository/org/jooq/jooq/3.11.10/jooq-3.11.10.jar:/home/user/.m2/repository/org/jooq/jooq-meta/3.11.10/jooq-meta-3.11.10.jar:/home/user/.m2/repository/org/jooq/jooq-codegen/3.11.10/jooq-codegen-3.11.10.jar:/home/user/.m2/repository/com/jolbox/bonecp/0.8.0.RELEASE/bonecp-0.8.0.RELEASE.jar:/home/user/.m2/repository/org/springframework/spring-jdbc/5.1.3.RELEASE/spring-jdbc-5.1.3.RELEASE.jar:/home/user/.m2/repository/org/springframework/spring-beans/5.1.3.RELEASE/spring-beans-5.1.3.RELEASE.jar:/home/user/.m2/repository/org/springframework/spring-core/5.1.3.RELEASE/spring-core-5.1.3.RELEASE.jar:/home/user/.m2/repository/org/springframework/spring-jcl/5.1.3.RELEASE/spring-jcl-5.1.3.RELEASE.jar:/home/user/.m2/repository/org/springframework/spring-tx/5.1.3.RELEASE/spring-tx-5.1.3.RELEASE.jar:/home/user/.m2/repository/org/mockito/mockito-all/1.10.19/mockito-all-1.10.19.jar:/home/user/.m2/repository/junit/junit/4.11/junit-4.11.jar:/home/user/.m2/repository/org/hamcrest/hamcrest-core/1.3/hamcrest-core-1.3.jar:/home/user/.m2/repository/org/apache/hadoop/hadoop-distcp/3.2.0/hadoop-distcp-3.2.0.jar:/home/user/.m2/repository/org/apache/hadoop/hadoop-distcp/3.2.0/hadoop-distcp-3.2.0-tests.jar:/home/user/.m2/repository/org/apache/hadoop/hadoop-mapreduce-client-jobclient/3.2.0/hadoop-mapreduce-client-jobclient-3.2.0.jar:/home/user/.m2/repository/org/apache/hadoop/hadoop-mapreduce-client-common/3.2.0/hadoop-mapreduce-client-common-3.2.0.jar:/home/user/.m2/repository/org/apache/hadoop/hadoop-yarn-common/3.2.0/hadoop-yarn-common-3.2.0.jar:/home/user/.m2/repository/org/apache/hadoop/hadoop-yarn-api/3.2.0/hadoop-yarn-api-3.2.0.jar:/home/user/.m2/repository/com/sun/jersey/jersey-client/1.19/jersey-client-1.19.jar:/home/user/.m2/repository/com/sun/jersey/contribs/jersey-guice/1.19/jersey-guice-1.19.jar:/home/user/.m2/repository/com/fasterxml/jackson/jaxrs/jackson-jaxrs-json-provider/2.9.9/jackson-jaxrs-json-provider-2.9.9.jar:/home/user/.m2/repository/com/fasterxml/jackson/jaxrs/jackson-jaxrs-base/2.9.9/jackson-jaxrs-base-2.9.9.jar:/home/user/.m2/repository/org/apache/hadoop/hadoop-yarn-client/3.2.0/hadoop-yarn-client-3.2.0.jar:/home/user/.m2/repository/org/apache/hadoop/hadoop-mapreduce-client-core/3.2.0/hadoop-mapreduce-client-core-3.2.0.jar:/home/user/.m2/repository/com/google/inject/extensions/guice-servlet/4.0/guice-servlet-4.0.jar:/home/user/.m2/repository/org/powermock/powermock-module-junit4/1.6.5/powermock-module-junit4-1.6.5.jar:/home/user/.m2/repository/org/powermock/powermock-module-junit4-common/1.6.5/powermock-module-junit4-common-1.6.5.jar:/home/user/.m2/repository/org/powermock/powermock-core/1.6.5/powermock-core-1.6.5.jar:/home/user/.m2/repository/org/powermock/powermock-reflect/1.6.5/powermock-reflect-1.6.5.jar:/home/user/.m2/repository/org/powermock/powermock-api-mockito/1.6.5/powermock-api-mockito-1.6.5.jar:/home/user/.m2/repository/org/mockito/mockito-core/1.10.19/mockito-core-1.10.19.jar:/home/user/.m2/repository/org/objenesis/objenesis/1.0/objenesis-1.0.jar:/home/user/.m2/repository/org/powermock/powermock-api-mockito-common/1.6.5/powermock-api-mockito-common-1.6.5.jar:/home/user/.m2/repository/org/powermock/powermock-api-support/1.6.5/powermock-api-support-1.6.5.jar:"/>
    <property name="sun.cpu.endian" value="little"/>
    <property name="user.home" value="/home/user"/>
    <property name="user.language" value="en"/>
    <property name="java.specification.vendor" value="Oracle Corporation"/>
    <property name="java.home" value="/usr/lib/jvm/java-1.8-openjdk/jre"/>
    <property name="java.security.krb5.conf" value="/workdir/hadoop-ozone/ozonefs/target/test-classes/krb5.conf"/>
    <property name="basedir" value="/workdir/hadoop-ozone/ozonefs"/>
    <property name="file.separator" value="/"/>
    <property name="line.separator" value="&#10;"/>
    <property name="java.vm.specification.vendor" value="Oracle Corporation"/>
    <property name="java.specification.name" value="Java Platform API Specification"/>
    <property name="java.awt.graphicsenv" value="sun.awt.X11GraphicsEnvironment"/>
    <property name="surefire.real.class.path" value="/workdir/hadoop-ozone/ozonefs/target/surefire/surefirebooter5540255080130690167.jar"/>
    <property name="hadoop.log.dir" value="/workdir/hadoop-ozone/ozonefs/target/log"/>
    <property name="sun.boot.class.path" value="/usr/lib/jvm/java-1.8-openjdk/jre/lib/resources.jar:/usr/lib/jvm/java-1.8-openjdk/jre/lib/rt.jar:/usr/lib/jvm/java-1.8-openjdk/jre/lib/sunrsasign.jar:/usr/lib/jvm/java-1.8-openjdk/jre/lib/jsse.jar:/usr/lib/jvm/java-1.8-openjdk/jre/lib/jce.jar:/usr/lib/jvm/java-1.8-openjdk/jre/lib/charsets.jar:/usr/lib/jvm/java-1.8-openjdk/jre/lib/jfr.jar:/usr/lib/jvm/java-1.8-openjdk/jre/classes"/>
    <property name="sun.management.compiler" value="HotSpot 64-Bit Tiered Compilers"/>
    <property name="java.runtime.version" value="1.8.0_212-b04"/>
    <property name="java.net.preferIPv4Stack" value="true"/>
    <property name="user.name" value="jenkins1000"/>
    <property name="path.separator" value=":"/>
    <property name="java.security.egd" value="file:///dev/urandom"/>
    <property name="os.version" value="3.10.0-957.12.2.el7.x86_64"/>
    <property name="java.endorsed.dirs" value="/usr/lib/jvm/java-1.8-openjdk/jre/lib/endorsed"/>
    <property name="java.runtime.name" value="OpenJDK Runtime Environment"/>
    <property name="file.encoding" value="UTF-8"/>
    <property name="java.vm.name" value="OpenJDK 64-Bit Server VM"/>
    <property name="test.build.webapps" value=""/>
    <property name="localRepository" value="/home/user/.m2/repository"/>
    <property name="java.vendor.url.bug" value="https://icedtea.classpath.org/bugzilla"/>
    <property name="java.io.tmpdir" value="/tmp"/>
    <property name="require.test.libhadoop" value=""/>
    <property name="java.version" value="1.8.0_212"/>
    <property name="user.dir" value="/workdir/hadoop-ozone/ozonefs"/>
    <property name="os.arch" value="amd64"/>
    <property name="java.vm.specification.name" value="Java Virtual Machine Specification"/>
    <property name="test.build.classes" value="/workdir/hadoop-ozone/ozonefs/target/test-classes"/>
    <property name="java.awt.printerjob" value="sun.print.PSPrinterJob"/>
    <property name="sun.os.patch.level" value="unknown"/>
    <property name="hadoop.tmp.dir" value="/workdir/hadoop-ozone/ozonefs/target/tmp"/>
    <property name="java.library.path" value="/usr/lib/jvm/java-1.8-openjdk/jre/lib/amd64/server:/usr/lib/jvm/java-1.8-openjdk/jre/lib/amd64:/usr/lib/jvm/java-1.8-openjdk/jre/../lib/amd64:/workdir/hadoop-ozone/ozonefs/target/native/target/usr/local/lib:/workdir/hadoop-ozone/ozonefs/../../hadoop-common-project/hadoop-common/target/native/target/usr/local/lib:/usr/java/packages/lib/amd64:/usr/lib64:/lib64:/lib:/usr/lib"/>
    <property name="java.vm.info" value="mixed mode"/>
    <property name="java.vendor" value="IcedTea"/>
    <property name="java.vm.version" value="25.212-b04"/>
    <property name="java.ext.dirs" value="/usr/lib/jvm/java-1.8-openjdk/jre/lib/ext:/usr/java/packages/lib/ext"/>
    <property name="sun.io.unicode.encoding" value="UnicodeLittle"/>
    <property name="java.class.version" value="52.0"/>
  </properties>
  <testcase name="testRenameWithNonEmptySubDir" classname="org.apache.hadoop.fs.ozone.contract.ITestOzoneContractRename" time="180.035">
    <error message="test timed out after 180000 milliseconds" type="java.lang.Exception">java.lang.Exception: test timed out after 180000 milliseconds
	at sun.misc.Unsafe.park(Native Method)
	at java.util.concurrent.locks.LockSupport.park(LockSupport.java:175)
	at java.util.concurrent.CompletableFuture$Signaller.block(CompletableFuture.java:1693)
	at java.util.concurrent.ForkJoinPool.managedBlock(ForkJoinPool.java:3323)
	at java.util.concurrent.CompletableFuture.waitingGet(CompletableFuture.java:1729)
	at java.util.concurrent.CompletableFuture.get(CompletableFuture.java:1895)
	at org.apache.hadoop.hdds.scm.storage.BlockOutputStream.waitOnFlushFutures(BlockOutputStream.java:515)
	at org.apache.hadoop.hdds.scm.storage.BlockOutputStream.handleFlush(BlockOutputStream.java:478)
	at org.apache.hadoop.hdds.scm.storage.BlockOutputStream.close(BlockOutputStream.java:493)
	at org.apache.hadoop.ozone.client.io.BlockOutputStreamEntry.close(BlockOutputStreamEntry.java:143)
	at org.apache.hadoop.ozone.client.io.KeyOutputStream.handleFlushOrClose(KeyOutputStream.java:435)
	at org.apache.hadoop.ozone.client.io.KeyOutputStream.close(KeyOutputStream.java:473)
	at org.apache.hadoop.fs.ozone.OzoneFSOutputStream.close(OzoneFSOutputStream.java:56)
	at org.apache.hadoop.fs.FSDataOutputStream$PositionCache.close(FSDataOutputStream.java:72)
	at org.apache.hadoop.fs.FSDataOutputStream.close(FSDataOutputStream.java:101)
	at org.apache.hadoop.fs.contract.ContractTestUtils.createFile(ContractTestUtils.java:638)
	at org.apache.hadoop.fs.contract.ContractTestUtils.writeTextFile(ContractTestUtils.java:617)
	at org.apache.hadoop.fs.contract.AbstractContractRenameTest.testRenameWithNonEmptySubDir(AbstractContractRenameTest.java:199)
	at sun.reflect.NativeMethodAccessorImpl.invoke0(Native Method)
	at sun.reflect.NativeMethodAccessorImpl.invoke(NativeMethodAccessorImpl.java:62)
	at sun.reflect.DelegatingMethodAccessorImpl.invoke(DelegatingMethodAccessorImpl.java:43)
	at java.lang.reflect.Method.invoke(Method.java:498)
	at org.junit.runners.model.FrameworkMethod$1.runReflectiveCall(FrameworkMethod.java:47)
	at org.junit.internal.runners.model.ReflectiveCallable.run(ReflectiveCallable.java:12)
	at org.junit.runners.model.FrameworkMethod.invokeExplosively(FrameworkMethod.java:44)
	at org.junit.internal.runners.statements.InvokeMethod.evaluate(InvokeMethod.java:17)
	at org.junit.internal.runners.statements.RunBefores.evaluate(RunBefores.java:26)
	at org.junit.internal.runners.statements.RunAfters.evaluate(RunAfters.java:27)
	at org.junit.rules.TestWatcher$1.evaluate(TestWatcher.java:55)
	at org.junit.internal.runners.statements.FailOnTimeout$StatementThread.run(FailOnTimeout.java:74)
</error>
    <system-out><![CDATA[2019-09-25 08:26:39,057 [JUnit] WARN  server.ServerUtils (ServerUtils.java:getScmDbDir(145)) - ozone.scm.db.dirs is not configured. We recommend adding this setting. Falling back to ozone.metadata.dirs instead.
2019-09-25 08:26:39,559 [JUnit] WARN  server.ServerUtils (ServerUtils.java:getScmDbDir(145)) - ozone.scm.db.dirs is not configured. We recommend adding this setting. Falling back to ozone.metadata.dirs instead.
2019-09-25 08:26:39,564 [JUnit] WARN  server.ServerUtils (ServerUtils.java:getScmDbDir(145)) - ozone.scm.db.dirs is not configured. We recommend adding this setting. Falling back to ozone.metadata.dirs instead.
2019-09-25 08:26:39,592 [JUnit] INFO  util.log (Log.java:initialized(192)) - Logging initialized @1213ms
2019-09-25 08:26:39,741 [JUnit] INFO  db.DBStoreBuilder (DBStoreBuilder.java:addTable(110)) - using custom profile for table: deletedBlocks
2019-09-25 08:26:39,742 [JUnit] INFO  db.DBStoreBuilder (DBStoreBuilder.java:processTables(161)) - Using default column profile:DBProfile.DISK for Table:deletedBlocks
2019-09-25 08:26:39,742 [JUnit] INFO  db.DBStoreBuilder (DBStoreBuilder.java:addTable(110)) - using custom profile for table: validCerts
2019-09-25 08:26:39,742 [JUnit] INFO  db.DBStoreBuilder (DBStoreBuilder.java:processTables(161)) - Using default column profile:DBProfile.DISK for Table:validCerts
2019-09-25 08:26:39,743 [JUnit] INFO  db.DBStoreBuilder (DBStoreBuilder.java:addTable(110)) - using custom profile for table: revokedCerts
2019-09-25 08:26:39,743 [JUnit] INFO  db.DBStoreBuilder (DBStoreBuilder.java:processTables(161)) - Using default column profile:DBProfile.DISK for Table:revokedCerts
2019-09-25 08:26:39,755 [JUnit] INFO  db.DBStoreBuilder (DBStoreBuilder.java:addTable(110)) - using custom profile for table: default
2019-09-25 08:26:39,755 [JUnit] INFO  db.DBStoreBuilder (DBStoreBuilder.java:processTables(167)) - Using default column profile:DBProfile.DISK for Table:default
2019-09-25 08:26:39,757 [JUnit] INFO  db.DBStoreBuilder (DBStoreBuilder.java:getDbProfile(198)) - Using default options. DBProfile.DISK
2019-09-25 08:26:42,795 [JUnit] INFO  net.NodeSchemaLoader (NodeSchemaLoader.java:loadSchemaFromFile(125)) - Loading file from sun.misc.CompoundEnumeration@38425407
2019-09-25 08:26:42,798 [JUnit] INFO  net.NodeSchemaLoader (NodeSchemaLoader.java:loadSchema(171)) - Loading network topology layer schema file
2019-09-25 08:26:42,891 [JUnit] WARN  server.ServerUtils (ServerUtils.java:sanitizeUserArgs(70)) - ozone.scm.stale.node.interval value = 300000 is larger than max = 100000 based on the key value of ozone.scm.heartbeat.thread.interval, reset to the max value 100000.
2019-09-25 08:26:42,893 [JUnit] WARN  server.ServerUtils (ServerUtils.java:sanitizeUserArgs(70)) - ozone.scm.stale.node.interval value = 300000 is larger than max = 100000 based on the key value of ozone.scm.heartbeat.thread.interval, reset to the max value 100000.
2019-09-25 08:26:42,896 [JUnit] INFO  node.SCMNodeManager (SCMNodeManager.java:<init>(114)) - Entering startup safe mode.
2019-09-25 08:26:43,074 [JUnit] INFO  algorithms.ContainerPlacementPolicyFactory (ContainerPlacementPolicyFactory.java:getPolicy(57)) - Create container placement policy of type org.apache.hadoop.hdds.scm.container.placement.algorithms.SCMContainerPlacementRandom
2019-09-25 08:26:43,093 [JUnit] WARN  server.ServerUtils (ServerUtils.java:getScmDbDir(145)) - ozone.scm.db.dirs is not configured. We recommend adding this setting. Falling back to ozone.metadata.dirs instead.
2019-09-25 08:26:44,256 [JUnit] INFO  pipeline.SCMPipelineManager (SCMPipelineManager.java:initializePipelineState(132)) - No pipeline exists in current db
2019-09-25 08:26:44,260 [JUnit] WARN  server.ServerUtils (ServerUtils.java:getScmDbDir(145)) - ozone.scm.db.dirs is not configured. We recommend adding this setting. Falling back to ozone.metadata.dirs instead.
2019-09-25 08:26:45,540 [JUnit] WARN  events.EventQueue (EventQueue.java:fireEvent(183)) - No event handler registered for event TypedEvent{payloadType=SafeModeStatus, name='SafeModeStatus'}
2019-09-25 08:26:45,983 [JUnit] INFO  ipc.CallQueueManager (CallQueueManager.java:<init>(84)) - Using callQueue: class java.util.concurrent.LinkedBlockingQueue, queueCapacity: 2000, scheduler: class org.apache.hadoop.ipc.DefaultRpcScheduler, ipcBackoff: false.
2019-09-25 08:26:46,152 [Socket Reader #1 for port 38890] INFO  ipc.Server (Server.java:run(1074)) - Starting Socket Reader #1 for port 38890
2019-09-25 08:26:46,196 [JUnit] INFO  ipc.CallQueueManager (CallQueueManager.java:<init>(84)) - Using callQueue: class java.util.concurrent.LinkedBlockingQueue, queueCapacity: 2000, scheduler: class org.apache.hadoop.ipc.DefaultRpcScheduler, ipcBackoff: false.
2019-09-25 08:26:46,197 [Socket Reader #1 for port 36285] INFO  ipc.Server (Server.java:run(1074)) - Starting Socket Reader #1 for port 36285
2019-09-25 08:26:46,210 [JUnit] INFO  ipc.CallQueueManager (CallQueueManager.java:<init>(84)) - Using callQueue: class java.util.concurrent.LinkedBlockingQueue, queueCapacity: 2000, scheduler: class org.apache.hadoop.ipc.DefaultRpcScheduler, ipcBackoff: false.
2019-09-25 08:26:46,211 [Socket Reader #1 for port 44169] INFO  ipc.Server (Server.java:run(1074)) - Starting Socket Reader #1 for port 44169
2019-09-25 08:26:46,240 [JUnit] INFO  hdfs.DFSUtil (DFSUtil.java:httpServerTemplateForNNAndJN(1641)) - Starting Web-server for scm at: http://0.0.0.0:0
2019-09-25 08:26:46,362 [JUnit] INFO  server.AuthenticationFilter (AuthenticationFilter.java:constructSecretProvider(240)) - Unable to initialize FileSignerSecretProvider, falling back to use random secrets.
2019-09-25 08:26:46,377 [JUnit] WARN  http.HttpRequestLog (HttpRequestLog.java:getRequestLog(97)) - Jetty request log can only be enabled using Log4j
2019-09-25 08:26:46,387 [JUnit] INFO  http.HttpServer2 (HttpServer2.java:addGlobalFilter(975)) - Added global filter 'safety' (class=org.apache.hadoop.http.HttpServer2$QuotingInputFilter)
2019-09-25 08:26:46,390 [JUnit] INFO  http.HttpServer2 (HttpServer2.java:addFilter(948)) - Added filter static_user_filter (class=org.apache.hadoop.http.lib.StaticUserWebFilter$StaticUserFilter) to context scm
2019-09-25 08:26:46,390 [JUnit] INFO  http.HttpServer2 (HttpServer2.java:addFilter(958)) - Added filter static_user_filter (class=org.apache.hadoop.http.lib.StaticUserWebFilter$StaticUserFilter) to context logs
2019-09-25 08:26:46,390 [JUnit] INFO  http.HttpServer2 (HttpServer2.java:addFilter(958)) - Added filter static_user_filter (class=org.apache.hadoop.http.lib.StaticUserWebFilter$StaticUserFilter) to context static
2019-09-25 08:26:46,416 [JUnit] INFO  server.StorageContainerManager (StorageContainerManager.java:start(770)) - StorageContainerLocationProtocol RPC server is listening at /0.0.0.0:44169
2019-09-25 08:26:46,470 [JUnit] WARN  impl.MetricsConfig (MetricsConfig.java:loadFirst(134)) - Cannot locate configuration: tried hadoop-metrics2-storagecontainermanager.properties,hadoop-metrics2.properties
2019-09-25 08:26:46,491 [JUnit] INFO  impl.MetricsSystemImpl (MetricsSystemImpl.java:startTimer(374)) - Scheduled Metric snapshot period at 10 second(s).
2019-09-25 08:26:46,491 [JUnit] INFO  impl.MetricsSystemImpl (MetricsSystemImpl.java:start(191)) - StorageContainerManager metrics system started
2019-09-25 08:26:46,760 [JUnit] INFO  server.SCMClientProtocolServer (SCMClientProtocolServer.java:start(151)) - RPC server for Client  is listening at /0.0.0.0:44169
2019-09-25 08:26:46,761 [IPC Server Responder] INFO  ipc.Server (Server.java:run(1314)) - IPC Server Responder: starting
2019-09-25 08:26:46,761 [IPC Server listener on 44169] INFO  ipc.Server (Server.java:run(1153)) - IPC Server listener on 44169: starting
2019-09-25 08:26:46,765 [JUnit] INFO  server.StorageContainerManager (StorageContainerManager.java:start(780)) - ScmBlockLocationProtocol RPC server is listening at /0.0.0.0:36285
2019-09-25 08:26:46,767 [JUnit] INFO  server.SCMBlockProtocolServer (SCMBlockProtocolServer.java:start(146)) - RPC server for Block Protocol is listening at /0.0.0.0:36285
2019-09-25 08:26:46,767 [IPC Server Responder] INFO  ipc.Server (Server.java:run(1314)) - IPC Server Responder: starting
2019-09-25 08:26:46,767 [IPC Server listener on 36285] INFO  ipc.Server (Server.java:run(1153)) - IPC Server listener on 36285: starting
2019-09-25 08:26:46,771 [JUnit] INFO  server.StorageContainerManager (StorageContainerManager.java:start(784)) - ScmDatanodeProtocl RPC server is listening at /0.0.0.0:38890
2019-09-25 08:26:46,771 [JUnit] INFO  server.SCMDatanodeProtocolServer (SCMDatanodeProtocolServer.java:start(191)) - RPC server for DataNodes is listening at /0.0.0.0:38890
2019-09-25 08:26:46,772 [IPC Server Responder] INFO  ipc.Server (Server.java:run(1314)) - IPC Server Responder: starting
2019-09-25 08:26:46,772 [IPC Server listener on 38890] INFO  ipc.Server (Server.java:run(1153)) - IPC Server listener on 38890: starting
2019-09-25 08:26:46,778 [JUnit] INFO  http.HttpServer2 (HttpServer2.java:bindListener(1191)) - Jetty bound to port 40515
2019-09-25 08:26:46,780 [JUnit] INFO  server.Server (Server.java:doStart(351)) - jetty-9.3.25.v20180904, build timestamp: 2018-09-04T21:11:46Z, git hash: 3ce520221d0240229c862b122d2b06c12a625732
2019-09-25 08:26:46,821 [JUnit] INFO  handler.ContextHandler (ContextHandler.java:doStart(781)) - Started o.e.j.s.ServletContextHandler@2374d36a{/logs,file:///workdir/hadoop-ozone/ozonefs/target/log,AVAILABLE}
2019-09-25 08:26:46,822 [JUnit] INFO  handler.ContextHandler (ContextHandler.java:doStart(781)) - Started o.e.j.s.ServletContextHandler@424fd310{/static,jar:file:/home/user/.m2/repository/org/apache/hadoop/hadoop-hdds-server-scm/0.5.0-SNAPSHOT/hadoop-hdds-server-scm-0.5.0-SNAPSHOT.jar!/webapps/static,AVAILABLE}
2019-09-25 08:26:46,892 [JUnit] INFO  handler.ContextHandler (ContextHandler.java:doStart(781)) - Started o.e.j.w.WebAppContext@35038141{/,file:///tmp/jetty-0.0.0.0-40515-scm-_-any-1839414515492427246.dir/webapp/,AVAILABLE}{/scm}
2019-09-25 08:26:46,898 [JUnit] INFO  server.AbstractConnector (AbstractConnector.java:doStart(278)) - Started ServerConnector@5bd73d1a{HTTP/1.1,[http/1.1]}{0.0.0.0:40515}
2019-09-25 08:26:46,899 [JUnit] INFO  server.Server (Server.java:doStart(419)) - Started @8520ms
2019-09-25 08:26:46,901 [JUnit] INFO  impl.MetricsSinkAdapter (MetricsSinkAdapter.java:start(204)) - Sink prometheus started
2019-09-25 08:26:46,902 [JUnit] INFO  impl.MetricsSystemImpl (MetricsSystemImpl.java:registerSink(301)) - Registered sink prometheus
2019-09-25 08:26:46,904 [JUnit] INFO  server.BaseHttpServer (BaseHttpServer.java:updateConnectorAddress(215)) - HTTP server of SCM is listening at http://0.0.0.0:40515
2019-09-25 08:26:46,917 [org.apache.hadoop.util.JvmPauseMonitor$Monitor@5af9926a] INFO  util.JvmPauseMonitor (JvmPauseMonitor.java:run(188)) - Starting JVM pause monitor
2019-09-25 08:26:46,923 [JUnit] WARN  server.ServerUtils (ServerUtils.java:getDBPath(222)) - ozone.om.db.dirs is not configured. We recommend adding this setting. Falling back to ozone.metadata.dirs instead.
2019-09-25 08:26:47,345 [JUnit] WARN  server.ServerUtils (ServerUtils.java:getDBPath(222)) - ozone.om.db.dirs is not configured. We recommend adding this setting. Falling back to ozone.metadata.dirs instead.
2019-09-25 08:26:47,346 [JUnit] WARN  server.ServerUtils (ServerUtils.java:getDBPath(222)) - ozone.om.db.dirs is not configured. We recommend adding this setting. Falling back to ozone.metadata.dirs instead.
2019-09-25 08:26:47,347 [JUnit] INFO  om.OzoneManager (OzoneManager.java:setOMNodeDetails(652)) - OM Service ID is not set. Setting it to the default ID: omServiceIdDefault
2019-09-25 08:26:47,347 [JUnit] INFO  om.OzoneManager (OzoneManager.java:setOMNodeDetails(658)) - OM Node ID is not set. Setting it to the OmStorage's OmID: c49002bf-430e-4d3b-b359-403538f7a132
2019-09-25 08:26:47,349 [JUnit] INFO  om.OzoneManager (OzoneManager.java:loadOMHAConfigs(609)) - Found matching OM address with OMServiceId: null, OMNodeId: null, RPC Address: localhost:0 and Ratis port: 9872
2019-09-25 08:26:48,148 [JUnit] WARN  server.ServerUtils (ServerUtils.java:getDBPath(222)) - ozone.om.db.dirs is not configured. We recommend adding this setting. Falling back to ozone.metadata.dirs instead.
2019-09-25 08:26:48,159 [JUnit] INFO  db.DBStoreBuilder (DBStoreBuilder.java:addTable(110)) - using custom profile for table: userTable
2019-09-25 08:26:48,159 [JUnit] INFO  db.DBStoreBuilder (DBStoreBuilder.java:processTables(161)) - Using default column profile:DBProfile.DISK for Table:userTable
2019-09-25 08:26:48,160 [JUnit] INFO  db.DBStoreBuilder (DBStoreBuilder.java:addTable(110)) - using custom profile for table: volumeTable
2019-09-25 08:26:48,160 [JUnit] INFO  db.DBStoreBuilder (DBStoreBuilder.java:processTables(161)) - Using default column profile:DBProfile.DISK for Table:volumeTable
2019-09-25 08:26:48,160 [JUnit] INFO  db.DBStoreBuilder (DBStoreBuilder.java:addTable(110)) - using custom profile for table: bucketTable
2019-09-25 08:26:48,160 [JUnit] INFO  db.DBStoreBuilder (DBStoreBuilder.java:processTables(161)) - Using default column profile:DBProfile.DISK for Table:bucketTable
2019-09-25 08:26:48,161 [JUnit] INFO  db.DBStoreBuilder (DBStoreBuilder.java:addTable(110)) - using custom profile for table: keyTable
2019-09-25 08:26:48,161 [JUnit] INFO  db.DBStoreBuilder (DBStoreBuilder.java:processTables(161)) - Using default column profile:DBProfile.DISK for Table:keyTable
2019-09-25 08:26:48,161 [JUnit] INFO  db.DBStoreBuilder (DBStoreBuilder.java:addTable(110)) - using custom profile for table: deletedTable
2019-09-25 08:26:48,161 [JUnit] INFO  db.DBStoreBuilder (DBStoreBuilder.java:processTables(161)) - Using default column profile:DBProfile.DISK for Table:deletedTable
2019-09-25 08:26:48,162 [JUnit] INFO  db.DBStoreBuilder (DBStoreBuilder.java:addTable(110)) - using custom profile for table: openKeyTable
2019-09-25 08:26:48,162 [JUnit] INFO  db.DBStoreBuilder (DBStoreBuilder.java:processTables(161)) - Using default column profile:DBProfile.DISK for Table:openKeyTable
2019-09-25 08:26:48,162 [JUnit] INFO  db.DBStoreBuilder (DBStoreBuilder.java:addTable(110)) - using custom profile for table: s3Table
2019-09-25 08:26:48,162 [JUnit] INFO  db.DBStoreBuilder (DBStoreBuilder.java:processTables(161)) - Using default column profile:DBProfile.DISK for Table:s3Table
2019-09-25 08:26:48,163 [JUnit] INFO  db.DBStoreBuilder (DBStoreBuilder.java:addTable(110)) - using custom profile for table: multipartInfoTable
2019-09-25 08:26:48,163 [JUnit] INFO  db.DBStoreBuilder (DBStoreBuilder.java:processTables(161)) - Using default column profile:DBProfile.DISK for Table:multipartInfoTable
2019-09-25 08:26:48,163 [JUnit] INFO  db.DBStoreBuilder (DBStoreBuilder.java:addTable(110)) - using custom profile for table: dTokenTable
2019-09-25 08:26:48,164 [JUnit] INFO  db.DBStoreBuilder (DBStoreBuilder.java:processTables(161)) - Using default column profile:DBProfile.DISK for Table:dTokenTable
2019-09-25 08:26:48,164 [JUnit] INFO  db.DBStoreBuilder (DBStoreBuilder.java:addTable(110)) - using custom profile for table: s3SecretTable
2019-09-25 08:26:48,164 [JUnit] INFO  db.DBStoreBuilder (DBStoreBuilder.java:processTables(161)) - Using default column profile:DBProfile.DISK for Table:s3SecretTable
2019-09-25 08:26:48,164 [JUnit] INFO  db.DBStoreBuilder (DBStoreBuilder.java:addTable(110)) - using custom profile for table: prefixTable
2019-09-25 08:26:48,165 [JUnit] INFO  db.DBStoreBuilder (DBStoreBuilder.java:processTables(161)) - Using default column profile:DBProfile.DISK for Table:prefixTable
2019-09-25 08:26:48,165 [JUnit] INFO  db.DBStoreBuilder (DBStoreBuilder.java:addTable(110)) - using custom profile for table: default
2019-09-25 08:26:48,165 [JUnit] INFO  db.DBStoreBuilder (DBStoreBuilder.java:processTables(167)) - Using default column profile:DBProfile.DISK for Table:default
2019-09-25 08:26:48,165 [JUnit] INFO  db.DBStoreBuilder (DBStoreBuilder.java:getDbProfile(198)) - Using default options. DBProfile.DISK
2019-09-25 08:26:54,177 [JUnit] INFO  ipc.CallQueueManager (CallQueueManager.java:<init>(84)) - Using callQueue: class java.util.concurrent.LinkedBlockingQueue, queueCapacity: 2000, scheduler: class org.apache.hadoop.ipc.DefaultRpcScheduler, ipcBackoff: false.
2019-09-25 08:26:54,178 [Socket Reader #1 for port 45380] INFO  ipc.Server (Server.java:run(1074)) - Starting Socket Reader #1 for port 45380
2019-09-25 08:26:54,208 [JUnit] INFO  om.OzoneManager (OzoneManager.java:start(1243)) - OzoneManager RPC server is listening at localhost/127.0.0.1:45380
2019-09-25 08:26:54,208 [JUnit] INFO  impl.MetricsSystemImpl (MetricsSystemImpl.java:init(158)) - OzoneManager metrics system started (again)
2019-09-25 08:26:54,209 [IPC Server Responder] INFO  ipc.Server (Server.java:run(1314)) - IPC Server Responder: starting
2019-09-25 08:26:54,209 [IPC Server listener on 45380] INFO  ipc.Server (Server.java:run(1153)) - IPC Server listener on 45380: starting
2019-09-25 08:26:54,217 [JUnit] INFO  hdfs.DFSUtil (DFSUtil.java:httpServerTemplateForNNAndJN(1641)) - Starting Web-server for ozoneManager at: http://0.0.0.0:0
2019-09-25 08:26:54,220 [JUnit] INFO  server.AuthenticationFilter (AuthenticationFilter.java:constructSecretProvider(240)) - Unable to initialize FileSignerSecretProvider, falling back to use random secrets.
2019-09-25 08:26:54,221 [JUnit] WARN  http.HttpRequestLog (HttpRequestLog.java:getRequestLog(97)) - Jetty request log can only be enabled using Log4j
2019-09-25 08:26:54,224 [JUnit] INFO  http.HttpServer2 (HttpServer2.java:addGlobalFilter(975)) - Added global filter 'safety' (class=org.apache.hadoop.http.HttpServer2$QuotingInputFilter)
2019-09-25 08:26:54,225 [JUnit] INFO  http.HttpServer2 (HttpServer2.java:addFilter(948)) - Added filter static_user_filter (class=org.apache.hadoop.http.lib.StaticUserWebFilter$StaticUserFilter) to context ozoneManager
2019-09-25 08:26:54,225 [JUnit] INFO  http.HttpServer2 (HttpServer2.java:addFilter(958)) - Added filter static_user_filter (class=org.apache.hadoop.http.lib.StaticUserWebFilter$StaticUserFilter) to context logs
2019-09-25 08:26:54,225 [JUnit] INFO  http.HttpServer2 (HttpServer2.java:addFilter(958)) - Added filter static_user_filter (class=org.apache.hadoop.http.lib.StaticUserWebFilter$StaticUserFilter) to context static
2019-09-25 08:26:54,228 [JUnit] INFO  http.HttpServer2 (HttpServer2.java:bindListener(1191)) - Jetty bound to port 38834
2019-09-25 08:26:54,228 [JUnit] INFO  server.Server (Server.java:doStart(351)) - jetty-9.3.25.v20180904, build timestamp: 2018-09-04T21:11:46Z, git hash: 3ce520221d0240229c862b122d2b06c12a625732
2019-09-25 08:26:54,230 [JUnit] INFO  handler.ContextHandler (ContextHandler.java:doStart(781)) - Started o.e.j.s.ServletContextHandler@3c017078{/logs,file:///workdir/hadoop-ozone/ozonefs/target/log,AVAILABLE}
2019-09-25 08:26:54,231 [JUnit] INFO  handler.ContextHandler (ContextHandler.java:doStart(781)) - Started o.e.j.s.ServletContextHandler@3be4f71{/static,jar:file:/home/user/.m2/repository/org/apache/hadoop/hadoop-ozone-ozone-manager/0.5.0-SNAPSHOT/hadoop-ozone-ozone-manager-0.5.0-SNAPSHOT.jar!/webapps/static,AVAILABLE}
2019-09-25 08:26:54,280 [JUnit] INFO  handler.ContextHandler (ContextHandler.java:doStart(781)) - Started o.e.j.w.WebAppContext@73ab3aac{/,file:///tmp/jetty-0.0.0.0-38834-ozoneManager-_-any-5225391008219186657.dir/webapp/,AVAILABLE}{/ozoneManager}
2019-09-25 08:26:54,281 [JUnit] INFO  server.AbstractConnector (AbstractConnector.java:doStart(278)) - Started ServerConnector@54f66455{HTTP/1.1,[http/1.1]}{0.0.0.0:38834}
2019-09-25 08:26:54,281 [JUnit] INFO  server.Server (Server.java:doStart(419)) - Started @15903ms
2019-09-25 08:26:54,282 [JUnit] WARN  impl.MetricsSystemImpl (MetricsSystemImpl.java:register(276)) - Sink prometheus already exists!
2019-09-25 08:26:54,283 [JUnit] INFO  server.BaseHttpServer (BaseHttpServer.java:updateConnectorAddress(215)) - HTTP server of OZONEMANAGER is listening at http://0.0.0.0:38834
2019-09-25 08:26:54,586 [JUnit] INFO  impl.MetricsSystemImpl (MetricsSystemImpl.java:init(158)) - HddsDatanode metrics system started (again)
2019-09-25 08:26:54,649 [JUnit] INFO  ozone.HddsDatanodeService (HddsDatanodeService.java:start(184)) - HddsDatanodeService host:pr-hdds-2174-pqx5g-486351168 ip:192.168.36.126
2019-09-25 08:26:54,687 [JUnit] INFO  volume.HddsVolume (HddsVolume.java:<init>(176)) - Creating Volume: /workdir/hadoop-ozone/ozonefs/target/test-dir/MiniOzoneClusterImpl-89fc8c47-b2b3-4bdf-bb73-d071f814af55/datanode-0/data/containers/hdds of  storage type : DISK and capacity : 1482555576320
2019-09-25 08:26:54,691 [JUnit] INFO  volume.VolumeSet (VolumeSet.java:initializeVolumeSet(170)) - Added Volume : /workdir/hadoop-ozone/ozonefs/target/test-dir/MiniOzoneClusterImpl-89fc8c47-b2b3-4bdf-bb73-d071f814af55/datanode-0/data/containers/hdds to VolumeSet
2019-09-25 08:26:54,696 [JUnit] INFO  volume.ThrottledAsyncChecker (ThrottledAsyncChecker.java:schedule(139)) - Scheduling a check for org.apache.hadoop.ozone.container.common.volume.HddsVolume@5b498842
2019-09-25 08:26:54,726 [JUnit] INFO  volume.HddsVolumeChecker (HddsVolumeChecker.java:checkAllVolumes(202)) - Scheduled health check for volume org.apache.hadoop.ozone.container.common.volume.HddsVolume@5b498842
2019-09-25 08:26:54,875 [JUnit] INFO  impl.RaftServerProxy (ConfUtils.java:logGet(43)) - raft.rpc.type = GRPC (default)
2019-09-25 08:26:54,969 [JUnit] INFO  grpc.GrpcFactory (GrpcFactory.java:checkPooledByteBufAllocatorUseCacheForAllThreads(45)) - PERFORMANCE WARNING: useCacheForAllThreads is true that may cause Netty to create a lot garbage objects and, as a result, trigger GC.
	It is recommended to disable useCacheForAllThreads by setting -Dorg.apache.ratis.thirdparty.io.netty.allocator.useCacheForAllThreads=false in command line.
2019-09-25 08:26:54,975 [JUnit] INFO  grpc.GrpcConfigKeys$Server (ConfUtils.java:logGet(43)) - raft.grpc.server.port = 0 (default)
2019-09-25 08:26:54,976 [JUnit] INFO  server.GrpcService (ConfUtils.java:logGet(43)) - raft.grpc.message.size.max = 33570816 (custom)
2019-09-25 08:26:54,978 [JUnit] INFO  server.RaftServerConfigKeys (ConfUtils.java:logGet(43)) - raft.server.log.appender.buffer.byte-limit = 33554432 (custom)
2019-09-25 08:26:54,979 [JUnit] INFO  server.GrpcService (ConfUtils.java:logGet(43)) - raft.grpc.flow.control.window = 1MB (=1048576) (default)
2019-09-25 08:26:54,980 [JUnit] INFO  server.RaftServerConfigKeys (ConfUtils.java:logGet(43)) - raft.server.rpc.request.timeout = 3000ms (default)
2019-09-25 08:26:55,216 [JUnit] INFO  server.RaftServerConfigKeys (ConfUtils.java:logGet(43)) - raft.server.storage.dir = [/workdir/hadoop-ozone/ozonefs/target/test-dir/MiniOzoneClusterImpl-89fc8c47-b2b3-4bdf-bb73-d071f814af55/datanode-0/data/ratis] (custom)
2019-09-25 08:26:55,306 [JUnit] INFO  hdfs.DFSUtil (DFSUtil.java:httpServerTemplateForNNAndJN(1641)) - Starting Web-server for hddsDatanode at: http://0.0.0.0:0
2019-09-25 08:26:55,309 [JUnit] INFO  server.AuthenticationFilter (AuthenticationFilter.java:constructSecretProvider(240)) - Unable to initialize FileSignerSecretProvider, falling back to use random secrets.
2019-09-25 08:26:55,310 [JUnit] WARN  http.HttpRequestLog (HttpRequestLog.java:getRequestLog(97)) - Jetty request log can only be enabled using Log4j
2019-09-25 08:26:55,315 [JUnit] INFO  http.HttpServer2 (HttpServer2.java:addGlobalFilter(975)) - Added global filter 'safety' (class=org.apache.hadoop.http.HttpServer2$QuotingInputFilter)
2019-09-25 08:26:55,316 [JUnit] INFO  http.HttpServer2 (HttpServer2.java:addFilter(948)) - Added filter static_user_filter (class=org.apache.hadoop.http.lib.StaticUserWebFilter$StaticUserFilter) to context hddsDatanode
2019-09-25 08:26:55,317 [JUnit] INFO  http.HttpServer2 (HttpServer2.java:addFilter(958)) - Added filter static_user_filter (class=org.apache.hadoop.http.lib.StaticUserWebFilter$StaticUserFilter) to context logs
2019-09-25 08:26:55,317 [JUnit] INFO  http.HttpServer2 (HttpServer2.java:addFilter(958)) - Added filter static_user_filter (class=org.apache.hadoop.http.lib.StaticUserWebFilter$StaticUserFilter) to context static
2019-09-25 08:26:55,319 [JUnit] INFO  http.HttpServer2 (HttpServer2.java:bindListener(1191)) - Jetty bound to port 35058
2019-09-25 08:26:55,319 [JUnit] INFO  server.Server (Server.java:doStart(351)) - jetty-9.3.25.v20180904, build timestamp: 2018-09-04T21:11:46Z, git hash: 3ce520221d0240229c862b122d2b06c12a625732
2019-09-25 08:26:55,324 [JUnit] INFO  handler.ContextHandler (ContextHandler.java:doStart(781)) - Started o.e.j.s.ServletContextHandler@1f6917fb{/logs,file:///workdir/hadoop-ozone/ozonefs/target/log,AVAILABLE}
2019-09-25 08:26:55,325 [JUnit] INFO  handler.ContextHandler (ContextHandler.java:doStart(781)) - Started o.e.j.s.ServletContextHandler@378cfecf{/static,jar:file:/home/user/.m2/repository/org/apache/hadoop/hadoop-hdds-container-service/0.5.0-SNAPSHOT/hadoop-hdds-container-service-0.5.0-SNAPSHOT.jar!/webapps/static,AVAILABLE}
2019-09-25 08:26:55,383 [JUnit] INFO  handler.ContextHandler (ContextHandler.java:doStart(781)) - Started o.e.j.w.WebAppContext@38eb0f4d{/,file:///tmp/jetty-0.0.0.0-35058-hddsDatanode-_-any-8293593950321640932.dir/webapp/,AVAILABLE}{/hddsDatanode}
2019-09-25 08:26:55,385 [JUnit] INFO  server.AbstractConnector (AbstractConnector.java:doStart(278)) - Started ServerConnector@437486cd{HTTP/1.1,[http/1.1]}{0.0.0.0:35058}
2019-09-25 08:26:55,385 [JUnit] INFO  server.Server (Server.java:doStart(419)) - Started @17007ms
2019-09-25 08:26:55,386 [JUnit] WARN  impl.MetricsSystemImpl (MetricsSystemImpl.java:register(276)) - Sink prometheus already exists!
2019-09-25 08:26:55,387 [JUnit] INFO  server.BaseHttpServer (BaseHttpServer.java:updateConnectorAddress(215)) - HTTP server of HDDSDATANODE is listening at http://0.0.0.0:35058
2019-09-25 08:26:55,388 [JUnit] INFO  impl.MetricsSystemImpl (MetricsSystemImpl.java:init(158)) - HddsDatanode metrics system started (again)
2019-09-25 08:26:55,393 [JUnit] INFO  ozone.HddsDatanodeService (HddsDatanodeService.java:start(184)) - HddsDatanodeService host:pr-hdds-2174-pqx5g-486351168 ip:192.168.36.126
2019-09-25 08:26:55,395 [org.apache.hadoop.util.JvmPauseMonitor$Monitor@4c70fe80] INFO  util.JvmPauseMonitor (JvmPauseMonitor.java:run(188)) - Starting JVM pause monitor
2019-09-25 08:26:55,403 [JUnit] INFO  volume.HddsVolume (HddsVolume.java:<init>(176)) - Creating Volume: /workdir/hadoop-ozone/ozonefs/target/test-dir/MiniOzoneClusterImpl-89fc8c47-b2b3-4bdf-bb73-d071f814af55/datanode-1/data/containers/hdds of  storage type : DISK and capacity : 1482555576320
2019-09-25 08:26:55,404 [JUnit] INFO  volume.VolumeSet (VolumeSet.java:initializeVolumeSet(170)) - Added Volume : /workdir/hadoop-ozone/ozonefs/target/test-dir/MiniOzoneClusterImpl-89fc8c47-b2b3-4bdf-bb73-d071f814af55/datanode-1/data/containers/hdds to VolumeSet
2019-09-25 08:26:55,404 [JUnit] INFO  volume.ThrottledAsyncChecker (ThrottledAsyncChecker.java:schedule(139)) - Scheduling a check for org.apache.hadoop.ozone.container.common.volume.HddsVolume@242b6e1a
2019-09-25 08:26:55,405 [JUnit] INFO  volume.HddsVolumeChecker (HddsVolumeChecker.java:checkAllVolumes(202)) - Scheduled health check for volume org.apache.hadoop.ozone.container.common.volume.HddsVolume@242b6e1a
2019-09-25 08:26:55,438 [JUnit] INFO  impl.RaftServerProxy (ConfUtils.java:logGet(43)) - raft.rpc.type = GRPC (default)
2019-09-25 08:26:55,438 [JUnit] INFO  grpc.GrpcFactory (GrpcFactory.java:checkPooledByteBufAllocatorUseCacheForAllThreads(45)) - PERFORMANCE WARNING: useCacheForAllThreads is true that may cause Netty to create a lot garbage objects and, as a result, trigger GC.
	It is recommended to disable useCacheForAllThreads by setting -Dorg.apache.ratis.thirdparty.io.netty.allocator.useCacheForAllThreads=false in command line.
2019-09-25 08:26:55,439 [JUnit] INFO  grpc.GrpcConfigKeys$Server (ConfUtils.java:logGet(43)) - raft.grpc.server.port = 0 (default)
2019-09-25 08:26:55,440 [JUnit] INFO  server.GrpcService (ConfUtils.java:logGet(43)) - raft.grpc.message.size.max = 33570816 (custom)
2019-09-25 08:26:55,440 [JUnit] INFO  server.RaftServerConfigKeys (ConfUtils.java:logGet(43)) - raft.server.log.appender.buffer.byte-limit = 33554432 (custom)
2019-09-25 08:26:55,440 [JUnit] INFO  server.GrpcService (ConfUtils.java:logGet(43)) - raft.grpc.flow.control.window = 1MB (=1048576) (default)
2019-09-25 08:26:55,441 [JUnit] INFO  server.RaftServerConfigKeys (ConfUtils.java:logGet(43)) - raft.server.rpc.request.timeout = 3000ms (default)
2019-09-25 08:26:55,442 [JUnit] INFO  server.RaftServerConfigKeys (ConfUtils.java:logGet(43)) - raft.server.storage.dir = [/workdir/hadoop-ozone/ozonefs/target/test-dir/MiniOzoneClusterImpl-89fc8c47-b2b3-4bdf-bb73-d071f814af55/datanode-1/data/ratis] (custom)
2019-09-25 08:26:55,444 [JUnit] INFO  hdfs.DFSUtil (DFSUtil.java:httpServerTemplateForNNAndJN(1641)) - Starting Web-server for hddsDatanode at: http://0.0.0.0:0
2019-09-25 08:26:55,447 [JUnit] INFO  server.AuthenticationFilter (AuthenticationFilter.java:constructSecretProvider(240)) - Unable to initialize FileSignerSecretProvider, falling back to use random secrets.
2019-09-25 08:26:55,449 [JUnit] WARN  http.HttpRequestLog (HttpRequestLog.java:getRequestLog(97)) - Jetty request log can only be enabled using Log4j
2019-09-25 08:26:55,453 [JUnit] INFO  http.HttpServer2 (HttpServer2.java:addGlobalFilter(975)) - Added global filter 'safety' (class=org.apache.hadoop.http.HttpServer2$QuotingInputFilter)
2019-09-25 08:26:55,454 [JUnit] INFO  http.HttpServer2 (HttpServer2.java:addFilter(948)) - Added filter static_user_filter (class=org.apache.hadoop.http.lib.StaticUserWebFilter$StaticUserFilter) to context hddsDatanode
2019-09-25 08:26:55,455 [JUnit] INFO  http.HttpServer2 (HttpServer2.java:addFilter(958)) - Added filter static_user_filter (class=org.apache.hadoop.http.lib.StaticUserWebFilter$StaticUserFilter) to context logs
2019-09-25 08:26:55,455 [JUnit] INFO  http.HttpServer2 (HttpServer2.java:addFilter(958)) - Added filter static_user_filter (class=org.apache.hadoop.http.lib.StaticUserWebFilter$StaticUserFilter) to context static
2019-09-25 08:26:55,456 [JUnit] INFO  http.HttpServer2 (HttpServer2.java:bindListener(1191)) - Jetty bound to port 38734
2019-09-25 08:26:55,457 [JUnit] INFO  server.Server (Server.java:doStart(351)) - jetty-9.3.25.v20180904, build timestamp: 2018-09-04T21:11:46Z, git hash: 3ce520221d0240229c862b122d2b06c12a625732
2019-09-25 08:26:55,460 [JUnit] INFO  handler.ContextHandler (ContextHandler.java:doStart(781)) - Started o.e.j.s.ServletContextHandler@671d1157{/logs,file:///workdir/hadoop-ozone/ozonefs/target/log,AVAILABLE}
2019-09-25 08:26:55,461 [JUnit] INFO  handler.ContextHandler (ContextHandler.java:doStart(781)) - Started o.e.j.s.ServletContextHandler@44cffc25{/static,jar:file:/home/user/.m2/repository/org/apache/hadoop/hadoop-hdds-container-service/0.5.0-SNAPSHOT/hadoop-hdds-container-service-0.5.0-SNAPSHOT.jar!/webapps/static,AVAILABLE}
2019-09-25 08:26:55,502 [JUnit] INFO  handler.ContextHandler (ContextHandler.java:doStart(781)) - Started o.e.j.w.WebAppContext@56637cff{/,file:///tmp/jetty-0.0.0.0-38734-hddsDatanode-_-any-1841315719626442061.dir/webapp/,AVAILABLE}{/hddsDatanode}
2019-09-25 08:26:55,504 [JUnit] INFO  server.AbstractConnector (AbstractConnector.java:doStart(278)) - Started ServerConnector@2938127d{HTTP/1.1,[http/1.1]}{0.0.0.0:38734}
2019-09-25 08:26:55,504 [JUnit] INFO  server.Server (Server.java:doStart(419)) - Started @17126ms
2019-09-25 08:26:55,504 [JUnit] WARN  impl.MetricsSystemImpl (MetricsSystemImpl.java:register(276)) - Sink prometheus already exists!
2019-09-25 08:26:55,506 [JUnit] INFO  server.BaseHttpServer (BaseHttpServer.java:updateConnectorAddress(215)) - HTTP server of HDDSDATANODE is listening at http://0.0.0.0:38734
2019-09-25 08:26:55,506 [JUnit] INFO  impl.MetricsSystemImpl (MetricsSystemImpl.java:init(158)) - HddsDatanode metrics system started (again)
2019-09-25 08:26:55,510 [org.apache.hadoop.util.JvmPauseMonitor$Monitor@60cfa021] INFO  util.JvmPauseMonitor (JvmPauseMonitor.java:run(188)) - Starting JVM pause monitor
2019-09-25 08:26:55,512 [JUnit] INFO  ozone.HddsDatanodeService (HddsDatanodeService.java:start(184)) - HddsDatanodeService host:pr-hdds-2174-pqx5g-486351168 ip:192.168.36.126
2019-09-25 08:26:55,522 [JUnit] INFO  volume.HddsVolume (HddsVolume.java:<init>(176)) - Creating Volume: /workdir/hadoop-ozone/ozonefs/target/test-dir/MiniOzoneClusterImpl-89fc8c47-b2b3-4bdf-bb73-d071f814af55/datanode-2/data/containers/hdds of  storage type : DISK and capacity : 1482555576320
2019-09-25 08:26:55,522 [JUnit] INFO  volume.VolumeSet (VolumeSet.java:initializeVolumeSet(170)) - Added Volume : /workdir/hadoop-ozone/ozonefs/target/test-dir/MiniOzoneClusterImpl-89fc8c47-b2b3-4bdf-bb73-d071f814af55/datanode-2/data/containers/hdds to VolumeSet
2019-09-25 08:26:55,523 [JUnit] INFO  volume.ThrottledAsyncChecker (ThrottledAsyncChecker.java:schedule(139)) - Scheduling a check for org.apache.hadoop.ozone.container.common.volume.HddsVolume@4996c99
2019-09-25 08:26:55,524 [JUnit] INFO  volume.HddsVolumeChecker (HddsVolumeChecker.java:checkAllVolumes(202)) - Scheduled health check for volume org.apache.hadoop.ozone.container.common.volume.HddsVolume@4996c99
2019-09-25 08:26:55,531 [Datanode State Machine Thread - 0] INFO  datanode.InitDatanodeState (InitDatanodeState.java:persistContainerDatanodeDetails(140)) - DatanodeDetails is persisted to /workdir/hadoop-ozone/ozonefs/target/test-dir/MiniOzoneClusterImpl-89fc8c47-b2b3-4bdf-bb73-d071f814af55/datanode-0/meta/datanode.id
2019-09-25 08:26:55,536 [Datanode State Machine Thread - 0] INFO  datanode.InitDatanodeState (InitDatanodeState.java:persistContainerDatanodeDetails(140)) - DatanodeDetails is persisted to /workdir/hadoop-ozone/ozonefs/target/test-dir/MiniOzoneClusterImpl-89fc8c47-b2b3-4bdf-bb73-d071f814af55/datanode-1/meta/datanode.id
2019-09-25 08:26:55,562 [JUnit] INFO  impl.RaftServerProxy (ConfUtils.java:logGet(43)) - raft.rpc.type = GRPC (default)
2019-09-25 08:26:55,563 [JUnit] INFO  grpc.GrpcFactory (GrpcFactory.java:checkPooledByteBufAllocatorUseCacheForAllThreads(45)) - PERFORMANCE WARNING: useCacheForAllThreads is true that may cause Netty to create a lot garbage objects and, as a result, trigger GC.
	It is recommended to disable useCacheForAllThreads by setting -Dorg.apache.ratis.thirdparty.io.netty.allocator.useCacheForAllThreads=false in command line.
2019-09-25 08:26:55,563 [JUnit] INFO  grpc.GrpcConfigKeys$Server (ConfUtils.java:logGet(43)) - raft.grpc.server.port = 0 (default)
2019-09-25 08:26:55,564 [JUnit] INFO  server.GrpcService (ConfUtils.java:logGet(43)) - raft.grpc.message.size.max = 33570816 (custom)
2019-09-25 08:26:55,564 [JUnit] INFO  server.RaftServerConfigKeys (ConfUtils.java:logGet(43)) - raft.server.log.appender.buffer.byte-limit = 33554432 (custom)
2019-09-25 08:26:55,564 [JUnit] INFO  server.GrpcService (ConfUtils.java:logGet(43)) - raft.grpc.flow.control.window = 1MB (=1048576) (default)
2019-09-25 08:26:55,565 [JUnit] INFO  server.RaftServerConfigKeys (ConfUtils.java:logGet(43)) - raft.server.rpc.request.timeout = 3000ms (default)
2019-09-25 08:26:55,566 [JUnit] INFO  server.RaftServerConfigKeys (ConfUtils.java:logGet(43)) - raft.server.storage.dir = [/workdir/hadoop-ozone/ozonefs/target/test-dir/MiniOzoneClusterImpl-89fc8c47-b2b3-4bdf-bb73-d071f814af55/datanode-2/data/ratis] (custom)
2019-09-25 08:26:55,569 [JUnit] INFO  hdfs.DFSUtil (DFSUtil.java:httpServerTemplateForNNAndJN(1641)) - Starting Web-server for hddsDatanode at: http://0.0.0.0:0
2019-09-25 08:26:55,572 [JUnit] INFO  server.AuthenticationFilter (AuthenticationFilter.java:constructSecretProvider(240)) - Unable to initialize FileSignerSecretProvider, falling back to use random secrets.
2019-09-25 08:26:55,573 [JUnit] WARN  http.HttpRequestLog (HttpRequestLog.java:getRequestLog(97)) - Jetty request log can only be enabled using Log4j
2019-09-25 08:26:55,576 [JUnit] INFO  http.HttpServer2 (HttpServer2.java:addGlobalFilter(975)) - Added global filter 'safety' (class=org.apache.hadoop.http.HttpServer2$QuotingInputFilter)
2019-09-25 08:26:55,578 [JUnit] INFO  http.HttpServer2 (HttpServer2.java:addFilter(948)) - Added filter static_user_filter (class=org.apache.hadoop.http.lib.StaticUserWebFilter$StaticUserFilter) to context hddsDatanode
2019-09-25 08:26:55,578 [JUnit] INFO  http.HttpServer2 (HttpServer2.java:addFilter(958)) - Added filter static_user_filter (class=org.apache.hadoop.http.lib.StaticUserWebFilter$StaticUserFilter) to context logs
2019-09-25 08:26:55,579 [JUnit] INFO  http.HttpServer2 (HttpServer2.java:addFilter(958)) - Added filter static_user_filter (class=org.apache.hadoop.http.lib.StaticUserWebFilter$StaticUserFilter) to context static
2019-09-25 08:26:55,580 [JUnit] INFO  http.HttpServer2 (HttpServer2.java:bindListener(1191)) - Jetty bound to port 43325
2019-09-25 08:26:55,580 [JUnit] INFO  server.Server (Server.java:doStart(351)) - jetty-9.3.25.v20180904, build timestamp: 2018-09-04T21:11:46Z, git hash: 3ce520221d0240229c862b122d2b06c12a625732
2019-09-25 08:26:55,585 [JUnit] INFO  handler.ContextHandler (ContextHandler.java:doStart(781)) - Started o.e.j.s.ServletContextHandler@181d8899{/logs,file:///workdir/hadoop-ozone/ozonefs/target/log,AVAILABLE}
2019-09-25 08:26:55,586 [JUnit] INFO  handler.ContextHandler (ContextHandler.java:doStart(781)) - Started o.e.j.s.ServletContextHandler@b887730{/static,jar:file:/home/user/.m2/repository/org/apache/hadoop/hadoop-hdds-container-service/0.5.0-SNAPSHOT/hadoop-hdds-container-service-0.5.0-SNAPSHOT.jar!/webapps/static,AVAILABLE}
2019-09-25 08:26:55,630 [JUnit] INFO  handler.ContextHandler (ContextHandler.java:doStart(781)) - Started o.e.j.w.WebAppContext@46a145ba{/,file:///tmp/jetty-0.0.0.0-43325-hddsDatanode-_-any-7865949814125485676.dir/webapp/,AVAILABLE}{/hddsDatanode}
2019-09-25 08:26:55,631 [JUnit] INFO  server.AbstractConnector (AbstractConnector.java:doStart(278)) - Started ServerConnector@7ab34619{HTTP/1.1,[http/1.1]}{0.0.0.0:43325}
2019-09-25 08:26:55,632 [JUnit] INFO  server.Server (Server.java:doStart(419)) - Started @17254ms
2019-09-25 08:26:55,632 [JUnit] WARN  impl.MetricsSystemImpl (MetricsSystemImpl.java:register(276)) - Sink prometheus already exists!
2019-09-25 08:26:55,633 [JUnit] INFO  server.BaseHttpServer (BaseHttpServer.java:updateConnectorAddress(215)) - HTTP server of HDDSDATANODE is listening at http://0.0.0.0:43325
2019-09-25 08:26:55,634 [JUnit] INFO  impl.MetricsSystemImpl (MetricsSystemImpl.java:init(158)) - HddsDatanode metrics system started (again)
2019-09-25 08:26:55,638 [org.apache.hadoop.util.JvmPauseMonitor$Monitor@6c3babf7] INFO  util.JvmPauseMonitor (JvmPauseMonitor.java:run(188)) - Starting JVM pause monitor
2019-09-25 08:26:55,639 [JUnit] INFO  ozone.HddsDatanodeService (HddsDatanodeService.java:start(184)) - HddsDatanodeService host:pr-hdds-2174-pqx5g-486351168 ip:192.168.36.126
2019-09-25 08:26:55,640 [Datanode State Machine Thread - 0] INFO  datanode.InitDatanodeState (InitDatanodeState.java:persistContainerDatanodeDetails(140)) - DatanodeDetails is persisted to /workdir/hadoop-ozone/ozonefs/target/test-dir/MiniOzoneClusterImpl-89fc8c47-b2b3-4bdf-bb73-d071f814af55/datanode-2/meta/datanode.id
2019-09-25 08:26:55,650 [JUnit] INFO  volume.HddsVolume (HddsVolume.java:<init>(176)) - Creating Volume: /workdir/hadoop-ozone/ozonefs/target/test-dir/MiniOzoneClusterImpl-89fc8c47-b2b3-4bdf-bb73-d071f814af55/datanode-3/data/containers/hdds of  storage type : DISK and capacity : 1482555576320
2019-09-25 08:26:55,650 [JUnit] INFO  volume.VolumeSet (VolumeSet.java:initializeVolumeSet(170)) - Added Volume : /workdir/hadoop-ozone/ozonefs/target/test-dir/MiniOzoneClusterImpl-89fc8c47-b2b3-4bdf-bb73-d071f814af55/datanode-3/data/containers/hdds to VolumeSet
2019-09-25 08:26:55,650 [JUnit] INFO  volume.ThrottledAsyncChecker (ThrottledAsyncChecker.java:schedule(139)) - Scheduling a check for org.apache.hadoop.ozone.container.common.volume.HddsVolume@7f5538a1
2019-09-25 08:26:55,651 [JUnit] INFO  volume.HddsVolumeChecker (HddsVolumeChecker.java:checkAllVolumes(202)) - Scheduled health check for volume org.apache.hadoop.ozone.container.common.volume.HddsVolume@7f5538a1
2019-09-25 08:26:55,685 [JUnit] INFO  impl.RaftServerProxy (ConfUtils.java:logGet(43)) - raft.rpc.type = GRPC (default)
2019-09-25 08:26:55,686 [JUnit] INFO  grpc.GrpcFactory (GrpcFactory.java:checkPooledByteBufAllocatorUseCacheForAllThreads(45)) - PERFORMANCE WARNING: useCacheForAllThreads is true that may cause Netty to create a lot garbage objects and, as a result, trigger GC.
	It is recommended to disable useCacheForAllThreads by setting -Dorg.apache.ratis.thirdparty.io.netty.allocator.useCacheForAllThreads=false in command line.
2019-09-25 08:26:55,686 [JUnit] INFO  grpc.GrpcConfigKeys$Server (ConfUtils.java:logGet(43)) - raft.grpc.server.port = 0 (default)
2019-09-25 08:26:55,686 [JUnit] INFO  server.GrpcService (ConfUtils.java:logGet(43)) - raft.grpc.message.size.max = 33570816 (custom)
2019-09-25 08:26:55,687 [JUnit] INFO  server.RaftServerConfigKeys (ConfUtils.java:logGet(43)) - raft.server.log.appender.buffer.byte-limit = 33554432 (custom)
2019-09-25 08:26:55,687 [JUnit] INFO  server.GrpcService (ConfUtils.java:logGet(43)) - raft.grpc.flow.control.window = 1MB (=1048576) (default)
2019-09-25 08:26:55,687 [JUnit] INFO  server.RaftServerConfigKeys (ConfUtils.java:logGet(43)) - raft.server.rpc.request.timeout = 3000ms (default)
2019-09-25 08:26:55,688 [JUnit] INFO  server.RaftServerConfigKeys (ConfUtils.java:logGet(43)) - raft.server.storage.dir = [/workdir/hadoop-ozone/ozonefs/target/test-dir/MiniOzoneClusterImpl-89fc8c47-b2b3-4bdf-bb73-d071f814af55/datanode-3/data/ratis] (custom)
2019-09-25 08:26:55,690 [JUnit] INFO  hdfs.DFSUtil (DFSUtil.java:httpServerTemplateForNNAndJN(1641)) - Starting Web-server for hddsDatanode at: http://0.0.0.0:0
2019-09-25 08:26:55,692 [JUnit] INFO  server.AuthenticationFilter (AuthenticationFilter.java:constructSecretProvider(240)) - Unable to initialize FileSignerSecretProvider, falling back to use random secrets.
2019-09-25 08:26:55,693 [JUnit] WARN  http.HttpRequestLog (HttpRequestLog.java:getRequestLog(97)) - Jetty request log can only be enabled using Log4j
2019-09-25 08:26:55,695 [JUnit] INFO  http.HttpServer2 (HttpServer2.java:addGlobalFilter(975)) - Added global filter 'safety' (class=org.apache.hadoop.http.HttpServer2$QuotingInputFilter)
2019-09-25 08:26:55,696 [JUnit] INFO  http.HttpServer2 (HttpServer2.java:addFilter(948)) - Added filter static_user_filter (class=org.apache.hadoop.http.lib.StaticUserWebFilter$StaticUserFilter) to context hddsDatanode
2019-09-25 08:26:55,696 [JUnit] INFO  http.HttpServer2 (HttpServer2.java:addFilter(958)) - Added filter static_user_filter (class=org.apache.hadoop.http.lib.StaticUserWebFilter$StaticUserFilter) to context static
2019-09-25 08:26:55,697 [JUnit] INFO  http.HttpServer2 (HttpServer2.java:addFilter(958)) - Added filter static_user_filter (class=org.apache.hadoop.http.lib.StaticUserWebFilter$StaticUserFilter) to context logs
2019-09-25 08:26:55,698 [JUnit] INFO  http.HttpServer2 (HttpServer2.java:bindListener(1191)) - Jetty bound to port 42363
2019-09-25 08:26:55,698 [JUnit] INFO  server.Server (Server.java:doStart(351)) - jetty-9.3.25.v20180904, build timestamp: 2018-09-04T21:11:46Z, git hash: 3ce520221d0240229c862b122d2b06c12a625732
2019-09-25 08:26:55,700 [JUnit] INFO  handler.ContextHandler (ContextHandler.java:doStart(781)) - Started o.e.j.s.ServletContextHandler@4fa9ab6{/logs,file:///workdir/hadoop-ozone/ozonefs/target/log,AVAILABLE}
2019-09-25 08:26:55,701 [JUnit] INFO  handler.ContextHandler (ContextHandler.java:doStart(781)) - Started o.e.j.s.ServletContextHandler@a2341c6{/static,jar:file:/home/user/.m2/repository/org/apache/hadoop/hadoop-hdds-container-service/0.5.0-SNAPSHOT/hadoop-hdds-container-service-0.5.0-SNAPSHOT.jar!/webapps/static,AVAILABLE}
2019-09-25 08:26:55,730 [JUnit] INFO  handler.ContextHandler (ContextHandler.java:doStart(781)) - Started o.e.j.w.WebAppContext@7b122839{/,file:///tmp/jetty-0.0.0.0-42363-hddsDatanode-_-any-7674750869154063861.dir/webapp/,AVAILABLE}{/hddsDatanode}
2019-09-25 08:26:55,731 [JUnit] INFO  server.AbstractConnector (AbstractConnector.java:doStart(278)) - Started ServerConnector@3743539f{HTTP/1.1,[http/1.1]}{0.0.0.0:42363}
2019-09-25 08:26:55,732 [JUnit] INFO  server.Server (Server.java:doStart(419)) - Started @17354ms
2019-09-25 08:26:55,732 [JUnit] WARN  impl.MetricsSystemImpl (MetricsSystemImpl.java:register(276)) - Sink prometheus already exists!
2019-09-25 08:26:55,733 [JUnit] INFO  server.BaseHttpServer (BaseHttpServer.java:updateConnectorAddress(215)) - HTTP server of HDDSDATANODE is listening at http://0.0.0.0:42363
2019-09-25 08:26:55,734 [JUnit] INFO  impl.MetricsSystemImpl (MetricsSystemImpl.java:init(158)) - HddsDatanode metrics system started (again)
2019-09-25 08:26:55,739 [org.apache.hadoop.util.JvmPauseMonitor$Monitor@40730a7c] INFO  util.JvmPauseMonitor (JvmPauseMonitor.java:run(188)) - Starting JVM pause monitor
2019-09-25 08:26:55,739 [JUnit] INFO  ozone.HddsDatanodeService (HddsDatanodeService.java:start(184)) - HddsDatanodeService host:pr-hdds-2174-pqx5g-486351168 ip:192.168.36.126
2019-09-25 08:26:55,742 [Datanode State Machine Thread - 0] INFO  datanode.InitDatanodeState (InitDatanodeState.java:persistContainerDatanodeDetails(140)) - DatanodeDetails is persisted to /workdir/hadoop-ozone/ozonefs/target/test-dir/MiniOzoneClusterImpl-89fc8c47-b2b3-4bdf-bb73-d071f814af55/datanode-3/meta/datanode.id
2019-09-25 08:26:55,748 [JUnit] INFO  volume.HddsVolume (HddsVolume.java:<init>(176)) - Creating Volume: /workdir/hadoop-ozone/ozonefs/target/test-dir/MiniOzoneClusterImpl-89fc8c47-b2b3-4bdf-bb73-d071f814af55/datanode-4/data/containers/hdds of  storage type : DISK and capacity : 1482555576320
2019-09-25 08:26:55,748 [JUnit] INFO  volume.VolumeSet (VolumeSet.java:initializeVolumeSet(170)) - Added Volume : /workdir/hadoop-ozone/ozonefs/target/test-dir/MiniOzoneClusterImpl-89fc8c47-b2b3-4bdf-bb73-d071f814af55/datanode-4/data/containers/hdds to VolumeSet
2019-09-25 08:26:55,749 [JUnit] INFO  volume.ThrottledAsyncChecker (ThrottledAsyncChecker.java:schedule(139)) - Scheduling a check for org.apache.hadoop.ozone.container.common.volume.HddsVolume@6325f352
2019-09-25 08:26:55,749 [JUnit] INFO  volume.HddsVolumeChecker (HddsVolumeChecker.java:checkAllVolumes(202)) - Scheduled health check for volume org.apache.hadoop.ozone.container.common.volume.HddsVolume@6325f352
2019-09-25 08:26:55,782 [JUnit] INFO  impl.RaftServerProxy (ConfUtils.java:logGet(43)) - raft.rpc.type = GRPC (default)
2019-09-25 08:26:55,782 [JUnit] INFO  grpc.GrpcFactory (GrpcFactory.java:checkPooledByteBufAllocatorUseCacheForAllThreads(45)) - PERFORMANCE WARNING: useCacheForAllThreads is true that may cause Netty to create a lot garbage objects and, as a result, trigger GC.
	It is recommended to disable useCacheForAllThreads by setting -Dorg.apache.ratis.thirdparty.io.netty.allocator.useCacheForAllThreads=false in command line.
2019-09-25 08:26:55,783 [JUnit] INFO  grpc.GrpcConfigKeys$Server (ConfUtils.java:logGet(43)) - raft.grpc.server.port = 0 (default)
2019-09-25 08:26:55,783 [JUnit] INFO  server.GrpcService (ConfUtils.java:logGet(43)) - raft.grpc.message.size.max = 33570816 (custom)
2019-09-25 08:26:55,783 [JUnit] INFO  server.RaftServerConfigKeys (ConfUtils.java:logGet(43)) - raft.server.log.appender.buffer.byte-limit = 33554432 (custom)
2019-09-25 08:26:55,784 [JUnit] INFO  server.GrpcService (ConfUtils.java:logGet(43)) - raft.grpc.flow.control.window = 1MB (=1048576) (default)
2019-09-25 08:26:55,784 [JUnit] INFO  server.RaftServerConfigKeys (ConfUtils.java:logGet(43)) - raft.server.rpc.request.timeout = 3000ms (default)
2019-09-25 08:26:55,785 [JUnit] INFO  server.RaftServerConfigKeys (ConfUtils.java:logGet(43)) - raft.server.storage.dir = [/workdir/hadoop-ozone/ozonefs/target/test-dir/MiniOzoneClusterImpl-89fc8c47-b2b3-4bdf-bb73-d071f814af55/datanode-4/data/ratis] (custom)
2019-09-25 08:26:55,787 [JUnit] INFO  hdfs.DFSUtil (DFSUtil.java:httpServerTemplateForNNAndJN(1641)) - Starting Web-server for hddsDatanode at: http://0.0.0.0:0
2019-09-25 08:26:55,789 [JUnit] INFO  server.AuthenticationFilter (AuthenticationFilter.java:constructSecretProvider(240)) - Unable to initialize FileSignerSecretProvider, falling back to use random secrets.
2019-09-25 08:26:55,790 [JUnit] WARN  http.HttpRequestLog (HttpRequestLog.java:getRequestLog(97)) - Jetty request log can only be enabled using Log4j
2019-09-25 08:26:55,793 [JUnit] INFO  http.HttpServer2 (HttpServer2.java:addGlobalFilter(975)) - Added global filter 'safety' (class=org.apache.hadoop.http.HttpServer2$QuotingInputFilter)
2019-09-25 08:26:55,794 [JUnit] INFO  http.HttpServer2 (HttpServer2.java:addFilter(948)) - Added filter static_user_filter (class=org.apache.hadoop.http.lib.StaticUserWebFilter$StaticUserFilter) to context hddsDatanode
2019-09-25 08:26:55,794 [JUnit] INFO  http.HttpServer2 (HttpServer2.java:addFilter(958)) - Added filter static_user_filter (class=org.apache.hadoop.http.lib.StaticUserWebFilter$StaticUserFilter) to context logs
2019-09-25 08:26:55,794 [JUnit] INFO  http.HttpServer2 (HttpServer2.java:addFilter(958)) - Added filter static_user_filter (class=org.apache.hadoop.http.lib.StaticUserWebFilter$StaticUserFilter) to context static
2019-09-25 08:26:55,796 [JUnit] INFO  http.HttpServer2 (HttpServer2.java:bindListener(1191)) - Jetty bound to port 42590
2019-09-25 08:26:55,796 [JUnit] INFO  server.Server (Server.java:doStart(351)) - jetty-9.3.25.v20180904, build timestamp: 2018-09-04T21:11:46Z, git hash: 3ce520221d0240229c862b122d2b06c12a625732
2019-09-25 08:26:55,798 [JUnit] INFO  handler.ContextHandler (ContextHandler.java:doStart(781)) - Started o.e.j.s.ServletContextHandler@459f703f{/logs,file:///workdir/hadoop-ozone/ozonefs/target/log,AVAILABLE}
2019-09-25 08:26:55,799 [JUnit] INFO  handler.ContextHandler (ContextHandler.java:doStart(781)) - Started o.e.j.s.ServletContextHandler@3650d4fc{/static,jar:file:/home/user/.m2/repository/org/apache/hadoop/hadoop-hdds-container-service/0.5.0-SNAPSHOT/hadoop-hdds-container-service-0.5.0-SNAPSHOT.jar!/webapps/static,AVAILABLE}
2019-09-25 08:26:55,832 [JUnit] INFO  handler.ContextHandler (ContextHandler.java:doStart(781)) - Started o.e.j.w.WebAppContext@176f7f3b{/,file:///tmp/jetty-0.0.0.0-42590-hddsDatanode-_-any-3263987713582111050.dir/webapp/,AVAILABLE}{/hddsDatanode}
2019-09-25 08:26:55,833 [JUnit] INFO  server.AbstractConnector (AbstractConnector.java:doStart(278)) - Started ServerConnector@30ca0779{HTTP/1.1,[http/1.1]}{0.0.0.0:42590}
2019-09-25 08:26:55,834 [JUnit] INFO  server.Server (Server.java:doStart(419)) - Started @17456ms
2019-09-25 08:26:55,834 [JUnit] WARN  impl.MetricsSystemImpl (MetricsSystemImpl.java:register(276)) - Sink prometheus already exists!
2019-09-25 08:26:55,835 [JUnit] INFO  server.BaseHttpServer (BaseHttpServer.java:updateConnectorAddress(215)) - HTTP server of HDDSDATANODE is listening at http://0.0.0.0:42590
2019-09-25 08:26:55,837 [JUnit] INFO  ozone.MiniOzoneClusterImpl (MiniOzoneClusterImpl.java:lambda$waitForClusterToBeReady$0(147)) - Waiting for cluster to be ready. Got 0 of 5 DN Heartbeats.
2019-09-25 08:26:55,838 [org.apache.hadoop.util.JvmPauseMonitor$Monitor@6b4fa132] INFO  util.JvmPauseMonitor (JvmPauseMonitor.java:run(188)) - Starting JVM pause monitor
2019-09-25 08:26:55,839 [Datanode State Machine Thread - 0] INFO  datanode.InitDatanodeState (InitDatanodeState.java:persistContainerDatanodeDetails(140)) - DatanodeDetails is persisted to /workdir/hadoop-ozone/ozonefs/target/test-dir/MiniOzoneClusterImpl-89fc8c47-b2b3-4bdf-bb73-d071f814af55/datanode-4/meta/datanode.id
2019-09-25 08:26:56,837 [JUnit] INFO  ozone.MiniOzoneClusterImpl (MiniOzoneClusterImpl.java:lambda$waitForClusterToBeReady$0(147)) - Waiting for cluster to be ready. Got 0 of 5 DN Heartbeats.
2019-09-25 08:26:57,838 [JUnit] INFO  ozone.MiniOzoneClusterImpl (MiniOzoneClusterImpl.java:lambda$waitForClusterToBeReady$0(147)) - Waiting for cluster to be ready. Got 0 of 5 DN Heartbeats.
2019-09-25 08:26:57,979 [Datanode State Machine Thread - 0] INFO  ozoneimpl.OzoneContainer (OzoneContainer.java:start(217)) - Attempting to start container services.
2019-09-25 08:26:57,979 [Datanode State Machine Thread - 0] INFO  ozoneimpl.OzoneContainer (OzoneContainer.java:start(217)) - Attempting to start container services.
2019-09-25 08:26:57,980 [Datanode State Machine Thread - 0] INFO  ozoneimpl.OzoneContainer (OzoneContainer.java:start(217)) - Attempting to start container services.
2019-09-25 08:26:57,979 [Datanode State Machine Thread - 0] INFO  ozoneimpl.OzoneContainer (OzoneContainer.java:start(217)) - Attempting to start container services.
2019-09-25 08:26:57,979 [Datanode State Machine Thread - 0] INFO  ozoneimpl.OzoneContainer (OzoneContainer.java:start(217)) - Attempting to start container services.
2019-09-25 08:26:57,989 [Datanode State Machine Thread - 0] INFO  ozoneimpl.OzoneContainer (OzoneContainer.java:startContainerScrub(179)) - Background container scanner has been disabled.
2019-09-25 08:26:57,989 [Datanode State Machine Thread - 0] INFO  ozoneimpl.OzoneContainer (OzoneContainer.java:startContainerScrub(179)) - Background container scanner has been disabled.
2019-09-25 08:26:57,990 [Datanode State Machine Thread - 0] INFO  ratis.XceiverServerRatis (XceiverServerRatis.java:start(411)) - Starting XceiverServerRatis c3cb6f05-b6f3-412a-9992-86b6d1cba2e6 at port 0
2019-09-25 08:26:57,990 [Datanode State Machine Thread - 0] INFO  ratis.XceiverServerRatis (XceiverServerRatis.java:start(411)) - Starting XceiverServerRatis 6a5ae9a9-cfb1-4309-902c-23a850733c72 at port 0
2019-09-25 08:26:57,992 [Datanode State Machine Thread - 0] INFO  ozoneimpl.OzoneContainer (OzoneContainer.java:startContainerScrub(179)) - Background container scanner has been disabled.
2019-09-25 08:26:57,992 [Datanode State Machine Thread - 0] INFO  ozoneimpl.OzoneContainer (OzoneContainer.java:startContainerScrub(179)) - Background container scanner has been disabled.
2019-09-25 08:26:57,992 [Datanode State Machine Thread - 0] INFO  ozoneimpl.OzoneContainer (OzoneContainer.java:startContainerScrub(179)) - Background container scanner has been disabled.
2019-09-25 08:26:57,993 [Datanode State Machine Thread - 0] INFO  ratis.XceiverServerRatis (XceiverServerRatis.java:start(411)) - Starting XceiverServerRatis f230bc7e-d80c-430f-a4ff-61e0293dd1c7 at port 0
2019-09-25 08:26:57,992 [Datanode State Machine Thread - 0] INFO  ratis.XceiverServerRatis (XceiverServerRatis.java:start(411)) - Starting XceiverServerRatis 99a70305-7b37-4d81-b817-04520db44446 at port 0
2019-09-25 08:26:57,993 [Datanode State Machine Thread - 0] INFO  ratis.XceiverServerRatis (XceiverServerRatis.java:start(411)) - Starting XceiverServerRatis 87aead68-aaca-445a-b26b-2e9f12b24b75 at port 0
2019-09-25 08:26:58,065 [Datanode State Machine Thread - 0] INFO  impl.RaftServerProxy (RaftServerProxy.java:lambda$start$3(299)) - 6a5ae9a9-cfb1-4309-902c-23a850733c72: start RPC server
2019-09-25 08:26:58,065 [Datanode State Machine Thread - 0] INFO  impl.RaftServerProxy (RaftServerProxy.java:lambda$start$3(299)) - 99a70305-7b37-4d81-b817-04520db44446: start RPC server
2019-09-25 08:26:58,065 [Datanode State Machine Thread - 0] INFO  impl.RaftServerProxy (RaftServerProxy.java:lambda$start$3(299)) - 87aead68-aaca-445a-b26b-2e9f12b24b75: start RPC server
2019-09-25 08:26:58,065 [Datanode State Machine Thread - 0] INFO  impl.RaftServerProxy (RaftServerProxy.java:lambda$start$3(299)) - f230bc7e-d80c-430f-a4ff-61e0293dd1c7: start RPC server
2019-09-25 08:26:58,065 [Datanode State Machine Thread - 0] INFO  impl.RaftServerProxy (RaftServerProxy.java:lambda$start$3(299)) - c3cb6f05-b6f3-412a-9992-86b6d1cba2e6: start RPC server
2019-09-25 08:26:58,243 [Datanode State Machine Thread - 0] INFO  server.GrpcService (GrpcService.java:startImpl(158)) - 6a5ae9a9-cfb1-4309-902c-23a850733c72: GrpcService started, listening on 0.0.0.0/0.0.0.0:33205
2019-09-25 08:26:58,245 [Datanode State Machine Thread - 0] INFO  server.GrpcService (GrpcService.java:startImpl(158)) - c3cb6f05-b6f3-412a-9992-86b6d1cba2e6: GrpcService started, listening on 0.0.0.0/0.0.0.0:40238
2019-09-25 08:26:58,245 [Datanode State Machine Thread - 0] INFO  server.GrpcService (GrpcService.java:startImpl(158)) - f230bc7e-d80c-430f-a4ff-61e0293dd1c7: GrpcService started, listening on 0.0.0.0/0.0.0.0:44732
2019-09-25 08:26:58,243 [Datanode State Machine Thread - 0] INFO  server.GrpcService (GrpcService.java:startImpl(158)) - 87aead68-aaca-445a-b26b-2e9f12b24b75: GrpcService started, listening on 0.0.0.0/0.0.0.0:36757
2019-09-25 08:26:58,244 [Datanode State Machine Thread - 0] INFO  server.GrpcService (GrpcService.java:startImpl(158)) - 99a70305-7b37-4d81-b817-04520db44446: GrpcService started, listening on 0.0.0.0/0.0.0.0:41949
2019-09-25 08:26:58,246 [Datanode State Machine Thread - 0] INFO  ratis.XceiverServerRatis (XceiverServerRatis.java:start(421)) - XceiverServerRatis 87aead68-aaca-445a-b26b-2e9f12b24b75 is started using port 36757
2019-09-25 08:26:58,245 [Datanode State Machine Thread - 0] INFO  ratis.XceiverServerRatis (XceiverServerRatis.java:start(421)) - XceiverServerRatis f230bc7e-d80c-430f-a4ff-61e0293dd1c7 is started using port 44732
2019-09-25 08:26:58,245 [Datanode State Machine Thread - 0] INFO  ratis.XceiverServerRatis (XceiverServerRatis.java:start(421)) - XceiverServerRatis c3cb6f05-b6f3-412a-9992-86b6d1cba2e6 is started using port 40238
2019-09-25 08:26:58,245 [Datanode State Machine Thread - 0] INFO  ratis.XceiverServerRatis (XceiverServerRatis.java:start(421)) - XceiverServerRatis 6a5ae9a9-cfb1-4309-902c-23a850733c72 is started using port 33205
2019-09-25 08:26:58,246 [Datanode State Machine Thread - 0] INFO  ratis.XceiverServerRatis (XceiverServerRatis.java:start(421)) - XceiverServerRatis 99a70305-7b37-4d81-b817-04520db44446 is started using port 41949
2019-09-25 08:26:58,259 [Datanode State Machine Thread - 0] INFO  server.XceiverServerGrpc (XceiverServerGrpc.java:start(149)) - XceiverServerGrpc 6a5ae9a9-cfb1-4309-902c-23a850733c72 is started using port 32912
2019-09-25 08:26:58,260 [Datanode State Machine Thread - 0] INFO  server.XceiverServerGrpc (XceiverServerGrpc.java:start(149)) - XceiverServerGrpc c3cb6f05-b6f3-412a-9992-86b6d1cba2e6 is started using port 44498
2019-09-25 08:26:58,260 [Datanode State Machine Thread - 0] INFO  server.XceiverServerGrpc (XceiverServerGrpc.java:start(149)) - XceiverServerGrpc 87aead68-aaca-445a-b26b-2e9f12b24b75 is started using port 42977
2019-09-25 08:26:58,260 [Datanode State Machine Thread - 0] INFO  server.XceiverServerGrpc (XceiverServerGrpc.java:start(149)) - XceiverServerGrpc 99a70305-7b37-4d81-b817-04520db44446 is started using port 35910
2019-09-25 08:26:58,259 [Datanode State Machine Thread - 0] INFO  server.XceiverServerGrpc (XceiverServerGrpc.java:start(149)) - XceiverServerGrpc f230bc7e-d80c-430f-a4ff-61e0293dd1c7 is started using port 35585
2019-09-25 08:26:58,838 [JUnit] INFO  ozone.MiniOzoneClusterImpl (MiniOzoneClusterImpl.java:lambda$waitForClusterToBeReady$0(147)) - Waiting for cluster to be ready. Got 0 of 5 DN Heartbeats.
2019-09-25 08:26:59,452 [IPC Server handler 1 on 38890] INFO  net.NetworkTopology (NetworkTopologyImpl.java:add(111)) - Added a new node: /default-rack/99a70305-7b37-4d81-b817-04520db44446
2019-09-25 08:26:59,452 [IPC Server handler 1 on 38890] INFO  node.SCMNodeManager (SCMNodeManager.java:register(266)) - Registered Data node : 99a70305-7b37-4d81-b817-04520db44446{ip: 192.168.36.126, host: pr-hdds-2174-pqx5g-486351168, networkLocation: /default-rack, certSerialId: null}
2019-09-25 08:26:59,460 [EventQueue-NodeRegistrationContainerReportForDataNodeSafeModeRule] INFO  safemode.SCMSafeModeManager (DataNodeSafeModeRule.java:process(71)) - SCM in safe mode. 1 DataNodes registered, 1 required.
2019-09-25 08:26:59,462 [EventQueue-NodeRegistrationContainerReportForDataNodeSafeModeRule] INFO  safemode.SCMSafeModeManager (SCMSafeModeManager.java:validateSafeModeExitRules(177)) - ScmSafeModeManager, all rules are successfully validated
2019-09-25 08:26:59,462 [EventQueue-NodeRegistrationContainerReportForDataNodeSafeModeRule] INFO  safemode.SCMSafeModeManager (SCMSafeModeManager.java:exitSafeMode(193)) - SCM exiting safe mode.
2019-09-25 08:26:59,514 [IPC Server handler 2 on 38890] INFO  net.NetworkTopology (NetworkTopologyImpl.java:add(111)) - Added a new node: /default-rack/f230bc7e-d80c-430f-a4ff-61e0293dd1c7
2019-09-25 08:26:59,515 [IPC Server handler 2 on 38890] INFO  node.SCMNodeManager (SCMNodeManager.java:register(266)) - Registered Data node : f230bc7e-d80c-430f-a4ff-61e0293dd1c7{ip: 192.168.36.126, host: pr-hdds-2174-pqx5g-486351168, networkLocation: /default-rack, certSerialId: null}
2019-09-25 08:26:59,642 [IPC Server handler 3 on 38890] INFO  net.NetworkTopology (NetworkTopologyImpl.java:add(111)) - Added a new node: /default-rack/87aead68-aaca-445a-b26b-2e9f12b24b75
2019-09-25 08:26:59,643 [IPC Server handler 3 on 38890] INFO  node.SCMNodeManager (SCMNodeManager.java:register(266)) - Registered Data node : 87aead68-aaca-445a-b26b-2e9f12b24b75{ip: 192.168.36.126, host: pr-hdds-2174-pqx5g-486351168, networkLocation: /default-rack, certSerialId: null}
2019-09-25 08:26:59,743 [IPC Server handler 6 on 38890] INFO  net.NetworkTopology (NetworkTopologyImpl.java:add(111)) - Added a new node: /default-rack/6a5ae9a9-cfb1-4309-902c-23a850733c72
2019-09-25 08:26:59,743 [IPC Server handler 6 on 38890] INFO  node.SCMNodeManager (SCMNodeManager.java:register(266)) - Registered Data node : 6a5ae9a9-cfb1-4309-902c-23a850733c72{ip: 192.168.36.126, host: pr-hdds-2174-pqx5g-486351168, networkLocation: /default-rack, certSerialId: null}
2019-09-25 08:26:59,839 [JUnit] INFO  ozone.MiniOzoneClusterImpl (MiniOzoneClusterImpl.java:lambda$waitForClusterToBeReady$0(147)) - Waiting for cluster to be ready. Got 4 of 5 DN Heartbeats.
2019-09-25 08:26:59,849 [IPC Server handler 1 on 38890] INFO  net.NetworkTopology (NetworkTopologyImpl.java:add(111)) - Added a new node: /default-rack/c3cb6f05-b6f3-412a-9992-86b6d1cba2e6
2019-09-25 08:26:59,850 [IPC Server handler 1 on 38890] INFO  node.SCMNodeManager (SCMNodeManager.java:register(266)) - Registered Data node : c3cb6f05-b6f3-412a-9992-86b6d1cba2e6{ip: 192.168.36.126, host: pr-hdds-2174-pqx5g-486351168, networkLocation: /default-rack, certSerialId: null}
2019-09-25 08:27:00,150 [grpc-default-executor-0] INFO  impl.RaftServerProxy (RaftServerProxy.java:addNew(89)) - 99a70305-7b37-4d81-b817-04520db44446: addNew group-51C5E01F8EAF:[99a70305-7b37-4d81-b817-04520db44446:192.168.36.126:41949] returns group-51C5E01F8EAF:java.util.concurrent.CompletableFuture@38687e0d[Not completed]
2019-09-25 08:27:00,184 [pool-27-thread-1] INFO  impl.RaftServerImpl (RaftServerImpl.java:<init>(95)) - 99a70305-7b37-4d81-b817-04520db44446: new RaftServerImpl for group-51C5E01F8EAF:[99a70305-7b37-4d81-b817-04520db44446:192.168.36.126:41949] with ContainerStateMachine:uninitialized
2019-09-25 08:27:00,187 [pool-27-thread-1] INFO  server.RaftServerConfigKeys (ConfUtils.java:logGet(43)) - raft.server.rpc.timeout.min = 5s (custom)
2019-09-25 08:27:00,188 [pool-27-thread-1] INFO  server.RaftServerConfigKeys (ConfUtils.java:logGet(43)) - raft.server.rpc.timeout.max = 5200ms (custom)
2019-09-25 08:27:00,188 [pool-27-thread-1] INFO  server.RaftServerConfigKeys (ConfUtils.java:logGet(43)) - raft.server.rpcslowness.timeout = 120s (custom)
2019-09-25 08:27:00,189 [pool-27-thread-1] INFO  server.RaftServerConfigKeys (ConfUtils.java:logGet(43)) - raft.server.sleep.deviation.threshold = 300 (default)
2019-09-25 08:27:00,191 [pool-27-thread-1] INFO  server.RaftServerConfigKeys (ConfUtils.java:logGet(43)) - raft.server.log.appender.install.snapshot.enabled = false (custom)
2019-09-25 08:27:00,204 [pool-27-thread-1] INFO  impl.RaftServerImpl (ServerState.java:<init>(103)) - 99a70305-7b37-4d81-b817-04520db44446@group-51C5E01F8EAF: ConfigurationManager, init=-1: [99a70305-7b37-4d81-b817-04520db44446:192.168.36.126:41949], old=null, confs=<EMPTY_MAP>
2019-09-25 08:27:00,205 [pool-27-thread-1] INFO  server.RaftServerConfigKeys (ConfUtils.java:logGet(43)) - raft.server.storage.dir = [/workdir/hadoop-ozone/ozonefs/target/test-dir/MiniOzoneClusterImpl-89fc8c47-b2b3-4bdf-bb73-d071f814af55/datanode-0/data/ratis] (custom)
2019-09-25 08:27:00,216 [pool-27-thread-1] INFO  storage.RaftStorageDirectory (RaftStorageDirectory.java:analyzeStorage(246)) - The storage directory /workdir/hadoop-ozone/ozonefs/target/test-dir/MiniOzoneClusterImpl-89fc8c47-b2b3-4bdf-bb73-d071f814af55/datanode-0/data/ratis/e0641562-9a28-49c4-9119-51c5e01f8eaf does not exist. Creating ...
2019-09-25 08:27:00,245 [pool-27-thread-1] INFO  storage.RaftStorageDirectory (RaftStorageDirectory.java:tryLock(328)) - Lock on /workdir/hadoop-ozone/ozonefs/target/test-dir/MiniOzoneClusterImpl-89fc8c47-b2b3-4bdf-bb73-d071f814af55/datanode-0/data/ratis/e0641562-9a28-49c4-9119-51c5e01f8eaf/in_use.lock acquired by nodename 18087@pr-hdds-2174-pqx5g-486351168
2019-09-25 08:27:00,284 [pool-27-thread-1] INFO  storage.RaftStorage (RaftStorage.java:format(72)) - Storage directory /workdir/hadoop-ozone/ozonefs/target/test-dir/MiniOzoneClusterImpl-89fc8c47-b2b3-4bdf-bb73-d071f814af55/datanode-0/data/ratis/e0641562-9a28-49c4-9119-51c5e01f8eaf has been successfully formatted.
2019-09-25 08:27:00,288 [pool-27-thread-1] INFO  ratis.ContainerStateMachine (ContainerStateMachine.java:loadSnapshot(230)) - group-51C5E01F8EAF: The snapshot info is null. Setting the last applied indexto:(t:0, i:~)
2019-09-25 08:27:00,288 [pool-27-thread-1] INFO  server.RaftServerConfigKeys (ConfUtils.java:logGet(43)) - raft.server.notification.no-leader.timeout = 120s (custom)
2019-09-25 08:27:00,292 [pool-27-thread-1] INFO  server.RaftServerConfigKeys (ConfUtils.java:logGet(43)) - raft.server.log.use.memory = false (default)
2019-09-25 08:27:00,301 [pool-27-thread-1] INFO  server.RaftServerConfigKeys (ConfUtils.java:logGet(43)) - raft.server.log.purge.gap = 1000000 (custom)
2019-09-25 08:27:00,301 [pool-27-thread-1] INFO  server.RaftServerConfigKeys (ConfUtils.java:logGet(43)) - raft.server.log.appender.buffer.byte-limit = 33554432 (custom)
2019-09-25 08:27:00,305 [pool-27-thread-1] INFO  server.RaftServerConfigKeys (ConfUtils.java:logGet(43)) - raft.server.log.segment.size.max = 1048576 (custom)
2019-09-25 08:27:00,312 [pool-27-thread-1] INFO  server.RaftServerConfigKeys (ConfUtils.java:logGet(43)) - raft.server.log.segment.cache.num.max = 2 (custom)
2019-09-25 08:27:00,321 [pool-27-thread-1] INFO  segmented.SegmentedRaftLogWorker (SegmentedRaftLogWorker.java:<init>(172)) - new 99a70305-7b37-4d81-b817-04520db44446@group-51C5E01F8EAF-SegmentedRaftLogWorker for RaftStorage:Storage Directory /workdir/hadoop-ozone/ozonefs/target/test-dir/MiniOzoneClusterImpl-89fc8c47-b2b3-4bdf-bb73-d071f814af55/datanode-0/data/ratis/e0641562-9a28-49c4-9119-51c5e01f8eaf
2019-09-25 08:27:00,323 [pool-27-thread-1] INFO  impl.MetricsSystemImpl (MetricsSystemImpl.java:init(158)) - ratis metrics system started (again)
2019-09-25 08:27:00,332 [pool-27-thread-1] INFO  metrics.MetricRegistries (MetricRegistriesLoader.java:load(64)) - Loaded MetricRegistries class org.apache.ratis.metrics.impl.MetricRegistriesImpl
2019-09-25 08:27:00,379 [pool-27-thread-1] INFO  server.RaftServerConfigKeys (ConfUtils.java:logGet(43)) - raft.server.log.queue.byte-limit = 2147483647 (custom)
2019-09-25 08:27:00,379 [pool-27-thread-1] INFO  server.RaftServerConfigKeys (ConfUtils.java:logGet(43)) - raft.server.log.queue.element-limit = 1024 (custom)
2019-09-25 08:27:00,383 [pool-27-thread-1] INFO  server.RaftServerConfigKeys (ConfUtils.java:logGet(43)) - raft.server.log.segment.size.max = 1048576 (custom)
2019-09-25 08:27:00,384 [pool-27-thread-1] INFO  server.RaftServerConfigKeys (ConfUtils.java:logGet(43)) - raft.server.log.preallocated.size = 16384 (custom)
2019-09-25 08:27:00,384 [pool-27-thread-1] INFO  server.RaftServerConfigKeys (ConfUtils.java:logGet(43)) - raft.server.log.write.buffer.size = 33554432 (custom)
2019-09-25 08:27:00,385 [pool-27-thread-1] INFO  server.RaftServerConfigKeys (ConfUtils.java:logGet(43)) - raft.server.log.force.sync.num = 128 (default)
2019-09-25 08:27:00,386 [pool-27-thread-1] INFO  server.RaftServerConfigKeys (ConfUtils.java:logGet(43)) - raft.server.log.statemachine.data.sync = true (default)
2019-09-25 08:27:00,386 [pool-27-thread-1] INFO  server.RaftServerConfigKeys (ConfUtils.java:logGet(43)) - raft.server.log.statemachine.data.sync.timeout = 10s (default)
2019-09-25 08:27:00,387 [pool-27-thread-1] INFO  server.RaftServerConfigKeys (ConfUtils.java:logGet(43)) - raft.server.log.statemachine.data.sync.timeout.retry = -1 (default)
2019-09-25 08:27:00,399 [pool-27-thread-1] INFO  server.RaftServerConfigKeys (ConfUtils.java:logGet(43)) - raft.server.log.statemachine.data.caching.enabled = true (custom)
2019-09-25 08:27:00,404 [pool-27-thread-1] INFO  segmented.SegmentedRaftLogWorker (SegmentedRaftLogWorker.java:lambda$new$0(132)) - 99a70305-7b37-4d81-b817-04520db44446@group-51C5E01F8EAF-SegmentedRaftLogWorker: flushIndex: setUnconditionally 0 -> -1
2019-09-25 08:27:00,409 [pool-27-thread-1] INFO  server.RaftServerConfigKeys (ConfUtils.java:logGet(43)) - raft.server.snapshot.auto.trigger.enabled = true (custom)
2019-09-25 08:27:00,410 [pool-27-thread-1] INFO  server.RaftServerConfigKeys (ConfUtils.java:logGet(43)) - raft.server.snapshot.auto.trigger.threshold = 10000 (custom)
2019-09-25 08:27:00,410 [pool-27-thread-1] INFO  server.RaftServerConfigKeys (ConfUtils.java:logGet(43)) - raft.server.snapshot.retention.num.files = 5 (custom)
2019-09-25 08:27:00,411 [pool-27-thread-1] INFO  server.RaftServerConfigKeys (ConfUtils.java:logGet(43)) - raft.server.retrycache.expirytime = 600000ms (custom)
2019-09-25 08:27:00,442 [pool-27-thread-1] INFO  impl.RaftServerImpl (RaftServerImpl.java:start(185)) - 99a70305-7b37-4d81-b817-04520db44446@group-51C5E01F8EAF: start as a follower, conf=-1: [99a70305-7b37-4d81-b817-04520db44446:192.168.36.126:41949], old=null
2019-09-25 08:27:00,443 [pool-27-thread-1] INFO  impl.RaftServerImpl (RaftServerImpl.java:setRole(174)) - 99a70305-7b37-4d81-b817-04520db44446@group-51C5E01F8EAF: changes role from      null to FOLLOWER at term 0 for startAsFollower
2019-09-25 08:27:00,444 [pool-27-thread-1] INFO  impl.RoleInfo (RoleInfo.java:updateAndGet(143)) - 99a70305-7b37-4d81-b817-04520db44446: start FollowerState
2019-09-25 08:27:00,453 [pool-27-thread-1] INFO  util.JmxRegister (JmxRegister.java:tryRegister(44)) - Successfully registered JMX Bean with object name Ratis:service=RaftServer,group=group-51C5E01F8EAF,id=99a70305-7b37-4d81-b817-04520db44446
2019-09-25 08:27:00,535 [RatisPipelineUtilsThread] INFO  pipeline.PipelineStateManager (PipelineStateManager.java:addPipeline(56)) - Created pipeline Pipeline[ Id: e0641562-9a28-49c4-9119-51c5e01f8eaf, Nodes: 99a70305-7b37-4d81-b817-04520db44446{ip: 192.168.36.126, host: pr-hdds-2174-pqx5g-486351168, networkLocation: /default-rack, certSerialId: null}, Type:RATIS, Factor:ONE, State:OPEN]
2019-09-25 08:27:00,569 [grpc-default-executor-0] INFO  impl.RaftServerProxy (RaftServerProxy.java:addNew(89)) - 87aead68-aaca-445a-b26b-2e9f12b24b75: addNew group-7FE9516FCD60:[87aead68-aaca-445a-b26b-2e9f12b24b75:192.168.36.126:36757] returns group-7FE9516FCD60:java.util.concurrent.CompletableFuture@67fe94f6[Not completed]
2019-09-25 08:27:00,612 [pool-47-thread-1] INFO  impl.RaftServerImpl (RaftServerImpl.java:<init>(95)) - 87aead68-aaca-445a-b26b-2e9f12b24b75: new RaftServerImpl for group-7FE9516FCD60:[87aead68-aaca-445a-b26b-2e9f12b24b75:192.168.36.126:36757] with ContainerStateMachine:uninitialized
2019-09-25 08:27:00,614 [pool-47-thread-1] INFO  server.RaftServerConfigKeys (ConfUtils.java:logGet(43)) - raft.server.rpc.timeout.min = 5s (custom)
2019-09-25 08:27:00,614 [pool-47-thread-1] INFO  server.RaftServerConfigKeys (ConfUtils.java:logGet(43)) - raft.server.rpc.timeout.max = 5200ms (custom)
2019-09-25 08:27:00,614 [pool-47-thread-1] INFO  server.RaftServerConfigKeys (ConfUtils.java:logGet(43)) - raft.server.rpcslowness.timeout = 120s (custom)
2019-09-25 08:27:00,614 [pool-47-thread-1] INFO  server.RaftServerConfigKeys (ConfUtils.java:logGet(43)) - raft.server.sleep.deviation.threshold = 300 (default)
2019-09-25 08:27:00,614 [pool-47-thread-1] INFO  server.RaftServerConfigKeys (ConfUtils.java:logGet(43)) - raft.server.log.appender.install.snapshot.enabled = false (custom)
2019-09-25 08:27:00,615 [pool-47-thread-1] INFO  impl.RaftServerImpl (ServerState.java:<init>(103)) - 87aead68-aaca-445a-b26b-2e9f12b24b75@group-7FE9516FCD60: ConfigurationManager, init=-1: [87aead68-aaca-445a-b26b-2e9f12b24b75:192.168.36.126:36757], old=null, confs=<EMPTY_MAP>
2019-09-25 08:27:00,615 [pool-47-thread-1] INFO  server.RaftServerConfigKeys (ConfUtils.java:logGet(43)) - raft.server.storage.dir = [/workdir/hadoop-ozone/ozonefs/target/test-dir/MiniOzoneClusterImpl-89fc8c47-b2b3-4bdf-bb73-d071f814af55/datanode-2/data/ratis] (custom)
2019-09-25 08:27:00,615 [pool-47-thread-1] INFO  storage.RaftStorageDirectory (RaftStorageDirectory.java:analyzeStorage(246)) - The storage directory /workdir/hadoop-ozone/ozonefs/target/test-dir/MiniOzoneClusterImpl-89fc8c47-b2b3-4bdf-bb73-d071f814af55/datanode-2/data/ratis/b9a45a70-9faa-4d79-bf32-7fe9516fcd60 does not exist. Creating ...
2019-09-25 08:27:00,646 [pool-47-thread-1] INFO  storage.RaftStorageDirectory (RaftStorageDirectory.java:tryLock(328)) - Lock on /workdir/hadoop-ozone/ozonefs/target/test-dir/MiniOzoneClusterImpl-89fc8c47-b2b3-4bdf-bb73-d071f814af55/datanode-2/data/ratis/b9a45a70-9faa-4d79-bf32-7fe9516fcd60/in_use.lock acquired by nodename 18087@pr-hdds-2174-pqx5g-486351168
2019-09-25 08:27:00,701 [pool-47-thread-1] INFO  storage.RaftStorage (RaftStorage.java:format(72)) - Storage directory /workdir/hadoop-ozone/ozonefs/target/test-dir/MiniOzoneClusterImpl-89fc8c47-b2b3-4bdf-bb73-d071f814af55/datanode-2/data/ratis/b9a45a70-9faa-4d79-bf32-7fe9516fcd60 has been successfully formatted.
2019-09-25 08:27:00,701 [pool-47-thread-1] INFO  ratis.ContainerStateMachine (ContainerStateMachine.java:loadSnapshot(230)) - group-7FE9516FCD60: The snapshot info is null. Setting the last applied indexto:(t:0, i:~)
2019-09-25 08:27:00,701 [pool-47-thread-1] INFO  server.RaftServerConfigKeys (ConfUtils.java:logGet(43)) - raft.server.notification.no-leader.timeout = 120s (custom)
2019-09-25 08:27:00,702 [pool-47-thread-1] INFO  server.RaftServerConfigKeys (ConfUtils.java:logGet(43)) - raft.server.log.use.memory = false (default)
2019-09-25 08:27:00,702 [pool-47-thread-1] INFO  server.RaftServerConfigKeys (ConfUtils.java:logGet(43)) - raft.server.log.purge.gap = 1000000 (custom)
2019-09-25 08:27:00,702 [pool-47-thread-1] INFO  server.RaftServerConfigKeys (ConfUtils.java:logGet(43)) - raft.server.log.appender.buffer.byte-limit = 33554432 (custom)
2019-09-25 08:27:00,702 [pool-47-thread-1] INFO  server.RaftServerConfigKeys (ConfUtils.java:logGet(43)) - raft.server.log.segment.size.max = 1048576 (custom)
2019-09-25 08:27:00,702 [pool-47-thread-1] INFO  server.RaftServerConfigKeys (ConfUtils.java:logGet(43)) - raft.server.log.segment.cache.num.max = 2 (custom)
2019-09-25 08:27:00,702 [pool-47-thread-1] INFO  segmented.SegmentedRaftLogWorker (SegmentedRaftLogWorker.java:<init>(172)) - new 87aead68-aaca-445a-b26b-2e9f12b24b75@group-7FE9516FCD60-SegmentedRaftLogWorker for RaftStorage:Storage Directory /workdir/hadoop-ozone/ozonefs/target/test-dir/MiniOzoneClusterImpl-89fc8c47-b2b3-4bdf-bb73-d071f814af55/datanode-2/data/ratis/b9a45a70-9faa-4d79-bf32-7fe9516fcd60
2019-09-25 08:27:00,707 [pool-47-thread-1] INFO  server.RaftServerConfigKeys (ConfUtils.java:logGet(43)) - raft.server.log.queue.byte-limit = 2147483647 (custom)
2019-09-25 08:27:00,707 [pool-47-thread-1] INFO  server.RaftServerConfigKeys (ConfUtils.java:logGet(43)) - raft.server.log.queue.element-limit = 1024 (custom)
2019-09-25 08:27:00,707 [pool-47-thread-1] INFO  server.RaftServerConfigKeys (ConfUtils.java:logGet(43)) - raft.server.log.segment.size.max = 1048576 (custom)
2019-09-25 08:27:00,708 [pool-47-thread-1] INFO  server.RaftServerConfigKeys (ConfUtils.java:logGet(43)) - raft.server.log.preallocated.size = 16384 (custom)
2019-09-25 08:27:00,708 [pool-47-thread-1] INFO  server.RaftServerConfigKeys (ConfUtils.java:logGet(43)) - raft.server.log.write.buffer.size = 33554432 (custom)
2019-09-25 08:27:00,708 [pool-47-thread-1] INFO  server.RaftServerConfigKeys (ConfUtils.java:logGet(43)) - raft.server.log.force.sync.num = 128 (default)
2019-09-25 08:27:00,708 [pool-47-thread-1] INFO  server.RaftServerConfigKeys (ConfUtils.java:logGet(43)) - raft.server.log.statemachine.data.sync = true (default)
2019-09-25 08:27:00,708 [pool-47-thread-1] INFO  server.RaftServerConfigKeys (ConfUtils.java:logGet(43)) - raft.server.log.statemachine.data.sync.timeout = 10s (default)
2019-09-25 08:27:00,708 [pool-47-thread-1] INFO  server.RaftServerConfigKeys (ConfUtils.java:logGet(43)) - raft.server.log.statemachine.data.sync.timeout.retry = -1 (default)
2019-09-25 08:27:00,709 [pool-47-thread-1] INFO  server.RaftServerConfigKeys (ConfUtils.java:logGet(43)) - raft.server.log.statemachine.data.caching.enabled = true (custom)
2019-09-25 08:27:00,709 [pool-47-thread-1] INFO  segmented.SegmentedRaftLogWorker (SegmentedRaftLogWorker.java:lambda$new$0(132)) - 87aead68-aaca-445a-b26b-2e9f12b24b75@group-7FE9516FCD60-SegmentedRaftLogWorker: flushIndex: setUnconditionally 0 -> -1
2019-09-25 08:27:00,709 [pool-47-thread-1] INFO  server.RaftServerConfigKeys (ConfUtils.java:logGet(43)) - raft.server.snapshot.auto.trigger.enabled = true (custom)
2019-09-25 08:27:00,709 [pool-47-thread-1] INFO  server.RaftServerConfigKeys (ConfUtils.java:logGet(43)) - raft.server.snapshot.auto.trigger.threshold = 10000 (custom)
2019-09-25 08:27:00,709 [pool-47-thread-1] INFO  server.RaftServerConfigKeys (ConfUtils.java:logGet(43)) - raft.server.snapshot.retention.num.files = 5 (custom)
2019-09-25 08:27:00,710 [pool-47-thread-1] INFO  server.RaftServerConfigKeys (ConfUtils.java:logGet(43)) - raft.server.retrycache.expirytime = 600000ms (custom)
2019-09-25 08:27:00,714 [pool-47-thread-1] INFO  impl.RaftServerImpl (RaftServerImpl.java:start(185)) - 87aead68-aaca-445a-b26b-2e9f12b24b75@group-7FE9516FCD60: start as a follower, conf=-1: [87aead68-aaca-445a-b26b-2e9f12b24b75:192.168.36.126:36757], old=null
2019-09-25 08:27:00,714 [pool-47-thread-1] INFO  impl.RaftServerImpl (RaftServerImpl.java:setRole(174)) - 87aead68-aaca-445a-b26b-2e9f12b24b75@group-7FE9516FCD60: changes role from      null to FOLLOWER at term 0 for startAsFollower
2019-09-25 08:27:00,714 [pool-47-thread-1] INFO  impl.RoleInfo (RoleInfo.java:updateAndGet(143)) - 87aead68-aaca-445a-b26b-2e9f12b24b75: start FollowerState
2019-09-25 08:27:00,714 [pool-47-thread-1] INFO  util.JmxRegister (JmxRegister.java:tryRegister(44)) - Successfully registered JMX Bean with object name Ratis:service=RaftServer,group=group-7FE9516FCD60,id=87aead68-aaca-445a-b26b-2e9f12b24b75
2019-09-25 08:27:00,735 [RatisPipelineUtilsThread] INFO  pipeline.PipelineStateManager (PipelineStateManager.java:addPipeline(56)) - Created pipeline Pipeline[ Id: b9a45a70-9faa-4d79-bf32-7fe9516fcd60, Nodes: 87aead68-aaca-445a-b26b-2e9f12b24b75{ip: 192.168.36.126, host: pr-hdds-2174-pqx5g-486351168, networkLocation: /default-rack, certSerialId: null}, Type:RATIS, Factor:ONE, State:OPEN]
2019-09-25 08:27:00,754 [grpc-default-executor-0] INFO  impl.RaftServerProxy (RaftServerProxy.java:addNew(89)) - f230bc7e-d80c-430f-a4ff-61e0293dd1c7: addNew group-081146B970C4:[f230bc7e-d80c-430f-a4ff-61e0293dd1c7:192.168.36.126:44732] returns group-081146B970C4:java.util.concurrent.CompletableFuture@676953e7[Not completed]
2019-09-25 08:27:00,773 [pool-37-thread-1] INFO  impl.RaftServerImpl (RaftServerImpl.java:<init>(95)) - f230bc7e-d80c-430f-a4ff-61e0293dd1c7: new RaftServerImpl for group-081146B970C4:[f230bc7e-d80c-430f-a4ff-61e0293dd1c7:192.168.36.126:44732] with ContainerStateMachine:uninitialized
2019-09-25 08:27:00,774 [pool-37-thread-1] INFO  server.RaftServerConfigKeys (ConfUtils.java:logGet(43)) - raft.server.rpc.timeout.min = 5s (custom)
2019-09-25 08:27:00,774 [pool-37-thread-1] INFO  server.RaftServerConfigKeys (ConfUtils.java:logGet(43)) - raft.server.rpc.timeout.max = 5200ms (custom)
2019-09-25 08:27:00,774 [pool-37-thread-1] INFO  server.RaftServerConfigKeys (ConfUtils.java:logGet(43)) - raft.server.rpcslowness.timeout = 120s (custom)
2019-09-25 08:27:00,774 [pool-37-thread-1] INFO  server.RaftServerConfigKeys (ConfUtils.java:logGet(43)) - raft.server.sleep.deviation.threshold = 300 (default)
2019-09-25 08:27:00,774 [pool-37-thread-1] INFO  server.RaftServerConfigKeys (ConfUtils.java:logGet(43)) - raft.server.log.appender.install.snapshot.enabled = false (custom)
2019-09-25 08:27:00,775 [pool-37-thread-1] INFO  impl.RaftServerImpl (ServerState.java:<init>(103)) - f230bc7e-d80c-430f-a4ff-61e0293dd1c7@group-081146B970C4: ConfigurationManager, init=-1: [f230bc7e-d80c-430f-a4ff-61e0293dd1c7:192.168.36.126:44732], old=null, confs=<EMPTY_MAP>
2019-09-25 08:27:00,775 [pool-37-thread-1] INFO  server.RaftServerConfigKeys (ConfUtils.java:logGet(43)) - raft.server.storage.dir = [/workdir/hadoop-ozone/ozonefs/target/test-dir/MiniOzoneClusterImpl-89fc8c47-b2b3-4bdf-bb73-d071f814af55/datanode-1/data/ratis] (custom)
2019-09-25 08:27:00,775 [pool-37-thread-1] INFO  storage.RaftStorageDirectory (RaftStorageDirectory.java:analyzeStorage(246)) - The storage directory /workdir/hadoop-ozone/ozonefs/target/test-dir/MiniOzoneClusterImpl-89fc8c47-b2b3-4bdf-bb73-d071f814af55/datanode-1/data/ratis/7bb449e6-e2c7-4a75-a0a2-081146b970c4 does not exist. Creating ...
2019-09-25 08:27:00,805 [pool-37-thread-1] INFO  storage.RaftStorageDirectory (RaftStorageDirectory.java:tryLock(328)) - Lock on /workdir/hadoop-ozone/ozonefs/target/test-dir/MiniOzoneClusterImpl-89fc8c47-b2b3-4bdf-bb73-d071f814af55/datanode-1/data/ratis/7bb449e6-e2c7-4a75-a0a2-081146b970c4/in_use.lock acquired by nodename 18087@pr-hdds-2174-pqx5g-486351168
2019-09-25 08:27:00,839 [pool-37-thread-1] INFO  storage.RaftStorage (RaftStorage.java:format(72)) - Storage directory /workdir/hadoop-ozone/ozonefs/target/test-dir/MiniOzoneClusterImpl-89fc8c47-b2b3-4bdf-bb73-d071f814af55/datanode-1/data/ratis/7bb449e6-e2c7-4a75-a0a2-081146b970c4 has been successfully formatted.
2019-09-25 08:27:00,841 [JUnit] INFO  ozone.MiniOzoneClusterImpl (MiniOzoneClusterImpl.java:lambda$waitForClusterToBeReady$0(147)) - Cluster is ready. Got 5 of 5 DN Heartbeats.
2019-09-25 08:27:00,841 [pool-37-thread-1] INFO  ratis.ContainerStateMachine (ContainerStateMachine.java:loadSnapshot(230)) - group-081146B970C4: The snapshot info is null. Setting the last applied indexto:(t:0, i:~)
2019-09-25 08:27:00,843 [pool-37-thread-1] INFO  server.RaftServerConfigKeys (ConfUtils.java:logGet(43)) - raft.server.notification.no-leader.timeout = 120s (custom)
2019-09-25 08:27:00,843 [pool-37-thread-1] INFO  server.RaftServerConfigKeys (ConfUtils.java:logGet(43)) - raft.server.log.use.memory = false (default)
2019-09-25 08:27:00,843 [pool-37-thread-1] INFO  server.RaftServerConfigKeys (ConfUtils.java:logGet(43)) - raft.server.log.purge.gap = 1000000 (custom)
2019-09-25 08:27:00,843 [pool-37-thread-1] INFO  server.RaftServerConfigKeys (ConfUtils.java:logGet(43)) - raft.server.log.appender.buffer.byte-limit = 33554432 (custom)
2019-09-25 08:27:00,844 [pool-37-thread-1] INFO  server.RaftServerConfigKeys (ConfUtils.java:logGet(43)) - raft.server.log.segment.size.max = 1048576 (custom)
2019-09-25 08:27:00,844 [pool-37-thread-1] INFO  server.RaftServerConfigKeys (ConfUtils.java:logGet(43)) - raft.server.log.segment.cache.num.max = 2 (custom)
2019-09-25 08:27:00,844 [pool-37-thread-1] INFO  segmented.SegmentedRaftLogWorker (SegmentedRaftLogWorker.java:<init>(172)) - new f230bc7e-d80c-430f-a4ff-61e0293dd1c7@group-081146B970C4-SegmentedRaftLogWorker for RaftStorage:Storage Directory /workdir/hadoop-ozone/ozonefs/target/test-dir/MiniOzoneClusterImpl-89fc8c47-b2b3-4bdf-bb73-d071f814af55/datanode-1/data/ratis/7bb449e6-e2c7-4a75-a0a2-081146b970c4
2019-09-25 08:27:00,887 [pool-37-thread-1] INFO  server.RaftServerConfigKeys (ConfUtils.java:logGet(43)) - raft.server.log.queue.byte-limit = 2147483647 (custom)
2019-09-25 08:27:00,887 [pool-37-thread-1] INFO  server.RaftServerConfigKeys (ConfUtils.java:logGet(43)) - raft.server.log.queue.element-limit = 1024 (custom)
2019-09-25 08:27:00,888 [pool-37-thread-1] INFO  server.RaftServerConfigKeys (ConfUtils.java:logGet(43)) - raft.server.log.segment.size.max = 1048576 (custom)
2019-09-25 08:27:00,888 [pool-37-thread-1] INFO  server.RaftServerConfigKeys (ConfUtils.java:logGet(43)) - raft.server.log.preallocated.size = 16384 (custom)
2019-09-25 08:27:00,888 [pool-37-thread-1] INFO  server.RaftServerConfigKeys (ConfUtils.java:logGet(43)) - raft.server.log.write.buffer.size = 33554432 (custom)
2019-09-25 08:27:00,888 [pool-37-thread-1] INFO  server.RaftServerConfigKeys (ConfUtils.java:logGet(43)) - raft.server.log.force.sync.num = 128 (default)
2019-09-25 08:27:00,888 [pool-37-thread-1] INFO  server.RaftServerConfigKeys (ConfUtils.java:logGet(43)) - raft.server.log.statemachine.data.sync = true (default)
2019-09-25 08:27:00,889 [pool-37-thread-1] INFO  server.RaftServerConfigKeys (ConfUtils.java:logGet(43)) - raft.server.log.statemachine.data.sync.timeout = 10s (default)
2019-09-25 08:27:00,889 [pool-37-thread-1] INFO  server.RaftServerConfigKeys (ConfUtils.java:logGet(43)) - raft.server.log.statemachine.data.sync.timeout.retry = -1 (default)
2019-09-25 08:27:00,889 [pool-37-thread-1] INFO  server.RaftServerConfigKeys (ConfUtils.java:logGet(43)) - raft.server.log.statemachine.data.caching.enabled = true (custom)
2019-09-25 08:27:00,890 [pool-37-thread-1] INFO  segmented.SegmentedRaftLogWorker (SegmentedRaftLogWorker.java:lambda$new$0(132)) - f230bc7e-d80c-430f-a4ff-61e0293dd1c7@group-081146B970C4-SegmentedRaftLogWorker: flushIndex: setUnconditionally 0 -> -1
2019-09-25 08:27:00,890 [pool-37-thread-1] INFO  server.RaftServerConfigKeys (ConfUtils.java:logGet(43)) - raft.server.snapshot.auto.trigger.enabled = true (custom)
2019-09-25 08:27:00,890 [pool-37-thread-1] INFO  server.RaftServerConfigKeys (ConfUtils.java:logGet(43)) - raft.server.snapshot.auto.trigger.threshold = 10000 (custom)
2019-09-25 08:27:00,890 [pool-37-thread-1] INFO  server.RaftServerConfigKeys (ConfUtils.java:logGet(43)) - raft.server.snapshot.retention.num.files = 5 (custom)
2019-09-25 08:27:00,891 [pool-37-thread-1] INFO  server.RaftServerConfigKeys (ConfUtils.java:logGet(43)) - raft.server.retrycache.expirytime = 600000ms (custom)
2019-09-25 08:27:00,897 [pool-37-thread-1] INFO  impl.RaftServerImpl (RaftServerImpl.java:start(185)) - f230bc7e-d80c-430f-a4ff-61e0293dd1c7@group-081146B970C4: start as a follower, conf=-1: [f230bc7e-d80c-430f-a4ff-61e0293dd1c7:192.168.36.126:44732], old=null
2019-09-25 08:27:00,897 [pool-37-thread-1] INFO  impl.RaftServerImpl (RaftServerImpl.java:setRole(174)) - f230bc7e-d80c-430f-a4ff-61e0293dd1c7@group-081146B970C4: changes role from      null to FOLLOWER at term 0 for startAsFollower
2019-09-25 08:27:00,897 [pool-37-thread-1] INFO  impl.RoleInfo (RoleInfo.java:updateAndGet(143)) - f230bc7e-d80c-430f-a4ff-61e0293dd1c7: start FollowerState
2019-09-25 08:27:00,899 [pool-37-thread-1] INFO  util.JmxRegister (JmxRegister.java:tryRegister(44)) - Successfully registered JMX Bean with object name Ratis:service=RaftServer,group=group-081146B970C4,id=f230bc7e-d80c-430f-a4ff-61e0293dd1c7
2019-09-25 08:27:00,922 [RatisPipelineUtilsThread] INFO  pipeline.PipelineStateManager (PipelineStateManager.java:addPipeline(56)) - Created pipeline Pipeline[ Id: 7bb449e6-e2c7-4a75-a0a2-081146b970c4, Nodes: f230bc7e-d80c-430f-a4ff-61e0293dd1c7{ip: 192.168.36.126, host: pr-hdds-2174-pqx5g-486351168, networkLocation: /default-rack, certSerialId: null}, Type:RATIS, Factor:ONE, State:OPEN]
2019-09-25 08:27:00,946 [grpc-default-executor-0] INFO  impl.RaftServerProxy (RaftServerProxy.java:addNew(89)) - 6a5ae9a9-cfb1-4309-902c-23a850733c72: addNew group-644335E0C5C7:[6a5ae9a9-cfb1-4309-902c-23a850733c72:192.168.36.126:33205] returns group-644335E0C5C7:java.util.concurrent.CompletableFuture@dfe48ee[Not completed]
2019-09-25 08:27:00,949 [pool-57-thread-1] INFO  impl.RaftServerImpl (RaftServerImpl.java:<init>(95)) - 6a5ae9a9-cfb1-4309-902c-23a850733c72: new RaftServerImpl for group-644335E0C5C7:[6a5ae9a9-cfb1-4309-902c-23a850733c72:192.168.36.126:33205] with ContainerStateMachine:uninitialized
2019-09-25 08:27:00,950 [pool-57-thread-1] INFO  server.RaftServerConfigKeys (ConfUtils.java:logGet(43)) - raft.server.rpc.timeout.min = 5s (custom)
2019-09-25 08:27:00,950 [pool-57-thread-1] INFO  server.RaftServerConfigKeys (ConfUtils.java:logGet(43)) - raft.server.rpc.timeout.max = 5200ms (custom)
2019-09-25 08:27:00,950 [pool-57-thread-1] INFO  server.RaftServerConfigKeys (ConfUtils.java:logGet(43)) - raft.server.rpcslowness.timeout = 120s (custom)
2019-09-25 08:27:00,950 [pool-57-thread-1] INFO  server.RaftServerConfigKeys (ConfUtils.java:logGet(43)) - raft.server.sleep.deviation.threshold = 300 (default)
2019-09-25 08:27:00,951 [pool-57-thread-1] INFO  server.RaftServerConfigKeys (ConfUtils.java:logGet(43)) - raft.server.log.appender.install.snapshot.enabled = false (custom)
2019-09-25 08:27:00,951 [pool-57-thread-1] INFO  impl.RaftServerImpl (ServerState.java:<init>(103)) - 6a5ae9a9-cfb1-4309-902c-23a850733c72@group-644335E0C5C7: ConfigurationManager, init=-1: [6a5ae9a9-cfb1-4309-902c-23a850733c72:192.168.36.126:33205], old=null, confs=<EMPTY_MAP>
2019-09-25 08:27:00,951 [pool-57-thread-1] INFO  server.RaftServerConfigKeys (ConfUtils.java:logGet(43)) - raft.server.storage.dir = [/workdir/hadoop-ozone/ozonefs/target/test-dir/MiniOzoneClusterImpl-89fc8c47-b2b3-4bdf-bb73-d071f814af55/datanode-3/data/ratis] (custom)
2019-09-25 08:27:00,952 [pool-57-thread-1] INFO  storage.RaftStorageDirectory (RaftStorageDirectory.java:analyzeStorage(246)) - The storage directory /workdir/hadoop-ozone/ozonefs/target/test-dir/MiniOzoneClusterImpl-89fc8c47-b2b3-4bdf-bb73-d071f814af55/datanode-3/data/ratis/7ec3107f-f3c7-468f-ad58-644335e0c5c7 does not exist. Creating ...
2019-09-25 08:27:00,975 [pool-57-thread-1] INFO  storage.RaftStorageDirectory (RaftStorageDirectory.java:tryLock(328)) - Lock on /workdir/hadoop-ozone/ozonefs/target/test-dir/MiniOzoneClusterImpl-89fc8c47-b2b3-4bdf-bb73-d071f814af55/datanode-3/data/ratis/7ec3107f-f3c7-468f-ad58-644335e0c5c7/in_use.lock acquired by nodename 18087@pr-hdds-2174-pqx5g-486351168
2019-09-25 08:27:01,016 [pool-57-thread-1] INFO  storage.RaftStorage (RaftStorage.java:format(72)) - Storage directory /workdir/hadoop-ozone/ozonefs/target/test-dir/MiniOzoneClusterImpl-89fc8c47-b2b3-4bdf-bb73-d071f814af55/datanode-3/data/ratis/7ec3107f-f3c7-468f-ad58-644335e0c5c7 has been successfully formatted.
2019-09-25 08:27:01,016 [pool-57-thread-1] INFO  ratis.ContainerStateMachine (ContainerStateMachine.java:loadSnapshot(230)) - group-644335E0C5C7: The snapshot info is null. Setting the last applied indexto:(t:0, i:~)
2019-09-25 08:27:01,017 [pool-57-thread-1] INFO  server.RaftServerConfigKeys (ConfUtils.java:logGet(43)) - raft.server.notification.no-leader.timeout = 120s (custom)
2019-09-25 08:27:01,018 [pool-57-thread-1] INFO  server.RaftServerConfigKeys (ConfUtils.java:logGet(43)) - raft.server.log.use.memory = false (default)
2019-09-25 08:27:01,018 [pool-57-thread-1] INFO  server.RaftServerConfigKeys (ConfUtils.java:logGet(43)) - raft.server.log.purge.gap = 1000000 (custom)
2019-09-25 08:27:01,019 [pool-57-thread-1] INFO  server.RaftServerConfigKeys (ConfUtils.java:logGet(43)) - raft.server.log.appender.buffer.byte-limit = 33554432 (custom)
2019-09-25 08:27:01,019 [pool-57-thread-1] INFO  server.RaftServerConfigKeys (ConfUtils.java:logGet(43)) - raft.server.log.segment.size.max = 1048576 (custom)
2019-09-25 08:27:01,019 [pool-57-thread-1] INFO  server.RaftServerConfigKeys (ConfUtils.java:logGet(43)) - raft.server.log.segment.cache.num.max = 2 (custom)
2019-09-25 08:27:01,019 [pool-57-thread-1] INFO  segmented.SegmentedRaftLogWorker (SegmentedRaftLogWorker.java:<init>(172)) - new 6a5ae9a9-cfb1-4309-902c-23a850733c72@group-644335E0C5C7-SegmentedRaftLogWorker for RaftStorage:Storage Directory /workdir/hadoop-ozone/ozonefs/target/test-dir/MiniOzoneClusterImpl-89fc8c47-b2b3-4bdf-bb73-d071f814af55/datanode-3/data/ratis/7ec3107f-f3c7-468f-ad58-644335e0c5c7
2019-09-25 08:27:01,026 [pool-57-thread-1] INFO  server.RaftServerConfigKeys (ConfUtils.java:logGet(43)) - raft.server.log.queue.byte-limit = 2147483647 (custom)
2019-09-25 08:27:01,026 [pool-57-thread-1] INFO  server.RaftServerConfigKeys (ConfUtils.java:logGet(43)) - raft.server.log.queue.element-limit = 1024 (custom)
2019-09-25 08:27:01,027 [pool-57-thread-1] INFO  server.RaftServerConfigKeys (ConfUtils.java:logGet(43)) - raft.server.log.segment.size.max = 1048576 (custom)
2019-09-25 08:27:01,027 [pool-57-thread-1] INFO  server.RaftServerConfigKeys (ConfUtils.java:logGet(43)) - raft.server.log.preallocated.size = 16384 (custom)
2019-09-25 08:27:01,027 [pool-57-thread-1] INFO  server.RaftServerConfigKeys (ConfUtils.java:logGet(43)) - raft.server.log.write.buffer.size = 33554432 (custom)
2019-09-25 08:27:01,027 [pool-57-thread-1] INFO  server.RaftServerConfigKeys (ConfUtils.java:logGet(43)) - raft.server.log.force.sync.num = 128 (default)
2019-09-25 08:27:01,027 [pool-57-thread-1] INFO  server.RaftServerConfigKeys (ConfUtils.java:logGet(43)) - raft.server.log.statemachine.data.sync = true (default)
2019-09-25 08:27:01,028 [pool-57-thread-1] INFO  server.RaftServerConfigKeys (ConfUtils.java:logGet(43)) - raft.server.log.statemachine.data.sync.timeout = 10s (default)
2019-09-25 08:27:01,028 [pool-57-thread-1] INFO  server.RaftServerConfigKeys (ConfUtils.java:logGet(43)) - raft.server.log.statemachine.data.sync.timeout.retry = -1 (default)
2019-09-25 08:27:01,028 [pool-57-thread-1] INFO  server.RaftServerConfigKeys (ConfUtils.java:logGet(43)) - raft.server.log.statemachine.data.caching.enabled = true (custom)
2019-09-25 08:27:01,029 [pool-57-thread-1] INFO  segmented.SegmentedRaftLogWorker (SegmentedRaftLogWorker.java:lambda$new$0(132)) - 6a5ae9a9-cfb1-4309-902c-23a850733c72@group-644335E0C5C7-SegmentedRaftLogWorker: flushIndex: setUnconditionally 0 -> -1
2019-09-25 08:27:01,029 [pool-57-thread-1] INFO  server.RaftServerConfigKeys (ConfUtils.java:logGet(43)) - raft.server.snapshot.auto.trigger.enabled = true (custom)
2019-09-25 08:27:01,029 [pool-57-thread-1] INFO  server.RaftServerConfigKeys (ConfUtils.java:logGet(43)) - raft.server.snapshot.auto.trigger.threshold = 10000 (custom)
2019-09-25 08:27:01,030 [pool-57-thread-1] INFO  server.RaftServerConfigKeys (ConfUtils.java:logGet(43)) - raft.server.snapshot.retention.num.files = 5 (custom)
2019-09-25 08:27:01,030 [pool-57-thread-1] INFO  server.RaftServerConfigKeys (ConfUtils.java:logGet(43)) - raft.server.retrycache.expirytime = 600000ms (custom)
2019-09-25 08:27:01,036 [pool-57-thread-1] INFO  impl.RaftServerImpl (RaftServerImpl.java:start(185)) - 6a5ae9a9-cfb1-4309-902c-23a850733c72@group-644335E0C5C7: start as a follower, conf=-1: [6a5ae9a9-cfb1-4309-902c-23a850733c72:192.168.36.126:33205], old=null
2019-09-25 08:27:01,036 [pool-57-thread-1] INFO  impl.RaftServerImpl (RaftServerImpl.java:setRole(174)) - 6a5ae9a9-cfb1-4309-902c-23a850733c72@group-644335E0C5C7: changes role from      null to FOLLOWER at term 0 for startAsFollower
2019-09-25 08:27:01,036 [pool-57-thread-1] INFO  impl.RoleInfo (RoleInfo.java:updateAndGet(143)) - 6a5ae9a9-cfb1-4309-902c-23a850733c72: start FollowerState
2019-09-25 08:27:01,037 [pool-57-thread-1] INFO  util.JmxRegister (JmxRegister.java:tryRegister(44)) - Successfully registered JMX Bean with object name Ratis:service=RaftServer,group=group-644335E0C5C7,id=6a5ae9a9-cfb1-4309-902c-23a850733c72
2019-09-25 08:27:01,050 [RatisPipelineUtilsThread] INFO  pipeline.PipelineStateManager (PipelineStateManager.java:addPipeline(56)) - Created pipeline Pipeline[ Id: 7ec3107f-f3c7-468f-ad58-644335e0c5c7, Nodes: 6a5ae9a9-cfb1-4309-902c-23a850733c72{ip: 192.168.36.126, host: pr-hdds-2174-pqx5g-486351168, networkLocation: /default-rack, certSerialId: null}, Type:RATIS, Factor:ONE, State:OPEN]
2019-09-25 08:27:01,077 [grpc-default-executor-1] INFO  impl.RaftServerProxy (RaftServerProxy.java:addNew(89)) - c3cb6f05-b6f3-412a-9992-86b6d1cba2e6: addNew group-44B441EF69C0:[c3cb6f05-b6f3-412a-9992-86b6d1cba2e6:192.168.36.126:40238] returns group-44B441EF69C0:java.util.concurrent.CompletableFuture@a871986[Not completed]
2019-09-25 08:27:01,080 [pool-67-thread-1] INFO  impl.RaftServerImpl (RaftServerImpl.java:<init>(95)) - c3cb6f05-b6f3-412a-9992-86b6d1cba2e6: new RaftServerImpl for group-44B441EF69C0:[c3cb6f05-b6f3-412a-9992-86b6d1cba2e6:192.168.36.126:40238] with ContainerStateMachine:uninitialized
2019-09-25 08:27:01,080 [pool-67-thread-1] INFO  server.RaftServerConfigKeys (ConfUtils.java:logGet(43)) - raft.server.rpc.timeout.min = 5s (custom)
2019-09-25 08:27:01,081 [pool-67-thread-1] INFO  server.RaftServerConfigKeys (ConfUtils.java:logGet(43)) - raft.server.rpc.timeout.max = 5200ms (custom)
2019-09-25 08:27:01,081 [pool-67-thread-1] INFO  server.RaftServerConfigKeys (ConfUtils.java:logGet(43)) - raft.server.rpcslowness.timeout = 120s (custom)
2019-09-25 08:27:01,081 [pool-67-thread-1] INFO  server.RaftServerConfigKeys (ConfUtils.java:logGet(43)) - raft.server.sleep.deviation.threshold = 300 (default)
2019-09-25 08:27:01,081 [pool-67-thread-1] INFO  server.RaftServerConfigKeys (ConfUtils.java:logGet(43)) - raft.server.log.appender.install.snapshot.enabled = false (custom)
2019-09-25 08:27:01,081 [pool-67-thread-1] INFO  impl.RaftServerImpl (ServerState.java:<init>(103)) - c3cb6f05-b6f3-412a-9992-86b6d1cba2e6@group-44B441EF69C0: ConfigurationManager, init=-1: [c3cb6f05-b6f3-412a-9992-86b6d1cba2e6:192.168.36.126:40238], old=null, confs=<EMPTY_MAP>
2019-09-25 08:27:01,082 [pool-67-thread-1] INFO  server.RaftServerConfigKeys (ConfUtils.java:logGet(43)) - raft.server.storage.dir = [/workdir/hadoop-ozone/ozonefs/target/test-dir/MiniOzoneClusterImpl-89fc8c47-b2b3-4bdf-bb73-d071f814af55/datanode-4/data/ratis] (custom)
2019-09-25 08:27:01,082 [pool-67-thread-1] INFO  storage.RaftStorageDirectory (RaftStorageDirectory.java:analyzeStorage(246)) - The storage directory /workdir/hadoop-ozone/ozonefs/target/test-dir/MiniOzoneClusterImpl-89fc8c47-b2b3-4bdf-bb73-d071f814af55/datanode-4/data/ratis/6b681519-284b-47cf-b5cc-44b441ef69c0 does not exist. Creating ...
2019-09-25 08:27:01,114 [pool-67-thread-1] INFO  storage.RaftStorageDirectory (RaftStorageDirectory.java:tryLock(328)) - Lock on /workdir/hadoop-ozone/ozonefs/target/test-dir/MiniOzoneClusterImpl-89fc8c47-b2b3-4bdf-bb73-d071f814af55/datanode-4/data/ratis/6b681519-284b-47cf-b5cc-44b441ef69c0/in_use.lock acquired by nodename 18087@pr-hdds-2174-pqx5g-486351168
2019-09-25 08:27:01,154 [pool-67-thread-1] INFO  storage.RaftStorage (RaftStorage.java:format(72)) - Storage directory /workdir/hadoop-ozone/ozonefs/target/test-dir/MiniOzoneClusterImpl-89fc8c47-b2b3-4bdf-bb73-d071f814af55/datanode-4/data/ratis/6b681519-284b-47cf-b5cc-44b441ef69c0 has been successfully formatted.
2019-09-25 08:27:01,154 [pool-67-thread-1] INFO  ratis.ContainerStateMachine (ContainerStateMachine.java:loadSnapshot(230)) - group-44B441EF69C0: The snapshot info is null. Setting the last applied indexto:(t:0, i:~)
2019-09-25 08:27:01,155 [pool-67-thread-1] INFO  server.RaftServerConfigKeys (ConfUtils.java:logGet(43)) - raft.server.notification.no-leader.timeout = 120s (custom)
2019-09-25 08:27:01,155 [pool-67-thread-1] INFO  server.RaftServerConfigKeys (ConfUtils.java:logGet(43)) - raft.server.log.use.memory = false (default)
2019-09-25 08:27:01,155 [pool-67-thread-1] INFO  server.RaftServerConfigKeys (ConfUtils.java:logGet(43)) - raft.server.log.purge.gap = 1000000 (custom)
2019-09-25 08:27:01,155 [pool-67-thread-1] INFO  server.RaftServerConfigKeys (ConfUtils.java:logGet(43)) - raft.server.log.appender.buffer.byte-limit = 33554432 (custom)
2019-09-25 08:27:01,155 [pool-67-thread-1] INFO  server.RaftServerConfigKeys (ConfUtils.java:logGet(43)) - raft.server.log.segment.size.max = 1048576 (custom)
2019-09-25 08:27:01,156 [pool-67-thread-1] INFO  server.RaftServerConfigKeys (ConfUtils.java:logGet(43)) - raft.server.log.segment.cache.num.max = 2 (custom)
2019-09-25 08:27:01,156 [pool-67-thread-1] INFO  segmented.SegmentedRaftLogWorker (SegmentedRaftLogWorker.java:<init>(172)) - new c3cb6f05-b6f3-412a-9992-86b6d1cba2e6@group-44B441EF69C0-SegmentedRaftLogWorker for RaftStorage:Storage Directory /workdir/hadoop-ozone/ozonefs/target/test-dir/MiniOzoneClusterImpl-89fc8c47-b2b3-4bdf-bb73-d071f814af55/datanode-4/data/ratis/6b681519-284b-47cf-b5cc-44b441ef69c0
2019-09-25 08:27:01,161 [pool-67-thread-1] INFO  server.RaftServerConfigKeys (ConfUtils.java:logGet(43)) - raft.server.log.queue.byte-limit = 2147483647 (custom)
2019-09-25 08:27:01,161 [pool-67-thread-1] INFO  server.RaftServerConfigKeys (ConfUtils.java:logGet(43)) - raft.server.log.queue.element-limit = 1024 (custom)
2019-09-25 08:27:01,161 [pool-67-thread-1] INFO  server.RaftServerConfigKeys (ConfUtils.java:logGet(43)) - raft.server.log.segment.size.max = 1048576 (custom)
2019-09-25 08:27:01,162 [pool-67-thread-1] INFO  server.RaftServerConfigKeys (ConfUtils.java:logGet(43)) - raft.server.log.preallocated.size = 16384 (custom)
2019-09-25 08:27:01,162 [pool-67-thread-1] INFO  server.RaftServerConfigKeys (ConfUtils.java:logGet(43)) - raft.server.log.write.buffer.size = 33554432 (custom)
2019-09-25 08:27:01,162 [pool-67-thread-1] INFO  server.RaftServerConfigKeys (ConfUtils.java:logGet(43)) - raft.server.log.force.sync.num = 128 (default)
2019-09-25 08:27:01,162 [pool-67-thread-1] INFO  server.RaftServerConfigKeys (ConfUtils.java:logGet(43)) - raft.server.log.statemachine.data.sync = true (default)
2019-09-25 08:27:01,162 [pool-67-thread-1] INFO  server.RaftServerConfigKeys (ConfUtils.java:logGet(43)) - raft.server.log.statemachine.data.sync.timeout = 10s (default)
2019-09-25 08:27:01,162 [pool-67-thread-1] INFO  server.RaftServerConfigKeys (ConfUtils.java:logGet(43)) - raft.server.log.statemachine.data.sync.timeout.retry = -1 (default)
2019-09-25 08:27:01,163 [pool-67-thread-1] INFO  server.RaftServerConfigKeys (ConfUtils.java:logGet(43)) - raft.server.log.statemachine.data.caching.enabled = true (custom)
2019-09-25 08:27:01,163 [pool-67-thread-1] INFO  segmented.SegmentedRaftLogWorker (SegmentedRaftLogWorker.java:lambda$new$0(132)) - c3cb6f05-b6f3-412a-9992-86b6d1cba2e6@group-44B441EF69C0-SegmentedRaftLogWorker: flushIndex: setUnconditionally 0 -> -1
2019-09-25 08:27:01,164 [pool-67-thread-1] INFO  server.RaftServerConfigKeys (ConfUtils.java:logGet(43)) - raft.server.snapshot.auto.trigger.enabled = true (custom)
2019-09-25 08:27:01,164 [pool-67-thread-1] INFO  server.RaftServerConfigKeys (ConfUtils.java:logGet(43)) - raft.server.snapshot.auto.trigger.threshold = 10000 (custom)
2019-09-25 08:27:01,164 [pool-67-thread-1] INFO  server.RaftServerConfigKeys (ConfUtils.java:logGet(43)) - raft.server.snapshot.retention.num.files = 5 (custom)
2019-09-25 08:27:01,164 [pool-67-thread-1] INFO  server.RaftServerConfigKeys (ConfUtils.java:logGet(43)) - raft.server.retrycache.expirytime = 600000ms (custom)
2019-09-25 08:27:01,169 [pool-67-thread-1] INFO  impl.RaftServerImpl (RaftServerImpl.java:start(185)) - c3cb6f05-b6f3-412a-9992-86b6d1cba2e6@group-44B441EF69C0: start as a follower, conf=-1: [c3cb6f05-b6f3-412a-9992-86b6d1cba2e6:192.168.36.126:40238], old=null
2019-09-25 08:27:01,169 [pool-67-thread-1] INFO  impl.RaftServerImpl (RaftServerImpl.java:setRole(174)) - c3cb6f05-b6f3-412a-9992-86b6d1cba2e6@group-44B441EF69C0: changes role from      null to FOLLOWER at term 0 for startAsFollower
2019-09-25 08:27:01,169 [pool-67-thread-1] INFO  impl.RoleInfo (RoleInfo.java:updateAndGet(143)) - c3cb6f05-b6f3-412a-9992-86b6d1cba2e6: start FollowerState
2019-09-25 08:27:01,170 [pool-67-thread-1] INFO  util.JmxRegister (JmxRegister.java:tryRegister(44)) - Successfully registered JMX Bean with object name Ratis:service=RaftServer,group=group-44B441EF69C0,id=c3cb6f05-b6f3-412a-9992-86b6d1cba2e6
2019-09-25 08:27:01,183 [RatisPipelineUtilsThread] INFO  pipeline.PipelineStateManager (PipelineStateManager.java:addPipeline(56)) - Created pipeline Pipeline[ Id: 6b681519-284b-47cf-b5cc-44b441ef69c0, Nodes: c3cb6f05-b6f3-412a-9992-86b6d1cba2e6{ip: 192.168.36.126, host: pr-hdds-2174-pqx5g-486351168, networkLocation: /default-rack, certSerialId: null}, Type:RATIS, Factor:ONE, State:OPEN]
2019-09-25 08:27:01,309 [grpc-default-executor-2] INFO  impl.RaftServerProxy (RaftServerProxy.java:addNew(89)) - 87aead68-aaca-445a-b26b-2e9f12b24b75: addNew group-5051D78F8EF1:[f230bc7e-d80c-430f-a4ff-61e0293dd1c7:192.168.36.126:44732, 99a70305-7b37-4d81-b817-04520db44446:192.168.36.126:41949, 87aead68-aaca-445a-b26b-2e9f12b24b75:192.168.36.126:36757] returns group-5051D78F8EF1:java.util.concurrent.CompletableFuture@7e9e0dc2[Not completed]
2019-09-25 08:27:01,325 [grpc-default-executor-2] INFO  impl.RaftServerProxy (RaftServerProxy.java:addNew(89)) - f230bc7e-d80c-430f-a4ff-61e0293dd1c7: addNew group-5051D78F8EF1:[f230bc7e-d80c-430f-a4ff-61e0293dd1c7:192.168.36.126:44732, 99a70305-7b37-4d81-b817-04520db44446:192.168.36.126:41949, 87aead68-aaca-445a-b26b-2e9f12b24b75:192.168.36.126:36757] returns group-5051D78F8EF1:java.util.concurrent.CompletableFuture@7aa186c9[Not completed]
2019-09-25 08:27:01,326 [grpc-default-executor-2] INFO  impl.RaftServerProxy (RaftServerProxy.java:addNew(89)) - 99a70305-7b37-4d81-b817-04520db44446: addNew group-5051D78F8EF1:[f230bc7e-d80c-430f-a4ff-61e0293dd1c7:192.168.36.126:44732, 99a70305-7b37-4d81-b817-04520db44446:192.168.36.126:41949, 87aead68-aaca-445a-b26b-2e9f12b24b75:192.168.36.126:36757] returns group-5051D78F8EF1:java.util.concurrent.CompletableFuture@a81191[Not completed]
2019-09-25 08:27:01,327 [pool-47-thread-1] INFO  impl.RaftServerImpl (RaftServerImpl.java:<init>(95)) - 87aead68-aaca-445a-b26b-2e9f12b24b75: new RaftServerImpl for group-5051D78F8EF1:[f230bc7e-d80c-430f-a4ff-61e0293dd1c7:192.168.36.126:44732, 99a70305-7b37-4d81-b817-04520db44446:192.168.36.126:41949, 87aead68-aaca-445a-b26b-2e9f12b24b75:192.168.36.126:36757] with ContainerStateMachine:uninitialized
2019-09-25 08:27:01,328 [pool-47-thread-1] INFO  server.RaftServerConfigKeys (ConfUtils.java:logGet(43)) - raft.server.rpc.timeout.min = 5s (custom)
2019-09-25 08:27:01,328 [pool-47-thread-1] INFO  server.RaftServerConfigKeys (ConfUtils.java:logGet(43)) - raft.server.rpc.timeout.max = 5200ms (custom)
2019-09-25 08:27:01,328 [pool-47-thread-1] INFO  server.RaftServerConfigKeys (ConfUtils.java:logGet(43)) - raft.server.rpcslowness.timeout = 120s (custom)
2019-09-25 08:27:01,329 [pool-47-thread-1] INFO  server.RaftServerConfigKeys (ConfUtils.java:logGet(43)) - raft.server.sleep.deviation.threshold = 300 (default)
2019-09-25 08:27:01,329 [pool-27-thread-1] INFO  impl.RaftServerImpl (RaftServerImpl.java:<init>(95)) - 99a70305-7b37-4d81-b817-04520db44446: new RaftServerImpl for group-5051D78F8EF1:[f230bc7e-d80c-430f-a4ff-61e0293dd1c7:192.168.36.126:44732, 99a70305-7b37-4d81-b817-04520db44446:192.168.36.126:41949, 87aead68-aaca-445a-b26b-2e9f12b24b75:192.168.36.126:36757] with ContainerStateMachine:uninitialized
2019-09-25 08:27:01,329 [pool-47-thread-1] INFO  server.RaftServerConfigKeys (ConfUtils.java:logGet(43)) - raft.server.log.appender.install.snapshot.enabled = false (custom)
2019-09-25 08:27:01,329 [pool-27-thread-1] INFO  server.RaftServerConfigKeys (ConfUtils.java:logGet(43)) - raft.server.rpc.timeout.min = 5s (custom)
2019-09-25 08:27:01,329 [pool-47-thread-1] INFO  impl.RaftServerImpl (ServerState.java:<init>(103)) - 87aead68-aaca-445a-b26b-2e9f12b24b75@group-5051D78F8EF1: ConfigurationManager, init=-1: [f230bc7e-d80c-430f-a4ff-61e0293dd1c7:192.168.36.126:44732, 99a70305-7b37-4d81-b817-04520db44446:192.168.36.126:41949, 87aead68-aaca-445a-b26b-2e9f12b24b75:192.168.36.126:36757], old=null, confs=<EMPTY_MAP>
2019-09-25 08:27:01,329 [pool-27-thread-1] INFO  server.RaftServerConfigKeys (ConfUtils.java:logGet(43)) - raft.server.rpc.timeout.max = 5200ms (custom)
2019-09-25 08:27:01,330 [pool-47-thread-1] INFO  server.RaftServerConfigKeys (ConfUtils.java:logGet(43)) - raft.server.storage.dir = [/workdir/hadoop-ozone/ozonefs/target/test-dir/MiniOzoneClusterImpl-89fc8c47-b2b3-4bdf-bb73-d071f814af55/datanode-2/data/ratis] (custom)
2019-09-25 08:27:01,330 [pool-27-thread-1] INFO  server.RaftServerConfigKeys (ConfUtils.java:logGet(43)) - raft.server.rpcslowness.timeout = 120s (custom)
2019-09-25 08:27:01,330 [pool-27-thread-1] INFO  server.RaftServerConfigKeys (ConfUtils.java:logGet(43)) - raft.server.sleep.deviation.threshold = 300 (default)
2019-09-25 08:27:01,330 [pool-27-thread-1] INFO  server.RaftServerConfigKeys (ConfUtils.java:logGet(43)) - raft.server.log.appender.install.snapshot.enabled = false (custom)
2019-09-25 08:27:01,332 [pool-47-thread-1] INFO  storage.RaftStorageDirectory (RaftStorageDirectory.java:analyzeStorage(246)) - The storage directory /workdir/hadoop-ozone/ozonefs/target/test-dir/MiniOzoneClusterImpl-89fc8c47-b2b3-4bdf-bb73-d071f814af55/datanode-2/data/ratis/a0f68d11-c917-4373-a31e-5051d78f8ef1 does not exist. Creating ...
2019-09-25 08:27:01,332 [pool-27-thread-1] INFO  impl.RaftServerImpl (ServerState.java:<init>(103)) - 99a70305-7b37-4d81-b817-04520db44446@group-5051D78F8EF1: ConfigurationManager, init=-1: [f230bc7e-d80c-430f-a4ff-61e0293dd1c7:192.168.36.126:44732, 99a70305-7b37-4d81-b817-04520db44446:192.168.36.126:41949, 87aead68-aaca-445a-b26b-2e9f12b24b75:192.168.36.126:36757], old=null, confs=<EMPTY_MAP>
2019-09-25 08:27:01,339 [pool-27-thread-1] INFO  server.RaftServerConfigKeys (ConfUtils.java:logGet(43)) - raft.server.storage.dir = [/workdir/hadoop-ozone/ozonefs/target/test-dir/MiniOzoneClusterImpl-89fc8c47-b2b3-4bdf-bb73-d071f814af55/datanode-0/data/ratis] (custom)
2019-09-25 08:27:01,340 [pool-37-thread-1] INFO  impl.RaftServerImpl (RaftServerImpl.java:<init>(95)) - f230bc7e-d80c-430f-a4ff-61e0293dd1c7: new RaftServerImpl for group-5051D78F8EF1:[f230bc7e-d80c-430f-a4ff-61e0293dd1c7:192.168.36.126:44732, 99a70305-7b37-4d81-b817-04520db44446:192.168.36.126:41949, 87aead68-aaca-445a-b26b-2e9f12b24b75:192.168.36.126:36757] with ContainerStateMachine:uninitialized
2019-09-25 08:27:01,340 [pool-27-thread-1] INFO  storage.RaftStorageDirectory (RaftStorageDirectory.java:analyzeStorage(246)) - The storage directory /workdir/hadoop-ozone/ozonefs/target/test-dir/MiniOzoneClusterImpl-89fc8c47-b2b3-4bdf-bb73-d071f814af55/datanode-0/data/ratis/a0f68d11-c917-4373-a31e-5051d78f8ef1 does not exist. Creating ...
2019-09-25 08:27:01,340 [pool-37-thread-1] INFO  server.RaftServerConfigKeys (ConfUtils.java:logGet(43)) - raft.server.rpc.timeout.min = 5s (custom)
2019-09-25 08:27:01,340 [pool-37-thread-1] INFO  server.RaftServerConfigKeys (ConfUtils.java:logGet(43)) - raft.server.rpc.timeout.max = 5200ms (custom)
2019-09-25 08:27:01,342 [pool-37-thread-1] INFO  server.RaftServerConfigKeys (ConfUtils.java:logGet(43)) - raft.server.rpcslowness.timeout = 120s (custom)
2019-09-25 08:27:01,342 [pool-37-thread-1] INFO  server.RaftServerConfigKeys (ConfUtils.java:logGet(43)) - raft.server.sleep.deviation.threshold = 300 (default)
2019-09-25 08:27:01,342 [pool-37-thread-1] INFO  server.RaftServerConfigKeys (ConfUtils.java:logGet(43)) - raft.server.log.appender.install.snapshot.enabled = false (custom)
2019-09-25 08:27:01,342 [pool-37-thread-1] INFO  impl.RaftServerImpl (ServerState.java:<init>(103)) - f230bc7e-d80c-430f-a4ff-61e0293dd1c7@group-5051D78F8EF1: ConfigurationManager, init=-1: [f230bc7e-d80c-430f-a4ff-61e0293dd1c7:192.168.36.126:44732, 99a70305-7b37-4d81-b817-04520db44446:192.168.36.126:41949, 87aead68-aaca-445a-b26b-2e9f12b24b75:192.168.36.126:36757], old=null, confs=<EMPTY_MAP>
2019-09-25 08:27:01,343 [pool-37-thread-1] INFO  server.RaftServerConfigKeys (ConfUtils.java:logGet(43)) - raft.server.storage.dir = [/workdir/hadoop-ozone/ozonefs/target/test-dir/MiniOzoneClusterImpl-89fc8c47-b2b3-4bdf-bb73-d071f814af55/datanode-1/data/ratis] (custom)
2019-09-25 08:27:01,343 [pool-37-thread-1] INFO  storage.RaftStorageDirectory (RaftStorageDirectory.java:analyzeStorage(246)) - The storage directory /workdir/hadoop-ozone/ozonefs/target/test-dir/MiniOzoneClusterImpl-89fc8c47-b2b3-4bdf-bb73-d071f814af55/datanode-1/data/ratis/a0f68d11-c917-4373-a31e-5051d78f8ef1 does not exist. Creating ...
2019-09-25 08:27:01,379 [pool-27-thread-1] INFO  storage.RaftStorageDirectory (RaftStorageDirectory.java:tryLock(328)) - Lock on /workdir/hadoop-ozone/ozonefs/target/test-dir/MiniOzoneClusterImpl-89fc8c47-b2b3-4bdf-bb73-d071f814af55/datanode-0/data/ratis/a0f68d11-c917-4373-a31e-5051d78f8ef1/in_use.lock acquired by nodename 18087@pr-hdds-2174-pqx5g-486351168
2019-09-25 08:27:01,379 [pool-37-thread-1] INFO  storage.RaftStorageDirectory (RaftStorageDirectory.java:tryLock(328)) - Lock on /workdir/hadoop-ozone/ozonefs/target/test-dir/MiniOzoneClusterImpl-89fc8c47-b2b3-4bdf-bb73-d071f814af55/datanode-1/data/ratis/a0f68d11-c917-4373-a31e-5051d78f8ef1/in_use.lock acquired by nodename 18087@pr-hdds-2174-pqx5g-486351168
2019-09-25 08:27:01,379 [pool-47-thread-1] INFO  storage.RaftStorageDirectory (RaftStorageDirectory.java:tryLock(328)) - Lock on /workdir/hadoop-ozone/ozonefs/target/test-dir/MiniOzoneClusterImpl-89fc8c47-b2b3-4bdf-bb73-d071f814af55/datanode-2/data/ratis/a0f68d11-c917-4373-a31e-5051d78f8ef1/in_use.lock acquired by nodename 18087@pr-hdds-2174-pqx5g-486351168
2019-09-25 08:27:01,406 [pool-37-thread-1] INFO  storage.RaftStorage (RaftStorage.java:format(72)) - Storage directory /workdir/hadoop-ozone/ozonefs/target/test-dir/MiniOzoneClusterImpl-89fc8c47-b2b3-4bdf-bb73-d071f814af55/datanode-1/data/ratis/a0f68d11-c917-4373-a31e-5051d78f8ef1 has been successfully formatted.
2019-09-25 08:27:01,406 [pool-47-thread-1] INFO  storage.RaftStorage (RaftStorage.java:format(72)) - Storage directory /workdir/hadoop-ozone/ozonefs/target/test-dir/MiniOzoneClusterImpl-89fc8c47-b2b3-4bdf-bb73-d071f814af55/datanode-2/data/ratis/a0f68d11-c917-4373-a31e-5051d78f8ef1 has been successfully formatted.
2019-09-25 08:27:01,406 [pool-37-thread-1] INFO  ratis.ContainerStateMachine (ContainerStateMachine.java:loadSnapshot(230)) - group-5051D78F8EF1: The snapshot info is null. Setting the last applied indexto:(t:0, i:~)
2019-09-25 08:27:01,406 [pool-27-thread-1] INFO  storage.RaftStorage (RaftStorage.java:format(72)) - Storage directory /workdir/hadoop-ozone/ozonefs/target/test-dir/MiniOzoneClusterImpl-89fc8c47-b2b3-4bdf-bb73-d071f814af55/datanode-0/data/ratis/a0f68d11-c917-4373-a31e-5051d78f8ef1 has been successfully formatted.
2019-09-25 08:27:01,407 [pool-47-thread-1] INFO  ratis.ContainerStateMachine (ContainerStateMachine.java:loadSnapshot(230)) - group-5051D78F8EF1: The snapshot info is null. Setting the last applied indexto:(t:0, i:~)
2019-09-25 08:27:01,407 [pool-37-thread-1] INFO  server.RaftServerConfigKeys (ConfUtils.java:logGet(43)) - raft.server.notification.no-leader.timeout = 120s (custom)
2019-09-25 08:27:01,407 [pool-47-thread-1] INFO  server.RaftServerConfigKeys (ConfUtils.java:logGet(43)) - raft.server.notification.no-leader.timeout = 120s (custom)
2019-09-25 08:27:01,407 [pool-27-thread-1] INFO  ratis.ContainerStateMachine (ContainerStateMachine.java:loadSnapshot(230)) - group-5051D78F8EF1: The snapshot info is null. Setting the last applied indexto:(t:0, i:~)
2019-09-25 08:27:01,407 [pool-47-thread-1] INFO  server.RaftServerConfigKeys (ConfUtils.java:logGet(43)) - raft.server.log.use.memory = false (default)
2019-09-25 08:27:01,407 [pool-37-thread-1] INFO  server.RaftServerConfigKeys (ConfUtils.java:logGet(43)) - raft.server.log.use.memory = false (default)
2019-09-25 08:27:01,408 [pool-47-thread-1] INFO  server.RaftServerConfigKeys (ConfUtils.java:logGet(43)) - raft.server.log.purge.gap = 1000000 (custom)
2019-09-25 08:27:01,408 [pool-27-thread-1] INFO  server.RaftServerConfigKeys (ConfUtils.java:logGet(43)) - raft.server.notification.no-leader.timeout = 120s (custom)
2019-09-25 08:27:01,408 [pool-47-thread-1] INFO  server.RaftServerConfigKeys (ConfUtils.java:logGet(43)) - raft.server.log.appender.buffer.byte-limit = 33554432 (custom)
2019-09-25 08:27:01,408 [pool-37-thread-1] INFO  server.RaftServerConfigKeys (ConfUtils.java:logGet(43)) - raft.server.log.purge.gap = 1000000 (custom)
2019-09-25 08:27:01,408 [pool-47-thread-1] INFO  server.RaftServerConfigKeys (ConfUtils.java:logGet(43)) - raft.server.log.segment.size.max = 1048576 (custom)
2019-09-25 08:27:01,408 [pool-27-thread-1] INFO  server.RaftServerConfigKeys (ConfUtils.java:logGet(43)) - raft.server.log.use.memory = false (default)
2019-09-25 08:27:01,409 [pool-47-thread-1] INFO  server.RaftServerConfigKeys (ConfUtils.java:logGet(43)) - raft.server.log.segment.cache.num.max = 2 (custom)
2019-09-25 08:27:01,410 [pool-47-thread-1] INFO  segmented.SegmentedRaftLogWorker (SegmentedRaftLogWorker.java:<init>(172)) - new 87aead68-aaca-445a-b26b-2e9f12b24b75@group-5051D78F8EF1-SegmentedRaftLogWorker for RaftStorage:Storage Directory /workdir/hadoop-ozone/ozonefs/target/test-dir/MiniOzoneClusterImpl-89fc8c47-b2b3-4bdf-bb73-d071f814af55/datanode-2/data/ratis/a0f68d11-c917-4373-a31e-5051d78f8ef1
2019-09-25 08:27:01,409 [pool-37-thread-1] INFO  server.RaftServerConfigKeys (ConfUtils.java:logGet(43)) - raft.server.log.appender.buffer.byte-limit = 33554432 (custom)
2019-09-25 08:27:01,411 [pool-47-thread-1] INFO  server.RaftServerConfigKeys (ConfUtils.java:logGet(43)) - raft.server.log.queue.byte-limit = 2147483647 (custom)
2019-09-25 08:27:01,410 [pool-27-thread-1] INFO  server.RaftServerConfigKeys (ConfUtils.java:logGet(43)) - raft.server.log.purge.gap = 1000000 (custom)
2019-09-25 08:27:01,411 [pool-47-thread-1] INFO  server.RaftServerConfigKeys (ConfUtils.java:logGet(43)) - raft.server.log.queue.element-limit = 1024 (custom)
2019-09-25 08:27:01,411 [pool-37-thread-1] INFO  server.RaftServerConfigKeys (ConfUtils.java:logGet(43)) - raft.server.log.segment.size.max = 1048576 (custom)
2019-09-25 08:27:01,411 [pool-47-thread-1] INFO  server.RaftServerConfigKeys (ConfUtils.java:logGet(43)) - raft.server.log.segment.size.max = 1048576 (custom)
2019-09-25 08:27:01,411 [pool-27-thread-1] INFO  server.RaftServerConfigKeys (ConfUtils.java:logGet(43)) - raft.server.log.appender.buffer.byte-limit = 33554432 (custom)
2019-09-25 08:27:01,412 [pool-47-thread-1] INFO  server.RaftServerConfigKeys (ConfUtils.java:logGet(43)) - raft.server.log.preallocated.size = 16384 (custom)
2019-09-25 08:27:01,411 [pool-37-thread-1] INFO  server.RaftServerConfigKeys (ConfUtils.java:logGet(43)) - raft.server.log.segment.cache.num.max = 2 (custom)
2019-09-25 08:27:01,412 [pool-47-thread-1] INFO  server.RaftServerConfigKeys (ConfUtils.java:logGet(43)) - raft.server.log.write.buffer.size = 33554432 (custom)
2019-09-25 08:27:01,412 [pool-27-thread-1] INFO  server.RaftServerConfigKeys (ConfUtils.java:logGet(43)) - raft.server.log.segment.size.max = 1048576 (custom)
2019-09-25 08:27:01,412 [pool-47-thread-1] INFO  server.RaftServerConfigKeys (ConfUtils.java:logGet(43)) - raft.server.log.force.sync.num = 128 (default)
2019-09-25 08:27:01,412 [pool-37-thread-1] INFO  segmented.SegmentedRaftLogWorker (SegmentedRaftLogWorker.java:<init>(172)) - new f230bc7e-d80c-430f-a4ff-61e0293dd1c7@group-5051D78F8EF1-SegmentedRaftLogWorker for RaftStorage:Storage Directory /workdir/hadoop-ozone/ozonefs/target/test-dir/MiniOzoneClusterImpl-89fc8c47-b2b3-4bdf-bb73-d071f814af55/datanode-1/data/ratis/a0f68d11-c917-4373-a31e-5051d78f8ef1
2019-09-25 08:27:01,413 [pool-47-thread-1] INFO  server.RaftServerConfigKeys (ConfUtils.java:logGet(43)) - raft.server.log.statemachine.data.sync = true (default)
2019-09-25 08:27:01,413 [pool-27-thread-1] INFO  server.RaftServerConfigKeys (ConfUtils.java:logGet(43)) - raft.server.log.segment.cache.num.max = 2 (custom)
2019-09-25 08:27:01,413 [pool-47-thread-1] INFO  server.RaftServerConfigKeys (ConfUtils.java:logGet(43)) - raft.server.log.statemachine.data.sync.timeout = 10s (default)
2019-09-25 08:27:01,413 [pool-47-thread-1] INFO  server.RaftServerConfigKeys (ConfUtils.java:logGet(43)) - raft.server.log.statemachine.data.sync.timeout.retry = -1 (default)
2019-09-25 08:27:01,413 [pool-37-thread-1] INFO  server.RaftServerConfigKeys (ConfUtils.java:logGet(43)) - raft.server.log.queue.byte-limit = 2147483647 (custom)
2019-09-25 08:27:01,414 [pool-47-thread-1] INFO  server.RaftServerConfigKeys (ConfUtils.java:logGet(43)) - raft.server.log.statemachine.data.caching.enabled = true (custom)
2019-09-25 08:27:01,413 [pool-27-thread-1] INFO  segmented.SegmentedRaftLogWorker (SegmentedRaftLogWorker.java:<init>(172)) - new 99a70305-7b37-4d81-b817-04520db44446@group-5051D78F8EF1-SegmentedRaftLogWorker for RaftStorage:Storage Directory /workdir/hadoop-ozone/ozonefs/target/test-dir/MiniOzoneClusterImpl-89fc8c47-b2b3-4bdf-bb73-d071f814af55/datanode-0/data/ratis/a0f68d11-c917-4373-a31e-5051d78f8ef1
2019-09-25 08:27:01,414 [pool-37-thread-1] INFO  server.RaftServerConfigKeys (ConfUtils.java:logGet(43)) - raft.server.log.queue.element-limit = 1024 (custom)
2019-09-25 08:27:01,414 [pool-47-thread-1] INFO  segmented.SegmentedRaftLogWorker (SegmentedRaftLogWorker.java:lambda$new$0(132)) - 87aead68-aaca-445a-b26b-2e9f12b24b75@group-5051D78F8EF1-SegmentedRaftLogWorker: flushIndex: setUnconditionally 0 -> -1
2019-09-25 08:27:01,414 [pool-27-thread-1] INFO  server.RaftServerConfigKeys (ConfUtils.java:logGet(43)) - raft.server.log.queue.byte-limit = 2147483647 (custom)
2019-09-25 08:27:01,414 [pool-37-thread-1] INFO  server.RaftServerConfigKeys (ConfUtils.java:logGet(43)) - raft.server.log.segment.size.max = 1048576 (custom)
2019-09-25 08:27:01,415 [pool-27-thread-1] INFO  server.RaftServerConfigKeys (ConfUtils.java:logGet(43)) - raft.server.log.queue.element-limit = 1024 (custom)
2019-09-25 08:27:01,415 [pool-47-thread-1] INFO  server.RaftServerConfigKeys (ConfUtils.java:logGet(43)) - raft.server.snapshot.auto.trigger.enabled = true (custom)
2019-09-25 08:27:01,415 [pool-27-thread-1] INFO  server.RaftServerConfigKeys (ConfUtils.java:logGet(43)) - raft.server.log.segment.size.max = 1048576 (custom)
2019-09-25 08:27:01,415 [pool-37-thread-1] INFO  server.RaftServerConfigKeys (ConfUtils.java:logGet(43)) - raft.server.log.preallocated.size = 16384 (custom)
2019-09-25 08:27:01,415 [pool-27-thread-1] INFO  server.RaftServerConfigKeys (ConfUtils.java:logGet(43)) - raft.server.log.preallocated.size = 16384 (custom)
2019-09-25 08:27:01,415 [pool-47-thread-1] INFO  server.RaftServerConfigKeys (ConfUtils.java:logGet(43)) - raft.server.snapshot.auto.trigger.threshold = 10000 (custom)
2019-09-25 08:27:01,416 [pool-27-thread-1] INFO  server.RaftServerConfigKeys (ConfUtils.java:logGet(43)) - raft.server.log.write.buffer.size = 33554432 (custom)
2019-09-25 08:27:01,416 [pool-37-thread-1] INFO  server.RaftServerConfigKeys (ConfUtils.java:logGet(43)) - raft.server.log.write.buffer.size = 33554432 (custom)
2019-09-25 08:27:01,416 [pool-27-thread-1] INFO  server.RaftServerConfigKeys (ConfUtils.java:logGet(43)) - raft.server.log.force.sync.num = 128 (default)
2019-09-25 08:27:01,416 [pool-47-thread-1] INFO  server.RaftServerConfigKeys (ConfUtils.java:logGet(43)) - raft.server.snapshot.retention.num.files = 5 (custom)
2019-09-25 08:27:01,417 [pool-27-thread-1] INFO  server.RaftServerConfigKeys (ConfUtils.java:logGet(43)) - raft.server.log.statemachine.data.sync = true (default)
2019-09-25 08:27:01,416 [pool-37-thread-1] INFO  server.RaftServerConfigKeys (ConfUtils.java:logGet(43)) - raft.server.log.force.sync.num = 128 (default)
2019-09-25 08:27:01,417 [pool-27-thread-1] INFO  server.RaftServerConfigKeys (ConfUtils.java:logGet(43)) - raft.server.log.statemachine.data.sync.timeout = 10s (default)
2019-09-25 08:27:01,417 [pool-47-thread-1] INFO  server.RaftServerConfigKeys (ConfUtils.java:logGet(43)) - raft.server.retrycache.expirytime = 600000ms (custom)
2019-09-25 08:27:01,417 [pool-27-thread-1] INFO  server.RaftServerConfigKeys (ConfUtils.java:logGet(43)) - raft.server.log.statemachine.data.sync.timeout.retry = -1 (default)
2019-09-25 08:27:01,417 [pool-37-thread-1] INFO  server.RaftServerConfigKeys (ConfUtils.java:logGet(43)) - raft.server.log.statemachine.data.sync = true (default)
2019-09-25 08:27:01,418 [pool-27-thread-1] INFO  server.RaftServerConfigKeys (ConfUtils.java:logGet(43)) - raft.server.log.statemachine.data.caching.enabled = true (custom)
2019-09-25 08:27:01,418 [pool-37-thread-1] INFO  server.RaftServerConfigKeys (ConfUtils.java:logGet(43)) - raft.server.log.statemachine.data.sync.timeout = 10s (default)
2019-09-25 08:27:01,418 [pool-37-thread-1] INFO  server.RaftServerConfigKeys (ConfUtils.java:logGet(43)) - raft.server.log.statemachine.data.sync.timeout.retry = -1 (default)
2019-09-25 08:27:01,418 [pool-27-thread-1] INFO  segmented.SegmentedRaftLogWorker (SegmentedRaftLogWorker.java:lambda$new$0(132)) - 99a70305-7b37-4d81-b817-04520db44446@group-5051D78F8EF1-SegmentedRaftLogWorker: flushIndex: setUnconditionally 0 -> -1
2019-09-25 08:27:01,419 [pool-37-thread-1] INFO  server.RaftServerConfigKeys (ConfUtils.java:logGet(43)) - raft.server.log.statemachine.data.caching.enabled = true (custom)
2019-09-25 08:27:01,419 [pool-27-thread-1] INFO  server.RaftServerConfigKeys (ConfUtils.java:logGet(43)) - raft.server.snapshot.auto.trigger.enabled = true (custom)
2019-09-25 08:27:01,419 [pool-27-thread-1] INFO  server.RaftServerConfigKeys (ConfUtils.java:logGet(43)) - raft.server.snapshot.auto.trigger.threshold = 10000 (custom)
2019-09-25 08:27:01,419 [pool-37-thread-1] INFO  segmented.SegmentedRaftLogWorker (SegmentedRaftLogWorker.java:lambda$new$0(132)) - f230bc7e-d80c-430f-a4ff-61e0293dd1c7@group-5051D78F8EF1-SegmentedRaftLogWorker: flushIndex: setUnconditionally 0 -> -1
2019-09-25 08:27:01,419 [pool-27-thread-1] INFO  server.RaftServerConfigKeys (ConfUtils.java:logGet(43)) - raft.server.snapshot.retention.num.files = 5 (custom)
2019-09-25 08:27:01,420 [pool-37-thread-1] INFO  server.RaftServerConfigKeys (ConfUtils.java:logGet(43)) - raft.server.snapshot.auto.trigger.enabled = true (custom)
2019-09-25 08:27:01,420 [pool-27-thread-1] INFO  server.RaftServerConfigKeys (ConfUtils.java:logGet(43)) - raft.server.retrycache.expirytime = 600000ms (custom)
2019-09-25 08:27:01,420 [pool-37-thread-1] INFO  server.RaftServerConfigKeys (ConfUtils.java:logGet(43)) - raft.server.snapshot.auto.trigger.threshold = 10000 (custom)
2019-09-25 08:27:01,420 [pool-37-thread-1] INFO  server.RaftServerConfigKeys (ConfUtils.java:logGet(43)) - raft.server.snapshot.retention.num.files = 5 (custom)
2019-09-25 08:27:01,420 [pool-37-thread-1] INFO  server.RaftServerConfigKeys (ConfUtils.java:logGet(43)) - raft.server.retrycache.expirytime = 600000ms (custom)
2019-09-25 08:27:01,422 [pool-47-thread-1] INFO  impl.RaftServerImpl (RaftServerImpl.java:start(185)) - 87aead68-aaca-445a-b26b-2e9f12b24b75@group-5051D78F8EF1: start as a follower, conf=-1: [f230bc7e-d80c-430f-a4ff-61e0293dd1c7:192.168.36.126:44732, 99a70305-7b37-4d81-b817-04520db44446:192.168.36.126:41949, 87aead68-aaca-445a-b26b-2e9f12b24b75:192.168.36.126:36757], old=null
2019-09-25 08:27:01,422 [pool-47-thread-1] INFO  impl.RaftServerImpl (RaftServerImpl.java:setRole(174)) - 87aead68-aaca-445a-b26b-2e9f12b24b75@group-5051D78F8EF1: changes role from      null to FOLLOWER at term 0 for startAsFollower
2019-09-25 08:27:01,422 [pool-47-thread-1] INFO  impl.RoleInfo (RoleInfo.java:updateAndGet(143)) - 87aead68-aaca-445a-b26b-2e9f12b24b75: start FollowerState
2019-09-25 08:27:01,423 [pool-47-thread-1] INFO  util.JmxRegister (JmxRegister.java:tryRegister(44)) - Successfully registered JMX Bean with object name Ratis:service=RaftServer,group=group-5051D78F8EF1,id=87aead68-aaca-445a-b26b-2e9f12b24b75
2019-09-25 08:27:01,429 [pool-27-thread-1] INFO  impl.RaftServerImpl (RaftServerImpl.java:start(185)) - 99a70305-7b37-4d81-b817-04520db44446@group-5051D78F8EF1: start as a follower, conf=-1: [f230bc7e-d80c-430f-a4ff-61e0293dd1c7:192.168.36.126:44732, 99a70305-7b37-4d81-b817-04520db44446:192.168.36.126:41949, 87aead68-aaca-445a-b26b-2e9f12b24b75:192.168.36.126:36757], old=null
2019-09-25 08:27:01,429 [pool-27-thread-1] INFO  impl.RaftServerImpl (RaftServerImpl.java:setRole(174)) - 99a70305-7b37-4d81-b817-04520db44446@group-5051D78F8EF1: changes role from      null to FOLLOWER at term 0 for startAsFollower
2019-09-25 08:27:01,429 [pool-37-thread-1] INFO  impl.RaftServerImpl (RaftServerImpl.java:start(185)) - f230bc7e-d80c-430f-a4ff-61e0293dd1c7@group-5051D78F8EF1: start as a follower, conf=-1: [f230bc7e-d80c-430f-a4ff-61e0293dd1c7:192.168.36.126:44732, 99a70305-7b37-4d81-b817-04520db44446:192.168.36.126:41949, 87aead68-aaca-445a-b26b-2e9f12b24b75:192.168.36.126:36757], old=null
2019-09-25 08:27:01,430 [pool-37-thread-1] INFO  impl.RaftServerImpl (RaftServerImpl.java:setRole(174)) - f230bc7e-d80c-430f-a4ff-61e0293dd1c7@group-5051D78F8EF1: changes role from      null to FOLLOWER at term 0 for startAsFollower
2019-09-25 08:27:01,430 [pool-27-thread-1] INFO  impl.RoleInfo (RoleInfo.java:updateAndGet(143)) - 99a70305-7b37-4d81-b817-04520db44446: start FollowerState
2019-09-25 08:27:01,431 [pool-37-thread-1] INFO  impl.RoleInfo (RoleInfo.java:updateAndGet(143)) - f230bc7e-d80c-430f-a4ff-61e0293dd1c7: start FollowerState
2019-09-25 08:27:01,433 [pool-27-thread-1] INFO  util.JmxRegister (JmxRegister.java:tryRegister(44)) - Successfully registered JMX Bean with object name Ratis:service=RaftServer,group=group-5051D78F8EF1,id=99a70305-7b37-4d81-b817-04520db44446
2019-09-25 08:27:01,433 [pool-37-thread-1] INFO  util.JmxRegister (JmxRegister.java:tryRegister(44)) - Successfully registered JMX Bean with object name Ratis:service=RaftServer,group=group-5051D78F8EF1,id=f230bc7e-d80c-430f-a4ff-61e0293dd1c7
2019-09-25 08:27:01,452 [RatisPipelineUtilsThread] INFO  pipeline.PipelineStateManager (PipelineStateManager.java:addPipeline(56)) - Created pipeline Pipeline[ Id: a0f68d11-c917-4373-a31e-5051d78f8ef1, Nodes: 99a70305-7b37-4d81-b817-04520db44446{ip: 192.168.36.126, host: pr-hdds-2174-pqx5g-486351168, networkLocation: /default-rack, certSerialId: null}87aead68-aaca-445a-b26b-2e9f12b24b75{ip: 192.168.36.126, host: pr-hdds-2174-pqx5g-486351168, networkLocation: /default-rack, certSerialId: null}f230bc7e-d80c-430f-a4ff-61e0293dd1c7{ip: 192.168.36.126, host: pr-hdds-2174-pqx5g-486351168, networkLocation: /default-rack, certSerialId: null}, Type:RATIS, Factor:THREE, State:OPEN]
2019-09-25 08:27:01,684 [Thread-215] INFO  rpc.RpcClient (RpcClient.java:createVolume(276)) - Creating Volume: volume80396, with user01393 as owner.
2019-09-25 08:27:01,810 [IPC Server handler 16 on 45380] INFO  volume.OMVolumeCreateRequest (OMVolumeCreateRequest.java:validateAndUpdateCache(194)) - created volume:volume80396 for user:user01393
2019-09-25 08:27:01,869 [Thread-215] INFO  rpc.RpcClient (RpcClient.java:createBucket(415)) - Creating Bucket: volume80396/bucket53493, with Versioning false and Storage Type set to DISK and Encryption set to false 
2019-09-25 08:27:02,402 [Thread-215] INFO  contract.AbstractFSContractTestBase (AbstractFSContractTestBase.java:setup(184)) - Test filesystem = o3fs://bucket53493.volume80396 implemented by OzoneFileSystem{URI=o3fs://bucket53493.volume80396, workingDir=o3fs://bucket53493.volume80396/user/jenkins1000, userName=jenkins1000, statistics=0 bytes read, 0 bytes written, 0 read ops, 0 large read ops, 0 write ops}
2019-09-25 08:27:02,471 [Thread-208] INFO  container.ReplicationManager (ReplicationManager.java:start(162)) - Starting Replication Monitor Thread.
2019-09-25 08:27:02,476 [ReplicationMonitor] INFO  container.ReplicationManager (ReplicationManager.java:run(225)) - Replication Monitor Thread took 1 milliseconds for processing 0 containers.
08:27:02.469 [IPC Server handler 14 on 45380] ERROR OMAudit - user=jenkins1000 | ip=127.0.0.1 | op=GET_FILE_STATUS {volume=volume80396, bucket=bucket53493, key=test/testRenameWithNonEmptySubDir, dataSize=0, replicationType=null, replicationFactor=null, keyLocationInfo=null} | ret=FAILURE
org.apache.hadoop.ozone.om.exceptions.OMException: Unable to get file status: volume: volume80396 bucket: bucket53493 key: test/testRenameWithNonEmptySubDir
	at org.apache.hadoop.ozone.om.KeyManagerImpl.getFileStatus(KeyManagerImpl.java:1785) ~[hadoop-ozone-ozone-manager-0.5.0-SNAPSHOT.jar:?]
	at org.apache.hadoop.ozone.om.OzoneManager.getFileStatus(OzoneManager.java:2892) [hadoop-ozone-ozone-manager-0.5.0-SNAPSHOT.jar:?]
	at org.apache.hadoop.ozone.protocolPB.OzoneManagerRequestHandler.getOzoneFileStatus(OzoneManagerRequestHandler.java:1051) [hadoop-ozone-ozone-manager-0.5.0-SNAPSHOT.jar:?]
	at org.apache.hadoop.ozone.protocolPB.OzoneManagerRequestHandler.handle(OzoneManagerRequestHandler.java:338) [hadoop-ozone-ozone-manager-0.5.0-SNAPSHOT.jar:?]
	at org.apache.hadoop.ozone.protocolPB.OzoneManagerProtocolServerSideTranslatorPB.submitRequestDirectlyToOM(OzoneManagerProtocolServerSideTranslatorPB.java:233) [hadoop-ozone-ozone-manager-0.5.0-SNAPSHOT.jar:?]
	at org.apache.hadoop.ozone.protocolPB.OzoneManagerProtocolServerSideTranslatorPB.processRequest(OzoneManagerProtocolServerSideTranslatorPB.java:157) [hadoop-ozone-ozone-manager-0.5.0-SNAPSHOT.jar:?]
	at org.apache.hadoop.ozone.protocolPB.OzoneManagerProtocolServerSideTranslatorPB.submitRequest(OzoneManagerProtocolServerSideTranslatorPB.java:111) [hadoop-ozone-ozone-manager-0.5.0-SNAPSHOT.jar:?]
	at org.apache.hadoop.ozone.protocol.proto.OzoneManagerProtocolProtos$OzoneManagerService$2.callBlockingMethod(OzoneManagerProtocolProtos.java) [hadoop-ozone-common-0.5.0-SNAPSHOT.jar:?]
	at org.apache.hadoop.ipc.ProtobufRpcEngine$Server$ProtoBufRpcInvoker.call(ProtobufRpcEngine.java:524) [hadoop-common-3.2.0.jar:?]
	at org.apache.hadoop.ipc.RPC$Server.call(RPC.java:1025) [hadoop-common-3.2.0.jar:?]
	at org.apache.hadoop.ipc.Server$RpcCall.run(Server.java:876) [hadoop-common-3.2.0.jar:?]
	at org.apache.hadoop.ipc.Server$RpcCall.run(Server.java:822) [hadoop-common-3.2.0.jar:?]
	at java.security.AccessController.doPrivileged(Native Method) [?:1.8.0_212]
	at javax.security.auth.Subject.doAs(Subject.java:422) [?:1.8.0_212]
	at org.apache.hadoop.security.UserGroupInformation.doAs(UserGroupInformation.java:1730) [hadoop-common-3.2.0.jar:?]
	at org.apache.hadoop.ipc.Server$Handler.run(Server.java:2682) [hadoop-common-3.2.0.jar:?]
2019-09-25 08:27:02,630 [Thread-215] INFO  impl.MetricsSystemImpl (MetricsSystemImpl.java:init(158)) - XceiverClientMetrics metrics system started (again)
2019-09-25 08:27:05,451 [Thread-210] INFO  impl.FollowerState (FollowerState.java:run(106)) - 99a70305-7b37-4d81-b817-04520db44446:group-51C5E01F8EAF changes to CANDIDATE, lastRpcTime:5007, electionTimeout:5006ms
2019-09-25 08:27:05,454 [Thread-210] INFO  impl.RoleInfo (RoleInfo.java:shutdownFollowerState(121)) - 99a70305-7b37-4d81-b817-04520db44446: shutdown FollowerState
2019-09-25 08:27:05,454 [Thread-210] INFO  impl.RaftServerImpl (RaftServerImpl.java:setRole(174)) - 99a70305-7b37-4d81-b817-04520db44446@group-51C5E01F8EAF: changes role from  FOLLOWER to CANDIDATE at term 0 for changeToCandidate
2019-09-25 08:27:05,460 [Thread-210] INFO  impl.RoleInfo (RoleInfo.java:updateAndGet(143)) - 99a70305-7b37-4d81-b817-04520db44446: start LeaderElection
2019-09-25 08:27:05,484 [99a70305-7b37-4d81-b817-04520db44446@group-51C5E01F8EAF:LeaderElection1] INFO  impl.LeaderElection (LeaderElection.java:askForVotes(182)) - 99a70305-7b37-4d81-b817-04520db44446@group-51C5E01F8EAF:LeaderElection1: begin an election at term 1 for -1: [99a70305-7b37-4d81-b817-04520db44446:192.168.36.126:41949], old=null
2019-09-25 08:27:05,486 [99a70305-7b37-4d81-b817-04520db44446@group-51C5E01F8EAF:LeaderElection1] INFO  impl.RoleInfo (RoleInfo.java:shutdownLeaderElection(134)) - 99a70305-7b37-4d81-b817-04520db44446: shutdown LeaderElection
2019-09-25 08:27:05,487 [99a70305-7b37-4d81-b817-04520db44446@group-51C5E01F8EAF:LeaderElection1] INFO  impl.RaftServerImpl (RaftServerImpl.java:setRole(174)) - 99a70305-7b37-4d81-b817-04520db44446@group-51C5E01F8EAF: changes role from CANDIDATE to LEADER at term 1 for changeToLeader
2019-09-25 08:27:05,487 [99a70305-7b37-4d81-b817-04520db44446@group-51C5E01F8EAF:LeaderElection1] INFO  impl.RaftServerImpl (ServerState.java:setLeader(253)) - 99a70305-7b37-4d81-b817-04520db44446@group-51C5E01F8EAF: change Leader from null to 99a70305-7b37-4d81-b817-04520db44446 at term 1 for becomeLeader, leader elected after 5198ms
2019-09-25 08:27:05,496 [99a70305-7b37-4d81-b817-04520db44446@group-51C5E01F8EAF:LeaderElection1] INFO  server.RaftServerConfigKeys (ConfUtils.java:logGet(43)) - raft.server.staging.catchup.gap = 1000 (default)
2019-09-25 08:27:05,496 [99a70305-7b37-4d81-b817-04520db44446@group-51C5E01F8EAF:LeaderElection1] INFO  server.RaftServerConfigKeys (ConfUtils.java:logGet(43)) - raft.server.rpc.sleep.time = 25ms (default)
2019-09-25 08:27:05,500 [99a70305-7b37-4d81-b817-04520db44446@group-51C5E01F8EAF:LeaderElection1] INFO  server.RaftServerConfigKeys (ConfUtils.java:logGet(43)) - raft.server.write.element-limit = 4096 (default)
2019-09-25 08:27:05,503 [99a70305-7b37-4d81-b817-04520db44446@group-51C5E01F8EAF:LeaderElection1] INFO  server.RaftServerConfigKeys (ConfUtils.java:logGet(43)) - raft.server.watch.timeout = 10s (default)
2019-09-25 08:27:05,503 [99a70305-7b37-4d81-b817-04520db44446@group-51C5E01F8EAF:LeaderElection1] INFO  server.RaftServerConfigKeys (ConfUtils.java:logGet(43)) - raft.server.watch.timeout.denomination = 1s (default)
2019-09-25 08:27:05,504 [99a70305-7b37-4d81-b817-04520db44446@group-51C5E01F8EAF:LeaderElection1] INFO  server.RaftServerConfigKeys (ConfUtils.java:logGet(43)) - raft.server.watch.element-limit = 65536 (default)
2019-09-25 08:27:05,518 [99a70305-7b37-4d81-b817-04520db44446@group-51C5E01F8EAF:LeaderElection1] INFO  impl.RoleInfo (RoleInfo.java:updateAndGet(143)) - 99a70305-7b37-4d81-b817-04520db44446: start LeaderState
2019-09-25 08:27:05,550 [99a70305-7b37-4d81-b817-04520db44446@group-51C5E01F8EAF:LeaderElection1] INFO  segmented.SegmentedRaftLogWorker (SegmentedRaftLogWorker.java:startLogSegment(380)) - 99a70305-7b37-4d81-b817-04520db44446@group-51C5E01F8EAF-SegmentedRaftLogWorker: Starting segment from index:0
2019-09-25 08:27:05,560 [99a70305-7b37-4d81-b817-04520db44446@group-51C5E01F8EAF:LeaderElection1] INFO  impl.RaftServerImpl (ServerState.java:setRaftConf(354)) - 99a70305-7b37-4d81-b817-04520db44446@group-51C5E01F8EAF: set configuration 0: [99a70305-7b37-4d81-b817-04520db44446:192.168.36.126:41949], old=null at 0
2019-09-25 08:27:05,776 [99a70305-7b37-4d81-b817-04520db44446@group-51C5E01F8EAF-SegmentedRaftLogWorker] INFO  segmented.SegmentedRaftLogWorker (SegmentedRaftLogWorker.java:execute(569)) - 99a70305-7b37-4d81-b817-04520db44446@group-51C5E01F8EAF-SegmentedRaftLogWorker: created new log segment /workdir/hadoop-ozone/ozonefs/target/test-dir/MiniOzoneClusterImpl-89fc8c47-b2b3-4bdf-bb73-d071f814af55/datanode-0/data/ratis/e0641562-9a28-49c4-9119-51c5e01f8eaf/current/log_inprogress_0
2019-09-25 08:27:05,868 [Thread-213] INFO  impl.FollowerState (FollowerState.java:run(106)) - 87aead68-aaca-445a-b26b-2e9f12b24b75:group-7FE9516FCD60 changes to CANDIDATE, lastRpcTime:5154, electionTimeout:5154ms
2019-09-25 08:27:05,870 [Thread-213] INFO  impl.RoleInfo (RoleInfo.java:shutdownFollowerState(121)) - 87aead68-aaca-445a-b26b-2e9f12b24b75: shutdown FollowerState
2019-09-25 08:27:05,871 [Thread-213] INFO  impl.RaftServerImpl (RaftServerImpl.java:setRole(174)) - 87aead68-aaca-445a-b26b-2e9f12b24b75@group-7FE9516FCD60: changes role from  FOLLOWER to CANDIDATE at term 0 for changeToCandidate
2019-09-25 08:27:05,871 [Thread-213] INFO  impl.RoleInfo (RoleInfo.java:updateAndGet(143)) - 87aead68-aaca-445a-b26b-2e9f12b24b75: start LeaderElection
2019-09-25 08:27:05,893 [87aead68-aaca-445a-b26b-2e9f12b24b75@group-7FE9516FCD60:LeaderElection2] INFO  impl.LeaderElection (LeaderElection.java:askForVotes(182)) - 87aead68-aaca-445a-b26b-2e9f12b24b75@group-7FE9516FCD60:LeaderElection2: begin an election at term 1 for -1: [87aead68-aaca-445a-b26b-2e9f12b24b75:192.168.36.126:36757], old=null
2019-09-25 08:27:05,894 [87aead68-aaca-445a-b26b-2e9f12b24b75@group-7FE9516FCD60:LeaderElection2] INFO  impl.RoleInfo (RoleInfo.java:shutdownLeaderElection(134)) - 87aead68-aaca-445a-b26b-2e9f12b24b75: shutdown LeaderElection
2019-09-25 08:27:05,894 [87aead68-aaca-445a-b26b-2e9f12b24b75@group-7FE9516FCD60:LeaderElection2] INFO  impl.RaftServerImpl (RaftServerImpl.java:setRole(174)) - 87aead68-aaca-445a-b26b-2e9f12b24b75@group-7FE9516FCD60: changes role from CANDIDATE to LEADER at term 1 for changeToLeader
2019-09-25 08:27:05,894 [87aead68-aaca-445a-b26b-2e9f12b24b75@group-7FE9516FCD60:LeaderElection2] INFO  impl.RaftServerImpl (ServerState.java:setLeader(253)) - 87aead68-aaca-445a-b26b-2e9f12b24b75@group-7FE9516FCD60: change Leader from null to 87aead68-aaca-445a-b26b-2e9f12b24b75 at term 1 for becomeLeader, leader elected after 5192ms
2019-09-25 08:27:05,896 [87aead68-aaca-445a-b26b-2e9f12b24b75@group-7FE9516FCD60:LeaderElection2] INFO  server.RaftServerConfigKeys (ConfUtils.java:logGet(43)) - raft.server.staging.catchup.gap = 1000 (default)
2019-09-25 08:27:05,896 [87aead68-aaca-445a-b26b-2e9f12b24b75@group-7FE9516FCD60:LeaderElection2] INFO  server.RaftServerConfigKeys (ConfUtils.java:logGet(43)) - raft.server.rpc.sleep.time = 25ms (default)
2019-09-25 08:27:05,896 [87aead68-aaca-445a-b26b-2e9f12b24b75@group-7FE9516FCD60:LeaderElection2] INFO  server.RaftServerConfigKeys (ConfUtils.java:logGet(43)) - raft.server.write.element-limit = 4096 (default)
2019-09-25 08:27:05,896 [87aead68-aaca-445a-b26b-2e9f12b24b75@group-7FE9516FCD60:LeaderElection2] INFO  server.RaftServerConfigKeys (ConfUtils.java:logGet(43)) - raft.server.watch.timeout = 10s (default)
2019-09-25 08:27:05,897 [87aead68-aaca-445a-b26b-2e9f12b24b75@group-7FE9516FCD60:LeaderElection2] INFO  server.RaftServerConfigKeys (ConfUtils.java:logGet(43)) - raft.server.watch.timeout.denomination = 1s (default)
2019-09-25 08:27:05,897 [87aead68-aaca-445a-b26b-2e9f12b24b75@group-7FE9516FCD60:LeaderElection2] INFO  server.RaftServerConfigKeys (ConfUtils.java:logGet(43)) - raft.server.watch.element-limit = 65536 (default)
2019-09-25 08:27:05,900 [87aead68-aaca-445a-b26b-2e9f12b24b75@group-7FE9516FCD60:LeaderElection2] INFO  impl.RoleInfo (RoleInfo.java:updateAndGet(143)) - 87aead68-aaca-445a-b26b-2e9f12b24b75: start LeaderState
2019-09-25 08:27:05,900 [87aead68-aaca-445a-b26b-2e9f12b24b75@group-7FE9516FCD60:LeaderElection2] INFO  segmented.SegmentedRaftLogWorker (SegmentedRaftLogWorker.java:startLogSegment(380)) - 87aead68-aaca-445a-b26b-2e9f12b24b75@group-7FE9516FCD60-SegmentedRaftLogWorker: Starting segment from index:0
2019-09-25 08:27:05,901 [87aead68-aaca-445a-b26b-2e9f12b24b75@group-7FE9516FCD60:LeaderElection2] INFO  impl.RaftServerImpl (ServerState.java:setRaftConf(354)) - 87aead68-aaca-445a-b26b-2e9f12b24b75@group-7FE9516FCD60: set configuration 0: [87aead68-aaca-445a-b26b-2e9f12b24b75:192.168.36.126:36757], old=null at 0
2019-09-25 08:27:05,956 [87aead68-aaca-445a-b26b-2e9f12b24b75@group-7FE9516FCD60-SegmentedRaftLogWorker] INFO  segmented.SegmentedRaftLogWorker (SegmentedRaftLogWorker.java:execute(569)) - 87aead68-aaca-445a-b26b-2e9f12b24b75@group-7FE9516FCD60-SegmentedRaftLogWorker: created new log segment /workdir/hadoop-ozone/ozonefs/target/test-dir/MiniOzoneClusterImpl-89fc8c47-b2b3-4bdf-bb73-d071f814af55/datanode-2/data/ratis/b9a45a70-9faa-4d79-bf32-7fe9516fcd60/current/log_inprogress_0
2019-09-25 08:27:06,091 [Thread-217] INFO  impl.FollowerState (FollowerState.java:run(106)) - f230bc7e-d80c-430f-a4ff-61e0293dd1c7:group-081146B970C4 changes to CANDIDATE, lastRpcTime:5194, electionTimeout:5192ms
2019-09-25 08:27:06,092 [Thread-217] INFO  impl.RoleInfo (RoleInfo.java:shutdownFollowerState(121)) - f230bc7e-d80c-430f-a4ff-61e0293dd1c7: shutdown FollowerState
2019-09-25 08:27:06,092 [Thread-217] INFO  impl.RaftServerImpl (RaftServerImpl.java:setRole(174)) - f230bc7e-d80c-430f-a4ff-61e0293dd1c7@group-081146B970C4: changes role from  FOLLOWER to CANDIDATE at term 0 for changeToCandidate
2019-09-25 08:27:06,092 [Thread-217] INFO  impl.RoleInfo (RoleInfo.java:updateAndGet(143)) - f230bc7e-d80c-430f-a4ff-61e0293dd1c7: start LeaderElection
2019-09-25 08:27:06,125 [f230bc7e-d80c-430f-a4ff-61e0293dd1c7@group-081146B970C4:LeaderElection3] INFO  impl.LeaderElection (LeaderElection.java:askForVotes(182)) - f230bc7e-d80c-430f-a4ff-61e0293dd1c7@group-081146B970C4:LeaderElection3: begin an election at term 1 for -1: [f230bc7e-d80c-430f-a4ff-61e0293dd1c7:192.168.36.126:44732], old=null
2019-09-25 08:27:06,125 [f230bc7e-d80c-430f-a4ff-61e0293dd1c7@group-081146B970C4:LeaderElection3] INFO  impl.RoleInfo (RoleInfo.java:shutdownLeaderElection(134)) - f230bc7e-d80c-430f-a4ff-61e0293dd1c7: shutdown LeaderElection
2019-09-25 08:27:06,125 [f230bc7e-d80c-430f-a4ff-61e0293dd1c7@group-081146B970C4:LeaderElection3] INFO  impl.RaftServerImpl (RaftServerImpl.java:setRole(174)) - f230bc7e-d80c-430f-a4ff-61e0293dd1c7@group-081146B970C4: changes role from CANDIDATE to LEADER at term 1 for changeToLeader
2019-09-25 08:27:06,125 [f230bc7e-d80c-430f-a4ff-61e0293dd1c7@group-081146B970C4:LeaderElection3] INFO  impl.RaftServerImpl (ServerState.java:setLeader(253)) - f230bc7e-d80c-430f-a4ff-61e0293dd1c7@group-081146B970C4: change Leader from null to f230bc7e-d80c-430f-a4ff-61e0293dd1c7 at term 1 for becomeLeader, leader elected after 5283ms
2019-09-25 08:27:06,127 [f230bc7e-d80c-430f-a4ff-61e0293dd1c7@group-081146B970C4:LeaderElection3] INFO  server.RaftServerConfigKeys (ConfUtils.java:logGet(43)) - raft.server.staging.catchup.gap = 1000 (default)
2019-09-25 08:27:06,127 [f230bc7e-d80c-430f-a4ff-61e0293dd1c7@group-081146B970C4:LeaderElection3] INFO  server.RaftServerConfigKeys (ConfUtils.java:logGet(43)) - raft.server.rpc.sleep.time = 25ms (default)
2019-09-25 08:27:06,127 [f230bc7e-d80c-430f-a4ff-61e0293dd1c7@group-081146B970C4:LeaderElection3] INFO  server.RaftServerConfigKeys (ConfUtils.java:logGet(43)) - raft.server.write.element-limit = 4096 (default)
2019-09-25 08:27:06,128 [f230bc7e-d80c-430f-a4ff-61e0293dd1c7@group-081146B970C4:LeaderElection3] INFO  server.RaftServerConfigKeys (ConfUtils.java:logGet(43)) - raft.server.watch.timeout = 10s (default)
2019-09-25 08:27:06,128 [f230bc7e-d80c-430f-a4ff-61e0293dd1c7@group-081146B970C4:LeaderElection3] INFO  server.RaftServerConfigKeys (ConfUtils.java:logGet(43)) - raft.server.watch.timeout.denomination = 1s (default)
2019-09-25 08:27:06,128 [f230bc7e-d80c-430f-a4ff-61e0293dd1c7@group-081146B970C4:LeaderElection3] INFO  server.RaftServerConfigKeys (ConfUtils.java:logGet(43)) - raft.server.watch.element-limit = 65536 (default)
2019-09-25 08:27:06,131 [f230bc7e-d80c-430f-a4ff-61e0293dd1c7@group-081146B970C4:LeaderElection3] INFO  impl.RoleInfo (RoleInfo.java:updateAndGet(143)) - f230bc7e-d80c-430f-a4ff-61e0293dd1c7: start LeaderState
2019-09-25 08:27:06,132 [f230bc7e-d80c-430f-a4ff-61e0293dd1c7@group-081146B970C4:LeaderElection3] INFO  segmented.SegmentedRaftLogWorker (SegmentedRaftLogWorker.java:startLogSegment(380)) - f230bc7e-d80c-430f-a4ff-61e0293dd1c7@group-081146B970C4-SegmentedRaftLogWorker: Starting segment from index:0
2019-09-25 08:27:06,132 [f230bc7e-d80c-430f-a4ff-61e0293dd1c7@group-081146B970C4:LeaderElection3] INFO  impl.RaftServerImpl (ServerState.java:setRaftConf(354)) - f230bc7e-d80c-430f-a4ff-61e0293dd1c7@group-081146B970C4: set configuration 0: [f230bc7e-d80c-430f-a4ff-61e0293dd1c7:192.168.36.126:44732], old=null at 0
2019-09-25 08:27:06,172 [Thread-220] INFO  impl.FollowerState (FollowerState.java:run(106)) - 6a5ae9a9-cfb1-4309-902c-23a850733c72:group-644335E0C5C7 changes to CANDIDATE, lastRpcTime:5135, electionTimeout:5101ms
2019-09-25 08:27:06,173 [Thread-220] INFO  impl.RoleInfo (RoleInfo.java:shutdownFollowerState(121)) - 6a5ae9a9-cfb1-4309-902c-23a850733c72: shutdown FollowerState
2019-09-25 08:27:06,173 [Thread-220] INFO  impl.RaftServerImpl (RaftServerImpl.java:setRole(174)) - 6a5ae9a9-cfb1-4309-902c-23a850733c72@group-644335E0C5C7: changes role from  FOLLOWER to CANDIDATE at term 0 for changeToCandidate
2019-09-25 08:27:06,173 [Thread-220] INFO  impl.RoleInfo (RoleInfo.java:updateAndGet(143)) - 6a5ae9a9-cfb1-4309-902c-23a850733c72: start LeaderElection
2019-09-25 08:27:06,197 [f230bc7e-d80c-430f-a4ff-61e0293dd1c7@group-081146B970C4-SegmentedRaftLogWorker] INFO  segmented.SegmentedRaftLogWorker (SegmentedRaftLogWorker.java:execute(569)) - f230bc7e-d80c-430f-a4ff-61e0293dd1c7@group-081146B970C4-SegmentedRaftLogWorker: created new log segment /workdir/hadoop-ozone/ozonefs/target/test-dir/MiniOzoneClusterImpl-89fc8c47-b2b3-4bdf-bb73-d071f814af55/datanode-1/data/ratis/7bb449e6-e2c7-4a75-a0a2-081146b970c4/current/log_inprogress_0
2019-09-25 08:27:06,197 [6a5ae9a9-cfb1-4309-902c-23a850733c72@group-644335E0C5C7:LeaderElection4] INFO  impl.LeaderElection (LeaderElection.java:askForVotes(182)) - 6a5ae9a9-cfb1-4309-902c-23a850733c72@group-644335E0C5C7:LeaderElection4: begin an election at term 1 for -1: [6a5ae9a9-cfb1-4309-902c-23a850733c72:192.168.36.126:33205], old=null
2019-09-25 08:27:06,198 [6a5ae9a9-cfb1-4309-902c-23a850733c72@group-644335E0C5C7:LeaderElection4] INFO  impl.RoleInfo (RoleInfo.java:shutdownLeaderElection(134)) - 6a5ae9a9-cfb1-4309-902c-23a850733c72: shutdown LeaderElection
2019-09-25 08:27:06,198 [6a5ae9a9-cfb1-4309-902c-23a850733c72@group-644335E0C5C7:LeaderElection4] INFO  impl.RaftServerImpl (RaftServerImpl.java:setRole(174)) - 6a5ae9a9-cfb1-4309-902c-23a850733c72@group-644335E0C5C7: changes role from CANDIDATE to LEADER at term 1 for changeToLeader
2019-09-25 08:27:06,198 [6a5ae9a9-cfb1-4309-902c-23a850733c72@group-644335E0C5C7:LeaderElection4] INFO  impl.RaftServerImpl (ServerState.java:setLeader(253)) - 6a5ae9a9-cfb1-4309-902c-23a850733c72@group-644335E0C5C7: change Leader from null to 6a5ae9a9-cfb1-4309-902c-23a850733c72 at term 1 for becomeLeader, leader elected after 5181ms
2019-09-25 08:27:06,200 [6a5ae9a9-cfb1-4309-902c-23a850733c72@group-644335E0C5C7:LeaderElection4] INFO  server.RaftServerConfigKeys (ConfUtils.java:logGet(43)) - raft.server.staging.catchup.gap = 1000 (default)
2019-09-25 08:27:06,200 [6a5ae9a9-cfb1-4309-902c-23a850733c72@group-644335E0C5C7:LeaderElection4] INFO  server.RaftServerConfigKeys (ConfUtils.java:logGet(43)) - raft.server.rpc.sleep.time = 25ms (default)
2019-09-25 08:27:06,200 [6a5ae9a9-cfb1-4309-902c-23a850733c72@group-644335E0C5C7:LeaderElection4] INFO  server.RaftServerConfigKeys (ConfUtils.java:logGet(43)) - raft.server.write.element-limit = 4096 (default)
2019-09-25 08:27:06,200 [6a5ae9a9-cfb1-4309-902c-23a850733c72@group-644335E0C5C7:LeaderElection4] INFO  server.RaftServerConfigKeys (ConfUtils.java:logGet(43)) - raft.server.watch.timeout = 10s (default)
2019-09-25 08:27:06,200 [6a5ae9a9-cfb1-4309-902c-23a850733c72@group-644335E0C5C7:LeaderElection4] INFO  server.RaftServerConfigKeys (ConfUtils.java:logGet(43)) - raft.server.watch.timeout.denomination = 1s (default)
2019-09-25 08:27:06,200 [6a5ae9a9-cfb1-4309-902c-23a850733c72@group-644335E0C5C7:LeaderElection4] INFO  server.RaftServerConfigKeys (ConfUtils.java:logGet(43)) - raft.server.watch.element-limit = 65536 (default)
2019-09-25 08:27:06,203 [6a5ae9a9-cfb1-4309-902c-23a850733c72@group-644335E0C5C7:LeaderElection4] INFO  impl.RoleInfo (RoleInfo.java:updateAndGet(143)) - 6a5ae9a9-cfb1-4309-902c-23a850733c72: start LeaderState
2019-09-25 08:27:06,204 [6a5ae9a9-cfb1-4309-902c-23a850733c72@group-644335E0C5C7:LeaderElection4] INFO  segmented.SegmentedRaftLogWorker (SegmentedRaftLogWorker.java:startLogSegment(380)) - 6a5ae9a9-cfb1-4309-902c-23a850733c72@group-644335E0C5C7-SegmentedRaftLogWorker: Starting segment from index:0
2019-09-25 08:27:06,204 [6a5ae9a9-cfb1-4309-902c-23a850733c72@group-644335E0C5C7:LeaderElection4] INFO  impl.RaftServerImpl (ServerState.java:setRaftConf(354)) - 6a5ae9a9-cfb1-4309-902c-23a850733c72@group-644335E0C5C7: set configuration 0: [6a5ae9a9-cfb1-4309-902c-23a850733c72:192.168.36.126:33205], old=null at 0
2019-09-25 08:27:06,259 [6a5ae9a9-cfb1-4309-902c-23a850733c72@group-644335E0C5C7-SegmentedRaftLogWorker] INFO  segmented.SegmentedRaftLogWorker (SegmentedRaftLogWorker.java:execute(569)) - 6a5ae9a9-cfb1-4309-902c-23a850733c72@group-644335E0C5C7-SegmentedRaftLogWorker: created new log segment /workdir/hadoop-ozone/ozonefs/target/test-dir/MiniOzoneClusterImpl-89fc8c47-b2b3-4bdf-bb73-d071f814af55/datanode-3/data/ratis/7ec3107f-f3c7-468f-ad58-644335e0c5c7/current/log_inprogress_0
2019-09-25 08:27:06,353 [Thread-223] INFO  impl.FollowerState (FollowerState.java:run(106)) - c3cb6f05-b6f3-412a-9992-86b6d1cba2e6:group-44B441EF69C0 changes to CANDIDATE, lastRpcTime:5183, electionTimeout:5183ms
2019-09-25 08:27:06,353 [Thread-223] INFO  impl.RoleInfo (RoleInfo.java:shutdownFollowerState(121)) - c3cb6f05-b6f3-412a-9992-86b6d1cba2e6: shutdown FollowerState
2019-09-25 08:27:06,353 [Thread-223] INFO  impl.RaftServerImpl (RaftServerImpl.java:setRole(174)) - c3cb6f05-b6f3-412a-9992-86b6d1cba2e6@group-44B441EF69C0: changes role from  FOLLOWER to CANDIDATE at term 0 for changeToCandidate
2019-09-25 08:27:06,353 [Thread-223] INFO  impl.RoleInfo (RoleInfo.java:updateAndGet(143)) - c3cb6f05-b6f3-412a-9992-86b6d1cba2e6: start LeaderElection
2019-09-25 08:27:06,401 [c3cb6f05-b6f3-412a-9992-86b6d1cba2e6@group-44B441EF69C0:LeaderElection5] INFO  impl.LeaderElection (LeaderElection.java:askForVotes(182)) - c3cb6f05-b6f3-412a-9992-86b6d1cba2e6@group-44B441EF69C0:LeaderElection5: begin an election at term 1 for -1: [c3cb6f05-b6f3-412a-9992-86b6d1cba2e6:192.168.36.126:40238], old=null
2019-09-25 08:27:06,401 [c3cb6f05-b6f3-412a-9992-86b6d1cba2e6@group-44B441EF69C0:LeaderElection5] INFO  impl.RoleInfo (RoleInfo.java:shutdownLeaderElection(134)) - c3cb6f05-b6f3-412a-9992-86b6d1cba2e6: shutdown LeaderElection
2019-09-25 08:27:06,401 [c3cb6f05-b6f3-412a-9992-86b6d1cba2e6@group-44B441EF69C0:LeaderElection5] INFO  impl.RaftServerImpl (RaftServerImpl.java:setRole(174)) - c3cb6f05-b6f3-412a-9992-86b6d1cba2e6@group-44B441EF69C0: changes role from CANDIDATE to LEADER at term 1 for changeToLeader
2019-09-25 08:27:06,401 [c3cb6f05-b6f3-412a-9992-86b6d1cba2e6@group-44B441EF69C0:LeaderElection5] INFO  impl.RaftServerImpl (ServerState.java:setLeader(253)) - c3cb6f05-b6f3-412a-9992-86b6d1cba2e6@group-44B441EF69C0: change Leader from null to c3cb6f05-b6f3-412a-9992-86b6d1cba2e6 at term 1 for becomeLeader, leader elected after 5246ms
2019-09-25 08:27:06,403 [c3cb6f05-b6f3-412a-9992-86b6d1cba2e6@group-44B441EF69C0:LeaderElection5] INFO  server.RaftServerConfigKeys (ConfUtils.java:logGet(43)) - raft.server.staging.catchup.gap = 1000 (default)
2019-09-25 08:27:06,403 [c3cb6f05-b6f3-412a-9992-86b6d1cba2e6@group-44B441EF69C0:LeaderElection5] INFO  server.RaftServerConfigKeys (ConfUtils.java:logGet(43)) - raft.server.rpc.sleep.time = 25ms (default)
2019-09-25 08:27:06,403 [c3cb6f05-b6f3-412a-9992-86b6d1cba2e6@group-44B441EF69C0:LeaderElection5] INFO  server.RaftServerConfigKeys (ConfUtils.java:logGet(43)) - raft.server.write.element-limit = 4096 (default)
2019-09-25 08:27:06,403 [c3cb6f05-b6f3-412a-9992-86b6d1cba2e6@group-44B441EF69C0:LeaderElection5] INFO  server.RaftServerConfigKeys (ConfUtils.java:logGet(43)) - raft.server.watch.timeout = 10s (default)
2019-09-25 08:27:06,404 [c3cb6f05-b6f3-412a-9992-86b6d1cba2e6@group-44B441EF69C0:LeaderElection5] INFO  server.RaftServerConfigKeys (ConfUtils.java:logGet(43)) - raft.server.watch.timeout.denomination = 1s (default)
2019-09-25 08:27:06,404 [c3cb6f05-b6f3-412a-9992-86b6d1cba2e6@group-44B441EF69C0:LeaderElection5] INFO  server.RaftServerConfigKeys (ConfUtils.java:logGet(43)) - raft.server.watch.element-limit = 65536 (default)
2019-09-25 08:27:06,407 [c3cb6f05-b6f3-412a-9992-86b6d1cba2e6@group-44B441EF69C0:LeaderElection5] INFO  impl.RoleInfo (RoleInfo.java:updateAndGet(143)) - c3cb6f05-b6f3-412a-9992-86b6d1cba2e6: start LeaderState
2019-09-25 08:27:06,408 [c3cb6f05-b6f3-412a-9992-86b6d1cba2e6@group-44B441EF69C0:LeaderElection5] INFO  segmented.SegmentedRaftLogWorker (SegmentedRaftLogWorker.java:startLogSegment(380)) - c3cb6f05-b6f3-412a-9992-86b6d1cba2e6@group-44B441EF69C0-SegmentedRaftLogWorker: Starting segment from index:0
2019-09-25 08:27:06,408 [c3cb6f05-b6f3-412a-9992-86b6d1cba2e6@group-44B441EF69C0:LeaderElection5] INFO  impl.RaftServerImpl (ServerState.java:setRaftConf(354)) - c3cb6f05-b6f3-412a-9992-86b6d1cba2e6@group-44B441EF69C0: set configuration 0: [c3cb6f05-b6f3-412a-9992-86b6d1cba2e6:192.168.36.126:40238], old=null at 0
2019-09-25 08:27:06,446 [Thread-232] INFO  impl.FollowerState (FollowerState.java:run(106)) - f230bc7e-d80c-430f-a4ff-61e0293dd1c7:group-5051D78F8EF1 changes to CANDIDATE, lastRpcTime:5015, electionTimeout:5007ms
2019-09-25 08:27:06,446 [Thread-232] INFO  impl.RoleInfo (RoleInfo.java:shutdownFollowerState(121)) - f230bc7e-d80c-430f-a4ff-61e0293dd1c7: shutdown FollowerState
2019-09-25 08:27:06,446 [Thread-232] INFO  impl.RaftServerImpl (RaftServerImpl.java:setRole(174)) - f230bc7e-d80c-430f-a4ff-61e0293dd1c7@group-5051D78F8EF1: changes role from  FOLLOWER to CANDIDATE at term 0 for changeToCandidate
2019-09-25 08:27:06,447 [Thread-232] INFO  impl.RoleInfo (RoleInfo.java:updateAndGet(143)) - f230bc7e-d80c-430f-a4ff-61e0293dd1c7: start LeaderElection
2019-09-25 08:27:06,470 [Thread-231] INFO  impl.FollowerState (FollowerState.java:run(106)) - 99a70305-7b37-4d81-b817-04520db44446:group-5051D78F8EF1 changes to CANDIDATE, lastRpcTime:5039, electionTimeout:5037ms
2019-09-25 08:27:06,470 [Thread-231] INFO  impl.RoleInfo (RoleInfo.java:shutdownFollowerState(121)) - 99a70305-7b37-4d81-b817-04520db44446: shutdown FollowerState
2019-09-25 08:27:06,470 [Thread-231] INFO  impl.RaftServerImpl (RaftServerImpl.java:setRole(174)) - 99a70305-7b37-4d81-b817-04520db44446@group-5051D78F8EF1: changes role from  FOLLOWER to CANDIDATE at term 0 for changeToCandidate
2019-09-25 08:27:06,470 [Thread-231] INFO  impl.RoleInfo (RoleInfo.java:updateAndGet(143)) - 99a70305-7b37-4d81-b817-04520db44446: start LeaderElection
2019-09-25 08:27:06,476 [c3cb6f05-b6f3-412a-9992-86b6d1cba2e6@group-44B441EF69C0-SegmentedRaftLogWorker] INFO  segmented.SegmentedRaftLogWorker (SegmentedRaftLogWorker.java:execute(569)) - c3cb6f05-b6f3-412a-9992-86b6d1cba2e6@group-44B441EF69C0-SegmentedRaftLogWorker: created new log segment /workdir/hadoop-ozone/ozonefs/target/test-dir/MiniOzoneClusterImpl-89fc8c47-b2b3-4bdf-bb73-d071f814af55/datanode-4/data/ratis/6b681519-284b-47cf-b5cc-44b441ef69c0/current/log_inprogress_0
2019-09-25 08:27:06,476 [f230bc7e-d80c-430f-a4ff-61e0293dd1c7@group-5051D78F8EF1:LeaderElection6] INFO  impl.LeaderElection (LeaderElection.java:askForVotes(182)) - f230bc7e-d80c-430f-a4ff-61e0293dd1c7@group-5051D78F8EF1:LeaderElection6: begin an election at term 1 for -1: [f230bc7e-d80c-430f-a4ff-61e0293dd1c7:192.168.36.126:44732, 99a70305-7b37-4d81-b817-04520db44446:192.168.36.126:41949, 87aead68-aaca-445a-b26b-2e9f12b24b75:192.168.36.126:36757], old=null
2019-09-25 08:27:06,503 [99a70305-7b37-4d81-b817-04520db44446@group-5051D78F8EF1:LeaderElection7] INFO  impl.LeaderElection (LeaderElection.java:askForVotes(182)) - 99a70305-7b37-4d81-b817-04520db44446@group-5051D78F8EF1:LeaderElection7: begin an election at term 1 for -1: [f230bc7e-d80c-430f-a4ff-61e0293dd1c7:192.168.36.126:44732, 99a70305-7b37-4d81-b817-04520db44446:192.168.36.126:41949, 87aead68-aaca-445a-b26b-2e9f12b24b75:192.168.36.126:36757], old=null
2019-09-25 08:27:06,556 [Thread-229] INFO  impl.FollowerState (FollowerState.java:run(106)) - 87aead68-aaca-445a-b26b-2e9f12b24b75:group-5051D78F8EF1 changes to CANDIDATE, lastRpcTime:5133, electionTimeout:5132ms
2019-09-25 08:27:06,556 [Thread-229] INFO  impl.RoleInfo (RoleInfo.java:shutdownFollowerState(121)) - 87aead68-aaca-445a-b26b-2e9f12b24b75: shutdown FollowerState
2019-09-25 08:27:06,556 [Thread-229] INFO  impl.RaftServerImpl (RaftServerImpl.java:setRole(174)) - 87aead68-aaca-445a-b26b-2e9f12b24b75@group-5051D78F8EF1: changes role from  FOLLOWER to CANDIDATE at term 0 for changeToCandidate
2019-09-25 08:27:06,557 [Thread-229] INFO  impl.RoleInfo (RoleInfo.java:updateAndGet(143)) - 87aead68-aaca-445a-b26b-2e9f12b24b75: start LeaderElection
2019-09-25 08:27:06,593 [87aead68-aaca-445a-b26b-2e9f12b24b75@group-5051D78F8EF1:LeaderElection8] INFO  impl.LeaderElection (LeaderElection.java:askForVotes(182)) - 87aead68-aaca-445a-b26b-2e9f12b24b75@group-5051D78F8EF1:LeaderElection8: begin an election at term 1 for -1: [f230bc7e-d80c-430f-a4ff-61e0293dd1c7:192.168.36.126:44732, 99a70305-7b37-4d81-b817-04520db44446:192.168.36.126:41949, 87aead68-aaca-445a-b26b-2e9f12b24b75:192.168.36.126:36757], old=null
2019-09-25 08:27:06,610 [f230bc7e-d80c-430f-a4ff-61e0293dd1c7@group-5051D78F8EF1:LeaderElection6] INFO  impl.LeaderElection (LeaderElection.java:logAndReturn(56)) - f230bc7e-d80c-430f-a4ff-61e0293dd1c7@group-5051D78F8EF1:LeaderElection6: Election REJECTED; received 2 response(s) [f230bc7e-d80c-430f-a4ff-61e0293dd1c7<-99a70305-7b37-4d81-b817-04520db44446#0:FAIL-t1, f230bc7e-d80c-430f-a4ff-61e0293dd1c7<-87aead68-aaca-445a-b26b-2e9f12b24b75#0:FAIL-t1] and 0 exception(s); f230bc7e-d80c-430f-a4ff-61e0293dd1c7@group-5051D78F8EF1:t1, leader=null, voted=f230bc7e-d80c-430f-a4ff-61e0293dd1c7, raftlog=f230bc7e-d80c-430f-a4ff-61e0293dd1c7@group-5051D78F8EF1-SegmentedRaftLog:OPENED:c-1,f-1,i0, conf=-1: [f230bc7e-d80c-430f-a4ff-61e0293dd1c7:192.168.36.126:44732, 99a70305-7b37-4d81-b817-04520db44446:192.168.36.126:41949, 87aead68-aaca-445a-b26b-2e9f12b24b75:192.168.36.126:36757], old=null
2019-09-25 08:27:06,622 [99a70305-7b37-4d81-b817-04520db44446@group-5051D78F8EF1:LeaderElection7] INFO  impl.LeaderElection (LeaderElection.java:logAndReturn(56)) - 99a70305-7b37-4d81-b817-04520db44446@group-5051D78F8EF1:LeaderElection7: Election REJECTED; received 2 response(s) [99a70305-7b37-4d81-b817-04520db44446<-f230bc7e-d80c-430f-a4ff-61e0293dd1c7#0:FAIL-t1, 99a70305-7b37-4d81-b817-04520db44446<-87aead68-aaca-445a-b26b-2e9f12b24b75#0:FAIL-t1] and 0 exception(s); 99a70305-7b37-4d81-b817-04520db44446@group-5051D78F8EF1:t1, leader=null, voted=99a70305-7b37-4d81-b817-04520db44446, raftlog=99a70305-7b37-4d81-b817-04520db44446@group-5051D78F8EF1-SegmentedRaftLog:OPENED:c-1,f-1,i0, conf=-1: [f230bc7e-d80c-430f-a4ff-61e0293dd1c7:192.168.36.126:44732, 99a70305-7b37-4d81-b817-04520db44446:192.168.36.126:41949, 87aead68-aaca-445a-b26b-2e9f12b24b75:192.168.36.126:36757], old=null
2019-09-25 08:27:06,622 [f230bc7e-d80c-430f-a4ff-61e0293dd1c7@group-5051D78F8EF1:LeaderElection6] INFO  impl.RaftServerImpl (RaftServerImpl.java:setRole(174)) - f230bc7e-d80c-430f-a4ff-61e0293dd1c7@group-5051D78F8EF1: changes role from CANDIDATE to FOLLOWER at term 1 for DISCOVERED_A_NEW_TERM
2019-09-25 08:27:06,624 [f230bc7e-d80c-430f-a4ff-61e0293dd1c7@group-5051D78F8EF1:LeaderElection6] INFO  impl.RoleInfo (RoleInfo.java:shutdownLeaderElection(134)) - f230bc7e-d80c-430f-a4ff-61e0293dd1c7: shutdown LeaderElection
2019-09-25 08:27:06,624 [99a70305-7b37-4d81-b817-04520db44446@group-5051D78F8EF1:LeaderElection7] INFO  impl.RaftServerImpl (RaftServerImpl.java:setRole(174)) - 99a70305-7b37-4d81-b817-04520db44446@group-5051D78F8EF1: changes role from CANDIDATE to FOLLOWER at term 1 for DISCOVERED_A_NEW_TERM
2019-09-25 08:27:06,625 [f230bc7e-d80c-430f-a4ff-61e0293dd1c7@group-5051D78F8EF1:LeaderElection6] INFO  impl.RoleInfo (RoleInfo.java:updateAndGet(143)) - f230bc7e-d80c-430f-a4ff-61e0293dd1c7: start FollowerState
2019-09-25 08:27:06,625 [99a70305-7b37-4d81-b817-04520db44446@group-5051D78F8EF1:LeaderElection7] INFO  impl.RoleInfo (RoleInfo.java:shutdownLeaderElection(134)) - 99a70305-7b37-4d81-b817-04520db44446: shutdown LeaderElection
2019-09-25 08:27:06,628 [99a70305-7b37-4d81-b817-04520db44446@group-5051D78F8EF1:LeaderElection7] INFO  impl.RoleInfo (RoleInfo.java:updateAndGet(143)) - 99a70305-7b37-4d81-b817-04520db44446: start FollowerState
2019-09-25 08:27:06,651 [87aead68-aaca-445a-b26b-2e9f12b24b75@group-5051D78F8EF1:LeaderElection8] INFO  impl.LeaderElection (LeaderElection.java:logAndReturn(56)) - 87aead68-aaca-445a-b26b-2e9f12b24b75@group-5051D78F8EF1:LeaderElection8: Election REJECTED; received 2 response(s) [87aead68-aaca-445a-b26b-2e9f12b24b75<-f230bc7e-d80c-430f-a4ff-61e0293dd1c7#0:FAIL-t1, 87aead68-aaca-445a-b26b-2e9f12b24b75<-99a70305-7b37-4d81-b817-04520db44446#0:FAIL-t1] and 0 exception(s); 87aead68-aaca-445a-b26b-2e9f12b24b75@group-5051D78F8EF1:t1, leader=null, voted=87aead68-aaca-445a-b26b-2e9f12b24b75, raftlog=87aead68-aaca-445a-b26b-2e9f12b24b75@group-5051D78F8EF1-SegmentedRaftLog:OPENED:c-1,f-1,i0, conf=-1: [f230bc7e-d80c-430f-a4ff-61e0293dd1c7:192.168.36.126:44732, 99a70305-7b37-4d81-b817-04520db44446:192.168.36.126:41949, 87aead68-aaca-445a-b26b-2e9f12b24b75:192.168.36.126:36757], old=null
2019-09-25 08:27:06,652 [87aead68-aaca-445a-b26b-2e9f12b24b75@group-5051D78F8EF1:LeaderElection8] INFO  impl.RaftServerImpl (RaftServerImpl.java:setRole(174)) - 87aead68-aaca-445a-b26b-2e9f12b24b75@group-5051D78F8EF1: changes role from CANDIDATE to FOLLOWER at term 1 for DISCOVERED_A_NEW_TERM
2019-09-25 08:27:06,654 [87aead68-aaca-445a-b26b-2e9f12b24b75@group-5051D78F8EF1:LeaderElection8] INFO  impl.RoleInfo (RoleInfo.java:shutdownLeaderElection(134)) - 87aead68-aaca-445a-b26b-2e9f12b24b75: shutdown LeaderElection
2019-09-25 08:27:06,660 [87aead68-aaca-445a-b26b-2e9f12b24b75@group-5051D78F8EF1:LeaderElection8] INFO  impl.RoleInfo (RoleInfo.java:updateAndGet(143)) - 87aead68-aaca-445a-b26b-2e9f12b24b75: start FollowerState
2019-09-25 08:27:11,660 [Thread-269] INFO  impl.FollowerState (FollowerState.java:run(106)) - f230bc7e-d80c-430f-a4ff-61e0293dd1c7:group-5051D78F8EF1 changes to CANDIDATE, lastRpcTime:5034, electionTimeout:5031ms
2019-09-25 08:27:11,662 [Thread-269] INFO  impl.RoleInfo (RoleInfo.java:shutdownFollowerState(121)) - f230bc7e-d80c-430f-a4ff-61e0293dd1c7: shutdown FollowerState
2019-09-25 08:27:11,662 [Thread-269] INFO  impl.RaftServerImpl (RaftServerImpl.java:setRole(174)) - f230bc7e-d80c-430f-a4ff-61e0293dd1c7@group-5051D78F8EF1: changes role from  FOLLOWER to CANDIDATE at term 1 for changeToCandidate
2019-09-25 08:27:11,663 [Thread-269] INFO  impl.RoleInfo (RoleInfo.java:updateAndGet(143)) - f230bc7e-d80c-430f-a4ff-61e0293dd1c7: start LeaderElection
2019-09-25 08:27:11,673 [Thread-270] INFO  impl.FollowerState (FollowerState.java:run(106)) - 99a70305-7b37-4d81-b817-04520db44446:group-5051D78F8EF1 changes to CANDIDATE, lastRpcTime:5044, electionTimeout:5042ms
2019-09-25 08:27:11,673 [Thread-270] INFO  impl.RoleInfo (RoleInfo.java:shutdownFollowerState(121)) - 99a70305-7b37-4d81-b817-04520db44446: shutdown FollowerState
2019-09-25 08:27:11,674 [Thread-270] INFO  impl.RaftServerImpl (RaftServerImpl.java:setRole(174)) - 99a70305-7b37-4d81-b817-04520db44446@group-5051D78F8EF1: changes role from  FOLLOWER to CANDIDATE at term 1 for changeToCandidate
2019-09-25 08:27:11,674 [Thread-270] INFO  impl.RoleInfo (RoleInfo.java:updateAndGet(143)) - 99a70305-7b37-4d81-b817-04520db44446: start LeaderElection
2019-09-25 08:27:11,707 [Thread-271] INFO  impl.FollowerState (FollowerState.java:run(106)) - 87aead68-aaca-445a-b26b-2e9f12b24b75:group-5051D78F8EF1 changes to CANDIDATE, lastRpcTime:5046, electionTimeout:5045ms
2019-09-25 08:27:11,707 [Thread-271] INFO  impl.RoleInfo (RoleInfo.java:shutdownFollowerState(121)) - 87aead68-aaca-445a-b26b-2e9f12b24b75: shutdown FollowerState
2019-09-25 08:27:11,708 [Thread-271] INFO  impl.RaftServerImpl (RaftServerImpl.java:setRole(174)) - 87aead68-aaca-445a-b26b-2e9f12b24b75@group-5051D78F8EF1: changes role from  FOLLOWER to CANDIDATE at term 1 for changeToCandidate
2019-09-25 08:27:11,708 [Thread-271] INFO  impl.RoleInfo (RoleInfo.java:updateAndGet(143)) - 87aead68-aaca-445a-b26b-2e9f12b24b75: start LeaderElection
2019-09-25 08:27:16,848 [87aead68-aaca-445a-b26b-2e9f12b24b75@group-5051D78F8EF1:LeaderElection11] INFO  impl.LeaderElection (LeaderElection.java:askForVotes(182)) - 87aead68-aaca-445a-b26b-2e9f12b24b75@group-5051D78F8EF1:LeaderElection11: begin an election at term 2 for -1: [f230bc7e-d80c-430f-a4ff-61e0293dd1c7:192.168.36.126:44732, 99a70305-7b37-4d81-b817-04520db44446:192.168.36.126:41949, 87aead68-aaca-445a-b26b-2e9f12b24b75:192.168.36.126:36757], old=null
2019-09-25 08:27:16,848 [99a70305-7b37-4d81-b817-04520db44446@group-5051D78F8EF1:LeaderElection10] INFO  impl.LeaderElection (LeaderElection.java:askForVotes(182)) - 99a70305-7b37-4d81-b817-04520db44446@group-5051D78F8EF1:LeaderElection10: begin an election at term 2 for -1: [f230bc7e-d80c-430f-a4ff-61e0293dd1c7:192.168.36.126:44732, 99a70305-7b37-4d81-b817-04520db44446:192.168.36.126:41949, 87aead68-aaca-445a-b26b-2e9f12b24b75:192.168.36.126:36757], old=null
2019-09-25 08:27:16,848 [f230bc7e-d80c-430f-a4ff-61e0293dd1c7@group-5051D78F8EF1:LeaderElection9] INFO  impl.LeaderElection (LeaderElection.java:askForVotes(182)) - f230bc7e-d80c-430f-a4ff-61e0293dd1c7@group-5051D78F8EF1:LeaderElection9: begin an election at term 2 for -1: [f230bc7e-d80c-430f-a4ff-61e0293dd1c7:192.168.36.126:44732, 99a70305-7b37-4d81-b817-04520db44446:192.168.36.126:41949, 87aead68-aaca-445a-b26b-2e9f12b24b75:192.168.36.126:36757], old=null
2019-09-25 08:27:16,871 [99a70305-7b37-4d81-b817-04520db44446@group-5051D78F8EF1:LeaderElection10] INFO  impl.LeaderElection (LeaderElection.java:logAndReturn(56)) - 99a70305-7b37-4d81-b817-04520db44446@group-5051D78F8EF1:LeaderElection10: Election REJECTED; received 2 response(s) [99a70305-7b37-4d81-b817-04520db44446<-f230bc7e-d80c-430f-a4ff-61e0293dd1c7#0:FAIL-t2, 99a70305-7b37-4d81-b817-04520db44446<-87aead68-aaca-445a-b26b-2e9f12b24b75#0:FAIL-t2] and 0 exception(s); 99a70305-7b37-4d81-b817-04520db44446@group-5051D78F8EF1:t2, leader=null, voted=99a70305-7b37-4d81-b817-04520db44446, raftlog=99a70305-7b37-4d81-b817-04520db44446@group-5051D78F8EF1-SegmentedRaftLog:OPENED:c-1,f-1,i0, conf=-1: [f230bc7e-d80c-430f-a4ff-61e0293dd1c7:192.168.36.126:44732, 99a70305-7b37-4d81-b817-04520db44446:192.168.36.126:41949, 87aead68-aaca-445a-b26b-2e9f12b24b75:192.168.36.126:36757], old=null
2019-09-25 08:27:16,871 [99a70305-7b37-4d81-b817-04520db44446@group-5051D78F8EF1:LeaderElection10] INFO  impl.RaftServerImpl (RaftServerImpl.java:setRole(174)) - 99a70305-7b37-4d81-b817-04520db44446@group-5051D78F8EF1: changes role from CANDIDATE to FOLLOWER at term 2 for DISCOVERED_A_NEW_TERM
2019-09-25 08:27:16,873 [99a70305-7b37-4d81-b817-04520db44446@group-5051D78F8EF1:LeaderElection10] INFO  impl.RoleInfo (RoleInfo.java:shutdownLeaderElection(134)) - 99a70305-7b37-4d81-b817-04520db44446: shutdown LeaderElection
2019-09-25 08:27:16,873 [87aead68-aaca-445a-b26b-2e9f12b24b75@group-5051D78F8EF1:LeaderElection11] INFO  impl.LeaderElection (LeaderElection.java:logAndReturn(56)) - 87aead68-aaca-445a-b26b-2e9f12b24b75@group-5051D78F8EF1:LeaderElection11: Election REJECTED; received 2 response(s) [87aead68-aaca-445a-b26b-2e9f12b24b75<-f230bc7e-d80c-430f-a4ff-61e0293dd1c7#0:FAIL-t2, 87aead68-aaca-445a-b26b-2e9f12b24b75<-99a70305-7b37-4d81-b817-04520db44446#0:FAIL-t2] and 0 exception(s); 87aead68-aaca-445a-b26b-2e9f12b24b75@group-5051D78F8EF1:t2, leader=null, voted=87aead68-aaca-445a-b26b-2e9f12b24b75, raftlog=87aead68-aaca-445a-b26b-2e9f12b24b75@group-5051D78F8EF1-SegmentedRaftLog:OPENED:c-1,f-1,i0, conf=-1: [f230bc7e-d80c-430f-a4ff-61e0293dd1c7:192.168.36.126:44732, 99a70305-7b37-4d81-b817-04520db44446:192.168.36.126:41949, 87aead68-aaca-445a-b26b-2e9f12b24b75:192.168.36.126:36757], old=null
2019-09-25 08:27:16,875 [99a70305-7b37-4d81-b817-04520db44446@group-5051D78F8EF1:LeaderElection10] INFO  impl.RoleInfo (RoleInfo.java:updateAndGet(143)) - 99a70305-7b37-4d81-b817-04520db44446: start FollowerState
2019-09-25 08:27:16,877 [f230bc7e-d80c-430f-a4ff-61e0293dd1c7@group-5051D78F8EF1:LeaderElection9] INFO  impl.LeaderElection (LeaderElection.java:logAndReturn(56)) - f230bc7e-d80c-430f-a4ff-61e0293dd1c7@group-5051D78F8EF1:LeaderElection9: Election REJECTED; received 2 response(s) [f230bc7e-d80c-430f-a4ff-61e0293dd1c7<-99a70305-7b37-4d81-b817-04520db44446#0:FAIL-t2, f230bc7e-d80c-430f-a4ff-61e0293dd1c7<-87aead68-aaca-445a-b26b-2e9f12b24b75#0:FAIL-t2] and 0 exception(s); f230bc7e-d80c-430f-a4ff-61e0293dd1c7@group-5051D78F8EF1:t2, leader=null, voted=f230bc7e-d80c-430f-a4ff-61e0293dd1c7, raftlog=f230bc7e-d80c-430f-a4ff-61e0293dd1c7@group-5051D78F8EF1-SegmentedRaftLog:OPENED:c-1,f-1,i0, conf=-1: [f230bc7e-d80c-430f-a4ff-61e0293dd1c7:192.168.36.126:44732, 99a70305-7b37-4d81-b817-04520db44446:192.168.36.126:41949, 87aead68-aaca-445a-b26b-2e9f12b24b75:192.168.36.126:36757], old=null
2019-09-25 08:27:16,875 [87aead68-aaca-445a-b26b-2e9f12b24b75@group-5051D78F8EF1:LeaderElection11] INFO  impl.RaftServerImpl (RaftServerImpl.java:setRole(174)) - 87aead68-aaca-445a-b26b-2e9f12b24b75@group-5051D78F8EF1: changes role from CANDIDATE to FOLLOWER at term 2 for DISCOVERED_A_NEW_TERM
2019-09-25 08:27:16,880 [f230bc7e-d80c-430f-a4ff-61e0293dd1c7@group-5051D78F8EF1:LeaderElection9] INFO  impl.RaftServerImpl (RaftServerImpl.java:setRole(174)) - f230bc7e-d80c-430f-a4ff-61e0293dd1c7@group-5051D78F8EF1: changes role from CANDIDATE to FOLLOWER at term 2 for DISCOVERED_A_NEW_TERM
2019-09-25 08:27:16,881 [87aead68-aaca-445a-b26b-2e9f12b24b75@group-5051D78F8EF1:LeaderElection11] INFO  impl.RoleInfo (RoleInfo.java:shutdownLeaderElection(134)) - 87aead68-aaca-445a-b26b-2e9f12b24b75: shutdown LeaderElection
2019-09-25 08:27:16,883 [f230bc7e-d80c-430f-a4ff-61e0293dd1c7@group-5051D78F8EF1:LeaderElection9] INFO  impl.RoleInfo (RoleInfo.java:shutdownLeaderElection(134)) - f230bc7e-d80c-430f-a4ff-61e0293dd1c7: shutdown LeaderElection
2019-09-25 08:27:16,883 [87aead68-aaca-445a-b26b-2e9f12b24b75@group-5051D78F8EF1:LeaderElection11] INFO  impl.RoleInfo (RoleInfo.java:updateAndGet(143)) - 87aead68-aaca-445a-b26b-2e9f12b24b75: start FollowerState
2019-09-25 08:27:16,883 [f230bc7e-d80c-430f-a4ff-61e0293dd1c7@group-5051D78F8EF1:LeaderElection9] INFO  impl.RoleInfo (RoleInfo.java:updateAndGet(143)) - f230bc7e-d80c-430f-a4ff-61e0293dd1c7: start FollowerState
2019-09-25 08:27:21,963 [Thread-303] INFO  impl.FollowerState (FollowerState.java:run(106)) - f230bc7e-d80c-430f-a4ff-61e0293dd1c7:group-5051D78F8EF1 changes to CANDIDATE, lastRpcTime:5079, electionTimeout:5076ms
2019-09-25 08:27:21,964 [Thread-303] INFO  impl.RoleInfo (RoleInfo.java:shutdownFollowerState(121)) - f230bc7e-d80c-430f-a4ff-61e0293dd1c7: shutdown FollowerState
2019-09-25 08:27:21,964 [Thread-303] INFO  impl.RaftServerImpl (RaftServerImpl.java:setRole(174)) - f230bc7e-d80c-430f-a4ff-61e0293dd1c7@group-5051D78F8EF1: changes role from  FOLLOWER to CANDIDATE at term 2 for changeToCandidate
2019-09-25 08:27:21,965 [Thread-303] INFO  impl.RoleInfo (RoleInfo.java:updateAndGet(143)) - f230bc7e-d80c-430f-a4ff-61e0293dd1c7: start LeaderElection
2019-09-25 08:27:22,026 [Thread-302] INFO  impl.FollowerState (FollowerState.java:run(106)) - 87aead68-aaca-445a-b26b-2e9f12b24b75:group-5051D78F8EF1 changes to CANDIDATE, lastRpcTime:5143, electionTimeout:5140ms
2019-09-25 08:27:22,027 [Thread-302] INFO  impl.RoleInfo (RoleInfo.java:shutdownFollowerState(121)) - 87aead68-aaca-445a-b26b-2e9f12b24b75: shutdown FollowerState
2019-09-25 08:27:22,027 [Thread-302] INFO  impl.RaftServerImpl (RaftServerImpl.java:setRole(174)) - 87aead68-aaca-445a-b26b-2e9f12b24b75@group-5051D78F8EF1: changes role from  FOLLOWER to CANDIDATE at term 2 for changeToCandidate
2019-09-25 08:27:22,027 [Thread-302] INFO  impl.RoleInfo (RoleInfo.java:updateAndGet(143)) - 87aead68-aaca-445a-b26b-2e9f12b24b75: start LeaderElection
2019-09-25 08:27:22,060 [Thread-301] INFO  impl.FollowerState (FollowerState.java:run(106)) - 99a70305-7b37-4d81-b817-04520db44446:group-5051D78F8EF1 changes to CANDIDATE, lastRpcTime:5184, electionTimeout:5180ms
2019-09-25 08:27:22,060 [Thread-301] INFO  impl.RoleInfo (RoleInfo.java:shutdownFollowerState(121)) - 99a70305-7b37-4d81-b817-04520db44446: shutdown FollowerState
2019-09-25 08:27:22,060 [Thread-301] INFO  impl.RaftServerImpl (RaftServerImpl.java:setRole(174)) - 99a70305-7b37-4d81-b817-04520db44446@group-5051D78F8EF1: changes role from  FOLLOWER to CANDIDATE at term 2 for changeToCandidate
2019-09-25 08:27:22,060 [Thread-301] INFO  impl.RoleInfo (RoleInfo.java:updateAndGet(143)) - 99a70305-7b37-4d81-b817-04520db44446: start LeaderElection
2019-09-25 08:27:22,312 [87aead68-aaca-445a-b26b-2e9f12b24b75@group-5051D78F8EF1:LeaderElection13] INFO  impl.LeaderElection (LeaderElection.java:askForVotes(182)) - 87aead68-aaca-445a-b26b-2e9f12b24b75@group-5051D78F8EF1:LeaderElection13: begin an election at term 3 for -1: [f230bc7e-d80c-430f-a4ff-61e0293dd1c7:192.168.36.126:44732, 99a70305-7b37-4d81-b817-04520db44446:192.168.36.126:41949, 87aead68-aaca-445a-b26b-2e9f12b24b75:192.168.36.126:36757], old=null
2019-09-25 08:27:22,312 [f230bc7e-d80c-430f-a4ff-61e0293dd1c7@group-5051D78F8EF1:LeaderElection12] INFO  impl.LeaderElection (LeaderElection.java:askForVotes(182)) - f230bc7e-d80c-430f-a4ff-61e0293dd1c7@group-5051D78F8EF1:LeaderElection12: begin an election at term 3 for -1: [f230bc7e-d80c-430f-a4ff-61e0293dd1c7:192.168.36.126:44732, 99a70305-7b37-4d81-b817-04520db44446:192.168.36.126:41949, 87aead68-aaca-445a-b26b-2e9f12b24b75:192.168.36.126:36757], old=null
2019-09-25 08:27:22,312 [99a70305-7b37-4d81-b817-04520db44446@group-5051D78F8EF1:LeaderElection14] INFO  impl.LeaderElection (LeaderElection.java:askForVotes(182)) - 99a70305-7b37-4d81-b817-04520db44446@group-5051D78F8EF1:LeaderElection14: begin an election at term 3 for -1: [f230bc7e-d80c-430f-a4ff-61e0293dd1c7:192.168.36.126:44732, 99a70305-7b37-4d81-b817-04520db44446:192.168.36.126:41949, 87aead68-aaca-445a-b26b-2e9f12b24b75:192.168.36.126:36757], old=null
2019-09-25 08:27:22,338 [f230bc7e-d80c-430f-a4ff-61e0293dd1c7@group-5051D78F8EF1:LeaderElection12] INFO  impl.LeaderElection (LeaderElection.java:logAndReturn(56)) - f230bc7e-d80c-430f-a4ff-61e0293dd1c7@group-5051D78F8EF1:LeaderElection12: Election REJECTED; received 2 response(s) [f230bc7e-d80c-430f-a4ff-61e0293dd1c7<-87aead68-aaca-445a-b26b-2e9f12b24b75#0:FAIL-t3, f230bc7e-d80c-430f-a4ff-61e0293dd1c7<-99a70305-7b37-4d81-b817-04520db44446#0:FAIL-t3] and 0 exception(s); f230bc7e-d80c-430f-a4ff-61e0293dd1c7@group-5051D78F8EF1:t3, leader=null, voted=f230bc7e-d80c-430f-a4ff-61e0293dd1c7, raftlog=f230bc7e-d80c-430f-a4ff-61e0293dd1c7@group-5051D78F8EF1-SegmentedRaftLog:OPENED:c-1,f-1,i0, conf=-1: [f230bc7e-d80c-430f-a4ff-61e0293dd1c7:192.168.36.126:44732, 99a70305-7b37-4d81-b817-04520db44446:192.168.36.126:41949, 87aead68-aaca-445a-b26b-2e9f12b24b75:192.168.36.126:36757], old=null
2019-09-25 08:27:22,339 [f230bc7e-d80c-430f-a4ff-61e0293dd1c7@group-5051D78F8EF1:LeaderElection12] INFO  impl.RaftServerImpl (RaftServerImpl.java:setRole(174)) - f230bc7e-d80c-430f-a4ff-61e0293dd1c7@group-5051D78F8EF1: changes role from CANDIDATE to FOLLOWER at term 3 for DISCOVERED_A_NEW_TERM
2019-09-25 08:27:22,339 [87aead68-aaca-445a-b26b-2e9f12b24b75@group-5051D78F8EF1:LeaderElection13] INFO  impl.LeaderElection (LeaderElection.java:logAndReturn(56)) - 87aead68-aaca-445a-b26b-2e9f12b24b75@group-5051D78F8EF1:LeaderElection13: Election REJECTED; received 2 response(s) [87aead68-aaca-445a-b26b-2e9f12b24b75<-f230bc7e-d80c-430f-a4ff-61e0293dd1c7#0:FAIL-t3, 87aead68-aaca-445a-b26b-2e9f12b24b75<-99a70305-7b37-4d81-b817-04520db44446#0:FAIL-t3] and 0 exception(s); 87aead68-aaca-445a-b26b-2e9f12b24b75@group-5051D78F8EF1:t3, leader=null, voted=87aead68-aaca-445a-b26b-2e9f12b24b75, raftlog=87aead68-aaca-445a-b26b-2e9f12b24b75@group-5051D78F8EF1-SegmentedRaftLog:OPENED:c-1,f-1,i0, conf=-1: [f230bc7e-d80c-430f-a4ff-61e0293dd1c7:192.168.36.126:44732, 99a70305-7b37-4d81-b817-04520db44446:192.168.36.126:41949, 87aead68-aaca-445a-b26b-2e9f12b24b75:192.168.36.126:36757], old=null
2019-09-25 08:27:22,339 [f230bc7e-d80c-430f-a4ff-61e0293dd1c7@group-5051D78F8EF1:LeaderElection12] INFO  impl.RoleInfo (RoleInfo.java:shutdownLeaderElection(134)) - f230bc7e-d80c-430f-a4ff-61e0293dd1c7: shutdown LeaderElection
2019-09-25 08:27:22,341 [87aead68-aaca-445a-b26b-2e9f12b24b75@group-5051D78F8EF1:LeaderElection13] INFO  impl.RaftServerImpl (RaftServerImpl.java:setRole(174)) - 87aead68-aaca-445a-b26b-2e9f12b24b75@group-5051D78F8EF1: changes role from CANDIDATE to FOLLOWER at term 3 for DISCOVERED_A_NEW_TERM
2019-09-25 08:27:22,342 [87aead68-aaca-445a-b26b-2e9f12b24b75@group-5051D78F8EF1:LeaderElection13] INFO  impl.RoleInfo (RoleInfo.java:shutdownLeaderElection(134)) - 87aead68-aaca-445a-b26b-2e9f12b24b75: shutdown LeaderElection
2019-09-25 08:27:22,342 [f230bc7e-d80c-430f-a4ff-61e0293dd1c7@group-5051D78F8EF1:LeaderElection12] INFO  impl.RoleInfo (RoleInfo.java:updateAndGet(143)) - f230bc7e-d80c-430f-a4ff-61e0293dd1c7: start FollowerState
2019-09-25 08:27:22,343 [87aead68-aaca-445a-b26b-2e9f12b24b75@group-5051D78F8EF1:LeaderElection13] INFO  impl.RoleInfo (RoleInfo.java:updateAndGet(143)) - 87aead68-aaca-445a-b26b-2e9f12b24b75: start FollowerState
2019-09-25 08:27:22,343 [99a70305-7b37-4d81-b817-04520db44446@group-5051D78F8EF1:LeaderElection14] INFO  impl.LeaderElection (LeaderElection.java:logAndReturn(56)) - 99a70305-7b37-4d81-b817-04520db44446@group-5051D78F8EF1:LeaderElection14: Election REJECTED; received 2 response(s) [99a70305-7b37-4d81-b817-04520db44446<-f230bc7e-d80c-430f-a4ff-61e0293dd1c7#0:FAIL-t3, 99a70305-7b37-4d81-b817-04520db44446<-87aead68-aaca-445a-b26b-2e9f12b24b75#0:FAIL-t3] and 0 exception(s); 99a70305-7b37-4d81-b817-04520db44446@group-5051D78F8EF1:t3, leader=null, voted=99a70305-7b37-4d81-b817-04520db44446, raftlog=99a70305-7b37-4d81-b817-04520db44446@group-5051D78F8EF1-SegmentedRaftLog:OPENED:c-1,f-1,i0, conf=-1: [f230bc7e-d80c-430f-a4ff-61e0293dd1c7:192.168.36.126:44732, 99a70305-7b37-4d81-b817-04520db44446:192.168.36.126:41949, 87aead68-aaca-445a-b26b-2e9f12b24b75:192.168.36.126:36757], old=null
2019-09-25 08:27:22,343 [99a70305-7b37-4d81-b817-04520db44446@group-5051D78F8EF1:LeaderElection14] INFO  impl.RaftServerImpl (RaftServerImpl.java:setRole(174)) - 99a70305-7b37-4d81-b817-04520db44446@group-5051D78F8EF1: changes role from CANDIDATE to FOLLOWER at term 3 for DISCOVERED_A_NEW_TERM
2019-09-25 08:27:22,344 [99a70305-7b37-4d81-b817-04520db44446@group-5051D78F8EF1:LeaderElection14] INFO  impl.RoleInfo (RoleInfo.java:shutdownLeaderElection(134)) - 99a70305-7b37-4d81-b817-04520db44446: shutdown LeaderElection
2019-09-25 08:27:22,344 [99a70305-7b37-4d81-b817-04520db44446@group-5051D78F8EF1:LeaderElection14] INFO  impl.RoleInfo (RoleInfo.java:updateAndGet(143)) - 99a70305-7b37-4d81-b817-04520db44446: start FollowerState
2019-09-25 08:27:27,345 [Thread-326] INFO  impl.FollowerState (FollowerState.java:run(106)) - 87aead68-aaca-445a-b26b-2e9f12b24b75:group-5051D78F8EF1 changes to CANDIDATE, lastRpcTime:5001, electionTimeout:5001ms
2019-09-25 08:27:27,347 [Thread-326] INFO  impl.RoleInfo (RoleInfo.java:shutdownFollowerState(121)) - 87aead68-aaca-445a-b26b-2e9f12b24b75: shutdown FollowerState
2019-09-25 08:27:27,347 [Thread-326] INFO  impl.RaftServerImpl (RaftServerImpl.java:setRole(174)) - 87aead68-aaca-445a-b26b-2e9f12b24b75@group-5051D78F8EF1: changes role from  FOLLOWER to CANDIDATE at term 3 for changeToCandidate
2019-09-25 08:27:27,347 [Thread-326] INFO  impl.RoleInfo (RoleInfo.java:updateAndGet(143)) - 87aead68-aaca-445a-b26b-2e9f12b24b75: start LeaderElection
2019-09-25 08:27:27,414 [Thread-325] INFO  impl.FollowerState (FollowerState.java:run(106)) - f230bc7e-d80c-430f-a4ff-61e0293dd1c7:group-5051D78F8EF1 changes to CANDIDATE, lastRpcTime:5070, electionTimeout:5068ms
2019-09-25 08:27:27,415 [Thread-325] INFO  impl.RoleInfo (RoleInfo.java:shutdownFollowerState(121)) - f230bc7e-d80c-430f-a4ff-61e0293dd1c7: shutdown FollowerState
2019-09-25 08:27:27,415 [Thread-325] INFO  impl.RaftServerImpl (RaftServerImpl.java:setRole(174)) - f230bc7e-d80c-430f-a4ff-61e0293dd1c7@group-5051D78F8EF1: changes role from  FOLLOWER to CANDIDATE at term 3 for changeToCandidate
2019-09-25 08:27:27,417 [Thread-325] INFO  impl.RoleInfo (RoleInfo.java:updateAndGet(143)) - f230bc7e-d80c-430f-a4ff-61e0293dd1c7: start LeaderElection
2019-09-25 08:27:27,491 [Thread-327] INFO  impl.FollowerState (FollowerState.java:run(106)) - 99a70305-7b37-4d81-b817-04520db44446:group-5051D78F8EF1 changes to CANDIDATE, lastRpcTime:5146, electionTimeout:5146ms
2019-09-25 08:27:27,491 [Thread-327] INFO  impl.RoleInfo (RoleInfo.java:shutdownFollowerState(121)) - 99a70305-7b37-4d81-b817-04520db44446: shutdown FollowerState
2019-09-25 08:27:27,491 [Thread-327] INFO  impl.RaftServerImpl (RaftServerImpl.java:setRole(174)) - 99a70305-7b37-4d81-b817-04520db44446@group-5051D78F8EF1: changes role from  FOLLOWER to CANDIDATE at term 3 for changeToCandidate
2019-09-25 08:27:27,491 [Thread-327] INFO  impl.RoleInfo (RoleInfo.java:updateAndGet(143)) - 99a70305-7b37-4d81-b817-04520db44446: start LeaderElection
2019-09-25 08:27:32,178 [87aead68-aaca-445a-b26b-2e9f12b24b75@group-5051D78F8EF1:LeaderElection15] INFO  impl.LeaderElection (LeaderElection.java:askForVotes(182)) - 87aead68-aaca-445a-b26b-2e9f12b24b75@group-5051D78F8EF1:LeaderElection15: begin an election at term 4 for -1: [f230bc7e-d80c-430f-a4ff-61e0293dd1c7:192.168.36.126:44732, 99a70305-7b37-4d81-b817-04520db44446:192.168.36.126:41949, 87aead68-aaca-445a-b26b-2e9f12b24b75:192.168.36.126:36757], old=null
2019-09-25 08:27:32,178 [f230bc7e-d80c-430f-a4ff-61e0293dd1c7@group-5051D78F8EF1:LeaderElection16] INFO  impl.LeaderElection (LeaderElection.java:askForVotes(182)) - f230bc7e-d80c-430f-a4ff-61e0293dd1c7@group-5051D78F8EF1:LeaderElection16: begin an election at term 4 for -1: [f230bc7e-d80c-430f-a4ff-61e0293dd1c7:192.168.36.126:44732, 99a70305-7b37-4d81-b817-04520db44446:192.168.36.126:41949, 87aead68-aaca-445a-b26b-2e9f12b24b75:192.168.36.126:36757], old=null
2019-09-25 08:27:32,178 [99a70305-7b37-4d81-b817-04520db44446@group-5051D78F8EF1:LeaderElection17] INFO  impl.LeaderElection (LeaderElection.java:askForVotes(182)) - 99a70305-7b37-4d81-b817-04520db44446@group-5051D78F8EF1:LeaderElection17: begin an election at term 4 for -1: [f230bc7e-d80c-430f-a4ff-61e0293dd1c7:192.168.36.126:44732, 99a70305-7b37-4d81-b817-04520db44446:192.168.36.126:41949, 87aead68-aaca-445a-b26b-2e9f12b24b75:192.168.36.126:36757], old=null
2019-09-25 08:27:32,187 [99a70305-7b37-4d81-b817-04520db44446@group-5051D78F8EF1:LeaderElection17] INFO  impl.LeaderElection (LeaderElection.java:logAndReturn(56)) - 99a70305-7b37-4d81-b817-04520db44446@group-5051D78F8EF1:LeaderElection17: Election REJECTED; received 2 response(s) [99a70305-7b37-4d81-b817-04520db44446<-f230bc7e-d80c-430f-a4ff-61e0293dd1c7#0:FAIL-t4, 99a70305-7b37-4d81-b817-04520db44446<-87aead68-aaca-445a-b26b-2e9f12b24b75#0:FAIL-t4] and 0 exception(s); 99a70305-7b37-4d81-b817-04520db44446@group-5051D78F8EF1:t4, leader=null, voted=99a70305-7b37-4d81-b817-04520db44446, raftlog=99a70305-7b37-4d81-b817-04520db44446@group-5051D78F8EF1-SegmentedRaftLog:OPENED:c-1,f-1,i0, conf=-1: [f230bc7e-d80c-430f-a4ff-61e0293dd1c7:192.168.36.126:44732, 99a70305-7b37-4d81-b817-04520db44446:192.168.36.126:41949, 87aead68-aaca-445a-b26b-2e9f12b24b75:192.168.36.126:36757], old=null
2019-09-25 08:27:32,187 [99a70305-7b37-4d81-b817-04520db44446@group-5051D78F8EF1:LeaderElection17] INFO  impl.RaftServerImpl (RaftServerImpl.java:setRole(174)) - 99a70305-7b37-4d81-b817-04520db44446@group-5051D78F8EF1: changes role from CANDIDATE to FOLLOWER at term 4 for DISCOVERED_A_NEW_TERM
2019-09-25 08:27:32,187 [99a70305-7b37-4d81-b817-04520db44446@group-5051D78F8EF1:LeaderElection17] INFO  impl.RoleInfo (RoleInfo.java:shutdownLeaderElection(134)) - 99a70305-7b37-4d81-b817-04520db44446: shutdown LeaderElection
2019-09-25 08:27:32,188 [99a70305-7b37-4d81-b817-04520db44446@group-5051D78F8EF1:LeaderElection17] INFO  impl.RoleInfo (RoleInfo.java:updateAndGet(143)) - 99a70305-7b37-4d81-b817-04520db44446: start FollowerState
2019-09-25 08:27:32,188 [f230bc7e-d80c-430f-a4ff-61e0293dd1c7@group-5051D78F8EF1:LeaderElection16] INFO  impl.LeaderElection (LeaderElection.java:logAndReturn(56)) - f230bc7e-d80c-430f-a4ff-61e0293dd1c7@group-5051D78F8EF1:LeaderElection16: Election REJECTED; received 2 response(s) [f230bc7e-d80c-430f-a4ff-61e0293dd1c7<-99a70305-7b37-4d81-b817-04520db44446#0:FAIL-t4, f230bc7e-d80c-430f-a4ff-61e0293dd1c7<-87aead68-aaca-445a-b26b-2e9f12b24b75#0:FAIL-t4] and 0 exception(s); f230bc7e-d80c-430f-a4ff-61e0293dd1c7@group-5051D78F8EF1:t4, leader=null, voted=f230bc7e-d80c-430f-a4ff-61e0293dd1c7, raftlog=f230bc7e-d80c-430f-a4ff-61e0293dd1c7@group-5051D78F8EF1-SegmentedRaftLog:OPENED:c-1,f-1,i0, conf=-1: [f230bc7e-d80c-430f-a4ff-61e0293dd1c7:192.168.36.126:44732, 99a70305-7b37-4d81-b817-04520db44446:192.168.36.126:41949, 87aead68-aaca-445a-b26b-2e9f12b24b75:192.168.36.126:36757], old=null
2019-09-25 08:27:32,190 [f230bc7e-d80c-430f-a4ff-61e0293dd1c7@group-5051D78F8EF1:LeaderElection16] INFO  impl.RaftServerImpl (RaftServerImpl.java:setRole(174)) - f230bc7e-d80c-430f-a4ff-61e0293dd1c7@group-5051D78F8EF1: changes role from CANDIDATE to FOLLOWER at term 4 for DISCOVERED_A_NEW_TERM
2019-09-25 08:27:32,190 [f230bc7e-d80c-430f-a4ff-61e0293dd1c7@group-5051D78F8EF1:LeaderElection16] INFO  impl.RoleInfo (RoleInfo.java:shutdownLeaderElection(134)) - f230bc7e-d80c-430f-a4ff-61e0293dd1c7: shutdown LeaderElection
2019-09-25 08:27:32,191 [f230bc7e-d80c-430f-a4ff-61e0293dd1c7@group-5051D78F8EF1:LeaderElection16] INFO  impl.RoleInfo (RoleInfo.java:updateAndGet(143)) - f230bc7e-d80c-430f-a4ff-61e0293dd1c7: start FollowerState
2019-09-25 08:27:32,191 [87aead68-aaca-445a-b26b-2e9f12b24b75@group-5051D78F8EF1:LeaderElection15] INFO  impl.LeaderElection (LeaderElection.java:logAndReturn(56)) - 87aead68-aaca-445a-b26b-2e9f12b24b75@group-5051D78F8EF1:LeaderElection15: Election REJECTED; received 2 response(s) [87aead68-aaca-445a-b26b-2e9f12b24b75<-f230bc7e-d80c-430f-a4ff-61e0293dd1c7#0:FAIL-t4, 87aead68-aaca-445a-b26b-2e9f12b24b75<-99a70305-7b37-4d81-b817-04520db44446#0:FAIL-t4] and 0 exception(s); 87aead68-aaca-445a-b26b-2e9f12b24b75@group-5051D78F8EF1:t4, leader=null, voted=87aead68-aaca-445a-b26b-2e9f12b24b75, raftlog=87aead68-aaca-445a-b26b-2e9f12b24b75@group-5051D78F8EF1-SegmentedRaftLog:OPENED:c-1,f-1,i0, conf=-1: [f230bc7e-d80c-430f-a4ff-61e0293dd1c7:192.168.36.126:44732, 99a70305-7b37-4d81-b817-04520db44446:192.168.36.126:41949, 87aead68-aaca-445a-b26b-2e9f12b24b75:192.168.36.126:36757], old=null
2019-09-25 08:27:32,193 [87aead68-aaca-445a-b26b-2e9f12b24b75@group-5051D78F8EF1:LeaderElection15] INFO  impl.RaftServerImpl (RaftServerImpl.java:setRole(174)) - 87aead68-aaca-445a-b26b-2e9f12b24b75@group-5051D78F8EF1: changes role from CANDIDATE to FOLLOWER at term 4 for DISCOVERED_A_NEW_TERM
2019-09-25 08:27:32,193 [87aead68-aaca-445a-b26b-2e9f12b24b75@group-5051D78F8EF1:LeaderElection15] INFO  impl.RoleInfo (RoleInfo.java:shutdownLeaderElection(134)) - 87aead68-aaca-445a-b26b-2e9f12b24b75: shutdown LeaderElection
2019-09-25 08:27:32,193 [87aead68-aaca-445a-b26b-2e9f12b24b75@group-5051D78F8EF1:LeaderElection15] INFO  impl.RoleInfo (RoleInfo.java:updateAndGet(143)) - 87aead68-aaca-445a-b26b-2e9f12b24b75: start FollowerState
2019-09-25 08:27:37,222 [Thread-356] INFO  impl.FollowerState (FollowerState.java:run(106)) - f230bc7e-d80c-430f-a4ff-61e0293dd1c7:group-5051D78F8EF1 changes to CANDIDATE, lastRpcTime:5031, electionTimeout:5031ms
2019-09-25 08:27:37,228 [Thread-356] INFO  impl.RoleInfo (RoleInfo.java:shutdownFollowerState(121)) - f230bc7e-d80c-430f-a4ff-61e0293dd1c7: shutdown FollowerState
2019-09-25 08:27:37,228 [Thread-356] INFO  impl.RaftServerImpl (RaftServerImpl.java:setRole(174)) - f230bc7e-d80c-430f-a4ff-61e0293dd1c7@group-5051D78F8EF1: changes role from  FOLLOWER to CANDIDATE at term 4 for changeToCandidate
2019-09-25 08:27:37,228 [Thread-356] INFO  impl.RoleInfo (RoleInfo.java:updateAndGet(143)) - f230bc7e-d80c-430f-a4ff-61e0293dd1c7: start LeaderElection
2019-09-25 08:27:37,259 [Thread-355] INFO  impl.FollowerState (FollowerState.java:run(106)) - 99a70305-7b37-4d81-b817-04520db44446:group-5051D78F8EF1 changes to CANDIDATE, lastRpcTime:5071, electionTimeout:5069ms
2019-09-25 08:27:37,260 [Thread-355] INFO  impl.RoleInfo (RoleInfo.java:shutdownFollowerState(121)) - 99a70305-7b37-4d81-b817-04520db44446: shutdown FollowerState
2019-09-25 08:27:37,260 [Thread-355] INFO  impl.RaftServerImpl (RaftServerImpl.java:setRole(174)) - 99a70305-7b37-4d81-b817-04520db44446@group-5051D78F8EF1: changes role from  FOLLOWER to CANDIDATE at term 4 for changeToCandidate
2019-09-25 08:27:37,260 [Thread-355] INFO  impl.RoleInfo (RoleInfo.java:updateAndGet(143)) - 99a70305-7b37-4d81-b817-04520db44446: start LeaderElection
2019-09-25 08:27:37,374 [Thread-357] INFO  impl.FollowerState (FollowerState.java:run(106)) - 87aead68-aaca-445a-b26b-2e9f12b24b75:group-5051D78F8EF1 changes to CANDIDATE, lastRpcTime:5181, electionTimeout:5181ms
2019-09-25 08:27:37,375 [Thread-357] INFO  impl.RoleInfo (RoleInfo.java:shutdownFollowerState(121)) - 87aead68-aaca-445a-b26b-2e9f12b24b75: shutdown FollowerState
2019-09-25 08:27:37,375 [Thread-357] INFO  impl.RaftServerImpl (RaftServerImpl.java:setRole(174)) - 87aead68-aaca-445a-b26b-2e9f12b24b75@group-5051D78F8EF1: changes role from  FOLLOWER to CANDIDATE at term 4 for changeToCandidate
2019-09-25 08:27:37,375 [Thread-357] INFO  impl.RoleInfo (RoleInfo.java:updateAndGet(143)) - 87aead68-aaca-445a-b26b-2e9f12b24b75: start LeaderElection
2019-09-25 08:27:37,572 [99a70305-7b37-4d81-b817-04520db44446@group-5051D78F8EF1:LeaderElection19] INFO  impl.LeaderElection (LeaderElection.java:askForVotes(182)) - 99a70305-7b37-4d81-b817-04520db44446@group-5051D78F8EF1:LeaderElection19: begin an election at term 5 for -1: [f230bc7e-d80c-430f-a4ff-61e0293dd1c7:192.168.36.126:44732, 99a70305-7b37-4d81-b817-04520db44446:192.168.36.126:41949, 87aead68-aaca-445a-b26b-2e9f12b24b75:192.168.36.126:36757], old=null
2019-09-25 08:27:37,572 [87aead68-aaca-445a-b26b-2e9f12b24b75@group-5051D78F8EF1:LeaderElection20] INFO  impl.LeaderElection (LeaderElection.java:askForVotes(182)) - 87aead68-aaca-445a-b26b-2e9f12b24b75@group-5051D78F8EF1:LeaderElection20: begin an election at term 5 for -1: [f230bc7e-d80c-430f-a4ff-61e0293dd1c7:192.168.36.126:44732, 99a70305-7b37-4d81-b817-04520db44446:192.168.36.126:41949, 87aead68-aaca-445a-b26b-2e9f12b24b75:192.168.36.126:36757], old=null
2019-09-25 08:27:37,572 [f230bc7e-d80c-430f-a4ff-61e0293dd1c7@group-5051D78F8EF1:LeaderElection18] INFO  impl.LeaderElection (LeaderElection.java:askForVotes(182)) - f230bc7e-d80c-430f-a4ff-61e0293dd1c7@group-5051D78F8EF1:LeaderElection18: begin an election at term 5 for -1: [f230bc7e-d80c-430f-a4ff-61e0293dd1c7:192.168.36.126:44732, 99a70305-7b37-4d81-b817-04520db44446:192.168.36.126:41949, 87aead68-aaca-445a-b26b-2e9f12b24b75:192.168.36.126:36757], old=null
2019-09-25 08:27:37,584 [99a70305-7b37-4d81-b817-04520db44446@group-5051D78F8EF1:LeaderElection19] INFO  impl.LeaderElection (LeaderElection.java:logAndReturn(56)) - 99a70305-7b37-4d81-b817-04520db44446@group-5051D78F8EF1:LeaderElection19: Election REJECTED; received 2 response(s) [99a70305-7b37-4d81-b817-04520db44446<-f230bc7e-d80c-430f-a4ff-61e0293dd1c7#0:FAIL-t5, 99a70305-7b37-4d81-b817-04520db44446<-87aead68-aaca-445a-b26b-2e9f12b24b75#0:FAIL-t5] and 0 exception(s); 99a70305-7b37-4d81-b817-04520db44446@group-5051D78F8EF1:t5, leader=null, voted=99a70305-7b37-4d81-b817-04520db44446, raftlog=99a70305-7b37-4d81-b817-04520db44446@group-5051D78F8EF1-SegmentedRaftLog:OPENED:c-1,f-1,i0, conf=-1: [f230bc7e-d80c-430f-a4ff-61e0293dd1c7:192.168.36.126:44732, 99a70305-7b37-4d81-b817-04520db44446:192.168.36.126:41949, 87aead68-aaca-445a-b26b-2e9f12b24b75:192.168.36.126:36757], old=null
2019-09-25 08:27:37,584 [99a70305-7b37-4d81-b817-04520db44446@group-5051D78F8EF1:LeaderElection19] INFO  impl.RaftServerImpl (RaftServerImpl.java:setRole(174)) - 99a70305-7b37-4d81-b817-04520db44446@group-5051D78F8EF1: changes role from CANDIDATE to FOLLOWER at term 5 for DISCOVERED_A_NEW_TERM
2019-09-25 08:27:37,584 [99a70305-7b37-4d81-b817-04520db44446@group-5051D78F8EF1:LeaderElection19] INFO  impl.RoleInfo (RoleInfo.java:shutdownLeaderElection(134)) - 99a70305-7b37-4d81-b817-04520db44446: shutdown LeaderElection
2019-09-25 08:27:37,584 [87aead68-aaca-445a-b26b-2e9f12b24b75@group-5051D78F8EF1:LeaderElection20] INFO  impl.LeaderElection (LeaderElection.java:logAndReturn(56)) - 87aead68-aaca-445a-b26b-2e9f12b24b75@group-5051D78F8EF1:LeaderElection20: Election REJECTED; received 2 response(s) [87aead68-aaca-445a-b26b-2e9f12b24b75<-f230bc7e-d80c-430f-a4ff-61e0293dd1c7#0:FAIL-t5, 87aead68-aaca-445a-b26b-2e9f12b24b75<-99a70305-7b37-4d81-b817-04520db44446#0:FAIL-t5] and 0 exception(s); 87aead68-aaca-445a-b26b-2e9f12b24b75@group-5051D78F8EF1:t5, leader=null, voted=87aead68-aaca-445a-b26b-2e9f12b24b75, raftlog=87aead68-aaca-445a-b26b-2e9f12b24b75@group-5051D78F8EF1-SegmentedRaftLog:OPENED:c-1,f-1,i0, conf=-1: [f230bc7e-d80c-430f-a4ff-61e0293dd1c7:192.168.36.126:44732, 99a70305-7b37-4d81-b817-04520db44446:192.168.36.126:41949, 87aead68-aaca-445a-b26b-2e9f12b24b75:192.168.36.126:36757], old=null
2019-09-25 08:27:37,586 [99a70305-7b37-4d81-b817-04520db44446@group-5051D78F8EF1:LeaderElection19] INFO  impl.RoleInfo (RoleInfo.java:updateAndGet(143)) - 99a70305-7b37-4d81-b817-04520db44446: start FollowerState
2019-09-25 08:27:37,586 [87aead68-aaca-445a-b26b-2e9f12b24b75@group-5051D78F8EF1:LeaderElection20] INFO  impl.RaftServerImpl (RaftServerImpl.java:setRole(174)) - 87aead68-aaca-445a-b26b-2e9f12b24b75@group-5051D78F8EF1: changes role from CANDIDATE to FOLLOWER at term 5 for DISCOVERED_A_NEW_TERM
2019-09-25 08:27:37,588 [87aead68-aaca-445a-b26b-2e9f12b24b75@group-5051D78F8EF1:LeaderElection20] INFO  impl.RoleInfo (RoleInfo.java:shutdownLeaderElection(134)) - 87aead68-aaca-445a-b26b-2e9f12b24b75: shutdown LeaderElection
2019-09-25 08:27:37,588 [87aead68-aaca-445a-b26b-2e9f12b24b75@group-5051D78F8EF1:LeaderElection20] INFO  impl.RoleInfo (RoleInfo.java:updateAndGet(143)) - 87aead68-aaca-445a-b26b-2e9f12b24b75: start FollowerState
2019-09-25 08:27:37,588 [f230bc7e-d80c-430f-a4ff-61e0293dd1c7@group-5051D78F8EF1:LeaderElection18] INFO  impl.LeaderElection (LeaderElection.java:logAndReturn(56)) - f230bc7e-d80c-430f-a4ff-61e0293dd1c7@group-5051D78F8EF1:LeaderElection18: Election REJECTED; received 2 response(s) [f230bc7e-d80c-430f-a4ff-61e0293dd1c7<-87aead68-aaca-445a-b26b-2e9f12b24b75#0:FAIL-t5, f230bc7e-d80c-430f-a4ff-61e0293dd1c7<-99a70305-7b37-4d81-b817-04520db44446#0:FAIL-t5] and 0 exception(s); f230bc7e-d80c-430f-a4ff-61e0293dd1c7@group-5051D78F8EF1:t5, leader=null, voted=f230bc7e-d80c-430f-a4ff-61e0293dd1c7, raftlog=f230bc7e-d80c-430f-a4ff-61e0293dd1c7@group-5051D78F8EF1-SegmentedRaftLog:OPENED:c-1,f-1,i0, conf=-1: [f230bc7e-d80c-430f-a4ff-61e0293dd1c7:192.168.36.126:44732, 99a70305-7b37-4d81-b817-04520db44446:192.168.36.126:41949, 87aead68-aaca-445a-b26b-2e9f12b24b75:192.168.36.126:36757], old=null
2019-09-25 08:27:37,588 [f230bc7e-d80c-430f-a4ff-61e0293dd1c7@group-5051D78F8EF1:LeaderElection18] INFO  impl.RaftServerImpl (RaftServerImpl.java:setRole(174)) - f230bc7e-d80c-430f-a4ff-61e0293dd1c7@group-5051D78F8EF1: changes role from CANDIDATE to FOLLOWER at term 5 for DISCOVERED_A_NEW_TERM
2019-09-25 08:27:37,588 [f230bc7e-d80c-430f-a4ff-61e0293dd1c7@group-5051D78F8EF1:LeaderElection18] INFO  impl.RoleInfo (RoleInfo.java:shutdownLeaderElection(134)) - f230bc7e-d80c-430f-a4ff-61e0293dd1c7: shutdown LeaderElection
2019-09-25 08:27:37,588 [f230bc7e-d80c-430f-a4ff-61e0293dd1c7@group-5051D78F8EF1:LeaderElection18] INFO  impl.RoleInfo (RoleInfo.java:updateAndGet(143)) - f230bc7e-d80c-430f-a4ff-61e0293dd1c7: start FollowerState
2019-09-25 08:27:42,685 [Thread-380] INFO  impl.FollowerState (FollowerState.java:run(106)) - f230bc7e-d80c-430f-a4ff-61e0293dd1c7:group-5051D78F8EF1 changes to CANDIDATE, lastRpcTime:5096, electionTimeout:5096ms
2019-09-25 08:27:42,688 [Thread-380] INFO  impl.RoleInfo (RoleInfo.java:shutdownFollowerState(121)) - f230bc7e-d80c-430f-a4ff-61e0293dd1c7: shutdown FollowerState
2019-09-25 08:27:42,688 [Thread-380] INFO  impl.RaftServerImpl (RaftServerImpl.java:setRole(174)) - f230bc7e-d80c-430f-a4ff-61e0293dd1c7@group-5051D78F8EF1: changes role from  FOLLOWER to CANDIDATE at term 5 for changeToCandidate
2019-09-25 08:27:42,688 [Thread-380] INFO  impl.RoleInfo (RoleInfo.java:updateAndGet(143)) - f230bc7e-d80c-430f-a4ff-61e0293dd1c7: start LeaderElection
2019-09-25 08:27:42,743 [Thread-379] INFO  impl.FollowerState (FollowerState.java:run(106)) - 87aead68-aaca-445a-b26b-2e9f12b24b75:group-5051D78F8EF1 changes to CANDIDATE, lastRpcTime:5155, electionTimeout:5155ms
2019-09-25 08:27:42,743 [Thread-379] INFO  impl.RoleInfo (RoleInfo.java:shutdownFollowerState(121)) - 87aead68-aaca-445a-b26b-2e9f12b24b75: shutdown FollowerState
2019-09-25 08:27:42,744 [Thread-379] INFO  impl.RaftServerImpl (RaftServerImpl.java:setRole(174)) - 87aead68-aaca-445a-b26b-2e9f12b24b75@group-5051D78F8EF1: changes role from  FOLLOWER to CANDIDATE at term 5 for changeToCandidate
2019-09-25 08:27:42,744 [Thread-379] INFO  impl.RoleInfo (RoleInfo.java:updateAndGet(143)) - 87aead68-aaca-445a-b26b-2e9f12b24b75: start LeaderElection
2019-09-25 08:27:42,782 [Thread-378] INFO  impl.FollowerState (FollowerState.java:run(106)) - 99a70305-7b37-4d81-b817-04520db44446:group-5051D78F8EF1 changes to CANDIDATE, lastRpcTime:5196, electionTimeout:5194ms
2019-09-25 08:27:42,782 [Thread-378] INFO  impl.RoleInfo (RoleInfo.java:shutdownFollowerState(121)) - 99a70305-7b37-4d81-b817-04520db44446: shutdown FollowerState
2019-09-25 08:27:42,782 [Thread-378] INFO  impl.RaftServerImpl (RaftServerImpl.java:setRole(174)) - 99a70305-7b37-4d81-b817-04520db44446@group-5051D78F8EF1: changes role from  FOLLOWER to CANDIDATE at term 5 for changeToCandidate
2019-09-25 08:27:42,782 [Thread-378] INFO  impl.RoleInfo (RoleInfo.java:updateAndGet(143)) - 99a70305-7b37-4d81-b817-04520db44446: start LeaderElection
2019-09-25 08:27:48,441 [87aead68-aaca-445a-b26b-2e9f12b24b75@group-5051D78F8EF1:LeaderElection22] INFO  impl.LeaderElection (LeaderElection.java:askForVotes(182)) - 87aead68-aaca-445a-b26b-2e9f12b24b75@group-5051D78F8EF1:LeaderElection22: begin an election at term 6 for -1: [f230bc7e-d80c-430f-a4ff-61e0293dd1c7:192.168.36.126:44732, 99a70305-7b37-4d81-b817-04520db44446:192.168.36.126:41949, 87aead68-aaca-445a-b26b-2e9f12b24b75:192.168.36.126:36757], old=null
2019-09-25 08:27:48,441 [f230bc7e-d80c-430f-a4ff-61e0293dd1c7@group-5051D78F8EF1:LeaderElection21] INFO  impl.LeaderElection (LeaderElection.java:askForVotes(182)) - f230bc7e-d80c-430f-a4ff-61e0293dd1c7@group-5051D78F8EF1:LeaderElection21: begin an election at term 6 for -1: [f230bc7e-d80c-430f-a4ff-61e0293dd1c7:192.168.36.126:44732, 99a70305-7b37-4d81-b817-04520db44446:192.168.36.126:41949, 87aead68-aaca-445a-b26b-2e9f12b24b75:192.168.36.126:36757], old=null
2019-09-25 08:27:48,441 [99a70305-7b37-4d81-b817-04520db44446@group-5051D78F8EF1:LeaderElection23] INFO  impl.LeaderElection (LeaderElection.java:askForVotes(182)) - 99a70305-7b37-4d81-b817-04520db44446@group-5051D78F8EF1:LeaderElection23: begin an election at term 6 for -1: [f230bc7e-d80c-430f-a4ff-61e0293dd1c7:192.168.36.126:44732, 99a70305-7b37-4d81-b817-04520db44446:192.168.36.126:41949, 87aead68-aaca-445a-b26b-2e9f12b24b75:192.168.36.126:36757], old=null
2019-09-25 08:27:48,451 [87aead68-aaca-445a-b26b-2e9f12b24b75@group-5051D78F8EF1:LeaderElection22] INFO  impl.LeaderElection (LeaderElection.java:logAndReturn(56)) - 87aead68-aaca-445a-b26b-2e9f12b24b75@group-5051D78F8EF1:LeaderElection22: Election REJECTED; received 2 response(s) [87aead68-aaca-445a-b26b-2e9f12b24b75<-f230bc7e-d80c-430f-a4ff-61e0293dd1c7#0:FAIL-t6, 87aead68-aaca-445a-b26b-2e9f12b24b75<-99a70305-7b37-4d81-b817-04520db44446#0:FAIL-t6] and 0 exception(s); 87aead68-aaca-445a-b26b-2e9f12b24b75@group-5051D78F8EF1:t6, leader=null, voted=87aead68-aaca-445a-b26b-2e9f12b24b75, raftlog=87aead68-aaca-445a-b26b-2e9f12b24b75@group-5051D78F8EF1-SegmentedRaftLog:OPENED:c-1,f-1,i0, conf=-1: [f230bc7e-d80c-430f-a4ff-61e0293dd1c7:192.168.36.126:44732, 99a70305-7b37-4d81-b817-04520db44446:192.168.36.126:41949, 87aead68-aaca-445a-b26b-2e9f12b24b75:192.168.36.126:36757], old=null
2019-09-25 08:27:48,451 [f230bc7e-d80c-430f-a4ff-61e0293dd1c7@group-5051D78F8EF1:LeaderElection21] INFO  impl.LeaderElection (LeaderElection.java:logAndReturn(56)) - f230bc7e-d80c-430f-a4ff-61e0293dd1c7@group-5051D78F8EF1:LeaderElection21: Election REJECTED; received 2 response(s) [f230bc7e-d80c-430f-a4ff-61e0293dd1c7<-87aead68-aaca-445a-b26b-2e9f12b24b75#0:FAIL-t6, f230bc7e-d80c-430f-a4ff-61e0293dd1c7<-99a70305-7b37-4d81-b817-04520db44446#0:FAIL-t6] and 0 exception(s); f230bc7e-d80c-430f-a4ff-61e0293dd1c7@group-5051D78F8EF1:t6, leader=null, voted=f230bc7e-d80c-430f-a4ff-61e0293dd1c7, raftlog=f230bc7e-d80c-430f-a4ff-61e0293dd1c7@group-5051D78F8EF1-SegmentedRaftLog:OPENED:c-1,f-1,i0, conf=-1: [f230bc7e-d80c-430f-a4ff-61e0293dd1c7:192.168.36.126:44732, 99a70305-7b37-4d81-b817-04520db44446:192.168.36.126:41949, 87aead68-aaca-445a-b26b-2e9f12b24b75:192.168.36.126:36757], old=null
2019-09-25 08:27:48,451 [87aead68-aaca-445a-b26b-2e9f12b24b75@group-5051D78F8EF1:LeaderElection22] INFO  impl.RaftServerImpl (RaftServerImpl.java:setRole(174)) - 87aead68-aaca-445a-b26b-2e9f12b24b75@group-5051D78F8EF1: changes role from CANDIDATE to FOLLOWER at term 6 for DISCOVERED_A_NEW_TERM
2019-09-25 08:27:48,453 [87aead68-aaca-445a-b26b-2e9f12b24b75@group-5051D78F8EF1:LeaderElection22] INFO  impl.RoleInfo (RoleInfo.java:shutdownLeaderElection(134)) - 87aead68-aaca-445a-b26b-2e9f12b24b75: shutdown LeaderElection
2019-09-25 08:27:48,451 [99a70305-7b37-4d81-b817-04520db44446@group-5051D78F8EF1:LeaderElection23] INFO  impl.LeaderElection (LeaderElection.java:logAndReturn(56)) - 99a70305-7b37-4d81-b817-04520db44446@group-5051D78F8EF1:LeaderElection23: Election REJECTED; received 2 response(s) [99a70305-7b37-4d81-b817-04520db44446<-f230bc7e-d80c-430f-a4ff-61e0293dd1c7#0:FAIL-t6, 99a70305-7b37-4d81-b817-04520db44446<-87aead68-aaca-445a-b26b-2e9f12b24b75#0:FAIL-t6] and 0 exception(s); 99a70305-7b37-4d81-b817-04520db44446@group-5051D78F8EF1:t6, leader=null, voted=99a70305-7b37-4d81-b817-04520db44446, raftlog=99a70305-7b37-4d81-b817-04520db44446@group-5051D78F8EF1-SegmentedRaftLog:OPENED:c-1,f-1,i0, conf=-1: [f230bc7e-d80c-430f-a4ff-61e0293dd1c7:192.168.36.126:44732, 99a70305-7b37-4d81-b817-04520db44446:192.168.36.126:41949, 87aead68-aaca-445a-b26b-2e9f12b24b75:192.168.36.126:36757], old=null
2019-09-25 08:27:48,453 [f230bc7e-d80c-430f-a4ff-61e0293dd1c7@group-5051D78F8EF1:LeaderElection21] INFO  impl.RaftServerImpl (RaftServerImpl.java:setRole(174)) - f230bc7e-d80c-430f-a4ff-61e0293dd1c7@group-5051D78F8EF1: changes role from CANDIDATE to FOLLOWER at term 6 for DISCOVERED_A_NEW_TERM
2019-09-25 08:27:48,455 [99a70305-7b37-4d81-b817-04520db44446@group-5051D78F8EF1:LeaderElection23] INFO  impl.RaftServerImpl (RaftServerImpl.java:setRole(174)) - 99a70305-7b37-4d81-b817-04520db44446@group-5051D78F8EF1: changes role from CANDIDATE to FOLLOWER at term 6 for DISCOVERED_A_NEW_TERM
2019-09-25 08:27:48,464 [99a70305-7b37-4d81-b817-04520db44446@group-5051D78F8EF1:LeaderElection23] INFO  impl.RoleInfo (RoleInfo.java:shutdownLeaderElection(134)) - 99a70305-7b37-4d81-b817-04520db44446: shutdown LeaderElection
2019-09-25 08:27:48,455 [87aead68-aaca-445a-b26b-2e9f12b24b75@group-5051D78F8EF1:LeaderElection22] INFO  impl.RoleInfo (RoleInfo.java:updateAndGet(143)) - 87aead68-aaca-445a-b26b-2e9f12b24b75: start FollowerState
2019-09-25 08:27:48,465 [99a70305-7b37-4d81-b817-04520db44446@group-5051D78F8EF1:LeaderElection23] INFO  impl.RoleInfo (RoleInfo.java:updateAndGet(143)) - 99a70305-7b37-4d81-b817-04520db44446: start FollowerState
2019-09-25 08:27:48,455 [f230bc7e-d80c-430f-a4ff-61e0293dd1c7@group-5051D78F8EF1:LeaderElection21] INFO  impl.RoleInfo (RoleInfo.java:shutdownLeaderElection(134)) - f230bc7e-d80c-430f-a4ff-61e0293dd1c7: shutdown LeaderElection
2019-09-25 08:27:48,466 [f230bc7e-d80c-430f-a4ff-61e0293dd1c7@group-5051D78F8EF1:LeaderElection21] INFO  impl.RoleInfo (RoleInfo.java:updateAndGet(143)) - f230bc7e-d80c-430f-a4ff-61e0293dd1c7: start FollowerState
2019-09-25 08:27:53,479 [Thread-411] INFO  impl.FollowerState (FollowerState.java:run(106)) - 87aead68-aaca-445a-b26b-2e9f12b24b75:group-5051D78F8EF1 changes to CANDIDATE, lastRpcTime:5024, electionTimeout:5013ms
2019-09-25 08:27:53,480 [Thread-411] INFO  impl.RoleInfo (RoleInfo.java:shutdownFollowerState(121)) - 87aead68-aaca-445a-b26b-2e9f12b24b75: shutdown FollowerState
2019-09-25 08:27:53,480 [Thread-411] INFO  impl.RaftServerImpl (RaftServerImpl.java:setRole(174)) - 87aead68-aaca-445a-b26b-2e9f12b24b75@group-5051D78F8EF1: changes role from  FOLLOWER to CANDIDATE at term 6 for changeToCandidate
2019-09-25 08:27:53,480 [Thread-411] INFO  impl.RoleInfo (RoleInfo.java:updateAndGet(143)) - 87aead68-aaca-445a-b26b-2e9f12b24b75: start LeaderElection
2019-09-25 08:27:53,537 [Thread-413] INFO  impl.FollowerState (FollowerState.java:run(106)) - f230bc7e-d80c-430f-a4ff-61e0293dd1c7:group-5051D78F8EF1 changes to CANDIDATE, lastRpcTime:5071, electionTimeout:5071ms
2019-09-25 08:27:53,538 [Thread-413] INFO  impl.RoleInfo (RoleInfo.java:shutdownFollowerState(121)) - f230bc7e-d80c-430f-a4ff-61e0293dd1c7: shutdown FollowerState
2019-09-25 08:27:53,538 [Thread-413] INFO  impl.RaftServerImpl (RaftServerImpl.java:setRole(174)) - f230bc7e-d80c-430f-a4ff-61e0293dd1c7@group-5051D78F8EF1: changes role from  FOLLOWER to CANDIDATE at term 6 for changeToCandidate
2019-09-25 08:27:53,538 [Thread-413] INFO  impl.RoleInfo (RoleInfo.java:updateAndGet(143)) - f230bc7e-d80c-430f-a4ff-61e0293dd1c7: start LeaderElection
2019-09-25 08:27:53,544 [Thread-412] INFO  impl.FollowerState (FollowerState.java:run(106)) - 99a70305-7b37-4d81-b817-04520db44446:group-5051D78F8EF1 changes to CANDIDATE, lastRpcTime:5078, electionTimeout:5078ms
2019-09-25 08:27:53,544 [Thread-412] INFO  impl.RoleInfo (RoleInfo.java:shutdownFollowerState(121)) - 99a70305-7b37-4d81-b817-04520db44446: shutdown FollowerState
2019-09-25 08:27:53,544 [Thread-412] INFO  impl.RaftServerImpl (RaftServerImpl.java:setRole(174)) - 99a70305-7b37-4d81-b817-04520db44446@group-5051D78F8EF1: changes role from  FOLLOWER to CANDIDATE at term 6 for changeToCandidate
2019-09-25 08:27:53,545 [Thread-412] INFO  impl.RoleInfo (RoleInfo.java:updateAndGet(143)) - 99a70305-7b37-4d81-b817-04520db44446: start LeaderElection
2019-09-25 08:27:58,645 [99a70305-7b37-4d81-b817-04520db44446@group-5051D78F8EF1:LeaderElection26] INFO  impl.LeaderElection (LeaderElection.java:askForVotes(182)) - 99a70305-7b37-4d81-b817-04520db44446@group-5051D78F8EF1:LeaderElection26: begin an election at term 7 for -1: [f230bc7e-d80c-430f-a4ff-61e0293dd1c7:192.168.36.126:44732, 99a70305-7b37-4d81-b817-04520db44446:192.168.36.126:41949, 87aead68-aaca-445a-b26b-2e9f12b24b75:192.168.36.126:36757], old=null
2019-09-25 08:27:58,645 [87aead68-aaca-445a-b26b-2e9f12b24b75@group-5051D78F8EF1:LeaderElection24] INFO  impl.LeaderElection (LeaderElection.java:askForVotes(182)) - 87aead68-aaca-445a-b26b-2e9f12b24b75@group-5051D78F8EF1:LeaderElection24: begin an election at term 7 for -1: [f230bc7e-d80c-430f-a4ff-61e0293dd1c7:192.168.36.126:44732, 99a70305-7b37-4d81-b817-04520db44446:192.168.36.126:41949, 87aead68-aaca-445a-b26b-2e9f12b24b75:192.168.36.126:36757], old=null
2019-09-25 08:27:58,645 [f230bc7e-d80c-430f-a4ff-61e0293dd1c7@group-5051D78F8EF1:LeaderElection25] INFO  impl.LeaderElection (LeaderElection.java:askForVotes(182)) - f230bc7e-d80c-430f-a4ff-61e0293dd1c7@group-5051D78F8EF1:LeaderElection25: begin an election at term 7 for -1: [f230bc7e-d80c-430f-a4ff-61e0293dd1c7:192.168.36.126:44732, 99a70305-7b37-4d81-b817-04520db44446:192.168.36.126:41949, 87aead68-aaca-445a-b26b-2e9f12b24b75:192.168.36.126:36757], old=null
2019-09-25 08:27:58,653 [f230bc7e-d80c-430f-a4ff-61e0293dd1c7@group-5051D78F8EF1:LeaderElection25] INFO  impl.LeaderElection (LeaderElection.java:logAndReturn(56)) - f230bc7e-d80c-430f-a4ff-61e0293dd1c7@group-5051D78F8EF1:LeaderElection25: Election REJECTED; received 2 response(s) [f230bc7e-d80c-430f-a4ff-61e0293dd1c7<-87aead68-aaca-445a-b26b-2e9f12b24b75#0:FAIL-t7, f230bc7e-d80c-430f-a4ff-61e0293dd1c7<-99a70305-7b37-4d81-b817-04520db44446#0:FAIL-t7] and 0 exception(s); f230bc7e-d80c-430f-a4ff-61e0293dd1c7@group-5051D78F8EF1:t7, leader=null, voted=f230bc7e-d80c-430f-a4ff-61e0293dd1c7, raftlog=f230bc7e-d80c-430f-a4ff-61e0293dd1c7@group-5051D78F8EF1-SegmentedRaftLog:OPENED:c-1,f-1,i0, conf=-1: [f230bc7e-d80c-430f-a4ff-61e0293dd1c7:192.168.36.126:44732, 99a70305-7b37-4d81-b817-04520db44446:192.168.36.126:41949, 87aead68-aaca-445a-b26b-2e9f12b24b75:192.168.36.126:36757], old=null
2019-09-25 08:27:58,653 [f230bc7e-d80c-430f-a4ff-61e0293dd1c7@group-5051D78F8EF1:LeaderElection25] INFO  impl.RaftServerImpl (RaftServerImpl.java:setRole(174)) - f230bc7e-d80c-430f-a4ff-61e0293dd1c7@group-5051D78F8EF1: changes role from CANDIDATE to FOLLOWER at term 7 for DISCOVERED_A_NEW_TERM
2019-09-25 08:27:58,654 [87aead68-aaca-445a-b26b-2e9f12b24b75@group-5051D78F8EF1:LeaderElection24] INFO  impl.LeaderElection (LeaderElection.java:logAndReturn(56)) - 87aead68-aaca-445a-b26b-2e9f12b24b75@group-5051D78F8EF1:LeaderElection24: Election REJECTED; received 2 response(s) [87aead68-aaca-445a-b26b-2e9f12b24b75<-f230bc7e-d80c-430f-a4ff-61e0293dd1c7#0:FAIL-t7, 87aead68-aaca-445a-b26b-2e9f12b24b75<-99a70305-7b37-4d81-b817-04520db44446#0:FAIL-t7] and 0 exception(s); 87aead68-aaca-445a-b26b-2e9f12b24b75@group-5051D78F8EF1:t7, leader=null, voted=87aead68-aaca-445a-b26b-2e9f12b24b75, raftlog=87aead68-aaca-445a-b26b-2e9f12b24b75@group-5051D78F8EF1-SegmentedRaftLog:OPENED:c-1,f-1,i0, conf=-1: [f230bc7e-d80c-430f-a4ff-61e0293dd1c7:192.168.36.126:44732, 99a70305-7b37-4d81-b817-04520db44446:192.168.36.126:41949, 87aead68-aaca-445a-b26b-2e9f12b24b75:192.168.36.126:36757], old=null
2019-09-25 08:27:58,654 [f230bc7e-d80c-430f-a4ff-61e0293dd1c7@group-5051D78F8EF1:LeaderElection25] INFO  impl.RoleInfo (RoleInfo.java:shutdownLeaderElection(134)) - f230bc7e-d80c-430f-a4ff-61e0293dd1c7: shutdown LeaderElection
2019-09-25 08:27:58,655 [87aead68-aaca-445a-b26b-2e9f12b24b75@group-5051D78F8EF1:LeaderElection24] INFO  impl.RaftServerImpl (RaftServerImpl.java:setRole(174)) - 87aead68-aaca-445a-b26b-2e9f12b24b75@group-5051D78F8EF1: changes role from CANDIDATE to FOLLOWER at term 7 for DISCOVERED_A_NEW_TERM
2019-09-25 08:27:58,657 [f230bc7e-d80c-430f-a4ff-61e0293dd1c7@group-5051D78F8EF1:LeaderElection25] INFO  impl.RoleInfo (RoleInfo.java:updateAndGet(143)) - f230bc7e-d80c-430f-a4ff-61e0293dd1c7: start FollowerState
2019-09-25 08:27:58,657 [99a70305-7b37-4d81-b817-04520db44446@group-5051D78F8EF1:LeaderElection26] INFO  impl.LeaderElection (LeaderElection.java:logAndReturn(56)) - 99a70305-7b37-4d81-b817-04520db44446@group-5051D78F8EF1:LeaderElection26: Election REJECTED; received 2 response(s) [99a70305-7b37-4d81-b817-04520db44446<-f230bc7e-d80c-430f-a4ff-61e0293dd1c7#0:FAIL-t7, 99a70305-7b37-4d81-b817-04520db44446<-87aead68-aaca-445a-b26b-2e9f12b24b75#0:FAIL-t7] and 0 exception(s); 99a70305-7b37-4d81-b817-04520db44446@group-5051D78F8EF1:t7, leader=null, voted=99a70305-7b37-4d81-b817-04520db44446, raftlog=99a70305-7b37-4d81-b817-04520db44446@group-5051D78F8EF1-SegmentedRaftLog:OPENED:c-1,f-1,i0, conf=-1: [f230bc7e-d80c-430f-a4ff-61e0293dd1c7:192.168.36.126:44732, 99a70305-7b37-4d81-b817-04520db44446:192.168.36.126:41949, 87aead68-aaca-445a-b26b-2e9f12b24b75:192.168.36.126:36757], old=null
2019-09-25 08:27:58,657 [87aead68-aaca-445a-b26b-2e9f12b24b75@group-5051D78F8EF1:LeaderElection24] INFO  impl.RoleInfo (RoleInfo.java:shutdownLeaderElection(134)) - 87aead68-aaca-445a-b26b-2e9f12b24b75: shutdown LeaderElection
2019-09-25 08:27:58,658 [99a70305-7b37-4d81-b817-04520db44446@group-5051D78F8EF1:LeaderElection26] INFO  impl.RaftServerImpl (RaftServerImpl.java:setRole(174)) - 99a70305-7b37-4d81-b817-04520db44446@group-5051D78F8EF1: changes role from CANDIDATE to FOLLOWER at term 7 for DISCOVERED_A_NEW_TERM
2019-09-25 08:27:58,659 [87aead68-aaca-445a-b26b-2e9f12b24b75@group-5051D78F8EF1:LeaderElection24] INFO  impl.RoleInfo (RoleInfo.java:updateAndGet(143)) - 87aead68-aaca-445a-b26b-2e9f12b24b75: start FollowerState
2019-09-25 08:27:58,659 [99a70305-7b37-4d81-b817-04520db44446@group-5051D78F8EF1:LeaderElection26] INFO  impl.RoleInfo (RoleInfo.java:shutdownLeaderElection(134)) - 99a70305-7b37-4d81-b817-04520db44446: shutdown LeaderElection
2019-09-25 08:27:58,659 [99a70305-7b37-4d81-b817-04520db44446@group-5051D78F8EF1:LeaderElection26] INFO  impl.RoleInfo (RoleInfo.java:updateAndGet(143)) - 99a70305-7b37-4d81-b817-04520db44446: start FollowerState
2019-09-25 08:28:03,695 [Thread-450] INFO  impl.FollowerState (FollowerState.java:run(106)) - 87aead68-aaca-445a-b26b-2e9f12b24b75:group-5051D78F8EF1 changes to CANDIDATE, lastRpcTime:5035, electionTimeout:5035ms
2019-09-25 08:28:03,697 [Thread-450] INFO  impl.RoleInfo (RoleInfo.java:shutdownFollowerState(121)) - 87aead68-aaca-445a-b26b-2e9f12b24b75: shutdown FollowerState
2019-09-25 08:28:03,697 [Thread-450] INFO  impl.RaftServerImpl (RaftServerImpl.java:setRole(174)) - 87aead68-aaca-445a-b26b-2e9f12b24b75@group-5051D78F8EF1: changes role from  FOLLOWER to CANDIDATE at term 7 for changeToCandidate
2019-09-25 08:28:03,698 [Thread-450] INFO  impl.RoleInfo (RoleInfo.java:updateAndGet(143)) - 87aead68-aaca-445a-b26b-2e9f12b24b75: start LeaderElection
2019-09-25 08:28:03,719 [Thread-451] INFO  impl.FollowerState (FollowerState.java:run(106)) - 99a70305-7b37-4d81-b817-04520db44446:group-5051D78F8EF1 changes to CANDIDATE, lastRpcTime:5059, electionTimeout:5059ms
2019-09-25 08:28:03,719 [Thread-451] INFO  impl.RoleInfo (RoleInfo.java:shutdownFollowerState(121)) - 99a70305-7b37-4d81-b817-04520db44446: shutdown FollowerState
2019-09-25 08:28:03,719 [Thread-451] INFO  impl.RaftServerImpl (RaftServerImpl.java:setRole(174)) - 99a70305-7b37-4d81-b817-04520db44446@group-5051D78F8EF1: changes role from  FOLLOWER to CANDIDATE at term 7 for changeToCandidate
2019-09-25 08:28:03,720 [Thread-451] INFO  impl.RoleInfo (RoleInfo.java:updateAndGet(143)) - 99a70305-7b37-4d81-b817-04520db44446: start LeaderElection
2019-09-25 08:28:03,747 [Thread-449] INFO  impl.FollowerState (FollowerState.java:run(106)) - f230bc7e-d80c-430f-a4ff-61e0293dd1c7:group-5051D78F8EF1 changes to CANDIDATE, lastRpcTime:5090, electionTimeout:5088ms
2019-09-25 08:28:03,748 [Thread-449] INFO  impl.RoleInfo (RoleInfo.java:shutdownFollowerState(121)) - f230bc7e-d80c-430f-a4ff-61e0293dd1c7: shutdown FollowerState
2019-09-25 08:28:03,748 [Thread-449] INFO  impl.RaftServerImpl (RaftServerImpl.java:setRole(174)) - f230bc7e-d80c-430f-a4ff-61e0293dd1c7@group-5051D78F8EF1: changes role from  FOLLOWER to CANDIDATE at term 7 for changeToCandidate
2019-09-25 08:28:03,748 [Thread-449] INFO  impl.RoleInfo (RoleInfo.java:updateAndGet(143)) - f230bc7e-d80c-430f-a4ff-61e0293dd1c7: start LeaderElection
2019-09-25 08:28:08,834 [f230bc7e-d80c-430f-a4ff-61e0293dd1c7@group-5051D78F8EF1:LeaderElection29] INFO  impl.LeaderElection (LeaderElection.java:askForVotes(182)) - f230bc7e-d80c-430f-a4ff-61e0293dd1c7@group-5051D78F8EF1:LeaderElection29: begin an election at term 8 for -1: [f230bc7e-d80c-430f-a4ff-61e0293dd1c7:192.168.36.126:44732, 99a70305-7b37-4d81-b817-04520db44446:192.168.36.126:41949, 87aead68-aaca-445a-b26b-2e9f12b24b75:192.168.36.126:36757], old=null
2019-09-25 08:28:08,834 [87aead68-aaca-445a-b26b-2e9f12b24b75@group-5051D78F8EF1:LeaderElection27] INFO  impl.LeaderElection (LeaderElection.java:askForVotes(182)) - 87aead68-aaca-445a-b26b-2e9f12b24b75@group-5051D78F8EF1:LeaderElection27: begin an election at term 8 for -1: [f230bc7e-d80c-430f-a4ff-61e0293dd1c7:192.168.36.126:44732, 99a70305-7b37-4d81-b817-04520db44446:192.168.36.126:41949, 87aead68-aaca-445a-b26b-2e9f12b24b75:192.168.36.126:36757], old=null
2019-09-25 08:28:08,834 [99a70305-7b37-4d81-b817-04520db44446@group-5051D78F8EF1:LeaderElection28] INFO  impl.LeaderElection (LeaderElection.java:askForVotes(182)) - 99a70305-7b37-4d81-b817-04520db44446@group-5051D78F8EF1:LeaderElection28: begin an election at term 8 for -1: [f230bc7e-d80c-430f-a4ff-61e0293dd1c7:192.168.36.126:44732, 99a70305-7b37-4d81-b817-04520db44446:192.168.36.126:41949, 87aead68-aaca-445a-b26b-2e9f12b24b75:192.168.36.126:36757], old=null
2019-09-25 08:28:08,839 [f230bc7e-d80c-430f-a4ff-61e0293dd1c7@group-5051D78F8EF1:LeaderElection29] INFO  impl.LeaderElection (LeaderElection.java:logAndReturn(56)) - f230bc7e-d80c-430f-a4ff-61e0293dd1c7@group-5051D78F8EF1:LeaderElection29: Election REJECTED; received 2 response(s) [f230bc7e-d80c-430f-a4ff-61e0293dd1c7<-99a70305-7b37-4d81-b817-04520db44446#0:FAIL-t8, f230bc7e-d80c-430f-a4ff-61e0293dd1c7<-87aead68-aaca-445a-b26b-2e9f12b24b75#0:FAIL-t8] and 0 exception(s); f230bc7e-d80c-430f-a4ff-61e0293dd1c7@group-5051D78F8EF1:t8, leader=null, voted=f230bc7e-d80c-430f-a4ff-61e0293dd1c7, raftlog=f230bc7e-d80c-430f-a4ff-61e0293dd1c7@group-5051D78F8EF1-SegmentedRaftLog:OPENED:c-1,f-1,i0, conf=-1: [f230bc7e-d80c-430f-a4ff-61e0293dd1c7:192.168.36.126:44732, 99a70305-7b37-4d81-b817-04520db44446:192.168.36.126:41949, 87aead68-aaca-445a-b26b-2e9f12b24b75:192.168.36.126:36757], old=null
2019-09-25 08:28:08,839 [f230bc7e-d80c-430f-a4ff-61e0293dd1c7@group-5051D78F8EF1:LeaderElection29] INFO  impl.RaftServerImpl (RaftServerImpl.java:setRole(174)) - f230bc7e-d80c-430f-a4ff-61e0293dd1c7@group-5051D78F8EF1: changes role from CANDIDATE to FOLLOWER at term 8 for DISCOVERED_A_NEW_TERM
2019-09-25 08:28:08,840 [f230bc7e-d80c-430f-a4ff-61e0293dd1c7@group-5051D78F8EF1:LeaderElection29] INFO  impl.RoleInfo (RoleInfo.java:shutdownLeaderElection(134)) - f230bc7e-d80c-430f-a4ff-61e0293dd1c7: shutdown LeaderElection
2019-09-25 08:28:08,840 [f230bc7e-d80c-430f-a4ff-61e0293dd1c7@group-5051D78F8EF1:LeaderElection29] INFO  impl.RoleInfo (RoleInfo.java:updateAndGet(143)) - f230bc7e-d80c-430f-a4ff-61e0293dd1c7: start FollowerState
2019-09-25 08:28:08,844 [99a70305-7b37-4d81-b817-04520db44446@group-5051D78F8EF1:LeaderElection28] INFO  impl.LeaderElection (LeaderElection.java:logAndReturn(56)) - 99a70305-7b37-4d81-b817-04520db44446@group-5051D78F8EF1:LeaderElection28: Election REJECTED; received 2 response(s) [99a70305-7b37-4d81-b817-04520db44446<-f230bc7e-d80c-430f-a4ff-61e0293dd1c7#0:FAIL-t8, 99a70305-7b37-4d81-b817-04520db44446<-87aead68-aaca-445a-b26b-2e9f12b24b75#0:FAIL-t8] and 0 exception(s); 99a70305-7b37-4d81-b817-04520db44446@group-5051D78F8EF1:t8, leader=null, voted=99a70305-7b37-4d81-b817-04520db44446, raftlog=99a70305-7b37-4d81-b817-04520db44446@group-5051D78F8EF1-SegmentedRaftLog:OPENED:c-1,f-1,i0, conf=-1: [f230bc7e-d80c-430f-a4ff-61e0293dd1c7:192.168.36.126:44732, 99a70305-7b37-4d81-b817-04520db44446:192.168.36.126:41949, 87aead68-aaca-445a-b26b-2e9f12b24b75:192.168.36.126:36757], old=null
2019-09-25 08:28:08,846 [99a70305-7b37-4d81-b817-04520db44446@group-5051D78F8EF1:LeaderElection28] INFO  impl.RaftServerImpl (RaftServerImpl.java:setRole(174)) - 99a70305-7b37-4d81-b817-04520db44446@group-5051D78F8EF1: changes role from CANDIDATE to FOLLOWER at term 8 for DISCOVERED_A_NEW_TERM
2019-09-25 08:28:08,846 [87aead68-aaca-445a-b26b-2e9f12b24b75@group-5051D78F8EF1:LeaderElection27] INFO  impl.LeaderElection (LeaderElection.java:logAndReturn(56)) - 87aead68-aaca-445a-b26b-2e9f12b24b75@group-5051D78F8EF1:LeaderElection27: Election REJECTED; received 2 response(s) [87aead68-aaca-445a-b26b-2e9f12b24b75<-f230bc7e-d80c-430f-a4ff-61e0293dd1c7#0:FAIL-t8, 87aead68-aaca-445a-b26b-2e9f12b24b75<-99a70305-7b37-4d81-b817-04520db44446#0:FAIL-t8] and 0 exception(s); 87aead68-aaca-445a-b26b-2e9f12b24b75@group-5051D78F8EF1:t8, leader=null, voted=87aead68-aaca-445a-b26b-2e9f12b24b75, raftlog=87aead68-aaca-445a-b26b-2e9f12b24b75@group-5051D78F8EF1-SegmentedRaftLog:OPENED:c-1,f-1,i0, conf=-1: [f230bc7e-d80c-430f-a4ff-61e0293dd1c7:192.168.36.126:44732, 99a70305-7b37-4d81-b817-04520db44446:192.168.36.126:41949, 87aead68-aaca-445a-b26b-2e9f12b24b75:192.168.36.126:36757], old=null
2019-09-25 08:28:08,846 [99a70305-7b37-4d81-b817-04520db44446@group-5051D78F8EF1:LeaderElection28] INFO  impl.RoleInfo (RoleInfo.java:shutdownLeaderElection(134)) - 99a70305-7b37-4d81-b817-04520db44446: shutdown LeaderElection
2019-09-25 08:28:08,848 [87aead68-aaca-445a-b26b-2e9f12b24b75@group-5051D78F8EF1:LeaderElection27] INFO  impl.RaftServerImpl (RaftServerImpl.java:setRole(174)) - 87aead68-aaca-445a-b26b-2e9f12b24b75@group-5051D78F8EF1: changes role from CANDIDATE to FOLLOWER at term 8 for DISCOVERED_A_NEW_TERM
2019-09-25 08:28:08,850 [99a70305-7b37-4d81-b817-04520db44446@group-5051D78F8EF1:LeaderElection28] INFO  impl.RoleInfo (RoleInfo.java:updateAndGet(143)) - 99a70305-7b37-4d81-b817-04520db44446: start FollowerState
2019-09-25 08:28:08,850 [87aead68-aaca-445a-b26b-2e9f12b24b75@group-5051D78F8EF1:LeaderElection27] INFO  impl.RoleInfo (RoleInfo.java:shutdownLeaderElection(134)) - 87aead68-aaca-445a-b26b-2e9f12b24b75: shutdown LeaderElection
2019-09-25 08:28:08,850 [87aead68-aaca-445a-b26b-2e9f12b24b75@group-5051D78F8EF1:LeaderElection27] INFO  impl.RoleInfo (RoleInfo.java:updateAndGet(143)) - 87aead68-aaca-445a-b26b-2e9f12b24b75: start FollowerState
2019-09-25 08:28:13,897 [Thread-481] INFO  impl.FollowerState (FollowerState.java:run(106)) - f230bc7e-d80c-430f-a4ff-61e0293dd1c7:group-5051D78F8EF1 changes to CANDIDATE, lastRpcTime:5056, electionTimeout:5056ms
2019-09-25 08:28:13,898 [Thread-481] INFO  impl.RoleInfo (RoleInfo.java:shutdownFollowerState(121)) - f230bc7e-d80c-430f-a4ff-61e0293dd1c7: shutdown FollowerState
2019-09-25 08:28:13,898 [Thread-481] INFO  impl.RaftServerImpl (RaftServerImpl.java:setRole(174)) - f230bc7e-d80c-430f-a4ff-61e0293dd1c7@group-5051D78F8EF1: changes role from  FOLLOWER to CANDIDATE at term 8 for changeToCandidate
2019-09-25 08:28:13,899 [Thread-481] INFO  impl.RoleInfo (RoleInfo.java:updateAndGet(143)) - f230bc7e-d80c-430f-a4ff-61e0293dd1c7: start LeaderElection
2019-09-25 08:28:13,902 [Thread-482] INFO  impl.FollowerState (FollowerState.java:run(106)) - 99a70305-7b37-4d81-b817-04520db44446:group-5051D78F8EF1 changes to CANDIDATE, lastRpcTime:5051, electionTimeout:5051ms
2019-09-25 08:28:13,902 [Thread-482] INFO  impl.RoleInfo (RoleInfo.java:shutdownFollowerState(121)) - 99a70305-7b37-4d81-b817-04520db44446: shutdown FollowerState
2019-09-25 08:28:13,902 [Thread-482] INFO  impl.RaftServerImpl (RaftServerImpl.java:setRole(174)) - 99a70305-7b37-4d81-b817-04520db44446@group-5051D78F8EF1: changes role from  FOLLOWER to CANDIDATE at term 8 for changeToCandidate
2019-09-25 08:28:13,902 [Thread-482] INFO  impl.RoleInfo (RoleInfo.java:updateAndGet(143)) - 99a70305-7b37-4d81-b817-04520db44446: start LeaderElection
2019-09-25 08:28:13,981 [Thread-483] INFO  impl.FollowerState (FollowerState.java:run(106)) - 87aead68-aaca-445a-b26b-2e9f12b24b75:group-5051D78F8EF1 changes to CANDIDATE, lastRpcTime:5130, electionTimeout:5130ms
2019-09-25 08:28:13,981 [Thread-483] INFO  impl.RoleInfo (RoleInfo.java:shutdownFollowerState(121)) - 87aead68-aaca-445a-b26b-2e9f12b24b75: shutdown FollowerState
2019-09-25 08:28:13,981 [Thread-483] INFO  impl.RaftServerImpl (RaftServerImpl.java:setRole(174)) - 87aead68-aaca-445a-b26b-2e9f12b24b75@group-5051D78F8EF1: changes role from  FOLLOWER to CANDIDATE at term 8 for changeToCandidate
2019-09-25 08:28:13,982 [Thread-483] INFO  impl.RoleInfo (RoleInfo.java:updateAndGet(143)) - 87aead68-aaca-445a-b26b-2e9f12b24b75: start LeaderElection
2019-09-25 08:28:19,109 [99a70305-7b37-4d81-b817-04520db44446@group-5051D78F8EF1:LeaderElection31] INFO  impl.LeaderElection (LeaderElection.java:askForVotes(182)) - 99a70305-7b37-4d81-b817-04520db44446@group-5051D78F8EF1:LeaderElection31: begin an election at term 9 for -1: [f230bc7e-d80c-430f-a4ff-61e0293dd1c7:192.168.36.126:44732, 99a70305-7b37-4d81-b817-04520db44446:192.168.36.126:41949, 87aead68-aaca-445a-b26b-2e9f12b24b75:192.168.36.126:36757], old=null
2019-09-25 08:28:19,109 [87aead68-aaca-445a-b26b-2e9f12b24b75@group-5051D78F8EF1:LeaderElection32] INFO  impl.LeaderElection (LeaderElection.java:askForVotes(182)) - 87aead68-aaca-445a-b26b-2e9f12b24b75@group-5051D78F8EF1:LeaderElection32: begin an election at term 9 for -1: [f230bc7e-d80c-430f-a4ff-61e0293dd1c7:192.168.36.126:44732, 99a70305-7b37-4d81-b817-04520db44446:192.168.36.126:41949, 87aead68-aaca-445a-b26b-2e9f12b24b75:192.168.36.126:36757], old=null
2019-09-25 08:28:19,156 [f230bc7e-d80c-430f-a4ff-61e0293dd1c7@group-5051D78F8EF1:LeaderElection30] INFO  impl.LeaderElection (LeaderElection.java:askForVotes(182)) - f230bc7e-d80c-430f-a4ff-61e0293dd1c7@group-5051D78F8EF1:LeaderElection30: begin an election at term 9 for -1: [f230bc7e-d80c-430f-a4ff-61e0293dd1c7:192.168.36.126:44732, 99a70305-7b37-4d81-b817-04520db44446:192.168.36.126:41949, 87aead68-aaca-445a-b26b-2e9f12b24b75:192.168.36.126:36757], old=null
2019-09-25 08:28:19,158 [99a70305-7b37-4d81-b817-04520db44446@group-5051D78F8EF1:LeaderElection31] INFO  impl.LeaderElection (LeaderElection.java:logAndReturn(56)) - 99a70305-7b37-4d81-b817-04520db44446@group-5051D78F8EF1:LeaderElection31: Election REJECTED; received 2 response(s) [99a70305-7b37-4d81-b817-04520db44446<-f230bc7e-d80c-430f-a4ff-61e0293dd1c7#0:FAIL-t9, 99a70305-7b37-4d81-b817-04520db44446<-87aead68-aaca-445a-b26b-2e9f12b24b75#0:FAIL-t9] and 0 exception(s); 99a70305-7b37-4d81-b817-04520db44446@group-5051D78F8EF1:t9, leader=null, voted=99a70305-7b37-4d81-b817-04520db44446, raftlog=99a70305-7b37-4d81-b817-04520db44446@group-5051D78F8EF1-SegmentedRaftLog:OPENED:c-1,f-1,i0, conf=-1: [f230bc7e-d80c-430f-a4ff-61e0293dd1c7:192.168.36.126:44732, 99a70305-7b37-4d81-b817-04520db44446:192.168.36.126:41949, 87aead68-aaca-445a-b26b-2e9f12b24b75:192.168.36.126:36757], old=null
2019-09-25 08:28:19,158 [87aead68-aaca-445a-b26b-2e9f12b24b75@group-5051D78F8EF1:LeaderElection32] INFO  impl.LeaderElection (LeaderElection.java:logAndReturn(56)) - 87aead68-aaca-445a-b26b-2e9f12b24b75@group-5051D78F8EF1:LeaderElection32: Election REJECTED; received 2 response(s) [87aead68-aaca-445a-b26b-2e9f12b24b75<-f230bc7e-d80c-430f-a4ff-61e0293dd1c7#0:FAIL-t9, 87aead68-aaca-445a-b26b-2e9f12b24b75<-99a70305-7b37-4d81-b817-04520db44446#0:FAIL-t9] and 0 exception(s); 87aead68-aaca-445a-b26b-2e9f12b24b75@group-5051D78F8EF1:t9, leader=null, voted=87aead68-aaca-445a-b26b-2e9f12b24b75, raftlog=87aead68-aaca-445a-b26b-2e9f12b24b75@group-5051D78F8EF1-SegmentedRaftLog:OPENED:c-1,f-1,i0, conf=-1: [f230bc7e-d80c-430f-a4ff-61e0293dd1c7:192.168.36.126:44732, 99a70305-7b37-4d81-b817-04520db44446:192.168.36.126:41949, 87aead68-aaca-445a-b26b-2e9f12b24b75:192.168.36.126:36757], old=null
2019-09-25 08:28:19,158 [99a70305-7b37-4d81-b817-04520db44446@group-5051D78F8EF1:LeaderElection31] INFO  impl.RaftServerImpl (RaftServerImpl.java:setRole(174)) - 99a70305-7b37-4d81-b817-04520db44446@group-5051D78F8EF1: changes role from CANDIDATE to FOLLOWER at term 9 for DISCOVERED_A_NEW_TERM
2019-09-25 08:28:19,161 [87aead68-aaca-445a-b26b-2e9f12b24b75@group-5051D78F8EF1:LeaderElection32] INFO  impl.RaftServerImpl (RaftServerImpl.java:setRole(174)) - 87aead68-aaca-445a-b26b-2e9f12b24b75@group-5051D78F8EF1: changes role from CANDIDATE to FOLLOWER at term 9 for DISCOVERED_A_NEW_TERM
2019-09-25 08:28:19,161 [99a70305-7b37-4d81-b817-04520db44446@group-5051D78F8EF1:LeaderElection31] INFO  impl.RoleInfo (RoleInfo.java:shutdownLeaderElection(134)) - 99a70305-7b37-4d81-b817-04520db44446: shutdown LeaderElection
2019-09-25 08:28:19,163 [87aead68-aaca-445a-b26b-2e9f12b24b75@group-5051D78F8EF1:LeaderElection32] INFO  impl.RoleInfo (RoleInfo.java:shutdownLeaderElection(134)) - 87aead68-aaca-445a-b26b-2e9f12b24b75: shutdown LeaderElection
2019-09-25 08:28:19,163 [99a70305-7b37-4d81-b817-04520db44446@group-5051D78F8EF1:LeaderElection31] INFO  impl.RoleInfo (RoleInfo.java:updateAndGet(143)) - 99a70305-7b37-4d81-b817-04520db44446: start FollowerState
2019-09-25 08:28:19,163 [87aead68-aaca-445a-b26b-2e9f12b24b75@group-5051D78F8EF1:LeaderElection32] INFO  impl.RoleInfo (RoleInfo.java:updateAndGet(143)) - 87aead68-aaca-445a-b26b-2e9f12b24b75: start FollowerState
2019-09-25 08:28:19,166 [f230bc7e-d80c-430f-a4ff-61e0293dd1c7@group-5051D78F8EF1:LeaderElection30] INFO  impl.LeaderElection (LeaderElection.java:logAndReturn(56)) - f230bc7e-d80c-430f-a4ff-61e0293dd1c7@group-5051D78F8EF1:LeaderElection30: Election REJECTED; received 2 response(s) [f230bc7e-d80c-430f-a4ff-61e0293dd1c7<-99a70305-7b37-4d81-b817-04520db44446#0:FAIL-t9, f230bc7e-d80c-430f-a4ff-61e0293dd1c7<-87aead68-aaca-445a-b26b-2e9f12b24b75#0:FAIL-t9] and 0 exception(s); f230bc7e-d80c-430f-a4ff-61e0293dd1c7@group-5051D78F8EF1:t9, leader=null, voted=f230bc7e-d80c-430f-a4ff-61e0293dd1c7, raftlog=f230bc7e-d80c-430f-a4ff-61e0293dd1c7@group-5051D78F8EF1-SegmentedRaftLog:OPENED:c-1,f-1,i0, conf=-1: [f230bc7e-d80c-430f-a4ff-61e0293dd1c7:192.168.36.126:44732, 99a70305-7b37-4d81-b817-04520db44446:192.168.36.126:41949, 87aead68-aaca-445a-b26b-2e9f12b24b75:192.168.36.126:36757], old=null
2019-09-25 08:28:19,166 [f230bc7e-d80c-430f-a4ff-61e0293dd1c7@group-5051D78F8EF1:LeaderElection30] INFO  impl.RaftServerImpl (RaftServerImpl.java:setRole(174)) - f230bc7e-d80c-430f-a4ff-61e0293dd1c7@group-5051D78F8EF1: changes role from CANDIDATE to FOLLOWER at term 9 for DISCOVERED_A_NEW_TERM
2019-09-25 08:28:19,166 [f230bc7e-d80c-430f-a4ff-61e0293dd1c7@group-5051D78F8EF1:LeaderElection30] INFO  impl.RoleInfo (RoleInfo.java:shutdownLeaderElection(134)) - f230bc7e-d80c-430f-a4ff-61e0293dd1c7: shutdown LeaderElection
2019-09-25 08:28:19,167 [f230bc7e-d80c-430f-a4ff-61e0293dd1c7@group-5051D78F8EF1:LeaderElection30] INFO  impl.RoleInfo (RoleInfo.java:updateAndGet(143)) - f230bc7e-d80c-430f-a4ff-61e0293dd1c7: start FollowerState
2019-09-25 08:28:24,181 [Thread-515] INFO  impl.FollowerState (FollowerState.java:run(106)) - 99a70305-7b37-4d81-b817-04520db44446:group-5051D78F8EF1 changes to CANDIDATE, lastRpcTime:5017, electionTimeout:5016ms
2019-09-25 08:28:24,183 [Thread-515] INFO  impl.RoleInfo (RoleInfo.java:shutdownFollowerState(121)) - 99a70305-7b37-4d81-b817-04520db44446: shutdown FollowerState
2019-09-25 08:28:24,183 [Thread-515] INFO  impl.RaftServerImpl (RaftServerImpl.java:setRole(174)) - 99a70305-7b37-4d81-b817-04520db44446@group-5051D78F8EF1: changes role from  FOLLOWER to CANDIDATE at term 9 for changeToCandidate
2019-09-25 08:28:24,183 [Thread-515] INFO  impl.RoleInfo (RoleInfo.java:updateAndGet(143)) - 99a70305-7b37-4d81-b817-04520db44446: start LeaderElection
2019-09-25 08:28:24,198 [Thread-516] INFO  impl.FollowerState (FollowerState.java:run(106)) - 87aead68-aaca-445a-b26b-2e9f12b24b75:group-5051D78F8EF1 changes to CANDIDATE, lastRpcTime:5034, electionTimeout:5033ms
2019-09-25 08:28:24,198 [Thread-516] INFO  impl.RoleInfo (RoleInfo.java:shutdownFollowerState(121)) - 87aead68-aaca-445a-b26b-2e9f12b24b75: shutdown FollowerState
2019-09-25 08:28:24,198 [Thread-516] INFO  impl.RaftServerImpl (RaftServerImpl.java:setRole(174)) - 87aead68-aaca-445a-b26b-2e9f12b24b75@group-5051D78F8EF1: changes role from  FOLLOWER to CANDIDATE at term 9 for changeToCandidate
2019-09-25 08:28:24,198 [Thread-516] INFO  impl.RoleInfo (RoleInfo.java:updateAndGet(143)) - 87aead68-aaca-445a-b26b-2e9f12b24b75: start LeaderElection
2019-09-25 08:28:24,296 [Thread-517] INFO  impl.FollowerState (FollowerState.java:run(106)) - f230bc7e-d80c-430f-a4ff-61e0293dd1c7:group-5051D78F8EF1 changes to CANDIDATE, lastRpcTime:5129, electionTimeout:5129ms
2019-09-25 08:28:24,297 [Thread-517] INFO  impl.RoleInfo (RoleInfo.java:shutdownFollowerState(121)) - f230bc7e-d80c-430f-a4ff-61e0293dd1c7: shutdown FollowerState
2019-09-25 08:28:24,297 [Thread-517] INFO  impl.RaftServerImpl (RaftServerImpl.java:setRole(174)) - f230bc7e-d80c-430f-a4ff-61e0293dd1c7@group-5051D78F8EF1: changes role from  FOLLOWER to CANDIDATE at term 9 for changeToCandidate
2019-09-25 08:28:24,297 [Thread-517] INFO  impl.RoleInfo (RoleInfo.java:updateAndGet(143)) - f230bc7e-d80c-430f-a4ff-61e0293dd1c7: start LeaderElection
2019-09-25 08:28:26,051 [87aead68-aaca-445a-b26b-2e9f12b24b75@group-5051D78F8EF1:LeaderElection34] INFO  impl.LeaderElection (LeaderElection.java:askForVotes(182)) - 87aead68-aaca-445a-b26b-2e9f12b24b75@group-5051D78F8EF1:LeaderElection34: begin an election at term 10 for -1: [f230bc7e-d80c-430f-a4ff-61e0293dd1c7:192.168.36.126:44732, 99a70305-7b37-4d81-b817-04520db44446:192.168.36.126:41949, 87aead68-aaca-445a-b26b-2e9f12b24b75:192.168.36.126:36757], old=null
2019-09-25 08:28:26,051 [f230bc7e-d80c-430f-a4ff-61e0293dd1c7@group-5051D78F8EF1:LeaderElection35] INFO  impl.LeaderElection (LeaderElection.java:askForVotes(182)) - f230bc7e-d80c-430f-a4ff-61e0293dd1c7@group-5051D78F8EF1:LeaderElection35: begin an election at term 10 for -1: [f230bc7e-d80c-430f-a4ff-61e0293dd1c7:192.168.36.126:44732, 99a70305-7b37-4d81-b817-04520db44446:192.168.36.126:41949, 87aead68-aaca-445a-b26b-2e9f12b24b75:192.168.36.126:36757], old=null
2019-09-25 08:28:26,051 [99a70305-7b37-4d81-b817-04520db44446@group-5051D78F8EF1:LeaderElection33] INFO  impl.LeaderElection (LeaderElection.java:askForVotes(182)) - 99a70305-7b37-4d81-b817-04520db44446@group-5051D78F8EF1:LeaderElection33: begin an election at term 10 for -1: [f230bc7e-d80c-430f-a4ff-61e0293dd1c7:192.168.36.126:44732, 99a70305-7b37-4d81-b817-04520db44446:192.168.36.126:41949, 87aead68-aaca-445a-b26b-2e9f12b24b75:192.168.36.126:36757], old=null
2019-09-25 08:28:26,059 [f230bc7e-d80c-430f-a4ff-61e0293dd1c7@group-5051D78F8EF1:LeaderElection35] INFO  impl.LeaderElection (LeaderElection.java:logAndReturn(56)) - f230bc7e-d80c-430f-a4ff-61e0293dd1c7@group-5051D78F8EF1:LeaderElection35: Election REJECTED; received 2 response(s) [f230bc7e-d80c-430f-a4ff-61e0293dd1c7<-99a70305-7b37-4d81-b817-04520db44446#0:FAIL-t10, f230bc7e-d80c-430f-a4ff-61e0293dd1c7<-87aead68-aaca-445a-b26b-2e9f12b24b75#0:FAIL-t10] and 0 exception(s); f230bc7e-d80c-430f-a4ff-61e0293dd1c7@group-5051D78F8EF1:t10, leader=null, voted=f230bc7e-d80c-430f-a4ff-61e0293dd1c7, raftlog=f230bc7e-d80c-430f-a4ff-61e0293dd1c7@group-5051D78F8EF1-SegmentedRaftLog:OPENED:c-1,f-1,i0, conf=-1: [f230bc7e-d80c-430f-a4ff-61e0293dd1c7:192.168.36.126:44732, 99a70305-7b37-4d81-b817-04520db44446:192.168.36.126:41949, 87aead68-aaca-445a-b26b-2e9f12b24b75:192.168.36.126:36757], old=null
2019-09-25 08:28:26,060 [f230bc7e-d80c-430f-a4ff-61e0293dd1c7@group-5051D78F8EF1:LeaderElection35] INFO  impl.RaftServerImpl (RaftServerImpl.java:setRole(174)) - f230bc7e-d80c-430f-a4ff-61e0293dd1c7@group-5051D78F8EF1: changes role from CANDIDATE to FOLLOWER at term 10 for DISCOVERED_A_NEW_TERM
2019-09-25 08:28:26,060 [f230bc7e-d80c-430f-a4ff-61e0293dd1c7@group-5051D78F8EF1:LeaderElection35] INFO  impl.RoleInfo (RoleInfo.java:shutdownLeaderElection(134)) - f230bc7e-d80c-430f-a4ff-61e0293dd1c7: shutdown LeaderElection
2019-09-25 08:28:26,060 [f230bc7e-d80c-430f-a4ff-61e0293dd1c7@group-5051D78F8EF1:LeaderElection35] INFO  impl.RoleInfo (RoleInfo.java:updateAndGet(143)) - f230bc7e-d80c-430f-a4ff-61e0293dd1c7: start FollowerState
2019-09-25 08:28:26,064 [99a70305-7b37-4d81-b817-04520db44446@group-5051D78F8EF1:LeaderElection33] INFO  impl.LeaderElection (LeaderElection.java:logAndReturn(56)) - 99a70305-7b37-4d81-b817-04520db44446@group-5051D78F8EF1:LeaderElection33: Election REJECTED; received 2 response(s) [99a70305-7b37-4d81-b817-04520db44446<-f230bc7e-d80c-430f-a4ff-61e0293dd1c7#0:FAIL-t10, 99a70305-7b37-4d81-b817-04520db44446<-87aead68-aaca-445a-b26b-2e9f12b24b75#0:FAIL-t10] and 0 exception(s); 99a70305-7b37-4d81-b817-04520db44446@group-5051D78F8EF1:t10, leader=null, voted=99a70305-7b37-4d81-b817-04520db44446, raftlog=99a70305-7b37-4d81-b817-04520db44446@group-5051D78F8EF1-SegmentedRaftLog:OPENED:c-1,f-1,i0, conf=-1: [f230bc7e-d80c-430f-a4ff-61e0293dd1c7:192.168.36.126:44732, 99a70305-7b37-4d81-b817-04520db44446:192.168.36.126:41949, 87aead68-aaca-445a-b26b-2e9f12b24b75:192.168.36.126:36757], old=null
2019-09-25 08:28:26,064 [87aead68-aaca-445a-b26b-2e9f12b24b75@group-5051D78F8EF1:LeaderElection34] INFO  impl.LeaderElection (LeaderElection.java:logAndReturn(56)) - 87aead68-aaca-445a-b26b-2e9f12b24b75@group-5051D78F8EF1:LeaderElection34: Election REJECTED; received 2 response(s) [87aead68-aaca-445a-b26b-2e9f12b24b75<-f230bc7e-d80c-430f-a4ff-61e0293dd1c7#0:FAIL-t10, 87aead68-aaca-445a-b26b-2e9f12b24b75<-99a70305-7b37-4d81-b817-04520db44446#0:FAIL-t10] and 0 exception(s); 87aead68-aaca-445a-b26b-2e9f12b24b75@group-5051D78F8EF1:t10, leader=null, voted=87aead68-aaca-445a-b26b-2e9f12b24b75, raftlog=87aead68-aaca-445a-b26b-2e9f12b24b75@group-5051D78F8EF1-SegmentedRaftLog:OPENED:c-1,f-1,i0, conf=-1: [f230bc7e-d80c-430f-a4ff-61e0293dd1c7:192.168.36.126:44732, 99a70305-7b37-4d81-b817-04520db44446:192.168.36.126:41949, 87aead68-aaca-445a-b26b-2e9f12b24b75:192.168.36.126:36757], old=null
2019-09-25 08:28:26,066 [99a70305-7b37-4d81-b817-04520db44446@group-5051D78F8EF1:LeaderElection33] INFO  impl.RaftServerImpl (RaftServerImpl.java:setRole(174)) - 99a70305-7b37-4d81-b817-04520db44446@group-5051D78F8EF1: changes role from CANDIDATE to FOLLOWER at term 10 for DISCOVERED_A_NEW_TERM
2019-09-25 08:28:26,068 [87aead68-aaca-445a-b26b-2e9f12b24b75@group-5051D78F8EF1:LeaderElection34] INFO  impl.RaftServerImpl (RaftServerImpl.java:setRole(174)) - 87aead68-aaca-445a-b26b-2e9f12b24b75@group-5051D78F8EF1: changes role from CANDIDATE to FOLLOWER at term 10 for DISCOVERED_A_NEW_TERM
2019-09-25 08:28:26,069 [87aead68-aaca-445a-b26b-2e9f12b24b75@group-5051D78F8EF1:LeaderElection34] INFO  impl.RoleInfo (RoleInfo.java:shutdownLeaderElection(134)) - 87aead68-aaca-445a-b26b-2e9f12b24b75: shutdown LeaderElection
2019-09-25 08:28:26,068 [99a70305-7b37-4d81-b817-04520db44446@group-5051D78F8EF1:LeaderElection33] INFO  impl.RoleInfo (RoleInfo.java:shutdownLeaderElection(134)) - 99a70305-7b37-4d81-b817-04520db44446: shutdown LeaderElection
2019-09-25 08:28:26,070 [87aead68-aaca-445a-b26b-2e9f12b24b75@group-5051D78F8EF1:LeaderElection34] INFO  impl.RoleInfo (RoleInfo.java:updateAndGet(143)) - 87aead68-aaca-445a-b26b-2e9f12b24b75: start FollowerState
2019-09-25 08:28:26,070 [99a70305-7b37-4d81-b817-04520db44446@group-5051D78F8EF1:LeaderElection33] INFO  impl.RoleInfo (RoleInfo.java:updateAndGet(143)) - 99a70305-7b37-4d81-b817-04520db44446: start FollowerState
2019-09-25 08:28:28,137 [grpc-default-executor-4] WARN  client.GrpcClientProtocolService (LogUtils.java:warn(134)) - 25-OrderedRequestStreamObserver25: onError: org.apache.ratis.thirdparty.io.grpc.StatusRuntimeException: CANCELLED: cancelled before receiving half close
2019-09-25 08:28:31,081 [Thread-539] INFO  impl.FollowerState (FollowerState.java:run(106)) - f230bc7e-d80c-430f-a4ff-61e0293dd1c7:group-5051D78F8EF1 changes to CANDIDATE, lastRpcTime:5020, electionTimeout:5020ms
2019-09-25 08:28:31,087 [Thread-539] INFO  impl.RoleInfo (RoleInfo.java:shutdownFollowerState(121)) - f230bc7e-d80c-430f-a4ff-61e0293dd1c7: shutdown FollowerState
2019-09-25 08:28:31,087 [Thread-539] INFO  impl.RaftServerImpl (RaftServerImpl.java:setRole(174)) - f230bc7e-d80c-430f-a4ff-61e0293dd1c7@group-5051D78F8EF1: changes role from  FOLLOWER to CANDIDATE at term 10 for changeToCandidate
2019-09-25 08:28:31,088 [Thread-539] INFO  impl.RoleInfo (RoleInfo.java:updateAndGet(143)) - f230bc7e-d80c-430f-a4ff-61e0293dd1c7: start LeaderElection
2019-09-25 08:28:31,195 [Thread-541] INFO  impl.FollowerState (FollowerState.java:run(106)) - 99a70305-7b37-4d81-b817-04520db44446:group-5051D78F8EF1 changes to CANDIDATE, lastRpcTime:5124, electionTimeout:5124ms
2019-09-25 08:28:31,195 [Thread-541] INFO  impl.RoleInfo (RoleInfo.java:shutdownFollowerState(121)) - 99a70305-7b37-4d81-b817-04520db44446: shutdown FollowerState
2019-09-25 08:28:31,195 [Thread-541] INFO  impl.RaftServerImpl (RaftServerImpl.java:setRole(174)) - 99a70305-7b37-4d81-b817-04520db44446@group-5051D78F8EF1: changes role from  FOLLOWER to CANDIDATE at term 10 for changeToCandidate
2019-09-25 08:28:31,195 [Thread-541] INFO  impl.RoleInfo (RoleInfo.java:updateAndGet(143)) - 99a70305-7b37-4d81-b817-04520db44446: start LeaderElection
2019-09-25 08:28:31,230 [Thread-540] INFO  impl.FollowerState (FollowerState.java:run(106)) - 87aead68-aaca-445a-b26b-2e9f12b24b75:group-5051D78F8EF1 changes to CANDIDATE, lastRpcTime:5159, electionTimeout:5159ms
2019-09-25 08:28:31,230 [Thread-540] INFO  impl.RoleInfo (RoleInfo.java:shutdownFollowerState(121)) - 87aead68-aaca-445a-b26b-2e9f12b24b75: shutdown FollowerState
2019-09-25 08:28:31,230 [Thread-540] INFO  impl.RaftServerImpl (RaftServerImpl.java:setRole(174)) - 87aead68-aaca-445a-b26b-2e9f12b24b75@group-5051D78F8EF1: changes role from  FOLLOWER to CANDIDATE at term 10 for changeToCandidate
2019-09-25 08:28:31,230 [Thread-540] INFO  impl.RoleInfo (RoleInfo.java:updateAndGet(143)) - 87aead68-aaca-445a-b26b-2e9f12b24b75: start LeaderElection
2019-09-25 08:28:36,337 [f230bc7e-d80c-430f-a4ff-61e0293dd1c7@group-5051D78F8EF1:LeaderElection36] INFO  impl.LeaderElection (LeaderElection.java:askForVotes(182)) - f230bc7e-d80c-430f-a4ff-61e0293dd1c7@group-5051D78F8EF1:LeaderElection36: begin an election at term 11 for -1: [f230bc7e-d80c-430f-a4ff-61e0293dd1c7:192.168.36.126:44732, 99a70305-7b37-4d81-b817-04520db44446:192.168.36.126:41949, 87aead68-aaca-445a-b26b-2e9f12b24b75:192.168.36.126:36757], old=null
2019-09-25 08:28:36,337 [87aead68-aaca-445a-b26b-2e9f12b24b75@group-5051D78F8EF1:LeaderElection38] INFO  impl.LeaderElection (LeaderElection.java:askForVotes(182)) - 87aead68-aaca-445a-b26b-2e9f12b24b75@group-5051D78F8EF1:LeaderElection38: begin an election at term 11 for -1: [f230bc7e-d80c-430f-a4ff-61e0293dd1c7:192.168.36.126:44732, 99a70305-7b37-4d81-b817-04520db44446:192.168.36.126:41949, 87aead68-aaca-445a-b26b-2e9f12b24b75:192.168.36.126:36757], old=null
2019-09-25 08:28:36,337 [99a70305-7b37-4d81-b817-04520db44446@group-5051D78F8EF1:LeaderElection37] INFO  impl.LeaderElection (LeaderElection.java:askForVotes(182)) - 99a70305-7b37-4d81-b817-04520db44446@group-5051D78F8EF1:LeaderElection37: begin an election at term 11 for -1: [f230bc7e-d80c-430f-a4ff-61e0293dd1c7:192.168.36.126:44732, 99a70305-7b37-4d81-b817-04520db44446:192.168.36.126:41949, 87aead68-aaca-445a-b26b-2e9f12b24b75:192.168.36.126:36757], old=null
2019-09-25 08:28:36,347 [99a70305-7b37-4d81-b817-04520db44446@group-5051D78F8EF1:LeaderElection37] INFO  impl.LeaderElection (LeaderElection.java:logAndReturn(56)) - 99a70305-7b37-4d81-b817-04520db44446@group-5051D78F8EF1:LeaderElection37: Election REJECTED; received 2 response(s) [99a70305-7b37-4d81-b817-04520db44446<-f230bc7e-d80c-430f-a4ff-61e0293dd1c7#0:FAIL-t11, 99a70305-7b37-4d81-b817-04520db44446<-87aead68-aaca-445a-b26b-2e9f12b24b75#0:FAIL-t11] and 0 exception(s); 99a70305-7b37-4d81-b817-04520db44446@group-5051D78F8EF1:t11, leader=null, voted=99a70305-7b37-4d81-b817-04520db44446, raftlog=99a70305-7b37-4d81-b817-04520db44446@group-5051D78F8EF1-SegmentedRaftLog:OPENED:c-1,f-1,i0, conf=-1: [f230bc7e-d80c-430f-a4ff-61e0293dd1c7:192.168.36.126:44732, 99a70305-7b37-4d81-b817-04520db44446:192.168.36.126:41949, 87aead68-aaca-445a-b26b-2e9f12b24b75:192.168.36.126:36757], old=null
2019-09-25 08:28:36,347 [99a70305-7b37-4d81-b817-04520db44446@group-5051D78F8EF1:LeaderElection37] INFO  impl.RaftServerImpl (RaftServerImpl.java:setRole(174)) - 99a70305-7b37-4d81-b817-04520db44446@group-5051D78F8EF1: changes role from CANDIDATE to FOLLOWER at term 11 for DISCOVERED_A_NEW_TERM
2019-09-25 08:28:36,347 [87aead68-aaca-445a-b26b-2e9f12b24b75@group-5051D78F8EF1:LeaderElection38] INFO  impl.LeaderElection (LeaderElection.java:logAndReturn(56)) - 87aead68-aaca-445a-b26b-2e9f12b24b75@group-5051D78F8EF1:LeaderElection38: Election REJECTED; received 2 response(s) [87aead68-aaca-445a-b26b-2e9f12b24b75<-f230bc7e-d80c-430f-a4ff-61e0293dd1c7#0:FAIL-t11, 87aead68-aaca-445a-b26b-2e9f12b24b75<-99a70305-7b37-4d81-b817-04520db44446#0:FAIL-t11] and 0 exception(s); 87aead68-aaca-445a-b26b-2e9f12b24b75@group-5051D78F8EF1:t11, leader=null, voted=87aead68-aaca-445a-b26b-2e9f12b24b75, raftlog=87aead68-aaca-445a-b26b-2e9f12b24b75@group-5051D78F8EF1-SegmentedRaftLog:OPENED:c-1,f-1,i0, conf=-1: [f230bc7e-d80c-430f-a4ff-61e0293dd1c7:192.168.36.126:44732, 99a70305-7b37-4d81-b817-04520db44446:192.168.36.126:41949, 87aead68-aaca-445a-b26b-2e9f12b24b75:192.168.36.126:36757], old=null
2019-09-25 08:28:36,347 [99a70305-7b37-4d81-b817-04520db44446@group-5051D78F8EF1:LeaderElection37] INFO  impl.RoleInfo (RoleInfo.java:shutdownLeaderElection(134)) - 99a70305-7b37-4d81-b817-04520db44446: shutdown LeaderElection
2019-09-25 08:28:36,349 [87aead68-aaca-445a-b26b-2e9f12b24b75@group-5051D78F8EF1:LeaderElection38] INFO  impl.RaftServerImpl (RaftServerImpl.java:setRole(174)) - 87aead68-aaca-445a-b26b-2e9f12b24b75@group-5051D78F8EF1: changes role from CANDIDATE to FOLLOWER at term 11 for DISCOVERED_A_NEW_TERM
2019-09-25 08:28:36,351 [99a70305-7b37-4d81-b817-04520db44446@group-5051D78F8EF1:LeaderElection37] INFO  impl.RoleInfo (RoleInfo.java:updateAndGet(143)) - 99a70305-7b37-4d81-b817-04520db44446: start FollowerState
2019-09-25 08:28:36,349 [f230bc7e-d80c-430f-a4ff-61e0293dd1c7@group-5051D78F8EF1:LeaderElection36] INFO  impl.LeaderElection (LeaderElection.java:logAndReturn(56)) - f230bc7e-d80c-430f-a4ff-61e0293dd1c7@group-5051D78F8EF1:LeaderElection36: Election REJECTED; received 2 response(s) [f230bc7e-d80c-430f-a4ff-61e0293dd1c7<-99a70305-7b37-4d81-b817-04520db44446#0:FAIL-t11, f230bc7e-d80c-430f-a4ff-61e0293dd1c7<-87aead68-aaca-445a-b26b-2e9f12b24b75#0:FAIL-t11] and 0 exception(s); f230bc7e-d80c-430f-a4ff-61e0293dd1c7@group-5051D78F8EF1:t11, leader=null, voted=f230bc7e-d80c-430f-a4ff-61e0293dd1c7, raftlog=f230bc7e-d80c-430f-a4ff-61e0293dd1c7@group-5051D78F8EF1-SegmentedRaftLog:OPENED:c-1,f-1,i0, conf=-1: [f230bc7e-d80c-430f-a4ff-61e0293dd1c7:192.168.36.126:44732, 99a70305-7b37-4d81-b817-04520db44446:192.168.36.126:41949, 87aead68-aaca-445a-b26b-2e9f12b24b75:192.168.36.126:36757], old=null
2019-09-25 08:28:36,351 [87aead68-aaca-445a-b26b-2e9f12b24b75@group-5051D78F8EF1:LeaderElection38] INFO  impl.RoleInfo (RoleInfo.java:shutdownLeaderElection(134)) - 87aead68-aaca-445a-b26b-2e9f12b24b75: shutdown LeaderElection
2019-09-25 08:28:36,352 [f230bc7e-d80c-430f-a4ff-61e0293dd1c7@group-5051D78F8EF1:LeaderElection36] INFO  impl.RaftServerImpl (RaftServerImpl.java:setRole(174)) - f230bc7e-d80c-430f-a4ff-61e0293dd1c7@group-5051D78F8EF1: changes role from CANDIDATE to FOLLOWER at term 11 for DISCOVERED_A_NEW_TERM
2019-09-25 08:28:36,353 [87aead68-aaca-445a-b26b-2e9f12b24b75@group-5051D78F8EF1:LeaderElection38] INFO  impl.RoleInfo (RoleInfo.java:updateAndGet(143)) - 87aead68-aaca-445a-b26b-2e9f12b24b75: start FollowerState
2019-09-25 08:28:36,354 [f230bc7e-d80c-430f-a4ff-61e0293dd1c7@group-5051D78F8EF1:LeaderElection36] INFO  impl.RoleInfo (RoleInfo.java:shutdownLeaderElection(134)) - f230bc7e-d80c-430f-a4ff-61e0293dd1c7: shutdown LeaderElection
2019-09-25 08:28:36,354 [f230bc7e-d80c-430f-a4ff-61e0293dd1c7@group-5051D78F8EF1:LeaderElection36] INFO  impl.RoleInfo (RoleInfo.java:updateAndGet(143)) - f230bc7e-d80c-430f-a4ff-61e0293dd1c7: start FollowerState
2019-09-25 08:28:41,357 [Thread-574] INFO  impl.FollowerState (FollowerState.java:run(106)) - 87aead68-aaca-445a-b26b-2e9f12b24b75:group-5051D78F8EF1 changes to CANDIDATE, lastRpcTime:5003, electionTimeout:5003ms
2019-09-25 08:28:41,358 [Thread-574] INFO  impl.RoleInfo (RoleInfo.java:shutdownFollowerState(121)) - 87aead68-aaca-445a-b26b-2e9f12b24b75: shutdown FollowerState
2019-09-25 08:28:41,359 [Thread-574] INFO  impl.RaftServerImpl (RaftServerImpl.java:setRole(174)) - 87aead68-aaca-445a-b26b-2e9f12b24b75@group-5051D78F8EF1: changes role from  FOLLOWER to CANDIDATE at term 11 for changeToCandidate
2019-09-25 08:28:41,359 [Thread-574] INFO  impl.RoleInfo (RoleInfo.java:updateAndGet(143)) - 87aead68-aaca-445a-b26b-2e9f12b24b75: start LeaderElection
2019-09-25 08:28:41,496 [Thread-575] INFO  impl.FollowerState (FollowerState.java:run(106)) - f230bc7e-d80c-430f-a4ff-61e0293dd1c7:group-5051D78F8EF1 changes to CANDIDATE, lastRpcTime:5141, electionTimeout:5141ms
2019-09-25 08:28:41,496 [Thread-575] INFO  impl.RoleInfo (RoleInfo.java:shutdownFollowerState(121)) - f230bc7e-d80c-430f-a4ff-61e0293dd1c7: shutdown FollowerState
2019-09-25 08:28:41,496 [Thread-575] INFO  impl.RaftServerImpl (RaftServerImpl.java:setRole(174)) - f230bc7e-d80c-430f-a4ff-61e0293dd1c7@group-5051D78F8EF1: changes role from  FOLLOWER to CANDIDATE at term 11 for changeToCandidate
2019-09-25 08:28:41,496 [Thread-575] INFO  impl.RoleInfo (RoleInfo.java:updateAndGet(143)) - f230bc7e-d80c-430f-a4ff-61e0293dd1c7: start LeaderElection
2019-09-25 08:28:41,549 [Thread-573] INFO  impl.FollowerState (FollowerState.java:run(106)) - 99a70305-7b37-4d81-b817-04520db44446:group-5051D78F8EF1 changes to CANDIDATE, lastRpcTime:5197, electionTimeout:5195ms
2019-09-25 08:28:41,549 [Thread-573] INFO  impl.RoleInfo (RoleInfo.java:shutdownFollowerState(121)) - 99a70305-7b37-4d81-b817-04520db44446: shutdown FollowerState
2019-09-25 08:28:41,549 [Thread-573] INFO  impl.RaftServerImpl (RaftServerImpl.java:setRole(174)) - 99a70305-7b37-4d81-b817-04520db44446@group-5051D78F8EF1: changes role from  FOLLOWER to CANDIDATE at term 11 for changeToCandidate
2019-09-25 08:28:41,549 [Thread-573] INFO  impl.RoleInfo (RoleInfo.java:updateAndGet(143)) - 99a70305-7b37-4d81-b817-04520db44446: start LeaderElection
2019-09-25 08:28:42,711 [87aead68-aaca-445a-b26b-2e9f12b24b75@group-5051D78F8EF1:LeaderElection39] INFO  impl.LeaderElection (LeaderElection.java:askForVotes(182)) - 87aead68-aaca-445a-b26b-2e9f12b24b75@group-5051D78F8EF1:LeaderElection39: begin an election at term 12 for -1: [f230bc7e-d80c-430f-a4ff-61e0293dd1c7:192.168.36.126:44732, 99a70305-7b37-4d81-b817-04520db44446:192.168.36.126:41949, 87aead68-aaca-445a-b26b-2e9f12b24b75:192.168.36.126:36757], old=null
2019-09-25 08:28:42,711 [99a70305-7b37-4d81-b817-04520db44446@group-5051D78F8EF1:LeaderElection41] INFO  impl.LeaderElection (LeaderElection.java:askForVotes(182)) - 99a70305-7b37-4d81-b817-04520db44446@group-5051D78F8EF1:LeaderElection41: begin an election at term 12 for -1: [f230bc7e-d80c-430f-a4ff-61e0293dd1c7:192.168.36.126:44732, 99a70305-7b37-4d81-b817-04520db44446:192.168.36.126:41949, 87aead68-aaca-445a-b26b-2e9f12b24b75:192.168.36.126:36757], old=null
2019-09-25 08:28:42,711 [f230bc7e-d80c-430f-a4ff-61e0293dd1c7@group-5051D78F8EF1:LeaderElection40] INFO  impl.LeaderElection (LeaderElection.java:askForVotes(182)) - f230bc7e-d80c-430f-a4ff-61e0293dd1c7@group-5051D78F8EF1:LeaderElection40: begin an election at term 12 for -1: [f230bc7e-d80c-430f-a4ff-61e0293dd1c7:192.168.36.126:44732, 99a70305-7b37-4d81-b817-04520db44446:192.168.36.126:41949, 87aead68-aaca-445a-b26b-2e9f12b24b75:192.168.36.126:36757], old=null
2019-09-25 08:28:42,720 [99a70305-7b37-4d81-b817-04520db44446@group-5051D78F8EF1:LeaderElection41] INFO  impl.LeaderElection (LeaderElection.java:logAndReturn(56)) - 99a70305-7b37-4d81-b817-04520db44446@group-5051D78F8EF1:LeaderElection41: Election REJECTED; received 2 response(s) [99a70305-7b37-4d81-b817-04520db44446<-f230bc7e-d80c-430f-a4ff-61e0293dd1c7#0:FAIL-t12, 99a70305-7b37-4d81-b817-04520db44446<-87aead68-aaca-445a-b26b-2e9f12b24b75#0:FAIL-t12] and 0 exception(s); 99a70305-7b37-4d81-b817-04520db44446@group-5051D78F8EF1:t12, leader=null, voted=99a70305-7b37-4d81-b817-04520db44446, raftlog=99a70305-7b37-4d81-b817-04520db44446@group-5051D78F8EF1-SegmentedRaftLog:OPENED:c-1,f-1,i0, conf=-1: [f230bc7e-d80c-430f-a4ff-61e0293dd1c7:192.168.36.126:44732, 99a70305-7b37-4d81-b817-04520db44446:192.168.36.126:41949, 87aead68-aaca-445a-b26b-2e9f12b24b75:192.168.36.126:36757], old=null
2019-09-25 08:28:42,721 [99a70305-7b37-4d81-b817-04520db44446@group-5051D78F8EF1:LeaderElection41] INFO  impl.RaftServerImpl (RaftServerImpl.java:setRole(174)) - 99a70305-7b37-4d81-b817-04520db44446@group-5051D78F8EF1: changes role from CANDIDATE to FOLLOWER at term 12 for DISCOVERED_A_NEW_TERM
2019-09-25 08:28:42,721 [99a70305-7b37-4d81-b817-04520db44446@group-5051D78F8EF1:LeaderElection41] INFO  impl.RoleInfo (RoleInfo.java:shutdownLeaderElection(134)) - 99a70305-7b37-4d81-b817-04520db44446: shutdown LeaderElection
2019-09-25 08:28:42,721 [99a70305-7b37-4d81-b817-04520db44446@group-5051D78F8EF1:LeaderElection41] INFO  impl.RoleInfo (RoleInfo.java:updateAndGet(143)) - 99a70305-7b37-4d81-b817-04520db44446: start FollowerState
2019-09-25 08:28:42,722 [87aead68-aaca-445a-b26b-2e9f12b24b75@group-5051D78F8EF1:LeaderElection39] INFO  impl.LeaderElection (LeaderElection.java:logAndReturn(56)) - 87aead68-aaca-445a-b26b-2e9f12b24b75@group-5051D78F8EF1:LeaderElection39: Election REJECTED; received 2 response(s) [87aead68-aaca-445a-b26b-2e9f12b24b75<-f230bc7e-d80c-430f-a4ff-61e0293dd1c7#0:FAIL-t12, 87aead68-aaca-445a-b26b-2e9f12b24b75<-99a70305-7b37-4d81-b817-04520db44446#0:FAIL-t12] and 0 exception(s); 87aead68-aaca-445a-b26b-2e9f12b24b75@group-5051D78F8EF1:t12, leader=null, voted=87aead68-aaca-445a-b26b-2e9f12b24b75, raftlog=87aead68-aaca-445a-b26b-2e9f12b24b75@group-5051D78F8EF1-SegmentedRaftLog:OPENED:c-1,f-1,i0, conf=-1: [f230bc7e-d80c-430f-a4ff-61e0293dd1c7:192.168.36.126:44732, 99a70305-7b37-4d81-b817-04520db44446:192.168.36.126:41949, 87aead68-aaca-445a-b26b-2e9f12b24b75:192.168.36.126:36757], old=null
2019-09-25 08:28:42,722 [f230bc7e-d80c-430f-a4ff-61e0293dd1c7@group-5051D78F8EF1:LeaderElection40] INFO  impl.LeaderElection (LeaderElection.java:logAndReturn(56)) - f230bc7e-d80c-430f-a4ff-61e0293dd1c7@group-5051D78F8EF1:LeaderElection40: Election REJECTED; received 2 response(s) [f230bc7e-d80c-430f-a4ff-61e0293dd1c7<-99a70305-7b37-4d81-b817-04520db44446#0:FAIL-t12, f230bc7e-d80c-430f-a4ff-61e0293dd1c7<-87aead68-aaca-445a-b26b-2e9f12b24b75#0:FAIL-t12] and 0 exception(s); f230bc7e-d80c-430f-a4ff-61e0293dd1c7@group-5051D78F8EF1:t12, leader=null, voted=f230bc7e-d80c-430f-a4ff-61e0293dd1c7, raftlog=f230bc7e-d80c-430f-a4ff-61e0293dd1c7@group-5051D78F8EF1-SegmentedRaftLog:OPENED:c-1,f-1,i0, conf=-1: [f230bc7e-d80c-430f-a4ff-61e0293dd1c7:192.168.36.126:44732, 99a70305-7b37-4d81-b817-04520db44446:192.168.36.126:41949, 87aead68-aaca-445a-b26b-2e9f12b24b75:192.168.36.126:36757], old=null
2019-09-25 08:28:42,724 [87aead68-aaca-445a-b26b-2e9f12b24b75@group-5051D78F8EF1:LeaderElection39] INFO  impl.RaftServerImpl (RaftServerImpl.java:setRole(174)) - 87aead68-aaca-445a-b26b-2e9f12b24b75@group-5051D78F8EF1: changes role from CANDIDATE to FOLLOWER at term 12 for DISCOVERED_A_NEW_TERM
2019-09-25 08:28:42,726 [f230bc7e-d80c-430f-a4ff-61e0293dd1c7@group-5051D78F8EF1:LeaderElection40] INFO  impl.RaftServerImpl (RaftServerImpl.java:setRole(174)) - f230bc7e-d80c-430f-a4ff-61e0293dd1c7@group-5051D78F8EF1: changes role from CANDIDATE to FOLLOWER at term 12 for DISCOVERED_A_NEW_TERM
2019-09-25 08:28:42,728 [f230bc7e-d80c-430f-a4ff-61e0293dd1c7@group-5051D78F8EF1:LeaderElection40] INFO  impl.RoleInfo (RoleInfo.java:shutdownLeaderElection(134)) - f230bc7e-d80c-430f-a4ff-61e0293dd1c7: shutdown LeaderElection
2019-09-25 08:28:42,726 [87aead68-aaca-445a-b26b-2e9f12b24b75@group-5051D78F8EF1:LeaderElection39] INFO  impl.RoleInfo (RoleInfo.java:shutdownLeaderElection(134)) - 87aead68-aaca-445a-b26b-2e9f12b24b75: shutdown LeaderElection
2019-09-25 08:28:42,728 [f230bc7e-d80c-430f-a4ff-61e0293dd1c7@group-5051D78F8EF1:LeaderElection40] INFO  impl.RoleInfo (RoleInfo.java:updateAndGet(143)) - f230bc7e-d80c-430f-a4ff-61e0293dd1c7: start FollowerState
2019-09-25 08:28:42,728 [87aead68-aaca-445a-b26b-2e9f12b24b75@group-5051D78F8EF1:LeaderElection39] INFO  impl.RoleInfo (RoleInfo.java:updateAndGet(143)) - 87aead68-aaca-445a-b26b-2e9f12b24b75: start FollowerState
2019-09-25 08:28:47,775 [Thread-597] INFO  impl.FollowerState (FollowerState.java:run(106)) - 99a70305-7b37-4d81-b817-04520db44446:group-5051D78F8EF1 changes to CANDIDATE, lastRpcTime:5053, electionTimeout:5053ms
2019-09-25 08:28:47,776 [Thread-597] INFO  impl.RoleInfo (RoleInfo.java:shutdownFollowerState(121)) - 99a70305-7b37-4d81-b817-04520db44446: shutdown FollowerState
2019-09-25 08:28:47,776 [Thread-597] INFO  impl.RaftServerImpl (RaftServerImpl.java:setRole(174)) - 99a70305-7b37-4d81-b817-04520db44446@group-5051D78F8EF1: changes role from  FOLLOWER to CANDIDATE at term 12 for changeToCandidate
2019-09-25 08:28:47,776 [Thread-597] INFO  impl.RoleInfo (RoleInfo.java:updateAndGet(143)) - 99a70305-7b37-4d81-b817-04520db44446: start LeaderElection
2019-09-25 08:28:47,817 [Thread-598] INFO  impl.FollowerState (FollowerState.java:run(106)) - f230bc7e-d80c-430f-a4ff-61e0293dd1c7:group-5051D78F8EF1 changes to CANDIDATE, lastRpcTime:5088, electionTimeout:5088ms
2019-09-25 08:28:47,817 [Thread-598] INFO  impl.RoleInfo (RoleInfo.java:shutdownFollowerState(121)) - f230bc7e-d80c-430f-a4ff-61e0293dd1c7: shutdown FollowerState
2019-09-25 08:28:47,817 [Thread-598] INFO  impl.RaftServerImpl (RaftServerImpl.java:setRole(174)) - f230bc7e-d80c-430f-a4ff-61e0293dd1c7@group-5051D78F8EF1: changes role from  FOLLOWER to CANDIDATE at term 12 for changeToCandidate
2019-09-25 08:28:47,818 [Thread-598] INFO  impl.RoleInfo (RoleInfo.java:updateAndGet(143)) - f230bc7e-d80c-430f-a4ff-61e0293dd1c7: start LeaderElection
2019-09-25 08:28:47,886 [Thread-599] INFO  impl.FollowerState (FollowerState.java:run(106)) - 87aead68-aaca-445a-b26b-2e9f12b24b75:group-5051D78F8EF1 changes to CANDIDATE, lastRpcTime:5157, electionTimeout:5157ms
2019-09-25 08:28:47,886 [Thread-599] INFO  impl.RoleInfo (RoleInfo.java:shutdownFollowerState(121)) - 87aead68-aaca-445a-b26b-2e9f12b24b75: shutdown FollowerState
2019-09-25 08:28:47,887 [Thread-599] INFO  impl.RaftServerImpl (RaftServerImpl.java:setRole(174)) - 87aead68-aaca-445a-b26b-2e9f12b24b75@group-5051D78F8EF1: changes role from  FOLLOWER to CANDIDATE at term 12 for changeToCandidate
2019-09-25 08:28:47,887 [Thread-599] INFO  impl.RoleInfo (RoleInfo.java:updateAndGet(143)) - 87aead68-aaca-445a-b26b-2e9f12b24b75: start LeaderElection
2019-09-25 08:28:52,931 [f230bc7e-d80c-430f-a4ff-61e0293dd1c7@group-5051D78F8EF1:LeaderElection43] INFO  impl.LeaderElection (LeaderElection.java:askForVotes(182)) - f230bc7e-d80c-430f-a4ff-61e0293dd1c7@group-5051D78F8EF1:LeaderElection43: begin an election at term 13 for -1: [f230bc7e-d80c-430f-a4ff-61e0293dd1c7:192.168.36.126:44732, 99a70305-7b37-4d81-b817-04520db44446:192.168.36.126:41949, 87aead68-aaca-445a-b26b-2e9f12b24b75:192.168.36.126:36757], old=null
2019-09-25 08:28:55,508 [87aead68-aaca-445a-b26b-2e9f12b24b75@group-5051D78F8EF1:LeaderElection44] INFO  impl.LeaderElection (LeaderElection.java:askForVotes(182)) - 87aead68-aaca-445a-b26b-2e9f12b24b75@group-5051D78F8EF1:LeaderElection44: begin an election at term 13 for -1: [f230bc7e-d80c-430f-a4ff-61e0293dd1c7:192.168.36.126:44732, 99a70305-7b37-4d81-b817-04520db44446:192.168.36.126:41949, 87aead68-aaca-445a-b26b-2e9f12b24b75:192.168.36.126:36757], old=null
2019-09-25 08:28:55,508 [99a70305-7b37-4d81-b817-04520db44446@group-5051D78F8EF1:LeaderElection42] INFO  impl.LeaderElection (LeaderElection.java:askForVotes(182)) - 99a70305-7b37-4d81-b817-04520db44446@group-5051D78F8EF1:LeaderElection42: begin an election at term 13 for -1: [f230bc7e-d80c-430f-a4ff-61e0293dd1c7:192.168.36.126:44732, 99a70305-7b37-4d81-b817-04520db44446:192.168.36.126:41949, 87aead68-aaca-445a-b26b-2e9f12b24b75:192.168.36.126:36757], old=null
2019-09-25 08:28:55,510 [f230bc7e-d80c-430f-a4ff-61e0293dd1c7@group-5051D78F8EF1:LeaderElection43] INFO  impl.LeaderElection (LeaderElection.java:logAndReturn(56)) - f230bc7e-d80c-430f-a4ff-61e0293dd1c7@group-5051D78F8EF1:LeaderElection43: Election REJECTED; received 2 response(s) [f230bc7e-d80c-430f-a4ff-61e0293dd1c7<-87aead68-aaca-445a-b26b-2e9f12b24b75#0:FAIL-t13, f230bc7e-d80c-430f-a4ff-61e0293dd1c7<-99a70305-7b37-4d81-b817-04520db44446#0:FAIL-t13] and 0 exception(s); f230bc7e-d80c-430f-a4ff-61e0293dd1c7@group-5051D78F8EF1:t13, leader=null, voted=f230bc7e-d80c-430f-a4ff-61e0293dd1c7, raftlog=f230bc7e-d80c-430f-a4ff-61e0293dd1c7@group-5051D78F8EF1-SegmentedRaftLog:OPENED:c-1,f-1,i0, conf=-1: [f230bc7e-d80c-430f-a4ff-61e0293dd1c7:192.168.36.126:44732, 99a70305-7b37-4d81-b817-04520db44446:192.168.36.126:41949, 87aead68-aaca-445a-b26b-2e9f12b24b75:192.168.36.126:36757], old=null
2019-09-25 08:28:55,510 [f230bc7e-d80c-430f-a4ff-61e0293dd1c7@group-5051D78F8EF1:LeaderElection43] INFO  impl.RaftServerImpl (RaftServerImpl.java:setRole(174)) - f230bc7e-d80c-430f-a4ff-61e0293dd1c7@group-5051D78F8EF1: changes role from CANDIDATE to FOLLOWER at term 13 for DISCOVERED_A_NEW_TERM
2019-09-25 08:28:55,511 [f230bc7e-d80c-430f-a4ff-61e0293dd1c7@group-5051D78F8EF1:LeaderElection43] INFO  impl.RoleInfo (RoleInfo.java:shutdownLeaderElection(134)) - f230bc7e-d80c-430f-a4ff-61e0293dd1c7: shutdown LeaderElection
2019-09-25 08:28:55,511 [f230bc7e-d80c-430f-a4ff-61e0293dd1c7@group-5051D78F8EF1:LeaderElection43] INFO  impl.RoleInfo (RoleInfo.java:updateAndGet(143)) - f230bc7e-d80c-430f-a4ff-61e0293dd1c7: start FollowerState
2019-09-25 08:28:55,514 [87aead68-aaca-445a-b26b-2e9f12b24b75@group-5051D78F8EF1:LeaderElection44] INFO  impl.LeaderElection (LeaderElection.java:logAndReturn(56)) - 87aead68-aaca-445a-b26b-2e9f12b24b75@group-5051D78F8EF1:LeaderElection44: Election REJECTED; received 2 response(s) [87aead68-aaca-445a-b26b-2e9f12b24b75<-f230bc7e-d80c-430f-a4ff-61e0293dd1c7#0:FAIL-t13, 87aead68-aaca-445a-b26b-2e9f12b24b75<-99a70305-7b37-4d81-b817-04520db44446#0:FAIL-t13] and 0 exception(s); 87aead68-aaca-445a-b26b-2e9f12b24b75@group-5051D78F8EF1:t13, leader=null, voted=87aead68-aaca-445a-b26b-2e9f12b24b75, raftlog=87aead68-aaca-445a-b26b-2e9f12b24b75@group-5051D78F8EF1-SegmentedRaftLog:OPENED:c-1,f-1,i0, conf=-1: [f230bc7e-d80c-430f-a4ff-61e0293dd1c7:192.168.36.126:44732, 99a70305-7b37-4d81-b817-04520db44446:192.168.36.126:41949, 87aead68-aaca-445a-b26b-2e9f12b24b75:192.168.36.126:36757], old=null
2019-09-25 08:28:55,517 [87aead68-aaca-445a-b26b-2e9f12b24b75@group-5051D78F8EF1:LeaderElection44] INFO  impl.RaftServerImpl (RaftServerImpl.java:setRole(174)) - 87aead68-aaca-445a-b26b-2e9f12b24b75@group-5051D78F8EF1: changes role from CANDIDATE to FOLLOWER at term 13 for DISCOVERED_A_NEW_TERM
2019-09-25 08:28:55,517 [87aead68-aaca-445a-b26b-2e9f12b24b75@group-5051D78F8EF1:LeaderElection44] INFO  impl.RoleInfo (RoleInfo.java:shutdownLeaderElection(134)) - 87aead68-aaca-445a-b26b-2e9f12b24b75: shutdown LeaderElection
2019-09-25 08:28:55,517 [87aead68-aaca-445a-b26b-2e9f12b24b75@group-5051D78F8EF1:LeaderElection44] INFO  impl.RoleInfo (RoleInfo.java:updateAndGet(143)) - 87aead68-aaca-445a-b26b-2e9f12b24b75: start FollowerState
2019-09-25 08:28:55,517 [99a70305-7b37-4d81-b817-04520db44446@group-5051D78F8EF1:LeaderElection42] INFO  impl.LeaderElection (LeaderElection.java:logAndReturn(56)) - 99a70305-7b37-4d81-b817-04520db44446@group-5051D78F8EF1:LeaderElection42: Election REJECTED; received 2 response(s) [99a70305-7b37-4d81-b817-04520db44446<-f230bc7e-d80c-430f-a4ff-61e0293dd1c7#0:FAIL-t13, 99a70305-7b37-4d81-b817-04520db44446<-87aead68-aaca-445a-b26b-2e9f12b24b75#0:FAIL-t13] and 0 exception(s); 99a70305-7b37-4d81-b817-04520db44446@group-5051D78F8EF1:t13, leader=null, voted=99a70305-7b37-4d81-b817-04520db44446, raftlog=99a70305-7b37-4d81-b817-04520db44446@group-5051D78F8EF1-SegmentedRaftLog:OPENED:c-1,f-1,i0, conf=-1: [f230bc7e-d80c-430f-a4ff-61e0293dd1c7:192.168.36.126:44732, 99a70305-7b37-4d81-b817-04520db44446:192.168.36.126:41949, 87aead68-aaca-445a-b26b-2e9f12b24b75:192.168.36.126:36757], old=null
2019-09-25 08:28:55,520 [99a70305-7b37-4d81-b817-04520db44446@group-5051D78F8EF1:LeaderElection42] INFO  impl.RaftServerImpl (RaftServerImpl.java:setRole(174)) - 99a70305-7b37-4d81-b817-04520db44446@group-5051D78F8EF1: changes role from CANDIDATE to FOLLOWER at term 13 for DISCOVERED_A_NEW_TERM
2019-09-25 08:28:55,520 [99a70305-7b37-4d81-b817-04520db44446@group-5051D78F8EF1:LeaderElection42] INFO  impl.RoleInfo (RoleInfo.java:shutdownLeaderElection(134)) - 99a70305-7b37-4d81-b817-04520db44446: shutdown LeaderElection
2019-09-25 08:28:55,520 [99a70305-7b37-4d81-b817-04520db44446@group-5051D78F8EF1:LeaderElection42] INFO  impl.RoleInfo (RoleInfo.java:updateAndGet(143)) - 99a70305-7b37-4d81-b817-04520db44446: start FollowerState
2019-09-25 08:29:00,529 [Thread-637] INFO  impl.FollowerState (FollowerState.java:run(106)) - 99a70305-7b37-4d81-b817-04520db44446:group-5051D78F8EF1 changes to CANDIDATE, lastRpcTime:5008, electionTimeout:5008ms
2019-09-25 08:29:00,533 [Thread-637] INFO  impl.RoleInfo (RoleInfo.java:shutdownFollowerState(121)) - 99a70305-7b37-4d81-b817-04520db44446: shutdown FollowerState
2019-09-25 08:29:00,533 [Thread-637] INFO  impl.RaftServerImpl (RaftServerImpl.java:setRole(174)) - 99a70305-7b37-4d81-b817-04520db44446@group-5051D78F8EF1: changes role from  FOLLOWER to CANDIDATE at term 13 for changeToCandidate
2019-09-25 08:29:00,533 [Thread-637] INFO  impl.RoleInfo (RoleInfo.java:updateAndGet(143)) - 99a70305-7b37-4d81-b817-04520db44446: start LeaderElection
2019-09-25 08:29:00,554 [Thread-636] INFO  impl.FollowerState (FollowerState.java:run(106)) - 87aead68-aaca-445a-b26b-2e9f12b24b75:group-5051D78F8EF1 changes to CANDIDATE, lastRpcTime:5036, electionTimeout:5034ms
2019-09-25 08:29:00,554 [Thread-636] INFO  impl.RoleInfo (RoleInfo.java:shutdownFollowerState(121)) - 87aead68-aaca-445a-b26b-2e9f12b24b75: shutdown FollowerState
2019-09-25 08:29:00,554 [Thread-636] INFO  impl.RaftServerImpl (RaftServerImpl.java:setRole(174)) - 87aead68-aaca-445a-b26b-2e9f12b24b75@group-5051D78F8EF1: changes role from  FOLLOWER to CANDIDATE at term 13 for changeToCandidate
2019-09-25 08:29:00,554 [Thread-636] INFO  impl.RoleInfo (RoleInfo.java:updateAndGet(143)) - 87aead68-aaca-445a-b26b-2e9f12b24b75: start LeaderElection
2019-09-25 08:29:00,653 [Thread-635] INFO  impl.FollowerState (FollowerState.java:run(106)) - f230bc7e-d80c-430f-a4ff-61e0293dd1c7:group-5051D78F8EF1 changes to CANDIDATE, lastRpcTime:5141, electionTimeout:5141ms
2019-09-25 08:29:00,653 [Thread-635] INFO  impl.RoleInfo (RoleInfo.java:shutdownFollowerState(121)) - f230bc7e-d80c-430f-a4ff-61e0293dd1c7: shutdown FollowerState
2019-09-25 08:29:00,653 [Thread-635] INFO  impl.RaftServerImpl (RaftServerImpl.java:setRole(174)) - f230bc7e-d80c-430f-a4ff-61e0293dd1c7@group-5051D78F8EF1: changes role from  FOLLOWER to CANDIDATE at term 13 for changeToCandidate
2019-09-25 08:29:00,654 [Thread-635] INFO  impl.RoleInfo (RoleInfo.java:updateAndGet(143)) - f230bc7e-d80c-430f-a4ff-61e0293dd1c7: start LeaderElection
2019-09-25 08:29:02,477 [99a70305-7b37-4d81-b817-04520db44446@group-5051D78F8EF1:LeaderElection45] INFO  impl.LeaderElection (LeaderElection.java:askForVotes(182)) - 99a70305-7b37-4d81-b817-04520db44446@group-5051D78F8EF1:LeaderElection45: begin an election at term 14 for -1: [f230bc7e-d80c-430f-a4ff-61e0293dd1c7:192.168.36.126:44732, 99a70305-7b37-4d81-b817-04520db44446:192.168.36.126:41949, 87aead68-aaca-445a-b26b-2e9f12b24b75:192.168.36.126:36757], old=null
2019-09-25 08:29:02,477 [f230bc7e-d80c-430f-a4ff-61e0293dd1c7@group-5051D78F8EF1:LeaderElection47] INFO  impl.LeaderElection (LeaderElection.java:askForVotes(182)) - f230bc7e-d80c-430f-a4ff-61e0293dd1c7@group-5051D78F8EF1:LeaderElection47: begin an election at term 14 for -1: [f230bc7e-d80c-430f-a4ff-61e0293dd1c7:192.168.36.126:44732, 99a70305-7b37-4d81-b817-04520db44446:192.168.36.126:41949, 87aead68-aaca-445a-b26b-2e9f12b24b75:192.168.36.126:36757], old=null
2019-09-25 08:29:02,477 [87aead68-aaca-445a-b26b-2e9f12b24b75@group-5051D78F8EF1:LeaderElection46] INFO  impl.LeaderElection (LeaderElection.java:askForVotes(182)) - 87aead68-aaca-445a-b26b-2e9f12b24b75@group-5051D78F8EF1:LeaderElection46: begin an election at term 14 for -1: [f230bc7e-d80c-430f-a4ff-61e0293dd1c7:192.168.36.126:44732, 99a70305-7b37-4d81-b817-04520db44446:192.168.36.126:41949, 87aead68-aaca-445a-b26b-2e9f12b24b75:192.168.36.126:36757], old=null
2019-09-25 08:29:02,486 [99a70305-7b37-4d81-b817-04520db44446@group-5051D78F8EF1:LeaderElection45] INFO  impl.LeaderElection (LeaderElection.java:logAndReturn(56)) - 99a70305-7b37-4d81-b817-04520db44446@group-5051D78F8EF1:LeaderElection45: Election REJECTED; received 2 response(s) [99a70305-7b37-4d81-b817-04520db44446<-f230bc7e-d80c-430f-a4ff-61e0293dd1c7#0:FAIL-t14, 99a70305-7b37-4d81-b817-04520db44446<-87aead68-aaca-445a-b26b-2e9f12b24b75#0:FAIL-t14] and 0 exception(s); 99a70305-7b37-4d81-b817-04520db44446@group-5051D78F8EF1:t14, leader=null, voted=99a70305-7b37-4d81-b817-04520db44446, raftlog=99a70305-7b37-4d81-b817-04520db44446@group-5051D78F8EF1-SegmentedRaftLog:OPENED:c-1,f-1,i0, conf=-1: [f230bc7e-d80c-430f-a4ff-61e0293dd1c7:192.168.36.126:44732, 99a70305-7b37-4d81-b817-04520db44446:192.168.36.126:41949, 87aead68-aaca-445a-b26b-2e9f12b24b75:192.168.36.126:36757], old=null
2019-09-25 08:29:02,486 [99a70305-7b37-4d81-b817-04520db44446@group-5051D78F8EF1:LeaderElection45] INFO  impl.RaftServerImpl (RaftServerImpl.java:setRole(174)) - 99a70305-7b37-4d81-b817-04520db44446@group-5051D78F8EF1: changes role from CANDIDATE to FOLLOWER at term 14 for DISCOVERED_A_NEW_TERM
2019-09-25 08:29:02,487 [99a70305-7b37-4d81-b817-04520db44446@group-5051D78F8EF1:LeaderElection45] INFO  impl.RoleInfo (RoleInfo.java:shutdownLeaderElection(134)) - 99a70305-7b37-4d81-b817-04520db44446: shutdown LeaderElection
2019-09-25 08:29:02,487 [99a70305-7b37-4d81-b817-04520db44446@group-5051D78F8EF1:LeaderElection45] INFO  impl.RoleInfo (RoleInfo.java:updateAndGet(143)) - 99a70305-7b37-4d81-b817-04520db44446: start FollowerState
2019-09-25 08:29:02,487 [87aead68-aaca-445a-b26b-2e9f12b24b75@group-5051D78F8EF1:LeaderElection46] INFO  impl.LeaderElection (LeaderElection.java:logAndReturn(56)) - 87aead68-aaca-445a-b26b-2e9f12b24b75@group-5051D78F8EF1:LeaderElection46: Election REJECTED; received 2 response(s) [87aead68-aaca-445a-b26b-2e9f12b24b75<-f230bc7e-d80c-430f-a4ff-61e0293dd1c7#0:FAIL-t14, 87aead68-aaca-445a-b26b-2e9f12b24b75<-99a70305-7b37-4d81-b817-04520db44446#0:FAIL-t14] and 0 exception(s); 87aead68-aaca-445a-b26b-2e9f12b24b75@group-5051D78F8EF1:t14, leader=null, voted=87aead68-aaca-445a-b26b-2e9f12b24b75, raftlog=87aead68-aaca-445a-b26b-2e9f12b24b75@group-5051D78F8EF1-SegmentedRaftLog:OPENED:c-1,f-1,i0, conf=-1: [f230bc7e-d80c-430f-a4ff-61e0293dd1c7:192.168.36.126:44732, 99a70305-7b37-4d81-b817-04520db44446:192.168.36.126:41949, 87aead68-aaca-445a-b26b-2e9f12b24b75:192.168.36.126:36757], old=null
2019-09-25 08:29:02,489 [87aead68-aaca-445a-b26b-2e9f12b24b75@group-5051D78F8EF1:LeaderElection46] INFO  impl.RaftServerImpl (RaftServerImpl.java:setRole(174)) - 87aead68-aaca-445a-b26b-2e9f12b24b75@group-5051D78F8EF1: changes role from CANDIDATE to FOLLOWER at term 14 for DISCOVERED_A_NEW_TERM
2019-09-25 08:29:02,490 [f230bc7e-d80c-430f-a4ff-61e0293dd1c7@group-5051D78F8EF1:LeaderElection47] INFO  impl.LeaderElection (LeaderElection.java:logAndReturn(56)) - f230bc7e-d80c-430f-a4ff-61e0293dd1c7@group-5051D78F8EF1:LeaderElection47: Election REJECTED; received 2 response(s) [f230bc7e-d80c-430f-a4ff-61e0293dd1c7<-99a70305-7b37-4d81-b817-04520db44446#0:FAIL-t14, f230bc7e-d80c-430f-a4ff-61e0293dd1c7<-87aead68-aaca-445a-b26b-2e9f12b24b75#0:FAIL-t14] and 0 exception(s); f230bc7e-d80c-430f-a4ff-61e0293dd1c7@group-5051D78F8EF1:t14, leader=null, voted=f230bc7e-d80c-430f-a4ff-61e0293dd1c7, raftlog=f230bc7e-d80c-430f-a4ff-61e0293dd1c7@group-5051D78F8EF1-SegmentedRaftLog:OPENED:c-1,f-1,i0, conf=-1: [f230bc7e-d80c-430f-a4ff-61e0293dd1c7:192.168.36.126:44732, 99a70305-7b37-4d81-b817-04520db44446:192.168.36.126:41949, 87aead68-aaca-445a-b26b-2e9f12b24b75:192.168.36.126:36757], old=null
2019-09-25 08:29:02,490 [87aead68-aaca-445a-b26b-2e9f12b24b75@group-5051D78F8EF1:LeaderElection46] INFO  impl.RoleInfo (RoleInfo.java:shutdownLeaderElection(134)) - 87aead68-aaca-445a-b26b-2e9f12b24b75: shutdown LeaderElection
2019-09-25 08:29:02,491 [f230bc7e-d80c-430f-a4ff-61e0293dd1c7@group-5051D78F8EF1:LeaderElection47] INFO  impl.RaftServerImpl (RaftServerImpl.java:setRole(174)) - f230bc7e-d80c-430f-a4ff-61e0293dd1c7@group-5051D78F8EF1: changes role from CANDIDATE to FOLLOWER at term 14 for DISCOVERED_A_NEW_TERM
2019-09-25 08:29:02,493 [87aead68-aaca-445a-b26b-2e9f12b24b75@group-5051D78F8EF1:LeaderElection46] INFO  impl.RoleInfo (RoleInfo.java:updateAndGet(143)) - 87aead68-aaca-445a-b26b-2e9f12b24b75: start FollowerState
2019-09-25 08:29:02,493 [f230bc7e-d80c-430f-a4ff-61e0293dd1c7@group-5051D78F8EF1:LeaderElection47] INFO  impl.RoleInfo (RoleInfo.java:shutdownLeaderElection(134)) - f230bc7e-d80c-430f-a4ff-61e0293dd1c7: shutdown LeaderElection
2019-09-25 08:29:02,494 [f230bc7e-d80c-430f-a4ff-61e0293dd1c7@group-5051D78F8EF1:LeaderElection47] INFO  impl.RoleInfo (RoleInfo.java:updateAndGet(143)) - f230bc7e-d80c-430f-a4ff-61e0293dd1c7: start FollowerState
2019-09-25 08:29:07,572 [Thread-666] INFO  impl.FollowerState (FollowerState.java:run(106)) - 99a70305-7b37-4d81-b817-04520db44446:group-5051D78F8EF1 changes to CANDIDATE, lastRpcTime:5084, electionTimeout:5082ms
2019-09-25 08:29:07,574 [Thread-666] INFO  impl.RoleInfo (RoleInfo.java:shutdownFollowerState(121)) - 99a70305-7b37-4d81-b817-04520db44446: shutdown FollowerState
2019-09-25 08:29:07,574 [Thread-666] INFO  impl.RaftServerImpl (RaftServerImpl.java:setRole(174)) - 99a70305-7b37-4d81-b817-04520db44446@group-5051D78F8EF1: changes role from  FOLLOWER to CANDIDATE at term 14 for changeToCandidate
2019-09-25 08:29:07,614 [Thread-666] ERROR ratis.XceiverServerRatis (XceiverServerRatis.java:triggerPipelineClose(575)) - pipeline Action CLOSE  on pipeline PipelineID=a0f68d11-c917-4373-a31e-5051d78f8ef1.Reason : 99a70305-7b37-4d81-b817-04520db44446 is in candidate state for 126188ms
2019-09-25 08:29:07,615 [Thread-666] INFO  impl.RoleInfo (RoleInfo.java:updateAndGet(143)) - 99a70305-7b37-4d81-b817-04520db44446: start LeaderElection
2019-09-25 08:29:07,635 [Thread-668] INFO  impl.FollowerState (FollowerState.java:run(106)) - f230bc7e-d80c-430f-a4ff-61e0293dd1c7:group-5051D78F8EF1 changes to CANDIDATE, lastRpcTime:5141, electionTimeout:5141ms
2019-09-25 08:29:07,635 [Thread-668] INFO  impl.RoleInfo (RoleInfo.java:shutdownFollowerState(121)) - f230bc7e-d80c-430f-a4ff-61e0293dd1c7: shutdown FollowerState
2019-09-25 08:29:07,636 [Thread-668] INFO  impl.RaftServerImpl (RaftServerImpl.java:setRole(174)) - f230bc7e-d80c-430f-a4ff-61e0293dd1c7@group-5051D78F8EF1: changes role from  FOLLOWER to CANDIDATE at term 14 for changeToCandidate
2019-09-25 08:29:07,638 [Thread-668] ERROR ratis.XceiverServerRatis (XceiverServerRatis.java:triggerPipelineClose(575)) - pipeline Action CLOSE  on pipeline PipelineID=a0f68d11-c917-4373-a31e-5051d78f8ef1.Reason : f230bc7e-d80c-430f-a4ff-61e0293dd1c7 is in candidate state for 126229ms
2019-09-25 08:29:07,638 [Thread-668] INFO  impl.RoleInfo (RoleInfo.java:updateAndGet(143)) - f230bc7e-d80c-430f-a4ff-61e0293dd1c7: start LeaderElection
2019-09-25 08:29:07,650 [Thread-667] INFO  impl.FollowerState (FollowerState.java:run(106)) - 87aead68-aaca-445a-b26b-2e9f12b24b75:group-5051D78F8EF1 changes to CANDIDATE, lastRpcTime:5158, electionTimeout:5156ms
2019-09-25 08:29:07,650 [Thread-667] INFO  impl.RoleInfo (RoleInfo.java:shutdownFollowerState(121)) - 87aead68-aaca-445a-b26b-2e9f12b24b75: shutdown FollowerState
2019-09-25 08:29:07,650 [Thread-667] INFO  impl.RaftServerImpl (RaftServerImpl.java:setRole(174)) - 87aead68-aaca-445a-b26b-2e9f12b24b75@group-5051D78F8EF1: changes role from  FOLLOWER to CANDIDATE at term 14 for changeToCandidate
2019-09-25 08:29:07,652 [Thread-667] ERROR ratis.XceiverServerRatis (XceiverServerRatis.java:triggerPipelineClose(575)) - pipeline Action CLOSE  on pipeline PipelineID=a0f68d11-c917-4373-a31e-5051d78f8ef1.Reason : 87aead68-aaca-445a-b26b-2e9f12b24b75 is in candidate state for 126243ms
2019-09-25 08:29:07,652 [Thread-667] INFO  impl.RoleInfo (RoleInfo.java:updateAndGet(143)) - 87aead68-aaca-445a-b26b-2e9f12b24b75: start LeaderElection
2019-09-25 08:29:07,659 [EventQueue-PipelineActionsForPipelineActionHandler] ERROR pipeline.PipelineActionHandler (PipelineActionHandler.java:onMessage(60)) - Received pipeline action CLOSE for Pipeline[ Id: a0f68d11-c917-4373-a31e-5051d78f8ef1, Nodes: 99a70305-7b37-4d81-b817-04520db44446{ip: 192.168.36.126, host: pr-hdds-2174-pqx5g-486351168, networkLocation: /default-rack, certSerialId: null}87aead68-aaca-445a-b26b-2e9f12b24b75{ip: 192.168.36.126, host: pr-hdds-2174-pqx5g-486351168, networkLocation: /default-rack, certSerialId: null}f230bc7e-d80c-430f-a4ff-61e0293dd1c7{ip: 192.168.36.126, host: pr-hdds-2174-pqx5g-486351168, networkLocation: /default-rack, certSerialId: null}, Type:RATIS, Factor:THREE, State:OPEN] from datanode 87aead68-aaca-445a-b26b-2e9f12b24b75{ip: 192.168.36.126, host: pr-hdds-2174-pqx5g-486351168, networkLocation: /default-rack, certSerialId: null}. Reason : 87aead68-aaca-445a-b26b-2e9f12b24b75 is in candidate state for 126243ms
2019-09-25 08:29:07,659 [EventQueue-PipelineActionsForPipelineActionHandler] INFO  pipeline.SCMPipelineManager (SCMPipelineManager.java:finalizeAndDestroyPipeline(315)) - destroying pipeline:Pipeline[ Id: a0f68d11-c917-4373-a31e-5051d78f8ef1, Nodes: 99a70305-7b37-4d81-b817-04520db44446{ip: 192.168.36.126, host: pr-hdds-2174-pqx5g-486351168, networkLocation: /default-rack, certSerialId: null}87aead68-aaca-445a-b26b-2e9f12b24b75{ip: 192.168.36.126, host: pr-hdds-2174-pqx5g-486351168, networkLocation: /default-rack, certSerialId: null}f230bc7e-d80c-430f-a4ff-61e0293dd1c7{ip: 192.168.36.126, host: pr-hdds-2174-pqx5g-486351168, networkLocation: /default-rack, certSerialId: null}, Type:RATIS, Factor:THREE, State:OPEN]
2019-09-25 08:29:07,662 [EventQueue-PipelineActionsForPipelineActionHandler] INFO  pipeline.PipelineStateManager (PipelineStateManager.java:finalizePipeline(123)) - Pipeline Pipeline[ Id: a0f68d11-c917-4373-a31e-5051d78f8ef1, Nodes: 99a70305-7b37-4d81-b817-04520db44446{ip: 192.168.36.126, host: pr-hdds-2174-pqx5g-486351168, networkLocation: /default-rack, certSerialId: null}87aead68-aaca-445a-b26b-2e9f12b24b75{ip: 192.168.36.126, host: pr-hdds-2174-pqx5g-486351168, networkLocation: /default-rack, certSerialId: null}f230bc7e-d80c-430f-a4ff-61e0293dd1c7{ip: 192.168.36.126, host: pr-hdds-2174-pqx5g-486351168, networkLocation: /default-rack, certSerialId: null}, Type:RATIS, Factor:THREE, State:CLOSED] moved to CLOSED state
2019-09-25 08:29:07,666 [EventQueue-CloseContainerForCloseContainerEventHandler] INFO  container.CloseContainerEventHandler (CloseContainerEventHandler.java:onMessage(61)) - Close container Event triggered for container : #1
2019-09-25 08:29:08,323 [f230bc7e-d80c-430f-a4ff-61e0293dd1c7@group-5051D78F8EF1:LeaderElection49] INFO  impl.LeaderElection (LeaderElection.java:askForVotes(182)) - f230bc7e-d80c-430f-a4ff-61e0293dd1c7@group-5051D78F8EF1:LeaderElection49: begin an election at term 15 for -1: [f230bc7e-d80c-430f-a4ff-61e0293dd1c7:192.168.36.126:44732, 99a70305-7b37-4d81-b817-04520db44446:192.168.36.126:41949, 87aead68-aaca-445a-b26b-2e9f12b24b75:192.168.36.126:36757], old=null
2019-09-25 08:29:08,323 [99a70305-7b37-4d81-b817-04520db44446@group-5051D78F8EF1:LeaderElection48] INFO  impl.LeaderElection (LeaderElection.java:askForVotes(182)) - 99a70305-7b37-4d81-b817-04520db44446@group-5051D78F8EF1:LeaderElection48: begin an election at term 15 for -1: [f230bc7e-d80c-430f-a4ff-61e0293dd1c7:192.168.36.126:44732, 99a70305-7b37-4d81-b817-04520db44446:192.168.36.126:41949, 87aead68-aaca-445a-b26b-2e9f12b24b75:192.168.36.126:36757], old=null
2019-09-25 08:29:08,323 [87aead68-aaca-445a-b26b-2e9f12b24b75@group-5051D78F8EF1:LeaderElection50] INFO  impl.LeaderElection (LeaderElection.java:askForVotes(182)) - 87aead68-aaca-445a-b26b-2e9f12b24b75@group-5051D78F8EF1:LeaderElection50: begin an election at term 15 for -1: [f230bc7e-d80c-430f-a4ff-61e0293dd1c7:192.168.36.126:44732, 99a70305-7b37-4d81-b817-04520db44446:192.168.36.126:41949, 87aead68-aaca-445a-b26b-2e9f12b24b75:192.168.36.126:36757], old=null
2019-09-25 08:29:08,339 [f230bc7e-d80c-430f-a4ff-61e0293dd1c7@group-5051D78F8EF1:LeaderElection49] INFO  impl.LeaderElection (LeaderElection.java:logAndReturn(56)) - f230bc7e-d80c-430f-a4ff-61e0293dd1c7@group-5051D78F8EF1:LeaderElection49: Election REJECTED; received 2 response(s) [f230bc7e-d80c-430f-a4ff-61e0293dd1c7<-87aead68-aaca-445a-b26b-2e9f12b24b75#0:FAIL-t15, f230bc7e-d80c-430f-a4ff-61e0293dd1c7<-99a70305-7b37-4d81-b817-04520db44446#0:FAIL-t15] and 0 exception(s); f230bc7e-d80c-430f-a4ff-61e0293dd1c7@group-5051D78F8EF1:t15, leader=null, voted=f230bc7e-d80c-430f-a4ff-61e0293dd1c7, raftlog=f230bc7e-d80c-430f-a4ff-61e0293dd1c7@group-5051D78F8EF1-SegmentedRaftLog:OPENED:c-1,f-1,i0, conf=-1: [f230bc7e-d80c-430f-a4ff-61e0293dd1c7:192.168.36.126:44732, 99a70305-7b37-4d81-b817-04520db44446:192.168.36.126:41949, 87aead68-aaca-445a-b26b-2e9f12b24b75:192.168.36.126:36757], old=null
2019-09-25 08:29:08,339 [99a70305-7b37-4d81-b817-04520db44446@group-5051D78F8EF1:LeaderElection48] INFO  impl.LeaderElection (LeaderElection.java:logAndReturn(56)) - 99a70305-7b37-4d81-b817-04520db44446@group-5051D78F8EF1:LeaderElection48: Election REJECTED; received 2 response(s) [99a70305-7b37-4d81-b817-04520db44446<-f230bc7e-d80c-430f-a4ff-61e0293dd1c7#0:FAIL-t15, 99a70305-7b37-4d81-b817-04520db44446<-87aead68-aaca-445a-b26b-2e9f12b24b75#0:FAIL-t15] and 0 exception(s); 99a70305-7b37-4d81-b817-04520db44446@group-5051D78F8EF1:t15, leader=null, voted=99a70305-7b37-4d81-b817-04520db44446, raftlog=99a70305-7b37-4d81-b817-04520db44446@group-5051D78F8EF1-SegmentedRaftLog:OPENED:c-1,f-1,i0, conf=-1: [f230bc7e-d80c-430f-a4ff-61e0293dd1c7:192.168.36.126:44732, 99a70305-7b37-4d81-b817-04520db44446:192.168.36.126:41949, 87aead68-aaca-445a-b26b-2e9f12b24b75:192.168.36.126:36757], old=null
2019-09-25 08:29:08,339 [f230bc7e-d80c-430f-a4ff-61e0293dd1c7@group-5051D78F8EF1:LeaderElection49] INFO  impl.RaftServerImpl (RaftServerImpl.java:setRole(174)) - f230bc7e-d80c-430f-a4ff-61e0293dd1c7@group-5051D78F8EF1: changes role from CANDIDATE to FOLLOWER at term 15 for DISCOVERED_A_NEW_TERM
2019-09-25 08:29:08,341 [99a70305-7b37-4d81-b817-04520db44446@group-5051D78F8EF1:LeaderElection48] INFO  impl.RaftServerImpl (RaftServerImpl.java:setRole(174)) - 99a70305-7b37-4d81-b817-04520db44446@group-5051D78F8EF1: changes role from CANDIDATE to FOLLOWER at term 15 for DISCOVERED_A_NEW_TERM
2019-09-25 08:29:08,342 [99a70305-7b37-4d81-b817-04520db44446@group-5051D78F8EF1:LeaderElection48] INFO  impl.RoleInfo (RoleInfo.java:shutdownLeaderElection(134)) - 99a70305-7b37-4d81-b817-04520db44446: shutdown LeaderElection
2019-09-25 08:29:08,342 [f230bc7e-d80c-430f-a4ff-61e0293dd1c7@group-5051D78F8EF1:LeaderElection49] INFO  impl.RoleInfo (RoleInfo.java:shutdownLeaderElection(134)) - f230bc7e-d80c-430f-a4ff-61e0293dd1c7: shutdown LeaderElection
2019-09-25 08:29:08,342 [99a70305-7b37-4d81-b817-04520db44446@group-5051D78F8EF1:LeaderElection48] INFO  impl.RoleInfo (RoleInfo.java:updateAndGet(143)) - 99a70305-7b37-4d81-b817-04520db44446: start FollowerState
2019-09-25 08:29:08,342 [87aead68-aaca-445a-b26b-2e9f12b24b75@group-5051D78F8EF1:LeaderElection50] INFO  impl.LeaderElection (LeaderElection.java:logAndReturn(56)) - 87aead68-aaca-445a-b26b-2e9f12b24b75@group-5051D78F8EF1:LeaderElection50: Election REJECTED; received 2 response(s) [87aead68-aaca-445a-b26b-2e9f12b24b75<-f230bc7e-d80c-430f-a4ff-61e0293dd1c7#0:FAIL-t15, 87aead68-aaca-445a-b26b-2e9f12b24b75<-99a70305-7b37-4d81-b817-04520db44446#0:FAIL-t15] and 0 exception(s); 87aead68-aaca-445a-b26b-2e9f12b24b75@group-5051D78F8EF1:t15, leader=null, voted=87aead68-aaca-445a-b26b-2e9f12b24b75, raftlog=87aead68-aaca-445a-b26b-2e9f12b24b75@group-5051D78F8EF1-SegmentedRaftLog:OPENED:c-1,f-1,i0, conf=-1: [f230bc7e-d80c-430f-a4ff-61e0293dd1c7:192.168.36.126:44732, 99a70305-7b37-4d81-b817-04520db44446:192.168.36.126:41949, 87aead68-aaca-445a-b26b-2e9f12b24b75:192.168.36.126:36757], old=null
2019-09-25 08:29:08,342 [f230bc7e-d80c-430f-a4ff-61e0293dd1c7@group-5051D78F8EF1:LeaderElection49] INFO  impl.RoleInfo (RoleInfo.java:updateAndGet(143)) - f230bc7e-d80c-430f-a4ff-61e0293dd1c7: start FollowerState
2019-09-25 08:29:08,343 [87aead68-aaca-445a-b26b-2e9f12b24b75@group-5051D78F8EF1:LeaderElection50] INFO  impl.RaftServerImpl (RaftServerImpl.java:setRole(174)) - 87aead68-aaca-445a-b26b-2e9f12b24b75@group-5051D78F8EF1: changes role from CANDIDATE to FOLLOWER at term 15 for DISCOVERED_A_NEW_TERM
2019-09-25 08:29:08,344 [87aead68-aaca-445a-b26b-2e9f12b24b75@group-5051D78F8EF1:LeaderElection50] INFO  impl.RoleInfo (RoleInfo.java:shutdownLeaderElection(134)) - 87aead68-aaca-445a-b26b-2e9f12b24b75: shutdown LeaderElection
2019-09-25 08:29:08,344 [87aead68-aaca-445a-b26b-2e9f12b24b75@group-5051D78F8EF1:LeaderElection50] INFO  impl.RoleInfo (RoleInfo.java:updateAndGet(143)) - 87aead68-aaca-445a-b26b-2e9f12b24b75: start FollowerState
2019-09-25 08:29:08,415 [EventQueue-PipelineActionsForPipelineActionHandler] ERROR pipeline.PipelineActionHandler (PipelineActionHandler.java:onMessage(60)) - Received pipeline action CLOSE for Pipeline[ Id: a0f68d11-c917-4373-a31e-5051d78f8ef1, Nodes: 99a70305-7b37-4d81-b817-04520db44446{ip: 192.168.36.126, host: pr-hdds-2174-pqx5g-486351168, networkLocation: /default-rack, certSerialId: null}87aead68-aaca-445a-b26b-2e9f12b24b75{ip: 192.168.36.126, host: pr-hdds-2174-pqx5g-486351168, networkLocation: /default-rack, certSerialId: null}f230bc7e-d80c-430f-a4ff-61e0293dd1c7{ip: 192.168.36.126, host: pr-hdds-2174-pqx5g-486351168, networkLocation: /default-rack, certSerialId: null}, Type:RATIS, Factor:THREE, State:CLOSED] from datanode 99a70305-7b37-4d81-b817-04520db44446{ip: 192.168.36.126, host: pr-hdds-2174-pqx5g-486351168, networkLocation: /default-rack, certSerialId: null}. Reason : 99a70305-7b37-4d81-b817-04520db44446 is in candidate state for 126188ms
2019-09-25 08:29:08,416 [EventQueue-PipelineActionsForPipelineActionHandler] INFO  pipeline.SCMPipelineManager (SCMPipelineManager.java:finalizeAndDestroyPipeline(315)) - destroying pipeline:Pipeline[ Id: a0f68d11-c917-4373-a31e-5051d78f8ef1, Nodes: 99a70305-7b37-4d81-b817-04520db44446{ip: 192.168.36.126, host: pr-hdds-2174-pqx5g-486351168, networkLocation: /default-rack, certSerialId: null}87aead68-aaca-445a-b26b-2e9f12b24b75{ip: 192.168.36.126, host: pr-hdds-2174-pqx5g-486351168, networkLocation: /default-rack, certSerialId: null}f230bc7e-d80c-430f-a4ff-61e0293dd1c7{ip: 192.168.36.126, host: pr-hdds-2174-pqx5g-486351168, networkLocation: /default-rack, certSerialId: null}, Type:RATIS, Factor:THREE, State:CLOSED]
2019-09-25 08:29:08,546 [EventQueue-PipelineActionsForPipelineActionHandler] ERROR pipeline.PipelineActionHandler (PipelineActionHandler.java:onMessage(60)) - Received pipeline action CLOSE for Pipeline[ Id: a0f68d11-c917-4373-a31e-5051d78f8ef1, Nodes: 99a70305-7b37-4d81-b817-04520db44446{ip: 192.168.36.126, host: pr-hdds-2174-pqx5g-486351168, networkLocation: /default-rack, certSerialId: null}87aead68-aaca-445a-b26b-2e9f12b24b75{ip: 192.168.36.126, host: pr-hdds-2174-pqx5g-486351168, networkLocation: /default-rack, certSerialId: null}f230bc7e-d80c-430f-a4ff-61e0293dd1c7{ip: 192.168.36.126, host: pr-hdds-2174-pqx5g-486351168, networkLocation: /default-rack, certSerialId: null}, Type:RATIS, Factor:THREE, State:CLOSED] from datanode f230bc7e-d80c-430f-a4ff-61e0293dd1c7{ip: 192.168.36.126, host: pr-hdds-2174-pqx5g-486351168, networkLocation: /default-rack, certSerialId: null}. Reason : f230bc7e-d80c-430f-a4ff-61e0293dd1c7 is in candidate state for 126229ms
2019-09-25 08:29:08,546 [EventQueue-PipelineActionsForPipelineActionHandler] INFO  pipeline.SCMPipelineManager (SCMPipelineManager.java:finalizeAndDestroyPipeline(315)) - destroying pipeline:Pipeline[ Id: a0f68d11-c917-4373-a31e-5051d78f8ef1, Nodes: 99a70305-7b37-4d81-b817-04520db44446{ip: 192.168.36.126, host: pr-hdds-2174-pqx5g-486351168, networkLocation: /default-rack, certSerialId: null}87aead68-aaca-445a-b26b-2e9f12b24b75{ip: 192.168.36.126, host: pr-hdds-2174-pqx5g-486351168, networkLocation: /default-rack, certSerialId: null}f230bc7e-d80c-430f-a4ff-61e0293dd1c7{ip: 192.168.36.126, host: pr-hdds-2174-pqx5g-486351168, networkLocation: /default-rack, certSerialId: null}, Type:RATIS, Factor:THREE, State:CLOSED]
2019-09-25 08:29:09,415 [Command processor thread] ERROR commandhandler.CloseContainerCommandHandler (CloseContainerCommandHandler.java:handle(84)) - Container #1 does not exist in datanode. Container close failed.
2019-09-25 08:29:10,545 [Command processor thread] ERROR commandhandler.CloseContainerCommandHandler (CloseContainerCommandHandler.java:handle(84)) - Container #1 does not exist in datanode. Container close failed.
2019-09-25 08:29:10,654 [Command processor thread] ERROR commandhandler.CloseContainerCommandHandler (CloseContainerCommandHandler.java:handle(84)) - Container #1 does not exist in datanode. Container close failed.
2019-09-25 08:29:13,449 [Thread-693] INFO  impl.FollowerState (FollowerState.java:run(106)) - 87aead68-aaca-445a-b26b-2e9f12b24b75:group-5051D78F8EF1 changes to CANDIDATE, lastRpcTime:5104, electionTimeout:5104ms
2019-09-25 08:29:13,449 [Thread-693] INFO  impl.RoleInfo (RoleInfo.java:shutdownFollowerState(121)) - 87aead68-aaca-445a-b26b-2e9f12b24b75: shutdown FollowerState
2019-09-25 08:29:13,450 [Thread-693] INFO  impl.RaftServerImpl (RaftServerImpl.java:setRole(174)) - 87aead68-aaca-445a-b26b-2e9f12b24b75@group-5051D78F8EF1: changes role from  FOLLOWER to CANDIDATE at term 15 for changeToCandidate
2019-09-25 08:29:13,451 [Thread-693] ERROR ratis.XceiverServerRatis (XceiverServerRatis.java:triggerPipelineClose(575)) - pipeline Action CLOSE  on pipeline PipelineID=a0f68d11-c917-4373-a31e-5051d78f8ef1.Reason : 87aead68-aaca-445a-b26b-2e9f12b24b75 is in candidate state for 132043ms
2019-09-25 08:29:13,451 [Thread-693] INFO  impl.RoleInfo (RoleInfo.java:updateAndGet(143)) - 87aead68-aaca-445a-b26b-2e9f12b24b75: start LeaderElection
2019-09-25 08:29:13,456 [Thread-692] INFO  impl.FollowerState (FollowerState.java:run(106)) - f230bc7e-d80c-430f-a4ff-61e0293dd1c7:group-5051D78F8EF1 changes to CANDIDATE, lastRpcTime:5113, electionTimeout:5109ms
2019-09-25 08:29:13,457 [Thread-692] INFO  impl.RoleInfo (RoleInfo.java:shutdownFollowerState(121)) - f230bc7e-d80c-430f-a4ff-61e0293dd1c7: shutdown FollowerState
2019-09-25 08:29:13,457 [Thread-692] INFO  impl.RaftServerImpl (RaftServerImpl.java:setRole(174)) - f230bc7e-d80c-430f-a4ff-61e0293dd1c7@group-5051D78F8EF1: changes role from  FOLLOWER to CANDIDATE at term 15 for changeToCandidate
2019-09-25 08:29:13,457 [Thread-692] ERROR ratis.XceiverServerRatis (XceiverServerRatis.java:triggerPipelineClose(575)) - pipeline Action CLOSE  on pipeline PipelineID=a0f68d11-c917-4373-a31e-5051d78f8ef1.Reason : f230bc7e-d80c-430f-a4ff-61e0293dd1c7 is in candidate state for 132050ms
2019-09-25 08:29:13,457 [Thread-692] INFO  impl.RoleInfo (RoleInfo.java:updateAndGet(143)) - f230bc7e-d80c-430f-a4ff-61e0293dd1c7: start LeaderElection
2019-09-25 08:29:13,503 [Thread-691] INFO  impl.FollowerState (FollowerState.java:run(106)) - 99a70305-7b37-4d81-b817-04520db44446:group-5051D78F8EF1 changes to CANDIDATE, lastRpcTime:5160, electionTimeout:5160ms
2019-09-25 08:29:13,503 [Thread-691] INFO  impl.RoleInfo (RoleInfo.java:shutdownFollowerState(121)) - 99a70305-7b37-4d81-b817-04520db44446: shutdown FollowerState
2019-09-25 08:29:13,503 [Thread-691] INFO  impl.RaftServerImpl (RaftServerImpl.java:setRole(174)) - 99a70305-7b37-4d81-b817-04520db44446@group-5051D78F8EF1: changes role from  FOLLOWER to CANDIDATE at term 15 for changeToCandidate
2019-09-25 08:29:13,504 [Thread-691] ERROR ratis.XceiverServerRatis (XceiverServerRatis.java:triggerPipelineClose(575)) - pipeline Action CLOSE  on pipeline PipelineID=a0f68d11-c917-4373-a31e-5051d78f8ef1.Reason : 99a70305-7b37-4d81-b817-04520db44446 is in candidate state for 132096ms
2019-09-25 08:29:13,504 [Thread-691] INFO  impl.RoleInfo (RoleInfo.java:updateAndGet(143)) - 99a70305-7b37-4d81-b817-04520db44446: start LeaderElection
2019-09-25 08:29:13,548 [EventQueue-PipelineActionsForPipelineActionHandler] ERROR pipeline.PipelineActionHandler (PipelineActionHandler.java:onMessage(60)) - Received pipeline action CLOSE for Pipeline[ Id: a0f68d11-c917-4373-a31e-5051d78f8ef1, Nodes: 99a70305-7b37-4d81-b817-04520db44446{ip: 192.168.36.126, host: pr-hdds-2174-pqx5g-486351168, networkLocation: /default-rack, certSerialId: null}87aead68-aaca-445a-b26b-2e9f12b24b75{ip: 192.168.36.126, host: pr-hdds-2174-pqx5g-486351168, networkLocation: /default-rack, certSerialId: null}f230bc7e-d80c-430f-a4ff-61e0293dd1c7{ip: 192.168.36.126, host: pr-hdds-2174-pqx5g-486351168, networkLocation: /default-rack, certSerialId: null}, Type:RATIS, Factor:THREE, State:CLOSED] from datanode f230bc7e-d80c-430f-a4ff-61e0293dd1c7{ip: 192.168.36.126, host: pr-hdds-2174-pqx5g-486351168, networkLocation: /default-rack, certSerialId: null}. Reason : f230bc7e-d80c-430f-a4ff-61e0293dd1c7 is in candidate state for 132050ms
2019-09-25 08:29:13,548 [EventQueue-PipelineActionsForPipelineActionHandler] INFO  pipeline.SCMPipelineManager (SCMPipelineManager.java:finalizeAndDestroyPipeline(315)) - destroying pipeline:Pipeline[ Id: a0f68d11-c917-4373-a31e-5051d78f8ef1, Nodes: 99a70305-7b37-4d81-b817-04520db44446{ip: 192.168.36.126, host: pr-hdds-2174-pqx5g-486351168, networkLocation: /default-rack, certSerialId: null}87aead68-aaca-445a-b26b-2e9f12b24b75{ip: 192.168.36.126, host: pr-hdds-2174-pqx5g-486351168, networkLocation: /default-rack, certSerialId: null}f230bc7e-d80c-430f-a4ff-61e0293dd1c7{ip: 192.168.36.126, host: pr-hdds-2174-pqx5g-486351168, networkLocation: /default-rack, certSerialId: null}, Type:RATIS, Factor:THREE, State:CLOSED]
2019-09-25 08:29:13,655 [EventQueue-PipelineActionsForPipelineActionHandler] ERROR pipeline.PipelineActionHandler (PipelineActionHandler.java:onMessage(60)) - Received pipeline action CLOSE for Pipeline[ Id: a0f68d11-c917-4373-a31e-5051d78f8ef1, Nodes: 99a70305-7b37-4d81-b817-04520db44446{ip: 192.168.36.126, host: pr-hdds-2174-pqx5g-486351168, networkLocation: /default-rack, certSerialId: null}87aead68-aaca-445a-b26b-2e9f12b24b75{ip: 192.168.36.126, host: pr-hdds-2174-pqx5g-486351168, networkLocation: /default-rack, certSerialId: null}f230bc7e-d80c-430f-a4ff-61e0293dd1c7{ip: 192.168.36.126, host: pr-hdds-2174-pqx5g-486351168, networkLocation: /default-rack, certSerialId: null}, Type:RATIS, Factor:THREE, State:CLOSED] from datanode 87aead68-aaca-445a-b26b-2e9f12b24b75{ip: 192.168.36.126, host: pr-hdds-2174-pqx5g-486351168, networkLocation: /default-rack, certSerialId: null}. Reason : 87aead68-aaca-445a-b26b-2e9f12b24b75 is in candidate state for 132043ms
2019-09-25 08:29:13,655 [EventQueue-PipelineActionsForPipelineActionHandler] INFO  pipeline.SCMPipelineManager (SCMPipelineManager.java:finalizeAndDestroyPipeline(315)) - destroying pipeline:Pipeline[ Id: a0f68d11-c917-4373-a31e-5051d78f8ef1, Nodes: 99a70305-7b37-4d81-b817-04520db44446{ip: 192.168.36.126, host: pr-hdds-2174-pqx5g-486351168, networkLocation: /default-rack, certSerialId: null}87aead68-aaca-445a-b26b-2e9f12b24b75{ip: 192.168.36.126, host: pr-hdds-2174-pqx5g-486351168, networkLocation: /default-rack, certSerialId: null}f230bc7e-d80c-430f-a4ff-61e0293dd1c7{ip: 192.168.36.126, host: pr-hdds-2174-pqx5g-486351168, networkLocation: /default-rack, certSerialId: null}, Type:RATIS, Factor:THREE, State:CLOSED]
2019-09-25 08:29:14,416 [EventQueue-PipelineActionsForPipelineActionHandler] ERROR pipeline.PipelineActionHandler (PipelineActionHandler.java:onMessage(60)) - Received pipeline action CLOSE for Pipeline[ Id: a0f68d11-c917-4373-a31e-5051d78f8ef1, Nodes: 99a70305-7b37-4d81-b817-04520db44446{ip: 192.168.36.126, host: pr-hdds-2174-pqx5g-486351168, networkLocation: /default-rack, certSerialId: null}87aead68-aaca-445a-b26b-2e9f12b24b75{ip: 192.168.36.126, host: pr-hdds-2174-pqx5g-486351168, networkLocation: /default-rack, certSerialId: null}f230bc7e-d80c-430f-a4ff-61e0293dd1c7{ip: 192.168.36.126, host: pr-hdds-2174-pqx5g-486351168, networkLocation: /default-rack, certSerialId: null}, Type:RATIS, Factor:THREE, State:CLOSED] from datanode 99a70305-7b37-4d81-b817-04520db44446{ip: 192.168.36.126, host: pr-hdds-2174-pqx5g-486351168, networkLocation: /default-rack, certSerialId: null}. Reason : 99a70305-7b37-4d81-b817-04520db44446 is in candidate state for 132096ms
2019-09-25 08:29:14,416 [EventQueue-PipelineActionsForPipelineActionHandler] INFO  pipeline.SCMPipelineManager (SCMPipelineManager.java:finalizeAndDestroyPipeline(315)) - destroying pipeline:Pipeline[ Id: a0f68d11-c917-4373-a31e-5051d78f8ef1, Nodes: 99a70305-7b37-4d81-b817-04520db44446{ip: 192.168.36.126, host: pr-hdds-2174-pqx5g-486351168, networkLocation: /default-rack, certSerialId: null}87aead68-aaca-445a-b26b-2e9f12b24b75{ip: 192.168.36.126, host: pr-hdds-2174-pqx5g-486351168, networkLocation: /default-rack, certSerialId: null}f230bc7e-d80c-430f-a4ff-61e0293dd1c7{ip: 192.168.36.126, host: pr-hdds-2174-pqx5g-486351168, networkLocation: /default-rack, certSerialId: null}, Type:RATIS, Factor:THREE, State:CLOSED]
2019-09-25 08:29:18,424 [87aead68-aaca-445a-b26b-2e9f12b24b75@group-5051D78F8EF1:LeaderElection51] INFO  impl.LeaderElection (LeaderElection.java:askForVotes(182)) - 87aead68-aaca-445a-b26b-2e9f12b24b75@group-5051D78F8EF1:LeaderElection51: begin an election at term 16 for -1: [f230bc7e-d80c-430f-a4ff-61e0293dd1c7:192.168.36.126:44732, 99a70305-7b37-4d81-b817-04520db44446:192.168.36.126:41949, 87aead68-aaca-445a-b26b-2e9f12b24b75:192.168.36.126:36757], old=null
2019-09-25 08:29:18,424 [99a70305-7b37-4d81-b817-04520db44446@group-5051D78F8EF1:LeaderElection53] INFO  impl.LeaderElection (LeaderElection.java:askForVotes(182)) - 99a70305-7b37-4d81-b817-04520db44446@group-5051D78F8EF1:LeaderElection53: begin an election at term 16 for -1: [f230bc7e-d80c-430f-a4ff-61e0293dd1c7:192.168.36.126:44732, 99a70305-7b37-4d81-b817-04520db44446:192.168.36.126:41949, 87aead68-aaca-445a-b26b-2e9f12b24b75:192.168.36.126:36757], old=null
2019-09-25 08:29:18,424 [f230bc7e-d80c-430f-a4ff-61e0293dd1c7@group-5051D78F8EF1:LeaderElection52] INFO  impl.LeaderElection (LeaderElection.java:askForVotes(182)) - f230bc7e-d80c-430f-a4ff-61e0293dd1c7@group-5051D78F8EF1:LeaderElection52: begin an election at term 16 for -1: [f230bc7e-d80c-430f-a4ff-61e0293dd1c7:192.168.36.126:44732, 99a70305-7b37-4d81-b817-04520db44446:192.168.36.126:41949, 87aead68-aaca-445a-b26b-2e9f12b24b75:192.168.36.126:36757], old=null
2019-09-25 08:29:18,435 [99a70305-7b37-4d81-b817-04520db44446@group-5051D78F8EF1:LeaderElection53] INFO  impl.LeaderElection (LeaderElection.java:logAndReturn(56)) - 99a70305-7b37-4d81-b817-04520db44446@group-5051D78F8EF1:LeaderElection53: Election REJECTED; received 2 response(s) [99a70305-7b37-4d81-b817-04520db44446<-f230bc7e-d80c-430f-a4ff-61e0293dd1c7#0:FAIL-t16, 99a70305-7b37-4d81-b817-04520db44446<-87aead68-aaca-445a-b26b-2e9f12b24b75#0:FAIL-t16] and 0 exception(s); 99a70305-7b37-4d81-b817-04520db44446@group-5051D78F8EF1:t16, leader=null, voted=99a70305-7b37-4d81-b817-04520db44446, raftlog=99a70305-7b37-4d81-b817-04520db44446@group-5051D78F8EF1-SegmentedRaftLog:OPENED:c-1,f-1,i0, conf=-1: [f230bc7e-d80c-430f-a4ff-61e0293dd1c7:192.168.36.126:44732, 99a70305-7b37-4d81-b817-04520db44446:192.168.36.126:41949, 87aead68-aaca-445a-b26b-2e9f12b24b75:192.168.36.126:36757], old=null
2019-09-25 08:29:18,436 [99a70305-7b37-4d81-b817-04520db44446@group-5051D78F8EF1:LeaderElection53] INFO  impl.RaftServerImpl (RaftServerImpl.java:setRole(174)) - 99a70305-7b37-4d81-b817-04520db44446@group-5051D78F8EF1: changes role from CANDIDATE to FOLLOWER at term 16 for DISCOVERED_A_NEW_TERM
2019-09-25 08:29:18,436 [f230bc7e-d80c-430f-a4ff-61e0293dd1c7@group-5051D78F8EF1:LeaderElection52] INFO  impl.LeaderElection (LeaderElection.java:logAndReturn(56)) - f230bc7e-d80c-430f-a4ff-61e0293dd1c7@group-5051D78F8EF1:LeaderElection52: Election REJECTED; received 2 response(s) [f230bc7e-d80c-430f-a4ff-61e0293dd1c7<-87aead68-aaca-445a-b26b-2e9f12b24b75#0:FAIL-t16, f230bc7e-d80c-430f-a4ff-61e0293dd1c7<-99a70305-7b37-4d81-b817-04520db44446#0:FAIL-t16] and 0 exception(s); f230bc7e-d80c-430f-a4ff-61e0293dd1c7@group-5051D78F8EF1:t16, leader=null, voted=f230bc7e-d80c-430f-a4ff-61e0293dd1c7, raftlog=f230bc7e-d80c-430f-a4ff-61e0293dd1c7@group-5051D78F8EF1-SegmentedRaftLog:OPENED:c-1,f-1,i0, conf=-1: [f230bc7e-d80c-430f-a4ff-61e0293dd1c7:192.168.36.126:44732, 99a70305-7b37-4d81-b817-04520db44446:192.168.36.126:41949, 87aead68-aaca-445a-b26b-2e9f12b24b75:192.168.36.126:36757], old=null
2019-09-25 08:29:18,436 [99a70305-7b37-4d81-b817-04520db44446@group-5051D78F8EF1:LeaderElection53] INFO  impl.RoleInfo (RoleInfo.java:shutdownLeaderElection(134)) - 99a70305-7b37-4d81-b817-04520db44446: shutdown LeaderElection
2019-09-25 08:29:18,438 [87aead68-aaca-445a-b26b-2e9f12b24b75@group-5051D78F8EF1:LeaderElection51] INFO  impl.LeaderElection (LeaderElection.java:logAndReturn(56)) - 87aead68-aaca-445a-b26b-2e9f12b24b75@group-5051D78F8EF1:LeaderElection51: Election REJECTED; received 2 response(s) [87aead68-aaca-445a-b26b-2e9f12b24b75<-f230bc7e-d80c-430f-a4ff-61e0293dd1c7#0:FAIL-t16, 87aead68-aaca-445a-b26b-2e9f12b24b75<-99a70305-7b37-4d81-b817-04520db44446#0:FAIL-t16] and 0 exception(s); 87aead68-aaca-445a-b26b-2e9f12b24b75@group-5051D78F8EF1:t16, leader=null, voted=87aead68-aaca-445a-b26b-2e9f12b24b75, raftlog=87aead68-aaca-445a-b26b-2e9f12b24b75@group-5051D78F8EF1-SegmentedRaftLog:OPENED:c-1,f-1,i0, conf=-1: [f230bc7e-d80c-430f-a4ff-61e0293dd1c7:192.168.36.126:44732, 99a70305-7b37-4d81-b817-04520db44446:192.168.36.126:41949, 87aead68-aaca-445a-b26b-2e9f12b24b75:192.168.36.126:36757], old=null
2019-09-25 08:29:18,438 [f230bc7e-d80c-430f-a4ff-61e0293dd1c7@group-5051D78F8EF1:LeaderElection52] INFO  impl.RaftServerImpl (RaftServerImpl.java:setRole(174)) - f230bc7e-d80c-430f-a4ff-61e0293dd1c7@group-5051D78F8EF1: changes role from CANDIDATE to FOLLOWER at term 16 for DISCOVERED_A_NEW_TERM
2019-09-25 08:29:18,440 [87aead68-aaca-445a-b26b-2e9f12b24b75@group-5051D78F8EF1:LeaderElection51] INFO  impl.RaftServerImpl (RaftServerImpl.java:setRole(174)) - 87aead68-aaca-445a-b26b-2e9f12b24b75@group-5051D78F8EF1: changes role from CANDIDATE to FOLLOWER at term 16 for DISCOVERED_A_NEW_TERM
2019-09-25 08:29:18,440 [99a70305-7b37-4d81-b817-04520db44446@group-5051D78F8EF1:LeaderElection53] INFO  impl.RoleInfo (RoleInfo.java:updateAndGet(143)) - 99a70305-7b37-4d81-b817-04520db44446: start FollowerState
2019-09-25 08:29:18,442 [87aead68-aaca-445a-b26b-2e9f12b24b75@group-5051D78F8EF1:LeaderElection51] INFO  impl.RoleInfo (RoleInfo.java:shutdownLeaderElection(134)) - 87aead68-aaca-445a-b26b-2e9f12b24b75: shutdown LeaderElection
2019-09-25 08:29:18,440 [f230bc7e-d80c-430f-a4ff-61e0293dd1c7@group-5051D78F8EF1:LeaderElection52] INFO  impl.RoleInfo (RoleInfo.java:shutdownLeaderElection(134)) - f230bc7e-d80c-430f-a4ff-61e0293dd1c7: shutdown LeaderElection
2019-09-25 08:29:18,442 [87aead68-aaca-445a-b26b-2e9f12b24b75@group-5051D78F8EF1:LeaderElection51] INFO  impl.RoleInfo (RoleInfo.java:updateAndGet(143)) - 87aead68-aaca-445a-b26b-2e9f12b24b75: start FollowerState
2019-09-25 08:29:18,443 [f230bc7e-d80c-430f-a4ff-61e0293dd1c7@group-5051D78F8EF1:LeaderElection52] INFO  impl.RoleInfo (RoleInfo.java:updateAndGet(143)) - f230bc7e-d80c-430f-a4ff-61e0293dd1c7: start FollowerState
2019-09-25 08:29:23,444 [Thread-723] INFO  impl.FollowerState (FollowerState.java:run(106)) - 99a70305-7b37-4d81-b817-04520db44446:group-5051D78F8EF1 changes to CANDIDATE, lastRpcTime:5003, electionTimeout:5001ms
2019-09-25 08:29:23,445 [Thread-723] INFO  impl.RoleInfo (RoleInfo.java:shutdownFollowerState(121)) - 99a70305-7b37-4d81-b817-04520db44446: shutdown FollowerState
2019-09-25 08:29:23,445 [Thread-723] INFO  impl.RaftServerImpl (RaftServerImpl.java:setRole(174)) - 99a70305-7b37-4d81-b817-04520db44446@group-5051D78F8EF1: changes role from  FOLLOWER to CANDIDATE at term 16 for changeToCandidate
2019-09-25 08:29:23,446 [Thread-723] ERROR ratis.XceiverServerRatis (XceiverServerRatis.java:triggerPipelineClose(575)) - pipeline Action CLOSE  on pipeline PipelineID=a0f68d11-c917-4373-a31e-5051d78f8ef1.Reason : 99a70305-7b37-4d81-b817-04520db44446 is in candidate state for 142038ms
2019-09-25 08:29:23,446 [Thread-723] INFO  impl.RoleInfo (RoleInfo.java:updateAndGet(143)) - 99a70305-7b37-4d81-b817-04520db44446: start LeaderElection
2019-09-25 08:29:23,453 [Thread-724] INFO  impl.FollowerState (FollowerState.java:run(106)) - 87aead68-aaca-445a-b26b-2e9f12b24b75:group-5051D78F8EF1 changes to CANDIDATE, lastRpcTime:5010, electionTimeout:5004ms
2019-09-25 08:29:23,453 [Thread-724] INFO  impl.RoleInfo (RoleInfo.java:shutdownFollowerState(121)) - 87aead68-aaca-445a-b26b-2e9f12b24b75: shutdown FollowerState
2019-09-25 08:29:23,453 [Thread-724] INFO  impl.RaftServerImpl (RaftServerImpl.java:setRole(174)) - 87aead68-aaca-445a-b26b-2e9f12b24b75@group-5051D78F8EF1: changes role from  FOLLOWER to CANDIDATE at term 16 for changeToCandidate
2019-09-25 08:29:23,454 [Thread-724] ERROR ratis.XceiverServerRatis (XceiverServerRatis.java:triggerPipelineClose(575)) - pipeline Action CLOSE  on pipeline PipelineID=a0f68d11-c917-4373-a31e-5051d78f8ef1.Reason : 87aead68-aaca-445a-b26b-2e9f12b24b75 is in candidate state for 142046ms
2019-09-25 08:29:23,454 [Thread-724] INFO  impl.RoleInfo (RoleInfo.java:updateAndGet(143)) - 87aead68-aaca-445a-b26b-2e9f12b24b75: start LeaderElection
2019-09-25 08:29:23,535 [Thread-725] INFO  impl.FollowerState (FollowerState.java:run(106)) - f230bc7e-d80c-430f-a4ff-61e0293dd1c7:group-5051D78F8EF1 changes to CANDIDATE, lastRpcTime:5092, electionTimeout:5092ms
2019-09-25 08:29:23,535 [Thread-725] INFO  impl.RoleInfo (RoleInfo.java:shutdownFollowerState(121)) - f230bc7e-d80c-430f-a4ff-61e0293dd1c7: shutdown FollowerState
2019-09-25 08:29:23,536 [Thread-725] INFO  impl.RaftServerImpl (RaftServerImpl.java:setRole(174)) - f230bc7e-d80c-430f-a4ff-61e0293dd1c7@group-5051D78F8EF1: changes role from  FOLLOWER to CANDIDATE at term 16 for changeToCandidate
2019-09-25 08:29:23,536 [Thread-725] ERROR ratis.XceiverServerRatis (XceiverServerRatis.java:triggerPipelineClose(575)) - pipeline Action CLOSE  on pipeline PipelineID=a0f68d11-c917-4373-a31e-5051d78f8ef1.Reason : f230bc7e-d80c-430f-a4ff-61e0293dd1c7 is in candidate state for 142129ms
2019-09-25 08:29:23,536 [Thread-725] INFO  impl.RoleInfo (RoleInfo.java:updateAndGet(143)) - f230bc7e-d80c-430f-a4ff-61e0293dd1c7: start LeaderElection
2019-09-25 08:29:23,547 [EventQueue-PipelineActionsForPipelineActionHandler] ERROR pipeline.PipelineActionHandler (PipelineActionHandler.java:onMessage(60)) - Received pipeline action CLOSE for Pipeline[ Id: a0f68d11-c917-4373-a31e-5051d78f8ef1, Nodes: 99a70305-7b37-4d81-b817-04520db44446{ip: 192.168.36.126, host: pr-hdds-2174-pqx5g-486351168, networkLocation: /default-rack, certSerialId: null}87aead68-aaca-445a-b26b-2e9f12b24b75{ip: 192.168.36.126, host: pr-hdds-2174-pqx5g-486351168, networkLocation: /default-rack, certSerialId: null}f230bc7e-d80c-430f-a4ff-61e0293dd1c7{ip: 192.168.36.126, host: pr-hdds-2174-pqx5g-486351168, networkLocation: /default-rack, certSerialId: null}, Type:RATIS, Factor:THREE, State:CLOSED] from datanode f230bc7e-d80c-430f-a4ff-61e0293dd1c7{ip: 192.168.36.126, host: pr-hdds-2174-pqx5g-486351168, networkLocation: /default-rack, certSerialId: null}. Reason : f230bc7e-d80c-430f-a4ff-61e0293dd1c7 is in candidate state for 142129ms
2019-09-25 08:29:23,548 [EventQueue-PipelineActionsForPipelineActionHandler] INFO  pipeline.SCMPipelineManager (SCMPipelineManager.java:finalizeAndDestroyPipeline(315)) - destroying pipeline:Pipeline[ Id: a0f68d11-c917-4373-a31e-5051d78f8ef1, Nodes: 99a70305-7b37-4d81-b817-04520db44446{ip: 192.168.36.126, host: pr-hdds-2174-pqx5g-486351168, networkLocation: /default-rack, certSerialId: null}87aead68-aaca-445a-b26b-2e9f12b24b75{ip: 192.168.36.126, host: pr-hdds-2174-pqx5g-486351168, networkLocation: /default-rack, certSerialId: null}f230bc7e-d80c-430f-a4ff-61e0293dd1c7{ip: 192.168.36.126, host: pr-hdds-2174-pqx5g-486351168, networkLocation: /default-rack, certSerialId: null}, Type:RATIS, Factor:THREE, State:CLOSED]
2019-09-25 08:29:23,656 [EventQueue-PipelineActionsForPipelineActionHandler] ERROR pipeline.PipelineActionHandler (PipelineActionHandler.java:onMessage(60)) - Received pipeline action CLOSE for Pipeline[ Id: a0f68d11-c917-4373-a31e-5051d78f8ef1, Nodes: 99a70305-7b37-4d81-b817-04520db44446{ip: 192.168.36.126, host: pr-hdds-2174-pqx5g-486351168, networkLocation: /default-rack, certSerialId: null}87aead68-aaca-445a-b26b-2e9f12b24b75{ip: 192.168.36.126, host: pr-hdds-2174-pqx5g-486351168, networkLocation: /default-rack, certSerialId: null}f230bc7e-d80c-430f-a4ff-61e0293dd1c7{ip: 192.168.36.126, host: pr-hdds-2174-pqx5g-486351168, networkLocation: /default-rack, certSerialId: null}, Type:RATIS, Factor:THREE, State:CLOSED] from datanode 87aead68-aaca-445a-b26b-2e9f12b24b75{ip: 192.168.36.126, host: pr-hdds-2174-pqx5g-486351168, networkLocation: /default-rack, certSerialId: null}. Reason : 87aead68-aaca-445a-b26b-2e9f12b24b75 is in candidate state for 142046ms
2019-09-25 08:29:23,657 [EventQueue-PipelineActionsForPipelineActionHandler] INFO  pipeline.SCMPipelineManager (SCMPipelineManager.java:finalizeAndDestroyPipeline(315)) - destroying pipeline:Pipeline[ Id: a0f68d11-c917-4373-a31e-5051d78f8ef1, Nodes: 99a70305-7b37-4d81-b817-04520db44446{ip: 192.168.36.126, host: pr-hdds-2174-pqx5g-486351168, networkLocation: /default-rack, certSerialId: null}87aead68-aaca-445a-b26b-2e9f12b24b75{ip: 192.168.36.126, host: pr-hdds-2174-pqx5g-486351168, networkLocation: /default-rack, certSerialId: null}f230bc7e-d80c-430f-a4ff-61e0293dd1c7{ip: 192.168.36.126, host: pr-hdds-2174-pqx5g-486351168, networkLocation: /default-rack, certSerialId: null}, Type:RATIS, Factor:THREE, State:CLOSED]
2019-09-25 08:29:23,923 [87aead68-aaca-445a-b26b-2e9f12b24b75@group-5051D78F8EF1:LeaderElection55] INFO  impl.LeaderElection (LeaderElection.java:askForVotes(182)) - 87aead68-aaca-445a-b26b-2e9f12b24b75@group-5051D78F8EF1:LeaderElection55: begin an election at term 17 for -1: [f230bc7e-d80c-430f-a4ff-61e0293dd1c7:192.168.36.126:44732, 99a70305-7b37-4d81-b817-04520db44446:192.168.36.126:41949, 87aead68-aaca-445a-b26b-2e9f12b24b75:192.168.36.126:36757], old=null
2019-09-25 08:29:23,923 [f230bc7e-d80c-430f-a4ff-61e0293dd1c7@group-5051D78F8EF1:LeaderElection56] INFO  impl.LeaderElection (LeaderElection.java:askForVotes(182)) - f230bc7e-d80c-430f-a4ff-61e0293dd1c7@group-5051D78F8EF1:LeaderElection56: begin an election at term 17 for -1: [f230bc7e-d80c-430f-a4ff-61e0293dd1c7:192.168.36.126:44732, 99a70305-7b37-4d81-b817-04520db44446:192.168.36.126:41949, 87aead68-aaca-445a-b26b-2e9f12b24b75:192.168.36.126:36757], old=null
2019-09-25 08:29:23,923 [99a70305-7b37-4d81-b817-04520db44446@group-5051D78F8EF1:LeaderElection54] INFO  impl.LeaderElection (LeaderElection.java:askForVotes(182)) - 99a70305-7b37-4d81-b817-04520db44446@group-5051D78F8EF1:LeaderElection54: begin an election at term 17 for -1: [f230bc7e-d80c-430f-a4ff-61e0293dd1c7:192.168.36.126:44732, 99a70305-7b37-4d81-b817-04520db44446:192.168.36.126:41949, 87aead68-aaca-445a-b26b-2e9f12b24b75:192.168.36.126:36757], old=null
2019-09-25 08:29:23,938 [99a70305-7b37-4d81-b817-04520db44446@group-5051D78F8EF1:LeaderElection54] INFO  impl.LeaderElection (LeaderElection.java:logAndReturn(56)) - 99a70305-7b37-4d81-b817-04520db44446@group-5051D78F8EF1:LeaderElection54: Election REJECTED; received 2 response(s) [99a70305-7b37-4d81-b817-04520db44446<-f230bc7e-d80c-430f-a4ff-61e0293dd1c7#0:FAIL-t17, 99a70305-7b37-4d81-b817-04520db44446<-87aead68-aaca-445a-b26b-2e9f12b24b75#0:FAIL-t17] and 0 exception(s); 99a70305-7b37-4d81-b817-04520db44446@group-5051D78F8EF1:t17, leader=null, voted=99a70305-7b37-4d81-b817-04520db44446, raftlog=99a70305-7b37-4d81-b817-04520db44446@group-5051D78F8EF1-SegmentedRaftLog:OPENED:c-1,f-1,i0, conf=-1: [f230bc7e-d80c-430f-a4ff-61e0293dd1c7:192.168.36.126:44732, 99a70305-7b37-4d81-b817-04520db44446:192.168.36.126:41949, 87aead68-aaca-445a-b26b-2e9f12b24b75:192.168.36.126:36757], old=null
2019-09-25 08:29:23,939 [99a70305-7b37-4d81-b817-04520db44446@group-5051D78F8EF1:LeaderElection54] INFO  impl.RaftServerImpl (RaftServerImpl.java:setRole(174)) - 99a70305-7b37-4d81-b817-04520db44446@group-5051D78F8EF1: changes role from CANDIDATE to FOLLOWER at term 17 for DISCOVERED_A_NEW_TERM
2019-09-25 08:29:23,939 [f230bc7e-d80c-430f-a4ff-61e0293dd1c7@group-5051D78F8EF1:LeaderElection56] INFO  impl.LeaderElection (LeaderElection.java:logAndReturn(56)) - f230bc7e-d80c-430f-a4ff-61e0293dd1c7@group-5051D78F8EF1:LeaderElection56: Election REJECTED; received 2 response(s) [f230bc7e-d80c-430f-a4ff-61e0293dd1c7<-99a70305-7b37-4d81-b817-04520db44446#0:FAIL-t17, f230bc7e-d80c-430f-a4ff-61e0293dd1c7<-87aead68-aaca-445a-b26b-2e9f12b24b75#0:FAIL-t17] and 0 exception(s); f230bc7e-d80c-430f-a4ff-61e0293dd1c7@group-5051D78F8EF1:t17, leader=null, voted=f230bc7e-d80c-430f-a4ff-61e0293dd1c7, raftlog=f230bc7e-d80c-430f-a4ff-61e0293dd1c7@group-5051D78F8EF1-SegmentedRaftLog:OPENED:c-1,f-1,i0, conf=-1: [f230bc7e-d80c-430f-a4ff-61e0293dd1c7:192.168.36.126:44732, 99a70305-7b37-4d81-b817-04520db44446:192.168.36.126:41949, 87aead68-aaca-445a-b26b-2e9f12b24b75:192.168.36.126:36757], old=null
2019-09-25 08:29:23,939 [99a70305-7b37-4d81-b817-04520db44446@group-5051D78F8EF1:LeaderElection54] INFO  impl.RoleInfo (RoleInfo.java:shutdownLeaderElection(134)) - 99a70305-7b37-4d81-b817-04520db44446: shutdown LeaderElection
2019-09-25 08:29:23,941 [f230bc7e-d80c-430f-a4ff-61e0293dd1c7@group-5051D78F8EF1:LeaderElection56] INFO  impl.RaftServerImpl (RaftServerImpl.java:setRole(174)) - f230bc7e-d80c-430f-a4ff-61e0293dd1c7@group-5051D78F8EF1: changes role from CANDIDATE to FOLLOWER at term 17 for DISCOVERED_A_NEW_TERM
2019-09-25 08:29:23,943 [99a70305-7b37-4d81-b817-04520db44446@group-5051D78F8EF1:LeaderElection54] INFO  impl.RoleInfo (RoleInfo.java:updateAndGet(143)) - 99a70305-7b37-4d81-b817-04520db44446: start FollowerState
2019-09-25 08:29:23,941 [87aead68-aaca-445a-b26b-2e9f12b24b75@group-5051D78F8EF1:LeaderElection55] INFO  impl.LeaderElection (LeaderElection.java:logAndReturn(56)) - 87aead68-aaca-445a-b26b-2e9f12b24b75@group-5051D78F8EF1:LeaderElection55: Election REJECTED; received 2 response(s) [87aead68-aaca-445a-b26b-2e9f12b24b75<-f230bc7e-d80c-430f-a4ff-61e0293dd1c7#0:FAIL-t17, 87aead68-aaca-445a-b26b-2e9f12b24b75<-99a70305-7b37-4d81-b817-04520db44446#0:FAIL-t17] and 0 exception(s); 87aead68-aaca-445a-b26b-2e9f12b24b75@group-5051D78F8EF1:t17, leader=null, voted=87aead68-aaca-445a-b26b-2e9f12b24b75, raftlog=87aead68-aaca-445a-b26b-2e9f12b24b75@group-5051D78F8EF1-SegmentedRaftLog:OPENED:c-1,f-1,i0, conf=-1: [f230bc7e-d80c-430f-a4ff-61e0293dd1c7:192.168.36.126:44732, 99a70305-7b37-4d81-b817-04520db44446:192.168.36.126:41949, 87aead68-aaca-445a-b26b-2e9f12b24b75:192.168.36.126:36757], old=null
2019-09-25 08:29:23,943 [f230bc7e-d80c-430f-a4ff-61e0293dd1c7@group-5051D78F8EF1:LeaderElection56] INFO  impl.RoleInfo (RoleInfo.java:shutdownLeaderElection(134)) - f230bc7e-d80c-430f-a4ff-61e0293dd1c7: shutdown LeaderElection
2019-09-25 08:29:23,943 [87aead68-aaca-445a-b26b-2e9f12b24b75@group-5051D78F8EF1:LeaderElection55] INFO  impl.RaftServerImpl (RaftServerImpl.java:setRole(174)) - 87aead68-aaca-445a-b26b-2e9f12b24b75@group-5051D78F8EF1: changes role from CANDIDATE to FOLLOWER at term 17 for DISCOVERED_A_NEW_TERM
2019-09-25 08:29:23,945 [f230bc7e-d80c-430f-a4ff-61e0293dd1c7@group-5051D78F8EF1:LeaderElection56] INFO  impl.RoleInfo (RoleInfo.java:updateAndGet(143)) - f230bc7e-d80c-430f-a4ff-61e0293dd1c7: start FollowerState
2019-09-25 08:29:23,945 [87aead68-aaca-445a-b26b-2e9f12b24b75@group-5051D78F8EF1:LeaderElection55] INFO  impl.RoleInfo (RoleInfo.java:shutdownLeaderElection(134)) - 87aead68-aaca-445a-b26b-2e9f12b24b75: shutdown LeaderElection
2019-09-25 08:29:23,946 [87aead68-aaca-445a-b26b-2e9f12b24b75@group-5051D78F8EF1:LeaderElection55] INFO  impl.RoleInfo (RoleInfo.java:updateAndGet(143)) - 87aead68-aaca-445a-b26b-2e9f12b24b75: start FollowerState
2019-09-25 08:29:24,416 [EventQueue-PipelineActionsForPipelineActionHandler] ERROR pipeline.PipelineActionHandler (PipelineActionHandler.java:onMessage(60)) - Received pipeline action CLOSE for Pipeline[ Id: a0f68d11-c917-4373-a31e-5051d78f8ef1, Nodes: 99a70305-7b37-4d81-b817-04520db44446{ip: 192.168.36.126, host: pr-hdds-2174-pqx5g-486351168, networkLocation: /default-rack, certSerialId: null}87aead68-aaca-445a-b26b-2e9f12b24b75{ip: 192.168.36.126, host: pr-hdds-2174-pqx5g-486351168, networkLocation: /default-rack, certSerialId: null}f230bc7e-d80c-430f-a4ff-61e0293dd1c7{ip: 192.168.36.126, host: pr-hdds-2174-pqx5g-486351168, networkLocation: /default-rack, certSerialId: null}, Type:RATIS, Factor:THREE, State:CLOSED] from datanode 99a70305-7b37-4d81-b817-04520db44446{ip: 192.168.36.126, host: pr-hdds-2174-pqx5g-486351168, networkLocation: /default-rack, certSerialId: null}. Reason : 99a70305-7b37-4d81-b817-04520db44446 is in candidate state for 142038ms
2019-09-25 08:29:24,416 [EventQueue-PipelineActionsForPipelineActionHandler] INFO  pipeline.SCMPipelineManager (SCMPipelineManager.java:finalizeAndDestroyPipeline(315)) - destroying pipeline:Pipeline[ Id: a0f68d11-c917-4373-a31e-5051d78f8ef1, Nodes: 99a70305-7b37-4d81-b817-04520db44446{ip: 192.168.36.126, host: pr-hdds-2174-pqx5g-486351168, networkLocation: /default-rack, certSerialId: null}87aead68-aaca-445a-b26b-2e9f12b24b75{ip: 192.168.36.126, host: pr-hdds-2174-pqx5g-486351168, networkLocation: /default-rack, certSerialId: null}f230bc7e-d80c-430f-a4ff-61e0293dd1c7{ip: 192.168.36.126, host: pr-hdds-2174-pqx5g-486351168, networkLocation: /default-rack, certSerialId: null}, Type:RATIS, Factor:THREE, State:CLOSED]
2019-09-25 08:29:29,018 [Thread-749] INFO  impl.FollowerState (FollowerState.java:run(106)) - 87aead68-aaca-445a-b26b-2e9f12b24b75:group-5051D78F8EF1 changes to CANDIDATE, lastRpcTime:5072, electionTimeout:5072ms
2019-09-25 08:29:29,023 [Thread-749] INFO  impl.RoleInfo (RoleInfo.java:shutdownFollowerState(121)) - 87aead68-aaca-445a-b26b-2e9f12b24b75: shutdown FollowerState
2019-09-25 08:29:29,023 [Thread-749] INFO  impl.RaftServerImpl (RaftServerImpl.java:setRole(174)) - 87aead68-aaca-445a-b26b-2e9f12b24b75@group-5051D78F8EF1: changes role from  FOLLOWER to CANDIDATE at term 17 for changeToCandidate
2019-09-25 08:29:29,023 [Thread-749] ERROR ratis.XceiverServerRatis (XceiverServerRatis.java:triggerPipelineClose(575)) - pipeline Action CLOSE  on pipeline PipelineID=a0f68d11-c917-4373-a31e-5051d78f8ef1.Reason : 87aead68-aaca-445a-b26b-2e9f12b24b75 is in candidate state for 147616ms
2019-09-25 08:29:29,024 [Thread-749] INFO  impl.RoleInfo (RoleInfo.java:updateAndGet(143)) - 87aead68-aaca-445a-b26b-2e9f12b24b75: start LeaderElection
2019-09-25 08:29:29,102 [Thread-747] INFO  impl.FollowerState (FollowerState.java:run(106)) - 99a70305-7b37-4d81-b817-04520db44446:group-5051D78F8EF1 changes to CANDIDATE, lastRpcTime:5158, electionTimeout:5158ms
2019-09-25 08:29:29,105 [Thread-747] INFO  impl.RoleInfo (RoleInfo.java:shutdownFollowerState(121)) - 99a70305-7b37-4d81-b817-04520db44446: shutdown FollowerState
2019-09-25 08:29:29,105 [Thread-747] INFO  impl.RaftServerImpl (RaftServerImpl.java:setRole(174)) - 99a70305-7b37-4d81-b817-04520db44446@group-5051D78F8EF1: changes role from  FOLLOWER to CANDIDATE at term 17 for changeToCandidate
2019-09-25 08:29:29,105 [Thread-747] ERROR ratis.XceiverServerRatis (XceiverServerRatis.java:triggerPipelineClose(575)) - pipeline Action CLOSE  on pipeline PipelineID=a0f68d11-c917-4373-a31e-5051d78f8ef1.Reason : 99a70305-7b37-4d81-b817-04520db44446 is in candidate state for 147697ms
2019-09-25 08:29:29,105 [Thread-747] INFO  impl.RoleInfo (RoleInfo.java:updateAndGet(143)) - 99a70305-7b37-4d81-b817-04520db44446: start LeaderElection
2019-09-25 08:29:29,108 [Thread-748] INFO  impl.FollowerState (FollowerState.java:run(106)) - f230bc7e-d80c-430f-a4ff-61e0293dd1c7:group-5051D78F8EF1 changes to CANDIDATE, lastRpcTime:5162, electionTimeout:5162ms
2019-09-25 08:29:29,108 [Thread-748] INFO  impl.RoleInfo (RoleInfo.java:shutdownFollowerState(121)) - f230bc7e-d80c-430f-a4ff-61e0293dd1c7: shutdown FollowerState
2019-09-25 08:29:29,108 [Thread-748] INFO  impl.RaftServerImpl (RaftServerImpl.java:setRole(174)) - f230bc7e-d80c-430f-a4ff-61e0293dd1c7@group-5051D78F8EF1: changes role from  FOLLOWER to CANDIDATE at term 17 for changeToCandidate
2019-09-25 08:29:29,109 [Thread-748] ERROR ratis.XceiverServerRatis (XceiverServerRatis.java:triggerPipelineClose(575)) - pipeline Action CLOSE  on pipeline PipelineID=a0f68d11-c917-4373-a31e-5051d78f8ef1.Reason : f230bc7e-d80c-430f-a4ff-61e0293dd1c7 is in candidate state for 147701ms
2019-09-25 08:29:29,109 [Thread-748] INFO  impl.RoleInfo (RoleInfo.java:updateAndGet(143)) - f230bc7e-d80c-430f-a4ff-61e0293dd1c7: start LeaderElection
2019-09-25 08:29:29,336 [99a70305-7b37-4d81-b817-04520db44446@group-5051D78F8EF1:LeaderElection58] INFO  impl.LeaderElection (LeaderElection.java:askForVotes(182)) - 99a70305-7b37-4d81-b817-04520db44446@group-5051D78F8EF1:LeaderElection58: begin an election at term 18 for -1: [f230bc7e-d80c-430f-a4ff-61e0293dd1c7:192.168.36.126:44732, 99a70305-7b37-4d81-b817-04520db44446:192.168.36.126:41949, 87aead68-aaca-445a-b26b-2e9f12b24b75:192.168.36.126:36757], old=null
2019-09-25 08:29:29,336 [87aead68-aaca-445a-b26b-2e9f12b24b75@group-5051D78F8EF1:LeaderElection57] INFO  impl.LeaderElection (LeaderElection.java:askForVotes(182)) - 87aead68-aaca-445a-b26b-2e9f12b24b75@group-5051D78F8EF1:LeaderElection57: begin an election at term 18 for -1: [f230bc7e-d80c-430f-a4ff-61e0293dd1c7:192.168.36.126:44732, 99a70305-7b37-4d81-b817-04520db44446:192.168.36.126:41949, 87aead68-aaca-445a-b26b-2e9f12b24b75:192.168.36.126:36757], old=null
2019-09-25 08:29:29,336 [f230bc7e-d80c-430f-a4ff-61e0293dd1c7@group-5051D78F8EF1:LeaderElection59] INFO  impl.LeaderElection (LeaderElection.java:askForVotes(182)) - f230bc7e-d80c-430f-a4ff-61e0293dd1c7@group-5051D78F8EF1:LeaderElection59: begin an election at term 18 for -1: [f230bc7e-d80c-430f-a4ff-61e0293dd1c7:192.168.36.126:44732, 99a70305-7b37-4d81-b817-04520db44446:192.168.36.126:41949, 87aead68-aaca-445a-b26b-2e9f12b24b75:192.168.36.126:36757], old=null
2019-09-25 08:29:29,346 [f230bc7e-d80c-430f-a4ff-61e0293dd1c7@group-5051D78F8EF1:LeaderElection59] INFO  impl.LeaderElection (LeaderElection.java:logAndReturn(56)) - f230bc7e-d80c-430f-a4ff-61e0293dd1c7@group-5051D78F8EF1:LeaderElection59: Election REJECTED; received 2 response(s) [f230bc7e-d80c-430f-a4ff-61e0293dd1c7<-99a70305-7b37-4d81-b817-04520db44446#0:FAIL-t18, f230bc7e-d80c-430f-a4ff-61e0293dd1c7<-87aead68-aaca-445a-b26b-2e9f12b24b75#0:FAIL-t18] and 0 exception(s); f230bc7e-d80c-430f-a4ff-61e0293dd1c7@group-5051D78F8EF1:t18, leader=null, voted=f230bc7e-d80c-430f-a4ff-61e0293dd1c7, raftlog=f230bc7e-d80c-430f-a4ff-61e0293dd1c7@group-5051D78F8EF1-SegmentedRaftLog:OPENED:c-1,f-1,i0, conf=-1: [f230bc7e-d80c-430f-a4ff-61e0293dd1c7:192.168.36.126:44732, 99a70305-7b37-4d81-b817-04520db44446:192.168.36.126:41949, 87aead68-aaca-445a-b26b-2e9f12b24b75:192.168.36.126:36757], old=null
2019-09-25 08:29:29,346 [f230bc7e-d80c-430f-a4ff-61e0293dd1c7@group-5051D78F8EF1:LeaderElection59] INFO  impl.RaftServerImpl (RaftServerImpl.java:setRole(174)) - f230bc7e-d80c-430f-a4ff-61e0293dd1c7@group-5051D78F8EF1: changes role from CANDIDATE to FOLLOWER at term 18 for DISCOVERED_A_NEW_TERM
2019-09-25 08:29:29,347 [99a70305-7b37-4d81-b817-04520db44446@group-5051D78F8EF1:LeaderElection58] INFO  impl.LeaderElection (LeaderElection.java:logAndReturn(56)) - 99a70305-7b37-4d81-b817-04520db44446@group-5051D78F8EF1:LeaderElection58: Election REJECTED; received 2 response(s) [99a70305-7b37-4d81-b817-04520db44446<-f230bc7e-d80c-430f-a4ff-61e0293dd1c7#0:FAIL-t18, 99a70305-7b37-4d81-b817-04520db44446<-87aead68-aaca-445a-b26b-2e9f12b24b75#0:FAIL-t18] and 0 exception(s); 99a70305-7b37-4d81-b817-04520db44446@group-5051D78F8EF1:t18, leader=null, voted=99a70305-7b37-4d81-b817-04520db44446, raftlog=99a70305-7b37-4d81-b817-04520db44446@group-5051D78F8EF1-SegmentedRaftLog:OPENED:c-1,f-1,i0, conf=-1: [f230bc7e-d80c-430f-a4ff-61e0293dd1c7:192.168.36.126:44732, 99a70305-7b37-4d81-b817-04520db44446:192.168.36.126:41949, 87aead68-aaca-445a-b26b-2e9f12b24b75:192.168.36.126:36757], old=null
2019-09-25 08:29:29,347 [f230bc7e-d80c-430f-a4ff-61e0293dd1c7@group-5051D78F8EF1:LeaderElection59] INFO  impl.RoleInfo (RoleInfo.java:shutdownLeaderElection(134)) - f230bc7e-d80c-430f-a4ff-61e0293dd1c7: shutdown LeaderElection
2019-09-25 08:29:29,349 [99a70305-7b37-4d81-b817-04520db44446@group-5051D78F8EF1:LeaderElection58] INFO  impl.RaftServerImpl (RaftServerImpl.java:setRole(174)) - 99a70305-7b37-4d81-b817-04520db44446@group-5051D78F8EF1: changes role from CANDIDATE to FOLLOWER at term 18 for DISCOVERED_A_NEW_TERM
2019-09-25 08:29:29,358 [f230bc7e-d80c-430f-a4ff-61e0293dd1c7@group-5051D78F8EF1:LeaderElection59] INFO  impl.RoleInfo (RoleInfo.java:updateAndGet(143)) - f230bc7e-d80c-430f-a4ff-61e0293dd1c7: start FollowerState
2019-09-25 08:29:29,358 [99a70305-7b37-4d81-b817-04520db44446@group-5051D78F8EF1:LeaderElection58] INFO  impl.RoleInfo (RoleInfo.java:shutdownLeaderElection(134)) - 99a70305-7b37-4d81-b817-04520db44446: shutdown LeaderElection
2019-09-25 08:29:29,358 [87aead68-aaca-445a-b26b-2e9f12b24b75@group-5051D78F8EF1:LeaderElection57] INFO  impl.LeaderElection (LeaderElection.java:logAndReturn(56)) - 87aead68-aaca-445a-b26b-2e9f12b24b75@group-5051D78F8EF1:LeaderElection57: Election REJECTED; received 2 response(s) [87aead68-aaca-445a-b26b-2e9f12b24b75<-f230bc7e-d80c-430f-a4ff-61e0293dd1c7#0:FAIL-t18, 87aead68-aaca-445a-b26b-2e9f12b24b75<-99a70305-7b37-4d81-b817-04520db44446#0:FAIL-t18] and 0 exception(s); 87aead68-aaca-445a-b26b-2e9f12b24b75@group-5051D78F8EF1:t18, leader=null, voted=87aead68-aaca-445a-b26b-2e9f12b24b75, raftlog=87aead68-aaca-445a-b26b-2e9f12b24b75@group-5051D78F8EF1-SegmentedRaftLog:OPENED:c-1,f-1,i0, conf=-1: [f230bc7e-d80c-430f-a4ff-61e0293dd1c7:192.168.36.126:44732, 99a70305-7b37-4d81-b817-04520db44446:192.168.36.126:41949, 87aead68-aaca-445a-b26b-2e9f12b24b75:192.168.36.126:36757], old=null
2019-09-25 08:29:29,359 [99a70305-7b37-4d81-b817-04520db44446@group-5051D78F8EF1:LeaderElection58] INFO  impl.RoleInfo (RoleInfo.java:updateAndGet(143)) - 99a70305-7b37-4d81-b817-04520db44446: start FollowerState
2019-09-25 08:29:29,359 [87aead68-aaca-445a-b26b-2e9f12b24b75@group-5051D78F8EF1:LeaderElection57] INFO  impl.RaftServerImpl (RaftServerImpl.java:setRole(174)) - 87aead68-aaca-445a-b26b-2e9f12b24b75@group-5051D78F8EF1: changes role from CANDIDATE to FOLLOWER at term 18 for DISCOVERED_A_NEW_TERM
2019-09-25 08:29:29,359 [87aead68-aaca-445a-b26b-2e9f12b24b75@group-5051D78F8EF1:LeaderElection57] INFO  impl.RoleInfo (RoleInfo.java:shutdownLeaderElection(134)) - 87aead68-aaca-445a-b26b-2e9f12b24b75: shutdown LeaderElection
2019-09-25 08:29:29,359 [87aead68-aaca-445a-b26b-2e9f12b24b75@group-5051D78F8EF1:LeaderElection57] INFO  impl.RoleInfo (RoleInfo.java:updateAndGet(143)) - 87aead68-aaca-445a-b26b-2e9f12b24b75: start FollowerState
2019-09-25 08:29:29,416 [EventQueue-PipelineActionsForPipelineActionHandler] ERROR pipeline.PipelineActionHandler (PipelineActionHandler.java:onMessage(60)) - Received pipeline action CLOSE for Pipeline[ Id: a0f68d11-c917-4373-a31e-5051d78f8ef1, Nodes: 99a70305-7b37-4d81-b817-04520db44446{ip: 192.168.36.126, host: pr-hdds-2174-pqx5g-486351168, networkLocation: /default-rack, certSerialId: null}87aead68-aaca-445a-b26b-2e9f12b24b75{ip: 192.168.36.126, host: pr-hdds-2174-pqx5g-486351168, networkLocation: /default-rack, certSerialId: null}f230bc7e-d80c-430f-a4ff-61e0293dd1c7{ip: 192.168.36.126, host: pr-hdds-2174-pqx5g-486351168, networkLocation: /default-rack, certSerialId: null}, Type:RATIS, Factor:THREE, State:CLOSED] from datanode 99a70305-7b37-4d81-b817-04520db44446{ip: 192.168.36.126, host: pr-hdds-2174-pqx5g-486351168, networkLocation: /default-rack, certSerialId: null}. Reason : 99a70305-7b37-4d81-b817-04520db44446 is in candidate state for 147697ms
2019-09-25 08:29:29,417 [EventQueue-PipelineActionsForPipelineActionHandler] INFO  pipeline.SCMPipelineManager (SCMPipelineManager.java:finalizeAndDestroyPipeline(315)) - destroying pipeline:Pipeline[ Id: a0f68d11-c917-4373-a31e-5051d78f8ef1, Nodes: 99a70305-7b37-4d81-b817-04520db44446{ip: 192.168.36.126, host: pr-hdds-2174-pqx5g-486351168, networkLocation: /default-rack, certSerialId: null}87aead68-aaca-445a-b26b-2e9f12b24b75{ip: 192.168.36.126, host: pr-hdds-2174-pqx5g-486351168, networkLocation: /default-rack, certSerialId: null}f230bc7e-d80c-430f-a4ff-61e0293dd1c7{ip: 192.168.36.126, host: pr-hdds-2174-pqx5g-486351168, networkLocation: /default-rack, certSerialId: null}, Type:RATIS, Factor:THREE, State:CLOSED]
2019-09-25 08:29:29,548 [EventQueue-PipelineActionsForPipelineActionHandler] ERROR pipeline.PipelineActionHandler (PipelineActionHandler.java:onMessage(60)) - Received pipeline action CLOSE for Pipeline[ Id: a0f68d11-c917-4373-a31e-5051d78f8ef1, Nodes: 99a70305-7b37-4d81-b817-04520db44446{ip: 192.168.36.126, host: pr-hdds-2174-pqx5g-486351168, networkLocation: /default-rack, certSerialId: null}87aead68-aaca-445a-b26b-2e9f12b24b75{ip: 192.168.36.126, host: pr-hdds-2174-pqx5g-486351168, networkLocation: /default-rack, certSerialId: null}f230bc7e-d80c-430f-a4ff-61e0293dd1c7{ip: 192.168.36.126, host: pr-hdds-2174-pqx5g-486351168, networkLocation: /default-rack, certSerialId: null}, Type:RATIS, Factor:THREE, State:CLOSED] from datanode f230bc7e-d80c-430f-a4ff-61e0293dd1c7{ip: 192.168.36.126, host: pr-hdds-2174-pqx5g-486351168, networkLocation: /default-rack, certSerialId: null}. Reason : f230bc7e-d80c-430f-a4ff-61e0293dd1c7 is in candidate state for 147701ms
2019-09-25 08:29:29,548 [EventQueue-PipelineActionsForPipelineActionHandler] INFO  pipeline.SCMPipelineManager (SCMPipelineManager.java:finalizeAndDestroyPipeline(315)) - destroying pipeline:Pipeline[ Id: a0f68d11-c917-4373-a31e-5051d78f8ef1, Nodes: 99a70305-7b37-4d81-b817-04520db44446{ip: 192.168.36.126, host: pr-hdds-2174-pqx5g-486351168, networkLocation: /default-rack, certSerialId: null}87aead68-aaca-445a-b26b-2e9f12b24b75{ip: 192.168.36.126, host: pr-hdds-2174-pqx5g-486351168, networkLocation: /default-rack, certSerialId: null}f230bc7e-d80c-430f-a4ff-61e0293dd1c7{ip: 192.168.36.126, host: pr-hdds-2174-pqx5g-486351168, networkLocation: /default-rack, certSerialId: null}, Type:RATIS, Factor:THREE, State:CLOSED]
2019-09-25 08:29:29,656 [EventQueue-PipelineActionsForPipelineActionHandler] ERROR pipeline.PipelineActionHandler (PipelineActionHandler.java:onMessage(60)) - Received pipeline action CLOSE for Pipeline[ Id: a0f68d11-c917-4373-a31e-5051d78f8ef1, Nodes: 99a70305-7b37-4d81-b817-04520db44446{ip: 192.168.36.126, host: pr-hdds-2174-pqx5g-486351168, networkLocation: /default-rack, certSerialId: null}87aead68-aaca-445a-b26b-2e9f12b24b75{ip: 192.168.36.126, host: pr-hdds-2174-pqx5g-486351168, networkLocation: /default-rack, certSerialId: null}f230bc7e-d80c-430f-a4ff-61e0293dd1c7{ip: 192.168.36.126, host: pr-hdds-2174-pqx5g-486351168, networkLocation: /default-rack, certSerialId: null}, Type:RATIS, Factor:THREE, State:CLOSED] from datanode 87aead68-aaca-445a-b26b-2e9f12b24b75{ip: 192.168.36.126, host: pr-hdds-2174-pqx5g-486351168, networkLocation: /default-rack, certSerialId: null}. Reason : 87aead68-aaca-445a-b26b-2e9f12b24b75 is in candidate state for 147616ms
2019-09-25 08:29:29,657 [EventQueue-PipelineActionsForPipelineActionHandler] INFO  pipeline.SCMPipelineManager (SCMPipelineManager.java:finalizeAndDestroyPipeline(315)) - destroying pipeline:Pipeline[ Id: a0f68d11-c917-4373-a31e-5051d78f8ef1, Nodes: 99a70305-7b37-4d81-b817-04520db44446{ip: 192.168.36.126, host: pr-hdds-2174-pqx5g-486351168, networkLocation: /default-rack, certSerialId: null}87aead68-aaca-445a-b26b-2e9f12b24b75{ip: 192.168.36.126, host: pr-hdds-2174-pqx5g-486351168, networkLocation: /default-rack, certSerialId: null}f230bc7e-d80c-430f-a4ff-61e0293dd1c7{ip: 192.168.36.126, host: pr-hdds-2174-pqx5g-486351168, networkLocation: /default-rack, certSerialId: null}, Type:RATIS, Factor:THREE, State:CLOSED]
2019-09-25 08:29:34,476 [Thread-769] INFO  impl.FollowerState (FollowerState.java:run(106)) - f230bc7e-d80c-430f-a4ff-61e0293dd1c7:group-5051D78F8EF1 changes to CANDIDATE, lastRpcTime:5117, electionTimeout:5117ms
2019-09-25 08:29:34,477 [Thread-769] INFO  impl.RoleInfo (RoleInfo.java:shutdownFollowerState(121)) - f230bc7e-d80c-430f-a4ff-61e0293dd1c7: shutdown FollowerState
2019-09-25 08:29:34,477 [Thread-769] INFO  impl.RaftServerImpl (RaftServerImpl.java:setRole(174)) - f230bc7e-d80c-430f-a4ff-61e0293dd1c7@group-5051D78F8EF1: changes role from  FOLLOWER to CANDIDATE at term 18 for changeToCandidate
2019-09-25 08:29:34,478 [Thread-769] ERROR ratis.XceiverServerRatis (XceiverServerRatis.java:triggerPipelineClose(575)) - pipeline Action CLOSE  on pipeline PipelineID=a0f68d11-c917-4373-a31e-5051d78f8ef1.Reason : f230bc7e-d80c-430f-a4ff-61e0293dd1c7 is in candidate state for 153071ms
2019-09-25 08:29:34,479 [Thread-769] INFO  impl.RoleInfo (RoleInfo.java:updateAndGet(143)) - f230bc7e-d80c-430f-a4ff-61e0293dd1c7: start LeaderElection
2019-09-25 08:29:34,504 [Thread-771] INFO  impl.FollowerState (FollowerState.java:run(106)) - 87aead68-aaca-445a-b26b-2e9f12b24b75:group-5051D78F8EF1 changes to CANDIDATE, lastRpcTime:5144, electionTimeout:5144ms
2019-09-25 08:29:34,504 [Thread-771] INFO  impl.RoleInfo (RoleInfo.java:shutdownFollowerState(121)) - 87aead68-aaca-445a-b26b-2e9f12b24b75: shutdown FollowerState
2019-09-25 08:29:34,504 [Thread-771] INFO  impl.RaftServerImpl (RaftServerImpl.java:setRole(174)) - 87aead68-aaca-445a-b26b-2e9f12b24b75@group-5051D78F8EF1: changes role from  FOLLOWER to CANDIDATE at term 18 for changeToCandidate
2019-09-25 08:29:34,504 [Thread-771] ERROR ratis.XceiverServerRatis (XceiverServerRatis.java:triggerPipelineClose(575)) - pipeline Action CLOSE  on pipeline PipelineID=a0f68d11-c917-4373-a31e-5051d78f8ef1.Reason : 87aead68-aaca-445a-b26b-2e9f12b24b75 is in candidate state for 153097ms
2019-09-25 08:29:34,505 [Thread-771] INFO  impl.RoleInfo (RoleInfo.java:updateAndGet(143)) - 87aead68-aaca-445a-b26b-2e9f12b24b75: start LeaderElection
2019-09-25 08:29:34,535 [Thread-770] INFO  impl.FollowerState (FollowerState.java:run(106)) - 99a70305-7b37-4d81-b817-04520db44446:group-5051D78F8EF1 changes to CANDIDATE, lastRpcTime:5175, electionTimeout:5175ms
2019-09-25 08:29:34,536 [Thread-770] INFO  impl.RoleInfo (RoleInfo.java:shutdownFollowerState(121)) - 99a70305-7b37-4d81-b817-04520db44446: shutdown FollowerState
2019-09-25 08:29:34,536 [Thread-770] INFO  impl.RaftServerImpl (RaftServerImpl.java:setRole(174)) - 99a70305-7b37-4d81-b817-04520db44446@group-5051D78F8EF1: changes role from  FOLLOWER to CANDIDATE at term 18 for changeToCandidate
2019-09-25 08:29:34,536 [Thread-770] ERROR ratis.XceiverServerRatis (XceiverServerRatis.java:triggerPipelineClose(575)) - pipeline Action CLOSE  on pipeline PipelineID=a0f68d11-c917-4373-a31e-5051d78f8ef1.Reason : 99a70305-7b37-4d81-b817-04520db44446 is in candidate state for 153128ms
2019-09-25 08:29:34,536 [Thread-770] INFO  impl.RoleInfo (RoleInfo.java:updateAndGet(143)) - 99a70305-7b37-4d81-b817-04520db44446: start LeaderElection
2019-09-25 08:29:34,549 [EventQueue-PipelineActionsForPipelineActionHandler] ERROR pipeline.PipelineActionHandler (PipelineActionHandler.java:onMessage(60)) - Received pipeline action CLOSE for Pipeline[ Id: a0f68d11-c917-4373-a31e-5051d78f8ef1, Nodes: 99a70305-7b37-4d81-b817-04520db44446{ip: 192.168.36.126, host: pr-hdds-2174-pqx5g-486351168, networkLocation: /default-rack, certSerialId: null}87aead68-aaca-445a-b26b-2e9f12b24b75{ip: 192.168.36.126, host: pr-hdds-2174-pqx5g-486351168, networkLocation: /default-rack, certSerialId: null}f230bc7e-d80c-430f-a4ff-61e0293dd1c7{ip: 192.168.36.126, host: pr-hdds-2174-pqx5g-486351168, networkLocation: /default-rack, certSerialId: null}, Type:RATIS, Factor:THREE, State:CLOSED] from datanode f230bc7e-d80c-430f-a4ff-61e0293dd1c7{ip: 192.168.36.126, host: pr-hdds-2174-pqx5g-486351168, networkLocation: /default-rack, certSerialId: null}. Reason : f230bc7e-d80c-430f-a4ff-61e0293dd1c7 is in candidate state for 153071ms
2019-09-25 08:29:34,549 [EventQueue-PipelineActionsForPipelineActionHandler] INFO  pipeline.SCMPipelineManager (SCMPipelineManager.java:finalizeAndDestroyPipeline(315)) - destroying pipeline:Pipeline[ Id: a0f68d11-c917-4373-a31e-5051d78f8ef1, Nodes: 99a70305-7b37-4d81-b817-04520db44446{ip: 192.168.36.126, host: pr-hdds-2174-pqx5g-486351168, networkLocation: /default-rack, certSerialId: null}87aead68-aaca-445a-b26b-2e9f12b24b75{ip: 192.168.36.126, host: pr-hdds-2174-pqx5g-486351168, networkLocation: /default-rack, certSerialId: null}f230bc7e-d80c-430f-a4ff-61e0293dd1c7{ip: 192.168.36.126, host: pr-hdds-2174-pqx5g-486351168, networkLocation: /default-rack, certSerialId: null}, Type:RATIS, Factor:THREE, State:CLOSED]
2019-09-25 08:29:34,657 [EventQueue-PipelineActionsForPipelineActionHandler] ERROR pipeline.PipelineActionHandler (PipelineActionHandler.java:onMessage(60)) - Received pipeline action CLOSE for Pipeline[ Id: a0f68d11-c917-4373-a31e-5051d78f8ef1, Nodes: 99a70305-7b37-4d81-b817-04520db44446{ip: 192.168.36.126, host: pr-hdds-2174-pqx5g-486351168, networkLocation: /default-rack, certSerialId: null}87aead68-aaca-445a-b26b-2e9f12b24b75{ip: 192.168.36.126, host: pr-hdds-2174-pqx5g-486351168, networkLocation: /default-rack, certSerialId: null}f230bc7e-d80c-430f-a4ff-61e0293dd1c7{ip: 192.168.36.126, host: pr-hdds-2174-pqx5g-486351168, networkLocation: /default-rack, certSerialId: null}, Type:RATIS, Factor:THREE, State:CLOSED] from datanode 87aead68-aaca-445a-b26b-2e9f12b24b75{ip: 192.168.36.126, host: pr-hdds-2174-pqx5g-486351168, networkLocation: /default-rack, certSerialId: null}. Reason : 87aead68-aaca-445a-b26b-2e9f12b24b75 is in candidate state for 153097ms
2019-09-25 08:29:34,657 [EventQueue-PipelineActionsForPipelineActionHandler] INFO  pipeline.SCMPipelineManager (SCMPipelineManager.java:finalizeAndDestroyPipeline(315)) - destroying pipeline:Pipeline[ Id: a0f68d11-c917-4373-a31e-5051d78f8ef1, Nodes: 99a70305-7b37-4d81-b817-04520db44446{ip: 192.168.36.126, host: pr-hdds-2174-pqx5g-486351168, networkLocation: /default-rack, certSerialId: null}87aead68-aaca-445a-b26b-2e9f12b24b75{ip: 192.168.36.126, host: pr-hdds-2174-pqx5g-486351168, networkLocation: /default-rack, certSerialId: null}f230bc7e-d80c-430f-a4ff-61e0293dd1c7{ip: 192.168.36.126, host: pr-hdds-2174-pqx5g-486351168, networkLocation: /default-rack, certSerialId: null}, Type:RATIS, Factor:THREE, State:CLOSED]
2019-09-25 08:29:34,857 [f230bc7e-d80c-430f-a4ff-61e0293dd1c7@group-5051D78F8EF1:LeaderElection60] INFO  impl.LeaderElection (LeaderElection.java:askForVotes(182)) - f230bc7e-d80c-430f-a4ff-61e0293dd1c7@group-5051D78F8EF1:LeaderElection60: begin an election at term 19 for -1: [f230bc7e-d80c-430f-a4ff-61e0293dd1c7:192.168.36.126:44732, 99a70305-7b37-4d81-b817-04520db44446:192.168.36.126:41949, 87aead68-aaca-445a-b26b-2e9f12b24b75:192.168.36.126:36757], old=null
2019-09-25 08:29:34,857 [99a70305-7b37-4d81-b817-04520db44446@group-5051D78F8EF1:LeaderElection62] INFO  impl.LeaderElection (LeaderElection.java:askForVotes(182)) - 99a70305-7b37-4d81-b817-04520db44446@group-5051D78F8EF1:LeaderElection62: begin an election at term 19 for -1: [f230bc7e-d80c-430f-a4ff-61e0293dd1c7:192.168.36.126:44732, 99a70305-7b37-4d81-b817-04520db44446:192.168.36.126:41949, 87aead68-aaca-445a-b26b-2e9f12b24b75:192.168.36.126:36757], old=null
2019-09-25 08:29:34,857 [87aead68-aaca-445a-b26b-2e9f12b24b75@group-5051D78F8EF1:LeaderElection61] INFO  impl.LeaderElection (LeaderElection.java:askForVotes(182)) - 87aead68-aaca-445a-b26b-2e9f12b24b75@group-5051D78F8EF1:LeaderElection61: begin an election at term 19 for -1: [f230bc7e-d80c-430f-a4ff-61e0293dd1c7:192.168.36.126:44732, 99a70305-7b37-4d81-b817-04520db44446:192.168.36.126:41949, 87aead68-aaca-445a-b26b-2e9f12b24b75:192.168.36.126:36757], old=null
2019-09-25 08:29:34,865 [f230bc7e-d80c-430f-a4ff-61e0293dd1c7@group-5051D78F8EF1:LeaderElection60] INFO  impl.LeaderElection (LeaderElection.java:logAndReturn(56)) - f230bc7e-d80c-430f-a4ff-61e0293dd1c7@group-5051D78F8EF1:LeaderElection60: Election REJECTED; received 2 response(s) [f230bc7e-d80c-430f-a4ff-61e0293dd1c7<-87aead68-aaca-445a-b26b-2e9f12b24b75#0:FAIL-t19, f230bc7e-d80c-430f-a4ff-61e0293dd1c7<-99a70305-7b37-4d81-b817-04520db44446#0:FAIL-t19] and 0 exception(s); f230bc7e-d80c-430f-a4ff-61e0293dd1c7@group-5051D78F8EF1:t19, leader=null, voted=f230bc7e-d80c-430f-a4ff-61e0293dd1c7, raftlog=f230bc7e-d80c-430f-a4ff-61e0293dd1c7@group-5051D78F8EF1-SegmentedRaftLog:OPENED:c-1,f-1,i0, conf=-1: [f230bc7e-d80c-430f-a4ff-61e0293dd1c7:192.168.36.126:44732, 99a70305-7b37-4d81-b817-04520db44446:192.168.36.126:41949, 87aead68-aaca-445a-b26b-2e9f12b24b75:192.168.36.126:36757], old=null
2019-09-25 08:29:34,866 [f230bc7e-d80c-430f-a4ff-61e0293dd1c7@group-5051D78F8EF1:LeaderElection60] INFO  impl.RaftServerImpl (RaftServerImpl.java:setRole(174)) - f230bc7e-d80c-430f-a4ff-61e0293dd1c7@group-5051D78F8EF1: changes role from CANDIDATE to FOLLOWER at term 19 for DISCOVERED_A_NEW_TERM
2019-09-25 08:29:34,866 [f230bc7e-d80c-430f-a4ff-61e0293dd1c7@group-5051D78F8EF1:LeaderElection60] INFO  impl.RoleInfo (RoleInfo.java:shutdownLeaderElection(134)) - f230bc7e-d80c-430f-a4ff-61e0293dd1c7: shutdown LeaderElection
2019-09-25 08:29:34,866 [87aead68-aaca-445a-b26b-2e9f12b24b75@group-5051D78F8EF1:LeaderElection61] INFO  impl.LeaderElection (LeaderElection.java:logAndReturn(56)) - 87aead68-aaca-445a-b26b-2e9f12b24b75@group-5051D78F8EF1:LeaderElection61: Election REJECTED; received 2 response(s) [87aead68-aaca-445a-b26b-2e9f12b24b75<-f230bc7e-d80c-430f-a4ff-61e0293dd1c7#0:FAIL-t19, 87aead68-aaca-445a-b26b-2e9f12b24b75<-99a70305-7b37-4d81-b817-04520db44446#0:FAIL-t19] and 0 exception(s); 87aead68-aaca-445a-b26b-2e9f12b24b75@group-5051D78F8EF1:t19, leader=null, voted=87aead68-aaca-445a-b26b-2e9f12b24b75, raftlog=87aead68-aaca-445a-b26b-2e9f12b24b75@group-5051D78F8EF1-SegmentedRaftLog:OPENED:c-1,f-1,i0, conf=-1: [f230bc7e-d80c-430f-a4ff-61e0293dd1c7:192.168.36.126:44732, 99a70305-7b37-4d81-b817-04520db44446:192.168.36.126:41949, 87aead68-aaca-445a-b26b-2e9f12b24b75:192.168.36.126:36757], old=null
2019-09-25 08:29:34,866 [f230bc7e-d80c-430f-a4ff-61e0293dd1c7@group-5051D78F8EF1:LeaderElection60] INFO  impl.RoleInfo (RoleInfo.java:updateAndGet(143)) - f230bc7e-d80c-430f-a4ff-61e0293dd1c7: start FollowerState
2019-09-25 08:29:34,866 [99a70305-7b37-4d81-b817-04520db44446@group-5051D78F8EF1:LeaderElection62] INFO  impl.LeaderElection (LeaderElection.java:logAndReturn(56)) - 99a70305-7b37-4d81-b817-04520db44446@group-5051D78F8EF1:LeaderElection62: Election REJECTED; received 2 response(s) [99a70305-7b37-4d81-b817-04520db44446<-f230bc7e-d80c-430f-a4ff-61e0293dd1c7#0:FAIL-t19, 99a70305-7b37-4d81-b817-04520db44446<-87aead68-aaca-445a-b26b-2e9f12b24b75#0:FAIL-t19] and 0 exception(s); 99a70305-7b37-4d81-b817-04520db44446@group-5051D78F8EF1:t19, leader=null, voted=99a70305-7b37-4d81-b817-04520db44446, raftlog=99a70305-7b37-4d81-b817-04520db44446@group-5051D78F8EF1-SegmentedRaftLog:OPENED:c-1,f-1,i0, conf=-1: [f230bc7e-d80c-430f-a4ff-61e0293dd1c7:192.168.36.126:44732, 99a70305-7b37-4d81-b817-04520db44446:192.168.36.126:41949, 87aead68-aaca-445a-b26b-2e9f12b24b75:192.168.36.126:36757], old=null
2019-09-25 08:29:34,866 [87aead68-aaca-445a-b26b-2e9f12b24b75@group-5051D78F8EF1:LeaderElection61] INFO  impl.RaftServerImpl (RaftServerImpl.java:setRole(174)) - 87aead68-aaca-445a-b26b-2e9f12b24b75@group-5051D78F8EF1: changes role from CANDIDATE to FOLLOWER at term 19 for DISCOVERED_A_NEW_TERM
2019-09-25 08:29:34,867 [99a70305-7b37-4d81-b817-04520db44446@group-5051D78F8EF1:LeaderElection62] INFO  impl.RaftServerImpl (RaftServerImpl.java:setRole(174)) - 99a70305-7b37-4d81-b817-04520db44446@group-5051D78F8EF1: changes role from CANDIDATE to FOLLOWER at term 19 for DISCOVERED_A_NEW_TERM
2019-09-25 08:29:34,867 [87aead68-aaca-445a-b26b-2e9f12b24b75@group-5051D78F8EF1:LeaderElection61] INFO  impl.RoleInfo (RoleInfo.java:shutdownLeaderElection(134)) - 87aead68-aaca-445a-b26b-2e9f12b24b75: shutdown LeaderElection
2019-09-25 08:29:34,867 [99a70305-7b37-4d81-b817-04520db44446@group-5051D78F8EF1:LeaderElection62] INFO  impl.RoleInfo (RoleInfo.java:shutdownLeaderElection(134)) - 99a70305-7b37-4d81-b817-04520db44446: shutdown LeaderElection
2019-09-25 08:29:34,867 [87aead68-aaca-445a-b26b-2e9f12b24b75@group-5051D78F8EF1:LeaderElection61] INFO  impl.RoleInfo (RoleInfo.java:updateAndGet(143)) - 87aead68-aaca-445a-b26b-2e9f12b24b75: start FollowerState
2019-09-25 08:29:34,867 [99a70305-7b37-4d81-b817-04520db44446@group-5051D78F8EF1:LeaderElection62] INFO  impl.RoleInfo (RoleInfo.java:updateAndGet(143)) - 99a70305-7b37-4d81-b817-04520db44446: start FollowerState
2019-09-25 08:29:35,416 [EventQueue-PipelineActionsForPipelineActionHandler] ERROR pipeline.PipelineActionHandler (PipelineActionHandler.java:onMessage(60)) - Received pipeline action CLOSE for Pipeline[ Id: a0f68d11-c917-4373-a31e-5051d78f8ef1, Nodes: 99a70305-7b37-4d81-b817-04520db44446{ip: 192.168.36.126, host: pr-hdds-2174-pqx5g-486351168, networkLocation: /default-rack, certSerialId: null}87aead68-aaca-445a-b26b-2e9f12b24b75{ip: 192.168.36.126, host: pr-hdds-2174-pqx5g-486351168, networkLocation: /default-rack, certSerialId: null}f230bc7e-d80c-430f-a4ff-61e0293dd1c7{ip: 192.168.36.126, host: pr-hdds-2174-pqx5g-486351168, networkLocation: /default-rack, certSerialId: null}, Type:RATIS, Factor:THREE, State:CLOSED] from datanode 99a70305-7b37-4d81-b817-04520db44446{ip: 192.168.36.126, host: pr-hdds-2174-pqx5g-486351168, networkLocation: /default-rack, certSerialId: null}. Reason : 99a70305-7b37-4d81-b817-04520db44446 is in candidate state for 153128ms
2019-09-25 08:29:35,416 [EventQueue-PipelineActionsForPipelineActionHandler] INFO  pipeline.SCMPipelineManager (SCMPipelineManager.java:finalizeAndDestroyPipeline(315)) - destroying pipeline:Pipeline[ Id: a0f68d11-c917-4373-a31e-5051d78f8ef1, Nodes: 99a70305-7b37-4d81-b817-04520db44446{ip: 192.168.36.126, host: pr-hdds-2174-pqx5g-486351168, networkLocation: /default-rack, certSerialId: null}87aead68-aaca-445a-b26b-2e9f12b24b75{ip: 192.168.36.126, host: pr-hdds-2174-pqx5g-486351168, networkLocation: /default-rack, certSerialId: null}f230bc7e-d80c-430f-a4ff-61e0293dd1c7{ip: 192.168.36.126, host: pr-hdds-2174-pqx5g-486351168, networkLocation: /default-rack, certSerialId: null}, Type:RATIS, Factor:THREE, State:CLOSED]
2019-09-25 08:29:39,885 [Thread-794] INFO  impl.FollowerState (FollowerState.java:run(106)) - 87aead68-aaca-445a-b26b-2e9f12b24b75:group-5051D78F8EF1 changes to CANDIDATE, lastRpcTime:5017, electionTimeout:5017ms
2019-09-25 08:29:39,886 [Thread-794] INFO  impl.RoleInfo (RoleInfo.java:shutdownFollowerState(121)) - 87aead68-aaca-445a-b26b-2e9f12b24b75: shutdown FollowerState
2019-09-25 08:29:39,887 [Thread-794] INFO  impl.RaftServerImpl (RaftServerImpl.java:setRole(174)) - 87aead68-aaca-445a-b26b-2e9f12b24b75@group-5051D78F8EF1: changes role from  FOLLOWER to CANDIDATE at term 19 for changeToCandidate
2019-09-25 08:29:39,887 [Thread-794] ERROR ratis.XceiverServerRatis (XceiverServerRatis.java:triggerPipelineClose(575)) - pipeline Action CLOSE  on pipeline PipelineID=a0f68d11-c917-4373-a31e-5051d78f8ef1.Reason : 87aead68-aaca-445a-b26b-2e9f12b24b75 is in candidate state for 158480ms
2019-09-25 08:29:39,888 [Thread-794] INFO  impl.RoleInfo (RoleInfo.java:updateAndGet(143)) - 87aead68-aaca-445a-b26b-2e9f12b24b75: start LeaderElection
2019-09-25 08:29:39,890 [Thread-795] INFO  impl.FollowerState (FollowerState.java:run(106)) - 99a70305-7b37-4d81-b817-04520db44446:group-5051D78F8EF1 changes to CANDIDATE, lastRpcTime:5022, electionTimeout:5021ms
2019-09-25 08:29:39,890 [Thread-795] INFO  impl.RoleInfo (RoleInfo.java:shutdownFollowerState(121)) - 99a70305-7b37-4d81-b817-04520db44446: shutdown FollowerState
2019-09-25 08:29:39,890 [Thread-795] INFO  impl.RaftServerImpl (RaftServerImpl.java:setRole(174)) - 99a70305-7b37-4d81-b817-04520db44446@group-5051D78F8EF1: changes role from  FOLLOWER to CANDIDATE at term 19 for changeToCandidate
2019-09-25 08:29:39,890 [Thread-795] ERROR ratis.XceiverServerRatis (XceiverServerRatis.java:triggerPipelineClose(575)) - pipeline Action CLOSE  on pipeline PipelineID=a0f68d11-c917-4373-a31e-5051d78f8ef1.Reason : 99a70305-7b37-4d81-b817-04520db44446 is in candidate state for 158482ms
2019-09-25 08:29:39,890 [Thread-795] INFO  impl.RoleInfo (RoleInfo.java:updateAndGet(143)) - 99a70305-7b37-4d81-b817-04520db44446: start LeaderElection
2019-09-25 08:29:39,941 [Thread-793] INFO  impl.FollowerState (FollowerState.java:run(106)) - f230bc7e-d80c-430f-a4ff-61e0293dd1c7:group-5051D78F8EF1 changes to CANDIDATE, lastRpcTime:5074, electionTimeout:5074ms
2019-09-25 08:29:39,941 [Thread-793] INFO  impl.RoleInfo (RoleInfo.java:shutdownFollowerState(121)) - f230bc7e-d80c-430f-a4ff-61e0293dd1c7: shutdown FollowerState
2019-09-25 08:29:39,942 [Thread-793] INFO  impl.RaftServerImpl (RaftServerImpl.java:setRole(174)) - f230bc7e-d80c-430f-a4ff-61e0293dd1c7@group-5051D78F8EF1: changes role from  FOLLOWER to CANDIDATE at term 19 for changeToCandidate
2019-09-25 08:29:39,942 [Thread-793] ERROR ratis.XceiverServerRatis (XceiverServerRatis.java:triggerPipelineClose(575)) - pipeline Action CLOSE  on pipeline PipelineID=a0f68d11-c917-4373-a31e-5051d78f8ef1.Reason : f230bc7e-d80c-430f-a4ff-61e0293dd1c7 is in candidate state for 158535ms
2019-09-25 08:29:39,942 [Thread-793] INFO  impl.RoleInfo (RoleInfo.java:updateAndGet(143)) - f230bc7e-d80c-430f-a4ff-61e0293dd1c7: start LeaderElection
2019-09-25 08:29:40,157 [87aead68-aaca-445a-b26b-2e9f12b24b75@group-5051D78F8EF1:LeaderElection63] INFO  impl.LeaderElection (LeaderElection.java:askForVotes(182)) - 87aead68-aaca-445a-b26b-2e9f12b24b75@group-5051D78F8EF1:LeaderElection63: begin an election at term 20 for -1: [f230bc7e-d80c-430f-a4ff-61e0293dd1c7:192.168.36.126:44732, 99a70305-7b37-4d81-b817-04520db44446:192.168.36.126:41949, 87aead68-aaca-445a-b26b-2e9f12b24b75:192.168.36.126:36757], old=null
2019-09-25 08:29:40,157 [f230bc7e-d80c-430f-a4ff-61e0293dd1c7@group-5051D78F8EF1:LeaderElection65] INFO  impl.LeaderElection (LeaderElection.java:askForVotes(182)) - f230bc7e-d80c-430f-a4ff-61e0293dd1c7@group-5051D78F8EF1:LeaderElection65: begin an election at term 20 for -1: [f230bc7e-d80c-430f-a4ff-61e0293dd1c7:192.168.36.126:44732, 99a70305-7b37-4d81-b817-04520db44446:192.168.36.126:41949, 87aead68-aaca-445a-b26b-2e9f12b24b75:192.168.36.126:36757], old=null
2019-09-25 08:29:40,157 [99a70305-7b37-4d81-b817-04520db44446@group-5051D78F8EF1:LeaderElection64] INFO  impl.LeaderElection (LeaderElection.java:askForVotes(182)) - 99a70305-7b37-4d81-b817-04520db44446@group-5051D78F8EF1:LeaderElection64: begin an election at term 20 for -1: [f230bc7e-d80c-430f-a4ff-61e0293dd1c7:192.168.36.126:44732, 99a70305-7b37-4d81-b817-04520db44446:192.168.36.126:41949, 87aead68-aaca-445a-b26b-2e9f12b24b75:192.168.36.126:36757], old=null
2019-09-25 08:29:40,164 [99a70305-7b37-4d81-b817-04520db44446@group-5051D78F8EF1:LeaderElection64] INFO  impl.LeaderElection (LeaderElection.java:logAndReturn(56)) - 99a70305-7b37-4d81-b817-04520db44446@group-5051D78F8EF1:LeaderElection64: Election REJECTED; received 2 response(s) [99a70305-7b37-4d81-b817-04520db44446<-f230bc7e-d80c-430f-a4ff-61e0293dd1c7#0:FAIL-t20, 99a70305-7b37-4d81-b817-04520db44446<-87aead68-aaca-445a-b26b-2e9f12b24b75#0:FAIL-t20] and 0 exception(s); 99a70305-7b37-4d81-b817-04520db44446@group-5051D78F8EF1:t20, leader=null, voted=99a70305-7b37-4d81-b817-04520db44446, raftlog=99a70305-7b37-4d81-b817-04520db44446@group-5051D78F8EF1-SegmentedRaftLog:OPENED:c-1,f-1,i0, conf=-1: [f230bc7e-d80c-430f-a4ff-61e0293dd1c7:192.168.36.126:44732, 99a70305-7b37-4d81-b817-04520db44446:192.168.36.126:41949, 87aead68-aaca-445a-b26b-2e9f12b24b75:192.168.36.126:36757], old=null
2019-09-25 08:29:40,164 [f230bc7e-d80c-430f-a4ff-61e0293dd1c7@group-5051D78F8EF1:LeaderElection65] INFO  impl.LeaderElection (LeaderElection.java:logAndReturn(56)) - f230bc7e-d80c-430f-a4ff-61e0293dd1c7@group-5051D78F8EF1:LeaderElection65: Election REJECTED; received 2 response(s) [f230bc7e-d80c-430f-a4ff-61e0293dd1c7<-87aead68-aaca-445a-b26b-2e9f12b24b75#0:FAIL-t20, f230bc7e-d80c-430f-a4ff-61e0293dd1c7<-99a70305-7b37-4d81-b817-04520db44446#0:FAIL-t20] and 0 exception(s); f230bc7e-d80c-430f-a4ff-61e0293dd1c7@group-5051D78F8EF1:t20, leader=null, voted=f230bc7e-d80c-430f-a4ff-61e0293dd1c7, raftlog=f230bc7e-d80c-430f-a4ff-61e0293dd1c7@group-5051D78F8EF1-SegmentedRaftLog:OPENED:c-1,f-1,i0, conf=-1: [f230bc7e-d80c-430f-a4ff-61e0293dd1c7:192.168.36.126:44732, 99a70305-7b37-4d81-b817-04520db44446:192.168.36.126:41949, 87aead68-aaca-445a-b26b-2e9f12b24b75:192.168.36.126:36757], old=null
2019-09-25 08:29:40,164 [99a70305-7b37-4d81-b817-04520db44446@group-5051D78F8EF1:LeaderElection64] INFO  impl.RaftServerImpl (RaftServerImpl.java:setRole(174)) - 99a70305-7b37-4d81-b817-04520db44446@group-5051D78F8EF1: changes role from CANDIDATE to FOLLOWER at term 20 for DISCOVERED_A_NEW_TERM
2019-09-25 08:29:40,164 [f230bc7e-d80c-430f-a4ff-61e0293dd1c7@group-5051D78F8EF1:LeaderElection65] INFO  impl.RaftServerImpl (RaftServerImpl.java:setRole(174)) - f230bc7e-d80c-430f-a4ff-61e0293dd1c7@group-5051D78F8EF1: changes role from CANDIDATE to FOLLOWER at term 20 for DISCOVERED_A_NEW_TERM
2019-09-25 08:29:40,165 [99a70305-7b37-4d81-b817-04520db44446@group-5051D78F8EF1:LeaderElection64] INFO  impl.RoleInfo (RoleInfo.java:shutdownLeaderElection(134)) - 99a70305-7b37-4d81-b817-04520db44446: shutdown LeaderElection
2019-09-25 08:29:40,165 [f230bc7e-d80c-430f-a4ff-61e0293dd1c7@group-5051D78F8EF1:LeaderElection65] INFO  impl.RoleInfo (RoleInfo.java:shutdownLeaderElection(134)) - f230bc7e-d80c-430f-a4ff-61e0293dd1c7: shutdown LeaderElection
2019-09-25 08:29:40,165 [99a70305-7b37-4d81-b817-04520db44446@group-5051D78F8EF1:LeaderElection64] INFO  impl.RoleInfo (RoleInfo.java:updateAndGet(143)) - 99a70305-7b37-4d81-b817-04520db44446: start FollowerState
2019-09-25 08:29:40,165 [f230bc7e-d80c-430f-a4ff-61e0293dd1c7@group-5051D78F8EF1:LeaderElection65] INFO  impl.RoleInfo (RoleInfo.java:updateAndGet(143)) - f230bc7e-d80c-430f-a4ff-61e0293dd1c7: start FollowerState
2019-09-25 08:29:40,166 [87aead68-aaca-445a-b26b-2e9f12b24b75@group-5051D78F8EF1:LeaderElection63] INFO  impl.LeaderElection (LeaderElection.java:logAndReturn(56)) - 87aead68-aaca-445a-b26b-2e9f12b24b75@group-5051D78F8EF1:LeaderElection63: Election REJECTED; received 2 response(s) [87aead68-aaca-445a-b26b-2e9f12b24b75<-f230bc7e-d80c-430f-a4ff-61e0293dd1c7#0:FAIL-t20, 87aead68-aaca-445a-b26b-2e9f12b24b75<-99a70305-7b37-4d81-b817-04520db44446#0:FAIL-t20] and 0 exception(s); 87aead68-aaca-445a-b26b-2e9f12b24b75@group-5051D78F8EF1:t20, leader=null, voted=87aead68-aaca-445a-b26b-2e9f12b24b75, raftlog=87aead68-aaca-445a-b26b-2e9f12b24b75@group-5051D78F8EF1-SegmentedRaftLog:OPENED:c-1,f-1,i0, conf=-1: [f230bc7e-d80c-430f-a4ff-61e0293dd1c7:192.168.36.126:44732, 99a70305-7b37-4d81-b817-04520db44446:192.168.36.126:41949, 87aead68-aaca-445a-b26b-2e9f12b24b75:192.168.36.126:36757], old=null
2019-09-25 08:29:40,167 [87aead68-aaca-445a-b26b-2e9f12b24b75@group-5051D78F8EF1:LeaderElection63] INFO  impl.RaftServerImpl (RaftServerImpl.java:setRole(174)) - 87aead68-aaca-445a-b26b-2e9f12b24b75@group-5051D78F8EF1: changes role from CANDIDATE to FOLLOWER at term 20 for DISCOVERED_A_NEW_TERM
2019-09-25 08:29:40,167 [87aead68-aaca-445a-b26b-2e9f12b24b75@group-5051D78F8EF1:LeaderElection63] INFO  impl.RoleInfo (RoleInfo.java:shutdownLeaderElection(134)) - 87aead68-aaca-445a-b26b-2e9f12b24b75: shutdown LeaderElection
2019-09-25 08:29:40,167 [87aead68-aaca-445a-b26b-2e9f12b24b75@group-5051D78F8EF1:LeaderElection63] INFO  impl.RoleInfo (RoleInfo.java:updateAndGet(143)) - 87aead68-aaca-445a-b26b-2e9f12b24b75: start FollowerState
2019-09-25 08:29:40,418 [EventQueue-PipelineActionsForPipelineActionHandler] ERROR pipeline.PipelineActionHandler (PipelineActionHandler.java:onMessage(60)) - Received pipeline action CLOSE for Pipeline[ Id: a0f68d11-c917-4373-a31e-5051d78f8ef1, Nodes: 99a70305-7b37-4d81-b817-04520db44446{ip: 192.168.36.126, host: pr-hdds-2174-pqx5g-486351168, networkLocation: /default-rack, certSerialId: null}87aead68-aaca-445a-b26b-2e9f12b24b75{ip: 192.168.36.126, host: pr-hdds-2174-pqx5g-486351168, networkLocation: /default-rack, certSerialId: null}f230bc7e-d80c-430f-a4ff-61e0293dd1c7{ip: 192.168.36.126, host: pr-hdds-2174-pqx5g-486351168, networkLocation: /default-rack, certSerialId: null}, Type:RATIS, Factor:THREE, State:CLOSED] from datanode 99a70305-7b37-4d81-b817-04520db44446{ip: 192.168.36.126, host: pr-hdds-2174-pqx5g-486351168, networkLocation: /default-rack, certSerialId: null}. Reason : 99a70305-7b37-4d81-b817-04520db44446 is in candidate state for 158482ms
2019-09-25 08:29:40,418 [EventQueue-PipelineActionsForPipelineActionHandler] INFO  pipeline.SCMPipelineManager (SCMPipelineManager.java:finalizeAndDestroyPipeline(315)) - destroying pipeline:Pipeline[ Id: a0f68d11-c917-4373-a31e-5051d78f8ef1, Nodes: 99a70305-7b37-4d81-b817-04520db44446{ip: 192.168.36.126, host: pr-hdds-2174-pqx5g-486351168, networkLocation: /default-rack, certSerialId: null}87aead68-aaca-445a-b26b-2e9f12b24b75{ip: 192.168.36.126, host: pr-hdds-2174-pqx5g-486351168, networkLocation: /default-rack, certSerialId: null}f230bc7e-d80c-430f-a4ff-61e0293dd1c7{ip: 192.168.36.126, host: pr-hdds-2174-pqx5g-486351168, networkLocation: /default-rack, certSerialId: null}, Type:RATIS, Factor:THREE, State:CLOSED]
2019-09-25 08:29:40,550 [EventQueue-PipelineActionsForPipelineActionHandler] ERROR pipeline.PipelineActionHandler (PipelineActionHandler.java:onMessage(60)) - Received pipeline action CLOSE for Pipeline[ Id: a0f68d11-c917-4373-a31e-5051d78f8ef1, Nodes: 99a70305-7b37-4d81-b817-04520db44446{ip: 192.168.36.126, host: pr-hdds-2174-pqx5g-486351168, networkLocation: /default-rack, certSerialId: null}87aead68-aaca-445a-b26b-2e9f12b24b75{ip: 192.168.36.126, host: pr-hdds-2174-pqx5g-486351168, networkLocation: /default-rack, certSerialId: null}f230bc7e-d80c-430f-a4ff-61e0293dd1c7{ip: 192.168.36.126, host: pr-hdds-2174-pqx5g-486351168, networkLocation: /default-rack, certSerialId: null}, Type:RATIS, Factor:THREE, State:CLOSED] from datanode f230bc7e-d80c-430f-a4ff-61e0293dd1c7{ip: 192.168.36.126, host: pr-hdds-2174-pqx5g-486351168, networkLocation: /default-rack, certSerialId: null}. Reason : f230bc7e-d80c-430f-a4ff-61e0293dd1c7 is in candidate state for 158535ms
2019-09-25 08:29:40,550 [EventQueue-PipelineActionsForPipelineActionHandler] INFO  pipeline.SCMPipelineManager (SCMPipelineManager.java:finalizeAndDestroyPipeline(315)) - destroying pipeline:Pipeline[ Id: a0f68d11-c917-4373-a31e-5051d78f8ef1, Nodes: 99a70305-7b37-4d81-b817-04520db44446{ip: 192.168.36.126, host: pr-hdds-2174-pqx5g-486351168, networkLocation: /default-rack, certSerialId: null}87aead68-aaca-445a-b26b-2e9f12b24b75{ip: 192.168.36.126, host: pr-hdds-2174-pqx5g-486351168, networkLocation: /default-rack, certSerialId: null}f230bc7e-d80c-430f-a4ff-61e0293dd1c7{ip: 192.168.36.126, host: pr-hdds-2174-pqx5g-486351168, networkLocation: /default-rack, certSerialId: null}, Type:RATIS, Factor:THREE, State:CLOSED]
2019-09-25 08:29:40,658 [EventQueue-PipelineActionsForPipelineActionHandler] ERROR pipeline.PipelineActionHandler (PipelineActionHandler.java:onMessage(60)) - Received pipeline action CLOSE for Pipeline[ Id: a0f68d11-c917-4373-a31e-5051d78f8ef1, Nodes: 99a70305-7b37-4d81-b817-04520db44446{ip: 192.168.36.126, host: pr-hdds-2174-pqx5g-486351168, networkLocation: /default-rack, certSerialId: null}87aead68-aaca-445a-b26b-2e9f12b24b75{ip: 192.168.36.126, host: pr-hdds-2174-pqx5g-486351168, networkLocation: /default-rack, certSerialId: null}f230bc7e-d80c-430f-a4ff-61e0293dd1c7{ip: 192.168.36.126, host: pr-hdds-2174-pqx5g-486351168, networkLocation: /default-rack, certSerialId: null}, Type:RATIS, Factor:THREE, State:CLOSED] from datanode 87aead68-aaca-445a-b26b-2e9f12b24b75{ip: 192.168.36.126, host: pr-hdds-2174-pqx5g-486351168, networkLocation: /default-rack, certSerialId: null}. Reason : 87aead68-aaca-445a-b26b-2e9f12b24b75 is in candidate state for 158480ms
2019-09-25 08:29:40,658 [EventQueue-PipelineActionsForPipelineActionHandler] INFO  pipeline.SCMPipelineManager (SCMPipelineManager.java:finalizeAndDestroyPipeline(315)) - destroying pipeline:Pipeline[ Id: a0f68d11-c917-4373-a31e-5051d78f8ef1, Nodes: 99a70305-7b37-4d81-b817-04520db44446{ip: 192.168.36.126, host: pr-hdds-2174-pqx5g-486351168, networkLocation: /default-rack, certSerialId: null}87aead68-aaca-445a-b26b-2e9f12b24b75{ip: 192.168.36.126, host: pr-hdds-2174-pqx5g-486351168, networkLocation: /default-rack, certSerialId: null}f230bc7e-d80c-430f-a4ff-61e0293dd1c7{ip: 192.168.36.126, host: pr-hdds-2174-pqx5g-486351168, networkLocation: /default-rack, certSerialId: null}, Type:RATIS, Factor:THREE, State:CLOSED]
2019-09-25 08:29:45,249 [Thread-817] INFO  impl.FollowerState (FollowerState.java:run(106)) - 87aead68-aaca-445a-b26b-2e9f12b24b75:group-5051D78F8EF1 changes to CANDIDATE, lastRpcTime:5081, electionTimeout:5081ms
2019-09-25 08:29:45,249 [Thread-817] INFO  impl.RoleInfo (RoleInfo.java:shutdownFollowerState(121)) - 87aead68-aaca-445a-b26b-2e9f12b24b75: shutdown FollowerState
2019-09-25 08:29:45,249 [Thread-817] INFO  impl.RaftServerImpl (RaftServerImpl.java:setRole(174)) - 87aead68-aaca-445a-b26b-2e9f12b24b75@group-5051D78F8EF1: changes role from  FOLLOWER to CANDIDATE at term 20 for changeToCandidate
2019-09-25 08:29:45,249 [Thread-817] ERROR ratis.XceiverServerRatis (XceiverServerRatis.java:triggerPipelineClose(575)) - pipeline Action CLOSE  on pipeline PipelineID=a0f68d11-c917-4373-a31e-5051d78f8ef1.Reason : 87aead68-aaca-445a-b26b-2e9f12b24b75 is in candidate state for 163842ms
2019-09-25 08:29:45,250 [Thread-817] INFO  impl.RoleInfo (RoleInfo.java:updateAndGet(143)) - 87aead68-aaca-445a-b26b-2e9f12b24b75: start LeaderElection
2019-09-25 08:29:45,278 [87aead68-aaca-445a-b26b-2e9f12b24b75@group-5051D78F8EF1:LeaderElection66] INFO  impl.LeaderElection (LeaderElection.java:askForVotes(182)) - 87aead68-aaca-445a-b26b-2e9f12b24b75@group-5051D78F8EF1:LeaderElection66: begin an election at term 21 for -1: [f230bc7e-d80c-430f-a4ff-61e0293dd1c7:192.168.36.126:44732, 99a70305-7b37-4d81-b817-04520db44446:192.168.36.126:41949, 87aead68-aaca-445a-b26b-2e9f12b24b75:192.168.36.126:36757], old=null
2019-09-25 08:29:45,283 [grpc-default-executor-1] INFO  impl.RaftServerImpl (RaftServerImpl.java:setRole(174)) - 99a70305-7b37-4d81-b817-04520db44446@group-5051D78F8EF1: changes role from  FOLLOWER to FOLLOWER at term 21 for recognizeCandidate:87aead68-aaca-445a-b26b-2e9f12b24b75
2019-09-25 08:29:45,283 [grpc-default-executor-1] INFO  impl.RoleInfo (RoleInfo.java:shutdownFollowerState(121)) - 99a70305-7b37-4d81-b817-04520db44446: shutdown FollowerState
2019-09-25 08:29:45,283 [grpc-default-executor-0] INFO  impl.RaftServerImpl (RaftServerImpl.java:setRole(174)) - f230bc7e-d80c-430f-a4ff-61e0293dd1c7@group-5051D78F8EF1: changes role from  FOLLOWER to FOLLOWER at term 21 for recognizeCandidate:87aead68-aaca-445a-b26b-2e9f12b24b75
2019-09-25 08:29:45,284 [grpc-default-executor-1] INFO  impl.RoleInfo (RoleInfo.java:updateAndGet(143)) - 99a70305-7b37-4d81-b817-04520db44446: start FollowerState
2019-09-25 08:29:45,284 [Thread-815] INFO  impl.FollowerState (FollowerState.java:run(115)) - 99a70305-7b37-4d81-b817-04520db44446: FollowerState was interrupted: java.lang.InterruptedException: sleep interrupted
2019-09-25 08:29:45,284 [grpc-default-executor-0] INFO  impl.RoleInfo (RoleInfo.java:shutdownFollowerState(121)) - f230bc7e-d80c-430f-a4ff-61e0293dd1c7: shutdown FollowerState
2019-09-25 08:29:45,286 [grpc-default-executor-0] INFO  impl.RoleInfo (RoleInfo.java:updateAndGet(143)) - f230bc7e-d80c-430f-a4ff-61e0293dd1c7: start FollowerState
2019-09-25 08:29:45,286 [Thread-816] INFO  impl.FollowerState (FollowerState.java:run(115)) - f230bc7e-d80c-430f-a4ff-61e0293dd1c7: FollowerState was interrupted: java.lang.InterruptedException: sleep interrupted
2019-09-25 08:29:45,301 [87aead68-aaca-445a-b26b-2e9f12b24b75@group-5051D78F8EF1:LeaderElection66] INFO  impl.LeaderElection (LeaderElection.java:logAndReturn(56)) - 87aead68-aaca-445a-b26b-2e9f12b24b75@group-5051D78F8EF1:LeaderElection66: Election PASSED; received 1 response(s) [87aead68-aaca-445a-b26b-2e9f12b24b75<-99a70305-7b37-4d81-b817-04520db44446#0:OK-t21] and 0 exception(s); 87aead68-aaca-445a-b26b-2e9f12b24b75@group-5051D78F8EF1:t21, leader=null, voted=87aead68-aaca-445a-b26b-2e9f12b24b75, raftlog=87aead68-aaca-445a-b26b-2e9f12b24b75@group-5051D78F8EF1-SegmentedRaftLog:OPENED:c-1,f-1,i0, conf=-1: [f230bc7e-d80c-430f-a4ff-61e0293dd1c7:192.168.36.126:44732, 99a70305-7b37-4d81-b817-04520db44446:192.168.36.126:41949, 87aead68-aaca-445a-b26b-2e9f12b24b75:192.168.36.126:36757], old=null
2019-09-25 08:29:45,301 [87aead68-aaca-445a-b26b-2e9f12b24b75@group-5051D78F8EF1:LeaderElection66] INFO  impl.RoleInfo (RoleInfo.java:shutdownLeaderElection(134)) - 87aead68-aaca-445a-b26b-2e9f12b24b75: shutdown LeaderElection
2019-09-25 08:29:45,301 [87aead68-aaca-445a-b26b-2e9f12b24b75@group-5051D78F8EF1:LeaderElection66] INFO  impl.RaftServerImpl (RaftServerImpl.java:setRole(174)) - 87aead68-aaca-445a-b26b-2e9f12b24b75@group-5051D78F8EF1: changes role from CANDIDATE to LEADER at term 21 for changeToLeader
2019-09-25 08:29:45,301 [87aead68-aaca-445a-b26b-2e9f12b24b75@group-5051D78F8EF1:LeaderElection66] INFO  impl.RaftServerImpl (ServerState.java:setLeader(253)) - 87aead68-aaca-445a-b26b-2e9f12b24b75@group-5051D78F8EF1: change Leader from null to 87aead68-aaca-445a-b26b-2e9f12b24b75 at term 21 for becomeLeader, leader elected after 163894ms
2019-09-25 08:29:45,302 [87aead68-aaca-445a-b26b-2e9f12b24b75@group-5051D78F8EF1:LeaderElection66] INFO  server.RaftServerConfigKeys (ConfUtils.java:logGet(43)) - raft.server.staging.catchup.gap = 1000 (default)
2019-09-25 08:29:45,302 [87aead68-aaca-445a-b26b-2e9f12b24b75@group-5051D78F8EF1:LeaderElection66] INFO  server.RaftServerConfigKeys (ConfUtils.java:logGet(43)) - raft.server.rpc.sleep.time = 25ms (default)
2019-09-25 08:29:45,302 [87aead68-aaca-445a-b26b-2e9f12b24b75@group-5051D78F8EF1:LeaderElection66] INFO  server.RaftServerConfigKeys (ConfUtils.java:logGet(43)) - raft.server.write.element-limit = 4096 (default)
2019-09-25 08:29:45,302 [87aead68-aaca-445a-b26b-2e9f12b24b75@group-5051D78F8EF1:LeaderElection66] INFO  server.RaftServerConfigKeys (ConfUtils.java:logGet(43)) - raft.server.watch.timeout = 10s (default)
2019-09-25 08:29:45,302 [87aead68-aaca-445a-b26b-2e9f12b24b75@group-5051D78F8EF1:LeaderElection66] INFO  server.RaftServerConfigKeys (ConfUtils.java:logGet(43)) - raft.server.watch.timeout.denomination = 1s (default)
2019-09-25 08:29:45,303 [87aead68-aaca-445a-b26b-2e9f12b24b75@group-5051D78F8EF1:LeaderElection66] INFO  server.RaftServerConfigKeys (ConfUtils.java:logGet(43)) - raft.server.watch.element-limit = 65536 (default)
2019-09-25 08:29:45,311 [87aead68-aaca-445a-b26b-2e9f12b24b75@group-5051D78F8EF1:LeaderElection66] INFO  server.RaftServerConfigKeys (ConfUtils.java:logGet(43)) - raft.server.log.appender.snapshot.chunk.size.max = 16MB (=16777216) (default)
2019-09-25 08:29:45,311 [87aead68-aaca-445a-b26b-2e9f12b24b75@group-5051D78F8EF1:LeaderElection66] INFO  server.RaftServerConfigKeys (ConfUtils.java:logGet(43)) - raft.server.log.appender.buffer.byte-limit = 33554432 (custom)
2019-09-25 08:29:45,312 [87aead68-aaca-445a-b26b-2e9f12b24b75@group-5051D78F8EF1:LeaderElection66] INFO  server.RaftServerConfigKeys (ConfUtils.java:logGet(43)) - raft.server.log.appender.buffer.element-limit = 1 (custom)
2019-09-25 08:29:45,318 [87aead68-aaca-445a-b26b-2e9f12b24b75@group-5051D78F8EF1:LeaderElection66] INFO  grpc.GrpcConfigKeys$Server (ConfUtils.java:logGet(43)) - raft.grpc.server.leader.outstanding.appends.max = 128 (default)
2019-09-25 08:29:45,318 [87aead68-aaca-445a-b26b-2e9f12b24b75@group-5051D78F8EF1:LeaderElection66] INFO  server.RaftServerConfigKeys (ConfUtils.java:logGet(43)) - raft.server.rpc.request.timeout = 3000ms (default)
2019-09-25 08:29:45,318 [87aead68-aaca-445a-b26b-2e9f12b24b75@group-5051D78F8EF1:LeaderElection66] INFO  server.RaftServerConfigKeys (ConfUtils.java:logGet(43)) - raft.server.log.appender.install.snapshot.enabled = false (custom)
2019-09-25 08:29:45,320 [87aead68-aaca-445a-b26b-2e9f12b24b75@group-5051D78F8EF1:LeaderElection66] INFO  server.RaftServerConfigKeys (ConfUtils.java:logGet(43)) - raft.server.log.appender.snapshot.chunk.size.max = 16MB (=16777216) (default)
2019-09-25 08:29:45,320 [87aead68-aaca-445a-b26b-2e9f12b24b75@group-5051D78F8EF1:LeaderElection66] INFO  server.RaftServerConfigKeys (ConfUtils.java:logGet(43)) - raft.server.log.appender.buffer.byte-limit = 33554432 (custom)
2019-09-25 08:29:45,320 [87aead68-aaca-445a-b26b-2e9f12b24b75@group-5051D78F8EF1:LeaderElection66] INFO  server.RaftServerConfigKeys (ConfUtils.java:logGet(43)) - raft.server.log.appender.buffer.element-limit = 1 (custom)
2019-09-25 08:29:45,320 [87aead68-aaca-445a-b26b-2e9f12b24b75@group-5051D78F8EF1:LeaderElection66] INFO  grpc.GrpcConfigKeys$Server (ConfUtils.java:logGet(43)) - raft.grpc.server.leader.outstanding.appends.max = 128 (default)
2019-09-25 08:29:45,320 [87aead68-aaca-445a-b26b-2e9f12b24b75@group-5051D78F8EF1:LeaderElection66] INFO  server.RaftServerConfigKeys (ConfUtils.java:logGet(43)) - raft.server.rpc.request.timeout = 3000ms (default)
2019-09-25 08:29:45,321 [87aead68-aaca-445a-b26b-2e9f12b24b75@group-5051D78F8EF1:LeaderElection66] INFO  server.RaftServerConfigKeys (ConfUtils.java:logGet(43)) - raft.server.log.appender.install.snapshot.enabled = false (custom)
2019-09-25 08:29:45,322 [87aead68-aaca-445a-b26b-2e9f12b24b75@group-5051D78F8EF1:LeaderElection66] INFO  impl.RoleInfo (RoleInfo.java:updateAndGet(143)) - 87aead68-aaca-445a-b26b-2e9f12b24b75: start LeaderState
2019-09-25 08:29:45,323 [87aead68-aaca-445a-b26b-2e9f12b24b75@group-5051D78F8EF1:LeaderElection66] INFO  segmented.SegmentedRaftLogWorker (SegmentedRaftLogWorker.java:startLogSegment(380)) - 87aead68-aaca-445a-b26b-2e9f12b24b75@group-5051D78F8EF1-SegmentedRaftLogWorker: Starting segment from index:0
2019-09-25 08:29:45,324 [87aead68-aaca-445a-b26b-2e9f12b24b75@group-5051D78F8EF1:LeaderElection66] INFO  impl.RaftServerImpl (ServerState.java:setRaftConf(354)) - 87aead68-aaca-445a-b26b-2e9f12b24b75@group-5051D78F8EF1: set configuration 0: [f230bc7e-d80c-430f-a4ff-61e0293dd1c7:192.168.36.126:44732, 99a70305-7b37-4d81-b817-04520db44446:192.168.36.126:41949, 87aead68-aaca-445a-b26b-2e9f12b24b75:192.168.36.126:36757], old=null at 0
2019-09-25 08:29:45,376 [87aead68-aaca-445a-b26b-2e9f12b24b75@group-5051D78F8EF1-SegmentedRaftLogWorker] INFO  segmented.SegmentedRaftLogWorker (SegmentedRaftLogWorker.java:execute(569)) - 87aead68-aaca-445a-b26b-2e9f12b24b75@group-5051D78F8EF1-SegmentedRaftLogWorker: created new log segment /workdir/hadoop-ozone/ozonefs/target/test-dir/MiniOzoneClusterImpl-89fc8c47-b2b3-4bdf-bb73-d071f814af55/datanode-2/data/ratis/a0f68d11-c917-4373-a31e-5051d78f8ef1/current/log_inprogress_0
2019-09-25 08:29:45,389 [grpc-default-executor-0] INFO  impl.RaftServerImpl (ServerState.java:setLeader(253)) - 99a70305-7b37-4d81-b817-04520db44446@group-5051D78F8EF1: change Leader from null to 87aead68-aaca-445a-b26b-2e9f12b24b75 at term 21 for appendEntries, leader elected after 163981ms
2019-09-25 08:29:45,389 [grpc-default-executor-1] INFO  impl.RaftServerImpl (ServerState.java:setLeader(253)) - f230bc7e-d80c-430f-a4ff-61e0293dd1c7@group-5051D78F8EF1: change Leader from null to 87aead68-aaca-445a-b26b-2e9f12b24b75 at term 21 for appendEntries, leader elected after 163982ms
2019-09-25 08:29:45,421 [grpc-default-executor-0] INFO  impl.RaftServerImpl (ServerState.java:setRaftConf(354)) - 99a70305-7b37-4d81-b817-04520db44446@group-5051D78F8EF1: set configuration 0: [f230bc7e-d80c-430f-a4ff-61e0293dd1c7:192.168.36.126:44732, 99a70305-7b37-4d81-b817-04520db44446:192.168.36.126:41949, 87aead68-aaca-445a-b26b-2e9f12b24b75:192.168.36.126:36757], old=null at 0
2019-09-25 08:29:45,421 [grpc-default-executor-1] INFO  impl.RaftServerImpl (ServerState.java:setRaftConf(354)) - f230bc7e-d80c-430f-a4ff-61e0293dd1c7@group-5051D78F8EF1: set configuration 0: [f230bc7e-d80c-430f-a4ff-61e0293dd1c7:192.168.36.126:44732, 99a70305-7b37-4d81-b817-04520db44446:192.168.36.126:41949, 87aead68-aaca-445a-b26b-2e9f12b24b75:192.168.36.126:36757], old=null at 0
2019-09-25 08:29:45,421 [grpc-default-executor-0] INFO  segmented.SegmentedRaftLogWorker (SegmentedRaftLogWorker.java:startLogSegment(380)) - 99a70305-7b37-4d81-b817-04520db44446@group-5051D78F8EF1-SegmentedRaftLogWorker: Starting segment from index:0
2019-09-25 08:29:45,421 [grpc-default-executor-1] INFO  segmented.SegmentedRaftLogWorker (SegmentedRaftLogWorker.java:startLogSegment(380)) - f230bc7e-d80c-430f-a4ff-61e0293dd1c7@group-5051D78F8EF1-SegmentedRaftLogWorker: Starting segment from index:0
2019-09-25 08:29:45,463 [f230bc7e-d80c-430f-a4ff-61e0293dd1c7@group-5051D78F8EF1-SegmentedRaftLogWorker] INFO  segmented.SegmentedRaftLogWorker (SegmentedRaftLogWorker.java:execute(569)) - f230bc7e-d80c-430f-a4ff-61e0293dd1c7@group-5051D78F8EF1-SegmentedRaftLogWorker: created new log segment /workdir/hadoop-ozone/ozonefs/target/test-dir/MiniOzoneClusterImpl-89fc8c47-b2b3-4bdf-bb73-d071f814af55/datanode-1/data/ratis/a0f68d11-c917-4373-a31e-5051d78f8ef1/current/log_inprogress_0
2019-09-25 08:29:45,472 [99a70305-7b37-4d81-b817-04520db44446@group-5051D78F8EF1-SegmentedRaftLogWorker] INFO  segmented.SegmentedRaftLogWorker (SegmentedRaftLogWorker.java:execute(569)) - 99a70305-7b37-4d81-b817-04520db44446@group-5051D78F8EF1-SegmentedRaftLogWorker: created new log segment /workdir/hadoop-ozone/ozonefs/target/test-dir/MiniOzoneClusterImpl-89fc8c47-b2b3-4bdf-bb73-d071f814af55/datanode-0/data/ratis/a0f68d11-c917-4373-a31e-5051d78f8ef1/current/log_inprogress_0
2019-09-25 08:29:45,658 [EventQueue-PipelineActionsForPipelineActionHandler] ERROR pipeline.PipelineActionHandler (PipelineActionHandler.java:onMessage(60)) - Received pipeline action CLOSE for Pipeline[ Id: a0f68d11-c917-4373-a31e-5051d78f8ef1, Nodes: 99a70305-7b37-4d81-b817-04520db44446{ip: 192.168.36.126, host: pr-hdds-2174-pqx5g-486351168, networkLocation: /default-rack, certSerialId: null}87aead68-aaca-445a-b26b-2e9f12b24b75{ip: 192.168.36.126, host: pr-hdds-2174-pqx5g-486351168, networkLocation: /default-rack, certSerialId: null}f230bc7e-d80c-430f-a4ff-61e0293dd1c7{ip: 192.168.36.126, host: pr-hdds-2174-pqx5g-486351168, networkLocation: /default-rack, certSerialId: null}, Type:RATIS, Factor:THREE, State:CLOSED] from datanode 87aead68-aaca-445a-b26b-2e9f12b24b75{ip: 192.168.36.126, host: pr-hdds-2174-pqx5g-486351168, networkLocation: /default-rack, certSerialId: null}. Reason : 87aead68-aaca-445a-b26b-2e9f12b24b75 is in candidate state for 163842ms
2019-09-25 08:29:45,659 [EventQueue-PipelineActionsForPipelineActionHandler] INFO  pipeline.SCMPipelineManager (SCMPipelineManager.java:finalizeAndDestroyPipeline(315)) - destroying pipeline:Pipeline[ Id: a0f68d11-c917-4373-a31e-5051d78f8ef1, Nodes: 99a70305-7b37-4d81-b817-04520db44446{ip: 192.168.36.126, host: pr-hdds-2174-pqx5g-486351168, networkLocation: /default-rack, certSerialId: null}87aead68-aaca-445a-b26b-2e9f12b24b75{ip: 192.168.36.126, host: pr-hdds-2174-pqx5g-486351168, networkLocation: /default-rack, certSerialId: null}f230bc7e-d80c-430f-a4ff-61e0293dd1c7{ip: 192.168.36.126, host: pr-hdds-2174-pqx5g-486351168, networkLocation: /default-rack, certSerialId: null}, Type:RATIS, Factor:THREE, State:CLOSED]
2019-09-25 08:29:46,530 [grpc-default-executor-4] INFO  impl.RaftServerProxy (RaftServerProxy.java:addNew(89)) - f230bc7e-d80c-430f-a4ff-61e0293dd1c7: addNew group-1AA105F269F8:[f230bc7e-d80c-430f-a4ff-61e0293dd1c7:192.168.36.126:44732, 99a70305-7b37-4d81-b817-04520db44446:192.168.36.126:41949, 87aead68-aaca-445a-b26b-2e9f12b24b75:192.168.36.126:36757] returns group-1AA105F269F8:java.util.concurrent.CompletableFuture@21e5115f[Not completed]
2019-09-25 08:29:46,530 [grpc-default-executor-1] INFO  impl.RaftServerProxy (RaftServerProxy.java:addNew(89)) - 99a70305-7b37-4d81-b817-04520db44446: addNew group-1AA105F269F8:[f230bc7e-d80c-430f-a4ff-61e0293dd1c7:192.168.36.126:44732, 99a70305-7b37-4d81-b817-04520db44446:192.168.36.126:41949, 87aead68-aaca-445a-b26b-2e9f12b24b75:192.168.36.126:36757] returns group-1AA105F269F8:java.util.concurrent.CompletableFuture@228dfb9c[Not completed]
2019-09-25 08:29:46,530 [grpc-default-executor-0] INFO  impl.RaftServerProxy (RaftServerProxy.java:addNew(89)) - 87aead68-aaca-445a-b26b-2e9f12b24b75: addNew group-1AA105F269F8:[f230bc7e-d80c-430f-a4ff-61e0293dd1c7:192.168.36.126:44732, 99a70305-7b37-4d81-b817-04520db44446:192.168.36.126:41949, 87aead68-aaca-445a-b26b-2e9f12b24b75:192.168.36.126:36757] returns group-1AA105F269F8:java.util.concurrent.CompletableFuture@2f632a95[Not completed]
2019-09-25 08:29:46,570 [pool-37-thread-1] INFO  impl.RaftServerImpl (RaftServerImpl.java:<init>(95)) - f230bc7e-d80c-430f-a4ff-61e0293dd1c7: new RaftServerImpl for group-1AA105F269F8:[f230bc7e-d80c-430f-a4ff-61e0293dd1c7:192.168.36.126:44732, 99a70305-7b37-4d81-b817-04520db44446:192.168.36.126:41949, 87aead68-aaca-445a-b26b-2e9f12b24b75:192.168.36.126:36757] with ContainerStateMachine:uninitialized
2019-09-25 08:29:46,570 [pool-37-thread-1] INFO  server.RaftServerConfigKeys (ConfUtils.java:logGet(43)) - raft.server.rpc.timeout.min = 5s (custom)
2019-09-25 08:29:46,570 [pool-37-thread-1] INFO  server.RaftServerConfigKeys (ConfUtils.java:logGet(43)) - raft.server.rpc.timeout.max = 5200ms (custom)
2019-09-25 08:29:46,571 [pool-37-thread-1] INFO  server.RaftServerConfigKeys (ConfUtils.java:logGet(43)) - raft.server.rpcslowness.timeout = 120s (custom)
2019-09-25 08:29:46,571 [pool-37-thread-1] INFO  server.RaftServerConfigKeys (ConfUtils.java:logGet(43)) - raft.server.sleep.deviation.threshold = 300 (default)
2019-09-25 08:29:46,571 [pool-27-thread-1] INFO  impl.RaftServerImpl (RaftServerImpl.java:<init>(95)) - 99a70305-7b37-4d81-b817-04520db44446: new RaftServerImpl for group-1AA105F269F8:[f230bc7e-d80c-430f-a4ff-61e0293dd1c7:192.168.36.126:44732, 99a70305-7b37-4d81-b817-04520db44446:192.168.36.126:41949, 87aead68-aaca-445a-b26b-2e9f12b24b75:192.168.36.126:36757] with ContainerStateMachine:uninitialized
2019-09-25 08:29:46,571 [pool-37-thread-1] INFO  server.RaftServerConfigKeys (ConfUtils.java:logGet(43)) - raft.server.log.appender.install.snapshot.enabled = false (custom)
2019-09-25 08:29:46,571 [pool-27-thread-1] INFO  server.RaftServerConfigKeys (ConfUtils.java:logGet(43)) - raft.server.rpc.timeout.min = 5s (custom)
2019-09-25 08:29:46,571 [pool-37-thread-1] INFO  impl.RaftServerImpl (ServerState.java:<init>(103)) - f230bc7e-d80c-430f-a4ff-61e0293dd1c7@group-1AA105F269F8: ConfigurationManager, init=-1: [f230bc7e-d80c-430f-a4ff-61e0293dd1c7:192.168.36.126:44732, 99a70305-7b37-4d81-b817-04520db44446:192.168.36.126:41949, 87aead68-aaca-445a-b26b-2e9f12b24b75:192.168.36.126:36757], old=null, confs=<EMPTY_MAP>
2019-09-25 08:29:46,571 [pool-27-thread-1] INFO  server.RaftServerConfigKeys (ConfUtils.java:logGet(43)) - raft.server.rpc.timeout.max = 5200ms (custom)
2019-09-25 08:29:46,572 [pool-27-thread-1] INFO  server.RaftServerConfigKeys (ConfUtils.java:logGet(43)) - raft.server.rpcslowness.timeout = 120s (custom)
2019-09-25 08:29:46,572 [pool-27-thread-1] INFO  server.RaftServerConfigKeys (ConfUtils.java:logGet(43)) - raft.server.sleep.deviation.threshold = 300 (default)
2019-09-25 08:29:46,572 [pool-37-thread-1] INFO  server.RaftServerConfigKeys (ConfUtils.java:logGet(43)) - raft.server.storage.dir = [/workdir/hadoop-ozone/ozonefs/target/test-dir/MiniOzoneClusterImpl-89fc8c47-b2b3-4bdf-bb73-d071f814af55/datanode-1/data/ratis] (custom)
2019-09-25 08:29:46,572 [pool-47-thread-1] INFO  impl.RaftServerImpl (RaftServerImpl.java:<init>(95)) - 87aead68-aaca-445a-b26b-2e9f12b24b75: new RaftServerImpl for group-1AA105F269F8:[f230bc7e-d80c-430f-a4ff-61e0293dd1c7:192.168.36.126:44732, 99a70305-7b37-4d81-b817-04520db44446:192.168.36.126:41949, 87aead68-aaca-445a-b26b-2e9f12b24b75:192.168.36.126:36757] with ContainerStateMachine:uninitialized
2019-09-25 08:29:46,572 [pool-27-thread-1] INFO  server.RaftServerConfigKeys (ConfUtils.java:logGet(43)) - raft.server.log.appender.install.snapshot.enabled = false (custom)
2019-09-25 08:29:46,572 [pool-37-thread-1] INFO  storage.RaftStorageDirectory (RaftStorageDirectory.java:analyzeStorage(246)) - The storage directory /workdir/hadoop-ozone/ozonefs/target/test-dir/MiniOzoneClusterImpl-89fc8c47-b2b3-4bdf-bb73-d071f814af55/datanode-1/data/ratis/1d5005e1-b21b-4e4e-808f-1aa105f269f8 does not exist. Creating ...
2019-09-25 08:29:46,572 [pool-47-thread-1] INFO  server.RaftServerConfigKeys (ConfUtils.java:logGet(43)) - raft.server.rpc.timeout.min = 5s (custom)
2019-09-25 08:29:46,572 [pool-27-thread-1] INFO  impl.RaftServerImpl (ServerState.java:<init>(103)) - 99a70305-7b37-4d81-b817-04520db44446@group-1AA105F269F8: ConfigurationManager, init=-1: [f230bc7e-d80c-430f-a4ff-61e0293dd1c7:192.168.36.126:44732, 99a70305-7b37-4d81-b817-04520db44446:192.168.36.126:41949, 87aead68-aaca-445a-b26b-2e9f12b24b75:192.168.36.126:36757], old=null, confs=<EMPTY_MAP>
2019-09-25 08:29:46,573 [pool-47-thread-1] INFO  server.RaftServerConfigKeys (ConfUtils.java:logGet(43)) - raft.server.rpc.timeout.max = 5200ms (custom)
2019-09-25 08:29:46,573 [pool-27-thread-1] INFO  server.RaftServerConfigKeys (ConfUtils.java:logGet(43)) - raft.server.storage.dir = [/workdir/hadoop-ozone/ozonefs/target/test-dir/MiniOzoneClusterImpl-89fc8c47-b2b3-4bdf-bb73-d071f814af55/datanode-0/data/ratis] (custom)
2019-09-25 08:29:46,573 [pool-47-thread-1] INFO  server.RaftServerConfigKeys (ConfUtils.java:logGet(43)) - raft.server.rpcslowness.timeout = 120s (custom)
2019-09-25 08:29:46,573 [pool-47-thread-1] INFO  server.RaftServerConfigKeys (ConfUtils.java:logGet(43)) - raft.server.sleep.deviation.threshold = 300 (default)
2019-09-25 08:29:46,573 [pool-27-thread-1] INFO  storage.RaftStorageDirectory (RaftStorageDirectory.java:analyzeStorage(246)) - The storage directory /workdir/hadoop-ozone/ozonefs/target/test-dir/MiniOzoneClusterImpl-89fc8c47-b2b3-4bdf-bb73-d071f814af55/datanode-0/data/ratis/1d5005e1-b21b-4e4e-808f-1aa105f269f8 does not exist. Creating ...
2019-09-25 08:29:46,574 [pool-47-thread-1] INFO  server.RaftServerConfigKeys (ConfUtils.java:logGet(43)) - raft.server.log.appender.install.snapshot.enabled = false (custom)
2019-09-25 08:29:46,574 [pool-47-thread-1] INFO  impl.RaftServerImpl (ServerState.java:<init>(103)) - 87aead68-aaca-445a-b26b-2e9f12b24b75@group-1AA105F269F8: ConfigurationManager, init=-1: [f230bc7e-d80c-430f-a4ff-61e0293dd1c7:192.168.36.126:44732, 99a70305-7b37-4d81-b817-04520db44446:192.168.36.126:41949, 87aead68-aaca-445a-b26b-2e9f12b24b75:192.168.36.126:36757], old=null, confs=<EMPTY_MAP>
2019-09-25 08:29:46,574 [pool-47-thread-1] INFO  server.RaftServerConfigKeys (ConfUtils.java:logGet(43)) - raft.server.storage.dir = [/workdir/hadoop-ozone/ozonefs/target/test-dir/MiniOzoneClusterImpl-89fc8c47-b2b3-4bdf-bb73-d071f814af55/datanode-2/data/ratis] (custom)
2019-09-25 08:29:46,575 [pool-47-thread-1] INFO  storage.RaftStorageDirectory (RaftStorageDirectory.java:analyzeStorage(246)) - The storage directory /workdir/hadoop-ozone/ozonefs/target/test-dir/MiniOzoneClusterImpl-89fc8c47-b2b3-4bdf-bb73-d071f814af55/datanode-2/data/ratis/1d5005e1-b21b-4e4e-808f-1aa105f269f8 does not exist. Creating ...
2019-09-25 08:29:46,578 [pool-37-thread-1] INFO  storage.RaftStorageDirectory (RaftStorageDirectory.java:tryLock(328)) - Lock on /workdir/hadoop-ozone/ozonefs/target/test-dir/MiniOzoneClusterImpl-89fc8c47-b2b3-4bdf-bb73-d071f814af55/datanode-1/data/ratis/1d5005e1-b21b-4e4e-808f-1aa105f269f8/in_use.lock acquired by nodename 18087@pr-hdds-2174-pqx5g-486351168
2019-09-25 08:29:46,578 [pool-47-thread-1] INFO  storage.RaftStorageDirectory (RaftStorageDirectory.java:tryLock(328)) - Lock on /workdir/hadoop-ozone/ozonefs/target/test-dir/MiniOzoneClusterImpl-89fc8c47-b2b3-4bdf-bb73-d071f814af55/datanode-2/data/ratis/1d5005e1-b21b-4e4e-808f-1aa105f269f8/in_use.lock acquired by nodename 18087@pr-hdds-2174-pqx5g-486351168
2019-09-25 08:29:46,578 [pool-27-thread-1] INFO  storage.RaftStorageDirectory (RaftStorageDirectory.java:tryLock(328)) - Lock on /workdir/hadoop-ozone/ozonefs/target/test-dir/MiniOzoneClusterImpl-89fc8c47-b2b3-4bdf-bb73-d071f814af55/datanode-0/data/ratis/1d5005e1-b21b-4e4e-808f-1aa105f269f8/in_use.lock acquired by nodename 18087@pr-hdds-2174-pqx5g-486351168
2019-09-25 08:29:46,589 [pool-47-thread-1] INFO  storage.RaftStorage (RaftStorage.java:format(72)) - Storage directory /workdir/hadoop-ozone/ozonefs/target/test-dir/MiniOzoneClusterImpl-89fc8c47-b2b3-4bdf-bb73-d071f814af55/datanode-2/data/ratis/1d5005e1-b21b-4e4e-808f-1aa105f269f8 has been successfully formatted.
2019-09-25 08:29:46,589 [pool-37-thread-1] INFO  storage.RaftStorage (RaftStorage.java:format(72)) - Storage directory /workdir/hadoop-ozone/ozonefs/target/test-dir/MiniOzoneClusterImpl-89fc8c47-b2b3-4bdf-bb73-d071f814af55/datanode-1/data/ratis/1d5005e1-b21b-4e4e-808f-1aa105f269f8 has been successfully formatted.
2019-09-25 08:29:46,589 [pool-27-thread-1] INFO  storage.RaftStorage (RaftStorage.java:format(72)) - Storage directory /workdir/hadoop-ozone/ozonefs/target/test-dir/MiniOzoneClusterImpl-89fc8c47-b2b3-4bdf-bb73-d071f814af55/datanode-0/data/ratis/1d5005e1-b21b-4e4e-808f-1aa105f269f8 has been successfully formatted.
2019-09-25 08:29:46,589 [pool-37-thread-1] INFO  ratis.ContainerStateMachine (ContainerStateMachine.java:loadSnapshot(230)) - group-1AA105F269F8: The snapshot info is null. Setting the last applied indexto:(t:0, i:~)
2019-09-25 08:29:46,590 [pool-27-thread-1] INFO  ratis.ContainerStateMachine (ContainerStateMachine.java:loadSnapshot(230)) - group-1AA105F269F8: The snapshot info is null. Setting the last applied indexto:(t:0, i:~)
2019-09-25 08:29:46,589 [pool-47-thread-1] INFO  ratis.ContainerStateMachine (ContainerStateMachine.java:loadSnapshot(230)) - group-1AA105F269F8: The snapshot info is null. Setting the last applied indexto:(t:0, i:~)
2019-09-25 08:29:46,590 [pool-27-thread-1] INFO  server.RaftServerConfigKeys (ConfUtils.java:logGet(43)) - raft.server.notification.no-leader.timeout = 120s (custom)
2019-09-25 08:29:46,590 [pool-37-thread-1] INFO  server.RaftServerConfigKeys (ConfUtils.java:logGet(43)) - raft.server.notification.no-leader.timeout = 120s (custom)
2019-09-25 08:29:46,590 [pool-27-thread-1] INFO  server.RaftServerConfigKeys (ConfUtils.java:logGet(43)) - raft.server.log.use.memory = false (default)
2019-09-25 08:29:46,590 [pool-47-thread-1] INFO  server.RaftServerConfigKeys (ConfUtils.java:logGet(43)) - raft.server.notification.no-leader.timeout = 120s (custom)
2019-09-25 08:29:46,590 [pool-27-thread-1] INFO  server.RaftServerConfigKeys (ConfUtils.java:logGet(43)) - raft.server.log.purge.gap = 1000000 (custom)
2019-09-25 08:29:46,590 [pool-37-thread-1] INFO  server.RaftServerConfigKeys (ConfUtils.java:logGet(43)) - raft.server.log.use.memory = false (default)
2019-09-25 08:29:46,591 [pool-27-thread-1] INFO  server.RaftServerConfigKeys (ConfUtils.java:logGet(43)) - raft.server.log.appender.buffer.byte-limit = 33554432 (custom)
2019-09-25 08:29:46,591 [pool-47-thread-1] INFO  server.RaftServerConfigKeys (ConfUtils.java:logGet(43)) - raft.server.log.use.memory = false (default)
2019-09-25 08:29:46,591 [pool-27-thread-1] INFO  server.RaftServerConfigKeys (ConfUtils.java:logGet(43)) - raft.server.log.segment.size.max = 1048576 (custom)
2019-09-25 08:29:46,591 [pool-37-thread-1] INFO  server.RaftServerConfigKeys (ConfUtils.java:logGet(43)) - raft.server.log.purge.gap = 1000000 (custom)
2019-09-25 08:29:46,591 [pool-27-thread-1] INFO  server.RaftServerConfigKeys (ConfUtils.java:logGet(43)) - raft.server.log.segment.cache.num.max = 2 (custom)
2019-09-25 08:29:46,591 [pool-47-thread-1] INFO  server.RaftServerConfigKeys (ConfUtils.java:logGet(43)) - raft.server.log.purge.gap = 1000000 (custom)
2019-09-25 08:29:46,592 [pool-27-thread-1] INFO  segmented.SegmentedRaftLogWorker (SegmentedRaftLogWorker.java:<init>(172)) - new 99a70305-7b37-4d81-b817-04520db44446@group-1AA105F269F8-SegmentedRaftLogWorker for RaftStorage:Storage Directory /workdir/hadoop-ozone/ozonefs/target/test-dir/MiniOzoneClusterImpl-89fc8c47-b2b3-4bdf-bb73-d071f814af55/datanode-0/data/ratis/1d5005e1-b21b-4e4e-808f-1aa105f269f8
2019-09-25 08:29:46,591 [pool-37-thread-1] INFO  server.RaftServerConfigKeys (ConfUtils.java:logGet(43)) - raft.server.log.appender.buffer.byte-limit = 33554432 (custom)
2019-09-25 08:29:46,592 [pool-27-thread-1] INFO  server.RaftServerConfigKeys (ConfUtils.java:logGet(43)) - raft.server.log.queue.byte-limit = 2147483647 (custom)
2019-09-25 08:29:46,592 [pool-47-thread-1] INFO  server.RaftServerConfigKeys (ConfUtils.java:logGet(43)) - raft.server.log.appender.buffer.byte-limit = 33554432 (custom)
2019-09-25 08:29:46,592 [pool-27-thread-1] INFO  server.RaftServerConfigKeys (ConfUtils.java:logGet(43)) - raft.server.log.queue.element-limit = 1024 (custom)
2019-09-25 08:29:46,592 [pool-37-thread-1] INFO  server.RaftServerConfigKeys (ConfUtils.java:logGet(43)) - raft.server.log.segment.size.max = 1048576 (custom)
2019-09-25 08:29:46,593 [pool-27-thread-1] INFO  server.RaftServerConfigKeys (ConfUtils.java:logGet(43)) - raft.server.log.segment.size.max = 1048576 (custom)
2019-09-25 08:29:46,592 [pool-47-thread-1] INFO  server.RaftServerConfigKeys (ConfUtils.java:logGet(43)) - raft.server.log.segment.size.max = 1048576 (custom)
2019-09-25 08:29:46,593 [pool-27-thread-1] INFO  server.RaftServerConfigKeys (ConfUtils.java:logGet(43)) - raft.server.log.preallocated.size = 16384 (custom)
2019-09-25 08:29:46,593 [pool-37-thread-1] INFO  server.RaftServerConfigKeys (ConfUtils.java:logGet(43)) - raft.server.log.segment.cache.num.max = 2 (custom)
2019-09-25 08:29:46,593 [pool-27-thread-1] INFO  server.RaftServerConfigKeys (ConfUtils.java:logGet(43)) - raft.server.log.write.buffer.size = 33554432 (custom)
2019-09-25 08:29:46,593 [pool-47-thread-1] INFO  server.RaftServerConfigKeys (ConfUtils.java:logGet(43)) - raft.server.log.segment.cache.num.max = 2 (custom)
2019-09-25 08:29:46,594 [pool-27-thread-1] INFO  server.RaftServerConfigKeys (ConfUtils.java:logGet(43)) - raft.server.log.force.sync.num = 128 (default)
2019-09-25 08:29:46,594 [pool-37-thread-1] INFO  segmented.SegmentedRaftLogWorker (SegmentedRaftLogWorker.java:<init>(172)) - new f230bc7e-d80c-430f-a4ff-61e0293dd1c7@group-1AA105F269F8-SegmentedRaftLogWorker for RaftStorage:Storage Directory /workdir/hadoop-ozone/ozonefs/target/test-dir/MiniOzoneClusterImpl-89fc8c47-b2b3-4bdf-bb73-d071f814af55/datanode-1/data/ratis/1d5005e1-b21b-4e4e-808f-1aa105f269f8
2019-09-25 08:29:46,594 [pool-27-thread-1] INFO  server.RaftServerConfigKeys (ConfUtils.java:logGet(43)) - raft.server.log.statemachine.data.sync = true (default)
2019-09-25 08:29:46,594 [pool-47-thread-1] INFO  segmented.SegmentedRaftLogWorker (SegmentedRaftLogWorker.java:<init>(172)) - new 87aead68-aaca-445a-b26b-2e9f12b24b75@group-1AA105F269F8-SegmentedRaftLogWorker for RaftStorage:Storage Directory /workdir/hadoop-ozone/ozonefs/target/test-dir/MiniOzoneClusterImpl-89fc8c47-b2b3-4bdf-bb73-d071f814af55/datanode-2/data/ratis/1d5005e1-b21b-4e4e-808f-1aa105f269f8
2019-09-25 08:29:46,594 [pool-27-thread-1] INFO  server.RaftServerConfigKeys (ConfUtils.java:logGet(43)) - raft.server.log.statemachine.data.sync.timeout = 10s (default)
2019-09-25 08:29:46,595 [pool-27-thread-1] INFO  server.RaftServerConfigKeys (ConfUtils.java:logGet(43)) - raft.server.log.statemachine.data.sync.timeout.retry = -1 (default)
2019-09-25 08:29:46,594 [pool-37-thread-1] INFO  server.RaftServerConfigKeys (ConfUtils.java:logGet(43)) - raft.server.log.queue.byte-limit = 2147483647 (custom)
2019-09-25 08:29:46,595 [pool-27-thread-1] INFO  server.RaftServerConfigKeys (ConfUtils.java:logGet(43)) - raft.server.log.statemachine.data.caching.enabled = true (custom)
2019-09-25 08:29:46,594 [pool-47-thread-1] INFO  server.RaftServerConfigKeys (ConfUtils.java:logGet(43)) - raft.server.log.queue.byte-limit = 2147483647 (custom)
2019-09-25 08:29:46,595 [pool-37-thread-1] INFO  server.RaftServerConfigKeys (ConfUtils.java:logGet(43)) - raft.server.log.queue.element-limit = 1024 (custom)
2019-09-25 08:29:46,595 [pool-27-thread-1] INFO  segmented.SegmentedRaftLogWorker (SegmentedRaftLogWorker.java:lambda$new$0(132)) - 99a70305-7b37-4d81-b817-04520db44446@group-1AA105F269F8-SegmentedRaftLogWorker: flushIndex: setUnconditionally 0 -> -1
2019-09-25 08:29:46,595 [pool-47-thread-1] INFO  server.RaftServerConfigKeys (ConfUtils.java:logGet(43)) - raft.server.log.queue.element-limit = 1024 (custom)
2019-09-25 08:29:46,595 [pool-37-thread-1] INFO  server.RaftServerConfigKeys (ConfUtils.java:logGet(43)) - raft.server.log.segment.size.max = 1048576 (custom)
2019-09-25 08:29:46,596 [pool-27-thread-1] INFO  server.RaftServerConfigKeys (ConfUtils.java:logGet(43)) - raft.server.snapshot.auto.trigger.enabled = true (custom)
2019-09-25 08:29:46,596 [pool-47-thread-1] INFO  server.RaftServerConfigKeys (ConfUtils.java:logGet(43)) - raft.server.log.segment.size.max = 1048576 (custom)
2019-09-25 08:29:46,596 [pool-27-thread-1] INFO  server.RaftServerConfigKeys (ConfUtils.java:logGet(43)) - raft.server.snapshot.auto.trigger.threshold = 10000 (custom)
2019-09-25 08:29:46,596 [pool-37-thread-1] INFO  server.RaftServerConfigKeys (ConfUtils.java:logGet(43)) - raft.server.log.preallocated.size = 16384 (custom)
2019-09-25 08:29:46,596 [pool-27-thread-1] INFO  server.RaftServerConfigKeys (ConfUtils.java:logGet(43)) - raft.server.snapshot.retention.num.files = 5 (custom)
2019-09-25 08:29:46,596 [pool-47-thread-1] INFO  server.RaftServerConfigKeys (ConfUtils.java:logGet(43)) - raft.server.log.preallocated.size = 16384 (custom)
2019-09-25 08:29:46,597 [pool-27-thread-1] INFO  server.RaftServerConfigKeys (ConfUtils.java:logGet(43)) - raft.server.retrycache.expirytime = 600000ms (custom)
2019-09-25 08:29:46,597 [pool-37-thread-1] INFO  server.RaftServerConfigKeys (ConfUtils.java:logGet(43)) - raft.server.log.write.buffer.size = 33554432 (custom)
2019-09-25 08:29:46,597 [pool-47-thread-1] INFO  server.RaftServerConfigKeys (ConfUtils.java:logGet(43)) - raft.server.log.write.buffer.size = 33554432 (custom)
2019-09-25 08:29:46,597 [pool-37-thread-1] INFO  server.RaftServerConfigKeys (ConfUtils.java:logGet(43)) - raft.server.log.force.sync.num = 128 (default)
2019-09-25 08:29:46,597 [pool-47-thread-1] INFO  server.RaftServerConfigKeys (ConfUtils.java:logGet(43)) - raft.server.log.force.sync.num = 128 (default)
2019-09-25 08:29:46,598 [pool-37-thread-1] INFO  server.RaftServerConfigKeys (ConfUtils.java:logGet(43)) - raft.server.log.statemachine.data.sync = true (default)
2019-09-25 08:29:46,598 [pool-47-thread-1] INFO  server.RaftServerConfigKeys (ConfUtils.java:logGet(43)) - raft.server.log.statemachine.data.sync = true (default)
2019-09-25 08:29:46,598 [pool-37-thread-1] INFO  server.RaftServerConfigKeys (ConfUtils.java:logGet(43)) - raft.server.log.statemachine.data.sync.timeout = 10s (default)
2019-09-25 08:29:46,598 [pool-47-thread-1] INFO  server.RaftServerConfigKeys (ConfUtils.java:logGet(43)) - raft.server.log.statemachine.data.sync.timeout = 10s (default)
2019-09-25 08:29:46,598 [pool-37-thread-1] INFO  server.RaftServerConfigKeys (ConfUtils.java:logGet(43)) - raft.server.log.statemachine.data.sync.timeout.retry = -1 (default)
2019-09-25 08:29:46,598 [pool-47-thread-1] INFO  server.RaftServerConfigKeys (ConfUtils.java:logGet(43)) - raft.server.log.statemachine.data.sync.timeout.retry = -1 (default)
2019-09-25 08:29:46,598 [pool-37-thread-1] INFO  server.RaftServerConfigKeys (ConfUtils.java:logGet(43)) - raft.server.log.statemachine.data.caching.enabled = true (custom)
2019-09-25 08:29:46,599 [pool-47-thread-1] INFO  server.RaftServerConfigKeys (ConfUtils.java:logGet(43)) - raft.server.log.statemachine.data.caching.enabled = true (custom)
2019-09-25 08:29:46,599 [pool-37-thread-1] INFO  segmented.SegmentedRaftLogWorker (SegmentedRaftLogWorker.java:lambda$new$0(132)) - f230bc7e-d80c-430f-a4ff-61e0293dd1c7@group-1AA105F269F8-SegmentedRaftLogWorker: flushIndex: setUnconditionally 0 -> -1
2019-09-25 08:29:46,599 [pool-47-thread-1] INFO  segmented.SegmentedRaftLogWorker (SegmentedRaftLogWorker.java:lambda$new$0(132)) - 87aead68-aaca-445a-b26b-2e9f12b24b75@group-1AA105F269F8-SegmentedRaftLogWorker: flushIndex: setUnconditionally 0 -> -1
2019-09-25 08:29:46,599 [pool-37-thread-1] INFO  server.RaftServerConfigKeys (ConfUtils.java:logGet(43)) - raft.server.snapshot.auto.trigger.enabled = true (custom)
2019-09-25 08:29:46,599 [pool-47-thread-1] INFO  server.RaftServerConfigKeys (ConfUtils.java:logGet(43)) - raft.server.snapshot.auto.trigger.enabled = true (custom)
2019-09-25 08:29:46,599 [pool-37-thread-1] INFO  server.RaftServerConfigKeys (ConfUtils.java:logGet(43)) - raft.server.snapshot.auto.trigger.threshold = 10000 (custom)
2019-09-25 08:29:46,600 [pool-47-thread-1] INFO  server.RaftServerConfigKeys (ConfUtils.java:logGet(43)) - raft.server.snapshot.auto.trigger.threshold = 10000 (custom)
2019-09-25 08:29:46,600 [pool-37-thread-1] INFO  server.RaftServerConfigKeys (ConfUtils.java:logGet(43)) - raft.server.snapshot.retention.num.files = 5 (custom)
2019-09-25 08:29:46,600 [pool-27-thread-1] INFO  impl.RaftServerImpl (RaftServerImpl.java:start(185)) - 99a70305-7b37-4d81-b817-04520db44446@group-1AA105F269F8: start as a follower, conf=-1: [f230bc7e-d80c-430f-a4ff-61e0293dd1c7:192.168.36.126:44732, 99a70305-7b37-4d81-b817-04520db44446:192.168.36.126:41949, 87aead68-aaca-445a-b26b-2e9f12b24b75:192.168.36.126:36757], old=null
2019-09-25 08:29:46,600 [pool-47-thread-1] INFO  server.RaftServerConfigKeys (ConfUtils.java:logGet(43)) - raft.server.snapshot.retention.num.files = 5 (custom)
2019-09-25 08:29:46,600 [pool-27-thread-1] INFO  impl.RaftServerImpl (RaftServerImpl.java:setRole(174)) - 99a70305-7b37-4d81-b817-04520db44446@group-1AA105F269F8: changes role from      null to FOLLOWER at term 0 for startAsFollower
2019-09-25 08:29:46,600 [pool-37-thread-1] INFO  server.RaftServerConfigKeys (ConfUtils.java:logGet(43)) - raft.server.retrycache.expirytime = 600000ms (custom)
2019-09-25 08:29:46,600 [pool-27-thread-1] INFO  impl.RoleInfo (RoleInfo.java:updateAndGet(143)) - 99a70305-7b37-4d81-b817-04520db44446: start FollowerState
2019-09-25 08:29:46,600 [pool-47-thread-1] INFO  server.RaftServerConfigKeys (ConfUtils.java:logGet(43)) - raft.server.retrycache.expirytime = 600000ms (custom)
2019-09-25 08:29:46,601 [pool-27-thread-1] INFO  util.JmxRegister (JmxRegister.java:tryRegister(44)) - Successfully registered JMX Bean with object name Ratis:service=RaftServer,group=group-1AA105F269F8,id=99a70305-7b37-4d81-b817-04520db44446
2019-09-25 08:29:46,604 [pool-37-thread-1] INFO  impl.RaftServerImpl (RaftServerImpl.java:start(185)) - f230bc7e-d80c-430f-a4ff-61e0293dd1c7@group-1AA105F269F8: start as a follower, conf=-1: [f230bc7e-d80c-430f-a4ff-61e0293dd1c7:192.168.36.126:44732, 99a70305-7b37-4d81-b817-04520db44446:192.168.36.126:41949, 87aead68-aaca-445a-b26b-2e9f12b24b75:192.168.36.126:36757], old=null
2019-09-25 08:29:46,604 [pool-47-thread-1] INFO  impl.RaftServerImpl (RaftServerImpl.java:start(185)) - 87aead68-aaca-445a-b26b-2e9f12b24b75@group-1AA105F269F8: start as a follower, conf=-1: [f230bc7e-d80c-430f-a4ff-61e0293dd1c7:192.168.36.126:44732, 99a70305-7b37-4d81-b817-04520db44446:192.168.36.126:41949, 87aead68-aaca-445a-b26b-2e9f12b24b75:192.168.36.126:36757], old=null
2019-09-25 08:29:46,604 [pool-37-thread-1] INFO  impl.RaftServerImpl (RaftServerImpl.java:setRole(174)) - f230bc7e-d80c-430f-a4ff-61e0293dd1c7@group-1AA105F269F8: changes role from      null to FOLLOWER at term 0 for startAsFollower
2019-09-25 08:29:46,604 [pool-47-thread-1] INFO  impl.RaftServerImpl (RaftServerImpl.java:setRole(174)) - 87aead68-aaca-445a-b26b-2e9f12b24b75@group-1AA105F269F8: changes role from      null to FOLLOWER at term 0 for startAsFollower
2019-09-25 08:29:46,604 [pool-37-thread-1] INFO  impl.RoleInfo (RoleInfo.java:updateAndGet(143)) - f230bc7e-d80c-430f-a4ff-61e0293dd1c7: start FollowerState
2019-09-25 08:29:46,604 [pool-47-thread-1] INFO  impl.RoleInfo (RoleInfo.java:updateAndGet(143)) - 87aead68-aaca-445a-b26b-2e9f12b24b75: start FollowerState
2019-09-25 08:29:46,605 [pool-37-thread-1] INFO  util.JmxRegister (JmxRegister.java:tryRegister(44)) - Successfully registered JMX Bean with object name Ratis:service=RaftServer,group=group-1AA105F269F8,id=f230bc7e-d80c-430f-a4ff-61e0293dd1c7
2019-09-25 08:29:46,605 [pool-47-thread-1] INFO  util.JmxRegister (JmxRegister.java:tryRegister(44)) - Successfully registered JMX Bean with object name Ratis:service=RaftServer,group=group-1AA105F269F8,id=87aead68-aaca-445a-b26b-2e9f12b24b75
2019-09-25 08:29:46,610 [IPC Server handler 0 on 36285] INFO  pipeline.PipelineStateManager (PipelineStateManager.java:addPipeline(56)) - Created pipeline Pipeline[ Id: 1d5005e1-b21b-4e4e-808f-1aa105f269f8, Nodes: 99a70305-7b37-4d81-b817-04520db44446{ip: 192.168.36.126, host: pr-hdds-2174-pqx5g-486351168, networkLocation: /default-rack, certSerialId: null}87aead68-aaca-445a-b26b-2e9f12b24b75{ip: 192.168.36.126, host: pr-hdds-2174-pqx5g-486351168, networkLocation: /default-rack, certSerialId: null}f230bc7e-d80c-430f-a4ff-61e0293dd1c7{ip: 192.168.36.126, host: pr-hdds-2174-pqx5g-486351168, networkLocation: /default-rack, certSerialId: null}, Type:RATIS, Factor:THREE, State:OPEN]
2019-09-25 08:29:51,649 [Thread-867] INFO  impl.FollowerState (FollowerState.java:run(106)) - 87aead68-aaca-445a-b26b-2e9f12b24b75:group-1AA105F269F8 changes to CANDIDATE, lastRpcTime:5044, electionTimeout:5044ms
2019-09-25 08:29:51,651 [Thread-867] INFO  impl.RoleInfo (RoleInfo.java:shutdownFollowerState(121)) - 87aead68-aaca-445a-b26b-2e9f12b24b75: shutdown FollowerState
2019-09-25 08:29:51,651 [Thread-867] INFO  impl.RaftServerImpl (RaftServerImpl.java:setRole(174)) - 87aead68-aaca-445a-b26b-2e9f12b24b75@group-1AA105F269F8: changes role from  FOLLOWER to CANDIDATE at term 0 for changeToCandidate
2019-09-25 08:29:51,652 [Thread-867] INFO  impl.RoleInfo (RoleInfo.java:updateAndGet(143)) - 87aead68-aaca-445a-b26b-2e9f12b24b75: start LeaderElection
2019-09-25 08:29:51,730 [Thread-864] INFO  impl.FollowerState (FollowerState.java:run(106)) - 99a70305-7b37-4d81-b817-04520db44446:group-1AA105F269F8 changes to CANDIDATE, lastRpcTime:5129, electionTimeout:5129ms
2019-09-25 08:29:51,731 [Thread-864] INFO  impl.RoleInfo (RoleInfo.java:shutdownFollowerState(121)) - 99a70305-7b37-4d81-b817-04520db44446: shutdown FollowerState
2019-09-25 08:29:51,731 [Thread-864] INFO  impl.RaftServerImpl (RaftServerImpl.java:setRole(174)) - 99a70305-7b37-4d81-b817-04520db44446@group-1AA105F269F8: changes role from  FOLLOWER to CANDIDATE at term 0 for changeToCandidate
2019-09-25 08:29:51,731 [Thread-864] INFO  impl.RoleInfo (RoleInfo.java:updateAndGet(143)) - 99a70305-7b37-4d81-b817-04520db44446: start LeaderElection
2019-09-25 08:29:51,747 [Thread-866] INFO  impl.FollowerState (FollowerState.java:run(106)) - f230bc7e-d80c-430f-a4ff-61e0293dd1c7:group-1AA105F269F8 changes to CANDIDATE, lastRpcTime:5142, electionTimeout:5142ms
2019-09-25 08:29:51,747 [Thread-866] INFO  impl.RoleInfo (RoleInfo.java:shutdownFollowerState(121)) - f230bc7e-d80c-430f-a4ff-61e0293dd1c7: shutdown FollowerState
2019-09-25 08:29:51,747 [Thread-866] INFO  impl.RaftServerImpl (RaftServerImpl.java:setRole(174)) - f230bc7e-d80c-430f-a4ff-61e0293dd1c7@group-1AA105F269F8: changes role from  FOLLOWER to CANDIDATE at term 0 for changeToCandidate
2019-09-25 08:29:51,747 [Thread-866] INFO  impl.RoleInfo (RoleInfo.java:updateAndGet(143)) - f230bc7e-d80c-430f-a4ff-61e0293dd1c7: start LeaderElection
2019-09-25 08:29:51,906 [99a70305-7b37-4d81-b817-04520db44446@group-1AA105F269F8:LeaderElection68] INFO  impl.LeaderElection (LeaderElection.java:askForVotes(182)) - 99a70305-7b37-4d81-b817-04520db44446@group-1AA105F269F8:LeaderElection68: begin an election at term 1 for -1: [f230bc7e-d80c-430f-a4ff-61e0293dd1c7:192.168.36.126:44732, 99a70305-7b37-4d81-b817-04520db44446:192.168.36.126:41949, 87aead68-aaca-445a-b26b-2e9f12b24b75:192.168.36.126:36757], old=null
2019-09-25 08:29:51,906 [87aead68-aaca-445a-b26b-2e9f12b24b75@group-1AA105F269F8:LeaderElection67] INFO  impl.LeaderElection (LeaderElection.java:askForVotes(182)) - 87aead68-aaca-445a-b26b-2e9f12b24b75@group-1AA105F269F8:LeaderElection67: begin an election at term 1 for -1: [f230bc7e-d80c-430f-a4ff-61e0293dd1c7:192.168.36.126:44732, 99a70305-7b37-4d81-b817-04520db44446:192.168.36.126:41949, 87aead68-aaca-445a-b26b-2e9f12b24b75:192.168.36.126:36757], old=null
2019-09-25 08:29:51,906 [f230bc7e-d80c-430f-a4ff-61e0293dd1c7@group-1AA105F269F8:LeaderElection69] INFO  impl.LeaderElection (LeaderElection.java:askForVotes(182)) - f230bc7e-d80c-430f-a4ff-61e0293dd1c7@group-1AA105F269F8:LeaderElection69: begin an election at term 1 for -1: [f230bc7e-d80c-430f-a4ff-61e0293dd1c7:192.168.36.126:44732, 99a70305-7b37-4d81-b817-04520db44446:192.168.36.126:41949, 87aead68-aaca-445a-b26b-2e9f12b24b75:192.168.36.126:36757], old=null
2019-09-25 08:29:51,911 [87aead68-aaca-445a-b26b-2e9f12b24b75@group-1AA105F269F8:LeaderElection67] INFO  impl.LeaderElection (LeaderElection.java:logAndReturn(56)) - 87aead68-aaca-445a-b26b-2e9f12b24b75@group-1AA105F269F8:LeaderElection67: Election REJECTED; received 2 response(s) [87aead68-aaca-445a-b26b-2e9f12b24b75<-f230bc7e-d80c-430f-a4ff-61e0293dd1c7#0:FAIL-t1, 87aead68-aaca-445a-b26b-2e9f12b24b75<-99a70305-7b37-4d81-b817-04520db44446#0:FAIL-t1] and 0 exception(s); 87aead68-aaca-445a-b26b-2e9f12b24b75@group-1AA105F269F8:t1, leader=null, voted=87aead68-aaca-445a-b26b-2e9f12b24b75, raftlog=87aead68-aaca-445a-b26b-2e9f12b24b75@group-1AA105F269F8-SegmentedRaftLog:OPENED:c-1,f-1,i0, conf=-1: [f230bc7e-d80c-430f-a4ff-61e0293dd1c7:192.168.36.126:44732, 99a70305-7b37-4d81-b817-04520db44446:192.168.36.126:41949, 87aead68-aaca-445a-b26b-2e9f12b24b75:192.168.36.126:36757], old=null
2019-09-25 08:29:51,911 [99a70305-7b37-4d81-b817-04520db44446@group-1AA105F269F8:LeaderElection68] INFO  impl.LeaderElection (LeaderElection.java:logAndReturn(56)) - 99a70305-7b37-4d81-b817-04520db44446@group-1AA105F269F8:LeaderElection68: Election REJECTED; received 2 response(s) [99a70305-7b37-4d81-b817-04520db44446<-f230bc7e-d80c-430f-a4ff-61e0293dd1c7#0:FAIL-t1, 99a70305-7b37-4d81-b817-04520db44446<-87aead68-aaca-445a-b26b-2e9f12b24b75#0:FAIL-t1] and 0 exception(s); 99a70305-7b37-4d81-b817-04520db44446@group-1AA105F269F8:t1, leader=null, voted=99a70305-7b37-4d81-b817-04520db44446, raftlog=99a70305-7b37-4d81-b817-04520db44446@group-1AA105F269F8-SegmentedRaftLog:OPENED:c-1,f-1,i0, conf=-1: [f230bc7e-d80c-430f-a4ff-61e0293dd1c7:192.168.36.126:44732, 99a70305-7b37-4d81-b817-04520db44446:192.168.36.126:41949, 87aead68-aaca-445a-b26b-2e9f12b24b75:192.168.36.126:36757], old=null
2019-09-25 08:29:51,911 [87aead68-aaca-445a-b26b-2e9f12b24b75@group-1AA105F269F8:LeaderElection67] INFO  impl.RaftServerImpl (RaftServerImpl.java:setRole(174)) - 87aead68-aaca-445a-b26b-2e9f12b24b75@group-1AA105F269F8: changes role from CANDIDATE to FOLLOWER at term 1 for DISCOVERED_A_NEW_TERM
2019-09-25 08:29:51,912 [99a70305-7b37-4d81-b817-04520db44446@group-1AA105F269F8:LeaderElection68] INFO  impl.RaftServerImpl (RaftServerImpl.java:setRole(174)) - 99a70305-7b37-4d81-b817-04520db44446@group-1AA105F269F8: changes role from CANDIDATE to FOLLOWER at term 1 for DISCOVERED_A_NEW_TERM
2019-09-25 08:29:51,912 [87aead68-aaca-445a-b26b-2e9f12b24b75@group-1AA105F269F8:LeaderElection67] INFO  impl.RoleInfo (RoleInfo.java:shutdownLeaderElection(134)) - 87aead68-aaca-445a-b26b-2e9f12b24b75: shutdown LeaderElection
2019-09-25 08:29:51,912 [99a70305-7b37-4d81-b817-04520db44446@group-1AA105F269F8:LeaderElection68] INFO  impl.RoleInfo (RoleInfo.java:shutdownLeaderElection(134)) - 99a70305-7b37-4d81-b817-04520db44446: shutdown LeaderElection
2019-09-25 08:29:51,912 [87aead68-aaca-445a-b26b-2e9f12b24b75@group-1AA105F269F8:LeaderElection67] INFO  impl.RoleInfo (RoleInfo.java:updateAndGet(143)) - 87aead68-aaca-445a-b26b-2e9f12b24b75: start FollowerState
2019-09-25 08:29:51,912 [99a70305-7b37-4d81-b817-04520db44446@group-1AA105F269F8:LeaderElection68] INFO  impl.RoleInfo (RoleInfo.java:updateAndGet(143)) - 99a70305-7b37-4d81-b817-04520db44446: start FollowerState
2019-09-25 08:29:51,913 [f230bc7e-d80c-430f-a4ff-61e0293dd1c7@group-1AA105F269F8:LeaderElection69] INFO  impl.LeaderElection (LeaderElection.java:logAndReturn(56)) - f230bc7e-d80c-430f-a4ff-61e0293dd1c7@group-1AA105F269F8:LeaderElection69: Election REJECTED; received 2 response(s) [f230bc7e-d80c-430f-a4ff-61e0293dd1c7<-99a70305-7b37-4d81-b817-04520db44446#0:FAIL-t1, f230bc7e-d80c-430f-a4ff-61e0293dd1c7<-87aead68-aaca-445a-b26b-2e9f12b24b75#0:FAIL-t1] and 0 exception(s); f230bc7e-d80c-430f-a4ff-61e0293dd1c7@group-1AA105F269F8:t1, leader=null, voted=f230bc7e-d80c-430f-a4ff-61e0293dd1c7, raftlog=f230bc7e-d80c-430f-a4ff-61e0293dd1c7@group-1AA105F269F8-SegmentedRaftLog:OPENED:c-1,f-1,i0, conf=-1: [f230bc7e-d80c-430f-a4ff-61e0293dd1c7:192.168.36.126:44732, 99a70305-7b37-4d81-b817-04520db44446:192.168.36.126:41949, 87aead68-aaca-445a-b26b-2e9f12b24b75:192.168.36.126:36757], old=null
2019-09-25 08:29:51,914 [f230bc7e-d80c-430f-a4ff-61e0293dd1c7@group-1AA105F269F8:LeaderElection69] INFO  impl.RaftServerImpl (RaftServerImpl.java:setRole(174)) - f230bc7e-d80c-430f-a4ff-61e0293dd1c7@group-1AA105F269F8: changes role from CANDIDATE to FOLLOWER at term 1 for DISCOVERED_A_NEW_TERM
2019-09-25 08:29:51,914 [f230bc7e-d80c-430f-a4ff-61e0293dd1c7@group-1AA105F269F8:LeaderElection69] INFO  impl.RoleInfo (RoleInfo.java:shutdownLeaderElection(134)) - f230bc7e-d80c-430f-a4ff-61e0293dd1c7: shutdown LeaderElection
2019-09-25 08:29:51,914 [f230bc7e-d80c-430f-a4ff-61e0293dd1c7@group-1AA105F269F8:LeaderElection69] INFO  impl.RoleInfo (RoleInfo.java:updateAndGet(143)) - f230bc7e-d80c-430f-a4ff-61e0293dd1c7: start FollowerState
2019-09-25 08:29:57,045 [Thread-898] INFO  impl.FollowerState (FollowerState.java:run(106)) - f230bc7e-d80c-430f-a4ff-61e0293dd1c7:group-1AA105F269F8 changes to CANDIDATE, lastRpcTime:5130, electionTimeout:5130ms
2019-09-25 08:29:57,045 [Thread-898] INFO  impl.RoleInfo (RoleInfo.java:shutdownFollowerState(121)) - f230bc7e-d80c-430f-a4ff-61e0293dd1c7: shutdown FollowerState
2019-09-25 08:29:57,045 [Thread-898] INFO  impl.RaftServerImpl (RaftServerImpl.java:setRole(174)) - f230bc7e-d80c-430f-a4ff-61e0293dd1c7@group-1AA105F269F8: changes role from  FOLLOWER to CANDIDATE at term 1 for changeToCandidate
2019-09-25 08:29:57,045 [Thread-898] INFO  impl.RoleInfo (RoleInfo.java:updateAndGet(143)) - f230bc7e-d80c-430f-a4ff-61e0293dd1c7: start LeaderElection
2019-09-25 08:29:57,095 [Thread-896] INFO  impl.FollowerState (FollowerState.java:run(106)) - 87aead68-aaca-445a-b26b-2e9f12b24b75:group-1AA105F269F8 changes to CANDIDATE, lastRpcTime:5182, electionTimeout:5182ms
2019-09-25 08:29:57,095 [Thread-896] INFO  impl.RoleInfo (RoleInfo.java:shutdownFollowerState(121)) - 87aead68-aaca-445a-b26b-2e9f12b24b75: shutdown FollowerState
2019-09-25 08:29:57,095 [Thread-896] INFO  impl.RaftServerImpl (RaftServerImpl.java:setRole(174)) - 87aead68-aaca-445a-b26b-2e9f12b24b75@group-1AA105F269F8: changes role from  FOLLOWER to CANDIDATE at term 1 for changeToCandidate
2019-09-25 08:29:57,095 [Thread-896] INFO  impl.RoleInfo (RoleInfo.java:updateAndGet(143)) - 87aead68-aaca-445a-b26b-2e9f12b24b75: start LeaderElection
2019-09-25 08:29:57,113 [Thread-897] INFO  impl.FollowerState (FollowerState.java:run(106)) - 99a70305-7b37-4d81-b817-04520db44446:group-1AA105F269F8 changes to CANDIDATE, lastRpcTime:5200, electionTimeout:5200ms
2019-09-25 08:29:57,113 [Thread-897] INFO  impl.RoleInfo (RoleInfo.java:shutdownFollowerState(121)) - 99a70305-7b37-4d81-b817-04520db44446: shutdown FollowerState
2019-09-25 08:29:57,113 [Thread-897] INFO  impl.RaftServerImpl (RaftServerImpl.java:setRole(174)) - 99a70305-7b37-4d81-b817-04520db44446@group-1AA105F269F8: changes role from  FOLLOWER to CANDIDATE at term 1 for changeToCandidate
2019-09-25 08:29:57,114 [Thread-897] INFO  impl.RoleInfo (RoleInfo.java:updateAndGet(143)) - 99a70305-7b37-4d81-b817-04520db44446: start LeaderElection
]]></system-out>
    <system-err><![CDATA[ERROR StatusLogger No Log4j 2 configuration file found. Using default configuration (logging only errors to the console), or user programmatically provided configurations. Set system property 'log4j2.debug' to show Log4j 2 internal initialization logging. See https://logging.apache.org/log4j/2.x/manual/configuration.html for instructions on how to configure Log4j 2
]]></system-err>
  </testcase>
  <testcase name="testRenamePopulatesFileAncestors" classname="org.apache.hadoop.fs.ozone.contract.ITestOzoneContractRename" time="131.751"/>
  <testcase name="testRenameFileOverExistingFile" classname="org.apache.hadoop.fs.ozone.contract.ITestOzoneContractRename" time="23.519"/>
  <testcase name="testRenameFileNonexistentDir" classname="org.apache.hadoop.fs.ozone.contract.ITestOzoneContractRename" time="0.592"/>
  <testcase name="testRenamePopulatesDirectoryAncestors" classname="org.apache.hadoop.fs.ozone.contract.ITestOzoneContractRename" time="0.135"/>
  <testcase name="testRenameNewFileSameDir" classname="org.apache.hadoop.fs.ozone.contract.ITestOzoneContractRename" time="0.616"/>
  <testcase name="testRenameNonexistentFile" classname="org.apache.hadoop.fs.ozone.contract.ITestOzoneContractRename" time="0.08"/>
  <testcase name="testRenameDirIntoExistingDir" classname="org.apache.hadoop.fs.ozone.contract.ITestOzoneContractRename" time="9.883"/>
</testsuite>