<?xml version="1.0" encoding="UTF-8"?>
<testsuite xmlns:xsi="http://www.w3.org/2001/XMLSchema-instance" xsi:noNamespaceSchemaLocation="https://maven.apache.org/surefire/maven-surefire-plugin/xsd/surefire-test-report.xsd" name="org.apache.hadoop.fs.ozone.contract.ITestOzoneContractCreate" time="177.202" tests="11" errors="1" skipped="2" failures="0">
  <properties>
    <property name="awt.toolkit" value="sun.awt.X11.XToolkit"/>
    <property name="file.encoding.pkg" value="sun.io"/>
    <property name="java.specification.version" value="1.8"/>
    <property name="sun.cpu.isalist" value=""/>
    <property name="sun.jnu.encoding" value="UTF-8"/>
    <property name="java.class.path" value="/workdir/hadoop-ozone/ozonefs/target/test-classes:/workdir/hadoop-ozone/ozonefs/target/classes:/home/user/.m2/repository/org/apache/hadoop/hadoop-common/3.2.0/hadoop-common-3.2.0.jar:/home/user/.m2/repository/org/apache/hadoop/hadoop-annotations/3.2.0/hadoop-annotations-3.2.0.jar:/usr/lib/jvm/java-1.8-openjdk/jre/../lib/tools.jar:/home/user/.m2/repository/com/google/guava/guava/11.0.2/guava-11.0.2.jar:/home/user/.m2/repository/commons-cli/commons-cli/1.2/commons-cli-1.2.jar:/home/user/.m2/repository/org/apache/commons/commons-math3/3.1.1/commons-math3-3.1.1.jar:/home/user/.m2/repository/commons-codec/commons-codec/1.11/commons-codec-1.11.jar:/home/user/.m2/repository/commons-io/commons-io/2.5/commons-io-2.5.jar:/home/user/.m2/repository/commons-net/commons-net/3.6/commons-net-3.6.jar:/home/user/.m2/repository/commons-collections/commons-collections/3.2.2/commons-collections-3.2.2.jar:/home/user/.m2/repository/javax/servlet/javax.servlet-api/3.1.0/javax.servlet-api-3.1.0.jar:/home/user/.m2/repository/org/eclipse/jetty/jetty-server/9.3.25.v20180904/jetty-server-9.3.25.v20180904.jar:/home/user/.m2/repository/org/eclipse/jetty/jetty-http/9.3.25.v20180904/jetty-http-9.3.25.v20180904.jar:/home/user/.m2/repository/org/eclipse/jetty/jetty-io/9.3.25.v20180904/jetty-io-9.3.25.v20180904.jar:/home/user/.m2/repository/org/eclipse/jetty/jetty-util/9.3.25.v20180904/jetty-util-9.3.25.v20180904.jar:/home/user/.m2/repository/org/eclipse/jetty/jetty-servlet/9.3.25.v20180904/jetty-servlet-9.3.25.v20180904.jar:/home/user/.m2/repository/org/eclipse/jetty/jetty-security/9.3.25.v20180904/jetty-security-9.3.25.v20180904.jar:/home/user/.m2/repository/org/eclipse/jetty/jetty-webapp/9.3.25.v20180904/jetty-webapp-9.3.25.v20180904.jar:/home/user/.m2/repository/org/eclipse/jetty/jetty-xml/9.3.25.v20180904/jetty-xml-9.3.25.v20180904.jar:/home/user/.m2/repository/javax/servlet/jsp/jsp-api/2.1/jsp-api-2.1.jar:/home/user/.m2/repository/com/sun/jersey/jersey-core/1.19/jersey-core-1.19.jar:/home/user/.m2/repository/javax/ws/rs/jsr311-api/1.1.1/jsr311-api-1.1.1.jar:/home/user/.m2/repository/com/sun/jersey/jersey-servlet/1.19/jersey-servlet-1.19.jar:/home/user/.m2/repository/com/sun/jersey/jersey-json/1.19/jersey-json-1.19.jar:/home/user/.m2/repository/org/codehaus/jettison/jettison/1.1/jettison-1.1.jar:/home/user/.m2/repository/com/sun/xml/bind/jaxb-impl/2.3.0.1/jaxb-impl-2.3.0.1.jar:/home/user/.m2/repository/org/codehaus/jackson/jackson-core-asl/1.9.13/jackson-core-asl-1.9.13.jar:/home/user/.m2/repository/org/codehaus/jackson/jackson-mapper-asl/1.9.13/jackson-mapper-asl-1.9.13.jar:/home/user/.m2/repository/org/codehaus/jackson/jackson-jaxrs/1.9.13/jackson-jaxrs-1.9.13.jar:/home/user/.m2/repository/org/codehaus/jackson/jackson-xc/1.9.13/jackson-xc-1.9.13.jar:/home/user/.m2/repository/com/sun/jersey/jersey-server/1.19/jersey-server-1.19.jar:/home/user/.m2/repository/commons-logging/commons-logging/1.1.3/commons-logging-1.1.3.jar:/home/user/.m2/repository/log4j/log4j/1.2.17/log4j-1.2.17.jar:/home/user/.m2/repository/commons-beanutils/commons-beanutils/1.9.4/commons-beanutils-1.9.4.jar:/home/user/.m2/repository/org/apache/commons/commons-configuration2/2.1.1/commons-configuration2-2.1.1.jar:/home/user/.m2/repository/org/apache/commons/commons-lang3/3.7/commons-lang3-3.7.jar:/home/user/.m2/repository/org/apache/commons/commons-text/1.4/commons-text-1.4.jar:/home/user/.m2/repository/org/slf4j/slf4j-api/1.7.25/slf4j-api-1.7.25.jar:/home/user/.m2/repository/org/slf4j/slf4j-log4j12/1.7.25/slf4j-log4j12-1.7.25.jar:/home/user/.m2/repository/org/apache/avro/avro/1.7.7/avro-1.7.7.jar:/home/user/.m2/repository/com/thoughtworks/paranamer/paranamer/2.3/paranamer-2.3.jar:/home/user/.m2/repository/org/xerial/snappy/snappy-java/1.0.5/snappy-java-1.0.5.jar:/home/user/.m2/repository/com/google/re2j/re2j/1.1/re2j-1.1.jar:/home/user/.m2/repository/com/google/protobuf/protobuf-java/2.5.0/protobuf-java-2.5.0.jar:/home/user/.m2/repository/com/google/code/gson/gson/2.2.4/gson-2.2.4.jar:/home/user/.m2/repository/org/apache/hadoop/hadoop-auth/3.2.0/hadoop-auth-3.2.0.jar:/home/user/.m2/repository/com/nimbusds/nimbus-jose-jwt/4.41.1/nimbus-jose-jwt-4.41.1.jar:/home/user/.m2/repository/com/github/stephenc/jcip/jcip-annotations/1.0-1/jcip-annotations-1.0-1.jar:/home/user/.m2/repository/net/minidev/json-smart/2.3/json-smart-2.3.jar:/home/user/.m2/repository/net/minidev/accessors-smart/1.2/accessors-smart-1.2.jar:/home/user/.m2/repository/org/apache/curator/curator-framework/2.12.0/curator-framework-2.12.0.jar:/home/user/.m2/repository/com/jcraft/jsch/0.1.54/jsch-0.1.54.jar:/home/user/.m2/repository/org/apache/curator/curator-client/2.12.0/curator-client-2.12.0.jar:/home/user/.m2/repository/org/apache/curator/curator-recipes/2.12.0/curator-recipes-2.12.0.jar:/home/user/.m2/repository/com/google/code/findbugs/jsr305/3.0.0/jsr305-3.0.0.jar:/home/user/.m2/repository/org/apache/htrace/htrace-core4/4.1.0-incubating/htrace-core4-4.1.0-incubating.jar:/home/user/.m2/repository/org/apache/zookeeper/zookeeper/3.4.13/zookeeper-3.4.13.jar:/home/user/.m2/repository/jline/jline/0.9.94/jline-0.9.94.jar:/home/user/.m2/repository/org/apache/yetus/audience-annotations/0.5.0/audience-annotations-0.5.0.jar:/home/user/.m2/repository/org/apache/commons/commons-compress/1.4.1/commons-compress-1.4.1.jar:/home/user/.m2/repository/org/tukaani/xz/1.0/xz-1.0.jar:/home/user/.m2/repository/org/apache/kerby/kerb-simplekdc/1.0.1/kerb-simplekdc-1.0.1.jar:/home/user/.m2/repository/org/apache/kerby/kerb-client/1.0.1/kerb-client-1.0.1.jar:/home/user/.m2/repository/org/apache/kerby/kerby-config/1.0.1/kerby-config-1.0.1.jar:/home/user/.m2/repository/org/apache/kerby/kerb-core/1.0.1/kerb-core-1.0.1.jar:/home/user/.m2/repository/org/apache/kerby/kerby-pkix/1.0.1/kerby-pkix-1.0.1.jar:/home/user/.m2/repository/org/apache/kerby/kerby-asn1/1.0.1/kerby-asn1-1.0.1.jar:/home/user/.m2/repository/org/apache/kerby/kerby-util/1.0.1/kerby-util-1.0.1.jar:/home/user/.m2/repository/org/apache/kerby/kerb-common/1.0.1/kerb-common-1.0.1.jar:/home/user/.m2/repository/org/apache/kerby/kerb-crypto/1.0.1/kerb-crypto-1.0.1.jar:/home/user/.m2/repository/org/apache/kerby/kerb-util/1.0.1/kerb-util-1.0.1.jar:/home/user/.m2/repository/org/apache/kerby/token-provider/1.0.1/token-provider-1.0.1.jar:/home/user/.m2/repository/org/apache/kerby/kerb-admin/1.0.1/kerb-admin-1.0.1.jar:/home/user/.m2/repository/org/apache/kerby/kerb-server/1.0.1/kerb-server-1.0.1.jar:/home/user/.m2/repository/org/apache/kerby/kerb-identity/1.0.1/kerb-identity-1.0.1.jar:/home/user/.m2/repository/org/apache/kerby/kerby-xdr/1.0.1/kerby-xdr-1.0.1.jar:/home/user/.m2/repository/com/fasterxml/jackson/core/jackson-databind/2.9.9/jackson-databind-2.9.9.jar:/home/user/.m2/repository/com/fasterxml/jackson/core/jackson-annotations/2.9.9/jackson-annotations-2.9.9.jar:/home/user/.m2/repository/com/fasterxml/jackson/core/jackson-core/2.9.9/jackson-core-2.9.9.jar:/home/user/.m2/repository/org/codehaus/woodstox/stax2-api/3.1.4/stax2-api-3.1.4.jar:/home/user/.m2/repository/com/fasterxml/woodstox/woodstox-core/5.0.3/woodstox-core-5.0.3.jar:/home/user/.m2/repository/dnsjava/dnsjava/2.1.7/dnsjava-2.1.7.jar:/home/user/.m2/repository/org/apache/hadoop/hadoop-hdfs/3.2.0/hadoop-hdfs-3.2.0.jar:/home/user/.m2/repository/org/eclipse/jetty/jetty-util-ajax/9.3.25.v20180904/jetty-util-ajax-9.3.25.v20180904.jar:/home/user/.m2/repository/commons-daemon/commons-daemon/1.0.13/commons-daemon-1.0.13.jar:/home/user/.m2/repository/io/netty/netty/3.10.5.Final/netty-3.10.5.Final.jar:/home/user/.m2/repository/io/netty/netty-all/4.0.52.Final/netty-all-4.0.52.Final.jar:/home/user/.m2/repository/org/fusesource/leveldbjni/leveldbjni-all/1.8/leveldbjni-all-1.8.jar:/home/user/.m2/repository/org/apache/hadoop/hadoop-hdds-common/0.5.0-SNAPSHOT/hadoop-hdds-common-0.5.0-SNAPSHOT.jar:/home/user/.m2/repository/org/apache/hadoop/hadoop-hdds-config/0.5.0-SNAPSHOT/hadoop-hdds-config-0.5.0-SNAPSHOT.jar:/home/user/.m2/repository/javax/annotation/javax.annotation-api/1.2/javax.annotation-api-1.2.jar:/home/user/.m2/repository/org/apache/ratis/ratis-server/0.4.0/ratis-server-0.4.0.jar:/home/user/.m2/repository/org/apache/ratis/ratis-thirdparty-misc/0.2.0/ratis-thirdparty-misc-0.2.0.jar:/home/user/.m2/repository/org/apache/ratis/ratis-proto/0.4.0/ratis-proto-0.4.0.jar:/home/user/.m2/repository/org/apache/ratis/ratis-common/0.4.0/ratis-common-0.4.0.jar:/home/user/.m2/repository/org/apache/ratis/ratis-client/0.4.0/ratis-client-0.4.0.jar:/home/user/.m2/repository/org/apache/ratis/ratis-metrics/0.4.0/ratis-metrics-0.4.0.jar:/home/user/.m2/repository/com/github/joshelser/dropwizard-metrics-hadoop-metrics2-reporter/0.1.2/dropwizard-metrics-hadoop-metrics2-reporter-0.1.2.jar:/home/user/.m2/repository/io/dropwizard/metrics/metrics-jvm/3.2.5/metrics-jvm-3.2.5.jar:/home/user/.m2/repository/io/dropwizard/metrics/metrics-ganglia/3.2.5/metrics-ganglia-3.2.5.jar:/home/user/.m2/repository/info/ganglia/gmetric4j/gmetric4j/1.0.7/gmetric4j-1.0.7.jar:/home/user/.m2/repository/org/apache/ratis/ratis-netty/0.4.0/ratis-netty-0.4.0.jar:/home/user/.m2/repository/org/apache/ratis/ratis-grpc/0.4.0/ratis-grpc-0.4.0.jar:/home/user/.m2/repository/org/rocksdb/rocksdbjni/6.0.1/rocksdbjni-6.0.1.jar:/home/user/.m2/repository/org/apache/logging/log4j/log4j-api/2.11.0/log4j-api-2.11.0.jar:/home/user/.m2/repository/org/apache/logging/log4j/log4j-core/2.11.0/log4j-core-2.11.0.jar:/home/user/.m2/repository/com/lmax/disruptor/3.4.2/disruptor-3.4.2.jar:/home/user/.m2/repository/org/apache/commons/commons-pool2/2.6.0/commons-pool2-2.6.0.jar:/home/user/.m2/repository/org/bouncycastle/bcpkix-jdk15on/1.60/bcpkix-jdk15on-1.60.jar:/home/user/.m2/repository/commons-validator/commons-validator/1.6/commons-validator-1.6.jar:/home/user/.m2/repository/commons-digester/commons-digester/1.8.1/commons-digester-1.8.1.jar:/home/user/.m2/repository/io/jaegertracing/jaeger-client/0.34.0/jaeger-client-0.34.0.jar:/home/user/.m2/repository/io/jaegertracing/jaeger-thrift/0.34.0/jaeger-thrift-0.34.0.jar:/home/user/.m2/repository/org/apache/thrift/libthrift/0.12.0/libthrift-0.12.0.jar:/home/user/.m2/repository/com/squareup/okhttp3/okhttp/3.9.0/okhttp-3.9.0.jar:/home/user/.m2/repository/com/squareup/okio/okio/1.13.0/okio-1.13.0.jar:/home/user/.m2/repository/io/jaegertracing/jaeger-core/0.34.0/jaeger-core-0.34.0.jar:/home/user/.m2/repository/io/jaegertracing/jaeger-tracerresolver/0.34.0/jaeger-tracerresolver-0.34.0.jar:/home/user/.m2/repository/io/opentracing/contrib/opentracing-tracerresolver/0.1.5/opentracing-tracerresolver-0.1.5.jar:/home/user/.m2/repository/io/opentracing/opentracing-util/0.31.0/opentracing-util-0.31.0.jar:/home/user/.m2/repository/io/opentracing/opentracing-api/0.31.0/opentracing-api-0.31.0.jar:/home/user/.m2/repository/io/opentracing/opentracing-noop/0.31.0/opentracing-noop-0.31.0.jar:/home/user/.m2/repository/org/yaml/snakeyaml/1.16/snakeyaml-1.16.jar:/home/user/.m2/repository/org/apache/hadoop/hadoop-hdfs-client/3.2.0/hadoop-hdfs-client-3.2.0.jar:/home/user/.m2/repository/info/picocli/picocli/3.9.6/picocli-3.9.6.jar:/home/user/.m2/repository/org/apache/hadoop/hadoop-hdds-server-scm/0.5.0-SNAPSHOT/hadoop-hdds-server-scm-0.5.0-SNAPSHOT.jar:/home/user/.m2/repository/org/apache/hadoop/hadoop-hdds-docs/0.5.0-SNAPSHOT/hadoop-hdds-docs-0.5.0-SNAPSHOT.jar:/home/user/.m2/repository/io/dropwizard/metrics/metrics-core/3.2.4/metrics-core-3.2.4.jar:/home/user/.m2/repository/org/hamcrest/hamcrest-all/1.3/hamcrest-all-1.3.jar:/home/user/.m2/repository/org/bouncycastle/bcprov-jdk15on/1.60/bcprov-jdk15on-1.60.jar:/home/user/.m2/repository/org/apache/hadoop/hadoop-hdds-server-framework/0.5.0-SNAPSHOT/hadoop-hdds-server-framework-0.5.0-SNAPSHOT.jar:/home/user/.m2/repository/org/apache/hadoop/hadoop-ozone-ozone-manager/0.5.0-SNAPSHOT/hadoop-ozone-ozone-manager-0.5.0-SNAPSHOT.jar:/home/user/.m2/repository/org/apache/hadoop/hadoop-hdds-container-service/0.5.0-SNAPSHOT/hadoop-hdds-container-service-0.5.0-SNAPSHOT.jar:/home/user/.m2/repository/org/apache/hadoop/hadoop-hdds-client/0.5.0-SNAPSHOT/hadoop-hdds-client-0.5.0-SNAPSHOT.jar:/home/user/.m2/repository/org/apache/hadoop/hadoop-ozone-common/0.5.0-SNAPSHOT/hadoop-ozone-common-0.5.0-SNAPSHOT.jar:/home/user/.m2/repository/org/apache/hadoop/hadoop-hdds-tools/0.5.0-SNAPSHOT/hadoop-hdds-tools-0.5.0-SNAPSHOT.jar:/home/user/.m2/repository/org/xerial/sqlite-jdbc/3.25.2/sqlite-jdbc-3.25.2.jar:/home/user/.m2/repository/org/apache/httpcomponents/httpclient/4.5.2/httpclient-4.5.2.jar:/home/user/.m2/repository/org/apache/httpcomponents/httpcore/4.4.4/httpcore-4.4.4.jar:/home/user/.m2/repository/com/google/code/findbugs/findbugs/3.0.1/findbugs-3.0.1.jar:/home/user/.m2/repository/net/jcip/jcip-annotations/1.0/jcip-annotations-1.0.jar:/home/user/.m2/repository/com/google/code/findbugs/bcel-findbugs/6.0/bcel-findbugs-6.0.jar:/home/user/.m2/repository/com/google/code/findbugs/jFormatString/2.0.1/jFormatString-2.0.1.jar:/home/user/.m2/repository/dom4j/dom4j/1.6.1/dom4j-1.6.1.jar:/home/user/.m2/repository/xml-apis/xml-apis/1.0.b2/xml-apis-1.0.b2.jar:/home/user/.m2/repository/org/ow2/asm/asm-debug-all/5.0.2/asm-debug-all-5.0.2.jar:/home/user/.m2/repository/org/ow2/asm/asm-commons/5.0.2/asm-commons-5.0.2.jar:/home/user/.m2/repository/org/ow2/asm/asm-tree/5.0.2/asm-tree-5.0.2.jar:/home/user/.m2/repository/org/ow2/asm/asm/5.0.4/asm-5.0.4.jar:/home/user/.m2/repository/commons-lang/commons-lang/2.6/commons-lang-2.6.jar:/home/user/.m2/repository/com/apple/AppleJavaExtensions/1.4/AppleJavaExtensions-1.4.jar:/home/user/.m2/repository/jaxen/jaxen/1.1.6/jaxen-1.1.6.jar:/home/user/.m2/repository/org/apache/hadoop/hadoop-common/3.2.0/hadoop-common-3.2.0-tests.jar:/home/user/.m2/repository/org/apache/hadoop/hadoop-ozone-client/0.5.0-SNAPSHOT/hadoop-ozone-client-0.5.0-SNAPSHOT.jar:/home/user/.m2/repository/org/apache/hadoop/hadoop-hdfs/3.2.0/hadoop-hdfs-3.2.0-tests.jar:/workdir/hadoop-ozone/integration-test/target/test-classes:/home/user/.m2/repository/org/apache/hadoop/hadoop-ozone-s3gateway/0.5.0-SNAPSHOT/hadoop-ozone-s3gateway-0.5.0-SNAPSHOT.jar:/home/user/.m2/repository/org/jboss/weld/servlet/weld-servlet/2.4.7.Final/weld-servlet-2.4.7.Final.jar:/home/user/.m2/repository/org/glassfish/jersey/containers/jersey-container-servlet-core/2.27/jersey-container-servlet-core-2.27.jar:/home/user/.m2/repository/org/glassfish/hk2/external/javax.inject/2.5.0-b42/javax.inject-2.5.0-b42.jar:/home/user/.m2/repository/org/glassfish/jersey/core/jersey-common/2.27/jersey-common-2.27.jar:/home/user/.m2/repository/org/glassfish/hk2/osgi-resource-locator/1.0.1/osgi-resource-locator-1.0.1.jar:/home/user/.m2/repository/javax/ws/rs/javax.ws.rs-api/2.1/javax.ws.rs-api-2.1.jar:/home/user/.m2/repository/org/glassfish/jersey/ext/cdi/jersey-cdi1x/2.27/jersey-cdi1x-2.27.jar:/home/user/.m2/repository/org/glassfish/jersey/inject/jersey-hk2/2.27/jersey-hk2-2.27.jar:/home/user/.m2/repository/org/glassfish/hk2/hk2-locator/2.5.0-b42/hk2-locator-2.5.0-b42.jar:/home/user/.m2/repository/org/javassist/javassist/3.22.0-CR2/javassist-3.22.0-CR2.jar:/home/user/.m2/repository/org/glassfish/hk2/hk2-api/2.5.0/hk2-api-2.5.0.jar:/home/user/.m2/repository/org/glassfish/hk2/external/jakarta.inject/2.5.0/jakarta.inject-2.5.0.jar:/home/user/.m2/repository/org/glassfish/hk2/hk2-utils/2.5.0/hk2-utils-2.5.0.jar:/home/user/.m2/repository/jakarta/annotation/jakarta.annotation-api/1.3.4/jakarta.annotation-api-1.3.4.jar:/home/user/.m2/repository/org/glassfish/hk2/external/aopalliance-repackaged/2.5.0/aopalliance-repackaged-2.5.0.jar:/home/user/.m2/repository/com/fasterxml/jackson/dataformat/jackson-dataformat-xml/2.9.0/jackson-dataformat-xml-2.9.0.jar:/home/user/.m2/repository/com/fasterxml/jackson/module/jackson-module-jaxb-annotations/2.9.9/jackson-module-jaxb-annotations-2.9.9.jar:/home/user/.m2/repository/javax/enterprise/cdi-api/1.2/cdi-api-1.2.jar:/home/user/.m2/repository/javax/el/javax.el-api/3.0.0/javax.el-api-3.0.0.jar:/home/user/.m2/repository/javax/interceptor/javax.interceptor-api/1.2/javax.interceptor-api-1.2.jar:/home/user/.m2/repository/javax/inject/javax.inject/1/javax.inject-1.jar:/home/user/.m2/repository/com/sun/xml/bind/jaxb-core/2.3.0.1/jaxb-core-2.3.0.1.jar:/home/user/.m2/repository/javax/xml/bind/jaxb-api/2.3.0/jaxb-api-2.3.0.jar:/home/user/.m2/repository/javax/activation/activation/1.1.1/activation-1.1.1.jar:/home/user/.m2/repository/org/apache/hadoop/hadoop-ozone-csi/0.5.0-SNAPSHOT/hadoop-ozone-csi-0.5.0-SNAPSHOT.jar:/home/user/.m2/repository/com/google/protobuf/protobuf-java-util/3.5.1/protobuf-java-util-3.5.1.jar:/home/user/.m2/repository/io/grpc/grpc-netty/1.17.1/grpc-netty-1.17.1.jar:/home/user/.m2/repository/io/grpc/grpc-core/1.17.1/grpc-core-1.17.1.jar:/home/user/.m2/repository/io/grpc/grpc-context/1.17.1/grpc-context-1.17.1.jar:/home/user/.m2/repository/com/google/errorprone/error_prone_annotations/2.2.0/error_prone_annotations-2.2.0.jar:/home/user/.m2/repository/org/codehaus/mojo/animal-sniffer-annotations/1.17/animal-sniffer-annotations-1.17.jar:/home/user/.m2/repository/io/opencensus/opencensus-api/0.17.0/opencensus-api-0.17.0.jar:/home/user/.m2/repository/io/opencensus/opencensus-contrib-grpc-metrics/0.17.0/opencensus-contrib-grpc-metrics-0.17.0.jar:/home/user/.m2/repository/io/netty/netty-codec-http2/4.1.30.Final/netty-codec-http2-4.1.30.Final.jar:/home/user/.m2/repository/io/netty/netty-codec-http/4.1.30.Final/netty-codec-http-4.1.30.Final.jar:/home/user/.m2/repository/io/netty/netty-codec/4.1.30.Final/netty-codec-4.1.30.Final.jar:/home/user/.m2/repository/io/netty/netty-handler/4.1.30.Final/netty-handler-4.1.30.Final.jar:/home/user/.m2/repository/io/netty/netty-handler-proxy/4.1.30.Final/netty-handler-proxy-4.1.30.Final.jar:/home/user/.m2/repository/io/netty/netty-codec-socks/4.1.30.Final/netty-codec-socks-4.1.30.Final.jar:/home/user/.m2/repository/io/netty/netty-transport-native-epoll/4.1.30.Final/netty-transport-native-epoll-4.1.30.Final.jar:/home/user/.m2/repository/io/netty/netty-common/4.1.30.Final/netty-common-4.1.30.Final.jar:/home/user/.m2/repository/io/netty/netty-buffer/4.1.30.Final/netty-buffer-4.1.30.Final.jar:/home/user/.m2/repository/io/netty/netty-transport/4.1.30.Final/netty-transport-4.1.30.Final.jar:/home/user/.m2/repository/io/netty/netty-resolver/4.1.30.Final/netty-resolver-4.1.30.Final.jar:/home/user/.m2/repository/io/netty/netty-transport-native-unix-common/4.1.30.Final/netty-transport-native-unix-common-4.1.30.Final.jar:/home/user/.m2/repository/io/grpc/grpc-protobuf/1.17.1/grpc-protobuf-1.17.1.jar:/home/user/.m2/repository/com/google/api/grpc/proto-google-common-protos/1.0.0/proto-google-common-protos-1.0.0.jar:/home/user/.m2/repository/io/grpc/grpc-protobuf-lite/1.17.1/grpc-protobuf-lite-1.17.1.jar:/home/user/.m2/repository/io/grpc/grpc-stub/1.17.1/grpc-stub-1.17.1.jar:/home/user/.m2/repository/org/apache/hadoop/hadoop-ozone-recon/0.5.0-SNAPSHOT/hadoop-ozone-recon-0.5.0-SNAPSHOT.jar:/home/user/.m2/repository/org/apache/hadoop/hadoop-ozone-reconcodegen/0.5.0-SNAPSHOT/hadoop-ozone-reconcodegen-0.5.0-SNAPSHOT.jar:/home/user/.m2/repository/com/google/inject/extensions/guice-multibindings/4.0/guice-multibindings-4.0.jar:/home/user/.m2/repository/com/google/inject/guice/4.0/guice-4.0.jar:/home/user/.m2/repository/aopalliance/aopalliance/1.0/aopalliance-1.0.jar:/home/user/.m2/repository/org/glassfish/jersey/containers/jersey-container-servlet/2.27/jersey-container-servlet-2.27.jar:/home/user/.m2/repository/org/glassfish/hk2/guice-bridge/2.5.0/guice-bridge-2.5.0.jar:/home/user/.m2/repository/org/glassfish/jersey/core/jersey-server/2.27/jersey-server-2.27.jar:/home/user/.m2/repository/org/glassfish/jersey/core/jersey-client/2.27/jersey-client-2.27.jar:/home/user/.m2/repository/org/glassfish/jersey/media/jersey-media-jaxb/2.27/jersey-media-jaxb-2.27.jar:/home/user/.m2/repository/javax/validation/validation-api/1.1.0.Final/validation-api-1.1.0.Final.jar:/home/user/.m2/repository/org/glassfish/jersey/media/jersey-media-json-jackson/2.27/jersey-media-json-jackson-2.27.jar:/home/user/.m2/repository/org/glassfish/jersey/ext/jersey-entity-filtering/2.27/jersey-entity-filtering-2.27.jar:/home/user/.m2/repository/com/google/inject/extensions/guice-assistedinject/4.0/guice-assistedinject-4.0.jar:/home/user/.m2/repository/org/jooq/jooq/3.11.10/jooq-3.11.10.jar:/home/user/.m2/repository/org/jooq/jooq-meta/3.11.10/jooq-meta-3.11.10.jar:/home/user/.m2/repository/org/jooq/jooq-codegen/3.11.10/jooq-codegen-3.11.10.jar:/home/user/.m2/repository/com/jolbox/bonecp/0.8.0.RELEASE/bonecp-0.8.0.RELEASE.jar:/home/user/.m2/repository/org/springframework/spring-jdbc/5.1.3.RELEASE/spring-jdbc-5.1.3.RELEASE.jar:/home/user/.m2/repository/org/springframework/spring-beans/5.1.3.RELEASE/spring-beans-5.1.3.RELEASE.jar:/home/user/.m2/repository/org/springframework/spring-core/5.1.3.RELEASE/spring-core-5.1.3.RELEASE.jar:/home/user/.m2/repository/org/springframework/spring-jcl/5.1.3.RELEASE/spring-jcl-5.1.3.RELEASE.jar:/home/user/.m2/repository/org/springframework/spring-tx/5.1.3.RELEASE/spring-tx-5.1.3.RELEASE.jar:/home/user/.m2/repository/org/mockito/mockito-all/1.10.19/mockito-all-1.10.19.jar:/home/user/.m2/repository/junit/junit/4.11/junit-4.11.jar:/home/user/.m2/repository/org/hamcrest/hamcrest-core/1.3/hamcrest-core-1.3.jar:/home/user/.m2/repository/org/apache/hadoop/hadoop-distcp/3.2.0/hadoop-distcp-3.2.0.jar:/home/user/.m2/repository/org/apache/hadoop/hadoop-distcp/3.2.0/hadoop-distcp-3.2.0-tests.jar:/home/user/.m2/repository/org/apache/hadoop/hadoop-mapreduce-client-jobclient/3.2.0/hadoop-mapreduce-client-jobclient-3.2.0.jar:/home/user/.m2/repository/org/apache/hadoop/hadoop-mapreduce-client-common/3.2.0/hadoop-mapreduce-client-common-3.2.0.jar:/home/user/.m2/repository/org/apache/hadoop/hadoop-yarn-common/3.2.0/hadoop-yarn-common-3.2.0.jar:/home/user/.m2/repository/org/apache/hadoop/hadoop-yarn-api/3.2.0/hadoop-yarn-api-3.2.0.jar:/home/user/.m2/repository/com/sun/jersey/jersey-client/1.19/jersey-client-1.19.jar:/home/user/.m2/repository/com/sun/jersey/contribs/jersey-guice/1.19/jersey-guice-1.19.jar:/home/user/.m2/repository/com/fasterxml/jackson/jaxrs/jackson-jaxrs-json-provider/2.9.9/jackson-jaxrs-json-provider-2.9.9.jar:/home/user/.m2/repository/com/fasterxml/jackson/jaxrs/jackson-jaxrs-base/2.9.9/jackson-jaxrs-base-2.9.9.jar:/home/user/.m2/repository/org/apache/hadoop/hadoop-yarn-client/3.2.0/hadoop-yarn-client-3.2.0.jar:/home/user/.m2/repository/org/apache/hadoop/hadoop-mapreduce-client-core/3.2.0/hadoop-mapreduce-client-core-3.2.0.jar:/home/user/.m2/repository/com/google/inject/extensions/guice-servlet/4.0/guice-servlet-4.0.jar:/home/user/.m2/repository/org/powermock/powermock-module-junit4/1.6.5/powermock-module-junit4-1.6.5.jar:/home/user/.m2/repository/org/powermock/powermock-module-junit4-common/1.6.5/powermock-module-junit4-common-1.6.5.jar:/home/user/.m2/repository/org/powermock/powermock-core/1.6.5/powermock-core-1.6.5.jar:/home/user/.m2/repository/org/powermock/powermock-reflect/1.6.5/powermock-reflect-1.6.5.jar:/home/user/.m2/repository/org/powermock/powermock-api-mockito/1.6.5/powermock-api-mockito-1.6.5.jar:/home/user/.m2/repository/org/mockito/mockito-core/1.10.19/mockito-core-1.10.19.jar:/home/user/.m2/repository/org/objenesis/objenesis/1.0/objenesis-1.0.jar:/home/user/.m2/repository/org/powermock/powermock-api-mockito-common/1.6.5/powermock-api-mockito-common-1.6.5.jar:/home/user/.m2/repository/org/powermock/powermock-api-support/1.6.5/powermock-api-support-1.6.5.jar:"/>
    <property name="java.vm.vendor" value="IcedTea"/>
    <property name="sun.arch.data.model" value="64"/>
    <property name="test.build.dir" value="/workdir/hadoop-ozone/ozonefs/target/test-dir"/>
    <property name="test.cache.data" value=""/>
    <property name="java.vendor.url" value="https://icedtea.classpath.org"/>
    <property name="user.timezone" value=""/>
    <property name="java.vm.specification.version" value="1.8"/>
    <property name="os.name" value="Linux"/>
    <property name="test.build.data" value="/workdir/hadoop-ozone/ozonefs/target/test-dir"/>
    <property name="user.country" value="US"/>
    <property name="sun.java.launcher" value="SUN_STANDARD"/>
    <property name="sun.boot.library.path" value="/usr/lib/jvm/java-1.8-openjdk/jre/lib/amd64"/>
    <property name="sun.java.command" value="/workdir/hadoop-ozone/ozonefs/target/surefire/surefirebooter1036672441922063289.jar /workdir/hadoop-ozone/ozonefs/target/surefire 2019-09-25T04-24-54_173-jvmRun1 surefire4165124019610752050tmp surefire_977861422548861180148tmp"/>
    <property name="test" value="!TestMiniChaosOzoneCluster"/>
    <property name="surefire.test.class.path" value="/workdir/hadoop-ozone/ozonefs/target/test-classes:/workdir/hadoop-ozone/ozonefs/target/classes:/home/user/.m2/repository/org/apache/hadoop/hadoop-common/3.2.0/hadoop-common-3.2.0.jar:/home/user/.m2/repository/org/apache/hadoop/hadoop-annotations/3.2.0/hadoop-annotations-3.2.0.jar:/usr/lib/jvm/java-1.8-openjdk/jre/../lib/tools.jar:/home/user/.m2/repository/com/google/guava/guava/11.0.2/guava-11.0.2.jar:/home/user/.m2/repository/commons-cli/commons-cli/1.2/commons-cli-1.2.jar:/home/user/.m2/repository/org/apache/commons/commons-math3/3.1.1/commons-math3-3.1.1.jar:/home/user/.m2/repository/commons-codec/commons-codec/1.11/commons-codec-1.11.jar:/home/user/.m2/repository/commons-io/commons-io/2.5/commons-io-2.5.jar:/home/user/.m2/repository/commons-net/commons-net/3.6/commons-net-3.6.jar:/home/user/.m2/repository/commons-collections/commons-collections/3.2.2/commons-collections-3.2.2.jar:/home/user/.m2/repository/javax/servlet/javax.servlet-api/3.1.0/javax.servlet-api-3.1.0.jar:/home/user/.m2/repository/org/eclipse/jetty/jetty-server/9.3.25.v20180904/jetty-server-9.3.25.v20180904.jar:/home/user/.m2/repository/org/eclipse/jetty/jetty-http/9.3.25.v20180904/jetty-http-9.3.25.v20180904.jar:/home/user/.m2/repository/org/eclipse/jetty/jetty-io/9.3.25.v20180904/jetty-io-9.3.25.v20180904.jar:/home/user/.m2/repository/org/eclipse/jetty/jetty-util/9.3.25.v20180904/jetty-util-9.3.25.v20180904.jar:/home/user/.m2/repository/org/eclipse/jetty/jetty-servlet/9.3.25.v20180904/jetty-servlet-9.3.25.v20180904.jar:/home/user/.m2/repository/org/eclipse/jetty/jetty-security/9.3.25.v20180904/jetty-security-9.3.25.v20180904.jar:/home/user/.m2/repository/org/eclipse/jetty/jetty-webapp/9.3.25.v20180904/jetty-webapp-9.3.25.v20180904.jar:/home/user/.m2/repository/org/eclipse/jetty/jetty-xml/9.3.25.v20180904/jetty-xml-9.3.25.v20180904.jar:/home/user/.m2/repository/javax/servlet/jsp/jsp-api/2.1/jsp-api-2.1.jar:/home/user/.m2/repository/com/sun/jersey/jersey-core/1.19/jersey-core-1.19.jar:/home/user/.m2/repository/javax/ws/rs/jsr311-api/1.1.1/jsr311-api-1.1.1.jar:/home/user/.m2/repository/com/sun/jersey/jersey-servlet/1.19/jersey-servlet-1.19.jar:/home/user/.m2/repository/com/sun/jersey/jersey-json/1.19/jersey-json-1.19.jar:/home/user/.m2/repository/org/codehaus/jettison/jettison/1.1/jettison-1.1.jar:/home/user/.m2/repository/com/sun/xml/bind/jaxb-impl/2.3.0.1/jaxb-impl-2.3.0.1.jar:/home/user/.m2/repository/org/codehaus/jackson/jackson-core-asl/1.9.13/jackson-core-asl-1.9.13.jar:/home/user/.m2/repository/org/codehaus/jackson/jackson-mapper-asl/1.9.13/jackson-mapper-asl-1.9.13.jar:/home/user/.m2/repository/org/codehaus/jackson/jackson-jaxrs/1.9.13/jackson-jaxrs-1.9.13.jar:/home/user/.m2/repository/org/codehaus/jackson/jackson-xc/1.9.13/jackson-xc-1.9.13.jar:/home/user/.m2/repository/com/sun/jersey/jersey-server/1.19/jersey-server-1.19.jar:/home/user/.m2/repository/commons-logging/commons-logging/1.1.3/commons-logging-1.1.3.jar:/home/user/.m2/repository/log4j/log4j/1.2.17/log4j-1.2.17.jar:/home/user/.m2/repository/commons-beanutils/commons-beanutils/1.9.4/commons-beanutils-1.9.4.jar:/home/user/.m2/repository/org/apache/commons/commons-configuration2/2.1.1/commons-configuration2-2.1.1.jar:/home/user/.m2/repository/org/apache/commons/commons-lang3/3.7/commons-lang3-3.7.jar:/home/user/.m2/repository/org/apache/commons/commons-text/1.4/commons-text-1.4.jar:/home/user/.m2/repository/org/slf4j/slf4j-api/1.7.25/slf4j-api-1.7.25.jar:/home/user/.m2/repository/org/slf4j/slf4j-log4j12/1.7.25/slf4j-log4j12-1.7.25.jar:/home/user/.m2/repository/org/apache/avro/avro/1.7.7/avro-1.7.7.jar:/home/user/.m2/repository/com/thoughtworks/paranamer/paranamer/2.3/paranamer-2.3.jar:/home/user/.m2/repository/org/xerial/snappy/snappy-java/1.0.5/snappy-java-1.0.5.jar:/home/user/.m2/repository/com/google/re2j/re2j/1.1/re2j-1.1.jar:/home/user/.m2/repository/com/google/protobuf/protobuf-java/2.5.0/protobuf-java-2.5.0.jar:/home/user/.m2/repository/com/google/code/gson/gson/2.2.4/gson-2.2.4.jar:/home/user/.m2/repository/org/apache/hadoop/hadoop-auth/3.2.0/hadoop-auth-3.2.0.jar:/home/user/.m2/repository/com/nimbusds/nimbus-jose-jwt/4.41.1/nimbus-jose-jwt-4.41.1.jar:/home/user/.m2/repository/com/github/stephenc/jcip/jcip-annotations/1.0-1/jcip-annotations-1.0-1.jar:/home/user/.m2/repository/net/minidev/json-smart/2.3/json-smart-2.3.jar:/home/user/.m2/repository/net/minidev/accessors-smart/1.2/accessors-smart-1.2.jar:/home/user/.m2/repository/org/apache/curator/curator-framework/2.12.0/curator-framework-2.12.0.jar:/home/user/.m2/repository/com/jcraft/jsch/0.1.54/jsch-0.1.54.jar:/home/user/.m2/repository/org/apache/curator/curator-client/2.12.0/curator-client-2.12.0.jar:/home/user/.m2/repository/org/apache/curator/curator-recipes/2.12.0/curator-recipes-2.12.0.jar:/home/user/.m2/repository/com/google/code/findbugs/jsr305/3.0.0/jsr305-3.0.0.jar:/home/user/.m2/repository/org/apache/htrace/htrace-core4/4.1.0-incubating/htrace-core4-4.1.0-incubating.jar:/home/user/.m2/repository/org/apache/zookeeper/zookeeper/3.4.13/zookeeper-3.4.13.jar:/home/user/.m2/repository/jline/jline/0.9.94/jline-0.9.94.jar:/home/user/.m2/repository/org/apache/yetus/audience-annotations/0.5.0/audience-annotations-0.5.0.jar:/home/user/.m2/repository/org/apache/commons/commons-compress/1.4.1/commons-compress-1.4.1.jar:/home/user/.m2/repository/org/tukaani/xz/1.0/xz-1.0.jar:/home/user/.m2/repository/org/apache/kerby/kerb-simplekdc/1.0.1/kerb-simplekdc-1.0.1.jar:/home/user/.m2/repository/org/apache/kerby/kerb-client/1.0.1/kerb-client-1.0.1.jar:/home/user/.m2/repository/org/apache/kerby/kerby-config/1.0.1/kerby-config-1.0.1.jar:/home/user/.m2/repository/org/apache/kerby/kerb-core/1.0.1/kerb-core-1.0.1.jar:/home/user/.m2/repository/org/apache/kerby/kerby-pkix/1.0.1/kerby-pkix-1.0.1.jar:/home/user/.m2/repository/org/apache/kerby/kerby-asn1/1.0.1/kerby-asn1-1.0.1.jar:/home/user/.m2/repository/org/apache/kerby/kerby-util/1.0.1/kerby-util-1.0.1.jar:/home/user/.m2/repository/org/apache/kerby/kerb-common/1.0.1/kerb-common-1.0.1.jar:/home/user/.m2/repository/org/apache/kerby/kerb-crypto/1.0.1/kerb-crypto-1.0.1.jar:/home/user/.m2/repository/org/apache/kerby/kerb-util/1.0.1/kerb-util-1.0.1.jar:/home/user/.m2/repository/org/apache/kerby/token-provider/1.0.1/token-provider-1.0.1.jar:/home/user/.m2/repository/org/apache/kerby/kerb-admin/1.0.1/kerb-admin-1.0.1.jar:/home/user/.m2/repository/org/apache/kerby/kerb-server/1.0.1/kerb-server-1.0.1.jar:/home/user/.m2/repository/org/apache/kerby/kerb-identity/1.0.1/kerb-identity-1.0.1.jar:/home/user/.m2/repository/org/apache/kerby/kerby-xdr/1.0.1/kerby-xdr-1.0.1.jar:/home/user/.m2/repository/com/fasterxml/jackson/core/jackson-databind/2.9.9/jackson-databind-2.9.9.jar:/home/user/.m2/repository/com/fasterxml/jackson/core/jackson-annotations/2.9.9/jackson-annotations-2.9.9.jar:/home/user/.m2/repository/com/fasterxml/jackson/core/jackson-core/2.9.9/jackson-core-2.9.9.jar:/home/user/.m2/repository/org/codehaus/woodstox/stax2-api/3.1.4/stax2-api-3.1.4.jar:/home/user/.m2/repository/com/fasterxml/woodstox/woodstox-core/5.0.3/woodstox-core-5.0.3.jar:/home/user/.m2/repository/dnsjava/dnsjava/2.1.7/dnsjava-2.1.7.jar:/home/user/.m2/repository/org/apache/hadoop/hadoop-hdfs/3.2.0/hadoop-hdfs-3.2.0.jar:/home/user/.m2/repository/org/eclipse/jetty/jetty-util-ajax/9.3.25.v20180904/jetty-util-ajax-9.3.25.v20180904.jar:/home/user/.m2/repository/commons-daemon/commons-daemon/1.0.13/commons-daemon-1.0.13.jar:/home/user/.m2/repository/io/netty/netty/3.10.5.Final/netty-3.10.5.Final.jar:/home/user/.m2/repository/io/netty/netty-all/4.0.52.Final/netty-all-4.0.52.Final.jar:/home/user/.m2/repository/org/fusesource/leveldbjni/leveldbjni-all/1.8/leveldbjni-all-1.8.jar:/home/user/.m2/repository/org/apache/hadoop/hadoop-hdds-common/0.5.0-SNAPSHOT/hadoop-hdds-common-0.5.0-SNAPSHOT.jar:/home/user/.m2/repository/org/apache/hadoop/hadoop-hdds-config/0.5.0-SNAPSHOT/hadoop-hdds-config-0.5.0-SNAPSHOT.jar:/home/user/.m2/repository/javax/annotation/javax.annotation-api/1.2/javax.annotation-api-1.2.jar:/home/user/.m2/repository/org/apache/ratis/ratis-server/0.4.0/ratis-server-0.4.0.jar:/home/user/.m2/repository/org/apache/ratis/ratis-thirdparty-misc/0.2.0/ratis-thirdparty-misc-0.2.0.jar:/home/user/.m2/repository/org/apache/ratis/ratis-proto/0.4.0/ratis-proto-0.4.0.jar:/home/user/.m2/repository/org/apache/ratis/ratis-common/0.4.0/ratis-common-0.4.0.jar:/home/user/.m2/repository/org/apache/ratis/ratis-client/0.4.0/ratis-client-0.4.0.jar:/home/user/.m2/repository/org/apache/ratis/ratis-metrics/0.4.0/ratis-metrics-0.4.0.jar:/home/user/.m2/repository/com/github/joshelser/dropwizard-metrics-hadoop-metrics2-reporter/0.1.2/dropwizard-metrics-hadoop-metrics2-reporter-0.1.2.jar:/home/user/.m2/repository/io/dropwizard/metrics/metrics-jvm/3.2.5/metrics-jvm-3.2.5.jar:/home/user/.m2/repository/io/dropwizard/metrics/metrics-ganglia/3.2.5/metrics-ganglia-3.2.5.jar:/home/user/.m2/repository/info/ganglia/gmetric4j/gmetric4j/1.0.7/gmetric4j-1.0.7.jar:/home/user/.m2/repository/org/apache/ratis/ratis-netty/0.4.0/ratis-netty-0.4.0.jar:/home/user/.m2/repository/org/apache/ratis/ratis-grpc/0.4.0/ratis-grpc-0.4.0.jar:/home/user/.m2/repository/org/rocksdb/rocksdbjni/6.0.1/rocksdbjni-6.0.1.jar:/home/user/.m2/repository/org/apache/logging/log4j/log4j-api/2.11.0/log4j-api-2.11.0.jar:/home/user/.m2/repository/org/apache/logging/log4j/log4j-core/2.11.0/log4j-core-2.11.0.jar:/home/user/.m2/repository/com/lmax/disruptor/3.4.2/disruptor-3.4.2.jar:/home/user/.m2/repository/org/apache/commons/commons-pool2/2.6.0/commons-pool2-2.6.0.jar:/home/user/.m2/repository/org/bouncycastle/bcpkix-jdk15on/1.60/bcpkix-jdk15on-1.60.jar:/home/user/.m2/repository/commons-validator/commons-validator/1.6/commons-validator-1.6.jar:/home/user/.m2/repository/commons-digester/commons-digester/1.8.1/commons-digester-1.8.1.jar:/home/user/.m2/repository/io/jaegertracing/jaeger-client/0.34.0/jaeger-client-0.34.0.jar:/home/user/.m2/repository/io/jaegertracing/jaeger-thrift/0.34.0/jaeger-thrift-0.34.0.jar:/home/user/.m2/repository/org/apache/thrift/libthrift/0.12.0/libthrift-0.12.0.jar:/home/user/.m2/repository/com/squareup/okhttp3/okhttp/3.9.0/okhttp-3.9.0.jar:/home/user/.m2/repository/com/squareup/okio/okio/1.13.0/okio-1.13.0.jar:/home/user/.m2/repository/io/jaegertracing/jaeger-core/0.34.0/jaeger-core-0.34.0.jar:/home/user/.m2/repository/io/jaegertracing/jaeger-tracerresolver/0.34.0/jaeger-tracerresolver-0.34.0.jar:/home/user/.m2/repository/io/opentracing/contrib/opentracing-tracerresolver/0.1.5/opentracing-tracerresolver-0.1.5.jar:/home/user/.m2/repository/io/opentracing/opentracing-util/0.31.0/opentracing-util-0.31.0.jar:/home/user/.m2/repository/io/opentracing/opentracing-api/0.31.0/opentracing-api-0.31.0.jar:/home/user/.m2/repository/io/opentracing/opentracing-noop/0.31.0/opentracing-noop-0.31.0.jar:/home/user/.m2/repository/org/yaml/snakeyaml/1.16/snakeyaml-1.16.jar:/home/user/.m2/repository/org/apache/hadoop/hadoop-hdfs-client/3.2.0/hadoop-hdfs-client-3.2.0.jar:/home/user/.m2/repository/info/picocli/picocli/3.9.6/picocli-3.9.6.jar:/home/user/.m2/repository/org/apache/hadoop/hadoop-hdds-server-scm/0.5.0-SNAPSHOT/hadoop-hdds-server-scm-0.5.0-SNAPSHOT.jar:/home/user/.m2/repository/org/apache/hadoop/hadoop-hdds-docs/0.5.0-SNAPSHOT/hadoop-hdds-docs-0.5.0-SNAPSHOT.jar:/home/user/.m2/repository/io/dropwizard/metrics/metrics-core/3.2.4/metrics-core-3.2.4.jar:/home/user/.m2/repository/org/hamcrest/hamcrest-all/1.3/hamcrest-all-1.3.jar:/home/user/.m2/repository/org/bouncycastle/bcprov-jdk15on/1.60/bcprov-jdk15on-1.60.jar:/home/user/.m2/repository/org/apache/hadoop/hadoop-hdds-server-framework/0.5.0-SNAPSHOT/hadoop-hdds-server-framework-0.5.0-SNAPSHOT.jar:/home/user/.m2/repository/org/apache/hadoop/hadoop-ozone-ozone-manager/0.5.0-SNAPSHOT/hadoop-ozone-ozone-manager-0.5.0-SNAPSHOT.jar:/home/user/.m2/repository/org/apache/hadoop/hadoop-hdds-container-service/0.5.0-SNAPSHOT/hadoop-hdds-container-service-0.5.0-SNAPSHOT.jar:/home/user/.m2/repository/org/apache/hadoop/hadoop-hdds-client/0.5.0-SNAPSHOT/hadoop-hdds-client-0.5.0-SNAPSHOT.jar:/home/user/.m2/repository/org/apache/hadoop/hadoop-ozone-common/0.5.0-SNAPSHOT/hadoop-ozone-common-0.5.0-SNAPSHOT.jar:/home/user/.m2/repository/org/apache/hadoop/hadoop-hdds-tools/0.5.0-SNAPSHOT/hadoop-hdds-tools-0.5.0-SNAPSHOT.jar:/home/user/.m2/repository/org/xerial/sqlite-jdbc/3.25.2/sqlite-jdbc-3.25.2.jar:/home/user/.m2/repository/org/apache/httpcomponents/httpclient/4.5.2/httpclient-4.5.2.jar:/home/user/.m2/repository/org/apache/httpcomponents/httpcore/4.4.4/httpcore-4.4.4.jar:/home/user/.m2/repository/com/google/code/findbugs/findbugs/3.0.1/findbugs-3.0.1.jar:/home/user/.m2/repository/net/jcip/jcip-annotations/1.0/jcip-annotations-1.0.jar:/home/user/.m2/repository/com/google/code/findbugs/bcel-findbugs/6.0/bcel-findbugs-6.0.jar:/home/user/.m2/repository/com/google/code/findbugs/jFormatString/2.0.1/jFormatString-2.0.1.jar:/home/user/.m2/repository/dom4j/dom4j/1.6.1/dom4j-1.6.1.jar:/home/user/.m2/repository/xml-apis/xml-apis/1.0.b2/xml-apis-1.0.b2.jar:/home/user/.m2/repository/org/ow2/asm/asm-debug-all/5.0.2/asm-debug-all-5.0.2.jar:/home/user/.m2/repository/org/ow2/asm/asm-commons/5.0.2/asm-commons-5.0.2.jar:/home/user/.m2/repository/org/ow2/asm/asm-tree/5.0.2/asm-tree-5.0.2.jar:/home/user/.m2/repository/org/ow2/asm/asm/5.0.4/asm-5.0.4.jar:/home/user/.m2/repository/commons-lang/commons-lang/2.6/commons-lang-2.6.jar:/home/user/.m2/repository/com/apple/AppleJavaExtensions/1.4/AppleJavaExtensions-1.4.jar:/home/user/.m2/repository/jaxen/jaxen/1.1.6/jaxen-1.1.6.jar:/home/user/.m2/repository/org/apache/hadoop/hadoop-common/3.2.0/hadoop-common-3.2.0-tests.jar:/home/user/.m2/repository/org/apache/hadoop/hadoop-ozone-client/0.5.0-SNAPSHOT/hadoop-ozone-client-0.5.0-SNAPSHOT.jar:/home/user/.m2/repository/org/apache/hadoop/hadoop-hdfs/3.2.0/hadoop-hdfs-3.2.0-tests.jar:/workdir/hadoop-ozone/integration-test/target/test-classes:/home/user/.m2/repository/org/apache/hadoop/hadoop-ozone-s3gateway/0.5.0-SNAPSHOT/hadoop-ozone-s3gateway-0.5.0-SNAPSHOT.jar:/home/user/.m2/repository/org/jboss/weld/servlet/weld-servlet/2.4.7.Final/weld-servlet-2.4.7.Final.jar:/home/user/.m2/repository/org/glassfish/jersey/containers/jersey-container-servlet-core/2.27/jersey-container-servlet-core-2.27.jar:/home/user/.m2/repository/org/glassfish/hk2/external/javax.inject/2.5.0-b42/javax.inject-2.5.0-b42.jar:/home/user/.m2/repository/org/glassfish/jersey/core/jersey-common/2.27/jersey-common-2.27.jar:/home/user/.m2/repository/org/glassfish/hk2/osgi-resource-locator/1.0.1/osgi-resource-locator-1.0.1.jar:/home/user/.m2/repository/javax/ws/rs/javax.ws.rs-api/2.1/javax.ws.rs-api-2.1.jar:/home/user/.m2/repository/org/glassfish/jersey/ext/cdi/jersey-cdi1x/2.27/jersey-cdi1x-2.27.jar:/home/user/.m2/repository/org/glassfish/jersey/inject/jersey-hk2/2.27/jersey-hk2-2.27.jar:/home/user/.m2/repository/org/glassfish/hk2/hk2-locator/2.5.0-b42/hk2-locator-2.5.0-b42.jar:/home/user/.m2/repository/org/javassist/javassist/3.22.0-CR2/javassist-3.22.0-CR2.jar:/home/user/.m2/repository/org/glassfish/hk2/hk2-api/2.5.0/hk2-api-2.5.0.jar:/home/user/.m2/repository/org/glassfish/hk2/external/jakarta.inject/2.5.0/jakarta.inject-2.5.0.jar:/home/user/.m2/repository/org/glassfish/hk2/hk2-utils/2.5.0/hk2-utils-2.5.0.jar:/home/user/.m2/repository/jakarta/annotation/jakarta.annotation-api/1.3.4/jakarta.annotation-api-1.3.4.jar:/home/user/.m2/repository/org/glassfish/hk2/external/aopalliance-repackaged/2.5.0/aopalliance-repackaged-2.5.0.jar:/home/user/.m2/repository/com/fasterxml/jackson/dataformat/jackson-dataformat-xml/2.9.0/jackson-dataformat-xml-2.9.0.jar:/home/user/.m2/repository/com/fasterxml/jackson/module/jackson-module-jaxb-annotations/2.9.9/jackson-module-jaxb-annotations-2.9.9.jar:/home/user/.m2/repository/javax/enterprise/cdi-api/1.2/cdi-api-1.2.jar:/home/user/.m2/repository/javax/el/javax.el-api/3.0.0/javax.el-api-3.0.0.jar:/home/user/.m2/repository/javax/interceptor/javax.interceptor-api/1.2/javax.interceptor-api-1.2.jar:/home/user/.m2/repository/javax/inject/javax.inject/1/javax.inject-1.jar:/home/user/.m2/repository/com/sun/xml/bind/jaxb-core/2.3.0.1/jaxb-core-2.3.0.1.jar:/home/user/.m2/repository/javax/xml/bind/jaxb-api/2.3.0/jaxb-api-2.3.0.jar:/home/user/.m2/repository/javax/activation/activation/1.1.1/activation-1.1.1.jar:/home/user/.m2/repository/org/apache/hadoop/hadoop-ozone-csi/0.5.0-SNAPSHOT/hadoop-ozone-csi-0.5.0-SNAPSHOT.jar:/home/user/.m2/repository/com/google/protobuf/protobuf-java-util/3.5.1/protobuf-java-util-3.5.1.jar:/home/user/.m2/repository/io/grpc/grpc-netty/1.17.1/grpc-netty-1.17.1.jar:/home/user/.m2/repository/io/grpc/grpc-core/1.17.1/grpc-core-1.17.1.jar:/home/user/.m2/repository/io/grpc/grpc-context/1.17.1/grpc-context-1.17.1.jar:/home/user/.m2/repository/com/google/errorprone/error_prone_annotations/2.2.0/error_prone_annotations-2.2.0.jar:/home/user/.m2/repository/org/codehaus/mojo/animal-sniffer-annotations/1.17/animal-sniffer-annotations-1.17.jar:/home/user/.m2/repository/io/opencensus/opencensus-api/0.17.0/opencensus-api-0.17.0.jar:/home/user/.m2/repository/io/opencensus/opencensus-contrib-grpc-metrics/0.17.0/opencensus-contrib-grpc-metrics-0.17.0.jar:/home/user/.m2/repository/io/netty/netty-codec-http2/4.1.30.Final/netty-codec-http2-4.1.30.Final.jar:/home/user/.m2/repository/io/netty/netty-codec-http/4.1.30.Final/netty-codec-http-4.1.30.Final.jar:/home/user/.m2/repository/io/netty/netty-codec/4.1.30.Final/netty-codec-4.1.30.Final.jar:/home/user/.m2/repository/io/netty/netty-handler/4.1.30.Final/netty-handler-4.1.30.Final.jar:/home/user/.m2/repository/io/netty/netty-handler-proxy/4.1.30.Final/netty-handler-proxy-4.1.30.Final.jar:/home/user/.m2/repository/io/netty/netty-codec-socks/4.1.30.Final/netty-codec-socks-4.1.30.Final.jar:/home/user/.m2/repository/io/netty/netty-transport-native-epoll/4.1.30.Final/netty-transport-native-epoll-4.1.30.Final.jar:/home/user/.m2/repository/io/netty/netty-common/4.1.30.Final/netty-common-4.1.30.Final.jar:/home/user/.m2/repository/io/netty/netty-buffer/4.1.30.Final/netty-buffer-4.1.30.Final.jar:/home/user/.m2/repository/io/netty/netty-transport/4.1.30.Final/netty-transport-4.1.30.Final.jar:/home/user/.m2/repository/io/netty/netty-resolver/4.1.30.Final/netty-resolver-4.1.30.Final.jar:/home/user/.m2/repository/io/netty/netty-transport-native-unix-common/4.1.30.Final/netty-transport-native-unix-common-4.1.30.Final.jar:/home/user/.m2/repository/io/grpc/grpc-protobuf/1.17.1/grpc-protobuf-1.17.1.jar:/home/user/.m2/repository/com/google/api/grpc/proto-google-common-protos/1.0.0/proto-google-common-protos-1.0.0.jar:/home/user/.m2/repository/io/grpc/grpc-protobuf-lite/1.17.1/grpc-protobuf-lite-1.17.1.jar:/home/user/.m2/repository/io/grpc/grpc-stub/1.17.1/grpc-stub-1.17.1.jar:/home/user/.m2/repository/org/apache/hadoop/hadoop-ozone-recon/0.5.0-SNAPSHOT/hadoop-ozone-recon-0.5.0-SNAPSHOT.jar:/home/user/.m2/repository/org/apache/hadoop/hadoop-ozone-reconcodegen/0.5.0-SNAPSHOT/hadoop-ozone-reconcodegen-0.5.0-SNAPSHOT.jar:/home/user/.m2/repository/com/google/inject/extensions/guice-multibindings/4.0/guice-multibindings-4.0.jar:/home/user/.m2/repository/com/google/inject/guice/4.0/guice-4.0.jar:/home/user/.m2/repository/aopalliance/aopalliance/1.0/aopalliance-1.0.jar:/home/user/.m2/repository/org/glassfish/jersey/containers/jersey-container-servlet/2.27/jersey-container-servlet-2.27.jar:/home/user/.m2/repository/org/glassfish/hk2/guice-bridge/2.5.0/guice-bridge-2.5.0.jar:/home/user/.m2/repository/org/glassfish/jersey/core/jersey-server/2.27/jersey-server-2.27.jar:/home/user/.m2/repository/org/glassfish/jersey/core/jersey-client/2.27/jersey-client-2.27.jar:/home/user/.m2/repository/org/glassfish/jersey/media/jersey-media-jaxb/2.27/jersey-media-jaxb-2.27.jar:/home/user/.m2/repository/javax/validation/validation-api/1.1.0.Final/validation-api-1.1.0.Final.jar:/home/user/.m2/repository/org/glassfish/jersey/media/jersey-media-json-jackson/2.27/jersey-media-json-jackson-2.27.jar:/home/user/.m2/repository/org/glassfish/jersey/ext/jersey-entity-filtering/2.27/jersey-entity-filtering-2.27.jar:/home/user/.m2/repository/com/google/inject/extensions/guice-assistedinject/4.0/guice-assistedinject-4.0.jar:/home/user/.m2/repository/org/jooq/jooq/3.11.10/jooq-3.11.10.jar:/home/user/.m2/repository/org/jooq/jooq-meta/3.11.10/jooq-meta-3.11.10.jar:/home/user/.m2/repository/org/jooq/jooq-codegen/3.11.10/jooq-codegen-3.11.10.jar:/home/user/.m2/repository/com/jolbox/bonecp/0.8.0.RELEASE/bonecp-0.8.0.RELEASE.jar:/home/user/.m2/repository/org/springframework/spring-jdbc/5.1.3.RELEASE/spring-jdbc-5.1.3.RELEASE.jar:/home/user/.m2/repository/org/springframework/spring-beans/5.1.3.RELEASE/spring-beans-5.1.3.RELEASE.jar:/home/user/.m2/repository/org/springframework/spring-core/5.1.3.RELEASE/spring-core-5.1.3.RELEASE.jar:/home/user/.m2/repository/org/springframework/spring-jcl/5.1.3.RELEASE/spring-jcl-5.1.3.RELEASE.jar:/home/user/.m2/repository/org/springframework/spring-tx/5.1.3.RELEASE/spring-tx-5.1.3.RELEASE.jar:/home/user/.m2/repository/org/mockito/mockito-all/1.10.19/mockito-all-1.10.19.jar:/home/user/.m2/repository/junit/junit/4.11/junit-4.11.jar:/home/user/.m2/repository/org/hamcrest/hamcrest-core/1.3/hamcrest-core-1.3.jar:/home/user/.m2/repository/org/apache/hadoop/hadoop-distcp/3.2.0/hadoop-distcp-3.2.0.jar:/home/user/.m2/repository/org/apache/hadoop/hadoop-distcp/3.2.0/hadoop-distcp-3.2.0-tests.jar:/home/user/.m2/repository/org/apache/hadoop/hadoop-mapreduce-client-jobclient/3.2.0/hadoop-mapreduce-client-jobclient-3.2.0.jar:/home/user/.m2/repository/org/apache/hadoop/hadoop-mapreduce-client-common/3.2.0/hadoop-mapreduce-client-common-3.2.0.jar:/home/user/.m2/repository/org/apache/hadoop/hadoop-yarn-common/3.2.0/hadoop-yarn-common-3.2.0.jar:/home/user/.m2/repository/org/apache/hadoop/hadoop-yarn-api/3.2.0/hadoop-yarn-api-3.2.0.jar:/home/user/.m2/repository/com/sun/jersey/jersey-client/1.19/jersey-client-1.19.jar:/home/user/.m2/repository/com/sun/jersey/contribs/jersey-guice/1.19/jersey-guice-1.19.jar:/home/user/.m2/repository/com/fasterxml/jackson/jaxrs/jackson-jaxrs-json-provider/2.9.9/jackson-jaxrs-json-provider-2.9.9.jar:/home/user/.m2/repository/com/fasterxml/jackson/jaxrs/jackson-jaxrs-base/2.9.9/jackson-jaxrs-base-2.9.9.jar:/home/user/.m2/repository/org/apache/hadoop/hadoop-yarn-client/3.2.0/hadoop-yarn-client-3.2.0.jar:/home/user/.m2/repository/org/apache/hadoop/hadoop-mapreduce-client-core/3.2.0/hadoop-mapreduce-client-core-3.2.0.jar:/home/user/.m2/repository/com/google/inject/extensions/guice-servlet/4.0/guice-servlet-4.0.jar:/home/user/.m2/repository/org/powermock/powermock-module-junit4/1.6.5/powermock-module-junit4-1.6.5.jar:/home/user/.m2/repository/org/powermock/powermock-module-junit4-common/1.6.5/powermock-module-junit4-common-1.6.5.jar:/home/user/.m2/repository/org/powermock/powermock-core/1.6.5/powermock-core-1.6.5.jar:/home/user/.m2/repository/org/powermock/powermock-reflect/1.6.5/powermock-reflect-1.6.5.jar:/home/user/.m2/repository/org/powermock/powermock-api-mockito/1.6.5/powermock-api-mockito-1.6.5.jar:/home/user/.m2/repository/org/mockito/mockito-core/1.10.19/mockito-core-1.10.19.jar:/home/user/.m2/repository/org/objenesis/objenesis/1.0/objenesis-1.0.jar:/home/user/.m2/repository/org/powermock/powermock-api-mockito-common/1.6.5/powermock-api-mockito-common-1.6.5.jar:/home/user/.m2/repository/org/powermock/powermock-api-support/1.6.5/powermock-api-support-1.6.5.jar:"/>
    <property name="sun.cpu.endian" value="little"/>
    <property name="user.home" value="/home/user"/>
    <property name="user.language" value="en"/>
    <property name="java.specification.vendor" value="Oracle Corporation"/>
    <property name="java.home" value="/usr/lib/jvm/java-1.8-openjdk/jre"/>
    <property name="java.security.krb5.conf" value="/workdir/hadoop-ozone/ozonefs/target/test-classes/krb5.conf"/>
    <property name="basedir" value="/workdir/hadoop-ozone/ozonefs"/>
    <property name="file.separator" value="/"/>
    <property name="line.separator" value="&#10;"/>
    <property name="java.vm.specification.vendor" value="Oracle Corporation"/>
    <property name="java.specification.name" value="Java Platform API Specification"/>
    <property name="java.awt.graphicsenv" value="sun.awt.X11GraphicsEnvironment"/>
    <property name="surefire.real.class.path" value="/workdir/hadoop-ozone/ozonefs/target/surefire/surefirebooter1036672441922063289.jar"/>
    <property name="hadoop.log.dir" value="/workdir/hadoop-ozone/ozonefs/target/log"/>
    <property name="sun.boot.class.path" value="/usr/lib/jvm/java-1.8-openjdk/jre/lib/resources.jar:/usr/lib/jvm/java-1.8-openjdk/jre/lib/rt.jar:/usr/lib/jvm/java-1.8-openjdk/jre/lib/sunrsasign.jar:/usr/lib/jvm/java-1.8-openjdk/jre/lib/jsse.jar:/usr/lib/jvm/java-1.8-openjdk/jre/lib/jce.jar:/usr/lib/jvm/java-1.8-openjdk/jre/lib/charsets.jar:/usr/lib/jvm/java-1.8-openjdk/jre/lib/jfr.jar:/usr/lib/jvm/java-1.8-openjdk/jre/classes"/>
    <property name="sun.management.compiler" value="HotSpot 64-Bit Tiered Compilers"/>
    <property name="java.runtime.version" value="1.8.0_212-b04"/>
    <property name="java.net.preferIPv4Stack" value="true"/>
    <property name="user.name" value="jenkins1000"/>
    <property name="path.separator" value=":"/>
    <property name="java.security.egd" value="file:///dev/urandom"/>
    <property name="os.version" value="3.10.0-957.12.2.el7.x86_64"/>
    <property name="java.endorsed.dirs" value="/usr/lib/jvm/java-1.8-openjdk/jre/lib/endorsed"/>
    <property name="java.runtime.name" value="OpenJDK Runtime Environment"/>
    <property name="file.encoding" value="UTF-8"/>
    <property name="java.vm.name" value="OpenJDK 64-Bit Server VM"/>
    <property name="test.build.webapps" value=""/>
    <property name="localRepository" value="/home/user/.m2/repository"/>
    <property name="java.vendor.url.bug" value="https://icedtea.classpath.org/bugzilla"/>
    <property name="java.io.tmpdir" value="/tmp"/>
    <property name="require.test.libhadoop" value=""/>
    <property name="java.version" value="1.8.0_212"/>
    <property name="user.dir" value="/workdir/hadoop-ozone/ozonefs"/>
    <property name="os.arch" value="amd64"/>
    <property name="java.vm.specification.name" value="Java Virtual Machine Specification"/>
    <property name="test.build.classes" value="/workdir/hadoop-ozone/ozonefs/target/test-classes"/>
    <property name="java.awt.printerjob" value="sun.print.PSPrinterJob"/>
    <property name="sun.os.patch.level" value="unknown"/>
    <property name="hadoop.tmp.dir" value="/workdir/hadoop-ozone/ozonefs/target/tmp"/>
    <property name="java.library.path" value="/usr/lib/jvm/java-1.8-openjdk/jre/lib/amd64/server:/usr/lib/jvm/java-1.8-openjdk/jre/lib/amd64:/usr/lib/jvm/java-1.8-openjdk/jre/../lib/amd64:/workdir/hadoop-ozone/ozonefs/target/native/target/usr/local/lib:/workdir/hadoop-ozone/ozonefs/../../hadoop-common-project/hadoop-common/target/native/target/usr/local/lib:/usr/java/packages/lib/amd64:/usr/lib64:/lib64:/lib:/usr/lib"/>
    <property name="java.vm.info" value="mixed mode"/>
    <property name="java.vendor" value="IcedTea"/>
    <property name="java.vm.version" value="25.212-b04"/>
    <property name="java.ext.dirs" value="/usr/lib/jvm/java-1.8-openjdk/jre/lib/ext:/usr/java/packages/lib/ext"/>
    <property name="sun.io.unicode.encoding" value="UnicodeLittle"/>
    <property name="java.class.version" value="52.0"/>
  </properties>
  <testcase name="testOverwriteNonEmptyDirectory" classname="org.apache.hadoop.fs.ozone.contract.ITestOzoneContractCreate" time="11.438">
    <error message="Allocated 0 blocks. Requested 1 blocks" type="INTERNAL_ERROR org.apache.hadoop.ozone.om.exceptions.OMException">INTERNAL_ERROR org.apache.hadoop.ozone.om.exceptions.OMException: Allocated 0 blocks. Requested 1 blocks
	at org.apache.hadoop.ozone.om.protocolPB.OzoneManagerProtocolClientSideTranslatorPB.handleError(OzoneManagerProtocolClientSideTranslatorPB.java:732)
	at org.apache.hadoop.ozone.om.protocolPB.OzoneManagerProtocolClientSideTranslatorPB.createFile(OzoneManagerProtocolClientSideTranslatorPB.java:1536)
	at sun.reflect.NativeMethodAccessorImpl.invoke0(Native Method)
	at sun.reflect.NativeMethodAccessorImpl.invoke(NativeMethodAccessorImpl.java:62)
	at sun.reflect.DelegatingMethodAccessorImpl.invoke(DelegatingMethodAccessorImpl.java:43)
	at java.lang.reflect.Method.invoke(Method.java:498)
	at org.apache.hadoop.hdds.tracing.TraceAllMethod.invoke(TraceAllMethod.java:66)
	at com.sun.proxy.$Proxy41.createFile(Unknown Source)
	at org.apache.hadoop.ozone.client.rpc.RpcClient.createFile(RpcClient.java:1006)
	at org.apache.hadoop.ozone.client.OzoneBucket.createFile(OzoneBucket.java:537)
	at org.apache.hadoop.fs.ozone.BasicOzoneClientAdapterImpl.createFile(BasicOzoneClientAdapterImpl.java:205)
	at org.apache.hadoop.fs.ozone.BasicOzoneFileSystem.createOutputStream(BasicOzoneFileSystem.java:250)
	at org.apache.hadoop.fs.ozone.BasicOzoneFileSystem.create(BasicOzoneFileSystem.java:231)
	at org.apache.hadoop.fs.FileSystem.create(FileSystem.java:1118)
	at org.apache.hadoop.fs.FileSystem.create(FileSystem.java:1098)
	at org.apache.hadoop.fs.FileSystem.create(FileSystem.java:987)
	at org.apache.hadoop.fs.contract.ContractTestUtils.createFile(ContractTestUtils.java:633)
	at org.apache.hadoop.fs.contract.ContractTestUtils.writeTextFile(ContractTestUtils.java:617)
	at org.apache.hadoop.fs.contract.AbstractContractCreateTest.testOverwriteNonEmptyDirectory(AbstractContractCreateTest.java:175)
	at org.apache.hadoop.fs.contract.AbstractContractCreateTest.testOverwriteNonEmptyDirectory(AbstractContractCreateTest.java:207)
	at sun.reflect.NativeMethodAccessorImpl.invoke0(Native Method)
	at sun.reflect.NativeMethodAccessorImpl.invoke(NativeMethodAccessorImpl.java:62)
	at sun.reflect.DelegatingMethodAccessorImpl.invoke(DelegatingMethodAccessorImpl.java:43)
	at java.lang.reflect.Method.invoke(Method.java:498)
	at org.junit.runners.model.FrameworkMethod$1.runReflectiveCall(FrameworkMethod.java:47)
	at org.junit.internal.runners.model.ReflectiveCallable.run(ReflectiveCallable.java:12)
	at org.junit.runners.model.FrameworkMethod.invokeExplosively(FrameworkMethod.java:44)
	at org.junit.internal.runners.statements.InvokeMethod.evaluate(InvokeMethod.java:17)
	at org.junit.internal.runners.statements.RunBefores.evaluate(RunBefores.java:26)
	at org.junit.internal.runners.statements.RunAfters.evaluate(RunAfters.java:27)
	at org.junit.rules.TestWatcher$1.evaluate(TestWatcher.java:55)
	at org.junit.internal.runners.statements.FailOnTimeout$StatementThread.run(FailOnTimeout.java:74)
</error>
    <system-out><![CDATA[2019-09-25 08:21:51,446 [JUnit] WARN  server.ServerUtils (ServerUtils.java:getScmDbDir(145)) - ozone.scm.db.dirs is not configured. We recommend adding this setting. Falling back to ozone.metadata.dirs instead.
2019-09-25 08:21:56,719 [JUnit] WARN  server.ServerUtils (ServerUtils.java:getScmDbDir(145)) - ozone.scm.db.dirs is not configured. We recommend adding this setting. Falling back to ozone.metadata.dirs instead.
2019-09-25 08:21:56,723 [JUnit] WARN  server.ServerUtils (ServerUtils.java:getScmDbDir(145)) - ozone.scm.db.dirs is not configured. We recommend adding this setting. Falling back to ozone.metadata.dirs instead.
2019-09-25 08:21:56,743 [JUnit] INFO  util.log (Log.java:initialized(192)) - Logging initialized @6007ms
2019-09-25 08:21:56,847 [JUnit] INFO  db.DBStoreBuilder (DBStoreBuilder.java:addTable(110)) - using custom profile for table: deletedBlocks
2019-09-25 08:21:56,847 [JUnit] INFO  db.DBStoreBuilder (DBStoreBuilder.java:processTables(161)) - Using default column profile:DBProfile.DISK for Table:deletedBlocks
2019-09-25 08:21:56,848 [JUnit] INFO  db.DBStoreBuilder (DBStoreBuilder.java:addTable(110)) - using custom profile for table: validCerts
2019-09-25 08:21:56,848 [JUnit] INFO  db.DBStoreBuilder (DBStoreBuilder.java:processTables(161)) - Using default column profile:DBProfile.DISK for Table:validCerts
2019-09-25 08:21:56,848 [JUnit] INFO  db.DBStoreBuilder (DBStoreBuilder.java:addTable(110)) - using custom profile for table: revokedCerts
2019-09-25 08:21:56,849 [JUnit] INFO  db.DBStoreBuilder (DBStoreBuilder.java:processTables(161)) - Using default column profile:DBProfile.DISK for Table:revokedCerts
2019-09-25 08:21:56,861 [JUnit] INFO  db.DBStoreBuilder (DBStoreBuilder.java:addTable(110)) - using custom profile for table: default
2019-09-25 08:21:56,861 [JUnit] INFO  db.DBStoreBuilder (DBStoreBuilder.java:processTables(167)) - Using default column profile:DBProfile.DISK for Table:default
2019-09-25 08:21:56,862 [JUnit] INFO  db.DBStoreBuilder (DBStoreBuilder.java:getDbProfile(198)) - Using default options. DBProfile.DISK
2019-09-25 08:22:23,423 [JUnit] INFO  net.NodeSchemaLoader (NodeSchemaLoader.java:loadSchemaFromFile(125)) - Loading file from sun.misc.CompoundEnumeration@38425407
2019-09-25 08:22:23,425 [JUnit] INFO  net.NodeSchemaLoader (NodeSchemaLoader.java:loadSchema(171)) - Loading network topology layer schema file
2019-09-25 08:22:23,502 [JUnit] WARN  server.ServerUtils (ServerUtils.java:sanitizeUserArgs(70)) - ozone.scm.stale.node.interval value = 300000 is larger than max = 100000 based on the key value of ozone.scm.heartbeat.thread.interval, reset to the max value 100000.
2019-09-25 08:22:23,504 [JUnit] WARN  server.ServerUtils (ServerUtils.java:sanitizeUserArgs(70)) - ozone.scm.stale.node.interval value = 300000 is larger than max = 100000 based on the key value of ozone.scm.heartbeat.thread.interval, reset to the max value 100000.
2019-09-25 08:22:23,506 [JUnit] INFO  node.SCMNodeManager (SCMNodeManager.java:<init>(114)) - Entering startup safe mode.
2019-09-25 08:22:23,645 [JUnit] INFO  algorithms.ContainerPlacementPolicyFactory (ContainerPlacementPolicyFactory.java:getPolicy(57)) - Create container placement policy of type org.apache.hadoop.hdds.scm.container.placement.algorithms.SCMContainerPlacementRandom
2019-09-25 08:22:23,662 [JUnit] WARN  server.ServerUtils (ServerUtils.java:getScmDbDir(145)) - ozone.scm.db.dirs is not configured. We recommend adding this setting. Falling back to ozone.metadata.dirs instead.
2019-09-25 08:22:29,123 [JUnit] INFO  pipeline.SCMPipelineManager (SCMPipelineManager.java:initializePipelineState(132)) - No pipeline exists in current db
2019-09-25 08:22:29,126 [JUnit] WARN  server.ServerUtils (ServerUtils.java:getScmDbDir(145)) - ozone.scm.db.dirs is not configured. We recommend adding this setting. Falling back to ozone.metadata.dirs instead.
2019-09-25 08:22:29,317 [JUnit] WARN  events.EventQueue (EventQueue.java:fireEvent(183)) - No event handler registered for event TypedEvent{payloadType=SafeModeStatus, name='SafeModeStatus'}
2019-09-25 08:22:29,819 [JUnit] INFO  ipc.CallQueueManager (CallQueueManager.java:<init>(84)) - Using callQueue: class java.util.concurrent.LinkedBlockingQueue, queueCapacity: 2000, scheduler: class org.apache.hadoop.ipc.DefaultRpcScheduler, ipcBackoff: false.
2019-09-25 08:22:29,998 [Socket Reader #1 for port 42209] INFO  ipc.Server (Server.java:run(1074)) - Starting Socket Reader #1 for port 42209
2019-09-25 08:22:30,032 [JUnit] INFO  ipc.CallQueueManager (CallQueueManager.java:<init>(84)) - Using callQueue: class java.util.concurrent.LinkedBlockingQueue, queueCapacity: 2000, scheduler: class org.apache.hadoop.ipc.DefaultRpcScheduler, ipcBackoff: false.
2019-09-25 08:22:30,033 [Socket Reader #1 for port 42724] INFO  ipc.Server (Server.java:run(1074)) - Starting Socket Reader #1 for port 42724
2019-09-25 08:22:30,043 [JUnit] INFO  ipc.CallQueueManager (CallQueueManager.java:<init>(84)) - Using callQueue: class java.util.concurrent.LinkedBlockingQueue, queueCapacity: 2000, scheduler: class org.apache.hadoop.ipc.DefaultRpcScheduler, ipcBackoff: false.
2019-09-25 08:22:30,044 [Socket Reader #1 for port 40599] INFO  ipc.Server (Server.java:run(1074)) - Starting Socket Reader #1 for port 40599
2019-09-25 08:22:30,069 [JUnit] INFO  hdfs.DFSUtil (DFSUtil.java:httpServerTemplateForNNAndJN(1641)) - Starting Web-server for scm at: http://0.0.0.0:0
2019-09-25 08:22:30,231 [JUnit] INFO  server.AuthenticationFilter (AuthenticationFilter.java:constructSecretProvider(240)) - Unable to initialize FileSignerSecretProvider, falling back to use random secrets.
2019-09-25 08:22:30,249 [JUnit] WARN  http.HttpRequestLog (HttpRequestLog.java:getRequestLog(97)) - Jetty request log can only be enabled using Log4j
2019-09-25 08:22:30,259 [JUnit] INFO  http.HttpServer2 (HttpServer2.java:addGlobalFilter(975)) - Added global filter 'safety' (class=org.apache.hadoop.http.HttpServer2$QuotingInputFilter)
2019-09-25 08:22:30,262 [JUnit] INFO  http.HttpServer2 (HttpServer2.java:addFilter(948)) - Added filter static_user_filter (class=org.apache.hadoop.http.lib.StaticUserWebFilter$StaticUserFilter) to context scm
2019-09-25 08:22:30,262 [JUnit] INFO  http.HttpServer2 (HttpServer2.java:addFilter(958)) - Added filter static_user_filter (class=org.apache.hadoop.http.lib.StaticUserWebFilter$StaticUserFilter) to context logs
2019-09-25 08:22:30,263 [JUnit] INFO  http.HttpServer2 (HttpServer2.java:addFilter(958)) - Added filter static_user_filter (class=org.apache.hadoop.http.lib.StaticUserWebFilter$StaticUserFilter) to context static
2019-09-25 08:22:30,293 [JUnit] INFO  server.StorageContainerManager (StorageContainerManager.java:start(770)) - StorageContainerLocationProtocol RPC server is listening at /0.0.0.0:40599
2019-09-25 08:22:30,361 [JUnit] WARN  impl.MetricsConfig (MetricsConfig.java:loadFirst(134)) - Cannot locate configuration: tried hadoop-metrics2-storagecontainermanager.properties,hadoop-metrics2.properties
2019-09-25 08:22:30,378 [JUnit] INFO  impl.MetricsSystemImpl (MetricsSystemImpl.java:startTimer(374)) - Scheduled Metric snapshot period at 10 second(s).
2019-09-25 08:22:30,378 [JUnit] INFO  impl.MetricsSystemImpl (MetricsSystemImpl.java:start(191)) - StorageContainerManager metrics system started
2019-09-25 08:22:30,631 [JUnit] INFO  server.SCMClientProtocolServer (SCMClientProtocolServer.java:start(151)) - RPC server for Client  is listening at /0.0.0.0:40599
2019-09-25 08:22:30,631 [IPC Server Responder] INFO  ipc.Server (Server.java:run(1314)) - IPC Server Responder: starting
2019-09-25 08:22:30,631 [IPC Server listener on 40599] INFO  ipc.Server (Server.java:run(1153)) - IPC Server listener on 40599: starting
2019-09-25 08:22:30,636 [JUnit] INFO  server.StorageContainerManager (StorageContainerManager.java:start(780)) - ScmBlockLocationProtocol RPC server is listening at /0.0.0.0:42724
2019-09-25 08:22:30,639 [JUnit] INFO  server.SCMBlockProtocolServer (SCMBlockProtocolServer.java:start(146)) - RPC server for Block Protocol is listening at /0.0.0.0:42724
2019-09-25 08:22:30,640 [IPC Server Responder] INFO  ipc.Server (Server.java:run(1314)) - IPC Server Responder: starting
2019-09-25 08:22:30,640 [IPC Server listener on 42724] INFO  ipc.Server (Server.java:run(1153)) - IPC Server listener on 42724: starting
2019-09-25 08:22:30,644 [JUnit] INFO  server.StorageContainerManager (StorageContainerManager.java:start(784)) - ScmDatanodeProtocl RPC server is listening at /0.0.0.0:42209
2019-09-25 08:22:30,644 [JUnit] INFO  server.SCMDatanodeProtocolServer (SCMDatanodeProtocolServer.java:start(191)) - RPC server for DataNodes is listening at /0.0.0.0:42209
2019-09-25 08:22:30,645 [IPC Server Responder] INFO  ipc.Server (Server.java:run(1314)) - IPC Server Responder: starting
2019-09-25 08:22:30,645 [IPC Server listener on 42209] INFO  ipc.Server (Server.java:run(1153)) - IPC Server listener on 42209: starting
2019-09-25 08:22:30,652 [JUnit] INFO  http.HttpServer2 (HttpServer2.java:bindListener(1191)) - Jetty bound to port 43080
2019-09-25 08:22:30,655 [JUnit] INFO  server.Server (Server.java:doStart(351)) - jetty-9.3.25.v20180904, build timestamp: 2018-09-04T21:11:46Z, git hash: 3ce520221d0240229c862b122d2b06c12a625732
2019-09-25 08:22:30,711 [JUnit] INFO  handler.ContextHandler (ContextHandler.java:doStart(781)) - Started o.e.j.s.ServletContextHandler@2374d36a{/logs,file:///workdir/hadoop-ozone/ozonefs/target/log,AVAILABLE}
2019-09-25 08:22:30,712 [JUnit] INFO  handler.ContextHandler (ContextHandler.java:doStart(781)) - Started o.e.j.s.ServletContextHandler@424fd310{/static,jar:file:/home/user/.m2/repository/org/apache/hadoop/hadoop-hdds-server-scm/0.5.0-SNAPSHOT/hadoop-hdds-server-scm-0.5.0-SNAPSHOT.jar!/webapps/static,AVAILABLE}
2019-09-25 08:22:30,802 [JUnit] INFO  handler.ContextHandler (ContextHandler.java:doStart(781)) - Started o.e.j.w.WebAppContext@35038141{/,file:///tmp/jetty-0.0.0.0-43080-scm-_-any-3808965047777297389.dir/webapp/,AVAILABLE}{/scm}
2019-09-25 08:22:30,808 [JUnit] INFO  server.AbstractConnector (AbstractConnector.java:doStart(278)) - Started ServerConnector@5bd73d1a{HTTP/1.1,[http/1.1]}{0.0.0.0:43080}
2019-09-25 08:22:30,808 [JUnit] INFO  server.Server (Server.java:doStart(419)) - Started @40073ms
2019-09-25 08:22:30,810 [JUnit] INFO  impl.MetricsSinkAdapter (MetricsSinkAdapter.java:start(204)) - Sink prometheus started
2019-09-25 08:22:30,811 [JUnit] INFO  impl.MetricsSystemImpl (MetricsSystemImpl.java:registerSink(301)) - Registered sink prometheus
2019-09-25 08:22:30,814 [JUnit] INFO  server.BaseHttpServer (BaseHttpServer.java:updateConnectorAddress(215)) - HTTP server of SCM is listening at http://0.0.0.0:43080
2019-09-25 08:22:30,823 [org.apache.hadoop.util.JvmPauseMonitor$Monitor@5af9926a] INFO  util.JvmPauseMonitor (JvmPauseMonitor.java:run(188)) - Starting JVM pause monitor
2019-09-25 08:22:30,827 [JUnit] WARN  server.ServerUtils (ServerUtils.java:getDBPath(222)) - ozone.om.db.dirs is not configured. We recommend adding this setting. Falling back to ozone.metadata.dirs instead.
2019-09-25 08:22:31,109 [JUnit] WARN  server.ServerUtils (ServerUtils.java:getDBPath(222)) - ozone.om.db.dirs is not configured. We recommend adding this setting. Falling back to ozone.metadata.dirs instead.
2019-09-25 08:22:31,110 [JUnit] WARN  server.ServerUtils (ServerUtils.java:getDBPath(222)) - ozone.om.db.dirs is not configured. We recommend adding this setting. Falling back to ozone.metadata.dirs instead.
2019-09-25 08:22:31,111 [JUnit] INFO  om.OzoneManager (OzoneManager.java:setOMNodeDetails(652)) - OM Service ID is not set. Setting it to the default ID: omServiceIdDefault
2019-09-25 08:22:31,111 [JUnit] INFO  om.OzoneManager (OzoneManager.java:setOMNodeDetails(658)) - OM Node ID is not set. Setting it to the OmStorage's OmID: 8f8c7f24-c7c9-4ce1-bced-93788c267f17
2019-09-25 08:22:31,113 [JUnit] INFO  om.OzoneManager (OzoneManager.java:loadOMHAConfigs(609)) - Found matching OM address with OMServiceId: null, OMNodeId: null, RPC Address: localhost:0 and Ratis port: 9872
2019-09-25 08:22:31,881 [JUnit] WARN  server.ServerUtils (ServerUtils.java:getDBPath(222)) - ozone.om.db.dirs is not configured. We recommend adding this setting. Falling back to ozone.metadata.dirs instead.
2019-09-25 08:22:31,892 [JUnit] INFO  db.DBStoreBuilder (DBStoreBuilder.java:addTable(110)) - using custom profile for table: userTable
2019-09-25 08:22:31,892 [JUnit] INFO  db.DBStoreBuilder (DBStoreBuilder.java:processTables(161)) - Using default column profile:DBProfile.DISK for Table:userTable
2019-09-25 08:22:31,893 [JUnit] INFO  db.DBStoreBuilder (DBStoreBuilder.java:addTable(110)) - using custom profile for table: volumeTable
2019-09-25 08:22:31,893 [JUnit] INFO  db.DBStoreBuilder (DBStoreBuilder.java:processTables(161)) - Using default column profile:DBProfile.DISK for Table:volumeTable
2019-09-25 08:22:31,893 [JUnit] INFO  db.DBStoreBuilder (DBStoreBuilder.java:addTable(110)) - using custom profile for table: bucketTable
2019-09-25 08:22:31,893 [JUnit] INFO  db.DBStoreBuilder (DBStoreBuilder.java:processTables(161)) - Using default column profile:DBProfile.DISK for Table:bucketTable
2019-09-25 08:22:31,894 [JUnit] INFO  db.DBStoreBuilder (DBStoreBuilder.java:addTable(110)) - using custom profile for table: keyTable
2019-09-25 08:22:31,894 [JUnit] INFO  db.DBStoreBuilder (DBStoreBuilder.java:processTables(161)) - Using default column profile:DBProfile.DISK for Table:keyTable
2019-09-25 08:22:31,894 [JUnit] INFO  db.DBStoreBuilder (DBStoreBuilder.java:addTable(110)) - using custom profile for table: deletedTable
2019-09-25 08:22:31,894 [JUnit] INFO  db.DBStoreBuilder (DBStoreBuilder.java:processTables(161)) - Using default column profile:DBProfile.DISK for Table:deletedTable
2019-09-25 08:22:31,895 [JUnit] INFO  db.DBStoreBuilder (DBStoreBuilder.java:addTable(110)) - using custom profile for table: openKeyTable
2019-09-25 08:22:31,895 [JUnit] INFO  db.DBStoreBuilder (DBStoreBuilder.java:processTables(161)) - Using default column profile:DBProfile.DISK for Table:openKeyTable
2019-09-25 08:22:31,895 [JUnit] INFO  db.DBStoreBuilder (DBStoreBuilder.java:addTable(110)) - using custom profile for table: s3Table
2019-09-25 08:22:31,895 [JUnit] INFO  db.DBStoreBuilder (DBStoreBuilder.java:processTables(161)) - Using default column profile:DBProfile.DISK for Table:s3Table
2019-09-25 08:22:31,896 [JUnit] INFO  db.DBStoreBuilder (DBStoreBuilder.java:addTable(110)) - using custom profile for table: multipartInfoTable
2019-09-25 08:22:31,896 [JUnit] INFO  db.DBStoreBuilder (DBStoreBuilder.java:processTables(161)) - Using default column profile:DBProfile.DISK for Table:multipartInfoTable
2019-09-25 08:22:31,896 [JUnit] INFO  db.DBStoreBuilder (DBStoreBuilder.java:addTable(110)) - using custom profile for table: dTokenTable
2019-09-25 08:22:31,896 [JUnit] INFO  db.DBStoreBuilder (DBStoreBuilder.java:processTables(161)) - Using default column profile:DBProfile.DISK for Table:dTokenTable
2019-09-25 08:22:31,897 [JUnit] INFO  db.DBStoreBuilder (DBStoreBuilder.java:addTable(110)) - using custom profile for table: s3SecretTable
2019-09-25 08:22:31,897 [JUnit] INFO  db.DBStoreBuilder (DBStoreBuilder.java:processTables(161)) - Using default column profile:DBProfile.DISK for Table:s3SecretTable
2019-09-25 08:22:31,897 [JUnit] INFO  db.DBStoreBuilder (DBStoreBuilder.java:addTable(110)) - using custom profile for table: prefixTable
2019-09-25 08:22:31,897 [JUnit] INFO  db.DBStoreBuilder (DBStoreBuilder.java:processTables(161)) - Using default column profile:DBProfile.DISK for Table:prefixTable
2019-09-25 08:22:31,897 [JUnit] INFO  db.DBStoreBuilder (DBStoreBuilder.java:addTable(110)) - using custom profile for table: default
2019-09-25 08:22:31,898 [JUnit] INFO  db.DBStoreBuilder (DBStoreBuilder.java:processTables(167)) - Using default column profile:DBProfile.DISK for Table:default
2019-09-25 08:22:31,898 [JUnit] INFO  db.DBStoreBuilder (DBStoreBuilder.java:getDbProfile(198)) - Using default options. DBProfile.DISK
2019-09-25 08:22:50,966 [JUnit] INFO  ipc.CallQueueManager (CallQueueManager.java:<init>(84)) - Using callQueue: class java.util.concurrent.LinkedBlockingQueue, queueCapacity: 2000, scheduler: class org.apache.hadoop.ipc.DefaultRpcScheduler, ipcBackoff: false.
2019-09-25 08:22:50,967 [Socket Reader #1 for port 45879] INFO  ipc.Server (Server.java:run(1074)) - Starting Socket Reader #1 for port 45879
2019-09-25 08:22:51,002 [JUnit] INFO  om.OzoneManager (OzoneManager.java:start(1243)) - OzoneManager RPC server is listening at localhost/127.0.0.1:45879
2019-09-25 08:22:51,003 [JUnit] INFO  impl.MetricsSystemImpl (MetricsSystemImpl.java:init(158)) - OzoneManager metrics system started (again)
2019-09-25 08:22:51,004 [IPC Server Responder] INFO  ipc.Server (Server.java:run(1314)) - IPC Server Responder: starting
2019-09-25 08:22:51,005 [IPC Server listener on 45879] INFO  ipc.Server (Server.java:run(1153)) - IPC Server listener on 45879: starting
2019-09-25 08:22:51,018 [JUnit] INFO  hdfs.DFSUtil (DFSUtil.java:httpServerTemplateForNNAndJN(1641)) - Starting Web-server for ozoneManager at: http://0.0.0.0:0
2019-09-25 08:22:51,021 [JUnit] INFO  server.AuthenticationFilter (AuthenticationFilter.java:constructSecretProvider(240)) - Unable to initialize FileSignerSecretProvider, falling back to use random secrets.
2019-09-25 08:22:51,022 [JUnit] WARN  http.HttpRequestLog (HttpRequestLog.java:getRequestLog(97)) - Jetty request log can only be enabled using Log4j
2019-09-25 08:22:51,026 [JUnit] INFO  http.HttpServer2 (HttpServer2.java:addGlobalFilter(975)) - Added global filter 'safety' (class=org.apache.hadoop.http.HttpServer2$QuotingInputFilter)
2019-09-25 08:22:51,186 [JUnit] INFO  http.HttpServer2 (HttpServer2.java:addFilter(948)) - Added filter static_user_filter (class=org.apache.hadoop.http.lib.StaticUserWebFilter$StaticUserFilter) to context ozoneManager
2019-09-25 08:22:51,187 [JUnit] INFO  http.HttpServer2 (HttpServer2.java:addFilter(958)) - Added filter static_user_filter (class=org.apache.hadoop.http.lib.StaticUserWebFilter$StaticUserFilter) to context logs
2019-09-25 08:22:51,187 [JUnit] INFO  http.HttpServer2 (HttpServer2.java:addFilter(958)) - Added filter static_user_filter (class=org.apache.hadoop.http.lib.StaticUserWebFilter$StaticUserFilter) to context static
2019-09-25 08:22:51,192 [JUnit] INFO  http.HttpServer2 (HttpServer2.java:bindListener(1191)) - Jetty bound to port 35827
2019-09-25 08:22:51,193 [JUnit] INFO  server.Server (Server.java:doStart(351)) - jetty-9.3.25.v20180904, build timestamp: 2018-09-04T21:11:46Z, git hash: 3ce520221d0240229c862b122d2b06c12a625732
2019-09-25 08:22:51,195 [JUnit] INFO  handler.ContextHandler (ContextHandler.java:doStart(781)) - Started o.e.j.s.ServletContextHandler@3c017078{/logs,file:///workdir/hadoop-ozone/ozonefs/target/log,AVAILABLE}
2019-09-25 08:22:51,196 [JUnit] INFO  handler.ContextHandler (ContextHandler.java:doStart(781)) - Started o.e.j.s.ServletContextHandler@3be4f71{/static,jar:file:/home/user/.m2/repository/org/apache/hadoop/hadoop-ozone-ozone-manager/0.5.0-SNAPSHOT/hadoop-ozone-ozone-manager-0.5.0-SNAPSHOT.jar!/webapps/static,AVAILABLE}
2019-09-25 08:22:51,266 [JUnit] INFO  handler.ContextHandler (ContextHandler.java:doStart(781)) - Started o.e.j.w.WebAppContext@73ab3aac{/,file:///tmp/jetty-0.0.0.0-35827-ozoneManager-_-any-1921423415523835933.dir/webapp/,AVAILABLE}{/ozoneManager}
2019-09-25 08:22:51,267 [JUnit] INFO  server.AbstractConnector (AbstractConnector.java:doStart(278)) - Started ServerConnector@54f66455{HTTP/1.1,[http/1.1]}{0.0.0.0:35827}
2019-09-25 08:22:51,267 [JUnit] INFO  server.Server (Server.java:doStart(419)) - Started @60532ms
2019-09-25 08:22:51,267 [JUnit] WARN  impl.MetricsSystemImpl (MetricsSystemImpl.java:register(276)) - Sink prometheus already exists!
2019-09-25 08:22:51,268 [JUnit] INFO  server.BaseHttpServer (BaseHttpServer.java:updateConnectorAddress(215)) - HTTP server of OZONEMANAGER is listening at http://0.0.0.0:35827
2019-09-25 08:22:51,460 [JUnit] INFO  impl.MetricsSystemImpl (MetricsSystemImpl.java:init(158)) - HddsDatanode metrics system started (again)
2019-09-25 08:22:51,524 [JUnit] INFO  ozone.HddsDatanodeService (HddsDatanodeService.java:start(184)) - HddsDatanodeService host:pr-hdds-2174-pqx5g-486351168 ip:192.168.36.126
2019-09-25 08:22:51,562 [JUnit] INFO  volume.HddsVolume (HddsVolume.java:<init>(176)) - Creating Volume: /workdir/hadoop-ozone/ozonefs/target/test-dir/MiniOzoneClusterImpl-0756ba42-748f-4a0d-b324-9539ed31eefb/datanode-0/data/containers/hdds of  storage type : DISK and capacity : 1482555576320
2019-09-25 08:22:51,566 [JUnit] INFO  volume.VolumeSet (VolumeSet.java:initializeVolumeSet(170)) - Added Volume : /workdir/hadoop-ozone/ozonefs/target/test-dir/MiniOzoneClusterImpl-0756ba42-748f-4a0d-b324-9539ed31eefb/datanode-0/data/containers/hdds to VolumeSet
2019-09-25 08:22:51,571 [JUnit] INFO  volume.ThrottledAsyncChecker (ThrottledAsyncChecker.java:schedule(139)) - Scheduling a check for org.apache.hadoop.ozone.container.common.volume.HddsVolume@5ff2e84b
2019-09-25 08:22:51,599 [JUnit] INFO  volume.HddsVolumeChecker (HddsVolumeChecker.java:checkAllVolumes(202)) - Scheduled health check for volume org.apache.hadoop.ozone.container.common.volume.HddsVolume@5ff2e84b
2019-09-25 08:22:51,768 [JUnit] INFO  impl.RaftServerProxy (ConfUtils.java:logGet(43)) - raft.rpc.type = GRPC (default)
2019-09-25 08:22:51,842 [JUnit] INFO  grpc.GrpcFactory (GrpcFactory.java:checkPooledByteBufAllocatorUseCacheForAllThreads(45)) - PERFORMANCE WARNING: useCacheForAllThreads is true that may cause Netty to create a lot garbage objects and, as a result, trigger GC.
	It is recommended to disable useCacheForAllThreads by setting -Dorg.apache.ratis.thirdparty.io.netty.allocator.useCacheForAllThreads=false in command line.
2019-09-25 08:22:51,848 [JUnit] INFO  grpc.GrpcConfigKeys$Server (ConfUtils.java:logGet(43)) - raft.grpc.server.port = 0 (default)
2019-09-25 08:22:51,849 [JUnit] INFO  server.GrpcService (ConfUtils.java:logGet(43)) - raft.grpc.message.size.max = 33570816 (custom)
2019-09-25 08:22:51,850 [JUnit] INFO  server.RaftServerConfigKeys (ConfUtils.java:logGet(43)) - raft.server.log.appender.buffer.byte-limit = 33554432 (custom)
2019-09-25 08:22:51,851 [JUnit] INFO  server.GrpcService (ConfUtils.java:logGet(43)) - raft.grpc.flow.control.window = 1MB (=1048576) (default)
2019-09-25 08:22:51,852 [JUnit] INFO  server.RaftServerConfigKeys (ConfUtils.java:logGet(43)) - raft.server.rpc.request.timeout = 3000ms (default)
2019-09-25 08:22:52,031 [JUnit] INFO  server.RaftServerConfigKeys (ConfUtils.java:logGet(43)) - raft.server.storage.dir = [/workdir/hadoop-ozone/ozonefs/target/test-dir/MiniOzoneClusterImpl-0756ba42-748f-4a0d-b324-9539ed31eefb/datanode-0/data/ratis] (custom)
2019-09-25 08:22:52,103 [JUnit] INFO  hdfs.DFSUtil (DFSUtil.java:httpServerTemplateForNNAndJN(1641)) - Starting Web-server for hddsDatanode at: http://0.0.0.0:0
2019-09-25 08:22:52,105 [JUnit] INFO  server.AuthenticationFilter (AuthenticationFilter.java:constructSecretProvider(240)) - Unable to initialize FileSignerSecretProvider, falling back to use random secrets.
2019-09-25 08:22:52,106 [JUnit] WARN  http.HttpRequestLog (HttpRequestLog.java:getRequestLog(97)) - Jetty request log can only be enabled using Log4j
2019-09-25 08:22:52,108 [JUnit] INFO  http.HttpServer2 (HttpServer2.java:addGlobalFilter(975)) - Added global filter 'safety' (class=org.apache.hadoop.http.HttpServer2$QuotingInputFilter)
2019-09-25 08:22:52,109 [JUnit] INFO  http.HttpServer2 (HttpServer2.java:addFilter(948)) - Added filter static_user_filter (class=org.apache.hadoop.http.lib.StaticUserWebFilter$StaticUserFilter) to context hddsDatanode
2019-09-25 08:22:52,109 [JUnit] INFO  http.HttpServer2 (HttpServer2.java:addFilter(958)) - Added filter static_user_filter (class=org.apache.hadoop.http.lib.StaticUserWebFilter$StaticUserFilter) to context logs
2019-09-25 08:22:52,109 [JUnit] INFO  http.HttpServer2 (HttpServer2.java:addFilter(958)) - Added filter static_user_filter (class=org.apache.hadoop.http.lib.StaticUserWebFilter$StaticUserFilter) to context static
2019-09-25 08:22:52,110 [JUnit] INFO  http.HttpServer2 (HttpServer2.java:bindListener(1191)) - Jetty bound to port 45646
2019-09-25 08:22:52,110 [JUnit] INFO  server.Server (Server.java:doStart(351)) - jetty-9.3.25.v20180904, build timestamp: 2018-09-04T21:11:46Z, git hash: 3ce520221d0240229c862b122d2b06c12a625732
2019-09-25 08:22:52,114 [JUnit] INFO  handler.ContextHandler (ContextHandler.java:doStart(781)) - Started o.e.j.s.ServletContextHandler@3dfa819{/logs,file:///workdir/hadoop-ozone/ozonefs/target/log,AVAILABLE}
2019-09-25 08:22:52,115 [JUnit] INFO  handler.ContextHandler (ContextHandler.java:doStart(781)) - Started o.e.j.s.ServletContextHandler@68ab0936{/static,jar:file:/home/user/.m2/repository/org/apache/hadoop/hadoop-hdds-container-service/0.5.0-SNAPSHOT/hadoop-hdds-container-service-0.5.0-SNAPSHOT.jar!/webapps/static,AVAILABLE}
2019-09-25 08:22:52,144 [JUnit] INFO  handler.ContextHandler (ContextHandler.java:doStart(781)) - Started o.e.j.w.WebAppContext@20ab3e3a{/,file:///tmp/jetty-0.0.0.0-45646-hddsDatanode-_-any-2921461893084113296.dir/webapp/,AVAILABLE}{/hddsDatanode}
2019-09-25 08:22:52,145 [JUnit] INFO  server.AbstractConnector (AbstractConnector.java:doStart(278)) - Started ServerConnector@6caf7803{HTTP/1.1,[http/1.1]}{0.0.0.0:45646}
2019-09-25 08:22:52,146 [JUnit] INFO  server.Server (Server.java:doStart(419)) - Started @61411ms
2019-09-25 08:22:52,146 [JUnit] WARN  impl.MetricsSystemImpl (MetricsSystemImpl.java:register(276)) - Sink prometheus already exists!
2019-09-25 08:22:52,147 [JUnit] INFO  server.BaseHttpServer (BaseHttpServer.java:updateConnectorAddress(215)) - HTTP server of HDDSDATANODE is listening at http://0.0.0.0:45646
2019-09-25 08:22:52,149 [JUnit] INFO  impl.MetricsSystemImpl (MetricsSystemImpl.java:init(158)) - HddsDatanode metrics system started (again)
2019-09-25 08:22:52,153 [JUnit] INFO  ozone.HddsDatanodeService (HddsDatanodeService.java:start(184)) - HddsDatanodeService host:pr-hdds-2174-pqx5g-486351168 ip:192.168.36.126
2019-09-25 08:22:52,156 [org.apache.hadoop.util.JvmPauseMonitor$Monitor@7664fd87] INFO  util.JvmPauseMonitor (JvmPauseMonitor.java:run(188)) - Starting JVM pause monitor
2019-09-25 08:22:52,164 [JUnit] INFO  volume.HddsVolume (HddsVolume.java:<init>(176)) - Creating Volume: /workdir/hadoop-ozone/ozonefs/target/test-dir/MiniOzoneClusterImpl-0756ba42-748f-4a0d-b324-9539ed31eefb/datanode-1/data/containers/hdds of  storage type : DISK and capacity : 1482555576320
2019-09-25 08:22:52,165 [JUnit] INFO  volume.VolumeSet (VolumeSet.java:initializeVolumeSet(170)) - Added Volume : /workdir/hadoop-ozone/ozonefs/target/test-dir/MiniOzoneClusterImpl-0756ba42-748f-4a0d-b324-9539ed31eefb/datanode-1/data/containers/hdds to VolumeSet
2019-09-25 08:22:52,165 [JUnit] INFO  volume.ThrottledAsyncChecker (ThrottledAsyncChecker.java:schedule(139)) - Scheduling a check for org.apache.hadoop.ozone.container.common.volume.HddsVolume@350d3f4d
2019-09-25 08:22:52,166 [JUnit] INFO  volume.HddsVolumeChecker (HddsVolumeChecker.java:checkAllVolumes(202)) - Scheduled health check for volume org.apache.hadoop.ozone.container.common.volume.HddsVolume@350d3f4d
2019-09-25 08:22:52,199 [JUnit] INFO  impl.RaftServerProxy (ConfUtils.java:logGet(43)) - raft.rpc.type = GRPC (default)
2019-09-25 08:22:52,200 [JUnit] INFO  grpc.GrpcFactory (GrpcFactory.java:checkPooledByteBufAllocatorUseCacheForAllThreads(45)) - PERFORMANCE WARNING: useCacheForAllThreads is true that may cause Netty to create a lot garbage objects and, as a result, trigger GC.
	It is recommended to disable useCacheForAllThreads by setting -Dorg.apache.ratis.thirdparty.io.netty.allocator.useCacheForAllThreads=false in command line.
2019-09-25 08:22:52,200 [JUnit] INFO  grpc.GrpcConfigKeys$Server (ConfUtils.java:logGet(43)) - raft.grpc.server.port = 0 (default)
2019-09-25 08:22:52,200 [JUnit] INFO  server.GrpcService (ConfUtils.java:logGet(43)) - raft.grpc.message.size.max = 33570816 (custom)
2019-09-25 08:22:52,201 [JUnit] INFO  server.RaftServerConfigKeys (ConfUtils.java:logGet(43)) - raft.server.log.appender.buffer.byte-limit = 33554432 (custom)
2019-09-25 08:22:52,201 [JUnit] INFO  server.GrpcService (ConfUtils.java:logGet(43)) - raft.grpc.flow.control.window = 1MB (=1048576) (default)
2019-09-25 08:22:52,201 [JUnit] INFO  server.RaftServerConfigKeys (ConfUtils.java:logGet(43)) - raft.server.rpc.request.timeout = 3000ms (default)
2019-09-25 08:22:52,202 [JUnit] INFO  server.RaftServerConfigKeys (ConfUtils.java:logGet(43)) - raft.server.storage.dir = [/workdir/hadoop-ozone/ozonefs/target/test-dir/MiniOzoneClusterImpl-0756ba42-748f-4a0d-b324-9539ed31eefb/datanode-1/data/ratis] (custom)
2019-09-25 08:22:52,204 [JUnit] INFO  hdfs.DFSUtil (DFSUtil.java:httpServerTemplateForNNAndJN(1641)) - Starting Web-server for hddsDatanode at: http://0.0.0.0:0
2019-09-25 08:22:52,206 [JUnit] INFO  server.AuthenticationFilter (AuthenticationFilter.java:constructSecretProvider(240)) - Unable to initialize FileSignerSecretProvider, falling back to use random secrets.
2019-09-25 08:22:52,207 [JUnit] WARN  http.HttpRequestLog (HttpRequestLog.java:getRequestLog(97)) - Jetty request log can only be enabled using Log4j
2019-09-25 08:22:52,210 [JUnit] INFO  http.HttpServer2 (HttpServer2.java:addGlobalFilter(975)) - Added global filter 'safety' (class=org.apache.hadoop.http.HttpServer2$QuotingInputFilter)
2019-09-25 08:22:52,211 [JUnit] INFO  http.HttpServer2 (HttpServer2.java:addFilter(948)) - Added filter static_user_filter (class=org.apache.hadoop.http.lib.StaticUserWebFilter$StaticUserFilter) to context hddsDatanode
2019-09-25 08:22:52,211 [JUnit] INFO  http.HttpServer2 (HttpServer2.java:addFilter(958)) - Added filter static_user_filter (class=org.apache.hadoop.http.lib.StaticUserWebFilter$StaticUserFilter) to context logs
2019-09-25 08:22:52,211 [JUnit] INFO  http.HttpServer2 (HttpServer2.java:addFilter(958)) - Added filter static_user_filter (class=org.apache.hadoop.http.lib.StaticUserWebFilter$StaticUserFilter) to context static
2019-09-25 08:22:52,212 [JUnit] INFO  http.HttpServer2 (HttpServer2.java:bindListener(1191)) - Jetty bound to port 32914
2019-09-25 08:22:52,212 [JUnit] INFO  server.Server (Server.java:doStart(351)) - jetty-9.3.25.v20180904, build timestamp: 2018-09-04T21:11:46Z, git hash: 3ce520221d0240229c862b122d2b06c12a625732
2019-09-25 08:22:52,215 [JUnit] INFO  handler.ContextHandler (ContextHandler.java:doStart(781)) - Started o.e.j.s.ServletContextHandler@1cc680e{/logs,file:///workdir/hadoop-ozone/ozonefs/target/log,AVAILABLE}
2019-09-25 08:22:52,215 [JUnit] INFO  handler.ContextHandler (ContextHandler.java:doStart(781)) - Started o.e.j.s.ServletContextHandler@6a1d3225{/static,jar:file:/home/user/.m2/repository/org/apache/hadoop/hadoop-hdds-container-service/0.5.0-SNAPSHOT/hadoop-hdds-container-service-0.5.0-SNAPSHOT.jar!/webapps/static,AVAILABLE}
2019-09-25 08:22:52,245 [JUnit] INFO  handler.ContextHandler (ContextHandler.java:doStart(781)) - Started o.e.j.w.WebAppContext@1d9bd4da{/,file:///tmp/jetty-0.0.0.0-32914-hddsDatanode-_-any-4168966008365192567.dir/webapp/,AVAILABLE}{/hddsDatanode}
2019-09-25 08:22:52,245 [JUnit] INFO  server.AbstractConnector (AbstractConnector.java:doStart(278)) - Started ServerConnector@4c58255{HTTP/1.1,[http/1.1]}{0.0.0.0:32914}
2019-09-25 08:22:52,246 [JUnit] INFO  server.Server (Server.java:doStart(419)) - Started @61511ms
2019-09-25 08:22:52,246 [JUnit] WARN  impl.MetricsSystemImpl (MetricsSystemImpl.java:register(276)) - Sink prometheus already exists!
2019-09-25 08:22:52,247 [JUnit] INFO  server.BaseHttpServer (BaseHttpServer.java:updateConnectorAddress(215)) - HTTP server of HDDSDATANODE is listening at http://0.0.0.0:32914
2019-09-25 08:22:52,248 [JUnit] INFO  impl.MetricsSystemImpl (MetricsSystemImpl.java:init(158)) - HddsDatanode metrics system started (again)
2019-09-25 08:22:52,251 [org.apache.hadoop.util.JvmPauseMonitor$Monitor@50b93f57] INFO  util.JvmPauseMonitor (JvmPauseMonitor.java:run(188)) - Starting JVM pause monitor
2019-09-25 08:22:52,252 [JUnit] INFO  ozone.HddsDatanodeService (HddsDatanodeService.java:start(184)) - HddsDatanodeService host:pr-hdds-2174-pqx5g-486351168 ip:192.168.36.126
2019-09-25 08:22:52,259 [JUnit] INFO  volume.HddsVolume (HddsVolume.java:<init>(176)) - Creating Volume: /workdir/hadoop-ozone/ozonefs/target/test-dir/MiniOzoneClusterImpl-0756ba42-748f-4a0d-b324-9539ed31eefb/datanode-2/data/containers/hdds of  storage type : DISK and capacity : 1482555576320
2019-09-25 08:22:52,259 [JUnit] INFO  volume.VolumeSet (VolumeSet.java:initializeVolumeSet(170)) - Added Volume : /workdir/hadoop-ozone/ozonefs/target/test-dir/MiniOzoneClusterImpl-0756ba42-748f-4a0d-b324-9539ed31eefb/datanode-2/data/containers/hdds to VolumeSet
2019-09-25 08:22:52,259 [JUnit] INFO  volume.ThrottledAsyncChecker (ThrottledAsyncChecker.java:schedule(139)) - Scheduling a check for org.apache.hadoop.ozone.container.common.volume.HddsVolume@2b7962a2
2019-09-25 08:22:52,260 [JUnit] INFO  volume.HddsVolumeChecker (HddsVolumeChecker.java:checkAllVolumes(202)) - Scheduled health check for volume org.apache.hadoop.ozone.container.common.volume.HddsVolume@2b7962a2
2019-09-25 08:22:52,283 [Datanode State Machine Thread - 0] INFO  datanode.InitDatanodeState (InitDatanodeState.java:persistContainerDatanodeDetails(140)) - DatanodeDetails is persisted to /workdir/hadoop-ozone/ozonefs/target/test-dir/MiniOzoneClusterImpl-0756ba42-748f-4a0d-b324-9539ed31eefb/datanode-0/meta/datanode.id
2019-09-25 08:22:52,288 [Datanode State Machine Thread - 0] INFO  datanode.InitDatanodeState (InitDatanodeState.java:persistContainerDatanodeDetails(140)) - DatanodeDetails is persisted to /workdir/hadoop-ozone/ozonefs/target/test-dir/MiniOzoneClusterImpl-0756ba42-748f-4a0d-b324-9539ed31eefb/datanode-1/meta/datanode.id
2019-09-25 08:22:52,300 [JUnit] INFO  impl.RaftServerProxy (ConfUtils.java:logGet(43)) - raft.rpc.type = GRPC (default)
2019-09-25 08:22:52,300 [JUnit] INFO  grpc.GrpcFactory (GrpcFactory.java:checkPooledByteBufAllocatorUseCacheForAllThreads(45)) - PERFORMANCE WARNING: useCacheForAllThreads is true that may cause Netty to create a lot garbage objects and, as a result, trigger GC.
	It is recommended to disable useCacheForAllThreads by setting -Dorg.apache.ratis.thirdparty.io.netty.allocator.useCacheForAllThreads=false in command line.
2019-09-25 08:22:52,301 [JUnit] INFO  grpc.GrpcConfigKeys$Server (ConfUtils.java:logGet(43)) - raft.grpc.server.port = 0 (default)
2019-09-25 08:22:52,301 [JUnit] INFO  server.GrpcService (ConfUtils.java:logGet(43)) - raft.grpc.message.size.max = 33570816 (custom)
2019-09-25 08:22:52,302 [JUnit] INFO  server.RaftServerConfigKeys (ConfUtils.java:logGet(43)) - raft.server.log.appender.buffer.byte-limit = 33554432 (custom)
2019-09-25 08:22:52,302 [JUnit] INFO  server.GrpcService (ConfUtils.java:logGet(43)) - raft.grpc.flow.control.window = 1MB (=1048576) (default)
2019-09-25 08:22:52,302 [JUnit] INFO  server.RaftServerConfigKeys (ConfUtils.java:logGet(43)) - raft.server.rpc.request.timeout = 3000ms (default)
2019-09-25 08:22:52,303 [JUnit] INFO  server.RaftServerConfigKeys (ConfUtils.java:logGet(43)) - raft.server.storage.dir = [/workdir/hadoop-ozone/ozonefs/target/test-dir/MiniOzoneClusterImpl-0756ba42-748f-4a0d-b324-9539ed31eefb/datanode-2/data/ratis] (custom)
2019-09-25 08:22:52,306 [JUnit] INFO  hdfs.DFSUtil (DFSUtil.java:httpServerTemplateForNNAndJN(1641)) - Starting Web-server for hddsDatanode at: http://0.0.0.0:0
2019-09-25 08:22:52,309 [JUnit] INFO  server.AuthenticationFilter (AuthenticationFilter.java:constructSecretProvider(240)) - Unable to initialize FileSignerSecretProvider, falling back to use random secrets.
2019-09-25 08:22:52,310 [JUnit] WARN  http.HttpRequestLog (HttpRequestLog.java:getRequestLog(97)) - Jetty request log can only be enabled using Log4j
2019-09-25 08:22:52,313 [JUnit] INFO  http.HttpServer2 (HttpServer2.java:addGlobalFilter(975)) - Added global filter 'safety' (class=org.apache.hadoop.http.HttpServer2$QuotingInputFilter)
2019-09-25 08:22:52,315 [JUnit] INFO  http.HttpServer2 (HttpServer2.java:addFilter(948)) - Added filter static_user_filter (class=org.apache.hadoop.http.lib.StaticUserWebFilter$StaticUserFilter) to context hddsDatanode
2019-09-25 08:22:52,315 [JUnit] INFO  http.HttpServer2 (HttpServer2.java:addFilter(958)) - Added filter static_user_filter (class=org.apache.hadoop.http.lib.StaticUserWebFilter$StaticUserFilter) to context logs
2019-09-25 08:22:52,315 [JUnit] INFO  http.HttpServer2 (HttpServer2.java:addFilter(958)) - Added filter static_user_filter (class=org.apache.hadoop.http.lib.StaticUserWebFilter$StaticUserFilter) to context static
2019-09-25 08:22:52,316 [JUnit] INFO  http.HttpServer2 (HttpServer2.java:bindListener(1191)) - Jetty bound to port 33114
2019-09-25 08:22:52,316 [JUnit] INFO  server.Server (Server.java:doStart(351)) - jetty-9.3.25.v20180904, build timestamp: 2018-09-04T21:11:46Z, git hash: 3ce520221d0240229c862b122d2b06c12a625732
2019-09-25 08:22:52,320 [JUnit] INFO  handler.ContextHandler (ContextHandler.java:doStart(781)) - Started o.e.j.s.ServletContextHandler@31ddb930{/logs,file:///workdir/hadoop-ozone/ozonefs/target/log,AVAILABLE}
2019-09-25 08:22:52,321 [JUnit] INFO  handler.ContextHandler (ContextHandler.java:doStart(781)) - Started o.e.j.s.ServletContextHandler@3c3c4a71{/static,jar:file:/home/user/.m2/repository/org/apache/hadoop/hadoop-hdds-container-service/0.5.0-SNAPSHOT/hadoop-hdds-container-service-0.5.0-SNAPSHOT.jar!/webapps/static,AVAILABLE}
2019-09-25 08:22:52,357 [JUnit] INFO  handler.ContextHandler (ContextHandler.java:doStart(781)) - Started o.e.j.w.WebAppContext@268cbb86{/,file:///tmp/jetty-0.0.0.0-33114-hddsDatanode-_-any-227874427787871413.dir/webapp/,AVAILABLE}{/hddsDatanode}
2019-09-25 08:22:52,358 [JUnit] INFO  server.AbstractConnector (AbstractConnector.java:doStart(278)) - Started ServerConnector@10f7918f{HTTP/1.1,[http/1.1]}{0.0.0.0:33114}
2019-09-25 08:22:52,359 [JUnit] INFO  server.Server (Server.java:doStart(419)) - Started @61624ms
2019-09-25 08:22:52,359 [JUnit] WARN  impl.MetricsSystemImpl (MetricsSystemImpl.java:register(276)) - Sink prometheus already exists!
2019-09-25 08:22:52,360 [JUnit] INFO  server.BaseHttpServer (BaseHttpServer.java:updateConnectorAddress(215)) - HTTP server of HDDSDATANODE is listening at http://0.0.0.0:33114
2019-09-25 08:22:52,360 [JUnit] INFO  impl.MetricsSystemImpl (MetricsSystemImpl.java:init(158)) - HddsDatanode metrics system started (again)
2019-09-25 08:22:52,364 [org.apache.hadoop.util.JvmPauseMonitor$Monitor@486197f8] INFO  util.JvmPauseMonitor (JvmPauseMonitor.java:run(188)) - Starting JVM pause monitor
2019-09-25 08:22:52,365 [JUnit] INFO  ozone.HddsDatanodeService (HddsDatanodeService.java:start(184)) - HddsDatanodeService host:pr-hdds-2174-pqx5g-486351168 ip:192.168.36.126
2019-09-25 08:22:52,367 [Datanode State Machine Thread - 0] INFO  datanode.InitDatanodeState (InitDatanodeState.java:persistContainerDatanodeDetails(140)) - DatanodeDetails is persisted to /workdir/hadoop-ozone/ozonefs/target/test-dir/MiniOzoneClusterImpl-0756ba42-748f-4a0d-b324-9539ed31eefb/datanode-2/meta/datanode.id
2019-09-25 08:22:52,372 [JUnit] INFO  volume.HddsVolume (HddsVolume.java:<init>(176)) - Creating Volume: /workdir/hadoop-ozone/ozonefs/target/test-dir/MiniOzoneClusterImpl-0756ba42-748f-4a0d-b324-9539ed31eefb/datanode-3/data/containers/hdds of  storage type : DISK and capacity : 1482555576320
2019-09-25 08:22:52,373 [JUnit] INFO  volume.VolumeSet (VolumeSet.java:initializeVolumeSet(170)) - Added Volume : /workdir/hadoop-ozone/ozonefs/target/test-dir/MiniOzoneClusterImpl-0756ba42-748f-4a0d-b324-9539ed31eefb/datanode-3/data/containers/hdds to VolumeSet
2019-09-25 08:22:52,373 [JUnit] INFO  volume.ThrottledAsyncChecker (ThrottledAsyncChecker.java:schedule(139)) - Scheduling a check for org.apache.hadoop.ozone.container.common.volume.HddsVolume@524270b8
2019-09-25 08:22:52,374 [JUnit] INFO  volume.HddsVolumeChecker (HddsVolumeChecker.java:checkAllVolumes(202)) - Scheduled health check for volume org.apache.hadoop.ozone.container.common.volume.HddsVolume@524270b8
2019-09-25 08:22:52,404 [JUnit] INFO  impl.RaftServerProxy (ConfUtils.java:logGet(43)) - raft.rpc.type = GRPC (default)
2019-09-25 08:22:52,405 [JUnit] INFO  grpc.GrpcFactory (GrpcFactory.java:checkPooledByteBufAllocatorUseCacheForAllThreads(45)) - PERFORMANCE WARNING: useCacheForAllThreads is true that may cause Netty to create a lot garbage objects and, as a result, trigger GC.
	It is recommended to disable useCacheForAllThreads by setting -Dorg.apache.ratis.thirdparty.io.netty.allocator.useCacheForAllThreads=false in command line.
2019-09-25 08:22:52,405 [JUnit] INFO  grpc.GrpcConfigKeys$Server (ConfUtils.java:logGet(43)) - raft.grpc.server.port = 0 (default)
2019-09-25 08:22:52,405 [JUnit] INFO  server.GrpcService (ConfUtils.java:logGet(43)) - raft.grpc.message.size.max = 33570816 (custom)
2019-09-25 08:22:52,406 [JUnit] INFO  server.RaftServerConfigKeys (ConfUtils.java:logGet(43)) - raft.server.log.appender.buffer.byte-limit = 33554432 (custom)
2019-09-25 08:22:52,406 [JUnit] INFO  server.GrpcService (ConfUtils.java:logGet(43)) - raft.grpc.flow.control.window = 1MB (=1048576) (default)
2019-09-25 08:22:52,406 [JUnit] INFO  server.RaftServerConfigKeys (ConfUtils.java:logGet(43)) - raft.server.rpc.request.timeout = 3000ms (default)
2019-09-25 08:22:52,407 [JUnit] INFO  server.RaftServerConfigKeys (ConfUtils.java:logGet(43)) - raft.server.storage.dir = [/workdir/hadoop-ozone/ozonefs/target/test-dir/MiniOzoneClusterImpl-0756ba42-748f-4a0d-b324-9539ed31eefb/datanode-3/data/ratis] (custom)
2019-09-25 08:22:52,409 [JUnit] INFO  hdfs.DFSUtil (DFSUtil.java:httpServerTemplateForNNAndJN(1641)) - Starting Web-server for hddsDatanode at: http://0.0.0.0:0
2019-09-25 08:22:52,410 [JUnit] INFO  server.AuthenticationFilter (AuthenticationFilter.java:constructSecretProvider(240)) - Unable to initialize FileSignerSecretProvider, falling back to use random secrets.
2019-09-25 08:22:52,411 [JUnit] WARN  http.HttpRequestLog (HttpRequestLog.java:getRequestLog(97)) - Jetty request log can only be enabled using Log4j
2019-09-25 08:22:52,413 [JUnit] INFO  http.HttpServer2 (HttpServer2.java:addGlobalFilter(975)) - Added global filter 'safety' (class=org.apache.hadoop.http.HttpServer2$QuotingInputFilter)
2019-09-25 08:22:52,414 [JUnit] INFO  http.HttpServer2 (HttpServer2.java:addFilter(948)) - Added filter static_user_filter (class=org.apache.hadoop.http.lib.StaticUserWebFilter$StaticUserFilter) to context hddsDatanode
2019-09-25 08:22:52,414 [JUnit] INFO  http.HttpServer2 (HttpServer2.java:addFilter(958)) - Added filter static_user_filter (class=org.apache.hadoop.http.lib.StaticUserWebFilter$StaticUserFilter) to context static
2019-09-25 08:22:52,415 [JUnit] INFO  http.HttpServer2 (HttpServer2.java:addFilter(958)) - Added filter static_user_filter (class=org.apache.hadoop.http.lib.StaticUserWebFilter$StaticUserFilter) to context logs
2019-09-25 08:22:52,415 [JUnit] INFO  http.HttpServer2 (HttpServer2.java:bindListener(1191)) - Jetty bound to port 42919
2019-09-25 08:22:52,416 [JUnit] INFO  server.Server (Server.java:doStart(351)) - jetty-9.3.25.v20180904, build timestamp: 2018-09-04T21:11:46Z, git hash: 3ce520221d0240229c862b122d2b06c12a625732
2019-09-25 08:22:52,418 [JUnit] INFO  handler.ContextHandler (ContextHandler.java:doStart(781)) - Started o.e.j.s.ServletContextHandler@574a89e2{/logs,file:///workdir/hadoop-ozone/ozonefs/target/log,AVAILABLE}
2019-09-25 08:22:52,418 [JUnit] INFO  handler.ContextHandler (ContextHandler.java:doStart(781)) - Started o.e.j.s.ServletContextHandler@3dd31157{/static,jar:file:/home/user/.m2/repository/org/apache/hadoop/hadoop-hdds-container-service/0.5.0-SNAPSHOT/hadoop-hdds-container-service-0.5.0-SNAPSHOT.jar!/webapps/static,AVAILABLE}
2019-09-25 08:22:52,448 [JUnit] INFO  handler.ContextHandler (ContextHandler.java:doStart(781)) - Started o.e.j.w.WebAppContext@6d6bbd35{/,file:///tmp/jetty-0.0.0.0-42919-hddsDatanode-_-any-4394167056861970512.dir/webapp/,AVAILABLE}{/hddsDatanode}
2019-09-25 08:22:52,448 [JUnit] INFO  server.AbstractConnector (AbstractConnector.java:doStart(278)) - Started ServerConnector@5c5d6175{HTTP/1.1,[http/1.1]}{0.0.0.0:42919}
2019-09-25 08:22:52,449 [JUnit] INFO  server.Server (Server.java:doStart(419)) - Started @61714ms
2019-09-25 08:22:52,449 [JUnit] WARN  impl.MetricsSystemImpl (MetricsSystemImpl.java:register(276)) - Sink prometheus already exists!
2019-09-25 08:22:52,450 [JUnit] INFO  server.BaseHttpServer (BaseHttpServer.java:updateConnectorAddress(215)) - HTTP server of HDDSDATANODE is listening at http://0.0.0.0:42919
2019-09-25 08:22:52,451 [JUnit] INFO  impl.MetricsSystemImpl (MetricsSystemImpl.java:init(158)) - HddsDatanode metrics system started (again)
2019-09-25 08:22:52,455 [org.apache.hadoop.util.JvmPauseMonitor$Monitor@28af862b] INFO  util.JvmPauseMonitor (JvmPauseMonitor.java:run(188)) - Starting JVM pause monitor
2019-09-25 08:22:52,456 [JUnit] INFO  ozone.HddsDatanodeService (HddsDatanodeService.java:start(184)) - HddsDatanodeService host:pr-hdds-2174-pqx5g-486351168 ip:192.168.36.126
2019-09-25 08:22:52,456 [Datanode State Machine Thread - 0] INFO  datanode.InitDatanodeState (InitDatanodeState.java:persistContainerDatanodeDetails(140)) - DatanodeDetails is persisted to /workdir/hadoop-ozone/ozonefs/target/test-dir/MiniOzoneClusterImpl-0756ba42-748f-4a0d-b324-9539ed31eefb/datanode-3/meta/datanode.id
2019-09-25 08:22:52,463 [JUnit] INFO  volume.HddsVolume (HddsVolume.java:<init>(176)) - Creating Volume: /workdir/hadoop-ozone/ozonefs/target/test-dir/MiniOzoneClusterImpl-0756ba42-748f-4a0d-b324-9539ed31eefb/datanode-4/data/containers/hdds of  storage type : DISK and capacity : 1482555576320
2019-09-25 08:22:52,464 [JUnit] INFO  volume.VolumeSet (VolumeSet.java:initializeVolumeSet(170)) - Added Volume : /workdir/hadoop-ozone/ozonefs/target/test-dir/MiniOzoneClusterImpl-0756ba42-748f-4a0d-b324-9539ed31eefb/datanode-4/data/containers/hdds to VolumeSet
2019-09-25 08:22:52,464 [JUnit] INFO  volume.ThrottledAsyncChecker (ThrottledAsyncChecker.java:schedule(139)) - Scheduling a check for org.apache.hadoop.ozone.container.common.volume.HddsVolume@2cc75074
2019-09-25 08:22:52,465 [JUnit] INFO  volume.HddsVolumeChecker (HddsVolumeChecker.java:checkAllVolumes(202)) - Scheduled health check for volume org.apache.hadoop.ozone.container.common.volume.HddsVolume@2cc75074
2019-09-25 08:22:52,495 [JUnit] INFO  impl.RaftServerProxy (ConfUtils.java:logGet(43)) - raft.rpc.type = GRPC (default)
2019-09-25 08:22:52,495 [JUnit] INFO  grpc.GrpcFactory (GrpcFactory.java:checkPooledByteBufAllocatorUseCacheForAllThreads(45)) - PERFORMANCE WARNING: useCacheForAllThreads is true that may cause Netty to create a lot garbage objects and, as a result, trigger GC.
	It is recommended to disable useCacheForAllThreads by setting -Dorg.apache.ratis.thirdparty.io.netty.allocator.useCacheForAllThreads=false in command line.
2019-09-25 08:22:52,495 [JUnit] INFO  grpc.GrpcConfigKeys$Server (ConfUtils.java:logGet(43)) - raft.grpc.server.port = 0 (default)
2019-09-25 08:22:52,496 [JUnit] INFO  server.GrpcService (ConfUtils.java:logGet(43)) - raft.grpc.message.size.max = 33570816 (custom)
2019-09-25 08:22:52,496 [JUnit] INFO  server.RaftServerConfigKeys (ConfUtils.java:logGet(43)) - raft.server.log.appender.buffer.byte-limit = 33554432 (custom)
2019-09-25 08:22:52,496 [JUnit] INFO  server.GrpcService (ConfUtils.java:logGet(43)) - raft.grpc.flow.control.window = 1MB (=1048576) (default)
2019-09-25 08:22:52,497 [JUnit] INFO  server.RaftServerConfigKeys (ConfUtils.java:logGet(43)) - raft.server.rpc.request.timeout = 3000ms (default)
2019-09-25 08:22:52,497 [JUnit] INFO  server.RaftServerConfigKeys (ConfUtils.java:logGet(43)) - raft.server.storage.dir = [/workdir/hadoop-ozone/ozonefs/target/test-dir/MiniOzoneClusterImpl-0756ba42-748f-4a0d-b324-9539ed31eefb/datanode-4/data/ratis] (custom)
2019-09-25 08:22:52,499 [JUnit] INFO  hdfs.DFSUtil (DFSUtil.java:httpServerTemplateForNNAndJN(1641)) - Starting Web-server for hddsDatanode at: http://0.0.0.0:0
2019-09-25 08:22:52,502 [JUnit] INFO  server.AuthenticationFilter (AuthenticationFilter.java:constructSecretProvider(240)) - Unable to initialize FileSignerSecretProvider, falling back to use random secrets.
2019-09-25 08:22:52,503 [JUnit] WARN  http.HttpRequestLog (HttpRequestLog.java:getRequestLog(97)) - Jetty request log can only be enabled using Log4j
2019-09-25 08:22:52,506 [JUnit] INFO  http.HttpServer2 (HttpServer2.java:addGlobalFilter(975)) - Added global filter 'safety' (class=org.apache.hadoop.http.HttpServer2$QuotingInputFilter)
2019-09-25 08:22:52,507 [JUnit] INFO  http.HttpServer2 (HttpServer2.java:addFilter(948)) - Added filter static_user_filter (class=org.apache.hadoop.http.lib.StaticUserWebFilter$StaticUserFilter) to context hddsDatanode
2019-09-25 08:22:52,508 [JUnit] INFO  http.HttpServer2 (HttpServer2.java:addFilter(958)) - Added filter static_user_filter (class=org.apache.hadoop.http.lib.StaticUserWebFilter$StaticUserFilter) to context logs
2019-09-25 08:22:52,508 [JUnit] INFO  http.HttpServer2 (HttpServer2.java:addFilter(958)) - Added filter static_user_filter (class=org.apache.hadoop.http.lib.StaticUserWebFilter$StaticUserFilter) to context static
2019-09-25 08:22:52,509 [JUnit] INFO  http.HttpServer2 (HttpServer2.java:bindListener(1191)) - Jetty bound to port 43594
2019-09-25 08:22:52,509 [JUnit] INFO  server.Server (Server.java:doStart(351)) - jetty-9.3.25.v20180904, build timestamp: 2018-09-04T21:11:46Z, git hash: 3ce520221d0240229c862b122d2b06c12a625732
2019-09-25 08:22:52,512 [JUnit] INFO  handler.ContextHandler (ContextHandler.java:doStart(781)) - Started o.e.j.s.ServletContextHandler@7b4a0aef{/logs,file:///workdir/hadoop-ozone/ozonefs/target/log,AVAILABLE}
2019-09-25 08:22:52,513 [JUnit] INFO  handler.ContextHandler (ContextHandler.java:doStart(781)) - Started o.e.j.s.ServletContextHandler@26d41711{/static,jar:file:/home/user/.m2/repository/org/apache/hadoop/hadoop-hdds-container-service/0.5.0-SNAPSHOT/hadoop-hdds-container-service-0.5.0-SNAPSHOT.jar!/webapps/static,AVAILABLE}
2019-09-25 08:22:52,555 [JUnit] INFO  handler.ContextHandler (ContextHandler.java:doStart(781)) - Started o.e.j.w.WebAppContext@7d3c09ec{/,file:///tmp/jetty-0.0.0.0-43594-hddsDatanode-_-any-6000399481745275641.dir/webapp/,AVAILABLE}{/hddsDatanode}
2019-09-25 08:22:52,557 [JUnit] INFO  server.AbstractConnector (AbstractConnector.java:doStart(278)) - Started ServerConnector@5e767d91{HTTP/1.1,[http/1.1]}{0.0.0.0:43594}
2019-09-25 08:22:52,557 [JUnit] INFO  server.Server (Server.java:doStart(419)) - Started @61822ms
2019-09-25 08:22:52,557 [JUnit] WARN  impl.MetricsSystemImpl (MetricsSystemImpl.java:register(276)) - Sink prometheus already exists!
2019-09-25 08:22:52,558 [JUnit] INFO  server.BaseHttpServer (BaseHttpServer.java:updateConnectorAddress(215)) - HTTP server of HDDSDATANODE is listening at http://0.0.0.0:43594
2019-09-25 08:22:52,561 [JUnit] INFO  ozone.MiniOzoneClusterImpl (MiniOzoneClusterImpl.java:lambda$waitForClusterToBeReady$0(147)) - Waiting for cluster to be ready. Got 0 of 5 DN Heartbeats.
2019-09-25 08:22:52,561 [org.apache.hadoop.util.JvmPauseMonitor$Monitor@64b6b810] INFO  util.JvmPauseMonitor (JvmPauseMonitor.java:run(188)) - Starting JVM pause monitor
2019-09-25 08:22:52,564 [Datanode State Machine Thread - 0] INFO  datanode.InitDatanodeState (InitDatanodeState.java:persistContainerDatanodeDetails(140)) - DatanodeDetails is persisted to /workdir/hadoop-ozone/ozonefs/target/test-dir/MiniOzoneClusterImpl-0756ba42-748f-4a0d-b324-9539ed31eefb/datanode-4/meta/datanode.id
2019-09-25 08:22:53,561 [JUnit] INFO  ozone.MiniOzoneClusterImpl (MiniOzoneClusterImpl.java:lambda$waitForClusterToBeReady$0(147)) - Waiting for cluster to be ready. Got 0 of 5 DN Heartbeats.
2019-09-25 08:22:54,562 [JUnit] INFO  ozone.MiniOzoneClusterImpl (MiniOzoneClusterImpl.java:lambda$waitForClusterToBeReady$0(147)) - Waiting for cluster to be ready. Got 0 of 5 DN Heartbeats.
2019-09-25 08:22:55,564 [JUnit] INFO  ozone.MiniOzoneClusterImpl (MiniOzoneClusterImpl.java:lambda$waitForClusterToBeReady$0(147)) - Waiting for cluster to be ready. Got 0 of 5 DN Heartbeats.
2019-09-25 08:22:56,565 [JUnit] INFO  ozone.MiniOzoneClusterImpl (MiniOzoneClusterImpl.java:lambda$waitForClusterToBeReady$0(147)) - Waiting for cluster to be ready. Got 0 of 5 DN Heartbeats.
2019-09-25 08:22:56,946 [Datanode State Machine Thread - 0] INFO  ozoneimpl.OzoneContainer (OzoneContainer.java:start(217)) - Attempting to start container services.
2019-09-25 08:22:56,946 [Datanode State Machine Thread - 0] INFO  ozoneimpl.OzoneContainer (OzoneContainer.java:start(217)) - Attempting to start container services.
2019-09-25 08:22:56,946 [Datanode State Machine Thread - 0] INFO  ozoneimpl.OzoneContainer (OzoneContainer.java:start(217)) - Attempting to start container services.
2019-09-25 08:22:56,946 [Datanode State Machine Thread - 0] INFO  ozoneimpl.OzoneContainer (OzoneContainer.java:start(217)) - Attempting to start container services.
2019-09-25 08:22:56,946 [Datanode State Machine Thread - 0] INFO  ozoneimpl.OzoneContainer (OzoneContainer.java:start(217)) - Attempting to start container services.
2019-09-25 08:22:56,956 [Datanode State Machine Thread - 0] INFO  ozoneimpl.OzoneContainer (OzoneContainer.java:startContainerScrub(179)) - Background container scanner has been disabled.
2019-09-25 08:22:56,956 [Datanode State Machine Thread - 0] INFO  ozoneimpl.OzoneContainer (OzoneContainer.java:startContainerScrub(179)) - Background container scanner has been disabled.
2019-09-25 08:22:56,956 [Datanode State Machine Thread - 0] INFO  ratis.XceiverServerRatis (XceiverServerRatis.java:start(411)) - Starting XceiverServerRatis 9ddacf8d-76dc-48cb-baac-f8efd717687b at port 0
2019-09-25 08:22:56,956 [Datanode State Machine Thread - 0] INFO  ratis.XceiverServerRatis (XceiverServerRatis.java:start(411)) - Starting XceiverServerRatis 5b0dbadb-21f4-40db-895f-4946533ce0da at port 0
2019-09-25 08:22:56,958 [Datanode State Machine Thread - 0] INFO  ozoneimpl.OzoneContainer (OzoneContainer.java:startContainerScrub(179)) - Background container scanner has been disabled.
2019-09-25 08:22:56,958 [Datanode State Machine Thread - 0] INFO  ozoneimpl.OzoneContainer (OzoneContainer.java:startContainerScrub(179)) - Background container scanner has been disabled.
2019-09-25 08:22:56,958 [Datanode State Machine Thread - 0] INFO  ozoneimpl.OzoneContainer (OzoneContainer.java:startContainerScrub(179)) - Background container scanner has been disabled.
2019-09-25 08:22:56,958 [Datanode State Machine Thread - 0] INFO  ratis.XceiverServerRatis (XceiverServerRatis.java:start(411)) - Starting XceiverServerRatis 2fc70531-54f8-4344-a6a1-710636979233 at port 0
2019-09-25 08:22:56,958 [Datanode State Machine Thread - 0] INFO  ratis.XceiverServerRatis (XceiverServerRatis.java:start(411)) - Starting XceiverServerRatis 3480664e-e083-4e16-97f4-fa54a8a0d12d at port 0
2019-09-25 08:22:56,959 [Datanode State Machine Thread - 0] INFO  ratis.XceiverServerRatis (XceiverServerRatis.java:start(411)) - Starting XceiverServerRatis ded00080-0019-457c-bc99-0f9a2e95546e at port 0
2019-09-25 08:22:57,011 [Datanode State Machine Thread - 0] INFO  impl.RaftServerProxy (RaftServerProxy.java:lambda$start$3(299)) - ded00080-0019-457c-bc99-0f9a2e95546e: start RPC server
2019-09-25 08:22:57,011 [Datanode State Machine Thread - 0] INFO  impl.RaftServerProxy (RaftServerProxy.java:lambda$start$3(299)) - 9ddacf8d-76dc-48cb-baac-f8efd717687b: start RPC server
2019-09-25 08:22:57,011 [Datanode State Machine Thread - 0] INFO  impl.RaftServerProxy (RaftServerProxy.java:lambda$start$3(299)) - 2fc70531-54f8-4344-a6a1-710636979233: start RPC server
2019-09-25 08:22:57,011 [Datanode State Machine Thread - 0] INFO  impl.RaftServerProxy (RaftServerProxy.java:lambda$start$3(299)) - 5b0dbadb-21f4-40db-895f-4946533ce0da: start RPC server
2019-09-25 08:22:57,011 [Datanode State Machine Thread - 0] INFO  impl.RaftServerProxy (RaftServerProxy.java:lambda$start$3(299)) - 3480664e-e083-4e16-97f4-fa54a8a0d12d: start RPC server
2019-09-25 08:22:57,185 [Datanode State Machine Thread - 0] INFO  server.GrpcService (GrpcService.java:startImpl(158)) - ded00080-0019-457c-bc99-0f9a2e95546e: GrpcService started, listening on 0.0.0.0/0.0.0.0:41580
2019-09-25 08:22:57,185 [Datanode State Machine Thread - 0] INFO  server.GrpcService (GrpcService.java:startImpl(158)) - 5b0dbadb-21f4-40db-895f-4946533ce0da: GrpcService started, listening on 0.0.0.0/0.0.0.0:43134
2019-09-25 08:22:57,186 [Datanode State Machine Thread - 0] INFO  server.GrpcService (GrpcService.java:startImpl(158)) - 2fc70531-54f8-4344-a6a1-710636979233: GrpcService started, listening on 0.0.0.0/0.0.0.0:43168
2019-09-25 08:22:57,185 [Datanode State Machine Thread - 0] INFO  server.GrpcService (GrpcService.java:startImpl(158)) - 3480664e-e083-4e16-97f4-fa54a8a0d12d: GrpcService started, listening on 0.0.0.0/0.0.0.0:37426
2019-09-25 08:22:57,185 [Datanode State Machine Thread - 0] INFO  server.GrpcService (GrpcService.java:startImpl(158)) - 9ddacf8d-76dc-48cb-baac-f8efd717687b: GrpcService started, listening on 0.0.0.0/0.0.0.0:37499
2019-09-25 08:22:57,187 [Datanode State Machine Thread - 0] INFO  ratis.XceiverServerRatis (XceiverServerRatis.java:start(421)) - XceiverServerRatis 3480664e-e083-4e16-97f4-fa54a8a0d12d is started using port 37426
2019-09-25 08:22:57,187 [Datanode State Machine Thread - 0] INFO  ratis.XceiverServerRatis (XceiverServerRatis.java:start(421)) - XceiverServerRatis 2fc70531-54f8-4344-a6a1-710636979233 is started using port 43168
2019-09-25 08:22:57,187 [Datanode State Machine Thread - 0] INFO  ratis.XceiverServerRatis (XceiverServerRatis.java:start(421)) - XceiverServerRatis 5b0dbadb-21f4-40db-895f-4946533ce0da is started using port 43134
2019-09-25 08:22:57,187 [Datanode State Machine Thread - 0] INFO  ratis.XceiverServerRatis (XceiverServerRatis.java:start(421)) - XceiverServerRatis ded00080-0019-457c-bc99-0f9a2e95546e is started using port 41580
2019-09-25 08:22:57,187 [Datanode State Machine Thread - 0] INFO  ratis.XceiverServerRatis (XceiverServerRatis.java:start(421)) - XceiverServerRatis 9ddacf8d-76dc-48cb-baac-f8efd717687b is started using port 37499
2019-09-25 08:22:57,202 [Datanode State Machine Thread - 0] INFO  server.XceiverServerGrpc (XceiverServerGrpc.java:start(149)) - XceiverServerGrpc ded00080-0019-457c-bc99-0f9a2e95546e is started using port 42081
2019-09-25 08:22:57,202 [Datanode State Machine Thread - 0] INFO  server.XceiverServerGrpc (XceiverServerGrpc.java:start(149)) - XceiverServerGrpc 2fc70531-54f8-4344-a6a1-710636979233 is started using port 34982
2019-09-25 08:22:57,203 [Datanode State Machine Thread - 0] INFO  server.XceiverServerGrpc (XceiverServerGrpc.java:start(149)) - XceiverServerGrpc 9ddacf8d-76dc-48cb-baac-f8efd717687b is started using port 40857
2019-09-25 08:22:57,202 [Datanode State Machine Thread - 0] INFO  server.XceiverServerGrpc (XceiverServerGrpc.java:start(149)) - XceiverServerGrpc 3480664e-e083-4e16-97f4-fa54a8a0d12d is started using port 39911
2019-09-25 08:22:57,203 [Datanode State Machine Thread - 0] INFO  server.XceiverServerGrpc (XceiverServerGrpc.java:start(149)) - XceiverServerGrpc 5b0dbadb-21f4-40db-895f-4946533ce0da is started using port 36330
2019-09-25 08:22:57,565 [JUnit] INFO  ozone.MiniOzoneClusterImpl (MiniOzoneClusterImpl.java:lambda$waitForClusterToBeReady$0(147)) - Waiting for cluster to be ready. Got 0 of 5 DN Heartbeats.
2019-09-25 08:22:58,211 [IPC Server handler 1 on 42209] INFO  net.NetworkTopology (NetworkTopologyImpl.java:add(111)) - Added a new node: /default-rack/5b0dbadb-21f4-40db-895f-4946533ce0da
2019-09-25 08:22:58,212 [IPC Server handler 1 on 42209] INFO  node.SCMNodeManager (SCMNodeManager.java:register(266)) - Registered Data node : 5b0dbadb-21f4-40db-895f-4946533ce0da{ip: 192.168.36.126, host: pr-hdds-2174-pqx5g-486351168, networkLocation: /default-rack, certSerialId: null}
2019-09-25 08:22:58,219 [EventQueue-NodeRegistrationContainerReportForDataNodeSafeModeRule] INFO  safemode.SCMSafeModeManager (DataNodeSafeModeRule.java:process(71)) - SCM in safe mode. 1 DataNodes registered, 1 required.
2019-09-25 08:22:58,221 [EventQueue-NodeRegistrationContainerReportForDataNodeSafeModeRule] INFO  safemode.SCMSafeModeManager (SCMSafeModeManager.java:validateSafeModeExitRules(177)) - ScmSafeModeManager, all rules are successfully validated
2019-09-25 08:22:58,221 [EventQueue-NodeRegistrationContainerReportForDataNodeSafeModeRule] INFO  safemode.SCMSafeModeManager (SCMSafeModeManager.java:exitSafeMode(193)) - SCM exiting safe mode.
2019-09-25 08:22:58,255 [IPC Server handler 2 on 42209] INFO  net.NetworkTopology (NetworkTopologyImpl.java:add(111)) - Added a new node: /default-rack/3480664e-e083-4e16-97f4-fa54a8a0d12d
2019-09-25 08:22:58,260 [IPC Server handler 2 on 42209] INFO  node.SCMNodeManager (SCMNodeManager.java:register(266)) - Registered Data node : 3480664e-e083-4e16-97f4-fa54a8a0d12d{ip: 192.168.36.126, host: pr-hdds-2174-pqx5g-486351168, networkLocation: /default-rack, certSerialId: null}
2019-09-25 08:22:58,369 [IPC Server handler 5 on 42209] INFO  net.NetworkTopology (NetworkTopologyImpl.java:add(111)) - Added a new node: /default-rack/9ddacf8d-76dc-48cb-baac-f8efd717687b
2019-09-25 08:22:58,371 [IPC Server handler 5 on 42209] INFO  node.SCMNodeManager (SCMNodeManager.java:register(266)) - Registered Data node : 9ddacf8d-76dc-48cb-baac-f8efd717687b{ip: 192.168.36.126, host: pr-hdds-2174-pqx5g-486351168, networkLocation: /default-rack, certSerialId: null}
2019-09-25 08:22:58,461 [IPC Server handler 3 on 42209] INFO  net.NetworkTopology (NetworkTopologyImpl.java:add(111)) - Added a new node: /default-rack/ded00080-0019-457c-bc99-0f9a2e95546e
2019-09-25 08:22:58,461 [IPC Server handler 3 on 42209] INFO  node.SCMNodeManager (SCMNodeManager.java:register(266)) - Registered Data node : ded00080-0019-457c-bc99-0f9a2e95546e{ip: 192.168.36.126, host: pr-hdds-2174-pqx5g-486351168, networkLocation: /default-rack, certSerialId: null}
2019-09-25 08:22:58,567 [JUnit] INFO  ozone.MiniOzoneClusterImpl (MiniOzoneClusterImpl.java:lambda$waitForClusterToBeReady$0(147)) - Waiting for cluster to be ready. Got 4 of 5 DN Heartbeats.
2019-09-25 08:22:58,567 [IPC Server handler 7 on 42209] INFO  net.NetworkTopology (NetworkTopologyImpl.java:add(111)) - Added a new node: /default-rack/2fc70531-54f8-4344-a6a1-710636979233
2019-09-25 08:22:58,568 [IPC Server handler 7 on 42209] INFO  node.SCMNodeManager (SCMNodeManager.java:register(266)) - Registered Data node : 2fc70531-54f8-4344-a6a1-710636979233{ip: 192.168.36.126, host: pr-hdds-2174-pqx5g-486351168, networkLocation: /default-rack, certSerialId: null}
2019-09-25 08:22:58,881 [grpc-default-executor-0] INFO  impl.RaftServerProxy (RaftServerProxy.java:addNew(89)) - 5b0dbadb-21f4-40db-895f-4946533ce0da: addNew group-6C9777D41640:[5b0dbadb-21f4-40db-895f-4946533ce0da:192.168.36.126:43134] returns group-6C9777D41640:java.util.concurrent.CompletableFuture@640f1aa9[Not completed]
2019-09-25 08:22:58,906 [pool-27-thread-1] INFO  impl.RaftServerImpl (RaftServerImpl.java:<init>(95)) - 5b0dbadb-21f4-40db-895f-4946533ce0da: new RaftServerImpl for group-6C9777D41640:[5b0dbadb-21f4-40db-895f-4946533ce0da:192.168.36.126:43134] with ContainerStateMachine:uninitialized
2019-09-25 08:22:58,908 [pool-27-thread-1] INFO  server.RaftServerConfigKeys (ConfUtils.java:logGet(43)) - raft.server.rpc.timeout.min = 5s (custom)
2019-09-25 08:22:58,908 [pool-27-thread-1] INFO  server.RaftServerConfigKeys (ConfUtils.java:logGet(43)) - raft.server.rpc.timeout.max = 5200ms (custom)
2019-09-25 08:22:58,909 [pool-27-thread-1] INFO  server.RaftServerConfigKeys (ConfUtils.java:logGet(43)) - raft.server.rpcslowness.timeout = 120s (custom)
2019-09-25 08:22:58,910 [pool-27-thread-1] INFO  server.RaftServerConfigKeys (ConfUtils.java:logGet(43)) - raft.server.sleep.deviation.threshold = 300 (default)
2019-09-25 08:22:58,911 [pool-27-thread-1] INFO  server.RaftServerConfigKeys (ConfUtils.java:logGet(43)) - raft.server.log.appender.install.snapshot.enabled = false (custom)
2019-09-25 08:22:58,922 [pool-27-thread-1] INFO  impl.RaftServerImpl (ServerState.java:<init>(103)) - 5b0dbadb-21f4-40db-895f-4946533ce0da@group-6C9777D41640: ConfigurationManager, init=-1: [5b0dbadb-21f4-40db-895f-4946533ce0da:192.168.36.126:43134], old=null, confs=<EMPTY_MAP>
2019-09-25 08:22:58,922 [pool-27-thread-1] INFO  server.RaftServerConfigKeys (ConfUtils.java:logGet(43)) - raft.server.storage.dir = [/workdir/hadoop-ozone/ozonefs/target/test-dir/MiniOzoneClusterImpl-0756ba42-748f-4a0d-b324-9539ed31eefb/datanode-0/data/ratis] (custom)
2019-09-25 08:22:59,567 [JUnit] INFO  ozone.MiniOzoneClusterImpl (MiniOzoneClusterImpl.java:lambda$waitForClusterToBeReady$0(147)) - Cluster is ready. Got 5 of 5 DN Heartbeats.
2019-09-25 08:23:00,283 [Thread-209] INFO  rpc.RpcClient (RpcClient.java:createVolume(276)) - Creating Volume: volume91464, with user37785 as owner.
2019-09-25 08:23:00,446 [IPC Server handler 9 on 45879] INFO  volume.OMVolumeCreateRequest (OMVolumeCreateRequest.java:validateAndUpdateCache(194)) - created volume:volume91464 for user:user37785
2019-09-25 08:23:01,232 [Thread-208] INFO  container.ReplicationManager (ReplicationManager.java:start(162)) - Starting Replication Monitor Thread.
2019-09-25 08:23:01,236 [ReplicationMonitor] INFO  container.ReplicationManager (ReplicationManager.java:run(225)) - Replication Monitor Thread took 1 milliseconds for processing 0 containers.
2019-09-25 08:23:01,479 [RATISCREATEPIPELINE1] ERROR pipeline.RatisPipelineProvider (RatisPipelineProvider.java:lambda$null$5(235)) - Failed invoke Ratis rpc org.apache.hadoop.hdds.scm.pipeline.RatisPipelineProvider$$Lambda$199/2011647539@52bd20b5 for 5b0dbadb-21f4-40db-895f-4946533ce0da
org.apache.ratis.protocol.TimeoutIOException: deadline exceeded after 2945078295ns
	at org.apache.ratis.grpc.GrpcUtil.tryUnwrapException(GrpcUtil.java:82)
	at org.apache.ratis.grpc.GrpcUtil.unwrapException(GrpcUtil.java:75)
	at org.apache.ratis.grpc.client.GrpcClientProtocolClient.blockingCall(GrpcClientProtocolClient.java:178)
	at org.apache.ratis.grpc.client.GrpcClientProtocolClient.groupAdd(GrpcClientProtocolClient.java:147)
	at org.apache.ratis.grpc.client.GrpcClientRpc.sendRequest(GrpcClientRpc.java:94)
	at org.apache.ratis.client.impl.RaftClientImpl.sendRequest(RaftClientImpl.java:278)
	at org.apache.ratis.client.impl.RaftClientImpl.groupAdd(RaftClientImpl.java:205)
	at org.apache.hadoop.hdds.scm.pipeline.RatisPipelineProvider.lambda$initializePipeline$4(RatisPipelineProvider.java:196)
	at org.apache.hadoop.hdds.scm.pipeline.RatisPipelineProvider.lambda$null$5(RatisPipelineProvider.java:231)
	at java.util.stream.ForEachOps$ForEachOp$OfRef.accept(ForEachOps.java:184)
	at java.util.ArrayList$ArrayListSpliterator.forEachRemaining(ArrayList.java:1382)
	at java.util.stream.AbstractPipeline.copyInto(AbstractPipeline.java:482)
	at java.util.stream.ForEachOps$ForEachTask.compute(ForEachOps.java:291)
	at java.util.concurrent.CountedCompleter.exec(CountedCompleter.java:731)
	at java.util.concurrent.ForkJoinTask.doExec(ForkJoinTask.java:289)
	at java.util.concurrent.ForkJoinTask.doInvoke(ForkJoinTask.java:401)
	at java.util.concurrent.ForkJoinTask.invoke(ForkJoinTask.java:734)
	at java.util.stream.ForEachOps$ForEachOp.evaluateParallel(ForEachOps.java:160)
	at java.util.stream.ForEachOps$ForEachOp$OfRef.evaluateParallel(ForEachOps.java:174)
	at java.util.stream.AbstractPipeline.evaluate(AbstractPipeline.java:233)
	at java.util.stream.ReferencePipeline.forEach(ReferencePipeline.java:418)
	at java.util.stream.ReferencePipeline$Head.forEach(ReferencePipeline.java:583)
	at org.apache.hadoop.hdds.scm.pipeline.RatisPipelineProvider.lambda$callRatisRpc$6(RatisPipelineProvider.java:225)
	at java.util.concurrent.ForkJoinTask$AdaptedRunnableAction.exec(ForkJoinTask.java:1386)
	at java.util.concurrent.ForkJoinTask.doExec(ForkJoinTask.java:289)
	at java.util.concurrent.ForkJoinPool$WorkQueue.runTask(ForkJoinPool.java:1056)
	at java.util.concurrent.ForkJoinPool.runWorker(ForkJoinPool.java:1692)
	at java.util.concurrent.ForkJoinWorkerThread.run(ForkJoinWorkerThread.java:157)
Caused by: org.apache.ratis.thirdparty.io.grpc.StatusRuntimeException: DEADLINE_EXCEEDED: deadline exceeded after 2945078295ns
	at org.apache.ratis.thirdparty.io.grpc.stub.ClientCalls.toStatusRuntimeException(ClientCalls.java:233)
	at org.apache.ratis.thirdparty.io.grpc.stub.ClientCalls.getUnchecked(ClientCalls.java:214)
	at org.apache.ratis.thirdparty.io.grpc.stub.ClientCalls.blockingUnaryCall(ClientCalls.java:139)
	at org.apache.ratis.proto.grpc.AdminProtocolServiceGrpc$AdminProtocolServiceBlockingStub.groupManagement(AdminProtocolServiceGrpc.java:274)
	at org.apache.ratis.grpc.client.GrpcClientProtocolClient.lambda$groupAdd$3(GrpcClientProtocolClient.java:149)
	at org.apache.ratis.grpc.client.GrpcClientProtocolClient.blockingCall(GrpcClientProtocolClient.java:176)
	... 25 more
2019-09-25 08:23:01,549 [grpc-default-executor-0] INFO  impl.RaftServerProxy (RaftServerProxy.java:addNew(89)) - 5b0dbadb-21f4-40db-895f-4946533ce0da: addNew group-01C76DF8876D:[2fc70531-54f8-4344-a6a1-710636979233:192.168.36.126:43168, 3480664e-e083-4e16-97f4-fa54a8a0d12d:192.168.36.126:37426, 5b0dbadb-21f4-40db-895f-4946533ce0da:192.168.36.126:43134] returns group-01C76DF8876D:java.util.concurrent.CompletableFuture@4e1c86d2[Not completed]
2019-09-25 08:23:01,550 [grpc-default-executor-2] INFO  impl.RaftServerProxy (RaftServerProxy.java:addNew(89)) - 2fc70531-54f8-4344-a6a1-710636979233: addNew group-01C76DF8876D:[2fc70531-54f8-4344-a6a1-710636979233:192.168.36.126:43168, 3480664e-e083-4e16-97f4-fa54a8a0d12d:192.168.36.126:37426, 5b0dbadb-21f4-40db-895f-4946533ce0da:192.168.36.126:43134] returns group-01C76DF8876D:java.util.concurrent.CompletableFuture@2852e934[Not completed]
2019-09-25 08:23:01,550 [grpc-default-executor-1] INFO  impl.RaftServerProxy (RaftServerProxy.java:addNew(89)) - 3480664e-e083-4e16-97f4-fa54a8a0d12d: addNew group-01C76DF8876D:[2fc70531-54f8-4344-a6a1-710636979233:192.168.36.126:43168, 3480664e-e083-4e16-97f4-fa54a8a0d12d:192.168.36.126:37426, 5b0dbadb-21f4-40db-895f-4946533ce0da:192.168.36.126:43134] returns group-01C76DF8876D:java.util.concurrent.CompletableFuture@4096f064[Not completed]
2019-09-25 08:23:01,600 [pool-67-thread-1] INFO  impl.RaftServerImpl (RaftServerImpl.java:<init>(95)) - 2fc70531-54f8-4344-a6a1-710636979233: new RaftServerImpl for group-01C76DF8876D:[2fc70531-54f8-4344-a6a1-710636979233:192.168.36.126:43168, 3480664e-e083-4e16-97f4-fa54a8a0d12d:192.168.36.126:37426, 5b0dbadb-21f4-40db-895f-4946533ce0da:192.168.36.126:43134] with ContainerStateMachine:uninitialized
2019-09-25 08:23:01,604 [pool-67-thread-1] INFO  server.RaftServerConfigKeys (ConfUtils.java:logGet(43)) - raft.server.rpc.timeout.min = 5s (custom)
2019-09-25 08:23:01,618 [pool-67-thread-1] INFO  server.RaftServerConfigKeys (ConfUtils.java:logGet(43)) - raft.server.rpc.timeout.max = 5200ms (custom)
2019-09-25 08:23:01,630 [pool-67-thread-1] INFO  server.RaftServerConfigKeys (ConfUtils.java:logGet(43)) - raft.server.rpcslowness.timeout = 120s (custom)
2019-09-25 08:23:01,631 [pool-67-thread-1] INFO  server.RaftServerConfigKeys (ConfUtils.java:logGet(43)) - raft.server.sleep.deviation.threshold = 300 (default)
2019-09-25 08:23:01,631 [pool-67-thread-1] INFO  server.RaftServerConfigKeys (ConfUtils.java:logGet(43)) - raft.server.log.appender.install.snapshot.enabled = false (custom)
2019-09-25 08:23:01,631 [pool-67-thread-1] INFO  impl.RaftServerImpl (ServerState.java:<init>(103)) - 2fc70531-54f8-4344-a6a1-710636979233@group-01C76DF8876D: ConfigurationManager, init=-1: [2fc70531-54f8-4344-a6a1-710636979233:192.168.36.126:43168, 3480664e-e083-4e16-97f4-fa54a8a0d12d:192.168.36.126:37426, 5b0dbadb-21f4-40db-895f-4946533ce0da:192.168.36.126:43134], old=null, confs=<EMPTY_MAP>
2019-09-25 08:23:01,632 [pool-67-thread-1] INFO  server.RaftServerConfigKeys (ConfUtils.java:logGet(43)) - raft.server.storage.dir = [/workdir/hadoop-ozone/ozonefs/target/test-dir/MiniOzoneClusterImpl-0756ba42-748f-4a0d-b324-9539ed31eefb/datanode-4/data/ratis] (custom)
2019-09-25 08:23:01,632 [pool-37-thread-1] INFO  impl.RaftServerImpl (RaftServerImpl.java:<init>(95)) - 3480664e-e083-4e16-97f4-fa54a8a0d12d: new RaftServerImpl for group-01C76DF8876D:[2fc70531-54f8-4344-a6a1-710636979233:192.168.36.126:43168, 3480664e-e083-4e16-97f4-fa54a8a0d12d:192.168.36.126:37426, 5b0dbadb-21f4-40db-895f-4946533ce0da:192.168.36.126:43134] with ContainerStateMachine:uninitialized
2019-09-25 08:23:01,632 [pool-37-thread-1] INFO  server.RaftServerConfigKeys (ConfUtils.java:logGet(43)) - raft.server.rpc.timeout.min = 5s (custom)
2019-09-25 08:23:01,633 [pool-37-thread-1] INFO  server.RaftServerConfigKeys (ConfUtils.java:logGet(43)) - raft.server.rpc.timeout.max = 5200ms (custom)
2019-09-25 08:23:01,633 [pool-37-thread-1] INFO  server.RaftServerConfigKeys (ConfUtils.java:logGet(43)) - raft.server.rpcslowness.timeout = 120s (custom)
2019-09-25 08:23:01,633 [pool-37-thread-1] INFO  server.RaftServerConfigKeys (ConfUtils.java:logGet(43)) - raft.server.sleep.deviation.threshold = 300 (default)
2019-09-25 08:23:01,633 [pool-37-thread-1] INFO  server.RaftServerConfigKeys (ConfUtils.java:logGet(43)) - raft.server.log.appender.install.snapshot.enabled = false (custom)
2019-09-25 08:23:01,633 [pool-37-thread-1] INFO  impl.RaftServerImpl (ServerState.java:<init>(103)) - 3480664e-e083-4e16-97f4-fa54a8a0d12d@group-01C76DF8876D: ConfigurationManager, init=-1: [2fc70531-54f8-4344-a6a1-710636979233:192.168.36.126:43168, 3480664e-e083-4e16-97f4-fa54a8a0d12d:192.168.36.126:37426, 5b0dbadb-21f4-40db-895f-4946533ce0da:192.168.36.126:43134], old=null, confs=<EMPTY_MAP>
2019-09-25 08:23:01,634 [pool-37-thread-1] INFO  server.RaftServerConfigKeys (ConfUtils.java:logGet(43)) - raft.server.storage.dir = [/workdir/hadoop-ozone/ozonefs/target/test-dir/MiniOzoneClusterImpl-0756ba42-748f-4a0d-b324-9539ed31eefb/datanode-1/data/ratis] (custom)
2019-09-25 08:23:02,551 [pool-27-thread-1] INFO  storage.RaftStorageDirectory (RaftStorageDirectory.java:analyzeStorage(246)) - The storage directory /workdir/hadoop-ozone/ozonefs/target/test-dir/MiniOzoneClusterImpl-0756ba42-748f-4a0d-b324-9539ed31eefb/datanode-0/data/ratis/e26fb52a-5e93-4f8c-bbf1-6c9777d41640 does not exist. Creating ...
2019-09-25 08:23:02,551 [pool-37-thread-1] INFO  storage.RaftStorageDirectory (RaftStorageDirectory.java:analyzeStorage(246)) - The storage directory /workdir/hadoop-ozone/ozonefs/target/test-dir/MiniOzoneClusterImpl-0756ba42-748f-4a0d-b324-9539ed31eefb/datanode-1/data/ratis/6ef120c2-f832-4c3b-a411-01c76df8876d does not exist. Creating ...
2019-09-25 08:23:02,551 [pool-67-thread-1] INFO  storage.RaftStorageDirectory (RaftStorageDirectory.java:analyzeStorage(246)) - The storage directory /workdir/hadoop-ozone/ozonefs/target/test-dir/MiniOzoneClusterImpl-0756ba42-748f-4a0d-b324-9539ed31eefb/datanode-4/data/ratis/6ef120c2-f832-4c3b-a411-01c76df8876d does not exist. Creating ...
2019-09-25 08:23:02,614 [Thread-209] INFO  rpc.RpcClient (RpcClient.java:createBucket(415)) - Creating Bucket: volume91464/bucket77579, with Versioning false and Storage Type set to DISK and Encryption set to false 
2019-09-25 08:23:02,851 [Thread-209] INFO  contract.AbstractFSContractTestBase (AbstractFSContractTestBase.java:setup(184)) - Test filesystem = o3fs://bucket77579.volume91464 implemented by OzoneFileSystem{URI=o3fs://bucket77579.volume91464, workingDir=o3fs://bucket77579.volume91464/user/jenkins1000, userName=jenkins1000, statistics=0 bytes read, 0 bytes written, 0 read ops, 0 large read ops, 0 write ops}
2019-09-25 08:23:02,898 [Thread-209] INFO  contract.AbstractFSContractTestBase (AbstractFSContractTestBase.java:describe(255)) - verify trying to create a file over a non-empty dir fails, use builder API=false
2019-09-25 08:23:02,924 [pool-37-thread-1] INFO  storage.RaftStorageDirectory (RaftStorageDirectory.java:tryLock(328)) - Lock on /workdir/hadoop-ozone/ozonefs/target/test-dir/MiniOzoneClusterImpl-0756ba42-748f-4a0d-b324-9539ed31eefb/datanode-1/data/ratis/6ef120c2-f832-4c3b-a411-01c76df8876d/in_use.lock acquired by nodename 15009@pr-hdds-2174-pqx5g-486351168
2019-09-25 08:23:02,924 [pool-67-thread-1] INFO  storage.RaftStorageDirectory (RaftStorageDirectory.java:tryLock(328)) - Lock on /workdir/hadoop-ozone/ozonefs/target/test-dir/MiniOzoneClusterImpl-0756ba42-748f-4a0d-b324-9539ed31eefb/datanode-4/data/ratis/6ef120c2-f832-4c3b-a411-01c76df8876d/in_use.lock acquired by nodename 15009@pr-hdds-2174-pqx5g-486351168
2019-09-25 08:23:02,924 [pool-27-thread-1] INFO  storage.RaftStorageDirectory (RaftStorageDirectory.java:tryLock(328)) - Lock on /workdir/hadoop-ozone/ozonefs/target/test-dir/MiniOzoneClusterImpl-0756ba42-748f-4a0d-b324-9539ed31eefb/datanode-0/data/ratis/e26fb52a-5e93-4f8c-bbf1-6c9777d41640/in_use.lock acquired by nodename 15009@pr-hdds-2174-pqx5g-486351168
2019-09-25 08:23:04,502 [RATISCREATEPIPELINE3] ERROR pipeline.RatisPipelineProvider (RatisPipelineProvider.java:lambda$null$5(235)) - Failed invoke Ratis rpc org.apache.hadoop.hdds.scm.pipeline.RatisPipelineProvider$$Lambda$199/2011647539@169e4c0d for 2fc70531-54f8-4344-a6a1-710636979233
org.apache.ratis.protocol.TimeoutIOException: deadline exceeded after 2996416385ns
	at org.apache.ratis.grpc.GrpcUtil.tryUnwrapException(GrpcUtil.java:82)
	at org.apache.ratis.grpc.GrpcUtil.unwrapException(GrpcUtil.java:75)
	at org.apache.ratis.grpc.client.GrpcClientProtocolClient.blockingCall(GrpcClientProtocolClient.java:178)
	at org.apache.ratis.grpc.client.GrpcClientProtocolClient.groupAdd(GrpcClientProtocolClient.java:147)
	at org.apache.ratis.grpc.client.GrpcClientRpc.sendRequest(GrpcClientRpc.java:94)
	at org.apache.ratis.client.impl.RaftClientImpl.sendRequest(RaftClientImpl.java:278)
	at org.apache.ratis.client.impl.RaftClientImpl.groupAdd(RaftClientImpl.java:205)
	at org.apache.hadoop.hdds.scm.pipeline.RatisPipelineProvider.lambda$initializePipeline$4(RatisPipelineProvider.java:196)
	at org.apache.hadoop.hdds.scm.pipeline.RatisPipelineProvider.lambda$null$5(RatisPipelineProvider.java:231)
	at java.util.stream.ForEachOps$ForEachOp$OfRef.accept(ForEachOps.java:184)
	at java.util.ArrayList$ArrayListSpliterator.forEachRemaining(ArrayList.java:1382)
	at java.util.stream.AbstractPipeline.copyInto(AbstractPipeline.java:482)
	at java.util.stream.ForEachOps$ForEachTask.compute(ForEachOps.java:291)
	at java.util.concurrent.CountedCompleter.exec(CountedCompleter.java:731)
	at java.util.concurrent.ForkJoinTask.doExec(ForkJoinTask.java:289)
	at java.util.concurrent.ForkJoinPool$WorkQueue.runTask(ForkJoinPool.java:1056)
	at java.util.concurrent.ForkJoinPool.runWorker(ForkJoinPool.java:1692)
	at java.util.concurrent.ForkJoinWorkerThread.run(ForkJoinWorkerThread.java:157)
Caused by: org.apache.ratis.thirdparty.io.grpc.StatusRuntimeException: DEADLINE_EXCEEDED: deadline exceeded after 2996416385ns
	at org.apache.ratis.thirdparty.io.grpc.stub.ClientCalls.toStatusRuntimeException(ClientCalls.java:233)
	at org.apache.ratis.thirdparty.io.grpc.stub.ClientCalls.getUnchecked(ClientCalls.java:214)
	at org.apache.ratis.thirdparty.io.grpc.stub.ClientCalls.blockingUnaryCall(ClientCalls.java:139)
	at org.apache.ratis.proto.grpc.AdminProtocolServiceGrpc$AdminProtocolServiceBlockingStub.groupManagement(AdminProtocolServiceGrpc.java:274)
	at org.apache.ratis.grpc.client.GrpcClientProtocolClient.lambda$groupAdd$3(GrpcClientProtocolClient.java:149)
	at org.apache.ratis.grpc.client.GrpcClientProtocolClient.blockingCall(GrpcClientProtocolClient.java:176)
	... 15 more
2019-09-25 08:23:04,508 [RATISCREATEPIPELINE1] ERROR pipeline.RatisPipelineProvider (RatisPipelineProvider.java:lambda$null$5(235)) - Failed invoke Ratis rpc org.apache.hadoop.hdds.scm.pipeline.RatisPipelineProvider$$Lambda$199/2011647539@169e4c0d for 3480664e-e083-4e16-97f4-fa54a8a0d12d
org.apache.ratis.protocol.TimeoutIOException: deadline exceeded after 2999553372ns
	at org.apache.ratis.grpc.GrpcUtil.tryUnwrapException(GrpcUtil.java:82)
	at org.apache.ratis.grpc.GrpcUtil.unwrapException(GrpcUtil.java:75)
	at org.apache.ratis.grpc.client.GrpcClientProtocolClient.blockingCall(GrpcClientProtocolClient.java:178)
	at org.apache.ratis.grpc.client.GrpcClientProtocolClient.groupAdd(GrpcClientProtocolClient.java:147)
	at org.apache.ratis.grpc.client.GrpcClientRpc.sendRequest(GrpcClientRpc.java:94)
	at org.apache.ratis.client.impl.RaftClientImpl.sendRequest(RaftClientImpl.java:278)
	at org.apache.ratis.client.impl.RaftClientImpl.groupAdd(RaftClientImpl.java:205)
	at org.apache.hadoop.hdds.scm.pipeline.RatisPipelineProvider.lambda$initializePipeline$4(RatisPipelineProvider.java:196)
	at org.apache.hadoop.hdds.scm.pipeline.RatisPipelineProvider.lambda$null$5(RatisPipelineProvider.java:231)
	at java.util.stream.ForEachOps$ForEachOp$OfRef.accept(ForEachOps.java:184)
	at java.util.ArrayList$ArrayListSpliterator.forEachRemaining(ArrayList.java:1382)
	at java.util.stream.AbstractPipeline.copyInto(AbstractPipeline.java:482)
	at java.util.stream.ForEachOps$ForEachTask.compute(ForEachOps.java:291)
	at java.util.concurrent.CountedCompleter.exec(CountedCompleter.java:731)
	at java.util.concurrent.ForkJoinTask.doExec(ForkJoinTask.java:289)
	at java.util.concurrent.ForkJoinTask.doInvoke(ForkJoinTask.java:401)
	at java.util.concurrent.ForkJoinTask.invoke(ForkJoinTask.java:734)
	at java.util.stream.ForEachOps$ForEachOp.evaluateParallel(ForEachOps.java:160)
	at java.util.stream.ForEachOps$ForEachOp$OfRef.evaluateParallel(ForEachOps.java:174)
	at java.util.stream.AbstractPipeline.evaluate(AbstractPipeline.java:233)
	at java.util.stream.ReferencePipeline.forEach(ReferencePipeline.java:418)
	at java.util.stream.ReferencePipeline$Head.forEach(ReferencePipeline.java:583)
	at org.apache.hadoop.hdds.scm.pipeline.RatisPipelineProvider.lambda$callRatisRpc$6(RatisPipelineProvider.java:225)
	at java.util.concurrent.ForkJoinTask$AdaptedRunnableAction.exec(ForkJoinTask.java:1386)
	at java.util.concurrent.ForkJoinTask.doExec(ForkJoinTask.java:289)
	at java.util.concurrent.ForkJoinPool$WorkQueue.runTask(ForkJoinPool.java:1056)
	at java.util.concurrent.ForkJoinPool.runWorker(ForkJoinPool.java:1692)
	at java.util.concurrent.ForkJoinWorkerThread.run(ForkJoinWorkerThread.java:157)
Caused by: org.apache.ratis.thirdparty.io.grpc.StatusRuntimeException: DEADLINE_EXCEEDED: deadline exceeded after 2999553372ns
	at org.apache.ratis.thirdparty.io.grpc.stub.ClientCalls.toStatusRuntimeException(ClientCalls.java:233)
	at org.apache.ratis.thirdparty.io.grpc.stub.ClientCalls.getUnchecked(ClientCalls.java:214)
	at org.apache.ratis.thirdparty.io.grpc.stub.ClientCalls.blockingUnaryCall(ClientCalls.java:139)
	at org.apache.ratis.proto.grpc.AdminProtocolServiceGrpc$AdminProtocolServiceBlockingStub.groupManagement(AdminProtocolServiceGrpc.java:274)
	at org.apache.ratis.grpc.client.GrpcClientProtocolClient.lambda$groupAdd$3(GrpcClientProtocolClient.java:149)
	at org.apache.ratis.grpc.client.GrpcClientProtocolClient.blockingCall(GrpcClientProtocolClient.java:176)
	... 25 more
2019-09-25 08:23:04,504 [RATISCREATEPIPELINE2] ERROR pipeline.RatisPipelineProvider (RatisPipelineProvider.java:lambda$null$5(235)) - Failed invoke Ratis rpc org.apache.hadoop.hdds.scm.pipeline.RatisPipelineProvider$$Lambda$199/2011647539@169e4c0d for 5b0dbadb-21f4-40db-895f-4946533ce0da
org.apache.ratis.protocol.TimeoutIOException: deadline exceeded after 2996702498ns
	at org.apache.ratis.grpc.GrpcUtil.tryUnwrapException(GrpcUtil.java:82)
	at org.apache.ratis.grpc.GrpcUtil.unwrapException(GrpcUtil.java:75)
	at org.apache.ratis.grpc.client.GrpcClientProtocolClient.blockingCall(GrpcClientProtocolClient.java:178)
	at org.apache.ratis.grpc.client.GrpcClientProtocolClient.groupAdd(GrpcClientProtocolClient.java:147)
	at org.apache.ratis.grpc.client.GrpcClientRpc.sendRequest(GrpcClientRpc.java:94)
	at org.apache.ratis.client.impl.RaftClientImpl.sendRequest(RaftClientImpl.java:278)
	at org.apache.ratis.client.impl.RaftClientImpl.groupAdd(RaftClientImpl.java:205)
	at org.apache.hadoop.hdds.scm.pipeline.RatisPipelineProvider.lambda$initializePipeline$4(RatisPipelineProvider.java:196)
	at org.apache.hadoop.hdds.scm.pipeline.RatisPipelineProvider.lambda$null$5(RatisPipelineProvider.java:231)
	at java.util.stream.ForEachOps$ForEachOp$OfRef.accept(ForEachOps.java:184)
	at java.util.ArrayList$ArrayListSpliterator.forEachRemaining(ArrayList.java:1382)
	at java.util.stream.AbstractPipeline.copyInto(AbstractPipeline.java:482)
	at java.util.stream.ForEachOps$ForEachTask.compute(ForEachOps.java:291)
	at java.util.concurrent.CountedCompleter.exec(CountedCompleter.java:731)
	at java.util.concurrent.ForkJoinTask.doExec(ForkJoinTask.java:289)
	at java.util.concurrent.ForkJoinPool$WorkQueue.runTask(ForkJoinPool.java:1056)
	at java.util.concurrent.ForkJoinPool.runWorker(ForkJoinPool.java:1692)
	at java.util.concurrent.ForkJoinWorkerThread.run(ForkJoinWorkerThread.java:157)
Caused by: org.apache.ratis.thirdparty.io.grpc.StatusRuntimeException: DEADLINE_EXCEEDED: deadline exceeded after 2996702498ns
	at org.apache.ratis.thirdparty.io.grpc.stub.ClientCalls.toStatusRuntimeException(ClientCalls.java:233)
	at org.apache.ratis.thirdparty.io.grpc.stub.ClientCalls.getUnchecked(ClientCalls.java:214)
	at org.apache.ratis.thirdparty.io.grpc.stub.ClientCalls.blockingUnaryCall(ClientCalls.java:139)
	at org.apache.ratis.proto.grpc.AdminProtocolServiceGrpc$AdminProtocolServiceBlockingStub.groupManagement(AdminProtocolServiceGrpc.java:274)
	at org.apache.ratis.grpc.client.GrpcClientProtocolClient.lambda$groupAdd$3(GrpcClientProtocolClient.java:149)
	at org.apache.ratis.grpc.client.GrpcClientProtocolClient.blockingCall(GrpcClientProtocolClient.java:176)
	... 15 more
2019-09-25 08:23:04,858 [grpc-default-executor-0] INFO  impl.RaftServerProxy (RaftServerProxy.java:addNew(89)) - 5b0dbadb-21f4-40db-895f-4946533ce0da: addNew group-4DF841F73696:[5b0dbadb-21f4-40db-895f-4946533ce0da:192.168.36.126:43134] returns group-4DF841F73696:java.util.concurrent.CompletableFuture@48e8cc40[Not completed]
2019-09-25 08:23:07,846 [RATISCREATEPIPELINE1] ERROR pipeline.RatisPipelineProvider (RatisPipelineProvider.java:lambda$null$5(235)) - Failed invoke Ratis rpc org.apache.hadoop.hdds.scm.pipeline.RatisPipelineProvider$$Lambda$199/2011647539@794667a1 for 5b0dbadb-21f4-40db-895f-4946533ce0da
org.apache.ratis.protocol.TimeoutIOException: deadline exceeded after 2998278790ns
	at org.apache.ratis.grpc.GrpcUtil.tryUnwrapException(GrpcUtil.java:82)
	at org.apache.ratis.grpc.GrpcUtil.unwrapException(GrpcUtil.java:75)
	at org.apache.ratis.grpc.client.GrpcClientProtocolClient.blockingCall(GrpcClientProtocolClient.java:178)
	at org.apache.ratis.grpc.client.GrpcClientProtocolClient.groupAdd(GrpcClientProtocolClient.java:147)
	at org.apache.ratis.grpc.client.GrpcClientRpc.sendRequest(GrpcClientRpc.java:94)
	at org.apache.ratis.client.impl.RaftClientImpl.sendRequest(RaftClientImpl.java:278)
	at org.apache.ratis.client.impl.RaftClientImpl.groupAdd(RaftClientImpl.java:205)
	at org.apache.hadoop.hdds.scm.pipeline.RatisPipelineProvider.lambda$initializePipeline$4(RatisPipelineProvider.java:196)
	at org.apache.hadoop.hdds.scm.pipeline.RatisPipelineProvider.lambda$null$5(RatisPipelineProvider.java:231)
	at java.util.stream.ForEachOps$ForEachOp$OfRef.accept(ForEachOps.java:184)
	at java.util.ArrayList$ArrayListSpliterator.forEachRemaining(ArrayList.java:1382)
	at java.util.stream.AbstractPipeline.copyInto(AbstractPipeline.java:482)
	at java.util.stream.ForEachOps$ForEachTask.compute(ForEachOps.java:291)
	at java.util.concurrent.CountedCompleter.exec(CountedCompleter.java:731)
	at java.util.concurrent.ForkJoinTask.doExec(ForkJoinTask.java:289)
	at java.util.concurrent.ForkJoinTask.doInvoke(ForkJoinTask.java:401)
	at java.util.concurrent.ForkJoinTask.invoke(ForkJoinTask.java:734)
	at java.util.stream.ForEachOps$ForEachOp.evaluateParallel(ForEachOps.java:160)
	at java.util.stream.ForEachOps$ForEachOp$OfRef.evaluateParallel(ForEachOps.java:174)
	at java.util.stream.AbstractPipeline.evaluate(AbstractPipeline.java:233)
	at java.util.stream.ReferencePipeline.forEach(ReferencePipeline.java:418)
	at java.util.stream.ReferencePipeline$Head.forEach(ReferencePipeline.java:583)
	at org.apache.hadoop.hdds.scm.pipeline.RatisPipelineProvider.lambda$callRatisRpc$6(RatisPipelineProvider.java:225)
	at java.util.concurrent.ForkJoinTask$AdaptedRunnableAction.exec(ForkJoinTask.java:1386)
	at java.util.concurrent.ForkJoinTask.doExec(ForkJoinTask.java:289)
	at java.util.concurrent.ForkJoinPool$WorkQueue.runTask(ForkJoinPool.java:1056)
	at java.util.concurrent.ForkJoinPool.runWorker(ForkJoinPool.java:1692)
	at java.util.concurrent.ForkJoinWorkerThread.run(ForkJoinWorkerThread.java:157)
Caused by: org.apache.ratis.thirdparty.io.grpc.StatusRuntimeException: DEADLINE_EXCEEDED: deadline exceeded after 2998278790ns
	at org.apache.ratis.thirdparty.io.grpc.stub.ClientCalls.toStatusRuntimeException(ClientCalls.java:233)
	at org.apache.ratis.thirdparty.io.grpc.stub.ClientCalls.getUnchecked(ClientCalls.java:214)
	at org.apache.ratis.thirdparty.io.grpc.stub.ClientCalls.blockingUnaryCall(ClientCalls.java:139)
	at org.apache.ratis.proto.grpc.AdminProtocolServiceGrpc$AdminProtocolServiceBlockingStub.groupManagement(AdminProtocolServiceGrpc.java:274)
	at org.apache.ratis.grpc.client.GrpcClientProtocolClient.lambda$groupAdd$3(GrpcClientProtocolClient.java:149)
	at org.apache.ratis.grpc.client.GrpcClientProtocolClient.blockingCall(GrpcClientProtocolClient.java:176)
	... 25 more
2019-09-25 08:23:07,902 [grpc-default-executor-1] INFO  impl.RaftServerProxy (RaftServerProxy.java:addNew(89)) - 3480664e-e083-4e16-97f4-fa54a8a0d12d: addNew group-84731DF171BE:[2fc70531-54f8-4344-a6a1-710636979233:192.168.36.126:43168, 3480664e-e083-4e16-97f4-fa54a8a0d12d:192.168.36.126:37426, 5b0dbadb-21f4-40db-895f-4946533ce0da:192.168.36.126:43134] returns group-84731DF171BE:java.util.concurrent.CompletableFuture@711cd10b[Not completed]
2019-09-25 08:23:07,906 [grpc-default-executor-0] INFO  impl.RaftServerProxy (RaftServerProxy.java:addNew(89)) - 5b0dbadb-21f4-40db-895f-4946533ce0da: addNew group-84731DF171BE:[2fc70531-54f8-4344-a6a1-710636979233:192.168.36.126:43168, 3480664e-e083-4e16-97f4-fa54a8a0d12d:192.168.36.126:37426, 5b0dbadb-21f4-40db-895f-4946533ce0da:192.168.36.126:43134] returns group-84731DF171BE:java.util.concurrent.CompletableFuture@20fba5fc[Not completed]
2019-09-25 08:23:07,907 [grpc-default-executor-1] INFO  impl.RaftServerProxy (RaftServerProxy.java:addNew(89)) - 2fc70531-54f8-4344-a6a1-710636979233: addNew group-84731DF171BE:[2fc70531-54f8-4344-a6a1-710636979233:192.168.36.126:43168, 3480664e-e083-4e16-97f4-fa54a8a0d12d:192.168.36.126:37426, 5b0dbadb-21f4-40db-895f-4946533ce0da:192.168.36.126:43134] returns group-84731DF171BE:java.util.concurrent.CompletableFuture@57dbc064[Not completed]
2019-09-25 08:23:08,005 [pool-67-thread-1] INFO  storage.RaftStorage (RaftStorage.java:format(72)) - Storage directory /workdir/hadoop-ozone/ozonefs/target/test-dir/MiniOzoneClusterImpl-0756ba42-748f-4a0d-b324-9539ed31eefb/datanode-4/data/ratis/6ef120c2-f832-4c3b-a411-01c76df8876d has been successfully formatted.
2019-09-25 08:23:08,005 [pool-27-thread-1] INFO  storage.RaftStorage (RaftStorage.java:format(72)) - Storage directory /workdir/hadoop-ozone/ozonefs/target/test-dir/MiniOzoneClusterImpl-0756ba42-748f-4a0d-b324-9539ed31eefb/datanode-0/data/ratis/e26fb52a-5e93-4f8c-bbf1-6c9777d41640 has been successfully formatted.
2019-09-25 08:23:08,005 [pool-37-thread-1] INFO  storage.RaftStorage (RaftStorage.java:format(72)) - Storage directory /workdir/hadoop-ozone/ozonefs/target/test-dir/MiniOzoneClusterImpl-0756ba42-748f-4a0d-b324-9539ed31eefb/datanode-1/data/ratis/6ef120c2-f832-4c3b-a411-01c76df8876d has been successfully formatted.
2019-09-25 08:23:08,012 [pool-67-thread-1] INFO  ratis.ContainerStateMachine (ContainerStateMachine.java:loadSnapshot(230)) - group-01C76DF8876D: The snapshot info is null. Setting the last applied indexto:(t:0, i:~)
2019-09-25 08:23:08,012 [pool-27-thread-1] INFO  ratis.ContainerStateMachine (ContainerStateMachine.java:loadSnapshot(230)) - group-6C9777D41640: The snapshot info is null. Setting the last applied indexto:(t:0, i:~)
2019-09-25 08:23:08,014 [pool-67-thread-1] INFO  server.RaftServerConfigKeys (ConfUtils.java:logGet(43)) - raft.server.notification.no-leader.timeout = 120s (custom)
2019-09-25 08:23:08,012 [pool-37-thread-1] INFO  ratis.ContainerStateMachine (ContainerStateMachine.java:loadSnapshot(230)) - group-01C76DF8876D: The snapshot info is null. Setting the last applied indexto:(t:0, i:~)
2019-09-25 08:23:08,014 [pool-27-thread-1] INFO  server.RaftServerConfigKeys (ConfUtils.java:logGet(43)) - raft.server.notification.no-leader.timeout = 120s (custom)
2019-09-25 08:23:08,015 [pool-37-thread-1] INFO  server.RaftServerConfigKeys (ConfUtils.java:logGet(43)) - raft.server.notification.no-leader.timeout = 120s (custom)
2019-09-25 08:23:08,018 [pool-27-thread-1] INFO  server.RaftServerConfigKeys (ConfUtils.java:logGet(43)) - raft.server.log.use.memory = false (default)
2019-09-25 08:23:08,018 [pool-67-thread-1] INFO  server.RaftServerConfigKeys (ConfUtils.java:logGet(43)) - raft.server.log.use.memory = false (default)
2019-09-25 08:23:08,018 [pool-37-thread-1] INFO  server.RaftServerConfigKeys (ConfUtils.java:logGet(43)) - raft.server.log.use.memory = false (default)
2019-09-25 08:23:08,028 [pool-27-thread-1] INFO  server.RaftServerConfigKeys (ConfUtils.java:logGet(43)) - raft.server.log.purge.gap = 1000000 (custom)
2019-09-25 08:23:08,028 [pool-67-thread-1] INFO  server.RaftServerConfigKeys (ConfUtils.java:logGet(43)) - raft.server.log.purge.gap = 1000000 (custom)
2019-09-25 08:23:08,028 [pool-37-thread-1] INFO  server.RaftServerConfigKeys (ConfUtils.java:logGet(43)) - raft.server.log.purge.gap = 1000000 (custom)
2019-09-25 08:23:08,029 [pool-67-thread-1] INFO  server.RaftServerConfigKeys (ConfUtils.java:logGet(43)) - raft.server.log.appender.buffer.byte-limit = 33554432 (custom)
2019-09-25 08:23:08,029 [pool-27-thread-1] INFO  server.RaftServerConfigKeys (ConfUtils.java:logGet(43)) - raft.server.log.appender.buffer.byte-limit = 33554432 (custom)
2019-09-25 08:23:08,029 [pool-37-thread-1] INFO  server.RaftServerConfigKeys (ConfUtils.java:logGet(43)) - raft.server.log.appender.buffer.byte-limit = 33554432 (custom)
2019-09-25 08:23:08,034 [pool-37-thread-1] INFO  server.RaftServerConfigKeys (ConfUtils.java:logGet(43)) - raft.server.log.segment.size.max = 1048576 (custom)
2019-09-25 08:23:08,034 [pool-67-thread-1] INFO  server.RaftServerConfigKeys (ConfUtils.java:logGet(43)) - raft.server.log.segment.size.max = 1048576 (custom)
2019-09-25 08:23:08,034 [pool-27-thread-1] INFO  server.RaftServerConfigKeys (ConfUtils.java:logGet(43)) - raft.server.log.segment.size.max = 1048576 (custom)
2019-09-25 08:23:08,043 [pool-37-thread-1] INFO  server.RaftServerConfigKeys (ConfUtils.java:logGet(43)) - raft.server.log.segment.cache.num.max = 2 (custom)
2019-09-25 08:23:08,043 [pool-27-thread-1] INFO  server.RaftServerConfigKeys (ConfUtils.java:logGet(43)) - raft.server.log.segment.cache.num.max = 2 (custom)
2019-09-25 08:23:08,043 [pool-67-thread-1] INFO  server.RaftServerConfigKeys (ConfUtils.java:logGet(43)) - raft.server.log.segment.cache.num.max = 2 (custom)
2019-09-25 08:23:08,053 [pool-37-thread-1] INFO  segmented.SegmentedRaftLogWorker (SegmentedRaftLogWorker.java:<init>(172)) - new 3480664e-e083-4e16-97f4-fa54a8a0d12d@group-01C76DF8876D-SegmentedRaftLogWorker for RaftStorage:Storage Directory /workdir/hadoop-ozone/ozonefs/target/test-dir/MiniOzoneClusterImpl-0756ba42-748f-4a0d-b324-9539ed31eefb/datanode-1/data/ratis/6ef120c2-f832-4c3b-a411-01c76df8876d
2019-09-25 08:23:08,053 [pool-27-thread-1] INFO  segmented.SegmentedRaftLogWorker (SegmentedRaftLogWorker.java:<init>(172)) - new 5b0dbadb-21f4-40db-895f-4946533ce0da@group-6C9777D41640-SegmentedRaftLogWorker for RaftStorage:Storage Directory /workdir/hadoop-ozone/ozonefs/target/test-dir/MiniOzoneClusterImpl-0756ba42-748f-4a0d-b324-9539ed31eefb/datanode-0/data/ratis/e26fb52a-5e93-4f8c-bbf1-6c9777d41640
2019-09-25 08:23:08,053 [pool-67-thread-1] INFO  segmented.SegmentedRaftLogWorker (SegmentedRaftLogWorker.java:<init>(172)) - new 2fc70531-54f8-4344-a6a1-710636979233@group-01C76DF8876D-SegmentedRaftLogWorker for RaftStorage:Storage Directory /workdir/hadoop-ozone/ozonefs/target/test-dir/MiniOzoneClusterImpl-0756ba42-748f-4a0d-b324-9539ed31eefb/datanode-4/data/ratis/6ef120c2-f832-4c3b-a411-01c76df8876d
2019-09-25 08:23:08,057 [pool-37-thread-1] INFO  impl.MetricsSystemImpl (MetricsSystemImpl.java:init(158)) - ratis metrics system started (again)
2019-09-25 08:23:08,067 [pool-37-thread-1] INFO  metrics.MetricRegistries (MetricRegistriesLoader.java:load(64)) - Loaded MetricRegistries class org.apache.ratis.metrics.impl.MetricRegistriesImpl
2019-09-25 08:23:08,161 [pool-67-thread-1] INFO  server.RaftServerConfigKeys (ConfUtils.java:logGet(43)) - raft.server.log.queue.byte-limit = 2147483647 (custom)
2019-09-25 08:23:08,161 [pool-27-thread-1] INFO  server.RaftServerConfigKeys (ConfUtils.java:logGet(43)) - raft.server.log.queue.byte-limit = 2147483647 (custom)
2019-09-25 08:23:08,162 [pool-37-thread-1] INFO  server.RaftServerConfigKeys (ConfUtils.java:logGet(43)) - raft.server.log.queue.byte-limit = 2147483647 (custom)
2019-09-25 08:23:08,162 [pool-67-thread-1] INFO  server.RaftServerConfigKeys (ConfUtils.java:logGet(43)) - raft.server.log.queue.element-limit = 1024 (custom)
2019-09-25 08:23:08,162 [pool-27-thread-1] INFO  server.RaftServerConfigKeys (ConfUtils.java:logGet(43)) - raft.server.log.queue.element-limit = 1024 (custom)
2019-09-25 08:23:08,162 [pool-37-thread-1] INFO  server.RaftServerConfigKeys (ConfUtils.java:logGet(43)) - raft.server.log.queue.element-limit = 1024 (custom)
2019-09-25 08:23:08,167 [pool-67-thread-1] INFO  server.RaftServerConfigKeys (ConfUtils.java:logGet(43)) - raft.server.log.segment.size.max = 1048576 (custom)
2019-09-25 08:23:08,167 [pool-27-thread-1] INFO  server.RaftServerConfigKeys (ConfUtils.java:logGet(43)) - raft.server.log.segment.size.max = 1048576 (custom)
2019-09-25 08:23:08,167 [pool-37-thread-1] INFO  server.RaftServerConfigKeys (ConfUtils.java:logGet(43)) - raft.server.log.segment.size.max = 1048576 (custom)
2019-09-25 08:23:08,168 [pool-67-thread-1] INFO  server.RaftServerConfigKeys (ConfUtils.java:logGet(43)) - raft.server.log.preallocated.size = 16384 (custom)
2019-09-25 08:23:08,168 [pool-37-thread-1] INFO  server.RaftServerConfigKeys (ConfUtils.java:logGet(43)) - raft.server.log.preallocated.size = 16384 (custom)
2019-09-25 08:23:08,168 [pool-27-thread-1] INFO  server.RaftServerConfigKeys (ConfUtils.java:logGet(43)) - raft.server.log.preallocated.size = 16384 (custom)
2019-09-25 08:23:08,168 [pool-67-thread-1] INFO  server.RaftServerConfigKeys (ConfUtils.java:logGet(43)) - raft.server.log.write.buffer.size = 33554432 (custom)
2019-09-25 08:23:08,169 [pool-37-thread-1] INFO  server.RaftServerConfigKeys (ConfUtils.java:logGet(43)) - raft.server.log.write.buffer.size = 33554432 (custom)
2019-09-25 08:23:08,168 [pool-27-thread-1] INFO  server.RaftServerConfigKeys (ConfUtils.java:logGet(43)) - raft.server.log.write.buffer.size = 33554432 (custom)
2019-09-25 08:23:08,169 [pool-27-thread-1] INFO  server.RaftServerConfigKeys (ConfUtils.java:logGet(43)) - raft.server.log.force.sync.num = 128 (default)
2019-09-25 08:23:08,169 [pool-37-thread-1] INFO  server.RaftServerConfigKeys (ConfUtils.java:logGet(43)) - raft.server.log.force.sync.num = 128 (default)
2019-09-25 08:23:08,169 [pool-67-thread-1] INFO  server.RaftServerConfigKeys (ConfUtils.java:logGet(43)) - raft.server.log.force.sync.num = 128 (default)
2019-09-25 08:23:08,171 [pool-37-thread-1] INFO  server.RaftServerConfigKeys (ConfUtils.java:logGet(43)) - raft.server.log.statemachine.data.sync = true (default)
2019-09-25 08:23:08,171 [pool-27-thread-1] INFO  server.RaftServerConfigKeys (ConfUtils.java:logGet(43)) - raft.server.log.statemachine.data.sync = true (default)
2019-09-25 08:23:08,171 [pool-67-thread-1] INFO  server.RaftServerConfigKeys (ConfUtils.java:logGet(43)) - raft.server.log.statemachine.data.sync = true (default)
2019-09-25 08:23:08,171 [pool-27-thread-1] INFO  server.RaftServerConfigKeys (ConfUtils.java:logGet(43)) - raft.server.log.statemachine.data.sync.timeout = 10s (default)
2019-09-25 08:23:08,171 [pool-37-thread-1] INFO  server.RaftServerConfigKeys (ConfUtils.java:logGet(43)) - raft.server.log.statemachine.data.sync.timeout = 10s (default)
2019-09-25 08:23:08,171 [pool-67-thread-1] INFO  server.RaftServerConfigKeys (ConfUtils.java:logGet(43)) - raft.server.log.statemachine.data.sync.timeout = 10s (default)
2019-09-25 08:23:08,172 [pool-27-thread-1] INFO  server.RaftServerConfigKeys (ConfUtils.java:logGet(43)) - raft.server.log.statemachine.data.sync.timeout.retry = -1 (default)
2019-09-25 08:23:08,172 [pool-67-thread-1] INFO  server.RaftServerConfigKeys (ConfUtils.java:logGet(43)) - raft.server.log.statemachine.data.sync.timeout.retry = -1 (default)
2019-09-25 08:23:08,172 [pool-37-thread-1] INFO  server.RaftServerConfigKeys (ConfUtils.java:logGet(43)) - raft.server.log.statemachine.data.sync.timeout.retry = -1 (default)
2019-09-25 08:23:08,188 [pool-37-thread-1] INFO  server.RaftServerConfigKeys (ConfUtils.java:logGet(43)) - raft.server.log.statemachine.data.caching.enabled = true (custom)
2019-09-25 08:23:08,188 [pool-27-thread-1] INFO  server.RaftServerConfigKeys (ConfUtils.java:logGet(43)) - raft.server.log.statemachine.data.caching.enabled = true (custom)
2019-09-25 08:23:08,188 [pool-67-thread-1] INFO  server.RaftServerConfigKeys (ConfUtils.java:logGet(43)) - raft.server.log.statemachine.data.caching.enabled = true (custom)
2019-09-25 08:23:08,200 [pool-37-thread-1] INFO  segmented.SegmentedRaftLogWorker (SegmentedRaftLogWorker.java:lambda$new$0(132)) - 3480664e-e083-4e16-97f4-fa54a8a0d12d@group-01C76DF8876D-SegmentedRaftLogWorker: flushIndex: setUnconditionally 0 -> -1
2019-09-25 08:23:08,200 [pool-27-thread-1] INFO  segmented.SegmentedRaftLogWorker (SegmentedRaftLogWorker.java:lambda$new$0(132)) - 5b0dbadb-21f4-40db-895f-4946533ce0da@group-6C9777D41640-SegmentedRaftLogWorker: flushIndex: setUnconditionally 0 -> -1
2019-09-25 08:23:08,200 [pool-67-thread-1] INFO  segmented.SegmentedRaftLogWorker (SegmentedRaftLogWorker.java:lambda$new$0(132)) - 2fc70531-54f8-4344-a6a1-710636979233@group-01C76DF8876D-SegmentedRaftLogWorker: flushIndex: setUnconditionally 0 -> -1
2019-09-25 08:23:08,209 [pool-37-thread-1] INFO  server.RaftServerConfigKeys (ConfUtils.java:logGet(43)) - raft.server.snapshot.auto.trigger.enabled = true (custom)
2019-09-25 08:23:08,209 [pool-67-thread-1] INFO  server.RaftServerConfigKeys (ConfUtils.java:logGet(43)) - raft.server.snapshot.auto.trigger.enabled = true (custom)
2019-09-25 08:23:08,209 [pool-27-thread-1] INFO  server.RaftServerConfigKeys (ConfUtils.java:logGet(43)) - raft.server.snapshot.auto.trigger.enabled = true (custom)
2019-09-25 08:23:08,211 [pool-67-thread-1] INFO  server.RaftServerConfigKeys (ConfUtils.java:logGet(43)) - raft.server.snapshot.auto.trigger.threshold = 10000 (custom)
2019-09-25 08:23:08,212 [pool-27-thread-1] INFO  server.RaftServerConfigKeys (ConfUtils.java:logGet(43)) - raft.server.snapshot.auto.trigger.threshold = 10000 (custom)
2019-09-25 08:23:08,212 [pool-37-thread-1] INFO  server.RaftServerConfigKeys (ConfUtils.java:logGet(43)) - raft.server.snapshot.auto.trigger.threshold = 10000 (custom)
2019-09-25 08:23:08,212 [pool-67-thread-1] INFO  server.RaftServerConfigKeys (ConfUtils.java:logGet(43)) - raft.server.snapshot.retention.num.files = 5 (custom)
2019-09-25 08:23:08,212 [pool-27-thread-1] INFO  server.RaftServerConfigKeys (ConfUtils.java:logGet(43)) - raft.server.snapshot.retention.num.files = 5 (custom)
2019-09-25 08:23:08,213 [pool-37-thread-1] INFO  server.RaftServerConfigKeys (ConfUtils.java:logGet(43)) - raft.server.snapshot.retention.num.files = 5 (custom)
2019-09-25 08:23:08,213 [pool-37-thread-1] INFO  server.RaftServerConfigKeys (ConfUtils.java:logGet(43)) - raft.server.retrycache.expirytime = 600000ms (custom)
2019-09-25 08:23:08,213 [pool-27-thread-1] INFO  server.RaftServerConfigKeys (ConfUtils.java:logGet(43)) - raft.server.retrycache.expirytime = 600000ms (custom)
2019-09-25 08:23:08,213 [pool-67-thread-1] INFO  server.RaftServerConfigKeys (ConfUtils.java:logGet(43)) - raft.server.retrycache.expirytime = 600000ms (custom)
2019-09-25 08:23:08,268 [pool-67-thread-1] INFO  impl.RaftServerImpl (RaftServerImpl.java:<init>(95)) - 2fc70531-54f8-4344-a6a1-710636979233: new RaftServerImpl for group-84731DF171BE:[2fc70531-54f8-4344-a6a1-710636979233:192.168.36.126:43168, 3480664e-e083-4e16-97f4-fa54a8a0d12d:192.168.36.126:37426, 5b0dbadb-21f4-40db-895f-4946533ce0da:192.168.36.126:43134] with ContainerStateMachine:uninitialized
2019-09-25 08:23:08,268 [pool-67-thread-1] INFO  server.RaftServerConfigKeys (ConfUtils.java:logGet(43)) - raft.server.rpc.timeout.min = 5s (custom)
2019-09-25 08:23:08,268 [pool-67-thread-1] INFO  server.RaftServerConfigKeys (ConfUtils.java:logGet(43)) - raft.server.rpc.timeout.max = 5200ms (custom)
2019-09-25 08:23:08,269 [pool-67-thread-1] INFO  server.RaftServerConfigKeys (ConfUtils.java:logGet(43)) - raft.server.rpcslowness.timeout = 120s (custom)
2019-09-25 08:23:08,269 [pool-67-thread-1] INFO  server.RaftServerConfigKeys (ConfUtils.java:logGet(43)) - raft.server.sleep.deviation.threshold = 300 (default)
2019-09-25 08:23:08,269 [pool-67-thread-1] INFO  server.RaftServerConfigKeys (ConfUtils.java:logGet(43)) - raft.server.log.appender.install.snapshot.enabled = false (custom)
2019-09-25 08:23:08,269 [pool-67-thread-1] INFO  impl.RaftServerImpl (ServerState.java:<init>(103)) - 2fc70531-54f8-4344-a6a1-710636979233@group-84731DF171BE: ConfigurationManager, init=-1: [2fc70531-54f8-4344-a6a1-710636979233:192.168.36.126:43168, 3480664e-e083-4e16-97f4-fa54a8a0d12d:192.168.36.126:37426, 5b0dbadb-21f4-40db-895f-4946533ce0da:192.168.36.126:43134], old=null, confs=<EMPTY_MAP>
2019-09-25 08:23:08,270 [pool-67-thread-1] INFO  server.RaftServerConfigKeys (ConfUtils.java:logGet(43)) - raft.server.storage.dir = [/workdir/hadoop-ozone/ozonefs/target/test-dir/MiniOzoneClusterImpl-0756ba42-748f-4a0d-b324-9539ed31eefb/datanode-4/data/ratis] (custom)
2019-09-25 08:23:08,270 [pool-37-thread-1] INFO  impl.RaftServerImpl (RaftServerImpl.java:<init>(95)) - 3480664e-e083-4e16-97f4-fa54a8a0d12d: new RaftServerImpl for group-84731DF171BE:[2fc70531-54f8-4344-a6a1-710636979233:192.168.36.126:43168, 3480664e-e083-4e16-97f4-fa54a8a0d12d:192.168.36.126:37426, 5b0dbadb-21f4-40db-895f-4946533ce0da:192.168.36.126:43134] with ContainerStateMachine:uninitialized
2019-09-25 08:23:08,270 [pool-67-thread-1] INFO  storage.RaftStorageDirectory (RaftStorageDirectory.java:analyzeStorage(246)) - The storage directory /workdir/hadoop-ozone/ozonefs/target/test-dir/MiniOzoneClusterImpl-0756ba42-748f-4a0d-b324-9539ed31eefb/datanode-4/data/ratis/65257255-327c-434a-acf7-84731df171be does not exist. Creating ...
2019-09-25 08:23:08,270 [pool-37-thread-1] INFO  server.RaftServerConfigKeys (ConfUtils.java:logGet(43)) - raft.server.rpc.timeout.min = 5s (custom)
2019-09-25 08:23:08,271 [pool-37-thread-1] INFO  server.RaftServerConfigKeys (ConfUtils.java:logGet(43)) - raft.server.rpc.timeout.max = 5200ms (custom)
2019-09-25 08:23:08,271 [pool-37-thread-1] INFO  server.RaftServerConfigKeys (ConfUtils.java:logGet(43)) - raft.server.rpcslowness.timeout = 120s (custom)
2019-09-25 08:23:08,271 [pool-37-thread-1] INFO  server.RaftServerConfigKeys (ConfUtils.java:logGet(43)) - raft.server.sleep.deviation.threshold = 300 (default)
2019-09-25 08:23:08,271 [pool-37-thread-1] INFO  server.RaftServerConfigKeys (ConfUtils.java:logGet(43)) - raft.server.log.appender.install.snapshot.enabled = false (custom)
2019-09-25 08:23:08,272 [pool-37-thread-1] INFO  impl.RaftServerImpl (ServerState.java:<init>(103)) - 3480664e-e083-4e16-97f4-fa54a8a0d12d@group-84731DF171BE: ConfigurationManager, init=-1: [2fc70531-54f8-4344-a6a1-710636979233:192.168.36.126:43168, 3480664e-e083-4e16-97f4-fa54a8a0d12d:192.168.36.126:37426, 5b0dbadb-21f4-40db-895f-4946533ce0da:192.168.36.126:43134], old=null, confs=<EMPTY_MAP>
2019-09-25 08:23:08,272 [pool-37-thread-1] INFO  server.RaftServerConfigKeys (ConfUtils.java:logGet(43)) - raft.server.storage.dir = [/workdir/hadoop-ozone/ozonefs/target/test-dir/MiniOzoneClusterImpl-0756ba42-748f-4a0d-b324-9539ed31eefb/datanode-1/data/ratis] (custom)
2019-09-25 08:23:08,272 [pool-27-thread-1] INFO  impl.RaftServerImpl (RaftServerImpl.java:<init>(95)) - 5b0dbadb-21f4-40db-895f-4946533ce0da: new RaftServerImpl for group-01C76DF8876D:[2fc70531-54f8-4344-a6a1-710636979233:192.168.36.126:43168, 3480664e-e083-4e16-97f4-fa54a8a0d12d:192.168.36.126:37426, 5b0dbadb-21f4-40db-895f-4946533ce0da:192.168.36.126:43134] with ContainerStateMachine:uninitialized
2019-09-25 08:23:08,272 [pool-27-thread-1] INFO  server.RaftServerConfigKeys (ConfUtils.java:logGet(43)) - raft.server.rpc.timeout.min = 5s (custom)
2019-09-25 08:23:08,272 [pool-37-thread-1] INFO  storage.RaftStorageDirectory (RaftStorageDirectory.java:analyzeStorage(246)) - The storage directory /workdir/hadoop-ozone/ozonefs/target/test-dir/MiniOzoneClusterImpl-0756ba42-748f-4a0d-b324-9539ed31eefb/datanode-1/data/ratis/65257255-327c-434a-acf7-84731df171be does not exist. Creating ...
2019-09-25 08:23:08,273 [pool-27-thread-1] INFO  server.RaftServerConfigKeys (ConfUtils.java:logGet(43)) - raft.server.rpc.timeout.max = 5200ms (custom)
2019-09-25 08:23:08,273 [pool-27-thread-1] INFO  server.RaftServerConfigKeys (ConfUtils.java:logGet(43)) - raft.server.rpcslowness.timeout = 120s (custom)
2019-09-25 08:23:08,273 [pool-27-thread-1] INFO  server.RaftServerConfigKeys (ConfUtils.java:logGet(43)) - raft.server.sleep.deviation.threshold = 300 (default)
2019-09-25 08:23:08,273 [pool-27-thread-1] INFO  server.RaftServerConfigKeys (ConfUtils.java:logGet(43)) - raft.server.log.appender.install.snapshot.enabled = false (custom)
2019-09-25 08:23:08,274 [pool-27-thread-1] INFO  impl.RaftServerImpl (ServerState.java:<init>(103)) - 5b0dbadb-21f4-40db-895f-4946533ce0da@group-01C76DF8876D: ConfigurationManager, init=-1: [2fc70531-54f8-4344-a6a1-710636979233:192.168.36.126:43168, 3480664e-e083-4e16-97f4-fa54a8a0d12d:192.168.36.126:37426, 5b0dbadb-21f4-40db-895f-4946533ce0da:192.168.36.126:43134], old=null, confs=<EMPTY_MAP>
2019-09-25 08:23:08,274 [pool-27-thread-1] INFO  server.RaftServerConfigKeys (ConfUtils.java:logGet(43)) - raft.server.storage.dir = [/workdir/hadoop-ozone/ozonefs/target/test-dir/MiniOzoneClusterImpl-0756ba42-748f-4a0d-b324-9539ed31eefb/datanode-0/data/ratis] (custom)
2019-09-25 08:23:08,274 [pool-27-thread-1] INFO  storage.RaftStorageDirectory (RaftStorageDirectory.java:analyzeStorage(246)) - The storage directory /workdir/hadoop-ozone/ozonefs/target/test-dir/MiniOzoneClusterImpl-0756ba42-748f-4a0d-b324-9539ed31eefb/datanode-0/data/ratis/6ef120c2-f832-4c3b-a411-01c76df8876d does not exist. Creating ...
2019-09-25 08:23:10,868 [RATISCREATEPIPELINE3] ERROR pipeline.RatisPipelineProvider (RatisPipelineProvider.java:lambda$null$5(235)) - Failed invoke Ratis rpc org.apache.hadoop.hdds.scm.pipeline.RatisPipelineProvider$$Lambda$199/2011647539@44d7a15c for 5b0dbadb-21f4-40db-895f-4946533ce0da
org.apache.ratis.protocol.TimeoutIOException: deadline exceeded after 2999640731ns
	at org.apache.ratis.grpc.GrpcUtil.tryUnwrapException(GrpcUtil.java:82)
	at org.apache.ratis.grpc.GrpcUtil.unwrapException(GrpcUtil.java:75)
	at org.apache.ratis.grpc.client.GrpcClientProtocolClient.blockingCall(GrpcClientProtocolClient.java:178)
	at org.apache.ratis.grpc.client.GrpcClientProtocolClient.groupAdd(GrpcClientProtocolClient.java:147)
	at org.apache.ratis.grpc.client.GrpcClientRpc.sendRequest(GrpcClientRpc.java:94)
	at org.apache.ratis.client.impl.RaftClientImpl.sendRequest(RaftClientImpl.java:278)
	at org.apache.ratis.client.impl.RaftClientImpl.groupAdd(RaftClientImpl.java:205)
	at org.apache.hadoop.hdds.scm.pipeline.RatisPipelineProvider.lambda$initializePipeline$4(RatisPipelineProvider.java:196)
	at org.apache.hadoop.hdds.scm.pipeline.RatisPipelineProvider.lambda$null$5(RatisPipelineProvider.java:231)
	at java.util.stream.ForEachOps$ForEachOp$OfRef.accept(ForEachOps.java:184)
	at java.util.ArrayList$ArrayListSpliterator.forEachRemaining(ArrayList.java:1382)
	at java.util.stream.AbstractPipeline.copyInto(AbstractPipeline.java:482)
	at java.util.stream.ForEachOps$ForEachTask.compute(ForEachOps.java:291)
	at java.util.concurrent.CountedCompleter.exec(CountedCompleter.java:731)
	at java.util.concurrent.ForkJoinTask.doExec(ForkJoinTask.java:289)
	at java.util.concurrent.ForkJoinPool$WorkQueue.runTask(ForkJoinPool.java:1056)
	at java.util.concurrent.ForkJoinPool.runWorker(ForkJoinPool.java:1692)
	at java.util.concurrent.ForkJoinWorkerThread.run(ForkJoinWorkerThread.java:157)
Caused by: org.apache.ratis.thirdparty.io.grpc.StatusRuntimeException: DEADLINE_EXCEEDED: deadline exceeded after 2999640731ns
	at org.apache.ratis.thirdparty.io.grpc.stub.ClientCalls.toStatusRuntimeException(ClientCalls.java:233)
	at org.apache.ratis.thirdparty.io.grpc.stub.ClientCalls.getUnchecked(ClientCalls.java:214)
	at org.apache.ratis.thirdparty.io.grpc.stub.ClientCalls.blockingUnaryCall(ClientCalls.java:139)
	at org.apache.ratis.proto.grpc.AdminProtocolServiceGrpc$AdminProtocolServiceBlockingStub.groupManagement(AdminProtocolServiceGrpc.java:274)
	at org.apache.ratis.grpc.client.GrpcClientProtocolClient.lambda$groupAdd$3(GrpcClientProtocolClient.java:149)
	at org.apache.ratis.grpc.client.GrpcClientProtocolClient.blockingCall(GrpcClientProtocolClient.java:176)
	... 15 more
2019-09-25 08:23:10,870 [RATISCREATEPIPELINE2] ERROR pipeline.RatisPipelineProvider (RatisPipelineProvider.java:lambda$null$5(235)) - Failed invoke Ratis rpc org.apache.hadoop.hdds.scm.pipeline.RatisPipelineProvider$$Lambda$199/2011647539@44d7a15c for 2fc70531-54f8-4344-a6a1-710636979233
org.apache.ratis.protocol.TimeoutIOException: deadline exceeded after 2999638368ns
	at org.apache.ratis.grpc.GrpcUtil.tryUnwrapException(GrpcUtil.java:82)
	at org.apache.ratis.grpc.GrpcUtil.unwrapException(GrpcUtil.java:75)
	at org.apache.ratis.grpc.client.GrpcClientProtocolClient.blockingCall(GrpcClientProtocolClient.java:178)
	at org.apache.ratis.grpc.client.GrpcClientProtocolClient.groupAdd(GrpcClientProtocolClient.java:147)
	at org.apache.ratis.grpc.client.GrpcClientRpc.sendRequest(GrpcClientRpc.java:94)
	at org.apache.ratis.client.impl.RaftClientImpl.sendRequest(RaftClientImpl.java:278)
	at org.apache.ratis.client.impl.RaftClientImpl.groupAdd(RaftClientImpl.java:205)
	at org.apache.hadoop.hdds.scm.pipeline.RatisPipelineProvider.lambda$initializePipeline$4(RatisPipelineProvider.java:196)
	at org.apache.hadoop.hdds.scm.pipeline.RatisPipelineProvider.lambda$null$5(RatisPipelineProvider.java:231)
	at java.util.stream.ForEachOps$ForEachOp$OfRef.accept(ForEachOps.java:184)
	at java.util.ArrayList$ArrayListSpliterator.forEachRemaining(ArrayList.java:1382)
	at java.util.stream.AbstractPipeline.copyInto(AbstractPipeline.java:482)
	at java.util.stream.ForEachOps$ForEachTask.compute(ForEachOps.java:291)
	at java.util.concurrent.CountedCompleter.exec(CountedCompleter.java:731)
	at java.util.concurrent.ForkJoinTask.doExec(ForkJoinTask.java:289)
	at java.util.concurrent.ForkJoinPool$WorkQueue.runTask(ForkJoinPool.java:1056)
	at java.util.concurrent.ForkJoinPool.runWorker(ForkJoinPool.java:1692)
	at java.util.concurrent.ForkJoinWorkerThread.run(ForkJoinWorkerThread.java:157)
Caused by: org.apache.ratis.thirdparty.io.grpc.StatusRuntimeException: DEADLINE_EXCEEDED: deadline exceeded after 2999638368ns
	at org.apache.ratis.thirdparty.io.grpc.stub.ClientCalls.toStatusRuntimeException(ClientCalls.java:233)
	at org.apache.ratis.thirdparty.io.grpc.stub.ClientCalls.getUnchecked(ClientCalls.java:214)
	at org.apache.ratis.thirdparty.io.grpc.stub.ClientCalls.blockingUnaryCall(ClientCalls.java:139)
	at org.apache.ratis.proto.grpc.AdminProtocolServiceGrpc$AdminProtocolServiceBlockingStub.groupManagement(AdminProtocolServiceGrpc.java:274)
	at org.apache.ratis.grpc.client.GrpcClientProtocolClient.lambda$groupAdd$3(GrpcClientProtocolClient.java:149)
	at org.apache.ratis.grpc.client.GrpcClientProtocolClient.blockingCall(GrpcClientProtocolClient.java:176)
	... 15 more
2019-09-25 08:23:10,870 [RATISCREATEPIPELINE1] ERROR pipeline.RatisPipelineProvider (RatisPipelineProvider.java:lambda$null$5(235)) - Failed invoke Ratis rpc org.apache.hadoop.hdds.scm.pipeline.RatisPipelineProvider$$Lambda$199/2011647539@44d7a15c for 3480664e-e083-4e16-97f4-fa54a8a0d12d
org.apache.ratis.protocol.TimeoutIOException: deadline exceeded after 2999635987ns
	at org.apache.ratis.grpc.GrpcUtil.tryUnwrapException(GrpcUtil.java:82)
	at org.apache.ratis.grpc.GrpcUtil.unwrapException(GrpcUtil.java:75)
	at org.apache.ratis.grpc.client.GrpcClientProtocolClient.blockingCall(GrpcClientProtocolClient.java:178)
	at org.apache.ratis.grpc.client.GrpcClientProtocolClient.groupAdd(GrpcClientProtocolClient.java:147)
	at org.apache.ratis.grpc.client.GrpcClientRpc.sendRequest(GrpcClientRpc.java:94)
	at org.apache.ratis.client.impl.RaftClientImpl.sendRequest(RaftClientImpl.java:278)
	at org.apache.ratis.client.impl.RaftClientImpl.groupAdd(RaftClientImpl.java:205)
	at org.apache.hadoop.hdds.scm.pipeline.RatisPipelineProvider.lambda$initializePipeline$4(RatisPipelineProvider.java:196)
	at org.apache.hadoop.hdds.scm.pipeline.RatisPipelineProvider.lambda$null$5(RatisPipelineProvider.java:231)
	at java.util.stream.ForEachOps$ForEachOp$OfRef.accept(ForEachOps.java:184)
	at java.util.ArrayList$ArrayListSpliterator.forEachRemaining(ArrayList.java:1382)
	at java.util.stream.AbstractPipeline.copyInto(AbstractPipeline.java:482)
	at java.util.stream.ForEachOps$ForEachTask.compute(ForEachOps.java:291)
	at java.util.concurrent.CountedCompleter.exec(CountedCompleter.java:731)
	at java.util.concurrent.ForkJoinTask.doExec(ForkJoinTask.java:289)
	at java.util.concurrent.ForkJoinTask.doInvoke(ForkJoinTask.java:401)
	at java.util.concurrent.ForkJoinTask.invoke(ForkJoinTask.java:734)
	at java.util.stream.ForEachOps$ForEachOp.evaluateParallel(ForEachOps.java:160)
	at java.util.stream.ForEachOps$ForEachOp$OfRef.evaluateParallel(ForEachOps.java:174)
	at java.util.stream.AbstractPipeline.evaluate(AbstractPipeline.java:233)
	at java.util.stream.ReferencePipeline.forEach(ReferencePipeline.java:418)
	at java.util.stream.ReferencePipeline$Head.forEach(ReferencePipeline.java:583)
	at org.apache.hadoop.hdds.scm.pipeline.RatisPipelineProvider.lambda$callRatisRpc$6(RatisPipelineProvider.java:225)
	at java.util.concurrent.ForkJoinTask$AdaptedRunnableAction.exec(ForkJoinTask.java:1386)
	at java.util.concurrent.ForkJoinTask.doExec(ForkJoinTask.java:289)
	at java.util.concurrent.ForkJoinPool$WorkQueue.runTask(ForkJoinPool.java:1056)
	at java.util.concurrent.ForkJoinPool.runWorker(ForkJoinPool.java:1692)
	at java.util.concurrent.ForkJoinWorkerThread.run(ForkJoinWorkerThread.java:157)
Caused by: org.apache.ratis.thirdparty.io.grpc.StatusRuntimeException: DEADLINE_EXCEEDED: deadline exceeded after 2999635987ns
	at org.apache.ratis.thirdparty.io.grpc.stub.ClientCalls.toStatusRuntimeException(ClientCalls.java:233)
	at org.apache.ratis.thirdparty.io.grpc.stub.ClientCalls.getUnchecked(ClientCalls.java:214)
	at org.apache.ratis.thirdparty.io.grpc.stub.ClientCalls.blockingUnaryCall(ClientCalls.java:139)
	at org.apache.ratis.proto.grpc.AdminProtocolServiceGrpc$AdminProtocolServiceBlockingStub.groupManagement(AdminProtocolServiceGrpc.java:274)
	at org.apache.ratis.grpc.client.GrpcClientProtocolClient.lambda$groupAdd$3(GrpcClientProtocolClient.java:149)
	at org.apache.ratis.grpc.client.GrpcClientProtocolClient.blockingCall(GrpcClientProtocolClient.java:176)
	... 25 more
2019-09-25 08:23:10,916 [grpc-default-executor-1] INFO  impl.RaftServerProxy (RaftServerProxy.java:addNew(89)) - 5b0dbadb-21f4-40db-895f-4946533ce0da: addNew group-8168C372A2DA:[2fc70531-54f8-4344-a6a1-710636979233:192.168.36.126:43168, 3480664e-e083-4e16-97f4-fa54a8a0d12d:192.168.36.126:37426, 5b0dbadb-21f4-40db-895f-4946533ce0da:192.168.36.126:43134] returns group-8168C372A2DA:java.util.concurrent.CompletableFuture@528dfa2a[Not completed]
2019-09-25 08:23:10,916 [grpc-default-executor-2] INFO  impl.RaftServerProxy (RaftServerProxy.java:addNew(89)) - 3480664e-e083-4e16-97f4-fa54a8a0d12d: addNew group-8168C372A2DA:[2fc70531-54f8-4344-a6a1-710636979233:192.168.36.126:43168, 3480664e-e083-4e16-97f4-fa54a8a0d12d:192.168.36.126:37426, 5b0dbadb-21f4-40db-895f-4946533ce0da:192.168.36.126:43134] returns group-8168C372A2DA:java.util.concurrent.CompletableFuture@77594aed[Not completed]
2019-09-25 08:23:10,919 [grpc-default-executor-0] INFO  impl.RaftServerProxy (RaftServerProxy.java:addNew(89)) - 2fc70531-54f8-4344-a6a1-710636979233: addNew group-8168C372A2DA:[2fc70531-54f8-4344-a6a1-710636979233:192.168.36.126:43168, 3480664e-e083-4e16-97f4-fa54a8a0d12d:192.168.36.126:37426, 5b0dbadb-21f4-40db-895f-4946533ce0da:192.168.36.126:43134] returns group-8168C372A2DA:java.util.concurrent.CompletableFuture@32070e[Not completed]
2019-09-25 08:23:13,498 [pool-37-thread-1] INFO  storage.RaftStorageDirectory (RaftStorageDirectory.java:tryLock(328)) - Lock on /workdir/hadoop-ozone/ozonefs/target/test-dir/MiniOzoneClusterImpl-0756ba42-748f-4a0d-b324-9539ed31eefb/datanode-1/data/ratis/65257255-327c-434a-acf7-84731df171be/in_use.lock acquired by nodename 15009@pr-hdds-2174-pqx5g-486351168
2019-09-25 08:23:13,498 [pool-27-thread-1] INFO  storage.RaftStorageDirectory (RaftStorageDirectory.java:tryLock(328)) - Lock on /workdir/hadoop-ozone/ozonefs/target/test-dir/MiniOzoneClusterImpl-0756ba42-748f-4a0d-b324-9539ed31eefb/datanode-0/data/ratis/6ef120c2-f832-4c3b-a411-01c76df8876d/in_use.lock acquired by nodename 15009@pr-hdds-2174-pqx5g-486351168
2019-09-25 08:23:13,498 [pool-67-thread-1] INFO  storage.RaftStorageDirectory (RaftStorageDirectory.java:tryLock(328)) - Lock on /workdir/hadoop-ozone/ozonefs/target/test-dir/MiniOzoneClusterImpl-0756ba42-748f-4a0d-b324-9539ed31eefb/datanode-4/data/ratis/65257255-327c-434a-acf7-84731df171be/in_use.lock acquired by nodename 15009@pr-hdds-2174-pqx5g-486351168
2019-09-25 08:23:13,900 [RATISCREATEPIPELINE3] ERROR pipeline.RatisPipelineProvider (RatisPipelineProvider.java:lambda$null$5(235)) - Failed invoke Ratis rpc org.apache.hadoop.hdds.scm.pipeline.RatisPipelineProvider$$Lambda$199/2011647539@5817f24f for 5b0dbadb-21f4-40db-895f-4946533ce0da
org.apache.ratis.protocol.TimeoutIOException: deadline exceeded after 2999628818ns
	at org.apache.ratis.grpc.GrpcUtil.tryUnwrapException(GrpcUtil.java:82)
	at org.apache.ratis.grpc.GrpcUtil.unwrapException(GrpcUtil.java:75)
	at org.apache.ratis.grpc.client.GrpcClientProtocolClient.blockingCall(GrpcClientProtocolClient.java:178)
	at org.apache.ratis.grpc.client.GrpcClientProtocolClient.groupAdd(GrpcClientProtocolClient.java:147)
	at org.apache.ratis.grpc.client.GrpcClientRpc.sendRequest(GrpcClientRpc.java:94)
	at org.apache.ratis.client.impl.RaftClientImpl.sendRequest(RaftClientImpl.java:278)
	at org.apache.ratis.client.impl.RaftClientImpl.groupAdd(RaftClientImpl.java:205)
	at org.apache.hadoop.hdds.scm.pipeline.RatisPipelineProvider.lambda$initializePipeline$4(RatisPipelineProvider.java:196)
	at org.apache.hadoop.hdds.scm.pipeline.RatisPipelineProvider.lambda$null$5(RatisPipelineProvider.java:231)
	at java.util.stream.ForEachOps$ForEachOp$OfRef.accept(ForEachOps.java:184)
	at java.util.ArrayList$ArrayListSpliterator.forEachRemaining(ArrayList.java:1382)
	at java.util.stream.AbstractPipeline.copyInto(AbstractPipeline.java:482)
	at java.util.stream.ForEachOps$ForEachTask.compute(ForEachOps.java:291)
	at java.util.concurrent.CountedCompleter.exec(CountedCompleter.java:731)
	at java.util.concurrent.ForkJoinTask.doExec(ForkJoinTask.java:289)
	at java.util.concurrent.ForkJoinPool$WorkQueue.runTask(ForkJoinPool.java:1056)
	at java.util.concurrent.ForkJoinPool.runWorker(ForkJoinPool.java:1692)
	at java.util.concurrent.ForkJoinWorkerThread.run(ForkJoinWorkerThread.java:157)
Caused by: org.apache.ratis.thirdparty.io.grpc.StatusRuntimeException: DEADLINE_EXCEEDED: deadline exceeded after 2999628818ns
	at org.apache.ratis.thirdparty.io.grpc.stub.ClientCalls.toStatusRuntimeException(ClientCalls.java:233)
	at org.apache.ratis.thirdparty.io.grpc.stub.ClientCalls.getUnchecked(ClientCalls.java:214)
	at org.apache.ratis.thirdparty.io.grpc.stub.ClientCalls.blockingUnaryCall(ClientCalls.java:139)
	at org.apache.ratis.proto.grpc.AdminProtocolServiceGrpc$AdminProtocolServiceBlockingStub.groupManagement(AdminProtocolServiceGrpc.java:274)
	at org.apache.ratis.grpc.client.GrpcClientProtocolClient.lambda$groupAdd$3(GrpcClientProtocolClient.java:149)
	at org.apache.ratis.grpc.client.GrpcClientProtocolClient.blockingCall(GrpcClientProtocolClient.java:176)
	... 15 more
2019-09-25 08:23:13,901 [RATISCREATEPIPELINE2] ERROR pipeline.RatisPipelineProvider (RatisPipelineProvider.java:lambda$null$5(235)) - Failed invoke Ratis rpc org.apache.hadoop.hdds.scm.pipeline.RatisPipelineProvider$$Lambda$199/2011647539@5817f24f for 2fc70531-54f8-4344-a6a1-710636979233
org.apache.ratis.protocol.TimeoutIOException: deadline exceeded after 2999641019ns
	at org.apache.ratis.grpc.GrpcUtil.tryUnwrapException(GrpcUtil.java:82)
	at org.apache.ratis.grpc.GrpcUtil.unwrapException(GrpcUtil.java:75)
	at org.apache.ratis.grpc.client.GrpcClientProtocolClient.blockingCall(GrpcClientProtocolClient.java:178)
	at org.apache.ratis.grpc.client.GrpcClientProtocolClient.groupAdd(GrpcClientProtocolClient.java:147)
	at org.apache.ratis.grpc.client.GrpcClientRpc.sendRequest(GrpcClientRpc.java:94)
	at org.apache.ratis.client.impl.RaftClientImpl.sendRequest(RaftClientImpl.java:278)
	at org.apache.ratis.client.impl.RaftClientImpl.groupAdd(RaftClientImpl.java:205)
	at org.apache.hadoop.hdds.scm.pipeline.RatisPipelineProvider.lambda$initializePipeline$4(RatisPipelineProvider.java:196)
	at org.apache.hadoop.hdds.scm.pipeline.RatisPipelineProvider.lambda$null$5(RatisPipelineProvider.java:231)
	at java.util.stream.ForEachOps$ForEachOp$OfRef.accept(ForEachOps.java:184)
	at java.util.ArrayList$ArrayListSpliterator.forEachRemaining(ArrayList.java:1382)
	at java.util.stream.AbstractPipeline.copyInto(AbstractPipeline.java:482)
	at java.util.stream.ForEachOps$ForEachTask.compute(ForEachOps.java:291)
	at java.util.concurrent.CountedCompleter.exec(CountedCompleter.java:731)
	at java.util.concurrent.ForkJoinTask.doExec(ForkJoinTask.java:289)
	at java.util.concurrent.ForkJoinPool$WorkQueue.runTask(ForkJoinPool.java:1056)
	at java.util.concurrent.ForkJoinPool.runWorker(ForkJoinPool.java:1692)
	at java.util.concurrent.ForkJoinWorkerThread.run(ForkJoinWorkerThread.java:157)
Caused by: org.apache.ratis.thirdparty.io.grpc.StatusRuntimeException: DEADLINE_EXCEEDED: deadline exceeded after 2999641019ns
	at org.apache.ratis.thirdparty.io.grpc.stub.ClientCalls.toStatusRuntimeException(ClientCalls.java:233)
	at org.apache.ratis.thirdparty.io.grpc.stub.ClientCalls.getUnchecked(ClientCalls.java:214)
	at org.apache.ratis.thirdparty.io.grpc.stub.ClientCalls.blockingUnaryCall(ClientCalls.java:139)
	at org.apache.ratis.proto.grpc.AdminProtocolServiceGrpc$AdminProtocolServiceBlockingStub.groupManagement(AdminProtocolServiceGrpc.java:274)
	at org.apache.ratis.grpc.client.GrpcClientProtocolClient.lambda$groupAdd$3(GrpcClientProtocolClient.java:149)
	at org.apache.ratis.grpc.client.GrpcClientProtocolClient.blockingCall(GrpcClientProtocolClient.java:176)
	... 15 more
2019-09-25 08:23:13,900 [RATISCREATEPIPELINE1] ERROR pipeline.RatisPipelineProvider (RatisPipelineProvider.java:lambda$null$5(235)) - Failed invoke Ratis rpc org.apache.hadoop.hdds.scm.pipeline.RatisPipelineProvider$$Lambda$199/2011647539@5817f24f for 3480664e-e083-4e16-97f4-fa54a8a0d12d
org.apache.ratis.protocol.TimeoutIOException: deadline exceeded after 2999691744ns
	at org.apache.ratis.grpc.GrpcUtil.tryUnwrapException(GrpcUtil.java:82)
	at org.apache.ratis.grpc.GrpcUtil.unwrapException(GrpcUtil.java:75)
	at org.apache.ratis.grpc.client.GrpcClientProtocolClient.blockingCall(GrpcClientProtocolClient.java:178)
	at org.apache.ratis.grpc.client.GrpcClientProtocolClient.groupAdd(GrpcClientProtocolClient.java:147)
	at org.apache.ratis.grpc.client.GrpcClientRpc.sendRequest(GrpcClientRpc.java:94)
	at org.apache.ratis.client.impl.RaftClientImpl.sendRequest(RaftClientImpl.java:278)
	at org.apache.ratis.client.impl.RaftClientImpl.groupAdd(RaftClientImpl.java:205)
	at org.apache.hadoop.hdds.scm.pipeline.RatisPipelineProvider.lambda$initializePipeline$4(RatisPipelineProvider.java:196)
	at org.apache.hadoop.hdds.scm.pipeline.RatisPipelineProvider.lambda$null$5(RatisPipelineProvider.java:231)
	at java.util.stream.ForEachOps$ForEachOp$OfRef.accept(ForEachOps.java:184)
	at java.util.ArrayList$ArrayListSpliterator.forEachRemaining(ArrayList.java:1382)
	at java.util.stream.AbstractPipeline.copyInto(AbstractPipeline.java:482)
	at java.util.stream.ForEachOps$ForEachTask.compute(ForEachOps.java:291)
	at java.util.concurrent.CountedCompleter.exec(CountedCompleter.java:731)
	at java.util.concurrent.ForkJoinTask.doExec(ForkJoinTask.java:289)
	at java.util.concurrent.ForkJoinTask.doInvoke(ForkJoinTask.java:401)
	at java.util.concurrent.ForkJoinTask.invoke(ForkJoinTask.java:734)
	at java.util.stream.ForEachOps$ForEachOp.evaluateParallel(ForEachOps.java:160)
	at java.util.stream.ForEachOps$ForEachOp$OfRef.evaluateParallel(ForEachOps.java:174)
	at java.util.stream.AbstractPipeline.evaluate(AbstractPipeline.java:233)
	at java.util.stream.ReferencePipeline.forEach(ReferencePipeline.java:418)
	at java.util.stream.ReferencePipeline$Head.forEach(ReferencePipeline.java:583)
	at org.apache.hadoop.hdds.scm.pipeline.RatisPipelineProvider.lambda$callRatisRpc$6(RatisPipelineProvider.java:225)
	at java.util.concurrent.ForkJoinTask$AdaptedRunnableAction.exec(ForkJoinTask.java:1386)
	at java.util.concurrent.ForkJoinTask.doExec(ForkJoinTask.java:289)
	at java.util.concurrent.ForkJoinPool$WorkQueue.runTask(ForkJoinPool.java:1056)
	at java.util.concurrent.ForkJoinPool.runWorker(ForkJoinPool.java:1692)
	at java.util.concurrent.ForkJoinWorkerThread.run(ForkJoinWorkerThread.java:157)
Caused by: org.apache.ratis.thirdparty.io.grpc.StatusRuntimeException: DEADLINE_EXCEEDED: deadline exceeded after 2999691744ns
	at org.apache.ratis.thirdparty.io.grpc.stub.ClientCalls.toStatusRuntimeException(ClientCalls.java:233)
	at org.apache.ratis.thirdparty.io.grpc.stub.ClientCalls.getUnchecked(ClientCalls.java:214)
	at org.apache.ratis.thirdparty.io.grpc.stub.ClientCalls.blockingUnaryCall(ClientCalls.java:139)
	at org.apache.ratis.proto.grpc.AdminProtocolServiceGrpc$AdminProtocolServiceBlockingStub.groupManagement(AdminProtocolServiceGrpc.java:274)
	at org.apache.ratis.grpc.client.GrpcClientProtocolClient.lambda$groupAdd$3(GrpcClientProtocolClient.java:149)
	at org.apache.ratis.grpc.client.GrpcClientProtocolClient.blockingCall(GrpcClientProtocolClient.java:176)
	... 25 more
2019-09-25 08:23:13,911 [IPC Server handler 0 on 42724] WARN  block.BlockManagerImpl (BlockManagerImpl.java:allocateBlock(192)) - Pipeline creation failed for type:RATIS factor:THREE. Retrying get pipelines call once.
org.apache.hadoop.io.MultipleIOException: 3 exceptions [java.io.IOException: Failed invoke Ratis rpc org.apache.hadoop.hdds.scm.pipeline.RatisPipelineProvider$$Lambda$199/2011647539@5817f24f for 5b0dbadb-21f4-40db-895f-4946533ce0da, java.io.IOException: Failed invoke Ratis rpc org.apache.hadoop.hdds.scm.pipeline.RatisPipelineProvider$$Lambda$199/2011647539@5817f24f for 2fc70531-54f8-4344-a6a1-710636979233, java.io.IOException: Failed invoke Ratis rpc org.apache.hadoop.hdds.scm.pipeline.RatisPipelineProvider$$Lambda$199/2011647539@5817f24f for 3480664e-e083-4e16-97f4-fa54a8a0d12d]
	at org.apache.hadoop.io.MultipleIOException.createIOException(MultipleIOException.java:53)
	at org.apache.hadoop.hdds.scm.pipeline.RatisPipelineProvider.callRatisRpc(RatisPipelineProvider.java:251)
	at org.apache.hadoop.hdds.scm.pipeline.RatisPipelineProvider.initializePipeline(RatisPipelineProvider.java:194)
	at org.apache.hadoop.hdds.scm.pipeline.RatisPipelineProvider.create(RatisPipelineProvider.java:163)
	at org.apache.hadoop.hdds.scm.pipeline.PipelineFactory.create(PipelineFactory.java:58)
	at org.apache.hadoop.hdds.scm.pipeline.SCMPipelineManager.createPipeline(SCMPipelineManager.java:155)
	at org.apache.hadoop.hdds.scm.block.BlockManagerImpl.allocateBlock(BlockManagerImpl.java:190)
	at org.apache.hadoop.hdds.scm.server.SCMBlockProtocolServer.allocateBlock(SCMBlockProtocolServer.java:182)
	at org.apache.hadoop.ozone.protocolPB.ScmBlockLocationProtocolServerSideTranslatorPB.allocateScmBlock(ScmBlockLocationProtocolServerSideTranslatorPB.java:183)
	at org.apache.hadoop.ozone.protocolPB.ScmBlockLocationProtocolServerSideTranslatorPB.processMessage(ScmBlockLocationProtocolServerSideTranslatorPB.java:141)
	at org.apache.hadoop.ozone.protocolPB.ScmBlockLocationProtocolServerSideTranslatorPB.send(ScmBlockLocationProtocolServerSideTranslatorPB.java:116)
	at org.apache.hadoop.hdds.protocol.proto.ScmBlockLocationProtocolProtos$ScmBlockLocationProtocolService$2.callBlockingMethod(ScmBlockLocationProtocolProtos.java:13157)
	at org.apache.hadoop.ipc.ProtobufRpcEngine$Server$ProtoBufRpcInvoker.call(ProtobufRpcEngine.java:524)
	at org.apache.hadoop.ipc.RPC$Server.call(RPC.java:1025)
	at org.apache.hadoop.ipc.Server$RpcCall.run(Server.java:876)
	at org.apache.hadoop.ipc.Server$RpcCall.run(Server.java:822)
	at java.security.AccessController.doPrivileged(Native Method)
	at javax.security.auth.Subject.doAs(Subject.java:422)
	at org.apache.hadoop.security.UserGroupInformation.doAs(UserGroupInformation.java:1730)
	at org.apache.hadoop.ipc.Server$Handler.run(Server.java:2682)
2019-09-25 08:23:13,911 [IPC Server handler 0 on 42724] INFO  block.BlockManagerImpl (BlockManagerImpl.java:allocateBlock(198)) - Could not find available pipeline of type:RATIS and factor:THREE even after retrying
2019-09-25 08:23:13,912 [IPC Server handler 0 on 42724] ERROR block.BlockManagerImpl (BlockManagerImpl.java:allocateBlock(222)) - Unable to allocate a block for the size: 4194304, type: RATIS, factor: THREE
]]></system-out>
    <system-err><![CDATA[ERROR StatusLogger No Log4j 2 configuration file found. Using default configuration (logging only errors to the console), or user programmatically provided configurations. Set system property 'log4j2.debug' to show Log4j 2 internal initialization logging. See https://logging.apache.org/log4j/2.x/manual/configuration.html for instructions on how to configure Log4j 2
]]></system-err>
  </testcase>
  <testcase name="testCreateMakesParentDirs" classname="org.apache.hadoop.fs.ozone.contract.ITestOzoneContractCreate" time="3.006"/>
  <testcase name="testFileStatusBlocksizeEmptyFile" classname="org.apache.hadoop.fs.ozone.contract.ITestOzoneContractCreate" time="0.17"/>
  <testcase name="testCreatedFileIsImmediatelyVisible" classname="org.apache.hadoop.fs.ozone.contract.ITestOzoneContractCreate" time="0">
    <skipped message="This Filesystem delays visibility of newly created files"/>
    <system-out><![CDATA[2019-09-25 08:23:17,194 [Thread-266] INFO  rpc.RpcClient (RpcClient.java:createVolume(276)) - Creating Volume: volume77975, with user51515 as owner.
2019-09-25 08:23:17,196 [IPC Server handler 12 on 45879] INFO  volume.OMVolumeCreateRequest (OMVolumeCreateRequest.java:validateAndUpdateCache(194)) - created volume:volume77975 for user:user51515
2019-09-25 08:23:17,199 [Thread-266] INFO  rpc.RpcClient (RpcClient.java:createBucket(415)) - Creating Bucket: volume77975/bucket38545, with Versioning false and Storage Type set to DISK and Encryption set to false 
2019-09-25 08:23:17,281 [Thread-266] INFO  contract.AbstractFSContractTestBase (AbstractFSContractTestBase.java:setup(184)) - Test filesystem = o3fs://bucket38545.volume77975 implemented by OzoneFileSystem{URI=o3fs://bucket38545.volume77975, workingDir=o3fs://bucket38545.volume77975/user/jenkins1000, userName=jenkins1000, statistics=0 bytes read, 0 bytes written, 15 read ops, 0 large read ops, 6 write ops}
2019-09-25 08:23:17,290 [Thread-266] INFO  contract.AbstractFSContractTestBase (AbstractFSContractTestBase.java:describe(255)) - verify that a newly created file exists as soon as open returns
08:23:17.302 [IPC Server handler 10 on 45879] ERROR OMAudit - user=jenkins1000 | ip=127.0.0.1 | op=GET_FILE_STATUS {volume=volume77975, bucket=bucket38545, key=test/testCreatedFileIsImmediatelyVisible, dataSize=0, replicationType=null, replicationFactor=null, keyLocationInfo=null} | ret=FAILURE
org.apache.hadoop.ozone.om.exceptions.OMException: Unable to get file status: volume: volume77975 bucket: bucket38545 key: test/testCreatedFileIsImmediatelyVisible
	at org.apache.hadoop.ozone.om.KeyManagerImpl.getFileStatus(KeyManagerImpl.java:1785) ~[hadoop-ozone-ozone-manager-0.5.0-SNAPSHOT.jar:?]
	at org.apache.hadoop.ozone.om.OzoneManager.getFileStatus(OzoneManager.java:2892) [hadoop-ozone-ozone-manager-0.5.0-SNAPSHOT.jar:?]
	at org.apache.hadoop.ozone.protocolPB.OzoneManagerRequestHandler.getOzoneFileStatus(OzoneManagerRequestHandler.java:1051) [hadoop-ozone-ozone-manager-0.5.0-SNAPSHOT.jar:?]
	at org.apache.hadoop.ozone.protocolPB.OzoneManagerRequestHandler.handle(OzoneManagerRequestHandler.java:338) [hadoop-ozone-ozone-manager-0.5.0-SNAPSHOT.jar:?]
	at org.apache.hadoop.ozone.protocolPB.OzoneManagerProtocolServerSideTranslatorPB.submitRequestDirectlyToOM(OzoneManagerProtocolServerSideTranslatorPB.java:233) [hadoop-ozone-ozone-manager-0.5.0-SNAPSHOT.jar:?]
	at org.apache.hadoop.ozone.protocolPB.OzoneManagerProtocolServerSideTranslatorPB.processRequest(OzoneManagerProtocolServerSideTranslatorPB.java:157) [hadoop-ozone-ozone-manager-0.5.0-SNAPSHOT.jar:?]
	at org.apache.hadoop.ozone.protocolPB.OzoneManagerProtocolServerSideTranslatorPB.submitRequest(OzoneManagerProtocolServerSideTranslatorPB.java:111) [hadoop-ozone-ozone-manager-0.5.0-SNAPSHOT.jar:?]
	at org.apache.hadoop.ozone.protocol.proto.OzoneManagerProtocolProtos$OzoneManagerService$2.callBlockingMethod(OzoneManagerProtocolProtos.java) [hadoop-ozone-common-0.5.0-SNAPSHOT.jar:?]
	at org.apache.hadoop.ipc.ProtobufRpcEngine$Server$ProtoBufRpcInvoker.call(ProtobufRpcEngine.java:524) [hadoop-common-3.2.0.jar:?]
	at org.apache.hadoop.ipc.RPC$Server.call(RPC.java:1025) [hadoop-common-3.2.0.jar:?]
	at org.apache.hadoop.ipc.Server$RpcCall.run(Server.java:876) [hadoop-common-3.2.0.jar:?]
	at org.apache.hadoop.ipc.Server$RpcCall.run(Server.java:822) [hadoop-common-3.2.0.jar:?]
	at java.security.AccessController.doPrivileged(Native Method) [?:1.8.0_212]
	at javax.security.auth.Subject.doAs(Subject.java:422) [?:1.8.0_212]
	at org.apache.hadoop.security.UserGroupInformation.doAs(UserGroupInformation.java:1730) [hadoop-common-3.2.0.jar:?]
	at org.apache.hadoop.ipc.Server$Handler.run(Server.java:2682) [hadoop-common-3.2.0.jar:?]
2019-09-25 08:23:17,316 [Thread-266] INFO  contract.ContractTestUtils (ContractTestUtils.java:skip(521)) - Skipping: This Filesystem delays visibility of newly created files
]]></system-out>
  </testcase>
  <testcase name="testCreatedFileIsVisibleOnFlush" classname="org.apache.hadoop.fs.ozone.contract.ITestOzoneContractCreate" time="0">
    <skipped message="For object store or some file systems, newly created files are not immediately visible"/>
    <system-out><![CDATA[2019-09-25 08:23:17,365 [Thread-268] INFO  rpc.RpcClient (RpcClient.java:createVolume(276)) - Creating Volume: volume67024, with user13444 as owner.
2019-09-25 08:23:17,367 [IPC Server handler 6 on 45879] INFO  volume.OMVolumeCreateRequest (OMVolumeCreateRequest.java:validateAndUpdateCache(194)) - created volume:volume67024 for user:user13444
2019-09-25 08:23:17,369 [Thread-268] INFO  rpc.RpcClient (RpcClient.java:createBucket(415)) - Creating Bucket: volume67024/bucket99408, with Versioning false and Storage Type set to DISK and Encryption set to false 
2019-09-25 08:23:17,445 [Thread-268] INFO  contract.AbstractFSContractTestBase (AbstractFSContractTestBase.java:setup(184)) - Test filesystem = o3fs://bucket99408.volume67024 implemented by OzoneFileSystem{URI=o3fs://bucket99408.volume67024, workingDir=o3fs://bucket99408.volume67024/user/jenkins1000, userName=jenkins1000, statistics=0 bytes read, 0 bytes written, 19 read ops, 0 large read ops, 8 write ops}
2019-09-25 08:23:17,448 [Thread-268] INFO  contract.AbstractFSContractTestBase (AbstractFSContractTestBase.java:describe(255)) - verify that a newly created file exists once a flush has taken place
2019-09-25 08:23:17,485 [Thread-268] INFO  impl.MetricsSystemImpl (MetricsSystemImpl.java:init(158)) - XceiverClientMetrics metrics system started (again)
2019-09-25 08:23:19,646 [Thread-229] INFO  impl.FollowerState (FollowerState.java:run(106)) - 2fc70531-54f8-4344-a6a1-710636979233:group-01C76DF8876D changes to CANDIDATE, lastRpcTime:5097, electionTimeout:5094ms
2019-09-25 08:23:19,659 [Thread-229] INFO  impl.RoleInfo (RoleInfo.java:shutdownFollowerState(121)) - 2fc70531-54f8-4344-a6a1-710636979233: shutdown FollowerState
2019-09-25 08:23:19,661 [Thread-229] INFO  impl.RaftServerImpl (RaftServerImpl.java:setRole(174)) - 2fc70531-54f8-4344-a6a1-710636979233@group-01C76DF8876D: changes role from  FOLLOWER to CANDIDATE at term 0 for changeToCandidate
2019-09-25 08:23:19,667 [Thread-229] INFO  impl.RoleInfo (RoleInfo.java:updateAndGet(143)) - 2fc70531-54f8-4344-a6a1-710636979233: start LeaderElection
2019-09-25 08:23:19,685 [Thread-228] INFO  impl.FollowerState (FollowerState.java:run(106)) - 3480664e-e083-4e16-97f4-fa54a8a0d12d:group-01C76DF8876D changes to CANDIDATE, lastRpcTime:5136, electionTimeout:5133ms
2019-09-25 08:23:19,687 [Thread-228] INFO  impl.RoleInfo (RoleInfo.java:shutdownFollowerState(121)) - 3480664e-e083-4e16-97f4-fa54a8a0d12d: shutdown FollowerState
2019-09-25 08:23:19,687 [Thread-228] INFO  impl.RaftServerImpl (RaftServerImpl.java:setRole(174)) - 3480664e-e083-4e16-97f4-fa54a8a0d12d@group-01C76DF8876D: changes role from  FOLLOWER to CANDIDATE at term 0 for changeToCandidate
2019-09-25 08:23:19,687 [Thread-228] INFO  impl.RoleInfo (RoleInfo.java:updateAndGet(143)) - 3480664e-e083-4e16-97f4-fa54a8a0d12d: start LeaderElection
2019-09-25 08:23:21,716 [Thread-249] INFO  impl.FollowerState (FollowerState.java:run(106)) - 3480664e-e083-4e16-97f4-fa54a8a0d12d:group-EA354E46A7D3 changes to CANDIDATE, lastRpcTime:5003, electionTimeout:5003ms
2019-09-25 08:23:21,716 [Thread-249] INFO  impl.RoleInfo (RoleInfo.java:shutdownFollowerState(121)) - 3480664e-e083-4e16-97f4-fa54a8a0d12d: shutdown FollowerState
2019-09-25 08:23:21,717 [Thread-249] INFO  impl.RaftServerImpl (RaftServerImpl.java:setRole(174)) - 3480664e-e083-4e16-97f4-fa54a8a0d12d@group-EA354E46A7D3: changes role from  FOLLOWER to CANDIDATE at term 0 for changeToCandidate
2019-09-25 08:23:21,717 [Thread-249] INFO  impl.RoleInfo (RoleInfo.java:updateAndGet(143)) - 3480664e-e083-4e16-97f4-fa54a8a0d12d: start LeaderElection
2019-09-25 08:23:21,717 [Thread-239] INFO  impl.FollowerState (FollowerState.java:run(106)) - 3480664e-e083-4e16-97f4-fa54a8a0d12d:group-84731DF171BE changes to CANDIDATE, lastRpcTime:5009, electionTimeout:5008ms
2019-09-25 08:23:21,719 [Thread-239] INFO  impl.RoleInfo (RoleInfo.java:shutdownFollowerState(121)) - 3480664e-e083-4e16-97f4-fa54a8a0d12d: shutdown FollowerState
2019-09-25 08:23:21,719 [Thread-239] INFO  impl.RaftServerImpl (RaftServerImpl.java:setRole(174)) - 3480664e-e083-4e16-97f4-fa54a8a0d12d@group-84731DF171BE: changes role from  FOLLOWER to CANDIDATE at term 0 for changeToCandidate
2019-09-25 08:23:21,720 [Thread-239] INFO  impl.RoleInfo (RoleInfo.java:updateAndGet(143)) - 3480664e-e083-4e16-97f4-fa54a8a0d12d: start LeaderElection
2019-09-25 08:23:21,730 [Thread-238] INFO  impl.FollowerState (FollowerState.java:run(106)) - 2fc70531-54f8-4344-a6a1-710636979233:group-84731DF171BE changes to CANDIDATE, lastRpcTime:5022, electionTimeout:5022ms
2019-09-25 08:23:21,730 [Thread-238] INFO  impl.RoleInfo (RoleInfo.java:shutdownFollowerState(121)) - 2fc70531-54f8-4344-a6a1-710636979233: shutdown FollowerState
2019-09-25 08:23:21,730 [Thread-238] INFO  impl.RaftServerImpl (RaftServerImpl.java:setRole(174)) - 2fc70531-54f8-4344-a6a1-710636979233@group-84731DF171BE: changes role from  FOLLOWER to CANDIDATE at term 0 for changeToCandidate
2019-09-25 08:23:21,731 [Thread-238] INFO  impl.RoleInfo (RoleInfo.java:updateAndGet(143)) - 2fc70531-54f8-4344-a6a1-710636979233: start LeaderElection
2019-09-25 08:23:21,750 [Thread-245] INFO  impl.FollowerState (FollowerState.java:run(106)) - 3480664e-e083-4e16-97f4-fa54a8a0d12d:group-8168C372A2DA changes to CANDIDATE, lastRpcTime:5039, electionTimeout:5039ms
2019-09-25 08:23:21,750 [Thread-245] INFO  impl.RoleInfo (RoleInfo.java:shutdownFollowerState(121)) - 3480664e-e083-4e16-97f4-fa54a8a0d12d: shutdown FollowerState
2019-09-25 08:23:21,750 [Thread-245] INFO  impl.RaftServerImpl (RaftServerImpl.java:setRole(174)) - 3480664e-e083-4e16-97f4-fa54a8a0d12d@group-8168C372A2DA: changes role from  FOLLOWER to CANDIDATE at term 0 for changeToCandidate
2019-09-25 08:23:21,750 [Thread-245] INFO  impl.RoleInfo (RoleInfo.java:updateAndGet(143)) - 3480664e-e083-4e16-97f4-fa54a8a0d12d: start LeaderElection
2019-09-25 08:23:21,809 [Thread-243] INFO  impl.FollowerState (FollowerState.java:run(106)) - 2fc70531-54f8-4344-a6a1-710636979233:group-8168C372A2DA changes to CANDIDATE, lastRpcTime:5098, electionTimeout:5098ms
2019-09-25 08:23:21,809 [Thread-243] INFO  impl.RoleInfo (RoleInfo.java:shutdownFollowerState(121)) - 2fc70531-54f8-4344-a6a1-710636979233: shutdown FollowerState
2019-09-25 08:23:21,809 [Thread-243] INFO  impl.RaftServerImpl (RaftServerImpl.java:setRole(174)) - 2fc70531-54f8-4344-a6a1-710636979233@group-8168C372A2DA: changes role from  FOLLOWER to CANDIDATE at term 0 for changeToCandidate
2019-09-25 08:23:21,809 [Thread-243] INFO  impl.RoleInfo (RoleInfo.java:updateAndGet(143)) - 2fc70531-54f8-4344-a6a1-710636979233: start LeaderElection
2019-09-25 08:23:21,853 [Thread-248] INFO  impl.FollowerState (FollowerState.java:run(106)) - 2fc70531-54f8-4344-a6a1-710636979233:group-EA354E46A7D3 changes to CANDIDATE, lastRpcTime:5141, electionTimeout:5140ms
2019-09-25 08:23:21,853 [Thread-248] INFO  impl.RoleInfo (RoleInfo.java:shutdownFollowerState(121)) - 2fc70531-54f8-4344-a6a1-710636979233: shutdown FollowerState
2019-09-25 08:23:21,853 [Thread-248] INFO  impl.RaftServerImpl (RaftServerImpl.java:setRole(174)) - 2fc70531-54f8-4344-a6a1-710636979233@group-EA354E46A7D3: changes role from  FOLLOWER to CANDIDATE at term 0 for changeToCandidate
2019-09-25 08:23:21,854 [Thread-248] INFO  impl.RoleInfo (RoleInfo.java:updateAndGet(143)) - 2fc70531-54f8-4344-a6a1-710636979233: start LeaderElection
2019-09-25 08:23:21,877 [Thread-241] INFO  impl.FollowerState (FollowerState.java:run(106)) - 5b0dbadb-21f4-40db-895f-4946533ce0da:group-6C9777D41640 changes to CANDIDATE, lastRpcTime:5168, electionTimeout:5168ms
2019-09-25 08:23:21,878 [Thread-241] INFO  impl.RoleInfo (RoleInfo.java:shutdownFollowerState(121)) - 5b0dbadb-21f4-40db-895f-4946533ce0da: shutdown FollowerState
2019-09-25 08:23:21,878 [Thread-241] INFO  impl.RaftServerImpl (RaftServerImpl.java:setRole(174)) - 5b0dbadb-21f4-40db-895f-4946533ce0da@group-6C9777D41640: changes role from  FOLLOWER to CANDIDATE at term 0 for changeToCandidate
2019-09-25 08:23:21,878 [Thread-241] INFO  impl.RoleInfo (RoleInfo.java:updateAndGet(143)) - 5b0dbadb-21f4-40db-895f-4946533ce0da: start LeaderElection
2019-09-25 08:23:21,902 [Thread-256] INFO  impl.FollowerState (FollowerState.java:run(106)) - 5b0dbadb-21f4-40db-895f-4946533ce0da:group-4DF841F73696 changes to CANDIDATE, lastRpcTime:5047, electionTimeout:5047ms
2019-09-25 08:23:21,902 [Thread-256] INFO  impl.RoleInfo (RoleInfo.java:shutdownFollowerState(121)) - 5b0dbadb-21f4-40db-895f-4946533ce0da: shutdown FollowerState
2019-09-25 08:23:21,903 [Thread-256] INFO  impl.RaftServerImpl (RaftServerImpl.java:setRole(174)) - 5b0dbadb-21f4-40db-895f-4946533ce0da@group-4DF841F73696: changes role from  FOLLOWER to CANDIDATE at term 0 for changeToCandidate
2019-09-25 08:23:21,903 [Thread-256] INFO  impl.RoleInfo (RoleInfo.java:updateAndGet(143)) - 5b0dbadb-21f4-40db-895f-4946533ce0da: start LeaderElection
2019-09-25 08:23:21,909 [Thread-262] INFO  impl.FollowerState (FollowerState.java:run(106)) - 5b0dbadb-21f4-40db-895f-4946533ce0da:group-EA354E46A7D3 changes to CANDIDATE, lastRpcTime:5050, electionTimeout:5050ms
2019-09-25 08:23:21,909 [Thread-262] INFO  impl.RoleInfo (RoleInfo.java:shutdownFollowerState(121)) - 5b0dbadb-21f4-40db-895f-4946533ce0da: shutdown FollowerState
2019-09-25 08:23:21,909 [Thread-262] INFO  impl.RaftServerImpl (RaftServerImpl.java:setRole(174)) - 5b0dbadb-21f4-40db-895f-4946533ce0da@group-EA354E46A7D3: changes role from  FOLLOWER to CANDIDATE at term 0 for changeToCandidate
2019-09-25 08:23:21,910 [Thread-262] INFO  impl.RoleInfo (RoleInfo.java:updateAndGet(143)) - 5b0dbadb-21f4-40db-895f-4946533ce0da: start LeaderElection
2019-09-25 08:23:21,945 [Thread-260] INFO  impl.FollowerState (FollowerState.java:run(106)) - 5b0dbadb-21f4-40db-895f-4946533ce0da:group-8168C372A2DA changes to CANDIDATE, lastRpcTime:5087, electionTimeout:5087ms
2019-09-25 08:23:21,945 [Thread-260] INFO  impl.RoleInfo (RoleInfo.java:shutdownFollowerState(121)) - 5b0dbadb-21f4-40db-895f-4946533ce0da: shutdown FollowerState
2019-09-25 08:23:21,945 [Thread-260] INFO  impl.RaftServerImpl (RaftServerImpl.java:setRole(174)) - 5b0dbadb-21f4-40db-895f-4946533ce0da@group-8168C372A2DA: changes role from  FOLLOWER to CANDIDATE at term 0 for changeToCandidate
2019-09-25 08:23:21,945 [Thread-260] INFO  impl.RoleInfo (RoleInfo.java:updateAndGet(143)) - 5b0dbadb-21f4-40db-895f-4946533ce0da: start LeaderElection
2019-09-25 08:23:21,956 [Thread-258] INFO  impl.FollowerState (FollowerState.java:run(106)) - 5b0dbadb-21f4-40db-895f-4946533ce0da:group-84731DF171BE changes to CANDIDATE, lastRpcTime:5100, electionTimeout:5100ms
2019-09-25 08:23:21,957 [Thread-258] INFO  impl.RoleInfo (RoleInfo.java:shutdownFollowerState(121)) - 5b0dbadb-21f4-40db-895f-4946533ce0da: shutdown FollowerState
2019-09-25 08:23:21,957 [Thread-258] INFO  impl.RaftServerImpl (RaftServerImpl.java:setRole(174)) - 5b0dbadb-21f4-40db-895f-4946533ce0da@group-84731DF171BE: changes role from  FOLLOWER to CANDIDATE at term 0 for changeToCandidate
2019-09-25 08:23:21,957 [Thread-258] INFO  impl.RoleInfo (RoleInfo.java:updateAndGet(143)) - 5b0dbadb-21f4-40db-895f-4946533ce0da: start LeaderElection
2019-09-25 08:23:21,983 [Thread-254] INFO  impl.FollowerState (FollowerState.java:run(106)) - 5b0dbadb-21f4-40db-895f-4946533ce0da:group-01C76DF8876D changes to CANDIDATE, lastRpcTime:5129, electionTimeout:5129ms
2019-09-25 08:23:21,983 [Thread-254] INFO  impl.RoleInfo (RoleInfo.java:shutdownFollowerState(121)) - 5b0dbadb-21f4-40db-895f-4946533ce0da: shutdown FollowerState
2019-09-25 08:23:21,983 [Thread-254] INFO  impl.RaftServerImpl (RaftServerImpl.java:setRole(174)) - 5b0dbadb-21f4-40db-895f-4946533ce0da@group-01C76DF8876D: changes role from  FOLLOWER to CANDIDATE at term 0 for changeToCandidate
2019-09-25 08:23:21,983 [Thread-254] INFO  impl.RoleInfo (RoleInfo.java:updateAndGet(143)) - 5b0dbadb-21f4-40db-895f-4946533ce0da: start LeaderElection
2019-09-25 08:23:22,462 [2fc70531-54f8-4344-a6a1-710636979233@group-01C76DF8876D:LeaderElection1] INFO  impl.LeaderElection (LeaderElection.java:askForVotes(182)) - 2fc70531-54f8-4344-a6a1-710636979233@group-01C76DF8876D:LeaderElection1: begin an election at term 1 for -1: [2fc70531-54f8-4344-a6a1-710636979233:192.168.36.126:43168, 3480664e-e083-4e16-97f4-fa54a8a0d12d:192.168.36.126:37426, 5b0dbadb-21f4-40db-895f-4946533ce0da:192.168.36.126:43134], old=null
2019-09-25 08:23:22,462 [3480664e-e083-4e16-97f4-fa54a8a0d12d@group-8168C372A2DA:LeaderElection6] INFO  impl.LeaderElection (LeaderElection.java:askForVotes(182)) - 3480664e-e083-4e16-97f4-fa54a8a0d12d@group-8168C372A2DA:LeaderElection6: begin an election at term 1 for -1: [2fc70531-54f8-4344-a6a1-710636979233:192.168.36.126:43168, 3480664e-e083-4e16-97f4-fa54a8a0d12d:192.168.36.126:37426, 5b0dbadb-21f4-40db-895f-4946533ce0da:192.168.36.126:43134], old=null
2019-09-25 08:23:22,473 [2fc70531-54f8-4344-a6a1-710636979233@group-EA354E46A7D3:LeaderElection8] INFO  impl.LeaderElection (LeaderElection.java:askForVotes(182)) - 2fc70531-54f8-4344-a6a1-710636979233@group-EA354E46A7D3:LeaderElection8: begin an election at term 1 for -1: [2fc70531-54f8-4344-a6a1-710636979233:192.168.36.126:43168, 3480664e-e083-4e16-97f4-fa54a8a0d12d:192.168.36.126:37426, 5b0dbadb-21f4-40db-895f-4946533ce0da:192.168.36.126:43134], old=null
2019-09-25 08:23:22,462 [3480664e-e083-4e16-97f4-fa54a8a0d12d@group-84731DF171BE:LeaderElection4] INFO  impl.LeaderElection (LeaderElection.java:askForVotes(182)) - 3480664e-e083-4e16-97f4-fa54a8a0d12d@group-84731DF171BE:LeaderElection4: begin an election at term 1 for -1: [2fc70531-54f8-4344-a6a1-710636979233:192.168.36.126:43168, 3480664e-e083-4e16-97f4-fa54a8a0d12d:192.168.36.126:37426, 5b0dbadb-21f4-40db-895f-4946533ce0da:192.168.36.126:43134], old=null
2019-09-25 08:23:22,462 [2fc70531-54f8-4344-a6a1-710636979233@group-8168C372A2DA:LeaderElection7] INFO  impl.LeaderElection (LeaderElection.java:askForVotes(182)) - 2fc70531-54f8-4344-a6a1-710636979233@group-8168C372A2DA:LeaderElection7: begin an election at term 1 for -1: [2fc70531-54f8-4344-a6a1-710636979233:192.168.36.126:43168, 3480664e-e083-4e16-97f4-fa54a8a0d12d:192.168.36.126:37426, 5b0dbadb-21f4-40db-895f-4946533ce0da:192.168.36.126:43134], old=null
2019-09-25 08:23:22,462 [3480664e-e083-4e16-97f4-fa54a8a0d12d@group-EA354E46A7D3:LeaderElection3] INFO  impl.LeaderElection (LeaderElection.java:askForVotes(182)) - 3480664e-e083-4e16-97f4-fa54a8a0d12d@group-EA354E46A7D3:LeaderElection3: begin an election at term 1 for -1: [2fc70531-54f8-4344-a6a1-710636979233:192.168.36.126:43168, 3480664e-e083-4e16-97f4-fa54a8a0d12d:192.168.36.126:37426, 5b0dbadb-21f4-40db-895f-4946533ce0da:192.168.36.126:43134], old=null
2019-09-25 08:23:22,472 [5b0dbadb-21f4-40db-895f-4946533ce0da@group-EA354E46A7D3:LeaderElection11] INFO  impl.LeaderElection (LeaderElection.java:askForVotes(182)) - 5b0dbadb-21f4-40db-895f-4946533ce0da@group-EA354E46A7D3:LeaderElection11: begin an election at term 1 for -1: [2fc70531-54f8-4344-a6a1-710636979233:192.168.36.126:43168, 3480664e-e083-4e16-97f4-fa54a8a0d12d:192.168.36.126:37426, 5b0dbadb-21f4-40db-895f-4946533ce0da:192.168.36.126:43134], old=null
2019-09-25 08:23:22,462 [2fc70531-54f8-4344-a6a1-710636979233@group-84731DF171BE:LeaderElection5] INFO  impl.LeaderElection (LeaderElection.java:askForVotes(182)) - 2fc70531-54f8-4344-a6a1-710636979233@group-84731DF171BE:LeaderElection5: begin an election at term 1 for -1: [2fc70531-54f8-4344-a6a1-710636979233:192.168.36.126:43168, 3480664e-e083-4e16-97f4-fa54a8a0d12d:192.168.36.126:37426, 5b0dbadb-21f4-40db-895f-4946533ce0da:192.168.36.126:43134], old=null
2019-09-25 08:23:22,473 [5b0dbadb-21f4-40db-895f-4946533ce0da@group-01C76DF8876D:LeaderElection14] INFO  impl.LeaderElection (LeaderElection.java:askForVotes(182)) - 5b0dbadb-21f4-40db-895f-4946533ce0da@group-01C76DF8876D:LeaderElection14: begin an election at term 1 for -1: [2fc70531-54f8-4344-a6a1-710636979233:192.168.36.126:43168, 3480664e-e083-4e16-97f4-fa54a8a0d12d:192.168.36.126:37426, 5b0dbadb-21f4-40db-895f-4946533ce0da:192.168.36.126:43134], old=null
2019-09-25 08:23:22,462 [3480664e-e083-4e16-97f4-fa54a8a0d12d@group-01C76DF8876D:LeaderElection2] INFO  impl.LeaderElection (LeaderElection.java:askForVotes(182)) - 3480664e-e083-4e16-97f4-fa54a8a0d12d@group-01C76DF8876D:LeaderElection2: begin an election at term 1 for -1: [2fc70531-54f8-4344-a6a1-710636979233:192.168.36.126:43168, 3480664e-e083-4e16-97f4-fa54a8a0d12d:192.168.36.126:37426, 5b0dbadb-21f4-40db-895f-4946533ce0da:192.168.36.126:43134], old=null
2019-09-25 08:23:22,473 [5b0dbadb-21f4-40db-895f-4946533ce0da@group-4DF841F73696:LeaderElection10] INFO  impl.LeaderElection (LeaderElection.java:askForVotes(182)) - 5b0dbadb-21f4-40db-895f-4946533ce0da@group-4DF841F73696:LeaderElection10: begin an election at term 1 for -1: [5b0dbadb-21f4-40db-895f-4946533ce0da:192.168.36.126:43134], old=null
2019-09-25 08:23:22,472 [5b0dbadb-21f4-40db-895f-4946533ce0da@group-84731DF171BE:LeaderElection13] INFO  impl.LeaderElection (LeaderElection.java:askForVotes(182)) - 5b0dbadb-21f4-40db-895f-4946533ce0da@group-84731DF171BE:LeaderElection13: begin an election at term 1 for -1: [2fc70531-54f8-4344-a6a1-710636979233:192.168.36.126:43168, 3480664e-e083-4e16-97f4-fa54a8a0d12d:192.168.36.126:37426, 5b0dbadb-21f4-40db-895f-4946533ce0da:192.168.36.126:43134], old=null
2019-09-25 08:23:22,472 [5b0dbadb-21f4-40db-895f-4946533ce0da@group-6C9777D41640:LeaderElection9] INFO  impl.LeaderElection (LeaderElection.java:askForVotes(182)) - 5b0dbadb-21f4-40db-895f-4946533ce0da@group-6C9777D41640:LeaderElection9: begin an election at term 1 for -1: [5b0dbadb-21f4-40db-895f-4946533ce0da:192.168.36.126:43134], old=null
2019-09-25 08:23:22,472 [5b0dbadb-21f4-40db-895f-4946533ce0da@group-8168C372A2DA:LeaderElection12] INFO  impl.LeaderElection (LeaderElection.java:askForVotes(182)) - 5b0dbadb-21f4-40db-895f-4946533ce0da@group-8168C372A2DA:LeaderElection12: begin an election at term 1 for -1: [2fc70531-54f8-4344-a6a1-710636979233:192.168.36.126:43168, 3480664e-e083-4e16-97f4-fa54a8a0d12d:192.168.36.126:37426, 5b0dbadb-21f4-40db-895f-4946533ce0da:192.168.36.126:43134], old=null
2019-09-25 08:23:22,476 [5b0dbadb-21f4-40db-895f-4946533ce0da@group-4DF841F73696:LeaderElection10] INFO  impl.RoleInfo (RoleInfo.java:shutdownLeaderElection(134)) - 5b0dbadb-21f4-40db-895f-4946533ce0da: shutdown LeaderElection
2019-09-25 08:23:22,476 [5b0dbadb-21f4-40db-895f-4946533ce0da@group-6C9777D41640:LeaderElection9] INFO  impl.RoleInfo (RoleInfo.java:shutdownLeaderElection(134)) - 5b0dbadb-21f4-40db-895f-4946533ce0da: shutdown LeaderElection
2019-09-25 08:23:22,477 [5b0dbadb-21f4-40db-895f-4946533ce0da@group-4DF841F73696:LeaderElection10] INFO  impl.RaftServerImpl (RaftServerImpl.java:setRole(174)) - 5b0dbadb-21f4-40db-895f-4946533ce0da@group-4DF841F73696: changes role from CANDIDATE to LEADER at term 1 for changeToLeader
2019-09-25 08:23:22,477 [5b0dbadb-21f4-40db-895f-4946533ce0da@group-6C9777D41640:LeaderElection9] INFO  impl.RaftServerImpl (RaftServerImpl.java:setRole(174)) - 5b0dbadb-21f4-40db-895f-4946533ce0da@group-6C9777D41640: changes role from CANDIDATE to LEADER at term 1 for changeToLeader
2019-09-25 08:23:22,477 [5b0dbadb-21f4-40db-895f-4946533ce0da@group-4DF841F73696:LeaderElection10] INFO  impl.RaftServerImpl (ServerState.java:setLeader(253)) - 5b0dbadb-21f4-40db-895f-4946533ce0da@group-4DF841F73696: change Leader from null to 5b0dbadb-21f4-40db-895f-4946533ce0da at term 1 for becomeLeader, leader elected after 6009ms
2019-09-25 08:23:22,477 [5b0dbadb-21f4-40db-895f-4946533ce0da@group-6C9777D41640:LeaderElection9] INFO  impl.RaftServerImpl (ServerState.java:setLeader(253)) - 5b0dbadb-21f4-40db-895f-4946533ce0da@group-6C9777D41640: change Leader from null to 5b0dbadb-21f4-40db-895f-4946533ce0da at term 1 for becomeLeader, leader elected after 14462ms
2019-09-25 08:23:22,485 [5b0dbadb-21f4-40db-895f-4946533ce0da@group-4DF841F73696:LeaderElection10] INFO  server.RaftServerConfigKeys (ConfUtils.java:logGet(43)) - raft.server.staging.catchup.gap = 1000 (default)
2019-09-25 08:23:22,485 [5b0dbadb-21f4-40db-895f-4946533ce0da@group-6C9777D41640:LeaderElection9] INFO  server.RaftServerConfigKeys (ConfUtils.java:logGet(43)) - raft.server.staging.catchup.gap = 1000 (default)
2019-09-25 08:23:22,485 [5b0dbadb-21f4-40db-895f-4946533ce0da@group-4DF841F73696:LeaderElection10] INFO  server.RaftServerConfigKeys (ConfUtils.java:logGet(43)) - raft.server.rpc.sleep.time = 25ms (default)
2019-09-25 08:23:22,485 [5b0dbadb-21f4-40db-895f-4946533ce0da@group-6C9777D41640:LeaderElection9] INFO  server.RaftServerConfigKeys (ConfUtils.java:logGet(43)) - raft.server.rpc.sleep.time = 25ms (default)
2019-09-25 08:23:22,489 [5b0dbadb-21f4-40db-895f-4946533ce0da@group-4DF841F73696:LeaderElection10] INFO  server.RaftServerConfigKeys (ConfUtils.java:logGet(43)) - raft.server.write.element-limit = 4096 (default)
2019-09-25 08:23:22,489 [5b0dbadb-21f4-40db-895f-4946533ce0da@group-6C9777D41640:LeaderElection9] INFO  server.RaftServerConfigKeys (ConfUtils.java:logGet(43)) - raft.server.write.element-limit = 4096 (default)
2019-09-25 08:23:22,498 [5b0dbadb-21f4-40db-895f-4946533ce0da@group-6C9777D41640:LeaderElection9] INFO  server.RaftServerConfigKeys (ConfUtils.java:logGet(43)) - raft.server.watch.timeout = 10s (default)
2019-09-25 08:23:22,505 [5b0dbadb-21f4-40db-895f-4946533ce0da@group-4DF841F73696:LeaderElection10] INFO  server.RaftServerConfigKeys (ConfUtils.java:logGet(43)) - raft.server.watch.timeout = 10s (default)
2019-09-25 08:23:22,505 [5b0dbadb-21f4-40db-895f-4946533ce0da@group-6C9777D41640:LeaderElection9] INFO  server.RaftServerConfigKeys (ConfUtils.java:logGet(43)) - raft.server.watch.timeout.denomination = 1s (default)
2019-09-25 08:23:22,506 [5b0dbadb-21f4-40db-895f-4946533ce0da@group-4DF841F73696:LeaderElection10] INFO  server.RaftServerConfigKeys (ConfUtils.java:logGet(43)) - raft.server.watch.timeout.denomination = 1s (default)
2019-09-25 08:23:22,510 [5b0dbadb-21f4-40db-895f-4946533ce0da@group-4DF841F73696:LeaderElection10] INFO  server.RaftServerConfigKeys (ConfUtils.java:logGet(43)) - raft.server.watch.element-limit = 65536 (default)
2019-09-25 08:23:22,510 [5b0dbadb-21f4-40db-895f-4946533ce0da@group-6C9777D41640:LeaderElection9] INFO  server.RaftServerConfigKeys (ConfUtils.java:logGet(43)) - raft.server.watch.element-limit = 65536 (default)
2019-09-25 08:23:22,566 [5b0dbadb-21f4-40db-895f-4946533ce0da@group-6C9777D41640:LeaderElection9] INFO  impl.RoleInfo (RoleInfo.java:updateAndGet(143)) - 5b0dbadb-21f4-40db-895f-4946533ce0da: start LeaderState
2019-09-25 08:23:22,566 [5b0dbadb-21f4-40db-895f-4946533ce0da@group-4DF841F73696:LeaderElection10] INFO  impl.RoleInfo (RoleInfo.java:updateAndGet(143)) - 5b0dbadb-21f4-40db-895f-4946533ce0da: start LeaderState
2019-09-25 08:23:22,618 [5b0dbadb-21f4-40db-895f-4946533ce0da@group-01C76DF8876D:LeaderElection14] INFO  impl.LeaderElection (LeaderElection.java:logAndReturn(56)) - 5b0dbadb-21f4-40db-895f-4946533ce0da@group-01C76DF8876D:LeaderElection14: Election REJECTED; received 2 response(s) [5b0dbadb-21f4-40db-895f-4946533ce0da<-2fc70531-54f8-4344-a6a1-710636979233#0:FAIL-t1, 5b0dbadb-21f4-40db-895f-4946533ce0da<-3480664e-e083-4e16-97f4-fa54a8a0d12d#0:FAIL-t1] and 0 exception(s); 5b0dbadb-21f4-40db-895f-4946533ce0da@group-01C76DF8876D:t1, leader=null, voted=5b0dbadb-21f4-40db-895f-4946533ce0da, raftlog=5b0dbadb-21f4-40db-895f-4946533ce0da@group-01C76DF8876D-SegmentedRaftLog:OPENED:c-1,f-1,i0, conf=-1: [2fc70531-54f8-4344-a6a1-710636979233:192.168.36.126:43168, 3480664e-e083-4e16-97f4-fa54a8a0d12d:192.168.36.126:37426, 5b0dbadb-21f4-40db-895f-4946533ce0da:192.168.36.126:43134], old=null
2019-09-25 08:23:22,618 [5b0dbadb-21f4-40db-895f-4946533ce0da@group-EA354E46A7D3:LeaderElection11] INFO  impl.LeaderElection (LeaderElection.java:logAndReturn(56)) - 5b0dbadb-21f4-40db-895f-4946533ce0da@group-EA354E46A7D3:LeaderElection11: Election REJECTED; received 2 response(s) [5b0dbadb-21f4-40db-895f-4946533ce0da<-2fc70531-54f8-4344-a6a1-710636979233#0:FAIL-t1, 5b0dbadb-21f4-40db-895f-4946533ce0da<-3480664e-e083-4e16-97f4-fa54a8a0d12d#0:FAIL-t1] and 0 exception(s); 5b0dbadb-21f4-40db-895f-4946533ce0da@group-EA354E46A7D3:t1, leader=null, voted=5b0dbadb-21f4-40db-895f-4946533ce0da, raftlog=5b0dbadb-21f4-40db-895f-4946533ce0da@group-EA354E46A7D3-SegmentedRaftLog:OPENED:c-1,f-1,i0, conf=-1: [2fc70531-54f8-4344-a6a1-710636979233:192.168.36.126:43168, 3480664e-e083-4e16-97f4-fa54a8a0d12d:192.168.36.126:37426, 5b0dbadb-21f4-40db-895f-4946533ce0da:192.168.36.126:43134], old=null
2019-09-25 08:23:22,620 [5b0dbadb-21f4-40db-895f-4946533ce0da@group-EA354E46A7D3:LeaderElection11] INFO  impl.RaftServerImpl (RaftServerImpl.java:setRole(174)) - 5b0dbadb-21f4-40db-895f-4946533ce0da@group-EA354E46A7D3: changes role from CANDIDATE to FOLLOWER at term 1 for DISCOVERED_A_NEW_TERM
2019-09-25 08:23:22,620 [5b0dbadb-21f4-40db-895f-4946533ce0da@group-01C76DF8876D:LeaderElection14] INFO  impl.RaftServerImpl (RaftServerImpl.java:setRole(174)) - 5b0dbadb-21f4-40db-895f-4946533ce0da@group-01C76DF8876D: changes role from CANDIDATE to FOLLOWER at term 1 for DISCOVERED_A_NEW_TERM
2019-09-25 08:23:22,624 [5b0dbadb-21f4-40db-895f-4946533ce0da@group-EA354E46A7D3:LeaderElection11] INFO  impl.RoleInfo (RoleInfo.java:shutdownLeaderElection(134)) - 5b0dbadb-21f4-40db-895f-4946533ce0da: shutdown LeaderElection
2019-09-25 08:23:22,626 [5b0dbadb-21f4-40db-895f-4946533ce0da@group-01C76DF8876D:LeaderElection14] INFO  impl.RoleInfo (RoleInfo.java:shutdownLeaderElection(134)) - 5b0dbadb-21f4-40db-895f-4946533ce0da: shutdown LeaderElection
2019-09-25 08:23:22,626 [5b0dbadb-21f4-40db-895f-4946533ce0da@group-EA354E46A7D3:LeaderElection11] INFO  impl.RoleInfo (RoleInfo.java:updateAndGet(143)) - 5b0dbadb-21f4-40db-895f-4946533ce0da: start FollowerState
2019-09-25 08:23:22,626 [3480664e-e083-4e16-97f4-fa54a8a0d12d@group-EA354E46A7D3:LeaderElection3] INFO  impl.LeaderElection (LeaderElection.java:logAndReturn(56)) - 3480664e-e083-4e16-97f4-fa54a8a0d12d@group-EA354E46A7D3:LeaderElection3: Election REJECTED; received 2 response(s) [3480664e-e083-4e16-97f4-fa54a8a0d12d<-2fc70531-54f8-4344-a6a1-710636979233#0:FAIL-t1, 3480664e-e083-4e16-97f4-fa54a8a0d12d<-5b0dbadb-21f4-40db-895f-4946533ce0da#0:FAIL-t1] and 0 exception(s); 3480664e-e083-4e16-97f4-fa54a8a0d12d@group-EA354E46A7D3:t1, leader=null, voted=3480664e-e083-4e16-97f4-fa54a8a0d12d, raftlog=3480664e-e083-4e16-97f4-fa54a8a0d12d@group-EA354E46A7D3-SegmentedRaftLog:OPENED:c-1,f-1,i0, conf=-1: [2fc70531-54f8-4344-a6a1-710636979233:192.168.36.126:43168, 3480664e-e083-4e16-97f4-fa54a8a0d12d:192.168.36.126:37426, 5b0dbadb-21f4-40db-895f-4946533ce0da:192.168.36.126:43134], old=null
2019-09-25 08:23:22,626 [5b0dbadb-21f4-40db-895f-4946533ce0da@group-01C76DF8876D:LeaderElection14] INFO  impl.RoleInfo (RoleInfo.java:updateAndGet(143)) - 5b0dbadb-21f4-40db-895f-4946533ce0da: start FollowerState
2019-09-25 08:23:22,626 [2fc70531-54f8-4344-a6a1-710636979233@group-01C76DF8876D:LeaderElection1] INFO  impl.LeaderElection (LeaderElection.java:logAndReturn(56)) - 2fc70531-54f8-4344-a6a1-710636979233@group-01C76DF8876D:LeaderElection1: Election REJECTED; received 2 response(s) [2fc70531-54f8-4344-a6a1-710636979233<-3480664e-e083-4e16-97f4-fa54a8a0d12d#0:FAIL-t1, 2fc70531-54f8-4344-a6a1-710636979233<-5b0dbadb-21f4-40db-895f-4946533ce0da#0:FAIL-t1] and 0 exception(s); 2fc70531-54f8-4344-a6a1-710636979233@group-01C76DF8876D:t1, leader=null, voted=2fc70531-54f8-4344-a6a1-710636979233, raftlog=2fc70531-54f8-4344-a6a1-710636979233@group-01C76DF8876D-SegmentedRaftLog:OPENED:c-1,f-1,i0, conf=-1: [2fc70531-54f8-4344-a6a1-710636979233:192.168.36.126:43168, 3480664e-e083-4e16-97f4-fa54a8a0d12d:192.168.36.126:37426, 5b0dbadb-21f4-40db-895f-4946533ce0da:192.168.36.126:43134], old=null
2019-09-25 08:23:22,628 [3480664e-e083-4e16-97f4-fa54a8a0d12d@group-EA354E46A7D3:LeaderElection3] INFO  impl.RaftServerImpl (RaftServerImpl.java:setRole(174)) - 3480664e-e083-4e16-97f4-fa54a8a0d12d@group-EA354E46A7D3: changes role from CANDIDATE to FOLLOWER at term 1 for DISCOVERED_A_NEW_TERM
2019-09-25 08:23:22,626 [2fc70531-54f8-4344-a6a1-710636979233@group-EA354E46A7D3:LeaderElection8] INFO  impl.LeaderElection (LeaderElection.java:logAndReturn(56)) - 2fc70531-54f8-4344-a6a1-710636979233@group-EA354E46A7D3:LeaderElection8: Election REJECTED; received 2 response(s) [2fc70531-54f8-4344-a6a1-710636979233<-3480664e-e083-4e16-97f4-fa54a8a0d12d#0:FAIL-t1, 2fc70531-54f8-4344-a6a1-710636979233<-5b0dbadb-21f4-40db-895f-4946533ce0da#0:FAIL-t1] and 0 exception(s); 2fc70531-54f8-4344-a6a1-710636979233@group-EA354E46A7D3:t1, leader=null, voted=2fc70531-54f8-4344-a6a1-710636979233, raftlog=2fc70531-54f8-4344-a6a1-710636979233@group-EA354E46A7D3-SegmentedRaftLog:OPENED:c-1,f-1,i0, conf=-1: [2fc70531-54f8-4344-a6a1-710636979233:192.168.36.126:43168, 3480664e-e083-4e16-97f4-fa54a8a0d12d:192.168.36.126:37426, 5b0dbadb-21f4-40db-895f-4946533ce0da:192.168.36.126:43134], old=null
2019-09-25 08:23:22,626 [5b0dbadb-21f4-40db-895f-4946533ce0da@group-8168C372A2DA:LeaderElection12] INFO  impl.LeaderElection (LeaderElection.java:logAndReturn(56)) - 5b0dbadb-21f4-40db-895f-4946533ce0da@group-8168C372A2DA:LeaderElection12: Election REJECTED; received 2 response(s) [5b0dbadb-21f4-40db-895f-4946533ce0da<-2fc70531-54f8-4344-a6a1-710636979233#0:FAIL-t1, 5b0dbadb-21f4-40db-895f-4946533ce0da<-3480664e-e083-4e16-97f4-fa54a8a0d12d#0:FAIL-t1] and 0 exception(s); 5b0dbadb-21f4-40db-895f-4946533ce0da@group-8168C372A2DA:t1, leader=null, voted=5b0dbadb-21f4-40db-895f-4946533ce0da, raftlog=5b0dbadb-21f4-40db-895f-4946533ce0da@group-8168C372A2DA-SegmentedRaftLog:OPENED:c-1,f-1,i0, conf=-1: [2fc70531-54f8-4344-a6a1-710636979233:192.168.36.126:43168, 3480664e-e083-4e16-97f4-fa54a8a0d12d:192.168.36.126:37426, 5b0dbadb-21f4-40db-895f-4946533ce0da:192.168.36.126:43134], old=null
2019-09-25 08:23:22,636 [2fc70531-54f8-4344-a6a1-710636979233@group-EA354E46A7D3:LeaderElection8] INFO  impl.RaftServerImpl (RaftServerImpl.java:setRole(174)) - 2fc70531-54f8-4344-a6a1-710636979233@group-EA354E46A7D3: changes role from CANDIDATE to FOLLOWER at term 1 for DISCOVERED_A_NEW_TERM
2019-09-25 08:23:22,632 [3480664e-e083-4e16-97f4-fa54a8a0d12d@group-EA354E46A7D3:LeaderElection3] INFO  impl.RoleInfo (RoleInfo.java:shutdownLeaderElection(134)) - 3480664e-e083-4e16-97f4-fa54a8a0d12d: shutdown LeaderElection
2019-09-25 08:23:22,632 [2fc70531-54f8-4344-a6a1-710636979233@group-01C76DF8876D:LeaderElection1] INFO  impl.RaftServerImpl (RaftServerImpl.java:setRole(174)) - 2fc70531-54f8-4344-a6a1-710636979233@group-01C76DF8876D: changes role from CANDIDATE to FOLLOWER at term 1 for DISCOVERED_A_NEW_TERM
2019-09-25 08:23:22,640 [3480664e-e083-4e16-97f4-fa54a8a0d12d@group-EA354E46A7D3:LeaderElection3] INFO  impl.RoleInfo (RoleInfo.java:updateAndGet(143)) - 3480664e-e083-4e16-97f4-fa54a8a0d12d: start FollowerState
2019-09-25 08:23:22,639 [5b0dbadb-21f4-40db-895f-4946533ce0da@group-84731DF171BE:LeaderElection13] INFO  impl.LeaderElection (LeaderElection.java:logAndReturn(56)) - 5b0dbadb-21f4-40db-895f-4946533ce0da@group-84731DF171BE:LeaderElection13: Election REJECTED; received 2 response(s) [5b0dbadb-21f4-40db-895f-4946533ce0da<-2fc70531-54f8-4344-a6a1-710636979233#0:FAIL-t1, 5b0dbadb-21f4-40db-895f-4946533ce0da<-3480664e-e083-4e16-97f4-fa54a8a0d12d#0:FAIL-t1] and 0 exception(s); 5b0dbadb-21f4-40db-895f-4946533ce0da@group-84731DF171BE:t1, leader=null, voted=5b0dbadb-21f4-40db-895f-4946533ce0da, raftlog=5b0dbadb-21f4-40db-895f-4946533ce0da@group-84731DF171BE-SegmentedRaftLog:OPENED:c-1,f-1,i0, conf=-1: [2fc70531-54f8-4344-a6a1-710636979233:192.168.36.126:43168, 3480664e-e083-4e16-97f4-fa54a8a0d12d:192.168.36.126:37426, 5b0dbadb-21f4-40db-895f-4946533ce0da:192.168.36.126:43134], old=null
2019-09-25 08:23:22,638 [5b0dbadb-21f4-40db-895f-4946533ce0da@group-8168C372A2DA:LeaderElection12] INFO  impl.RaftServerImpl (RaftServerImpl.java:setRole(174)) - 5b0dbadb-21f4-40db-895f-4946533ce0da@group-8168C372A2DA: changes role from CANDIDATE to FOLLOWER at term 1 for DISCOVERED_A_NEW_TERM
2019-09-25 08:23:22,645 [5b0dbadb-21f4-40db-895f-4946533ce0da@group-84731DF171BE:LeaderElection13] INFO  impl.RaftServerImpl (RaftServerImpl.java:setRole(174)) - 5b0dbadb-21f4-40db-895f-4946533ce0da@group-84731DF171BE: changes role from CANDIDATE to FOLLOWER at term 1 for DISCOVERED_A_NEW_TERM
2019-09-25 08:23:22,638 [2fc70531-54f8-4344-a6a1-710636979233@group-EA354E46A7D3:LeaderElection8] INFO  impl.RoleInfo (RoleInfo.java:shutdownLeaderElection(134)) - 2fc70531-54f8-4344-a6a1-710636979233: shutdown LeaderElection
2019-09-25 08:23:22,647 [5b0dbadb-21f4-40db-895f-4946533ce0da@group-8168C372A2DA:LeaderElection12] INFO  impl.RoleInfo (RoleInfo.java:shutdownLeaderElection(134)) - 5b0dbadb-21f4-40db-895f-4946533ce0da: shutdown LeaderElection
2019-09-25 08:23:22,647 [5b0dbadb-21f4-40db-895f-4946533ce0da@group-84731DF171BE:LeaderElection13] INFO  impl.RoleInfo (RoleInfo.java:shutdownLeaderElection(134)) - 5b0dbadb-21f4-40db-895f-4946533ce0da: shutdown LeaderElection
2019-09-25 08:23:22,647 [5b0dbadb-21f4-40db-895f-4946533ce0da@group-8168C372A2DA:LeaderElection12] INFO  impl.RoleInfo (RoleInfo.java:updateAndGet(143)) - 5b0dbadb-21f4-40db-895f-4946533ce0da: start FollowerState
2019-09-25 08:23:22,647 [2fc70531-54f8-4344-a6a1-710636979233@group-8168C372A2DA:LeaderElection7] INFO  impl.LeaderElection (LeaderElection.java:logAndReturn(56)) - 2fc70531-54f8-4344-a6a1-710636979233@group-8168C372A2DA:LeaderElection7: Election REJECTED; received 2 response(s) [2fc70531-54f8-4344-a6a1-710636979233<-3480664e-e083-4e16-97f4-fa54a8a0d12d#0:FAIL-t1, 2fc70531-54f8-4344-a6a1-710636979233<-5b0dbadb-21f4-40db-895f-4946533ce0da#0:FAIL-t1] and 0 exception(s); 2fc70531-54f8-4344-a6a1-710636979233@group-8168C372A2DA:t1, leader=null, voted=2fc70531-54f8-4344-a6a1-710636979233, raftlog=2fc70531-54f8-4344-a6a1-710636979233@group-8168C372A2DA-SegmentedRaftLog:OPENED:c-1,f-1,i0, conf=-1: [2fc70531-54f8-4344-a6a1-710636979233:192.168.36.126:43168, 3480664e-e083-4e16-97f4-fa54a8a0d12d:192.168.36.126:37426, 5b0dbadb-21f4-40db-895f-4946533ce0da:192.168.36.126:43134], old=null
2019-09-25 08:23:22,645 [3480664e-e083-4e16-97f4-fa54a8a0d12d@group-8168C372A2DA:LeaderElection6] INFO  impl.LeaderElection (LeaderElection.java:logAndReturn(56)) - 3480664e-e083-4e16-97f4-fa54a8a0d12d@group-8168C372A2DA:LeaderElection6: Election REJECTED; received 2 response(s) [3480664e-e083-4e16-97f4-fa54a8a0d12d<-2fc70531-54f8-4344-a6a1-710636979233#0:FAIL-t1, 3480664e-e083-4e16-97f4-fa54a8a0d12d<-5b0dbadb-21f4-40db-895f-4946533ce0da#0:FAIL-t1] and 0 exception(s); 3480664e-e083-4e16-97f4-fa54a8a0d12d@group-8168C372A2DA:t1, leader=null, voted=3480664e-e083-4e16-97f4-fa54a8a0d12d, raftlog=3480664e-e083-4e16-97f4-fa54a8a0d12d@group-8168C372A2DA-SegmentedRaftLog:OPENED:c-1,f-1,i0, conf=-1: [2fc70531-54f8-4344-a6a1-710636979233:192.168.36.126:43168, 3480664e-e083-4e16-97f4-fa54a8a0d12d:192.168.36.126:37426, 5b0dbadb-21f4-40db-895f-4946533ce0da:192.168.36.126:43134], old=null
2019-09-25 08:23:22,640 [2fc70531-54f8-4344-a6a1-710636979233@group-01C76DF8876D:LeaderElection1] INFO  impl.RoleInfo (RoleInfo.java:shutdownLeaderElection(134)) - 2fc70531-54f8-4344-a6a1-710636979233: shutdown LeaderElection
2019-09-25 08:23:22,649 [3480664e-e083-4e16-97f4-fa54a8a0d12d@group-01C76DF8876D:LeaderElection2] INFO  impl.LeaderElection (LeaderElection.java:logAndReturn(56)) - 3480664e-e083-4e16-97f4-fa54a8a0d12d@group-01C76DF8876D:LeaderElection2: Election REJECTED; received 2 response(s) [3480664e-e083-4e16-97f4-fa54a8a0d12d<-2fc70531-54f8-4344-a6a1-710636979233#0:FAIL-t1, 3480664e-e083-4e16-97f4-fa54a8a0d12d<-5b0dbadb-21f4-40db-895f-4946533ce0da#0:FAIL-t1] and 0 exception(s); 3480664e-e083-4e16-97f4-fa54a8a0d12d@group-01C76DF8876D:t1, leader=null, voted=3480664e-e083-4e16-97f4-fa54a8a0d12d, raftlog=3480664e-e083-4e16-97f4-fa54a8a0d12d@group-01C76DF8876D-SegmentedRaftLog:OPENED:c-1,f-1,i0, conf=-1: [2fc70531-54f8-4344-a6a1-710636979233:192.168.36.126:43168, 3480664e-e083-4e16-97f4-fa54a8a0d12d:192.168.36.126:37426, 5b0dbadb-21f4-40db-895f-4946533ce0da:192.168.36.126:43134], old=null
2019-09-25 08:23:22,647 [2fc70531-54f8-4344-a6a1-710636979233@group-8168C372A2DA:LeaderElection7] INFO  impl.RaftServerImpl (RaftServerImpl.java:setRole(174)) - 2fc70531-54f8-4344-a6a1-710636979233@group-8168C372A2DA: changes role from CANDIDATE to FOLLOWER at term 1 for DISCOVERED_A_NEW_TERM
2019-09-25 08:23:22,647 [5b0dbadb-21f4-40db-895f-4946533ce0da@group-84731DF171BE:LeaderElection13] INFO  impl.RoleInfo (RoleInfo.java:updateAndGet(143)) - 5b0dbadb-21f4-40db-895f-4946533ce0da: start FollowerState
2019-09-25 08:23:22,647 [3480664e-e083-4e16-97f4-fa54a8a0d12d@group-84731DF171BE:LeaderElection4] INFO  impl.LeaderElection (LeaderElection.java:logAndReturn(56)) - 3480664e-e083-4e16-97f4-fa54a8a0d12d@group-84731DF171BE:LeaderElection4: Election REJECTED; received 2 response(s) [3480664e-e083-4e16-97f4-fa54a8a0d12d<-2fc70531-54f8-4344-a6a1-710636979233#0:FAIL-t1, 3480664e-e083-4e16-97f4-fa54a8a0d12d<-5b0dbadb-21f4-40db-895f-4946533ce0da#0:FAIL-t1] and 0 exception(s); 3480664e-e083-4e16-97f4-fa54a8a0d12d@group-84731DF171BE:t1, leader=null, voted=3480664e-e083-4e16-97f4-fa54a8a0d12d, raftlog=3480664e-e083-4e16-97f4-fa54a8a0d12d@group-84731DF171BE-SegmentedRaftLog:OPENED:c-1,f-1,i0, conf=-1: [2fc70531-54f8-4344-a6a1-710636979233:192.168.36.126:43168, 3480664e-e083-4e16-97f4-fa54a8a0d12d:192.168.36.126:37426, 5b0dbadb-21f4-40db-895f-4946533ce0da:192.168.36.126:43134], old=null
2019-09-25 08:23:22,647 [2fc70531-54f8-4344-a6a1-710636979233@group-EA354E46A7D3:LeaderElection8] INFO  impl.RoleInfo (RoleInfo.java:updateAndGet(143)) - 2fc70531-54f8-4344-a6a1-710636979233: start FollowerState
2019-09-25 08:23:22,647 [2fc70531-54f8-4344-a6a1-710636979233@group-84731DF171BE:LeaderElection5] INFO  impl.LeaderElection (LeaderElection.java:logAndReturn(56)) - 2fc70531-54f8-4344-a6a1-710636979233@group-84731DF171BE:LeaderElection5: Election REJECTED; received 2 response(s) [2fc70531-54f8-4344-a6a1-710636979233<-3480664e-e083-4e16-97f4-fa54a8a0d12d#0:FAIL-t1, 2fc70531-54f8-4344-a6a1-710636979233<-5b0dbadb-21f4-40db-895f-4946533ce0da#0:FAIL-t1] and 0 exception(s); 2fc70531-54f8-4344-a6a1-710636979233@group-84731DF171BE:t1, leader=null, voted=2fc70531-54f8-4344-a6a1-710636979233, raftlog=2fc70531-54f8-4344-a6a1-710636979233@group-84731DF171BE-SegmentedRaftLog:OPENED:c-1,f-1,i0, conf=-1: [2fc70531-54f8-4344-a6a1-710636979233:192.168.36.126:43168, 3480664e-e083-4e16-97f4-fa54a8a0d12d:192.168.36.126:37426, 5b0dbadb-21f4-40db-895f-4946533ce0da:192.168.36.126:43134], old=null
2019-09-25 08:23:22,652 [3480664e-e083-4e16-97f4-fa54a8a0d12d@group-84731DF171BE:LeaderElection4] INFO  impl.RaftServerImpl (RaftServerImpl.java:setRole(174)) - 3480664e-e083-4e16-97f4-fa54a8a0d12d@group-84731DF171BE: changes role from CANDIDATE to FOLLOWER at term 1 for DISCOVERED_A_NEW_TERM
2019-09-25 08:23:22,651 [2fc70531-54f8-4344-a6a1-710636979233@group-8168C372A2DA:LeaderElection7] INFO  impl.RoleInfo (RoleInfo.java:shutdownLeaderElection(134)) - 2fc70531-54f8-4344-a6a1-710636979233: shutdown LeaderElection
2019-09-25 08:23:22,650 [2fc70531-54f8-4344-a6a1-710636979233@group-01C76DF8876D:LeaderElection1] INFO  impl.RoleInfo (RoleInfo.java:updateAndGet(143)) - 2fc70531-54f8-4344-a6a1-710636979233: start FollowerState
2019-09-25 08:23:22,650 [3480664e-e083-4e16-97f4-fa54a8a0d12d@group-01C76DF8876D:LeaderElection2] INFO  impl.RaftServerImpl (RaftServerImpl.java:setRole(174)) - 3480664e-e083-4e16-97f4-fa54a8a0d12d@group-01C76DF8876D: changes role from CANDIDATE to FOLLOWER at term 1 for DISCOVERED_A_NEW_TERM
2019-09-25 08:23:22,650 [3480664e-e083-4e16-97f4-fa54a8a0d12d@group-8168C372A2DA:LeaderElection6] INFO  impl.RaftServerImpl (RaftServerImpl.java:setRole(174)) - 3480664e-e083-4e16-97f4-fa54a8a0d12d@group-8168C372A2DA: changes role from CANDIDATE to FOLLOWER at term 1 for DISCOVERED_A_NEW_TERM
2019-09-25 08:23:22,655 [3480664e-e083-4e16-97f4-fa54a8a0d12d@group-01C76DF8876D:LeaderElection2] INFO  impl.RoleInfo (RoleInfo.java:shutdownLeaderElection(134)) - 3480664e-e083-4e16-97f4-fa54a8a0d12d: shutdown LeaderElection
2019-09-25 08:23:22,655 [2fc70531-54f8-4344-a6a1-710636979233@group-8168C372A2DA:LeaderElection7] INFO  impl.RoleInfo (RoleInfo.java:updateAndGet(143)) - 2fc70531-54f8-4344-a6a1-710636979233: start FollowerState
2019-09-25 08:23:22,653 [3480664e-e083-4e16-97f4-fa54a8a0d12d@group-84731DF171BE:LeaderElection4] INFO  impl.RoleInfo (RoleInfo.java:shutdownLeaderElection(134)) - 3480664e-e083-4e16-97f4-fa54a8a0d12d: shutdown LeaderElection
2019-09-25 08:23:22,653 [2fc70531-54f8-4344-a6a1-710636979233@group-84731DF171BE:LeaderElection5] INFO  impl.RaftServerImpl (RaftServerImpl.java:setRole(174)) - 2fc70531-54f8-4344-a6a1-710636979233@group-84731DF171BE: changes role from CANDIDATE to FOLLOWER at term 1 for DISCOVERED_A_NEW_TERM
2019-09-25 08:23:22,656 [3480664e-e083-4e16-97f4-fa54a8a0d12d@group-84731DF171BE:LeaderElection4] INFO  impl.RoleInfo (RoleInfo.java:updateAndGet(143)) - 3480664e-e083-4e16-97f4-fa54a8a0d12d: start FollowerState
2019-09-25 08:23:22,656 [3480664e-e083-4e16-97f4-fa54a8a0d12d@group-01C76DF8876D:LeaderElection2] INFO  impl.RoleInfo (RoleInfo.java:updateAndGet(143)) - 3480664e-e083-4e16-97f4-fa54a8a0d12d: start FollowerState
2019-09-25 08:23:22,655 [3480664e-e083-4e16-97f4-fa54a8a0d12d@group-8168C372A2DA:LeaderElection6] INFO  impl.RoleInfo (RoleInfo.java:shutdownLeaderElection(134)) - 3480664e-e083-4e16-97f4-fa54a8a0d12d: shutdown LeaderElection
2019-09-25 08:23:22,656 [2fc70531-54f8-4344-a6a1-710636979233@group-84731DF171BE:LeaderElection5] INFO  impl.RoleInfo (RoleInfo.java:shutdownLeaderElection(134)) - 2fc70531-54f8-4344-a6a1-710636979233: shutdown LeaderElection
2019-09-25 08:23:22,657 [3480664e-e083-4e16-97f4-fa54a8a0d12d@group-8168C372A2DA:LeaderElection6] INFO  impl.RoleInfo (RoleInfo.java:updateAndGet(143)) - 3480664e-e083-4e16-97f4-fa54a8a0d12d: start FollowerState
2019-09-25 08:23:22,657 [2fc70531-54f8-4344-a6a1-710636979233@group-84731DF171BE:LeaderElection5] INFO  impl.RoleInfo (RoleInfo.java:updateAndGet(143)) - 2fc70531-54f8-4344-a6a1-710636979233: start FollowerState
2019-09-25 08:23:22,660 [5b0dbadb-21f4-40db-895f-4946533ce0da@group-4DF841F73696:LeaderElection10] INFO  segmented.SegmentedRaftLogWorker (SegmentedRaftLogWorker.java:startLogSegment(380)) - 5b0dbadb-21f4-40db-895f-4946533ce0da@group-4DF841F73696-SegmentedRaftLogWorker: Starting segment from index:0
2019-09-25 08:23:22,660 [5b0dbadb-21f4-40db-895f-4946533ce0da@group-6C9777D41640:LeaderElection9] INFO  segmented.SegmentedRaftLogWorker (SegmentedRaftLogWorker.java:startLogSegment(380)) - 5b0dbadb-21f4-40db-895f-4946533ce0da@group-6C9777D41640-SegmentedRaftLogWorker: Starting segment from index:0
2019-09-25 08:23:22,670 [5b0dbadb-21f4-40db-895f-4946533ce0da@group-4DF841F73696:LeaderElection10] INFO  impl.RaftServerImpl (ServerState.java:setRaftConf(354)) - 5b0dbadb-21f4-40db-895f-4946533ce0da@group-4DF841F73696: set configuration 0: [5b0dbadb-21f4-40db-895f-4946533ce0da:192.168.36.126:43134], old=null at 0
2019-09-25 08:23:22,670 [5b0dbadb-21f4-40db-895f-4946533ce0da@group-6C9777D41640:LeaderElection9] INFO  impl.RaftServerImpl (ServerState.java:setRaftConf(354)) - 5b0dbadb-21f4-40db-895f-4946533ce0da@group-6C9777D41640: set configuration 0: [5b0dbadb-21f4-40db-895f-4946533ce0da:192.168.36.126:43134], old=null at 0
2019-09-25 08:23:27,658 [Thread-321] INFO  impl.FollowerState (FollowerState.java:run(106)) - 5b0dbadb-21f4-40db-895f-4946533ce0da:group-EA354E46A7D3 changes to CANDIDATE, lastRpcTime:5031, electionTimeout:5027ms
2019-09-25 08:23:27,659 [Thread-321] INFO  impl.RoleInfo (RoleInfo.java:shutdownFollowerState(121)) - 5b0dbadb-21f4-40db-895f-4946533ce0da: shutdown FollowerState
2019-09-25 08:23:27,659 [Thread-321] INFO  impl.RaftServerImpl (RaftServerImpl.java:setRole(174)) - 5b0dbadb-21f4-40db-895f-4946533ce0da@group-EA354E46A7D3: changes role from  FOLLOWER to CANDIDATE at term 1 for changeToCandidate
2019-09-25 08:23:27,660 [Thread-321] INFO  impl.RoleInfo (RoleInfo.java:updateAndGet(143)) - 5b0dbadb-21f4-40db-895f-4946533ce0da: start LeaderElection
2019-09-25 08:23:27,667 [Thread-325] INFO  impl.FollowerState (FollowerState.java:run(106)) - 5b0dbadb-21f4-40db-895f-4946533ce0da:group-8168C372A2DA changes to CANDIDATE, lastRpcTime:5019, electionTimeout:5019ms
2019-09-25 08:23:27,667 [Thread-325] INFO  impl.RoleInfo (RoleInfo.java:shutdownFollowerState(121)) - 5b0dbadb-21f4-40db-895f-4946533ce0da: shutdown FollowerState
2019-09-25 08:23:27,667 [Thread-325] INFO  impl.RaftServerImpl (RaftServerImpl.java:setRole(174)) - 5b0dbadb-21f4-40db-895f-4946533ce0da@group-8168C372A2DA: changes role from  FOLLOWER to CANDIDATE at term 1 for changeToCandidate
2019-09-25 08:23:27,667 [Thread-325] INFO  impl.RoleInfo (RoleInfo.java:updateAndGet(143)) - 5b0dbadb-21f4-40db-895f-4946533ce0da: start LeaderElection
2019-09-25 08:23:27,728 [Thread-331] INFO  impl.FollowerState (FollowerState.java:run(106)) - 3480664e-e083-4e16-97f4-fa54a8a0d12d:group-8168C372A2DA changes to CANDIDATE, lastRpcTime:5070, electionTimeout:5070ms
2019-09-25 08:23:27,728 [Thread-331] INFO  impl.RoleInfo (RoleInfo.java:shutdownFollowerState(121)) - 3480664e-e083-4e16-97f4-fa54a8a0d12d: shutdown FollowerState
2019-09-25 08:23:27,729 [Thread-331] INFO  impl.RaftServerImpl (RaftServerImpl.java:setRole(174)) - 3480664e-e083-4e16-97f4-fa54a8a0d12d@group-8168C372A2DA: changes role from  FOLLOWER to CANDIDATE at term 1 for changeToCandidate
2019-09-25 08:23:27,729 [Thread-331] INFO  impl.RoleInfo (RoleInfo.java:updateAndGet(143)) - 3480664e-e083-4e16-97f4-fa54a8a0d12d: start LeaderElection
2019-09-25 08:23:27,741 [Thread-332] INFO  impl.FollowerState (FollowerState.java:run(106)) - 2fc70531-54f8-4344-a6a1-710636979233:group-84731DF171BE changes to CANDIDATE, lastRpcTime:5083, electionTimeout:5083ms
2019-09-25 08:23:27,741 [Thread-332] INFO  impl.RoleInfo (RoleInfo.java:shutdownFollowerState(121)) - 2fc70531-54f8-4344-a6a1-710636979233: shutdown FollowerState
2019-09-25 08:23:27,742 [Thread-332] INFO  impl.RaftServerImpl (RaftServerImpl.java:setRole(174)) - 2fc70531-54f8-4344-a6a1-710636979233@group-84731DF171BE: changes role from  FOLLOWER to CANDIDATE at term 1 for changeToCandidate
2019-09-25 08:23:27,742 [Thread-332] INFO  impl.RoleInfo (RoleInfo.java:updateAndGet(143)) - 2fc70531-54f8-4344-a6a1-710636979233: start LeaderElection
2019-09-25 08:23:27,748 [Thread-322] INFO  impl.FollowerState (FollowerState.java:run(106)) - 5b0dbadb-21f4-40db-895f-4946533ce0da:group-01C76DF8876D changes to CANDIDATE, lastRpcTime:5122, electionTimeout:5118ms
2019-09-25 08:23:27,749 [Thread-322] INFO  impl.RoleInfo (RoleInfo.java:shutdownFollowerState(121)) - 5b0dbadb-21f4-40db-895f-4946533ce0da: shutdown FollowerState
2019-09-25 08:23:27,749 [Thread-322] INFO  impl.RaftServerImpl (RaftServerImpl.java:setRole(174)) - 5b0dbadb-21f4-40db-895f-4946533ce0da@group-01C76DF8876D: changes role from  FOLLOWER to CANDIDATE at term 1 for changeToCandidate
2019-09-25 08:23:27,749 [Thread-322] INFO  impl.RoleInfo (RoleInfo.java:updateAndGet(143)) - 5b0dbadb-21f4-40db-895f-4946533ce0da: start LeaderElection
2019-09-25 08:23:27,751 [Thread-326] INFO  impl.FollowerState (FollowerState.java:run(106)) - 5b0dbadb-21f4-40db-895f-4946533ce0da:group-84731DF171BE changes to CANDIDATE, lastRpcTime:5104, electionTimeout:5097ms
2019-09-25 08:23:27,752 [Thread-326] INFO  impl.RoleInfo (RoleInfo.java:shutdownFollowerState(121)) - 5b0dbadb-21f4-40db-895f-4946533ce0da: shutdown FollowerState
2019-09-25 08:23:27,752 [Thread-326] INFO  impl.RaftServerImpl (RaftServerImpl.java:setRole(174)) - 5b0dbadb-21f4-40db-895f-4946533ce0da@group-84731DF171BE: changes role from  FOLLOWER to CANDIDATE at term 1 for changeToCandidate
2019-09-25 08:23:27,752 [Thread-326] INFO  impl.RoleInfo (RoleInfo.java:updateAndGet(143)) - 5b0dbadb-21f4-40db-895f-4946533ce0da: start LeaderElection
2019-09-25 08:23:27,759 [Thread-327] INFO  impl.FollowerState (FollowerState.java:run(106)) - 2fc70531-54f8-4344-a6a1-710636979233:group-01C76DF8876D changes to CANDIDATE, lastRpcTime:5108, electionTimeout:5098ms
2019-09-25 08:23:27,759 [Thread-327] INFO  impl.RoleInfo (RoleInfo.java:shutdownFollowerState(121)) - 2fc70531-54f8-4344-a6a1-710636979233: shutdown FollowerState
2019-09-25 08:23:27,760 [Thread-327] INFO  impl.RaftServerImpl (RaftServerImpl.java:setRole(174)) - 2fc70531-54f8-4344-a6a1-710636979233@group-01C76DF8876D: changes role from  FOLLOWER to CANDIDATE at term 1 for changeToCandidate
2019-09-25 08:23:27,760 [Thread-327] INFO  impl.RoleInfo (RoleInfo.java:updateAndGet(143)) - 2fc70531-54f8-4344-a6a1-710636979233: start LeaderElection
2019-09-25 08:23:27,769 [Thread-328] INFO  impl.FollowerState (FollowerState.java:run(106)) - 2fc70531-54f8-4344-a6a1-710636979233:group-8168C372A2DA changes to CANDIDATE, lastRpcTime:5113, electionTimeout:5113ms
2019-09-25 08:23:27,769 [Thread-328] INFO  impl.RoleInfo (RoleInfo.java:shutdownFollowerState(121)) - 2fc70531-54f8-4344-a6a1-710636979233: shutdown FollowerState
2019-09-25 08:23:27,769 [Thread-328] INFO  impl.RaftServerImpl (RaftServerImpl.java:setRole(174)) - 2fc70531-54f8-4344-a6a1-710636979233@group-8168C372A2DA: changes role from  FOLLOWER to CANDIDATE at term 1 for changeToCandidate
2019-09-25 08:23:27,770 [Thread-328] INFO  impl.RoleInfo (RoleInfo.java:updateAndGet(143)) - 2fc70531-54f8-4344-a6a1-710636979233: start LeaderElection
2019-09-25 08:23:27,774 [Thread-323] INFO  impl.FollowerState (FollowerState.java:run(106)) - 3480664e-e083-4e16-97f4-fa54a8a0d12d:group-EA354E46A7D3 changes to CANDIDATE, lastRpcTime:5134, electionTimeout:5127ms
2019-09-25 08:23:27,774 [Thread-323] INFO  impl.RoleInfo (RoleInfo.java:shutdownFollowerState(121)) - 3480664e-e083-4e16-97f4-fa54a8a0d12d: shutdown FollowerState
2019-09-25 08:23:27,774 [Thread-323] INFO  impl.RaftServerImpl (RaftServerImpl.java:setRole(174)) - 3480664e-e083-4e16-97f4-fa54a8a0d12d@group-EA354E46A7D3: changes role from  FOLLOWER to CANDIDATE at term 1 for changeToCandidate
2019-09-25 08:23:27,774 [Thread-323] INFO  impl.RoleInfo (RoleInfo.java:updateAndGet(143)) - 3480664e-e083-4e16-97f4-fa54a8a0d12d: start LeaderElection
2019-09-25 08:23:27,808 [Thread-329] INFO  impl.FollowerState (FollowerState.java:run(106)) - 3480664e-e083-4e16-97f4-fa54a8a0d12d:group-01C76DF8876D changes to CANDIDATE, lastRpcTime:5152, electionTimeout:5150ms
2019-09-25 08:23:27,808 [Thread-329] INFO  impl.RoleInfo (RoleInfo.java:shutdownFollowerState(121)) - 3480664e-e083-4e16-97f4-fa54a8a0d12d: shutdown FollowerState
2019-09-25 08:23:27,808 [Thread-329] INFO  impl.RaftServerImpl (RaftServerImpl.java:setRole(174)) - 3480664e-e083-4e16-97f4-fa54a8a0d12d@group-01C76DF8876D: changes role from  FOLLOWER to CANDIDATE at term 1 for changeToCandidate
2019-09-25 08:23:27,808 [Thread-329] INFO  impl.RoleInfo (RoleInfo.java:updateAndGet(143)) - 3480664e-e083-4e16-97f4-fa54a8a0d12d: start LeaderElection
2019-09-25 08:23:27,815 [5b0dbadb-21f4-40db-895f-4946533ce0da@group-4DF841F73696-SegmentedRaftLogWorker] INFO  segmented.SegmentedRaftLogWorker (SegmentedRaftLogWorker.java:execute(569)) - 5b0dbadb-21f4-40db-895f-4946533ce0da@group-4DF841F73696-SegmentedRaftLogWorker: created new log segment /workdir/hadoop-ozone/ozonefs/target/test-dir/MiniOzoneClusterImpl-0756ba42-748f-4a0d-b324-9539ed31eefb/datanode-0/data/ratis/692bfdc2-8eeb-4c3b-99c0-4df841f73696/current/log_inprogress_0
2019-09-25 08:23:27,815 [5b0dbadb-21f4-40db-895f-4946533ce0da@group-6C9777D41640-SegmentedRaftLogWorker] INFO  segmented.SegmentedRaftLogWorker (SegmentedRaftLogWorker.java:execute(569)) - 5b0dbadb-21f4-40db-895f-4946533ce0da@group-6C9777D41640-SegmentedRaftLogWorker: created new log segment /workdir/hadoop-ozone/ozonefs/target/test-dir/MiniOzoneClusterImpl-0756ba42-748f-4a0d-b324-9539ed31eefb/datanode-0/data/ratis/e26fb52a-5e93-4f8c-bbf1-6c9777d41640/current/log_inprogress_0
2019-09-25 08:23:27,823 [Thread-324] INFO  impl.FollowerState (FollowerState.java:run(106)) - 2fc70531-54f8-4344-a6a1-710636979233:group-EA354E46A7D3 changes to CANDIDATE, lastRpcTime:5175, electionTimeout:5169ms
2019-09-25 08:23:27,823 [Thread-324] INFO  impl.RoleInfo (RoleInfo.java:shutdownFollowerState(121)) - 2fc70531-54f8-4344-a6a1-710636979233: shutdown FollowerState
2019-09-25 08:23:27,823 [Thread-324] INFO  impl.RaftServerImpl (RaftServerImpl.java:setRole(174)) - 2fc70531-54f8-4344-a6a1-710636979233@group-EA354E46A7D3: changes role from  FOLLOWER to CANDIDATE at term 1 for changeToCandidate
2019-09-25 08:23:27,823 [Thread-324] INFO  impl.RoleInfo (RoleInfo.java:updateAndGet(143)) - 2fc70531-54f8-4344-a6a1-710636979233: start LeaderElection
2019-09-25 08:23:27,857 [Thread-330] INFO  impl.FollowerState (FollowerState.java:run(106)) - 3480664e-e083-4e16-97f4-fa54a8a0d12d:group-84731DF171BE changes to CANDIDATE, lastRpcTime:5200, electionTimeout:5199ms
2019-09-25 08:23:27,857 [Thread-330] INFO  impl.RoleInfo (RoleInfo.java:shutdownFollowerState(121)) - 3480664e-e083-4e16-97f4-fa54a8a0d12d: shutdown FollowerState
2019-09-25 08:23:27,857 [Thread-330] INFO  impl.RaftServerImpl (RaftServerImpl.java:setRole(174)) - 3480664e-e083-4e16-97f4-fa54a8a0d12d@group-84731DF171BE: changes role from  FOLLOWER to CANDIDATE at term 1 for changeToCandidate
2019-09-25 08:23:27,857 [Thread-330] INFO  impl.RoleInfo (RoleInfo.java:updateAndGet(143)) - 3480664e-e083-4e16-97f4-fa54a8a0d12d: start LeaderElection
2019-09-25 08:23:32,793 [3480664e-e083-4e16-97f4-fa54a8a0d12d@group-EA354E46A7D3:LeaderElection23] INFO  impl.LeaderElection (LeaderElection.java:askForVotes(182)) - 3480664e-e083-4e16-97f4-fa54a8a0d12d@group-EA354E46A7D3:LeaderElection23: begin an election at term 2 for -1: [2fc70531-54f8-4344-a6a1-710636979233:192.168.36.126:43168, 3480664e-e083-4e16-97f4-fa54a8a0d12d:192.168.36.126:37426, 5b0dbadb-21f4-40db-895f-4946533ce0da:192.168.36.126:43134], old=null
2019-09-25 08:23:32,793 [3480664e-e083-4e16-97f4-fa54a8a0d12d@group-01C76DF8876D:LeaderElection24] INFO  impl.LeaderElection (LeaderElection.java:askForVotes(182)) - 3480664e-e083-4e16-97f4-fa54a8a0d12d@group-01C76DF8876D:LeaderElection24: begin an election at term 2 for -1: [2fc70531-54f8-4344-a6a1-710636979233:192.168.36.126:43168, 3480664e-e083-4e16-97f4-fa54a8a0d12d:192.168.36.126:37426, 5b0dbadb-21f4-40db-895f-4946533ce0da:192.168.36.126:43134], old=null
2019-09-25 08:23:32,794 [3480664e-e083-4e16-97f4-fa54a8a0d12d@group-84731DF171BE:LeaderElection26] INFO  impl.LeaderElection (LeaderElection.java:askForVotes(182)) - 3480664e-e083-4e16-97f4-fa54a8a0d12d@group-84731DF171BE:LeaderElection26: begin an election at term 2 for -1: [2fc70531-54f8-4344-a6a1-710636979233:192.168.36.126:43168, 3480664e-e083-4e16-97f4-fa54a8a0d12d:192.168.36.126:37426, 5b0dbadb-21f4-40db-895f-4946533ce0da:192.168.36.126:43134], old=null
2019-09-25 08:23:32,793 [2fc70531-54f8-4344-a6a1-710636979233@group-01C76DF8876D:LeaderElection21] INFO  impl.LeaderElection (LeaderElection.java:askForVotes(182)) - 2fc70531-54f8-4344-a6a1-710636979233@group-01C76DF8876D:LeaderElection21: begin an election at term 2 for -1: [2fc70531-54f8-4344-a6a1-710636979233:192.168.36.126:43168, 3480664e-e083-4e16-97f4-fa54a8a0d12d:192.168.36.126:37426, 5b0dbadb-21f4-40db-895f-4946533ce0da:192.168.36.126:43134], old=null
2019-09-25 08:23:32,793 [5b0dbadb-21f4-40db-895f-4946533ce0da@group-01C76DF8876D:LeaderElection19] INFO  impl.LeaderElection (LeaderElection.java:askForVotes(182)) - 5b0dbadb-21f4-40db-895f-4946533ce0da@group-01C76DF8876D:LeaderElection19: begin an election at term 2 for -1: [2fc70531-54f8-4344-a6a1-710636979233:192.168.36.126:43168, 3480664e-e083-4e16-97f4-fa54a8a0d12d:192.168.36.126:37426, 5b0dbadb-21f4-40db-895f-4946533ce0da:192.168.36.126:43134], old=null
2019-09-25 08:23:32,793 [5b0dbadb-21f4-40db-895f-4946533ce0da@group-EA354E46A7D3:LeaderElection15] INFO  impl.LeaderElection (LeaderElection.java:askForVotes(182)) - 5b0dbadb-21f4-40db-895f-4946533ce0da@group-EA354E46A7D3:LeaderElection15: begin an election at term 2 for -1: [2fc70531-54f8-4344-a6a1-710636979233:192.168.36.126:43168, 3480664e-e083-4e16-97f4-fa54a8a0d12d:192.168.36.126:37426, 5b0dbadb-21f4-40db-895f-4946533ce0da:192.168.36.126:43134], old=null
2019-09-25 08:23:32,793 [2fc70531-54f8-4344-a6a1-710636979233@group-8168C372A2DA:LeaderElection22] INFO  impl.LeaderElection (LeaderElection.java:askForVotes(182)) - 2fc70531-54f8-4344-a6a1-710636979233@group-8168C372A2DA:LeaderElection22: begin an election at term 2 for -1: [2fc70531-54f8-4344-a6a1-710636979233:192.168.36.126:43168, 3480664e-e083-4e16-97f4-fa54a8a0d12d:192.168.36.126:37426, 5b0dbadb-21f4-40db-895f-4946533ce0da:192.168.36.126:43134], old=null
2019-09-25 08:23:32,793 [2fc70531-54f8-4344-a6a1-710636979233@group-84731DF171BE:LeaderElection18] INFO  impl.LeaderElection (LeaderElection.java:askForVotes(182)) - 2fc70531-54f8-4344-a6a1-710636979233@group-84731DF171BE:LeaderElection18: begin an election at term 2 for -1: [2fc70531-54f8-4344-a6a1-710636979233:192.168.36.126:43168, 3480664e-e083-4e16-97f4-fa54a8a0d12d:192.168.36.126:37426, 5b0dbadb-21f4-40db-895f-4946533ce0da:192.168.36.126:43134], old=null
2019-09-25 08:23:32,793 [3480664e-e083-4e16-97f4-fa54a8a0d12d@group-8168C372A2DA:LeaderElection17] INFO  impl.LeaderElection (LeaderElection.java:askForVotes(182)) - 3480664e-e083-4e16-97f4-fa54a8a0d12d@group-8168C372A2DA:LeaderElection17: begin an election at term 2 for -1: [2fc70531-54f8-4344-a6a1-710636979233:192.168.36.126:43168, 3480664e-e083-4e16-97f4-fa54a8a0d12d:192.168.36.126:37426, 5b0dbadb-21f4-40db-895f-4946533ce0da:192.168.36.126:43134], old=null
2019-09-25 08:23:32,793 [5b0dbadb-21f4-40db-895f-4946533ce0da@group-84731DF171BE:LeaderElection20] INFO  impl.LeaderElection (LeaderElection.java:askForVotes(182)) - 5b0dbadb-21f4-40db-895f-4946533ce0da@group-84731DF171BE:LeaderElection20: begin an election at term 2 for -1: [2fc70531-54f8-4344-a6a1-710636979233:192.168.36.126:43168, 3480664e-e083-4e16-97f4-fa54a8a0d12d:192.168.36.126:37426, 5b0dbadb-21f4-40db-895f-4946533ce0da:192.168.36.126:43134], old=null
2019-09-25 08:23:32,793 [5b0dbadb-21f4-40db-895f-4946533ce0da@group-8168C372A2DA:LeaderElection16] INFO  impl.LeaderElection (LeaderElection.java:askForVotes(182)) - 5b0dbadb-21f4-40db-895f-4946533ce0da@group-8168C372A2DA:LeaderElection16: begin an election at term 2 for -1: [2fc70531-54f8-4344-a6a1-710636979233:192.168.36.126:43168, 3480664e-e083-4e16-97f4-fa54a8a0d12d:192.168.36.126:37426, 5b0dbadb-21f4-40db-895f-4946533ce0da:192.168.36.126:43134], old=null
2019-09-25 08:23:32,794 [2fc70531-54f8-4344-a6a1-710636979233@group-EA354E46A7D3:LeaderElection25] INFO  impl.LeaderElection (LeaderElection.java:askForVotes(182)) - 2fc70531-54f8-4344-a6a1-710636979233@group-EA354E46A7D3:LeaderElection25: begin an election at term 2 for -1: [2fc70531-54f8-4344-a6a1-710636979233:192.168.36.126:43168, 3480664e-e083-4e16-97f4-fa54a8a0d12d:192.168.36.126:37426, 5b0dbadb-21f4-40db-895f-4946533ce0da:192.168.36.126:43134], old=null
2019-09-25 08:23:32,812 [5b0dbadb-21f4-40db-895f-4946533ce0da@group-01C76DF8876D:LeaderElection19] INFO  impl.LeaderElection (LeaderElection.java:logAndReturn(56)) - 5b0dbadb-21f4-40db-895f-4946533ce0da@group-01C76DF8876D:LeaderElection19: Election REJECTED; received 2 response(s) [5b0dbadb-21f4-40db-895f-4946533ce0da<-2fc70531-54f8-4344-a6a1-710636979233#0:FAIL-t2, 5b0dbadb-21f4-40db-895f-4946533ce0da<-3480664e-e083-4e16-97f4-fa54a8a0d12d#0:FAIL-t2] and 0 exception(s); 5b0dbadb-21f4-40db-895f-4946533ce0da@group-01C76DF8876D:t2, leader=null, voted=5b0dbadb-21f4-40db-895f-4946533ce0da, raftlog=5b0dbadb-21f4-40db-895f-4946533ce0da@group-01C76DF8876D-SegmentedRaftLog:OPENED:c-1,f-1,i0, conf=-1: [2fc70531-54f8-4344-a6a1-710636979233:192.168.36.126:43168, 3480664e-e083-4e16-97f4-fa54a8a0d12d:192.168.36.126:37426, 5b0dbadb-21f4-40db-895f-4946533ce0da:192.168.36.126:43134], old=null
2019-09-25 08:23:32,816 [5b0dbadb-21f4-40db-895f-4946533ce0da@group-01C76DF8876D:LeaderElection19] INFO  impl.RaftServerImpl (RaftServerImpl.java:setRole(174)) - 5b0dbadb-21f4-40db-895f-4946533ce0da@group-01C76DF8876D: changes role from CANDIDATE to FOLLOWER at term 2 for DISCOVERED_A_NEW_TERM
2019-09-25 08:23:32,818 [5b0dbadb-21f4-40db-895f-4946533ce0da@group-8168C372A2DA:LeaderElection16] INFO  impl.LeaderElection (LeaderElection.java:logAndReturn(56)) - 5b0dbadb-21f4-40db-895f-4946533ce0da@group-8168C372A2DA:LeaderElection16: Election REJECTED; received 2 response(s) [5b0dbadb-21f4-40db-895f-4946533ce0da<-2fc70531-54f8-4344-a6a1-710636979233#0:FAIL-t2, 5b0dbadb-21f4-40db-895f-4946533ce0da<-3480664e-e083-4e16-97f4-fa54a8a0d12d#0:FAIL-t2] and 0 exception(s); 5b0dbadb-21f4-40db-895f-4946533ce0da@group-8168C372A2DA:t2, leader=null, voted=5b0dbadb-21f4-40db-895f-4946533ce0da, raftlog=5b0dbadb-21f4-40db-895f-4946533ce0da@group-8168C372A2DA-SegmentedRaftLog:OPENED:c-1,f-1,i0, conf=-1: [2fc70531-54f8-4344-a6a1-710636979233:192.168.36.126:43168, 3480664e-e083-4e16-97f4-fa54a8a0d12d:192.168.36.126:37426, 5b0dbadb-21f4-40db-895f-4946533ce0da:192.168.36.126:43134], old=null
2019-09-25 08:23:32,820 [5b0dbadb-21f4-40db-895f-4946533ce0da@group-8168C372A2DA:LeaderElection16] INFO  impl.RaftServerImpl (RaftServerImpl.java:setRole(174)) - 5b0dbadb-21f4-40db-895f-4946533ce0da@group-8168C372A2DA: changes role from CANDIDATE to FOLLOWER at term 2 for DISCOVERED_A_NEW_TERM
2019-09-25 08:23:32,822 [5b0dbadb-21f4-40db-895f-4946533ce0da@group-01C76DF8876D:LeaderElection19] INFO  impl.RoleInfo (RoleInfo.java:shutdownLeaderElection(134)) - 5b0dbadb-21f4-40db-895f-4946533ce0da: shutdown LeaderElection
2019-09-25 08:23:32,824 [5b0dbadb-21f4-40db-895f-4946533ce0da@group-8168C372A2DA:LeaderElection16] INFO  impl.RoleInfo (RoleInfo.java:shutdownLeaderElection(134)) - 5b0dbadb-21f4-40db-895f-4946533ce0da: shutdown LeaderElection
2019-09-25 08:23:32,826 [5b0dbadb-21f4-40db-895f-4946533ce0da@group-01C76DF8876D:LeaderElection19] INFO  impl.RoleInfo (RoleInfo.java:updateAndGet(143)) - 5b0dbadb-21f4-40db-895f-4946533ce0da: start FollowerState
2019-09-25 08:23:32,826 [5b0dbadb-21f4-40db-895f-4946533ce0da@group-8168C372A2DA:LeaderElection16] INFO  impl.RoleInfo (RoleInfo.java:updateAndGet(143)) - 5b0dbadb-21f4-40db-895f-4946533ce0da: start FollowerState
2019-09-25 08:23:32,826 [5b0dbadb-21f4-40db-895f-4946533ce0da@group-EA354E46A7D3:LeaderElection15] INFO  impl.LeaderElection (LeaderElection.java:logAndReturn(56)) - 5b0dbadb-21f4-40db-895f-4946533ce0da@group-EA354E46A7D3:LeaderElection15: Election REJECTED; received 2 response(s) [5b0dbadb-21f4-40db-895f-4946533ce0da<-2fc70531-54f8-4344-a6a1-710636979233#0:FAIL-t2, 5b0dbadb-21f4-40db-895f-4946533ce0da<-3480664e-e083-4e16-97f4-fa54a8a0d12d#0:FAIL-t2] and 0 exception(s); 5b0dbadb-21f4-40db-895f-4946533ce0da@group-EA354E46A7D3:t2, leader=null, voted=5b0dbadb-21f4-40db-895f-4946533ce0da, raftlog=5b0dbadb-21f4-40db-895f-4946533ce0da@group-EA354E46A7D3-SegmentedRaftLog:OPENED:c-1,f-1,i0, conf=-1: [2fc70531-54f8-4344-a6a1-710636979233:192.168.36.126:43168, 3480664e-e083-4e16-97f4-fa54a8a0d12d:192.168.36.126:37426, 5b0dbadb-21f4-40db-895f-4946533ce0da:192.168.36.126:43134], old=null
2019-09-25 08:23:32,831 [5b0dbadb-21f4-40db-895f-4946533ce0da@group-EA354E46A7D3:LeaderElection15] INFO  impl.RaftServerImpl (RaftServerImpl.java:setRole(174)) - 5b0dbadb-21f4-40db-895f-4946533ce0da@group-EA354E46A7D3: changes role from CANDIDATE to FOLLOWER at term 2 for DISCOVERED_A_NEW_TERM
2019-09-25 08:23:32,833 [5b0dbadb-21f4-40db-895f-4946533ce0da@group-EA354E46A7D3:LeaderElection15] INFO  impl.RoleInfo (RoleInfo.java:shutdownLeaderElection(134)) - 5b0dbadb-21f4-40db-895f-4946533ce0da: shutdown LeaderElection
2019-09-25 08:23:32,833 [5b0dbadb-21f4-40db-895f-4946533ce0da@group-EA354E46A7D3:LeaderElection15] INFO  impl.RoleInfo (RoleInfo.java:updateAndGet(143)) - 5b0dbadb-21f4-40db-895f-4946533ce0da: start FollowerState
2019-09-25 08:23:32,833 [5b0dbadb-21f4-40db-895f-4946533ce0da@group-84731DF171BE:LeaderElection20] INFO  impl.LeaderElection (LeaderElection.java:logAndReturn(56)) - 5b0dbadb-21f4-40db-895f-4946533ce0da@group-84731DF171BE:LeaderElection20: Election REJECTED; received 2 response(s) [5b0dbadb-21f4-40db-895f-4946533ce0da<-2fc70531-54f8-4344-a6a1-710636979233#0:FAIL-t2, 5b0dbadb-21f4-40db-895f-4946533ce0da<-3480664e-e083-4e16-97f4-fa54a8a0d12d#0:FAIL-t2] and 0 exception(s); 5b0dbadb-21f4-40db-895f-4946533ce0da@group-84731DF171BE:t2, leader=null, voted=5b0dbadb-21f4-40db-895f-4946533ce0da, raftlog=5b0dbadb-21f4-40db-895f-4946533ce0da@group-84731DF171BE-SegmentedRaftLog:OPENED:c-1,f-1,i0, conf=-1: [2fc70531-54f8-4344-a6a1-710636979233:192.168.36.126:43168, 3480664e-e083-4e16-97f4-fa54a8a0d12d:192.168.36.126:37426, 5b0dbadb-21f4-40db-895f-4946533ce0da:192.168.36.126:43134], old=null
2019-09-25 08:23:32,847 [5b0dbadb-21f4-40db-895f-4946533ce0da@group-84731DF171BE:LeaderElection20] INFO  impl.RaftServerImpl (RaftServerImpl.java:setRole(174)) - 5b0dbadb-21f4-40db-895f-4946533ce0da@group-84731DF171BE: changes role from CANDIDATE to FOLLOWER at term 2 for DISCOVERED_A_NEW_TERM
2019-09-25 08:23:32,852 [5b0dbadb-21f4-40db-895f-4946533ce0da@group-84731DF171BE:LeaderElection20] INFO  impl.RoleInfo (RoleInfo.java:shutdownLeaderElection(134)) - 5b0dbadb-21f4-40db-895f-4946533ce0da: shutdown LeaderElection
2019-09-25 08:23:32,853 [5b0dbadb-21f4-40db-895f-4946533ce0da@group-84731DF171BE:LeaderElection20] INFO  impl.RoleInfo (RoleInfo.java:updateAndGet(143)) - 5b0dbadb-21f4-40db-895f-4946533ce0da: start FollowerState
2019-09-25 08:23:32,853 [3480664e-e083-4e16-97f4-fa54a8a0d12d@group-EA354E46A7D3:LeaderElection23] INFO  impl.LeaderElection (LeaderElection.java:logAndReturn(56)) - 3480664e-e083-4e16-97f4-fa54a8a0d12d@group-EA354E46A7D3:LeaderElection23: Election REJECTED; received 2 response(s) [3480664e-e083-4e16-97f4-fa54a8a0d12d<-2fc70531-54f8-4344-a6a1-710636979233#0:FAIL-t2, 3480664e-e083-4e16-97f4-fa54a8a0d12d<-5b0dbadb-21f4-40db-895f-4946533ce0da#0:FAIL-t2] and 0 exception(s); 3480664e-e083-4e16-97f4-fa54a8a0d12d@group-EA354E46A7D3:t2, leader=null, voted=3480664e-e083-4e16-97f4-fa54a8a0d12d, raftlog=3480664e-e083-4e16-97f4-fa54a8a0d12d@group-EA354E46A7D3-SegmentedRaftLog:OPENED:c-1,f-1,i0, conf=-1: [2fc70531-54f8-4344-a6a1-710636979233:192.168.36.126:43168, 3480664e-e083-4e16-97f4-fa54a8a0d12d:192.168.36.126:37426, 5b0dbadb-21f4-40db-895f-4946533ce0da:192.168.36.126:43134], old=null
2019-09-25 08:23:32,853 [3480664e-e083-4e16-97f4-fa54a8a0d12d@group-01C76DF8876D:LeaderElection24] INFO  impl.LeaderElection (LeaderElection.java:logAndReturn(56)) - 3480664e-e083-4e16-97f4-fa54a8a0d12d@group-01C76DF8876D:LeaderElection24: Election REJECTED; received 2 response(s) [3480664e-e083-4e16-97f4-fa54a8a0d12d<-2fc70531-54f8-4344-a6a1-710636979233#0:FAIL-t2, 3480664e-e083-4e16-97f4-fa54a8a0d12d<-5b0dbadb-21f4-40db-895f-4946533ce0da#0:FAIL-t2] and 0 exception(s); 3480664e-e083-4e16-97f4-fa54a8a0d12d@group-01C76DF8876D:t2, leader=null, voted=3480664e-e083-4e16-97f4-fa54a8a0d12d, raftlog=3480664e-e083-4e16-97f4-fa54a8a0d12d@group-01C76DF8876D-SegmentedRaftLog:OPENED:c-1,f-1,i0, conf=-1: [2fc70531-54f8-4344-a6a1-710636979233:192.168.36.126:43168, 3480664e-e083-4e16-97f4-fa54a8a0d12d:192.168.36.126:37426, 5b0dbadb-21f4-40db-895f-4946533ce0da:192.168.36.126:43134], old=null
2019-09-25 08:23:32,855 [2fc70531-54f8-4344-a6a1-710636979233@group-EA354E46A7D3:LeaderElection25] INFO  impl.LeaderElection (LeaderElection.java:logAndReturn(56)) - 2fc70531-54f8-4344-a6a1-710636979233@group-EA354E46A7D3:LeaderElection25: Election REJECTED; received 2 response(s) [2fc70531-54f8-4344-a6a1-710636979233<-3480664e-e083-4e16-97f4-fa54a8a0d12d#0:FAIL-t2, 2fc70531-54f8-4344-a6a1-710636979233<-5b0dbadb-21f4-40db-895f-4946533ce0da#0:FAIL-t2] and 0 exception(s); 2fc70531-54f8-4344-a6a1-710636979233@group-EA354E46A7D3:t2, leader=null, voted=2fc70531-54f8-4344-a6a1-710636979233, raftlog=2fc70531-54f8-4344-a6a1-710636979233@group-EA354E46A7D3-SegmentedRaftLog:OPENED:c-1,f-1,i0, conf=-1: [2fc70531-54f8-4344-a6a1-710636979233:192.168.36.126:43168, 3480664e-e083-4e16-97f4-fa54a8a0d12d:192.168.36.126:37426, 5b0dbadb-21f4-40db-895f-4946533ce0da:192.168.36.126:43134], old=null
2019-09-25 08:23:32,856 [2fc70531-54f8-4344-a6a1-710636979233@group-84731DF171BE:LeaderElection18] INFO  impl.LeaderElection (LeaderElection.java:logAndReturn(56)) - 2fc70531-54f8-4344-a6a1-710636979233@group-84731DF171BE:LeaderElection18: Election REJECTED; received 2 response(s) [2fc70531-54f8-4344-a6a1-710636979233<-3480664e-e083-4e16-97f4-fa54a8a0d12d#0:FAIL-t2, 2fc70531-54f8-4344-a6a1-710636979233<-5b0dbadb-21f4-40db-895f-4946533ce0da#0:FAIL-t2] and 0 exception(s); 2fc70531-54f8-4344-a6a1-710636979233@group-84731DF171BE:t2, leader=null, voted=2fc70531-54f8-4344-a6a1-710636979233, raftlog=2fc70531-54f8-4344-a6a1-710636979233@group-84731DF171BE-SegmentedRaftLog:OPENED:c-1,f-1,i0, conf=-1: [2fc70531-54f8-4344-a6a1-710636979233:192.168.36.126:43168, 3480664e-e083-4e16-97f4-fa54a8a0d12d:192.168.36.126:37426, 5b0dbadb-21f4-40db-895f-4946533ce0da:192.168.36.126:43134], old=null
2019-09-25 08:23:32,855 [3480664e-e083-4e16-97f4-fa54a8a0d12d@group-EA354E46A7D3:LeaderElection23] INFO  impl.RaftServerImpl (RaftServerImpl.java:setRole(174)) - 3480664e-e083-4e16-97f4-fa54a8a0d12d@group-EA354E46A7D3: changes role from CANDIDATE to FOLLOWER at term 2 for DISCOVERED_A_NEW_TERM
2019-09-25 08:23:32,858 [2fc70531-54f8-4344-a6a1-710636979233@group-EA354E46A7D3:LeaderElection25] INFO  impl.RaftServerImpl (RaftServerImpl.java:setRole(174)) - 2fc70531-54f8-4344-a6a1-710636979233@group-EA354E46A7D3: changes role from CANDIDATE to FOLLOWER at term 2 for DISCOVERED_A_NEW_TERM
2019-09-25 08:23:32,862 [2fc70531-54f8-4344-a6a1-710636979233@group-EA354E46A7D3:LeaderElection25] INFO  impl.RoleInfo (RoleInfo.java:shutdownLeaderElection(134)) - 2fc70531-54f8-4344-a6a1-710636979233: shutdown LeaderElection
2019-09-25 08:23:32,858 [3480664e-e083-4e16-97f4-fa54a8a0d12d@group-01C76DF8876D:LeaderElection24] INFO  impl.RaftServerImpl (RaftServerImpl.java:setRole(174)) - 3480664e-e083-4e16-97f4-fa54a8a0d12d@group-01C76DF8876D: changes role from CANDIDATE to FOLLOWER at term 2 for DISCOVERED_A_NEW_TERM
2019-09-25 08:23:32,862 [2fc70531-54f8-4344-a6a1-710636979233@group-EA354E46A7D3:LeaderElection25] INFO  impl.RoleInfo (RoleInfo.java:updateAndGet(143)) - 2fc70531-54f8-4344-a6a1-710636979233: start FollowerState
2019-09-25 08:23:32,862 [2fc70531-54f8-4344-a6a1-710636979233@group-84731DF171BE:LeaderElection18] INFO  impl.RaftServerImpl (RaftServerImpl.java:setRole(174)) - 2fc70531-54f8-4344-a6a1-710636979233@group-84731DF171BE: changes role from CANDIDATE to FOLLOWER at term 2 for DISCOVERED_A_NEW_TERM
2019-09-25 08:23:32,860 [3480664e-e083-4e16-97f4-fa54a8a0d12d@group-EA354E46A7D3:LeaderElection23] INFO  impl.RoleInfo (RoleInfo.java:shutdownLeaderElection(134)) - 3480664e-e083-4e16-97f4-fa54a8a0d12d: shutdown LeaderElection
2019-09-25 08:23:32,863 [2fc70531-54f8-4344-a6a1-710636979233@group-84731DF171BE:LeaderElection18] INFO  impl.RoleInfo (RoleInfo.java:shutdownLeaderElection(134)) - 2fc70531-54f8-4344-a6a1-710636979233: shutdown LeaderElection
2019-09-25 08:23:32,862 [3480664e-e083-4e16-97f4-fa54a8a0d12d@group-01C76DF8876D:LeaderElection24] INFO  impl.RoleInfo (RoleInfo.java:shutdownLeaderElection(134)) - 3480664e-e083-4e16-97f4-fa54a8a0d12d: shutdown LeaderElection
2019-09-25 08:23:32,863 [2fc70531-54f8-4344-a6a1-710636979233@group-84731DF171BE:LeaderElection18] INFO  impl.RoleInfo (RoleInfo.java:updateAndGet(143)) - 2fc70531-54f8-4344-a6a1-710636979233: start FollowerState
2019-09-25 08:23:32,863 [2fc70531-54f8-4344-a6a1-710636979233@group-8168C372A2DA:LeaderElection22] INFO  impl.LeaderElection (LeaderElection.java:logAndReturn(56)) - 2fc70531-54f8-4344-a6a1-710636979233@group-8168C372A2DA:LeaderElection22: Election REJECTED; received 2 response(s) [2fc70531-54f8-4344-a6a1-710636979233<-3480664e-e083-4e16-97f4-fa54a8a0d12d#0:FAIL-t2, 2fc70531-54f8-4344-a6a1-710636979233<-5b0dbadb-21f4-40db-895f-4946533ce0da#0:FAIL-t2] and 0 exception(s); 2fc70531-54f8-4344-a6a1-710636979233@group-8168C372A2DA:t2, leader=null, voted=2fc70531-54f8-4344-a6a1-710636979233, raftlog=2fc70531-54f8-4344-a6a1-710636979233@group-8168C372A2DA-SegmentedRaftLog:OPENED:c-1,f-1,i0, conf=-1: [2fc70531-54f8-4344-a6a1-710636979233:192.168.36.126:43168, 3480664e-e083-4e16-97f4-fa54a8a0d12d:192.168.36.126:37426, 5b0dbadb-21f4-40db-895f-4946533ce0da:192.168.36.126:43134], old=null
2019-09-25 08:23:32,863 [2fc70531-54f8-4344-a6a1-710636979233@group-01C76DF8876D:LeaderElection21] INFO  impl.LeaderElection (LeaderElection.java:logAndReturn(56)) - 2fc70531-54f8-4344-a6a1-710636979233@group-01C76DF8876D:LeaderElection21: Election REJECTED; received 2 response(s) [2fc70531-54f8-4344-a6a1-710636979233<-3480664e-e083-4e16-97f4-fa54a8a0d12d#0:FAIL-t2, 2fc70531-54f8-4344-a6a1-710636979233<-5b0dbadb-21f4-40db-895f-4946533ce0da#0:FAIL-t2] and 0 exception(s); 2fc70531-54f8-4344-a6a1-710636979233@group-01C76DF8876D:t2, leader=null, voted=2fc70531-54f8-4344-a6a1-710636979233, raftlog=2fc70531-54f8-4344-a6a1-710636979233@group-01C76DF8876D-SegmentedRaftLog:OPENED:c-1,f-1,i0, conf=-1: [2fc70531-54f8-4344-a6a1-710636979233:192.168.36.126:43168, 3480664e-e083-4e16-97f4-fa54a8a0d12d:192.168.36.126:37426, 5b0dbadb-21f4-40db-895f-4946533ce0da:192.168.36.126:43134], old=null
2019-09-25 08:23:32,863 [3480664e-e083-4e16-97f4-fa54a8a0d12d@group-EA354E46A7D3:LeaderElection23] INFO  impl.RoleInfo (RoleInfo.java:updateAndGet(143)) - 3480664e-e083-4e16-97f4-fa54a8a0d12d: start FollowerState
2019-09-25 08:23:32,865 [2fc70531-54f8-4344-a6a1-710636979233@group-01C76DF8876D:LeaderElection21] INFO  impl.RaftServerImpl (RaftServerImpl.java:setRole(174)) - 2fc70531-54f8-4344-a6a1-710636979233@group-01C76DF8876D: changes role from CANDIDATE to FOLLOWER at term 2 for DISCOVERED_A_NEW_TERM
2019-09-25 08:23:32,864 [2fc70531-54f8-4344-a6a1-710636979233@group-8168C372A2DA:LeaderElection22] INFO  impl.RaftServerImpl (RaftServerImpl.java:setRole(174)) - 2fc70531-54f8-4344-a6a1-710636979233@group-8168C372A2DA: changes role from CANDIDATE to FOLLOWER at term 2 for DISCOVERED_A_NEW_TERM
2019-09-25 08:23:32,863 [3480664e-e083-4e16-97f4-fa54a8a0d12d@group-01C76DF8876D:LeaderElection24] INFO  impl.RoleInfo (RoleInfo.java:updateAndGet(143)) - 3480664e-e083-4e16-97f4-fa54a8a0d12d: start FollowerState
2019-09-25 08:23:32,867 [2fc70531-54f8-4344-a6a1-710636979233@group-8168C372A2DA:LeaderElection22] INFO  impl.RoleInfo (RoleInfo.java:shutdownLeaderElection(134)) - 2fc70531-54f8-4344-a6a1-710636979233: shutdown LeaderElection
2019-09-25 08:23:32,867 [2fc70531-54f8-4344-a6a1-710636979233@group-01C76DF8876D:LeaderElection21] INFO  impl.RoleInfo (RoleInfo.java:shutdownLeaderElection(134)) - 2fc70531-54f8-4344-a6a1-710636979233: shutdown LeaderElection
2019-09-25 08:23:32,868 [3480664e-e083-4e16-97f4-fa54a8a0d12d@group-84731DF171BE:LeaderElection26] INFO  impl.LeaderElection (LeaderElection.java:logAndReturn(56)) - 3480664e-e083-4e16-97f4-fa54a8a0d12d@group-84731DF171BE:LeaderElection26: Election REJECTED; received 2 response(s) [3480664e-e083-4e16-97f4-fa54a8a0d12d<-2fc70531-54f8-4344-a6a1-710636979233#0:FAIL-t2, 3480664e-e083-4e16-97f4-fa54a8a0d12d<-5b0dbadb-21f4-40db-895f-4946533ce0da#0:FAIL-t2] and 0 exception(s); 3480664e-e083-4e16-97f4-fa54a8a0d12d@group-84731DF171BE:t2, leader=null, voted=3480664e-e083-4e16-97f4-fa54a8a0d12d, raftlog=3480664e-e083-4e16-97f4-fa54a8a0d12d@group-84731DF171BE-SegmentedRaftLog:OPENED:c-1,f-1,i0, conf=-1: [2fc70531-54f8-4344-a6a1-710636979233:192.168.36.126:43168, 3480664e-e083-4e16-97f4-fa54a8a0d12d:192.168.36.126:37426, 5b0dbadb-21f4-40db-895f-4946533ce0da:192.168.36.126:43134], old=null
2019-09-25 08:23:32,868 [2fc70531-54f8-4344-a6a1-710636979233@group-01C76DF8876D:LeaderElection21] INFO  impl.RoleInfo (RoleInfo.java:updateAndGet(143)) - 2fc70531-54f8-4344-a6a1-710636979233: start FollowerState
2019-09-25 08:23:32,868 [2fc70531-54f8-4344-a6a1-710636979233@group-8168C372A2DA:LeaderElection22] INFO  impl.RoleInfo (RoleInfo.java:updateAndGet(143)) - 2fc70531-54f8-4344-a6a1-710636979233: start FollowerState
2019-09-25 08:23:32,868 [3480664e-e083-4e16-97f4-fa54a8a0d12d@group-8168C372A2DA:LeaderElection17] INFO  impl.LeaderElection (LeaderElection.java:logAndReturn(56)) - 3480664e-e083-4e16-97f4-fa54a8a0d12d@group-8168C372A2DA:LeaderElection17: Election REJECTED; received 2 response(s) [3480664e-e083-4e16-97f4-fa54a8a0d12d<-2fc70531-54f8-4344-a6a1-710636979233#0:FAIL-t2, 3480664e-e083-4e16-97f4-fa54a8a0d12d<-5b0dbadb-21f4-40db-895f-4946533ce0da#0:FAIL-t2] and 0 exception(s); 3480664e-e083-4e16-97f4-fa54a8a0d12d@group-8168C372A2DA:t2, leader=null, voted=3480664e-e083-4e16-97f4-fa54a8a0d12d, raftlog=3480664e-e083-4e16-97f4-fa54a8a0d12d@group-8168C372A2DA-SegmentedRaftLog:OPENED:c-1,f-1,i0, conf=-1: [2fc70531-54f8-4344-a6a1-710636979233:192.168.36.126:43168, 3480664e-e083-4e16-97f4-fa54a8a0d12d:192.168.36.126:37426, 5b0dbadb-21f4-40db-895f-4946533ce0da:192.168.36.126:43134], old=null
2019-09-25 08:23:32,868 [3480664e-e083-4e16-97f4-fa54a8a0d12d@group-84731DF171BE:LeaderElection26] INFO  impl.RaftServerImpl (RaftServerImpl.java:setRole(174)) - 3480664e-e083-4e16-97f4-fa54a8a0d12d@group-84731DF171BE: changes role from CANDIDATE to FOLLOWER at term 2 for DISCOVERED_A_NEW_TERM
2019-09-25 08:23:32,870 [3480664e-e083-4e16-97f4-fa54a8a0d12d@group-8168C372A2DA:LeaderElection17] INFO  impl.RaftServerImpl (RaftServerImpl.java:setRole(174)) - 3480664e-e083-4e16-97f4-fa54a8a0d12d@group-8168C372A2DA: changes role from CANDIDATE to FOLLOWER at term 2 for DISCOVERED_A_NEW_TERM
2019-09-25 08:23:32,872 [3480664e-e083-4e16-97f4-fa54a8a0d12d@group-8168C372A2DA:LeaderElection17] INFO  impl.RoleInfo (RoleInfo.java:shutdownLeaderElection(134)) - 3480664e-e083-4e16-97f4-fa54a8a0d12d: shutdown LeaderElection
2019-09-25 08:23:32,871 [3480664e-e083-4e16-97f4-fa54a8a0d12d@group-84731DF171BE:LeaderElection26] INFO  impl.RoleInfo (RoleInfo.java:shutdownLeaderElection(134)) - 3480664e-e083-4e16-97f4-fa54a8a0d12d: shutdown LeaderElection
2019-09-25 08:23:32,872 [3480664e-e083-4e16-97f4-fa54a8a0d12d@group-8168C372A2DA:LeaderElection17] INFO  impl.RoleInfo (RoleInfo.java:updateAndGet(143)) - 3480664e-e083-4e16-97f4-fa54a8a0d12d: start FollowerState
2019-09-25 08:23:32,872 [3480664e-e083-4e16-97f4-fa54a8a0d12d@group-84731DF171BE:LeaderElection26] INFO  impl.RoleInfo (RoleInfo.java:updateAndGet(143)) - 3480664e-e083-4e16-97f4-fa54a8a0d12d: start FollowerState
2019-09-25 08:23:37,856 [Thread-391] INFO  impl.FollowerState (FollowerState.java:run(106)) - 5b0dbadb-21f4-40db-895f-4946533ce0da:group-EA354E46A7D3 changes to CANDIDATE, lastRpcTime:5023, electionTimeout:5009ms
2019-09-25 08:23:37,857 [Thread-391] INFO  impl.RoleInfo (RoleInfo.java:shutdownFollowerState(121)) - 5b0dbadb-21f4-40db-895f-4946533ce0da: shutdown FollowerState
2019-09-25 08:23:37,857 [Thread-391] INFO  impl.RaftServerImpl (RaftServerImpl.java:setRole(174)) - 5b0dbadb-21f4-40db-895f-4946533ce0da@group-EA354E46A7D3: changes role from  FOLLOWER to CANDIDATE at term 2 for changeToCandidate
2019-09-25 08:23:37,858 [Thread-391] INFO  impl.RoleInfo (RoleInfo.java:updateAndGet(143)) - 5b0dbadb-21f4-40db-895f-4946533ce0da: start LeaderElection
2019-09-25 08:23:37,873 [Thread-395] INFO  impl.FollowerState (FollowerState.java:run(106)) - 2fc70531-54f8-4344-a6a1-710636979233:group-84731DF171BE changes to CANDIDATE, lastRpcTime:5009, electionTimeout:5009ms
2019-09-25 08:23:37,873 [Thread-390] INFO  impl.FollowerState (FollowerState.java:run(106)) - 5b0dbadb-21f4-40db-895f-4946533ce0da:group-8168C372A2DA changes to CANDIDATE, lastRpcTime:5046, electionTimeout:5044ms
2019-09-25 08:23:37,873 [Thread-395] INFO  impl.RoleInfo (RoleInfo.java:shutdownFollowerState(121)) - 2fc70531-54f8-4344-a6a1-710636979233: shutdown FollowerState
2019-09-25 08:23:37,873 [Thread-390] INFO  impl.RoleInfo (RoleInfo.java:shutdownFollowerState(121)) - 5b0dbadb-21f4-40db-895f-4946533ce0da: shutdown FollowerState
2019-09-25 08:23:37,873 [Thread-395] INFO  impl.RaftServerImpl (RaftServerImpl.java:setRole(174)) - 2fc70531-54f8-4344-a6a1-710636979233@group-84731DF171BE: changes role from  FOLLOWER to CANDIDATE at term 2 for changeToCandidate
2019-09-25 08:23:37,874 [Thread-390] INFO  impl.RaftServerImpl (RaftServerImpl.java:setRole(174)) - 5b0dbadb-21f4-40db-895f-4946533ce0da@group-8168C372A2DA: changes role from  FOLLOWER to CANDIDATE at term 2 for changeToCandidate
2019-09-25 08:23:37,874 [Thread-395] INFO  impl.RoleInfo (RoleInfo.java:updateAndGet(143)) - 2fc70531-54f8-4344-a6a1-710636979233: start LeaderElection
2019-09-25 08:23:37,874 [Thread-390] INFO  impl.RoleInfo (RoleInfo.java:updateAndGet(143)) - 5b0dbadb-21f4-40db-895f-4946533ce0da: start LeaderElection
2019-09-25 08:23:37,893 [Thread-392] INFO  impl.FollowerState (FollowerState.java:run(106)) - 5b0dbadb-21f4-40db-895f-4946533ce0da:group-84731DF171BE changes to CANDIDATE, lastRpcTime:5040, electionTimeout:5038ms
2019-09-25 08:23:37,893 [Thread-392] INFO  impl.RoleInfo (RoleInfo.java:shutdownFollowerState(121)) - 5b0dbadb-21f4-40db-895f-4946533ce0da: shutdown FollowerState
2019-09-25 08:23:37,893 [Thread-392] INFO  impl.RaftServerImpl (RaftServerImpl.java:setRole(174)) - 5b0dbadb-21f4-40db-895f-4946533ce0da@group-84731DF171BE: changes role from  FOLLOWER to CANDIDATE at term 2 for changeToCandidate
2019-09-25 08:23:37,894 [Thread-392] INFO  impl.RoleInfo (RoleInfo.java:updateAndGet(143)) - 5b0dbadb-21f4-40db-895f-4946533ce0da: start LeaderElection
2019-09-25 08:23:37,903 [Thread-397] INFO  impl.FollowerState (FollowerState.java:run(106)) - 2fc70531-54f8-4344-a6a1-710636979233:group-8168C372A2DA changes to CANDIDATE, lastRpcTime:5034, electionTimeout:5032ms
2019-09-25 08:23:37,903 [Thread-397] INFO  impl.RoleInfo (RoleInfo.java:shutdownFollowerState(121)) - 2fc70531-54f8-4344-a6a1-710636979233: shutdown FollowerState
2019-09-25 08:23:37,903 [Thread-397] INFO  impl.RaftServerImpl (RaftServerImpl.java:setRole(174)) - 2fc70531-54f8-4344-a6a1-710636979233@group-8168C372A2DA: changes role from  FOLLOWER to CANDIDATE at term 2 for changeToCandidate
2019-09-25 08:23:37,903 [Thread-397] INFO  impl.RoleInfo (RoleInfo.java:updateAndGet(143)) - 2fc70531-54f8-4344-a6a1-710636979233: start LeaderElection
2019-09-25 08:23:37,959 [Thread-399] INFO  impl.FollowerState (FollowerState.java:run(106)) - 3480664e-e083-4e16-97f4-fa54a8a0d12d:group-8168C372A2DA changes to CANDIDATE, lastRpcTime:5086, electionTimeout:5086ms
2019-09-25 08:23:37,959 [Thread-399] INFO  impl.RoleInfo (RoleInfo.java:shutdownFollowerState(121)) - 3480664e-e083-4e16-97f4-fa54a8a0d12d: shutdown FollowerState
2019-09-25 08:23:37,959 [Thread-399] INFO  impl.RaftServerImpl (RaftServerImpl.java:setRole(174)) - 3480664e-e083-4e16-97f4-fa54a8a0d12d@group-8168C372A2DA: changes role from  FOLLOWER to CANDIDATE at term 2 for changeToCandidate
2019-09-25 08:23:37,959 [Thread-399] INFO  impl.RoleInfo (RoleInfo.java:updateAndGet(143)) - 3480664e-e083-4e16-97f4-fa54a8a0d12d: start LeaderElection
2019-09-25 08:23:37,995 [Thread-398] INFO  impl.FollowerState (FollowerState.java:run(106)) - 2fc70531-54f8-4344-a6a1-710636979233:group-01C76DF8876D changes to CANDIDATE, lastRpcTime:5127, electionTimeout:5125ms
2019-09-25 08:23:37,995 [Thread-398] INFO  impl.RoleInfo (RoleInfo.java:shutdownFollowerState(121)) - 2fc70531-54f8-4344-a6a1-710636979233: shutdown FollowerState
2019-09-25 08:23:37,996 [Thread-398] INFO  impl.RaftServerImpl (RaftServerImpl.java:setRole(174)) - 2fc70531-54f8-4344-a6a1-710636979233@group-01C76DF8876D: changes role from  FOLLOWER to CANDIDATE at term 2 for changeToCandidate
2019-09-25 08:23:37,996 [Thread-398] INFO  impl.RoleInfo (RoleInfo.java:updateAndGet(143)) - 2fc70531-54f8-4344-a6a1-710636979233: start LeaderElection
2019-09-25 08:23:38,019 [Thread-389] INFO  impl.FollowerState (FollowerState.java:run(106)) - 5b0dbadb-21f4-40db-895f-4946533ce0da:group-01C76DF8876D changes to CANDIDATE, lastRpcTime:5192, electionTimeout:5190ms
2019-09-25 08:23:38,019 [Thread-389] INFO  impl.RoleInfo (RoleInfo.java:shutdownFollowerState(121)) - 5b0dbadb-21f4-40db-895f-4946533ce0da: shutdown FollowerState
2019-09-25 08:23:38,019 [Thread-389] INFO  impl.RaftServerImpl (RaftServerImpl.java:setRole(174)) - 5b0dbadb-21f4-40db-895f-4946533ce0da@group-01C76DF8876D: changes role from  FOLLOWER to CANDIDATE at term 2 for changeToCandidate
2019-09-25 08:23:38,019 [Thread-389] INFO  impl.RoleInfo (RoleInfo.java:updateAndGet(143)) - 5b0dbadb-21f4-40db-895f-4946533ce0da: start LeaderElection
2019-09-25 08:23:38,029 [Thread-396] INFO  impl.FollowerState (FollowerState.java:run(106)) - 3480664e-e083-4e16-97f4-fa54a8a0d12d:group-01C76DF8876D changes to CANDIDATE, lastRpcTime:5165, electionTimeout:5160ms
2019-09-25 08:23:38,029 [Thread-396] INFO  impl.RoleInfo (RoleInfo.java:shutdownFollowerState(121)) - 3480664e-e083-4e16-97f4-fa54a8a0d12d: shutdown FollowerState
2019-09-25 08:23:38,029 [Thread-396] INFO  impl.RaftServerImpl (RaftServerImpl.java:setRole(174)) - 3480664e-e083-4e16-97f4-fa54a8a0d12d@group-01C76DF8876D: changes role from  FOLLOWER to CANDIDATE at term 2 for changeToCandidate
2019-09-25 08:23:38,029 [Thread-396] INFO  impl.RoleInfo (RoleInfo.java:updateAndGet(143)) - 3480664e-e083-4e16-97f4-fa54a8a0d12d: start LeaderElection
2019-09-25 08:23:38,041 [Thread-393] INFO  impl.FollowerState (FollowerState.java:run(106)) - 2fc70531-54f8-4344-a6a1-710636979233:group-EA354E46A7D3 changes to CANDIDATE, lastRpcTime:5178, electionTimeout:5178ms
2019-09-25 08:23:38,041 [Thread-393] INFO  impl.RoleInfo (RoleInfo.java:shutdownFollowerState(121)) - 2fc70531-54f8-4344-a6a1-710636979233: shutdown FollowerState
2019-09-25 08:23:38,041 [Thread-393] INFO  impl.RaftServerImpl (RaftServerImpl.java:setRole(174)) - 2fc70531-54f8-4344-a6a1-710636979233@group-EA354E46A7D3: changes role from  FOLLOWER to CANDIDATE at term 2 for changeToCandidate
2019-09-25 08:23:38,041 [Thread-393] INFO  impl.RoleInfo (RoleInfo.java:updateAndGet(143)) - 2fc70531-54f8-4344-a6a1-710636979233: start LeaderElection
2019-09-25 08:23:38,044 [Thread-394] INFO  impl.FollowerState (FollowerState.java:run(106)) - 3480664e-e083-4e16-97f4-fa54a8a0d12d:group-EA354E46A7D3 changes to CANDIDATE, lastRpcTime:5180, electionTimeout:5176ms
2019-09-25 08:23:38,044 [Thread-394] INFO  impl.RoleInfo (RoleInfo.java:shutdownFollowerState(121)) - 3480664e-e083-4e16-97f4-fa54a8a0d12d: shutdown FollowerState
2019-09-25 08:23:38,044 [Thread-394] INFO  impl.RaftServerImpl (RaftServerImpl.java:setRole(174)) - 3480664e-e083-4e16-97f4-fa54a8a0d12d@group-EA354E46A7D3: changes role from  FOLLOWER to CANDIDATE at term 2 for changeToCandidate
2019-09-25 08:23:38,044 [Thread-394] INFO  impl.RoleInfo (RoleInfo.java:updateAndGet(143)) - 3480664e-e083-4e16-97f4-fa54a8a0d12d: start LeaderElection
2019-09-25 08:23:38,061 [Thread-400] INFO  impl.FollowerState (FollowerState.java:run(106)) - 3480664e-e083-4e16-97f4-fa54a8a0d12d:group-84731DF171BE changes to CANDIDATE, lastRpcTime:5188, electionTimeout:5188ms
2019-09-25 08:23:38,061 [Thread-400] INFO  impl.RoleInfo (RoleInfo.java:shutdownFollowerState(121)) - 3480664e-e083-4e16-97f4-fa54a8a0d12d: shutdown FollowerState
2019-09-25 08:23:38,061 [Thread-400] INFO  impl.RaftServerImpl (RaftServerImpl.java:setRole(174)) - 3480664e-e083-4e16-97f4-fa54a8a0d12d@group-84731DF171BE: changes role from  FOLLOWER to CANDIDATE at term 2 for changeToCandidate
2019-09-25 08:23:38,062 [Thread-400] INFO  impl.RoleInfo (RoleInfo.java:updateAndGet(143)) - 3480664e-e083-4e16-97f4-fa54a8a0d12d: start LeaderElection
2019-09-25 08:23:38,512 [5b0dbadb-21f4-40db-895f-4946533ce0da@group-EA354E46A7D3:LeaderElection27] INFO  impl.LeaderElection (LeaderElection.java:askForVotes(182)) - 5b0dbadb-21f4-40db-895f-4946533ce0da@group-EA354E46A7D3:LeaderElection27: begin an election at term 3 for -1: [2fc70531-54f8-4344-a6a1-710636979233:192.168.36.126:43168, 3480664e-e083-4e16-97f4-fa54a8a0d12d:192.168.36.126:37426, 5b0dbadb-21f4-40db-895f-4946533ce0da:192.168.36.126:43134], old=null
2019-09-25 08:23:38,512 [2fc70531-54f8-4344-a6a1-710636979233@group-84731DF171BE:LeaderElection28] INFO  impl.LeaderElection (LeaderElection.java:askForVotes(182)) - 2fc70531-54f8-4344-a6a1-710636979233@group-84731DF171BE:LeaderElection28: begin an election at term 3 for -1: [2fc70531-54f8-4344-a6a1-710636979233:192.168.36.126:43168, 3480664e-e083-4e16-97f4-fa54a8a0d12d:192.168.36.126:37426, 5b0dbadb-21f4-40db-895f-4946533ce0da:192.168.36.126:43134], old=null
2019-09-25 08:23:38,512 [3480664e-e083-4e16-97f4-fa54a8a0d12d@group-EA354E46A7D3:LeaderElection37] INFO  impl.LeaderElection (LeaderElection.java:askForVotes(182)) - 3480664e-e083-4e16-97f4-fa54a8a0d12d@group-EA354E46A7D3:LeaderElection37: begin an election at term 3 for -1: [2fc70531-54f8-4344-a6a1-710636979233:192.168.36.126:43168, 3480664e-e083-4e16-97f4-fa54a8a0d12d:192.168.36.126:37426, 5b0dbadb-21f4-40db-895f-4946533ce0da:192.168.36.126:43134], old=null
2019-09-25 08:23:38,512 [5b0dbadb-21f4-40db-895f-4946533ce0da@group-01C76DF8876D:LeaderElection34] INFO  impl.LeaderElection (LeaderElection.java:askForVotes(182)) - 5b0dbadb-21f4-40db-895f-4946533ce0da@group-01C76DF8876D:LeaderElection34: begin an election at term 3 for -1: [2fc70531-54f8-4344-a6a1-710636979233:192.168.36.126:43168, 3480664e-e083-4e16-97f4-fa54a8a0d12d:192.168.36.126:37426, 5b0dbadb-21f4-40db-895f-4946533ce0da:192.168.36.126:43134], old=null
2019-09-25 08:23:38,512 [5b0dbadb-21f4-40db-895f-4946533ce0da@group-84731DF171BE:LeaderElection30] INFO  impl.LeaderElection (LeaderElection.java:askForVotes(182)) - 5b0dbadb-21f4-40db-895f-4946533ce0da@group-84731DF171BE:LeaderElection30: begin an election at term 3 for -1: [2fc70531-54f8-4344-a6a1-710636979233:192.168.36.126:43168, 3480664e-e083-4e16-97f4-fa54a8a0d12d:192.168.36.126:37426, 5b0dbadb-21f4-40db-895f-4946533ce0da:192.168.36.126:43134], old=null
2019-09-25 08:23:38,512 [2fc70531-54f8-4344-a6a1-710636979233@group-8168C372A2DA:LeaderElection31] INFO  impl.LeaderElection (LeaderElection.java:askForVotes(182)) - 2fc70531-54f8-4344-a6a1-710636979233@group-8168C372A2DA:LeaderElection31: begin an election at term 3 for -1: [2fc70531-54f8-4344-a6a1-710636979233:192.168.36.126:43168, 3480664e-e083-4e16-97f4-fa54a8a0d12d:192.168.36.126:37426, 5b0dbadb-21f4-40db-895f-4946533ce0da:192.168.36.126:43134], old=null
2019-09-25 08:23:38,512 [2fc70531-54f8-4344-a6a1-710636979233@group-EA354E46A7D3:LeaderElection36] INFO  impl.LeaderElection (LeaderElection.java:askForVotes(182)) - 2fc70531-54f8-4344-a6a1-710636979233@group-EA354E46A7D3:LeaderElection36: begin an election at term 3 for -1: [2fc70531-54f8-4344-a6a1-710636979233:192.168.36.126:43168, 3480664e-e083-4e16-97f4-fa54a8a0d12d:192.168.36.126:37426, 5b0dbadb-21f4-40db-895f-4946533ce0da:192.168.36.126:43134], old=null
2019-09-25 08:23:38,512 [3480664e-e083-4e16-97f4-fa54a8a0d12d@group-8168C372A2DA:LeaderElection32] INFO  impl.LeaderElection (LeaderElection.java:askForVotes(182)) - 3480664e-e083-4e16-97f4-fa54a8a0d12d@group-8168C372A2DA:LeaderElection32: begin an election at term 3 for -1: [2fc70531-54f8-4344-a6a1-710636979233:192.168.36.126:43168, 3480664e-e083-4e16-97f4-fa54a8a0d12d:192.168.36.126:37426, 5b0dbadb-21f4-40db-895f-4946533ce0da:192.168.36.126:43134], old=null
2019-09-25 08:23:38,512 [3480664e-e083-4e16-97f4-fa54a8a0d12d@group-84731DF171BE:LeaderElection38] INFO  impl.LeaderElection (LeaderElection.java:askForVotes(182)) - 3480664e-e083-4e16-97f4-fa54a8a0d12d@group-84731DF171BE:LeaderElection38: begin an election at term 3 for -1: [2fc70531-54f8-4344-a6a1-710636979233:192.168.36.126:43168, 3480664e-e083-4e16-97f4-fa54a8a0d12d:192.168.36.126:37426, 5b0dbadb-21f4-40db-895f-4946533ce0da:192.168.36.126:43134], old=null
2019-09-25 08:23:38,512 [3480664e-e083-4e16-97f4-fa54a8a0d12d@group-01C76DF8876D:LeaderElection35] INFO  impl.LeaderElection (LeaderElection.java:askForVotes(182)) - 3480664e-e083-4e16-97f4-fa54a8a0d12d@group-01C76DF8876D:LeaderElection35: begin an election at term 3 for -1: [2fc70531-54f8-4344-a6a1-710636979233:192.168.36.126:43168, 3480664e-e083-4e16-97f4-fa54a8a0d12d:192.168.36.126:37426, 5b0dbadb-21f4-40db-895f-4946533ce0da:192.168.36.126:43134], old=null
2019-09-25 08:23:38,512 [2fc70531-54f8-4344-a6a1-710636979233@group-01C76DF8876D:LeaderElection33] INFO  impl.LeaderElection (LeaderElection.java:askForVotes(182)) - 2fc70531-54f8-4344-a6a1-710636979233@group-01C76DF8876D:LeaderElection33: begin an election at term 3 for -1: [2fc70531-54f8-4344-a6a1-710636979233:192.168.36.126:43168, 3480664e-e083-4e16-97f4-fa54a8a0d12d:192.168.36.126:37426, 5b0dbadb-21f4-40db-895f-4946533ce0da:192.168.36.126:43134], old=null
2019-09-25 08:23:38,512 [5b0dbadb-21f4-40db-895f-4946533ce0da@group-8168C372A2DA:LeaderElection29] INFO  impl.LeaderElection (LeaderElection.java:askForVotes(182)) - 5b0dbadb-21f4-40db-895f-4946533ce0da@group-8168C372A2DA:LeaderElection29: begin an election at term 3 for -1: [2fc70531-54f8-4344-a6a1-710636979233:192.168.36.126:43168, 3480664e-e083-4e16-97f4-fa54a8a0d12d:192.168.36.126:37426, 5b0dbadb-21f4-40db-895f-4946533ce0da:192.168.36.126:43134], old=null
2019-09-25 08:23:38,529 [5b0dbadb-21f4-40db-895f-4946533ce0da@group-84731DF171BE:LeaderElection30] INFO  impl.LeaderElection (LeaderElection.java:logAndReturn(56)) - 5b0dbadb-21f4-40db-895f-4946533ce0da@group-84731DF171BE:LeaderElection30: Election REJECTED; received 2 response(s) [5b0dbadb-21f4-40db-895f-4946533ce0da<-2fc70531-54f8-4344-a6a1-710636979233#0:FAIL-t3, 5b0dbadb-21f4-40db-895f-4946533ce0da<-3480664e-e083-4e16-97f4-fa54a8a0d12d#0:FAIL-t3] and 0 exception(s); 5b0dbadb-21f4-40db-895f-4946533ce0da@group-84731DF171BE:t3, leader=null, voted=5b0dbadb-21f4-40db-895f-4946533ce0da, raftlog=5b0dbadb-21f4-40db-895f-4946533ce0da@group-84731DF171BE-SegmentedRaftLog:OPENED:c-1,f-1,i0, conf=-1: [2fc70531-54f8-4344-a6a1-710636979233:192.168.36.126:43168, 3480664e-e083-4e16-97f4-fa54a8a0d12d:192.168.36.126:37426, 5b0dbadb-21f4-40db-895f-4946533ce0da:192.168.36.126:43134], old=null
2019-09-25 08:23:38,529 [5b0dbadb-21f4-40db-895f-4946533ce0da@group-EA354E46A7D3:LeaderElection27] INFO  impl.LeaderElection (LeaderElection.java:logAndReturn(56)) - 5b0dbadb-21f4-40db-895f-4946533ce0da@group-EA354E46A7D3:LeaderElection27: Election REJECTED; received 2 response(s) [5b0dbadb-21f4-40db-895f-4946533ce0da<-2fc70531-54f8-4344-a6a1-710636979233#0:FAIL-t3, 5b0dbadb-21f4-40db-895f-4946533ce0da<-3480664e-e083-4e16-97f4-fa54a8a0d12d#0:FAIL-t3] and 0 exception(s); 5b0dbadb-21f4-40db-895f-4946533ce0da@group-EA354E46A7D3:t3, leader=null, voted=5b0dbadb-21f4-40db-895f-4946533ce0da, raftlog=5b0dbadb-21f4-40db-895f-4946533ce0da@group-EA354E46A7D3-SegmentedRaftLog:OPENED:c-1,f-1,i0, conf=-1: [2fc70531-54f8-4344-a6a1-710636979233:192.168.36.126:43168, 3480664e-e083-4e16-97f4-fa54a8a0d12d:192.168.36.126:37426, 5b0dbadb-21f4-40db-895f-4946533ce0da:192.168.36.126:43134], old=null
2019-09-25 08:23:38,529 [5b0dbadb-21f4-40db-895f-4946533ce0da@group-84731DF171BE:LeaderElection30] INFO  impl.RaftServerImpl (RaftServerImpl.java:setRole(174)) - 5b0dbadb-21f4-40db-895f-4946533ce0da@group-84731DF171BE: changes role from CANDIDATE to FOLLOWER at term 3 for DISCOVERED_A_NEW_TERM
2019-09-25 08:23:38,529 [5b0dbadb-21f4-40db-895f-4946533ce0da@group-01C76DF8876D:LeaderElection34] INFO  impl.LeaderElection (LeaderElection.java:logAndReturn(56)) - 5b0dbadb-21f4-40db-895f-4946533ce0da@group-01C76DF8876D:LeaderElection34: Election REJECTED; received 2 response(s) [5b0dbadb-21f4-40db-895f-4946533ce0da<-2fc70531-54f8-4344-a6a1-710636979233#0:FAIL-t3, 5b0dbadb-21f4-40db-895f-4946533ce0da<-3480664e-e083-4e16-97f4-fa54a8a0d12d#0:FAIL-t3] and 0 exception(s); 5b0dbadb-21f4-40db-895f-4946533ce0da@group-01C76DF8876D:t3, leader=null, voted=5b0dbadb-21f4-40db-895f-4946533ce0da, raftlog=5b0dbadb-21f4-40db-895f-4946533ce0da@group-01C76DF8876D-SegmentedRaftLog:OPENED:c-1,f-1,i0, conf=-1: [2fc70531-54f8-4344-a6a1-710636979233:192.168.36.126:43168, 3480664e-e083-4e16-97f4-fa54a8a0d12d:192.168.36.126:37426, 5b0dbadb-21f4-40db-895f-4946533ce0da:192.168.36.126:43134], old=null
2019-09-25 08:23:38,532 [5b0dbadb-21f4-40db-895f-4946533ce0da@group-84731DF171BE:LeaderElection30] INFO  impl.RoleInfo (RoleInfo.java:shutdownLeaderElection(134)) - 5b0dbadb-21f4-40db-895f-4946533ce0da: shutdown LeaderElection
2019-09-25 08:23:38,532 [5b0dbadb-21f4-40db-895f-4946533ce0da@group-EA354E46A7D3:LeaderElection27] INFO  impl.RaftServerImpl (RaftServerImpl.java:setRole(174)) - 5b0dbadb-21f4-40db-895f-4946533ce0da@group-EA354E46A7D3: changes role from CANDIDATE to FOLLOWER at term 3 for DISCOVERED_A_NEW_TERM
2019-09-25 08:23:38,534 [5b0dbadb-21f4-40db-895f-4946533ce0da@group-01C76DF8876D:LeaderElection34] INFO  impl.RaftServerImpl (RaftServerImpl.java:setRole(174)) - 5b0dbadb-21f4-40db-895f-4946533ce0da@group-01C76DF8876D: changes role from CANDIDATE to FOLLOWER at term 3 for DISCOVERED_A_NEW_TERM
2019-09-25 08:23:38,536 [5b0dbadb-21f4-40db-895f-4946533ce0da@group-84731DF171BE:LeaderElection30] INFO  impl.RoleInfo (RoleInfo.java:updateAndGet(143)) - 5b0dbadb-21f4-40db-895f-4946533ce0da: start FollowerState
2019-09-25 08:23:38,535 [5b0dbadb-21f4-40db-895f-4946533ce0da@group-EA354E46A7D3:LeaderElection27] INFO  impl.RoleInfo (RoleInfo.java:shutdownLeaderElection(134)) - 5b0dbadb-21f4-40db-895f-4946533ce0da: shutdown LeaderElection
2019-09-25 08:23:38,536 [5b0dbadb-21f4-40db-895f-4946533ce0da@group-01C76DF8876D:LeaderElection34] INFO  impl.RoleInfo (RoleInfo.java:shutdownLeaderElection(134)) - 5b0dbadb-21f4-40db-895f-4946533ce0da: shutdown LeaderElection
2019-09-25 08:23:38,536 [5b0dbadb-21f4-40db-895f-4946533ce0da@group-EA354E46A7D3:LeaderElection27] INFO  impl.RoleInfo (RoleInfo.java:updateAndGet(143)) - 5b0dbadb-21f4-40db-895f-4946533ce0da: start FollowerState
2019-09-25 08:23:38,536 [5b0dbadb-21f4-40db-895f-4946533ce0da@group-01C76DF8876D:LeaderElection34] INFO  impl.RoleInfo (RoleInfo.java:updateAndGet(143)) - 5b0dbadb-21f4-40db-895f-4946533ce0da: start FollowerState
2019-09-25 08:23:38,541 [5b0dbadb-21f4-40db-895f-4946533ce0da@group-8168C372A2DA:LeaderElection29] INFO  impl.LeaderElection (LeaderElection.java:logAndReturn(56)) - 5b0dbadb-21f4-40db-895f-4946533ce0da@group-8168C372A2DA:LeaderElection29: Election REJECTED; received 2 response(s) [5b0dbadb-21f4-40db-895f-4946533ce0da<-2fc70531-54f8-4344-a6a1-710636979233#0:FAIL-t3, 5b0dbadb-21f4-40db-895f-4946533ce0da<-3480664e-e083-4e16-97f4-fa54a8a0d12d#0:FAIL-t3] and 0 exception(s); 5b0dbadb-21f4-40db-895f-4946533ce0da@group-8168C372A2DA:t3, leader=null, voted=5b0dbadb-21f4-40db-895f-4946533ce0da, raftlog=5b0dbadb-21f4-40db-895f-4946533ce0da@group-8168C372A2DA-SegmentedRaftLog:OPENED:c-1,f-1,i0, conf=-1: [2fc70531-54f8-4344-a6a1-710636979233:192.168.36.126:43168, 3480664e-e083-4e16-97f4-fa54a8a0d12d:192.168.36.126:37426, 5b0dbadb-21f4-40db-895f-4946533ce0da:192.168.36.126:43134], old=null
2019-09-25 08:23:38,541 [5b0dbadb-21f4-40db-895f-4946533ce0da@group-8168C372A2DA:LeaderElection29] INFO  impl.RaftServerImpl (RaftServerImpl.java:setRole(174)) - 5b0dbadb-21f4-40db-895f-4946533ce0da@group-8168C372A2DA: changes role from CANDIDATE to FOLLOWER at term 3 for DISCOVERED_A_NEW_TERM
2019-09-25 08:23:38,541 [5b0dbadb-21f4-40db-895f-4946533ce0da@group-8168C372A2DA:LeaderElection29] INFO  impl.RoleInfo (RoleInfo.java:shutdownLeaderElection(134)) - 5b0dbadb-21f4-40db-895f-4946533ce0da: shutdown LeaderElection
2019-09-25 08:23:38,541 [5b0dbadb-21f4-40db-895f-4946533ce0da@group-8168C372A2DA:LeaderElection29] INFO  impl.RoleInfo (RoleInfo.java:updateAndGet(143)) - 5b0dbadb-21f4-40db-895f-4946533ce0da: start FollowerState
2019-09-25 08:23:38,545 [3480664e-e083-4e16-97f4-fa54a8a0d12d@group-EA354E46A7D3:LeaderElection37] INFO  impl.LeaderElection (LeaderElection.java:logAndReturn(56)) - 3480664e-e083-4e16-97f4-fa54a8a0d12d@group-EA354E46A7D3:LeaderElection37: Election REJECTED; received 2 response(s) [3480664e-e083-4e16-97f4-fa54a8a0d12d<-2fc70531-54f8-4344-a6a1-710636979233#0:FAIL-t3, 3480664e-e083-4e16-97f4-fa54a8a0d12d<-5b0dbadb-21f4-40db-895f-4946533ce0da#0:FAIL-t3] and 0 exception(s); 3480664e-e083-4e16-97f4-fa54a8a0d12d@group-EA354E46A7D3:t3, leader=null, voted=3480664e-e083-4e16-97f4-fa54a8a0d12d, raftlog=3480664e-e083-4e16-97f4-fa54a8a0d12d@group-EA354E46A7D3-SegmentedRaftLog:OPENED:c-1,f-1,i0, conf=-1: [2fc70531-54f8-4344-a6a1-710636979233:192.168.36.126:43168, 3480664e-e083-4e16-97f4-fa54a8a0d12d:192.168.36.126:37426, 5b0dbadb-21f4-40db-895f-4946533ce0da:192.168.36.126:43134], old=null
2019-09-25 08:23:38,547 [3480664e-e083-4e16-97f4-fa54a8a0d12d@group-EA354E46A7D3:LeaderElection37] INFO  impl.RaftServerImpl (RaftServerImpl.java:setRole(174)) - 3480664e-e083-4e16-97f4-fa54a8a0d12d@group-EA354E46A7D3: changes role from CANDIDATE to FOLLOWER at term 3 for DISCOVERED_A_NEW_TERM
2019-09-25 08:23:38,547 [3480664e-e083-4e16-97f4-fa54a8a0d12d@group-01C76DF8876D:LeaderElection35] INFO  impl.LeaderElection (LeaderElection.java:logAndReturn(56)) - 3480664e-e083-4e16-97f4-fa54a8a0d12d@group-01C76DF8876D:LeaderElection35: Election REJECTED; received 2 response(s) [3480664e-e083-4e16-97f4-fa54a8a0d12d<-2fc70531-54f8-4344-a6a1-710636979233#0:FAIL-t3, 3480664e-e083-4e16-97f4-fa54a8a0d12d<-5b0dbadb-21f4-40db-895f-4946533ce0da#0:FAIL-t3] and 0 exception(s); 3480664e-e083-4e16-97f4-fa54a8a0d12d@group-01C76DF8876D:t3, leader=null, voted=3480664e-e083-4e16-97f4-fa54a8a0d12d, raftlog=3480664e-e083-4e16-97f4-fa54a8a0d12d@group-01C76DF8876D-SegmentedRaftLog:OPENED:c-1,f-1,i0, conf=-1: [2fc70531-54f8-4344-a6a1-710636979233:192.168.36.126:43168, 3480664e-e083-4e16-97f4-fa54a8a0d12d:192.168.36.126:37426, 5b0dbadb-21f4-40db-895f-4946533ce0da:192.168.36.126:43134], old=null
2019-09-25 08:23:38,547 [3480664e-e083-4e16-97f4-fa54a8a0d12d@group-84731DF171BE:LeaderElection38] INFO  impl.LeaderElection (LeaderElection.java:logAndReturn(56)) - 3480664e-e083-4e16-97f4-fa54a8a0d12d@group-84731DF171BE:LeaderElection38: Election REJECTED; received 2 response(s) [3480664e-e083-4e16-97f4-fa54a8a0d12d<-2fc70531-54f8-4344-a6a1-710636979233#0:FAIL-t3, 3480664e-e083-4e16-97f4-fa54a8a0d12d<-5b0dbadb-21f4-40db-895f-4946533ce0da#0:FAIL-t3] and 0 exception(s); 3480664e-e083-4e16-97f4-fa54a8a0d12d@group-84731DF171BE:t3, leader=null, voted=3480664e-e083-4e16-97f4-fa54a8a0d12d, raftlog=3480664e-e083-4e16-97f4-fa54a8a0d12d@group-84731DF171BE-SegmentedRaftLog:OPENED:c-1,f-1,i0, conf=-1: [2fc70531-54f8-4344-a6a1-710636979233:192.168.36.126:43168, 3480664e-e083-4e16-97f4-fa54a8a0d12d:192.168.36.126:37426, 5b0dbadb-21f4-40db-895f-4946533ce0da:192.168.36.126:43134], old=null
2019-09-25 08:23:38,547 [3480664e-e083-4e16-97f4-fa54a8a0d12d@group-EA354E46A7D3:LeaderElection37] INFO  impl.RoleInfo (RoleInfo.java:shutdownLeaderElection(134)) - 3480664e-e083-4e16-97f4-fa54a8a0d12d: shutdown LeaderElection
2019-09-25 08:23:38,549 [3480664e-e083-4e16-97f4-fa54a8a0d12d@group-8168C372A2DA:LeaderElection32] INFO  impl.LeaderElection (LeaderElection.java:logAndReturn(56)) - 3480664e-e083-4e16-97f4-fa54a8a0d12d@group-8168C372A2DA:LeaderElection32: Election REJECTED; received 2 response(s) [3480664e-e083-4e16-97f4-fa54a8a0d12d<-2fc70531-54f8-4344-a6a1-710636979233#0:FAIL-t3, 3480664e-e083-4e16-97f4-fa54a8a0d12d<-5b0dbadb-21f4-40db-895f-4946533ce0da#0:FAIL-t3] and 0 exception(s); 3480664e-e083-4e16-97f4-fa54a8a0d12d@group-8168C372A2DA:t3, leader=null, voted=3480664e-e083-4e16-97f4-fa54a8a0d12d, raftlog=3480664e-e083-4e16-97f4-fa54a8a0d12d@group-8168C372A2DA-SegmentedRaftLog:OPENED:c-1,f-1,i0, conf=-1: [2fc70531-54f8-4344-a6a1-710636979233:192.168.36.126:43168, 3480664e-e083-4e16-97f4-fa54a8a0d12d:192.168.36.126:37426, 5b0dbadb-21f4-40db-895f-4946533ce0da:192.168.36.126:43134], old=null
2019-09-25 08:23:38,549 [3480664e-e083-4e16-97f4-fa54a8a0d12d@group-01C76DF8876D:LeaderElection35] INFO  impl.RaftServerImpl (RaftServerImpl.java:setRole(174)) - 3480664e-e083-4e16-97f4-fa54a8a0d12d@group-01C76DF8876D: changes role from CANDIDATE to FOLLOWER at term 3 for DISCOVERED_A_NEW_TERM
2019-09-25 08:23:38,552 [3480664e-e083-4e16-97f4-fa54a8a0d12d@group-8168C372A2DA:LeaderElection32] INFO  impl.RaftServerImpl (RaftServerImpl.java:setRole(174)) - 3480664e-e083-4e16-97f4-fa54a8a0d12d@group-8168C372A2DA: changes role from CANDIDATE to FOLLOWER at term 3 for DISCOVERED_A_NEW_TERM
2019-09-25 08:23:38,554 [3480664e-e083-4e16-97f4-fa54a8a0d12d@group-8168C372A2DA:LeaderElection32] INFO  impl.RoleInfo (RoleInfo.java:shutdownLeaderElection(134)) - 3480664e-e083-4e16-97f4-fa54a8a0d12d: shutdown LeaderElection
2019-09-25 08:23:38,552 [3480664e-e083-4e16-97f4-fa54a8a0d12d@group-EA354E46A7D3:LeaderElection37] INFO  impl.RoleInfo (RoleInfo.java:updateAndGet(143)) - 3480664e-e083-4e16-97f4-fa54a8a0d12d: start FollowerState
2019-09-25 08:23:38,552 [3480664e-e083-4e16-97f4-fa54a8a0d12d@group-84731DF171BE:LeaderElection38] INFO  impl.RaftServerImpl (RaftServerImpl.java:setRole(174)) - 3480664e-e083-4e16-97f4-fa54a8a0d12d@group-84731DF171BE: changes role from CANDIDATE to FOLLOWER at term 3 for DISCOVERED_A_NEW_TERM
2019-09-25 08:23:38,554 [3480664e-e083-4e16-97f4-fa54a8a0d12d@group-84731DF171BE:LeaderElection38] INFO  impl.RoleInfo (RoleInfo.java:shutdownLeaderElection(134)) - 3480664e-e083-4e16-97f4-fa54a8a0d12d: shutdown LeaderElection
2019-09-25 08:23:38,554 [2fc70531-54f8-4344-a6a1-710636979233@group-01C76DF8876D:LeaderElection33] INFO  impl.LeaderElection (LeaderElection.java:logAndReturn(56)) - 2fc70531-54f8-4344-a6a1-710636979233@group-01C76DF8876D:LeaderElection33: Election REJECTED; received 2 response(s) [2fc70531-54f8-4344-a6a1-710636979233<-3480664e-e083-4e16-97f4-fa54a8a0d12d#0:FAIL-t3, 2fc70531-54f8-4344-a6a1-710636979233<-5b0dbadb-21f4-40db-895f-4946533ce0da#0:FAIL-t3] and 0 exception(s); 2fc70531-54f8-4344-a6a1-710636979233@group-01C76DF8876D:t3, leader=null, voted=2fc70531-54f8-4344-a6a1-710636979233, raftlog=2fc70531-54f8-4344-a6a1-710636979233@group-01C76DF8876D-SegmentedRaftLog:OPENED:c-1,f-1,i0, conf=-1: [2fc70531-54f8-4344-a6a1-710636979233:192.168.36.126:43168, 3480664e-e083-4e16-97f4-fa54a8a0d12d:192.168.36.126:37426, 5b0dbadb-21f4-40db-895f-4946533ce0da:192.168.36.126:43134], old=null
2019-09-25 08:23:38,554 [3480664e-e083-4e16-97f4-fa54a8a0d12d@group-8168C372A2DA:LeaderElection32] INFO  impl.RoleInfo (RoleInfo.java:updateAndGet(143)) - 3480664e-e083-4e16-97f4-fa54a8a0d12d: start FollowerState
2019-09-25 08:23:38,554 [2fc70531-54f8-4344-a6a1-710636979233@group-8168C372A2DA:LeaderElection31] INFO  impl.LeaderElection (LeaderElection.java:logAndReturn(56)) - 2fc70531-54f8-4344-a6a1-710636979233@group-8168C372A2DA:LeaderElection31: Election REJECTED; received 2 response(s) [2fc70531-54f8-4344-a6a1-710636979233<-3480664e-e083-4e16-97f4-fa54a8a0d12d#0:FAIL-t3, 2fc70531-54f8-4344-a6a1-710636979233<-5b0dbadb-21f4-40db-895f-4946533ce0da#0:FAIL-t3] and 0 exception(s); 2fc70531-54f8-4344-a6a1-710636979233@group-8168C372A2DA:t3, leader=null, voted=2fc70531-54f8-4344-a6a1-710636979233, raftlog=2fc70531-54f8-4344-a6a1-710636979233@group-8168C372A2DA-SegmentedRaftLog:OPENED:c-1,f-1,i0, conf=-1: [2fc70531-54f8-4344-a6a1-710636979233:192.168.36.126:43168, 3480664e-e083-4e16-97f4-fa54a8a0d12d:192.168.36.126:37426, 5b0dbadb-21f4-40db-895f-4946533ce0da:192.168.36.126:43134], old=null
2019-09-25 08:23:38,552 [3480664e-e083-4e16-97f4-fa54a8a0d12d@group-01C76DF8876D:LeaderElection35] INFO  impl.RoleInfo (RoleInfo.java:shutdownLeaderElection(134)) - 3480664e-e083-4e16-97f4-fa54a8a0d12d: shutdown LeaderElection
2019-09-25 08:23:38,556 [2fc70531-54f8-4344-a6a1-710636979233@group-8168C372A2DA:LeaderElection31] INFO  impl.RaftServerImpl (RaftServerImpl.java:setRole(174)) - 2fc70531-54f8-4344-a6a1-710636979233@group-8168C372A2DA: changes role from CANDIDATE to FOLLOWER at term 3 for DISCOVERED_A_NEW_TERM
2019-09-25 08:23:38,555 [2fc70531-54f8-4344-a6a1-710636979233@group-84731DF171BE:LeaderElection28] INFO  impl.LeaderElection (LeaderElection.java:logAndReturn(56)) - 2fc70531-54f8-4344-a6a1-710636979233@group-84731DF171BE:LeaderElection28: Election REJECTED; received 2 response(s) [2fc70531-54f8-4344-a6a1-710636979233<-3480664e-e083-4e16-97f4-fa54a8a0d12d#0:FAIL-t3, 2fc70531-54f8-4344-a6a1-710636979233<-5b0dbadb-21f4-40db-895f-4946533ce0da#0:FAIL-t3] and 0 exception(s); 2fc70531-54f8-4344-a6a1-710636979233@group-84731DF171BE:t3, leader=null, voted=2fc70531-54f8-4344-a6a1-710636979233, raftlog=2fc70531-54f8-4344-a6a1-710636979233@group-84731DF171BE-SegmentedRaftLog:OPENED:c-1,f-1,i0, conf=-1: [2fc70531-54f8-4344-a6a1-710636979233:192.168.36.126:43168, 3480664e-e083-4e16-97f4-fa54a8a0d12d:192.168.36.126:37426, 5b0dbadb-21f4-40db-895f-4946533ce0da:192.168.36.126:43134], old=null
2019-09-25 08:23:38,555 [2fc70531-54f8-4344-a6a1-710636979233@group-01C76DF8876D:LeaderElection33] INFO  impl.RaftServerImpl (RaftServerImpl.java:setRole(174)) - 2fc70531-54f8-4344-a6a1-710636979233@group-01C76DF8876D: changes role from CANDIDATE to FOLLOWER at term 3 for DISCOVERED_A_NEW_TERM
2019-09-25 08:23:38,554 [2fc70531-54f8-4344-a6a1-710636979233@group-EA354E46A7D3:LeaderElection36] INFO  impl.LeaderElection (LeaderElection.java:logAndReturn(56)) - 2fc70531-54f8-4344-a6a1-710636979233@group-EA354E46A7D3:LeaderElection36: Election REJECTED; received 2 response(s) [2fc70531-54f8-4344-a6a1-710636979233<-3480664e-e083-4e16-97f4-fa54a8a0d12d#0:FAIL-t3, 2fc70531-54f8-4344-a6a1-710636979233<-5b0dbadb-21f4-40db-895f-4946533ce0da#0:FAIL-t3] and 0 exception(s); 2fc70531-54f8-4344-a6a1-710636979233@group-EA354E46A7D3:t3, leader=null, voted=2fc70531-54f8-4344-a6a1-710636979233, raftlog=2fc70531-54f8-4344-a6a1-710636979233@group-EA354E46A7D3-SegmentedRaftLog:OPENED:c-1,f-1,i0, conf=-1: [2fc70531-54f8-4344-a6a1-710636979233:192.168.36.126:43168, 3480664e-e083-4e16-97f4-fa54a8a0d12d:192.168.36.126:37426, 5b0dbadb-21f4-40db-895f-4946533ce0da:192.168.36.126:43134], old=null
2019-09-25 08:23:38,554 [3480664e-e083-4e16-97f4-fa54a8a0d12d@group-84731DF171BE:LeaderElection38] INFO  impl.RoleInfo (RoleInfo.java:updateAndGet(143)) - 3480664e-e083-4e16-97f4-fa54a8a0d12d: start FollowerState
2019-09-25 08:23:38,564 [2fc70531-54f8-4344-a6a1-710636979233@group-EA354E46A7D3:LeaderElection36] INFO  impl.RaftServerImpl (RaftServerImpl.java:setRole(174)) - 2fc70531-54f8-4344-a6a1-710636979233@group-EA354E46A7D3: changes role from CANDIDATE to FOLLOWER at term 3 for DISCOVERED_A_NEW_TERM
2019-09-25 08:23:38,564 [2fc70531-54f8-4344-a6a1-710636979233@group-01C76DF8876D:LeaderElection33] INFO  impl.RoleInfo (RoleInfo.java:shutdownLeaderElection(134)) - 2fc70531-54f8-4344-a6a1-710636979233: shutdown LeaderElection
2019-09-25 08:23:38,558 [2fc70531-54f8-4344-a6a1-710636979233@group-84731DF171BE:LeaderElection28] INFO  impl.RaftServerImpl (RaftServerImpl.java:setRole(174)) - 2fc70531-54f8-4344-a6a1-710636979233@group-84731DF171BE: changes role from CANDIDATE to FOLLOWER at term 3 for DISCOVERED_A_NEW_TERM
2019-09-25 08:23:38,565 [2fc70531-54f8-4344-a6a1-710636979233@group-01C76DF8876D:LeaderElection33] INFO  impl.RoleInfo (RoleInfo.java:updateAndGet(143)) - 2fc70531-54f8-4344-a6a1-710636979233: start FollowerState
2019-09-25 08:23:38,558 [2fc70531-54f8-4344-a6a1-710636979233@group-8168C372A2DA:LeaderElection31] INFO  impl.RoleInfo (RoleInfo.java:shutdownLeaderElection(134)) - 2fc70531-54f8-4344-a6a1-710636979233: shutdown LeaderElection
2019-09-25 08:23:38,558 [3480664e-e083-4e16-97f4-fa54a8a0d12d@group-01C76DF8876D:LeaderElection35] INFO  impl.RoleInfo (RoleInfo.java:updateAndGet(143)) - 3480664e-e083-4e16-97f4-fa54a8a0d12d: start FollowerState
2019-09-25 08:23:38,565 [2fc70531-54f8-4344-a6a1-710636979233@group-8168C372A2DA:LeaderElection31] INFO  impl.RoleInfo (RoleInfo.java:updateAndGet(143)) - 2fc70531-54f8-4344-a6a1-710636979233: start FollowerState
2019-09-25 08:23:38,565 [2fc70531-54f8-4344-a6a1-710636979233@group-84731DF171BE:LeaderElection28] INFO  impl.RoleInfo (RoleInfo.java:shutdownLeaderElection(134)) - 2fc70531-54f8-4344-a6a1-710636979233: shutdown LeaderElection
2019-09-25 08:23:38,564 [2fc70531-54f8-4344-a6a1-710636979233@group-EA354E46A7D3:LeaderElection36] INFO  impl.RoleInfo (RoleInfo.java:shutdownLeaderElection(134)) - 2fc70531-54f8-4344-a6a1-710636979233: shutdown LeaderElection
2019-09-25 08:23:38,565 [2fc70531-54f8-4344-a6a1-710636979233@group-84731DF171BE:LeaderElection28] INFO  impl.RoleInfo (RoleInfo.java:updateAndGet(143)) - 2fc70531-54f8-4344-a6a1-710636979233: start FollowerState
2019-09-25 08:23:38,566 [2fc70531-54f8-4344-a6a1-710636979233@group-EA354E46A7D3:LeaderElection36] INFO  impl.RoleInfo (RoleInfo.java:updateAndGet(143)) - 2fc70531-54f8-4344-a6a1-710636979233: start FollowerState
2019-09-25 08:23:43,575 [Thread-457] INFO  impl.FollowerState (FollowerState.java:run(106)) - 2fc70531-54f8-4344-a6a1-710636979233:group-01C76DF8876D changes to CANDIDATE, lastRpcTime:5010, electionTimeout:5010ms
2019-09-25 08:23:43,576 [Thread-457] INFO  impl.RoleInfo (RoleInfo.java:shutdownFollowerState(121)) - 2fc70531-54f8-4344-a6a1-710636979233: shutdown FollowerState
2019-09-25 08:23:43,577 [Thread-457] INFO  impl.RaftServerImpl (RaftServerImpl.java:setRole(174)) - 2fc70531-54f8-4344-a6a1-710636979233@group-01C76DF8876D: changes role from  FOLLOWER to CANDIDATE at term 3 for changeToCandidate
2019-09-25 08:23:43,577 [Thread-457] INFO  impl.RoleInfo (RoleInfo.java:updateAndGet(143)) - 2fc70531-54f8-4344-a6a1-710636979233: start LeaderElection
2019-09-25 08:23:43,586 [Thread-458] INFO  impl.FollowerState (FollowerState.java:run(106)) - 2fc70531-54f8-4344-a6a1-710636979233:group-8168C372A2DA changes to CANDIDATE, lastRpcTime:5020, electionTimeout:5020ms
2019-09-25 08:23:43,586 [Thread-458] INFO  impl.RoleInfo (RoleInfo.java:shutdownFollowerState(121)) - 2fc70531-54f8-4344-a6a1-710636979233: shutdown FollowerState
2019-09-25 08:23:43,586 [Thread-458] INFO  impl.RaftServerImpl (RaftServerImpl.java:setRole(174)) - 2fc70531-54f8-4344-a6a1-710636979233@group-8168C372A2DA: changes role from  FOLLOWER to CANDIDATE at term 3 for changeToCandidate
2019-09-25 08:23:43,586 [Thread-458] INFO  impl.RoleInfo (RoleInfo.java:updateAndGet(143)) - 2fc70531-54f8-4344-a6a1-710636979233: start LeaderElection
2019-09-25 08:23:43,620 [Thread-460] INFO  impl.FollowerState (FollowerState.java:run(106)) - 2fc70531-54f8-4344-a6a1-710636979233:group-EA354E46A7D3 changes to CANDIDATE, lastRpcTime:5054, electionTimeout:5054ms
2019-09-25 08:23:43,620 [Thread-460] INFO  impl.RoleInfo (RoleInfo.java:shutdownFollowerState(121)) - 2fc70531-54f8-4344-a6a1-710636979233: shutdown FollowerState
2019-09-25 08:23:43,621 [Thread-460] INFO  impl.RaftServerImpl (RaftServerImpl.java:setRole(174)) - 2fc70531-54f8-4344-a6a1-710636979233@group-EA354E46A7D3: changes role from  FOLLOWER to CANDIDATE at term 3 for changeToCandidate
2019-09-25 08:23:43,621 [Thread-460] INFO  impl.RoleInfo (RoleInfo.java:updateAndGet(143)) - 2fc70531-54f8-4344-a6a1-710636979233: start LeaderElection
2019-09-25 08:23:43,670 [Thread-449] INFO  impl.FollowerState (FollowerState.java:run(106)) - 5b0dbadb-21f4-40db-895f-4946533ce0da:group-84731DF171BE changes to CANDIDATE, lastRpcTime:5133, electionTimeout:5133ms
2019-09-25 08:23:43,670 [Thread-449] INFO  impl.RoleInfo (RoleInfo.java:shutdownFollowerState(121)) - 5b0dbadb-21f4-40db-895f-4946533ce0da: shutdown FollowerState
2019-09-25 08:23:43,670 [Thread-449] INFO  impl.RaftServerImpl (RaftServerImpl.java:setRole(174)) - 5b0dbadb-21f4-40db-895f-4946533ce0da@group-84731DF171BE: changes role from  FOLLOWER to CANDIDATE at term 3 for changeToCandidate
2019-09-25 08:23:43,670 [Thread-449] INFO  impl.RoleInfo (RoleInfo.java:updateAndGet(143)) - 5b0dbadb-21f4-40db-895f-4946533ce0da: start LeaderElection
2019-09-25 08:23:43,674 [Thread-453] INFO  impl.FollowerState (FollowerState.java:run(106)) - 3480664e-e083-4e16-97f4-fa54a8a0d12d:group-EA354E46A7D3 changes to CANDIDATE, lastRpcTime:5121, electionTimeout:5119ms
2019-09-25 08:23:43,674 [Thread-453] INFO  impl.RoleInfo (RoleInfo.java:shutdownFollowerState(121)) - 3480664e-e083-4e16-97f4-fa54a8a0d12d: shutdown FollowerState
2019-09-25 08:23:43,674 [Thread-453] INFO  impl.RaftServerImpl (RaftServerImpl.java:setRole(174)) - 3480664e-e083-4e16-97f4-fa54a8a0d12d@group-EA354E46A7D3: changes role from  FOLLOWER to CANDIDATE at term 3 for changeToCandidate
2019-09-25 08:23:43,674 [Thread-453] INFO  impl.RoleInfo (RoleInfo.java:updateAndGet(143)) - 3480664e-e083-4e16-97f4-fa54a8a0d12d: start LeaderElection
2019-09-25 08:23:43,684 [Thread-451] INFO  impl.FollowerState (FollowerState.java:run(106)) - 5b0dbadb-21f4-40db-895f-4946533ce0da:group-01C76DF8876D changes to CANDIDATE, lastRpcTime:5147, electionTimeout:5147ms
2019-09-25 08:23:43,684 [Thread-451] INFO  impl.RoleInfo (RoleInfo.java:shutdownFollowerState(121)) - 5b0dbadb-21f4-40db-895f-4946533ce0da: shutdown FollowerState
2019-09-25 08:23:43,685 [Thread-451] INFO  impl.RaftServerImpl (RaftServerImpl.java:setRole(174)) - 5b0dbadb-21f4-40db-895f-4946533ce0da@group-01C76DF8876D: changes role from  FOLLOWER to CANDIDATE at term 3 for changeToCandidate
2019-09-25 08:23:43,685 [Thread-451] INFO  impl.RoleInfo (RoleInfo.java:updateAndGet(143)) - 5b0dbadb-21f4-40db-895f-4946533ce0da: start LeaderElection
2019-09-25 08:23:43,699 [Thread-459] INFO  impl.FollowerState (FollowerState.java:run(106)) - 2fc70531-54f8-4344-a6a1-710636979233:group-84731DF171BE changes to CANDIDATE, lastRpcTime:5133, electionTimeout:5133ms
2019-09-25 08:23:43,699 [Thread-459] INFO  impl.RoleInfo (RoleInfo.java:shutdownFollowerState(121)) - 2fc70531-54f8-4344-a6a1-710636979233: shutdown FollowerState
2019-09-25 08:23:43,699 [Thread-459] INFO  impl.RaftServerImpl (RaftServerImpl.java:setRole(174)) - 2fc70531-54f8-4344-a6a1-710636979233@group-84731DF171BE: changes role from  FOLLOWER to CANDIDATE at term 3 for changeToCandidate
2019-09-25 08:23:43,700 [Thread-459] INFO  impl.RoleInfo (RoleInfo.java:updateAndGet(143)) - 2fc70531-54f8-4344-a6a1-710636979233: start LeaderElection
2019-09-25 08:23:43,706 [Thread-450] INFO  impl.FollowerState (FollowerState.java:run(106)) - 5b0dbadb-21f4-40db-895f-4946533ce0da:group-EA354E46A7D3 changes to CANDIDATE, lastRpcTime:5169, electionTimeout:5169ms
2019-09-25 08:23:43,706 [Thread-450] INFO  impl.RoleInfo (RoleInfo.java:shutdownFollowerState(121)) - 5b0dbadb-21f4-40db-895f-4946533ce0da: shutdown FollowerState
2019-09-25 08:23:43,706 [Thread-450] INFO  impl.RaftServerImpl (RaftServerImpl.java:setRole(174)) - 5b0dbadb-21f4-40db-895f-4946533ce0da@group-EA354E46A7D3: changes role from  FOLLOWER to CANDIDATE at term 3 for changeToCandidate
2019-09-25 08:23:43,707 [Thread-450] INFO  impl.RoleInfo (RoleInfo.java:updateAndGet(143)) - 5b0dbadb-21f4-40db-895f-4946533ce0da: start LeaderElection
2019-09-25 08:23:43,720 [Thread-455] INFO  impl.FollowerState (FollowerState.java:run(106)) - 3480664e-e083-4e16-97f4-fa54a8a0d12d:group-84731DF171BE changes to CANDIDATE, lastRpcTime:5165, electionTimeout:5154ms
2019-09-25 08:23:43,720 [Thread-452] INFO  impl.FollowerState (FollowerState.java:run(106)) - 5b0dbadb-21f4-40db-895f-4946533ce0da:group-8168C372A2DA changes to CANDIDATE, lastRpcTime:5178, electionTimeout:5178ms
2019-09-25 08:23:43,720 [Thread-455] INFO  impl.RoleInfo (RoleInfo.java:shutdownFollowerState(121)) - 3480664e-e083-4e16-97f4-fa54a8a0d12d: shutdown FollowerState
2019-09-25 08:23:43,720 [Thread-452] INFO  impl.RoleInfo (RoleInfo.java:shutdownFollowerState(121)) - 5b0dbadb-21f4-40db-895f-4946533ce0da: shutdown FollowerState
2019-09-25 08:23:43,720 [Thread-455] INFO  impl.RaftServerImpl (RaftServerImpl.java:setRole(174)) - 3480664e-e083-4e16-97f4-fa54a8a0d12d@group-84731DF171BE: changes role from  FOLLOWER to CANDIDATE at term 3 for changeToCandidate
2019-09-25 08:23:43,721 [Thread-452] INFO  impl.RaftServerImpl (RaftServerImpl.java:setRole(174)) - 5b0dbadb-21f4-40db-895f-4946533ce0da@group-8168C372A2DA: changes role from  FOLLOWER to CANDIDATE at term 3 for changeToCandidate
2019-09-25 08:23:43,721 [Thread-455] INFO  impl.RoleInfo (RoleInfo.java:updateAndGet(143)) - 3480664e-e083-4e16-97f4-fa54a8a0d12d: start LeaderElection
2019-09-25 08:23:43,721 [Thread-452] INFO  impl.RoleInfo (RoleInfo.java:updateAndGet(143)) - 5b0dbadb-21f4-40db-895f-4946533ce0da: start LeaderElection
2019-09-25 08:23:43,743 [Thread-456] INFO  impl.FollowerState (FollowerState.java:run(106)) - 3480664e-e083-4e16-97f4-fa54a8a0d12d:group-01C76DF8876D changes to CANDIDATE, lastRpcTime:5184, electionTimeout:5177ms
2019-09-25 08:23:43,743 [Thread-456] INFO  impl.RoleInfo (RoleInfo.java:shutdownFollowerState(121)) - 3480664e-e083-4e16-97f4-fa54a8a0d12d: shutdown FollowerState
2019-09-25 08:23:43,743 [Thread-456] INFO  impl.RaftServerImpl (RaftServerImpl.java:setRole(174)) - 3480664e-e083-4e16-97f4-fa54a8a0d12d@group-01C76DF8876D: changes role from  FOLLOWER to CANDIDATE at term 3 for changeToCandidate
2019-09-25 08:23:43,743 [Thread-456] INFO  impl.RoleInfo (RoleInfo.java:updateAndGet(143)) - 3480664e-e083-4e16-97f4-fa54a8a0d12d: start LeaderElection
2019-09-25 08:23:43,750 [Thread-454] INFO  impl.FollowerState (FollowerState.java:run(106)) - 3480664e-e083-4e16-97f4-fa54a8a0d12d:group-8168C372A2DA changes to CANDIDATE, lastRpcTime:5195, electionTimeout:5193ms
2019-09-25 08:23:43,750 [Thread-454] INFO  impl.RoleInfo (RoleInfo.java:shutdownFollowerState(121)) - 3480664e-e083-4e16-97f4-fa54a8a0d12d: shutdown FollowerState
2019-09-25 08:23:43,750 [Thread-454] INFO  impl.RaftServerImpl (RaftServerImpl.java:setRole(174)) - 3480664e-e083-4e16-97f4-fa54a8a0d12d@group-8168C372A2DA: changes role from  FOLLOWER to CANDIDATE at term 3 for changeToCandidate
2019-09-25 08:23:43,750 [Thread-454] INFO  impl.RoleInfo (RoleInfo.java:updateAndGet(143)) - 3480664e-e083-4e16-97f4-fa54a8a0d12d: start LeaderElection
2019-09-25 08:23:48,617 [2fc70531-54f8-4344-a6a1-710636979233@group-EA354E46A7D3:LeaderElection41] INFO  impl.LeaderElection (LeaderElection.java:askForVotes(182)) - 2fc70531-54f8-4344-a6a1-710636979233@group-EA354E46A7D3:LeaderElection41: begin an election at term 4 for -1: [2fc70531-54f8-4344-a6a1-710636979233:192.168.36.126:43168, 3480664e-e083-4e16-97f4-fa54a8a0d12d:192.168.36.126:37426, 5b0dbadb-21f4-40db-895f-4946533ce0da:192.168.36.126:43134], old=null
2019-09-25 08:23:48,618 [5b0dbadb-21f4-40db-895f-4946533ce0da@group-84731DF171BE:LeaderElection42] INFO  impl.LeaderElection (LeaderElection.java:askForVotes(182)) - 5b0dbadb-21f4-40db-895f-4946533ce0da@group-84731DF171BE:LeaderElection42: begin an election at term 4 for -1: [2fc70531-54f8-4344-a6a1-710636979233:192.168.36.126:43168, 3480664e-e083-4e16-97f4-fa54a8a0d12d:192.168.36.126:37426, 5b0dbadb-21f4-40db-895f-4946533ce0da:192.168.36.126:43134], old=null
2019-09-25 08:23:48,617 [2fc70531-54f8-4344-a6a1-710636979233@group-01C76DF8876D:LeaderElection39] INFO  impl.LeaderElection (LeaderElection.java:askForVotes(182)) - 2fc70531-54f8-4344-a6a1-710636979233@group-01C76DF8876D:LeaderElection39: begin an election at term 4 for -1: [2fc70531-54f8-4344-a6a1-710636979233:192.168.36.126:43168, 3480664e-e083-4e16-97f4-fa54a8a0d12d:192.168.36.126:37426, 5b0dbadb-21f4-40db-895f-4946533ce0da:192.168.36.126:43134], old=null
2019-09-25 08:23:48,617 [3480664e-e083-4e16-97f4-fa54a8a0d12d@group-EA354E46A7D3:LeaderElection43] INFO  impl.LeaderElection (LeaderElection.java:askForVotes(182)) - 3480664e-e083-4e16-97f4-fa54a8a0d12d@group-EA354E46A7D3:LeaderElection43: begin an election at term 4 for -1: [2fc70531-54f8-4344-a6a1-710636979233:192.168.36.126:43168, 3480664e-e083-4e16-97f4-fa54a8a0d12d:192.168.36.126:37426, 5b0dbadb-21f4-40db-895f-4946533ce0da:192.168.36.126:43134], old=null
2019-09-25 08:23:48,617 [2fc70531-54f8-4344-a6a1-710636979233@group-8168C372A2DA:LeaderElection40] INFO  impl.LeaderElection (LeaderElection.java:askForVotes(182)) - 2fc70531-54f8-4344-a6a1-710636979233@group-8168C372A2DA:LeaderElection40: begin an election at term 4 for -1: [2fc70531-54f8-4344-a6a1-710636979233:192.168.36.126:43168, 3480664e-e083-4e16-97f4-fa54a8a0d12d:192.168.36.126:37426, 5b0dbadb-21f4-40db-895f-4946533ce0da:192.168.36.126:43134], old=null
2019-09-25 08:23:48,646 [3480664e-e083-4e16-97f4-fa54a8a0d12d@group-01C76DF8876D:LeaderElection49] INFO  impl.LeaderElection (LeaderElection.java:askForVotes(182)) - 3480664e-e083-4e16-97f4-fa54a8a0d12d@group-01C76DF8876D:LeaderElection49: begin an election at term 4 for -1: [2fc70531-54f8-4344-a6a1-710636979233:192.168.36.126:43168, 3480664e-e083-4e16-97f4-fa54a8a0d12d:192.168.36.126:37426, 5b0dbadb-21f4-40db-895f-4946533ce0da:192.168.36.126:43134], old=null
2019-09-25 08:23:48,646 [2fc70531-54f8-4344-a6a1-710636979233@group-84731DF171BE:LeaderElection45] INFO  impl.LeaderElection (LeaderElection.java:askForVotes(182)) - 2fc70531-54f8-4344-a6a1-710636979233@group-84731DF171BE:LeaderElection45: begin an election at term 4 for -1: [2fc70531-54f8-4344-a6a1-710636979233:192.168.36.126:43168, 3480664e-e083-4e16-97f4-fa54a8a0d12d:192.168.36.126:37426, 5b0dbadb-21f4-40db-895f-4946533ce0da:192.168.36.126:43134], old=null
2019-09-25 08:23:48,646 [5b0dbadb-21f4-40db-895f-4946533ce0da@group-01C76DF8876D:LeaderElection44] INFO  impl.LeaderElection (LeaderElection.java:askForVotes(182)) - 5b0dbadb-21f4-40db-895f-4946533ce0da@group-01C76DF8876D:LeaderElection44: begin an election at term 4 for -1: [2fc70531-54f8-4344-a6a1-710636979233:192.168.36.126:43168, 3480664e-e083-4e16-97f4-fa54a8a0d12d:192.168.36.126:37426, 5b0dbadb-21f4-40db-895f-4946533ce0da:192.168.36.126:43134], old=null
2019-09-25 08:23:48,647 [3480664e-e083-4e16-97f4-fa54a8a0d12d@group-84731DF171BE:LeaderElection47] INFO  impl.LeaderElection (LeaderElection.java:askForVotes(182)) - 3480664e-e083-4e16-97f4-fa54a8a0d12d@group-84731DF171BE:LeaderElection47: begin an election at term 4 for -1: [2fc70531-54f8-4344-a6a1-710636979233:192.168.36.126:43168, 3480664e-e083-4e16-97f4-fa54a8a0d12d:192.168.36.126:37426, 5b0dbadb-21f4-40db-895f-4946533ce0da:192.168.36.126:43134], old=null
2019-09-25 08:23:48,647 [5b0dbadb-21f4-40db-895f-4946533ce0da@group-EA354E46A7D3:LeaderElection46] INFO  impl.LeaderElection (LeaderElection.java:askForVotes(182)) - 5b0dbadb-21f4-40db-895f-4946533ce0da@group-EA354E46A7D3:LeaderElection46: begin an election at term 4 for -1: [2fc70531-54f8-4344-a6a1-710636979233:192.168.36.126:43168, 3480664e-e083-4e16-97f4-fa54a8a0d12d:192.168.36.126:37426, 5b0dbadb-21f4-40db-895f-4946533ce0da:192.168.36.126:43134], old=null
2019-09-25 08:23:48,646 [5b0dbadb-21f4-40db-895f-4946533ce0da@group-8168C372A2DA:LeaderElection48] INFO  impl.LeaderElection (LeaderElection.java:askForVotes(182)) - 5b0dbadb-21f4-40db-895f-4946533ce0da@group-8168C372A2DA:LeaderElection48: begin an election at term 4 for -1: [2fc70531-54f8-4344-a6a1-710636979233:192.168.36.126:43168, 3480664e-e083-4e16-97f4-fa54a8a0d12d:192.168.36.126:37426, 5b0dbadb-21f4-40db-895f-4946533ce0da:192.168.36.126:43134], old=null
2019-09-25 08:23:48,646 [3480664e-e083-4e16-97f4-fa54a8a0d12d@group-8168C372A2DA:LeaderElection50] INFO  impl.LeaderElection (LeaderElection.java:askForVotes(182)) - 3480664e-e083-4e16-97f4-fa54a8a0d12d@group-8168C372A2DA:LeaderElection50: begin an election at term 4 for -1: [2fc70531-54f8-4344-a6a1-710636979233:192.168.36.126:43168, 3480664e-e083-4e16-97f4-fa54a8a0d12d:192.168.36.126:37426, 5b0dbadb-21f4-40db-895f-4946533ce0da:192.168.36.126:43134], old=null
2019-09-25 08:23:48,649 [3480664e-e083-4e16-97f4-fa54a8a0d12d@group-EA354E46A7D3:LeaderElection43] INFO  impl.LeaderElection (LeaderElection.java:logAndReturn(56)) - 3480664e-e083-4e16-97f4-fa54a8a0d12d@group-EA354E46A7D3:LeaderElection43: Election REJECTED; received 2 response(s) [3480664e-e083-4e16-97f4-fa54a8a0d12d<-2fc70531-54f8-4344-a6a1-710636979233#0:FAIL-t4, 3480664e-e083-4e16-97f4-fa54a8a0d12d<-5b0dbadb-21f4-40db-895f-4946533ce0da#0:FAIL-t4] and 0 exception(s); 3480664e-e083-4e16-97f4-fa54a8a0d12d@group-EA354E46A7D3:t4, leader=null, voted=3480664e-e083-4e16-97f4-fa54a8a0d12d, raftlog=3480664e-e083-4e16-97f4-fa54a8a0d12d@group-EA354E46A7D3-SegmentedRaftLog:OPENED:c-1,f-1,i0, conf=-1: [2fc70531-54f8-4344-a6a1-710636979233:192.168.36.126:43168, 3480664e-e083-4e16-97f4-fa54a8a0d12d:192.168.36.126:37426, 5b0dbadb-21f4-40db-895f-4946533ce0da:192.168.36.126:43134], old=null
2019-09-25 08:23:48,649 [2fc70531-54f8-4344-a6a1-710636979233@group-EA354E46A7D3:LeaderElection41] INFO  impl.LeaderElection (LeaderElection.java:logAndReturn(56)) - 2fc70531-54f8-4344-a6a1-710636979233@group-EA354E46A7D3:LeaderElection41: Election REJECTED; received 2 response(s) [2fc70531-54f8-4344-a6a1-710636979233<-3480664e-e083-4e16-97f4-fa54a8a0d12d#0:FAIL-t4, 2fc70531-54f8-4344-a6a1-710636979233<-5b0dbadb-21f4-40db-895f-4946533ce0da#0:FAIL-t4] and 0 exception(s); 2fc70531-54f8-4344-a6a1-710636979233@group-EA354E46A7D3:t4, leader=null, voted=2fc70531-54f8-4344-a6a1-710636979233, raftlog=2fc70531-54f8-4344-a6a1-710636979233@group-EA354E46A7D3-SegmentedRaftLog:OPENED:c-1,f-1,i0, conf=-1: [2fc70531-54f8-4344-a6a1-710636979233:192.168.36.126:43168, 3480664e-e083-4e16-97f4-fa54a8a0d12d:192.168.36.126:37426, 5b0dbadb-21f4-40db-895f-4946533ce0da:192.168.36.126:43134], old=null
2019-09-25 08:23:48,650 [2fc70531-54f8-4344-a6a1-710636979233@group-8168C372A2DA:LeaderElection40] INFO  impl.LeaderElection (LeaderElection.java:logAndReturn(56)) - 2fc70531-54f8-4344-a6a1-710636979233@group-8168C372A2DA:LeaderElection40: Election REJECTED; received 2 response(s) [2fc70531-54f8-4344-a6a1-710636979233<-3480664e-e083-4e16-97f4-fa54a8a0d12d#0:FAIL-t4, 2fc70531-54f8-4344-a6a1-710636979233<-5b0dbadb-21f4-40db-895f-4946533ce0da#0:FAIL-t4] and 0 exception(s); 2fc70531-54f8-4344-a6a1-710636979233@group-8168C372A2DA:t4, leader=null, voted=2fc70531-54f8-4344-a6a1-710636979233, raftlog=2fc70531-54f8-4344-a6a1-710636979233@group-8168C372A2DA-SegmentedRaftLog:OPENED:c-1,f-1,i0, conf=-1: [2fc70531-54f8-4344-a6a1-710636979233:192.168.36.126:43168, 3480664e-e083-4e16-97f4-fa54a8a0d12d:192.168.36.126:37426, 5b0dbadb-21f4-40db-895f-4946533ce0da:192.168.36.126:43134], old=null
2019-09-25 08:23:48,649 [2fc70531-54f8-4344-a6a1-710636979233@group-01C76DF8876D:LeaderElection39] INFO  impl.LeaderElection (LeaderElection.java:logAndReturn(56)) - 2fc70531-54f8-4344-a6a1-710636979233@group-01C76DF8876D:LeaderElection39: Election REJECTED; received 2 response(s) [2fc70531-54f8-4344-a6a1-710636979233<-3480664e-e083-4e16-97f4-fa54a8a0d12d#0:FAIL-t4, 2fc70531-54f8-4344-a6a1-710636979233<-5b0dbadb-21f4-40db-895f-4946533ce0da#0:FAIL-t4] and 0 exception(s); 2fc70531-54f8-4344-a6a1-710636979233@group-01C76DF8876D:t4, leader=null, voted=2fc70531-54f8-4344-a6a1-710636979233, raftlog=2fc70531-54f8-4344-a6a1-710636979233@group-01C76DF8876D-SegmentedRaftLog:OPENED:c-1,f-1,i0, conf=-1: [2fc70531-54f8-4344-a6a1-710636979233:192.168.36.126:43168, 3480664e-e083-4e16-97f4-fa54a8a0d12d:192.168.36.126:37426, 5b0dbadb-21f4-40db-895f-4946533ce0da:192.168.36.126:43134], old=null
2019-09-25 08:23:48,649 [5b0dbadb-21f4-40db-895f-4946533ce0da@group-84731DF171BE:LeaderElection42] INFO  impl.LeaderElection (LeaderElection.java:logAndReturn(56)) - 5b0dbadb-21f4-40db-895f-4946533ce0da@group-84731DF171BE:LeaderElection42: Election REJECTED; received 2 response(s) [5b0dbadb-21f4-40db-895f-4946533ce0da<-2fc70531-54f8-4344-a6a1-710636979233#0:FAIL-t4, 5b0dbadb-21f4-40db-895f-4946533ce0da<-3480664e-e083-4e16-97f4-fa54a8a0d12d#0:FAIL-t4] and 0 exception(s); 5b0dbadb-21f4-40db-895f-4946533ce0da@group-84731DF171BE:t4, leader=null, voted=5b0dbadb-21f4-40db-895f-4946533ce0da, raftlog=5b0dbadb-21f4-40db-895f-4946533ce0da@group-84731DF171BE-SegmentedRaftLog:OPENED:c-1,f-1,i0, conf=-1: [2fc70531-54f8-4344-a6a1-710636979233:192.168.36.126:43168, 3480664e-e083-4e16-97f4-fa54a8a0d12d:192.168.36.126:37426, 5b0dbadb-21f4-40db-895f-4946533ce0da:192.168.36.126:43134], old=null
2019-09-25 08:23:48,650 [2fc70531-54f8-4344-a6a1-710636979233@group-EA354E46A7D3:LeaderElection41] INFO  impl.RaftServerImpl (RaftServerImpl.java:setRole(174)) - 2fc70531-54f8-4344-a6a1-710636979233@group-EA354E46A7D3: changes role from CANDIDATE to FOLLOWER at term 4 for DISCOVERED_A_NEW_TERM
2019-09-25 08:23:48,650 [2fc70531-54f8-4344-a6a1-710636979233@group-8168C372A2DA:LeaderElection40] INFO  impl.RaftServerImpl (RaftServerImpl.java:setRole(174)) - 2fc70531-54f8-4344-a6a1-710636979233@group-8168C372A2DA: changes role from CANDIDATE to FOLLOWER at term 4 for DISCOVERED_A_NEW_TERM
2019-09-25 08:23:48,651 [2fc70531-54f8-4344-a6a1-710636979233@group-EA354E46A7D3:LeaderElection41] INFO  impl.RoleInfo (RoleInfo.java:shutdownLeaderElection(134)) - 2fc70531-54f8-4344-a6a1-710636979233: shutdown LeaderElection
2019-09-25 08:23:48,650 [3480664e-e083-4e16-97f4-fa54a8a0d12d@group-EA354E46A7D3:LeaderElection43] INFO  impl.RaftServerImpl (RaftServerImpl.java:setRole(174)) - 3480664e-e083-4e16-97f4-fa54a8a0d12d@group-EA354E46A7D3: changes role from CANDIDATE to FOLLOWER at term 4 for DISCOVERED_A_NEW_TERM
2019-09-25 08:23:48,650 [5b0dbadb-21f4-40db-895f-4946533ce0da@group-84731DF171BE:LeaderElection42] INFO  impl.RaftServerImpl (RaftServerImpl.java:setRole(174)) - 5b0dbadb-21f4-40db-895f-4946533ce0da@group-84731DF171BE: changes role from CANDIDATE to FOLLOWER at term 4 for DISCOVERED_A_NEW_TERM
2019-09-25 08:23:48,651 [5b0dbadb-21f4-40db-895f-4946533ce0da@group-84731DF171BE:LeaderElection42] INFO  impl.RoleInfo (RoleInfo.java:shutdownLeaderElection(134)) - 5b0dbadb-21f4-40db-895f-4946533ce0da: shutdown LeaderElection
2019-09-25 08:23:48,650 [2fc70531-54f8-4344-a6a1-710636979233@group-01C76DF8876D:LeaderElection39] INFO  impl.RaftServerImpl (RaftServerImpl.java:setRole(174)) - 2fc70531-54f8-4344-a6a1-710636979233@group-01C76DF8876D: changes role from CANDIDATE to FOLLOWER at term 4 for DISCOVERED_A_NEW_TERM
2019-09-25 08:23:48,651 [5b0dbadb-21f4-40db-895f-4946533ce0da@group-84731DF171BE:LeaderElection42] INFO  impl.RoleInfo (RoleInfo.java:updateAndGet(143)) - 5b0dbadb-21f4-40db-895f-4946533ce0da: start FollowerState
2019-09-25 08:23:48,651 [2fc70531-54f8-4344-a6a1-710636979233@group-EA354E46A7D3:LeaderElection41] INFO  impl.RoleInfo (RoleInfo.java:updateAndGet(143)) - 2fc70531-54f8-4344-a6a1-710636979233: start FollowerState
2019-09-25 08:23:48,651 [3480664e-e083-4e16-97f4-fa54a8a0d12d@group-EA354E46A7D3:LeaderElection43] INFO  impl.RoleInfo (RoleInfo.java:shutdownLeaderElection(134)) - 3480664e-e083-4e16-97f4-fa54a8a0d12d: shutdown LeaderElection
2019-09-25 08:23:48,651 [2fc70531-54f8-4344-a6a1-710636979233@group-8168C372A2DA:LeaderElection40] INFO  impl.RoleInfo (RoleInfo.java:shutdownLeaderElection(134)) - 2fc70531-54f8-4344-a6a1-710636979233: shutdown LeaderElection
2019-09-25 08:23:48,652 [3480664e-e083-4e16-97f4-fa54a8a0d12d@group-EA354E46A7D3:LeaderElection43] INFO  impl.RoleInfo (RoleInfo.java:updateAndGet(143)) - 3480664e-e083-4e16-97f4-fa54a8a0d12d: start FollowerState
2019-09-25 08:23:48,651 [2fc70531-54f8-4344-a6a1-710636979233@group-01C76DF8876D:LeaderElection39] INFO  impl.RoleInfo (RoleInfo.java:shutdownLeaderElection(134)) - 2fc70531-54f8-4344-a6a1-710636979233: shutdown LeaderElection
2019-09-25 08:23:48,652 [2fc70531-54f8-4344-a6a1-710636979233@group-8168C372A2DA:LeaderElection40] INFO  impl.RoleInfo (RoleInfo.java:updateAndGet(143)) - 2fc70531-54f8-4344-a6a1-710636979233: start FollowerState
2019-09-25 08:23:48,652 [2fc70531-54f8-4344-a6a1-710636979233@group-01C76DF8876D:LeaderElection39] INFO  impl.RoleInfo (RoleInfo.java:updateAndGet(143)) - 2fc70531-54f8-4344-a6a1-710636979233: start FollowerState
2019-09-25 08:23:48,657 [3480664e-e083-4e16-97f4-fa54a8a0d12d@group-01C76DF8876D:LeaderElection49] INFO  impl.LeaderElection (LeaderElection.java:logAndReturn(56)) - 3480664e-e083-4e16-97f4-fa54a8a0d12d@group-01C76DF8876D:LeaderElection49: Election REJECTED; received 2 response(s) [3480664e-e083-4e16-97f4-fa54a8a0d12d<-2fc70531-54f8-4344-a6a1-710636979233#0:FAIL-t4, 3480664e-e083-4e16-97f4-fa54a8a0d12d<-5b0dbadb-21f4-40db-895f-4946533ce0da#0:FAIL-t4] and 0 exception(s); 3480664e-e083-4e16-97f4-fa54a8a0d12d@group-01C76DF8876D:t4, leader=null, voted=3480664e-e083-4e16-97f4-fa54a8a0d12d, raftlog=3480664e-e083-4e16-97f4-fa54a8a0d12d@group-01C76DF8876D-SegmentedRaftLog:OPENED:c-1,f-1,i0, conf=-1: [2fc70531-54f8-4344-a6a1-710636979233:192.168.36.126:43168, 3480664e-e083-4e16-97f4-fa54a8a0d12d:192.168.36.126:37426, 5b0dbadb-21f4-40db-895f-4946533ce0da:192.168.36.126:43134], old=null
2019-09-25 08:23:48,657 [3480664e-e083-4e16-97f4-fa54a8a0d12d@group-01C76DF8876D:LeaderElection49] INFO  impl.RaftServerImpl (RaftServerImpl.java:setRole(174)) - 3480664e-e083-4e16-97f4-fa54a8a0d12d@group-01C76DF8876D: changes role from CANDIDATE to FOLLOWER at term 4 for DISCOVERED_A_NEW_TERM
2019-09-25 08:23:48,657 [3480664e-e083-4e16-97f4-fa54a8a0d12d@group-01C76DF8876D:LeaderElection49] INFO  impl.RoleInfo (RoleInfo.java:shutdownLeaderElection(134)) - 3480664e-e083-4e16-97f4-fa54a8a0d12d: shutdown LeaderElection
2019-09-25 08:23:48,657 [3480664e-e083-4e16-97f4-fa54a8a0d12d@group-01C76DF8876D:LeaderElection49] INFO  impl.RoleInfo (RoleInfo.java:updateAndGet(143)) - 3480664e-e083-4e16-97f4-fa54a8a0d12d: start FollowerState
2019-09-25 08:23:48,657 [3480664e-e083-4e16-97f4-fa54a8a0d12d@group-8168C372A2DA:LeaderElection50] INFO  impl.LeaderElection (LeaderElection.java:logAndReturn(56)) - 3480664e-e083-4e16-97f4-fa54a8a0d12d@group-8168C372A2DA:LeaderElection50: Election REJECTED; received 2 response(s) [3480664e-e083-4e16-97f4-fa54a8a0d12d<-2fc70531-54f8-4344-a6a1-710636979233#0:FAIL-t4, 3480664e-e083-4e16-97f4-fa54a8a0d12d<-5b0dbadb-21f4-40db-895f-4946533ce0da#0:FAIL-t4] and 0 exception(s); 3480664e-e083-4e16-97f4-fa54a8a0d12d@group-8168C372A2DA:t4, leader=null, voted=3480664e-e083-4e16-97f4-fa54a8a0d12d, raftlog=3480664e-e083-4e16-97f4-fa54a8a0d12d@group-8168C372A2DA-SegmentedRaftLog:OPENED:c-1,f-1,i0, conf=-1: [2fc70531-54f8-4344-a6a1-710636979233:192.168.36.126:43168, 3480664e-e083-4e16-97f4-fa54a8a0d12d:192.168.36.126:37426, 5b0dbadb-21f4-40db-895f-4946533ce0da:192.168.36.126:43134], old=null
2019-09-25 08:23:48,657 [3480664e-e083-4e16-97f4-fa54a8a0d12d@group-8168C372A2DA:LeaderElection50] INFO  impl.RaftServerImpl (RaftServerImpl.java:setRole(174)) - 3480664e-e083-4e16-97f4-fa54a8a0d12d@group-8168C372A2DA: changes role from CANDIDATE to FOLLOWER at term 4 for DISCOVERED_A_NEW_TERM
2019-09-25 08:23:48,657 [3480664e-e083-4e16-97f4-fa54a8a0d12d@group-8168C372A2DA:LeaderElection50] INFO  impl.RoleInfo (RoleInfo.java:shutdownLeaderElection(134)) - 3480664e-e083-4e16-97f4-fa54a8a0d12d: shutdown LeaderElection
2019-09-25 08:23:48,658 [3480664e-e083-4e16-97f4-fa54a8a0d12d@group-8168C372A2DA:LeaderElection50] INFO  impl.RoleInfo (RoleInfo.java:updateAndGet(143)) - 3480664e-e083-4e16-97f4-fa54a8a0d12d: start FollowerState
2019-09-25 08:23:48,659 [5b0dbadb-21f4-40db-895f-4946533ce0da@group-EA354E46A7D3:LeaderElection46] INFO  impl.LeaderElection (LeaderElection.java:logAndReturn(56)) - 5b0dbadb-21f4-40db-895f-4946533ce0da@group-EA354E46A7D3:LeaderElection46: Election REJECTED; received 2 response(s) [5b0dbadb-21f4-40db-895f-4946533ce0da<-2fc70531-54f8-4344-a6a1-710636979233#0:FAIL-t4, 5b0dbadb-21f4-40db-895f-4946533ce0da<-3480664e-e083-4e16-97f4-fa54a8a0d12d#0:FAIL-t4] and 0 exception(s); 5b0dbadb-21f4-40db-895f-4946533ce0da@group-EA354E46A7D3:t4, leader=null, voted=5b0dbadb-21f4-40db-895f-4946533ce0da, raftlog=5b0dbadb-21f4-40db-895f-4946533ce0da@group-EA354E46A7D3-SegmentedRaftLog:OPENED:c-1,f-1,i0, conf=-1: [2fc70531-54f8-4344-a6a1-710636979233:192.168.36.126:43168, 3480664e-e083-4e16-97f4-fa54a8a0d12d:192.168.36.126:37426, 5b0dbadb-21f4-40db-895f-4946533ce0da:192.168.36.126:43134], old=null
2019-09-25 08:23:48,659 [5b0dbadb-21f4-40db-895f-4946533ce0da@group-8168C372A2DA:LeaderElection48] INFO  impl.LeaderElection (LeaderElection.java:logAndReturn(56)) - 5b0dbadb-21f4-40db-895f-4946533ce0da@group-8168C372A2DA:LeaderElection48: Election REJECTED; received 2 response(s) [5b0dbadb-21f4-40db-895f-4946533ce0da<-2fc70531-54f8-4344-a6a1-710636979233#0:FAIL-t4, 5b0dbadb-21f4-40db-895f-4946533ce0da<-3480664e-e083-4e16-97f4-fa54a8a0d12d#0:FAIL-t4] and 0 exception(s); 5b0dbadb-21f4-40db-895f-4946533ce0da@group-8168C372A2DA:t4, leader=null, voted=5b0dbadb-21f4-40db-895f-4946533ce0da, raftlog=5b0dbadb-21f4-40db-895f-4946533ce0da@group-8168C372A2DA-SegmentedRaftLog:OPENED:c-1,f-1,i0, conf=-1: [2fc70531-54f8-4344-a6a1-710636979233:192.168.36.126:43168, 3480664e-e083-4e16-97f4-fa54a8a0d12d:192.168.36.126:37426, 5b0dbadb-21f4-40db-895f-4946533ce0da:192.168.36.126:43134], old=null
2019-09-25 08:23:48,659 [5b0dbadb-21f4-40db-895f-4946533ce0da@group-EA354E46A7D3:LeaderElection46] INFO  impl.RaftServerImpl (RaftServerImpl.java:setRole(174)) - 5b0dbadb-21f4-40db-895f-4946533ce0da@group-EA354E46A7D3: changes role from CANDIDATE to FOLLOWER at term 4 for DISCOVERED_A_NEW_TERM
2019-09-25 08:23:48,659 [3480664e-e083-4e16-97f4-fa54a8a0d12d@group-84731DF171BE:LeaderElection47] INFO  impl.LeaderElection (LeaderElection.java:logAndReturn(56)) - 3480664e-e083-4e16-97f4-fa54a8a0d12d@group-84731DF171BE:LeaderElection47: Election REJECTED; received 2 response(s) [3480664e-e083-4e16-97f4-fa54a8a0d12d<-2fc70531-54f8-4344-a6a1-710636979233#0:FAIL-t4, 3480664e-e083-4e16-97f4-fa54a8a0d12d<-5b0dbadb-21f4-40db-895f-4946533ce0da#0:FAIL-t4] and 0 exception(s); 3480664e-e083-4e16-97f4-fa54a8a0d12d@group-84731DF171BE:t4, leader=null, voted=3480664e-e083-4e16-97f4-fa54a8a0d12d, raftlog=3480664e-e083-4e16-97f4-fa54a8a0d12d@group-84731DF171BE-SegmentedRaftLog:OPENED:c-1,f-1,i0, conf=-1: [2fc70531-54f8-4344-a6a1-710636979233:192.168.36.126:43168, 3480664e-e083-4e16-97f4-fa54a8a0d12d:192.168.36.126:37426, 5b0dbadb-21f4-40db-895f-4946533ce0da:192.168.36.126:43134], old=null
2019-09-25 08:23:48,659 [5b0dbadb-21f4-40db-895f-4946533ce0da@group-8168C372A2DA:LeaderElection48] INFO  impl.RaftServerImpl (RaftServerImpl.java:setRole(174)) - 5b0dbadb-21f4-40db-895f-4946533ce0da@group-8168C372A2DA: changes role from CANDIDATE to FOLLOWER at term 4 for DISCOVERED_A_NEW_TERM
2019-09-25 08:23:48,660 [3480664e-e083-4e16-97f4-fa54a8a0d12d@group-84731DF171BE:LeaderElection47] INFO  impl.RaftServerImpl (RaftServerImpl.java:setRole(174)) - 3480664e-e083-4e16-97f4-fa54a8a0d12d@group-84731DF171BE: changes role from CANDIDATE to FOLLOWER at term 4 for DISCOVERED_A_NEW_TERM
2019-09-25 08:23:48,659 [2fc70531-54f8-4344-a6a1-710636979233@group-84731DF171BE:LeaderElection45] INFO  impl.LeaderElection (LeaderElection.java:logAndReturn(56)) - 2fc70531-54f8-4344-a6a1-710636979233@group-84731DF171BE:LeaderElection45: Election REJECTED; received 2 response(s) [2fc70531-54f8-4344-a6a1-710636979233<-3480664e-e083-4e16-97f4-fa54a8a0d12d#0:FAIL-t4, 2fc70531-54f8-4344-a6a1-710636979233<-5b0dbadb-21f4-40db-895f-4946533ce0da#0:FAIL-t4] and 0 exception(s); 2fc70531-54f8-4344-a6a1-710636979233@group-84731DF171BE:t4, leader=null, voted=2fc70531-54f8-4344-a6a1-710636979233, raftlog=2fc70531-54f8-4344-a6a1-710636979233@group-84731DF171BE-SegmentedRaftLog:OPENED:c-1,f-1,i0, conf=-1: [2fc70531-54f8-4344-a6a1-710636979233:192.168.36.126:43168, 3480664e-e083-4e16-97f4-fa54a8a0d12d:192.168.36.126:37426, 5b0dbadb-21f4-40db-895f-4946533ce0da:192.168.36.126:43134], old=null
2019-09-25 08:23:48,659 [5b0dbadb-21f4-40db-895f-4946533ce0da@group-01C76DF8876D:LeaderElection44] INFO  impl.LeaderElection (LeaderElection.java:logAndReturn(56)) - 5b0dbadb-21f4-40db-895f-4946533ce0da@group-01C76DF8876D:LeaderElection44: Election REJECTED; received 2 response(s) [5b0dbadb-21f4-40db-895f-4946533ce0da<-2fc70531-54f8-4344-a6a1-710636979233#0:FAIL-t4, 5b0dbadb-21f4-40db-895f-4946533ce0da<-3480664e-e083-4e16-97f4-fa54a8a0d12d#0:FAIL-t4] and 0 exception(s); 5b0dbadb-21f4-40db-895f-4946533ce0da@group-01C76DF8876D:t4, leader=null, voted=5b0dbadb-21f4-40db-895f-4946533ce0da, raftlog=5b0dbadb-21f4-40db-895f-4946533ce0da@group-01C76DF8876D-SegmentedRaftLog:OPENED:c-1,f-1,i0, conf=-1: [2fc70531-54f8-4344-a6a1-710636979233:192.168.36.126:43168, 3480664e-e083-4e16-97f4-fa54a8a0d12d:192.168.36.126:37426, 5b0dbadb-21f4-40db-895f-4946533ce0da:192.168.36.126:43134], old=null
2019-09-25 08:23:48,660 [2fc70531-54f8-4344-a6a1-710636979233@group-84731DF171BE:LeaderElection45] INFO  impl.RaftServerImpl (RaftServerImpl.java:setRole(174)) - 2fc70531-54f8-4344-a6a1-710636979233@group-84731DF171BE: changes role from CANDIDATE to FOLLOWER at term 4 for DISCOVERED_A_NEW_TERM
2019-09-25 08:23:48,660 [2fc70531-54f8-4344-a6a1-710636979233@group-84731DF171BE:LeaderElection45] INFO  impl.RoleInfo (RoleInfo.java:shutdownLeaderElection(134)) - 2fc70531-54f8-4344-a6a1-710636979233: shutdown LeaderElection
2019-09-25 08:23:48,660 [3480664e-e083-4e16-97f4-fa54a8a0d12d@group-84731DF171BE:LeaderElection47] INFO  impl.RoleInfo (RoleInfo.java:shutdownLeaderElection(134)) - 3480664e-e083-4e16-97f4-fa54a8a0d12d: shutdown LeaderElection
2019-09-25 08:23:48,660 [5b0dbadb-21f4-40db-895f-4946533ce0da@group-8168C372A2DA:LeaderElection48] INFO  impl.RoleInfo (RoleInfo.java:shutdownLeaderElection(134)) - 5b0dbadb-21f4-40db-895f-4946533ce0da: shutdown LeaderElection
2019-09-25 08:23:48,659 [5b0dbadb-21f4-40db-895f-4946533ce0da@group-EA354E46A7D3:LeaderElection46] INFO  impl.RoleInfo (RoleInfo.java:shutdownLeaderElection(134)) - 5b0dbadb-21f4-40db-895f-4946533ce0da: shutdown LeaderElection
2019-09-25 08:23:48,661 [5b0dbadb-21f4-40db-895f-4946533ce0da@group-8168C372A2DA:LeaderElection48] INFO  impl.RoleInfo (RoleInfo.java:updateAndGet(143)) - 5b0dbadb-21f4-40db-895f-4946533ce0da: start FollowerState
2019-09-25 08:23:48,660 [3480664e-e083-4e16-97f4-fa54a8a0d12d@group-84731DF171BE:LeaderElection47] INFO  impl.RoleInfo (RoleInfo.java:updateAndGet(143)) - 3480664e-e083-4e16-97f4-fa54a8a0d12d: start FollowerState
2019-09-25 08:23:48,660 [2fc70531-54f8-4344-a6a1-710636979233@group-84731DF171BE:LeaderElection45] INFO  impl.RoleInfo (RoleInfo.java:updateAndGet(143)) - 2fc70531-54f8-4344-a6a1-710636979233: start FollowerState
2019-09-25 08:23:48,660 [5b0dbadb-21f4-40db-895f-4946533ce0da@group-01C76DF8876D:LeaderElection44] INFO  impl.RaftServerImpl (RaftServerImpl.java:setRole(174)) - 5b0dbadb-21f4-40db-895f-4946533ce0da@group-01C76DF8876D: changes role from CANDIDATE to FOLLOWER at term 4 for DISCOVERED_A_NEW_TERM
2019-09-25 08:23:48,661 [5b0dbadb-21f4-40db-895f-4946533ce0da@group-EA354E46A7D3:LeaderElection46] INFO  impl.RoleInfo (RoleInfo.java:updateAndGet(143)) - 5b0dbadb-21f4-40db-895f-4946533ce0da: start FollowerState
2019-09-25 08:23:48,661 [5b0dbadb-21f4-40db-895f-4946533ce0da@group-01C76DF8876D:LeaderElection44] INFO  impl.RoleInfo (RoleInfo.java:shutdownLeaderElection(134)) - 5b0dbadb-21f4-40db-895f-4946533ce0da: shutdown LeaderElection
2019-09-25 08:23:48,661 [5b0dbadb-21f4-40db-895f-4946533ce0da@group-01C76DF8876D:LeaderElection44] INFO  impl.RoleInfo (RoleInfo.java:updateAndGet(143)) - 5b0dbadb-21f4-40db-895f-4946533ce0da: start FollowerState
2019-09-25 08:23:53,274 [grpc-default-executor-5] INFO  impl.RaftServerProxy (RaftServerProxy.java:remove(95)) - 3480664e-e083-4e16-97f4-fa54a8a0d12d: remove  FOLLOWER 3480664e-e083-4e16-97f4-fa54a8a0d12d@group-8168C372A2DA:t4, leader=null, voted=3480664e-e083-4e16-97f4-fa54a8a0d12d, raftlog=3480664e-e083-4e16-97f4-fa54a8a0d12d@group-8168C372A2DA-SegmentedRaftLog:OPENED:c-1,f-1,i0, conf=-1: [2fc70531-54f8-4344-a6a1-710636979233:192.168.36.126:43168, 3480664e-e083-4e16-97f4-fa54a8a0d12d:192.168.36.126:37426, 5b0dbadb-21f4-40db-895f-4946533ce0da:192.168.36.126:43134], old=null RUNNING
2019-09-25 08:23:53,290 [grpc-default-executor-5] INFO  impl.RaftServerImpl (RaftServerImpl.java:lambda$shutdown$3(251)) - 3480664e-e083-4e16-97f4-fa54a8a0d12d@group-8168C372A2DA: shutdown
2019-09-25 08:23:53,291 [grpc-default-executor-5] INFO  util.JmxRegister (JmxRegister.java:unregister(73)) - Successfully un-registered JMX Bean with object name Ratis:service=RaftServer,group=group-8168C372A2DA,id=3480664e-e083-4e16-97f4-fa54a8a0d12d
2019-09-25 08:23:53,291 [grpc-default-executor-5] INFO  impl.RoleInfo (RoleInfo.java:shutdownFollowerState(121)) - 3480664e-e083-4e16-97f4-fa54a8a0d12d: shutdown FollowerState
2019-09-25 08:23:53,291 [grpc-default-executor-5] INFO  impl.StateMachineUpdater (StateMachineUpdater.java:stopAndJoin(125)) - 3480664e-e083-4e16-97f4-fa54a8a0d12d@group-8168C372A2DA-StateMachineUpdater: set stopIndex = -1
2019-09-25 08:23:53,291 [Thread-523] INFO  impl.FollowerState (FollowerState.java:run(115)) - 3480664e-e083-4e16-97f4-fa54a8a0d12d: FollowerState was interrupted: java.lang.InterruptedException: sleep interrupted
2019-09-25 08:23:53,292 [grpc-default-executor-5] INFO  impl.RaftServerImpl (ServerState.java:close(385)) - 3480664e-e083-4e16-97f4-fa54a8a0d12d@group-8168C372A2DA: closes. applyIndex: -1
2019-09-25 08:23:53,295 [3480664e-e083-4e16-97f4-fa54a8a0d12d@group-8168C372A2DA-SegmentedRaftLogWorker] INFO  segmented.SegmentedRaftLogWorker (SegmentedRaftLogWorker.java:run(313)) - 3480664e-e083-4e16-97f4-fa54a8a0d12d@group-8168C372A2DA-SegmentedRaftLogWorker was interrupted, exiting. There are 0 tasks remaining in the queue.
2019-09-25 08:23:53,295 [grpc-default-executor-5] INFO  segmented.SegmentedRaftLogWorker (SegmentedRaftLogWorker.java:close(228)) - 3480664e-e083-4e16-97f4-fa54a8a0d12d@group-8168C372A2DA-SegmentedRaftLogWorker close()
2019-09-25 08:23:53,313 [grpc-default-executor-5] INFO  impl.RaftServerProxy (RaftServerProxy.java:remove(95)) - 3480664e-e083-4e16-97f4-fa54a8a0d12d: remove  FOLLOWER 3480664e-e083-4e16-97f4-fa54a8a0d12d@group-01C76DF8876D:t4, leader=null, voted=3480664e-e083-4e16-97f4-fa54a8a0d12d, raftlog=3480664e-e083-4e16-97f4-fa54a8a0d12d@group-01C76DF8876D-SegmentedRaftLog:OPENED:c-1,f-1,i0, conf=-1: [2fc70531-54f8-4344-a6a1-710636979233:192.168.36.126:43168, 3480664e-e083-4e16-97f4-fa54a8a0d12d:192.168.36.126:37426, 5b0dbadb-21f4-40db-895f-4946533ce0da:192.168.36.126:43134], old=null RUNNING
2019-09-25 08:23:53,313 [grpc-default-executor-5] INFO  impl.RaftServerImpl (RaftServerImpl.java:lambda$shutdown$3(251)) - 3480664e-e083-4e16-97f4-fa54a8a0d12d@group-01C76DF8876D: shutdown
2019-09-25 08:23:53,314 [grpc-default-executor-5] INFO  util.JmxRegister (JmxRegister.java:unregister(73)) - Successfully un-registered JMX Bean with object name Ratis:service=RaftServer,group=group-01C76DF8876D,id=3480664e-e083-4e16-97f4-fa54a8a0d12d
2019-09-25 08:23:53,314 [grpc-default-executor-5] INFO  impl.RoleInfo (RoleInfo.java:shutdownFollowerState(121)) - 3480664e-e083-4e16-97f4-fa54a8a0d12d: shutdown FollowerState
2019-09-25 08:23:53,314 [grpc-default-executor-5] INFO  impl.StateMachineUpdater (StateMachineUpdater.java:stopAndJoin(125)) - 3480664e-e083-4e16-97f4-fa54a8a0d12d@group-01C76DF8876D-StateMachineUpdater: set stopIndex = -1
2019-09-25 08:23:53,314 [Thread-522] INFO  impl.FollowerState (FollowerState.java:run(115)) - 3480664e-e083-4e16-97f4-fa54a8a0d12d: FollowerState was interrupted: java.lang.InterruptedException: sleep interrupted
2019-09-25 08:23:53,314 [grpc-default-executor-5] INFO  impl.RaftServerImpl (ServerState.java:close(385)) - 3480664e-e083-4e16-97f4-fa54a8a0d12d@group-01C76DF8876D: closes. applyIndex: -1
2019-09-25 08:23:53,315 [3480664e-e083-4e16-97f4-fa54a8a0d12d@group-01C76DF8876D-SegmentedRaftLogWorker] INFO  segmented.SegmentedRaftLogWorker (SegmentedRaftLogWorker.java:run(313)) - 3480664e-e083-4e16-97f4-fa54a8a0d12d@group-01C76DF8876D-SegmentedRaftLogWorker was interrupted, exiting. There are 0 tasks remaining in the queue.
2019-09-25 08:23:53,315 [grpc-default-executor-5] INFO  segmented.SegmentedRaftLogWorker (SegmentedRaftLogWorker.java:close(228)) - 3480664e-e083-4e16-97f4-fa54a8a0d12d@group-01C76DF8876D-SegmentedRaftLogWorker close()
2019-09-25 08:23:53,326 [grpc-default-executor-5] INFO  impl.RaftServerProxy (RaftServerProxy.java:remove(95)) - 3480664e-e083-4e16-97f4-fa54a8a0d12d: remove  FOLLOWER 3480664e-e083-4e16-97f4-fa54a8a0d12d@group-84731DF171BE:t4, leader=null, voted=3480664e-e083-4e16-97f4-fa54a8a0d12d, raftlog=3480664e-e083-4e16-97f4-fa54a8a0d12d@group-84731DF171BE-SegmentedRaftLog:OPENED:c-1,f-1,i0, conf=-1: [2fc70531-54f8-4344-a6a1-710636979233:192.168.36.126:43168, 3480664e-e083-4e16-97f4-fa54a8a0d12d:192.168.36.126:37426, 5b0dbadb-21f4-40db-895f-4946533ce0da:192.168.36.126:43134], old=null RUNNING
2019-09-25 08:23:53,326 [grpc-default-executor-5] INFO  impl.RaftServerImpl (RaftServerImpl.java:lambda$shutdown$3(251)) - 3480664e-e083-4e16-97f4-fa54a8a0d12d@group-84731DF171BE: shutdown
2019-09-25 08:23:53,326 [grpc-default-executor-5] INFO  util.JmxRegister (JmxRegister.java:unregister(73)) - Successfully un-registered JMX Bean with object name Ratis:service=RaftServer,group=group-84731DF171BE,id=3480664e-e083-4e16-97f4-fa54a8a0d12d
2019-09-25 08:23:53,327 [grpc-default-executor-5] INFO  impl.RoleInfo (RoleInfo.java:shutdownFollowerState(121)) - 3480664e-e083-4e16-97f4-fa54a8a0d12d: shutdown FollowerState
2019-09-25 08:23:53,327 [grpc-default-executor-5] INFO  impl.StateMachineUpdater (StateMachineUpdater.java:stopAndJoin(125)) - 3480664e-e083-4e16-97f4-fa54a8a0d12d@group-84731DF171BE-StateMachineUpdater: set stopIndex = -1
2019-09-25 08:23:53,327 [Thread-525] INFO  impl.FollowerState (FollowerState.java:run(115)) - 3480664e-e083-4e16-97f4-fa54a8a0d12d: FollowerState was interrupted: java.lang.InterruptedException: sleep interrupted
2019-09-25 08:23:53,327 [grpc-default-executor-5] INFO  impl.RaftServerImpl (ServerState.java:close(385)) - 3480664e-e083-4e16-97f4-fa54a8a0d12d@group-84731DF171BE: closes. applyIndex: -1
2019-09-25 08:23:53,328 [3480664e-e083-4e16-97f4-fa54a8a0d12d@group-84731DF171BE-SegmentedRaftLogWorker] INFO  segmented.SegmentedRaftLogWorker (SegmentedRaftLogWorker.java:run(313)) - 3480664e-e083-4e16-97f4-fa54a8a0d12d@group-84731DF171BE-SegmentedRaftLogWorker was interrupted, exiting. There are 0 tasks remaining in the queue.
2019-09-25 08:23:53,328 [grpc-default-executor-5] INFO  segmented.SegmentedRaftLogWorker (SegmentedRaftLogWorker.java:close(228)) - 3480664e-e083-4e16-97f4-fa54a8a0d12d@group-84731DF171BE-SegmentedRaftLogWorker close()
2019-09-25 08:23:53,685 [Thread-521] INFO  impl.FollowerState (FollowerState.java:run(106)) - 2fc70531-54f8-4344-a6a1-710636979233:group-01C76DF8876D changes to CANDIDATE, lastRpcTime:5032, electionTimeout:5032ms
2019-09-25 08:23:53,685 [Thread-521] INFO  impl.RoleInfo (RoleInfo.java:shutdownFollowerState(121)) - 2fc70531-54f8-4344-a6a1-710636979233: shutdown FollowerState
2019-09-25 08:23:53,685 [Thread-521] INFO  impl.RaftServerImpl (RaftServerImpl.java:setRole(174)) - 2fc70531-54f8-4344-a6a1-710636979233@group-01C76DF8876D: changes role from  FOLLOWER to CANDIDATE at term 4 for changeToCandidate
2019-09-25 08:23:53,686 [Thread-521] INFO  impl.RoleInfo (RoleInfo.java:updateAndGet(143)) - 2fc70531-54f8-4344-a6a1-710636979233: start LeaderElection
2019-09-25 08:23:53,702 [Thread-520] INFO  impl.FollowerState (FollowerState.java:run(106)) - 2fc70531-54f8-4344-a6a1-710636979233:group-8168C372A2DA changes to CANDIDATE, lastRpcTime:5049, electionTimeout:5049ms
2019-09-25 08:23:53,702 [Thread-520] INFO  impl.RoleInfo (RoleInfo.java:shutdownFollowerState(121)) - 2fc70531-54f8-4344-a6a1-710636979233: shutdown FollowerState
2019-09-25 08:23:53,702 [Thread-520] INFO  impl.RaftServerImpl (RaftServerImpl.java:setRole(174)) - 2fc70531-54f8-4344-a6a1-710636979233@group-8168C372A2DA: changes role from  FOLLOWER to CANDIDATE at term 4 for changeToCandidate
2019-09-25 08:23:53,702 [Thread-520] INFO  impl.RoleInfo (RoleInfo.java:updateAndGet(143)) - 2fc70531-54f8-4344-a6a1-710636979233: start LeaderElection
2019-09-25 08:23:53,710 [Thread-517] INFO  impl.FollowerState (FollowerState.java:run(106)) - 2fc70531-54f8-4344-a6a1-710636979233:group-EA354E46A7D3 changes to CANDIDATE, lastRpcTime:5058, electionTimeout:5058ms
2019-09-25 08:23:53,710 [Thread-517] INFO  impl.RoleInfo (RoleInfo.java:shutdownFollowerState(121)) - 2fc70531-54f8-4344-a6a1-710636979233: shutdown FollowerState
2019-09-25 08:23:53,710 [Thread-517] INFO  impl.RaftServerImpl (RaftServerImpl.java:setRole(174)) - 2fc70531-54f8-4344-a6a1-710636979233@group-EA354E46A7D3: changes role from  FOLLOWER to CANDIDATE at term 4 for changeToCandidate
2019-09-25 08:23:53,710 [Thread-517] INFO  impl.RoleInfo (RoleInfo.java:updateAndGet(143)) - 2fc70531-54f8-4344-a6a1-710636979233: start LeaderElection
2019-09-25 08:23:53,744 [Thread-528] INFO  impl.FollowerState (FollowerState.java:run(106)) - 5b0dbadb-21f4-40db-895f-4946533ce0da:group-01C76DF8876D changes to CANDIDATE, lastRpcTime:5082, electionTimeout:5082ms
2019-09-25 08:23:53,744 [Thread-528] INFO  impl.RoleInfo (RoleInfo.java:shutdownFollowerState(121)) - 5b0dbadb-21f4-40db-895f-4946533ce0da: shutdown FollowerState
2019-09-25 08:23:53,744 [Thread-528] INFO  impl.RaftServerImpl (RaftServerImpl.java:setRole(174)) - 5b0dbadb-21f4-40db-895f-4946533ce0da@group-01C76DF8876D: changes role from  FOLLOWER to CANDIDATE at term 4 for changeToCandidate
2019-09-25 08:23:53,744 [Thread-528] INFO  impl.RoleInfo (RoleInfo.java:updateAndGet(143)) - 5b0dbadb-21f4-40db-895f-4946533ce0da: start LeaderElection
2019-09-25 08:23:53,763 [Thread-524] INFO  impl.FollowerState (FollowerState.java:run(106)) - 2fc70531-54f8-4344-a6a1-710636979233:group-84731DF171BE changes to CANDIDATE, lastRpcTime:5102, electionTimeout:5101ms
2019-09-25 08:23:53,763 [Thread-524] INFO  impl.RoleInfo (RoleInfo.java:shutdownFollowerState(121)) - 2fc70531-54f8-4344-a6a1-710636979233: shutdown FollowerState
2019-09-25 08:23:53,763 [Thread-524] INFO  impl.RaftServerImpl (RaftServerImpl.java:setRole(174)) - 2fc70531-54f8-4344-a6a1-710636979233@group-84731DF171BE: changes role from  FOLLOWER to CANDIDATE at term 4 for changeToCandidate
2019-09-25 08:23:53,763 [Thread-524] INFO  impl.RoleInfo (RoleInfo.java:updateAndGet(143)) - 2fc70531-54f8-4344-a6a1-710636979233: start LeaderElection
2019-09-25 08:23:53,767 [Thread-519] INFO  impl.FollowerState (FollowerState.java:run(106)) - 3480664e-e083-4e16-97f4-fa54a8a0d12d:group-EA354E46A7D3 changes to CANDIDATE, lastRpcTime:5115, electionTimeout:5115ms
2019-09-25 08:23:53,768 [Thread-519] INFO  impl.RoleInfo (RoleInfo.java:shutdownFollowerState(121)) - 3480664e-e083-4e16-97f4-fa54a8a0d12d: shutdown FollowerState
2019-09-25 08:23:53,768 [Thread-519] INFO  impl.RaftServerImpl (RaftServerImpl.java:setRole(174)) - 3480664e-e083-4e16-97f4-fa54a8a0d12d@group-EA354E46A7D3: changes role from  FOLLOWER to CANDIDATE at term 4 for changeToCandidate
2019-09-25 08:23:53,768 [Thread-519] INFO  impl.RoleInfo (RoleInfo.java:updateAndGet(143)) - 3480664e-e083-4e16-97f4-fa54a8a0d12d: start LeaderElection
2019-09-25 08:23:53,804 [Thread-527] INFO  impl.FollowerState (FollowerState.java:run(106)) - 5b0dbadb-21f4-40db-895f-4946533ce0da:group-EA354E46A7D3 changes to CANDIDATE, lastRpcTime:5142, electionTimeout:5142ms
2019-09-25 08:23:53,804 [Thread-527] INFO  impl.RoleInfo (RoleInfo.java:shutdownFollowerState(121)) - 5b0dbadb-21f4-40db-895f-4946533ce0da: shutdown FollowerState
2019-09-25 08:23:53,804 [Thread-527] INFO  impl.RaftServerImpl (RaftServerImpl.java:setRole(174)) - 5b0dbadb-21f4-40db-895f-4946533ce0da@group-EA354E46A7D3: changes role from  FOLLOWER to CANDIDATE at term 4 for changeToCandidate
2019-09-25 08:23:53,805 [Thread-527] INFO  impl.RoleInfo (RoleInfo.java:updateAndGet(143)) - 5b0dbadb-21f4-40db-895f-4946533ce0da: start LeaderElection
2019-09-25 08:23:53,840 [Thread-526] INFO  impl.FollowerState (FollowerState.java:run(106)) - 5b0dbadb-21f4-40db-895f-4946533ce0da:group-8168C372A2DA changes to CANDIDATE, lastRpcTime:5179, electionTimeout:5179ms
2019-09-25 08:23:53,840 [Thread-526] INFO  impl.RoleInfo (RoleInfo.java:shutdownFollowerState(121)) - 5b0dbadb-21f4-40db-895f-4946533ce0da: shutdown FollowerState
2019-09-25 08:23:53,841 [Thread-526] INFO  impl.RaftServerImpl (RaftServerImpl.java:setRole(174)) - 5b0dbadb-21f4-40db-895f-4946533ce0da@group-8168C372A2DA: changes role from  FOLLOWER to CANDIDATE at term 4 for changeToCandidate
2019-09-25 08:23:53,841 [Thread-526] INFO  impl.RoleInfo (RoleInfo.java:updateAndGet(143)) - 5b0dbadb-21f4-40db-895f-4946533ce0da: start LeaderElection
2019-09-25 08:23:53,846 [Thread-518] INFO  impl.FollowerState (FollowerState.java:run(106)) - 5b0dbadb-21f4-40db-895f-4946533ce0da:group-84731DF171BE changes to CANDIDATE, lastRpcTime:5194, electionTimeout:5194ms
2019-09-25 08:23:53,846 [Thread-518] INFO  impl.RoleInfo (RoleInfo.java:shutdownFollowerState(121)) - 5b0dbadb-21f4-40db-895f-4946533ce0da: shutdown FollowerState
2019-09-25 08:23:53,846 [Thread-518] INFO  impl.RaftServerImpl (RaftServerImpl.java:setRole(174)) - 5b0dbadb-21f4-40db-895f-4946533ce0da@group-84731DF171BE: changes role from  FOLLOWER to CANDIDATE at term 4 for changeToCandidate
2019-09-25 08:23:53,846 [Thread-518] INFO  impl.RoleInfo (RoleInfo.java:updateAndGet(143)) - 5b0dbadb-21f4-40db-895f-4946533ce0da: start LeaderElection
2019-09-25 08:23:54,702 [2fc70531-54f8-4344-a6a1-710636979233@group-8168C372A2DA:LeaderElection52] INFO  impl.LeaderElection (LeaderElection.java:askForVotes(182)) - 2fc70531-54f8-4344-a6a1-710636979233@group-8168C372A2DA:LeaderElection52: begin an election at term 5 for -1: [2fc70531-54f8-4344-a6a1-710636979233:192.168.36.126:43168, 3480664e-e083-4e16-97f4-fa54a8a0d12d:192.168.36.126:37426, 5b0dbadb-21f4-40db-895f-4946533ce0da:192.168.36.126:43134], old=null
2019-09-25 08:23:54,702 [5b0dbadb-21f4-40db-895f-4946533ce0da@group-01C76DF8876D:LeaderElection54] INFO  impl.LeaderElection (LeaderElection.java:askForVotes(182)) - 5b0dbadb-21f4-40db-895f-4946533ce0da@group-01C76DF8876D:LeaderElection54: begin an election at term 5 for -1: [2fc70531-54f8-4344-a6a1-710636979233:192.168.36.126:43168, 3480664e-e083-4e16-97f4-fa54a8a0d12d:192.168.36.126:37426, 5b0dbadb-21f4-40db-895f-4946533ce0da:192.168.36.126:43134], old=null
2019-09-25 08:23:54,702 [5b0dbadb-21f4-40db-895f-4946533ce0da@group-EA354E46A7D3:LeaderElection57] INFO  impl.LeaderElection (LeaderElection.java:askForVotes(182)) - 5b0dbadb-21f4-40db-895f-4946533ce0da@group-EA354E46A7D3:LeaderElection57: begin an election at term 5 for -1: [2fc70531-54f8-4344-a6a1-710636979233:192.168.36.126:43168, 3480664e-e083-4e16-97f4-fa54a8a0d12d:192.168.36.126:37426, 5b0dbadb-21f4-40db-895f-4946533ce0da:192.168.36.126:43134], old=null
2019-09-25 08:23:54,702 [5b0dbadb-21f4-40db-895f-4946533ce0da@group-8168C372A2DA:LeaderElection58] INFO  impl.LeaderElection (LeaderElection.java:askForVotes(182)) - 5b0dbadb-21f4-40db-895f-4946533ce0da@group-8168C372A2DA:LeaderElection58: begin an election at term 5 for -1: [2fc70531-54f8-4344-a6a1-710636979233:192.168.36.126:43168, 3480664e-e083-4e16-97f4-fa54a8a0d12d:192.168.36.126:37426, 5b0dbadb-21f4-40db-895f-4946533ce0da:192.168.36.126:43134], old=null
2019-09-25 08:23:54,702 [2fc70531-54f8-4344-a6a1-710636979233@group-84731DF171BE:LeaderElection55] INFO  impl.LeaderElection (LeaderElection.java:askForVotes(182)) - 2fc70531-54f8-4344-a6a1-710636979233@group-84731DF171BE:LeaderElection55: begin an election at term 5 for -1: [2fc70531-54f8-4344-a6a1-710636979233:192.168.36.126:43168, 3480664e-e083-4e16-97f4-fa54a8a0d12d:192.168.36.126:37426, 5b0dbadb-21f4-40db-895f-4946533ce0da:192.168.36.126:43134], old=null
2019-09-25 08:23:54,702 [5b0dbadb-21f4-40db-895f-4946533ce0da@group-84731DF171BE:LeaderElection59] INFO  impl.LeaderElection (LeaderElection.java:askForVotes(182)) - 5b0dbadb-21f4-40db-895f-4946533ce0da@group-84731DF171BE:LeaderElection59: begin an election at term 5 for -1: [2fc70531-54f8-4344-a6a1-710636979233:192.168.36.126:43168, 3480664e-e083-4e16-97f4-fa54a8a0d12d:192.168.36.126:37426, 5b0dbadb-21f4-40db-895f-4946533ce0da:192.168.36.126:43134], old=null
2019-09-25 08:23:54,702 [2fc70531-54f8-4344-a6a1-710636979233@group-EA354E46A7D3:LeaderElection53] INFO  impl.LeaderElection (LeaderElection.java:askForVotes(182)) - 2fc70531-54f8-4344-a6a1-710636979233@group-EA354E46A7D3:LeaderElection53: begin an election at term 5 for -1: [2fc70531-54f8-4344-a6a1-710636979233:192.168.36.126:43168, 3480664e-e083-4e16-97f4-fa54a8a0d12d:192.168.36.126:37426, 5b0dbadb-21f4-40db-895f-4946533ce0da:192.168.36.126:43134], old=null
2019-09-25 08:23:54,702 [3480664e-e083-4e16-97f4-fa54a8a0d12d@group-EA354E46A7D3:LeaderElection56] INFO  impl.LeaderElection (LeaderElection.java:askForVotes(182)) - 3480664e-e083-4e16-97f4-fa54a8a0d12d@group-EA354E46A7D3:LeaderElection56: begin an election at term 5 for -1: [2fc70531-54f8-4344-a6a1-710636979233:192.168.36.126:43168, 3480664e-e083-4e16-97f4-fa54a8a0d12d:192.168.36.126:37426, 5b0dbadb-21f4-40db-895f-4946533ce0da:192.168.36.126:43134], old=null
2019-09-25 08:23:54,702 [2fc70531-54f8-4344-a6a1-710636979233@group-01C76DF8876D:LeaderElection51] INFO  impl.LeaderElection (LeaderElection.java:askForVotes(182)) - 2fc70531-54f8-4344-a6a1-710636979233@group-01C76DF8876D:LeaderElection51: begin an election at term 5 for -1: [2fc70531-54f8-4344-a6a1-710636979233:192.168.36.126:43168, 3480664e-e083-4e16-97f4-fa54a8a0d12d:192.168.36.126:37426, 5b0dbadb-21f4-40db-895f-4946533ce0da:192.168.36.126:43134], old=null
2019-09-25 08:23:54,711 [grpc-default-executor-5] WARN  server.GrpcServerProtocolService (LogUtils.java:warn(136)) - 3480664e-e083-4e16-97f4-fa54a8a0d12d: Failed requestVote 2fc70531-54f8-4344-a6a1-710636979233->3480664e-e083-4e16-97f4-fa54a8a0d12d#0
org.apache.ratis.protocol.GroupMismatchException: 3480664e-e083-4e16-97f4-fa54a8a0d12d: group-8168C372A2DA not found.
	at org.apache.ratis.server.impl.RaftServerProxy$ImplMap.get(RaftServerProxy.java:122)
	at org.apache.ratis.server.impl.RaftServerProxy.getImplFuture(RaftServerProxy.java:269)
	at org.apache.ratis.server.impl.RaftServerProxy.getImpl(RaftServerProxy.java:278)
	at org.apache.ratis.server.impl.RaftServerProxy.getImpl(RaftServerProxy.java:273)
	at org.apache.ratis.server.impl.RaftServerProxy.requestVote(RaftServerProxy.java:443)
	at org.apache.ratis.grpc.server.GrpcServerProtocolService.requestVote(GrpcServerProtocolService.java:142)
	at org.apache.ratis.proto.grpc.RaftServerProtocolServiceGrpc$MethodHandlers.invoke(RaftServerProtocolServiceGrpc.java:319)
	at org.apache.ratis.thirdparty.io.grpc.stub.ServerCalls$UnaryServerCallHandler$UnaryServerCallListener.onHalfClose(ServerCalls.java:171)
	at org.apache.ratis.thirdparty.io.grpc.internal.ServerCallImpl$ServerStreamListenerImpl.halfClosed(ServerCallImpl.java:283)
	at org.apache.ratis.thirdparty.io.grpc.internal.ServerImpl$JumpToApplicationThreadServerStreamListener$1HalfClosed.runInContext(ServerImpl.java:710)
	at org.apache.ratis.thirdparty.io.grpc.internal.ContextRunnable.run(ContextRunnable.java:37)
	at org.apache.ratis.thirdparty.io.grpc.internal.SerializingExecutor.run(SerializingExecutor.java:123)
	at java.util.concurrent.ThreadPoolExecutor.runWorker(ThreadPoolExecutor.java:1149)
	at java.util.concurrent.ThreadPoolExecutor$Worker.run(ThreadPoolExecutor.java:624)
	at java.lang.Thread.run(Thread.java:748)
2019-09-25 08:23:54,711 [grpc-default-executor-21] WARN  server.GrpcServerProtocolService (LogUtils.java:warn(136)) - 3480664e-e083-4e16-97f4-fa54a8a0d12d: Failed requestVote 2fc70531-54f8-4344-a6a1-710636979233->3480664e-e083-4e16-97f4-fa54a8a0d12d#0
org.apache.ratis.protocol.GroupMismatchException: 3480664e-e083-4e16-97f4-fa54a8a0d12d: group-84731DF171BE not found.
	at org.apache.ratis.server.impl.RaftServerProxy$ImplMap.get(RaftServerProxy.java:122)
	at org.apache.ratis.server.impl.RaftServerProxy.getImplFuture(RaftServerProxy.java:269)
	at org.apache.ratis.server.impl.RaftServerProxy.getImpl(RaftServerProxy.java:278)
	at org.apache.ratis.server.impl.RaftServerProxy.getImpl(RaftServerProxy.java:273)
	at org.apache.ratis.server.impl.RaftServerProxy.requestVote(RaftServerProxy.java:443)
	at org.apache.ratis.grpc.server.GrpcServerProtocolService.requestVote(GrpcServerProtocolService.java:142)
	at org.apache.ratis.proto.grpc.RaftServerProtocolServiceGrpc$MethodHandlers.invoke(RaftServerProtocolServiceGrpc.java:319)
	at org.apache.ratis.thirdparty.io.grpc.stub.ServerCalls$UnaryServerCallHandler$UnaryServerCallListener.onHalfClose(ServerCalls.java:171)
	at org.apache.ratis.thirdparty.io.grpc.internal.ServerCallImpl$ServerStreamListenerImpl.halfClosed(ServerCallImpl.java:283)
	at org.apache.ratis.thirdparty.io.grpc.internal.ServerImpl$JumpToApplicationThreadServerStreamListener$1HalfClosed.runInContext(ServerImpl.java:710)
	at org.apache.ratis.thirdparty.io.grpc.internal.ContextRunnable.run(ContextRunnable.java:37)
	at org.apache.ratis.thirdparty.io.grpc.internal.SerializingExecutor.run(SerializingExecutor.java:123)
	at java.util.concurrent.ThreadPoolExecutor.runWorker(ThreadPoolExecutor.java:1149)
	at java.util.concurrent.ThreadPoolExecutor$Worker.run(ThreadPoolExecutor.java:624)
	at java.lang.Thread.run(Thread.java:748)
2019-09-25 08:23:54,711 [grpc-default-executor-10] WARN  server.GrpcServerProtocolService (LogUtils.java:warn(136)) - 3480664e-e083-4e16-97f4-fa54a8a0d12d: Failed requestVote 2fc70531-54f8-4344-a6a1-710636979233->3480664e-e083-4e16-97f4-fa54a8a0d12d#0
org.apache.ratis.protocol.GroupMismatchException: 3480664e-e083-4e16-97f4-fa54a8a0d12d: group-01C76DF8876D not found.
	at org.apache.ratis.server.impl.RaftServerProxy$ImplMap.get(RaftServerProxy.java:122)
	at org.apache.ratis.server.impl.RaftServerProxy.getImplFuture(RaftServerProxy.java:269)
	at org.apache.ratis.server.impl.RaftServerProxy.getImpl(RaftServerProxy.java:278)
	at org.apache.ratis.server.impl.RaftServerProxy.getImpl(RaftServerProxy.java:273)
	at org.apache.ratis.server.impl.RaftServerProxy.requestVote(RaftServerProxy.java:443)
	at org.apache.ratis.grpc.server.GrpcServerProtocolService.requestVote(GrpcServerProtocolService.java:142)
	at org.apache.ratis.proto.grpc.RaftServerProtocolServiceGrpc$MethodHandlers.invoke(RaftServerProtocolServiceGrpc.java:319)
	at org.apache.ratis.thirdparty.io.grpc.stub.ServerCalls$UnaryServerCallHandler$UnaryServerCallListener.onHalfClose(ServerCalls.java:171)
	at org.apache.ratis.thirdparty.io.grpc.internal.ServerCallImpl$ServerStreamListenerImpl.halfClosed(ServerCallImpl.java:283)
	at org.apache.ratis.thirdparty.io.grpc.internal.ServerImpl$JumpToApplicationThreadServerStreamListener$1HalfClosed.runInContext(ServerImpl.java:710)
	at org.apache.ratis.thirdparty.io.grpc.internal.ContextRunnable.run(ContextRunnable.java:37)
	at org.apache.ratis.thirdparty.io.grpc.internal.SerializingExecutor.run(SerializingExecutor.java:123)
	at java.util.concurrent.ThreadPoolExecutor.runWorker(ThreadPoolExecutor.java:1149)
	at java.util.concurrent.ThreadPoolExecutor$Worker.run(ThreadPoolExecutor.java:624)
	at java.lang.Thread.run(Thread.java:748)
2019-09-25 08:23:54,714 [grpc-default-executor-0] WARN  server.GrpcServerProtocolService (LogUtils.java:warn(136)) - 3480664e-e083-4e16-97f4-fa54a8a0d12d: Failed requestVote 5b0dbadb-21f4-40db-895f-4946533ce0da->3480664e-e083-4e16-97f4-fa54a8a0d12d#0
org.apache.ratis.protocol.GroupMismatchException: 3480664e-e083-4e16-97f4-fa54a8a0d12d: group-01C76DF8876D not found.
	at org.apache.ratis.server.impl.RaftServerProxy$ImplMap.get(RaftServerProxy.java:122)
	at org.apache.ratis.server.impl.RaftServerProxy.getImplFuture(RaftServerProxy.java:269)
	at org.apache.ratis.server.impl.RaftServerProxy.getImpl(RaftServerProxy.java:278)
	at org.apache.ratis.server.impl.RaftServerProxy.getImpl(RaftServerProxy.java:273)
	at org.apache.ratis.server.impl.RaftServerProxy.requestVote(RaftServerProxy.java:443)
	at org.apache.ratis.grpc.server.GrpcServerProtocolService.requestVote(GrpcServerProtocolService.java:142)
	at org.apache.ratis.proto.grpc.RaftServerProtocolServiceGrpc$MethodHandlers.invoke(RaftServerProtocolServiceGrpc.java:319)
	at org.apache.ratis.thirdparty.io.grpc.stub.ServerCalls$UnaryServerCallHandler$UnaryServerCallListener.onHalfClose(ServerCalls.java:171)
	at org.apache.ratis.thirdparty.io.grpc.internal.ServerCallImpl$ServerStreamListenerImpl.halfClosed(ServerCallImpl.java:283)
	at org.apache.ratis.thirdparty.io.grpc.internal.ServerImpl$JumpToApplicationThreadServerStreamListener$1HalfClosed.runInContext(ServerImpl.java:710)
	at org.apache.ratis.thirdparty.io.grpc.internal.ContextRunnable.run(ContextRunnable.java:37)
	at org.apache.ratis.thirdparty.io.grpc.internal.SerializingExecutor.run(SerializingExecutor.java:123)
	at java.util.concurrent.ThreadPoolExecutor.runWorker(ThreadPoolExecutor.java:1149)
	at java.util.concurrent.ThreadPoolExecutor$Worker.run(ThreadPoolExecutor.java:624)
	at java.lang.Thread.run(Thread.java:748)
2019-09-25 08:23:54,712 [grpc-default-executor-3] WARN  server.GrpcServerProtocolService (LogUtils.java:warn(136)) - 3480664e-e083-4e16-97f4-fa54a8a0d12d: Failed requestVote 5b0dbadb-21f4-40db-895f-4946533ce0da->3480664e-e083-4e16-97f4-fa54a8a0d12d#0
org.apache.ratis.protocol.GroupMismatchException: 3480664e-e083-4e16-97f4-fa54a8a0d12d: group-8168C372A2DA not found.
	at org.apache.ratis.server.impl.RaftServerProxy$ImplMap.get(RaftServerProxy.java:122)
	at org.apache.ratis.server.impl.RaftServerProxy.getImplFuture(RaftServerProxy.java:269)
	at org.apache.ratis.server.impl.RaftServerProxy.getImpl(RaftServerProxy.java:278)
	at org.apache.ratis.server.impl.RaftServerProxy.getImpl(RaftServerProxy.java:273)
	at org.apache.ratis.server.impl.RaftServerProxy.requestVote(RaftServerProxy.java:443)
	at org.apache.ratis.grpc.server.GrpcServerProtocolService.requestVote(GrpcServerProtocolService.java:142)
	at org.apache.ratis.proto.grpc.RaftServerProtocolServiceGrpc$MethodHandlers.invoke(RaftServerProtocolServiceGrpc.java:319)
	at org.apache.ratis.thirdparty.io.grpc.stub.ServerCalls$UnaryServerCallHandler$UnaryServerCallListener.onHalfClose(ServerCalls.java:171)
	at org.apache.ratis.thirdparty.io.grpc.internal.ServerCallImpl$ServerStreamListenerImpl.halfClosed(ServerCallImpl.java:283)
	at org.apache.ratis.thirdparty.io.grpc.internal.ServerImpl$JumpToApplicationThreadServerStreamListener$1HalfClosed.runInContext(ServerImpl.java:710)
	at org.apache.ratis.thirdparty.io.grpc.internal.ContextRunnable.run(ContextRunnable.java:37)
	at org.apache.ratis.thirdparty.io.grpc.internal.SerializingExecutor.run(SerializingExecutor.java:123)
	at java.util.concurrent.ThreadPoolExecutor.runWorker(ThreadPoolExecutor.java:1149)
	at java.util.concurrent.ThreadPoolExecutor$Worker.run(ThreadPoolExecutor.java:624)
	at java.lang.Thread.run(Thread.java:748)
2019-09-25 08:23:54,717 [grpc-default-executor-23] WARN  server.GrpcServerProtocolService (LogUtils.java:warn(136)) - 3480664e-e083-4e16-97f4-fa54a8a0d12d: Failed requestVote 5b0dbadb-21f4-40db-895f-4946533ce0da->3480664e-e083-4e16-97f4-fa54a8a0d12d#0
org.apache.ratis.protocol.GroupMismatchException: 3480664e-e083-4e16-97f4-fa54a8a0d12d: group-84731DF171BE not found.
	at org.apache.ratis.server.impl.RaftServerProxy$ImplMap.get(RaftServerProxy.java:122)
	at org.apache.ratis.server.impl.RaftServerProxy.getImplFuture(RaftServerProxy.java:269)
	at org.apache.ratis.server.impl.RaftServerProxy.getImpl(RaftServerProxy.java:278)
	at org.apache.ratis.server.impl.RaftServerProxy.getImpl(RaftServerProxy.java:273)
	at org.apache.ratis.server.impl.RaftServerProxy.requestVote(RaftServerProxy.java:443)
	at org.apache.ratis.grpc.server.GrpcServerProtocolService.requestVote(GrpcServerProtocolService.java:142)
	at org.apache.ratis.proto.grpc.RaftServerProtocolServiceGrpc$MethodHandlers.invoke(RaftServerProtocolServiceGrpc.java:319)
	at org.apache.ratis.thirdparty.io.grpc.stub.ServerCalls$UnaryServerCallHandler$UnaryServerCallListener.onHalfClose(ServerCalls.java:171)
	at org.apache.ratis.thirdparty.io.grpc.internal.ServerCallImpl$ServerStreamListenerImpl.halfClosed(ServerCallImpl.java:283)
	at org.apache.ratis.thirdparty.io.grpc.internal.ServerImpl$JumpToApplicationThreadServerStreamListener$1HalfClosed.runInContext(ServerImpl.java:710)
	at org.apache.ratis.thirdparty.io.grpc.internal.ContextRunnable.run(ContextRunnable.java:37)
	at org.apache.ratis.thirdparty.io.grpc.internal.SerializingExecutor.run(SerializingExecutor.java:123)
	at java.util.concurrent.ThreadPoolExecutor.runWorker(ThreadPoolExecutor.java:1149)
	at java.util.concurrent.ThreadPoolExecutor$Worker.run(ThreadPoolExecutor.java:624)
	at java.lang.Thread.run(Thread.java:748)
2019-09-25 08:23:54,719 [5b0dbadb-21f4-40db-895f-4946533ce0da@group-EA354E46A7D3:LeaderElection57] INFO  impl.LeaderElection (LeaderElection.java:logAndReturn(56)) - 5b0dbadb-21f4-40db-895f-4946533ce0da@group-EA354E46A7D3:LeaderElection57: Election REJECTED; received 2 response(s) [5b0dbadb-21f4-40db-895f-4946533ce0da<-2fc70531-54f8-4344-a6a1-710636979233#0:FAIL-t5, 5b0dbadb-21f4-40db-895f-4946533ce0da<-3480664e-e083-4e16-97f4-fa54a8a0d12d#0:FAIL-t5] and 0 exception(s); 5b0dbadb-21f4-40db-895f-4946533ce0da@group-EA354E46A7D3:t5, leader=null, voted=5b0dbadb-21f4-40db-895f-4946533ce0da, raftlog=5b0dbadb-21f4-40db-895f-4946533ce0da@group-EA354E46A7D3-SegmentedRaftLog:OPENED:c-1,f-1,i0, conf=-1: [2fc70531-54f8-4344-a6a1-710636979233:192.168.36.126:43168, 3480664e-e083-4e16-97f4-fa54a8a0d12d:192.168.36.126:37426, 5b0dbadb-21f4-40db-895f-4946533ce0da:192.168.36.126:43134], old=null
2019-09-25 08:23:54,719 [5b0dbadb-21f4-40db-895f-4946533ce0da@group-EA354E46A7D3:LeaderElection57] INFO  impl.RaftServerImpl (RaftServerImpl.java:setRole(174)) - 5b0dbadb-21f4-40db-895f-4946533ce0da@group-EA354E46A7D3: changes role from CANDIDATE to FOLLOWER at term 5 for DISCOVERED_A_NEW_TERM
2019-09-25 08:23:54,719 [5b0dbadb-21f4-40db-895f-4946533ce0da@group-EA354E46A7D3:LeaderElection57] INFO  impl.RoleInfo (RoleInfo.java:shutdownLeaderElection(134)) - 5b0dbadb-21f4-40db-895f-4946533ce0da: shutdown LeaderElection
2019-09-25 08:23:54,720 [5b0dbadb-21f4-40db-895f-4946533ce0da@group-EA354E46A7D3:LeaderElection57] INFO  impl.RoleInfo (RoleInfo.java:updateAndGet(143)) - 5b0dbadb-21f4-40db-895f-4946533ce0da: start FollowerState
2019-09-25 08:23:54,723 [2fc70531-54f8-4344-a6a1-710636979233@group-EA354E46A7D3:LeaderElection53] INFO  impl.LeaderElection (LeaderElection.java:logAndReturn(56)) - 2fc70531-54f8-4344-a6a1-710636979233@group-EA354E46A7D3:LeaderElection53: Election REJECTED; received 2 response(s) [2fc70531-54f8-4344-a6a1-710636979233<-3480664e-e083-4e16-97f4-fa54a8a0d12d#0:FAIL-t5, 2fc70531-54f8-4344-a6a1-710636979233<-5b0dbadb-21f4-40db-895f-4946533ce0da#0:FAIL-t5] and 0 exception(s); 2fc70531-54f8-4344-a6a1-710636979233@group-EA354E46A7D3:t5, leader=null, voted=2fc70531-54f8-4344-a6a1-710636979233, raftlog=2fc70531-54f8-4344-a6a1-710636979233@group-EA354E46A7D3-SegmentedRaftLog:OPENED:c-1,f-1,i0, conf=-1: [2fc70531-54f8-4344-a6a1-710636979233:192.168.36.126:43168, 3480664e-e083-4e16-97f4-fa54a8a0d12d:192.168.36.126:37426, 5b0dbadb-21f4-40db-895f-4946533ce0da:192.168.36.126:43134], old=null
2019-09-25 08:23:54,723 [2fc70531-54f8-4344-a6a1-710636979233@group-EA354E46A7D3:LeaderElection53] INFO  impl.RaftServerImpl (RaftServerImpl.java:setRole(174)) - 2fc70531-54f8-4344-a6a1-710636979233@group-EA354E46A7D3: changes role from CANDIDATE to FOLLOWER at term 5 for DISCOVERED_A_NEW_TERM
2019-09-25 08:23:54,723 [2fc70531-54f8-4344-a6a1-710636979233@group-EA354E46A7D3:LeaderElection53] INFO  impl.RoleInfo (RoleInfo.java:shutdownLeaderElection(134)) - 2fc70531-54f8-4344-a6a1-710636979233: shutdown LeaderElection
2019-09-25 08:23:54,723 [2fc70531-54f8-4344-a6a1-710636979233@group-EA354E46A7D3:LeaderElection53] INFO  impl.RoleInfo (RoleInfo.java:updateAndGet(143)) - 2fc70531-54f8-4344-a6a1-710636979233: start FollowerState
2019-09-25 08:23:54,724 [3480664e-e083-4e16-97f4-fa54a8a0d12d@group-EA354E46A7D3:LeaderElection56] INFO  impl.LeaderElection (LeaderElection.java:logAndReturn(56)) - 3480664e-e083-4e16-97f4-fa54a8a0d12d@group-EA354E46A7D3:LeaderElection56: Election REJECTED; received 2 response(s) [3480664e-e083-4e16-97f4-fa54a8a0d12d<-2fc70531-54f8-4344-a6a1-710636979233#0:FAIL-t5, 3480664e-e083-4e16-97f4-fa54a8a0d12d<-5b0dbadb-21f4-40db-895f-4946533ce0da#0:FAIL-t5] and 0 exception(s); 3480664e-e083-4e16-97f4-fa54a8a0d12d@group-EA354E46A7D3:t5, leader=null, voted=3480664e-e083-4e16-97f4-fa54a8a0d12d, raftlog=3480664e-e083-4e16-97f4-fa54a8a0d12d@group-EA354E46A7D3-SegmentedRaftLog:OPENED:c-1,f-1,i0, conf=-1: [2fc70531-54f8-4344-a6a1-710636979233:192.168.36.126:43168, 3480664e-e083-4e16-97f4-fa54a8a0d12d:192.168.36.126:37426, 5b0dbadb-21f4-40db-895f-4946533ce0da:192.168.36.126:43134], old=null
2019-09-25 08:23:54,724 [3480664e-e083-4e16-97f4-fa54a8a0d12d@group-EA354E46A7D3:LeaderElection56] INFO  impl.RaftServerImpl (RaftServerImpl.java:setRole(174)) - 3480664e-e083-4e16-97f4-fa54a8a0d12d@group-EA354E46A7D3: changes role from CANDIDATE to FOLLOWER at term 5 for DISCOVERED_A_NEW_TERM
2019-09-25 08:23:54,724 [3480664e-e083-4e16-97f4-fa54a8a0d12d@group-EA354E46A7D3:LeaderElection56] INFO  impl.RoleInfo (RoleInfo.java:shutdownLeaderElection(134)) - 3480664e-e083-4e16-97f4-fa54a8a0d12d: shutdown LeaderElection
2019-09-25 08:23:54,724 [3480664e-e083-4e16-97f4-fa54a8a0d12d@group-EA354E46A7D3:LeaderElection56] INFO  impl.RoleInfo (RoleInfo.java:updateAndGet(143)) - 3480664e-e083-4e16-97f4-fa54a8a0d12d: start FollowerState
2019-09-25 08:23:54,780 [5b0dbadb-21f4-40db-895f-4946533ce0da@group-8168C372A2DA:LeaderElection58] INFO  impl.LeaderElection (LogUtils.java:infoOrTrace(149)) - 5b0dbadb-21f4-40db-895f-4946533ce0da@group-8168C372A2DA:LeaderElection58 got exception when requesting votes: {}
java.util.concurrent.ExecutionException: org.apache.ratis.thirdparty.io.grpc.StatusRuntimeException: INTERNAL: 3480664e-e083-4e16-97f4-fa54a8a0d12d: group-8168C372A2DA not found.
	at java.util.concurrent.FutureTask.report(FutureTask.java:122)
	at java.util.concurrent.FutureTask.get(FutureTask.java:192)
	at org.apache.ratis.server.impl.LeaderElection.waitForResults(LeaderElection.java:263)
	at org.apache.ratis.server.impl.LeaderElection.askForVotes(LeaderElection.java:201)
	at org.apache.ratis.server.impl.LeaderElection.run(LeaderElection.java:133)
	at java.lang.Thread.run(Thread.java:748)
Caused by: org.apache.ratis.thirdparty.io.grpc.StatusRuntimeException: INTERNAL: 3480664e-e083-4e16-97f4-fa54a8a0d12d: group-8168C372A2DA not found.
	at org.apache.ratis.thirdparty.io.grpc.stub.ClientCalls.toStatusRuntimeException(ClientCalls.java:233)
	at org.apache.ratis.thirdparty.io.grpc.stub.ClientCalls.getUnchecked(ClientCalls.java:214)
	at org.apache.ratis.thirdparty.io.grpc.stub.ClientCalls.blockingUnaryCall(ClientCalls.java:139)
	at org.apache.ratis.proto.grpc.RaftServerProtocolServiceGrpc$RaftServerProtocolServiceBlockingStub.requestVote(RaftServerProtocolServiceGrpc.java:265)
	at org.apache.ratis.grpc.server.GrpcServerProtocolClient.requestVote(GrpcServerProtocolClient.java:90)
	at org.apache.ratis.grpc.server.GrpcService.requestVote(GrpcService.java:204)
	at org.apache.ratis.server.impl.LeaderElection.lambda$submitRequests$1(LeaderElection.java:238)
	at java.util.concurrent.FutureTask.run(FutureTask.java:266)
	at java.util.concurrent.Executors$RunnableAdapter.call(Executors.java:511)
	at java.util.concurrent.FutureTask.run(FutureTask.java:266)
	at java.util.concurrent.ThreadPoolExecutor.runWorker(ThreadPoolExecutor.java:1149)
	at java.util.concurrent.ThreadPoolExecutor$Worker.run(ThreadPoolExecutor.java:624)
	... 1 more
2019-09-25 08:23:54,780 [2fc70531-54f8-4344-a6a1-710636979233@group-84731DF171BE:LeaderElection55] INFO  impl.LeaderElection (LogUtils.java:infoOrTrace(149)) - 2fc70531-54f8-4344-a6a1-710636979233@group-84731DF171BE:LeaderElection55 got exception when requesting votes: {}
java.util.concurrent.ExecutionException: org.apache.ratis.thirdparty.io.grpc.StatusRuntimeException: INTERNAL: 3480664e-e083-4e16-97f4-fa54a8a0d12d: group-84731DF171BE not found.
	at java.util.concurrent.FutureTask.report(FutureTask.java:122)
	at java.util.concurrent.FutureTask.get(FutureTask.java:192)
	at org.apache.ratis.server.impl.LeaderElection.waitForResults(LeaderElection.java:263)
	at org.apache.ratis.server.impl.LeaderElection.askForVotes(LeaderElection.java:201)
	at org.apache.ratis.server.impl.LeaderElection.run(LeaderElection.java:133)
	at java.lang.Thread.run(Thread.java:748)
Caused by: org.apache.ratis.thirdparty.io.grpc.StatusRuntimeException: INTERNAL: 3480664e-e083-4e16-97f4-fa54a8a0d12d: group-84731DF171BE not found.
	at org.apache.ratis.thirdparty.io.grpc.stub.ClientCalls.toStatusRuntimeException(ClientCalls.java:233)
	at org.apache.ratis.thirdparty.io.grpc.stub.ClientCalls.getUnchecked(ClientCalls.java:214)
	at org.apache.ratis.thirdparty.io.grpc.stub.ClientCalls.blockingUnaryCall(ClientCalls.java:139)
	at org.apache.ratis.proto.grpc.RaftServerProtocolServiceGrpc$RaftServerProtocolServiceBlockingStub.requestVote(RaftServerProtocolServiceGrpc.java:265)
	at org.apache.ratis.grpc.server.GrpcServerProtocolClient.requestVote(GrpcServerProtocolClient.java:90)
	at org.apache.ratis.grpc.server.GrpcService.requestVote(GrpcService.java:204)
	at org.apache.ratis.server.impl.LeaderElection.lambda$submitRequests$1(LeaderElection.java:238)
	at java.util.concurrent.FutureTask.run(FutureTask.java:266)
	at java.util.concurrent.Executors$RunnableAdapter.call(Executors.java:511)
	at java.util.concurrent.FutureTask.run(FutureTask.java:266)
	at java.util.concurrent.ThreadPoolExecutor.runWorker(ThreadPoolExecutor.java:1149)
	at java.util.concurrent.ThreadPoolExecutor$Worker.run(ThreadPoolExecutor.java:624)
	... 1 more
2019-09-25 08:23:54,783 [5b0dbadb-21f4-40db-895f-4946533ce0da@group-8168C372A2DA:LeaderElection58] INFO  impl.LeaderElection (LeaderElection.java:logAndReturn(56)) - 5b0dbadb-21f4-40db-895f-4946533ce0da@group-8168C372A2DA:LeaderElection58: Election REJECTED; received 1 response(s) [5b0dbadb-21f4-40db-895f-4946533ce0da<-2fc70531-54f8-4344-a6a1-710636979233#0:FAIL-t5] and 1 exception(s); 5b0dbadb-21f4-40db-895f-4946533ce0da@group-8168C372A2DA:t5, leader=null, voted=5b0dbadb-21f4-40db-895f-4946533ce0da, raftlog=5b0dbadb-21f4-40db-895f-4946533ce0da@group-8168C372A2DA-SegmentedRaftLog:OPENED:c-1,f-1,i0, conf=-1: [2fc70531-54f8-4344-a6a1-710636979233:192.168.36.126:43168, 3480664e-e083-4e16-97f4-fa54a8a0d12d:192.168.36.126:37426, 5b0dbadb-21f4-40db-895f-4946533ce0da:192.168.36.126:43134], old=null
2019-09-25 08:23:54,786 [2fc70531-54f8-4344-a6a1-710636979233@group-84731DF171BE:LeaderElection55] INFO  impl.LeaderElection (LeaderElection.java:logAndReturn(56)) - 2fc70531-54f8-4344-a6a1-710636979233@group-84731DF171BE:LeaderElection55: Election REJECTED; received 1 response(s) [2fc70531-54f8-4344-a6a1-710636979233<-5b0dbadb-21f4-40db-895f-4946533ce0da#0:FAIL-t5] and 1 exception(s); 2fc70531-54f8-4344-a6a1-710636979233@group-84731DF171BE:t5, leader=null, voted=2fc70531-54f8-4344-a6a1-710636979233, raftlog=2fc70531-54f8-4344-a6a1-710636979233@group-84731DF171BE-SegmentedRaftLog:OPENED:c-1,f-1,i0, conf=-1: [2fc70531-54f8-4344-a6a1-710636979233:192.168.36.126:43168, 3480664e-e083-4e16-97f4-fa54a8a0d12d:192.168.36.126:37426, 5b0dbadb-21f4-40db-895f-4946533ce0da:192.168.36.126:43134], old=null
2019-09-25 08:23:54,786 [5b0dbadb-21f4-40db-895f-4946533ce0da@group-01C76DF8876D:LeaderElection54] INFO  impl.LeaderElection (LogUtils.java:infoOrTrace(149)) - 5b0dbadb-21f4-40db-895f-4946533ce0da@group-01C76DF8876D:LeaderElection54 got exception when requesting votes: {}
java.util.concurrent.ExecutionException: org.apache.ratis.thirdparty.io.grpc.StatusRuntimeException: INTERNAL: 3480664e-e083-4e16-97f4-fa54a8a0d12d: group-01C76DF8876D not found.
	at java.util.concurrent.FutureTask.report(FutureTask.java:122)
	at java.util.concurrent.FutureTask.get(FutureTask.java:192)
	at org.apache.ratis.server.impl.LeaderElection.waitForResults(LeaderElection.java:263)
	at org.apache.ratis.server.impl.LeaderElection.askForVotes(LeaderElection.java:201)
	at org.apache.ratis.server.impl.LeaderElection.run(LeaderElection.java:133)
	at java.lang.Thread.run(Thread.java:748)
Caused by: org.apache.ratis.thirdparty.io.grpc.StatusRuntimeException: INTERNAL: 3480664e-e083-4e16-97f4-fa54a8a0d12d: group-01C76DF8876D not found.
	at org.apache.ratis.thirdparty.io.grpc.stub.ClientCalls.toStatusRuntimeException(ClientCalls.java:233)
	at org.apache.ratis.thirdparty.io.grpc.stub.ClientCalls.getUnchecked(ClientCalls.java:214)
	at org.apache.ratis.thirdparty.io.grpc.stub.ClientCalls.blockingUnaryCall(ClientCalls.java:139)
	at org.apache.ratis.proto.grpc.RaftServerProtocolServiceGrpc$RaftServerProtocolServiceBlockingStub.requestVote(RaftServerProtocolServiceGrpc.java:265)
	at org.apache.ratis.grpc.server.GrpcServerProtocolClient.requestVote(GrpcServerProtocolClient.java:90)
	at org.apache.ratis.grpc.server.GrpcService.requestVote(GrpcService.java:204)
	at org.apache.ratis.server.impl.LeaderElection.lambda$submitRequests$1(LeaderElection.java:238)
	at java.util.concurrent.FutureTask.run(FutureTask.java:266)
	at java.util.concurrent.Executors$RunnableAdapter.call(Executors.java:511)
	at java.util.concurrent.FutureTask.run(FutureTask.java:266)
	at java.util.concurrent.ThreadPoolExecutor.runWorker(ThreadPoolExecutor.java:1149)
	at java.util.concurrent.ThreadPoolExecutor$Worker.run(ThreadPoolExecutor.java:624)
	... 1 more
2019-09-25 08:23:54,786 [2fc70531-54f8-4344-a6a1-710636979233@group-8168C372A2DA:LeaderElection52] INFO  impl.LeaderElection (LogUtils.java:infoOrTrace(149)) - 2fc70531-54f8-4344-a6a1-710636979233@group-8168C372A2DA:LeaderElection52 got exception when requesting votes: {}
java.util.concurrent.ExecutionException: org.apache.ratis.thirdparty.io.grpc.StatusRuntimeException: INTERNAL: 3480664e-e083-4e16-97f4-fa54a8a0d12d: group-8168C372A2DA not found.
	at java.util.concurrent.FutureTask.report(FutureTask.java:122)
	at java.util.concurrent.FutureTask.get(FutureTask.java:192)
	at org.apache.ratis.server.impl.LeaderElection.waitForResults(LeaderElection.java:263)
	at org.apache.ratis.server.impl.LeaderElection.askForVotes(LeaderElection.java:201)
	at org.apache.ratis.server.impl.LeaderElection.run(LeaderElection.java:133)
	at java.lang.Thread.run(Thread.java:748)
Caused by: org.apache.ratis.thirdparty.io.grpc.StatusRuntimeException: INTERNAL: 3480664e-e083-4e16-97f4-fa54a8a0d12d: group-8168C372A2DA not found.
	at org.apache.ratis.thirdparty.io.grpc.stub.ClientCalls.toStatusRuntimeException(ClientCalls.java:233)
	at org.apache.ratis.thirdparty.io.grpc.stub.ClientCalls.getUnchecked(ClientCalls.java:214)
	at org.apache.ratis.thirdparty.io.grpc.stub.ClientCalls.blockingUnaryCall(ClientCalls.java:139)
	at org.apache.ratis.proto.grpc.RaftServerProtocolServiceGrpc$RaftServerProtocolServiceBlockingStub.requestVote(RaftServerProtocolServiceGrpc.java:265)
	at org.apache.ratis.grpc.server.GrpcServerProtocolClient.requestVote(GrpcServerProtocolClient.java:90)
	at org.apache.ratis.grpc.server.GrpcService.requestVote(GrpcService.java:204)
	at org.apache.ratis.server.impl.LeaderElection.lambda$submitRequests$1(LeaderElection.java:238)
	at java.util.concurrent.FutureTask.run(FutureTask.java:266)
	at java.util.concurrent.Executors$RunnableAdapter.call(Executors.java:511)
	at java.util.concurrent.FutureTask.run(FutureTask.java:266)
	at java.util.concurrent.ThreadPoolExecutor.runWorker(ThreadPoolExecutor.java:1149)
	at java.util.concurrent.ThreadPoolExecutor$Worker.run(ThreadPoolExecutor.java:624)
	... 1 more
2019-09-25 08:23:54,789 [5b0dbadb-21f4-40db-895f-4946533ce0da@group-01C76DF8876D:LeaderElection54] INFO  impl.LeaderElection (LeaderElection.java:logAndReturn(56)) - 5b0dbadb-21f4-40db-895f-4946533ce0da@group-01C76DF8876D:LeaderElection54: Election REJECTED; received 1 response(s) [5b0dbadb-21f4-40db-895f-4946533ce0da<-2fc70531-54f8-4344-a6a1-710636979233#0:FAIL-t5] and 1 exception(s); 5b0dbadb-21f4-40db-895f-4946533ce0da@group-01C76DF8876D:t5, leader=null, voted=5b0dbadb-21f4-40db-895f-4946533ce0da, raftlog=5b0dbadb-21f4-40db-895f-4946533ce0da@group-01C76DF8876D-SegmentedRaftLog:OPENED:c-1,f-1,i0, conf=-1: [2fc70531-54f8-4344-a6a1-710636979233:192.168.36.126:43168, 3480664e-e083-4e16-97f4-fa54a8a0d12d:192.168.36.126:37426, 5b0dbadb-21f4-40db-895f-4946533ce0da:192.168.36.126:43134], old=null
2019-09-25 08:23:54,789 [5b0dbadb-21f4-40db-895f-4946533ce0da@group-84731DF171BE:LeaderElection59] INFO  impl.LeaderElection (LogUtils.java:infoOrTrace(149)) - 5b0dbadb-21f4-40db-895f-4946533ce0da@group-84731DF171BE:LeaderElection59 got exception when requesting votes: {}
java.util.concurrent.ExecutionException: org.apache.ratis.thirdparty.io.grpc.StatusRuntimeException: INTERNAL: 3480664e-e083-4e16-97f4-fa54a8a0d12d: group-84731DF171BE not found.
	at java.util.concurrent.FutureTask.report(FutureTask.java:122)
	at java.util.concurrent.FutureTask.get(FutureTask.java:192)
	at org.apache.ratis.server.impl.LeaderElection.waitForResults(LeaderElection.java:263)
	at org.apache.ratis.server.impl.LeaderElection.askForVotes(LeaderElection.java:201)
	at org.apache.ratis.server.impl.LeaderElection.run(LeaderElection.java:133)
	at java.lang.Thread.run(Thread.java:748)
Caused by: org.apache.ratis.thirdparty.io.grpc.StatusRuntimeException: INTERNAL: 3480664e-e083-4e16-97f4-fa54a8a0d12d: group-84731DF171BE not found.
	at org.apache.ratis.thirdparty.io.grpc.stub.ClientCalls.toStatusRuntimeException(ClientCalls.java:233)
	at org.apache.ratis.thirdparty.io.grpc.stub.ClientCalls.getUnchecked(ClientCalls.java:214)
	at org.apache.ratis.thirdparty.io.grpc.stub.ClientCalls.blockingUnaryCall(ClientCalls.java:139)
	at org.apache.ratis.proto.grpc.RaftServerProtocolServiceGrpc$RaftServerProtocolServiceBlockingStub.requestVote(RaftServerProtocolServiceGrpc.java:265)
	at org.apache.ratis.grpc.server.GrpcServerProtocolClient.requestVote(GrpcServerProtocolClient.java:90)
	at org.apache.ratis.grpc.server.GrpcService.requestVote(GrpcService.java:204)
	at org.apache.ratis.server.impl.LeaderElection.lambda$submitRequests$1(LeaderElection.java:238)
	at java.util.concurrent.FutureTask.run(FutureTask.java:266)
	at java.util.concurrent.Executors$RunnableAdapter.call(Executors.java:511)
	at java.util.concurrent.FutureTask.run(FutureTask.java:266)
	at java.util.concurrent.ThreadPoolExecutor.runWorker(ThreadPoolExecutor.java:1149)
	at java.util.concurrent.ThreadPoolExecutor$Worker.run(ThreadPoolExecutor.java:624)
	... 1 more
2019-09-25 08:23:54,788 [2fc70531-54f8-4344-a6a1-710636979233@group-84731DF171BE:LeaderElection55] INFO  impl.LeaderElection (LogUtils.java:infoOrTrace(149)) -   Exception 0: {}
java.util.concurrent.ExecutionException: org.apache.ratis.thirdparty.io.grpc.StatusRuntimeException: INTERNAL: 3480664e-e083-4e16-97f4-fa54a8a0d12d: group-84731DF171BE not found.
	at java.util.concurrent.FutureTask.report(FutureTask.java:122)
	at java.util.concurrent.FutureTask.get(FutureTask.java:192)
	at org.apache.ratis.server.impl.LeaderElection.waitForResults(LeaderElection.java:263)
	at org.apache.ratis.server.impl.LeaderElection.askForVotes(LeaderElection.java:201)
	at org.apache.ratis.server.impl.LeaderElection.run(LeaderElection.java:133)
	at java.lang.Thread.run(Thread.java:748)
Caused by: org.apache.ratis.thirdparty.io.grpc.StatusRuntimeException: INTERNAL: 3480664e-e083-4e16-97f4-fa54a8a0d12d: group-84731DF171BE not found.
	at org.apache.ratis.thirdparty.io.grpc.stub.ClientCalls.toStatusRuntimeException(ClientCalls.java:233)
	at org.apache.ratis.thirdparty.io.grpc.stub.ClientCalls.getUnchecked(ClientCalls.java:214)
	at org.apache.ratis.thirdparty.io.grpc.stub.ClientCalls.blockingUnaryCall(ClientCalls.java:139)
	at org.apache.ratis.proto.grpc.RaftServerProtocolServiceGrpc$RaftServerProtocolServiceBlockingStub.requestVote(RaftServerProtocolServiceGrpc.java:265)
	at org.apache.ratis.grpc.server.GrpcServerProtocolClient.requestVote(GrpcServerProtocolClient.java:90)
	at org.apache.ratis.grpc.server.GrpcService.requestVote(GrpcService.java:204)
	at org.apache.ratis.server.impl.LeaderElection.lambda$submitRequests$1(LeaderElection.java:238)
	at java.util.concurrent.FutureTask.run(FutureTask.java:266)
	at java.util.concurrent.Executors$RunnableAdapter.call(Executors.java:511)
	at java.util.concurrent.FutureTask.run(FutureTask.java:266)
	at java.util.concurrent.ThreadPoolExecutor.runWorker(ThreadPoolExecutor.java:1149)
	at java.util.concurrent.ThreadPoolExecutor$Worker.run(ThreadPoolExecutor.java:624)
	... 1 more
2019-09-25 08:23:54,786 [5b0dbadb-21f4-40db-895f-4946533ce0da@group-8168C372A2DA:LeaderElection58] INFO  impl.LeaderElection (LogUtils.java:infoOrTrace(149)) -   Exception 0: {}
java.util.concurrent.ExecutionException: org.apache.ratis.thirdparty.io.grpc.StatusRuntimeException: INTERNAL: 3480664e-e083-4e16-97f4-fa54a8a0d12d: group-8168C372A2DA not found.
	at java.util.concurrent.FutureTask.report(FutureTask.java:122)
	at java.util.concurrent.FutureTask.get(FutureTask.java:192)
	at org.apache.ratis.server.impl.LeaderElection.waitForResults(LeaderElection.java:263)
	at org.apache.ratis.server.impl.LeaderElection.askForVotes(LeaderElection.java:201)
	at org.apache.ratis.server.impl.LeaderElection.run(LeaderElection.java:133)
	at java.lang.Thread.run(Thread.java:748)
Caused by: org.apache.ratis.thirdparty.io.grpc.StatusRuntimeException: INTERNAL: 3480664e-e083-4e16-97f4-fa54a8a0d12d: group-8168C372A2DA not found.
	at org.apache.ratis.thirdparty.io.grpc.stub.ClientCalls.toStatusRuntimeException(ClientCalls.java:233)
	at org.apache.ratis.thirdparty.io.grpc.stub.ClientCalls.getUnchecked(ClientCalls.java:214)
	at org.apache.ratis.thirdparty.io.grpc.stub.ClientCalls.blockingUnaryCall(ClientCalls.java:139)
	at org.apache.ratis.proto.grpc.RaftServerProtocolServiceGrpc$RaftServerProtocolServiceBlockingStub.requestVote(RaftServerProtocolServiceGrpc.java:265)
	at org.apache.ratis.grpc.server.GrpcServerProtocolClient.requestVote(GrpcServerProtocolClient.java:90)
	at org.apache.ratis.grpc.server.GrpcService.requestVote(GrpcService.java:204)
	at org.apache.ratis.server.impl.LeaderElection.lambda$submitRequests$1(LeaderElection.java:238)
	at java.util.concurrent.FutureTask.run(FutureTask.java:266)
	at java.util.concurrent.Executors$RunnableAdapter.call(Executors.java:511)
	at java.util.concurrent.FutureTask.run(FutureTask.java:266)
	at java.util.concurrent.ThreadPoolExecutor.runWorker(ThreadPoolExecutor.java:1149)
	at java.util.concurrent.ThreadPoolExecutor$Worker.run(ThreadPoolExecutor.java:624)
	... 1 more
2019-09-25 08:23:54,797 [2fc70531-54f8-4344-a6a1-710636979233@group-84731DF171BE:LeaderElection55] INFO  impl.RaftServerImpl (RaftServerImpl.java:setRole(174)) - 2fc70531-54f8-4344-a6a1-710636979233@group-84731DF171BE: changes role from CANDIDATE to FOLLOWER at term 5 for DISCOVERED_A_NEW_TERM
2019-09-25 08:23:54,797 [2fc70531-54f8-4344-a6a1-710636979233@group-84731DF171BE:LeaderElection55] INFO  impl.RoleInfo (RoleInfo.java:shutdownLeaderElection(134)) - 2fc70531-54f8-4344-a6a1-710636979233: shutdown LeaderElection
2019-09-25 08:23:54,796 [5b0dbadb-21f4-40db-895f-4946533ce0da@group-84731DF171BE:LeaderElection59] INFO  impl.LeaderElection (LeaderElection.java:logAndReturn(56)) - 5b0dbadb-21f4-40db-895f-4946533ce0da@group-84731DF171BE:LeaderElection59: Election REJECTED; received 1 response(s) [5b0dbadb-21f4-40db-895f-4946533ce0da<-2fc70531-54f8-4344-a6a1-710636979233#0:FAIL-t5] and 1 exception(s); 5b0dbadb-21f4-40db-895f-4946533ce0da@group-84731DF171BE:t5, leader=null, voted=5b0dbadb-21f4-40db-895f-4946533ce0da, raftlog=5b0dbadb-21f4-40db-895f-4946533ce0da@group-84731DF171BE-SegmentedRaftLog:OPENED:c-1,f-1,i0, conf=-1: [2fc70531-54f8-4344-a6a1-710636979233:192.168.36.126:43168, 3480664e-e083-4e16-97f4-fa54a8a0d12d:192.168.36.126:37426, 5b0dbadb-21f4-40db-895f-4946533ce0da:192.168.36.126:43134], old=null
2019-09-25 08:23:54,798 [5b0dbadb-21f4-40db-895f-4946533ce0da@group-84731DF171BE:LeaderElection59] INFO  impl.LeaderElection (LogUtils.java:infoOrTrace(149)) -   Exception 0: {}
java.util.concurrent.ExecutionException: org.apache.ratis.thirdparty.io.grpc.StatusRuntimeException: INTERNAL: 3480664e-e083-4e16-97f4-fa54a8a0d12d: group-84731DF171BE not found.
	at java.util.concurrent.FutureTask.report(FutureTask.java:122)
	at java.util.concurrent.FutureTask.get(FutureTask.java:192)
	at org.apache.ratis.server.impl.LeaderElection.waitForResults(LeaderElection.java:263)
	at org.apache.ratis.server.impl.LeaderElection.askForVotes(LeaderElection.java:201)
	at org.apache.ratis.server.impl.LeaderElection.run(LeaderElection.java:133)
	at java.lang.Thread.run(Thread.java:748)
Caused by: org.apache.ratis.thirdparty.io.grpc.StatusRuntimeException: INTERNAL: 3480664e-e083-4e16-97f4-fa54a8a0d12d: group-84731DF171BE not found.
	at org.apache.ratis.thirdparty.io.grpc.stub.ClientCalls.toStatusRuntimeException(ClientCalls.java:233)
	at org.apache.ratis.thirdparty.io.grpc.stub.ClientCalls.getUnchecked(ClientCalls.java:214)
	at org.apache.ratis.thirdparty.io.grpc.stub.ClientCalls.blockingUnaryCall(ClientCalls.java:139)
	at org.apache.ratis.proto.grpc.RaftServerProtocolServiceGrpc$RaftServerProtocolServiceBlockingStub.requestVote(RaftServerProtocolServiceGrpc.java:265)
	at org.apache.ratis.grpc.server.GrpcServerProtocolClient.requestVote(GrpcServerProtocolClient.java:90)
	at org.apache.ratis.grpc.server.GrpcService.requestVote(GrpcService.java:204)
	at org.apache.ratis.server.impl.LeaderElection.lambda$submitRequests$1(LeaderElection.java:238)
	at java.util.concurrent.FutureTask.run(FutureTask.java:266)
	at java.util.concurrent.Executors$RunnableAdapter.call(Executors.java:511)
	at java.util.concurrent.FutureTask.run(FutureTask.java:266)
	at java.util.concurrent.ThreadPoolExecutor.runWorker(ThreadPoolExecutor.java:1149)
	at java.util.concurrent.ThreadPoolExecutor$Worker.run(ThreadPoolExecutor.java:624)
	... 1 more
2019-09-25 08:23:54,794 [2fc70531-54f8-4344-a6a1-710636979233@group-01C76DF8876D:LeaderElection51] INFO  impl.LeaderElection (LogUtils.java:infoOrTrace(149)) - 2fc70531-54f8-4344-a6a1-710636979233@group-01C76DF8876D:LeaderElection51 got exception when requesting votes: {}
java.util.concurrent.ExecutionException: org.apache.ratis.thirdparty.io.grpc.StatusRuntimeException: INTERNAL: 3480664e-e083-4e16-97f4-fa54a8a0d12d: group-01C76DF8876D not found.
	at java.util.concurrent.FutureTask.report(FutureTask.java:122)
	at java.util.concurrent.FutureTask.get(FutureTask.java:192)
	at org.apache.ratis.server.impl.LeaderElection.waitForResults(LeaderElection.java:263)
	at org.apache.ratis.server.impl.LeaderElection.askForVotes(LeaderElection.java:201)
	at org.apache.ratis.server.impl.LeaderElection.run(LeaderElection.java:133)
	at java.lang.Thread.run(Thread.java:748)
Caused by: org.apache.ratis.thirdparty.io.grpc.StatusRuntimeException: INTERNAL: 3480664e-e083-4e16-97f4-fa54a8a0d12d: group-01C76DF8876D not found.
	at org.apache.ratis.thirdparty.io.grpc.stub.ClientCalls.toStatusRuntimeException(ClientCalls.java:233)
	at org.apache.ratis.thirdparty.io.grpc.stub.ClientCalls.getUnchecked(ClientCalls.java:214)
	at org.apache.ratis.thirdparty.io.grpc.stub.ClientCalls.blockingUnaryCall(ClientCalls.java:139)
	at org.apache.ratis.proto.grpc.RaftServerProtocolServiceGrpc$RaftServerProtocolServiceBlockingStub.requestVote(RaftServerProtocolServiceGrpc.java:265)
	at org.apache.ratis.grpc.server.GrpcServerProtocolClient.requestVote(GrpcServerProtocolClient.java:90)
	at org.apache.ratis.grpc.server.GrpcService.requestVote(GrpcService.java:204)
	at org.apache.ratis.server.impl.LeaderElection.lambda$submitRequests$1(LeaderElection.java:238)
	at java.util.concurrent.FutureTask.run(FutureTask.java:266)
	at java.util.concurrent.Executors$RunnableAdapter.call(Executors.java:511)
	at java.util.concurrent.FutureTask.run(FutureTask.java:266)
	at java.util.concurrent.ThreadPoolExecutor.runWorker(ThreadPoolExecutor.java:1149)
	at java.util.concurrent.ThreadPoolExecutor$Worker.run(ThreadPoolExecutor.java:624)
	... 1 more
2019-09-25 08:23:54,792 [5b0dbadb-21f4-40db-895f-4946533ce0da@group-01C76DF8876D:LeaderElection54] INFO  impl.LeaderElection (LogUtils.java:infoOrTrace(149)) -   Exception 0: {}
java.util.concurrent.ExecutionException: org.apache.ratis.thirdparty.io.grpc.StatusRuntimeException: INTERNAL: 3480664e-e083-4e16-97f4-fa54a8a0d12d: group-01C76DF8876D not found.
	at java.util.concurrent.FutureTask.report(FutureTask.java:122)
	at java.util.concurrent.FutureTask.get(FutureTask.java:192)
	at org.apache.ratis.server.impl.LeaderElection.waitForResults(LeaderElection.java:263)
	at org.apache.ratis.server.impl.LeaderElection.askForVotes(LeaderElection.java:201)
	at org.apache.ratis.server.impl.LeaderElection.run(LeaderElection.java:133)
	at java.lang.Thread.run(Thread.java:748)
Caused by: org.apache.ratis.thirdparty.io.grpc.StatusRuntimeException: INTERNAL: 3480664e-e083-4e16-97f4-fa54a8a0d12d: group-01C76DF8876D not found.
	at org.apache.ratis.thirdparty.io.grpc.stub.ClientCalls.toStatusRuntimeException(ClientCalls.java:233)
	at org.apache.ratis.thirdparty.io.grpc.stub.ClientCalls.getUnchecked(ClientCalls.java:214)
	at org.apache.ratis.thirdparty.io.grpc.stub.ClientCalls.blockingUnaryCall(ClientCalls.java:139)
	at org.apache.ratis.proto.grpc.RaftServerProtocolServiceGrpc$RaftServerProtocolServiceBlockingStub.requestVote(RaftServerProtocolServiceGrpc.java:265)
	at org.apache.ratis.grpc.server.GrpcServerProtocolClient.requestVote(GrpcServerProtocolClient.java:90)
	at org.apache.ratis.grpc.server.GrpcService.requestVote(GrpcService.java:204)
	at org.apache.ratis.server.impl.LeaderElection.lambda$submitRequests$1(LeaderElection.java:238)
	at java.util.concurrent.FutureTask.run(FutureTask.java:266)
	at java.util.concurrent.Executors$RunnableAdapter.call(Executors.java:511)
	at java.util.concurrent.FutureTask.run(FutureTask.java:266)
	at java.util.concurrent.ThreadPoolExecutor.runWorker(ThreadPoolExecutor.java:1149)
	at java.util.concurrent.ThreadPoolExecutor$Worker.run(ThreadPoolExecutor.java:624)
	... 1 more
2019-09-25 08:23:54,791 [2fc70531-54f8-4344-a6a1-710636979233@group-8168C372A2DA:LeaderElection52] INFO  impl.LeaderElection (LeaderElection.java:logAndReturn(56)) - 2fc70531-54f8-4344-a6a1-710636979233@group-8168C372A2DA:LeaderElection52: Election REJECTED; received 1 response(s) [2fc70531-54f8-4344-a6a1-710636979233<-5b0dbadb-21f4-40db-895f-4946533ce0da#0:FAIL-t5] and 1 exception(s); 2fc70531-54f8-4344-a6a1-710636979233@group-8168C372A2DA:t5, leader=null, voted=2fc70531-54f8-4344-a6a1-710636979233, raftlog=2fc70531-54f8-4344-a6a1-710636979233@group-8168C372A2DA-SegmentedRaftLog:OPENED:c-1,f-1,i0, conf=-1: [2fc70531-54f8-4344-a6a1-710636979233:192.168.36.126:43168, 3480664e-e083-4e16-97f4-fa54a8a0d12d:192.168.36.126:37426, 5b0dbadb-21f4-40db-895f-4946533ce0da:192.168.36.126:43134], old=null
2019-09-25 08:23:54,801 [5b0dbadb-21f4-40db-895f-4946533ce0da@group-01C76DF8876D:LeaderElection54] INFO  impl.RaftServerImpl (RaftServerImpl.java:setRole(174)) - 5b0dbadb-21f4-40db-895f-4946533ce0da@group-01C76DF8876D: changes role from CANDIDATE to FOLLOWER at term 5 for DISCOVERED_A_NEW_TERM
2019-09-25 08:23:54,802 [5b0dbadb-21f4-40db-895f-4946533ce0da@group-01C76DF8876D:LeaderElection54] INFO  impl.RoleInfo (RoleInfo.java:shutdownLeaderElection(134)) - 5b0dbadb-21f4-40db-895f-4946533ce0da: shutdown LeaderElection
2019-09-25 08:23:54,801 [2fc70531-54f8-4344-a6a1-710636979233@group-01C76DF8876D:LeaderElection51] INFO  impl.LeaderElection (LeaderElection.java:logAndReturn(56)) - 2fc70531-54f8-4344-a6a1-710636979233@group-01C76DF8876D:LeaderElection51: Election REJECTED; received 1 response(s) [2fc70531-54f8-4344-a6a1-710636979233<-5b0dbadb-21f4-40db-895f-4946533ce0da#0:FAIL-t5] and 1 exception(s); 2fc70531-54f8-4344-a6a1-710636979233@group-01C76DF8876D:t5, leader=null, voted=2fc70531-54f8-4344-a6a1-710636979233, raftlog=2fc70531-54f8-4344-a6a1-710636979233@group-01C76DF8876D-SegmentedRaftLog:OPENED:c-1,f-1,i0, conf=-1: [2fc70531-54f8-4344-a6a1-710636979233:192.168.36.126:43168, 3480664e-e083-4e16-97f4-fa54a8a0d12d:192.168.36.126:37426, 5b0dbadb-21f4-40db-895f-4946533ce0da:192.168.36.126:43134], old=null
2019-09-25 08:23:54,798 [5b0dbadb-21f4-40db-895f-4946533ce0da@group-84731DF171BE:LeaderElection59] INFO  impl.RaftServerImpl (RaftServerImpl.java:setRole(174)) - 5b0dbadb-21f4-40db-895f-4946533ce0da@group-84731DF171BE: changes role from CANDIDATE to FOLLOWER at term 5 for DISCOVERED_A_NEW_TERM
2019-09-25 08:23:54,798 [2fc70531-54f8-4344-a6a1-710636979233@group-84731DF171BE:LeaderElection55] INFO  impl.RoleInfo (RoleInfo.java:updateAndGet(143)) - 2fc70531-54f8-4344-a6a1-710636979233: start FollowerState
2019-09-25 08:23:54,797 [5b0dbadb-21f4-40db-895f-4946533ce0da@group-8168C372A2DA:LeaderElection58] INFO  impl.RaftServerImpl (RaftServerImpl.java:setRole(174)) - 5b0dbadb-21f4-40db-895f-4946533ce0da@group-8168C372A2DA: changes role from CANDIDATE to FOLLOWER at term 5 for DISCOVERED_A_NEW_TERM
2019-09-25 08:23:54,802 [5b0dbadb-21f4-40db-895f-4946533ce0da@group-84731DF171BE:LeaderElection59] INFO  impl.RoleInfo (RoleInfo.java:shutdownLeaderElection(134)) - 5b0dbadb-21f4-40db-895f-4946533ce0da: shutdown LeaderElection
2019-09-25 08:23:54,802 [2fc70531-54f8-4344-a6a1-710636979233@group-01C76DF8876D:LeaderElection51] INFO  impl.LeaderElection (LogUtils.java:infoOrTrace(149)) -   Exception 0: {}
java.util.concurrent.ExecutionException: org.apache.ratis.thirdparty.io.grpc.StatusRuntimeException: INTERNAL: 3480664e-e083-4e16-97f4-fa54a8a0d12d: group-01C76DF8876D not found.
	at java.util.concurrent.FutureTask.report(FutureTask.java:122)
	at java.util.concurrent.FutureTask.get(FutureTask.java:192)
	at org.apache.ratis.server.impl.LeaderElection.waitForResults(LeaderElection.java:263)
	at org.apache.ratis.server.impl.LeaderElection.askForVotes(LeaderElection.java:201)
	at org.apache.ratis.server.impl.LeaderElection.run(LeaderElection.java:133)
	at java.lang.Thread.run(Thread.java:748)
Caused by: org.apache.ratis.thirdparty.io.grpc.StatusRuntimeException: INTERNAL: 3480664e-e083-4e16-97f4-fa54a8a0d12d: group-01C76DF8876D not found.
	at org.apache.ratis.thirdparty.io.grpc.stub.ClientCalls.toStatusRuntimeException(ClientCalls.java:233)
	at org.apache.ratis.thirdparty.io.grpc.stub.ClientCalls.getUnchecked(ClientCalls.java:214)
	at org.apache.ratis.thirdparty.io.grpc.stub.ClientCalls.blockingUnaryCall(ClientCalls.java:139)
	at org.apache.ratis.proto.grpc.RaftServerProtocolServiceGrpc$RaftServerProtocolServiceBlockingStub.requestVote(RaftServerProtocolServiceGrpc.java:265)
	at org.apache.ratis.grpc.server.GrpcServerProtocolClient.requestVote(GrpcServerProtocolClient.java:90)
	at org.apache.ratis.grpc.server.GrpcService.requestVote(GrpcService.java:204)
	at org.apache.ratis.server.impl.LeaderElection.lambda$submitRequests$1(LeaderElection.java:238)
	at java.util.concurrent.FutureTask.run(FutureTask.java:266)
	at java.util.concurrent.Executors$RunnableAdapter.call(Executors.java:511)
	at java.util.concurrent.FutureTask.run(FutureTask.java:266)
	at java.util.concurrent.ThreadPoolExecutor.runWorker(ThreadPoolExecutor.java:1149)
	at java.util.concurrent.ThreadPoolExecutor$Worker.run(ThreadPoolExecutor.java:624)
	... 1 more
2019-09-25 08:23:54,802 [5b0dbadb-21f4-40db-895f-4946533ce0da@group-01C76DF8876D:LeaderElection54] INFO  impl.RoleInfo (RoleInfo.java:updateAndGet(143)) - 5b0dbadb-21f4-40db-895f-4946533ce0da: start FollowerState
2019-09-25 08:23:54,802 [2fc70531-54f8-4344-a6a1-710636979233@group-8168C372A2DA:LeaderElection52] INFO  impl.LeaderElection (LogUtils.java:infoOrTrace(149)) -   Exception 0: {}
java.util.concurrent.ExecutionException: org.apache.ratis.thirdparty.io.grpc.StatusRuntimeException: INTERNAL: 3480664e-e083-4e16-97f4-fa54a8a0d12d: group-8168C372A2DA not found.
	at java.util.concurrent.FutureTask.report(FutureTask.java:122)
	at java.util.concurrent.FutureTask.get(FutureTask.java:192)
	at org.apache.ratis.server.impl.LeaderElection.waitForResults(LeaderElection.java:263)
	at org.apache.ratis.server.impl.LeaderElection.askForVotes(LeaderElection.java:201)
	at org.apache.ratis.server.impl.LeaderElection.run(LeaderElection.java:133)
	at java.lang.Thread.run(Thread.java:748)
Caused by: org.apache.ratis.thirdparty.io.grpc.StatusRuntimeException: INTERNAL: 3480664e-e083-4e16-97f4-fa54a8a0d12d: group-8168C372A2DA not found.
	at org.apache.ratis.thirdparty.io.grpc.stub.ClientCalls.toStatusRuntimeException(ClientCalls.java:233)
	at org.apache.ratis.thirdparty.io.grpc.stub.ClientCalls.getUnchecked(ClientCalls.java:214)
	at org.apache.ratis.thirdparty.io.grpc.stub.ClientCalls.blockingUnaryCall(ClientCalls.java:139)
	at org.apache.ratis.proto.grpc.RaftServerProtocolServiceGrpc$RaftServerProtocolServiceBlockingStub.requestVote(RaftServerProtocolServiceGrpc.java:265)
	at org.apache.ratis.grpc.server.GrpcServerProtocolClient.requestVote(GrpcServerProtocolClient.java:90)
	at org.apache.ratis.grpc.server.GrpcService.requestVote(GrpcService.java:204)
	at org.apache.ratis.server.impl.LeaderElection.lambda$submitRequests$1(LeaderElection.java:238)
	at java.util.concurrent.FutureTask.run(FutureTask.java:266)
	at java.util.concurrent.Executors$RunnableAdapter.call(Executors.java:511)
	at java.util.concurrent.FutureTask.run(FutureTask.java:266)
	at java.util.concurrent.ThreadPoolExecutor.runWorker(ThreadPoolExecutor.java:1149)
	at java.util.concurrent.ThreadPoolExecutor$Worker.run(ThreadPoolExecutor.java:624)
	... 1 more
2019-09-25 08:23:54,803 [2fc70531-54f8-4344-a6a1-710636979233@group-01C76DF8876D:LeaderElection51] INFO  impl.RaftServerImpl (RaftServerImpl.java:setRole(174)) - 2fc70531-54f8-4344-a6a1-710636979233@group-01C76DF8876D: changes role from CANDIDATE to FOLLOWER at term 5 for DISCOVERED_A_NEW_TERM
2019-09-25 08:23:54,803 [5b0dbadb-21f4-40db-895f-4946533ce0da@group-84731DF171BE:LeaderElection59] INFO  impl.RoleInfo (RoleInfo.java:updateAndGet(143)) - 5b0dbadb-21f4-40db-895f-4946533ce0da: start FollowerState
2019-09-25 08:23:54,803 [5b0dbadb-21f4-40db-895f-4946533ce0da@group-8168C372A2DA:LeaderElection58] INFO  impl.RoleInfo (RoleInfo.java:shutdownLeaderElection(134)) - 5b0dbadb-21f4-40db-895f-4946533ce0da: shutdown LeaderElection
2019-09-25 08:23:54,804 [2fc70531-54f8-4344-a6a1-710636979233@group-01C76DF8876D:LeaderElection51] INFO  impl.RoleInfo (RoleInfo.java:shutdownLeaderElection(134)) - 2fc70531-54f8-4344-a6a1-710636979233: shutdown LeaderElection
2019-09-25 08:23:54,804 [2fc70531-54f8-4344-a6a1-710636979233@group-8168C372A2DA:LeaderElection52] INFO  impl.RaftServerImpl (RaftServerImpl.java:setRole(174)) - 2fc70531-54f8-4344-a6a1-710636979233@group-8168C372A2DA: changes role from CANDIDATE to FOLLOWER at term 5 for DISCOVERED_A_NEW_TERM
2019-09-25 08:23:54,805 [2fc70531-54f8-4344-a6a1-710636979233@group-01C76DF8876D:LeaderElection51] INFO  impl.RoleInfo (RoleInfo.java:updateAndGet(143)) - 2fc70531-54f8-4344-a6a1-710636979233: start FollowerState
2019-09-25 08:23:54,805 [5b0dbadb-21f4-40db-895f-4946533ce0da@group-8168C372A2DA:LeaderElection58] INFO  impl.RoleInfo (RoleInfo.java:updateAndGet(143)) - 5b0dbadb-21f4-40db-895f-4946533ce0da: start FollowerState
2019-09-25 08:23:54,805 [2fc70531-54f8-4344-a6a1-710636979233@group-8168C372A2DA:LeaderElection52] INFO  impl.RoleInfo (RoleInfo.java:shutdownLeaderElection(134)) - 2fc70531-54f8-4344-a6a1-710636979233: shutdown LeaderElection
2019-09-25 08:23:54,805 [2fc70531-54f8-4344-a6a1-710636979233@group-8168C372A2DA:LeaderElection52] INFO  impl.RoleInfo (RoleInfo.java:updateAndGet(143)) - 2fc70531-54f8-4344-a6a1-710636979233: start FollowerState
2019-09-25 08:23:59,800 [Thread-573] INFO  impl.FollowerState (FollowerState.java:run(106)) - 2fc70531-54f8-4344-a6a1-710636979233:group-EA354E46A7D3 changes to CANDIDATE, lastRpcTime:5076, electionTimeout:5076ms
2019-09-25 08:23:59,801 [Thread-573] INFO  impl.RoleInfo (RoleInfo.java:shutdownFollowerState(121)) - 2fc70531-54f8-4344-a6a1-710636979233: shutdown FollowerState
2019-09-25 08:23:59,801 [Thread-573] INFO  impl.RaftServerImpl (RaftServerImpl.java:setRole(174)) - 2fc70531-54f8-4344-a6a1-710636979233@group-EA354E46A7D3: changes role from  FOLLOWER to CANDIDATE at term 5 for changeToCandidate
2019-09-25 08:23:59,801 [Thread-573] INFO  impl.RoleInfo (RoleInfo.java:updateAndGet(143)) - 2fc70531-54f8-4344-a6a1-710636979233: start LeaderElection
2019-09-25 08:23:59,818 [Thread-574] INFO  impl.FollowerState (FollowerState.java:run(106)) - 3480664e-e083-4e16-97f4-fa54a8a0d12d:group-EA354E46A7D3 changes to CANDIDATE, lastRpcTime:5093, electionTimeout:5093ms
2019-09-25 08:23:59,818 [Thread-574] INFO  impl.RoleInfo (RoleInfo.java:shutdownFollowerState(121)) - 3480664e-e083-4e16-97f4-fa54a8a0d12d: shutdown FollowerState
2019-09-25 08:23:59,818 [Thread-574] INFO  impl.RaftServerImpl (RaftServerImpl.java:setRole(174)) - 3480664e-e083-4e16-97f4-fa54a8a0d12d@group-EA354E46A7D3: changes role from  FOLLOWER to CANDIDATE at term 5 for changeToCandidate
2019-09-25 08:23:59,819 [Thread-574] INFO  impl.RoleInfo (RoleInfo.java:updateAndGet(143)) - 3480664e-e083-4e16-97f4-fa54a8a0d12d: start LeaderElection
2019-09-25 08:23:59,860 [Thread-575] INFO  impl.FollowerState (FollowerState.java:run(106)) - 2fc70531-54f8-4344-a6a1-710636979233:group-84731DF171BE changes to CANDIDATE, lastRpcTime:5062, electionTimeout:5057ms
2019-09-25 08:23:59,860 [Thread-575] INFO  impl.RoleInfo (RoleInfo.java:shutdownFollowerState(121)) - 2fc70531-54f8-4344-a6a1-710636979233: shutdown FollowerState
2019-09-25 08:23:59,860 [Thread-575] INFO  impl.RaftServerImpl (RaftServerImpl.java:setRole(174)) - 2fc70531-54f8-4344-a6a1-710636979233@group-84731DF171BE: changes role from  FOLLOWER to CANDIDATE at term 5 for changeToCandidate
2019-09-25 08:23:59,861 [Thread-575] INFO  impl.RoleInfo (RoleInfo.java:updateAndGet(143)) - 2fc70531-54f8-4344-a6a1-710636979233: start LeaderElection
2019-09-25 08:23:59,901 [Thread-577] INFO  impl.FollowerState (FollowerState.java:run(106)) - 5b0dbadb-21f4-40db-895f-4946533ce0da:group-84731DF171BE changes to CANDIDATE, lastRpcTime:5098, electionTimeout:5096ms
2019-09-25 08:23:59,901 [Thread-577] INFO  impl.RoleInfo (RoleInfo.java:shutdownFollowerState(121)) - 5b0dbadb-21f4-40db-895f-4946533ce0da: shutdown FollowerState
2019-09-25 08:23:59,901 [Thread-577] INFO  impl.RaftServerImpl (RaftServerImpl.java:setRole(174)) - 5b0dbadb-21f4-40db-895f-4946533ce0da@group-84731DF171BE: changes role from  FOLLOWER to CANDIDATE at term 5 for changeToCandidate
2019-09-25 08:23:59,902 [Thread-577] INFO  impl.RoleInfo (RoleInfo.java:updateAndGet(143)) - 5b0dbadb-21f4-40db-895f-4946533ce0da: start LeaderElection
2019-09-25 08:23:59,920 [Thread-572] INFO  impl.FollowerState (FollowerState.java:run(106)) - 5b0dbadb-21f4-40db-895f-4946533ce0da:group-EA354E46A7D3 changes to CANDIDATE, lastRpcTime:5199, electionTimeout:5197ms
2019-09-25 08:23:59,920 [Thread-572] INFO  impl.RoleInfo (RoleInfo.java:shutdownFollowerState(121)) - 5b0dbadb-21f4-40db-895f-4946533ce0da: shutdown FollowerState
2019-09-25 08:23:59,920 [Thread-572] INFO  impl.RaftServerImpl (RaftServerImpl.java:setRole(174)) - 5b0dbadb-21f4-40db-895f-4946533ce0da@group-EA354E46A7D3: changes role from  FOLLOWER to CANDIDATE at term 5 for changeToCandidate
2019-09-25 08:23:59,920 [Thread-572] INFO  impl.RoleInfo (RoleInfo.java:updateAndGet(143)) - 5b0dbadb-21f4-40db-895f-4946533ce0da: start LeaderElection
2019-09-25 08:23:59,959 [Thread-576] INFO  impl.FollowerState (FollowerState.java:run(106)) - 5b0dbadb-21f4-40db-895f-4946533ce0da:group-01C76DF8876D changes to CANDIDATE, lastRpcTime:5157, electionTimeout:5155ms
2019-09-25 08:23:59,959 [Thread-576] INFO  impl.RoleInfo (RoleInfo.java:shutdownFollowerState(121)) - 5b0dbadb-21f4-40db-895f-4946533ce0da: shutdown FollowerState
2019-09-25 08:23:59,960 [Thread-576] INFO  impl.RaftServerImpl (RaftServerImpl.java:setRole(174)) - 5b0dbadb-21f4-40db-895f-4946533ce0da@group-01C76DF8876D: changes role from  FOLLOWER to CANDIDATE at term 5 for changeToCandidate
2019-09-25 08:23:59,960 [Thread-576] INFO  impl.RoleInfo (RoleInfo.java:updateAndGet(143)) - 5b0dbadb-21f4-40db-895f-4946533ce0da: start LeaderElection
2019-09-25 08:23:59,968 [Thread-579] INFO  impl.FollowerState (FollowerState.java:run(106)) - 2fc70531-54f8-4344-a6a1-710636979233:group-01C76DF8876D changes to CANDIDATE, lastRpcTime:5162, electionTimeout:5162ms
2019-09-25 08:23:59,968 [Thread-579] INFO  impl.RoleInfo (RoleInfo.java:shutdownFollowerState(121)) - 2fc70531-54f8-4344-a6a1-710636979233: shutdown FollowerState
2019-09-25 08:23:59,968 [Thread-579] INFO  impl.RaftServerImpl (RaftServerImpl.java:setRole(174)) - 2fc70531-54f8-4344-a6a1-710636979233@group-01C76DF8876D: changes role from  FOLLOWER to CANDIDATE at term 5 for changeToCandidate
2019-09-25 08:23:59,968 [Thread-579] INFO  impl.RoleInfo (RoleInfo.java:updateAndGet(143)) - 2fc70531-54f8-4344-a6a1-710636979233: start LeaderElection
2019-09-25 08:23:59,981 [Thread-578] INFO  impl.FollowerState (FollowerState.java:run(106)) - 5b0dbadb-21f4-40db-895f-4946533ce0da:group-8168C372A2DA changes to CANDIDATE, lastRpcTime:5176, electionTimeout:5175ms
2019-09-25 08:23:59,981 [Thread-578] INFO  impl.RoleInfo (RoleInfo.java:shutdownFollowerState(121)) - 5b0dbadb-21f4-40db-895f-4946533ce0da: shutdown FollowerState
2019-09-25 08:23:59,981 [Thread-578] INFO  impl.RaftServerImpl (RaftServerImpl.java:setRole(174)) - 5b0dbadb-21f4-40db-895f-4946533ce0da@group-8168C372A2DA: changes role from  FOLLOWER to CANDIDATE at term 5 for changeToCandidate
2019-09-25 08:23:59,982 [Thread-578] INFO  impl.RoleInfo (RoleInfo.java:updateAndGet(143)) - 5b0dbadb-21f4-40db-895f-4946533ce0da: start LeaderElection
2019-09-25 08:24:00,000 [Thread-580] INFO  impl.FollowerState (FollowerState.java:run(106)) - 2fc70531-54f8-4344-a6a1-710636979233:group-8168C372A2DA changes to CANDIDATE, lastRpcTime:5194, electionTimeout:5194ms
2019-09-25 08:24:00,000 [Thread-580] INFO  impl.RoleInfo (RoleInfo.java:shutdownFollowerState(121)) - 2fc70531-54f8-4344-a6a1-710636979233: shutdown FollowerState
2019-09-25 08:24:00,001 [Thread-580] INFO  impl.RaftServerImpl (RaftServerImpl.java:setRole(174)) - 2fc70531-54f8-4344-a6a1-710636979233@group-8168C372A2DA: changes role from  FOLLOWER to CANDIDATE at term 5 for changeToCandidate
2019-09-25 08:24:00,001 [Thread-580] INFO  impl.RoleInfo (RoleInfo.java:updateAndGet(143)) - 2fc70531-54f8-4344-a6a1-710636979233: start LeaderElection
2019-09-25 08:24:04,862 [5b0dbadb-21f4-40db-895f-4946533ce0da@group-01C76DF8876D:LeaderElection65] INFO  impl.LeaderElection (LeaderElection.java:askForVotes(182)) - 5b0dbadb-21f4-40db-895f-4946533ce0da@group-01C76DF8876D:LeaderElection65: begin an election at term 6 for -1: [2fc70531-54f8-4344-a6a1-710636979233:192.168.36.126:43168, 3480664e-e083-4e16-97f4-fa54a8a0d12d:192.168.36.126:37426, 5b0dbadb-21f4-40db-895f-4946533ce0da:192.168.36.126:43134], old=null
2019-09-25 08:24:04,862 [2fc70531-54f8-4344-a6a1-710636979233@group-01C76DF8876D:LeaderElection66] INFO  impl.LeaderElection (LeaderElection.java:askForVotes(182)) - 2fc70531-54f8-4344-a6a1-710636979233@group-01C76DF8876D:LeaderElection66: begin an election at term 6 for -1: [2fc70531-54f8-4344-a6a1-710636979233:192.168.36.126:43168, 3480664e-e083-4e16-97f4-fa54a8a0d12d:192.168.36.126:37426, 5b0dbadb-21f4-40db-895f-4946533ce0da:192.168.36.126:43134], old=null
2019-09-25 08:24:04,862 [2fc70531-54f8-4344-a6a1-710636979233@group-84731DF171BE:LeaderElection62] INFO  impl.LeaderElection (LeaderElection.java:askForVotes(182)) - 2fc70531-54f8-4344-a6a1-710636979233@group-84731DF171BE:LeaderElection62: begin an election at term 6 for -1: [2fc70531-54f8-4344-a6a1-710636979233:192.168.36.126:43168, 3480664e-e083-4e16-97f4-fa54a8a0d12d:192.168.36.126:37426, 5b0dbadb-21f4-40db-895f-4946533ce0da:192.168.36.126:43134], old=null
2019-09-25 08:24:04,862 [5b0dbadb-21f4-40db-895f-4946533ce0da@group-EA354E46A7D3:LeaderElection64] INFO  impl.LeaderElection (LeaderElection.java:askForVotes(182)) - 5b0dbadb-21f4-40db-895f-4946533ce0da@group-EA354E46A7D3:LeaderElection64: begin an election at term 6 for -1: [2fc70531-54f8-4344-a6a1-710636979233:192.168.36.126:43168, 3480664e-e083-4e16-97f4-fa54a8a0d12d:192.168.36.126:37426, 5b0dbadb-21f4-40db-895f-4946533ce0da:192.168.36.126:43134], old=null
2019-09-25 08:24:04,862 [3480664e-e083-4e16-97f4-fa54a8a0d12d@group-EA354E46A7D3:LeaderElection61] INFO  impl.LeaderElection (LeaderElection.java:askForVotes(182)) - 3480664e-e083-4e16-97f4-fa54a8a0d12d@group-EA354E46A7D3:LeaderElection61: begin an election at term 6 for -1: [2fc70531-54f8-4344-a6a1-710636979233:192.168.36.126:43168, 3480664e-e083-4e16-97f4-fa54a8a0d12d:192.168.36.126:37426, 5b0dbadb-21f4-40db-895f-4946533ce0da:192.168.36.126:43134], old=null
2019-09-25 08:24:04,862 [2fc70531-54f8-4344-a6a1-710636979233@group-EA354E46A7D3:LeaderElection60] INFO  impl.LeaderElection (LeaderElection.java:askForVotes(182)) - 2fc70531-54f8-4344-a6a1-710636979233@group-EA354E46A7D3:LeaderElection60: begin an election at term 6 for -1: [2fc70531-54f8-4344-a6a1-710636979233:192.168.36.126:43168, 3480664e-e083-4e16-97f4-fa54a8a0d12d:192.168.36.126:37426, 5b0dbadb-21f4-40db-895f-4946533ce0da:192.168.36.126:43134], old=null
2019-09-25 08:24:04,862 [2fc70531-54f8-4344-a6a1-710636979233@group-8168C372A2DA:LeaderElection68] INFO  impl.LeaderElection (LeaderElection.java:askForVotes(182)) - 2fc70531-54f8-4344-a6a1-710636979233@group-8168C372A2DA:LeaderElection68: begin an election at term 6 for -1: [2fc70531-54f8-4344-a6a1-710636979233:192.168.36.126:43168, 3480664e-e083-4e16-97f4-fa54a8a0d12d:192.168.36.126:37426, 5b0dbadb-21f4-40db-895f-4946533ce0da:192.168.36.126:43134], old=null
2019-09-25 08:24:04,862 [5b0dbadb-21f4-40db-895f-4946533ce0da@group-84731DF171BE:LeaderElection63] INFO  impl.LeaderElection (LeaderElection.java:askForVotes(182)) - 5b0dbadb-21f4-40db-895f-4946533ce0da@group-84731DF171BE:LeaderElection63: begin an election at term 6 for -1: [2fc70531-54f8-4344-a6a1-710636979233:192.168.36.126:43168, 3480664e-e083-4e16-97f4-fa54a8a0d12d:192.168.36.126:37426, 5b0dbadb-21f4-40db-895f-4946533ce0da:192.168.36.126:43134], old=null
2019-09-25 08:24:04,862 [5b0dbadb-21f4-40db-895f-4946533ce0da@group-8168C372A2DA:LeaderElection67] INFO  impl.LeaderElection (LeaderElection.java:askForVotes(182)) - 5b0dbadb-21f4-40db-895f-4946533ce0da@group-8168C372A2DA:LeaderElection67: begin an election at term 6 for -1: [2fc70531-54f8-4344-a6a1-710636979233:192.168.36.126:43168, 3480664e-e083-4e16-97f4-fa54a8a0d12d:192.168.36.126:37426, 5b0dbadb-21f4-40db-895f-4946533ce0da:192.168.36.126:43134], old=null
2019-09-25 08:24:04,875 [grpc-default-executor-23] WARN  server.GrpcServerProtocolService (LogUtils.java:warn(136)) - 3480664e-e083-4e16-97f4-fa54a8a0d12d: Failed requestVote 2fc70531-54f8-4344-a6a1-710636979233->3480664e-e083-4e16-97f4-fa54a8a0d12d#0
org.apache.ratis.protocol.GroupMismatchException: 3480664e-e083-4e16-97f4-fa54a8a0d12d: group-01C76DF8876D not found.
	at org.apache.ratis.server.impl.RaftServerProxy$ImplMap.get(RaftServerProxy.java:122)
	at org.apache.ratis.server.impl.RaftServerProxy.getImplFuture(RaftServerProxy.java:269)
	at org.apache.ratis.server.impl.RaftServerProxy.getImpl(RaftServerProxy.java:278)
	at org.apache.ratis.server.impl.RaftServerProxy.getImpl(RaftServerProxy.java:273)
	at org.apache.ratis.server.impl.RaftServerProxy.requestVote(RaftServerProxy.java:443)
	at org.apache.ratis.grpc.server.GrpcServerProtocolService.requestVote(GrpcServerProtocolService.java:142)
	at org.apache.ratis.proto.grpc.RaftServerProtocolServiceGrpc$MethodHandlers.invoke(RaftServerProtocolServiceGrpc.java:319)
	at org.apache.ratis.thirdparty.io.grpc.stub.ServerCalls$UnaryServerCallHandler$UnaryServerCallListener.onHalfClose(ServerCalls.java:171)
	at org.apache.ratis.thirdparty.io.grpc.internal.ServerCallImpl$ServerStreamListenerImpl.halfClosed(ServerCallImpl.java:283)
	at org.apache.ratis.thirdparty.io.grpc.internal.ServerImpl$JumpToApplicationThreadServerStreamListener$1HalfClosed.runInContext(ServerImpl.java:710)
	at org.apache.ratis.thirdparty.io.grpc.internal.ContextRunnable.run(ContextRunnable.java:37)
	at org.apache.ratis.thirdparty.io.grpc.internal.SerializingExecutor.run(SerializingExecutor.java:123)
	at java.util.concurrent.ThreadPoolExecutor.runWorker(ThreadPoolExecutor.java:1149)
	at java.util.concurrent.ThreadPoolExecutor$Worker.run(ThreadPoolExecutor.java:624)
	at java.lang.Thread.run(Thread.java:748)
2019-09-25 08:24:04,878 [grpc-default-executor-5] WARN  server.GrpcServerProtocolService (LogUtils.java:warn(136)) - 3480664e-e083-4e16-97f4-fa54a8a0d12d: Failed requestVote 5b0dbadb-21f4-40db-895f-4946533ce0da->3480664e-e083-4e16-97f4-fa54a8a0d12d#0
org.apache.ratis.protocol.GroupMismatchException: 3480664e-e083-4e16-97f4-fa54a8a0d12d: group-8168C372A2DA not found.
	at org.apache.ratis.server.impl.RaftServerProxy$ImplMap.get(RaftServerProxy.java:122)
	at org.apache.ratis.server.impl.RaftServerProxy.getImplFuture(RaftServerProxy.java:269)
	at org.apache.ratis.server.impl.RaftServerProxy.getImpl(RaftServerProxy.java:278)
	at org.apache.ratis.server.impl.RaftServerProxy.getImpl(RaftServerProxy.java:273)
	at org.apache.ratis.server.impl.RaftServerProxy.requestVote(RaftServerProxy.java:443)
	at org.apache.ratis.grpc.server.GrpcServerProtocolService.requestVote(GrpcServerProtocolService.java:142)
	at org.apache.ratis.proto.grpc.RaftServerProtocolServiceGrpc$MethodHandlers.invoke(RaftServerProtocolServiceGrpc.java:319)
	at org.apache.ratis.thirdparty.io.grpc.stub.ServerCalls$UnaryServerCallHandler$UnaryServerCallListener.onHalfClose(ServerCalls.java:171)
	at org.apache.ratis.thirdparty.io.grpc.internal.ServerCallImpl$ServerStreamListenerImpl.halfClosed(ServerCallImpl.java:283)
	at org.apache.ratis.thirdparty.io.grpc.internal.ServerImpl$JumpToApplicationThreadServerStreamListener$1HalfClosed.runInContext(ServerImpl.java:710)
	at org.apache.ratis.thirdparty.io.grpc.internal.ContextRunnable.run(ContextRunnable.java:37)
	at org.apache.ratis.thirdparty.io.grpc.internal.SerializingExecutor.run(SerializingExecutor.java:123)
	at java.util.concurrent.ThreadPoolExecutor.runWorker(ThreadPoolExecutor.java:1149)
	at java.util.concurrent.ThreadPoolExecutor$Worker.run(ThreadPoolExecutor.java:624)
	at java.lang.Thread.run(Thread.java:748)
2019-09-25 08:24:04,878 [grpc-default-executor-0] WARN  server.GrpcServerProtocolService (LogUtils.java:warn(136)) - 3480664e-e083-4e16-97f4-fa54a8a0d12d: Failed requestVote 5b0dbadb-21f4-40db-895f-4946533ce0da->3480664e-e083-4e16-97f4-fa54a8a0d12d#0
org.apache.ratis.protocol.GroupMismatchException: 3480664e-e083-4e16-97f4-fa54a8a0d12d: group-01C76DF8876D not found.
	at org.apache.ratis.server.impl.RaftServerProxy$ImplMap.get(RaftServerProxy.java:122)
	at org.apache.ratis.server.impl.RaftServerProxy.getImplFuture(RaftServerProxy.java:269)
	at org.apache.ratis.server.impl.RaftServerProxy.getImpl(RaftServerProxy.java:278)
	at org.apache.ratis.server.impl.RaftServerProxy.getImpl(RaftServerProxy.java:273)
	at org.apache.ratis.server.impl.RaftServerProxy.requestVote(RaftServerProxy.java:443)
	at org.apache.ratis.grpc.server.GrpcServerProtocolService.requestVote(GrpcServerProtocolService.java:142)
	at org.apache.ratis.proto.grpc.RaftServerProtocolServiceGrpc$MethodHandlers.invoke(RaftServerProtocolServiceGrpc.java:319)
	at org.apache.ratis.thirdparty.io.grpc.stub.ServerCalls$UnaryServerCallHandler$UnaryServerCallListener.onHalfClose(ServerCalls.java:171)
	at org.apache.ratis.thirdparty.io.grpc.internal.ServerCallImpl$ServerStreamListenerImpl.halfClosed(ServerCallImpl.java:283)
	at org.apache.ratis.thirdparty.io.grpc.internal.ServerImpl$JumpToApplicationThreadServerStreamListener$1HalfClosed.runInContext(ServerImpl.java:710)
	at org.apache.ratis.thirdparty.io.grpc.internal.ContextRunnable.run(ContextRunnable.java:37)
	at org.apache.ratis.thirdparty.io.grpc.internal.SerializingExecutor.run(SerializingExecutor.java:123)
	at java.util.concurrent.ThreadPoolExecutor.runWorker(ThreadPoolExecutor.java:1149)
	at java.util.concurrent.ThreadPoolExecutor$Worker.run(ThreadPoolExecutor.java:624)
	at java.lang.Thread.run(Thread.java:748)
2019-09-25 08:24:04,880 [grpc-default-executor-21] WARN  server.GrpcServerProtocolService (LogUtils.java:warn(136)) - 3480664e-e083-4e16-97f4-fa54a8a0d12d: Failed requestVote 5b0dbadb-21f4-40db-895f-4946533ce0da->3480664e-e083-4e16-97f4-fa54a8a0d12d#0
org.apache.ratis.protocol.GroupMismatchException: 3480664e-e083-4e16-97f4-fa54a8a0d12d: group-84731DF171BE not found.
	at org.apache.ratis.server.impl.RaftServerProxy$ImplMap.get(RaftServerProxy.java:122)
	at org.apache.ratis.server.impl.RaftServerProxy.getImplFuture(RaftServerProxy.java:269)
	at org.apache.ratis.server.impl.RaftServerProxy.getImpl(RaftServerProxy.java:278)
	at org.apache.ratis.server.impl.RaftServerProxy.getImpl(RaftServerProxy.java:273)
	at org.apache.ratis.server.impl.RaftServerProxy.requestVote(RaftServerProxy.java:443)
	at org.apache.ratis.grpc.server.GrpcServerProtocolService.requestVote(GrpcServerProtocolService.java:142)
	at org.apache.ratis.proto.grpc.RaftServerProtocolServiceGrpc$MethodHandlers.invoke(RaftServerProtocolServiceGrpc.java:319)
	at org.apache.ratis.thirdparty.io.grpc.stub.ServerCalls$UnaryServerCallHandler$UnaryServerCallListener.onHalfClose(ServerCalls.java:171)
	at org.apache.ratis.thirdparty.io.grpc.internal.ServerCallImpl$ServerStreamListenerImpl.halfClosed(ServerCallImpl.java:283)
	at org.apache.ratis.thirdparty.io.grpc.internal.ServerImpl$JumpToApplicationThreadServerStreamListener$1HalfClosed.runInContext(ServerImpl.java:710)
	at org.apache.ratis.thirdparty.io.grpc.internal.ContextRunnable.run(ContextRunnable.java:37)
	at org.apache.ratis.thirdparty.io.grpc.internal.SerializingExecutor.run(SerializingExecutor.java:123)
	at java.util.concurrent.ThreadPoolExecutor.runWorker(ThreadPoolExecutor.java:1149)
	at java.util.concurrent.ThreadPoolExecutor$Worker.run(ThreadPoolExecutor.java:624)
	at java.lang.Thread.run(Thread.java:748)
2019-09-25 08:24:04,883 [grpc-default-executor-10] WARN  server.GrpcServerProtocolService (LogUtils.java:warn(136)) - 3480664e-e083-4e16-97f4-fa54a8a0d12d: Failed requestVote 2fc70531-54f8-4344-a6a1-710636979233->3480664e-e083-4e16-97f4-fa54a8a0d12d#0
org.apache.ratis.protocol.GroupMismatchException: 3480664e-e083-4e16-97f4-fa54a8a0d12d: group-84731DF171BE not found.
	at org.apache.ratis.server.impl.RaftServerProxy$ImplMap.get(RaftServerProxy.java:122)
	at org.apache.ratis.server.impl.RaftServerProxy.getImplFuture(RaftServerProxy.java:269)
	at org.apache.ratis.server.impl.RaftServerProxy.getImpl(RaftServerProxy.java:278)
	at org.apache.ratis.server.impl.RaftServerProxy.getImpl(RaftServerProxy.java:273)
	at org.apache.ratis.server.impl.RaftServerProxy.requestVote(RaftServerProxy.java:443)
	at org.apache.ratis.grpc.server.GrpcServerProtocolService.requestVote(GrpcServerProtocolService.java:142)
	at org.apache.ratis.proto.grpc.RaftServerProtocolServiceGrpc$MethodHandlers.invoke(RaftServerProtocolServiceGrpc.java:319)
	at org.apache.ratis.thirdparty.io.grpc.stub.ServerCalls$UnaryServerCallHandler$UnaryServerCallListener.onHalfClose(ServerCalls.java:171)
	at org.apache.ratis.thirdparty.io.grpc.internal.ServerCallImpl$ServerStreamListenerImpl.halfClosed(ServerCallImpl.java:283)
	at org.apache.ratis.thirdparty.io.grpc.internal.ServerImpl$JumpToApplicationThreadServerStreamListener$1HalfClosed.runInContext(ServerImpl.java:710)
	at org.apache.ratis.thirdparty.io.grpc.internal.ContextRunnable.run(ContextRunnable.java:37)
	at org.apache.ratis.thirdparty.io.grpc.internal.SerializingExecutor.run(SerializingExecutor.java:123)
	at java.util.concurrent.ThreadPoolExecutor.runWorker(ThreadPoolExecutor.java:1149)
	at java.util.concurrent.ThreadPoolExecutor$Worker.run(ThreadPoolExecutor.java:624)
	at java.lang.Thread.run(Thread.java:748)
2019-09-25 08:24:04,883 [grpc-default-executor-3] WARN  server.GrpcServerProtocolService (LogUtils.java:warn(136)) - 3480664e-e083-4e16-97f4-fa54a8a0d12d: Failed requestVote 2fc70531-54f8-4344-a6a1-710636979233->3480664e-e083-4e16-97f4-fa54a8a0d12d#0
org.apache.ratis.protocol.GroupMismatchException: 3480664e-e083-4e16-97f4-fa54a8a0d12d: group-8168C372A2DA not found.
	at org.apache.ratis.server.impl.RaftServerProxy$ImplMap.get(RaftServerProxy.java:122)
	at org.apache.ratis.server.impl.RaftServerProxy.getImplFuture(RaftServerProxy.java:269)
	at org.apache.ratis.server.impl.RaftServerProxy.getImpl(RaftServerProxy.java:278)
	at org.apache.ratis.server.impl.RaftServerProxy.getImpl(RaftServerProxy.java:273)
	at org.apache.ratis.server.impl.RaftServerProxy.requestVote(RaftServerProxy.java:443)
	at org.apache.ratis.grpc.server.GrpcServerProtocolService.requestVote(GrpcServerProtocolService.java:142)
	at org.apache.ratis.proto.grpc.RaftServerProtocolServiceGrpc$MethodHandlers.invoke(RaftServerProtocolServiceGrpc.java:319)
	at org.apache.ratis.thirdparty.io.grpc.stub.ServerCalls$UnaryServerCallHandler$UnaryServerCallListener.onHalfClose(ServerCalls.java:171)
	at org.apache.ratis.thirdparty.io.grpc.internal.ServerCallImpl$ServerStreamListenerImpl.halfClosed(ServerCallImpl.java:283)
	at org.apache.ratis.thirdparty.io.grpc.internal.ServerImpl$JumpToApplicationThreadServerStreamListener$1HalfClosed.runInContext(ServerImpl.java:710)
	at org.apache.ratis.thirdparty.io.grpc.internal.ContextRunnable.run(ContextRunnable.java:37)
	at org.apache.ratis.thirdparty.io.grpc.internal.SerializingExecutor.run(SerializingExecutor.java:123)
	at java.util.concurrent.ThreadPoolExecutor.runWorker(ThreadPoolExecutor.java:1149)
	at java.util.concurrent.ThreadPoolExecutor$Worker.run(ThreadPoolExecutor.java:624)
	at java.lang.Thread.run(Thread.java:748)
2019-09-25 08:24:04,883 [2fc70531-54f8-4344-a6a1-710636979233@group-01C76DF8876D:LeaderElection66] INFO  impl.LeaderElection (LogUtils.java:infoOrTrace(149)) - 2fc70531-54f8-4344-a6a1-710636979233@group-01C76DF8876D:LeaderElection66 got exception when requesting votes: {}
java.util.concurrent.ExecutionException: org.apache.ratis.thirdparty.io.grpc.StatusRuntimeException: INTERNAL: 3480664e-e083-4e16-97f4-fa54a8a0d12d: group-01C76DF8876D not found.
	at java.util.concurrent.FutureTask.report(FutureTask.java:122)
	at java.util.concurrent.FutureTask.get(FutureTask.java:192)
	at org.apache.ratis.server.impl.LeaderElection.waitForResults(LeaderElection.java:263)
	at org.apache.ratis.server.impl.LeaderElection.askForVotes(LeaderElection.java:201)
	at org.apache.ratis.server.impl.LeaderElection.run(LeaderElection.java:133)
	at java.lang.Thread.run(Thread.java:748)
Caused by: org.apache.ratis.thirdparty.io.grpc.StatusRuntimeException: INTERNAL: 3480664e-e083-4e16-97f4-fa54a8a0d12d: group-01C76DF8876D not found.
	at org.apache.ratis.thirdparty.io.grpc.stub.ClientCalls.toStatusRuntimeException(ClientCalls.java:233)
	at org.apache.ratis.thirdparty.io.grpc.stub.ClientCalls.getUnchecked(ClientCalls.java:214)
	at org.apache.ratis.thirdparty.io.grpc.stub.ClientCalls.blockingUnaryCall(ClientCalls.java:139)
	at org.apache.ratis.proto.grpc.RaftServerProtocolServiceGrpc$RaftServerProtocolServiceBlockingStub.requestVote(RaftServerProtocolServiceGrpc.java:265)
	at org.apache.ratis.grpc.server.GrpcServerProtocolClient.requestVote(GrpcServerProtocolClient.java:90)
	at org.apache.ratis.grpc.server.GrpcService.requestVote(GrpcService.java:204)
	at org.apache.ratis.server.impl.LeaderElection.lambda$submitRequests$1(LeaderElection.java:238)
	at java.util.concurrent.FutureTask.run(FutureTask.java:266)
	at java.util.concurrent.Executors$RunnableAdapter.call(Executors.java:511)
	at java.util.concurrent.FutureTask.run(FutureTask.java:266)
	at java.util.concurrent.ThreadPoolExecutor.runWorker(ThreadPoolExecutor.java:1149)
	at java.util.concurrent.ThreadPoolExecutor$Worker.run(ThreadPoolExecutor.java:624)
	... 1 more
2019-09-25 08:24:04,887 [5b0dbadb-21f4-40db-895f-4946533ce0da@group-8168C372A2DA:LeaderElection67] INFO  impl.LeaderElection (LogUtils.java:infoOrTrace(149)) - 5b0dbadb-21f4-40db-895f-4946533ce0da@group-8168C372A2DA:LeaderElection67 got exception when requesting votes: {}
java.util.concurrent.ExecutionException: org.apache.ratis.thirdparty.io.grpc.StatusRuntimeException: INTERNAL: 3480664e-e083-4e16-97f4-fa54a8a0d12d: group-8168C372A2DA not found.
	at java.util.concurrent.FutureTask.report(FutureTask.java:122)
	at java.util.concurrent.FutureTask.get(FutureTask.java:192)
	at org.apache.ratis.server.impl.LeaderElection.waitForResults(LeaderElection.java:263)
	at org.apache.ratis.server.impl.LeaderElection.askForVotes(LeaderElection.java:201)
	at org.apache.ratis.server.impl.LeaderElection.run(LeaderElection.java:133)
	at java.lang.Thread.run(Thread.java:748)
Caused by: org.apache.ratis.thirdparty.io.grpc.StatusRuntimeException: INTERNAL: 3480664e-e083-4e16-97f4-fa54a8a0d12d: group-8168C372A2DA not found.
	at org.apache.ratis.thirdparty.io.grpc.stub.ClientCalls.toStatusRuntimeException(ClientCalls.java:233)
	at org.apache.ratis.thirdparty.io.grpc.stub.ClientCalls.getUnchecked(ClientCalls.java:214)
	at org.apache.ratis.thirdparty.io.grpc.stub.ClientCalls.blockingUnaryCall(ClientCalls.java:139)
	at org.apache.ratis.proto.grpc.RaftServerProtocolServiceGrpc$RaftServerProtocolServiceBlockingStub.requestVote(RaftServerProtocolServiceGrpc.java:265)
	at org.apache.ratis.grpc.server.GrpcServerProtocolClient.requestVote(GrpcServerProtocolClient.java:90)
	at org.apache.ratis.grpc.server.GrpcService.requestVote(GrpcService.java:204)
	at org.apache.ratis.server.impl.LeaderElection.lambda$submitRequests$1(LeaderElection.java:238)
	at java.util.concurrent.FutureTask.run(FutureTask.java:266)
	at java.util.concurrent.Executors$RunnableAdapter.call(Executors.java:511)
	at java.util.concurrent.FutureTask.run(FutureTask.java:266)
	at java.util.concurrent.ThreadPoolExecutor.runWorker(ThreadPoolExecutor.java:1149)
	at java.util.concurrent.ThreadPoolExecutor$Worker.run(ThreadPoolExecutor.java:624)
	... 1 more
2019-09-25 08:24:04,886 [2fc70531-54f8-4344-a6a1-710636979233@group-EA354E46A7D3:LeaderElection60] INFO  impl.LeaderElection (LeaderElection.java:logAndReturn(56)) - 2fc70531-54f8-4344-a6a1-710636979233@group-EA354E46A7D3:LeaderElection60: Election REJECTED; received 2 response(s) [2fc70531-54f8-4344-a6a1-710636979233<-3480664e-e083-4e16-97f4-fa54a8a0d12d#0:FAIL-t6, 2fc70531-54f8-4344-a6a1-710636979233<-5b0dbadb-21f4-40db-895f-4946533ce0da#0:FAIL-t6] and 0 exception(s); 2fc70531-54f8-4344-a6a1-710636979233@group-EA354E46A7D3:t6, leader=null, voted=2fc70531-54f8-4344-a6a1-710636979233, raftlog=2fc70531-54f8-4344-a6a1-710636979233@group-EA354E46A7D3-SegmentedRaftLog:OPENED:c-1,f-1,i0, conf=-1: [2fc70531-54f8-4344-a6a1-710636979233:192.168.36.126:43168, 3480664e-e083-4e16-97f4-fa54a8a0d12d:192.168.36.126:37426, 5b0dbadb-21f4-40db-895f-4946533ce0da:192.168.36.126:43134], old=null
2019-09-25 08:24:04,886 [3480664e-e083-4e16-97f4-fa54a8a0d12d@group-EA354E46A7D3:LeaderElection61] INFO  impl.LeaderElection (LeaderElection.java:logAndReturn(56)) - 3480664e-e083-4e16-97f4-fa54a8a0d12d@group-EA354E46A7D3:LeaderElection61: Election REJECTED; received 2 response(s) [3480664e-e083-4e16-97f4-fa54a8a0d12d<-2fc70531-54f8-4344-a6a1-710636979233#0:FAIL-t6, 3480664e-e083-4e16-97f4-fa54a8a0d12d<-5b0dbadb-21f4-40db-895f-4946533ce0da#0:FAIL-t6] and 0 exception(s); 3480664e-e083-4e16-97f4-fa54a8a0d12d@group-EA354E46A7D3:t6, leader=null, voted=3480664e-e083-4e16-97f4-fa54a8a0d12d, raftlog=3480664e-e083-4e16-97f4-fa54a8a0d12d@group-EA354E46A7D3-SegmentedRaftLog:OPENED:c-1,f-1,i0, conf=-1: [2fc70531-54f8-4344-a6a1-710636979233:192.168.36.126:43168, 3480664e-e083-4e16-97f4-fa54a8a0d12d:192.168.36.126:37426, 5b0dbadb-21f4-40db-895f-4946533ce0da:192.168.36.126:43134], old=null
2019-09-25 08:24:04,883 [5b0dbadb-21f4-40db-895f-4946533ce0da@group-EA354E46A7D3:LeaderElection64] INFO  impl.LeaderElection (LeaderElection.java:logAndReturn(56)) - 5b0dbadb-21f4-40db-895f-4946533ce0da@group-EA354E46A7D3:LeaderElection64: Election REJECTED; received 2 response(s) [5b0dbadb-21f4-40db-895f-4946533ce0da<-2fc70531-54f8-4344-a6a1-710636979233#0:FAIL-t6, 5b0dbadb-21f4-40db-895f-4946533ce0da<-3480664e-e083-4e16-97f4-fa54a8a0d12d#0:FAIL-t6] and 0 exception(s); 5b0dbadb-21f4-40db-895f-4946533ce0da@group-EA354E46A7D3:t6, leader=null, voted=5b0dbadb-21f4-40db-895f-4946533ce0da, raftlog=5b0dbadb-21f4-40db-895f-4946533ce0da@group-EA354E46A7D3-SegmentedRaftLog:OPENED:c-1,f-1,i0, conf=-1: [2fc70531-54f8-4344-a6a1-710636979233:192.168.36.126:43168, 3480664e-e083-4e16-97f4-fa54a8a0d12d:192.168.36.126:37426, 5b0dbadb-21f4-40db-895f-4946533ce0da:192.168.36.126:43134], old=null
2019-09-25 08:24:04,890 [3480664e-e083-4e16-97f4-fa54a8a0d12d@group-EA354E46A7D3:LeaderElection61] INFO  impl.RaftServerImpl (RaftServerImpl.java:setRole(174)) - 3480664e-e083-4e16-97f4-fa54a8a0d12d@group-EA354E46A7D3: changes role from CANDIDATE to FOLLOWER at term 6 for DISCOVERED_A_NEW_TERM
2019-09-25 08:24:04,890 [2fc70531-54f8-4344-a6a1-710636979233@group-EA354E46A7D3:LeaderElection60] INFO  impl.RaftServerImpl (RaftServerImpl.java:setRole(174)) - 2fc70531-54f8-4344-a6a1-710636979233@group-EA354E46A7D3: changes role from CANDIDATE to FOLLOWER at term 6 for DISCOVERED_A_NEW_TERM
2019-09-25 08:24:04,889 [5b0dbadb-21f4-40db-895f-4946533ce0da@group-8168C372A2DA:LeaderElection67] INFO  impl.LeaderElection (LeaderElection.java:logAndReturn(56)) - 5b0dbadb-21f4-40db-895f-4946533ce0da@group-8168C372A2DA:LeaderElection67: Election REJECTED; received 1 response(s) [5b0dbadb-21f4-40db-895f-4946533ce0da<-2fc70531-54f8-4344-a6a1-710636979233#0:FAIL-t6] and 1 exception(s); 5b0dbadb-21f4-40db-895f-4946533ce0da@group-8168C372A2DA:t6, leader=null, voted=5b0dbadb-21f4-40db-895f-4946533ce0da, raftlog=5b0dbadb-21f4-40db-895f-4946533ce0da@group-8168C372A2DA-SegmentedRaftLog:OPENED:c-1,f-1,i0, conf=-1: [2fc70531-54f8-4344-a6a1-710636979233:192.168.36.126:43168, 3480664e-e083-4e16-97f4-fa54a8a0d12d:192.168.36.126:37426, 5b0dbadb-21f4-40db-895f-4946533ce0da:192.168.36.126:43134], old=null
2019-09-25 08:24:04,887 [2fc70531-54f8-4344-a6a1-710636979233@group-01C76DF8876D:LeaderElection66] INFO  impl.LeaderElection (LeaderElection.java:logAndReturn(56)) - 2fc70531-54f8-4344-a6a1-710636979233@group-01C76DF8876D:LeaderElection66: Election REJECTED; received 1 response(s) [2fc70531-54f8-4344-a6a1-710636979233<-5b0dbadb-21f4-40db-895f-4946533ce0da#0:FAIL-t6] and 1 exception(s); 2fc70531-54f8-4344-a6a1-710636979233@group-01C76DF8876D:t6, leader=null, voted=2fc70531-54f8-4344-a6a1-710636979233, raftlog=2fc70531-54f8-4344-a6a1-710636979233@group-01C76DF8876D-SegmentedRaftLog:OPENED:c-1,f-1,i0, conf=-1: [2fc70531-54f8-4344-a6a1-710636979233:192.168.36.126:43168, 3480664e-e083-4e16-97f4-fa54a8a0d12d:192.168.36.126:37426, 5b0dbadb-21f4-40db-895f-4946533ce0da:192.168.36.126:43134], old=null
2019-09-25 08:24:04,891 [5b0dbadb-21f4-40db-895f-4946533ce0da@group-8168C372A2DA:LeaderElection67] INFO  impl.LeaderElection (LogUtils.java:infoOrTrace(149)) -   Exception 0: {}
java.util.concurrent.ExecutionException: org.apache.ratis.thirdparty.io.grpc.StatusRuntimeException: INTERNAL: 3480664e-e083-4e16-97f4-fa54a8a0d12d: group-8168C372A2DA not found.
	at java.util.concurrent.FutureTask.report(FutureTask.java:122)
	at java.util.concurrent.FutureTask.get(FutureTask.java:192)
	at org.apache.ratis.server.impl.LeaderElection.waitForResults(LeaderElection.java:263)
	at org.apache.ratis.server.impl.LeaderElection.askForVotes(LeaderElection.java:201)
	at org.apache.ratis.server.impl.LeaderElection.run(LeaderElection.java:133)
	at java.lang.Thread.run(Thread.java:748)
Caused by: org.apache.ratis.thirdparty.io.grpc.StatusRuntimeException: INTERNAL: 3480664e-e083-4e16-97f4-fa54a8a0d12d: group-8168C372A2DA not found.
	at org.apache.ratis.thirdparty.io.grpc.stub.ClientCalls.toStatusRuntimeException(ClientCalls.java:233)
	at org.apache.ratis.thirdparty.io.grpc.stub.ClientCalls.getUnchecked(ClientCalls.java:214)
	at org.apache.ratis.thirdparty.io.grpc.stub.ClientCalls.blockingUnaryCall(ClientCalls.java:139)
	at org.apache.ratis.proto.grpc.RaftServerProtocolServiceGrpc$RaftServerProtocolServiceBlockingStub.requestVote(RaftServerProtocolServiceGrpc.java:265)
	at org.apache.ratis.grpc.server.GrpcServerProtocolClient.requestVote(GrpcServerProtocolClient.java:90)
	at org.apache.ratis.grpc.server.GrpcService.requestVote(GrpcService.java:204)
	at org.apache.ratis.server.impl.LeaderElection.lambda$submitRequests$1(LeaderElection.java:238)
	at java.util.concurrent.FutureTask.run(FutureTask.java:266)
	at java.util.concurrent.Executors$RunnableAdapter.call(Executors.java:511)
	at java.util.concurrent.FutureTask.run(FutureTask.java:266)
	at java.util.concurrent.ThreadPoolExecutor.runWorker(ThreadPoolExecutor.java:1149)
	at java.util.concurrent.ThreadPoolExecutor$Worker.run(ThreadPoolExecutor.java:624)
	... 1 more
2019-09-25 08:24:04,891 [2fc70531-54f8-4344-a6a1-710636979233@group-EA354E46A7D3:LeaderElection60] INFO  impl.RoleInfo (RoleInfo.java:shutdownLeaderElection(134)) - 2fc70531-54f8-4344-a6a1-710636979233: shutdown LeaderElection
2019-09-25 08:24:04,890 [3480664e-e083-4e16-97f4-fa54a8a0d12d@group-EA354E46A7D3:LeaderElection61] INFO  impl.RoleInfo (RoleInfo.java:shutdownLeaderElection(134)) - 3480664e-e083-4e16-97f4-fa54a8a0d12d: shutdown LeaderElection
2019-09-25 08:24:04,890 [5b0dbadb-21f4-40db-895f-4946533ce0da@group-01C76DF8876D:LeaderElection65] INFO  impl.LeaderElection (LogUtils.java:infoOrTrace(149)) - 5b0dbadb-21f4-40db-895f-4946533ce0da@group-01C76DF8876D:LeaderElection65 got exception when requesting votes: {}
java.util.concurrent.ExecutionException: org.apache.ratis.thirdparty.io.grpc.StatusRuntimeException: INTERNAL: 3480664e-e083-4e16-97f4-fa54a8a0d12d: group-01C76DF8876D not found.
	at java.util.concurrent.FutureTask.report(FutureTask.java:122)
	at java.util.concurrent.FutureTask.get(FutureTask.java:192)
	at org.apache.ratis.server.impl.LeaderElection.waitForResults(LeaderElection.java:263)
	at org.apache.ratis.server.impl.LeaderElection.askForVotes(LeaderElection.java:201)
	at org.apache.ratis.server.impl.LeaderElection.run(LeaderElection.java:133)
	at java.lang.Thread.run(Thread.java:748)
Caused by: org.apache.ratis.thirdparty.io.grpc.StatusRuntimeException: INTERNAL: 3480664e-e083-4e16-97f4-fa54a8a0d12d: group-01C76DF8876D not found.
	at org.apache.ratis.thirdparty.io.grpc.stub.ClientCalls.toStatusRuntimeException(ClientCalls.java:233)
	at org.apache.ratis.thirdparty.io.grpc.stub.ClientCalls.getUnchecked(ClientCalls.java:214)
	at org.apache.ratis.thirdparty.io.grpc.stub.ClientCalls.blockingUnaryCall(ClientCalls.java:139)
	at org.apache.ratis.proto.grpc.RaftServerProtocolServiceGrpc$RaftServerProtocolServiceBlockingStub.requestVote(RaftServerProtocolServiceGrpc.java:265)
	at org.apache.ratis.grpc.server.GrpcServerProtocolClient.requestVote(GrpcServerProtocolClient.java:90)
	at org.apache.ratis.grpc.server.GrpcService.requestVote(GrpcService.java:204)
	at org.apache.ratis.server.impl.LeaderElection.lambda$submitRequests$1(LeaderElection.java:238)
	at java.util.concurrent.FutureTask.run(FutureTask.java:266)
	at java.util.concurrent.Executors$RunnableAdapter.call(Executors.java:511)
	at java.util.concurrent.FutureTask.run(FutureTask.java:266)
	at java.util.concurrent.ThreadPoolExecutor.runWorker(ThreadPoolExecutor.java:1149)
	at java.util.concurrent.ThreadPoolExecutor$Worker.run(ThreadPoolExecutor.java:624)
	... 1 more
2019-09-25 08:24:04,890 [5b0dbadb-21f4-40db-895f-4946533ce0da@group-EA354E46A7D3:LeaderElection64] INFO  impl.RaftServerImpl (RaftServerImpl.java:setRole(174)) - 5b0dbadb-21f4-40db-895f-4946533ce0da@group-EA354E46A7D3: changes role from CANDIDATE to FOLLOWER at term 6 for DISCOVERED_A_NEW_TERM
2019-09-25 08:24:04,892 [3480664e-e083-4e16-97f4-fa54a8a0d12d@group-EA354E46A7D3:LeaderElection61] INFO  impl.RoleInfo (RoleInfo.java:updateAndGet(143)) - 3480664e-e083-4e16-97f4-fa54a8a0d12d: start FollowerState
2019-09-25 08:24:04,892 [2fc70531-54f8-4344-a6a1-710636979233@group-EA354E46A7D3:LeaderElection60] INFO  impl.RoleInfo (RoleInfo.java:updateAndGet(143)) - 2fc70531-54f8-4344-a6a1-710636979233: start FollowerState
2019-09-25 08:24:04,892 [5b0dbadb-21f4-40db-895f-4946533ce0da@group-8168C372A2DA:LeaderElection67] INFO  impl.RaftServerImpl (RaftServerImpl.java:setRole(174)) - 5b0dbadb-21f4-40db-895f-4946533ce0da@group-8168C372A2DA: changes role from CANDIDATE to FOLLOWER at term 6 for DISCOVERED_A_NEW_TERM
2019-09-25 08:24:04,891 [5b0dbadb-21f4-40db-895f-4946533ce0da@group-84731DF171BE:LeaderElection63] INFO  impl.LeaderElection (LogUtils.java:infoOrTrace(149)) - 5b0dbadb-21f4-40db-895f-4946533ce0da@group-84731DF171BE:LeaderElection63 got exception when requesting votes: {}
java.util.concurrent.ExecutionException: org.apache.ratis.thirdparty.io.grpc.StatusRuntimeException: INTERNAL: 3480664e-e083-4e16-97f4-fa54a8a0d12d: group-84731DF171BE not found.
	at java.util.concurrent.FutureTask.report(FutureTask.java:122)
	at java.util.concurrent.FutureTask.get(FutureTask.java:192)
	at org.apache.ratis.server.impl.LeaderElection.waitForResults(LeaderElection.java:263)
	at org.apache.ratis.server.impl.LeaderElection.askForVotes(LeaderElection.java:201)
	at org.apache.ratis.server.impl.LeaderElection.run(LeaderElection.java:133)
	at java.lang.Thread.run(Thread.java:748)
Caused by: org.apache.ratis.thirdparty.io.grpc.StatusRuntimeException: INTERNAL: 3480664e-e083-4e16-97f4-fa54a8a0d12d: group-84731DF171BE not found.
	at org.apache.ratis.thirdparty.io.grpc.stub.ClientCalls.toStatusRuntimeException(ClientCalls.java:233)
	at org.apache.ratis.thirdparty.io.grpc.stub.ClientCalls.getUnchecked(ClientCalls.java:214)
	at org.apache.ratis.thirdparty.io.grpc.stub.ClientCalls.blockingUnaryCall(ClientCalls.java:139)
	at org.apache.ratis.proto.grpc.RaftServerProtocolServiceGrpc$RaftServerProtocolServiceBlockingStub.requestVote(RaftServerProtocolServiceGrpc.java:265)
	at org.apache.ratis.grpc.server.GrpcServerProtocolClient.requestVote(GrpcServerProtocolClient.java:90)
	at org.apache.ratis.grpc.server.GrpcService.requestVote(GrpcService.java:204)
	at org.apache.ratis.server.impl.LeaderElection.lambda$submitRequests$1(LeaderElection.java:238)
	at java.util.concurrent.FutureTask.run(FutureTask.java:266)
	at java.util.concurrent.Executors$RunnableAdapter.call(Executors.java:511)
	at java.util.concurrent.FutureTask.run(FutureTask.java:266)
	at java.util.concurrent.ThreadPoolExecutor.runWorker(ThreadPoolExecutor.java:1149)
	at java.util.concurrent.ThreadPoolExecutor$Worker.run(ThreadPoolExecutor.java:624)
	... 1 more
2019-09-25 08:24:04,891 [2fc70531-54f8-4344-a6a1-710636979233@group-01C76DF8876D:LeaderElection66] INFO  impl.LeaderElection (LogUtils.java:infoOrTrace(149)) -   Exception 0: {}
java.util.concurrent.ExecutionException: org.apache.ratis.thirdparty.io.grpc.StatusRuntimeException: INTERNAL: 3480664e-e083-4e16-97f4-fa54a8a0d12d: group-01C76DF8876D not found.
	at java.util.concurrent.FutureTask.report(FutureTask.java:122)
	at java.util.concurrent.FutureTask.get(FutureTask.java:192)
	at org.apache.ratis.server.impl.LeaderElection.waitForResults(LeaderElection.java:263)
	at org.apache.ratis.server.impl.LeaderElection.askForVotes(LeaderElection.java:201)
	at org.apache.ratis.server.impl.LeaderElection.run(LeaderElection.java:133)
	at java.lang.Thread.run(Thread.java:748)
Caused by: org.apache.ratis.thirdparty.io.grpc.StatusRuntimeException: INTERNAL: 3480664e-e083-4e16-97f4-fa54a8a0d12d: group-01C76DF8876D not found.
	at org.apache.ratis.thirdparty.io.grpc.stub.ClientCalls.toStatusRuntimeException(ClientCalls.java:233)
	at org.apache.ratis.thirdparty.io.grpc.stub.ClientCalls.getUnchecked(ClientCalls.java:214)
	at org.apache.ratis.thirdparty.io.grpc.stub.ClientCalls.blockingUnaryCall(ClientCalls.java:139)
	at org.apache.ratis.proto.grpc.RaftServerProtocolServiceGrpc$RaftServerProtocolServiceBlockingStub.requestVote(RaftServerProtocolServiceGrpc.java:265)
	at org.apache.ratis.grpc.server.GrpcServerProtocolClient.requestVote(GrpcServerProtocolClient.java:90)
	at org.apache.ratis.grpc.server.GrpcService.requestVote(GrpcService.java:204)
	at org.apache.ratis.server.impl.LeaderElection.lambda$submitRequests$1(LeaderElection.java:238)
	at java.util.concurrent.FutureTask.run(FutureTask.java:266)
	at java.util.concurrent.Executors$RunnableAdapter.call(Executors.java:511)
	at java.util.concurrent.FutureTask.run(FutureTask.java:266)
	at java.util.concurrent.ThreadPoolExecutor.runWorker(ThreadPoolExecutor.java:1149)
	at java.util.concurrent.ThreadPoolExecutor$Worker.run(ThreadPoolExecutor.java:624)
	... 1 more
2019-09-25 08:24:04,906 [5b0dbadb-21f4-40db-895f-4946533ce0da@group-84731DF171BE:LeaderElection63] INFO  impl.LeaderElection (LeaderElection.java:logAndReturn(56)) - 5b0dbadb-21f4-40db-895f-4946533ce0da@group-84731DF171BE:LeaderElection63: Election REJECTED; received 1 response(s) [5b0dbadb-21f4-40db-895f-4946533ce0da<-2fc70531-54f8-4344-a6a1-710636979233#0:FAIL-t6] and 1 exception(s); 5b0dbadb-21f4-40db-895f-4946533ce0da@group-84731DF171BE:t6, leader=null, voted=5b0dbadb-21f4-40db-895f-4946533ce0da, raftlog=5b0dbadb-21f4-40db-895f-4946533ce0da@group-84731DF171BE-SegmentedRaftLog:OPENED:c-1,f-1,i0, conf=-1: [2fc70531-54f8-4344-a6a1-710636979233:192.168.36.126:43168, 3480664e-e083-4e16-97f4-fa54a8a0d12d:192.168.36.126:37426, 5b0dbadb-21f4-40db-895f-4946533ce0da:192.168.36.126:43134], old=null
2019-09-25 08:24:04,905 [2fc70531-54f8-4344-a6a1-710636979233@group-84731DF171BE:LeaderElection62] INFO  impl.LeaderElection (LogUtils.java:infoOrTrace(149)) - 2fc70531-54f8-4344-a6a1-710636979233@group-84731DF171BE:LeaderElection62 got exception when requesting votes: {}
java.util.concurrent.ExecutionException: org.apache.ratis.thirdparty.io.grpc.StatusRuntimeException: INTERNAL: 3480664e-e083-4e16-97f4-fa54a8a0d12d: group-84731DF171BE not found.
	at java.util.concurrent.FutureTask.report(FutureTask.java:122)
	at java.util.concurrent.FutureTask.get(FutureTask.java:192)
	at org.apache.ratis.server.impl.LeaderElection.waitForResults(LeaderElection.java:263)
	at org.apache.ratis.server.impl.LeaderElection.askForVotes(LeaderElection.java:201)
	at org.apache.ratis.server.impl.LeaderElection.run(LeaderElection.java:133)
	at java.lang.Thread.run(Thread.java:748)
Caused by: org.apache.ratis.thirdparty.io.grpc.StatusRuntimeException: INTERNAL: 3480664e-e083-4e16-97f4-fa54a8a0d12d: group-84731DF171BE not found.
	at org.apache.ratis.thirdparty.io.grpc.stub.ClientCalls.toStatusRuntimeException(ClientCalls.java:233)
	at org.apache.ratis.thirdparty.io.grpc.stub.ClientCalls.getUnchecked(ClientCalls.java:214)
	at org.apache.ratis.thirdparty.io.grpc.stub.ClientCalls.blockingUnaryCall(ClientCalls.java:139)
	at org.apache.ratis.proto.grpc.RaftServerProtocolServiceGrpc$RaftServerProtocolServiceBlockingStub.requestVote(RaftServerProtocolServiceGrpc.java:265)
	at org.apache.ratis.grpc.server.GrpcServerProtocolClient.requestVote(GrpcServerProtocolClient.java:90)
	at org.apache.ratis.grpc.server.GrpcService.requestVote(GrpcService.java:204)
	at org.apache.ratis.server.impl.LeaderElection.lambda$submitRequests$1(LeaderElection.java:238)
	at java.util.concurrent.FutureTask.run(FutureTask.java:266)
	at java.util.concurrent.Executors$RunnableAdapter.call(Executors.java:511)
	at java.util.concurrent.FutureTask.run(FutureTask.java:266)
	at java.util.concurrent.ThreadPoolExecutor.runWorker(ThreadPoolExecutor.java:1149)
	at java.util.concurrent.ThreadPoolExecutor$Worker.run(ThreadPoolExecutor.java:624)
	... 1 more
2019-09-25 08:24:04,905 [5b0dbadb-21f4-40db-895f-4946533ce0da@group-8168C372A2DA:LeaderElection67] INFO  impl.RoleInfo (RoleInfo.java:shutdownLeaderElection(134)) - 5b0dbadb-21f4-40db-895f-4946533ce0da: shutdown LeaderElection
2019-09-25 08:24:04,905 [5b0dbadb-21f4-40db-895f-4946533ce0da@group-EA354E46A7D3:LeaderElection64] INFO  impl.RoleInfo (RoleInfo.java:shutdownLeaderElection(134)) - 5b0dbadb-21f4-40db-895f-4946533ce0da: shutdown LeaderElection
2019-09-25 08:24:04,905 [5b0dbadb-21f4-40db-895f-4946533ce0da@group-01C76DF8876D:LeaderElection65] INFO  impl.LeaderElection (LeaderElection.java:logAndReturn(56)) - 5b0dbadb-21f4-40db-895f-4946533ce0da@group-01C76DF8876D:LeaderElection65: Election REJECTED; received 1 response(s) [5b0dbadb-21f4-40db-895f-4946533ce0da<-2fc70531-54f8-4344-a6a1-710636979233#0:FAIL-t6] and 1 exception(s); 5b0dbadb-21f4-40db-895f-4946533ce0da@group-01C76DF8876D:t6, leader=null, voted=5b0dbadb-21f4-40db-895f-4946533ce0da, raftlog=5b0dbadb-21f4-40db-895f-4946533ce0da@group-01C76DF8876D-SegmentedRaftLog:OPENED:c-1,f-1,i0, conf=-1: [2fc70531-54f8-4344-a6a1-710636979233:192.168.36.126:43168, 3480664e-e083-4e16-97f4-fa54a8a0d12d:192.168.36.126:37426, 5b0dbadb-21f4-40db-895f-4946533ce0da:192.168.36.126:43134], old=null
2019-09-25 08:24:04,912 [5b0dbadb-21f4-40db-895f-4946533ce0da@group-EA354E46A7D3:LeaderElection64] INFO  impl.RoleInfo (RoleInfo.java:updateAndGet(143)) - 5b0dbadb-21f4-40db-895f-4946533ce0da: start FollowerState
2019-09-25 08:24:04,912 [5b0dbadb-21f4-40db-895f-4946533ce0da@group-8168C372A2DA:LeaderElection67] INFO  impl.RoleInfo (RoleInfo.java:updateAndGet(143)) - 5b0dbadb-21f4-40db-895f-4946533ce0da: start FollowerState
2019-09-25 08:24:04,912 [2fc70531-54f8-4344-a6a1-710636979233@group-84731DF171BE:LeaderElection62] INFO  impl.LeaderElection (LeaderElection.java:logAndReturn(56)) - 2fc70531-54f8-4344-a6a1-710636979233@group-84731DF171BE:LeaderElection62: Election REJECTED; received 1 response(s) [2fc70531-54f8-4344-a6a1-710636979233<-5b0dbadb-21f4-40db-895f-4946533ce0da#0:FAIL-t6] and 1 exception(s); 2fc70531-54f8-4344-a6a1-710636979233@group-84731DF171BE:t6, leader=null, voted=2fc70531-54f8-4344-a6a1-710636979233, raftlog=2fc70531-54f8-4344-a6a1-710636979233@group-84731DF171BE-SegmentedRaftLog:OPENED:c-1,f-1,i0, conf=-1: [2fc70531-54f8-4344-a6a1-710636979233:192.168.36.126:43168, 3480664e-e083-4e16-97f4-fa54a8a0d12d:192.168.36.126:37426, 5b0dbadb-21f4-40db-895f-4946533ce0da:192.168.36.126:43134], old=null
2019-09-25 08:24:04,908 [5b0dbadb-21f4-40db-895f-4946533ce0da@group-84731DF171BE:LeaderElection63] INFO  impl.LeaderElection (LogUtils.java:infoOrTrace(149)) -   Exception 0: {}
java.util.concurrent.ExecutionException: org.apache.ratis.thirdparty.io.grpc.StatusRuntimeException: INTERNAL: 3480664e-e083-4e16-97f4-fa54a8a0d12d: group-84731DF171BE not found.
	at java.util.concurrent.FutureTask.report(FutureTask.java:122)
	at java.util.concurrent.FutureTask.get(FutureTask.java:192)
	at org.apache.ratis.server.impl.LeaderElection.waitForResults(LeaderElection.java:263)
	at org.apache.ratis.server.impl.LeaderElection.askForVotes(LeaderElection.java:201)
	at org.apache.ratis.server.impl.LeaderElection.run(LeaderElection.java:133)
	at java.lang.Thread.run(Thread.java:748)
Caused by: org.apache.ratis.thirdparty.io.grpc.StatusRuntimeException: INTERNAL: 3480664e-e083-4e16-97f4-fa54a8a0d12d: group-84731DF171BE not found.
	at org.apache.ratis.thirdparty.io.grpc.stub.ClientCalls.toStatusRuntimeException(ClientCalls.java:233)
	at org.apache.ratis.thirdparty.io.grpc.stub.ClientCalls.getUnchecked(ClientCalls.java:214)
	at org.apache.ratis.thirdparty.io.grpc.stub.ClientCalls.blockingUnaryCall(ClientCalls.java:139)
	at org.apache.ratis.proto.grpc.RaftServerProtocolServiceGrpc$RaftServerProtocolServiceBlockingStub.requestVote(RaftServerProtocolServiceGrpc.java:265)
	at org.apache.ratis.grpc.server.GrpcServerProtocolClient.requestVote(GrpcServerProtocolClient.java:90)
	at org.apache.ratis.grpc.server.GrpcService.requestVote(GrpcService.java:204)
	at org.apache.ratis.server.impl.LeaderElection.lambda$submitRequests$1(LeaderElection.java:238)
	at java.util.concurrent.FutureTask.run(FutureTask.java:266)
	at java.util.concurrent.Executors$RunnableAdapter.call(Executors.java:511)
	at java.util.concurrent.FutureTask.run(FutureTask.java:266)
	at java.util.concurrent.ThreadPoolExecutor.runWorker(ThreadPoolExecutor.java:1149)
	at java.util.concurrent.ThreadPoolExecutor$Worker.run(ThreadPoolExecutor.java:624)
	... 1 more
2019-09-25 08:24:04,907 [2fc70531-54f8-4344-a6a1-710636979233@group-01C76DF8876D:LeaderElection66] INFO  impl.RaftServerImpl (RaftServerImpl.java:setRole(174)) - 2fc70531-54f8-4344-a6a1-710636979233@group-01C76DF8876D: changes role from CANDIDATE to FOLLOWER at term 6 for DISCOVERED_A_NEW_TERM
2019-09-25 08:24:04,907 [2fc70531-54f8-4344-a6a1-710636979233@group-8168C372A2DA:LeaderElection68] INFO  impl.LeaderElection (LogUtils.java:infoOrTrace(149)) - 2fc70531-54f8-4344-a6a1-710636979233@group-8168C372A2DA:LeaderElection68 got exception when requesting votes: {}
java.util.concurrent.ExecutionException: org.apache.ratis.thirdparty.io.grpc.StatusRuntimeException: INTERNAL: 3480664e-e083-4e16-97f4-fa54a8a0d12d: group-8168C372A2DA not found.
	at java.util.concurrent.FutureTask.report(FutureTask.java:122)
	at java.util.concurrent.FutureTask.get(FutureTask.java:192)
	at org.apache.ratis.server.impl.LeaderElection.waitForResults(LeaderElection.java:263)
	at org.apache.ratis.server.impl.LeaderElection.askForVotes(LeaderElection.java:201)
	at org.apache.ratis.server.impl.LeaderElection.run(LeaderElection.java:133)
	at java.lang.Thread.run(Thread.java:748)
Caused by: org.apache.ratis.thirdparty.io.grpc.StatusRuntimeException: INTERNAL: 3480664e-e083-4e16-97f4-fa54a8a0d12d: group-8168C372A2DA not found.
	at org.apache.ratis.thirdparty.io.grpc.stub.ClientCalls.toStatusRuntimeException(ClientCalls.java:233)
	at org.apache.ratis.thirdparty.io.grpc.stub.ClientCalls.getUnchecked(ClientCalls.java:214)
	at org.apache.ratis.thirdparty.io.grpc.stub.ClientCalls.blockingUnaryCall(ClientCalls.java:139)
	at org.apache.ratis.proto.grpc.RaftServerProtocolServiceGrpc$RaftServerProtocolServiceBlockingStub.requestVote(RaftServerProtocolServiceGrpc.java:265)
	at org.apache.ratis.grpc.server.GrpcServerProtocolClient.requestVote(GrpcServerProtocolClient.java:90)
	at org.apache.ratis.grpc.server.GrpcService.requestVote(GrpcService.java:204)
	at org.apache.ratis.server.impl.LeaderElection.lambda$submitRequests$1(LeaderElection.java:238)
	at java.util.concurrent.FutureTask.run(FutureTask.java:266)
	at java.util.concurrent.Executors$RunnableAdapter.call(Executors.java:511)
	at java.util.concurrent.FutureTask.run(FutureTask.java:266)
	at java.util.concurrent.ThreadPoolExecutor.runWorker(ThreadPoolExecutor.java:1149)
	at java.util.concurrent.ThreadPoolExecutor$Worker.run(ThreadPoolExecutor.java:624)
	... 1 more
2019-09-25 08:24:04,914 [2fc70531-54f8-4344-a6a1-710636979233@group-01C76DF8876D:LeaderElection66] INFO  impl.RoleInfo (RoleInfo.java:shutdownLeaderElection(134)) - 2fc70531-54f8-4344-a6a1-710636979233: shutdown LeaderElection
2019-09-25 08:24:04,913 [5b0dbadb-21f4-40db-895f-4946533ce0da@group-84731DF171BE:LeaderElection63] INFO  impl.RaftServerImpl (RaftServerImpl.java:setRole(174)) - 5b0dbadb-21f4-40db-895f-4946533ce0da@group-84731DF171BE: changes role from CANDIDATE to FOLLOWER at term 6 for DISCOVERED_A_NEW_TERM
2019-09-25 08:24:04,913 [2fc70531-54f8-4344-a6a1-710636979233@group-84731DF171BE:LeaderElection62] INFO  impl.LeaderElection (LogUtils.java:infoOrTrace(149)) -   Exception 0: {}
java.util.concurrent.ExecutionException: org.apache.ratis.thirdparty.io.grpc.StatusRuntimeException: INTERNAL: 3480664e-e083-4e16-97f4-fa54a8a0d12d: group-84731DF171BE not found.
	at java.util.concurrent.FutureTask.report(FutureTask.java:122)
	at java.util.concurrent.FutureTask.get(FutureTask.java:192)
	at org.apache.ratis.server.impl.LeaderElection.waitForResults(LeaderElection.java:263)
	at org.apache.ratis.server.impl.LeaderElection.askForVotes(LeaderElection.java:201)
	at org.apache.ratis.server.impl.LeaderElection.run(LeaderElection.java:133)
	at java.lang.Thread.run(Thread.java:748)
Caused by: org.apache.ratis.thirdparty.io.grpc.StatusRuntimeException: INTERNAL: 3480664e-e083-4e16-97f4-fa54a8a0d12d: group-84731DF171BE not found.
	at org.apache.ratis.thirdparty.io.grpc.stub.ClientCalls.toStatusRuntimeException(ClientCalls.java:233)
	at org.apache.ratis.thirdparty.io.grpc.stub.ClientCalls.getUnchecked(ClientCalls.java:214)
	at org.apache.ratis.thirdparty.io.grpc.stub.ClientCalls.blockingUnaryCall(ClientCalls.java:139)
	at org.apache.ratis.proto.grpc.RaftServerProtocolServiceGrpc$RaftServerProtocolServiceBlockingStub.requestVote(RaftServerProtocolServiceGrpc.java:265)
	at org.apache.ratis.grpc.server.GrpcServerProtocolClient.requestVote(GrpcServerProtocolClient.java:90)
	at org.apache.ratis.grpc.server.GrpcService.requestVote(GrpcService.java:204)
	at org.apache.ratis.server.impl.LeaderElection.lambda$submitRequests$1(LeaderElection.java:238)
	at java.util.concurrent.FutureTask.run(FutureTask.java:266)
	at java.util.concurrent.Executors$RunnableAdapter.call(Executors.java:511)
	at java.util.concurrent.FutureTask.run(FutureTask.java:266)
	at java.util.concurrent.ThreadPoolExecutor.runWorker(ThreadPoolExecutor.java:1149)
	at java.util.concurrent.ThreadPoolExecutor$Worker.run(ThreadPoolExecutor.java:624)
	... 1 more
2019-09-25 08:24:04,912 [5b0dbadb-21f4-40db-895f-4946533ce0da@group-01C76DF8876D:LeaderElection65] INFO  impl.LeaderElection (LogUtils.java:infoOrTrace(149)) -   Exception 0: {}
java.util.concurrent.ExecutionException: org.apache.ratis.thirdparty.io.grpc.StatusRuntimeException: INTERNAL: 3480664e-e083-4e16-97f4-fa54a8a0d12d: group-01C76DF8876D not found.
	at java.util.concurrent.FutureTask.report(FutureTask.java:122)
	at java.util.concurrent.FutureTask.get(FutureTask.java:192)
	at org.apache.ratis.server.impl.LeaderElection.waitForResults(LeaderElection.java:263)
	at org.apache.ratis.server.impl.LeaderElection.askForVotes(LeaderElection.java:201)
	at org.apache.ratis.server.impl.LeaderElection.run(LeaderElection.java:133)
	at java.lang.Thread.run(Thread.java:748)
Caused by: org.apache.ratis.thirdparty.io.grpc.StatusRuntimeException: INTERNAL: 3480664e-e083-4e16-97f4-fa54a8a0d12d: group-01C76DF8876D not found.
	at org.apache.ratis.thirdparty.io.grpc.stub.ClientCalls.toStatusRuntimeException(ClientCalls.java:233)
	at org.apache.ratis.thirdparty.io.grpc.stub.ClientCalls.getUnchecked(ClientCalls.java:214)
	at org.apache.ratis.thirdparty.io.grpc.stub.ClientCalls.blockingUnaryCall(ClientCalls.java:139)
	at org.apache.ratis.proto.grpc.RaftServerProtocolServiceGrpc$RaftServerProtocolServiceBlockingStub.requestVote(RaftServerProtocolServiceGrpc.java:265)
	at org.apache.ratis.grpc.server.GrpcServerProtocolClient.requestVote(GrpcServerProtocolClient.java:90)
	at org.apache.ratis.grpc.server.GrpcService.requestVote(GrpcService.java:204)
	at org.apache.ratis.server.impl.LeaderElection.lambda$submitRequests$1(LeaderElection.java:238)
	at java.util.concurrent.FutureTask.run(FutureTask.java:266)
	at java.util.concurrent.Executors$RunnableAdapter.call(Executors.java:511)
	at java.util.concurrent.FutureTask.run(FutureTask.java:266)
	at java.util.concurrent.ThreadPoolExecutor.runWorker(ThreadPoolExecutor.java:1149)
	at java.util.concurrent.ThreadPoolExecutor$Worker.run(ThreadPoolExecutor.java:624)
	... 1 more
2019-09-25 08:24:04,917 [2fc70531-54f8-4344-a6a1-710636979233@group-84731DF171BE:LeaderElection62] INFO  impl.RaftServerImpl (RaftServerImpl.java:setRole(174)) - 2fc70531-54f8-4344-a6a1-710636979233@group-84731DF171BE: changes role from CANDIDATE to FOLLOWER at term 6 for DISCOVERED_A_NEW_TERM
2019-09-25 08:24:04,917 [5b0dbadb-21f4-40db-895f-4946533ce0da@group-84731DF171BE:LeaderElection63] INFO  impl.RoleInfo (RoleInfo.java:shutdownLeaderElection(134)) - 5b0dbadb-21f4-40db-895f-4946533ce0da: shutdown LeaderElection
2019-09-25 08:24:04,916 [2fc70531-54f8-4344-a6a1-710636979233@group-01C76DF8876D:LeaderElection66] INFO  impl.RoleInfo (RoleInfo.java:updateAndGet(143)) - 2fc70531-54f8-4344-a6a1-710636979233: start FollowerState
2019-09-25 08:24:04,916 [2fc70531-54f8-4344-a6a1-710636979233@group-8168C372A2DA:LeaderElection68] INFO  impl.LeaderElection (LeaderElection.java:logAndReturn(56)) - 2fc70531-54f8-4344-a6a1-710636979233@group-8168C372A2DA:LeaderElection68: Election REJECTED; received 1 response(s) [2fc70531-54f8-4344-a6a1-710636979233<-5b0dbadb-21f4-40db-895f-4946533ce0da#0:FAIL-t6] and 1 exception(s); 2fc70531-54f8-4344-a6a1-710636979233@group-8168C372A2DA:t6, leader=null, voted=2fc70531-54f8-4344-a6a1-710636979233, raftlog=2fc70531-54f8-4344-a6a1-710636979233@group-8168C372A2DA-SegmentedRaftLog:OPENED:c-1,f-1,i0, conf=-1: [2fc70531-54f8-4344-a6a1-710636979233:192.168.36.126:43168, 3480664e-e083-4e16-97f4-fa54a8a0d12d:192.168.36.126:37426, 5b0dbadb-21f4-40db-895f-4946533ce0da:192.168.36.126:43134], old=null
2019-09-25 08:24:04,918 [5b0dbadb-21f4-40db-895f-4946533ce0da@group-84731DF171BE:LeaderElection63] INFO  impl.RoleInfo (RoleInfo.java:updateAndGet(143)) - 5b0dbadb-21f4-40db-895f-4946533ce0da: start FollowerState
2019-09-25 08:24:04,918 [2fc70531-54f8-4344-a6a1-710636979233@group-84731DF171BE:LeaderElection62] INFO  impl.RoleInfo (RoleInfo.java:shutdownLeaderElection(134)) - 2fc70531-54f8-4344-a6a1-710636979233: shutdown LeaderElection
2019-09-25 08:24:04,918 [5b0dbadb-21f4-40db-895f-4946533ce0da@group-01C76DF8876D:LeaderElection65] INFO  impl.RaftServerImpl (RaftServerImpl.java:setRole(174)) - 5b0dbadb-21f4-40db-895f-4946533ce0da@group-01C76DF8876D: changes role from CANDIDATE to FOLLOWER at term 6 for DISCOVERED_A_NEW_TERM
2019-09-25 08:24:04,919 [2fc70531-54f8-4344-a6a1-710636979233@group-84731DF171BE:LeaderElection62] INFO  impl.RoleInfo (RoleInfo.java:updateAndGet(143)) - 2fc70531-54f8-4344-a6a1-710636979233: start FollowerState
2019-09-25 08:24:04,918 [2fc70531-54f8-4344-a6a1-710636979233@group-8168C372A2DA:LeaderElection68] INFO  impl.LeaderElection (LogUtils.java:infoOrTrace(149)) -   Exception 0: {}
java.util.concurrent.ExecutionException: org.apache.ratis.thirdparty.io.grpc.StatusRuntimeException: INTERNAL: 3480664e-e083-4e16-97f4-fa54a8a0d12d: group-8168C372A2DA not found.
	at java.util.concurrent.FutureTask.report(FutureTask.java:122)
	at java.util.concurrent.FutureTask.get(FutureTask.java:192)
	at org.apache.ratis.server.impl.LeaderElection.waitForResults(LeaderElection.java:263)
	at org.apache.ratis.server.impl.LeaderElection.askForVotes(LeaderElection.java:201)
	at org.apache.ratis.server.impl.LeaderElection.run(LeaderElection.java:133)
	at java.lang.Thread.run(Thread.java:748)
Caused by: org.apache.ratis.thirdparty.io.grpc.StatusRuntimeException: INTERNAL: 3480664e-e083-4e16-97f4-fa54a8a0d12d: group-8168C372A2DA not found.
	at org.apache.ratis.thirdparty.io.grpc.stub.ClientCalls.toStatusRuntimeException(ClientCalls.java:233)
	at org.apache.ratis.thirdparty.io.grpc.stub.ClientCalls.getUnchecked(ClientCalls.java:214)
	at org.apache.ratis.thirdparty.io.grpc.stub.ClientCalls.blockingUnaryCall(ClientCalls.java:139)
	at org.apache.ratis.proto.grpc.RaftServerProtocolServiceGrpc$RaftServerProtocolServiceBlockingStub.requestVote(RaftServerProtocolServiceGrpc.java:265)
	at org.apache.ratis.grpc.server.GrpcServerProtocolClient.requestVote(GrpcServerProtocolClient.java:90)
	at org.apache.ratis.grpc.server.GrpcService.requestVote(GrpcService.java:204)
	at org.apache.ratis.server.impl.LeaderElection.lambda$submitRequests$1(LeaderElection.java:238)
	at java.util.concurrent.FutureTask.run(FutureTask.java:266)
	at java.util.concurrent.Executors$RunnableAdapter.call(Executors.java:511)
	at java.util.concurrent.FutureTask.run(FutureTask.java:266)
	at java.util.concurrent.ThreadPoolExecutor.runWorker(ThreadPoolExecutor.java:1149)
	at java.util.concurrent.ThreadPoolExecutor$Worker.run(ThreadPoolExecutor.java:624)
	... 1 more
2019-09-25 08:24:04,919 [5b0dbadb-21f4-40db-895f-4946533ce0da@group-01C76DF8876D:LeaderElection65] INFO  impl.RoleInfo (RoleInfo.java:shutdownLeaderElection(134)) - 5b0dbadb-21f4-40db-895f-4946533ce0da: shutdown LeaderElection
2019-09-25 08:24:04,920 [2fc70531-54f8-4344-a6a1-710636979233@group-8168C372A2DA:LeaderElection68] INFO  impl.RaftServerImpl (RaftServerImpl.java:setRole(174)) - 2fc70531-54f8-4344-a6a1-710636979233@group-8168C372A2DA: changes role from CANDIDATE to FOLLOWER at term 6 for DISCOVERED_A_NEW_TERM
2019-09-25 08:24:04,920 [5b0dbadb-21f4-40db-895f-4946533ce0da@group-01C76DF8876D:LeaderElection65] INFO  impl.RoleInfo (RoleInfo.java:updateAndGet(143)) - 5b0dbadb-21f4-40db-895f-4946533ce0da: start FollowerState
2019-09-25 08:24:04,920 [2fc70531-54f8-4344-a6a1-710636979233@group-8168C372A2DA:LeaderElection68] INFO  impl.RoleInfo (RoleInfo.java:shutdownLeaderElection(134)) - 2fc70531-54f8-4344-a6a1-710636979233: shutdown LeaderElection
2019-09-25 08:24:04,920 [2fc70531-54f8-4344-a6a1-710636979233@group-8168C372A2DA:LeaderElection68] INFO  impl.RoleInfo (RoleInfo.java:updateAndGet(143)) - 2fc70531-54f8-4344-a6a1-710636979233: start FollowerState
2019-09-25 08:24:09,926 [Thread-637] INFO  impl.FollowerState (FollowerState.java:run(106)) - 2fc70531-54f8-4344-a6a1-710636979233:group-01C76DF8876D changes to CANDIDATE, lastRpcTime:5009, electionTimeout:5007ms
2019-09-25 08:24:09,927 [Thread-637] INFO  impl.RoleInfo (RoleInfo.java:shutdownFollowerState(121)) - 2fc70531-54f8-4344-a6a1-710636979233: shutdown FollowerState
2019-09-25 08:24:09,927 [Thread-637] INFO  impl.RaftServerImpl (RaftServerImpl.java:setRole(174)) - 2fc70531-54f8-4344-a6a1-710636979233@group-01C76DF8876D: changes role from  FOLLOWER to CANDIDATE at term 6 for changeToCandidate
2019-09-25 08:24:09,928 [Thread-637] INFO  impl.RoleInfo (RoleInfo.java:updateAndGet(143)) - 2fc70531-54f8-4344-a6a1-710636979233: start LeaderElection
2019-09-25 08:24:10,003 [Thread-640] INFO  impl.FollowerState (FollowerState.java:run(106)) - 5b0dbadb-21f4-40db-895f-4946533ce0da:group-01C76DF8876D changes to CANDIDATE, lastRpcTime:5082, electionTimeout:5082ms
2019-09-25 08:24:10,003 [Thread-640] INFO  impl.RoleInfo (RoleInfo.java:shutdownFollowerState(121)) - 5b0dbadb-21f4-40db-895f-4946533ce0da: shutdown FollowerState
2019-09-25 08:24:10,003 [Thread-640] INFO  impl.RaftServerImpl (RaftServerImpl.java:setRole(174)) - 5b0dbadb-21f4-40db-895f-4946533ce0da@group-01C76DF8876D: changes role from  FOLLOWER to CANDIDATE at term 6 for changeToCandidate
2019-09-25 08:24:10,003 [Thread-640] INFO  impl.RoleInfo (RoleInfo.java:updateAndGet(143)) - 5b0dbadb-21f4-40db-895f-4946533ce0da: start LeaderElection
2019-09-25 08:24:10,004 [Thread-638] INFO  impl.FollowerState (FollowerState.java:run(106)) - 5b0dbadb-21f4-40db-895f-4946533ce0da:group-84731DF171BE changes to CANDIDATE, lastRpcTime:5086, electionTimeout:5085ms
2019-09-25 08:24:10,004 [Thread-638] INFO  impl.RoleInfo (RoleInfo.java:shutdownFollowerState(121)) - 5b0dbadb-21f4-40db-895f-4946533ce0da: shutdown FollowerState
2019-09-25 08:24:10,004 [Thread-638] INFO  impl.RaftServerImpl (RaftServerImpl.java:setRole(174)) - 5b0dbadb-21f4-40db-895f-4946533ce0da@group-84731DF171BE: changes role from  FOLLOWER to CANDIDATE at term 6 for changeToCandidate
2019-09-25 08:24:10,005 [Thread-638] INFO  impl.RoleInfo (RoleInfo.java:updateAndGet(143)) - 5b0dbadb-21f4-40db-895f-4946533ce0da: start LeaderElection
2019-09-25 08:24:10,009 [Thread-635] INFO  impl.FollowerState (FollowerState.java:run(106)) - 5b0dbadb-21f4-40db-895f-4946533ce0da:group-8168C372A2DA changes to CANDIDATE, lastRpcTime:5097, electionTimeout:5096ms
2019-09-25 08:24:10,009 [Thread-635] INFO  impl.RoleInfo (RoleInfo.java:shutdownFollowerState(121)) - 5b0dbadb-21f4-40db-895f-4946533ce0da: shutdown FollowerState
2019-09-25 08:24:10,009 [Thread-635] INFO  impl.RaftServerImpl (RaftServerImpl.java:setRole(174)) - 5b0dbadb-21f4-40db-895f-4946533ce0da@group-8168C372A2DA: changes role from  FOLLOWER to CANDIDATE at term 6 for changeToCandidate
2019-09-25 08:24:10,010 [Thread-635] INFO  impl.RoleInfo (RoleInfo.java:updateAndGet(143)) - 5b0dbadb-21f4-40db-895f-4946533ce0da: start LeaderElection
2019-09-25 08:24:10,019 [Thread-634] INFO  impl.FollowerState (FollowerState.java:run(106)) - 3480664e-e083-4e16-97f4-fa54a8a0d12d:group-EA354E46A7D3 changes to CANDIDATE, lastRpcTime:5127, electionTimeout:5114ms
2019-09-25 08:24:10,019 [Thread-634] INFO  impl.RoleInfo (RoleInfo.java:shutdownFollowerState(121)) - 3480664e-e083-4e16-97f4-fa54a8a0d12d: shutdown FollowerState
2019-09-25 08:24:10,020 [Thread-634] INFO  impl.RaftServerImpl (RaftServerImpl.java:setRole(174)) - 3480664e-e083-4e16-97f4-fa54a8a0d12d@group-EA354E46A7D3: changes role from  FOLLOWER to CANDIDATE at term 6 for changeToCandidate
2019-09-25 08:24:10,020 [Thread-634] INFO  impl.RoleInfo (RoleInfo.java:updateAndGet(143)) - 3480664e-e083-4e16-97f4-fa54a8a0d12d: start LeaderElection
2019-09-25 08:24:10,053 [Thread-633] INFO  impl.FollowerState (FollowerState.java:run(106)) - 2fc70531-54f8-4344-a6a1-710636979233:group-EA354E46A7D3 changes to CANDIDATE, lastRpcTime:5160, electionTimeout:5147ms
2019-09-25 08:24:10,053 [Thread-633] INFO  impl.RoleInfo (RoleInfo.java:shutdownFollowerState(121)) - 2fc70531-54f8-4344-a6a1-710636979233: shutdown FollowerState
2019-09-25 08:24:10,053 [Thread-633] INFO  impl.RaftServerImpl (RaftServerImpl.java:setRole(174)) - 2fc70531-54f8-4344-a6a1-710636979233@group-EA354E46A7D3: changes role from  FOLLOWER to CANDIDATE at term 6 for changeToCandidate
2019-09-25 08:24:10,053 [Thread-633] INFO  impl.RoleInfo (RoleInfo.java:updateAndGet(143)) - 2fc70531-54f8-4344-a6a1-710636979233: start LeaderElection
2019-09-25 08:24:10,067 [Thread-636] INFO  impl.FollowerState (FollowerState.java:run(106)) - 5b0dbadb-21f4-40db-895f-4946533ce0da:group-EA354E46A7D3 changes to CANDIDATE, lastRpcTime:5154, electionTimeout:5154ms
2019-09-25 08:24:10,067 [Thread-636] INFO  impl.RoleInfo (RoleInfo.java:shutdownFollowerState(121)) - 5b0dbadb-21f4-40db-895f-4946533ce0da: shutdown FollowerState
2019-09-25 08:24:10,067 [Thread-636] INFO  impl.RaftServerImpl (RaftServerImpl.java:setRole(174)) - 5b0dbadb-21f4-40db-895f-4946533ce0da@group-EA354E46A7D3: changes role from  FOLLOWER to CANDIDATE at term 6 for changeToCandidate
2019-09-25 08:24:10,067 [Thread-636] INFO  impl.RoleInfo (RoleInfo.java:updateAndGet(143)) - 5b0dbadb-21f4-40db-895f-4946533ce0da: start LeaderElection
2019-09-25 08:24:10,113 [Thread-639] INFO  impl.FollowerState (FollowerState.java:run(106)) - 2fc70531-54f8-4344-a6a1-710636979233:group-84731DF171BE changes to CANDIDATE, lastRpcTime:5193, electionTimeout:5193ms
2019-09-25 08:24:10,113 [Thread-639] INFO  impl.RoleInfo (RoleInfo.java:shutdownFollowerState(121)) - 2fc70531-54f8-4344-a6a1-710636979233: shutdown FollowerState
2019-09-25 08:24:10,113 [Thread-639] INFO  impl.RaftServerImpl (RaftServerImpl.java:setRole(174)) - 2fc70531-54f8-4344-a6a1-710636979233@group-84731DF171BE: changes role from  FOLLOWER to CANDIDATE at term 6 for changeToCandidate
2019-09-25 08:24:10,113 [Thread-639] INFO  impl.RoleInfo (RoleInfo.java:updateAndGet(143)) - 2fc70531-54f8-4344-a6a1-710636979233: start LeaderElection
2019-09-25 08:24:10,118 [Thread-641] INFO  impl.FollowerState (FollowerState.java:run(106)) - 2fc70531-54f8-4344-a6a1-710636979233:group-8168C372A2DA changes to CANDIDATE, lastRpcTime:5197, electionTimeout:5197ms
2019-09-25 08:24:10,118 [Thread-641] INFO  impl.RoleInfo (RoleInfo.java:shutdownFollowerState(121)) - 2fc70531-54f8-4344-a6a1-710636979233: shutdown FollowerState
2019-09-25 08:24:10,118 [Thread-641] INFO  impl.RaftServerImpl (RaftServerImpl.java:setRole(174)) - 2fc70531-54f8-4344-a6a1-710636979233@group-8168C372A2DA: changes role from  FOLLOWER to CANDIDATE at term 6 for changeToCandidate
2019-09-25 08:24:10,118 [Thread-641] INFO  impl.RoleInfo (RoleInfo.java:updateAndGet(143)) - 2fc70531-54f8-4344-a6a1-710636979233: start LeaderElection
2019-09-25 08:24:10,578 [5b0dbadb-21f4-40db-895f-4946533ce0da@group-EA354E46A7D3:LeaderElection75] INFO  impl.LeaderElection (LeaderElection.java:askForVotes(182)) - 5b0dbadb-21f4-40db-895f-4946533ce0da@group-EA354E46A7D3:LeaderElection75: begin an election at term 7 for -1: [2fc70531-54f8-4344-a6a1-710636979233:192.168.36.126:43168, 3480664e-e083-4e16-97f4-fa54a8a0d12d:192.168.36.126:37426, 5b0dbadb-21f4-40db-895f-4946533ce0da:192.168.36.126:43134], old=null
2019-09-25 08:24:10,578 [3480664e-e083-4e16-97f4-fa54a8a0d12d@group-EA354E46A7D3:LeaderElection73] INFO  impl.LeaderElection (LeaderElection.java:askForVotes(182)) - 3480664e-e083-4e16-97f4-fa54a8a0d12d@group-EA354E46A7D3:LeaderElection73: begin an election at term 7 for -1: [2fc70531-54f8-4344-a6a1-710636979233:192.168.36.126:43168, 3480664e-e083-4e16-97f4-fa54a8a0d12d:192.168.36.126:37426, 5b0dbadb-21f4-40db-895f-4946533ce0da:192.168.36.126:43134], old=null
2019-09-25 08:24:10,578 [2fc70531-54f8-4344-a6a1-710636979233@group-84731DF171BE:LeaderElection76] INFO  impl.LeaderElection (LeaderElection.java:askForVotes(182)) - 2fc70531-54f8-4344-a6a1-710636979233@group-84731DF171BE:LeaderElection76: begin an election at term 7 for -1: [2fc70531-54f8-4344-a6a1-710636979233:192.168.36.126:43168, 3480664e-e083-4e16-97f4-fa54a8a0d12d:192.168.36.126:37426, 5b0dbadb-21f4-40db-895f-4946533ce0da:192.168.36.126:43134], old=null
2019-09-25 08:24:10,578 [2fc70531-54f8-4344-a6a1-710636979233@group-8168C372A2DA:LeaderElection77] INFO  impl.LeaderElection (LeaderElection.java:askForVotes(182)) - 2fc70531-54f8-4344-a6a1-710636979233@group-8168C372A2DA:LeaderElection77: begin an election at term 7 for -1: [2fc70531-54f8-4344-a6a1-710636979233:192.168.36.126:43168, 3480664e-e083-4e16-97f4-fa54a8a0d12d:192.168.36.126:37426, 5b0dbadb-21f4-40db-895f-4946533ce0da:192.168.36.126:43134], old=null
2019-09-25 08:24:10,578 [5b0dbadb-21f4-40db-895f-4946533ce0da@group-84731DF171BE:LeaderElection71] INFO  impl.LeaderElection (LeaderElection.java:askForVotes(182)) - 5b0dbadb-21f4-40db-895f-4946533ce0da@group-84731DF171BE:LeaderElection71: begin an election at term 7 for -1: [2fc70531-54f8-4344-a6a1-710636979233:192.168.36.126:43168, 3480664e-e083-4e16-97f4-fa54a8a0d12d:192.168.36.126:37426, 5b0dbadb-21f4-40db-895f-4946533ce0da:192.168.36.126:43134], old=null
2019-09-25 08:24:10,578 [2fc70531-54f8-4344-a6a1-710636979233@group-01C76DF8876D:LeaderElection69] INFO  impl.LeaderElection (LeaderElection.java:askForVotes(182)) - 2fc70531-54f8-4344-a6a1-710636979233@group-01C76DF8876D:LeaderElection69: begin an election at term 7 for -1: [2fc70531-54f8-4344-a6a1-710636979233:192.168.36.126:43168, 3480664e-e083-4e16-97f4-fa54a8a0d12d:192.168.36.126:37426, 5b0dbadb-21f4-40db-895f-4946533ce0da:192.168.36.126:43134], old=null
2019-09-25 08:24:10,578 [2fc70531-54f8-4344-a6a1-710636979233@group-EA354E46A7D3:LeaderElection74] INFO  impl.LeaderElection (LeaderElection.java:askForVotes(182)) - 2fc70531-54f8-4344-a6a1-710636979233@group-EA354E46A7D3:LeaderElection74: begin an election at term 7 for -1: [2fc70531-54f8-4344-a6a1-710636979233:192.168.36.126:43168, 3480664e-e083-4e16-97f4-fa54a8a0d12d:192.168.36.126:37426, 5b0dbadb-21f4-40db-895f-4946533ce0da:192.168.36.126:43134], old=null
2019-09-25 08:24:10,578 [5b0dbadb-21f4-40db-895f-4946533ce0da@group-8168C372A2DA:LeaderElection72] INFO  impl.LeaderElection (LeaderElection.java:askForVotes(182)) - 5b0dbadb-21f4-40db-895f-4946533ce0da@group-8168C372A2DA:LeaderElection72: begin an election at term 7 for -1: [2fc70531-54f8-4344-a6a1-710636979233:192.168.36.126:43168, 3480664e-e083-4e16-97f4-fa54a8a0d12d:192.168.36.126:37426, 5b0dbadb-21f4-40db-895f-4946533ce0da:192.168.36.126:43134], old=null
2019-09-25 08:24:10,578 [5b0dbadb-21f4-40db-895f-4946533ce0da@group-01C76DF8876D:LeaderElection70] INFO  impl.LeaderElection (LeaderElection.java:askForVotes(182)) - 5b0dbadb-21f4-40db-895f-4946533ce0da@group-01C76DF8876D:LeaderElection70: begin an election at term 7 for -1: [2fc70531-54f8-4344-a6a1-710636979233:192.168.36.126:43168, 3480664e-e083-4e16-97f4-fa54a8a0d12d:192.168.36.126:37426, 5b0dbadb-21f4-40db-895f-4946533ce0da:192.168.36.126:43134], old=null
2019-09-25 08:24:10,589 [grpc-default-executor-10] WARN  server.GrpcServerProtocolService (LogUtils.java:warn(136)) - 3480664e-e083-4e16-97f4-fa54a8a0d12d: Failed requestVote 2fc70531-54f8-4344-a6a1-710636979233->3480664e-e083-4e16-97f4-fa54a8a0d12d#0
org.apache.ratis.protocol.GroupMismatchException: 3480664e-e083-4e16-97f4-fa54a8a0d12d: group-8168C372A2DA not found.
	at org.apache.ratis.server.impl.RaftServerProxy$ImplMap.get(RaftServerProxy.java:122)
	at org.apache.ratis.server.impl.RaftServerProxy.getImplFuture(RaftServerProxy.java:269)
	at org.apache.ratis.server.impl.RaftServerProxy.getImpl(RaftServerProxy.java:278)
	at org.apache.ratis.server.impl.RaftServerProxy.getImpl(RaftServerProxy.java:273)
	at org.apache.ratis.server.impl.RaftServerProxy.requestVote(RaftServerProxy.java:443)
	at org.apache.ratis.grpc.server.GrpcServerProtocolService.requestVote(GrpcServerProtocolService.java:142)
	at org.apache.ratis.proto.grpc.RaftServerProtocolServiceGrpc$MethodHandlers.invoke(RaftServerProtocolServiceGrpc.java:319)
	at org.apache.ratis.thirdparty.io.grpc.stub.ServerCalls$UnaryServerCallHandler$UnaryServerCallListener.onHalfClose(ServerCalls.java:171)
	at org.apache.ratis.thirdparty.io.grpc.internal.ServerCallImpl$ServerStreamListenerImpl.halfClosed(ServerCallImpl.java:283)
	at org.apache.ratis.thirdparty.io.grpc.internal.ServerImpl$JumpToApplicationThreadServerStreamListener$1HalfClosed.runInContext(ServerImpl.java:710)
	at org.apache.ratis.thirdparty.io.grpc.internal.ContextRunnable.run(ContextRunnable.java:37)
	at org.apache.ratis.thirdparty.io.grpc.internal.SerializingExecutor.run(SerializingExecutor.java:123)
	at java.util.concurrent.ThreadPoolExecutor.runWorker(ThreadPoolExecutor.java:1149)
	at java.util.concurrent.ThreadPoolExecutor$Worker.run(ThreadPoolExecutor.java:624)
	at java.lang.Thread.run(Thread.java:748)
2019-09-25 08:24:10,589 [grpc-default-executor-21] WARN  server.GrpcServerProtocolService (LogUtils.java:warn(136)) - 3480664e-e083-4e16-97f4-fa54a8a0d12d: Failed requestVote 2fc70531-54f8-4344-a6a1-710636979233->3480664e-e083-4e16-97f4-fa54a8a0d12d#0
org.apache.ratis.protocol.GroupMismatchException: 3480664e-e083-4e16-97f4-fa54a8a0d12d: group-01C76DF8876D not found.
	at org.apache.ratis.server.impl.RaftServerProxy$ImplMap.get(RaftServerProxy.java:122)
	at org.apache.ratis.server.impl.RaftServerProxy.getImplFuture(RaftServerProxy.java:269)
	at org.apache.ratis.server.impl.RaftServerProxy.getImpl(RaftServerProxy.java:278)
	at org.apache.ratis.server.impl.RaftServerProxy.getImpl(RaftServerProxy.java:273)
	at org.apache.ratis.server.impl.RaftServerProxy.requestVote(RaftServerProxy.java:443)
	at org.apache.ratis.grpc.server.GrpcServerProtocolService.requestVote(GrpcServerProtocolService.java:142)
	at org.apache.ratis.proto.grpc.RaftServerProtocolServiceGrpc$MethodHandlers.invoke(RaftServerProtocolServiceGrpc.java:319)
	at org.apache.ratis.thirdparty.io.grpc.stub.ServerCalls$UnaryServerCallHandler$UnaryServerCallListener.onHalfClose(ServerCalls.java:171)
	at org.apache.ratis.thirdparty.io.grpc.internal.ServerCallImpl$ServerStreamListenerImpl.halfClosed(ServerCallImpl.java:283)
	at org.apache.ratis.thirdparty.io.grpc.internal.ServerImpl$JumpToApplicationThreadServerStreamListener$1HalfClosed.runInContext(ServerImpl.java:710)
	at org.apache.ratis.thirdparty.io.grpc.internal.ContextRunnable.run(ContextRunnable.java:37)
	at org.apache.ratis.thirdparty.io.grpc.internal.SerializingExecutor.run(SerializingExecutor.java:123)
	at java.util.concurrent.ThreadPoolExecutor.runWorker(ThreadPoolExecutor.java:1149)
	at java.util.concurrent.ThreadPoolExecutor$Worker.run(ThreadPoolExecutor.java:624)
	at java.lang.Thread.run(Thread.java:748)
2019-09-25 08:24:10,591 [grpc-default-executor-3] WARN  server.GrpcServerProtocolService (LogUtils.java:warn(136)) - 3480664e-e083-4e16-97f4-fa54a8a0d12d: Failed requestVote 5b0dbadb-21f4-40db-895f-4946533ce0da->3480664e-e083-4e16-97f4-fa54a8a0d12d#0
org.apache.ratis.protocol.GroupMismatchException: 3480664e-e083-4e16-97f4-fa54a8a0d12d: group-01C76DF8876D not found.
	at org.apache.ratis.server.impl.RaftServerProxy$ImplMap.get(RaftServerProxy.java:122)
	at org.apache.ratis.server.impl.RaftServerProxy.getImplFuture(RaftServerProxy.java:269)
	at org.apache.ratis.server.impl.RaftServerProxy.getImpl(RaftServerProxy.java:278)
	at org.apache.ratis.server.impl.RaftServerProxy.getImpl(RaftServerProxy.java:273)
	at org.apache.ratis.server.impl.RaftServerProxy.requestVote(RaftServerProxy.java:443)
	at org.apache.ratis.grpc.server.GrpcServerProtocolService.requestVote(GrpcServerProtocolService.java:142)
	at org.apache.ratis.proto.grpc.RaftServerProtocolServiceGrpc$MethodHandlers.invoke(RaftServerProtocolServiceGrpc.java:319)
	at org.apache.ratis.thirdparty.io.grpc.stub.ServerCalls$UnaryServerCallHandler$UnaryServerCallListener.onHalfClose(ServerCalls.java:171)
	at org.apache.ratis.thirdparty.io.grpc.internal.ServerCallImpl$ServerStreamListenerImpl.halfClosed(ServerCallImpl.java:283)
	at org.apache.ratis.thirdparty.io.grpc.internal.ServerImpl$JumpToApplicationThreadServerStreamListener$1HalfClosed.runInContext(ServerImpl.java:710)
	at org.apache.ratis.thirdparty.io.grpc.internal.ContextRunnable.run(ContextRunnable.java:37)
	at org.apache.ratis.thirdparty.io.grpc.internal.SerializingExecutor.run(SerializingExecutor.java:123)
	at java.util.concurrent.ThreadPoolExecutor.runWorker(ThreadPoolExecutor.java:1149)
	at java.util.concurrent.ThreadPoolExecutor$Worker.run(ThreadPoolExecutor.java:624)
	at java.lang.Thread.run(Thread.java:748)
2019-09-25 08:24:10,593 [grpc-default-executor-0] WARN  server.GrpcServerProtocolService (LogUtils.java:warn(136)) - 3480664e-e083-4e16-97f4-fa54a8a0d12d: Failed requestVote 2fc70531-54f8-4344-a6a1-710636979233->3480664e-e083-4e16-97f4-fa54a8a0d12d#0
org.apache.ratis.protocol.GroupMismatchException: 3480664e-e083-4e16-97f4-fa54a8a0d12d: group-84731DF171BE not found.
	at org.apache.ratis.server.impl.RaftServerProxy$ImplMap.get(RaftServerProxy.java:122)
	at org.apache.ratis.server.impl.RaftServerProxy.getImplFuture(RaftServerProxy.java:269)
	at org.apache.ratis.server.impl.RaftServerProxy.getImpl(RaftServerProxy.java:278)
	at org.apache.ratis.server.impl.RaftServerProxy.getImpl(RaftServerProxy.java:273)
	at org.apache.ratis.server.impl.RaftServerProxy.requestVote(RaftServerProxy.java:443)
	at org.apache.ratis.grpc.server.GrpcServerProtocolService.requestVote(GrpcServerProtocolService.java:142)
	at org.apache.ratis.proto.grpc.RaftServerProtocolServiceGrpc$MethodHandlers.invoke(RaftServerProtocolServiceGrpc.java:319)
	at org.apache.ratis.thirdparty.io.grpc.stub.ServerCalls$UnaryServerCallHandler$UnaryServerCallListener.onHalfClose(ServerCalls.java:171)
	at org.apache.ratis.thirdparty.io.grpc.internal.ServerCallImpl$ServerStreamListenerImpl.halfClosed(ServerCallImpl.java:283)
	at org.apache.ratis.thirdparty.io.grpc.internal.ServerImpl$JumpToApplicationThreadServerStreamListener$1HalfClosed.runInContext(ServerImpl.java:710)
	at org.apache.ratis.thirdparty.io.grpc.internal.ContextRunnable.run(ContextRunnable.java:37)
	at org.apache.ratis.thirdparty.io.grpc.internal.SerializingExecutor.run(SerializingExecutor.java:123)
	at java.util.concurrent.ThreadPoolExecutor.runWorker(ThreadPoolExecutor.java:1149)
	at java.util.concurrent.ThreadPoolExecutor$Worker.run(ThreadPoolExecutor.java:624)
	at java.lang.Thread.run(Thread.java:748)
2019-09-25 08:24:10,597 [2fc70531-54f8-4344-a6a1-710636979233@group-01C76DF8876D:LeaderElection69] INFO  impl.LeaderElection (LogUtils.java:infoOrTrace(149)) - 2fc70531-54f8-4344-a6a1-710636979233@group-01C76DF8876D:LeaderElection69 got exception when requesting votes: {}
java.util.concurrent.ExecutionException: org.apache.ratis.thirdparty.io.grpc.StatusRuntimeException: INTERNAL: 3480664e-e083-4e16-97f4-fa54a8a0d12d: group-01C76DF8876D not found.
	at java.util.concurrent.FutureTask.report(FutureTask.java:122)
	at java.util.concurrent.FutureTask.get(FutureTask.java:192)
	at org.apache.ratis.server.impl.LeaderElection.waitForResults(LeaderElection.java:263)
	at org.apache.ratis.server.impl.LeaderElection.askForVotes(LeaderElection.java:201)
	at org.apache.ratis.server.impl.LeaderElection.run(LeaderElection.java:133)
	at java.lang.Thread.run(Thread.java:748)
Caused by: org.apache.ratis.thirdparty.io.grpc.StatusRuntimeException: INTERNAL: 3480664e-e083-4e16-97f4-fa54a8a0d12d: group-01C76DF8876D not found.
	at org.apache.ratis.thirdparty.io.grpc.stub.ClientCalls.toStatusRuntimeException(ClientCalls.java:233)
	at org.apache.ratis.thirdparty.io.grpc.stub.ClientCalls.getUnchecked(ClientCalls.java:214)
	at org.apache.ratis.thirdparty.io.grpc.stub.ClientCalls.blockingUnaryCall(ClientCalls.java:139)
	at org.apache.ratis.proto.grpc.RaftServerProtocolServiceGrpc$RaftServerProtocolServiceBlockingStub.requestVote(RaftServerProtocolServiceGrpc.java:265)
	at org.apache.ratis.grpc.server.GrpcServerProtocolClient.requestVote(GrpcServerProtocolClient.java:90)
	at org.apache.ratis.grpc.server.GrpcService.requestVote(GrpcService.java:204)
	at org.apache.ratis.server.impl.LeaderElection.lambda$submitRequests$1(LeaderElection.java:238)
	at java.util.concurrent.FutureTask.run(FutureTask.java:266)
	at java.util.concurrent.Executors$RunnableAdapter.call(Executors.java:511)
	at java.util.concurrent.FutureTask.run(FutureTask.java:266)
	at java.util.concurrent.ThreadPoolExecutor.runWorker(ThreadPoolExecutor.java:1149)
	at java.util.concurrent.ThreadPoolExecutor$Worker.run(ThreadPoolExecutor.java:624)
	... 1 more
2019-09-25 08:24:10,598 [grpc-default-executor-10] WARN  server.GrpcServerProtocolService (LogUtils.java:warn(136)) - 3480664e-e083-4e16-97f4-fa54a8a0d12d: Failed requestVote 5b0dbadb-21f4-40db-895f-4946533ce0da->3480664e-e083-4e16-97f4-fa54a8a0d12d#0
org.apache.ratis.protocol.GroupMismatchException: 3480664e-e083-4e16-97f4-fa54a8a0d12d: group-84731DF171BE not found.
	at org.apache.ratis.server.impl.RaftServerProxy$ImplMap.get(RaftServerProxy.java:122)
	at org.apache.ratis.server.impl.RaftServerProxy.getImplFuture(RaftServerProxy.java:269)
	at org.apache.ratis.server.impl.RaftServerProxy.getImpl(RaftServerProxy.java:278)
	at org.apache.ratis.server.impl.RaftServerProxy.getImpl(RaftServerProxy.java:273)
	at org.apache.ratis.server.impl.RaftServerProxy.requestVote(RaftServerProxy.java:443)
	at org.apache.ratis.grpc.server.GrpcServerProtocolService.requestVote(GrpcServerProtocolService.java:142)
	at org.apache.ratis.proto.grpc.RaftServerProtocolServiceGrpc$MethodHandlers.invoke(RaftServerProtocolServiceGrpc.java:319)
	at org.apache.ratis.thirdparty.io.grpc.stub.ServerCalls$UnaryServerCallHandler$UnaryServerCallListener.onHalfClose(ServerCalls.java:171)
	at org.apache.ratis.thirdparty.io.grpc.internal.ServerCallImpl$ServerStreamListenerImpl.halfClosed(ServerCallImpl.java:283)
	at org.apache.ratis.thirdparty.io.grpc.internal.ServerImpl$JumpToApplicationThreadServerStreamListener$1HalfClosed.runInContext(ServerImpl.java:710)
	at org.apache.ratis.thirdparty.io.grpc.internal.ContextRunnable.run(ContextRunnable.java:37)
	at org.apache.ratis.thirdparty.io.grpc.internal.SerializingExecutor.run(SerializingExecutor.java:123)
	at java.util.concurrent.ThreadPoolExecutor.runWorker(ThreadPoolExecutor.java:1149)
	at java.util.concurrent.ThreadPoolExecutor$Worker.run(ThreadPoolExecutor.java:624)
	at java.lang.Thread.run(Thread.java:748)
2019-09-25 08:24:10,598 [grpc-default-executor-3] WARN  server.GrpcServerProtocolService (LogUtils.java:warn(136)) - 3480664e-e083-4e16-97f4-fa54a8a0d12d: Failed requestVote 5b0dbadb-21f4-40db-895f-4946533ce0da->3480664e-e083-4e16-97f4-fa54a8a0d12d#0
org.apache.ratis.protocol.GroupMismatchException: 3480664e-e083-4e16-97f4-fa54a8a0d12d: group-8168C372A2DA not found.
	at org.apache.ratis.server.impl.RaftServerProxy$ImplMap.get(RaftServerProxy.java:122)
	at org.apache.ratis.server.impl.RaftServerProxy.getImplFuture(RaftServerProxy.java:269)
	at org.apache.ratis.server.impl.RaftServerProxy.getImpl(RaftServerProxy.java:278)
	at org.apache.ratis.server.impl.RaftServerProxy.getImpl(RaftServerProxy.java:273)
	at org.apache.ratis.server.impl.RaftServerProxy.requestVote(RaftServerProxy.java:443)
	at org.apache.ratis.grpc.server.GrpcServerProtocolService.requestVote(GrpcServerProtocolService.java:142)
	at org.apache.ratis.proto.grpc.RaftServerProtocolServiceGrpc$MethodHandlers.invoke(RaftServerProtocolServiceGrpc.java:319)
	at org.apache.ratis.thirdparty.io.grpc.stub.ServerCalls$UnaryServerCallHandler$UnaryServerCallListener.onHalfClose(ServerCalls.java:171)
	at org.apache.ratis.thirdparty.io.grpc.internal.ServerCallImpl$ServerStreamListenerImpl.halfClosed(ServerCallImpl.java:283)
	at org.apache.ratis.thirdparty.io.grpc.internal.ServerImpl$JumpToApplicationThreadServerStreamListener$1HalfClosed.runInContext(ServerImpl.java:710)
	at org.apache.ratis.thirdparty.io.grpc.internal.ContextRunnable.run(ContextRunnable.java:37)
	at org.apache.ratis.thirdparty.io.grpc.internal.SerializingExecutor.run(SerializingExecutor.java:123)
	at java.util.concurrent.ThreadPoolExecutor.runWorker(ThreadPoolExecutor.java:1149)
	at java.util.concurrent.ThreadPoolExecutor$Worker.run(ThreadPoolExecutor.java:624)
	at java.lang.Thread.run(Thread.java:748)
2019-09-25 08:24:10,597 [5b0dbadb-21f4-40db-895f-4946533ce0da@group-01C76DF8876D:LeaderElection70] INFO  impl.LeaderElection (LogUtils.java:infoOrTrace(149)) - 5b0dbadb-21f4-40db-895f-4946533ce0da@group-01C76DF8876D:LeaderElection70 got exception when requesting votes: {}
java.util.concurrent.ExecutionException: org.apache.ratis.thirdparty.io.grpc.StatusRuntimeException: INTERNAL: 3480664e-e083-4e16-97f4-fa54a8a0d12d: group-01C76DF8876D not found.
	at java.util.concurrent.FutureTask.report(FutureTask.java:122)
	at java.util.concurrent.FutureTask.get(FutureTask.java:192)
	at org.apache.ratis.server.impl.LeaderElection.waitForResults(LeaderElection.java:263)
	at org.apache.ratis.server.impl.LeaderElection.askForVotes(LeaderElection.java:201)
	at org.apache.ratis.server.impl.LeaderElection.run(LeaderElection.java:133)
	at java.lang.Thread.run(Thread.java:748)
Caused by: org.apache.ratis.thirdparty.io.grpc.StatusRuntimeException: INTERNAL: 3480664e-e083-4e16-97f4-fa54a8a0d12d: group-01C76DF8876D not found.
	at org.apache.ratis.thirdparty.io.grpc.stub.ClientCalls.toStatusRuntimeException(ClientCalls.java:233)
	at org.apache.ratis.thirdparty.io.grpc.stub.ClientCalls.getUnchecked(ClientCalls.java:214)
	at org.apache.ratis.thirdparty.io.grpc.stub.ClientCalls.blockingUnaryCall(ClientCalls.java:139)
	at org.apache.ratis.proto.grpc.RaftServerProtocolServiceGrpc$RaftServerProtocolServiceBlockingStub.requestVote(RaftServerProtocolServiceGrpc.java:265)
	at org.apache.ratis.grpc.server.GrpcServerProtocolClient.requestVote(GrpcServerProtocolClient.java:90)
	at org.apache.ratis.grpc.server.GrpcService.requestVote(GrpcService.java:204)
	at org.apache.ratis.server.impl.LeaderElection.lambda$submitRequests$1(LeaderElection.java:238)
	at java.util.concurrent.FutureTask.run(FutureTask.java:266)
	at java.util.concurrent.Executors$RunnableAdapter.call(Executors.java:511)
	at java.util.concurrent.FutureTask.run(FutureTask.java:266)
	at java.util.concurrent.ThreadPoolExecutor.runWorker(ThreadPoolExecutor.java:1149)
	at java.util.concurrent.ThreadPoolExecutor$Worker.run(ThreadPoolExecutor.java:624)
	... 1 more
2019-09-25 08:24:10,602 [3480664e-e083-4e16-97f4-fa54a8a0d12d@group-EA354E46A7D3:LeaderElection73] INFO  impl.LeaderElection (LeaderElection.java:logAndReturn(56)) - 3480664e-e083-4e16-97f4-fa54a8a0d12d@group-EA354E46A7D3:LeaderElection73: Election REJECTED; received 2 response(s) [3480664e-e083-4e16-97f4-fa54a8a0d12d<-2fc70531-54f8-4344-a6a1-710636979233#0:FAIL-t7, 3480664e-e083-4e16-97f4-fa54a8a0d12d<-5b0dbadb-21f4-40db-895f-4946533ce0da#0:FAIL-t7] and 0 exception(s); 3480664e-e083-4e16-97f4-fa54a8a0d12d@group-EA354E46A7D3:t7, leader=null, voted=3480664e-e083-4e16-97f4-fa54a8a0d12d, raftlog=3480664e-e083-4e16-97f4-fa54a8a0d12d@group-EA354E46A7D3-SegmentedRaftLog:OPENED:c-1,f-1,i0, conf=-1: [2fc70531-54f8-4344-a6a1-710636979233:192.168.36.126:43168, 3480664e-e083-4e16-97f4-fa54a8a0d12d:192.168.36.126:37426, 5b0dbadb-21f4-40db-895f-4946533ce0da:192.168.36.126:43134], old=null
2019-09-25 08:24:10,606 [5b0dbadb-21f4-40db-895f-4946533ce0da@group-01C76DF8876D:LeaderElection70] INFO  impl.LeaderElection (LeaderElection.java:logAndReturn(56)) - 5b0dbadb-21f4-40db-895f-4946533ce0da@group-01C76DF8876D:LeaderElection70: Election REJECTED; received 1 response(s) [5b0dbadb-21f4-40db-895f-4946533ce0da<-2fc70531-54f8-4344-a6a1-710636979233#0:FAIL-t7] and 1 exception(s); 5b0dbadb-21f4-40db-895f-4946533ce0da@group-01C76DF8876D:t7, leader=null, voted=5b0dbadb-21f4-40db-895f-4946533ce0da, raftlog=5b0dbadb-21f4-40db-895f-4946533ce0da@group-01C76DF8876D-SegmentedRaftLog:OPENED:c-1,f-1,i0, conf=-1: [2fc70531-54f8-4344-a6a1-710636979233:192.168.36.126:43168, 3480664e-e083-4e16-97f4-fa54a8a0d12d:192.168.36.126:37426, 5b0dbadb-21f4-40db-895f-4946533ce0da:192.168.36.126:43134], old=null
2019-09-25 08:24:10,601 [2fc70531-54f8-4344-a6a1-710636979233@group-8168C372A2DA:LeaderElection77] INFO  impl.LeaderElection (LogUtils.java:infoOrTrace(149)) - 2fc70531-54f8-4344-a6a1-710636979233@group-8168C372A2DA:LeaderElection77 got exception when requesting votes: {}
java.util.concurrent.ExecutionException: org.apache.ratis.thirdparty.io.grpc.StatusRuntimeException: INTERNAL: 3480664e-e083-4e16-97f4-fa54a8a0d12d: group-8168C372A2DA not found.
	at java.util.concurrent.FutureTask.report(FutureTask.java:122)
	at java.util.concurrent.FutureTask.get(FutureTask.java:192)
	at org.apache.ratis.server.impl.LeaderElection.waitForResults(LeaderElection.java:263)
	at org.apache.ratis.server.impl.LeaderElection.askForVotes(LeaderElection.java:201)
	at org.apache.ratis.server.impl.LeaderElection.run(LeaderElection.java:133)
	at java.lang.Thread.run(Thread.java:748)
Caused by: org.apache.ratis.thirdparty.io.grpc.StatusRuntimeException: INTERNAL: 3480664e-e083-4e16-97f4-fa54a8a0d12d: group-8168C372A2DA not found.
	at org.apache.ratis.thirdparty.io.grpc.stub.ClientCalls.toStatusRuntimeException(ClientCalls.java:233)
	at org.apache.ratis.thirdparty.io.grpc.stub.ClientCalls.getUnchecked(ClientCalls.java:214)
	at org.apache.ratis.thirdparty.io.grpc.stub.ClientCalls.blockingUnaryCall(ClientCalls.java:139)
	at org.apache.ratis.proto.grpc.RaftServerProtocolServiceGrpc$RaftServerProtocolServiceBlockingStub.requestVote(RaftServerProtocolServiceGrpc.java:265)
	at org.apache.ratis.grpc.server.GrpcServerProtocolClient.requestVote(GrpcServerProtocolClient.java:90)
	at org.apache.ratis.grpc.server.GrpcService.requestVote(GrpcService.java:204)
	at org.apache.ratis.server.impl.LeaderElection.lambda$submitRequests$1(LeaderElection.java:238)
	at java.util.concurrent.FutureTask.run(FutureTask.java:266)
	at java.util.concurrent.Executors$RunnableAdapter.call(Executors.java:511)
	at java.util.concurrent.FutureTask.run(FutureTask.java:266)
	at java.util.concurrent.ThreadPoolExecutor.runWorker(ThreadPoolExecutor.java:1149)
	at java.util.concurrent.ThreadPoolExecutor$Worker.run(ThreadPoolExecutor.java:624)
	... 1 more
2019-09-25 08:24:10,608 [2fc70531-54f8-4344-a6a1-710636979233@group-84731DF171BE:LeaderElection76] INFO  impl.LeaderElection (LogUtils.java:infoOrTrace(149)) - 2fc70531-54f8-4344-a6a1-710636979233@group-84731DF171BE:LeaderElection76 got exception when requesting votes: {}
java.util.concurrent.ExecutionException: org.apache.ratis.thirdparty.io.grpc.StatusRuntimeException: INTERNAL: 3480664e-e083-4e16-97f4-fa54a8a0d12d: group-84731DF171BE not found.
	at java.util.concurrent.FutureTask.report(FutureTask.java:122)
	at java.util.concurrent.FutureTask.get(FutureTask.java:192)
	at org.apache.ratis.server.impl.LeaderElection.waitForResults(LeaderElection.java:263)
	at org.apache.ratis.server.impl.LeaderElection.askForVotes(LeaderElection.java:201)
	at org.apache.ratis.server.impl.LeaderElection.run(LeaderElection.java:133)
	at java.lang.Thread.run(Thread.java:748)
Caused by: org.apache.ratis.thirdparty.io.grpc.StatusRuntimeException: INTERNAL: 3480664e-e083-4e16-97f4-fa54a8a0d12d: group-84731DF171BE not found.
	at org.apache.ratis.thirdparty.io.grpc.stub.ClientCalls.toStatusRuntimeException(ClientCalls.java:233)
	at org.apache.ratis.thirdparty.io.grpc.stub.ClientCalls.getUnchecked(ClientCalls.java:214)
	at org.apache.ratis.thirdparty.io.grpc.stub.ClientCalls.blockingUnaryCall(ClientCalls.java:139)
	at org.apache.ratis.proto.grpc.RaftServerProtocolServiceGrpc$RaftServerProtocolServiceBlockingStub.requestVote(RaftServerProtocolServiceGrpc.java:265)
	at org.apache.ratis.grpc.server.GrpcServerProtocolClient.requestVote(GrpcServerProtocolClient.java:90)
	at org.apache.ratis.grpc.server.GrpcService.requestVote(GrpcService.java:204)
	at org.apache.ratis.server.impl.LeaderElection.lambda$submitRequests$1(LeaderElection.java:238)
	at java.util.concurrent.FutureTask.run(FutureTask.java:266)
	at java.util.concurrent.Executors$RunnableAdapter.call(Executors.java:511)
	at java.util.concurrent.FutureTask.run(FutureTask.java:266)
	at java.util.concurrent.ThreadPoolExecutor.runWorker(ThreadPoolExecutor.java:1149)
	at java.util.concurrent.ThreadPoolExecutor$Worker.run(ThreadPoolExecutor.java:624)
	... 1 more
2019-09-25 08:24:10,606 [5b0dbadb-21f4-40db-895f-4946533ce0da@group-EA354E46A7D3:LeaderElection75] INFO  impl.LeaderElection (LeaderElection.java:logAndReturn(56)) - 5b0dbadb-21f4-40db-895f-4946533ce0da@group-EA354E46A7D3:LeaderElection75: Election REJECTED; received 2 response(s) [5b0dbadb-21f4-40db-895f-4946533ce0da<-2fc70531-54f8-4344-a6a1-710636979233#0:FAIL-t7, 5b0dbadb-21f4-40db-895f-4946533ce0da<-3480664e-e083-4e16-97f4-fa54a8a0d12d#0:FAIL-t7] and 0 exception(s); 5b0dbadb-21f4-40db-895f-4946533ce0da@group-EA354E46A7D3:t7, leader=null, voted=5b0dbadb-21f4-40db-895f-4946533ce0da, raftlog=5b0dbadb-21f4-40db-895f-4946533ce0da@group-EA354E46A7D3-SegmentedRaftLog:OPENED:c-1,f-1,i0, conf=-1: [2fc70531-54f8-4344-a6a1-710636979233:192.168.36.126:43168, 3480664e-e083-4e16-97f4-fa54a8a0d12d:192.168.36.126:37426, 5b0dbadb-21f4-40db-895f-4946533ce0da:192.168.36.126:43134], old=null
2019-09-25 08:24:10,606 [5b0dbadb-21f4-40db-895f-4946533ce0da@group-01C76DF8876D:LeaderElection70] INFO  impl.LeaderElection (LogUtils.java:infoOrTrace(149)) -   Exception 0: {}
java.util.concurrent.ExecutionException: org.apache.ratis.thirdparty.io.grpc.StatusRuntimeException: INTERNAL: 3480664e-e083-4e16-97f4-fa54a8a0d12d: group-01C76DF8876D not found.
	at java.util.concurrent.FutureTask.report(FutureTask.java:122)
	at java.util.concurrent.FutureTask.get(FutureTask.java:192)
	at org.apache.ratis.server.impl.LeaderElection.waitForResults(LeaderElection.java:263)
	at org.apache.ratis.server.impl.LeaderElection.askForVotes(LeaderElection.java:201)
	at org.apache.ratis.server.impl.LeaderElection.run(LeaderElection.java:133)
	at java.lang.Thread.run(Thread.java:748)
Caused by: org.apache.ratis.thirdparty.io.grpc.StatusRuntimeException: INTERNAL: 3480664e-e083-4e16-97f4-fa54a8a0d12d: group-01C76DF8876D not found.
	at org.apache.ratis.thirdparty.io.grpc.stub.ClientCalls.toStatusRuntimeException(ClientCalls.java:233)
	at org.apache.ratis.thirdparty.io.grpc.stub.ClientCalls.getUnchecked(ClientCalls.java:214)
	at org.apache.ratis.thirdparty.io.grpc.stub.ClientCalls.blockingUnaryCall(ClientCalls.java:139)
	at org.apache.ratis.proto.grpc.RaftServerProtocolServiceGrpc$RaftServerProtocolServiceBlockingStub.requestVote(RaftServerProtocolServiceGrpc.java:265)
	at org.apache.ratis.grpc.server.GrpcServerProtocolClient.requestVote(GrpcServerProtocolClient.java:90)
	at org.apache.ratis.grpc.server.GrpcService.requestVote(GrpcService.java:204)
	at org.apache.ratis.server.impl.LeaderElection.lambda$submitRequests$1(LeaderElection.java:238)
	at java.util.concurrent.FutureTask.run(FutureTask.java:266)
	at java.util.concurrent.Executors$RunnableAdapter.call(Executors.java:511)
	at java.util.concurrent.FutureTask.run(FutureTask.java:266)
	at java.util.concurrent.ThreadPoolExecutor.runWorker(ThreadPoolExecutor.java:1149)
	at java.util.concurrent.ThreadPoolExecutor$Worker.run(ThreadPoolExecutor.java:624)
	... 1 more
2019-09-25 08:24:10,606 [3480664e-e083-4e16-97f4-fa54a8a0d12d@group-EA354E46A7D3:LeaderElection73] INFO  impl.RaftServerImpl (RaftServerImpl.java:setRole(174)) - 3480664e-e083-4e16-97f4-fa54a8a0d12d@group-EA354E46A7D3: changes role from CANDIDATE to FOLLOWER at term 7 for DISCOVERED_A_NEW_TERM
2019-09-25 08:24:10,611 [5b0dbadb-21f4-40db-895f-4946533ce0da@group-01C76DF8876D:LeaderElection70] INFO  impl.RaftServerImpl (RaftServerImpl.java:setRole(174)) - 5b0dbadb-21f4-40db-895f-4946533ce0da@group-01C76DF8876D: changes role from CANDIDATE to FOLLOWER at term 7 for DISCOVERED_A_NEW_TERM
2019-09-25 08:24:10,610 [5b0dbadb-21f4-40db-895f-4946533ce0da@group-EA354E46A7D3:LeaderElection75] INFO  impl.RaftServerImpl (RaftServerImpl.java:setRole(174)) - 5b0dbadb-21f4-40db-895f-4946533ce0da@group-EA354E46A7D3: changes role from CANDIDATE to FOLLOWER at term 7 for DISCOVERED_A_NEW_TERM
2019-09-25 08:24:10,610 [2fc70531-54f8-4344-a6a1-710636979233@group-84731DF171BE:LeaderElection76] INFO  impl.LeaderElection (LeaderElection.java:logAndReturn(56)) - 2fc70531-54f8-4344-a6a1-710636979233@group-84731DF171BE:LeaderElection76: Election REJECTED; received 1 response(s) [2fc70531-54f8-4344-a6a1-710636979233<-5b0dbadb-21f4-40db-895f-4946533ce0da#0:FAIL-t7] and 1 exception(s); 2fc70531-54f8-4344-a6a1-710636979233@group-84731DF171BE:t7, leader=null, voted=2fc70531-54f8-4344-a6a1-710636979233, raftlog=2fc70531-54f8-4344-a6a1-710636979233@group-84731DF171BE-SegmentedRaftLog:OPENED:c-1,f-1,i0, conf=-1: [2fc70531-54f8-4344-a6a1-710636979233:192.168.36.126:43168, 3480664e-e083-4e16-97f4-fa54a8a0d12d:192.168.36.126:37426, 5b0dbadb-21f4-40db-895f-4946533ce0da:192.168.36.126:43134], old=null
2019-09-25 08:24:10,608 [2fc70531-54f8-4344-a6a1-710636979233@group-8168C372A2DA:LeaderElection77] INFO  impl.LeaderElection (LeaderElection.java:logAndReturn(56)) - 2fc70531-54f8-4344-a6a1-710636979233@group-8168C372A2DA:LeaderElection77: Election REJECTED; received 1 response(s) [2fc70531-54f8-4344-a6a1-710636979233<-5b0dbadb-21f4-40db-895f-4946533ce0da#0:FAIL-t7] and 1 exception(s); 2fc70531-54f8-4344-a6a1-710636979233@group-8168C372A2DA:t7, leader=null, voted=2fc70531-54f8-4344-a6a1-710636979233, raftlog=2fc70531-54f8-4344-a6a1-710636979233@group-8168C372A2DA-SegmentedRaftLog:OPENED:c-1,f-1,i0, conf=-1: [2fc70531-54f8-4344-a6a1-710636979233:192.168.36.126:43168, 3480664e-e083-4e16-97f4-fa54a8a0d12d:192.168.36.126:37426, 5b0dbadb-21f4-40db-895f-4946533ce0da:192.168.36.126:43134], old=null
2019-09-25 08:24:10,611 [2fc70531-54f8-4344-a6a1-710636979233@group-84731DF171BE:LeaderElection76] INFO  impl.LeaderElection (LogUtils.java:infoOrTrace(149)) -   Exception 0: {}
java.util.concurrent.ExecutionException: org.apache.ratis.thirdparty.io.grpc.StatusRuntimeException: INTERNAL: 3480664e-e083-4e16-97f4-fa54a8a0d12d: group-84731DF171BE not found.
	at java.util.concurrent.FutureTask.report(FutureTask.java:122)
	at java.util.concurrent.FutureTask.get(FutureTask.java:192)
	at org.apache.ratis.server.impl.LeaderElection.waitForResults(LeaderElection.java:263)
	at org.apache.ratis.server.impl.LeaderElection.askForVotes(LeaderElection.java:201)
	at org.apache.ratis.server.impl.LeaderElection.run(LeaderElection.java:133)
	at java.lang.Thread.run(Thread.java:748)
Caused by: org.apache.ratis.thirdparty.io.grpc.StatusRuntimeException: INTERNAL: 3480664e-e083-4e16-97f4-fa54a8a0d12d: group-84731DF171BE not found.
	at org.apache.ratis.thirdparty.io.grpc.stub.ClientCalls.toStatusRuntimeException(ClientCalls.java:233)
	at org.apache.ratis.thirdparty.io.grpc.stub.ClientCalls.getUnchecked(ClientCalls.java:214)
	at org.apache.ratis.thirdparty.io.grpc.stub.ClientCalls.blockingUnaryCall(ClientCalls.java:139)
	at org.apache.ratis.proto.grpc.RaftServerProtocolServiceGrpc$RaftServerProtocolServiceBlockingStub.requestVote(RaftServerProtocolServiceGrpc.java:265)
	at org.apache.ratis.grpc.server.GrpcServerProtocolClient.requestVote(GrpcServerProtocolClient.java:90)
	at org.apache.ratis.grpc.server.GrpcService.requestVote(GrpcService.java:204)
	at org.apache.ratis.server.impl.LeaderElection.lambda$submitRequests$1(LeaderElection.java:238)
	at java.util.concurrent.FutureTask.run(FutureTask.java:266)
	at java.util.concurrent.Executors$RunnableAdapter.call(Executors.java:511)
	at java.util.concurrent.FutureTask.run(FutureTask.java:266)
	at java.util.concurrent.ThreadPoolExecutor.runWorker(ThreadPoolExecutor.java:1149)
	at java.util.concurrent.ThreadPoolExecutor$Worker.run(ThreadPoolExecutor.java:624)
	... 1 more
2019-09-25 08:24:10,611 [2fc70531-54f8-4344-a6a1-710636979233@group-01C76DF8876D:LeaderElection69] INFO  impl.LeaderElection (LeaderElection.java:logAndReturn(56)) - 2fc70531-54f8-4344-a6a1-710636979233@group-01C76DF8876D:LeaderElection69: Election REJECTED; received 1 response(s) [2fc70531-54f8-4344-a6a1-710636979233<-5b0dbadb-21f4-40db-895f-4946533ce0da#0:FAIL-t7] and 1 exception(s); 2fc70531-54f8-4344-a6a1-710636979233@group-01C76DF8876D:t7, leader=null, voted=2fc70531-54f8-4344-a6a1-710636979233, raftlog=2fc70531-54f8-4344-a6a1-710636979233@group-01C76DF8876D-SegmentedRaftLog:OPENED:c-1,f-1,i0, conf=-1: [2fc70531-54f8-4344-a6a1-710636979233:192.168.36.126:43168, 3480664e-e083-4e16-97f4-fa54a8a0d12d:192.168.36.126:37426, 5b0dbadb-21f4-40db-895f-4946533ce0da:192.168.36.126:43134], old=null
2019-09-25 08:24:10,611 [5b0dbadb-21f4-40db-895f-4946533ce0da@group-EA354E46A7D3:LeaderElection75] INFO  impl.RoleInfo (RoleInfo.java:shutdownLeaderElection(134)) - 5b0dbadb-21f4-40db-895f-4946533ce0da: shutdown LeaderElection
2019-09-25 08:24:10,611 [2fc70531-54f8-4344-a6a1-710636979233@group-EA354E46A7D3:LeaderElection74] INFO  impl.LeaderElection (LeaderElection.java:logAndReturn(56)) - 2fc70531-54f8-4344-a6a1-710636979233@group-EA354E46A7D3:LeaderElection74: Election REJECTED; received 2 response(s) [2fc70531-54f8-4344-a6a1-710636979233<-3480664e-e083-4e16-97f4-fa54a8a0d12d#0:FAIL-t7, 2fc70531-54f8-4344-a6a1-710636979233<-5b0dbadb-21f4-40db-895f-4946533ce0da#0:FAIL-t7] and 0 exception(s); 2fc70531-54f8-4344-a6a1-710636979233@group-EA354E46A7D3:t7, leader=null, voted=2fc70531-54f8-4344-a6a1-710636979233, raftlog=2fc70531-54f8-4344-a6a1-710636979233@group-EA354E46A7D3-SegmentedRaftLog:OPENED:c-1,f-1,i0, conf=-1: [2fc70531-54f8-4344-a6a1-710636979233:192.168.36.126:43168, 3480664e-e083-4e16-97f4-fa54a8a0d12d:192.168.36.126:37426, 5b0dbadb-21f4-40db-895f-4946533ce0da:192.168.36.126:43134], old=null
2019-09-25 08:24:10,611 [5b0dbadb-21f4-40db-895f-4946533ce0da@group-01C76DF8876D:LeaderElection70] INFO  impl.RoleInfo (RoleInfo.java:shutdownLeaderElection(134)) - 5b0dbadb-21f4-40db-895f-4946533ce0da: shutdown LeaderElection
2019-09-25 08:24:10,611 [3480664e-e083-4e16-97f4-fa54a8a0d12d@group-EA354E46A7D3:LeaderElection73] INFO  impl.RoleInfo (RoleInfo.java:shutdownLeaderElection(134)) - 3480664e-e083-4e16-97f4-fa54a8a0d12d: shutdown LeaderElection
2019-09-25 08:24:10,613 [5b0dbadb-21f4-40db-895f-4946533ce0da@group-01C76DF8876D:LeaderElection70] INFO  impl.RoleInfo (RoleInfo.java:updateAndGet(143)) - 5b0dbadb-21f4-40db-895f-4946533ce0da: start FollowerState
2019-09-25 08:24:10,613 [2fc70531-54f8-4344-a6a1-710636979233@group-EA354E46A7D3:LeaderElection74] INFO  impl.RaftServerImpl (RaftServerImpl.java:setRole(174)) - 2fc70531-54f8-4344-a6a1-710636979233@group-EA354E46A7D3: changes role from CANDIDATE to FOLLOWER at term 7 for DISCOVERED_A_NEW_TERM
2019-09-25 08:24:10,612 [5b0dbadb-21f4-40db-895f-4946533ce0da@group-EA354E46A7D3:LeaderElection75] INFO  impl.RoleInfo (RoleInfo.java:updateAndGet(143)) - 5b0dbadb-21f4-40db-895f-4946533ce0da: start FollowerState
2019-09-25 08:24:10,612 [2fc70531-54f8-4344-a6a1-710636979233@group-01C76DF8876D:LeaderElection69] INFO  impl.LeaderElection (LogUtils.java:infoOrTrace(149)) -   Exception 0: {}
java.util.concurrent.ExecutionException: org.apache.ratis.thirdparty.io.grpc.StatusRuntimeException: INTERNAL: 3480664e-e083-4e16-97f4-fa54a8a0d12d: group-01C76DF8876D not found.
	at java.util.concurrent.FutureTask.report(FutureTask.java:122)
	at java.util.concurrent.FutureTask.get(FutureTask.java:192)
	at org.apache.ratis.server.impl.LeaderElection.waitForResults(LeaderElection.java:263)
	at org.apache.ratis.server.impl.LeaderElection.askForVotes(LeaderElection.java:201)
	at org.apache.ratis.server.impl.LeaderElection.run(LeaderElection.java:133)
	at java.lang.Thread.run(Thread.java:748)
Caused by: org.apache.ratis.thirdparty.io.grpc.StatusRuntimeException: INTERNAL: 3480664e-e083-4e16-97f4-fa54a8a0d12d: group-01C76DF8876D not found.
	at org.apache.ratis.thirdparty.io.grpc.stub.ClientCalls.toStatusRuntimeException(ClientCalls.java:233)
	at org.apache.ratis.thirdparty.io.grpc.stub.ClientCalls.getUnchecked(ClientCalls.java:214)
	at org.apache.ratis.thirdparty.io.grpc.stub.ClientCalls.blockingUnaryCall(ClientCalls.java:139)
	at org.apache.ratis.proto.grpc.RaftServerProtocolServiceGrpc$RaftServerProtocolServiceBlockingStub.requestVote(RaftServerProtocolServiceGrpc.java:265)
	at org.apache.ratis.grpc.server.GrpcServerProtocolClient.requestVote(GrpcServerProtocolClient.java:90)
	at org.apache.ratis.grpc.server.GrpcService.requestVote(GrpcService.java:204)
	at org.apache.ratis.server.impl.LeaderElection.lambda$submitRequests$1(LeaderElection.java:238)
	at java.util.concurrent.FutureTask.run(FutureTask.java:266)
	at java.util.concurrent.Executors$RunnableAdapter.call(Executors.java:511)
	at java.util.concurrent.FutureTask.run(FutureTask.java:266)
	at java.util.concurrent.ThreadPoolExecutor.runWorker(ThreadPoolExecutor.java:1149)
	at java.util.concurrent.ThreadPoolExecutor$Worker.run(ThreadPoolExecutor.java:624)
	... 1 more
2019-09-25 08:24:10,612 [2fc70531-54f8-4344-a6a1-710636979233@group-84731DF171BE:LeaderElection76] INFO  impl.RaftServerImpl (RaftServerImpl.java:setRole(174)) - 2fc70531-54f8-4344-a6a1-710636979233@group-84731DF171BE: changes role from CANDIDATE to FOLLOWER at term 7 for DISCOVERED_A_NEW_TERM
2019-09-25 08:24:10,612 [5b0dbadb-21f4-40db-895f-4946533ce0da@group-8168C372A2DA:LeaderElection72] INFO  impl.LeaderElection (LogUtils.java:infoOrTrace(149)) - 5b0dbadb-21f4-40db-895f-4946533ce0da@group-8168C372A2DA:LeaderElection72 got exception when requesting votes: {}
java.util.concurrent.ExecutionException: org.apache.ratis.thirdparty.io.grpc.StatusRuntimeException: INTERNAL: 3480664e-e083-4e16-97f4-fa54a8a0d12d: group-8168C372A2DA not found.
	at java.util.concurrent.FutureTask.report(FutureTask.java:122)
	at java.util.concurrent.FutureTask.get(FutureTask.java:192)
	at org.apache.ratis.server.impl.LeaderElection.waitForResults(LeaderElection.java:263)
	at org.apache.ratis.server.impl.LeaderElection.askForVotes(LeaderElection.java:201)
	at org.apache.ratis.server.impl.LeaderElection.run(LeaderElection.java:133)
	at java.lang.Thread.run(Thread.java:748)
Caused by: org.apache.ratis.thirdparty.io.grpc.StatusRuntimeException: INTERNAL: 3480664e-e083-4e16-97f4-fa54a8a0d12d: group-8168C372A2DA not found.
	at org.apache.ratis.thirdparty.io.grpc.stub.ClientCalls.toStatusRuntimeException(ClientCalls.java:233)
	at org.apache.ratis.thirdparty.io.grpc.stub.ClientCalls.getUnchecked(ClientCalls.java:214)
	at org.apache.ratis.thirdparty.io.grpc.stub.ClientCalls.blockingUnaryCall(ClientCalls.java:139)
	at org.apache.ratis.proto.grpc.RaftServerProtocolServiceGrpc$RaftServerProtocolServiceBlockingStub.requestVote(RaftServerProtocolServiceGrpc.java:265)
	at org.apache.ratis.grpc.server.GrpcServerProtocolClient.requestVote(GrpcServerProtocolClient.java:90)
	at org.apache.ratis.grpc.server.GrpcService.requestVote(GrpcService.java:204)
	at org.apache.ratis.server.impl.LeaderElection.lambda$submitRequests$1(LeaderElection.java:238)
	at java.util.concurrent.FutureTask.run(FutureTask.java:266)
	at java.util.concurrent.Executors$RunnableAdapter.call(Executors.java:511)
	at java.util.concurrent.FutureTask.run(FutureTask.java:266)
	at java.util.concurrent.ThreadPoolExecutor.runWorker(ThreadPoolExecutor.java:1149)
	at java.util.concurrent.ThreadPoolExecutor$Worker.run(ThreadPoolExecutor.java:624)
	... 1 more
2019-09-25 08:24:10,612 [2fc70531-54f8-4344-a6a1-710636979233@group-8168C372A2DA:LeaderElection77] INFO  impl.LeaderElection (LogUtils.java:infoOrTrace(149)) -   Exception 0: {}
java.util.concurrent.ExecutionException: org.apache.ratis.thirdparty.io.grpc.StatusRuntimeException: INTERNAL: 3480664e-e083-4e16-97f4-fa54a8a0d12d: group-8168C372A2DA not found.
	at java.util.concurrent.FutureTask.report(FutureTask.java:122)
	at java.util.concurrent.FutureTask.get(FutureTask.java:192)
	at org.apache.ratis.server.impl.LeaderElection.waitForResults(LeaderElection.java:263)
	at org.apache.ratis.server.impl.LeaderElection.askForVotes(LeaderElection.java:201)
	at org.apache.ratis.server.impl.LeaderElection.run(LeaderElection.java:133)
	at java.lang.Thread.run(Thread.java:748)
Caused by: org.apache.ratis.thirdparty.io.grpc.StatusRuntimeException: INTERNAL: 3480664e-e083-4e16-97f4-fa54a8a0d12d: group-8168C372A2DA not found.
	at org.apache.ratis.thirdparty.io.grpc.stub.ClientCalls.toStatusRuntimeException(ClientCalls.java:233)
	at org.apache.ratis.thirdparty.io.grpc.stub.ClientCalls.getUnchecked(ClientCalls.java:214)
	at org.apache.ratis.thirdparty.io.grpc.stub.ClientCalls.blockingUnaryCall(ClientCalls.java:139)
	at org.apache.ratis.proto.grpc.RaftServerProtocolServiceGrpc$RaftServerProtocolServiceBlockingStub.requestVote(RaftServerProtocolServiceGrpc.java:265)
	at org.apache.ratis.grpc.server.GrpcServerProtocolClient.requestVote(GrpcServerProtocolClient.java:90)
	at org.apache.ratis.grpc.server.GrpcService.requestVote(GrpcService.java:204)
	at org.apache.ratis.server.impl.LeaderElection.lambda$submitRequests$1(LeaderElection.java:238)
	at java.util.concurrent.FutureTask.run(FutureTask.java:266)
	at java.util.concurrent.Executors$RunnableAdapter.call(Executors.java:511)
	at java.util.concurrent.FutureTask.run(FutureTask.java:266)
	at java.util.concurrent.ThreadPoolExecutor.runWorker(ThreadPoolExecutor.java:1149)
	at java.util.concurrent.ThreadPoolExecutor$Worker.run(ThreadPoolExecutor.java:624)
	... 1 more
2019-09-25 08:24:10,616 [5b0dbadb-21f4-40db-895f-4946533ce0da@group-8168C372A2DA:LeaderElection72] INFO  impl.LeaderElection (LeaderElection.java:logAndReturn(56)) - 5b0dbadb-21f4-40db-895f-4946533ce0da@group-8168C372A2DA:LeaderElection72: Election REJECTED; received 1 response(s) [5b0dbadb-21f4-40db-895f-4946533ce0da<-2fc70531-54f8-4344-a6a1-710636979233#0:FAIL-t7] and 1 exception(s); 5b0dbadb-21f4-40db-895f-4946533ce0da@group-8168C372A2DA:t7, leader=null, voted=5b0dbadb-21f4-40db-895f-4946533ce0da, raftlog=5b0dbadb-21f4-40db-895f-4946533ce0da@group-8168C372A2DA-SegmentedRaftLog:OPENED:c-1,f-1,i0, conf=-1: [2fc70531-54f8-4344-a6a1-710636979233:192.168.36.126:43168, 3480664e-e083-4e16-97f4-fa54a8a0d12d:192.168.36.126:37426, 5b0dbadb-21f4-40db-895f-4946533ce0da:192.168.36.126:43134], old=null
2019-09-25 08:24:10,614 [2fc70531-54f8-4344-a6a1-710636979233@group-84731DF171BE:LeaderElection76] INFO  impl.RoleInfo (RoleInfo.java:shutdownLeaderElection(134)) - 2fc70531-54f8-4344-a6a1-710636979233: shutdown LeaderElection
2019-09-25 08:24:10,614 [2fc70531-54f8-4344-a6a1-710636979233@group-01C76DF8876D:LeaderElection69] INFO  impl.RaftServerImpl (RaftServerImpl.java:setRole(174)) - 2fc70531-54f8-4344-a6a1-710636979233@group-01C76DF8876D: changes role from CANDIDATE to FOLLOWER at term 7 for DISCOVERED_A_NEW_TERM
2019-09-25 08:24:10,614 [5b0dbadb-21f4-40db-895f-4946533ce0da@group-84731DF171BE:LeaderElection71] INFO  impl.LeaderElection (LogUtils.java:infoOrTrace(149)) - 5b0dbadb-21f4-40db-895f-4946533ce0da@group-84731DF171BE:LeaderElection71 got exception when requesting votes: {}
java.util.concurrent.ExecutionException: org.apache.ratis.thirdparty.io.grpc.StatusRuntimeException: INTERNAL: 3480664e-e083-4e16-97f4-fa54a8a0d12d: group-84731DF171BE not found.
	at java.util.concurrent.FutureTask.report(FutureTask.java:122)
	at java.util.concurrent.FutureTask.get(FutureTask.java:192)
	at org.apache.ratis.server.impl.LeaderElection.waitForResults(LeaderElection.java:263)
	at org.apache.ratis.server.impl.LeaderElection.askForVotes(LeaderElection.java:201)
	at org.apache.ratis.server.impl.LeaderElection.run(LeaderElection.java:133)
	at java.lang.Thread.run(Thread.java:748)
Caused by: org.apache.ratis.thirdparty.io.grpc.StatusRuntimeException: INTERNAL: 3480664e-e083-4e16-97f4-fa54a8a0d12d: group-84731DF171BE not found.
	at org.apache.ratis.thirdparty.io.grpc.stub.ClientCalls.toStatusRuntimeException(ClientCalls.java:233)
	at org.apache.ratis.thirdparty.io.grpc.stub.ClientCalls.getUnchecked(ClientCalls.java:214)
	at org.apache.ratis.thirdparty.io.grpc.stub.ClientCalls.blockingUnaryCall(ClientCalls.java:139)
	at org.apache.ratis.proto.grpc.RaftServerProtocolServiceGrpc$RaftServerProtocolServiceBlockingStub.requestVote(RaftServerProtocolServiceGrpc.java:265)
	at org.apache.ratis.grpc.server.GrpcServerProtocolClient.requestVote(GrpcServerProtocolClient.java:90)
	at org.apache.ratis.grpc.server.GrpcService.requestVote(GrpcService.java:204)
	at org.apache.ratis.server.impl.LeaderElection.lambda$submitRequests$1(LeaderElection.java:238)
	at java.util.concurrent.FutureTask.run(FutureTask.java:266)
	at java.util.concurrent.Executors$RunnableAdapter.call(Executors.java:511)
	at java.util.concurrent.FutureTask.run(FutureTask.java:266)
	at java.util.concurrent.ThreadPoolExecutor.runWorker(ThreadPoolExecutor.java:1149)
	at java.util.concurrent.ThreadPoolExecutor$Worker.run(ThreadPoolExecutor.java:624)
	... 1 more
2019-09-25 08:24:10,613 [2fc70531-54f8-4344-a6a1-710636979233@group-EA354E46A7D3:LeaderElection74] INFO  impl.RoleInfo (RoleInfo.java:shutdownLeaderElection(134)) - 2fc70531-54f8-4344-a6a1-710636979233: shutdown LeaderElection
2019-09-25 08:24:10,613 [3480664e-e083-4e16-97f4-fa54a8a0d12d@group-EA354E46A7D3:LeaderElection73] INFO  impl.RoleInfo (RoleInfo.java:updateAndGet(143)) - 3480664e-e083-4e16-97f4-fa54a8a0d12d: start FollowerState
2019-09-25 08:24:10,618 [2fc70531-54f8-4344-a6a1-710636979233@group-EA354E46A7D3:LeaderElection74] INFO  impl.RoleInfo (RoleInfo.java:updateAndGet(143)) - 2fc70531-54f8-4344-a6a1-710636979233: start FollowerState
2019-09-25 08:24:10,618 [5b0dbadb-21f4-40db-895f-4946533ce0da@group-84731DF171BE:LeaderElection71] INFO  impl.LeaderElection (LeaderElection.java:logAndReturn(56)) - 5b0dbadb-21f4-40db-895f-4946533ce0da@group-84731DF171BE:LeaderElection71: Election REJECTED; received 1 response(s) [5b0dbadb-21f4-40db-895f-4946533ce0da<-2fc70531-54f8-4344-a6a1-710636979233#0:FAIL-t7] and 1 exception(s); 5b0dbadb-21f4-40db-895f-4946533ce0da@group-84731DF171BE:t7, leader=null, voted=5b0dbadb-21f4-40db-895f-4946533ce0da, raftlog=5b0dbadb-21f4-40db-895f-4946533ce0da@group-84731DF171BE-SegmentedRaftLog:OPENED:c-1,f-1,i0, conf=-1: [2fc70531-54f8-4344-a6a1-710636979233:192.168.36.126:43168, 3480664e-e083-4e16-97f4-fa54a8a0d12d:192.168.36.126:37426, 5b0dbadb-21f4-40db-895f-4946533ce0da:192.168.36.126:43134], old=null
2019-09-25 08:24:10,616 [2fc70531-54f8-4344-a6a1-710636979233@group-01C76DF8876D:LeaderElection69] INFO  impl.RoleInfo (RoleInfo.java:shutdownLeaderElection(134)) - 2fc70531-54f8-4344-a6a1-710636979233: shutdown LeaderElection
2019-09-25 08:24:10,616 [2fc70531-54f8-4344-a6a1-710636979233@group-84731DF171BE:LeaderElection76] INFO  impl.RoleInfo (RoleInfo.java:updateAndGet(143)) - 2fc70531-54f8-4344-a6a1-710636979233: start FollowerState
2019-09-25 08:24:10,616 [5b0dbadb-21f4-40db-895f-4946533ce0da@group-8168C372A2DA:LeaderElection72] INFO  impl.LeaderElection (LogUtils.java:infoOrTrace(149)) -   Exception 0: {}
java.util.concurrent.ExecutionException: org.apache.ratis.thirdparty.io.grpc.StatusRuntimeException: INTERNAL: 3480664e-e083-4e16-97f4-fa54a8a0d12d: group-8168C372A2DA not found.
	at java.util.concurrent.FutureTask.report(FutureTask.java:122)
	at java.util.concurrent.FutureTask.get(FutureTask.java:192)
	at org.apache.ratis.server.impl.LeaderElection.waitForResults(LeaderElection.java:263)
	at org.apache.ratis.server.impl.LeaderElection.askForVotes(LeaderElection.java:201)
	at org.apache.ratis.server.impl.LeaderElection.run(LeaderElection.java:133)
	at java.lang.Thread.run(Thread.java:748)
Caused by: org.apache.ratis.thirdparty.io.grpc.StatusRuntimeException: INTERNAL: 3480664e-e083-4e16-97f4-fa54a8a0d12d: group-8168C372A2DA not found.
	at org.apache.ratis.thirdparty.io.grpc.stub.ClientCalls.toStatusRuntimeException(ClientCalls.java:233)
	at org.apache.ratis.thirdparty.io.grpc.stub.ClientCalls.getUnchecked(ClientCalls.java:214)
	at org.apache.ratis.thirdparty.io.grpc.stub.ClientCalls.blockingUnaryCall(ClientCalls.java:139)
	at org.apache.ratis.proto.grpc.RaftServerProtocolServiceGrpc$RaftServerProtocolServiceBlockingStub.requestVote(RaftServerProtocolServiceGrpc.java:265)
	at org.apache.ratis.grpc.server.GrpcServerProtocolClient.requestVote(GrpcServerProtocolClient.java:90)
	at org.apache.ratis.grpc.server.GrpcService.requestVote(GrpcService.java:204)
	at org.apache.ratis.server.impl.LeaderElection.lambda$submitRequests$1(LeaderElection.java:238)
	at java.util.concurrent.FutureTask.run(FutureTask.java:266)
	at java.util.concurrent.Executors$RunnableAdapter.call(Executors.java:511)
	at java.util.concurrent.FutureTask.run(FutureTask.java:266)
	at java.util.concurrent.ThreadPoolExecutor.runWorker(ThreadPoolExecutor.java:1149)
	at java.util.concurrent.ThreadPoolExecutor$Worker.run(ThreadPoolExecutor.java:624)
	... 1 more
2019-09-25 08:24:10,616 [2fc70531-54f8-4344-a6a1-710636979233@group-8168C372A2DA:LeaderElection77] INFO  impl.RaftServerImpl (RaftServerImpl.java:setRole(174)) - 2fc70531-54f8-4344-a6a1-710636979233@group-8168C372A2DA: changes role from CANDIDATE to FOLLOWER at term 7 for DISCOVERED_A_NEW_TERM
2019-09-25 08:24:10,620 [5b0dbadb-21f4-40db-895f-4946533ce0da@group-8168C372A2DA:LeaderElection72] INFO  impl.RaftServerImpl (RaftServerImpl.java:setRole(174)) - 5b0dbadb-21f4-40db-895f-4946533ce0da@group-8168C372A2DA: changes role from CANDIDATE to FOLLOWER at term 7 for DISCOVERED_A_NEW_TERM
2019-09-25 08:24:10,620 [5b0dbadb-21f4-40db-895f-4946533ce0da@group-8168C372A2DA:LeaderElection72] INFO  impl.RoleInfo (RoleInfo.java:shutdownLeaderElection(134)) - 5b0dbadb-21f4-40db-895f-4946533ce0da: shutdown LeaderElection
2019-09-25 08:24:10,619 [2fc70531-54f8-4344-a6a1-710636979233@group-01C76DF8876D:LeaderElection69] INFO  impl.RoleInfo (RoleInfo.java:updateAndGet(143)) - 2fc70531-54f8-4344-a6a1-710636979233: start FollowerState
2019-09-25 08:24:10,619 [5b0dbadb-21f4-40db-895f-4946533ce0da@group-84731DF171BE:LeaderElection71] INFO  impl.LeaderElection (LogUtils.java:infoOrTrace(149)) -   Exception 0: {}
java.util.concurrent.ExecutionException: org.apache.ratis.thirdparty.io.grpc.StatusRuntimeException: INTERNAL: 3480664e-e083-4e16-97f4-fa54a8a0d12d: group-84731DF171BE not found.
	at java.util.concurrent.FutureTask.report(FutureTask.java:122)
	at java.util.concurrent.FutureTask.get(FutureTask.java:192)
	at org.apache.ratis.server.impl.LeaderElection.waitForResults(LeaderElection.java:263)
	at org.apache.ratis.server.impl.LeaderElection.askForVotes(LeaderElection.java:201)
	at org.apache.ratis.server.impl.LeaderElection.run(LeaderElection.java:133)
	at java.lang.Thread.run(Thread.java:748)
Caused by: org.apache.ratis.thirdparty.io.grpc.StatusRuntimeException: INTERNAL: 3480664e-e083-4e16-97f4-fa54a8a0d12d: group-84731DF171BE not found.
	at org.apache.ratis.thirdparty.io.grpc.stub.ClientCalls.toStatusRuntimeException(ClientCalls.java:233)
	at org.apache.ratis.thirdparty.io.grpc.stub.ClientCalls.getUnchecked(ClientCalls.java:214)
	at org.apache.ratis.thirdparty.io.grpc.stub.ClientCalls.blockingUnaryCall(ClientCalls.java:139)
	at org.apache.ratis.proto.grpc.RaftServerProtocolServiceGrpc$RaftServerProtocolServiceBlockingStub.requestVote(RaftServerProtocolServiceGrpc.java:265)
	at org.apache.ratis.grpc.server.GrpcServerProtocolClient.requestVote(GrpcServerProtocolClient.java:90)
	at org.apache.ratis.grpc.server.GrpcService.requestVote(GrpcService.java:204)
	at org.apache.ratis.server.impl.LeaderElection.lambda$submitRequests$1(LeaderElection.java:238)
	at java.util.concurrent.FutureTask.run(FutureTask.java:266)
	at java.util.concurrent.Executors$RunnableAdapter.call(Executors.java:511)
	at java.util.concurrent.FutureTask.run(FutureTask.java:266)
	at java.util.concurrent.ThreadPoolExecutor.runWorker(ThreadPoolExecutor.java:1149)
	at java.util.concurrent.ThreadPoolExecutor$Worker.run(ThreadPoolExecutor.java:624)
	... 1 more
2019-09-25 08:24:10,620 [5b0dbadb-21f4-40db-895f-4946533ce0da@group-8168C372A2DA:LeaderElection72] INFO  impl.RoleInfo (RoleInfo.java:updateAndGet(143)) - 5b0dbadb-21f4-40db-895f-4946533ce0da: start FollowerState
2019-09-25 08:24:10,620 [2fc70531-54f8-4344-a6a1-710636979233@group-8168C372A2DA:LeaderElection77] INFO  impl.RoleInfo (RoleInfo.java:shutdownLeaderElection(134)) - 2fc70531-54f8-4344-a6a1-710636979233: shutdown LeaderElection
2019-09-25 08:24:10,620 [5b0dbadb-21f4-40db-895f-4946533ce0da@group-84731DF171BE:LeaderElection71] INFO  impl.RaftServerImpl (RaftServerImpl.java:setRole(174)) - 5b0dbadb-21f4-40db-895f-4946533ce0da@group-84731DF171BE: changes role from CANDIDATE to FOLLOWER at term 7 for DISCOVERED_A_NEW_TERM
2019-09-25 08:24:10,621 [2fc70531-54f8-4344-a6a1-710636979233@group-8168C372A2DA:LeaderElection77] INFO  impl.RoleInfo (RoleInfo.java:updateAndGet(143)) - 2fc70531-54f8-4344-a6a1-710636979233: start FollowerState
2019-09-25 08:24:10,621 [5b0dbadb-21f4-40db-895f-4946533ce0da@group-84731DF171BE:LeaderElection71] INFO  impl.RoleInfo (RoleInfo.java:shutdownLeaderElection(134)) - 5b0dbadb-21f4-40db-895f-4946533ce0da: shutdown LeaderElection
2019-09-25 08:24:10,621 [5b0dbadb-21f4-40db-895f-4946533ce0da@group-84731DF171BE:LeaderElection71] INFO  impl.RoleInfo (RoleInfo.java:updateAndGet(143)) - 5b0dbadb-21f4-40db-895f-4946533ce0da: start FollowerState
2019-09-25 08:24:15,650 [Thread-682] INFO  impl.FollowerState (FollowerState.java:run(106)) - 2fc70531-54f8-4344-a6a1-710636979233:group-84731DF171BE changes to CANDIDATE, lastRpcTime:5033, electionTimeout:5030ms
2019-09-25 08:24:15,651 [Thread-682] INFO  impl.RoleInfo (RoleInfo.java:shutdownFollowerState(121)) - 2fc70531-54f8-4344-a6a1-710636979233: shutdown FollowerState
2019-09-25 08:24:15,651 [Thread-682] INFO  impl.RaftServerImpl (RaftServerImpl.java:setRole(174)) - 2fc70531-54f8-4344-a6a1-710636979233@group-84731DF171BE: changes role from  FOLLOWER to CANDIDATE at term 7 for changeToCandidate
2019-09-25 08:24:15,651 [Thread-682] INFO  impl.RoleInfo (RoleInfo.java:updateAndGet(143)) - 2fc70531-54f8-4344-a6a1-710636979233: start LeaderElection
2019-09-25 08:24:15,655 [Thread-684] INFO  impl.FollowerState (FollowerState.java:run(106)) - 2fc70531-54f8-4344-a6a1-710636979233:group-01C76DF8876D changes to CANDIDATE, lastRpcTime:5035, electionTimeout:5034ms
2019-09-25 08:24:15,655 [Thread-684] INFO  impl.RoleInfo (RoleInfo.java:shutdownFollowerState(121)) - 2fc70531-54f8-4344-a6a1-710636979233: shutdown FollowerState
2019-09-25 08:24:15,655 [Thread-684] INFO  impl.RaftServerImpl (RaftServerImpl.java:setRole(174)) - 2fc70531-54f8-4344-a6a1-710636979233@group-01C76DF8876D: changes role from  FOLLOWER to CANDIDATE at term 7 for changeToCandidate
2019-09-25 08:24:15,655 [Thread-684] INFO  impl.RoleInfo (RoleInfo.java:updateAndGet(143)) - 2fc70531-54f8-4344-a6a1-710636979233: start LeaderElection
2019-09-25 08:24:15,675 [Thread-680] INFO  impl.FollowerState (FollowerState.java:run(106)) - 5b0dbadb-21f4-40db-895f-4946533ce0da:group-01C76DF8876D changes to CANDIDATE, lastRpcTime:5062, electionTimeout:5062ms
2019-09-25 08:24:15,676 [Thread-680] INFO  impl.RoleInfo (RoleInfo.java:shutdownFollowerState(121)) - 5b0dbadb-21f4-40db-895f-4946533ce0da: shutdown FollowerState
2019-09-25 08:24:15,676 [Thread-680] INFO  impl.RaftServerImpl (RaftServerImpl.java:setRole(174)) - 5b0dbadb-21f4-40db-895f-4946533ce0da@group-01C76DF8876D: changes role from  FOLLOWER to CANDIDATE at term 7 for changeToCandidate
2019-09-25 08:24:15,676 [Thread-680] INFO  impl.RoleInfo (RoleInfo.java:updateAndGet(143)) - 5b0dbadb-21f4-40db-895f-4946533ce0da: start LeaderElection
2019-09-25 08:24:15,677 [Thread-679] INFO  impl.FollowerState (FollowerState.java:run(106)) - 5b0dbadb-21f4-40db-895f-4946533ce0da:group-EA354E46A7D3 changes to CANDIDATE, lastRpcTime:5064, electionTimeout:5063ms
2019-09-25 08:24:15,677 [Thread-679] INFO  impl.RoleInfo (RoleInfo.java:shutdownFollowerState(121)) - 5b0dbadb-21f4-40db-895f-4946533ce0da: shutdown FollowerState
2019-09-25 08:24:15,677 [Thread-679] INFO  impl.RaftServerImpl (RaftServerImpl.java:setRole(174)) - 5b0dbadb-21f4-40db-895f-4946533ce0da@group-EA354E46A7D3: changes role from  FOLLOWER to CANDIDATE at term 7 for changeToCandidate
2019-09-25 08:24:15,677 [Thread-679] INFO  impl.RoleInfo (RoleInfo.java:updateAndGet(143)) - 5b0dbadb-21f4-40db-895f-4946533ce0da: start LeaderElection
2019-09-25 08:24:15,685 [2fc70531-54f8-4344-a6a1-710636979233@group-84731DF171BE:LeaderElection78] INFO  impl.LeaderElection (LeaderElection.java:askForVotes(182)) - 2fc70531-54f8-4344-a6a1-710636979233@group-84731DF171BE:LeaderElection78: begin an election at term 8 for -1: [2fc70531-54f8-4344-a6a1-710636979233:192.168.36.126:43168, 3480664e-e083-4e16-97f4-fa54a8a0d12d:192.168.36.126:37426, 5b0dbadb-21f4-40db-895f-4946533ce0da:192.168.36.126:43134], old=null
2019-09-25 08:24:15,685 [2fc70531-54f8-4344-a6a1-710636979233@group-01C76DF8876D:LeaderElection79] INFO  impl.LeaderElection (LeaderElection.java:askForVotes(182)) - 2fc70531-54f8-4344-a6a1-710636979233@group-01C76DF8876D:LeaderElection79: begin an election at term 8 for -1: [2fc70531-54f8-4344-a6a1-710636979233:192.168.36.126:43168, 3480664e-e083-4e16-97f4-fa54a8a0d12d:192.168.36.126:37426, 5b0dbadb-21f4-40db-895f-4946533ce0da:192.168.36.126:43134], old=null
2019-09-25 08:24:15,704 [5b0dbadb-21f4-40db-895f-4946533ce0da@group-EA354E46A7D3:LeaderElection81] INFO  impl.LeaderElection (LeaderElection.java:askForVotes(182)) - 5b0dbadb-21f4-40db-895f-4946533ce0da@group-EA354E46A7D3:LeaderElection81: begin an election at term 8 for -1: [2fc70531-54f8-4344-a6a1-710636979233:192.168.36.126:43168, 3480664e-e083-4e16-97f4-fa54a8a0d12d:192.168.36.126:37426, 5b0dbadb-21f4-40db-895f-4946533ce0da:192.168.36.126:43134], old=null
2019-09-25 08:24:15,704 [5b0dbadb-21f4-40db-895f-4946533ce0da@group-01C76DF8876D:LeaderElection80] INFO  impl.LeaderElection (LeaderElection.java:askForVotes(182)) - 5b0dbadb-21f4-40db-895f-4946533ce0da@group-01C76DF8876D:LeaderElection80: begin an election at term 8 for -1: [2fc70531-54f8-4344-a6a1-710636979233:192.168.36.126:43168, 3480664e-e083-4e16-97f4-fa54a8a0d12d:192.168.36.126:37426, 5b0dbadb-21f4-40db-895f-4946533ce0da:192.168.36.126:43134], old=null
2019-09-25 08:24:15,705 [grpc-default-executor-10] WARN  server.GrpcServerProtocolService (LogUtils.java:warn(136)) - 3480664e-e083-4e16-97f4-fa54a8a0d12d: Failed requestVote 2fc70531-54f8-4344-a6a1-710636979233->3480664e-e083-4e16-97f4-fa54a8a0d12d#0
org.apache.ratis.protocol.GroupMismatchException: 3480664e-e083-4e16-97f4-fa54a8a0d12d: group-84731DF171BE not found.
	at org.apache.ratis.server.impl.RaftServerProxy$ImplMap.get(RaftServerProxy.java:122)
	at org.apache.ratis.server.impl.RaftServerProxy.getImplFuture(RaftServerProxy.java:269)
	at org.apache.ratis.server.impl.RaftServerProxy.getImpl(RaftServerProxy.java:278)
	at org.apache.ratis.server.impl.RaftServerProxy.getImpl(RaftServerProxy.java:273)
	at org.apache.ratis.server.impl.RaftServerProxy.requestVote(RaftServerProxy.java:443)
	at org.apache.ratis.grpc.server.GrpcServerProtocolService.requestVote(GrpcServerProtocolService.java:142)
	at org.apache.ratis.proto.grpc.RaftServerProtocolServiceGrpc$MethodHandlers.invoke(RaftServerProtocolServiceGrpc.java:319)
	at org.apache.ratis.thirdparty.io.grpc.stub.ServerCalls$UnaryServerCallHandler$UnaryServerCallListener.onHalfClose(ServerCalls.java:171)
	at org.apache.ratis.thirdparty.io.grpc.internal.ServerCallImpl$ServerStreamListenerImpl.halfClosed(ServerCallImpl.java:283)
	at org.apache.ratis.thirdparty.io.grpc.internal.ServerImpl$JumpToApplicationThreadServerStreamListener$1HalfClosed.runInContext(ServerImpl.java:710)
	at org.apache.ratis.thirdparty.io.grpc.internal.ContextRunnable.run(ContextRunnable.java:37)
	at org.apache.ratis.thirdparty.io.grpc.internal.SerializingExecutor.run(SerializingExecutor.java:123)
	at java.util.concurrent.ThreadPoolExecutor.runWorker(ThreadPoolExecutor.java:1149)
	at java.util.concurrent.ThreadPoolExecutor$Worker.run(ThreadPoolExecutor.java:624)
	at java.lang.Thread.run(Thread.java:748)
2019-09-25 08:24:15,705 [grpc-default-executor-3] INFO  impl.RaftServerImpl (RaftServerImpl.java:setRole(174)) - 5b0dbadb-21f4-40db-895f-4946533ce0da@group-84731DF171BE: changes role from  FOLLOWER to FOLLOWER at term 8 for recognizeCandidate:2fc70531-54f8-4344-a6a1-710636979233
2019-09-25 08:24:15,705 [grpc-default-executor-21] WARN  server.GrpcServerProtocolService (LogUtils.java:warn(136)) - 3480664e-e083-4e16-97f4-fa54a8a0d12d: Failed requestVote 2fc70531-54f8-4344-a6a1-710636979233->3480664e-e083-4e16-97f4-fa54a8a0d12d#0
org.apache.ratis.protocol.GroupMismatchException: 3480664e-e083-4e16-97f4-fa54a8a0d12d: group-01C76DF8876D not found.
	at org.apache.ratis.server.impl.RaftServerProxy$ImplMap.get(RaftServerProxy.java:122)
	at org.apache.ratis.server.impl.RaftServerProxy.getImplFuture(RaftServerProxy.java:269)
	at org.apache.ratis.server.impl.RaftServerProxy.getImpl(RaftServerProxy.java:278)
	at org.apache.ratis.server.impl.RaftServerProxy.getImpl(RaftServerProxy.java:273)
	at org.apache.ratis.server.impl.RaftServerProxy.requestVote(RaftServerProxy.java:443)
	at org.apache.ratis.grpc.server.GrpcServerProtocolService.requestVote(GrpcServerProtocolService.java:142)
	at org.apache.ratis.proto.grpc.RaftServerProtocolServiceGrpc$MethodHandlers.invoke(RaftServerProtocolServiceGrpc.java:319)
	at org.apache.ratis.thirdparty.io.grpc.stub.ServerCalls$UnaryServerCallHandler$UnaryServerCallListener.onHalfClose(ServerCalls.java:171)
	at org.apache.ratis.thirdparty.io.grpc.internal.ServerCallImpl$ServerStreamListenerImpl.halfClosed(ServerCallImpl.java:283)
	at org.apache.ratis.thirdparty.io.grpc.internal.ServerImpl$JumpToApplicationThreadServerStreamListener$1HalfClosed.runInContext(ServerImpl.java:710)
	at org.apache.ratis.thirdparty.io.grpc.internal.ContextRunnable.run(ContextRunnable.java:37)
	at org.apache.ratis.thirdparty.io.grpc.internal.SerializingExecutor.run(SerializingExecutor.java:123)
	at java.util.concurrent.ThreadPoolExecutor.runWorker(ThreadPoolExecutor.java:1149)
	at java.util.concurrent.ThreadPoolExecutor$Worker.run(ThreadPoolExecutor.java:624)
	at java.lang.Thread.run(Thread.java:748)
2019-09-25 08:24:15,706 [grpc-default-executor-3] INFO  impl.RoleInfo (RoleInfo.java:shutdownFollowerState(121)) - 5b0dbadb-21f4-40db-895f-4946533ce0da: shutdown FollowerState
2019-09-25 08:24:15,713 [grpc-default-executor-3] INFO  impl.RoleInfo (RoleInfo.java:updateAndGet(143)) - 5b0dbadb-21f4-40db-895f-4946533ce0da: start FollowerState
2019-09-25 08:24:15,713 [Thread-687] INFO  impl.FollowerState (FollowerState.java:run(115)) - 5b0dbadb-21f4-40db-895f-4946533ce0da: FollowerState was interrupted: java.lang.InterruptedException: sleep interrupted
2019-09-25 08:24:15,714 [grpc-default-executor-5] INFO  impl.RaftServerImpl (RaftServerImpl.java:setRole(174)) - 2fc70531-54f8-4344-a6a1-710636979233@group-EA354E46A7D3: changes role from  FOLLOWER to FOLLOWER at term 8 for recognizeCandidate:5b0dbadb-21f4-40db-895f-4946533ce0da
2019-09-25 08:24:15,715 [grpc-default-executor-5] INFO  impl.RoleInfo (RoleInfo.java:shutdownFollowerState(121)) - 2fc70531-54f8-4344-a6a1-710636979233: shutdown FollowerState
2019-09-25 08:24:15,715 [grpc-default-executor-5] INFO  impl.RoleInfo (RoleInfo.java:updateAndGet(143)) - 2fc70531-54f8-4344-a6a1-710636979233: start FollowerState
2019-09-25 08:24:15,715 [Thread-683] INFO  impl.FollowerState (FollowerState.java:run(115)) - 2fc70531-54f8-4344-a6a1-710636979233: FollowerState was interrupted: java.lang.InterruptedException: sleep interrupted
2019-09-25 08:24:15,715 [grpc-default-executor-0] WARN  server.GrpcServerProtocolService (LogUtils.java:warn(136)) - 3480664e-e083-4e16-97f4-fa54a8a0d12d: Failed requestVote 5b0dbadb-21f4-40db-895f-4946533ce0da->3480664e-e083-4e16-97f4-fa54a8a0d12d#0
org.apache.ratis.protocol.GroupMismatchException: 3480664e-e083-4e16-97f4-fa54a8a0d12d: group-01C76DF8876D not found.
	at org.apache.ratis.server.impl.RaftServerProxy$ImplMap.get(RaftServerProxy.java:122)
	at org.apache.ratis.server.impl.RaftServerProxy.getImplFuture(RaftServerProxy.java:269)
	at org.apache.ratis.server.impl.RaftServerProxy.getImpl(RaftServerProxy.java:278)
	at org.apache.ratis.server.impl.RaftServerProxy.getImpl(RaftServerProxy.java:273)
	at org.apache.ratis.server.impl.RaftServerProxy.requestVote(RaftServerProxy.java:443)
	at org.apache.ratis.grpc.server.GrpcServerProtocolService.requestVote(GrpcServerProtocolService.java:142)
	at org.apache.ratis.proto.grpc.RaftServerProtocolServiceGrpc$MethodHandlers.invoke(RaftServerProtocolServiceGrpc.java:319)
	at org.apache.ratis.thirdparty.io.grpc.stub.ServerCalls$UnaryServerCallHandler$UnaryServerCallListener.onHalfClose(ServerCalls.java:171)
	at org.apache.ratis.thirdparty.io.grpc.internal.ServerCallImpl$ServerStreamListenerImpl.halfClosed(ServerCallImpl.java:283)
	at org.apache.ratis.thirdparty.io.grpc.internal.ServerImpl$JumpToApplicationThreadServerStreamListener$1HalfClosed.runInContext(ServerImpl.java:710)
	at org.apache.ratis.thirdparty.io.grpc.internal.ContextRunnable.run(ContextRunnable.java:37)
	at org.apache.ratis.thirdparty.io.grpc.internal.SerializingExecutor.run(SerializingExecutor.java:123)
	at java.util.concurrent.ThreadPoolExecutor.runWorker(ThreadPoolExecutor.java:1149)
	at java.util.concurrent.ThreadPoolExecutor$Worker.run(ThreadPoolExecutor.java:624)
	at java.lang.Thread.run(Thread.java:748)
2019-09-25 08:24:15,715 [grpc-default-executor-16] INFO  impl.RaftServerImpl (RaftServerImpl.java:setRole(174)) - 3480664e-e083-4e16-97f4-fa54a8a0d12d@group-EA354E46A7D3: changes role from  FOLLOWER to FOLLOWER at term 8 for recognizeCandidate:5b0dbadb-21f4-40db-895f-4946533ce0da
2019-09-25 08:24:15,716 [grpc-default-executor-16] INFO  impl.RoleInfo (RoleInfo.java:shutdownFollowerState(121)) - 3480664e-e083-4e16-97f4-fa54a8a0d12d: shutdown FollowerState
2019-09-25 08:24:15,716 [grpc-default-executor-16] INFO  impl.RoleInfo (RoleInfo.java:updateAndGet(143)) - 3480664e-e083-4e16-97f4-fa54a8a0d12d: start FollowerState
2019-09-25 08:24:15,717 [2fc70531-54f8-4344-a6a1-710636979233@group-84731DF171BE:LeaderElection78] INFO  impl.LeaderElection (LogUtils.java:infoOrTrace(149)) - 2fc70531-54f8-4344-a6a1-710636979233@group-84731DF171BE:LeaderElection78 got exception when requesting votes: {}
java.util.concurrent.ExecutionException: org.apache.ratis.thirdparty.io.grpc.StatusRuntimeException: INTERNAL: 3480664e-e083-4e16-97f4-fa54a8a0d12d: group-84731DF171BE not found.
	at java.util.concurrent.FutureTask.report(FutureTask.java:122)
	at java.util.concurrent.FutureTask.get(FutureTask.java:192)
	at org.apache.ratis.server.impl.LeaderElection.waitForResults(LeaderElection.java:263)
	at org.apache.ratis.server.impl.LeaderElection.askForVotes(LeaderElection.java:201)
	at org.apache.ratis.server.impl.LeaderElection.run(LeaderElection.java:133)
	at java.lang.Thread.run(Thread.java:748)
Caused by: org.apache.ratis.thirdparty.io.grpc.StatusRuntimeException: INTERNAL: 3480664e-e083-4e16-97f4-fa54a8a0d12d: group-84731DF171BE not found.
	at org.apache.ratis.thirdparty.io.grpc.stub.ClientCalls.toStatusRuntimeException(ClientCalls.java:233)
	at org.apache.ratis.thirdparty.io.grpc.stub.ClientCalls.getUnchecked(ClientCalls.java:214)
	at org.apache.ratis.thirdparty.io.grpc.stub.ClientCalls.blockingUnaryCall(ClientCalls.java:139)
	at org.apache.ratis.proto.grpc.RaftServerProtocolServiceGrpc$RaftServerProtocolServiceBlockingStub.requestVote(RaftServerProtocolServiceGrpc.java:265)
	at org.apache.ratis.grpc.server.GrpcServerProtocolClient.requestVote(GrpcServerProtocolClient.java:90)
	at org.apache.ratis.grpc.server.GrpcService.requestVote(GrpcService.java:204)
	at org.apache.ratis.server.impl.LeaderElection.lambda$submitRequests$1(LeaderElection.java:238)
	at java.util.concurrent.FutureTask.run(FutureTask.java:266)
	at java.util.concurrent.Executors$RunnableAdapter.call(Executors.java:511)
	at java.util.concurrent.FutureTask.run(FutureTask.java:266)
	at java.util.concurrent.ThreadPoolExecutor.runWorker(ThreadPoolExecutor.java:1149)
	at java.util.concurrent.ThreadPoolExecutor$Worker.run(ThreadPoolExecutor.java:624)
	... 1 more
2019-09-25 08:24:15,721 [2fc70531-54f8-4344-a6a1-710636979233@group-01C76DF8876D:LeaderElection79] INFO  impl.LeaderElection (LogUtils.java:infoOrTrace(149)) - 2fc70531-54f8-4344-a6a1-710636979233@group-01C76DF8876D:LeaderElection79 got exception when requesting votes: {}
java.util.concurrent.ExecutionException: org.apache.ratis.thirdparty.io.grpc.StatusRuntimeException: INTERNAL: 3480664e-e083-4e16-97f4-fa54a8a0d12d: group-01C76DF8876D not found.
	at java.util.concurrent.FutureTask.report(FutureTask.java:122)
	at java.util.concurrent.FutureTask.get(FutureTask.java:192)
	at org.apache.ratis.server.impl.LeaderElection.waitForResults(LeaderElection.java:263)
	at org.apache.ratis.server.impl.LeaderElection.askForVotes(LeaderElection.java:201)
	at org.apache.ratis.server.impl.LeaderElection.run(LeaderElection.java:133)
	at java.lang.Thread.run(Thread.java:748)
Caused by: org.apache.ratis.thirdparty.io.grpc.StatusRuntimeException: INTERNAL: 3480664e-e083-4e16-97f4-fa54a8a0d12d: group-01C76DF8876D not found.
	at org.apache.ratis.thirdparty.io.grpc.stub.ClientCalls.toStatusRuntimeException(ClientCalls.java:233)
	at org.apache.ratis.thirdparty.io.grpc.stub.ClientCalls.getUnchecked(ClientCalls.java:214)
	at org.apache.ratis.thirdparty.io.grpc.stub.ClientCalls.blockingUnaryCall(ClientCalls.java:139)
	at org.apache.ratis.proto.grpc.RaftServerProtocolServiceGrpc$RaftServerProtocolServiceBlockingStub.requestVote(RaftServerProtocolServiceGrpc.java:265)
	at org.apache.ratis.grpc.server.GrpcServerProtocolClient.requestVote(GrpcServerProtocolClient.java:90)
	at org.apache.ratis.grpc.server.GrpcService.requestVote(GrpcService.java:204)
	at org.apache.ratis.server.impl.LeaderElection.lambda$submitRequests$1(LeaderElection.java:238)
	at java.util.concurrent.FutureTask.run(FutureTask.java:266)
	at java.util.concurrent.Executors$RunnableAdapter.call(Executors.java:511)
	at java.util.concurrent.FutureTask.run(FutureTask.java:266)
	at java.util.concurrent.ThreadPoolExecutor.runWorker(ThreadPoolExecutor.java:1149)
	at java.util.concurrent.ThreadPoolExecutor$Worker.run(ThreadPoolExecutor.java:624)
	... 1 more
2019-09-25 08:24:15,730 [2fc70531-54f8-4344-a6a1-710636979233@group-01C76DF8876D:LeaderElection79] INFO  impl.LeaderElection (LeaderElection.java:logAndReturn(56)) - 2fc70531-54f8-4344-a6a1-710636979233@group-01C76DF8876D:LeaderElection79: Election REJECTED; received 1 response(s) [2fc70531-54f8-4344-a6a1-710636979233<-5b0dbadb-21f4-40db-895f-4946533ce0da#0:FAIL-t8] and 1 exception(s); 2fc70531-54f8-4344-a6a1-710636979233@group-01C76DF8876D:t8, leader=null, voted=2fc70531-54f8-4344-a6a1-710636979233, raftlog=2fc70531-54f8-4344-a6a1-710636979233@group-01C76DF8876D-SegmentedRaftLog:OPENED:c-1,f-1,i0, conf=-1: [2fc70531-54f8-4344-a6a1-710636979233:192.168.36.126:43168, 3480664e-e083-4e16-97f4-fa54a8a0d12d:192.168.36.126:37426, 5b0dbadb-21f4-40db-895f-4946533ce0da:192.168.36.126:43134], old=null
2019-09-25 08:24:15,730 [2fc70531-54f8-4344-a6a1-710636979233@group-01C76DF8876D:LeaderElection79] INFO  impl.LeaderElection (LogUtils.java:infoOrTrace(149)) -   Exception 0: {}
java.util.concurrent.ExecutionException: org.apache.ratis.thirdparty.io.grpc.StatusRuntimeException: INTERNAL: 3480664e-e083-4e16-97f4-fa54a8a0d12d: group-01C76DF8876D not found.
	at java.util.concurrent.FutureTask.report(FutureTask.java:122)
	at java.util.concurrent.FutureTask.get(FutureTask.java:192)
	at org.apache.ratis.server.impl.LeaderElection.waitForResults(LeaderElection.java:263)
	at org.apache.ratis.server.impl.LeaderElection.askForVotes(LeaderElection.java:201)
	at org.apache.ratis.server.impl.LeaderElection.run(LeaderElection.java:133)
	at java.lang.Thread.run(Thread.java:748)
Caused by: org.apache.ratis.thirdparty.io.grpc.StatusRuntimeException: INTERNAL: 3480664e-e083-4e16-97f4-fa54a8a0d12d: group-01C76DF8876D not found.
	at org.apache.ratis.thirdparty.io.grpc.stub.ClientCalls.toStatusRuntimeException(ClientCalls.java:233)
	at org.apache.ratis.thirdparty.io.grpc.stub.ClientCalls.getUnchecked(ClientCalls.java:214)
	at org.apache.ratis.thirdparty.io.grpc.stub.ClientCalls.blockingUnaryCall(ClientCalls.java:139)
	at org.apache.ratis.proto.grpc.RaftServerProtocolServiceGrpc$RaftServerProtocolServiceBlockingStub.requestVote(RaftServerProtocolServiceGrpc.java:265)
	at org.apache.ratis.grpc.server.GrpcServerProtocolClient.requestVote(GrpcServerProtocolClient.java:90)
	at org.apache.ratis.grpc.server.GrpcService.requestVote(GrpcService.java:204)
	at org.apache.ratis.server.impl.LeaderElection.lambda$submitRequests$1(LeaderElection.java:238)
	at java.util.concurrent.FutureTask.run(FutureTask.java:266)
	at java.util.concurrent.Executors$RunnableAdapter.call(Executors.java:511)
	at java.util.concurrent.FutureTask.run(FutureTask.java:266)
	at java.util.concurrent.ThreadPoolExecutor.runWorker(ThreadPoolExecutor.java:1149)
	at java.util.concurrent.ThreadPoolExecutor$Worker.run(ThreadPoolExecutor.java:624)
	... 1 more
2019-09-25 08:24:15,730 [2fc70531-54f8-4344-a6a1-710636979233@group-01C76DF8876D:LeaderElection79] INFO  impl.RaftServerImpl (RaftServerImpl.java:setRole(174)) - 2fc70531-54f8-4344-a6a1-710636979233@group-01C76DF8876D: changes role from CANDIDATE to FOLLOWER at term 8 for DISCOVERED_A_NEW_TERM
2019-09-25 08:24:15,731 [2fc70531-54f8-4344-a6a1-710636979233@group-01C76DF8876D:LeaderElection79] INFO  impl.RoleInfo (RoleInfo.java:shutdownLeaderElection(134)) - 2fc70531-54f8-4344-a6a1-710636979233: shutdown LeaderElection
2019-09-25 08:24:15,731 [2fc70531-54f8-4344-a6a1-710636979233@group-01C76DF8876D:LeaderElection79] INFO  impl.RoleInfo (RoleInfo.java:updateAndGet(143)) - 2fc70531-54f8-4344-a6a1-710636979233: start FollowerState
2019-09-25 08:24:15,731 [5b0dbadb-21f4-40db-895f-4946533ce0da@group-01C76DF8876D:LeaderElection80] INFO  impl.LeaderElection (LogUtils.java:infoOrTrace(149)) - 5b0dbadb-21f4-40db-895f-4946533ce0da@group-01C76DF8876D:LeaderElection80 got exception when requesting votes: {}
java.util.concurrent.ExecutionException: org.apache.ratis.thirdparty.io.grpc.StatusRuntimeException: INTERNAL: 3480664e-e083-4e16-97f4-fa54a8a0d12d: group-01C76DF8876D not found.
	at java.util.concurrent.FutureTask.report(FutureTask.java:122)
	at java.util.concurrent.FutureTask.get(FutureTask.java:192)
	at org.apache.ratis.server.impl.LeaderElection.waitForResults(LeaderElection.java:263)
	at org.apache.ratis.server.impl.LeaderElection.askForVotes(LeaderElection.java:201)
	at org.apache.ratis.server.impl.LeaderElection.run(LeaderElection.java:133)
	at java.lang.Thread.run(Thread.java:748)
Caused by: org.apache.ratis.thirdparty.io.grpc.StatusRuntimeException: INTERNAL: 3480664e-e083-4e16-97f4-fa54a8a0d12d: group-01C76DF8876D not found.
	at org.apache.ratis.thirdparty.io.grpc.stub.ClientCalls.toStatusRuntimeException(ClientCalls.java:233)
	at org.apache.ratis.thirdparty.io.grpc.stub.ClientCalls.getUnchecked(ClientCalls.java:214)
	at org.apache.ratis.thirdparty.io.grpc.stub.ClientCalls.blockingUnaryCall(ClientCalls.java:139)
	at org.apache.ratis.proto.grpc.RaftServerProtocolServiceGrpc$RaftServerProtocolServiceBlockingStub.requestVote(RaftServerProtocolServiceGrpc.java:265)
	at org.apache.ratis.grpc.server.GrpcServerProtocolClient.requestVote(GrpcServerProtocolClient.java:90)
	at org.apache.ratis.grpc.server.GrpcService.requestVote(GrpcService.java:204)
	at org.apache.ratis.server.impl.LeaderElection.lambda$submitRequests$1(LeaderElection.java:238)
	at java.util.concurrent.FutureTask.run(FutureTask.java:266)
	at java.util.concurrent.Executors$RunnableAdapter.call(Executors.java:511)
	at java.util.concurrent.FutureTask.run(FutureTask.java:266)
	at java.util.concurrent.ThreadPoolExecutor.runWorker(ThreadPoolExecutor.java:1149)
	at java.util.concurrent.ThreadPoolExecutor$Worker.run(ThreadPoolExecutor.java:624)
	... 1 more
2019-09-25 08:24:15,734 [5b0dbadb-21f4-40db-895f-4946533ce0da@group-01C76DF8876D:LeaderElection80] INFO  impl.LeaderElection (LeaderElection.java:logAndReturn(56)) - 5b0dbadb-21f4-40db-895f-4946533ce0da@group-01C76DF8876D:LeaderElection80: Election REJECTED; received 1 response(s) [5b0dbadb-21f4-40db-895f-4946533ce0da<-2fc70531-54f8-4344-a6a1-710636979233#0:FAIL-t8] and 1 exception(s); 5b0dbadb-21f4-40db-895f-4946533ce0da@group-01C76DF8876D:t8, leader=null, voted=5b0dbadb-21f4-40db-895f-4946533ce0da, raftlog=5b0dbadb-21f4-40db-895f-4946533ce0da@group-01C76DF8876D-SegmentedRaftLog:OPENED:c-1,f-1,i0, conf=-1: [2fc70531-54f8-4344-a6a1-710636979233:192.168.36.126:43168, 3480664e-e083-4e16-97f4-fa54a8a0d12d:192.168.36.126:37426, 5b0dbadb-21f4-40db-895f-4946533ce0da:192.168.36.126:43134], old=null
2019-09-25 08:24:15,734 [5b0dbadb-21f4-40db-895f-4946533ce0da@group-01C76DF8876D:LeaderElection80] INFO  impl.LeaderElection (LogUtils.java:infoOrTrace(149)) -   Exception 0: {}
java.util.concurrent.ExecutionException: org.apache.ratis.thirdparty.io.grpc.StatusRuntimeException: INTERNAL: 3480664e-e083-4e16-97f4-fa54a8a0d12d: group-01C76DF8876D not found.
	at java.util.concurrent.FutureTask.report(FutureTask.java:122)
	at java.util.concurrent.FutureTask.get(FutureTask.java:192)
	at org.apache.ratis.server.impl.LeaderElection.waitForResults(LeaderElection.java:263)
	at org.apache.ratis.server.impl.LeaderElection.askForVotes(LeaderElection.java:201)
	at org.apache.ratis.server.impl.LeaderElection.run(LeaderElection.java:133)
	at java.lang.Thread.run(Thread.java:748)
Caused by: org.apache.ratis.thirdparty.io.grpc.StatusRuntimeException: INTERNAL: 3480664e-e083-4e16-97f4-fa54a8a0d12d: group-01C76DF8876D not found.
	at org.apache.ratis.thirdparty.io.grpc.stub.ClientCalls.toStatusRuntimeException(ClientCalls.java:233)
	at org.apache.ratis.thirdparty.io.grpc.stub.ClientCalls.getUnchecked(ClientCalls.java:214)
	at org.apache.ratis.thirdparty.io.grpc.stub.ClientCalls.blockingUnaryCall(ClientCalls.java:139)
	at org.apache.ratis.proto.grpc.RaftServerProtocolServiceGrpc$RaftServerProtocolServiceBlockingStub.requestVote(RaftServerProtocolServiceGrpc.java:265)
	at org.apache.ratis.grpc.server.GrpcServerProtocolClient.requestVote(GrpcServerProtocolClient.java:90)
	at org.apache.ratis.grpc.server.GrpcService.requestVote(GrpcService.java:204)
	at org.apache.ratis.server.impl.LeaderElection.lambda$submitRequests$1(LeaderElection.java:238)
	at java.util.concurrent.FutureTask.run(FutureTask.java:266)
	at java.util.concurrent.Executors$RunnableAdapter.call(Executors.java:511)
	at java.util.concurrent.FutureTask.run(FutureTask.java:266)
	at java.util.concurrent.ThreadPoolExecutor.runWorker(ThreadPoolExecutor.java:1149)
	at java.util.concurrent.ThreadPoolExecutor$Worker.run(ThreadPoolExecutor.java:624)
	... 1 more
2019-09-25 08:24:15,734 [5b0dbadb-21f4-40db-895f-4946533ce0da@group-01C76DF8876D:LeaderElection80] INFO  impl.RaftServerImpl (RaftServerImpl.java:setRole(174)) - 5b0dbadb-21f4-40db-895f-4946533ce0da@group-01C76DF8876D: changes role from CANDIDATE to FOLLOWER at term 8 for DISCOVERED_A_NEW_TERM
2019-09-25 08:24:15,735 [5b0dbadb-21f4-40db-895f-4946533ce0da@group-01C76DF8876D:LeaderElection80] INFO  impl.RoleInfo (RoleInfo.java:shutdownLeaderElection(134)) - 5b0dbadb-21f4-40db-895f-4946533ce0da: shutdown LeaderElection
2019-09-25 08:24:15,735 [5b0dbadb-21f4-40db-895f-4946533ce0da@group-01C76DF8876D:LeaderElection80] INFO  impl.RoleInfo (RoleInfo.java:updateAndGet(143)) - 5b0dbadb-21f4-40db-895f-4946533ce0da: start FollowerState
2019-09-25 08:24:15,746 [2fc70531-54f8-4344-a6a1-710636979233@group-84731DF171BE:LeaderElection78] INFO  impl.LeaderElection (LeaderElection.java:logAndReturn(56)) - 2fc70531-54f8-4344-a6a1-710636979233@group-84731DF171BE:LeaderElection78: Election PASSED; received 1 response(s) [2fc70531-54f8-4344-a6a1-710636979233<-5b0dbadb-21f4-40db-895f-4946533ce0da#0:OK-t8] and 1 exception(s); 2fc70531-54f8-4344-a6a1-710636979233@group-84731DF171BE:t8, leader=null, voted=2fc70531-54f8-4344-a6a1-710636979233, raftlog=2fc70531-54f8-4344-a6a1-710636979233@group-84731DF171BE-SegmentedRaftLog:OPENED:c-1,f-1,i0, conf=-1: [2fc70531-54f8-4344-a6a1-710636979233:192.168.36.126:43168, 3480664e-e083-4e16-97f4-fa54a8a0d12d:192.168.36.126:37426, 5b0dbadb-21f4-40db-895f-4946533ce0da:192.168.36.126:43134], old=null
2019-09-25 08:24:15,746 [5b0dbadb-21f4-40db-895f-4946533ce0da@group-EA354E46A7D3:LeaderElection81] INFO  impl.LeaderElection (LeaderElection.java:logAndReturn(56)) - 5b0dbadb-21f4-40db-895f-4946533ce0da@group-EA354E46A7D3:LeaderElection81: Election PASSED; received 1 response(s) [5b0dbadb-21f4-40db-895f-4946533ce0da<-2fc70531-54f8-4344-a6a1-710636979233#0:OK-t8] and 0 exception(s); 5b0dbadb-21f4-40db-895f-4946533ce0da@group-EA354E46A7D3:t8, leader=null, voted=5b0dbadb-21f4-40db-895f-4946533ce0da, raftlog=5b0dbadb-21f4-40db-895f-4946533ce0da@group-EA354E46A7D3-SegmentedRaftLog:OPENED:c-1,f-1,i0, conf=-1: [2fc70531-54f8-4344-a6a1-710636979233:192.168.36.126:43168, 3480664e-e083-4e16-97f4-fa54a8a0d12d:192.168.36.126:37426, 5b0dbadb-21f4-40db-895f-4946533ce0da:192.168.36.126:43134], old=null
2019-09-25 08:24:15,747 [2fc70531-54f8-4344-a6a1-710636979233@group-84731DF171BE:LeaderElection78] INFO  impl.LeaderElection (LogUtils.java:infoOrTrace(149)) -   Exception 0: {}
java.util.concurrent.ExecutionException: org.apache.ratis.thirdparty.io.grpc.StatusRuntimeException: INTERNAL: 3480664e-e083-4e16-97f4-fa54a8a0d12d: group-84731DF171BE not found.
	at java.util.concurrent.FutureTask.report(FutureTask.java:122)
	at java.util.concurrent.FutureTask.get(FutureTask.java:192)
	at org.apache.ratis.server.impl.LeaderElection.waitForResults(LeaderElection.java:263)
	at org.apache.ratis.server.impl.LeaderElection.askForVotes(LeaderElection.java:201)
	at org.apache.ratis.server.impl.LeaderElection.run(LeaderElection.java:133)
	at java.lang.Thread.run(Thread.java:748)
Caused by: org.apache.ratis.thirdparty.io.grpc.StatusRuntimeException: INTERNAL: 3480664e-e083-4e16-97f4-fa54a8a0d12d: group-84731DF171BE not found.
	at org.apache.ratis.thirdparty.io.grpc.stub.ClientCalls.toStatusRuntimeException(ClientCalls.java:233)
	at org.apache.ratis.thirdparty.io.grpc.stub.ClientCalls.getUnchecked(ClientCalls.java:214)
	at org.apache.ratis.thirdparty.io.grpc.stub.ClientCalls.blockingUnaryCall(ClientCalls.java:139)
	at org.apache.ratis.proto.grpc.RaftServerProtocolServiceGrpc$RaftServerProtocolServiceBlockingStub.requestVote(RaftServerProtocolServiceGrpc.java:265)
	at org.apache.ratis.grpc.server.GrpcServerProtocolClient.requestVote(GrpcServerProtocolClient.java:90)
	at org.apache.ratis.grpc.server.GrpcService.requestVote(GrpcService.java:204)
	at org.apache.ratis.server.impl.LeaderElection.lambda$submitRequests$1(LeaderElection.java:238)
	at java.util.concurrent.FutureTask.run(FutureTask.java:266)
	at java.util.concurrent.Executors$RunnableAdapter.call(Executors.java:511)
	at java.util.concurrent.FutureTask.run(FutureTask.java:266)
	at java.util.concurrent.ThreadPoolExecutor.runWorker(ThreadPoolExecutor.java:1149)
	at java.util.concurrent.ThreadPoolExecutor$Worker.run(ThreadPoolExecutor.java:624)
	... 1 more
2019-09-25 08:24:15,747 [5b0dbadb-21f4-40db-895f-4946533ce0da@group-EA354E46A7D3:LeaderElection81] INFO  impl.RoleInfo (RoleInfo.java:shutdownLeaderElection(134)) - 5b0dbadb-21f4-40db-895f-4946533ce0da: shutdown LeaderElection
2019-09-25 08:24:15,747 [2fc70531-54f8-4344-a6a1-710636979233@group-84731DF171BE:LeaderElection78] INFO  impl.RoleInfo (RoleInfo.java:shutdownLeaderElection(134)) - 2fc70531-54f8-4344-a6a1-710636979233: shutdown LeaderElection
2019-09-25 08:24:15,747 [5b0dbadb-21f4-40db-895f-4946533ce0da@group-EA354E46A7D3:LeaderElection81] INFO  impl.RaftServerImpl (RaftServerImpl.java:setRole(174)) - 5b0dbadb-21f4-40db-895f-4946533ce0da@group-EA354E46A7D3: changes role from CANDIDATE to LEADER at term 8 for changeToLeader
2019-09-25 08:24:15,748 [2fc70531-54f8-4344-a6a1-710636979233@group-84731DF171BE:LeaderElection78] INFO  impl.RaftServerImpl (RaftServerImpl.java:setRole(174)) - 2fc70531-54f8-4344-a6a1-710636979233@group-84731DF171BE: changes role from CANDIDATE to LEADER at term 8 for changeToLeader
2019-09-25 08:24:15,748 [5b0dbadb-21f4-40db-895f-4946533ce0da@group-EA354E46A7D3:LeaderElection81] INFO  impl.RaftServerImpl (ServerState.java:setLeader(253)) - 5b0dbadb-21f4-40db-895f-4946533ce0da@group-EA354E46A7D3: change Leader from null to 5b0dbadb-21f4-40db-895f-4946533ce0da at term 8 for becomeLeader, leader elected after 58902ms
2019-09-25 08:24:15,748 [2fc70531-54f8-4344-a6a1-710636979233@group-84731DF171BE:LeaderElection78] INFO  impl.RaftServerImpl (ServerState.java:setLeader(253)) - 2fc70531-54f8-4344-a6a1-710636979233@group-84731DF171BE: change Leader from null to 2fc70531-54f8-4344-a6a1-710636979233 at term 8 for becomeLeader, leader elected after 61225ms
2019-09-25 08:24:15,748 [5b0dbadb-21f4-40db-895f-4946533ce0da@group-EA354E46A7D3:LeaderElection81] INFO  server.RaftServerConfigKeys (ConfUtils.java:logGet(43)) - raft.server.staging.catchup.gap = 1000 (default)
2019-09-25 08:24:15,750 [2fc70531-54f8-4344-a6a1-710636979233@group-84731DF171BE:LeaderElection78] INFO  server.RaftServerConfigKeys (ConfUtils.java:logGet(43)) - raft.server.staging.catchup.gap = 1000 (default)
2019-09-25 08:24:15,750 [5b0dbadb-21f4-40db-895f-4946533ce0da@group-EA354E46A7D3:LeaderElection81] INFO  server.RaftServerConfigKeys (ConfUtils.java:logGet(43)) - raft.server.rpc.sleep.time = 25ms (default)
2019-09-25 08:24:15,750 [2fc70531-54f8-4344-a6a1-710636979233@group-84731DF171BE:LeaderElection78] INFO  server.RaftServerConfigKeys (ConfUtils.java:logGet(43)) - raft.server.rpc.sleep.time = 25ms (default)
2019-09-25 08:24:15,750 [5b0dbadb-21f4-40db-895f-4946533ce0da@group-EA354E46A7D3:LeaderElection81] INFO  server.RaftServerConfigKeys (ConfUtils.java:logGet(43)) - raft.server.write.element-limit = 4096 (default)
2019-09-25 08:24:15,750 [2fc70531-54f8-4344-a6a1-710636979233@group-84731DF171BE:LeaderElection78] INFO  server.RaftServerConfigKeys (ConfUtils.java:logGet(43)) - raft.server.write.element-limit = 4096 (default)
2019-09-25 08:24:15,750 [5b0dbadb-21f4-40db-895f-4946533ce0da@group-EA354E46A7D3:LeaderElection81] INFO  server.RaftServerConfigKeys (ConfUtils.java:logGet(43)) - raft.server.watch.timeout = 10s (default)
2019-09-25 08:24:15,751 [2fc70531-54f8-4344-a6a1-710636979233@group-84731DF171BE:LeaderElection78] INFO  server.RaftServerConfigKeys (ConfUtils.java:logGet(43)) - raft.server.watch.timeout = 10s (default)
2019-09-25 08:24:15,751 [5b0dbadb-21f4-40db-895f-4946533ce0da@group-EA354E46A7D3:LeaderElection81] INFO  server.RaftServerConfigKeys (ConfUtils.java:logGet(43)) - raft.server.watch.timeout.denomination = 1s (default)
2019-09-25 08:24:15,751 [2fc70531-54f8-4344-a6a1-710636979233@group-84731DF171BE:LeaderElection78] INFO  server.RaftServerConfigKeys (ConfUtils.java:logGet(43)) - raft.server.watch.timeout.denomination = 1s (default)
2019-09-25 08:24:15,751 [5b0dbadb-21f4-40db-895f-4946533ce0da@group-EA354E46A7D3:LeaderElection81] INFO  server.RaftServerConfigKeys (ConfUtils.java:logGet(43)) - raft.server.watch.element-limit = 65536 (default)
2019-09-25 08:24:15,751 [2fc70531-54f8-4344-a6a1-710636979233@group-84731DF171BE:LeaderElection78] INFO  server.RaftServerConfigKeys (ConfUtils.java:logGet(43)) - raft.server.watch.element-limit = 65536 (default)
2019-09-25 08:24:15,759 [2fc70531-54f8-4344-a6a1-710636979233@group-84731DF171BE:LeaderElection78] INFO  server.RaftServerConfigKeys (ConfUtils.java:logGet(43)) - raft.server.log.appender.snapshot.chunk.size.max = 16MB (=16777216) (default)
2019-09-25 08:24:15,759 [5b0dbadb-21f4-40db-895f-4946533ce0da@group-EA354E46A7D3:LeaderElection81] INFO  server.RaftServerConfigKeys (ConfUtils.java:logGet(43)) - raft.server.log.appender.snapshot.chunk.size.max = 16MB (=16777216) (default)
2019-09-25 08:24:15,759 [2fc70531-54f8-4344-a6a1-710636979233@group-84731DF171BE:LeaderElection78] INFO  server.RaftServerConfigKeys (ConfUtils.java:logGet(43)) - raft.server.log.appender.buffer.byte-limit = 33554432 (custom)
2019-09-25 08:24:15,759 [5b0dbadb-21f4-40db-895f-4946533ce0da@group-EA354E46A7D3:LeaderElection81] INFO  server.RaftServerConfigKeys (ConfUtils.java:logGet(43)) - raft.server.log.appender.buffer.byte-limit = 33554432 (custom)
2019-09-25 08:24:15,760 [2fc70531-54f8-4344-a6a1-710636979233@group-84731DF171BE:LeaderElection78] INFO  server.RaftServerConfigKeys (ConfUtils.java:logGet(43)) - raft.server.log.appender.buffer.element-limit = 1 (custom)
2019-09-25 08:24:15,760 [5b0dbadb-21f4-40db-895f-4946533ce0da@group-EA354E46A7D3:LeaderElection81] INFO  server.RaftServerConfigKeys (ConfUtils.java:logGet(43)) - raft.server.log.appender.buffer.element-limit = 1 (custom)
2019-09-25 08:24:15,765 [2fc70531-54f8-4344-a6a1-710636979233@group-84731DF171BE:LeaderElection78] INFO  grpc.GrpcConfigKeys$Server (ConfUtils.java:logGet(43)) - raft.grpc.server.leader.outstanding.appends.max = 128 (default)
2019-09-25 08:24:15,765 [5b0dbadb-21f4-40db-895f-4946533ce0da@group-EA354E46A7D3:LeaderElection81] INFO  grpc.GrpcConfigKeys$Server (ConfUtils.java:logGet(43)) - raft.grpc.server.leader.outstanding.appends.max = 128 (default)
2019-09-25 08:24:15,765 [2fc70531-54f8-4344-a6a1-710636979233@group-84731DF171BE:LeaderElection78] INFO  server.RaftServerConfigKeys (ConfUtils.java:logGet(43)) - raft.server.rpc.request.timeout = 3000ms (default)
2019-09-25 08:24:15,765 [5b0dbadb-21f4-40db-895f-4946533ce0da@group-EA354E46A7D3:LeaderElection81] INFO  server.RaftServerConfigKeys (ConfUtils.java:logGet(43)) - raft.server.rpc.request.timeout = 3000ms (default)
2019-09-25 08:24:15,766 [2fc70531-54f8-4344-a6a1-710636979233@group-84731DF171BE:LeaderElection78] INFO  server.RaftServerConfigKeys (ConfUtils.java:logGet(43)) - raft.server.log.appender.install.snapshot.enabled = false (custom)
2019-09-25 08:24:15,765 [Thread-686] INFO  impl.FollowerState (FollowerState.java:run(106)) - 2fc70531-54f8-4344-a6a1-710636979233:group-8168C372A2DA changes to CANDIDATE, lastRpcTime:5144, electionTimeout:5144ms
2019-09-25 08:24:15,766 [5b0dbadb-21f4-40db-895f-4946533ce0da@group-EA354E46A7D3:LeaderElection81] INFO  server.RaftServerConfigKeys (ConfUtils.java:logGet(43)) - raft.server.log.appender.install.snapshot.enabled = false (custom)
2019-09-25 08:24:15,766 [Thread-686] INFO  impl.RoleInfo (RoleInfo.java:shutdownFollowerState(121)) - 2fc70531-54f8-4344-a6a1-710636979233: shutdown FollowerState
2019-09-25 08:24:15,766 [Thread-686] INFO  impl.RaftServerImpl (RaftServerImpl.java:setRole(174)) - 2fc70531-54f8-4344-a6a1-710636979233@group-8168C372A2DA: changes role from  FOLLOWER to CANDIDATE at term 7 for changeToCandidate
2019-09-25 08:24:15,767 [Thread-686] INFO  impl.RoleInfo (RoleInfo.java:updateAndGet(143)) - 2fc70531-54f8-4344-a6a1-710636979233: start LeaderElection
2019-09-25 08:24:15,767 [2fc70531-54f8-4344-a6a1-710636979233@group-84731DF171BE:LeaderElection78] INFO  server.RaftServerConfigKeys (ConfUtils.java:logGet(43)) - raft.server.log.appender.snapshot.chunk.size.max = 16MB (=16777216) (default)
2019-09-25 08:24:15,767 [5b0dbadb-21f4-40db-895f-4946533ce0da@group-EA354E46A7D3:LeaderElection81] INFO  server.RaftServerConfigKeys (ConfUtils.java:logGet(43)) - raft.server.log.appender.snapshot.chunk.size.max = 16MB (=16777216) (default)
2019-09-25 08:24:15,767 [2fc70531-54f8-4344-a6a1-710636979233@group-84731DF171BE:LeaderElection78] INFO  server.RaftServerConfigKeys (ConfUtils.java:logGet(43)) - raft.server.log.appender.buffer.byte-limit = 33554432 (custom)
2019-09-25 08:24:15,768 [5b0dbadb-21f4-40db-895f-4946533ce0da@group-EA354E46A7D3:LeaderElection81] INFO  server.RaftServerConfigKeys (ConfUtils.java:logGet(43)) - raft.server.log.appender.buffer.byte-limit = 33554432 (custom)
2019-09-25 08:24:15,768 [2fc70531-54f8-4344-a6a1-710636979233@group-84731DF171BE:LeaderElection78] INFO  server.RaftServerConfigKeys (ConfUtils.java:logGet(43)) - raft.server.log.appender.buffer.element-limit = 1 (custom)
2019-09-25 08:24:15,768 [5b0dbadb-21f4-40db-895f-4946533ce0da@group-EA354E46A7D3:LeaderElection81] INFO  server.RaftServerConfigKeys (ConfUtils.java:logGet(43)) - raft.server.log.appender.buffer.element-limit = 1 (custom)
2019-09-25 08:24:15,768 [2fc70531-54f8-4344-a6a1-710636979233@group-84731DF171BE:LeaderElection78] INFO  grpc.GrpcConfigKeys$Server (ConfUtils.java:logGet(43)) - raft.grpc.server.leader.outstanding.appends.max = 128 (default)
2019-09-25 08:24:15,768 [5b0dbadb-21f4-40db-895f-4946533ce0da@group-EA354E46A7D3:LeaderElection81] INFO  grpc.GrpcConfigKeys$Server (ConfUtils.java:logGet(43)) - raft.grpc.server.leader.outstanding.appends.max = 128 (default)
2019-09-25 08:24:15,768 [2fc70531-54f8-4344-a6a1-710636979233@group-84731DF171BE:LeaderElection78] INFO  server.RaftServerConfigKeys (ConfUtils.java:logGet(43)) - raft.server.rpc.request.timeout = 3000ms (default)
2019-09-25 08:24:15,769 [5b0dbadb-21f4-40db-895f-4946533ce0da@group-EA354E46A7D3:LeaderElection81] INFO  server.RaftServerConfigKeys (ConfUtils.java:logGet(43)) - raft.server.rpc.request.timeout = 3000ms (default)
2019-09-25 08:24:15,769 [2fc70531-54f8-4344-a6a1-710636979233@group-84731DF171BE:LeaderElection78] INFO  server.RaftServerConfigKeys (ConfUtils.java:logGet(43)) - raft.server.log.appender.install.snapshot.enabled = false (custom)
2019-09-25 08:24:15,769 [5b0dbadb-21f4-40db-895f-4946533ce0da@group-EA354E46A7D3:LeaderElection81] INFO  server.RaftServerConfigKeys (ConfUtils.java:logGet(43)) - raft.server.log.appender.install.snapshot.enabled = false (custom)
2019-09-25 08:24:15,770 [2fc70531-54f8-4344-a6a1-710636979233@group-84731DF171BE:LeaderElection78] INFO  impl.RoleInfo (RoleInfo.java:updateAndGet(143)) - 2fc70531-54f8-4344-a6a1-710636979233: start LeaderState
2019-09-25 08:24:15,770 [5b0dbadb-21f4-40db-895f-4946533ce0da@group-EA354E46A7D3:LeaderElection81] INFO  impl.RoleInfo (RoleInfo.java:updateAndGet(143)) - 5b0dbadb-21f4-40db-895f-4946533ce0da: start LeaderState
2019-09-25 08:24:15,771 [2fc70531-54f8-4344-a6a1-710636979233@group-84731DF171BE:LeaderElection78] INFO  segmented.SegmentedRaftLogWorker (SegmentedRaftLogWorker.java:startLogSegment(380)) - 2fc70531-54f8-4344-a6a1-710636979233@group-84731DF171BE-SegmentedRaftLogWorker: Starting segment from index:0
2019-09-25 08:24:15,771 [5b0dbadb-21f4-40db-895f-4946533ce0da@group-EA354E46A7D3:LeaderElection81] INFO  segmented.SegmentedRaftLogWorker (SegmentedRaftLogWorker.java:startLogSegment(380)) - 5b0dbadb-21f4-40db-895f-4946533ce0da@group-EA354E46A7D3-SegmentedRaftLogWorker: Starting segment from index:0
2019-09-25 08:24:15,772 [2fc70531-54f8-4344-a6a1-710636979233@group-84731DF171BE:LeaderElection78] INFO  impl.RaftServerImpl (ServerState.java:setRaftConf(354)) - 2fc70531-54f8-4344-a6a1-710636979233@group-84731DF171BE: set configuration 0: [2fc70531-54f8-4344-a6a1-710636979233:192.168.36.126:43168, 3480664e-e083-4e16-97f4-fa54a8a0d12d:192.168.36.126:37426, 5b0dbadb-21f4-40db-895f-4946533ce0da:192.168.36.126:43134], old=null at 0
2019-09-25 08:24:15,772 [5b0dbadb-21f4-40db-895f-4946533ce0da@group-EA354E46A7D3:LeaderElection81] INFO  impl.RaftServerImpl (ServerState.java:setRaftConf(354)) - 5b0dbadb-21f4-40db-895f-4946533ce0da@group-EA354E46A7D3: set configuration 0: [2fc70531-54f8-4344-a6a1-710636979233:192.168.36.126:43168, 3480664e-e083-4e16-97f4-fa54a8a0d12d:192.168.36.126:37426, 5b0dbadb-21f4-40db-895f-4946533ce0da:192.168.36.126:43134], old=null at 0
2019-09-25 08:24:15,773 [2fc70531-54f8-4344-a6a1-710636979233@group-8168C372A2DA:LeaderElection82] INFO  impl.LeaderElection (LeaderElection.java:askForVotes(182)) - 2fc70531-54f8-4344-a6a1-710636979233@group-8168C372A2DA:LeaderElection82: begin an election at term 8 for -1: [2fc70531-54f8-4344-a6a1-710636979233:192.168.36.126:43168, 3480664e-e083-4e16-97f4-fa54a8a0d12d:192.168.36.126:37426, 5b0dbadb-21f4-40db-895f-4946533ce0da:192.168.36.126:43134], old=null
2019-09-25 08:24:15,776 [Thread-685] INFO  impl.FollowerState (FollowerState.java:run(106)) - 5b0dbadb-21f4-40db-895f-4946533ce0da:group-8168C372A2DA changes to CANDIDATE, lastRpcTime:5156, electionTimeout:5155ms
2019-09-25 08:24:15,776 [Thread-685] INFO  impl.RoleInfo (RoleInfo.java:shutdownFollowerState(121)) - 5b0dbadb-21f4-40db-895f-4946533ce0da: shutdown FollowerState
2019-09-25 08:24:15,776 [Thread-685] INFO  impl.RaftServerImpl (RaftServerImpl.java:setRole(174)) - 5b0dbadb-21f4-40db-895f-4946533ce0da@group-8168C372A2DA: changes role from  FOLLOWER to CANDIDATE at term 7 for changeToCandidate
2019-09-25 08:24:15,777 [Thread-685] INFO  impl.RoleInfo (RoleInfo.java:updateAndGet(143)) - 5b0dbadb-21f4-40db-895f-4946533ce0da: start LeaderElection
2019-09-25 08:24:15,777 [grpc-default-executor-3] WARN  server.GrpcServerProtocolService (LogUtils.java:warn(136)) - 3480664e-e083-4e16-97f4-fa54a8a0d12d: Failed requestVote 2fc70531-54f8-4344-a6a1-710636979233->3480664e-e083-4e16-97f4-fa54a8a0d12d#0
org.apache.ratis.protocol.GroupMismatchException: 3480664e-e083-4e16-97f4-fa54a8a0d12d: group-8168C372A2DA not found.
	at org.apache.ratis.server.impl.RaftServerProxy$ImplMap.get(RaftServerProxy.java:122)
	at org.apache.ratis.server.impl.RaftServerProxy.getImplFuture(RaftServerProxy.java:269)
	at org.apache.ratis.server.impl.RaftServerProxy.getImpl(RaftServerProxy.java:278)
	at org.apache.ratis.server.impl.RaftServerProxy.getImpl(RaftServerProxy.java:273)
	at org.apache.ratis.server.impl.RaftServerProxy.requestVote(RaftServerProxy.java:443)
	at org.apache.ratis.grpc.server.GrpcServerProtocolService.requestVote(GrpcServerProtocolService.java:142)
	at org.apache.ratis.proto.grpc.RaftServerProtocolServiceGrpc$MethodHandlers.invoke(RaftServerProtocolServiceGrpc.java:319)
	at org.apache.ratis.thirdparty.io.grpc.stub.ServerCalls$UnaryServerCallHandler$UnaryServerCallListener.onHalfClose(ServerCalls.java:171)
	at org.apache.ratis.thirdparty.io.grpc.internal.ServerCallImpl$ServerStreamListenerImpl.halfClosed(ServerCallImpl.java:283)
	at org.apache.ratis.thirdparty.io.grpc.internal.ServerImpl$JumpToApplicationThreadServerStreamListener$1HalfClosed.runInContext(ServerImpl.java:710)
	at org.apache.ratis.thirdparty.io.grpc.internal.ContextRunnable.run(ContextRunnable.java:37)
	at org.apache.ratis.thirdparty.io.grpc.internal.SerializingExecutor.run(SerializingExecutor.java:123)
	at java.util.concurrent.ThreadPoolExecutor.runWorker(ThreadPoolExecutor.java:1149)
	at java.util.concurrent.ThreadPoolExecutor$Worker.run(ThreadPoolExecutor.java:624)
	at java.lang.Thread.run(Thread.java:748)
2019-09-25 08:24:15,782 [2fc70531-54f8-4344-a6a1-710636979233@group-8168C372A2DA:LeaderElection82] INFO  impl.LeaderElection (LogUtils.java:infoOrTrace(149)) - 2fc70531-54f8-4344-a6a1-710636979233@group-8168C372A2DA:LeaderElection82 got exception when requesting votes: {}
java.util.concurrent.ExecutionException: org.apache.ratis.thirdparty.io.grpc.StatusRuntimeException: INTERNAL: 3480664e-e083-4e16-97f4-fa54a8a0d12d: group-8168C372A2DA not found.
	at java.util.concurrent.FutureTask.report(FutureTask.java:122)
	at java.util.concurrent.FutureTask.get(FutureTask.java:192)
	at org.apache.ratis.server.impl.LeaderElection.waitForResults(LeaderElection.java:263)
	at org.apache.ratis.server.impl.LeaderElection.askForVotes(LeaderElection.java:201)
	at org.apache.ratis.server.impl.LeaderElection.run(LeaderElection.java:133)
	at java.lang.Thread.run(Thread.java:748)
Caused by: org.apache.ratis.thirdparty.io.grpc.StatusRuntimeException: INTERNAL: 3480664e-e083-4e16-97f4-fa54a8a0d12d: group-8168C372A2DA not found.
	at org.apache.ratis.thirdparty.io.grpc.stub.ClientCalls.toStatusRuntimeException(ClientCalls.java:233)
	at org.apache.ratis.thirdparty.io.grpc.stub.ClientCalls.getUnchecked(ClientCalls.java:214)
	at org.apache.ratis.thirdparty.io.grpc.stub.ClientCalls.blockingUnaryCall(ClientCalls.java:139)
	at org.apache.ratis.proto.grpc.RaftServerProtocolServiceGrpc$RaftServerProtocolServiceBlockingStub.requestVote(RaftServerProtocolServiceGrpc.java:265)
	at org.apache.ratis.grpc.server.GrpcServerProtocolClient.requestVote(GrpcServerProtocolClient.java:90)
	at org.apache.ratis.grpc.server.GrpcService.requestVote(GrpcService.java:204)
	at org.apache.ratis.server.impl.LeaderElection.lambda$submitRequests$1(LeaderElection.java:238)
	at java.util.concurrent.FutureTask.run(FutureTask.java:266)
	at java.util.concurrent.Executors$RunnableAdapter.call(Executors.java:511)
	at java.util.concurrent.FutureTask.run(FutureTask.java:266)
	at java.util.concurrent.ThreadPoolExecutor.runWorker(ThreadPoolExecutor.java:1149)
	at java.util.concurrent.ThreadPoolExecutor$Worker.run(ThreadPoolExecutor.java:624)
	... 1 more
2019-09-25 08:24:15,807 [5b0dbadb-21f4-40db-895f-4946533ce0da@group-8168C372A2DA:LeaderElection83] INFO  impl.LeaderElection (LeaderElection.java:askForVotes(182)) - 5b0dbadb-21f4-40db-895f-4946533ce0da@group-8168C372A2DA:LeaderElection83: begin an election at term 8 for -1: [2fc70531-54f8-4344-a6a1-710636979233:192.168.36.126:43168, 3480664e-e083-4e16-97f4-fa54a8a0d12d:192.168.36.126:37426, 5b0dbadb-21f4-40db-895f-4946533ce0da:192.168.36.126:43134], old=null
2019-09-25 08:24:15,809 [2fc70531-54f8-4344-a6a1-710636979233@group-8168C372A2DA:LeaderElection82] INFO  impl.LeaderElection (LeaderElection.java:logAndReturn(56)) - 2fc70531-54f8-4344-a6a1-710636979233@group-8168C372A2DA:LeaderElection82: Election REJECTED; received 1 response(s) [2fc70531-54f8-4344-a6a1-710636979233<-5b0dbadb-21f4-40db-895f-4946533ce0da#0:FAIL-t8] and 1 exception(s); 2fc70531-54f8-4344-a6a1-710636979233@group-8168C372A2DA:t8, leader=null, voted=2fc70531-54f8-4344-a6a1-710636979233, raftlog=2fc70531-54f8-4344-a6a1-710636979233@group-8168C372A2DA-SegmentedRaftLog:OPENED:c-1,f-1,i0, conf=-1: [2fc70531-54f8-4344-a6a1-710636979233:192.168.36.126:43168, 3480664e-e083-4e16-97f4-fa54a8a0d12d:192.168.36.126:37426, 5b0dbadb-21f4-40db-895f-4946533ce0da:192.168.36.126:43134], old=null
2019-09-25 08:24:15,809 [2fc70531-54f8-4344-a6a1-710636979233@group-8168C372A2DA:LeaderElection82] INFO  impl.LeaderElection (LogUtils.java:infoOrTrace(149)) -   Exception 0: {}
java.util.concurrent.ExecutionException: org.apache.ratis.thirdparty.io.grpc.StatusRuntimeException: INTERNAL: 3480664e-e083-4e16-97f4-fa54a8a0d12d: group-8168C372A2DA not found.
	at java.util.concurrent.FutureTask.report(FutureTask.java:122)
	at java.util.concurrent.FutureTask.get(FutureTask.java:192)
	at org.apache.ratis.server.impl.LeaderElection.waitForResults(LeaderElection.java:263)
	at org.apache.ratis.server.impl.LeaderElection.askForVotes(LeaderElection.java:201)
	at org.apache.ratis.server.impl.LeaderElection.run(LeaderElection.java:133)
	at java.lang.Thread.run(Thread.java:748)
Caused by: org.apache.ratis.thirdparty.io.grpc.StatusRuntimeException: INTERNAL: 3480664e-e083-4e16-97f4-fa54a8a0d12d: group-8168C372A2DA not found.
	at org.apache.ratis.thirdparty.io.grpc.stub.ClientCalls.toStatusRuntimeException(ClientCalls.java:233)
	at org.apache.ratis.thirdparty.io.grpc.stub.ClientCalls.getUnchecked(ClientCalls.java:214)
	at org.apache.ratis.thirdparty.io.grpc.stub.ClientCalls.blockingUnaryCall(ClientCalls.java:139)
	at org.apache.ratis.proto.grpc.RaftServerProtocolServiceGrpc$RaftServerProtocolServiceBlockingStub.requestVote(RaftServerProtocolServiceGrpc.java:265)
	at org.apache.ratis.grpc.server.GrpcServerProtocolClient.requestVote(GrpcServerProtocolClient.java:90)
	at org.apache.ratis.grpc.server.GrpcService.requestVote(GrpcService.java:204)
	at org.apache.ratis.server.impl.LeaderElection.lambda$submitRequests$1(LeaderElection.java:238)
	at java.util.concurrent.FutureTask.run(FutureTask.java:266)
	at java.util.concurrent.Executors$RunnableAdapter.call(Executors.java:511)
	at java.util.concurrent.FutureTask.run(FutureTask.java:266)
	at java.util.concurrent.ThreadPoolExecutor.runWorker(ThreadPoolExecutor.java:1149)
	at java.util.concurrent.ThreadPoolExecutor$Worker.run(ThreadPoolExecutor.java:624)
	... 1 more
2019-09-25 08:24:15,810 [2fc70531-54f8-4344-a6a1-710636979233@group-8168C372A2DA:LeaderElection82] INFO  impl.RaftServerImpl (RaftServerImpl.java:setRole(174)) - 2fc70531-54f8-4344-a6a1-710636979233@group-8168C372A2DA: changes role from CANDIDATE to FOLLOWER at term 8 for DISCOVERED_A_NEW_TERM
2019-09-25 08:24:15,810 [2fc70531-54f8-4344-a6a1-710636979233@group-8168C372A2DA:LeaderElection82] INFO  impl.RoleInfo (RoleInfo.java:shutdownLeaderElection(134)) - 2fc70531-54f8-4344-a6a1-710636979233: shutdown LeaderElection
2019-09-25 08:24:15,810 [2fc70531-54f8-4344-a6a1-710636979233@group-8168C372A2DA:LeaderElection82] INFO  impl.RoleInfo (RoleInfo.java:updateAndGet(143)) - 2fc70531-54f8-4344-a6a1-710636979233: start FollowerState
2019-09-25 08:24:15,810 [grpc-default-executor-0] WARN  server.GrpcServerProtocolService (LogUtils.java:warn(136)) - 3480664e-e083-4e16-97f4-fa54a8a0d12d: Failed requestVote 5b0dbadb-21f4-40db-895f-4946533ce0da->3480664e-e083-4e16-97f4-fa54a8a0d12d#0
org.apache.ratis.protocol.GroupMismatchException: 3480664e-e083-4e16-97f4-fa54a8a0d12d: group-8168C372A2DA not found.
	at org.apache.ratis.server.impl.RaftServerProxy$ImplMap.get(RaftServerProxy.java:122)
	at org.apache.ratis.server.impl.RaftServerProxy.getImplFuture(RaftServerProxy.java:269)
	at org.apache.ratis.server.impl.RaftServerProxy.getImpl(RaftServerProxy.java:278)
	at org.apache.ratis.server.impl.RaftServerProxy.getImpl(RaftServerProxy.java:273)
	at org.apache.ratis.server.impl.RaftServerProxy.requestVote(RaftServerProxy.java:443)
	at org.apache.ratis.grpc.server.GrpcServerProtocolService.requestVote(GrpcServerProtocolService.java:142)
	at org.apache.ratis.proto.grpc.RaftServerProtocolServiceGrpc$MethodHandlers.invoke(RaftServerProtocolServiceGrpc.java:319)
	at org.apache.ratis.thirdparty.io.grpc.stub.ServerCalls$UnaryServerCallHandler$UnaryServerCallListener.onHalfClose(ServerCalls.java:171)
	at org.apache.ratis.thirdparty.io.grpc.internal.ServerCallImpl$ServerStreamListenerImpl.halfClosed(ServerCallImpl.java:283)
	at org.apache.ratis.thirdparty.io.grpc.internal.ServerImpl$JumpToApplicationThreadServerStreamListener$1HalfClosed.runInContext(ServerImpl.java:710)
	at org.apache.ratis.thirdparty.io.grpc.internal.ContextRunnable.run(ContextRunnable.java:37)
	at org.apache.ratis.thirdparty.io.grpc.internal.SerializingExecutor.run(SerializingExecutor.java:123)
	at java.util.concurrent.ThreadPoolExecutor.runWorker(ThreadPoolExecutor.java:1149)
	at java.util.concurrent.ThreadPoolExecutor$Worker.run(ThreadPoolExecutor.java:624)
	at java.lang.Thread.run(Thread.java:748)
2019-09-25 08:24:15,816 [5b0dbadb-21f4-40db-895f-4946533ce0da@group-8168C372A2DA:LeaderElection83] INFO  impl.LeaderElection (LogUtils.java:infoOrTrace(149)) - 5b0dbadb-21f4-40db-895f-4946533ce0da@group-8168C372A2DA:LeaderElection83 got exception when requesting votes: {}
java.util.concurrent.ExecutionException: org.apache.ratis.thirdparty.io.grpc.StatusRuntimeException: INTERNAL: 3480664e-e083-4e16-97f4-fa54a8a0d12d: group-8168C372A2DA not found.
	at java.util.concurrent.FutureTask.report(FutureTask.java:122)
	at java.util.concurrent.FutureTask.get(FutureTask.java:192)
	at org.apache.ratis.server.impl.LeaderElection.waitForResults(LeaderElection.java:263)
	at org.apache.ratis.server.impl.LeaderElection.askForVotes(LeaderElection.java:201)
	at org.apache.ratis.server.impl.LeaderElection.run(LeaderElection.java:133)
	at java.lang.Thread.run(Thread.java:748)
Caused by: org.apache.ratis.thirdparty.io.grpc.StatusRuntimeException: INTERNAL: 3480664e-e083-4e16-97f4-fa54a8a0d12d: group-8168C372A2DA not found.
	at org.apache.ratis.thirdparty.io.grpc.stub.ClientCalls.toStatusRuntimeException(ClientCalls.java:233)
	at org.apache.ratis.thirdparty.io.grpc.stub.ClientCalls.getUnchecked(ClientCalls.java:214)
	at org.apache.ratis.thirdparty.io.grpc.stub.ClientCalls.blockingUnaryCall(ClientCalls.java:139)
	at org.apache.ratis.proto.grpc.RaftServerProtocolServiceGrpc$RaftServerProtocolServiceBlockingStub.requestVote(RaftServerProtocolServiceGrpc.java:265)
	at org.apache.ratis.grpc.server.GrpcServerProtocolClient.requestVote(GrpcServerProtocolClient.java:90)
	at org.apache.ratis.grpc.server.GrpcService.requestVote(GrpcService.java:204)
	at org.apache.ratis.server.impl.LeaderElection.lambda$submitRequests$1(LeaderElection.java:238)
	at java.util.concurrent.FutureTask.run(FutureTask.java:266)
	at java.util.concurrent.Executors$RunnableAdapter.call(Executors.java:511)
	at java.util.concurrent.FutureTask.run(FutureTask.java:266)
	at java.util.concurrent.ThreadPoolExecutor.runWorker(ThreadPoolExecutor.java:1149)
	at java.util.concurrent.ThreadPoolExecutor$Worker.run(ThreadPoolExecutor.java:624)
	... 1 more
2019-09-25 08:24:15,818 [5b0dbadb-21f4-40db-895f-4946533ce0da@group-8168C372A2DA:LeaderElection83] INFO  impl.LeaderElection (LeaderElection.java:logAndReturn(56)) - 5b0dbadb-21f4-40db-895f-4946533ce0da@group-8168C372A2DA:LeaderElection83: Election REJECTED; received 1 response(s) [5b0dbadb-21f4-40db-895f-4946533ce0da<-2fc70531-54f8-4344-a6a1-710636979233#0:FAIL-t8] and 1 exception(s); 5b0dbadb-21f4-40db-895f-4946533ce0da@group-8168C372A2DA:t8, leader=null, voted=5b0dbadb-21f4-40db-895f-4946533ce0da, raftlog=5b0dbadb-21f4-40db-895f-4946533ce0da@group-8168C372A2DA-SegmentedRaftLog:OPENED:c-1,f-1,i0, conf=-1: [2fc70531-54f8-4344-a6a1-710636979233:192.168.36.126:43168, 3480664e-e083-4e16-97f4-fa54a8a0d12d:192.168.36.126:37426, 5b0dbadb-21f4-40db-895f-4946533ce0da:192.168.36.126:43134], old=null
2019-09-25 08:24:15,818 [5b0dbadb-21f4-40db-895f-4946533ce0da@group-8168C372A2DA:LeaderElection83] INFO  impl.LeaderElection (LogUtils.java:infoOrTrace(149)) -   Exception 0: {}
java.util.concurrent.ExecutionException: org.apache.ratis.thirdparty.io.grpc.StatusRuntimeException: INTERNAL: 3480664e-e083-4e16-97f4-fa54a8a0d12d: group-8168C372A2DA not found.
	at java.util.concurrent.FutureTask.report(FutureTask.java:122)
	at java.util.concurrent.FutureTask.get(FutureTask.java:192)
	at org.apache.ratis.server.impl.LeaderElection.waitForResults(LeaderElection.java:263)
	at org.apache.ratis.server.impl.LeaderElection.askForVotes(LeaderElection.java:201)
	at org.apache.ratis.server.impl.LeaderElection.run(LeaderElection.java:133)
	at java.lang.Thread.run(Thread.java:748)
Caused by: org.apache.ratis.thirdparty.io.grpc.StatusRuntimeException: INTERNAL: 3480664e-e083-4e16-97f4-fa54a8a0d12d: group-8168C372A2DA not found.
	at org.apache.ratis.thirdparty.io.grpc.stub.ClientCalls.toStatusRuntimeException(ClientCalls.java:233)
	at org.apache.ratis.thirdparty.io.grpc.stub.ClientCalls.getUnchecked(ClientCalls.java:214)
	at org.apache.ratis.thirdparty.io.grpc.stub.ClientCalls.blockingUnaryCall(ClientCalls.java:139)
	at org.apache.ratis.proto.grpc.RaftServerProtocolServiceGrpc$RaftServerProtocolServiceBlockingStub.requestVote(RaftServerProtocolServiceGrpc.java:265)
	at org.apache.ratis.grpc.server.GrpcServerProtocolClient.requestVote(GrpcServerProtocolClient.java:90)
	at org.apache.ratis.grpc.server.GrpcService.requestVote(GrpcService.java:204)
	at org.apache.ratis.server.impl.LeaderElection.lambda$submitRequests$1(LeaderElection.java:238)
	at java.util.concurrent.FutureTask.run(FutureTask.java:266)
	at java.util.concurrent.Executors$RunnableAdapter.call(Executors.java:511)
	at java.util.concurrent.FutureTask.run(FutureTask.java:266)
	at java.util.concurrent.ThreadPoolExecutor.runWorker(ThreadPoolExecutor.java:1149)
	at java.util.concurrent.ThreadPoolExecutor$Worker.run(ThreadPoolExecutor.java:624)
	... 1 more
2019-09-25 08:24:15,818 [5b0dbadb-21f4-40db-895f-4946533ce0da@group-8168C372A2DA:LeaderElection83] INFO  impl.RaftServerImpl (RaftServerImpl.java:setRole(174)) - 5b0dbadb-21f4-40db-895f-4946533ce0da@group-8168C372A2DA: changes role from CANDIDATE to FOLLOWER at term 8 for DISCOVERED_A_NEW_TERM
2019-09-25 08:24:15,819 [5b0dbadb-21f4-40db-895f-4946533ce0da@group-8168C372A2DA:LeaderElection83] INFO  impl.RoleInfo (RoleInfo.java:shutdownLeaderElection(134)) - 5b0dbadb-21f4-40db-895f-4946533ce0da: shutdown LeaderElection
2019-09-25 08:24:15,819 [5b0dbadb-21f4-40db-895f-4946533ce0da@group-8168C372A2DA:LeaderElection83] INFO  impl.RoleInfo (RoleInfo.java:updateAndGet(143)) - 5b0dbadb-21f4-40db-895f-4946533ce0da: start FollowerState
2019-09-25 08:24:15,819 [5b0dbadb-21f4-40db-895f-4946533ce0da@group-EA354E46A7D3-SegmentedRaftLogWorker] INFO  segmented.SegmentedRaftLogWorker (SegmentedRaftLogWorker.java:execute(569)) - 5b0dbadb-21f4-40db-895f-4946533ce0da@group-EA354E46A7D3-SegmentedRaftLogWorker: created new log segment /workdir/hadoop-ozone/ozonefs/target/test-dir/MiniOzoneClusterImpl-0756ba42-748f-4a0d-b324-9539ed31eefb/datanode-0/data/ratis/370fb217-ca37-4d38-88c4-ea354e46a7d3/current/log_inprogress_0
2019-09-25 08:24:15,819 [2fc70531-54f8-4344-a6a1-710636979233@group-84731DF171BE-SegmentedRaftLogWorker] INFO  segmented.SegmentedRaftLogWorker (SegmentedRaftLogWorker.java:execute(569)) - 2fc70531-54f8-4344-a6a1-710636979233@group-84731DF171BE-SegmentedRaftLogWorker: created new log segment /workdir/hadoop-ozone/ozonefs/target/test-dir/MiniOzoneClusterImpl-0756ba42-748f-4a0d-b324-9539ed31eefb/datanode-4/data/ratis/65257255-327c-434a-acf7-84731df171be/current/log_inprogress_0
2019-09-25 08:24:15,827 [grpc-default-executor-10] INFO  impl.RaftServerImpl (ServerState.java:setLeader(253)) - 3480664e-e083-4e16-97f4-fa54a8a0d12d@group-EA354E46A7D3: change Leader from null to 5b0dbadb-21f4-40db-895f-4946533ce0da at term 8 for appendEntries, leader elected after 59137ms
2019-09-25 08:24:15,827 [grpc-default-executor-3] INFO  impl.RaftServerImpl (ServerState.java:setLeader(253)) - 5b0dbadb-21f4-40db-895f-4946533ce0da@group-84731DF171BE: change Leader from null to 2fc70531-54f8-4344-a6a1-710636979233 at term 8 for appendEntries, leader elected after 59137ms
2019-09-25 08:24:15,827 [grpc-default-executor-0] INFO  impl.RaftServerImpl (ServerState.java:setLeader(253)) - 2fc70531-54f8-4344-a6a1-710636979233@group-EA354E46A7D3: change Leader from null to 5b0dbadb-21f4-40db-895f-4946533ce0da at term 8 for appendEntries, leader elected after 59138ms
2019-09-25 08:24:15,861 [grpc-default-executor-10] INFO  impl.RaftServerImpl (ServerState.java:setRaftConf(354)) - 3480664e-e083-4e16-97f4-fa54a8a0d12d@group-EA354E46A7D3: set configuration 0: [2fc70531-54f8-4344-a6a1-710636979233:192.168.36.126:43168, 3480664e-e083-4e16-97f4-fa54a8a0d12d:192.168.36.126:37426, 5b0dbadb-21f4-40db-895f-4946533ce0da:192.168.36.126:43134], old=null at 0
2019-09-25 08:24:15,861 [grpc-default-executor-3] INFO  impl.RaftServerImpl (ServerState.java:setRaftConf(354)) - 2fc70531-54f8-4344-a6a1-710636979233@group-EA354E46A7D3: set configuration 0: [2fc70531-54f8-4344-a6a1-710636979233:192.168.36.126:43168, 3480664e-e083-4e16-97f4-fa54a8a0d12d:192.168.36.126:37426, 5b0dbadb-21f4-40db-895f-4946533ce0da:192.168.36.126:43134], old=null at 0
2019-09-25 08:24:15,861 [grpc-default-executor-0] INFO  impl.RaftServerImpl (ServerState.java:setRaftConf(354)) - 5b0dbadb-21f4-40db-895f-4946533ce0da@group-84731DF171BE: set configuration 0: [2fc70531-54f8-4344-a6a1-710636979233:192.168.36.126:43168, 3480664e-e083-4e16-97f4-fa54a8a0d12d:192.168.36.126:37426, 5b0dbadb-21f4-40db-895f-4946533ce0da:192.168.36.126:43134], old=null at 0
2019-09-25 08:24:15,862 [grpc-default-executor-3] INFO  segmented.SegmentedRaftLogWorker (SegmentedRaftLogWorker.java:startLogSegment(380)) - 2fc70531-54f8-4344-a6a1-710636979233@group-EA354E46A7D3-SegmentedRaftLogWorker: Starting segment from index:0
2019-09-25 08:24:15,861 [grpc-default-executor-10] INFO  segmented.SegmentedRaftLogWorker (SegmentedRaftLogWorker.java:startLogSegment(380)) - 3480664e-e083-4e16-97f4-fa54a8a0d12d@group-EA354E46A7D3-SegmentedRaftLogWorker: Starting segment from index:0
2019-09-25 08:24:15,862 [grpc-default-executor-0] INFO  segmented.SegmentedRaftLogWorker (SegmentedRaftLogWorker.java:startLogSegment(380)) - 5b0dbadb-21f4-40db-895f-4946533ce0da@group-84731DF171BE-SegmentedRaftLogWorker: Starting segment from index:0
2019-09-25 08:24:15,921 [2fc70531-54f8-4344-a6a1-710636979233@group-EA354E46A7D3-SegmentedRaftLogWorker] INFO  segmented.SegmentedRaftLogWorker (SegmentedRaftLogWorker.java:execute(569)) - 2fc70531-54f8-4344-a6a1-710636979233@group-EA354E46A7D3-SegmentedRaftLogWorker: created new log segment /workdir/hadoop-ozone/ozonefs/target/test-dir/MiniOzoneClusterImpl-0756ba42-748f-4a0d-b324-9539ed31eefb/datanode-4/data/ratis/370fb217-ca37-4d38-88c4-ea354e46a7d3/current/log_inprogress_0
2019-09-25 08:24:15,938 [3480664e-e083-4e16-97f4-fa54a8a0d12d@group-EA354E46A7D3-SegmentedRaftLogWorker] INFO  segmented.SegmentedRaftLogWorker (SegmentedRaftLogWorker.java:execute(569)) - 3480664e-e083-4e16-97f4-fa54a8a0d12d@group-EA354E46A7D3-SegmentedRaftLogWorker: created new log segment /workdir/hadoop-ozone/ozonefs/target/test-dir/MiniOzoneClusterImpl-0756ba42-748f-4a0d-b324-9539ed31eefb/datanode-1/data/ratis/370fb217-ca37-4d38-88c4-ea354e46a7d3/current/log_inprogress_0
2019-09-25 08:24:15,938 [5b0dbadb-21f4-40db-895f-4946533ce0da@group-84731DF171BE-SegmentedRaftLogWorker] INFO  segmented.SegmentedRaftLogWorker (SegmentedRaftLogWorker.java:execute(569)) - 5b0dbadb-21f4-40db-895f-4946533ce0da@group-84731DF171BE-SegmentedRaftLogWorker: created new log segment /workdir/hadoop-ozone/ozonefs/target/test-dir/MiniOzoneClusterImpl-0756ba42-748f-4a0d-b324-9539ed31eefb/datanode-0/data/ratis/65257255-327c-434a-acf7-84731df171be/current/log_inprogress_0
08:24:17.235 [IPC Server handler 5 on 45879] ERROR OMAudit - user=jenkins1000 | ip=127.0.0.1 | op=GET_FILE_STATUS {volume=volume67024, bucket=bucket99408, key=test/testCreatedFileIsVisibleOnFlush, dataSize=0, replicationType=null, replicationFactor=null, keyLocationInfo=null} | ret=FAILURE
org.apache.hadoop.ozone.om.exceptions.OMException: Unable to get file status: volume: volume67024 bucket: bucket99408 key: test/testCreatedFileIsVisibleOnFlush
	at org.apache.hadoop.ozone.om.KeyManagerImpl.getFileStatus(KeyManagerImpl.java:1785) ~[hadoop-ozone-ozone-manager-0.5.0-SNAPSHOT.jar:?]
	at org.apache.hadoop.ozone.om.OzoneManager.getFileStatus(OzoneManager.java:2892) [hadoop-ozone-ozone-manager-0.5.0-SNAPSHOT.jar:?]
	at org.apache.hadoop.ozone.protocolPB.OzoneManagerRequestHandler.getOzoneFileStatus(OzoneManagerRequestHandler.java:1051) [hadoop-ozone-ozone-manager-0.5.0-SNAPSHOT.jar:?]
	at org.apache.hadoop.ozone.protocolPB.OzoneManagerRequestHandler.handle(OzoneManagerRequestHandler.java:338) [hadoop-ozone-ozone-manager-0.5.0-SNAPSHOT.jar:?]
	at org.apache.hadoop.ozone.protocolPB.OzoneManagerProtocolServerSideTranslatorPB.submitRequestDirectlyToOM(OzoneManagerProtocolServerSideTranslatorPB.java:233) [hadoop-ozone-ozone-manager-0.5.0-SNAPSHOT.jar:?]
	at org.apache.hadoop.ozone.protocolPB.OzoneManagerProtocolServerSideTranslatorPB.processRequest(OzoneManagerProtocolServerSideTranslatorPB.java:157) [hadoop-ozone-ozone-manager-0.5.0-SNAPSHOT.jar:?]
	at org.apache.hadoop.ozone.protocolPB.OzoneManagerProtocolServerSideTranslatorPB.submitRequest(OzoneManagerProtocolServerSideTranslatorPB.java:111) [hadoop-ozone-ozone-manager-0.5.0-SNAPSHOT.jar:?]
	at org.apache.hadoop.ozone.protocol.proto.OzoneManagerProtocolProtos$OzoneManagerService$2.callBlockingMethod(OzoneManagerProtocolProtos.java) [hadoop-ozone-common-0.5.0-SNAPSHOT.jar:?]
	at org.apache.hadoop.ipc.ProtobufRpcEngine$Server$ProtoBufRpcInvoker.call(ProtobufRpcEngine.java:524) [hadoop-common-3.2.0.jar:?]
	at org.apache.hadoop.ipc.RPC$Server.call(RPC.java:1025) [hadoop-common-3.2.0.jar:?]
	at org.apache.hadoop.ipc.Server$RpcCall.run(Server.java:876) [hadoop-common-3.2.0.jar:?]
	at org.apache.hadoop.ipc.Server$RpcCall.run(Server.java:822) [hadoop-common-3.2.0.jar:?]
	at java.security.AccessController.doPrivileged(Native Method) [?:1.8.0_212]
	at javax.security.auth.Subject.doAs(Subject.java:422) [?:1.8.0_212]
	at org.apache.hadoop.security.UserGroupInformation.doAs(UserGroupInformation.java:1730) [hadoop-common-3.2.0.jar:?]
	at org.apache.hadoop.ipc.Server$Handler.run(Server.java:2682) [hadoop-common-3.2.0.jar:?]
2019-09-25 08:24:17,239 [Thread-268] INFO  contract.ContractTestUtils (ContractTestUtils.java:skip(521)) - Skipping: For object store or some file systems, newly created files are not immediately visible
]]></system-out>
  </testcase>
  <testcase name="testOverwriteEmptyDirectory" classname="org.apache.hadoop.fs.ozone.contract.ITestOzoneContractCreate" time="0.136"/>
  <testcase name="testCreateFileOverExistingFileNoOverwrite" classname="org.apache.hadoop.fs.ozone.contract.ITestOzoneContractCreate" time="0.582"/>
  <testcase name="testFileStatusBlocksizeNonEmptyFile" classname="org.apache.hadoop.fs.ozone.contract.ITestOzoneContractCreate" time="0.404"/>
  <testcase name="testCreatedFileIsEventuallyVisible" classname="org.apache.hadoop.fs.ozone.contract.ITestOzoneContractCreate" time="0.192"/>
  <testcase name="testOverwriteExistingFile" classname="org.apache.hadoop.fs.ozone.contract.ITestOzoneContractCreate" time="0.408"/>
  <testcase name="testCreateNewFile" classname="org.apache.hadoop.fs.ozone.contract.ITestOzoneContractCreate" time="0.209"/>
</testsuite>