<?xml version="1.0" encoding="UTF-8"?>
<testsuite xmlns:xsi="http://www.w3.org/2001/XMLSchema-instance" xsi:noNamespaceSchemaLocation="https://maven.apache.org/surefire/maven-surefire-plugin/xsd/surefire-test-report.xsd" name="org.apache.hadoop.fs.ozone.contract.ITestOzoneContractDistCp" time="210.039" tests="6" errors="1" skipped="0" failures="0">
  <properties>
    <property name="awt.toolkit" value="sun.awt.X11.XToolkit"/>
    <property name="file.encoding.pkg" value="sun.io"/>
    <property name="java.specification.version" value="1.8"/>
    <property name="sun.cpu.isalist" value=""/>
    <property name="sun.jnu.encoding" value="UTF-8"/>
    <property name="java.class.path" value="/workdir/hadoop-ozone/ozonefs/target/test-classes:/workdir/hadoop-ozone/ozonefs/target/classes:/home/user/.m2/repository/org/apache/hadoop/hadoop-common/3.2.0/hadoop-common-3.2.0.jar:/home/user/.m2/repository/org/apache/hadoop/hadoop-annotations/3.2.0/hadoop-annotations-3.2.0.jar:/usr/lib/jvm/java-1.8-openjdk/jre/../lib/tools.jar:/home/user/.m2/repository/com/google/guava/guava/11.0.2/guava-11.0.2.jar:/home/user/.m2/repository/commons-cli/commons-cli/1.2/commons-cli-1.2.jar:/home/user/.m2/repository/org/apache/commons/commons-math3/3.1.1/commons-math3-3.1.1.jar:/home/user/.m2/repository/commons-codec/commons-codec/1.11/commons-codec-1.11.jar:/home/user/.m2/repository/commons-io/commons-io/2.5/commons-io-2.5.jar:/home/user/.m2/repository/commons-net/commons-net/3.6/commons-net-3.6.jar:/home/user/.m2/repository/commons-collections/commons-collections/3.2.2/commons-collections-3.2.2.jar:/home/user/.m2/repository/javax/servlet/javax.servlet-api/3.1.0/javax.servlet-api-3.1.0.jar:/home/user/.m2/repository/org/eclipse/jetty/jetty-server/9.3.25.v20180904/jetty-server-9.3.25.v20180904.jar:/home/user/.m2/repository/org/eclipse/jetty/jetty-http/9.3.25.v20180904/jetty-http-9.3.25.v20180904.jar:/home/user/.m2/repository/org/eclipse/jetty/jetty-io/9.3.25.v20180904/jetty-io-9.3.25.v20180904.jar:/home/user/.m2/repository/org/eclipse/jetty/jetty-util/9.3.25.v20180904/jetty-util-9.3.25.v20180904.jar:/home/user/.m2/repository/org/eclipse/jetty/jetty-servlet/9.3.25.v20180904/jetty-servlet-9.3.25.v20180904.jar:/home/user/.m2/repository/org/eclipse/jetty/jetty-security/9.3.25.v20180904/jetty-security-9.3.25.v20180904.jar:/home/user/.m2/repository/org/eclipse/jetty/jetty-webapp/9.3.25.v20180904/jetty-webapp-9.3.25.v20180904.jar:/home/user/.m2/repository/org/eclipse/jetty/jetty-xml/9.3.25.v20180904/jetty-xml-9.3.25.v20180904.jar:/home/user/.m2/repository/javax/servlet/jsp/jsp-api/2.1/jsp-api-2.1.jar:/home/user/.m2/repository/com/sun/jersey/jersey-core/1.19/jersey-core-1.19.jar:/home/user/.m2/repository/javax/ws/rs/jsr311-api/1.1.1/jsr311-api-1.1.1.jar:/home/user/.m2/repository/com/sun/jersey/jersey-servlet/1.19/jersey-servlet-1.19.jar:/home/user/.m2/repository/com/sun/jersey/jersey-json/1.19/jersey-json-1.19.jar:/home/user/.m2/repository/org/codehaus/jettison/jettison/1.1/jettison-1.1.jar:/home/user/.m2/repository/com/sun/xml/bind/jaxb-impl/2.3.0.1/jaxb-impl-2.3.0.1.jar:/home/user/.m2/repository/org/codehaus/jackson/jackson-core-asl/1.9.13/jackson-core-asl-1.9.13.jar:/home/user/.m2/repository/org/codehaus/jackson/jackson-mapper-asl/1.9.13/jackson-mapper-asl-1.9.13.jar:/home/user/.m2/repository/org/codehaus/jackson/jackson-jaxrs/1.9.13/jackson-jaxrs-1.9.13.jar:/home/user/.m2/repository/org/codehaus/jackson/jackson-xc/1.9.13/jackson-xc-1.9.13.jar:/home/user/.m2/repository/com/sun/jersey/jersey-server/1.19/jersey-server-1.19.jar:/home/user/.m2/repository/commons-logging/commons-logging/1.1.3/commons-logging-1.1.3.jar:/home/user/.m2/repository/log4j/log4j/1.2.17/log4j-1.2.17.jar:/home/user/.m2/repository/commons-beanutils/commons-beanutils/1.9.4/commons-beanutils-1.9.4.jar:/home/user/.m2/repository/org/apache/commons/commons-configuration2/2.1.1/commons-configuration2-2.1.1.jar:/home/user/.m2/repository/org/apache/commons/commons-lang3/3.7/commons-lang3-3.7.jar:/home/user/.m2/repository/org/apache/commons/commons-text/1.4/commons-text-1.4.jar:/home/user/.m2/repository/org/slf4j/slf4j-api/1.7.25/slf4j-api-1.7.25.jar:/home/user/.m2/repository/org/slf4j/slf4j-log4j12/1.7.25/slf4j-log4j12-1.7.25.jar:/home/user/.m2/repository/org/apache/avro/avro/1.7.7/avro-1.7.7.jar:/home/user/.m2/repository/com/thoughtworks/paranamer/paranamer/2.3/paranamer-2.3.jar:/home/user/.m2/repository/org/xerial/snappy/snappy-java/1.0.5/snappy-java-1.0.5.jar:/home/user/.m2/repository/com/google/re2j/re2j/1.1/re2j-1.1.jar:/home/user/.m2/repository/com/google/protobuf/protobuf-java/2.5.0/protobuf-java-2.5.0.jar:/home/user/.m2/repository/com/google/code/gson/gson/2.2.4/gson-2.2.4.jar:/home/user/.m2/repository/org/apache/hadoop/hadoop-auth/3.2.0/hadoop-auth-3.2.0.jar:/home/user/.m2/repository/com/nimbusds/nimbus-jose-jwt/4.41.1/nimbus-jose-jwt-4.41.1.jar:/home/user/.m2/repository/com/github/stephenc/jcip/jcip-annotations/1.0-1/jcip-annotations-1.0-1.jar:/home/user/.m2/repository/net/minidev/json-smart/2.3/json-smart-2.3.jar:/home/user/.m2/repository/net/minidev/accessors-smart/1.2/accessors-smart-1.2.jar:/home/user/.m2/repository/org/apache/curator/curator-framework/2.12.0/curator-framework-2.12.0.jar:/home/user/.m2/repository/com/jcraft/jsch/0.1.54/jsch-0.1.54.jar:/home/user/.m2/repository/org/apache/curator/curator-client/2.12.0/curator-client-2.12.0.jar:/home/user/.m2/repository/org/apache/curator/curator-recipes/2.12.0/curator-recipes-2.12.0.jar:/home/user/.m2/repository/com/google/code/findbugs/jsr305/3.0.0/jsr305-3.0.0.jar:/home/user/.m2/repository/org/apache/htrace/htrace-core4/4.1.0-incubating/htrace-core4-4.1.0-incubating.jar:/home/user/.m2/repository/org/apache/zookeeper/zookeeper/3.4.13/zookeeper-3.4.13.jar:/home/user/.m2/repository/jline/jline/0.9.94/jline-0.9.94.jar:/home/user/.m2/repository/org/apache/yetus/audience-annotations/0.5.0/audience-annotations-0.5.0.jar:/home/user/.m2/repository/org/apache/commons/commons-compress/1.4.1/commons-compress-1.4.1.jar:/home/user/.m2/repository/org/tukaani/xz/1.0/xz-1.0.jar:/home/user/.m2/repository/org/apache/kerby/kerb-simplekdc/1.0.1/kerb-simplekdc-1.0.1.jar:/home/user/.m2/repository/org/apache/kerby/kerb-client/1.0.1/kerb-client-1.0.1.jar:/home/user/.m2/repository/org/apache/kerby/kerby-config/1.0.1/kerby-config-1.0.1.jar:/home/user/.m2/repository/org/apache/kerby/kerb-core/1.0.1/kerb-core-1.0.1.jar:/home/user/.m2/repository/org/apache/kerby/kerby-pkix/1.0.1/kerby-pkix-1.0.1.jar:/home/user/.m2/repository/org/apache/kerby/kerby-asn1/1.0.1/kerby-asn1-1.0.1.jar:/home/user/.m2/repository/org/apache/kerby/kerby-util/1.0.1/kerby-util-1.0.1.jar:/home/user/.m2/repository/org/apache/kerby/kerb-common/1.0.1/kerb-common-1.0.1.jar:/home/user/.m2/repository/org/apache/kerby/kerb-crypto/1.0.1/kerb-crypto-1.0.1.jar:/home/user/.m2/repository/org/apache/kerby/kerb-util/1.0.1/kerb-util-1.0.1.jar:/home/user/.m2/repository/org/apache/kerby/token-provider/1.0.1/token-provider-1.0.1.jar:/home/user/.m2/repository/org/apache/kerby/kerb-admin/1.0.1/kerb-admin-1.0.1.jar:/home/user/.m2/repository/org/apache/kerby/kerb-server/1.0.1/kerb-server-1.0.1.jar:/home/user/.m2/repository/org/apache/kerby/kerb-identity/1.0.1/kerb-identity-1.0.1.jar:/home/user/.m2/repository/org/apache/kerby/kerby-xdr/1.0.1/kerby-xdr-1.0.1.jar:/home/user/.m2/repository/com/fasterxml/jackson/core/jackson-databind/2.9.9/jackson-databind-2.9.9.jar:/home/user/.m2/repository/com/fasterxml/jackson/core/jackson-annotations/2.9.9/jackson-annotations-2.9.9.jar:/home/user/.m2/repository/com/fasterxml/jackson/core/jackson-core/2.9.9/jackson-core-2.9.9.jar:/home/user/.m2/repository/org/codehaus/woodstox/stax2-api/3.1.4/stax2-api-3.1.4.jar:/home/user/.m2/repository/com/fasterxml/woodstox/woodstox-core/5.0.3/woodstox-core-5.0.3.jar:/home/user/.m2/repository/dnsjava/dnsjava/2.1.7/dnsjava-2.1.7.jar:/home/user/.m2/repository/org/apache/hadoop/hadoop-hdfs/3.2.0/hadoop-hdfs-3.2.0.jar:/home/user/.m2/repository/org/eclipse/jetty/jetty-util-ajax/9.3.25.v20180904/jetty-util-ajax-9.3.25.v20180904.jar:/home/user/.m2/repository/commons-daemon/commons-daemon/1.0.13/commons-daemon-1.0.13.jar:/home/user/.m2/repository/io/netty/netty/3.10.5.Final/netty-3.10.5.Final.jar:/home/user/.m2/repository/io/netty/netty-all/4.0.52.Final/netty-all-4.0.52.Final.jar:/home/user/.m2/repository/org/fusesource/leveldbjni/leveldbjni-all/1.8/leveldbjni-all-1.8.jar:/home/user/.m2/repository/org/apache/hadoop/hadoop-hdds-common/0.5.0-SNAPSHOT/hadoop-hdds-common-0.5.0-SNAPSHOT.jar:/home/user/.m2/repository/org/apache/hadoop/hadoop-hdds-config/0.5.0-SNAPSHOT/hadoop-hdds-config-0.5.0-SNAPSHOT.jar:/home/user/.m2/repository/javax/annotation/javax.annotation-api/1.2/javax.annotation-api-1.2.jar:/home/user/.m2/repository/org/apache/ratis/ratis-server/0.4.0/ratis-server-0.4.0.jar:/home/user/.m2/repository/org/apache/ratis/ratis-thirdparty-misc/0.2.0/ratis-thirdparty-misc-0.2.0.jar:/home/user/.m2/repository/org/apache/ratis/ratis-proto/0.4.0/ratis-proto-0.4.0.jar:/home/user/.m2/repository/org/apache/ratis/ratis-common/0.4.0/ratis-common-0.4.0.jar:/home/user/.m2/repository/org/apache/ratis/ratis-client/0.4.0/ratis-client-0.4.0.jar:/home/user/.m2/repository/org/apache/ratis/ratis-metrics/0.4.0/ratis-metrics-0.4.0.jar:/home/user/.m2/repository/com/github/joshelser/dropwizard-metrics-hadoop-metrics2-reporter/0.1.2/dropwizard-metrics-hadoop-metrics2-reporter-0.1.2.jar:/home/user/.m2/repository/io/dropwizard/metrics/metrics-jvm/3.2.5/metrics-jvm-3.2.5.jar:/home/user/.m2/repository/io/dropwizard/metrics/metrics-ganglia/3.2.5/metrics-ganglia-3.2.5.jar:/home/user/.m2/repository/info/ganglia/gmetric4j/gmetric4j/1.0.7/gmetric4j-1.0.7.jar:/home/user/.m2/repository/org/apache/ratis/ratis-netty/0.4.0/ratis-netty-0.4.0.jar:/home/user/.m2/repository/org/apache/ratis/ratis-grpc/0.4.0/ratis-grpc-0.4.0.jar:/home/user/.m2/repository/org/rocksdb/rocksdbjni/6.0.1/rocksdbjni-6.0.1.jar:/home/user/.m2/repository/org/apache/logging/log4j/log4j-api/2.11.0/log4j-api-2.11.0.jar:/home/user/.m2/repository/org/apache/logging/log4j/log4j-core/2.11.0/log4j-core-2.11.0.jar:/home/user/.m2/repository/com/lmax/disruptor/3.4.2/disruptor-3.4.2.jar:/home/user/.m2/repository/org/apache/commons/commons-pool2/2.6.0/commons-pool2-2.6.0.jar:/home/user/.m2/repository/org/bouncycastle/bcpkix-jdk15on/1.60/bcpkix-jdk15on-1.60.jar:/home/user/.m2/repository/commons-validator/commons-validator/1.6/commons-validator-1.6.jar:/home/user/.m2/repository/commons-digester/commons-digester/1.8.1/commons-digester-1.8.1.jar:/home/user/.m2/repository/io/jaegertracing/jaeger-client/0.34.0/jaeger-client-0.34.0.jar:/home/user/.m2/repository/io/jaegertracing/jaeger-thrift/0.34.0/jaeger-thrift-0.34.0.jar:/home/user/.m2/repository/org/apache/thrift/libthrift/0.12.0/libthrift-0.12.0.jar:/home/user/.m2/repository/com/squareup/okhttp3/okhttp/3.9.0/okhttp-3.9.0.jar:/home/user/.m2/repository/com/squareup/okio/okio/1.13.0/okio-1.13.0.jar:/home/user/.m2/repository/io/jaegertracing/jaeger-core/0.34.0/jaeger-core-0.34.0.jar:/home/user/.m2/repository/io/jaegertracing/jaeger-tracerresolver/0.34.0/jaeger-tracerresolver-0.34.0.jar:/home/user/.m2/repository/io/opentracing/contrib/opentracing-tracerresolver/0.1.5/opentracing-tracerresolver-0.1.5.jar:/home/user/.m2/repository/io/opentracing/opentracing-util/0.31.0/opentracing-util-0.31.0.jar:/home/user/.m2/repository/io/opentracing/opentracing-api/0.31.0/opentracing-api-0.31.0.jar:/home/user/.m2/repository/io/opentracing/opentracing-noop/0.31.0/opentracing-noop-0.31.0.jar:/home/user/.m2/repository/org/yaml/snakeyaml/1.16/snakeyaml-1.16.jar:/home/user/.m2/repository/org/apache/hadoop/hadoop-hdfs-client/3.2.0/hadoop-hdfs-client-3.2.0.jar:/home/user/.m2/repository/info/picocli/picocli/3.9.6/picocli-3.9.6.jar:/home/user/.m2/repository/org/apache/hadoop/hadoop-hdds-server-scm/0.5.0-SNAPSHOT/hadoop-hdds-server-scm-0.5.0-SNAPSHOT.jar:/home/user/.m2/repository/org/apache/hadoop/hadoop-hdds-docs/0.5.0-SNAPSHOT/hadoop-hdds-docs-0.5.0-SNAPSHOT.jar:/home/user/.m2/repository/io/dropwizard/metrics/metrics-core/3.2.4/metrics-core-3.2.4.jar:/home/user/.m2/repository/org/hamcrest/hamcrest-all/1.3/hamcrest-all-1.3.jar:/home/user/.m2/repository/org/bouncycastle/bcprov-jdk15on/1.60/bcprov-jdk15on-1.60.jar:/home/user/.m2/repository/org/apache/hadoop/hadoop-hdds-server-framework/0.5.0-SNAPSHOT/hadoop-hdds-server-framework-0.5.0-SNAPSHOT.jar:/home/user/.m2/repository/org/apache/hadoop/hadoop-ozone-ozone-manager/0.5.0-SNAPSHOT/hadoop-ozone-ozone-manager-0.5.0-SNAPSHOT.jar:/home/user/.m2/repository/org/apache/hadoop/hadoop-hdds-container-service/0.5.0-SNAPSHOT/hadoop-hdds-container-service-0.5.0-SNAPSHOT.jar:/home/user/.m2/repository/org/apache/hadoop/hadoop-hdds-client/0.5.0-SNAPSHOT/hadoop-hdds-client-0.5.0-SNAPSHOT.jar:/home/user/.m2/repository/org/apache/hadoop/hadoop-ozone-common/0.5.0-SNAPSHOT/hadoop-ozone-common-0.5.0-SNAPSHOT.jar:/home/user/.m2/repository/org/apache/hadoop/hadoop-hdds-tools/0.5.0-SNAPSHOT/hadoop-hdds-tools-0.5.0-SNAPSHOT.jar:/home/user/.m2/repository/org/xerial/sqlite-jdbc/3.25.2/sqlite-jdbc-3.25.2.jar:/home/user/.m2/repository/org/apache/httpcomponents/httpclient/4.5.2/httpclient-4.5.2.jar:/home/user/.m2/repository/org/apache/httpcomponents/httpcore/4.4.4/httpcore-4.4.4.jar:/home/user/.m2/repository/com/google/code/findbugs/findbugs/3.0.1/findbugs-3.0.1.jar:/home/user/.m2/repository/net/jcip/jcip-annotations/1.0/jcip-annotations-1.0.jar:/home/user/.m2/repository/com/google/code/findbugs/bcel-findbugs/6.0/bcel-findbugs-6.0.jar:/home/user/.m2/repository/com/google/code/findbugs/jFormatString/2.0.1/jFormatString-2.0.1.jar:/home/user/.m2/repository/dom4j/dom4j/1.6.1/dom4j-1.6.1.jar:/home/user/.m2/repository/xml-apis/xml-apis/1.0.b2/xml-apis-1.0.b2.jar:/home/user/.m2/repository/org/ow2/asm/asm-debug-all/5.0.2/asm-debug-all-5.0.2.jar:/home/user/.m2/repository/org/ow2/asm/asm-commons/5.0.2/asm-commons-5.0.2.jar:/home/user/.m2/repository/org/ow2/asm/asm-tree/5.0.2/asm-tree-5.0.2.jar:/home/user/.m2/repository/org/ow2/asm/asm/5.0.4/asm-5.0.4.jar:/home/user/.m2/repository/commons-lang/commons-lang/2.6/commons-lang-2.6.jar:/home/user/.m2/repository/com/apple/AppleJavaExtensions/1.4/AppleJavaExtensions-1.4.jar:/home/user/.m2/repository/jaxen/jaxen/1.1.6/jaxen-1.1.6.jar:/home/user/.m2/repository/org/apache/hadoop/hadoop-common/3.2.0/hadoop-common-3.2.0-tests.jar:/home/user/.m2/repository/org/apache/hadoop/hadoop-ozone-client/0.5.0-SNAPSHOT/hadoop-ozone-client-0.5.0-SNAPSHOT.jar:/home/user/.m2/repository/org/apache/hadoop/hadoop-hdfs/3.2.0/hadoop-hdfs-3.2.0-tests.jar:/workdir/hadoop-ozone/integration-test/target/test-classes:/home/user/.m2/repository/org/apache/hadoop/hadoop-ozone-s3gateway/0.5.0-SNAPSHOT/hadoop-ozone-s3gateway-0.5.0-SNAPSHOT.jar:/home/user/.m2/repository/org/jboss/weld/servlet/weld-servlet/2.4.7.Final/weld-servlet-2.4.7.Final.jar:/home/user/.m2/repository/org/glassfish/jersey/containers/jersey-container-servlet-core/2.27/jersey-container-servlet-core-2.27.jar:/home/user/.m2/repository/org/glassfish/hk2/external/javax.inject/2.5.0-b42/javax.inject-2.5.0-b42.jar:/home/user/.m2/repository/org/glassfish/jersey/core/jersey-common/2.27/jersey-common-2.27.jar:/home/user/.m2/repository/org/glassfish/hk2/osgi-resource-locator/1.0.1/osgi-resource-locator-1.0.1.jar:/home/user/.m2/repository/javax/ws/rs/javax.ws.rs-api/2.1/javax.ws.rs-api-2.1.jar:/home/user/.m2/repository/org/glassfish/jersey/ext/cdi/jersey-cdi1x/2.27/jersey-cdi1x-2.27.jar:/home/user/.m2/repository/org/glassfish/jersey/inject/jersey-hk2/2.27/jersey-hk2-2.27.jar:/home/user/.m2/repository/org/glassfish/hk2/hk2-locator/2.5.0-b42/hk2-locator-2.5.0-b42.jar:/home/user/.m2/repository/org/javassist/javassist/3.22.0-CR2/javassist-3.22.0-CR2.jar:/home/user/.m2/repository/org/glassfish/hk2/hk2-api/2.5.0/hk2-api-2.5.0.jar:/home/user/.m2/repository/org/glassfish/hk2/external/jakarta.inject/2.5.0/jakarta.inject-2.5.0.jar:/home/user/.m2/repository/org/glassfish/hk2/hk2-utils/2.5.0/hk2-utils-2.5.0.jar:/home/user/.m2/repository/jakarta/annotation/jakarta.annotation-api/1.3.4/jakarta.annotation-api-1.3.4.jar:/home/user/.m2/repository/org/glassfish/hk2/external/aopalliance-repackaged/2.5.0/aopalliance-repackaged-2.5.0.jar:/home/user/.m2/repository/com/fasterxml/jackson/dataformat/jackson-dataformat-xml/2.9.0/jackson-dataformat-xml-2.9.0.jar:/home/user/.m2/repository/com/fasterxml/jackson/module/jackson-module-jaxb-annotations/2.9.9/jackson-module-jaxb-annotations-2.9.9.jar:/home/user/.m2/repository/javax/enterprise/cdi-api/1.2/cdi-api-1.2.jar:/home/user/.m2/repository/javax/el/javax.el-api/3.0.0/javax.el-api-3.0.0.jar:/home/user/.m2/repository/javax/interceptor/javax.interceptor-api/1.2/javax.interceptor-api-1.2.jar:/home/user/.m2/repository/javax/inject/javax.inject/1/javax.inject-1.jar:/home/user/.m2/repository/com/sun/xml/bind/jaxb-core/2.3.0.1/jaxb-core-2.3.0.1.jar:/home/user/.m2/repository/javax/xml/bind/jaxb-api/2.3.0/jaxb-api-2.3.0.jar:/home/user/.m2/repository/javax/activation/activation/1.1.1/activation-1.1.1.jar:/home/user/.m2/repository/org/apache/hadoop/hadoop-ozone-csi/0.5.0-SNAPSHOT/hadoop-ozone-csi-0.5.0-SNAPSHOT.jar:/home/user/.m2/repository/com/google/protobuf/protobuf-java-util/3.5.1/protobuf-java-util-3.5.1.jar:/home/user/.m2/repository/io/grpc/grpc-netty/1.17.1/grpc-netty-1.17.1.jar:/home/user/.m2/repository/io/grpc/grpc-core/1.17.1/grpc-core-1.17.1.jar:/home/user/.m2/repository/io/grpc/grpc-context/1.17.1/grpc-context-1.17.1.jar:/home/user/.m2/repository/com/google/errorprone/error_prone_annotations/2.2.0/error_prone_annotations-2.2.0.jar:/home/user/.m2/repository/org/codehaus/mojo/animal-sniffer-annotations/1.17/animal-sniffer-annotations-1.17.jar:/home/user/.m2/repository/io/opencensus/opencensus-api/0.17.0/opencensus-api-0.17.0.jar:/home/user/.m2/repository/io/opencensus/opencensus-contrib-grpc-metrics/0.17.0/opencensus-contrib-grpc-metrics-0.17.0.jar:/home/user/.m2/repository/io/netty/netty-codec-http2/4.1.30.Final/netty-codec-http2-4.1.30.Final.jar:/home/user/.m2/repository/io/netty/netty-codec-http/4.1.30.Final/netty-codec-http-4.1.30.Final.jar:/home/user/.m2/repository/io/netty/netty-codec/4.1.30.Final/netty-codec-4.1.30.Final.jar:/home/user/.m2/repository/io/netty/netty-handler/4.1.30.Final/netty-handler-4.1.30.Final.jar:/home/user/.m2/repository/io/netty/netty-handler-proxy/4.1.30.Final/netty-handler-proxy-4.1.30.Final.jar:/home/user/.m2/repository/io/netty/netty-codec-socks/4.1.30.Final/netty-codec-socks-4.1.30.Final.jar:/home/user/.m2/repository/io/netty/netty-transport-native-epoll/4.1.30.Final/netty-transport-native-epoll-4.1.30.Final.jar:/home/user/.m2/repository/io/netty/netty-common/4.1.30.Final/netty-common-4.1.30.Final.jar:/home/user/.m2/repository/io/netty/netty-buffer/4.1.30.Final/netty-buffer-4.1.30.Final.jar:/home/user/.m2/repository/io/netty/netty-transport/4.1.30.Final/netty-transport-4.1.30.Final.jar:/home/user/.m2/repository/io/netty/netty-resolver/4.1.30.Final/netty-resolver-4.1.30.Final.jar:/home/user/.m2/repository/io/netty/netty-transport-native-unix-common/4.1.30.Final/netty-transport-native-unix-common-4.1.30.Final.jar:/home/user/.m2/repository/io/grpc/grpc-protobuf/1.17.1/grpc-protobuf-1.17.1.jar:/home/user/.m2/repository/com/google/api/grpc/proto-google-common-protos/1.0.0/proto-google-common-protos-1.0.0.jar:/home/user/.m2/repository/io/grpc/grpc-protobuf-lite/1.17.1/grpc-protobuf-lite-1.17.1.jar:/home/user/.m2/repository/io/grpc/grpc-stub/1.17.1/grpc-stub-1.17.1.jar:/home/user/.m2/repository/org/apache/hadoop/hadoop-ozone-recon/0.5.0-SNAPSHOT/hadoop-ozone-recon-0.5.0-SNAPSHOT.jar:/home/user/.m2/repository/org/apache/hadoop/hadoop-ozone-reconcodegen/0.5.0-SNAPSHOT/hadoop-ozone-reconcodegen-0.5.0-SNAPSHOT.jar:/home/user/.m2/repository/com/google/inject/extensions/guice-multibindings/4.0/guice-multibindings-4.0.jar:/home/user/.m2/repository/com/google/inject/guice/4.0/guice-4.0.jar:/home/user/.m2/repository/aopalliance/aopalliance/1.0/aopalliance-1.0.jar:/home/user/.m2/repository/org/glassfish/jersey/containers/jersey-container-servlet/2.27/jersey-container-servlet-2.27.jar:/home/user/.m2/repository/org/glassfish/hk2/guice-bridge/2.5.0/guice-bridge-2.5.0.jar:/home/user/.m2/repository/org/glassfish/jersey/core/jersey-server/2.27/jersey-server-2.27.jar:/home/user/.m2/repository/org/glassfish/jersey/core/jersey-client/2.27/jersey-client-2.27.jar:/home/user/.m2/repository/org/glassfish/jersey/media/jersey-media-jaxb/2.27/jersey-media-jaxb-2.27.jar:/home/user/.m2/repository/javax/validation/validation-api/1.1.0.Final/validation-api-1.1.0.Final.jar:/home/user/.m2/repository/org/glassfish/jersey/media/jersey-media-json-jackson/2.27/jersey-media-json-jackson-2.27.jar:/home/user/.m2/repository/org/glassfish/jersey/ext/jersey-entity-filtering/2.27/jersey-entity-filtering-2.27.jar:/home/user/.m2/repository/com/google/inject/extensions/guice-assistedinject/4.0/guice-assistedinject-4.0.jar:/home/user/.m2/repository/org/jooq/jooq/3.11.10/jooq-3.11.10.jar:/home/user/.m2/repository/org/jooq/jooq-meta/3.11.10/jooq-meta-3.11.10.jar:/home/user/.m2/repository/org/jooq/jooq-codegen/3.11.10/jooq-codegen-3.11.10.jar:/home/user/.m2/repository/com/jolbox/bonecp/0.8.0.RELEASE/bonecp-0.8.0.RELEASE.jar:/home/user/.m2/repository/org/springframework/spring-jdbc/5.1.3.RELEASE/spring-jdbc-5.1.3.RELEASE.jar:/home/user/.m2/repository/org/springframework/spring-beans/5.1.3.RELEASE/spring-beans-5.1.3.RELEASE.jar:/home/user/.m2/repository/org/springframework/spring-core/5.1.3.RELEASE/spring-core-5.1.3.RELEASE.jar:/home/user/.m2/repository/org/springframework/spring-jcl/5.1.3.RELEASE/spring-jcl-5.1.3.RELEASE.jar:/home/user/.m2/repository/org/springframework/spring-tx/5.1.3.RELEASE/spring-tx-5.1.3.RELEASE.jar:/home/user/.m2/repository/org/mockito/mockito-all/1.10.19/mockito-all-1.10.19.jar:/home/user/.m2/repository/junit/junit/4.11/junit-4.11.jar:/home/user/.m2/repository/org/hamcrest/hamcrest-core/1.3/hamcrest-core-1.3.jar:/home/user/.m2/repository/org/apache/hadoop/hadoop-distcp/3.2.0/hadoop-distcp-3.2.0.jar:/home/user/.m2/repository/org/apache/hadoop/hadoop-distcp/3.2.0/hadoop-distcp-3.2.0-tests.jar:/home/user/.m2/repository/org/apache/hadoop/hadoop-mapreduce-client-jobclient/3.2.0/hadoop-mapreduce-client-jobclient-3.2.0.jar:/home/user/.m2/repository/org/apache/hadoop/hadoop-mapreduce-client-common/3.2.0/hadoop-mapreduce-client-common-3.2.0.jar:/home/user/.m2/repository/org/apache/hadoop/hadoop-yarn-common/3.2.0/hadoop-yarn-common-3.2.0.jar:/home/user/.m2/repository/org/apache/hadoop/hadoop-yarn-api/3.2.0/hadoop-yarn-api-3.2.0.jar:/home/user/.m2/repository/com/sun/jersey/jersey-client/1.19/jersey-client-1.19.jar:/home/user/.m2/repository/com/sun/jersey/contribs/jersey-guice/1.19/jersey-guice-1.19.jar:/home/user/.m2/repository/com/fasterxml/jackson/jaxrs/jackson-jaxrs-json-provider/2.9.9/jackson-jaxrs-json-provider-2.9.9.jar:/home/user/.m2/repository/com/fasterxml/jackson/jaxrs/jackson-jaxrs-base/2.9.9/jackson-jaxrs-base-2.9.9.jar:/home/user/.m2/repository/org/apache/hadoop/hadoop-yarn-client/3.2.0/hadoop-yarn-client-3.2.0.jar:/home/user/.m2/repository/org/apache/hadoop/hadoop-mapreduce-client-core/3.2.0/hadoop-mapreduce-client-core-3.2.0.jar:/home/user/.m2/repository/com/google/inject/extensions/guice-servlet/4.0/guice-servlet-4.0.jar:/home/user/.m2/repository/org/powermock/powermock-module-junit4/1.6.5/powermock-module-junit4-1.6.5.jar:/home/user/.m2/repository/org/powermock/powermock-module-junit4-common/1.6.5/powermock-module-junit4-common-1.6.5.jar:/home/user/.m2/repository/org/powermock/powermock-core/1.6.5/powermock-core-1.6.5.jar:/home/user/.m2/repository/org/powermock/powermock-reflect/1.6.5/powermock-reflect-1.6.5.jar:/home/user/.m2/repository/org/powermock/powermock-api-mockito/1.6.5/powermock-api-mockito-1.6.5.jar:/home/user/.m2/repository/org/mockito/mockito-core/1.10.19/mockito-core-1.10.19.jar:/home/user/.m2/repository/org/objenesis/objenesis/1.0/objenesis-1.0.jar:/home/user/.m2/repository/org/powermock/powermock-api-mockito-common/1.6.5/powermock-api-mockito-common-1.6.5.jar:/home/user/.m2/repository/org/powermock/powermock-api-support/1.6.5/powermock-api-support-1.6.5.jar:"/>
    <property name="java.vm.vendor" value="IcedTea"/>
    <property name="sun.arch.data.model" value="64"/>
    <property name="test.build.dir" value="/workdir/hadoop-ozone/ozonefs/target/test-dir"/>
    <property name="test.cache.data" value=""/>
    <property name="java.vendor.url" value="https://icedtea.classpath.org"/>
    <property name="user.timezone" value=""/>
    <property name="java.vm.specification.version" value="1.8"/>
    <property name="os.name" value="Linux"/>
    <property name="test.build.data" value="/workdir/hadoop-ozone/ozonefs/target/test-dir"/>
    <property name="user.country" value="US"/>
    <property name="sun.java.launcher" value="SUN_STANDARD"/>
    <property name="sun.boot.library.path" value="/usr/lib/jvm/java-1.8-openjdk/jre/lib/amd64"/>
    <property name="sun.java.command" value="/workdir/hadoop-ozone/ozonefs/target/surefire/surefirebooter481079047576463011.jar /workdir/hadoop-ozone/ozonefs/target/surefire 2019-09-25T04-24-54_173-jvmRun1 surefire2722481911557223371tmp surefire_103385583307590181430tmp"/>
    <property name="test" value="!TestMiniChaosOzoneCluster"/>
    <property name="surefire.test.class.path" value="/workdir/hadoop-ozone/ozonefs/target/test-classes:/workdir/hadoop-ozone/ozonefs/target/classes:/home/user/.m2/repository/org/apache/hadoop/hadoop-common/3.2.0/hadoop-common-3.2.0.jar:/home/user/.m2/repository/org/apache/hadoop/hadoop-annotations/3.2.0/hadoop-annotations-3.2.0.jar:/usr/lib/jvm/java-1.8-openjdk/jre/../lib/tools.jar:/home/user/.m2/repository/com/google/guava/guava/11.0.2/guava-11.0.2.jar:/home/user/.m2/repository/commons-cli/commons-cli/1.2/commons-cli-1.2.jar:/home/user/.m2/repository/org/apache/commons/commons-math3/3.1.1/commons-math3-3.1.1.jar:/home/user/.m2/repository/commons-codec/commons-codec/1.11/commons-codec-1.11.jar:/home/user/.m2/repository/commons-io/commons-io/2.5/commons-io-2.5.jar:/home/user/.m2/repository/commons-net/commons-net/3.6/commons-net-3.6.jar:/home/user/.m2/repository/commons-collections/commons-collections/3.2.2/commons-collections-3.2.2.jar:/home/user/.m2/repository/javax/servlet/javax.servlet-api/3.1.0/javax.servlet-api-3.1.0.jar:/home/user/.m2/repository/org/eclipse/jetty/jetty-server/9.3.25.v20180904/jetty-server-9.3.25.v20180904.jar:/home/user/.m2/repository/org/eclipse/jetty/jetty-http/9.3.25.v20180904/jetty-http-9.3.25.v20180904.jar:/home/user/.m2/repository/org/eclipse/jetty/jetty-io/9.3.25.v20180904/jetty-io-9.3.25.v20180904.jar:/home/user/.m2/repository/org/eclipse/jetty/jetty-util/9.3.25.v20180904/jetty-util-9.3.25.v20180904.jar:/home/user/.m2/repository/org/eclipse/jetty/jetty-servlet/9.3.25.v20180904/jetty-servlet-9.3.25.v20180904.jar:/home/user/.m2/repository/org/eclipse/jetty/jetty-security/9.3.25.v20180904/jetty-security-9.3.25.v20180904.jar:/home/user/.m2/repository/org/eclipse/jetty/jetty-webapp/9.3.25.v20180904/jetty-webapp-9.3.25.v20180904.jar:/home/user/.m2/repository/org/eclipse/jetty/jetty-xml/9.3.25.v20180904/jetty-xml-9.3.25.v20180904.jar:/home/user/.m2/repository/javax/servlet/jsp/jsp-api/2.1/jsp-api-2.1.jar:/home/user/.m2/repository/com/sun/jersey/jersey-core/1.19/jersey-core-1.19.jar:/home/user/.m2/repository/javax/ws/rs/jsr311-api/1.1.1/jsr311-api-1.1.1.jar:/home/user/.m2/repository/com/sun/jersey/jersey-servlet/1.19/jersey-servlet-1.19.jar:/home/user/.m2/repository/com/sun/jersey/jersey-json/1.19/jersey-json-1.19.jar:/home/user/.m2/repository/org/codehaus/jettison/jettison/1.1/jettison-1.1.jar:/home/user/.m2/repository/com/sun/xml/bind/jaxb-impl/2.3.0.1/jaxb-impl-2.3.0.1.jar:/home/user/.m2/repository/org/codehaus/jackson/jackson-core-asl/1.9.13/jackson-core-asl-1.9.13.jar:/home/user/.m2/repository/org/codehaus/jackson/jackson-mapper-asl/1.9.13/jackson-mapper-asl-1.9.13.jar:/home/user/.m2/repository/org/codehaus/jackson/jackson-jaxrs/1.9.13/jackson-jaxrs-1.9.13.jar:/home/user/.m2/repository/org/codehaus/jackson/jackson-xc/1.9.13/jackson-xc-1.9.13.jar:/home/user/.m2/repository/com/sun/jersey/jersey-server/1.19/jersey-server-1.19.jar:/home/user/.m2/repository/commons-logging/commons-logging/1.1.3/commons-logging-1.1.3.jar:/home/user/.m2/repository/log4j/log4j/1.2.17/log4j-1.2.17.jar:/home/user/.m2/repository/commons-beanutils/commons-beanutils/1.9.4/commons-beanutils-1.9.4.jar:/home/user/.m2/repository/org/apache/commons/commons-configuration2/2.1.1/commons-configuration2-2.1.1.jar:/home/user/.m2/repository/org/apache/commons/commons-lang3/3.7/commons-lang3-3.7.jar:/home/user/.m2/repository/org/apache/commons/commons-text/1.4/commons-text-1.4.jar:/home/user/.m2/repository/org/slf4j/slf4j-api/1.7.25/slf4j-api-1.7.25.jar:/home/user/.m2/repository/org/slf4j/slf4j-log4j12/1.7.25/slf4j-log4j12-1.7.25.jar:/home/user/.m2/repository/org/apache/avro/avro/1.7.7/avro-1.7.7.jar:/home/user/.m2/repository/com/thoughtworks/paranamer/paranamer/2.3/paranamer-2.3.jar:/home/user/.m2/repository/org/xerial/snappy/snappy-java/1.0.5/snappy-java-1.0.5.jar:/home/user/.m2/repository/com/google/re2j/re2j/1.1/re2j-1.1.jar:/home/user/.m2/repository/com/google/protobuf/protobuf-java/2.5.0/protobuf-java-2.5.0.jar:/home/user/.m2/repository/com/google/code/gson/gson/2.2.4/gson-2.2.4.jar:/home/user/.m2/repository/org/apache/hadoop/hadoop-auth/3.2.0/hadoop-auth-3.2.0.jar:/home/user/.m2/repository/com/nimbusds/nimbus-jose-jwt/4.41.1/nimbus-jose-jwt-4.41.1.jar:/home/user/.m2/repository/com/github/stephenc/jcip/jcip-annotations/1.0-1/jcip-annotations-1.0-1.jar:/home/user/.m2/repository/net/minidev/json-smart/2.3/json-smart-2.3.jar:/home/user/.m2/repository/net/minidev/accessors-smart/1.2/accessors-smart-1.2.jar:/home/user/.m2/repository/org/apache/curator/curator-framework/2.12.0/curator-framework-2.12.0.jar:/home/user/.m2/repository/com/jcraft/jsch/0.1.54/jsch-0.1.54.jar:/home/user/.m2/repository/org/apache/curator/curator-client/2.12.0/curator-client-2.12.0.jar:/home/user/.m2/repository/org/apache/curator/curator-recipes/2.12.0/curator-recipes-2.12.0.jar:/home/user/.m2/repository/com/google/code/findbugs/jsr305/3.0.0/jsr305-3.0.0.jar:/home/user/.m2/repository/org/apache/htrace/htrace-core4/4.1.0-incubating/htrace-core4-4.1.0-incubating.jar:/home/user/.m2/repository/org/apache/zookeeper/zookeeper/3.4.13/zookeeper-3.4.13.jar:/home/user/.m2/repository/jline/jline/0.9.94/jline-0.9.94.jar:/home/user/.m2/repository/org/apache/yetus/audience-annotations/0.5.0/audience-annotations-0.5.0.jar:/home/user/.m2/repository/org/apache/commons/commons-compress/1.4.1/commons-compress-1.4.1.jar:/home/user/.m2/repository/org/tukaani/xz/1.0/xz-1.0.jar:/home/user/.m2/repository/org/apache/kerby/kerb-simplekdc/1.0.1/kerb-simplekdc-1.0.1.jar:/home/user/.m2/repository/org/apache/kerby/kerb-client/1.0.1/kerb-client-1.0.1.jar:/home/user/.m2/repository/org/apache/kerby/kerby-config/1.0.1/kerby-config-1.0.1.jar:/home/user/.m2/repository/org/apache/kerby/kerb-core/1.0.1/kerb-core-1.0.1.jar:/home/user/.m2/repository/org/apache/kerby/kerby-pkix/1.0.1/kerby-pkix-1.0.1.jar:/home/user/.m2/repository/org/apache/kerby/kerby-asn1/1.0.1/kerby-asn1-1.0.1.jar:/home/user/.m2/repository/org/apache/kerby/kerby-util/1.0.1/kerby-util-1.0.1.jar:/home/user/.m2/repository/org/apache/kerby/kerb-common/1.0.1/kerb-common-1.0.1.jar:/home/user/.m2/repository/org/apache/kerby/kerb-crypto/1.0.1/kerb-crypto-1.0.1.jar:/home/user/.m2/repository/org/apache/kerby/kerb-util/1.0.1/kerb-util-1.0.1.jar:/home/user/.m2/repository/org/apache/kerby/token-provider/1.0.1/token-provider-1.0.1.jar:/home/user/.m2/repository/org/apache/kerby/kerb-admin/1.0.1/kerb-admin-1.0.1.jar:/home/user/.m2/repository/org/apache/kerby/kerb-server/1.0.1/kerb-server-1.0.1.jar:/home/user/.m2/repository/org/apache/kerby/kerb-identity/1.0.1/kerb-identity-1.0.1.jar:/home/user/.m2/repository/org/apache/kerby/kerby-xdr/1.0.1/kerby-xdr-1.0.1.jar:/home/user/.m2/repository/com/fasterxml/jackson/core/jackson-databind/2.9.9/jackson-databind-2.9.9.jar:/home/user/.m2/repository/com/fasterxml/jackson/core/jackson-annotations/2.9.9/jackson-annotations-2.9.9.jar:/home/user/.m2/repository/com/fasterxml/jackson/core/jackson-core/2.9.9/jackson-core-2.9.9.jar:/home/user/.m2/repository/org/codehaus/woodstox/stax2-api/3.1.4/stax2-api-3.1.4.jar:/home/user/.m2/repository/com/fasterxml/woodstox/woodstox-core/5.0.3/woodstox-core-5.0.3.jar:/home/user/.m2/repository/dnsjava/dnsjava/2.1.7/dnsjava-2.1.7.jar:/home/user/.m2/repository/org/apache/hadoop/hadoop-hdfs/3.2.0/hadoop-hdfs-3.2.0.jar:/home/user/.m2/repository/org/eclipse/jetty/jetty-util-ajax/9.3.25.v20180904/jetty-util-ajax-9.3.25.v20180904.jar:/home/user/.m2/repository/commons-daemon/commons-daemon/1.0.13/commons-daemon-1.0.13.jar:/home/user/.m2/repository/io/netty/netty/3.10.5.Final/netty-3.10.5.Final.jar:/home/user/.m2/repository/io/netty/netty-all/4.0.52.Final/netty-all-4.0.52.Final.jar:/home/user/.m2/repository/org/fusesource/leveldbjni/leveldbjni-all/1.8/leveldbjni-all-1.8.jar:/home/user/.m2/repository/org/apache/hadoop/hadoop-hdds-common/0.5.0-SNAPSHOT/hadoop-hdds-common-0.5.0-SNAPSHOT.jar:/home/user/.m2/repository/org/apache/hadoop/hadoop-hdds-config/0.5.0-SNAPSHOT/hadoop-hdds-config-0.5.0-SNAPSHOT.jar:/home/user/.m2/repository/javax/annotation/javax.annotation-api/1.2/javax.annotation-api-1.2.jar:/home/user/.m2/repository/org/apache/ratis/ratis-server/0.4.0/ratis-server-0.4.0.jar:/home/user/.m2/repository/org/apache/ratis/ratis-thirdparty-misc/0.2.0/ratis-thirdparty-misc-0.2.0.jar:/home/user/.m2/repository/org/apache/ratis/ratis-proto/0.4.0/ratis-proto-0.4.0.jar:/home/user/.m2/repository/org/apache/ratis/ratis-common/0.4.0/ratis-common-0.4.0.jar:/home/user/.m2/repository/org/apache/ratis/ratis-client/0.4.0/ratis-client-0.4.0.jar:/home/user/.m2/repository/org/apache/ratis/ratis-metrics/0.4.0/ratis-metrics-0.4.0.jar:/home/user/.m2/repository/com/github/joshelser/dropwizard-metrics-hadoop-metrics2-reporter/0.1.2/dropwizard-metrics-hadoop-metrics2-reporter-0.1.2.jar:/home/user/.m2/repository/io/dropwizard/metrics/metrics-jvm/3.2.5/metrics-jvm-3.2.5.jar:/home/user/.m2/repository/io/dropwizard/metrics/metrics-ganglia/3.2.5/metrics-ganglia-3.2.5.jar:/home/user/.m2/repository/info/ganglia/gmetric4j/gmetric4j/1.0.7/gmetric4j-1.0.7.jar:/home/user/.m2/repository/org/apache/ratis/ratis-netty/0.4.0/ratis-netty-0.4.0.jar:/home/user/.m2/repository/org/apache/ratis/ratis-grpc/0.4.0/ratis-grpc-0.4.0.jar:/home/user/.m2/repository/org/rocksdb/rocksdbjni/6.0.1/rocksdbjni-6.0.1.jar:/home/user/.m2/repository/org/apache/logging/log4j/log4j-api/2.11.0/log4j-api-2.11.0.jar:/home/user/.m2/repository/org/apache/logging/log4j/log4j-core/2.11.0/log4j-core-2.11.0.jar:/home/user/.m2/repository/com/lmax/disruptor/3.4.2/disruptor-3.4.2.jar:/home/user/.m2/repository/org/apache/commons/commons-pool2/2.6.0/commons-pool2-2.6.0.jar:/home/user/.m2/repository/org/bouncycastle/bcpkix-jdk15on/1.60/bcpkix-jdk15on-1.60.jar:/home/user/.m2/repository/commons-validator/commons-validator/1.6/commons-validator-1.6.jar:/home/user/.m2/repository/commons-digester/commons-digester/1.8.1/commons-digester-1.8.1.jar:/home/user/.m2/repository/io/jaegertracing/jaeger-client/0.34.0/jaeger-client-0.34.0.jar:/home/user/.m2/repository/io/jaegertracing/jaeger-thrift/0.34.0/jaeger-thrift-0.34.0.jar:/home/user/.m2/repository/org/apache/thrift/libthrift/0.12.0/libthrift-0.12.0.jar:/home/user/.m2/repository/com/squareup/okhttp3/okhttp/3.9.0/okhttp-3.9.0.jar:/home/user/.m2/repository/com/squareup/okio/okio/1.13.0/okio-1.13.0.jar:/home/user/.m2/repository/io/jaegertracing/jaeger-core/0.34.0/jaeger-core-0.34.0.jar:/home/user/.m2/repository/io/jaegertracing/jaeger-tracerresolver/0.34.0/jaeger-tracerresolver-0.34.0.jar:/home/user/.m2/repository/io/opentracing/contrib/opentracing-tracerresolver/0.1.5/opentracing-tracerresolver-0.1.5.jar:/home/user/.m2/repository/io/opentracing/opentracing-util/0.31.0/opentracing-util-0.31.0.jar:/home/user/.m2/repository/io/opentracing/opentracing-api/0.31.0/opentracing-api-0.31.0.jar:/home/user/.m2/repository/io/opentracing/opentracing-noop/0.31.0/opentracing-noop-0.31.0.jar:/home/user/.m2/repository/org/yaml/snakeyaml/1.16/snakeyaml-1.16.jar:/home/user/.m2/repository/org/apache/hadoop/hadoop-hdfs-client/3.2.0/hadoop-hdfs-client-3.2.0.jar:/home/user/.m2/repository/info/picocli/picocli/3.9.6/picocli-3.9.6.jar:/home/user/.m2/repository/org/apache/hadoop/hadoop-hdds-server-scm/0.5.0-SNAPSHOT/hadoop-hdds-server-scm-0.5.0-SNAPSHOT.jar:/home/user/.m2/repository/org/apache/hadoop/hadoop-hdds-docs/0.5.0-SNAPSHOT/hadoop-hdds-docs-0.5.0-SNAPSHOT.jar:/home/user/.m2/repository/io/dropwizard/metrics/metrics-core/3.2.4/metrics-core-3.2.4.jar:/home/user/.m2/repository/org/hamcrest/hamcrest-all/1.3/hamcrest-all-1.3.jar:/home/user/.m2/repository/org/bouncycastle/bcprov-jdk15on/1.60/bcprov-jdk15on-1.60.jar:/home/user/.m2/repository/org/apache/hadoop/hadoop-hdds-server-framework/0.5.0-SNAPSHOT/hadoop-hdds-server-framework-0.5.0-SNAPSHOT.jar:/home/user/.m2/repository/org/apache/hadoop/hadoop-ozone-ozone-manager/0.5.0-SNAPSHOT/hadoop-ozone-ozone-manager-0.5.0-SNAPSHOT.jar:/home/user/.m2/repository/org/apache/hadoop/hadoop-hdds-container-service/0.5.0-SNAPSHOT/hadoop-hdds-container-service-0.5.0-SNAPSHOT.jar:/home/user/.m2/repository/org/apache/hadoop/hadoop-hdds-client/0.5.0-SNAPSHOT/hadoop-hdds-client-0.5.0-SNAPSHOT.jar:/home/user/.m2/repository/org/apache/hadoop/hadoop-ozone-common/0.5.0-SNAPSHOT/hadoop-ozone-common-0.5.0-SNAPSHOT.jar:/home/user/.m2/repository/org/apache/hadoop/hadoop-hdds-tools/0.5.0-SNAPSHOT/hadoop-hdds-tools-0.5.0-SNAPSHOT.jar:/home/user/.m2/repository/org/xerial/sqlite-jdbc/3.25.2/sqlite-jdbc-3.25.2.jar:/home/user/.m2/repository/org/apache/httpcomponents/httpclient/4.5.2/httpclient-4.5.2.jar:/home/user/.m2/repository/org/apache/httpcomponents/httpcore/4.4.4/httpcore-4.4.4.jar:/home/user/.m2/repository/com/google/code/findbugs/findbugs/3.0.1/findbugs-3.0.1.jar:/home/user/.m2/repository/net/jcip/jcip-annotations/1.0/jcip-annotations-1.0.jar:/home/user/.m2/repository/com/google/code/findbugs/bcel-findbugs/6.0/bcel-findbugs-6.0.jar:/home/user/.m2/repository/com/google/code/findbugs/jFormatString/2.0.1/jFormatString-2.0.1.jar:/home/user/.m2/repository/dom4j/dom4j/1.6.1/dom4j-1.6.1.jar:/home/user/.m2/repository/xml-apis/xml-apis/1.0.b2/xml-apis-1.0.b2.jar:/home/user/.m2/repository/org/ow2/asm/asm-debug-all/5.0.2/asm-debug-all-5.0.2.jar:/home/user/.m2/repository/org/ow2/asm/asm-commons/5.0.2/asm-commons-5.0.2.jar:/home/user/.m2/repository/org/ow2/asm/asm-tree/5.0.2/asm-tree-5.0.2.jar:/home/user/.m2/repository/org/ow2/asm/asm/5.0.4/asm-5.0.4.jar:/home/user/.m2/repository/commons-lang/commons-lang/2.6/commons-lang-2.6.jar:/home/user/.m2/repository/com/apple/AppleJavaExtensions/1.4/AppleJavaExtensions-1.4.jar:/home/user/.m2/repository/jaxen/jaxen/1.1.6/jaxen-1.1.6.jar:/home/user/.m2/repository/org/apache/hadoop/hadoop-common/3.2.0/hadoop-common-3.2.0-tests.jar:/home/user/.m2/repository/org/apache/hadoop/hadoop-ozone-client/0.5.0-SNAPSHOT/hadoop-ozone-client-0.5.0-SNAPSHOT.jar:/home/user/.m2/repository/org/apache/hadoop/hadoop-hdfs/3.2.0/hadoop-hdfs-3.2.0-tests.jar:/workdir/hadoop-ozone/integration-test/target/test-classes:/home/user/.m2/repository/org/apache/hadoop/hadoop-ozone-s3gateway/0.5.0-SNAPSHOT/hadoop-ozone-s3gateway-0.5.0-SNAPSHOT.jar:/home/user/.m2/repository/org/jboss/weld/servlet/weld-servlet/2.4.7.Final/weld-servlet-2.4.7.Final.jar:/home/user/.m2/repository/org/glassfish/jersey/containers/jersey-container-servlet-core/2.27/jersey-container-servlet-core-2.27.jar:/home/user/.m2/repository/org/glassfish/hk2/external/javax.inject/2.5.0-b42/javax.inject-2.5.0-b42.jar:/home/user/.m2/repository/org/glassfish/jersey/core/jersey-common/2.27/jersey-common-2.27.jar:/home/user/.m2/repository/org/glassfish/hk2/osgi-resource-locator/1.0.1/osgi-resource-locator-1.0.1.jar:/home/user/.m2/repository/javax/ws/rs/javax.ws.rs-api/2.1/javax.ws.rs-api-2.1.jar:/home/user/.m2/repository/org/glassfish/jersey/ext/cdi/jersey-cdi1x/2.27/jersey-cdi1x-2.27.jar:/home/user/.m2/repository/org/glassfish/jersey/inject/jersey-hk2/2.27/jersey-hk2-2.27.jar:/home/user/.m2/repository/org/glassfish/hk2/hk2-locator/2.5.0-b42/hk2-locator-2.5.0-b42.jar:/home/user/.m2/repository/org/javassist/javassist/3.22.0-CR2/javassist-3.22.0-CR2.jar:/home/user/.m2/repository/org/glassfish/hk2/hk2-api/2.5.0/hk2-api-2.5.0.jar:/home/user/.m2/repository/org/glassfish/hk2/external/jakarta.inject/2.5.0/jakarta.inject-2.5.0.jar:/home/user/.m2/repository/org/glassfish/hk2/hk2-utils/2.5.0/hk2-utils-2.5.0.jar:/home/user/.m2/repository/jakarta/annotation/jakarta.annotation-api/1.3.4/jakarta.annotation-api-1.3.4.jar:/home/user/.m2/repository/org/glassfish/hk2/external/aopalliance-repackaged/2.5.0/aopalliance-repackaged-2.5.0.jar:/home/user/.m2/repository/com/fasterxml/jackson/dataformat/jackson-dataformat-xml/2.9.0/jackson-dataformat-xml-2.9.0.jar:/home/user/.m2/repository/com/fasterxml/jackson/module/jackson-module-jaxb-annotations/2.9.9/jackson-module-jaxb-annotations-2.9.9.jar:/home/user/.m2/repository/javax/enterprise/cdi-api/1.2/cdi-api-1.2.jar:/home/user/.m2/repository/javax/el/javax.el-api/3.0.0/javax.el-api-3.0.0.jar:/home/user/.m2/repository/javax/interceptor/javax.interceptor-api/1.2/javax.interceptor-api-1.2.jar:/home/user/.m2/repository/javax/inject/javax.inject/1/javax.inject-1.jar:/home/user/.m2/repository/com/sun/xml/bind/jaxb-core/2.3.0.1/jaxb-core-2.3.0.1.jar:/home/user/.m2/repository/javax/xml/bind/jaxb-api/2.3.0/jaxb-api-2.3.0.jar:/home/user/.m2/repository/javax/activation/activation/1.1.1/activation-1.1.1.jar:/home/user/.m2/repository/org/apache/hadoop/hadoop-ozone-csi/0.5.0-SNAPSHOT/hadoop-ozone-csi-0.5.0-SNAPSHOT.jar:/home/user/.m2/repository/com/google/protobuf/protobuf-java-util/3.5.1/protobuf-java-util-3.5.1.jar:/home/user/.m2/repository/io/grpc/grpc-netty/1.17.1/grpc-netty-1.17.1.jar:/home/user/.m2/repository/io/grpc/grpc-core/1.17.1/grpc-core-1.17.1.jar:/home/user/.m2/repository/io/grpc/grpc-context/1.17.1/grpc-context-1.17.1.jar:/home/user/.m2/repository/com/google/errorprone/error_prone_annotations/2.2.0/error_prone_annotations-2.2.0.jar:/home/user/.m2/repository/org/codehaus/mojo/animal-sniffer-annotations/1.17/animal-sniffer-annotations-1.17.jar:/home/user/.m2/repository/io/opencensus/opencensus-api/0.17.0/opencensus-api-0.17.0.jar:/home/user/.m2/repository/io/opencensus/opencensus-contrib-grpc-metrics/0.17.0/opencensus-contrib-grpc-metrics-0.17.0.jar:/home/user/.m2/repository/io/netty/netty-codec-http2/4.1.30.Final/netty-codec-http2-4.1.30.Final.jar:/home/user/.m2/repository/io/netty/netty-codec-http/4.1.30.Final/netty-codec-http-4.1.30.Final.jar:/home/user/.m2/repository/io/netty/netty-codec/4.1.30.Final/netty-codec-4.1.30.Final.jar:/home/user/.m2/repository/io/netty/netty-handler/4.1.30.Final/netty-handler-4.1.30.Final.jar:/home/user/.m2/repository/io/netty/netty-handler-proxy/4.1.30.Final/netty-handler-proxy-4.1.30.Final.jar:/home/user/.m2/repository/io/netty/netty-codec-socks/4.1.30.Final/netty-codec-socks-4.1.30.Final.jar:/home/user/.m2/repository/io/netty/netty-transport-native-epoll/4.1.30.Final/netty-transport-native-epoll-4.1.30.Final.jar:/home/user/.m2/repository/io/netty/netty-common/4.1.30.Final/netty-common-4.1.30.Final.jar:/home/user/.m2/repository/io/netty/netty-buffer/4.1.30.Final/netty-buffer-4.1.30.Final.jar:/home/user/.m2/repository/io/netty/netty-transport/4.1.30.Final/netty-transport-4.1.30.Final.jar:/home/user/.m2/repository/io/netty/netty-resolver/4.1.30.Final/netty-resolver-4.1.30.Final.jar:/home/user/.m2/repository/io/netty/netty-transport-native-unix-common/4.1.30.Final/netty-transport-native-unix-common-4.1.30.Final.jar:/home/user/.m2/repository/io/grpc/grpc-protobuf/1.17.1/grpc-protobuf-1.17.1.jar:/home/user/.m2/repository/com/google/api/grpc/proto-google-common-protos/1.0.0/proto-google-common-protos-1.0.0.jar:/home/user/.m2/repository/io/grpc/grpc-protobuf-lite/1.17.1/grpc-protobuf-lite-1.17.1.jar:/home/user/.m2/repository/io/grpc/grpc-stub/1.17.1/grpc-stub-1.17.1.jar:/home/user/.m2/repository/org/apache/hadoop/hadoop-ozone-recon/0.5.0-SNAPSHOT/hadoop-ozone-recon-0.5.0-SNAPSHOT.jar:/home/user/.m2/repository/org/apache/hadoop/hadoop-ozone-reconcodegen/0.5.0-SNAPSHOT/hadoop-ozone-reconcodegen-0.5.0-SNAPSHOT.jar:/home/user/.m2/repository/com/google/inject/extensions/guice-multibindings/4.0/guice-multibindings-4.0.jar:/home/user/.m2/repository/com/google/inject/guice/4.0/guice-4.0.jar:/home/user/.m2/repository/aopalliance/aopalliance/1.0/aopalliance-1.0.jar:/home/user/.m2/repository/org/glassfish/jersey/containers/jersey-container-servlet/2.27/jersey-container-servlet-2.27.jar:/home/user/.m2/repository/org/glassfish/hk2/guice-bridge/2.5.0/guice-bridge-2.5.0.jar:/home/user/.m2/repository/org/glassfish/jersey/core/jersey-server/2.27/jersey-server-2.27.jar:/home/user/.m2/repository/org/glassfish/jersey/core/jersey-client/2.27/jersey-client-2.27.jar:/home/user/.m2/repository/org/glassfish/jersey/media/jersey-media-jaxb/2.27/jersey-media-jaxb-2.27.jar:/home/user/.m2/repository/javax/validation/validation-api/1.1.0.Final/validation-api-1.1.0.Final.jar:/home/user/.m2/repository/org/glassfish/jersey/media/jersey-media-json-jackson/2.27/jersey-media-json-jackson-2.27.jar:/home/user/.m2/repository/org/glassfish/jersey/ext/jersey-entity-filtering/2.27/jersey-entity-filtering-2.27.jar:/home/user/.m2/repository/com/google/inject/extensions/guice-assistedinject/4.0/guice-assistedinject-4.0.jar:/home/user/.m2/repository/org/jooq/jooq/3.11.10/jooq-3.11.10.jar:/home/user/.m2/repository/org/jooq/jooq-meta/3.11.10/jooq-meta-3.11.10.jar:/home/user/.m2/repository/org/jooq/jooq-codegen/3.11.10/jooq-codegen-3.11.10.jar:/home/user/.m2/repository/com/jolbox/bonecp/0.8.0.RELEASE/bonecp-0.8.0.RELEASE.jar:/home/user/.m2/repository/org/springframework/spring-jdbc/5.1.3.RELEASE/spring-jdbc-5.1.3.RELEASE.jar:/home/user/.m2/repository/org/springframework/spring-beans/5.1.3.RELEASE/spring-beans-5.1.3.RELEASE.jar:/home/user/.m2/repository/org/springframework/spring-core/5.1.3.RELEASE/spring-core-5.1.3.RELEASE.jar:/home/user/.m2/repository/org/springframework/spring-jcl/5.1.3.RELEASE/spring-jcl-5.1.3.RELEASE.jar:/home/user/.m2/repository/org/springframework/spring-tx/5.1.3.RELEASE/spring-tx-5.1.3.RELEASE.jar:/home/user/.m2/repository/org/mockito/mockito-all/1.10.19/mockito-all-1.10.19.jar:/home/user/.m2/repository/junit/junit/4.11/junit-4.11.jar:/home/user/.m2/repository/org/hamcrest/hamcrest-core/1.3/hamcrest-core-1.3.jar:/home/user/.m2/repository/org/apache/hadoop/hadoop-distcp/3.2.0/hadoop-distcp-3.2.0.jar:/home/user/.m2/repository/org/apache/hadoop/hadoop-distcp/3.2.0/hadoop-distcp-3.2.0-tests.jar:/home/user/.m2/repository/org/apache/hadoop/hadoop-mapreduce-client-jobclient/3.2.0/hadoop-mapreduce-client-jobclient-3.2.0.jar:/home/user/.m2/repository/org/apache/hadoop/hadoop-mapreduce-client-common/3.2.0/hadoop-mapreduce-client-common-3.2.0.jar:/home/user/.m2/repository/org/apache/hadoop/hadoop-yarn-common/3.2.0/hadoop-yarn-common-3.2.0.jar:/home/user/.m2/repository/org/apache/hadoop/hadoop-yarn-api/3.2.0/hadoop-yarn-api-3.2.0.jar:/home/user/.m2/repository/com/sun/jersey/jersey-client/1.19/jersey-client-1.19.jar:/home/user/.m2/repository/com/sun/jersey/contribs/jersey-guice/1.19/jersey-guice-1.19.jar:/home/user/.m2/repository/com/fasterxml/jackson/jaxrs/jackson-jaxrs-json-provider/2.9.9/jackson-jaxrs-json-provider-2.9.9.jar:/home/user/.m2/repository/com/fasterxml/jackson/jaxrs/jackson-jaxrs-base/2.9.9/jackson-jaxrs-base-2.9.9.jar:/home/user/.m2/repository/org/apache/hadoop/hadoop-yarn-client/3.2.0/hadoop-yarn-client-3.2.0.jar:/home/user/.m2/repository/org/apache/hadoop/hadoop-mapreduce-client-core/3.2.0/hadoop-mapreduce-client-core-3.2.0.jar:/home/user/.m2/repository/com/google/inject/extensions/guice-servlet/4.0/guice-servlet-4.0.jar:/home/user/.m2/repository/org/powermock/powermock-module-junit4/1.6.5/powermock-module-junit4-1.6.5.jar:/home/user/.m2/repository/org/powermock/powermock-module-junit4-common/1.6.5/powermock-module-junit4-common-1.6.5.jar:/home/user/.m2/repository/org/powermock/powermock-core/1.6.5/powermock-core-1.6.5.jar:/home/user/.m2/repository/org/powermock/powermock-reflect/1.6.5/powermock-reflect-1.6.5.jar:/home/user/.m2/repository/org/powermock/powermock-api-mockito/1.6.5/powermock-api-mockito-1.6.5.jar:/home/user/.m2/repository/org/mockito/mockito-core/1.10.19/mockito-core-1.10.19.jar:/home/user/.m2/repository/org/objenesis/objenesis/1.0/objenesis-1.0.jar:/home/user/.m2/repository/org/powermock/powermock-api-mockito-common/1.6.5/powermock-api-mockito-common-1.6.5.jar:/home/user/.m2/repository/org/powermock/powermock-api-support/1.6.5/powermock-api-support-1.6.5.jar:"/>
    <property name="sun.cpu.endian" value="little"/>
    <property name="user.home" value="/home/user"/>
    <property name="user.language" value="en"/>
    <property name="java.specification.vendor" value="Oracle Corporation"/>
    <property name="java.home" value="/usr/lib/jvm/java-1.8-openjdk/jre"/>
    <property name="java.security.krb5.conf" value="/workdir/hadoop-ozone/ozonefs/target/test-classes/krb5.conf"/>
    <property name="basedir" value="/workdir/hadoop-ozone/ozonefs"/>
    <property name="file.separator" value="/"/>
    <property name="line.separator" value="&#10;"/>
    <property name="java.vm.specification.vendor" value="Oracle Corporation"/>
    <property name="java.specification.name" value="Java Platform API Specification"/>
    <property name="java.awt.graphicsenv" value="sun.awt.X11GraphicsEnvironment"/>
    <property name="surefire.real.class.path" value="/workdir/hadoop-ozone/ozonefs/target/surefire/surefirebooter481079047576463011.jar"/>
    <property name="hadoop.log.dir" value="/workdir/hadoop-ozone/ozonefs/target/log"/>
    <property name="sun.boot.class.path" value="/usr/lib/jvm/java-1.8-openjdk/jre/lib/resources.jar:/usr/lib/jvm/java-1.8-openjdk/jre/lib/rt.jar:/usr/lib/jvm/java-1.8-openjdk/jre/lib/sunrsasign.jar:/usr/lib/jvm/java-1.8-openjdk/jre/lib/jsse.jar:/usr/lib/jvm/java-1.8-openjdk/jre/lib/jce.jar:/usr/lib/jvm/java-1.8-openjdk/jre/lib/charsets.jar:/usr/lib/jvm/java-1.8-openjdk/jre/lib/jfr.jar:/usr/lib/jvm/java-1.8-openjdk/jre/classes"/>
    <property name="sun.management.compiler" value="HotSpot 64-Bit Tiered Compilers"/>
    <property name="java.runtime.version" value="1.8.0_212-b04"/>
    <property name="java.net.preferIPv4Stack" value="true"/>
    <property name="user.name" value="jenkins1000"/>
    <property name="path.separator" value=":"/>
    <property name="java.security.egd" value="file:///dev/urandom"/>
    <property name="os.version" value="3.10.0-957.12.2.el7.x86_64"/>
    <property name="java.endorsed.dirs" value="/usr/lib/jvm/java-1.8-openjdk/jre/lib/endorsed"/>
    <property name="java.runtime.name" value="OpenJDK Runtime Environment"/>
    <property name="file.encoding" value="UTF-8"/>
    <property name="java.vm.name" value="OpenJDK 64-Bit Server VM"/>
    <property name="test.build.webapps" value=""/>
    <property name="localRepository" value="/home/user/.m2/repository"/>
    <property name="java.vendor.url.bug" value="https://icedtea.classpath.org/bugzilla"/>
    <property name="java.io.tmpdir" value="/tmp"/>
    <property name="require.test.libhadoop" value=""/>
    <property name="java.version" value="1.8.0_212"/>
    <property name="user.dir" value="/workdir/hadoop-ozone/ozonefs"/>
    <property name="os.arch" value="amd64"/>
    <property name="java.vm.specification.name" value="Java Virtual Machine Specification"/>
    <property name="test.build.classes" value="/workdir/hadoop-ozone/ozonefs/target/test-classes"/>
    <property name="java.awt.printerjob" value="sun.print.PSPrinterJob"/>
    <property name="sun.os.patch.level" value="unknown"/>
    <property name="hadoop.tmp.dir" value="/workdir/hadoop-ozone/ozonefs/target/tmp"/>
    <property name="java.library.path" value="/usr/lib/jvm/java-1.8-openjdk/jre/lib/amd64/server:/usr/lib/jvm/java-1.8-openjdk/jre/lib/amd64:/usr/lib/jvm/java-1.8-openjdk/jre/../lib/amd64:/workdir/hadoop-ozone/ozonefs/target/native/target/usr/local/lib:/workdir/hadoop-ozone/ozonefs/../../hadoop-common-project/hadoop-common/target/native/target/usr/local/lib:/usr/java/packages/lib/amd64:/usr/lib64:/lib64:/lib:/usr/lib"/>
    <property name="java.vm.info" value="mixed mode"/>
    <property name="java.vendor" value="IcedTea"/>
    <property name="java.vm.version" value="25.212-b04"/>
    <property name="java.ext.dirs" value="/usr/lib/jvm/java-1.8-openjdk/jre/lib/ext:/usr/java/packages/lib/ext"/>
    <property name="sun.io.unicode.encoding" value="UnicodeLittle"/>
    <property name="java.class.version" value="52.0"/>
  </properties>
  <testcase name="testUpdateDeepDirectoryStructureNoChange" classname="org.apache.hadoop.fs.ozone.contract.ITestOzoneContractDistCp" time="45.949">
    <error message="DistCp failure: Job job_local2017747317_0001 has failed: NA" type="java.io.IOException">java.io.IOException: DistCp failure: Job job_local2017747317_0001 has failed: NA
	at org.apache.hadoop.tools.DistCp.waitForJobCompletion(DistCp.java:230)
	at org.apache.hadoop.tools.DistCp.execute(DistCp.java:185)
	at org.apache.hadoop.tools.contract.AbstractContractDistCpTest.runDistCp(AbstractContractDistCpTest.java:560)
	at org.apache.hadoop.tools.contract.AbstractContractDistCpTest.runDistCp(AbstractContractDistCpTest.java:549)
	at org.apache.hadoop.tools.contract.AbstractContractDistCpTest.distCpDeepDirectoryStructure(AbstractContractDistCpTest.java:496)
	at org.apache.hadoop.tools.contract.AbstractContractDistCpTest.testUpdateDeepDirectoryStructureNoChange(AbstractContractDistCpTest.java:231)
	at sun.reflect.NativeMethodAccessorImpl.invoke0(Native Method)
	at sun.reflect.NativeMethodAccessorImpl.invoke(NativeMethodAccessorImpl.java:62)
	at sun.reflect.DelegatingMethodAccessorImpl.invoke(DelegatingMethodAccessorImpl.java:43)
	at java.lang.reflect.Method.invoke(Method.java:498)
	at org.junit.runners.model.FrameworkMethod$1.runReflectiveCall(FrameworkMethod.java:47)
	at org.junit.internal.runners.model.ReflectiveCallable.run(ReflectiveCallable.java:12)
	at org.junit.runners.model.FrameworkMethod.invokeExplosively(FrameworkMethod.java:44)
	at org.junit.internal.runners.statements.InvokeMethod.evaluate(InvokeMethod.java:17)
	at org.junit.internal.runners.statements.RunBefores.evaluate(RunBefores.java:26)
	at org.junit.internal.runners.statements.RunAfters.evaluate(RunAfters.java:27)
	at org.junit.rules.TestWatcher$1.evaluate(TestWatcher.java:55)
	at org.junit.rules.TestWatcher$1.evaluate(TestWatcher.java:55)
	at org.junit.internal.runners.statements.FailOnTimeout$StatementThread.run(FailOnTimeout.java:74)
</error>
    <system-out><![CDATA[2019-09-25 08:41:11,624 [JUnit] WARN  server.ServerUtils (ServerUtils.java:getScmDbDir(145)) - ozone.scm.db.dirs is not configured. We recommend adding this setting. Falling back to ozone.metadata.dirs instead.
2019-09-25 08:41:16,911 [JUnit] WARN  server.ServerUtils (ServerUtils.java:getScmDbDir(145)) - ozone.scm.db.dirs is not configured. We recommend adding this setting. Falling back to ozone.metadata.dirs instead.
2019-09-25 08:41:16,915 [JUnit] WARN  server.ServerUtils (ServerUtils.java:getScmDbDir(145)) - ozone.scm.db.dirs is not configured. We recommend adding this setting. Falling back to ozone.metadata.dirs instead.
2019-09-25 08:41:16,936 [JUnit] INFO  util.log (Log.java:initialized(192)) - Logging initialized @6084ms
2019-09-25 08:41:17,045 [JUnit] INFO  db.DBStoreBuilder (DBStoreBuilder.java:addTable(110)) - using custom profile for table: deletedBlocks
2019-09-25 08:41:17,045 [JUnit] INFO  db.DBStoreBuilder (DBStoreBuilder.java:processTables(161)) - Using default column profile:DBProfile.DISK for Table:deletedBlocks
2019-09-25 08:41:17,046 [JUnit] INFO  db.DBStoreBuilder (DBStoreBuilder.java:addTable(110)) - using custom profile for table: validCerts
2019-09-25 08:41:17,046 [JUnit] INFO  db.DBStoreBuilder (DBStoreBuilder.java:processTables(161)) - Using default column profile:DBProfile.DISK for Table:validCerts
2019-09-25 08:41:17,046 [JUnit] INFO  db.DBStoreBuilder (DBStoreBuilder.java:addTable(110)) - using custom profile for table: revokedCerts
2019-09-25 08:41:17,047 [JUnit] INFO  db.DBStoreBuilder (DBStoreBuilder.java:processTables(161)) - Using default column profile:DBProfile.DISK for Table:revokedCerts
2019-09-25 08:41:17,060 [JUnit] INFO  db.DBStoreBuilder (DBStoreBuilder.java:addTable(110)) - using custom profile for table: default
2019-09-25 08:41:17,060 [JUnit] INFO  db.DBStoreBuilder (DBStoreBuilder.java:processTables(167)) - Using default column profile:DBProfile.DISK for Table:default
2019-09-25 08:41:17,061 [JUnit] INFO  db.DBStoreBuilder (DBStoreBuilder.java:getDbProfile(198)) - Using default options. DBProfile.DISK
2019-09-25 08:41:48,353 [JUnit] INFO  net.NodeSchemaLoader (NodeSchemaLoader.java:loadSchemaFromFile(125)) - Loading file from sun.misc.CompoundEnumeration@dd05255
2019-09-25 08:41:48,355 [JUnit] INFO  net.NodeSchemaLoader (NodeSchemaLoader.java:loadSchema(171)) - Loading network topology layer schema file
2019-09-25 08:41:48,436 [JUnit] WARN  server.ServerUtils (ServerUtils.java:sanitizeUserArgs(70)) - ozone.scm.stale.node.interval value = 300000 is larger than max = 100000 based on the key value of ozone.scm.heartbeat.thread.interval, reset to the max value 100000.
2019-09-25 08:41:48,438 [JUnit] WARN  server.ServerUtils (ServerUtils.java:sanitizeUserArgs(70)) - ozone.scm.stale.node.interval value = 300000 is larger than max = 100000 based on the key value of ozone.scm.heartbeat.thread.interval, reset to the max value 100000.
2019-09-25 08:41:48,441 [JUnit] INFO  node.SCMNodeManager (SCMNodeManager.java:<init>(114)) - Entering startup safe mode.
2019-09-25 08:41:48,583 [JUnit] INFO  algorithms.ContainerPlacementPolicyFactory (ContainerPlacementPolicyFactory.java:getPolicy(57)) - Create container placement policy of type org.apache.hadoop.hdds.scm.container.placement.algorithms.SCMContainerPlacementRandom
2019-09-25 08:41:48,601 [JUnit] WARN  server.ServerUtils (ServerUtils.java:getScmDbDir(145)) - ozone.scm.db.dirs is not configured. We recommend adding this setting. Falling back to ozone.metadata.dirs instead.
2019-09-25 08:41:48,966 [JUnit] INFO  pipeline.SCMPipelineManager (SCMPipelineManager.java:initializePipelineState(132)) - No pipeline exists in current db
2019-09-25 08:41:48,970 [JUnit] WARN  server.ServerUtils (ServerUtils.java:getScmDbDir(145)) - ozone.scm.db.dirs is not configured. We recommend adding this setting. Falling back to ozone.metadata.dirs instead.
2019-09-25 08:41:49,238 [JUnit] WARN  events.EventQueue (EventQueue.java:fireEvent(183)) - No event handler registered for event TypedEvent{payloadType=SafeModeStatus, name='SafeModeStatus'}
2019-09-25 08:41:49,742 [JUnit] INFO  ipc.CallQueueManager (CallQueueManager.java:<init>(84)) - Using callQueue: class java.util.concurrent.LinkedBlockingQueue, queueCapacity: 2000, scheduler: class org.apache.hadoop.ipc.DefaultRpcScheduler, ipcBackoff: false.
2019-09-25 08:41:49,935 [Socket Reader #1 for port 33132] INFO  ipc.Server (Server.java:run(1074)) - Starting Socket Reader #1 for port 33132
2019-09-25 08:41:49,963 [JUnit] INFO  ipc.CallQueueManager (CallQueueManager.java:<init>(84)) - Using callQueue: class java.util.concurrent.LinkedBlockingQueue, queueCapacity: 2000, scheduler: class org.apache.hadoop.ipc.DefaultRpcScheduler, ipcBackoff: false.
2019-09-25 08:41:49,964 [Socket Reader #1 for port 39756] INFO  ipc.Server (Server.java:run(1074)) - Starting Socket Reader #1 for port 39756
2019-09-25 08:41:49,975 [JUnit] INFO  ipc.CallQueueManager (CallQueueManager.java:<init>(84)) - Using callQueue: class java.util.concurrent.LinkedBlockingQueue, queueCapacity: 2000, scheduler: class org.apache.hadoop.ipc.DefaultRpcScheduler, ipcBackoff: false.
2019-09-25 08:41:49,976 [Socket Reader #1 for port 32798] INFO  ipc.Server (Server.java:run(1074)) - Starting Socket Reader #1 for port 32798
2019-09-25 08:41:50,001 [JUnit] INFO  hdfs.DFSUtil (DFSUtil.java:httpServerTemplateForNNAndJN(1641)) - Starting Web-server for scm at: http://0.0.0.0:0
2019-09-25 08:41:50,118 [JUnit] INFO  server.AuthenticationFilter (AuthenticationFilter.java:constructSecretProvider(240)) - Unable to initialize FileSignerSecretProvider, falling back to use random secrets.
2019-09-25 08:41:50,132 [JUnit] WARN  http.HttpRequestLog (HttpRequestLog.java:getRequestLog(97)) - Jetty request log can only be enabled using Log4j
2019-09-25 08:41:50,145 [JUnit] INFO  http.HttpServer2 (HttpServer2.java:addGlobalFilter(975)) - Added global filter 'safety' (class=org.apache.hadoop.http.HttpServer2$QuotingInputFilter)
2019-09-25 08:41:50,149 [JUnit] INFO  http.HttpServer2 (HttpServer2.java:addFilter(948)) - Added filter static_user_filter (class=org.apache.hadoop.http.lib.StaticUserWebFilter$StaticUserFilter) to context scm
2019-09-25 08:41:50,149 [JUnit] INFO  http.HttpServer2 (HttpServer2.java:addFilter(958)) - Added filter static_user_filter (class=org.apache.hadoop.http.lib.StaticUserWebFilter$StaticUserFilter) to context logs
2019-09-25 08:41:50,150 [JUnit] INFO  http.HttpServer2 (HttpServer2.java:addFilter(958)) - Added filter static_user_filter (class=org.apache.hadoop.http.lib.StaticUserWebFilter$StaticUserFilter) to context static
2019-09-25 08:41:50,186 [JUnit] INFO  server.StorageContainerManager (StorageContainerManager.java:start(770)) - StorageContainerLocationProtocol RPC server is listening at /0.0.0.0:32798
2019-09-25 08:41:50,239 [JUnit] WARN  impl.MetricsConfig (MetricsConfig.java:loadFirst(134)) - Cannot locate configuration: tried hadoop-metrics2-storagecontainermanager.properties,hadoop-metrics2.properties
2019-09-25 08:41:50,252 [JUnit] INFO  impl.MetricsSystemImpl (MetricsSystemImpl.java:startTimer(374)) - Scheduled Metric snapshot period at 10 second(s).
2019-09-25 08:41:50,252 [JUnit] INFO  impl.MetricsSystemImpl (MetricsSystemImpl.java:start(191)) - StorageContainerManager metrics system started
2019-09-25 08:41:50,482 [JUnit] INFO  server.SCMClientProtocolServer (SCMClientProtocolServer.java:start(151)) - RPC server for Client  is listening at /0.0.0.0:32798
2019-09-25 08:41:50,482 [IPC Server Responder] INFO  ipc.Server (Server.java:run(1314)) - IPC Server Responder: starting
2019-09-25 08:41:50,482 [IPC Server listener on 32798] INFO  ipc.Server (Server.java:run(1153)) - IPC Server listener on 32798: starting
2019-09-25 08:41:50,486 [JUnit] INFO  server.StorageContainerManager (StorageContainerManager.java:start(780)) - ScmBlockLocationProtocol RPC server is listening at /0.0.0.0:39756
2019-09-25 08:41:50,488 [JUnit] INFO  server.SCMBlockProtocolServer (SCMBlockProtocolServer.java:start(146)) - RPC server for Block Protocol is listening at /0.0.0.0:39756
2019-09-25 08:41:50,488 [IPC Server Responder] INFO  ipc.Server (Server.java:run(1314)) - IPC Server Responder: starting
2019-09-25 08:41:50,488 [IPC Server listener on 39756] INFO  ipc.Server (Server.java:run(1153)) - IPC Server listener on 39756: starting
2019-09-25 08:41:50,492 [JUnit] INFO  server.StorageContainerManager (StorageContainerManager.java:start(784)) - ScmDatanodeProtocl RPC server is listening at /0.0.0.0:33132
2019-09-25 08:41:50,492 [JUnit] INFO  server.SCMDatanodeProtocolServer (SCMDatanodeProtocolServer.java:start(191)) - RPC server for DataNodes is listening at /0.0.0.0:33132
2019-09-25 08:41:50,493 [IPC Server Responder] INFO  ipc.Server (Server.java:run(1314)) - IPC Server Responder: starting
2019-09-25 08:41:50,493 [IPC Server listener on 33132] INFO  ipc.Server (Server.java:run(1153)) - IPC Server listener on 33132: starting
2019-09-25 08:41:50,499 [JUnit] INFO  http.HttpServer2 (HttpServer2.java:bindListener(1191)) - Jetty bound to port 34005
2019-09-25 08:41:50,501 [JUnit] INFO  server.Server (Server.java:doStart(351)) - jetty-9.3.25.v20180904, build timestamp: 2018-09-04T21:11:46Z, git hash: 3ce520221d0240229c862b122d2b06c12a625732
2019-09-25 08:41:50,544 [JUnit] INFO  handler.ContextHandler (ContextHandler.java:doStart(781)) - Started o.e.j.s.ServletContextHandler@bf1ec20{/logs,file:///workdir/hadoop-ozone/ozonefs/target/log,AVAILABLE}
2019-09-25 08:41:50,545 [JUnit] INFO  handler.ContextHandler (ContextHandler.java:doStart(781)) - Started o.e.j.s.ServletContextHandler@4e858e0a{/static,jar:file:/home/user/.m2/repository/org/apache/hadoop/hadoop-hdds-server-scm/0.5.0-SNAPSHOT/hadoop-hdds-server-scm-0.5.0-SNAPSHOT.jar!/webapps/static,AVAILABLE}
2019-09-25 08:41:50,616 [JUnit] INFO  handler.ContextHandler (ContextHandler.java:doStart(781)) - Started o.e.j.w.WebAppContext@24be2d9c{/,file:///tmp/jetty-0.0.0.0-34005-scm-_-any-1924724463438389200.dir/webapp/,AVAILABLE}{/scm}
2019-09-25 08:41:50,625 [JUnit] INFO  server.AbstractConnector (AbstractConnector.java:doStart(278)) - Started ServerConnector@2449cff7{HTTP/1.1,[http/1.1]}{0.0.0.0:34005}
2019-09-25 08:41:50,625 [JUnit] INFO  server.Server (Server.java:doStart(419)) - Started @39773ms
2019-09-25 08:41:50,629 [JUnit] INFO  impl.MetricsSinkAdapter (MetricsSinkAdapter.java:start(204)) - Sink prometheus started
2019-09-25 08:41:50,629 [JUnit] INFO  impl.MetricsSystemImpl (MetricsSystemImpl.java:registerSink(301)) - Registered sink prometheus
2019-09-25 08:41:50,631 [JUnit] INFO  server.BaseHttpServer (BaseHttpServer.java:updateConnectorAddress(215)) - HTTP server of SCM is listening at http://0.0.0.0:34005
2019-09-25 08:41:50,642 [org.apache.hadoop.util.JvmPauseMonitor$Monitor@499b2a5c] INFO  util.JvmPauseMonitor (JvmPauseMonitor.java:run(188)) - Starting JVM pause monitor
2019-09-25 08:41:50,645 [JUnit] WARN  server.ServerUtils (ServerUtils.java:getDBPath(222)) - ozone.om.db.dirs is not configured. We recommend adding this setting. Falling back to ozone.metadata.dirs instead.
2019-09-25 08:41:53,560 [JUnit] WARN  server.ServerUtils (ServerUtils.java:getDBPath(222)) - ozone.om.db.dirs is not configured. We recommend adding this setting. Falling back to ozone.metadata.dirs instead.
2019-09-25 08:41:53,561 [JUnit] WARN  server.ServerUtils (ServerUtils.java:getDBPath(222)) - ozone.om.db.dirs is not configured. We recommend adding this setting. Falling back to ozone.metadata.dirs instead.
2019-09-25 08:41:53,562 [JUnit] INFO  om.OzoneManager (OzoneManager.java:setOMNodeDetails(652)) - OM Service ID is not set. Setting it to the default ID: omServiceIdDefault
2019-09-25 08:41:53,562 [JUnit] INFO  om.OzoneManager (OzoneManager.java:setOMNodeDetails(658)) - OM Node ID is not set. Setting it to the OmStorage's OmID: f6034eb9-ce78-4488-85a9-c2acd1df5272
2019-09-25 08:41:53,564 [JUnit] INFO  om.OzoneManager (OzoneManager.java:loadOMHAConfigs(609)) - Found matching OM address with OMServiceId: null, OMNodeId: null, RPC Address: localhost:0 and Ratis port: 9872
2019-09-25 08:41:54,359 [JUnit] WARN  server.ServerUtils (ServerUtils.java:getDBPath(222)) - ozone.om.db.dirs is not configured. We recommend adding this setting. Falling back to ozone.metadata.dirs instead.
2019-09-25 08:41:54,370 [JUnit] INFO  db.DBStoreBuilder (DBStoreBuilder.java:addTable(110)) - using custom profile for table: userTable
2019-09-25 08:41:54,370 [JUnit] INFO  db.DBStoreBuilder (DBStoreBuilder.java:processTables(161)) - Using default column profile:DBProfile.DISK for Table:userTable
2019-09-25 08:41:54,371 [JUnit] INFO  db.DBStoreBuilder (DBStoreBuilder.java:addTable(110)) - using custom profile for table: volumeTable
2019-09-25 08:41:54,371 [JUnit] INFO  db.DBStoreBuilder (DBStoreBuilder.java:processTables(161)) - Using default column profile:DBProfile.DISK for Table:volumeTable
2019-09-25 08:41:54,371 [JUnit] INFO  db.DBStoreBuilder (DBStoreBuilder.java:addTable(110)) - using custom profile for table: bucketTable
2019-09-25 08:41:54,371 [JUnit] INFO  db.DBStoreBuilder (DBStoreBuilder.java:processTables(161)) - Using default column profile:DBProfile.DISK for Table:bucketTable
2019-09-25 08:41:54,372 [JUnit] INFO  db.DBStoreBuilder (DBStoreBuilder.java:addTable(110)) - using custom profile for table: keyTable
2019-09-25 08:41:54,372 [JUnit] INFO  db.DBStoreBuilder (DBStoreBuilder.java:processTables(161)) - Using default column profile:DBProfile.DISK for Table:keyTable
2019-09-25 08:41:54,372 [JUnit] INFO  db.DBStoreBuilder (DBStoreBuilder.java:addTable(110)) - using custom profile for table: deletedTable
2019-09-25 08:41:54,372 [JUnit] INFO  db.DBStoreBuilder (DBStoreBuilder.java:processTables(161)) - Using default column profile:DBProfile.DISK for Table:deletedTable
2019-09-25 08:41:54,373 [JUnit] INFO  db.DBStoreBuilder (DBStoreBuilder.java:addTable(110)) - using custom profile for table: openKeyTable
2019-09-25 08:41:54,373 [JUnit] INFO  db.DBStoreBuilder (DBStoreBuilder.java:processTables(161)) - Using default column profile:DBProfile.DISK for Table:openKeyTable
2019-09-25 08:41:54,373 [JUnit] INFO  db.DBStoreBuilder (DBStoreBuilder.java:addTable(110)) - using custom profile for table: s3Table
2019-09-25 08:41:54,373 [JUnit] INFO  db.DBStoreBuilder (DBStoreBuilder.java:processTables(161)) - Using default column profile:DBProfile.DISK for Table:s3Table
2019-09-25 08:41:54,374 [JUnit] INFO  db.DBStoreBuilder (DBStoreBuilder.java:addTable(110)) - using custom profile for table: multipartInfoTable
2019-09-25 08:41:54,374 [JUnit] INFO  db.DBStoreBuilder (DBStoreBuilder.java:processTables(161)) - Using default column profile:DBProfile.DISK for Table:multipartInfoTable
2019-09-25 08:41:54,374 [JUnit] INFO  db.DBStoreBuilder (DBStoreBuilder.java:addTable(110)) - using custom profile for table: dTokenTable
2019-09-25 08:41:54,374 [JUnit] INFO  db.DBStoreBuilder (DBStoreBuilder.java:processTables(161)) - Using default column profile:DBProfile.DISK for Table:dTokenTable
2019-09-25 08:41:54,375 [JUnit] INFO  db.DBStoreBuilder (DBStoreBuilder.java:addTable(110)) - using custom profile for table: s3SecretTable
2019-09-25 08:41:54,375 [JUnit] INFO  db.DBStoreBuilder (DBStoreBuilder.java:processTables(161)) - Using default column profile:DBProfile.DISK for Table:s3SecretTable
2019-09-25 08:41:54,375 [JUnit] INFO  db.DBStoreBuilder (DBStoreBuilder.java:addTable(110)) - using custom profile for table: prefixTable
2019-09-25 08:41:54,375 [JUnit] INFO  db.DBStoreBuilder (DBStoreBuilder.java:processTables(161)) - Using default column profile:DBProfile.DISK for Table:prefixTable
2019-09-25 08:41:54,376 [JUnit] INFO  db.DBStoreBuilder (DBStoreBuilder.java:addTable(110)) - using custom profile for table: default
2019-09-25 08:41:54,376 [JUnit] INFO  db.DBStoreBuilder (DBStoreBuilder.java:processTables(167)) - Using default column profile:DBProfile.DISK for Table:default
2019-09-25 08:41:54,376 [JUnit] INFO  db.DBStoreBuilder (DBStoreBuilder.java:getDbProfile(198)) - Using default options. DBProfile.DISK
2019-09-25 08:42:31,566 [JUnit] INFO  ipc.CallQueueManager (CallQueueManager.java:<init>(84)) - Using callQueue: class java.util.concurrent.LinkedBlockingQueue, queueCapacity: 2000, scheduler: class org.apache.hadoop.ipc.DefaultRpcScheduler, ipcBackoff: false.
2019-09-25 08:42:31,568 [Socket Reader #1 for port 45152] INFO  ipc.Server (Server.java:run(1074)) - Starting Socket Reader #1 for port 45152
2019-09-25 08:42:31,609 [JUnit] INFO  om.OzoneManager (OzoneManager.java:start(1243)) - OzoneManager RPC server is listening at localhost/127.0.0.1:45152
2019-09-25 08:42:31,609 [JUnit] INFO  impl.MetricsSystemImpl (MetricsSystemImpl.java:init(158)) - OzoneManager metrics system started (again)
2019-09-25 08:42:31,610 [IPC Server Responder] INFO  ipc.Server (Server.java:run(1314)) - IPC Server Responder: starting
2019-09-25 08:42:31,611 [IPC Server listener on 45152] INFO  ipc.Server (Server.java:run(1153)) - IPC Server listener on 45152: starting
2019-09-25 08:42:31,620 [JUnit] INFO  hdfs.DFSUtil (DFSUtil.java:httpServerTemplateForNNAndJN(1641)) - Starting Web-server for ozoneManager at: http://0.0.0.0:0
2019-09-25 08:42:31,624 [JUnit] INFO  server.AuthenticationFilter (AuthenticationFilter.java:constructSecretProvider(240)) - Unable to initialize FileSignerSecretProvider, falling back to use random secrets.
2019-09-25 08:42:31,625 [JUnit] WARN  http.HttpRequestLog (HttpRequestLog.java:getRequestLog(97)) - Jetty request log can only be enabled using Log4j
2019-09-25 08:42:31,628 [JUnit] INFO  http.HttpServer2 (HttpServer2.java:addGlobalFilter(975)) - Added global filter 'safety' (class=org.apache.hadoop.http.HttpServer2$QuotingInputFilter)
2019-09-25 08:42:31,630 [JUnit] INFO  http.HttpServer2 (HttpServer2.java:addFilter(948)) - Added filter static_user_filter (class=org.apache.hadoop.http.lib.StaticUserWebFilter$StaticUserFilter) to context ozoneManager
2019-09-25 08:42:31,631 [JUnit] INFO  http.HttpServer2 (HttpServer2.java:addFilter(958)) - Added filter static_user_filter (class=org.apache.hadoop.http.lib.StaticUserWebFilter$StaticUserFilter) to context logs
2019-09-25 08:42:31,631 [JUnit] INFO  http.HttpServer2 (HttpServer2.java:addFilter(958)) - Added filter static_user_filter (class=org.apache.hadoop.http.lib.StaticUserWebFilter$StaticUserFilter) to context static
2019-09-25 08:42:31,635 [JUnit] INFO  http.HttpServer2 (HttpServer2.java:bindListener(1191)) - Jetty bound to port 46267
2019-09-25 08:42:31,636 [JUnit] INFO  server.Server (Server.java:doStart(351)) - jetty-9.3.25.v20180904, build timestamp: 2018-09-04T21:11:46Z, git hash: 3ce520221d0240229c862b122d2b06c12a625732
2019-09-25 08:42:31,638 [JUnit] INFO  handler.ContextHandler (ContextHandler.java:doStart(781)) - Started o.e.j.s.ServletContextHandler@17d2ed1b{/logs,file:///workdir/hadoop-ozone/ozonefs/target/log,AVAILABLE}
2019-09-25 08:42:31,639 [JUnit] INFO  handler.ContextHandler (ContextHandler.java:doStart(781)) - Started o.e.j.s.ServletContextHandler@1e6cc850{/static,jar:file:/home/user/.m2/repository/org/apache/hadoop/hadoop-ozone-ozone-manager/0.5.0-SNAPSHOT/hadoop-ozone-ozone-manager-0.5.0-SNAPSHOT.jar!/webapps/static,AVAILABLE}
2019-09-25 08:42:31,703 [JUnit] INFO  handler.ContextHandler (ContextHandler.java:doStart(781)) - Started o.e.j.w.WebAppContext@55f8669d{/,file:///tmp/jetty-0.0.0.0-46267-ozoneManager-_-any-6768363742597055977.dir/webapp/,AVAILABLE}{/ozoneManager}
2019-09-25 08:42:31,704 [JUnit] INFO  server.AbstractConnector (AbstractConnector.java:doStart(278)) - Started ServerConnector@6be25526{HTTP/1.1,[http/1.1]}{0.0.0.0:46267}
2019-09-25 08:42:31,704 [JUnit] INFO  server.Server (Server.java:doStart(419)) - Started @80852ms
2019-09-25 08:42:31,704 [JUnit] WARN  impl.MetricsSystemImpl (MetricsSystemImpl.java:register(276)) - Sink prometheus already exists!
2019-09-25 08:42:31,705 [JUnit] INFO  server.BaseHttpServer (BaseHttpServer.java:updateConnectorAddress(215)) - HTTP server of OZONEMANAGER is listening at http://0.0.0.0:46267
2019-09-25 08:42:31,871 [JUnit] INFO  impl.MetricsSystemImpl (MetricsSystemImpl.java:init(158)) - HddsDatanode metrics system started (again)
2019-09-25 08:42:31,938 [JUnit] INFO  ozone.HddsDatanodeService (HddsDatanodeService.java:start(184)) - HddsDatanodeService host:pr-hdds-2174-pqx5g-486351168 ip:192.168.36.126
2019-09-25 08:42:31,974 [JUnit] INFO  volume.HddsVolume (HddsVolume.java:<init>(176)) - Creating Volume: /workdir/hadoop-ozone/ozonefs/target/test-dir/MiniOzoneClusterImpl-d4f0e99b-eb79-4745-ab8c-980425c864f9/datanode-0/data/containers/hdds of  storage type : DISK and capacity : 1482555576320
2019-09-25 08:42:31,978 [JUnit] INFO  volume.VolumeSet (VolumeSet.java:initializeVolumeSet(170)) - Added Volume : /workdir/hadoop-ozone/ozonefs/target/test-dir/MiniOzoneClusterImpl-d4f0e99b-eb79-4745-ab8c-980425c864f9/datanode-0/data/containers/hdds to VolumeSet
2019-09-25 08:42:31,981 [JUnit] INFO  volume.ThrottledAsyncChecker (ThrottledAsyncChecker.java:schedule(139)) - Scheduling a check for org.apache.hadoop.ozone.container.common.volume.HddsVolume@62ce72ff
2019-09-25 08:42:32,007 [JUnit] INFO  volume.HddsVolumeChecker (HddsVolumeChecker.java:checkAllVolumes(202)) - Scheduled health check for volume org.apache.hadoop.ozone.container.common.volume.HddsVolume@62ce72ff
2019-09-25 08:42:32,157 [JUnit] INFO  impl.RaftServerProxy (ConfUtils.java:logGet(43)) - raft.rpc.type = GRPC (default)
2019-09-25 08:42:32,280 [JUnit] INFO  grpc.GrpcFactory (GrpcFactory.java:checkPooledByteBufAllocatorUseCacheForAllThreads(45)) - PERFORMANCE WARNING: useCacheForAllThreads is true that may cause Netty to create a lot garbage objects and, as a result, trigger GC.
	It is recommended to disable useCacheForAllThreads by setting -Dorg.apache.ratis.thirdparty.io.netty.allocator.useCacheForAllThreads=false in command line.
2019-09-25 08:42:32,288 [JUnit] INFO  grpc.GrpcConfigKeys$Server (ConfUtils.java:logGet(43)) - raft.grpc.server.port = 0 (default)
2019-09-25 08:42:32,290 [JUnit] INFO  server.GrpcService (ConfUtils.java:logGet(43)) - raft.grpc.message.size.max = 33570816 (custom)
2019-09-25 08:42:32,292 [JUnit] INFO  server.RaftServerConfigKeys (ConfUtils.java:logGet(43)) - raft.server.log.appender.buffer.byte-limit = 33554432 (custom)
2019-09-25 08:42:32,293 [JUnit] INFO  server.GrpcService (ConfUtils.java:logGet(43)) - raft.grpc.flow.control.window = 1MB (=1048576) (default)
2019-09-25 08:42:32,294 [JUnit] INFO  server.RaftServerConfigKeys (ConfUtils.java:logGet(43)) - raft.server.rpc.request.timeout = 3000ms (default)
2019-09-25 08:42:32,518 [JUnit] INFO  server.RaftServerConfigKeys (ConfUtils.java:logGet(43)) - raft.server.storage.dir = [/workdir/hadoop-ozone/ozonefs/target/test-dir/MiniOzoneClusterImpl-d4f0e99b-eb79-4745-ab8c-980425c864f9/datanode-0/data/ratis] (custom)
2019-09-25 08:42:32,592 [JUnit] INFO  hdfs.DFSUtil (DFSUtil.java:httpServerTemplateForNNAndJN(1641)) - Starting Web-server for hddsDatanode at: http://0.0.0.0:0
2019-09-25 08:42:32,596 [JUnit] INFO  server.AuthenticationFilter (AuthenticationFilter.java:constructSecretProvider(240)) - Unable to initialize FileSignerSecretProvider, falling back to use random secrets.
2019-09-25 08:42:32,598 [JUnit] WARN  http.HttpRequestLog (HttpRequestLog.java:getRequestLog(97)) - Jetty request log can only be enabled using Log4j
2019-09-25 08:42:32,601 [JUnit] INFO  http.HttpServer2 (HttpServer2.java:addGlobalFilter(975)) - Added global filter 'safety' (class=org.apache.hadoop.http.HttpServer2$QuotingInputFilter)
2019-09-25 08:42:32,603 [JUnit] INFO  http.HttpServer2 (HttpServer2.java:addFilter(948)) - Added filter static_user_filter (class=org.apache.hadoop.http.lib.StaticUserWebFilter$StaticUserFilter) to context hddsDatanode
2019-09-25 08:42:32,604 [JUnit] INFO  http.HttpServer2 (HttpServer2.java:addFilter(958)) - Added filter static_user_filter (class=org.apache.hadoop.http.lib.StaticUserWebFilter$StaticUserFilter) to context logs
2019-09-25 08:42:32,604 [JUnit] INFO  http.HttpServer2 (HttpServer2.java:addFilter(958)) - Added filter static_user_filter (class=org.apache.hadoop.http.lib.StaticUserWebFilter$StaticUserFilter) to context static
2019-09-25 08:42:32,606 [JUnit] INFO  http.HttpServer2 (HttpServer2.java:bindListener(1191)) - Jetty bound to port 43985
2019-09-25 08:42:32,606 [JUnit] INFO  server.Server (Server.java:doStart(351)) - jetty-9.3.25.v20180904, build timestamp: 2018-09-04T21:11:46Z, git hash: 3ce520221d0240229c862b122d2b06c12a625732
2019-09-25 08:42:32,611 [JUnit] INFO  handler.ContextHandler (ContextHandler.java:doStart(781)) - Started o.e.j.s.ServletContextHandler@72f9f27c{/logs,file:///workdir/hadoop-ozone/ozonefs/target/log,AVAILABLE}
2019-09-25 08:42:32,612 [JUnit] INFO  handler.ContextHandler (ContextHandler.java:doStart(781)) - Started o.e.j.s.ServletContextHandler@762637be{/static,jar:file:/home/user/.m2/repository/org/apache/hadoop/hadoop-hdds-container-service/0.5.0-SNAPSHOT/hadoop-hdds-container-service-0.5.0-SNAPSHOT.jar!/webapps/static,AVAILABLE}
2019-09-25 08:42:32,673 [JUnit] INFO  handler.ContextHandler (ContextHandler.java:doStart(781)) - Started o.e.j.w.WebAppContext@7fb29ca9{/,file:///tmp/jetty-0.0.0.0-43985-hddsDatanode-_-any-8753012918801327815.dir/webapp/,AVAILABLE}{/hddsDatanode}
2019-09-25 08:42:32,673 [JUnit] INFO  server.AbstractConnector (AbstractConnector.java:doStart(278)) - Started ServerConnector@1e253c9d{HTTP/1.1,[http/1.1]}{0.0.0.0:43985}
2019-09-25 08:42:32,674 [JUnit] INFO  server.Server (Server.java:doStart(419)) - Started @81822ms
2019-09-25 08:42:32,675 [JUnit] WARN  impl.MetricsSystemImpl (MetricsSystemImpl.java:register(276)) - Sink prometheus already exists!
2019-09-25 08:42:32,677 [JUnit] INFO  server.BaseHttpServer (BaseHttpServer.java:updateConnectorAddress(215)) - HTTP server of HDDSDATANODE is listening at http://0.0.0.0:43985
2019-09-25 08:42:32,679 [JUnit] INFO  impl.MetricsSystemImpl (MetricsSystemImpl.java:init(158)) - HddsDatanode metrics system started (again)
2019-09-25 08:42:32,683 [JUnit] INFO  ozone.HddsDatanodeService (HddsDatanodeService.java:start(184)) - HddsDatanodeService host:pr-hdds-2174-pqx5g-486351168 ip:192.168.36.126
2019-09-25 08:42:32,686 [org.apache.hadoop.util.JvmPauseMonitor$Monitor@7ec429fe] INFO  util.JvmPauseMonitor (JvmPauseMonitor.java:run(188)) - Starting JVM pause monitor
2019-09-25 08:42:32,693 [JUnit] INFO  volume.HddsVolume (HddsVolume.java:<init>(176)) - Creating Volume: /workdir/hadoop-ozone/ozonefs/target/test-dir/MiniOzoneClusterImpl-d4f0e99b-eb79-4745-ab8c-980425c864f9/datanode-1/data/containers/hdds of  storage type : DISK and capacity : 1482555576320
2019-09-25 08:42:32,696 [JUnit] INFO  volume.VolumeSet (VolumeSet.java:initializeVolumeSet(170)) - Added Volume : /workdir/hadoop-ozone/ozonefs/target/test-dir/MiniOzoneClusterImpl-d4f0e99b-eb79-4745-ab8c-980425c864f9/datanode-1/data/containers/hdds to VolumeSet
2019-09-25 08:42:32,696 [JUnit] INFO  volume.ThrottledAsyncChecker (ThrottledAsyncChecker.java:schedule(139)) - Scheduling a check for org.apache.hadoop.ozone.container.common.volume.HddsVolume@58f39564
2019-09-25 08:42:32,697 [JUnit] INFO  volume.HddsVolumeChecker (HddsVolumeChecker.java:checkAllVolumes(202)) - Scheduled health check for volume org.apache.hadoop.ozone.container.common.volume.HddsVolume@58f39564
2019-09-25 08:42:32,732 [JUnit] INFO  impl.RaftServerProxy (ConfUtils.java:logGet(43)) - raft.rpc.type = GRPC (default)
2019-09-25 08:42:32,732 [JUnit] INFO  grpc.GrpcFactory (GrpcFactory.java:checkPooledByteBufAllocatorUseCacheForAllThreads(45)) - PERFORMANCE WARNING: useCacheForAllThreads is true that may cause Netty to create a lot garbage objects and, as a result, trigger GC.
	It is recommended to disable useCacheForAllThreads by setting -Dorg.apache.ratis.thirdparty.io.netty.allocator.useCacheForAllThreads=false in command line.
2019-09-25 08:42:32,733 [JUnit] INFO  grpc.GrpcConfigKeys$Server (ConfUtils.java:logGet(43)) - raft.grpc.server.port = 0 (default)
2019-09-25 08:42:32,733 [JUnit] INFO  server.GrpcService (ConfUtils.java:logGet(43)) - raft.grpc.message.size.max = 33570816 (custom)
2019-09-25 08:42:32,733 [JUnit] INFO  server.RaftServerConfigKeys (ConfUtils.java:logGet(43)) - raft.server.log.appender.buffer.byte-limit = 33554432 (custom)
2019-09-25 08:42:32,734 [JUnit] INFO  server.GrpcService (ConfUtils.java:logGet(43)) - raft.grpc.flow.control.window = 1MB (=1048576) (default)
2019-09-25 08:42:32,735 [JUnit] INFO  server.RaftServerConfigKeys (ConfUtils.java:logGet(43)) - raft.server.rpc.request.timeout = 3000ms (default)
2019-09-25 08:42:32,736 [JUnit] INFO  server.RaftServerConfigKeys (ConfUtils.java:logGet(43)) - raft.server.storage.dir = [/workdir/hadoop-ozone/ozonefs/target/test-dir/MiniOzoneClusterImpl-d4f0e99b-eb79-4745-ab8c-980425c864f9/datanode-1/data/ratis] (custom)
2019-09-25 08:42:32,738 [JUnit] INFO  hdfs.DFSUtil (DFSUtil.java:httpServerTemplateForNNAndJN(1641)) - Starting Web-server for hddsDatanode at: http://0.0.0.0:0
2019-09-25 08:42:32,741 [JUnit] INFO  server.AuthenticationFilter (AuthenticationFilter.java:constructSecretProvider(240)) - Unable to initialize FileSignerSecretProvider, falling back to use random secrets.
2019-09-25 08:42:32,742 [JUnit] WARN  http.HttpRequestLog (HttpRequestLog.java:getRequestLog(97)) - Jetty request log can only be enabled using Log4j
2019-09-25 08:42:32,746 [JUnit] INFO  http.HttpServer2 (HttpServer2.java:addGlobalFilter(975)) - Added global filter 'safety' (class=org.apache.hadoop.http.HttpServer2$QuotingInputFilter)
2019-09-25 08:42:32,747 [JUnit] INFO  http.HttpServer2 (HttpServer2.java:addFilter(948)) - Added filter static_user_filter (class=org.apache.hadoop.http.lib.StaticUserWebFilter$StaticUserFilter) to context hddsDatanode
2019-09-25 08:42:32,748 [JUnit] INFO  http.HttpServer2 (HttpServer2.java:addFilter(958)) - Added filter static_user_filter (class=org.apache.hadoop.http.lib.StaticUserWebFilter$StaticUserFilter) to context logs
2019-09-25 08:42:32,748 [JUnit] INFO  http.HttpServer2 (HttpServer2.java:addFilter(958)) - Added filter static_user_filter (class=org.apache.hadoop.http.lib.StaticUserWebFilter$StaticUserFilter) to context static
2019-09-25 08:42:32,749 [JUnit] INFO  http.HttpServer2 (HttpServer2.java:bindListener(1191)) - Jetty bound to port 39108
2019-09-25 08:42:32,749 [JUnit] INFO  server.Server (Server.java:doStart(351)) - jetty-9.3.25.v20180904, build timestamp: 2018-09-04T21:11:46Z, git hash: 3ce520221d0240229c862b122d2b06c12a625732
2019-09-25 08:42:32,752 [JUnit] INFO  handler.ContextHandler (ContextHandler.java:doStart(781)) - Started o.e.j.s.ServletContextHandler@250a500b{/logs,file:///workdir/hadoop-ozone/ozonefs/target/log,AVAILABLE}
2019-09-25 08:42:32,753 [JUnit] INFO  handler.ContextHandler (ContextHandler.java:doStart(781)) - Started o.e.j.s.ServletContextHandler@4f89331f{/static,jar:file:/home/user/.m2/repository/org/apache/hadoop/hadoop-hdds-container-service/0.5.0-SNAPSHOT/hadoop-hdds-container-service-0.5.0-SNAPSHOT.jar!/webapps/static,AVAILABLE}
2019-09-25 08:42:32,796 [JUnit] INFO  handler.ContextHandler (ContextHandler.java:doStart(781)) - Started o.e.j.w.WebAppContext@74ea46e2{/,file:///tmp/jetty-0.0.0.0-39108-hddsDatanode-_-any-9170234679894624520.dir/webapp/,AVAILABLE}{/hddsDatanode}
2019-09-25 08:42:32,796 [JUnit] INFO  server.AbstractConnector (AbstractConnector.java:doStart(278)) - Started ServerConnector@6f911326{HTTP/1.1,[http/1.1]}{0.0.0.0:39108}
2019-09-25 08:42:32,797 [JUnit] INFO  server.Server (Server.java:doStart(419)) - Started @81945ms
2019-09-25 08:42:32,798 [JUnit] WARN  impl.MetricsSystemImpl (MetricsSystemImpl.java:register(276)) - Sink prometheus already exists!
2019-09-25 08:42:32,799 [JUnit] INFO  server.BaseHttpServer (BaseHttpServer.java:updateConnectorAddress(215)) - HTTP server of HDDSDATANODE is listening at http://0.0.0.0:39108
2019-09-25 08:42:32,799 [JUnit] INFO  impl.MetricsSystemImpl (MetricsSystemImpl.java:init(158)) - HddsDatanode metrics system started (again)
2019-09-25 08:42:32,803 [org.apache.hadoop.util.JvmPauseMonitor$Monitor@2688d931] INFO  util.JvmPauseMonitor (JvmPauseMonitor.java:run(188)) - Starting JVM pause monitor
2019-09-25 08:42:32,803 [JUnit] INFO  ozone.HddsDatanodeService (HddsDatanodeService.java:start(184)) - HddsDatanodeService host:pr-hdds-2174-pqx5g-486351168 ip:192.168.36.126
2019-09-25 08:42:32,814 [JUnit] INFO  volume.HddsVolume (HddsVolume.java:<init>(176)) - Creating Volume: /workdir/hadoop-ozone/ozonefs/target/test-dir/MiniOzoneClusterImpl-d4f0e99b-eb79-4745-ab8c-980425c864f9/datanode-2/data/containers/hdds of  storage type : DISK and capacity : 1482555576320
2019-09-25 08:42:32,814 [JUnit] INFO  volume.VolumeSet (VolumeSet.java:initializeVolumeSet(170)) - Added Volume : /workdir/hadoop-ozone/ozonefs/target/test-dir/MiniOzoneClusterImpl-d4f0e99b-eb79-4745-ab8c-980425c864f9/datanode-2/data/containers/hdds to VolumeSet
2019-09-25 08:42:32,814 [JUnit] INFO  volume.ThrottledAsyncChecker (ThrottledAsyncChecker.java:schedule(139)) - Scheduling a check for org.apache.hadoop.ozone.container.common.volume.HddsVolume@117d32e
2019-09-25 08:42:32,815 [JUnit] INFO  volume.HddsVolumeChecker (HddsVolumeChecker.java:checkAllVolumes(202)) - Scheduled health check for volume org.apache.hadoop.ozone.container.common.volume.HddsVolume@117d32e
2019-09-25 08:42:32,834 [Datanode State Machine Thread - 0] INFO  datanode.InitDatanodeState (InitDatanodeState.java:persistContainerDatanodeDetails(140)) - DatanodeDetails is persisted to /workdir/hadoop-ozone/ozonefs/target/test-dir/MiniOzoneClusterImpl-d4f0e99b-eb79-4745-ab8c-980425c864f9/datanode-0/meta/datanode.id
2019-09-25 08:42:32,840 [Datanode State Machine Thread - 0] INFO  datanode.InitDatanodeState (InitDatanodeState.java:persistContainerDatanodeDetails(140)) - DatanodeDetails is persisted to /workdir/hadoop-ozone/ozonefs/target/test-dir/MiniOzoneClusterImpl-d4f0e99b-eb79-4745-ab8c-980425c864f9/datanode-1/meta/datanode.id
2019-09-25 08:42:32,843 [JUnit] INFO  impl.RaftServerProxy (ConfUtils.java:logGet(43)) - raft.rpc.type = GRPC (default)
2019-09-25 08:42:32,843 [JUnit] INFO  grpc.GrpcFactory (GrpcFactory.java:checkPooledByteBufAllocatorUseCacheForAllThreads(45)) - PERFORMANCE WARNING: useCacheForAllThreads is true that may cause Netty to create a lot garbage objects and, as a result, trigger GC.
	It is recommended to disable useCacheForAllThreads by setting -Dorg.apache.ratis.thirdparty.io.netty.allocator.useCacheForAllThreads=false in command line.
2019-09-25 08:42:32,843 [JUnit] INFO  grpc.GrpcConfigKeys$Server (ConfUtils.java:logGet(43)) - raft.grpc.server.port = 0 (default)
2019-09-25 08:42:32,844 [JUnit] INFO  server.GrpcService (ConfUtils.java:logGet(43)) - raft.grpc.message.size.max = 33570816 (custom)
2019-09-25 08:42:32,844 [JUnit] INFO  server.RaftServerConfigKeys (ConfUtils.java:logGet(43)) - raft.server.log.appender.buffer.byte-limit = 33554432 (custom)
2019-09-25 08:42:32,844 [JUnit] INFO  server.GrpcService (ConfUtils.java:logGet(43)) - raft.grpc.flow.control.window = 1MB (=1048576) (default)
2019-09-25 08:42:32,844 [JUnit] INFO  server.RaftServerConfigKeys (ConfUtils.java:logGet(43)) - raft.server.rpc.request.timeout = 3000ms (default)
2019-09-25 08:42:32,845 [JUnit] INFO  server.RaftServerConfigKeys (ConfUtils.java:logGet(43)) - raft.server.storage.dir = [/workdir/hadoop-ozone/ozonefs/target/test-dir/MiniOzoneClusterImpl-d4f0e99b-eb79-4745-ab8c-980425c864f9/datanode-2/data/ratis] (custom)
2019-09-25 08:42:32,847 [JUnit] INFO  hdfs.DFSUtil (DFSUtil.java:httpServerTemplateForNNAndJN(1641)) - Starting Web-server for hddsDatanode at: http://0.0.0.0:0
2019-09-25 08:42:32,850 [JUnit] INFO  server.AuthenticationFilter (AuthenticationFilter.java:constructSecretProvider(240)) - Unable to initialize FileSignerSecretProvider, falling back to use random secrets.
2019-09-25 08:42:32,851 [JUnit] WARN  http.HttpRequestLog (HttpRequestLog.java:getRequestLog(97)) - Jetty request log can only be enabled using Log4j
2019-09-25 08:42:32,854 [JUnit] INFO  http.HttpServer2 (HttpServer2.java:addGlobalFilter(975)) - Added global filter 'safety' (class=org.apache.hadoop.http.HttpServer2$QuotingInputFilter)
2019-09-25 08:42:32,855 [JUnit] INFO  http.HttpServer2 (HttpServer2.java:addFilter(948)) - Added filter static_user_filter (class=org.apache.hadoop.http.lib.StaticUserWebFilter$StaticUserFilter) to context hddsDatanode
2019-09-25 08:42:32,855 [JUnit] INFO  http.HttpServer2 (HttpServer2.java:addFilter(958)) - Added filter static_user_filter (class=org.apache.hadoop.http.lib.StaticUserWebFilter$StaticUserFilter) to context static
2019-09-25 08:42:32,856 [JUnit] INFO  http.HttpServer2 (HttpServer2.java:addFilter(958)) - Added filter static_user_filter (class=org.apache.hadoop.http.lib.StaticUserWebFilter$StaticUserFilter) to context logs
2019-09-25 08:42:32,857 [JUnit] INFO  http.HttpServer2 (HttpServer2.java:bindListener(1191)) - Jetty bound to port 33914
2019-09-25 08:42:32,857 [JUnit] INFO  server.Server (Server.java:doStart(351)) - jetty-9.3.25.v20180904, build timestamp: 2018-09-04T21:11:46Z, git hash: 3ce520221d0240229c862b122d2b06c12a625732
2019-09-25 08:42:32,861 [JUnit] INFO  handler.ContextHandler (ContextHandler.java:doStart(781)) - Started o.e.j.s.ServletContextHandler@439b15f2{/logs,file:///workdir/hadoop-ozone/ozonefs/target/log,AVAILABLE}
2019-09-25 08:42:32,862 [JUnit] INFO  handler.ContextHandler (ContextHandler.java:doStart(781)) - Started o.e.j.s.ServletContextHandler@74fab04a{/static,jar:file:/home/user/.m2/repository/org/apache/hadoop/hadoop-hdds-container-service/0.5.0-SNAPSHOT/hadoop-hdds-container-service-0.5.0-SNAPSHOT.jar!/webapps/static,AVAILABLE}
2019-09-25 08:42:32,903 [JUnit] INFO  handler.ContextHandler (ContextHandler.java:doStart(781)) - Started o.e.j.w.WebAppContext@524270b8{/,file:///tmp/jetty-0.0.0.0-33914-hddsDatanode-_-any-2594383284813817546.dir/webapp/,AVAILABLE}{/hddsDatanode}
2019-09-25 08:42:32,904 [JUnit] INFO  server.AbstractConnector (AbstractConnector.java:doStart(278)) - Started ServerConnector@4acb7ecc{HTTP/1.1,[http/1.1]}{0.0.0.0:33914}
2019-09-25 08:42:32,905 [JUnit] INFO  server.Server (Server.java:doStart(419)) - Started @82053ms
2019-09-25 08:42:32,905 [JUnit] WARN  impl.MetricsSystemImpl (MetricsSystemImpl.java:register(276)) - Sink prometheus already exists!
2019-09-25 08:42:32,906 [JUnit] INFO  server.BaseHttpServer (BaseHttpServer.java:updateConnectorAddress(215)) - HTTP server of HDDSDATANODE is listening at http://0.0.0.0:33914
2019-09-25 08:42:32,907 [JUnit] INFO  impl.MetricsSystemImpl (MetricsSystemImpl.java:init(158)) - HddsDatanode metrics system started (again)
2019-09-25 08:42:32,911 [org.apache.hadoop.util.JvmPauseMonitor$Monitor@3ff5e19] INFO  util.JvmPauseMonitor (JvmPauseMonitor.java:run(188)) - Starting JVM pause monitor
2019-09-25 08:42:32,912 [JUnit] INFO  ozone.HddsDatanodeService (HddsDatanodeService.java:start(184)) - HddsDatanodeService host:pr-hdds-2174-pqx5g-486351168 ip:192.168.36.126
2019-09-25 08:42:32,915 [Datanode State Machine Thread - 0] INFO  datanode.InitDatanodeState (InitDatanodeState.java:persistContainerDatanodeDetails(140)) - DatanodeDetails is persisted to /workdir/hadoop-ozone/ozonefs/target/test-dir/MiniOzoneClusterImpl-d4f0e99b-eb79-4745-ab8c-980425c864f9/datanode-2/meta/datanode.id
2019-09-25 08:42:32,920 [JUnit] INFO  volume.HddsVolume (HddsVolume.java:<init>(176)) - Creating Volume: /workdir/hadoop-ozone/ozonefs/target/test-dir/MiniOzoneClusterImpl-d4f0e99b-eb79-4745-ab8c-980425c864f9/datanode-3/data/containers/hdds of  storage type : DISK and capacity : 1482555576320
2019-09-25 08:42:32,920 [JUnit] INFO  volume.VolumeSet (VolumeSet.java:initializeVolumeSet(170)) - Added Volume : /workdir/hadoop-ozone/ozonefs/target/test-dir/MiniOzoneClusterImpl-d4f0e99b-eb79-4745-ab8c-980425c864f9/datanode-3/data/containers/hdds to VolumeSet
2019-09-25 08:42:32,920 [JUnit] INFO  volume.ThrottledAsyncChecker (ThrottledAsyncChecker.java:schedule(139)) - Scheduling a check for org.apache.hadoop.ozone.container.common.volume.HddsVolume@6edf29c1
2019-09-25 08:42:32,921 [JUnit] INFO  volume.HddsVolumeChecker (HddsVolumeChecker.java:checkAllVolumes(202)) - Scheduled health check for volume org.apache.hadoop.ozone.container.common.volume.HddsVolume@6edf29c1
2019-09-25 08:42:32,947 [JUnit] INFO  impl.RaftServerProxy (ConfUtils.java:logGet(43)) - raft.rpc.type = GRPC (default)
2019-09-25 08:42:32,947 [JUnit] INFO  grpc.GrpcFactory (GrpcFactory.java:checkPooledByteBufAllocatorUseCacheForAllThreads(45)) - PERFORMANCE WARNING: useCacheForAllThreads is true that may cause Netty to create a lot garbage objects and, as a result, trigger GC.
	It is recommended to disable useCacheForAllThreads by setting -Dorg.apache.ratis.thirdparty.io.netty.allocator.useCacheForAllThreads=false in command line.
2019-09-25 08:42:32,947 [JUnit] INFO  grpc.GrpcConfigKeys$Server (ConfUtils.java:logGet(43)) - raft.grpc.server.port = 0 (default)
2019-09-25 08:42:32,948 [JUnit] INFO  server.GrpcService (ConfUtils.java:logGet(43)) - raft.grpc.message.size.max = 33570816 (custom)
2019-09-25 08:42:32,948 [JUnit] INFO  server.RaftServerConfigKeys (ConfUtils.java:logGet(43)) - raft.server.log.appender.buffer.byte-limit = 33554432 (custom)
2019-09-25 08:42:32,948 [JUnit] INFO  server.GrpcService (ConfUtils.java:logGet(43)) - raft.grpc.flow.control.window = 1MB (=1048576) (default)
2019-09-25 08:42:32,948 [JUnit] INFO  server.RaftServerConfigKeys (ConfUtils.java:logGet(43)) - raft.server.rpc.request.timeout = 3000ms (default)
2019-09-25 08:42:32,949 [JUnit] INFO  server.RaftServerConfigKeys (ConfUtils.java:logGet(43)) - raft.server.storage.dir = [/workdir/hadoop-ozone/ozonefs/target/test-dir/MiniOzoneClusterImpl-d4f0e99b-eb79-4745-ab8c-980425c864f9/datanode-3/data/ratis] (custom)
2019-09-25 08:42:32,951 [JUnit] INFO  hdfs.DFSUtil (DFSUtil.java:httpServerTemplateForNNAndJN(1641)) - Starting Web-server for hddsDatanode at: http://0.0.0.0:0
2019-09-25 08:42:32,953 [JUnit] INFO  server.AuthenticationFilter (AuthenticationFilter.java:constructSecretProvider(240)) - Unable to initialize FileSignerSecretProvider, falling back to use random secrets.
2019-09-25 08:42:32,953 [JUnit] WARN  http.HttpRequestLog (HttpRequestLog.java:getRequestLog(97)) - Jetty request log can only be enabled using Log4j
2019-09-25 08:42:32,956 [JUnit] INFO  http.HttpServer2 (HttpServer2.java:addGlobalFilter(975)) - Added global filter 'safety' (class=org.apache.hadoop.http.HttpServer2$QuotingInputFilter)
2019-09-25 08:42:32,957 [JUnit] INFO  http.HttpServer2 (HttpServer2.java:addFilter(948)) - Added filter static_user_filter (class=org.apache.hadoop.http.lib.StaticUserWebFilter$StaticUserFilter) to context hddsDatanode
2019-09-25 08:42:32,957 [JUnit] INFO  http.HttpServer2 (HttpServer2.java:addFilter(958)) - Added filter static_user_filter (class=org.apache.hadoop.http.lib.StaticUserWebFilter$StaticUserFilter) to context logs
2019-09-25 08:42:32,957 [JUnit] INFO  http.HttpServer2 (HttpServer2.java:addFilter(958)) - Added filter static_user_filter (class=org.apache.hadoop.http.lib.StaticUserWebFilter$StaticUserFilter) to context static
2019-09-25 08:42:32,958 [JUnit] INFO  http.HttpServer2 (HttpServer2.java:bindListener(1191)) - Jetty bound to port 42656
2019-09-25 08:42:32,958 [JUnit] INFO  server.Server (Server.java:doStart(351)) - jetty-9.3.25.v20180904, build timestamp: 2018-09-04T21:11:46Z, git hash: 3ce520221d0240229c862b122d2b06c12a625732
2019-09-25 08:42:32,960 [JUnit] INFO  handler.ContextHandler (ContextHandler.java:doStart(781)) - Started o.e.j.s.ServletContextHandler@7a485a36{/logs,file:///workdir/hadoop-ozone/ozonefs/target/log,AVAILABLE}
2019-09-25 08:42:32,961 [JUnit] INFO  handler.ContextHandler (ContextHandler.java:doStart(781)) - Started o.e.j.s.ServletContextHandler@625dfff3{/static,jar:file:/home/user/.m2/repository/org/apache/hadoop/hadoop-hdds-container-service/0.5.0-SNAPSHOT/hadoop-hdds-container-service-0.5.0-SNAPSHOT.jar!/webapps/static,AVAILABLE}
2019-09-25 08:42:32,994 [JUnit] INFO  handler.ContextHandler (ContextHandler.java:doStart(781)) - Started o.e.j.w.WebAppContext@445bb139{/,file:///tmp/jetty-0.0.0.0-42656-hddsDatanode-_-any-1430611890990523403.dir/webapp/,AVAILABLE}{/hddsDatanode}
2019-09-25 08:42:32,995 [JUnit] INFO  server.AbstractConnector (AbstractConnector.java:doStart(278)) - Started ServerConnector@b9a77c8{HTTP/1.1,[http/1.1]}{0.0.0.0:42656}
2019-09-25 08:42:32,996 [JUnit] INFO  server.Server (Server.java:doStart(419)) - Started @82144ms
2019-09-25 08:42:32,996 [JUnit] WARN  impl.MetricsSystemImpl (MetricsSystemImpl.java:register(276)) - Sink prometheus already exists!
2019-09-25 08:42:32,997 [JUnit] INFO  server.BaseHttpServer (BaseHttpServer.java:updateConnectorAddress(215)) - HTTP server of HDDSDATANODE is listening at http://0.0.0.0:42656
2019-09-25 08:42:32,997 [JUnit] INFO  impl.MetricsSystemImpl (MetricsSystemImpl.java:init(158)) - HddsDatanode metrics system started (again)
2019-09-25 08:42:33,001 [JUnit] INFO  ozone.HddsDatanodeService (HddsDatanodeService.java:start(184)) - HddsDatanodeService host:pr-hdds-2174-pqx5g-486351168 ip:192.168.36.126
2019-09-25 08:42:33,001 [org.apache.hadoop.util.JvmPauseMonitor$Monitor@37a3a1a9] INFO  util.JvmPauseMonitor (JvmPauseMonitor.java:run(188)) - Starting JVM pause monitor
2019-09-25 08:42:33,003 [Datanode State Machine Thread - 0] INFO  datanode.InitDatanodeState (InitDatanodeState.java:persistContainerDatanodeDetails(140)) - DatanodeDetails is persisted to /workdir/hadoop-ozone/ozonefs/target/test-dir/MiniOzoneClusterImpl-d4f0e99b-eb79-4745-ab8c-980425c864f9/datanode-3/meta/datanode.id
2019-09-25 08:42:33,007 [JUnit] INFO  volume.HddsVolume (HddsVolume.java:<init>(176)) - Creating Volume: /workdir/hadoop-ozone/ozonefs/target/test-dir/MiniOzoneClusterImpl-d4f0e99b-eb79-4745-ab8c-980425c864f9/datanode-4/data/containers/hdds of  storage type : DISK and capacity : 1482555576320
2019-09-25 08:42:33,007 [JUnit] INFO  volume.VolumeSet (VolumeSet.java:initializeVolumeSet(170)) - Added Volume : /workdir/hadoop-ozone/ozonefs/target/test-dir/MiniOzoneClusterImpl-d4f0e99b-eb79-4745-ab8c-980425c864f9/datanode-4/data/containers/hdds to VolumeSet
2019-09-25 08:42:33,008 [JUnit] INFO  volume.ThrottledAsyncChecker (ThrottledAsyncChecker.java:schedule(139)) - Scheduling a check for org.apache.hadoop.ozone.container.common.volume.HddsVolume@2da3b078
2019-09-25 08:42:33,008 [JUnit] INFO  volume.HddsVolumeChecker (HddsVolumeChecker.java:checkAllVolumes(202)) - Scheduled health check for volume org.apache.hadoop.ozone.container.common.volume.HddsVolume@2da3b078
2019-09-25 08:42:33,031 [JUnit] INFO  impl.RaftServerProxy (ConfUtils.java:logGet(43)) - raft.rpc.type = GRPC (default)
2019-09-25 08:42:33,031 [JUnit] INFO  grpc.GrpcFactory (GrpcFactory.java:checkPooledByteBufAllocatorUseCacheForAllThreads(45)) - PERFORMANCE WARNING: useCacheForAllThreads is true that may cause Netty to create a lot garbage objects and, as a result, trigger GC.
	It is recommended to disable useCacheForAllThreads by setting -Dorg.apache.ratis.thirdparty.io.netty.allocator.useCacheForAllThreads=false in command line.
2019-09-25 08:42:33,031 [JUnit] INFO  grpc.GrpcConfigKeys$Server (ConfUtils.java:logGet(43)) - raft.grpc.server.port = 0 (default)
2019-09-25 08:42:33,032 [JUnit] INFO  server.GrpcService (ConfUtils.java:logGet(43)) - raft.grpc.message.size.max = 33570816 (custom)
2019-09-25 08:42:33,032 [JUnit] INFO  server.RaftServerConfigKeys (ConfUtils.java:logGet(43)) - raft.server.log.appender.buffer.byte-limit = 33554432 (custom)
2019-09-25 08:42:33,032 [JUnit] INFO  server.GrpcService (ConfUtils.java:logGet(43)) - raft.grpc.flow.control.window = 1MB (=1048576) (default)
2019-09-25 08:42:33,032 [JUnit] INFO  server.RaftServerConfigKeys (ConfUtils.java:logGet(43)) - raft.server.rpc.request.timeout = 3000ms (default)
2019-09-25 08:42:33,033 [JUnit] INFO  server.RaftServerConfigKeys (ConfUtils.java:logGet(43)) - raft.server.storage.dir = [/workdir/hadoop-ozone/ozonefs/target/test-dir/MiniOzoneClusterImpl-d4f0e99b-eb79-4745-ab8c-980425c864f9/datanode-4/data/ratis] (custom)
2019-09-25 08:42:33,035 [JUnit] INFO  hdfs.DFSUtil (DFSUtil.java:httpServerTemplateForNNAndJN(1641)) - Starting Web-server for hddsDatanode at: http://0.0.0.0:0
2019-09-25 08:42:33,036 [JUnit] INFO  server.AuthenticationFilter (AuthenticationFilter.java:constructSecretProvider(240)) - Unable to initialize FileSignerSecretProvider, falling back to use random secrets.
2019-09-25 08:42:33,037 [JUnit] WARN  http.HttpRequestLog (HttpRequestLog.java:getRequestLog(97)) - Jetty request log can only be enabled using Log4j
2019-09-25 08:42:33,039 [JUnit] INFO  http.HttpServer2 (HttpServer2.java:addGlobalFilter(975)) - Added global filter 'safety' (class=org.apache.hadoop.http.HttpServer2$QuotingInputFilter)
2019-09-25 08:42:33,040 [JUnit] INFO  http.HttpServer2 (HttpServer2.java:addFilter(948)) - Added filter static_user_filter (class=org.apache.hadoop.http.lib.StaticUserWebFilter$StaticUserFilter) to context hddsDatanode
2019-09-25 08:42:33,040 [JUnit] INFO  http.HttpServer2 (HttpServer2.java:addFilter(958)) - Added filter static_user_filter (class=org.apache.hadoop.http.lib.StaticUserWebFilter$StaticUserFilter) to context static
2019-09-25 08:42:33,041 [JUnit] INFO  http.HttpServer2 (HttpServer2.java:addFilter(958)) - Added filter static_user_filter (class=org.apache.hadoop.http.lib.StaticUserWebFilter$StaticUserFilter) to context logs
2019-09-25 08:42:33,041 [JUnit] INFO  http.HttpServer2 (HttpServer2.java:bindListener(1191)) - Jetty bound to port 40258
2019-09-25 08:42:33,041 [JUnit] INFO  server.Server (Server.java:doStart(351)) - jetty-9.3.25.v20180904, build timestamp: 2018-09-04T21:11:46Z, git hash: 3ce520221d0240229c862b122d2b06c12a625732
2019-09-25 08:42:33,044 [JUnit] INFO  handler.ContextHandler (ContextHandler.java:doStart(781)) - Started o.e.j.s.ServletContextHandler@4acc5dff{/logs,file:///workdir/hadoop-ozone/ozonefs/target/log,AVAILABLE}
2019-09-25 08:42:33,044 [JUnit] INFO  handler.ContextHandler (ContextHandler.java:doStart(781)) - Started o.e.j.s.ServletContextHandler@70e94ecb{/static,jar:file:/home/user/.m2/repository/org/apache/hadoop/hadoop-hdds-container-service/0.5.0-SNAPSHOT/hadoop-hdds-container-service-0.5.0-SNAPSHOT.jar!/webapps/static,AVAILABLE}
2019-09-25 08:42:33,073 [JUnit] INFO  handler.ContextHandler (ContextHandler.java:doStart(781)) - Started o.e.j.w.WebAppContext@33425811{/,file:///tmp/jetty-0.0.0.0-40258-hddsDatanode-_-any-4058904440292413121.dir/webapp/,AVAILABLE}{/hddsDatanode}
2019-09-25 08:42:33,074 [JUnit] INFO  server.AbstractConnector (AbstractConnector.java:doStart(278)) - Started ServerConnector@4b74b35{HTTP/1.1,[http/1.1]}{0.0.0.0:40258}
2019-09-25 08:42:33,075 [JUnit] INFO  server.Server (Server.java:doStart(419)) - Started @82223ms
2019-09-25 08:42:33,075 [JUnit] WARN  impl.MetricsSystemImpl (MetricsSystemImpl.java:register(276)) - Sink prometheus already exists!
2019-09-25 08:42:33,076 [JUnit] INFO  server.BaseHttpServer (BaseHttpServer.java:updateConnectorAddress(215)) - HTTP server of HDDSDATANODE is listening at http://0.0.0.0:40258
2019-09-25 08:42:33,078 [JUnit] INFO  ozone.MiniOzoneClusterImpl (MiniOzoneClusterImpl.java:lambda$waitForClusterToBeReady$0(147)) - Waiting for cluster to be ready. Got 0 of 5 DN Heartbeats.
2019-09-25 08:42:33,080 [org.apache.hadoop.util.JvmPauseMonitor$Monitor@7598e5b2] INFO  util.JvmPauseMonitor (JvmPauseMonitor.java:run(188)) - Starting JVM pause monitor
2019-09-25 08:42:33,081 [Datanode State Machine Thread - 0] INFO  datanode.InitDatanodeState (InitDatanodeState.java:persistContainerDatanodeDetails(140)) - DatanodeDetails is persisted to /workdir/hadoop-ozone/ozonefs/target/test-dir/MiniOzoneClusterImpl-d4f0e99b-eb79-4745-ab8c-980425c864f9/datanode-4/meta/datanode.id
2019-09-25 08:42:34,079 [JUnit] INFO  ozone.MiniOzoneClusterImpl (MiniOzoneClusterImpl.java:lambda$waitForClusterToBeReady$0(147)) - Waiting for cluster to be ready. Got 0 of 5 DN Heartbeats.
2019-09-25 08:42:35,080 [JUnit] INFO  ozone.MiniOzoneClusterImpl (MiniOzoneClusterImpl.java:lambda$waitForClusterToBeReady$0(147)) - Waiting for cluster to be ready. Got 0 of 5 DN Heartbeats.
2019-09-25 08:42:36,081 [JUnit] INFO  ozone.MiniOzoneClusterImpl (MiniOzoneClusterImpl.java:lambda$waitForClusterToBeReady$0(147)) - Waiting for cluster to be ready. Got 0 of 5 DN Heartbeats.
2019-09-25 08:42:37,081 [JUnit] INFO  ozone.MiniOzoneClusterImpl (MiniOzoneClusterImpl.java:lambda$waitForClusterToBeReady$0(147)) - Waiting for cluster to be ready. Got 0 of 5 DN Heartbeats.
2019-09-25 08:42:38,082 [JUnit] INFO  ozone.MiniOzoneClusterImpl (MiniOzoneClusterImpl.java:lambda$waitForClusterToBeReady$0(147)) - Waiting for cluster to be ready. Got 0 of 5 DN Heartbeats.
2019-09-25 08:42:39,083 [JUnit] INFO  ozone.MiniOzoneClusterImpl (MiniOzoneClusterImpl.java:lambda$waitForClusterToBeReady$0(147)) - Waiting for cluster to be ready. Got 0 of 5 DN Heartbeats.
2019-09-25 08:42:39,818 [Datanode State Machine Thread - 0] INFO  ozoneimpl.OzoneContainer (OzoneContainer.java:start(217)) - Attempting to start container services.
2019-09-25 08:42:39,818 [Datanode State Machine Thread - 0] INFO  ozoneimpl.OzoneContainer (OzoneContainer.java:start(217)) - Attempting to start container services.
2019-09-25 08:42:39,818 [Datanode State Machine Thread - 0] INFO  ozoneimpl.OzoneContainer (OzoneContainer.java:start(217)) - Attempting to start container services.
2019-09-25 08:42:39,818 [Datanode State Machine Thread - 0] INFO  ozoneimpl.OzoneContainer (OzoneContainer.java:start(217)) - Attempting to start container services.
2019-09-25 08:42:39,818 [Datanode State Machine Thread - 0] INFO  ozoneimpl.OzoneContainer (OzoneContainer.java:start(217)) - Attempting to start container services.
2019-09-25 08:42:39,827 [Datanode State Machine Thread - 0] INFO  ozoneimpl.OzoneContainer (OzoneContainer.java:startContainerScrub(179)) - Background container scanner has been disabled.
2019-09-25 08:42:39,827 [Datanode State Machine Thread - 0] INFO  ozoneimpl.OzoneContainer (OzoneContainer.java:startContainerScrub(179)) - Background container scanner has been disabled.
2019-09-25 08:42:39,827 [Datanode State Machine Thread - 0] INFO  ratis.XceiverServerRatis (XceiverServerRatis.java:start(411)) - Starting XceiverServerRatis 72281a6e-00b8-44dc-bba3-b958baf5fc03 at port 0
2019-09-25 08:42:39,827 [Datanode State Machine Thread - 0] INFO  ratis.XceiverServerRatis (XceiverServerRatis.java:start(411)) - Starting XceiverServerRatis dd1e4894-806d-4283-b3cc-ceb649e5b26f at port 0
2019-09-25 08:42:39,829 [Datanode State Machine Thread - 0] INFO  ozoneimpl.OzoneContainer (OzoneContainer.java:startContainerScrub(179)) - Background container scanner has been disabled.
2019-09-25 08:42:39,829 [Datanode State Machine Thread - 0] INFO  ozoneimpl.OzoneContainer (OzoneContainer.java:startContainerScrub(179)) - Background container scanner has been disabled.
2019-09-25 08:42:39,829 [Datanode State Machine Thread - 0] INFO  ozoneimpl.OzoneContainer (OzoneContainer.java:startContainerScrub(179)) - Background container scanner has been disabled.
2019-09-25 08:42:39,829 [Datanode State Machine Thread - 0] INFO  ratis.XceiverServerRatis (XceiverServerRatis.java:start(411)) - Starting XceiverServerRatis 905f8024-9965-47b8-9a75-979fe3c17603 at port 0
2019-09-25 08:42:39,829 [Datanode State Machine Thread - 0] INFO  ratis.XceiverServerRatis (XceiverServerRatis.java:start(411)) - Starting XceiverServerRatis b0445327-5aa8-4723-b13f-0045c06a7051 at port 0
2019-09-25 08:42:39,829 [Datanode State Machine Thread - 0] INFO  ratis.XceiverServerRatis (XceiverServerRatis.java:start(411)) - Starting XceiverServerRatis 6c26676d-e3b4-4ef4-8acf-5b4b794af88e at port 0
2019-09-25 08:42:39,887 [Datanode State Machine Thread - 0] INFO  impl.RaftServerProxy (RaftServerProxy.java:lambda$start$3(299)) - b0445327-5aa8-4723-b13f-0045c06a7051: start RPC server
2019-09-25 08:42:39,887 [Datanode State Machine Thread - 0] INFO  impl.RaftServerProxy (RaftServerProxy.java:lambda$start$3(299)) - 72281a6e-00b8-44dc-bba3-b958baf5fc03: start RPC server
2019-09-25 08:42:39,887 [Datanode State Machine Thread - 0] INFO  impl.RaftServerProxy (RaftServerProxy.java:lambda$start$3(299)) - 905f8024-9965-47b8-9a75-979fe3c17603: start RPC server
2019-09-25 08:42:39,887 [Datanode State Machine Thread - 0] INFO  impl.RaftServerProxy (RaftServerProxy.java:lambda$start$3(299)) - dd1e4894-806d-4283-b3cc-ceb649e5b26f: start RPC server
2019-09-25 08:42:39,887 [Datanode State Machine Thread - 0] INFO  impl.RaftServerProxy (RaftServerProxy.java:lambda$start$3(299)) - 6c26676d-e3b4-4ef4-8acf-5b4b794af88e: start RPC server
2019-09-25 08:42:40,071 [Datanode State Machine Thread - 0] INFO  server.GrpcService (GrpcService.java:startImpl(158)) - 905f8024-9965-47b8-9a75-979fe3c17603: GrpcService started, listening on 0.0.0.0/0.0.0.0:35422
2019-09-25 08:42:40,071 [Datanode State Machine Thread - 0] INFO  server.GrpcService (GrpcService.java:startImpl(158)) - b0445327-5aa8-4723-b13f-0045c06a7051: GrpcService started, listening on 0.0.0.0/0.0.0.0:40401
2019-09-25 08:42:40,072 [Datanode State Machine Thread - 0] INFO  server.GrpcService (GrpcService.java:startImpl(158)) - 6c26676d-e3b4-4ef4-8acf-5b4b794af88e: GrpcService started, listening on 0.0.0.0/0.0.0.0:46446
2019-09-25 08:42:40,071 [Datanode State Machine Thread - 0] INFO  server.GrpcService (GrpcService.java:startImpl(158)) - dd1e4894-806d-4283-b3cc-ceb649e5b26f: GrpcService started, listening on 0.0.0.0/0.0.0.0:34305
2019-09-25 08:42:40,071 [Datanode State Machine Thread - 0] INFO  server.GrpcService (GrpcService.java:startImpl(158)) - 72281a6e-00b8-44dc-bba3-b958baf5fc03: GrpcService started, listening on 0.0.0.0/0.0.0.0:45188
2019-09-25 08:42:40,073 [Datanode State Machine Thread - 0] INFO  ratis.XceiverServerRatis (XceiverServerRatis.java:start(421)) - XceiverServerRatis dd1e4894-806d-4283-b3cc-ceb649e5b26f is started using port 34305
2019-09-25 08:42:40,073 [Datanode State Machine Thread - 0] INFO  ratis.XceiverServerRatis (XceiverServerRatis.java:start(421)) - XceiverServerRatis 6c26676d-e3b4-4ef4-8acf-5b4b794af88e is started using port 46446
2019-09-25 08:42:40,073 [Datanode State Machine Thread - 0] INFO  ratis.XceiverServerRatis (XceiverServerRatis.java:start(421)) - XceiverServerRatis b0445327-5aa8-4723-b13f-0045c06a7051 is started using port 40401
2019-09-25 08:42:40,073 [Datanode State Machine Thread - 0] INFO  ratis.XceiverServerRatis (XceiverServerRatis.java:start(421)) - XceiverServerRatis 905f8024-9965-47b8-9a75-979fe3c17603 is started using port 35422
2019-09-25 08:42:40,074 [Datanode State Machine Thread - 0] INFO  ratis.XceiverServerRatis (XceiverServerRatis.java:start(421)) - XceiverServerRatis 72281a6e-00b8-44dc-bba3-b958baf5fc03 is started using port 45188
2019-09-25 08:42:40,084 [JUnit] INFO  ozone.MiniOzoneClusterImpl (MiniOzoneClusterImpl.java:lambda$waitForClusterToBeReady$0(147)) - Waiting for cluster to be ready. Got 0 of 5 DN Heartbeats.
2019-09-25 08:42:40,087 [Datanode State Machine Thread - 0] INFO  server.XceiverServerGrpc (XceiverServerGrpc.java:start(149)) - XceiverServerGrpc 905f8024-9965-47b8-9a75-979fe3c17603 is started using port 45788
2019-09-25 08:42:40,087 [Datanode State Machine Thread - 0] INFO  server.XceiverServerGrpc (XceiverServerGrpc.java:start(149)) - XceiverServerGrpc dd1e4894-806d-4283-b3cc-ceb649e5b26f is started using port 40228
2019-09-25 08:42:40,088 [Datanode State Machine Thread - 0] INFO  server.XceiverServerGrpc (XceiverServerGrpc.java:start(149)) - XceiverServerGrpc b0445327-5aa8-4723-b13f-0045c06a7051 is started using port 39371
2019-09-25 08:42:40,088 [Datanode State Machine Thread - 0] INFO  server.XceiverServerGrpc (XceiverServerGrpc.java:start(149)) - XceiverServerGrpc 72281a6e-00b8-44dc-bba3-b958baf5fc03 is started using port 35226
2019-09-25 08:42:40,088 [Datanode State Machine Thread - 0] INFO  server.XceiverServerGrpc (XceiverServerGrpc.java:start(149)) - XceiverServerGrpc 6c26676d-e3b4-4ef4-8acf-5b4b794af88e is started using port 46532
2019-09-25 08:42:40,746 [IPC Server handler 14 on 33132] INFO  net.NetworkTopology (NetworkTopologyImpl.java:add(111)) - Added a new node: /default-rack/6c26676d-e3b4-4ef4-8acf-5b4b794af88e
2019-09-25 08:42:40,747 [IPC Server handler 14 on 33132] INFO  node.SCMNodeManager (SCMNodeManager.java:register(266)) - Registered Data node : 6c26676d-e3b4-4ef4-8acf-5b4b794af88e{ip: 192.168.36.126, host: pr-hdds-2174-pqx5g-486351168, networkLocation: /default-rack, certSerialId: null}
2019-09-25 08:42:40,755 [EventQueue-NodeRegistrationContainerReportForDataNodeSafeModeRule] INFO  safemode.SCMSafeModeManager (DataNodeSafeModeRule.java:process(71)) - SCM in safe mode. 1 DataNodes registered, 1 required.
2019-09-25 08:42:40,758 [EventQueue-NodeRegistrationContainerReportForDataNodeSafeModeRule] INFO  safemode.SCMSafeModeManager (SCMSafeModeManager.java:validateSafeModeExitRules(177)) - ScmSafeModeManager, all rules are successfully validated
2019-09-25 08:42:40,759 [EventQueue-NodeRegistrationContainerReportForDataNodeSafeModeRule] INFO  safemode.SCMSafeModeManager (SCMSafeModeManager.java:exitSafeMode(193)) - SCM exiting safe mode.
2019-09-25 08:42:40,810 [IPC Server handler 18 on 33132] INFO  net.NetworkTopology (NetworkTopologyImpl.java:add(111)) - Added a new node: /default-rack/b0445327-5aa8-4723-b13f-0045c06a7051
2019-09-25 08:42:40,820 [IPC Server handler 18 on 33132] INFO  node.SCMNodeManager (SCMNodeManager.java:register(266)) - Registered Data node : b0445327-5aa8-4723-b13f-0045c06a7051{ip: 192.168.36.126, host: pr-hdds-2174-pqx5g-486351168, networkLocation: /default-rack, certSerialId: null}
2019-09-25 08:42:40,918 [IPC Server handler 19 on 33132] INFO  net.NetworkTopology (NetworkTopologyImpl.java:add(111)) - Added a new node: /default-rack/905f8024-9965-47b8-9a75-979fe3c17603
2019-09-25 08:42:40,920 [IPC Server handler 19 on 33132] INFO  node.SCMNodeManager (SCMNodeManager.java:register(266)) - Registered Data node : 905f8024-9965-47b8-9a75-979fe3c17603{ip: 192.168.36.126, host: pr-hdds-2174-pqx5g-486351168, networkLocation: /default-rack, certSerialId: null}
2019-09-25 08:42:41,011 [IPC Server handler 16 on 33132] INFO  net.NetworkTopology (NetworkTopologyImpl.java:add(111)) - Added a new node: /default-rack/dd1e4894-806d-4283-b3cc-ceb649e5b26f
2019-09-25 08:42:41,011 [IPC Server handler 16 on 33132] INFO  node.SCMNodeManager (SCMNodeManager.java:register(266)) - Registered Data node : dd1e4894-806d-4283-b3cc-ceb649e5b26f{ip: 192.168.36.126, host: pr-hdds-2174-pqx5g-486351168, networkLocation: /default-rack, certSerialId: null}
2019-09-25 08:42:41,087 [JUnit] INFO  ozone.MiniOzoneClusterImpl (MiniOzoneClusterImpl.java:lambda$waitForClusterToBeReady$0(147)) - Waiting for cluster to be ready. Got 4 of 5 DN Heartbeats.
2019-09-25 08:42:41,087 [IPC Server handler 10 on 33132] INFO  net.NetworkTopology (NetworkTopologyImpl.java:add(111)) - Added a new node: /default-rack/72281a6e-00b8-44dc-bba3-b958baf5fc03
2019-09-25 08:42:41,087 [IPC Server handler 10 on 33132] INFO  node.SCMNodeManager (SCMNodeManager.java:register(266)) - Registered Data node : 72281a6e-00b8-44dc-bba3-b958baf5fc03{ip: 192.168.36.126, host: pr-hdds-2174-pqx5g-486351168, networkLocation: /default-rack, certSerialId: null}
2019-09-25 08:42:41,452 [grpc-default-executor-0] INFO  impl.RaftServerProxy (RaftServerProxy.java:addNew(89)) - 6c26676d-e3b4-4ef4-8acf-5b4b794af88e: addNew group-001A0597DF89:[6c26676d-e3b4-4ef4-8acf-5b4b794af88e:192.168.36.126:46446] returns group-001A0597DF89:java.util.concurrent.CompletableFuture@12ab3933[Not completed]
2019-09-25 08:42:41,473 [pool-27-thread-1] INFO  impl.RaftServerImpl (RaftServerImpl.java:<init>(95)) - 6c26676d-e3b4-4ef4-8acf-5b4b794af88e: new RaftServerImpl for group-001A0597DF89:[6c26676d-e3b4-4ef4-8acf-5b4b794af88e:192.168.36.126:46446] with ContainerStateMachine:uninitialized
2019-09-25 08:42:41,476 [pool-27-thread-1] INFO  server.RaftServerConfigKeys (ConfUtils.java:logGet(43)) - raft.server.rpc.timeout.min = 5s (custom)
2019-09-25 08:42:41,476 [pool-27-thread-1] INFO  server.RaftServerConfigKeys (ConfUtils.java:logGet(43)) - raft.server.rpc.timeout.max = 5200ms (custom)
2019-09-25 08:42:41,476 [pool-27-thread-1] INFO  server.RaftServerConfigKeys (ConfUtils.java:logGet(43)) - raft.server.rpcslowness.timeout = 120s (custom)
2019-09-25 08:42:41,477 [pool-27-thread-1] INFO  server.RaftServerConfigKeys (ConfUtils.java:logGet(43)) - raft.server.sleep.deviation.threshold = 300 (default)
2019-09-25 08:42:41,478 [pool-27-thread-1] INFO  server.RaftServerConfigKeys (ConfUtils.java:logGet(43)) - raft.server.log.appender.install.snapshot.enabled = false (custom)
2019-09-25 08:42:41,490 [pool-27-thread-1] INFO  impl.RaftServerImpl (ServerState.java:<init>(103)) - 6c26676d-e3b4-4ef4-8acf-5b4b794af88e@group-001A0597DF89: ConfigurationManager, init=-1: [6c26676d-e3b4-4ef4-8acf-5b4b794af88e:192.168.36.126:46446], old=null, confs=<EMPTY_MAP>
2019-09-25 08:42:41,490 [pool-27-thread-1] INFO  server.RaftServerConfigKeys (ConfUtils.java:logGet(43)) - raft.server.storage.dir = [/workdir/hadoop-ozone/ozonefs/target/test-dir/MiniOzoneClusterImpl-d4f0e99b-eb79-4745-ab8c-980425c864f9/datanode-0/data/ratis] (custom)
2019-09-25 08:42:41,500 [pool-27-thread-1] INFO  storage.RaftStorageDirectory (RaftStorageDirectory.java:analyzeStorage(246)) - The storage directory /workdir/hadoop-ozone/ozonefs/target/test-dir/MiniOzoneClusterImpl-d4f0e99b-eb79-4745-ab8c-980425c864f9/datanode-0/data/ratis/88657058-b916-4602-bdd1-001a0597df89 does not exist. Creating ...
2019-09-25 08:42:42,087 [JUnit] INFO  ozone.MiniOzoneClusterImpl (MiniOzoneClusterImpl.java:lambda$waitForClusterToBeReady$0(147)) - Cluster is ready. Got 5 of 5 DN Heartbeats.
2019-09-25 08:42:42,126 [Thread-209] INFO  Configuration.deprecation (Configuration.java:logDeprecation(1394)) - mapred.job.tracker is deprecated. Instead, use mapreduce.jobtracker.address
2019-09-25 08:42:42,472 [pool-27-thread-1] INFO  storage.RaftStorageDirectory (RaftStorageDirectory.java:tryLock(328)) - Lock on /workdir/hadoop-ozone/ozonefs/target/test-dir/MiniOzoneClusterImpl-d4f0e99b-eb79-4745-ab8c-980425c864f9/datanode-0/data/ratis/88657058-b916-4602-bdd1-001a0597df89/in_use.lock acquired by nodename 26692@pr-hdds-2174-pqx5g-486351168
2019-09-25 08:42:42,779 [Thread-209] INFO  rpc.RpcClient (RpcClient.java:createVolume(276)) - Creating Volume: volume52055, with user38238 as owner.
2019-09-25 08:42:42,915 [IPC Server handler 1 on 45152] INFO  volume.OMVolumeCreateRequest (OMVolumeCreateRequest.java:validateAndUpdateCache(194)) - created volume:volume52055 for user:user38238
2019-09-25 08:42:42,964 [Thread-209] INFO  rpc.RpcClient (RpcClient.java:createBucket(415)) - Creating Bucket: volume52055/bucket14370, with Versioning false and Storage Type set to DISK and Encryption set to false 
2019-09-25 08:42:43,184 [Thread-209] INFO  contract.AbstractFSContractTestBase (AbstractFSContractTestBase.java:setup(184)) - Test filesystem = o3fs://bucket14370.volume52055 implemented by OzoneFileSystem{URI=o3fs://bucket14370.volume52055, workingDir=o3fs://bucket14370.volume52055/user/jenkins1000, userName=jenkins1000, statistics=0 bytes read, 0 bytes written, 0 read ops, 0 large read ops, 0 write ops}
08:42:43.299 [IPC Server handler 15 on 45152] ERROR OMAudit - user=jenkins1000 | ip=127.0.0.1 | op=GET_FILE_STATUS {volume=volume52055, bucket=bucket14370, key=test/ITestOzoneContractDistCp/testUpdateDeepDirectoryStructureNoChange, dataSize=0, replicationType=null, replicationFactor=null, keyLocationInfo=null} | ret=FAILURE
org.apache.hadoop.ozone.om.exceptions.OMException: Unable to get file status: volume: volume52055 bucket: bucket14370 key: test/ITestOzoneContractDistCp/testUpdateDeepDirectoryStructureNoChange
	at org.apache.hadoop.ozone.om.KeyManagerImpl.getFileStatus(KeyManagerImpl.java:1785) ~[hadoop-ozone-ozone-manager-0.5.0-SNAPSHOT.jar:?]
	at org.apache.hadoop.ozone.om.OzoneManager.getFileStatus(OzoneManager.java:2892) [hadoop-ozone-ozone-manager-0.5.0-SNAPSHOT.jar:?]
	at org.apache.hadoop.ozone.protocolPB.OzoneManagerRequestHandler.getOzoneFileStatus(OzoneManagerRequestHandler.java:1051) [hadoop-ozone-ozone-manager-0.5.0-SNAPSHOT.jar:?]
	at org.apache.hadoop.ozone.protocolPB.OzoneManagerRequestHandler.handle(OzoneManagerRequestHandler.java:338) [hadoop-ozone-ozone-manager-0.5.0-SNAPSHOT.jar:?]
	at org.apache.hadoop.ozone.protocolPB.OzoneManagerProtocolServerSideTranslatorPB.submitRequestDirectlyToOM(OzoneManagerProtocolServerSideTranslatorPB.java:233) [hadoop-ozone-ozone-manager-0.5.0-SNAPSHOT.jar:?]
	at org.apache.hadoop.ozone.protocolPB.OzoneManagerProtocolServerSideTranslatorPB.processRequest(OzoneManagerProtocolServerSideTranslatorPB.java:157) [hadoop-ozone-ozone-manager-0.5.0-SNAPSHOT.jar:?]
	at org.apache.hadoop.ozone.protocolPB.OzoneManagerProtocolServerSideTranslatorPB.submitRequest(OzoneManagerProtocolServerSideTranslatorPB.java:111) [hadoop-ozone-ozone-manager-0.5.0-SNAPSHOT.jar:?]
	at org.apache.hadoop.ozone.protocol.proto.OzoneManagerProtocolProtos$OzoneManagerService$2.callBlockingMethod(OzoneManagerProtocolProtos.java) [hadoop-ozone-common-0.5.0-SNAPSHOT.jar:?]
	at org.apache.hadoop.ipc.ProtobufRpcEngine$Server$ProtoBufRpcInvoker.call(ProtobufRpcEngine.java:524) [hadoop-common-3.2.0.jar:?]
	at org.apache.hadoop.ipc.RPC$Server.call(RPC.java:1025) [hadoop-common-3.2.0.jar:?]
	at org.apache.hadoop.ipc.Server$RpcCall.run(Server.java:876) [hadoop-common-3.2.0.jar:?]
	at org.apache.hadoop.ipc.Server$RpcCall.run(Server.java:822) [hadoop-common-3.2.0.jar:?]
	at java.security.AccessController.doPrivileged(Native Method) [?:1.8.0_212]
	at javax.security.auth.Subject.doAs(Subject.java:422) [?:1.8.0_212]
	at org.apache.hadoop.security.UserGroupInformation.doAs(UserGroupInformation.java:1730) [hadoop-common-3.2.0.jar:?]
	at org.apache.hadoop.ipc.Server$Handler.run(Server.java:2682) [hadoop-common-3.2.0.jar:?]
2019-09-25 08:42:43,322 [Thread-209] INFO  contract.AbstractFSContractTestBase (AbstractFSContractTestBase.java:describe(255)) - update an unchanged directory structure from local to remote; expect no copy
2019-09-25 08:42:43,809 [Thread-208] INFO  container.ReplicationManager (ReplicationManager.java:start(162)) - Starting Replication Monitor Thread.
2019-09-25 08:42:43,812 [ReplicationMonitor] INFO  container.ReplicationManager (ReplicationManager.java:run(225)) - Replication Monitor Thread took 0 milliseconds for processing 0 containers.
2019-09-25 08:42:43,869 [Thread-209] INFO  impl.MetricsSystemImpl (MetricsSystemImpl.java:init(158)) - JobTracker metrics system started (again)
2019-09-25 08:42:43,906 [Thread-209] INFO  impl.MetricsSystemImpl (MetricsSystemImpl.java:init(158)) - JobTracker metrics system started (again)
2019-09-25 08:42:44,007 [RATISCREATEPIPELINE1] ERROR pipeline.RatisPipelineProvider (RatisPipelineProvider.java:lambda$null$5(235)) - Failed invoke Ratis rpc org.apache.hadoop.hdds.scm.pipeline.RatisPipelineProvider$$Lambda$204/1036677512@4d768c5b for 6c26676d-e3b4-4ef4-8acf-5b4b794af88e
org.apache.ratis.protocol.TimeoutIOException: deadline exceeded after 2943318840ns
	at org.apache.ratis.grpc.GrpcUtil.tryUnwrapException(GrpcUtil.java:82)
	at org.apache.ratis.grpc.GrpcUtil.unwrapException(GrpcUtil.java:75)
	at org.apache.ratis.grpc.client.GrpcClientProtocolClient.blockingCall(GrpcClientProtocolClient.java:178)
	at org.apache.ratis.grpc.client.GrpcClientProtocolClient.groupAdd(GrpcClientProtocolClient.java:147)
	at org.apache.ratis.grpc.client.GrpcClientRpc.sendRequest(GrpcClientRpc.java:94)
	at org.apache.ratis.client.impl.RaftClientImpl.sendRequest(RaftClientImpl.java:278)
	at org.apache.ratis.client.impl.RaftClientImpl.groupAdd(RaftClientImpl.java:205)
	at org.apache.hadoop.hdds.scm.pipeline.RatisPipelineProvider.lambda$initializePipeline$4(RatisPipelineProvider.java:196)
	at org.apache.hadoop.hdds.scm.pipeline.RatisPipelineProvider.lambda$null$5(RatisPipelineProvider.java:231)
	at java.util.stream.ForEachOps$ForEachOp$OfRef.accept(ForEachOps.java:184)
	at java.util.ArrayList$ArrayListSpliterator.forEachRemaining(ArrayList.java:1382)
	at java.util.stream.AbstractPipeline.copyInto(AbstractPipeline.java:482)
	at java.util.stream.ForEachOps$ForEachTask.compute(ForEachOps.java:291)
	at java.util.concurrent.CountedCompleter.exec(CountedCompleter.java:731)
	at java.util.concurrent.ForkJoinTask.doExec(ForkJoinTask.java:289)
	at java.util.concurrent.ForkJoinTask.doInvoke(ForkJoinTask.java:401)
	at java.util.concurrent.ForkJoinTask.invoke(ForkJoinTask.java:734)
	at java.util.stream.ForEachOps$ForEachOp.evaluateParallel(ForEachOps.java:160)
	at java.util.stream.ForEachOps$ForEachOp$OfRef.evaluateParallel(ForEachOps.java:174)
	at java.util.stream.AbstractPipeline.evaluate(AbstractPipeline.java:233)
	at java.util.stream.ReferencePipeline.forEach(ReferencePipeline.java:418)
	at java.util.stream.ReferencePipeline$Head.forEach(ReferencePipeline.java:583)
	at org.apache.hadoop.hdds.scm.pipeline.RatisPipelineProvider.lambda$callRatisRpc$6(RatisPipelineProvider.java:225)
	at java.util.concurrent.ForkJoinTask$AdaptedRunnableAction.exec(ForkJoinTask.java:1386)
	at java.util.concurrent.ForkJoinTask.doExec(ForkJoinTask.java:289)
	at java.util.concurrent.ForkJoinPool$WorkQueue.runTask(ForkJoinPool.java:1056)
	at java.util.concurrent.ForkJoinPool.runWorker(ForkJoinPool.java:1692)
	at java.util.concurrent.ForkJoinWorkerThread.run(ForkJoinWorkerThread.java:157)
Caused by: org.apache.ratis.thirdparty.io.grpc.StatusRuntimeException: DEADLINE_EXCEEDED: deadline exceeded after 2943318840ns
	at org.apache.ratis.thirdparty.io.grpc.stub.ClientCalls.toStatusRuntimeException(ClientCalls.java:233)
	at org.apache.ratis.thirdparty.io.grpc.stub.ClientCalls.getUnchecked(ClientCalls.java:214)
	at org.apache.ratis.thirdparty.io.grpc.stub.ClientCalls.blockingUnaryCall(ClientCalls.java:139)
	at org.apache.ratis.proto.grpc.AdminProtocolServiceGrpc$AdminProtocolServiceBlockingStub.groupManagement(AdminProtocolServiceGrpc.java:274)
	at org.apache.ratis.grpc.client.GrpcClientProtocolClient.lambda$groupAdd$3(GrpcClientProtocolClient.java:149)
	at org.apache.ratis.grpc.client.GrpcClientProtocolClient.blockingCall(GrpcClientProtocolClient.java:176)
	... 25 more
08:42:44.057 [IPC Server handler 4 on 45152] ERROR OMAudit - user=jenkins1000 | ip=127.0.0.1 | op=GET_FILE_STATUS {volume=volume52055, bucket=bucket14370, key=test/ITestOzoneContractDistCp/testUpdateDeepDirectoryStructureNoChange/remote/outputDir, dataSize=0, replicationType=null, replicationFactor=null, keyLocationInfo=null} | ret=FAILURE
org.apache.hadoop.ozone.om.exceptions.OMException: Unable to get file status: volume: volume52055 bucket: bucket14370 key: test/ITestOzoneContractDistCp/testUpdateDeepDirectoryStructureNoChange/remote/outputDir
	at org.apache.hadoop.ozone.om.KeyManagerImpl.getFileStatus(KeyManagerImpl.java:1785) ~[hadoop-ozone-ozone-manager-0.5.0-SNAPSHOT.jar:?]
	at org.apache.hadoop.ozone.om.OzoneManager.getFileStatus(OzoneManager.java:2892) [hadoop-ozone-ozone-manager-0.5.0-SNAPSHOT.jar:?]
	at org.apache.hadoop.ozone.protocolPB.OzoneManagerRequestHandler.getOzoneFileStatus(OzoneManagerRequestHandler.java:1051) [hadoop-ozone-ozone-manager-0.5.0-SNAPSHOT.jar:?]
	at org.apache.hadoop.ozone.protocolPB.OzoneManagerRequestHandler.handle(OzoneManagerRequestHandler.java:338) [hadoop-ozone-ozone-manager-0.5.0-SNAPSHOT.jar:?]
	at org.apache.hadoop.ozone.protocolPB.OzoneManagerProtocolServerSideTranslatorPB.submitRequestDirectlyToOM(OzoneManagerProtocolServerSideTranslatorPB.java:233) [hadoop-ozone-ozone-manager-0.5.0-SNAPSHOT.jar:?]
	at org.apache.hadoop.ozone.protocolPB.OzoneManagerProtocolServerSideTranslatorPB.processRequest(OzoneManagerProtocolServerSideTranslatorPB.java:157) [hadoop-ozone-ozone-manager-0.5.0-SNAPSHOT.jar:?]
	at org.apache.hadoop.ozone.protocolPB.OzoneManagerProtocolServerSideTranslatorPB.submitRequest(OzoneManagerProtocolServerSideTranslatorPB.java:111) [hadoop-ozone-ozone-manager-0.5.0-SNAPSHOT.jar:?]
	at org.apache.hadoop.ozone.protocol.proto.OzoneManagerProtocolProtos$OzoneManagerService$2.callBlockingMethod(OzoneManagerProtocolProtos.java) [hadoop-ozone-common-0.5.0-SNAPSHOT.jar:?]
	at org.apache.hadoop.ipc.ProtobufRpcEngine$Server$ProtoBufRpcInvoker.call(ProtobufRpcEngine.java:524) [hadoop-common-3.2.0.jar:?]
	at org.apache.hadoop.ipc.RPC$Server.call(RPC.java:1025) [hadoop-common-3.2.0.jar:?]
	at org.apache.hadoop.ipc.Server$RpcCall.run(Server.java:876) [hadoop-common-3.2.0.jar:?]
	at org.apache.hadoop.ipc.Server$RpcCall.run(Server.java:822) [hadoop-common-3.2.0.jar:?]
	at java.security.AccessController.doPrivileged(Native Method) [?:1.8.0_212]
	at javax.security.auth.Subject.doAs(Subject.java:422) [?:1.8.0_212]
	at org.apache.hadoop.security.UserGroupInformation.doAs(UserGroupInformation.java:1730) [hadoop-common-3.2.0.jar:?]
	at org.apache.hadoop.ipc.Server$Handler.run(Server.java:2682) [hadoop-common-3.2.0.jar:?]
2019-09-25 08:42:44,075 [grpc-default-executor-1] INFO  impl.RaftServerProxy (RaftServerProxy.java:addNew(89)) - dd1e4894-806d-4283-b3cc-ceb649e5b26f: addNew group-0ECE08F33E54:[b0445327-5aa8-4723-b13f-0045c06a7051:192.168.36.126:40401, dd1e4894-806d-4283-b3cc-ceb649e5b26f:192.168.36.126:34305, 6c26676d-e3b4-4ef4-8acf-5b4b794af88e:192.168.36.126:46446] returns group-0ECE08F33E54:java.util.concurrent.CompletableFuture@5ed43608[Not completed]
2019-09-25 08:42:44,121 [grpc-default-executor-1] INFO  impl.RaftServerProxy (RaftServerProxy.java:addNew(89)) - 6c26676d-e3b4-4ef4-8acf-5b4b794af88e: addNew group-0ECE08F33E54:[b0445327-5aa8-4723-b13f-0045c06a7051:192.168.36.126:40401, dd1e4894-806d-4283-b3cc-ceb649e5b26f:192.168.36.126:34305, 6c26676d-e3b4-4ef4-8acf-5b4b794af88e:192.168.36.126:46446] returns group-0ECE08F33E54:java.util.concurrent.CompletableFuture@2d27ea29[Not completed]
2019-09-25 08:42:44,123 [grpc-default-executor-2] INFO  impl.RaftServerProxy (RaftServerProxy.java:addNew(89)) - b0445327-5aa8-4723-b13f-0045c06a7051: addNew group-0ECE08F33E54:[b0445327-5aa8-4723-b13f-0045c06a7051:192.168.36.126:40401, dd1e4894-806d-4283-b3cc-ceb649e5b26f:192.168.36.126:34305, 6c26676d-e3b4-4ef4-8acf-5b4b794af88e:192.168.36.126:46446] returns group-0ECE08F33E54:java.util.concurrent.CompletableFuture@49c73b3[Not completed]
2019-09-25 08:42:44,123 [pool-57-thread-1] INFO  impl.RaftServerImpl (RaftServerImpl.java:<init>(95)) - dd1e4894-806d-4283-b3cc-ceb649e5b26f: new RaftServerImpl for group-0ECE08F33E54:[b0445327-5aa8-4723-b13f-0045c06a7051:192.168.36.126:40401, dd1e4894-806d-4283-b3cc-ceb649e5b26f:192.168.36.126:34305, 6c26676d-e3b4-4ef4-8acf-5b4b794af88e:192.168.36.126:46446] with ContainerStateMachine:uninitialized
2019-09-25 08:42:44,124 [pool-57-thread-1] INFO  server.RaftServerConfigKeys (ConfUtils.java:logGet(43)) - raft.server.rpc.timeout.min = 5s (custom)
2019-09-25 08:42:44,126 [pool-57-thread-1] INFO  server.RaftServerConfigKeys (ConfUtils.java:logGet(43)) - raft.server.rpc.timeout.max = 5200ms (custom)
2019-09-25 08:42:44,126 [pool-57-thread-1] INFO  server.RaftServerConfigKeys (ConfUtils.java:logGet(43)) - raft.server.rpcslowness.timeout = 120s (custom)
2019-09-25 08:42:44,127 [pool-57-thread-1] INFO  server.RaftServerConfigKeys (ConfUtils.java:logGet(43)) - raft.server.sleep.deviation.threshold = 300 (default)
2019-09-25 08:42:44,127 [pool-57-thread-1] INFO  server.RaftServerConfigKeys (ConfUtils.java:logGet(43)) - raft.server.log.appender.install.snapshot.enabled = false (custom)
2019-09-25 08:42:44,128 [pool-57-thread-1] INFO  impl.RaftServerImpl (ServerState.java:<init>(103)) - dd1e4894-806d-4283-b3cc-ceb649e5b26f@group-0ECE08F33E54: ConfigurationManager, init=-1: [b0445327-5aa8-4723-b13f-0045c06a7051:192.168.36.126:40401, dd1e4894-806d-4283-b3cc-ceb649e5b26f:192.168.36.126:34305, 6c26676d-e3b4-4ef4-8acf-5b4b794af88e:192.168.36.126:46446], old=null, confs=<EMPTY_MAP>
2019-09-25 08:42:44,133 [pool-57-thread-1] INFO  server.RaftServerConfigKeys (ConfUtils.java:logGet(43)) - raft.server.storage.dir = [/workdir/hadoop-ozone/ozonefs/target/test-dir/MiniOzoneClusterImpl-d4f0e99b-eb79-4745-ab8c-980425c864f9/datanode-3/data/ratis] (custom)
2019-09-25 08:42:44,161 [pool-57-thread-1] INFO  storage.RaftStorageDirectory (RaftStorageDirectory.java:analyzeStorage(246)) - The storage directory /workdir/hadoop-ozone/ozonefs/target/test-dir/MiniOzoneClusterImpl-d4f0e99b-eb79-4745-ab8c-980425c864f9/datanode-3/data/ratis/378f3a57-f8e0-4504-992b-0ece08f33e54 does not exist. Creating ...
2019-09-25 08:42:44,163 [pool-37-thread-1] INFO  impl.RaftServerImpl (RaftServerImpl.java:<init>(95)) - b0445327-5aa8-4723-b13f-0045c06a7051: new RaftServerImpl for group-0ECE08F33E54:[b0445327-5aa8-4723-b13f-0045c06a7051:192.168.36.126:40401, dd1e4894-806d-4283-b3cc-ceb649e5b26f:192.168.36.126:34305, 6c26676d-e3b4-4ef4-8acf-5b4b794af88e:192.168.36.126:46446] with ContainerStateMachine:uninitialized
2019-09-25 08:42:44,164 [pool-37-thread-1] INFO  server.RaftServerConfigKeys (ConfUtils.java:logGet(43)) - raft.server.rpc.timeout.min = 5s (custom)
2019-09-25 08:42:44,164 [pool-37-thread-1] INFO  server.RaftServerConfigKeys (ConfUtils.java:logGet(43)) - raft.server.rpc.timeout.max = 5200ms (custom)
2019-09-25 08:42:44,164 [pool-37-thread-1] INFO  server.RaftServerConfigKeys (ConfUtils.java:logGet(43)) - raft.server.rpcslowness.timeout = 120s (custom)
2019-09-25 08:42:44,164 [pool-37-thread-1] INFO  server.RaftServerConfigKeys (ConfUtils.java:logGet(43)) - raft.server.sleep.deviation.threshold = 300 (default)
2019-09-25 08:42:44,165 [pool-37-thread-1] INFO  server.RaftServerConfigKeys (ConfUtils.java:logGet(43)) - raft.server.log.appender.install.snapshot.enabled = false (custom)
2019-09-25 08:42:44,165 [pool-37-thread-1] INFO  impl.RaftServerImpl (ServerState.java:<init>(103)) - b0445327-5aa8-4723-b13f-0045c06a7051@group-0ECE08F33E54: ConfigurationManager, init=-1: [b0445327-5aa8-4723-b13f-0045c06a7051:192.168.36.126:40401, dd1e4894-806d-4283-b3cc-ceb649e5b26f:192.168.36.126:34305, 6c26676d-e3b4-4ef4-8acf-5b4b794af88e:192.168.36.126:46446], old=null, confs=<EMPTY_MAP>
2019-09-25 08:42:44,165 [pool-37-thread-1] INFO  server.RaftServerConfigKeys (ConfUtils.java:logGet(43)) - raft.server.storage.dir = [/workdir/hadoop-ozone/ozonefs/target/test-dir/MiniOzoneClusterImpl-d4f0e99b-eb79-4745-ab8c-980425c864f9/datanode-1/data/ratis] (custom)
2019-09-25 08:42:44,166 [pool-37-thread-1] INFO  storage.RaftStorageDirectory (RaftStorageDirectory.java:analyzeStorage(246)) - The storage directory /workdir/hadoop-ozone/ozonefs/target/test-dir/MiniOzoneClusterImpl-d4f0e99b-eb79-4745-ab8c-980425c864f9/datanode-1/data/ratis/378f3a57-f8e0-4504-992b-0ece08f33e54 does not exist. Creating ...
2019-09-25 08:42:44,334 [Thread-209] INFO  tools.SimpleCopyListing (SimpleCopyListing.java:printStats(608)) - Paths (files+dirs) cnt = 11; dirCnt = 6
2019-09-25 08:42:44,334 [Thread-209] INFO  tools.SimpleCopyListing (SimpleCopyListing.java:doBuildListing(402)) - Build file listing completed.
2019-09-25 08:42:44,336 [Thread-209] INFO  Configuration.deprecation (Configuration.java:logDeprecation(1394)) - io.sort.mb is deprecated. Instead, use mapreduce.task.io.sort.mb
2019-09-25 08:42:44,337 [Thread-209] INFO  Configuration.deprecation (Configuration.java:logDeprecation(1394)) - io.sort.factor is deprecated. Instead, use mapreduce.task.io.sort.factor
2019-09-25 08:42:44,372 [Thread-209] INFO  tools.DistCp (CopyListing.java:buildListing(94)) - Number of paths in the copy list: 11
2019-09-25 08:42:44,385 [Thread-209] INFO  tools.DistCp (CopyListing.java:buildListing(94)) - Number of paths in the copy list: 11
2019-09-25 08:42:44,394 [Thread-209] INFO  impl.MetricsSystemImpl (MetricsSystemImpl.java:init(158)) - JobTracker metrics system started (again)
2019-09-25 08:42:44,435 [Thread-209] WARN  mapreduce.JobResourceUploader (JobResourceUploader.java:uploadResourcesInternal(147)) - Hadoop command-line option parsing not performed. Implement the Tool interface and execute your application with ToolRunner to remedy this.
2019-09-25 08:42:44,551 [Thread-209] INFO  mapreduce.JobSubmitter (JobSubmitter.java:submitJobInternal(202)) - number of splits:8
2019-09-25 08:42:44,703 [Thread-209] INFO  mapreduce.JobSubmitter (JobSubmitter.java:printTokens(298)) - Submitting tokens for job: job_local2017747317_0001
2019-09-25 08:42:44,703 [Thread-209] INFO  mapreduce.JobSubmitter (JobSubmitter.java:printTokens(299)) - Executing with tokens: []
2019-09-25 08:42:44,884 [Thread-209] INFO  mapreduce.Job (Job.java:submit(1574)) - The url to track the job: http://localhost:8080/
2019-09-25 08:42:44,884 [Thread-209] INFO  tools.DistCp (DistCp.java:createAndSubmitJob(217)) - DistCp job-id: job_local2017747317_0001
2019-09-25 08:42:44,885 [Thread-209] INFO  mapreduce.Job (Job.java:monitorAndPrintJob(1619)) - Running job: job_local2017747317_0001
2019-09-25 08:42:44,891 [Thread-281] INFO  mapred.LocalJobRunner (LocalJobRunner.java:createOutputCommitter(501)) - OutputCommitter set in config null
2019-09-25 08:42:44,903 [Thread-281] INFO  output.FileOutputCommitter (FileOutputCommitter.java:<init>(140)) - File Output Committer Algorithm version is 2
2019-09-25 08:42:44,904 [Thread-281] INFO  output.FileOutputCommitter (FileOutputCommitter.java:<init>(155)) - FileOutputCommitter skip cleanup _temporary folders under output directory:false, ignore cleanup failures: false
2019-09-25 08:42:44,907 [Thread-281] INFO  mapred.LocalJobRunner (LocalJobRunner.java:createOutputCommitter(519)) - OutputCommitter is org.apache.hadoop.tools.mapred.CopyCommitter
2019-09-25 08:42:44,984 [Thread-281] INFO  mapred.LocalJobRunner (LocalJobRunner.java:runTasks(478)) - Waiting for map tasks
2019-09-25 08:42:44,987 [LocalJobRunner Map Task Executor #0] INFO  mapred.LocalJobRunner (LocalJobRunner.java:run(252)) - Starting task: attempt_local2017747317_0001_m_000000_0
2019-09-25 08:42:45,030 [LocalJobRunner Map Task Executor #0] INFO  output.FileOutputCommitter (FileOutputCommitter.java:<init>(140)) - File Output Committer Algorithm version is 2
2019-09-25 08:42:45,031 [LocalJobRunner Map Task Executor #0] INFO  output.FileOutputCommitter (FileOutputCommitter.java:<init>(155)) - FileOutputCommitter skip cleanup _temporary folders under output directory:false, ignore cleanup failures: false
2019-09-25 08:42:45,067 [LocalJobRunner Map Task Executor #0] INFO  mapred.Task (Task.java:initialize(626)) -  Using ResourceCalculatorProcessTree : [ ]
2019-09-25 08:42:45,070 [LocalJobRunner Map Task Executor #0] INFO  mapred.MapTask (MapTask.java:runNewMapper(768)) - Processing split: file:/tmp/hadoop/mapred/staging/jenkins10001754387747/.staging/_distcp1947804364/fileList.seq:324+838
2019-09-25 08:42:45,079 [LocalJobRunner Map Task Executor #0] INFO  output.FileOutputCommitter (FileOutputCommitter.java:<init>(140)) - File Output Committer Algorithm version is 2
2019-09-25 08:42:45,079 [LocalJobRunner Map Task Executor #0] INFO  output.FileOutputCommitter (FileOutputCommitter.java:<init>(155)) - FileOutputCommitter skip cleanup _temporary folders under output directory:false, ignore cleanup failures: false
08:42:45.108 [IPC Server handler 7 on 45152] ERROR OMAudit - user=jenkins1000 | ip=127.0.0.1 | op=GET_FILE_STATUS {volume=volume52055, bucket=bucket14370, key=test/ITestOzoneContractDistCp/testUpdateDeepDirectoryStructureNoChange/remote/outputDir, dataSize=0, replicationType=null, replicationFactor=null, keyLocationInfo=null} | ret=FAILURE
org.apache.hadoop.ozone.om.exceptions.OMException: Unable to get file status: volume: volume52055 bucket: bucket14370 key: test/ITestOzoneContractDistCp/testUpdateDeepDirectoryStructureNoChange/remote/outputDir
	at org.apache.hadoop.ozone.om.KeyManagerImpl.getFileStatus(KeyManagerImpl.java:1785) ~[hadoop-ozone-ozone-manager-0.5.0-SNAPSHOT.jar:?]
	at org.apache.hadoop.ozone.om.OzoneManager.getFileStatus(OzoneManager.java:2892) [hadoop-ozone-ozone-manager-0.5.0-SNAPSHOT.jar:?]
	at org.apache.hadoop.ozone.protocolPB.OzoneManagerRequestHandler.getOzoneFileStatus(OzoneManagerRequestHandler.java:1051) [hadoop-ozone-ozone-manager-0.5.0-SNAPSHOT.jar:?]
	at org.apache.hadoop.ozone.protocolPB.OzoneManagerRequestHandler.handle(OzoneManagerRequestHandler.java:338) [hadoop-ozone-ozone-manager-0.5.0-SNAPSHOT.jar:?]
	at org.apache.hadoop.ozone.protocolPB.OzoneManagerProtocolServerSideTranslatorPB.submitRequestDirectlyToOM(OzoneManagerProtocolServerSideTranslatorPB.java:233) [hadoop-ozone-ozone-manager-0.5.0-SNAPSHOT.jar:?]
	at org.apache.hadoop.ozone.protocolPB.OzoneManagerProtocolServerSideTranslatorPB.processRequest(OzoneManagerProtocolServerSideTranslatorPB.java:157) [hadoop-ozone-ozone-manager-0.5.0-SNAPSHOT.jar:?]
	at org.apache.hadoop.ozone.protocolPB.OzoneManagerProtocolServerSideTranslatorPB.submitRequest(OzoneManagerProtocolServerSideTranslatorPB.java:111) [hadoop-ozone-ozone-manager-0.5.0-SNAPSHOT.jar:?]
	at org.apache.hadoop.ozone.protocol.proto.OzoneManagerProtocolProtos$OzoneManagerService$2.callBlockingMethod(OzoneManagerProtocolProtos.java) [hadoop-ozone-common-0.5.0-SNAPSHOT.jar:?]
	at org.apache.hadoop.ipc.ProtobufRpcEngine$Server$ProtoBufRpcInvoker.call(ProtobufRpcEngine.java:524) [hadoop-common-3.2.0.jar:?]
	at org.apache.hadoop.ipc.RPC$Server.call(RPC.java:1025) [hadoop-common-3.2.0.jar:?]
	at org.apache.hadoop.ipc.Server$RpcCall.run(Server.java:876) [hadoop-common-3.2.0.jar:?]
	at org.apache.hadoop.ipc.Server$RpcCall.run(Server.java:822) [hadoop-common-3.2.0.jar:?]
	at java.security.AccessController.doPrivileged(Native Method) [?:1.8.0_212]
	at javax.security.auth.Subject.doAs(Subject.java:422) [?:1.8.0_212]
	at org.apache.hadoop.security.UserGroupInformation.doAs(UserGroupInformation.java:1730) [hadoop-common-3.2.0.jar:?]
	at org.apache.hadoop.ipc.Server$Handler.run(Server.java:2682) [hadoop-common-3.2.0.jar:?]
2019-09-25 08:42:45,110 [LocalJobRunner Map Task Executor #0] INFO  mapred.CopyMapper (CopyMapper.java:map(154)) - Copying file:/workdir/hadoop-ozone/ozonefs/target/test-dir/ITestOzoneContractDistCp/testUpdateDeepDirectoryStructureNoChange/local/inputDir/file1 to o3fs://bucket14370.volume52055/test/ITestOzoneContractDistCp/testUpdateDeepDirectoryStructureNoChange/remote/outputDir/inputDir/file1
08:42:45.116 [IPC Server handler 6 on 45152] ERROR OMAudit - user=jenkins1000 | ip=127.0.0.1 | op=GET_FILE_STATUS {volume=volume52055, bucket=bucket14370, key=test/ITestOzoneContractDistCp/testUpdateDeepDirectoryStructureNoChange/remote/outputDir/inputDir/file1, dataSize=0, replicationType=null, replicationFactor=null, keyLocationInfo=null} | ret=FAILURE
org.apache.hadoop.ozone.om.exceptions.OMException: Unable to get file status: volume: volume52055 bucket: bucket14370 key: test/ITestOzoneContractDistCp/testUpdateDeepDirectoryStructureNoChange/remote/outputDir/inputDir/file1
	at org.apache.hadoop.ozone.om.KeyManagerImpl.getFileStatus(KeyManagerImpl.java:1785) ~[hadoop-ozone-ozone-manager-0.5.0-SNAPSHOT.jar:?]
	at org.apache.hadoop.ozone.om.OzoneManager.getFileStatus(OzoneManager.java:2892) [hadoop-ozone-ozone-manager-0.5.0-SNAPSHOT.jar:?]
	at org.apache.hadoop.ozone.protocolPB.OzoneManagerRequestHandler.getOzoneFileStatus(OzoneManagerRequestHandler.java:1051) [hadoop-ozone-ozone-manager-0.5.0-SNAPSHOT.jar:?]
	at org.apache.hadoop.ozone.protocolPB.OzoneManagerRequestHandler.handle(OzoneManagerRequestHandler.java:338) [hadoop-ozone-ozone-manager-0.5.0-SNAPSHOT.jar:?]
	at org.apache.hadoop.ozone.protocolPB.OzoneManagerProtocolServerSideTranslatorPB.submitRequestDirectlyToOM(OzoneManagerProtocolServerSideTranslatorPB.java:233) [hadoop-ozone-ozone-manager-0.5.0-SNAPSHOT.jar:?]
	at org.apache.hadoop.ozone.protocolPB.OzoneManagerProtocolServerSideTranslatorPB.processRequest(OzoneManagerProtocolServerSideTranslatorPB.java:157) [hadoop-ozone-ozone-manager-0.5.0-SNAPSHOT.jar:?]
	at org.apache.hadoop.ozone.protocolPB.OzoneManagerProtocolServerSideTranslatorPB.submitRequest(OzoneManagerProtocolServerSideTranslatorPB.java:111) [hadoop-ozone-ozone-manager-0.5.0-SNAPSHOT.jar:?]
	at org.apache.hadoop.ozone.protocol.proto.OzoneManagerProtocolProtos$OzoneManagerService$2.callBlockingMethod(OzoneManagerProtocolProtos.java) [hadoop-ozone-common-0.5.0-SNAPSHOT.jar:?]
	at org.apache.hadoop.ipc.ProtobufRpcEngine$Server$ProtoBufRpcInvoker.call(ProtobufRpcEngine.java:524) [hadoop-common-3.2.0.jar:?]
	at org.apache.hadoop.ipc.RPC$Server.call(RPC.java:1025) [hadoop-common-3.2.0.jar:?]
	at org.apache.hadoop.ipc.Server$RpcCall.run(Server.java:876) [hadoop-common-3.2.0.jar:?]
	at org.apache.hadoop.ipc.Server$RpcCall.run(Server.java:822) [hadoop-common-3.2.0.jar:?]
	at java.security.AccessController.doPrivileged(Native Method) [?:1.8.0_212]
	at javax.security.auth.Subject.doAs(Subject.java:422) [?:1.8.0_212]
	at org.apache.hadoop.security.UserGroupInformation.doAs(UserGroupInformation.java:1730) [hadoop-common-3.2.0.jar:?]
	at org.apache.hadoop.ipc.Server$Handler.run(Server.java:2682) [hadoop-common-3.2.0.jar:?]
2019-09-25 08:42:45,123 [LocalJobRunner Map Task Executor #0] INFO  mapred.RetriableFileCopyCommand (RetriableFileCopyCommand.java:getTmpFile(260)) - Creating temp file: o3fs://bucket14370.volume52055/test/ITestOzoneContractDistCp/testUpdateDeepDirectoryStructureNoChange/remote/outputDir/.distcp.tmp.attempt_local2017747317_0001_m_000000_0
2019-09-25 08:42:45,891 [Thread-209] INFO  mapreduce.Job (Job.java:monitorAndPrintJob(1640)) - Job job_local2017747317_0001 running in uber mode : false
2019-09-25 08:42:45,894 [Thread-209] INFO  mapreduce.Job (Job.java:monitorAndPrintJob(1647)) -  map 0% reduce 0%
2019-09-25 08:42:47,023 [RATISCREATEPIPELINE1] ERROR pipeline.RatisPipelineProvider (RatisPipelineProvider.java:lambda$null$5(235)) - Failed invoke Ratis rpc org.apache.hadoop.hdds.scm.pipeline.RatisPipelineProvider$$Lambda$204/1036677512@42cd6408 for b0445327-5aa8-4723-b13f-0045c06a7051
org.apache.ratis.protocol.TimeoutIOException: deadline exceeded after 2999773975ns
	at org.apache.ratis.grpc.GrpcUtil.tryUnwrapException(GrpcUtil.java:82)
	at org.apache.ratis.grpc.GrpcUtil.unwrapException(GrpcUtil.java:75)
	at org.apache.ratis.grpc.client.GrpcClientProtocolClient.blockingCall(GrpcClientProtocolClient.java:178)
	at org.apache.ratis.grpc.client.GrpcClientProtocolClient.groupAdd(GrpcClientProtocolClient.java:147)
	at org.apache.ratis.grpc.client.GrpcClientRpc.sendRequest(GrpcClientRpc.java:94)
	at org.apache.ratis.client.impl.RaftClientImpl.sendRequest(RaftClientImpl.java:278)
	at org.apache.ratis.client.impl.RaftClientImpl.groupAdd(RaftClientImpl.java:205)
	at org.apache.hadoop.hdds.scm.pipeline.RatisPipelineProvider.lambda$initializePipeline$4(RatisPipelineProvider.java:196)
	at org.apache.hadoop.hdds.scm.pipeline.RatisPipelineProvider.lambda$null$5(RatisPipelineProvider.java:231)
	at java.util.stream.ForEachOps$ForEachOp$OfRef.accept(ForEachOps.java:184)
	at java.util.ArrayList$ArrayListSpliterator.forEachRemaining(ArrayList.java:1382)
	at java.util.stream.AbstractPipeline.copyInto(AbstractPipeline.java:482)
	at java.util.stream.ForEachOps$ForEachTask.compute(ForEachOps.java:291)
	at java.util.concurrent.CountedCompleter.exec(CountedCompleter.java:731)
	at java.util.concurrent.ForkJoinTask.doExec(ForkJoinTask.java:289)
	at java.util.concurrent.ForkJoinTask.doInvoke(ForkJoinTask.java:401)
	at java.util.concurrent.ForkJoinTask.invoke(ForkJoinTask.java:734)
	at java.util.stream.ForEachOps$ForEachOp.evaluateParallel(ForEachOps.java:160)
	at java.util.stream.ForEachOps$ForEachOp$OfRef.evaluateParallel(ForEachOps.java:174)
	at java.util.stream.AbstractPipeline.evaluate(AbstractPipeline.java:233)
	at java.util.stream.ReferencePipeline.forEach(ReferencePipeline.java:418)
	at java.util.stream.ReferencePipeline$Head.forEach(ReferencePipeline.java:583)
	at org.apache.hadoop.hdds.scm.pipeline.RatisPipelineProvider.lambda$callRatisRpc$6(RatisPipelineProvider.java:225)
	at java.util.concurrent.ForkJoinTask$AdaptedRunnableAction.exec(ForkJoinTask.java:1386)
	at java.util.concurrent.ForkJoinTask.doExec(ForkJoinTask.java:289)
	at java.util.concurrent.ForkJoinPool$WorkQueue.runTask(ForkJoinPool.java:1056)
	at java.util.concurrent.ForkJoinPool.runWorker(ForkJoinPool.java:1692)
	at java.util.concurrent.ForkJoinWorkerThread.run(ForkJoinWorkerThread.java:157)
Caused by: org.apache.ratis.thirdparty.io.grpc.StatusRuntimeException: DEADLINE_EXCEEDED: deadline exceeded after 2999773975ns
	at org.apache.ratis.thirdparty.io.grpc.stub.ClientCalls.toStatusRuntimeException(ClientCalls.java:233)
	at org.apache.ratis.thirdparty.io.grpc.stub.ClientCalls.getUnchecked(ClientCalls.java:214)
	at org.apache.ratis.thirdparty.io.grpc.stub.ClientCalls.blockingUnaryCall(ClientCalls.java:139)
	at org.apache.ratis.proto.grpc.AdminProtocolServiceGrpc$AdminProtocolServiceBlockingStub.groupManagement(AdminProtocolServiceGrpc.java:274)
	at org.apache.ratis.grpc.client.GrpcClientProtocolClient.lambda$groupAdd$3(GrpcClientProtocolClient.java:149)
	at org.apache.ratis.grpc.client.GrpcClientProtocolClient.blockingCall(GrpcClientProtocolClient.java:176)
	... 25 more
2019-09-25 08:42:47,026 [RATISCREATEPIPELINE3] ERROR pipeline.RatisPipelineProvider (RatisPipelineProvider.java:lambda$null$5(235)) - Failed invoke Ratis rpc org.apache.hadoop.hdds.scm.pipeline.RatisPipelineProvider$$Lambda$204/1036677512@42cd6408 for 6c26676d-e3b4-4ef4-8acf-5b4b794af88e
org.apache.ratis.protocol.TimeoutIOException: deadline exceeded after 2994403478ns
	at org.apache.ratis.grpc.GrpcUtil.tryUnwrapException(GrpcUtil.java:82)
	at org.apache.ratis.grpc.GrpcUtil.unwrapException(GrpcUtil.java:75)
	at org.apache.ratis.grpc.client.GrpcClientProtocolClient.blockingCall(GrpcClientProtocolClient.java:178)
	at org.apache.ratis.grpc.client.GrpcClientProtocolClient.groupAdd(GrpcClientProtocolClient.java:147)
	at org.apache.ratis.grpc.client.GrpcClientRpc.sendRequest(GrpcClientRpc.java:94)
	at org.apache.ratis.client.impl.RaftClientImpl.sendRequest(RaftClientImpl.java:278)
	at org.apache.ratis.client.impl.RaftClientImpl.groupAdd(RaftClientImpl.java:205)
	at org.apache.hadoop.hdds.scm.pipeline.RatisPipelineProvider.lambda$initializePipeline$4(RatisPipelineProvider.java:196)
	at org.apache.hadoop.hdds.scm.pipeline.RatisPipelineProvider.lambda$null$5(RatisPipelineProvider.java:231)
	at java.util.stream.ForEachOps$ForEachOp$OfRef.accept(ForEachOps.java:184)
	at java.util.ArrayList$ArrayListSpliterator.forEachRemaining(ArrayList.java:1382)
	at java.util.stream.AbstractPipeline.copyInto(AbstractPipeline.java:482)
	at java.util.stream.ForEachOps$ForEachTask.compute(ForEachOps.java:291)
	at java.util.concurrent.CountedCompleter.exec(CountedCompleter.java:731)
	at java.util.concurrent.ForkJoinTask.doExec(ForkJoinTask.java:289)
	at java.util.concurrent.ForkJoinPool$WorkQueue.runTask(ForkJoinPool.java:1056)
	at java.util.concurrent.ForkJoinPool.runWorker(ForkJoinPool.java:1692)
	at java.util.concurrent.ForkJoinWorkerThread.run(ForkJoinWorkerThread.java:157)
Caused by: org.apache.ratis.thirdparty.io.grpc.StatusRuntimeException: DEADLINE_EXCEEDED: deadline exceeded after 2994403478ns
	at org.apache.ratis.thirdparty.io.grpc.stub.ClientCalls.toStatusRuntimeException(ClientCalls.java:233)
	at org.apache.ratis.thirdparty.io.grpc.stub.ClientCalls.getUnchecked(ClientCalls.java:214)
	at org.apache.ratis.thirdparty.io.grpc.stub.ClientCalls.blockingUnaryCall(ClientCalls.java:139)
	at org.apache.ratis.proto.grpc.AdminProtocolServiceGrpc$AdminProtocolServiceBlockingStub.groupManagement(AdminProtocolServiceGrpc.java:274)
	at org.apache.ratis.grpc.client.GrpcClientProtocolClient.lambda$groupAdd$3(GrpcClientProtocolClient.java:149)
	at org.apache.ratis.grpc.client.GrpcClientProtocolClient.blockingCall(GrpcClientProtocolClient.java:176)
	... 15 more
2019-09-25 08:42:47,023 [RATISCREATEPIPELINE2] ERROR pipeline.RatisPipelineProvider (RatisPipelineProvider.java:lambda$null$5(235)) - Failed invoke Ratis rpc org.apache.hadoop.hdds.scm.pipeline.RatisPipelineProvider$$Lambda$204/1036677512@42cd6408 for dd1e4894-806d-4283-b3cc-ceb649e5b26f
org.apache.ratis.protocol.TimeoutIOException: deadline exceeded after 2996478971ns
	at org.apache.ratis.grpc.GrpcUtil.tryUnwrapException(GrpcUtil.java:82)
	at org.apache.ratis.grpc.GrpcUtil.unwrapException(GrpcUtil.java:75)
	at org.apache.ratis.grpc.client.GrpcClientProtocolClient.blockingCall(GrpcClientProtocolClient.java:178)
	at org.apache.ratis.grpc.client.GrpcClientProtocolClient.groupAdd(GrpcClientProtocolClient.java:147)
	at org.apache.ratis.grpc.client.GrpcClientRpc.sendRequest(GrpcClientRpc.java:94)
	at org.apache.ratis.client.impl.RaftClientImpl.sendRequest(RaftClientImpl.java:278)
	at org.apache.ratis.client.impl.RaftClientImpl.groupAdd(RaftClientImpl.java:205)
	at org.apache.hadoop.hdds.scm.pipeline.RatisPipelineProvider.lambda$initializePipeline$4(RatisPipelineProvider.java:196)
	at org.apache.hadoop.hdds.scm.pipeline.RatisPipelineProvider.lambda$null$5(RatisPipelineProvider.java:231)
	at java.util.stream.ForEachOps$ForEachOp$OfRef.accept(ForEachOps.java:184)
	at java.util.ArrayList$ArrayListSpliterator.forEachRemaining(ArrayList.java:1382)
	at java.util.stream.AbstractPipeline.copyInto(AbstractPipeline.java:482)
	at java.util.stream.ForEachOps$ForEachTask.compute(ForEachOps.java:291)
	at java.util.concurrent.CountedCompleter.exec(CountedCompleter.java:731)
	at java.util.concurrent.ForkJoinTask.doExec(ForkJoinTask.java:289)
	at java.util.concurrent.ForkJoinPool$WorkQueue.runTask(ForkJoinPool.java:1056)
	at java.util.concurrent.ForkJoinPool.runWorker(ForkJoinPool.java:1692)
	at java.util.concurrent.ForkJoinWorkerThread.run(ForkJoinWorkerThread.java:157)
Caused by: org.apache.ratis.thirdparty.io.grpc.StatusRuntimeException: DEADLINE_EXCEEDED: deadline exceeded after 2996478971ns
	at org.apache.ratis.thirdparty.io.grpc.stub.ClientCalls.toStatusRuntimeException(ClientCalls.java:233)
	at org.apache.ratis.thirdparty.io.grpc.stub.ClientCalls.getUnchecked(ClientCalls.java:214)
	at org.apache.ratis.thirdparty.io.grpc.stub.ClientCalls.blockingUnaryCall(ClientCalls.java:139)
	at org.apache.ratis.proto.grpc.AdminProtocolServiceGrpc$AdminProtocolServiceBlockingStub.groupManagement(AdminProtocolServiceGrpc.java:274)
	at org.apache.ratis.grpc.client.GrpcClientProtocolClient.lambda$groupAdd$3(GrpcClientProtocolClient.java:149)
	at org.apache.ratis.grpc.client.GrpcClientProtocolClient.blockingCall(GrpcClientProtocolClient.java:176)
	... 15 more
2019-09-25 08:42:47,070 [grpc-default-executor-0] INFO  impl.RaftServerProxy (RaftServerProxy.java:addNew(89)) - dd1e4894-806d-4283-b3cc-ceb649e5b26f: addNew group-EE1855C571D6:[dd1e4894-806d-4283-b3cc-ceb649e5b26f:192.168.36.126:34305] returns group-EE1855C571D6:java.util.concurrent.CompletableFuture@29194a7d[Not completed]
2019-09-25 08:42:47,639 [pool-37-thread-1] INFO  storage.RaftStorageDirectory (RaftStorageDirectory.java:tryLock(328)) - Lock on /workdir/hadoop-ozone/ozonefs/target/test-dir/MiniOzoneClusterImpl-d4f0e99b-eb79-4745-ab8c-980425c864f9/datanode-1/data/ratis/378f3a57-f8e0-4504-992b-0ece08f33e54/in_use.lock acquired by nodename 26692@pr-hdds-2174-pqx5g-486351168
2019-09-25 08:42:47,640 [pool-27-thread-1] INFO  storage.RaftStorage (RaftStorage.java:format(72)) - Storage directory /workdir/hadoop-ozone/ozonefs/target/test-dir/MiniOzoneClusterImpl-d4f0e99b-eb79-4745-ab8c-980425c864f9/datanode-0/data/ratis/88657058-b916-4602-bdd1-001a0597df89 has been successfully formatted.
2019-09-25 08:42:47,639 [pool-57-thread-1] INFO  storage.RaftStorageDirectory (RaftStorageDirectory.java:tryLock(328)) - Lock on /workdir/hadoop-ozone/ozonefs/target/test-dir/MiniOzoneClusterImpl-d4f0e99b-eb79-4745-ab8c-980425c864f9/datanode-3/data/ratis/378f3a57-f8e0-4504-992b-0ece08f33e54/in_use.lock acquired by nodename 26692@pr-hdds-2174-pqx5g-486351168
2019-09-25 08:42:47,644 [pool-27-thread-1] INFO  ratis.ContainerStateMachine (ContainerStateMachine.java:loadSnapshot(230)) - group-001A0597DF89: The snapshot info is null. Setting the last applied indexto:(t:0, i:~)
2019-09-25 08:42:47,644 [pool-27-thread-1] INFO  server.RaftServerConfigKeys (ConfUtils.java:logGet(43)) - raft.server.notification.no-leader.timeout = 120s (custom)
2019-09-25 08:42:47,647 [pool-27-thread-1] INFO  server.RaftServerConfigKeys (ConfUtils.java:logGet(43)) - raft.server.log.use.memory = false (default)
2019-09-25 08:42:47,655 [pool-27-thread-1] INFO  server.RaftServerConfigKeys (ConfUtils.java:logGet(43)) - raft.server.log.purge.gap = 1000000 (custom)
2019-09-25 08:42:47,655 [pool-27-thread-1] INFO  server.RaftServerConfigKeys (ConfUtils.java:logGet(43)) - raft.server.log.appender.buffer.byte-limit = 33554432 (custom)
2019-09-25 08:42:47,658 [pool-27-thread-1] INFO  server.RaftServerConfigKeys (ConfUtils.java:logGet(43)) - raft.server.log.segment.size.max = 1048576 (custom)
2019-09-25 08:42:47,664 [pool-27-thread-1] INFO  server.RaftServerConfigKeys (ConfUtils.java:logGet(43)) - raft.server.log.segment.cache.num.max = 2 (custom)
2019-09-25 08:42:47,671 [pool-27-thread-1] INFO  segmented.SegmentedRaftLogWorker (SegmentedRaftLogWorker.java:<init>(172)) - new 6c26676d-e3b4-4ef4-8acf-5b4b794af88e@group-001A0597DF89-SegmentedRaftLogWorker for RaftStorage:Storage Directory /workdir/hadoop-ozone/ozonefs/target/test-dir/MiniOzoneClusterImpl-d4f0e99b-eb79-4745-ab8c-980425c864f9/datanode-0/data/ratis/88657058-b916-4602-bdd1-001a0597df89
2019-09-25 08:42:47,673 [pool-27-thread-1] INFO  impl.MetricsSystemImpl (MetricsSystemImpl.java:init(158)) - ratis metrics system started (again)
2019-09-25 08:42:47,681 [pool-27-thread-1] INFO  metrics.MetricRegistries (MetricRegistriesLoader.java:load(64)) - Loaded MetricRegistries class org.apache.ratis.metrics.impl.MetricRegistriesImpl
2019-09-25 08:42:47,719 [pool-27-thread-1] INFO  server.RaftServerConfigKeys (ConfUtils.java:logGet(43)) - raft.server.log.queue.byte-limit = 2147483647 (custom)
2019-09-25 08:42:47,720 [pool-27-thread-1] INFO  server.RaftServerConfigKeys (ConfUtils.java:logGet(43)) - raft.server.log.queue.element-limit = 1024 (custom)
2019-09-25 08:42:47,723 [pool-27-thread-1] INFO  server.RaftServerConfigKeys (ConfUtils.java:logGet(43)) - raft.server.log.segment.size.max = 1048576 (custom)
2019-09-25 08:42:47,724 [pool-27-thread-1] INFO  server.RaftServerConfigKeys (ConfUtils.java:logGet(43)) - raft.server.log.preallocated.size = 16384 (custom)
2019-09-25 08:42:47,724 [pool-27-thread-1] INFO  server.RaftServerConfigKeys (ConfUtils.java:logGet(43)) - raft.server.log.write.buffer.size = 33554432 (custom)
2019-09-25 08:42:47,725 [pool-27-thread-1] INFO  server.RaftServerConfigKeys (ConfUtils.java:logGet(43)) - raft.server.log.force.sync.num = 128 (default)
2019-09-25 08:42:47,726 [pool-27-thread-1] INFO  server.RaftServerConfigKeys (ConfUtils.java:logGet(43)) - raft.server.log.statemachine.data.sync = true (default)
2019-09-25 08:42:47,726 [pool-27-thread-1] INFO  server.RaftServerConfigKeys (ConfUtils.java:logGet(43)) - raft.server.log.statemachine.data.sync.timeout = 10s (default)
2019-09-25 08:42:47,726 [pool-27-thread-1] INFO  server.RaftServerConfigKeys (ConfUtils.java:logGet(43)) - raft.server.log.statemachine.data.sync.timeout.retry = -1 (default)
2019-09-25 08:42:47,736 [pool-27-thread-1] INFO  server.RaftServerConfigKeys (ConfUtils.java:logGet(43)) - raft.server.log.statemachine.data.caching.enabled = true (custom)
2019-09-25 08:42:47,741 [pool-27-thread-1] INFO  segmented.SegmentedRaftLogWorker (SegmentedRaftLogWorker.java:lambda$new$0(132)) - 6c26676d-e3b4-4ef4-8acf-5b4b794af88e@group-001A0597DF89-SegmentedRaftLogWorker: flushIndex: setUnconditionally 0 -> -1
2019-09-25 08:42:47,745 [pool-27-thread-1] INFO  server.RaftServerConfigKeys (ConfUtils.java:logGet(43)) - raft.server.snapshot.auto.trigger.enabled = true (custom)
2019-09-25 08:42:47,746 [pool-27-thread-1] INFO  server.RaftServerConfigKeys (ConfUtils.java:logGet(43)) - raft.server.snapshot.auto.trigger.threshold = 10000 (custom)
2019-09-25 08:42:47,747 [pool-27-thread-1] INFO  server.RaftServerConfigKeys (ConfUtils.java:logGet(43)) - raft.server.snapshot.retention.num.files = 5 (custom)
2019-09-25 08:42:47,747 [pool-27-thread-1] INFO  server.RaftServerConfigKeys (ConfUtils.java:logGet(43)) - raft.server.retrycache.expirytime = 600000ms (custom)
2019-09-25 08:42:47,778 [pool-27-thread-1] INFO  impl.RaftServerImpl (RaftServerImpl.java:<init>(95)) - 6c26676d-e3b4-4ef4-8acf-5b4b794af88e: new RaftServerImpl for group-0ECE08F33E54:[b0445327-5aa8-4723-b13f-0045c06a7051:192.168.36.126:40401, dd1e4894-806d-4283-b3cc-ceb649e5b26f:192.168.36.126:34305, 6c26676d-e3b4-4ef4-8acf-5b4b794af88e:192.168.36.126:46446] with ContainerStateMachine:uninitialized
2019-09-25 08:42:47,778 [pool-27-thread-1] INFO  server.RaftServerConfigKeys (ConfUtils.java:logGet(43)) - raft.server.rpc.timeout.min = 5s (custom)
2019-09-25 08:42:47,778 [pool-27-thread-1] INFO  server.RaftServerConfigKeys (ConfUtils.java:logGet(43)) - raft.server.rpc.timeout.max = 5200ms (custom)
2019-09-25 08:42:47,778 [pool-27-thread-1] INFO  server.RaftServerConfigKeys (ConfUtils.java:logGet(43)) - raft.server.rpcslowness.timeout = 120s (custom)
2019-09-25 08:42:47,778 [pool-27-thread-1] INFO  server.RaftServerConfigKeys (ConfUtils.java:logGet(43)) - raft.server.sleep.deviation.threshold = 300 (default)
2019-09-25 08:42:47,779 [pool-27-thread-1] INFO  server.RaftServerConfigKeys (ConfUtils.java:logGet(43)) - raft.server.log.appender.install.snapshot.enabled = false (custom)
2019-09-25 08:42:47,779 [pool-27-thread-1] INFO  impl.RaftServerImpl (ServerState.java:<init>(103)) - 6c26676d-e3b4-4ef4-8acf-5b4b794af88e@group-0ECE08F33E54: ConfigurationManager, init=-1: [b0445327-5aa8-4723-b13f-0045c06a7051:192.168.36.126:40401, dd1e4894-806d-4283-b3cc-ceb649e5b26f:192.168.36.126:34305, 6c26676d-e3b4-4ef4-8acf-5b4b794af88e:192.168.36.126:46446], old=null, confs=<EMPTY_MAP>
2019-09-25 08:42:47,779 [pool-27-thread-1] INFO  server.RaftServerConfigKeys (ConfUtils.java:logGet(43)) - raft.server.storage.dir = [/workdir/hadoop-ozone/ozonefs/target/test-dir/MiniOzoneClusterImpl-d4f0e99b-eb79-4745-ab8c-980425c864f9/datanode-0/data/ratis] (custom)
2019-09-25 08:42:47,779 [pool-27-thread-1] INFO  storage.RaftStorageDirectory (RaftStorageDirectory.java:analyzeStorage(246)) - The storage directory /workdir/hadoop-ozone/ozonefs/target/test-dir/MiniOzoneClusterImpl-d4f0e99b-eb79-4745-ab8c-980425c864f9/datanode-0/data/ratis/378f3a57-f8e0-4504-992b-0ece08f33e54 does not exist. Creating ...
2019-09-25 08:42:50,053 [RATISCREATEPIPELINE1] ERROR pipeline.RatisPipelineProvider (RatisPipelineProvider.java:lambda$null$5(235)) - Failed invoke Ratis rpc org.apache.hadoop.hdds.scm.pipeline.RatisPipelineProvider$$Lambda$204/1036677512@30857eaa for dd1e4894-806d-4283-b3cc-ceb649e5b26f
org.apache.ratis.protocol.TimeoutIOException: deadline exceeded after 2999659764ns
	at org.apache.ratis.grpc.GrpcUtil.tryUnwrapException(GrpcUtil.java:82)
	at org.apache.ratis.grpc.GrpcUtil.unwrapException(GrpcUtil.java:75)
	at org.apache.ratis.grpc.client.GrpcClientProtocolClient.blockingCall(GrpcClientProtocolClient.java:178)
	at org.apache.ratis.grpc.client.GrpcClientProtocolClient.groupAdd(GrpcClientProtocolClient.java:147)
	at org.apache.ratis.grpc.client.GrpcClientRpc.sendRequest(GrpcClientRpc.java:94)
	at org.apache.ratis.client.impl.RaftClientImpl.sendRequest(RaftClientImpl.java:278)
	at org.apache.ratis.client.impl.RaftClientImpl.groupAdd(RaftClientImpl.java:205)
	at org.apache.hadoop.hdds.scm.pipeline.RatisPipelineProvider.lambda$initializePipeline$4(RatisPipelineProvider.java:196)
	at org.apache.hadoop.hdds.scm.pipeline.RatisPipelineProvider.lambda$null$5(RatisPipelineProvider.java:231)
	at java.util.stream.ForEachOps$ForEachOp$OfRef.accept(ForEachOps.java:184)
	at java.util.ArrayList$ArrayListSpliterator.forEachRemaining(ArrayList.java:1382)
	at java.util.stream.AbstractPipeline.copyInto(AbstractPipeline.java:482)
	at java.util.stream.ForEachOps$ForEachTask.compute(ForEachOps.java:291)
	at java.util.concurrent.CountedCompleter.exec(CountedCompleter.java:731)
	at java.util.concurrent.ForkJoinTask.doExec(ForkJoinTask.java:289)
	at java.util.concurrent.ForkJoinTask.doInvoke(ForkJoinTask.java:401)
	at java.util.concurrent.ForkJoinTask.invoke(ForkJoinTask.java:734)
	at java.util.stream.ForEachOps$ForEachOp.evaluateParallel(ForEachOps.java:160)
	at java.util.stream.ForEachOps$ForEachOp$OfRef.evaluateParallel(ForEachOps.java:174)
	at java.util.stream.AbstractPipeline.evaluate(AbstractPipeline.java:233)
	at java.util.stream.ReferencePipeline.forEach(ReferencePipeline.java:418)
	at java.util.stream.ReferencePipeline$Head.forEach(ReferencePipeline.java:583)
	at org.apache.hadoop.hdds.scm.pipeline.RatisPipelineProvider.lambda$callRatisRpc$6(RatisPipelineProvider.java:225)
	at java.util.concurrent.ForkJoinTask$AdaptedRunnableAction.exec(ForkJoinTask.java:1386)
	at java.util.concurrent.ForkJoinTask.doExec(ForkJoinTask.java:289)
	at java.util.concurrent.ForkJoinPool$WorkQueue.runTask(ForkJoinPool.java:1056)
	at java.util.concurrent.ForkJoinPool.runWorker(ForkJoinPool.java:1692)
	at java.util.concurrent.ForkJoinWorkerThread.run(ForkJoinWorkerThread.java:157)
Caused by: org.apache.ratis.thirdparty.io.grpc.StatusRuntimeException: DEADLINE_EXCEEDED: deadline exceeded after 2999659764ns
	at org.apache.ratis.thirdparty.io.grpc.stub.ClientCalls.toStatusRuntimeException(ClientCalls.java:233)
	at org.apache.ratis.thirdparty.io.grpc.stub.ClientCalls.getUnchecked(ClientCalls.java:214)
	at org.apache.ratis.thirdparty.io.grpc.stub.ClientCalls.blockingUnaryCall(ClientCalls.java:139)
	at org.apache.ratis.proto.grpc.AdminProtocolServiceGrpc$AdminProtocolServiceBlockingStub.groupManagement(AdminProtocolServiceGrpc.java:274)
	at org.apache.ratis.grpc.client.GrpcClientProtocolClient.lambda$groupAdd$3(GrpcClientProtocolClient.java:149)
	at org.apache.ratis.grpc.client.GrpcClientProtocolClient.blockingCall(GrpcClientProtocolClient.java:176)
	... 25 more
2019-09-25 08:42:50,112 [grpc-default-executor-0] INFO  impl.RaftServerProxy (RaftServerProxy.java:addNew(89)) - dd1e4894-806d-4283-b3cc-ceb649e5b26f: addNew group-FA53BD1D2530:[b0445327-5aa8-4723-b13f-0045c06a7051:192.168.36.126:40401, dd1e4894-806d-4283-b3cc-ceb649e5b26f:192.168.36.126:34305, 6c26676d-e3b4-4ef4-8acf-5b4b794af88e:192.168.36.126:46446] returns group-FA53BD1D2530:java.util.concurrent.CompletableFuture@229623aa[Not completed]
2019-09-25 08:42:50,115 [grpc-default-executor-1] INFO  impl.RaftServerProxy (RaftServerProxy.java:addNew(89)) - b0445327-5aa8-4723-b13f-0045c06a7051: addNew group-FA53BD1D2530:[b0445327-5aa8-4723-b13f-0045c06a7051:192.168.36.126:40401, dd1e4894-806d-4283-b3cc-ceb649e5b26f:192.168.36.126:34305, 6c26676d-e3b4-4ef4-8acf-5b4b794af88e:192.168.36.126:46446] returns group-FA53BD1D2530:java.util.concurrent.CompletableFuture@551c8eff[Not completed]
2019-09-25 08:42:50,115 [grpc-default-executor-0] INFO  impl.RaftServerProxy (RaftServerProxy.java:addNew(89)) - 6c26676d-e3b4-4ef4-8acf-5b4b794af88e: addNew group-FA53BD1D2530:[b0445327-5aa8-4723-b13f-0045c06a7051:192.168.36.126:40401, dd1e4894-806d-4283-b3cc-ceb649e5b26f:192.168.36.126:34305, 6c26676d-e3b4-4ef4-8acf-5b4b794af88e:192.168.36.126:46446] returns group-FA53BD1D2530:java.util.concurrent.CompletableFuture@5e16b8a6[Not completed]
2019-09-25 08:42:52,732 [pool-27-thread-1] INFO  storage.RaftStorageDirectory (RaftStorageDirectory.java:tryLock(328)) - Lock on /workdir/hadoop-ozone/ozonefs/target/test-dir/MiniOzoneClusterImpl-d4f0e99b-eb79-4745-ab8c-980425c864f9/datanode-0/data/ratis/378f3a57-f8e0-4504-992b-0ece08f33e54/in_use.lock acquired by nodename 26692@pr-hdds-2174-pqx5g-486351168
2019-09-25 08:42:52,732 [pool-57-thread-1] INFO  storage.RaftStorage (RaftStorage.java:format(72)) - Storage directory /workdir/hadoop-ozone/ozonefs/target/test-dir/MiniOzoneClusterImpl-d4f0e99b-eb79-4745-ab8c-980425c864f9/datanode-3/data/ratis/378f3a57-f8e0-4504-992b-0ece08f33e54 has been successfully formatted.
2019-09-25 08:42:52,732 [pool-37-thread-1] INFO  storage.RaftStorage (RaftStorage.java:format(72)) - Storage directory /workdir/hadoop-ozone/ozonefs/target/test-dir/MiniOzoneClusterImpl-d4f0e99b-eb79-4745-ab8c-980425c864f9/datanode-1/data/ratis/378f3a57-f8e0-4504-992b-0ece08f33e54 has been successfully formatted.
2019-09-25 08:42:52,736 [pool-57-thread-1] INFO  ratis.ContainerStateMachine (ContainerStateMachine.java:loadSnapshot(230)) - group-0ECE08F33E54: The snapshot info is null. Setting the last applied indexto:(t:0, i:~)
2019-09-25 08:42:52,736 [pool-37-thread-1] INFO  ratis.ContainerStateMachine (ContainerStateMachine.java:loadSnapshot(230)) - group-0ECE08F33E54: The snapshot info is null. Setting the last applied indexto:(t:0, i:~)
2019-09-25 08:42:52,739 [pool-57-thread-1] INFO  server.RaftServerConfigKeys (ConfUtils.java:logGet(43)) - raft.server.notification.no-leader.timeout = 120s (custom)
2019-09-25 08:42:52,739 [pool-37-thread-1] INFO  server.RaftServerConfigKeys (ConfUtils.java:logGet(43)) - raft.server.notification.no-leader.timeout = 120s (custom)
2019-09-25 08:42:52,739 [pool-57-thread-1] INFO  server.RaftServerConfigKeys (ConfUtils.java:logGet(43)) - raft.server.log.use.memory = false (default)
2019-09-25 08:42:52,739 [pool-37-thread-1] INFO  server.RaftServerConfigKeys (ConfUtils.java:logGet(43)) - raft.server.log.use.memory = false (default)
2019-09-25 08:42:52,740 [pool-57-thread-1] INFO  server.RaftServerConfigKeys (ConfUtils.java:logGet(43)) - raft.server.log.purge.gap = 1000000 (custom)
2019-09-25 08:42:52,740 [pool-37-thread-1] INFO  server.RaftServerConfigKeys (ConfUtils.java:logGet(43)) - raft.server.log.purge.gap = 1000000 (custom)
2019-09-25 08:42:52,740 [pool-57-thread-1] INFO  server.RaftServerConfigKeys (ConfUtils.java:logGet(43)) - raft.server.log.appender.buffer.byte-limit = 33554432 (custom)
2019-09-25 08:42:52,740 [pool-37-thread-1] INFO  server.RaftServerConfigKeys (ConfUtils.java:logGet(43)) - raft.server.log.appender.buffer.byte-limit = 33554432 (custom)
2019-09-25 08:42:52,741 [pool-57-thread-1] INFO  server.RaftServerConfigKeys (ConfUtils.java:logGet(43)) - raft.server.log.segment.size.max = 1048576 (custom)
2019-09-25 08:42:52,741 [pool-37-thread-1] INFO  server.RaftServerConfigKeys (ConfUtils.java:logGet(43)) - raft.server.log.segment.size.max = 1048576 (custom)
2019-09-25 08:42:52,741 [pool-57-thread-1] INFO  server.RaftServerConfigKeys (ConfUtils.java:logGet(43)) - raft.server.log.segment.cache.num.max = 2 (custom)
2019-09-25 08:42:52,741 [pool-37-thread-1] INFO  server.RaftServerConfigKeys (ConfUtils.java:logGet(43)) - raft.server.log.segment.cache.num.max = 2 (custom)
2019-09-25 08:42:52,742 [pool-57-thread-1] INFO  segmented.SegmentedRaftLogWorker (SegmentedRaftLogWorker.java:<init>(172)) - new dd1e4894-806d-4283-b3cc-ceb649e5b26f@group-0ECE08F33E54-SegmentedRaftLogWorker for RaftStorage:Storage Directory /workdir/hadoop-ozone/ozonefs/target/test-dir/MiniOzoneClusterImpl-d4f0e99b-eb79-4745-ab8c-980425c864f9/datanode-3/data/ratis/378f3a57-f8e0-4504-992b-0ece08f33e54
2019-09-25 08:42:52,743 [pool-37-thread-1] INFO  segmented.SegmentedRaftLogWorker (SegmentedRaftLogWorker.java:<init>(172)) - new b0445327-5aa8-4723-b13f-0045c06a7051@group-0ECE08F33E54-SegmentedRaftLogWorker for RaftStorage:Storage Directory /workdir/hadoop-ozone/ozonefs/target/test-dir/MiniOzoneClusterImpl-d4f0e99b-eb79-4745-ab8c-980425c864f9/datanode-1/data/ratis/378f3a57-f8e0-4504-992b-0ece08f33e54
2019-09-25 08:42:52,786 [pool-37-thread-1] INFO  server.RaftServerConfigKeys (ConfUtils.java:logGet(43)) - raft.server.log.queue.byte-limit = 2147483647 (custom)
2019-09-25 08:42:52,786 [pool-37-thread-1] INFO  server.RaftServerConfigKeys (ConfUtils.java:logGet(43)) - raft.server.log.queue.element-limit = 1024 (custom)
2019-09-25 08:42:52,786 [pool-57-thread-1] INFO  server.RaftServerConfigKeys (ConfUtils.java:logGet(43)) - raft.server.log.queue.byte-limit = 2147483647 (custom)
2019-09-25 08:42:52,787 [pool-37-thread-1] INFO  server.RaftServerConfigKeys (ConfUtils.java:logGet(43)) - raft.server.log.segment.size.max = 1048576 (custom)
2019-09-25 08:42:52,787 [pool-57-thread-1] INFO  server.RaftServerConfigKeys (ConfUtils.java:logGet(43)) - raft.server.log.queue.element-limit = 1024 (custom)
2019-09-25 08:42:52,787 [pool-37-thread-1] INFO  server.RaftServerConfigKeys (ConfUtils.java:logGet(43)) - raft.server.log.preallocated.size = 16384 (custom)
2019-09-25 08:42:52,787 [pool-57-thread-1] INFO  server.RaftServerConfigKeys (ConfUtils.java:logGet(43)) - raft.server.log.segment.size.max = 1048576 (custom)
2019-09-25 08:42:52,787 [pool-37-thread-1] INFO  server.RaftServerConfigKeys (ConfUtils.java:logGet(43)) - raft.server.log.write.buffer.size = 33554432 (custom)
2019-09-25 08:42:52,788 [pool-57-thread-1] INFO  server.RaftServerConfigKeys (ConfUtils.java:logGet(43)) - raft.server.log.preallocated.size = 16384 (custom)
2019-09-25 08:42:52,788 [pool-37-thread-1] INFO  server.RaftServerConfigKeys (ConfUtils.java:logGet(43)) - raft.server.log.force.sync.num = 128 (default)
2019-09-25 08:42:52,788 [pool-57-thread-1] INFO  server.RaftServerConfigKeys (ConfUtils.java:logGet(43)) - raft.server.log.write.buffer.size = 33554432 (custom)
2019-09-25 08:42:52,788 [pool-37-thread-1] INFO  server.RaftServerConfigKeys (ConfUtils.java:logGet(43)) - raft.server.log.statemachine.data.sync = true (default)
2019-09-25 08:42:52,788 [pool-57-thread-1] INFO  server.RaftServerConfigKeys (ConfUtils.java:logGet(43)) - raft.server.log.force.sync.num = 128 (default)
2019-09-25 08:42:52,789 [pool-37-thread-1] INFO  server.RaftServerConfigKeys (ConfUtils.java:logGet(43)) - raft.server.log.statemachine.data.sync.timeout = 10s (default)
2019-09-25 08:42:52,789 [pool-57-thread-1] INFO  server.RaftServerConfigKeys (ConfUtils.java:logGet(43)) - raft.server.log.statemachine.data.sync = true (default)
2019-09-25 08:42:52,789 [pool-37-thread-1] INFO  server.RaftServerConfigKeys (ConfUtils.java:logGet(43)) - raft.server.log.statemachine.data.sync.timeout.retry = -1 (default)
2019-09-25 08:42:52,789 [pool-57-thread-1] INFO  server.RaftServerConfigKeys (ConfUtils.java:logGet(43)) - raft.server.log.statemachine.data.sync.timeout = 10s (default)
2019-09-25 08:42:52,789 [pool-57-thread-1] INFO  server.RaftServerConfigKeys (ConfUtils.java:logGet(43)) - raft.server.log.statemachine.data.sync.timeout.retry = -1 (default)
2019-09-25 08:42:52,790 [pool-37-thread-1] INFO  server.RaftServerConfigKeys (ConfUtils.java:logGet(43)) - raft.server.log.statemachine.data.caching.enabled = true (custom)
2019-09-25 08:42:52,790 [pool-57-thread-1] INFO  server.RaftServerConfigKeys (ConfUtils.java:logGet(43)) - raft.server.log.statemachine.data.caching.enabled = true (custom)
2019-09-25 08:42:52,790 [pool-37-thread-1] INFO  segmented.SegmentedRaftLogWorker (SegmentedRaftLogWorker.java:lambda$new$0(132)) - b0445327-5aa8-4723-b13f-0045c06a7051@group-0ECE08F33E54-SegmentedRaftLogWorker: flushIndex: setUnconditionally 0 -> -1
2019-09-25 08:42:52,790 [pool-57-thread-1] INFO  segmented.SegmentedRaftLogWorker (SegmentedRaftLogWorker.java:lambda$new$0(132)) - dd1e4894-806d-4283-b3cc-ceb649e5b26f@group-0ECE08F33E54-SegmentedRaftLogWorker: flushIndex: setUnconditionally 0 -> -1
2019-09-25 08:42:52,791 [pool-37-thread-1] INFO  server.RaftServerConfigKeys (ConfUtils.java:logGet(43)) - raft.server.snapshot.auto.trigger.enabled = true (custom)
2019-09-25 08:42:52,791 [pool-57-thread-1] INFO  server.RaftServerConfigKeys (ConfUtils.java:logGet(43)) - raft.server.snapshot.auto.trigger.enabled = true (custom)
2019-09-25 08:42:52,791 [pool-37-thread-1] INFO  server.RaftServerConfigKeys (ConfUtils.java:logGet(43)) - raft.server.snapshot.auto.trigger.threshold = 10000 (custom)
2019-09-25 08:42:52,791 [pool-57-thread-1] INFO  server.RaftServerConfigKeys (ConfUtils.java:logGet(43)) - raft.server.snapshot.auto.trigger.threshold = 10000 (custom)
2019-09-25 08:42:52,791 [pool-37-thread-1] INFO  server.RaftServerConfigKeys (ConfUtils.java:logGet(43)) - raft.server.snapshot.retention.num.files = 5 (custom)
2019-09-25 08:42:52,792 [pool-57-thread-1] INFO  server.RaftServerConfigKeys (ConfUtils.java:logGet(43)) - raft.server.snapshot.retention.num.files = 5 (custom)
2019-09-25 08:42:52,792 [pool-37-thread-1] INFO  server.RaftServerConfigKeys (ConfUtils.java:logGet(43)) - raft.server.retrycache.expirytime = 600000ms (custom)
2019-09-25 08:42:52,792 [pool-57-thread-1] INFO  server.RaftServerConfigKeys (ConfUtils.java:logGet(43)) - raft.server.retrycache.expirytime = 600000ms (custom)
2019-09-25 08:42:52,802 [pool-37-thread-1] INFO  impl.RaftServerImpl (RaftServerImpl.java:<init>(95)) - b0445327-5aa8-4723-b13f-0045c06a7051: new RaftServerImpl for group-FA53BD1D2530:[b0445327-5aa8-4723-b13f-0045c06a7051:192.168.36.126:40401, dd1e4894-806d-4283-b3cc-ceb649e5b26f:192.168.36.126:34305, 6c26676d-e3b4-4ef4-8acf-5b4b794af88e:192.168.36.126:46446] with ContainerStateMachine:uninitialized
2019-09-25 08:42:52,803 [pool-37-thread-1] INFO  server.RaftServerConfigKeys (ConfUtils.java:logGet(43)) - raft.server.rpc.timeout.min = 5s (custom)
2019-09-25 08:42:52,803 [pool-37-thread-1] INFO  server.RaftServerConfigKeys (ConfUtils.java:logGet(43)) - raft.server.rpc.timeout.max = 5200ms (custom)
2019-09-25 08:42:52,803 [pool-37-thread-1] INFO  server.RaftServerConfigKeys (ConfUtils.java:logGet(43)) - raft.server.rpcslowness.timeout = 120s (custom)
2019-09-25 08:42:52,803 [pool-37-thread-1] INFO  server.RaftServerConfigKeys (ConfUtils.java:logGet(43)) - raft.server.sleep.deviation.threshold = 300 (default)
2019-09-25 08:42:52,804 [pool-37-thread-1] INFO  server.RaftServerConfigKeys (ConfUtils.java:logGet(43)) - raft.server.log.appender.install.snapshot.enabled = false (custom)
2019-09-25 08:42:52,804 [pool-37-thread-1] INFO  impl.RaftServerImpl (ServerState.java:<init>(103)) - b0445327-5aa8-4723-b13f-0045c06a7051@group-FA53BD1D2530: ConfigurationManager, init=-1: [b0445327-5aa8-4723-b13f-0045c06a7051:192.168.36.126:40401, dd1e4894-806d-4283-b3cc-ceb649e5b26f:192.168.36.126:34305, 6c26676d-e3b4-4ef4-8acf-5b4b794af88e:192.168.36.126:46446], old=null, confs=<EMPTY_MAP>
2019-09-25 08:42:52,804 [pool-37-thread-1] INFO  server.RaftServerConfigKeys (ConfUtils.java:logGet(43)) - raft.server.storage.dir = [/workdir/hadoop-ozone/ozonefs/target/test-dir/MiniOzoneClusterImpl-d4f0e99b-eb79-4745-ab8c-980425c864f9/datanode-1/data/ratis] (custom)
2019-09-25 08:42:52,804 [pool-57-thread-1] INFO  impl.RaftServerImpl (RaftServerImpl.java:<init>(95)) - dd1e4894-806d-4283-b3cc-ceb649e5b26f: new RaftServerImpl for group-EE1855C571D6:[dd1e4894-806d-4283-b3cc-ceb649e5b26f:192.168.36.126:34305] with ContainerStateMachine:uninitialized
2019-09-25 08:42:52,805 [pool-57-thread-1] INFO  server.RaftServerConfigKeys (ConfUtils.java:logGet(43)) - raft.server.rpc.timeout.min = 5s (custom)
2019-09-25 08:42:52,805 [pool-37-thread-1] INFO  storage.RaftStorageDirectory (RaftStorageDirectory.java:analyzeStorage(246)) - The storage directory /workdir/hadoop-ozone/ozonefs/target/test-dir/MiniOzoneClusterImpl-d4f0e99b-eb79-4745-ab8c-980425c864f9/datanode-1/data/ratis/ba598f30-7202-4a77-9026-fa53bd1d2530 does not exist. Creating ...
2019-09-25 08:42:52,805 [pool-57-thread-1] INFO  server.RaftServerConfigKeys (ConfUtils.java:logGet(43)) - raft.server.rpc.timeout.max = 5200ms (custom)
2019-09-25 08:42:52,805 [pool-57-thread-1] INFO  server.RaftServerConfigKeys (ConfUtils.java:logGet(43)) - raft.server.rpcslowness.timeout = 120s (custom)
2019-09-25 08:42:52,806 [pool-57-thread-1] INFO  server.RaftServerConfigKeys (ConfUtils.java:logGet(43)) - raft.server.sleep.deviation.threshold = 300 (default)
2019-09-25 08:42:52,806 [pool-57-thread-1] INFO  server.RaftServerConfigKeys (ConfUtils.java:logGet(43)) - raft.server.log.appender.install.snapshot.enabled = false (custom)
2019-09-25 08:42:52,806 [pool-57-thread-1] INFO  impl.RaftServerImpl (ServerState.java:<init>(103)) - dd1e4894-806d-4283-b3cc-ceb649e5b26f@group-EE1855C571D6: ConfigurationManager, init=-1: [dd1e4894-806d-4283-b3cc-ceb649e5b26f:192.168.36.126:34305], old=null, confs=<EMPTY_MAP>
2019-09-25 08:42:52,806 [pool-57-thread-1] INFO  server.RaftServerConfigKeys (ConfUtils.java:logGet(43)) - raft.server.storage.dir = [/workdir/hadoop-ozone/ozonefs/target/test-dir/MiniOzoneClusterImpl-d4f0e99b-eb79-4745-ab8c-980425c864f9/datanode-3/data/ratis] (custom)
2019-09-25 08:42:52,807 [pool-57-thread-1] INFO  storage.RaftStorageDirectory (RaftStorageDirectory.java:analyzeStorage(246)) - The storage directory /workdir/hadoop-ozone/ozonefs/target/test-dir/MiniOzoneClusterImpl-d4f0e99b-eb79-4745-ab8c-980425c864f9/datanode-3/data/ratis/4a93f726-0950-4949-826b-ee1855c571d6 does not exist. Creating ...
2019-09-25 08:42:52,944 [pool-57-thread-1] INFO  storage.RaftStorageDirectory (RaftStorageDirectory.java:tryLock(328)) - Lock on /workdir/hadoop-ozone/ozonefs/target/test-dir/MiniOzoneClusterImpl-d4f0e99b-eb79-4745-ab8c-980425c864f9/datanode-3/data/ratis/4a93f726-0950-4949-826b-ee1855c571d6/in_use.lock acquired by nodename 26692@pr-hdds-2174-pqx5g-486351168
2019-09-25 08:42:52,944 [pool-27-thread-1] INFO  storage.RaftStorage (RaftStorage.java:format(72)) - Storage directory /workdir/hadoop-ozone/ozonefs/target/test-dir/MiniOzoneClusterImpl-d4f0e99b-eb79-4745-ab8c-980425c864f9/datanode-0/data/ratis/378f3a57-f8e0-4504-992b-0ece08f33e54 has been successfully formatted.
2019-09-25 08:42:52,944 [pool-37-thread-1] INFO  storage.RaftStorageDirectory (RaftStorageDirectory.java:tryLock(328)) - Lock on /workdir/hadoop-ozone/ozonefs/target/test-dir/MiniOzoneClusterImpl-d4f0e99b-eb79-4745-ab8c-980425c864f9/datanode-1/data/ratis/ba598f30-7202-4a77-9026-fa53bd1d2530/in_use.lock acquired by nodename 26692@pr-hdds-2174-pqx5g-486351168
2019-09-25 08:42:52,945 [pool-27-thread-1] INFO  ratis.ContainerStateMachine (ContainerStateMachine.java:loadSnapshot(230)) - group-0ECE08F33E54: The snapshot info is null. Setting the last applied indexto:(t:0, i:~)
2019-09-25 08:42:52,946 [pool-27-thread-1] INFO  server.RaftServerConfigKeys (ConfUtils.java:logGet(43)) - raft.server.notification.no-leader.timeout = 120s (custom)
2019-09-25 08:42:52,946 [pool-27-thread-1] INFO  server.RaftServerConfigKeys (ConfUtils.java:logGet(43)) - raft.server.log.use.memory = false (default)
2019-09-25 08:42:52,946 [pool-27-thread-1] INFO  server.RaftServerConfigKeys (ConfUtils.java:logGet(43)) - raft.server.log.purge.gap = 1000000 (custom)
2019-09-25 08:42:52,947 [pool-27-thread-1] INFO  server.RaftServerConfigKeys (ConfUtils.java:logGet(43)) - raft.server.log.appender.buffer.byte-limit = 33554432 (custom)
2019-09-25 08:42:52,947 [pool-27-thread-1] INFO  server.RaftServerConfigKeys (ConfUtils.java:logGet(43)) - raft.server.log.segment.size.max = 1048576 (custom)
2019-09-25 08:42:52,947 [pool-27-thread-1] INFO  server.RaftServerConfigKeys (ConfUtils.java:logGet(43)) - raft.server.log.segment.cache.num.max = 2 (custom)
2019-09-25 08:42:52,947 [pool-27-thread-1] INFO  segmented.SegmentedRaftLogWorker (SegmentedRaftLogWorker.java:<init>(172)) - new 6c26676d-e3b4-4ef4-8acf-5b4b794af88e@group-0ECE08F33E54-SegmentedRaftLogWorker for RaftStorage:Storage Directory /workdir/hadoop-ozone/ozonefs/target/test-dir/MiniOzoneClusterImpl-d4f0e99b-eb79-4745-ab8c-980425c864f9/datanode-0/data/ratis/378f3a57-f8e0-4504-992b-0ece08f33e54
2019-09-25 08:42:52,948 [pool-27-thread-1] INFO  server.RaftServerConfigKeys (ConfUtils.java:logGet(43)) - raft.server.log.queue.byte-limit = 2147483647 (custom)
2019-09-25 08:42:52,948 [pool-27-thread-1] INFO  server.RaftServerConfigKeys (ConfUtils.java:logGet(43)) - raft.server.log.queue.element-limit = 1024 (custom)
2019-09-25 08:42:52,948 [pool-27-thread-1] INFO  server.RaftServerConfigKeys (ConfUtils.java:logGet(43)) - raft.server.log.segment.size.max = 1048576 (custom)
2019-09-25 08:42:52,948 [pool-27-thread-1] INFO  server.RaftServerConfigKeys (ConfUtils.java:logGet(43)) - raft.server.log.preallocated.size = 16384 (custom)
2019-09-25 08:42:52,949 [pool-27-thread-1] INFO  server.RaftServerConfigKeys (ConfUtils.java:logGet(43)) - raft.server.log.write.buffer.size = 33554432 (custom)
2019-09-25 08:42:52,949 [pool-27-thread-1] INFO  server.RaftServerConfigKeys (ConfUtils.java:logGet(43)) - raft.server.log.force.sync.num = 128 (default)
2019-09-25 08:42:52,949 [pool-27-thread-1] INFO  server.RaftServerConfigKeys (ConfUtils.java:logGet(43)) - raft.server.log.statemachine.data.sync = true (default)
2019-09-25 08:42:52,949 [pool-27-thread-1] INFO  server.RaftServerConfigKeys (ConfUtils.java:logGet(43)) - raft.server.log.statemachine.data.sync.timeout = 10s (default)
2019-09-25 08:42:52,949 [pool-27-thread-1] INFO  server.RaftServerConfigKeys (ConfUtils.java:logGet(43)) - raft.server.log.statemachine.data.sync.timeout.retry = -1 (default)
2019-09-25 08:42:52,950 [pool-27-thread-1] INFO  server.RaftServerConfigKeys (ConfUtils.java:logGet(43)) - raft.server.log.statemachine.data.caching.enabled = true (custom)
2019-09-25 08:42:52,950 [pool-27-thread-1] INFO  segmented.SegmentedRaftLogWorker (SegmentedRaftLogWorker.java:lambda$new$0(132)) - 6c26676d-e3b4-4ef4-8acf-5b4b794af88e@group-0ECE08F33E54-SegmentedRaftLogWorker: flushIndex: setUnconditionally 0 -> -1
2019-09-25 08:42:52,951 [pool-27-thread-1] INFO  server.RaftServerConfigKeys (ConfUtils.java:logGet(43)) - raft.server.snapshot.auto.trigger.enabled = true (custom)
2019-09-25 08:42:52,951 [pool-27-thread-1] INFO  server.RaftServerConfigKeys (ConfUtils.java:logGet(43)) - raft.server.snapshot.auto.trigger.threshold = 10000 (custom)
2019-09-25 08:42:52,951 [pool-27-thread-1] INFO  server.RaftServerConfigKeys (ConfUtils.java:logGet(43)) - raft.server.snapshot.retention.num.files = 5 (custom)
2019-09-25 08:42:52,951 [pool-27-thread-1] INFO  server.RaftServerConfigKeys (ConfUtils.java:logGet(43)) - raft.server.retrycache.expirytime = 600000ms (custom)
2019-09-25 08:42:52,958 [pool-27-thread-1] INFO  impl.RaftServerImpl (RaftServerImpl.java:start(185)) - 6c26676d-e3b4-4ef4-8acf-5b4b794af88e@group-001A0597DF89: start as a follower, conf=-1: [6c26676d-e3b4-4ef4-8acf-5b4b794af88e:192.168.36.126:46446], old=null
2019-09-25 08:42:52,961 [pool-27-thread-1] INFO  impl.RaftServerImpl (RaftServerImpl.java:setRole(174)) - 6c26676d-e3b4-4ef4-8acf-5b4b794af88e@group-001A0597DF89: changes role from      null to FOLLOWER at term 0 for startAsFollower
2019-09-25 08:42:52,963 [pool-27-thread-1] INFO  impl.RoleInfo (RoleInfo.java:updateAndGet(143)) - 6c26676d-e3b4-4ef4-8acf-5b4b794af88e: start FollowerState
2019-09-25 08:42:52,982 [pool-27-thread-1] INFO  util.JmxRegister (JmxRegister.java:tryRegister(44)) - Successfully registered JMX Bean with object name Ratis:service=RaftServer,group=group-001A0597DF89,id=6c26676d-e3b4-4ef4-8acf-5b4b794af88e
2019-09-25 08:42:52,999 [pool-27-thread-1] INFO  impl.RaftServerImpl (RaftServerImpl.java:<init>(95)) - 6c26676d-e3b4-4ef4-8acf-5b4b794af88e: new RaftServerImpl for group-FA53BD1D2530:[b0445327-5aa8-4723-b13f-0045c06a7051:192.168.36.126:40401, dd1e4894-806d-4283-b3cc-ceb649e5b26f:192.168.36.126:34305, 6c26676d-e3b4-4ef4-8acf-5b4b794af88e:192.168.36.126:46446] with ContainerStateMachine:uninitialized
2019-09-25 08:42:52,999 [pool-27-thread-1] INFO  server.RaftServerConfigKeys (ConfUtils.java:logGet(43)) - raft.server.rpc.timeout.min = 5s (custom)
2019-09-25 08:42:52,999 [pool-27-thread-1] INFO  server.RaftServerConfigKeys (ConfUtils.java:logGet(43)) - raft.server.rpc.timeout.max = 5200ms (custom)
2019-09-25 08:42:53,000 [pool-27-thread-1] INFO  server.RaftServerConfigKeys (ConfUtils.java:logGet(43)) - raft.server.rpcslowness.timeout = 120s (custom)
2019-09-25 08:42:53,000 [pool-27-thread-1] INFO  server.RaftServerConfigKeys (ConfUtils.java:logGet(43)) - raft.server.sleep.deviation.threshold = 300 (default)
2019-09-25 08:42:53,000 [pool-27-thread-1] INFO  server.RaftServerConfigKeys (ConfUtils.java:logGet(43)) - raft.server.log.appender.install.snapshot.enabled = false (custom)
2019-09-25 08:42:53,000 [pool-27-thread-1] INFO  impl.RaftServerImpl (ServerState.java:<init>(103)) - 6c26676d-e3b4-4ef4-8acf-5b4b794af88e@group-FA53BD1D2530: ConfigurationManager, init=-1: [b0445327-5aa8-4723-b13f-0045c06a7051:192.168.36.126:40401, dd1e4894-806d-4283-b3cc-ceb649e5b26f:192.168.36.126:34305, 6c26676d-e3b4-4ef4-8acf-5b4b794af88e:192.168.36.126:46446], old=null, confs=<EMPTY_MAP>
2019-09-25 08:42:53,000 [pool-27-thread-1] INFO  server.RaftServerConfigKeys (ConfUtils.java:logGet(43)) - raft.server.storage.dir = [/workdir/hadoop-ozone/ozonefs/target/test-dir/MiniOzoneClusterImpl-d4f0e99b-eb79-4745-ab8c-980425c864f9/datanode-0/data/ratis] (custom)
2019-09-25 08:42:53,001 [pool-27-thread-1] INFO  storage.RaftStorageDirectory (RaftStorageDirectory.java:analyzeStorage(246)) - The storage directory /workdir/hadoop-ozone/ozonefs/target/test-dir/MiniOzoneClusterImpl-d4f0e99b-eb79-4745-ab8c-980425c864f9/datanode-0/data/ratis/ba598f30-7202-4a77-9026-fa53bd1d2530 does not exist. Creating ...
2019-09-25 08:42:53,070 [RATISCREATEPIPELINE1] ERROR pipeline.RatisPipelineProvider (RatisPipelineProvider.java:lambda$null$5(235)) - Failed invoke Ratis rpc org.apache.hadoop.hdds.scm.pipeline.RatisPipelineProvider$$Lambda$204/1036677512@4ea70ae7 for b0445327-5aa8-4723-b13f-0045c06a7051
org.apache.ratis.protocol.TimeoutIOException: deadline exceeded after 2999708592ns
	at org.apache.ratis.grpc.GrpcUtil.tryUnwrapException(GrpcUtil.java:82)
	at org.apache.ratis.grpc.GrpcUtil.unwrapException(GrpcUtil.java:75)
	at org.apache.ratis.grpc.client.GrpcClientProtocolClient.blockingCall(GrpcClientProtocolClient.java:178)
	at org.apache.ratis.grpc.client.GrpcClientProtocolClient.groupAdd(GrpcClientProtocolClient.java:147)
	at org.apache.ratis.grpc.client.GrpcClientRpc.sendRequest(GrpcClientRpc.java:94)
	at org.apache.ratis.client.impl.RaftClientImpl.sendRequest(RaftClientImpl.java:278)
	at org.apache.ratis.client.impl.RaftClientImpl.groupAdd(RaftClientImpl.java:205)
	at org.apache.hadoop.hdds.scm.pipeline.RatisPipelineProvider.lambda$initializePipeline$4(RatisPipelineProvider.java:196)
	at org.apache.hadoop.hdds.scm.pipeline.RatisPipelineProvider.lambda$null$5(RatisPipelineProvider.java:231)
	at java.util.stream.ForEachOps$ForEachOp$OfRef.accept(ForEachOps.java:184)
	at java.util.ArrayList$ArrayListSpliterator.forEachRemaining(ArrayList.java:1382)
	at java.util.stream.AbstractPipeline.copyInto(AbstractPipeline.java:482)
	at java.util.stream.ForEachOps$ForEachTask.compute(ForEachOps.java:291)
	at java.util.concurrent.CountedCompleter.exec(CountedCompleter.java:731)
	at java.util.concurrent.ForkJoinTask.doExec(ForkJoinTask.java:289)
	at java.util.concurrent.ForkJoinTask.doInvoke(ForkJoinTask.java:401)
	at java.util.concurrent.ForkJoinTask.invoke(ForkJoinTask.java:734)
	at java.util.stream.ForEachOps$ForEachOp.evaluateParallel(ForEachOps.java:160)
	at java.util.stream.ForEachOps$ForEachOp$OfRef.evaluateParallel(ForEachOps.java:174)
	at java.util.stream.AbstractPipeline.evaluate(AbstractPipeline.java:233)
	at java.util.stream.ReferencePipeline.forEach(ReferencePipeline.java:418)
	at java.util.stream.ReferencePipeline$Head.forEach(ReferencePipeline.java:583)
	at org.apache.hadoop.hdds.scm.pipeline.RatisPipelineProvider.lambda$callRatisRpc$6(RatisPipelineProvider.java:225)
	at java.util.concurrent.ForkJoinTask$AdaptedRunnableAction.exec(ForkJoinTask.java:1386)
	at java.util.concurrent.ForkJoinTask.doExec(ForkJoinTask.java:289)
	at java.util.concurrent.ForkJoinPool$WorkQueue.runTask(ForkJoinPool.java:1056)
	at java.util.concurrent.ForkJoinPool.runWorker(ForkJoinPool.java:1692)
	at java.util.concurrent.ForkJoinWorkerThread.run(ForkJoinWorkerThread.java:157)
Caused by: org.apache.ratis.thirdparty.io.grpc.StatusRuntimeException: DEADLINE_EXCEEDED: deadline exceeded after 2999708592ns
	at org.apache.ratis.thirdparty.io.grpc.stub.ClientCalls.toStatusRuntimeException(ClientCalls.java:233)
	at org.apache.ratis.thirdparty.io.grpc.stub.ClientCalls.getUnchecked(ClientCalls.java:214)
	at org.apache.ratis.thirdparty.io.grpc.stub.ClientCalls.blockingUnaryCall(ClientCalls.java:139)
	at org.apache.ratis.proto.grpc.AdminProtocolServiceGrpc$AdminProtocolServiceBlockingStub.groupManagement(AdminProtocolServiceGrpc.java:274)
	at org.apache.ratis.grpc.client.GrpcClientProtocolClient.lambda$groupAdd$3(GrpcClientProtocolClient.java:149)
	at org.apache.ratis.grpc.client.GrpcClientProtocolClient.blockingCall(GrpcClientProtocolClient.java:176)
	... 25 more
2019-09-25 08:42:53,070 [RATISCREATEPIPELINE3] ERROR pipeline.RatisPipelineProvider (RatisPipelineProvider.java:lambda$null$5(235)) - Failed invoke Ratis rpc org.apache.hadoop.hdds.scm.pipeline.RatisPipelineProvider$$Lambda$204/1036677512@4ea70ae7 for 6c26676d-e3b4-4ef4-8acf-5b4b794af88e
org.apache.ratis.protocol.TimeoutIOException: deadline exceeded after 2999676632ns
	at org.apache.ratis.grpc.GrpcUtil.tryUnwrapException(GrpcUtil.java:82)
	at org.apache.ratis.grpc.GrpcUtil.unwrapException(GrpcUtil.java:75)
	at org.apache.ratis.grpc.client.GrpcClientProtocolClient.blockingCall(GrpcClientProtocolClient.java:178)
	at org.apache.ratis.grpc.client.GrpcClientProtocolClient.groupAdd(GrpcClientProtocolClient.java:147)
	at org.apache.ratis.grpc.client.GrpcClientRpc.sendRequest(GrpcClientRpc.java:94)
	at org.apache.ratis.client.impl.RaftClientImpl.sendRequest(RaftClientImpl.java:278)
	at org.apache.ratis.client.impl.RaftClientImpl.groupAdd(RaftClientImpl.java:205)
	at org.apache.hadoop.hdds.scm.pipeline.RatisPipelineProvider.lambda$initializePipeline$4(RatisPipelineProvider.java:196)
	at org.apache.hadoop.hdds.scm.pipeline.RatisPipelineProvider.lambda$null$5(RatisPipelineProvider.java:231)
	at java.util.stream.ForEachOps$ForEachOp$OfRef.accept(ForEachOps.java:184)
	at java.util.ArrayList$ArrayListSpliterator.forEachRemaining(ArrayList.java:1382)
	at java.util.stream.AbstractPipeline.copyInto(AbstractPipeline.java:482)
	at java.util.stream.ForEachOps$ForEachTask.compute(ForEachOps.java:291)
	at java.util.concurrent.CountedCompleter.exec(CountedCompleter.java:731)
	at java.util.concurrent.ForkJoinTask.doExec(ForkJoinTask.java:289)
	at java.util.concurrent.ForkJoinPool$WorkQueue.runTask(ForkJoinPool.java:1056)
	at java.util.concurrent.ForkJoinPool.runWorker(ForkJoinPool.java:1692)
	at java.util.concurrent.ForkJoinWorkerThread.run(ForkJoinWorkerThread.java:157)
Caused by: org.apache.ratis.thirdparty.io.grpc.StatusRuntimeException: DEADLINE_EXCEEDED: deadline exceeded after 2999676632ns
	at org.apache.ratis.thirdparty.io.grpc.stub.ClientCalls.toStatusRuntimeException(ClientCalls.java:233)
	at org.apache.ratis.thirdparty.io.grpc.stub.ClientCalls.getUnchecked(ClientCalls.java:214)
	at org.apache.ratis.thirdparty.io.grpc.stub.ClientCalls.blockingUnaryCall(ClientCalls.java:139)
	at org.apache.ratis.proto.grpc.AdminProtocolServiceGrpc$AdminProtocolServiceBlockingStub.groupManagement(AdminProtocolServiceGrpc.java:274)
	at org.apache.ratis.grpc.client.GrpcClientProtocolClient.lambda$groupAdd$3(GrpcClientProtocolClient.java:149)
	at org.apache.ratis.grpc.client.GrpcClientProtocolClient.blockingCall(GrpcClientProtocolClient.java:176)
	... 15 more
2019-09-25 08:42:53,070 [RATISCREATEPIPELINE2] ERROR pipeline.RatisPipelineProvider (RatisPipelineProvider.java:lambda$null$5(235)) - Failed invoke Ratis rpc org.apache.hadoop.hdds.scm.pipeline.RatisPipelineProvider$$Lambda$204/1036677512@4ea70ae7 for dd1e4894-806d-4283-b3cc-ceb649e5b26f
org.apache.ratis.protocol.TimeoutIOException: deadline exceeded after 2997921325ns
	at org.apache.ratis.grpc.GrpcUtil.tryUnwrapException(GrpcUtil.java:82)
	at org.apache.ratis.grpc.GrpcUtil.unwrapException(GrpcUtil.java:75)
	at org.apache.ratis.grpc.client.GrpcClientProtocolClient.blockingCall(GrpcClientProtocolClient.java:178)
	at org.apache.ratis.grpc.client.GrpcClientProtocolClient.groupAdd(GrpcClientProtocolClient.java:147)
	at org.apache.ratis.grpc.client.GrpcClientRpc.sendRequest(GrpcClientRpc.java:94)
	at org.apache.ratis.client.impl.RaftClientImpl.sendRequest(RaftClientImpl.java:278)
	at org.apache.ratis.client.impl.RaftClientImpl.groupAdd(RaftClientImpl.java:205)
	at org.apache.hadoop.hdds.scm.pipeline.RatisPipelineProvider.lambda$initializePipeline$4(RatisPipelineProvider.java:196)
	at org.apache.hadoop.hdds.scm.pipeline.RatisPipelineProvider.lambda$null$5(RatisPipelineProvider.java:231)
	at java.util.stream.ForEachOps$ForEachOp$OfRef.accept(ForEachOps.java:184)
	at java.util.ArrayList$ArrayListSpliterator.forEachRemaining(ArrayList.java:1382)
	at java.util.stream.AbstractPipeline.copyInto(AbstractPipeline.java:482)
	at java.util.stream.ForEachOps$ForEachTask.compute(ForEachOps.java:291)
	at java.util.concurrent.CountedCompleter.exec(CountedCompleter.java:731)
	at java.util.concurrent.ForkJoinTask.doExec(ForkJoinTask.java:289)
	at java.util.concurrent.ForkJoinPool$WorkQueue.runTask(ForkJoinPool.java:1056)
	at java.util.concurrent.ForkJoinPool.runWorker(ForkJoinPool.java:1692)
	at java.util.concurrent.ForkJoinWorkerThread.run(ForkJoinWorkerThread.java:157)
Caused by: org.apache.ratis.thirdparty.io.grpc.StatusRuntimeException: DEADLINE_EXCEEDED: deadline exceeded after 2997921325ns
	at org.apache.ratis.thirdparty.io.grpc.stub.ClientCalls.toStatusRuntimeException(ClientCalls.java:233)
	at org.apache.ratis.thirdparty.io.grpc.stub.ClientCalls.getUnchecked(ClientCalls.java:214)
	at org.apache.ratis.thirdparty.io.grpc.stub.ClientCalls.blockingUnaryCall(ClientCalls.java:139)
	at org.apache.ratis.proto.grpc.AdminProtocolServiceGrpc$AdminProtocolServiceBlockingStub.groupManagement(AdminProtocolServiceGrpc.java:274)
	at org.apache.ratis.grpc.client.GrpcClientProtocolClient.lambda$groupAdd$3(GrpcClientProtocolClient.java:149)
	at org.apache.ratis.grpc.client.GrpcClientProtocolClient.blockingCall(GrpcClientProtocolClient.java:176)
	... 15 more
2019-09-25 08:42:53,107 [grpc-default-executor-0] INFO  impl.RaftServerProxy (RaftServerProxy.java:addNew(89)) - 6c26676d-e3b4-4ef4-8acf-5b4b794af88e: addNew group-780021735295:[b0445327-5aa8-4723-b13f-0045c06a7051:192.168.36.126:40401, dd1e4894-806d-4283-b3cc-ceb649e5b26f:192.168.36.126:34305, 6c26676d-e3b4-4ef4-8acf-5b4b794af88e:192.168.36.126:46446] returns group-780021735295:java.util.concurrent.CompletableFuture@48e3cbeb[Not completed]
2019-09-25 08:42:53,107 [grpc-default-executor-1] INFO  impl.RaftServerProxy (RaftServerProxy.java:addNew(89)) - b0445327-5aa8-4723-b13f-0045c06a7051: addNew group-780021735295:[b0445327-5aa8-4723-b13f-0045c06a7051:192.168.36.126:40401, dd1e4894-806d-4283-b3cc-ceb649e5b26f:192.168.36.126:34305, 6c26676d-e3b4-4ef4-8acf-5b4b794af88e:192.168.36.126:46446] returns group-780021735295:java.util.concurrent.CompletableFuture@7fc2c27e[Not completed]
2019-09-25 08:42:53,109 [grpc-default-executor-1] INFO  impl.RaftServerProxy (RaftServerProxy.java:addNew(89)) - dd1e4894-806d-4283-b3cc-ceb649e5b26f: addNew group-780021735295:[b0445327-5aa8-4723-b13f-0045c06a7051:192.168.36.126:40401, dd1e4894-806d-4283-b3cc-ceb649e5b26f:192.168.36.126:34305, 6c26676d-e3b4-4ef4-8acf-5b4b794af88e:192.168.36.126:46446] returns group-780021735295:java.util.concurrent.CompletableFuture@4e18c00f[Not completed]
2019-09-25 08:42:56,097 [RATISCREATEPIPELINE2] ERROR pipeline.RatisPipelineProvider (RatisPipelineProvider.java:lambda$null$5(235)) - Failed invoke Ratis rpc org.apache.hadoop.hdds.scm.pipeline.RatisPipelineProvider$$Lambda$204/1036677512@57223341 for dd1e4894-806d-4283-b3cc-ceb649e5b26f
org.apache.ratis.protocol.TimeoutIOException: deadline exceeded after 2999796469ns
	at org.apache.ratis.grpc.GrpcUtil.tryUnwrapException(GrpcUtil.java:82)
	at org.apache.ratis.grpc.GrpcUtil.unwrapException(GrpcUtil.java:75)
	at org.apache.ratis.grpc.client.GrpcClientProtocolClient.blockingCall(GrpcClientProtocolClient.java:178)
	at org.apache.ratis.grpc.client.GrpcClientProtocolClient.groupAdd(GrpcClientProtocolClient.java:147)
	at org.apache.ratis.grpc.client.GrpcClientRpc.sendRequest(GrpcClientRpc.java:94)
	at org.apache.ratis.client.impl.RaftClientImpl.sendRequest(RaftClientImpl.java:278)
	at org.apache.ratis.client.impl.RaftClientImpl.groupAdd(RaftClientImpl.java:205)
	at org.apache.hadoop.hdds.scm.pipeline.RatisPipelineProvider.lambda$initializePipeline$4(RatisPipelineProvider.java:196)
	at org.apache.hadoop.hdds.scm.pipeline.RatisPipelineProvider.lambda$null$5(RatisPipelineProvider.java:231)
	at java.util.stream.ForEachOps$ForEachOp$OfRef.accept(ForEachOps.java:184)
	at java.util.ArrayList$ArrayListSpliterator.forEachRemaining(ArrayList.java:1382)
	at java.util.stream.AbstractPipeline.copyInto(AbstractPipeline.java:482)
	at java.util.stream.ForEachOps$ForEachTask.compute(ForEachOps.java:291)
	at java.util.concurrent.CountedCompleter.exec(CountedCompleter.java:731)
	at java.util.concurrent.ForkJoinTask.doExec(ForkJoinTask.java:289)
	at java.util.concurrent.ForkJoinPool$WorkQueue.runTask(ForkJoinPool.java:1056)
	at java.util.concurrent.ForkJoinPool.runWorker(ForkJoinPool.java:1692)
	at java.util.concurrent.ForkJoinWorkerThread.run(ForkJoinWorkerThread.java:157)
Caused by: org.apache.ratis.thirdparty.io.grpc.StatusRuntimeException: DEADLINE_EXCEEDED: deadline exceeded after 2999796469ns
	at org.apache.ratis.thirdparty.io.grpc.stub.ClientCalls.toStatusRuntimeException(ClientCalls.java:233)
	at org.apache.ratis.thirdparty.io.grpc.stub.ClientCalls.getUnchecked(ClientCalls.java:214)
	at org.apache.ratis.thirdparty.io.grpc.stub.ClientCalls.blockingUnaryCall(ClientCalls.java:139)
	at org.apache.ratis.proto.grpc.AdminProtocolServiceGrpc$AdminProtocolServiceBlockingStub.groupManagement(AdminProtocolServiceGrpc.java:274)
	at org.apache.ratis.grpc.client.GrpcClientProtocolClient.lambda$groupAdd$3(GrpcClientProtocolClient.java:149)
	at org.apache.ratis.grpc.client.GrpcClientProtocolClient.blockingCall(GrpcClientProtocolClient.java:176)
	... 15 more
2019-09-25 08:42:56,103 [RATISCREATEPIPELINE3] ERROR pipeline.RatisPipelineProvider (RatisPipelineProvider.java:lambda$null$5(235)) - Failed invoke Ratis rpc org.apache.hadoop.hdds.scm.pipeline.RatisPipelineProvider$$Lambda$204/1036677512@57223341 for 6c26676d-e3b4-4ef4-8acf-5b4b794af88e
org.apache.ratis.protocol.TimeoutIOException: deadline exceeded after 2995454069ns
	at org.apache.ratis.grpc.GrpcUtil.tryUnwrapException(GrpcUtil.java:82)
	at org.apache.ratis.grpc.GrpcUtil.unwrapException(GrpcUtil.java:75)
	at org.apache.ratis.grpc.client.GrpcClientProtocolClient.blockingCall(GrpcClientProtocolClient.java:178)
	at org.apache.ratis.grpc.client.GrpcClientProtocolClient.groupAdd(GrpcClientProtocolClient.java:147)
	at org.apache.ratis.grpc.client.GrpcClientRpc.sendRequest(GrpcClientRpc.java:94)
	at org.apache.ratis.client.impl.RaftClientImpl.sendRequest(RaftClientImpl.java:278)
	at org.apache.ratis.client.impl.RaftClientImpl.groupAdd(RaftClientImpl.java:205)
	at org.apache.hadoop.hdds.scm.pipeline.RatisPipelineProvider.lambda$initializePipeline$4(RatisPipelineProvider.java:196)
	at org.apache.hadoop.hdds.scm.pipeline.RatisPipelineProvider.lambda$null$5(RatisPipelineProvider.java:231)
	at java.util.stream.ForEachOps$ForEachOp$OfRef.accept(ForEachOps.java:184)
	at java.util.ArrayList$ArrayListSpliterator.forEachRemaining(ArrayList.java:1382)
	at java.util.stream.AbstractPipeline.copyInto(AbstractPipeline.java:482)
	at java.util.stream.ForEachOps$ForEachTask.compute(ForEachOps.java:291)
	at java.util.concurrent.CountedCompleter.exec(CountedCompleter.java:731)
	at java.util.concurrent.ForkJoinTask.doExec(ForkJoinTask.java:289)
	at java.util.concurrent.ForkJoinPool$WorkQueue.runTask(ForkJoinPool.java:1056)
	at java.util.concurrent.ForkJoinPool.runWorker(ForkJoinPool.java:1692)
	at java.util.concurrent.ForkJoinWorkerThread.run(ForkJoinWorkerThread.java:157)
Caused by: org.apache.ratis.thirdparty.io.grpc.StatusRuntimeException: DEADLINE_EXCEEDED: deadline exceeded after 2995454069ns
	at org.apache.ratis.thirdparty.io.grpc.stub.ClientCalls.toStatusRuntimeException(ClientCalls.java:233)
	at org.apache.ratis.thirdparty.io.grpc.stub.ClientCalls.getUnchecked(ClientCalls.java:214)
	at org.apache.ratis.thirdparty.io.grpc.stub.ClientCalls.blockingUnaryCall(ClientCalls.java:139)
	at org.apache.ratis.proto.grpc.AdminProtocolServiceGrpc$AdminProtocolServiceBlockingStub.groupManagement(AdminProtocolServiceGrpc.java:274)
	at org.apache.ratis.grpc.client.GrpcClientProtocolClient.lambda$groupAdd$3(GrpcClientProtocolClient.java:149)
	at org.apache.ratis.grpc.client.GrpcClientProtocolClient.blockingCall(GrpcClientProtocolClient.java:176)
	... 15 more
2019-09-25 08:42:56,097 [RATISCREATEPIPELINE1] ERROR pipeline.RatisPipelineProvider (RatisPipelineProvider.java:lambda$null$5(235)) - Failed invoke Ratis rpc org.apache.hadoop.hdds.scm.pipeline.RatisPipelineProvider$$Lambda$204/1036677512@57223341 for b0445327-5aa8-4723-b13f-0045c06a7051
org.apache.ratis.protocol.TimeoutIOException: deadline exceeded after 2999812282ns
	at org.apache.ratis.grpc.GrpcUtil.tryUnwrapException(GrpcUtil.java:82)
	at org.apache.ratis.grpc.GrpcUtil.unwrapException(GrpcUtil.java:75)
	at org.apache.ratis.grpc.client.GrpcClientProtocolClient.blockingCall(GrpcClientProtocolClient.java:178)
	at org.apache.ratis.grpc.client.GrpcClientProtocolClient.groupAdd(GrpcClientProtocolClient.java:147)
	at org.apache.ratis.grpc.client.GrpcClientRpc.sendRequest(GrpcClientRpc.java:94)
	at org.apache.ratis.client.impl.RaftClientImpl.sendRequest(RaftClientImpl.java:278)
	at org.apache.ratis.client.impl.RaftClientImpl.groupAdd(RaftClientImpl.java:205)
	at org.apache.hadoop.hdds.scm.pipeline.RatisPipelineProvider.lambda$initializePipeline$4(RatisPipelineProvider.java:196)
	at org.apache.hadoop.hdds.scm.pipeline.RatisPipelineProvider.lambda$null$5(RatisPipelineProvider.java:231)
	at java.util.stream.ForEachOps$ForEachOp$OfRef.accept(ForEachOps.java:184)
	at java.util.ArrayList$ArrayListSpliterator.forEachRemaining(ArrayList.java:1382)
	at java.util.stream.AbstractPipeline.copyInto(AbstractPipeline.java:482)
	at java.util.stream.ForEachOps$ForEachTask.compute(ForEachOps.java:291)
	at java.util.concurrent.CountedCompleter.exec(CountedCompleter.java:731)
	at java.util.concurrent.ForkJoinTask.doExec(ForkJoinTask.java:289)
	at java.util.concurrent.ForkJoinTask.doInvoke(ForkJoinTask.java:401)
	at java.util.concurrent.ForkJoinTask.invoke(ForkJoinTask.java:734)
	at java.util.stream.ForEachOps$ForEachOp.evaluateParallel(ForEachOps.java:160)
	at java.util.stream.ForEachOps$ForEachOp$OfRef.evaluateParallel(ForEachOps.java:174)
	at java.util.stream.AbstractPipeline.evaluate(AbstractPipeline.java:233)
	at java.util.stream.ReferencePipeline.forEach(ReferencePipeline.java:418)
	at java.util.stream.ReferencePipeline$Head.forEach(ReferencePipeline.java:583)
	at org.apache.hadoop.hdds.scm.pipeline.RatisPipelineProvider.lambda$callRatisRpc$6(RatisPipelineProvider.java:225)
	at java.util.concurrent.ForkJoinTask$AdaptedRunnableAction.exec(ForkJoinTask.java:1386)
	at java.util.concurrent.ForkJoinTask.doExec(ForkJoinTask.java:289)
	at java.util.concurrent.ForkJoinPool$WorkQueue.runTask(ForkJoinPool.java:1056)
	at java.util.concurrent.ForkJoinPool.runWorker(ForkJoinPool.java:1692)
	at java.util.concurrent.ForkJoinWorkerThread.run(ForkJoinWorkerThread.java:157)
Caused by: org.apache.ratis.thirdparty.io.grpc.StatusRuntimeException: DEADLINE_EXCEEDED: deadline exceeded after 2999812282ns
	at org.apache.ratis.thirdparty.io.grpc.stub.ClientCalls.toStatusRuntimeException(ClientCalls.java:233)
	at org.apache.ratis.thirdparty.io.grpc.stub.ClientCalls.getUnchecked(ClientCalls.java:214)
	at org.apache.ratis.thirdparty.io.grpc.stub.ClientCalls.blockingUnaryCall(ClientCalls.java:139)
	at org.apache.ratis.proto.grpc.AdminProtocolServiceGrpc$AdminProtocolServiceBlockingStub.groupManagement(AdminProtocolServiceGrpc.java:274)
	at org.apache.ratis.grpc.client.GrpcClientProtocolClient.lambda$groupAdd$3(GrpcClientProtocolClient.java:149)
	at org.apache.ratis.grpc.client.GrpcClientProtocolClient.blockingCall(GrpcClientProtocolClient.java:176)
	... 25 more
2019-09-25 08:42:56,107 [IPC Server handler 1 on 39756] WARN  block.BlockManagerImpl (BlockManagerImpl.java:allocateBlock(192)) - Pipeline creation failed for type:RATIS factor:THREE. Retrying get pipelines call once.
org.apache.hadoop.io.MultipleIOException: 3 exceptions [java.io.IOException: Failed invoke Ratis rpc org.apache.hadoop.hdds.scm.pipeline.RatisPipelineProvider$$Lambda$204/1036677512@57223341 for dd1e4894-806d-4283-b3cc-ceb649e5b26f, java.io.IOException: Failed invoke Ratis rpc org.apache.hadoop.hdds.scm.pipeline.RatisPipelineProvider$$Lambda$204/1036677512@57223341 for 6c26676d-e3b4-4ef4-8acf-5b4b794af88e, java.io.IOException: Failed invoke Ratis rpc org.apache.hadoop.hdds.scm.pipeline.RatisPipelineProvider$$Lambda$204/1036677512@57223341 for b0445327-5aa8-4723-b13f-0045c06a7051]
	at org.apache.hadoop.io.MultipleIOException.createIOException(MultipleIOException.java:53)
	at org.apache.hadoop.hdds.scm.pipeline.RatisPipelineProvider.callRatisRpc(RatisPipelineProvider.java:251)
	at org.apache.hadoop.hdds.scm.pipeline.RatisPipelineProvider.initializePipeline(RatisPipelineProvider.java:194)
	at org.apache.hadoop.hdds.scm.pipeline.RatisPipelineProvider.create(RatisPipelineProvider.java:163)
	at org.apache.hadoop.hdds.scm.pipeline.PipelineFactory.create(PipelineFactory.java:58)
	at org.apache.hadoop.hdds.scm.pipeline.SCMPipelineManager.createPipeline(SCMPipelineManager.java:155)
	at org.apache.hadoop.hdds.scm.block.BlockManagerImpl.allocateBlock(BlockManagerImpl.java:190)
	at org.apache.hadoop.hdds.scm.server.SCMBlockProtocolServer.allocateBlock(SCMBlockProtocolServer.java:182)
	at org.apache.hadoop.ozone.protocolPB.ScmBlockLocationProtocolServerSideTranslatorPB.allocateScmBlock(ScmBlockLocationProtocolServerSideTranslatorPB.java:183)
	at org.apache.hadoop.ozone.protocolPB.ScmBlockLocationProtocolServerSideTranslatorPB.processMessage(ScmBlockLocationProtocolServerSideTranslatorPB.java:141)
	at org.apache.hadoop.ozone.protocolPB.ScmBlockLocationProtocolServerSideTranslatorPB.send(ScmBlockLocationProtocolServerSideTranslatorPB.java:116)
	at org.apache.hadoop.hdds.protocol.proto.ScmBlockLocationProtocolProtos$ScmBlockLocationProtocolService$2.callBlockingMethod(ScmBlockLocationProtocolProtos.java:13157)
	at org.apache.hadoop.ipc.ProtobufRpcEngine$Server$ProtoBufRpcInvoker.call(ProtobufRpcEngine.java:524)
	at org.apache.hadoop.ipc.RPC$Server.call(RPC.java:1025)
	at org.apache.hadoop.ipc.Server$RpcCall.run(Server.java:876)
	at org.apache.hadoop.ipc.Server$RpcCall.run(Server.java:822)
	at java.security.AccessController.doPrivileged(Native Method)
	at javax.security.auth.Subject.doAs(Subject.java:422)
	at org.apache.hadoop.security.UserGroupInformation.doAs(UserGroupInformation.java:1730)
	at org.apache.hadoop.ipc.Server$Handler.run(Server.java:2682)
2019-09-25 08:42:56,108 [IPC Server handler 1 on 39756] INFO  block.BlockManagerImpl (BlockManagerImpl.java:allocateBlock(198)) - Could not find available pipeline of type:RATIS and factor:THREE even after retrying
2019-09-25 08:42:56,108 [IPC Server handler 1 on 39756] ERROR block.BlockManagerImpl (BlockManagerImpl.java:allocateBlock(222)) - Unable to allocate a block for the size: 4194304, type: RATIS, factor: THREE
08:42:56.131 [IPC Server handler 10 on 45152] ERROR OMAudit - user=jenkins1000 | ip=127.0.0.1 | op=GET_FILE_STATUS {volume=volume52055, bucket=bucket14370, key=test/ITestOzoneContractDistCp/testUpdateDeepDirectoryStructureNoChange/remote/outputDir/.distcp.tmp.attempt_local2017747317_0001_m_000000_0, dataSize=0, replicationType=null, replicationFactor=null, keyLocationInfo=null} | ret=FAILURE
org.apache.hadoop.ozone.om.exceptions.OMException: Unable to get file status: volume: volume52055 bucket: bucket14370 key: test/ITestOzoneContractDistCp/testUpdateDeepDirectoryStructureNoChange/remote/outputDir/.distcp.tmp.attempt_local2017747317_0001_m_000000_0
	at org.apache.hadoop.ozone.om.KeyManagerImpl.getFileStatus(KeyManagerImpl.java:1785) ~[hadoop-ozone-ozone-manager-0.5.0-SNAPSHOT.jar:?]
	at org.apache.hadoop.ozone.om.OzoneManager.getFileStatus(OzoneManager.java:2892) [hadoop-ozone-ozone-manager-0.5.0-SNAPSHOT.jar:?]
	at org.apache.hadoop.ozone.protocolPB.OzoneManagerRequestHandler.getOzoneFileStatus(OzoneManagerRequestHandler.java:1051) [hadoop-ozone-ozone-manager-0.5.0-SNAPSHOT.jar:?]
	at org.apache.hadoop.ozone.protocolPB.OzoneManagerRequestHandler.handle(OzoneManagerRequestHandler.java:338) [hadoop-ozone-ozone-manager-0.5.0-SNAPSHOT.jar:?]
	at org.apache.hadoop.ozone.protocolPB.OzoneManagerProtocolServerSideTranslatorPB.submitRequestDirectlyToOM(OzoneManagerProtocolServerSideTranslatorPB.java:233) [hadoop-ozone-ozone-manager-0.5.0-SNAPSHOT.jar:?]
	at org.apache.hadoop.ozone.protocolPB.OzoneManagerProtocolServerSideTranslatorPB.processRequest(OzoneManagerProtocolServerSideTranslatorPB.java:157) [hadoop-ozone-ozone-manager-0.5.0-SNAPSHOT.jar:?]
	at org.apache.hadoop.ozone.protocolPB.OzoneManagerProtocolServerSideTranslatorPB.submitRequest(OzoneManagerProtocolServerSideTranslatorPB.java:111) [hadoop-ozone-ozone-manager-0.5.0-SNAPSHOT.jar:?]
	at org.apache.hadoop.ozone.protocol.proto.OzoneManagerProtocolProtos$OzoneManagerService$2.callBlockingMethod(OzoneManagerProtocolProtos.java) [hadoop-ozone-common-0.5.0-SNAPSHOT.jar:?]
	at org.apache.hadoop.ipc.ProtobufRpcEngine$Server$ProtoBufRpcInvoker.call(ProtobufRpcEngine.java:524) [hadoop-common-3.2.0.jar:?]
	at org.apache.hadoop.ipc.RPC$Server.call(RPC.java:1025) [hadoop-common-3.2.0.jar:?]
	at org.apache.hadoop.ipc.Server$RpcCall.run(Server.java:876) [hadoop-common-3.2.0.jar:?]
	at org.apache.hadoop.ipc.Server$RpcCall.run(Server.java:822) [hadoop-common-3.2.0.jar:?]
	at java.security.AccessController.doPrivileged(Native Method) [?:1.8.0_212]
	at javax.security.auth.Subject.doAs(Subject.java:422) [?:1.8.0_212]
	at org.apache.hadoop.security.UserGroupInformation.doAs(UserGroupInformation.java:1730) [hadoop-common-3.2.0.jar:?]
	at org.apache.hadoop.ipc.Server$Handler.run(Server.java:2682) [hadoop-common-3.2.0.jar:?]
2019-09-25 08:42:56,135 [LocalJobRunner Map Task Executor #0] WARN  ozone.BasicOzoneFileSystem (BasicOzoneFileSystem.java:delete(442)) - delete: Path does not exist: o3fs://bucket14370.volume52055/test/ITestOzoneContractDistCp/testUpdateDeepDirectoryStructureNoChange/remote/outputDir/.distcp.tmp.attempt_local2017747317_0001_m_000000_0
2019-09-25 08:42:56,135 [LocalJobRunner Map Task Executor #0] ERROR util.RetriableCommand (RetriableCommand.java:execute(89)) - Failure in Retriable command: Copying file:/workdir/hadoop-ozone/ozonefs/target/test-dir/ITestOzoneContractDistCp/testUpdateDeepDirectoryStructureNoChange/local/inputDir/file1 to o3fs://bucket14370.volume52055/test/ITestOzoneContractDistCp/testUpdateDeepDirectoryStructureNoChange/remote/outputDir/inputDir/file1
INTERNAL_ERROR org.apache.hadoop.ozone.om.exceptions.OMException: Allocated 0 blocks. Requested 1 blocks
	at org.apache.hadoop.ozone.om.protocolPB.OzoneManagerProtocolClientSideTranslatorPB.handleError(OzoneManagerProtocolClientSideTranslatorPB.java:732)
	at org.apache.hadoop.ozone.om.protocolPB.OzoneManagerProtocolClientSideTranslatorPB.createFile(OzoneManagerProtocolClientSideTranslatorPB.java:1536)
	at sun.reflect.NativeMethodAccessorImpl.invoke0(Native Method)
	at sun.reflect.NativeMethodAccessorImpl.invoke(NativeMethodAccessorImpl.java:62)
	at sun.reflect.DelegatingMethodAccessorImpl.invoke(DelegatingMethodAccessorImpl.java:43)
	at java.lang.reflect.Method.invoke(Method.java:498)
	at org.apache.hadoop.hdds.tracing.TraceAllMethod.invoke(TraceAllMethod.java:66)
	at com.sun.proxy.$Proxy41.createFile(Unknown Source)
	at org.apache.hadoop.ozone.client.rpc.RpcClient.createFile(RpcClient.java:1006)
	at org.apache.hadoop.ozone.client.OzoneBucket.createFile(OzoneBucket.java:537)
	at org.apache.hadoop.fs.ozone.BasicOzoneClientAdapterImpl.createFile(BasicOzoneClientAdapterImpl.java:205)
	at org.apache.hadoop.fs.ozone.BasicOzoneFileSystem.createOutputStream(BasicOzoneFileSystem.java:250)
	at org.apache.hadoop.fs.ozone.BasicOzoneFileSystem.create(BasicOzoneFileSystem.java:231)
	at org.apache.hadoop.fs.FileSystem.create(FileSystem.java:1195)
	at org.apache.hadoop.tools.mapred.RetriableFileCopyCommand.copyToFile(RetriableFileCopyCommand.java:184)
	at org.apache.hadoop.tools.mapred.RetriableFileCopyCommand.doCopy(RetriableFileCopyCommand.java:123)
	at org.apache.hadoop.tools.mapred.RetriableFileCopyCommand.doExecute(RetriableFileCopyCommand.java:99)
	at org.apache.hadoop.tools.util.RetriableCommand.execute(RetriableCommand.java:87)
	at org.apache.hadoop.tools.mapred.CopyMapper.copyFileWithRetry(CopyMapper.java:256)
	at org.apache.hadoop.tools.mapred.CopyMapper.map(CopyMapper.java:217)
	at org.apache.hadoop.tools.mapred.CopyMapper.map(CopyMapper.java:48)
	at org.apache.hadoop.mapreduce.Mapper.run(Mapper.java:146)
	at org.apache.hadoop.mapred.MapTask.runNewMapper(MapTask.java:799)
	at org.apache.hadoop.mapred.MapTask.run(MapTask.java:347)
	at org.apache.hadoop.mapred.LocalJobRunner$Job$MapTaskRunnable.run(LocalJobRunner.java:271)
	at java.util.concurrent.Executors$RunnableAdapter.call(Executors.java:511)
	at java.util.concurrent.FutureTask.run(FutureTask.java:266)
	at java.util.concurrent.ThreadPoolExecutor.runWorker(ThreadPoolExecutor.java:1149)
	at java.util.concurrent.ThreadPoolExecutor$Worker.run(ThreadPoolExecutor.java:624)
	at java.lang.Thread.run(Thread.java:748)
2019-09-25 08:42:57,070 [communication thread] INFO  mapred.LocalJobRunner (LocalJobRunner.java:statusUpdate(634)) - Copying file:/workdir/hadoop-ozone/ozonefs/target/test-dir/ITestOzoneContractDistCp/testUpdateDeepDirectoryStructureNoChange/local/inputDir/file1 to o3fs://bucket14370.volume52055/test/ITestOzoneContractDistCp/testUpdateDeepDirectoryStructureNoChange/remote/outputDir/inputDir/file1 > map
2019-09-25 08:42:57,229 [LocalJobRunner Map Task Executor #0] INFO  mapred.RetriableFileCopyCommand (RetriableFileCopyCommand.java:getTmpFile(260)) - Creating temp file: o3fs://bucket14370.volume52055/test/ITestOzoneContractDistCp/testUpdateDeepDirectoryStructureNoChange/remote/outputDir/.distcp.tmp.attempt_local2017747317_0001_m_000000_0
2019-09-25 08:42:57,280 [grpc-default-executor-4] INFO  impl.RaftServerProxy (RaftServerProxy.java:addNew(89)) - b0445327-5aa8-4723-b13f-0045c06a7051: addNew group-03297FA65894:[b0445327-5aa8-4723-b13f-0045c06a7051:192.168.36.126:40401, dd1e4894-806d-4283-b3cc-ceb649e5b26f:192.168.36.126:34305, 6c26676d-e3b4-4ef4-8acf-5b4b794af88e:192.168.36.126:46446] returns group-03297FA65894:java.util.concurrent.CompletableFuture@66b1d82d[Not completed]
2019-09-25 08:42:57,280 [grpc-default-executor-2] INFO  impl.RaftServerProxy (RaftServerProxy.java:addNew(89)) - dd1e4894-806d-4283-b3cc-ceb649e5b26f: addNew group-03297FA65894:[b0445327-5aa8-4723-b13f-0045c06a7051:192.168.36.126:40401, dd1e4894-806d-4283-b3cc-ceb649e5b26f:192.168.36.126:34305, 6c26676d-e3b4-4ef4-8acf-5b4b794af88e:192.168.36.126:46446] returns group-03297FA65894:java.util.concurrent.CompletableFuture@64b38cfc[Not completed]
2019-09-25 08:42:57,280 [grpc-default-executor-3] INFO  impl.RaftServerProxy (RaftServerProxy.java:addNew(89)) - 6c26676d-e3b4-4ef4-8acf-5b4b794af88e: addNew group-03297FA65894:[b0445327-5aa8-4723-b13f-0045c06a7051:192.168.36.126:40401, dd1e4894-806d-4283-b3cc-ceb649e5b26f:192.168.36.126:34305, 6c26676d-e3b4-4ef4-8acf-5b4b794af88e:192.168.36.126:46446] returns group-03297FA65894:java.util.concurrent.CompletableFuture@5ac0d919[Not completed]
2019-09-25 08:42:57,906 [Thread-209] INFO  mapreduce.Job (Job.java:monitorAndPrintJob(1647)) -  map 4% reduce 0%
2019-09-25 08:42:58,009 [pool-27-thread-1] INFO  storage.RaftStorageDirectory (RaftStorageDirectory.java:tryLock(328)) - Lock on /workdir/hadoop-ozone/ozonefs/target/test-dir/MiniOzoneClusterImpl-d4f0e99b-eb79-4745-ab8c-980425c864f9/datanode-0/data/ratis/ba598f30-7202-4a77-9026-fa53bd1d2530/in_use.lock acquired by nodename 26692@pr-hdds-2174-pqx5g-486351168
2019-09-25 08:42:58,009 [pool-37-thread-1] INFO  storage.RaftStorage (RaftStorage.java:format(72)) - Storage directory /workdir/hadoop-ozone/ozonefs/target/test-dir/MiniOzoneClusterImpl-d4f0e99b-eb79-4745-ab8c-980425c864f9/datanode-1/data/ratis/ba598f30-7202-4a77-9026-fa53bd1d2530 has been successfully formatted.
2019-09-25 08:42:58,009 [pool-57-thread-1] INFO  storage.RaftStorage (RaftStorage.java:format(72)) - Storage directory /workdir/hadoop-ozone/ozonefs/target/test-dir/MiniOzoneClusterImpl-d4f0e99b-eb79-4745-ab8c-980425c864f9/datanode-3/data/ratis/4a93f726-0950-4949-826b-ee1855c571d6 has been successfully formatted.
2019-09-25 08:42:58,010 [pool-37-thread-1] INFO  ratis.ContainerStateMachine (ContainerStateMachine.java:loadSnapshot(230)) - group-FA53BD1D2530: The snapshot info is null. Setting the last applied indexto:(t:0, i:~)
2019-09-25 08:42:58,010 [pool-57-thread-1] INFO  ratis.ContainerStateMachine (ContainerStateMachine.java:loadSnapshot(230)) - group-EE1855C571D6: The snapshot info is null. Setting the last applied indexto:(t:0, i:~)
2019-09-25 08:42:58,010 [pool-37-thread-1] INFO  server.RaftServerConfigKeys (ConfUtils.java:logGet(43)) - raft.server.notification.no-leader.timeout = 120s (custom)
2019-09-25 08:42:58,011 [pool-57-thread-1] INFO  server.RaftServerConfigKeys (ConfUtils.java:logGet(43)) - raft.server.notification.no-leader.timeout = 120s (custom)
2019-09-25 08:42:58,011 [pool-37-thread-1] INFO  server.RaftServerConfigKeys (ConfUtils.java:logGet(43)) - raft.server.log.use.memory = false (default)
2019-09-25 08:42:58,011 [pool-57-thread-1] INFO  server.RaftServerConfigKeys (ConfUtils.java:logGet(43)) - raft.server.log.use.memory = false (default)
2019-09-25 08:42:58,011 [pool-37-thread-1] INFO  server.RaftServerConfigKeys (ConfUtils.java:logGet(43)) - raft.server.log.purge.gap = 1000000 (custom)
2019-09-25 08:42:58,011 [pool-57-thread-1] INFO  server.RaftServerConfigKeys (ConfUtils.java:logGet(43)) - raft.server.log.purge.gap = 1000000 (custom)
2019-09-25 08:42:58,011 [pool-37-thread-1] INFO  server.RaftServerConfigKeys (ConfUtils.java:logGet(43)) - raft.server.log.appender.buffer.byte-limit = 33554432 (custom)
2019-09-25 08:42:58,012 [pool-57-thread-1] INFO  server.RaftServerConfigKeys (ConfUtils.java:logGet(43)) - raft.server.log.appender.buffer.byte-limit = 33554432 (custom)
2019-09-25 08:42:58,012 [pool-37-thread-1] INFO  server.RaftServerConfigKeys (ConfUtils.java:logGet(43)) - raft.server.log.segment.size.max = 1048576 (custom)
2019-09-25 08:42:58,012 [pool-57-thread-1] INFO  server.RaftServerConfigKeys (ConfUtils.java:logGet(43)) - raft.server.log.segment.size.max = 1048576 (custom)
2019-09-25 08:42:58,012 [pool-37-thread-1] INFO  server.RaftServerConfigKeys (ConfUtils.java:logGet(43)) - raft.server.log.segment.cache.num.max = 2 (custom)
2019-09-25 08:42:58,012 [pool-57-thread-1] INFO  server.RaftServerConfigKeys (ConfUtils.java:logGet(43)) - raft.server.log.segment.cache.num.max = 2 (custom)
2019-09-25 08:42:58,013 [pool-37-thread-1] INFO  segmented.SegmentedRaftLogWorker (SegmentedRaftLogWorker.java:<init>(172)) - new b0445327-5aa8-4723-b13f-0045c06a7051@group-FA53BD1D2530-SegmentedRaftLogWorker for RaftStorage:Storage Directory /workdir/hadoop-ozone/ozonefs/target/test-dir/MiniOzoneClusterImpl-d4f0e99b-eb79-4745-ab8c-980425c864f9/datanode-1/data/ratis/ba598f30-7202-4a77-9026-fa53bd1d2530
2019-09-25 08:42:58,013 [pool-57-thread-1] INFO  segmented.SegmentedRaftLogWorker (SegmentedRaftLogWorker.java:<init>(172)) - new dd1e4894-806d-4283-b3cc-ceb649e5b26f@group-EE1855C571D6-SegmentedRaftLogWorker for RaftStorage:Storage Directory /workdir/hadoop-ozone/ozonefs/target/test-dir/MiniOzoneClusterImpl-d4f0e99b-eb79-4745-ab8c-980425c864f9/datanode-3/data/ratis/4a93f726-0950-4949-826b-ee1855c571d6
2019-09-25 08:42:58,013 [pool-37-thread-1] INFO  server.RaftServerConfigKeys (ConfUtils.java:logGet(43)) - raft.server.log.queue.byte-limit = 2147483647 (custom)
2019-09-25 08:42:58,013 [pool-57-thread-1] INFO  server.RaftServerConfigKeys (ConfUtils.java:logGet(43)) - raft.server.log.queue.byte-limit = 2147483647 (custom)
2019-09-25 08:42:58,013 [pool-37-thread-1] INFO  server.RaftServerConfigKeys (ConfUtils.java:logGet(43)) - raft.server.log.queue.element-limit = 1024 (custom)
2019-09-25 08:42:58,014 [pool-57-thread-1] INFO  server.RaftServerConfigKeys (ConfUtils.java:logGet(43)) - raft.server.log.queue.element-limit = 1024 (custom)
2019-09-25 08:42:58,014 [pool-37-thread-1] INFO  server.RaftServerConfigKeys (ConfUtils.java:logGet(43)) - raft.server.log.segment.size.max = 1048576 (custom)
2019-09-25 08:42:58,014 [pool-57-thread-1] INFO  server.RaftServerConfigKeys (ConfUtils.java:logGet(43)) - raft.server.log.segment.size.max = 1048576 (custom)
2019-09-25 08:42:58,014 [pool-37-thread-1] INFO  server.RaftServerConfigKeys (ConfUtils.java:logGet(43)) - raft.server.log.preallocated.size = 16384 (custom)
2019-09-25 08:42:58,014 [pool-57-thread-1] INFO  server.RaftServerConfigKeys (ConfUtils.java:logGet(43)) - raft.server.log.preallocated.size = 16384 (custom)
2019-09-25 08:42:58,015 [pool-37-thread-1] INFO  server.RaftServerConfigKeys (ConfUtils.java:logGet(43)) - raft.server.log.write.buffer.size = 33554432 (custom)
2019-09-25 08:42:58,015 [pool-57-thread-1] INFO  server.RaftServerConfigKeys (ConfUtils.java:logGet(43)) - raft.server.log.write.buffer.size = 33554432 (custom)
2019-09-25 08:42:58,015 [pool-37-thread-1] INFO  server.RaftServerConfigKeys (ConfUtils.java:logGet(43)) - raft.server.log.force.sync.num = 128 (default)
2019-09-25 08:42:58,015 [pool-57-thread-1] INFO  server.RaftServerConfigKeys (ConfUtils.java:logGet(43)) - raft.server.log.force.sync.num = 128 (default)
2019-09-25 08:42:58,015 [pool-37-thread-1] INFO  server.RaftServerConfigKeys (ConfUtils.java:logGet(43)) - raft.server.log.statemachine.data.sync = true (default)
2019-09-25 08:42:58,015 [pool-57-thread-1] INFO  server.RaftServerConfigKeys (ConfUtils.java:logGet(43)) - raft.server.log.statemachine.data.sync = true (default)
2019-09-25 08:42:58,016 [pool-37-thread-1] INFO  server.RaftServerConfigKeys (ConfUtils.java:logGet(43)) - raft.server.log.statemachine.data.sync.timeout = 10s (default)
2019-09-25 08:42:58,016 [pool-57-thread-1] INFO  server.RaftServerConfigKeys (ConfUtils.java:logGet(43)) - raft.server.log.statemachine.data.sync.timeout = 10s (default)
2019-09-25 08:42:58,016 [pool-37-thread-1] INFO  server.RaftServerConfigKeys (ConfUtils.java:logGet(43)) - raft.server.log.statemachine.data.sync.timeout.retry = -1 (default)
2019-09-25 08:42:58,016 [pool-57-thread-1] INFO  server.RaftServerConfigKeys (ConfUtils.java:logGet(43)) - raft.server.log.statemachine.data.sync.timeout.retry = -1 (default)
2019-09-25 08:42:58,017 [pool-37-thread-1] INFO  server.RaftServerConfigKeys (ConfUtils.java:logGet(43)) - raft.server.log.statemachine.data.caching.enabled = true (custom)
2019-09-25 08:42:58,017 [pool-57-thread-1] INFO  server.RaftServerConfigKeys (ConfUtils.java:logGet(43)) - raft.server.log.statemachine.data.caching.enabled = true (custom)
2019-09-25 08:42:58,017 [pool-37-thread-1] INFO  segmented.SegmentedRaftLogWorker (SegmentedRaftLogWorker.java:lambda$new$0(132)) - b0445327-5aa8-4723-b13f-0045c06a7051@group-FA53BD1D2530-SegmentedRaftLogWorker: flushIndex: setUnconditionally 0 -> -1
2019-09-25 08:42:58,017 [pool-57-thread-1] INFO  segmented.SegmentedRaftLogWorker (SegmentedRaftLogWorker.java:lambda$new$0(132)) - dd1e4894-806d-4283-b3cc-ceb649e5b26f@group-EE1855C571D6-SegmentedRaftLogWorker: flushIndex: setUnconditionally 0 -> -1
2019-09-25 08:42:58,018 [pool-37-thread-1] INFO  server.RaftServerConfigKeys (ConfUtils.java:logGet(43)) - raft.server.snapshot.auto.trigger.enabled = true (custom)
2019-09-25 08:42:58,018 [pool-57-thread-1] INFO  server.RaftServerConfigKeys (ConfUtils.java:logGet(43)) - raft.server.snapshot.auto.trigger.enabled = true (custom)
2019-09-25 08:42:58,018 [pool-37-thread-1] INFO  server.RaftServerConfigKeys (ConfUtils.java:logGet(43)) - raft.server.snapshot.auto.trigger.threshold = 10000 (custom)
2019-09-25 08:42:58,018 [pool-57-thread-1] INFO  server.RaftServerConfigKeys (ConfUtils.java:logGet(43)) - raft.server.snapshot.auto.trigger.threshold = 10000 (custom)
2019-09-25 08:42:58,018 [pool-37-thread-1] INFO  server.RaftServerConfigKeys (ConfUtils.java:logGet(43)) - raft.server.snapshot.retention.num.files = 5 (custom)
2019-09-25 08:42:58,019 [pool-57-thread-1] INFO  server.RaftServerConfigKeys (ConfUtils.java:logGet(43)) - raft.server.snapshot.retention.num.files = 5 (custom)
2019-09-25 08:42:58,019 [pool-37-thread-1] INFO  server.RaftServerConfigKeys (ConfUtils.java:logGet(43)) - raft.server.retrycache.expirytime = 600000ms (custom)
2019-09-25 08:42:58,019 [pool-57-thread-1] INFO  server.RaftServerConfigKeys (ConfUtils.java:logGet(43)) - raft.server.retrycache.expirytime = 600000ms (custom)
2019-09-25 08:42:58,028 [pool-37-thread-1] INFO  impl.RaftServerImpl (RaftServerImpl.java:start(185)) - b0445327-5aa8-4723-b13f-0045c06a7051@group-0ECE08F33E54: start as a follower, conf=-1: [b0445327-5aa8-4723-b13f-0045c06a7051:192.168.36.126:40401, dd1e4894-806d-4283-b3cc-ceb649e5b26f:192.168.36.126:34305, 6c26676d-e3b4-4ef4-8acf-5b4b794af88e:192.168.36.126:46446], old=null
2019-09-25 08:42:58,028 [pool-37-thread-1] INFO  impl.RaftServerImpl (RaftServerImpl.java:setRole(174)) - b0445327-5aa8-4723-b13f-0045c06a7051@group-0ECE08F33E54: changes role from      null to FOLLOWER at term 0 for startAsFollower
2019-09-25 08:42:58,028 [pool-37-thread-1] INFO  impl.RoleInfo (RoleInfo.java:updateAndGet(143)) - b0445327-5aa8-4723-b13f-0045c06a7051: start FollowerState
2019-09-25 08:42:58,031 [pool-37-thread-1] INFO  util.JmxRegister (JmxRegister.java:tryRegister(44)) - Successfully registered JMX Bean with object name Ratis:service=RaftServer,group=group-0ECE08F33E54,id=b0445327-5aa8-4723-b13f-0045c06a7051
2019-09-25 08:42:58,034 [pool-57-thread-1] INFO  impl.RaftServerImpl (RaftServerImpl.java:<init>(95)) - dd1e4894-806d-4283-b3cc-ceb649e5b26f: new RaftServerImpl for group-FA53BD1D2530:[b0445327-5aa8-4723-b13f-0045c06a7051:192.168.36.126:40401, dd1e4894-806d-4283-b3cc-ceb649e5b26f:192.168.36.126:34305, 6c26676d-e3b4-4ef4-8acf-5b4b794af88e:192.168.36.126:46446] with ContainerStateMachine:uninitialized
2019-09-25 08:42:58,034 [pool-57-thread-1] INFO  server.RaftServerConfigKeys (ConfUtils.java:logGet(43)) - raft.server.rpc.timeout.min = 5s (custom)
2019-09-25 08:42:58,034 [pool-57-thread-1] INFO  server.RaftServerConfigKeys (ConfUtils.java:logGet(43)) - raft.server.rpc.timeout.max = 5200ms (custom)
2019-09-25 08:42:58,035 [pool-57-thread-1] INFO  server.RaftServerConfigKeys (ConfUtils.java:logGet(43)) - raft.server.rpcslowness.timeout = 120s (custom)
2019-09-25 08:42:58,035 [pool-57-thread-1] INFO  server.RaftServerConfigKeys (ConfUtils.java:logGet(43)) - raft.server.sleep.deviation.threshold = 300 (default)
2019-09-25 08:42:58,035 [pool-57-thread-1] INFO  server.RaftServerConfigKeys (ConfUtils.java:logGet(43)) - raft.server.log.appender.install.snapshot.enabled = false (custom)
2019-09-25 08:42:58,035 [pool-57-thread-1] INFO  impl.RaftServerImpl (ServerState.java:<init>(103)) - dd1e4894-806d-4283-b3cc-ceb649e5b26f@group-FA53BD1D2530: ConfigurationManager, init=-1: [b0445327-5aa8-4723-b13f-0045c06a7051:192.168.36.126:40401, dd1e4894-806d-4283-b3cc-ceb649e5b26f:192.168.36.126:34305, 6c26676d-e3b4-4ef4-8acf-5b4b794af88e:192.168.36.126:46446], old=null, confs=<EMPTY_MAP>
2019-09-25 08:42:58,035 [pool-57-thread-1] INFO  server.RaftServerConfigKeys (ConfUtils.java:logGet(43)) - raft.server.storage.dir = [/workdir/hadoop-ozone/ozonefs/target/test-dir/MiniOzoneClusterImpl-d4f0e99b-eb79-4745-ab8c-980425c864f9/datanode-3/data/ratis] (custom)
2019-09-25 08:42:58,036 [pool-37-thread-1] INFO  impl.RaftServerImpl (RaftServerImpl.java:<init>(95)) - b0445327-5aa8-4723-b13f-0045c06a7051: new RaftServerImpl for group-780021735295:[b0445327-5aa8-4723-b13f-0045c06a7051:192.168.36.126:40401, dd1e4894-806d-4283-b3cc-ceb649e5b26f:192.168.36.126:34305, 6c26676d-e3b4-4ef4-8acf-5b4b794af88e:192.168.36.126:46446] with ContainerStateMachine:uninitialized
2019-09-25 08:42:58,036 [pool-57-thread-1] INFO  storage.RaftStorageDirectory (RaftStorageDirectory.java:analyzeStorage(246)) - The storage directory /workdir/hadoop-ozone/ozonefs/target/test-dir/MiniOzoneClusterImpl-d4f0e99b-eb79-4745-ab8c-980425c864f9/datanode-3/data/ratis/ba598f30-7202-4a77-9026-fa53bd1d2530 does not exist. Creating ...
2019-09-25 08:42:58,036 [pool-37-thread-1] INFO  server.RaftServerConfigKeys (ConfUtils.java:logGet(43)) - raft.server.rpc.timeout.min = 5s (custom)
2019-09-25 08:42:58,036 [pool-37-thread-1] INFO  server.RaftServerConfigKeys (ConfUtils.java:logGet(43)) - raft.server.rpc.timeout.max = 5200ms (custom)
2019-09-25 08:42:58,036 [pool-37-thread-1] INFO  server.RaftServerConfigKeys (ConfUtils.java:logGet(43)) - raft.server.rpcslowness.timeout = 120s (custom)
2019-09-25 08:42:58,037 [pool-37-thread-1] INFO  server.RaftServerConfigKeys (ConfUtils.java:logGet(43)) - raft.server.sleep.deviation.threshold = 300 (default)
2019-09-25 08:42:58,037 [pool-37-thread-1] INFO  server.RaftServerConfigKeys (ConfUtils.java:logGet(43)) - raft.server.log.appender.install.snapshot.enabled = false (custom)
2019-09-25 08:42:58,037 [pool-37-thread-1] INFO  impl.RaftServerImpl (ServerState.java:<init>(103)) - b0445327-5aa8-4723-b13f-0045c06a7051@group-780021735295: ConfigurationManager, init=-1: [b0445327-5aa8-4723-b13f-0045c06a7051:192.168.36.126:40401, dd1e4894-806d-4283-b3cc-ceb649e5b26f:192.168.36.126:34305, 6c26676d-e3b4-4ef4-8acf-5b4b794af88e:192.168.36.126:46446], old=null, confs=<EMPTY_MAP>
2019-09-25 08:42:58,037 [pool-37-thread-1] INFO  server.RaftServerConfigKeys (ConfUtils.java:logGet(43)) - raft.server.storage.dir = [/workdir/hadoop-ozone/ozonefs/target/test-dir/MiniOzoneClusterImpl-d4f0e99b-eb79-4745-ab8c-980425c864f9/datanode-1/data/ratis] (custom)
2019-09-25 08:42:58,038 [pool-37-thread-1] INFO  storage.RaftStorageDirectory (RaftStorageDirectory.java:analyzeStorage(246)) - The storage directory /workdir/hadoop-ozone/ozonefs/target/test-dir/MiniOzoneClusterImpl-d4f0e99b-eb79-4745-ab8c-980425c864f9/datanode-1/data/ratis/fc8e546c-3cac-46a3-a0f1-780021735295 does not exist. Creating ...
2019-09-25 08:42:58,052 [Thread-305] INFO  impl.FollowerState (FollowerState.java:run(106)) - 6c26676d-e3b4-4ef4-8acf-5b4b794af88e:group-001A0597DF89 changes to CANDIDATE, lastRpcTime:5089, electionTimeout:5087ms
2019-09-25 08:42:58,055 [Thread-305] INFO  impl.RoleInfo (RoleInfo.java:shutdownFollowerState(121)) - 6c26676d-e3b4-4ef4-8acf-5b4b794af88e: shutdown FollowerState
2019-09-25 08:42:58,055 [Thread-305] INFO  impl.RaftServerImpl (RaftServerImpl.java:setRole(174)) - 6c26676d-e3b4-4ef4-8acf-5b4b794af88e@group-001A0597DF89: changes role from  FOLLOWER to CANDIDATE at term 0 for changeToCandidate
2019-09-25 08:42:58,063 [Thread-305] INFO  impl.RoleInfo (RoleInfo.java:updateAndGet(143)) - 6c26676d-e3b4-4ef4-8acf-5b4b794af88e: start LeaderElection
2019-09-25 08:43:00,270 [RATISCREATEPIPELINE1] ERROR pipeline.RatisPipelineProvider (RatisPipelineProvider.java:lambda$null$5(235)) - Failed invoke Ratis rpc org.apache.hadoop.hdds.scm.pipeline.RatisPipelineProvider$$Lambda$204/1036677512@d66bfff for b0445327-5aa8-4723-b13f-0045c06a7051
org.apache.ratis.protocol.TimeoutIOException: deadline exceeded after 2999439899ns
	at org.apache.ratis.grpc.GrpcUtil.tryUnwrapException(GrpcUtil.java:82)
	at org.apache.ratis.grpc.GrpcUtil.unwrapException(GrpcUtil.java:75)
	at org.apache.ratis.grpc.client.GrpcClientProtocolClient.blockingCall(GrpcClientProtocolClient.java:178)
	at org.apache.ratis.grpc.client.GrpcClientProtocolClient.groupAdd(GrpcClientProtocolClient.java:147)
	at org.apache.ratis.grpc.client.GrpcClientRpc.sendRequest(GrpcClientRpc.java:94)
	at org.apache.ratis.client.impl.RaftClientImpl.sendRequest(RaftClientImpl.java:278)
	at org.apache.ratis.client.impl.RaftClientImpl.groupAdd(RaftClientImpl.java:205)
	at org.apache.hadoop.hdds.scm.pipeline.RatisPipelineProvider.lambda$initializePipeline$4(RatisPipelineProvider.java:196)
	at org.apache.hadoop.hdds.scm.pipeline.RatisPipelineProvider.lambda$null$5(RatisPipelineProvider.java:231)
	at java.util.stream.ForEachOps$ForEachOp$OfRef.accept(ForEachOps.java:184)
	at java.util.ArrayList$ArrayListSpliterator.forEachRemaining(ArrayList.java:1382)
	at java.util.stream.AbstractPipeline.copyInto(AbstractPipeline.java:482)
	at java.util.stream.ForEachOps$ForEachTask.compute(ForEachOps.java:291)
	at java.util.concurrent.CountedCompleter.exec(CountedCompleter.java:731)
	at java.util.concurrent.ForkJoinTask.doExec(ForkJoinTask.java:289)
	at java.util.concurrent.ForkJoinTask.doInvoke(ForkJoinTask.java:401)
	at java.util.concurrent.ForkJoinTask.invoke(ForkJoinTask.java:734)
	at java.util.stream.ForEachOps$ForEachOp.evaluateParallel(ForEachOps.java:160)
	at java.util.stream.ForEachOps$ForEachOp$OfRef.evaluateParallel(ForEachOps.java:174)
	at java.util.stream.AbstractPipeline.evaluate(AbstractPipeline.java:233)
	at java.util.stream.ReferencePipeline.forEach(ReferencePipeline.java:418)
	at java.util.stream.ReferencePipeline$Head.forEach(ReferencePipeline.java:583)
	at org.apache.hadoop.hdds.scm.pipeline.RatisPipelineProvider.lambda$callRatisRpc$6(RatisPipelineProvider.java:225)
	at java.util.concurrent.ForkJoinTask$AdaptedRunnableAction.exec(ForkJoinTask.java:1386)
	at java.util.concurrent.ForkJoinTask.doExec(ForkJoinTask.java:289)
	at java.util.concurrent.ForkJoinPool$WorkQueue.runTask(ForkJoinPool.java:1056)
	at java.util.concurrent.ForkJoinPool.runWorker(ForkJoinPool.java:1692)
	at java.util.concurrent.ForkJoinWorkerThread.run(ForkJoinWorkerThread.java:157)
Caused by: org.apache.ratis.thirdparty.io.grpc.StatusRuntimeException: DEADLINE_EXCEEDED: deadline exceeded after 2999439899ns
	at org.apache.ratis.thirdparty.io.grpc.stub.ClientCalls.toStatusRuntimeException(ClientCalls.java:233)
	at org.apache.ratis.thirdparty.io.grpc.stub.ClientCalls.getUnchecked(ClientCalls.java:214)
	at org.apache.ratis.thirdparty.io.grpc.stub.ClientCalls.blockingUnaryCall(ClientCalls.java:139)
	at org.apache.ratis.proto.grpc.AdminProtocolServiceGrpc$AdminProtocolServiceBlockingStub.groupManagement(AdminProtocolServiceGrpc.java:274)
	at org.apache.ratis.grpc.client.GrpcClientProtocolClient.lambda$groupAdd$3(GrpcClientProtocolClient.java:149)
	at org.apache.ratis.grpc.client.GrpcClientProtocolClient.blockingCall(GrpcClientProtocolClient.java:176)
	... 25 more
2019-09-25 08:43:00,270 [RATISCREATEPIPELINE3] ERROR pipeline.RatisPipelineProvider (RatisPipelineProvider.java:lambda$null$5(235)) - Failed invoke Ratis rpc org.apache.hadoop.hdds.scm.pipeline.RatisPipelineProvider$$Lambda$204/1036677512@d66bfff for dd1e4894-806d-4283-b3cc-ceb649e5b26f
org.apache.ratis.protocol.TimeoutIOException: deadline exceeded after 2999456459ns
	at org.apache.ratis.grpc.GrpcUtil.tryUnwrapException(GrpcUtil.java:82)
	at org.apache.ratis.grpc.GrpcUtil.unwrapException(GrpcUtil.java:75)
	at org.apache.ratis.grpc.client.GrpcClientProtocolClient.blockingCall(GrpcClientProtocolClient.java:178)
	at org.apache.ratis.grpc.client.GrpcClientProtocolClient.groupAdd(GrpcClientProtocolClient.java:147)
	at org.apache.ratis.grpc.client.GrpcClientRpc.sendRequest(GrpcClientRpc.java:94)
	at org.apache.ratis.client.impl.RaftClientImpl.sendRequest(RaftClientImpl.java:278)
	at org.apache.ratis.client.impl.RaftClientImpl.groupAdd(RaftClientImpl.java:205)
	at org.apache.hadoop.hdds.scm.pipeline.RatisPipelineProvider.lambda$initializePipeline$4(RatisPipelineProvider.java:196)
	at org.apache.hadoop.hdds.scm.pipeline.RatisPipelineProvider.lambda$null$5(RatisPipelineProvider.java:231)
	at java.util.stream.ForEachOps$ForEachOp$OfRef.accept(ForEachOps.java:184)
	at java.util.ArrayList$ArrayListSpliterator.forEachRemaining(ArrayList.java:1382)
	at java.util.stream.AbstractPipeline.copyInto(AbstractPipeline.java:482)
	at java.util.stream.ForEachOps$ForEachTask.compute(ForEachOps.java:291)
	at java.util.concurrent.CountedCompleter.exec(CountedCompleter.java:731)
	at java.util.concurrent.ForkJoinTask.doExec(ForkJoinTask.java:289)
	at java.util.concurrent.ForkJoinPool$WorkQueue.runTask(ForkJoinPool.java:1056)
	at java.util.concurrent.ForkJoinPool.runWorker(ForkJoinPool.java:1692)
	at java.util.concurrent.ForkJoinWorkerThread.run(ForkJoinWorkerThread.java:157)
Caused by: org.apache.ratis.thirdparty.io.grpc.StatusRuntimeException: DEADLINE_EXCEEDED: deadline exceeded after 2999456459ns
	at org.apache.ratis.thirdparty.io.grpc.stub.ClientCalls.toStatusRuntimeException(ClientCalls.java:233)
	at org.apache.ratis.thirdparty.io.grpc.stub.ClientCalls.getUnchecked(ClientCalls.java:214)
	at org.apache.ratis.thirdparty.io.grpc.stub.ClientCalls.blockingUnaryCall(ClientCalls.java:139)
	at org.apache.ratis.proto.grpc.AdminProtocolServiceGrpc$AdminProtocolServiceBlockingStub.groupManagement(AdminProtocolServiceGrpc.java:274)
	at org.apache.ratis.grpc.client.GrpcClientProtocolClient.lambda$groupAdd$3(GrpcClientProtocolClient.java:149)
	at org.apache.ratis.grpc.client.GrpcClientProtocolClient.blockingCall(GrpcClientProtocolClient.java:176)
	... 15 more
2019-09-25 08:43:00,270 [RATISCREATEPIPELINE2] ERROR pipeline.RatisPipelineProvider (RatisPipelineProvider.java:lambda$null$5(235)) - Failed invoke Ratis rpc org.apache.hadoop.hdds.scm.pipeline.RatisPipelineProvider$$Lambda$204/1036677512@d66bfff for 6c26676d-e3b4-4ef4-8acf-5b4b794af88e
org.apache.ratis.protocol.TimeoutIOException: deadline exceeded after 2997819665ns
	at org.apache.ratis.grpc.GrpcUtil.tryUnwrapException(GrpcUtil.java:82)
	at org.apache.ratis.grpc.GrpcUtil.unwrapException(GrpcUtil.java:75)
	at org.apache.ratis.grpc.client.GrpcClientProtocolClient.blockingCall(GrpcClientProtocolClient.java:178)
	at org.apache.ratis.grpc.client.GrpcClientProtocolClient.groupAdd(GrpcClientProtocolClient.java:147)
	at org.apache.ratis.grpc.client.GrpcClientRpc.sendRequest(GrpcClientRpc.java:94)
	at org.apache.ratis.client.impl.RaftClientImpl.sendRequest(RaftClientImpl.java:278)
	at org.apache.ratis.client.impl.RaftClientImpl.groupAdd(RaftClientImpl.java:205)
	at org.apache.hadoop.hdds.scm.pipeline.RatisPipelineProvider.lambda$initializePipeline$4(RatisPipelineProvider.java:196)
	at org.apache.hadoop.hdds.scm.pipeline.RatisPipelineProvider.lambda$null$5(RatisPipelineProvider.java:231)
	at java.util.stream.ForEachOps$ForEachOp$OfRef.accept(ForEachOps.java:184)
	at java.util.ArrayList$ArrayListSpliterator.forEachRemaining(ArrayList.java:1382)
	at java.util.stream.AbstractPipeline.copyInto(AbstractPipeline.java:482)
	at java.util.stream.ForEachOps$ForEachTask.compute(ForEachOps.java:291)
	at java.util.concurrent.CountedCompleter.exec(CountedCompleter.java:731)
	at java.util.concurrent.ForkJoinTask.doExec(ForkJoinTask.java:289)
	at java.util.concurrent.ForkJoinPool$WorkQueue.runTask(ForkJoinPool.java:1056)
	at java.util.concurrent.ForkJoinPool.runWorker(ForkJoinPool.java:1692)
	at java.util.concurrent.ForkJoinWorkerThread.run(ForkJoinWorkerThread.java:157)
Caused by: org.apache.ratis.thirdparty.io.grpc.StatusRuntimeException: DEADLINE_EXCEEDED: deadline exceeded after 2997819665ns
	at org.apache.ratis.thirdparty.io.grpc.stub.ClientCalls.toStatusRuntimeException(ClientCalls.java:233)
	at org.apache.ratis.thirdparty.io.grpc.stub.ClientCalls.getUnchecked(ClientCalls.java:214)
	at org.apache.ratis.thirdparty.io.grpc.stub.ClientCalls.blockingUnaryCall(ClientCalls.java:139)
	at org.apache.ratis.proto.grpc.AdminProtocolServiceGrpc$AdminProtocolServiceBlockingStub.groupManagement(AdminProtocolServiceGrpc.java:274)
	at org.apache.ratis.grpc.client.GrpcClientProtocolClient.lambda$groupAdd$3(GrpcClientProtocolClient.java:149)
	at org.apache.ratis.grpc.client.GrpcClientProtocolClient.blockingCall(GrpcClientProtocolClient.java:176)
	... 15 more
2019-09-25 08:43:00,289 [IPC Server handler 9 on 39756] WARN  block.BlockManagerImpl (BlockManagerImpl.java:allocateBlock(192)) - Pipeline creation failed for type:RATIS factor:THREE. Retrying get pipelines call once.
org.apache.hadoop.io.MultipleIOException: 3 exceptions [java.io.IOException: Failed invoke Ratis rpc org.apache.hadoop.hdds.scm.pipeline.RatisPipelineProvider$$Lambda$204/1036677512@d66bfff for b0445327-5aa8-4723-b13f-0045c06a7051, java.io.IOException: Failed invoke Ratis rpc org.apache.hadoop.hdds.scm.pipeline.RatisPipelineProvider$$Lambda$204/1036677512@d66bfff for dd1e4894-806d-4283-b3cc-ceb649e5b26f, java.io.IOException: Failed invoke Ratis rpc org.apache.hadoop.hdds.scm.pipeline.RatisPipelineProvider$$Lambda$204/1036677512@d66bfff for 6c26676d-e3b4-4ef4-8acf-5b4b794af88e]
	at org.apache.hadoop.io.MultipleIOException.createIOException(MultipleIOException.java:53)
	at org.apache.hadoop.hdds.scm.pipeline.RatisPipelineProvider.callRatisRpc(RatisPipelineProvider.java:251)
	at org.apache.hadoop.hdds.scm.pipeline.RatisPipelineProvider.initializePipeline(RatisPipelineProvider.java:194)
	at org.apache.hadoop.hdds.scm.pipeline.RatisPipelineProvider.create(RatisPipelineProvider.java:163)
	at org.apache.hadoop.hdds.scm.pipeline.PipelineFactory.create(PipelineFactory.java:58)
	at org.apache.hadoop.hdds.scm.pipeline.SCMPipelineManager.createPipeline(SCMPipelineManager.java:155)
	at org.apache.hadoop.hdds.scm.block.BlockManagerImpl.allocateBlock(BlockManagerImpl.java:190)
	at org.apache.hadoop.hdds.scm.server.SCMBlockProtocolServer.allocateBlock(SCMBlockProtocolServer.java:182)
	at org.apache.hadoop.ozone.protocolPB.ScmBlockLocationProtocolServerSideTranslatorPB.allocateScmBlock(ScmBlockLocationProtocolServerSideTranslatorPB.java:183)
	at org.apache.hadoop.ozone.protocolPB.ScmBlockLocationProtocolServerSideTranslatorPB.processMessage(ScmBlockLocationProtocolServerSideTranslatorPB.java:141)
	at org.apache.hadoop.ozone.protocolPB.ScmBlockLocationProtocolServerSideTranslatorPB.send(ScmBlockLocationProtocolServerSideTranslatorPB.java:116)
	at org.apache.hadoop.hdds.protocol.proto.ScmBlockLocationProtocolProtos$ScmBlockLocationProtocolService$2.callBlockingMethod(ScmBlockLocationProtocolProtos.java:13157)
	at org.apache.hadoop.ipc.ProtobufRpcEngine$Server$ProtoBufRpcInvoker.call(ProtobufRpcEngine.java:524)
	at org.apache.hadoop.ipc.RPC$Server.call(RPC.java:1025)
	at org.apache.hadoop.ipc.Server$RpcCall.run(Server.java:876)
	at org.apache.hadoop.ipc.Server$RpcCall.run(Server.java:822)
	at java.security.AccessController.doPrivileged(Native Method)
	at javax.security.auth.Subject.doAs(Subject.java:422)
	at org.apache.hadoop.security.UserGroupInformation.doAs(UserGroupInformation.java:1730)
	at org.apache.hadoop.ipc.Server$Handler.run(Server.java:2682)
2019-09-25 08:43:00,293 [IPC Server handler 9 on 39756] INFO  block.BlockManagerImpl (BlockManagerImpl.java:allocateBlock(198)) - Could not find available pipeline of type:RATIS and factor:THREE even after retrying
2019-09-25 08:43:00,294 [IPC Server handler 9 on 39756] ERROR block.BlockManagerImpl (BlockManagerImpl.java:allocateBlock(222)) - Unable to allocate a block for the size: 4194304, type: RATIS, factor: THREE
08:43:00.311 [IPC Server handler 15 on 45152] ERROR OMAudit - user=jenkins1000 | ip=127.0.0.1 | op=GET_FILE_STATUS {volume=volume52055, bucket=bucket14370, key=test/ITestOzoneContractDistCp/testUpdateDeepDirectoryStructureNoChange/remote/outputDir/.distcp.tmp.attempt_local2017747317_0001_m_000000_0, dataSize=0, replicationType=null, replicationFactor=null, keyLocationInfo=null} | ret=FAILURE
org.apache.hadoop.ozone.om.exceptions.OMException: Unable to get file status: volume: volume52055 bucket: bucket14370 key: test/ITestOzoneContractDistCp/testUpdateDeepDirectoryStructureNoChange/remote/outputDir/.distcp.tmp.attempt_local2017747317_0001_m_000000_0
	at org.apache.hadoop.ozone.om.KeyManagerImpl.getFileStatus(KeyManagerImpl.java:1785) ~[hadoop-ozone-ozone-manager-0.5.0-SNAPSHOT.jar:?]
	at org.apache.hadoop.ozone.om.OzoneManager.getFileStatus(OzoneManager.java:2892) [hadoop-ozone-ozone-manager-0.5.0-SNAPSHOT.jar:?]
	at org.apache.hadoop.ozone.protocolPB.OzoneManagerRequestHandler.getOzoneFileStatus(OzoneManagerRequestHandler.java:1051) [hadoop-ozone-ozone-manager-0.5.0-SNAPSHOT.jar:?]
	at org.apache.hadoop.ozone.protocolPB.OzoneManagerRequestHandler.handle(OzoneManagerRequestHandler.java:338) [hadoop-ozone-ozone-manager-0.5.0-SNAPSHOT.jar:?]
	at org.apache.hadoop.ozone.protocolPB.OzoneManagerProtocolServerSideTranslatorPB.submitRequestDirectlyToOM(OzoneManagerProtocolServerSideTranslatorPB.java:233) [hadoop-ozone-ozone-manager-0.5.0-SNAPSHOT.jar:?]
	at org.apache.hadoop.ozone.protocolPB.OzoneManagerProtocolServerSideTranslatorPB.processRequest(OzoneManagerProtocolServerSideTranslatorPB.java:157) [hadoop-ozone-ozone-manager-0.5.0-SNAPSHOT.jar:?]
	at org.apache.hadoop.ozone.protocolPB.OzoneManagerProtocolServerSideTranslatorPB.submitRequest(OzoneManagerProtocolServerSideTranslatorPB.java:111) [hadoop-ozone-ozone-manager-0.5.0-SNAPSHOT.jar:?]
	at org.apache.hadoop.ozone.protocol.proto.OzoneManagerProtocolProtos$OzoneManagerService$2.callBlockingMethod(OzoneManagerProtocolProtos.java) [hadoop-ozone-common-0.5.0-SNAPSHOT.jar:?]
	at org.apache.hadoop.ipc.ProtobufRpcEngine$Server$ProtoBufRpcInvoker.call(ProtobufRpcEngine.java:524) [hadoop-common-3.2.0.jar:?]
	at org.apache.hadoop.ipc.RPC$Server.call(RPC.java:1025) [hadoop-common-3.2.0.jar:?]
	at org.apache.hadoop.ipc.Server$RpcCall.run(Server.java:876) [hadoop-common-3.2.0.jar:?]
	at org.apache.hadoop.ipc.Server$RpcCall.run(Server.java:822) [hadoop-common-3.2.0.jar:?]
	at java.security.AccessController.doPrivileged(Native Method) [?:1.8.0_212]
	at javax.security.auth.Subject.doAs(Subject.java:422) [?:1.8.0_212]
	at org.apache.hadoop.security.UserGroupInformation.doAs(UserGroupInformation.java:1730) [hadoop-common-3.2.0.jar:?]
	at org.apache.hadoop.ipc.Server$Handler.run(Server.java:2682) [hadoop-common-3.2.0.jar:?]
2019-09-25 08:43:00,319 [LocalJobRunner Map Task Executor #0] WARN  ozone.BasicOzoneFileSystem (BasicOzoneFileSystem.java:delete(442)) - delete: Path does not exist: o3fs://bucket14370.volume52055/test/ITestOzoneContractDistCp/testUpdateDeepDirectoryStructureNoChange/remote/outputDir/.distcp.tmp.attempt_local2017747317_0001_m_000000_0
2019-09-25 08:43:00,320 [LocalJobRunner Map Task Executor #0] ERROR util.RetriableCommand (RetriableCommand.java:execute(89)) - Failure in Retriable command: Copying file:/workdir/hadoop-ozone/ozonefs/target/test-dir/ITestOzoneContractDistCp/testUpdateDeepDirectoryStructureNoChange/local/inputDir/file1 to o3fs://bucket14370.volume52055/test/ITestOzoneContractDistCp/testUpdateDeepDirectoryStructureNoChange/remote/outputDir/inputDir/file1
INTERNAL_ERROR org.apache.hadoop.ozone.om.exceptions.OMException: Allocated 0 blocks. Requested 1 blocks
	at org.apache.hadoop.ozone.om.protocolPB.OzoneManagerProtocolClientSideTranslatorPB.handleError(OzoneManagerProtocolClientSideTranslatorPB.java:732)
	at org.apache.hadoop.ozone.om.protocolPB.OzoneManagerProtocolClientSideTranslatorPB.createFile(OzoneManagerProtocolClientSideTranslatorPB.java:1536)
	at sun.reflect.NativeMethodAccessorImpl.invoke0(Native Method)
	at sun.reflect.NativeMethodAccessorImpl.invoke(NativeMethodAccessorImpl.java:62)
	at sun.reflect.DelegatingMethodAccessorImpl.invoke(DelegatingMethodAccessorImpl.java:43)
	at java.lang.reflect.Method.invoke(Method.java:498)
	at org.apache.hadoop.hdds.tracing.TraceAllMethod.invoke(TraceAllMethod.java:66)
	at com.sun.proxy.$Proxy41.createFile(Unknown Source)
	at org.apache.hadoop.ozone.client.rpc.RpcClient.createFile(RpcClient.java:1006)
	at org.apache.hadoop.ozone.client.OzoneBucket.createFile(OzoneBucket.java:537)
	at org.apache.hadoop.fs.ozone.BasicOzoneClientAdapterImpl.createFile(BasicOzoneClientAdapterImpl.java:205)
	at org.apache.hadoop.fs.ozone.BasicOzoneFileSystem.createOutputStream(BasicOzoneFileSystem.java:250)
	at org.apache.hadoop.fs.ozone.BasicOzoneFileSystem.create(BasicOzoneFileSystem.java:231)
	at org.apache.hadoop.fs.FileSystem.create(FileSystem.java:1195)
	at org.apache.hadoop.tools.mapred.RetriableFileCopyCommand.copyToFile(RetriableFileCopyCommand.java:184)
	at org.apache.hadoop.tools.mapred.RetriableFileCopyCommand.doCopy(RetriableFileCopyCommand.java:123)
	at org.apache.hadoop.tools.mapred.RetriableFileCopyCommand.doExecute(RetriableFileCopyCommand.java:99)
	at org.apache.hadoop.tools.util.RetriableCommand.execute(RetriableCommand.java:87)
	at org.apache.hadoop.tools.mapred.CopyMapper.copyFileWithRetry(CopyMapper.java:256)
	at org.apache.hadoop.tools.mapred.CopyMapper.map(CopyMapper.java:217)
	at org.apache.hadoop.tools.mapred.CopyMapper.map(CopyMapper.java:48)
	at org.apache.hadoop.mapreduce.Mapper.run(Mapper.java:146)
	at org.apache.hadoop.mapred.MapTask.runNewMapper(MapTask.java:799)
	at org.apache.hadoop.mapred.MapTask.run(MapTask.java:347)
	at org.apache.hadoop.mapred.LocalJobRunner$Job$MapTaskRunnable.run(LocalJobRunner.java:271)
	at java.util.concurrent.Executors$RunnableAdapter.call(Executors.java:511)
	at java.util.concurrent.FutureTask.run(FutureTask.java:266)
	at java.util.concurrent.ThreadPoolExecutor.runWorker(ThreadPoolExecutor.java:1149)
	at java.util.concurrent.ThreadPoolExecutor$Worker.run(ThreadPoolExecutor.java:624)
	at java.lang.Thread.run(Thread.java:748)
2019-09-25 08:43:03,054 [LocalJobRunner Map Task Executor #0] INFO  mapred.RetriableFileCopyCommand (RetriableFileCopyCommand.java:getTmpFile(260)) - Creating temp file: o3fs://bucket14370.volume52055/test/ITestOzoneContractDistCp/testUpdateDeepDirectoryStructureNoChange/remote/outputDir/.distcp.tmp.attempt_local2017747317_0001_m_000000_0
2019-09-25 08:43:03,087 [grpc-default-executor-4] INFO  impl.RaftServerProxy (RaftServerProxy.java:addNew(89)) - dd1e4894-806d-4283-b3cc-ceb649e5b26f: addNew group-33D7D0D3770C:[b0445327-5aa8-4723-b13f-0045c06a7051:192.168.36.126:40401, dd1e4894-806d-4283-b3cc-ceb649e5b26f:192.168.36.126:34305, 6c26676d-e3b4-4ef4-8acf-5b4b794af88e:192.168.36.126:46446] returns group-33D7D0D3770C:java.util.concurrent.CompletableFuture@16619655[Not completed]
2019-09-25 08:43:03,087 [grpc-default-executor-3] INFO  impl.RaftServerProxy (RaftServerProxy.java:addNew(89)) - 6c26676d-e3b4-4ef4-8acf-5b4b794af88e: addNew group-33D7D0D3770C:[b0445327-5aa8-4723-b13f-0045c06a7051:192.168.36.126:40401, dd1e4894-806d-4283-b3cc-ceb649e5b26f:192.168.36.126:34305, 6c26676d-e3b4-4ef4-8acf-5b4b794af88e:192.168.36.126:46446] returns group-33D7D0D3770C:java.util.concurrent.CompletableFuture@1bfdd322[Not completed]
2019-09-25 08:43:03,087 [grpc-default-executor-2] INFO  impl.RaftServerProxy (RaftServerProxy.java:addNew(89)) - b0445327-5aa8-4723-b13f-0045c06a7051: addNew group-33D7D0D3770C:[b0445327-5aa8-4723-b13f-0045c06a7051:192.168.36.126:40401, dd1e4894-806d-4283-b3cc-ceb649e5b26f:192.168.36.126:34305, 6c26676d-e3b4-4ef4-8acf-5b4b794af88e:192.168.36.126:46446] returns group-33D7D0D3770C:java.util.concurrent.CompletableFuture@60fd94fe[Not completed]
2019-09-25 08:43:03,190 [Thread-311] INFO  impl.FollowerState (FollowerState.java:run(106)) - b0445327-5aa8-4723-b13f-0045c06a7051:group-0ECE08F33E54 changes to CANDIDATE, lastRpcTime:5161, electionTimeout:5158ms
2019-09-25 08:43:03,193 [Thread-311] INFO  impl.RoleInfo (RoleInfo.java:shutdownFollowerState(121)) - b0445327-5aa8-4723-b13f-0045c06a7051: shutdown FollowerState
2019-09-25 08:43:03,193 [Thread-311] INFO  impl.RaftServerImpl (RaftServerImpl.java:setRole(174)) - b0445327-5aa8-4723-b13f-0045c06a7051@group-0ECE08F33E54: changes role from  FOLLOWER to CANDIDATE at term 0 for changeToCandidate
2019-09-25 08:43:03,193 [Thread-311] INFO  impl.RoleInfo (RoleInfo.java:updateAndGet(143)) - b0445327-5aa8-4723-b13f-0045c06a7051: start LeaderElection
2019-09-25 08:43:03,208 [pool-57-thread-1] INFO  storage.RaftStorageDirectory (RaftStorageDirectory.java:tryLock(328)) - Lock on /workdir/hadoop-ozone/ozonefs/target/test-dir/MiniOzoneClusterImpl-d4f0e99b-eb79-4745-ab8c-980425c864f9/datanode-3/data/ratis/ba598f30-7202-4a77-9026-fa53bd1d2530/in_use.lock acquired by nodename 26692@pr-hdds-2174-pqx5g-486351168
2019-09-25 08:43:03,208 [6c26676d-e3b4-4ef4-8acf-5b4b794af88e@group-001A0597DF89:LeaderElection1] INFO  impl.LeaderElection (LeaderElection.java:askForVotes(182)) - 6c26676d-e3b4-4ef4-8acf-5b4b794af88e@group-001A0597DF89:LeaderElection1: begin an election at term 1 for -1: [6c26676d-e3b4-4ef4-8acf-5b4b794af88e:192.168.36.126:46446], old=null
2019-09-25 08:43:03,208 [pool-27-thread-1] INFO  storage.RaftStorage (RaftStorage.java:format(72)) - Storage directory /workdir/hadoop-ozone/ozonefs/target/test-dir/MiniOzoneClusterImpl-d4f0e99b-eb79-4745-ab8c-980425c864f9/datanode-0/data/ratis/ba598f30-7202-4a77-9026-fa53bd1d2530 has been successfully formatted.
2019-09-25 08:43:03,208 [pool-37-thread-1] INFO  storage.RaftStorageDirectory (RaftStorageDirectory.java:tryLock(328)) - Lock on /workdir/hadoop-ozone/ozonefs/target/test-dir/MiniOzoneClusterImpl-d4f0e99b-eb79-4745-ab8c-980425c864f9/datanode-1/data/ratis/fc8e546c-3cac-46a3-a0f1-780021735295/in_use.lock acquired by nodename 26692@pr-hdds-2174-pqx5g-486351168
2019-09-25 08:43:03,209 [pool-27-thread-1] INFO  ratis.ContainerStateMachine (ContainerStateMachine.java:loadSnapshot(230)) - group-FA53BD1D2530: The snapshot info is null. Setting the last applied indexto:(t:0, i:~)
2019-09-25 08:43:03,209 [pool-27-thread-1] INFO  server.RaftServerConfigKeys (ConfUtils.java:logGet(43)) - raft.server.notification.no-leader.timeout = 120s (custom)
2019-09-25 08:43:03,209 [pool-27-thread-1] INFO  server.RaftServerConfigKeys (ConfUtils.java:logGet(43)) - raft.server.log.use.memory = false (default)
2019-09-25 08:43:03,210 [pool-27-thread-1] INFO  server.RaftServerConfigKeys (ConfUtils.java:logGet(43)) - raft.server.log.purge.gap = 1000000 (custom)
2019-09-25 08:43:03,210 [pool-27-thread-1] INFO  server.RaftServerConfigKeys (ConfUtils.java:logGet(43)) - raft.server.log.appender.buffer.byte-limit = 33554432 (custom)
2019-09-25 08:43:03,210 [pool-27-thread-1] INFO  server.RaftServerConfigKeys (ConfUtils.java:logGet(43)) - raft.server.log.segment.size.max = 1048576 (custom)
2019-09-25 08:43:03,210 [6c26676d-e3b4-4ef4-8acf-5b4b794af88e@group-001A0597DF89:LeaderElection1] INFO  impl.RoleInfo (RoleInfo.java:shutdownLeaderElection(134)) - 6c26676d-e3b4-4ef4-8acf-5b4b794af88e: shutdown LeaderElection
2019-09-25 08:43:03,210 [pool-27-thread-1] INFO  server.RaftServerConfigKeys (ConfUtils.java:logGet(43)) - raft.server.log.segment.cache.num.max = 2 (custom)
2019-09-25 08:43:03,210 [pool-27-thread-1] INFO  segmented.SegmentedRaftLogWorker (SegmentedRaftLogWorker.java:<init>(172)) - new 6c26676d-e3b4-4ef4-8acf-5b4b794af88e@group-FA53BD1D2530-SegmentedRaftLogWorker for RaftStorage:Storage Directory /workdir/hadoop-ozone/ozonefs/target/test-dir/MiniOzoneClusterImpl-d4f0e99b-eb79-4745-ab8c-980425c864f9/datanode-0/data/ratis/ba598f30-7202-4a77-9026-fa53bd1d2530
2019-09-25 08:43:03,211 [pool-27-thread-1] INFO  server.RaftServerConfigKeys (ConfUtils.java:logGet(43)) - raft.server.log.queue.byte-limit = 2147483647 (custom)
2019-09-25 08:43:03,211 [pool-27-thread-1] INFO  server.RaftServerConfigKeys (ConfUtils.java:logGet(43)) - raft.server.log.queue.element-limit = 1024 (custom)
2019-09-25 08:43:03,211 [6c26676d-e3b4-4ef4-8acf-5b4b794af88e@group-001A0597DF89:LeaderElection1] INFO  impl.RaftServerImpl (RaftServerImpl.java:setRole(174)) - 6c26676d-e3b4-4ef4-8acf-5b4b794af88e@group-001A0597DF89: changes role from CANDIDATE to LEADER at term 1 for changeToLeader
2019-09-25 08:43:03,211 [pool-27-thread-1] INFO  server.RaftServerConfigKeys (ConfUtils.java:logGet(43)) - raft.server.log.segment.size.max = 1048576 (custom)
2019-09-25 08:43:03,211 [6c26676d-e3b4-4ef4-8acf-5b4b794af88e@group-001A0597DF89:LeaderElection1] INFO  impl.RaftServerImpl (ServerState.java:setLeader(253)) - 6c26676d-e3b4-4ef4-8acf-5b4b794af88e@group-001A0597DF89: change Leader from null to 6c26676d-e3b4-4ef4-8acf-5b4b794af88e at term 1 for becomeLeader, leader elected after 15567ms
2019-09-25 08:43:03,211 [pool-27-thread-1] INFO  server.RaftServerConfigKeys (ConfUtils.java:logGet(43)) - raft.server.log.preallocated.size = 16384 (custom)
2019-09-25 08:43:03,212 [pool-27-thread-1] INFO  server.RaftServerConfigKeys (ConfUtils.java:logGet(43)) - raft.server.log.write.buffer.size = 33554432 (custom)
2019-09-25 08:43:03,212 [pool-27-thread-1] INFO  server.RaftServerConfigKeys (ConfUtils.java:logGet(43)) - raft.server.log.force.sync.num = 128 (default)
2019-09-25 08:43:03,212 [pool-27-thread-1] INFO  server.RaftServerConfigKeys (ConfUtils.java:logGet(43)) - raft.server.log.statemachine.data.sync = true (default)
2019-09-25 08:43:03,212 [pool-27-thread-1] INFO  server.RaftServerConfigKeys (ConfUtils.java:logGet(43)) - raft.server.log.statemachine.data.sync.timeout = 10s (default)
2019-09-25 08:43:03,212 [pool-27-thread-1] INFO  server.RaftServerConfigKeys (ConfUtils.java:logGet(43)) - raft.server.log.statemachine.data.sync.timeout.retry = -1 (default)
2019-09-25 08:43:03,213 [pool-27-thread-1] INFO  server.RaftServerConfigKeys (ConfUtils.java:logGet(43)) - raft.server.log.statemachine.data.caching.enabled = true (custom)
2019-09-25 08:43:03,213 [pool-27-thread-1] INFO  segmented.SegmentedRaftLogWorker (SegmentedRaftLogWorker.java:lambda$new$0(132)) - 6c26676d-e3b4-4ef4-8acf-5b4b794af88e@group-FA53BD1D2530-SegmentedRaftLogWorker: flushIndex: setUnconditionally 0 -> -1
2019-09-25 08:43:03,213 [pool-27-thread-1] INFO  server.RaftServerConfigKeys (ConfUtils.java:logGet(43)) - raft.server.snapshot.auto.trigger.enabled = true (custom)
2019-09-25 08:43:03,214 [pool-27-thread-1] INFO  server.RaftServerConfigKeys (ConfUtils.java:logGet(43)) - raft.server.snapshot.auto.trigger.threshold = 10000 (custom)
2019-09-25 08:43:03,214 [pool-27-thread-1] INFO  server.RaftServerConfigKeys (ConfUtils.java:logGet(43)) - raft.server.snapshot.retention.num.files = 5 (custom)
2019-09-25 08:43:03,214 [pool-27-thread-1] INFO  server.RaftServerConfigKeys (ConfUtils.java:logGet(43)) - raft.server.retrycache.expirytime = 600000ms (custom)
2019-09-25 08:43:03,219 [6c26676d-e3b4-4ef4-8acf-5b4b794af88e@group-001A0597DF89:LeaderElection1] INFO  server.RaftServerConfigKeys (ConfUtils.java:logGet(43)) - raft.server.staging.catchup.gap = 1000 (default)
2019-09-25 08:43:03,219 [6c26676d-e3b4-4ef4-8acf-5b4b794af88e@group-001A0597DF89:LeaderElection1] INFO  server.RaftServerConfigKeys (ConfUtils.java:logGet(43)) - raft.server.rpc.sleep.time = 25ms (default)
2019-09-25 08:43:03,222 [6c26676d-e3b4-4ef4-8acf-5b4b794af88e@group-001A0597DF89:LeaderElection1] INFO  server.RaftServerConfigKeys (ConfUtils.java:logGet(43)) - raft.server.write.element-limit = 4096 (default)
2019-09-25 08:43:03,222 [pool-27-thread-1] INFO  impl.RaftServerImpl (RaftServerImpl.java:start(185)) - 6c26676d-e3b4-4ef4-8acf-5b4b794af88e@group-0ECE08F33E54: start as a follower, conf=-1: [b0445327-5aa8-4723-b13f-0045c06a7051:192.168.36.126:40401, dd1e4894-806d-4283-b3cc-ceb649e5b26f:192.168.36.126:34305, 6c26676d-e3b4-4ef4-8acf-5b4b794af88e:192.168.36.126:46446], old=null
2019-09-25 08:43:03,223 [pool-27-thread-1] INFO  impl.RaftServerImpl (RaftServerImpl.java:setRole(174)) - 6c26676d-e3b4-4ef4-8acf-5b4b794af88e@group-0ECE08F33E54: changes role from      null to FOLLOWER at term 0 for startAsFollower
2019-09-25 08:43:03,223 [pool-27-thread-1] INFO  impl.RoleInfo (RoleInfo.java:updateAndGet(143)) - 6c26676d-e3b4-4ef4-8acf-5b4b794af88e: start FollowerState
2019-09-25 08:43:03,223 [pool-27-thread-1] INFO  util.JmxRegister (JmxRegister.java:tryRegister(44)) - Successfully registered JMX Bean with object name Ratis:service=RaftServer,group=group-0ECE08F33E54,id=6c26676d-e3b4-4ef4-8acf-5b4b794af88e
2019-09-25 08:43:03,224 [6c26676d-e3b4-4ef4-8acf-5b4b794af88e@group-001A0597DF89:LeaderElection1] INFO  server.RaftServerConfigKeys (ConfUtils.java:logGet(43)) - raft.server.watch.timeout = 10s (default)
2019-09-25 08:43:03,224 [6c26676d-e3b4-4ef4-8acf-5b4b794af88e@group-001A0597DF89:LeaderElection1] INFO  server.RaftServerConfigKeys (ConfUtils.java:logGet(43)) - raft.server.watch.timeout.denomination = 1s (default)
2019-09-25 08:43:03,225 [6c26676d-e3b4-4ef4-8acf-5b4b794af88e@group-001A0597DF89:LeaderElection1] INFO  server.RaftServerConfigKeys (ConfUtils.java:logGet(43)) - raft.server.watch.element-limit = 65536 (default)
2019-09-25 08:43:03,227 [pool-27-thread-1] INFO  impl.RaftServerImpl (RaftServerImpl.java:<init>(95)) - 6c26676d-e3b4-4ef4-8acf-5b4b794af88e: new RaftServerImpl for group-780021735295:[b0445327-5aa8-4723-b13f-0045c06a7051:192.168.36.126:40401, dd1e4894-806d-4283-b3cc-ceb649e5b26f:192.168.36.126:34305, 6c26676d-e3b4-4ef4-8acf-5b4b794af88e:192.168.36.126:46446] with ContainerStateMachine:uninitialized
2019-09-25 08:43:03,227 [pool-27-thread-1] INFO  server.RaftServerConfigKeys (ConfUtils.java:logGet(43)) - raft.server.rpc.timeout.min = 5s (custom)
2019-09-25 08:43:03,227 [pool-27-thread-1] INFO  server.RaftServerConfigKeys (ConfUtils.java:logGet(43)) - raft.server.rpc.timeout.max = 5200ms (custom)
2019-09-25 08:43:03,227 [pool-27-thread-1] INFO  server.RaftServerConfigKeys (ConfUtils.java:logGet(43)) - raft.server.rpcslowness.timeout = 120s (custom)
2019-09-25 08:43:03,227 [pool-27-thread-1] INFO  server.RaftServerConfigKeys (ConfUtils.java:logGet(43)) - raft.server.sleep.deviation.threshold = 300 (default)
2019-09-25 08:43:03,227 [pool-27-thread-1] INFO  server.RaftServerConfigKeys (ConfUtils.java:logGet(43)) - raft.server.log.appender.install.snapshot.enabled = false (custom)
2019-09-25 08:43:03,228 [pool-27-thread-1] INFO  impl.RaftServerImpl (ServerState.java:<init>(103)) - 6c26676d-e3b4-4ef4-8acf-5b4b794af88e@group-780021735295: ConfigurationManager, init=-1: [b0445327-5aa8-4723-b13f-0045c06a7051:192.168.36.126:40401, dd1e4894-806d-4283-b3cc-ceb649e5b26f:192.168.36.126:34305, 6c26676d-e3b4-4ef4-8acf-5b4b794af88e:192.168.36.126:46446], old=null, confs=<EMPTY_MAP>
2019-09-25 08:43:03,228 [pool-27-thread-1] INFO  server.RaftServerConfigKeys (ConfUtils.java:logGet(43)) - raft.server.storage.dir = [/workdir/hadoop-ozone/ozonefs/target/test-dir/MiniOzoneClusterImpl-d4f0e99b-eb79-4745-ab8c-980425c864f9/datanode-0/data/ratis] (custom)
2019-09-25 08:43:03,228 [pool-27-thread-1] INFO  storage.RaftStorageDirectory (RaftStorageDirectory.java:analyzeStorage(246)) - The storage directory /workdir/hadoop-ozone/ozonefs/target/test-dir/MiniOzoneClusterImpl-d4f0e99b-eb79-4745-ab8c-980425c864f9/datanode-0/data/ratis/fc8e546c-3cac-46a3-a0f1-780021735295 does not exist. Creating ...
2019-09-25 08:43:03,240 [6c26676d-e3b4-4ef4-8acf-5b4b794af88e@group-001A0597DF89:LeaderElection1] INFO  impl.RoleInfo (RoleInfo.java:updateAndGet(143)) - 6c26676d-e3b4-4ef4-8acf-5b4b794af88e: start LeaderState
2019-09-25 08:43:03,273 [6c26676d-e3b4-4ef4-8acf-5b4b794af88e@group-001A0597DF89:LeaderElection1] INFO  segmented.SegmentedRaftLogWorker (SegmentedRaftLogWorker.java:startLogSegment(380)) - 6c26676d-e3b4-4ef4-8acf-5b4b794af88e@group-001A0597DF89-SegmentedRaftLogWorker: Starting segment from index:0
2019-09-25 08:43:03,284 [6c26676d-e3b4-4ef4-8acf-5b4b794af88e@group-001A0597DF89:LeaderElection1] INFO  impl.RaftServerImpl (ServerState.java:setRaftConf(354)) - 6c26676d-e3b4-4ef4-8acf-5b4b794af88e@group-001A0597DF89: set configuration 0: [6c26676d-e3b4-4ef4-8acf-5b4b794af88e:192.168.36.126:46446], old=null at 0
2019-09-25 08:43:06,074 [RATISCREATEPIPELINE3] ERROR pipeline.RatisPipelineProvider (RatisPipelineProvider.java:lambda$null$5(235)) - Failed invoke Ratis rpc org.apache.hadoop.hdds.scm.pipeline.RatisPipelineProvider$$Lambda$204/1036677512@614321de for dd1e4894-806d-4283-b3cc-ceb649e5b26f
org.apache.ratis.protocol.TimeoutIOException: deadline exceeded after 2998461350ns
	at org.apache.ratis.grpc.GrpcUtil.tryUnwrapException(GrpcUtil.java:82)
	at org.apache.ratis.grpc.GrpcUtil.unwrapException(GrpcUtil.java:75)
	at org.apache.ratis.grpc.client.GrpcClientProtocolClient.blockingCall(GrpcClientProtocolClient.java:178)
	at org.apache.ratis.grpc.client.GrpcClientProtocolClient.groupAdd(GrpcClientProtocolClient.java:147)
	at org.apache.ratis.grpc.client.GrpcClientRpc.sendRequest(GrpcClientRpc.java:94)
	at org.apache.ratis.client.impl.RaftClientImpl.sendRequest(RaftClientImpl.java:278)
	at org.apache.ratis.client.impl.RaftClientImpl.groupAdd(RaftClientImpl.java:205)
	at org.apache.hadoop.hdds.scm.pipeline.RatisPipelineProvider.lambda$initializePipeline$4(RatisPipelineProvider.java:196)
	at org.apache.hadoop.hdds.scm.pipeline.RatisPipelineProvider.lambda$null$5(RatisPipelineProvider.java:231)
	at java.util.stream.ForEachOps$ForEachOp$OfRef.accept(ForEachOps.java:184)
	at java.util.ArrayList$ArrayListSpliterator.forEachRemaining(ArrayList.java:1382)
	at java.util.stream.AbstractPipeline.copyInto(AbstractPipeline.java:482)
	at java.util.stream.ForEachOps$ForEachTask.compute(ForEachOps.java:291)
	at java.util.concurrent.CountedCompleter.exec(CountedCompleter.java:731)
	at java.util.concurrent.ForkJoinTask.doExec(ForkJoinTask.java:289)
	at java.util.concurrent.ForkJoinPool$WorkQueue.runTask(ForkJoinPool.java:1056)
	at java.util.concurrent.ForkJoinPool.runWorker(ForkJoinPool.java:1692)
	at java.util.concurrent.ForkJoinWorkerThread.run(ForkJoinWorkerThread.java:157)
Caused by: org.apache.ratis.thirdparty.io.grpc.StatusRuntimeException: DEADLINE_EXCEEDED: deadline exceeded after 2998461350ns
	at org.apache.ratis.thirdparty.io.grpc.stub.ClientCalls.toStatusRuntimeException(ClientCalls.java:233)
	at org.apache.ratis.thirdparty.io.grpc.stub.ClientCalls.getUnchecked(ClientCalls.java:214)
	at org.apache.ratis.thirdparty.io.grpc.stub.ClientCalls.blockingUnaryCall(ClientCalls.java:139)
	at org.apache.ratis.proto.grpc.AdminProtocolServiceGrpc$AdminProtocolServiceBlockingStub.groupManagement(AdminProtocolServiceGrpc.java:274)
	at org.apache.ratis.grpc.client.GrpcClientProtocolClient.lambda$groupAdd$3(GrpcClientProtocolClient.java:149)
	at org.apache.ratis.grpc.client.GrpcClientProtocolClient.blockingCall(GrpcClientProtocolClient.java:176)
	... 15 more
2019-09-25 08:43:06,074 [RATISCREATEPIPELINE2] ERROR pipeline.RatisPipelineProvider (RatisPipelineProvider.java:lambda$null$5(235)) - Failed invoke Ratis rpc org.apache.hadoop.hdds.scm.pipeline.RatisPipelineProvider$$Lambda$204/1036677512@614321de for b0445327-5aa8-4723-b13f-0045c06a7051
org.apache.ratis.protocol.TimeoutIOException: deadline exceeded after 2998496221ns
	at org.apache.ratis.grpc.GrpcUtil.tryUnwrapException(GrpcUtil.java:82)
	at org.apache.ratis.grpc.GrpcUtil.unwrapException(GrpcUtil.java:75)
	at org.apache.ratis.grpc.client.GrpcClientProtocolClient.blockingCall(GrpcClientProtocolClient.java:178)
	at org.apache.ratis.grpc.client.GrpcClientProtocolClient.groupAdd(GrpcClientProtocolClient.java:147)
	at org.apache.ratis.grpc.client.GrpcClientRpc.sendRequest(GrpcClientRpc.java:94)
	at org.apache.ratis.client.impl.RaftClientImpl.sendRequest(RaftClientImpl.java:278)
	at org.apache.ratis.client.impl.RaftClientImpl.groupAdd(RaftClientImpl.java:205)
	at org.apache.hadoop.hdds.scm.pipeline.RatisPipelineProvider.lambda$initializePipeline$4(RatisPipelineProvider.java:196)
	at org.apache.hadoop.hdds.scm.pipeline.RatisPipelineProvider.lambda$null$5(RatisPipelineProvider.java:231)
	at java.util.stream.ForEachOps$ForEachOp$OfRef.accept(ForEachOps.java:184)
	at java.util.ArrayList$ArrayListSpliterator.forEachRemaining(ArrayList.java:1382)
	at java.util.stream.AbstractPipeline.copyInto(AbstractPipeline.java:482)
	at java.util.stream.ForEachOps$ForEachTask.compute(ForEachOps.java:291)
	at java.util.concurrent.CountedCompleter.exec(CountedCompleter.java:731)
	at java.util.concurrent.ForkJoinTask.doExec(ForkJoinTask.java:289)
	at java.util.concurrent.ForkJoinTask.doInvoke(ForkJoinTask.java:401)
	at java.util.concurrent.ForkJoinTask.invoke(ForkJoinTask.java:734)
	at java.util.stream.ForEachOps$ForEachOp.evaluateParallel(ForEachOps.java:160)
	at java.util.stream.ForEachOps$ForEachOp$OfRef.evaluateParallel(ForEachOps.java:174)
	at java.util.stream.AbstractPipeline.evaluate(AbstractPipeline.java:233)
	at java.util.stream.ReferencePipeline.forEach(ReferencePipeline.java:418)
	at java.util.stream.ReferencePipeline$Head.forEach(ReferencePipeline.java:583)
	at org.apache.hadoop.hdds.scm.pipeline.RatisPipelineProvider.lambda$callRatisRpc$6(RatisPipelineProvider.java:225)
	at java.util.concurrent.ForkJoinTask$AdaptedRunnableAction.exec(ForkJoinTask.java:1386)
	at java.util.concurrent.ForkJoinTask.doExec(ForkJoinTask.java:289)
	at java.util.concurrent.ForkJoinPool$WorkQueue.runTask(ForkJoinPool.java:1056)
	at java.util.concurrent.ForkJoinPool.runWorker(ForkJoinPool.java:1692)
	at java.util.concurrent.ForkJoinWorkerThread.run(ForkJoinWorkerThread.java:157)
Caused by: org.apache.ratis.thirdparty.io.grpc.StatusRuntimeException: DEADLINE_EXCEEDED: deadline exceeded after 2998496221ns
	at org.apache.ratis.thirdparty.io.grpc.stub.ClientCalls.toStatusRuntimeException(ClientCalls.java:233)
	at org.apache.ratis.thirdparty.io.grpc.stub.ClientCalls.getUnchecked(ClientCalls.java:214)
	at org.apache.ratis.thirdparty.io.grpc.stub.ClientCalls.blockingUnaryCall(ClientCalls.java:139)
	at org.apache.ratis.proto.grpc.AdminProtocolServiceGrpc$AdminProtocolServiceBlockingStub.groupManagement(AdminProtocolServiceGrpc.java:274)
	at org.apache.ratis.grpc.client.GrpcClientProtocolClient.lambda$groupAdd$3(GrpcClientProtocolClient.java:149)
	at org.apache.ratis.grpc.client.GrpcClientProtocolClient.blockingCall(GrpcClientProtocolClient.java:176)
	... 25 more
2019-09-25 08:43:06,074 [RATISCREATEPIPELINE0] ERROR pipeline.RatisPipelineProvider (RatisPipelineProvider.java:lambda$null$5(235)) - Failed invoke Ratis rpc org.apache.hadoop.hdds.scm.pipeline.RatisPipelineProvider$$Lambda$204/1036677512@614321de for 6c26676d-e3b4-4ef4-8acf-5b4b794af88e
org.apache.ratis.protocol.TimeoutIOException: deadline exceeded after 2997524173ns
	at org.apache.ratis.grpc.GrpcUtil.tryUnwrapException(GrpcUtil.java:82)
	at org.apache.ratis.grpc.GrpcUtil.unwrapException(GrpcUtil.java:75)
	at org.apache.ratis.grpc.client.GrpcClientProtocolClient.blockingCall(GrpcClientProtocolClient.java:178)
	at org.apache.ratis.grpc.client.GrpcClientProtocolClient.groupAdd(GrpcClientProtocolClient.java:147)
	at org.apache.ratis.grpc.client.GrpcClientRpc.sendRequest(GrpcClientRpc.java:94)
	at org.apache.ratis.client.impl.RaftClientImpl.sendRequest(RaftClientImpl.java:278)
	at org.apache.ratis.client.impl.RaftClientImpl.groupAdd(RaftClientImpl.java:205)
	at org.apache.hadoop.hdds.scm.pipeline.RatisPipelineProvider.lambda$initializePipeline$4(RatisPipelineProvider.java:196)
	at org.apache.hadoop.hdds.scm.pipeline.RatisPipelineProvider.lambda$null$5(RatisPipelineProvider.java:231)
	at java.util.stream.ForEachOps$ForEachOp$OfRef.accept(ForEachOps.java:184)
	at java.util.ArrayList$ArrayListSpliterator.forEachRemaining(ArrayList.java:1382)
	at java.util.stream.AbstractPipeline.copyInto(AbstractPipeline.java:482)
	at java.util.stream.ForEachOps$ForEachTask.compute(ForEachOps.java:291)
	at java.util.concurrent.CountedCompleter.exec(CountedCompleter.java:731)
	at java.util.concurrent.ForkJoinTask.doExec(ForkJoinTask.java:289)
	at java.util.concurrent.ForkJoinPool$WorkQueue.runTask(ForkJoinPool.java:1056)
	at java.util.concurrent.ForkJoinPool.runWorker(ForkJoinPool.java:1692)
	at java.util.concurrent.ForkJoinWorkerThread.run(ForkJoinWorkerThread.java:157)
Caused by: org.apache.ratis.thirdparty.io.grpc.StatusRuntimeException: DEADLINE_EXCEEDED: deadline exceeded after 2997524173ns
	at org.apache.ratis.thirdparty.io.grpc.stub.ClientCalls.toStatusRuntimeException(ClientCalls.java:233)
	at org.apache.ratis.thirdparty.io.grpc.stub.ClientCalls.getUnchecked(ClientCalls.java:214)
	at org.apache.ratis.thirdparty.io.grpc.stub.ClientCalls.blockingUnaryCall(ClientCalls.java:139)
	at org.apache.ratis.proto.grpc.AdminProtocolServiceGrpc$AdminProtocolServiceBlockingStub.groupManagement(AdminProtocolServiceGrpc.java:274)
	at org.apache.ratis.grpc.client.GrpcClientProtocolClient.lambda$groupAdd$3(GrpcClientProtocolClient.java:149)
	at org.apache.ratis.grpc.client.GrpcClientProtocolClient.blockingCall(GrpcClientProtocolClient.java:176)
	... 15 more
2019-09-25 08:43:06,085 [IPC Server handler 1 on 39756] WARN  block.BlockManagerImpl (BlockManagerImpl.java:allocateBlock(192)) - Pipeline creation failed for type:RATIS factor:THREE. Retrying get pipelines call once.
org.apache.hadoop.io.MultipleIOException: 3 exceptions [java.io.IOException: Failed invoke Ratis rpc org.apache.hadoop.hdds.scm.pipeline.RatisPipelineProvider$$Lambda$204/1036677512@614321de for dd1e4894-806d-4283-b3cc-ceb649e5b26f, java.io.IOException: Failed invoke Ratis rpc org.apache.hadoop.hdds.scm.pipeline.RatisPipelineProvider$$Lambda$204/1036677512@614321de for b0445327-5aa8-4723-b13f-0045c06a7051, java.io.IOException: Failed invoke Ratis rpc org.apache.hadoop.hdds.scm.pipeline.RatisPipelineProvider$$Lambda$204/1036677512@614321de for 6c26676d-e3b4-4ef4-8acf-5b4b794af88e]
	at org.apache.hadoop.io.MultipleIOException.createIOException(MultipleIOException.java:53)
	at org.apache.hadoop.hdds.scm.pipeline.RatisPipelineProvider.callRatisRpc(RatisPipelineProvider.java:251)
	at org.apache.hadoop.hdds.scm.pipeline.RatisPipelineProvider.initializePipeline(RatisPipelineProvider.java:194)
	at org.apache.hadoop.hdds.scm.pipeline.RatisPipelineProvider.create(RatisPipelineProvider.java:163)
	at org.apache.hadoop.hdds.scm.pipeline.PipelineFactory.create(PipelineFactory.java:58)
	at org.apache.hadoop.hdds.scm.pipeline.SCMPipelineManager.createPipeline(SCMPipelineManager.java:155)
	at org.apache.hadoop.hdds.scm.block.BlockManagerImpl.allocateBlock(BlockManagerImpl.java:190)
	at org.apache.hadoop.hdds.scm.server.SCMBlockProtocolServer.allocateBlock(SCMBlockProtocolServer.java:182)
	at org.apache.hadoop.ozone.protocolPB.ScmBlockLocationProtocolServerSideTranslatorPB.allocateScmBlock(ScmBlockLocationProtocolServerSideTranslatorPB.java:183)
	at org.apache.hadoop.ozone.protocolPB.ScmBlockLocationProtocolServerSideTranslatorPB.processMessage(ScmBlockLocationProtocolServerSideTranslatorPB.java:141)
	at org.apache.hadoop.ozone.protocolPB.ScmBlockLocationProtocolServerSideTranslatorPB.send(ScmBlockLocationProtocolServerSideTranslatorPB.java:116)
	at org.apache.hadoop.hdds.protocol.proto.ScmBlockLocationProtocolProtos$ScmBlockLocationProtocolService$2.callBlockingMethod(ScmBlockLocationProtocolProtos.java:13157)
	at org.apache.hadoop.ipc.ProtobufRpcEngine$Server$ProtoBufRpcInvoker.call(ProtobufRpcEngine.java:524)
	at org.apache.hadoop.ipc.RPC$Server.call(RPC.java:1025)
	at org.apache.hadoop.ipc.Server$RpcCall.run(Server.java:876)
	at org.apache.hadoop.ipc.Server$RpcCall.run(Server.java:822)
	at java.security.AccessController.doPrivileged(Native Method)
	at javax.security.auth.Subject.doAs(Subject.java:422)
	at org.apache.hadoop.security.UserGroupInformation.doAs(UserGroupInformation.java:1730)
	at org.apache.hadoop.ipc.Server$Handler.run(Server.java:2682)
2019-09-25 08:43:06,086 [IPC Server handler 1 on 39756] INFO  block.BlockManagerImpl (BlockManagerImpl.java:allocateBlock(198)) - Could not find available pipeline of type:RATIS and factor:THREE even after retrying
2019-09-25 08:43:06,086 [IPC Server handler 1 on 39756] ERROR block.BlockManagerImpl (BlockManagerImpl.java:allocateBlock(222)) - Unable to allocate a block for the size: 4194304, type: RATIS, factor: THREE
08:43:06.092 [IPC Server handler 7 on 45152] ERROR OMAudit - user=jenkins1000 | ip=127.0.0.1 | op=GET_FILE_STATUS {volume=volume52055, bucket=bucket14370, key=test/ITestOzoneContractDistCp/testUpdateDeepDirectoryStructureNoChange/remote/outputDir/.distcp.tmp.attempt_local2017747317_0001_m_000000_0, dataSize=0, replicationType=null, replicationFactor=null, keyLocationInfo=null} | ret=FAILURE
org.apache.hadoop.ozone.om.exceptions.OMException: Unable to get file status: volume: volume52055 bucket: bucket14370 key: test/ITestOzoneContractDistCp/testUpdateDeepDirectoryStructureNoChange/remote/outputDir/.distcp.tmp.attempt_local2017747317_0001_m_000000_0
	at org.apache.hadoop.ozone.om.KeyManagerImpl.getFileStatus(KeyManagerImpl.java:1785) ~[hadoop-ozone-ozone-manager-0.5.0-SNAPSHOT.jar:?]
	at org.apache.hadoop.ozone.om.OzoneManager.getFileStatus(OzoneManager.java:2892) [hadoop-ozone-ozone-manager-0.5.0-SNAPSHOT.jar:?]
	at org.apache.hadoop.ozone.protocolPB.OzoneManagerRequestHandler.getOzoneFileStatus(OzoneManagerRequestHandler.java:1051) [hadoop-ozone-ozone-manager-0.5.0-SNAPSHOT.jar:?]
	at org.apache.hadoop.ozone.protocolPB.OzoneManagerRequestHandler.handle(OzoneManagerRequestHandler.java:338) [hadoop-ozone-ozone-manager-0.5.0-SNAPSHOT.jar:?]
	at org.apache.hadoop.ozone.protocolPB.OzoneManagerProtocolServerSideTranslatorPB.submitRequestDirectlyToOM(OzoneManagerProtocolServerSideTranslatorPB.java:233) [hadoop-ozone-ozone-manager-0.5.0-SNAPSHOT.jar:?]
	at org.apache.hadoop.ozone.protocolPB.OzoneManagerProtocolServerSideTranslatorPB.processRequest(OzoneManagerProtocolServerSideTranslatorPB.java:157) [hadoop-ozone-ozone-manager-0.5.0-SNAPSHOT.jar:?]
	at org.apache.hadoop.ozone.protocolPB.OzoneManagerProtocolServerSideTranslatorPB.submitRequest(OzoneManagerProtocolServerSideTranslatorPB.java:111) [hadoop-ozone-ozone-manager-0.5.0-SNAPSHOT.jar:?]
	at org.apache.hadoop.ozone.protocol.proto.OzoneManagerProtocolProtos$OzoneManagerService$2.callBlockingMethod(OzoneManagerProtocolProtos.java) [hadoop-ozone-common-0.5.0-SNAPSHOT.jar:?]
	at org.apache.hadoop.ipc.ProtobufRpcEngine$Server$ProtoBufRpcInvoker.call(ProtobufRpcEngine.java:524) [hadoop-common-3.2.0.jar:?]
	at org.apache.hadoop.ipc.RPC$Server.call(RPC.java:1025) [hadoop-common-3.2.0.jar:?]
	at org.apache.hadoop.ipc.Server$RpcCall.run(Server.java:876) [hadoop-common-3.2.0.jar:?]
	at org.apache.hadoop.ipc.Server$RpcCall.run(Server.java:822) [hadoop-common-3.2.0.jar:?]
	at java.security.AccessController.doPrivileged(Native Method) [?:1.8.0_212]
	at javax.security.auth.Subject.doAs(Subject.java:422) [?:1.8.0_212]
	at org.apache.hadoop.security.UserGroupInformation.doAs(UserGroupInformation.java:1730) [hadoop-common-3.2.0.jar:?]
	at org.apache.hadoop.ipc.Server$Handler.run(Server.java:2682) [hadoop-common-3.2.0.jar:?]
2019-09-25 08:43:06,095 [LocalJobRunner Map Task Executor #0] WARN  ozone.BasicOzoneFileSystem (BasicOzoneFileSystem.java:delete(442)) - delete: Path does not exist: o3fs://bucket14370.volume52055/test/ITestOzoneContractDistCp/testUpdateDeepDirectoryStructureNoChange/remote/outputDir/.distcp.tmp.attempt_local2017747317_0001_m_000000_0
2019-09-25 08:43:06,096 [LocalJobRunner Map Task Executor #0] ERROR util.RetriableCommand (RetriableCommand.java:execute(89)) - Failure in Retriable command: Copying file:/workdir/hadoop-ozone/ozonefs/target/test-dir/ITestOzoneContractDistCp/testUpdateDeepDirectoryStructureNoChange/local/inputDir/file1 to o3fs://bucket14370.volume52055/test/ITestOzoneContractDistCp/testUpdateDeepDirectoryStructureNoChange/remote/outputDir/inputDir/file1
INTERNAL_ERROR org.apache.hadoop.ozone.om.exceptions.OMException: Allocated 0 blocks. Requested 1 blocks
	at org.apache.hadoop.ozone.om.protocolPB.OzoneManagerProtocolClientSideTranslatorPB.handleError(OzoneManagerProtocolClientSideTranslatorPB.java:732)
	at org.apache.hadoop.ozone.om.protocolPB.OzoneManagerProtocolClientSideTranslatorPB.createFile(OzoneManagerProtocolClientSideTranslatorPB.java:1536)
	at sun.reflect.NativeMethodAccessorImpl.invoke0(Native Method)
	at sun.reflect.NativeMethodAccessorImpl.invoke(NativeMethodAccessorImpl.java:62)
	at sun.reflect.DelegatingMethodAccessorImpl.invoke(DelegatingMethodAccessorImpl.java:43)
	at java.lang.reflect.Method.invoke(Method.java:498)
	at org.apache.hadoop.hdds.tracing.TraceAllMethod.invoke(TraceAllMethod.java:66)
	at com.sun.proxy.$Proxy41.createFile(Unknown Source)
	at org.apache.hadoop.ozone.client.rpc.RpcClient.createFile(RpcClient.java:1006)
	at org.apache.hadoop.ozone.client.OzoneBucket.createFile(OzoneBucket.java:537)
	at org.apache.hadoop.fs.ozone.BasicOzoneClientAdapterImpl.createFile(BasicOzoneClientAdapterImpl.java:205)
	at org.apache.hadoop.fs.ozone.BasicOzoneFileSystem.createOutputStream(BasicOzoneFileSystem.java:250)
	at org.apache.hadoop.fs.ozone.BasicOzoneFileSystem.create(BasicOzoneFileSystem.java:231)
	at org.apache.hadoop.fs.FileSystem.create(FileSystem.java:1195)
	at org.apache.hadoop.tools.mapred.RetriableFileCopyCommand.copyToFile(RetriableFileCopyCommand.java:184)
	at org.apache.hadoop.tools.mapred.RetriableFileCopyCommand.doCopy(RetriableFileCopyCommand.java:123)
	at org.apache.hadoop.tools.mapred.RetriableFileCopyCommand.doExecute(RetriableFileCopyCommand.java:99)
	at org.apache.hadoop.tools.util.RetriableCommand.execute(RetriableCommand.java:87)
	at org.apache.hadoop.tools.mapred.CopyMapper.copyFileWithRetry(CopyMapper.java:256)
	at org.apache.hadoop.tools.mapred.CopyMapper.map(CopyMapper.java:217)
	at org.apache.hadoop.tools.mapred.CopyMapper.map(CopyMapper.java:48)
	at org.apache.hadoop.mapreduce.Mapper.run(Mapper.java:146)
	at org.apache.hadoop.mapred.MapTask.runNewMapper(MapTask.java:799)
	at org.apache.hadoop.mapred.MapTask.run(MapTask.java:347)
	at org.apache.hadoop.mapred.LocalJobRunner$Job$MapTaskRunnable.run(LocalJobRunner.java:271)
	at java.util.concurrent.Executors$RunnableAdapter.call(Executors.java:511)
	at java.util.concurrent.FutureTask.run(FutureTask.java:266)
	at java.util.concurrent.ThreadPoolExecutor.runWorker(ThreadPoolExecutor.java:1149)
	at java.util.concurrent.ThreadPoolExecutor$Worker.run(ThreadPoolExecutor.java:624)
	at java.lang.Thread.run(Thread.java:748)
2019-09-25 08:43:06,097 [LocalJobRunner Map Task Executor #0] ERROR mapred.CopyMapper (CopyMapper.java:handleFailures(296)) - Failure in copying file:/workdir/hadoop-ozone/ozonefs/target/test-dir/ITestOzoneContractDistCp/testUpdateDeepDirectoryStructureNoChange/local/inputDir/file1 to o3fs://bucket14370.volume52055/test/ITestOzoneContractDistCp/testUpdateDeepDirectoryStructureNoChange/remote/outputDir/inputDir/file1
java.io.IOException: File copy failed: file:/workdir/hadoop-ozone/ozonefs/target/test-dir/ITestOzoneContractDistCp/testUpdateDeepDirectoryStructureNoChange/local/inputDir/file1 --> o3fs://bucket14370.volume52055/test/ITestOzoneContractDistCp/testUpdateDeepDirectoryStructureNoChange/remote/outputDir/inputDir/file1
	at org.apache.hadoop.tools.mapred.CopyMapper.copyFileWithRetry(CopyMapper.java:259)
	at org.apache.hadoop.tools.mapred.CopyMapper.map(CopyMapper.java:217)
	at org.apache.hadoop.tools.mapred.CopyMapper.map(CopyMapper.java:48)
	at org.apache.hadoop.mapreduce.Mapper.run(Mapper.java:146)
	at org.apache.hadoop.mapred.MapTask.runNewMapper(MapTask.java:799)
	at org.apache.hadoop.mapred.MapTask.run(MapTask.java:347)
	at org.apache.hadoop.mapred.LocalJobRunner$Job$MapTaskRunnable.run(LocalJobRunner.java:271)
	at java.util.concurrent.Executors$RunnableAdapter.call(Executors.java:511)
	at java.util.concurrent.FutureTask.run(FutureTask.java:266)
	at java.util.concurrent.ThreadPoolExecutor.runWorker(ThreadPoolExecutor.java:1149)
	at java.util.concurrent.ThreadPoolExecutor$Worker.run(ThreadPoolExecutor.java:624)
	at java.lang.Thread.run(Thread.java:748)
Caused by: java.io.IOException: Couldn't run retriable-command: Copying file:/workdir/hadoop-ozone/ozonefs/target/test-dir/ITestOzoneContractDistCp/testUpdateDeepDirectoryStructureNoChange/local/inputDir/file1 to o3fs://bucket14370.volume52055/test/ITestOzoneContractDistCp/testUpdateDeepDirectoryStructureNoChange/remote/outputDir/inputDir/file1
	at org.apache.hadoop.tools.util.RetriableCommand.execute(RetriableCommand.java:101)
	at org.apache.hadoop.tools.mapred.CopyMapper.copyFileWithRetry(CopyMapper.java:256)
	... 11 more
Caused by: INTERNAL_ERROR org.apache.hadoop.ozone.om.exceptions.OMException: Allocated 0 blocks. Requested 1 blocks
	at org.apache.hadoop.ozone.om.protocolPB.OzoneManagerProtocolClientSideTranslatorPB.handleError(OzoneManagerProtocolClientSideTranslatorPB.java:732)
	at org.apache.hadoop.ozone.om.protocolPB.OzoneManagerProtocolClientSideTranslatorPB.createFile(OzoneManagerProtocolClientSideTranslatorPB.java:1536)
	at sun.reflect.NativeMethodAccessorImpl.invoke0(Native Method)
	at sun.reflect.NativeMethodAccessorImpl.invoke(NativeMethodAccessorImpl.java:62)
	at sun.reflect.DelegatingMethodAccessorImpl.invoke(DelegatingMethodAccessorImpl.java:43)
	at java.lang.reflect.Method.invoke(Method.java:498)
	at org.apache.hadoop.hdds.tracing.TraceAllMethod.invoke(TraceAllMethod.java:66)
	at com.sun.proxy.$Proxy41.createFile(Unknown Source)
	at org.apache.hadoop.ozone.client.rpc.RpcClient.createFile(RpcClient.java:1006)
	at org.apache.hadoop.ozone.client.OzoneBucket.createFile(OzoneBucket.java:537)
	at org.apache.hadoop.fs.ozone.BasicOzoneClientAdapterImpl.createFile(BasicOzoneClientAdapterImpl.java:205)
	at org.apache.hadoop.fs.ozone.BasicOzoneFileSystem.createOutputStream(BasicOzoneFileSystem.java:250)
	at org.apache.hadoop.fs.ozone.BasicOzoneFileSystem.create(BasicOzoneFileSystem.java:231)
	at org.apache.hadoop.fs.FileSystem.create(FileSystem.java:1195)
	at org.apache.hadoop.tools.mapred.RetriableFileCopyCommand.copyToFile(RetriableFileCopyCommand.java:184)
	at org.apache.hadoop.tools.mapred.RetriableFileCopyCommand.doCopy(RetriableFileCopyCommand.java:123)
	at org.apache.hadoop.tools.mapred.RetriableFileCopyCommand.doExecute(RetriableFileCopyCommand.java:99)
	at org.apache.hadoop.tools.util.RetriableCommand.execute(RetriableCommand.java:87)
	... 12 more
2019-09-25 08:43:06,105 [LocalJobRunner Map Task Executor #0] INFO  mapred.LocalJobRunner (LocalJobRunner.java:run(252)) - Starting task: attempt_local2017747317_0001_m_000001_0
2019-09-25 08:43:06,115 [LocalJobRunner Map Task Executor #0] INFO  output.FileOutputCommitter (FileOutputCommitter.java:<init>(140)) - File Output Committer Algorithm version is 2
2019-09-25 08:43:06,115 [LocalJobRunner Map Task Executor #0] INFO  output.FileOutputCommitter (FileOutputCommitter.java:<init>(155)) - FileOutputCommitter skip cleanup _temporary folders under output directory:false, ignore cleanup failures: false
2019-09-25 08:43:06,116 [LocalJobRunner Map Task Executor #0] INFO  mapred.Task (Task.java:initialize(626)) -  Using ResourceCalculatorProcessTree : [ ]
2019-09-25 08:43:06,118 [LocalJobRunner Map Task Executor #0] INFO  mapred.MapTask (MapTask.java:runNewMapper(768)) - Processing split: file:/tmp/hadoop/mapred/staging/jenkins10001754387747/.staging/_distcp1947804364/fileList.seq:1702+564
2019-09-25 08:43:06,118 [LocalJobRunner Map Task Executor #0] INFO  output.FileOutputCommitter (FileOutputCommitter.java:<init>(140)) - File Output Committer Algorithm version is 2
2019-09-25 08:43:06,119 [LocalJobRunner Map Task Executor #0] INFO  output.FileOutputCommitter (FileOutputCommitter.java:<init>(155)) - FileOutputCommitter skip cleanup _temporary folders under output directory:false, ignore cleanup failures: false
08:43:06.151 [IPC Server handler 12 on 45152] ERROR OMAudit - user=jenkins1000 | ip=127.0.0.1 | op=GET_FILE_STATUS {volume=volume52055, bucket=bucket14370, key=test/ITestOzoneContractDistCp/testUpdateDeepDirectoryStructureNoChange/remote/outputDir, dataSize=0, replicationType=null, replicationFactor=null, keyLocationInfo=null} | ret=FAILURE
org.apache.hadoop.ozone.om.exceptions.OMException: Unable to get file status: volume: volume52055 bucket: bucket14370 key: test/ITestOzoneContractDistCp/testUpdateDeepDirectoryStructureNoChange/remote/outputDir
	at org.apache.hadoop.ozone.om.KeyManagerImpl.getFileStatus(KeyManagerImpl.java:1785) ~[hadoop-ozone-ozone-manager-0.5.0-SNAPSHOT.jar:?]
	at org.apache.hadoop.ozone.om.OzoneManager.getFileStatus(OzoneManager.java:2892) [hadoop-ozone-ozone-manager-0.5.0-SNAPSHOT.jar:?]
	at org.apache.hadoop.ozone.protocolPB.OzoneManagerRequestHandler.getOzoneFileStatus(OzoneManagerRequestHandler.java:1051) [hadoop-ozone-ozone-manager-0.5.0-SNAPSHOT.jar:?]
	at org.apache.hadoop.ozone.protocolPB.OzoneManagerRequestHandler.handle(OzoneManagerRequestHandler.java:338) [hadoop-ozone-ozone-manager-0.5.0-SNAPSHOT.jar:?]
	at org.apache.hadoop.ozone.protocolPB.OzoneManagerProtocolServerSideTranslatorPB.submitRequestDirectlyToOM(OzoneManagerProtocolServerSideTranslatorPB.java:233) [hadoop-ozone-ozone-manager-0.5.0-SNAPSHOT.jar:?]
	at org.apache.hadoop.ozone.protocolPB.OzoneManagerProtocolServerSideTranslatorPB.processRequest(OzoneManagerProtocolServerSideTranslatorPB.java:157) [hadoop-ozone-ozone-manager-0.5.0-SNAPSHOT.jar:?]
	at org.apache.hadoop.ozone.protocolPB.OzoneManagerProtocolServerSideTranslatorPB.submitRequest(OzoneManagerProtocolServerSideTranslatorPB.java:111) [hadoop-ozone-ozone-manager-0.5.0-SNAPSHOT.jar:?]
	at org.apache.hadoop.ozone.protocol.proto.OzoneManagerProtocolProtos$OzoneManagerService$2.callBlockingMethod(OzoneManagerProtocolProtos.java) [hadoop-ozone-common-0.5.0-SNAPSHOT.jar:?]
	at org.apache.hadoop.ipc.ProtobufRpcEngine$Server$ProtoBufRpcInvoker.call(ProtobufRpcEngine.java:524) [hadoop-common-3.2.0.jar:?]
	at org.apache.hadoop.ipc.RPC$Server.call(RPC.java:1025) [hadoop-common-3.2.0.jar:?]
	at org.apache.hadoop.ipc.Server$RpcCall.run(Server.java:876) [hadoop-common-3.2.0.jar:?]
	at org.apache.hadoop.ipc.Server$RpcCall.run(Server.java:822) [hadoop-common-3.2.0.jar:?]
	at java.security.AccessController.doPrivileged(Native Method) [?:1.8.0_212]
	at javax.security.auth.Subject.doAs(Subject.java:422) [?:1.8.0_212]
	at org.apache.hadoop.security.UserGroupInformation.doAs(UserGroupInformation.java:1730) [hadoop-common-3.2.0.jar:?]
	at org.apache.hadoop.ipc.Server$Handler.run(Server.java:2682) [hadoop-common-3.2.0.jar:?]
2019-09-25 08:43:06,160 [LocalJobRunner Map Task Executor #0] INFO  mapred.CopyMapper (CopyMapper.java:map(154)) - Copying file:/workdir/hadoop-ozone/ozonefs/target/test-dir/ITestOzoneContractDistCp/testUpdateDeepDirectoryStructureNoChange/local/inputDir/subDir1/file2 to o3fs://bucket14370.volume52055/test/ITestOzoneContractDistCp/testUpdateDeepDirectoryStructureNoChange/remote/outputDir/inputDir/subDir1/file2
08:43:06.166 [IPC Server handler 9 on 45152] ERROR OMAudit - user=jenkins1000 | ip=127.0.0.1 | op=GET_FILE_STATUS {volume=volume52055, bucket=bucket14370, key=test/ITestOzoneContractDistCp/testUpdateDeepDirectoryStructureNoChange/remote/outputDir/inputDir/subDir1/file2, dataSize=0, replicationType=null, replicationFactor=null, keyLocationInfo=null} | ret=FAILURE
org.apache.hadoop.ozone.om.exceptions.OMException: Unable to get file status: volume: volume52055 bucket: bucket14370 key: test/ITestOzoneContractDistCp/testUpdateDeepDirectoryStructureNoChange/remote/outputDir/inputDir/subDir1/file2
	at org.apache.hadoop.ozone.om.KeyManagerImpl.getFileStatus(KeyManagerImpl.java:1785) ~[hadoop-ozone-ozone-manager-0.5.0-SNAPSHOT.jar:?]
	at org.apache.hadoop.ozone.om.OzoneManager.getFileStatus(OzoneManager.java:2892) [hadoop-ozone-ozone-manager-0.5.0-SNAPSHOT.jar:?]
	at org.apache.hadoop.ozone.protocolPB.OzoneManagerRequestHandler.getOzoneFileStatus(OzoneManagerRequestHandler.java:1051) [hadoop-ozone-ozone-manager-0.5.0-SNAPSHOT.jar:?]
	at org.apache.hadoop.ozone.protocolPB.OzoneManagerRequestHandler.handle(OzoneManagerRequestHandler.java:338) [hadoop-ozone-ozone-manager-0.5.0-SNAPSHOT.jar:?]
	at org.apache.hadoop.ozone.protocolPB.OzoneManagerProtocolServerSideTranslatorPB.submitRequestDirectlyToOM(OzoneManagerProtocolServerSideTranslatorPB.java:233) [hadoop-ozone-ozone-manager-0.5.0-SNAPSHOT.jar:?]
	at org.apache.hadoop.ozone.protocolPB.OzoneManagerProtocolServerSideTranslatorPB.processRequest(OzoneManagerProtocolServerSideTranslatorPB.java:157) [hadoop-ozone-ozone-manager-0.5.0-SNAPSHOT.jar:?]
	at org.apache.hadoop.ozone.protocolPB.OzoneManagerProtocolServerSideTranslatorPB.submitRequest(OzoneManagerProtocolServerSideTranslatorPB.java:111) [hadoop-ozone-ozone-manager-0.5.0-SNAPSHOT.jar:?]
	at org.apache.hadoop.ozone.protocol.proto.OzoneManagerProtocolProtos$OzoneManagerService$2.callBlockingMethod(OzoneManagerProtocolProtos.java) [hadoop-ozone-common-0.5.0-SNAPSHOT.jar:?]
	at org.apache.hadoop.ipc.ProtobufRpcEngine$Server$ProtoBufRpcInvoker.call(ProtobufRpcEngine.java:524) [hadoop-common-3.2.0.jar:?]
	at org.apache.hadoop.ipc.RPC$Server.call(RPC.java:1025) [hadoop-common-3.2.0.jar:?]
	at org.apache.hadoop.ipc.Server$RpcCall.run(Server.java:876) [hadoop-common-3.2.0.jar:?]
	at org.apache.hadoop.ipc.Server$RpcCall.run(Server.java:822) [hadoop-common-3.2.0.jar:?]
	at java.security.AccessController.doPrivileged(Native Method) [?:1.8.0_212]
	at javax.security.auth.Subject.doAs(Subject.java:422) [?:1.8.0_212]
	at org.apache.hadoop.security.UserGroupInformation.doAs(UserGroupInformation.java:1730) [hadoop-common-3.2.0.jar:?]
	at org.apache.hadoop.ipc.Server$Handler.run(Server.java:2682) [hadoop-common-3.2.0.jar:?]
2019-09-25 08:43:06,169 [LocalJobRunner Map Task Executor #0] INFO  mapred.RetriableFileCopyCommand (RetriableFileCopyCommand.java:getTmpFile(260)) - Creating temp file: o3fs://bucket14370.volume52055/test/ITestOzoneContractDistCp/testUpdateDeepDirectoryStructureNoChange/remote/outputDir/.distcp.tmp.attempt_local2017747317_0001_m_000001_0
2019-09-25 08:43:06,194 [grpc-default-executor-2] INFO  impl.RaftServerProxy (RaftServerProxy.java:addNew(89)) - b0445327-5aa8-4723-b13f-0045c06a7051: addNew group-F574EF683A41:[b0445327-5aa8-4723-b13f-0045c06a7051:192.168.36.126:40401, dd1e4894-806d-4283-b3cc-ceb649e5b26f:192.168.36.126:34305, 6c26676d-e3b4-4ef4-8acf-5b4b794af88e:192.168.36.126:46446] returns group-F574EF683A41:java.util.concurrent.CompletableFuture@6fd570d6[Not completed]
2019-09-25 08:43:06,194 [grpc-default-executor-4] INFO  impl.RaftServerProxy (RaftServerProxy.java:addNew(89)) - 6c26676d-e3b4-4ef4-8acf-5b4b794af88e: addNew group-F574EF683A41:[b0445327-5aa8-4723-b13f-0045c06a7051:192.168.36.126:40401, dd1e4894-806d-4283-b3cc-ceb649e5b26f:192.168.36.126:34305, 6c26676d-e3b4-4ef4-8acf-5b4b794af88e:192.168.36.126:46446] returns group-F574EF683A41:java.util.concurrent.CompletableFuture@47a32d59[Not completed]
2019-09-25 08:43:06,194 [grpc-default-executor-3] INFO  impl.RaftServerProxy (RaftServerProxy.java:addNew(89)) - dd1e4894-806d-4283-b3cc-ceb649e5b26f: addNew group-F574EF683A41:[b0445327-5aa8-4723-b13f-0045c06a7051:192.168.36.126:40401, dd1e4894-806d-4283-b3cc-ceb649e5b26f:192.168.36.126:34305, 6c26676d-e3b4-4ef4-8acf-5b4b794af88e:192.168.36.126:46446] returns group-F574EF683A41:java.util.concurrent.CompletableFuture@2aac4a16[Not completed]
2019-09-25 08:43:08,402 [Thread-317] INFO  impl.FollowerState (FollowerState.java:run(106)) - 6c26676d-e3b4-4ef4-8acf-5b4b794af88e:group-0ECE08F33E54 changes to CANDIDATE, lastRpcTime:5179, electionTimeout:5179ms
2019-09-25 08:43:08,403 [Thread-317] INFO  impl.RoleInfo (RoleInfo.java:shutdownFollowerState(121)) - 6c26676d-e3b4-4ef4-8acf-5b4b794af88e: shutdown FollowerState
2019-09-25 08:43:08,403 [Thread-317] INFO  impl.RaftServerImpl (RaftServerImpl.java:setRole(174)) - 6c26676d-e3b4-4ef4-8acf-5b4b794af88e@group-0ECE08F33E54: changes role from  FOLLOWER to CANDIDATE at term 0 for changeToCandidate
2019-09-25 08:43:08,404 [Thread-317] INFO  impl.RoleInfo (RoleInfo.java:updateAndGet(143)) - 6c26676d-e3b4-4ef4-8acf-5b4b794af88e: start LeaderElection
2019-09-25 08:43:08,573 [pool-27-thread-1] INFO  storage.RaftStorageDirectory (RaftStorageDirectory.java:tryLock(328)) - Lock on /workdir/hadoop-ozone/ozonefs/target/test-dir/MiniOzoneClusterImpl-d4f0e99b-eb79-4745-ab8c-980425c864f9/datanode-0/data/ratis/fc8e546c-3cac-46a3-a0f1-780021735295/in_use.lock acquired by nodename 26692@pr-hdds-2174-pqx5g-486351168
2019-09-25 08:43:08,573 [6c26676d-e3b4-4ef4-8acf-5b4b794af88e@group-001A0597DF89-SegmentedRaftLogWorker] INFO  segmented.SegmentedRaftLogWorker (SegmentedRaftLogWorker.java:execute(569)) - 6c26676d-e3b4-4ef4-8acf-5b4b794af88e@group-001A0597DF89-SegmentedRaftLogWorker: created new log segment /workdir/hadoop-ozone/ozonefs/target/test-dir/MiniOzoneClusterImpl-d4f0e99b-eb79-4745-ab8c-980425c864f9/datanode-0/data/ratis/88657058-b916-4602-bdd1-001a0597df89/current/log_inprogress_0
2019-09-25 08:43:08,573 [pool-57-thread-1] INFO  storage.RaftStorage (RaftStorage.java:format(72)) - Storage directory /workdir/hadoop-ozone/ozonefs/target/test-dir/MiniOzoneClusterImpl-d4f0e99b-eb79-4745-ab8c-980425c864f9/datanode-3/data/ratis/ba598f30-7202-4a77-9026-fa53bd1d2530 has been successfully formatted.
2019-09-25 08:43:08,573 [pool-37-thread-1] INFO  storage.RaftStorage (RaftStorage.java:format(72)) - Storage directory /workdir/hadoop-ozone/ozonefs/target/test-dir/MiniOzoneClusterImpl-d4f0e99b-eb79-4745-ab8c-980425c864f9/datanode-1/data/ratis/fc8e546c-3cac-46a3-a0f1-780021735295 has been successfully formatted.
2019-09-25 08:43:08,576 [6c26676d-e3b4-4ef4-8acf-5b4b794af88e@group-0ECE08F33E54:LeaderElection3] INFO  impl.LeaderElection (LeaderElection.java:askForVotes(182)) - 6c26676d-e3b4-4ef4-8acf-5b4b794af88e@group-0ECE08F33E54:LeaderElection3: begin an election at term 1 for -1: [b0445327-5aa8-4723-b13f-0045c06a7051:192.168.36.126:40401, dd1e4894-806d-4283-b3cc-ceb649e5b26f:192.168.36.126:34305, 6c26676d-e3b4-4ef4-8acf-5b4b794af88e:192.168.36.126:46446], old=null
2019-09-25 08:43:08,574 [b0445327-5aa8-4723-b13f-0045c06a7051@group-0ECE08F33E54:LeaderElection2] INFO  impl.LeaderElection (LeaderElection.java:askForVotes(182)) - b0445327-5aa8-4723-b13f-0045c06a7051@group-0ECE08F33E54:LeaderElection2: begin an election at term 1 for -1: [b0445327-5aa8-4723-b13f-0045c06a7051:192.168.36.126:40401, dd1e4894-806d-4283-b3cc-ceb649e5b26f:192.168.36.126:34305, 6c26676d-e3b4-4ef4-8acf-5b4b794af88e:192.168.36.126:46446], old=null
2019-09-25 08:43:08,577 [pool-57-thread-1] INFO  ratis.ContainerStateMachine (ContainerStateMachine.java:loadSnapshot(230)) - group-FA53BD1D2530: The snapshot info is null. Setting the last applied indexto:(t:0, i:~)
2019-09-25 08:43:08,577 [pool-37-thread-1] INFO  ratis.ContainerStateMachine (ContainerStateMachine.java:loadSnapshot(230)) - group-780021735295: The snapshot info is null. Setting the last applied indexto:(t:0, i:~)
2019-09-25 08:43:08,577 [pool-57-thread-1] INFO  server.RaftServerConfigKeys (ConfUtils.java:logGet(43)) - raft.server.notification.no-leader.timeout = 120s (custom)
2019-09-25 08:43:08,577 [pool-37-thread-1] INFO  server.RaftServerConfigKeys (ConfUtils.java:logGet(43)) - raft.server.notification.no-leader.timeout = 120s (custom)
2019-09-25 08:43:08,577 [pool-57-thread-1] INFO  server.RaftServerConfigKeys (ConfUtils.java:logGet(43)) - raft.server.log.use.memory = false (default)
2019-09-25 08:43:08,578 [pool-37-thread-1] INFO  server.RaftServerConfigKeys (ConfUtils.java:logGet(43)) - raft.server.log.use.memory = false (default)
2019-09-25 08:43:08,578 [pool-57-thread-1] INFO  server.RaftServerConfigKeys (ConfUtils.java:logGet(43)) - raft.server.log.purge.gap = 1000000 (custom)
2019-09-25 08:43:08,578 [pool-37-thread-1] INFO  server.RaftServerConfigKeys (ConfUtils.java:logGet(43)) - raft.server.log.purge.gap = 1000000 (custom)
2019-09-25 08:43:08,578 [pool-57-thread-1] INFO  server.RaftServerConfigKeys (ConfUtils.java:logGet(43)) - raft.server.log.appender.buffer.byte-limit = 33554432 (custom)
2019-09-25 08:43:08,578 [pool-37-thread-1] INFO  server.RaftServerConfigKeys (ConfUtils.java:logGet(43)) - raft.server.log.appender.buffer.byte-limit = 33554432 (custom)
2019-09-25 08:43:08,578 [pool-57-thread-1] INFO  server.RaftServerConfigKeys (ConfUtils.java:logGet(43)) - raft.server.log.segment.size.max = 1048576 (custom)
2019-09-25 08:43:08,579 [pool-37-thread-1] INFO  server.RaftServerConfigKeys (ConfUtils.java:logGet(43)) - raft.server.log.segment.size.max = 1048576 (custom)
2019-09-25 08:43:08,579 [pool-57-thread-1] INFO  server.RaftServerConfigKeys (ConfUtils.java:logGet(43)) - raft.server.log.segment.cache.num.max = 2 (custom)
2019-09-25 08:43:08,579 [pool-37-thread-1] INFO  server.RaftServerConfigKeys (ConfUtils.java:logGet(43)) - raft.server.log.segment.cache.num.max = 2 (custom)
2019-09-25 08:43:08,579 [pool-57-thread-1] INFO  segmented.SegmentedRaftLogWorker (SegmentedRaftLogWorker.java:<init>(172)) - new dd1e4894-806d-4283-b3cc-ceb649e5b26f@group-FA53BD1D2530-SegmentedRaftLogWorker for RaftStorage:Storage Directory /workdir/hadoop-ozone/ozonefs/target/test-dir/MiniOzoneClusterImpl-d4f0e99b-eb79-4745-ab8c-980425c864f9/datanode-3/data/ratis/ba598f30-7202-4a77-9026-fa53bd1d2530
2019-09-25 08:43:08,579 [pool-37-thread-1] INFO  segmented.SegmentedRaftLogWorker (SegmentedRaftLogWorker.java:<init>(172)) - new b0445327-5aa8-4723-b13f-0045c06a7051@group-780021735295-SegmentedRaftLogWorker for RaftStorage:Storage Directory /workdir/hadoop-ozone/ozonefs/target/test-dir/MiniOzoneClusterImpl-d4f0e99b-eb79-4745-ab8c-980425c864f9/datanode-1/data/ratis/fc8e546c-3cac-46a3-a0f1-780021735295
2019-09-25 08:43:08,580 [pool-57-thread-1] INFO  server.RaftServerConfigKeys (ConfUtils.java:logGet(43)) - raft.server.log.queue.byte-limit = 2147483647 (custom)
2019-09-25 08:43:08,580 [pool-37-thread-1] INFO  server.RaftServerConfigKeys (ConfUtils.java:logGet(43)) - raft.server.log.queue.byte-limit = 2147483647 (custom)
2019-09-25 08:43:08,580 [pool-57-thread-1] INFO  server.RaftServerConfigKeys (ConfUtils.java:logGet(43)) - raft.server.log.queue.element-limit = 1024 (custom)
2019-09-25 08:43:08,580 [pool-37-thread-1] INFO  server.RaftServerConfigKeys (ConfUtils.java:logGet(43)) - raft.server.log.queue.element-limit = 1024 (custom)
2019-09-25 08:43:08,580 [pool-57-thread-1] INFO  server.RaftServerConfigKeys (ConfUtils.java:logGet(43)) - raft.server.log.segment.size.max = 1048576 (custom)
2019-09-25 08:43:08,580 [pool-37-thread-1] INFO  server.RaftServerConfigKeys (ConfUtils.java:logGet(43)) - raft.server.log.segment.size.max = 1048576 (custom)
2019-09-25 08:43:08,581 [pool-57-thread-1] INFO  server.RaftServerConfigKeys (ConfUtils.java:logGet(43)) - raft.server.log.preallocated.size = 16384 (custom)
2019-09-25 08:43:08,581 [pool-37-thread-1] INFO  server.RaftServerConfigKeys (ConfUtils.java:logGet(43)) - raft.server.log.preallocated.size = 16384 (custom)
2019-09-25 08:43:08,581 [pool-57-thread-1] INFO  server.RaftServerConfigKeys (ConfUtils.java:logGet(43)) - raft.server.log.write.buffer.size = 33554432 (custom)
2019-09-25 08:43:08,581 [pool-37-thread-1] INFO  server.RaftServerConfigKeys (ConfUtils.java:logGet(43)) - raft.server.log.write.buffer.size = 33554432 (custom)
2019-09-25 08:43:08,581 [pool-57-thread-1] INFO  server.RaftServerConfigKeys (ConfUtils.java:logGet(43)) - raft.server.log.force.sync.num = 128 (default)
2019-09-25 08:43:08,581 [pool-37-thread-1] INFO  server.RaftServerConfigKeys (ConfUtils.java:logGet(43)) - raft.server.log.force.sync.num = 128 (default)
2019-09-25 08:43:08,582 [pool-57-thread-1] INFO  server.RaftServerConfigKeys (ConfUtils.java:logGet(43)) - raft.server.log.statemachine.data.sync = true (default)
2019-09-25 08:43:08,582 [pool-37-thread-1] INFO  server.RaftServerConfigKeys (ConfUtils.java:logGet(43)) - raft.server.log.statemachine.data.sync = true (default)
2019-09-25 08:43:08,582 [pool-57-thread-1] INFO  server.RaftServerConfigKeys (ConfUtils.java:logGet(43)) - raft.server.log.statemachine.data.sync.timeout = 10s (default)
2019-09-25 08:43:08,582 [pool-37-thread-1] INFO  server.RaftServerConfigKeys (ConfUtils.java:logGet(43)) - raft.server.log.statemachine.data.sync.timeout = 10s (default)
2019-09-25 08:43:08,582 [pool-57-thread-1] INFO  server.RaftServerConfigKeys (ConfUtils.java:logGet(43)) - raft.server.log.statemachine.data.sync.timeout.retry = -1 (default)
2019-09-25 08:43:08,583 [pool-37-thread-1] INFO  server.RaftServerConfigKeys (ConfUtils.java:logGet(43)) - raft.server.log.statemachine.data.sync.timeout.retry = -1 (default)
2019-09-25 08:43:08,583 [pool-57-thread-1] INFO  server.RaftServerConfigKeys (ConfUtils.java:logGet(43)) - raft.server.log.statemachine.data.caching.enabled = true (custom)
2019-09-25 08:43:08,583 [pool-37-thread-1] INFO  server.RaftServerConfigKeys (ConfUtils.java:logGet(43)) - raft.server.log.statemachine.data.caching.enabled = true (custom)
2019-09-25 08:43:08,583 [pool-57-thread-1] INFO  segmented.SegmentedRaftLogWorker (SegmentedRaftLogWorker.java:lambda$new$0(132)) - dd1e4894-806d-4283-b3cc-ceb649e5b26f@group-FA53BD1D2530-SegmentedRaftLogWorker: flushIndex: setUnconditionally 0 -> -1
2019-09-25 08:43:08,584 [pool-37-thread-1] INFO  segmented.SegmentedRaftLogWorker (SegmentedRaftLogWorker.java:lambda$new$0(132)) - b0445327-5aa8-4723-b13f-0045c06a7051@group-780021735295-SegmentedRaftLogWorker: flushIndex: setUnconditionally 0 -> -1
2019-09-25 08:43:08,584 [pool-57-thread-1] INFO  server.RaftServerConfigKeys (ConfUtils.java:logGet(43)) - raft.server.snapshot.auto.trigger.enabled = true (custom)
2019-09-25 08:43:08,584 [pool-37-thread-1] INFO  server.RaftServerConfigKeys (ConfUtils.java:logGet(43)) - raft.server.snapshot.auto.trigger.enabled = true (custom)
2019-09-25 08:43:08,584 [pool-57-thread-1] INFO  server.RaftServerConfigKeys (ConfUtils.java:logGet(43)) - raft.server.snapshot.auto.trigger.threshold = 10000 (custom)
2019-09-25 08:43:08,584 [pool-37-thread-1] INFO  server.RaftServerConfigKeys (ConfUtils.java:logGet(43)) - raft.server.snapshot.auto.trigger.threshold = 10000 (custom)
2019-09-25 08:43:08,584 [pool-57-thread-1] INFO  server.RaftServerConfigKeys (ConfUtils.java:logGet(43)) - raft.server.snapshot.retention.num.files = 5 (custom)
2019-09-25 08:43:08,584 [pool-37-thread-1] INFO  server.RaftServerConfigKeys (ConfUtils.java:logGet(43)) - raft.server.snapshot.retention.num.files = 5 (custom)
2019-09-25 08:43:08,585 [pool-57-thread-1] INFO  server.RaftServerConfigKeys (ConfUtils.java:logGet(43)) - raft.server.retrycache.expirytime = 600000ms (custom)
2019-09-25 08:43:08,585 [pool-37-thread-1] INFO  server.RaftServerConfigKeys (ConfUtils.java:logGet(43)) - raft.server.retrycache.expirytime = 600000ms (custom)
2019-09-25 08:43:08,595 [pool-57-thread-1] INFO  impl.RaftServerImpl (RaftServerImpl.java:start(185)) - dd1e4894-806d-4283-b3cc-ceb649e5b26f@group-0ECE08F33E54: start as a follower, conf=-1: [b0445327-5aa8-4723-b13f-0045c06a7051:192.168.36.126:40401, dd1e4894-806d-4283-b3cc-ceb649e5b26f:192.168.36.126:34305, 6c26676d-e3b4-4ef4-8acf-5b4b794af88e:192.168.36.126:46446], old=null
2019-09-25 08:43:08,595 [pool-57-thread-1] INFO  impl.RaftServerImpl (RaftServerImpl.java:setRole(174)) - dd1e4894-806d-4283-b3cc-ceb649e5b26f@group-0ECE08F33E54: changes role from      null to FOLLOWER at term 0 for startAsFollower
2019-09-25 08:43:08,595 [pool-57-thread-1] INFO  impl.RoleInfo (RoleInfo.java:updateAndGet(143)) - dd1e4894-806d-4283-b3cc-ceb649e5b26f: start FollowerState
2019-09-25 08:43:08,596 [pool-57-thread-1] INFO  util.JmxRegister (JmxRegister.java:tryRegister(44)) - Successfully registered JMX Bean with object name Ratis:service=RaftServer,group=group-0ECE08F33E54,id=dd1e4894-806d-4283-b3cc-ceb649e5b26f
2019-09-25 08:43:08,603 [pool-37-thread-1] INFO  impl.RaftServerImpl (RaftServerImpl.java:<init>(95)) - b0445327-5aa8-4723-b13f-0045c06a7051: new RaftServerImpl for group-03297FA65894:[b0445327-5aa8-4723-b13f-0045c06a7051:192.168.36.126:40401, dd1e4894-806d-4283-b3cc-ceb649e5b26f:192.168.36.126:34305, 6c26676d-e3b4-4ef4-8acf-5b4b794af88e:192.168.36.126:46446] with ContainerStateMachine:uninitialized
2019-09-25 08:43:08,604 [pool-37-thread-1] INFO  server.RaftServerConfigKeys (ConfUtils.java:logGet(43)) - raft.server.rpc.timeout.min = 5s (custom)
2019-09-25 08:43:08,604 [pool-37-thread-1] INFO  server.RaftServerConfigKeys (ConfUtils.java:logGet(43)) - raft.server.rpc.timeout.max = 5200ms (custom)
2019-09-25 08:43:08,604 [pool-37-thread-1] INFO  server.RaftServerConfigKeys (ConfUtils.java:logGet(43)) - raft.server.rpcslowness.timeout = 120s (custom)
2019-09-25 08:43:08,604 [pool-37-thread-1] INFO  server.RaftServerConfigKeys (ConfUtils.java:logGet(43)) - raft.server.sleep.deviation.threshold = 300 (default)
2019-09-25 08:43:08,606 [pool-37-thread-1] INFO  server.RaftServerConfigKeys (ConfUtils.java:logGet(43)) - raft.server.log.appender.install.snapshot.enabled = false (custom)
2019-09-25 08:43:08,606 [pool-37-thread-1] INFO  impl.RaftServerImpl (ServerState.java:<init>(103)) - b0445327-5aa8-4723-b13f-0045c06a7051@group-03297FA65894: ConfigurationManager, init=-1: [b0445327-5aa8-4723-b13f-0045c06a7051:192.168.36.126:40401, dd1e4894-806d-4283-b3cc-ceb649e5b26f:192.168.36.126:34305, 6c26676d-e3b4-4ef4-8acf-5b4b794af88e:192.168.36.126:46446], old=null, confs=<EMPTY_MAP>
2019-09-25 08:43:08,606 [pool-37-thread-1] INFO  server.RaftServerConfigKeys (ConfUtils.java:logGet(43)) - raft.server.storage.dir = [/workdir/hadoop-ozone/ozonefs/target/test-dir/MiniOzoneClusterImpl-d4f0e99b-eb79-4745-ab8c-980425c864f9/datanode-1/data/ratis] (custom)
2019-09-25 08:43:08,608 [pool-57-thread-1] INFO  impl.RaftServerImpl (RaftServerImpl.java:<init>(95)) - dd1e4894-806d-4283-b3cc-ceb649e5b26f: new RaftServerImpl for group-780021735295:[b0445327-5aa8-4723-b13f-0045c06a7051:192.168.36.126:40401, dd1e4894-806d-4283-b3cc-ceb649e5b26f:192.168.36.126:34305, 6c26676d-e3b4-4ef4-8acf-5b4b794af88e:192.168.36.126:46446] with ContainerStateMachine:uninitialized
2019-09-25 08:43:08,608 [pool-37-thread-1] INFO  storage.RaftStorageDirectory (RaftStorageDirectory.java:analyzeStorage(246)) - The storage directory /workdir/hadoop-ozone/ozonefs/target/test-dir/MiniOzoneClusterImpl-d4f0e99b-eb79-4745-ab8c-980425c864f9/datanode-1/data/ratis/0f2e7b30-5038-42f6-bb2f-03297fa65894 does not exist. Creating ...
2019-09-25 08:43:08,608 [pool-57-thread-1] INFO  server.RaftServerConfigKeys (ConfUtils.java:logGet(43)) - raft.server.rpc.timeout.min = 5s (custom)
2019-09-25 08:43:08,609 [pool-57-thread-1] INFO  server.RaftServerConfigKeys (ConfUtils.java:logGet(43)) - raft.server.rpc.timeout.max = 5200ms (custom)
2019-09-25 08:43:08,609 [pool-57-thread-1] INFO  server.RaftServerConfigKeys (ConfUtils.java:logGet(43)) - raft.server.rpcslowness.timeout = 120s (custom)
2019-09-25 08:43:08,610 [pool-57-thread-1] INFO  server.RaftServerConfigKeys (ConfUtils.java:logGet(43)) - raft.server.sleep.deviation.threshold = 300 (default)
2019-09-25 08:43:08,611 [pool-57-thread-1] INFO  server.RaftServerConfigKeys (ConfUtils.java:logGet(43)) - raft.server.log.appender.install.snapshot.enabled = false (custom)
2019-09-25 08:43:08,611 [pool-57-thread-1] INFO  impl.RaftServerImpl (ServerState.java:<init>(103)) - dd1e4894-806d-4283-b3cc-ceb649e5b26f@group-780021735295: ConfigurationManager, init=-1: [b0445327-5aa8-4723-b13f-0045c06a7051:192.168.36.126:40401, dd1e4894-806d-4283-b3cc-ceb649e5b26f:192.168.36.126:34305, 6c26676d-e3b4-4ef4-8acf-5b4b794af88e:192.168.36.126:46446], old=null, confs=<EMPTY_MAP>
2019-09-25 08:43:08,611 [pool-57-thread-1] INFO  server.RaftServerConfigKeys (ConfUtils.java:logGet(43)) - raft.server.storage.dir = [/workdir/hadoop-ozone/ozonefs/target/test-dir/MiniOzoneClusterImpl-d4f0e99b-eb79-4745-ab8c-980425c864f9/datanode-3/data/ratis] (custom)
2019-09-25 08:43:08,611 [pool-57-thread-1] INFO  storage.RaftStorageDirectory (RaftStorageDirectory.java:analyzeStorage(246)) - The storage directory /workdir/hadoop-ozone/ozonefs/target/test-dir/MiniOzoneClusterImpl-d4f0e99b-eb79-4745-ab8c-980425c864f9/datanode-3/data/ratis/fc8e546c-3cac-46a3-a0f1-780021735295 does not exist. Creating ...
2019-09-25 08:43:08,616 [grpc-default-executor-3] INFO  impl.RaftServerImpl (RaftServerImpl.java:setRole(174)) - dd1e4894-806d-4283-b3cc-ceb649e5b26f@group-0ECE08F33E54: changes role from  FOLLOWER to FOLLOWER at term 1 for recognizeCandidate:b0445327-5aa8-4723-b13f-0045c06a7051
2019-09-25 08:43:08,617 [grpc-default-executor-3] INFO  impl.RoleInfo (RoleInfo.java:shutdownFollowerState(121)) - dd1e4894-806d-4283-b3cc-ceb649e5b26f: shutdown FollowerState
2019-09-25 08:43:08,617 [grpc-default-executor-3] INFO  impl.RoleInfo (RoleInfo.java:updateAndGet(143)) - dd1e4894-806d-4283-b3cc-ceb649e5b26f: start FollowerState
2019-09-25 08:43:08,617 [Thread-330] INFO  impl.FollowerState (FollowerState.java:run(115)) - dd1e4894-806d-4283-b3cc-ceb649e5b26f: FollowerState was interrupted: java.lang.InterruptedException: sleep interrupted
2019-09-25 08:43:08,992 [pool-37-thread-1] INFO  storage.RaftStorageDirectory (RaftStorageDirectory.java:tryLock(328)) - Lock on /workdir/hadoop-ozone/ozonefs/target/test-dir/MiniOzoneClusterImpl-d4f0e99b-eb79-4745-ab8c-980425c864f9/datanode-1/data/ratis/0f2e7b30-5038-42f6-bb2f-03297fa65894/in_use.lock acquired by nodename 26692@pr-hdds-2174-pqx5g-486351168
2019-09-25 08:43:08,993 [pool-27-thread-1] INFO  storage.RaftStorage (RaftStorage.java:format(72)) - Storage directory /workdir/hadoop-ozone/ozonefs/target/test-dir/MiniOzoneClusterImpl-d4f0e99b-eb79-4745-ab8c-980425c864f9/datanode-0/data/ratis/fc8e546c-3cac-46a3-a0f1-780021735295 has been successfully formatted.
2019-09-25 08:43:08,992 [pool-57-thread-1] INFO  storage.RaftStorageDirectory (RaftStorageDirectory.java:tryLock(328)) - Lock on /workdir/hadoop-ozone/ozonefs/target/test-dir/MiniOzoneClusterImpl-d4f0e99b-eb79-4745-ab8c-980425c864f9/datanode-3/data/ratis/fc8e546c-3cac-46a3-a0f1-780021735295/in_use.lock acquired by nodename 26692@pr-hdds-2174-pqx5g-486351168
2019-09-25 08:43:08,993 [pool-27-thread-1] INFO  ratis.ContainerStateMachine (ContainerStateMachine.java:loadSnapshot(230)) - group-780021735295: The snapshot info is null. Setting the last applied indexto:(t:0, i:~)
2019-09-25 08:43:08,994 [pool-27-thread-1] INFO  server.RaftServerConfigKeys (ConfUtils.java:logGet(43)) - raft.server.notification.no-leader.timeout = 120s (custom)
2019-09-25 08:43:08,994 [pool-27-thread-1] INFO  server.RaftServerConfigKeys (ConfUtils.java:logGet(43)) - raft.server.log.use.memory = false (default)
2019-09-25 08:43:08,995 [pool-27-thread-1] INFO  server.RaftServerConfigKeys (ConfUtils.java:logGet(43)) - raft.server.log.purge.gap = 1000000 (custom)
2019-09-25 08:43:08,995 [pool-27-thread-1] INFO  server.RaftServerConfigKeys (ConfUtils.java:logGet(43)) - raft.server.log.appender.buffer.byte-limit = 33554432 (custom)
2019-09-25 08:43:08,995 [pool-27-thread-1] INFO  server.RaftServerConfigKeys (ConfUtils.java:logGet(43)) - raft.server.log.segment.size.max = 1048576 (custom)
2019-09-25 08:43:08,995 [pool-27-thread-1] INFO  server.RaftServerConfigKeys (ConfUtils.java:logGet(43)) - raft.server.log.segment.cache.num.max = 2 (custom)
2019-09-25 08:43:08,995 [pool-27-thread-1] INFO  segmented.SegmentedRaftLogWorker (SegmentedRaftLogWorker.java:<init>(172)) - new 6c26676d-e3b4-4ef4-8acf-5b4b794af88e@group-780021735295-SegmentedRaftLogWorker for RaftStorage:Storage Directory /workdir/hadoop-ozone/ozonefs/target/test-dir/MiniOzoneClusterImpl-d4f0e99b-eb79-4745-ab8c-980425c864f9/datanode-0/data/ratis/fc8e546c-3cac-46a3-a0f1-780021735295
2019-09-25 08:43:08,996 [pool-27-thread-1] INFO  server.RaftServerConfigKeys (ConfUtils.java:logGet(43)) - raft.server.log.queue.byte-limit = 2147483647 (custom)
2019-09-25 08:43:08,996 [pool-27-thread-1] INFO  server.RaftServerConfigKeys (ConfUtils.java:logGet(43)) - raft.server.log.queue.element-limit = 1024 (custom)
2019-09-25 08:43:09,006 [pool-27-thread-1] INFO  server.RaftServerConfigKeys (ConfUtils.java:logGet(43)) - raft.server.log.segment.size.max = 1048576 (custom)
2019-09-25 08:43:09,007 [pool-27-thread-1] INFO  server.RaftServerConfigKeys (ConfUtils.java:logGet(43)) - raft.server.log.preallocated.size = 16384 (custom)
2019-09-25 08:43:09,007 [pool-27-thread-1] INFO  server.RaftServerConfigKeys (ConfUtils.java:logGet(43)) - raft.server.log.write.buffer.size = 33554432 (custom)
2019-09-25 08:43:09,007 [pool-27-thread-1] INFO  server.RaftServerConfigKeys (ConfUtils.java:logGet(43)) - raft.server.log.force.sync.num = 128 (default)
2019-09-25 08:43:09,007 [pool-27-thread-1] INFO  server.RaftServerConfigKeys (ConfUtils.java:logGet(43)) - raft.server.log.statemachine.data.sync = true (default)
2019-09-25 08:43:09,008 [pool-27-thread-1] INFO  server.RaftServerConfigKeys (ConfUtils.java:logGet(43)) - raft.server.log.statemachine.data.sync.timeout = 10s (default)
2019-09-25 08:43:09,008 [pool-27-thread-1] INFO  server.RaftServerConfigKeys (ConfUtils.java:logGet(43)) - raft.server.log.statemachine.data.sync.timeout.retry = -1 (default)
2019-09-25 08:43:09,009 [pool-27-thread-1] INFO  server.RaftServerConfigKeys (ConfUtils.java:logGet(43)) - raft.server.log.statemachine.data.caching.enabled = true (custom)
2019-09-25 08:43:09,009 [pool-27-thread-1] INFO  segmented.SegmentedRaftLogWorker (SegmentedRaftLogWorker.java:lambda$new$0(132)) - 6c26676d-e3b4-4ef4-8acf-5b4b794af88e@group-780021735295-SegmentedRaftLogWorker: flushIndex: setUnconditionally 0 -> -1
2019-09-25 08:43:09,013 [pool-27-thread-1] INFO  server.RaftServerConfigKeys (ConfUtils.java:logGet(43)) - raft.server.snapshot.auto.trigger.enabled = true (custom)
2019-09-25 08:43:09,013 [pool-27-thread-1] INFO  server.RaftServerConfigKeys (ConfUtils.java:logGet(43)) - raft.server.snapshot.auto.trigger.threshold = 10000 (custom)
2019-09-25 08:43:09,015 [pool-27-thread-1] INFO  server.RaftServerConfigKeys (ConfUtils.java:logGet(43)) - raft.server.snapshot.retention.num.files = 5 (custom)
2019-09-25 08:43:09,015 [pool-27-thread-1] INFO  server.RaftServerConfigKeys (ConfUtils.java:logGet(43)) - raft.server.retrycache.expirytime = 600000ms (custom)
2019-09-25 08:43:09,020 [b0445327-5aa8-4723-b13f-0045c06a7051@group-0ECE08F33E54:LeaderElection2] INFO  impl.LeaderElection (LeaderElection.java:logAndReturn(56)) - b0445327-5aa8-4723-b13f-0045c06a7051@group-0ECE08F33E54:LeaderElection2: Election PASSED; received 2 response(s) [b0445327-5aa8-4723-b13f-0045c06a7051<-dd1e4894-806d-4283-b3cc-ceb649e5b26f#0:OK-t1, b0445327-5aa8-4723-b13f-0045c06a7051<-6c26676d-e3b4-4ef4-8acf-5b4b794af88e#0:FAIL-t1] and 0 exception(s); b0445327-5aa8-4723-b13f-0045c06a7051@group-0ECE08F33E54:t1, leader=null, voted=b0445327-5aa8-4723-b13f-0045c06a7051, raftlog=b0445327-5aa8-4723-b13f-0045c06a7051@group-0ECE08F33E54-SegmentedRaftLog:OPENED:c-1,f-1,i0, conf=-1: [b0445327-5aa8-4723-b13f-0045c06a7051:192.168.36.126:40401, dd1e4894-806d-4283-b3cc-ceb649e5b26f:192.168.36.126:34305, 6c26676d-e3b4-4ef4-8acf-5b4b794af88e:192.168.36.126:46446], old=null
2019-09-25 08:43:09,020 [6c26676d-e3b4-4ef4-8acf-5b4b794af88e@group-0ECE08F33E54:LeaderElection3] INFO  impl.LeaderElection (LeaderElection.java:logAndReturn(56)) - 6c26676d-e3b4-4ef4-8acf-5b4b794af88e@group-0ECE08F33E54:LeaderElection3: Election REJECTED; received 2 response(s) [6c26676d-e3b4-4ef4-8acf-5b4b794af88e<-b0445327-5aa8-4723-b13f-0045c06a7051#0:FAIL-t1, 6c26676d-e3b4-4ef4-8acf-5b4b794af88e<-dd1e4894-806d-4283-b3cc-ceb649e5b26f#0:FAIL-t1] and 0 exception(s); 6c26676d-e3b4-4ef4-8acf-5b4b794af88e@group-0ECE08F33E54:t1, leader=null, voted=6c26676d-e3b4-4ef4-8acf-5b4b794af88e, raftlog=6c26676d-e3b4-4ef4-8acf-5b4b794af88e@group-0ECE08F33E54-SegmentedRaftLog:OPENED:c-1,f-1,i0, conf=-1: [b0445327-5aa8-4723-b13f-0045c06a7051:192.168.36.126:40401, dd1e4894-806d-4283-b3cc-ceb649e5b26f:192.168.36.126:34305, 6c26676d-e3b4-4ef4-8acf-5b4b794af88e:192.168.36.126:46446], old=null
2019-09-25 08:43:09,020 [b0445327-5aa8-4723-b13f-0045c06a7051@group-0ECE08F33E54:LeaderElection2] INFO  impl.RoleInfo (RoleInfo.java:shutdownLeaderElection(134)) - b0445327-5aa8-4723-b13f-0045c06a7051: shutdown LeaderElection
2019-09-25 08:43:09,027 [6c26676d-e3b4-4ef4-8acf-5b4b794af88e@group-0ECE08F33E54:LeaderElection3] INFO  impl.RaftServerImpl (RaftServerImpl.java:setRole(174)) - 6c26676d-e3b4-4ef4-8acf-5b4b794af88e@group-0ECE08F33E54: changes role from CANDIDATE to FOLLOWER at term 1 for DISCOVERED_A_NEW_TERM
2019-09-25 08:43:09,029 [6c26676d-e3b4-4ef4-8acf-5b4b794af88e@group-0ECE08F33E54:LeaderElection3] INFO  impl.RoleInfo (RoleInfo.java:shutdownLeaderElection(134)) - 6c26676d-e3b4-4ef4-8acf-5b4b794af88e: shutdown LeaderElection
2019-09-25 08:43:09,027 [b0445327-5aa8-4723-b13f-0045c06a7051@group-0ECE08F33E54:LeaderElection2] INFO  impl.RaftServerImpl (RaftServerImpl.java:setRole(174)) - b0445327-5aa8-4723-b13f-0045c06a7051@group-0ECE08F33E54: changes role from CANDIDATE to LEADER at term 1 for changeToLeader
2019-09-25 08:43:09,029 [6c26676d-e3b4-4ef4-8acf-5b4b794af88e@group-0ECE08F33E54:LeaderElection3] INFO  impl.RoleInfo (RoleInfo.java:updateAndGet(143)) - 6c26676d-e3b4-4ef4-8acf-5b4b794af88e: start FollowerState
2019-09-25 08:43:09,029 [b0445327-5aa8-4723-b13f-0045c06a7051@group-0ECE08F33E54:LeaderElection2] INFO  impl.RaftServerImpl (ServerState.java:setLeader(253)) - b0445327-5aa8-4723-b13f-0045c06a7051@group-0ECE08F33E54: change Leader from null to b0445327-5aa8-4723-b13f-0045c06a7051 at term 1 for becomeLeader, leader elected after 16290ms
2019-09-25 08:43:09,032 [b0445327-5aa8-4723-b13f-0045c06a7051@group-0ECE08F33E54:LeaderElection2] INFO  server.RaftServerConfigKeys (ConfUtils.java:logGet(43)) - raft.server.staging.catchup.gap = 1000 (default)
2019-09-25 08:43:09,033 [b0445327-5aa8-4723-b13f-0045c06a7051@group-0ECE08F33E54:LeaderElection2] INFO  server.RaftServerConfigKeys (ConfUtils.java:logGet(43)) - raft.server.rpc.sleep.time = 25ms (default)
2019-09-25 08:43:09,033 [b0445327-5aa8-4723-b13f-0045c06a7051@group-0ECE08F33E54:LeaderElection2] INFO  server.RaftServerConfigKeys (ConfUtils.java:logGet(43)) - raft.server.write.element-limit = 4096 (default)
2019-09-25 08:43:09,033 [b0445327-5aa8-4723-b13f-0045c06a7051@group-0ECE08F33E54:LeaderElection2] INFO  server.RaftServerConfigKeys (ConfUtils.java:logGet(43)) - raft.server.watch.timeout = 10s (default)
2019-09-25 08:43:09,033 [b0445327-5aa8-4723-b13f-0045c06a7051@group-0ECE08F33E54:LeaderElection2] INFO  server.RaftServerConfigKeys (ConfUtils.java:logGet(43)) - raft.server.watch.timeout.denomination = 1s (default)
2019-09-25 08:43:09,033 [b0445327-5aa8-4723-b13f-0045c06a7051@group-0ECE08F33E54:LeaderElection2] INFO  server.RaftServerConfigKeys (ConfUtils.java:logGet(43)) - raft.server.watch.element-limit = 65536 (default)
2019-09-25 08:43:09,035 [pool-27-thread-1] INFO  impl.RaftServerImpl (RaftServerImpl.java:<init>(95)) - 6c26676d-e3b4-4ef4-8acf-5b4b794af88e: new RaftServerImpl for group-03297FA65894:[b0445327-5aa8-4723-b13f-0045c06a7051:192.168.36.126:40401, dd1e4894-806d-4283-b3cc-ceb649e5b26f:192.168.36.126:34305, 6c26676d-e3b4-4ef4-8acf-5b4b794af88e:192.168.36.126:46446] with ContainerStateMachine:uninitialized
2019-09-25 08:43:09,036 [pool-27-thread-1] INFO  server.RaftServerConfigKeys (ConfUtils.java:logGet(43)) - raft.server.rpc.timeout.min = 5s (custom)
2019-09-25 08:43:09,036 [pool-27-thread-1] INFO  server.RaftServerConfigKeys (ConfUtils.java:logGet(43)) - raft.server.rpc.timeout.max = 5200ms (custom)
2019-09-25 08:43:09,036 [pool-27-thread-1] INFO  server.RaftServerConfigKeys (ConfUtils.java:logGet(43)) - raft.server.rpcslowness.timeout = 120s (custom)
2019-09-25 08:43:09,036 [pool-27-thread-1] INFO  server.RaftServerConfigKeys (ConfUtils.java:logGet(43)) - raft.server.sleep.deviation.threshold = 300 (default)
2019-09-25 08:43:09,036 [pool-27-thread-1] INFO  server.RaftServerConfigKeys (ConfUtils.java:logGet(43)) - raft.server.log.appender.install.snapshot.enabled = false (custom)
2019-09-25 08:43:09,037 [pool-27-thread-1] INFO  impl.RaftServerImpl (ServerState.java:<init>(103)) - 6c26676d-e3b4-4ef4-8acf-5b4b794af88e@group-03297FA65894: ConfigurationManager, init=-1: [b0445327-5aa8-4723-b13f-0045c06a7051:192.168.36.126:40401, dd1e4894-806d-4283-b3cc-ceb649e5b26f:192.168.36.126:34305, 6c26676d-e3b4-4ef4-8acf-5b4b794af88e:192.168.36.126:46446], old=null, confs=<EMPTY_MAP>
2019-09-25 08:43:09,037 [pool-27-thread-1] INFO  server.RaftServerConfigKeys (ConfUtils.java:logGet(43)) - raft.server.storage.dir = [/workdir/hadoop-ozone/ozonefs/target/test-dir/MiniOzoneClusterImpl-d4f0e99b-eb79-4745-ab8c-980425c864f9/datanode-0/data/ratis] (custom)
2019-09-25 08:43:09,037 [pool-27-thread-1] INFO  storage.RaftStorageDirectory (RaftStorageDirectory.java:analyzeStorage(246)) - The storage directory /workdir/hadoop-ozone/ozonefs/target/test-dir/MiniOzoneClusterImpl-d4f0e99b-eb79-4745-ab8c-980425c864f9/datanode-0/data/ratis/0f2e7b30-5038-42f6-bb2f-03297fa65894 does not exist. Creating ...
2019-09-25 08:43:09,040 [b0445327-5aa8-4723-b13f-0045c06a7051@group-0ECE08F33E54:LeaderElection2] INFO  server.RaftServerConfigKeys (ConfUtils.java:logGet(43)) - raft.server.log.appender.snapshot.chunk.size.max = 16MB (=16777216) (default)
2019-09-25 08:43:09,041 [b0445327-5aa8-4723-b13f-0045c06a7051@group-0ECE08F33E54:LeaderElection2] INFO  server.RaftServerConfigKeys (ConfUtils.java:logGet(43)) - raft.server.log.appender.buffer.byte-limit = 33554432 (custom)
2019-09-25 08:43:09,041 [b0445327-5aa8-4723-b13f-0045c06a7051@group-0ECE08F33E54:LeaderElection2] INFO  server.RaftServerConfigKeys (ConfUtils.java:logGet(43)) - raft.server.log.appender.buffer.element-limit = 1 (custom)
2019-09-25 08:43:09,046 [b0445327-5aa8-4723-b13f-0045c06a7051@group-0ECE08F33E54:LeaderElection2] INFO  grpc.GrpcConfigKeys$Server (ConfUtils.java:logGet(43)) - raft.grpc.server.leader.outstanding.appends.max = 128 (default)
2019-09-25 08:43:09,046 [b0445327-5aa8-4723-b13f-0045c06a7051@group-0ECE08F33E54:LeaderElection2] INFO  server.RaftServerConfigKeys (ConfUtils.java:logGet(43)) - raft.server.rpc.request.timeout = 3000ms (default)
2019-09-25 08:43:09,046 [b0445327-5aa8-4723-b13f-0045c06a7051@group-0ECE08F33E54:LeaderElection2] INFO  server.RaftServerConfigKeys (ConfUtils.java:logGet(43)) - raft.server.log.appender.install.snapshot.enabled = false (custom)
2019-09-25 08:43:09,047 [b0445327-5aa8-4723-b13f-0045c06a7051@group-0ECE08F33E54:LeaderElection2] INFO  server.RaftServerConfigKeys (ConfUtils.java:logGet(43)) - raft.server.log.appender.snapshot.chunk.size.max = 16MB (=16777216) (default)
2019-09-25 08:43:09,048 [b0445327-5aa8-4723-b13f-0045c06a7051@group-0ECE08F33E54:LeaderElection2] INFO  server.RaftServerConfigKeys (ConfUtils.java:logGet(43)) - raft.server.log.appender.buffer.byte-limit = 33554432 (custom)
2019-09-25 08:43:09,048 [b0445327-5aa8-4723-b13f-0045c06a7051@group-0ECE08F33E54:LeaderElection2] INFO  server.RaftServerConfigKeys (ConfUtils.java:logGet(43)) - raft.server.log.appender.buffer.element-limit = 1 (custom)
2019-09-25 08:43:09,048 [b0445327-5aa8-4723-b13f-0045c06a7051@group-0ECE08F33E54:LeaderElection2] INFO  grpc.GrpcConfigKeys$Server (ConfUtils.java:logGet(43)) - raft.grpc.server.leader.outstanding.appends.max = 128 (default)
2019-09-25 08:43:09,048 [b0445327-5aa8-4723-b13f-0045c06a7051@group-0ECE08F33E54:LeaderElection2] INFO  server.RaftServerConfigKeys (ConfUtils.java:logGet(43)) - raft.server.rpc.request.timeout = 3000ms (default)
2019-09-25 08:43:09,048 [b0445327-5aa8-4723-b13f-0045c06a7051@group-0ECE08F33E54:LeaderElection2] INFO  server.RaftServerConfigKeys (ConfUtils.java:logGet(43)) - raft.server.log.appender.install.snapshot.enabled = false (custom)
2019-09-25 08:43:09,050 [b0445327-5aa8-4723-b13f-0045c06a7051@group-0ECE08F33E54:LeaderElection2] INFO  impl.RoleInfo (RoleInfo.java:updateAndGet(143)) - b0445327-5aa8-4723-b13f-0045c06a7051: start LeaderState
2019-09-25 08:43:09,050 [b0445327-5aa8-4723-b13f-0045c06a7051@group-0ECE08F33E54:LeaderElection2] INFO  segmented.SegmentedRaftLogWorker (SegmentedRaftLogWorker.java:startLogSegment(380)) - b0445327-5aa8-4723-b13f-0045c06a7051@group-0ECE08F33E54-SegmentedRaftLogWorker: Starting segment from index:0
2019-09-25 08:43:09,051 [b0445327-5aa8-4723-b13f-0045c06a7051@group-0ECE08F33E54:LeaderElection2] INFO  impl.RaftServerImpl (ServerState.java:setRaftConf(354)) - b0445327-5aa8-4723-b13f-0045c06a7051@group-0ECE08F33E54: set configuration 0: [b0445327-5aa8-4723-b13f-0045c06a7051:192.168.36.126:40401, dd1e4894-806d-4283-b3cc-ceb649e5b26f:192.168.36.126:34305, 6c26676d-e3b4-4ef4-8acf-5b4b794af88e:192.168.36.126:46446], old=null at 0
2019-09-25 08:43:09,120 [grpc-default-executor-3] INFO  impl.RaftServerImpl (ServerState.java:setLeader(253)) - dd1e4894-806d-4283-b3cc-ceb649e5b26f@group-0ECE08F33E54: change Leader from null to b0445327-5aa8-4723-b13f-0045c06a7051 at term 1 for appendEntries, leader elected after 16381ms
2019-09-25 08:43:09,120 [grpc-default-executor-2] INFO  impl.RaftServerImpl (ServerState.java:setLeader(253)) - 6c26676d-e3b4-4ef4-8acf-5b4b794af88e@group-0ECE08F33E54: change Leader from null to b0445327-5aa8-4723-b13f-0045c06a7051 at term 1 for appendEntries, leader elected after 16174ms
2019-09-25 08:43:09,154 [grpc-default-executor-2] INFO  impl.RaftServerImpl (ServerState.java:setRaftConf(354)) - 6c26676d-e3b4-4ef4-8acf-5b4b794af88e@group-0ECE08F33E54: set configuration 0: [b0445327-5aa8-4723-b13f-0045c06a7051:192.168.36.126:40401, dd1e4894-806d-4283-b3cc-ceb649e5b26f:192.168.36.126:34305, 6c26676d-e3b4-4ef4-8acf-5b4b794af88e:192.168.36.126:46446], old=null at 0
2019-09-25 08:43:09,154 [grpc-default-executor-3] INFO  impl.RaftServerImpl (ServerState.java:setRaftConf(354)) - dd1e4894-806d-4283-b3cc-ceb649e5b26f@group-0ECE08F33E54: set configuration 0: [b0445327-5aa8-4723-b13f-0045c06a7051:192.168.36.126:40401, dd1e4894-806d-4283-b3cc-ceb649e5b26f:192.168.36.126:34305, 6c26676d-e3b4-4ef4-8acf-5b4b794af88e:192.168.36.126:46446], old=null at 0
2019-09-25 08:43:09,154 [grpc-default-executor-2] INFO  segmented.SegmentedRaftLogWorker (SegmentedRaftLogWorker.java:startLogSegment(380)) - 6c26676d-e3b4-4ef4-8acf-5b4b794af88e@group-0ECE08F33E54-SegmentedRaftLogWorker: Starting segment from index:0
2019-09-25 08:43:09,154 [grpc-default-executor-3] INFO  segmented.SegmentedRaftLogWorker (SegmentedRaftLogWorker.java:startLogSegment(380)) - dd1e4894-806d-4283-b3cc-ceb649e5b26f@group-0ECE08F33E54-SegmentedRaftLogWorker: Starting segment from index:0
2019-09-25 08:43:09,195 [RATISCREATEPIPELINE2] ERROR pipeline.RatisPipelineProvider (RatisPipelineProvider.java:lambda$null$5(235)) - Failed invoke Ratis rpc org.apache.hadoop.hdds.scm.pipeline.RatisPipelineProvider$$Lambda$204/1036677512@1e603e8f for b0445327-5aa8-4723-b13f-0045c06a7051
org.apache.ratis.protocol.TimeoutIOException: deadline exceeded after 2995163809ns
	at org.apache.ratis.grpc.GrpcUtil.tryUnwrapException(GrpcUtil.java:82)
	at org.apache.ratis.grpc.GrpcUtil.unwrapException(GrpcUtil.java:75)
	at org.apache.ratis.grpc.client.GrpcClientProtocolClient.blockingCall(GrpcClientProtocolClient.java:178)
	at org.apache.ratis.grpc.client.GrpcClientProtocolClient.groupAdd(GrpcClientProtocolClient.java:147)
	at org.apache.ratis.grpc.client.GrpcClientRpc.sendRequest(GrpcClientRpc.java:94)
	at org.apache.ratis.client.impl.RaftClientImpl.sendRequest(RaftClientImpl.java:278)
	at org.apache.ratis.client.impl.RaftClientImpl.groupAdd(RaftClientImpl.java:205)
	at org.apache.hadoop.hdds.scm.pipeline.RatisPipelineProvider.lambda$initializePipeline$4(RatisPipelineProvider.java:196)
	at org.apache.hadoop.hdds.scm.pipeline.RatisPipelineProvider.lambda$null$5(RatisPipelineProvider.java:231)
	at java.util.stream.ForEachOps$ForEachOp$OfRef.accept(ForEachOps.java:184)
	at java.util.ArrayList$ArrayListSpliterator.forEachRemaining(ArrayList.java:1382)
	at java.util.stream.AbstractPipeline.copyInto(AbstractPipeline.java:482)
	at java.util.stream.ForEachOps$ForEachTask.compute(ForEachOps.java:291)
	at java.util.concurrent.CountedCompleter.exec(CountedCompleter.java:731)
	at java.util.concurrent.ForkJoinTask.doExec(ForkJoinTask.java:289)
	at java.util.concurrent.ForkJoinTask.doInvoke(ForkJoinTask.java:401)
	at java.util.concurrent.ForkJoinTask.invoke(ForkJoinTask.java:734)
	at java.util.stream.ForEachOps$ForEachOp.evaluateParallel(ForEachOps.java:160)
	at java.util.stream.ForEachOps$ForEachOp$OfRef.evaluateParallel(ForEachOps.java:174)
	at java.util.stream.AbstractPipeline.evaluate(AbstractPipeline.java:233)
	at java.util.stream.ReferencePipeline.forEach(ReferencePipeline.java:418)
	at java.util.stream.ReferencePipeline$Head.forEach(ReferencePipeline.java:583)
	at org.apache.hadoop.hdds.scm.pipeline.RatisPipelineProvider.lambda$callRatisRpc$6(RatisPipelineProvider.java:225)
	at java.util.concurrent.ForkJoinTask$AdaptedRunnableAction.exec(ForkJoinTask.java:1386)
	at java.util.concurrent.ForkJoinTask.doExec(ForkJoinTask.java:289)
	at java.util.concurrent.ForkJoinPool$WorkQueue.runTask(ForkJoinPool.java:1056)
	at java.util.concurrent.ForkJoinPool.runWorker(ForkJoinPool.java:1692)
	at java.util.concurrent.ForkJoinWorkerThread.run(ForkJoinWorkerThread.java:157)
Caused by: org.apache.ratis.thirdparty.io.grpc.StatusRuntimeException: DEADLINE_EXCEEDED: deadline exceeded after 2995163809ns
	at org.apache.ratis.thirdparty.io.grpc.stub.ClientCalls.toStatusRuntimeException(ClientCalls.java:233)
	at org.apache.ratis.thirdparty.io.grpc.stub.ClientCalls.getUnchecked(ClientCalls.java:214)
	at org.apache.ratis.thirdparty.io.grpc.stub.ClientCalls.blockingUnaryCall(ClientCalls.java:139)
	at org.apache.ratis.proto.grpc.AdminProtocolServiceGrpc$AdminProtocolServiceBlockingStub.groupManagement(AdminProtocolServiceGrpc.java:274)
	at org.apache.ratis.grpc.client.GrpcClientProtocolClient.lambda$groupAdd$3(GrpcClientProtocolClient.java:149)
	at org.apache.ratis.grpc.client.GrpcClientProtocolClient.blockingCall(GrpcClientProtocolClient.java:176)
	... 25 more
2019-09-25 08:43:09,199 [RATISCREATEPIPELINE3] ERROR pipeline.RatisPipelineProvider (RatisPipelineProvider.java:lambda$null$5(235)) - Failed invoke Ratis rpc org.apache.hadoop.hdds.scm.pipeline.RatisPipelineProvider$$Lambda$204/1036677512@1e603e8f for dd1e4894-806d-4283-b3cc-ceb649e5b26f
org.apache.ratis.protocol.TimeoutIOException: deadline exceeded after 2998778962ns
	at org.apache.ratis.grpc.GrpcUtil.tryUnwrapException(GrpcUtil.java:82)
	at org.apache.ratis.grpc.GrpcUtil.unwrapException(GrpcUtil.java:75)
	at org.apache.ratis.grpc.client.GrpcClientProtocolClient.blockingCall(GrpcClientProtocolClient.java:178)
	at org.apache.ratis.grpc.client.GrpcClientProtocolClient.groupAdd(GrpcClientProtocolClient.java:147)
	at org.apache.ratis.grpc.client.GrpcClientRpc.sendRequest(GrpcClientRpc.java:94)
	at org.apache.ratis.client.impl.RaftClientImpl.sendRequest(RaftClientImpl.java:278)
	at org.apache.ratis.client.impl.RaftClientImpl.groupAdd(RaftClientImpl.java:205)
	at org.apache.hadoop.hdds.scm.pipeline.RatisPipelineProvider.lambda$initializePipeline$4(RatisPipelineProvider.java:196)
	at org.apache.hadoop.hdds.scm.pipeline.RatisPipelineProvider.lambda$null$5(RatisPipelineProvider.java:231)
	at java.util.stream.ForEachOps$ForEachOp$OfRef.accept(ForEachOps.java:184)
	at java.util.ArrayList$ArrayListSpliterator.forEachRemaining(ArrayList.java:1382)
	at java.util.stream.AbstractPipeline.copyInto(AbstractPipeline.java:482)
	at java.util.stream.ForEachOps$ForEachTask.compute(ForEachOps.java:291)
	at java.util.concurrent.CountedCompleter.exec(CountedCompleter.java:731)
	at java.util.concurrent.ForkJoinTask.doExec(ForkJoinTask.java:289)
	at java.util.concurrent.ForkJoinPool$WorkQueue.runTask(ForkJoinPool.java:1056)
	at java.util.concurrent.ForkJoinPool.runWorker(ForkJoinPool.java:1692)
	at java.util.concurrent.ForkJoinWorkerThread.run(ForkJoinWorkerThread.java:157)
Caused by: org.apache.ratis.thirdparty.io.grpc.StatusRuntimeException: DEADLINE_EXCEEDED: deadline exceeded after 2998778962ns
	at org.apache.ratis.thirdparty.io.grpc.stub.ClientCalls.toStatusRuntimeException(ClientCalls.java:233)
	at org.apache.ratis.thirdparty.io.grpc.stub.ClientCalls.getUnchecked(ClientCalls.java:214)
	at org.apache.ratis.thirdparty.io.grpc.stub.ClientCalls.blockingUnaryCall(ClientCalls.java:139)
	at org.apache.ratis.proto.grpc.AdminProtocolServiceGrpc$AdminProtocolServiceBlockingStub.groupManagement(AdminProtocolServiceGrpc.java:274)
	at org.apache.ratis.grpc.client.GrpcClientProtocolClient.lambda$groupAdd$3(GrpcClientProtocolClient.java:149)
	at org.apache.ratis.grpc.client.GrpcClientProtocolClient.blockingCall(GrpcClientProtocolClient.java:176)
	... 15 more
2019-09-25 08:43:09,210 [RATISCREATEPIPELINE0] ERROR pipeline.RatisPipelineProvider (RatisPipelineProvider.java:lambda$null$5(235)) - Failed invoke Ratis rpc org.apache.hadoop.hdds.scm.pipeline.RatisPipelineProvider$$Lambda$204/1036677512@1e603e8f for 6c26676d-e3b4-4ef4-8acf-5b4b794af88e
org.apache.ratis.protocol.TimeoutIOException
	at org.apache.ratis.grpc.GrpcUtil.tryUnwrapException(GrpcUtil.java:82)
	at org.apache.ratis.grpc.GrpcUtil.unwrapException(GrpcUtil.java:75)
	at org.apache.ratis.grpc.client.GrpcClientProtocolClient.blockingCall(GrpcClientProtocolClient.java:178)
	at org.apache.ratis.grpc.client.GrpcClientProtocolClient.groupAdd(GrpcClientProtocolClient.java:147)
	at org.apache.ratis.grpc.client.GrpcClientRpc.sendRequest(GrpcClientRpc.java:94)
	at org.apache.ratis.client.impl.RaftClientImpl.sendRequest(RaftClientImpl.java:278)
	at org.apache.ratis.client.impl.RaftClientImpl.groupAdd(RaftClientImpl.java:205)
	at org.apache.hadoop.hdds.scm.pipeline.RatisPipelineProvider.lambda$initializePipeline$4(RatisPipelineProvider.java:196)
	at org.apache.hadoop.hdds.scm.pipeline.RatisPipelineProvider.lambda$null$5(RatisPipelineProvider.java:231)
	at java.util.stream.ForEachOps$ForEachOp$OfRef.accept(ForEachOps.java:184)
	at java.util.ArrayList$ArrayListSpliterator.forEachRemaining(ArrayList.java:1382)
	at java.util.stream.AbstractPipeline.copyInto(AbstractPipeline.java:482)
	at java.util.stream.ForEachOps$ForEachTask.compute(ForEachOps.java:291)
	at java.util.concurrent.CountedCompleter.exec(CountedCompleter.java:731)
	at java.util.concurrent.ForkJoinTask.doExec(ForkJoinTask.java:289)
	at java.util.concurrent.ForkJoinPool$WorkQueue.runTask(ForkJoinPool.java:1056)
	at java.util.concurrent.ForkJoinPool.runWorker(ForkJoinPool.java:1692)
	at java.util.concurrent.ForkJoinWorkerThread.run(ForkJoinWorkerThread.java:157)
Caused by: org.apache.ratis.thirdparty.io.grpc.StatusRuntimeException: DEADLINE_EXCEEDED
	at org.apache.ratis.thirdparty.io.grpc.stub.ClientCalls.toStatusRuntimeException(ClientCalls.java:233)
	at org.apache.ratis.thirdparty.io.grpc.stub.ClientCalls.getUnchecked(ClientCalls.java:214)
	at org.apache.ratis.thirdparty.io.grpc.stub.ClientCalls.blockingUnaryCall(ClientCalls.java:139)
	at org.apache.ratis.proto.grpc.AdminProtocolServiceGrpc$AdminProtocolServiceBlockingStub.groupManagement(AdminProtocolServiceGrpc.java:274)
	at org.apache.ratis.grpc.client.GrpcClientProtocolClient.lambda$groupAdd$3(GrpcClientProtocolClient.java:149)
	at org.apache.ratis.grpc.client.GrpcClientProtocolClient.blockingCall(GrpcClientProtocolClient.java:176)
	... 15 more
2019-09-25 08:43:09,220 [IPC Server handler 9 on 39756] WARN  block.BlockManagerImpl (BlockManagerImpl.java:allocateBlock(192)) - Pipeline creation failed for type:RATIS factor:THREE. Retrying get pipelines call once.
org.apache.hadoop.io.MultipleIOException: 3 exceptions [java.io.IOException: Failed invoke Ratis rpc org.apache.hadoop.hdds.scm.pipeline.RatisPipelineProvider$$Lambda$204/1036677512@1e603e8f for b0445327-5aa8-4723-b13f-0045c06a7051, java.io.IOException: Failed invoke Ratis rpc org.apache.hadoop.hdds.scm.pipeline.RatisPipelineProvider$$Lambda$204/1036677512@1e603e8f for dd1e4894-806d-4283-b3cc-ceb649e5b26f, java.io.IOException: Failed invoke Ratis rpc org.apache.hadoop.hdds.scm.pipeline.RatisPipelineProvider$$Lambda$204/1036677512@1e603e8f for 6c26676d-e3b4-4ef4-8acf-5b4b794af88e]
	at org.apache.hadoop.io.MultipleIOException.createIOException(MultipleIOException.java:53)
	at org.apache.hadoop.hdds.scm.pipeline.RatisPipelineProvider.callRatisRpc(RatisPipelineProvider.java:251)
	at org.apache.hadoop.hdds.scm.pipeline.RatisPipelineProvider.initializePipeline(RatisPipelineProvider.java:194)
	at org.apache.hadoop.hdds.scm.pipeline.RatisPipelineProvider.create(RatisPipelineProvider.java:163)
	at org.apache.hadoop.hdds.scm.pipeline.PipelineFactory.create(PipelineFactory.java:58)
	at org.apache.hadoop.hdds.scm.pipeline.SCMPipelineManager.createPipeline(SCMPipelineManager.java:155)
	at org.apache.hadoop.hdds.scm.block.BlockManagerImpl.allocateBlock(BlockManagerImpl.java:190)
	at org.apache.hadoop.hdds.scm.server.SCMBlockProtocolServer.allocateBlock(SCMBlockProtocolServer.java:182)
	at org.apache.hadoop.ozone.protocolPB.ScmBlockLocationProtocolServerSideTranslatorPB.allocateScmBlock(ScmBlockLocationProtocolServerSideTranslatorPB.java:183)
	at org.apache.hadoop.ozone.protocolPB.ScmBlockLocationProtocolServerSideTranslatorPB.processMessage(ScmBlockLocationProtocolServerSideTranslatorPB.java:141)
	at org.apache.hadoop.ozone.protocolPB.ScmBlockLocationProtocolServerSideTranslatorPB.send(ScmBlockLocationProtocolServerSideTranslatorPB.java:116)
	at org.apache.hadoop.hdds.protocol.proto.ScmBlockLocationProtocolProtos$ScmBlockLocationProtocolService$2.callBlockingMethod(ScmBlockLocationProtocolProtos.java:13157)
	at org.apache.hadoop.ipc.ProtobufRpcEngine$Server$ProtoBufRpcInvoker.call(ProtobufRpcEngine.java:524)
	at org.apache.hadoop.ipc.RPC$Server.call(RPC.java:1025)
	at org.apache.hadoop.ipc.Server$RpcCall.run(Server.java:876)
	at org.apache.hadoop.ipc.Server$RpcCall.run(Server.java:822)
	at java.security.AccessController.doPrivileged(Native Method)
	at javax.security.auth.Subject.doAs(Subject.java:422)
	at org.apache.hadoop.security.UserGroupInformation.doAs(UserGroupInformation.java:1730)
	at org.apache.hadoop.ipc.Server$Handler.run(Server.java:2682)
2019-09-25 08:43:09,220 [IPC Server handler 9 on 39756] INFO  block.BlockManagerImpl (BlockManagerImpl.java:allocateBlock(198)) - Could not find available pipeline of type:RATIS and factor:THREE even after retrying
2019-09-25 08:43:09,220 [IPC Server handler 9 on 39756] ERROR block.BlockManagerImpl (BlockManagerImpl.java:allocateBlock(222)) - Unable to allocate a block for the size: 4194304, type: RATIS, factor: THREE
08:43:09.225 [IPC Server handler 14 on 45152] ERROR OMAudit - user=jenkins1000 | ip=127.0.0.1 | op=GET_FILE_STATUS {volume=volume52055, bucket=bucket14370, key=test/ITestOzoneContractDistCp/testUpdateDeepDirectoryStructureNoChange/remote/outputDir/.distcp.tmp.attempt_local2017747317_0001_m_000001_0, dataSize=0, replicationType=null, replicationFactor=null, keyLocationInfo=null} | ret=FAILURE
org.apache.hadoop.ozone.om.exceptions.OMException: Unable to get file status: volume: volume52055 bucket: bucket14370 key: test/ITestOzoneContractDistCp/testUpdateDeepDirectoryStructureNoChange/remote/outputDir/.distcp.tmp.attempt_local2017747317_0001_m_000001_0
	at org.apache.hadoop.ozone.om.KeyManagerImpl.getFileStatus(KeyManagerImpl.java:1785) ~[hadoop-ozone-ozone-manager-0.5.0-SNAPSHOT.jar:?]
	at org.apache.hadoop.ozone.om.OzoneManager.getFileStatus(OzoneManager.java:2892) [hadoop-ozone-ozone-manager-0.5.0-SNAPSHOT.jar:?]
	at org.apache.hadoop.ozone.protocolPB.OzoneManagerRequestHandler.getOzoneFileStatus(OzoneManagerRequestHandler.java:1051) [hadoop-ozone-ozone-manager-0.5.0-SNAPSHOT.jar:?]
	at org.apache.hadoop.ozone.protocolPB.OzoneManagerRequestHandler.handle(OzoneManagerRequestHandler.java:338) [hadoop-ozone-ozone-manager-0.5.0-SNAPSHOT.jar:?]
	at org.apache.hadoop.ozone.protocolPB.OzoneManagerProtocolServerSideTranslatorPB.submitRequestDirectlyToOM(OzoneManagerProtocolServerSideTranslatorPB.java:233) [hadoop-ozone-ozone-manager-0.5.0-SNAPSHOT.jar:?]
	at org.apache.hadoop.ozone.protocolPB.OzoneManagerProtocolServerSideTranslatorPB.processRequest(OzoneManagerProtocolServerSideTranslatorPB.java:157) [hadoop-ozone-ozone-manager-0.5.0-SNAPSHOT.jar:?]
	at org.apache.hadoop.ozone.protocolPB.OzoneManagerProtocolServerSideTranslatorPB.submitRequest(OzoneManagerProtocolServerSideTranslatorPB.java:111) [hadoop-ozone-ozone-manager-0.5.0-SNAPSHOT.jar:?]
	at org.apache.hadoop.ozone.protocol.proto.OzoneManagerProtocolProtos$OzoneManagerService$2.callBlockingMethod(OzoneManagerProtocolProtos.java) [hadoop-ozone-common-0.5.0-SNAPSHOT.jar:?]
	at org.apache.hadoop.ipc.ProtobufRpcEngine$Server$ProtoBufRpcInvoker.call(ProtobufRpcEngine.java:524) [hadoop-common-3.2.0.jar:?]
	at org.apache.hadoop.ipc.RPC$Server.call(RPC.java:1025) [hadoop-common-3.2.0.jar:?]
	at org.apache.hadoop.ipc.Server$RpcCall.run(Server.java:876) [hadoop-common-3.2.0.jar:?]
	at org.apache.hadoop.ipc.Server$RpcCall.run(Server.java:822) [hadoop-common-3.2.0.jar:?]
	at java.security.AccessController.doPrivileged(Native Method) [?:1.8.0_212]
	at javax.security.auth.Subject.doAs(Subject.java:422) [?:1.8.0_212]
	at org.apache.hadoop.security.UserGroupInformation.doAs(UserGroupInformation.java:1730) [hadoop-common-3.2.0.jar:?]
	at org.apache.hadoop.ipc.Server$Handler.run(Server.java:2682) [hadoop-common-3.2.0.jar:?]
2019-09-25 08:43:09,230 [LocalJobRunner Map Task Executor #0] WARN  ozone.BasicOzoneFileSystem (BasicOzoneFileSystem.java:delete(442)) - delete: Path does not exist: o3fs://bucket14370.volume52055/test/ITestOzoneContractDistCp/testUpdateDeepDirectoryStructureNoChange/remote/outputDir/.distcp.tmp.attempt_local2017747317_0001_m_000001_0
2019-09-25 08:43:09,230 [LocalJobRunner Map Task Executor #0] ERROR util.RetriableCommand (RetriableCommand.java:execute(89)) - Failure in Retriable command: Copying file:/workdir/hadoop-ozone/ozonefs/target/test-dir/ITestOzoneContractDistCp/testUpdateDeepDirectoryStructureNoChange/local/inputDir/subDir1/file2 to o3fs://bucket14370.volume52055/test/ITestOzoneContractDistCp/testUpdateDeepDirectoryStructureNoChange/remote/outputDir/inputDir/subDir1/file2
INTERNAL_ERROR org.apache.hadoop.ozone.om.exceptions.OMException: Allocated 0 blocks. Requested 1 blocks
	at org.apache.hadoop.ozone.om.protocolPB.OzoneManagerProtocolClientSideTranslatorPB.handleError(OzoneManagerProtocolClientSideTranslatorPB.java:732)
	at org.apache.hadoop.ozone.om.protocolPB.OzoneManagerProtocolClientSideTranslatorPB.createFile(OzoneManagerProtocolClientSideTranslatorPB.java:1536)
	at sun.reflect.NativeMethodAccessorImpl.invoke0(Native Method)
	at sun.reflect.NativeMethodAccessorImpl.invoke(NativeMethodAccessorImpl.java:62)
	at sun.reflect.DelegatingMethodAccessorImpl.invoke(DelegatingMethodAccessorImpl.java:43)
	at java.lang.reflect.Method.invoke(Method.java:498)
	at org.apache.hadoop.hdds.tracing.TraceAllMethod.invoke(TraceAllMethod.java:66)
	at com.sun.proxy.$Proxy41.createFile(Unknown Source)
	at org.apache.hadoop.ozone.client.rpc.RpcClient.createFile(RpcClient.java:1006)
	at org.apache.hadoop.ozone.client.OzoneBucket.createFile(OzoneBucket.java:537)
	at org.apache.hadoop.fs.ozone.BasicOzoneClientAdapterImpl.createFile(BasicOzoneClientAdapterImpl.java:205)
	at org.apache.hadoop.fs.ozone.BasicOzoneFileSystem.createOutputStream(BasicOzoneFileSystem.java:250)
	at org.apache.hadoop.fs.ozone.BasicOzoneFileSystem.create(BasicOzoneFileSystem.java:231)
	at org.apache.hadoop.fs.FileSystem.create(FileSystem.java:1195)
	at org.apache.hadoop.tools.mapred.RetriableFileCopyCommand.copyToFile(RetriableFileCopyCommand.java:184)
	at org.apache.hadoop.tools.mapred.RetriableFileCopyCommand.doCopy(RetriableFileCopyCommand.java:123)
	at org.apache.hadoop.tools.mapred.RetriableFileCopyCommand.doExecute(RetriableFileCopyCommand.java:99)
	at org.apache.hadoop.tools.util.RetriableCommand.execute(RetriableCommand.java:87)
	at org.apache.hadoop.tools.mapred.CopyMapper.copyFileWithRetry(CopyMapper.java:256)
	at org.apache.hadoop.tools.mapred.CopyMapper.map(CopyMapper.java:217)
	at org.apache.hadoop.tools.mapred.CopyMapper.map(CopyMapper.java:48)
	at org.apache.hadoop.mapreduce.Mapper.run(Mapper.java:146)
	at org.apache.hadoop.mapred.MapTask.runNewMapper(MapTask.java:799)
	at org.apache.hadoop.mapred.MapTask.run(MapTask.java:347)
	at org.apache.hadoop.mapred.LocalJobRunner$Job$MapTaskRunnable.run(LocalJobRunner.java:271)
	at java.util.concurrent.Executors$RunnableAdapter.call(Executors.java:511)
	at java.util.concurrent.FutureTask.run(FutureTask.java:266)
	at java.util.concurrent.ThreadPoolExecutor.runWorker(ThreadPoolExecutor.java:1149)
	at java.util.concurrent.ThreadPoolExecutor$Worker.run(ThreadPoolExecutor.java:624)
	at java.lang.Thread.run(Thread.java:748)
2019-09-25 08:43:09,441 [pool-27-thread-1] INFO  storage.RaftStorageDirectory (RaftStorageDirectory.java:tryLock(328)) - Lock on /workdir/hadoop-ozone/ozonefs/target/test-dir/MiniOzoneClusterImpl-d4f0e99b-eb79-4745-ab8c-980425c864f9/datanode-0/data/ratis/0f2e7b30-5038-42f6-bb2f-03297fa65894/in_use.lock acquired by nodename 26692@pr-hdds-2174-pqx5g-486351168
2019-09-25 08:43:09,441 [pool-37-thread-1] INFO  storage.RaftStorage (RaftStorage.java:format(72)) - Storage directory /workdir/hadoop-ozone/ozonefs/target/test-dir/MiniOzoneClusterImpl-d4f0e99b-eb79-4745-ab8c-980425c864f9/datanode-1/data/ratis/0f2e7b30-5038-42f6-bb2f-03297fa65894 has been successfully formatted.
2019-09-25 08:43:09,441 [pool-57-thread-1] INFO  storage.RaftStorage (RaftStorage.java:format(72)) - Storage directory /workdir/hadoop-ozone/ozonefs/target/test-dir/MiniOzoneClusterImpl-d4f0e99b-eb79-4745-ab8c-980425c864f9/datanode-3/data/ratis/fc8e546c-3cac-46a3-a0f1-780021735295 has been successfully formatted.
2019-09-25 08:43:09,441 [b0445327-5aa8-4723-b13f-0045c06a7051@group-0ECE08F33E54-SegmentedRaftLogWorker] INFO  segmented.SegmentedRaftLogWorker (SegmentedRaftLogWorker.java:execute(569)) - b0445327-5aa8-4723-b13f-0045c06a7051@group-0ECE08F33E54-SegmentedRaftLogWorker: created new log segment /workdir/hadoop-ozone/ozonefs/target/test-dir/MiniOzoneClusterImpl-d4f0e99b-eb79-4745-ab8c-980425c864f9/datanode-1/data/ratis/378f3a57-f8e0-4504-992b-0ece08f33e54/current/log_inprogress_0
2019-09-25 08:43:09,441 [6c26676d-e3b4-4ef4-8acf-5b4b794af88e@group-0ECE08F33E54-SegmentedRaftLogWorker] INFO  segmented.SegmentedRaftLogWorker (SegmentedRaftLogWorker.java:execute(569)) - 6c26676d-e3b4-4ef4-8acf-5b4b794af88e@group-0ECE08F33E54-SegmentedRaftLogWorker: created new log segment /workdir/hadoop-ozone/ozonefs/target/test-dir/MiniOzoneClusterImpl-d4f0e99b-eb79-4745-ab8c-980425c864f9/datanode-0/data/ratis/378f3a57-f8e0-4504-992b-0ece08f33e54/current/log_inprogress_0
2019-09-25 08:43:09,441 [dd1e4894-806d-4283-b3cc-ceb649e5b26f@group-0ECE08F33E54-SegmentedRaftLogWorker] INFO  segmented.SegmentedRaftLogWorker (SegmentedRaftLogWorker.java:execute(569)) - dd1e4894-806d-4283-b3cc-ceb649e5b26f@group-0ECE08F33E54-SegmentedRaftLogWorker: created new log segment /workdir/hadoop-ozone/ozonefs/target/test-dir/MiniOzoneClusterImpl-d4f0e99b-eb79-4745-ab8c-980425c864f9/datanode-3/data/ratis/378f3a57-f8e0-4504-992b-0ece08f33e54/current/log_inprogress_0
2019-09-25 08:43:09,442 [pool-57-thread-1] INFO  ratis.ContainerStateMachine (ContainerStateMachine.java:loadSnapshot(230)) - group-780021735295: The snapshot info is null. Setting the last applied indexto:(t:0, i:~)
2019-09-25 08:43:09,442 [pool-37-thread-1] INFO  ratis.ContainerStateMachine (ContainerStateMachine.java:loadSnapshot(230)) - group-03297FA65894: The snapshot info is null. Setting the last applied indexto:(t:0, i:~)
2019-09-25 08:43:09,443 [pool-57-thread-1] INFO  server.RaftServerConfigKeys (ConfUtils.java:logGet(43)) - raft.server.notification.no-leader.timeout = 120s (custom)
2019-09-25 08:43:09,443 [pool-37-thread-1] INFO  server.RaftServerConfigKeys (ConfUtils.java:logGet(43)) - raft.server.notification.no-leader.timeout = 120s (custom)
2019-09-25 08:43:09,443 [pool-57-thread-1] INFO  server.RaftServerConfigKeys (ConfUtils.java:logGet(43)) - raft.server.log.use.memory = false (default)
2019-09-25 08:43:09,444 [pool-37-thread-1] INFO  server.RaftServerConfigKeys (ConfUtils.java:logGet(43)) - raft.server.log.use.memory = false (default)
2019-09-25 08:43:09,444 [pool-57-thread-1] INFO  server.RaftServerConfigKeys (ConfUtils.java:logGet(43)) - raft.server.log.purge.gap = 1000000 (custom)
2019-09-25 08:43:09,444 [pool-37-thread-1] INFO  server.RaftServerConfigKeys (ConfUtils.java:logGet(43)) - raft.server.log.purge.gap = 1000000 (custom)
2019-09-25 08:43:09,444 [pool-57-thread-1] INFO  server.RaftServerConfigKeys (ConfUtils.java:logGet(43)) - raft.server.log.appender.buffer.byte-limit = 33554432 (custom)
2019-09-25 08:43:09,444 [pool-37-thread-1] INFO  server.RaftServerConfigKeys (ConfUtils.java:logGet(43)) - raft.server.log.appender.buffer.byte-limit = 33554432 (custom)
2019-09-25 08:43:09,445 [pool-57-thread-1] INFO  server.RaftServerConfigKeys (ConfUtils.java:logGet(43)) - raft.server.log.segment.size.max = 1048576 (custom)
2019-09-25 08:43:09,445 [pool-37-thread-1] INFO  server.RaftServerConfigKeys (ConfUtils.java:logGet(43)) - raft.server.log.segment.size.max = 1048576 (custom)
2019-09-25 08:43:09,445 [pool-57-thread-1] INFO  server.RaftServerConfigKeys (ConfUtils.java:logGet(43)) - raft.server.log.segment.cache.num.max = 2 (custom)
2019-09-25 08:43:09,445 [pool-37-thread-1] INFO  server.RaftServerConfigKeys (ConfUtils.java:logGet(43)) - raft.server.log.segment.cache.num.max = 2 (custom)
2019-09-25 08:43:09,445 [pool-57-thread-1] INFO  segmented.SegmentedRaftLogWorker (SegmentedRaftLogWorker.java:<init>(172)) - new dd1e4894-806d-4283-b3cc-ceb649e5b26f@group-780021735295-SegmentedRaftLogWorker for RaftStorage:Storage Directory /workdir/hadoop-ozone/ozonefs/target/test-dir/MiniOzoneClusterImpl-d4f0e99b-eb79-4745-ab8c-980425c864f9/datanode-3/data/ratis/fc8e546c-3cac-46a3-a0f1-780021735295
2019-09-25 08:43:09,446 [pool-37-thread-1] INFO  segmented.SegmentedRaftLogWorker (SegmentedRaftLogWorker.java:<init>(172)) - new b0445327-5aa8-4723-b13f-0045c06a7051@group-03297FA65894-SegmentedRaftLogWorker for RaftStorage:Storage Directory /workdir/hadoop-ozone/ozonefs/target/test-dir/MiniOzoneClusterImpl-d4f0e99b-eb79-4745-ab8c-980425c864f9/datanode-1/data/ratis/0f2e7b30-5038-42f6-bb2f-03297fa65894
2019-09-25 08:43:09,446 [pool-57-thread-1] INFO  server.RaftServerConfigKeys (ConfUtils.java:logGet(43)) - raft.server.log.queue.byte-limit = 2147483647 (custom)
2019-09-25 08:43:09,446 [pool-37-thread-1] INFO  server.RaftServerConfigKeys (ConfUtils.java:logGet(43)) - raft.server.log.queue.byte-limit = 2147483647 (custom)
2019-09-25 08:43:09,446 [pool-57-thread-1] INFO  server.RaftServerConfigKeys (ConfUtils.java:logGet(43)) - raft.server.log.queue.element-limit = 1024 (custom)
2019-09-25 08:43:09,446 [pool-37-thread-1] INFO  server.RaftServerConfigKeys (ConfUtils.java:logGet(43)) - raft.server.log.queue.element-limit = 1024 (custom)
2019-09-25 08:43:09,447 [pool-57-thread-1] INFO  server.RaftServerConfigKeys (ConfUtils.java:logGet(43)) - raft.server.log.segment.size.max = 1048576 (custom)
2019-09-25 08:43:09,447 [pool-37-thread-1] INFO  server.RaftServerConfigKeys (ConfUtils.java:logGet(43)) - raft.server.log.segment.size.max = 1048576 (custom)
2019-09-25 08:43:09,447 [pool-57-thread-1] INFO  server.RaftServerConfigKeys (ConfUtils.java:logGet(43)) - raft.server.log.preallocated.size = 16384 (custom)
2019-09-25 08:43:09,447 [pool-37-thread-1] INFO  server.RaftServerConfigKeys (ConfUtils.java:logGet(43)) - raft.server.log.preallocated.size = 16384 (custom)
2019-09-25 08:43:09,447 [pool-57-thread-1] INFO  server.RaftServerConfigKeys (ConfUtils.java:logGet(43)) - raft.server.log.write.buffer.size = 33554432 (custom)
2019-09-25 08:43:09,447 [pool-37-thread-1] INFO  server.RaftServerConfigKeys (ConfUtils.java:logGet(43)) - raft.server.log.write.buffer.size = 33554432 (custom)
2019-09-25 08:43:09,448 [pool-57-thread-1] INFO  server.RaftServerConfigKeys (ConfUtils.java:logGet(43)) - raft.server.log.force.sync.num = 128 (default)
2019-09-25 08:43:09,448 [pool-37-thread-1] INFO  server.RaftServerConfigKeys (ConfUtils.java:logGet(43)) - raft.server.log.force.sync.num = 128 (default)
2019-09-25 08:43:09,448 [pool-57-thread-1] INFO  server.RaftServerConfigKeys (ConfUtils.java:logGet(43)) - raft.server.log.statemachine.data.sync = true (default)
2019-09-25 08:43:09,448 [pool-37-thread-1] INFO  server.RaftServerConfigKeys (ConfUtils.java:logGet(43)) - raft.server.log.statemachine.data.sync = true (default)
2019-09-25 08:43:09,448 [pool-57-thread-1] INFO  server.RaftServerConfigKeys (ConfUtils.java:logGet(43)) - raft.server.log.statemachine.data.sync.timeout = 10s (default)
2019-09-25 08:43:09,448 [pool-37-thread-1] INFO  server.RaftServerConfigKeys (ConfUtils.java:logGet(43)) - raft.server.log.statemachine.data.sync.timeout = 10s (default)
2019-09-25 08:43:09,449 [pool-57-thread-1] INFO  server.RaftServerConfigKeys (ConfUtils.java:logGet(43)) - raft.server.log.statemachine.data.sync.timeout.retry = -1 (default)
2019-09-25 08:43:09,449 [pool-37-thread-1] INFO  server.RaftServerConfigKeys (ConfUtils.java:logGet(43)) - raft.server.log.statemachine.data.sync.timeout.retry = -1 (default)
2019-09-25 08:43:09,449 [pool-57-thread-1] INFO  server.RaftServerConfigKeys (ConfUtils.java:logGet(43)) - raft.server.log.statemachine.data.caching.enabled = true (custom)
2019-09-25 08:43:09,449 [pool-37-thread-1] INFO  server.RaftServerConfigKeys (ConfUtils.java:logGet(43)) - raft.server.log.statemachine.data.caching.enabled = true (custom)
2019-09-25 08:43:09,450 [pool-57-thread-1] INFO  segmented.SegmentedRaftLogWorker (SegmentedRaftLogWorker.java:lambda$new$0(132)) - dd1e4894-806d-4283-b3cc-ceb649e5b26f@group-780021735295-SegmentedRaftLogWorker: flushIndex: setUnconditionally 0 -> -1
2019-09-25 08:43:09,450 [pool-37-thread-1] INFO  segmented.SegmentedRaftLogWorker (SegmentedRaftLogWorker.java:lambda$new$0(132)) - b0445327-5aa8-4723-b13f-0045c06a7051@group-03297FA65894-SegmentedRaftLogWorker: flushIndex: setUnconditionally 0 -> -1
2019-09-25 08:43:09,450 [pool-57-thread-1] INFO  server.RaftServerConfigKeys (ConfUtils.java:logGet(43)) - raft.server.snapshot.auto.trigger.enabled = true (custom)
2019-09-25 08:43:09,450 [pool-37-thread-1] INFO  server.RaftServerConfigKeys (ConfUtils.java:logGet(43)) - raft.server.snapshot.auto.trigger.enabled = true (custom)
2019-09-25 08:43:09,451 [pool-57-thread-1] INFO  server.RaftServerConfigKeys (ConfUtils.java:logGet(43)) - raft.server.snapshot.auto.trigger.threshold = 10000 (custom)
2019-09-25 08:43:09,451 [pool-37-thread-1] INFO  server.RaftServerConfigKeys (ConfUtils.java:logGet(43)) - raft.server.snapshot.auto.trigger.threshold = 10000 (custom)
2019-09-25 08:43:09,451 [pool-57-thread-1] INFO  server.RaftServerConfigKeys (ConfUtils.java:logGet(43)) - raft.server.snapshot.retention.num.files = 5 (custom)
2019-09-25 08:43:09,451 [pool-37-thread-1] INFO  server.RaftServerConfigKeys (ConfUtils.java:logGet(43)) - raft.server.snapshot.retention.num.files = 5 (custom)
2019-09-25 08:43:09,451 [pool-57-thread-1] INFO  server.RaftServerConfigKeys (ConfUtils.java:logGet(43)) - raft.server.retrycache.expirytime = 600000ms (custom)
2019-09-25 08:43:09,451 [pool-37-thread-1] INFO  server.RaftServerConfigKeys (ConfUtils.java:logGet(43)) - raft.server.retrycache.expirytime = 600000ms (custom)
2019-09-25 08:43:09,457 [pool-37-thread-1] INFO  impl.RaftServerImpl (RaftServerImpl.java:start(185)) - b0445327-5aa8-4723-b13f-0045c06a7051@group-FA53BD1D2530: start as a follower, conf=-1: [b0445327-5aa8-4723-b13f-0045c06a7051:192.168.36.126:40401, dd1e4894-806d-4283-b3cc-ceb649e5b26f:192.168.36.126:34305, 6c26676d-e3b4-4ef4-8acf-5b4b794af88e:192.168.36.126:46446], old=null
2019-09-25 08:43:09,457 [pool-37-thread-1] INFO  impl.RaftServerImpl (RaftServerImpl.java:setRole(174)) - b0445327-5aa8-4723-b13f-0045c06a7051@group-FA53BD1D2530: changes role from      null to FOLLOWER at term 0 for startAsFollower
2019-09-25 08:43:09,457 [pool-37-thread-1] INFO  impl.RoleInfo (RoleInfo.java:updateAndGet(143)) - b0445327-5aa8-4723-b13f-0045c06a7051: start FollowerState
2019-09-25 08:43:09,458 [pool-37-thread-1] INFO  util.JmxRegister (JmxRegister.java:tryRegister(44)) - Successfully registered JMX Bean with object name Ratis:service=RaftServer,group=group-FA53BD1D2530,id=b0445327-5aa8-4723-b13f-0045c06a7051
2019-09-25 08:43:09,458 [pool-57-thread-1] INFO  impl.RaftServerImpl (RaftServerImpl.java:<init>(95)) - dd1e4894-806d-4283-b3cc-ceb649e5b26f: new RaftServerImpl for group-03297FA65894:[b0445327-5aa8-4723-b13f-0045c06a7051:192.168.36.126:40401, dd1e4894-806d-4283-b3cc-ceb649e5b26f:192.168.36.126:34305, 6c26676d-e3b4-4ef4-8acf-5b4b794af88e:192.168.36.126:46446] with ContainerStateMachine:uninitialized
2019-09-25 08:43:09,459 [pool-57-thread-1] INFO  server.RaftServerConfigKeys (ConfUtils.java:logGet(43)) - raft.server.rpc.timeout.min = 5s (custom)
2019-09-25 08:43:09,459 [pool-57-thread-1] INFO  server.RaftServerConfigKeys (ConfUtils.java:logGet(43)) - raft.server.rpc.timeout.max = 5200ms (custom)
2019-09-25 08:43:09,459 [pool-57-thread-1] INFO  server.RaftServerConfigKeys (ConfUtils.java:logGet(43)) - raft.server.rpcslowness.timeout = 120s (custom)
2019-09-25 08:43:09,459 [pool-57-thread-1] INFO  server.RaftServerConfigKeys (ConfUtils.java:logGet(43)) - raft.server.sleep.deviation.threshold = 300 (default)
2019-09-25 08:43:09,459 [pool-57-thread-1] INFO  server.RaftServerConfigKeys (ConfUtils.java:logGet(43)) - raft.server.log.appender.install.snapshot.enabled = false (custom)
2019-09-25 08:43:09,460 [pool-57-thread-1] INFO  impl.RaftServerImpl (ServerState.java:<init>(103)) - dd1e4894-806d-4283-b3cc-ceb649e5b26f@group-03297FA65894: ConfigurationManager, init=-1: [b0445327-5aa8-4723-b13f-0045c06a7051:192.168.36.126:40401, dd1e4894-806d-4283-b3cc-ceb649e5b26f:192.168.36.126:34305, 6c26676d-e3b4-4ef4-8acf-5b4b794af88e:192.168.36.126:46446], old=null, confs=<EMPTY_MAP>
2019-09-25 08:43:09,460 [pool-57-thread-1] INFO  server.RaftServerConfigKeys (ConfUtils.java:logGet(43)) - raft.server.storage.dir = [/workdir/hadoop-ozone/ozonefs/target/test-dir/MiniOzoneClusterImpl-d4f0e99b-eb79-4745-ab8c-980425c864f9/datanode-3/data/ratis] (custom)
2019-09-25 08:43:09,460 [pool-37-thread-1] INFO  impl.RaftServerImpl (RaftServerImpl.java:<init>(95)) - b0445327-5aa8-4723-b13f-0045c06a7051: new RaftServerImpl for group-33D7D0D3770C:[b0445327-5aa8-4723-b13f-0045c06a7051:192.168.36.126:40401, dd1e4894-806d-4283-b3cc-ceb649e5b26f:192.168.36.126:34305, 6c26676d-e3b4-4ef4-8acf-5b4b794af88e:192.168.36.126:46446] with ContainerStateMachine:uninitialized
2019-09-25 08:43:09,460 [pool-57-thread-1] INFO  storage.RaftStorageDirectory (RaftStorageDirectory.java:analyzeStorage(246)) - The storage directory /workdir/hadoop-ozone/ozonefs/target/test-dir/MiniOzoneClusterImpl-d4f0e99b-eb79-4745-ab8c-980425c864f9/datanode-3/data/ratis/0f2e7b30-5038-42f6-bb2f-03297fa65894 does not exist. Creating ...
2019-09-25 08:43:09,460 [pool-37-thread-1] INFO  server.RaftServerConfigKeys (ConfUtils.java:logGet(43)) - raft.server.rpc.timeout.min = 5s (custom)
2019-09-25 08:43:09,461 [pool-37-thread-1] INFO  server.RaftServerConfigKeys (ConfUtils.java:logGet(43)) - raft.server.rpc.timeout.max = 5200ms (custom)
2019-09-25 08:43:09,461 [pool-37-thread-1] INFO  server.RaftServerConfigKeys (ConfUtils.java:logGet(43)) - raft.server.rpcslowness.timeout = 120s (custom)
2019-09-25 08:43:09,461 [pool-37-thread-1] INFO  server.RaftServerConfigKeys (ConfUtils.java:logGet(43)) - raft.server.sleep.deviation.threshold = 300 (default)
2019-09-25 08:43:09,461 [pool-37-thread-1] INFO  server.RaftServerConfigKeys (ConfUtils.java:logGet(43)) - raft.server.log.appender.install.snapshot.enabled = false (custom)
2019-09-25 08:43:09,461 [pool-37-thread-1] INFO  impl.RaftServerImpl (ServerState.java:<init>(103)) - b0445327-5aa8-4723-b13f-0045c06a7051@group-33D7D0D3770C: ConfigurationManager, init=-1: [b0445327-5aa8-4723-b13f-0045c06a7051:192.168.36.126:40401, dd1e4894-806d-4283-b3cc-ceb649e5b26f:192.168.36.126:34305, 6c26676d-e3b4-4ef4-8acf-5b4b794af88e:192.168.36.126:46446], old=null, confs=<EMPTY_MAP>
2019-09-25 08:43:09,462 [pool-37-thread-1] INFO  server.RaftServerConfigKeys (ConfUtils.java:logGet(43)) - raft.server.storage.dir = [/workdir/hadoop-ozone/ozonefs/target/test-dir/MiniOzoneClusterImpl-d4f0e99b-eb79-4745-ab8c-980425c864f9/datanode-1/data/ratis] (custom)
2019-09-25 08:43:09,462 [pool-37-thread-1] INFO  storage.RaftStorageDirectory (RaftStorageDirectory.java:analyzeStorage(246)) - The storage directory /workdir/hadoop-ozone/ozonefs/target/test-dir/MiniOzoneClusterImpl-d4f0e99b-eb79-4745-ab8c-980425c864f9/datanode-1/data/ratis/2eefd8af-0869-429e-8e12-33d7d0d3770c does not exist. Creating ...
2019-09-25 08:43:10,075 [pool-37-thread-1] INFO  storage.RaftStorageDirectory (RaftStorageDirectory.java:tryLock(328)) - Lock on /workdir/hadoop-ozone/ozonefs/target/test-dir/MiniOzoneClusterImpl-d4f0e99b-eb79-4745-ab8c-980425c864f9/datanode-1/data/ratis/2eefd8af-0869-429e-8e12-33d7d0d3770c/in_use.lock acquired by nodename 26692@pr-hdds-2174-pqx5g-486351168
2019-09-25 08:43:10,075 [pool-27-thread-1] INFO  storage.RaftStorage (RaftStorage.java:format(72)) - Storage directory /workdir/hadoop-ozone/ozonefs/target/test-dir/MiniOzoneClusterImpl-d4f0e99b-eb79-4745-ab8c-980425c864f9/datanode-0/data/ratis/0f2e7b30-5038-42f6-bb2f-03297fa65894 has been successfully formatted.
2019-09-25 08:43:10,075 [pool-57-thread-1] INFO  storage.RaftStorageDirectory (RaftStorageDirectory.java:tryLock(328)) - Lock on /workdir/hadoop-ozone/ozonefs/target/test-dir/MiniOzoneClusterImpl-d4f0e99b-eb79-4745-ab8c-980425c864f9/datanode-3/data/ratis/0f2e7b30-5038-42f6-bb2f-03297fa65894/in_use.lock acquired by nodename 26692@pr-hdds-2174-pqx5g-486351168
2019-09-25 08:43:10,076 [pool-27-thread-1] INFO  ratis.ContainerStateMachine (ContainerStateMachine.java:loadSnapshot(230)) - group-03297FA65894: The snapshot info is null. Setting the last applied indexto:(t:0, i:~)
2019-09-25 08:43:10,076 [pool-27-thread-1] INFO  server.RaftServerConfigKeys (ConfUtils.java:logGet(43)) - raft.server.notification.no-leader.timeout = 120s (custom)
2019-09-25 08:43:10,076 [pool-27-thread-1] INFO  server.RaftServerConfigKeys (ConfUtils.java:logGet(43)) - raft.server.log.use.memory = false (default)
2019-09-25 08:43:10,076 [pool-27-thread-1] INFO  server.RaftServerConfigKeys (ConfUtils.java:logGet(43)) - raft.server.log.purge.gap = 1000000 (custom)
2019-09-25 08:43:10,076 [pool-27-thread-1] INFO  server.RaftServerConfigKeys (ConfUtils.java:logGet(43)) - raft.server.log.appender.buffer.byte-limit = 33554432 (custom)
2019-09-25 08:43:10,077 [pool-27-thread-1] INFO  server.RaftServerConfigKeys (ConfUtils.java:logGet(43)) - raft.server.log.segment.size.max = 1048576 (custom)
2019-09-25 08:43:10,077 [pool-27-thread-1] INFO  server.RaftServerConfigKeys (ConfUtils.java:logGet(43)) - raft.server.log.segment.cache.num.max = 2 (custom)
2019-09-25 08:43:10,077 [pool-27-thread-1] INFO  segmented.SegmentedRaftLogWorker (SegmentedRaftLogWorker.java:<init>(172)) - new 6c26676d-e3b4-4ef4-8acf-5b4b794af88e@group-03297FA65894-SegmentedRaftLogWorker for RaftStorage:Storage Directory /workdir/hadoop-ozone/ozonefs/target/test-dir/MiniOzoneClusterImpl-d4f0e99b-eb79-4745-ab8c-980425c864f9/datanode-0/data/ratis/0f2e7b30-5038-42f6-bb2f-03297fa65894
2019-09-25 08:43:10,077 [pool-27-thread-1] INFO  server.RaftServerConfigKeys (ConfUtils.java:logGet(43)) - raft.server.log.queue.byte-limit = 2147483647 (custom)
2019-09-25 08:43:10,077 [pool-27-thread-1] INFO  server.RaftServerConfigKeys (ConfUtils.java:logGet(43)) - raft.server.log.queue.element-limit = 1024 (custom)
2019-09-25 08:43:10,077 [pool-27-thread-1] INFO  server.RaftServerConfigKeys (ConfUtils.java:logGet(43)) - raft.server.log.segment.size.max = 1048576 (custom)
2019-09-25 08:43:10,077 [pool-27-thread-1] INFO  server.RaftServerConfigKeys (ConfUtils.java:logGet(43)) - raft.server.log.preallocated.size = 16384 (custom)
2019-09-25 08:43:10,077 [pool-27-thread-1] INFO  server.RaftServerConfigKeys (ConfUtils.java:logGet(43)) - raft.server.log.write.buffer.size = 33554432 (custom)
2019-09-25 08:43:10,078 [pool-27-thread-1] INFO  server.RaftServerConfigKeys (ConfUtils.java:logGet(43)) - raft.server.log.force.sync.num = 128 (default)
2019-09-25 08:43:10,078 [pool-27-thread-1] INFO  server.RaftServerConfigKeys (ConfUtils.java:logGet(43)) - raft.server.log.statemachine.data.sync = true (default)
2019-09-25 08:43:10,078 [pool-27-thread-1] INFO  server.RaftServerConfigKeys (ConfUtils.java:logGet(43)) - raft.server.log.statemachine.data.sync.timeout = 10s (default)
2019-09-25 08:43:10,078 [pool-27-thread-1] INFO  server.RaftServerConfigKeys (ConfUtils.java:logGet(43)) - raft.server.log.statemachine.data.sync.timeout.retry = -1 (default)
2019-09-25 08:43:10,078 [pool-27-thread-1] INFO  server.RaftServerConfigKeys (ConfUtils.java:logGet(43)) - raft.server.log.statemachine.data.caching.enabled = true (custom)
2019-09-25 08:43:10,078 [pool-27-thread-1] INFO  segmented.SegmentedRaftLogWorker (SegmentedRaftLogWorker.java:lambda$new$0(132)) - 6c26676d-e3b4-4ef4-8acf-5b4b794af88e@group-03297FA65894-SegmentedRaftLogWorker: flushIndex: setUnconditionally 0 -> -1
2019-09-25 08:43:10,079 [pool-27-thread-1] INFO  server.RaftServerConfigKeys (ConfUtils.java:logGet(43)) - raft.server.snapshot.auto.trigger.enabled = true (custom)
2019-09-25 08:43:10,079 [pool-27-thread-1] INFO  server.RaftServerConfigKeys (ConfUtils.java:logGet(43)) - raft.server.snapshot.auto.trigger.threshold = 10000 (custom)
2019-09-25 08:43:10,079 [pool-27-thread-1] INFO  server.RaftServerConfigKeys (ConfUtils.java:logGet(43)) - raft.server.snapshot.retention.num.files = 5 (custom)
2019-09-25 08:43:10,079 [pool-27-thread-1] INFO  server.RaftServerConfigKeys (ConfUtils.java:logGet(43)) - raft.server.retrycache.expirytime = 600000ms (custom)
2019-09-25 08:43:10,083 [pool-27-thread-1] INFO  impl.RaftServerImpl (RaftServerImpl.java:<init>(95)) - 6c26676d-e3b4-4ef4-8acf-5b4b794af88e: new RaftServerImpl for group-33D7D0D3770C:[b0445327-5aa8-4723-b13f-0045c06a7051:192.168.36.126:40401, dd1e4894-806d-4283-b3cc-ceb649e5b26f:192.168.36.126:34305, 6c26676d-e3b4-4ef4-8acf-5b4b794af88e:192.168.36.126:46446] with ContainerStateMachine:uninitialized
2019-09-25 08:43:10,083 [pool-27-thread-1] INFO  server.RaftServerConfigKeys (ConfUtils.java:logGet(43)) - raft.server.rpc.timeout.min = 5s (custom)
2019-09-25 08:43:10,083 [pool-27-thread-1] INFO  server.RaftServerConfigKeys (ConfUtils.java:logGet(43)) - raft.server.rpc.timeout.max = 5200ms (custom)
2019-09-25 08:43:10,083 [pool-27-thread-1] INFO  server.RaftServerConfigKeys (ConfUtils.java:logGet(43)) - raft.server.rpcslowness.timeout = 120s (custom)
2019-09-25 08:43:10,083 [pool-27-thread-1] INFO  server.RaftServerConfigKeys (ConfUtils.java:logGet(43)) - raft.server.sleep.deviation.threshold = 300 (default)
2019-09-25 08:43:10,083 [pool-27-thread-1] INFO  server.RaftServerConfigKeys (ConfUtils.java:logGet(43)) - raft.server.log.appender.install.snapshot.enabled = false (custom)
2019-09-25 08:43:10,084 [pool-27-thread-1] INFO  impl.RaftServerImpl (ServerState.java:<init>(103)) - 6c26676d-e3b4-4ef4-8acf-5b4b794af88e@group-33D7D0D3770C: ConfigurationManager, init=-1: [b0445327-5aa8-4723-b13f-0045c06a7051:192.168.36.126:40401, dd1e4894-806d-4283-b3cc-ceb649e5b26f:192.168.36.126:34305, 6c26676d-e3b4-4ef4-8acf-5b4b794af88e:192.168.36.126:46446], old=null, confs=<EMPTY_MAP>
2019-09-25 08:43:10,084 [pool-27-thread-1] INFO  server.RaftServerConfigKeys (ConfUtils.java:logGet(43)) - raft.server.storage.dir = [/workdir/hadoop-ozone/ozonefs/target/test-dir/MiniOzoneClusterImpl-d4f0e99b-eb79-4745-ab8c-980425c864f9/datanode-0/data/ratis] (custom)
2019-09-25 08:43:10,084 [pool-27-thread-1] INFO  storage.RaftStorageDirectory (RaftStorageDirectory.java:analyzeStorage(246)) - The storage directory /workdir/hadoop-ozone/ozonefs/target/test-dir/MiniOzoneClusterImpl-d4f0e99b-eb79-4745-ab8c-980425c864f9/datanode-0/data/ratis/2eefd8af-0869-429e-8e12-33d7d0d3770c does not exist. Creating ...
2019-09-25 08:43:10,308 [LocalJobRunner Map Task Executor #0] INFO  mapred.RetriableFileCopyCommand (RetriableFileCopyCommand.java:getTmpFile(260)) - Creating temp file: o3fs://bucket14370.volume52055/test/ITestOzoneContractDistCp/testUpdateDeepDirectoryStructureNoChange/remote/outputDir/.distcp.tmp.attempt_local2017747317_0001_m_000001_0
2019-09-25 08:43:10,370 [grpc-default-executor-3] INFO  impl.RaftServerProxy (RaftServerProxy.java:addNew(89)) - dd1e4894-806d-4283-b3cc-ceb649e5b26f: addNew group-250BE772D41C:[b0445327-5aa8-4723-b13f-0045c06a7051:192.168.36.126:40401, dd1e4894-806d-4283-b3cc-ceb649e5b26f:192.168.36.126:34305, 6c26676d-e3b4-4ef4-8acf-5b4b794af88e:192.168.36.126:46446] returns group-250BE772D41C:java.util.concurrent.CompletableFuture@21287edb[Not completed]
2019-09-25 08:43:10,370 [grpc-default-executor-0] INFO  impl.RaftServerProxy (RaftServerProxy.java:addNew(89)) - b0445327-5aa8-4723-b13f-0045c06a7051: addNew group-250BE772D41C:[b0445327-5aa8-4723-b13f-0045c06a7051:192.168.36.126:40401, dd1e4894-806d-4283-b3cc-ceb649e5b26f:192.168.36.126:34305, 6c26676d-e3b4-4ef4-8acf-5b4b794af88e:192.168.36.126:46446] returns group-250BE772D41C:java.util.concurrent.CompletableFuture@120dc8e8[Not completed]
2019-09-25 08:43:10,371 [grpc-default-executor-2] INFO  impl.RaftServerProxy (RaftServerProxy.java:addNew(89)) - 6c26676d-e3b4-4ef4-8acf-5b4b794af88e: addNew group-250BE772D41C:[b0445327-5aa8-4723-b13f-0045c06a7051:192.168.36.126:40401, dd1e4894-806d-4283-b3cc-ceb649e5b26f:192.168.36.126:34305, 6c26676d-e3b4-4ef4-8acf-5b4b794af88e:192.168.36.126:46446] returns group-250BE772D41C:java.util.concurrent.CompletableFuture@6f47ca40[Not completed]
2019-09-25 08:43:10,509 [pool-27-thread-1] INFO  storage.RaftStorageDirectory (RaftStorageDirectory.java:tryLock(328)) - Lock on /workdir/hadoop-ozone/ozonefs/target/test-dir/MiniOzoneClusterImpl-d4f0e99b-eb79-4745-ab8c-980425c864f9/datanode-0/data/ratis/2eefd8af-0869-429e-8e12-33d7d0d3770c/in_use.lock acquired by nodename 26692@pr-hdds-2174-pqx5g-486351168
2019-09-25 08:43:10,509 [pool-57-thread-1] INFO  storage.RaftStorage (RaftStorage.java:format(72)) - Storage directory /workdir/hadoop-ozone/ozonefs/target/test-dir/MiniOzoneClusterImpl-d4f0e99b-eb79-4745-ab8c-980425c864f9/datanode-3/data/ratis/0f2e7b30-5038-42f6-bb2f-03297fa65894 has been successfully formatted.
2019-09-25 08:43:10,509 [pool-37-thread-1] INFO  storage.RaftStorage (RaftStorage.java:format(72)) - Storage directory /workdir/hadoop-ozone/ozonefs/target/test-dir/MiniOzoneClusterImpl-d4f0e99b-eb79-4745-ab8c-980425c864f9/datanode-1/data/ratis/2eefd8af-0869-429e-8e12-33d7d0d3770c has been successfully formatted.
2019-09-25 08:43:10,510 [pool-57-thread-1] INFO  ratis.ContainerStateMachine (ContainerStateMachine.java:loadSnapshot(230)) - group-03297FA65894: The snapshot info is null. Setting the last applied indexto:(t:0, i:~)
2019-09-25 08:43:10,510 [pool-37-thread-1] INFO  ratis.ContainerStateMachine (ContainerStateMachine.java:loadSnapshot(230)) - group-33D7D0D3770C: The snapshot info is null. Setting the last applied indexto:(t:0, i:~)
2019-09-25 08:43:10,510 [pool-57-thread-1] INFO  server.RaftServerConfigKeys (ConfUtils.java:logGet(43)) - raft.server.notification.no-leader.timeout = 120s (custom)
2019-09-25 08:43:10,510 [pool-37-thread-1] INFO  server.RaftServerConfigKeys (ConfUtils.java:logGet(43)) - raft.server.notification.no-leader.timeout = 120s (custom)
2019-09-25 08:43:10,510 [pool-57-thread-1] INFO  server.RaftServerConfigKeys (ConfUtils.java:logGet(43)) - raft.server.log.use.memory = false (default)
2019-09-25 08:43:10,511 [pool-37-thread-1] INFO  server.RaftServerConfigKeys (ConfUtils.java:logGet(43)) - raft.server.log.use.memory = false (default)
2019-09-25 08:43:10,511 [pool-57-thread-1] INFO  server.RaftServerConfigKeys (ConfUtils.java:logGet(43)) - raft.server.log.purge.gap = 1000000 (custom)
2019-09-25 08:43:10,511 [pool-37-thread-1] INFO  server.RaftServerConfigKeys (ConfUtils.java:logGet(43)) - raft.server.log.purge.gap = 1000000 (custom)
2019-09-25 08:43:10,511 [pool-57-thread-1] INFO  server.RaftServerConfigKeys (ConfUtils.java:logGet(43)) - raft.server.log.appender.buffer.byte-limit = 33554432 (custom)
2019-09-25 08:43:10,511 [pool-37-thread-1] INFO  server.RaftServerConfigKeys (ConfUtils.java:logGet(43)) - raft.server.log.appender.buffer.byte-limit = 33554432 (custom)
2019-09-25 08:43:10,511 [pool-57-thread-1] INFO  server.RaftServerConfigKeys (ConfUtils.java:logGet(43)) - raft.server.log.segment.size.max = 1048576 (custom)
2019-09-25 08:43:10,512 [pool-37-thread-1] INFO  server.RaftServerConfigKeys (ConfUtils.java:logGet(43)) - raft.server.log.segment.size.max = 1048576 (custom)
2019-09-25 08:43:10,512 [pool-57-thread-1] INFO  server.RaftServerConfigKeys (ConfUtils.java:logGet(43)) - raft.server.log.segment.cache.num.max = 2 (custom)
2019-09-25 08:43:10,512 [pool-37-thread-1] INFO  server.RaftServerConfigKeys (ConfUtils.java:logGet(43)) - raft.server.log.segment.cache.num.max = 2 (custom)
2019-09-25 08:43:10,512 [pool-57-thread-1] INFO  segmented.SegmentedRaftLogWorker (SegmentedRaftLogWorker.java:<init>(172)) - new dd1e4894-806d-4283-b3cc-ceb649e5b26f@group-03297FA65894-SegmentedRaftLogWorker for RaftStorage:Storage Directory /workdir/hadoop-ozone/ozonefs/target/test-dir/MiniOzoneClusterImpl-d4f0e99b-eb79-4745-ab8c-980425c864f9/datanode-3/data/ratis/0f2e7b30-5038-42f6-bb2f-03297fa65894
2019-09-25 08:43:10,512 [pool-37-thread-1] INFO  segmented.SegmentedRaftLogWorker (SegmentedRaftLogWorker.java:<init>(172)) - new b0445327-5aa8-4723-b13f-0045c06a7051@group-33D7D0D3770C-SegmentedRaftLogWorker for RaftStorage:Storage Directory /workdir/hadoop-ozone/ozonefs/target/test-dir/MiniOzoneClusterImpl-d4f0e99b-eb79-4745-ab8c-980425c864f9/datanode-1/data/ratis/2eefd8af-0869-429e-8e12-33d7d0d3770c
2019-09-25 08:43:10,512 [pool-57-thread-1] INFO  server.RaftServerConfigKeys (ConfUtils.java:logGet(43)) - raft.server.log.queue.byte-limit = 2147483647 (custom)
2019-09-25 08:43:10,513 [pool-37-thread-1] INFO  server.RaftServerConfigKeys (ConfUtils.java:logGet(43)) - raft.server.log.queue.byte-limit = 2147483647 (custom)
2019-09-25 08:43:10,513 [pool-57-thread-1] INFO  server.RaftServerConfigKeys (ConfUtils.java:logGet(43)) - raft.server.log.queue.element-limit = 1024 (custom)
2019-09-25 08:43:10,513 [pool-37-thread-1] INFO  server.RaftServerConfigKeys (ConfUtils.java:logGet(43)) - raft.server.log.queue.element-limit = 1024 (custom)
2019-09-25 08:43:10,513 [pool-57-thread-1] INFO  server.RaftServerConfigKeys (ConfUtils.java:logGet(43)) - raft.server.log.segment.size.max = 1048576 (custom)
2019-09-25 08:43:10,513 [pool-37-thread-1] INFO  server.RaftServerConfigKeys (ConfUtils.java:logGet(43)) - raft.server.log.segment.size.max = 1048576 (custom)
2019-09-25 08:43:10,513 [pool-57-thread-1] INFO  server.RaftServerConfigKeys (ConfUtils.java:logGet(43)) - raft.server.log.preallocated.size = 16384 (custom)
2019-09-25 08:43:10,514 [pool-37-thread-1] INFO  server.RaftServerConfigKeys (ConfUtils.java:logGet(43)) - raft.server.log.preallocated.size = 16384 (custom)
2019-09-25 08:43:10,514 [pool-57-thread-1] INFO  server.RaftServerConfigKeys (ConfUtils.java:logGet(43)) - raft.server.log.write.buffer.size = 33554432 (custom)
2019-09-25 08:43:10,514 [pool-37-thread-1] INFO  server.RaftServerConfigKeys (ConfUtils.java:logGet(43)) - raft.server.log.write.buffer.size = 33554432 (custom)
2019-09-25 08:43:10,514 [pool-57-thread-1] INFO  server.RaftServerConfigKeys (ConfUtils.java:logGet(43)) - raft.server.log.force.sync.num = 128 (default)
2019-09-25 08:43:10,514 [pool-37-thread-1] INFO  server.RaftServerConfigKeys (ConfUtils.java:logGet(43)) - raft.server.log.force.sync.num = 128 (default)
2019-09-25 08:43:10,514 [pool-57-thread-1] INFO  server.RaftServerConfigKeys (ConfUtils.java:logGet(43)) - raft.server.log.statemachine.data.sync = true (default)
2019-09-25 08:43:10,515 [pool-37-thread-1] INFO  server.RaftServerConfigKeys (ConfUtils.java:logGet(43)) - raft.server.log.statemachine.data.sync = true (default)
2019-09-25 08:43:10,515 [pool-57-thread-1] INFO  server.RaftServerConfigKeys (ConfUtils.java:logGet(43)) - raft.server.log.statemachine.data.sync.timeout = 10s (default)
2019-09-25 08:43:10,515 [pool-37-thread-1] INFO  server.RaftServerConfigKeys (ConfUtils.java:logGet(43)) - raft.server.log.statemachine.data.sync.timeout = 10s (default)
2019-09-25 08:43:10,515 [pool-57-thread-1] INFO  server.RaftServerConfigKeys (ConfUtils.java:logGet(43)) - raft.server.log.statemachine.data.sync.timeout.retry = -1 (default)
2019-09-25 08:43:10,515 [pool-37-thread-1] INFO  server.RaftServerConfigKeys (ConfUtils.java:logGet(43)) - raft.server.log.statemachine.data.sync.timeout.retry = -1 (default)
2019-09-25 08:43:10,516 [pool-57-thread-1] INFO  server.RaftServerConfigKeys (ConfUtils.java:logGet(43)) - raft.server.log.statemachine.data.caching.enabled = true (custom)
2019-09-25 08:43:10,516 [pool-37-thread-1] INFO  server.RaftServerConfigKeys (ConfUtils.java:logGet(43)) - raft.server.log.statemachine.data.caching.enabled = true (custom)
2019-09-25 08:43:10,516 [pool-57-thread-1] INFO  segmented.SegmentedRaftLogWorker (SegmentedRaftLogWorker.java:lambda$new$0(132)) - dd1e4894-806d-4283-b3cc-ceb649e5b26f@group-03297FA65894-SegmentedRaftLogWorker: flushIndex: setUnconditionally 0 -> -1
2019-09-25 08:43:10,516 [pool-37-thread-1] INFO  segmented.SegmentedRaftLogWorker (SegmentedRaftLogWorker.java:lambda$new$0(132)) - b0445327-5aa8-4723-b13f-0045c06a7051@group-33D7D0D3770C-SegmentedRaftLogWorker: flushIndex: setUnconditionally 0 -> -1
2019-09-25 08:43:10,517 [pool-57-thread-1] INFO  server.RaftServerConfigKeys (ConfUtils.java:logGet(43)) - raft.server.snapshot.auto.trigger.enabled = true (custom)
2019-09-25 08:43:10,517 [pool-37-thread-1] INFO  server.RaftServerConfigKeys (ConfUtils.java:logGet(43)) - raft.server.snapshot.auto.trigger.enabled = true (custom)
2019-09-25 08:43:10,517 [pool-57-thread-1] INFO  server.RaftServerConfigKeys (ConfUtils.java:logGet(43)) - raft.server.snapshot.auto.trigger.threshold = 10000 (custom)
2019-09-25 08:43:10,517 [pool-37-thread-1] INFO  server.RaftServerConfigKeys (ConfUtils.java:logGet(43)) - raft.server.snapshot.auto.trigger.threshold = 10000 (custom)
2019-09-25 08:43:10,517 [pool-57-thread-1] INFO  server.RaftServerConfigKeys (ConfUtils.java:logGet(43)) - raft.server.snapshot.retention.num.files = 5 (custom)
2019-09-25 08:43:10,517 [pool-37-thread-1] INFO  server.RaftServerConfigKeys (ConfUtils.java:logGet(43)) - raft.server.snapshot.retention.num.files = 5 (custom)
2019-09-25 08:43:10,517 [pool-57-thread-1] INFO  server.RaftServerConfigKeys (ConfUtils.java:logGet(43)) - raft.server.retrycache.expirytime = 600000ms (custom)
2019-09-25 08:43:10,518 [pool-37-thread-1] INFO  server.RaftServerConfigKeys (ConfUtils.java:logGet(43)) - raft.server.retrycache.expirytime = 600000ms (custom)
2019-09-25 08:43:10,522 [pool-57-thread-1] INFO  impl.RaftServerImpl (RaftServerImpl.java:start(185)) - dd1e4894-806d-4283-b3cc-ceb649e5b26f@group-EE1855C571D6: start as a follower, conf=-1: [dd1e4894-806d-4283-b3cc-ceb649e5b26f:192.168.36.126:34305], old=null
2019-09-25 08:43:10,522 [pool-57-thread-1] INFO  impl.RaftServerImpl (RaftServerImpl.java:setRole(174)) - dd1e4894-806d-4283-b3cc-ceb649e5b26f@group-EE1855C571D6: changes role from      null to FOLLOWER at term 0 for startAsFollower
2019-09-25 08:43:10,522 [pool-57-thread-1] INFO  impl.RoleInfo (RoleInfo.java:updateAndGet(143)) - dd1e4894-806d-4283-b3cc-ceb649e5b26f: start FollowerState
2019-09-25 08:43:10,523 [pool-57-thread-1] INFO  util.JmxRegister (JmxRegister.java:tryRegister(44)) - Successfully registered JMX Bean with object name Ratis:service=RaftServer,group=group-EE1855C571D6,id=dd1e4894-806d-4283-b3cc-ceb649e5b26f
2019-09-25 08:43:10,524 [pool-37-thread-1] INFO  impl.RaftServerImpl (RaftServerImpl.java:<init>(95)) - b0445327-5aa8-4723-b13f-0045c06a7051: new RaftServerImpl for group-F574EF683A41:[b0445327-5aa8-4723-b13f-0045c06a7051:192.168.36.126:40401, dd1e4894-806d-4283-b3cc-ceb649e5b26f:192.168.36.126:34305, 6c26676d-e3b4-4ef4-8acf-5b4b794af88e:192.168.36.126:46446] with ContainerStateMachine:uninitialized
2019-09-25 08:43:10,525 [pool-37-thread-1] INFO  server.RaftServerConfigKeys (ConfUtils.java:logGet(43)) - raft.server.rpc.timeout.min = 5s (custom)
2019-09-25 08:43:10,525 [pool-37-thread-1] INFO  server.RaftServerConfigKeys (ConfUtils.java:logGet(43)) - raft.server.rpc.timeout.max = 5200ms (custom)
2019-09-25 08:43:10,525 [pool-37-thread-1] INFO  server.RaftServerConfigKeys (ConfUtils.java:logGet(43)) - raft.server.rpcslowness.timeout = 120s (custom)
2019-09-25 08:43:10,525 [pool-37-thread-1] INFO  server.RaftServerConfigKeys (ConfUtils.java:logGet(43)) - raft.server.sleep.deviation.threshold = 300 (default)
2019-09-25 08:43:10,525 [pool-37-thread-1] INFO  server.RaftServerConfigKeys (ConfUtils.java:logGet(43)) - raft.server.log.appender.install.snapshot.enabled = false (custom)
2019-09-25 08:43:10,525 [pool-57-thread-1] INFO  impl.RaftServerImpl (RaftServerImpl.java:<init>(95)) - dd1e4894-806d-4283-b3cc-ceb649e5b26f: new RaftServerImpl for group-33D7D0D3770C:[b0445327-5aa8-4723-b13f-0045c06a7051:192.168.36.126:40401, dd1e4894-806d-4283-b3cc-ceb649e5b26f:192.168.36.126:34305, 6c26676d-e3b4-4ef4-8acf-5b4b794af88e:192.168.36.126:46446] with ContainerStateMachine:uninitialized
2019-09-25 08:43:10,526 [pool-37-thread-1] INFO  impl.RaftServerImpl (ServerState.java:<init>(103)) - b0445327-5aa8-4723-b13f-0045c06a7051@group-F574EF683A41: ConfigurationManager, init=-1: [b0445327-5aa8-4723-b13f-0045c06a7051:192.168.36.126:40401, dd1e4894-806d-4283-b3cc-ceb649e5b26f:192.168.36.126:34305, 6c26676d-e3b4-4ef4-8acf-5b4b794af88e:192.168.36.126:46446], old=null, confs=<EMPTY_MAP>
2019-09-25 08:43:10,526 [pool-57-thread-1] INFO  server.RaftServerConfigKeys (ConfUtils.java:logGet(43)) - raft.server.rpc.timeout.min = 5s (custom)
2019-09-25 08:43:10,526 [pool-37-thread-1] INFO  server.RaftServerConfigKeys (ConfUtils.java:logGet(43)) - raft.server.storage.dir = [/workdir/hadoop-ozone/ozonefs/target/test-dir/MiniOzoneClusterImpl-d4f0e99b-eb79-4745-ab8c-980425c864f9/datanode-1/data/ratis] (custom)
2019-09-25 08:43:10,526 [pool-57-thread-1] INFO  server.RaftServerConfigKeys (ConfUtils.java:logGet(43)) - raft.server.rpc.timeout.max = 5200ms (custom)
2019-09-25 08:43:10,526 [pool-57-thread-1] INFO  server.RaftServerConfigKeys (ConfUtils.java:logGet(43)) - raft.server.rpcslowness.timeout = 120s (custom)
2019-09-25 08:43:10,527 [pool-57-thread-1] INFO  server.RaftServerConfigKeys (ConfUtils.java:logGet(43)) - raft.server.sleep.deviation.threshold = 300 (default)
2019-09-25 08:43:10,527 [pool-37-thread-1] INFO  storage.RaftStorageDirectory (RaftStorageDirectory.java:analyzeStorage(246)) - The storage directory /workdir/hadoop-ozone/ozonefs/target/test-dir/MiniOzoneClusterImpl-d4f0e99b-eb79-4745-ab8c-980425c864f9/datanode-1/data/ratis/69bbb164-95ce-4073-b590-f574ef683a41 does not exist. Creating ...
2019-09-25 08:43:10,527 [pool-57-thread-1] INFO  server.RaftServerConfigKeys (ConfUtils.java:logGet(43)) - raft.server.log.appender.install.snapshot.enabled = false (custom)
2019-09-25 08:43:10,527 [pool-57-thread-1] INFO  impl.RaftServerImpl (ServerState.java:<init>(103)) - dd1e4894-806d-4283-b3cc-ceb649e5b26f@group-33D7D0D3770C: ConfigurationManager, init=-1: [b0445327-5aa8-4723-b13f-0045c06a7051:192.168.36.126:40401, dd1e4894-806d-4283-b3cc-ceb649e5b26f:192.168.36.126:34305, 6c26676d-e3b4-4ef4-8acf-5b4b794af88e:192.168.36.126:46446], old=null, confs=<EMPTY_MAP>
2019-09-25 08:43:10,527 [pool-57-thread-1] INFO  server.RaftServerConfigKeys (ConfUtils.java:logGet(43)) - raft.server.storage.dir = [/workdir/hadoop-ozone/ozonefs/target/test-dir/MiniOzoneClusterImpl-d4f0e99b-eb79-4745-ab8c-980425c864f9/datanode-3/data/ratis] (custom)
2019-09-25 08:43:10,528 [pool-57-thread-1] INFO  storage.RaftStorageDirectory (RaftStorageDirectory.java:analyzeStorage(246)) - The storage directory /workdir/hadoop-ozone/ozonefs/target/test-dir/MiniOzoneClusterImpl-d4f0e99b-eb79-4745-ab8c-980425c864f9/datanode-3/data/ratis/2eefd8af-0869-429e-8e12-33d7d0d3770c does not exist. Creating ...
2019-09-25 08:43:10,768 [pool-37-thread-1] INFO  storage.RaftStorageDirectory (RaftStorageDirectory.java:tryLock(328)) - Lock on /workdir/hadoop-ozone/ozonefs/target/test-dir/MiniOzoneClusterImpl-d4f0e99b-eb79-4745-ab8c-980425c864f9/datanode-1/data/ratis/69bbb164-95ce-4073-b590-f574ef683a41/in_use.lock acquired by nodename 26692@pr-hdds-2174-pqx5g-486351168
2019-09-25 08:43:10,768 [pool-27-thread-1] INFO  storage.RaftStorage (RaftStorage.java:format(72)) - Storage directory /workdir/hadoop-ozone/ozonefs/target/test-dir/MiniOzoneClusterImpl-d4f0e99b-eb79-4745-ab8c-980425c864f9/datanode-0/data/ratis/2eefd8af-0869-429e-8e12-33d7d0d3770c has been successfully formatted.
2019-09-25 08:43:10,768 [pool-57-thread-1] INFO  storage.RaftStorageDirectory (RaftStorageDirectory.java:tryLock(328)) - Lock on /workdir/hadoop-ozone/ozonefs/target/test-dir/MiniOzoneClusterImpl-d4f0e99b-eb79-4745-ab8c-980425c864f9/datanode-3/data/ratis/2eefd8af-0869-429e-8e12-33d7d0d3770c/in_use.lock acquired by nodename 26692@pr-hdds-2174-pqx5g-486351168
2019-09-25 08:43:10,769 [pool-27-thread-1] INFO  ratis.ContainerStateMachine (ContainerStateMachine.java:loadSnapshot(230)) - group-33D7D0D3770C: The snapshot info is null. Setting the last applied indexto:(t:0, i:~)
2019-09-25 08:43:10,769 [pool-27-thread-1] INFO  server.RaftServerConfigKeys (ConfUtils.java:logGet(43)) - raft.server.notification.no-leader.timeout = 120s (custom)
2019-09-25 08:43:10,769 [pool-27-thread-1] INFO  server.RaftServerConfigKeys (ConfUtils.java:logGet(43)) - raft.server.log.use.memory = false (default)
2019-09-25 08:43:10,770 [pool-27-thread-1] INFO  server.RaftServerConfigKeys (ConfUtils.java:logGet(43)) - raft.server.log.purge.gap = 1000000 (custom)
2019-09-25 08:43:10,770 [pool-27-thread-1] INFO  server.RaftServerConfigKeys (ConfUtils.java:logGet(43)) - raft.server.log.appender.buffer.byte-limit = 33554432 (custom)
2019-09-25 08:43:10,770 [pool-27-thread-1] INFO  server.RaftServerConfigKeys (ConfUtils.java:logGet(43)) - raft.server.log.segment.size.max = 1048576 (custom)
2019-09-25 08:43:10,771 [pool-27-thread-1] INFO  server.RaftServerConfigKeys (ConfUtils.java:logGet(43)) - raft.server.log.segment.cache.num.max = 2 (custom)
2019-09-25 08:43:10,771 [pool-27-thread-1] INFO  segmented.SegmentedRaftLogWorker (SegmentedRaftLogWorker.java:<init>(172)) - new 6c26676d-e3b4-4ef4-8acf-5b4b794af88e@group-33D7D0D3770C-SegmentedRaftLogWorker for RaftStorage:Storage Directory /workdir/hadoop-ozone/ozonefs/target/test-dir/MiniOzoneClusterImpl-d4f0e99b-eb79-4745-ab8c-980425c864f9/datanode-0/data/ratis/2eefd8af-0869-429e-8e12-33d7d0d3770c
2019-09-25 08:43:10,771 [pool-27-thread-1] INFO  server.RaftServerConfigKeys (ConfUtils.java:logGet(43)) - raft.server.log.queue.byte-limit = 2147483647 (custom)
2019-09-25 08:43:10,772 [pool-27-thread-1] INFO  server.RaftServerConfigKeys (ConfUtils.java:logGet(43)) - raft.server.log.queue.element-limit = 1024 (custom)
2019-09-25 08:43:10,772 [pool-27-thread-1] INFO  server.RaftServerConfigKeys (ConfUtils.java:logGet(43)) - raft.server.log.segment.size.max = 1048576 (custom)
2019-09-25 08:43:10,772 [pool-27-thread-1] INFO  server.RaftServerConfigKeys (ConfUtils.java:logGet(43)) - raft.server.log.preallocated.size = 16384 (custom)
2019-09-25 08:43:10,772 [pool-27-thread-1] INFO  server.RaftServerConfigKeys (ConfUtils.java:logGet(43)) - raft.server.log.write.buffer.size = 33554432 (custom)
2019-09-25 08:43:10,773 [pool-27-thread-1] INFO  server.RaftServerConfigKeys (ConfUtils.java:logGet(43)) - raft.server.log.force.sync.num = 128 (default)
2019-09-25 08:43:10,773 [pool-27-thread-1] INFO  server.RaftServerConfigKeys (ConfUtils.java:logGet(43)) - raft.server.log.statemachine.data.sync = true (default)
2019-09-25 08:43:10,773 [pool-27-thread-1] INFO  server.RaftServerConfigKeys (ConfUtils.java:logGet(43)) - raft.server.log.statemachine.data.sync.timeout = 10s (default)
2019-09-25 08:43:10,773 [pool-27-thread-1] INFO  server.RaftServerConfigKeys (ConfUtils.java:logGet(43)) - raft.server.log.statemachine.data.sync.timeout.retry = -1 (default)
2019-09-25 08:43:10,773 [pool-27-thread-1] INFO  server.RaftServerConfigKeys (ConfUtils.java:logGet(43)) - raft.server.log.statemachine.data.caching.enabled = true (custom)
2019-09-25 08:43:10,774 [pool-27-thread-1] INFO  segmented.SegmentedRaftLogWorker (SegmentedRaftLogWorker.java:lambda$new$0(132)) - 6c26676d-e3b4-4ef4-8acf-5b4b794af88e@group-33D7D0D3770C-SegmentedRaftLogWorker: flushIndex: setUnconditionally 0 -> -1
2019-09-25 08:43:10,774 [pool-27-thread-1] INFO  server.RaftServerConfigKeys (ConfUtils.java:logGet(43)) - raft.server.snapshot.auto.trigger.enabled = true (custom)
2019-09-25 08:43:10,774 [pool-27-thread-1] INFO  server.RaftServerConfigKeys (ConfUtils.java:logGet(43)) - raft.server.snapshot.auto.trigger.threshold = 10000 (custom)
2019-09-25 08:43:10,775 [pool-27-thread-1] INFO  server.RaftServerConfigKeys (ConfUtils.java:logGet(43)) - raft.server.snapshot.retention.num.files = 5 (custom)
2019-09-25 08:43:10,775 [pool-27-thread-1] INFO  server.RaftServerConfigKeys (ConfUtils.java:logGet(43)) - raft.server.retrycache.expirytime = 600000ms (custom)
2019-09-25 08:43:10,779 [pool-27-thread-1] INFO  impl.RaftServerImpl (RaftServerImpl.java:start(185)) - 6c26676d-e3b4-4ef4-8acf-5b4b794af88e@group-FA53BD1D2530: start as a follower, conf=-1: [b0445327-5aa8-4723-b13f-0045c06a7051:192.168.36.126:40401, dd1e4894-806d-4283-b3cc-ceb649e5b26f:192.168.36.126:34305, 6c26676d-e3b4-4ef4-8acf-5b4b794af88e:192.168.36.126:46446], old=null
2019-09-25 08:43:10,780 [pool-27-thread-1] INFO  impl.RaftServerImpl (RaftServerImpl.java:setRole(174)) - 6c26676d-e3b4-4ef4-8acf-5b4b794af88e@group-FA53BD1D2530: changes role from      null to FOLLOWER at term 0 for startAsFollower
2019-09-25 08:43:10,780 [pool-27-thread-1] INFO  impl.RoleInfo (RoleInfo.java:updateAndGet(143)) - 6c26676d-e3b4-4ef4-8acf-5b4b794af88e: start FollowerState
2019-09-25 08:43:10,781 [pool-27-thread-1] INFO  util.JmxRegister (JmxRegister.java:tryRegister(44)) - Successfully registered JMX Bean with object name Ratis:service=RaftServer,group=group-FA53BD1D2530,id=6c26676d-e3b4-4ef4-8acf-5b4b794af88e
2019-09-25 08:43:10,784 [pool-27-thread-1] INFO  impl.RaftServerImpl (RaftServerImpl.java:<init>(95)) - 6c26676d-e3b4-4ef4-8acf-5b4b794af88e: new RaftServerImpl for group-F574EF683A41:[b0445327-5aa8-4723-b13f-0045c06a7051:192.168.36.126:40401, dd1e4894-806d-4283-b3cc-ceb649e5b26f:192.168.36.126:34305, 6c26676d-e3b4-4ef4-8acf-5b4b794af88e:192.168.36.126:46446] with ContainerStateMachine:uninitialized
2019-09-25 08:43:10,785 [pool-27-thread-1] INFO  server.RaftServerConfigKeys (ConfUtils.java:logGet(43)) - raft.server.rpc.timeout.min = 5s (custom)
2019-09-25 08:43:10,785 [pool-27-thread-1] INFO  server.RaftServerConfigKeys (ConfUtils.java:logGet(43)) - raft.server.rpc.timeout.max = 5200ms (custom)
2019-09-25 08:43:10,785 [pool-27-thread-1] INFO  server.RaftServerConfigKeys (ConfUtils.java:logGet(43)) - raft.server.rpcslowness.timeout = 120s (custom)
2019-09-25 08:43:10,785 [pool-27-thread-1] INFO  server.RaftServerConfigKeys (ConfUtils.java:logGet(43)) - raft.server.sleep.deviation.threshold = 300 (default)
2019-09-25 08:43:10,785 [pool-27-thread-1] INFO  server.RaftServerConfigKeys (ConfUtils.java:logGet(43)) - raft.server.log.appender.install.snapshot.enabled = false (custom)
2019-09-25 08:43:10,786 [pool-27-thread-1] INFO  impl.RaftServerImpl (ServerState.java:<init>(103)) - 6c26676d-e3b4-4ef4-8acf-5b4b794af88e@group-F574EF683A41: ConfigurationManager, init=-1: [b0445327-5aa8-4723-b13f-0045c06a7051:192.168.36.126:40401, dd1e4894-806d-4283-b3cc-ceb649e5b26f:192.168.36.126:34305, 6c26676d-e3b4-4ef4-8acf-5b4b794af88e:192.168.36.126:46446], old=null, confs=<EMPTY_MAP>
2019-09-25 08:43:10,786 [pool-27-thread-1] INFO  server.RaftServerConfigKeys (ConfUtils.java:logGet(43)) - raft.server.storage.dir = [/workdir/hadoop-ozone/ozonefs/target/test-dir/MiniOzoneClusterImpl-d4f0e99b-eb79-4745-ab8c-980425c864f9/datanode-0/data/ratis] (custom)
2019-09-25 08:43:10,786 [pool-27-thread-1] INFO  storage.RaftStorageDirectory (RaftStorageDirectory.java:analyzeStorage(246)) - The storage directory /workdir/hadoop-ozone/ozonefs/target/test-dir/MiniOzoneClusterImpl-d4f0e99b-eb79-4745-ab8c-980425c864f9/datanode-0/data/ratis/69bbb164-95ce-4073-b590-f574ef683a41 does not exist. Creating ...
2019-09-25 08:43:11,102 [pool-27-thread-1] INFO  storage.RaftStorageDirectory (RaftStorageDirectory.java:tryLock(328)) - Lock on /workdir/hadoop-ozone/ozonefs/target/test-dir/MiniOzoneClusterImpl-d4f0e99b-eb79-4745-ab8c-980425c864f9/datanode-0/data/ratis/69bbb164-95ce-4073-b590-f574ef683a41/in_use.lock acquired by nodename 26692@pr-hdds-2174-pqx5g-486351168
2019-09-25 08:43:11,102 [pool-57-thread-1] INFO  storage.RaftStorage (RaftStorage.java:format(72)) - Storage directory /workdir/hadoop-ozone/ozonefs/target/test-dir/MiniOzoneClusterImpl-d4f0e99b-eb79-4745-ab8c-980425c864f9/datanode-3/data/ratis/2eefd8af-0869-429e-8e12-33d7d0d3770c has been successfully formatted.
2019-09-25 08:43:11,102 [pool-37-thread-1] INFO  storage.RaftStorage (RaftStorage.java:format(72)) - Storage directory /workdir/hadoop-ozone/ozonefs/target/test-dir/MiniOzoneClusterImpl-d4f0e99b-eb79-4745-ab8c-980425c864f9/datanode-1/data/ratis/69bbb164-95ce-4073-b590-f574ef683a41 has been successfully formatted.
2019-09-25 08:43:11,103 [pool-57-thread-1] INFO  ratis.ContainerStateMachine (ContainerStateMachine.java:loadSnapshot(230)) - group-33D7D0D3770C: The snapshot info is null. Setting the last applied indexto:(t:0, i:~)
2019-09-25 08:43:11,103 [pool-37-thread-1] INFO  ratis.ContainerStateMachine (ContainerStateMachine.java:loadSnapshot(230)) - group-F574EF683A41: The snapshot info is null. Setting the last applied indexto:(t:0, i:~)
2019-09-25 08:43:11,103 [pool-57-thread-1] INFO  server.RaftServerConfigKeys (ConfUtils.java:logGet(43)) - raft.server.notification.no-leader.timeout = 120s (custom)
2019-09-25 08:43:11,103 [pool-37-thread-1] INFO  server.RaftServerConfigKeys (ConfUtils.java:logGet(43)) - raft.server.notification.no-leader.timeout = 120s (custom)
2019-09-25 08:43:11,103 [pool-57-thread-1] INFO  server.RaftServerConfigKeys (ConfUtils.java:logGet(43)) - raft.server.log.use.memory = false (default)
2019-09-25 08:43:11,103 [pool-37-thread-1] INFO  server.RaftServerConfigKeys (ConfUtils.java:logGet(43)) - raft.server.log.use.memory = false (default)
2019-09-25 08:43:11,104 [pool-57-thread-1] INFO  server.RaftServerConfigKeys (ConfUtils.java:logGet(43)) - raft.server.log.purge.gap = 1000000 (custom)
2019-09-25 08:43:11,104 [pool-37-thread-1] INFO  server.RaftServerConfigKeys (ConfUtils.java:logGet(43)) - raft.server.log.purge.gap = 1000000 (custom)
2019-09-25 08:43:11,104 [pool-57-thread-1] INFO  server.RaftServerConfigKeys (ConfUtils.java:logGet(43)) - raft.server.log.appender.buffer.byte-limit = 33554432 (custom)
2019-09-25 08:43:11,104 [pool-37-thread-1] INFO  server.RaftServerConfigKeys (ConfUtils.java:logGet(43)) - raft.server.log.appender.buffer.byte-limit = 33554432 (custom)
2019-09-25 08:43:11,104 [pool-57-thread-1] INFO  server.RaftServerConfigKeys (ConfUtils.java:logGet(43)) - raft.server.log.segment.size.max = 1048576 (custom)
2019-09-25 08:43:11,104 [pool-37-thread-1] INFO  server.RaftServerConfigKeys (ConfUtils.java:logGet(43)) - raft.server.log.segment.size.max = 1048576 (custom)
2019-09-25 08:43:11,104 [pool-57-thread-1] INFO  server.RaftServerConfigKeys (ConfUtils.java:logGet(43)) - raft.server.log.segment.cache.num.max = 2 (custom)
2019-09-25 08:43:11,105 [pool-37-thread-1] INFO  server.RaftServerConfigKeys (ConfUtils.java:logGet(43)) - raft.server.log.segment.cache.num.max = 2 (custom)
2019-09-25 08:43:11,105 [pool-57-thread-1] INFO  segmented.SegmentedRaftLogWorker (SegmentedRaftLogWorker.java:<init>(172)) - new dd1e4894-806d-4283-b3cc-ceb649e5b26f@group-33D7D0D3770C-SegmentedRaftLogWorker for RaftStorage:Storage Directory /workdir/hadoop-ozone/ozonefs/target/test-dir/MiniOzoneClusterImpl-d4f0e99b-eb79-4745-ab8c-980425c864f9/datanode-3/data/ratis/2eefd8af-0869-429e-8e12-33d7d0d3770c
2019-09-25 08:43:11,105 [pool-37-thread-1] INFO  segmented.SegmentedRaftLogWorker (SegmentedRaftLogWorker.java:<init>(172)) - new b0445327-5aa8-4723-b13f-0045c06a7051@group-F574EF683A41-SegmentedRaftLogWorker for RaftStorage:Storage Directory /workdir/hadoop-ozone/ozonefs/target/test-dir/MiniOzoneClusterImpl-d4f0e99b-eb79-4745-ab8c-980425c864f9/datanode-1/data/ratis/69bbb164-95ce-4073-b590-f574ef683a41
2019-09-25 08:43:11,105 [pool-57-thread-1] INFO  server.RaftServerConfigKeys (ConfUtils.java:logGet(43)) - raft.server.log.queue.byte-limit = 2147483647 (custom)
2019-09-25 08:43:11,105 [pool-37-thread-1] INFO  server.RaftServerConfigKeys (ConfUtils.java:logGet(43)) - raft.server.log.queue.byte-limit = 2147483647 (custom)
2019-09-25 08:43:11,105 [pool-57-thread-1] INFO  server.RaftServerConfigKeys (ConfUtils.java:logGet(43)) - raft.server.log.queue.element-limit = 1024 (custom)
2019-09-25 08:43:11,105 [pool-37-thread-1] INFO  server.RaftServerConfigKeys (ConfUtils.java:logGet(43)) - raft.server.log.queue.element-limit = 1024 (custom)
2019-09-25 08:43:11,106 [pool-57-thread-1] INFO  server.RaftServerConfigKeys (ConfUtils.java:logGet(43)) - raft.server.log.segment.size.max = 1048576 (custom)
2019-09-25 08:43:11,106 [pool-37-thread-1] INFO  server.RaftServerConfigKeys (ConfUtils.java:logGet(43)) - raft.server.log.segment.size.max = 1048576 (custom)
2019-09-25 08:43:11,106 [pool-57-thread-1] INFO  server.RaftServerConfigKeys (ConfUtils.java:logGet(43)) - raft.server.log.preallocated.size = 16384 (custom)
2019-09-25 08:43:11,106 [pool-37-thread-1] INFO  server.RaftServerConfigKeys (ConfUtils.java:logGet(43)) - raft.server.log.preallocated.size = 16384 (custom)
2019-09-25 08:43:11,106 [pool-57-thread-1] INFO  server.RaftServerConfigKeys (ConfUtils.java:logGet(43)) - raft.server.log.write.buffer.size = 33554432 (custom)
2019-09-25 08:43:11,106 [pool-37-thread-1] INFO  server.RaftServerConfigKeys (ConfUtils.java:logGet(43)) - raft.server.log.write.buffer.size = 33554432 (custom)
2019-09-25 08:43:11,106 [pool-57-thread-1] INFO  server.RaftServerConfigKeys (ConfUtils.java:logGet(43)) - raft.server.log.force.sync.num = 128 (default)
2019-09-25 08:43:11,107 [pool-37-thread-1] INFO  server.RaftServerConfigKeys (ConfUtils.java:logGet(43)) - raft.server.log.force.sync.num = 128 (default)
2019-09-25 08:43:11,107 [pool-57-thread-1] INFO  server.RaftServerConfigKeys (ConfUtils.java:logGet(43)) - raft.server.log.statemachine.data.sync = true (default)
2019-09-25 08:43:11,107 [pool-37-thread-1] INFO  server.RaftServerConfigKeys (ConfUtils.java:logGet(43)) - raft.server.log.statemachine.data.sync = true (default)
2019-09-25 08:43:11,107 [pool-57-thread-1] INFO  server.RaftServerConfigKeys (ConfUtils.java:logGet(43)) - raft.server.log.statemachine.data.sync.timeout = 10s (default)
2019-09-25 08:43:11,107 [pool-37-thread-1] INFO  server.RaftServerConfigKeys (ConfUtils.java:logGet(43)) - raft.server.log.statemachine.data.sync.timeout = 10s (default)
2019-09-25 08:43:11,107 [pool-57-thread-1] INFO  server.RaftServerConfigKeys (ConfUtils.java:logGet(43)) - raft.server.log.statemachine.data.sync.timeout.retry = -1 (default)
2019-09-25 08:43:11,107 [pool-37-thread-1] INFO  server.RaftServerConfigKeys (ConfUtils.java:logGet(43)) - raft.server.log.statemachine.data.sync.timeout.retry = -1 (default)
2019-09-25 08:43:11,108 [pool-57-thread-1] INFO  server.RaftServerConfigKeys (ConfUtils.java:logGet(43)) - raft.server.log.statemachine.data.caching.enabled = true (custom)
2019-09-25 08:43:11,108 [pool-37-thread-1] INFO  server.RaftServerConfigKeys (ConfUtils.java:logGet(43)) - raft.server.log.statemachine.data.caching.enabled = true (custom)
2019-09-25 08:43:11,108 [pool-57-thread-1] INFO  segmented.SegmentedRaftLogWorker (SegmentedRaftLogWorker.java:lambda$new$0(132)) - dd1e4894-806d-4283-b3cc-ceb649e5b26f@group-33D7D0D3770C-SegmentedRaftLogWorker: flushIndex: setUnconditionally 0 -> -1
2019-09-25 08:43:11,108 [pool-37-thread-1] INFO  segmented.SegmentedRaftLogWorker (SegmentedRaftLogWorker.java:lambda$new$0(132)) - b0445327-5aa8-4723-b13f-0045c06a7051@group-F574EF683A41-SegmentedRaftLogWorker: flushIndex: setUnconditionally 0 -> -1
2019-09-25 08:43:11,109 [pool-57-thread-1] INFO  server.RaftServerConfigKeys (ConfUtils.java:logGet(43)) - raft.server.snapshot.auto.trigger.enabled = true (custom)
2019-09-25 08:43:11,109 [pool-37-thread-1] INFO  server.RaftServerConfigKeys (ConfUtils.java:logGet(43)) - raft.server.snapshot.auto.trigger.enabled = true (custom)
2019-09-25 08:43:11,109 [pool-57-thread-1] INFO  server.RaftServerConfigKeys (ConfUtils.java:logGet(43)) - raft.server.snapshot.auto.trigger.threshold = 10000 (custom)
2019-09-25 08:43:11,109 [pool-37-thread-1] INFO  server.RaftServerConfigKeys (ConfUtils.java:logGet(43)) - raft.server.snapshot.auto.trigger.threshold = 10000 (custom)
2019-09-25 08:43:11,109 [pool-57-thread-1] INFO  server.RaftServerConfigKeys (ConfUtils.java:logGet(43)) - raft.server.snapshot.retention.num.files = 5 (custom)
2019-09-25 08:43:11,109 [pool-37-thread-1] INFO  server.RaftServerConfigKeys (ConfUtils.java:logGet(43)) - raft.server.snapshot.retention.num.files = 5 (custom)
2019-09-25 08:43:11,109 [pool-57-thread-1] INFO  server.RaftServerConfigKeys (ConfUtils.java:logGet(43)) - raft.server.retrycache.expirytime = 600000ms (custom)
2019-09-25 08:43:11,110 [pool-37-thread-1] INFO  server.RaftServerConfigKeys (ConfUtils.java:logGet(43)) - raft.server.retrycache.expirytime = 600000ms (custom)
2019-09-25 08:43:11,114 [pool-37-thread-1] INFO  impl.RaftServerImpl (RaftServerImpl.java:start(185)) - b0445327-5aa8-4723-b13f-0045c06a7051@group-780021735295: start as a follower, conf=-1: [b0445327-5aa8-4723-b13f-0045c06a7051:192.168.36.126:40401, dd1e4894-806d-4283-b3cc-ceb649e5b26f:192.168.36.126:34305, 6c26676d-e3b4-4ef4-8acf-5b4b794af88e:192.168.36.126:46446], old=null
2019-09-25 08:43:11,114 [pool-37-thread-1] INFO  impl.RaftServerImpl (RaftServerImpl.java:setRole(174)) - b0445327-5aa8-4723-b13f-0045c06a7051@group-780021735295: changes role from      null to FOLLOWER at term 0 for startAsFollower
2019-09-25 08:43:11,114 [pool-37-thread-1] INFO  impl.RoleInfo (RoleInfo.java:updateAndGet(143)) - b0445327-5aa8-4723-b13f-0045c06a7051: start FollowerState
2019-09-25 08:43:11,114 [pool-37-thread-1] INFO  util.JmxRegister (JmxRegister.java:tryRegister(44)) - Successfully registered JMX Bean with object name Ratis:service=RaftServer,group=group-780021735295,id=b0445327-5aa8-4723-b13f-0045c06a7051
2019-09-25 08:43:11,115 [pool-37-thread-1] INFO  impl.RaftServerImpl (RaftServerImpl.java:start(185)) - b0445327-5aa8-4723-b13f-0045c06a7051@group-03297FA65894: start as a follower, conf=-1: [b0445327-5aa8-4723-b13f-0045c06a7051:192.168.36.126:40401, dd1e4894-806d-4283-b3cc-ceb649e5b26f:192.168.36.126:34305, 6c26676d-e3b4-4ef4-8acf-5b4b794af88e:192.168.36.126:46446], old=null
2019-09-25 08:43:11,115 [pool-37-thread-1] INFO  impl.RaftServerImpl (RaftServerImpl.java:setRole(174)) - b0445327-5aa8-4723-b13f-0045c06a7051@group-03297FA65894: changes role from      null to FOLLOWER at term 0 for startAsFollower
2019-09-25 08:43:11,115 [pool-37-thread-1] INFO  impl.RoleInfo (RoleInfo.java:updateAndGet(143)) - b0445327-5aa8-4723-b13f-0045c06a7051: start FollowerState
2019-09-25 08:43:11,115 [pool-57-thread-1] INFO  impl.RaftServerImpl (RaftServerImpl.java:<init>(95)) - dd1e4894-806d-4283-b3cc-ceb649e5b26f: new RaftServerImpl for group-F574EF683A41:[b0445327-5aa8-4723-b13f-0045c06a7051:192.168.36.126:40401, dd1e4894-806d-4283-b3cc-ceb649e5b26f:192.168.36.126:34305, 6c26676d-e3b4-4ef4-8acf-5b4b794af88e:192.168.36.126:46446] with ContainerStateMachine:uninitialized
2019-09-25 08:43:11,116 [pool-57-thread-1] INFO  server.RaftServerConfigKeys (ConfUtils.java:logGet(43)) - raft.server.rpc.timeout.min = 5s (custom)
2019-09-25 08:43:11,116 [pool-37-thread-1] INFO  util.JmxRegister (JmxRegister.java:tryRegister(44)) - Successfully registered JMX Bean with object name Ratis:service=RaftServer,group=group-03297FA65894,id=b0445327-5aa8-4723-b13f-0045c06a7051
2019-09-25 08:43:11,116 [pool-57-thread-1] INFO  server.RaftServerConfigKeys (ConfUtils.java:logGet(43)) - raft.server.rpc.timeout.max = 5200ms (custom)
2019-09-25 08:43:11,116 [pool-57-thread-1] INFO  server.RaftServerConfigKeys (ConfUtils.java:logGet(43)) - raft.server.rpcslowness.timeout = 120s (custom)
2019-09-25 08:43:11,116 [pool-57-thread-1] INFO  server.RaftServerConfigKeys (ConfUtils.java:logGet(43)) - raft.server.sleep.deviation.threshold = 300 (default)
2019-09-25 08:43:11,116 [pool-57-thread-1] INFO  server.RaftServerConfigKeys (ConfUtils.java:logGet(43)) - raft.server.log.appender.install.snapshot.enabled = false (custom)
2019-09-25 08:43:11,116 [pool-57-thread-1] INFO  impl.RaftServerImpl (ServerState.java:<init>(103)) - dd1e4894-806d-4283-b3cc-ceb649e5b26f@group-F574EF683A41: ConfigurationManager, init=-1: [b0445327-5aa8-4723-b13f-0045c06a7051:192.168.36.126:40401, dd1e4894-806d-4283-b3cc-ceb649e5b26f:192.168.36.126:34305, 6c26676d-e3b4-4ef4-8acf-5b4b794af88e:192.168.36.126:46446], old=null, confs=<EMPTY_MAP>
2019-09-25 08:43:11,117 [pool-57-thread-1] INFO  server.RaftServerConfigKeys (ConfUtils.java:logGet(43)) - raft.server.storage.dir = [/workdir/hadoop-ozone/ozonefs/target/test-dir/MiniOzoneClusterImpl-d4f0e99b-eb79-4745-ab8c-980425c864f9/datanode-3/data/ratis] (custom)
2019-09-25 08:43:11,117 [pool-57-thread-1] INFO  storage.RaftStorageDirectory (RaftStorageDirectory.java:analyzeStorage(246)) - The storage directory /workdir/hadoop-ozone/ozonefs/target/test-dir/MiniOzoneClusterImpl-d4f0e99b-eb79-4745-ab8c-980425c864f9/datanode-3/data/ratis/69bbb164-95ce-4073-b590-f574ef683a41 does not exist. Creating ...
2019-09-25 08:43:11,117 [pool-37-thread-1] INFO  impl.RaftServerImpl (RaftServerImpl.java:<init>(95)) - b0445327-5aa8-4723-b13f-0045c06a7051: new RaftServerImpl for group-250BE772D41C:[b0445327-5aa8-4723-b13f-0045c06a7051:192.168.36.126:40401, dd1e4894-806d-4283-b3cc-ceb649e5b26f:192.168.36.126:34305, 6c26676d-e3b4-4ef4-8acf-5b4b794af88e:192.168.36.126:46446] with ContainerStateMachine:uninitialized
2019-09-25 08:43:11,118 [pool-37-thread-1] INFO  server.RaftServerConfigKeys (ConfUtils.java:logGet(43)) - raft.server.rpc.timeout.min = 5s (custom)
2019-09-25 08:43:11,118 [pool-37-thread-1] INFO  server.RaftServerConfigKeys (ConfUtils.java:logGet(43)) - raft.server.rpc.timeout.max = 5200ms (custom)
2019-09-25 08:43:11,118 [pool-37-thread-1] INFO  server.RaftServerConfigKeys (ConfUtils.java:logGet(43)) - raft.server.rpcslowness.timeout = 120s (custom)
2019-09-25 08:43:11,118 [pool-37-thread-1] INFO  server.RaftServerConfigKeys (ConfUtils.java:logGet(43)) - raft.server.sleep.deviation.threshold = 300 (default)
2019-09-25 08:43:11,118 [pool-37-thread-1] INFO  server.RaftServerConfigKeys (ConfUtils.java:logGet(43)) - raft.server.log.appender.install.snapshot.enabled = false (custom)
2019-09-25 08:43:11,118 [pool-37-thread-1] INFO  impl.RaftServerImpl (ServerState.java:<init>(103)) - b0445327-5aa8-4723-b13f-0045c06a7051@group-250BE772D41C: ConfigurationManager, init=-1: [b0445327-5aa8-4723-b13f-0045c06a7051:192.168.36.126:40401, dd1e4894-806d-4283-b3cc-ceb649e5b26f:192.168.36.126:34305, 6c26676d-e3b4-4ef4-8acf-5b4b794af88e:192.168.36.126:46446], old=null, confs=<EMPTY_MAP>
2019-09-25 08:43:11,118 [pool-37-thread-1] INFO  server.RaftServerConfigKeys (ConfUtils.java:logGet(43)) - raft.server.storage.dir = [/workdir/hadoop-ozone/ozonefs/target/test-dir/MiniOzoneClusterImpl-d4f0e99b-eb79-4745-ab8c-980425c864f9/datanode-1/data/ratis] (custom)
2019-09-25 08:43:11,119 [pool-37-thread-1] INFO  storage.RaftStorageDirectory (RaftStorageDirectory.java:analyzeStorage(246)) - The storage directory /workdir/hadoop-ozone/ozonefs/target/test-dir/MiniOzoneClusterImpl-d4f0e99b-eb79-4745-ab8c-980425c864f9/datanode-1/data/ratis/5d607290-7454-4ca2-94ab-250be772d41c does not exist. Creating ...
2019-09-25 08:43:11,303 [pool-57-thread-1] INFO  storage.RaftStorageDirectory (RaftStorageDirectory.java:tryLock(328)) - Lock on /workdir/hadoop-ozone/ozonefs/target/test-dir/MiniOzoneClusterImpl-d4f0e99b-eb79-4745-ab8c-980425c864f9/datanode-3/data/ratis/69bbb164-95ce-4073-b590-f574ef683a41/in_use.lock acquired by nodename 26692@pr-hdds-2174-pqx5g-486351168
2019-09-25 08:43:11,303 [pool-27-thread-1] INFO  storage.RaftStorage (RaftStorage.java:format(72)) - Storage directory /workdir/hadoop-ozone/ozonefs/target/test-dir/MiniOzoneClusterImpl-d4f0e99b-eb79-4745-ab8c-980425c864f9/datanode-0/data/ratis/69bbb164-95ce-4073-b590-f574ef683a41 has been successfully formatted.
2019-09-25 08:43:11,303 [pool-37-thread-1] INFO  storage.RaftStorageDirectory (RaftStorageDirectory.java:tryLock(328)) - Lock on /workdir/hadoop-ozone/ozonefs/target/test-dir/MiniOzoneClusterImpl-d4f0e99b-eb79-4745-ab8c-980425c864f9/datanode-1/data/ratis/5d607290-7454-4ca2-94ab-250be772d41c/in_use.lock acquired by nodename 26692@pr-hdds-2174-pqx5g-486351168
2019-09-25 08:43:11,304 [pool-27-thread-1] INFO  ratis.ContainerStateMachine (ContainerStateMachine.java:loadSnapshot(230)) - group-F574EF683A41: The snapshot info is null. Setting the last applied indexto:(t:0, i:~)
2019-09-25 08:43:11,304 [pool-27-thread-1] INFO  server.RaftServerConfigKeys (ConfUtils.java:logGet(43)) - raft.server.notification.no-leader.timeout = 120s (custom)
2019-09-25 08:43:11,304 [pool-27-thread-1] INFO  server.RaftServerConfigKeys (ConfUtils.java:logGet(43)) - raft.server.log.use.memory = false (default)
2019-09-25 08:43:11,304 [pool-27-thread-1] INFO  server.RaftServerConfigKeys (ConfUtils.java:logGet(43)) - raft.server.log.purge.gap = 1000000 (custom)
2019-09-25 08:43:11,304 [pool-27-thread-1] INFO  server.RaftServerConfigKeys (ConfUtils.java:logGet(43)) - raft.server.log.appender.buffer.byte-limit = 33554432 (custom)
2019-09-25 08:43:11,304 [pool-27-thread-1] INFO  server.RaftServerConfigKeys (ConfUtils.java:logGet(43)) - raft.server.log.segment.size.max = 1048576 (custom)
2019-09-25 08:43:11,305 [pool-27-thread-1] INFO  server.RaftServerConfigKeys (ConfUtils.java:logGet(43)) - raft.server.log.segment.cache.num.max = 2 (custom)
2019-09-25 08:43:11,305 [pool-27-thread-1] INFO  segmented.SegmentedRaftLogWorker (SegmentedRaftLogWorker.java:<init>(172)) - new 6c26676d-e3b4-4ef4-8acf-5b4b794af88e@group-F574EF683A41-SegmentedRaftLogWorker for RaftStorage:Storage Directory /workdir/hadoop-ozone/ozonefs/target/test-dir/MiniOzoneClusterImpl-d4f0e99b-eb79-4745-ab8c-980425c864f9/datanode-0/data/ratis/69bbb164-95ce-4073-b590-f574ef683a41
2019-09-25 08:43:11,305 [pool-27-thread-1] INFO  server.RaftServerConfigKeys (ConfUtils.java:logGet(43)) - raft.server.log.queue.byte-limit = 2147483647 (custom)
2019-09-25 08:43:11,305 [pool-27-thread-1] INFO  server.RaftServerConfigKeys (ConfUtils.java:logGet(43)) - raft.server.log.queue.element-limit = 1024 (custom)
2019-09-25 08:43:11,305 [pool-27-thread-1] INFO  server.RaftServerConfigKeys (ConfUtils.java:logGet(43)) - raft.server.log.segment.size.max = 1048576 (custom)
2019-09-25 08:43:11,305 [pool-27-thread-1] INFO  server.RaftServerConfigKeys (ConfUtils.java:logGet(43)) - raft.server.log.preallocated.size = 16384 (custom)
2019-09-25 08:43:11,306 [pool-27-thread-1] INFO  server.RaftServerConfigKeys (ConfUtils.java:logGet(43)) - raft.server.log.write.buffer.size = 33554432 (custom)
2019-09-25 08:43:11,306 [pool-27-thread-1] INFO  server.RaftServerConfigKeys (ConfUtils.java:logGet(43)) - raft.server.log.force.sync.num = 128 (default)
2019-09-25 08:43:11,306 [pool-27-thread-1] INFO  server.RaftServerConfigKeys (ConfUtils.java:logGet(43)) - raft.server.log.statemachine.data.sync = true (default)
2019-09-25 08:43:11,306 [pool-27-thread-1] INFO  server.RaftServerConfigKeys (ConfUtils.java:logGet(43)) - raft.server.log.statemachine.data.sync.timeout = 10s (default)
2019-09-25 08:43:11,306 [pool-27-thread-1] INFO  server.RaftServerConfigKeys (ConfUtils.java:logGet(43)) - raft.server.log.statemachine.data.sync.timeout.retry = -1 (default)
2019-09-25 08:43:11,307 [pool-27-thread-1] INFO  server.RaftServerConfigKeys (ConfUtils.java:logGet(43)) - raft.server.log.statemachine.data.caching.enabled = true (custom)
2019-09-25 08:43:11,307 [pool-27-thread-1] INFO  segmented.SegmentedRaftLogWorker (SegmentedRaftLogWorker.java:lambda$new$0(132)) - 6c26676d-e3b4-4ef4-8acf-5b4b794af88e@group-F574EF683A41-SegmentedRaftLogWorker: flushIndex: setUnconditionally 0 -> -1
2019-09-25 08:43:11,307 [pool-27-thread-1] INFO  server.RaftServerConfigKeys (ConfUtils.java:logGet(43)) - raft.server.snapshot.auto.trigger.enabled = true (custom)
2019-09-25 08:43:11,307 [pool-27-thread-1] INFO  server.RaftServerConfigKeys (ConfUtils.java:logGet(43)) - raft.server.snapshot.auto.trigger.threshold = 10000 (custom)
2019-09-25 08:43:11,308 [pool-27-thread-1] INFO  server.RaftServerConfigKeys (ConfUtils.java:logGet(43)) - raft.server.snapshot.retention.num.files = 5 (custom)
2019-09-25 08:43:11,308 [pool-27-thread-1] INFO  server.RaftServerConfigKeys (ConfUtils.java:logGet(43)) - raft.server.retrycache.expirytime = 600000ms (custom)
2019-09-25 08:43:11,311 [pool-27-thread-1] INFO  impl.RaftServerImpl (RaftServerImpl.java:start(185)) - 6c26676d-e3b4-4ef4-8acf-5b4b794af88e@group-780021735295: start as a follower, conf=-1: [b0445327-5aa8-4723-b13f-0045c06a7051:192.168.36.126:40401, dd1e4894-806d-4283-b3cc-ceb649e5b26f:192.168.36.126:34305, 6c26676d-e3b4-4ef4-8acf-5b4b794af88e:192.168.36.126:46446], old=null
2019-09-25 08:43:11,312 [pool-27-thread-1] INFO  impl.RaftServerImpl (RaftServerImpl.java:setRole(174)) - 6c26676d-e3b4-4ef4-8acf-5b4b794af88e@group-780021735295: changes role from      null to FOLLOWER at term 0 for startAsFollower
2019-09-25 08:43:11,312 [pool-27-thread-1] INFO  impl.RoleInfo (RoleInfo.java:updateAndGet(143)) - 6c26676d-e3b4-4ef4-8acf-5b4b794af88e: start FollowerState
2019-09-25 08:43:11,312 [pool-27-thread-1] INFO  util.JmxRegister (JmxRegister.java:tryRegister(44)) - Successfully registered JMX Bean with object name Ratis:service=RaftServer,group=group-780021735295,id=6c26676d-e3b4-4ef4-8acf-5b4b794af88e
2019-09-25 08:43:11,313 [pool-27-thread-1] INFO  impl.RaftServerImpl (RaftServerImpl.java:start(185)) - 6c26676d-e3b4-4ef4-8acf-5b4b794af88e@group-03297FA65894: start as a follower, conf=-1: [b0445327-5aa8-4723-b13f-0045c06a7051:192.168.36.126:40401, dd1e4894-806d-4283-b3cc-ceb649e5b26f:192.168.36.126:34305, 6c26676d-e3b4-4ef4-8acf-5b4b794af88e:192.168.36.126:46446], old=null
2019-09-25 08:43:11,313 [pool-27-thread-1] INFO  impl.RaftServerImpl (RaftServerImpl.java:setRole(174)) - 6c26676d-e3b4-4ef4-8acf-5b4b794af88e@group-03297FA65894: changes role from      null to FOLLOWER at term 0 for startAsFollower
2019-09-25 08:43:11,313 [pool-27-thread-1] INFO  impl.RoleInfo (RoleInfo.java:updateAndGet(143)) - 6c26676d-e3b4-4ef4-8acf-5b4b794af88e: start FollowerState
2019-09-25 08:43:11,314 [pool-27-thread-1] INFO  util.JmxRegister (JmxRegister.java:tryRegister(44)) - Successfully registered JMX Bean with object name Ratis:service=RaftServer,group=group-03297FA65894,id=6c26676d-e3b4-4ef4-8acf-5b4b794af88e
2019-09-25 08:43:11,316 [pool-27-thread-1] INFO  impl.RaftServerImpl (RaftServerImpl.java:<init>(95)) - 6c26676d-e3b4-4ef4-8acf-5b4b794af88e: new RaftServerImpl for group-250BE772D41C:[b0445327-5aa8-4723-b13f-0045c06a7051:192.168.36.126:40401, dd1e4894-806d-4283-b3cc-ceb649e5b26f:192.168.36.126:34305, 6c26676d-e3b4-4ef4-8acf-5b4b794af88e:192.168.36.126:46446] with ContainerStateMachine:uninitialized
2019-09-25 08:43:11,316 [pool-27-thread-1] INFO  server.RaftServerConfigKeys (ConfUtils.java:logGet(43)) - raft.server.rpc.timeout.min = 5s (custom)
2019-09-25 08:43:11,316 [pool-27-thread-1] INFO  server.RaftServerConfigKeys (ConfUtils.java:logGet(43)) - raft.server.rpc.timeout.max = 5200ms (custom)
2019-09-25 08:43:11,316 [pool-27-thread-1] INFO  server.RaftServerConfigKeys (ConfUtils.java:logGet(43)) - raft.server.rpcslowness.timeout = 120s (custom)
2019-09-25 08:43:11,317 [pool-27-thread-1] INFO  server.RaftServerConfigKeys (ConfUtils.java:logGet(43)) - raft.server.sleep.deviation.threshold = 300 (default)
2019-09-25 08:43:11,317 [pool-27-thread-1] INFO  server.RaftServerConfigKeys (ConfUtils.java:logGet(43)) - raft.server.log.appender.install.snapshot.enabled = false (custom)
2019-09-25 08:43:11,317 [pool-27-thread-1] INFO  impl.RaftServerImpl (ServerState.java:<init>(103)) - 6c26676d-e3b4-4ef4-8acf-5b4b794af88e@group-250BE772D41C: ConfigurationManager, init=-1: [b0445327-5aa8-4723-b13f-0045c06a7051:192.168.36.126:40401, dd1e4894-806d-4283-b3cc-ceb649e5b26f:192.168.36.126:34305, 6c26676d-e3b4-4ef4-8acf-5b4b794af88e:192.168.36.126:46446], old=null, confs=<EMPTY_MAP>
2019-09-25 08:43:11,317 [pool-27-thread-1] INFO  server.RaftServerConfigKeys (ConfUtils.java:logGet(43)) - raft.server.storage.dir = [/workdir/hadoop-ozone/ozonefs/target/test-dir/MiniOzoneClusterImpl-d4f0e99b-eb79-4745-ab8c-980425c864f9/datanode-0/data/ratis] (custom)
2019-09-25 08:43:11,317 [pool-27-thread-1] INFO  storage.RaftStorageDirectory (RaftStorageDirectory.java:analyzeStorage(246)) - The storage directory /workdir/hadoop-ozone/ozonefs/target/test-dir/MiniOzoneClusterImpl-d4f0e99b-eb79-4745-ab8c-980425c864f9/datanode-0/data/ratis/5d607290-7454-4ca2-94ab-250be772d41c does not exist. Creating ...
2019-09-25 08:43:11,595 [pool-27-thread-1] INFO  storage.RaftStorageDirectory (RaftStorageDirectory.java:tryLock(328)) - Lock on /workdir/hadoop-ozone/ozonefs/target/test-dir/MiniOzoneClusterImpl-d4f0e99b-eb79-4745-ab8c-980425c864f9/datanode-0/data/ratis/5d607290-7454-4ca2-94ab-250be772d41c/in_use.lock acquired by nodename 26692@pr-hdds-2174-pqx5g-486351168
2019-09-25 08:43:11,595 [pool-57-thread-1] INFO  storage.RaftStorage (RaftStorage.java:format(72)) - Storage directory /workdir/hadoop-ozone/ozonefs/target/test-dir/MiniOzoneClusterImpl-d4f0e99b-eb79-4745-ab8c-980425c864f9/datanode-3/data/ratis/69bbb164-95ce-4073-b590-f574ef683a41 has been successfully formatted.
2019-09-25 08:43:11,595 [pool-37-thread-1] INFO  storage.RaftStorage (RaftStorage.java:format(72)) - Storage directory /workdir/hadoop-ozone/ozonefs/target/test-dir/MiniOzoneClusterImpl-d4f0e99b-eb79-4745-ab8c-980425c864f9/datanode-1/data/ratis/5d607290-7454-4ca2-94ab-250be772d41c has been successfully formatted.
2019-09-25 08:43:11,596 [pool-57-thread-1] INFO  ratis.ContainerStateMachine (ContainerStateMachine.java:loadSnapshot(230)) - group-F574EF683A41: The snapshot info is null. Setting the last applied indexto:(t:0, i:~)
2019-09-25 08:43:11,596 [pool-37-thread-1] INFO  ratis.ContainerStateMachine (ContainerStateMachine.java:loadSnapshot(230)) - group-250BE772D41C: The snapshot info is null. Setting the last applied indexto:(t:0, i:~)
2019-09-25 08:43:11,596 [pool-57-thread-1] INFO  server.RaftServerConfigKeys (ConfUtils.java:logGet(43)) - raft.server.notification.no-leader.timeout = 120s (custom)
2019-09-25 08:43:11,596 [pool-37-thread-1] INFO  server.RaftServerConfigKeys (ConfUtils.java:logGet(43)) - raft.server.notification.no-leader.timeout = 120s (custom)
2019-09-25 08:43:11,596 [pool-57-thread-1] INFO  server.RaftServerConfigKeys (ConfUtils.java:logGet(43)) - raft.server.log.use.memory = false (default)
2019-09-25 08:43:11,597 [pool-37-thread-1] INFO  server.RaftServerConfigKeys (ConfUtils.java:logGet(43)) - raft.server.log.use.memory = false (default)
2019-09-25 08:43:11,597 [pool-57-thread-1] INFO  server.RaftServerConfigKeys (ConfUtils.java:logGet(43)) - raft.server.log.purge.gap = 1000000 (custom)
2019-09-25 08:43:11,597 [pool-37-thread-1] INFO  server.RaftServerConfigKeys (ConfUtils.java:logGet(43)) - raft.server.log.purge.gap = 1000000 (custom)
2019-09-25 08:43:11,597 [pool-57-thread-1] INFO  server.RaftServerConfigKeys (ConfUtils.java:logGet(43)) - raft.server.log.appender.buffer.byte-limit = 33554432 (custom)
2019-09-25 08:43:11,597 [pool-37-thread-1] INFO  server.RaftServerConfigKeys (ConfUtils.java:logGet(43)) - raft.server.log.appender.buffer.byte-limit = 33554432 (custom)
2019-09-25 08:43:11,597 [pool-57-thread-1] INFO  server.RaftServerConfigKeys (ConfUtils.java:logGet(43)) - raft.server.log.segment.size.max = 1048576 (custom)
2019-09-25 08:43:11,597 [pool-37-thread-1] INFO  server.RaftServerConfigKeys (ConfUtils.java:logGet(43)) - raft.server.log.segment.size.max = 1048576 (custom)
2019-09-25 08:43:11,598 [pool-57-thread-1] INFO  server.RaftServerConfigKeys (ConfUtils.java:logGet(43)) - raft.server.log.segment.cache.num.max = 2 (custom)
2019-09-25 08:43:11,598 [pool-37-thread-1] INFO  server.RaftServerConfigKeys (ConfUtils.java:logGet(43)) - raft.server.log.segment.cache.num.max = 2 (custom)
2019-09-25 08:43:11,598 [pool-57-thread-1] INFO  segmented.SegmentedRaftLogWorker (SegmentedRaftLogWorker.java:<init>(172)) - new dd1e4894-806d-4283-b3cc-ceb649e5b26f@group-F574EF683A41-SegmentedRaftLogWorker for RaftStorage:Storage Directory /workdir/hadoop-ozone/ozonefs/target/test-dir/MiniOzoneClusterImpl-d4f0e99b-eb79-4745-ab8c-980425c864f9/datanode-3/data/ratis/69bbb164-95ce-4073-b590-f574ef683a41
2019-09-25 08:43:11,598 [pool-37-thread-1] INFO  segmented.SegmentedRaftLogWorker (SegmentedRaftLogWorker.java:<init>(172)) - new b0445327-5aa8-4723-b13f-0045c06a7051@group-250BE772D41C-SegmentedRaftLogWorker for RaftStorage:Storage Directory /workdir/hadoop-ozone/ozonefs/target/test-dir/MiniOzoneClusterImpl-d4f0e99b-eb79-4745-ab8c-980425c864f9/datanode-1/data/ratis/5d607290-7454-4ca2-94ab-250be772d41c
2019-09-25 08:43:11,598 [pool-57-thread-1] INFO  server.RaftServerConfigKeys (ConfUtils.java:logGet(43)) - raft.server.log.queue.byte-limit = 2147483647 (custom)
2019-09-25 08:43:11,598 [pool-37-thread-1] INFO  server.RaftServerConfigKeys (ConfUtils.java:logGet(43)) - raft.server.log.queue.byte-limit = 2147483647 (custom)
2019-09-25 08:43:11,599 [pool-57-thread-1] INFO  server.RaftServerConfigKeys (ConfUtils.java:logGet(43)) - raft.server.log.queue.element-limit = 1024 (custom)
2019-09-25 08:43:11,599 [pool-37-thread-1] INFO  server.RaftServerConfigKeys (ConfUtils.java:logGet(43)) - raft.server.log.queue.element-limit = 1024 (custom)
2019-09-25 08:43:11,599 [pool-57-thread-1] INFO  server.RaftServerConfigKeys (ConfUtils.java:logGet(43)) - raft.server.log.segment.size.max = 1048576 (custom)
2019-09-25 08:43:11,599 [pool-37-thread-1] INFO  server.RaftServerConfigKeys (ConfUtils.java:logGet(43)) - raft.server.log.segment.size.max = 1048576 (custom)
2019-09-25 08:43:11,599 [pool-57-thread-1] INFO  server.RaftServerConfigKeys (ConfUtils.java:logGet(43)) - raft.server.log.preallocated.size = 16384 (custom)
2019-09-25 08:43:11,599 [pool-37-thread-1] INFO  server.RaftServerConfigKeys (ConfUtils.java:logGet(43)) - raft.server.log.preallocated.size = 16384 (custom)
2019-09-25 08:43:11,600 [pool-57-thread-1] INFO  server.RaftServerConfigKeys (ConfUtils.java:logGet(43)) - raft.server.log.write.buffer.size = 33554432 (custom)
2019-09-25 08:43:11,600 [pool-37-thread-1] INFO  server.RaftServerConfigKeys (ConfUtils.java:logGet(43)) - raft.server.log.write.buffer.size = 33554432 (custom)
2019-09-25 08:43:11,600 [pool-57-thread-1] INFO  server.RaftServerConfigKeys (ConfUtils.java:logGet(43)) - raft.server.log.force.sync.num = 128 (default)
2019-09-25 08:43:11,600 [pool-37-thread-1] INFO  server.RaftServerConfigKeys (ConfUtils.java:logGet(43)) - raft.server.log.force.sync.num = 128 (default)
2019-09-25 08:43:11,600 [pool-57-thread-1] INFO  server.RaftServerConfigKeys (ConfUtils.java:logGet(43)) - raft.server.log.statemachine.data.sync = true (default)
2019-09-25 08:43:11,600 [pool-37-thread-1] INFO  server.RaftServerConfigKeys (ConfUtils.java:logGet(43)) - raft.server.log.statemachine.data.sync = true (default)
2019-09-25 08:43:11,601 [pool-57-thread-1] INFO  server.RaftServerConfigKeys (ConfUtils.java:logGet(43)) - raft.server.log.statemachine.data.sync.timeout = 10s (default)
2019-09-25 08:43:11,601 [pool-37-thread-1] INFO  server.RaftServerConfigKeys (ConfUtils.java:logGet(43)) - raft.server.log.statemachine.data.sync.timeout = 10s (default)
2019-09-25 08:43:11,601 [pool-57-thread-1] INFO  server.RaftServerConfigKeys (ConfUtils.java:logGet(43)) - raft.server.log.statemachine.data.sync.timeout.retry = -1 (default)
2019-09-25 08:43:11,601 [pool-37-thread-1] INFO  server.RaftServerConfigKeys (ConfUtils.java:logGet(43)) - raft.server.log.statemachine.data.sync.timeout.retry = -1 (default)
2019-09-25 08:43:11,601 [pool-57-thread-1] INFO  server.RaftServerConfigKeys (ConfUtils.java:logGet(43)) - raft.server.log.statemachine.data.caching.enabled = true (custom)
2019-09-25 08:43:11,602 [pool-37-thread-1] INFO  server.RaftServerConfigKeys (ConfUtils.java:logGet(43)) - raft.server.log.statemachine.data.caching.enabled = true (custom)
2019-09-25 08:43:11,602 [pool-57-thread-1] INFO  segmented.SegmentedRaftLogWorker (SegmentedRaftLogWorker.java:lambda$new$0(132)) - dd1e4894-806d-4283-b3cc-ceb649e5b26f@group-F574EF683A41-SegmentedRaftLogWorker: flushIndex: setUnconditionally 0 -> -1
2019-09-25 08:43:11,602 [pool-37-thread-1] INFO  segmented.SegmentedRaftLogWorker (SegmentedRaftLogWorker.java:lambda$new$0(132)) - b0445327-5aa8-4723-b13f-0045c06a7051@group-250BE772D41C-SegmentedRaftLogWorker: flushIndex: setUnconditionally 0 -> -1
2019-09-25 08:43:11,602 [pool-57-thread-1] INFO  server.RaftServerConfigKeys (ConfUtils.java:logGet(43)) - raft.server.snapshot.auto.trigger.enabled = true (custom)
2019-09-25 08:43:11,603 [pool-57-thread-1] INFO  server.RaftServerConfigKeys (ConfUtils.java:logGet(43)) - raft.server.snapshot.auto.trigger.threshold = 10000 (custom)
2019-09-25 08:43:11,603 [pool-37-thread-1] INFO  server.RaftServerConfigKeys (ConfUtils.java:logGet(43)) - raft.server.snapshot.auto.trigger.enabled = true (custom)
2019-09-25 08:43:11,603 [pool-57-thread-1] INFO  server.RaftServerConfigKeys (ConfUtils.java:logGet(43)) - raft.server.snapshot.retention.num.files = 5 (custom)
2019-09-25 08:43:11,603 [pool-37-thread-1] INFO  server.RaftServerConfigKeys (ConfUtils.java:logGet(43)) - raft.server.snapshot.auto.trigger.threshold = 10000 (custom)
2019-09-25 08:43:11,603 [pool-57-thread-1] INFO  server.RaftServerConfigKeys (ConfUtils.java:logGet(43)) - raft.server.retrycache.expirytime = 600000ms (custom)
2019-09-25 08:43:11,603 [pool-37-thread-1] INFO  server.RaftServerConfigKeys (ConfUtils.java:logGet(43)) - raft.server.snapshot.retention.num.files = 5 (custom)
2019-09-25 08:43:11,604 [pool-37-thread-1] INFO  server.RaftServerConfigKeys (ConfUtils.java:logGet(43)) - raft.server.retrycache.expirytime = 600000ms (custom)
2019-09-25 08:43:11,607 [pool-57-thread-1] INFO  impl.RaftServerImpl (RaftServerImpl.java:start(185)) - dd1e4894-806d-4283-b3cc-ceb649e5b26f@group-FA53BD1D2530: start as a follower, conf=-1: [b0445327-5aa8-4723-b13f-0045c06a7051:192.168.36.126:40401, dd1e4894-806d-4283-b3cc-ceb649e5b26f:192.168.36.126:34305, 6c26676d-e3b4-4ef4-8acf-5b4b794af88e:192.168.36.126:46446], old=null
2019-09-25 08:43:11,608 [pool-57-thread-1] INFO  impl.RaftServerImpl (RaftServerImpl.java:setRole(174)) - dd1e4894-806d-4283-b3cc-ceb649e5b26f@group-FA53BD1D2530: changes role from      null to FOLLOWER at term 0 for startAsFollower
2019-09-25 08:43:11,608 [pool-57-thread-1] INFO  impl.RoleInfo (RoleInfo.java:updateAndGet(143)) - dd1e4894-806d-4283-b3cc-ceb649e5b26f: start FollowerState
2019-09-25 08:43:11,608 [pool-37-thread-1] INFO  impl.RaftServerImpl (RaftServerImpl.java:start(185)) - b0445327-5aa8-4723-b13f-0045c06a7051@group-33D7D0D3770C: start as a follower, conf=-1: [b0445327-5aa8-4723-b13f-0045c06a7051:192.168.36.126:40401, dd1e4894-806d-4283-b3cc-ceb649e5b26f:192.168.36.126:34305, 6c26676d-e3b4-4ef4-8acf-5b4b794af88e:192.168.36.126:46446], old=null
2019-09-25 08:43:11,608 [pool-37-thread-1] INFO  impl.RaftServerImpl (RaftServerImpl.java:setRole(174)) - b0445327-5aa8-4723-b13f-0045c06a7051@group-33D7D0D3770C: changes role from      null to FOLLOWER at term 0 for startAsFollower
2019-09-25 08:43:11,608 [pool-37-thread-1] INFO  impl.RoleInfo (RoleInfo.java:updateAndGet(143)) - b0445327-5aa8-4723-b13f-0045c06a7051: start FollowerState
2019-09-25 08:43:11,608 [pool-57-thread-1] INFO  util.JmxRegister (JmxRegister.java:tryRegister(44)) - Successfully registered JMX Bean with object name Ratis:service=RaftServer,group=group-FA53BD1D2530,id=dd1e4894-806d-4283-b3cc-ceb649e5b26f
2019-09-25 08:43:11,609 [pool-37-thread-1] INFO  util.JmxRegister (JmxRegister.java:tryRegister(44)) - Successfully registered JMX Bean with object name Ratis:service=RaftServer,group=group-33D7D0D3770C,id=b0445327-5aa8-4723-b13f-0045c06a7051
2019-09-25 08:43:11,610 [pool-57-thread-1] INFO  impl.RaftServerImpl (RaftServerImpl.java:start(185)) - dd1e4894-806d-4283-b3cc-ceb649e5b26f@group-780021735295: start as a follower, conf=-1: [b0445327-5aa8-4723-b13f-0045c06a7051:192.168.36.126:40401, dd1e4894-806d-4283-b3cc-ceb649e5b26f:192.168.36.126:34305, 6c26676d-e3b4-4ef4-8acf-5b4b794af88e:192.168.36.126:46446], old=null
2019-09-25 08:43:11,610 [pool-37-thread-1] INFO  impl.RaftServerImpl (RaftServerImpl.java:start(185)) - b0445327-5aa8-4723-b13f-0045c06a7051@group-F574EF683A41: start as a follower, conf=-1: [b0445327-5aa8-4723-b13f-0045c06a7051:192.168.36.126:40401, dd1e4894-806d-4283-b3cc-ceb649e5b26f:192.168.36.126:34305, 6c26676d-e3b4-4ef4-8acf-5b4b794af88e:192.168.36.126:46446], old=null
2019-09-25 08:43:11,610 [pool-57-thread-1] INFO  impl.RaftServerImpl (RaftServerImpl.java:setRole(174)) - dd1e4894-806d-4283-b3cc-ceb649e5b26f@group-780021735295: changes role from      null to FOLLOWER at term 0 for startAsFollower
2019-09-25 08:43:11,610 [pool-37-thread-1] INFO  impl.RaftServerImpl (RaftServerImpl.java:setRole(174)) - b0445327-5aa8-4723-b13f-0045c06a7051@group-F574EF683A41: changes role from      null to FOLLOWER at term 0 for startAsFollower
2019-09-25 08:43:11,610 [pool-57-thread-1] INFO  impl.RoleInfo (RoleInfo.java:updateAndGet(143)) - dd1e4894-806d-4283-b3cc-ceb649e5b26f: start FollowerState
2019-09-25 08:43:11,610 [pool-37-thread-1] INFO  impl.RoleInfo (RoleInfo.java:updateAndGet(143)) - b0445327-5aa8-4723-b13f-0045c06a7051: start FollowerState
2019-09-25 08:43:11,617 [pool-57-thread-1] INFO  util.JmxRegister (JmxRegister.java:tryRegister(44)) - Successfully registered JMX Bean with object name Ratis:service=RaftServer,group=group-780021735295,id=dd1e4894-806d-4283-b3cc-ceb649e5b26f
2019-09-25 08:43:11,617 [pool-37-thread-1] INFO  util.JmxRegister (JmxRegister.java:tryRegister(44)) - Successfully registered JMX Bean with object name Ratis:service=RaftServer,group=group-F574EF683A41,id=b0445327-5aa8-4723-b13f-0045c06a7051
2019-09-25 08:43:11,618 [pool-37-thread-1] INFO  impl.RaftServerImpl (RaftServerImpl.java:start(185)) - b0445327-5aa8-4723-b13f-0045c06a7051@group-250BE772D41C: start as a follower, conf=-1: [b0445327-5aa8-4723-b13f-0045c06a7051:192.168.36.126:40401, dd1e4894-806d-4283-b3cc-ceb649e5b26f:192.168.36.126:34305, 6c26676d-e3b4-4ef4-8acf-5b4b794af88e:192.168.36.126:46446], old=null
2019-09-25 08:43:11,618 [pool-37-thread-1] INFO  impl.RaftServerImpl (RaftServerImpl.java:setRole(174)) - b0445327-5aa8-4723-b13f-0045c06a7051@group-250BE772D41C: changes role from      null to FOLLOWER at term 0 for startAsFollower
2019-09-25 08:43:11,618 [pool-37-thread-1] INFO  impl.RoleInfo (RoleInfo.java:updateAndGet(143)) - b0445327-5aa8-4723-b13f-0045c06a7051: start FollowerState
2019-09-25 08:43:11,618 [pool-37-thread-1] INFO  util.JmxRegister (JmxRegister.java:tryRegister(44)) - Successfully registered JMX Bean with object name Ratis:service=RaftServer,group=group-250BE772D41C,id=b0445327-5aa8-4723-b13f-0045c06a7051
2019-09-25 08:43:11,620 [pool-57-thread-1] INFO  impl.RaftServerImpl (RaftServerImpl.java:<init>(95)) - dd1e4894-806d-4283-b3cc-ceb649e5b26f: new RaftServerImpl for group-250BE772D41C:[b0445327-5aa8-4723-b13f-0045c06a7051:192.168.36.126:40401, dd1e4894-806d-4283-b3cc-ceb649e5b26f:192.168.36.126:34305, 6c26676d-e3b4-4ef4-8acf-5b4b794af88e:192.168.36.126:46446] with ContainerStateMachine:uninitialized
2019-09-25 08:43:11,620 [pool-57-thread-1] INFO  server.RaftServerConfigKeys (ConfUtils.java:logGet(43)) - raft.server.rpc.timeout.min = 5s (custom)
2019-09-25 08:43:11,621 [pool-57-thread-1] INFO  server.RaftServerConfigKeys (ConfUtils.java:logGet(43)) - raft.server.rpc.timeout.max = 5200ms (custom)
2019-09-25 08:43:11,621 [pool-57-thread-1] INFO  server.RaftServerConfigKeys (ConfUtils.java:logGet(43)) - raft.server.rpcslowness.timeout = 120s (custom)
2019-09-25 08:43:11,621 [pool-57-thread-1] INFO  server.RaftServerConfigKeys (ConfUtils.java:logGet(43)) - raft.server.sleep.deviation.threshold = 300 (default)
2019-09-25 08:43:11,623 [pool-57-thread-1] INFO  server.RaftServerConfigKeys (ConfUtils.java:logGet(43)) - raft.server.log.appender.install.snapshot.enabled = false (custom)
2019-09-25 08:43:11,623 [pool-57-thread-1] INFO  impl.RaftServerImpl (ServerState.java:<init>(103)) - dd1e4894-806d-4283-b3cc-ceb649e5b26f@group-250BE772D41C: ConfigurationManager, init=-1: [b0445327-5aa8-4723-b13f-0045c06a7051:192.168.36.126:40401, dd1e4894-806d-4283-b3cc-ceb649e5b26f:192.168.36.126:34305, 6c26676d-e3b4-4ef4-8acf-5b4b794af88e:192.168.36.126:46446], old=null, confs=<EMPTY_MAP>
2019-09-25 08:43:11,624 [pool-57-thread-1] INFO  server.RaftServerConfigKeys (ConfUtils.java:logGet(43)) - raft.server.storage.dir = [/workdir/hadoop-ozone/ozonefs/target/test-dir/MiniOzoneClusterImpl-d4f0e99b-eb79-4745-ab8c-980425c864f9/datanode-3/data/ratis] (custom)
2019-09-25 08:43:11,625 [pool-57-thread-1] INFO  storage.RaftStorageDirectory (RaftStorageDirectory.java:analyzeStorage(246)) - The storage directory /workdir/hadoop-ozone/ozonefs/target/test-dir/MiniOzoneClusterImpl-d4f0e99b-eb79-4745-ab8c-980425c864f9/datanode-3/data/ratis/5d607290-7454-4ca2-94ab-250be772d41c does not exist. Creating ...
2019-09-25 08:43:11,929 [pool-57-thread-1] INFO  storage.RaftStorageDirectory (RaftStorageDirectory.java:tryLock(328)) - Lock on /workdir/hadoop-ozone/ozonefs/target/test-dir/MiniOzoneClusterImpl-d4f0e99b-eb79-4745-ab8c-980425c864f9/datanode-3/data/ratis/5d607290-7454-4ca2-94ab-250be772d41c/in_use.lock acquired by nodename 26692@pr-hdds-2174-pqx5g-486351168
2019-09-25 08:43:11,929 [pool-27-thread-1] INFO  storage.RaftStorage (RaftStorage.java:format(72)) - Storage directory /workdir/hadoop-ozone/ozonefs/target/test-dir/MiniOzoneClusterImpl-d4f0e99b-eb79-4745-ab8c-980425c864f9/datanode-0/data/ratis/5d607290-7454-4ca2-94ab-250be772d41c has been successfully formatted.
2019-09-25 08:43:11,930 [pool-27-thread-1] INFO  ratis.ContainerStateMachine (ContainerStateMachine.java:loadSnapshot(230)) - group-250BE772D41C: The snapshot info is null. Setting the last applied indexto:(t:0, i:~)
2019-09-25 08:43:11,930 [pool-27-thread-1] INFO  server.RaftServerConfigKeys (ConfUtils.java:logGet(43)) - raft.server.notification.no-leader.timeout = 120s (custom)
2019-09-25 08:43:11,930 [pool-27-thread-1] INFO  server.RaftServerConfigKeys (ConfUtils.java:logGet(43)) - raft.server.log.use.memory = false (default)
2019-09-25 08:43:11,931 [pool-27-thread-1] INFO  server.RaftServerConfigKeys (ConfUtils.java:logGet(43)) - raft.server.log.purge.gap = 1000000 (custom)
2019-09-25 08:43:11,931 [pool-27-thread-1] INFO  server.RaftServerConfigKeys (ConfUtils.java:logGet(43)) - raft.server.log.appender.buffer.byte-limit = 33554432 (custom)
2019-09-25 08:43:11,931 [pool-27-thread-1] INFO  server.RaftServerConfigKeys (ConfUtils.java:logGet(43)) - raft.server.log.segment.size.max = 1048576 (custom)
2019-09-25 08:43:11,931 [pool-27-thread-1] INFO  server.RaftServerConfigKeys (ConfUtils.java:logGet(43)) - raft.server.log.segment.cache.num.max = 2 (custom)
2019-09-25 08:43:11,932 [pool-27-thread-1] INFO  segmented.SegmentedRaftLogWorker (SegmentedRaftLogWorker.java:<init>(172)) - new 6c26676d-e3b4-4ef4-8acf-5b4b794af88e@group-250BE772D41C-SegmentedRaftLogWorker for RaftStorage:Storage Directory /workdir/hadoop-ozone/ozonefs/target/test-dir/MiniOzoneClusterImpl-d4f0e99b-eb79-4745-ab8c-980425c864f9/datanode-0/data/ratis/5d607290-7454-4ca2-94ab-250be772d41c
2019-09-25 08:43:11,932 [pool-27-thread-1] INFO  server.RaftServerConfigKeys (ConfUtils.java:logGet(43)) - raft.server.log.queue.byte-limit = 2147483647 (custom)
2019-09-25 08:43:11,932 [pool-27-thread-1] INFO  server.RaftServerConfigKeys (ConfUtils.java:logGet(43)) - raft.server.log.queue.element-limit = 1024 (custom)
2019-09-25 08:43:11,932 [pool-27-thread-1] INFO  server.RaftServerConfigKeys (ConfUtils.java:logGet(43)) - raft.server.log.segment.size.max = 1048576 (custom)
2019-09-25 08:43:11,932 [pool-27-thread-1] INFO  server.RaftServerConfigKeys (ConfUtils.java:logGet(43)) - raft.server.log.preallocated.size = 16384 (custom)
2019-09-25 08:43:11,933 [pool-27-thread-1] INFO  server.RaftServerConfigKeys (ConfUtils.java:logGet(43)) - raft.server.log.write.buffer.size = 33554432 (custom)
2019-09-25 08:43:11,933 [pool-27-thread-1] INFO  server.RaftServerConfigKeys (ConfUtils.java:logGet(43)) - raft.server.log.force.sync.num = 128 (default)
2019-09-25 08:43:11,933 [pool-27-thread-1] INFO  server.RaftServerConfigKeys (ConfUtils.java:logGet(43)) - raft.server.log.statemachine.data.sync = true (default)
2019-09-25 08:43:11,933 [pool-27-thread-1] INFO  server.RaftServerConfigKeys (ConfUtils.java:logGet(43)) - raft.server.log.statemachine.data.sync.timeout = 10s (default)
2019-09-25 08:43:11,933 [pool-27-thread-1] INFO  server.RaftServerConfigKeys (ConfUtils.java:logGet(43)) - raft.server.log.statemachine.data.sync.timeout.retry = -1 (default)
2019-09-25 08:43:11,934 [pool-27-thread-1] INFO  server.RaftServerConfigKeys (ConfUtils.java:logGet(43)) - raft.server.log.statemachine.data.caching.enabled = true (custom)
2019-09-25 08:43:11,934 [pool-27-thread-1] INFO  segmented.SegmentedRaftLogWorker (SegmentedRaftLogWorker.java:lambda$new$0(132)) - 6c26676d-e3b4-4ef4-8acf-5b4b794af88e@group-250BE772D41C-SegmentedRaftLogWorker: flushIndex: setUnconditionally 0 -> -1
2019-09-25 08:43:11,935 [pool-27-thread-1] INFO  server.RaftServerConfigKeys (ConfUtils.java:logGet(43)) - raft.server.snapshot.auto.trigger.enabled = true (custom)
2019-09-25 08:43:11,935 [pool-27-thread-1] INFO  server.RaftServerConfigKeys (ConfUtils.java:logGet(43)) - raft.server.snapshot.auto.trigger.threshold = 10000 (custom)
2019-09-25 08:43:11,935 [pool-27-thread-1] INFO  server.RaftServerConfigKeys (ConfUtils.java:logGet(43)) - raft.server.snapshot.retention.num.files = 5 (custom)
2019-09-25 08:43:11,935 [pool-27-thread-1] INFO  server.RaftServerConfigKeys (ConfUtils.java:logGet(43)) - raft.server.retrycache.expirytime = 600000ms (custom)
2019-09-25 08:43:11,940 [pool-27-thread-1] INFO  impl.RaftServerImpl (RaftServerImpl.java:start(185)) - 6c26676d-e3b4-4ef4-8acf-5b4b794af88e@group-33D7D0D3770C: start as a follower, conf=-1: [b0445327-5aa8-4723-b13f-0045c06a7051:192.168.36.126:40401, dd1e4894-806d-4283-b3cc-ceb649e5b26f:192.168.36.126:34305, 6c26676d-e3b4-4ef4-8acf-5b4b794af88e:192.168.36.126:46446], old=null
2019-09-25 08:43:11,941 [pool-27-thread-1] INFO  impl.RaftServerImpl (RaftServerImpl.java:setRole(174)) - 6c26676d-e3b4-4ef4-8acf-5b4b794af88e@group-33D7D0D3770C: changes role from      null to FOLLOWER at term 0 for startAsFollower
2019-09-25 08:43:11,941 [pool-27-thread-1] INFO  impl.RoleInfo (RoleInfo.java:updateAndGet(143)) - 6c26676d-e3b4-4ef4-8acf-5b4b794af88e: start FollowerState
2019-09-25 08:43:11,941 [pool-27-thread-1] INFO  util.JmxRegister (JmxRegister.java:tryRegister(44)) - Successfully registered JMX Bean with object name Ratis:service=RaftServer,group=group-33D7D0D3770C,id=6c26676d-e3b4-4ef4-8acf-5b4b794af88e
2019-09-25 08:43:11,942 [pool-27-thread-1] INFO  impl.RaftServerImpl (RaftServerImpl.java:start(185)) - 6c26676d-e3b4-4ef4-8acf-5b4b794af88e@group-F574EF683A41: start as a follower, conf=-1: [b0445327-5aa8-4723-b13f-0045c06a7051:192.168.36.126:40401, dd1e4894-806d-4283-b3cc-ceb649e5b26f:192.168.36.126:34305, 6c26676d-e3b4-4ef4-8acf-5b4b794af88e:192.168.36.126:46446], old=null
2019-09-25 08:43:11,942 [pool-27-thread-1] INFO  impl.RaftServerImpl (RaftServerImpl.java:setRole(174)) - 6c26676d-e3b4-4ef4-8acf-5b4b794af88e@group-F574EF683A41: changes role from      null to FOLLOWER at term 0 for startAsFollower
2019-09-25 08:43:11,942 [pool-27-thread-1] INFO  impl.RoleInfo (RoleInfo.java:updateAndGet(143)) - 6c26676d-e3b4-4ef4-8acf-5b4b794af88e: start FollowerState
2019-09-25 08:43:11,943 [pool-27-thread-1] INFO  util.JmxRegister (JmxRegister.java:tryRegister(44)) - Successfully registered JMX Bean with object name Ratis:service=RaftServer,group=group-F574EF683A41,id=6c26676d-e3b4-4ef4-8acf-5b4b794af88e
2019-09-25 08:43:11,944 [pool-27-thread-1] INFO  impl.RaftServerImpl (RaftServerImpl.java:start(185)) - 6c26676d-e3b4-4ef4-8acf-5b4b794af88e@group-250BE772D41C: start as a follower, conf=-1: [b0445327-5aa8-4723-b13f-0045c06a7051:192.168.36.126:40401, dd1e4894-806d-4283-b3cc-ceb649e5b26f:192.168.36.126:34305, 6c26676d-e3b4-4ef4-8acf-5b4b794af88e:192.168.36.126:46446], old=null
2019-09-25 08:43:11,944 [pool-27-thread-1] INFO  impl.RaftServerImpl (RaftServerImpl.java:setRole(174)) - 6c26676d-e3b4-4ef4-8acf-5b4b794af88e@group-250BE772D41C: changes role from      null to FOLLOWER at term 0 for startAsFollower
2019-09-25 08:43:11,944 [pool-27-thread-1] INFO  impl.RoleInfo (RoleInfo.java:updateAndGet(143)) - 6c26676d-e3b4-4ef4-8acf-5b4b794af88e: start FollowerState
2019-09-25 08:43:11,944 [pool-27-thread-1] INFO  util.JmxRegister (JmxRegister.java:tryRegister(44)) - Successfully registered JMX Bean with object name Ratis:service=RaftServer,group=group-250BE772D41C,id=6c26676d-e3b4-4ef4-8acf-5b4b794af88e
2019-09-25 08:43:12,280 [pool-57-thread-1] INFO  storage.RaftStorage (RaftStorage.java:format(72)) - Storage directory /workdir/hadoop-ozone/ozonefs/target/test-dir/MiniOzoneClusterImpl-d4f0e99b-eb79-4745-ab8c-980425c864f9/datanode-3/data/ratis/5d607290-7454-4ca2-94ab-250be772d41c has been successfully formatted.
2019-09-25 08:43:12,280 [pool-57-thread-1] INFO  ratis.ContainerStateMachine (ContainerStateMachine.java:loadSnapshot(230)) - group-250BE772D41C: The snapshot info is null. Setting the last applied indexto:(t:0, i:~)
2019-09-25 08:43:12,281 [pool-57-thread-1] INFO  server.RaftServerConfigKeys (ConfUtils.java:logGet(43)) - raft.server.notification.no-leader.timeout = 120s (custom)
2019-09-25 08:43:12,281 [pool-57-thread-1] INFO  server.RaftServerConfigKeys (ConfUtils.java:logGet(43)) - raft.server.log.use.memory = false (default)
2019-09-25 08:43:12,281 [pool-57-thread-1] INFO  server.RaftServerConfigKeys (ConfUtils.java:logGet(43)) - raft.server.log.purge.gap = 1000000 (custom)
2019-09-25 08:43:12,281 [pool-57-thread-1] INFO  server.RaftServerConfigKeys (ConfUtils.java:logGet(43)) - raft.server.log.appender.buffer.byte-limit = 33554432 (custom)
2019-09-25 08:43:12,281 [pool-57-thread-1] INFO  server.RaftServerConfigKeys (ConfUtils.java:logGet(43)) - raft.server.log.segment.size.max = 1048576 (custom)
2019-09-25 08:43:12,282 [pool-57-thread-1] INFO  server.RaftServerConfigKeys (ConfUtils.java:logGet(43)) - raft.server.log.segment.cache.num.max = 2 (custom)
2019-09-25 08:43:12,282 [pool-57-thread-1] INFO  segmented.SegmentedRaftLogWorker (SegmentedRaftLogWorker.java:<init>(172)) - new dd1e4894-806d-4283-b3cc-ceb649e5b26f@group-250BE772D41C-SegmentedRaftLogWorker for RaftStorage:Storage Directory /workdir/hadoop-ozone/ozonefs/target/test-dir/MiniOzoneClusterImpl-d4f0e99b-eb79-4745-ab8c-980425c864f9/datanode-3/data/ratis/5d607290-7454-4ca2-94ab-250be772d41c
2019-09-25 08:43:12,282 [pool-57-thread-1] INFO  server.RaftServerConfigKeys (ConfUtils.java:logGet(43)) - raft.server.log.queue.byte-limit = 2147483647 (custom)
2019-09-25 08:43:12,282 [pool-57-thread-1] INFO  server.RaftServerConfigKeys (ConfUtils.java:logGet(43)) - raft.server.log.queue.element-limit = 1024 (custom)
2019-09-25 08:43:12,282 [pool-57-thread-1] INFO  server.RaftServerConfigKeys (ConfUtils.java:logGet(43)) - raft.server.log.segment.size.max = 1048576 (custom)
2019-09-25 08:43:12,283 [pool-57-thread-1] INFO  server.RaftServerConfigKeys (ConfUtils.java:logGet(43)) - raft.server.log.preallocated.size = 16384 (custom)
2019-09-25 08:43:12,283 [pool-57-thread-1] INFO  server.RaftServerConfigKeys (ConfUtils.java:logGet(43)) - raft.server.log.write.buffer.size = 33554432 (custom)
2019-09-25 08:43:12,283 [pool-57-thread-1] INFO  server.RaftServerConfigKeys (ConfUtils.java:logGet(43)) - raft.server.log.force.sync.num = 128 (default)
2019-09-25 08:43:12,283 [pool-57-thread-1] INFO  server.RaftServerConfigKeys (ConfUtils.java:logGet(43)) - raft.server.log.statemachine.data.sync = true (default)
2019-09-25 08:43:12,283 [pool-57-thread-1] INFO  server.RaftServerConfigKeys (ConfUtils.java:logGet(43)) - raft.server.log.statemachine.data.sync.timeout = 10s (default)
2019-09-25 08:43:12,284 [pool-57-thread-1] INFO  server.RaftServerConfigKeys (ConfUtils.java:logGet(43)) - raft.server.log.statemachine.data.sync.timeout.retry = -1 (default)
2019-09-25 08:43:12,284 [pool-57-thread-1] INFO  server.RaftServerConfigKeys (ConfUtils.java:logGet(43)) - raft.server.log.statemachine.data.caching.enabled = true (custom)
2019-09-25 08:43:12,284 [pool-57-thread-1] INFO  segmented.SegmentedRaftLogWorker (SegmentedRaftLogWorker.java:lambda$new$0(132)) - dd1e4894-806d-4283-b3cc-ceb649e5b26f@group-250BE772D41C-SegmentedRaftLogWorker: flushIndex: setUnconditionally 0 -> -1
2019-09-25 08:43:12,285 [pool-57-thread-1] INFO  server.RaftServerConfigKeys (ConfUtils.java:logGet(43)) - raft.server.snapshot.auto.trigger.enabled = true (custom)
2019-09-25 08:43:12,285 [pool-57-thread-1] INFO  server.RaftServerConfigKeys (ConfUtils.java:logGet(43)) - raft.server.snapshot.auto.trigger.threshold = 10000 (custom)
2019-09-25 08:43:12,285 [pool-57-thread-1] INFO  server.RaftServerConfigKeys (ConfUtils.java:logGet(43)) - raft.server.snapshot.retention.num.files = 5 (custom)
2019-09-25 08:43:12,285 [pool-57-thread-1] INFO  server.RaftServerConfigKeys (ConfUtils.java:logGet(43)) - raft.server.retrycache.expirytime = 600000ms (custom)
2019-09-25 08:43:12,289 [pool-57-thread-1] INFO  impl.RaftServerImpl (RaftServerImpl.java:start(185)) - dd1e4894-806d-4283-b3cc-ceb649e5b26f@group-03297FA65894: start as a follower, conf=-1: [b0445327-5aa8-4723-b13f-0045c06a7051:192.168.36.126:40401, dd1e4894-806d-4283-b3cc-ceb649e5b26f:192.168.36.126:34305, 6c26676d-e3b4-4ef4-8acf-5b4b794af88e:192.168.36.126:46446], old=null
2019-09-25 08:43:12,289 [pool-57-thread-1] INFO  impl.RaftServerImpl (RaftServerImpl.java:setRole(174)) - dd1e4894-806d-4283-b3cc-ceb649e5b26f@group-03297FA65894: changes role from      null to FOLLOWER at term 0 for startAsFollower
2019-09-25 08:43:12,290 [pool-57-thread-1] INFO  impl.RoleInfo (RoleInfo.java:updateAndGet(143)) - dd1e4894-806d-4283-b3cc-ceb649e5b26f: start FollowerState
2019-09-25 08:43:12,300 [pool-57-thread-1] INFO  util.JmxRegister (JmxRegister.java:tryRegister(44)) - Successfully registered JMX Bean with object name Ratis:service=RaftServer,group=group-03297FA65894,id=dd1e4894-806d-4283-b3cc-ceb649e5b26f
2019-09-25 08:43:12,307 [pool-57-thread-1] INFO  impl.RaftServerImpl (RaftServerImpl.java:start(185)) - dd1e4894-806d-4283-b3cc-ceb649e5b26f@group-33D7D0D3770C: start as a follower, conf=-1: [b0445327-5aa8-4723-b13f-0045c06a7051:192.168.36.126:40401, dd1e4894-806d-4283-b3cc-ceb649e5b26f:192.168.36.126:34305, 6c26676d-e3b4-4ef4-8acf-5b4b794af88e:192.168.36.126:46446], old=null
2019-09-25 08:43:12,307 [pool-57-thread-1] INFO  impl.RaftServerImpl (RaftServerImpl.java:setRole(174)) - dd1e4894-806d-4283-b3cc-ceb649e5b26f@group-33D7D0D3770C: changes role from      null to FOLLOWER at term 0 for startAsFollower
2019-09-25 08:43:12,307 [pool-57-thread-1] INFO  impl.RoleInfo (RoleInfo.java:updateAndGet(143)) - dd1e4894-806d-4283-b3cc-ceb649e5b26f: start FollowerState
2019-09-25 08:43:12,308 [pool-57-thread-1] INFO  util.JmxRegister (JmxRegister.java:tryRegister(44)) - Successfully registered JMX Bean with object name Ratis:service=RaftServer,group=group-33D7D0D3770C,id=dd1e4894-806d-4283-b3cc-ceb649e5b26f
2019-09-25 08:43:12,308 [pool-57-thread-1] INFO  impl.RaftServerImpl (RaftServerImpl.java:start(185)) - dd1e4894-806d-4283-b3cc-ceb649e5b26f@group-F574EF683A41: start as a follower, conf=-1: [b0445327-5aa8-4723-b13f-0045c06a7051:192.168.36.126:40401, dd1e4894-806d-4283-b3cc-ceb649e5b26f:192.168.36.126:34305, 6c26676d-e3b4-4ef4-8acf-5b4b794af88e:192.168.36.126:46446], old=null
2019-09-25 08:43:12,308 [pool-57-thread-1] INFO  impl.RaftServerImpl (RaftServerImpl.java:setRole(174)) - dd1e4894-806d-4283-b3cc-ceb649e5b26f@group-F574EF683A41: changes role from      null to FOLLOWER at term 0 for startAsFollower
2019-09-25 08:43:12,309 [pool-57-thread-1] INFO  impl.RoleInfo (RoleInfo.java:updateAndGet(143)) - dd1e4894-806d-4283-b3cc-ceb649e5b26f: start FollowerState
2019-09-25 08:43:12,309 [pool-57-thread-1] INFO  util.JmxRegister (JmxRegister.java:tryRegister(44)) - Successfully registered JMX Bean with object name Ratis:service=RaftServer,group=group-F574EF683A41,id=dd1e4894-806d-4283-b3cc-ceb649e5b26f
2019-09-25 08:43:12,310 [pool-57-thread-1] INFO  impl.RaftServerImpl (RaftServerImpl.java:start(185)) - dd1e4894-806d-4283-b3cc-ceb649e5b26f@group-250BE772D41C: start as a follower, conf=-1: [b0445327-5aa8-4723-b13f-0045c06a7051:192.168.36.126:40401, dd1e4894-806d-4283-b3cc-ceb649e5b26f:192.168.36.126:34305, 6c26676d-e3b4-4ef4-8acf-5b4b794af88e:192.168.36.126:46446], old=null
2019-09-25 08:43:12,310 [pool-57-thread-1] INFO  impl.RaftServerImpl (RaftServerImpl.java:setRole(174)) - dd1e4894-806d-4283-b3cc-ceb649e5b26f@group-250BE772D41C: changes role from      null to FOLLOWER at term 0 for startAsFollower
2019-09-25 08:43:12,310 [pool-57-thread-1] INFO  impl.RoleInfo (RoleInfo.java:updateAndGet(143)) - dd1e4894-806d-4283-b3cc-ceb649e5b26f: start FollowerState
2019-09-25 08:43:12,311 [pool-57-thread-1] INFO  util.JmxRegister (JmxRegister.java:tryRegister(44)) - Successfully registered JMX Bean with object name Ratis:service=RaftServer,group=group-250BE772D41C,id=dd1e4894-806d-4283-b3cc-ceb649e5b26f
2019-09-25 08:43:12,330 [IPC Server handler 8 on 39756] INFO  pipeline.PipelineStateManager (PipelineStateManager.java:addPipeline(56)) - Created pipeline Pipeline[ Id: 5d607290-7454-4ca2-94ab-250be772d41c, Nodes: dd1e4894-806d-4283-b3cc-ceb649e5b26f{ip: 192.168.36.126, host: pr-hdds-2174-pqx5g-486351168, networkLocation: /default-rack, certSerialId: null}b0445327-5aa8-4723-b13f-0045c06a7051{ip: 192.168.36.126, host: pr-hdds-2174-pqx5g-486351168, networkLocation: /default-rack, certSerialId: null}6c26676d-e3b4-4ef4-8acf-5b4b794af88e{ip: 192.168.36.126, host: pr-hdds-2174-pqx5g-486351168, networkLocation: /default-rack, certSerialId: null}, Type:RATIS, Factor:THREE, State:OPEN]
2019-09-25 08:43:12,433 [LocalJobRunner Map Task Executor #0] INFO  impl.MetricsSystemImpl (MetricsSystemImpl.java:init(158)) - XceiverClientMetrics metrics system started (again)
2019-09-25 08:43:14,643 [Thread-344] INFO  impl.FollowerState (FollowerState.java:run(106)) - b0445327-5aa8-4723-b13f-0045c06a7051:group-FA53BD1D2530 changes to CANDIDATE, lastRpcTime:5185, electionTimeout:5185ms
2019-09-25 08:43:14,645 [Thread-344] INFO  impl.RoleInfo (RoleInfo.java:shutdownFollowerState(121)) - b0445327-5aa8-4723-b13f-0045c06a7051: shutdown FollowerState
2019-09-25 08:43:14,645 [Thread-344] INFO  impl.RaftServerImpl (RaftServerImpl.java:setRole(174)) - b0445327-5aa8-4723-b13f-0045c06a7051@group-FA53BD1D2530: changes role from  FOLLOWER to CANDIDATE at term 0 for changeToCandidate
2019-09-25 08:43:14,646 [Thread-344] INFO  impl.RoleInfo (RoleInfo.java:updateAndGet(143)) - b0445327-5aa8-4723-b13f-0045c06a7051: start LeaderElection
2019-09-25 08:43:14,892 [b0445327-5aa8-4723-b13f-0045c06a7051@group-FA53BD1D2530:LeaderElection4] INFO  impl.LeaderElection (LeaderElection.java:askForVotes(182)) - b0445327-5aa8-4723-b13f-0045c06a7051@group-FA53BD1D2530:LeaderElection4: begin an election at term 1 for -1: [b0445327-5aa8-4723-b13f-0045c06a7051:192.168.36.126:40401, dd1e4894-806d-4283-b3cc-ceb649e5b26f:192.168.36.126:34305, 6c26676d-e3b4-4ef4-8acf-5b4b794af88e:192.168.36.126:46446], old=null
2019-09-25 08:43:14,901 [grpc-default-executor-0] INFO  impl.RaftServerImpl (RaftServerImpl.java:setRole(174)) - 6c26676d-e3b4-4ef4-8acf-5b4b794af88e@group-FA53BD1D2530: changes role from  FOLLOWER to FOLLOWER at term 1 for recognizeCandidate:b0445327-5aa8-4723-b13f-0045c06a7051
2019-09-25 08:43:14,901 [grpc-default-executor-2] INFO  impl.RaftServerImpl (RaftServerImpl.java:setRole(174)) - dd1e4894-806d-4283-b3cc-ceb649e5b26f@group-FA53BD1D2530: changes role from  FOLLOWER to FOLLOWER at term 1 for recognizeCandidate:b0445327-5aa8-4723-b13f-0045c06a7051
2019-09-25 08:43:14,901 [grpc-default-executor-0] INFO  impl.RoleInfo (RoleInfo.java:shutdownFollowerState(121)) - 6c26676d-e3b4-4ef4-8acf-5b4b794af88e: shutdown FollowerState
2019-09-25 08:43:14,902 [grpc-default-executor-2] INFO  impl.RoleInfo (RoleInfo.java:shutdownFollowerState(121)) - dd1e4894-806d-4283-b3cc-ceb649e5b26f: shutdown FollowerState
2019-09-25 08:43:14,902 [Thread-354] INFO  impl.FollowerState (FollowerState.java:run(115)) - 6c26676d-e3b4-4ef4-8acf-5b4b794af88e: FollowerState was interrupted: java.lang.InterruptedException: sleep interrupted
2019-09-25 08:43:14,902 [grpc-default-executor-0] INFO  impl.RoleInfo (RoleInfo.java:updateAndGet(143)) - 6c26676d-e3b4-4ef4-8acf-5b4b794af88e: start FollowerState
2019-09-25 08:43:14,902 [Thread-369] INFO  impl.FollowerState (FollowerState.java:run(115)) - dd1e4894-806d-4283-b3cc-ceb649e5b26f: FollowerState was interrupted: java.lang.InterruptedException: sleep interrupted
2019-09-25 08:43:14,904 [grpc-default-executor-2] INFO  impl.RoleInfo (RoleInfo.java:updateAndGet(143)) - dd1e4894-806d-4283-b3cc-ceb649e5b26f: start FollowerState
2019-09-25 08:43:15,091 [communication thread] INFO  mapred.LocalJobRunner (LocalJobRunner.java:statusUpdate(634)) - Copy Failure: file:/workdir/hadoop-ozone/ozonefs/target/test-dir/ITestOzoneContractDistCp/testUpdateDeepDirectoryStructureNoChange/local/inputDir/file1 > map
2019-09-25 08:43:15,232 [b0445327-5aa8-4723-b13f-0045c06a7051@group-FA53BD1D2530:LeaderElection4] INFO  impl.LeaderElection (LeaderElection.java:logAndReturn(56)) - b0445327-5aa8-4723-b13f-0045c06a7051@group-FA53BD1D2530:LeaderElection4: Election PASSED; received 1 response(s) [b0445327-5aa8-4723-b13f-0045c06a7051<-6c26676d-e3b4-4ef4-8acf-5b4b794af88e#0:OK-t1] and 0 exception(s); b0445327-5aa8-4723-b13f-0045c06a7051@group-FA53BD1D2530:t1, leader=null, voted=b0445327-5aa8-4723-b13f-0045c06a7051, raftlog=b0445327-5aa8-4723-b13f-0045c06a7051@group-FA53BD1D2530-SegmentedRaftLog:OPENED:c-1,f-1,i0, conf=-1: [b0445327-5aa8-4723-b13f-0045c06a7051:192.168.36.126:40401, dd1e4894-806d-4283-b3cc-ceb649e5b26f:192.168.36.126:34305, 6c26676d-e3b4-4ef4-8acf-5b4b794af88e:192.168.36.126:46446], old=null
2019-09-25 08:43:15,232 [b0445327-5aa8-4723-b13f-0045c06a7051@group-FA53BD1D2530:LeaderElection4] INFO  impl.RoleInfo (RoleInfo.java:shutdownLeaderElection(134)) - b0445327-5aa8-4723-b13f-0045c06a7051: shutdown LeaderElection
2019-09-25 08:43:15,235 [b0445327-5aa8-4723-b13f-0045c06a7051@group-FA53BD1D2530:LeaderElection4] INFO  impl.RaftServerImpl (RaftServerImpl.java:setRole(174)) - b0445327-5aa8-4723-b13f-0045c06a7051@group-FA53BD1D2530: changes role from CANDIDATE to LEADER at term 1 for changeToLeader
2019-09-25 08:43:15,236 [b0445327-5aa8-4723-b13f-0045c06a7051@group-FA53BD1D2530:LeaderElection4] INFO  impl.RaftServerImpl (ServerState.java:setLeader(253)) - b0445327-5aa8-4723-b13f-0045c06a7051@group-FA53BD1D2530: change Leader from null to b0445327-5aa8-4723-b13f-0045c06a7051 at term 1 for becomeLeader, leader elected after 17225ms
2019-09-25 08:43:15,236 [b0445327-5aa8-4723-b13f-0045c06a7051@group-FA53BD1D2530:LeaderElection4] INFO  server.RaftServerConfigKeys (ConfUtils.java:logGet(43)) - raft.server.staging.catchup.gap = 1000 (default)
2019-09-25 08:43:15,236 [b0445327-5aa8-4723-b13f-0045c06a7051@group-FA53BD1D2530:LeaderElection4] INFO  server.RaftServerConfigKeys (ConfUtils.java:logGet(43)) - raft.server.rpc.sleep.time = 25ms (default)
2019-09-25 08:43:15,236 [b0445327-5aa8-4723-b13f-0045c06a7051@group-FA53BD1D2530:LeaderElection4] INFO  server.RaftServerConfigKeys (ConfUtils.java:logGet(43)) - raft.server.write.element-limit = 4096 (default)
2019-09-25 08:43:15,237 [b0445327-5aa8-4723-b13f-0045c06a7051@group-FA53BD1D2530:LeaderElection4] INFO  server.RaftServerConfigKeys (ConfUtils.java:logGet(43)) - raft.server.watch.timeout = 10s (default)
2019-09-25 08:43:15,237 [b0445327-5aa8-4723-b13f-0045c06a7051@group-FA53BD1D2530:LeaderElection4] INFO  server.RaftServerConfigKeys (ConfUtils.java:logGet(43)) - raft.server.watch.timeout.denomination = 1s (default)
2019-09-25 08:43:15,237 [b0445327-5aa8-4723-b13f-0045c06a7051@group-FA53BD1D2530:LeaderElection4] INFO  server.RaftServerConfigKeys (ConfUtils.java:logGet(43)) - raft.server.watch.element-limit = 65536 (default)
2019-09-25 08:43:15,240 [b0445327-5aa8-4723-b13f-0045c06a7051@group-FA53BD1D2530:LeaderElection4] INFO  server.RaftServerConfigKeys (ConfUtils.java:logGet(43)) - raft.server.log.appender.snapshot.chunk.size.max = 16MB (=16777216) (default)
2019-09-25 08:43:15,241 [b0445327-5aa8-4723-b13f-0045c06a7051@group-FA53BD1D2530:LeaderElection4] INFO  server.RaftServerConfigKeys (ConfUtils.java:logGet(43)) - raft.server.log.appender.buffer.byte-limit = 33554432 (custom)
2019-09-25 08:43:15,241 [b0445327-5aa8-4723-b13f-0045c06a7051@group-FA53BD1D2530:LeaderElection4] INFO  server.RaftServerConfigKeys (ConfUtils.java:logGet(43)) - raft.server.log.appender.buffer.element-limit = 1 (custom)
2019-09-25 08:43:15,241 [b0445327-5aa8-4723-b13f-0045c06a7051@group-FA53BD1D2530:LeaderElection4] INFO  grpc.GrpcConfigKeys$Server (ConfUtils.java:logGet(43)) - raft.grpc.server.leader.outstanding.appends.max = 128 (default)
2019-09-25 08:43:15,243 [b0445327-5aa8-4723-b13f-0045c06a7051@group-FA53BD1D2530:LeaderElection4] INFO  server.RaftServerConfigKeys (ConfUtils.java:logGet(43)) - raft.server.rpc.request.timeout = 3000ms (default)
2019-09-25 08:43:15,243 [b0445327-5aa8-4723-b13f-0045c06a7051@group-FA53BD1D2530:LeaderElection4] INFO  server.RaftServerConfigKeys (ConfUtils.java:logGet(43)) - raft.server.log.appender.install.snapshot.enabled = false (custom)
2019-09-25 08:43:15,243 [b0445327-5aa8-4723-b13f-0045c06a7051@group-FA53BD1D2530:LeaderElection4] INFO  server.RaftServerConfigKeys (ConfUtils.java:logGet(43)) - raft.server.log.appender.snapshot.chunk.size.max = 16MB (=16777216) (default)
2019-09-25 08:43:15,243 [b0445327-5aa8-4723-b13f-0045c06a7051@group-FA53BD1D2530:LeaderElection4] INFO  server.RaftServerConfigKeys (ConfUtils.java:logGet(43)) - raft.server.log.appender.buffer.byte-limit = 33554432 (custom)
2019-09-25 08:43:15,244 [b0445327-5aa8-4723-b13f-0045c06a7051@group-FA53BD1D2530:LeaderElection4] INFO  server.RaftServerConfigKeys (ConfUtils.java:logGet(43)) - raft.server.log.appender.buffer.element-limit = 1 (custom)
2019-09-25 08:43:15,244 [b0445327-5aa8-4723-b13f-0045c06a7051@group-FA53BD1D2530:LeaderElection4] INFO  grpc.GrpcConfigKeys$Server (ConfUtils.java:logGet(43)) - raft.grpc.server.leader.outstanding.appends.max = 128 (default)
2019-09-25 08:43:15,244 [b0445327-5aa8-4723-b13f-0045c06a7051@group-FA53BD1D2530:LeaderElection4] INFO  server.RaftServerConfigKeys (ConfUtils.java:logGet(43)) - raft.server.rpc.request.timeout = 3000ms (default)
2019-09-25 08:43:15,244 [b0445327-5aa8-4723-b13f-0045c06a7051@group-FA53BD1D2530:LeaderElection4] INFO  server.RaftServerConfigKeys (ConfUtils.java:logGet(43)) - raft.server.log.appender.install.snapshot.enabled = false (custom)
2019-09-25 08:43:15,245 [b0445327-5aa8-4723-b13f-0045c06a7051@group-FA53BD1D2530:LeaderElection4] INFO  impl.RoleInfo (RoleInfo.java:updateAndGet(143)) - b0445327-5aa8-4723-b13f-0045c06a7051: start LeaderState
2019-09-25 08:43:15,245 [b0445327-5aa8-4723-b13f-0045c06a7051@group-FA53BD1D2530:LeaderElection4] INFO  segmented.SegmentedRaftLogWorker (SegmentedRaftLogWorker.java:startLogSegment(380)) - b0445327-5aa8-4723-b13f-0045c06a7051@group-FA53BD1D2530-SegmentedRaftLogWorker: Starting segment from index:0
2019-09-25 08:43:15,246 [b0445327-5aa8-4723-b13f-0045c06a7051@group-FA53BD1D2530:LeaderElection4] INFO  impl.RaftServerImpl (ServerState.java:setRaftConf(354)) - b0445327-5aa8-4723-b13f-0045c06a7051@group-FA53BD1D2530: set configuration 0: [b0445327-5aa8-4723-b13f-0045c06a7051:192.168.36.126:40401, dd1e4894-806d-4283-b3cc-ceb649e5b26f:192.168.36.126:34305, 6c26676d-e3b4-4ef4-8acf-5b4b794af88e:192.168.36.126:46446], old=null at 0
2019-09-25 08:43:15,284 [grpc-default-executor-2] INFO  impl.RaftServerImpl (ServerState.java:setLeader(253)) - dd1e4894-806d-4283-b3cc-ceb649e5b26f@group-FA53BD1D2530: change Leader from null to b0445327-5aa8-4723-b13f-0045c06a7051 at term 1 for appendEntries, leader elected after 6707ms
2019-09-25 08:43:15,284 [grpc-default-executor-0] INFO  impl.RaftServerImpl (ServerState.java:setLeader(253)) - 6c26676d-e3b4-4ef4-8acf-5b4b794af88e@group-FA53BD1D2530: change Leader from null to b0445327-5aa8-4723-b13f-0045c06a7051 at term 1 for appendEntries, leader elected after 12075ms
2019-09-25 08:43:15,293 [grpc-default-executor-2] INFO  impl.RaftServerImpl (ServerState.java:setRaftConf(354)) - dd1e4894-806d-4283-b3cc-ceb649e5b26f@group-FA53BD1D2530: set configuration 0: [b0445327-5aa8-4723-b13f-0045c06a7051:192.168.36.126:40401, dd1e4894-806d-4283-b3cc-ceb649e5b26f:192.168.36.126:34305, 6c26676d-e3b4-4ef4-8acf-5b4b794af88e:192.168.36.126:46446], old=null at 0
2019-09-25 08:43:15,293 [grpc-default-executor-0] INFO  impl.RaftServerImpl (ServerState.java:setRaftConf(354)) - 6c26676d-e3b4-4ef4-8acf-5b4b794af88e@group-FA53BD1D2530: set configuration 0: [b0445327-5aa8-4723-b13f-0045c06a7051:192.168.36.126:40401, dd1e4894-806d-4283-b3cc-ceb649e5b26f:192.168.36.126:34305, 6c26676d-e3b4-4ef4-8acf-5b4b794af88e:192.168.36.126:46446], old=null at 0
2019-09-25 08:43:15,294 [grpc-default-executor-2] INFO  segmented.SegmentedRaftLogWorker (SegmentedRaftLogWorker.java:startLogSegment(380)) - dd1e4894-806d-4283-b3cc-ceb649e5b26f@group-FA53BD1D2530-SegmentedRaftLogWorker: Starting segment from index:0
2019-09-25 08:43:15,294 [grpc-default-executor-0] INFO  segmented.SegmentedRaftLogWorker (SegmentedRaftLogWorker.java:startLogSegment(380)) - 6c26676d-e3b4-4ef4-8acf-5b4b794af88e@group-FA53BD1D2530-SegmentedRaftLogWorker: Starting segment from index:0
2019-09-25 08:43:15,645 [Thread-351] INFO  impl.FollowerState (FollowerState.java:run(106)) - dd1e4894-806d-4283-b3cc-ceb649e5b26f:group-EE1855C571D6 changes to CANDIDATE, lastRpcTime:5122, electionTimeout:5122ms
2019-09-25 08:43:15,645 [Thread-351] INFO  impl.RoleInfo (RoleInfo.java:shutdownFollowerState(121)) - dd1e4894-806d-4283-b3cc-ceb649e5b26f: shutdown FollowerState
2019-09-25 08:43:15,645 [Thread-351] INFO  impl.RaftServerImpl (RaftServerImpl.java:setRole(174)) - dd1e4894-806d-4283-b3cc-ceb649e5b26f@group-EE1855C571D6: changes role from  FOLLOWER to CANDIDATE at term 0 for changeToCandidate
2019-09-25 08:43:15,646 [Thread-351] INFO  impl.RoleInfo (RoleInfo.java:updateAndGet(143)) - dd1e4894-806d-4283-b3cc-ceb649e5b26f: start LeaderElection
2019-09-25 08:43:16,067 [dd1e4894-806d-4283-b3cc-ceb649e5b26f@group-FA53BD1D2530-SegmentedRaftLogWorker] INFO  segmented.SegmentedRaftLogWorker (SegmentedRaftLogWorker.java:execute(569)) - dd1e4894-806d-4283-b3cc-ceb649e5b26f@group-FA53BD1D2530-SegmentedRaftLogWorker: created new log segment /workdir/hadoop-ozone/ozonefs/target/test-dir/MiniOzoneClusterImpl-d4f0e99b-eb79-4745-ab8c-980425c864f9/datanode-3/data/ratis/ba598f30-7202-4a77-9026-fa53bd1d2530/current/log_inprogress_0
2019-09-25 08:43:16,067 [dd1e4894-806d-4283-b3cc-ceb649e5b26f@group-EE1855C571D6:LeaderElection5] INFO  impl.LeaderElection (LeaderElection.java:askForVotes(182)) - dd1e4894-806d-4283-b3cc-ceb649e5b26f@group-EE1855C571D6:LeaderElection5: begin an election at term 1 for -1: [dd1e4894-806d-4283-b3cc-ceb649e5b26f:192.168.36.126:34305], old=null
2019-09-25 08:43:16,067 [b0445327-5aa8-4723-b13f-0045c06a7051@group-FA53BD1D2530-SegmentedRaftLogWorker] INFO  segmented.SegmentedRaftLogWorker (SegmentedRaftLogWorker.java:execute(569)) - b0445327-5aa8-4723-b13f-0045c06a7051@group-FA53BD1D2530-SegmentedRaftLogWorker: created new log segment /workdir/hadoop-ozone/ozonefs/target/test-dir/MiniOzoneClusterImpl-d4f0e99b-eb79-4745-ab8c-980425c864f9/datanode-1/data/ratis/ba598f30-7202-4a77-9026-fa53bd1d2530/current/log_inprogress_0
2019-09-25 08:43:16,067 [6c26676d-e3b4-4ef4-8acf-5b4b794af88e@group-FA53BD1D2530-SegmentedRaftLogWorker] INFO  segmented.SegmentedRaftLogWorker (SegmentedRaftLogWorker.java:execute(569)) - 6c26676d-e3b4-4ef4-8acf-5b4b794af88e@group-FA53BD1D2530-SegmentedRaftLogWorker: created new log segment /workdir/hadoop-ozone/ozonefs/target/test-dir/MiniOzoneClusterImpl-d4f0e99b-eb79-4745-ab8c-980425c864f9/datanode-0/data/ratis/ba598f30-7202-4a77-9026-fa53bd1d2530/current/log_inprogress_0
2019-09-25 08:43:16,068 [dd1e4894-806d-4283-b3cc-ceb649e5b26f@group-EE1855C571D6:LeaderElection5] INFO  impl.RoleInfo (RoleInfo.java:shutdownLeaderElection(134)) - dd1e4894-806d-4283-b3cc-ceb649e5b26f: shutdown LeaderElection
2019-09-25 08:43:16,068 [dd1e4894-806d-4283-b3cc-ceb649e5b26f@group-EE1855C571D6:LeaderElection5] INFO  impl.RaftServerImpl (RaftServerImpl.java:setRole(174)) - dd1e4894-806d-4283-b3cc-ceb649e5b26f@group-EE1855C571D6: changes role from CANDIDATE to LEADER at term 1 for changeToLeader
2019-09-25 08:43:16,068 [dd1e4894-806d-4283-b3cc-ceb649e5b26f@group-EE1855C571D6:LeaderElection5] INFO  impl.RaftServerImpl (ServerState.java:setLeader(253)) - dd1e4894-806d-4283-b3cc-ceb649e5b26f@group-EE1855C571D6: change Leader from null to dd1e4894-806d-4283-b3cc-ceb649e5b26f at term 1 for becomeLeader, leader elected after 18057ms
2019-09-25 08:43:16,071 [dd1e4894-806d-4283-b3cc-ceb649e5b26f@group-EE1855C571D6:LeaderElection5] INFO  server.RaftServerConfigKeys (ConfUtils.java:logGet(43)) - raft.server.staging.catchup.gap = 1000 (default)
2019-09-25 08:43:16,071 [dd1e4894-806d-4283-b3cc-ceb649e5b26f@group-EE1855C571D6:LeaderElection5] INFO  server.RaftServerConfigKeys (ConfUtils.java:logGet(43)) - raft.server.rpc.sleep.time = 25ms (default)
2019-09-25 08:43:16,071 [dd1e4894-806d-4283-b3cc-ceb649e5b26f@group-EE1855C571D6:LeaderElection5] INFO  server.RaftServerConfigKeys (ConfUtils.java:logGet(43)) - raft.server.write.element-limit = 4096 (default)
2019-09-25 08:43:16,071 [dd1e4894-806d-4283-b3cc-ceb649e5b26f@group-EE1855C571D6:LeaderElection5] INFO  server.RaftServerConfigKeys (ConfUtils.java:logGet(43)) - raft.server.watch.timeout = 10s (default)
2019-09-25 08:43:16,071 [dd1e4894-806d-4283-b3cc-ceb649e5b26f@group-EE1855C571D6:LeaderElection5] INFO  server.RaftServerConfigKeys (ConfUtils.java:logGet(43)) - raft.server.watch.timeout.denomination = 1s (default)
2019-09-25 08:43:16,072 [dd1e4894-806d-4283-b3cc-ceb649e5b26f@group-EE1855C571D6:LeaderElection5] INFO  server.RaftServerConfigKeys (ConfUtils.java:logGet(43)) - raft.server.watch.element-limit = 65536 (default)
2019-09-25 08:43:16,075 [dd1e4894-806d-4283-b3cc-ceb649e5b26f@group-EE1855C571D6:LeaderElection5] INFO  impl.RoleInfo (RoleInfo.java:updateAndGet(143)) - dd1e4894-806d-4283-b3cc-ceb649e5b26f: start LeaderState
2019-09-25 08:43:16,075 [dd1e4894-806d-4283-b3cc-ceb649e5b26f@group-EE1855C571D6:LeaderElection5] INFO  segmented.SegmentedRaftLogWorker (SegmentedRaftLogWorker.java:startLogSegment(380)) - dd1e4894-806d-4283-b3cc-ceb649e5b26f@group-EE1855C571D6-SegmentedRaftLogWorker: Starting segment from index:0
2019-09-25 08:43:16,076 [dd1e4894-806d-4283-b3cc-ceb649e5b26f@group-EE1855C571D6:LeaderElection5] INFO  impl.RaftServerImpl (ServerState.java:setRaftConf(354)) - dd1e4894-806d-4283-b3cc-ceb649e5b26f@group-EE1855C571D6: set configuration 0: [dd1e4894-806d-4283-b3cc-ceb649e5b26f:192.168.36.126:34305], old=null at 0
2019-09-25 08:43:16,300 [Thread-358] INFO  impl.FollowerState (FollowerState.java:run(106)) - b0445327-5aa8-4723-b13f-0045c06a7051:group-780021735295 changes to CANDIDATE, lastRpcTime:5185, electionTimeout:5185ms
2019-09-25 08:43:16,300 [Thread-358] INFO  impl.RoleInfo (RoleInfo.java:shutdownFollowerState(121)) - b0445327-5aa8-4723-b13f-0045c06a7051: shutdown FollowerState
2019-09-25 08:43:16,300 [Thread-358] INFO  impl.RaftServerImpl (RaftServerImpl.java:setRole(174)) - b0445327-5aa8-4723-b13f-0045c06a7051@group-780021735295: changes role from  FOLLOWER to CANDIDATE at term 0 for changeToCandidate
2019-09-25 08:43:16,300 [Thread-358] INFO  impl.RoleInfo (RoleInfo.java:updateAndGet(143)) - b0445327-5aa8-4723-b13f-0045c06a7051: start LeaderElection
2019-09-25 08:43:16,312 [Thread-360] INFO  impl.FollowerState (FollowerState.java:run(106)) - b0445327-5aa8-4723-b13f-0045c06a7051:group-03297FA65894 changes to CANDIDATE, lastRpcTime:5196, electionTimeout:5196ms
2019-09-25 08:43:16,312 [Thread-360] INFO  impl.RoleInfo (RoleInfo.java:shutdownFollowerState(121)) - b0445327-5aa8-4723-b13f-0045c06a7051: shutdown FollowerState
2019-09-25 08:43:16,312 [Thread-360] INFO  impl.RaftServerImpl (RaftServerImpl.java:setRole(174)) - b0445327-5aa8-4723-b13f-0045c06a7051@group-03297FA65894: changes role from  FOLLOWER to CANDIDATE at term 0 for changeToCandidate
2019-09-25 08:43:16,312 [Thread-360] INFO  impl.RoleInfo (RoleInfo.java:updateAndGet(143)) - b0445327-5aa8-4723-b13f-0045c06a7051: start LeaderElection
2019-09-25 08:43:16,397 [Thread-363] INFO  impl.FollowerState (FollowerState.java:run(106)) - 6c26676d-e3b4-4ef4-8acf-5b4b794af88e:group-780021735295 changes to CANDIDATE, lastRpcTime:5085, electionTimeout:5085ms
2019-09-25 08:43:16,398 [Thread-363] INFO  impl.RoleInfo (RoleInfo.java:shutdownFollowerState(121)) - 6c26676d-e3b4-4ef4-8acf-5b4b794af88e: shutdown FollowerState
2019-09-25 08:43:16,398 [Thread-363] INFO  impl.RaftServerImpl (RaftServerImpl.java:setRole(174)) - 6c26676d-e3b4-4ef4-8acf-5b4b794af88e@group-780021735295: changes role from  FOLLOWER to CANDIDATE at term 0 for changeToCandidate
2019-09-25 08:43:16,398 [Thread-363] INFO  impl.RoleInfo (RoleInfo.java:updateAndGet(143)) - 6c26676d-e3b4-4ef4-8acf-5b4b794af88e: start LeaderElection
2019-09-25 08:43:16,403 [Thread-365] INFO  impl.FollowerState (FollowerState.java:run(106)) - 6c26676d-e3b4-4ef4-8acf-5b4b794af88e:group-03297FA65894 changes to CANDIDATE, lastRpcTime:5089, electionTimeout:5087ms
2019-09-25 08:43:16,403 [Thread-365] INFO  impl.RoleInfo (RoleInfo.java:shutdownFollowerState(121)) - 6c26676d-e3b4-4ef4-8acf-5b4b794af88e: shutdown FollowerState
2019-09-25 08:43:16,403 [Thread-365] INFO  impl.RaftServerImpl (RaftServerImpl.java:setRole(174)) - 6c26676d-e3b4-4ef4-8acf-5b4b794af88e@group-03297FA65894: changes role from  FOLLOWER to CANDIDATE at term 0 for changeToCandidate
2019-09-25 08:43:16,403 [Thread-365] INFO  impl.RoleInfo (RoleInfo.java:updateAndGet(143)) - 6c26676d-e3b4-4ef4-8acf-5b4b794af88e: start LeaderElection
2019-09-25 08:43:16,635 [dd1e4894-806d-4283-b3cc-ceb649e5b26f@group-EE1855C571D6-SegmentedRaftLogWorker] INFO  segmented.SegmentedRaftLogWorker (SegmentedRaftLogWorker.java:execute(569)) - dd1e4894-806d-4283-b3cc-ceb649e5b26f@group-EE1855C571D6-SegmentedRaftLogWorker: created new log segment /workdir/hadoop-ozone/ozonefs/target/test-dir/MiniOzoneClusterImpl-d4f0e99b-eb79-4745-ab8c-980425c864f9/datanode-3/data/ratis/4a93f726-0950-4949-826b-ee1855c571d6/current/log_inprogress_0
2019-09-25 08:43:16,635 [6c26676d-e3b4-4ef4-8acf-5b4b794af88e@group-03297FA65894:LeaderElection9] INFO  impl.LeaderElection (LeaderElection.java:askForVotes(182)) - 6c26676d-e3b4-4ef4-8acf-5b4b794af88e@group-03297FA65894:LeaderElection9: begin an election at term 1 for -1: [b0445327-5aa8-4723-b13f-0045c06a7051:192.168.36.126:40401, dd1e4894-806d-4283-b3cc-ceb649e5b26f:192.168.36.126:34305, 6c26676d-e3b4-4ef4-8acf-5b4b794af88e:192.168.36.126:46446], old=null
2019-09-25 08:43:16,635 [b0445327-5aa8-4723-b13f-0045c06a7051@group-03297FA65894:LeaderElection7] INFO  impl.LeaderElection (LeaderElection.java:askForVotes(182)) - b0445327-5aa8-4723-b13f-0045c06a7051@group-03297FA65894:LeaderElection7: begin an election at term 1 for -1: [b0445327-5aa8-4723-b13f-0045c06a7051:192.168.36.126:40401, dd1e4894-806d-4283-b3cc-ceb649e5b26f:192.168.36.126:34305, 6c26676d-e3b4-4ef4-8acf-5b4b794af88e:192.168.36.126:46446], old=null
2019-09-25 08:43:16,635 [6c26676d-e3b4-4ef4-8acf-5b4b794af88e@group-780021735295:LeaderElection8] INFO  impl.LeaderElection (LeaderElection.java:askForVotes(182)) - 6c26676d-e3b4-4ef4-8acf-5b4b794af88e@group-780021735295:LeaderElection8: begin an election at term 1 for -1: [b0445327-5aa8-4723-b13f-0045c06a7051:192.168.36.126:40401, dd1e4894-806d-4283-b3cc-ceb649e5b26f:192.168.36.126:34305, 6c26676d-e3b4-4ef4-8acf-5b4b794af88e:192.168.36.126:46446], old=null
2019-09-25 08:43:16,635 [b0445327-5aa8-4723-b13f-0045c06a7051@group-780021735295:LeaderElection6] INFO  impl.LeaderElection (LeaderElection.java:askForVotes(182)) - b0445327-5aa8-4723-b13f-0045c06a7051@group-780021735295:LeaderElection6: begin an election at term 1 for -1: [b0445327-5aa8-4723-b13f-0045c06a7051:192.168.36.126:40401, dd1e4894-806d-4283-b3cc-ceb649e5b26f:192.168.36.126:34305, 6c26676d-e3b4-4ef4-8acf-5b4b794af88e:192.168.36.126:46446], old=null
2019-09-25 08:43:16,663 [grpc-default-executor-3] INFO  impl.RaftServerImpl (RaftServerImpl.java:setRole(174)) - dd1e4894-806d-4283-b3cc-ceb649e5b26f@group-03297FA65894: changes role from  FOLLOWER to FOLLOWER at term 1 for recognizeCandidate:6c26676d-e3b4-4ef4-8acf-5b4b794af88e
2019-09-25 08:43:16,663 [Thread-370] INFO  impl.FollowerState (FollowerState.java:run(106)) - b0445327-5aa8-4723-b13f-0045c06a7051:group-33D7D0D3770C changes to CANDIDATE, lastRpcTime:5054, electionTimeout:5054ms
2019-09-25 08:43:16,664 [grpc-default-executor-3] INFO  impl.RoleInfo (RoleInfo.java:shutdownFollowerState(121)) - dd1e4894-806d-4283-b3cc-ceb649e5b26f: shutdown FollowerState
2019-09-25 08:43:16,666 [grpc-default-executor-0] INFO  impl.RaftServerImpl (RaftServerImpl.java:setRole(174)) - dd1e4894-806d-4283-b3cc-ceb649e5b26f@group-780021735295: changes role from  FOLLOWER to FOLLOWER at term 1 for recognizeCandidate:6c26676d-e3b4-4ef4-8acf-5b4b794af88e
2019-09-25 08:43:16,666 [Thread-387] INFO  impl.FollowerState (FollowerState.java:run(115)) - dd1e4894-806d-4283-b3cc-ceb649e5b26f: FollowerState was interrupted: java.lang.InterruptedException: sleep interrupted
2019-09-25 08:43:16,666 [grpc-default-executor-3] INFO  impl.RoleInfo (RoleInfo.java:updateAndGet(143)) - dd1e4894-806d-4283-b3cc-ceb649e5b26f: start FollowerState
2019-09-25 08:43:16,666 [Thread-370] INFO  impl.RoleInfo (RoleInfo.java:shutdownFollowerState(121)) - b0445327-5aa8-4723-b13f-0045c06a7051: shutdown FollowerState
2019-09-25 08:43:16,666 [grpc-default-executor-0] INFO  impl.RoleInfo (RoleInfo.java:shutdownFollowerState(121)) - dd1e4894-806d-4283-b3cc-ceb649e5b26f: shutdown FollowerState
2019-09-25 08:43:16,668 [Thread-377] INFO  impl.FollowerState (FollowerState.java:run(106)) - b0445327-5aa8-4723-b13f-0045c06a7051:group-250BE772D41C changes to CANDIDATE, lastRpcTime:5050, electionTimeout:5050ms
2019-09-25 08:43:16,671 [Thread-370] INFO  impl.RaftServerImpl (RaftServerImpl.java:setRole(174)) - b0445327-5aa8-4723-b13f-0045c06a7051@group-33D7D0D3770C: changes role from  FOLLOWER to CANDIDATE at term 0 for changeToCandidate
2019-09-25 08:43:16,671 [grpc-default-executor-0] INFO  impl.RoleInfo (RoleInfo.java:updateAndGet(143)) - dd1e4894-806d-4283-b3cc-ceb649e5b26f: start FollowerState
2019-09-25 08:43:16,671 [Thread-370] INFO  impl.RoleInfo (RoleInfo.java:updateAndGet(143)) - b0445327-5aa8-4723-b13f-0045c06a7051: start LeaderElection
2019-09-25 08:43:16,671 [Thread-377] INFO  impl.RoleInfo (RoleInfo.java:shutdownFollowerState(121)) - b0445327-5aa8-4723-b13f-0045c06a7051: shutdown FollowerState
2019-09-25 08:43:16,671 [Thread-373] INFO  impl.FollowerState (FollowerState.java:run(115)) - dd1e4894-806d-4283-b3cc-ceb649e5b26f: FollowerState was interrupted: java.lang.InterruptedException: sleep interrupted
2019-09-25 08:43:16,674 [Thread-377] INFO  impl.RaftServerImpl (RaftServerImpl.java:setRole(174)) - b0445327-5aa8-4723-b13f-0045c06a7051@group-250BE772D41C: changes role from  FOLLOWER to CANDIDATE at term 0 for changeToCandidate
2019-09-25 08:43:16,679 [Thread-377] INFO  impl.RoleInfo (RoleInfo.java:updateAndGet(143)) - b0445327-5aa8-4723-b13f-0045c06a7051: start LeaderElection
2019-09-25 08:43:16,716 [Thread-374] INFO  impl.FollowerState (FollowerState.java:run(106)) - b0445327-5aa8-4723-b13f-0045c06a7051:group-F574EF683A41 changes to CANDIDATE, lastRpcTime:5105, electionTimeout:5100ms
2019-09-25 08:43:16,717 [Thread-374] INFO  impl.RoleInfo (RoleInfo.java:shutdownFollowerState(121)) - b0445327-5aa8-4723-b13f-0045c06a7051: shutdown FollowerState
2019-09-25 08:43:16,717 [Thread-374] INFO  impl.RaftServerImpl (RaftServerImpl.java:setRole(174)) - b0445327-5aa8-4723-b13f-0045c06a7051@group-F574EF683A41: changes role from  FOLLOWER to CANDIDATE at term 0 for changeToCandidate
2019-09-25 08:43:16,717 [Thread-374] INFO  impl.RoleInfo (RoleInfo.java:updateAndGet(143)) - b0445327-5aa8-4723-b13f-0045c06a7051: start LeaderElection
2019-09-25 08:43:16,978 [Thread-382] INFO  impl.FollowerState (FollowerState.java:run(106)) - 6c26676d-e3b4-4ef4-8acf-5b4b794af88e:group-F574EF683A41 changes to CANDIDATE, lastRpcTime:5035, electionTimeout:5035ms
2019-09-25 08:43:16,978 [Thread-382] INFO  impl.RoleInfo (RoleInfo.java:shutdownFollowerState(121)) - 6c26676d-e3b4-4ef4-8acf-5b4b794af88e: shutdown FollowerState
2019-09-25 08:43:16,978 [Thread-382] INFO  impl.RaftServerImpl (RaftServerImpl.java:setRole(174)) - 6c26676d-e3b4-4ef4-8acf-5b4b794af88e@group-F574EF683A41: changes role from  FOLLOWER to CANDIDATE at term 0 for changeToCandidate
2019-09-25 08:43:16,979 [Thread-382] INFO  impl.RoleInfo (RoleInfo.java:updateAndGet(143)) - 6c26676d-e3b4-4ef4-8acf-5b4b794af88e: start LeaderElection
2019-09-25 08:43:17,076 [Thread-384] INFO  impl.FollowerState (FollowerState.java:run(106)) - 6c26676d-e3b4-4ef4-8acf-5b4b794af88e:group-250BE772D41C changes to CANDIDATE, lastRpcTime:5131, electionTimeout:5131ms
2019-09-25 08:43:17,076 [Thread-384] INFO  impl.RoleInfo (RoleInfo.java:shutdownFollowerState(121)) - 6c26676d-e3b4-4ef4-8acf-5b4b794af88e: shutdown FollowerState
2019-09-25 08:43:17,076 [Thread-384] INFO  impl.RaftServerImpl (RaftServerImpl.java:setRole(174)) - 6c26676d-e3b4-4ef4-8acf-5b4b794af88e@group-250BE772D41C: changes role from  FOLLOWER to CANDIDATE at term 0 for changeToCandidate
2019-09-25 08:43:17,077 [Thread-384] INFO  impl.RoleInfo (RoleInfo.java:updateAndGet(143)) - 6c26676d-e3b4-4ef4-8acf-5b4b794af88e: start LeaderElection
2019-09-25 08:43:17,097 [Thread-380] INFO  impl.FollowerState (FollowerState.java:run(106)) - 6c26676d-e3b4-4ef4-8acf-5b4b794af88e:group-33D7D0D3770C changes to CANDIDATE, lastRpcTime:5156, electionTimeout:5156ms
2019-09-25 08:43:17,098 [Thread-380] INFO  impl.RoleInfo (RoleInfo.java:shutdownFollowerState(121)) - 6c26676d-e3b4-4ef4-8acf-5b4b794af88e: shutdown FollowerState
2019-09-25 08:43:17,098 [Thread-380] INFO  impl.RaftServerImpl (RaftServerImpl.java:setRole(174)) - 6c26676d-e3b4-4ef4-8acf-5b4b794af88e@group-33D7D0D3770C: changes role from  FOLLOWER to CANDIDATE at term 0 for changeToCandidate
2019-09-25 08:43:17,098 [Thread-380] INFO  impl.RoleInfo (RoleInfo.java:updateAndGet(143)) - 6c26676d-e3b4-4ef4-8acf-5b4b794af88e: start LeaderElection
2019-09-25 08:43:17,134 [b0445327-5aa8-4723-b13f-0045c06a7051@group-33D7D0D3770C:LeaderElection10] INFO  impl.LeaderElection (LeaderElection.java:askForVotes(182)) - b0445327-5aa8-4723-b13f-0045c06a7051@group-33D7D0D3770C:LeaderElection10: begin an election at term 1 for -1: [b0445327-5aa8-4723-b13f-0045c06a7051:192.168.36.126:40401, dd1e4894-806d-4283-b3cc-ceb649e5b26f:192.168.36.126:34305, 6c26676d-e3b4-4ef4-8acf-5b4b794af88e:192.168.36.126:46446], old=null
2019-09-25 08:43:17,134 [b0445327-5aa8-4723-b13f-0045c06a7051@group-250BE772D41C:LeaderElection11] INFO  impl.LeaderElection (LeaderElection.java:askForVotes(182)) - b0445327-5aa8-4723-b13f-0045c06a7051@group-250BE772D41C:LeaderElection11: begin an election at term 1 for -1: [b0445327-5aa8-4723-b13f-0045c06a7051:192.168.36.126:40401, dd1e4894-806d-4283-b3cc-ceb649e5b26f:192.168.36.126:34305, 6c26676d-e3b4-4ef4-8acf-5b4b794af88e:192.168.36.126:46446], old=null
2019-09-25 08:43:17,134 [b0445327-5aa8-4723-b13f-0045c06a7051@group-F574EF683A41:LeaderElection12] INFO  impl.LeaderElection (LeaderElection.java:askForVotes(182)) - b0445327-5aa8-4723-b13f-0045c06a7051@group-F574EF683A41:LeaderElection12: begin an election at term 1 for -1: [b0445327-5aa8-4723-b13f-0045c06a7051:192.168.36.126:40401, dd1e4894-806d-4283-b3cc-ceb649e5b26f:192.168.36.126:34305, 6c26676d-e3b4-4ef4-8acf-5b4b794af88e:192.168.36.126:46446], old=null
2019-09-25 08:43:17,134 [6c26676d-e3b4-4ef4-8acf-5b4b794af88e@group-F574EF683A41:LeaderElection13] INFO  impl.LeaderElection (LeaderElection.java:askForVotes(182)) - 6c26676d-e3b4-4ef4-8acf-5b4b794af88e@group-F574EF683A41:LeaderElection13: begin an election at term 1 for -1: [b0445327-5aa8-4723-b13f-0045c06a7051:192.168.36.126:40401, dd1e4894-806d-4283-b3cc-ceb649e5b26f:192.168.36.126:34305, 6c26676d-e3b4-4ef4-8acf-5b4b794af88e:192.168.36.126:46446], old=null
2019-09-25 08:43:17,137 [6c26676d-e3b4-4ef4-8acf-5b4b794af88e@group-780021735295:LeaderElection8] INFO  impl.LeaderElection (LeaderElection.java:logAndReturn(56)) - 6c26676d-e3b4-4ef4-8acf-5b4b794af88e@group-780021735295:LeaderElection8: Election PASSED; received 2 response(s) [6c26676d-e3b4-4ef4-8acf-5b4b794af88e<-b0445327-5aa8-4723-b13f-0045c06a7051#0:FAIL-t1, 6c26676d-e3b4-4ef4-8acf-5b4b794af88e<-dd1e4894-806d-4283-b3cc-ceb649e5b26f#0:OK-t1] and 0 exception(s); 6c26676d-e3b4-4ef4-8acf-5b4b794af88e@group-780021735295:t1, leader=null, voted=6c26676d-e3b4-4ef4-8acf-5b4b794af88e, raftlog=6c26676d-e3b4-4ef4-8acf-5b4b794af88e@group-780021735295-SegmentedRaftLog:OPENED:c-1,f-1,i0, conf=-1: [b0445327-5aa8-4723-b13f-0045c06a7051:192.168.36.126:40401, dd1e4894-806d-4283-b3cc-ceb649e5b26f:192.168.36.126:34305, 6c26676d-e3b4-4ef4-8acf-5b4b794af88e:192.168.36.126:46446], old=null
2019-09-25 08:43:17,137 [6c26676d-e3b4-4ef4-8acf-5b4b794af88e@group-780021735295:LeaderElection8] INFO  impl.RoleInfo (RoleInfo.java:shutdownLeaderElection(134)) - 6c26676d-e3b4-4ef4-8acf-5b4b794af88e: shutdown LeaderElection
2019-09-25 08:43:17,139 [6c26676d-e3b4-4ef4-8acf-5b4b794af88e@group-780021735295:LeaderElection8] INFO  impl.RaftServerImpl (RaftServerImpl.java:setRole(174)) - 6c26676d-e3b4-4ef4-8acf-5b4b794af88e@group-780021735295: changes role from CANDIDATE to LEADER at term 1 for changeToLeader
2019-09-25 08:43:17,139 [6c26676d-e3b4-4ef4-8acf-5b4b794af88e@group-03297FA65894:LeaderElection9] INFO  impl.LeaderElection (LeaderElection.java:logAndReturn(56)) - 6c26676d-e3b4-4ef4-8acf-5b4b794af88e@group-03297FA65894:LeaderElection9: Election PASSED; received 2 response(s) [6c26676d-e3b4-4ef4-8acf-5b4b794af88e<-b0445327-5aa8-4723-b13f-0045c06a7051#0:FAIL-t1, 6c26676d-e3b4-4ef4-8acf-5b4b794af88e<-dd1e4894-806d-4283-b3cc-ceb649e5b26f#0:OK-t1] and 0 exception(s); 6c26676d-e3b4-4ef4-8acf-5b4b794af88e@group-03297FA65894:t1, leader=null, voted=6c26676d-e3b4-4ef4-8acf-5b4b794af88e, raftlog=6c26676d-e3b4-4ef4-8acf-5b4b794af88e@group-03297FA65894-SegmentedRaftLog:OPENED:c-1,f-1,i0, conf=-1: [b0445327-5aa8-4723-b13f-0045c06a7051:192.168.36.126:40401, dd1e4894-806d-4283-b3cc-ceb649e5b26f:192.168.36.126:34305, 6c26676d-e3b4-4ef4-8acf-5b4b794af88e:192.168.36.126:46446], old=null
2019-09-25 08:43:17,141 [b0445327-5aa8-4723-b13f-0045c06a7051@group-03297FA65894:LeaderElection7] INFO  impl.LeaderElection (LeaderElection.java:logAndReturn(56)) - b0445327-5aa8-4723-b13f-0045c06a7051@group-03297FA65894:LeaderElection7: Election REJECTED; received 2 response(s) [b0445327-5aa8-4723-b13f-0045c06a7051<-dd1e4894-806d-4283-b3cc-ceb649e5b26f#0:FAIL-t1, b0445327-5aa8-4723-b13f-0045c06a7051<-6c26676d-e3b4-4ef4-8acf-5b4b794af88e#0:FAIL-t1] and 0 exception(s); b0445327-5aa8-4723-b13f-0045c06a7051@group-03297FA65894:t1, leader=null, voted=b0445327-5aa8-4723-b13f-0045c06a7051, raftlog=b0445327-5aa8-4723-b13f-0045c06a7051@group-03297FA65894-SegmentedRaftLog:OPENED:c-1,f-1,i0, conf=-1: [b0445327-5aa8-4723-b13f-0045c06a7051:192.168.36.126:40401, dd1e4894-806d-4283-b3cc-ceb649e5b26f:192.168.36.126:34305, 6c26676d-e3b4-4ef4-8acf-5b4b794af88e:192.168.36.126:46446], old=null
2019-09-25 08:43:17,139 [6c26676d-e3b4-4ef4-8acf-5b4b794af88e@group-780021735295:LeaderElection8] INFO  impl.RaftServerImpl (ServerState.java:setLeader(253)) - 6c26676d-e3b4-4ef4-8acf-5b4b794af88e@group-780021735295: change Leader from null to 6c26676d-e3b4-4ef4-8acf-5b4b794af88e at term 1 for becomeLeader, leader elected after 8145ms
2019-09-25 08:43:17,148 [b0445327-5aa8-4723-b13f-0045c06a7051@group-780021735295:LeaderElection6] INFO  impl.LeaderElection (LeaderElection.java:logAndReturn(56)) - b0445327-5aa8-4723-b13f-0045c06a7051@group-780021735295:LeaderElection6: Election REJECTED; received 2 response(s) [b0445327-5aa8-4723-b13f-0045c06a7051<-dd1e4894-806d-4283-b3cc-ceb649e5b26f#0:FAIL-t1, b0445327-5aa8-4723-b13f-0045c06a7051<-6c26676d-e3b4-4ef4-8acf-5b4b794af88e#0:FAIL-t1] and 0 exception(s); b0445327-5aa8-4723-b13f-0045c06a7051@group-780021735295:t1, leader=null, voted=b0445327-5aa8-4723-b13f-0045c06a7051, raftlog=b0445327-5aa8-4723-b13f-0045c06a7051@group-780021735295-SegmentedRaftLog:OPENED:c-1,f-1,i0, conf=-1: [b0445327-5aa8-4723-b13f-0045c06a7051:192.168.36.126:40401, dd1e4894-806d-4283-b3cc-ceb649e5b26f:192.168.36.126:34305, 6c26676d-e3b4-4ef4-8acf-5b4b794af88e:192.168.36.126:46446], old=null
2019-09-25 08:43:17,141 [6c26676d-e3b4-4ef4-8acf-5b4b794af88e@group-03297FA65894:LeaderElection9] INFO  impl.RoleInfo (RoleInfo.java:shutdownLeaderElection(134)) - 6c26676d-e3b4-4ef4-8acf-5b4b794af88e: shutdown LeaderElection
2019-09-25 08:43:17,151 [6c26676d-e3b4-4ef4-8acf-5b4b794af88e@group-780021735295:LeaderElection8] INFO  server.RaftServerConfigKeys (ConfUtils.java:logGet(43)) - raft.server.staging.catchup.gap = 1000 (default)
2019-09-25 08:43:17,151 [b0445327-5aa8-4723-b13f-0045c06a7051@group-03297FA65894:LeaderElection7] INFO  impl.RaftServerImpl (RaftServerImpl.java:setRole(174)) - b0445327-5aa8-4723-b13f-0045c06a7051@group-03297FA65894: changes role from CANDIDATE to FOLLOWER at term 1 for DISCOVERED_A_NEW_TERM
2019-09-25 08:43:17,153 [b0445327-5aa8-4723-b13f-0045c06a7051@group-03297FA65894:LeaderElection7] INFO  impl.RoleInfo (RoleInfo.java:shutdownLeaderElection(134)) - b0445327-5aa8-4723-b13f-0045c06a7051: shutdown LeaderElection
2019-09-25 08:43:17,151 [b0445327-5aa8-4723-b13f-0045c06a7051@group-780021735295:LeaderElection6] INFO  impl.RaftServerImpl (RaftServerImpl.java:setRole(174)) - b0445327-5aa8-4723-b13f-0045c06a7051@group-780021735295: changes role from CANDIDATE to FOLLOWER at term 1 for DISCOVERED_A_NEW_TERM
2019-09-25 08:43:17,153 [b0445327-5aa8-4723-b13f-0045c06a7051@group-03297FA65894:LeaderElection7] INFO  impl.RoleInfo (RoleInfo.java:updateAndGet(143)) - b0445327-5aa8-4723-b13f-0045c06a7051: start FollowerState
2019-09-25 08:43:17,153 [6c26676d-e3b4-4ef4-8acf-5b4b794af88e@group-780021735295:LeaderElection8] INFO  server.RaftServerConfigKeys (ConfUtils.java:logGet(43)) - raft.server.rpc.sleep.time = 25ms (default)
2019-09-25 08:43:17,153 [6c26676d-e3b4-4ef4-8acf-5b4b794af88e@group-03297FA65894:LeaderElection9] INFO  impl.RaftServerImpl (RaftServerImpl.java:setRole(174)) - 6c26676d-e3b4-4ef4-8acf-5b4b794af88e@group-03297FA65894: changes role from CANDIDATE to LEADER at term 1 for changeToLeader
2019-09-25 08:43:17,154 [6c26676d-e3b4-4ef4-8acf-5b4b794af88e@group-780021735295:LeaderElection8] INFO  server.RaftServerConfigKeys (ConfUtils.java:logGet(43)) - raft.server.write.element-limit = 4096 (default)
2019-09-25 08:43:17,154 [b0445327-5aa8-4723-b13f-0045c06a7051@group-780021735295:LeaderElection6] INFO  impl.RoleInfo (RoleInfo.java:shutdownLeaderElection(134)) - b0445327-5aa8-4723-b13f-0045c06a7051: shutdown LeaderElection
2019-09-25 08:43:17,154 [grpc-default-executor-3] INFO  impl.RaftServerImpl (RaftServerImpl.java:setRole(174)) - dd1e4894-806d-4283-b3cc-ceb649e5b26f@group-F574EF683A41: changes role from  FOLLOWER to FOLLOWER at term 1 for recognizeCandidate:6c26676d-e3b4-4ef4-8acf-5b4b794af88e
2019-09-25 08:43:17,154 [6c26676d-e3b4-4ef4-8acf-5b4b794af88e@group-780021735295:LeaderElection8] INFO  server.RaftServerConfigKeys (ConfUtils.java:logGet(43)) - raft.server.watch.timeout = 10s (default)
2019-09-25 08:43:17,154 [6c26676d-e3b4-4ef4-8acf-5b4b794af88e@group-03297FA65894:LeaderElection9] INFO  impl.RaftServerImpl (ServerState.java:setLeader(253)) - 6c26676d-e3b4-4ef4-8acf-5b4b794af88e@group-03297FA65894: change Leader from null to 6c26676d-e3b4-4ef4-8acf-5b4b794af88e at term 1 for becomeLeader, leader elected after 7078ms
2019-09-25 08:43:17,155 [6c26676d-e3b4-4ef4-8acf-5b4b794af88e@group-780021735295:LeaderElection8] INFO  server.RaftServerConfigKeys (ConfUtils.java:logGet(43)) - raft.server.watch.timeout.denomination = 1s (default)
2019-09-25 08:43:17,155 [grpc-default-executor-3] INFO  impl.RoleInfo (RoleInfo.java:shutdownFollowerState(121)) - dd1e4894-806d-4283-b3cc-ceb649e5b26f: shutdown FollowerState
2019-09-25 08:43:17,155 [b0445327-5aa8-4723-b13f-0045c06a7051@group-780021735295:LeaderElection6] INFO  impl.RoleInfo (RoleInfo.java:updateAndGet(143)) - b0445327-5aa8-4723-b13f-0045c06a7051: start FollowerState
2019-09-25 08:43:17,157 [Thread-391] INFO  impl.FollowerState (FollowerState.java:run(115)) - dd1e4894-806d-4283-b3cc-ceb649e5b26f: FollowerState was interrupted: java.lang.InterruptedException: sleep interrupted
2019-09-25 08:43:17,157 [grpc-default-executor-3] INFO  impl.RoleInfo (RoleInfo.java:updateAndGet(143)) - dd1e4894-806d-4283-b3cc-ceb649e5b26f: start FollowerState
2019-09-25 08:43:17,155 [6c26676d-e3b4-4ef4-8acf-5b4b794af88e@group-03297FA65894:LeaderElection9] INFO  server.RaftServerConfigKeys (ConfUtils.java:logGet(43)) - raft.server.staging.catchup.gap = 1000 (default)
2019-09-25 08:43:17,155 [6c26676d-e3b4-4ef4-8acf-5b4b794af88e@group-780021735295:LeaderElection8] INFO  server.RaftServerConfigKeys (ConfUtils.java:logGet(43)) - raft.server.watch.element-limit = 65536 (default)
2019-09-25 08:43:17,158 [6c26676d-e3b4-4ef4-8acf-5b4b794af88e@group-03297FA65894:LeaderElection9] INFO  server.RaftServerConfigKeys (ConfUtils.java:logGet(43)) - raft.server.rpc.sleep.time = 25ms (default)
2019-09-25 08:43:17,158 [grpc-default-executor-1] INFO  impl.RaftServerImpl (RaftServerImpl.java:setRole(174)) - dd1e4894-806d-4283-b3cc-ceb649e5b26f@group-33D7D0D3770C: changes role from  FOLLOWER to FOLLOWER at term 1 for recognizeCandidate:b0445327-5aa8-4723-b13f-0045c06a7051
2019-09-25 08:43:17,160 [6c26676d-e3b4-4ef4-8acf-5b4b794af88e@group-03297FA65894:LeaderElection9] INFO  server.RaftServerConfigKeys (ConfUtils.java:logGet(43)) - raft.server.write.element-limit = 4096 (default)
2019-09-25 08:43:17,160 [grpc-default-executor-5] INFO  impl.RaftServerImpl (RaftServerImpl.java:setRole(174)) - dd1e4894-806d-4283-b3cc-ceb649e5b26f@group-250BE772D41C: changes role from  FOLLOWER to FOLLOWER at term 1 for recognizeCandidate:b0445327-5aa8-4723-b13f-0045c06a7051
2019-09-25 08:43:17,160 [grpc-default-executor-1] INFO  impl.RoleInfo (RoleInfo.java:shutdownFollowerState(121)) - dd1e4894-806d-4283-b3cc-ceb649e5b26f: shutdown FollowerState
2019-09-25 08:43:17,162 [grpc-default-executor-5] INFO  impl.RoleInfo (RoleInfo.java:shutdownFollowerState(121)) - dd1e4894-806d-4283-b3cc-ceb649e5b26f: shutdown FollowerState
2019-09-25 08:43:17,161 [6c26676d-e3b4-4ef4-8acf-5b4b794af88e@group-03297FA65894:LeaderElection9] INFO  server.RaftServerConfigKeys (ConfUtils.java:logGet(43)) - raft.server.watch.timeout = 10s (default)
2019-09-25 08:43:17,162 [Thread-393] INFO  impl.FollowerState (FollowerState.java:run(115)) - dd1e4894-806d-4283-b3cc-ceb649e5b26f: FollowerState was interrupted: java.lang.InterruptedException: sleep interrupted
2019-09-25 08:43:17,162 [grpc-default-executor-5] INFO  impl.RoleInfo (RoleInfo.java:updateAndGet(143)) - dd1e4894-806d-4283-b3cc-ceb649e5b26f: start FollowerState
2019-09-25 08:43:17,162 [Thread-389] INFO  impl.FollowerState (FollowerState.java:run(115)) - dd1e4894-806d-4283-b3cc-ceb649e5b26f: FollowerState was interrupted: java.lang.InterruptedException: sleep interrupted
2019-09-25 08:43:17,162 [grpc-default-executor-1] INFO  impl.RoleInfo (RoleInfo.java:updateAndGet(143)) - dd1e4894-806d-4283-b3cc-ceb649e5b26f: start FollowerState
2019-09-25 08:43:17,163 [6c26676d-e3b4-4ef4-8acf-5b4b794af88e@group-780021735295:LeaderElection8] INFO  server.RaftServerConfigKeys (ConfUtils.java:logGet(43)) - raft.server.log.appender.snapshot.chunk.size.max = 16MB (=16777216) (default)
2019-09-25 08:43:17,162 [6c26676d-e3b4-4ef4-8acf-5b4b794af88e@group-03297FA65894:LeaderElection9] INFO  server.RaftServerConfigKeys (ConfUtils.java:logGet(43)) - raft.server.watch.timeout.denomination = 1s (default)
2019-09-25 08:43:17,163 [6c26676d-e3b4-4ef4-8acf-5b4b794af88e@group-780021735295:LeaderElection8] INFO  server.RaftServerConfigKeys (ConfUtils.java:logGet(43)) - raft.server.log.appender.buffer.byte-limit = 33554432 (custom)
2019-09-25 08:43:17,163 [6c26676d-e3b4-4ef4-8acf-5b4b794af88e@group-03297FA65894:LeaderElection9] INFO  server.RaftServerConfigKeys (ConfUtils.java:logGet(43)) - raft.server.watch.element-limit = 65536 (default)
2019-09-25 08:43:17,163 [6c26676d-e3b4-4ef4-8acf-5b4b794af88e@group-780021735295:LeaderElection8] INFO  server.RaftServerConfigKeys (ConfUtils.java:logGet(43)) - raft.server.log.appender.buffer.element-limit = 1 (custom)
2019-09-25 08:43:17,164 [6c26676d-e3b4-4ef4-8acf-5b4b794af88e@group-780021735295:LeaderElection8] INFO  grpc.GrpcConfigKeys$Server (ConfUtils.java:logGet(43)) - raft.grpc.server.leader.outstanding.appends.max = 128 (default)
2019-09-25 08:43:17,164 [6c26676d-e3b4-4ef4-8acf-5b4b794af88e@group-780021735295:LeaderElection8] INFO  server.RaftServerConfigKeys (ConfUtils.java:logGet(43)) - raft.server.rpc.request.timeout = 3000ms (default)
2019-09-25 08:43:17,164 [6c26676d-e3b4-4ef4-8acf-5b4b794af88e@group-780021735295:LeaderElection8] INFO  server.RaftServerConfigKeys (ConfUtils.java:logGet(43)) - raft.server.log.appender.install.snapshot.enabled = false (custom)
2019-09-25 08:43:17,164 [6c26676d-e3b4-4ef4-8acf-5b4b794af88e@group-780021735295:LeaderElection8] INFO  server.RaftServerConfigKeys (ConfUtils.java:logGet(43)) - raft.server.log.appender.snapshot.chunk.size.max = 16MB (=16777216) (default)
2019-09-25 08:43:17,164 [6c26676d-e3b4-4ef4-8acf-5b4b794af88e@group-780021735295:LeaderElection8] INFO  server.RaftServerConfigKeys (ConfUtils.java:logGet(43)) - raft.server.log.appender.buffer.byte-limit = 33554432 (custom)
2019-09-25 08:43:17,164 [6c26676d-e3b4-4ef4-8acf-5b4b794af88e@group-780021735295:LeaderElection8] INFO  server.RaftServerConfigKeys (ConfUtils.java:logGet(43)) - raft.server.log.appender.buffer.element-limit = 1 (custom)
2019-09-25 08:43:17,164 [6c26676d-e3b4-4ef4-8acf-5b4b794af88e@group-780021735295:LeaderElection8] INFO  grpc.GrpcConfigKeys$Server (ConfUtils.java:logGet(43)) - raft.grpc.server.leader.outstanding.appends.max = 128 (default)
2019-09-25 08:43:17,165 [6c26676d-e3b4-4ef4-8acf-5b4b794af88e@group-780021735295:LeaderElection8] INFO  server.RaftServerConfigKeys (ConfUtils.java:logGet(43)) - raft.server.rpc.request.timeout = 3000ms (default)
2019-09-25 08:43:17,165 [6c26676d-e3b4-4ef4-8acf-5b4b794af88e@group-780021735295:LeaderElection8] INFO  server.RaftServerConfigKeys (ConfUtils.java:logGet(43)) - raft.server.log.appender.install.snapshot.enabled = false (custom)
2019-09-25 08:43:17,165 [6c26676d-e3b4-4ef4-8acf-5b4b794af88e@group-780021735295:LeaderElection8] INFO  impl.RoleInfo (RoleInfo.java:updateAndGet(143)) - 6c26676d-e3b4-4ef4-8acf-5b4b794af88e: start LeaderState
2019-09-25 08:43:17,165 [6c26676d-e3b4-4ef4-8acf-5b4b794af88e@group-780021735295:LeaderElection8] INFO  segmented.SegmentedRaftLogWorker (SegmentedRaftLogWorker.java:startLogSegment(380)) - 6c26676d-e3b4-4ef4-8acf-5b4b794af88e@group-780021735295-SegmentedRaftLogWorker: Starting segment from index:0
2019-09-25 08:43:17,166 [6c26676d-e3b4-4ef4-8acf-5b4b794af88e@group-780021735295:LeaderElection8] INFO  impl.RaftServerImpl (ServerState.java:setRaftConf(354)) - 6c26676d-e3b4-4ef4-8acf-5b4b794af88e@group-780021735295: set configuration 0: [b0445327-5aa8-4723-b13f-0045c06a7051:192.168.36.126:40401, dd1e4894-806d-4283-b3cc-ceb649e5b26f:192.168.36.126:34305, 6c26676d-e3b4-4ef4-8acf-5b4b794af88e:192.168.36.126:46446], old=null at 0
2019-09-25 08:43:17,201 [6c26676d-e3b4-4ef4-8acf-5b4b794af88e@group-03297FA65894:LeaderElection9] INFO  server.RaftServerConfigKeys (ConfUtils.java:logGet(43)) - raft.server.log.appender.snapshot.chunk.size.max = 16MB (=16777216) (default)
2019-09-25 08:43:17,201 [grpc-default-executor-7] INFO  impl.RaftServerImpl (ServerState.java:setLeader(253)) - dd1e4894-806d-4283-b3cc-ceb649e5b26f@group-780021735295: change Leader from null to 6c26676d-e3b4-4ef4-8acf-5b4b794af88e at term 1 for appendEntries, leader elected after 7758ms
2019-09-25 08:43:17,201 [6c26676d-e3b4-4ef4-8acf-5b4b794af88e@group-03297FA65894:LeaderElection9] INFO  server.RaftServerConfigKeys (ConfUtils.java:logGet(43)) - raft.server.log.appender.buffer.byte-limit = 33554432 (custom)
2019-09-25 08:43:17,202 [grpc-default-executor-2] INFO  impl.RaftServerImpl (ServerState.java:setLeader(253)) - b0445327-5aa8-4723-b13f-0045c06a7051@group-780021735295: change Leader from null to 6c26676d-e3b4-4ef4-8acf-5b4b794af88e at term 1 for appendEntries, leader elected after 8624ms
2019-09-25 08:43:17,202 [6c26676d-e3b4-4ef4-8acf-5b4b794af88e@group-03297FA65894:LeaderElection9] INFO  server.RaftServerConfigKeys (ConfUtils.java:logGet(43)) - raft.server.log.appender.buffer.element-limit = 1 (custom)
2019-09-25 08:43:17,203 [6c26676d-e3b4-4ef4-8acf-5b4b794af88e@group-03297FA65894:LeaderElection9] INFO  grpc.GrpcConfigKeys$Server (ConfUtils.java:logGet(43)) - raft.grpc.server.leader.outstanding.appends.max = 128 (default)
2019-09-25 08:43:17,203 [6c26676d-e3b4-4ef4-8acf-5b4b794af88e@group-03297FA65894:LeaderElection9] INFO  server.RaftServerConfigKeys (ConfUtils.java:logGet(43)) - raft.server.rpc.request.timeout = 3000ms (default)
2019-09-25 08:43:17,203 [6c26676d-e3b4-4ef4-8acf-5b4b794af88e@group-03297FA65894:LeaderElection9] INFO  server.RaftServerConfigKeys (ConfUtils.java:logGet(43)) - raft.server.log.appender.install.snapshot.enabled = false (custom)
2019-09-25 08:43:17,204 [6c26676d-e3b4-4ef4-8acf-5b4b794af88e@group-03297FA65894:LeaderElection9] INFO  server.RaftServerConfigKeys (ConfUtils.java:logGet(43)) - raft.server.log.appender.snapshot.chunk.size.max = 16MB (=16777216) (default)
2019-09-25 08:43:17,204 [6c26676d-e3b4-4ef4-8acf-5b4b794af88e@group-03297FA65894:LeaderElection9] INFO  server.RaftServerConfigKeys (ConfUtils.java:logGet(43)) - raft.server.log.appender.buffer.byte-limit = 33554432 (custom)
2019-09-25 08:43:17,204 [6c26676d-e3b4-4ef4-8acf-5b4b794af88e@group-03297FA65894:LeaderElection9] INFO  server.RaftServerConfigKeys (ConfUtils.java:logGet(43)) - raft.server.log.appender.buffer.element-limit = 1 (custom)
2019-09-25 08:43:17,206 [6c26676d-e3b4-4ef4-8acf-5b4b794af88e@group-03297FA65894:LeaderElection9] INFO  grpc.GrpcConfigKeys$Server (ConfUtils.java:logGet(43)) - raft.grpc.server.leader.outstanding.appends.max = 128 (default)
2019-09-25 08:43:17,206 [6c26676d-e3b4-4ef4-8acf-5b4b794af88e@group-03297FA65894:LeaderElection9] INFO  server.RaftServerConfigKeys (ConfUtils.java:logGet(43)) - raft.server.rpc.request.timeout = 3000ms (default)
2019-09-25 08:43:17,207 [6c26676d-e3b4-4ef4-8acf-5b4b794af88e@group-03297FA65894:LeaderElection9] INFO  server.RaftServerConfigKeys (ConfUtils.java:logGet(43)) - raft.server.log.appender.install.snapshot.enabled = false (custom)
2019-09-25 08:43:17,207 [6c26676d-e3b4-4ef4-8acf-5b4b794af88e@group-03297FA65894:LeaderElection9] INFO  impl.RoleInfo (RoleInfo.java:updateAndGet(143)) - 6c26676d-e3b4-4ef4-8acf-5b4b794af88e: start LeaderState
2019-09-25 08:43:17,207 [grpc-default-executor-7] INFO  impl.RaftServerImpl (ServerState.java:setRaftConf(354)) - dd1e4894-806d-4283-b3cc-ceb649e5b26f@group-780021735295: set configuration 0: [b0445327-5aa8-4723-b13f-0045c06a7051:192.168.36.126:40401, dd1e4894-806d-4283-b3cc-ceb649e5b26f:192.168.36.126:34305, 6c26676d-e3b4-4ef4-8acf-5b4b794af88e:192.168.36.126:46446], old=null at 0
2019-09-25 08:43:17,208 [6c26676d-e3b4-4ef4-8acf-5b4b794af88e@group-03297FA65894:LeaderElection9] INFO  segmented.SegmentedRaftLogWorker (SegmentedRaftLogWorker.java:startLogSegment(380)) - 6c26676d-e3b4-4ef4-8acf-5b4b794af88e@group-03297FA65894-SegmentedRaftLogWorker: Starting segment from index:0
2019-09-25 08:43:17,208 [grpc-default-executor-7] INFO  segmented.SegmentedRaftLogWorker (SegmentedRaftLogWorker.java:startLogSegment(380)) - dd1e4894-806d-4283-b3cc-ceb649e5b26f@group-780021735295-SegmentedRaftLogWorker: Starting segment from index:0
2019-09-25 08:43:17,208 [grpc-default-executor-2] INFO  impl.RaftServerImpl (ServerState.java:setRaftConf(354)) - b0445327-5aa8-4723-b13f-0045c06a7051@group-780021735295: set configuration 0: [b0445327-5aa8-4723-b13f-0045c06a7051:192.168.36.126:40401, dd1e4894-806d-4283-b3cc-ceb649e5b26f:192.168.36.126:34305, 6c26676d-e3b4-4ef4-8acf-5b4b794af88e:192.168.36.126:46446], old=null at 0
2019-09-25 08:43:17,209 [6c26676d-e3b4-4ef4-8acf-5b4b794af88e@group-03297FA65894:LeaderElection9] INFO  impl.RaftServerImpl (ServerState.java:setRaftConf(354)) - 6c26676d-e3b4-4ef4-8acf-5b4b794af88e@group-03297FA65894: set configuration 0: [b0445327-5aa8-4723-b13f-0045c06a7051:192.168.36.126:40401, dd1e4894-806d-4283-b3cc-ceb649e5b26f:192.168.36.126:34305, 6c26676d-e3b4-4ef4-8acf-5b4b794af88e:192.168.36.126:46446], old=null at 0
2019-09-25 08:43:17,209 [grpc-default-executor-2] INFO  segmented.SegmentedRaftLogWorker (SegmentedRaftLogWorker.java:startLogSegment(380)) - b0445327-5aa8-4723-b13f-0045c06a7051@group-780021735295-SegmentedRaftLogWorker: Starting segment from index:0
2019-09-25 08:43:17,211 [grpc-default-executor-7] INFO  impl.RaftServerImpl (ServerState.java:setLeader(253)) - dd1e4894-806d-4283-b3cc-ceb649e5b26f@group-03297FA65894: change Leader from null to 6c26676d-e3b4-4ef4-8acf-5b4b794af88e at term 1 for appendEntries, leader elected after 6701ms
2019-09-25 08:43:17,211 [grpc-default-executor-2] INFO  impl.RaftServerImpl (ServerState.java:setLeader(253)) - b0445327-5aa8-4723-b13f-0045c06a7051@group-03297FA65894: change Leader from null to 6c26676d-e3b4-4ef4-8acf-5b4b794af88e at term 1 for appendEntries, leader elected after 7768ms
2019-09-25 08:43:17,255 [grpc-default-executor-7] INFO  impl.RaftServerImpl (ServerState.java:setRaftConf(354)) - b0445327-5aa8-4723-b13f-0045c06a7051@group-03297FA65894: set configuration 0: [b0445327-5aa8-4723-b13f-0045c06a7051:192.168.36.126:40401, dd1e4894-806d-4283-b3cc-ceb649e5b26f:192.168.36.126:34305, 6c26676d-e3b4-4ef4-8acf-5b4b794af88e:192.168.36.126:46446], old=null at 0
2019-09-25 08:43:17,255 [grpc-default-executor-2] INFO  impl.RaftServerImpl (ServerState.java:setRaftConf(354)) - dd1e4894-806d-4283-b3cc-ceb649e5b26f@group-03297FA65894: set configuration 0: [b0445327-5aa8-4723-b13f-0045c06a7051:192.168.36.126:40401, dd1e4894-806d-4283-b3cc-ceb649e5b26f:192.168.36.126:34305, 6c26676d-e3b4-4ef4-8acf-5b4b794af88e:192.168.36.126:46446], old=null at 0
2019-09-25 08:43:17,255 [grpc-default-executor-7] INFO  segmented.SegmentedRaftLogWorker (SegmentedRaftLogWorker.java:startLogSegment(380)) - b0445327-5aa8-4723-b13f-0045c06a7051@group-03297FA65894-SegmentedRaftLogWorker: Starting segment from index:0
2019-09-25 08:43:17,256 [grpc-default-executor-2] INFO  segmented.SegmentedRaftLogWorker (SegmentedRaftLogWorker.java:startLogSegment(380)) - dd1e4894-806d-4283-b3cc-ceb649e5b26f@group-03297FA65894-SegmentedRaftLogWorker: Starting segment from index:0
2019-09-25 08:43:17,407 [6c26676d-e3b4-4ef4-8acf-5b4b794af88e@group-33D7D0D3770C:LeaderElection15] INFO  impl.LeaderElection (LeaderElection.java:askForVotes(182)) - 6c26676d-e3b4-4ef4-8acf-5b4b794af88e@group-33D7D0D3770C:LeaderElection15: begin an election at term 1 for -1: [b0445327-5aa8-4723-b13f-0045c06a7051:192.168.36.126:40401, dd1e4894-806d-4283-b3cc-ceb649e5b26f:192.168.36.126:34305, 6c26676d-e3b4-4ef4-8acf-5b4b794af88e:192.168.36.126:46446], old=null
2019-09-25 08:43:17,407 [6c26676d-e3b4-4ef4-8acf-5b4b794af88e@group-250BE772D41C:LeaderElection14] INFO  impl.LeaderElection (LeaderElection.java:askForVotes(182)) - 6c26676d-e3b4-4ef4-8acf-5b4b794af88e@group-250BE772D41C:LeaderElection14: begin an election at term 1 for -1: [b0445327-5aa8-4723-b13f-0045c06a7051:192.168.36.126:40401, dd1e4894-806d-4283-b3cc-ceb649e5b26f:192.168.36.126:34305, 6c26676d-e3b4-4ef4-8acf-5b4b794af88e:192.168.36.126:46446], old=null
2019-09-25 08:43:17,410 [b0445327-5aa8-4723-b13f-0045c06a7051@group-780021735295-SegmentedRaftLogWorker] INFO  segmented.SegmentedRaftLogWorker (SegmentedRaftLogWorker.java:execute(569)) - b0445327-5aa8-4723-b13f-0045c06a7051@group-780021735295-SegmentedRaftLogWorker: created new log segment /workdir/hadoop-ozone/ozonefs/target/test-dir/MiniOzoneClusterImpl-d4f0e99b-eb79-4745-ab8c-980425c864f9/datanode-1/data/ratis/fc8e546c-3cac-46a3-a0f1-780021735295/current/log_inprogress_0
2019-09-25 08:43:17,410 [dd1e4894-806d-4283-b3cc-ceb649e5b26f@group-03297FA65894-SegmentedRaftLogWorker] INFO  segmented.SegmentedRaftLogWorker (SegmentedRaftLogWorker.java:execute(569)) - dd1e4894-806d-4283-b3cc-ceb649e5b26f@group-03297FA65894-SegmentedRaftLogWorker: created new log segment /workdir/hadoop-ozone/ozonefs/target/test-dir/MiniOzoneClusterImpl-d4f0e99b-eb79-4745-ab8c-980425c864f9/datanode-3/data/ratis/0f2e7b30-5038-42f6-bb2f-03297fa65894/current/log_inprogress_0
2019-09-25 08:43:17,410 [6c26676d-e3b4-4ef4-8acf-5b4b794af88e@group-03297FA65894-SegmentedRaftLogWorker] INFO  segmented.SegmentedRaftLogWorker (SegmentedRaftLogWorker.java:execute(569)) - 6c26676d-e3b4-4ef4-8acf-5b4b794af88e@group-03297FA65894-SegmentedRaftLogWorker: created new log segment /workdir/hadoop-ozone/ozonefs/target/test-dir/MiniOzoneClusterImpl-d4f0e99b-eb79-4745-ab8c-980425c864f9/datanode-0/data/ratis/0f2e7b30-5038-42f6-bb2f-03297fa65894/current/log_inprogress_0
2019-09-25 08:43:17,410 [b0445327-5aa8-4723-b13f-0045c06a7051@group-03297FA65894-SegmentedRaftLogWorker] INFO  segmented.SegmentedRaftLogWorker (SegmentedRaftLogWorker.java:execute(569)) - b0445327-5aa8-4723-b13f-0045c06a7051@group-03297FA65894-SegmentedRaftLogWorker: created new log segment /workdir/hadoop-ozone/ozonefs/target/test-dir/MiniOzoneClusterImpl-d4f0e99b-eb79-4745-ab8c-980425c864f9/datanode-1/data/ratis/0f2e7b30-5038-42f6-bb2f-03297fa65894/current/log_inprogress_0
2019-09-25 08:43:17,410 [6c26676d-e3b4-4ef4-8acf-5b4b794af88e@group-780021735295-SegmentedRaftLogWorker] INFO  segmented.SegmentedRaftLogWorker (SegmentedRaftLogWorker.java:execute(569)) - 6c26676d-e3b4-4ef4-8acf-5b4b794af88e@group-780021735295-SegmentedRaftLogWorker: created new log segment /workdir/hadoop-ozone/ozonefs/target/test-dir/MiniOzoneClusterImpl-d4f0e99b-eb79-4745-ab8c-980425c864f9/datanode-0/data/ratis/fc8e546c-3cac-46a3-a0f1-780021735295/current/log_inprogress_0
2019-09-25 08:43:17,410 [dd1e4894-806d-4283-b3cc-ceb649e5b26f@group-780021735295-SegmentedRaftLogWorker] INFO  segmented.SegmentedRaftLogWorker (SegmentedRaftLogWorker.java:execute(569)) - dd1e4894-806d-4283-b3cc-ceb649e5b26f@group-780021735295-SegmentedRaftLogWorker: created new log segment /workdir/hadoop-ozone/ozonefs/target/test-dir/MiniOzoneClusterImpl-d4f0e99b-eb79-4745-ab8c-980425c864f9/datanode-3/data/ratis/fc8e546c-3cac-46a3-a0f1-780021735295/current/log_inprogress_0
2019-09-25 08:43:17,415 [6c26676d-e3b4-4ef4-8acf-5b4b794af88e@group-F574EF683A41:LeaderElection13] INFO  impl.LeaderElection (LeaderElection.java:logAndReturn(56)) - 6c26676d-e3b4-4ef4-8acf-5b4b794af88e@group-F574EF683A41:LeaderElection13: Election PASSED; received 2 response(s) [6c26676d-e3b4-4ef4-8acf-5b4b794af88e<-b0445327-5aa8-4723-b13f-0045c06a7051#0:FAIL-t1, 6c26676d-e3b4-4ef4-8acf-5b4b794af88e<-dd1e4894-806d-4283-b3cc-ceb649e5b26f#0:OK-t1] and 0 exception(s); 6c26676d-e3b4-4ef4-8acf-5b4b794af88e@group-F574EF683A41:t1, leader=null, voted=6c26676d-e3b4-4ef4-8acf-5b4b794af88e, raftlog=6c26676d-e3b4-4ef4-8acf-5b4b794af88e@group-F574EF683A41-SegmentedRaftLog:OPENED:c-1,f-1,i0, conf=-1: [b0445327-5aa8-4723-b13f-0045c06a7051:192.168.36.126:40401, dd1e4894-806d-4283-b3cc-ceb649e5b26f:192.168.36.126:34305, 6c26676d-e3b4-4ef4-8acf-5b4b794af88e:192.168.36.126:46446], old=null
2019-09-25 08:43:17,415 [6c26676d-e3b4-4ef4-8acf-5b4b794af88e@group-F574EF683A41:LeaderElection13] INFO  impl.RoleInfo (RoleInfo.java:shutdownLeaderElection(134)) - 6c26676d-e3b4-4ef4-8acf-5b4b794af88e: shutdown LeaderElection
2019-09-25 08:43:17,415 [6c26676d-e3b4-4ef4-8acf-5b4b794af88e@group-F574EF683A41:LeaderElection13] INFO  impl.RaftServerImpl (RaftServerImpl.java:setRole(174)) - 6c26676d-e3b4-4ef4-8acf-5b4b794af88e@group-F574EF683A41: changes role from CANDIDATE to LEADER at term 1 for changeToLeader
2019-09-25 08:43:17,415 [6c26676d-e3b4-4ef4-8acf-5b4b794af88e@group-F574EF683A41:LeaderElection13] INFO  impl.RaftServerImpl (ServerState.java:setLeader(253)) - 6c26676d-e3b4-4ef4-8acf-5b4b794af88e@group-F574EF683A41: change Leader from null to 6c26676d-e3b4-4ef4-8acf-5b4b794af88e at term 1 for becomeLeader, leader elected after 6111ms
2019-09-25 08:43:17,415 [6c26676d-e3b4-4ef4-8acf-5b4b794af88e@group-F574EF683A41:LeaderElection13] INFO  server.RaftServerConfigKeys (ConfUtils.java:logGet(43)) - raft.server.staging.catchup.gap = 1000 (default)
2019-09-25 08:43:17,416 [6c26676d-e3b4-4ef4-8acf-5b4b794af88e@group-F574EF683A41:LeaderElection13] INFO  server.RaftServerConfigKeys (ConfUtils.java:logGet(43)) - raft.server.rpc.sleep.time = 25ms (default)
2019-09-25 08:43:17,416 [6c26676d-e3b4-4ef4-8acf-5b4b794af88e@group-F574EF683A41:LeaderElection13] INFO  server.RaftServerConfigKeys (ConfUtils.java:logGet(43)) - raft.server.write.element-limit = 4096 (default)
2019-09-25 08:43:17,416 [6c26676d-e3b4-4ef4-8acf-5b4b794af88e@group-F574EF683A41:LeaderElection13] INFO  server.RaftServerConfigKeys (ConfUtils.java:logGet(43)) - raft.server.watch.timeout = 10s (default)
2019-09-25 08:43:17,416 [b0445327-5aa8-4723-b13f-0045c06a7051@group-250BE772D41C:LeaderElection11] INFO  impl.LeaderElection (LeaderElection.java:logAndReturn(56)) - b0445327-5aa8-4723-b13f-0045c06a7051@group-250BE772D41C:LeaderElection11: Election PASSED; received 2 response(s) [b0445327-5aa8-4723-b13f-0045c06a7051<-dd1e4894-806d-4283-b3cc-ceb649e5b26f#0:OK-t1, b0445327-5aa8-4723-b13f-0045c06a7051<-6c26676d-e3b4-4ef4-8acf-5b4b794af88e#0:FAIL-t1] and 0 exception(s); b0445327-5aa8-4723-b13f-0045c06a7051@group-250BE772D41C:t1, leader=null, voted=b0445327-5aa8-4723-b13f-0045c06a7051, raftlog=b0445327-5aa8-4723-b13f-0045c06a7051@group-250BE772D41C-SegmentedRaftLog:OPENED:c-1,f-1,i0, conf=-1: [b0445327-5aa8-4723-b13f-0045c06a7051:192.168.36.126:40401, dd1e4894-806d-4283-b3cc-ceb649e5b26f:192.168.36.126:34305, 6c26676d-e3b4-4ef4-8acf-5b4b794af88e:192.168.36.126:46446], old=null
2019-09-25 08:43:17,418 [b0445327-5aa8-4723-b13f-0045c06a7051@group-F574EF683A41:LeaderElection12] INFO  impl.LeaderElection (LeaderElection.java:logAndReturn(56)) - b0445327-5aa8-4723-b13f-0045c06a7051@group-F574EF683A41:LeaderElection12: Election REJECTED; received 2 response(s) [b0445327-5aa8-4723-b13f-0045c06a7051<-dd1e4894-806d-4283-b3cc-ceb649e5b26f#0:FAIL-t1, b0445327-5aa8-4723-b13f-0045c06a7051<-6c26676d-e3b4-4ef4-8acf-5b4b794af88e#0:FAIL-t1] and 0 exception(s); b0445327-5aa8-4723-b13f-0045c06a7051@group-F574EF683A41:t1, leader=null, voted=b0445327-5aa8-4723-b13f-0045c06a7051, raftlog=b0445327-5aa8-4723-b13f-0045c06a7051@group-F574EF683A41-SegmentedRaftLog:OPENED:c-1,f-1,i0, conf=-1: [b0445327-5aa8-4723-b13f-0045c06a7051:192.168.36.126:40401, dd1e4894-806d-4283-b3cc-ceb649e5b26f:192.168.36.126:34305, 6c26676d-e3b4-4ef4-8acf-5b4b794af88e:192.168.36.126:46446], old=null
2019-09-25 08:43:17,416 [6c26676d-e3b4-4ef4-8acf-5b4b794af88e@group-F574EF683A41:LeaderElection13] INFO  server.RaftServerConfigKeys (ConfUtils.java:logGet(43)) - raft.server.watch.timeout.denomination = 1s (default)
2019-09-25 08:43:17,419 [b0445327-5aa8-4723-b13f-0045c06a7051@group-F574EF683A41:LeaderElection12] INFO  impl.RaftServerImpl (RaftServerImpl.java:setRole(174)) - b0445327-5aa8-4723-b13f-0045c06a7051@group-F574EF683A41: changes role from CANDIDATE to FOLLOWER at term 1 for DISCOVERED_A_NEW_TERM
2019-09-25 08:43:17,423 [b0445327-5aa8-4723-b13f-0045c06a7051@group-F574EF683A41:LeaderElection12] INFO  impl.RoleInfo (RoleInfo.java:shutdownLeaderElection(134)) - b0445327-5aa8-4723-b13f-0045c06a7051: shutdown LeaderElection
2019-09-25 08:43:17,418 [b0445327-5aa8-4723-b13f-0045c06a7051@group-250BE772D41C:LeaderElection11] INFO  impl.RoleInfo (RoleInfo.java:shutdownLeaderElection(134)) - b0445327-5aa8-4723-b13f-0045c06a7051: shutdown LeaderElection
2019-09-25 08:43:17,423 [b0445327-5aa8-4723-b13f-0045c06a7051@group-33D7D0D3770C:LeaderElection10] INFO  impl.LeaderElection (LeaderElection.java:logAndReturn(56)) - b0445327-5aa8-4723-b13f-0045c06a7051@group-33D7D0D3770C:LeaderElection10: Election PASSED; received 2 response(s) [b0445327-5aa8-4723-b13f-0045c06a7051<-dd1e4894-806d-4283-b3cc-ceb649e5b26f#0:OK-t1, b0445327-5aa8-4723-b13f-0045c06a7051<-6c26676d-e3b4-4ef4-8acf-5b4b794af88e#0:FAIL-t1] and 0 exception(s); b0445327-5aa8-4723-b13f-0045c06a7051@group-33D7D0D3770C:t1, leader=null, voted=b0445327-5aa8-4723-b13f-0045c06a7051, raftlog=b0445327-5aa8-4723-b13f-0045c06a7051@group-33D7D0D3770C-SegmentedRaftLog:OPENED:c-1,f-1,i0, conf=-1: [b0445327-5aa8-4723-b13f-0045c06a7051:192.168.36.126:40401, dd1e4894-806d-4283-b3cc-ceb649e5b26f:192.168.36.126:34305, 6c26676d-e3b4-4ef4-8acf-5b4b794af88e:192.168.36.126:46446], old=null
2019-09-25 08:43:17,423 [b0445327-5aa8-4723-b13f-0045c06a7051@group-F574EF683A41:LeaderElection12] INFO  impl.RoleInfo (RoleInfo.java:updateAndGet(143)) - b0445327-5aa8-4723-b13f-0045c06a7051: start FollowerState
2019-09-25 08:43:17,423 [6c26676d-e3b4-4ef4-8acf-5b4b794af88e@group-F574EF683A41:LeaderElection13] INFO  server.RaftServerConfigKeys (ConfUtils.java:logGet(43)) - raft.server.watch.element-limit = 65536 (default)
2019-09-25 08:43:17,423 [b0445327-5aa8-4723-b13f-0045c06a7051@group-33D7D0D3770C:LeaderElection10] INFO  impl.RoleInfo (RoleInfo.java:shutdownLeaderElection(134)) - b0445327-5aa8-4723-b13f-0045c06a7051: shutdown LeaderElection
2019-09-25 08:43:17,423 [b0445327-5aa8-4723-b13f-0045c06a7051@group-250BE772D41C:LeaderElection11] INFO  impl.RaftServerImpl (RaftServerImpl.java:setRole(174)) - b0445327-5aa8-4723-b13f-0045c06a7051@group-250BE772D41C: changes role from CANDIDATE to LEADER at term 1 for changeToLeader
2019-09-25 08:43:17,427 [b0445327-5aa8-4723-b13f-0045c06a7051@group-250BE772D41C:LeaderElection11] INFO  impl.RaftServerImpl (ServerState.java:setLeader(253)) - b0445327-5aa8-4723-b13f-0045c06a7051@group-250BE772D41C: change Leader from null to b0445327-5aa8-4723-b13f-0045c06a7051 at term 1 for becomeLeader, leader elected after 5831ms
2019-09-25 08:43:17,425 [b0445327-5aa8-4723-b13f-0045c06a7051@group-33D7D0D3770C:LeaderElection10] INFO  impl.RaftServerImpl (RaftServerImpl.java:setRole(174)) - b0445327-5aa8-4723-b13f-0045c06a7051@group-33D7D0D3770C: changes role from CANDIDATE to LEADER at term 1 for changeToLeader
2019-09-25 08:43:17,431 [b0445327-5aa8-4723-b13f-0045c06a7051@group-250BE772D41C:LeaderElection11] INFO  server.RaftServerConfigKeys (ConfUtils.java:logGet(43)) - raft.server.staging.catchup.gap = 1000 (default)
2019-09-25 08:43:17,431 [b0445327-5aa8-4723-b13f-0045c06a7051@group-33D7D0D3770C:LeaderElection10] INFO  impl.RaftServerImpl (ServerState.java:setLeader(253)) - b0445327-5aa8-4723-b13f-0045c06a7051@group-33D7D0D3770C: change Leader from null to b0445327-5aa8-4723-b13f-0045c06a7051 at term 1 for becomeLeader, leader elected after 6920ms
2019-09-25 08:43:17,431 [b0445327-5aa8-4723-b13f-0045c06a7051@group-250BE772D41C:LeaderElection11] INFO  server.RaftServerConfigKeys (ConfUtils.java:logGet(43)) - raft.server.rpc.sleep.time = 25ms (default)
2019-09-25 08:43:17,431 [b0445327-5aa8-4723-b13f-0045c06a7051@group-33D7D0D3770C:LeaderElection10] INFO  server.RaftServerConfigKeys (ConfUtils.java:logGet(43)) - raft.server.staging.catchup.gap = 1000 (default)
2019-09-25 08:43:17,432 [b0445327-5aa8-4723-b13f-0045c06a7051@group-250BE772D41C:LeaderElection11] INFO  server.RaftServerConfigKeys (ConfUtils.java:logGet(43)) - raft.server.write.element-limit = 4096 (default)
2019-09-25 08:43:17,432 [b0445327-5aa8-4723-b13f-0045c06a7051@group-33D7D0D3770C:LeaderElection10] INFO  server.RaftServerConfigKeys (ConfUtils.java:logGet(43)) - raft.server.rpc.sleep.time = 25ms (default)
2019-09-25 08:43:17,432 [b0445327-5aa8-4723-b13f-0045c06a7051@group-250BE772D41C:LeaderElection11] INFO  server.RaftServerConfigKeys (ConfUtils.java:logGet(43)) - raft.server.watch.timeout = 10s (default)
2019-09-25 08:43:17,432 [b0445327-5aa8-4723-b13f-0045c06a7051@group-33D7D0D3770C:LeaderElection10] INFO  server.RaftServerConfigKeys (ConfUtils.java:logGet(43)) - raft.server.write.element-limit = 4096 (default)
2019-09-25 08:43:17,432 [b0445327-5aa8-4723-b13f-0045c06a7051@group-250BE772D41C:LeaderElection11] INFO  server.RaftServerConfigKeys (ConfUtils.java:logGet(43)) - raft.server.watch.timeout.denomination = 1s (default)
2019-09-25 08:43:17,432 [b0445327-5aa8-4723-b13f-0045c06a7051@group-33D7D0D3770C:LeaderElection10] INFO  server.RaftServerConfigKeys (ConfUtils.java:logGet(43)) - raft.server.watch.timeout = 10s (default)
2019-09-25 08:43:17,432 [b0445327-5aa8-4723-b13f-0045c06a7051@group-250BE772D41C:LeaderElection11] INFO  server.RaftServerConfigKeys (ConfUtils.java:logGet(43)) - raft.server.watch.element-limit = 65536 (default)
2019-09-25 08:43:17,433 [b0445327-5aa8-4723-b13f-0045c06a7051@group-33D7D0D3770C:LeaderElection10] INFO  server.RaftServerConfigKeys (ConfUtils.java:logGet(43)) - raft.server.watch.timeout.denomination = 1s (default)
2019-09-25 08:43:17,433 [b0445327-5aa8-4723-b13f-0045c06a7051@group-33D7D0D3770C:LeaderElection10] INFO  server.RaftServerConfigKeys (ConfUtils.java:logGet(43)) - raft.server.watch.element-limit = 65536 (default)
2019-09-25 08:43:17,434 [6c26676d-e3b4-4ef4-8acf-5b4b794af88e@group-F574EF683A41:LeaderElection13] INFO  server.RaftServerConfigKeys (ConfUtils.java:logGet(43)) - raft.server.log.appender.snapshot.chunk.size.max = 16MB (=16777216) (default)
2019-09-25 08:43:17,434 [6c26676d-e3b4-4ef4-8acf-5b4b794af88e@group-F574EF683A41:LeaderElection13] INFO  server.RaftServerConfigKeys (ConfUtils.java:logGet(43)) - raft.server.log.appender.buffer.byte-limit = 33554432 (custom)
2019-09-25 08:43:17,434 [6c26676d-e3b4-4ef4-8acf-5b4b794af88e@group-F574EF683A41:LeaderElection13] INFO  server.RaftServerConfigKeys (ConfUtils.java:logGet(43)) - raft.server.log.appender.buffer.element-limit = 1 (custom)
2019-09-25 08:43:17,434 [6c26676d-e3b4-4ef4-8acf-5b4b794af88e@group-F574EF683A41:LeaderElection13] INFO  grpc.GrpcConfigKeys$Server (ConfUtils.java:logGet(43)) - raft.grpc.server.leader.outstanding.appends.max = 128 (default)
2019-09-25 08:43:17,435 [6c26676d-e3b4-4ef4-8acf-5b4b794af88e@group-F574EF683A41:LeaderElection13] INFO  server.RaftServerConfigKeys (ConfUtils.java:logGet(43)) - raft.server.rpc.request.timeout = 3000ms (default)
2019-09-25 08:43:17,435 [6c26676d-e3b4-4ef4-8acf-5b4b794af88e@group-F574EF683A41:LeaderElection13] INFO  server.RaftServerConfigKeys (ConfUtils.java:logGet(43)) - raft.server.log.appender.install.snapshot.enabled = false (custom)
2019-09-25 08:43:17,435 [6c26676d-e3b4-4ef4-8acf-5b4b794af88e@group-F574EF683A41:LeaderElection13] INFO  server.RaftServerConfigKeys (ConfUtils.java:logGet(43)) - raft.server.log.appender.snapshot.chunk.size.max = 16MB (=16777216) (default)
2019-09-25 08:43:17,436 [6c26676d-e3b4-4ef4-8acf-5b4b794af88e@group-F574EF683A41:LeaderElection13] INFO  server.RaftServerConfigKeys (ConfUtils.java:logGet(43)) - raft.server.log.appender.buffer.byte-limit = 33554432 (custom)
2019-09-25 08:43:17,436 [6c26676d-e3b4-4ef4-8acf-5b4b794af88e@group-F574EF683A41:LeaderElection13] INFO  server.RaftServerConfigKeys (ConfUtils.java:logGet(43)) - raft.server.log.appender.buffer.element-limit = 1 (custom)
2019-09-25 08:43:17,436 [6c26676d-e3b4-4ef4-8acf-5b4b794af88e@group-F574EF683A41:LeaderElection13] INFO  grpc.GrpcConfigKeys$Server (ConfUtils.java:logGet(43)) - raft.grpc.server.leader.outstanding.appends.max = 128 (default)
2019-09-25 08:43:17,436 [b0445327-5aa8-4723-b13f-0045c06a7051@group-250BE772D41C:LeaderElection11] INFO  server.RaftServerConfigKeys (ConfUtils.java:logGet(43)) - raft.server.log.appender.snapshot.chunk.size.max = 16MB (=16777216) (default)
2019-09-25 08:43:17,437 [b0445327-5aa8-4723-b13f-0045c06a7051@group-33D7D0D3770C:LeaderElection10] INFO  server.RaftServerConfigKeys (ConfUtils.java:logGet(43)) - raft.server.log.appender.snapshot.chunk.size.max = 16MB (=16777216) (default)
2019-09-25 08:43:17,436 [6c26676d-e3b4-4ef4-8acf-5b4b794af88e@group-F574EF683A41:LeaderElection13] INFO  server.RaftServerConfigKeys (ConfUtils.java:logGet(43)) - raft.server.rpc.request.timeout = 3000ms (default)
2019-09-25 08:43:17,437 [b0445327-5aa8-4723-b13f-0045c06a7051@group-33D7D0D3770C:LeaderElection10] INFO  server.RaftServerConfigKeys (ConfUtils.java:logGet(43)) - raft.server.log.appender.buffer.byte-limit = 33554432 (custom)
2019-09-25 08:43:17,437 [b0445327-5aa8-4723-b13f-0045c06a7051@group-250BE772D41C:LeaderElection11] INFO  server.RaftServerConfigKeys (ConfUtils.java:logGet(43)) - raft.server.log.appender.buffer.byte-limit = 33554432 (custom)
2019-09-25 08:43:17,437 [b0445327-5aa8-4723-b13f-0045c06a7051@group-33D7D0D3770C:LeaderElection10] INFO  server.RaftServerConfigKeys (ConfUtils.java:logGet(43)) - raft.server.log.appender.buffer.element-limit = 1 (custom)
2019-09-25 08:43:17,437 [6c26676d-e3b4-4ef4-8acf-5b4b794af88e@group-F574EF683A41:LeaderElection13] INFO  server.RaftServerConfigKeys (ConfUtils.java:logGet(43)) - raft.server.log.appender.install.snapshot.enabled = false (custom)
2019-09-25 08:43:17,438 [b0445327-5aa8-4723-b13f-0045c06a7051@group-33D7D0D3770C:LeaderElection10] INFO  grpc.GrpcConfigKeys$Server (ConfUtils.java:logGet(43)) - raft.grpc.server.leader.outstanding.appends.max = 128 (default)
2019-09-25 08:43:17,437 [b0445327-5aa8-4723-b13f-0045c06a7051@group-250BE772D41C:LeaderElection11] INFO  server.RaftServerConfigKeys (ConfUtils.java:logGet(43)) - raft.server.log.appender.buffer.element-limit = 1 (custom)
2019-09-25 08:43:17,438 [6c26676d-e3b4-4ef4-8acf-5b4b794af88e@group-F574EF683A41:LeaderElection13] INFO  impl.RoleInfo (RoleInfo.java:updateAndGet(143)) - 6c26676d-e3b4-4ef4-8acf-5b4b794af88e: start LeaderState
2019-09-25 08:43:17,438 [b0445327-5aa8-4723-b13f-0045c06a7051@group-33D7D0D3770C:LeaderElection10] INFO  server.RaftServerConfigKeys (ConfUtils.java:logGet(43)) - raft.server.rpc.request.timeout = 3000ms (default)
2019-09-25 08:43:17,438 [6c26676d-e3b4-4ef4-8acf-5b4b794af88e@group-F574EF683A41:LeaderElection13] INFO  segmented.SegmentedRaftLogWorker (SegmentedRaftLogWorker.java:startLogSegment(380)) - 6c26676d-e3b4-4ef4-8acf-5b4b794af88e@group-F574EF683A41-SegmentedRaftLogWorker: Starting segment from index:0
2019-09-25 08:43:17,438 [b0445327-5aa8-4723-b13f-0045c06a7051@group-250BE772D41C:LeaderElection11] INFO  grpc.GrpcConfigKeys$Server (ConfUtils.java:logGet(43)) - raft.grpc.server.leader.outstanding.appends.max = 128 (default)
2019-09-25 08:43:17,438 [b0445327-5aa8-4723-b13f-0045c06a7051@group-33D7D0D3770C:LeaderElection10] INFO  server.RaftServerConfigKeys (ConfUtils.java:logGet(43)) - raft.server.log.appender.install.snapshot.enabled = false (custom)
2019-09-25 08:43:17,439 [b0445327-5aa8-4723-b13f-0045c06a7051@group-250BE772D41C:LeaderElection11] INFO  server.RaftServerConfigKeys (ConfUtils.java:logGet(43)) - raft.server.rpc.request.timeout = 3000ms (default)
2019-09-25 08:43:17,439 [b0445327-5aa8-4723-b13f-0045c06a7051@group-250BE772D41C:LeaderElection11] INFO  server.RaftServerConfigKeys (ConfUtils.java:logGet(43)) - raft.server.log.appender.install.snapshot.enabled = false (custom)
2019-09-25 08:43:17,439 [b0445327-5aa8-4723-b13f-0045c06a7051@group-33D7D0D3770C:LeaderElection10] INFO  server.RaftServerConfigKeys (ConfUtils.java:logGet(43)) - raft.server.log.appender.snapshot.chunk.size.max = 16MB (=16777216) (default)
2019-09-25 08:43:17,475 [b0445327-5aa8-4723-b13f-0045c06a7051@group-250BE772D41C:LeaderElection11] INFO  server.RaftServerConfigKeys (ConfUtils.java:logGet(43)) - raft.server.log.appender.snapshot.chunk.size.max = 16MB (=16777216) (default)
2019-09-25 08:43:17,439 [6c26676d-e3b4-4ef4-8acf-5b4b794af88e@group-F574EF683A41:LeaderElection13] INFO  impl.RaftServerImpl (ServerState.java:setRaftConf(354)) - 6c26676d-e3b4-4ef4-8acf-5b4b794af88e@group-F574EF683A41: set configuration 0: [b0445327-5aa8-4723-b13f-0045c06a7051:192.168.36.126:40401, dd1e4894-806d-4283-b3cc-ceb649e5b26f:192.168.36.126:34305, 6c26676d-e3b4-4ef4-8acf-5b4b794af88e:192.168.36.126:46446], old=null at 0
2019-09-25 08:43:17,476 [b0445327-5aa8-4723-b13f-0045c06a7051@group-250BE772D41C:LeaderElection11] INFO  server.RaftServerConfigKeys (ConfUtils.java:logGet(43)) - raft.server.log.appender.buffer.byte-limit = 33554432 (custom)
2019-09-25 08:43:17,475 [b0445327-5aa8-4723-b13f-0045c06a7051@group-33D7D0D3770C:LeaderElection10] INFO  server.RaftServerConfigKeys (ConfUtils.java:logGet(43)) - raft.server.log.appender.buffer.byte-limit = 33554432 (custom)
2019-09-25 08:43:17,476 [b0445327-5aa8-4723-b13f-0045c06a7051@group-250BE772D41C:LeaderElection11] INFO  server.RaftServerConfigKeys (ConfUtils.java:logGet(43)) - raft.server.log.appender.buffer.element-limit = 1 (custom)
2019-09-25 08:43:17,476 [b0445327-5aa8-4723-b13f-0045c06a7051@group-33D7D0D3770C:LeaderElection10] INFO  server.RaftServerConfigKeys (ConfUtils.java:logGet(43)) - raft.server.log.appender.buffer.element-limit = 1 (custom)
2019-09-25 08:43:17,477 [b0445327-5aa8-4723-b13f-0045c06a7051@group-250BE772D41C:LeaderElection11] INFO  grpc.GrpcConfigKeys$Server (ConfUtils.java:logGet(43)) - raft.grpc.server.leader.outstanding.appends.max = 128 (default)
2019-09-25 08:43:17,477 [b0445327-5aa8-4723-b13f-0045c06a7051@group-33D7D0D3770C:LeaderElection10] INFO  grpc.GrpcConfigKeys$Server (ConfUtils.java:logGet(43)) - raft.grpc.server.leader.outstanding.appends.max = 128 (default)
2019-09-25 08:43:17,477 [b0445327-5aa8-4723-b13f-0045c06a7051@group-250BE772D41C:LeaderElection11] INFO  server.RaftServerConfigKeys (ConfUtils.java:logGet(43)) - raft.server.rpc.request.timeout = 3000ms (default)
2019-09-25 08:43:17,477 [b0445327-5aa8-4723-b13f-0045c06a7051@group-33D7D0D3770C:LeaderElection10] INFO  server.RaftServerConfigKeys (ConfUtils.java:logGet(43)) - raft.server.rpc.request.timeout = 3000ms (default)
2019-09-25 08:43:17,478 [b0445327-5aa8-4723-b13f-0045c06a7051@group-250BE772D41C:LeaderElection11] INFO  server.RaftServerConfigKeys (ConfUtils.java:logGet(43)) - raft.server.log.appender.install.snapshot.enabled = false (custom)
2019-09-25 08:43:17,478 [b0445327-5aa8-4723-b13f-0045c06a7051@group-33D7D0D3770C:LeaderElection10] INFO  server.RaftServerConfigKeys (ConfUtils.java:logGet(43)) - raft.server.log.appender.install.snapshot.enabled = false (custom)
2019-09-25 08:43:17,478 [b0445327-5aa8-4723-b13f-0045c06a7051@group-250BE772D41C:LeaderElection11] INFO  impl.RoleInfo (RoleInfo.java:updateAndGet(143)) - b0445327-5aa8-4723-b13f-0045c06a7051: start LeaderState
2019-09-25 08:43:17,478 [b0445327-5aa8-4723-b13f-0045c06a7051@group-33D7D0D3770C:LeaderElection10] INFO  impl.RoleInfo (RoleInfo.java:updateAndGet(143)) - b0445327-5aa8-4723-b13f-0045c06a7051: start LeaderState
2019-09-25 08:43:17,478 [b0445327-5aa8-4723-b13f-0045c06a7051@group-250BE772D41C:LeaderElection11] INFO  segmented.SegmentedRaftLogWorker (SegmentedRaftLogWorker.java:startLogSegment(380)) - b0445327-5aa8-4723-b13f-0045c06a7051@group-250BE772D41C-SegmentedRaftLogWorker: Starting segment from index:0
2019-09-25 08:43:17,478 [b0445327-5aa8-4723-b13f-0045c06a7051@group-33D7D0D3770C:LeaderElection10] INFO  segmented.SegmentedRaftLogWorker (SegmentedRaftLogWorker.java:startLogSegment(380)) - b0445327-5aa8-4723-b13f-0045c06a7051@group-33D7D0D3770C-SegmentedRaftLogWorker: Starting segment from index:0
2019-09-25 08:43:17,479 [grpc-default-executor-6] INFO  impl.RaftServerImpl (ServerState.java:setLeader(253)) - dd1e4894-806d-4283-b3cc-ceb649e5b26f@group-F574EF683A41: change Leader from null to 6c26676d-e3b4-4ef4-8acf-5b4b794af88e at term 1 for appendEntries, leader elected after 5882ms
2019-09-25 08:43:17,479 [grpc-default-executor-4] INFO  impl.RaftServerImpl (ServerState.java:setLeader(253)) - b0445327-5aa8-4723-b13f-0045c06a7051@group-F574EF683A41: change Leader from null to 6c26676d-e3b4-4ef4-8acf-5b4b794af88e at term 1 for appendEntries, leader elected after 6375ms
2019-09-25 08:43:17,480 [b0445327-5aa8-4723-b13f-0045c06a7051@group-250BE772D41C:LeaderElection11] INFO  impl.RaftServerImpl (ServerState.java:setRaftConf(354)) - b0445327-5aa8-4723-b13f-0045c06a7051@group-250BE772D41C: set configuration 0: [b0445327-5aa8-4723-b13f-0045c06a7051:192.168.36.126:40401, dd1e4894-806d-4283-b3cc-ceb649e5b26f:192.168.36.126:34305, 6c26676d-e3b4-4ef4-8acf-5b4b794af88e:192.168.36.126:46446], old=null at 0
2019-09-25 08:43:17,480 [grpc-default-executor-1] INFO  impl.RaftServerImpl (RaftServerImpl.java:requestVote(758)) - b0445327-5aa8-4723-b13f-0045c06a7051@group-250BE772D41C-   LEADER: Withhold vote from candidate 6c26676d-e3b4-4ef4-8acf-5b4b794af88e with term 1. State: leader=b0445327-5aa8-4723-b13f-0045c06a7051, term=1, lastRpcElapsed=null
2019-09-25 08:43:17,481 [b0445327-5aa8-4723-b13f-0045c06a7051@group-33D7D0D3770C:LeaderElection10] INFO  impl.RaftServerImpl (ServerState.java:setRaftConf(354)) - b0445327-5aa8-4723-b13f-0045c06a7051@group-33D7D0D3770C: set configuration 0: [b0445327-5aa8-4723-b13f-0045c06a7051:192.168.36.126:40401, dd1e4894-806d-4283-b3cc-ceb649e5b26f:192.168.36.126:34305, 6c26676d-e3b4-4ef4-8acf-5b4b794af88e:192.168.36.126:46446], old=null at 0
2019-09-25 08:43:17,481 [grpc-default-executor-0] INFO  impl.RaftServerImpl (RaftServerImpl.java:requestVote(758)) - b0445327-5aa8-4723-b13f-0045c06a7051@group-33D7D0D3770C-   LEADER: Withhold vote from candidate 6c26676d-e3b4-4ef4-8acf-5b4b794af88e with term 1. State: leader=b0445327-5aa8-4723-b13f-0045c06a7051, term=1, lastRpcElapsed=null
2019-09-25 08:43:17,516 [grpc-default-executor-1] INFO  impl.RaftServerImpl (ServerState.java:setLeader(253)) - dd1e4894-806d-4283-b3cc-ceb649e5b26f@group-250BE772D41C: change Leader from null to b0445327-5aa8-4723-b13f-0045c06a7051 at term 1 for appendEntries, leader elected after 5202ms
2019-09-25 08:43:17,517 [6c26676d-e3b4-4ef4-8acf-5b4b794af88e@group-250BE772D41C:LeaderElection14] INFO  impl.LeaderElection (LeaderElection.java:logAndReturn(56)) - 6c26676d-e3b4-4ef4-8acf-5b4b794af88e@group-250BE772D41C:LeaderElection14: Election REJECTED; received 2 response(s) [6c26676d-e3b4-4ef4-8acf-5b4b794af88e<-b0445327-5aa8-4723-b13f-0045c06a7051#0:FAIL-t1, 6c26676d-e3b4-4ef4-8acf-5b4b794af88e<-dd1e4894-806d-4283-b3cc-ceb649e5b26f#0:FAIL-t1] and 0 exception(s); 6c26676d-e3b4-4ef4-8acf-5b4b794af88e@group-250BE772D41C:t1, leader=null, voted=6c26676d-e3b4-4ef4-8acf-5b4b794af88e, raftlog=6c26676d-e3b4-4ef4-8acf-5b4b794af88e@group-250BE772D41C-SegmentedRaftLog:OPENED:c-1,f-1,i0, conf=-1: [b0445327-5aa8-4723-b13f-0045c06a7051:192.168.36.126:40401, dd1e4894-806d-4283-b3cc-ceb649e5b26f:192.168.36.126:34305, 6c26676d-e3b4-4ef4-8acf-5b4b794af88e:192.168.36.126:46446], old=null
2019-09-25 08:43:17,517 [6c26676d-e3b4-4ef4-8acf-5b4b794af88e@group-250BE772D41C:LeaderElection14] INFO  impl.RaftServerImpl (RaftServerImpl.java:setRole(174)) - 6c26676d-e3b4-4ef4-8acf-5b4b794af88e@group-250BE772D41C: changes role from CANDIDATE to FOLLOWER at term 1 for DISCOVERED_A_NEW_TERM
2019-09-25 08:43:17,520 [6c26676d-e3b4-4ef4-8acf-5b4b794af88e@group-250BE772D41C:LeaderElection14] INFO  impl.RoleInfo (RoleInfo.java:shutdownLeaderElection(134)) - 6c26676d-e3b4-4ef4-8acf-5b4b794af88e: shutdown LeaderElection
2019-09-25 08:43:17,520 [6c26676d-e3b4-4ef4-8acf-5b4b794af88e@group-33D7D0D3770C:LeaderElection15] INFO  impl.LeaderElection (LeaderElection.java:logAndReturn(56)) - 6c26676d-e3b4-4ef4-8acf-5b4b794af88e@group-33D7D0D3770C:LeaderElection15: Election REJECTED; received 2 response(s) [6c26676d-e3b4-4ef4-8acf-5b4b794af88e<-b0445327-5aa8-4723-b13f-0045c06a7051#0:FAIL-t1, 6c26676d-e3b4-4ef4-8acf-5b4b794af88e<-dd1e4894-806d-4283-b3cc-ceb649e5b26f#0:FAIL-t1] and 0 exception(s); 6c26676d-e3b4-4ef4-8acf-5b4b794af88e@group-33D7D0D3770C:t1, leader=null, voted=6c26676d-e3b4-4ef4-8acf-5b4b794af88e, raftlog=6c26676d-e3b4-4ef4-8acf-5b4b794af88e@group-33D7D0D3770C-SegmentedRaftLog:OPENED:c-1,f-1,i0, conf=-1: [b0445327-5aa8-4723-b13f-0045c06a7051:192.168.36.126:40401, dd1e4894-806d-4283-b3cc-ceb649e5b26f:192.168.36.126:34305, 6c26676d-e3b4-4ef4-8acf-5b4b794af88e:192.168.36.126:46446], old=null
2019-09-25 08:43:17,521 [6c26676d-e3b4-4ef4-8acf-5b4b794af88e@group-250BE772D41C:LeaderElection14] INFO  impl.RoleInfo (RoleInfo.java:updateAndGet(143)) - 6c26676d-e3b4-4ef4-8acf-5b4b794af88e: start FollowerState
2019-09-25 08:43:17,524 [6c26676d-e3b4-4ef4-8acf-5b4b794af88e@group-33D7D0D3770C:LeaderElection15] INFO  impl.RaftServerImpl (RaftServerImpl.java:setRole(174)) - 6c26676d-e3b4-4ef4-8acf-5b4b794af88e@group-33D7D0D3770C: changes role from CANDIDATE to FOLLOWER at term 1 for DISCOVERED_A_NEW_TERM
2019-09-25 08:43:17,526 [6c26676d-e3b4-4ef4-8acf-5b4b794af88e@group-33D7D0D3770C:LeaderElection15] INFO  impl.RoleInfo (RoleInfo.java:shutdownLeaderElection(134)) - 6c26676d-e3b4-4ef4-8acf-5b4b794af88e: shutdown LeaderElection
2019-09-25 08:43:17,526 [grpc-default-executor-0] INFO  impl.RaftServerImpl (ServerState.java:setLeader(253)) - 6c26676d-e3b4-4ef4-8acf-5b4b794af88e@group-250BE772D41C: change Leader from null to b0445327-5aa8-4723-b13f-0045c06a7051 at term 1 for appendEntries, leader elected after 5596ms
2019-09-25 08:43:17,527 [6c26676d-e3b4-4ef4-8acf-5b4b794af88e@group-33D7D0D3770C:LeaderElection15] INFO  impl.RoleInfo (RoleInfo.java:updateAndGet(143)) - 6c26676d-e3b4-4ef4-8acf-5b4b794af88e: start FollowerState
2019-09-25 08:43:17,527 [grpc-default-executor-6] INFO  impl.RaftServerImpl (ServerState.java:setLeader(253)) - dd1e4894-806d-4283-b3cc-ceb649e5b26f@group-33D7D0D3770C: change Leader from null to b0445327-5aa8-4723-b13f-0045c06a7051 at term 1 for appendEntries, leader elected after 6423ms
2019-09-25 08:43:17,527 [grpc-default-executor-4] INFO  impl.RaftServerImpl (ServerState.java:setLeader(253)) - 6c26676d-e3b4-4ef4-8acf-5b4b794af88e@group-33D7D0D3770C: change Leader from null to b0445327-5aa8-4723-b13f-0045c06a7051 at term 1 for appendEntries, leader elected after 6758ms
2019-09-25 08:43:17,528 [grpc-default-executor-0] INFO  impl.RaftServerImpl (ServerState.java:setRaftConf(354)) - dd1e4894-806d-4283-b3cc-ceb649e5b26f@group-F574EF683A41: set configuration 0: [b0445327-5aa8-4723-b13f-0045c06a7051:192.168.36.126:40401, dd1e4894-806d-4283-b3cc-ceb649e5b26f:192.168.36.126:34305, 6c26676d-e3b4-4ef4-8acf-5b4b794af88e:192.168.36.126:46446], old=null at 0
2019-09-25 08:43:17,528 [grpc-default-executor-1] INFO  impl.RaftServerImpl (ServerState.java:setRaftConf(354)) - b0445327-5aa8-4723-b13f-0045c06a7051@group-F574EF683A41: set configuration 0: [b0445327-5aa8-4723-b13f-0045c06a7051:192.168.36.126:40401, dd1e4894-806d-4283-b3cc-ceb649e5b26f:192.168.36.126:34305, 6c26676d-e3b4-4ef4-8acf-5b4b794af88e:192.168.36.126:46446], old=null at 0
2019-09-25 08:43:17,528 [grpc-default-executor-0] INFO  segmented.SegmentedRaftLogWorker (SegmentedRaftLogWorker.java:startLogSegment(380)) - dd1e4894-806d-4283-b3cc-ceb649e5b26f@group-F574EF683A41-SegmentedRaftLogWorker: Starting segment from index:0
2019-09-25 08:43:17,528 [grpc-default-executor-1] INFO  segmented.SegmentedRaftLogWorker (SegmentedRaftLogWorker.java:startLogSegment(380)) - b0445327-5aa8-4723-b13f-0045c06a7051@group-F574EF683A41-SegmentedRaftLogWorker: Starting segment from index:0
2019-09-25 08:43:17,529 [grpc-default-executor-1] INFO  impl.RaftServerImpl (ServerState.java:setRaftConf(354)) - dd1e4894-806d-4283-b3cc-ceb649e5b26f@group-250BE772D41C: set configuration 0: [b0445327-5aa8-4723-b13f-0045c06a7051:192.168.36.126:40401, dd1e4894-806d-4283-b3cc-ceb649e5b26f:192.168.36.126:34305, 6c26676d-e3b4-4ef4-8acf-5b4b794af88e:192.168.36.126:46446], old=null at 0
2019-09-25 08:43:17,530 [grpc-default-executor-1] INFO  segmented.SegmentedRaftLogWorker (SegmentedRaftLogWorker.java:startLogSegment(380)) - dd1e4894-806d-4283-b3cc-ceb649e5b26f@group-250BE772D41C-SegmentedRaftLogWorker: Starting segment from index:0
2019-09-25 08:43:17,531 [grpc-default-executor-1] INFO  impl.RaftServerImpl (ServerState.java:setRaftConf(354)) - dd1e4894-806d-4283-b3cc-ceb649e5b26f@group-33D7D0D3770C: set configuration 0: [b0445327-5aa8-4723-b13f-0045c06a7051:192.168.36.126:40401, dd1e4894-806d-4283-b3cc-ceb649e5b26f:192.168.36.126:34305, 6c26676d-e3b4-4ef4-8acf-5b4b794af88e:192.168.36.126:46446], old=null at 0
2019-09-25 08:43:17,531 [grpc-default-executor-1] INFO  segmented.SegmentedRaftLogWorker (SegmentedRaftLogWorker.java:startLogSegment(380)) - dd1e4894-806d-4283-b3cc-ceb649e5b26f@group-33D7D0D3770C-SegmentedRaftLogWorker: Starting segment from index:0
2019-09-25 08:43:17,531 [grpc-default-executor-0] INFO  impl.RaftServerImpl (ServerState.java:setRaftConf(354)) - 6c26676d-e3b4-4ef4-8acf-5b4b794af88e@group-250BE772D41C: set configuration 0: [b0445327-5aa8-4723-b13f-0045c06a7051:192.168.36.126:40401, dd1e4894-806d-4283-b3cc-ceb649e5b26f:192.168.36.126:34305, 6c26676d-e3b4-4ef4-8acf-5b4b794af88e:192.168.36.126:46446], old=null at 0
2019-09-25 08:43:17,531 [grpc-default-executor-0] INFO  segmented.SegmentedRaftLogWorker (SegmentedRaftLogWorker.java:startLogSegment(380)) - 6c26676d-e3b4-4ef4-8acf-5b4b794af88e@group-250BE772D41C-SegmentedRaftLogWorker: Starting segment from index:0
2019-09-25 08:43:17,531 [grpc-default-executor-5] INFO  impl.RaftServerImpl (ServerState.java:setRaftConf(354)) - 6c26676d-e3b4-4ef4-8acf-5b4b794af88e@group-33D7D0D3770C: set configuration 0: [b0445327-5aa8-4723-b13f-0045c06a7051:192.168.36.126:40401, dd1e4894-806d-4283-b3cc-ceb649e5b26f:192.168.36.126:34305, 6c26676d-e3b4-4ef4-8acf-5b4b794af88e:192.168.36.126:46446], old=null at 0
2019-09-25 08:43:17,532 [grpc-default-executor-5] INFO  segmented.SegmentedRaftLogWorker (SegmentedRaftLogWorker.java:startLogSegment(380)) - 6c26676d-e3b4-4ef4-8acf-5b4b794af88e@group-33D7D0D3770C-SegmentedRaftLogWorker: Starting segment from index:0
2019-09-25 08:43:17,820 [b0445327-5aa8-4723-b13f-0045c06a7051@group-250BE772D41C-SegmentedRaftLogWorker] INFO  segmented.SegmentedRaftLogWorker (SegmentedRaftLogWorker.java:execute(569)) - b0445327-5aa8-4723-b13f-0045c06a7051@group-250BE772D41C-SegmentedRaftLogWorker: created new log segment /workdir/hadoop-ozone/ozonefs/target/test-dir/MiniOzoneClusterImpl-d4f0e99b-eb79-4745-ab8c-980425c864f9/datanode-1/data/ratis/5d607290-7454-4ca2-94ab-250be772d41c/current/log_inprogress_0
2019-09-25 08:43:17,820 [dd1e4894-806d-4283-b3cc-ceb649e5b26f@group-F574EF683A41-SegmentedRaftLogWorker] INFO  segmented.SegmentedRaftLogWorker (SegmentedRaftLogWorker.java:execute(569)) - dd1e4894-806d-4283-b3cc-ceb649e5b26f@group-F574EF683A41-SegmentedRaftLogWorker: created new log segment /workdir/hadoop-ozone/ozonefs/target/test-dir/MiniOzoneClusterImpl-d4f0e99b-eb79-4745-ab8c-980425c864f9/datanode-3/data/ratis/69bbb164-95ce-4073-b590-f574ef683a41/current/log_inprogress_0
2019-09-25 08:43:17,820 [b0445327-5aa8-4723-b13f-0045c06a7051@group-F574EF683A41-SegmentedRaftLogWorker] INFO  segmented.SegmentedRaftLogWorker (SegmentedRaftLogWorker.java:execute(569)) - b0445327-5aa8-4723-b13f-0045c06a7051@group-F574EF683A41-SegmentedRaftLogWorker: created new log segment /workdir/hadoop-ozone/ozonefs/target/test-dir/MiniOzoneClusterImpl-d4f0e99b-eb79-4745-ab8c-980425c864f9/datanode-1/data/ratis/69bbb164-95ce-4073-b590-f574ef683a41/current/log_inprogress_0
2019-09-25 08:43:17,820 [dd1e4894-806d-4283-b3cc-ceb649e5b26f@group-33D7D0D3770C-SegmentedRaftLogWorker] INFO  segmented.SegmentedRaftLogWorker (SegmentedRaftLogWorker.java:execute(569)) - dd1e4894-806d-4283-b3cc-ceb649e5b26f@group-33D7D0D3770C-SegmentedRaftLogWorker: created new log segment /workdir/hadoop-ozone/ozonefs/target/test-dir/MiniOzoneClusterImpl-d4f0e99b-eb79-4745-ab8c-980425c864f9/datanode-3/data/ratis/2eefd8af-0869-429e-8e12-33d7d0d3770c/current/log_inprogress_0
2019-09-25 08:43:17,820 [b0445327-5aa8-4723-b13f-0045c06a7051@group-33D7D0D3770C-SegmentedRaftLogWorker] INFO  segmented.SegmentedRaftLogWorker (SegmentedRaftLogWorker.java:execute(569)) - b0445327-5aa8-4723-b13f-0045c06a7051@group-33D7D0D3770C-SegmentedRaftLogWorker: created new log segment /workdir/hadoop-ozone/ozonefs/target/test-dir/MiniOzoneClusterImpl-d4f0e99b-eb79-4745-ab8c-980425c864f9/datanode-1/data/ratis/2eefd8af-0869-429e-8e12-33d7d0d3770c/current/log_inprogress_0
2019-09-25 08:43:17,820 [dd1e4894-806d-4283-b3cc-ceb649e5b26f@group-250BE772D41C-SegmentedRaftLogWorker] INFO  segmented.SegmentedRaftLogWorker (SegmentedRaftLogWorker.java:execute(569)) - dd1e4894-806d-4283-b3cc-ceb649e5b26f@group-250BE772D41C-SegmentedRaftLogWorker: created new log segment /workdir/hadoop-ozone/ozonefs/target/test-dir/MiniOzoneClusterImpl-d4f0e99b-eb79-4745-ab8c-980425c864f9/datanode-3/data/ratis/5d607290-7454-4ca2-94ab-250be772d41c/current/log_inprogress_0
2019-09-25 08:43:17,820 [6c26676d-e3b4-4ef4-8acf-5b4b794af88e@group-33D7D0D3770C-SegmentedRaftLogWorker] INFO  segmented.SegmentedRaftLogWorker (SegmentedRaftLogWorker.java:execute(569)) - 6c26676d-e3b4-4ef4-8acf-5b4b794af88e@group-33D7D0D3770C-SegmentedRaftLogWorker: created new log segment /workdir/hadoop-ozone/ozonefs/target/test-dir/MiniOzoneClusterImpl-d4f0e99b-eb79-4745-ab8c-980425c864f9/datanode-0/data/ratis/2eefd8af-0869-429e-8e12-33d7d0d3770c/current/log_inprogress_0
2019-09-25 08:43:17,820 [6c26676d-e3b4-4ef4-8acf-5b4b794af88e@group-F574EF683A41-SegmentedRaftLogWorker] INFO  segmented.SegmentedRaftLogWorker (SegmentedRaftLogWorker.java:execute(569)) - 6c26676d-e3b4-4ef4-8acf-5b4b794af88e@group-F574EF683A41-SegmentedRaftLogWorker: created new log segment /workdir/hadoop-ozone/ozonefs/target/test-dir/MiniOzoneClusterImpl-d4f0e99b-eb79-4745-ab8c-980425c864f9/datanode-0/data/ratis/69bbb164-95ce-4073-b590-f574ef683a41/current/log_inprogress_0
2019-09-25 08:43:17,820 [6c26676d-e3b4-4ef4-8acf-5b4b794af88e@group-250BE772D41C-SegmentedRaftLogWorker] INFO  segmented.SegmentedRaftLogWorker (SegmentedRaftLogWorker.java:execute(569)) - 6c26676d-e3b4-4ef4-8acf-5b4b794af88e@group-250BE772D41C-SegmentedRaftLogWorker: created new log segment /workdir/hadoop-ozone/ozonefs/target/test-dir/MiniOzoneClusterImpl-d4f0e99b-eb79-4745-ab8c-980425c864f9/datanode-0/data/ratis/5d607290-7454-4ca2-94ab-250be772d41c/current/log_inprogress_0
2019-09-25 08:43:18,131 [communication thread] INFO  mapred.LocalJobRunner (LocalJobRunner.java:statusUpdate(634)) - 100.0% Copying file:/workdir/hadoop-ozone/ozonefs/target/test-dir/ITestOzoneContractDistCp/testUpdateDeepDirectoryStructureNoChange/local/inputDir/subDir1/file2 to o3fs://bucket14370.volume52055/test/ITestOzoneContractDistCp/testUpdateDeepDirectoryStructureNoChange/remote/outputDir/inputDir/subDir1/file2 [200.0B/200.0B] > map
2019-09-25 08:43:18,921 [Thread-209] INFO  mapreduce.Job (Job.java:monitorAndPrintJob(1647)) -  map 10% reduce 0%
08:43:23.386 [IPC Server handler 19 on 45152] ERROR OMAudit - user=jenkins1000 | ip=127.0.0.1 | op=GET_FILE_STATUS {volume=volume52055, bucket=bucket14370, key=test/ITestOzoneContractDistCp/testUpdateDeepDirectoryStructureNoChange/remote/outputDir/inputDir/subDir1/file2, dataSize=0, replicationType=null, replicationFactor=null, keyLocationInfo=null} | ret=FAILURE
org.apache.hadoop.ozone.om.exceptions.OMException: Unable to get file status: volume: volume52055 bucket: bucket14370 key: test/ITestOzoneContractDistCp/testUpdateDeepDirectoryStructureNoChange/remote/outputDir/inputDir/subDir1/file2
	at org.apache.hadoop.ozone.om.KeyManagerImpl.getFileStatus(KeyManagerImpl.java:1785) ~[hadoop-ozone-ozone-manager-0.5.0-SNAPSHOT.jar:?]
	at org.apache.hadoop.ozone.om.OzoneManager.getFileStatus(OzoneManager.java:2892) [hadoop-ozone-ozone-manager-0.5.0-SNAPSHOT.jar:?]
	at org.apache.hadoop.ozone.protocolPB.OzoneManagerRequestHandler.getOzoneFileStatus(OzoneManagerRequestHandler.java:1051) [hadoop-ozone-ozone-manager-0.5.0-SNAPSHOT.jar:?]
	at org.apache.hadoop.ozone.protocolPB.OzoneManagerRequestHandler.handle(OzoneManagerRequestHandler.java:338) [hadoop-ozone-ozone-manager-0.5.0-SNAPSHOT.jar:?]
	at org.apache.hadoop.ozone.protocolPB.OzoneManagerProtocolServerSideTranslatorPB.submitRequestDirectlyToOM(OzoneManagerProtocolServerSideTranslatorPB.java:233) [hadoop-ozone-ozone-manager-0.5.0-SNAPSHOT.jar:?]
	at org.apache.hadoop.ozone.protocolPB.OzoneManagerProtocolServerSideTranslatorPB.processRequest(OzoneManagerProtocolServerSideTranslatorPB.java:157) [hadoop-ozone-ozone-manager-0.5.0-SNAPSHOT.jar:?]
	at org.apache.hadoop.ozone.protocolPB.OzoneManagerProtocolServerSideTranslatorPB.submitRequest(OzoneManagerProtocolServerSideTranslatorPB.java:111) [hadoop-ozone-ozone-manager-0.5.0-SNAPSHOT.jar:?]
	at org.apache.hadoop.ozone.protocol.proto.OzoneManagerProtocolProtos$OzoneManagerService$2.callBlockingMethod(OzoneManagerProtocolProtos.java) [hadoop-ozone-common-0.5.0-SNAPSHOT.jar:?]
	at org.apache.hadoop.ipc.ProtobufRpcEngine$Server$ProtoBufRpcInvoker.call(ProtobufRpcEngine.java:524) [hadoop-common-3.2.0.jar:?]
	at org.apache.hadoop.ipc.RPC$Server.call(RPC.java:1025) [hadoop-common-3.2.0.jar:?]
	at org.apache.hadoop.ipc.Server$RpcCall.run(Server.java:876) [hadoop-common-3.2.0.jar:?]
	at org.apache.hadoop.ipc.Server$RpcCall.run(Server.java:822) [hadoop-common-3.2.0.jar:?]
	at java.security.AccessController.doPrivileged(Native Method) [?:1.8.0_212]
	at javax.security.auth.Subject.doAs(Subject.java:422) [?:1.8.0_212]
	at org.apache.hadoop.security.UserGroupInformation.doAs(UserGroupInformation.java:1730) [hadoop-common-3.2.0.jar:?]
	at org.apache.hadoop.ipc.Server$Handler.run(Server.java:2682) [hadoop-common-3.2.0.jar:?]
08:43:23.391 [IPC Server handler 0 on 45152] ERROR OMAudit - user=jenkins1000 | ip=127.0.0.1 | op=GET_FILE_STATUS {volume=volume52055, bucket=bucket14370, key=test/ITestOzoneContractDistCp/testUpdateDeepDirectoryStructureNoChange/remote/outputDir/inputDir/subDir1, dataSize=0, replicationType=null, replicationFactor=null, keyLocationInfo=null} | ret=FAILURE
org.apache.hadoop.ozone.om.exceptions.OMException: Unable to get file status: volume: volume52055 bucket: bucket14370 key: test/ITestOzoneContractDistCp/testUpdateDeepDirectoryStructureNoChange/remote/outputDir/inputDir/subDir1
	at org.apache.hadoop.ozone.om.KeyManagerImpl.getFileStatus(KeyManagerImpl.java:1785) ~[hadoop-ozone-ozone-manager-0.5.0-SNAPSHOT.jar:?]
	at org.apache.hadoop.ozone.om.OzoneManager.getFileStatus(OzoneManager.java:2892) [hadoop-ozone-ozone-manager-0.5.0-SNAPSHOT.jar:?]
	at org.apache.hadoop.ozone.protocolPB.OzoneManagerRequestHandler.getOzoneFileStatus(OzoneManagerRequestHandler.java:1051) [hadoop-ozone-ozone-manager-0.5.0-SNAPSHOT.jar:?]
	at org.apache.hadoop.ozone.protocolPB.OzoneManagerRequestHandler.handle(OzoneManagerRequestHandler.java:338) [hadoop-ozone-ozone-manager-0.5.0-SNAPSHOT.jar:?]
	at org.apache.hadoop.ozone.protocolPB.OzoneManagerProtocolServerSideTranslatorPB.submitRequestDirectlyToOM(OzoneManagerProtocolServerSideTranslatorPB.java:233) [hadoop-ozone-ozone-manager-0.5.0-SNAPSHOT.jar:?]
	at org.apache.hadoop.ozone.protocolPB.OzoneManagerProtocolServerSideTranslatorPB.processRequest(OzoneManagerProtocolServerSideTranslatorPB.java:157) [hadoop-ozone-ozone-manager-0.5.0-SNAPSHOT.jar:?]
	at org.apache.hadoop.ozone.protocolPB.OzoneManagerProtocolServerSideTranslatorPB.submitRequest(OzoneManagerProtocolServerSideTranslatorPB.java:111) [hadoop-ozone-ozone-manager-0.5.0-SNAPSHOT.jar:?]
	at org.apache.hadoop.ozone.protocol.proto.OzoneManagerProtocolProtos$OzoneManagerService$2.callBlockingMethod(OzoneManagerProtocolProtos.java) [hadoop-ozone-common-0.5.0-SNAPSHOT.jar:?]
	at org.apache.hadoop.ipc.ProtobufRpcEngine$Server$ProtoBufRpcInvoker.call(ProtobufRpcEngine.java:524) [hadoop-common-3.2.0.jar:?]
	at org.apache.hadoop.ipc.RPC$Server.call(RPC.java:1025) [hadoop-common-3.2.0.jar:?]
	at org.apache.hadoop.ipc.Server$RpcCall.run(Server.java:876) [hadoop-common-3.2.0.jar:?]
	at org.apache.hadoop.ipc.Server$RpcCall.run(Server.java:822) [hadoop-common-3.2.0.jar:?]
	at java.security.AccessController.doPrivileged(Native Method) [?:1.8.0_212]
	at javax.security.auth.Subject.doAs(Subject.java:422) [?:1.8.0_212]
	at org.apache.hadoop.security.UserGroupInformation.doAs(UserGroupInformation.java:1730) [hadoop-common-3.2.0.jar:?]
	at org.apache.hadoop.ipc.Server$Handler.run(Server.java:2682) [hadoop-common-3.2.0.jar:?]
08:43:23.399 [IPC Server handler 1 on 45152] ERROR OMAudit - user=jenkins1000 | ip=127.0.0.1 | op=GET_FILE_STATUS {volume=volume52055, bucket=bucket14370, key=test/ITestOzoneContractDistCp/testUpdateDeepDirectoryStructureNoChange/remote/outputDir/inputDir/subDir1/file2, dataSize=0, replicationType=null, replicationFactor=null, keyLocationInfo=null} | ret=FAILURE
org.apache.hadoop.ozone.om.exceptions.OMException: Unable to get file status: volume: volume52055 bucket: bucket14370 key: test/ITestOzoneContractDistCp/testUpdateDeepDirectoryStructureNoChange/remote/outputDir/inputDir/subDir1/file2
	at org.apache.hadoop.ozone.om.KeyManagerImpl.getFileStatus(KeyManagerImpl.java:1785) ~[hadoop-ozone-ozone-manager-0.5.0-SNAPSHOT.jar:?]
	at org.apache.hadoop.ozone.om.OzoneManager.getFileStatus(OzoneManager.java:2892) [hadoop-ozone-ozone-manager-0.5.0-SNAPSHOT.jar:?]
	at org.apache.hadoop.ozone.protocolPB.OzoneManagerRequestHandler.getOzoneFileStatus(OzoneManagerRequestHandler.java:1051) [hadoop-ozone-ozone-manager-0.5.0-SNAPSHOT.jar:?]
	at org.apache.hadoop.ozone.protocolPB.OzoneManagerRequestHandler.handle(OzoneManagerRequestHandler.java:338) [hadoop-ozone-ozone-manager-0.5.0-SNAPSHOT.jar:?]
	at org.apache.hadoop.ozone.protocolPB.OzoneManagerProtocolServerSideTranslatorPB.submitRequestDirectlyToOM(OzoneManagerProtocolServerSideTranslatorPB.java:233) [hadoop-ozone-ozone-manager-0.5.0-SNAPSHOT.jar:?]
	at org.apache.hadoop.ozone.protocolPB.OzoneManagerProtocolServerSideTranslatorPB.processRequest(OzoneManagerProtocolServerSideTranslatorPB.java:157) [hadoop-ozone-ozone-manager-0.5.0-SNAPSHOT.jar:?]
	at org.apache.hadoop.ozone.protocolPB.OzoneManagerProtocolServerSideTranslatorPB.submitRequest(OzoneManagerProtocolServerSideTranslatorPB.java:111) [hadoop-ozone-ozone-manager-0.5.0-SNAPSHOT.jar:?]
	at org.apache.hadoop.ozone.protocol.proto.OzoneManagerProtocolProtos$OzoneManagerService$2.callBlockingMethod(OzoneManagerProtocolProtos.java) [hadoop-ozone-common-0.5.0-SNAPSHOT.jar:?]
	at org.apache.hadoop.ipc.ProtobufRpcEngine$Server$ProtoBufRpcInvoker.call(ProtobufRpcEngine.java:524) [hadoop-common-3.2.0.jar:?]
	at org.apache.hadoop.ipc.RPC$Server.call(RPC.java:1025) [hadoop-common-3.2.0.jar:?]
	at org.apache.hadoop.ipc.Server$RpcCall.run(Server.java:876) [hadoop-common-3.2.0.jar:?]
	at org.apache.hadoop.ipc.Server$RpcCall.run(Server.java:822) [hadoop-common-3.2.0.jar:?]
	at java.security.AccessController.doPrivileged(Native Method) [?:1.8.0_212]
	at javax.security.auth.Subject.doAs(Subject.java:422) [?:1.8.0_212]
	at org.apache.hadoop.security.UserGroupInformation.doAs(UserGroupInformation.java:1730) [hadoop-common-3.2.0.jar:?]
	at org.apache.hadoop.ipc.Server$Handler.run(Server.java:2682) [hadoop-common-3.2.0.jar:?]
08:43:23.419 [IPC Server handler 8 on 45152] ERROR OMAudit - user=jenkins1000 | ip=127.0.0.1 | op=GET_FILE_STATUS {volume=volume52055, bucket=bucket14370, key=test/ITestOzoneContractDistCp/testUpdateDeepDirectoryStructureNoChange/remote/outputDir/.distcp.tmp.attempt_local2017747317_0001_m_000001_0, dataSize=0, replicationType=null, replicationFactor=null, keyLocationInfo=null} | ret=FAILURE
org.apache.hadoop.ozone.om.exceptions.OMException: Unable to get file status: volume: volume52055 bucket: bucket14370 key: test/ITestOzoneContractDistCp/testUpdateDeepDirectoryStructureNoChange/remote/outputDir/.distcp.tmp.attempt_local2017747317_0001_m_000001_0
	at org.apache.hadoop.ozone.om.KeyManagerImpl.getFileStatus(KeyManagerImpl.java:1785) ~[hadoop-ozone-ozone-manager-0.5.0-SNAPSHOT.jar:?]
	at org.apache.hadoop.ozone.om.OzoneManager.getFileStatus(OzoneManager.java:2892) [hadoop-ozone-ozone-manager-0.5.0-SNAPSHOT.jar:?]
	at org.apache.hadoop.ozone.protocolPB.OzoneManagerRequestHandler.getOzoneFileStatus(OzoneManagerRequestHandler.java:1051) [hadoop-ozone-ozone-manager-0.5.0-SNAPSHOT.jar:?]
	at org.apache.hadoop.ozone.protocolPB.OzoneManagerRequestHandler.handle(OzoneManagerRequestHandler.java:338) [hadoop-ozone-ozone-manager-0.5.0-SNAPSHOT.jar:?]
	at org.apache.hadoop.ozone.protocolPB.OzoneManagerProtocolServerSideTranslatorPB.submitRequestDirectlyToOM(OzoneManagerProtocolServerSideTranslatorPB.java:233) [hadoop-ozone-ozone-manager-0.5.0-SNAPSHOT.jar:?]
	at org.apache.hadoop.ozone.protocolPB.OzoneManagerProtocolServerSideTranslatorPB.processRequest(OzoneManagerProtocolServerSideTranslatorPB.java:157) [hadoop-ozone-ozone-manager-0.5.0-SNAPSHOT.jar:?]
	at org.apache.hadoop.ozone.protocolPB.OzoneManagerProtocolServerSideTranslatorPB.submitRequest(OzoneManagerProtocolServerSideTranslatorPB.java:111) [hadoop-ozone-ozone-manager-0.5.0-SNAPSHOT.jar:?]
	at org.apache.hadoop.ozone.protocol.proto.OzoneManagerProtocolProtos$OzoneManagerService$2.callBlockingMethod(OzoneManagerProtocolProtos.java) [hadoop-ozone-common-0.5.0-SNAPSHOT.jar:?]
	at org.apache.hadoop.ipc.ProtobufRpcEngine$Server$ProtoBufRpcInvoker.call(ProtobufRpcEngine.java:524) [hadoop-common-3.2.0.jar:?]
	at org.apache.hadoop.ipc.RPC$Server.call(RPC.java:1025) [hadoop-common-3.2.0.jar:?]
	at org.apache.hadoop.ipc.Server$RpcCall.run(Server.java:876) [hadoop-common-3.2.0.jar:?]
	at org.apache.hadoop.ipc.Server$RpcCall.run(Server.java:822) [hadoop-common-3.2.0.jar:?]
	at java.security.AccessController.doPrivileged(Native Method) [?:1.8.0_212]
	at javax.security.auth.Subject.doAs(Subject.java:422) [?:1.8.0_212]
	at org.apache.hadoop.security.UserGroupInformation.doAs(UserGroupInformation.java:1730) [hadoop-common-3.2.0.jar:?]
	at org.apache.hadoop.ipc.Server$Handler.run(Server.java:2682) [hadoop-common-3.2.0.jar:?]
2019-09-25 08:43:23,420 [LocalJobRunner Map Task Executor #0] WARN  ozone.BasicOzoneFileSystem (BasicOzoneFileSystem.java:delete(442)) - delete: Path does not exist: o3fs://bucket14370.volume52055/test/ITestOzoneContractDistCp/testUpdateDeepDirectoryStructureNoChange/remote/outputDir/.distcp.tmp.attempt_local2017747317_0001_m_000001_0
2019-09-25 08:43:23,422 [LocalJobRunner Map Task Executor #0] INFO  mapred.CopyMapper (CopyMapper.java:map(154)) - Copying file:/workdir/hadoop-ozone/ozonefs/target/test-dir/ITestOzoneContractDistCp/testUpdateDeepDirectoryStructureNoChange/local/inputDir/subDir4/subDir4/file5 to o3fs://bucket14370.volume52055/test/ITestOzoneContractDistCp/testUpdateDeepDirectoryStructureNoChange/remote/outputDir/inputDir/subDir4/subDir4/file5
08:43:23.428 [IPC Server handler 6 on 45152] ERROR OMAudit - user=jenkins1000 | ip=127.0.0.1 | op=GET_FILE_STATUS {volume=volume52055, bucket=bucket14370, key=test/ITestOzoneContractDistCp/testUpdateDeepDirectoryStructureNoChange/remote/outputDir/inputDir/subDir4/subDir4/file5, dataSize=0, replicationType=null, replicationFactor=null, keyLocationInfo=null} | ret=FAILURE
org.apache.hadoop.ozone.om.exceptions.OMException: Unable to get file status: volume: volume52055 bucket: bucket14370 key: test/ITestOzoneContractDistCp/testUpdateDeepDirectoryStructureNoChange/remote/outputDir/inputDir/subDir4/subDir4/file5
	at org.apache.hadoop.ozone.om.KeyManagerImpl.getFileStatus(KeyManagerImpl.java:1785) ~[hadoop-ozone-ozone-manager-0.5.0-SNAPSHOT.jar:?]
	at org.apache.hadoop.ozone.om.OzoneManager.getFileStatus(OzoneManager.java:2892) [hadoop-ozone-ozone-manager-0.5.0-SNAPSHOT.jar:?]
	at org.apache.hadoop.ozone.protocolPB.OzoneManagerRequestHandler.getOzoneFileStatus(OzoneManagerRequestHandler.java:1051) [hadoop-ozone-ozone-manager-0.5.0-SNAPSHOT.jar:?]
	at org.apache.hadoop.ozone.protocolPB.OzoneManagerRequestHandler.handle(OzoneManagerRequestHandler.java:338) [hadoop-ozone-ozone-manager-0.5.0-SNAPSHOT.jar:?]
	at org.apache.hadoop.ozone.protocolPB.OzoneManagerProtocolServerSideTranslatorPB.submitRequestDirectlyToOM(OzoneManagerProtocolServerSideTranslatorPB.java:233) [hadoop-ozone-ozone-manager-0.5.0-SNAPSHOT.jar:?]
	at org.apache.hadoop.ozone.protocolPB.OzoneManagerProtocolServerSideTranslatorPB.processRequest(OzoneManagerProtocolServerSideTranslatorPB.java:157) [hadoop-ozone-ozone-manager-0.5.0-SNAPSHOT.jar:?]
	at org.apache.hadoop.ozone.protocolPB.OzoneManagerProtocolServerSideTranslatorPB.submitRequest(OzoneManagerProtocolServerSideTranslatorPB.java:111) [hadoop-ozone-ozone-manager-0.5.0-SNAPSHOT.jar:?]
	at org.apache.hadoop.ozone.protocol.proto.OzoneManagerProtocolProtos$OzoneManagerService$2.callBlockingMethod(OzoneManagerProtocolProtos.java) [hadoop-ozone-common-0.5.0-SNAPSHOT.jar:?]
	at org.apache.hadoop.ipc.ProtobufRpcEngine$Server$ProtoBufRpcInvoker.call(ProtobufRpcEngine.java:524) [hadoop-common-3.2.0.jar:?]
	at org.apache.hadoop.ipc.RPC$Server.call(RPC.java:1025) [hadoop-common-3.2.0.jar:?]
	at org.apache.hadoop.ipc.Server$RpcCall.run(Server.java:876) [hadoop-common-3.2.0.jar:?]
	at org.apache.hadoop.ipc.Server$RpcCall.run(Server.java:822) [hadoop-common-3.2.0.jar:?]
	at java.security.AccessController.doPrivileged(Native Method) [?:1.8.0_212]
	at javax.security.auth.Subject.doAs(Subject.java:422) [?:1.8.0_212]
	at org.apache.hadoop.security.UserGroupInformation.doAs(UserGroupInformation.java:1730) [hadoop-common-3.2.0.jar:?]
	at org.apache.hadoop.ipc.Server$Handler.run(Server.java:2682) [hadoop-common-3.2.0.jar:?]
2019-09-25 08:43:23,429 [LocalJobRunner Map Task Executor #0] INFO  mapred.RetriableFileCopyCommand (RetriableFileCopyCommand.java:getTmpFile(260)) - Creating temp file: o3fs://bucket14370.volume52055/test/ITestOzoneContractDistCp/testUpdateDeepDirectoryStructureNoChange/remote/outputDir/.distcp.tmp.attempt_local2017747317_0001_m_000001_0
2019-09-25 08:43:24,139 [communication thread] INFO  mapred.LocalJobRunner (LocalJobRunner.java:statusUpdate(634)) - 100.0% Copying file:/workdir/hadoop-ozone/ozonefs/target/test-dir/ITestOzoneContractDistCp/testUpdateDeepDirectoryStructureNoChange/local/inputDir/subDir4/subDir4/file5 to o3fs://bucket14370.volume52055/test/ITestOzoneContractDistCp/testUpdateDeepDirectoryStructureNoChange/remote/outputDir/inputDir/subDir4/subDir4/file5 [500.0B/500.0B] > map
2019-09-25 08:43:24,924 [Thread-209] INFO  mapreduce.Job (Job.java:monitorAndPrintJob(1647)) -  map 16% reduce 0%
08:43:27.491 [IPC Server handler 9 on 45152] ERROR OMAudit - user=jenkins1000 | ip=127.0.0.1 | op=GET_FILE_STATUS {volume=volume52055, bucket=bucket14370, key=test/ITestOzoneContractDistCp/testUpdateDeepDirectoryStructureNoChange/remote/outputDir/inputDir/subDir4/subDir4/file5, dataSize=0, replicationType=null, replicationFactor=null, keyLocationInfo=null} | ret=FAILURE
org.apache.hadoop.ozone.om.exceptions.OMException: Unable to get file status: volume: volume52055 bucket: bucket14370 key: test/ITestOzoneContractDistCp/testUpdateDeepDirectoryStructureNoChange/remote/outputDir/inputDir/subDir4/subDir4/file5
	at org.apache.hadoop.ozone.om.KeyManagerImpl.getFileStatus(KeyManagerImpl.java:1785) ~[hadoop-ozone-ozone-manager-0.5.0-SNAPSHOT.jar:?]
	at org.apache.hadoop.ozone.om.OzoneManager.getFileStatus(OzoneManager.java:2892) [hadoop-ozone-ozone-manager-0.5.0-SNAPSHOT.jar:?]
	at org.apache.hadoop.ozone.protocolPB.OzoneManagerRequestHandler.getOzoneFileStatus(OzoneManagerRequestHandler.java:1051) [hadoop-ozone-ozone-manager-0.5.0-SNAPSHOT.jar:?]
	at org.apache.hadoop.ozone.protocolPB.OzoneManagerRequestHandler.handle(OzoneManagerRequestHandler.java:338) [hadoop-ozone-ozone-manager-0.5.0-SNAPSHOT.jar:?]
	at org.apache.hadoop.ozone.protocolPB.OzoneManagerProtocolServerSideTranslatorPB.submitRequestDirectlyToOM(OzoneManagerProtocolServerSideTranslatorPB.java:233) [hadoop-ozone-ozone-manager-0.5.0-SNAPSHOT.jar:?]
	at org.apache.hadoop.ozone.protocolPB.OzoneManagerProtocolServerSideTranslatorPB.processRequest(OzoneManagerProtocolServerSideTranslatorPB.java:157) [hadoop-ozone-ozone-manager-0.5.0-SNAPSHOT.jar:?]
	at org.apache.hadoop.ozone.protocolPB.OzoneManagerProtocolServerSideTranslatorPB.submitRequest(OzoneManagerProtocolServerSideTranslatorPB.java:111) [hadoop-ozone-ozone-manager-0.5.0-SNAPSHOT.jar:?]
	at org.apache.hadoop.ozone.protocol.proto.OzoneManagerProtocolProtos$OzoneManagerService$2.callBlockingMethod(OzoneManagerProtocolProtos.java) [hadoop-ozone-common-0.5.0-SNAPSHOT.jar:?]
	at org.apache.hadoop.ipc.ProtobufRpcEngine$Server$ProtoBufRpcInvoker.call(ProtobufRpcEngine.java:524) [hadoop-common-3.2.0.jar:?]
	at org.apache.hadoop.ipc.RPC$Server.call(RPC.java:1025) [hadoop-common-3.2.0.jar:?]
	at org.apache.hadoop.ipc.Server$RpcCall.run(Server.java:876) [hadoop-common-3.2.0.jar:?]
	at org.apache.hadoop.ipc.Server$RpcCall.run(Server.java:822) [hadoop-common-3.2.0.jar:?]
	at java.security.AccessController.doPrivileged(Native Method) [?:1.8.0_212]
	at javax.security.auth.Subject.doAs(Subject.java:422) [?:1.8.0_212]
	at org.apache.hadoop.security.UserGroupInformation.doAs(UserGroupInformation.java:1730) [hadoop-common-3.2.0.jar:?]
	at org.apache.hadoop.ipc.Server$Handler.run(Server.java:2682) [hadoop-common-3.2.0.jar:?]
08:43:27.495 [IPC Server handler 14 on 45152] ERROR OMAudit - user=jenkins1000 | ip=127.0.0.1 | op=GET_FILE_STATUS {volume=volume52055, bucket=bucket14370, key=test/ITestOzoneContractDistCp/testUpdateDeepDirectoryStructureNoChange/remote/outputDir/inputDir/subDir4/subDir4, dataSize=0, replicationType=null, replicationFactor=null, keyLocationInfo=null} | ret=FAILURE
org.apache.hadoop.ozone.om.exceptions.OMException: Unable to get file status: volume: volume52055 bucket: bucket14370 key: test/ITestOzoneContractDistCp/testUpdateDeepDirectoryStructureNoChange/remote/outputDir/inputDir/subDir4/subDir4
	at org.apache.hadoop.ozone.om.KeyManagerImpl.getFileStatus(KeyManagerImpl.java:1785) ~[hadoop-ozone-ozone-manager-0.5.0-SNAPSHOT.jar:?]
	at org.apache.hadoop.ozone.om.OzoneManager.getFileStatus(OzoneManager.java:2892) [hadoop-ozone-ozone-manager-0.5.0-SNAPSHOT.jar:?]
	at org.apache.hadoop.ozone.protocolPB.OzoneManagerRequestHandler.getOzoneFileStatus(OzoneManagerRequestHandler.java:1051) [hadoop-ozone-ozone-manager-0.5.0-SNAPSHOT.jar:?]
	at org.apache.hadoop.ozone.protocolPB.OzoneManagerRequestHandler.handle(OzoneManagerRequestHandler.java:338) [hadoop-ozone-ozone-manager-0.5.0-SNAPSHOT.jar:?]
	at org.apache.hadoop.ozone.protocolPB.OzoneManagerProtocolServerSideTranslatorPB.submitRequestDirectlyToOM(OzoneManagerProtocolServerSideTranslatorPB.java:233) [hadoop-ozone-ozone-manager-0.5.0-SNAPSHOT.jar:?]
	at org.apache.hadoop.ozone.protocolPB.OzoneManagerProtocolServerSideTranslatorPB.processRequest(OzoneManagerProtocolServerSideTranslatorPB.java:157) [hadoop-ozone-ozone-manager-0.5.0-SNAPSHOT.jar:?]
	at org.apache.hadoop.ozone.protocolPB.OzoneManagerProtocolServerSideTranslatorPB.submitRequest(OzoneManagerProtocolServerSideTranslatorPB.java:111) [hadoop-ozone-ozone-manager-0.5.0-SNAPSHOT.jar:?]
	at org.apache.hadoop.ozone.protocol.proto.OzoneManagerProtocolProtos$OzoneManagerService$2.callBlockingMethod(OzoneManagerProtocolProtos.java) [hadoop-ozone-common-0.5.0-SNAPSHOT.jar:?]
	at org.apache.hadoop.ipc.ProtobufRpcEngine$Server$ProtoBufRpcInvoker.call(ProtobufRpcEngine.java:524) [hadoop-common-3.2.0.jar:?]
	at org.apache.hadoop.ipc.RPC$Server.call(RPC.java:1025) [hadoop-common-3.2.0.jar:?]
	at org.apache.hadoop.ipc.Server$RpcCall.run(Server.java:876) [hadoop-common-3.2.0.jar:?]
	at org.apache.hadoop.ipc.Server$RpcCall.run(Server.java:822) [hadoop-common-3.2.0.jar:?]
	at java.security.AccessController.doPrivileged(Native Method) [?:1.8.0_212]
	at javax.security.auth.Subject.doAs(Subject.java:422) [?:1.8.0_212]
	at org.apache.hadoop.security.UserGroupInformation.doAs(UserGroupInformation.java:1730) [hadoop-common-3.2.0.jar:?]
	at org.apache.hadoop.ipc.Server$Handler.run(Server.java:2682) [hadoop-common-3.2.0.jar:?]
08:43:27.504 [IPC Server handler 16 on 45152] ERROR OMAudit - user=jenkins1000 | ip=127.0.0.1 | op=GET_FILE_STATUS {volume=volume52055, bucket=bucket14370, key=test/ITestOzoneContractDistCp/testUpdateDeepDirectoryStructureNoChange/remote/outputDir/inputDir/subDir4/subDir4/file5, dataSize=0, replicationType=null, replicationFactor=null, keyLocationInfo=null} | ret=FAILURE
org.apache.hadoop.ozone.om.exceptions.OMException: Unable to get file status: volume: volume52055 bucket: bucket14370 key: test/ITestOzoneContractDistCp/testUpdateDeepDirectoryStructureNoChange/remote/outputDir/inputDir/subDir4/subDir4/file5
	at org.apache.hadoop.ozone.om.KeyManagerImpl.getFileStatus(KeyManagerImpl.java:1785) ~[hadoop-ozone-ozone-manager-0.5.0-SNAPSHOT.jar:?]
	at org.apache.hadoop.ozone.om.OzoneManager.getFileStatus(OzoneManager.java:2892) [hadoop-ozone-ozone-manager-0.5.0-SNAPSHOT.jar:?]
	at org.apache.hadoop.ozone.protocolPB.OzoneManagerRequestHandler.getOzoneFileStatus(OzoneManagerRequestHandler.java:1051) [hadoop-ozone-ozone-manager-0.5.0-SNAPSHOT.jar:?]
	at org.apache.hadoop.ozone.protocolPB.OzoneManagerRequestHandler.handle(OzoneManagerRequestHandler.java:338) [hadoop-ozone-ozone-manager-0.5.0-SNAPSHOT.jar:?]
	at org.apache.hadoop.ozone.protocolPB.OzoneManagerProtocolServerSideTranslatorPB.submitRequestDirectlyToOM(OzoneManagerProtocolServerSideTranslatorPB.java:233) [hadoop-ozone-ozone-manager-0.5.0-SNAPSHOT.jar:?]
	at org.apache.hadoop.ozone.protocolPB.OzoneManagerProtocolServerSideTranslatorPB.processRequest(OzoneManagerProtocolServerSideTranslatorPB.java:157) [hadoop-ozone-ozone-manager-0.5.0-SNAPSHOT.jar:?]
	at org.apache.hadoop.ozone.protocolPB.OzoneManagerProtocolServerSideTranslatorPB.submitRequest(OzoneManagerProtocolServerSideTranslatorPB.java:111) [hadoop-ozone-ozone-manager-0.5.0-SNAPSHOT.jar:?]
	at org.apache.hadoop.ozone.protocol.proto.OzoneManagerProtocolProtos$OzoneManagerService$2.callBlockingMethod(OzoneManagerProtocolProtos.java) [hadoop-ozone-common-0.5.0-SNAPSHOT.jar:?]
	at org.apache.hadoop.ipc.ProtobufRpcEngine$Server$ProtoBufRpcInvoker.call(ProtobufRpcEngine.java:524) [hadoop-common-3.2.0.jar:?]
	at org.apache.hadoop.ipc.RPC$Server.call(RPC.java:1025) [hadoop-common-3.2.0.jar:?]
	at org.apache.hadoop.ipc.Server$RpcCall.run(Server.java:876) [hadoop-common-3.2.0.jar:?]
	at org.apache.hadoop.ipc.Server$RpcCall.run(Server.java:822) [hadoop-common-3.2.0.jar:?]
	at java.security.AccessController.doPrivileged(Native Method) [?:1.8.0_212]
	at javax.security.auth.Subject.doAs(Subject.java:422) [?:1.8.0_212]
	at org.apache.hadoop.security.UserGroupInformation.doAs(UserGroupInformation.java:1730) [hadoop-common-3.2.0.jar:?]
	at org.apache.hadoop.ipc.Server$Handler.run(Server.java:2682) [hadoop-common-3.2.0.jar:?]
08:43:27.523 [IPC Server handler 1 on 45152] ERROR OMAudit - user=jenkins1000 | ip=127.0.0.1 | op=GET_FILE_STATUS {volume=volume52055, bucket=bucket14370, key=test/ITestOzoneContractDistCp/testUpdateDeepDirectoryStructureNoChange/remote/outputDir/.distcp.tmp.attempt_local2017747317_0001_m_000001_0, dataSize=0, replicationType=null, replicationFactor=null, keyLocationInfo=null} | ret=FAILURE
org.apache.hadoop.ozone.om.exceptions.OMException: Unable to get file status: volume: volume52055 bucket: bucket14370 key: test/ITestOzoneContractDistCp/testUpdateDeepDirectoryStructureNoChange/remote/outputDir/.distcp.tmp.attempt_local2017747317_0001_m_000001_0
	at org.apache.hadoop.ozone.om.KeyManagerImpl.getFileStatus(KeyManagerImpl.java:1785) ~[hadoop-ozone-ozone-manager-0.5.0-SNAPSHOT.jar:?]
	at org.apache.hadoop.ozone.om.OzoneManager.getFileStatus(OzoneManager.java:2892) [hadoop-ozone-ozone-manager-0.5.0-SNAPSHOT.jar:?]
	at org.apache.hadoop.ozone.protocolPB.OzoneManagerRequestHandler.getOzoneFileStatus(OzoneManagerRequestHandler.java:1051) [hadoop-ozone-ozone-manager-0.5.0-SNAPSHOT.jar:?]
	at org.apache.hadoop.ozone.protocolPB.OzoneManagerRequestHandler.handle(OzoneManagerRequestHandler.java:338) [hadoop-ozone-ozone-manager-0.5.0-SNAPSHOT.jar:?]
	at org.apache.hadoop.ozone.protocolPB.OzoneManagerProtocolServerSideTranslatorPB.submitRequestDirectlyToOM(OzoneManagerProtocolServerSideTranslatorPB.java:233) [hadoop-ozone-ozone-manager-0.5.0-SNAPSHOT.jar:?]
	at org.apache.hadoop.ozone.protocolPB.OzoneManagerProtocolServerSideTranslatorPB.processRequest(OzoneManagerProtocolServerSideTranslatorPB.java:157) [hadoop-ozone-ozone-manager-0.5.0-SNAPSHOT.jar:?]
	at org.apache.hadoop.ozone.protocolPB.OzoneManagerProtocolServerSideTranslatorPB.submitRequest(OzoneManagerProtocolServerSideTranslatorPB.java:111) [hadoop-ozone-ozone-manager-0.5.0-SNAPSHOT.jar:?]
	at org.apache.hadoop.ozone.protocol.proto.OzoneManagerProtocolProtos$OzoneManagerService$2.callBlockingMethod(OzoneManagerProtocolProtos.java) [hadoop-ozone-common-0.5.0-SNAPSHOT.jar:?]
	at org.apache.hadoop.ipc.ProtobufRpcEngine$Server$ProtoBufRpcInvoker.call(ProtobufRpcEngine.java:524) [hadoop-common-3.2.0.jar:?]
	at org.apache.hadoop.ipc.RPC$Server.call(RPC.java:1025) [hadoop-common-3.2.0.jar:?]
	at org.apache.hadoop.ipc.Server$RpcCall.run(Server.java:876) [hadoop-common-3.2.0.jar:?]
	at org.apache.hadoop.ipc.Server$RpcCall.run(Server.java:822) [hadoop-common-3.2.0.jar:?]
	at java.security.AccessController.doPrivileged(Native Method) [?:1.8.0_212]
	at javax.security.auth.Subject.doAs(Subject.java:422) [?:1.8.0_212]
	at org.apache.hadoop.security.UserGroupInformation.doAs(UserGroupInformation.java:1730) [hadoop-common-3.2.0.jar:?]
	at org.apache.hadoop.ipc.Server$Handler.run(Server.java:2682) [hadoop-common-3.2.0.jar:?]
2019-09-25 08:43:27,524 [LocalJobRunner Map Task Executor #0] WARN  ozone.BasicOzoneFileSystem (BasicOzoneFileSystem.java:delete(442)) - delete: Path does not exist: o3fs://bucket14370.volume52055/test/ITestOzoneContractDistCp/testUpdateDeepDirectoryStructureNoChange/remote/outputDir/.distcp.tmp.attempt_local2017747317_0001_m_000001_0
2019-09-25 08:43:27,526 [LocalJobRunner Map Task Executor #0] INFO  mapred.LocalJobRunner (LocalJobRunner.java:statusUpdate(634)) - 100.0% Copying file:/workdir/hadoop-ozone/ozonefs/target/test-dir/ITestOzoneContractDistCp/testUpdateDeepDirectoryStructureNoChange/local/inputDir/subDir4/subDir4/file5 to o3fs://bucket14370.volume52055/test/ITestOzoneContractDistCp/testUpdateDeepDirectoryStructureNoChange/remote/outputDir/inputDir/subDir4/subDir4/file5 [500.0B/500.0B] > map
2019-09-25 08:43:27,530 [LocalJobRunner Map Task Executor #0] INFO  mapred.Task (Task.java:done(1244)) - Task:attempt_local2017747317_0001_m_000001_0 is done. And is in the process of committing
2019-09-25 08:43:27,531 [LocalJobRunner Map Task Executor #0] INFO  mapred.LocalJobRunner (LocalJobRunner.java:statusUpdate(634)) - 100.0% Copying file:/workdir/hadoop-ozone/ozonefs/target/test-dir/ITestOzoneContractDistCp/testUpdateDeepDirectoryStructureNoChange/local/inputDir/subDir4/subDir4/file5 to o3fs://bucket14370.volume52055/test/ITestOzoneContractDistCp/testUpdateDeepDirectoryStructureNoChange/remote/outputDir/inputDir/subDir4/subDir4/file5 [500.0B/500.0B] > map
2019-09-25 08:43:27,531 [LocalJobRunner Map Task Executor #0] INFO  mapred.Task (Task.java:commit(1421)) - Task attempt_local2017747317_0001_m_000001_0 is allowed to commit now
2019-09-25 08:43:27,534 [LocalJobRunner Map Task Executor #0] INFO  output.FileOutputCommitter (FileOutputCommitter.java:commitTask(598)) - Saved output of task 'attempt_local2017747317_0001_m_000001_0' to file:/tmp/hadoop/mapred/staging/jenkins10001754387747/.staging/_distcp1947804364/_logs
2019-09-25 08:43:27,535 [LocalJobRunner Map Task Executor #0] INFO  mapred.LocalJobRunner (LocalJobRunner.java:statusUpdate(634)) - 100.0% Copying file:/workdir/hadoop-ozone/ozonefs/target/test-dir/ITestOzoneContractDistCp/testUpdateDeepDirectoryStructureNoChange/local/inputDir/subDir4/subDir4/file5 to o3fs://bucket14370.volume52055/test/ITestOzoneContractDistCp/testUpdateDeepDirectoryStructureNoChange/remote/outputDir/inputDir/subDir4/subDir4/file5 [500.0B/500.0B]
2019-09-25 08:43:27,535 [LocalJobRunner Map Task Executor #0] INFO  mapred.Task (Task.java:sendDone(1380)) - Task 'attempt_local2017747317_0001_m_000001_0' done.
2019-09-25 08:43:27,541 [LocalJobRunner Map Task Executor #0] INFO  mapred.Task (Task.java:done(1276)) - Final Counters for attempt_local2017747317_0001_m_000001_0: Counters: 24
	File System Counters
		FILE: Number of bytes read=208913
		FILE: Number of bytes written=822221
		FILE: Number of read operations=0
		FILE: Number of large read operations=0
		FILE: Number of write operations=0
		O3FS: Number of bytes read=0
		O3FS: Number of bytes written=700
		O3FS: Number of read operations=29
		O3FS: Number of large read operations=0
		O3FS: Number of write operations=15
	Map-Reduce Framework
		Map input records=2
		Map output records=0
		Input split bytes=158
		Spilled Records=0
		Failed Shuffles=0
		Merged Map outputs=0
		GC time elapsed (ms)=0
		Total committed heap usage (bytes)=1340080128
	File Input Format Counters 
		Bytes Read=3124
	File Output Format Counters 
		Bytes Written=8
	DistCp Counters
		Bandwidth in Btyes=33
		Bytes Copied=700
		Bytes Expected=700
		Files Copied=2
2019-09-25 08:43:27,541 [LocalJobRunner Map Task Executor #0] INFO  mapred.LocalJobRunner (LocalJobRunner.java:run(277)) - Finishing task: attempt_local2017747317_0001_m_000001_0
2019-09-25 08:43:27,541 [LocalJobRunner Map Task Executor #0] INFO  mapred.LocalJobRunner (LocalJobRunner.java:run(252)) - Starting task: attempt_local2017747317_0001_m_000002_0
2019-09-25 08:43:27,546 [LocalJobRunner Map Task Executor #0] INFO  output.FileOutputCommitter (FileOutputCommitter.java:<init>(140)) - File Output Committer Algorithm version is 2
2019-09-25 08:43:27,546 [LocalJobRunner Map Task Executor #0] INFO  output.FileOutputCommitter (FileOutputCommitter.java:<init>(155)) - FileOutputCommitter skip cleanup _temporary folders under output directory:false, ignore cleanup failures: false
2019-09-25 08:43:27,547 [LocalJobRunner Map Task Executor #0] INFO  mapred.Task (Task.java:initialize(626)) -  Using ResourceCalculatorProcessTree : [ ]
2019-09-25 08:43:27,548 [LocalJobRunner Map Task Executor #0] INFO  mapred.MapTask (MapTask.java:runNewMapper(768)) - Processing split: file:/tmp/hadoop/mapred/staging/jenkins10001754387747/.staging/_distcp1947804364/fileList.seq:0+324
2019-09-25 08:43:27,549 [LocalJobRunner Map Task Executor #0] INFO  output.FileOutputCommitter (FileOutputCommitter.java:<init>(140)) - File Output Committer Algorithm version is 2
2019-09-25 08:43:27,549 [LocalJobRunner Map Task Executor #0] INFO  output.FileOutputCommitter (FileOutputCommitter.java:<init>(155)) - FileOutputCommitter skip cleanup _temporary folders under output directory:false, ignore cleanup failures: false
2019-09-25 08:43:27,567 [LocalJobRunner Map Task Executor #0] INFO  mapred.CopyMapper (CopyMapper.java:map(154)) - Copying file:/workdir/hadoop-ozone/ozonefs/target/test-dir/ITestOzoneContractDistCp/testUpdateDeepDirectoryStructureNoChange/local/inputDir to o3fs://bucket14370.volume52055/test/ITestOzoneContractDistCp/testUpdateDeepDirectoryStructureNoChange/remote/outputDir/inputDir
2019-09-25 08:43:27,579 [LocalJobRunner Map Task Executor #0] INFO  mapred.LocalJobRunner (LocalJobRunner.java:statusUpdate(634)) - 
2019-09-25 08:43:27,580 [LocalJobRunner Map Task Executor #0] INFO  mapred.Task (Task.java:done(1244)) - Task:attempt_local2017747317_0001_m_000002_0 is done. And is in the process of committing
2019-09-25 08:43:27,581 [LocalJobRunner Map Task Executor #0] INFO  mapred.LocalJobRunner (LocalJobRunner.java:statusUpdate(634)) - 
2019-09-25 08:43:27,581 [LocalJobRunner Map Task Executor #0] INFO  mapred.Task (Task.java:commit(1421)) - Task attempt_local2017747317_0001_m_000002_0 is allowed to commit now
2019-09-25 08:43:27,582 [LocalJobRunner Map Task Executor #0] INFO  output.FileOutputCommitter (FileOutputCommitter.java:commitTask(598)) - Saved output of task 'attempt_local2017747317_0001_m_000002_0' to file:/tmp/hadoop/mapred/staging/jenkins10001754387747/.staging/_distcp1947804364/_logs
2019-09-25 08:43:27,583 [LocalJobRunner Map Task Executor #0] INFO  mapred.LocalJobRunner (LocalJobRunner.java:statusUpdate(634)) - Copying file:/workdir/hadoop-ozone/ozonefs/target/test-dir/ITestOzoneContractDistCp/testUpdateDeepDirectoryStructureNoChange/local/inputDir to o3fs://bucket14370.volume52055/test/ITestOzoneContractDistCp/testUpdateDeepDirectoryStructureNoChange/remote/outputDir/inputDir
2019-09-25 08:43:27,583 [LocalJobRunner Map Task Executor #0] INFO  mapred.Task (Task.java:sendDone(1380)) - Task 'attempt_local2017747317_0001_m_000002_0' done.
2019-09-25 08:43:27,584 [LocalJobRunner Map Task Executor #0] INFO  mapred.Task (Task.java:done(1276)) - Final Counters for attempt_local2017747317_0001_m_000002_0: Counters: 22
	File System Counters
		FILE: Number of bytes read=213328
		FILE: Number of bytes written=822229
		FILE: Number of read operations=0
		FILE: Number of large read operations=0
		FILE: Number of write operations=0
		O3FS: Number of bytes read=0
		O3FS: Number of bytes written=700
		O3FS: Number of read operations=31
		O3FS: Number of large read operations=0
		O3FS: Number of write operations=15
	Map-Reduce Framework
		Map input records=1
		Map output records=0
		Input split bytes=158
		Spilled Records=0
		Failed Shuffles=0
		Merged Map outputs=0
		GC time elapsed (ms)=0
		Total committed heap usage (bytes)=1340080128
	File Input Format Counters 
		Bytes Read=3124
	File Output Format Counters 
		Bytes Written=8
	DistCp Counters
		Bandwidth in Btyes=0
		DIR_COPY=1
2019-09-25 08:43:27,584 [LocalJobRunner Map Task Executor #0] INFO  mapred.LocalJobRunner (LocalJobRunner.java:run(277)) - Finishing task: attempt_local2017747317_0001_m_000002_0
2019-09-25 08:43:27,584 [LocalJobRunner Map Task Executor #0] INFO  mapred.LocalJobRunner (LocalJobRunner.java:run(252)) - Starting task: attempt_local2017747317_0001_m_000003_0
2019-09-25 08:43:27,588 [LocalJobRunner Map Task Executor #0] INFO  output.FileOutputCommitter (FileOutputCommitter.java:<init>(140)) - File Output Committer Algorithm version is 2
2019-09-25 08:43:27,589 [LocalJobRunner Map Task Executor #0] INFO  output.FileOutputCommitter (FileOutputCommitter.java:<init>(155)) - FileOutputCommitter skip cleanup _temporary folders under output directory:false, ignore cleanup failures: false
2019-09-25 08:43:27,589 [LocalJobRunner Map Task Executor #0] INFO  mapred.Task (Task.java:initialize(626)) -  Using ResourceCalculatorProcessTree : [ ]
2019-09-25 08:43:27,591 [LocalJobRunner Map Task Executor #0] INFO  mapred.MapTask (MapTask.java:runNewMapper(768)) - Processing split: file:/tmp/hadoop/mapred/staging/jenkins10001754387747/.staging/_distcp1947804364/fileList.seq:1424+278
2019-09-25 08:43:27,591 [LocalJobRunner Map Task Executor #0] INFO  output.FileOutputCommitter (FileOutputCommitter.java:<init>(140)) - File Output Committer Algorithm version is 2
2019-09-25 08:43:27,591 [LocalJobRunner Map Task Executor #0] INFO  output.FileOutputCommitter (FileOutputCommitter.java:<init>(155)) - FileOutputCommitter skip cleanup _temporary folders under output directory:false, ignore cleanup failures: false
2019-09-25 08:43:27,604 [LocalJobRunner Map Task Executor #0] INFO  mapred.CopyMapper (CopyMapper.java:map(154)) - Copying file:/workdir/hadoop-ozone/ozonefs/target/test-dir/ITestOzoneContractDistCp/testUpdateDeepDirectoryStructureNoChange/local/inputDir/subDir2/subDir2 to o3fs://bucket14370.volume52055/test/ITestOzoneContractDistCp/testUpdateDeepDirectoryStructureNoChange/remote/outputDir/inputDir/subDir2/subDir2
08:43:27.609 [IPC Server handler 4 on 45152] ERROR OMAudit - user=jenkins1000 | ip=127.0.0.1 | op=GET_FILE_STATUS {volume=volume52055, bucket=bucket14370, key=test/ITestOzoneContractDistCp/testUpdateDeepDirectoryStructureNoChange/remote/outputDir/inputDir/subDir2/subDir2, dataSize=0, replicationType=null, replicationFactor=null, keyLocationInfo=null} | ret=FAILURE
org.apache.hadoop.ozone.om.exceptions.OMException: Unable to get file status: volume: volume52055 bucket: bucket14370 key: test/ITestOzoneContractDistCp/testUpdateDeepDirectoryStructureNoChange/remote/outputDir/inputDir/subDir2/subDir2
	at org.apache.hadoop.ozone.om.KeyManagerImpl.getFileStatus(KeyManagerImpl.java:1785) ~[hadoop-ozone-ozone-manager-0.5.0-SNAPSHOT.jar:?]
	at org.apache.hadoop.ozone.om.OzoneManager.getFileStatus(OzoneManager.java:2892) [hadoop-ozone-ozone-manager-0.5.0-SNAPSHOT.jar:?]
	at org.apache.hadoop.ozone.protocolPB.OzoneManagerRequestHandler.getOzoneFileStatus(OzoneManagerRequestHandler.java:1051) [hadoop-ozone-ozone-manager-0.5.0-SNAPSHOT.jar:?]
	at org.apache.hadoop.ozone.protocolPB.OzoneManagerRequestHandler.handle(OzoneManagerRequestHandler.java:338) [hadoop-ozone-ozone-manager-0.5.0-SNAPSHOT.jar:?]
	at org.apache.hadoop.ozone.protocolPB.OzoneManagerProtocolServerSideTranslatorPB.submitRequestDirectlyToOM(OzoneManagerProtocolServerSideTranslatorPB.java:233) [hadoop-ozone-ozone-manager-0.5.0-SNAPSHOT.jar:?]
	at org.apache.hadoop.ozone.protocolPB.OzoneManagerProtocolServerSideTranslatorPB.processRequest(OzoneManagerProtocolServerSideTranslatorPB.java:157) [hadoop-ozone-ozone-manager-0.5.0-SNAPSHOT.jar:?]
	at org.apache.hadoop.ozone.protocolPB.OzoneManagerProtocolServerSideTranslatorPB.submitRequest(OzoneManagerProtocolServerSideTranslatorPB.java:111) [hadoop-ozone-ozone-manager-0.5.0-SNAPSHOT.jar:?]
	at org.apache.hadoop.ozone.protocol.proto.OzoneManagerProtocolProtos$OzoneManagerService$2.callBlockingMethod(OzoneManagerProtocolProtos.java) [hadoop-ozone-common-0.5.0-SNAPSHOT.jar:?]
	at org.apache.hadoop.ipc.ProtobufRpcEngine$Server$ProtoBufRpcInvoker.call(ProtobufRpcEngine.java:524) [hadoop-common-3.2.0.jar:?]
	at org.apache.hadoop.ipc.RPC$Server.call(RPC.java:1025) [hadoop-common-3.2.0.jar:?]
	at org.apache.hadoop.ipc.Server$RpcCall.run(Server.java:876) [hadoop-common-3.2.0.jar:?]
	at org.apache.hadoop.ipc.Server$RpcCall.run(Server.java:822) [hadoop-common-3.2.0.jar:?]
	at java.security.AccessController.doPrivileged(Native Method) [?:1.8.0_212]
	at javax.security.auth.Subject.doAs(Subject.java:422) [?:1.8.0_212]
	at org.apache.hadoop.security.UserGroupInformation.doAs(UserGroupInformation.java:1730) [hadoop-common-3.2.0.jar:?]
	at org.apache.hadoop.ipc.Server$Handler.run(Server.java:2682) [hadoop-common-3.2.0.jar:?]
2019-09-25 08:43:27,613 [LocalJobRunner Map Task Executor #0] INFO  mapred.LocalJobRunner (LocalJobRunner.java:statusUpdate(634)) - 
2019-09-25 08:43:27,613 [LocalJobRunner Map Task Executor #0] INFO  mapred.Task (Task.java:done(1244)) - Task:attempt_local2017747317_0001_m_000003_0 is done. And is in the process of committing
2019-09-25 08:43:27,614 [LocalJobRunner Map Task Executor #0] INFO  mapred.LocalJobRunner (LocalJobRunner.java:statusUpdate(634)) - 
2019-09-25 08:43:27,614 [LocalJobRunner Map Task Executor #0] INFO  mapred.Task (Task.java:commit(1421)) - Task attempt_local2017747317_0001_m_000003_0 is allowed to commit now
2019-09-25 08:43:27,616 [LocalJobRunner Map Task Executor #0] INFO  output.FileOutputCommitter (FileOutputCommitter.java:commitTask(598)) - Saved output of task 'attempt_local2017747317_0001_m_000003_0' to file:/tmp/hadoop/mapred/staging/jenkins10001754387747/.staging/_distcp1947804364/_logs
2019-09-25 08:43:27,616 [LocalJobRunner Map Task Executor #0] INFO  mapred.LocalJobRunner (LocalJobRunner.java:statusUpdate(634)) - Copying file:/workdir/hadoop-ozone/ozonefs/target/test-dir/ITestOzoneContractDistCp/testUpdateDeepDirectoryStructureNoChange/local/inputDir/subDir2/subDir2 to o3fs://bucket14370.volume52055/test/ITestOzoneContractDistCp/testUpdateDeepDirectoryStructureNoChange/remote/outputDir/inputDir/subDir2/subDir2
2019-09-25 08:43:27,616 [LocalJobRunner Map Task Executor #0] INFO  mapred.Task (Task.java:sendDone(1380)) - Task 'attempt_local2017747317_0001_m_000003_0' done.
2019-09-25 08:43:27,617 [LocalJobRunner Map Task Executor #0] INFO  mapred.Task (Task.java:done(1276)) - Final Counters for attempt_local2017747317_0001_m_000003_0: Counters: 22
	File System Counters
		FILE: Number of bytes read=217743
		FILE: Number of bytes written=822237
		FILE: Number of read operations=0
		FILE: Number of large read operations=0
		FILE: Number of write operations=0
		O3FS: Number of bytes read=0
		O3FS: Number of bytes written=700
		O3FS: Number of read operations=33
		O3FS: Number of large read operations=0
		O3FS: Number of write operations=15
	Map-Reduce Framework
		Map input records=1
		Map output records=0
		Input split bytes=158
		Spilled Records=0
		Failed Shuffles=0
		Merged Map outputs=0
		GC time elapsed (ms)=0
		Total committed heap usage (bytes)=1340080128
	File Input Format Counters 
		Bytes Read=3124
	File Output Format Counters 
		Bytes Written=8
	DistCp Counters
		Bandwidth in Btyes=0
		DIR_COPY=1
2019-09-25 08:43:27,617 [LocalJobRunner Map Task Executor #0] INFO  mapred.LocalJobRunner (LocalJobRunner.java:run(277)) - Finishing task: attempt_local2017747317_0001_m_000003_0
2019-09-25 08:43:27,617 [LocalJobRunner Map Task Executor #0] INFO  mapred.LocalJobRunner (LocalJobRunner.java:run(252)) - Starting task: attempt_local2017747317_0001_m_000004_0
2019-09-25 08:43:27,621 [LocalJobRunner Map Task Executor #0] INFO  output.FileOutputCommitter (FileOutputCommitter.java:<init>(140)) - File Output Committer Algorithm version is 2
2019-09-25 08:43:27,621 [LocalJobRunner Map Task Executor #0] INFO  output.FileOutputCommitter (FileOutputCommitter.java:<init>(155)) - FileOutputCommitter skip cleanup _temporary folders under output directory:false, ignore cleanup failures: false
2019-09-25 08:43:27,621 [LocalJobRunner Map Task Executor #0] INFO  mapred.Task (Task.java:initialize(626)) -  Using ResourceCalculatorProcessTree : [ ]
2019-09-25 08:43:27,622 [LocalJobRunner Map Task Executor #0] INFO  mapred.MapTask (MapTask.java:runNewMapper(768)) - Processing split: file:/tmp/hadoop/mapred/staging/jenkins10001754387747/.staging/_distcp1947804364/fileList.seq:2266+278
2019-09-25 08:43:27,623 [LocalJobRunner Map Task Executor #0] INFO  output.FileOutputCommitter (FileOutputCommitter.java:<init>(140)) - File Output Committer Algorithm version is 2
2019-09-25 08:43:27,623 [LocalJobRunner Map Task Executor #0] INFO  output.FileOutputCommitter (FileOutputCommitter.java:<init>(155)) - FileOutputCommitter skip cleanup _temporary folders under output directory:false, ignore cleanup failures: false
2019-09-25 08:43:27,635 [LocalJobRunner Map Task Executor #0] INFO  mapred.CopyMapper (CopyMapper.java:map(154)) - Copying file:/workdir/hadoop-ozone/ozonefs/target/test-dir/ITestOzoneContractDistCp/testUpdateDeepDirectoryStructureNoChange/local/inputDir/subDir4/subDir4 to o3fs://bucket14370.volume52055/test/ITestOzoneContractDistCp/testUpdateDeepDirectoryStructureNoChange/remote/outputDir/inputDir/subDir4/subDir4
2019-09-25 08:43:27,644 [LocalJobRunner Map Task Executor #0] INFO  mapred.LocalJobRunner (LocalJobRunner.java:statusUpdate(634)) - 
2019-09-25 08:43:27,644 [LocalJobRunner Map Task Executor #0] INFO  mapred.Task (Task.java:done(1244)) - Task:attempt_local2017747317_0001_m_000004_0 is done. And is in the process of committing
2019-09-25 08:43:27,645 [LocalJobRunner Map Task Executor #0] INFO  mapred.LocalJobRunner (LocalJobRunner.java:statusUpdate(634)) - 
2019-09-25 08:43:27,645 [LocalJobRunner Map Task Executor #0] INFO  mapred.Task (Task.java:commit(1421)) - Task attempt_local2017747317_0001_m_000004_0 is allowed to commit now
2019-09-25 08:43:27,646 [LocalJobRunner Map Task Executor #0] INFO  output.FileOutputCommitter (FileOutputCommitter.java:commitTask(598)) - Saved output of task 'attempt_local2017747317_0001_m_000004_0' to file:/tmp/hadoop/mapred/staging/jenkins10001754387747/.staging/_distcp1947804364/_logs
2019-09-25 08:43:27,647 [LocalJobRunner Map Task Executor #0] INFO  mapred.LocalJobRunner (LocalJobRunner.java:statusUpdate(634)) - Copying file:/workdir/hadoop-ozone/ozonefs/target/test-dir/ITestOzoneContractDistCp/testUpdateDeepDirectoryStructureNoChange/local/inputDir/subDir4/subDir4 to o3fs://bucket14370.volume52055/test/ITestOzoneContractDistCp/testUpdateDeepDirectoryStructureNoChange/remote/outputDir/inputDir/subDir4/subDir4
2019-09-25 08:43:27,647 [LocalJobRunner Map Task Executor #0] INFO  mapred.Task (Task.java:sendDone(1380)) - Task 'attempt_local2017747317_0001_m_000004_0' done.
2019-09-25 08:43:27,647 [LocalJobRunner Map Task Executor #0] INFO  mapred.Task (Task.java:done(1276)) - Final Counters for attempt_local2017747317_0001_m_000004_0: Counters: 22
	File System Counters
		FILE: Number of bytes read=221646
		FILE: Number of bytes written=822245
		FILE: Number of read operations=0
		FILE: Number of large read operations=0
		FILE: Number of write operations=0
		O3FS: Number of bytes read=0
		O3FS: Number of bytes written=700
		O3FS: Number of read operations=35
		O3FS: Number of large read operations=0
		O3FS: Number of write operations=15
	Map-Reduce Framework
		Map input records=1
		Map output records=0
		Input split bytes=158
		Spilled Records=0
		Failed Shuffles=0
		Merged Map outputs=0
		GC time elapsed (ms)=0
		Total committed heap usage (bytes)=1340080128
	File Input Format Counters 
		Bytes Read=3124
	File Output Format Counters 
		Bytes Written=8
	DistCp Counters
		Bandwidth in Btyes=0
		DIR_COPY=1
2019-09-25 08:43:27,647 [LocalJobRunner Map Task Executor #0] INFO  mapred.LocalJobRunner (LocalJobRunner.java:run(277)) - Finishing task: attempt_local2017747317_0001_m_000004_0
2019-09-25 08:43:27,647 [LocalJobRunner Map Task Executor #0] INFO  mapred.LocalJobRunner (LocalJobRunner.java:run(252)) - Starting task: attempt_local2017747317_0001_m_000005_0
2019-09-25 08:43:27,652 [LocalJobRunner Map Task Executor #0] INFO  output.FileOutputCommitter (FileOutputCommitter.java:<init>(140)) - File Output Committer Algorithm version is 2
2019-09-25 08:43:27,652 [LocalJobRunner Map Task Executor #0] INFO  output.FileOutputCommitter (FileOutputCommitter.java:<init>(155)) - FileOutputCommitter skip cleanup _temporary folders under output directory:false, ignore cleanup failures: false
2019-09-25 08:43:27,652 [LocalJobRunner Map Task Executor #0] INFO  mapred.Task (Task.java:initialize(626)) -  Using ResourceCalculatorProcessTree : [ ]
2019-09-25 08:43:27,653 [LocalJobRunner Map Task Executor #0] INFO  mapred.MapTask (MapTask.java:runNewMapper(768)) - Processing split: file:/tmp/hadoop/mapred/staging/jenkins10001754387747/.staging/_distcp1947804364/fileList.seq:1162+262
2019-09-25 08:43:27,653 [LocalJobRunner Map Task Executor #0] INFO  output.FileOutputCommitter (FileOutputCommitter.java:<init>(140)) - File Output Committer Algorithm version is 2
2019-09-25 08:43:27,654 [LocalJobRunner Map Task Executor #0] INFO  output.FileOutputCommitter (FileOutputCommitter.java:<init>(155)) - FileOutputCommitter skip cleanup _temporary folders under output directory:false, ignore cleanup failures: false
2019-09-25 08:43:27,666 [LocalJobRunner Map Task Executor #0] INFO  mapred.CopyMapper (CopyMapper.java:map(154)) - Copying file:/workdir/hadoop-ozone/ozonefs/target/test-dir/ITestOzoneContractDistCp/testUpdateDeepDirectoryStructureNoChange/local/inputDir/subDir4 to o3fs://bucket14370.volume52055/test/ITestOzoneContractDistCp/testUpdateDeepDirectoryStructureNoChange/remote/outputDir/inputDir/subDir4
2019-09-25 08:43:27,675 [LocalJobRunner Map Task Executor #0] INFO  mapred.LocalJobRunner (LocalJobRunner.java:statusUpdate(634)) - 
2019-09-25 08:43:27,676 [LocalJobRunner Map Task Executor #0] INFO  mapred.Task (Task.java:done(1244)) - Task:attempt_local2017747317_0001_m_000005_0 is done. And is in the process of committing
2019-09-25 08:43:27,677 [LocalJobRunner Map Task Executor #0] INFO  mapred.LocalJobRunner (LocalJobRunner.java:statusUpdate(634)) - 
2019-09-25 08:43:27,677 [LocalJobRunner Map Task Executor #0] INFO  mapred.Task (Task.java:commit(1421)) - Task attempt_local2017747317_0001_m_000005_0 is allowed to commit now
2019-09-25 08:43:27,679 [LocalJobRunner Map Task Executor #0] INFO  output.FileOutputCommitter (FileOutputCommitter.java:commitTask(598)) - Saved output of task 'attempt_local2017747317_0001_m_000005_0' to file:/tmp/hadoop/mapred/staging/jenkins10001754387747/.staging/_distcp1947804364/_logs
2019-09-25 08:43:27,679 [LocalJobRunner Map Task Executor #0] INFO  mapred.LocalJobRunner (LocalJobRunner.java:statusUpdate(634)) - Copying file:/workdir/hadoop-ozone/ozonefs/target/test-dir/ITestOzoneContractDistCp/testUpdateDeepDirectoryStructureNoChange/local/inputDir/subDir4 to o3fs://bucket14370.volume52055/test/ITestOzoneContractDistCp/testUpdateDeepDirectoryStructureNoChange/remote/outputDir/inputDir/subDir4
2019-09-25 08:43:27,679 [LocalJobRunner Map Task Executor #0] INFO  mapred.Task (Task.java:sendDone(1380)) - Task 'attempt_local2017747317_0001_m_000005_0' done.
2019-09-25 08:43:27,680 [LocalJobRunner Map Task Executor #0] INFO  mapred.Task (Task.java:done(1276)) - Final Counters for attempt_local2017747317_0001_m_000005_0: Counters: 22
	File System Counters
		FILE: Number of bytes read=225549
		FILE: Number of bytes written=822253
		FILE: Number of read operations=0
		FILE: Number of large read operations=0
		FILE: Number of write operations=0
		O3FS: Number of bytes read=0
		O3FS: Number of bytes written=700
		O3FS: Number of read operations=37
		O3FS: Number of large read operations=0
		O3FS: Number of write operations=15
	Map-Reduce Framework
		Map input records=1
		Map output records=0
		Input split bytes=158
		Spilled Records=0
		Failed Shuffles=0
		Merged Map outputs=0
		GC time elapsed (ms)=0
		Total committed heap usage (bytes)=1340080128
	File Input Format Counters 
		Bytes Read=3124
	File Output Format Counters 
		Bytes Written=8
	DistCp Counters
		Bandwidth in Btyes=0
		DIR_COPY=1
2019-09-25 08:43:27,680 [LocalJobRunner Map Task Executor #0] INFO  mapred.LocalJobRunner (LocalJobRunner.java:run(277)) - Finishing task: attempt_local2017747317_0001_m_000005_0
2019-09-25 08:43:27,680 [LocalJobRunner Map Task Executor #0] INFO  mapred.LocalJobRunner (LocalJobRunner.java:run(252)) - Starting task: attempt_local2017747317_0001_m_000006_0
2019-09-25 08:43:27,684 [LocalJobRunner Map Task Executor #0] INFO  output.FileOutputCommitter (FileOutputCommitter.java:<init>(140)) - File Output Committer Algorithm version is 2
2019-09-25 08:43:27,685 [LocalJobRunner Map Task Executor #0] INFO  output.FileOutputCommitter (FileOutputCommitter.java:<init>(155)) - FileOutputCommitter skip cleanup _temporary folders under output directory:false, ignore cleanup failures: false
2019-09-25 08:43:27,685 [LocalJobRunner Map Task Executor #0] INFO  mapred.Task (Task.java:initialize(626)) -  Using ResourceCalculatorProcessTree : [ ]
2019-09-25 08:43:27,686 [LocalJobRunner Map Task Executor #0] INFO  mapred.MapTask (MapTask.java:runNewMapper(768)) - Processing split: file:/tmp/hadoop/mapred/staging/jenkins10001754387747/.staging/_distcp1947804364/fileList.seq:2544+262
2019-09-25 08:43:27,687 [LocalJobRunner Map Task Executor #0] INFO  output.FileOutputCommitter (FileOutputCommitter.java:<init>(140)) - File Output Committer Algorithm version is 2
2019-09-25 08:43:27,687 [LocalJobRunner Map Task Executor #0] INFO  output.FileOutputCommitter (FileOutputCommitter.java:<init>(155)) - FileOutputCommitter skip cleanup _temporary folders under output directory:false, ignore cleanup failures: false
2019-09-25 08:43:27,702 [LocalJobRunner Map Task Executor #0] INFO  mapred.CopyMapper (CopyMapper.java:map(154)) - Copying file:/workdir/hadoop-ozone/ozonefs/target/test-dir/ITestOzoneContractDistCp/testUpdateDeepDirectoryStructureNoChange/local/inputDir/subDir2 to o3fs://bucket14370.volume52055/test/ITestOzoneContractDistCp/testUpdateDeepDirectoryStructureNoChange/remote/outputDir/inputDir/subDir2
2019-09-25 08:43:27,710 [LocalJobRunner Map Task Executor #0] INFO  mapred.LocalJobRunner (LocalJobRunner.java:statusUpdate(634)) - 
2019-09-25 08:43:27,711 [LocalJobRunner Map Task Executor #0] INFO  mapred.Task (Task.java:done(1244)) - Task:attempt_local2017747317_0001_m_000006_0 is done. And is in the process of committing
2019-09-25 08:43:27,712 [LocalJobRunner Map Task Executor #0] INFO  mapred.LocalJobRunner (LocalJobRunner.java:statusUpdate(634)) - 
2019-09-25 08:43:27,712 [LocalJobRunner Map Task Executor #0] INFO  mapred.Task (Task.java:commit(1421)) - Task attempt_local2017747317_0001_m_000006_0 is allowed to commit now
2019-09-25 08:43:27,713 [LocalJobRunner Map Task Executor #0] INFO  output.FileOutputCommitter (FileOutputCommitter.java:commitTask(598)) - Saved output of task 'attempt_local2017747317_0001_m_000006_0' to file:/tmp/hadoop/mapred/staging/jenkins10001754387747/.staging/_distcp1947804364/_logs
2019-09-25 08:43:27,714 [LocalJobRunner Map Task Executor #0] INFO  mapred.LocalJobRunner (LocalJobRunner.java:statusUpdate(634)) - Copying file:/workdir/hadoop-ozone/ozonefs/target/test-dir/ITestOzoneContractDistCp/testUpdateDeepDirectoryStructureNoChange/local/inputDir/subDir2 to o3fs://bucket14370.volume52055/test/ITestOzoneContractDistCp/testUpdateDeepDirectoryStructureNoChange/remote/outputDir/inputDir/subDir2
2019-09-25 08:43:27,714 [LocalJobRunner Map Task Executor #0] INFO  mapred.Task (Task.java:sendDone(1380)) - Task 'attempt_local2017747317_0001_m_000006_0' done.
2019-09-25 08:43:27,715 [LocalJobRunner Map Task Executor #0] INFO  mapred.Task (Task.java:done(1276)) - Final Counters for attempt_local2017747317_0001_m_000006_0: Counters: 22
	File System Counters
		FILE: Number of bytes read=229452
		FILE: Number of bytes written=822261
		FILE: Number of read operations=0
		FILE: Number of large read operations=0
		FILE: Number of write operations=0
		O3FS: Number of bytes read=0
		O3FS: Number of bytes written=700
		O3FS: Number of read operations=39
		O3FS: Number of large read operations=0
		O3FS: Number of write operations=15
	Map-Reduce Framework
		Map input records=1
		Map output records=0
		Input split bytes=158
		Spilled Records=0
		Failed Shuffles=0
		Merged Map outputs=0
		GC time elapsed (ms)=0
		Total committed heap usage (bytes)=1340080128
	File Input Format Counters 
		Bytes Read=3124
	File Output Format Counters 
		Bytes Written=8
	DistCp Counters
		Bandwidth in Btyes=0
		DIR_COPY=1
2019-09-25 08:43:27,715 [LocalJobRunner Map Task Executor #0] INFO  mapred.LocalJobRunner (LocalJobRunner.java:run(277)) - Finishing task: attempt_local2017747317_0001_m_000006_0
2019-09-25 08:43:27,715 [LocalJobRunner Map Task Executor #0] INFO  mapred.LocalJobRunner (LocalJobRunner.java:run(252)) - Starting task: attempt_local2017747317_0001_m_000007_0
2019-09-25 08:43:27,732 [LocalJobRunner Map Task Executor #0] INFO  output.FileOutputCommitter (FileOutputCommitter.java:<init>(140)) - File Output Committer Algorithm version is 2
2019-09-25 08:43:27,732 [LocalJobRunner Map Task Executor #0] INFO  output.FileOutputCommitter (FileOutputCommitter.java:<init>(155)) - FileOutputCommitter skip cleanup _temporary folders under output directory:false, ignore cleanup failures: false
2019-09-25 08:43:27,733 [LocalJobRunner Map Task Executor #0] INFO  mapred.Task (Task.java:initialize(626)) -  Using ResourceCalculatorProcessTree : [ ]
2019-09-25 08:43:27,734 [LocalJobRunner Map Task Executor #0] INFO  mapred.MapTask (MapTask.java:runNewMapper(768)) - Processing split: file:/tmp/hadoop/mapred/staging/jenkins10001754387747/.staging/_distcp1947804364/fileList.seq:2806+262
2019-09-25 08:43:27,735 [LocalJobRunner Map Task Executor #0] INFO  output.FileOutputCommitter (FileOutputCommitter.java:<init>(140)) - File Output Committer Algorithm version is 2
2019-09-25 08:43:27,735 [LocalJobRunner Map Task Executor #0] INFO  output.FileOutputCommitter (FileOutputCommitter.java:<init>(155)) - FileOutputCommitter skip cleanup _temporary folders under output directory:false, ignore cleanup failures: false
2019-09-25 08:43:27,751 [LocalJobRunner Map Task Executor #0] INFO  mapred.CopyMapper (CopyMapper.java:map(154)) - Copying file:/workdir/hadoop-ozone/ozonefs/target/test-dir/ITestOzoneContractDistCp/testUpdateDeepDirectoryStructureNoChange/local/inputDir/subDir1 to o3fs://bucket14370.volume52055/test/ITestOzoneContractDistCp/testUpdateDeepDirectoryStructureNoChange/remote/outputDir/inputDir/subDir1
2019-09-25 08:43:27,760 [LocalJobRunner Map Task Executor #0] INFO  mapred.LocalJobRunner (LocalJobRunner.java:statusUpdate(634)) - 
2019-09-25 08:43:27,760 [LocalJobRunner Map Task Executor #0] INFO  mapred.Task (Task.java:done(1244)) - Task:attempt_local2017747317_0001_m_000007_0 is done. And is in the process of committing
2019-09-25 08:43:27,761 [LocalJobRunner Map Task Executor #0] INFO  mapred.LocalJobRunner (LocalJobRunner.java:statusUpdate(634)) - 
2019-09-25 08:43:27,761 [LocalJobRunner Map Task Executor #0] INFO  mapred.Task (Task.java:commit(1421)) - Task attempt_local2017747317_0001_m_000007_0 is allowed to commit now
2019-09-25 08:43:27,762 [LocalJobRunner Map Task Executor #0] INFO  output.FileOutputCommitter (FileOutputCommitter.java:commitTask(598)) - Saved output of task 'attempt_local2017747317_0001_m_000007_0' to file:/tmp/hadoop/mapred/staging/jenkins10001754387747/.staging/_distcp1947804364/_logs
2019-09-25 08:43:27,762 [LocalJobRunner Map Task Executor #0] INFO  mapred.LocalJobRunner (LocalJobRunner.java:statusUpdate(634)) - Copying file:/workdir/hadoop-ozone/ozonefs/target/test-dir/ITestOzoneContractDistCp/testUpdateDeepDirectoryStructureNoChange/local/inputDir/subDir1 to o3fs://bucket14370.volume52055/test/ITestOzoneContractDistCp/testUpdateDeepDirectoryStructureNoChange/remote/outputDir/inputDir/subDir1
2019-09-25 08:43:27,762 [LocalJobRunner Map Task Executor #0] INFO  mapred.Task (Task.java:sendDone(1380)) - Task 'attempt_local2017747317_0001_m_000007_0' done.
2019-09-25 08:43:27,763 [LocalJobRunner Map Task Executor #0] INFO  mapred.Task (Task.java:done(1276)) - Final Counters for attempt_local2017747317_0001_m_000007_0: Counters: 22
	File System Counters
		FILE: Number of bytes read=232843
		FILE: Number of bytes written=822269
		FILE: Number of read operations=0
		FILE: Number of large read operations=0
		FILE: Number of write operations=0
		O3FS: Number of bytes read=0
		O3FS: Number of bytes written=700
		O3FS: Number of read operations=41
		O3FS: Number of large read operations=0
		O3FS: Number of write operations=15
	Map-Reduce Framework
		Map input records=1
		Map output records=0
		Input split bytes=158
		Spilled Records=0
		Failed Shuffles=0
		Merged Map outputs=0
		GC time elapsed (ms)=0
		Total committed heap usage (bytes)=1340080128
	File Input Format Counters 
		Bytes Read=3124
	File Output Format Counters 
		Bytes Written=8
	DistCp Counters
		Bandwidth in Btyes=0
		DIR_COPY=1
2019-09-25 08:43:27,763 [LocalJobRunner Map Task Executor #0] INFO  mapred.LocalJobRunner (LocalJobRunner.java:run(277)) - Finishing task: attempt_local2017747317_0001_m_000007_0
2019-09-25 08:43:27,763 [Thread-281] INFO  mapred.LocalJobRunner (LocalJobRunner.java:runTasks(486)) - map task executor complete.
2019-09-25 08:43:27,797 [Thread-281] INFO  mapred.CopyCommitter (CopyCommitter.java:cleanup(189)) - Cleaning up temporary work folder: file:/tmp/hadoop/mapred/staging/jenkins10001754387747/.staging/_distcp1947804364
2019-09-25 08:43:27,799 [Thread-281] WARN  mapred.LocalJobRunner (LocalJobRunner.java:run(590)) - job_local2017747317_0001
java.lang.Exception: java.io.IOException: File copy failed: file:/workdir/hadoop-ozone/ozonefs/target/test-dir/ITestOzoneContractDistCp/testUpdateDeepDirectoryStructureNoChange/local/inputDir/file1 --> o3fs://bucket14370.volume52055/test/ITestOzoneContractDistCp/testUpdateDeepDirectoryStructureNoChange/remote/outputDir/inputDir/file1
	at org.apache.hadoop.mapred.LocalJobRunner$Job.runTasks(LocalJobRunner.java:492)
	at org.apache.hadoop.mapred.LocalJobRunner$Job.run(LocalJobRunner.java:552)
Caused by: java.io.IOException: File copy failed: file:/workdir/hadoop-ozone/ozonefs/target/test-dir/ITestOzoneContractDistCp/testUpdateDeepDirectoryStructureNoChange/local/inputDir/file1 --> o3fs://bucket14370.volume52055/test/ITestOzoneContractDistCp/testUpdateDeepDirectoryStructureNoChange/remote/outputDir/inputDir/file1
	at org.apache.hadoop.tools.mapred.CopyMapper.copyFileWithRetry(CopyMapper.java:259)
	at org.apache.hadoop.tools.mapred.CopyMapper.map(CopyMapper.java:217)
	at org.apache.hadoop.tools.mapred.CopyMapper.map(CopyMapper.java:48)
	at org.apache.hadoop.mapreduce.Mapper.run(Mapper.java:146)
	at org.apache.hadoop.mapred.MapTask.runNewMapper(MapTask.java:799)
	at org.apache.hadoop.mapred.MapTask.run(MapTask.java:347)
	at org.apache.hadoop.mapred.LocalJobRunner$Job$MapTaskRunnable.run(LocalJobRunner.java:271)
	at java.util.concurrent.Executors$RunnableAdapter.call(Executors.java:511)
	at java.util.concurrent.FutureTask.run(FutureTask.java:266)
	at java.util.concurrent.ThreadPoolExecutor.runWorker(ThreadPoolExecutor.java:1149)
	at java.util.concurrent.ThreadPoolExecutor$Worker.run(ThreadPoolExecutor.java:624)
	at java.lang.Thread.run(Thread.java:748)
Caused by: java.io.IOException: Couldn't run retriable-command: Copying file:/workdir/hadoop-ozone/ozonefs/target/test-dir/ITestOzoneContractDistCp/testUpdateDeepDirectoryStructureNoChange/local/inputDir/file1 to o3fs://bucket14370.volume52055/test/ITestOzoneContractDistCp/testUpdateDeepDirectoryStructureNoChange/remote/outputDir/inputDir/file1
	at org.apache.hadoop.tools.util.RetriableCommand.execute(RetriableCommand.java:101)
	at org.apache.hadoop.tools.mapred.CopyMapper.copyFileWithRetry(CopyMapper.java:256)
	... 11 more
Caused by: INTERNAL_ERROR org.apache.hadoop.ozone.om.exceptions.OMException: Allocated 0 blocks. Requested 1 blocks
	at org.apache.hadoop.ozone.om.protocolPB.OzoneManagerProtocolClientSideTranslatorPB.handleError(OzoneManagerProtocolClientSideTranslatorPB.java:732)
	at org.apache.hadoop.ozone.om.protocolPB.OzoneManagerProtocolClientSideTranslatorPB.createFile(OzoneManagerProtocolClientSideTranslatorPB.java:1536)
	at sun.reflect.NativeMethodAccessorImpl.invoke0(Native Method)
	at sun.reflect.NativeMethodAccessorImpl.invoke(NativeMethodAccessorImpl.java:62)
	at sun.reflect.DelegatingMethodAccessorImpl.invoke(DelegatingMethodAccessorImpl.java:43)
	at java.lang.reflect.Method.invoke(Method.java:498)
	at org.apache.hadoop.hdds.tracing.TraceAllMethod.invoke(TraceAllMethod.java:66)
	at com.sun.proxy.$Proxy41.createFile(Unknown Source)
	at org.apache.hadoop.ozone.client.rpc.RpcClient.createFile(RpcClient.java:1006)
	at org.apache.hadoop.ozone.client.OzoneBucket.createFile(OzoneBucket.java:537)
	at org.apache.hadoop.fs.ozone.BasicOzoneClientAdapterImpl.createFile(BasicOzoneClientAdapterImpl.java:205)
	at org.apache.hadoop.fs.ozone.BasicOzoneFileSystem.createOutputStream(BasicOzoneFileSystem.java:250)
	at org.apache.hadoop.fs.ozone.BasicOzoneFileSystem.create(BasicOzoneFileSystem.java:231)
	at org.apache.hadoop.fs.FileSystem.create(FileSystem.java:1195)
	at org.apache.hadoop.tools.mapred.RetriableFileCopyCommand.copyToFile(RetriableFileCopyCommand.java:184)
	at org.apache.hadoop.tools.mapred.RetriableFileCopyCommand.doCopy(RetriableFileCopyCommand.java:123)
	at org.apache.hadoop.tools.mapred.RetriableFileCopyCommand.doExecute(RetriableFileCopyCommand.java:99)
	at org.apache.hadoop.tools.util.RetriableCommand.execute(RetriableCommand.java:87)
	... 12 more
2019-09-25 08:43:27,927 [Thread-209] INFO  mapreduce.Job (Job.java:monitorAndPrintJob(1647)) -  map 100% reduce 0%
2019-09-25 08:43:27,928 [Thread-209] INFO  mapreduce.Job (Job.java:monitorAndPrintJob(1660)) - Job job_local2017747317_0001 failed with state FAILED due to: NA
2019-09-25 08:43:27,991 [Thread-209] INFO  mapreduce.Job (Job.java:monitorAndPrintJob(1665)) - Counters: 25
	File System Counters
		FILE: Number of bytes read=1757871
		FILE: Number of bytes written=6577936
		FILE: Number of read operations=0
		FILE: Number of large read operations=0
		FILE: Number of write operations=0
		O3FS: Number of bytes read=0
		O3FS: Number of bytes written=5100
		O3FS: Number of read operations=257
		O3FS: Number of large read operations=0
		O3FS: Number of write operations=115
	Map-Reduce Framework
		Map input records=9
		Map output records=0
		Input split bytes=1264
		Spilled Records=0
		Failed Shuffles=0
		Merged Map outputs=0
		GC time elapsed (ms)=0
		Total committed heap usage (bytes)=10720641024
	File Input Format Counters 
		Bytes Read=24992
	File Output Format Counters 
		Bytes Written=64
	DistCp Counters
		Bandwidth in Btyes=33
		Bytes Copied=700
		Bytes Expected=700
		Files Copied=2
		DIR_COPY=6
]]></system-out>
    <system-err><![CDATA[ERROR StatusLogger No Log4j 2 configuration file found. Using default configuration (logging only errors to the console), or user programmatically provided configurations. Set system property 'log4j2.debug' to show Log4j 2 internal initialization logging. See https://logging.apache.org/log4j/2.x/manual/configuration.html for instructions on how to configure Log4j 2
]]></system-err>
  </testcase>
  <testcase name="testTrackDeepDirectoryStructureToRemote" classname="org.apache.hadoop.fs.ozone.contract.ITestOzoneContractDistCp" time="7.405"/>
  <testcase name="largeFilesToRemote" classname="org.apache.hadoop.fs.ozone.contract.ITestOzoneContractDistCp" time="1.917"/>
  <testcase name="testLargeFilesFromRemote" classname="org.apache.hadoop.fs.ozone.contract.ITestOzoneContractDistCp" time="1.753"/>
  <testcase name="testUpdateDeepDirectoryStructureToRemote" classname="org.apache.hadoop.fs.ozone.contract.ITestOzoneContractDistCp" time="13.812"/>
  <testcase name="testDeepDirectoryStructureFromRemote" classname="org.apache.hadoop.fs.ozone.contract.ITestOzoneContractDistCp" time="27.853"/>
</testsuite>